<?xml version="1.0" encoding="UTF-8"?>
<testsuite xmlns:xsi="http://www.w3.org/2001/XMLSchema-instance" xsi:noNamespaceSchemaLocation="https://maven.apache.org/surefire/maven-surefire-plugin/xsd/surefire-test-report.xsd" name="org.apache.hadoop.hdds.scm.pipeline.TestNodeFailure" time="10.356" tests="1" errors="0" skipped="1" failures="0">
  <properties>
    <property name="awt.toolkit" value="sun.awt.X11.XToolkit"/>
    <property name="file.encoding.pkg" value="sun.io"/>
    <property name="java.specification.version" value="1.8"/>
    <property name="sun.cpu.isalist" value=""/>
    <property name="sun.jnu.encoding" value="UTF-8"/>
    <property name="java.class.path" value="/opt/src/hadoop-ozone/integration-test/target/test-classes:/opt/src/hadoop-ozone/integration-test/target/classes:/root/.m2/repository/org/apache/hadoop/hadoop-ozone-common/0.5.0-SNAPSHOT/hadoop-ozone-common-0.5.0-SNAPSHOT.jar:/root/.m2/repository/org/apache/commons/commons-compress/1.4.1/commons-compress-1.4.1.jar:/root/.m2/repository/org/tukaani/xz/1.0/xz-1.0.jar:/root/.m2/repository/org/apache/hadoop/hadoop-common/3.2.0/hadoop-common-3.2.0.jar:/root/.m2/repository/org/apache/hadoop/hadoop-hdfs/3.2.0/hadoop-hdfs-3.2.0.jar:/root/.m2/repository/org/apache/hadoop/hadoop-hdfs-client/3.2.0/hadoop-hdfs-client-3.2.0.jar:/root/.m2/repository/com/fasterxml/jackson/core/jackson-annotations/2.9.5/jackson-annotations-2.9.5.jar:/root/.m2/repository/org/apache/hadoop/hadoop-hdds-common/0.5.0-SNAPSHOT/hadoop-hdds-common-0.5.0-SNAPSHOT.jar:/root/.m2/repository/javax/annotation/javax.annotation-api/1.2/javax.annotation-api-1.2.jar:/root/.m2/repository/org/apache/ratis/ratis-server/0.4.0-fe2b15d-SNAPSHOT/ratis-server-0.4.0-fe2b15d-SNAPSHOT.jar:/root/.m2/repository/org/apache/ratis/ratis-thirdparty-misc/0.2.0/ratis-thirdparty-misc-0.2.0.jar:/root/.m2/repository/org/apache/ratis/ratis-proto/0.4.0-fe2b15d-SNAPSHOT/ratis-proto-0.4.0-fe2b15d-SNAPSHOT.jar:/root/.m2/repository/org/apache/ratis/ratis-common/0.4.0-fe2b15d-SNAPSHOT/ratis-common-0.4.0-fe2b15d-SNAPSHOT.jar:/root/.m2/repository/org/apache/ratis/ratis-client/0.4.0-fe2b15d-SNAPSHOT/ratis-client-0.4.0-fe2b15d-SNAPSHOT.jar:/root/.m2/repository/org/apache/ratis/ratis-netty/0.4.0-fe2b15d-SNAPSHOT/ratis-netty-0.4.0-fe2b15d-SNAPSHOT.jar:/root/.m2/repository/org/apache/ratis/ratis-grpc/0.4.0-fe2b15d-SNAPSHOT/ratis-grpc-0.4.0-fe2b15d-SNAPSHOT.jar:/root/.m2/repository/org/rocksdb/rocksdbjni/5.14.2/rocksdbjni-5.14.2.jar:/root/.m2/repository/org/apache/logging/log4j/log4j-api/2.11.0/log4j-api-2.11.0.jar:/root/.m2/repository/org/apache/logging/log4j/log4j-core/2.11.0/log4j-core-2.11.0.jar:/root/.m2/repository/com/lmax/disruptor/3.4.2/disruptor-3.4.2.jar:/root/.m2/repository/org/apache/commons/commons-pool2/2.6.0/commons-pool2-2.6.0.jar:/root/.m2/repository/org/bouncycastle/bcpkix-jdk15on/1.60/bcpkix-jdk15on-1.60.jar:/root/.m2/repository/commons-validator/commons-validator/1.6/commons-validator-1.6.jar:/root/.m2/repository/commons-digester/commons-digester/1.8.1/commons-digester-1.8.1.jar:/root/.m2/repository/io/jaegertracing/jaeger-client/0.33.1/jaeger-client-0.33.1.jar:/root/.m2/repository/io/jaegertracing/jaeger-thrift/0.33.1/jaeger-thrift-0.33.1.jar:/root/.m2/repository/org/apache/thrift/libthrift/0.11.0/libthrift-0.11.0.jar:/root/.m2/repository/com/squareup/okhttp3/okhttp/3.9.0/okhttp-3.9.0.jar:/root/.m2/repository/com/squareup/okio/okio/1.13.0/okio-1.13.0.jar:/root/.m2/repository/io/jaegertracing/jaeger-core/0.33.1/jaeger-core-0.33.1.jar:/root/.m2/repository/io/jaegertracing/jaeger-tracerresolver/0.33.1/jaeger-tracerresolver-0.33.1.jar:/root/.m2/repository/io/opentracing/contrib/opentracing-tracerresolver/0.1.5/opentracing-tracerresolver-0.1.5.jar:/root/.m2/repository/io/opentracing/opentracing-util/0.31.0/opentracing-util-0.31.0.jar:/root/.m2/repository/io/opentracing/opentracing-api/0.31.0/opentracing-api-0.31.0.jar:/root/.m2/repository/io/opentracing/opentracing-noop/0.31.0/opentracing-noop-0.31.0.jar:/root/.m2/repository/org/apache/hadoop/hadoop-hdds-server-framework/0.5.0-SNAPSHOT/hadoop-hdds-server-framework-0.5.0-SNAPSHOT.jar:/root/.m2/repository/org/apache/hadoop/hadoop-hdds-server-scm/0.5.0-SNAPSHOT/hadoop-hdds-server-scm-0.5.0-SNAPSHOT.jar:/root/.m2/repository/org/apache/hadoop/hadoop-hdds-container-service/0.5.0-SNAPSHOT/hadoop-hdds-container-service-0.5.0-SNAPSHOT.jar:/root/.m2/repository/org/apache/hadoop/hadoop-hdds-client/0.5.0-SNAPSHOT/hadoop-hdds-client-0.5.0-SNAPSHOT.jar:/root/.m2/repository/org/apache/hadoop/hadoop-hdds-tools/0.5.0-SNAPSHOT/hadoop-hdds-tools-0.5.0-SNAPSHOT.jar:/root/.m2/repository/org/apache/hadoop/hadoop-ozone-ozone-manager/0.5.0-SNAPSHOT/hadoop-ozone-ozone-manager-0.5.0-SNAPSHOT.jar:/root/.m2/repository/org/apache/hadoop/hadoop-hdds-docs/0.5.0-SNAPSHOT/hadoop-hdds-docs-0.5.0-SNAPSHOT.jar:/root/.m2/repository/org/bouncycastle/bcprov-jdk15on/1.60/bcprov-jdk15on-1.60.jar:/root/.m2/repository/org/apache/hadoop/hadoop-minikdc/3.2.0/hadoop-minikdc-3.2.0.jar:/root/.m2/repository/commons-io/commons-io/2.5/commons-io-2.5.jar:/root/.m2/repository/org/apache/kerby/kerb-simplekdc/1.0.1/kerb-simplekdc-1.0.1.jar:/root/.m2/repository/org/apache/kerby/kerb-client/1.0.1/kerb-client-1.0.1.jar:/root/.m2/repository/org/apache/kerby/kerby-config/1.0.1/kerby-config-1.0.1.jar:/root/.m2/repository/org/apache/kerby/kerb-core/1.0.1/kerb-core-1.0.1.jar:/root/.m2/repository/org/apache/kerby/kerby-pkix/1.0.1/kerby-pkix-1.0.1.jar:/root/.m2/repository/org/apache/kerby/kerby-asn1/1.0.1/kerby-asn1-1.0.1.jar:/root/.m2/repository/org/apache/kerby/kerby-util/1.0.1/kerby-util-1.0.1.jar:/root/.m2/repository/org/apache/kerby/kerb-common/1.0.1/kerb-common-1.0.1.jar:/root/.m2/repository/org/apache/kerby/kerb-crypto/1.0.1/kerb-crypto-1.0.1.jar:/root/.m2/repository/org/apache/kerby/kerb-util/1.0.1/kerb-util-1.0.1.jar:/root/.m2/repository/org/apache/kerby/token-provider/1.0.1/token-provider-1.0.1.jar:/root/.m2/repository/org/apache/kerby/kerb-admin/1.0.1/kerb-admin-1.0.1.jar:/root/.m2/repository/org/apache/kerby/kerb-server/1.0.1/kerb-server-1.0.1.jar:/root/.m2/repository/org/apache/kerby/kerb-identity/1.0.1/kerb-identity-1.0.1.jar:/root/.m2/repository/org/apache/kerby/kerby-xdr/1.0.1/kerby-xdr-1.0.1.jar:/root/.m2/repository/org/slf4j/slf4j-log4j12/1.7.25/slf4j-log4j12-1.7.25.jar:/root/.m2/repository/org/apache/hadoop/hadoop-ozone-objectstore-service/0.5.0-SNAPSHOT/hadoop-ozone-objectstore-service-0.5.0-SNAPSHOT.jar:/root/.m2/repository/org/apache/hadoop/hadoop-ozone-s3gateway/0.5.0-SNAPSHOT/hadoop-ozone-s3gateway-0.5.0-SNAPSHOT.jar:/root/.m2/repository/org/jboss/weld/servlet/weld-servlet/2.4.7.Final/weld-servlet-2.4.7.Final.jar:/root/.m2/repository/org/glassfish/jersey/containers/jersey-container-servlet-core/2.27/jersey-container-servlet-core-2.27.jar:/root/.m2/repository/org/glassfish/hk2/external/javax.inject/2.5.0-b42/javax.inject-2.5.0-b42.jar:/root/.m2/repository/org/glassfish/jersey/core/jersey-common/2.27/jersey-common-2.27.jar:/root/.m2/repository/org/glassfish/hk2/osgi-resource-locator/1.0.1/osgi-resource-locator-1.0.1.jar:/root/.m2/repository/javax/ws/rs/javax.ws.rs-api/2.1/javax.ws.rs-api-2.1.jar:/root/.m2/repository/org/glassfish/jersey/ext/cdi/jersey-cdi1x/2.27/jersey-cdi1x-2.27.jar:/root/.m2/repository/org/glassfish/jersey/inject/jersey-hk2/2.27/jersey-hk2-2.27.jar:/root/.m2/repository/org/glassfish/hk2/hk2-locator/2.5.0-b42/hk2-locator-2.5.0-b42.jar:/root/.m2/repository/org/javassist/javassist/3.22.0-CR2/javassist-3.22.0-CR2.jar:/root/.m2/repository/org/glassfish/hk2/hk2-api/2.5.0/hk2-api-2.5.0.jar:/root/.m2/repository/org/glassfish/hk2/external/jakarta.inject/2.5.0/jakarta.inject-2.5.0.jar:/root/.m2/repository/org/glassfish/hk2/hk2-utils/2.5.0/hk2-utils-2.5.0.jar:/root/.m2/repository/jakarta/annotation/jakarta.annotation-api/1.3.4/jakarta.annotation-api-1.3.4.jar:/root/.m2/repository/org/glassfish/hk2/external/aopalliance-repackaged/2.5.0/aopalliance-repackaged-2.5.0.jar:/root/.m2/repository/com/fasterxml/jackson/dataformat/jackson-dataformat-xml/2.9.0/jackson-dataformat-xml-2.9.0.jar:/root/.m2/repository/com/fasterxml/jackson/core/jackson-core/2.9.5/jackson-core-2.9.5.jar:/root/.m2/repository/com/fasterxml/jackson/module/jackson-module-jaxb-annotations/2.9.5/jackson-module-jaxb-annotations-2.9.5.jar:/root/.m2/repository/javax/enterprise/cdi-api/1.2/cdi-api-1.2.jar:/root/.m2/repository/javax/el/javax.el-api/3.0.0/javax.el-api-3.0.0.jar:/root/.m2/repository/javax/interceptor/javax.interceptor-api/1.2/javax.interceptor-api-1.2.jar:/root/.m2/repository/javax/inject/javax.inject/1/javax.inject-1.jar:/root/.m2/repository/com/sun/xml/bind/jaxb-impl/2.3.0.1/jaxb-impl-2.3.0.1.jar:/root/.m2/repository/com/sun/xml/bind/jaxb-core/2.3.0.1/jaxb-core-2.3.0.1.jar:/root/.m2/repository/javax/xml/bind/jaxb-api/2.3.0/jaxb-api-2.3.0.jar:/root/.m2/repository/javax/activation/activation/1.1.1/activation-1.1.1.jar:/root/.m2/repository/org/apache/hadoop/hadoop-ozone-csi/0.5.0-SNAPSHOT/hadoop-ozone-csi-0.5.0-SNAPSHOT.jar:/root/.m2/repository/com/google/protobuf/protobuf-java-util/3.5.1/protobuf-java-util-3.5.1.jar:/root/.m2/repository/org/apache/hadoop/hadoop-hdds-config/0.5.0-SNAPSHOT/hadoop-hdds-config-0.5.0-SNAPSHOT.jar:/root/.m2/repository/com/google/guava/guava/11.0.2/guava-11.0.2.jar:/root/.m2/repository/com/google/protobuf/protobuf-java/2.5.0/protobuf-java-2.5.0.jar:/root/.m2/repository/io/grpc/grpc-netty/1.17.1/grpc-netty-1.17.1.jar:/root/.m2/repository/io/grpc/grpc-core/1.17.1/grpc-core-1.17.1.jar:/root/.m2/repository/io/grpc/grpc-context/1.17.1/grpc-context-1.17.1.jar:/root/.m2/repository/com/google/errorprone/error_prone_annotations/2.2.0/error_prone_annotations-2.2.0.jar:/root/.m2/repository/org/codehaus/mojo/animal-sniffer-annotations/1.17/animal-sniffer-annotations-1.17.jar:/root/.m2/repository/io/opencensus/opencensus-api/0.17.0/opencensus-api-0.17.0.jar:/root/.m2/repository/io/opencensus/opencensus-contrib-grpc-metrics/0.17.0/opencensus-contrib-grpc-metrics-0.17.0.jar:/root/.m2/repository/io/netty/netty-codec-http2/4.1.30.Final/netty-codec-http2-4.1.30.Final.jar:/root/.m2/repository/io/netty/netty-codec-http/4.1.30.Final/netty-codec-http-4.1.30.Final.jar:/root/.m2/repository/io/netty/netty-codec/4.1.30.Final/netty-codec-4.1.30.Final.jar:/root/.m2/repository/io/netty/netty-handler/4.1.30.Final/netty-handler-4.1.30.Final.jar:/root/.m2/repository/io/netty/netty-handler-proxy/4.1.30.Final/netty-handler-proxy-4.1.30.Final.jar:/root/.m2/repository/io/netty/netty-codec-socks/4.1.30.Final/netty-codec-socks-4.1.30.Final.jar:/root/.m2/repository/io/netty/netty-transport-native-epoll/4.1.30.Final/netty-transport-native-epoll-4.1.30.Final.jar:/root/.m2/repository/io/netty/netty-common/4.1.30.Final/netty-common-4.1.30.Final.jar:/root/.m2/repository/io/netty/netty-buffer/4.1.30.Final/netty-buffer-4.1.30.Final.jar:/root/.m2/repository/io/netty/netty-transport/4.1.30.Final/netty-transport-4.1.30.Final.jar:/root/.m2/repository/io/netty/netty-resolver/4.1.30.Final/netty-resolver-4.1.30.Final.jar:/root/.m2/repository/io/netty/netty-transport-native-unix-common/4.1.30.Final/netty-transport-native-unix-common-4.1.30.Final.jar:/root/.m2/repository/io/grpc/grpc-protobuf/1.17.1/grpc-protobuf-1.17.1.jar:/root/.m2/repository/com/google/api/grpc/proto-google-common-protos/1.0.0/proto-google-common-protos-1.0.0.jar:/root/.m2/repository/io/grpc/grpc-protobuf-lite/1.17.1/grpc-protobuf-lite-1.17.1.jar:/root/.m2/repository/io/grpc/grpc-stub/1.17.1/grpc-stub-1.17.1.jar:/root/.m2/repository/org/apache/hadoop/hadoop-ozone-recon/0.5.0-SNAPSHOT/hadoop-ozone-recon-0.5.0-SNAPSHOT.jar:/root/.m2/repository/org/apache/hadoop/hadoop-ozone-reconcodegen/0.5.0-SNAPSHOT/hadoop-ozone-reconcodegen-0.5.0-SNAPSHOT.jar:/root/.m2/repository/com/google/inject/extensions/guice-multibindings/4.0/guice-multibindings-4.0.jar:/root/.m2/repository/com/google/inject/guice/4.0/guice-4.0.jar:/root/.m2/repository/aopalliance/aopalliance/1.0/aopalliance-1.0.jar:/root/.m2/repository/com/google/inject/extensions/guice-servlet/4.0/guice-servlet-4.0.jar:/root/.m2/repository/org/glassfish/jersey/containers/jersey-container-servlet/2.27/jersey-container-servlet-2.27.jar:/root/.m2/repository/org/glassfish/hk2/guice-bridge/2.5.0/guice-bridge-2.5.0.jar:/root/.m2/repository/org/glassfish/jersey/core/jersey-server/2.27/jersey-server-2.27.jar:/root/.m2/repository/org/glassfish/jersey/core/jersey-client/2.27/jersey-client-2.27.jar:/root/.m2/repository/org/glassfish/jersey/media/jersey-media-jaxb/2.27/jersey-media-jaxb-2.27.jar:/root/.m2/repository/javax/validation/validation-api/1.1.0.Final/validation-api-1.1.0.Final.jar:/root/.m2/repository/org/glassfish/jersey/media/jersey-media-json-jackson/2.27/jersey-media-json-jackson-2.27.jar:/root/.m2/repository/org/glassfish/jersey/ext/jersey-entity-filtering/2.27/jersey-entity-filtering-2.27.jar:/root/.m2/repository/com/google/inject/extensions/guice-assistedinject/4.0/guice-assistedinject-4.0.jar:/root/.m2/repository/org/jooq/jooq/3.11.10/jooq-3.11.10.jar:/root/.m2/repository/org/jooq/jooq-meta/3.11.10/jooq-meta-3.11.10.jar:/root/.m2/repository/org/jooq/jooq-codegen/3.11.10/jooq-codegen-3.11.10.jar:/root/.m2/repository/com/jolbox/bonecp/0.8.0.RELEASE/bonecp-0.8.0.RELEASE.jar:/root/.m2/repository/org/xerial/sqlite-jdbc/3.25.2/sqlite-jdbc-3.25.2.jar:/root/.m2/repository/org/springframework/spring-jdbc/5.1.3.RELEASE/spring-jdbc-5.1.3.RELEASE.jar:/root/.m2/repository/org/springframework/spring-beans/5.1.3.RELEASE/spring-beans-5.1.3.RELEASE.jar:/root/.m2/repository/org/springframework/spring-core/5.1.3.RELEASE/spring-core-5.1.3.RELEASE.jar:/root/.m2/repository/org/springframework/spring-jcl/5.1.3.RELEASE/spring-jcl-5.1.3.RELEASE.jar:/root/.m2/repository/org/springframework/spring-tx/5.1.3.RELEASE/spring-tx-5.1.3.RELEASE.jar:/root/.m2/repository/org/apache/hadoop/hadoop-ozone-client/0.5.0-SNAPSHOT/hadoop-ozone-client-0.5.0-SNAPSHOT.jar:/root/.m2/repository/org/apache/hadoop/hadoop-ozone-ozone-manager/0.5.0-SNAPSHOT/hadoop-ozone-ozone-manager-0.5.0-SNAPSHOT-tests.jar:/root/.m2/repository/junit/junit/4.11/junit-4.11.jar:/root/.m2/repository/org/hamcrest/hamcrest-core/1.3/hamcrest-core-1.3.jar:/root/.m2/repository/org/openjdk/jmh/jmh-core/1.19/jmh-core-1.19.jar:/root/.m2/repository/net/sf/jopt-simple/jopt-simple/4.6/jopt-simple-4.6.jar:/root/.m2/repository/org/apache/commons/commons-math3/3.1.1/commons-math3-3.1.1.jar:/root/.m2/repository/org/openjdk/jmh/jmh-generator-annprocess/1.19/jmh-generator-annprocess-1.19.jar:/root/.m2/repository/org/mockito/mockito-all/1.8.5/mockito-all-1.8.5.jar:/root/.m2/repository/org/apache/hadoop/hadoop-kms/3.2.0/hadoop-kms-3.2.0.jar:/root/.m2/repository/org/apache/hadoop/hadoop-auth/3.2.0/hadoop-auth-3.2.0.jar:/root/.m2/repository/com/nimbusds/nimbus-jose-jwt/4.41.1/nimbus-jose-jwt-4.41.1.jar:/root/.m2/repository/com/github/stephenc/jcip/jcip-annotations/1.0-1/jcip-annotations-1.0-1.jar:/root/.m2/repository/net/minidev/json-smart/2.3/json-smart-2.3.jar:/root/.m2/repository/net/minidev/accessors-smart/1.2/accessors-smart-1.2.jar:/root/.m2/repository/org/ow2/asm/asm/5.0.4/asm-5.0.4.jar:/root/.m2/repository/org/apache/curator/curator-framework/2.12.0/curator-framework-2.12.0.jar:/root/.m2/repository/com/sun/jersey/jersey-core/1.19/jersey-core-1.19.jar:/root/.m2/repository/javax/ws/rs/jsr311-api/1.1.1/jsr311-api-1.1.1.jar:/root/.m2/repository/com/sun/jersey/jersey-server/1.19/jersey-server-1.19.jar:/root/.m2/repository/javax/servlet/javax.servlet-api/3.1.0/javax.servlet-api-3.1.0.jar:/root/.m2/repository/org/eclipse/jetty/jetty-server/9.3.24.v20180605/jetty-server-9.3.24.v20180605.jar:/root/.m2/repository/org/eclipse/jetty/jetty-http/9.3.24.v20180605/jetty-http-9.3.24.v20180605.jar:/root/.m2/repository/org/eclipse/jetty/jetty-io/9.3.24.v20180605/jetty-io-9.3.24.v20180605.jar:/root/.m2/repository/org/eclipse/jetty/jetty-webapp/9.3.24.v20180605/jetty-webapp-9.3.24.v20180605.jar:/root/.m2/repository/org/eclipse/jetty/jetty-xml/9.3.24.v20180605/jetty-xml-9.3.24.v20180605.jar:/root/.m2/repository/log4j/log4j/1.2.17/log4j-1.2.17.jar:/root/.m2/repository/org/slf4j/slf4j-api/1.7.25/slf4j-api-1.7.25.jar:/root/.m2/repository/org/slf4j/jul-to-slf4j/1.7.25/jul-to-slf4j-1.7.25.jar:/root/.m2/repository/org/eclipse/jetty/jetty-util/9.3.24.v20180605/jetty-util-9.3.24.v20180605.jar:/root/.m2/repository/io/dropwizard/metrics/metrics-core/3.2.4/metrics-core-3.2.4.jar:/root/.m2/repository/com/fasterxml/jackson/core/jackson-databind/2.9.5/jackson-databind-2.9.5.jar:/root/.m2/repository/org/apache/hadoop/hadoop-kms/3.2.0/hadoop-kms-3.2.0-tests.jar:/root/.m2/repository/org/apache/hadoop/hadoop-hdds-server-scm/0.5.0-SNAPSHOT/hadoop-hdds-server-scm-0.5.0-SNAPSHOT-tests.jar:/root/.m2/repository/org/hamcrest/hamcrest-all/1.3/hamcrest-all-1.3.jar:/root/.m2/repository/info/picocli/picocli/3.9.6/picocli-3.9.6.jar:/root/.m2/repository/org/apache/hadoop/hadoop-hdds-container-service/0.5.0-SNAPSHOT/hadoop-hdds-container-service-0.5.0-SNAPSHOT-tests.jar:/root/.m2/repository/org/yaml/snakeyaml/1.16/snakeyaml-1.16.jar:/root/.m2/repository/org/apache/hadoop/hadoop-common/3.2.0/hadoop-common-3.2.0-tests.jar:/root/.m2/repository/org/apache/hadoop/hadoop-annotations/3.2.0/hadoop-annotations-3.2.0.jar:/usr/lib/jvm/java-1.8-openjdk/jre/../lib/tools.jar:/root/.m2/repository/commons-cli/commons-cli/1.2/commons-cli-1.2.jar:/root/.m2/repository/org/apache/httpcomponents/httpclient/4.5.2/httpclient-4.5.2.jar:/root/.m2/repository/org/apache/httpcomponents/httpcore/4.4.4/httpcore-4.4.4.jar:/root/.m2/repository/commons-codec/commons-codec/1.11/commons-codec-1.11.jar:/root/.m2/repository/commons-net/commons-net/3.6/commons-net-3.6.jar:/root/.m2/repository/commons-collections/commons-collections/3.2.2/commons-collections-3.2.2.jar:/root/.m2/repository/org/eclipse/jetty/jetty-servlet/9.3.24.v20180605/jetty-servlet-9.3.24.v20180605.jar:/root/.m2/repository/org/eclipse/jetty/jetty-security/9.3.24.v20180605/jetty-security-9.3.24.v20180605.jar:/root/.m2/repository/javax/servlet/jsp/jsp-api/2.1/jsp-api-2.1.jar:/root/.m2/repository/com/sun/jersey/jersey-servlet/1.19/jersey-servlet-1.19.jar:/root/.m2/repository/com/sun/jersey/jersey-json/1.19/jersey-json-1.19.jar:/root/.m2/repository/org/codehaus/jettison/jettison/1.1/jettison-1.1.jar:/root/.m2/repository/org/codehaus/jackson/jackson-core-asl/1.9.13/jackson-core-asl-1.9.13.jar:/root/.m2/repository/org/codehaus/jackson/jackson-mapper-asl/1.9.13/jackson-mapper-asl-1.9.13.jar:/root/.m2/repository/org/codehaus/jackson/jackson-jaxrs/1.9.13/jackson-jaxrs-1.9.13.jar:/root/.m2/repository/org/codehaus/jackson/jackson-xc/1.9.13/jackson-xc-1.9.13.jar:/root/.m2/repository/commons-logging/commons-logging/1.1.3/commons-logging-1.1.3.jar:/root/.m2/repository/commons-beanutils/commons-beanutils/1.9.3/commons-beanutils-1.9.3.jar:/root/.m2/repository/org/apache/commons/commons-configuration2/2.1.1/commons-configuration2-2.1.1.jar:/root/.m2/repository/org/apache/commons/commons-lang3/3.7/commons-lang3-3.7.jar:/root/.m2/repository/org/apache/commons/commons-text/1.4/commons-text-1.4.jar:/root/.m2/repository/org/apache/avro/avro/1.7.7/avro-1.7.7.jar:/root/.m2/repository/com/thoughtworks/paranamer/paranamer/2.3/paranamer-2.3.jar:/root/.m2/repository/org/xerial/snappy/snappy-java/1.0.5/snappy-java-1.0.5.jar:/root/.m2/repository/com/google/re2j/re2j/1.1/re2j-1.1.jar:/root/.m2/repository/com/google/code/gson/gson/2.2.4/gson-2.2.4.jar:/root/.m2/repository/com/jcraft/jsch/0.1.54/jsch-0.1.54.jar:/root/.m2/repository/org/apache/curator/curator-client/2.12.0/curator-client-2.12.0.jar:/root/.m2/repository/org/apache/curator/curator-recipes/2.12.0/curator-recipes-2.12.0.jar:/root/.m2/repository/com/google/code/findbugs/jsr305/3.0.0/jsr305-3.0.0.jar:/root/.m2/repository/org/apache/htrace/htrace-core4/4.1.0-incubating/htrace-core4-4.1.0-incubating.jar:/root/.m2/repository/org/apache/zookeeper/zookeeper/3.4.13/zookeeper-3.4.13.jar:/root/.m2/repository/org/apache/yetus/audience-annotations/0.5.0/audience-annotations-0.5.0.jar:/root/.m2/repository/org/codehaus/woodstox/stax2-api/3.1.4/stax2-api-3.1.4.jar:/root/.m2/repository/com/fasterxml/woodstox/woodstox-core/5.0.3/woodstox-core-5.0.3.jar:/root/.m2/repository/dnsjava/dnsjava/2.1.7/dnsjava-2.1.7.jar:/root/.m2/repository/org/apache/hadoop/hadoop-hdfs/3.2.0/hadoop-hdfs-3.2.0-tests.jar:/root/.m2/repository/org/eclipse/jetty/jetty-util-ajax/9.3.24.v20180605/jetty-util-ajax-9.3.24.v20180605.jar:/root/.m2/repository/commons-daemon/commons-daemon/1.0.13/commons-daemon-1.0.13.jar:/root/.m2/repository/io/netty/netty/3.10.5.Final/netty-3.10.5.Final.jar:/root/.m2/repository/io/netty/netty-all/4.0.52.Final/netty-all-4.0.52.Final.jar:/root/.m2/repository/org/fusesource/leveldbjni/leveldbjni-all/1.8/leveldbjni-all-1.8.jar:"/>
    <property name="java.vm.vendor" value="IcedTea"/>
    <property name="sun.arch.data.model" value="64"/>
    <property name="test.build.dir" value="/opt/src/hadoop-ozone/integration-test/target/test-dir"/>
    <property name="test.cache.data" value=""/>
    <property name="java.vendor.url" value="https://icedtea.classpath.org"/>
    <property name="user.timezone" value=""/>
    <property name="java.vm.specification.version" value="1.8"/>
    <property name="os.name" value="Linux"/>
    <property name="test.build.data" value="/opt/src/hadoop-ozone/integration-test/target/test-dir"/>
    <property name="user.country" value="US"/>
    <property name="sun.java.launcher" value="SUN_STANDARD"/>
    <property name="sun.boot.library.path" value="/usr/lib/jvm/java-1.8-openjdk/jre/lib/amd64"/>
    <property name="sun.java.command" value="/opt/src/hadoop-ozone/integration-test/target/surefire/surefirebooter5362881415827214644.jar /opt/src/hadoop-ozone/integration-test/target/surefire 2019-06-14T12-41-34_568-jvmRun1 surefire7959469814848624373tmp surefire_87663830396620725430tmp"/>
    <property name="surefire.test.class.path" value="/opt/src/hadoop-ozone/integration-test/target/test-classes:/opt/src/hadoop-ozone/integration-test/target/classes:/root/.m2/repository/org/apache/hadoop/hadoop-ozone-common/0.5.0-SNAPSHOT/hadoop-ozone-common-0.5.0-SNAPSHOT.jar:/root/.m2/repository/org/apache/commons/commons-compress/1.4.1/commons-compress-1.4.1.jar:/root/.m2/repository/org/tukaani/xz/1.0/xz-1.0.jar:/root/.m2/repository/org/apache/hadoop/hadoop-common/3.2.0/hadoop-common-3.2.0.jar:/root/.m2/repository/org/apache/hadoop/hadoop-hdfs/3.2.0/hadoop-hdfs-3.2.0.jar:/root/.m2/repository/org/apache/hadoop/hadoop-hdfs-client/3.2.0/hadoop-hdfs-client-3.2.0.jar:/root/.m2/repository/com/fasterxml/jackson/core/jackson-annotations/2.9.5/jackson-annotations-2.9.5.jar:/root/.m2/repository/org/apache/hadoop/hadoop-hdds-common/0.5.0-SNAPSHOT/hadoop-hdds-common-0.5.0-SNAPSHOT.jar:/root/.m2/repository/javax/annotation/javax.annotation-api/1.2/javax.annotation-api-1.2.jar:/root/.m2/repository/org/apache/ratis/ratis-server/0.4.0-fe2b15d-SNAPSHOT/ratis-server-0.4.0-fe2b15d-SNAPSHOT.jar:/root/.m2/repository/org/apache/ratis/ratis-thirdparty-misc/0.2.0/ratis-thirdparty-misc-0.2.0.jar:/root/.m2/repository/org/apache/ratis/ratis-proto/0.4.0-fe2b15d-SNAPSHOT/ratis-proto-0.4.0-fe2b15d-SNAPSHOT.jar:/root/.m2/repository/org/apache/ratis/ratis-common/0.4.0-fe2b15d-SNAPSHOT/ratis-common-0.4.0-fe2b15d-SNAPSHOT.jar:/root/.m2/repository/org/apache/ratis/ratis-client/0.4.0-fe2b15d-SNAPSHOT/ratis-client-0.4.0-fe2b15d-SNAPSHOT.jar:/root/.m2/repository/org/apache/ratis/ratis-netty/0.4.0-fe2b15d-SNAPSHOT/ratis-netty-0.4.0-fe2b15d-SNAPSHOT.jar:/root/.m2/repository/org/apache/ratis/ratis-grpc/0.4.0-fe2b15d-SNAPSHOT/ratis-grpc-0.4.0-fe2b15d-SNAPSHOT.jar:/root/.m2/repository/org/rocksdb/rocksdbjni/5.14.2/rocksdbjni-5.14.2.jar:/root/.m2/repository/org/apache/logging/log4j/log4j-api/2.11.0/log4j-api-2.11.0.jar:/root/.m2/repository/org/apache/logging/log4j/log4j-core/2.11.0/log4j-core-2.11.0.jar:/root/.m2/repository/com/lmax/disruptor/3.4.2/disruptor-3.4.2.jar:/root/.m2/repository/org/apache/commons/commons-pool2/2.6.0/commons-pool2-2.6.0.jar:/root/.m2/repository/org/bouncycastle/bcpkix-jdk15on/1.60/bcpkix-jdk15on-1.60.jar:/root/.m2/repository/commons-validator/commons-validator/1.6/commons-validator-1.6.jar:/root/.m2/repository/commons-digester/commons-digester/1.8.1/commons-digester-1.8.1.jar:/root/.m2/repository/io/jaegertracing/jaeger-client/0.33.1/jaeger-client-0.33.1.jar:/root/.m2/repository/io/jaegertracing/jaeger-thrift/0.33.1/jaeger-thrift-0.33.1.jar:/root/.m2/repository/org/apache/thrift/libthrift/0.11.0/libthrift-0.11.0.jar:/root/.m2/repository/com/squareup/okhttp3/okhttp/3.9.0/okhttp-3.9.0.jar:/root/.m2/repository/com/squareup/okio/okio/1.13.0/okio-1.13.0.jar:/root/.m2/repository/io/jaegertracing/jaeger-core/0.33.1/jaeger-core-0.33.1.jar:/root/.m2/repository/io/jaegertracing/jaeger-tracerresolver/0.33.1/jaeger-tracerresolver-0.33.1.jar:/root/.m2/repository/io/opentracing/contrib/opentracing-tracerresolver/0.1.5/opentracing-tracerresolver-0.1.5.jar:/root/.m2/repository/io/opentracing/opentracing-util/0.31.0/opentracing-util-0.31.0.jar:/root/.m2/repository/io/opentracing/opentracing-api/0.31.0/opentracing-api-0.31.0.jar:/root/.m2/repository/io/opentracing/opentracing-noop/0.31.0/opentracing-noop-0.31.0.jar:/root/.m2/repository/org/apache/hadoop/hadoop-hdds-server-framework/0.5.0-SNAPSHOT/hadoop-hdds-server-framework-0.5.0-SNAPSHOT.jar:/root/.m2/repository/org/apache/hadoop/hadoop-hdds-server-scm/0.5.0-SNAPSHOT/hadoop-hdds-server-scm-0.5.0-SNAPSHOT.jar:/root/.m2/repository/org/apache/hadoop/hadoop-hdds-container-service/0.5.0-SNAPSHOT/hadoop-hdds-container-service-0.5.0-SNAPSHOT.jar:/root/.m2/repository/org/apache/hadoop/hadoop-hdds-client/0.5.0-SNAPSHOT/hadoop-hdds-client-0.5.0-SNAPSHOT.jar:/root/.m2/repository/org/apache/hadoop/hadoop-hdds-tools/0.5.0-SNAPSHOT/hadoop-hdds-tools-0.5.0-SNAPSHOT.jar:/root/.m2/repository/org/apache/hadoop/hadoop-ozone-ozone-manager/0.5.0-SNAPSHOT/hadoop-ozone-ozone-manager-0.5.0-SNAPSHOT.jar:/root/.m2/repository/org/apache/hadoop/hadoop-hdds-docs/0.5.0-SNAPSHOT/hadoop-hdds-docs-0.5.0-SNAPSHOT.jar:/root/.m2/repository/org/bouncycastle/bcprov-jdk15on/1.60/bcprov-jdk15on-1.60.jar:/root/.m2/repository/org/apache/hadoop/hadoop-minikdc/3.2.0/hadoop-minikdc-3.2.0.jar:/root/.m2/repository/commons-io/commons-io/2.5/commons-io-2.5.jar:/root/.m2/repository/org/apache/kerby/kerb-simplekdc/1.0.1/kerb-simplekdc-1.0.1.jar:/root/.m2/repository/org/apache/kerby/kerb-client/1.0.1/kerb-client-1.0.1.jar:/root/.m2/repository/org/apache/kerby/kerby-config/1.0.1/kerby-config-1.0.1.jar:/root/.m2/repository/org/apache/kerby/kerb-core/1.0.1/kerb-core-1.0.1.jar:/root/.m2/repository/org/apache/kerby/kerby-pkix/1.0.1/kerby-pkix-1.0.1.jar:/root/.m2/repository/org/apache/kerby/kerby-asn1/1.0.1/kerby-asn1-1.0.1.jar:/root/.m2/repository/org/apache/kerby/kerby-util/1.0.1/kerby-util-1.0.1.jar:/root/.m2/repository/org/apache/kerby/kerb-common/1.0.1/kerb-common-1.0.1.jar:/root/.m2/repository/org/apache/kerby/kerb-crypto/1.0.1/kerb-crypto-1.0.1.jar:/root/.m2/repository/org/apache/kerby/kerb-util/1.0.1/kerb-util-1.0.1.jar:/root/.m2/repository/org/apache/kerby/token-provider/1.0.1/token-provider-1.0.1.jar:/root/.m2/repository/org/apache/kerby/kerb-admin/1.0.1/kerb-admin-1.0.1.jar:/root/.m2/repository/org/apache/kerby/kerb-server/1.0.1/kerb-server-1.0.1.jar:/root/.m2/repository/org/apache/kerby/kerb-identity/1.0.1/kerb-identity-1.0.1.jar:/root/.m2/repository/org/apache/kerby/kerby-xdr/1.0.1/kerby-xdr-1.0.1.jar:/root/.m2/repository/org/slf4j/slf4j-log4j12/1.7.25/slf4j-log4j12-1.7.25.jar:/root/.m2/repository/org/apache/hadoop/hadoop-ozone-objectstore-service/0.5.0-SNAPSHOT/hadoop-ozone-objectstore-service-0.5.0-SNAPSHOT.jar:/root/.m2/repository/org/apache/hadoop/hadoop-ozone-s3gateway/0.5.0-SNAPSHOT/hadoop-ozone-s3gateway-0.5.0-SNAPSHOT.jar:/root/.m2/repository/org/jboss/weld/servlet/weld-servlet/2.4.7.Final/weld-servlet-2.4.7.Final.jar:/root/.m2/repository/org/glassfish/jersey/containers/jersey-container-servlet-core/2.27/jersey-container-servlet-core-2.27.jar:/root/.m2/repository/org/glassfish/hk2/external/javax.inject/2.5.0-b42/javax.inject-2.5.0-b42.jar:/root/.m2/repository/org/glassfish/jersey/core/jersey-common/2.27/jersey-common-2.27.jar:/root/.m2/repository/org/glassfish/hk2/osgi-resource-locator/1.0.1/osgi-resource-locator-1.0.1.jar:/root/.m2/repository/javax/ws/rs/javax.ws.rs-api/2.1/javax.ws.rs-api-2.1.jar:/root/.m2/repository/org/glassfish/jersey/ext/cdi/jersey-cdi1x/2.27/jersey-cdi1x-2.27.jar:/root/.m2/repository/org/glassfish/jersey/inject/jersey-hk2/2.27/jersey-hk2-2.27.jar:/root/.m2/repository/org/glassfish/hk2/hk2-locator/2.5.0-b42/hk2-locator-2.5.0-b42.jar:/root/.m2/repository/org/javassist/javassist/3.22.0-CR2/javassist-3.22.0-CR2.jar:/root/.m2/repository/org/glassfish/hk2/hk2-api/2.5.0/hk2-api-2.5.0.jar:/root/.m2/repository/org/glassfish/hk2/external/jakarta.inject/2.5.0/jakarta.inject-2.5.0.jar:/root/.m2/repository/org/glassfish/hk2/hk2-utils/2.5.0/hk2-utils-2.5.0.jar:/root/.m2/repository/jakarta/annotation/jakarta.annotation-api/1.3.4/jakarta.annotation-api-1.3.4.jar:/root/.m2/repository/org/glassfish/hk2/external/aopalliance-repackaged/2.5.0/aopalliance-repackaged-2.5.0.jar:/root/.m2/repository/com/fasterxml/jackson/dataformat/jackson-dataformat-xml/2.9.0/jackson-dataformat-xml-2.9.0.jar:/root/.m2/repository/com/fasterxml/jackson/core/jackson-core/2.9.5/jackson-core-2.9.5.jar:/root/.m2/repository/com/fasterxml/jackson/module/jackson-module-jaxb-annotations/2.9.5/jackson-module-jaxb-annotations-2.9.5.jar:/root/.m2/repository/javax/enterprise/cdi-api/1.2/cdi-api-1.2.jar:/root/.m2/repository/javax/el/javax.el-api/3.0.0/javax.el-api-3.0.0.jar:/root/.m2/repository/javax/interceptor/javax.interceptor-api/1.2/javax.interceptor-api-1.2.jar:/root/.m2/repository/javax/inject/javax.inject/1/javax.inject-1.jar:/root/.m2/repository/com/sun/xml/bind/jaxb-impl/2.3.0.1/jaxb-impl-2.3.0.1.jar:/root/.m2/repository/com/sun/xml/bind/jaxb-core/2.3.0.1/jaxb-core-2.3.0.1.jar:/root/.m2/repository/javax/xml/bind/jaxb-api/2.3.0/jaxb-api-2.3.0.jar:/root/.m2/repository/javax/activation/activation/1.1.1/activation-1.1.1.jar:/root/.m2/repository/org/apache/hadoop/hadoop-ozone-csi/0.5.0-SNAPSHOT/hadoop-ozone-csi-0.5.0-SNAPSHOT.jar:/root/.m2/repository/com/google/protobuf/protobuf-java-util/3.5.1/protobuf-java-util-3.5.1.jar:/root/.m2/repository/org/apache/hadoop/hadoop-hdds-config/0.5.0-SNAPSHOT/hadoop-hdds-config-0.5.0-SNAPSHOT.jar:/root/.m2/repository/com/google/guava/guava/11.0.2/guava-11.0.2.jar:/root/.m2/repository/com/google/protobuf/protobuf-java/2.5.0/protobuf-java-2.5.0.jar:/root/.m2/repository/io/grpc/grpc-netty/1.17.1/grpc-netty-1.17.1.jar:/root/.m2/repository/io/grpc/grpc-core/1.17.1/grpc-core-1.17.1.jar:/root/.m2/repository/io/grpc/grpc-context/1.17.1/grpc-context-1.17.1.jar:/root/.m2/repository/com/google/errorprone/error_prone_annotations/2.2.0/error_prone_annotations-2.2.0.jar:/root/.m2/repository/org/codehaus/mojo/animal-sniffer-annotations/1.17/animal-sniffer-annotations-1.17.jar:/root/.m2/repository/io/opencensus/opencensus-api/0.17.0/opencensus-api-0.17.0.jar:/root/.m2/repository/io/opencensus/opencensus-contrib-grpc-metrics/0.17.0/opencensus-contrib-grpc-metrics-0.17.0.jar:/root/.m2/repository/io/netty/netty-codec-http2/4.1.30.Final/netty-codec-http2-4.1.30.Final.jar:/root/.m2/repository/io/netty/netty-codec-http/4.1.30.Final/netty-codec-http-4.1.30.Final.jar:/root/.m2/repository/io/netty/netty-codec/4.1.30.Final/netty-codec-4.1.30.Final.jar:/root/.m2/repository/io/netty/netty-handler/4.1.30.Final/netty-handler-4.1.30.Final.jar:/root/.m2/repository/io/netty/netty-handler-proxy/4.1.30.Final/netty-handler-proxy-4.1.30.Final.jar:/root/.m2/repository/io/netty/netty-codec-socks/4.1.30.Final/netty-codec-socks-4.1.30.Final.jar:/root/.m2/repository/io/netty/netty-transport-native-epoll/4.1.30.Final/netty-transport-native-epoll-4.1.30.Final.jar:/root/.m2/repository/io/netty/netty-common/4.1.30.Final/netty-common-4.1.30.Final.jar:/root/.m2/repository/io/netty/netty-buffer/4.1.30.Final/netty-buffer-4.1.30.Final.jar:/root/.m2/repository/io/netty/netty-transport/4.1.30.Final/netty-transport-4.1.30.Final.jar:/root/.m2/repository/io/netty/netty-resolver/4.1.30.Final/netty-resolver-4.1.30.Final.jar:/root/.m2/repository/io/netty/netty-transport-native-unix-common/4.1.30.Final/netty-transport-native-unix-common-4.1.30.Final.jar:/root/.m2/repository/io/grpc/grpc-protobuf/1.17.1/grpc-protobuf-1.17.1.jar:/root/.m2/repository/com/google/api/grpc/proto-google-common-protos/1.0.0/proto-google-common-protos-1.0.0.jar:/root/.m2/repository/io/grpc/grpc-protobuf-lite/1.17.1/grpc-protobuf-lite-1.17.1.jar:/root/.m2/repository/io/grpc/grpc-stub/1.17.1/grpc-stub-1.17.1.jar:/root/.m2/repository/org/apache/hadoop/hadoop-ozone-recon/0.5.0-SNAPSHOT/hadoop-ozone-recon-0.5.0-SNAPSHOT.jar:/root/.m2/repository/org/apache/hadoop/hadoop-ozone-reconcodegen/0.5.0-SNAPSHOT/hadoop-ozone-reconcodegen-0.5.0-SNAPSHOT.jar:/root/.m2/repository/com/google/inject/extensions/guice-multibindings/4.0/guice-multibindings-4.0.jar:/root/.m2/repository/com/google/inject/guice/4.0/guice-4.0.jar:/root/.m2/repository/aopalliance/aopalliance/1.0/aopalliance-1.0.jar:/root/.m2/repository/com/google/inject/extensions/guice-servlet/4.0/guice-servlet-4.0.jar:/root/.m2/repository/org/glassfish/jersey/containers/jersey-container-servlet/2.27/jersey-container-servlet-2.27.jar:/root/.m2/repository/org/glassfish/hk2/guice-bridge/2.5.0/guice-bridge-2.5.0.jar:/root/.m2/repository/org/glassfish/jersey/core/jersey-server/2.27/jersey-server-2.27.jar:/root/.m2/repository/org/glassfish/jersey/core/jersey-client/2.27/jersey-client-2.27.jar:/root/.m2/repository/org/glassfish/jersey/media/jersey-media-jaxb/2.27/jersey-media-jaxb-2.27.jar:/root/.m2/repository/javax/validation/validation-api/1.1.0.Final/validation-api-1.1.0.Final.jar:/root/.m2/repository/org/glassfish/jersey/media/jersey-media-json-jackson/2.27/jersey-media-json-jackson-2.27.jar:/root/.m2/repository/org/glassfish/jersey/ext/jersey-entity-filtering/2.27/jersey-entity-filtering-2.27.jar:/root/.m2/repository/com/google/inject/extensions/guice-assistedinject/4.0/guice-assistedinject-4.0.jar:/root/.m2/repository/org/jooq/jooq/3.11.10/jooq-3.11.10.jar:/root/.m2/repository/org/jooq/jooq-meta/3.11.10/jooq-meta-3.11.10.jar:/root/.m2/repository/org/jooq/jooq-codegen/3.11.10/jooq-codegen-3.11.10.jar:/root/.m2/repository/com/jolbox/bonecp/0.8.0.RELEASE/bonecp-0.8.0.RELEASE.jar:/root/.m2/repository/org/xerial/sqlite-jdbc/3.25.2/sqlite-jdbc-3.25.2.jar:/root/.m2/repository/org/springframework/spring-jdbc/5.1.3.RELEASE/spring-jdbc-5.1.3.RELEASE.jar:/root/.m2/repository/org/springframework/spring-beans/5.1.3.RELEASE/spring-beans-5.1.3.RELEASE.jar:/root/.m2/repository/org/springframework/spring-core/5.1.3.RELEASE/spring-core-5.1.3.RELEASE.jar:/root/.m2/repository/org/springframework/spring-jcl/5.1.3.RELEASE/spring-jcl-5.1.3.RELEASE.jar:/root/.m2/repository/org/springframework/spring-tx/5.1.3.RELEASE/spring-tx-5.1.3.RELEASE.jar:/root/.m2/repository/org/apache/hadoop/hadoop-ozone-client/0.5.0-SNAPSHOT/hadoop-ozone-client-0.5.0-SNAPSHOT.jar:/root/.m2/repository/org/apache/hadoop/hadoop-ozone-ozone-manager/0.5.0-SNAPSHOT/hadoop-ozone-ozone-manager-0.5.0-SNAPSHOT-tests.jar:/root/.m2/repository/junit/junit/4.11/junit-4.11.jar:/root/.m2/repository/org/hamcrest/hamcrest-core/1.3/hamcrest-core-1.3.jar:/root/.m2/repository/org/openjdk/jmh/jmh-core/1.19/jmh-core-1.19.jar:/root/.m2/repository/net/sf/jopt-simple/jopt-simple/4.6/jopt-simple-4.6.jar:/root/.m2/repository/org/apache/commons/commons-math3/3.1.1/commons-math3-3.1.1.jar:/root/.m2/repository/org/openjdk/jmh/jmh-generator-annprocess/1.19/jmh-generator-annprocess-1.19.jar:/root/.m2/repository/org/mockito/mockito-all/1.8.5/mockito-all-1.8.5.jar:/root/.m2/repository/org/apache/hadoop/hadoop-kms/3.2.0/hadoop-kms-3.2.0.jar:/root/.m2/repository/org/apache/hadoop/hadoop-auth/3.2.0/hadoop-auth-3.2.0.jar:/root/.m2/repository/com/nimbusds/nimbus-jose-jwt/4.41.1/nimbus-jose-jwt-4.41.1.jar:/root/.m2/repository/com/github/stephenc/jcip/jcip-annotations/1.0-1/jcip-annotations-1.0-1.jar:/root/.m2/repository/net/minidev/json-smart/2.3/json-smart-2.3.jar:/root/.m2/repository/net/minidev/accessors-smart/1.2/accessors-smart-1.2.jar:/root/.m2/repository/org/ow2/asm/asm/5.0.4/asm-5.0.4.jar:/root/.m2/repository/org/apache/curator/curator-framework/2.12.0/curator-framework-2.12.0.jar:/root/.m2/repository/com/sun/jersey/jersey-core/1.19/jersey-core-1.19.jar:/root/.m2/repository/javax/ws/rs/jsr311-api/1.1.1/jsr311-api-1.1.1.jar:/root/.m2/repository/com/sun/jersey/jersey-server/1.19/jersey-server-1.19.jar:/root/.m2/repository/javax/servlet/javax.servlet-api/3.1.0/javax.servlet-api-3.1.0.jar:/root/.m2/repository/org/eclipse/jetty/jetty-server/9.3.24.v20180605/jetty-server-9.3.24.v20180605.jar:/root/.m2/repository/org/eclipse/jetty/jetty-http/9.3.24.v20180605/jetty-http-9.3.24.v20180605.jar:/root/.m2/repository/org/eclipse/jetty/jetty-io/9.3.24.v20180605/jetty-io-9.3.24.v20180605.jar:/root/.m2/repository/org/eclipse/jetty/jetty-webapp/9.3.24.v20180605/jetty-webapp-9.3.24.v20180605.jar:/root/.m2/repository/org/eclipse/jetty/jetty-xml/9.3.24.v20180605/jetty-xml-9.3.24.v20180605.jar:/root/.m2/repository/log4j/log4j/1.2.17/log4j-1.2.17.jar:/root/.m2/repository/org/slf4j/slf4j-api/1.7.25/slf4j-api-1.7.25.jar:/root/.m2/repository/org/slf4j/jul-to-slf4j/1.7.25/jul-to-slf4j-1.7.25.jar:/root/.m2/repository/org/eclipse/jetty/jetty-util/9.3.24.v20180605/jetty-util-9.3.24.v20180605.jar:/root/.m2/repository/io/dropwizard/metrics/metrics-core/3.2.4/metrics-core-3.2.4.jar:/root/.m2/repository/com/fasterxml/jackson/core/jackson-databind/2.9.5/jackson-databind-2.9.5.jar:/root/.m2/repository/org/apache/hadoop/hadoop-kms/3.2.0/hadoop-kms-3.2.0-tests.jar:/root/.m2/repository/org/apache/hadoop/hadoop-hdds-server-scm/0.5.0-SNAPSHOT/hadoop-hdds-server-scm-0.5.0-SNAPSHOT-tests.jar:/root/.m2/repository/org/hamcrest/hamcrest-all/1.3/hamcrest-all-1.3.jar:/root/.m2/repository/info/picocli/picocli/3.9.6/picocli-3.9.6.jar:/root/.m2/repository/org/apache/hadoop/hadoop-hdds-container-service/0.5.0-SNAPSHOT/hadoop-hdds-container-service-0.5.0-SNAPSHOT-tests.jar:/root/.m2/repository/org/yaml/snakeyaml/1.16/snakeyaml-1.16.jar:/root/.m2/repository/org/apache/hadoop/hadoop-common/3.2.0/hadoop-common-3.2.0-tests.jar:/root/.m2/repository/org/apache/hadoop/hadoop-annotations/3.2.0/hadoop-annotations-3.2.0.jar:/usr/lib/jvm/java-1.8-openjdk/jre/../lib/tools.jar:/root/.m2/repository/commons-cli/commons-cli/1.2/commons-cli-1.2.jar:/root/.m2/repository/org/apache/httpcomponents/httpclient/4.5.2/httpclient-4.5.2.jar:/root/.m2/repository/org/apache/httpcomponents/httpcore/4.4.4/httpcore-4.4.4.jar:/root/.m2/repository/commons-codec/commons-codec/1.11/commons-codec-1.11.jar:/root/.m2/repository/commons-net/commons-net/3.6/commons-net-3.6.jar:/root/.m2/repository/commons-collections/commons-collections/3.2.2/commons-collections-3.2.2.jar:/root/.m2/repository/org/eclipse/jetty/jetty-servlet/9.3.24.v20180605/jetty-servlet-9.3.24.v20180605.jar:/root/.m2/repository/org/eclipse/jetty/jetty-security/9.3.24.v20180605/jetty-security-9.3.24.v20180605.jar:/root/.m2/repository/javax/servlet/jsp/jsp-api/2.1/jsp-api-2.1.jar:/root/.m2/repository/com/sun/jersey/jersey-servlet/1.19/jersey-servlet-1.19.jar:/root/.m2/repository/com/sun/jersey/jersey-json/1.19/jersey-json-1.19.jar:/root/.m2/repository/org/codehaus/jettison/jettison/1.1/jettison-1.1.jar:/root/.m2/repository/org/codehaus/jackson/jackson-core-asl/1.9.13/jackson-core-asl-1.9.13.jar:/root/.m2/repository/org/codehaus/jackson/jackson-mapper-asl/1.9.13/jackson-mapper-asl-1.9.13.jar:/root/.m2/repository/org/codehaus/jackson/jackson-jaxrs/1.9.13/jackson-jaxrs-1.9.13.jar:/root/.m2/repository/org/codehaus/jackson/jackson-xc/1.9.13/jackson-xc-1.9.13.jar:/root/.m2/repository/commons-logging/commons-logging/1.1.3/commons-logging-1.1.3.jar:/root/.m2/repository/commons-beanutils/commons-beanutils/1.9.3/commons-beanutils-1.9.3.jar:/root/.m2/repository/org/apache/commons/commons-configuration2/2.1.1/commons-configuration2-2.1.1.jar:/root/.m2/repository/org/apache/commons/commons-lang3/3.7/commons-lang3-3.7.jar:/root/.m2/repository/org/apache/commons/commons-text/1.4/commons-text-1.4.jar:/root/.m2/repository/org/apache/avro/avro/1.7.7/avro-1.7.7.jar:/root/.m2/repository/com/thoughtworks/paranamer/paranamer/2.3/paranamer-2.3.jar:/root/.m2/repository/org/xerial/snappy/snappy-java/1.0.5/snappy-java-1.0.5.jar:/root/.m2/repository/com/google/re2j/re2j/1.1/re2j-1.1.jar:/root/.m2/repository/com/google/code/gson/gson/2.2.4/gson-2.2.4.jar:/root/.m2/repository/com/jcraft/jsch/0.1.54/jsch-0.1.54.jar:/root/.m2/repository/org/apache/curator/curator-client/2.12.0/curator-client-2.12.0.jar:/root/.m2/repository/org/apache/curator/curator-recipes/2.12.0/curator-recipes-2.12.0.jar:/root/.m2/repository/com/google/code/findbugs/jsr305/3.0.0/jsr305-3.0.0.jar:/root/.m2/repository/org/apache/htrace/htrace-core4/4.1.0-incubating/htrace-core4-4.1.0-incubating.jar:/root/.m2/repository/org/apache/zookeeper/zookeeper/3.4.13/zookeeper-3.4.13.jar:/root/.m2/repository/org/apache/yetus/audience-annotations/0.5.0/audience-annotations-0.5.0.jar:/root/.m2/repository/org/codehaus/woodstox/stax2-api/3.1.4/stax2-api-3.1.4.jar:/root/.m2/repository/com/fasterxml/woodstox/woodstox-core/5.0.3/woodstox-core-5.0.3.jar:/root/.m2/repository/dnsjava/dnsjava/2.1.7/dnsjava-2.1.7.jar:/root/.m2/repository/org/apache/hadoop/hadoop-hdfs/3.2.0/hadoop-hdfs-3.2.0-tests.jar:/root/.m2/repository/org/eclipse/jetty/jetty-util-ajax/9.3.24.v20180605/jetty-util-ajax-9.3.24.v20180605.jar:/root/.m2/repository/commons-daemon/commons-daemon/1.0.13/commons-daemon-1.0.13.jar:/root/.m2/repository/io/netty/netty/3.10.5.Final/netty-3.10.5.Final.jar:/root/.m2/repository/io/netty/netty-all/4.0.52.Final/netty-all-4.0.52.Final.jar:/root/.m2/repository/org/fusesource/leveldbjni/leveldbjni-all/1.8/leveldbjni-all-1.8.jar:"/>
    <property name="sun.cpu.endian" value="little"/>
    <property name="user.home" value="/root"/>
    <property name="user.language" value="en"/>
    <property name="java.specification.vendor" value="Oracle Corporation"/>
    <property name="java.home" value="/usr/lib/jvm/java-1.8-openjdk/jre"/>
    <property name="java.security.krb5.conf" value="/opt/src/hadoop-ozone/integration-test/target/test-classes/krb5.conf"/>
    <property name="basedir" value="/opt/src/hadoop-ozone/integration-test"/>
    <property name="file.separator" value="/"/>
    <property name="line.separator" value="&#10;"/>
    <property name="java.vm.specification.vendor" value="Oracle Corporation"/>
    <property name="java.specification.name" value="Java Platform API Specification"/>
    <property name="java.awt.graphicsenv" value="sun.awt.X11GraphicsEnvironment"/>
    <property name="surefire.real.class.path" value="/opt/src/hadoop-ozone/integration-test/target/surefire/surefirebooter5362881415827214644.jar"/>
    <property name="hadoop.log.dir" value="/opt/src/hadoop-ozone/integration-test/target/log"/>
    <property name="sun.boot.class.path" value="/usr/lib/jvm/java-1.8-openjdk/jre/lib/resources.jar:/usr/lib/jvm/java-1.8-openjdk/jre/lib/rt.jar:/usr/lib/jvm/java-1.8-openjdk/jre/lib/sunrsasign.jar:/usr/lib/jvm/java-1.8-openjdk/jre/lib/jsse.jar:/usr/lib/jvm/java-1.8-openjdk/jre/lib/jce.jar:/usr/lib/jvm/java-1.8-openjdk/jre/lib/charsets.jar:/usr/lib/jvm/java-1.8-openjdk/jre/lib/jfr.jar:/usr/lib/jvm/java-1.8-openjdk/jre/classes"/>
    <property name="sun.management.compiler" value="HotSpot 64-Bit Tiered Compilers"/>
    <property name="java.runtime.version" value="1.8.0_212-b04"/>
    <property name="java.net.preferIPv4Stack" value="true"/>
    <property name="user.name" value="root"/>
    <property name="path.separator" value=":"/>
    <property name="java.security.egd" value="file:///dev/urandom"/>
    <property name="os.version" value="4.15.0-1021-aws"/>
    <property name="java.endorsed.dirs" value="/usr/lib/jvm/java-1.8-openjdk/jre/lib/endorsed"/>
    <property name="java.runtime.name" value="OpenJDK Runtime Environment"/>
    <property name="file.encoding" value="UTF-8"/>
    <property name="java.vm.name" value="OpenJDK 64-Bit Server VM"/>
    <property name="test.build.webapps" value=""/>
    <property name="localRepository" value="/root/.m2/repository"/>
    <property name="java.vendor.url.bug" value="https://icedtea.classpath.org/bugzilla"/>
    <property name="java.io.tmpdir" value="/tmp"/>
    <property name="require.test.libhadoop" value=""/>
    <property name="java.version" value="1.8.0_212"/>
    <property name="user.dir" value="/opt/src/hadoop-ozone/integration-test"/>
    <property name="os.arch" value="amd64"/>
    <property name="java.vm.specification.name" value="Java Virtual Machine Specification"/>
    <property name="test.build.classes" value="/opt/src/hadoop-ozone/integration-test/target/test-classes"/>
    <property name="java.awt.printerjob" value="sun.print.PSPrinterJob"/>
    <property name="sun.os.patch.level" value="unknown"/>
    <property name="hadoop.tmp.dir" value="/opt/src/hadoop-ozone/integration-test/target/tmp"/>
    <property name="java.library.path" value="/usr/lib/jvm/java-1.8-openjdk/jre/lib/amd64/server:/usr/lib/jvm/java-1.8-openjdk/jre/lib/amd64:/usr/lib/jvm/java-1.8-openjdk/jre/../lib/amd64:/opt/src/hadoop-ozone/integration-test/target/native/target/usr/local/lib:/opt/src/hadoop-ozone/integration-test/../../hadoop-common-project/hadoop-common/target/native/target/usr/local/lib:/usr/java/packages/lib/amd64:/usr/lib64:/lib64:/lib:/usr/lib"/>
    <property name="java.vm.info" value="mixed mode"/>
    <property name="java.vendor" value="IcedTea"/>
    <property name="java.vm.version" value="25.212-b04"/>
    <property name="java.ext.dirs" value="/usr/lib/jvm/java-1.8-openjdk/jre/lib/ext:/usr/java/packages/lib/ext"/>
    <property name="sun.io.unicode.encoding" value="UnicodeLittle"/>
    <property name="java.class.version" value="52.0"/>
  </properties>
  <testcase name="testPipelineFail" classname="org.apache.hadoop.hdds.scm.pipeline.TestNodeFailure" time="0">
    <skipped/>
    <system-out><![CDATA[2019-06-14 12:45:19,357 WARN  server.ServerUtils (ServerUtils.java:getScmDbDir(145)) - ozone.scm.db.dirs is not configured. We recommend adding this setting. Falling back to ozone.metadata.dirs instead.
2019-06-14 12:45:19,418 WARN  server.ServerUtils (ServerUtils.java:getScmDbDir(145)) - ozone.scm.db.dirs is not configured. We recommend adding this setting. Falling back to ozone.metadata.dirs instead.
2019-06-14 12:45:19,420 WARN  server.ServerUtils (ServerUtils.java:getScmDbDir(145)) - ozone.scm.db.dirs is not configured. We recommend adding this setting. Falling back to ozone.metadata.dirs instead.
2019-06-14 12:45:19,433 INFO  util.log (Log.java:initialized(192)) - Logging initialized @671ms
2019-06-14 12:45:19,510 INFO  db.DBStoreBuilder (DBStoreBuilder.java:addTable(110)) - using custom profile for table: deletedBlocks
2019-06-14 12:45:19,511 INFO  db.DBStoreBuilder (DBStoreBuilder.java:processTables(161)) - Using default column profile:DBProfile.DISK for Table:deletedBlocks
2019-06-14 12:45:19,511 INFO  db.DBStoreBuilder (DBStoreBuilder.java:addTable(110)) - using custom profile for table: validCerts
2019-06-14 12:45:19,511 INFO  db.DBStoreBuilder (DBStoreBuilder.java:processTables(161)) - Using default column profile:DBProfile.DISK for Table:validCerts
2019-06-14 12:45:19,511 INFO  db.DBStoreBuilder (DBStoreBuilder.java:addTable(110)) - using custom profile for table: revokedCerts
2019-06-14 12:45:19,512 INFO  db.DBStoreBuilder (DBStoreBuilder.java:processTables(161)) - Using default column profile:DBProfile.DISK for Table:revokedCerts
2019-06-14 12:45:19,522 INFO  db.DBStoreBuilder (DBStoreBuilder.java:addTable(110)) - using custom profile for table: default
2019-06-14 12:45:19,522 INFO  db.DBStoreBuilder (DBStoreBuilder.java:processTables(167)) - Using default column profile:DBProfile.DISK for Table:default
2019-06-14 12:45:19,524 INFO  db.DBStoreBuilder (DBStoreBuilder.java:getDbProfile(198)) - Using default options. DBProfile.DISK
2019-06-14 12:45:19,587 INFO  node.SCMNodeManager (SCMNodeManager.java:<init>(108)) - Entering startup safe mode.
2019-06-14 12:45:19,637 INFO  net.NodeSchemaLoader (NodeSchemaLoader.java:loadSchemaFromFile(125)) - Loading file from sun.misc.CompoundEnumeration@443118b0
2019-06-14 12:45:19,638 INFO  net.NodeSchemaLoader (NodeSchemaLoader.java:loadSchema(171)) - Loading network topology layer schema file
2019-06-14 12:45:19,684 WARN  server.ServerUtils (ServerUtils.java:getScmDbDir(145)) - ozone.scm.db.dirs is not configured. We recommend adding this setting. Falling back to ozone.metadata.dirs instead.
2019-06-14 12:45:19,701 INFO  pipeline.SCMPipelineManager (SCMPipelineManager.java:initializePipelineState(126)) - No pipeline exists in current db
2019-06-14 12:45:19,703 WARN  server.ServerUtils (ServerUtils.java:getScmDbDir(145)) - ozone.scm.db.dirs is not configured. We recommend adding this setting. Falling back to ozone.metadata.dirs instead.
2019-06-14 12:45:19,752 WARN  events.EventQueue (EventQueue.java:fireEvent(175)) - No event handler registered for event TypedEvent{payloadType=SafeModeStatus, name='SafeModeStatus'}
2019-06-14 12:45:20,020 INFO  ipc.CallQueueManager (CallQueueManager.java:<init>(84)) - Using callQueue: class java.util.concurrent.LinkedBlockingQueue, queueCapacity: 2000, scheduler: class org.apache.hadoop.ipc.DefaultRpcScheduler, ipcBackoff: false.
2019-06-14 12:45:20,040 INFO  ipc.Server (Server.java:run(1074)) - Starting Socket Reader #1 for port 44841
2019-06-14 12:45:20,061 INFO  ipc.CallQueueManager (CallQueueManager.java:<init>(84)) - Using callQueue: class java.util.concurrent.LinkedBlockingQueue, queueCapacity: 2000, scheduler: class org.apache.hadoop.ipc.DefaultRpcScheduler, ipcBackoff: false.
2019-06-14 12:45:20,062 INFO  ipc.Server (Server.java:run(1074)) - Starting Socket Reader #1 for port 44177
2019-06-14 12:45:20,070 INFO  ipc.CallQueueManager (CallQueueManager.java:<init>(84)) - Using callQueue: class java.util.concurrent.LinkedBlockingQueue, queueCapacity: 2000, scheduler: class org.apache.hadoop.ipc.DefaultRpcScheduler, ipcBackoff: false.
2019-06-14 12:45:20,094 INFO  ipc.Server (Server.java:run(1074)) - Starting Socket Reader #1 for port 41269
2019-06-14 12:45:20,114 INFO  hdfs.DFSUtil (DFSUtil.java:httpServerTemplateForNNAndJN(1641)) - Starting Web-server for scm at: http://0.0.0.0:0
2019-06-14 12:45:20,235 INFO  server.AuthenticationFilter (AuthenticationFilter.java:constructSecretProvider(240)) - Unable to initialize FileSignerSecretProvider, falling back to use random secrets.
2019-06-14 12:45:20,241 WARN  http.HttpRequestLog (HttpRequestLog.java:getRequestLog(97)) - Jetty request log can only be enabled using Log4j
2019-06-14 12:45:20,247 INFO  http.HttpServer2 (HttpServer2.java:addGlobalFilter(975)) - Added global filter 'safety' (class=org.apache.hadoop.http.HttpServer2$QuotingInputFilter)
2019-06-14 12:45:20,248 INFO  http.HttpServer2 (HttpServer2.java:addFilter(948)) - Added filter static_user_filter (class=org.apache.hadoop.http.lib.StaticUserWebFilter$StaticUserFilter) to context scm
2019-06-14 12:45:20,249 INFO  http.HttpServer2 (HttpServer2.java:addFilter(958)) - Added filter static_user_filter (class=org.apache.hadoop.http.lib.StaticUserWebFilter$StaticUserFilter) to context logs
2019-06-14 12:45:20,249 INFO  http.HttpServer2 (HttpServer2.java:addFilter(958)) - Added filter static_user_filter (class=org.apache.hadoop.http.lib.StaticUserWebFilter$StaticUserFilter) to context static
2019-06-14 12:45:20,268 INFO  server.StorageContainerManager (StorageContainerManager.java:start(752)) - StorageContainerLocationProtocol RPC server is listening at /0.0.0.0:41269
2019-06-14 12:45:20,308 WARN  impl.MetricsConfig (MetricsConfig.java:loadFirst(134)) - Cannot locate configuration: tried hadoop-metrics2-storagecontainermanager.properties,hadoop-metrics2.properties
2019-06-14 12:45:20,317 INFO  impl.MetricsSystemImpl (MetricsSystemImpl.java:startTimer(374)) - Scheduled Metric snapshot period at 10 second(s).
2019-06-14 12:45:20,317 INFO  impl.MetricsSystemImpl (MetricsSystemImpl.java:start(191)) - StorageContainerManager metrics system started
2019-06-14 12:45:20,468 INFO  server.SCMClientProtocolServer (SCMClientProtocolServer.java:start(149)) - RPC server for Client  is listening at /0.0.0.0:41269
2019-06-14 12:45:20,468 INFO  ipc.Server (Server.java:run(1314)) - IPC Server Responder: starting
2019-06-14 12:45:20,468 INFO  ipc.Server (Server.java:run(1153)) - IPC Server listener on 41269: starting
2019-06-14 12:45:20,472 INFO  server.StorageContainerManager (StorageContainerManager.java:start(761)) - ScmBlockLocationProtocol RPC server is listening at /0.0.0.0:44177
2019-06-14 12:45:20,472 INFO  server.SCMBlockProtocolServer (SCMBlockProtocolServer.java:start(137)) - RPC server for Block Protocol is listening at /0.0.0.0:44177
2019-06-14 12:45:20,472 INFO  ipc.Server (Server.java:run(1314)) - IPC Server Responder: starting
2019-06-14 12:45:20,472 INFO  ipc.Server (Server.java:run(1153)) - IPC Server listener on 44177: starting
2019-06-14 12:45:20,474 INFO  server.StorageContainerManager (StorageContainerManager.java:start(765)) - ScmDatanodeProtocl RPC server is listening at /0.0.0.0:44841
2019-06-14 12:45:20,474 INFO  server.SCMDatanodeProtocolServer (SCMDatanodeProtocolServer.java:start(191)) - RPC server for DataNodes is listening at /0.0.0.0:44841
2019-06-14 12:45:20,474 INFO  ipc.Server (Server.java:run(1314)) - IPC Server Responder: starting
2019-06-14 12:45:20,474 INFO  ipc.Server (Server.java:run(1153)) - IPC Server listener on 44841: starting
2019-06-14 12:45:20,477 INFO  http.HttpServer2 (HttpServer2.java:bindListener(1191)) - Jetty bound to port 35229
2019-06-14 12:45:20,479 INFO  server.Server (Server.java:doStart(351)) - jetty-9.3.24.v20180605, build timestamp: 2018-06-05T17:11:56Z, git hash: 84205aa28f11a4f31f2a3b86d1bba2cc8ab69827
2019-06-14 12:45:20,514 INFO  handler.ContextHandler (ContextHandler.java:doStart(781)) - Started o.e.j.s.ServletContextHandler@2df6226d{/logs,file:///opt/src/hadoop-ozone/integration-test/target/log,AVAILABLE}
2019-06-14 12:45:20,515 INFO  handler.ContextHandler (ContextHandler.java:doStart(781)) - Started o.e.j.s.ServletContextHandler@4ff4357f{/static,file:///opt/src/hadoop-ozone/integration-test/target/test-classes/webapps/static,AVAILABLE}
2019-06-14 12:45:20,546 INFO  handler.ContextHandler (ContextHandler.java:doStart(781)) - Started o.e.j.w.WebAppContext@2484f433{/,file:///opt/src/hadoop-ozone/integration-test/target/test-classes/webapps/scm/,AVAILABLE}{/scm}
2019-06-14 12:45:20,551 INFO  server.AbstractConnector (AbstractConnector.java:doStart(278)) - Started ServerConnector@841e575{HTTP/1.1,[http/1.1]}{0.0.0.0:35229}
2019-06-14 12:45:20,552 INFO  server.Server (Server.java:doStart(419)) - Started @1790ms
2019-06-14 12:45:20,553 INFO  server.BaseHttpServer (BaseHttpServer.java:updateConnectorAddress(207)) - HTTP server of SCM is listening at http://0.0.0.0:35229
2019-06-14 12:45:20,557 INFO  util.JvmPauseMonitor (JvmPauseMonitor.java:run(188)) - Starting JVM pause monitor
2019-06-14 12:45:20,560 WARN  scm.ScmUtils (ScmUtils.java:getDBPath(63)) - ozone.om.db.dirs is not configured. We recommend adding this setting. Falling back to ozone.metadata.dirs instead.
2019-06-14 12:45:20,634 WARN  scm.ScmUtils (ScmUtils.java:getDBPath(63)) - ozone.om.db.dirs is not configured. We recommend adding this setting. Falling back to ozone.metadata.dirs instead.
2019-06-14 12:45:20,635 INFO  om.OzoneManager (OzoneManager.java:setOMNodeDetails(519)) - OM Service ID is not set. Setting it to the default ID: omServiceIdDefault
2019-06-14 12:45:20,636 INFO  om.OzoneManager (OzoneManager.java:setOMNodeDetails(525)) - OM Node ID is not set. Setting it to the OmStorage's OmID: 06dcb179-f1d8-4c91-bb7e-4bad3e48e972
2019-06-14 12:45:20,637 WARN  scm.HddsServerUtil (HddsServerUtil.java:getDefaultRatisDirectory(354)) - Storage directory for Ratis is not configured. It is a good idea to map this to an SSD disk. Falling back to ozone.metadata.dirs
2019-06-14 12:45:20,637 WARN  scm.HddsServerUtil (HddsServerUtil.java:getDefaultRatisDirectory(354)) - Storage directory for Ratis is not configured. It is a good idea to map this to an SSD disk. Falling back to ozone.metadata.dirs
2019-06-14 12:45:20,637 INFO  om.OzoneManager (OzoneManager.java:loadOMHAConfigs(476)) - Found matching OM address with OMServiceId: null, OMNodeId: null, RPC Address: localhost:0 and Ratis port: 9872
2019-06-14 12:45:20,798 WARN  scm.ScmUtils (ScmUtils.java:getDBPath(63)) - ozone.om.db.dirs is not configured. We recommend adding this setting. Falling back to ozone.metadata.dirs instead.
2019-06-14 12:45:20,805 INFO  db.DBStoreBuilder (DBStoreBuilder.java:addTable(110)) - using custom profile for table: userTable
2019-06-14 12:45:20,805 INFO  db.DBStoreBuilder (DBStoreBuilder.java:processTables(161)) - Using default column profile:DBProfile.DISK for Table:userTable
2019-06-14 12:45:20,805 INFO  db.DBStoreBuilder (DBStoreBuilder.java:addTable(110)) - using custom profile for table: volumeTable
2019-06-14 12:45:20,805 INFO  db.DBStoreBuilder (DBStoreBuilder.java:processTables(161)) - Using default column profile:DBProfile.DISK for Table:volumeTable
2019-06-14 12:45:20,806 INFO  db.DBStoreBuilder (DBStoreBuilder.java:addTable(110)) - using custom profile for table: bucketTable
2019-06-14 12:45:20,806 INFO  db.DBStoreBuilder (DBStoreBuilder.java:processTables(161)) - Using default column profile:DBProfile.DISK for Table:bucketTable
2019-06-14 12:45:20,806 INFO  db.DBStoreBuilder (DBStoreBuilder.java:addTable(110)) - using custom profile for table: keyTable
2019-06-14 12:45:20,806 INFO  db.DBStoreBuilder (DBStoreBuilder.java:processTables(161)) - Using default column profile:DBProfile.DISK for Table:keyTable
2019-06-14 12:45:20,807 INFO  db.DBStoreBuilder (DBStoreBuilder.java:addTable(110)) - using custom profile for table: deletedTable
2019-06-14 12:45:20,807 INFO  db.DBStoreBuilder (DBStoreBuilder.java:processTables(161)) - Using default column profile:DBProfile.DISK for Table:deletedTable
2019-06-14 12:45:20,807 INFO  db.DBStoreBuilder (DBStoreBuilder.java:addTable(110)) - using custom profile for table: openKeyTable
2019-06-14 12:45:20,807 INFO  db.DBStoreBuilder (DBStoreBuilder.java:processTables(161)) - Using default column profile:DBProfile.DISK for Table:openKeyTable
2019-06-14 12:45:20,808 INFO  db.DBStoreBuilder (DBStoreBuilder.java:addTable(110)) - using custom profile for table: s3Table
2019-06-14 12:45:20,808 INFO  db.DBStoreBuilder (DBStoreBuilder.java:processTables(161)) - Using default column profile:DBProfile.DISK for Table:s3Table
2019-06-14 12:45:20,808 INFO  db.DBStoreBuilder (DBStoreBuilder.java:addTable(110)) - using custom profile for table: multipartInfoTable
2019-06-14 12:45:20,808 INFO  db.DBStoreBuilder (DBStoreBuilder.java:processTables(161)) - Using default column profile:DBProfile.DISK for Table:multipartInfoTable
2019-06-14 12:45:20,809 INFO  db.DBStoreBuilder (DBStoreBuilder.java:addTable(110)) - using custom profile for table: dTokenTable
2019-06-14 12:45:20,809 INFO  db.DBStoreBuilder (DBStoreBuilder.java:processTables(161)) - Using default column profile:DBProfile.DISK for Table:dTokenTable
2019-06-14 12:45:20,809 INFO  db.DBStoreBuilder (DBStoreBuilder.java:addTable(110)) - using custom profile for table: s3SecretTable
2019-06-14 12:45:20,809 INFO  db.DBStoreBuilder (DBStoreBuilder.java:processTables(161)) - Using default column profile:DBProfile.DISK for Table:s3SecretTable
2019-06-14 12:45:20,810 INFO  db.DBStoreBuilder (DBStoreBuilder.java:addTable(110)) - using custom profile for table: prefixTable
2019-06-14 12:45:20,810 INFO  db.DBStoreBuilder (DBStoreBuilder.java:processTables(161)) - Using default column profile:DBProfile.DISK for Table:prefixTable
2019-06-14 12:45:20,810 INFO  db.DBStoreBuilder (DBStoreBuilder.java:addTable(110)) - using custom profile for table: default
2019-06-14 12:45:20,810 INFO  db.DBStoreBuilder (DBStoreBuilder.java:processTables(167)) - Using default column profile:DBProfile.DISK for Table:default
2019-06-14 12:45:20,811 INFO  db.DBStoreBuilder (DBStoreBuilder.java:getDbProfile(198)) - Using default options. DBProfile.DISK
2019-06-14 12:45:21,257 INFO  ipc.CallQueueManager (CallQueueManager.java:<init>(84)) - Using callQueue: class java.util.concurrent.LinkedBlockingQueue, queueCapacity: 2000, scheduler: class org.apache.hadoop.ipc.DefaultRpcScheduler, ipcBackoff: false.
2019-06-14 12:45:21,258 INFO  ipc.Server (Server.java:run(1074)) - Starting Socket Reader #1 for port 46009
2019-06-14 12:45:21,280 WARN  scm.ScmUtils (ScmUtils.java:getDBPath(63)) - ozone.om.db.dirs is not configured. We recommend adding this setting. Falling back to ozone.metadata.dirs instead.
2019-06-14 12:45:21,280 INFO  om.OzoneManager (OzoneManager.java:start(1217)) - OzoneManager RPC server is listening at localhost/127.0.0.1:46009
2019-06-14 12:45:21,280 INFO  impl.MetricsSystemImpl (MetricsSystemImpl.java:init(158)) - OzoneManager metrics system started (again)
2019-06-14 12:45:21,281 INFO  ipc.Server (Server.java:run(1314)) - IPC Server Responder: starting
2019-06-14 12:45:21,282 INFO  ipc.Server (Server.java:run(1153)) - IPC Server listener on 46009: starting
2019-06-14 12:45:21,322 INFO  hdfs.DFSUtil (DFSUtil.java:httpServerTemplateForNNAndJN(1641)) - Starting Web-server for ozoneManager at: http://0.0.0.0:0
2019-06-14 12:45:21,323 INFO  server.AuthenticationFilter (AuthenticationFilter.java:constructSecretProvider(240)) - Unable to initialize FileSignerSecretProvider, falling back to use random secrets.
2019-06-14 12:45:21,324 WARN  http.HttpRequestLog (HttpRequestLog.java:getRequestLog(97)) - Jetty request log can only be enabled using Log4j
2019-06-14 12:45:21,326 INFO  http.HttpServer2 (HttpServer2.java:addGlobalFilter(975)) - Added global filter 'safety' (class=org.apache.hadoop.http.HttpServer2$QuotingInputFilter)
2019-06-14 12:45:21,327 INFO  http.HttpServer2 (HttpServer2.java:addFilter(948)) - Added filter static_user_filter (class=org.apache.hadoop.http.lib.StaticUserWebFilter$StaticUserFilter) to context ozoneManager
2019-06-14 12:45:21,327 INFO  http.HttpServer2 (HttpServer2.java:addFilter(958)) - Added filter static_user_filter (class=org.apache.hadoop.http.lib.StaticUserWebFilter$StaticUserFilter) to context logs
2019-06-14 12:45:21,328 INFO  http.HttpServer2 (HttpServer2.java:addFilter(958)) - Added filter static_user_filter (class=org.apache.hadoop.http.lib.StaticUserWebFilter$StaticUserFilter) to context static
2019-06-14 12:45:21,329 INFO  http.HttpServer2 (HttpServer2.java:bindListener(1191)) - Jetty bound to port 40839
2019-06-14 12:45:21,330 INFO  server.Server (Server.java:doStart(351)) - jetty-9.3.24.v20180605, build timestamp: 2018-06-05T17:11:56Z, git hash: 84205aa28f11a4f31f2a3b86d1bba2cc8ab69827
2019-06-14 12:45:21,331 INFO  handler.ContextHandler (ContextHandler.java:doStart(781)) - Started o.e.j.s.ServletContextHandler@7c2a69b4{/logs,file:///opt/src/hadoop-ozone/integration-test/target/log,AVAILABLE}
2019-06-14 12:45:21,332 INFO  handler.ContextHandler (ContextHandler.java:doStart(781)) - Started o.e.j.s.ServletContextHandler@648ee871{/static,file:///opt/src/hadoop-ozone/integration-test/target/test-classes/webapps/static,AVAILABLE}
2019-06-14 12:45:21,337 INFO  handler.ContextHandler (ContextHandler.java:doStart(781)) - Started o.e.j.w.WebAppContext@6f012914{/,file:///opt/src/hadoop-ozone/integration-test/target/test-classes/webapps/ozoneManager/,AVAILABLE}{/ozoneManager}
2019-06-14 12:45:21,337 INFO  server.AbstractConnector (AbstractConnector.java:doStart(278)) - Started ServerConnector@18fdb6cf{HTTP/1.1,[http/1.1]}{0.0.0.0:40839}
2019-06-14 12:45:21,338 INFO  server.Server (Server.java:doStart(419)) - Started @2576ms
2019-06-14 12:45:21,338 INFO  server.BaseHttpServer (BaseHttpServer.java:updateConnectorAddress(207)) - HTTP server of OZONEMANAGER is listening at http://0.0.0.0:40839
2019-06-14 12:45:21,478 INFO  impl.MetricsSystemImpl (MetricsSystemImpl.java:init(158)) - HddsDatanode metrics system started (again)
2019-06-14 12:45:21,641 INFO  ozone.HddsDatanodeService (HddsDatanodeService.java:start(185)) - HddsDatanodeService host:ozone-8z6qt-916494304 ip:192.168.134.78
2019-06-14 12:45:21,661 INFO  volume.HddsVolume (HddsVolume.java:<init>(176)) - Creating Volume: /opt/src/hadoop-ozone/integration-test/target/test-dir/MiniOzoneClusterImpl-2760fcce-995f-4cf5-8cab-adaa133fc8c0/datanode-0/data/containers/hdds of  storage type : DISK and capacity : 104021790720
2019-06-14 12:45:21,663 INFO  volume.VolumeSet (VolumeSet.java:initializeVolumeSet(170)) - Added Volume : /opt/src/hadoop-ozone/integration-test/target/test-dir/MiniOzoneClusterImpl-2760fcce-995f-4cf5-8cab-adaa133fc8c0/datanode-0/data/containers/hdds to VolumeSet
2019-06-14 12:45:21,665 INFO  volume.ThrottledAsyncChecker (ThrottledAsyncChecker.java:schedule(140)) - Scheduling a check for org.apache.hadoop.ozone.container.common.volume.HddsVolume@4a6c18ad
2019-06-14 12:45:21,678 INFO  volume.HddsVolumeChecker (HddsVolumeChecker.java:checkAllVolumes(203)) - Scheduled health check for volume org.apache.hadoop.ozone.container.common.volume.HddsVolume@4a6c18ad
2019-06-14 12:45:21,712 INFO  ratis.XceiverServerRatis (XceiverServerRatis.java:newXceiverServerRatis(401)) - Found a free port for the server : 38799
2019-06-14 12:45:21,762 INFO  impl.RaftServerProxy (ConfUtils.java:logGet(43)) - raft.rpc.type = GRPC (default)
2019-06-14 12:45:21,769 INFO  grpc.GrpcConfigKeys$Server (ConfUtils.java:logGet(43)) - raft.grpc.server.port = 38799 (custom)
2019-06-14 12:45:21,770 INFO  server.GrpcService (ConfUtils.java:logGet(43)) - raft.grpc.message.size.max = 33570816 (custom)
2019-06-14 12:45:21,771 INFO  server.RaftServerConfigKeys (ConfUtils.java:logGet(43)) - raft.server.log.appender.buffer.byte-limit = 33554432 (custom)
2019-06-14 12:45:21,772 INFO  server.GrpcService (ConfUtils.java:logGet(43)) - raft.grpc.flow.control.window = 1MB (=1048576) (default)
2019-06-14 12:45:21,772 INFO  server.RaftServerConfigKeys (ConfUtils.java:logGet(43)) - raft.server.rpc.request.timeout = 3000ms (default)
2019-06-14 12:45:21,882 INFO  server.RaftServerConfigKeys (ConfUtils.java:logGet(43)) - raft.server.storage.dir = [/opt/src/hadoop-ozone/integration-test/target/test-dir/MiniOzoneClusterImpl-2760fcce-995f-4cf5-8cab-adaa133fc8c0/datanode-0/data/ratis] (custom)
2019-06-14 12:45:21,887 INFO  server.XceiverServerGrpc (XceiverServerGrpc.java:<init>(97)) - Found a free port for the server : 38579
2019-06-14 12:45:21,911 INFO  replication.SimpleContainerDownloader (SimpleContainerDownloader.java:<init>(72)) - Starting container downloader service to copy containers to replicate.
2019-06-14 12:45:21,920 INFO  hdfs.DFSUtil (DFSUtil.java:httpServerTemplateForNNAndJN(1641)) - Starting Web-server for hddsDatanode at: http://0.0.0.0:0
2019-06-14 12:45:21,921 INFO  server.AuthenticationFilter (AuthenticationFilter.java:constructSecretProvider(240)) - Unable to initialize FileSignerSecretProvider, falling back to use random secrets.
2019-06-14 12:45:21,921 WARN  http.HttpRequestLog (HttpRequestLog.java:getRequestLog(97)) - Jetty request log can only be enabled using Log4j
2019-06-14 12:45:21,923 INFO  http.HttpServer2 (HttpServer2.java:addGlobalFilter(975)) - Added global filter 'safety' (class=org.apache.hadoop.http.HttpServer2$QuotingInputFilter)
2019-06-14 12:45:21,923 INFO  http.HttpServer2 (HttpServer2.java:addFilter(948)) - Added filter static_user_filter (class=org.apache.hadoop.http.lib.StaticUserWebFilter$StaticUserFilter) to context hddsDatanode
2019-06-14 12:45:21,924 INFO  http.HttpServer2 (HttpServer2.java:addFilter(958)) - Added filter static_user_filter (class=org.apache.hadoop.http.lib.StaticUserWebFilter$StaticUserFilter) to context logs
2019-06-14 12:45:21,924 INFO  http.HttpServer2 (HttpServer2.java:addFilter(958)) - Added filter static_user_filter (class=org.apache.hadoop.http.lib.StaticUserWebFilter$StaticUserFilter) to context static
2019-06-14 12:45:21,924 INFO  http.HttpServer2 (HttpServer2.java:bindListener(1191)) - Jetty bound to port 36887
2019-06-14 12:45:21,924 INFO  server.Server (Server.java:doStart(351)) - jetty-9.3.24.v20180605, build timestamp: 2018-06-05T17:11:56Z, git hash: 84205aa28f11a4f31f2a3b86d1bba2cc8ab69827
2019-06-14 12:45:21,926 INFO  handler.ContextHandler (ContextHandler.java:doStart(781)) - Started o.e.j.s.ServletContextHandler@2e51d054{/logs,file:///opt/src/hadoop-ozone/integration-test/target/log,AVAILABLE}
2019-06-14 12:45:21,927 INFO  handler.ContextHandler (ContextHandler.java:doStart(781)) - Started o.e.j.s.ServletContextHandler@615e3f51{/static,jar:file:/root/.m2/repository/org/apache/hadoop/hadoop-hdds-container-service/0.5.0-SNAPSHOT/hadoop-hdds-container-service-0.5.0-SNAPSHOT.jar!/webapps/static,AVAILABLE}
2019-06-14 12:45:21,949 INFO  handler.ContextHandler (ContextHandler.java:doStart(781)) - Started o.e.j.w.WebAppContext@5e1fc2aa{/,file:///tmp/jetty-0.0.0.0-36887-hddsDatanode-_-any-2241081697628122960.dir/webapp/,AVAILABLE}{/hddsDatanode}
2019-06-14 12:45:21,950 INFO  server.AbstractConnector (AbstractConnector.java:doStart(278)) - Started ServerConnector@688d411b{HTTP/1.1,[http/1.1]}{0.0.0.0:36887}
2019-06-14 12:45:21,950 INFO  server.Server (Server.java:doStart(419)) - Started @3188ms
2019-06-14 12:45:21,950 INFO  server.BaseHttpServer (BaseHttpServer.java:updateConnectorAddress(207)) - HTTP server of HDDSDATANODE is listening at http://0.0.0.0:36887
2019-06-14 12:45:22,850 INFO  ozone.HddsDatanodeService (HddsDatanodeService.java:startPlugins(396)) - Started plug-in org.apache.hadoop.ozone.web.OzoneHddsDatanodeService@30bf26df
2019-06-14 12:45:22,854 INFO  impl.MetricsSystemImpl (MetricsSystemImpl.java:init(158)) - HddsDatanode metrics system started (again)
2019-06-14 12:45:22,854 INFO  ozone.HddsDatanodeService (HddsDatanodeService.java:start(185)) - HddsDatanodeService host:ozone-8z6qt-916494304 ip:192.168.134.78
2019-06-14 12:45:22,867 INFO  volume.HddsVolume (HddsVolume.java:<init>(176)) - Creating Volume: /opt/src/hadoop-ozone/integration-test/target/test-dir/MiniOzoneClusterImpl-2760fcce-995f-4cf5-8cab-adaa133fc8c0/datanode-1/data/containers/hdds of  storage type : DISK and capacity : 104021790720
2019-06-14 12:45:22,867 INFO  volume.VolumeSet (VolumeSet.java:initializeVolumeSet(170)) - Added Volume : /opt/src/hadoop-ozone/integration-test/target/test-dir/MiniOzoneClusterImpl-2760fcce-995f-4cf5-8cab-adaa133fc8c0/datanode-1/data/containers/hdds to VolumeSet
2019-06-14 12:45:22,868 INFO  volume.ThrottledAsyncChecker (ThrottledAsyncChecker.java:schedule(140)) - Scheduling a check for org.apache.hadoop.ozone.container.common.volume.HddsVolume@f171912
2019-06-14 12:45:22,868 INFO  util.JvmPauseMonitor (JvmPauseMonitor.java:run(188)) - Starting JVM pause monitor
2019-06-14 12:45:22,882 INFO  volume.HddsVolumeChecker (HddsVolumeChecker.java:checkAllVolumes(203)) - Scheduled health check for volume org.apache.hadoop.ozone.container.common.volume.HddsVolume@f171912
2019-06-14 12:45:22,906 INFO  ratis.XceiverServerRatis (XceiverServerRatis.java:newXceiverServerRatis(401)) - Found a free port for the server : 41539
2019-06-14 12:45:22,907 INFO  impl.RaftServerProxy (ConfUtils.java:logGet(43)) - raft.rpc.type = GRPC (default)
2019-06-14 12:45:22,908 INFO  grpc.GrpcConfigKeys$Server (ConfUtils.java:logGet(43)) - raft.grpc.server.port = 41539 (custom)
2019-06-14 12:45:22,909 INFO  server.GrpcService (ConfUtils.java:logGet(43)) - raft.grpc.message.size.max = 33570816 (custom)
2019-06-14 12:45:22,909 INFO  server.RaftServerConfigKeys (ConfUtils.java:logGet(43)) - raft.server.log.appender.buffer.byte-limit = 33554432 (custom)
2019-06-14 12:45:22,909 INFO  server.GrpcService (ConfUtils.java:logGet(43)) - raft.grpc.flow.control.window = 1MB (=1048576) (default)
2019-06-14 12:45:22,909 INFO  server.RaftServerConfigKeys (ConfUtils.java:logGet(43)) - raft.server.rpc.request.timeout = 3000ms (default)
2019-06-14 12:45:22,910 INFO  server.RaftServerConfigKeys (ConfUtils.java:logGet(43)) - raft.server.storage.dir = [/opt/src/hadoop-ozone/integration-test/target/test-dir/MiniOzoneClusterImpl-2760fcce-995f-4cf5-8cab-adaa133fc8c0/datanode-1/data/ratis] (custom)
2019-06-14 12:45:22,910 INFO  server.XceiverServerGrpc (XceiverServerGrpc.java:<init>(97)) - Found a free port for the server : 45277
2019-06-14 12:45:22,911 INFO  replication.SimpleContainerDownloader (SimpleContainerDownloader.java:<init>(72)) - Starting container downloader service to copy containers to replicate.
2019-06-14 12:45:22,915 INFO  hdfs.DFSUtil (DFSUtil.java:httpServerTemplateForNNAndJN(1641)) - Starting Web-server for hddsDatanode at: http://0.0.0.0:0
2019-06-14 12:45:22,916 INFO  server.AuthenticationFilter (AuthenticationFilter.java:constructSecretProvider(240)) - Unable to initialize FileSignerSecretProvider, falling back to use random secrets.
2019-06-14 12:45:22,922 WARN  http.HttpRequestLog (HttpRequestLog.java:getRequestLog(97)) - Jetty request log can only be enabled using Log4j
2019-06-14 12:45:22,923 INFO  http.HttpServer2 (HttpServer2.java:addGlobalFilter(975)) - Added global filter 'safety' (class=org.apache.hadoop.http.HttpServer2$QuotingInputFilter)
2019-06-14 12:45:22,924 INFO  http.HttpServer2 (HttpServer2.java:addFilter(948)) - Added filter static_user_filter (class=org.apache.hadoop.http.lib.StaticUserWebFilter$StaticUserFilter) to context hddsDatanode
2019-06-14 12:45:22,924 INFO  http.HttpServer2 (HttpServer2.java:addFilter(958)) - Added filter static_user_filter (class=org.apache.hadoop.http.lib.StaticUserWebFilter$StaticUserFilter) to context logs
2019-06-14 12:45:22,924 INFO  http.HttpServer2 (HttpServer2.java:addFilter(958)) - Added filter static_user_filter (class=org.apache.hadoop.http.lib.StaticUserWebFilter$StaticUserFilter) to context static
2019-06-14 12:45:22,925 INFO  http.HttpServer2 (HttpServer2.java:bindListener(1191)) - Jetty bound to port 39163
2019-06-14 12:45:22,925 INFO  server.Server (Server.java:doStart(351)) - jetty-9.3.24.v20180605, build timestamp: 2018-06-05T17:11:56Z, git hash: 84205aa28f11a4f31f2a3b86d1bba2cc8ab69827
2019-06-14 12:45:22,935 INFO  handler.ContextHandler (ContextHandler.java:doStart(781)) - Started o.e.j.s.ServletContextHandler@18b6d3c1{/logs,file:///opt/src/hadoop-ozone/integration-test/target/log,AVAILABLE}
2019-06-14 12:45:22,936 INFO  handler.ContextHandler (ContextHandler.java:doStart(781)) - Started o.e.j.s.ServletContextHandler@3fe512d2{/static,jar:file:/root/.m2/repository/org/apache/hadoop/hadoop-hdds-container-service/0.5.0-SNAPSHOT/hadoop-hdds-container-service-0.5.0-SNAPSHOT.jar!/webapps/static,AVAILABLE}
2019-06-14 12:45:22,967 INFO  handler.ContextHandler (ContextHandler.java:doStart(781)) - Started o.e.j.w.WebAppContext@e7b265e{/,file:///tmp/jetty-0.0.0.0-39163-hddsDatanode-_-any-2200057454717738377.dir/webapp/,AVAILABLE}{/hddsDatanode}
2019-06-14 12:45:22,968 INFO  server.AbstractConnector (AbstractConnector.java:doStart(278)) - Started ServerConnector@51da32e5{HTTP/1.1,[http/1.1]}{0.0.0.0:39163}
2019-06-14 12:45:22,968 INFO  server.Server (Server.java:doStart(419)) - Started @4206ms
2019-06-14 12:45:22,970 INFO  server.BaseHttpServer (BaseHttpServer.java:updateConnectorAddress(207)) - HTTP server of HDDSDATANODE is listening at http://0.0.0.0:39163
2019-06-14 12:45:22,987 INFO  datanode.InitDatanodeState (InitDatanodeState.java:persistContainerDatanodeDetails(140)) - DatanodeDetails is persisted to /opt/src/hadoop-ozone/integration-test/target/test-dir/MiniOzoneClusterImpl-2760fcce-995f-4cf5-8cab-adaa133fc8c0/datanode-0/meta/datanode.id
2019-06-14 12:45:23,128 INFO  ozone.HddsDatanodeService (HddsDatanodeService.java:startPlugins(396)) - Started plug-in org.apache.hadoop.ozone.web.OzoneHddsDatanodeService@1d6751e3
2019-06-14 12:45:23,128 INFO  impl.MetricsSystemImpl (MetricsSystemImpl.java:init(158)) - HddsDatanode metrics system started (again)
2019-06-14 12:45:23,129 INFO  ozone.HddsDatanodeService (HddsDatanodeService.java:start(185)) - HddsDatanodeService host:ozone-8z6qt-916494304 ip:192.168.134.78
2019-06-14 12:45:23,145 INFO  util.JvmPauseMonitor (JvmPauseMonitor.java:run(188)) - Starting JVM pause monitor
2019-06-14 12:45:23,162 INFO  volume.HddsVolume (HddsVolume.java:<init>(176)) - Creating Volume: /opt/src/hadoop-ozone/integration-test/target/test-dir/MiniOzoneClusterImpl-2760fcce-995f-4cf5-8cab-adaa133fc8c0/datanode-2/data/containers/hdds of  storage type : DISK and capacity : 104021790720
2019-06-14 12:45:23,162 INFO  volume.VolumeSet (VolumeSet.java:initializeVolumeSet(170)) - Added Volume : /opt/src/hadoop-ozone/integration-test/target/test-dir/MiniOzoneClusterImpl-2760fcce-995f-4cf5-8cab-adaa133fc8c0/datanode-2/data/containers/hdds to VolumeSet
2019-06-14 12:45:23,163 INFO  volume.ThrottledAsyncChecker (ThrottledAsyncChecker.java:schedule(140)) - Scheduling a check for org.apache.hadoop.ozone.container.common.volume.HddsVolume@2e7af36e
2019-06-14 12:45:23,183 INFO  volume.HddsVolumeChecker (HddsVolumeChecker.java:checkAllVolumes(203)) - Scheduled health check for volume org.apache.hadoop.ozone.container.common.volume.HddsVolume@2e7af36e
2019-06-14 12:45:23,193 INFO  datanode.InitDatanodeState (InitDatanodeState.java:persistContainerDatanodeDetails(140)) - DatanodeDetails is persisted to /opt/src/hadoop-ozone/integration-test/target/test-dir/MiniOzoneClusterImpl-2760fcce-995f-4cf5-8cab-adaa133fc8c0/datanode-1/meta/datanode.id
2019-06-14 12:45:23,206 INFO  ratis.XceiverServerRatis (XceiverServerRatis.java:newXceiverServerRatis(401)) - Found a free port for the server : 37369
2019-06-14 12:45:23,208 INFO  impl.RaftServerProxy (ConfUtils.java:logGet(43)) - raft.rpc.type = GRPC (default)
2019-06-14 12:45:23,208 INFO  grpc.GrpcConfigKeys$Server (ConfUtils.java:logGet(43)) - raft.grpc.server.port = 37369 (custom)
2019-06-14 12:45:23,209 INFO  server.GrpcService (ConfUtils.java:logGet(43)) - raft.grpc.message.size.max = 33570816 (custom)
2019-06-14 12:45:23,209 INFO  server.RaftServerConfigKeys (ConfUtils.java:logGet(43)) - raft.server.log.appender.buffer.byte-limit = 33554432 (custom)
2019-06-14 12:45:23,209 INFO  server.GrpcService (ConfUtils.java:logGet(43)) - raft.grpc.flow.control.window = 1MB (=1048576) (default)
2019-06-14 12:45:23,209 INFO  server.RaftServerConfigKeys (ConfUtils.java:logGet(43)) - raft.server.rpc.request.timeout = 3000ms (default)
2019-06-14 12:45:23,210 INFO  server.RaftServerConfigKeys (ConfUtils.java:logGet(43)) - raft.server.storage.dir = [/opt/src/hadoop-ozone/integration-test/target/test-dir/MiniOzoneClusterImpl-2760fcce-995f-4cf5-8cab-adaa133fc8c0/datanode-2/data/ratis] (custom)
2019-06-14 12:45:23,210 INFO  server.XceiverServerGrpc (XceiverServerGrpc.java:<init>(97)) - Found a free port for the server : 42927
2019-06-14 12:45:23,211 INFO  replication.SimpleContainerDownloader (SimpleContainerDownloader.java:<init>(72)) - Starting container downloader service to copy containers to replicate.
2019-06-14 12:45:23,213 INFO  hdfs.DFSUtil (DFSUtil.java:httpServerTemplateForNNAndJN(1641)) - Starting Web-server for hddsDatanode at: http://0.0.0.0:0
2019-06-14 12:45:23,214 INFO  server.AuthenticationFilter (AuthenticationFilter.java:constructSecretProvider(240)) - Unable to initialize FileSignerSecretProvider, falling back to use random secrets.
2019-06-14 12:45:23,216 WARN  http.HttpRequestLog (HttpRequestLog.java:getRequestLog(97)) - Jetty request log can only be enabled using Log4j
2019-06-14 12:45:23,218 INFO  http.HttpServer2 (HttpServer2.java:addGlobalFilter(975)) - Added global filter 'safety' (class=org.apache.hadoop.http.HttpServer2$QuotingInputFilter)
2019-06-14 12:45:23,218 INFO  http.HttpServer2 (HttpServer2.java:addFilter(948)) - Added filter static_user_filter (class=org.apache.hadoop.http.lib.StaticUserWebFilter$StaticUserFilter) to context hddsDatanode
2019-06-14 12:45:23,218 INFO  http.HttpServer2 (HttpServer2.java:addFilter(958)) - Added filter static_user_filter (class=org.apache.hadoop.http.lib.StaticUserWebFilter$StaticUserFilter) to context static
2019-06-14 12:45:23,218 INFO  http.HttpServer2 (HttpServer2.java:addFilter(958)) - Added filter static_user_filter (class=org.apache.hadoop.http.lib.StaticUserWebFilter$StaticUserFilter) to context logs
2019-06-14 12:45:23,219 INFO  http.HttpServer2 (HttpServer2.java:bindListener(1191)) - Jetty bound to port 37153
2019-06-14 12:45:23,219 INFO  server.Server (Server.java:doStart(351)) - jetty-9.3.24.v20180605, build timestamp: 2018-06-05T17:11:56Z, git hash: 84205aa28f11a4f31f2a3b86d1bba2cc8ab69827
2019-06-14 12:45:23,234 INFO  handler.ContextHandler (ContextHandler.java:doStart(781)) - Started o.e.j.s.ServletContextHandler@674da77b{/logs,file:///opt/src/hadoop-ozone/integration-test/target/log,AVAILABLE}
2019-06-14 12:45:23,235 INFO  handler.ContextHandler (ContextHandler.java:doStart(781)) - Started o.e.j.s.ServletContextHandler@6010d0d1{/static,jar:file:/root/.m2/repository/org/apache/hadoop/hadoop-hdds-container-service/0.5.0-SNAPSHOT/hadoop-hdds-container-service-0.5.0-SNAPSHOT.jar!/webapps/static,AVAILABLE}
2019-06-14 12:45:23,257 INFO  handler.ContextHandler (ContextHandler.java:doStart(781)) - Started o.e.j.w.WebAppContext@624b523{/,file:///tmp/jetty-0.0.0.0-37153-hddsDatanode-_-any-6946143924410881306.dir/webapp/,AVAILABLE}{/hddsDatanode}
2019-06-14 12:45:23,263 INFO  server.AbstractConnector (AbstractConnector.java:doStart(278)) - Started ServerConnector@50b46e24{HTTP/1.1,[http/1.1]}{0.0.0.0:37153}
2019-06-14 12:45:23,263 INFO  server.Server (Server.java:doStart(419)) - Started @4501ms
2019-06-14 12:45:23,264 INFO  server.BaseHttpServer (BaseHttpServer.java:updateConnectorAddress(207)) - HTTP server of HDDSDATANODE is listening at http://0.0.0.0:37153
2019-06-14 12:45:23,419 INFO  ozone.HddsDatanodeService (HddsDatanodeService.java:startPlugins(396)) - Started plug-in org.apache.hadoop.ozone.web.OzoneHddsDatanodeService@662be9f7
2019-06-14 12:45:23,420 INFO  impl.MetricsSystemImpl (MetricsSystemImpl.java:init(158)) - HddsDatanode metrics system started (again)
2019-06-14 12:45:23,420 INFO  ozone.HddsDatanodeService (HddsDatanodeService.java:start(185)) - HddsDatanodeService host:ozone-8z6qt-916494304 ip:192.168.134.78
2019-06-14 12:45:23,430 INFO  util.JvmPauseMonitor (JvmPauseMonitor.java:run(188)) - Starting JVM pause monitor
2019-06-14 12:45:23,433 INFO  volume.HddsVolume (HddsVolume.java:<init>(176)) - Creating Volume: /opt/src/hadoop-ozone/integration-test/target/test-dir/MiniOzoneClusterImpl-2760fcce-995f-4cf5-8cab-adaa133fc8c0/datanode-3/data/containers/hdds of  storage type : DISK and capacity : 104021790720
2019-06-14 12:45:23,433 INFO  volume.VolumeSet (VolumeSet.java:initializeVolumeSet(170)) - Added Volume : /opt/src/hadoop-ozone/integration-test/target/test-dir/MiniOzoneClusterImpl-2760fcce-995f-4cf5-8cab-adaa133fc8c0/datanode-3/data/containers/hdds to VolumeSet
2019-06-14 12:45:23,434 INFO  datanode.InitDatanodeState (InitDatanodeState.java:persistContainerDatanodeDetails(140)) - DatanodeDetails is persisted to /opt/src/hadoop-ozone/integration-test/target/test-dir/MiniOzoneClusterImpl-2760fcce-995f-4cf5-8cab-adaa133fc8c0/datanode-2/meta/datanode.id
2019-06-14 12:45:23,434 INFO  volume.ThrottledAsyncChecker (ThrottledAsyncChecker.java:schedule(140)) - Scheduling a check for org.apache.hadoop.ozone.container.common.volume.HddsVolume@2f9dda71
2019-06-14 12:45:23,435 INFO  volume.HddsVolumeChecker (HddsVolumeChecker.java:checkAllVolumes(203)) - Scheduled health check for volume org.apache.hadoop.ozone.container.common.volume.HddsVolume@2f9dda71
2019-06-14 12:45:23,447 INFO  ratis.XceiverServerRatis (XceiverServerRatis.java:newXceiverServerRatis(401)) - Found a free port for the server : 34397
2019-06-14 12:45:23,448 INFO  impl.RaftServerProxy (ConfUtils.java:logGet(43)) - raft.rpc.type = GRPC (default)
2019-06-14 12:45:23,449 INFO  grpc.GrpcConfigKeys$Server (ConfUtils.java:logGet(43)) - raft.grpc.server.port = 34397 (custom)
2019-06-14 12:45:23,449 INFO  server.GrpcService (ConfUtils.java:logGet(43)) - raft.grpc.message.size.max = 33570816 (custom)
2019-06-14 12:45:23,449 INFO  server.RaftServerConfigKeys (ConfUtils.java:logGet(43)) - raft.server.log.appender.buffer.byte-limit = 33554432 (custom)
2019-06-14 12:45:23,449 INFO  server.GrpcService (ConfUtils.java:logGet(43)) - raft.grpc.flow.control.window = 1MB (=1048576) (default)
2019-06-14 12:45:23,450 INFO  server.RaftServerConfigKeys (ConfUtils.java:logGet(43)) - raft.server.rpc.request.timeout = 3000ms (default)
2019-06-14 12:45:23,450 INFO  server.RaftServerConfigKeys (ConfUtils.java:logGet(43)) - raft.server.storage.dir = [/opt/src/hadoop-ozone/integration-test/target/test-dir/MiniOzoneClusterImpl-2760fcce-995f-4cf5-8cab-adaa133fc8c0/datanode-3/data/ratis] (custom)
2019-06-14 12:45:23,451 INFO  server.XceiverServerGrpc (XceiverServerGrpc.java:<init>(97)) - Found a free port for the server : 39047
2019-06-14 12:45:23,451 INFO  replication.SimpleContainerDownloader (SimpleContainerDownloader.java:<init>(72)) - Starting container downloader service to copy containers to replicate.
2019-06-14 12:45:23,452 INFO  hdfs.DFSUtil (DFSUtil.java:httpServerTemplateForNNAndJN(1641)) - Starting Web-server for hddsDatanode at: http://0.0.0.0:0
2019-06-14 12:45:23,453 INFO  server.AuthenticationFilter (AuthenticationFilter.java:constructSecretProvider(240)) - Unable to initialize FileSignerSecretProvider, falling back to use random secrets.
2019-06-14 12:45:23,454 WARN  http.HttpRequestLog (HttpRequestLog.java:getRequestLog(97)) - Jetty request log can only be enabled using Log4j
2019-06-14 12:45:23,455 INFO  http.HttpServer2 (HttpServer2.java:addGlobalFilter(975)) - Added global filter 'safety' (class=org.apache.hadoop.http.HttpServer2$QuotingInputFilter)
2019-06-14 12:45:23,455 INFO  http.HttpServer2 (HttpServer2.java:addFilter(948)) - Added filter static_user_filter (class=org.apache.hadoop.http.lib.StaticUserWebFilter$StaticUserFilter) to context hddsDatanode
2019-06-14 12:45:23,456 INFO  http.HttpServer2 (HttpServer2.java:addFilter(958)) - Added filter static_user_filter (class=org.apache.hadoop.http.lib.StaticUserWebFilter$StaticUserFilter) to context static
2019-06-14 12:45:23,456 INFO  http.HttpServer2 (HttpServer2.java:addFilter(958)) - Added filter static_user_filter (class=org.apache.hadoop.http.lib.StaticUserWebFilter$StaticUserFilter) to context logs
2019-06-14 12:45:23,456 INFO  http.HttpServer2 (HttpServer2.java:bindListener(1191)) - Jetty bound to port 37151
2019-06-14 12:45:23,457 INFO  server.Server (Server.java:doStart(351)) - jetty-9.3.24.v20180605, build timestamp: 2018-06-05T17:11:56Z, git hash: 84205aa28f11a4f31f2a3b86d1bba2cc8ab69827
2019-06-14 12:45:23,459 INFO  handler.ContextHandler (ContextHandler.java:doStart(781)) - Started o.e.j.s.ServletContextHandler@1f15e689{/logs,file:///opt/src/hadoop-ozone/integration-test/target/log,AVAILABLE}
2019-06-14 12:45:23,460 INFO  handler.ContextHandler (ContextHandler.java:doStart(781)) - Started o.e.j.s.ServletContextHandler@3ebc955b{/static,jar:file:/root/.m2/repository/org/apache/hadoop/hadoop-hdds-container-service/0.5.0-SNAPSHOT/hadoop-hdds-container-service-0.5.0-SNAPSHOT.jar!/webapps/static,AVAILABLE}
2019-06-14 12:45:23,483 INFO  handler.ContextHandler (ContextHandler.java:doStart(781)) - Started o.e.j.w.WebAppContext@9fe720a{/,file:///tmp/jetty-0.0.0.0-37151-hddsDatanode-_-any-2996682883155336554.dir/webapp/,AVAILABLE}{/hddsDatanode}
2019-06-14 12:45:23,484 INFO  server.AbstractConnector (AbstractConnector.java:doStart(278)) - Started ServerConnector@149274cb{HTTP/1.1,[http/1.1]}{0.0.0.0:37151}
2019-06-14 12:45:23,484 INFO  server.Server (Server.java:doStart(419)) - Started @4722ms
2019-06-14 12:45:23,485 INFO  server.BaseHttpServer (BaseHttpServer.java:updateConnectorAddress(207)) - HTTP server of HDDSDATANODE is listening at http://0.0.0.0:37151
2019-06-14 12:45:23,597 INFO  ozone.HddsDatanodeService (HddsDatanodeService.java:startPlugins(396)) - Started plug-in org.apache.hadoop.ozone.web.OzoneHddsDatanodeService@7aded903
2019-06-14 12:45:23,598 INFO  impl.MetricsSystemImpl (MetricsSystemImpl.java:init(158)) - HddsDatanode metrics system started (again)
2019-06-14 12:45:23,598 INFO  ozone.HddsDatanodeService (HddsDatanodeService.java:start(185)) - HddsDatanodeService host:ozone-8z6qt-916494304 ip:192.168.134.78
2019-06-14 12:45:23,611 INFO  volume.HddsVolume (HddsVolume.java:<init>(176)) - Creating Volume: /opt/src/hadoop-ozone/integration-test/target/test-dir/MiniOzoneClusterImpl-2760fcce-995f-4cf5-8cab-adaa133fc8c0/datanode-4/data/containers/hdds of  storage type : DISK and capacity : 104021790720
2019-06-14 12:45:23,611 INFO  util.JvmPauseMonitor (JvmPauseMonitor.java:run(188)) - Starting JVM pause monitor
2019-06-14 12:45:23,611 INFO  volume.VolumeSet (VolumeSet.java:initializeVolumeSet(170)) - Added Volume : /opt/src/hadoop-ozone/integration-test/target/test-dir/MiniOzoneClusterImpl-2760fcce-995f-4cf5-8cab-adaa133fc8c0/datanode-4/data/containers/hdds to VolumeSet
2019-06-14 12:45:23,611 INFO  volume.ThrottledAsyncChecker (ThrottledAsyncChecker.java:schedule(140)) - Scheduling a check for org.apache.hadoop.ozone.container.common.volume.HddsVolume@66f16742
2019-06-14 12:45:23,613 INFO  datanode.InitDatanodeState (InitDatanodeState.java:persistContainerDatanodeDetails(140)) - DatanodeDetails is persisted to /opt/src/hadoop-ozone/integration-test/target/test-dir/MiniOzoneClusterImpl-2760fcce-995f-4cf5-8cab-adaa133fc8c0/datanode-3/meta/datanode.id
2019-06-14 12:45:23,618 INFO  volume.HddsVolumeChecker (HddsVolumeChecker.java:checkAllVolumes(203)) - Scheduled health check for volume org.apache.hadoop.ozone.container.common.volume.HddsVolume@66f16742
2019-06-14 12:45:23,628 INFO  ratis.XceiverServerRatis (XceiverServerRatis.java:newXceiverServerRatis(401)) - Found a free port for the server : 35139
2019-06-14 12:45:23,629 INFO  impl.RaftServerProxy (ConfUtils.java:logGet(43)) - raft.rpc.type = GRPC (default)
2019-06-14 12:45:23,629 INFO  grpc.GrpcConfigKeys$Server (ConfUtils.java:logGet(43)) - raft.grpc.server.port = 35139 (custom)
2019-06-14 12:45:23,630 INFO  server.GrpcService (ConfUtils.java:logGet(43)) - raft.grpc.message.size.max = 33570816 (custom)
2019-06-14 12:45:23,630 INFO  server.RaftServerConfigKeys (ConfUtils.java:logGet(43)) - raft.server.log.appender.buffer.byte-limit = 33554432 (custom)
2019-06-14 12:45:23,630 INFO  server.GrpcService (ConfUtils.java:logGet(43)) - raft.grpc.flow.control.window = 1MB (=1048576) (default)
2019-06-14 12:45:23,630 INFO  server.RaftServerConfigKeys (ConfUtils.java:logGet(43)) - raft.server.rpc.request.timeout = 3000ms (default)
2019-06-14 12:45:23,630 INFO  server.RaftServerConfigKeys (ConfUtils.java:logGet(43)) - raft.server.storage.dir = [/opt/src/hadoop-ozone/integration-test/target/test-dir/MiniOzoneClusterImpl-2760fcce-995f-4cf5-8cab-adaa133fc8c0/datanode-4/data/ratis] (custom)
2019-06-14 12:45:23,631 INFO  server.XceiverServerGrpc (XceiverServerGrpc.java:<init>(97)) - Found a free port for the server : 39549
2019-06-14 12:45:23,631 INFO  replication.SimpleContainerDownloader (SimpleContainerDownloader.java:<init>(72)) - Starting container downloader service to copy containers to replicate.
2019-06-14 12:45:23,632 INFO  hdfs.DFSUtil (DFSUtil.java:httpServerTemplateForNNAndJN(1641)) - Starting Web-server for hddsDatanode at: http://0.0.0.0:0
2019-06-14 12:45:23,632 INFO  server.AuthenticationFilter (AuthenticationFilter.java:constructSecretProvider(240)) - Unable to initialize FileSignerSecretProvider, falling back to use random secrets.
2019-06-14 12:45:23,633 WARN  http.HttpRequestLog (HttpRequestLog.java:getRequestLog(97)) - Jetty request log can only be enabled using Log4j
2019-06-14 12:45:23,634 INFO  http.HttpServer2 (HttpServer2.java:addGlobalFilter(975)) - Added global filter 'safety' (class=org.apache.hadoop.http.HttpServer2$QuotingInputFilter)
2019-06-14 12:45:23,634 INFO  http.HttpServer2 (HttpServer2.java:addFilter(948)) - Added filter static_user_filter (class=org.apache.hadoop.http.lib.StaticUserWebFilter$StaticUserFilter) to context hddsDatanode
2019-06-14 12:45:23,634 INFO  http.HttpServer2 (HttpServer2.java:addFilter(958)) - Added filter static_user_filter (class=org.apache.hadoop.http.lib.StaticUserWebFilter$StaticUserFilter) to context logs
2019-06-14 12:45:23,635 INFO  http.HttpServer2 (HttpServer2.java:addFilter(958)) - Added filter static_user_filter (class=org.apache.hadoop.http.lib.StaticUserWebFilter$StaticUserFilter) to context static
2019-06-14 12:45:23,635 INFO  http.HttpServer2 (HttpServer2.java:bindListener(1191)) - Jetty bound to port 37453
2019-06-14 12:45:23,635 INFO  server.Server (Server.java:doStart(351)) - jetty-9.3.24.v20180605, build timestamp: 2018-06-05T17:11:56Z, git hash: 84205aa28f11a4f31f2a3b86d1bba2cc8ab69827
2019-06-14 12:45:23,637 INFO  handler.ContextHandler (ContextHandler.java:doStart(781)) - Started o.e.j.s.ServletContextHandler@4ef18604{/logs,file:///opt/src/hadoop-ozone/integration-test/target/log,AVAILABLE}
2019-06-14 12:45:23,637 INFO  handler.ContextHandler (ContextHandler.java:doStart(781)) - Started o.e.j.s.ServletContextHandler@16cf8438{/static,jar:file:/root/.m2/repository/org/apache/hadoop/hadoop-hdds-container-service/0.5.0-SNAPSHOT/hadoop-hdds-container-service-0.5.0-SNAPSHOT.jar!/webapps/static,AVAILABLE}
2019-06-14 12:45:23,657 INFO  handler.ContextHandler (ContextHandler.java:doStart(781)) - Started o.e.j.w.WebAppContext@2ca3d826{/,file:///tmp/jetty-0.0.0.0-37453-hddsDatanode-_-any-8488055909688009852.dir/webapp/,AVAILABLE}{/hddsDatanode}
2019-06-14 12:45:23,658 INFO  server.AbstractConnector (AbstractConnector.java:doStart(278)) - Started ServerConnector@5d194314{HTTP/1.1,[http/1.1]}{0.0.0.0:37453}
2019-06-14 12:45:23,659 INFO  server.Server (Server.java:doStart(419)) - Started @4897ms
2019-06-14 12:45:23,660 INFO  server.BaseHttpServer (BaseHttpServer.java:updateConnectorAddress(207)) - HTTP server of HDDSDATANODE is listening at http://0.0.0.0:37453
2019-06-14 12:45:23,768 INFO  ozone.HddsDatanodeService (HddsDatanodeService.java:startPlugins(396)) - Started plug-in org.apache.hadoop.ozone.web.OzoneHddsDatanodeService@454bcbbf
2019-06-14 12:45:23,769 INFO  impl.MetricsSystemImpl (MetricsSystemImpl.java:init(158)) - HddsDatanode metrics system started (again)
2019-06-14 12:45:23,769 INFO  ozone.HddsDatanodeService (HddsDatanodeService.java:start(185)) - HddsDatanodeService host:ozone-8z6qt-916494304 ip:192.168.134.78
2019-06-14 12:45:23,786 INFO  util.JvmPauseMonitor (JvmPauseMonitor.java:run(188)) - Starting JVM pause monitor
2019-06-14 12:45:23,788 INFO  datanode.InitDatanodeState (InitDatanodeState.java:persistContainerDatanodeDetails(140)) - DatanodeDetails is persisted to /opt/src/hadoop-ozone/integration-test/target/test-dir/MiniOzoneClusterImpl-2760fcce-995f-4cf5-8cab-adaa133fc8c0/datanode-4/meta/datanode.id
2019-06-14 12:45:23,791 INFO  volume.HddsVolume (HddsVolume.java:<init>(176)) - Creating Volume: /opt/src/hadoop-ozone/integration-test/target/test-dir/MiniOzoneClusterImpl-2760fcce-995f-4cf5-8cab-adaa133fc8c0/datanode-5/data/containers/hdds of  storage type : DISK and capacity : 104021790720
2019-06-14 12:45:23,791 INFO  volume.VolumeSet (VolumeSet.java:initializeVolumeSet(170)) - Added Volume : /opt/src/hadoop-ozone/integration-test/target/test-dir/MiniOzoneClusterImpl-2760fcce-995f-4cf5-8cab-adaa133fc8c0/datanode-5/data/containers/hdds to VolumeSet
2019-06-14 12:45:23,791 INFO  volume.ThrottledAsyncChecker (ThrottledAsyncChecker.java:schedule(140)) - Scheduling a check for org.apache.hadoop.ozone.container.common.volume.HddsVolume@7ea42c82
2019-06-14 12:45:23,794 INFO  volume.HddsVolumeChecker (HddsVolumeChecker.java:checkAllVolumes(203)) - Scheduled health check for volume org.apache.hadoop.ozone.container.common.volume.HddsVolume@7ea42c82
2019-06-14 12:45:23,803 INFO  ratis.XceiverServerRatis (XceiverServerRatis.java:newXceiverServerRatis(401)) - Found a free port for the server : 44137
2019-06-14 12:45:23,804 INFO  impl.RaftServerProxy (ConfUtils.java:logGet(43)) - raft.rpc.type = GRPC (default)
2019-06-14 12:45:23,804 INFO  grpc.GrpcConfigKeys$Server (ConfUtils.java:logGet(43)) - raft.grpc.server.port = 44137 (custom)
2019-06-14 12:45:23,804 INFO  server.GrpcService (ConfUtils.java:logGet(43)) - raft.grpc.message.size.max = 33570816 (custom)
2019-06-14 12:45:23,804 INFO  server.RaftServerConfigKeys (ConfUtils.java:logGet(43)) - raft.server.log.appender.buffer.byte-limit = 33554432 (custom)
2019-06-14 12:45:23,805 INFO  server.GrpcService (ConfUtils.java:logGet(43)) - raft.grpc.flow.control.window = 1MB (=1048576) (default)
2019-06-14 12:45:23,805 INFO  server.RaftServerConfigKeys (ConfUtils.java:logGet(43)) - raft.server.rpc.request.timeout = 3000ms (default)
2019-06-14 12:45:23,805 INFO  server.RaftServerConfigKeys (ConfUtils.java:logGet(43)) - raft.server.storage.dir = [/opt/src/hadoop-ozone/integration-test/target/test-dir/MiniOzoneClusterImpl-2760fcce-995f-4cf5-8cab-adaa133fc8c0/datanode-5/data/ratis] (custom)
2019-06-14 12:45:23,805 INFO  server.XceiverServerGrpc (XceiverServerGrpc.java:<init>(97)) - Found a free port for the server : 38251
2019-06-14 12:45:23,806 INFO  replication.SimpleContainerDownloader (SimpleContainerDownloader.java:<init>(72)) - Starting container downloader service to copy containers to replicate.
2019-06-14 12:45:23,806 INFO  hdfs.DFSUtil (DFSUtil.java:httpServerTemplateForNNAndJN(1641)) - Starting Web-server for hddsDatanode at: http://0.0.0.0:0
2019-06-14 12:45:23,807 INFO  server.AuthenticationFilter (AuthenticationFilter.java:constructSecretProvider(240)) - Unable to initialize FileSignerSecretProvider, falling back to use random secrets.
2019-06-14 12:45:23,808 WARN  http.HttpRequestLog (HttpRequestLog.java:getRequestLog(97)) - Jetty request log can only be enabled using Log4j
2019-06-14 12:45:23,809 INFO  http.HttpServer2 (HttpServer2.java:addGlobalFilter(975)) - Added global filter 'safety' (class=org.apache.hadoop.http.HttpServer2$QuotingInputFilter)
2019-06-14 12:45:23,809 INFO  http.HttpServer2 (HttpServer2.java:addFilter(948)) - Added filter static_user_filter (class=org.apache.hadoop.http.lib.StaticUserWebFilter$StaticUserFilter) to context hddsDatanode
2019-06-14 12:45:23,809 INFO  http.HttpServer2 (HttpServer2.java:addFilter(958)) - Added filter static_user_filter (class=org.apache.hadoop.http.lib.StaticUserWebFilter$StaticUserFilter) to context static
2019-06-14 12:45:23,810 INFO  http.HttpServer2 (HttpServer2.java:addFilter(958)) - Added filter static_user_filter (class=org.apache.hadoop.http.lib.StaticUserWebFilter$StaticUserFilter) to context logs
2019-06-14 12:45:23,810 INFO  http.HttpServer2 (HttpServer2.java:bindListener(1191)) - Jetty bound to port 45327
2019-06-14 12:45:23,810 INFO  server.Server (Server.java:doStart(351)) - jetty-9.3.24.v20180605, build timestamp: 2018-06-05T17:11:56Z, git hash: 84205aa28f11a4f31f2a3b86d1bba2cc8ab69827
2019-06-14 12:45:23,812 INFO  handler.ContextHandler (ContextHandler.java:doStart(781)) - Started o.e.j.s.ServletContextHandler@58a7dc4{/logs,file:///opt/src/hadoop-ozone/integration-test/target/log,AVAILABLE}
2019-06-14 12:45:23,813 INFO  handler.ContextHandler (ContextHandler.java:doStart(781)) - Started o.e.j.s.ServletContextHandler@27f71195{/static,jar:file:/root/.m2/repository/org/apache/hadoop/hadoop-hdds-container-service/0.5.0-SNAPSHOT/hadoop-hdds-container-service-0.5.0-SNAPSHOT.jar!/webapps/static,AVAILABLE}
2019-06-14 12:45:23,833 INFO  handler.ContextHandler (ContextHandler.java:doStart(781)) - Started o.e.j.w.WebAppContext@26b3c9a2{/,file:///tmp/jetty-0.0.0.0-45327-hddsDatanode-_-any-5608067879790183970.dir/webapp/,AVAILABLE}{/hddsDatanode}
2019-06-14 12:45:23,834 INFO  server.AbstractConnector (AbstractConnector.java:doStart(278)) - Started ServerConnector@241b971f{HTTP/1.1,[http/1.1]}{0.0.0.0:45327}
2019-06-14 12:45:23,834 INFO  server.Server (Server.java:doStart(419)) - Started @5072ms
2019-06-14 12:45:23,835 INFO  server.BaseHttpServer (BaseHttpServer.java:updateConnectorAddress(207)) - HTTP server of HDDSDATANODE is listening at http://0.0.0.0:45327
2019-06-14 12:45:23,976 INFO  ozone.HddsDatanodeService (HddsDatanodeService.java:startPlugins(396)) - Started plug-in org.apache.hadoop.ozone.web.OzoneHddsDatanodeService@693f2213
2019-06-14 12:45:23,978 INFO  ozone.MiniOzoneClusterImpl (MiniOzoneClusterImpl.java:lambda$waitForClusterToBeReady$0(142)) - Waiting for cluster to be ready. Got 0 of 6 DN Heartbeats.
2019-06-14 12:45:23,981 INFO  util.JvmPauseMonitor (JvmPauseMonitor.java:run(188)) - Starting JVM pause monitor
2019-06-14 12:45:23,983 INFO  datanode.InitDatanodeState (InitDatanodeState.java:persistContainerDatanodeDetails(140)) - DatanodeDetails is persisted to /opt/src/hadoop-ozone/integration-test/target/test-dir/MiniOzoneClusterImpl-2760fcce-995f-4cf5-8cab-adaa133fc8c0/datanode-5/meta/datanode.id
2019-06-14 12:45:24,886 INFO  ozoneimpl.OzoneContainer (OzoneContainer.java:start(186)) - Attempting to start container services.
2019-06-14 12:45:24,886 INFO  ozoneimpl.OzoneContainer (OzoneContainer.java:startContainerScrub(160)) - Background container scrubber has been disabled by hdds.containerscrub.enabled
2019-06-14 12:45:24,886 INFO  ratis.XceiverServerRatis (XceiverServerRatis.java:start(418)) - Starting XceiverServerRatis 676dbe5a-7983-40eb-af5f-40e3ab6d062d at port 38799
2019-06-14 12:45:24,897 INFO  impl.RaftServerProxy (RaftServerProxy.java:lambda$start$3(299)) - 676dbe5a-7983-40eb-af5f-40e3ab6d062d: start RPC server
2019-06-14 12:45:24,979 INFO  ozone.MiniOzoneClusterImpl (MiniOzoneClusterImpl.java:lambda$waitForClusterToBeReady$0(142)) - Waiting for cluster to be ready. Got 0 of 6 DN Heartbeats.
2019-06-14 12:45:25,044 INFO  server.GrpcService (GrpcService.java:startImpl(148)) - 676dbe5a-7983-40eb-af5f-40e3ab6d062d: GrpcService started, listening on 0.0.0.0/0.0.0.0:38799
2019-06-14 12:45:25,150 INFO  ozoneimpl.OzoneContainer (OzoneContainer.java:start(186)) - Attempting to start container services.
2019-06-14 12:45:25,151 INFO  ozoneimpl.OzoneContainer (OzoneContainer.java:startContainerScrub(160)) - Background container scrubber has been disabled by hdds.containerscrub.enabled
2019-06-14 12:45:25,151 INFO  ratis.XceiverServerRatis (XceiverServerRatis.java:start(418)) - Starting XceiverServerRatis 537adc42-6dcd-44df-a2bc-d5df31cf4267 at port 41539
2019-06-14 12:45:25,156 INFO  impl.RaftServerProxy (RaftServerProxy.java:lambda$start$3(299)) - 537adc42-6dcd-44df-a2bc-d5df31cf4267: start RPC server
2019-06-14 12:45:25,158 INFO  server.GrpcService (GrpcService.java:startImpl(148)) - 537adc42-6dcd-44df-a2bc-d5df31cf4267: GrpcService started, listening on 0.0.0.0/0.0.0.0:41539
2019-06-14 12:45:25,431 INFO  ozoneimpl.OzoneContainer (OzoneContainer.java:start(186)) - Attempting to start container services.
2019-06-14 12:45:25,432 INFO  ozoneimpl.OzoneContainer (OzoneContainer.java:startContainerScrub(160)) - Background container scrubber has been disabled by hdds.containerscrub.enabled
2019-06-14 12:45:25,432 INFO  ratis.XceiverServerRatis (XceiverServerRatis.java:start(418)) - Starting XceiverServerRatis 8928c4b9-9795-403c-a9c4-fac405b6f760 at port 37369
2019-06-14 12:45:25,437 INFO  impl.RaftServerProxy (RaftServerProxy.java:lambda$start$3(299)) - 8928c4b9-9795-403c-a9c4-fac405b6f760: start RPC server
2019-06-14 12:45:25,438 INFO  server.GrpcService (GrpcService.java:startImpl(148)) - 8928c4b9-9795-403c-a9c4-fac405b6f760: GrpcService started, listening on 0.0.0.0/0.0.0.0:37369
2019-06-14 12:45:25,614 INFO  ozoneimpl.OzoneContainer (OzoneContainer.java:start(186)) - Attempting to start container services.
2019-06-14 12:45:25,616 INFO  ozoneimpl.OzoneContainer (OzoneContainer.java:startContainerScrub(160)) - Background container scrubber has been disabled by hdds.containerscrub.enabled
2019-06-14 12:45:25,616 INFO  ratis.XceiverServerRatis (XceiverServerRatis.java:start(418)) - Starting XceiverServerRatis 356b3cd1-6bcc-4bfe-aedc-ac6eaf5ff8d0 at port 34397
2019-06-14 12:45:25,621 INFO  impl.RaftServerProxy (RaftServerProxy.java:lambda$start$3(299)) - 356b3cd1-6bcc-4bfe-aedc-ac6eaf5ff8d0: start RPC server
2019-06-14 12:45:25,622 INFO  server.GrpcService (GrpcService.java:startImpl(148)) - 356b3cd1-6bcc-4bfe-aedc-ac6eaf5ff8d0: GrpcService started, listening on 0.0.0.0/0.0.0.0:34397
2019-06-14 12:45:25,788 INFO  ozoneimpl.OzoneContainer (OzoneContainer.java:start(186)) - Attempting to start container services.
2019-06-14 12:45:25,789 INFO  ozoneimpl.OzoneContainer (OzoneContainer.java:startContainerScrub(160)) - Background container scrubber has been disabled by hdds.containerscrub.enabled
2019-06-14 12:45:25,790 INFO  ratis.XceiverServerRatis (XceiverServerRatis.java:start(418)) - Starting XceiverServerRatis 707048a9-8a36-42ee-8972-c37fadebc751 at port 35139
2019-06-14 12:45:25,802 INFO  impl.RaftServerProxy (RaftServerProxy.java:lambda$start$3(299)) - 707048a9-8a36-42ee-8972-c37fadebc751: start RPC server
2019-06-14 12:45:25,804 INFO  server.GrpcService (GrpcService.java:startImpl(148)) - 707048a9-8a36-42ee-8972-c37fadebc751: GrpcService started, listening on 0.0.0.0/0.0.0.0:35139
2019-06-14 12:45:25,979 INFO  ozone.MiniOzoneClusterImpl (MiniOzoneClusterImpl.java:lambda$waitForClusterToBeReady$0(142)) - Waiting for cluster to be ready. Got 0 of 6 DN Heartbeats.
2019-06-14 12:45:25,986 INFO  ozoneimpl.OzoneContainer (OzoneContainer.java:start(186)) - Attempting to start container services.
2019-06-14 12:45:25,988 INFO  ozoneimpl.OzoneContainer (OzoneContainer.java:startContainerScrub(160)) - Background container scrubber has been disabled by hdds.containerscrub.enabled
2019-06-14 12:45:25,988 INFO  ratis.XceiverServerRatis (XceiverServerRatis.java:start(418)) - Starting XceiverServerRatis 13a5b62c-7036-4663-a28e-db67ab1f3d21 at port 44137
2019-06-14 12:45:25,991 INFO  impl.RaftServerProxy (RaftServerProxy.java:lambda$start$3(299)) - 13a5b62c-7036-4663-a28e-db67ab1f3d21: start RPC server
2019-06-14 12:45:25,993 INFO  server.GrpcService (GrpcService.java:startImpl(148)) - 13a5b62c-7036-4663-a28e-db67ab1f3d21: GrpcService started, listening on 0.0.0.0/0.0.0.0:44137
2019-06-14 12:45:26,886 INFO  node.SCMNodeManager (SCMNodeManager.java:register(234)) - Registered Data node : 676dbe5a-7983-40eb-af5f-40e3ab6d062d{ip: 192.168.134.78, host: ozone-8z6qt-916494304, networkLocation: /default-rack, certSerialId: null}
2019-06-14 12:45:26,889 INFO  safemode.SCMSafeModeManager (DataNodeSafeModeRule.java:process(71)) - SCM in safe mode. 1 DataNodes registered, 1 required.
2019-06-14 12:45:26,889 INFO  safemode.SCMSafeModeManager (SCMSafeModeManager.java:validateSafeModeExitRules(177)) - ScmSafeModeManager, all rules are successfully validated
2019-06-14 12:45:26,889 INFO  safemode.SCMSafeModeManager (SCMSafeModeManager.java:exitSafeMode(193)) - SCM exiting safe mode.
2019-06-14 12:45:26,979 INFO  ozone.MiniOzoneClusterImpl (MiniOzoneClusterImpl.java:lambda$waitForClusterToBeReady$0(142)) - Waiting for cluster to be ready. Got 1 of 6 DN Heartbeats.
2019-06-14 12:45:27,149 INFO  node.SCMNodeManager (SCMNodeManager.java:register(234)) - Registered Data node : 537adc42-6dcd-44df-a2bc-d5df31cf4267{ip: 192.168.134.78, host: ozone-8z6qt-916494304, networkLocation: /default-rack, certSerialId: null}
2019-06-14 12:45:27,237 INFO  impl.RaftServerProxy (RaftServerProxy.java:addNew(89)) - 676dbe5a-7983-40eb-af5f-40e3ab6d062d: addNew group-7E73C25CDB85:[676dbe5a-7983-40eb-af5f-40e3ab6d062d:192.168.134.78:38799] returns group-7E73C25CDB85:java.util.concurrent.CompletableFuture@2050d549[Not completed]
2019-06-14 12:45:27,243 INFO  impl.RaftServerImpl (RaftServerImpl.java:<init>(91)) - 676dbe5a-7983-40eb-af5f-40e3ab6d062d: new RaftServerImpl for group-7E73C25CDB85:[676dbe5a-7983-40eb-af5f-40e3ab6d062d:192.168.134.78:38799] with ContainerStateMachine:uninitialized
2019-06-14 12:45:27,244 INFO  server.RaftServerConfigKeys (ConfUtils.java:logGet(43)) - raft.server.rpc.timeout.min = 1s (custom)
2019-06-14 12:45:27,244 INFO  server.RaftServerConfigKeys (ConfUtils.java:logGet(43)) - raft.server.rpc.timeout.max = 1200ms (custom)
2019-06-14 12:45:27,244 INFO  server.RaftServerConfigKeys (ConfUtils.java:logGet(43)) - raft.server.rpcslowness.timeout = 10s (custom)
2019-06-14 12:45:27,245 INFO  server.RaftServerConfigKeys (ConfUtils.java:logGet(43)) - raft.server.log.appender.install.snapshot.enabled = true (default)
2019-06-14 12:45:27,249 INFO  impl.RaftServerImpl (ServerState.java:<init>(101)) - 676dbe5a-7983-40eb-af5f-40e3ab6d062d:group-7E73C25CDB85 ConfigurationManager, init=-1: [676dbe5a-7983-40eb-af5f-40e3ab6d062d:192.168.134.78:38799], old=null, confs=<EMPTY_MAP>
2019-06-14 12:45:27,250 INFO  server.RaftServerConfigKeys (ConfUtils.java:logGet(43)) - raft.server.storage.dir = [/opt/src/hadoop-ozone/integration-test/target/test-dir/MiniOzoneClusterImpl-2760fcce-995f-4cf5-8cab-adaa133fc8c0/datanode-0/data/ratis] (custom)
2019-06-14 12:45:27,254 INFO  storage.RaftStorageDirectory (RaftStorageDirectory.java:analyzeStorage(246)) - The storage directory /opt/src/hadoop-ozone/integration-test/target/test-dir/MiniOzoneClusterImpl-2760fcce-995f-4cf5-8cab-adaa133fc8c0/datanode-0/data/ratis/07e9f52d-520e-467a-a59c-7e73c25cdb85 does not exist. Creating ...
2019-06-14 12:45:27,259 INFO  storage.RaftStorageDirectory (RaftStorageDirectory.java:tryLock(328)) - Lock on /opt/src/hadoop-ozone/integration-test/target/test-dir/MiniOzoneClusterImpl-2760fcce-995f-4cf5-8cab-adaa133fc8c0/datanode-0/data/ratis/07e9f52d-520e-467a-a59c-7e73c25cdb85/in_use.lock acquired by nodename 9990@ozone-8z6qt-916494304
2019-06-14 12:45:27,262 INFO  storage.RaftStorage (RaftStorage.java:format(75)) - Storage directory /opt/src/hadoop-ozone/integration-test/target/test-dir/MiniOzoneClusterImpl-2760fcce-995f-4cf5-8cab-adaa133fc8c0/datanode-0/data/ratis/07e9f52d-520e-467a-a59c-7e73c25cdb85 has been successfully formatted.
2019-06-14 12:45:27,263 INFO  ratis.ContainerStateMachine (ContainerStateMachine.java:loadSnapshot(199)) - The snapshot info is null.Setting the last applied index to:(t:0, i:~)
2019-06-14 12:45:27,264 INFO  server.RaftServerConfigKeys (ConfUtils.java:logGet(43)) - raft.server.leader.election.timeout = 10s (custom)
2019-06-14 12:45:27,265 INFO  server.RaftServerConfigKeys (ConfUtils.java:logGet(43)) - raft.server.log.use.memory = false (default)
2019-06-14 12:45:27,267 INFO  server.RaftServerConfigKeys (ConfUtils.java:logGet(43)) - raft.server.log.appender.buffer.byte-limit = 33554432 (custom)
2019-06-14 12:45:27,269 INFO  server.RaftServerConfigKeys (ConfUtils.java:logGet(43)) - raft.server.log.segment.size.max = 16384 (custom)
2019-06-14 12:45:27,272 INFO  server.RaftServerConfigKeys (ConfUtils.java:logGet(43)) - raft.server.log.segment.cache.num.max = 2 (custom)
2019-06-14 12:45:27,407 INFO  storage.RaftLogWorker (RaftLogWorker.java:<init>(123)) - new 676dbe5a-7983-40eb-af5f-40e3ab6d062d-RaftLogWorker for Storage Directory /opt/src/hadoop-ozone/integration-test/target/test-dir/MiniOzoneClusterImpl-2760fcce-995f-4cf5-8cab-adaa133fc8c0/datanode-0/data/ratis/07e9f52d-520e-467a-a59c-7e73c25cdb85
2019-06-14 12:45:27,408 INFO  server.RaftServerConfigKeys (ConfUtils.java:logGet(43)) - raft.server.log.queue.byte-limit = 2147483647 (custom)
2019-06-14 12:45:27,408 INFO  server.RaftServerConfigKeys (ConfUtils.java:logGet(43)) - raft.server.log.queue.element-limit = 1024 (custom)
2019-06-14 12:45:27,410 INFO  server.RaftServerConfigKeys (ConfUtils.java:logGet(43)) - raft.server.log.segment.size.max = 16384 (custom)
2019-06-14 12:45:27,410 INFO  server.RaftServerConfigKeys (ConfUtils.java:logGet(43)) - raft.server.log.preallocated.size = 16384 (custom)
2019-06-14 12:45:27,411 INFO  server.RaftServerConfigKeys (ConfUtils.java:logGet(43)) - raft.server.log.write.buffer.size = 33554432 (custom)
2019-06-14 12:45:27,411 INFO  server.RaftServerConfigKeys (ConfUtils.java:logGet(43)) - raft.server.log.force.sync.num = 128 (default)
2019-06-14 12:45:27,412 INFO  server.RaftServerConfigKeys (ConfUtils.java:logGet(43)) - raft.server.log.statemachine.data.sync = true (default)
2019-06-14 12:45:27,412 INFO  server.RaftServerConfigKeys (ConfUtils.java:logGet(43)) - raft.server.log.statemachine.data.sync.timeout = 10s (default)
2019-06-14 12:45:27,412 INFO  server.RaftServerConfigKeys (ConfUtils.java:logGet(43)) - raft.server.log.statemachine.data.sync.timeout.retry = -1 (default)
2019-06-14 12:45:27,414 INFO  server.RaftServerConfigKeys (ConfUtils.java:logGet(43)) - raft.server.log.statemachine.data.caching.enabled = true (custom)
2019-06-14 12:45:27,418 INFO  server.RaftServerConfigKeys (ConfUtils.java:logGet(43)) - raft.server.snapshot.auto.trigger.enabled = true (custom)
2019-06-14 12:45:27,419 INFO  server.RaftServerConfigKeys (ConfUtils.java:logGet(43)) - raft.server.snapshot.auto.trigger.threshold = 10000 (custom)
2019-06-14 12:45:27,419 INFO  server.RaftServerConfigKeys (ConfUtils.java:logGet(43)) - raft.server.retrycache.expirytime = 600000ms (custom)
2019-06-14 12:45:27,431 INFO  node.SCMNodeManager (SCMNodeManager.java:register(234)) - Registered Data node : 8928c4b9-9795-403c-a9c4-fac405b6f760{ip: 192.168.134.78, host: ozone-8z6qt-916494304, networkLocation: /default-rack, certSerialId: null}
2019-06-14 12:45:27,436 INFO  impl.RaftServerImpl (RaftServerImpl.java:start(173)) - 676dbe5a-7983-40eb-af5f-40e3ab6d062d: start group-7E73C25CDB85
2019-06-14 12:45:27,436 INFO  impl.RaftServerImpl (RaftServerImpl.java:setRole(164)) - 676dbe5a-7983-40eb-af5f-40e3ab6d062d:group-7E73C25CDB85 changes role from null to FOLLOWER at term 0 for startAsFollower
2019-06-14 12:45:27,437 INFO  impl.RoleInfo (RoleInfo.java:updateAndGet(143)) - 676dbe5a-7983-40eb-af5f-40e3ab6d062d: start FollowerState
2019-06-14 12:45:27,439 INFO  util.JmxRegister (JmxRegister.java:tryRegister(44)) - Successfully registered JMX Bean with object name Ratis:service=RaftServer,group=group-7E73C25CDB85,id=676dbe5a-7983-40eb-af5f-40e3ab6d062d
2019-06-14 12:45:27,476 INFO  pipeline.PipelineStateManager (PipelineStateManager.java:addPipeline(56)) - Created pipeline Pipeline[ Id: 07e9f52d-520e-467a-a59c-7e73c25cdb85, Nodes: 676dbe5a-7983-40eb-af5f-40e3ab6d062d{ip: 192.168.134.78, host: ozone-8z6qt-916494304, networkLocation: /default-rack, certSerialId: null}, Type:RATIS, Factor:ONE, State:OPEN]
2019-06-14 12:45:27,494 INFO  impl.RaftServerProxy (RaftServerProxy.java:addNew(89)) - 537adc42-6dcd-44df-a2bc-d5df31cf4267: addNew group-C3B1B61C6031:[537adc42-6dcd-44df-a2bc-d5df31cf4267:192.168.134.78:41539] returns group-C3B1B61C6031:java.util.concurrent.CompletableFuture@5daaa434[Not completed]
2019-06-14 12:45:27,495 INFO  impl.RaftServerImpl (RaftServerImpl.java:<init>(91)) - 537adc42-6dcd-44df-a2bc-d5df31cf4267: new RaftServerImpl for group-C3B1B61C6031:[537adc42-6dcd-44df-a2bc-d5df31cf4267:192.168.134.78:41539] with ContainerStateMachine:uninitialized
2019-06-14 12:45:27,495 INFO  server.RaftServerConfigKeys (ConfUtils.java:logGet(43)) - raft.server.rpc.timeout.min = 1s (custom)
2019-06-14 12:45:27,496 INFO  server.RaftServerConfigKeys (ConfUtils.java:logGet(43)) - raft.server.rpc.timeout.max = 1200ms (custom)
2019-06-14 12:45:27,496 INFO  server.RaftServerConfigKeys (ConfUtils.java:logGet(43)) - raft.server.rpcslowness.timeout = 10s (custom)
2019-06-14 12:45:27,496 INFO  server.RaftServerConfigKeys (ConfUtils.java:logGet(43)) - raft.server.log.appender.install.snapshot.enabled = true (default)
2019-06-14 12:45:27,496 INFO  impl.RaftServerImpl (ServerState.java:<init>(101)) - 537adc42-6dcd-44df-a2bc-d5df31cf4267:group-C3B1B61C6031 ConfigurationManager, init=-1: [537adc42-6dcd-44df-a2bc-d5df31cf4267:192.168.134.78:41539], old=null, confs=<EMPTY_MAP>
2019-06-14 12:45:27,496 INFO  server.RaftServerConfigKeys (ConfUtils.java:logGet(43)) - raft.server.storage.dir = [/opt/src/hadoop-ozone/integration-test/target/test-dir/MiniOzoneClusterImpl-2760fcce-995f-4cf5-8cab-adaa133fc8c0/datanode-1/data/ratis] (custom)
2019-06-14 12:45:27,497 INFO  storage.RaftStorageDirectory (RaftStorageDirectory.java:analyzeStorage(246)) - The storage directory /opt/src/hadoop-ozone/integration-test/target/test-dir/MiniOzoneClusterImpl-2760fcce-995f-4cf5-8cab-adaa133fc8c0/datanode-1/data/ratis/cc2f254e-e2f7-41c9-b888-c3b1b61c6031 does not exist. Creating ...
2019-06-14 12:45:27,499 INFO  storage.RaftStorageDirectory (RaftStorageDirectory.java:tryLock(328)) - Lock on /opt/src/hadoop-ozone/integration-test/target/test-dir/MiniOzoneClusterImpl-2760fcce-995f-4cf5-8cab-adaa133fc8c0/datanode-1/data/ratis/cc2f254e-e2f7-41c9-b888-c3b1b61c6031/in_use.lock acquired by nodename 9990@ozone-8z6qt-916494304
2019-06-14 12:45:27,501 INFO  storage.RaftStorage (RaftStorage.java:format(75)) - Storage directory /opt/src/hadoop-ozone/integration-test/target/test-dir/MiniOzoneClusterImpl-2760fcce-995f-4cf5-8cab-adaa133fc8c0/datanode-1/data/ratis/cc2f254e-e2f7-41c9-b888-c3b1b61c6031 has been successfully formatted.
2019-06-14 12:45:27,501 INFO  ratis.ContainerStateMachine (ContainerStateMachine.java:loadSnapshot(199)) - The snapshot info is null.Setting the last applied index to:(t:0, i:~)
2019-06-14 12:45:27,501 INFO  server.RaftServerConfigKeys (ConfUtils.java:logGet(43)) - raft.server.leader.election.timeout = 10s (custom)
2019-06-14 12:45:27,501 INFO  server.RaftServerConfigKeys (ConfUtils.java:logGet(43)) - raft.server.log.use.memory = false (default)
2019-06-14 12:45:27,501 INFO  server.RaftServerConfigKeys (ConfUtils.java:logGet(43)) - raft.server.log.appender.buffer.byte-limit = 33554432 (custom)
2019-06-14 12:45:27,501 INFO  server.RaftServerConfigKeys (ConfUtils.java:logGet(43)) - raft.server.log.segment.size.max = 16384 (custom)
2019-06-14 12:45:27,501 INFO  server.RaftServerConfigKeys (ConfUtils.java:logGet(43)) - raft.server.log.segment.cache.num.max = 2 (custom)
2019-06-14 12:45:27,501 INFO  storage.RaftLogWorker (RaftLogWorker.java:<init>(123)) - new 537adc42-6dcd-44df-a2bc-d5df31cf4267-RaftLogWorker for Storage Directory /opt/src/hadoop-ozone/integration-test/target/test-dir/MiniOzoneClusterImpl-2760fcce-995f-4cf5-8cab-adaa133fc8c0/datanode-1/data/ratis/cc2f254e-e2f7-41c9-b888-c3b1b61c6031
2019-06-14 12:45:27,503 INFO  server.RaftServerConfigKeys (ConfUtils.java:logGet(43)) - raft.server.log.queue.byte-limit = 2147483647 (custom)
2019-06-14 12:45:27,503 INFO  server.RaftServerConfigKeys (ConfUtils.java:logGet(43)) - raft.server.log.queue.element-limit = 1024 (custom)
2019-06-14 12:45:27,503 INFO  server.RaftServerConfigKeys (ConfUtils.java:logGet(43)) - raft.server.log.segment.size.max = 16384 (custom)
2019-06-14 12:45:27,503 INFO  server.RaftServerConfigKeys (ConfUtils.java:logGet(43)) - raft.server.log.preallocated.size = 16384 (custom)
2019-06-14 12:45:27,503 INFO  server.RaftServerConfigKeys (ConfUtils.java:logGet(43)) - raft.server.log.write.buffer.size = 33554432 (custom)
2019-06-14 12:45:27,503 INFO  server.RaftServerConfigKeys (ConfUtils.java:logGet(43)) - raft.server.log.force.sync.num = 128 (default)
2019-06-14 12:45:27,503 INFO  server.RaftServerConfigKeys (ConfUtils.java:logGet(43)) - raft.server.log.statemachine.data.sync = true (default)
2019-06-14 12:45:27,504 INFO  server.RaftServerConfigKeys (ConfUtils.java:logGet(43)) - raft.server.log.statemachine.data.sync.timeout = 10s (default)
2019-06-14 12:45:27,504 INFO  server.RaftServerConfigKeys (ConfUtils.java:logGet(43)) - raft.server.log.statemachine.data.sync.timeout.retry = -1 (default)
2019-06-14 12:45:27,504 INFO  server.RaftServerConfigKeys (ConfUtils.java:logGet(43)) - raft.server.log.statemachine.data.caching.enabled = true (custom)
2019-06-14 12:45:27,504 INFO  server.RaftServerConfigKeys (ConfUtils.java:logGet(43)) - raft.server.snapshot.auto.trigger.enabled = true (custom)
2019-06-14 12:45:27,504 INFO  server.RaftServerConfigKeys (ConfUtils.java:logGet(43)) - raft.server.snapshot.auto.trigger.threshold = 10000 (custom)
2019-06-14 12:45:27,505 INFO  server.RaftServerConfigKeys (ConfUtils.java:logGet(43)) - raft.server.retrycache.expirytime = 600000ms (custom)
2019-06-14 12:45:27,505 INFO  impl.RaftServerImpl (RaftServerImpl.java:start(173)) - 537adc42-6dcd-44df-a2bc-d5df31cf4267: start group-C3B1B61C6031
2019-06-14 12:45:27,505 INFO  impl.RaftServerImpl (RaftServerImpl.java:setRole(164)) - 537adc42-6dcd-44df-a2bc-d5df31cf4267:group-C3B1B61C6031 changes role from null to FOLLOWER at term 0 for startAsFollower
2019-06-14 12:45:27,505 INFO  impl.RoleInfo (RoleInfo.java:updateAndGet(143)) - 537adc42-6dcd-44df-a2bc-d5df31cf4267: start FollowerState
2019-06-14 12:45:27,506 INFO  util.JmxRegister (JmxRegister.java:tryRegister(44)) - Successfully registered JMX Bean with object name Ratis:service=RaftServer,group=group-C3B1B61C6031,id=537adc42-6dcd-44df-a2bc-d5df31cf4267
2019-06-14 12:45:27,512 INFO  pipeline.PipelineStateManager (PipelineStateManager.java:addPipeline(56)) - Created pipeline Pipeline[ Id: cc2f254e-e2f7-41c9-b888-c3b1b61c6031, Nodes: 537adc42-6dcd-44df-a2bc-d5df31cf4267{ip: 192.168.134.78, host: ozone-8z6qt-916494304, networkLocation: /default-rack, certSerialId: null}, Type:RATIS, Factor:ONE, State:OPEN]
2019-06-14 12:45:27,526 INFO  impl.RaftServerProxy (RaftServerProxy.java:addNew(89)) - 8928c4b9-9795-403c-a9c4-fac405b6f760: addNew group-CE5E5E38FB3A:[8928c4b9-9795-403c-a9c4-fac405b6f760:192.168.134.78:37369] returns group-CE5E5E38FB3A:java.util.concurrent.CompletableFuture@7d1475d4[Not completed]
2019-06-14 12:45:27,555 INFO  impl.RaftServerImpl (RaftServerImpl.java:<init>(91)) - 8928c4b9-9795-403c-a9c4-fac405b6f760: new RaftServerImpl for group-CE5E5E38FB3A:[8928c4b9-9795-403c-a9c4-fac405b6f760:192.168.134.78:37369] with ContainerStateMachine:uninitialized
2019-06-14 12:45:27,555 INFO  server.RaftServerConfigKeys (ConfUtils.java:logGet(43)) - raft.server.rpc.timeout.min = 1s (custom)
2019-06-14 12:45:27,555 INFO  server.RaftServerConfigKeys (ConfUtils.java:logGet(43)) - raft.server.rpc.timeout.max = 1200ms (custom)
2019-06-14 12:45:27,555 INFO  server.RaftServerConfigKeys (ConfUtils.java:logGet(43)) - raft.server.rpcslowness.timeout = 10s (custom)
2019-06-14 12:45:27,555 INFO  server.RaftServerConfigKeys (ConfUtils.java:logGet(43)) - raft.server.log.appender.install.snapshot.enabled = true (default)
2019-06-14 12:45:27,555 INFO  impl.RaftServerImpl (ServerState.java:<init>(101)) - 8928c4b9-9795-403c-a9c4-fac405b6f760:group-CE5E5E38FB3A ConfigurationManager, init=-1: [8928c4b9-9795-403c-a9c4-fac405b6f760:192.168.134.78:37369], old=null, confs=<EMPTY_MAP>
2019-06-14 12:45:27,556 INFO  server.RaftServerConfigKeys (ConfUtils.java:logGet(43)) - raft.server.storage.dir = [/opt/src/hadoop-ozone/integration-test/target/test-dir/MiniOzoneClusterImpl-2760fcce-995f-4cf5-8cab-adaa133fc8c0/datanode-2/data/ratis] (custom)
2019-06-14 12:45:27,556 INFO  storage.RaftStorageDirectory (RaftStorageDirectory.java:analyzeStorage(246)) - The storage directory /opt/src/hadoop-ozone/integration-test/target/test-dir/MiniOzoneClusterImpl-2760fcce-995f-4cf5-8cab-adaa133fc8c0/datanode-2/data/ratis/9363aa3a-db30-44f1-a704-ce5e5e38fb3a does not exist. Creating ...
2019-06-14 12:45:27,559 INFO  storage.RaftStorageDirectory (RaftStorageDirectory.java:tryLock(328)) - Lock on /opt/src/hadoop-ozone/integration-test/target/test-dir/MiniOzoneClusterImpl-2760fcce-995f-4cf5-8cab-adaa133fc8c0/datanode-2/data/ratis/9363aa3a-db30-44f1-a704-ce5e5e38fb3a/in_use.lock acquired by nodename 9990@ozone-8z6qt-916494304
2019-06-14 12:45:27,561 INFO  storage.RaftStorage (RaftStorage.java:format(75)) - Storage directory /opt/src/hadoop-ozone/integration-test/target/test-dir/MiniOzoneClusterImpl-2760fcce-995f-4cf5-8cab-adaa133fc8c0/datanode-2/data/ratis/9363aa3a-db30-44f1-a704-ce5e5e38fb3a has been successfully formatted.
2019-06-14 12:45:27,562 INFO  ratis.ContainerStateMachine (ContainerStateMachine.java:loadSnapshot(199)) - The snapshot info is null.Setting the last applied index to:(t:0, i:~)
2019-06-14 12:45:27,562 INFO  server.RaftServerConfigKeys (ConfUtils.java:logGet(43)) - raft.server.leader.election.timeout = 10s (custom)
2019-06-14 12:45:27,562 INFO  server.RaftServerConfigKeys (ConfUtils.java:logGet(43)) - raft.server.log.use.memory = false (default)
2019-06-14 12:45:27,562 INFO  server.RaftServerConfigKeys (ConfUtils.java:logGet(43)) - raft.server.log.appender.buffer.byte-limit = 33554432 (custom)
2019-06-14 12:45:27,563 INFO  server.RaftServerConfigKeys (ConfUtils.java:logGet(43)) - raft.server.log.segment.size.max = 16384 (custom)
2019-06-14 12:45:27,563 INFO  server.RaftServerConfigKeys (ConfUtils.java:logGet(43)) - raft.server.log.segment.cache.num.max = 2 (custom)
2019-06-14 12:45:27,563 INFO  storage.RaftLogWorker (RaftLogWorker.java:<init>(123)) - new 8928c4b9-9795-403c-a9c4-fac405b6f760-RaftLogWorker for Storage Directory /opt/src/hadoop-ozone/integration-test/target/test-dir/MiniOzoneClusterImpl-2760fcce-995f-4cf5-8cab-adaa133fc8c0/datanode-2/data/ratis/9363aa3a-db30-44f1-a704-ce5e5e38fb3a
2019-06-14 12:45:27,563 INFO  server.RaftServerConfigKeys (ConfUtils.java:logGet(43)) - raft.server.log.queue.byte-limit = 2147483647 (custom)
2019-06-14 12:45:27,563 INFO  server.RaftServerConfigKeys (ConfUtils.java:logGet(43)) - raft.server.log.queue.element-limit = 1024 (custom)
2019-06-14 12:45:27,563 INFO  server.RaftServerConfigKeys (ConfUtils.java:logGet(43)) - raft.server.log.segment.size.max = 16384 (custom)
2019-06-14 12:45:27,563 INFO  server.RaftServerConfigKeys (ConfUtils.java:logGet(43)) - raft.server.log.preallocated.size = 16384 (custom)
2019-06-14 12:45:27,563 INFO  server.RaftServerConfigKeys (ConfUtils.java:logGet(43)) - raft.server.log.write.buffer.size = 33554432 (custom)
2019-06-14 12:45:27,563 INFO  server.RaftServerConfigKeys (ConfUtils.java:logGet(43)) - raft.server.log.force.sync.num = 128 (default)
2019-06-14 12:45:27,563 INFO  server.RaftServerConfigKeys (ConfUtils.java:logGet(43)) - raft.server.log.statemachine.data.sync = true (default)
2019-06-14 12:45:27,563 INFO  server.RaftServerConfigKeys (ConfUtils.java:logGet(43)) - raft.server.log.statemachine.data.sync.timeout = 10s (default)
2019-06-14 12:45:27,563 INFO  server.RaftServerConfigKeys (ConfUtils.java:logGet(43)) - raft.server.log.statemachine.data.sync.timeout.retry = -1 (default)
2019-06-14 12:45:27,564 INFO  server.RaftServerConfigKeys (ConfUtils.java:logGet(43)) - raft.server.log.statemachine.data.caching.enabled = true (custom)
2019-06-14 12:45:27,564 INFO  server.RaftServerConfigKeys (ConfUtils.java:logGet(43)) - raft.server.snapshot.auto.trigger.enabled = true (custom)
2019-06-14 12:45:27,564 INFO  server.RaftServerConfigKeys (ConfUtils.java:logGet(43)) - raft.server.snapshot.auto.trigger.threshold = 10000 (custom)
2019-06-14 12:45:27,564 INFO  server.RaftServerConfigKeys (ConfUtils.java:logGet(43)) - raft.server.retrycache.expirytime = 600000ms (custom)
2019-06-14 12:45:27,564 INFO  impl.RaftServerImpl (RaftServerImpl.java:start(173)) - 8928c4b9-9795-403c-a9c4-fac405b6f760: start group-CE5E5E38FB3A
2019-06-14 12:45:27,564 INFO  impl.RaftServerImpl (RaftServerImpl.java:setRole(164)) - 8928c4b9-9795-403c-a9c4-fac405b6f760:group-CE5E5E38FB3A changes role from null to FOLLOWER at term 0 for startAsFollower
2019-06-14 12:45:27,564 INFO  impl.RoleInfo (RoleInfo.java:updateAndGet(143)) - 8928c4b9-9795-403c-a9c4-fac405b6f760: start FollowerState
2019-06-14 12:45:27,565 INFO  util.JmxRegister (JmxRegister.java:tryRegister(44)) - Successfully registered JMX Bean with object name Ratis:service=RaftServer,group=group-CE5E5E38FB3A,id=8928c4b9-9795-403c-a9c4-fac405b6f760
2019-06-14 12:45:27,572 INFO  pipeline.PipelineStateManager (PipelineStateManager.java:addPipeline(56)) - Created pipeline Pipeline[ Id: 9363aa3a-db30-44f1-a704-ce5e5e38fb3a, Nodes: 8928c4b9-9795-403c-a9c4-fac405b6f760{ip: 192.168.134.78, host: ozone-8z6qt-916494304, networkLocation: /default-rack, certSerialId: null}, Type:RATIS, Factor:ONE, State:OPEN]
2019-06-14 12:45:27,606 INFO  impl.RaftServerProxy (RaftServerProxy.java:addNew(89)) - 676dbe5a-7983-40eb-af5f-40e3ab6d062d: addNew group-370CF1059970:[8928c4b9-9795-403c-a9c4-fac405b6f760:192.168.134.78:37369, 676dbe5a-7983-40eb-af5f-40e3ab6d062d:192.168.134.78:38799, 537adc42-6dcd-44df-a2bc-d5df31cf4267:192.168.134.78:41539] returns group-370CF1059970:java.util.concurrent.CompletableFuture@2a1bbfd1[Not completed]
2019-06-14 12:45:27,607 INFO  impl.RaftServerProxy (RaftServerProxy.java:addNew(89)) - 8928c4b9-9795-403c-a9c4-fac405b6f760: addNew group-370CF1059970:[8928c4b9-9795-403c-a9c4-fac405b6f760:192.168.134.78:37369, 676dbe5a-7983-40eb-af5f-40e3ab6d062d:192.168.134.78:38799, 537adc42-6dcd-44df-a2bc-d5df31cf4267:192.168.134.78:41539] returns group-370CF1059970:java.util.concurrent.CompletableFuture@7a9bdd01[Not completed]
2019-06-14 12:45:27,608 INFO  impl.RaftServerProxy (RaftServerProxy.java:addNew(89)) - 537adc42-6dcd-44df-a2bc-d5df31cf4267: addNew group-370CF1059970:[8928c4b9-9795-403c-a9c4-fac405b6f760:192.168.134.78:37369, 676dbe5a-7983-40eb-af5f-40e3ab6d062d:192.168.134.78:38799, 537adc42-6dcd-44df-a2bc-d5df31cf4267:192.168.134.78:41539] returns group-370CF1059970:java.util.concurrent.CompletableFuture@4789113b[Not completed]
2019-06-14 12:45:27,611 INFO  impl.RaftServerImpl (RaftServerImpl.java:<init>(91)) - 676dbe5a-7983-40eb-af5f-40e3ab6d062d: new RaftServerImpl for group-370CF1059970:[8928c4b9-9795-403c-a9c4-fac405b6f760:192.168.134.78:37369, 676dbe5a-7983-40eb-af5f-40e3ab6d062d:192.168.134.78:38799, 537adc42-6dcd-44df-a2bc-d5df31cf4267:192.168.134.78:41539] with ContainerStateMachine:uninitialized
2019-06-14 12:45:27,611 INFO  server.RaftServerConfigKeys (ConfUtils.java:logGet(43)) - raft.server.rpc.timeout.min = 1s (custom)
2019-06-14 12:45:27,611 INFO  server.RaftServerConfigKeys (ConfUtils.java:logGet(43)) - raft.server.rpc.timeout.max = 1200ms (custom)
2019-06-14 12:45:27,611 INFO  impl.RaftServerImpl (RaftServerImpl.java:<init>(91)) - 537adc42-6dcd-44df-a2bc-d5df31cf4267: new RaftServerImpl for group-370CF1059970:[8928c4b9-9795-403c-a9c4-fac405b6f760:192.168.134.78:37369, 676dbe5a-7983-40eb-af5f-40e3ab6d062d:192.168.134.78:38799, 537adc42-6dcd-44df-a2bc-d5df31cf4267:192.168.134.78:41539] with ContainerStateMachine:uninitialized
2019-06-14 12:45:27,611 INFO  server.RaftServerConfigKeys (ConfUtils.java:logGet(43)) - raft.server.rpc.timeout.min = 1s (custom)
2019-06-14 12:45:27,611 INFO  server.RaftServerConfigKeys (ConfUtils.java:logGet(43)) - raft.server.rpc.timeout.max = 1200ms (custom)
2019-06-14 12:45:27,611 INFO  server.RaftServerConfigKeys (ConfUtils.java:logGet(43)) - raft.server.rpcslowness.timeout = 10s (custom)
2019-06-14 12:45:27,612 INFO  server.RaftServerConfigKeys (ConfUtils.java:logGet(43)) - raft.server.log.appender.install.snapshot.enabled = true (default)
2019-06-14 12:45:27,612 INFO  impl.RaftServerImpl (ServerState.java:<init>(101)) - 537adc42-6dcd-44df-a2bc-d5df31cf4267:group-370CF1059970 ConfigurationManager, init=-1: [8928c4b9-9795-403c-a9c4-fac405b6f760:192.168.134.78:37369, 676dbe5a-7983-40eb-af5f-40e3ab6d062d:192.168.134.78:38799, 537adc42-6dcd-44df-a2bc-d5df31cf4267:192.168.134.78:41539], old=null, confs=<EMPTY_MAP>
2019-06-14 12:45:27,612 INFO  server.RaftServerConfigKeys (ConfUtils.java:logGet(43)) - raft.server.storage.dir = [/opt/src/hadoop-ozone/integration-test/target/test-dir/MiniOzoneClusterImpl-2760fcce-995f-4cf5-8cab-adaa133fc8c0/datanode-1/data/ratis] (custom)
2019-06-14 12:45:27,612 INFO  storage.RaftStorageDirectory (RaftStorageDirectory.java:analyzeStorage(246)) - The storage directory /opt/src/hadoop-ozone/integration-test/target/test-dir/MiniOzoneClusterImpl-2760fcce-995f-4cf5-8cab-adaa133fc8c0/datanode-1/data/ratis/c434339b-d129-4948-88a9-370cf1059970 does not exist. Creating ...
2019-06-14 12:45:27,611 INFO  server.RaftServerConfigKeys (ConfUtils.java:logGet(43)) - raft.server.rpcslowness.timeout = 10s (custom)
2019-06-14 12:45:27,627 INFO  server.RaftServerConfigKeys (ConfUtils.java:logGet(43)) - raft.server.log.appender.install.snapshot.enabled = true (default)
2019-06-14 12:45:27,627 INFO  impl.RaftServerImpl (ServerState.java:<init>(101)) - 676dbe5a-7983-40eb-af5f-40e3ab6d062d:group-370CF1059970 ConfigurationManager, init=-1: [8928c4b9-9795-403c-a9c4-fac405b6f760:192.168.134.78:37369, 676dbe5a-7983-40eb-af5f-40e3ab6d062d:192.168.134.78:38799, 537adc42-6dcd-44df-a2bc-d5df31cf4267:192.168.134.78:41539], old=null, confs=<EMPTY_MAP>
2019-06-14 12:45:27,627 INFO  server.RaftServerConfigKeys (ConfUtils.java:logGet(43)) - raft.server.storage.dir = [/opt/src/hadoop-ozone/integration-test/target/test-dir/MiniOzoneClusterImpl-2760fcce-995f-4cf5-8cab-adaa133fc8c0/datanode-0/data/ratis] (custom)
2019-06-14 12:45:27,627 INFO  storage.RaftStorageDirectory (RaftStorageDirectory.java:analyzeStorage(246)) - The storage directory /opt/src/hadoop-ozone/integration-test/target/test-dir/MiniOzoneClusterImpl-2760fcce-995f-4cf5-8cab-adaa133fc8c0/datanode-0/data/ratis/c434339b-d129-4948-88a9-370cf1059970 does not exist. Creating ...
2019-06-14 12:45:27,626 INFO  node.SCMNodeManager (SCMNodeManager.java:register(234)) - Registered Data node : 356b3cd1-6bcc-4bfe-aedc-ac6eaf5ff8d0{ip: 192.168.134.78, host: ozone-8z6qt-916494304, networkLocation: /default-rack, certSerialId: null}
2019-06-14 12:45:27,627 INFO  impl.RaftServerImpl (RaftServerImpl.java:<init>(91)) - 8928c4b9-9795-403c-a9c4-fac405b6f760: new RaftServerImpl for group-370CF1059970:[8928c4b9-9795-403c-a9c4-fac405b6f760:192.168.134.78:37369, 676dbe5a-7983-40eb-af5f-40e3ab6d062d:192.168.134.78:38799, 537adc42-6dcd-44df-a2bc-d5df31cf4267:192.168.134.78:41539] with ContainerStateMachine:uninitialized
2019-06-14 12:45:27,626 INFO  storage.RaftStorageDirectory (RaftStorageDirectory.java:tryLock(328)) - Lock on /opt/src/hadoop-ozone/integration-test/target/test-dir/MiniOzoneClusterImpl-2760fcce-995f-4cf5-8cab-adaa133fc8c0/datanode-1/data/ratis/c434339b-d129-4948-88a9-370cf1059970/in_use.lock acquired by nodename 9990@ozone-8z6qt-916494304
2019-06-14 12:45:27,628 INFO  server.RaftServerConfigKeys (ConfUtils.java:logGet(43)) - raft.server.rpc.timeout.min = 1s (custom)
2019-06-14 12:45:27,628 INFO  server.RaftServerConfigKeys (ConfUtils.java:logGet(43)) - raft.server.rpc.timeout.max = 1200ms (custom)
2019-06-14 12:45:27,629 INFO  server.RaftServerConfigKeys (ConfUtils.java:logGet(43)) - raft.server.rpcslowness.timeout = 10s (custom)
2019-06-14 12:45:27,629 INFO  server.RaftServerConfigKeys (ConfUtils.java:logGet(43)) - raft.server.log.appender.install.snapshot.enabled = true (default)
2019-06-14 12:45:27,629 INFO  impl.RaftServerImpl (ServerState.java:<init>(101)) - 8928c4b9-9795-403c-a9c4-fac405b6f760:group-370CF1059970 ConfigurationManager, init=-1: [8928c4b9-9795-403c-a9c4-fac405b6f760:192.168.134.78:37369, 676dbe5a-7983-40eb-af5f-40e3ab6d062d:192.168.134.78:38799, 537adc42-6dcd-44df-a2bc-d5df31cf4267:192.168.134.78:41539], old=null, confs=<EMPTY_MAP>
2019-06-14 12:45:27,629 INFO  server.RaftServerConfigKeys (ConfUtils.java:logGet(43)) - raft.server.storage.dir = [/opt/src/hadoop-ozone/integration-test/target/test-dir/MiniOzoneClusterImpl-2760fcce-995f-4cf5-8cab-adaa133fc8c0/datanode-2/data/ratis] (custom)
2019-06-14 12:45:27,630 INFO  storage.RaftStorageDirectory (RaftStorageDirectory.java:tryLock(328)) - Lock on /opt/src/hadoop-ozone/integration-test/target/test-dir/MiniOzoneClusterImpl-2760fcce-995f-4cf5-8cab-adaa133fc8c0/datanode-0/data/ratis/c434339b-d129-4948-88a9-370cf1059970/in_use.lock acquired by nodename 9990@ozone-8z6qt-916494304
2019-06-14 12:45:27,631 INFO  storage.RaftStorage (RaftStorage.java:format(75)) - Storage directory /opt/src/hadoop-ozone/integration-test/target/test-dir/MiniOzoneClusterImpl-2760fcce-995f-4cf5-8cab-adaa133fc8c0/datanode-1/data/ratis/c434339b-d129-4948-88a9-370cf1059970 has been successfully formatted.
2019-06-14 12:45:27,631 INFO  ratis.ContainerStateMachine (ContainerStateMachine.java:loadSnapshot(199)) - The snapshot info is null.Setting the last applied index to:(t:0, i:~)
2019-06-14 12:45:27,631 INFO  server.RaftServerConfigKeys (ConfUtils.java:logGet(43)) - raft.server.leader.election.timeout = 10s (custom)
2019-06-14 12:45:27,631 INFO  server.RaftServerConfigKeys (ConfUtils.java:logGet(43)) - raft.server.log.use.memory = false (default)
2019-06-14 12:45:27,631 INFO  server.RaftServerConfigKeys (ConfUtils.java:logGet(43)) - raft.server.log.appender.buffer.byte-limit = 33554432 (custom)
2019-06-14 12:45:27,631 INFO  server.RaftServerConfigKeys (ConfUtils.java:logGet(43)) - raft.server.log.segment.size.max = 16384 (custom)
2019-06-14 12:45:27,631 INFO  server.RaftServerConfigKeys (ConfUtils.java:logGet(43)) - raft.server.log.segment.cache.num.max = 2 (custom)
2019-06-14 12:45:27,631 INFO  storage.RaftLogWorker (RaftLogWorker.java:<init>(123)) - new 537adc42-6dcd-44df-a2bc-d5df31cf4267-RaftLogWorker for Storage Directory /opt/src/hadoop-ozone/integration-test/target/test-dir/MiniOzoneClusterImpl-2760fcce-995f-4cf5-8cab-adaa133fc8c0/datanode-1/data/ratis/c434339b-d129-4948-88a9-370cf1059970
2019-06-14 12:45:27,632 INFO  server.RaftServerConfigKeys (ConfUtils.java:logGet(43)) - raft.server.log.queue.byte-limit = 2147483647 (custom)
2019-06-14 12:45:27,632 INFO  storage.RaftStorageDirectory (RaftStorageDirectory.java:analyzeStorage(246)) - The storage directory /opt/src/hadoop-ozone/integration-test/target/test-dir/MiniOzoneClusterImpl-2760fcce-995f-4cf5-8cab-adaa133fc8c0/datanode-2/data/ratis/c434339b-d129-4948-88a9-370cf1059970 does not exist. Creating ...
2019-06-14 12:45:27,632 INFO  server.RaftServerConfigKeys (ConfUtils.java:logGet(43)) - raft.server.log.queue.element-limit = 1024 (custom)
2019-06-14 12:45:27,632 INFO  server.RaftServerConfigKeys (ConfUtils.java:logGet(43)) - raft.server.log.segment.size.max = 16384 (custom)
2019-06-14 12:45:27,632 INFO  server.RaftServerConfigKeys (ConfUtils.java:logGet(43)) - raft.server.log.preallocated.size = 16384 (custom)
2019-06-14 12:45:27,632 INFO  server.RaftServerConfigKeys (ConfUtils.java:logGet(43)) - raft.server.log.write.buffer.size = 33554432 (custom)
2019-06-14 12:45:27,632 INFO  server.RaftServerConfigKeys (ConfUtils.java:logGet(43)) - raft.server.log.force.sync.num = 128 (default)
2019-06-14 12:45:27,632 INFO  server.RaftServerConfigKeys (ConfUtils.java:logGet(43)) - raft.server.log.statemachine.data.sync = true (default)
2019-06-14 12:45:27,633 INFO  server.RaftServerConfigKeys (ConfUtils.java:logGet(43)) - raft.server.log.statemachine.data.sync.timeout = 10s (default)
2019-06-14 12:45:27,633 INFO  server.RaftServerConfigKeys (ConfUtils.java:logGet(43)) - raft.server.log.statemachine.data.sync.timeout.retry = -1 (default)
2019-06-14 12:45:27,633 INFO  server.RaftServerConfigKeys (ConfUtils.java:logGet(43)) - raft.server.log.statemachine.data.caching.enabled = true (custom)
2019-06-14 12:45:27,634 INFO  storage.RaftStorage (RaftStorage.java:format(75)) - Storage directory /opt/src/hadoop-ozone/integration-test/target/test-dir/MiniOzoneClusterImpl-2760fcce-995f-4cf5-8cab-adaa133fc8c0/datanode-0/data/ratis/c434339b-d129-4948-88a9-370cf1059970 has been successfully formatted.
2019-06-14 12:45:27,634 INFO  ratis.ContainerStateMachine (ContainerStateMachine.java:loadSnapshot(199)) - The snapshot info is null.Setting the last applied index to:(t:0, i:~)
2019-06-14 12:45:27,634 INFO  server.RaftServerConfigKeys (ConfUtils.java:logGet(43)) - raft.server.snapshot.auto.trigger.enabled = true (custom)
2019-06-14 12:45:27,634 INFO  storage.RaftStorageDirectory (RaftStorageDirectory.java:tryLock(328)) - Lock on /opt/src/hadoop-ozone/integration-test/target/test-dir/MiniOzoneClusterImpl-2760fcce-995f-4cf5-8cab-adaa133fc8c0/datanode-2/data/ratis/c434339b-d129-4948-88a9-370cf1059970/in_use.lock acquired by nodename 9990@ozone-8z6qt-916494304
2019-06-14 12:45:27,634 INFO  server.RaftServerConfigKeys (ConfUtils.java:logGet(43)) - raft.server.leader.election.timeout = 10s (custom)
2019-06-14 12:45:27,635 INFO  server.RaftServerConfigKeys (ConfUtils.java:logGet(43)) - raft.server.log.use.memory = false (default)
2019-06-14 12:45:27,635 INFO  server.RaftServerConfigKeys (ConfUtils.java:logGet(43)) - raft.server.log.appender.buffer.byte-limit = 33554432 (custom)
2019-06-14 12:45:27,635 INFO  server.RaftServerConfigKeys (ConfUtils.java:logGet(43)) - raft.server.log.segment.size.max = 16384 (custom)
2019-06-14 12:45:27,635 INFO  server.RaftServerConfigKeys (ConfUtils.java:logGet(43)) - raft.server.log.segment.cache.num.max = 2 (custom)
2019-06-14 12:45:27,635 INFO  storage.RaftLogWorker (RaftLogWorker.java:<init>(123)) - new 676dbe5a-7983-40eb-af5f-40e3ab6d062d-RaftLogWorker for Storage Directory /opt/src/hadoop-ozone/integration-test/target/test-dir/MiniOzoneClusterImpl-2760fcce-995f-4cf5-8cab-adaa133fc8c0/datanode-0/data/ratis/c434339b-d129-4948-88a9-370cf1059970
2019-06-14 12:45:27,635 INFO  server.RaftServerConfigKeys (ConfUtils.java:logGet(43)) - raft.server.log.queue.byte-limit = 2147483647 (custom)
2019-06-14 12:45:27,635 INFO  server.RaftServerConfigKeys (ConfUtils.java:logGet(43)) - raft.server.log.queue.element-limit = 1024 (custom)
2019-06-14 12:45:27,635 INFO  server.RaftServerConfigKeys (ConfUtils.java:logGet(43)) - raft.server.log.segment.size.max = 16384 (custom)
2019-06-14 12:45:27,636 INFO  server.RaftServerConfigKeys (ConfUtils.java:logGet(43)) - raft.server.log.preallocated.size = 16384 (custom)
2019-06-14 12:45:27,636 INFO  server.RaftServerConfigKeys (ConfUtils.java:logGet(43)) - raft.server.log.write.buffer.size = 33554432 (custom)
2019-06-14 12:45:27,636 INFO  server.RaftServerConfigKeys (ConfUtils.java:logGet(43)) - raft.server.log.force.sync.num = 128 (default)
2019-06-14 12:45:27,636 INFO  server.RaftServerConfigKeys (ConfUtils.java:logGet(43)) - raft.server.log.statemachine.data.sync = true (default)
2019-06-14 12:45:27,636 INFO  server.RaftServerConfigKeys (ConfUtils.java:logGet(43)) - raft.server.log.statemachine.data.sync.timeout = 10s (default)
2019-06-14 12:45:27,636 INFO  server.RaftServerConfigKeys (ConfUtils.java:logGet(43)) - raft.server.log.statemachine.data.sync.timeout.retry = -1 (default)
2019-06-14 12:45:27,636 INFO  server.RaftServerConfigKeys (ConfUtils.java:logGet(43)) - raft.server.log.statemachine.data.caching.enabled = true (custom)
2019-06-14 12:45:27,636 INFO  storage.RaftStorage (RaftStorage.java:format(75)) - Storage directory /opt/src/hadoop-ozone/integration-test/target/test-dir/MiniOzoneClusterImpl-2760fcce-995f-4cf5-8cab-adaa133fc8c0/datanode-2/data/ratis/c434339b-d129-4948-88a9-370cf1059970 has been successfully formatted.
2019-06-14 12:45:27,637 INFO  server.RaftServerConfigKeys (ConfUtils.java:logGet(43)) - raft.server.snapshot.auto.trigger.enabled = true (custom)
2019-06-14 12:45:27,637 INFO  server.RaftServerConfigKeys (ConfUtils.java:logGet(43)) - raft.server.snapshot.auto.trigger.threshold = 10000 (custom)
2019-06-14 12:45:27,637 INFO  server.RaftServerConfigKeys (ConfUtils.java:logGet(43)) - raft.server.retrycache.expirytime = 600000ms (custom)
2019-06-14 12:45:27,637 INFO  impl.RaftServerImpl (RaftServerImpl.java:start(173)) - 676dbe5a-7983-40eb-af5f-40e3ab6d062d: start group-370CF1059970
2019-06-14 12:45:27,637 INFO  impl.RaftServerImpl (RaftServerImpl.java:setRole(164)) - 676dbe5a-7983-40eb-af5f-40e3ab6d062d:group-370CF1059970 changes role from null to FOLLOWER at term 0 for startAsFollower
2019-06-14 12:45:27,637 INFO  impl.RoleInfo (RoleInfo.java:updateAndGet(143)) - 676dbe5a-7983-40eb-af5f-40e3ab6d062d: start FollowerState
2019-06-14 12:45:27,635 INFO  server.RaftServerConfigKeys (ConfUtils.java:logGet(43)) - raft.server.snapshot.auto.trigger.threshold = 10000 (custom)
2019-06-14 12:45:27,637 INFO  ratis.ContainerStateMachine (ContainerStateMachine.java:loadSnapshot(199)) - The snapshot info is null.Setting the last applied index to:(t:0, i:~)
2019-06-14 12:45:27,637 INFO  server.RaftServerConfigKeys (ConfUtils.java:logGet(43)) - raft.server.retrycache.expirytime = 600000ms (custom)
2019-06-14 12:45:27,638 INFO  util.JmxRegister (JmxRegister.java:tryRegister(44)) - Successfully registered JMX Bean with object name Ratis:service=RaftServer,group=group-370CF1059970,id=676dbe5a-7983-40eb-af5f-40e3ab6d062d
2019-06-14 12:45:27,638 INFO  server.RaftServerConfigKeys (ConfUtils.java:logGet(43)) - raft.server.leader.election.timeout = 10s (custom)
2019-06-14 12:45:27,638 INFO  server.RaftServerConfigKeys (ConfUtils.java:logGet(43)) - raft.server.log.use.memory = false (default)
2019-06-14 12:45:27,638 INFO  server.RaftServerConfigKeys (ConfUtils.java:logGet(43)) - raft.server.log.appender.buffer.byte-limit = 33554432 (custom)
2019-06-14 12:45:27,638 INFO  server.RaftServerConfigKeys (ConfUtils.java:logGet(43)) - raft.server.log.segment.size.max = 16384 (custom)
2019-06-14 12:45:27,638 INFO  server.RaftServerConfigKeys (ConfUtils.java:logGet(43)) - raft.server.log.segment.cache.num.max = 2 (custom)
2019-06-14 12:45:27,638 INFO  storage.RaftLogWorker (RaftLogWorker.java:<init>(123)) - new 8928c4b9-9795-403c-a9c4-fac405b6f760-RaftLogWorker for Storage Directory /opt/src/hadoop-ozone/integration-test/target/test-dir/MiniOzoneClusterImpl-2760fcce-995f-4cf5-8cab-adaa133fc8c0/datanode-2/data/ratis/c434339b-d129-4948-88a9-370cf1059970
2019-06-14 12:45:27,638 INFO  server.RaftServerConfigKeys (ConfUtils.java:logGet(43)) - raft.server.log.queue.byte-limit = 2147483647 (custom)
2019-06-14 12:45:27,639 INFO  server.RaftServerConfigKeys (ConfUtils.java:logGet(43)) - raft.server.log.queue.element-limit = 1024 (custom)
2019-06-14 12:45:27,639 INFO  server.RaftServerConfigKeys (ConfUtils.java:logGet(43)) - raft.server.log.segment.size.max = 16384 (custom)
2019-06-14 12:45:27,639 INFO  server.RaftServerConfigKeys (ConfUtils.java:logGet(43)) - raft.server.log.preallocated.size = 16384 (custom)
2019-06-14 12:45:27,639 INFO  server.RaftServerConfigKeys (ConfUtils.java:logGet(43)) - raft.server.log.write.buffer.size = 33554432 (custom)
2019-06-14 12:45:27,639 INFO  server.RaftServerConfigKeys (ConfUtils.java:logGet(43)) - raft.server.log.force.sync.num = 128 (default)
2019-06-14 12:45:27,639 INFO  server.RaftServerConfigKeys (ConfUtils.java:logGet(43)) - raft.server.log.statemachine.data.sync = true (default)
2019-06-14 12:45:27,639 INFO  server.RaftServerConfigKeys (ConfUtils.java:logGet(43)) - raft.server.log.statemachine.data.sync.timeout = 10s (default)
2019-06-14 12:45:27,639 INFO  server.RaftServerConfigKeys (ConfUtils.java:logGet(43)) - raft.server.log.statemachine.data.sync.timeout.retry = -1 (default)
2019-06-14 12:45:27,639 INFO  server.RaftServerConfigKeys (ConfUtils.java:logGet(43)) - raft.server.log.statemachine.data.caching.enabled = true (custom)
2019-06-14 12:45:27,638 INFO  impl.RaftServerImpl (RaftServerImpl.java:start(173)) - 537adc42-6dcd-44df-a2bc-d5df31cf4267: start group-370CF1059970
2019-06-14 12:45:27,641 INFO  impl.RaftServerImpl (RaftServerImpl.java:setRole(164)) - 537adc42-6dcd-44df-a2bc-d5df31cf4267:group-370CF1059970 changes role from null to FOLLOWER at term 0 for startAsFollower
2019-06-14 12:45:27,641 INFO  impl.RoleInfo (RoleInfo.java:updateAndGet(143)) - 537adc42-6dcd-44df-a2bc-d5df31cf4267: start FollowerState
2019-06-14 12:45:27,642 INFO  util.JmxRegister (JmxRegister.java:tryRegister(44)) - Successfully registered JMX Bean with object name Ratis:service=RaftServer,group=group-370CF1059970,id=537adc42-6dcd-44df-a2bc-d5df31cf4267
2019-06-14 12:45:27,656 INFO  server.RaftServerConfigKeys (ConfUtils.java:logGet(43)) - raft.server.snapshot.auto.trigger.enabled = true (custom)
2019-06-14 12:45:27,657 INFO  server.RaftServerConfigKeys (ConfUtils.java:logGet(43)) - raft.server.snapshot.auto.trigger.threshold = 10000 (custom)
2019-06-14 12:45:27,657 INFO  server.RaftServerConfigKeys (ConfUtils.java:logGet(43)) - raft.server.retrycache.expirytime = 600000ms (custom)
2019-06-14 12:45:27,657 INFO  impl.RaftServerImpl (RaftServerImpl.java:start(173)) - 8928c4b9-9795-403c-a9c4-fac405b6f760: start group-370CF1059970
2019-06-14 12:45:27,657 INFO  impl.RaftServerImpl (RaftServerImpl.java:setRole(164)) - 8928c4b9-9795-403c-a9c4-fac405b6f760:group-370CF1059970 changes role from null to FOLLOWER at term 0 for startAsFollower
2019-06-14 12:45:27,657 INFO  impl.RoleInfo (RoleInfo.java:updateAndGet(143)) - 8928c4b9-9795-403c-a9c4-fac405b6f760: start FollowerState
2019-06-14 12:45:27,659 INFO  util.JmxRegister (JmxRegister.java:tryRegister(44)) - Successfully registered JMX Bean with object name Ratis:service=RaftServer,group=group-370CF1059970,id=8928c4b9-9795-403c-a9c4-fac405b6f760
2019-06-14 12:45:27,669 INFO  pipeline.PipelineStateManager (PipelineStateManager.java:addPipeline(56)) - Created pipeline Pipeline[ Id: c434339b-d129-4948-88a9-370cf1059970, Nodes: 537adc42-6dcd-44df-a2bc-d5df31cf4267{ip: 192.168.134.78, host: ozone-8z6qt-916494304, networkLocation: /default-rack, certSerialId: null}676dbe5a-7983-40eb-af5f-40e3ab6d062d{ip: 192.168.134.78, host: ozone-8z6qt-916494304, networkLocation: /default-rack, certSerialId: null}8928c4b9-9795-403c-a9c4-fac405b6f760{ip: 192.168.134.78, host: ozone-8z6qt-916494304, networkLocation: /default-rack, certSerialId: null}, Type:RATIS, Factor:THREE, State:OPEN]
2019-06-14 12:45:27,678 INFO  impl.RaftServerProxy (RaftServerProxy.java:addNew(89)) - 356b3cd1-6bcc-4bfe-aedc-ac6eaf5ff8d0: addNew group-0F0630FACB48:[356b3cd1-6bcc-4bfe-aedc-ac6eaf5ff8d0:192.168.134.78:34397] returns group-0F0630FACB48:java.util.concurrent.CompletableFuture@38f70052[Not completed]
2019-06-14 12:45:27,679 INFO  impl.RaftServerImpl (RaftServerImpl.java:<init>(91)) - 356b3cd1-6bcc-4bfe-aedc-ac6eaf5ff8d0: new RaftServerImpl for group-0F0630FACB48:[356b3cd1-6bcc-4bfe-aedc-ac6eaf5ff8d0:192.168.134.78:34397] with ContainerStateMachine:uninitialized
2019-06-14 12:45:27,680 INFO  server.RaftServerConfigKeys (ConfUtils.java:logGet(43)) - raft.server.rpc.timeout.min = 1s (custom)
2019-06-14 12:45:27,680 INFO  server.RaftServerConfigKeys (ConfUtils.java:logGet(43)) - raft.server.rpc.timeout.max = 1200ms (custom)
2019-06-14 12:45:27,680 INFO  server.RaftServerConfigKeys (ConfUtils.java:logGet(43)) - raft.server.rpcslowness.timeout = 10s (custom)
2019-06-14 12:45:27,680 INFO  server.RaftServerConfigKeys (ConfUtils.java:logGet(43)) - raft.server.log.appender.install.snapshot.enabled = true (default)
2019-06-14 12:45:27,681 INFO  impl.RaftServerImpl (ServerState.java:<init>(101)) - 356b3cd1-6bcc-4bfe-aedc-ac6eaf5ff8d0:group-0F0630FACB48 ConfigurationManager, init=-1: [356b3cd1-6bcc-4bfe-aedc-ac6eaf5ff8d0:192.168.134.78:34397], old=null, confs=<EMPTY_MAP>
2019-06-14 12:45:27,681 INFO  server.RaftServerConfigKeys (ConfUtils.java:logGet(43)) - raft.server.storage.dir = [/opt/src/hadoop-ozone/integration-test/target/test-dir/MiniOzoneClusterImpl-2760fcce-995f-4cf5-8cab-adaa133fc8c0/datanode-3/data/ratis] (custom)
2019-06-14 12:45:27,681 INFO  storage.RaftStorageDirectory (RaftStorageDirectory.java:analyzeStorage(246)) - The storage directory /opt/src/hadoop-ozone/integration-test/target/test-dir/MiniOzoneClusterImpl-2760fcce-995f-4cf5-8cab-adaa133fc8c0/datanode-3/data/ratis/207cc36a-96df-41f7-947d-0f0630facb48 does not exist. Creating ...
2019-06-14 12:45:27,683 INFO  storage.RaftStorageDirectory (RaftStorageDirectory.java:tryLock(328)) - Lock on /opt/src/hadoop-ozone/integration-test/target/test-dir/MiniOzoneClusterImpl-2760fcce-995f-4cf5-8cab-adaa133fc8c0/datanode-3/data/ratis/207cc36a-96df-41f7-947d-0f0630facb48/in_use.lock acquired by nodename 9990@ozone-8z6qt-916494304
2019-06-14 12:45:27,685 INFO  storage.RaftStorage (RaftStorage.java:format(75)) - Storage directory /opt/src/hadoop-ozone/integration-test/target/test-dir/MiniOzoneClusterImpl-2760fcce-995f-4cf5-8cab-adaa133fc8c0/datanode-3/data/ratis/207cc36a-96df-41f7-947d-0f0630facb48 has been successfully formatted.
2019-06-14 12:45:27,685 INFO  ratis.ContainerStateMachine (ContainerStateMachine.java:loadSnapshot(199)) - The snapshot info is null.Setting the last applied index to:(t:0, i:~)
2019-06-14 12:45:27,685 INFO  server.RaftServerConfigKeys (ConfUtils.java:logGet(43)) - raft.server.leader.election.timeout = 10s (custom)
2019-06-14 12:45:27,686 INFO  server.RaftServerConfigKeys (ConfUtils.java:logGet(43)) - raft.server.log.use.memory = false (default)
2019-06-14 12:45:27,686 INFO  server.RaftServerConfigKeys (ConfUtils.java:logGet(43)) - raft.server.log.appender.buffer.byte-limit = 33554432 (custom)
2019-06-14 12:45:27,686 INFO  server.RaftServerConfigKeys (ConfUtils.java:logGet(43)) - raft.server.log.segment.size.max = 16384 (custom)
2019-06-14 12:45:27,686 INFO  server.RaftServerConfigKeys (ConfUtils.java:logGet(43)) - raft.server.log.segment.cache.num.max = 2 (custom)
2019-06-14 12:45:27,686 INFO  storage.RaftLogWorker (RaftLogWorker.java:<init>(123)) - new 356b3cd1-6bcc-4bfe-aedc-ac6eaf5ff8d0-RaftLogWorker for Storage Directory /opt/src/hadoop-ozone/integration-test/target/test-dir/MiniOzoneClusterImpl-2760fcce-995f-4cf5-8cab-adaa133fc8c0/datanode-3/data/ratis/207cc36a-96df-41f7-947d-0f0630facb48
2019-06-14 12:45:27,686 INFO  server.RaftServerConfigKeys (ConfUtils.java:logGet(43)) - raft.server.log.queue.byte-limit = 2147483647 (custom)
2019-06-14 12:45:27,686 INFO  server.RaftServerConfigKeys (ConfUtils.java:logGet(43)) - raft.server.log.queue.element-limit = 1024 (custom)
2019-06-14 12:45:27,686 INFO  server.RaftServerConfigKeys (ConfUtils.java:logGet(43)) - raft.server.log.segment.size.max = 16384 (custom)
2019-06-14 12:45:27,687 INFO  server.RaftServerConfigKeys (ConfUtils.java:logGet(43)) - raft.server.log.preallocated.size = 16384 (custom)
2019-06-14 12:45:27,687 INFO  server.RaftServerConfigKeys (ConfUtils.java:logGet(43)) - raft.server.log.write.buffer.size = 33554432 (custom)
2019-06-14 12:45:27,687 INFO  server.RaftServerConfigKeys (ConfUtils.java:logGet(43)) - raft.server.log.force.sync.num = 128 (default)
2019-06-14 12:45:27,687 INFO  server.RaftServerConfigKeys (ConfUtils.java:logGet(43)) - raft.server.log.statemachine.data.sync = true (default)
2019-06-14 12:45:27,687 INFO  server.RaftServerConfigKeys (ConfUtils.java:logGet(43)) - raft.server.log.statemachine.data.sync.timeout = 10s (default)
2019-06-14 12:45:27,687 INFO  server.RaftServerConfigKeys (ConfUtils.java:logGet(43)) - raft.server.log.statemachine.data.sync.timeout.retry = -1 (default)
2019-06-14 12:45:27,687 INFO  server.RaftServerConfigKeys (ConfUtils.java:logGet(43)) - raft.server.log.statemachine.data.caching.enabled = true (custom)
2019-06-14 12:45:27,688 INFO  server.RaftServerConfigKeys (ConfUtils.java:logGet(43)) - raft.server.snapshot.auto.trigger.enabled = true (custom)
2019-06-14 12:45:27,688 INFO  server.RaftServerConfigKeys (ConfUtils.java:logGet(43)) - raft.server.snapshot.auto.trigger.threshold = 10000 (custom)
2019-06-14 12:45:27,688 INFO  server.RaftServerConfigKeys (ConfUtils.java:logGet(43)) - raft.server.retrycache.expirytime = 600000ms (custom)
2019-06-14 12:45:27,688 INFO  impl.RaftServerImpl (RaftServerImpl.java:start(173)) - 356b3cd1-6bcc-4bfe-aedc-ac6eaf5ff8d0: start group-0F0630FACB48
2019-06-14 12:45:27,688 INFO  impl.RaftServerImpl (RaftServerImpl.java:setRole(164)) - 356b3cd1-6bcc-4bfe-aedc-ac6eaf5ff8d0:group-0F0630FACB48 changes role from null to FOLLOWER at term 0 for startAsFollower
2019-06-14 12:45:27,688 INFO  impl.RoleInfo (RoleInfo.java:updateAndGet(143)) - 356b3cd1-6bcc-4bfe-aedc-ac6eaf5ff8d0: start FollowerState
2019-06-14 12:45:27,689 INFO  util.JmxRegister (JmxRegister.java:tryRegister(44)) - Successfully registered JMX Bean with object name Ratis:service=RaftServer,group=group-0F0630FACB48,id=356b3cd1-6bcc-4bfe-aedc-ac6eaf5ff8d0
2019-06-14 12:45:27,696 INFO  pipeline.PipelineStateManager (PipelineStateManager.java:addPipeline(56)) - Created pipeline Pipeline[ Id: 207cc36a-96df-41f7-947d-0f0630facb48, Nodes: 356b3cd1-6bcc-4bfe-aedc-ac6eaf5ff8d0{ip: 192.168.134.78, host: ozone-8z6qt-916494304, networkLocation: /default-rack, certSerialId: null}, Type:RATIS, Factor:ONE, State:OPEN]
2019-06-14 12:45:27,786 INFO  node.SCMNodeManager (SCMNodeManager.java:register(234)) - Registered Data node : 707048a9-8a36-42ee-8972-c37fadebc751{ip: 192.168.134.78, host: ozone-8z6qt-916494304, networkLocation: /default-rack, certSerialId: null}
2019-06-14 12:45:27,802 INFO  impl.RaftServerProxy (RaftServerProxy.java:addNew(89)) - 707048a9-8a36-42ee-8972-c37fadebc751: addNew group-7CECD2B82E74:[707048a9-8a36-42ee-8972-c37fadebc751:192.168.134.78:35139] returns group-7CECD2B82E74:java.util.concurrent.CompletableFuture@669be44f[Not completed]
2019-06-14 12:45:27,802 INFO  impl.RaftServerImpl (RaftServerImpl.java:<init>(91)) - 707048a9-8a36-42ee-8972-c37fadebc751: new RaftServerImpl for group-7CECD2B82E74:[707048a9-8a36-42ee-8972-c37fadebc751:192.168.134.78:35139] with ContainerStateMachine:uninitialized
2019-06-14 12:45:27,802 INFO  server.RaftServerConfigKeys (ConfUtils.java:logGet(43)) - raft.server.rpc.timeout.min = 1s (custom)
2019-06-14 12:45:27,802 INFO  server.RaftServerConfigKeys (ConfUtils.java:logGet(43)) - raft.server.rpc.timeout.max = 1200ms (custom)
2019-06-14 12:45:27,803 INFO  server.RaftServerConfigKeys (ConfUtils.java:logGet(43)) - raft.server.rpcslowness.timeout = 10s (custom)
2019-06-14 12:45:27,803 INFO  server.RaftServerConfigKeys (ConfUtils.java:logGet(43)) - raft.server.log.appender.install.snapshot.enabled = true (default)
2019-06-14 12:45:27,803 INFO  impl.RaftServerImpl (ServerState.java:<init>(101)) - 707048a9-8a36-42ee-8972-c37fadebc751:group-7CECD2B82E74 ConfigurationManager, init=-1: [707048a9-8a36-42ee-8972-c37fadebc751:192.168.134.78:35139], old=null, confs=<EMPTY_MAP>
2019-06-14 12:45:27,803 INFO  server.RaftServerConfigKeys (ConfUtils.java:logGet(43)) - raft.server.storage.dir = [/opt/src/hadoop-ozone/integration-test/target/test-dir/MiniOzoneClusterImpl-2760fcce-995f-4cf5-8cab-adaa133fc8c0/datanode-4/data/ratis] (custom)
2019-06-14 12:45:27,803 INFO  storage.RaftStorageDirectory (RaftStorageDirectory.java:analyzeStorage(246)) - The storage directory /opt/src/hadoop-ozone/integration-test/target/test-dir/MiniOzoneClusterImpl-2760fcce-995f-4cf5-8cab-adaa133fc8c0/datanode-4/data/ratis/904a97d6-8a35-4830-936e-7cecd2b82e74 does not exist. Creating ...
2019-06-14 12:45:27,805 INFO  storage.RaftStorageDirectory (RaftStorageDirectory.java:tryLock(328)) - Lock on /opt/src/hadoop-ozone/integration-test/target/test-dir/MiniOzoneClusterImpl-2760fcce-995f-4cf5-8cab-adaa133fc8c0/datanode-4/data/ratis/904a97d6-8a35-4830-936e-7cecd2b82e74/in_use.lock acquired by nodename 9990@ozone-8z6qt-916494304
2019-06-14 12:45:27,807 INFO  storage.RaftStorage (RaftStorage.java:format(75)) - Storage directory /opt/src/hadoop-ozone/integration-test/target/test-dir/MiniOzoneClusterImpl-2760fcce-995f-4cf5-8cab-adaa133fc8c0/datanode-4/data/ratis/904a97d6-8a35-4830-936e-7cecd2b82e74 has been successfully formatted.
2019-06-14 12:45:27,807 INFO  ratis.ContainerStateMachine (ContainerStateMachine.java:loadSnapshot(199)) - The snapshot info is null.Setting the last applied index to:(t:0, i:~)
2019-06-14 12:45:27,807 INFO  server.RaftServerConfigKeys (ConfUtils.java:logGet(43)) - raft.server.leader.election.timeout = 10s (custom)
2019-06-14 12:45:27,807 INFO  server.RaftServerConfigKeys (ConfUtils.java:logGet(43)) - raft.server.log.use.memory = false (default)
2019-06-14 12:45:27,808 INFO  server.RaftServerConfigKeys (ConfUtils.java:logGet(43)) - raft.server.log.appender.buffer.byte-limit = 33554432 (custom)
2019-06-14 12:45:27,808 INFO  server.RaftServerConfigKeys (ConfUtils.java:logGet(43)) - raft.server.log.segment.size.max = 16384 (custom)
2019-06-14 12:45:27,808 INFO  server.RaftServerConfigKeys (ConfUtils.java:logGet(43)) - raft.server.log.segment.cache.num.max = 2 (custom)
2019-06-14 12:45:27,808 INFO  storage.RaftLogWorker (RaftLogWorker.java:<init>(123)) - new 707048a9-8a36-42ee-8972-c37fadebc751-RaftLogWorker for Storage Directory /opt/src/hadoop-ozone/integration-test/target/test-dir/MiniOzoneClusterImpl-2760fcce-995f-4cf5-8cab-adaa133fc8c0/datanode-4/data/ratis/904a97d6-8a35-4830-936e-7cecd2b82e74
2019-06-14 12:45:27,808 INFO  server.RaftServerConfigKeys (ConfUtils.java:logGet(43)) - raft.server.log.queue.byte-limit = 2147483647 (custom)
2019-06-14 12:45:27,808 INFO  server.RaftServerConfigKeys (ConfUtils.java:logGet(43)) - raft.server.log.queue.element-limit = 1024 (custom)
2019-06-14 12:45:27,808 INFO  server.RaftServerConfigKeys (ConfUtils.java:logGet(43)) - raft.server.log.segment.size.max = 16384 (custom)
2019-06-14 12:45:27,808 INFO  server.RaftServerConfigKeys (ConfUtils.java:logGet(43)) - raft.server.log.preallocated.size = 16384 (custom)
2019-06-14 12:45:27,808 INFO  server.RaftServerConfigKeys (ConfUtils.java:logGet(43)) - raft.server.log.write.buffer.size = 33554432 (custom)
2019-06-14 12:45:27,808 INFO  server.RaftServerConfigKeys (ConfUtils.java:logGet(43)) - raft.server.log.force.sync.num = 128 (default)
2019-06-14 12:45:27,808 INFO  server.RaftServerConfigKeys (ConfUtils.java:logGet(43)) - raft.server.log.statemachine.data.sync = true (default)
2019-06-14 12:45:27,808 INFO  server.RaftServerConfigKeys (ConfUtils.java:logGet(43)) - raft.server.log.statemachine.data.sync.timeout = 10s (default)
2019-06-14 12:45:27,808 INFO  server.RaftServerConfigKeys (ConfUtils.java:logGet(43)) - raft.server.log.statemachine.data.sync.timeout.retry = -1 (default)
2019-06-14 12:45:27,809 INFO  server.RaftServerConfigKeys (ConfUtils.java:logGet(43)) - raft.server.log.statemachine.data.caching.enabled = true (custom)
2019-06-14 12:45:27,809 INFO  server.RaftServerConfigKeys (ConfUtils.java:logGet(43)) - raft.server.snapshot.auto.trigger.enabled = true (custom)
2019-06-14 12:45:27,809 INFO  server.RaftServerConfigKeys (ConfUtils.java:logGet(43)) - raft.server.snapshot.auto.trigger.threshold = 10000 (custom)
2019-06-14 12:45:27,809 INFO  server.RaftServerConfigKeys (ConfUtils.java:logGet(43)) - raft.server.retrycache.expirytime = 600000ms (custom)
2019-06-14 12:45:27,809 INFO  impl.RaftServerImpl (RaftServerImpl.java:start(173)) - 707048a9-8a36-42ee-8972-c37fadebc751: start group-7CECD2B82E74
2019-06-14 12:45:27,809 INFO  impl.RaftServerImpl (RaftServerImpl.java:setRole(164)) - 707048a9-8a36-42ee-8972-c37fadebc751:group-7CECD2B82E74 changes role from null to FOLLOWER at term 0 for startAsFollower
2019-06-14 12:45:27,809 INFO  impl.RoleInfo (RoleInfo.java:updateAndGet(143)) - 707048a9-8a36-42ee-8972-c37fadebc751: start FollowerState
2019-06-14 12:45:27,810 INFO  util.JmxRegister (JmxRegister.java:tryRegister(44)) - Successfully registered JMX Bean with object name Ratis:service=RaftServer,group=group-7CECD2B82E74,id=707048a9-8a36-42ee-8972-c37fadebc751
2019-06-14 12:45:27,818 INFO  pipeline.PipelineStateManager (PipelineStateManager.java:addPipeline(56)) - Created pipeline Pipeline[ Id: 904a97d6-8a35-4830-936e-7cecd2b82e74, Nodes: 707048a9-8a36-42ee-8972-c37fadebc751{ip: 192.168.134.78, host: ozone-8z6qt-916494304, networkLocation: /default-rack, certSerialId: null}, Type:RATIS, Factor:ONE, State:OPEN]
2019-06-14 12:45:27,980 INFO  ozone.MiniOzoneClusterImpl (MiniOzoneClusterImpl.java:lambda$waitForClusterToBeReady$0(142)) - Waiting for cluster to be ready. Got 5 of 6 DN Heartbeats.
2019-06-14 12:45:27,983 INFO  node.SCMNodeManager (SCMNodeManager.java:register(234)) - Registered Data node : 13a5b62c-7036-4663-a28e-db67ab1f3d21{ip: 192.168.134.78, host: ozone-8z6qt-916494304, networkLocation: /default-rack, certSerialId: null}
2019-06-14 12:45:27,994 INFO  impl.RaftServerProxy (RaftServerProxy.java:addNew(89)) - 13a5b62c-7036-4663-a28e-db67ab1f3d21: addNew group-D1D7EFC282AC:[13a5b62c-7036-4663-a28e-db67ab1f3d21:192.168.134.78:44137] returns group-D1D7EFC282AC:java.util.concurrent.CompletableFuture@5b5550d4[Not completed]
2019-06-14 12:45:27,994 INFO  impl.RaftServerImpl (RaftServerImpl.java:<init>(91)) - 13a5b62c-7036-4663-a28e-db67ab1f3d21: new RaftServerImpl for group-D1D7EFC282AC:[13a5b62c-7036-4663-a28e-db67ab1f3d21:192.168.134.78:44137] with ContainerStateMachine:uninitialized
2019-06-14 12:45:27,995 INFO  server.RaftServerConfigKeys (ConfUtils.java:logGet(43)) - raft.server.rpc.timeout.min = 1s (custom)
2019-06-14 12:45:27,995 INFO  server.RaftServerConfigKeys (ConfUtils.java:logGet(43)) - raft.server.rpc.timeout.max = 1200ms (custom)
2019-06-14 12:45:27,995 INFO  server.RaftServerConfigKeys (ConfUtils.java:logGet(43)) - raft.server.rpcslowness.timeout = 10s (custom)
2019-06-14 12:45:27,995 INFO  server.RaftServerConfigKeys (ConfUtils.java:logGet(43)) - raft.server.log.appender.install.snapshot.enabled = true (default)
2019-06-14 12:45:27,995 INFO  impl.RaftServerImpl (ServerState.java:<init>(101)) - 13a5b62c-7036-4663-a28e-db67ab1f3d21:group-D1D7EFC282AC ConfigurationManager, init=-1: [13a5b62c-7036-4663-a28e-db67ab1f3d21:192.168.134.78:44137], old=null, confs=<EMPTY_MAP>
2019-06-14 12:45:27,995 INFO  server.RaftServerConfigKeys (ConfUtils.java:logGet(43)) - raft.server.storage.dir = [/opt/src/hadoop-ozone/integration-test/target/test-dir/MiniOzoneClusterImpl-2760fcce-995f-4cf5-8cab-adaa133fc8c0/datanode-5/data/ratis] (custom)
2019-06-14 12:45:27,996 INFO  storage.RaftStorageDirectory (RaftStorageDirectory.java:analyzeStorage(246)) - The storage directory /opt/src/hadoop-ozone/integration-test/target/test-dir/MiniOzoneClusterImpl-2760fcce-995f-4cf5-8cab-adaa133fc8c0/datanode-5/data/ratis/d9650508-9017-4735-bc06-d1d7efc282ac does not exist. Creating ...
2019-06-14 12:45:27,998 INFO  storage.RaftStorageDirectory (RaftStorageDirectory.java:tryLock(328)) - Lock on /opt/src/hadoop-ozone/integration-test/target/test-dir/MiniOzoneClusterImpl-2760fcce-995f-4cf5-8cab-adaa133fc8c0/datanode-5/data/ratis/d9650508-9017-4735-bc06-d1d7efc282ac/in_use.lock acquired by nodename 9990@ozone-8z6qt-916494304
2019-06-14 12:45:28,000 INFO  storage.RaftStorage (RaftStorage.java:format(75)) - Storage directory /opt/src/hadoop-ozone/integration-test/target/test-dir/MiniOzoneClusterImpl-2760fcce-995f-4cf5-8cab-adaa133fc8c0/datanode-5/data/ratis/d9650508-9017-4735-bc06-d1d7efc282ac has been successfully formatted.
2019-06-14 12:45:28,000 INFO  ratis.ContainerStateMachine (ContainerStateMachine.java:loadSnapshot(199)) - The snapshot info is null.Setting the last applied index to:(t:0, i:~)
2019-06-14 12:45:28,000 INFO  server.RaftServerConfigKeys (ConfUtils.java:logGet(43)) - raft.server.leader.election.timeout = 10s (custom)
2019-06-14 12:45:28,000 INFO  server.RaftServerConfigKeys (ConfUtils.java:logGet(43)) - raft.server.log.use.memory = false (default)
2019-06-14 12:45:28,001 INFO  server.RaftServerConfigKeys (ConfUtils.java:logGet(43)) - raft.server.log.appender.buffer.byte-limit = 33554432 (custom)
2019-06-14 12:45:28,001 INFO  server.RaftServerConfigKeys (ConfUtils.java:logGet(43)) - raft.server.log.segment.size.max = 16384 (custom)
2019-06-14 12:45:28,001 INFO  server.RaftServerConfigKeys (ConfUtils.java:logGet(43)) - raft.server.log.segment.cache.num.max = 2 (custom)
2019-06-14 12:45:28,001 INFO  storage.RaftLogWorker (RaftLogWorker.java:<init>(123)) - new 13a5b62c-7036-4663-a28e-db67ab1f3d21-RaftLogWorker for Storage Directory /opt/src/hadoop-ozone/integration-test/target/test-dir/MiniOzoneClusterImpl-2760fcce-995f-4cf5-8cab-adaa133fc8c0/datanode-5/data/ratis/d9650508-9017-4735-bc06-d1d7efc282ac
2019-06-14 12:45:28,001 INFO  server.RaftServerConfigKeys (ConfUtils.java:logGet(43)) - raft.server.log.queue.byte-limit = 2147483647 (custom)
2019-06-14 12:45:28,001 INFO  server.RaftServerConfigKeys (ConfUtils.java:logGet(43)) - raft.server.log.queue.element-limit = 1024 (custom)
2019-06-14 12:45:28,001 INFO  server.RaftServerConfigKeys (ConfUtils.java:logGet(43)) - raft.server.log.segment.size.max = 16384 (custom)
2019-06-14 12:45:28,001 INFO  server.RaftServerConfigKeys (ConfUtils.java:logGet(43)) - raft.server.log.preallocated.size = 16384 (custom)
2019-06-14 12:45:28,001 INFO  server.RaftServerConfigKeys (ConfUtils.java:logGet(43)) - raft.server.log.write.buffer.size = 33554432 (custom)
2019-06-14 12:45:28,001 INFO  server.RaftServerConfigKeys (ConfUtils.java:logGet(43)) - raft.server.log.force.sync.num = 128 (default)
2019-06-14 12:45:28,001 INFO  server.RaftServerConfigKeys (ConfUtils.java:logGet(43)) - raft.server.log.statemachine.data.sync = true (default)
2019-06-14 12:45:28,001 INFO  server.RaftServerConfigKeys (ConfUtils.java:logGet(43)) - raft.server.log.statemachine.data.sync.timeout = 10s (default)
2019-06-14 12:45:28,001 INFO  server.RaftServerConfigKeys (ConfUtils.java:logGet(43)) - raft.server.log.statemachine.data.sync.timeout.retry = -1 (default)
2019-06-14 12:45:28,002 INFO  server.RaftServerConfigKeys (ConfUtils.java:logGet(43)) - raft.server.log.statemachine.data.caching.enabled = true (custom)
2019-06-14 12:45:28,002 INFO  server.RaftServerConfigKeys (ConfUtils.java:logGet(43)) - raft.server.snapshot.auto.trigger.enabled = true (custom)
2019-06-14 12:45:28,002 INFO  server.RaftServerConfigKeys (ConfUtils.java:logGet(43)) - raft.server.snapshot.auto.trigger.threshold = 10000 (custom)
2019-06-14 12:45:28,002 INFO  server.RaftServerConfigKeys (ConfUtils.java:logGet(43)) - raft.server.retrycache.expirytime = 600000ms (custom)
2019-06-14 12:45:28,002 INFO  impl.RaftServerImpl (RaftServerImpl.java:start(173)) - 13a5b62c-7036-4663-a28e-db67ab1f3d21: start group-D1D7EFC282AC
2019-06-14 12:45:28,002 INFO  impl.RaftServerImpl (RaftServerImpl.java:setRole(164)) - 13a5b62c-7036-4663-a28e-db67ab1f3d21:group-D1D7EFC282AC changes role from null to FOLLOWER at term 0 for startAsFollower
2019-06-14 12:45:28,002 INFO  impl.RoleInfo (RoleInfo.java:updateAndGet(143)) - 13a5b62c-7036-4663-a28e-db67ab1f3d21: start FollowerState
2019-06-14 12:45:28,003 INFO  util.JmxRegister (JmxRegister.java:tryRegister(44)) - Successfully registered JMX Bean with object name Ratis:service=RaftServer,group=group-D1D7EFC282AC,id=13a5b62c-7036-4663-a28e-db67ab1f3d21
2019-06-14 12:45:28,008 INFO  pipeline.PipelineStateManager (PipelineStateManager.java:addPipeline(56)) - Created pipeline Pipeline[ Id: d9650508-9017-4735-bc06-d1d7efc282ac, Nodes: 13a5b62c-7036-4663-a28e-db67ab1f3d21{ip: 192.168.134.78, host: ozone-8z6qt-916494304, networkLocation: /default-rack, certSerialId: null}, Type:RATIS, Factor:ONE, State:OPEN]
2019-06-14 12:45:28,024 INFO  impl.RaftServerProxy (RaftServerProxy.java:addNew(89)) - 707048a9-8a36-42ee-8972-c37fadebc751: addNew group-D3B640F3BBEE:[13a5b62c-7036-4663-a28e-db67ab1f3d21:192.168.134.78:44137, 707048a9-8a36-42ee-8972-c37fadebc751:192.168.134.78:35139, 356b3cd1-6bcc-4bfe-aedc-ac6eaf5ff8d0:192.168.134.78:34397] returns group-D3B640F3BBEE:java.util.concurrent.CompletableFuture@19bb9aa4[Not completed]
2019-06-14 12:45:28,024 INFO  impl.RaftServerProxy (RaftServerProxy.java:addNew(89)) - 356b3cd1-6bcc-4bfe-aedc-ac6eaf5ff8d0: addNew group-D3B640F3BBEE:[13a5b62c-7036-4663-a28e-db67ab1f3d21:192.168.134.78:44137, 707048a9-8a36-42ee-8972-c37fadebc751:192.168.134.78:35139, 356b3cd1-6bcc-4bfe-aedc-ac6eaf5ff8d0:192.168.134.78:34397] returns group-D3B640F3BBEE:java.util.concurrent.CompletableFuture@534cf100[Not completed]
2019-06-14 12:45:28,024 INFO  impl.RaftServerImpl (RaftServerImpl.java:<init>(91)) - 707048a9-8a36-42ee-8972-c37fadebc751: new RaftServerImpl for group-D3B640F3BBEE:[13a5b62c-7036-4663-a28e-db67ab1f3d21:192.168.134.78:44137, 707048a9-8a36-42ee-8972-c37fadebc751:192.168.134.78:35139, 356b3cd1-6bcc-4bfe-aedc-ac6eaf5ff8d0:192.168.134.78:34397] with ContainerStateMachine:uninitialized
2019-06-14 12:45:28,024 INFO  server.RaftServerConfigKeys (ConfUtils.java:logGet(43)) - raft.server.rpc.timeout.min = 1s (custom)
2019-06-14 12:45:28,025 INFO  server.RaftServerConfigKeys (ConfUtils.java:logGet(43)) - raft.server.rpc.timeout.max = 1200ms (custom)
2019-06-14 12:45:28,025 INFO  server.RaftServerConfigKeys (ConfUtils.java:logGet(43)) - raft.server.rpcslowness.timeout = 10s (custom)
2019-06-14 12:45:28,025 INFO  server.RaftServerConfigKeys (ConfUtils.java:logGet(43)) - raft.server.log.appender.install.snapshot.enabled = true (default)
2019-06-14 12:45:28,025 INFO  impl.RaftServerImpl (ServerState.java:<init>(101)) - 707048a9-8a36-42ee-8972-c37fadebc751:group-D3B640F3BBEE ConfigurationManager, init=-1: [13a5b62c-7036-4663-a28e-db67ab1f3d21:192.168.134.78:44137, 707048a9-8a36-42ee-8972-c37fadebc751:192.168.134.78:35139, 356b3cd1-6bcc-4bfe-aedc-ac6eaf5ff8d0:192.168.134.78:34397], old=null, confs=<EMPTY_MAP>
2019-06-14 12:45:28,025 INFO  impl.RaftServerImpl (RaftServerImpl.java:<init>(91)) - 356b3cd1-6bcc-4bfe-aedc-ac6eaf5ff8d0: new RaftServerImpl for group-D3B640F3BBEE:[13a5b62c-7036-4663-a28e-db67ab1f3d21:192.168.134.78:44137, 707048a9-8a36-42ee-8972-c37fadebc751:192.168.134.78:35139, 356b3cd1-6bcc-4bfe-aedc-ac6eaf5ff8d0:192.168.134.78:34397] with ContainerStateMachine:uninitialized
2019-06-14 12:45:28,025 INFO  server.RaftServerConfigKeys (ConfUtils.java:logGet(43)) - raft.server.storage.dir = [/opt/src/hadoop-ozone/integration-test/target/test-dir/MiniOzoneClusterImpl-2760fcce-995f-4cf5-8cab-adaa133fc8c0/datanode-4/data/ratis] (custom)
2019-06-14 12:45:28,025 INFO  server.RaftServerConfigKeys (ConfUtils.java:logGet(43)) - raft.server.rpc.timeout.min = 1s (custom)
2019-06-14 12:45:28,026 INFO  server.RaftServerConfigKeys (ConfUtils.java:logGet(43)) - raft.server.rpc.timeout.max = 1200ms (custom)
2019-06-14 12:45:28,026 INFO  impl.RaftServerProxy (RaftServerProxy.java:addNew(89)) - 13a5b62c-7036-4663-a28e-db67ab1f3d21: addNew group-D3B640F3BBEE:[13a5b62c-7036-4663-a28e-db67ab1f3d21:192.168.134.78:44137, 707048a9-8a36-42ee-8972-c37fadebc751:192.168.134.78:35139, 356b3cd1-6bcc-4bfe-aedc-ac6eaf5ff8d0:192.168.134.78:34397] returns group-D3B640F3BBEE:java.util.concurrent.CompletableFuture@24de298f[Not completed]
2019-06-14 12:45:28,026 INFO  server.RaftServerConfigKeys (ConfUtils.java:logGet(43)) - raft.server.rpcslowness.timeout = 10s (custom)
2019-06-14 12:45:28,026 INFO  storage.RaftStorageDirectory (RaftStorageDirectory.java:analyzeStorage(246)) - The storage directory /opt/src/hadoop-ozone/integration-test/target/test-dir/MiniOzoneClusterImpl-2760fcce-995f-4cf5-8cab-adaa133fc8c0/datanode-4/data/ratis/0a6bc8a3-96e2-4f9e-9a14-d3b640f3bbee does not exist. Creating ...
2019-06-14 12:45:28,027 INFO  server.RaftServerConfigKeys (ConfUtils.java:logGet(43)) - raft.server.log.appender.install.snapshot.enabled = true (default)
2019-06-14 12:45:28,027 INFO  impl.RaftServerImpl (ServerState.java:<init>(101)) - 356b3cd1-6bcc-4bfe-aedc-ac6eaf5ff8d0:group-D3B640F3BBEE ConfigurationManager, init=-1: [13a5b62c-7036-4663-a28e-db67ab1f3d21:192.168.134.78:44137, 707048a9-8a36-42ee-8972-c37fadebc751:192.168.134.78:35139, 356b3cd1-6bcc-4bfe-aedc-ac6eaf5ff8d0:192.168.134.78:34397], old=null, confs=<EMPTY_MAP>
2019-06-14 12:45:28,027 INFO  impl.RaftServerImpl (RaftServerImpl.java:<init>(91)) - 13a5b62c-7036-4663-a28e-db67ab1f3d21: new RaftServerImpl for group-D3B640F3BBEE:[13a5b62c-7036-4663-a28e-db67ab1f3d21:192.168.134.78:44137, 707048a9-8a36-42ee-8972-c37fadebc751:192.168.134.78:35139, 356b3cd1-6bcc-4bfe-aedc-ac6eaf5ff8d0:192.168.134.78:34397] with ContainerStateMachine:uninitialized
2019-06-14 12:45:28,027 INFO  server.RaftServerConfigKeys (ConfUtils.java:logGet(43)) - raft.server.storage.dir = [/opt/src/hadoop-ozone/integration-test/target/test-dir/MiniOzoneClusterImpl-2760fcce-995f-4cf5-8cab-adaa133fc8c0/datanode-3/data/ratis] (custom)
2019-06-14 12:45:28,027 INFO  server.RaftServerConfigKeys (ConfUtils.java:logGet(43)) - raft.server.rpc.timeout.min = 1s (custom)
2019-06-14 12:45:28,027 INFO  server.RaftServerConfigKeys (ConfUtils.java:logGet(43)) - raft.server.rpc.timeout.max = 1200ms (custom)
2019-06-14 12:45:28,027 INFO  server.RaftServerConfigKeys (ConfUtils.java:logGet(43)) - raft.server.rpcslowness.timeout = 10s (custom)
2019-06-14 12:45:28,027 INFO  server.RaftServerConfigKeys (ConfUtils.java:logGet(43)) - raft.server.log.appender.install.snapshot.enabled = true (default)
2019-06-14 12:45:28,027 INFO  storage.RaftStorageDirectory (RaftStorageDirectory.java:analyzeStorage(246)) - The storage directory /opt/src/hadoop-ozone/integration-test/target/test-dir/MiniOzoneClusterImpl-2760fcce-995f-4cf5-8cab-adaa133fc8c0/datanode-3/data/ratis/0a6bc8a3-96e2-4f9e-9a14-d3b640f3bbee does not exist. Creating ...
2019-06-14 12:45:28,028 INFO  impl.RaftServerImpl (ServerState.java:<init>(101)) - 13a5b62c-7036-4663-a28e-db67ab1f3d21:group-D3B640F3BBEE ConfigurationManager, init=-1: [13a5b62c-7036-4663-a28e-db67ab1f3d21:192.168.134.78:44137, 707048a9-8a36-42ee-8972-c37fadebc751:192.168.134.78:35139, 356b3cd1-6bcc-4bfe-aedc-ac6eaf5ff8d0:192.168.134.78:34397], old=null, confs=<EMPTY_MAP>
2019-06-14 12:45:28,028 INFO  server.RaftServerConfigKeys (ConfUtils.java:logGet(43)) - raft.server.storage.dir = [/opt/src/hadoop-ozone/integration-test/target/test-dir/MiniOzoneClusterImpl-2760fcce-995f-4cf5-8cab-adaa133fc8c0/datanode-5/data/ratis] (custom)
2019-06-14 12:45:28,028 INFO  storage.RaftStorageDirectory (RaftStorageDirectory.java:analyzeStorage(246)) - The storage directory /opt/src/hadoop-ozone/integration-test/target/test-dir/MiniOzoneClusterImpl-2760fcce-995f-4cf5-8cab-adaa133fc8c0/datanode-5/data/ratis/0a6bc8a3-96e2-4f9e-9a14-d3b640f3bbee does not exist. Creating ...
2019-06-14 12:45:28,029 INFO  storage.RaftStorageDirectory (RaftStorageDirectory.java:tryLock(328)) - Lock on /opt/src/hadoop-ozone/integration-test/target/test-dir/MiniOzoneClusterImpl-2760fcce-995f-4cf5-8cab-adaa133fc8c0/datanode-4/data/ratis/0a6bc8a3-96e2-4f9e-9a14-d3b640f3bbee/in_use.lock acquired by nodename 9990@ozone-8z6qt-916494304
2019-06-14 12:45:28,030 INFO  storage.RaftStorageDirectory (RaftStorageDirectory.java:tryLock(328)) - Lock on /opt/src/hadoop-ozone/integration-test/target/test-dir/MiniOzoneClusterImpl-2760fcce-995f-4cf5-8cab-adaa133fc8c0/datanode-5/data/ratis/0a6bc8a3-96e2-4f9e-9a14-d3b640f3bbee/in_use.lock acquired by nodename 9990@ozone-8z6qt-916494304
2019-06-14 12:45:28,030 INFO  storage.RaftStorageDirectory (RaftStorageDirectory.java:tryLock(328)) - Lock on /opt/src/hadoop-ozone/integration-test/target/test-dir/MiniOzoneClusterImpl-2760fcce-995f-4cf5-8cab-adaa133fc8c0/datanode-3/data/ratis/0a6bc8a3-96e2-4f9e-9a14-d3b640f3bbee/in_use.lock acquired by nodename 9990@ozone-8z6qt-916494304
2019-06-14 12:45:28,031 INFO  storage.RaftStorage (RaftStorage.java:format(75)) - Storage directory /opt/src/hadoop-ozone/integration-test/target/test-dir/MiniOzoneClusterImpl-2760fcce-995f-4cf5-8cab-adaa133fc8c0/datanode-4/data/ratis/0a6bc8a3-96e2-4f9e-9a14-d3b640f3bbee has been successfully formatted.
2019-06-14 12:45:28,032 INFO  ratis.ContainerStateMachine (ContainerStateMachine.java:loadSnapshot(199)) - The snapshot info is null.Setting the last applied index to:(t:0, i:~)
2019-06-14 12:45:28,032 INFO  server.RaftServerConfigKeys (ConfUtils.java:logGet(43)) - raft.server.leader.election.timeout = 10s (custom)
2019-06-14 12:45:28,032 INFO  server.RaftServerConfigKeys (ConfUtils.java:logGet(43)) - raft.server.log.use.memory = false (default)
2019-06-14 12:45:28,032 INFO  server.RaftServerConfigKeys (ConfUtils.java:logGet(43)) - raft.server.log.appender.buffer.byte-limit = 33554432 (custom)
2019-06-14 12:45:28,032 INFO  server.RaftServerConfigKeys (ConfUtils.java:logGet(43)) - raft.server.log.segment.size.max = 16384 (custom)
2019-06-14 12:45:28,032 INFO  server.RaftServerConfigKeys (ConfUtils.java:logGet(43)) - raft.server.log.segment.cache.num.max = 2 (custom)
2019-06-14 12:45:28,032 INFO  storage.RaftLogWorker (RaftLogWorker.java:<init>(123)) - new 707048a9-8a36-42ee-8972-c37fadebc751-RaftLogWorker for Storage Directory /opt/src/hadoop-ozone/integration-test/target/test-dir/MiniOzoneClusterImpl-2760fcce-995f-4cf5-8cab-adaa133fc8c0/datanode-4/data/ratis/0a6bc8a3-96e2-4f9e-9a14-d3b640f3bbee
2019-06-14 12:45:28,032 INFO  server.RaftServerConfigKeys (ConfUtils.java:logGet(43)) - raft.server.log.queue.byte-limit = 2147483647 (custom)
2019-06-14 12:45:28,032 INFO  server.RaftServerConfigKeys (ConfUtils.java:logGet(43)) - raft.server.log.queue.element-limit = 1024 (custom)
2019-06-14 12:45:28,033 INFO  server.RaftServerConfigKeys (ConfUtils.java:logGet(43)) - raft.server.log.segment.size.max = 16384 (custom)
2019-06-14 12:45:28,033 INFO  server.RaftServerConfigKeys (ConfUtils.java:logGet(43)) - raft.server.log.preallocated.size = 16384 (custom)
2019-06-14 12:45:28,033 INFO  server.RaftServerConfigKeys (ConfUtils.java:logGet(43)) - raft.server.log.write.buffer.size = 33554432 (custom)
2019-06-14 12:45:28,033 INFO  server.RaftServerConfigKeys (ConfUtils.java:logGet(43)) - raft.server.log.force.sync.num = 128 (default)
2019-06-14 12:45:28,033 INFO  storage.RaftStorage (RaftStorage.java:format(75)) - Storage directory /opt/src/hadoop-ozone/integration-test/target/test-dir/MiniOzoneClusterImpl-2760fcce-995f-4cf5-8cab-adaa133fc8c0/datanode-5/data/ratis/0a6bc8a3-96e2-4f9e-9a14-d3b640f3bbee has been successfully formatted.
2019-06-14 12:45:28,033 INFO  server.RaftServerConfigKeys (ConfUtils.java:logGet(43)) - raft.server.log.statemachine.data.sync = true (default)
2019-06-14 12:45:28,033 INFO  storage.RaftStorage (RaftStorage.java:format(75)) - Storage directory /opt/src/hadoop-ozone/integration-test/target/test-dir/MiniOzoneClusterImpl-2760fcce-995f-4cf5-8cab-adaa133fc8c0/datanode-3/data/ratis/0a6bc8a3-96e2-4f9e-9a14-d3b640f3bbee has been successfully formatted.
2019-06-14 12:45:28,033 INFO  server.RaftServerConfigKeys (ConfUtils.java:logGet(43)) - raft.server.log.statemachine.data.sync.timeout = 10s (default)
2019-06-14 12:45:28,033 INFO  ratis.ContainerStateMachine (ContainerStateMachine.java:loadSnapshot(199)) - The snapshot info is null.Setting the last applied index to:(t:0, i:~)
2019-06-14 12:45:28,033 INFO  server.RaftServerConfigKeys (ConfUtils.java:logGet(43)) - raft.server.log.statemachine.data.sync.timeout.retry = -1 (default)
2019-06-14 12:45:28,033 INFO  ratis.ContainerStateMachine (ContainerStateMachine.java:loadSnapshot(199)) - The snapshot info is null.Setting the last applied index to:(t:0, i:~)
2019-06-14 12:45:28,034 INFO  server.RaftServerConfigKeys (ConfUtils.java:logGet(43)) - raft.server.log.statemachine.data.caching.enabled = true (custom)
2019-06-14 12:45:28,033 INFO  server.RaftServerConfigKeys (ConfUtils.java:logGet(43)) - raft.server.leader.election.timeout = 10s (custom)
2019-06-14 12:45:28,034 INFO  server.RaftServerConfigKeys (ConfUtils.java:logGet(43)) - raft.server.leader.election.timeout = 10s (custom)
2019-06-14 12:45:28,034 INFO  server.RaftServerConfigKeys (ConfUtils.java:logGet(43)) - raft.server.log.use.memory = false (default)
2019-06-14 12:45:28,034 INFO  server.RaftServerConfigKeys (ConfUtils.java:logGet(43)) - raft.server.log.use.memory = false (default)
2019-06-14 12:45:28,034 INFO  server.RaftServerConfigKeys (ConfUtils.java:logGet(43)) - raft.server.snapshot.auto.trigger.enabled = true (custom)
2019-06-14 12:45:28,034 INFO  server.RaftServerConfigKeys (ConfUtils.java:logGet(43)) - raft.server.log.appender.buffer.byte-limit = 33554432 (custom)
2019-06-14 12:45:28,034 INFO  server.RaftServerConfigKeys (ConfUtils.java:logGet(43)) - raft.server.snapshot.auto.trigger.threshold = 10000 (custom)
2019-06-14 12:45:28,034 INFO  server.RaftServerConfigKeys (ConfUtils.java:logGet(43)) - raft.server.log.appender.buffer.byte-limit = 33554432 (custom)
2019-06-14 12:45:28,034 INFO  server.RaftServerConfigKeys (ConfUtils.java:logGet(43)) - raft.server.retrycache.expirytime = 600000ms (custom)
2019-06-14 12:45:28,034 INFO  server.RaftServerConfigKeys (ConfUtils.java:logGet(43)) - raft.server.log.segment.size.max = 16384 (custom)
2019-06-14 12:45:28,035 INFO  impl.RaftServerImpl (RaftServerImpl.java:start(173)) - 707048a9-8a36-42ee-8972-c37fadebc751: start group-D3B640F3BBEE
2019-06-14 12:45:28,034 INFO  server.RaftServerConfigKeys (ConfUtils.java:logGet(43)) - raft.server.log.segment.size.max = 16384 (custom)
2019-06-14 12:45:28,035 INFO  impl.RaftServerImpl (RaftServerImpl.java:setRole(164)) - 707048a9-8a36-42ee-8972-c37fadebc751:group-D3B640F3BBEE changes role from null to FOLLOWER at term 0 for startAsFollower
2019-06-14 12:45:28,035 INFO  server.RaftServerConfigKeys (ConfUtils.java:logGet(43)) - raft.server.log.segment.cache.num.max = 2 (custom)
2019-06-14 12:45:28,035 INFO  impl.RoleInfo (RoleInfo.java:updateAndGet(143)) - 707048a9-8a36-42ee-8972-c37fadebc751: start FollowerState
2019-06-14 12:45:28,035 INFO  server.RaftServerConfigKeys (ConfUtils.java:logGet(43)) - raft.server.log.segment.cache.num.max = 2 (custom)
2019-06-14 12:45:28,035 INFO  storage.RaftLogWorker (RaftLogWorker.java:<init>(123)) - new 356b3cd1-6bcc-4bfe-aedc-ac6eaf5ff8d0-RaftLogWorker for Storage Directory /opt/src/hadoop-ozone/integration-test/target/test-dir/MiniOzoneClusterImpl-2760fcce-995f-4cf5-8cab-adaa133fc8c0/datanode-3/data/ratis/0a6bc8a3-96e2-4f9e-9a14-d3b640f3bbee
2019-06-14 12:45:28,035 INFO  server.RaftServerConfigKeys (ConfUtils.java:logGet(43)) - raft.server.log.queue.byte-limit = 2147483647 (custom)
2019-06-14 12:45:28,035 INFO  server.RaftServerConfigKeys (ConfUtils.java:logGet(43)) - raft.server.log.queue.element-limit = 1024 (custom)
2019-06-14 12:45:28,035 INFO  server.RaftServerConfigKeys (ConfUtils.java:logGet(43)) - raft.server.log.segment.size.max = 16384 (custom)
2019-06-14 12:45:28,036 INFO  server.RaftServerConfigKeys (ConfUtils.java:logGet(43)) - raft.server.log.preallocated.size = 16384 (custom)
2019-06-14 12:45:28,036 INFO  server.RaftServerConfigKeys (ConfUtils.java:logGet(43)) - raft.server.log.write.buffer.size = 33554432 (custom)
2019-06-14 12:45:28,036 INFO  server.RaftServerConfigKeys (ConfUtils.java:logGet(43)) - raft.server.log.force.sync.num = 128 (default)
2019-06-14 12:45:28,036 INFO  server.RaftServerConfigKeys (ConfUtils.java:logGet(43)) - raft.server.log.statemachine.data.sync = true (default)
2019-06-14 12:45:28,036 INFO  server.RaftServerConfigKeys (ConfUtils.java:logGet(43)) - raft.server.log.statemachine.data.sync.timeout = 10s (default)
2019-06-14 12:45:28,036 INFO  server.RaftServerConfigKeys (ConfUtils.java:logGet(43)) - raft.server.log.statemachine.data.sync.timeout.retry = -1 (default)
2019-06-14 12:45:28,036 INFO  server.RaftServerConfigKeys (ConfUtils.java:logGet(43)) - raft.server.log.statemachine.data.caching.enabled = true (custom)
2019-06-14 12:45:28,035 INFO  storage.RaftLogWorker (RaftLogWorker.java:<init>(123)) - new 13a5b62c-7036-4663-a28e-db67ab1f3d21-RaftLogWorker for Storage Directory /opt/src/hadoop-ozone/integration-test/target/test-dir/MiniOzoneClusterImpl-2760fcce-995f-4cf5-8cab-adaa133fc8c0/datanode-5/data/ratis/0a6bc8a3-96e2-4f9e-9a14-d3b640f3bbee
2019-06-14 12:45:28,037 INFO  server.RaftServerConfigKeys (ConfUtils.java:logGet(43)) - raft.server.snapshot.auto.trigger.enabled = true (custom)
2019-06-14 12:45:28,037 INFO  server.RaftServerConfigKeys (ConfUtils.java:logGet(43)) - raft.server.snapshot.auto.trigger.threshold = 10000 (custom)
2019-06-14 12:45:28,037 INFO  server.RaftServerConfigKeys (ConfUtils.java:logGet(43)) - raft.server.retrycache.expirytime = 600000ms (custom)
2019-06-14 12:45:28,037 INFO  impl.RaftServerImpl (RaftServerImpl.java:start(173)) - 356b3cd1-6bcc-4bfe-aedc-ac6eaf5ff8d0: start group-D3B640F3BBEE
2019-06-14 12:45:28,037 INFO  impl.RaftServerImpl (RaftServerImpl.java:setRole(164)) - 356b3cd1-6bcc-4bfe-aedc-ac6eaf5ff8d0:group-D3B640F3BBEE changes role from null to FOLLOWER at term 0 for startAsFollower
2019-06-14 12:45:28,037 INFO  impl.RoleInfo (RoleInfo.java:updateAndGet(143)) - 356b3cd1-6bcc-4bfe-aedc-ac6eaf5ff8d0: start FollowerState
2019-06-14 12:45:28,035 INFO  util.JmxRegister (JmxRegister.java:tryRegister(44)) - Successfully registered JMX Bean with object name Ratis:service=RaftServer,group=group-D3B640F3BBEE,id=707048a9-8a36-42ee-8972-c37fadebc751
2019-06-14 12:45:28,037 INFO  server.RaftServerConfigKeys (ConfUtils.java:logGet(43)) - raft.server.log.queue.byte-limit = 2147483647 (custom)
2019-06-14 12:45:28,037 INFO  server.RaftServerConfigKeys (ConfUtils.java:logGet(43)) - raft.server.log.queue.element-limit = 1024 (custom)
2019-06-14 12:45:28,037 INFO  util.JmxRegister (JmxRegister.java:tryRegister(44)) - Successfully registered JMX Bean with object name Ratis:service=RaftServer,group=group-D3B640F3BBEE,id=356b3cd1-6bcc-4bfe-aedc-ac6eaf5ff8d0
2019-06-14 12:45:28,038 INFO  server.RaftServerConfigKeys (ConfUtils.java:logGet(43)) - raft.server.log.segment.size.max = 16384 (custom)
2019-06-14 12:45:28,038 INFO  server.RaftServerConfigKeys (ConfUtils.java:logGet(43)) - raft.server.log.preallocated.size = 16384 (custom)
2019-06-14 12:45:28,038 INFO  server.RaftServerConfigKeys (ConfUtils.java:logGet(43)) - raft.server.log.write.buffer.size = 33554432 (custom)
2019-06-14 12:45:28,038 INFO  server.RaftServerConfigKeys (ConfUtils.java:logGet(43)) - raft.server.log.force.sync.num = 128 (default)
2019-06-14 12:45:28,038 INFO  server.RaftServerConfigKeys (ConfUtils.java:logGet(43)) - raft.server.log.statemachine.data.sync = true (default)
2019-06-14 12:45:28,038 INFO  server.RaftServerConfigKeys (ConfUtils.java:logGet(43)) - raft.server.log.statemachine.data.sync.timeout = 10s (default)
2019-06-14 12:45:28,038 INFO  server.RaftServerConfigKeys (ConfUtils.java:logGet(43)) - raft.server.log.statemachine.data.sync.timeout.retry = -1 (default)
2019-06-14 12:45:28,038 INFO  server.RaftServerConfigKeys (ConfUtils.java:logGet(43)) - raft.server.log.statemachine.data.caching.enabled = true (custom)
2019-06-14 12:45:28,042 INFO  server.RaftServerConfigKeys (ConfUtils.java:logGet(43)) - raft.server.snapshot.auto.trigger.enabled = true (custom)
2019-06-14 12:45:28,042 INFO  server.RaftServerConfigKeys (ConfUtils.java:logGet(43)) - raft.server.snapshot.auto.trigger.threshold = 10000 (custom)
2019-06-14 12:45:28,046 INFO  server.RaftServerConfigKeys (ConfUtils.java:logGet(43)) - raft.server.retrycache.expirytime = 600000ms (custom)
2019-06-14 12:45:28,046 INFO  impl.RaftServerImpl (RaftServerImpl.java:start(173)) - 13a5b62c-7036-4663-a28e-db67ab1f3d21: start group-D3B640F3BBEE
2019-06-14 12:45:28,046 INFO  impl.RaftServerImpl (RaftServerImpl.java:setRole(164)) - 13a5b62c-7036-4663-a28e-db67ab1f3d21:group-D3B640F3BBEE changes role from null to FOLLOWER at term 0 for startAsFollower
2019-06-14 12:45:28,055 INFO  impl.RoleInfo (RoleInfo.java:updateAndGet(143)) - 13a5b62c-7036-4663-a28e-db67ab1f3d21: start FollowerState
2019-06-14 12:45:28,056 INFO  util.JmxRegister (JmxRegister.java:tryRegister(44)) - Successfully registered JMX Bean with object name Ratis:service=RaftServer,group=group-D3B640F3BBEE,id=13a5b62c-7036-4663-a28e-db67ab1f3d21
2019-06-14 12:45:28,070 INFO  pipeline.PipelineStateManager (PipelineStateManager.java:addPipeline(56)) - Created pipeline Pipeline[ Id: 0a6bc8a3-96e2-4f9e-9a14-d3b640f3bbee, Nodes: 356b3cd1-6bcc-4bfe-aedc-ac6eaf5ff8d0{ip: 192.168.134.78, host: ozone-8z6qt-916494304, networkLocation: /default-rack, certSerialId: null}707048a9-8a36-42ee-8972-c37fadebc751{ip: 192.168.134.78, host: ozone-8z6qt-916494304, networkLocation: /default-rack, certSerialId: null}13a5b62c-7036-4663-a28e-db67ab1f3d21{ip: 192.168.134.78, host: ozone-8z6qt-916494304, networkLocation: /default-rack, certSerialId: null}, Type:RATIS, Factor:THREE, State:OPEN]
2019-06-14 12:45:28,541 INFO  impl.FollowerState (FollowerState.java:run(101)) - 537adc42-6dcd-44df-a2bc-d5df31cf4267:group-C3B1B61C6031 changes to CANDIDATE, lastRpcTime:1036, electionTimeout:1035ms
2019-06-14 12:45:28,541 INFO  impl.RoleInfo (RoleInfo.java:shutdownFollowerState(121)) - 537adc42-6dcd-44df-a2bc-d5df31cf4267: shutdown FollowerState
2019-06-14 12:45:28,541 INFO  impl.RaftServerImpl (RaftServerImpl.java:setRole(164)) - 537adc42-6dcd-44df-a2bc-d5df31cf4267:group-C3B1B61C6031 changes role from FOLLOWER to CANDIDATE at term 0 for changeToCandidate
2019-06-14 12:45:28,543 INFO  impl.RoleInfo (RoleInfo.java:updateAndGet(143)) - 537adc42-6dcd-44df-a2bc-d5df31cf4267: start LeaderElection
2019-06-14 12:45:28,549 INFO  impl.LeaderElection (LeaderElection.java:askForVotes(181)) - 537adc42-6dcd-44df-a2bc-d5df31cf4267:group-C3B1B61C6031:LeaderElection1: begin an election at term 1 for -1: [537adc42-6dcd-44df-a2bc-d5df31cf4267:192.168.134.78:41539], old=null
2019-06-14 12:45:28,550 INFO  impl.RoleInfo (RoleInfo.java:shutdownLeaderElection(134)) - 537adc42-6dcd-44df-a2bc-d5df31cf4267: shutdown LeaderElection
2019-06-14 12:45:28,551 INFO  impl.RaftServerImpl (RaftServerImpl.java:setRole(164)) - 537adc42-6dcd-44df-a2bc-d5df31cf4267:group-C3B1B61C6031 changes role from CANDIDATE to LEADER at term 1 for changeToLeader
2019-06-14 12:45:28,551 INFO  impl.RaftServerImpl (ServerState.java:setLeader(263)) - 537adc42-6dcd-44df-a2bc-d5df31cf4267:group-C3B1B61C6031 change Leader from null to 537adc42-6dcd-44df-a2bc-d5df31cf4267 at term 1 for becomeLeader, leader elected after 1049ms
2019-06-14 12:45:28,555 INFO  server.RaftServerConfigKeys (ConfUtils.java:logGet(43)) - raft.server.staging.catchup.gap = 1000 (default)
2019-06-14 12:45:28,556 INFO  server.RaftServerConfigKeys (ConfUtils.java:logGet(43)) - raft.server.rpc.sleep.time = 25ms (default)
2019-06-14 12:45:28,557 INFO  server.RaftServerConfigKeys (ConfUtils.java:logGet(43)) - raft.server.watch.timeout = 10s (default)
2019-06-14 12:45:28,558 INFO  server.RaftServerConfigKeys (ConfUtils.java:logGet(43)) - raft.server.watch.timeout.denomination = 1s (default)
2019-06-14 12:45:28,563 INFO  impl.RoleInfo (RoleInfo.java:updateAndGet(143)) - 537adc42-6dcd-44df-a2bc-d5df31cf4267: start LeaderState
2019-06-14 12:45:28,575 INFO  storage.RaftLogWorker (RaftLogWorker.java:startLogSegment(298)) - 537adc42-6dcd-44df-a2bc-d5df31cf4267-RaftLogWorker: Starting segment from index:0
2019-06-14 12:45:28,582 INFO  impl.RaftServerImpl (ServerState.java:setRaftConf(361)) - 537adc42-6dcd-44df-a2bc-d5df31cf4267:group-C3B1B61C6031 set configuration 0: [537adc42-6dcd-44df-a2bc-d5df31cf4267:192.168.134.78:41539], old=null at 0
2019-06-14 12:45:28,611 INFO  impl.FollowerState (FollowerState.java:run(101)) - 676dbe5a-7983-40eb-af5f-40e3ab6d062d:group-7E73C25CDB85 changes to CANDIDATE, lastRpcTime:1173, electionTimeout:1173ms
2019-06-14 12:45:28,612 INFO  impl.RoleInfo (RoleInfo.java:shutdownFollowerState(121)) - 676dbe5a-7983-40eb-af5f-40e3ab6d062d: shutdown FollowerState
2019-06-14 12:45:28,612 INFO  impl.RaftServerImpl (RaftServerImpl.java:setRole(164)) - 676dbe5a-7983-40eb-af5f-40e3ab6d062d:group-7E73C25CDB85 changes role from FOLLOWER to CANDIDATE at term 0 for changeToCandidate
2019-06-14 12:45:28,612 INFO  impl.RoleInfo (RoleInfo.java:updateAndGet(143)) - 676dbe5a-7983-40eb-af5f-40e3ab6d062d: start LeaderElection
2019-06-14 12:45:28,614 INFO  impl.FollowerState (FollowerState.java:run(101)) - 8928c4b9-9795-403c-a9c4-fac405b6f760:group-CE5E5E38FB3A changes to CANDIDATE, lastRpcTime:1049, electionTimeout:1049ms
2019-06-14 12:45:28,614 INFO  impl.RoleInfo (RoleInfo.java:shutdownFollowerState(121)) - 8928c4b9-9795-403c-a9c4-fac405b6f760: shutdown FollowerState
2019-06-14 12:45:28,614 INFO  impl.RaftServerImpl (RaftServerImpl.java:setRole(164)) - 8928c4b9-9795-403c-a9c4-fac405b6f760:group-CE5E5E38FB3A changes role from FOLLOWER to CANDIDATE at term 0 for changeToCandidate
2019-06-14 12:45:28,614 INFO  impl.RoleInfo (RoleInfo.java:updateAndGet(143)) - 8928c4b9-9795-403c-a9c4-fac405b6f760: start LeaderElection
2019-06-14 12:45:28,619 INFO  impl.LeaderElection (LeaderElection.java:askForVotes(181)) - 676dbe5a-7983-40eb-af5f-40e3ab6d062d:group-7E73C25CDB85:LeaderElection2: begin an election at term 1 for -1: [676dbe5a-7983-40eb-af5f-40e3ab6d062d:192.168.134.78:38799], old=null
2019-06-14 12:45:28,621 INFO  impl.RoleInfo (RoleInfo.java:shutdownLeaderElection(134)) - 676dbe5a-7983-40eb-af5f-40e3ab6d062d: shutdown LeaderElection
2019-06-14 12:45:28,621 INFO  impl.RaftServerImpl (RaftServerImpl.java:setRole(164)) - 676dbe5a-7983-40eb-af5f-40e3ab6d062d:group-7E73C25CDB85 changes role from CANDIDATE to LEADER at term 1 for changeToLeader
2019-06-14 12:45:28,621 INFO  impl.RaftServerImpl (ServerState.java:setLeader(263)) - 676dbe5a-7983-40eb-af5f-40e3ab6d062d:group-7E73C25CDB85 change Leader from null to 676dbe5a-7983-40eb-af5f-40e3ab6d062d at term 1 for becomeLeader, leader elected after 1357ms
2019-06-14 12:45:28,621 INFO  server.RaftServerConfigKeys (ConfUtils.java:logGet(43)) - raft.server.staging.catchup.gap = 1000 (default)
2019-06-14 12:45:28,621 INFO  server.RaftServerConfigKeys (ConfUtils.java:logGet(43)) - raft.server.rpc.sleep.time = 25ms (default)
2019-06-14 12:45:28,621 INFO  server.RaftServerConfigKeys (ConfUtils.java:logGet(43)) - raft.server.watch.timeout = 10s (default)
2019-06-14 12:45:28,622 INFO  server.RaftServerConfigKeys (ConfUtils.java:logGet(43)) - raft.server.watch.timeout.denomination = 1s (default)
2019-06-14 12:45:28,622 INFO  impl.RoleInfo (RoleInfo.java:updateAndGet(143)) - 676dbe5a-7983-40eb-af5f-40e3ab6d062d: start LeaderState
2019-06-14 12:45:28,622 INFO  storage.RaftLogWorker (RaftLogWorker.java:startLogSegment(298)) - 676dbe5a-7983-40eb-af5f-40e3ab6d062d-RaftLogWorker: Starting segment from index:0
2019-06-14 12:45:28,623 INFO  impl.RaftServerImpl (ServerState.java:setRaftConf(361)) - 676dbe5a-7983-40eb-af5f-40e3ab6d062d:group-7E73C25CDB85 set configuration 0: [676dbe5a-7983-40eb-af5f-40e3ab6d062d:192.168.134.78:38799], old=null at 0
2019-06-14 12:45:28,625 INFO  impl.LeaderElection (LeaderElection.java:askForVotes(181)) - 8928c4b9-9795-403c-a9c4-fac405b6f760:group-CE5E5E38FB3A:LeaderElection3: begin an election at term 1 for -1: [8928c4b9-9795-403c-a9c4-fac405b6f760:192.168.134.78:37369], old=null
2019-06-14 12:45:28,625 INFO  impl.RoleInfo (RoleInfo.java:shutdownLeaderElection(134)) - 8928c4b9-9795-403c-a9c4-fac405b6f760: shutdown LeaderElection
2019-06-14 12:45:28,625 INFO  impl.RaftServerImpl (RaftServerImpl.java:setRole(164)) - 8928c4b9-9795-403c-a9c4-fac405b6f760:group-CE5E5E38FB3A changes role from CANDIDATE to LEADER at term 1 for changeToLeader
2019-06-14 12:45:28,625 INFO  impl.RaftServerImpl (ServerState.java:setLeader(263)) - 8928c4b9-9795-403c-a9c4-fac405b6f760:group-CE5E5E38FB3A change Leader from null to 8928c4b9-9795-403c-a9c4-fac405b6f760 at term 1 for becomeLeader, leader elected after 1062ms
2019-06-14 12:45:28,626 INFO  server.RaftServerConfigKeys (ConfUtils.java:logGet(43)) - raft.server.staging.catchup.gap = 1000 (default)
2019-06-14 12:45:28,626 INFO  server.RaftServerConfigKeys (ConfUtils.java:logGet(43)) - raft.server.rpc.sleep.time = 25ms (default)
2019-06-14 12:45:28,626 INFO  server.RaftServerConfigKeys (ConfUtils.java:logGet(43)) - raft.server.watch.timeout = 10s (default)
2019-06-14 12:45:28,626 INFO  server.RaftServerConfigKeys (ConfUtils.java:logGet(43)) - raft.server.watch.timeout.denomination = 1s (default)
2019-06-14 12:45:28,626 INFO  impl.RoleInfo (RoleInfo.java:updateAndGet(143)) - 8928c4b9-9795-403c-a9c4-fac405b6f760: start LeaderState
2019-06-14 12:45:28,627 INFO  storage.RaftLogWorker (RaftLogWorker.java:startLogSegment(298)) - 8928c4b9-9795-403c-a9c4-fac405b6f760-RaftLogWorker: Starting segment from index:0
2019-06-14 12:45:28,627 INFO  impl.RaftServerImpl (ServerState.java:setRaftConf(361)) - 8928c4b9-9795-403c-a9c4-fac405b6f760:group-CE5E5E38FB3A set configuration 0: [8928c4b9-9795-403c-a9c4-fac405b6f760:192.168.134.78:37369], old=null at 0
2019-06-14 12:45:28,646 INFO  impl.FollowerState (FollowerState.java:run(101)) - 676dbe5a-7983-40eb-af5f-40e3ab6d062d:group-370CF1059970 changes to CANDIDATE, lastRpcTime:1008, electionTimeout:1008ms
2019-06-14 12:45:28,646 INFO  impl.RoleInfo (RoleInfo.java:shutdownFollowerState(121)) - 676dbe5a-7983-40eb-af5f-40e3ab6d062d: shutdown FollowerState
2019-06-14 12:45:28,646 INFO  impl.RaftServerImpl (RaftServerImpl.java:setRole(164)) - 676dbe5a-7983-40eb-af5f-40e3ab6d062d:group-370CF1059970 changes role from FOLLOWER to CANDIDATE at term 0 for changeToCandidate
2019-06-14 12:45:28,646 INFO  impl.RoleInfo (RoleInfo.java:updateAndGet(143)) - 676dbe5a-7983-40eb-af5f-40e3ab6d062d: start LeaderElection
2019-06-14 12:45:28,649 INFO  impl.FollowerState (FollowerState.java:run(101)) - 537adc42-6dcd-44df-a2bc-d5df31cf4267:group-370CF1059970 changes to CANDIDATE, lastRpcTime:1008, electionTimeout:1007ms
2019-06-14 12:45:28,649 INFO  impl.RoleInfo (RoleInfo.java:shutdownFollowerState(121)) - 537adc42-6dcd-44df-a2bc-d5df31cf4267: shutdown FollowerState
2019-06-14 12:45:28,649 INFO  impl.RaftServerImpl (RaftServerImpl.java:setRole(164)) - 537adc42-6dcd-44df-a2bc-d5df31cf4267:group-370CF1059970 changes role from FOLLOWER to CANDIDATE at term 0 for changeToCandidate
2019-06-14 12:45:28,649 INFO  impl.RoleInfo (RoleInfo.java:updateAndGet(143)) - 537adc42-6dcd-44df-a2bc-d5df31cf4267: start LeaderElection
2019-06-14 12:45:28,652 INFO  impl.LeaderElection (LeaderElection.java:askForVotes(181)) - 676dbe5a-7983-40eb-af5f-40e3ab6d062d:group-370CF1059970:LeaderElection4: begin an election at term 1 for -1: [8928c4b9-9795-403c-a9c4-fac405b6f760:192.168.134.78:37369, 676dbe5a-7983-40eb-af5f-40e3ab6d062d:192.168.134.78:38799, 537adc42-6dcd-44df-a2bc-d5df31cf4267:192.168.134.78:41539], old=null
2019-06-14 12:45:28,654 INFO  impl.LeaderElection (LeaderElection.java:askForVotes(181)) - 537adc42-6dcd-44df-a2bc-d5df31cf4267:group-370CF1059970:LeaderElection5: begin an election at term 1 for -1: [8928c4b9-9795-403c-a9c4-fac405b6f760:192.168.134.78:37369, 676dbe5a-7983-40eb-af5f-40e3ab6d062d:192.168.134.78:38799, 537adc42-6dcd-44df-a2bc-d5df31cf4267:192.168.134.78:41539], old=null
2019-06-14 12:45:28,695 INFO  impl.RaftServerImpl (RaftServerImpl.java:setRole(164)) - 8928c4b9-9795-403c-a9c4-fac405b6f760:group-370CF1059970 changes role from FOLLOWER to FOLLOWER at term 1 for recognizeCandidate:676dbe5a-7983-40eb-af5f-40e3ab6d062d
2019-06-14 12:45:28,695 INFO  impl.RoleInfo (RoleInfo.java:shutdownFollowerState(121)) - 8928c4b9-9795-403c-a9c4-fac405b6f760: shutdown FollowerState
2019-06-14 12:45:28,695 INFO  impl.RoleInfo (RoleInfo.java:updateAndGet(143)) - 8928c4b9-9795-403c-a9c4-fac405b6f760: start FollowerState
2019-06-14 12:45:28,695 INFO  impl.FollowerState (FollowerState.java:run(109)) - 8928c4b9-9795-403c-a9c4-fac405b6f760: FollowerState was interrupted: java.lang.InterruptedException: sleep interrupted
2019-06-14 12:45:28,707 INFO  impl.LeaderElection (LeaderElection.java:logAndReturn(56)) - 676dbe5a-7983-40eb-af5f-40e3ab6d062d:group-370CF1059970:LeaderElection4: Election PASSED; received 2 response(s) [676dbe5a-7983-40eb-af5f-40e3ab6d062d->8928c4b9-9795-403c-a9c4-fac405b6f760,true-t1, 676dbe5a-7983-40eb-af5f-40e3ab6d062d->537adc42-6dcd-44df-a2bc-d5df31cf4267,false-t1] and 0 exception(s); 676dbe5a-7983-40eb-af5f-40e3ab6d062d:t1, leader=null, voted=676dbe5a-7983-40eb-af5f-40e3ab6d062d, raftlog=676dbe5a-7983-40eb-af5f-40e3ab6d062d-SegmentedRaftLog:OPENED:c-1,f-1,i0, conf=-1: [8928c4b9-9795-403c-a9c4-fac405b6f760:192.168.134.78:37369, 676dbe5a-7983-40eb-af5f-40e3ab6d062d:192.168.134.78:38799, 537adc42-6dcd-44df-a2bc-d5df31cf4267:192.168.134.78:41539], old=null
2019-06-14 12:45:28,707 INFO  impl.RoleInfo (RoleInfo.java:shutdownLeaderElection(134)) - 676dbe5a-7983-40eb-af5f-40e3ab6d062d: shutdown LeaderElection
2019-06-14 12:45:28,708 INFO  impl.RaftServerImpl (RaftServerImpl.java:setRole(164)) - 676dbe5a-7983-40eb-af5f-40e3ab6d062d:group-370CF1059970 changes role from CANDIDATE to LEADER at term 1 for changeToLeader
2019-06-14 12:45:28,708 INFO  impl.RaftServerImpl (ServerState.java:setLeader(263)) - 676dbe5a-7983-40eb-af5f-40e3ab6d062d:group-370CF1059970 change Leader from null to 676dbe5a-7983-40eb-af5f-40e3ab6d062d at term 1 for becomeLeader, leader elected after 1073ms
2019-06-14 12:45:28,708 INFO  server.RaftServerConfigKeys (ConfUtils.java:logGet(43)) - raft.server.staging.catchup.gap = 1000 (default)
2019-06-14 12:45:28,708 INFO  server.RaftServerConfigKeys (ConfUtils.java:logGet(43)) - raft.server.rpc.sleep.time = 25ms (default)
2019-06-14 12:45:28,708 INFO  server.RaftServerConfigKeys (ConfUtils.java:logGet(43)) - raft.server.watch.timeout = 10s (default)
2019-06-14 12:45:28,708 INFO  server.RaftServerConfigKeys (ConfUtils.java:logGet(43)) - raft.server.watch.timeout.denomination = 1s (default)
2019-06-14 12:45:28,712 INFO  impl.LeaderElection (LeaderElection.java:logAndReturn(56)) - 537adc42-6dcd-44df-a2bc-d5df31cf4267:group-370CF1059970:LeaderElection5: Election REJECTED; received 2 response(s) [537adc42-6dcd-44df-a2bc-d5df31cf4267->8928c4b9-9795-403c-a9c4-fac405b6f760,false-t1, 537adc42-6dcd-44df-a2bc-d5df31cf4267->676dbe5a-7983-40eb-af5f-40e3ab6d062d,false-t1] and 0 exception(s); 537adc42-6dcd-44df-a2bc-d5df31cf4267:t1, leader=null, voted=537adc42-6dcd-44df-a2bc-d5df31cf4267, raftlog=537adc42-6dcd-44df-a2bc-d5df31cf4267-SegmentedRaftLog:OPENED:c-1,f-1,i0, conf=-1: [8928c4b9-9795-403c-a9c4-fac405b6f760:192.168.134.78:37369, 676dbe5a-7983-40eb-af5f-40e3ab6d062d:192.168.134.78:38799, 537adc42-6dcd-44df-a2bc-d5df31cf4267:192.168.134.78:41539], old=null
2019-06-14 12:45:28,713 INFO  impl.RaftServerImpl (RaftServerImpl.java:setRole(164)) - 537adc42-6dcd-44df-a2bc-d5df31cf4267:group-370CF1059970 changes role from CANDIDATE to FOLLOWER at term 1 for DISCOVERED_A_NEW_TERM
2019-06-14 12:45:28,713 INFO  impl.RoleInfo (RoleInfo.java:shutdownLeaderElection(134)) - 537adc42-6dcd-44df-a2bc-d5df31cf4267: shutdown LeaderElection
2019-06-14 12:45:28,713 INFO  impl.RoleInfo (RoleInfo.java:updateAndGet(143)) - 537adc42-6dcd-44df-a2bc-d5df31cf4267: start FollowerState
2019-06-14 12:45:28,713 INFO  server.RaftServerConfigKeys (ConfUtils.java:logGet(43)) - raft.server.log.appender.snapshot.chunk.size.max = 16MB (=16777216) (default)
2019-06-14 12:45:28,719 INFO  server.RaftServerConfigKeys (ConfUtils.java:logGet(43)) - raft.server.log.appender.buffer.byte-limit = 33554432 (custom)
2019-06-14 12:45:28,719 INFO  server.RaftServerConfigKeys (ConfUtils.java:logGet(43)) - raft.server.log.appender.buffer.element-limit = 1 (custom)
2019-06-14 12:45:28,721 INFO  grpc.GrpcConfigKeys$Server (ConfUtils.java:logGet(43)) - raft.grpc.server.leader.outstanding.appends.max = 128 (default)
2019-06-14 12:45:28,722 INFO  server.RaftServerConfigKeys (ConfUtils.java:logGet(43)) - raft.server.rpc.request.timeout = 3000ms (default)
2019-06-14 12:45:28,722 INFO  server.RaftServerConfigKeys (ConfUtils.java:logGet(43)) - raft.server.log.appender.install.snapshot.enabled = true (default)
2019-06-14 12:45:28,722 INFO  server.RaftServerConfigKeys (ConfUtils.java:logGet(43)) - raft.server.log.appender.snapshot.chunk.size.max = 16MB (=16777216) (default)
2019-06-14 12:45:28,722 INFO  server.RaftServerConfigKeys (ConfUtils.java:logGet(43)) - raft.server.log.appender.buffer.byte-limit = 33554432 (custom)
2019-06-14 12:45:28,722 INFO  server.RaftServerConfigKeys (ConfUtils.java:logGet(43)) - raft.server.log.appender.buffer.element-limit = 1 (custom)
2019-06-14 12:45:28,722 INFO  grpc.GrpcConfigKeys$Server (ConfUtils.java:logGet(43)) - raft.grpc.server.leader.outstanding.appends.max = 128 (default)
2019-06-14 12:45:28,722 INFO  server.RaftServerConfigKeys (ConfUtils.java:logGet(43)) - raft.server.rpc.request.timeout = 3000ms (default)
2019-06-14 12:45:28,722 INFO  server.RaftServerConfigKeys (ConfUtils.java:logGet(43)) - raft.server.log.appender.install.snapshot.enabled = true (default)
2019-06-14 12:45:28,723 INFO  impl.RoleInfo (RoleInfo.java:updateAndGet(143)) - 676dbe5a-7983-40eb-af5f-40e3ab6d062d: start LeaderState
2019-06-14 12:45:28,723 INFO  storage.RaftLogWorker (RaftLogWorker.java:startLogSegment(298)) - 676dbe5a-7983-40eb-af5f-40e3ab6d062d-RaftLogWorker: Starting segment from index:0
2019-06-14 12:45:28,733 INFO  impl.RaftServerImpl (ServerState.java:setRaftConf(361)) - 676dbe5a-7983-40eb-af5f-40e3ab6d062d:group-370CF1059970 set configuration 0: [8928c4b9-9795-403c-a9c4-fac405b6f760:192.168.134.78:37369, 676dbe5a-7983-40eb-af5f-40e3ab6d062d:192.168.134.78:38799, 537adc42-6dcd-44df-a2bc-d5df31cf4267:192.168.134.78:41539], old=null at 0
2019-06-14 12:45:28,743 INFO  impl.RaftServerImpl (ServerState.java:setLeader(263)) - 537adc42-6dcd-44df-a2bc-d5df31cf4267:group-370CF1059970 change Leader from null to 676dbe5a-7983-40eb-af5f-40e3ab6d062d at term 1 for appendEntries, leader elected after 1111ms
2019-06-14 12:45:28,751 INFO  impl.RaftServerImpl (ServerState.java:setLeader(263)) - 8928c4b9-9795-403c-a9c4-fac405b6f760:group-370CF1059970 change Leader from null to 676dbe5a-7983-40eb-af5f-40e3ab6d062d at term 1 for appendEntries, leader elected after 1113ms
2019-06-14 12:45:28,762 INFO  impl.RaftServerImpl (ServerState.java:setRaftConf(361)) - 8928c4b9-9795-403c-a9c4-fac405b6f760:group-370CF1059970 set configuration 0: [8928c4b9-9795-403c-a9c4-fac405b6f760:192.168.134.78:37369, 676dbe5a-7983-40eb-af5f-40e3ab6d062d:192.168.134.78:38799, 537adc42-6dcd-44df-a2bc-d5df31cf4267:192.168.134.78:41539], old=null at 0
2019-06-14 12:45:28,763 INFO  storage.RaftLogWorker (RaftLogWorker.java:startLogSegment(298)) - 8928c4b9-9795-403c-a9c4-fac405b6f760-RaftLogWorker: Starting segment from index:0
2019-06-14 12:45:28,764 INFO  impl.RaftServerImpl (ServerState.java:setRaftConf(361)) - 537adc42-6dcd-44df-a2bc-d5df31cf4267:group-370CF1059970 set configuration 0: [8928c4b9-9795-403c-a9c4-fac405b6f760:192.168.134.78:37369, 676dbe5a-7983-40eb-af5f-40e3ab6d062d:192.168.134.78:38799, 537adc42-6dcd-44df-a2bc-d5df31cf4267:192.168.134.78:41539], old=null at 0
2019-06-14 12:45:28,766 INFO  storage.RaftLogWorker (RaftLogWorker.java:startLogSegment(298)) - 537adc42-6dcd-44df-a2bc-d5df31cf4267-RaftLogWorker: Starting segment from index:0
2019-06-14 12:45:28,817 INFO  storage.RaftLogWorker (RaftLogWorker.java:execute(469)) - 537adc42-6dcd-44df-a2bc-d5df31cf4267-RaftLogWorker: created new log segment /opt/src/hadoop-ozone/integration-test/target/test-dir/MiniOzoneClusterImpl-2760fcce-995f-4cf5-8cab-adaa133fc8c0/datanode-1/data/ratis/c434339b-d129-4948-88a9-370cf1059970/current/log_inprogress_0
2019-06-14 12:45:28,835 INFO  storage.RaftLogWorker (RaftLogWorker.java:execute(469)) - 676dbe5a-7983-40eb-af5f-40e3ab6d062d-RaftLogWorker: created new log segment /opt/src/hadoop-ozone/integration-test/target/test-dir/MiniOzoneClusterImpl-2760fcce-995f-4cf5-8cab-adaa133fc8c0/datanode-0/data/ratis/c434339b-d129-4948-88a9-370cf1059970/current/log_inprogress_0
2019-06-14 12:45:28,835 INFO  storage.RaftLogWorker (RaftLogWorker.java:execute(469)) - 8928c4b9-9795-403c-a9c4-fac405b6f760-RaftLogWorker: created new log segment /opt/src/hadoop-ozone/integration-test/target/test-dir/MiniOzoneClusterImpl-2760fcce-995f-4cf5-8cab-adaa133fc8c0/datanode-2/data/ratis/9363aa3a-db30-44f1-a704-ce5e5e38fb3a/current/log_inprogress_0
2019-06-14 12:45:28,839 INFO  storage.RaftLogWorker (RaftLogWorker.java:execute(469)) - 676dbe5a-7983-40eb-af5f-40e3ab6d062d-RaftLogWorker: created new log segment /opt/src/hadoop-ozone/integration-test/target/test-dir/MiniOzoneClusterImpl-2760fcce-995f-4cf5-8cab-adaa133fc8c0/datanode-0/data/ratis/07e9f52d-520e-467a-a59c-7e73c25cdb85/current/log_inprogress_0
2019-06-14 12:45:28,840 INFO  storage.RaftLogWorker (RaftLogWorker.java:execute(469)) - 8928c4b9-9795-403c-a9c4-fac405b6f760-RaftLogWorker: created new log segment /opt/src/hadoop-ozone/integration-test/target/test-dir/MiniOzoneClusterImpl-2760fcce-995f-4cf5-8cab-adaa133fc8c0/datanode-2/data/ratis/c434339b-d129-4948-88a9-370cf1059970/current/log_inprogress_0
2019-06-14 12:45:28,841 INFO  impl.FollowerState (FollowerState.java:run(101)) - 356b3cd1-6bcc-4bfe-aedc-ac6eaf5ff8d0:group-0F0630FACB48 changes to CANDIDATE, lastRpcTime:1153, electionTimeout:1153ms
2019-06-14 12:45:28,842 INFO  impl.RoleInfo (RoleInfo.java:shutdownFollowerState(121)) - 356b3cd1-6bcc-4bfe-aedc-ac6eaf5ff8d0: shutdown FollowerState
2019-06-14 12:45:28,842 INFO  impl.RaftServerImpl (RaftServerImpl.java:setRole(164)) - 356b3cd1-6bcc-4bfe-aedc-ac6eaf5ff8d0:group-0F0630FACB48 changes role from FOLLOWER to CANDIDATE at term 0 for changeToCandidate
2019-06-14 12:45:28,842 INFO  impl.RoleInfo (RoleInfo.java:updateAndGet(143)) - 356b3cd1-6bcc-4bfe-aedc-ac6eaf5ff8d0: start LeaderElection
2019-06-14 12:45:28,850 INFO  storage.RaftLogWorker (RaftLogWorker.java:execute(469)) - 537adc42-6dcd-44df-a2bc-d5df31cf4267-RaftLogWorker: created new log segment /opt/src/hadoop-ozone/integration-test/target/test-dir/MiniOzoneClusterImpl-2760fcce-995f-4cf5-8cab-adaa133fc8c0/datanode-1/data/ratis/cc2f254e-e2f7-41c9-b888-c3b1b61c6031/current/log_inprogress_0
2019-06-14 12:45:28,855 INFO  impl.LeaderElection (LeaderElection.java:askForVotes(181)) - 356b3cd1-6bcc-4bfe-aedc-ac6eaf5ff8d0:group-0F0630FACB48:LeaderElection6: begin an election at term 1 for -1: [356b3cd1-6bcc-4bfe-aedc-ac6eaf5ff8d0:192.168.134.78:34397], old=null
2019-06-14 12:45:28,855 INFO  impl.RoleInfo (RoleInfo.java:shutdownLeaderElection(134)) - 356b3cd1-6bcc-4bfe-aedc-ac6eaf5ff8d0: shutdown LeaderElection
2019-06-14 12:45:28,855 INFO  impl.RaftServerImpl (RaftServerImpl.java:setRole(164)) - 356b3cd1-6bcc-4bfe-aedc-ac6eaf5ff8d0:group-0F0630FACB48 changes role from CANDIDATE to LEADER at term 1 for changeToLeader
2019-06-14 12:45:28,856 INFO  impl.RaftServerImpl (ServerState.java:setLeader(263)) - 356b3cd1-6bcc-4bfe-aedc-ac6eaf5ff8d0:group-0F0630FACB48 change Leader from null to 356b3cd1-6bcc-4bfe-aedc-ac6eaf5ff8d0 at term 1 for becomeLeader, leader elected after 1170ms
2019-06-14 12:45:28,859 INFO  server.RaftServerConfigKeys (ConfUtils.java:logGet(43)) - raft.server.staging.catchup.gap = 1000 (default)
2019-06-14 12:45:28,859 INFO  server.RaftServerConfigKeys (ConfUtils.java:logGet(43)) - raft.server.rpc.sleep.time = 25ms (default)
2019-06-14 12:45:28,860 INFO  server.RaftServerConfigKeys (ConfUtils.java:logGet(43)) - raft.server.watch.timeout = 10s (default)
2019-06-14 12:45:28,860 INFO  server.RaftServerConfigKeys (ConfUtils.java:logGet(43)) - raft.server.watch.timeout.denomination = 1s (default)
2019-06-14 12:45:28,860 INFO  impl.RoleInfo (RoleInfo.java:updateAndGet(143)) - 356b3cd1-6bcc-4bfe-aedc-ac6eaf5ff8d0: start LeaderState
2019-06-14 12:45:28,860 INFO  storage.RaftLogWorker (RaftLogWorker.java:startLogSegment(298)) - 356b3cd1-6bcc-4bfe-aedc-ac6eaf5ff8d0-RaftLogWorker: Starting segment from index:0
2019-06-14 12:45:28,864 INFO  impl.RaftServerImpl (ServerState.java:setRaftConf(361)) - 356b3cd1-6bcc-4bfe-aedc-ac6eaf5ff8d0:group-0F0630FACB48 set configuration 0: [356b3cd1-6bcc-4bfe-aedc-ac6eaf5ff8d0:192.168.134.78:34397], old=null at 0
2019-06-14 12:45:28,898 INFO  storage.RaftLogWorker (RaftLogWorker.java:execute(469)) - 356b3cd1-6bcc-4bfe-aedc-ac6eaf5ff8d0-RaftLogWorker: created new log segment /opt/src/hadoop-ozone/integration-test/target/test-dir/MiniOzoneClusterImpl-2760fcce-995f-4cf5-8cab-adaa133fc8c0/datanode-3/data/ratis/207cc36a-96df-41f7-947d-0f0630facb48/current/log_inprogress_0
2019-06-14 12:45:28,977 INFO  impl.FollowerState (FollowerState.java:run(101)) - 707048a9-8a36-42ee-8972-c37fadebc751:group-7CECD2B82E74 changes to CANDIDATE, lastRpcTime:1167, electionTimeout:1167ms
2019-06-14 12:45:28,977 INFO  impl.RoleInfo (RoleInfo.java:shutdownFollowerState(121)) - 707048a9-8a36-42ee-8972-c37fadebc751: shutdown FollowerState
2019-06-14 12:45:28,977 INFO  impl.RaftServerImpl (RaftServerImpl.java:setRole(164)) - 707048a9-8a36-42ee-8972-c37fadebc751:group-7CECD2B82E74 changes role from FOLLOWER to CANDIDATE at term 0 for changeToCandidate
2019-06-14 12:45:28,977 INFO  impl.RoleInfo (RoleInfo.java:updateAndGet(143)) - 707048a9-8a36-42ee-8972-c37fadebc751: start LeaderElection
2019-06-14 12:45:28,980 INFO  ozone.MiniOzoneClusterImpl (MiniOzoneClusterImpl.java:lambda$waitForClusterToBeReady$0(142)) - Cluster is ready. Got 6 of 6 DN Heartbeats.
2019-06-14 12:45:28,983 INFO  impl.LeaderElection (LeaderElection.java:askForVotes(181)) - 707048a9-8a36-42ee-8972-c37fadebc751:group-7CECD2B82E74:LeaderElection7: begin an election at term 1 for -1: [707048a9-8a36-42ee-8972-c37fadebc751:192.168.134.78:35139], old=null
2019-06-14 12:45:28,983 INFO  impl.RoleInfo (RoleInfo.java:shutdownLeaderElection(134)) - 707048a9-8a36-42ee-8972-c37fadebc751: shutdown LeaderElection
2019-06-14 12:45:28,983 INFO  impl.RaftServerImpl (RaftServerImpl.java:setRole(164)) - 707048a9-8a36-42ee-8972-c37fadebc751:group-7CECD2B82E74 changes role from CANDIDATE to LEADER at term 1 for changeToLeader
2019-06-14 12:45:28,983 INFO  impl.RaftServerImpl (ServerState.java:setLeader(263)) - 707048a9-8a36-42ee-8972-c37fadebc751:group-7CECD2B82E74 change Leader from null to 707048a9-8a36-42ee-8972-c37fadebc751 at term 1 for becomeLeader, leader elected after 1175ms
2019-06-14 12:45:28,984 INFO  server.RaftServerConfigKeys (ConfUtils.java:logGet(43)) - raft.server.staging.catchup.gap = 1000 (default)
2019-06-14 12:45:28,985 INFO  server.RaftServerConfigKeys (ConfUtils.java:logGet(43)) - raft.server.rpc.sleep.time = 25ms (default)
2019-06-14 12:45:28,985 INFO  server.RaftServerConfigKeys (ConfUtils.java:logGet(43)) - raft.server.watch.timeout = 10s (default)
2019-06-14 12:45:28,985 INFO  server.RaftServerConfigKeys (ConfUtils.java:logGet(43)) - raft.server.watch.timeout.denomination = 1s (default)
2019-06-14 12:45:28,985 INFO  impl.RoleInfo (RoleInfo.java:updateAndGet(143)) - 707048a9-8a36-42ee-8972-c37fadebc751: start LeaderState
2019-06-14 12:45:28,985 INFO  storage.RaftLogWorker (RaftLogWorker.java:startLogSegment(298)) - 707048a9-8a36-42ee-8972-c37fadebc751-RaftLogWorker: Starting segment from index:0
2019-06-14 12:45:28,993 INFO  impl.RaftServerImpl (ServerState.java:setRaftConf(361)) - 707048a9-8a36-42ee-8972-c37fadebc751:group-7CECD2B82E74 set configuration 0: [707048a9-8a36-42ee-8972-c37fadebc751:192.168.134.78:35139], old=null at 0
]]></system-out>
    <system-err><![CDATA[ERROR StatusLogger No Log4j 2 configuration file found. Using default configuration (logging only errors to the console), or user programmatically provided configurations. Set system property 'log4j2.debug' to show Log4j 2 internal initialization logging. See https://logging.apache.org/log4j/2.x/manual/configuration.html for instructions on how to configure Log4j 2
Jun 14, 2019 12:45:22 PM com.sun.jersey.server.impl.application.WebApplicationImpl _initiate
INFO: Initiating Jersey application, version 'Jersey: 1.19 02/11/2015 03:25 AM'
Jun 14, 2019 12:45:22 PM com.sun.jersey.server.impl.application.WebApplicationImpl _initiate
INFO: Initiating Jersey application, version 'Jersey: 1.19 02/11/2015 03:25 AM'
Jun 14, 2019 12:45:23 PM com.sun.jersey.server.impl.application.WebApplicationImpl _initiate
INFO: Initiating Jersey application, version 'Jersey: 1.19 02/11/2015 03:25 AM'
Jun 14, 2019 12:45:23 PM com.sun.jersey.server.impl.application.WebApplicationImpl _initiate
INFO: Initiating Jersey application, version 'Jersey: 1.19 02/11/2015 03:25 AM'
Jun 14, 2019 12:45:23 PM com.sun.jersey.server.impl.application.WebApplicationImpl _initiate
INFO: Initiating Jersey application, version 'Jersey: 1.19 02/11/2015 03:25 AM'
Jun 14, 2019 12:45:23 PM com.sun.jersey.server.impl.application.WebApplicationImpl _initiate
INFO: Initiating Jersey application, version 'Jersey: 1.19 02/11/2015 03:25 AM'
]]></system-err>
  </testcase>
</testsuite>