<?xml version="1.0" encoding="UTF-8"?>
<testsuite xmlns:xsi="http://www.w3.org/2001/XMLSchema-instance" xsi:noNamespaceSchemaLocation="https://maven.apache.org/surefire/maven-surefire-plugin/xsd/surefire-test-report.xsd" name="org.apache.hadoop.ozone.client.rpc.TestWatchForCommit" time="129.593" tests="6" errors="0" skipped="0" failures="2">
  <properties>
    <property name="awt.toolkit" value="sun.awt.X11.XToolkit"/>
    <property name="file.encoding.pkg" value="sun.io"/>
    <property name="java.specification.version" value="1.8"/>
    <property name="sun.cpu.isalist" value=""/>
    <property name="sun.jnu.encoding" value="UTF-8"/>
    <property name="java.class.path" value="/opt/src/hadoop-ozone/integration-test/target/test-classes:/opt/src/hadoop-ozone/integration-test/target/classes:/root/.m2/repository/org/apache/hadoop/hadoop-ozone-common/0.5.0-SNAPSHOT/hadoop-ozone-common-0.5.0-SNAPSHOT.jar:/root/.m2/repository/org/apache/commons/commons-compress/1.4.1/commons-compress-1.4.1.jar:/root/.m2/repository/org/tukaani/xz/1.0/xz-1.0.jar:/root/.m2/repository/org/apache/hadoop/hadoop-common/3.2.0/hadoop-common-3.2.0.jar:/root/.m2/repository/org/apache/hadoop/hadoop-hdfs/3.2.0/hadoop-hdfs-3.2.0.jar:/root/.m2/repository/org/apache/hadoop/hadoop-hdfs-client/3.2.0/hadoop-hdfs-client-3.2.0.jar:/root/.m2/repository/com/fasterxml/jackson/core/jackson-annotations/2.9.5/jackson-annotations-2.9.5.jar:/root/.m2/repository/org/apache/hadoop/hadoop-hdds-common/0.5.0-SNAPSHOT/hadoop-hdds-common-0.5.0-SNAPSHOT.jar:/root/.m2/repository/javax/annotation/javax.annotation-api/1.2/javax.annotation-api-1.2.jar:/root/.m2/repository/org/apache/ratis/ratis-server/0.4.0-fe2b15d-SNAPSHOT/ratis-server-0.4.0-fe2b15d-SNAPSHOT.jar:/root/.m2/repository/org/apache/ratis/ratis-thirdparty-misc/0.2.0/ratis-thirdparty-misc-0.2.0.jar:/root/.m2/repository/org/apache/ratis/ratis-proto/0.4.0-fe2b15d-SNAPSHOT/ratis-proto-0.4.0-fe2b15d-SNAPSHOT.jar:/root/.m2/repository/org/apache/ratis/ratis-common/0.4.0-fe2b15d-SNAPSHOT/ratis-common-0.4.0-fe2b15d-SNAPSHOT.jar:/root/.m2/repository/org/apache/ratis/ratis-client/0.4.0-fe2b15d-SNAPSHOT/ratis-client-0.4.0-fe2b15d-SNAPSHOT.jar:/root/.m2/repository/org/apache/ratis/ratis-netty/0.4.0-fe2b15d-SNAPSHOT/ratis-netty-0.4.0-fe2b15d-SNAPSHOT.jar:/root/.m2/repository/org/apache/ratis/ratis-grpc/0.4.0-fe2b15d-SNAPSHOT/ratis-grpc-0.4.0-fe2b15d-SNAPSHOT.jar:/root/.m2/repository/org/rocksdb/rocksdbjni/5.14.2/rocksdbjni-5.14.2.jar:/root/.m2/repository/org/apache/logging/log4j/log4j-api/2.11.0/log4j-api-2.11.0.jar:/root/.m2/repository/org/apache/logging/log4j/log4j-core/2.11.0/log4j-core-2.11.0.jar:/root/.m2/repository/com/lmax/disruptor/3.4.2/disruptor-3.4.2.jar:/root/.m2/repository/org/apache/commons/commons-pool2/2.6.0/commons-pool2-2.6.0.jar:/root/.m2/repository/org/bouncycastle/bcpkix-jdk15on/1.60/bcpkix-jdk15on-1.60.jar:/root/.m2/repository/commons-validator/commons-validator/1.6/commons-validator-1.6.jar:/root/.m2/repository/commons-digester/commons-digester/1.8.1/commons-digester-1.8.1.jar:/root/.m2/repository/io/jaegertracing/jaeger-client/0.33.1/jaeger-client-0.33.1.jar:/root/.m2/repository/io/jaegertracing/jaeger-thrift/0.33.1/jaeger-thrift-0.33.1.jar:/root/.m2/repository/org/apache/thrift/libthrift/0.11.0/libthrift-0.11.0.jar:/root/.m2/repository/com/squareup/okhttp3/okhttp/3.9.0/okhttp-3.9.0.jar:/root/.m2/repository/com/squareup/okio/okio/1.13.0/okio-1.13.0.jar:/root/.m2/repository/io/jaegertracing/jaeger-core/0.33.1/jaeger-core-0.33.1.jar:/root/.m2/repository/io/jaegertracing/jaeger-tracerresolver/0.33.1/jaeger-tracerresolver-0.33.1.jar:/root/.m2/repository/io/opentracing/contrib/opentracing-tracerresolver/0.1.5/opentracing-tracerresolver-0.1.5.jar:/root/.m2/repository/io/opentracing/opentracing-util/0.31.0/opentracing-util-0.31.0.jar:/root/.m2/repository/io/opentracing/opentracing-api/0.31.0/opentracing-api-0.31.0.jar:/root/.m2/repository/io/opentracing/opentracing-noop/0.31.0/opentracing-noop-0.31.0.jar:/root/.m2/repository/org/apache/hadoop/hadoop-hdds-server-framework/0.5.0-SNAPSHOT/hadoop-hdds-server-framework-0.5.0-SNAPSHOT.jar:/root/.m2/repository/org/apache/hadoop/hadoop-hdds-server-scm/0.5.0-SNAPSHOT/hadoop-hdds-server-scm-0.5.0-SNAPSHOT.jar:/root/.m2/repository/org/apache/hadoop/hadoop-hdds-container-service/0.5.0-SNAPSHOT/hadoop-hdds-container-service-0.5.0-SNAPSHOT.jar:/root/.m2/repository/org/apache/hadoop/hadoop-hdds-client/0.5.0-SNAPSHOT/hadoop-hdds-client-0.5.0-SNAPSHOT.jar:/root/.m2/repository/org/apache/hadoop/hadoop-hdds-tools/0.5.0-SNAPSHOT/hadoop-hdds-tools-0.5.0-SNAPSHOT.jar:/root/.m2/repository/org/apache/hadoop/hadoop-ozone-ozone-manager/0.5.0-SNAPSHOT/hadoop-ozone-ozone-manager-0.5.0-SNAPSHOT.jar:/root/.m2/repository/org/apache/hadoop/hadoop-hdds-docs/0.5.0-SNAPSHOT/hadoop-hdds-docs-0.5.0-SNAPSHOT.jar:/root/.m2/repository/org/bouncycastle/bcprov-jdk15on/1.60/bcprov-jdk15on-1.60.jar:/root/.m2/repository/org/apache/hadoop/hadoop-minikdc/3.2.0/hadoop-minikdc-3.2.0.jar:/root/.m2/repository/commons-io/commons-io/2.5/commons-io-2.5.jar:/root/.m2/repository/org/apache/kerby/kerb-simplekdc/1.0.1/kerb-simplekdc-1.0.1.jar:/root/.m2/repository/org/apache/kerby/kerb-client/1.0.1/kerb-client-1.0.1.jar:/root/.m2/repository/org/apache/kerby/kerby-config/1.0.1/kerby-config-1.0.1.jar:/root/.m2/repository/org/apache/kerby/kerb-core/1.0.1/kerb-core-1.0.1.jar:/root/.m2/repository/org/apache/kerby/kerby-pkix/1.0.1/kerby-pkix-1.0.1.jar:/root/.m2/repository/org/apache/kerby/kerby-asn1/1.0.1/kerby-asn1-1.0.1.jar:/root/.m2/repository/org/apache/kerby/kerby-util/1.0.1/kerby-util-1.0.1.jar:/root/.m2/repository/org/apache/kerby/kerb-common/1.0.1/kerb-common-1.0.1.jar:/root/.m2/repository/org/apache/kerby/kerb-crypto/1.0.1/kerb-crypto-1.0.1.jar:/root/.m2/repository/org/apache/kerby/kerb-util/1.0.1/kerb-util-1.0.1.jar:/root/.m2/repository/org/apache/kerby/token-provider/1.0.1/token-provider-1.0.1.jar:/root/.m2/repository/org/apache/kerby/kerb-admin/1.0.1/kerb-admin-1.0.1.jar:/root/.m2/repository/org/apache/kerby/kerb-server/1.0.1/kerb-server-1.0.1.jar:/root/.m2/repository/org/apache/kerby/kerb-identity/1.0.1/kerb-identity-1.0.1.jar:/root/.m2/repository/org/apache/kerby/kerby-xdr/1.0.1/kerby-xdr-1.0.1.jar:/root/.m2/repository/org/slf4j/slf4j-log4j12/1.7.25/slf4j-log4j12-1.7.25.jar:/root/.m2/repository/org/apache/hadoop/hadoop-ozone-objectstore-service/0.5.0-SNAPSHOT/hadoop-ozone-objectstore-service-0.5.0-SNAPSHOT.jar:/root/.m2/repository/org/apache/hadoop/hadoop-ozone-s3gateway/0.5.0-SNAPSHOT/hadoop-ozone-s3gateway-0.5.0-SNAPSHOT.jar:/root/.m2/repository/org/jboss/weld/servlet/weld-servlet/2.4.7.Final/weld-servlet-2.4.7.Final.jar:/root/.m2/repository/org/glassfish/jersey/containers/jersey-container-servlet-core/2.27/jersey-container-servlet-core-2.27.jar:/root/.m2/repository/org/glassfish/hk2/external/javax.inject/2.5.0-b42/javax.inject-2.5.0-b42.jar:/root/.m2/repository/org/glassfish/jersey/core/jersey-common/2.27/jersey-common-2.27.jar:/root/.m2/repository/org/glassfish/hk2/osgi-resource-locator/1.0.1/osgi-resource-locator-1.0.1.jar:/root/.m2/repository/javax/ws/rs/javax.ws.rs-api/2.1/javax.ws.rs-api-2.1.jar:/root/.m2/repository/org/glassfish/jersey/ext/cdi/jersey-cdi1x/2.27/jersey-cdi1x-2.27.jar:/root/.m2/repository/org/glassfish/jersey/inject/jersey-hk2/2.27/jersey-hk2-2.27.jar:/root/.m2/repository/org/glassfish/hk2/hk2-locator/2.5.0-b42/hk2-locator-2.5.0-b42.jar:/root/.m2/repository/org/javassist/javassist/3.22.0-CR2/javassist-3.22.0-CR2.jar:/root/.m2/repository/org/glassfish/hk2/hk2-api/2.5.0/hk2-api-2.5.0.jar:/root/.m2/repository/org/glassfish/hk2/external/jakarta.inject/2.5.0/jakarta.inject-2.5.0.jar:/root/.m2/repository/org/glassfish/hk2/hk2-utils/2.5.0/hk2-utils-2.5.0.jar:/root/.m2/repository/jakarta/annotation/jakarta.annotation-api/1.3.4/jakarta.annotation-api-1.3.4.jar:/root/.m2/repository/org/glassfish/hk2/external/aopalliance-repackaged/2.5.0/aopalliance-repackaged-2.5.0.jar:/root/.m2/repository/com/fasterxml/jackson/dataformat/jackson-dataformat-xml/2.9.0/jackson-dataformat-xml-2.9.0.jar:/root/.m2/repository/com/fasterxml/jackson/core/jackson-core/2.9.5/jackson-core-2.9.5.jar:/root/.m2/repository/com/fasterxml/jackson/module/jackson-module-jaxb-annotations/2.9.5/jackson-module-jaxb-annotations-2.9.5.jar:/root/.m2/repository/javax/enterprise/cdi-api/1.2/cdi-api-1.2.jar:/root/.m2/repository/javax/el/javax.el-api/3.0.0/javax.el-api-3.0.0.jar:/root/.m2/repository/javax/interceptor/javax.interceptor-api/1.2/javax.interceptor-api-1.2.jar:/root/.m2/repository/javax/inject/javax.inject/1/javax.inject-1.jar:/root/.m2/repository/com/sun/xml/bind/jaxb-impl/2.3.0.1/jaxb-impl-2.3.0.1.jar:/root/.m2/repository/com/sun/xml/bind/jaxb-core/2.3.0.1/jaxb-core-2.3.0.1.jar:/root/.m2/repository/javax/xml/bind/jaxb-api/2.3.0/jaxb-api-2.3.0.jar:/root/.m2/repository/javax/activation/activation/1.1.1/activation-1.1.1.jar:/root/.m2/repository/org/apache/hadoop/hadoop-ozone-csi/0.5.0-SNAPSHOT/hadoop-ozone-csi-0.5.0-SNAPSHOT.jar:/root/.m2/repository/com/google/protobuf/protobuf-java-util/3.5.1/protobuf-java-util-3.5.1.jar:/root/.m2/repository/org/apache/hadoop/hadoop-hdds-config/0.5.0-SNAPSHOT/hadoop-hdds-config-0.5.0-SNAPSHOT.jar:/root/.m2/repository/com/google/guava/guava/11.0.2/guava-11.0.2.jar:/root/.m2/repository/com/google/protobuf/protobuf-java/2.5.0/protobuf-java-2.5.0.jar:/root/.m2/repository/io/grpc/grpc-netty/1.17.1/grpc-netty-1.17.1.jar:/root/.m2/repository/io/grpc/grpc-core/1.17.1/grpc-core-1.17.1.jar:/root/.m2/repository/io/grpc/grpc-context/1.17.1/grpc-context-1.17.1.jar:/root/.m2/repository/com/google/errorprone/error_prone_annotations/2.2.0/error_prone_annotations-2.2.0.jar:/root/.m2/repository/org/codehaus/mojo/animal-sniffer-annotations/1.17/animal-sniffer-annotations-1.17.jar:/root/.m2/repository/io/opencensus/opencensus-api/0.17.0/opencensus-api-0.17.0.jar:/root/.m2/repository/io/opencensus/opencensus-contrib-grpc-metrics/0.17.0/opencensus-contrib-grpc-metrics-0.17.0.jar:/root/.m2/repository/io/netty/netty-codec-http2/4.1.30.Final/netty-codec-http2-4.1.30.Final.jar:/root/.m2/repository/io/netty/netty-codec-http/4.1.30.Final/netty-codec-http-4.1.30.Final.jar:/root/.m2/repository/io/netty/netty-codec/4.1.30.Final/netty-codec-4.1.30.Final.jar:/root/.m2/repository/io/netty/netty-handler/4.1.30.Final/netty-handler-4.1.30.Final.jar:/root/.m2/repository/io/netty/netty-handler-proxy/4.1.30.Final/netty-handler-proxy-4.1.30.Final.jar:/root/.m2/repository/io/netty/netty-codec-socks/4.1.30.Final/netty-codec-socks-4.1.30.Final.jar:/root/.m2/repository/io/netty/netty-transport-native-epoll/4.1.30.Final/netty-transport-native-epoll-4.1.30.Final.jar:/root/.m2/repository/io/netty/netty-common/4.1.30.Final/netty-common-4.1.30.Final.jar:/root/.m2/repository/io/netty/netty-buffer/4.1.30.Final/netty-buffer-4.1.30.Final.jar:/root/.m2/repository/io/netty/netty-transport/4.1.30.Final/netty-transport-4.1.30.Final.jar:/root/.m2/repository/io/netty/netty-resolver/4.1.30.Final/netty-resolver-4.1.30.Final.jar:/root/.m2/repository/io/netty/netty-transport-native-unix-common/4.1.30.Final/netty-transport-native-unix-common-4.1.30.Final.jar:/root/.m2/repository/io/grpc/grpc-protobuf/1.17.1/grpc-protobuf-1.17.1.jar:/root/.m2/repository/com/google/api/grpc/proto-google-common-protos/1.0.0/proto-google-common-protos-1.0.0.jar:/root/.m2/repository/io/grpc/grpc-protobuf-lite/1.17.1/grpc-protobuf-lite-1.17.1.jar:/root/.m2/repository/io/grpc/grpc-stub/1.17.1/grpc-stub-1.17.1.jar:/root/.m2/repository/org/apache/hadoop/hadoop-ozone-recon/0.5.0-SNAPSHOT/hadoop-ozone-recon-0.5.0-SNAPSHOT.jar:/root/.m2/repository/org/apache/hadoop/hadoop-ozone-reconcodegen/0.5.0-SNAPSHOT/hadoop-ozone-reconcodegen-0.5.0-SNAPSHOT.jar:/root/.m2/repository/com/google/inject/extensions/guice-multibindings/4.0/guice-multibindings-4.0.jar:/root/.m2/repository/com/google/inject/guice/4.0/guice-4.0.jar:/root/.m2/repository/aopalliance/aopalliance/1.0/aopalliance-1.0.jar:/root/.m2/repository/com/google/inject/extensions/guice-servlet/4.0/guice-servlet-4.0.jar:/root/.m2/repository/org/glassfish/jersey/containers/jersey-container-servlet/2.27/jersey-container-servlet-2.27.jar:/root/.m2/repository/org/glassfish/hk2/guice-bridge/2.5.0/guice-bridge-2.5.0.jar:/root/.m2/repository/org/glassfish/jersey/core/jersey-server/2.27/jersey-server-2.27.jar:/root/.m2/repository/org/glassfish/jersey/core/jersey-client/2.27/jersey-client-2.27.jar:/root/.m2/repository/org/glassfish/jersey/media/jersey-media-jaxb/2.27/jersey-media-jaxb-2.27.jar:/root/.m2/repository/javax/validation/validation-api/1.1.0.Final/validation-api-1.1.0.Final.jar:/root/.m2/repository/org/glassfish/jersey/media/jersey-media-json-jackson/2.27/jersey-media-json-jackson-2.27.jar:/root/.m2/repository/org/glassfish/jersey/ext/jersey-entity-filtering/2.27/jersey-entity-filtering-2.27.jar:/root/.m2/repository/com/google/inject/extensions/guice-assistedinject/4.0/guice-assistedinject-4.0.jar:/root/.m2/repository/org/jooq/jooq/3.11.10/jooq-3.11.10.jar:/root/.m2/repository/org/jooq/jooq-meta/3.11.10/jooq-meta-3.11.10.jar:/root/.m2/repository/org/jooq/jooq-codegen/3.11.10/jooq-codegen-3.11.10.jar:/root/.m2/repository/com/jolbox/bonecp/0.8.0.RELEASE/bonecp-0.8.0.RELEASE.jar:/root/.m2/repository/org/xerial/sqlite-jdbc/3.25.2/sqlite-jdbc-3.25.2.jar:/root/.m2/repository/org/springframework/spring-jdbc/5.1.3.RELEASE/spring-jdbc-5.1.3.RELEASE.jar:/root/.m2/repository/org/springframework/spring-beans/5.1.3.RELEASE/spring-beans-5.1.3.RELEASE.jar:/root/.m2/repository/org/springframework/spring-core/5.1.3.RELEASE/spring-core-5.1.3.RELEASE.jar:/root/.m2/repository/org/springframework/spring-jcl/5.1.3.RELEASE/spring-jcl-5.1.3.RELEASE.jar:/root/.m2/repository/org/springframework/spring-tx/5.1.3.RELEASE/spring-tx-5.1.3.RELEASE.jar:/root/.m2/repository/org/apache/hadoop/hadoop-ozone-client/0.5.0-SNAPSHOT/hadoop-ozone-client-0.5.0-SNAPSHOT.jar:/root/.m2/repository/org/apache/hadoop/hadoop-ozone-ozone-manager/0.5.0-SNAPSHOT/hadoop-ozone-ozone-manager-0.5.0-SNAPSHOT-tests.jar:/root/.m2/repository/junit/junit/4.11/junit-4.11.jar:/root/.m2/repository/org/hamcrest/hamcrest-core/1.3/hamcrest-core-1.3.jar:/root/.m2/repository/org/openjdk/jmh/jmh-core/1.19/jmh-core-1.19.jar:/root/.m2/repository/net/sf/jopt-simple/jopt-simple/4.6/jopt-simple-4.6.jar:/root/.m2/repository/org/apache/commons/commons-math3/3.1.1/commons-math3-3.1.1.jar:/root/.m2/repository/org/openjdk/jmh/jmh-generator-annprocess/1.19/jmh-generator-annprocess-1.19.jar:/root/.m2/repository/org/mockito/mockito-all/1.8.5/mockito-all-1.8.5.jar:/root/.m2/repository/org/apache/hadoop/hadoop-kms/3.2.0/hadoop-kms-3.2.0.jar:/root/.m2/repository/org/apache/hadoop/hadoop-auth/3.2.0/hadoop-auth-3.2.0.jar:/root/.m2/repository/com/nimbusds/nimbus-jose-jwt/4.41.1/nimbus-jose-jwt-4.41.1.jar:/root/.m2/repository/com/github/stephenc/jcip/jcip-annotations/1.0-1/jcip-annotations-1.0-1.jar:/root/.m2/repository/net/minidev/json-smart/2.3/json-smart-2.3.jar:/root/.m2/repository/net/minidev/accessors-smart/1.2/accessors-smart-1.2.jar:/root/.m2/repository/org/ow2/asm/asm/5.0.4/asm-5.0.4.jar:/root/.m2/repository/org/apache/curator/curator-framework/2.12.0/curator-framework-2.12.0.jar:/root/.m2/repository/com/sun/jersey/jersey-core/1.19/jersey-core-1.19.jar:/root/.m2/repository/javax/ws/rs/jsr311-api/1.1.1/jsr311-api-1.1.1.jar:/root/.m2/repository/com/sun/jersey/jersey-server/1.19/jersey-server-1.19.jar:/root/.m2/repository/javax/servlet/javax.servlet-api/3.1.0/javax.servlet-api-3.1.0.jar:/root/.m2/repository/org/eclipse/jetty/jetty-server/9.3.24.v20180605/jetty-server-9.3.24.v20180605.jar:/root/.m2/repository/org/eclipse/jetty/jetty-http/9.3.24.v20180605/jetty-http-9.3.24.v20180605.jar:/root/.m2/repository/org/eclipse/jetty/jetty-io/9.3.24.v20180605/jetty-io-9.3.24.v20180605.jar:/root/.m2/repository/org/eclipse/jetty/jetty-webapp/9.3.24.v20180605/jetty-webapp-9.3.24.v20180605.jar:/root/.m2/repository/org/eclipse/jetty/jetty-xml/9.3.24.v20180605/jetty-xml-9.3.24.v20180605.jar:/root/.m2/repository/log4j/log4j/1.2.17/log4j-1.2.17.jar:/root/.m2/repository/org/slf4j/slf4j-api/1.7.25/slf4j-api-1.7.25.jar:/root/.m2/repository/org/slf4j/jul-to-slf4j/1.7.25/jul-to-slf4j-1.7.25.jar:/root/.m2/repository/org/eclipse/jetty/jetty-util/9.3.24.v20180605/jetty-util-9.3.24.v20180605.jar:/root/.m2/repository/io/dropwizard/metrics/metrics-core/3.2.4/metrics-core-3.2.4.jar:/root/.m2/repository/com/fasterxml/jackson/core/jackson-databind/2.9.5/jackson-databind-2.9.5.jar:/root/.m2/repository/org/apache/hadoop/hadoop-kms/3.2.0/hadoop-kms-3.2.0-tests.jar:/root/.m2/repository/org/apache/hadoop/hadoop-hdds-server-scm/0.5.0-SNAPSHOT/hadoop-hdds-server-scm-0.5.0-SNAPSHOT-tests.jar:/root/.m2/repository/org/hamcrest/hamcrest-all/1.3/hamcrest-all-1.3.jar:/root/.m2/repository/info/picocli/picocli/3.9.6/picocli-3.9.6.jar:/root/.m2/repository/org/apache/hadoop/hadoop-hdds-container-service/0.5.0-SNAPSHOT/hadoop-hdds-container-service-0.5.0-SNAPSHOT-tests.jar:/root/.m2/repository/org/yaml/snakeyaml/1.16/snakeyaml-1.16.jar:/root/.m2/repository/org/apache/hadoop/hadoop-common/3.2.0/hadoop-common-3.2.0-tests.jar:/root/.m2/repository/org/apache/hadoop/hadoop-annotations/3.2.0/hadoop-annotations-3.2.0.jar:/usr/lib/jvm/java-1.8-openjdk/jre/../lib/tools.jar:/root/.m2/repository/commons-cli/commons-cli/1.2/commons-cli-1.2.jar:/root/.m2/repository/org/apache/httpcomponents/httpclient/4.5.2/httpclient-4.5.2.jar:/root/.m2/repository/org/apache/httpcomponents/httpcore/4.4.4/httpcore-4.4.4.jar:/root/.m2/repository/commons-codec/commons-codec/1.11/commons-codec-1.11.jar:/root/.m2/repository/commons-net/commons-net/3.6/commons-net-3.6.jar:/root/.m2/repository/commons-collections/commons-collections/3.2.2/commons-collections-3.2.2.jar:/root/.m2/repository/org/eclipse/jetty/jetty-servlet/9.3.24.v20180605/jetty-servlet-9.3.24.v20180605.jar:/root/.m2/repository/org/eclipse/jetty/jetty-security/9.3.24.v20180605/jetty-security-9.3.24.v20180605.jar:/root/.m2/repository/javax/servlet/jsp/jsp-api/2.1/jsp-api-2.1.jar:/root/.m2/repository/com/sun/jersey/jersey-servlet/1.19/jersey-servlet-1.19.jar:/root/.m2/repository/com/sun/jersey/jersey-json/1.19/jersey-json-1.19.jar:/root/.m2/repository/org/codehaus/jettison/jettison/1.1/jettison-1.1.jar:/root/.m2/repository/org/codehaus/jackson/jackson-core-asl/1.9.13/jackson-core-asl-1.9.13.jar:/root/.m2/repository/org/codehaus/jackson/jackson-mapper-asl/1.9.13/jackson-mapper-asl-1.9.13.jar:/root/.m2/repository/org/codehaus/jackson/jackson-jaxrs/1.9.13/jackson-jaxrs-1.9.13.jar:/root/.m2/repository/org/codehaus/jackson/jackson-xc/1.9.13/jackson-xc-1.9.13.jar:/root/.m2/repository/commons-logging/commons-logging/1.1.3/commons-logging-1.1.3.jar:/root/.m2/repository/commons-beanutils/commons-beanutils/1.9.3/commons-beanutils-1.9.3.jar:/root/.m2/repository/org/apache/commons/commons-configuration2/2.1.1/commons-configuration2-2.1.1.jar:/root/.m2/repository/org/apache/commons/commons-lang3/3.7/commons-lang3-3.7.jar:/root/.m2/repository/org/apache/commons/commons-text/1.4/commons-text-1.4.jar:/root/.m2/repository/org/apache/avro/avro/1.7.7/avro-1.7.7.jar:/root/.m2/repository/com/thoughtworks/paranamer/paranamer/2.3/paranamer-2.3.jar:/root/.m2/repository/org/xerial/snappy/snappy-java/1.0.5/snappy-java-1.0.5.jar:/root/.m2/repository/com/google/re2j/re2j/1.1/re2j-1.1.jar:/root/.m2/repository/com/google/code/gson/gson/2.2.4/gson-2.2.4.jar:/root/.m2/repository/com/jcraft/jsch/0.1.54/jsch-0.1.54.jar:/root/.m2/repository/org/apache/curator/curator-client/2.12.0/curator-client-2.12.0.jar:/root/.m2/repository/org/apache/curator/curator-recipes/2.12.0/curator-recipes-2.12.0.jar:/root/.m2/repository/com/google/code/findbugs/jsr305/3.0.0/jsr305-3.0.0.jar:/root/.m2/repository/org/apache/htrace/htrace-core4/4.1.0-incubating/htrace-core4-4.1.0-incubating.jar:/root/.m2/repository/org/apache/zookeeper/zookeeper/3.4.13/zookeeper-3.4.13.jar:/root/.m2/repository/org/apache/yetus/audience-annotations/0.5.0/audience-annotations-0.5.0.jar:/root/.m2/repository/org/codehaus/woodstox/stax2-api/3.1.4/stax2-api-3.1.4.jar:/root/.m2/repository/com/fasterxml/woodstox/woodstox-core/5.0.3/woodstox-core-5.0.3.jar:/root/.m2/repository/dnsjava/dnsjava/2.1.7/dnsjava-2.1.7.jar:/root/.m2/repository/org/apache/hadoop/hadoop-hdfs/3.2.0/hadoop-hdfs-3.2.0-tests.jar:/root/.m2/repository/org/eclipse/jetty/jetty-util-ajax/9.3.24.v20180605/jetty-util-ajax-9.3.24.v20180605.jar:/root/.m2/repository/commons-daemon/commons-daemon/1.0.13/commons-daemon-1.0.13.jar:/root/.m2/repository/io/netty/netty/3.10.5.Final/netty-3.10.5.Final.jar:/root/.m2/repository/io/netty/netty-all/4.0.52.Final/netty-all-4.0.52.Final.jar:/root/.m2/repository/org/fusesource/leveldbjni/leveldbjni-all/1.8/leveldbjni-all-1.8.jar:"/>
    <property name="java.vm.vendor" value="IcedTea"/>
    <property name="sun.arch.data.model" value="64"/>
    <property name="test.build.dir" value="/opt/src/hadoop-ozone/integration-test/target/test-dir"/>
    <property name="test.cache.data" value=""/>
    <property name="java.vendor.url" value="https://icedtea.classpath.org"/>
    <property name="user.timezone" value=""/>
    <property name="java.vm.specification.version" value="1.8"/>
    <property name="os.name" value="Linux"/>
    <property name="test.build.data" value="/opt/src/hadoop-ozone/integration-test/target/test-dir"/>
    <property name="user.country" value="US"/>
    <property name="sun.java.launcher" value="SUN_STANDARD"/>
    <property name="sun.boot.library.path" value="/usr/lib/jvm/java-1.8-openjdk/jre/lib/amd64"/>
    <property name="sun.java.command" value="/opt/src/hadoop-ozone/integration-test/target/surefire/surefirebooter5370004969355273130.jar /opt/src/hadoop-ozone/integration-test/target/surefire 2019-06-14T12-41-34_568-jvmRun1 surefire1668820855388687890tmp surefire_218239745607897037518tmp"/>
    <property name="surefire.test.class.path" value="/opt/src/hadoop-ozone/integration-test/target/test-classes:/opt/src/hadoop-ozone/integration-test/target/classes:/root/.m2/repository/org/apache/hadoop/hadoop-ozone-common/0.5.0-SNAPSHOT/hadoop-ozone-common-0.5.0-SNAPSHOT.jar:/root/.m2/repository/org/apache/commons/commons-compress/1.4.1/commons-compress-1.4.1.jar:/root/.m2/repository/org/tukaani/xz/1.0/xz-1.0.jar:/root/.m2/repository/org/apache/hadoop/hadoop-common/3.2.0/hadoop-common-3.2.0.jar:/root/.m2/repository/org/apache/hadoop/hadoop-hdfs/3.2.0/hadoop-hdfs-3.2.0.jar:/root/.m2/repository/org/apache/hadoop/hadoop-hdfs-client/3.2.0/hadoop-hdfs-client-3.2.0.jar:/root/.m2/repository/com/fasterxml/jackson/core/jackson-annotations/2.9.5/jackson-annotations-2.9.5.jar:/root/.m2/repository/org/apache/hadoop/hadoop-hdds-common/0.5.0-SNAPSHOT/hadoop-hdds-common-0.5.0-SNAPSHOT.jar:/root/.m2/repository/javax/annotation/javax.annotation-api/1.2/javax.annotation-api-1.2.jar:/root/.m2/repository/org/apache/ratis/ratis-server/0.4.0-fe2b15d-SNAPSHOT/ratis-server-0.4.0-fe2b15d-SNAPSHOT.jar:/root/.m2/repository/org/apache/ratis/ratis-thirdparty-misc/0.2.0/ratis-thirdparty-misc-0.2.0.jar:/root/.m2/repository/org/apache/ratis/ratis-proto/0.4.0-fe2b15d-SNAPSHOT/ratis-proto-0.4.0-fe2b15d-SNAPSHOT.jar:/root/.m2/repository/org/apache/ratis/ratis-common/0.4.0-fe2b15d-SNAPSHOT/ratis-common-0.4.0-fe2b15d-SNAPSHOT.jar:/root/.m2/repository/org/apache/ratis/ratis-client/0.4.0-fe2b15d-SNAPSHOT/ratis-client-0.4.0-fe2b15d-SNAPSHOT.jar:/root/.m2/repository/org/apache/ratis/ratis-netty/0.4.0-fe2b15d-SNAPSHOT/ratis-netty-0.4.0-fe2b15d-SNAPSHOT.jar:/root/.m2/repository/org/apache/ratis/ratis-grpc/0.4.0-fe2b15d-SNAPSHOT/ratis-grpc-0.4.0-fe2b15d-SNAPSHOT.jar:/root/.m2/repository/org/rocksdb/rocksdbjni/5.14.2/rocksdbjni-5.14.2.jar:/root/.m2/repository/org/apache/logging/log4j/log4j-api/2.11.0/log4j-api-2.11.0.jar:/root/.m2/repository/org/apache/logging/log4j/log4j-core/2.11.0/log4j-core-2.11.0.jar:/root/.m2/repository/com/lmax/disruptor/3.4.2/disruptor-3.4.2.jar:/root/.m2/repository/org/apache/commons/commons-pool2/2.6.0/commons-pool2-2.6.0.jar:/root/.m2/repository/org/bouncycastle/bcpkix-jdk15on/1.60/bcpkix-jdk15on-1.60.jar:/root/.m2/repository/commons-validator/commons-validator/1.6/commons-validator-1.6.jar:/root/.m2/repository/commons-digester/commons-digester/1.8.1/commons-digester-1.8.1.jar:/root/.m2/repository/io/jaegertracing/jaeger-client/0.33.1/jaeger-client-0.33.1.jar:/root/.m2/repository/io/jaegertracing/jaeger-thrift/0.33.1/jaeger-thrift-0.33.1.jar:/root/.m2/repository/org/apache/thrift/libthrift/0.11.0/libthrift-0.11.0.jar:/root/.m2/repository/com/squareup/okhttp3/okhttp/3.9.0/okhttp-3.9.0.jar:/root/.m2/repository/com/squareup/okio/okio/1.13.0/okio-1.13.0.jar:/root/.m2/repository/io/jaegertracing/jaeger-core/0.33.1/jaeger-core-0.33.1.jar:/root/.m2/repository/io/jaegertracing/jaeger-tracerresolver/0.33.1/jaeger-tracerresolver-0.33.1.jar:/root/.m2/repository/io/opentracing/contrib/opentracing-tracerresolver/0.1.5/opentracing-tracerresolver-0.1.5.jar:/root/.m2/repository/io/opentracing/opentracing-util/0.31.0/opentracing-util-0.31.0.jar:/root/.m2/repository/io/opentracing/opentracing-api/0.31.0/opentracing-api-0.31.0.jar:/root/.m2/repository/io/opentracing/opentracing-noop/0.31.0/opentracing-noop-0.31.0.jar:/root/.m2/repository/org/apache/hadoop/hadoop-hdds-server-framework/0.5.0-SNAPSHOT/hadoop-hdds-server-framework-0.5.0-SNAPSHOT.jar:/root/.m2/repository/org/apache/hadoop/hadoop-hdds-server-scm/0.5.0-SNAPSHOT/hadoop-hdds-server-scm-0.5.0-SNAPSHOT.jar:/root/.m2/repository/org/apache/hadoop/hadoop-hdds-container-service/0.5.0-SNAPSHOT/hadoop-hdds-container-service-0.5.0-SNAPSHOT.jar:/root/.m2/repository/org/apache/hadoop/hadoop-hdds-client/0.5.0-SNAPSHOT/hadoop-hdds-client-0.5.0-SNAPSHOT.jar:/root/.m2/repository/org/apache/hadoop/hadoop-hdds-tools/0.5.0-SNAPSHOT/hadoop-hdds-tools-0.5.0-SNAPSHOT.jar:/root/.m2/repository/org/apache/hadoop/hadoop-ozone-ozone-manager/0.5.0-SNAPSHOT/hadoop-ozone-ozone-manager-0.5.0-SNAPSHOT.jar:/root/.m2/repository/org/apache/hadoop/hadoop-hdds-docs/0.5.0-SNAPSHOT/hadoop-hdds-docs-0.5.0-SNAPSHOT.jar:/root/.m2/repository/org/bouncycastle/bcprov-jdk15on/1.60/bcprov-jdk15on-1.60.jar:/root/.m2/repository/org/apache/hadoop/hadoop-minikdc/3.2.0/hadoop-minikdc-3.2.0.jar:/root/.m2/repository/commons-io/commons-io/2.5/commons-io-2.5.jar:/root/.m2/repository/org/apache/kerby/kerb-simplekdc/1.0.1/kerb-simplekdc-1.0.1.jar:/root/.m2/repository/org/apache/kerby/kerb-client/1.0.1/kerb-client-1.0.1.jar:/root/.m2/repository/org/apache/kerby/kerby-config/1.0.1/kerby-config-1.0.1.jar:/root/.m2/repository/org/apache/kerby/kerb-core/1.0.1/kerb-core-1.0.1.jar:/root/.m2/repository/org/apache/kerby/kerby-pkix/1.0.1/kerby-pkix-1.0.1.jar:/root/.m2/repository/org/apache/kerby/kerby-asn1/1.0.1/kerby-asn1-1.0.1.jar:/root/.m2/repository/org/apache/kerby/kerby-util/1.0.1/kerby-util-1.0.1.jar:/root/.m2/repository/org/apache/kerby/kerb-common/1.0.1/kerb-common-1.0.1.jar:/root/.m2/repository/org/apache/kerby/kerb-crypto/1.0.1/kerb-crypto-1.0.1.jar:/root/.m2/repository/org/apache/kerby/kerb-util/1.0.1/kerb-util-1.0.1.jar:/root/.m2/repository/org/apache/kerby/token-provider/1.0.1/token-provider-1.0.1.jar:/root/.m2/repository/org/apache/kerby/kerb-admin/1.0.1/kerb-admin-1.0.1.jar:/root/.m2/repository/org/apache/kerby/kerb-server/1.0.1/kerb-server-1.0.1.jar:/root/.m2/repository/org/apache/kerby/kerb-identity/1.0.1/kerb-identity-1.0.1.jar:/root/.m2/repository/org/apache/kerby/kerby-xdr/1.0.1/kerby-xdr-1.0.1.jar:/root/.m2/repository/org/slf4j/slf4j-log4j12/1.7.25/slf4j-log4j12-1.7.25.jar:/root/.m2/repository/org/apache/hadoop/hadoop-ozone-objectstore-service/0.5.0-SNAPSHOT/hadoop-ozone-objectstore-service-0.5.0-SNAPSHOT.jar:/root/.m2/repository/org/apache/hadoop/hadoop-ozone-s3gateway/0.5.0-SNAPSHOT/hadoop-ozone-s3gateway-0.5.0-SNAPSHOT.jar:/root/.m2/repository/org/jboss/weld/servlet/weld-servlet/2.4.7.Final/weld-servlet-2.4.7.Final.jar:/root/.m2/repository/org/glassfish/jersey/containers/jersey-container-servlet-core/2.27/jersey-container-servlet-core-2.27.jar:/root/.m2/repository/org/glassfish/hk2/external/javax.inject/2.5.0-b42/javax.inject-2.5.0-b42.jar:/root/.m2/repository/org/glassfish/jersey/core/jersey-common/2.27/jersey-common-2.27.jar:/root/.m2/repository/org/glassfish/hk2/osgi-resource-locator/1.0.1/osgi-resource-locator-1.0.1.jar:/root/.m2/repository/javax/ws/rs/javax.ws.rs-api/2.1/javax.ws.rs-api-2.1.jar:/root/.m2/repository/org/glassfish/jersey/ext/cdi/jersey-cdi1x/2.27/jersey-cdi1x-2.27.jar:/root/.m2/repository/org/glassfish/jersey/inject/jersey-hk2/2.27/jersey-hk2-2.27.jar:/root/.m2/repository/org/glassfish/hk2/hk2-locator/2.5.0-b42/hk2-locator-2.5.0-b42.jar:/root/.m2/repository/org/javassist/javassist/3.22.0-CR2/javassist-3.22.0-CR2.jar:/root/.m2/repository/org/glassfish/hk2/hk2-api/2.5.0/hk2-api-2.5.0.jar:/root/.m2/repository/org/glassfish/hk2/external/jakarta.inject/2.5.0/jakarta.inject-2.5.0.jar:/root/.m2/repository/org/glassfish/hk2/hk2-utils/2.5.0/hk2-utils-2.5.0.jar:/root/.m2/repository/jakarta/annotation/jakarta.annotation-api/1.3.4/jakarta.annotation-api-1.3.4.jar:/root/.m2/repository/org/glassfish/hk2/external/aopalliance-repackaged/2.5.0/aopalliance-repackaged-2.5.0.jar:/root/.m2/repository/com/fasterxml/jackson/dataformat/jackson-dataformat-xml/2.9.0/jackson-dataformat-xml-2.9.0.jar:/root/.m2/repository/com/fasterxml/jackson/core/jackson-core/2.9.5/jackson-core-2.9.5.jar:/root/.m2/repository/com/fasterxml/jackson/module/jackson-module-jaxb-annotations/2.9.5/jackson-module-jaxb-annotations-2.9.5.jar:/root/.m2/repository/javax/enterprise/cdi-api/1.2/cdi-api-1.2.jar:/root/.m2/repository/javax/el/javax.el-api/3.0.0/javax.el-api-3.0.0.jar:/root/.m2/repository/javax/interceptor/javax.interceptor-api/1.2/javax.interceptor-api-1.2.jar:/root/.m2/repository/javax/inject/javax.inject/1/javax.inject-1.jar:/root/.m2/repository/com/sun/xml/bind/jaxb-impl/2.3.0.1/jaxb-impl-2.3.0.1.jar:/root/.m2/repository/com/sun/xml/bind/jaxb-core/2.3.0.1/jaxb-core-2.3.0.1.jar:/root/.m2/repository/javax/xml/bind/jaxb-api/2.3.0/jaxb-api-2.3.0.jar:/root/.m2/repository/javax/activation/activation/1.1.1/activation-1.1.1.jar:/root/.m2/repository/org/apache/hadoop/hadoop-ozone-csi/0.5.0-SNAPSHOT/hadoop-ozone-csi-0.5.0-SNAPSHOT.jar:/root/.m2/repository/com/google/protobuf/protobuf-java-util/3.5.1/protobuf-java-util-3.5.1.jar:/root/.m2/repository/org/apache/hadoop/hadoop-hdds-config/0.5.0-SNAPSHOT/hadoop-hdds-config-0.5.0-SNAPSHOT.jar:/root/.m2/repository/com/google/guava/guava/11.0.2/guava-11.0.2.jar:/root/.m2/repository/com/google/protobuf/protobuf-java/2.5.0/protobuf-java-2.5.0.jar:/root/.m2/repository/io/grpc/grpc-netty/1.17.1/grpc-netty-1.17.1.jar:/root/.m2/repository/io/grpc/grpc-core/1.17.1/grpc-core-1.17.1.jar:/root/.m2/repository/io/grpc/grpc-context/1.17.1/grpc-context-1.17.1.jar:/root/.m2/repository/com/google/errorprone/error_prone_annotations/2.2.0/error_prone_annotations-2.2.0.jar:/root/.m2/repository/org/codehaus/mojo/animal-sniffer-annotations/1.17/animal-sniffer-annotations-1.17.jar:/root/.m2/repository/io/opencensus/opencensus-api/0.17.0/opencensus-api-0.17.0.jar:/root/.m2/repository/io/opencensus/opencensus-contrib-grpc-metrics/0.17.0/opencensus-contrib-grpc-metrics-0.17.0.jar:/root/.m2/repository/io/netty/netty-codec-http2/4.1.30.Final/netty-codec-http2-4.1.30.Final.jar:/root/.m2/repository/io/netty/netty-codec-http/4.1.30.Final/netty-codec-http-4.1.30.Final.jar:/root/.m2/repository/io/netty/netty-codec/4.1.30.Final/netty-codec-4.1.30.Final.jar:/root/.m2/repository/io/netty/netty-handler/4.1.30.Final/netty-handler-4.1.30.Final.jar:/root/.m2/repository/io/netty/netty-handler-proxy/4.1.30.Final/netty-handler-proxy-4.1.30.Final.jar:/root/.m2/repository/io/netty/netty-codec-socks/4.1.30.Final/netty-codec-socks-4.1.30.Final.jar:/root/.m2/repository/io/netty/netty-transport-native-epoll/4.1.30.Final/netty-transport-native-epoll-4.1.30.Final.jar:/root/.m2/repository/io/netty/netty-common/4.1.30.Final/netty-common-4.1.30.Final.jar:/root/.m2/repository/io/netty/netty-buffer/4.1.30.Final/netty-buffer-4.1.30.Final.jar:/root/.m2/repository/io/netty/netty-transport/4.1.30.Final/netty-transport-4.1.30.Final.jar:/root/.m2/repository/io/netty/netty-resolver/4.1.30.Final/netty-resolver-4.1.30.Final.jar:/root/.m2/repository/io/netty/netty-transport-native-unix-common/4.1.30.Final/netty-transport-native-unix-common-4.1.30.Final.jar:/root/.m2/repository/io/grpc/grpc-protobuf/1.17.1/grpc-protobuf-1.17.1.jar:/root/.m2/repository/com/google/api/grpc/proto-google-common-protos/1.0.0/proto-google-common-protos-1.0.0.jar:/root/.m2/repository/io/grpc/grpc-protobuf-lite/1.17.1/grpc-protobuf-lite-1.17.1.jar:/root/.m2/repository/io/grpc/grpc-stub/1.17.1/grpc-stub-1.17.1.jar:/root/.m2/repository/org/apache/hadoop/hadoop-ozone-recon/0.5.0-SNAPSHOT/hadoop-ozone-recon-0.5.0-SNAPSHOT.jar:/root/.m2/repository/org/apache/hadoop/hadoop-ozone-reconcodegen/0.5.0-SNAPSHOT/hadoop-ozone-reconcodegen-0.5.0-SNAPSHOT.jar:/root/.m2/repository/com/google/inject/extensions/guice-multibindings/4.0/guice-multibindings-4.0.jar:/root/.m2/repository/com/google/inject/guice/4.0/guice-4.0.jar:/root/.m2/repository/aopalliance/aopalliance/1.0/aopalliance-1.0.jar:/root/.m2/repository/com/google/inject/extensions/guice-servlet/4.0/guice-servlet-4.0.jar:/root/.m2/repository/org/glassfish/jersey/containers/jersey-container-servlet/2.27/jersey-container-servlet-2.27.jar:/root/.m2/repository/org/glassfish/hk2/guice-bridge/2.5.0/guice-bridge-2.5.0.jar:/root/.m2/repository/org/glassfish/jersey/core/jersey-server/2.27/jersey-server-2.27.jar:/root/.m2/repository/org/glassfish/jersey/core/jersey-client/2.27/jersey-client-2.27.jar:/root/.m2/repository/org/glassfish/jersey/media/jersey-media-jaxb/2.27/jersey-media-jaxb-2.27.jar:/root/.m2/repository/javax/validation/validation-api/1.1.0.Final/validation-api-1.1.0.Final.jar:/root/.m2/repository/org/glassfish/jersey/media/jersey-media-json-jackson/2.27/jersey-media-json-jackson-2.27.jar:/root/.m2/repository/org/glassfish/jersey/ext/jersey-entity-filtering/2.27/jersey-entity-filtering-2.27.jar:/root/.m2/repository/com/google/inject/extensions/guice-assistedinject/4.0/guice-assistedinject-4.0.jar:/root/.m2/repository/org/jooq/jooq/3.11.10/jooq-3.11.10.jar:/root/.m2/repository/org/jooq/jooq-meta/3.11.10/jooq-meta-3.11.10.jar:/root/.m2/repository/org/jooq/jooq-codegen/3.11.10/jooq-codegen-3.11.10.jar:/root/.m2/repository/com/jolbox/bonecp/0.8.0.RELEASE/bonecp-0.8.0.RELEASE.jar:/root/.m2/repository/org/xerial/sqlite-jdbc/3.25.2/sqlite-jdbc-3.25.2.jar:/root/.m2/repository/org/springframework/spring-jdbc/5.1.3.RELEASE/spring-jdbc-5.1.3.RELEASE.jar:/root/.m2/repository/org/springframework/spring-beans/5.1.3.RELEASE/spring-beans-5.1.3.RELEASE.jar:/root/.m2/repository/org/springframework/spring-core/5.1.3.RELEASE/spring-core-5.1.3.RELEASE.jar:/root/.m2/repository/org/springframework/spring-jcl/5.1.3.RELEASE/spring-jcl-5.1.3.RELEASE.jar:/root/.m2/repository/org/springframework/spring-tx/5.1.3.RELEASE/spring-tx-5.1.3.RELEASE.jar:/root/.m2/repository/org/apache/hadoop/hadoop-ozone-client/0.5.0-SNAPSHOT/hadoop-ozone-client-0.5.0-SNAPSHOT.jar:/root/.m2/repository/org/apache/hadoop/hadoop-ozone-ozone-manager/0.5.0-SNAPSHOT/hadoop-ozone-ozone-manager-0.5.0-SNAPSHOT-tests.jar:/root/.m2/repository/junit/junit/4.11/junit-4.11.jar:/root/.m2/repository/org/hamcrest/hamcrest-core/1.3/hamcrest-core-1.3.jar:/root/.m2/repository/org/openjdk/jmh/jmh-core/1.19/jmh-core-1.19.jar:/root/.m2/repository/net/sf/jopt-simple/jopt-simple/4.6/jopt-simple-4.6.jar:/root/.m2/repository/org/apache/commons/commons-math3/3.1.1/commons-math3-3.1.1.jar:/root/.m2/repository/org/openjdk/jmh/jmh-generator-annprocess/1.19/jmh-generator-annprocess-1.19.jar:/root/.m2/repository/org/mockito/mockito-all/1.8.5/mockito-all-1.8.5.jar:/root/.m2/repository/org/apache/hadoop/hadoop-kms/3.2.0/hadoop-kms-3.2.0.jar:/root/.m2/repository/org/apache/hadoop/hadoop-auth/3.2.0/hadoop-auth-3.2.0.jar:/root/.m2/repository/com/nimbusds/nimbus-jose-jwt/4.41.1/nimbus-jose-jwt-4.41.1.jar:/root/.m2/repository/com/github/stephenc/jcip/jcip-annotations/1.0-1/jcip-annotations-1.0-1.jar:/root/.m2/repository/net/minidev/json-smart/2.3/json-smart-2.3.jar:/root/.m2/repository/net/minidev/accessors-smart/1.2/accessors-smart-1.2.jar:/root/.m2/repository/org/ow2/asm/asm/5.0.4/asm-5.0.4.jar:/root/.m2/repository/org/apache/curator/curator-framework/2.12.0/curator-framework-2.12.0.jar:/root/.m2/repository/com/sun/jersey/jersey-core/1.19/jersey-core-1.19.jar:/root/.m2/repository/javax/ws/rs/jsr311-api/1.1.1/jsr311-api-1.1.1.jar:/root/.m2/repository/com/sun/jersey/jersey-server/1.19/jersey-server-1.19.jar:/root/.m2/repository/javax/servlet/javax.servlet-api/3.1.0/javax.servlet-api-3.1.0.jar:/root/.m2/repository/org/eclipse/jetty/jetty-server/9.3.24.v20180605/jetty-server-9.3.24.v20180605.jar:/root/.m2/repository/org/eclipse/jetty/jetty-http/9.3.24.v20180605/jetty-http-9.3.24.v20180605.jar:/root/.m2/repository/org/eclipse/jetty/jetty-io/9.3.24.v20180605/jetty-io-9.3.24.v20180605.jar:/root/.m2/repository/org/eclipse/jetty/jetty-webapp/9.3.24.v20180605/jetty-webapp-9.3.24.v20180605.jar:/root/.m2/repository/org/eclipse/jetty/jetty-xml/9.3.24.v20180605/jetty-xml-9.3.24.v20180605.jar:/root/.m2/repository/log4j/log4j/1.2.17/log4j-1.2.17.jar:/root/.m2/repository/org/slf4j/slf4j-api/1.7.25/slf4j-api-1.7.25.jar:/root/.m2/repository/org/slf4j/jul-to-slf4j/1.7.25/jul-to-slf4j-1.7.25.jar:/root/.m2/repository/org/eclipse/jetty/jetty-util/9.3.24.v20180605/jetty-util-9.3.24.v20180605.jar:/root/.m2/repository/io/dropwizard/metrics/metrics-core/3.2.4/metrics-core-3.2.4.jar:/root/.m2/repository/com/fasterxml/jackson/core/jackson-databind/2.9.5/jackson-databind-2.9.5.jar:/root/.m2/repository/org/apache/hadoop/hadoop-kms/3.2.0/hadoop-kms-3.2.0-tests.jar:/root/.m2/repository/org/apache/hadoop/hadoop-hdds-server-scm/0.5.0-SNAPSHOT/hadoop-hdds-server-scm-0.5.0-SNAPSHOT-tests.jar:/root/.m2/repository/org/hamcrest/hamcrest-all/1.3/hamcrest-all-1.3.jar:/root/.m2/repository/info/picocli/picocli/3.9.6/picocli-3.9.6.jar:/root/.m2/repository/org/apache/hadoop/hadoop-hdds-container-service/0.5.0-SNAPSHOT/hadoop-hdds-container-service-0.5.0-SNAPSHOT-tests.jar:/root/.m2/repository/org/yaml/snakeyaml/1.16/snakeyaml-1.16.jar:/root/.m2/repository/org/apache/hadoop/hadoop-common/3.2.0/hadoop-common-3.2.0-tests.jar:/root/.m2/repository/org/apache/hadoop/hadoop-annotations/3.2.0/hadoop-annotations-3.2.0.jar:/usr/lib/jvm/java-1.8-openjdk/jre/../lib/tools.jar:/root/.m2/repository/commons-cli/commons-cli/1.2/commons-cli-1.2.jar:/root/.m2/repository/org/apache/httpcomponents/httpclient/4.5.2/httpclient-4.5.2.jar:/root/.m2/repository/org/apache/httpcomponents/httpcore/4.4.4/httpcore-4.4.4.jar:/root/.m2/repository/commons-codec/commons-codec/1.11/commons-codec-1.11.jar:/root/.m2/repository/commons-net/commons-net/3.6/commons-net-3.6.jar:/root/.m2/repository/commons-collections/commons-collections/3.2.2/commons-collections-3.2.2.jar:/root/.m2/repository/org/eclipse/jetty/jetty-servlet/9.3.24.v20180605/jetty-servlet-9.3.24.v20180605.jar:/root/.m2/repository/org/eclipse/jetty/jetty-security/9.3.24.v20180605/jetty-security-9.3.24.v20180605.jar:/root/.m2/repository/javax/servlet/jsp/jsp-api/2.1/jsp-api-2.1.jar:/root/.m2/repository/com/sun/jersey/jersey-servlet/1.19/jersey-servlet-1.19.jar:/root/.m2/repository/com/sun/jersey/jersey-json/1.19/jersey-json-1.19.jar:/root/.m2/repository/org/codehaus/jettison/jettison/1.1/jettison-1.1.jar:/root/.m2/repository/org/codehaus/jackson/jackson-core-asl/1.9.13/jackson-core-asl-1.9.13.jar:/root/.m2/repository/org/codehaus/jackson/jackson-mapper-asl/1.9.13/jackson-mapper-asl-1.9.13.jar:/root/.m2/repository/org/codehaus/jackson/jackson-jaxrs/1.9.13/jackson-jaxrs-1.9.13.jar:/root/.m2/repository/org/codehaus/jackson/jackson-xc/1.9.13/jackson-xc-1.9.13.jar:/root/.m2/repository/commons-logging/commons-logging/1.1.3/commons-logging-1.1.3.jar:/root/.m2/repository/commons-beanutils/commons-beanutils/1.9.3/commons-beanutils-1.9.3.jar:/root/.m2/repository/org/apache/commons/commons-configuration2/2.1.1/commons-configuration2-2.1.1.jar:/root/.m2/repository/org/apache/commons/commons-lang3/3.7/commons-lang3-3.7.jar:/root/.m2/repository/org/apache/commons/commons-text/1.4/commons-text-1.4.jar:/root/.m2/repository/org/apache/avro/avro/1.7.7/avro-1.7.7.jar:/root/.m2/repository/com/thoughtworks/paranamer/paranamer/2.3/paranamer-2.3.jar:/root/.m2/repository/org/xerial/snappy/snappy-java/1.0.5/snappy-java-1.0.5.jar:/root/.m2/repository/com/google/re2j/re2j/1.1/re2j-1.1.jar:/root/.m2/repository/com/google/code/gson/gson/2.2.4/gson-2.2.4.jar:/root/.m2/repository/com/jcraft/jsch/0.1.54/jsch-0.1.54.jar:/root/.m2/repository/org/apache/curator/curator-client/2.12.0/curator-client-2.12.0.jar:/root/.m2/repository/org/apache/curator/curator-recipes/2.12.0/curator-recipes-2.12.0.jar:/root/.m2/repository/com/google/code/findbugs/jsr305/3.0.0/jsr305-3.0.0.jar:/root/.m2/repository/org/apache/htrace/htrace-core4/4.1.0-incubating/htrace-core4-4.1.0-incubating.jar:/root/.m2/repository/org/apache/zookeeper/zookeeper/3.4.13/zookeeper-3.4.13.jar:/root/.m2/repository/org/apache/yetus/audience-annotations/0.5.0/audience-annotations-0.5.0.jar:/root/.m2/repository/org/codehaus/woodstox/stax2-api/3.1.4/stax2-api-3.1.4.jar:/root/.m2/repository/com/fasterxml/woodstox/woodstox-core/5.0.3/woodstox-core-5.0.3.jar:/root/.m2/repository/dnsjava/dnsjava/2.1.7/dnsjava-2.1.7.jar:/root/.m2/repository/org/apache/hadoop/hadoop-hdfs/3.2.0/hadoop-hdfs-3.2.0-tests.jar:/root/.m2/repository/org/eclipse/jetty/jetty-util-ajax/9.3.24.v20180605/jetty-util-ajax-9.3.24.v20180605.jar:/root/.m2/repository/commons-daemon/commons-daemon/1.0.13/commons-daemon-1.0.13.jar:/root/.m2/repository/io/netty/netty/3.10.5.Final/netty-3.10.5.Final.jar:/root/.m2/repository/io/netty/netty-all/4.0.52.Final/netty-all-4.0.52.Final.jar:/root/.m2/repository/org/fusesource/leveldbjni/leveldbjni-all/1.8/leveldbjni-all-1.8.jar:"/>
    <property name="sun.cpu.endian" value="little"/>
    <property name="user.home" value="/root"/>
    <property name="user.language" value="en"/>
    <property name="java.specification.vendor" value="Oracle Corporation"/>
    <property name="java.home" value="/usr/lib/jvm/java-1.8-openjdk/jre"/>
    <property name="java.security.krb5.conf" value="/opt/src/hadoop-ozone/integration-test/target/test-classes/krb5.conf"/>
    <property name="basedir" value="/opt/src/hadoop-ozone/integration-test"/>
    <property name="file.separator" value="/"/>
    <property name="line.separator" value="&#10;"/>
    <property name="java.vm.specification.vendor" value="Oracle Corporation"/>
    <property name="java.specification.name" value="Java Platform API Specification"/>
    <property name="java.awt.graphicsenv" value="sun.awt.X11GraphicsEnvironment"/>
    <property name="surefire.real.class.path" value="/opt/src/hadoop-ozone/integration-test/target/surefire/surefirebooter5370004969355273130.jar"/>
    <property name="hadoop.log.dir" value="/opt/src/hadoop-ozone/integration-test/target/log"/>
    <property name="sun.boot.class.path" value="/usr/lib/jvm/java-1.8-openjdk/jre/lib/resources.jar:/usr/lib/jvm/java-1.8-openjdk/jre/lib/rt.jar:/usr/lib/jvm/java-1.8-openjdk/jre/lib/sunrsasign.jar:/usr/lib/jvm/java-1.8-openjdk/jre/lib/jsse.jar:/usr/lib/jvm/java-1.8-openjdk/jre/lib/jce.jar:/usr/lib/jvm/java-1.8-openjdk/jre/lib/charsets.jar:/usr/lib/jvm/java-1.8-openjdk/jre/lib/jfr.jar:/usr/lib/jvm/java-1.8-openjdk/jre/classes"/>
    <property name="sun.management.compiler" value="HotSpot 64-Bit Tiered Compilers"/>
    <property name="java.runtime.version" value="1.8.0_212-b04"/>
    <property name="java.net.preferIPv4Stack" value="true"/>
    <property name="user.name" value="root"/>
    <property name="path.separator" value=":"/>
    <property name="java.security.egd" value="file:///dev/urandom"/>
    <property name="os.version" value="4.15.0-1021-aws"/>
    <property name="java.endorsed.dirs" value="/usr/lib/jvm/java-1.8-openjdk/jre/lib/endorsed"/>
    <property name="java.runtime.name" value="OpenJDK Runtime Environment"/>
    <property name="file.encoding" value="UTF-8"/>
    <property name="java.vm.name" value="OpenJDK 64-Bit Server VM"/>
    <property name="test.build.webapps" value=""/>
    <property name="localRepository" value="/root/.m2/repository"/>
    <property name="java.vendor.url.bug" value="https://icedtea.classpath.org/bugzilla"/>
    <property name="java.io.tmpdir" value="/tmp"/>
    <property name="require.test.libhadoop" value=""/>
    <property name="java.version" value="1.8.0_212"/>
    <property name="user.dir" value="/opt/src/hadoop-ozone/integration-test"/>
    <property name="os.arch" value="amd64"/>
    <property name="java.vm.specification.name" value="Java Virtual Machine Specification"/>
    <property name="test.build.classes" value="/opt/src/hadoop-ozone/integration-test/target/test-classes"/>
    <property name="java.awt.printerjob" value="sun.print.PSPrinterJob"/>
    <property name="sun.os.patch.level" value="unknown"/>
    <property name="hadoop.tmp.dir" value="/opt/src/hadoop-ozone/integration-test/target/tmp"/>
    <property name="java.library.path" value="/usr/lib/jvm/java-1.8-openjdk/jre/lib/amd64/server:/usr/lib/jvm/java-1.8-openjdk/jre/lib/amd64:/usr/lib/jvm/java-1.8-openjdk/jre/../lib/amd64:/opt/src/hadoop-ozone/integration-test/target/native/target/usr/local/lib:/opt/src/hadoop-ozone/integration-test/../../hadoop-common-project/hadoop-common/target/native/target/usr/local/lib:/usr/java/packages/lib/amd64:/usr/lib64:/lib64:/lib:/usr/lib"/>
    <property name="java.vm.info" value="mixed mode"/>
    <property name="java.vendor" value="IcedTea"/>
    <property name="java.vm.version" value="25.212-b04"/>
    <property name="java.ext.dirs" value="/usr/lib/jvm/java-1.8-openjdk/jre/lib/ext:/usr/java/packages/lib/ext"/>
    <property name="sun.io.unicode.encoding" value="UnicodeLittle"/>
    <property name="java.class.version" value="52.0"/>
  </properties>
  <testcase name="testWatchForCommitWithKeyWrite" classname="org.apache.hadoop.ozone.client.rpc.TestWatchForCommit" time="16.806">
    <failure message="expected:&lt;4&gt; but was:&lt;8&gt;" type="java.lang.AssertionError"><![CDATA[java.lang.AssertionError: expected:<4> but was:<8>
	at org.junit.Assert.fail(Assert.java:88)
	at org.junit.Assert.failNotEquals(Assert.java:743)
	at org.junit.Assert.assertEquals(Assert.java:118)
	at org.junit.Assert.assertEquals(Assert.java:555)
	at org.junit.Assert.assertEquals(Assert.java:542)
	at org.apache.hadoop.ozone.client.rpc.TestWatchForCommit.testWatchForCommitWithKeyWrite(TestWatchForCommit.java:167)
	at sun.reflect.NativeMethodAccessorImpl.invoke0(Native Method)
	at sun.reflect.NativeMethodAccessorImpl.invoke(NativeMethodAccessorImpl.java:62)
	at sun.reflect.DelegatingMethodAccessorImpl.invoke(DelegatingMethodAccessorImpl.java:43)
	at java.lang.reflect.Method.invoke(Method.java:498)
	at org.junit.runners.model.FrameworkMethod$1.runReflectiveCall(FrameworkMethod.java:47)
	at org.junit.internal.runners.model.ReflectiveCallable.run(ReflectiveCallable.java:12)
	at org.junit.runners.model.FrameworkMethod.invokeExplosively(FrameworkMethod.java:44)
	at org.junit.internal.runners.statements.InvokeMethod.evaluate(InvokeMethod.java:17)
	at org.junit.runners.ParentRunner.runLeaf(ParentRunner.java:271)
	at org.junit.runners.BlockJUnit4ClassRunner.runChild(BlockJUnit4ClassRunner.java:70)
	at org.junit.runners.BlockJUnit4ClassRunner.runChild(BlockJUnit4ClassRunner.java:50)
	at org.junit.runners.ParentRunner$3.run(ParentRunner.java:238)
	at org.junit.runners.ParentRunner$1.schedule(ParentRunner.java:63)
	at org.junit.runners.ParentRunner.runChildren(ParentRunner.java:236)
	at org.junit.runners.ParentRunner.access$000(ParentRunner.java:53)
	at org.junit.runners.ParentRunner$2.evaluate(ParentRunner.java:229)
	at org.junit.runners.ParentRunner.run(ParentRunner.java:309)
	at org.apache.maven.surefire.junit4.JUnit4Provider.execute(JUnit4Provider.java:365)
	at org.apache.maven.surefire.junit4.JUnit4Provider.executeWithRerun(JUnit4Provider.java:273)
	at org.apache.maven.surefire.junit4.JUnit4Provider.executeTestSet(JUnit4Provider.java:238)
	at org.apache.maven.surefire.junit4.JUnit4Provider.invoke(JUnit4Provider.java:159)
	at org.apache.maven.surefire.booter.ForkedBooter.invokeProviderInSameClassLoader(ForkedBooter.java:384)
	at org.apache.maven.surefire.booter.ForkedBooter.runSuitesInProcess(ForkedBooter.java:345)
	at org.apache.maven.surefire.booter.ForkedBooter.execute(ForkedBooter.java:126)
	at org.apache.maven.surefire.booter.ForkedBooter.main(ForkedBooter.java:418)
]]></failure>
    <system-out><![CDATA[2019-06-14 12:57:30,881 WARN  server.ServerUtils (ServerUtils.java:getScmDbDir(145)) - ozone.scm.db.dirs is not configured. We recommend adding this setting. Falling back to ozone.metadata.dirs instead.
2019-06-14 12:57:30,944 WARN  server.ServerUtils (ServerUtils.java:getScmDbDir(145)) - ozone.scm.db.dirs is not configured. We recommend adding this setting. Falling back to ozone.metadata.dirs instead.
2019-06-14 12:57:30,947 WARN  server.ServerUtils (ServerUtils.java:getScmDbDir(145)) - ozone.scm.db.dirs is not configured. We recommend adding this setting. Falling back to ozone.metadata.dirs instead.
2019-06-14 12:57:30,960 INFO  util.log (Log.java:initialized(192)) - Logging initialized @655ms
2019-06-14 12:57:31,040 INFO  db.DBStoreBuilder (DBStoreBuilder.java:addTable(110)) - using custom profile for table: deletedBlocks
2019-06-14 12:57:31,040 INFO  db.DBStoreBuilder (DBStoreBuilder.java:processTables(161)) - Using default column profile:DBProfile.DISK for Table:deletedBlocks
2019-06-14 12:57:31,041 INFO  db.DBStoreBuilder (DBStoreBuilder.java:addTable(110)) - using custom profile for table: validCerts
2019-06-14 12:57:31,041 INFO  db.DBStoreBuilder (DBStoreBuilder.java:processTables(161)) - Using default column profile:DBProfile.DISK for Table:validCerts
2019-06-14 12:57:31,041 INFO  db.DBStoreBuilder (DBStoreBuilder.java:addTable(110)) - using custom profile for table: revokedCerts
2019-06-14 12:57:31,042 INFO  db.DBStoreBuilder (DBStoreBuilder.java:processTables(161)) - Using default column profile:DBProfile.DISK for Table:revokedCerts
2019-06-14 12:57:31,051 INFO  db.DBStoreBuilder (DBStoreBuilder.java:addTable(110)) - using custom profile for table: default
2019-06-14 12:57:31,051 INFO  db.DBStoreBuilder (DBStoreBuilder.java:processTables(167)) - Using default column profile:DBProfile.DISK for Table:default
2019-06-14 12:57:31,052 INFO  db.DBStoreBuilder (DBStoreBuilder.java:getDbProfile(198)) - Using default options. DBProfile.DISK
2019-06-14 12:57:31,115 WARN  server.ServerUtils (ServerUtils.java:sanitizeUserArgs(70)) - ozone.scm.stale.node.interval value = 300000 is larger than max = 100000 based on the key value of ozone.scm.heartbeat.thread.interval, reset to the max value 100000.
2019-06-14 12:57:31,115 WARN  server.ServerUtils (ServerUtils.java:sanitizeUserArgs(70)) - ozone.scm.stale.node.interval value = 300000 is larger than max = 100000 based on the key value of ozone.scm.heartbeat.thread.interval, reset to the max value 100000.
2019-06-14 12:57:31,117 INFO  node.SCMNodeManager (SCMNodeManager.java:<init>(108)) - Entering startup safe mode.
2019-06-14 12:57:31,177 INFO  net.NodeSchemaLoader (NodeSchemaLoader.java:loadSchemaFromFile(125)) - Loading file from sun.misc.CompoundEnumeration@408d971b
2019-06-14 12:57:31,179 INFO  net.NodeSchemaLoader (NodeSchemaLoader.java:loadSchema(171)) - Loading network topology layer schema file
2019-06-14 12:57:31,228 WARN  server.ServerUtils (ServerUtils.java:getScmDbDir(145)) - ozone.scm.db.dirs is not configured. We recommend adding this setting. Falling back to ozone.metadata.dirs instead.
2019-06-14 12:57:31,272 INFO  pipeline.SCMPipelineManager (SCMPipelineManager.java:initializePipelineState(126)) - No pipeline exists in current db
2019-06-14 12:57:31,274 WARN  server.ServerUtils (ServerUtils.java:getScmDbDir(145)) - ozone.scm.db.dirs is not configured. We recommend adding this setting. Falling back to ozone.metadata.dirs instead.
2019-06-14 12:57:31,325 WARN  events.EventQueue (EventQueue.java:fireEvent(175)) - No event handler registered for event TypedEvent{payloadType=SafeModeStatus, name='SafeModeStatus'}
2019-06-14 12:57:31,594 INFO  ipc.CallQueueManager (CallQueueManager.java:<init>(84)) - Using callQueue: class java.util.concurrent.LinkedBlockingQueue, queueCapacity: 2000, scheduler: class org.apache.hadoop.ipc.DefaultRpcScheduler, ipcBackoff: false.
2019-06-14 12:57:31,618 INFO  ipc.Server (Server.java:run(1074)) - Starting Socket Reader #1 for port 40295
2019-06-14 12:57:31,639 INFO  ipc.CallQueueManager (CallQueueManager.java:<init>(84)) - Using callQueue: class java.util.concurrent.LinkedBlockingQueue, queueCapacity: 2000, scheduler: class org.apache.hadoop.ipc.DefaultRpcScheduler, ipcBackoff: false.
2019-06-14 12:57:31,665 INFO  ipc.Server (Server.java:run(1074)) - Starting Socket Reader #1 for port 45115
2019-06-14 12:57:31,674 INFO  ipc.CallQueueManager (CallQueueManager.java:<init>(84)) - Using callQueue: class java.util.concurrent.LinkedBlockingQueue, queueCapacity: 2000, scheduler: class org.apache.hadoop.ipc.DefaultRpcScheduler, ipcBackoff: false.
2019-06-14 12:57:31,675 INFO  ipc.Server (Server.java:run(1074)) - Starting Socket Reader #1 for port 42667
2019-06-14 12:57:31,689 INFO  hdfs.DFSUtil (DFSUtil.java:httpServerTemplateForNNAndJN(1641)) - Starting Web-server for scm at: http://0.0.0.0:0
2019-06-14 12:57:31,813 INFO  server.AuthenticationFilter (AuthenticationFilter.java:constructSecretProvider(240)) - Unable to initialize FileSignerSecretProvider, falling back to use random secrets.
2019-06-14 12:57:31,819 WARN  http.HttpRequestLog (HttpRequestLog.java:getRequestLog(97)) - Jetty request log can only be enabled using Log4j
2019-06-14 12:57:31,825 INFO  http.HttpServer2 (HttpServer2.java:addGlobalFilter(975)) - Added global filter 'safety' (class=org.apache.hadoop.http.HttpServer2$QuotingInputFilter)
2019-06-14 12:57:31,827 INFO  http.HttpServer2 (HttpServer2.java:addFilter(948)) - Added filter static_user_filter (class=org.apache.hadoop.http.lib.StaticUserWebFilter$StaticUserFilter) to context scm
2019-06-14 12:57:31,827 INFO  http.HttpServer2 (HttpServer2.java:addFilter(958)) - Added filter static_user_filter (class=org.apache.hadoop.http.lib.StaticUserWebFilter$StaticUserFilter) to context logs
2019-06-14 12:57:31,827 INFO  http.HttpServer2 (HttpServer2.java:addFilter(958)) - Added filter static_user_filter (class=org.apache.hadoop.http.lib.StaticUserWebFilter$StaticUserFilter) to context static
2019-06-14 12:57:31,847 INFO  server.StorageContainerManager (StorageContainerManager.java:start(752)) - StorageContainerLocationProtocol RPC server is listening at /0.0.0.0:42667
2019-06-14 12:57:31,889 WARN  impl.MetricsConfig (MetricsConfig.java:loadFirst(134)) - Cannot locate configuration: tried hadoop-metrics2-storagecontainermanager.properties,hadoop-metrics2.properties
2019-06-14 12:57:31,900 INFO  impl.MetricsSystemImpl (MetricsSystemImpl.java:startTimer(374)) - Scheduled Metric snapshot period at 10 second(s).
2019-06-14 12:57:31,900 INFO  impl.MetricsSystemImpl (MetricsSystemImpl.java:start(191)) - StorageContainerManager metrics system started
2019-06-14 12:57:32,077 INFO  server.SCMClientProtocolServer (SCMClientProtocolServer.java:start(149)) - RPC server for Client  is listening at /0.0.0.0:42667
2019-06-14 12:57:32,078 INFO  ipc.Server (Server.java:run(1314)) - IPC Server Responder: starting
2019-06-14 12:57:32,078 INFO  ipc.Server (Server.java:run(1153)) - IPC Server listener on 42667: starting
2019-06-14 12:57:32,083 INFO  server.StorageContainerManager (StorageContainerManager.java:start(761)) - ScmBlockLocationProtocol RPC server is listening at /0.0.0.0:45115
2019-06-14 12:57:32,083 INFO  server.SCMBlockProtocolServer (SCMBlockProtocolServer.java:start(137)) - RPC server for Block Protocol is listening at /0.0.0.0:45115
2019-06-14 12:57:32,084 INFO  ipc.Server (Server.java:run(1314)) - IPC Server Responder: starting
2019-06-14 12:57:32,084 INFO  ipc.Server (Server.java:run(1153)) - IPC Server listener on 45115: starting
2019-06-14 12:57:32,086 INFO  server.StorageContainerManager (StorageContainerManager.java:start(765)) - ScmDatanodeProtocl RPC server is listening at /0.0.0.0:40295
2019-06-14 12:57:32,086 INFO  server.SCMDatanodeProtocolServer (SCMDatanodeProtocolServer.java:start(191)) - RPC server for DataNodes is listening at /0.0.0.0:40295
2019-06-14 12:57:32,086 INFO  ipc.Server (Server.java:run(1314)) - IPC Server Responder: starting
2019-06-14 12:57:32,086 INFO  ipc.Server (Server.java:run(1153)) - IPC Server listener on 40295: starting
2019-06-14 12:57:32,089 INFO  http.HttpServer2 (HttpServer2.java:bindListener(1191)) - Jetty bound to port 37679
2019-06-14 12:57:32,090 INFO  server.Server (Server.java:doStart(351)) - jetty-9.3.24.v20180605, build timestamp: 2018-06-05T17:11:56Z, git hash: 84205aa28f11a4f31f2a3b86d1bba2cc8ab69827
2019-06-14 12:57:32,119 INFO  handler.ContextHandler (ContextHandler.java:doStart(781)) - Started o.e.j.s.ServletContextHandler@4879dfad{/logs,file:///opt/src/hadoop-ozone/integration-test/target/log,AVAILABLE}
2019-06-14 12:57:32,120 INFO  handler.ContextHandler (ContextHandler.java:doStart(781)) - Started o.e.j.s.ServletContextHandler@74eb909f{/static,file:///opt/src/hadoop-ozone/integration-test/target/test-classes/webapps/static,AVAILABLE}
2019-06-14 12:57:32,146 INFO  handler.ContextHandler (ContextHandler.java:doStart(781)) - Started o.e.j.w.WebAppContext@6c345c5f{/,file:///opt/src/hadoop-ozone/integration-test/target/test-classes/webapps/scm/,AVAILABLE}{/scm}
2019-06-14 12:57:32,150 INFO  server.AbstractConnector (AbstractConnector.java:doStart(278)) - Started ServerConnector@362a019c{HTTP/1.1,[http/1.1]}{0.0.0.0:37679}
2019-06-14 12:57:32,150 INFO  server.Server (Server.java:doStart(419)) - Started @1846ms
2019-06-14 12:57:32,151 INFO  server.BaseHttpServer (BaseHttpServer.java:updateConnectorAddress(207)) - HTTP server of SCM is listening at http://0.0.0.0:37679
2019-06-14 12:57:32,160 INFO  util.JvmPauseMonitor (JvmPauseMonitor.java:run(188)) - Starting JVM pause monitor
2019-06-14 12:57:32,162 WARN  scm.ScmUtils (ScmUtils.java:getDBPath(63)) - ozone.om.db.dirs is not configured. We recommend adding this setting. Falling back to ozone.metadata.dirs instead.
2019-06-14 12:57:32,227 WARN  scm.ScmUtils (ScmUtils.java:getDBPath(63)) - ozone.om.db.dirs is not configured. We recommend adding this setting. Falling back to ozone.metadata.dirs instead.
2019-06-14 12:57:32,228 INFO  om.OzoneManager (OzoneManager.java:setOMNodeDetails(519)) - OM Service ID is not set. Setting it to the default ID: omServiceIdDefault
2019-06-14 12:57:32,229 INFO  om.OzoneManager (OzoneManager.java:setOMNodeDetails(525)) - OM Node ID is not set. Setting it to the OmStorage's OmID: 8da35628-3952-4ab5-99e1-4ff9a2cc0697
2019-06-14 12:57:32,230 WARN  scm.HddsServerUtil (HddsServerUtil.java:getDefaultRatisDirectory(354)) - Storage directory for Ratis is not configured. It is a good idea to map this to an SSD disk. Falling back to ozone.metadata.dirs
2019-06-14 12:57:32,230 WARN  scm.HddsServerUtil (HddsServerUtil.java:getDefaultRatisDirectory(354)) - Storage directory for Ratis is not configured. It is a good idea to map this to an SSD disk. Falling back to ozone.metadata.dirs
2019-06-14 12:57:32,231 INFO  om.OzoneManager (OzoneManager.java:loadOMHAConfigs(476)) - Found matching OM address with OMServiceId: null, OMNodeId: null, RPC Address: localhost:0 and Ratis port: 9872
2019-06-14 12:57:32,396 WARN  scm.ScmUtils (ScmUtils.java:getDBPath(63)) - ozone.om.db.dirs is not configured. We recommend adding this setting. Falling back to ozone.metadata.dirs instead.
2019-06-14 12:57:32,401 INFO  db.DBStoreBuilder (DBStoreBuilder.java:addTable(110)) - using custom profile for table: userTable
2019-06-14 12:57:32,401 INFO  db.DBStoreBuilder (DBStoreBuilder.java:processTables(161)) - Using default column profile:DBProfile.DISK for Table:userTable
2019-06-14 12:57:32,402 INFO  db.DBStoreBuilder (DBStoreBuilder.java:addTable(110)) - using custom profile for table: volumeTable
2019-06-14 12:57:32,402 INFO  db.DBStoreBuilder (DBStoreBuilder.java:processTables(161)) - Using default column profile:DBProfile.DISK for Table:volumeTable
2019-06-14 12:57:32,402 INFO  db.DBStoreBuilder (DBStoreBuilder.java:addTable(110)) - using custom profile for table: bucketTable
2019-06-14 12:57:32,402 INFO  db.DBStoreBuilder (DBStoreBuilder.java:processTables(161)) - Using default column profile:DBProfile.DISK for Table:bucketTable
2019-06-14 12:57:32,402 INFO  db.DBStoreBuilder (DBStoreBuilder.java:addTable(110)) - using custom profile for table: keyTable
2019-06-14 12:57:32,402 INFO  db.DBStoreBuilder (DBStoreBuilder.java:processTables(161)) - Using default column profile:DBProfile.DISK for Table:keyTable
2019-06-14 12:57:32,403 INFO  db.DBStoreBuilder (DBStoreBuilder.java:addTable(110)) - using custom profile for table: deletedTable
2019-06-14 12:57:32,403 INFO  db.DBStoreBuilder (DBStoreBuilder.java:processTables(161)) - Using default column profile:DBProfile.DISK for Table:deletedTable
2019-06-14 12:57:32,403 INFO  db.DBStoreBuilder (DBStoreBuilder.java:addTable(110)) - using custom profile for table: openKeyTable
2019-06-14 12:57:32,403 INFO  db.DBStoreBuilder (DBStoreBuilder.java:processTables(161)) - Using default column profile:DBProfile.DISK for Table:openKeyTable
2019-06-14 12:57:32,403 INFO  db.DBStoreBuilder (DBStoreBuilder.java:addTable(110)) - using custom profile for table: s3Table
2019-06-14 12:57:32,403 INFO  db.DBStoreBuilder (DBStoreBuilder.java:processTables(161)) - Using default column profile:DBProfile.DISK for Table:s3Table
2019-06-14 12:57:32,404 INFO  db.DBStoreBuilder (DBStoreBuilder.java:addTable(110)) - using custom profile for table: multipartInfoTable
2019-06-14 12:57:32,404 INFO  db.DBStoreBuilder (DBStoreBuilder.java:processTables(161)) - Using default column profile:DBProfile.DISK for Table:multipartInfoTable
2019-06-14 12:57:32,404 INFO  db.DBStoreBuilder (DBStoreBuilder.java:addTable(110)) - using custom profile for table: dTokenTable
2019-06-14 12:57:32,404 INFO  db.DBStoreBuilder (DBStoreBuilder.java:processTables(161)) - Using default column profile:DBProfile.DISK for Table:dTokenTable
2019-06-14 12:57:32,404 INFO  db.DBStoreBuilder (DBStoreBuilder.java:addTable(110)) - using custom profile for table: s3SecretTable
2019-06-14 12:57:32,405 INFO  db.DBStoreBuilder (DBStoreBuilder.java:processTables(161)) - Using default column profile:DBProfile.DISK for Table:s3SecretTable
2019-06-14 12:57:32,405 INFO  db.DBStoreBuilder (DBStoreBuilder.java:addTable(110)) - using custom profile for table: prefixTable
2019-06-14 12:57:32,405 INFO  db.DBStoreBuilder (DBStoreBuilder.java:processTables(161)) - Using default column profile:DBProfile.DISK for Table:prefixTable
2019-06-14 12:57:32,405 INFO  db.DBStoreBuilder (DBStoreBuilder.java:addTable(110)) - using custom profile for table: default
2019-06-14 12:57:32,405 INFO  db.DBStoreBuilder (DBStoreBuilder.java:processTables(167)) - Using default column profile:DBProfile.DISK for Table:default
2019-06-14 12:57:32,405 INFO  db.DBStoreBuilder (DBStoreBuilder.java:getDbProfile(198)) - Using default options. DBProfile.DISK
2019-06-14 12:57:32,880 INFO  ipc.CallQueueManager (CallQueueManager.java:<init>(84)) - Using callQueue: class java.util.concurrent.LinkedBlockingQueue, queueCapacity: 2000, scheduler: class org.apache.hadoop.ipc.DefaultRpcScheduler, ipcBackoff: false.
2019-06-14 12:57:32,882 INFO  ipc.Server (Server.java:run(1074)) - Starting Socket Reader #1 for port 34753
2019-06-14 12:57:32,922 WARN  scm.ScmUtils (ScmUtils.java:getDBPath(63)) - ozone.om.db.dirs is not configured. We recommend adding this setting. Falling back to ozone.metadata.dirs instead.
2019-06-14 12:57:32,923 INFO  om.OzoneManager (OzoneManager.java:start(1217)) - OzoneManager RPC server is listening at localhost/127.0.0.1:34753
2019-06-14 12:57:32,923 INFO  impl.MetricsSystemImpl (MetricsSystemImpl.java:init(158)) - OzoneManager metrics system started (again)
2019-06-14 12:57:32,930 INFO  ipc.Server (Server.java:run(1314)) - IPC Server Responder: starting
2019-06-14 12:57:32,930 INFO  ipc.Server (Server.java:run(1153)) - IPC Server listener on 34753: starting
2019-06-14 12:57:32,937 INFO  hdfs.DFSUtil (DFSUtil.java:httpServerTemplateForNNAndJN(1641)) - Starting Web-server for ozoneManager at: http://0.0.0.0:0
2019-06-14 12:57:32,938 INFO  server.AuthenticationFilter (AuthenticationFilter.java:constructSecretProvider(240)) - Unable to initialize FileSignerSecretProvider, falling back to use random secrets.
2019-06-14 12:57:32,939 WARN  http.HttpRequestLog (HttpRequestLog.java:getRequestLog(97)) - Jetty request log can only be enabled using Log4j
2019-06-14 12:57:32,940 INFO  http.HttpServer2 (HttpServer2.java:addGlobalFilter(975)) - Added global filter 'safety' (class=org.apache.hadoop.http.HttpServer2$QuotingInputFilter)
2019-06-14 12:57:32,941 INFO  http.HttpServer2 (HttpServer2.java:addFilter(948)) - Added filter static_user_filter (class=org.apache.hadoop.http.lib.StaticUserWebFilter$StaticUserFilter) to context ozoneManager
2019-06-14 12:57:32,941 INFO  http.HttpServer2 (HttpServer2.java:addFilter(958)) - Added filter static_user_filter (class=org.apache.hadoop.http.lib.StaticUserWebFilter$StaticUserFilter) to context logs
2019-06-14 12:57:32,941 INFO  http.HttpServer2 (HttpServer2.java:addFilter(958)) - Added filter static_user_filter (class=org.apache.hadoop.http.lib.StaticUserWebFilter$StaticUserFilter) to context static
2019-06-14 12:57:32,943 INFO  http.HttpServer2 (HttpServer2.java:bindListener(1191)) - Jetty bound to port 42909
2019-06-14 12:57:32,943 INFO  server.Server (Server.java:doStart(351)) - jetty-9.3.24.v20180605, build timestamp: 2018-06-05T17:11:56Z, git hash: 84205aa28f11a4f31f2a3b86d1bba2cc8ab69827
2019-06-14 12:57:32,944 INFO  handler.ContextHandler (ContextHandler.java:doStart(781)) - Started o.e.j.s.ServletContextHandler@1a411233{/logs,file:///opt/src/hadoop-ozone/integration-test/target/log,AVAILABLE}
2019-06-14 12:57:32,945 INFO  handler.ContextHandler (ContextHandler.java:doStart(781)) - Started o.e.j.s.ServletContextHandler@7c2327fa{/static,file:///opt/src/hadoop-ozone/integration-test/target/test-classes/webapps/static,AVAILABLE}
2019-06-14 12:57:32,950 INFO  handler.ContextHandler (ContextHandler.java:doStart(781)) - Started o.e.j.w.WebAppContext@4565a70a{/,file:///opt/src/hadoop-ozone/integration-test/target/test-classes/webapps/ozoneManager/,AVAILABLE}{/ozoneManager}
2019-06-14 12:57:32,950 INFO  server.AbstractConnector (AbstractConnector.java:doStart(278)) - Started ServerConnector@a0a9fa5{HTTP/1.1,[http/1.1]}{0.0.0.0:42909}
2019-06-14 12:57:32,951 INFO  server.Server (Server.java:doStart(419)) - Started @2646ms
2019-06-14 12:57:32,952 INFO  server.BaseHttpServer (BaseHttpServer.java:updateConnectorAddress(207)) - HTTP server of OZONEMANAGER is listening at http://0.0.0.0:42909
2019-06-14 12:57:33,104 INFO  impl.MetricsSystemImpl (MetricsSystemImpl.java:init(158)) - HddsDatanode metrics system started (again)
2019-06-14 12:57:33,248 INFO  ozone.HddsDatanodeService (HddsDatanodeService.java:start(185)) - HddsDatanodeService host:ozone-8z6qt-916494304 ip:192.168.134.78
2019-06-14 12:57:33,274 INFO  volume.HddsVolume (HddsVolume.java:<init>(176)) - Creating Volume: /opt/src/hadoop-ozone/integration-test/target/test-dir/MiniOzoneClusterImpl-8f71f0c5-7266-46e3-a4ad-dbad200cc1ab/datanode-0/data/containers/hdds of  storage type : DISK and capacity : 104021790720
2019-06-14 12:57:33,276 INFO  volume.VolumeSet (VolumeSet.java:initializeVolumeSet(170)) - Added Volume : /opt/src/hadoop-ozone/integration-test/target/test-dir/MiniOzoneClusterImpl-8f71f0c5-7266-46e3-a4ad-dbad200cc1ab/datanode-0/data/containers/hdds to VolumeSet
2019-06-14 12:57:33,278 INFO  volume.ThrottledAsyncChecker (ThrottledAsyncChecker.java:schedule(140)) - Scheduling a check for org.apache.hadoop.ozone.container.common.volume.HddsVolume@3d43fe
2019-06-14 12:57:33,294 INFO  volume.HddsVolumeChecker (HddsVolumeChecker.java:checkAllVolumes(203)) - Scheduled health check for volume org.apache.hadoop.ozone.container.common.volume.HddsVolume@3d43fe
2019-06-14 12:57:33,330 INFO  ratis.XceiverServerRatis (XceiverServerRatis.java:newXceiverServerRatis(401)) - Found a free port for the server : 41337
2019-06-14 12:57:33,382 INFO  impl.RaftServerProxy (ConfUtils.java:logGet(43)) - raft.rpc.type = GRPC (default)
2019-06-14 12:57:33,391 INFO  grpc.GrpcConfigKeys$Server (ConfUtils.java:logGet(43)) - raft.grpc.server.port = 41337 (custom)
2019-06-14 12:57:33,392 INFO  server.GrpcService (ConfUtils.java:logGet(43)) - raft.grpc.message.size.max = 33570816 (custom)
2019-06-14 12:57:33,393 INFO  server.RaftServerConfigKeys (ConfUtils.java:logGet(43)) - raft.server.log.appender.buffer.byte-limit = 33554432 (custom)
2019-06-14 12:57:33,393 INFO  server.GrpcService (ConfUtils.java:logGet(43)) - raft.grpc.flow.control.window = 1MB (=1048576) (default)
2019-06-14 12:57:33,394 INFO  server.RaftServerConfigKeys (ConfUtils.java:logGet(43)) - raft.server.rpc.request.timeout = 3000ms (default)
2019-06-14 12:57:33,521 INFO  server.RaftServerConfigKeys (ConfUtils.java:logGet(43)) - raft.server.storage.dir = [/opt/src/hadoop-ozone/integration-test/target/test-dir/MiniOzoneClusterImpl-8f71f0c5-7266-46e3-a4ad-dbad200cc1ab/datanode-0/data/ratis] (custom)
2019-06-14 12:57:33,526 INFO  server.XceiverServerGrpc (XceiverServerGrpc.java:<init>(97)) - Found a free port for the server : 38979
2019-06-14 12:57:33,549 INFO  replication.SimpleContainerDownloader (SimpleContainerDownloader.java:<init>(72)) - Starting container downloader service to copy containers to replicate.
2019-06-14 12:57:33,559 INFO  hdfs.DFSUtil (DFSUtil.java:httpServerTemplateForNNAndJN(1641)) - Starting Web-server for hddsDatanode at: http://0.0.0.0:0
2019-06-14 12:57:33,561 INFO  server.AuthenticationFilter (AuthenticationFilter.java:constructSecretProvider(240)) - Unable to initialize FileSignerSecretProvider, falling back to use random secrets.
2019-06-14 12:57:33,561 WARN  http.HttpRequestLog (HttpRequestLog.java:getRequestLog(97)) - Jetty request log can only be enabled using Log4j
2019-06-14 12:57:33,562 INFO  http.HttpServer2 (HttpServer2.java:addGlobalFilter(975)) - Added global filter 'safety' (class=org.apache.hadoop.http.HttpServer2$QuotingInputFilter)
2019-06-14 12:57:33,563 INFO  http.HttpServer2 (HttpServer2.java:addFilter(948)) - Added filter static_user_filter (class=org.apache.hadoop.http.lib.StaticUserWebFilter$StaticUserFilter) to context hddsDatanode
2019-06-14 12:57:33,563 INFO  http.HttpServer2 (HttpServer2.java:addFilter(958)) - Added filter static_user_filter (class=org.apache.hadoop.http.lib.StaticUserWebFilter$StaticUserFilter) to context static
2019-06-14 12:57:33,563 INFO  http.HttpServer2 (HttpServer2.java:addFilter(958)) - Added filter static_user_filter (class=org.apache.hadoop.http.lib.StaticUserWebFilter$StaticUserFilter) to context logs
2019-06-14 12:57:33,564 INFO  http.HttpServer2 (HttpServer2.java:bindListener(1191)) - Jetty bound to port 41051
2019-06-14 12:57:33,564 INFO  server.Server (Server.java:doStart(351)) - jetty-9.3.24.v20180605, build timestamp: 2018-06-05T17:11:56Z, git hash: 84205aa28f11a4f31f2a3b86d1bba2cc8ab69827
2019-06-14 12:57:33,566 INFO  handler.ContextHandler (ContextHandler.java:doStart(781)) - Started o.e.j.s.ServletContextHandler@6fc29daa{/logs,file:///opt/src/hadoop-ozone/integration-test/target/log,AVAILABLE}
2019-06-14 12:57:33,566 INFO  handler.ContextHandler (ContextHandler.java:doStart(781)) - Started o.e.j.s.ServletContextHandler@4d62f4c6{/static,jar:file:/root/.m2/repository/org/apache/hadoop/hadoop-hdds-container-service/0.5.0-SNAPSHOT/hadoop-hdds-container-service-0.5.0-SNAPSHOT.jar!/webapps/static,AVAILABLE}
2019-06-14 12:57:33,593 INFO  handler.ContextHandler (ContextHandler.java:doStart(781)) - Started o.e.j.w.WebAppContext@44924587{/,file:///tmp/jetty-0.0.0.0-41051-hddsDatanode-_-any-6818755453849499992.dir/webapp/,AVAILABLE}{/hddsDatanode}
2019-06-14 12:57:33,593 INFO  server.AbstractConnector (AbstractConnector.java:doStart(278)) - Started ServerConnector@18460128{HTTP/1.1,[http/1.1]}{0.0.0.0:41051}
2019-06-14 12:57:33,594 INFO  server.Server (Server.java:doStart(419)) - Started @3289ms
2019-06-14 12:57:33,594 INFO  server.BaseHttpServer (BaseHttpServer.java:updateConnectorAddress(207)) - HTTP server of HDDSDATANODE is listening at http://0.0.0.0:41051
2019-06-14 12:57:34,392 INFO  ozone.HddsDatanodeService (HddsDatanodeService.java:startPlugins(396)) - Started plug-in org.apache.hadoop.ozone.web.OzoneHddsDatanodeService@f171912
2019-06-14 12:57:34,393 INFO  impl.MetricsSystemImpl (MetricsSystemImpl.java:init(158)) - HddsDatanode metrics system started (again)
2019-06-14 12:57:34,393 INFO  ozone.HddsDatanodeService (HddsDatanodeService.java:start(185)) - HddsDatanodeService host:ozone-8z6qt-916494304 ip:192.168.134.78
2019-06-14 12:57:34,405 INFO  volume.HddsVolume (HddsVolume.java:<init>(176)) - Creating Volume: /opt/src/hadoop-ozone/integration-test/target/test-dir/MiniOzoneClusterImpl-8f71f0c5-7266-46e3-a4ad-dbad200cc1ab/datanode-1/data/containers/hdds of  storage type : DISK and capacity : 104021790720
2019-06-14 12:57:34,406 INFO  volume.VolumeSet (VolumeSet.java:initializeVolumeSet(170)) - Added Volume : /opt/src/hadoop-ozone/integration-test/target/test-dir/MiniOzoneClusterImpl-8f71f0c5-7266-46e3-a4ad-dbad200cc1ab/datanode-1/data/containers/hdds to VolumeSet
2019-06-14 12:57:34,406 INFO  volume.ThrottledAsyncChecker (ThrottledAsyncChecker.java:schedule(140)) - Scheduling a check for org.apache.hadoop.ozone.container.common.volume.HddsVolume@469a7575
2019-06-14 12:57:34,406 INFO  util.JvmPauseMonitor (JvmPauseMonitor.java:run(188)) - Starting JVM pause monitor
2019-06-14 12:57:34,410 INFO  volume.HddsVolumeChecker (HddsVolumeChecker.java:checkAllVolumes(203)) - Scheduled health check for volume org.apache.hadoop.ozone.container.common.volume.HddsVolume@469a7575
2019-06-14 12:57:34,427 INFO  ratis.XceiverServerRatis (XceiverServerRatis.java:newXceiverServerRatis(401)) - Found a free port for the server : 45149
2019-06-14 12:57:34,428 INFO  impl.RaftServerProxy (ConfUtils.java:logGet(43)) - raft.rpc.type = GRPC (default)
2019-06-14 12:57:34,428 INFO  grpc.GrpcConfigKeys$Server (ConfUtils.java:logGet(43)) - raft.grpc.server.port = 45149 (custom)
2019-06-14 12:57:34,428 INFO  server.GrpcService (ConfUtils.java:logGet(43)) - raft.grpc.message.size.max = 33570816 (custom)
2019-06-14 12:57:34,429 INFO  server.RaftServerConfigKeys (ConfUtils.java:logGet(43)) - raft.server.log.appender.buffer.byte-limit = 33554432 (custom)
2019-06-14 12:57:34,429 INFO  server.GrpcService (ConfUtils.java:logGet(43)) - raft.grpc.flow.control.window = 1MB (=1048576) (default)
2019-06-14 12:57:34,429 INFO  server.RaftServerConfigKeys (ConfUtils.java:logGet(43)) - raft.server.rpc.request.timeout = 3000ms (default)
2019-06-14 12:57:34,430 INFO  server.RaftServerConfigKeys (ConfUtils.java:logGet(43)) - raft.server.storage.dir = [/opt/src/hadoop-ozone/integration-test/target/test-dir/MiniOzoneClusterImpl-8f71f0c5-7266-46e3-a4ad-dbad200cc1ab/datanode-1/data/ratis] (custom)
2019-06-14 12:57:34,431 INFO  server.XceiverServerGrpc (XceiverServerGrpc.java:<init>(97)) - Found a free port for the server : 39021
2019-06-14 12:57:34,431 INFO  replication.SimpleContainerDownloader (SimpleContainerDownloader.java:<init>(72)) - Starting container downloader service to copy containers to replicate.
2019-06-14 12:57:34,434 INFO  hdfs.DFSUtil (DFSUtil.java:httpServerTemplateForNNAndJN(1641)) - Starting Web-server for hddsDatanode at: http://0.0.0.0:0
2019-06-14 12:57:34,436 INFO  server.AuthenticationFilter (AuthenticationFilter.java:constructSecretProvider(240)) - Unable to initialize FileSignerSecretProvider, falling back to use random secrets.
2019-06-14 12:57:34,437 WARN  http.HttpRequestLog (HttpRequestLog.java:getRequestLog(97)) - Jetty request log can only be enabled using Log4j
2019-06-14 12:57:34,438 INFO  http.HttpServer2 (HttpServer2.java:addGlobalFilter(975)) - Added global filter 'safety' (class=org.apache.hadoop.http.HttpServer2$QuotingInputFilter)
2019-06-14 12:57:34,439 INFO  http.HttpServer2 (HttpServer2.java:addFilter(948)) - Added filter static_user_filter (class=org.apache.hadoop.http.lib.StaticUserWebFilter$StaticUserFilter) to context hddsDatanode
2019-06-14 12:57:34,439 INFO  http.HttpServer2 (HttpServer2.java:addFilter(958)) - Added filter static_user_filter (class=org.apache.hadoop.http.lib.StaticUserWebFilter$StaticUserFilter) to context static
2019-06-14 12:57:34,440 INFO  http.HttpServer2 (HttpServer2.java:addFilter(958)) - Added filter static_user_filter (class=org.apache.hadoop.http.lib.StaticUserWebFilter$StaticUserFilter) to context logs
2019-06-14 12:57:34,440 INFO  http.HttpServer2 (HttpServer2.java:bindListener(1191)) - Jetty bound to port 40067
2019-06-14 12:57:34,441 INFO  server.Server (Server.java:doStart(351)) - jetty-9.3.24.v20180605, build timestamp: 2018-06-05T17:11:56Z, git hash: 84205aa28f11a4f31f2a3b86d1bba2cc8ab69827
2019-06-14 12:57:34,448 INFO  handler.ContextHandler (ContextHandler.java:doStart(781)) - Started o.e.j.s.ServletContextHandler@38d80d65{/logs,file:///opt/src/hadoop-ozone/integration-test/target/log,AVAILABLE}
2019-06-14 12:57:34,450 INFO  handler.ContextHandler (ContextHandler.java:doStart(781)) - Started o.e.j.s.ServletContextHandler@5a0e0886{/static,jar:file:/root/.m2/repository/org/apache/hadoop/hadoop-hdds-container-service/0.5.0-SNAPSHOT/hadoop-hdds-container-service-0.5.0-SNAPSHOT.jar!/webapps/static,AVAILABLE}
2019-06-14 12:57:34,479 INFO  handler.ContextHandler (ContextHandler.java:doStart(781)) - Started o.e.j.w.WebAppContext@186d8a71{/,file:///tmp/jetty-0.0.0.0-40067-hddsDatanode-_-any-8206937488179420748.dir/webapp/,AVAILABLE}{/hddsDatanode}
2019-06-14 12:57:34,481 INFO  server.AbstractConnector (AbstractConnector.java:doStart(278)) - Started ServerConnector@13e51748{HTTP/1.1,[http/1.1]}{0.0.0.0:40067}
2019-06-14 12:57:34,481 INFO  server.Server (Server.java:doStart(419)) - Started @4176ms
2019-06-14 12:57:34,483 INFO  server.BaseHttpServer (BaseHttpServer.java:updateConnectorAddress(207)) - HTTP server of HDDSDATANODE is listening at http://0.0.0.0:40067
2019-06-14 12:57:34,509 INFO  datanode.InitDatanodeState (InitDatanodeState.java:persistContainerDatanodeDetails(140)) - DatanodeDetails is persisted to /opt/src/hadoop-ozone/integration-test/target/test-dir/MiniOzoneClusterImpl-8f71f0c5-7266-46e3-a4ad-dbad200cc1ab/datanode-0/meta/datanode.id
2019-06-14 12:57:34,607 INFO  ozone.HddsDatanodeService (HddsDatanodeService.java:startPlugins(396)) - Started plug-in org.apache.hadoop.ozone.web.OzoneHddsDatanodeService@aa61e4e
2019-06-14 12:57:34,608 INFO  impl.MetricsSystemImpl (MetricsSystemImpl.java:init(158)) - HddsDatanode metrics system started (again)
2019-06-14 12:57:34,608 INFO  ozone.HddsDatanodeService (HddsDatanodeService.java:start(185)) - HddsDatanodeService host:ozone-8z6qt-916494304 ip:192.168.134.78
2019-06-14 12:57:34,615 INFO  volume.HddsVolume (HddsVolume.java:<init>(176)) - Creating Volume: /opt/src/hadoop-ozone/integration-test/target/test-dir/MiniOzoneClusterImpl-8f71f0c5-7266-46e3-a4ad-dbad200cc1ab/datanode-2/data/containers/hdds of  storage type : DISK and capacity : 104021790720
2019-06-14 12:57:34,615 INFO  volume.VolumeSet (VolumeSet.java:initializeVolumeSet(170)) - Added Volume : /opt/src/hadoop-ozone/integration-test/target/test-dir/MiniOzoneClusterImpl-8f71f0c5-7266-46e3-a4ad-dbad200cc1ab/datanode-2/data/containers/hdds to VolumeSet
2019-06-14 12:57:34,615 INFO  volume.ThrottledAsyncChecker (ThrottledAsyncChecker.java:schedule(140)) - Scheduling a check for org.apache.hadoop.ozone.container.common.volume.HddsVolume@32227215
2019-06-14 12:57:34,618 INFO  util.JvmPauseMonitor (JvmPauseMonitor.java:run(188)) - Starting JVM pause monitor
2019-06-14 12:57:34,624 INFO  volume.HddsVolumeChecker (HddsVolumeChecker.java:checkAllVolumes(203)) - Scheduled health check for volume org.apache.hadoop.ozone.container.common.volume.HddsVolume@32227215
2019-06-14 12:57:34,635 INFO  datanode.InitDatanodeState (InitDatanodeState.java:persistContainerDatanodeDetails(140)) - DatanodeDetails is persisted to /opt/src/hadoop-ozone/integration-test/target/test-dir/MiniOzoneClusterImpl-8f71f0c5-7266-46e3-a4ad-dbad200cc1ab/datanode-1/meta/datanode.id
2019-06-14 12:57:34,637 INFO  ratis.XceiverServerRatis (XceiverServerRatis.java:newXceiverServerRatis(401)) - Found a free port for the server : 46035
2019-06-14 12:57:34,638 INFO  impl.RaftServerProxy (ConfUtils.java:logGet(43)) - raft.rpc.type = GRPC (default)
2019-06-14 12:57:34,638 INFO  grpc.GrpcConfigKeys$Server (ConfUtils.java:logGet(43)) - raft.grpc.server.port = 46035 (custom)
2019-06-14 12:57:34,638 INFO  server.GrpcService (ConfUtils.java:logGet(43)) - raft.grpc.message.size.max = 33570816 (custom)
2019-06-14 12:57:34,639 INFO  server.RaftServerConfigKeys (ConfUtils.java:logGet(43)) - raft.server.log.appender.buffer.byte-limit = 33554432 (custom)
2019-06-14 12:57:34,639 INFO  server.GrpcService (ConfUtils.java:logGet(43)) - raft.grpc.flow.control.window = 1MB (=1048576) (default)
2019-06-14 12:57:34,639 INFO  server.RaftServerConfigKeys (ConfUtils.java:logGet(43)) - raft.server.rpc.request.timeout = 3000ms (default)
2019-06-14 12:57:34,639 INFO  server.RaftServerConfigKeys (ConfUtils.java:logGet(43)) - raft.server.storage.dir = [/opt/src/hadoop-ozone/integration-test/target/test-dir/MiniOzoneClusterImpl-8f71f0c5-7266-46e3-a4ad-dbad200cc1ab/datanode-2/data/ratis] (custom)
2019-06-14 12:57:34,640 INFO  server.XceiverServerGrpc (XceiverServerGrpc.java:<init>(97)) - Found a free port for the server : 42405
2019-06-14 12:57:34,640 INFO  replication.SimpleContainerDownloader (SimpleContainerDownloader.java:<init>(72)) - Starting container downloader service to copy containers to replicate.
2019-06-14 12:57:34,641 INFO  hdfs.DFSUtil (DFSUtil.java:httpServerTemplateForNNAndJN(1641)) - Starting Web-server for hddsDatanode at: http://0.0.0.0:0
2019-06-14 12:57:34,642 INFO  server.AuthenticationFilter (AuthenticationFilter.java:constructSecretProvider(240)) - Unable to initialize FileSignerSecretProvider, falling back to use random secrets.
2019-06-14 12:57:34,643 WARN  http.HttpRequestLog (HttpRequestLog.java:getRequestLog(97)) - Jetty request log can only be enabled using Log4j
2019-06-14 12:57:34,644 INFO  http.HttpServer2 (HttpServer2.java:addGlobalFilter(975)) - Added global filter 'safety' (class=org.apache.hadoop.http.HttpServer2$QuotingInputFilter)
2019-06-14 12:57:34,645 INFO  http.HttpServer2 (HttpServer2.java:addFilter(948)) - Added filter static_user_filter (class=org.apache.hadoop.http.lib.StaticUserWebFilter$StaticUserFilter) to context hddsDatanode
2019-06-14 12:57:34,645 INFO  http.HttpServer2 (HttpServer2.java:addFilter(958)) - Added filter static_user_filter (class=org.apache.hadoop.http.lib.StaticUserWebFilter$StaticUserFilter) to context static
2019-06-14 12:57:34,645 INFO  http.HttpServer2 (HttpServer2.java:addFilter(958)) - Added filter static_user_filter (class=org.apache.hadoop.http.lib.StaticUserWebFilter$StaticUserFilter) to context logs
2019-06-14 12:57:34,646 INFO  http.HttpServer2 (HttpServer2.java:bindListener(1191)) - Jetty bound to port 40875
2019-06-14 12:57:34,646 INFO  server.Server (Server.java:doStart(351)) - jetty-9.3.24.v20180605, build timestamp: 2018-06-05T17:11:56Z, git hash: 84205aa28f11a4f31f2a3b86d1bba2cc8ab69827
2019-06-14 12:57:34,647 INFO  handler.ContextHandler (ContextHandler.java:doStart(781)) - Started o.e.j.s.ServletContextHandler@d3e3085{/logs,file:///opt/src/hadoop-ozone/integration-test/target/log,AVAILABLE}
2019-06-14 12:57:34,648 INFO  handler.ContextHandler (ContextHandler.java:doStart(781)) - Started o.e.j.s.ServletContextHandler@285005b8{/static,jar:file:/root/.m2/repository/org/apache/hadoop/hadoop-hdds-container-service/0.5.0-SNAPSHOT/hadoop-hdds-container-service-0.5.0-SNAPSHOT.jar!/webapps/static,AVAILABLE}
2019-06-14 12:57:34,669 INFO  handler.ContextHandler (ContextHandler.java:doStart(781)) - Started o.e.j.w.WebAppContext@52bd9a27{/,file:///tmp/jetty-0.0.0.0-40875-hddsDatanode-_-any-9067781453877920429.dir/webapp/,AVAILABLE}{/hddsDatanode}
2019-06-14 12:57:34,670 INFO  server.AbstractConnector (AbstractConnector.java:doStart(278)) - Started ServerConnector@6128ea47{HTTP/1.1,[http/1.1]}{0.0.0.0:40875}
2019-06-14 12:57:34,671 INFO  server.Server (Server.java:doStart(419)) - Started @4366ms
2019-06-14 12:57:34,672 INFO  server.BaseHttpServer (BaseHttpServer.java:updateConnectorAddress(207)) - HTTP server of HDDSDATANODE is listening at http://0.0.0.0:40875
2019-06-14 12:57:34,832 INFO  ozone.HddsDatanodeService (HddsDatanodeService.java:startPlugins(396)) - Started plug-in org.apache.hadoop.ozone.web.OzoneHddsDatanodeService@7f5fcfe9
2019-06-14 12:57:34,833 INFO  impl.MetricsSystemImpl (MetricsSystemImpl.java:init(158)) - HddsDatanode metrics system started (again)
2019-06-14 12:57:34,833 INFO  ozone.HddsDatanodeService (HddsDatanodeService.java:start(185)) - HddsDatanodeService host:ozone-8z6qt-916494304 ip:192.168.134.78
2019-06-14 12:57:34,842 INFO  util.JvmPauseMonitor (JvmPauseMonitor.java:run(188)) - Starting JVM pause monitor
2019-06-14 12:57:34,846 INFO  volume.HddsVolume (HddsVolume.java:<init>(176)) - Creating Volume: /opt/src/hadoop-ozone/integration-test/target/test-dir/MiniOzoneClusterImpl-8f71f0c5-7266-46e3-a4ad-dbad200cc1ab/datanode-3/data/containers/hdds of  storage type : DISK and capacity : 104021790720
2019-06-14 12:57:34,846 INFO  volume.VolumeSet (VolumeSet.java:initializeVolumeSet(170)) - Added Volume : /opt/src/hadoop-ozone/integration-test/target/test-dir/MiniOzoneClusterImpl-8f71f0c5-7266-46e3-a4ad-dbad200cc1ab/datanode-3/data/containers/hdds to VolumeSet
2019-06-14 12:57:34,846 INFO  datanode.InitDatanodeState (InitDatanodeState.java:persistContainerDatanodeDetails(140)) - DatanodeDetails is persisted to /opt/src/hadoop-ozone/integration-test/target/test-dir/MiniOzoneClusterImpl-8f71f0c5-7266-46e3-a4ad-dbad200cc1ab/datanode-2/meta/datanode.id
2019-06-14 12:57:34,846 INFO  volume.ThrottledAsyncChecker (ThrottledAsyncChecker.java:schedule(140)) - Scheduling a check for org.apache.hadoop.ozone.container.common.volume.HddsVolume@6d293993
2019-06-14 12:57:34,850 INFO  volume.HddsVolumeChecker (HddsVolumeChecker.java:checkAllVolumes(203)) - Scheduled health check for volume org.apache.hadoop.ozone.container.common.volume.HddsVolume@6d293993
2019-06-14 12:57:34,859 INFO  ratis.XceiverServerRatis (XceiverServerRatis.java:newXceiverServerRatis(401)) - Found a free port for the server : 37483
2019-06-14 12:57:34,861 INFO  impl.RaftServerProxy (ConfUtils.java:logGet(43)) - raft.rpc.type = GRPC (default)
2019-06-14 12:57:34,861 INFO  grpc.GrpcConfigKeys$Server (ConfUtils.java:logGet(43)) - raft.grpc.server.port = 37483 (custom)
2019-06-14 12:57:34,861 INFO  server.GrpcService (ConfUtils.java:logGet(43)) - raft.grpc.message.size.max = 33570816 (custom)
2019-06-14 12:57:34,861 INFO  server.RaftServerConfigKeys (ConfUtils.java:logGet(43)) - raft.server.log.appender.buffer.byte-limit = 33554432 (custom)
2019-06-14 12:57:34,861 INFO  server.GrpcService (ConfUtils.java:logGet(43)) - raft.grpc.flow.control.window = 1MB (=1048576) (default)
2019-06-14 12:57:34,861 INFO  server.RaftServerConfigKeys (ConfUtils.java:logGet(43)) - raft.server.rpc.request.timeout = 3000ms (default)
2019-06-14 12:57:34,862 INFO  server.RaftServerConfigKeys (ConfUtils.java:logGet(43)) - raft.server.storage.dir = [/opt/src/hadoop-ozone/integration-test/target/test-dir/MiniOzoneClusterImpl-8f71f0c5-7266-46e3-a4ad-dbad200cc1ab/datanode-3/data/ratis] (custom)
2019-06-14 12:57:34,862 INFO  server.XceiverServerGrpc (XceiverServerGrpc.java:<init>(97)) - Found a free port for the server : 33349
2019-06-14 12:57:34,862 INFO  replication.SimpleContainerDownloader (SimpleContainerDownloader.java:<init>(72)) - Starting container downloader service to copy containers to replicate.
2019-06-14 12:57:34,863 INFO  hdfs.DFSUtil (DFSUtil.java:httpServerTemplateForNNAndJN(1641)) - Starting Web-server for hddsDatanode at: http://0.0.0.0:0
2019-06-14 12:57:34,864 INFO  server.AuthenticationFilter (AuthenticationFilter.java:constructSecretProvider(240)) - Unable to initialize FileSignerSecretProvider, falling back to use random secrets.
2019-06-14 12:57:34,865 WARN  http.HttpRequestLog (HttpRequestLog.java:getRequestLog(97)) - Jetty request log can only be enabled using Log4j
2019-06-14 12:57:34,866 INFO  http.HttpServer2 (HttpServer2.java:addGlobalFilter(975)) - Added global filter 'safety' (class=org.apache.hadoop.http.HttpServer2$QuotingInputFilter)
2019-06-14 12:57:34,866 INFO  http.HttpServer2 (HttpServer2.java:addFilter(948)) - Added filter static_user_filter (class=org.apache.hadoop.http.lib.StaticUserWebFilter$StaticUserFilter) to context hddsDatanode
2019-06-14 12:57:34,867 INFO  http.HttpServer2 (HttpServer2.java:addFilter(958)) - Added filter static_user_filter (class=org.apache.hadoop.http.lib.StaticUserWebFilter$StaticUserFilter) to context static
2019-06-14 12:57:34,867 INFO  http.HttpServer2 (HttpServer2.java:addFilter(958)) - Added filter static_user_filter (class=org.apache.hadoop.http.lib.StaticUserWebFilter$StaticUserFilter) to context logs
2019-06-14 12:57:34,867 INFO  http.HttpServer2 (HttpServer2.java:bindListener(1191)) - Jetty bound to port 37521
2019-06-14 12:57:34,867 INFO  server.Server (Server.java:doStart(351)) - jetty-9.3.24.v20180605, build timestamp: 2018-06-05T17:11:56Z, git hash: 84205aa28f11a4f31f2a3b86d1bba2cc8ab69827
2019-06-14 12:57:34,878 INFO  handler.ContextHandler (ContextHandler.java:doStart(781)) - Started o.e.j.s.ServletContextHandler@66d25ba9{/logs,file:///opt/src/hadoop-ozone/integration-test/target/log,AVAILABLE}
2019-06-14 12:57:34,882 INFO  handler.ContextHandler (ContextHandler.java:doStart(781)) - Started o.e.j.s.ServletContextHandler@5efe47fd{/static,jar:file:/root/.m2/repository/org/apache/hadoop/hadoop-hdds-container-service/0.5.0-SNAPSHOT/hadoop-hdds-container-service-0.5.0-SNAPSHOT.jar!/webapps/static,AVAILABLE}
2019-06-14 12:57:34,903 INFO  handler.ContextHandler (ContextHandler.java:doStart(781)) - Started o.e.j.w.WebAppContext@101bdd1c{/,file:///tmp/jetty-0.0.0.0-37521-hddsDatanode-_-any-1018663476410702908.dir/webapp/,AVAILABLE}{/hddsDatanode}
2019-06-14 12:57:34,904 INFO  server.AbstractConnector (AbstractConnector.java:doStart(278)) - Started ServerConnector@e91af20{HTTP/1.1,[http/1.1]}{0.0.0.0:37521}
2019-06-14 12:57:34,905 INFO  server.Server (Server.java:doStart(419)) - Started @4600ms
2019-06-14 12:57:34,905 INFO  server.BaseHttpServer (BaseHttpServer.java:updateConnectorAddress(207)) - HTTP server of HDDSDATANODE is listening at http://0.0.0.0:37521
2019-06-14 12:57:35,051 INFO  ozone.HddsDatanodeService (HddsDatanodeService.java:startPlugins(396)) - Started plug-in org.apache.hadoop.ozone.web.OzoneHddsDatanodeService@3c54ddec
2019-06-14 12:57:35,052 INFO  impl.MetricsSystemImpl (MetricsSystemImpl.java:init(158)) - HddsDatanode metrics system started (again)
2019-06-14 12:57:35,052 INFO  ozone.HddsDatanodeService (HddsDatanodeService.java:start(185)) - HddsDatanodeService host:ozone-8z6qt-916494304 ip:192.168.134.78
2019-06-14 12:57:35,058 INFO  util.JvmPauseMonitor (JvmPauseMonitor.java:run(188)) - Starting JVM pause monitor
2019-06-14 12:57:35,060 INFO  datanode.InitDatanodeState (InitDatanodeState.java:persistContainerDatanodeDetails(140)) - DatanodeDetails is persisted to /opt/src/hadoop-ozone/integration-test/target/test-dir/MiniOzoneClusterImpl-8f71f0c5-7266-46e3-a4ad-dbad200cc1ab/datanode-3/meta/datanode.id
2019-06-14 12:57:35,068 INFO  volume.HddsVolume (HddsVolume.java:<init>(176)) - Creating Volume: /opt/src/hadoop-ozone/integration-test/target/test-dir/MiniOzoneClusterImpl-8f71f0c5-7266-46e3-a4ad-dbad200cc1ab/datanode-4/data/containers/hdds of  storage type : DISK and capacity : 104021790720
2019-06-14 12:57:35,068 INFO  volume.VolumeSet (VolumeSet.java:initializeVolumeSet(170)) - Added Volume : /opt/src/hadoop-ozone/integration-test/target/test-dir/MiniOzoneClusterImpl-8f71f0c5-7266-46e3-a4ad-dbad200cc1ab/datanode-4/data/containers/hdds to VolumeSet
2019-06-14 12:57:35,069 INFO  volume.ThrottledAsyncChecker (ThrottledAsyncChecker.java:schedule(140)) - Scheduling a check for org.apache.hadoop.ozone.container.common.volume.HddsVolume@67acfde9
2019-06-14 12:57:35,070 INFO  volume.HddsVolumeChecker (HddsVolumeChecker.java:checkAllVolumes(203)) - Scheduled health check for volume org.apache.hadoop.ozone.container.common.volume.HddsVolume@67acfde9
2019-06-14 12:57:35,080 INFO  ratis.XceiverServerRatis (XceiverServerRatis.java:newXceiverServerRatis(401)) - Found a free port for the server : 41863
2019-06-14 12:57:35,081 INFO  impl.RaftServerProxy (ConfUtils.java:logGet(43)) - raft.rpc.type = GRPC (default)
2019-06-14 12:57:35,081 INFO  grpc.GrpcConfigKeys$Server (ConfUtils.java:logGet(43)) - raft.grpc.server.port = 41863 (custom)
2019-06-14 12:57:35,081 INFO  server.GrpcService (ConfUtils.java:logGet(43)) - raft.grpc.message.size.max = 33570816 (custom)
2019-06-14 12:57:35,082 INFO  server.RaftServerConfigKeys (ConfUtils.java:logGet(43)) - raft.server.log.appender.buffer.byte-limit = 33554432 (custom)
2019-06-14 12:57:35,082 INFO  server.GrpcService (ConfUtils.java:logGet(43)) - raft.grpc.flow.control.window = 1MB (=1048576) (default)
2019-06-14 12:57:35,082 INFO  server.RaftServerConfigKeys (ConfUtils.java:logGet(43)) - raft.server.rpc.request.timeout = 3000ms (default)
2019-06-14 12:57:35,082 INFO  server.RaftServerConfigKeys (ConfUtils.java:logGet(43)) - raft.server.storage.dir = [/opt/src/hadoop-ozone/integration-test/target/test-dir/MiniOzoneClusterImpl-8f71f0c5-7266-46e3-a4ad-dbad200cc1ab/datanode-4/data/ratis] (custom)
2019-06-14 12:57:35,083 INFO  server.XceiverServerGrpc (XceiverServerGrpc.java:<init>(97)) - Found a free port for the server : 45615
2019-06-14 12:57:35,083 INFO  replication.SimpleContainerDownloader (SimpleContainerDownloader.java:<init>(72)) - Starting container downloader service to copy containers to replicate.
2019-06-14 12:57:35,085 INFO  hdfs.DFSUtil (DFSUtil.java:httpServerTemplateForNNAndJN(1641)) - Starting Web-server for hddsDatanode at: http://0.0.0.0:0
2019-06-14 12:57:35,086 INFO  server.AuthenticationFilter (AuthenticationFilter.java:constructSecretProvider(240)) - Unable to initialize FileSignerSecretProvider, falling back to use random secrets.
2019-06-14 12:57:35,086 WARN  http.HttpRequestLog (HttpRequestLog.java:getRequestLog(97)) - Jetty request log can only be enabled using Log4j
2019-06-14 12:57:35,088 INFO  http.HttpServer2 (HttpServer2.java:addGlobalFilter(975)) - Added global filter 'safety' (class=org.apache.hadoop.http.HttpServer2$QuotingInputFilter)
2019-06-14 12:57:35,088 INFO  http.HttpServer2 (HttpServer2.java:addFilter(948)) - Added filter static_user_filter (class=org.apache.hadoop.http.lib.StaticUserWebFilter$StaticUserFilter) to context hddsDatanode
2019-06-14 12:57:35,089 INFO  http.HttpServer2 (HttpServer2.java:addFilter(958)) - Added filter static_user_filter (class=org.apache.hadoop.http.lib.StaticUserWebFilter$StaticUserFilter) to context logs
2019-06-14 12:57:35,089 INFO  http.HttpServer2 (HttpServer2.java:addFilter(958)) - Added filter static_user_filter (class=org.apache.hadoop.http.lib.StaticUserWebFilter$StaticUserFilter) to context static
2019-06-14 12:57:35,089 INFO  http.HttpServer2 (HttpServer2.java:bindListener(1191)) - Jetty bound to port 39501
2019-06-14 12:57:35,090 INFO  server.Server (Server.java:doStart(351)) - jetty-9.3.24.v20180605, build timestamp: 2018-06-05T17:11:56Z, git hash: 84205aa28f11a4f31f2a3b86d1bba2cc8ab69827
2019-06-14 12:57:35,091 INFO  handler.ContextHandler (ContextHandler.java:doStart(781)) - Started o.e.j.s.ServletContextHandler@b1b471{/logs,file:///opt/src/hadoop-ozone/integration-test/target/log,AVAILABLE}
2019-06-14 12:57:35,091 INFO  handler.ContextHandler (ContextHandler.java:doStart(781)) - Started o.e.j.s.ServletContextHandler@4f1afe8f{/static,jar:file:/root/.m2/repository/org/apache/hadoop/hadoop-hdds-container-service/0.5.0-SNAPSHOT/hadoop-hdds-container-service-0.5.0-SNAPSHOT.jar!/webapps/static,AVAILABLE}
2019-06-14 12:57:35,111 INFO  handler.ContextHandler (ContextHandler.java:doStart(781)) - Started o.e.j.w.WebAppContext@4dc52559{/,file:///tmp/jetty-0.0.0.0-39501-hddsDatanode-_-any-6846518191788217254.dir/webapp/,AVAILABLE}{/hddsDatanode}
2019-06-14 12:57:35,112 INFO  server.AbstractConnector (AbstractConnector.java:doStart(278)) - Started ServerConnector@7d72ece0{HTTP/1.1,[http/1.1]}{0.0.0.0:39501}
2019-06-14 12:57:35,113 INFO  server.Server (Server.java:doStart(419)) - Started @4808ms
2019-06-14 12:57:35,114 INFO  server.BaseHttpServer (BaseHttpServer.java:updateConnectorAddress(207)) - HTTP server of HDDSDATANODE is listening at http://0.0.0.0:39501
2019-06-14 12:57:35,204 INFO  ozone.HddsDatanodeService (HddsDatanodeService.java:startPlugins(396)) - Started plug-in org.apache.hadoop.ozone.web.OzoneHddsDatanodeService@39133244
2019-06-14 12:57:35,205 INFO  impl.MetricsSystemImpl (MetricsSystemImpl.java:init(158)) - HddsDatanode metrics system started (again)
2019-06-14 12:57:35,205 INFO  ozone.HddsDatanodeService (HddsDatanodeService.java:start(185)) - HddsDatanodeService host:ozone-8z6qt-916494304 ip:192.168.134.78
2019-06-14 12:57:35,206 INFO  util.JvmPauseMonitor (JvmPauseMonitor.java:run(188)) - Starting JVM pause monitor
2019-06-14 12:57:35,207 INFO  datanode.InitDatanodeState (InitDatanodeState.java:persistContainerDatanodeDetails(140)) - DatanodeDetails is persisted to /opt/src/hadoop-ozone/integration-test/target/test-dir/MiniOzoneClusterImpl-8f71f0c5-7266-46e3-a4ad-dbad200cc1ab/datanode-4/meta/datanode.id
2019-06-14 12:57:35,213 INFO  volume.HddsVolume (HddsVolume.java:<init>(176)) - Creating Volume: /opt/src/hadoop-ozone/integration-test/target/test-dir/MiniOzoneClusterImpl-8f71f0c5-7266-46e3-a4ad-dbad200cc1ab/datanode-5/data/containers/hdds of  storage type : DISK and capacity : 104021790720
2019-06-14 12:57:35,213 INFO  volume.VolumeSet (VolumeSet.java:initializeVolumeSet(170)) - Added Volume : /opt/src/hadoop-ozone/integration-test/target/test-dir/MiniOzoneClusterImpl-8f71f0c5-7266-46e3-a4ad-dbad200cc1ab/datanode-5/data/containers/hdds to VolumeSet
2019-06-14 12:57:35,214 INFO  volume.ThrottledAsyncChecker (ThrottledAsyncChecker.java:schedule(140)) - Scheduling a check for org.apache.hadoop.ozone.container.common.volume.HddsVolume@61da0413
2019-06-14 12:57:35,214 INFO  volume.HddsVolumeChecker (HddsVolumeChecker.java:checkAllVolumes(203)) - Scheduled health check for volume org.apache.hadoop.ozone.container.common.volume.HddsVolume@61da0413
2019-06-14 12:57:35,230 INFO  ratis.XceiverServerRatis (XceiverServerRatis.java:newXceiverServerRatis(401)) - Found a free port for the server : 40275
2019-06-14 12:57:35,231 INFO  impl.RaftServerProxy (ConfUtils.java:logGet(43)) - raft.rpc.type = GRPC (default)
2019-06-14 12:57:35,232 INFO  grpc.GrpcConfigKeys$Server (ConfUtils.java:logGet(43)) - raft.grpc.server.port = 40275 (custom)
2019-06-14 12:57:35,232 INFO  server.GrpcService (ConfUtils.java:logGet(43)) - raft.grpc.message.size.max = 33570816 (custom)
2019-06-14 12:57:35,232 INFO  server.RaftServerConfigKeys (ConfUtils.java:logGet(43)) - raft.server.log.appender.buffer.byte-limit = 33554432 (custom)
2019-06-14 12:57:35,233 INFO  server.GrpcService (ConfUtils.java:logGet(43)) - raft.grpc.flow.control.window = 1MB (=1048576) (default)
2019-06-14 12:57:35,233 INFO  server.RaftServerConfigKeys (ConfUtils.java:logGet(43)) - raft.server.rpc.request.timeout = 3000ms (default)
2019-06-14 12:57:35,233 INFO  server.RaftServerConfigKeys (ConfUtils.java:logGet(43)) - raft.server.storage.dir = [/opt/src/hadoop-ozone/integration-test/target/test-dir/MiniOzoneClusterImpl-8f71f0c5-7266-46e3-a4ad-dbad200cc1ab/datanode-5/data/ratis] (custom)
2019-06-14 12:57:35,234 INFO  server.XceiverServerGrpc (XceiverServerGrpc.java:<init>(97)) - Found a free port for the server : 37179
2019-06-14 12:57:35,234 INFO  replication.SimpleContainerDownloader (SimpleContainerDownloader.java:<init>(72)) - Starting container downloader service to copy containers to replicate.
2019-06-14 12:57:35,235 INFO  hdfs.DFSUtil (DFSUtil.java:httpServerTemplateForNNAndJN(1641)) - Starting Web-server for hddsDatanode at: http://0.0.0.0:0
2019-06-14 12:57:35,236 INFO  server.AuthenticationFilter (AuthenticationFilter.java:constructSecretProvider(240)) - Unable to initialize FileSignerSecretProvider, falling back to use random secrets.
2019-06-14 12:57:35,237 WARN  http.HttpRequestLog (HttpRequestLog.java:getRequestLog(97)) - Jetty request log can only be enabled using Log4j
2019-06-14 12:57:35,238 INFO  http.HttpServer2 (HttpServer2.java:addGlobalFilter(975)) - Added global filter 'safety' (class=org.apache.hadoop.http.HttpServer2$QuotingInputFilter)
2019-06-14 12:57:35,239 INFO  http.HttpServer2 (HttpServer2.java:addFilter(948)) - Added filter static_user_filter (class=org.apache.hadoop.http.lib.StaticUserWebFilter$StaticUserFilter) to context hddsDatanode
2019-06-14 12:57:35,239 INFO  http.HttpServer2 (HttpServer2.java:addFilter(958)) - Added filter static_user_filter (class=org.apache.hadoop.http.lib.StaticUserWebFilter$StaticUserFilter) to context logs
2019-06-14 12:57:35,239 INFO  http.HttpServer2 (HttpServer2.java:addFilter(958)) - Added filter static_user_filter (class=org.apache.hadoop.http.lib.StaticUserWebFilter$StaticUserFilter) to context static
2019-06-14 12:57:35,240 INFO  http.HttpServer2 (HttpServer2.java:bindListener(1191)) - Jetty bound to port 42809
2019-06-14 12:57:35,240 INFO  server.Server (Server.java:doStart(351)) - jetty-9.3.24.v20180605, build timestamp: 2018-06-05T17:11:56Z, git hash: 84205aa28f11a4f31f2a3b86d1bba2cc8ab69827
2019-06-14 12:57:35,243 INFO  handler.ContextHandler (ContextHandler.java:doStart(781)) - Started o.e.j.s.ServletContextHandler@4fb57fb3{/logs,file:///opt/src/hadoop-ozone/integration-test/target/log,AVAILABLE}
2019-06-14 12:57:35,243 INFO  handler.ContextHandler (ContextHandler.java:doStart(781)) - Started o.e.j.s.ServletContextHandler@226d5af0{/static,jar:file:/root/.m2/repository/org/apache/hadoop/hadoop-hdds-container-service/0.5.0-SNAPSHOT/hadoop-hdds-container-service-0.5.0-SNAPSHOT.jar!/webapps/static,AVAILABLE}
2019-06-14 12:57:35,268 INFO  handler.ContextHandler (ContextHandler.java:doStart(781)) - Started o.e.j.w.WebAppContext@c9b5a99{/,file:///tmp/jetty-0.0.0.0-42809-hddsDatanode-_-any-2317393692434030259.dir/webapp/,AVAILABLE}{/hddsDatanode}
2019-06-14 12:57:35,269 INFO  server.AbstractConnector (AbstractConnector.java:doStart(278)) - Started ServerConnector@507a9db7{HTTP/1.1,[http/1.1]}{0.0.0.0:42809}
2019-06-14 12:57:35,269 INFO  server.Server (Server.java:doStart(419)) - Started @4965ms
2019-06-14 12:57:35,270 INFO  server.BaseHttpServer (BaseHttpServer.java:updateConnectorAddress(207)) - HTTP server of HDDSDATANODE is listening at http://0.0.0.0:42809
2019-06-14 12:57:35,397 INFO  ozone.HddsDatanodeService (HddsDatanodeService.java:startPlugins(396)) - Started plug-in org.apache.hadoop.ozone.web.OzoneHddsDatanodeService@799f354a
2019-06-14 12:57:35,397 INFO  impl.MetricsSystemImpl (MetricsSystemImpl.java:init(158)) - HddsDatanode metrics system started (again)
2019-06-14 12:57:35,398 INFO  ozone.HddsDatanodeService (HddsDatanodeService.java:start(185)) - HddsDatanodeService host:ozone-8z6qt-916494304 ip:192.168.134.78
2019-06-14 12:57:35,404 INFO  util.JvmPauseMonitor (JvmPauseMonitor.java:run(188)) - Starting JVM pause monitor
2019-06-14 12:57:35,405 INFO  datanode.InitDatanodeState (InitDatanodeState.java:persistContainerDatanodeDetails(140)) - DatanodeDetails is persisted to /opt/src/hadoop-ozone/integration-test/target/test-dir/MiniOzoneClusterImpl-8f71f0c5-7266-46e3-a4ad-dbad200cc1ab/datanode-5/meta/datanode.id
2019-06-14 12:57:35,414 INFO  volume.HddsVolume (HddsVolume.java:<init>(176)) - Creating Volume: /opt/src/hadoop-ozone/integration-test/target/test-dir/MiniOzoneClusterImpl-8f71f0c5-7266-46e3-a4ad-dbad200cc1ab/datanode-6/data/containers/hdds of  storage type : DISK and capacity : 104021790720
2019-06-14 12:57:35,414 INFO  volume.VolumeSet (VolumeSet.java:initializeVolumeSet(170)) - Added Volume : /opt/src/hadoop-ozone/integration-test/target/test-dir/MiniOzoneClusterImpl-8f71f0c5-7266-46e3-a4ad-dbad200cc1ab/datanode-6/data/containers/hdds to VolumeSet
2019-06-14 12:57:35,414 INFO  volume.ThrottledAsyncChecker (ThrottledAsyncChecker.java:schedule(140)) - Scheduling a check for org.apache.hadoop.ozone.container.common.volume.HddsVolume@642c6461
2019-06-14 12:57:35,417 INFO  volume.HddsVolumeChecker (HddsVolumeChecker.java:checkAllVolumes(203)) - Scheduled health check for volume org.apache.hadoop.ozone.container.common.volume.HddsVolume@642c6461
2019-06-14 12:57:35,430 INFO  ratis.XceiverServerRatis (XceiverServerRatis.java:newXceiverServerRatis(401)) - Found a free port for the server : 45617
2019-06-14 12:57:35,431 INFO  impl.RaftServerProxy (ConfUtils.java:logGet(43)) - raft.rpc.type = GRPC (default)
2019-06-14 12:57:35,431 INFO  grpc.GrpcConfigKeys$Server (ConfUtils.java:logGet(43)) - raft.grpc.server.port = 45617 (custom)
2019-06-14 12:57:35,432 INFO  server.GrpcService (ConfUtils.java:logGet(43)) - raft.grpc.message.size.max = 33570816 (custom)
2019-06-14 12:57:35,432 INFO  server.RaftServerConfigKeys (ConfUtils.java:logGet(43)) - raft.server.log.appender.buffer.byte-limit = 33554432 (custom)
2019-06-14 12:57:35,432 INFO  server.GrpcService (ConfUtils.java:logGet(43)) - raft.grpc.flow.control.window = 1MB (=1048576) (default)
2019-06-14 12:57:35,432 INFO  server.RaftServerConfigKeys (ConfUtils.java:logGet(43)) - raft.server.rpc.request.timeout = 3000ms (default)
2019-06-14 12:57:35,433 INFO  server.RaftServerConfigKeys (ConfUtils.java:logGet(43)) - raft.server.storage.dir = [/opt/src/hadoop-ozone/integration-test/target/test-dir/MiniOzoneClusterImpl-8f71f0c5-7266-46e3-a4ad-dbad200cc1ab/datanode-6/data/ratis] (custom)
2019-06-14 12:57:35,433 INFO  server.XceiverServerGrpc (XceiverServerGrpc.java:<init>(97)) - Found a free port for the server : 37821
2019-06-14 12:57:35,433 INFO  replication.SimpleContainerDownloader (SimpleContainerDownloader.java:<init>(72)) - Starting container downloader service to copy containers to replicate.
2019-06-14 12:57:35,434 INFO  hdfs.DFSUtil (DFSUtil.java:httpServerTemplateForNNAndJN(1641)) - Starting Web-server for hddsDatanode at: http://0.0.0.0:0
2019-06-14 12:57:35,435 INFO  server.AuthenticationFilter (AuthenticationFilter.java:constructSecretProvider(240)) - Unable to initialize FileSignerSecretProvider, falling back to use random secrets.
2019-06-14 12:57:35,436 WARN  http.HttpRequestLog (HttpRequestLog.java:getRequestLog(97)) - Jetty request log can only be enabled using Log4j
2019-06-14 12:57:35,437 INFO  http.HttpServer2 (HttpServer2.java:addGlobalFilter(975)) - Added global filter 'safety' (class=org.apache.hadoop.http.HttpServer2$QuotingInputFilter)
2019-06-14 12:57:35,438 INFO  http.HttpServer2 (HttpServer2.java:addFilter(948)) - Added filter static_user_filter (class=org.apache.hadoop.http.lib.StaticUserWebFilter$StaticUserFilter) to context hddsDatanode
2019-06-14 12:57:35,438 INFO  http.HttpServer2 (HttpServer2.java:addFilter(958)) - Added filter static_user_filter (class=org.apache.hadoop.http.lib.StaticUserWebFilter$StaticUserFilter) to context static
2019-06-14 12:57:35,438 INFO  http.HttpServer2 (HttpServer2.java:addFilter(958)) - Added filter static_user_filter (class=org.apache.hadoop.http.lib.StaticUserWebFilter$StaticUserFilter) to context logs
2019-06-14 12:57:35,439 INFO  http.HttpServer2 (HttpServer2.java:bindListener(1191)) - Jetty bound to port 41095
2019-06-14 12:57:35,439 INFO  server.Server (Server.java:doStart(351)) - jetty-9.3.24.v20180605, build timestamp: 2018-06-05T17:11:56Z, git hash: 84205aa28f11a4f31f2a3b86d1bba2cc8ab69827
2019-06-14 12:57:35,440 INFO  handler.ContextHandler (ContextHandler.java:doStart(781)) - Started o.e.j.s.ServletContextHandler@a316f6b{/logs,file:///opt/src/hadoop-ozone/integration-test/target/log,AVAILABLE}
2019-06-14 12:57:35,442 INFO  handler.ContextHandler (ContextHandler.java:doStart(781)) - Started o.e.j.s.ServletContextHandler@410fc508{/static,jar:file:/root/.m2/repository/org/apache/hadoop/hadoop-hdds-container-service/0.5.0-SNAPSHOT/hadoop-hdds-container-service-0.5.0-SNAPSHOT.jar!/webapps/static,AVAILABLE}
2019-06-14 12:57:35,462 INFO  handler.ContextHandler (ContextHandler.java:doStart(781)) - Started o.e.j.w.WebAppContext@15a8cebd{/,file:///tmp/jetty-0.0.0.0-41095-hddsDatanode-_-any-610359906741536708.dir/webapp/,AVAILABLE}{/hddsDatanode}
2019-06-14 12:57:35,463 INFO  server.AbstractConnector (AbstractConnector.java:doStart(278)) - Started ServerConnector@3f6c2763{HTTP/1.1,[http/1.1]}{0.0.0.0:41095}
2019-06-14 12:57:35,464 INFO  server.Server (Server.java:doStart(419)) - Started @5159ms
2019-06-14 12:57:35,464 INFO  server.BaseHttpServer (BaseHttpServer.java:updateConnectorAddress(207)) - HTTP server of HDDSDATANODE is listening at http://0.0.0.0:41095
2019-06-14 12:57:35,555 INFO  ozone.HddsDatanodeService (HddsDatanodeService.java:startPlugins(396)) - Started plug-in org.apache.hadoop.ozone.web.OzoneHddsDatanodeService@25214797
2019-06-14 12:57:35,556 INFO  ozone.MiniOzoneClusterImpl (MiniOzoneClusterImpl.java:lambda$waitForClusterToBeReady$0(142)) - Waiting for cluster to be ready. Got 0 of 7 DN Heartbeats.
2019-06-14 12:57:35,557 INFO  util.JvmPauseMonitor (JvmPauseMonitor.java:run(188)) - Starting JVM pause monitor
2019-06-14 12:57:35,558 INFO  datanode.InitDatanodeState (InitDatanodeState.java:persistContainerDatanodeDetails(140)) - DatanodeDetails is persisted to /opt/src/hadoop-ozone/integration-test/target/test-dir/MiniOzoneClusterImpl-8f71f0c5-7266-46e3-a4ad-dbad200cc1ab/datanode-6/meta/datanode.id
2019-06-14 12:57:36,430 INFO  ozoneimpl.OzoneContainer (OzoneContainer.java:start(186)) - Attempting to start container services.
2019-06-14 12:57:36,431 INFO  ozoneimpl.OzoneContainer (OzoneContainer.java:startContainerScrub(160)) - Background container scrubber has been disabled by hdds.containerscrub.enabled
2019-06-14 12:57:36,431 INFO  ratis.XceiverServerRatis (XceiverServerRatis.java:start(418)) - Starting XceiverServerRatis 59b2e28b-d605-40ec-b234-d70deb4ca944 at port 41337
2019-06-14 12:57:36,460 INFO  impl.RaftServerProxy (RaftServerProxy.java:lambda$start$3(299)) - 59b2e28b-d605-40ec-b234-d70deb4ca944: start RPC server
2019-06-14 12:57:36,556 INFO  ozone.MiniOzoneClusterImpl (MiniOzoneClusterImpl.java:lambda$waitForClusterToBeReady$0(142)) - Waiting for cluster to be ready. Got 0 of 7 DN Heartbeats.
2019-06-14 12:57:36,573 INFO  server.GrpcService (GrpcService.java:startImpl(148)) - 59b2e28b-d605-40ec-b234-d70deb4ca944: GrpcService started, listening on 0.0.0.0/0.0.0.0:41337
2019-06-14 12:57:36,622 INFO  ozoneimpl.OzoneContainer (OzoneContainer.java:start(186)) - Attempting to start container services.
2019-06-14 12:57:36,623 INFO  ozoneimpl.OzoneContainer (OzoneContainer.java:startContainerScrub(160)) - Background container scrubber has been disabled by hdds.containerscrub.enabled
2019-06-14 12:57:36,623 INFO  ratis.XceiverServerRatis (XceiverServerRatis.java:start(418)) - Starting XceiverServerRatis 66b80c93-0ab3-4023-a707-31d05c35f4f9 at port 45149
2019-06-14 12:57:36,628 INFO  impl.RaftServerProxy (RaftServerProxy.java:lambda$start$3(299)) - 66b80c93-0ab3-4023-a707-31d05c35f4f9: start RPC server
2019-06-14 12:57:36,630 INFO  server.GrpcService (GrpcService.java:startImpl(148)) - 66b80c93-0ab3-4023-a707-31d05c35f4f9: GrpcService started, listening on 0.0.0.0/0.0.0.0:45149
2019-06-14 12:57:36,847 INFO  ozoneimpl.OzoneContainer (OzoneContainer.java:start(186)) - Attempting to start container services.
2019-06-14 12:57:36,848 INFO  ozoneimpl.OzoneContainer (OzoneContainer.java:startContainerScrub(160)) - Background container scrubber has been disabled by hdds.containerscrub.enabled
2019-06-14 12:57:36,848 INFO  ratis.XceiverServerRatis (XceiverServerRatis.java:start(418)) - Starting XceiverServerRatis afed55df-cba2-4484-9274-c4582ece225f at port 46035
2019-06-14 12:57:36,853 INFO  impl.RaftServerProxy (RaftServerProxy.java:lambda$start$3(299)) - afed55df-cba2-4484-9274-c4582ece225f: start RPC server
2019-06-14 12:57:36,854 INFO  server.GrpcService (GrpcService.java:startImpl(148)) - afed55df-cba2-4484-9274-c4582ece225f: GrpcService started, listening on 0.0.0.0/0.0.0.0:46035
2019-06-14 12:57:37,063 INFO  ozoneimpl.OzoneContainer (OzoneContainer.java:start(186)) - Attempting to start container services.
2019-06-14 12:57:37,065 INFO  ozoneimpl.OzoneContainer (OzoneContainer.java:startContainerScrub(160)) - Background container scrubber has been disabled by hdds.containerscrub.enabled
2019-06-14 12:57:37,065 INFO  ratis.XceiverServerRatis (XceiverServerRatis.java:start(418)) - Starting XceiverServerRatis e10c7bf3-8b67-44d1-9522-fab3ef1763d7 at port 37483
2019-06-14 12:57:37,071 INFO  impl.RaftServerProxy (RaftServerProxy.java:lambda$start$3(299)) - e10c7bf3-8b67-44d1-9522-fab3ef1763d7: start RPC server
2019-06-14 12:57:37,073 INFO  server.GrpcService (GrpcService.java:startImpl(148)) - e10c7bf3-8b67-44d1-9522-fab3ef1763d7: GrpcService started, listening on 0.0.0.0/0.0.0.0:37483
2019-06-14 12:57:37,211 INFO  ozoneimpl.OzoneContainer (OzoneContainer.java:start(186)) - Attempting to start container services.
2019-06-14 12:57:37,212 INFO  ozoneimpl.OzoneContainer (OzoneContainer.java:startContainerScrub(160)) - Background container scrubber has been disabled by hdds.containerscrub.enabled
2019-06-14 12:57:37,212 INFO  ratis.XceiverServerRatis (XceiverServerRatis.java:start(418)) - Starting XceiverServerRatis 8e792b7f-a9eb-46d4-998c-7df3baa65481 at port 41863
2019-06-14 12:57:37,217 INFO  impl.RaftServerProxy (RaftServerProxy.java:lambda$start$3(299)) - 8e792b7f-a9eb-46d4-998c-7df3baa65481: start RPC server
2019-06-14 12:57:37,219 INFO  server.GrpcService (GrpcService.java:startImpl(148)) - 8e792b7f-a9eb-46d4-998c-7df3baa65481: GrpcService started, listening on 0.0.0.0/0.0.0.0:41863
2019-06-14 12:57:37,408 INFO  ozoneimpl.OzoneContainer (OzoneContainer.java:start(186)) - Attempting to start container services.
2019-06-14 12:57:37,410 INFO  ozoneimpl.OzoneContainer (OzoneContainer.java:startContainerScrub(160)) - Background container scrubber has been disabled by hdds.containerscrub.enabled
2019-06-14 12:57:37,410 INFO  ratis.XceiverServerRatis (XceiverServerRatis.java:start(418)) - Starting XceiverServerRatis c8e4d783-8046-486a-9184-a89f3528cc10 at port 40275
2019-06-14 12:57:37,420 INFO  impl.RaftServerProxy (RaftServerProxy.java:lambda$start$3(299)) - c8e4d783-8046-486a-9184-a89f3528cc10: start RPC server
2019-06-14 12:57:37,422 INFO  server.GrpcService (GrpcService.java:startImpl(148)) - c8e4d783-8046-486a-9184-a89f3528cc10: GrpcService started, listening on 0.0.0.0/0.0.0.0:40275
2019-06-14 12:57:37,558 INFO  ozone.MiniOzoneClusterImpl (MiniOzoneClusterImpl.java:lambda$waitForClusterToBeReady$0(142)) - Waiting for cluster to be ready. Got 0 of 7 DN Heartbeats.
2019-06-14 12:57:37,560 INFO  ozoneimpl.OzoneContainer (OzoneContainer.java:start(186)) - Attempting to start container services.
2019-06-14 12:57:37,562 INFO  ozoneimpl.OzoneContainer (OzoneContainer.java:startContainerScrub(160)) - Background container scrubber has been disabled by hdds.containerscrub.enabled
2019-06-14 12:57:37,562 INFO  ratis.XceiverServerRatis (XceiverServerRatis.java:start(418)) - Starting XceiverServerRatis 8c02777f-3606-47ab-8894-6d2fdac67faa at port 45617
2019-06-14 12:57:37,567 INFO  impl.RaftServerProxy (RaftServerProxy.java:lambda$start$3(299)) - 8c02777f-3606-47ab-8894-6d2fdac67faa: start RPC server
2019-06-14 12:57:37,569 INFO  server.GrpcService (GrpcService.java:startImpl(148)) - 8c02777f-3606-47ab-8894-6d2fdac67faa: GrpcService started, listening on 0.0.0.0/0.0.0.0:45617
2019-06-14 12:57:38,426 INFO  node.SCMNodeManager (SCMNodeManager.java:register(234)) - Registered Data node : 59b2e28b-d605-40ec-b234-d70deb4ca944{ip: 192.168.134.78, host: ozone-8z6qt-916494304, networkLocation: /default-rack, certSerialId: null}
2019-06-14 12:57:38,430 INFO  safemode.SCMSafeModeManager (DataNodeSafeModeRule.java:process(71)) - SCM in safe mode. 1 DataNodes registered, 1 required.
2019-06-14 12:57:38,434 INFO  safemode.SCMSafeModeManager (SCMSafeModeManager.java:validateSafeModeExitRules(177)) - ScmSafeModeManager, all rules are successfully validated
2019-06-14 12:57:38,434 INFO  safemode.SCMSafeModeManager (SCMSafeModeManager.java:exitSafeMode(193)) - SCM exiting safe mode.
2019-06-14 12:57:38,558 INFO  ozone.MiniOzoneClusterImpl (MiniOzoneClusterImpl.java:lambda$waitForClusterToBeReady$0(142)) - Waiting for cluster to be ready. Got 1 of 7 DN Heartbeats.
2019-06-14 12:57:38,620 INFO  node.SCMNodeManager (SCMNodeManager.java:register(234)) - Registered Data node : 66b80c93-0ab3-4023-a707-31d05c35f4f9{ip: 192.168.134.78, host: ozone-8z6qt-916494304, networkLocation: /default-rack, certSerialId: null}
2019-06-14 12:57:38,765 INFO  impl.RaftServerProxy (RaftServerProxy.java:addNew(89)) - 59b2e28b-d605-40ec-b234-d70deb4ca944: addNew group-954A2063EAD1:[59b2e28b-d605-40ec-b234-d70deb4ca944:192.168.134.78:41337] returns group-954A2063EAD1:java.util.concurrent.CompletableFuture@1f3bd4cb[Not completed]
2019-06-14 12:57:38,770 INFO  impl.RaftServerImpl (RaftServerImpl.java:<init>(91)) - 59b2e28b-d605-40ec-b234-d70deb4ca944: new RaftServerImpl for group-954A2063EAD1:[59b2e28b-d605-40ec-b234-d70deb4ca944:192.168.134.78:41337] with ContainerStateMachine:uninitialized
2019-06-14 12:57:38,771 INFO  server.RaftServerConfigKeys (ConfUtils.java:logGet(43)) - raft.server.rpc.timeout.min = 1s (custom)
2019-06-14 12:57:38,771 INFO  server.RaftServerConfigKeys (ConfUtils.java:logGet(43)) - raft.server.rpc.timeout.max = 1200ms (custom)
2019-06-14 12:57:38,771 INFO  server.RaftServerConfigKeys (ConfUtils.java:logGet(43)) - raft.server.rpcslowness.timeout = 120s (custom)
2019-06-14 12:57:38,772 INFO  server.RaftServerConfigKeys (ConfUtils.java:logGet(43)) - raft.server.log.appender.install.snapshot.enabled = true (default)
2019-06-14 12:57:38,778 INFO  impl.RaftServerImpl (ServerState.java:<init>(101)) - 59b2e28b-d605-40ec-b234-d70deb4ca944:group-954A2063EAD1 ConfigurationManager, init=-1: [59b2e28b-d605-40ec-b234-d70deb4ca944:192.168.134.78:41337], old=null, confs=<EMPTY_MAP>
2019-06-14 12:57:38,778 INFO  server.RaftServerConfigKeys (ConfUtils.java:logGet(43)) - raft.server.storage.dir = [/opt/src/hadoop-ozone/integration-test/target/test-dir/MiniOzoneClusterImpl-8f71f0c5-7266-46e3-a4ad-dbad200cc1ab/datanode-0/data/ratis] (custom)
2019-06-14 12:57:38,783 INFO  storage.RaftStorageDirectory (RaftStorageDirectory.java:analyzeStorage(246)) - The storage directory /opt/src/hadoop-ozone/integration-test/target/test-dir/MiniOzoneClusterImpl-8f71f0c5-7266-46e3-a4ad-dbad200cc1ab/datanode-0/data/ratis/e5ddb8fc-beb7-405d-b1c5-954a2063ead1 does not exist. Creating ...
2019-06-14 12:57:38,787 INFO  storage.RaftStorageDirectory (RaftStorageDirectory.java:tryLock(328)) - Lock on /opt/src/hadoop-ozone/integration-test/target/test-dir/MiniOzoneClusterImpl-8f71f0c5-7266-46e3-a4ad-dbad200cc1ab/datanode-0/data/ratis/e5ddb8fc-beb7-405d-b1c5-954a2063ead1/in_use.lock acquired by nodename 12504@ozone-8z6qt-916494304
2019-06-14 12:57:38,791 INFO  storage.RaftStorage (RaftStorage.java:format(75)) - Storage directory /opt/src/hadoop-ozone/integration-test/target/test-dir/MiniOzoneClusterImpl-8f71f0c5-7266-46e3-a4ad-dbad200cc1ab/datanode-0/data/ratis/e5ddb8fc-beb7-405d-b1c5-954a2063ead1 has been successfully formatted.
2019-06-14 12:57:38,792 INFO  ratis.ContainerStateMachine (ContainerStateMachine.java:loadSnapshot(199)) - The snapshot info is null.Setting the last applied index to:(t:0, i:~)
2019-06-14 12:57:38,793 INFO  server.RaftServerConfigKeys (ConfUtils.java:logGet(43)) - raft.server.leader.election.timeout = 120s (custom)
2019-06-14 12:57:38,794 INFO  server.RaftServerConfigKeys (ConfUtils.java:logGet(43)) - raft.server.log.use.memory = false (default)
2019-06-14 12:57:38,795 INFO  server.RaftServerConfigKeys (ConfUtils.java:logGet(43)) - raft.server.log.appender.buffer.byte-limit = 33554432 (custom)
2019-06-14 12:57:38,798 INFO  server.RaftServerConfigKeys (ConfUtils.java:logGet(43)) - raft.server.log.segment.size.max = 16384 (custom)
2019-06-14 12:57:38,944 INFO  node.SCMNodeManager (SCMNodeManager.java:register(234)) - Registered Data node : afed55df-cba2-4484-9274-c4582ece225f{ip: 192.168.134.78, host: ozone-8z6qt-916494304, networkLocation: /default-rack, certSerialId: null}
2019-06-14 12:57:38,945 INFO  server.RaftServerConfigKeys (ConfUtils.java:logGet(43)) - raft.server.log.segment.cache.num.max = 2 (custom)
2019-06-14 12:57:38,948 INFO  storage.RaftLogWorker (RaftLogWorker.java:<init>(123)) - new 59b2e28b-d605-40ec-b234-d70deb4ca944-RaftLogWorker for Storage Directory /opt/src/hadoop-ozone/integration-test/target/test-dir/MiniOzoneClusterImpl-8f71f0c5-7266-46e3-a4ad-dbad200cc1ab/datanode-0/data/ratis/e5ddb8fc-beb7-405d-b1c5-954a2063ead1
2019-06-14 12:57:38,948 INFO  server.RaftServerConfigKeys (ConfUtils.java:logGet(43)) - raft.server.log.queue.byte-limit = 2147483647 (custom)
2019-06-14 12:57:38,948 INFO  server.RaftServerConfigKeys (ConfUtils.java:logGet(43)) - raft.server.log.queue.element-limit = 1024 (custom)
2019-06-14 12:57:38,950 INFO  server.RaftServerConfigKeys (ConfUtils.java:logGet(43)) - raft.server.log.segment.size.max = 16384 (custom)
2019-06-14 12:57:38,950 INFO  server.RaftServerConfigKeys (ConfUtils.java:logGet(43)) - raft.server.log.preallocated.size = 16384 (custom)
2019-06-14 12:57:38,950 INFO  server.RaftServerConfigKeys (ConfUtils.java:logGet(43)) - raft.server.log.write.buffer.size = 33554432 (custom)
2019-06-14 12:57:38,951 INFO  server.RaftServerConfigKeys (ConfUtils.java:logGet(43)) - raft.server.log.force.sync.num = 128 (default)
2019-06-14 12:57:38,952 INFO  server.RaftServerConfigKeys (ConfUtils.java:logGet(43)) - raft.server.log.statemachine.data.sync = true (default)
2019-06-14 12:57:38,952 INFO  server.RaftServerConfigKeys (ConfUtils.java:logGet(43)) - raft.server.log.statemachine.data.sync.timeout = 10s (default)
2019-06-14 12:57:38,952 INFO  server.RaftServerConfigKeys (ConfUtils.java:logGet(43)) - raft.server.log.statemachine.data.sync.timeout.retry = -1 (default)
2019-06-14 12:57:38,954 INFO  server.RaftServerConfigKeys (ConfUtils.java:logGet(43)) - raft.server.log.statemachine.data.caching.enabled = true (custom)
2019-06-14 12:57:38,958 INFO  server.RaftServerConfigKeys (ConfUtils.java:logGet(43)) - raft.server.snapshot.auto.trigger.enabled = true (custom)
2019-06-14 12:57:38,959 INFO  server.RaftServerConfigKeys (ConfUtils.java:logGet(43)) - raft.server.snapshot.auto.trigger.threshold = 10000 (custom)
2019-06-14 12:57:38,959 INFO  server.RaftServerConfigKeys (ConfUtils.java:logGet(43)) - raft.server.retrycache.expirytime = 600000ms (custom)
2019-06-14 12:57:38,973 INFO  impl.RaftServerImpl (RaftServerImpl.java:start(173)) - 59b2e28b-d605-40ec-b234-d70deb4ca944: start group-954A2063EAD1
2019-06-14 12:57:38,973 INFO  impl.RaftServerImpl (RaftServerImpl.java:setRole(164)) - 59b2e28b-d605-40ec-b234-d70deb4ca944:group-954A2063EAD1 changes role from null to FOLLOWER at term 0 for startAsFollower
2019-06-14 12:57:38,974 INFO  impl.RoleInfo (RoleInfo.java:updateAndGet(143)) - 59b2e28b-d605-40ec-b234-d70deb4ca944: start FollowerState
2019-06-14 12:57:38,975 INFO  util.JmxRegister (JmxRegister.java:tryRegister(44)) - Successfully registered JMX Bean with object name Ratis:service=RaftServer,group=group-954A2063EAD1,id=59b2e28b-d605-40ec-b234-d70deb4ca944
2019-06-14 12:57:39,018 INFO  pipeline.PipelineStateManager (PipelineStateManager.java:addPipeline(56)) - Created pipeline Pipeline[ Id: e5ddb8fc-beb7-405d-b1c5-954a2063ead1, Nodes: 59b2e28b-d605-40ec-b234-d70deb4ca944{ip: 192.168.134.78, host: ozone-8z6qt-916494304, networkLocation: /default-rack, certSerialId: null}, Type:RATIS, Factor:ONE, State:OPEN]
2019-06-14 12:57:39,038 INFO  impl.RaftServerProxy (RaftServerProxy.java:addNew(89)) - 66b80c93-0ab3-4023-a707-31d05c35f4f9: addNew group-449A784F0055:[66b80c93-0ab3-4023-a707-31d05c35f4f9:192.168.134.78:45149] returns group-449A784F0055:java.util.concurrent.CompletableFuture@159575c0[Not completed]
2019-06-14 12:57:39,041 INFO  impl.RaftServerImpl (RaftServerImpl.java:<init>(91)) - 66b80c93-0ab3-4023-a707-31d05c35f4f9: new RaftServerImpl for group-449A784F0055:[66b80c93-0ab3-4023-a707-31d05c35f4f9:192.168.134.78:45149] with ContainerStateMachine:uninitialized
2019-06-14 12:57:39,042 INFO  server.RaftServerConfigKeys (ConfUtils.java:logGet(43)) - raft.server.rpc.timeout.min = 1s (custom)
2019-06-14 12:57:39,042 INFO  server.RaftServerConfigKeys (ConfUtils.java:logGet(43)) - raft.server.rpc.timeout.max = 1200ms (custom)
2019-06-14 12:57:39,042 INFO  server.RaftServerConfigKeys (ConfUtils.java:logGet(43)) - raft.server.rpcslowness.timeout = 120s (custom)
2019-06-14 12:57:39,042 INFO  server.RaftServerConfigKeys (ConfUtils.java:logGet(43)) - raft.server.log.appender.install.snapshot.enabled = true (default)
2019-06-14 12:57:39,042 INFO  impl.RaftServerImpl (ServerState.java:<init>(101)) - 66b80c93-0ab3-4023-a707-31d05c35f4f9:group-449A784F0055 ConfigurationManager, init=-1: [66b80c93-0ab3-4023-a707-31d05c35f4f9:192.168.134.78:45149], old=null, confs=<EMPTY_MAP>
2019-06-14 12:57:39,043 INFO  server.RaftServerConfigKeys (ConfUtils.java:logGet(43)) - raft.server.storage.dir = [/opt/src/hadoop-ozone/integration-test/target/test-dir/MiniOzoneClusterImpl-8f71f0c5-7266-46e3-a4ad-dbad200cc1ab/datanode-1/data/ratis] (custom)
2019-06-14 12:57:39,043 INFO  storage.RaftStorageDirectory (RaftStorageDirectory.java:analyzeStorage(246)) - The storage directory /opt/src/hadoop-ozone/integration-test/target/test-dir/MiniOzoneClusterImpl-8f71f0c5-7266-46e3-a4ad-dbad200cc1ab/datanode-1/data/ratis/9d6d7260-8a6e-4c2e-a24e-449a784f0055 does not exist. Creating ...
2019-06-14 12:57:39,045 INFO  storage.RaftStorageDirectory (RaftStorageDirectory.java:tryLock(328)) - Lock on /opt/src/hadoop-ozone/integration-test/target/test-dir/MiniOzoneClusterImpl-8f71f0c5-7266-46e3-a4ad-dbad200cc1ab/datanode-1/data/ratis/9d6d7260-8a6e-4c2e-a24e-449a784f0055/in_use.lock acquired by nodename 12504@ozone-8z6qt-916494304
2019-06-14 12:57:39,047 INFO  storage.RaftStorage (RaftStorage.java:format(75)) - Storage directory /opt/src/hadoop-ozone/integration-test/target/test-dir/MiniOzoneClusterImpl-8f71f0c5-7266-46e3-a4ad-dbad200cc1ab/datanode-1/data/ratis/9d6d7260-8a6e-4c2e-a24e-449a784f0055 has been successfully formatted.
2019-06-14 12:57:39,047 INFO  ratis.ContainerStateMachine (ContainerStateMachine.java:loadSnapshot(199)) - The snapshot info is null.Setting the last applied index to:(t:0, i:~)
2019-06-14 12:57:39,047 INFO  server.RaftServerConfigKeys (ConfUtils.java:logGet(43)) - raft.server.leader.election.timeout = 120s (custom)
2019-06-14 12:57:39,047 INFO  server.RaftServerConfigKeys (ConfUtils.java:logGet(43)) - raft.server.log.use.memory = false (default)
2019-06-14 12:57:39,047 INFO  server.RaftServerConfigKeys (ConfUtils.java:logGet(43)) - raft.server.log.appender.buffer.byte-limit = 33554432 (custom)
2019-06-14 12:57:39,048 INFO  server.RaftServerConfigKeys (ConfUtils.java:logGet(43)) - raft.server.log.segment.size.max = 16384 (custom)
2019-06-14 12:57:39,048 INFO  server.RaftServerConfigKeys (ConfUtils.java:logGet(43)) - raft.server.log.segment.cache.num.max = 2 (custom)
2019-06-14 12:57:39,048 INFO  storage.RaftLogWorker (RaftLogWorker.java:<init>(123)) - new 66b80c93-0ab3-4023-a707-31d05c35f4f9-RaftLogWorker for Storage Directory /opt/src/hadoop-ozone/integration-test/target/test-dir/MiniOzoneClusterImpl-8f71f0c5-7266-46e3-a4ad-dbad200cc1ab/datanode-1/data/ratis/9d6d7260-8a6e-4c2e-a24e-449a784f0055
2019-06-14 12:57:39,049 INFO  server.RaftServerConfigKeys (ConfUtils.java:logGet(43)) - raft.server.log.queue.byte-limit = 2147483647 (custom)
2019-06-14 12:57:39,049 INFO  server.RaftServerConfigKeys (ConfUtils.java:logGet(43)) - raft.server.log.queue.element-limit = 1024 (custom)
2019-06-14 12:57:39,049 INFO  server.RaftServerConfigKeys (ConfUtils.java:logGet(43)) - raft.server.log.segment.size.max = 16384 (custom)
2019-06-14 12:57:39,049 INFO  server.RaftServerConfigKeys (ConfUtils.java:logGet(43)) - raft.server.log.preallocated.size = 16384 (custom)
2019-06-14 12:57:39,049 INFO  server.RaftServerConfigKeys (ConfUtils.java:logGet(43)) - raft.server.log.write.buffer.size = 33554432 (custom)
2019-06-14 12:57:39,049 INFO  server.RaftServerConfigKeys (ConfUtils.java:logGet(43)) - raft.server.log.force.sync.num = 128 (default)
2019-06-14 12:57:39,049 INFO  server.RaftServerConfigKeys (ConfUtils.java:logGet(43)) - raft.server.log.statemachine.data.sync = true (default)
2019-06-14 12:57:39,049 INFO  server.RaftServerConfigKeys (ConfUtils.java:logGet(43)) - raft.server.log.statemachine.data.sync.timeout = 10s (default)
2019-06-14 12:57:39,049 INFO  server.RaftServerConfigKeys (ConfUtils.java:logGet(43)) - raft.server.log.statemachine.data.sync.timeout.retry = -1 (default)
2019-06-14 12:57:39,049 INFO  server.RaftServerConfigKeys (ConfUtils.java:logGet(43)) - raft.server.log.statemachine.data.caching.enabled = true (custom)
2019-06-14 12:57:39,050 INFO  server.RaftServerConfigKeys (ConfUtils.java:logGet(43)) - raft.server.snapshot.auto.trigger.enabled = true (custom)
2019-06-14 12:57:39,050 INFO  server.RaftServerConfigKeys (ConfUtils.java:logGet(43)) - raft.server.snapshot.auto.trigger.threshold = 10000 (custom)
2019-06-14 12:57:39,050 INFO  server.RaftServerConfigKeys (ConfUtils.java:logGet(43)) - raft.server.retrycache.expirytime = 600000ms (custom)
2019-06-14 12:57:39,050 INFO  impl.RaftServerImpl (RaftServerImpl.java:start(173)) - 66b80c93-0ab3-4023-a707-31d05c35f4f9: start group-449A784F0055
2019-06-14 12:57:39,050 INFO  impl.RaftServerImpl (RaftServerImpl.java:setRole(164)) - 66b80c93-0ab3-4023-a707-31d05c35f4f9:group-449A784F0055 changes role from null to FOLLOWER at term 0 for startAsFollower
2019-06-14 12:57:39,050 INFO  impl.RoleInfo (RoleInfo.java:updateAndGet(143)) - 66b80c93-0ab3-4023-a707-31d05c35f4f9: start FollowerState
2019-06-14 12:57:39,051 INFO  util.JmxRegister (JmxRegister.java:tryRegister(44)) - Successfully registered JMX Bean with object name Ratis:service=RaftServer,group=group-449A784F0055,id=66b80c93-0ab3-4023-a707-31d05c35f4f9
2019-06-14 12:57:39,061 INFO  pipeline.PipelineStateManager (PipelineStateManager.java:addPipeline(56)) - Created pipeline Pipeline[ Id: 9d6d7260-8a6e-4c2e-a24e-449a784f0055, Nodes: 66b80c93-0ab3-4023-a707-31d05c35f4f9{ip: 192.168.134.78, host: ozone-8z6qt-916494304, networkLocation: /default-rack, certSerialId: null}, Type:RATIS, Factor:ONE, State:OPEN]
2019-06-14 12:57:39,065 INFO  node.SCMNodeManager (SCMNodeManager.java:register(234)) - Registered Data node : e10c7bf3-8b67-44d1-9522-fab3ef1763d7{ip: 192.168.134.78, host: ozone-8z6qt-916494304, networkLocation: /default-rack, certSerialId: null}
2019-06-14 12:57:39,080 INFO  impl.RaftServerProxy (RaftServerProxy.java:addNew(89)) - afed55df-cba2-4484-9274-c4582ece225f: addNew group-245CA1ABCF6F:[afed55df-cba2-4484-9274-c4582ece225f:192.168.134.78:46035] returns group-245CA1ABCF6F:java.util.concurrent.CompletableFuture@25327499[Not completed]
2019-06-14 12:57:39,115 INFO  impl.RaftServerImpl (RaftServerImpl.java:<init>(91)) - afed55df-cba2-4484-9274-c4582ece225f: new RaftServerImpl for group-245CA1ABCF6F:[afed55df-cba2-4484-9274-c4582ece225f:192.168.134.78:46035] with ContainerStateMachine:uninitialized
2019-06-14 12:57:39,115 INFO  server.RaftServerConfigKeys (ConfUtils.java:logGet(43)) - raft.server.rpc.timeout.min = 1s (custom)
2019-06-14 12:57:39,115 INFO  server.RaftServerConfigKeys (ConfUtils.java:logGet(43)) - raft.server.rpc.timeout.max = 1200ms (custom)
2019-06-14 12:57:39,115 INFO  server.RaftServerConfigKeys (ConfUtils.java:logGet(43)) - raft.server.rpcslowness.timeout = 120s (custom)
2019-06-14 12:57:39,115 INFO  server.RaftServerConfigKeys (ConfUtils.java:logGet(43)) - raft.server.log.appender.install.snapshot.enabled = true (default)
2019-06-14 12:57:39,116 INFO  impl.RaftServerImpl (ServerState.java:<init>(101)) - afed55df-cba2-4484-9274-c4582ece225f:group-245CA1ABCF6F ConfigurationManager, init=-1: [afed55df-cba2-4484-9274-c4582ece225f:192.168.134.78:46035], old=null, confs=<EMPTY_MAP>
2019-06-14 12:57:39,116 INFO  server.RaftServerConfigKeys (ConfUtils.java:logGet(43)) - raft.server.storage.dir = [/opt/src/hadoop-ozone/integration-test/target/test-dir/MiniOzoneClusterImpl-8f71f0c5-7266-46e3-a4ad-dbad200cc1ab/datanode-2/data/ratis] (custom)
2019-06-14 12:57:39,116 INFO  storage.RaftStorageDirectory (RaftStorageDirectory.java:analyzeStorage(246)) - The storage directory /opt/src/hadoop-ozone/integration-test/target/test-dir/MiniOzoneClusterImpl-8f71f0c5-7266-46e3-a4ad-dbad200cc1ab/datanode-2/data/ratis/5a134915-5f4b-4356-9c9f-245ca1abcf6f does not exist. Creating ...
2019-06-14 12:57:39,119 INFO  storage.RaftStorageDirectory (RaftStorageDirectory.java:tryLock(328)) - Lock on /opt/src/hadoop-ozone/integration-test/target/test-dir/MiniOzoneClusterImpl-8f71f0c5-7266-46e3-a4ad-dbad200cc1ab/datanode-2/data/ratis/5a134915-5f4b-4356-9c9f-245ca1abcf6f/in_use.lock acquired by nodename 12504@ozone-8z6qt-916494304
2019-06-14 12:57:39,121 INFO  storage.RaftStorage (RaftStorage.java:format(75)) - Storage directory /opt/src/hadoop-ozone/integration-test/target/test-dir/MiniOzoneClusterImpl-8f71f0c5-7266-46e3-a4ad-dbad200cc1ab/datanode-2/data/ratis/5a134915-5f4b-4356-9c9f-245ca1abcf6f has been successfully formatted.
2019-06-14 12:57:39,122 INFO  ratis.ContainerStateMachine (ContainerStateMachine.java:loadSnapshot(199)) - The snapshot info is null.Setting the last applied index to:(t:0, i:~)
2019-06-14 12:57:39,123 INFO  server.RaftServerConfigKeys (ConfUtils.java:logGet(43)) - raft.server.leader.election.timeout = 120s (custom)
2019-06-14 12:57:39,123 INFO  server.RaftServerConfigKeys (ConfUtils.java:logGet(43)) - raft.server.log.use.memory = false (default)
2019-06-14 12:57:39,123 INFO  server.RaftServerConfigKeys (ConfUtils.java:logGet(43)) - raft.server.log.appender.buffer.byte-limit = 33554432 (custom)
2019-06-14 12:57:39,123 INFO  server.RaftServerConfigKeys (ConfUtils.java:logGet(43)) - raft.server.log.segment.size.max = 16384 (custom)
2019-06-14 12:57:39,123 INFO  server.RaftServerConfigKeys (ConfUtils.java:logGet(43)) - raft.server.log.segment.cache.num.max = 2 (custom)
2019-06-14 12:57:39,123 INFO  storage.RaftLogWorker (RaftLogWorker.java:<init>(123)) - new afed55df-cba2-4484-9274-c4582ece225f-RaftLogWorker for Storage Directory /opt/src/hadoop-ozone/integration-test/target/test-dir/MiniOzoneClusterImpl-8f71f0c5-7266-46e3-a4ad-dbad200cc1ab/datanode-2/data/ratis/5a134915-5f4b-4356-9c9f-245ca1abcf6f
2019-06-14 12:57:39,123 INFO  server.RaftServerConfigKeys (ConfUtils.java:logGet(43)) - raft.server.log.queue.byte-limit = 2147483647 (custom)
2019-06-14 12:57:39,123 INFO  server.RaftServerConfigKeys (ConfUtils.java:logGet(43)) - raft.server.log.queue.element-limit = 1024 (custom)
2019-06-14 12:57:39,124 INFO  server.RaftServerConfigKeys (ConfUtils.java:logGet(43)) - raft.server.log.segment.size.max = 16384 (custom)
2019-06-14 12:57:39,124 INFO  server.RaftServerConfigKeys (ConfUtils.java:logGet(43)) - raft.server.log.preallocated.size = 16384 (custom)
2019-06-14 12:57:39,124 INFO  server.RaftServerConfigKeys (ConfUtils.java:logGet(43)) - raft.server.log.write.buffer.size = 33554432 (custom)
2019-06-14 12:57:39,124 INFO  server.RaftServerConfigKeys (ConfUtils.java:logGet(43)) - raft.server.log.force.sync.num = 128 (default)
2019-06-14 12:57:39,124 INFO  server.RaftServerConfigKeys (ConfUtils.java:logGet(43)) - raft.server.log.statemachine.data.sync = true (default)
2019-06-14 12:57:39,124 INFO  server.RaftServerConfigKeys (ConfUtils.java:logGet(43)) - raft.server.log.statemachine.data.sync.timeout = 10s (default)
2019-06-14 12:57:39,124 INFO  server.RaftServerConfigKeys (ConfUtils.java:logGet(43)) - raft.server.log.statemachine.data.sync.timeout.retry = -1 (default)
2019-06-14 12:57:39,124 INFO  server.RaftServerConfigKeys (ConfUtils.java:logGet(43)) - raft.server.log.statemachine.data.caching.enabled = true (custom)
2019-06-14 12:57:39,124 INFO  server.RaftServerConfigKeys (ConfUtils.java:logGet(43)) - raft.server.snapshot.auto.trigger.enabled = true (custom)
2019-06-14 12:57:39,125 INFO  server.RaftServerConfigKeys (ConfUtils.java:logGet(43)) - raft.server.snapshot.auto.trigger.threshold = 10000 (custom)
2019-06-14 12:57:39,125 INFO  server.RaftServerConfigKeys (ConfUtils.java:logGet(43)) - raft.server.retrycache.expirytime = 600000ms (custom)
2019-06-14 12:57:39,125 INFO  impl.RaftServerImpl (RaftServerImpl.java:start(173)) - afed55df-cba2-4484-9274-c4582ece225f: start group-245CA1ABCF6F
2019-06-14 12:57:39,125 INFO  impl.RaftServerImpl (RaftServerImpl.java:setRole(164)) - afed55df-cba2-4484-9274-c4582ece225f:group-245CA1ABCF6F changes role from null to FOLLOWER at term 0 for startAsFollower
2019-06-14 12:57:39,125 INFO  impl.RoleInfo (RoleInfo.java:updateAndGet(143)) - afed55df-cba2-4484-9274-c4582ece225f: start FollowerState
2019-06-14 12:57:39,125 INFO  util.JmxRegister (JmxRegister.java:tryRegister(44)) - Successfully registered JMX Bean with object name Ratis:service=RaftServer,group=group-245CA1ABCF6F,id=afed55df-cba2-4484-9274-c4582ece225f
2019-06-14 12:57:39,135 INFO  pipeline.PipelineStateManager (PipelineStateManager.java:addPipeline(56)) - Created pipeline Pipeline[ Id: 5a134915-5f4b-4356-9c9f-245ca1abcf6f, Nodes: afed55df-cba2-4484-9274-c4582ece225f{ip: 192.168.134.78, host: ozone-8z6qt-916494304, networkLocation: /default-rack, certSerialId: null}, Type:RATIS, Factor:ONE, State:OPEN]
2019-06-14 12:57:39,151 INFO  impl.RaftServerProxy (RaftServerProxy.java:addNew(89)) - e10c7bf3-8b67-44d1-9522-fab3ef1763d7: addNew group-7E616871EE18:[e10c7bf3-8b67-44d1-9522-fab3ef1763d7:192.168.134.78:37483] returns group-7E616871EE18:java.util.concurrent.CompletableFuture@2b6c937b[Not completed]
2019-06-14 12:57:39,155 INFO  impl.RaftServerImpl (RaftServerImpl.java:<init>(91)) - e10c7bf3-8b67-44d1-9522-fab3ef1763d7: new RaftServerImpl for group-7E616871EE18:[e10c7bf3-8b67-44d1-9522-fab3ef1763d7:192.168.134.78:37483] with ContainerStateMachine:uninitialized
2019-06-14 12:57:39,155 INFO  server.RaftServerConfigKeys (ConfUtils.java:logGet(43)) - raft.server.rpc.timeout.min = 1s (custom)
2019-06-14 12:57:39,155 INFO  server.RaftServerConfigKeys (ConfUtils.java:logGet(43)) - raft.server.rpc.timeout.max = 1200ms (custom)
2019-06-14 12:57:39,156 INFO  server.RaftServerConfigKeys (ConfUtils.java:logGet(43)) - raft.server.rpcslowness.timeout = 120s (custom)
2019-06-14 12:57:39,156 INFO  server.RaftServerConfigKeys (ConfUtils.java:logGet(43)) - raft.server.log.appender.install.snapshot.enabled = true (default)
2019-06-14 12:57:39,156 INFO  impl.RaftServerImpl (ServerState.java:<init>(101)) - e10c7bf3-8b67-44d1-9522-fab3ef1763d7:group-7E616871EE18 ConfigurationManager, init=-1: [e10c7bf3-8b67-44d1-9522-fab3ef1763d7:192.168.134.78:37483], old=null, confs=<EMPTY_MAP>
2019-06-14 12:57:39,156 INFO  server.RaftServerConfigKeys (ConfUtils.java:logGet(43)) - raft.server.storage.dir = [/opt/src/hadoop-ozone/integration-test/target/test-dir/MiniOzoneClusterImpl-8f71f0c5-7266-46e3-a4ad-dbad200cc1ab/datanode-3/data/ratis] (custom)
2019-06-14 12:57:39,156 INFO  storage.RaftStorageDirectory (RaftStorageDirectory.java:analyzeStorage(246)) - The storage directory /opt/src/hadoop-ozone/integration-test/target/test-dir/MiniOzoneClusterImpl-8f71f0c5-7266-46e3-a4ad-dbad200cc1ab/datanode-3/data/ratis/a7898a76-1344-42f1-9051-7e616871ee18 does not exist. Creating ...
2019-06-14 12:57:39,159 INFO  storage.RaftStorageDirectory (RaftStorageDirectory.java:tryLock(328)) - Lock on /opt/src/hadoop-ozone/integration-test/target/test-dir/MiniOzoneClusterImpl-8f71f0c5-7266-46e3-a4ad-dbad200cc1ab/datanode-3/data/ratis/a7898a76-1344-42f1-9051-7e616871ee18/in_use.lock acquired by nodename 12504@ozone-8z6qt-916494304
2019-06-14 12:57:39,161 INFO  storage.RaftStorage (RaftStorage.java:format(75)) - Storage directory /opt/src/hadoop-ozone/integration-test/target/test-dir/MiniOzoneClusterImpl-8f71f0c5-7266-46e3-a4ad-dbad200cc1ab/datanode-3/data/ratis/a7898a76-1344-42f1-9051-7e616871ee18 has been successfully formatted.
2019-06-14 12:57:39,161 INFO  ratis.ContainerStateMachine (ContainerStateMachine.java:loadSnapshot(199)) - The snapshot info is null.Setting the last applied index to:(t:0, i:~)
2019-06-14 12:57:39,161 INFO  server.RaftServerConfigKeys (ConfUtils.java:logGet(43)) - raft.server.leader.election.timeout = 120s (custom)
2019-06-14 12:57:39,161 INFO  server.RaftServerConfigKeys (ConfUtils.java:logGet(43)) - raft.server.log.use.memory = false (default)
2019-06-14 12:57:39,161 INFO  server.RaftServerConfigKeys (ConfUtils.java:logGet(43)) - raft.server.log.appender.buffer.byte-limit = 33554432 (custom)
2019-06-14 12:57:39,161 INFO  server.RaftServerConfigKeys (ConfUtils.java:logGet(43)) - raft.server.log.segment.size.max = 16384 (custom)
2019-06-14 12:57:39,162 INFO  server.RaftServerConfigKeys (ConfUtils.java:logGet(43)) - raft.server.log.segment.cache.num.max = 2 (custom)
2019-06-14 12:57:39,162 INFO  storage.RaftLogWorker (RaftLogWorker.java:<init>(123)) - new e10c7bf3-8b67-44d1-9522-fab3ef1763d7-RaftLogWorker for Storage Directory /opt/src/hadoop-ozone/integration-test/target/test-dir/MiniOzoneClusterImpl-8f71f0c5-7266-46e3-a4ad-dbad200cc1ab/datanode-3/data/ratis/a7898a76-1344-42f1-9051-7e616871ee18
2019-06-14 12:57:39,162 INFO  server.RaftServerConfigKeys (ConfUtils.java:logGet(43)) - raft.server.log.queue.byte-limit = 2147483647 (custom)
2019-06-14 12:57:39,162 INFO  server.RaftServerConfigKeys (ConfUtils.java:logGet(43)) - raft.server.log.queue.element-limit = 1024 (custom)
2019-06-14 12:57:39,162 INFO  server.RaftServerConfigKeys (ConfUtils.java:logGet(43)) - raft.server.log.segment.size.max = 16384 (custom)
2019-06-14 12:57:39,162 INFO  server.RaftServerConfigKeys (ConfUtils.java:logGet(43)) - raft.server.log.preallocated.size = 16384 (custom)
2019-06-14 12:57:39,162 INFO  server.RaftServerConfigKeys (ConfUtils.java:logGet(43)) - raft.server.log.write.buffer.size = 33554432 (custom)
2019-06-14 12:57:39,162 INFO  server.RaftServerConfigKeys (ConfUtils.java:logGet(43)) - raft.server.log.force.sync.num = 128 (default)
2019-06-14 12:57:39,162 INFO  server.RaftServerConfigKeys (ConfUtils.java:logGet(43)) - raft.server.log.statemachine.data.sync = true (default)
2019-06-14 12:57:39,162 INFO  server.RaftServerConfigKeys (ConfUtils.java:logGet(43)) - raft.server.log.statemachine.data.sync.timeout = 10s (default)
2019-06-14 12:57:39,162 INFO  server.RaftServerConfigKeys (ConfUtils.java:logGet(43)) - raft.server.log.statemachine.data.sync.timeout.retry = -1 (default)
2019-06-14 12:57:39,163 INFO  server.RaftServerConfigKeys (ConfUtils.java:logGet(43)) - raft.server.log.statemachine.data.caching.enabled = true (custom)
2019-06-14 12:57:39,163 INFO  server.RaftServerConfigKeys (ConfUtils.java:logGet(43)) - raft.server.snapshot.auto.trigger.enabled = true (custom)
2019-06-14 12:57:39,163 INFO  server.RaftServerConfigKeys (ConfUtils.java:logGet(43)) - raft.server.snapshot.auto.trigger.threshold = 10000 (custom)
2019-06-14 12:57:39,163 INFO  server.RaftServerConfigKeys (ConfUtils.java:logGet(43)) - raft.server.retrycache.expirytime = 600000ms (custom)
2019-06-14 12:57:39,163 INFO  impl.RaftServerImpl (RaftServerImpl.java:start(173)) - e10c7bf3-8b67-44d1-9522-fab3ef1763d7: start group-7E616871EE18
2019-06-14 12:57:39,163 INFO  impl.RaftServerImpl (RaftServerImpl.java:setRole(164)) - e10c7bf3-8b67-44d1-9522-fab3ef1763d7:group-7E616871EE18 changes role from null to FOLLOWER at term 0 for startAsFollower
2019-06-14 12:57:39,163 INFO  impl.RoleInfo (RoleInfo.java:updateAndGet(143)) - e10c7bf3-8b67-44d1-9522-fab3ef1763d7: start FollowerState
2019-06-14 12:57:39,164 INFO  util.JmxRegister (JmxRegister.java:tryRegister(44)) - Successfully registered JMX Bean with object name Ratis:service=RaftServer,group=group-7E616871EE18,id=e10c7bf3-8b67-44d1-9522-fab3ef1763d7
2019-06-14 12:57:39,173 INFO  pipeline.PipelineStateManager (PipelineStateManager.java:addPipeline(56)) - Created pipeline Pipeline[ Id: a7898a76-1344-42f1-9051-7e616871ee18, Nodes: e10c7bf3-8b67-44d1-9522-fab3ef1763d7{ip: 192.168.134.78, host: ozone-8z6qt-916494304, networkLocation: /default-rack, certSerialId: null}, Type:RATIS, Factor:ONE, State:OPEN]
2019-06-14 12:57:39,207 INFO  impl.RaftServerProxy (RaftServerProxy.java:addNew(89)) - 66b80c93-0ab3-4023-a707-31d05c35f4f9: addNew group-8682635C4078:[66b80c93-0ab3-4023-a707-31d05c35f4f9:192.168.134.78:45149, 59b2e28b-d605-40ec-b234-d70deb4ca944:192.168.134.78:41337, e10c7bf3-8b67-44d1-9522-fab3ef1763d7:192.168.134.78:37483] returns group-8682635C4078:java.util.concurrent.CompletableFuture@293ca03b[Not completed]
2019-06-14 12:57:39,210 INFO  impl.RaftServerImpl (RaftServerImpl.java:<init>(91)) - 59b2e28b-d605-40ec-b234-d70deb4ca944: new RaftServerImpl for group-8682635C4078:[66b80c93-0ab3-4023-a707-31d05c35f4f9:192.168.134.78:45149, 59b2e28b-d605-40ec-b234-d70deb4ca944:192.168.134.78:41337, e10c7bf3-8b67-44d1-9522-fab3ef1763d7:192.168.134.78:37483] with ContainerStateMachine:uninitialized
2019-06-14 12:57:39,210 INFO  server.RaftServerConfigKeys (ConfUtils.java:logGet(43)) - raft.server.rpc.timeout.min = 1s (custom)
2019-06-14 12:57:39,210 INFO  server.RaftServerConfigKeys (ConfUtils.java:logGet(43)) - raft.server.rpc.timeout.max = 1200ms (custom)
2019-06-14 12:57:39,211 INFO  server.RaftServerConfigKeys (ConfUtils.java:logGet(43)) - raft.server.rpcslowness.timeout = 120s (custom)
2019-06-14 12:57:39,211 INFO  server.RaftServerConfigKeys (ConfUtils.java:logGet(43)) - raft.server.log.appender.install.snapshot.enabled = true (default)
2019-06-14 12:57:39,209 INFO  node.SCMNodeManager (SCMNodeManager.java:register(234)) - Registered Data node : 8e792b7f-a9eb-46d4-998c-7df3baa65481{ip: 192.168.134.78, host: ozone-8z6qt-916494304, networkLocation: /default-rack, certSerialId: null}
2019-06-14 12:57:39,207 INFO  impl.RaftServerImpl (RaftServerImpl.java:<init>(91)) - 66b80c93-0ab3-4023-a707-31d05c35f4f9: new RaftServerImpl for group-8682635C4078:[66b80c93-0ab3-4023-a707-31d05c35f4f9:192.168.134.78:45149, 59b2e28b-d605-40ec-b234-d70deb4ca944:192.168.134.78:41337, e10c7bf3-8b67-44d1-9522-fab3ef1763d7:192.168.134.78:37483] with ContainerStateMachine:uninitialized
2019-06-14 12:57:39,213 INFO  server.RaftServerConfigKeys (ConfUtils.java:logGet(43)) - raft.server.rpc.timeout.min = 1s (custom)
2019-06-14 12:57:39,213 INFO  impl.RaftServerProxy (RaftServerProxy.java:addNew(89)) - e10c7bf3-8b67-44d1-9522-fab3ef1763d7: addNew group-8682635C4078:[66b80c93-0ab3-4023-a707-31d05c35f4f9:192.168.134.78:45149, 59b2e28b-d605-40ec-b234-d70deb4ca944:192.168.134.78:41337, e10c7bf3-8b67-44d1-9522-fab3ef1763d7:192.168.134.78:37483] returns group-8682635C4078:java.util.concurrent.CompletableFuture@2d0321c4[Not completed]
2019-06-14 12:57:39,207 INFO  impl.RaftServerProxy (RaftServerProxy.java:addNew(89)) - 59b2e28b-d605-40ec-b234-d70deb4ca944: addNew group-8682635C4078:[66b80c93-0ab3-4023-a707-31d05c35f4f9:192.168.134.78:45149, 59b2e28b-d605-40ec-b234-d70deb4ca944:192.168.134.78:41337, e10c7bf3-8b67-44d1-9522-fab3ef1763d7:192.168.134.78:37483] returns group-8682635C4078:java.util.concurrent.CompletableFuture@17f427bd[Not completed]
2019-06-14 12:57:39,213 INFO  server.RaftServerConfigKeys (ConfUtils.java:logGet(43)) - raft.server.rpc.timeout.max = 1200ms (custom)
2019-06-14 12:57:39,213 INFO  impl.RaftServerImpl (RaftServerImpl.java:<init>(91)) - e10c7bf3-8b67-44d1-9522-fab3ef1763d7: new RaftServerImpl for group-8682635C4078:[66b80c93-0ab3-4023-a707-31d05c35f4f9:192.168.134.78:45149, 59b2e28b-d605-40ec-b234-d70deb4ca944:192.168.134.78:41337, e10c7bf3-8b67-44d1-9522-fab3ef1763d7:192.168.134.78:37483] with ContainerStateMachine:uninitialized
2019-06-14 12:57:39,212 INFO  impl.RaftServerImpl (ServerState.java:<init>(101)) - 59b2e28b-d605-40ec-b234-d70deb4ca944:group-8682635C4078 ConfigurationManager, init=-1: [66b80c93-0ab3-4023-a707-31d05c35f4f9:192.168.134.78:45149, 59b2e28b-d605-40ec-b234-d70deb4ca944:192.168.134.78:41337, e10c7bf3-8b67-44d1-9522-fab3ef1763d7:192.168.134.78:37483], old=null, confs=<EMPTY_MAP>
2019-06-14 12:57:39,213 INFO  server.RaftServerConfigKeys (ConfUtils.java:logGet(43)) - raft.server.rpc.timeout.min = 1s (custom)
2019-06-14 12:57:39,214 INFO  server.RaftServerConfigKeys (ConfUtils.java:logGet(43)) - raft.server.storage.dir = [/opt/src/hadoop-ozone/integration-test/target/test-dir/MiniOzoneClusterImpl-8f71f0c5-7266-46e3-a4ad-dbad200cc1ab/datanode-0/data/ratis] (custom)
2019-06-14 12:57:39,214 INFO  storage.RaftStorageDirectory (RaftStorageDirectory.java:analyzeStorage(246)) - The storage directory /opt/src/hadoop-ozone/integration-test/target/test-dir/MiniOzoneClusterImpl-8f71f0c5-7266-46e3-a4ad-dbad200cc1ab/datanode-0/data/ratis/da3fc2bf-20af-43a5-aa1b-8682635c4078 does not exist. Creating ...
2019-06-14 12:57:39,213 INFO  server.RaftServerConfigKeys (ConfUtils.java:logGet(43)) - raft.server.rpcslowness.timeout = 120s (custom)
2019-06-14 12:57:39,214 INFO  server.RaftServerConfigKeys (ConfUtils.java:logGet(43)) - raft.server.rpc.timeout.max = 1200ms (custom)
2019-06-14 12:57:39,214 INFO  server.RaftServerConfigKeys (ConfUtils.java:logGet(43)) - raft.server.log.appender.install.snapshot.enabled = true (default)
2019-06-14 12:57:39,214 INFO  server.RaftServerConfigKeys (ConfUtils.java:logGet(43)) - raft.server.rpcslowness.timeout = 120s (custom)
2019-06-14 12:57:39,214 INFO  impl.RaftServerImpl (ServerState.java:<init>(101)) - 66b80c93-0ab3-4023-a707-31d05c35f4f9:group-8682635C4078 ConfigurationManager, init=-1: [66b80c93-0ab3-4023-a707-31d05c35f4f9:192.168.134.78:45149, 59b2e28b-d605-40ec-b234-d70deb4ca944:192.168.134.78:41337, e10c7bf3-8b67-44d1-9522-fab3ef1763d7:192.168.134.78:37483], old=null, confs=<EMPTY_MAP>
2019-06-14 12:57:39,214 INFO  server.RaftServerConfigKeys (ConfUtils.java:logGet(43)) - raft.server.log.appender.install.snapshot.enabled = true (default)
2019-06-14 12:57:39,215 INFO  server.RaftServerConfigKeys (ConfUtils.java:logGet(43)) - raft.server.storage.dir = [/opt/src/hadoop-ozone/integration-test/target/test-dir/MiniOzoneClusterImpl-8f71f0c5-7266-46e3-a4ad-dbad200cc1ab/datanode-1/data/ratis] (custom)
2019-06-14 12:57:39,215 INFO  impl.RaftServerImpl (ServerState.java:<init>(101)) - e10c7bf3-8b67-44d1-9522-fab3ef1763d7:group-8682635C4078 ConfigurationManager, init=-1: [66b80c93-0ab3-4023-a707-31d05c35f4f9:192.168.134.78:45149, 59b2e28b-d605-40ec-b234-d70deb4ca944:192.168.134.78:41337, e10c7bf3-8b67-44d1-9522-fab3ef1763d7:192.168.134.78:37483], old=null, confs=<EMPTY_MAP>
2019-06-14 12:57:39,215 INFO  server.RaftServerConfigKeys (ConfUtils.java:logGet(43)) - raft.server.storage.dir = [/opt/src/hadoop-ozone/integration-test/target/test-dir/MiniOzoneClusterImpl-8f71f0c5-7266-46e3-a4ad-dbad200cc1ab/datanode-3/data/ratis] (custom)
2019-06-14 12:57:39,215 INFO  storage.RaftStorageDirectory (RaftStorageDirectory.java:analyzeStorage(246)) - The storage directory /opt/src/hadoop-ozone/integration-test/target/test-dir/MiniOzoneClusterImpl-8f71f0c5-7266-46e3-a4ad-dbad200cc1ab/datanode-1/data/ratis/da3fc2bf-20af-43a5-aa1b-8682635c4078 does not exist. Creating ...
2019-06-14 12:57:39,215 INFO  storage.RaftStorageDirectory (RaftStorageDirectory.java:analyzeStorage(246)) - The storage directory /opt/src/hadoop-ozone/integration-test/target/test-dir/MiniOzoneClusterImpl-8f71f0c5-7266-46e3-a4ad-dbad200cc1ab/datanode-3/data/ratis/da3fc2bf-20af-43a5-aa1b-8682635c4078 does not exist. Creating ...
2019-06-14 12:57:39,216 INFO  storage.RaftStorageDirectory (RaftStorageDirectory.java:tryLock(328)) - Lock on /opt/src/hadoop-ozone/integration-test/target/test-dir/MiniOzoneClusterImpl-8f71f0c5-7266-46e3-a4ad-dbad200cc1ab/datanode-0/data/ratis/da3fc2bf-20af-43a5-aa1b-8682635c4078/in_use.lock acquired by nodename 12504@ozone-8z6qt-916494304
2019-06-14 12:57:39,244 INFO  storage.RaftStorageDirectory (RaftStorageDirectory.java:tryLock(328)) - Lock on /opt/src/hadoop-ozone/integration-test/target/test-dir/MiniOzoneClusterImpl-8f71f0c5-7266-46e3-a4ad-dbad200cc1ab/datanode-3/data/ratis/da3fc2bf-20af-43a5-aa1b-8682635c4078/in_use.lock acquired by nodename 12504@ozone-8z6qt-916494304
2019-06-14 12:57:39,244 INFO  storage.RaftStorage (RaftStorage.java:format(75)) - Storage directory /opt/src/hadoop-ozone/integration-test/target/test-dir/MiniOzoneClusterImpl-8f71f0c5-7266-46e3-a4ad-dbad200cc1ab/datanode-0/data/ratis/da3fc2bf-20af-43a5-aa1b-8682635c4078 has been successfully formatted.
2019-06-14 12:57:39,244 INFO  storage.RaftStorageDirectory (RaftStorageDirectory.java:tryLock(328)) - Lock on /opt/src/hadoop-ozone/integration-test/target/test-dir/MiniOzoneClusterImpl-8f71f0c5-7266-46e3-a4ad-dbad200cc1ab/datanode-1/data/ratis/da3fc2bf-20af-43a5-aa1b-8682635c4078/in_use.lock acquired by nodename 12504@ozone-8z6qt-916494304
2019-06-14 12:57:39,244 INFO  ratis.ContainerStateMachine (ContainerStateMachine.java:loadSnapshot(199)) - The snapshot info is null.Setting the last applied index to:(t:0, i:~)
2019-06-14 12:57:39,244 INFO  server.RaftServerConfigKeys (ConfUtils.java:logGet(43)) - raft.server.leader.election.timeout = 120s (custom)
2019-06-14 12:57:39,244 INFO  server.RaftServerConfigKeys (ConfUtils.java:logGet(43)) - raft.server.log.use.memory = false (default)
2019-06-14 12:57:39,244 INFO  server.RaftServerConfigKeys (ConfUtils.java:logGet(43)) - raft.server.log.appender.buffer.byte-limit = 33554432 (custom)
2019-06-14 12:57:39,245 INFO  server.RaftServerConfigKeys (ConfUtils.java:logGet(43)) - raft.server.log.segment.size.max = 16384 (custom)
2019-06-14 12:57:39,245 INFO  server.RaftServerConfigKeys (ConfUtils.java:logGet(43)) - raft.server.log.segment.cache.num.max = 2 (custom)
2019-06-14 12:57:39,245 INFO  storage.RaftLogWorker (RaftLogWorker.java:<init>(123)) - new 59b2e28b-d605-40ec-b234-d70deb4ca944-RaftLogWorker for Storage Directory /opt/src/hadoop-ozone/integration-test/target/test-dir/MiniOzoneClusterImpl-8f71f0c5-7266-46e3-a4ad-dbad200cc1ab/datanode-0/data/ratis/da3fc2bf-20af-43a5-aa1b-8682635c4078
2019-06-14 12:57:39,245 INFO  server.RaftServerConfigKeys (ConfUtils.java:logGet(43)) - raft.server.log.queue.byte-limit = 2147483647 (custom)
2019-06-14 12:57:39,245 INFO  server.RaftServerConfigKeys (ConfUtils.java:logGet(43)) - raft.server.log.queue.element-limit = 1024 (custom)
2019-06-14 12:57:39,245 INFO  server.RaftServerConfigKeys (ConfUtils.java:logGet(43)) - raft.server.log.segment.size.max = 16384 (custom)
2019-06-14 12:57:39,245 INFO  server.RaftServerConfigKeys (ConfUtils.java:logGet(43)) - raft.server.log.preallocated.size = 16384 (custom)
2019-06-14 12:57:39,245 INFO  server.RaftServerConfigKeys (ConfUtils.java:logGet(43)) - raft.server.log.write.buffer.size = 33554432 (custom)
2019-06-14 12:57:39,245 INFO  server.RaftServerConfigKeys (ConfUtils.java:logGet(43)) - raft.server.log.force.sync.num = 128 (default)
2019-06-14 12:57:39,245 INFO  server.RaftServerConfigKeys (ConfUtils.java:logGet(43)) - raft.server.log.statemachine.data.sync = true (default)
2019-06-14 12:57:39,245 INFO  server.RaftServerConfigKeys (ConfUtils.java:logGet(43)) - raft.server.log.statemachine.data.sync.timeout = 10s (default)
2019-06-14 12:57:39,246 INFO  server.RaftServerConfigKeys (ConfUtils.java:logGet(43)) - raft.server.log.statemachine.data.sync.timeout.retry = -1 (default)
2019-06-14 12:57:39,246 INFO  server.RaftServerConfigKeys (ConfUtils.java:logGet(43)) - raft.server.log.statemachine.data.caching.enabled = true (custom)
2019-06-14 12:57:39,246 INFO  server.RaftServerConfigKeys (ConfUtils.java:logGet(43)) - raft.server.snapshot.auto.trigger.enabled = true (custom)
2019-06-14 12:57:39,246 INFO  server.RaftServerConfigKeys (ConfUtils.java:logGet(43)) - raft.server.snapshot.auto.trigger.threshold = 10000 (custom)
2019-06-14 12:57:39,246 INFO  server.RaftServerConfigKeys (ConfUtils.java:logGet(43)) - raft.server.retrycache.expirytime = 600000ms (custom)
2019-06-14 12:57:39,246 INFO  storage.RaftStorage (RaftStorage.java:format(75)) - Storage directory /opt/src/hadoop-ozone/integration-test/target/test-dir/MiniOzoneClusterImpl-8f71f0c5-7266-46e3-a4ad-dbad200cc1ab/datanode-1/data/ratis/da3fc2bf-20af-43a5-aa1b-8682635c4078 has been successfully formatted.
2019-06-14 12:57:39,246 INFO  ratis.ContainerStateMachine (ContainerStateMachine.java:loadSnapshot(199)) - The snapshot info is null.Setting the last applied index to:(t:0, i:~)
2019-06-14 12:57:39,247 INFO  server.RaftServerConfigKeys (ConfUtils.java:logGet(43)) - raft.server.leader.election.timeout = 120s (custom)
2019-06-14 12:57:39,247 INFO  server.RaftServerConfigKeys (ConfUtils.java:logGet(43)) - raft.server.log.use.memory = false (default)
2019-06-14 12:57:39,247 INFO  server.RaftServerConfigKeys (ConfUtils.java:logGet(43)) - raft.server.log.appender.buffer.byte-limit = 33554432 (custom)
2019-06-14 12:57:39,247 INFO  server.RaftServerConfigKeys (ConfUtils.java:logGet(43)) - raft.server.log.segment.size.max = 16384 (custom)
2019-06-14 12:57:39,247 INFO  server.RaftServerConfigKeys (ConfUtils.java:logGet(43)) - raft.server.log.segment.cache.num.max = 2 (custom)
2019-06-14 12:57:39,247 INFO  storage.RaftLogWorker (RaftLogWorker.java:<init>(123)) - new 66b80c93-0ab3-4023-a707-31d05c35f4f9-RaftLogWorker for Storage Directory /opt/src/hadoop-ozone/integration-test/target/test-dir/MiniOzoneClusterImpl-8f71f0c5-7266-46e3-a4ad-dbad200cc1ab/datanode-1/data/ratis/da3fc2bf-20af-43a5-aa1b-8682635c4078
2019-06-14 12:57:39,247 INFO  server.RaftServerConfigKeys (ConfUtils.java:logGet(43)) - raft.server.log.queue.byte-limit = 2147483647 (custom)
2019-06-14 12:57:39,247 INFO  server.RaftServerConfigKeys (ConfUtils.java:logGet(43)) - raft.server.log.queue.element-limit = 1024 (custom)
2019-06-14 12:57:39,247 INFO  server.RaftServerConfigKeys (ConfUtils.java:logGet(43)) - raft.server.log.segment.size.max = 16384 (custom)
2019-06-14 12:57:39,248 INFO  server.RaftServerConfigKeys (ConfUtils.java:logGet(43)) - raft.server.log.preallocated.size = 16384 (custom)
2019-06-14 12:57:39,248 INFO  server.RaftServerConfigKeys (ConfUtils.java:logGet(43)) - raft.server.log.write.buffer.size = 33554432 (custom)
2019-06-14 12:57:39,248 INFO  server.RaftServerConfigKeys (ConfUtils.java:logGet(43)) - raft.server.log.force.sync.num = 128 (default)
2019-06-14 12:57:39,248 INFO  server.RaftServerConfigKeys (ConfUtils.java:logGet(43)) - raft.server.log.statemachine.data.sync = true (default)
2019-06-14 12:57:39,248 INFO  server.RaftServerConfigKeys (ConfUtils.java:logGet(43)) - raft.server.log.statemachine.data.sync.timeout = 10s (default)
2019-06-14 12:57:39,248 INFO  server.RaftServerConfigKeys (ConfUtils.java:logGet(43)) - raft.server.log.statemachine.data.sync.timeout.retry = -1 (default)
2019-06-14 12:57:39,248 INFO  server.RaftServerConfigKeys (ConfUtils.java:logGet(43)) - raft.server.log.statemachine.data.caching.enabled = true (custom)
2019-06-14 12:57:39,246 INFO  storage.RaftStorage (RaftStorage.java:format(75)) - Storage directory /opt/src/hadoop-ozone/integration-test/target/test-dir/MiniOzoneClusterImpl-8f71f0c5-7266-46e3-a4ad-dbad200cc1ab/datanode-3/data/ratis/da3fc2bf-20af-43a5-aa1b-8682635c4078 has been successfully formatted.
2019-06-14 12:57:39,249 INFO  server.RaftServerConfigKeys (ConfUtils.java:logGet(43)) - raft.server.snapshot.auto.trigger.enabled = true (custom)
2019-06-14 12:57:39,249 INFO  ratis.ContainerStateMachine (ContainerStateMachine.java:loadSnapshot(199)) - The snapshot info is null.Setting the last applied index to:(t:0, i:~)
2019-06-14 12:57:39,249 INFO  server.RaftServerConfigKeys (ConfUtils.java:logGet(43)) - raft.server.leader.election.timeout = 120s (custom)
2019-06-14 12:57:39,249 INFO  server.RaftServerConfigKeys (ConfUtils.java:logGet(43)) - raft.server.log.use.memory = false (default)
2019-06-14 12:57:39,249 INFO  server.RaftServerConfigKeys (ConfUtils.java:logGet(43)) - raft.server.log.appender.buffer.byte-limit = 33554432 (custom)
2019-06-14 12:57:39,249 INFO  server.RaftServerConfigKeys (ConfUtils.java:logGet(43)) - raft.server.log.segment.size.max = 16384 (custom)
2019-06-14 12:57:39,249 INFO  server.RaftServerConfigKeys (ConfUtils.java:logGet(43)) - raft.server.log.segment.cache.num.max = 2 (custom)
2019-06-14 12:57:39,249 INFO  storage.RaftLogWorker (RaftLogWorker.java:<init>(123)) - new e10c7bf3-8b67-44d1-9522-fab3ef1763d7-RaftLogWorker for Storage Directory /opt/src/hadoop-ozone/integration-test/target/test-dir/MiniOzoneClusterImpl-8f71f0c5-7266-46e3-a4ad-dbad200cc1ab/datanode-3/data/ratis/da3fc2bf-20af-43a5-aa1b-8682635c4078
2019-06-14 12:57:39,250 INFO  server.RaftServerConfigKeys (ConfUtils.java:logGet(43)) - raft.server.log.queue.byte-limit = 2147483647 (custom)
2019-06-14 12:57:39,250 INFO  server.RaftServerConfigKeys (ConfUtils.java:logGet(43)) - raft.server.log.queue.element-limit = 1024 (custom)
2019-06-14 12:57:39,250 INFO  server.RaftServerConfigKeys (ConfUtils.java:logGet(43)) - raft.server.log.segment.size.max = 16384 (custom)
2019-06-14 12:57:39,250 INFO  server.RaftServerConfigKeys (ConfUtils.java:logGet(43)) - raft.server.log.preallocated.size = 16384 (custom)
2019-06-14 12:57:39,250 INFO  server.RaftServerConfigKeys (ConfUtils.java:logGet(43)) - raft.server.log.write.buffer.size = 33554432 (custom)
2019-06-14 12:57:39,250 INFO  server.RaftServerConfigKeys (ConfUtils.java:logGet(43)) - raft.server.log.force.sync.num = 128 (default)
2019-06-14 12:57:39,250 INFO  server.RaftServerConfigKeys (ConfUtils.java:logGet(43)) - raft.server.log.statemachine.data.sync = true (default)
2019-06-14 12:57:39,250 INFO  server.RaftServerConfigKeys (ConfUtils.java:logGet(43)) - raft.server.log.statemachine.data.sync.timeout = 10s (default)
2019-06-14 12:57:39,250 INFO  server.RaftServerConfigKeys (ConfUtils.java:logGet(43)) - raft.server.log.statemachine.data.sync.timeout.retry = -1 (default)
2019-06-14 12:57:39,251 INFO  server.RaftServerConfigKeys (ConfUtils.java:logGet(43)) - raft.server.log.statemachine.data.caching.enabled = true (custom)
2019-06-14 12:57:39,246 INFO  impl.RaftServerImpl (RaftServerImpl.java:start(173)) - 59b2e28b-d605-40ec-b234-d70deb4ca944: start group-8682635C4078
2019-06-14 12:57:39,249 INFO  server.RaftServerConfigKeys (ConfUtils.java:logGet(43)) - raft.server.snapshot.auto.trigger.threshold = 10000 (custom)
2019-06-14 12:57:39,251 INFO  impl.RaftServerImpl (RaftServerImpl.java:setRole(164)) - 59b2e28b-d605-40ec-b234-d70deb4ca944:group-8682635C4078 changes role from null to FOLLOWER at term 0 for startAsFollower
2019-06-14 12:57:39,251 INFO  impl.RoleInfo (RoleInfo.java:updateAndGet(143)) - 59b2e28b-d605-40ec-b234-d70deb4ca944: start FollowerState
2019-06-14 12:57:39,251 INFO  util.JmxRegister (JmxRegister.java:tryRegister(44)) - Successfully registered JMX Bean with object name Ratis:service=RaftServer,group=group-8682635C4078,id=59b2e28b-d605-40ec-b234-d70deb4ca944
2019-06-14 12:57:39,252 INFO  server.RaftServerConfigKeys (ConfUtils.java:logGet(43)) - raft.server.snapshot.auto.trigger.enabled = true (custom)
2019-06-14 12:57:39,252 INFO  server.RaftServerConfigKeys (ConfUtils.java:logGet(43)) - raft.server.snapshot.auto.trigger.threshold = 10000 (custom)
2019-06-14 12:57:39,252 INFO  server.RaftServerConfigKeys (ConfUtils.java:logGet(43)) - raft.server.retrycache.expirytime = 600000ms (custom)
2019-06-14 12:57:39,252 INFO  impl.RaftServerImpl (RaftServerImpl.java:start(173)) - e10c7bf3-8b67-44d1-9522-fab3ef1763d7: start group-8682635C4078
2019-06-14 12:57:39,252 INFO  impl.RaftServerImpl (RaftServerImpl.java:setRole(164)) - e10c7bf3-8b67-44d1-9522-fab3ef1763d7:group-8682635C4078 changes role from null to FOLLOWER at term 0 for startAsFollower
2019-06-14 12:57:39,253 INFO  impl.RoleInfo (RoleInfo.java:updateAndGet(143)) - e10c7bf3-8b67-44d1-9522-fab3ef1763d7: start FollowerState
2019-06-14 12:57:39,256 INFO  server.RaftServerConfigKeys (ConfUtils.java:logGet(43)) - raft.server.retrycache.expirytime = 600000ms (custom)
2019-06-14 12:57:39,256 INFO  impl.RaftServerImpl (RaftServerImpl.java:start(173)) - 66b80c93-0ab3-4023-a707-31d05c35f4f9: start group-8682635C4078
2019-06-14 12:57:39,256 INFO  impl.RaftServerImpl (RaftServerImpl.java:setRole(164)) - 66b80c93-0ab3-4023-a707-31d05c35f4f9:group-8682635C4078 changes role from null to FOLLOWER at term 0 for startAsFollower
2019-06-14 12:57:39,256 INFO  impl.RoleInfo (RoleInfo.java:updateAndGet(143)) - 66b80c93-0ab3-4023-a707-31d05c35f4f9: start FollowerState
2019-06-14 12:57:39,259 INFO  util.JmxRegister (JmxRegister.java:tryRegister(44)) - Successfully registered JMX Bean with object name Ratis:service=RaftServer,group=group-8682635C4078,id=e10c7bf3-8b67-44d1-9522-fab3ef1763d7
2019-06-14 12:57:39,260 INFO  util.JmxRegister (JmxRegister.java:tryRegister(44)) - Successfully registered JMX Bean with object name Ratis:service=RaftServer,group=group-8682635C4078,id=66b80c93-0ab3-4023-a707-31d05c35f4f9
2019-06-14 12:57:39,276 INFO  pipeline.PipelineStateManager (PipelineStateManager.java:addPipeline(56)) - Created pipeline Pipeline[ Id: da3fc2bf-20af-43a5-aa1b-8682635c4078, Nodes: 66b80c93-0ab3-4023-a707-31d05c35f4f9{ip: 192.168.134.78, host: ozone-8z6qt-916494304, networkLocation: /default-rack, certSerialId: null}59b2e28b-d605-40ec-b234-d70deb4ca944{ip: 192.168.134.78, host: ozone-8z6qt-916494304, networkLocation: /default-rack, certSerialId: null}e10c7bf3-8b67-44d1-9522-fab3ef1763d7{ip: 192.168.134.78, host: ozone-8z6qt-916494304, networkLocation: /default-rack, certSerialId: null}, Type:RATIS, Factor:THREE, State:OPEN]
2019-06-14 12:57:39,287 INFO  impl.RaftServerProxy (RaftServerProxy.java:addNew(89)) - 8e792b7f-a9eb-46d4-998c-7df3baa65481: addNew group-6CC03CB4A80F:[8e792b7f-a9eb-46d4-998c-7df3baa65481:192.168.134.78:41863] returns group-6CC03CB4A80F:java.util.concurrent.CompletableFuture@73f4c372[Not completed]
2019-06-14 12:57:39,288 INFO  impl.RaftServerImpl (RaftServerImpl.java:<init>(91)) - 8e792b7f-a9eb-46d4-998c-7df3baa65481: new RaftServerImpl for group-6CC03CB4A80F:[8e792b7f-a9eb-46d4-998c-7df3baa65481:192.168.134.78:41863] with ContainerStateMachine:uninitialized
2019-06-14 12:57:39,289 INFO  server.RaftServerConfigKeys (ConfUtils.java:logGet(43)) - raft.server.rpc.timeout.min = 1s (custom)
2019-06-14 12:57:39,289 INFO  server.RaftServerConfigKeys (ConfUtils.java:logGet(43)) - raft.server.rpc.timeout.max = 1200ms (custom)
2019-06-14 12:57:39,289 INFO  server.RaftServerConfigKeys (ConfUtils.java:logGet(43)) - raft.server.rpcslowness.timeout = 120s (custom)
2019-06-14 12:57:39,289 INFO  server.RaftServerConfigKeys (ConfUtils.java:logGet(43)) - raft.server.log.appender.install.snapshot.enabled = true (default)
2019-06-14 12:57:39,289 INFO  impl.RaftServerImpl (ServerState.java:<init>(101)) - 8e792b7f-a9eb-46d4-998c-7df3baa65481:group-6CC03CB4A80F ConfigurationManager, init=-1: [8e792b7f-a9eb-46d4-998c-7df3baa65481:192.168.134.78:41863], old=null, confs=<EMPTY_MAP>
2019-06-14 12:57:39,290 INFO  server.RaftServerConfigKeys (ConfUtils.java:logGet(43)) - raft.server.storage.dir = [/opt/src/hadoop-ozone/integration-test/target/test-dir/MiniOzoneClusterImpl-8f71f0c5-7266-46e3-a4ad-dbad200cc1ab/datanode-4/data/ratis] (custom)
2019-06-14 12:57:39,290 INFO  storage.RaftStorageDirectory (RaftStorageDirectory.java:analyzeStorage(246)) - The storage directory /opt/src/hadoop-ozone/integration-test/target/test-dir/MiniOzoneClusterImpl-8f71f0c5-7266-46e3-a4ad-dbad200cc1ab/datanode-4/data/ratis/0fcb6067-527a-49a3-bf57-6cc03cb4a80f does not exist. Creating ...
2019-06-14 12:57:39,292 INFO  storage.RaftStorageDirectory (RaftStorageDirectory.java:tryLock(328)) - Lock on /opt/src/hadoop-ozone/integration-test/target/test-dir/MiniOzoneClusterImpl-8f71f0c5-7266-46e3-a4ad-dbad200cc1ab/datanode-4/data/ratis/0fcb6067-527a-49a3-bf57-6cc03cb4a80f/in_use.lock acquired by nodename 12504@ozone-8z6qt-916494304
2019-06-14 12:57:39,294 INFO  storage.RaftStorage (RaftStorage.java:format(75)) - Storage directory /opt/src/hadoop-ozone/integration-test/target/test-dir/MiniOzoneClusterImpl-8f71f0c5-7266-46e3-a4ad-dbad200cc1ab/datanode-4/data/ratis/0fcb6067-527a-49a3-bf57-6cc03cb4a80f has been successfully formatted.
2019-06-14 12:57:39,294 INFO  ratis.ContainerStateMachine (ContainerStateMachine.java:loadSnapshot(199)) - The snapshot info is null.Setting the last applied index to:(t:0, i:~)
2019-06-14 12:57:39,294 INFO  server.RaftServerConfigKeys (ConfUtils.java:logGet(43)) - raft.server.leader.election.timeout = 120s (custom)
2019-06-14 12:57:39,294 INFO  server.RaftServerConfigKeys (ConfUtils.java:logGet(43)) - raft.server.log.use.memory = false (default)
2019-06-14 12:57:39,294 INFO  server.RaftServerConfigKeys (ConfUtils.java:logGet(43)) - raft.server.log.appender.buffer.byte-limit = 33554432 (custom)
2019-06-14 12:57:39,294 INFO  server.RaftServerConfigKeys (ConfUtils.java:logGet(43)) - raft.server.log.segment.size.max = 16384 (custom)
2019-06-14 12:57:39,294 INFO  server.RaftServerConfigKeys (ConfUtils.java:logGet(43)) - raft.server.log.segment.cache.num.max = 2 (custom)
2019-06-14 12:57:39,295 INFO  storage.RaftLogWorker (RaftLogWorker.java:<init>(123)) - new 8e792b7f-a9eb-46d4-998c-7df3baa65481-RaftLogWorker for Storage Directory /opt/src/hadoop-ozone/integration-test/target/test-dir/MiniOzoneClusterImpl-8f71f0c5-7266-46e3-a4ad-dbad200cc1ab/datanode-4/data/ratis/0fcb6067-527a-49a3-bf57-6cc03cb4a80f
2019-06-14 12:57:39,295 INFO  server.RaftServerConfigKeys (ConfUtils.java:logGet(43)) - raft.server.log.queue.byte-limit = 2147483647 (custom)
2019-06-14 12:57:39,295 INFO  server.RaftServerConfigKeys (ConfUtils.java:logGet(43)) - raft.server.log.queue.element-limit = 1024 (custom)
2019-06-14 12:57:39,295 INFO  server.RaftServerConfigKeys (ConfUtils.java:logGet(43)) - raft.server.log.segment.size.max = 16384 (custom)
2019-06-14 12:57:39,295 INFO  server.RaftServerConfigKeys (ConfUtils.java:logGet(43)) - raft.server.log.preallocated.size = 16384 (custom)
2019-06-14 12:57:39,295 INFO  server.RaftServerConfigKeys (ConfUtils.java:logGet(43)) - raft.server.log.write.buffer.size = 33554432 (custom)
2019-06-14 12:57:39,295 INFO  server.RaftServerConfigKeys (ConfUtils.java:logGet(43)) - raft.server.log.force.sync.num = 128 (default)
2019-06-14 12:57:39,295 INFO  server.RaftServerConfigKeys (ConfUtils.java:logGet(43)) - raft.server.log.statemachine.data.sync = true (default)
2019-06-14 12:57:39,295 INFO  server.RaftServerConfigKeys (ConfUtils.java:logGet(43)) - raft.server.log.statemachine.data.sync.timeout = 10s (default)
2019-06-14 12:57:39,295 INFO  server.RaftServerConfigKeys (ConfUtils.java:logGet(43)) - raft.server.log.statemachine.data.sync.timeout.retry = -1 (default)
2019-06-14 12:57:39,295 INFO  server.RaftServerConfigKeys (ConfUtils.java:logGet(43)) - raft.server.log.statemachine.data.caching.enabled = true (custom)
2019-06-14 12:57:39,296 INFO  server.RaftServerConfigKeys (ConfUtils.java:logGet(43)) - raft.server.snapshot.auto.trigger.enabled = true (custom)
2019-06-14 12:57:39,296 INFO  server.RaftServerConfigKeys (ConfUtils.java:logGet(43)) - raft.server.snapshot.auto.trigger.threshold = 10000 (custom)
2019-06-14 12:57:39,296 INFO  server.RaftServerConfigKeys (ConfUtils.java:logGet(43)) - raft.server.retrycache.expirytime = 600000ms (custom)
2019-06-14 12:57:39,296 INFO  impl.RaftServerImpl (RaftServerImpl.java:start(173)) - 8e792b7f-a9eb-46d4-998c-7df3baa65481: start group-6CC03CB4A80F
2019-06-14 12:57:39,296 INFO  impl.RaftServerImpl (RaftServerImpl.java:setRole(164)) - 8e792b7f-a9eb-46d4-998c-7df3baa65481:group-6CC03CB4A80F changes role from null to FOLLOWER at term 0 for startAsFollower
2019-06-14 12:57:39,296 INFO  impl.RoleInfo (RoleInfo.java:updateAndGet(143)) - 8e792b7f-a9eb-46d4-998c-7df3baa65481: start FollowerState
2019-06-14 12:57:39,297 INFO  util.JmxRegister (JmxRegister.java:tryRegister(44)) - Successfully registered JMX Bean with object name Ratis:service=RaftServer,group=group-6CC03CB4A80F,id=8e792b7f-a9eb-46d4-998c-7df3baa65481
2019-06-14 12:57:39,306 INFO  pipeline.PipelineStateManager (PipelineStateManager.java:addPipeline(56)) - Created pipeline Pipeline[ Id: 0fcb6067-527a-49a3-bf57-6cc03cb4a80f, Nodes: 8e792b7f-a9eb-46d4-998c-7df3baa65481{ip: 192.168.134.78, host: ozone-8z6qt-916494304, networkLocation: /default-rack, certSerialId: null}, Type:RATIS, Factor:ONE, State:OPEN]
2019-06-14 12:57:39,406 INFO  node.SCMNodeManager (SCMNodeManager.java:register(234)) - Registered Data node : c8e4d783-8046-486a-9184-a89f3528cc10{ip: 192.168.134.78, host: ozone-8z6qt-916494304, networkLocation: /default-rack, certSerialId: null}
2019-06-14 12:57:39,419 INFO  impl.RaftServerProxy (RaftServerProxy.java:addNew(89)) - c8e4d783-8046-486a-9184-a89f3528cc10: addNew group-5D5153D7B87F:[c8e4d783-8046-486a-9184-a89f3528cc10:192.168.134.78:40275] returns group-5D5153D7B87F:java.util.concurrent.CompletableFuture@119a6b95[Not completed]
2019-06-14 12:57:39,419 INFO  impl.RaftServerImpl (RaftServerImpl.java:<init>(91)) - c8e4d783-8046-486a-9184-a89f3528cc10: new RaftServerImpl for group-5D5153D7B87F:[c8e4d783-8046-486a-9184-a89f3528cc10:192.168.134.78:40275] with ContainerStateMachine:uninitialized
2019-06-14 12:57:39,420 INFO  server.RaftServerConfigKeys (ConfUtils.java:logGet(43)) - raft.server.rpc.timeout.min = 1s (custom)
2019-06-14 12:57:39,420 INFO  server.RaftServerConfigKeys (ConfUtils.java:logGet(43)) - raft.server.rpc.timeout.max = 1200ms (custom)
2019-06-14 12:57:39,420 INFO  server.RaftServerConfigKeys (ConfUtils.java:logGet(43)) - raft.server.rpcslowness.timeout = 120s (custom)
2019-06-14 12:57:39,420 INFO  server.RaftServerConfigKeys (ConfUtils.java:logGet(43)) - raft.server.log.appender.install.snapshot.enabled = true (default)
2019-06-14 12:57:39,420 INFO  impl.RaftServerImpl (ServerState.java:<init>(101)) - c8e4d783-8046-486a-9184-a89f3528cc10:group-5D5153D7B87F ConfigurationManager, init=-1: [c8e4d783-8046-486a-9184-a89f3528cc10:192.168.134.78:40275], old=null, confs=<EMPTY_MAP>
2019-06-14 12:57:39,420 INFO  server.RaftServerConfigKeys (ConfUtils.java:logGet(43)) - raft.server.storage.dir = [/opt/src/hadoop-ozone/integration-test/target/test-dir/MiniOzoneClusterImpl-8f71f0c5-7266-46e3-a4ad-dbad200cc1ab/datanode-5/data/ratis] (custom)
2019-06-14 12:57:39,420 INFO  storage.RaftStorageDirectory (RaftStorageDirectory.java:analyzeStorage(246)) - The storage directory /opt/src/hadoop-ozone/integration-test/target/test-dir/MiniOzoneClusterImpl-8f71f0c5-7266-46e3-a4ad-dbad200cc1ab/datanode-5/data/ratis/7f67f964-7938-42fd-a154-5d5153d7b87f does not exist. Creating ...
2019-06-14 12:57:39,423 INFO  storage.RaftStorageDirectory (RaftStorageDirectory.java:tryLock(328)) - Lock on /opt/src/hadoop-ozone/integration-test/target/test-dir/MiniOzoneClusterImpl-8f71f0c5-7266-46e3-a4ad-dbad200cc1ab/datanode-5/data/ratis/7f67f964-7938-42fd-a154-5d5153d7b87f/in_use.lock acquired by nodename 12504@ozone-8z6qt-916494304
2019-06-14 12:57:39,425 INFO  storage.RaftStorage (RaftStorage.java:format(75)) - Storage directory /opt/src/hadoop-ozone/integration-test/target/test-dir/MiniOzoneClusterImpl-8f71f0c5-7266-46e3-a4ad-dbad200cc1ab/datanode-5/data/ratis/7f67f964-7938-42fd-a154-5d5153d7b87f has been successfully formatted.
2019-06-14 12:57:39,425 INFO  ratis.ContainerStateMachine (ContainerStateMachine.java:loadSnapshot(199)) - The snapshot info is null.Setting the last applied index to:(t:0, i:~)
2019-06-14 12:57:39,425 INFO  server.RaftServerConfigKeys (ConfUtils.java:logGet(43)) - raft.server.leader.election.timeout = 120s (custom)
2019-06-14 12:57:39,425 INFO  server.RaftServerConfigKeys (ConfUtils.java:logGet(43)) - raft.server.log.use.memory = false (default)
2019-06-14 12:57:39,425 INFO  server.RaftServerConfigKeys (ConfUtils.java:logGet(43)) - raft.server.log.appender.buffer.byte-limit = 33554432 (custom)
2019-06-14 12:57:39,425 INFO  server.RaftServerConfigKeys (ConfUtils.java:logGet(43)) - raft.server.log.segment.size.max = 16384 (custom)
2019-06-14 12:57:39,425 INFO  server.RaftServerConfigKeys (ConfUtils.java:logGet(43)) - raft.server.log.segment.cache.num.max = 2 (custom)
2019-06-14 12:57:39,425 INFO  storage.RaftLogWorker (RaftLogWorker.java:<init>(123)) - new c8e4d783-8046-486a-9184-a89f3528cc10-RaftLogWorker for Storage Directory /opt/src/hadoop-ozone/integration-test/target/test-dir/MiniOzoneClusterImpl-8f71f0c5-7266-46e3-a4ad-dbad200cc1ab/datanode-5/data/ratis/7f67f964-7938-42fd-a154-5d5153d7b87f
2019-06-14 12:57:39,426 INFO  server.RaftServerConfigKeys (ConfUtils.java:logGet(43)) - raft.server.log.queue.byte-limit = 2147483647 (custom)
2019-06-14 12:57:39,426 INFO  server.RaftServerConfigKeys (ConfUtils.java:logGet(43)) - raft.server.log.queue.element-limit = 1024 (custom)
2019-06-14 12:57:39,426 INFO  server.RaftServerConfigKeys (ConfUtils.java:logGet(43)) - raft.server.log.segment.size.max = 16384 (custom)
2019-06-14 12:57:39,426 INFO  server.RaftServerConfigKeys (ConfUtils.java:logGet(43)) - raft.server.log.preallocated.size = 16384 (custom)
2019-06-14 12:57:39,426 INFO  server.RaftServerConfigKeys (ConfUtils.java:logGet(43)) - raft.server.log.write.buffer.size = 33554432 (custom)
2019-06-14 12:57:39,426 INFO  server.RaftServerConfigKeys (ConfUtils.java:logGet(43)) - raft.server.log.force.sync.num = 128 (default)
2019-06-14 12:57:39,426 INFO  server.RaftServerConfigKeys (ConfUtils.java:logGet(43)) - raft.server.log.statemachine.data.sync = true (default)
2019-06-14 12:57:39,426 INFO  server.RaftServerConfigKeys (ConfUtils.java:logGet(43)) - raft.server.log.statemachine.data.sync.timeout = 10s (default)
2019-06-14 12:57:39,426 INFO  server.RaftServerConfigKeys (ConfUtils.java:logGet(43)) - raft.server.log.statemachine.data.sync.timeout.retry = -1 (default)
2019-06-14 12:57:39,426 INFO  server.RaftServerConfigKeys (ConfUtils.java:logGet(43)) - raft.server.log.statemachine.data.caching.enabled = true (custom)
2019-06-14 12:57:39,427 INFO  server.RaftServerConfigKeys (ConfUtils.java:logGet(43)) - raft.server.snapshot.auto.trigger.enabled = true (custom)
2019-06-14 12:57:39,427 INFO  server.RaftServerConfigKeys (ConfUtils.java:logGet(43)) - raft.server.snapshot.auto.trigger.threshold = 10000 (custom)
2019-06-14 12:57:39,427 INFO  server.RaftServerConfigKeys (ConfUtils.java:logGet(43)) - raft.server.retrycache.expirytime = 600000ms (custom)
2019-06-14 12:57:39,427 INFO  impl.RaftServerImpl (RaftServerImpl.java:start(173)) - c8e4d783-8046-486a-9184-a89f3528cc10: start group-5D5153D7B87F
2019-06-14 12:57:39,427 INFO  impl.RaftServerImpl (RaftServerImpl.java:setRole(164)) - c8e4d783-8046-486a-9184-a89f3528cc10:group-5D5153D7B87F changes role from null to FOLLOWER at term 0 for startAsFollower
2019-06-14 12:57:39,427 INFO  impl.RoleInfo (RoleInfo.java:updateAndGet(143)) - c8e4d783-8046-486a-9184-a89f3528cc10: start FollowerState
2019-06-14 12:57:39,427 INFO  util.JmxRegister (JmxRegister.java:tryRegister(44)) - Successfully registered JMX Bean with object name Ratis:service=RaftServer,group=group-5D5153D7B87F,id=c8e4d783-8046-486a-9184-a89f3528cc10
2019-06-14 12:57:39,434 INFO  pipeline.PipelineStateManager (PipelineStateManager.java:addPipeline(56)) - Created pipeline Pipeline[ Id: 7f67f964-7938-42fd-a154-5d5153d7b87f, Nodes: c8e4d783-8046-486a-9184-a89f3528cc10{ip: 192.168.134.78, host: ozone-8z6qt-916494304, networkLocation: /default-rack, certSerialId: null}, Type:RATIS, Factor:ONE, State:OPEN]
2019-06-14 12:57:39,455 INFO  impl.RaftServerProxy (RaftServerProxy.java:addNew(89)) - 8e792b7f-a9eb-46d4-998c-7df3baa65481: addNew group-E6FCD30E2182:[8e792b7f-a9eb-46d4-998c-7df3baa65481:192.168.134.78:41863, c8e4d783-8046-486a-9184-a89f3528cc10:192.168.134.78:40275, afed55df-cba2-4484-9274-c4582ece225f:192.168.134.78:46035] returns group-E6FCD30E2182:java.util.concurrent.CompletableFuture@23da23b1[Not completed]
2019-06-14 12:57:39,455 INFO  impl.RaftServerProxy (RaftServerProxy.java:addNew(89)) - afed55df-cba2-4484-9274-c4582ece225f: addNew group-E6FCD30E2182:[8e792b7f-a9eb-46d4-998c-7df3baa65481:192.168.134.78:41863, c8e4d783-8046-486a-9184-a89f3528cc10:192.168.134.78:40275, afed55df-cba2-4484-9274-c4582ece225f:192.168.134.78:46035] returns group-E6FCD30E2182:java.util.concurrent.CompletableFuture@27e5b312[Not completed]
2019-06-14 12:57:39,455 INFO  impl.RaftServerImpl (RaftServerImpl.java:<init>(91)) - 8e792b7f-a9eb-46d4-998c-7df3baa65481: new RaftServerImpl for group-E6FCD30E2182:[8e792b7f-a9eb-46d4-998c-7df3baa65481:192.168.134.78:41863, c8e4d783-8046-486a-9184-a89f3528cc10:192.168.134.78:40275, afed55df-cba2-4484-9274-c4582ece225f:192.168.134.78:46035] with ContainerStateMachine:uninitialized
2019-06-14 12:57:39,456 INFO  server.RaftServerConfigKeys (ConfUtils.java:logGet(43)) - raft.server.rpc.timeout.min = 1s (custom)
2019-06-14 12:57:39,456 INFO  server.RaftServerConfigKeys (ConfUtils.java:logGet(43)) - raft.server.rpc.timeout.max = 1200ms (custom)
2019-06-14 12:57:39,456 INFO  server.RaftServerConfigKeys (ConfUtils.java:logGet(43)) - raft.server.rpcslowness.timeout = 120s (custom)
2019-06-14 12:57:39,456 INFO  impl.RaftServerImpl (RaftServerImpl.java:<init>(91)) - afed55df-cba2-4484-9274-c4582ece225f: new RaftServerImpl for group-E6FCD30E2182:[8e792b7f-a9eb-46d4-998c-7df3baa65481:192.168.134.78:41863, c8e4d783-8046-486a-9184-a89f3528cc10:192.168.134.78:40275, afed55df-cba2-4484-9274-c4582ece225f:192.168.134.78:46035] with ContainerStateMachine:uninitialized
2019-06-14 12:57:39,456 INFO  server.RaftServerConfigKeys (ConfUtils.java:logGet(43)) - raft.server.log.appender.install.snapshot.enabled = true (default)
2019-06-14 12:57:39,456 INFO  server.RaftServerConfigKeys (ConfUtils.java:logGet(43)) - raft.server.rpc.timeout.min = 1s (custom)
2019-06-14 12:57:39,456 INFO  impl.RaftServerImpl (ServerState.java:<init>(101)) - 8e792b7f-a9eb-46d4-998c-7df3baa65481:group-E6FCD30E2182 ConfigurationManager, init=-1: [8e792b7f-a9eb-46d4-998c-7df3baa65481:192.168.134.78:41863, c8e4d783-8046-486a-9184-a89f3528cc10:192.168.134.78:40275, afed55df-cba2-4484-9274-c4582ece225f:192.168.134.78:46035], old=null, confs=<EMPTY_MAP>
2019-06-14 12:57:39,456 INFO  server.RaftServerConfigKeys (ConfUtils.java:logGet(43)) - raft.server.rpc.timeout.max = 1200ms (custom)
2019-06-14 12:57:39,456 INFO  server.RaftServerConfigKeys (ConfUtils.java:logGet(43)) - raft.server.rpcslowness.timeout = 120s (custom)
2019-06-14 12:57:39,456 INFO  server.RaftServerConfigKeys (ConfUtils.java:logGet(43)) - raft.server.storage.dir = [/opt/src/hadoop-ozone/integration-test/target/test-dir/MiniOzoneClusterImpl-8f71f0c5-7266-46e3-a4ad-dbad200cc1ab/datanode-4/data/ratis] (custom)
2019-06-14 12:57:39,456 INFO  server.RaftServerConfigKeys (ConfUtils.java:logGet(43)) - raft.server.log.appender.install.snapshot.enabled = true (default)
2019-06-14 12:57:39,456 INFO  impl.RaftServerImpl (ServerState.java:<init>(101)) - afed55df-cba2-4484-9274-c4582ece225f:group-E6FCD30E2182 ConfigurationManager, init=-1: [8e792b7f-a9eb-46d4-998c-7df3baa65481:192.168.134.78:41863, c8e4d783-8046-486a-9184-a89f3528cc10:192.168.134.78:40275, afed55df-cba2-4484-9274-c4582ece225f:192.168.134.78:46035], old=null, confs=<EMPTY_MAP>
2019-06-14 12:57:39,457 INFO  storage.RaftStorageDirectory (RaftStorageDirectory.java:analyzeStorage(246)) - The storage directory /opt/src/hadoop-ozone/integration-test/target/test-dir/MiniOzoneClusterImpl-8f71f0c5-7266-46e3-a4ad-dbad200cc1ab/datanode-4/data/ratis/e7043a4f-bd08-4aa9-b53e-e6fcd30e2182 does not exist. Creating ...
2019-06-14 12:57:39,457 INFO  server.RaftServerConfigKeys (ConfUtils.java:logGet(43)) - raft.server.storage.dir = [/opt/src/hadoop-ozone/integration-test/target/test-dir/MiniOzoneClusterImpl-8f71f0c5-7266-46e3-a4ad-dbad200cc1ab/datanode-2/data/ratis] (custom)
2019-06-14 12:57:39,458 INFO  impl.RaftServerProxy (RaftServerProxy.java:addNew(89)) - c8e4d783-8046-486a-9184-a89f3528cc10: addNew group-E6FCD30E2182:[8e792b7f-a9eb-46d4-998c-7df3baa65481:192.168.134.78:41863, c8e4d783-8046-486a-9184-a89f3528cc10:192.168.134.78:40275, afed55df-cba2-4484-9274-c4582ece225f:192.168.134.78:46035] returns group-E6FCD30E2182:java.util.concurrent.CompletableFuture@5feba656[Not completed]
2019-06-14 12:57:39,458 INFO  storage.RaftStorageDirectory (RaftStorageDirectory.java:analyzeStorage(246)) - The storage directory /opt/src/hadoop-ozone/integration-test/target/test-dir/MiniOzoneClusterImpl-8f71f0c5-7266-46e3-a4ad-dbad200cc1ab/datanode-2/data/ratis/e7043a4f-bd08-4aa9-b53e-e6fcd30e2182 does not exist. Creating ...
2019-06-14 12:57:39,458 INFO  impl.RaftServerImpl (RaftServerImpl.java:<init>(91)) - c8e4d783-8046-486a-9184-a89f3528cc10: new RaftServerImpl for group-E6FCD30E2182:[8e792b7f-a9eb-46d4-998c-7df3baa65481:192.168.134.78:41863, c8e4d783-8046-486a-9184-a89f3528cc10:192.168.134.78:40275, afed55df-cba2-4484-9274-c4582ece225f:192.168.134.78:46035] with ContainerStateMachine:uninitialized
2019-06-14 12:57:39,458 INFO  server.RaftServerConfigKeys (ConfUtils.java:logGet(43)) - raft.server.rpc.timeout.min = 1s (custom)
2019-06-14 12:57:39,458 INFO  server.RaftServerConfigKeys (ConfUtils.java:logGet(43)) - raft.server.rpc.timeout.max = 1200ms (custom)
2019-06-14 12:57:39,459 INFO  server.RaftServerConfigKeys (ConfUtils.java:logGet(43)) - raft.server.rpcslowness.timeout = 120s (custom)
2019-06-14 12:57:39,459 INFO  server.RaftServerConfigKeys (ConfUtils.java:logGet(43)) - raft.server.log.appender.install.snapshot.enabled = true (default)
2019-06-14 12:57:39,459 INFO  impl.RaftServerImpl (ServerState.java:<init>(101)) - c8e4d783-8046-486a-9184-a89f3528cc10:group-E6FCD30E2182 ConfigurationManager, init=-1: [8e792b7f-a9eb-46d4-998c-7df3baa65481:192.168.134.78:41863, c8e4d783-8046-486a-9184-a89f3528cc10:192.168.134.78:40275, afed55df-cba2-4484-9274-c4582ece225f:192.168.134.78:46035], old=null, confs=<EMPTY_MAP>
2019-06-14 12:57:39,459 INFO  server.RaftServerConfigKeys (ConfUtils.java:logGet(43)) - raft.server.storage.dir = [/opt/src/hadoop-ozone/integration-test/target/test-dir/MiniOzoneClusterImpl-8f71f0c5-7266-46e3-a4ad-dbad200cc1ab/datanode-5/data/ratis] (custom)
2019-06-14 12:57:39,459 INFO  storage.RaftStorageDirectory (RaftStorageDirectory.java:analyzeStorage(246)) - The storage directory /opt/src/hadoop-ozone/integration-test/target/test-dir/MiniOzoneClusterImpl-8f71f0c5-7266-46e3-a4ad-dbad200cc1ab/datanode-5/data/ratis/e7043a4f-bd08-4aa9-b53e-e6fcd30e2182 does not exist. Creating ...
2019-06-14 12:57:39,460 INFO  storage.RaftStorageDirectory (RaftStorageDirectory.java:tryLock(328)) - Lock on /opt/src/hadoop-ozone/integration-test/target/test-dir/MiniOzoneClusterImpl-8f71f0c5-7266-46e3-a4ad-dbad200cc1ab/datanode-2/data/ratis/e7043a4f-bd08-4aa9-b53e-e6fcd30e2182/in_use.lock acquired by nodename 12504@ozone-8z6qt-916494304
2019-06-14 12:57:39,460 INFO  storage.RaftStorageDirectory (RaftStorageDirectory.java:tryLock(328)) - Lock on /opt/src/hadoop-ozone/integration-test/target/test-dir/MiniOzoneClusterImpl-8f71f0c5-7266-46e3-a4ad-dbad200cc1ab/datanode-4/data/ratis/e7043a4f-bd08-4aa9-b53e-e6fcd30e2182/in_use.lock acquired by nodename 12504@ozone-8z6qt-916494304
2019-06-14 12:57:39,462 INFO  storage.RaftStorageDirectory (RaftStorageDirectory.java:tryLock(328)) - Lock on /opt/src/hadoop-ozone/integration-test/target/test-dir/MiniOzoneClusterImpl-8f71f0c5-7266-46e3-a4ad-dbad200cc1ab/datanode-5/data/ratis/e7043a4f-bd08-4aa9-b53e-e6fcd30e2182/in_use.lock acquired by nodename 12504@ozone-8z6qt-916494304
2019-06-14 12:57:39,463 INFO  storage.RaftStorage (RaftStorage.java:format(75)) - Storage directory /opt/src/hadoop-ozone/integration-test/target/test-dir/MiniOzoneClusterImpl-8f71f0c5-7266-46e3-a4ad-dbad200cc1ab/datanode-4/data/ratis/e7043a4f-bd08-4aa9-b53e-e6fcd30e2182 has been successfully formatted.
2019-06-14 12:57:39,463 INFO  storage.RaftStorage (RaftStorage.java:format(75)) - Storage directory /opt/src/hadoop-ozone/integration-test/target/test-dir/MiniOzoneClusterImpl-8f71f0c5-7266-46e3-a4ad-dbad200cc1ab/datanode-2/data/ratis/e7043a4f-bd08-4aa9-b53e-e6fcd30e2182 has been successfully formatted.
2019-06-14 12:57:39,463 INFO  ratis.ContainerStateMachine (ContainerStateMachine.java:loadSnapshot(199)) - The snapshot info is null.Setting the last applied index to:(t:0, i:~)
2019-06-14 12:57:39,463 INFO  server.RaftServerConfigKeys (ConfUtils.java:logGet(43)) - raft.server.leader.election.timeout = 120s (custom)
2019-06-14 12:57:39,463 INFO  server.RaftServerConfigKeys (ConfUtils.java:logGet(43)) - raft.server.log.use.memory = false (default)
2019-06-14 12:57:39,463 INFO  server.RaftServerConfigKeys (ConfUtils.java:logGet(43)) - raft.server.log.appender.buffer.byte-limit = 33554432 (custom)
2019-06-14 12:57:39,464 INFO  server.RaftServerConfigKeys (ConfUtils.java:logGet(43)) - raft.server.log.segment.size.max = 16384 (custom)
2019-06-14 12:57:39,464 INFO  server.RaftServerConfigKeys (ConfUtils.java:logGet(43)) - raft.server.log.segment.cache.num.max = 2 (custom)
2019-06-14 12:57:39,464 INFO  storage.RaftLogWorker (RaftLogWorker.java:<init>(123)) - new 8e792b7f-a9eb-46d4-998c-7df3baa65481-RaftLogWorker for Storage Directory /opt/src/hadoop-ozone/integration-test/target/test-dir/MiniOzoneClusterImpl-8f71f0c5-7266-46e3-a4ad-dbad200cc1ab/datanode-4/data/ratis/e7043a4f-bd08-4aa9-b53e-e6fcd30e2182
2019-06-14 12:57:39,464 INFO  server.RaftServerConfigKeys (ConfUtils.java:logGet(43)) - raft.server.log.queue.byte-limit = 2147483647 (custom)
2019-06-14 12:57:39,464 INFO  server.RaftServerConfigKeys (ConfUtils.java:logGet(43)) - raft.server.log.queue.element-limit = 1024 (custom)
2019-06-14 12:57:39,464 INFO  server.RaftServerConfigKeys (ConfUtils.java:logGet(43)) - raft.server.log.segment.size.max = 16384 (custom)
2019-06-14 12:57:39,464 INFO  server.RaftServerConfigKeys (ConfUtils.java:logGet(43)) - raft.server.log.preallocated.size = 16384 (custom)
2019-06-14 12:57:39,464 INFO  server.RaftServerConfigKeys (ConfUtils.java:logGet(43)) - raft.server.log.write.buffer.size = 33554432 (custom)
2019-06-14 12:57:39,464 INFO  server.RaftServerConfigKeys (ConfUtils.java:logGet(43)) - raft.server.log.force.sync.num = 128 (default)
2019-06-14 12:57:39,464 INFO  server.RaftServerConfigKeys (ConfUtils.java:logGet(43)) - raft.server.log.statemachine.data.sync = true (default)
2019-06-14 12:57:39,464 INFO  server.RaftServerConfigKeys (ConfUtils.java:logGet(43)) - raft.server.log.statemachine.data.sync.timeout = 10s (default)
2019-06-14 12:57:39,465 INFO  server.RaftServerConfigKeys (ConfUtils.java:logGet(43)) - raft.server.log.statemachine.data.sync.timeout.retry = -1 (default)
2019-06-14 12:57:39,465 INFO  server.RaftServerConfigKeys (ConfUtils.java:logGet(43)) - raft.server.log.statemachine.data.caching.enabled = true (custom)
2019-06-14 12:57:39,463 INFO  ratis.ContainerStateMachine (ContainerStateMachine.java:loadSnapshot(199)) - The snapshot info is null.Setting the last applied index to:(t:0, i:~)
2019-06-14 12:57:39,465 INFO  storage.RaftStorage (RaftStorage.java:format(75)) - Storage directory /opt/src/hadoop-ozone/integration-test/target/test-dir/MiniOzoneClusterImpl-8f71f0c5-7266-46e3-a4ad-dbad200cc1ab/datanode-5/data/ratis/e7043a4f-bd08-4aa9-b53e-e6fcd30e2182 has been successfully formatted.
2019-06-14 12:57:39,465 INFO  server.RaftServerConfigKeys (ConfUtils.java:logGet(43)) - raft.server.snapshot.auto.trigger.enabled = true (custom)
2019-06-14 12:57:39,465 INFO  ratis.ContainerStateMachine (ContainerStateMachine.java:loadSnapshot(199)) - The snapshot info is null.Setting the last applied index to:(t:0, i:~)
2019-06-14 12:57:39,465 INFO  server.RaftServerConfigKeys (ConfUtils.java:logGet(43)) - raft.server.leader.election.timeout = 120s (custom)
2019-06-14 12:57:39,465 INFO  server.RaftServerConfigKeys (ConfUtils.java:logGet(43)) - raft.server.leader.election.timeout = 120s (custom)
2019-06-14 12:57:39,465 INFO  server.RaftServerConfigKeys (ConfUtils.java:logGet(43)) - raft.server.log.use.memory = false (default)
2019-06-14 12:57:39,465 INFO  server.RaftServerConfigKeys (ConfUtils.java:logGet(43)) - raft.server.snapshot.auto.trigger.threshold = 10000 (custom)
2019-06-14 12:57:39,466 INFO  server.RaftServerConfigKeys (ConfUtils.java:logGet(43)) - raft.server.log.appender.buffer.byte-limit = 33554432 (custom)
2019-06-14 12:57:39,465 INFO  server.RaftServerConfigKeys (ConfUtils.java:logGet(43)) - raft.server.log.use.memory = false (default)
2019-06-14 12:57:39,466 INFO  server.RaftServerConfigKeys (ConfUtils.java:logGet(43)) - raft.server.log.segment.size.max = 16384 (custom)
2019-06-14 12:57:39,466 INFO  server.RaftServerConfigKeys (ConfUtils.java:logGet(43)) - raft.server.retrycache.expirytime = 600000ms (custom)
2019-06-14 12:57:39,466 INFO  server.RaftServerConfigKeys (ConfUtils.java:logGet(43)) - raft.server.log.segment.cache.num.max = 2 (custom)
2019-06-14 12:57:39,466 INFO  storage.RaftLogWorker (RaftLogWorker.java:<init>(123)) - new c8e4d783-8046-486a-9184-a89f3528cc10-RaftLogWorker for Storage Directory /opt/src/hadoop-ozone/integration-test/target/test-dir/MiniOzoneClusterImpl-8f71f0c5-7266-46e3-a4ad-dbad200cc1ab/datanode-5/data/ratis/e7043a4f-bd08-4aa9-b53e-e6fcd30e2182
2019-06-14 12:57:39,466 INFO  server.RaftServerConfigKeys (ConfUtils.java:logGet(43)) - raft.server.log.appender.buffer.byte-limit = 33554432 (custom)
2019-06-14 12:57:39,466 INFO  server.RaftServerConfigKeys (ConfUtils.java:logGet(43)) - raft.server.log.queue.byte-limit = 2147483647 (custom)
2019-06-14 12:57:39,466 INFO  impl.RaftServerImpl (RaftServerImpl.java:start(173)) - 8e792b7f-a9eb-46d4-998c-7df3baa65481: start group-E6FCD30E2182
2019-06-14 12:57:39,466 INFO  server.RaftServerConfigKeys (ConfUtils.java:logGet(43)) - raft.server.log.queue.element-limit = 1024 (custom)
2019-06-14 12:57:39,467 INFO  server.RaftServerConfigKeys (ConfUtils.java:logGet(43)) - raft.server.log.segment.size.max = 16384 (custom)
2019-06-14 12:57:39,467 INFO  server.RaftServerConfigKeys (ConfUtils.java:logGet(43)) - raft.server.log.preallocated.size = 16384 (custom)
2019-06-14 12:57:39,467 INFO  server.RaftServerConfigKeys (ConfUtils.java:logGet(43)) - raft.server.log.write.buffer.size = 33554432 (custom)
2019-06-14 12:57:39,467 INFO  server.RaftServerConfigKeys (ConfUtils.java:logGet(43)) - raft.server.log.force.sync.num = 128 (default)
2019-06-14 12:57:39,467 INFO  server.RaftServerConfigKeys (ConfUtils.java:logGet(43)) - raft.server.log.statemachine.data.sync = true (default)
2019-06-14 12:57:39,467 INFO  server.RaftServerConfigKeys (ConfUtils.java:logGet(43)) - raft.server.log.statemachine.data.sync.timeout = 10s (default)
2019-06-14 12:57:39,467 INFO  server.RaftServerConfigKeys (ConfUtils.java:logGet(43)) - raft.server.log.statemachine.data.sync.timeout.retry = -1 (default)
2019-06-14 12:57:39,467 INFO  server.RaftServerConfigKeys (ConfUtils.java:logGet(43)) - raft.server.log.statemachine.data.caching.enabled = true (custom)
2019-06-14 12:57:39,466 INFO  server.RaftServerConfigKeys (ConfUtils.java:logGet(43)) - raft.server.log.segment.size.max = 16384 (custom)
2019-06-14 12:57:39,467 INFO  server.RaftServerConfigKeys (ConfUtils.java:logGet(43)) - raft.server.snapshot.auto.trigger.enabled = true (custom)
2019-06-14 12:57:39,468 INFO  server.RaftServerConfigKeys (ConfUtils.java:logGet(43)) - raft.server.snapshot.auto.trigger.threshold = 10000 (custom)
2019-06-14 12:57:39,468 INFO  server.RaftServerConfigKeys (ConfUtils.java:logGet(43)) - raft.server.retrycache.expirytime = 600000ms (custom)
2019-06-14 12:57:39,468 INFO  impl.RaftServerImpl (RaftServerImpl.java:start(173)) - c8e4d783-8046-486a-9184-a89f3528cc10: start group-E6FCD30E2182
2019-06-14 12:57:39,468 INFO  impl.RaftServerImpl (RaftServerImpl.java:setRole(164)) - c8e4d783-8046-486a-9184-a89f3528cc10:group-E6FCD30E2182 changes role from null to FOLLOWER at term 0 for startAsFollower
2019-06-14 12:57:39,468 INFO  impl.RoleInfo (RoleInfo.java:updateAndGet(143)) - c8e4d783-8046-486a-9184-a89f3528cc10: start FollowerState
2019-06-14 12:57:39,467 INFO  impl.RaftServerImpl (RaftServerImpl.java:setRole(164)) - 8e792b7f-a9eb-46d4-998c-7df3baa65481:group-E6FCD30E2182 changes role from null to FOLLOWER at term 0 for startAsFollower
2019-06-14 12:57:39,468 INFO  impl.RoleInfo (RoleInfo.java:updateAndGet(143)) - 8e792b7f-a9eb-46d4-998c-7df3baa65481: start FollowerState
2019-06-14 12:57:39,467 INFO  server.RaftServerConfigKeys (ConfUtils.java:logGet(43)) - raft.server.log.segment.cache.num.max = 2 (custom)
2019-06-14 12:57:39,468 INFO  storage.RaftLogWorker (RaftLogWorker.java:<init>(123)) - new afed55df-cba2-4484-9274-c4582ece225f-RaftLogWorker for Storage Directory /opt/src/hadoop-ozone/integration-test/target/test-dir/MiniOzoneClusterImpl-8f71f0c5-7266-46e3-a4ad-dbad200cc1ab/datanode-2/data/ratis/e7043a4f-bd08-4aa9-b53e-e6fcd30e2182
2019-06-14 12:57:39,469 INFO  server.RaftServerConfigKeys (ConfUtils.java:logGet(43)) - raft.server.log.queue.byte-limit = 2147483647 (custom)
2019-06-14 12:57:39,469 INFO  server.RaftServerConfigKeys (ConfUtils.java:logGet(43)) - raft.server.log.queue.element-limit = 1024 (custom)
2019-06-14 12:57:39,469 INFO  server.RaftServerConfigKeys (ConfUtils.java:logGet(43)) - raft.server.log.segment.size.max = 16384 (custom)
2019-06-14 12:57:39,469 INFO  server.RaftServerConfigKeys (ConfUtils.java:logGet(43)) - raft.server.log.preallocated.size = 16384 (custom)
2019-06-14 12:57:39,469 INFO  server.RaftServerConfigKeys (ConfUtils.java:logGet(43)) - raft.server.log.write.buffer.size = 33554432 (custom)
2019-06-14 12:57:39,469 INFO  server.RaftServerConfigKeys (ConfUtils.java:logGet(43)) - raft.server.log.force.sync.num = 128 (default)
2019-06-14 12:57:39,469 INFO  server.RaftServerConfigKeys (ConfUtils.java:logGet(43)) - raft.server.log.statemachine.data.sync = true (default)
2019-06-14 12:57:39,469 INFO  server.RaftServerConfigKeys (ConfUtils.java:logGet(43)) - raft.server.log.statemachine.data.sync.timeout = 10s (default)
2019-06-14 12:57:39,469 INFO  server.RaftServerConfigKeys (ConfUtils.java:logGet(43)) - raft.server.log.statemachine.data.sync.timeout.retry = -1 (default)
2019-06-14 12:57:39,468 INFO  util.JmxRegister (JmxRegister.java:tryRegister(44)) - Successfully registered JMX Bean with object name Ratis:service=RaftServer,group=group-E6FCD30E2182,id=c8e4d783-8046-486a-9184-a89f3528cc10
2019-06-14 12:57:39,470 INFO  util.JmxRegister (JmxRegister.java:tryRegister(44)) - Successfully registered JMX Bean with object name Ratis:service=RaftServer,group=group-E6FCD30E2182,id=8e792b7f-a9eb-46d4-998c-7df3baa65481
2019-06-14 12:57:39,470 INFO  server.RaftServerConfigKeys (ConfUtils.java:logGet(43)) - raft.server.log.statemachine.data.caching.enabled = true (custom)
2019-06-14 12:57:39,470 INFO  server.RaftServerConfigKeys (ConfUtils.java:logGet(43)) - raft.server.snapshot.auto.trigger.enabled = true (custom)
2019-06-14 12:57:39,471 INFO  server.RaftServerConfigKeys (ConfUtils.java:logGet(43)) - raft.server.snapshot.auto.trigger.threshold = 10000 (custom)
2019-06-14 12:57:39,471 INFO  server.RaftServerConfigKeys (ConfUtils.java:logGet(43)) - raft.server.retrycache.expirytime = 600000ms (custom)
2019-06-14 12:57:39,471 INFO  impl.RaftServerImpl (RaftServerImpl.java:start(173)) - afed55df-cba2-4484-9274-c4582ece225f: start group-E6FCD30E2182
2019-06-14 12:57:39,471 INFO  impl.RaftServerImpl (RaftServerImpl.java:setRole(164)) - afed55df-cba2-4484-9274-c4582ece225f:group-E6FCD30E2182 changes role from null to FOLLOWER at term 0 for startAsFollower
2019-06-14 12:57:39,471 INFO  impl.RoleInfo (RoleInfo.java:updateAndGet(143)) - afed55df-cba2-4484-9274-c4582ece225f: start FollowerState
2019-06-14 12:57:39,472 INFO  util.JmxRegister (JmxRegister.java:tryRegister(44)) - Successfully registered JMX Bean with object name Ratis:service=RaftServer,group=group-E6FCD30E2182,id=afed55df-cba2-4484-9274-c4582ece225f
2019-06-14 12:57:39,492 INFO  pipeline.PipelineStateManager (PipelineStateManager.java:addPipeline(56)) - Created pipeline Pipeline[ Id: e7043a4f-bd08-4aa9-b53e-e6fcd30e2182, Nodes: 8e792b7f-a9eb-46d4-998c-7df3baa65481{ip: 192.168.134.78, host: ozone-8z6qt-916494304, networkLocation: /default-rack, certSerialId: null}c8e4d783-8046-486a-9184-a89f3528cc10{ip: 192.168.134.78, host: ozone-8z6qt-916494304, networkLocation: /default-rack, certSerialId: null}afed55df-cba2-4484-9274-c4582ece225f{ip: 192.168.134.78, host: ozone-8z6qt-916494304, networkLocation: /default-rack, certSerialId: null}, Type:RATIS, Factor:THREE, State:OPEN]
2019-06-14 12:57:39,558 INFO  ozone.MiniOzoneClusterImpl (MiniOzoneClusterImpl.java:lambda$waitForClusterToBeReady$0(142)) - Waiting for cluster to be ready. Got 6 of 7 DN Heartbeats.
2019-06-14 12:57:39,559 INFO  node.SCMNodeManager (SCMNodeManager.java:register(234)) - Registered Data node : 8c02777f-3606-47ab-8894-6d2fdac67faa{ip: 192.168.134.78, host: ozone-8z6qt-916494304, networkLocation: /default-rack, certSerialId: null}
2019-06-14 12:57:39,575 INFO  impl.RaftServerProxy (RaftServerProxy.java:addNew(89)) - 8c02777f-3606-47ab-8894-6d2fdac67faa: addNew group-045BC995FB38:[8c02777f-3606-47ab-8894-6d2fdac67faa:192.168.134.78:45617] returns group-045BC995FB38:java.util.concurrent.CompletableFuture@24c7e1d7[Not completed]
2019-06-14 12:57:39,575 INFO  impl.RaftServerImpl (RaftServerImpl.java:<init>(91)) - 8c02777f-3606-47ab-8894-6d2fdac67faa: new RaftServerImpl for group-045BC995FB38:[8c02777f-3606-47ab-8894-6d2fdac67faa:192.168.134.78:45617] with ContainerStateMachine:uninitialized
2019-06-14 12:57:39,575 INFO  server.RaftServerConfigKeys (ConfUtils.java:logGet(43)) - raft.server.rpc.timeout.min = 1s (custom)
2019-06-14 12:57:39,576 INFO  server.RaftServerConfigKeys (ConfUtils.java:logGet(43)) - raft.server.rpc.timeout.max = 1200ms (custom)
2019-06-14 12:57:39,576 INFO  server.RaftServerConfigKeys (ConfUtils.java:logGet(43)) - raft.server.rpcslowness.timeout = 120s (custom)
2019-06-14 12:57:39,576 INFO  server.RaftServerConfigKeys (ConfUtils.java:logGet(43)) - raft.server.log.appender.install.snapshot.enabled = true (default)
2019-06-14 12:57:39,576 INFO  impl.RaftServerImpl (ServerState.java:<init>(101)) - 8c02777f-3606-47ab-8894-6d2fdac67faa:group-045BC995FB38 ConfigurationManager, init=-1: [8c02777f-3606-47ab-8894-6d2fdac67faa:192.168.134.78:45617], old=null, confs=<EMPTY_MAP>
2019-06-14 12:57:39,576 INFO  server.RaftServerConfigKeys (ConfUtils.java:logGet(43)) - raft.server.storage.dir = [/opt/src/hadoop-ozone/integration-test/target/test-dir/MiniOzoneClusterImpl-8f71f0c5-7266-46e3-a4ad-dbad200cc1ab/datanode-6/data/ratis] (custom)
2019-06-14 12:57:39,576 INFO  storage.RaftStorageDirectory (RaftStorageDirectory.java:analyzeStorage(246)) - The storage directory /opt/src/hadoop-ozone/integration-test/target/test-dir/MiniOzoneClusterImpl-8f71f0c5-7266-46e3-a4ad-dbad200cc1ab/datanode-6/data/ratis/b989720f-67f1-4e56-b1e1-045bc995fb38 does not exist. Creating ...
2019-06-14 12:57:39,578 INFO  storage.RaftStorageDirectory (RaftStorageDirectory.java:tryLock(328)) - Lock on /opt/src/hadoop-ozone/integration-test/target/test-dir/MiniOzoneClusterImpl-8f71f0c5-7266-46e3-a4ad-dbad200cc1ab/datanode-6/data/ratis/b989720f-67f1-4e56-b1e1-045bc995fb38/in_use.lock acquired by nodename 12504@ozone-8z6qt-916494304
2019-06-14 12:57:39,580 INFO  storage.RaftStorage (RaftStorage.java:format(75)) - Storage directory /opt/src/hadoop-ozone/integration-test/target/test-dir/MiniOzoneClusterImpl-8f71f0c5-7266-46e3-a4ad-dbad200cc1ab/datanode-6/data/ratis/b989720f-67f1-4e56-b1e1-045bc995fb38 has been successfully formatted.
2019-06-14 12:57:39,580 INFO  ratis.ContainerStateMachine (ContainerStateMachine.java:loadSnapshot(199)) - The snapshot info is null.Setting the last applied index to:(t:0, i:~)
2019-06-14 12:57:39,580 INFO  server.RaftServerConfigKeys (ConfUtils.java:logGet(43)) - raft.server.leader.election.timeout = 120s (custom)
2019-06-14 12:57:39,580 INFO  server.RaftServerConfigKeys (ConfUtils.java:logGet(43)) - raft.server.log.use.memory = false (default)
2019-06-14 12:57:39,581 INFO  server.RaftServerConfigKeys (ConfUtils.java:logGet(43)) - raft.server.log.appender.buffer.byte-limit = 33554432 (custom)
2019-06-14 12:57:39,581 INFO  server.RaftServerConfigKeys (ConfUtils.java:logGet(43)) - raft.server.log.segment.size.max = 16384 (custom)
2019-06-14 12:57:39,581 INFO  server.RaftServerConfigKeys (ConfUtils.java:logGet(43)) - raft.server.log.segment.cache.num.max = 2 (custom)
2019-06-14 12:57:39,581 INFO  storage.RaftLogWorker (RaftLogWorker.java:<init>(123)) - new 8c02777f-3606-47ab-8894-6d2fdac67faa-RaftLogWorker for Storage Directory /opt/src/hadoop-ozone/integration-test/target/test-dir/MiniOzoneClusterImpl-8f71f0c5-7266-46e3-a4ad-dbad200cc1ab/datanode-6/data/ratis/b989720f-67f1-4e56-b1e1-045bc995fb38
2019-06-14 12:57:39,581 INFO  server.RaftServerConfigKeys (ConfUtils.java:logGet(43)) - raft.server.log.queue.byte-limit = 2147483647 (custom)
2019-06-14 12:57:39,581 INFO  server.RaftServerConfigKeys (ConfUtils.java:logGet(43)) - raft.server.log.queue.element-limit = 1024 (custom)
2019-06-14 12:57:39,581 INFO  server.RaftServerConfigKeys (ConfUtils.java:logGet(43)) - raft.server.log.segment.size.max = 16384 (custom)
2019-06-14 12:57:39,581 INFO  server.RaftServerConfigKeys (ConfUtils.java:logGet(43)) - raft.server.log.preallocated.size = 16384 (custom)
2019-06-14 12:57:39,581 INFO  server.RaftServerConfigKeys (ConfUtils.java:logGet(43)) - raft.server.log.write.buffer.size = 33554432 (custom)
2019-06-14 12:57:39,581 INFO  server.RaftServerConfigKeys (ConfUtils.java:logGet(43)) - raft.server.log.force.sync.num = 128 (default)
2019-06-14 12:57:39,581 INFO  server.RaftServerConfigKeys (ConfUtils.java:logGet(43)) - raft.server.log.statemachine.data.sync = true (default)
2019-06-14 12:57:39,581 INFO  server.RaftServerConfigKeys (ConfUtils.java:logGet(43)) - raft.server.log.statemachine.data.sync.timeout = 10s (default)
2019-06-14 12:57:39,581 INFO  server.RaftServerConfigKeys (ConfUtils.java:logGet(43)) - raft.server.log.statemachine.data.sync.timeout.retry = -1 (default)
2019-06-14 12:57:39,581 INFO  server.RaftServerConfigKeys (ConfUtils.java:logGet(43)) - raft.server.log.statemachine.data.caching.enabled = true (custom)
2019-06-14 12:57:39,582 INFO  server.RaftServerConfigKeys (ConfUtils.java:logGet(43)) - raft.server.snapshot.auto.trigger.enabled = true (custom)
2019-06-14 12:57:39,582 INFO  server.RaftServerConfigKeys (ConfUtils.java:logGet(43)) - raft.server.snapshot.auto.trigger.threshold = 10000 (custom)
2019-06-14 12:57:39,582 INFO  server.RaftServerConfigKeys (ConfUtils.java:logGet(43)) - raft.server.retrycache.expirytime = 600000ms (custom)
2019-06-14 12:57:39,582 INFO  impl.RaftServerImpl (RaftServerImpl.java:start(173)) - 8c02777f-3606-47ab-8894-6d2fdac67faa: start group-045BC995FB38
2019-06-14 12:57:39,582 INFO  impl.RaftServerImpl (RaftServerImpl.java:setRole(164)) - 8c02777f-3606-47ab-8894-6d2fdac67faa:group-045BC995FB38 changes role from null to FOLLOWER at term 0 for startAsFollower
2019-06-14 12:57:39,582 INFO  impl.RoleInfo (RoleInfo.java:updateAndGet(143)) - 8c02777f-3606-47ab-8894-6d2fdac67faa: start FollowerState
2019-06-14 12:57:39,582 INFO  util.JmxRegister (JmxRegister.java:tryRegister(44)) - Successfully registered JMX Bean with object name Ratis:service=RaftServer,group=group-045BC995FB38,id=8c02777f-3606-47ab-8894-6d2fdac67faa
2019-06-14 12:57:39,588 INFO  pipeline.PipelineStateManager (PipelineStateManager.java:addPipeline(56)) - Created pipeline Pipeline[ Id: b989720f-67f1-4e56-b1e1-045bc995fb38, Nodes: 8c02777f-3606-47ab-8894-6d2fdac67faa{ip: 192.168.134.78, host: ozone-8z6qt-916494304, networkLocation: /default-rack, certSerialId: null}, Type:RATIS, Factor:ONE, State:OPEN]
2019-06-14 12:57:40,036 INFO  impl.FollowerState (FollowerState.java:run(101)) - 59b2e28b-d605-40ec-b234-d70deb4ca944:group-954A2063EAD1 changes to CANDIDATE, lastRpcTime:1061, electionTimeout:1061ms
2019-06-14 12:57:40,036 INFO  impl.RoleInfo (RoleInfo.java:shutdownFollowerState(121)) - 59b2e28b-d605-40ec-b234-d70deb4ca944: shutdown FollowerState
2019-06-14 12:57:40,036 INFO  impl.RaftServerImpl (RaftServerImpl.java:setRole(164)) - 59b2e28b-d605-40ec-b234-d70deb4ca944:group-954A2063EAD1 changes role from FOLLOWER to CANDIDATE at term 0 for changeToCandidate
2019-06-14 12:57:40,037 INFO  impl.RoleInfo (RoleInfo.java:updateAndGet(143)) - 59b2e28b-d605-40ec-b234-d70deb4ca944: start LeaderElection
2019-06-14 12:57:40,044 INFO  impl.LeaderElection (LeaderElection.java:askForVotes(181)) - 59b2e28b-d605-40ec-b234-d70deb4ca944:group-954A2063EAD1:LeaderElection1: begin an election at term 1 for -1: [59b2e28b-d605-40ec-b234-d70deb4ca944:192.168.134.78:41337], old=null
2019-06-14 12:57:40,045 INFO  impl.RoleInfo (RoleInfo.java:shutdownLeaderElection(134)) - 59b2e28b-d605-40ec-b234-d70deb4ca944: shutdown LeaderElection
2019-06-14 12:57:40,046 INFO  impl.RaftServerImpl (RaftServerImpl.java:setRole(164)) - 59b2e28b-d605-40ec-b234-d70deb4ca944:group-954A2063EAD1 changes role from CANDIDATE to LEADER at term 1 for changeToLeader
2019-06-14 12:57:40,046 INFO  impl.RaftServerImpl (ServerState.java:setLeader(263)) - 59b2e28b-d605-40ec-b234-d70deb4ca944:group-954A2063EAD1 change Leader from null to 59b2e28b-d605-40ec-b234-d70deb4ca944 at term 1 for becomeLeader, leader elected after 1253ms
2019-06-14 12:57:40,049 INFO  server.RaftServerConfigKeys (ConfUtils.java:logGet(43)) - raft.server.staging.catchup.gap = 1000 (default)
2019-06-14 12:57:40,049 INFO  server.RaftServerConfigKeys (ConfUtils.java:logGet(43)) - raft.server.rpc.sleep.time = 25ms (default)
2019-06-14 12:57:40,051 INFO  server.RaftServerConfigKeys (ConfUtils.java:logGet(43)) - raft.server.watch.timeout = 10s (default)
2019-06-14 12:57:40,051 INFO  server.RaftServerConfigKeys (ConfUtils.java:logGet(43)) - raft.server.watch.timeout.denomination = 1s (default)
2019-06-14 12:57:40,057 INFO  impl.RoleInfo (RoleInfo.java:updateAndGet(143)) - 59b2e28b-d605-40ec-b234-d70deb4ca944: start LeaderState
2019-06-14 12:57:40,059 INFO  impl.FollowerState (FollowerState.java:run(101)) - 66b80c93-0ab3-4023-a707-31d05c35f4f9:group-449A784F0055 changes to CANDIDATE, lastRpcTime:1009, electionTimeout:1008ms
2019-06-14 12:57:40,061 INFO  impl.RoleInfo (RoleInfo.java:shutdownFollowerState(121)) - 66b80c93-0ab3-4023-a707-31d05c35f4f9: shutdown FollowerState
2019-06-14 12:57:40,061 INFO  impl.RaftServerImpl (RaftServerImpl.java:setRole(164)) - 66b80c93-0ab3-4023-a707-31d05c35f4f9:group-449A784F0055 changes role from FOLLOWER to CANDIDATE at term 0 for changeToCandidate
2019-06-14 12:57:40,061 INFO  impl.RoleInfo (RoleInfo.java:updateAndGet(143)) - 66b80c93-0ab3-4023-a707-31d05c35f4f9: start LeaderElection
2019-06-14 12:57:40,069 INFO  impl.LeaderElection (LeaderElection.java:askForVotes(181)) - 66b80c93-0ab3-4023-a707-31d05c35f4f9:group-449A784F0055:LeaderElection2: begin an election at term 1 for -1: [66b80c93-0ab3-4023-a707-31d05c35f4f9:192.168.134.78:45149], old=null
2019-06-14 12:57:40,071 INFO  impl.RoleInfo (RoleInfo.java:shutdownLeaderElection(134)) - 66b80c93-0ab3-4023-a707-31d05c35f4f9: shutdown LeaderElection
2019-06-14 12:57:40,071 INFO  impl.RaftServerImpl (RaftServerImpl.java:setRole(164)) - 66b80c93-0ab3-4023-a707-31d05c35f4f9:group-449A784F0055 changes role from CANDIDATE to LEADER at term 1 for changeToLeader
2019-06-14 12:57:40,071 INFO  impl.RaftServerImpl (ServerState.java:setLeader(263)) - 66b80c93-0ab3-4023-a707-31d05c35f4f9:group-449A784F0055 change Leader from null to 66b80c93-0ab3-4023-a707-31d05c35f4f9 at term 1 for becomeLeader, leader elected after 1023ms
2019-06-14 12:57:40,072 INFO  server.RaftServerConfigKeys (ConfUtils.java:logGet(43)) - raft.server.staging.catchup.gap = 1000 (default)
2019-06-14 12:57:40,072 INFO  server.RaftServerConfigKeys (ConfUtils.java:logGet(43)) - raft.server.rpc.sleep.time = 25ms (default)
2019-06-14 12:57:40,072 INFO  server.RaftServerConfigKeys (ConfUtils.java:logGet(43)) - raft.server.watch.timeout = 10s (default)
2019-06-14 12:57:40,072 INFO  server.RaftServerConfigKeys (ConfUtils.java:logGet(43)) - raft.server.watch.timeout.denomination = 1s (default)
2019-06-14 12:57:40,073 INFO  impl.RoleInfo (RoleInfo.java:updateAndGet(143)) - 66b80c93-0ab3-4023-a707-31d05c35f4f9: start LeaderState
2019-06-14 12:57:40,084 INFO  storage.RaftLogWorker (RaftLogWorker.java:startLogSegment(298)) - 66b80c93-0ab3-4023-a707-31d05c35f4f9-RaftLogWorker: Starting segment from index:0
2019-06-14 12:57:40,084 INFO  storage.RaftLogWorker (RaftLogWorker.java:startLogSegment(298)) - 59b2e28b-d605-40ec-b234-d70deb4ca944-RaftLogWorker: Starting segment from index:0
2019-06-14 12:57:40,111 INFO  impl.RaftServerImpl (ServerState.java:setRaftConf(361)) - 59b2e28b-d605-40ec-b234-d70deb4ca944:group-954A2063EAD1 set configuration 0: [59b2e28b-d605-40ec-b234-d70deb4ca944:192.168.134.78:41337], old=null at 0
2019-06-14 12:57:40,113 INFO  impl.RaftServerImpl (ServerState.java:setRaftConf(361)) - 66b80c93-0ab3-4023-a707-31d05c35f4f9:group-449A784F0055 set configuration 0: [66b80c93-0ab3-4023-a707-31d05c35f4f9:192.168.134.78:45149], old=null at 0
2019-06-14 12:57:40,218 INFO  impl.FollowerState (FollowerState.java:run(101)) - e10c7bf3-8b67-44d1-9522-fab3ef1763d7:group-7E616871EE18 changes to CANDIDATE, lastRpcTime:1054, electionTimeout:1054ms
2019-06-14 12:57:40,218 INFO  impl.RoleInfo (RoleInfo.java:shutdownFollowerState(121)) - e10c7bf3-8b67-44d1-9522-fab3ef1763d7: shutdown FollowerState
2019-06-14 12:57:40,218 INFO  impl.RaftServerImpl (RaftServerImpl.java:setRole(164)) - e10c7bf3-8b67-44d1-9522-fab3ef1763d7:group-7E616871EE18 changes role from FOLLOWER to CANDIDATE at term 0 for changeToCandidate
2019-06-14 12:57:40,218 INFO  impl.RoleInfo (RoleInfo.java:updateAndGet(143)) - e10c7bf3-8b67-44d1-9522-fab3ef1763d7: start LeaderElection
2019-06-14 12:57:40,241 INFO  storage.RaftLogWorker (RaftLogWorker.java:execute(469)) - 59b2e28b-d605-40ec-b234-d70deb4ca944-RaftLogWorker: created new log segment /opt/src/hadoop-ozone/integration-test/target/test-dir/MiniOzoneClusterImpl-8f71f0c5-7266-46e3-a4ad-dbad200cc1ab/datanode-0/data/ratis/e5ddb8fc-beb7-405d-b1c5-954a2063ead1/current/log_inprogress_0
2019-06-14 12:57:40,241 INFO  impl.LeaderElection (LeaderElection.java:askForVotes(181)) - e10c7bf3-8b67-44d1-9522-fab3ef1763d7:group-7E616871EE18:LeaderElection3: begin an election at term 1 for -1: [e10c7bf3-8b67-44d1-9522-fab3ef1763d7:192.168.134.78:37483], old=null
2019-06-14 12:57:40,241 INFO  impl.RoleInfo (RoleInfo.java:shutdownLeaderElection(134)) - e10c7bf3-8b67-44d1-9522-fab3ef1763d7: shutdown LeaderElection
2019-06-14 12:57:40,242 INFO  impl.RaftServerImpl (RaftServerImpl.java:setRole(164)) - e10c7bf3-8b67-44d1-9522-fab3ef1763d7:group-7E616871EE18 changes role from CANDIDATE to LEADER at term 1 for changeToLeader
2019-06-14 12:57:40,242 INFO  impl.RaftServerImpl (ServerState.java:setLeader(263)) - e10c7bf3-8b67-44d1-9522-fab3ef1763d7:group-7E616871EE18 change Leader from null to e10c7bf3-8b67-44d1-9522-fab3ef1763d7 at term 1 for becomeLeader, leader elected after 1080ms
2019-06-14 12:57:40,241 INFO  storage.RaftLogWorker (RaftLogWorker.java:execute(469)) - 66b80c93-0ab3-4023-a707-31d05c35f4f9-RaftLogWorker: created new log segment /opt/src/hadoop-ozone/integration-test/target/test-dir/MiniOzoneClusterImpl-8f71f0c5-7266-46e3-a4ad-dbad200cc1ab/datanode-1/data/ratis/9d6d7260-8a6e-4c2e-a24e-449a784f0055/current/log_inprogress_0
2019-06-14 12:57:40,243 INFO  server.RaftServerConfigKeys (ConfUtils.java:logGet(43)) - raft.server.staging.catchup.gap = 1000 (default)
2019-06-14 12:57:40,244 INFO  server.RaftServerConfigKeys (ConfUtils.java:logGet(43)) - raft.server.rpc.sleep.time = 25ms (default)
2019-06-14 12:57:40,244 INFO  server.RaftServerConfigKeys (ConfUtils.java:logGet(43)) - raft.server.watch.timeout = 10s (default)
2019-06-14 12:57:40,244 INFO  server.RaftServerConfigKeys (ConfUtils.java:logGet(43)) - raft.server.watch.timeout.denomination = 1s (default)
2019-06-14 12:57:40,245 INFO  impl.RoleInfo (RoleInfo.java:updateAndGet(143)) - e10c7bf3-8b67-44d1-9522-fab3ef1763d7: start LeaderState
2019-06-14 12:57:40,245 INFO  storage.RaftLogWorker (RaftLogWorker.java:startLogSegment(298)) - e10c7bf3-8b67-44d1-9522-fab3ef1763d7-RaftLogWorker: Starting segment from index:0
2019-06-14 12:57:40,245 INFO  impl.RaftServerImpl (ServerState.java:setRaftConf(361)) - e10c7bf3-8b67-44d1-9522-fab3ef1763d7:group-7E616871EE18 set configuration 0: [e10c7bf3-8b67-44d1-9522-fab3ef1763d7:192.168.134.78:37483], old=null at 0
2019-06-14 12:57:40,271 INFO  impl.FollowerState (FollowerState.java:run(101)) - e10c7bf3-8b67-44d1-9522-fab3ef1763d7:group-8682635C4078 changes to CANDIDATE, lastRpcTime:1018, electionTimeout:1014ms
2019-06-14 12:57:40,271 INFO  impl.RoleInfo (RoleInfo.java:shutdownFollowerState(121)) - e10c7bf3-8b67-44d1-9522-fab3ef1763d7: shutdown FollowerState
2019-06-14 12:57:40,271 INFO  impl.RaftServerImpl (RaftServerImpl.java:setRole(164)) - e10c7bf3-8b67-44d1-9522-fab3ef1763d7:group-8682635C4078 changes role from FOLLOWER to CANDIDATE at term 0 for changeToCandidate
2019-06-14 12:57:40,271 INFO  impl.RoleInfo (RoleInfo.java:updateAndGet(143)) - e10c7bf3-8b67-44d1-9522-fab3ef1763d7: start LeaderElection
2019-06-14 12:57:40,281 INFO  impl.FollowerState (FollowerState.java:run(101)) - afed55df-cba2-4484-9274-c4582ece225f:group-245CA1ABCF6F changes to CANDIDATE, lastRpcTime:1156, electionTimeout:1156ms
2019-06-14 12:57:40,281 INFO  impl.RoleInfo (RoleInfo.java:shutdownFollowerState(121)) - afed55df-cba2-4484-9274-c4582ece225f: shutdown FollowerState
2019-06-14 12:57:40,281 INFO  impl.RaftServerImpl (RaftServerImpl.java:setRole(164)) - afed55df-cba2-4484-9274-c4582ece225f:group-245CA1ABCF6F changes role from FOLLOWER to CANDIDATE at term 0 for changeToCandidate
2019-06-14 12:57:40,282 INFO  impl.RoleInfo (RoleInfo.java:updateAndGet(143)) - afed55df-cba2-4484-9274-c4582ece225f: start LeaderElection
2019-06-14 12:57:40,297 INFO  storage.RaftLogWorker (RaftLogWorker.java:execute(469)) - e10c7bf3-8b67-44d1-9522-fab3ef1763d7-RaftLogWorker: created new log segment /opt/src/hadoop-ozone/integration-test/target/test-dir/MiniOzoneClusterImpl-8f71f0c5-7266-46e3-a4ad-dbad200cc1ab/datanode-3/data/ratis/a7898a76-1344-42f1-9051-7e616871ee18/current/log_inprogress_0
2019-06-14 12:57:40,306 INFO  impl.LeaderElection (LeaderElection.java:askForVotes(181)) - e10c7bf3-8b67-44d1-9522-fab3ef1763d7:group-8682635C4078:LeaderElection4: begin an election at term 1 for -1: [66b80c93-0ab3-4023-a707-31d05c35f4f9:192.168.134.78:45149, 59b2e28b-d605-40ec-b234-d70deb4ca944:192.168.134.78:41337, e10c7bf3-8b67-44d1-9522-fab3ef1763d7:192.168.134.78:37483], old=null
2019-06-14 12:57:40,309 INFO  impl.LeaderElection (LeaderElection.java:askForVotes(181)) - afed55df-cba2-4484-9274-c4582ece225f:group-245CA1ABCF6F:LeaderElection5: begin an election at term 1 for -1: [afed55df-cba2-4484-9274-c4582ece225f:192.168.134.78:46035], old=null
2019-06-14 12:57:40,310 INFO  impl.RoleInfo (RoleInfo.java:shutdownLeaderElection(134)) - afed55df-cba2-4484-9274-c4582ece225f: shutdown LeaderElection
2019-06-14 12:57:40,310 INFO  impl.RaftServerImpl (RaftServerImpl.java:setRole(164)) - afed55df-cba2-4484-9274-c4582ece225f:group-245CA1ABCF6F changes role from CANDIDATE to LEADER at term 1 for changeToLeader
2019-06-14 12:57:40,310 INFO  impl.RaftServerImpl (ServerState.java:setLeader(263)) - afed55df-cba2-4484-9274-c4582ece225f:group-245CA1ABCF6F change Leader from null to afed55df-cba2-4484-9274-c4582ece225f at term 1 for becomeLeader, leader elected after 1186ms
2019-06-14 12:57:40,313 INFO  server.RaftServerConfigKeys (ConfUtils.java:logGet(43)) - raft.server.staging.catchup.gap = 1000 (default)
2019-06-14 12:57:40,313 INFO  server.RaftServerConfigKeys (ConfUtils.java:logGet(43)) - raft.server.rpc.sleep.time = 25ms (default)
2019-06-14 12:57:40,313 INFO  server.RaftServerConfigKeys (ConfUtils.java:logGet(43)) - raft.server.watch.timeout = 10s (default)
2019-06-14 12:57:40,313 INFO  server.RaftServerConfigKeys (ConfUtils.java:logGet(43)) - raft.server.watch.timeout.denomination = 1s (default)
2019-06-14 12:57:40,314 INFO  impl.RoleInfo (RoleInfo.java:updateAndGet(143)) - afed55df-cba2-4484-9274-c4582ece225f: start LeaderState
2019-06-14 12:57:40,314 INFO  storage.RaftLogWorker (RaftLogWorker.java:startLogSegment(298)) - afed55df-cba2-4484-9274-c4582ece225f-RaftLogWorker: Starting segment from index:0
2019-06-14 12:57:40,326 INFO  impl.RaftServerImpl (ServerState.java:setRaftConf(361)) - afed55df-cba2-4484-9274-c4582ece225f:group-245CA1ABCF6F set configuration 0: [afed55df-cba2-4484-9274-c4582ece225f:192.168.134.78:46035], old=null at 0
2019-06-14 12:57:40,367 INFO  storage.RaftLogWorker (RaftLogWorker.java:execute(469)) - afed55df-cba2-4484-9274-c4582ece225f-RaftLogWorker: created new log segment /opt/src/hadoop-ozone/integration-test/target/test-dir/MiniOzoneClusterImpl-8f71f0c5-7266-46e3-a4ad-dbad200cc1ab/datanode-2/data/ratis/5a134915-5f4b-4356-9c9f-245ca1abcf6f/current/log_inprogress_0
2019-06-14 12:57:40,370 INFO  impl.RaftServerImpl (RaftServerImpl.java:setRole(164)) - 66b80c93-0ab3-4023-a707-31d05c35f4f9:group-8682635C4078 changes role from FOLLOWER to FOLLOWER at term 1 for recognizeCandidate:e10c7bf3-8b67-44d1-9522-fab3ef1763d7
2019-06-14 12:57:40,370 INFO  impl.RoleInfo (RoleInfo.java:shutdownFollowerState(121)) - 66b80c93-0ab3-4023-a707-31d05c35f4f9: shutdown FollowerState
2019-06-14 12:57:40,370 INFO  impl.RoleInfo (RoleInfo.java:updateAndGet(143)) - 66b80c93-0ab3-4023-a707-31d05c35f4f9: start FollowerState
2019-06-14 12:57:40,370 INFO  impl.FollowerState (FollowerState.java:run(109)) - 66b80c93-0ab3-4023-a707-31d05c35f4f9: FollowerState was interrupted: java.lang.InterruptedException: sleep interrupted
2019-06-14 12:57:40,382 INFO  impl.RaftServerImpl (RaftServerImpl.java:setRole(164)) - 59b2e28b-d605-40ec-b234-d70deb4ca944:group-8682635C4078 changes role from FOLLOWER to FOLLOWER at term 1 for recognizeCandidate:e10c7bf3-8b67-44d1-9522-fab3ef1763d7
2019-06-14 12:57:40,382 INFO  impl.RoleInfo (RoleInfo.java:shutdownFollowerState(121)) - 59b2e28b-d605-40ec-b234-d70deb4ca944: shutdown FollowerState
2019-06-14 12:57:40,382 INFO  impl.FollowerState (FollowerState.java:run(109)) - 59b2e28b-d605-40ec-b234-d70deb4ca944: FollowerState was interrupted: java.lang.InterruptedException: sleep interrupted
2019-06-14 12:57:40,382 INFO  impl.RoleInfo (RoleInfo.java:updateAndGet(143)) - 59b2e28b-d605-40ec-b234-d70deb4ca944: start FollowerState
2019-06-14 12:57:40,395 INFO  impl.LeaderElection (LeaderElection.java:logAndReturn(56)) - e10c7bf3-8b67-44d1-9522-fab3ef1763d7:group-8682635C4078:LeaderElection4: Election PASSED; received 1 response(s) [e10c7bf3-8b67-44d1-9522-fab3ef1763d7->66b80c93-0ab3-4023-a707-31d05c35f4f9,true-t1] and 0 exception(s); e10c7bf3-8b67-44d1-9522-fab3ef1763d7:t1, leader=null, voted=e10c7bf3-8b67-44d1-9522-fab3ef1763d7, raftlog=e10c7bf3-8b67-44d1-9522-fab3ef1763d7-SegmentedRaftLog:OPENED:c-1,f-1,i0, conf=-1: [66b80c93-0ab3-4023-a707-31d05c35f4f9:192.168.134.78:45149, 59b2e28b-d605-40ec-b234-d70deb4ca944:192.168.134.78:41337, e10c7bf3-8b67-44d1-9522-fab3ef1763d7:192.168.134.78:37483], old=null
2019-06-14 12:57:40,395 INFO  impl.RoleInfo (RoleInfo.java:shutdownLeaderElection(134)) - e10c7bf3-8b67-44d1-9522-fab3ef1763d7: shutdown LeaderElection
2019-06-14 12:57:40,395 INFO  impl.RaftServerImpl (RaftServerImpl.java:setRole(164)) - e10c7bf3-8b67-44d1-9522-fab3ef1763d7:group-8682635C4078 changes role from CANDIDATE to LEADER at term 1 for changeToLeader
2019-06-14 12:57:40,395 INFO  impl.RaftServerImpl (ServerState.java:setLeader(263)) - e10c7bf3-8b67-44d1-9522-fab3ef1763d7:group-8682635C4078 change Leader from null to e10c7bf3-8b67-44d1-9522-fab3ef1763d7 at term 1 for becomeLeader, leader elected after 1146ms
2019-06-14 12:57:40,395 INFO  server.RaftServerConfigKeys (ConfUtils.java:logGet(43)) - raft.server.staging.catchup.gap = 1000 (default)
2019-06-14 12:57:40,395 INFO  server.RaftServerConfigKeys (ConfUtils.java:logGet(43)) - raft.server.rpc.sleep.time = 25ms (default)
2019-06-14 12:57:40,395 INFO  server.RaftServerConfigKeys (ConfUtils.java:logGet(43)) - raft.server.watch.timeout = 10s (default)
2019-06-14 12:57:40,396 INFO  server.RaftServerConfigKeys (ConfUtils.java:logGet(43)) - raft.server.watch.timeout.denomination = 1s (default)
2019-06-14 12:57:40,398 INFO  server.RaftServerConfigKeys (ConfUtils.java:logGet(43)) - raft.server.log.appender.snapshot.chunk.size.max = 16MB (=16777216) (default)
2019-06-14 12:57:40,399 INFO  server.RaftServerConfigKeys (ConfUtils.java:logGet(43)) - raft.server.log.appender.buffer.byte-limit = 33554432 (custom)
2019-06-14 12:57:40,399 INFO  server.RaftServerConfigKeys (ConfUtils.java:logGet(43)) - raft.server.log.appender.buffer.element-limit = 1 (custom)
2019-06-14 12:57:40,400 INFO  grpc.GrpcConfigKeys$Server (ConfUtils.java:logGet(43)) - raft.grpc.server.leader.outstanding.appends.max = 128 (default)
2019-06-14 12:57:40,400 INFO  server.RaftServerConfigKeys (ConfUtils.java:logGet(43)) - raft.server.rpc.request.timeout = 3000ms (default)
2019-06-14 12:57:40,400 INFO  server.RaftServerConfigKeys (ConfUtils.java:logGet(43)) - raft.server.log.appender.install.snapshot.enabled = true (default)
2019-06-14 12:57:40,400 INFO  server.RaftServerConfigKeys (ConfUtils.java:logGet(43)) - raft.server.log.appender.snapshot.chunk.size.max = 16MB (=16777216) (default)
2019-06-14 12:57:40,401 INFO  server.RaftServerConfigKeys (ConfUtils.java:logGet(43)) - raft.server.log.appender.buffer.byte-limit = 33554432 (custom)
2019-06-14 12:57:40,402 INFO  server.RaftServerConfigKeys (ConfUtils.java:logGet(43)) - raft.server.log.appender.buffer.element-limit = 1 (custom)
2019-06-14 12:57:40,402 INFO  grpc.GrpcConfigKeys$Server (ConfUtils.java:logGet(43)) - raft.grpc.server.leader.outstanding.appends.max = 128 (default)
2019-06-14 12:57:40,402 INFO  server.RaftServerConfigKeys (ConfUtils.java:logGet(43)) - raft.server.rpc.request.timeout = 3000ms (default)
2019-06-14 12:57:40,402 INFO  server.RaftServerConfigKeys (ConfUtils.java:logGet(43)) - raft.server.log.appender.install.snapshot.enabled = true (default)
2019-06-14 12:57:40,402 INFO  impl.RoleInfo (RoleInfo.java:updateAndGet(143)) - e10c7bf3-8b67-44d1-9522-fab3ef1763d7: start LeaderState
2019-06-14 12:57:40,402 INFO  storage.RaftLogWorker (RaftLogWorker.java:startLogSegment(298)) - e10c7bf3-8b67-44d1-9522-fab3ef1763d7-RaftLogWorker: Starting segment from index:0
2019-06-14 12:57:40,434 INFO  impl.RaftServerImpl (ServerState.java:setRaftConf(361)) - e10c7bf3-8b67-44d1-9522-fab3ef1763d7:group-8682635C4078 set configuration 0: [66b80c93-0ab3-4023-a707-31d05c35f4f9:192.168.134.78:45149, 59b2e28b-d605-40ec-b234-d70deb4ca944:192.168.134.78:41337, e10c7bf3-8b67-44d1-9522-fab3ef1763d7:192.168.134.78:37483], old=null at 0
2019-06-14 12:57:40,445 INFO  storage.RaftLogWorker (RaftLogWorker.java:execute(469)) - e10c7bf3-8b67-44d1-9522-fab3ef1763d7-RaftLogWorker: created new log segment /opt/src/hadoop-ozone/integration-test/target/test-dir/MiniOzoneClusterImpl-8f71f0c5-7266-46e3-a4ad-dbad200cc1ab/datanode-3/data/ratis/da3fc2bf-20af-43a5-aa1b-8682635c4078/current/log_inprogress_0
2019-06-14 12:57:40,450 INFO  impl.FollowerState (FollowerState.java:run(101)) - 8e792b7f-a9eb-46d4-998c-7df3baa65481:group-6CC03CB4A80F changes to CANDIDATE, lastRpcTime:1153, electionTimeout:1153ms
2019-06-14 12:57:40,450 INFO  impl.RoleInfo (RoleInfo.java:shutdownFollowerState(121)) - 8e792b7f-a9eb-46d4-998c-7df3baa65481: shutdown FollowerState
2019-06-14 12:57:40,450 INFO  impl.RaftServerImpl (RaftServerImpl.java:setRole(164)) - 8e792b7f-a9eb-46d4-998c-7df3baa65481:group-6CC03CB4A80F changes role from FOLLOWER to CANDIDATE at term 0 for changeToCandidate
2019-06-14 12:57:40,450 INFO  impl.RoleInfo (RoleInfo.java:updateAndGet(143)) - 8e792b7f-a9eb-46d4-998c-7df3baa65481: start LeaderElection
2019-06-14 12:57:40,467 INFO  impl.RaftServerImpl (ServerState.java:setLeader(263)) - 66b80c93-0ab3-4023-a707-31d05c35f4f9:group-8682635C4078 change Leader from null to e10c7bf3-8b67-44d1-9522-fab3ef1763d7 at term 1 for appendEntries, leader elected after 1220ms
2019-06-14 12:57:40,468 INFO  impl.RaftServerImpl (ServerState.java:setLeader(263)) - 59b2e28b-d605-40ec-b234-d70deb4ca944:group-8682635C4078 change Leader from null to e10c7bf3-8b67-44d1-9522-fab3ef1763d7 at term 1 for appendEntries, leader elected after 1223ms
2019-06-14 12:57:40,471 INFO  impl.LeaderElection (LeaderElection.java:askForVotes(181)) - 8e792b7f-a9eb-46d4-998c-7df3baa65481:group-6CC03CB4A80F:LeaderElection6: begin an election at term 1 for -1: [8e792b7f-a9eb-46d4-998c-7df3baa65481:192.168.134.78:41863], old=null
2019-06-14 12:57:40,471 INFO  impl.RoleInfo (RoleInfo.java:shutdownLeaderElection(134)) - 8e792b7f-a9eb-46d4-998c-7df3baa65481: shutdown LeaderElection
2019-06-14 12:57:40,471 INFO  impl.RaftServerImpl (RaftServerImpl.java:setRole(164)) - 8e792b7f-a9eb-46d4-998c-7df3baa65481:group-6CC03CB4A80F changes role from CANDIDATE to LEADER at term 1 for changeToLeader
2019-06-14 12:57:40,471 INFO  impl.RaftServerImpl (ServerState.java:setLeader(263)) - 8e792b7f-a9eb-46d4-998c-7df3baa65481:group-6CC03CB4A80F change Leader from null to 8e792b7f-a9eb-46d4-998c-7df3baa65481 at term 1 for becomeLeader, leader elected after 1177ms
2019-06-14 12:57:40,476 INFO  server.RaftServerConfigKeys (ConfUtils.java:logGet(43)) - raft.server.staging.catchup.gap = 1000 (default)
2019-06-14 12:57:40,476 INFO  server.RaftServerConfigKeys (ConfUtils.java:logGet(43)) - raft.server.rpc.sleep.time = 25ms (default)
2019-06-14 12:57:40,476 INFO  server.RaftServerConfigKeys (ConfUtils.java:logGet(43)) - raft.server.watch.timeout = 10s (default)
2019-06-14 12:57:40,479 INFO  server.RaftServerConfigKeys (ConfUtils.java:logGet(43)) - raft.server.watch.timeout.denomination = 1s (default)
2019-06-14 12:57:40,480 INFO  impl.RoleInfo (RoleInfo.java:updateAndGet(143)) - 8e792b7f-a9eb-46d4-998c-7df3baa65481: start LeaderState
2019-06-14 12:57:40,480 INFO  storage.RaftLogWorker (RaftLogWorker.java:startLogSegment(298)) - 8e792b7f-a9eb-46d4-998c-7df3baa65481-RaftLogWorker: Starting segment from index:0
2019-06-14 12:57:40,481 INFO  impl.RaftServerImpl (ServerState.java:setRaftConf(361)) - 8e792b7f-a9eb-46d4-998c-7df3baa65481:group-6CC03CB4A80F set configuration 0: [8e792b7f-a9eb-46d4-998c-7df3baa65481:192.168.134.78:41863], old=null at 0
2019-06-14 12:57:40,501 INFO  impl.FollowerState (FollowerState.java:run(101)) - afed55df-cba2-4484-9274-c4582ece225f:group-E6FCD30E2182 changes to CANDIDATE, lastRpcTime:1030, electionTimeout:1013ms
2019-06-14 12:57:40,501 INFO  impl.RoleInfo (RoleInfo.java:shutdownFollowerState(121)) - afed55df-cba2-4484-9274-c4582ece225f: shutdown FollowerState
2019-06-14 12:57:40,502 INFO  impl.RaftServerImpl (RaftServerImpl.java:setRole(164)) - afed55df-cba2-4484-9274-c4582ece225f:group-E6FCD30E2182 changes role from FOLLOWER to CANDIDATE at term 0 for changeToCandidate
2019-06-14 12:57:40,502 INFO  impl.RoleInfo (RoleInfo.java:updateAndGet(143)) - afed55df-cba2-4484-9274-c4582ece225f: start LeaderElection
2019-06-14 12:57:40,501 INFO  impl.FollowerState (FollowerState.java:run(101)) - c8e4d783-8046-486a-9184-a89f3528cc10:group-E6FCD30E2182 changes to CANDIDATE, lastRpcTime:1033, electionTimeout:1016ms
2019-06-14 12:57:40,502 INFO  impl.RoleInfo (RoleInfo.java:shutdownFollowerState(121)) - c8e4d783-8046-486a-9184-a89f3528cc10: shutdown FollowerState
2019-06-14 12:57:40,502 INFO  impl.RaftServerImpl (RaftServerImpl.java:setRole(164)) - c8e4d783-8046-486a-9184-a89f3528cc10:group-E6FCD30E2182 changes role from FOLLOWER to CANDIDATE at term 0 for changeToCandidate
2019-06-14 12:57:40,526 INFO  impl.FollowerState (FollowerState.java:run(101)) - 8e792b7f-a9eb-46d4-998c-7df3baa65481:group-E6FCD30E2182 changes to CANDIDATE, lastRpcTime:1057, electionTimeout:1053ms
2019-06-14 12:57:40,526 INFO  impl.RoleInfo (RoleInfo.java:shutdownFollowerState(121)) - 8e792b7f-a9eb-46d4-998c-7df3baa65481: shutdown FollowerState
2019-06-14 12:57:40,526 INFO  impl.RaftServerImpl (RaftServerImpl.java:setRole(164)) - 8e792b7f-a9eb-46d4-998c-7df3baa65481:group-E6FCD30E2182 changes role from FOLLOWER to CANDIDATE at term 0 for changeToCandidate
2019-06-14 12:57:40,526 INFO  impl.RoleInfo (RoleInfo.java:updateAndGet(143)) - 8e792b7f-a9eb-46d4-998c-7df3baa65481: start LeaderElection
2019-06-14 12:57:40,529 INFO  storage.RaftLogWorker (RaftLogWorker.java:execute(469)) - 8e792b7f-a9eb-46d4-998c-7df3baa65481-RaftLogWorker: created new log segment /opt/src/hadoop-ozone/integration-test/target/test-dir/MiniOzoneClusterImpl-8f71f0c5-7266-46e3-a4ad-dbad200cc1ab/datanode-4/data/ratis/0fcb6067-527a-49a3-bf57-6cc03cb4a80f/current/log_inprogress_0
2019-06-14 12:57:40,530 INFO  impl.RoleInfo (RoleInfo.java:updateAndGet(143)) - c8e4d783-8046-486a-9184-a89f3528cc10: start LeaderElection
2019-06-14 12:57:40,533 INFO  impl.RaftServerImpl (ServerState.java:setRaftConf(361)) - 59b2e28b-d605-40ec-b234-d70deb4ca944:group-8682635C4078 set configuration 0: [66b80c93-0ab3-4023-a707-31d05c35f4f9:192.168.134.78:45149, 59b2e28b-d605-40ec-b234-d70deb4ca944:192.168.134.78:41337, e10c7bf3-8b67-44d1-9522-fab3ef1763d7:192.168.134.78:37483], old=null at 0
2019-06-14 12:57:40,534 INFO  storage.RaftLogWorker (RaftLogWorker.java:startLogSegment(298)) - 59b2e28b-d605-40ec-b234-d70deb4ca944-RaftLogWorker: Starting segment from index:0
2019-06-14 12:57:40,535 INFO  impl.RaftServerImpl (ServerState.java:setRaftConf(361)) - 66b80c93-0ab3-4023-a707-31d05c35f4f9:group-8682635C4078 set configuration 0: [66b80c93-0ab3-4023-a707-31d05c35f4f9:192.168.134.78:45149, 59b2e28b-d605-40ec-b234-d70deb4ca944:192.168.134.78:41337, e10c7bf3-8b67-44d1-9522-fab3ef1763d7:192.168.134.78:37483], old=null at 0
2019-06-14 12:57:40,535 INFO  storage.RaftLogWorker (RaftLogWorker.java:startLogSegment(298)) - 66b80c93-0ab3-4023-a707-31d05c35f4f9-RaftLogWorker: Starting segment from index:0
2019-06-14 12:57:40,570 INFO  ozone.MiniOzoneClusterImpl (MiniOzoneClusterImpl.java:lambda$waitForClusterToBeReady$0(142)) - Cluster is ready. Got 7 of 7 DN Heartbeats.
2019-06-14 12:57:40,574 INFO  impl.LeaderElection (LeaderElection.java:askForVotes(181)) - c8e4d783-8046-486a-9184-a89f3528cc10:group-E6FCD30E2182:LeaderElection8: begin an election at term 1 for -1: [8e792b7f-a9eb-46d4-998c-7df3baa65481:192.168.134.78:41863, c8e4d783-8046-486a-9184-a89f3528cc10:192.168.134.78:40275, afed55df-cba2-4484-9274-c4582ece225f:192.168.134.78:46035], old=null
2019-06-14 12:57:40,573 INFO  impl.LeaderElection (LeaderElection.java:askForVotes(181)) - 8e792b7f-a9eb-46d4-998c-7df3baa65481:group-E6FCD30E2182:LeaderElection9: begin an election at term 1 for -1: [8e792b7f-a9eb-46d4-998c-7df3baa65481:192.168.134.78:41863, c8e4d783-8046-486a-9184-a89f3528cc10:192.168.134.78:40275, afed55df-cba2-4484-9274-c4582ece225f:192.168.134.78:46035], old=null
2019-06-14 12:57:40,572 INFO  impl.LeaderElection (LeaderElection.java:askForVotes(181)) - afed55df-cba2-4484-9274-c4582ece225f:group-E6FCD30E2182:LeaderElection7: begin an election at term 1 for -1: [8e792b7f-a9eb-46d4-998c-7df3baa65481:192.168.134.78:41863, c8e4d783-8046-486a-9184-a89f3528cc10:192.168.134.78:40275, afed55df-cba2-4484-9274-c4582ece225f:192.168.134.78:46035], old=null
2019-06-14 12:57:40,579 INFO  impl.FollowerState (FollowerState.java:run(101)) - c8e4d783-8046-486a-9184-a89f3528cc10:group-5D5153D7B87F changes to CANDIDATE, lastRpcTime:1151, electionTimeout:1151ms
2019-06-14 12:57:40,579 INFO  impl.RoleInfo (RoleInfo.java:shutdownFollowerState(121)) - c8e4d783-8046-486a-9184-a89f3528cc10: shutdown FollowerState
2019-06-14 12:57:40,579 INFO  impl.RaftServerImpl (RaftServerImpl.java:setRole(164)) - c8e4d783-8046-486a-9184-a89f3528cc10:group-5D5153D7B87F changes role from FOLLOWER to CANDIDATE at term 0 for changeToCandidate
2019-06-14 12:57:40,579 INFO  impl.RoleInfo (RoleInfo.java:updateAndGet(143)) - c8e4d783-8046-486a-9184-a89f3528cc10: start LeaderElection
2019-06-14 12:57:40,597 INFO  storage.RaftLogWorker (RaftLogWorker.java:execute(469)) - 66b80c93-0ab3-4023-a707-31d05c35f4f9-RaftLogWorker: created new log segment /opt/src/hadoop-ozone/integration-test/target/test-dir/MiniOzoneClusterImpl-8f71f0c5-7266-46e3-a4ad-dbad200cc1ab/datanode-1/data/ratis/da3fc2bf-20af-43a5-aa1b-8682635c4078/current/log_inprogress_0
2019-06-14 12:57:40,623 INFO  impl.LeaderElection (LeaderElection.java:askForVotes(181)) - c8e4d783-8046-486a-9184-a89f3528cc10:group-5D5153D7B87F:LeaderElection10: begin an election at term 1 for -1: [c8e4d783-8046-486a-9184-a89f3528cc10:192.168.134.78:40275], old=null
2019-06-14 12:57:40,623 INFO  impl.RoleInfo (RoleInfo.java:shutdownLeaderElection(134)) - c8e4d783-8046-486a-9184-a89f3528cc10: shutdown LeaderElection
2019-06-14 12:57:40,623 INFO  impl.RaftServerImpl (RaftServerImpl.java:setRole(164)) - c8e4d783-8046-486a-9184-a89f3528cc10:group-5D5153D7B87F changes role from CANDIDATE to LEADER at term 1 for changeToLeader
2019-06-14 12:57:40,623 INFO  impl.RaftServerImpl (ServerState.java:setLeader(263)) - c8e4d783-8046-486a-9184-a89f3528cc10:group-5D5153D7B87F change Leader from null to c8e4d783-8046-486a-9184-a89f3528cc10 at term 1 for becomeLeader, leader elected after 1197ms
2019-06-14 12:57:40,628 INFO  server.RaftServerConfigKeys (ConfUtils.java:logGet(43)) - raft.server.staging.catchup.gap = 1000 (default)
2019-06-14 12:57:40,628 INFO  server.RaftServerConfigKeys (ConfUtils.java:logGet(43)) - raft.server.rpc.sleep.time = 25ms (default)
2019-06-14 12:57:40,628 INFO  server.RaftServerConfigKeys (ConfUtils.java:logGet(43)) - raft.server.watch.timeout = 10s (default)
2019-06-14 12:57:40,628 INFO  server.RaftServerConfigKeys (ConfUtils.java:logGet(43)) - raft.server.watch.timeout.denomination = 1s (default)
2019-06-14 12:57:40,628 INFO  impl.RoleInfo (RoleInfo.java:updateAndGet(143)) - c8e4d783-8046-486a-9184-a89f3528cc10: start LeaderState
2019-06-14 12:57:40,628 INFO  storage.RaftLogWorker (RaftLogWorker.java:startLogSegment(298)) - c8e4d783-8046-486a-9184-a89f3528cc10-RaftLogWorker: Starting segment from index:0
2019-06-14 12:57:40,629 INFO  storage.RaftLogWorker (RaftLogWorker.java:execute(469)) - 59b2e28b-d605-40ec-b234-d70deb4ca944-RaftLogWorker: created new log segment /opt/src/hadoop-ozone/integration-test/target/test-dir/MiniOzoneClusterImpl-8f71f0c5-7266-46e3-a4ad-dbad200cc1ab/datanode-0/data/ratis/da3fc2bf-20af-43a5-aa1b-8682635c4078/current/log_inprogress_0
2019-06-14 12:57:40,629 INFO  impl.RaftServerImpl (ServerState.java:setRaftConf(361)) - c8e4d783-8046-486a-9184-a89f3528cc10:group-5D5153D7B87F set configuration 0: [c8e4d783-8046-486a-9184-a89f3528cc10:192.168.134.78:40275], old=null at 0
2019-06-14 12:57:40,688 INFO  storage.RaftLogWorker (RaftLogWorker.java:execute(469)) - c8e4d783-8046-486a-9184-a89f3528cc10-RaftLogWorker: created new log segment /opt/src/hadoop-ozone/integration-test/target/test-dir/MiniOzoneClusterImpl-8f71f0c5-7266-46e3-a4ad-dbad200cc1ab/datanode-5/data/ratis/7f67f964-7938-42fd-a154-5d5153d7b87f/current/log_inprogress_0
2019-06-14 12:57:40,700 INFO  impl.LeaderElection (LeaderElection.java:logAndReturn(56)) - afed55df-cba2-4484-9274-c4582ece225f:group-E6FCD30E2182:LeaderElection7: Election REJECTED; received 2 response(s) [afed55df-cba2-4484-9274-c4582ece225f->8e792b7f-a9eb-46d4-998c-7df3baa65481,false-t1, afed55df-cba2-4484-9274-c4582ece225f->c8e4d783-8046-486a-9184-a89f3528cc10,false-t1] and 0 exception(s); afed55df-cba2-4484-9274-c4582ece225f:t1, leader=null, voted=afed55df-cba2-4484-9274-c4582ece225f, raftlog=afed55df-cba2-4484-9274-c4582ece225f-SegmentedRaftLog:OPENED:c-1,f-1,i0, conf=-1: [8e792b7f-a9eb-46d4-998c-7df3baa65481:192.168.134.78:41863, c8e4d783-8046-486a-9184-a89f3528cc10:192.168.134.78:40275, afed55df-cba2-4484-9274-c4582ece225f:192.168.134.78:46035], old=null
2019-06-14 12:57:40,701 INFO  impl.RaftServerImpl (RaftServerImpl.java:setRole(164)) - afed55df-cba2-4484-9274-c4582ece225f:group-E6FCD30E2182 changes role from CANDIDATE to FOLLOWER at term 1 for DISCOVERED_A_NEW_TERM
2019-06-14 12:57:40,701 INFO  impl.RoleInfo (RoleInfo.java:shutdownLeaderElection(134)) - afed55df-cba2-4484-9274-c4582ece225f: shutdown LeaderElection
2019-06-14 12:57:40,701 INFO  impl.RoleInfo (RoleInfo.java:updateAndGet(143)) - afed55df-cba2-4484-9274-c4582ece225f: start FollowerState
2019-06-14 12:57:40,717 INFO  impl.LeaderElection (LeaderElection.java:logAndReturn(56)) - c8e4d783-8046-486a-9184-a89f3528cc10:group-E6FCD30E2182:LeaderElection8: Election REJECTED; received 2 response(s) [c8e4d783-8046-486a-9184-a89f3528cc10->8e792b7f-a9eb-46d4-998c-7df3baa65481,false-t1, c8e4d783-8046-486a-9184-a89f3528cc10->afed55df-cba2-4484-9274-c4582ece225f,false-t1] and 0 exception(s); c8e4d783-8046-486a-9184-a89f3528cc10:t1, leader=null, voted=c8e4d783-8046-486a-9184-a89f3528cc10, raftlog=c8e4d783-8046-486a-9184-a89f3528cc10-SegmentedRaftLog:OPENED:c-1,f-1,i0, conf=-1: [8e792b7f-a9eb-46d4-998c-7df3baa65481:192.168.134.78:41863, c8e4d783-8046-486a-9184-a89f3528cc10:192.168.134.78:40275, afed55df-cba2-4484-9274-c4582ece225f:192.168.134.78:46035], old=null
2019-06-14 12:57:40,718 INFO  impl.FollowerState (FollowerState.java:run(101)) - 8c02777f-3606-47ab-8894-6d2fdac67faa:group-045BC995FB38 changes to CANDIDATE, lastRpcTime:1135, electionTimeout:1135ms
2019-06-14 12:57:40,718 INFO  impl.RaftServerImpl (RaftServerImpl.java:setRole(164)) - c8e4d783-8046-486a-9184-a89f3528cc10:group-E6FCD30E2182 changes role from CANDIDATE to FOLLOWER at term 1 for DISCOVERED_A_NEW_TERM
2019-06-14 12:57:40,718 INFO  impl.RoleInfo (RoleInfo.java:shutdownFollowerState(121)) - 8c02777f-3606-47ab-8894-6d2fdac67faa: shutdown FollowerState
2019-06-14 12:57:40,720 INFO  impl.RaftServerImpl (RaftServerImpl.java:setRole(164)) - 8c02777f-3606-47ab-8894-6d2fdac67faa:group-045BC995FB38 changes role from FOLLOWER to CANDIDATE at term 0 for changeToCandidate
2019-06-14 12:57:40,720 INFO  impl.RoleInfo (RoleInfo.java:updateAndGet(143)) - 8c02777f-3606-47ab-8894-6d2fdac67faa: start LeaderElection
2019-06-14 12:57:40,720 INFO  impl.LeaderElection (LeaderElection.java:logAndReturn(56)) - 8e792b7f-a9eb-46d4-998c-7df3baa65481:group-E6FCD30E2182:LeaderElection9: Election REJECTED; received 2 response(s) [8e792b7f-a9eb-46d4-998c-7df3baa65481->c8e4d783-8046-486a-9184-a89f3528cc10,false-t1, 8e792b7f-a9eb-46d4-998c-7df3baa65481->afed55df-cba2-4484-9274-c4582ece225f,false-t1] and 0 exception(s); 8e792b7f-a9eb-46d4-998c-7df3baa65481:t1, leader=null, voted=8e792b7f-a9eb-46d4-998c-7df3baa65481, raftlog=8e792b7f-a9eb-46d4-998c-7df3baa65481-SegmentedRaftLog:OPENED:c-1,f-1,i0, conf=-1: [8e792b7f-a9eb-46d4-998c-7df3baa65481:192.168.134.78:41863, c8e4d783-8046-486a-9184-a89f3528cc10:192.168.134.78:40275, afed55df-cba2-4484-9274-c4582ece225f:192.168.134.78:46035], old=null
2019-06-14 12:57:40,719 INFO  impl.RoleInfo (RoleInfo.java:shutdownLeaderElection(134)) - c8e4d783-8046-486a-9184-a89f3528cc10: shutdown LeaderElection
2019-06-14 12:57:40,722 INFO  impl.RoleInfo (RoleInfo.java:updateAndGet(143)) - c8e4d783-8046-486a-9184-a89f3528cc10: start FollowerState
2019-06-14 12:57:40,722 INFO  impl.RaftServerImpl (RaftServerImpl.java:setRole(164)) - 8e792b7f-a9eb-46d4-998c-7df3baa65481:group-E6FCD30E2182 changes role from CANDIDATE to FOLLOWER at term 1 for DISCOVERED_A_NEW_TERM
2019-06-14 12:57:40,729 INFO  impl.RoleInfo (RoleInfo.java:shutdownLeaderElection(134)) - 8e792b7f-a9eb-46d4-998c-7df3baa65481: shutdown LeaderElection
2019-06-14 12:57:40,729 INFO  impl.RoleInfo (RoleInfo.java:updateAndGet(143)) - 8e792b7f-a9eb-46d4-998c-7df3baa65481: start FollowerState
2019-06-14 12:57:40,736 INFO  impl.LeaderElection (LeaderElection.java:askForVotes(181)) - 8c02777f-3606-47ab-8894-6d2fdac67faa:group-045BC995FB38:LeaderElection11: begin an election at term 1 for -1: [8c02777f-3606-47ab-8894-6d2fdac67faa:192.168.134.78:45617], old=null
2019-06-14 12:57:40,737 INFO  impl.RoleInfo (RoleInfo.java:shutdownLeaderElection(134)) - 8c02777f-3606-47ab-8894-6d2fdac67faa: shutdown LeaderElection
2019-06-14 12:57:40,737 INFO  impl.RaftServerImpl (RaftServerImpl.java:setRole(164)) - 8c02777f-3606-47ab-8894-6d2fdac67faa:group-045BC995FB38 changes role from CANDIDATE to LEADER at term 1 for changeToLeader
2019-06-14 12:57:40,737 INFO  impl.RaftServerImpl (ServerState.java:setLeader(263)) - 8c02777f-3606-47ab-8894-6d2fdac67faa:group-045BC995FB38 change Leader from null to 8c02777f-3606-47ab-8894-6d2fdac67faa at term 1 for becomeLeader, leader elected after 1156ms
2019-06-14 12:57:40,740 INFO  server.RaftServerConfigKeys (ConfUtils.java:logGet(43)) - raft.server.staging.catchup.gap = 1000 (default)
2019-06-14 12:57:40,741 INFO  server.RaftServerConfigKeys (ConfUtils.java:logGet(43)) - raft.server.rpc.sleep.time = 25ms (default)
2019-06-14 12:57:40,741 INFO  server.RaftServerConfigKeys (ConfUtils.java:logGet(43)) - raft.server.watch.timeout = 10s (default)
2019-06-14 12:57:40,741 INFO  server.RaftServerConfigKeys (ConfUtils.java:logGet(43)) - raft.server.watch.timeout.denomination = 1s (default)
2019-06-14 12:57:40,741 INFO  impl.RoleInfo (RoleInfo.java:updateAndGet(143)) - 8c02777f-3606-47ab-8894-6d2fdac67faa: start LeaderState
2019-06-14 12:57:40,741 INFO  storage.RaftLogWorker (RaftLogWorker.java:startLogSegment(298)) - 8c02777f-3606-47ab-8894-6d2fdac67faa-RaftLogWorker: Starting segment from index:0
2019-06-14 12:57:40,742 INFO  impl.RaftServerImpl (ServerState.java:setRaftConf(361)) - 8c02777f-3606-47ab-8894-6d2fdac67faa:group-045BC995FB38 set configuration 0: [8c02777f-3606-47ab-8894-6d2fdac67faa:192.168.134.78:45617], old=null at 0
2019-06-14 12:57:40,781 INFO  storage.RaftLogWorker (RaftLogWorker.java:execute(469)) - 8c02777f-3606-47ab-8894-6d2fdac67faa-RaftLogWorker: created new log segment /opt/src/hadoop-ozone/integration-test/target/test-dir/MiniOzoneClusterImpl-8f71f0c5-7266-46e3-a4ad-dbad200cc1ab/datanode-6/data/ratis/b989720f-67f1-4e56-b1e1-045bc995fb38/current/log_inprogress_0
2019-06-14 12:57:40,895 INFO  rpc.RpcClient (RpcClient.java:createVolume(289)) - Creating Volume: watchforcommithandlingtest, with root as owner.
2019-06-14 12:57:40,923 INFO  rpc.RpcClient (RpcClient.java:createBucket(426)) - Creating Bucket: watchforcommithandlingtest/watchforcommithandlingtest, with Versioning false and Storage Type set to DISK and Encryption set to false 
2019-06-14 12:57:40,932 INFO  ozone.MiniOzoneClusterImpl (MiniOzoneClusterImpl.java:getStorageContainerLocationClient(241)) - Creating StorageContainerLocationProtocol RPC client with address /0.0.0.0:42667
2019-06-14 12:57:41,074 INFO  client.GrpcClientProtocolClient (GrpcClientProtocolClient.java:onNext(254)) - client-302364A425BC->8e792b7f-a9eb-46d4-998c-7df3baa65481: receive RaftClientReply:client-302364A425BC->8e792b7f-a9eb-46d4-998c-7df3baa65481@group-E6FCD30E2182, cid=13, FAILED org.apache.ratis.protocol.NotLeaderException: Server 8e792b7f-a9eb-46d4-998c-7df3baa65481 is not the leader (afed55df-cba2-4484-9274-c4582ece225f:192.168.134.78:46035). Request must be sent to leader., logIndex=0, commits[8e792b7f-a9eb-46d4-998c-7df3baa65481:c-1]
2019-06-14 12:57:41,083 WARN  client.GrpcClientProtocolService (LogUtils.java:warn(134)) - 0-OrderedRequestStreamObserver0: onError: org.apache.ratis.thirdparty.io.grpc.StatusRuntimeException: CANCELLED: cancelled before receiving half close
2019-06-14 12:57:41,796 INFO  impl.FollowerState (FollowerState.java:run(101)) - c8e4d783-8046-486a-9184-a89f3528cc10:group-E6FCD30E2182 changes to CANDIDATE, lastRpcTime:1073, electionTimeout:1066ms
2019-06-14 12:57:41,797 INFO  impl.RoleInfo (RoleInfo.java:shutdownFollowerState(121)) - c8e4d783-8046-486a-9184-a89f3528cc10: shutdown FollowerState
2019-06-14 12:57:41,797 INFO  impl.RaftServerImpl (RaftServerImpl.java:setRole(164)) - c8e4d783-8046-486a-9184-a89f3528cc10:group-E6FCD30E2182 changes role from FOLLOWER to CANDIDATE at term 1 for changeToCandidate
2019-06-14 12:57:41,798 INFO  impl.RoleInfo (RoleInfo.java:updateAndGet(143)) - c8e4d783-8046-486a-9184-a89f3528cc10: start LeaderElection
2019-06-14 12:57:41,801 INFO  impl.LeaderElection (LeaderElection.java:askForVotes(181)) - c8e4d783-8046-486a-9184-a89f3528cc10:group-E6FCD30E2182:LeaderElection12: begin an election at term 2 for -1: [8e792b7f-a9eb-46d4-998c-7df3baa65481:192.168.134.78:41863, c8e4d783-8046-486a-9184-a89f3528cc10:192.168.134.78:40275, afed55df-cba2-4484-9274-c4582ece225f:192.168.134.78:46035], old=null
2019-06-14 12:57:41,806 INFO  impl.RaftServerImpl (RaftServerImpl.java:setRole(164)) - 8e792b7f-a9eb-46d4-998c-7df3baa65481:group-E6FCD30E2182 changes role from FOLLOWER to FOLLOWER at term 2 for recognizeCandidate:c8e4d783-8046-486a-9184-a89f3528cc10
2019-06-14 12:57:41,806 INFO  impl.RaftServerImpl (RaftServerImpl.java:setRole(164)) - afed55df-cba2-4484-9274-c4582ece225f:group-E6FCD30E2182 changes role from FOLLOWER to FOLLOWER at term 2 for recognizeCandidate:c8e4d783-8046-486a-9184-a89f3528cc10
2019-06-14 12:57:41,807 INFO  impl.RoleInfo (RoleInfo.java:shutdownFollowerState(121)) - 8e792b7f-a9eb-46d4-998c-7df3baa65481: shutdown FollowerState
2019-06-14 12:57:41,807 INFO  impl.RoleInfo (RoleInfo.java:shutdownFollowerState(121)) - afed55df-cba2-4484-9274-c4582ece225f: shutdown FollowerState
2019-06-14 12:57:41,807 INFO  impl.RoleInfo (RoleInfo.java:updateAndGet(143)) - 8e792b7f-a9eb-46d4-998c-7df3baa65481: start FollowerState
2019-06-14 12:57:41,807 INFO  impl.FollowerState (FollowerState.java:run(109)) - 8e792b7f-a9eb-46d4-998c-7df3baa65481: FollowerState was interrupted: java.lang.InterruptedException: sleep interrupted
2019-06-14 12:57:41,807 INFO  impl.FollowerState (FollowerState.java:run(109)) - afed55df-cba2-4484-9274-c4582ece225f: FollowerState was interrupted: java.lang.InterruptedException: sleep interrupted
2019-06-14 12:57:41,807 INFO  impl.RoleInfo (RoleInfo.java:updateAndGet(143)) - afed55df-cba2-4484-9274-c4582ece225f: start FollowerState
2019-06-14 12:57:41,811 INFO  impl.LeaderElection (LeaderElection.java:logAndReturn(56)) - c8e4d783-8046-486a-9184-a89f3528cc10:group-E6FCD30E2182:LeaderElection12: Election PASSED; received 1 response(s) [c8e4d783-8046-486a-9184-a89f3528cc10->afed55df-cba2-4484-9274-c4582ece225f,true-t2] and 0 exception(s); c8e4d783-8046-486a-9184-a89f3528cc10:t2, leader=null, voted=c8e4d783-8046-486a-9184-a89f3528cc10, raftlog=c8e4d783-8046-486a-9184-a89f3528cc10-SegmentedRaftLog:OPENED:c-1,f-1,i0, conf=-1: [8e792b7f-a9eb-46d4-998c-7df3baa65481:192.168.134.78:41863, c8e4d783-8046-486a-9184-a89f3528cc10:192.168.134.78:40275, afed55df-cba2-4484-9274-c4582ece225f:192.168.134.78:46035], old=null
2019-06-14 12:57:41,812 INFO  impl.RoleInfo (RoleInfo.java:shutdownLeaderElection(134)) - c8e4d783-8046-486a-9184-a89f3528cc10: shutdown LeaderElection
2019-06-14 12:57:41,815 INFO  impl.RaftServerImpl (RaftServerImpl.java:setRole(164)) - c8e4d783-8046-486a-9184-a89f3528cc10:group-E6FCD30E2182 changes role from CANDIDATE to LEADER at term 2 for changeToLeader
2019-06-14 12:57:41,815 INFO  impl.RaftServerImpl (ServerState.java:setLeader(263)) - c8e4d783-8046-486a-9184-a89f3528cc10:group-E6FCD30E2182 change Leader from null to c8e4d783-8046-486a-9184-a89f3528cc10 at term 2 for becomeLeader, leader elected after 2349ms
2019-06-14 12:57:41,815 INFO  server.RaftServerConfigKeys (ConfUtils.java:logGet(43)) - raft.server.staging.catchup.gap = 1000 (default)
2019-06-14 12:57:41,815 INFO  server.RaftServerConfigKeys (ConfUtils.java:logGet(43)) - raft.server.rpc.sleep.time = 25ms (default)
2019-06-14 12:57:41,816 INFO  server.RaftServerConfigKeys (ConfUtils.java:logGet(43)) - raft.server.watch.timeout = 10s (default)
2019-06-14 12:57:41,816 INFO  server.RaftServerConfigKeys (ConfUtils.java:logGet(43)) - raft.server.watch.timeout.denomination = 1s (default)
2019-06-14 12:57:41,816 INFO  server.RaftServerConfigKeys (ConfUtils.java:logGet(43)) - raft.server.log.appender.snapshot.chunk.size.max = 16MB (=16777216) (default)
2019-06-14 12:57:41,816 INFO  server.RaftServerConfigKeys (ConfUtils.java:logGet(43)) - raft.server.log.appender.buffer.byte-limit = 33554432 (custom)
2019-06-14 12:57:41,816 INFO  server.RaftServerConfigKeys (ConfUtils.java:logGet(43)) - raft.server.log.appender.buffer.element-limit = 1 (custom)
2019-06-14 12:57:41,816 INFO  grpc.GrpcConfigKeys$Server (ConfUtils.java:logGet(43)) - raft.grpc.server.leader.outstanding.appends.max = 128 (default)
2019-06-14 12:57:41,816 INFO  server.RaftServerConfigKeys (ConfUtils.java:logGet(43)) - raft.server.rpc.request.timeout = 3000ms (default)
2019-06-14 12:57:41,816 INFO  server.RaftServerConfigKeys (ConfUtils.java:logGet(43)) - raft.server.log.appender.install.snapshot.enabled = true (default)
2019-06-14 12:57:41,816 INFO  server.RaftServerConfigKeys (ConfUtils.java:logGet(43)) - raft.server.log.appender.snapshot.chunk.size.max = 16MB (=16777216) (default)
2019-06-14 12:57:41,817 INFO  server.RaftServerConfigKeys (ConfUtils.java:logGet(43)) - raft.server.log.appender.buffer.byte-limit = 33554432 (custom)
2019-06-14 12:57:41,817 INFO  server.RaftServerConfigKeys (ConfUtils.java:logGet(43)) - raft.server.log.appender.buffer.element-limit = 1 (custom)
2019-06-14 12:57:41,817 INFO  grpc.GrpcConfigKeys$Server (ConfUtils.java:logGet(43)) - raft.grpc.server.leader.outstanding.appends.max = 128 (default)
2019-06-14 12:57:41,817 INFO  server.RaftServerConfigKeys (ConfUtils.java:logGet(43)) - raft.server.rpc.request.timeout = 3000ms (default)
2019-06-14 12:57:41,817 INFO  server.RaftServerConfigKeys (ConfUtils.java:logGet(43)) - raft.server.log.appender.install.snapshot.enabled = true (default)
2019-06-14 12:57:41,817 INFO  impl.RoleInfo (RoleInfo.java:updateAndGet(143)) - c8e4d783-8046-486a-9184-a89f3528cc10: start LeaderState
2019-06-14 12:57:41,817 INFO  storage.RaftLogWorker (RaftLogWorker.java:startLogSegment(298)) - c8e4d783-8046-486a-9184-a89f3528cc10-RaftLogWorker: Starting segment from index:0
2019-06-14 12:57:41,818 INFO  impl.RaftServerImpl (ServerState.java:setRaftConf(361)) - c8e4d783-8046-486a-9184-a89f3528cc10:group-E6FCD30E2182 set configuration 0: [8e792b7f-a9eb-46d4-998c-7df3baa65481:192.168.134.78:41863, c8e4d783-8046-486a-9184-a89f3528cc10:192.168.134.78:40275, afed55df-cba2-4484-9274-c4582ece225f:192.168.134.78:46035], old=null at 0
2019-06-14 12:57:41,820 INFO  impl.RaftServerImpl (ServerState.java:setLeader(263)) - 8e792b7f-a9eb-46d4-998c-7df3baa65481:group-E6FCD30E2182 change Leader from null to c8e4d783-8046-486a-9184-a89f3528cc10 at term 2 for appendEntries, leader elected after 2357ms
2019-06-14 12:57:41,823 INFO  impl.RaftServerImpl (ServerState.java:setLeader(263)) - afed55df-cba2-4484-9274-c4582ece225f:group-E6FCD30E2182 change Leader from null to c8e4d783-8046-486a-9184-a89f3528cc10 at term 2 for appendEntries, leader elected after 2358ms
2019-06-14 12:57:41,841 INFO  impl.RaftServerImpl (ServerState.java:setRaftConf(361)) - 8e792b7f-a9eb-46d4-998c-7df3baa65481:group-E6FCD30E2182 set configuration 0: [8e792b7f-a9eb-46d4-998c-7df3baa65481:192.168.134.78:41863, c8e4d783-8046-486a-9184-a89f3528cc10:192.168.134.78:40275, afed55df-cba2-4484-9274-c4582ece225f:192.168.134.78:46035], old=null at 0
2019-06-14 12:57:41,841 INFO  impl.RaftServerImpl (ServerState.java:setRaftConf(361)) - afed55df-cba2-4484-9274-c4582ece225f:group-E6FCD30E2182 set configuration 0: [8e792b7f-a9eb-46d4-998c-7df3baa65481:192.168.134.78:41863, c8e4d783-8046-486a-9184-a89f3528cc10:192.168.134.78:40275, afed55df-cba2-4484-9274-c4582ece225f:192.168.134.78:46035], old=null at 0
2019-06-14 12:57:41,841 INFO  storage.RaftLogWorker (RaftLogWorker.java:startLogSegment(298)) - afed55df-cba2-4484-9274-c4582ece225f-RaftLogWorker: Starting segment from index:0
2019-06-14 12:57:41,841 INFO  storage.RaftLogWorker (RaftLogWorker.java:startLogSegment(298)) - 8e792b7f-a9eb-46d4-998c-7df3baa65481-RaftLogWorker: Starting segment from index:0
2019-06-14 12:57:41,861 INFO  storage.RaftLogWorker (RaftLogWorker.java:execute(469)) - c8e4d783-8046-486a-9184-a89f3528cc10-RaftLogWorker: created new log segment /opt/src/hadoop-ozone/integration-test/target/test-dir/MiniOzoneClusterImpl-8f71f0c5-7266-46e3-a4ad-dbad200cc1ab/datanode-5/data/ratis/e7043a4f-bd08-4aa9-b53e-e6fcd30e2182/current/log_inprogress_0
2019-06-14 12:57:41,886 INFO  storage.RaftLogWorker (RaftLogWorker.java:execute(469)) - 8e792b7f-a9eb-46d4-998c-7df3baa65481-RaftLogWorker: created new log segment /opt/src/hadoop-ozone/integration-test/target/test-dir/MiniOzoneClusterImpl-8f71f0c5-7266-46e3-a4ad-dbad200cc1ab/datanode-4/data/ratis/e7043a4f-bd08-4aa9-b53e-e6fcd30e2182/current/log_inprogress_0
2019-06-14 12:57:41,886 INFO  storage.RaftLogWorker (RaftLogWorker.java:execute(469)) - afed55df-cba2-4484-9274-c4582ece225f-RaftLogWorker: created new log segment /opt/src/hadoop-ozone/integration-test/target/test-dir/MiniOzoneClusterImpl-8f71f0c5-7266-46e3-a4ad-dbad200cc1ab/datanode-2/data/ratis/e7043a4f-bd08-4aa9-b53e-e6fcd30e2182/current/log_inprogress_0
2019-06-14 12:57:42,096 INFO  client.GrpcClientProtocolClient (GrpcClientProtocolClient.java:onNext(254)) - client-302364A425BC->afed55df-cba2-4484-9274-c4582ece225f: receive RaftClientReply:client-302364A425BC->afed55df-cba2-4484-9274-c4582ece225f@group-E6FCD30E2182, cid=13, FAILED org.apache.ratis.protocol.NotLeaderException: Server afed55df-cba2-4484-9274-c4582ece225f is not the leader (c8e4d783-8046-486a-9184-a89f3528cc10:192.168.134.78:40275). Request must be sent to leader., logIndex=0, commits[afed55df-cba2-4484-9274-c4582ece225f:c-1, 8e792b7f-a9eb-46d4-998c-7df3baa65481:c-1, c8e4d783-8046-486a-9184-a89f3528cc10:c-1]
2019-06-14 12:57:42,099 WARN  client.GrpcClientProtocolService (LogUtils.java:warn(134)) - 0-OrderedRequestStreamObserver0: onError: org.apache.ratis.thirdparty.io.grpc.StatusRuntimeException: CANCELLED: cancelled before receiving half close
2019-06-14 12:57:43,111 INFO  client.GrpcClientProtocolClient (GrpcClientProtocolClient.java:onNext(254)) - client-302364A425BC->8e792b7f-a9eb-46d4-998c-7df3baa65481: receive RaftClientReply:client-302364A425BC->8e792b7f-a9eb-46d4-998c-7df3baa65481@group-E6FCD30E2182, cid=13, FAILED org.apache.ratis.protocol.NotLeaderException: Server 8e792b7f-a9eb-46d4-998c-7df3baa65481 is not the leader (c8e4d783-8046-486a-9184-a89f3528cc10:192.168.134.78:40275). Request must be sent to leader., logIndex=0, commits[8e792b7f-a9eb-46d4-998c-7df3baa65481:c0, c8e4d783-8046-486a-9184-a89f3528cc10:c0, afed55df-cba2-4484-9274-c4582ece225f:c0]
2019-06-14 12:57:43,116 WARN  client.GrpcClientProtocolService (LogUtils.java:warn(134)) - 1-OrderedRequestStreamObserver1: onError: org.apache.ratis.thirdparty.io.grpc.StatusRuntimeException: CANCELLED: cancelled before receiving half close
2019-06-14 12:57:44,124 INFO  client.GrpcClientProtocolClient (GrpcClientProtocolClient.java:onNext(254)) - client-302364A425BC->afed55df-cba2-4484-9274-c4582ece225f: receive RaftClientReply:client-302364A425BC->afed55df-cba2-4484-9274-c4582ece225f@group-E6FCD30E2182, cid=13, FAILED org.apache.ratis.protocol.NotLeaderException: Server afed55df-cba2-4484-9274-c4582ece225f is not the leader (c8e4d783-8046-486a-9184-a89f3528cc10:192.168.134.78:40275). Request must be sent to leader., logIndex=0, commits[afed55df-cba2-4484-9274-c4582ece225f:c0, 8e792b7f-a9eb-46d4-998c-7df3baa65481:c0, c8e4d783-8046-486a-9184-a89f3528cc10:c0]
2019-06-14 12:57:44,129 WARN  client.GrpcClientProtocolService (LogUtils.java:warn(134)) - 1-OrderedRequestStreamObserver1: onError: org.apache.ratis.thirdparty.io.grpc.StatusRuntimeException: CANCELLED: cancelled before receiving half close
2019-06-14 12:57:45,138 INFO  client.GrpcClientProtocolClient (GrpcClientProtocolClient.java:onNext(254)) - client-302364A425BC->8e792b7f-a9eb-46d4-998c-7df3baa65481: receive RaftClientReply:client-302364A425BC->8e792b7f-a9eb-46d4-998c-7df3baa65481@group-E6FCD30E2182, cid=13, FAILED org.apache.ratis.protocol.NotLeaderException: Server 8e792b7f-a9eb-46d4-998c-7df3baa65481 is not the leader (c8e4d783-8046-486a-9184-a89f3528cc10:192.168.134.78:40275). Request must be sent to leader., logIndex=0, commits[8e792b7f-a9eb-46d4-998c-7df3baa65481:c0, c8e4d783-8046-486a-9184-a89f3528cc10:c0, afed55df-cba2-4484-9274-c4582ece225f:c0]
2019-06-14 12:57:45,142 WARN  client.GrpcClientProtocolService (LogUtils.java:warn(134)) - 2-OrderedRequestStreamObserver2: onError: org.apache.ratis.thirdparty.io.grpc.StatusRuntimeException: CANCELLED: cancelled before receiving half close
2019-06-14 12:57:46,150 INFO  client.GrpcClientProtocolClient (GrpcClientProtocolClient.java:onNext(254)) - client-302364A425BC->afed55df-cba2-4484-9274-c4582ece225f: receive RaftClientReply:client-302364A425BC->afed55df-cba2-4484-9274-c4582ece225f@group-E6FCD30E2182, cid=13, FAILED org.apache.ratis.protocol.NotLeaderException: Server afed55df-cba2-4484-9274-c4582ece225f is not the leader (c8e4d783-8046-486a-9184-a89f3528cc10:192.168.134.78:40275). Request must be sent to leader., logIndex=0, commits[afed55df-cba2-4484-9274-c4582ece225f:c0, 8e792b7f-a9eb-46d4-998c-7df3baa65481:c0, c8e4d783-8046-486a-9184-a89f3528cc10:c0]
2019-06-14 12:57:46,161 WARN  io.KeyOutputStream (KeyOutputStream.java:handleException(276)) - Encountered exception java.io.IOException: Unexpected Storage Container Exception: java.util.concurrent.CompletionException: java.util.concurrent.CompletionException: org.apache.ratis.protocol.RaftRetryFailureException: Failed RaftClientRequest:client-302364A425BC->afed55df-cba2-4484-9274-c4582ece225f@group-E6FCD30E2182, cid=13, seq=1*, RW, org.apache.hadoop.hdds.scm.XceiverClientRatis$$Lambda$426/1962189498@51cb1f5c for 5 attempts with RetryLimited(maxAttempts=5, sleepTime=1000ms) on the pipeline Pipeline[ Id: e7043a4f-bd08-4aa9-b53e-e6fcd30e2182, Nodes: 8e792b7f-a9eb-46d4-998c-7df3baa65481{ip: 192.168.134.78, host: ozone-8z6qt-916494304, networkLocation: /default-rack, certSerialId: null}c8e4d783-8046-486a-9184-a89f3528cc10{ip: 192.168.134.78, host: ozone-8z6qt-916494304, networkLocation: /default-rack, certSerialId: null}afed55df-cba2-4484-9274-c4582ece225f{ip: 192.168.134.78, host: ozone-8z6qt-916494304, networkLocation: /default-rack, certSerialId: null}, Type:RATIS, Factor:THREE, State:OPEN]. The last committed block length is 0, uncommitted data length is 400 retry count 0
2019-06-14 12:57:46,166 WARN  client.GrpcClientProtocolService (LogUtils.java:warn(134)) - 2-OrderedRequestStreamObserver2: onError: org.apache.ratis.thirdparty.io.grpc.StatusRuntimeException: CANCELLED: cancelled before receiving half close
2019-06-14 12:57:46,186 INFO  client.GrpcClientProtocolClient (GrpcClientProtocolClient.java:onNext(254)) - client-C64AF816D73E->66b80c93-0ab3-4023-a707-31d05c35f4f9: receive RaftClientReply:client-C64AF816D73E->66b80c93-0ab3-4023-a707-31d05c35f4f9@group-8682635C4078, cid=19, FAILED org.apache.ratis.protocol.NotLeaderException: Server 66b80c93-0ab3-4023-a707-31d05c35f4f9 is not the leader (e10c7bf3-8b67-44d1-9522-fab3ef1763d7:192.168.134.78:37483). Request must be sent to leader., logIndex=0, commits[66b80c93-0ab3-4023-a707-31d05c35f4f9:c0, 59b2e28b-d605-40ec-b234-d70deb4ca944:c0, e10c7bf3-8b67-44d1-9522-fab3ef1763d7:c0]
2019-06-14 12:57:46,190 WARN  client.GrpcClientProtocolService (LogUtils.java:warn(134)) - 0-OrderedRequestStreamObserver0: onError: org.apache.ratis.thirdparty.io.grpc.StatusRuntimeException: CANCELLED: cancelled before receiving half close
2019-06-14 12:57:47,329 INFO  client.GrpcClientProtocolClient (GrpcClientProtocolClient.java:onNext(254)) - client-C64AF816D73E->e10c7bf3-8b67-44d1-9522-fab3ef1763d7: receive RaftClientReply:client-C64AF816D73E->e10c7bf3-8b67-44d1-9522-fab3ef1763d7@group-8682635C4078, cid=19, SUCCESS, logIndex=1, commits[e10c7bf3-8b67-44d1-9522-fab3ef1763d7:c1, 66b80c93-0ab3-4023-a707-31d05c35f4f9:c1, 59b2e28b-d605-40ec-b234-d70deb4ca944:c1]
2019-06-14 12:57:47,354 INFO  client.GrpcClientProtocolClient (GrpcClientProtocolClient.java:onNext(254)) - client-C64AF816D73E->e10c7bf3-8b67-44d1-9522-fab3ef1763d7: receive RaftClientReply:client-C64AF816D73E->e10c7bf3-8b67-44d1-9522-fab3ef1763d7@group-8682635C4078, cid=20, SUCCESS, logIndex=3, commits[e10c7bf3-8b67-44d1-9522-fab3ef1763d7:c3, 66b80c93-0ab3-4023-a707-31d05c35f4f9:c2, 59b2e28b-d605-40ec-b234-d70deb4ca944:c2]
2019-06-14 12:57:47,395 INFO  client.GrpcClientProtocolClient (GrpcClientProtocolClient.java:onNext(254)) - client-C64AF816D73E->e10c7bf3-8b67-44d1-9522-fab3ef1763d7: receive RaftClientReply:client-C64AF816D73E->e10c7bf3-8b67-44d1-9522-fab3ef1763d7@group-8682635C4078, cid=21, SUCCESS, logIndex=5, commits[e10c7bf3-8b67-44d1-9522-fab3ef1763d7:c9, 66b80c93-0ab3-4023-a707-31d05c35f4f9:c5, 59b2e28b-d605-40ec-b234-d70deb4ca944:c4]
2019-06-14 12:57:47,396 INFO  client.GrpcClientProtocolClient (GrpcClientProtocolClient.java:onNext(254)) - client-C64AF816D73E->e10c7bf3-8b67-44d1-9522-fab3ef1763d7: receive RaftClientReply:client-C64AF816D73E->e10c7bf3-8b67-44d1-9522-fab3ef1763d7@group-8682635C4078, cid=22, SUCCESS, logIndex=6, commits[e10c7bf3-8b67-44d1-9522-fab3ef1763d7:c9, 66b80c93-0ab3-4023-a707-31d05c35f4f9:c5, 59b2e28b-d605-40ec-b234-d70deb4ca944:c6]
2019-06-14 12:57:47,397 INFO  client.GrpcClientProtocolClient (GrpcClientProtocolClient.java:onNext(254)) - client-C64AF816D73E->e10c7bf3-8b67-44d1-9522-fab3ef1763d7: receive RaftClientReply:client-C64AF816D73E->e10c7bf3-8b67-44d1-9522-fab3ef1763d7@group-8682635C4078, cid=23, SUCCESS, logIndex=7, commits[e10c7bf3-8b67-44d1-9522-fab3ef1763d7:c11, 66b80c93-0ab3-4023-a707-31d05c35f4f9:c5, 59b2e28b-d605-40ec-b234-d70deb4ca944:c6]
2019-06-14 12:57:47,400 INFO  client.GrpcClientProtocolClient (GrpcClientProtocolClient.java:onNext(254)) - client-C64AF816D73E->e10c7bf3-8b67-44d1-9522-fab3ef1763d7: receive RaftClientReply:client-C64AF816D73E->e10c7bf3-8b67-44d1-9522-fab3ef1763d7@group-8682635C4078, cid=24, SUCCESS, logIndex=8, commits[e10c7bf3-8b67-44d1-9522-fab3ef1763d7:c11, 66b80c93-0ab3-4023-a707-31d05c35f4f9:c5, 59b2e28b-d605-40ec-b234-d70deb4ca944:c6]
]]></system-out>
    <system-err><![CDATA[ERROR StatusLogger No Log4j 2 configuration file found. Using default configuration (logging only errors to the console), or user programmatically provided configurations. Set system property 'log4j2.debug' to show Log4j 2 internal initialization logging. See https://logging.apache.org/log4j/2.x/manual/configuration.html for instructions on how to configure Log4j 2
Jun 14, 2019 12:57:33 PM com.sun.jersey.server.impl.application.WebApplicationImpl _initiate
INFO: Initiating Jersey application, version 'Jersey: 1.19 02/11/2015 03:25 AM'
Jun 14, 2019 12:57:34 PM com.sun.jersey.server.impl.application.WebApplicationImpl _initiate
INFO: Initiating Jersey application, version 'Jersey: 1.19 02/11/2015 03:25 AM'
Jun 14, 2019 12:57:34 PM com.sun.jersey.server.impl.application.WebApplicationImpl _initiate
INFO: Initiating Jersey application, version 'Jersey: 1.19 02/11/2015 03:25 AM'
Jun 14, 2019 12:57:34 PM com.sun.jersey.server.impl.application.WebApplicationImpl _initiate
INFO: Initiating Jersey application, version 'Jersey: 1.19 02/11/2015 03:25 AM'
Jun 14, 2019 12:57:35 PM com.sun.jersey.server.impl.application.WebApplicationImpl _initiate
INFO: Initiating Jersey application, version 'Jersey: 1.19 02/11/2015 03:25 AM'
Jun 14, 2019 12:57:35 PM com.sun.jersey.server.impl.application.WebApplicationImpl _initiate
INFO: Initiating Jersey application, version 'Jersey: 1.19 02/11/2015 03:25 AM'
Jun 14, 2019 12:57:35 PM com.sun.jersey.server.impl.application.WebApplicationImpl _initiate
INFO: Initiating Jersey application, version 'Jersey: 1.19 02/11/2015 03:25 AM'
]]></system-err>
  </testcase>
  <testcase name="testWatchForCommitWithSmallerTimeoutValue" classname="org.apache.hadoop.ozone.client.rpc.TestWatchForCommit" time="13.293"/>
  <testcase name="testWatchForCommitForRetryfailure" classname="org.apache.hadoop.ozone.client.rpc.TestWatchForCommit" time="47.991">
    <failure type="java.lang.AssertionError">java.lang.AssertionError
	at org.junit.Assert.fail(Assert.java:86)
	at org.junit.Assert.assertTrue(Assert.java:41)
	at org.junit.Assert.assertTrue(Assert.java:52)
	at org.apache.hadoop.ozone.client.rpc.TestWatchForCommit.testWatchForCommitForRetryfailure(TestWatchForCommit.java:350)
	at sun.reflect.NativeMethodAccessorImpl.invoke0(Native Method)
	at sun.reflect.NativeMethodAccessorImpl.invoke(NativeMethodAccessorImpl.java:62)
	at sun.reflect.DelegatingMethodAccessorImpl.invoke(DelegatingMethodAccessorImpl.java:43)
	at java.lang.reflect.Method.invoke(Method.java:498)
	at org.junit.runners.model.FrameworkMethod$1.runReflectiveCall(FrameworkMethod.java:47)
	at org.junit.internal.runners.model.ReflectiveCallable.run(ReflectiveCallable.java:12)
	at org.junit.runners.model.FrameworkMethod.invokeExplosively(FrameworkMethod.java:44)
	at org.junit.internal.runners.statements.InvokeMethod.evaluate(InvokeMethod.java:17)
	at org.junit.runners.ParentRunner.runLeaf(ParentRunner.java:271)
	at org.junit.runners.BlockJUnit4ClassRunner.runChild(BlockJUnit4ClassRunner.java:70)
	at org.junit.runners.BlockJUnit4ClassRunner.runChild(BlockJUnit4ClassRunner.java:50)
	at org.junit.runners.ParentRunner$3.run(ParentRunner.java:238)
	at org.junit.runners.ParentRunner$1.schedule(ParentRunner.java:63)
	at org.junit.runners.ParentRunner.runChildren(ParentRunner.java:236)
	at org.junit.runners.ParentRunner.access$000(ParentRunner.java:53)
	at org.junit.runners.ParentRunner$2.evaluate(ParentRunner.java:229)
	at org.junit.runners.ParentRunner.run(ParentRunner.java:309)
	at org.apache.maven.surefire.junit4.JUnit4Provider.execute(JUnit4Provider.java:365)
	at org.apache.maven.surefire.junit4.JUnit4Provider.executeWithRerun(JUnit4Provider.java:273)
	at org.apache.maven.surefire.junit4.JUnit4Provider.executeTestSet(JUnit4Provider.java:238)
	at org.apache.maven.surefire.junit4.JUnit4Provider.invoke(JUnit4Provider.java:159)
	at org.apache.maven.surefire.booter.ForkedBooter.invokeProviderInSameClassLoader(ForkedBooter.java:384)
	at org.apache.maven.surefire.booter.ForkedBooter.runSuitesInProcess(ForkedBooter.java:345)
	at org.apache.maven.surefire.booter.ForkedBooter.execute(ForkedBooter.java:126)
	at org.apache.maven.surefire.booter.ForkedBooter.main(ForkedBooter.java:418)
</failure>
    <system-out><![CDATA[2019-06-14 12:58:00,715 WARN  server.ServerUtils (ServerUtils.java:getScmDbDir(145)) - ozone.scm.db.dirs is not configured. We recommend adding this setting. Falling back to ozone.metadata.dirs instead.
2019-06-14 12:58:00,720 WARN  server.ServerUtils (ServerUtils.java:getScmDbDir(145)) - ozone.scm.db.dirs is not configured. We recommend adding this setting. Falling back to ozone.metadata.dirs instead.
2019-06-14 12:58:00,720 WARN  server.ServerUtils (ServerUtils.java:getScmDbDir(145)) - ozone.scm.db.dirs is not configured. We recommend adding this setting. Falling back to ozone.metadata.dirs instead.
2019-06-14 12:58:00,720 INFO  db.DBStoreBuilder (DBStoreBuilder.java:addTable(110)) - using custom profile for table: deletedBlocks
2019-06-14 12:58:00,720 INFO  db.DBStoreBuilder (DBStoreBuilder.java:processTables(161)) - Using default column profile:DBProfile.DISK for Table:deletedBlocks
2019-06-14 12:58:00,720 INFO  db.DBStoreBuilder (DBStoreBuilder.java:addTable(110)) - using custom profile for table: validCerts
2019-06-14 12:58:00,721 INFO  db.DBStoreBuilder (DBStoreBuilder.java:processTables(161)) - Using default column profile:DBProfile.DISK for Table:validCerts
2019-06-14 12:58:00,721 INFO  db.DBStoreBuilder (DBStoreBuilder.java:addTable(110)) - using custom profile for table: revokedCerts
2019-06-14 12:58:00,721 INFO  db.DBStoreBuilder (DBStoreBuilder.java:processTables(161)) - Using default column profile:DBProfile.DISK for Table:revokedCerts
2019-06-14 12:58:00,721 INFO  db.DBStoreBuilder (DBStoreBuilder.java:addTable(110)) - using custom profile for table: default
2019-06-14 12:58:00,721 INFO  db.DBStoreBuilder (DBStoreBuilder.java:processTables(167)) - Using default column profile:DBProfile.DISK for Table:default
2019-06-14 12:58:00,721 INFO  db.DBStoreBuilder (DBStoreBuilder.java:getDbProfile(198)) - Using default options. DBProfile.DISK
2019-06-14 12:58:00,759 WARN  server.ServerUtils (ServerUtils.java:sanitizeUserArgs(70)) - ozone.scm.stale.node.interval value = 300000 is larger than max = 100000 based on the key value of ozone.scm.heartbeat.thread.interval, reset to the max value 100000.
2019-06-14 12:58:00,760 WARN  server.ServerUtils (ServerUtils.java:sanitizeUserArgs(70)) - ozone.scm.stale.node.interval value = 300000 is larger than max = 100000 based on the key value of ozone.scm.heartbeat.thread.interval, reset to the max value 100000.
2019-06-14 12:58:00,760 INFO  node.SCMNodeManager (SCMNodeManager.java:<init>(108)) - Entering startup safe mode.
2019-06-14 12:58:00,761 INFO  net.NodeSchemaLoader (NodeSchemaLoader.java:loadSchemaFromFile(125)) - Loading file from sun.misc.CompoundEnumeration@6f428e6e
2019-06-14 12:58:00,761 INFO  net.NodeSchemaLoader (NodeSchemaLoader.java:loadSchema(171)) - Loading network topology layer schema file
2019-06-14 12:58:00,764 WARN  server.ServerUtils (ServerUtils.java:getScmDbDir(145)) - ozone.scm.db.dirs is not configured. We recommend adding this setting. Falling back to ozone.metadata.dirs instead.
2019-06-14 12:58:00,777 INFO  pipeline.SCMPipelineManager (SCMPipelineManager.java:initializePipelineState(126)) - No pipeline exists in current db
2019-06-14 12:58:00,778 WARN  server.ServerUtils (ServerUtils.java:getScmDbDir(145)) - ozone.scm.db.dirs is not configured. We recommend adding this setting. Falling back to ozone.metadata.dirs instead.
2019-06-14 12:58:00,790 WARN  events.EventQueue (EventQueue.java:fireEvent(175)) - No event handler registered for event TypedEvent{payloadType=SafeModeStatus, name='SafeModeStatus'}
2019-06-14 12:58:00,791 INFO  ipc.CallQueueManager (CallQueueManager.java:<init>(84)) - Using callQueue: class java.util.concurrent.LinkedBlockingQueue, queueCapacity: 2000, scheduler: class org.apache.hadoop.ipc.DefaultRpcScheduler, ipcBackoff: false.
2019-06-14 12:58:00,792 INFO  ipc.Server (Server.java:run(1074)) - Starting Socket Reader #1 for port 46421
2019-06-14 12:58:00,795 INFO  ipc.CallQueueManager (CallQueueManager.java:<init>(84)) - Using callQueue: class java.util.concurrent.LinkedBlockingQueue, queueCapacity: 2000, scheduler: class org.apache.hadoop.ipc.DefaultRpcScheduler, ipcBackoff: false.
2019-06-14 12:58:00,795 INFO  ipc.Server (Server.java:run(1074)) - Starting Socket Reader #1 for port 39397
2019-06-14 12:58:00,799 INFO  ipc.CallQueueManager (CallQueueManager.java:<init>(84)) - Using callQueue: class java.util.concurrent.LinkedBlockingQueue, queueCapacity: 2000, scheduler: class org.apache.hadoop.ipc.DefaultRpcScheduler, ipcBackoff: false.
2019-06-14 12:58:00,799 INFO  ipc.Server (Server.java:run(1074)) - Starting Socket Reader #1 for port 34609
2019-06-14 12:58:00,801 INFO  hdfs.DFSUtil (DFSUtil.java:httpServerTemplateForNNAndJN(1641)) - Starting Web-server for scm at: http://0.0.0.0:0
2019-06-14 12:58:00,802 INFO  server.AuthenticationFilter (AuthenticationFilter.java:constructSecretProvider(240)) - Unable to initialize FileSignerSecretProvider, falling back to use random secrets.
2019-06-14 12:58:00,803 WARN  http.HttpRequestLog (HttpRequestLog.java:getRequestLog(97)) - Jetty request log can only be enabled using Log4j
2019-06-14 12:58:00,805 INFO  http.HttpServer2 (HttpServer2.java:addGlobalFilter(975)) - Added global filter 'safety' (class=org.apache.hadoop.http.HttpServer2$QuotingInputFilter)
2019-06-14 12:58:00,806 INFO  http.HttpServer2 (HttpServer2.java:addFilter(948)) - Added filter static_user_filter (class=org.apache.hadoop.http.lib.StaticUserWebFilter$StaticUserFilter) to context scm
2019-06-14 12:58:00,806 INFO  http.HttpServer2 (HttpServer2.java:addFilter(958)) - Added filter static_user_filter (class=org.apache.hadoop.http.lib.StaticUserWebFilter$StaticUserFilter) to context static
2019-06-14 12:58:00,806 INFO  http.HttpServer2 (HttpServer2.java:addFilter(958)) - Added filter static_user_filter (class=org.apache.hadoop.http.lib.StaticUserWebFilter$StaticUserFilter) to context logs
2019-06-14 12:58:00,810 INFO  server.StorageContainerManager (StorageContainerManager.java:start(752)) - StorageContainerLocationProtocol RPC server is listening at /0.0.0.0:34609
2019-06-14 12:58:00,810 INFO  impl.MetricsSystemImpl (MetricsSystemImpl.java:init(158)) - StorageContainerManager metrics system started (again)
2019-06-14 12:58:00,811 INFO  server.SCMClientProtocolServer (SCMClientProtocolServer.java:start(149)) - RPC server for Client  is listening at /0.0.0.0:34609
2019-06-14 12:58:00,811 INFO  ipc.Server (Server.java:run(1314)) - IPC Server Responder: starting
2019-06-14 12:58:00,811 INFO  ipc.Server (Server.java:run(1153)) - IPC Server listener on 34609: starting
2019-06-14 12:58:00,828 INFO  server.StorageContainerManager (StorageContainerManager.java:start(761)) - ScmBlockLocationProtocol RPC server is listening at /0.0.0.0:39397
2019-06-14 12:58:00,829 INFO  server.SCMBlockProtocolServer (SCMBlockProtocolServer.java:start(137)) - RPC server for Block Protocol is listening at /0.0.0.0:39397
2019-06-14 12:58:00,829 INFO  ipc.Server (Server.java:run(1314)) - IPC Server Responder: starting
2019-06-14 12:58:00,829 INFO  ipc.Server (Server.java:run(1153)) - IPC Server listener on 39397: starting
2019-06-14 12:58:00,835 INFO  server.StorageContainerManager (StorageContainerManager.java:start(765)) - ScmDatanodeProtocl RPC server is listening at /0.0.0.0:46421
2019-06-14 12:58:00,835 INFO  server.SCMDatanodeProtocolServer (SCMDatanodeProtocolServer.java:start(191)) - RPC server for DataNodes is listening at /0.0.0.0:46421
2019-06-14 12:58:00,836 INFO  ipc.Server (Server.java:run(1314)) - IPC Server Responder: starting
2019-06-14 12:58:00,837 INFO  ipc.Server (Server.java:run(1153)) - IPC Server listener on 46421: starting
2019-06-14 12:58:00,842 INFO  http.HttpServer2 (HttpServer2.java:bindListener(1191)) - Jetty bound to port 35387
2019-06-14 12:58:00,842 INFO  server.Server (Server.java:doStart(351)) - jetty-9.3.24.v20180605, build timestamp: 2018-06-05T17:11:56Z, git hash: 84205aa28f11a4f31f2a3b86d1bba2cc8ab69827
2019-06-14 12:58:00,844 INFO  handler.ContextHandler (ContextHandler.java:doStart(781)) - Started o.e.j.s.ServletContextHandler@2d3c501b{/logs,file:///opt/src/hadoop-ozone/integration-test/target/log,AVAILABLE}
2019-06-14 12:58:00,844 INFO  handler.ContextHandler (ContextHandler.java:doStart(781)) - Started o.e.j.s.ServletContextHandler@38b54694{/static,file:///opt/src/hadoop-ozone/integration-test/target/test-classes/webapps/static,AVAILABLE}
2019-06-14 12:58:00,848 INFO  handler.ContextHandler (ContextHandler.java:doStart(781)) - Started o.e.j.w.WebAppContext@41b66d1{/,file:///opt/src/hadoop-ozone/integration-test/target/test-classes/webapps/scm/,AVAILABLE}{/scm}
2019-06-14 12:58:00,848 INFO  server.AbstractConnector (AbstractConnector.java:doStart(278)) - Started ServerConnector@fb2c2f3{HTTP/1.1,[http/1.1]}{0.0.0.0:35387}
2019-06-14 12:58:00,850 INFO  server.Server (Server.java:doStart(419)) - Started @30545ms
2019-06-14 12:58:00,851 INFO  server.BaseHttpServer (BaseHttpServer.java:updateConnectorAddress(207)) - HTTP server of SCM is listening at http://0.0.0.0:35387
2019-06-14 12:58:00,852 WARN  scm.ScmUtils (ScmUtils.java:getDBPath(63)) - ozone.om.db.dirs is not configured. We recommend adding this setting. Falling back to ozone.metadata.dirs instead.
2019-06-14 12:58:00,853 INFO  util.JvmPauseMonitor (JvmPauseMonitor.java:run(188)) - Starting JVM pause monitor
2019-06-14 12:58:00,855 WARN  scm.ScmUtils (ScmUtils.java:getDBPath(63)) - ozone.om.db.dirs is not configured. We recommend adding this setting. Falling back to ozone.metadata.dirs instead.
2019-06-14 12:58:00,855 INFO  om.OzoneManager (OzoneManager.java:setOMNodeDetails(519)) - OM Service ID is not set. Setting it to the default ID: omServiceIdDefault
2019-06-14 12:58:00,855 INFO  om.OzoneManager (OzoneManager.java:setOMNodeDetails(525)) - OM Node ID is not set. Setting it to the OmStorage's OmID: d1649bc2-d070-4f7c-b965-f93c19d66108
2019-06-14 12:58:00,855 WARN  scm.HddsServerUtil (HddsServerUtil.java:getDefaultRatisDirectory(354)) - Storage directory for Ratis is not configured. It is a good idea to map this to an SSD disk. Falling back to ozone.metadata.dirs
2019-06-14 12:58:00,856 WARN  scm.HddsServerUtil (HddsServerUtil.java:getDefaultRatisDirectory(354)) - Storage directory for Ratis is not configured. It is a good idea to map this to an SSD disk. Falling back to ozone.metadata.dirs
2019-06-14 12:58:00,856 INFO  om.OzoneManager (OzoneManager.java:loadOMHAConfigs(476)) - Found matching OM address with OMServiceId: null, OMNodeId: null, RPC Address: localhost:0 and Ratis port: 9872
2019-06-14 12:58:00,862 WARN  scm.ScmUtils (ScmUtils.java:getDBPath(63)) - ozone.om.db.dirs is not configured. We recommend adding this setting. Falling back to ozone.metadata.dirs instead.
2019-06-14 12:58:00,863 INFO  db.DBStoreBuilder (DBStoreBuilder.java:addTable(110)) - using custom profile for table: userTable
2019-06-14 12:58:00,863 INFO  db.DBStoreBuilder (DBStoreBuilder.java:processTables(161)) - Using default column profile:DBProfile.DISK for Table:userTable
2019-06-14 12:58:00,863 INFO  db.DBStoreBuilder (DBStoreBuilder.java:addTable(110)) - using custom profile for table: volumeTable
2019-06-14 12:58:00,863 INFO  db.DBStoreBuilder (DBStoreBuilder.java:processTables(161)) - Using default column profile:DBProfile.DISK for Table:volumeTable
2019-06-14 12:58:00,863 INFO  db.DBStoreBuilder (DBStoreBuilder.java:addTable(110)) - using custom profile for table: bucketTable
2019-06-14 12:58:00,863 INFO  db.DBStoreBuilder (DBStoreBuilder.java:processTables(161)) - Using default column profile:DBProfile.DISK for Table:bucketTable
2019-06-14 12:58:00,864 INFO  db.DBStoreBuilder (DBStoreBuilder.java:addTable(110)) - using custom profile for table: keyTable
2019-06-14 12:58:00,864 INFO  db.DBStoreBuilder (DBStoreBuilder.java:processTables(161)) - Using default column profile:DBProfile.DISK for Table:keyTable
2019-06-14 12:58:00,864 INFO  db.DBStoreBuilder (DBStoreBuilder.java:addTable(110)) - using custom profile for table: deletedTable
2019-06-14 12:58:00,864 INFO  db.DBStoreBuilder (DBStoreBuilder.java:processTables(161)) - Using default column profile:DBProfile.DISK for Table:deletedTable
2019-06-14 12:58:00,864 INFO  db.DBStoreBuilder (DBStoreBuilder.java:addTable(110)) - using custom profile for table: openKeyTable
2019-06-14 12:58:00,864 INFO  db.DBStoreBuilder (DBStoreBuilder.java:processTables(161)) - Using default column profile:DBProfile.DISK for Table:openKeyTable
2019-06-14 12:58:00,865 INFO  db.DBStoreBuilder (DBStoreBuilder.java:addTable(110)) - using custom profile for table: s3Table
2019-06-14 12:58:00,865 INFO  db.DBStoreBuilder (DBStoreBuilder.java:processTables(161)) - Using default column profile:DBProfile.DISK for Table:s3Table
2019-06-14 12:58:00,865 INFO  db.DBStoreBuilder (DBStoreBuilder.java:addTable(110)) - using custom profile for table: multipartInfoTable
2019-06-14 12:58:00,865 INFO  db.DBStoreBuilder (DBStoreBuilder.java:processTables(161)) - Using default column profile:DBProfile.DISK for Table:multipartInfoTable
2019-06-14 12:58:00,865 INFO  db.DBStoreBuilder (DBStoreBuilder.java:addTable(110)) - using custom profile for table: dTokenTable
2019-06-14 12:58:00,865 INFO  db.DBStoreBuilder (DBStoreBuilder.java:processTables(161)) - Using default column profile:DBProfile.DISK for Table:dTokenTable
2019-06-14 12:58:00,866 INFO  db.DBStoreBuilder (DBStoreBuilder.java:addTable(110)) - using custom profile for table: s3SecretTable
2019-06-14 12:58:00,866 INFO  db.DBStoreBuilder (DBStoreBuilder.java:processTables(161)) - Using default column profile:DBProfile.DISK for Table:s3SecretTable
2019-06-14 12:58:00,866 INFO  db.DBStoreBuilder (DBStoreBuilder.java:addTable(110)) - using custom profile for table: prefixTable
2019-06-14 12:58:00,866 INFO  db.DBStoreBuilder (DBStoreBuilder.java:processTables(161)) - Using default column profile:DBProfile.DISK for Table:prefixTable
2019-06-14 12:58:00,867 INFO  db.DBStoreBuilder (DBStoreBuilder.java:addTable(110)) - using custom profile for table: default
2019-06-14 12:58:00,867 INFO  db.DBStoreBuilder (DBStoreBuilder.java:processTables(167)) - Using default column profile:DBProfile.DISK for Table:default
2019-06-14 12:58:00,867 INFO  db.DBStoreBuilder (DBStoreBuilder.java:getDbProfile(198)) - Using default options. DBProfile.DISK
2019-06-14 12:58:01,002 INFO  ipc.CallQueueManager (CallQueueManager.java:<init>(84)) - Using callQueue: class java.util.concurrent.LinkedBlockingQueue, queueCapacity: 2000, scheduler: class org.apache.hadoop.ipc.DefaultRpcScheduler, ipcBackoff: false.
2019-06-14 12:58:01,007 INFO  ipc.Server (Server.java:run(1074)) - Starting Socket Reader #1 for port 33899
2019-06-14 12:58:01,021 WARN  scm.ScmUtils (ScmUtils.java:getDBPath(63)) - ozone.om.db.dirs is not configured. We recommend adding this setting. Falling back to ozone.metadata.dirs instead.
2019-06-14 12:58:01,022 INFO  om.OzoneManager (OzoneManager.java:start(1217)) - OzoneManager RPC server is listening at localhost/127.0.0.1:33899
2019-06-14 12:58:01,022 INFO  impl.MetricsSystemImpl (MetricsSystemImpl.java:init(158)) - OzoneManager metrics system started (again)
2019-06-14 12:58:01,023 INFO  ipc.Server (Server.java:run(1153)) - IPC Server listener on 33899: starting
2019-06-14 12:58:01,023 INFO  ipc.Server (Server.java:run(1314)) - IPC Server Responder: starting
2019-06-14 12:58:01,032 INFO  hdfs.DFSUtil (DFSUtil.java:httpServerTemplateForNNAndJN(1641)) - Starting Web-server for ozoneManager at: http://0.0.0.0:0
2019-06-14 12:58:01,033 INFO  server.AuthenticationFilter (AuthenticationFilter.java:constructSecretProvider(240)) - Unable to initialize FileSignerSecretProvider, falling back to use random secrets.
2019-06-14 12:58:01,033 WARN  http.HttpRequestLog (HttpRequestLog.java:getRequestLog(97)) - Jetty request log can only be enabled using Log4j
2019-06-14 12:58:01,035 INFO  http.HttpServer2 (HttpServer2.java:addGlobalFilter(975)) - Added global filter 'safety' (class=org.apache.hadoop.http.HttpServer2$QuotingInputFilter)
2019-06-14 12:58:01,035 INFO  http.HttpServer2 (HttpServer2.java:addFilter(948)) - Added filter static_user_filter (class=org.apache.hadoop.http.lib.StaticUserWebFilter$StaticUserFilter) to context ozoneManager
2019-06-14 12:58:01,036 INFO  http.HttpServer2 (HttpServer2.java:addFilter(958)) - Added filter static_user_filter (class=org.apache.hadoop.http.lib.StaticUserWebFilter$StaticUserFilter) to context logs
2019-06-14 12:58:01,036 INFO  http.HttpServer2 (HttpServer2.java:addFilter(958)) - Added filter static_user_filter (class=org.apache.hadoop.http.lib.StaticUserWebFilter$StaticUserFilter) to context static
2019-06-14 12:58:01,036 INFO  http.HttpServer2 (HttpServer2.java:bindListener(1191)) - Jetty bound to port 34039
2019-06-14 12:58:01,036 INFO  server.Server (Server.java:doStart(351)) - jetty-9.3.24.v20180605, build timestamp: 2018-06-05T17:11:56Z, git hash: 84205aa28f11a4f31f2a3b86d1bba2cc8ab69827
2019-06-14 12:58:01,057 INFO  handler.ContextHandler (ContextHandler.java:doStart(781)) - Started o.e.j.s.ServletContextHandler@2c02a007{/logs,file:///opt/src/hadoop-ozone/integration-test/target/log,AVAILABLE}
2019-06-14 12:58:01,058 INFO  handler.ContextHandler (ContextHandler.java:doStart(781)) - Started o.e.j.s.ServletContextHandler@61bd0845{/static,file:///opt/src/hadoop-ozone/integration-test/target/test-classes/webapps/static,AVAILABLE}
2019-06-14 12:58:01,060 INFO  handler.ContextHandler (ContextHandler.java:doStart(781)) - Started o.e.j.w.WebAppContext@291cbe70{/,file:///opt/src/hadoop-ozone/integration-test/target/test-classes/webapps/ozoneManager/,AVAILABLE}{/ozoneManager}
2019-06-14 12:58:01,060 INFO  server.AbstractConnector (AbstractConnector.java:doStart(278)) - Started ServerConnector@6be422da{HTTP/1.1,[http/1.1]}{0.0.0.0:34039}
2019-06-14 12:58:01,061 INFO  server.Server (Server.java:doStart(419)) - Started @30756ms
2019-06-14 12:58:01,063 INFO  server.BaseHttpServer (BaseHttpServer.java:updateConnectorAddress(207)) - HTTP server of OZONEMANAGER is listening at http://0.0.0.0:34039
2019-06-14 12:58:01,075 INFO  impl.MetricsSystemImpl (MetricsSystemImpl.java:init(158)) - HddsDatanode metrics system started (again)
2019-06-14 12:58:01,076 INFO  ozone.HddsDatanodeService (HddsDatanodeService.java:start(185)) - HddsDatanodeService host:ozone-8z6qt-916494304 ip:192.168.134.78
2019-06-14 12:58:01,084 INFO  volume.HddsVolume (HddsVolume.java:<init>(176)) - Creating Volume: /opt/src/hadoop-ozone/integration-test/target/test-dir/MiniOzoneClusterImpl-0d288065-38f5-45f8-8bf6-3aeb34225532/datanode-0/data/containers/hdds of  storage type : DISK and capacity : 104021790720
2019-06-14 12:58:01,084 INFO  volume.VolumeSet (VolumeSet.java:initializeVolumeSet(170)) - Added Volume : /opt/src/hadoop-ozone/integration-test/target/test-dir/MiniOzoneClusterImpl-0d288065-38f5-45f8-8bf6-3aeb34225532/datanode-0/data/containers/hdds to VolumeSet
2019-06-14 12:58:01,084 INFO  volume.ThrottledAsyncChecker (ThrottledAsyncChecker.java:schedule(140)) - Scheduling a check for org.apache.hadoop.ozone.container.common.volume.HddsVolume@7c5ac0
2019-06-14 12:58:01,085 INFO  volume.HddsVolumeChecker (HddsVolumeChecker.java:checkAllVolumes(203)) - Scheduled health check for volume org.apache.hadoop.ozone.container.common.volume.HddsVolume@7c5ac0
2019-06-14 12:58:01,097 INFO  ratis.XceiverServerRatis (XceiverServerRatis.java:newXceiverServerRatis(401)) - Found a free port for the server : 41489
2019-06-14 12:58:01,098 INFO  impl.RaftServerProxy (ConfUtils.java:logGet(43)) - raft.rpc.type = GRPC (default)
2019-06-14 12:58:01,099 INFO  grpc.GrpcConfigKeys$Server (ConfUtils.java:logGet(43)) - raft.grpc.server.port = 41489 (custom)
2019-06-14 12:58:01,099 INFO  server.GrpcService (ConfUtils.java:logGet(43)) - raft.grpc.message.size.max = 33570816 (custom)
2019-06-14 12:58:01,099 INFO  server.RaftServerConfigKeys (ConfUtils.java:logGet(43)) - raft.server.log.appender.buffer.byte-limit = 33554432 (custom)
2019-06-14 12:58:01,099 INFO  server.GrpcService (ConfUtils.java:logGet(43)) - raft.grpc.flow.control.window = 1MB (=1048576) (default)
2019-06-14 12:58:01,099 INFO  server.RaftServerConfigKeys (ConfUtils.java:logGet(43)) - raft.server.rpc.request.timeout = 3000ms (default)
2019-06-14 12:58:01,100 INFO  server.RaftServerConfigKeys (ConfUtils.java:logGet(43)) - raft.server.storage.dir = [/opt/src/hadoop-ozone/integration-test/target/test-dir/MiniOzoneClusterImpl-0d288065-38f5-45f8-8bf6-3aeb34225532/datanode-0/data/ratis] (custom)
2019-06-14 12:58:01,100 INFO  server.XceiverServerGrpc (XceiverServerGrpc.java:<init>(97)) - Found a free port for the server : 36947
2019-06-14 12:58:01,100 INFO  replication.SimpleContainerDownloader (SimpleContainerDownloader.java:<init>(72)) - Starting container downloader service to copy containers to replicate.
2019-06-14 12:58:01,101 INFO  hdfs.DFSUtil (DFSUtil.java:httpServerTemplateForNNAndJN(1641)) - Starting Web-server for hddsDatanode at: http://0.0.0.0:0
2019-06-14 12:58:01,102 INFO  server.AuthenticationFilter (AuthenticationFilter.java:constructSecretProvider(240)) - Unable to initialize FileSignerSecretProvider, falling back to use random secrets.
2019-06-14 12:58:01,102 WARN  http.HttpRequestLog (HttpRequestLog.java:getRequestLog(97)) - Jetty request log can only be enabled using Log4j
2019-06-14 12:58:01,103 INFO  http.HttpServer2 (HttpServer2.java:addGlobalFilter(975)) - Added global filter 'safety' (class=org.apache.hadoop.http.HttpServer2$QuotingInputFilter)
2019-06-14 12:58:01,104 INFO  http.HttpServer2 (HttpServer2.java:addFilter(948)) - Added filter static_user_filter (class=org.apache.hadoop.http.lib.StaticUserWebFilter$StaticUserFilter) to context hddsDatanode
2019-06-14 12:58:01,104 INFO  http.HttpServer2 (HttpServer2.java:addFilter(958)) - Added filter static_user_filter (class=org.apache.hadoop.http.lib.StaticUserWebFilter$StaticUserFilter) to context logs
2019-06-14 12:58:01,104 INFO  http.HttpServer2 (HttpServer2.java:addFilter(958)) - Added filter static_user_filter (class=org.apache.hadoop.http.lib.StaticUserWebFilter$StaticUserFilter) to context static
2019-06-14 12:58:01,104 INFO  http.HttpServer2 (HttpServer2.java:bindListener(1191)) - Jetty bound to port 37305
2019-06-14 12:58:01,104 INFO  server.Server (Server.java:doStart(351)) - jetty-9.3.24.v20180605, build timestamp: 2018-06-05T17:11:56Z, git hash: 84205aa28f11a4f31f2a3b86d1bba2cc8ab69827
2019-06-14 12:58:01,106 INFO  handler.ContextHandler (ContextHandler.java:doStart(781)) - Started o.e.j.s.ServletContextHandler@103478b8{/logs,file:///opt/src/hadoop-ozone/integration-test/target/log,AVAILABLE}
2019-06-14 12:58:01,106 INFO  handler.ContextHandler (ContextHandler.java:doStart(781)) - Started o.e.j.s.ServletContextHandler@56b704ea{/static,jar:file:/root/.m2/repository/org/apache/hadoop/hadoop-hdds-container-service/0.5.0-SNAPSHOT/hadoop-hdds-container-service-0.5.0-SNAPSHOT.jar!/webapps/static,AVAILABLE}
2019-06-14 12:58:01,126 INFO  handler.ContextHandler (ContextHandler.java:doStart(781)) - Started o.e.j.w.WebAppContext@5ae87de0{/,file:///tmp/jetty-0.0.0.0-37305-hddsDatanode-_-any-7979858906796584188.dir/webapp/,AVAILABLE}{/hddsDatanode}
2019-06-14 12:58:01,128 INFO  server.AbstractConnector (AbstractConnector.java:doStart(278)) - Started ServerConnector@1f85904a{HTTP/1.1,[http/1.1]}{0.0.0.0:37305}
2019-06-14 12:58:01,129 INFO  server.Server (Server.java:doStart(419)) - Started @30824ms
2019-06-14 12:58:01,129 INFO  server.BaseHttpServer (BaseHttpServer.java:updateConnectorAddress(207)) - HTTP server of HDDSDATANODE is listening at http://0.0.0.0:37305
2019-06-14 12:58:01,216 INFO  ozone.HddsDatanodeService (HddsDatanodeService.java:startPlugins(396)) - Started plug-in org.apache.hadoop.ozone.web.OzoneHddsDatanodeService@53d808ea
2019-06-14 12:58:01,216 INFO  impl.MetricsSystemImpl (MetricsSystemImpl.java:init(158)) - HddsDatanode metrics system started (again)
2019-06-14 12:58:01,217 INFO  ozone.HddsDatanodeService (HddsDatanodeService.java:start(185)) - HddsDatanodeService host:ozone-8z6qt-916494304 ip:192.168.134.78
2019-06-14 12:58:01,220 INFO  util.JvmPauseMonitor (JvmPauseMonitor.java:run(188)) - Starting JVM pause monitor
2019-06-14 12:58:01,220 INFO  datanode.InitDatanodeState (InitDatanodeState.java:persistContainerDatanodeDetails(140)) - DatanodeDetails is persisted to /opt/src/hadoop-ozone/integration-test/target/test-dir/MiniOzoneClusterImpl-0d288065-38f5-45f8-8bf6-3aeb34225532/datanode-0/meta/datanode.id
2019-06-14 12:58:01,225 INFO  volume.HddsVolume (HddsVolume.java:<init>(176)) - Creating Volume: /opt/src/hadoop-ozone/integration-test/target/test-dir/MiniOzoneClusterImpl-0d288065-38f5-45f8-8bf6-3aeb34225532/datanode-1/data/containers/hdds of  storage type : DISK and capacity : 104021790720
2019-06-14 12:58:01,225 INFO  volume.VolumeSet (VolumeSet.java:initializeVolumeSet(170)) - Added Volume : /opt/src/hadoop-ozone/integration-test/target/test-dir/MiniOzoneClusterImpl-0d288065-38f5-45f8-8bf6-3aeb34225532/datanode-1/data/containers/hdds to VolumeSet
2019-06-14 12:58:01,225 INFO  volume.ThrottledAsyncChecker (ThrottledAsyncChecker.java:schedule(140)) - Scheduling a check for org.apache.hadoop.ozone.container.common.volume.HddsVolume@404dc999
2019-06-14 12:58:01,227 INFO  volume.HddsVolumeChecker (HddsVolumeChecker.java:checkAllVolumes(203)) - Scheduled health check for volume org.apache.hadoop.ozone.container.common.volume.HddsVolume@404dc999
2019-06-14 12:58:01,238 INFO  ratis.XceiverServerRatis (XceiverServerRatis.java:newXceiverServerRatis(401)) - Found a free port for the server : 45433
2019-06-14 12:58:01,239 INFO  impl.RaftServerProxy (ConfUtils.java:logGet(43)) - raft.rpc.type = GRPC (default)
2019-06-14 12:58:01,239 INFO  grpc.GrpcConfigKeys$Server (ConfUtils.java:logGet(43)) - raft.grpc.server.port = 45433 (custom)
2019-06-14 12:58:01,239 INFO  server.GrpcService (ConfUtils.java:logGet(43)) - raft.grpc.message.size.max = 33570816 (custom)
2019-06-14 12:58:01,239 INFO  server.RaftServerConfigKeys (ConfUtils.java:logGet(43)) - raft.server.log.appender.buffer.byte-limit = 33554432 (custom)
2019-06-14 12:58:01,239 INFO  server.GrpcService (ConfUtils.java:logGet(43)) - raft.grpc.flow.control.window = 1MB (=1048576) (default)
2019-06-14 12:58:01,240 INFO  server.RaftServerConfigKeys (ConfUtils.java:logGet(43)) - raft.server.rpc.request.timeout = 3000ms (default)
2019-06-14 12:58:01,240 INFO  server.RaftServerConfigKeys (ConfUtils.java:logGet(43)) - raft.server.storage.dir = [/opt/src/hadoop-ozone/integration-test/target/test-dir/MiniOzoneClusterImpl-0d288065-38f5-45f8-8bf6-3aeb34225532/datanode-1/data/ratis] (custom)
2019-06-14 12:58:01,240 INFO  server.XceiverServerGrpc (XceiverServerGrpc.java:<init>(97)) - Found a free port for the server : 39159
2019-06-14 12:58:01,240 INFO  replication.SimpleContainerDownloader (SimpleContainerDownloader.java:<init>(72)) - Starting container downloader service to copy containers to replicate.
2019-06-14 12:58:01,241 INFO  hdfs.DFSUtil (DFSUtil.java:httpServerTemplateForNNAndJN(1641)) - Starting Web-server for hddsDatanode at: http://0.0.0.0:0
2019-06-14 12:58:01,243 INFO  server.AuthenticationFilter (AuthenticationFilter.java:constructSecretProvider(240)) - Unable to initialize FileSignerSecretProvider, falling back to use random secrets.
2019-06-14 12:58:01,243 WARN  http.HttpRequestLog (HttpRequestLog.java:getRequestLog(97)) - Jetty request log can only be enabled using Log4j
2019-06-14 12:58:01,244 INFO  http.HttpServer2 (HttpServer2.java:addGlobalFilter(975)) - Added global filter 'safety' (class=org.apache.hadoop.http.HttpServer2$QuotingInputFilter)
2019-06-14 12:58:01,244 INFO  http.HttpServer2 (HttpServer2.java:addFilter(948)) - Added filter static_user_filter (class=org.apache.hadoop.http.lib.StaticUserWebFilter$StaticUserFilter) to context hddsDatanode
2019-06-14 12:58:01,244 INFO  http.HttpServer2 (HttpServer2.java:addFilter(958)) - Added filter static_user_filter (class=org.apache.hadoop.http.lib.StaticUserWebFilter$StaticUserFilter) to context logs
2019-06-14 12:58:01,244 INFO  http.HttpServer2 (HttpServer2.java:addFilter(958)) - Added filter static_user_filter (class=org.apache.hadoop.http.lib.StaticUserWebFilter$StaticUserFilter) to context static
2019-06-14 12:58:01,245 INFO  http.HttpServer2 (HttpServer2.java:bindListener(1191)) - Jetty bound to port 45853
2019-06-14 12:58:01,245 INFO  server.Server (Server.java:doStart(351)) - jetty-9.3.24.v20180605, build timestamp: 2018-06-05T17:11:56Z, git hash: 84205aa28f11a4f31f2a3b86d1bba2cc8ab69827
2019-06-14 12:58:01,246 INFO  handler.ContextHandler (ContextHandler.java:doStart(781)) - Started o.e.j.s.ServletContextHandler@27210a3b{/logs,file:///opt/src/hadoop-ozone/integration-test/target/log,AVAILABLE}
2019-06-14 12:58:01,247 INFO  handler.ContextHandler (ContextHandler.java:doStart(781)) - Started o.e.j.s.ServletContextHandler@84a9f65{/static,jar:file:/root/.m2/repository/org/apache/hadoop/hadoop-hdds-container-service/0.5.0-SNAPSHOT/hadoop-hdds-container-service-0.5.0-SNAPSHOT.jar!/webapps/static,AVAILABLE}
2019-06-14 12:58:01,266 INFO  handler.ContextHandler (ContextHandler.java:doStart(781)) - Started o.e.j.w.WebAppContext@49153009{/,file:///tmp/jetty-0.0.0.0-45853-hddsDatanode-_-any-8313420162274448283.dir/webapp/,AVAILABLE}{/hddsDatanode}
2019-06-14 12:58:01,267 INFO  server.AbstractConnector (AbstractConnector.java:doStart(278)) - Started ServerConnector@a1b7549{HTTP/1.1,[http/1.1]}{0.0.0.0:45853}
2019-06-14 12:58:01,270 INFO  server.Server (Server.java:doStart(419)) - Started @30965ms
2019-06-14 12:58:01,270 INFO  server.BaseHttpServer (BaseHttpServer.java:updateConnectorAddress(207)) - HTTP server of HDDSDATANODE is listening at http://0.0.0.0:45853
2019-06-14 12:58:01,508 INFO  ozone.HddsDatanodeService (HddsDatanodeService.java:startPlugins(396)) - Started plug-in org.apache.hadoop.ozone.web.OzoneHddsDatanodeService@146db8a6
2019-06-14 12:58:01,508 INFO  impl.MetricsSystemImpl (MetricsSystemImpl.java:init(158)) - HddsDatanode metrics system started (again)
2019-06-14 12:58:01,509 INFO  ozone.HddsDatanodeService (HddsDatanodeService.java:start(185)) - HddsDatanodeService host:ozone-8z6qt-916494304 ip:192.168.134.78
2019-06-14 12:58:01,513 INFO  util.JvmPauseMonitor (JvmPauseMonitor.java:run(188)) - Starting JVM pause monitor
2019-06-14 12:58:01,520 INFO  volume.HddsVolume (HddsVolume.java:<init>(176)) - Creating Volume: /opt/src/hadoop-ozone/integration-test/target/test-dir/MiniOzoneClusterImpl-0d288065-38f5-45f8-8bf6-3aeb34225532/datanode-2/data/containers/hdds of  storage type : DISK and capacity : 104021790720
2019-06-14 12:58:01,520 INFO  volume.VolumeSet (VolumeSet.java:initializeVolumeSet(170)) - Added Volume : /opt/src/hadoop-ozone/integration-test/target/test-dir/MiniOzoneClusterImpl-0d288065-38f5-45f8-8bf6-3aeb34225532/datanode-2/data/containers/hdds to VolumeSet
2019-06-14 12:58:01,520 INFO  volume.ThrottledAsyncChecker (ThrottledAsyncChecker.java:schedule(140)) - Scheduling a check for org.apache.hadoop.ozone.container.common.volume.HddsVolume@6f2864c3
2019-06-14 12:58:01,522 INFO  datanode.InitDatanodeState (InitDatanodeState.java:persistContainerDatanodeDetails(140)) - DatanodeDetails is persisted to /opt/src/hadoop-ozone/integration-test/target/test-dir/MiniOzoneClusterImpl-0d288065-38f5-45f8-8bf6-3aeb34225532/datanode-1/meta/datanode.id
2019-06-14 12:58:01,527 INFO  volume.HddsVolumeChecker (HddsVolumeChecker.java:checkAllVolumes(203)) - Scheduled health check for volume org.apache.hadoop.ozone.container.common.volume.HddsVolume@6f2864c3
2019-06-14 12:58:01,540 INFO  ratis.XceiverServerRatis (XceiverServerRatis.java:newXceiverServerRatis(401)) - Found a free port for the server : 39855
2019-06-14 12:58:01,545 INFO  impl.RaftServerProxy (ConfUtils.java:logGet(43)) - raft.rpc.type = GRPC (default)
2019-06-14 12:58:01,545 INFO  grpc.GrpcConfigKeys$Server (ConfUtils.java:logGet(43)) - raft.grpc.server.port = 39855 (custom)
2019-06-14 12:58:01,545 INFO  server.GrpcService (ConfUtils.java:logGet(43)) - raft.grpc.message.size.max = 33570816 (custom)
2019-06-14 12:58:01,545 INFO  server.RaftServerConfigKeys (ConfUtils.java:logGet(43)) - raft.server.log.appender.buffer.byte-limit = 33554432 (custom)
2019-06-14 12:58:01,546 INFO  server.GrpcService (ConfUtils.java:logGet(43)) - raft.grpc.flow.control.window = 1MB (=1048576) (default)
2019-06-14 12:58:01,546 INFO  server.RaftServerConfigKeys (ConfUtils.java:logGet(43)) - raft.server.rpc.request.timeout = 3000ms (default)
2019-06-14 12:58:01,546 INFO  server.RaftServerConfigKeys (ConfUtils.java:logGet(43)) - raft.server.storage.dir = [/opt/src/hadoop-ozone/integration-test/target/test-dir/MiniOzoneClusterImpl-0d288065-38f5-45f8-8bf6-3aeb34225532/datanode-2/data/ratis] (custom)
2019-06-14 12:58:01,547 INFO  server.XceiverServerGrpc (XceiverServerGrpc.java:<init>(97)) - Found a free port for the server : 39379
2019-06-14 12:58:01,547 INFO  replication.SimpleContainerDownloader (SimpleContainerDownloader.java:<init>(72)) - Starting container downloader service to copy containers to replicate.
2019-06-14 12:58:01,548 INFO  hdfs.DFSUtil (DFSUtil.java:httpServerTemplateForNNAndJN(1641)) - Starting Web-server for hddsDatanode at: http://0.0.0.0:0
2019-06-14 12:58:01,556 INFO  server.AuthenticationFilter (AuthenticationFilter.java:constructSecretProvider(240)) - Unable to initialize FileSignerSecretProvider, falling back to use random secrets.
2019-06-14 12:58:01,556 WARN  http.HttpRequestLog (HttpRequestLog.java:getRequestLog(97)) - Jetty request log can only be enabled using Log4j
2019-06-14 12:58:01,557 INFO  http.HttpServer2 (HttpServer2.java:addGlobalFilter(975)) - Added global filter 'safety' (class=org.apache.hadoop.http.HttpServer2$QuotingInputFilter)
2019-06-14 12:58:01,557 INFO  http.HttpServer2 (HttpServer2.java:addFilter(948)) - Added filter static_user_filter (class=org.apache.hadoop.http.lib.StaticUserWebFilter$StaticUserFilter) to context hddsDatanode
2019-06-14 12:58:01,558 INFO  http.HttpServer2 (HttpServer2.java:addFilter(958)) - Added filter static_user_filter (class=org.apache.hadoop.http.lib.StaticUserWebFilter$StaticUserFilter) to context static
2019-06-14 12:58:01,558 INFO  http.HttpServer2 (HttpServer2.java:addFilter(958)) - Added filter static_user_filter (class=org.apache.hadoop.http.lib.StaticUserWebFilter$StaticUserFilter) to context logs
2019-06-14 12:58:01,558 INFO  http.HttpServer2 (HttpServer2.java:bindListener(1191)) - Jetty bound to port 40449
2019-06-14 12:58:01,558 INFO  server.Server (Server.java:doStart(351)) - jetty-9.3.24.v20180605, build timestamp: 2018-06-05T17:11:56Z, git hash: 84205aa28f11a4f31f2a3b86d1bba2cc8ab69827
2019-06-14 12:58:01,560 INFO  handler.ContextHandler (ContextHandler.java:doStart(781)) - Started o.e.j.s.ServletContextHandler@7582a16b{/logs,file:///opt/src/hadoop-ozone/integration-test/target/log,AVAILABLE}
2019-06-14 12:58:01,560 INFO  handler.ContextHandler (ContextHandler.java:doStart(781)) - Started o.e.j.s.ServletContextHandler@62c46e53{/static,jar:file:/root/.m2/repository/org/apache/hadoop/hadoop-hdds-container-service/0.5.0-SNAPSHOT/hadoop-hdds-container-service-0.5.0-SNAPSHOT.jar!/webapps/static,AVAILABLE}
2019-06-14 12:58:01,588 INFO  handler.ContextHandler (ContextHandler.java:doStart(781)) - Started o.e.j.w.WebAppContext@341964d0{/,file:///tmp/jetty-0.0.0.0-40449-hddsDatanode-_-any-5127191807497229602.dir/webapp/,AVAILABLE}{/hddsDatanode}
2019-06-14 12:58:01,589 INFO  server.AbstractConnector (AbstractConnector.java:doStart(278)) - Started ServerConnector@51b59d58{HTTP/1.1,[http/1.1]}{0.0.0.0:40449}
2019-06-14 12:58:01,589 INFO  server.Server (Server.java:doStart(419)) - Started @31284ms
2019-06-14 12:58:01,596 INFO  server.BaseHttpServer (BaseHttpServer.java:updateConnectorAddress(207)) - HTTP server of HDDSDATANODE is listening at http://0.0.0.0:40449
2019-06-14 12:58:01,680 INFO  ozone.HddsDatanodeService (HddsDatanodeService.java:startPlugins(396)) - Started plug-in org.apache.hadoop.ozone.web.OzoneHddsDatanodeService@5ebfe7fa
2019-06-14 12:58:01,680 INFO  impl.MetricsSystemImpl (MetricsSystemImpl.java:init(158)) - HddsDatanode metrics system started (again)
2019-06-14 12:58:01,680 INFO  ozone.HddsDatanodeService (HddsDatanodeService.java:start(185)) - HddsDatanodeService host:ozone-8z6qt-916494304 ip:192.168.134.78
2019-06-14 12:58:01,681 INFO  util.JvmPauseMonitor (JvmPauseMonitor.java:run(188)) - Starting JVM pause monitor
2019-06-14 12:58:01,682 INFO  datanode.InitDatanodeState (InitDatanodeState.java:persistContainerDatanodeDetails(140)) - DatanodeDetails is persisted to /opt/src/hadoop-ozone/integration-test/target/test-dir/MiniOzoneClusterImpl-0d288065-38f5-45f8-8bf6-3aeb34225532/datanode-2/meta/datanode.id
2019-06-14 12:58:01,688 INFO  volume.HddsVolume (HddsVolume.java:<init>(176)) - Creating Volume: /opt/src/hadoop-ozone/integration-test/target/test-dir/MiniOzoneClusterImpl-0d288065-38f5-45f8-8bf6-3aeb34225532/datanode-3/data/containers/hdds of  storage type : DISK and capacity : 104021790720
2019-06-14 12:58:01,688 INFO  volume.VolumeSet (VolumeSet.java:initializeVolumeSet(170)) - Added Volume : /opt/src/hadoop-ozone/integration-test/target/test-dir/MiniOzoneClusterImpl-0d288065-38f5-45f8-8bf6-3aeb34225532/datanode-3/data/containers/hdds to VolumeSet
2019-06-14 12:58:01,688 INFO  volume.ThrottledAsyncChecker (ThrottledAsyncChecker.java:schedule(140)) - Scheduling a check for org.apache.hadoop.ozone.container.common.volume.HddsVolume@6d92e327
2019-06-14 12:58:01,688 INFO  volume.HddsVolumeChecker (HddsVolumeChecker.java:checkAllVolumes(203)) - Scheduled health check for volume org.apache.hadoop.ozone.container.common.volume.HddsVolume@6d92e327
2019-06-14 12:58:01,698 INFO  ratis.XceiverServerRatis (XceiverServerRatis.java:newXceiverServerRatis(401)) - Found a free port for the server : 33635
2019-06-14 12:58:01,700 INFO  impl.RaftServerProxy (ConfUtils.java:logGet(43)) - raft.rpc.type = GRPC (default)
2019-06-14 12:58:01,700 INFO  grpc.GrpcConfigKeys$Server (ConfUtils.java:logGet(43)) - raft.grpc.server.port = 33635 (custom)
2019-06-14 12:58:01,700 INFO  server.GrpcService (ConfUtils.java:logGet(43)) - raft.grpc.message.size.max = 33570816 (custom)
2019-06-14 12:58:01,701 INFO  server.RaftServerConfigKeys (ConfUtils.java:logGet(43)) - raft.server.log.appender.buffer.byte-limit = 33554432 (custom)
2019-06-14 12:58:01,701 INFO  server.GrpcService (ConfUtils.java:logGet(43)) - raft.grpc.flow.control.window = 1MB (=1048576) (default)
2019-06-14 12:58:01,701 INFO  server.RaftServerConfigKeys (ConfUtils.java:logGet(43)) - raft.server.rpc.request.timeout = 3000ms (default)
2019-06-14 12:58:01,702 INFO  server.RaftServerConfigKeys (ConfUtils.java:logGet(43)) - raft.server.storage.dir = [/opt/src/hadoop-ozone/integration-test/target/test-dir/MiniOzoneClusterImpl-0d288065-38f5-45f8-8bf6-3aeb34225532/datanode-3/data/ratis] (custom)
2019-06-14 12:58:01,702 INFO  server.XceiverServerGrpc (XceiverServerGrpc.java:<init>(97)) - Found a free port for the server : 43459
2019-06-14 12:58:01,702 INFO  replication.SimpleContainerDownloader (SimpleContainerDownloader.java:<init>(72)) - Starting container downloader service to copy containers to replicate.
2019-06-14 12:58:01,703 INFO  hdfs.DFSUtil (DFSUtil.java:httpServerTemplateForNNAndJN(1641)) - Starting Web-server for hddsDatanode at: http://0.0.0.0:0
2019-06-14 12:58:01,704 INFO  server.AuthenticationFilter (AuthenticationFilter.java:constructSecretProvider(240)) - Unable to initialize FileSignerSecretProvider, falling back to use random secrets.
2019-06-14 12:58:01,704 WARN  http.HttpRequestLog (HttpRequestLog.java:getRequestLog(97)) - Jetty request log can only be enabled using Log4j
2019-06-14 12:58:01,705 INFO  http.HttpServer2 (HttpServer2.java:addGlobalFilter(975)) - Added global filter 'safety' (class=org.apache.hadoop.http.HttpServer2$QuotingInputFilter)
2019-06-14 12:58:01,705 INFO  http.HttpServer2 (HttpServer2.java:addFilter(948)) - Added filter static_user_filter (class=org.apache.hadoop.http.lib.StaticUserWebFilter$StaticUserFilter) to context hddsDatanode
2019-06-14 12:58:01,705 INFO  http.HttpServer2 (HttpServer2.java:addFilter(958)) - Added filter static_user_filter (class=org.apache.hadoop.http.lib.StaticUserWebFilter$StaticUserFilter) to context logs
2019-06-14 12:58:01,706 INFO  http.HttpServer2 (HttpServer2.java:addFilter(958)) - Added filter static_user_filter (class=org.apache.hadoop.http.lib.StaticUserWebFilter$StaticUserFilter) to context static
2019-06-14 12:58:01,706 INFO  http.HttpServer2 (HttpServer2.java:bindListener(1191)) - Jetty bound to port 44925
2019-06-14 12:58:01,706 INFO  server.Server (Server.java:doStart(351)) - jetty-9.3.24.v20180605, build timestamp: 2018-06-05T17:11:56Z, git hash: 84205aa28f11a4f31f2a3b86d1bba2cc8ab69827
2019-06-14 12:58:01,711 INFO  handler.ContextHandler (ContextHandler.java:doStart(781)) - Started o.e.j.s.ServletContextHandler@733bd6f3{/logs,file:///opt/src/hadoop-ozone/integration-test/target/log,AVAILABLE}
2019-06-14 12:58:01,711 INFO  handler.ContextHandler (ContextHandler.java:doStart(781)) - Started o.e.j.s.ServletContextHandler@3f2ef402{/static,jar:file:/root/.m2/repository/org/apache/hadoop/hadoop-hdds-container-service/0.5.0-SNAPSHOT/hadoop-hdds-container-service-0.5.0-SNAPSHOT.jar!/webapps/static,AVAILABLE}
2019-06-14 12:58:01,740 INFO  handler.ContextHandler (ContextHandler.java:doStart(781)) - Started o.e.j.w.WebAppContext@d02c00{/,file:///tmp/jetty-0.0.0.0-44925-hddsDatanode-_-any-2707268090343978375.dir/webapp/,AVAILABLE}{/hddsDatanode}
2019-06-14 12:58:01,742 INFO  server.AbstractConnector (AbstractConnector.java:doStart(278)) - Started ServerConnector@4205d5d0{HTTP/1.1,[http/1.1]}{0.0.0.0:44925}
2019-06-14 12:58:01,742 INFO  server.Server (Server.java:doStart(419)) - Started @31438ms
2019-06-14 12:58:01,743 INFO  server.BaseHttpServer (BaseHttpServer.java:updateConnectorAddress(207)) - HTTP server of HDDSDATANODE is listening at http://0.0.0.0:44925
2019-06-14 12:58:01,838 INFO  ozone.HddsDatanodeService (HddsDatanodeService.java:startPlugins(396)) - Started plug-in org.apache.hadoop.ozone.web.OzoneHddsDatanodeService@188ae8d2
2019-06-14 12:58:01,841 INFO  impl.MetricsSystemImpl (MetricsSystemImpl.java:init(158)) - HddsDatanode metrics system started (again)
2019-06-14 12:58:01,842 INFO  ozone.HddsDatanodeService (HddsDatanodeService.java:start(185)) - HddsDatanodeService host:ozone-8z6qt-916494304 ip:192.168.134.78
2019-06-14 12:58:01,863 INFO  util.JvmPauseMonitor (JvmPauseMonitor.java:run(188)) - Starting JVM pause monitor
2019-06-14 12:58:01,864 INFO  datanode.InitDatanodeState (InitDatanodeState.java:persistContainerDatanodeDetails(140)) - DatanodeDetails is persisted to /opt/src/hadoop-ozone/integration-test/target/test-dir/MiniOzoneClusterImpl-0d288065-38f5-45f8-8bf6-3aeb34225532/datanode-3/meta/datanode.id
2019-06-14 12:58:01,870 INFO  volume.HddsVolume (HddsVolume.java:<init>(176)) - Creating Volume: /opt/src/hadoop-ozone/integration-test/target/test-dir/MiniOzoneClusterImpl-0d288065-38f5-45f8-8bf6-3aeb34225532/datanode-4/data/containers/hdds of  storage type : DISK and capacity : 104021790720
2019-06-14 12:58:01,871 INFO  volume.VolumeSet (VolumeSet.java:initializeVolumeSet(170)) - Added Volume : /opt/src/hadoop-ozone/integration-test/target/test-dir/MiniOzoneClusterImpl-0d288065-38f5-45f8-8bf6-3aeb34225532/datanode-4/data/containers/hdds to VolumeSet
2019-06-14 12:58:01,871 INFO  volume.ThrottledAsyncChecker (ThrottledAsyncChecker.java:schedule(140)) - Scheduling a check for org.apache.hadoop.ozone.container.common.volume.HddsVolume@6b92a0d1
2019-06-14 12:58:01,871 INFO  volume.HddsVolumeChecker (HddsVolumeChecker.java:checkAllVolumes(203)) - Scheduled health check for volume org.apache.hadoop.ozone.container.common.volume.HddsVolume@6b92a0d1
2019-06-14 12:58:01,884 INFO  ratis.XceiverServerRatis (XceiverServerRatis.java:newXceiverServerRatis(401)) - Found a free port for the server : 37463
2019-06-14 12:58:01,886 INFO  impl.RaftServerProxy (ConfUtils.java:logGet(43)) - raft.rpc.type = GRPC (default)
2019-06-14 12:58:01,886 INFO  grpc.GrpcConfigKeys$Server (ConfUtils.java:logGet(43)) - raft.grpc.server.port = 37463 (custom)
2019-06-14 12:58:01,887 INFO  server.GrpcService (ConfUtils.java:logGet(43)) - raft.grpc.message.size.max = 33570816 (custom)
2019-06-14 12:58:01,887 INFO  server.RaftServerConfigKeys (ConfUtils.java:logGet(43)) - raft.server.log.appender.buffer.byte-limit = 33554432 (custom)
2019-06-14 12:58:01,887 INFO  server.GrpcService (ConfUtils.java:logGet(43)) - raft.grpc.flow.control.window = 1MB (=1048576) (default)
2019-06-14 12:58:01,887 INFO  server.RaftServerConfigKeys (ConfUtils.java:logGet(43)) - raft.server.rpc.request.timeout = 3000ms (default)
2019-06-14 12:58:01,887 INFO  server.RaftServerConfigKeys (ConfUtils.java:logGet(43)) - raft.server.storage.dir = [/opt/src/hadoop-ozone/integration-test/target/test-dir/MiniOzoneClusterImpl-0d288065-38f5-45f8-8bf6-3aeb34225532/datanode-4/data/ratis] (custom)
2019-06-14 12:58:01,888 INFO  server.XceiverServerGrpc (XceiverServerGrpc.java:<init>(97)) - Found a free port for the server : 40191
2019-06-14 12:58:01,888 INFO  replication.SimpleContainerDownloader (SimpleContainerDownloader.java:<init>(72)) - Starting container downloader service to copy containers to replicate.
2019-06-14 12:58:01,889 INFO  hdfs.DFSUtil (DFSUtil.java:httpServerTemplateForNNAndJN(1641)) - Starting Web-server for hddsDatanode at: http://0.0.0.0:0
2019-06-14 12:58:01,890 INFO  server.AuthenticationFilter (AuthenticationFilter.java:constructSecretProvider(240)) - Unable to initialize FileSignerSecretProvider, falling back to use random secrets.
2019-06-14 12:58:01,891 WARN  http.HttpRequestLog (HttpRequestLog.java:getRequestLog(97)) - Jetty request log can only be enabled using Log4j
2019-06-14 12:58:01,892 INFO  http.HttpServer2 (HttpServer2.java:addGlobalFilter(975)) - Added global filter 'safety' (class=org.apache.hadoop.http.HttpServer2$QuotingInputFilter)
2019-06-14 12:58:01,892 INFO  http.HttpServer2 (HttpServer2.java:addFilter(948)) - Added filter static_user_filter (class=org.apache.hadoop.http.lib.StaticUserWebFilter$StaticUserFilter) to context hddsDatanode
2019-06-14 12:58:01,892 INFO  http.HttpServer2 (HttpServer2.java:addFilter(958)) - Added filter static_user_filter (class=org.apache.hadoop.http.lib.StaticUserWebFilter$StaticUserFilter) to context logs
2019-06-14 12:58:01,893 INFO  http.HttpServer2 (HttpServer2.java:addFilter(958)) - Added filter static_user_filter (class=org.apache.hadoop.http.lib.StaticUserWebFilter$StaticUserFilter) to context static
2019-06-14 12:58:01,893 INFO  http.HttpServer2 (HttpServer2.java:bindListener(1191)) - Jetty bound to port 42631
2019-06-14 12:58:01,893 INFO  server.Server (Server.java:doStart(351)) - jetty-9.3.24.v20180605, build timestamp: 2018-06-05T17:11:56Z, git hash: 84205aa28f11a4f31f2a3b86d1bba2cc8ab69827
2019-06-14 12:58:01,895 INFO  handler.ContextHandler (ContextHandler.java:doStart(781)) - Started o.e.j.s.ServletContextHandler@aa794a3{/logs,file:///opt/src/hadoop-ozone/integration-test/target/log,AVAILABLE}
2019-06-14 12:58:01,895 INFO  handler.ContextHandler (ContextHandler.java:doStart(781)) - Started o.e.j.s.ServletContextHandler@22cb8e5f{/static,jar:file:/root/.m2/repository/org/apache/hadoop/hadoop-hdds-container-service/0.5.0-SNAPSHOT/hadoop-hdds-container-service-0.5.0-SNAPSHOT.jar!/webapps/static,AVAILABLE}
2019-06-14 12:58:01,916 INFO  handler.ContextHandler (ContextHandler.java:doStart(781)) - Started o.e.j.w.WebAppContext@233ece92{/,file:///tmp/jetty-0.0.0.0-42631-hddsDatanode-_-any-6114782448554253935.dir/webapp/,AVAILABLE}{/hddsDatanode}
2019-06-14 12:58:01,916 INFO  server.AbstractConnector (AbstractConnector.java:doStart(278)) - Started ServerConnector@4a14f7d7{HTTP/1.1,[http/1.1]}{0.0.0.0:42631}
2019-06-14 12:58:01,917 INFO  server.Server (Server.java:doStart(419)) - Started @31612ms
2019-06-14 12:58:01,920 INFO  server.BaseHttpServer (BaseHttpServer.java:updateConnectorAddress(207)) - HTTP server of HDDSDATANODE is listening at http://0.0.0.0:42631
2019-06-14 12:58:02,012 INFO  ozone.HddsDatanodeService (HddsDatanodeService.java:startPlugins(396)) - Started plug-in org.apache.hadoop.ozone.web.OzoneHddsDatanodeService@1d33e72e
2019-06-14 12:58:02,013 INFO  impl.MetricsSystemImpl (MetricsSystemImpl.java:init(158)) - HddsDatanode metrics system started (again)
2019-06-14 12:58:02,013 INFO  ozone.HddsDatanodeService (HddsDatanodeService.java:start(185)) - HddsDatanodeService host:ozone-8z6qt-916494304 ip:192.168.134.78
2019-06-14 12:58:02,015 INFO  util.JvmPauseMonitor (JvmPauseMonitor.java:run(188)) - Starting JVM pause monitor
2019-06-14 12:58:02,016 INFO  datanode.InitDatanodeState (InitDatanodeState.java:persistContainerDatanodeDetails(140)) - DatanodeDetails is persisted to /opt/src/hadoop-ozone/integration-test/target/test-dir/MiniOzoneClusterImpl-0d288065-38f5-45f8-8bf6-3aeb34225532/datanode-4/meta/datanode.id
2019-06-14 12:58:02,028 INFO  volume.HddsVolume (HddsVolume.java:<init>(176)) - Creating Volume: /opt/src/hadoop-ozone/integration-test/target/test-dir/MiniOzoneClusterImpl-0d288065-38f5-45f8-8bf6-3aeb34225532/datanode-5/data/containers/hdds of  storage type : DISK and capacity : 104021790720
2019-06-14 12:58:02,028 INFO  volume.VolumeSet (VolumeSet.java:initializeVolumeSet(170)) - Added Volume : /opt/src/hadoop-ozone/integration-test/target/test-dir/MiniOzoneClusterImpl-0d288065-38f5-45f8-8bf6-3aeb34225532/datanode-5/data/containers/hdds to VolumeSet
2019-06-14 12:58:02,028 INFO  volume.ThrottledAsyncChecker (ThrottledAsyncChecker.java:schedule(140)) - Scheduling a check for org.apache.hadoop.ozone.container.common.volume.HddsVolume@72240290
2019-06-14 12:58:02,029 INFO  volume.HddsVolumeChecker (HddsVolumeChecker.java:checkAllVolumes(203)) - Scheduled health check for volume org.apache.hadoop.ozone.container.common.volume.HddsVolume@72240290
2019-06-14 12:58:02,038 INFO  ratis.XceiverServerRatis (XceiverServerRatis.java:newXceiverServerRatis(401)) - Found a free port for the server : 45275
2019-06-14 12:58:02,040 INFO  impl.RaftServerProxy (ConfUtils.java:logGet(43)) - raft.rpc.type = GRPC (default)
2019-06-14 12:58:02,040 INFO  grpc.GrpcConfigKeys$Server (ConfUtils.java:logGet(43)) - raft.grpc.server.port = 45275 (custom)
2019-06-14 12:58:02,041 INFO  server.GrpcService (ConfUtils.java:logGet(43)) - raft.grpc.message.size.max = 33570816 (custom)
2019-06-14 12:58:02,041 INFO  server.RaftServerConfigKeys (ConfUtils.java:logGet(43)) - raft.server.log.appender.buffer.byte-limit = 33554432 (custom)
2019-06-14 12:58:02,041 INFO  server.GrpcService (ConfUtils.java:logGet(43)) - raft.grpc.flow.control.window = 1MB (=1048576) (default)
2019-06-14 12:58:02,041 INFO  server.RaftServerConfigKeys (ConfUtils.java:logGet(43)) - raft.server.rpc.request.timeout = 3000ms (default)
2019-06-14 12:58:02,041 INFO  server.RaftServerConfigKeys (ConfUtils.java:logGet(43)) - raft.server.storage.dir = [/opt/src/hadoop-ozone/integration-test/target/test-dir/MiniOzoneClusterImpl-0d288065-38f5-45f8-8bf6-3aeb34225532/datanode-5/data/ratis] (custom)
2019-06-14 12:58:02,042 INFO  server.XceiverServerGrpc (XceiverServerGrpc.java:<init>(97)) - Found a free port for the server : 34083
2019-06-14 12:58:02,042 INFO  replication.SimpleContainerDownloader (SimpleContainerDownloader.java:<init>(72)) - Starting container downloader service to copy containers to replicate.
2019-06-14 12:58:02,043 INFO  hdfs.DFSUtil (DFSUtil.java:httpServerTemplateForNNAndJN(1641)) - Starting Web-server for hddsDatanode at: http://0.0.0.0:0
2019-06-14 12:58:02,043 INFO  server.AuthenticationFilter (AuthenticationFilter.java:constructSecretProvider(240)) - Unable to initialize FileSignerSecretProvider, falling back to use random secrets.
2019-06-14 12:58:02,046 WARN  http.HttpRequestLog (HttpRequestLog.java:getRequestLog(97)) - Jetty request log can only be enabled using Log4j
2019-06-14 12:58:02,047 INFO  http.HttpServer2 (HttpServer2.java:addGlobalFilter(975)) - Added global filter 'safety' (class=org.apache.hadoop.http.HttpServer2$QuotingInputFilter)
2019-06-14 12:58:02,048 INFO  http.HttpServer2 (HttpServer2.java:addFilter(948)) - Added filter static_user_filter (class=org.apache.hadoop.http.lib.StaticUserWebFilter$StaticUserFilter) to context hddsDatanode
2019-06-14 12:58:02,048 INFO  http.HttpServer2 (HttpServer2.java:addFilter(958)) - Added filter static_user_filter (class=org.apache.hadoop.http.lib.StaticUserWebFilter$StaticUserFilter) to context logs
2019-06-14 12:58:02,048 INFO  http.HttpServer2 (HttpServer2.java:addFilter(958)) - Added filter static_user_filter (class=org.apache.hadoop.http.lib.StaticUserWebFilter$StaticUserFilter) to context static
2019-06-14 12:58:02,049 INFO  http.HttpServer2 (HttpServer2.java:bindListener(1191)) - Jetty bound to port 39353
2019-06-14 12:58:02,049 INFO  server.Server (Server.java:doStart(351)) - jetty-9.3.24.v20180605, build timestamp: 2018-06-05T17:11:56Z, git hash: 84205aa28f11a4f31f2a3b86d1bba2cc8ab69827
2019-06-14 12:58:02,056 INFO  handler.ContextHandler (ContextHandler.java:doStart(781)) - Started o.e.j.s.ServletContextHandler@291028d7{/logs,file:///opt/src/hadoop-ozone/integration-test/target/log,AVAILABLE}
2019-06-14 12:58:02,056 INFO  handler.ContextHandler (ContextHandler.java:doStart(781)) - Started o.e.j.s.ServletContextHandler@2f2f92f{/static,jar:file:/root/.m2/repository/org/apache/hadoop/hadoop-hdds-container-service/0.5.0-SNAPSHOT/hadoop-hdds-container-service-0.5.0-SNAPSHOT.jar!/webapps/static,AVAILABLE}
2019-06-14 12:58:02,085 INFO  handler.ContextHandler (ContextHandler.java:doStart(781)) - Started o.e.j.w.WebAppContext@4ac0d49{/,file:///tmp/jetty-0.0.0.0-39353-hddsDatanode-_-any-1396337100081891719.dir/webapp/,AVAILABLE}{/hddsDatanode}
2019-06-14 12:58:02,088 INFO  server.AbstractConnector (AbstractConnector.java:doStart(278)) - Started ServerConnector@71514267{HTTP/1.1,[http/1.1]}{0.0.0.0:39353}
2019-06-14 12:58:02,088 INFO  server.Server (Server.java:doStart(419)) - Started @31783ms
2019-06-14 12:58:02,089 INFO  server.BaseHttpServer (BaseHttpServer.java:updateConnectorAddress(207)) - HTTP server of HDDSDATANODE is listening at http://0.0.0.0:39353
2019-06-14 12:58:02,217 INFO  ozone.HddsDatanodeService (HddsDatanodeService.java:startPlugins(396)) - Started plug-in org.apache.hadoop.ozone.web.OzoneHddsDatanodeService@1fa29b9e
2019-06-14 12:58:02,217 INFO  impl.MetricsSystemImpl (MetricsSystemImpl.java:init(158)) - HddsDatanode metrics system started (again)
2019-06-14 12:58:02,218 INFO  ozone.HddsDatanodeService (HddsDatanodeService.java:start(185)) - HddsDatanodeService host:ozone-8z6qt-916494304 ip:192.168.134.78
2019-06-14 12:58:02,219 INFO  util.JvmPauseMonitor (JvmPauseMonitor.java:run(188)) - Starting JVM pause monitor
2019-06-14 12:58:02,220 INFO  datanode.InitDatanodeState (InitDatanodeState.java:persistContainerDatanodeDetails(140)) - DatanodeDetails is persisted to /opt/src/hadoop-ozone/integration-test/target/test-dir/MiniOzoneClusterImpl-0d288065-38f5-45f8-8bf6-3aeb34225532/datanode-5/meta/datanode.id
2019-06-14 12:58:02,227 INFO  volume.HddsVolume (HddsVolume.java:<init>(176)) - Creating Volume: /opt/src/hadoop-ozone/integration-test/target/test-dir/MiniOzoneClusterImpl-0d288065-38f5-45f8-8bf6-3aeb34225532/datanode-6/data/containers/hdds of  storage type : DISK and capacity : 104021790720
2019-06-14 12:58:02,228 INFO  volume.VolumeSet (VolumeSet.java:initializeVolumeSet(170)) - Added Volume : /opt/src/hadoop-ozone/integration-test/target/test-dir/MiniOzoneClusterImpl-0d288065-38f5-45f8-8bf6-3aeb34225532/datanode-6/data/containers/hdds to VolumeSet
2019-06-14 12:58:02,228 INFO  volume.ThrottledAsyncChecker (ThrottledAsyncChecker.java:schedule(140)) - Scheduling a check for org.apache.hadoop.ozone.container.common.volume.HddsVolume@6a7ea7c
2019-06-14 12:58:02,233 INFO  volume.HddsVolumeChecker (HddsVolumeChecker.java:checkAllVolumes(203)) - Scheduled health check for volume org.apache.hadoop.ozone.container.common.volume.HddsVolume@6a7ea7c
2019-06-14 12:58:02,243 INFO  ratis.XceiverServerRatis (XceiverServerRatis.java:newXceiverServerRatis(401)) - Found a free port for the server : 43505
2019-06-14 12:58:02,244 INFO  impl.RaftServerProxy (ConfUtils.java:logGet(43)) - raft.rpc.type = GRPC (default)
2019-06-14 12:58:02,244 INFO  grpc.GrpcConfigKeys$Server (ConfUtils.java:logGet(43)) - raft.grpc.server.port = 43505 (custom)
2019-06-14 12:58:02,244 INFO  server.GrpcService (ConfUtils.java:logGet(43)) - raft.grpc.message.size.max = 33570816 (custom)
2019-06-14 12:58:02,244 INFO  server.RaftServerConfigKeys (ConfUtils.java:logGet(43)) - raft.server.log.appender.buffer.byte-limit = 33554432 (custom)
2019-06-14 12:58:02,244 INFO  server.GrpcService (ConfUtils.java:logGet(43)) - raft.grpc.flow.control.window = 1MB (=1048576) (default)
2019-06-14 12:58:02,244 INFO  server.RaftServerConfigKeys (ConfUtils.java:logGet(43)) - raft.server.rpc.request.timeout = 3000ms (default)
2019-06-14 12:58:02,245 INFO  server.RaftServerConfigKeys (ConfUtils.java:logGet(43)) - raft.server.storage.dir = [/opt/src/hadoop-ozone/integration-test/target/test-dir/MiniOzoneClusterImpl-0d288065-38f5-45f8-8bf6-3aeb34225532/datanode-6/data/ratis] (custom)
2019-06-14 12:58:02,245 INFO  server.XceiverServerGrpc (XceiverServerGrpc.java:<init>(97)) - Found a free port for the server : 34581
2019-06-14 12:58:02,245 INFO  replication.SimpleContainerDownloader (SimpleContainerDownloader.java:<init>(72)) - Starting container downloader service to copy containers to replicate.
2019-06-14 12:58:02,246 INFO  hdfs.DFSUtil (DFSUtil.java:httpServerTemplateForNNAndJN(1641)) - Starting Web-server for hddsDatanode at: http://0.0.0.0:0
2019-06-14 12:58:02,247 INFO  server.AuthenticationFilter (AuthenticationFilter.java:constructSecretProvider(240)) - Unable to initialize FileSignerSecretProvider, falling back to use random secrets.
2019-06-14 12:58:02,247 WARN  http.HttpRequestLog (HttpRequestLog.java:getRequestLog(97)) - Jetty request log can only be enabled using Log4j
2019-06-14 12:58:02,248 INFO  http.HttpServer2 (HttpServer2.java:addGlobalFilter(975)) - Added global filter 'safety' (class=org.apache.hadoop.http.HttpServer2$QuotingInputFilter)
2019-06-14 12:58:02,249 INFO  http.HttpServer2 (HttpServer2.java:addFilter(948)) - Added filter static_user_filter (class=org.apache.hadoop.http.lib.StaticUserWebFilter$StaticUserFilter) to context hddsDatanode
2019-06-14 12:58:02,249 INFO  http.HttpServer2 (HttpServer2.java:addFilter(958)) - Added filter static_user_filter (class=org.apache.hadoop.http.lib.StaticUserWebFilter$StaticUserFilter) to context logs
2019-06-14 12:58:02,249 INFO  http.HttpServer2 (HttpServer2.java:addFilter(958)) - Added filter static_user_filter (class=org.apache.hadoop.http.lib.StaticUserWebFilter$StaticUserFilter) to context static
2019-06-14 12:58:02,249 INFO  http.HttpServer2 (HttpServer2.java:bindListener(1191)) - Jetty bound to port 38553
2019-06-14 12:58:02,249 INFO  server.Server (Server.java:doStart(351)) - jetty-9.3.24.v20180605, build timestamp: 2018-06-05T17:11:56Z, git hash: 84205aa28f11a4f31f2a3b86d1bba2cc8ab69827
2019-06-14 12:58:02,257 INFO  handler.ContextHandler (ContextHandler.java:doStart(781)) - Started o.e.j.s.ServletContextHandler@70a54731{/logs,file:///opt/src/hadoop-ozone/integration-test/target/log,AVAILABLE}
2019-06-14 12:58:02,257 INFO  handler.ContextHandler (ContextHandler.java:doStart(781)) - Started o.e.j.s.ServletContextHandler@6369d01c{/static,jar:file:/root/.m2/repository/org/apache/hadoop/hadoop-hdds-container-service/0.5.0-SNAPSHOT/hadoop-hdds-container-service-0.5.0-SNAPSHOT.jar!/webapps/static,AVAILABLE}
2019-06-14 12:58:02,277 INFO  handler.ContextHandler (ContextHandler.java:doStart(781)) - Started o.e.j.w.WebAppContext@3c8e4a82{/,file:///tmp/jetty-0.0.0.0-38553-hddsDatanode-_-any-6089361696703618052.dir/webapp/,AVAILABLE}{/hddsDatanode}
2019-06-14 12:58:02,278 INFO  server.AbstractConnector (AbstractConnector.java:doStart(278)) - Started ServerConnector@1896299b{HTTP/1.1,[http/1.1]}{0.0.0.0:38553}
2019-06-14 12:58:02,280 INFO  server.Server (Server.java:doStart(419)) - Started @31976ms
2019-06-14 12:58:02,281 INFO  server.BaseHttpServer (BaseHttpServer.java:updateConnectorAddress(207)) - HTTP server of HDDSDATANODE is listening at http://0.0.0.0:38553
2019-06-14 12:58:02,368 INFO  ozone.HddsDatanodeService (HddsDatanodeService.java:startPlugins(396)) - Started plug-in org.apache.hadoop.ozone.web.OzoneHddsDatanodeService@2bee1c13
2019-06-14 12:58:02,369 INFO  ozone.MiniOzoneClusterImpl (MiniOzoneClusterImpl.java:lambda$waitForClusterToBeReady$0(142)) - Waiting for cluster to be ready. Got 0 of 7 DN Heartbeats.
2019-06-14 12:58:02,374 INFO  util.JvmPauseMonitor (JvmPauseMonitor.java:run(188)) - Starting JVM pause monitor
2019-06-14 12:58:02,375 INFO  datanode.InitDatanodeState (InitDatanodeState.java:persistContainerDatanodeDetails(140)) - DatanodeDetails is persisted to /opt/src/hadoop-ozone/integration-test/target/test-dir/MiniOzoneClusterImpl-0d288065-38f5-45f8-8bf6-3aeb34225532/datanode-6/meta/datanode.id
2019-06-14 12:58:03,234 INFO  ozoneimpl.OzoneContainer (OzoneContainer.java:start(186)) - Attempting to start container services.
2019-06-14 12:58:03,234 INFO  ozoneimpl.OzoneContainer (OzoneContainer.java:startContainerScrub(160)) - Background container scrubber has been disabled by hdds.containerscrub.enabled
2019-06-14 12:58:03,234 INFO  ratis.XceiverServerRatis (XceiverServerRatis.java:start(418)) - Starting XceiverServerRatis 87ac541d-3451-459d-a83b-85a9420cbaf3 at port 41489
2019-06-14 12:58:03,238 INFO  impl.RaftServerProxy (RaftServerProxy.java:lambda$start$3(299)) - 87ac541d-3451-459d-a83b-85a9420cbaf3: start RPC server
2019-06-14 12:58:03,240 INFO  server.GrpcService (GrpcService.java:startImpl(148)) - 87ac541d-3451-459d-a83b-85a9420cbaf3: GrpcService started, listening on 0.0.0.0/0.0.0.0:41489
2019-06-14 12:58:03,369 INFO  ozone.MiniOzoneClusterImpl (MiniOzoneClusterImpl.java:lambda$waitForClusterToBeReady$0(142)) - Waiting for cluster to be ready. Got 0 of 7 DN Heartbeats.
2019-06-14 12:58:03,520 INFO  ozoneimpl.OzoneContainer (OzoneContainer.java:start(186)) - Attempting to start container services.
2019-06-14 12:58:03,520 INFO  ozoneimpl.OzoneContainer (OzoneContainer.java:startContainerScrub(160)) - Background container scrubber has been disabled by hdds.containerscrub.enabled
2019-06-14 12:58:03,520 INFO  ratis.XceiverServerRatis (XceiverServerRatis.java:start(418)) - Starting XceiverServerRatis a153dc25-438c-4576-bda0-442fdc93ce24 at port 45433
2019-06-14 12:58:03,523 INFO  impl.RaftServerProxy (RaftServerProxy.java:lambda$start$3(299)) - a153dc25-438c-4576-bda0-442fdc93ce24: start RPC server
2019-06-14 12:58:03,523 INFO  server.GrpcService (GrpcService.java:startImpl(148)) - a153dc25-438c-4576-bda0-442fdc93ce24: GrpcService started, listening on 0.0.0.0/0.0.0.0:45433
2019-06-14 12:58:03,684 INFO  ozoneimpl.OzoneContainer (OzoneContainer.java:start(186)) - Attempting to start container services.
2019-06-14 12:58:03,684 INFO  ozoneimpl.OzoneContainer (OzoneContainer.java:startContainerScrub(160)) - Background container scrubber has been disabled by hdds.containerscrub.enabled
2019-06-14 12:58:03,684 INFO  ratis.XceiverServerRatis (XceiverServerRatis.java:start(418)) - Starting XceiverServerRatis bebcae61-8d7b-4702-a75b-276acd53e539 at port 39855
2019-06-14 12:58:03,687 INFO  impl.RaftServerProxy (RaftServerProxy.java:lambda$start$3(299)) - bebcae61-8d7b-4702-a75b-276acd53e539: start RPC server
2019-06-14 12:58:03,691 INFO  server.GrpcService (GrpcService.java:startImpl(148)) - bebcae61-8d7b-4702-a75b-276acd53e539: GrpcService started, listening on 0.0.0.0/0.0.0.0:39855
2019-06-14 12:58:03,867 INFO  ozoneimpl.OzoneContainer (OzoneContainer.java:start(186)) - Attempting to start container services.
2019-06-14 12:58:03,867 INFO  ozoneimpl.OzoneContainer (OzoneContainer.java:startContainerScrub(160)) - Background container scrubber has been disabled by hdds.containerscrub.enabled
2019-06-14 12:58:03,867 INFO  ratis.XceiverServerRatis (XceiverServerRatis.java:start(418)) - Starting XceiverServerRatis b0559c4f-76fa-4fe6-8caf-4e12aba375f6 at port 33635
2019-06-14 12:58:03,871 INFO  impl.RaftServerProxy (RaftServerProxy.java:lambda$start$3(299)) - b0559c4f-76fa-4fe6-8caf-4e12aba375f6: start RPC server
2019-06-14 12:58:03,880 INFO  server.GrpcService (GrpcService.java:startImpl(148)) - b0559c4f-76fa-4fe6-8caf-4e12aba375f6: GrpcService started, listening on 0.0.0.0/0.0.0.0:33635
2019-06-14 12:58:04,018 INFO  ozoneimpl.OzoneContainer (OzoneContainer.java:start(186)) - Attempting to start container services.
2019-06-14 12:58:04,018 INFO  ozoneimpl.OzoneContainer (OzoneContainer.java:startContainerScrub(160)) - Background container scrubber has been disabled by hdds.containerscrub.enabled
2019-06-14 12:58:04,018 INFO  ratis.XceiverServerRatis (XceiverServerRatis.java:start(418)) - Starting XceiverServerRatis dd497ec3-ef6d-4933-a57d-e97d8d6356da at port 37463
2019-06-14 12:58:04,023 INFO  impl.RaftServerProxy (RaftServerProxy.java:lambda$start$3(299)) - dd497ec3-ef6d-4933-a57d-e97d8d6356da: start RPC server
2019-06-14 12:58:04,023 INFO  server.GrpcService (GrpcService.java:startImpl(148)) - dd497ec3-ef6d-4933-a57d-e97d8d6356da: GrpcService started, listening on 0.0.0.0/0.0.0.0:37463
2019-06-14 12:58:04,223 INFO  ozoneimpl.OzoneContainer (OzoneContainer.java:start(186)) - Attempting to start container services.
2019-06-14 12:58:04,223 INFO  ozoneimpl.OzoneContainer (OzoneContainer.java:startContainerScrub(160)) - Background container scrubber has been disabled by hdds.containerscrub.enabled
2019-06-14 12:58:04,223 INFO  ratis.XceiverServerRatis (XceiverServerRatis.java:start(418)) - Starting XceiverServerRatis 4285ecc9-9b9a-4b47-88f6-ccd74466776c at port 45275
2019-06-14 12:58:04,226 INFO  impl.RaftServerProxy (RaftServerProxy.java:lambda$start$3(299)) - 4285ecc9-9b9a-4b47-88f6-ccd74466776c: start RPC server
2019-06-14 12:58:04,226 INFO  server.GrpcService (GrpcService.java:startImpl(148)) - 4285ecc9-9b9a-4b47-88f6-ccd74466776c: GrpcService started, listening on 0.0.0.0/0.0.0.0:45275
2019-06-14 12:58:04,369 INFO  ozone.MiniOzoneClusterImpl (MiniOzoneClusterImpl.java:lambda$waitForClusterToBeReady$0(142)) - Waiting for cluster to be ready. Got 0 of 7 DN Heartbeats.
2019-06-14 12:58:04,377 INFO  ozoneimpl.OzoneContainer (OzoneContainer.java:start(186)) - Attempting to start container services.
2019-06-14 12:58:04,377 INFO  ozoneimpl.OzoneContainer (OzoneContainer.java:startContainerScrub(160)) - Background container scrubber has been disabled by hdds.containerscrub.enabled
2019-06-14 12:58:04,377 INFO  ratis.XceiverServerRatis (XceiverServerRatis.java:start(418)) - Starting XceiverServerRatis 79c723e1-092d-45c6-a600-c1185edf53d9 at port 43505
2019-06-14 12:58:04,380 INFO  impl.RaftServerProxy (RaftServerProxy.java:lambda$start$3(299)) - 79c723e1-092d-45c6-a600-c1185edf53d9: start RPC server
2019-06-14 12:58:04,381 INFO  server.GrpcService (GrpcService.java:startImpl(148)) - 79c723e1-092d-45c6-a600-c1185edf53d9: GrpcService started, listening on 0.0.0.0/0.0.0.0:43505
2019-06-14 12:58:05,223 INFO  node.SCMNodeManager (SCMNodeManager.java:register(234)) - Registered Data node : 87ac541d-3451-459d-a83b-85a9420cbaf3{ip: 192.168.134.78, host: ozone-8z6qt-916494304, networkLocation: /default-rack, certSerialId: null}
2019-06-14 12:58:05,226 INFO  safemode.SCMSafeModeManager (DataNodeSafeModeRule.java:process(71)) - SCM in safe mode. 1 DataNodes registered, 1 required.
2019-06-14 12:58:05,232 INFO  safemode.SCMSafeModeManager (SCMSafeModeManager.java:validateSafeModeExitRules(177)) - ScmSafeModeManager, all rules are successfully validated
2019-06-14 12:58:05,232 INFO  safemode.SCMSafeModeManager (SCMSafeModeManager.java:exitSafeMode(193)) - SCM exiting safe mode.
2019-06-14 12:58:05,237 INFO  impl.RaftServerProxy (RaftServerProxy.java:addNew(89)) - 87ac541d-3451-459d-a83b-85a9420cbaf3: addNew group-392F4FD511DC:[87ac541d-3451-459d-a83b-85a9420cbaf3:192.168.134.78:41489] returns group-392F4FD511DC:java.util.concurrent.CompletableFuture@d900d02[Not completed]
2019-06-14 12:58:05,237 INFO  impl.RaftServerImpl (RaftServerImpl.java:<init>(91)) - 87ac541d-3451-459d-a83b-85a9420cbaf3: new RaftServerImpl for group-392F4FD511DC:[87ac541d-3451-459d-a83b-85a9420cbaf3:192.168.134.78:41489] with ContainerStateMachine:uninitialized
2019-06-14 12:58:05,237 INFO  server.RaftServerConfigKeys (ConfUtils.java:logGet(43)) - raft.server.rpc.timeout.min = 1s (custom)
2019-06-14 12:58:05,238 INFO  server.RaftServerConfigKeys (ConfUtils.java:logGet(43)) - raft.server.rpc.timeout.max = 1200ms (custom)
2019-06-14 12:58:05,238 INFO  server.RaftServerConfigKeys (ConfUtils.java:logGet(43)) - raft.server.rpcslowness.timeout = 120s (custom)
2019-06-14 12:58:05,238 INFO  server.RaftServerConfigKeys (ConfUtils.java:logGet(43)) - raft.server.log.appender.install.snapshot.enabled = true (default)
2019-06-14 12:58:05,238 INFO  impl.RaftServerImpl (ServerState.java:<init>(101)) - 87ac541d-3451-459d-a83b-85a9420cbaf3:group-392F4FD511DC ConfigurationManager, init=-1: [87ac541d-3451-459d-a83b-85a9420cbaf3:192.168.134.78:41489], old=null, confs=<EMPTY_MAP>
2019-06-14 12:58:05,238 INFO  server.RaftServerConfigKeys (ConfUtils.java:logGet(43)) - raft.server.storage.dir = [/opt/src/hadoop-ozone/integration-test/target/test-dir/MiniOzoneClusterImpl-0d288065-38f5-45f8-8bf6-3aeb34225532/datanode-0/data/ratis] (custom)
2019-06-14 12:58:05,238 INFO  storage.RaftStorageDirectory (RaftStorageDirectory.java:analyzeStorage(246)) - The storage directory /opt/src/hadoop-ozone/integration-test/target/test-dir/MiniOzoneClusterImpl-0d288065-38f5-45f8-8bf6-3aeb34225532/datanode-0/data/ratis/11cdcce2-1049-4cfb-8d4d-392f4fd511dc does not exist. Creating ...
2019-06-14 12:58:05,240 INFO  storage.RaftStorageDirectory (RaftStorageDirectory.java:tryLock(328)) - Lock on /opt/src/hadoop-ozone/integration-test/target/test-dir/MiniOzoneClusterImpl-0d288065-38f5-45f8-8bf6-3aeb34225532/datanode-0/data/ratis/11cdcce2-1049-4cfb-8d4d-392f4fd511dc/in_use.lock acquired by nodename 12504@ozone-8z6qt-916494304
2019-06-14 12:58:05,242 INFO  storage.RaftStorage (RaftStorage.java:format(75)) - Storage directory /opt/src/hadoop-ozone/integration-test/target/test-dir/MiniOzoneClusterImpl-0d288065-38f5-45f8-8bf6-3aeb34225532/datanode-0/data/ratis/11cdcce2-1049-4cfb-8d4d-392f4fd511dc has been successfully formatted.
2019-06-14 12:58:05,242 INFO  ratis.ContainerStateMachine (ContainerStateMachine.java:loadSnapshot(199)) - The snapshot info is null.Setting the last applied index to:(t:0, i:~)
2019-06-14 12:58:05,242 INFO  server.RaftServerConfigKeys (ConfUtils.java:logGet(43)) - raft.server.leader.election.timeout = 120s (custom)
2019-06-14 12:58:05,243 INFO  server.RaftServerConfigKeys (ConfUtils.java:logGet(43)) - raft.server.log.use.memory = false (default)
2019-06-14 12:58:05,243 INFO  server.RaftServerConfigKeys (ConfUtils.java:logGet(43)) - raft.server.log.appender.buffer.byte-limit = 33554432 (custom)
2019-06-14 12:58:05,243 INFO  server.RaftServerConfigKeys (ConfUtils.java:logGet(43)) - raft.server.log.segment.size.max = 16384 (custom)
2019-06-14 12:58:05,243 INFO  server.RaftServerConfigKeys (ConfUtils.java:logGet(43)) - raft.server.log.segment.cache.num.max = 2 (custom)
2019-06-14 12:58:05,243 INFO  storage.RaftLogWorker (RaftLogWorker.java:<init>(123)) - new 87ac541d-3451-459d-a83b-85a9420cbaf3-RaftLogWorker for Storage Directory /opt/src/hadoop-ozone/integration-test/target/test-dir/MiniOzoneClusterImpl-0d288065-38f5-45f8-8bf6-3aeb34225532/datanode-0/data/ratis/11cdcce2-1049-4cfb-8d4d-392f4fd511dc
2019-06-14 12:58:05,243 INFO  server.RaftServerConfigKeys (ConfUtils.java:logGet(43)) - raft.server.log.queue.byte-limit = 2147483647 (custom)
2019-06-14 12:58:05,243 INFO  server.RaftServerConfigKeys (ConfUtils.java:logGet(43)) - raft.server.log.queue.element-limit = 1024 (custom)
2019-06-14 12:58:05,243 INFO  server.RaftServerConfigKeys (ConfUtils.java:logGet(43)) - raft.server.log.segment.size.max = 16384 (custom)
2019-06-14 12:58:05,243 INFO  server.RaftServerConfigKeys (ConfUtils.java:logGet(43)) - raft.server.log.preallocated.size = 16384 (custom)
2019-06-14 12:58:05,243 INFO  server.RaftServerConfigKeys (ConfUtils.java:logGet(43)) - raft.server.log.write.buffer.size = 33554432 (custom)
2019-06-14 12:58:05,243 INFO  server.RaftServerConfigKeys (ConfUtils.java:logGet(43)) - raft.server.log.force.sync.num = 128 (default)
2019-06-14 12:58:05,243 INFO  server.RaftServerConfigKeys (ConfUtils.java:logGet(43)) - raft.server.log.statemachine.data.sync = true (default)
2019-06-14 12:58:05,243 INFO  server.RaftServerConfigKeys (ConfUtils.java:logGet(43)) - raft.server.log.statemachine.data.sync.timeout = 10s (default)
2019-06-14 12:58:05,243 INFO  server.RaftServerConfigKeys (ConfUtils.java:logGet(43)) - raft.server.log.statemachine.data.sync.timeout.retry = -1 (default)
2019-06-14 12:58:05,243 INFO  server.RaftServerConfigKeys (ConfUtils.java:logGet(43)) - raft.server.log.statemachine.data.caching.enabled = true (custom)
2019-06-14 12:58:05,244 INFO  server.RaftServerConfigKeys (ConfUtils.java:logGet(43)) - raft.server.snapshot.auto.trigger.enabled = true (custom)
2019-06-14 12:58:05,244 INFO  server.RaftServerConfigKeys (ConfUtils.java:logGet(43)) - raft.server.snapshot.auto.trigger.threshold = 10000 (custom)
2019-06-14 12:58:05,244 INFO  server.RaftServerConfigKeys (ConfUtils.java:logGet(43)) - raft.server.retrycache.expirytime = 600000ms (custom)
2019-06-14 12:58:05,244 INFO  impl.RaftServerImpl (RaftServerImpl.java:start(173)) - 87ac541d-3451-459d-a83b-85a9420cbaf3: start group-392F4FD511DC
2019-06-14 12:58:05,244 INFO  impl.RaftServerImpl (RaftServerImpl.java:setRole(164)) - 87ac541d-3451-459d-a83b-85a9420cbaf3:group-392F4FD511DC changes role from null to FOLLOWER at term 0 for startAsFollower
2019-06-14 12:58:05,244 INFO  impl.RoleInfo (RoleInfo.java:updateAndGet(143)) - 87ac541d-3451-459d-a83b-85a9420cbaf3: start FollowerState
2019-06-14 12:58:05,244 INFO  util.JmxRegister (JmxRegister.java:tryRegister(44)) - Successfully registered JMX Bean with object name Ratis:service=RaftServer,group=group-392F4FD511DC,id=87ac541d-3451-459d-a83b-85a9420cbaf3
2019-06-14 12:58:05,246 INFO  pipeline.PipelineStateManager (PipelineStateManager.java:addPipeline(56)) - Created pipeline Pipeline[ Id: 11cdcce2-1049-4cfb-8d4d-392f4fd511dc, Nodes: 87ac541d-3451-459d-a83b-85a9420cbaf3{ip: 192.168.134.78, host: ozone-8z6qt-916494304, networkLocation: /default-rack, certSerialId: null}, Type:RATIS, Factor:ONE, State:OPEN]
2019-06-14 12:58:05,370 INFO  ozone.MiniOzoneClusterImpl (MiniOzoneClusterImpl.java:lambda$waitForClusterToBeReady$0(142)) - Waiting for cluster to be ready. Got 1 of 7 DN Heartbeats.
2019-06-14 12:58:05,514 INFO  node.SCMNodeManager (SCMNodeManager.java:register(234)) - Registered Data node : a153dc25-438c-4576-bda0-442fdc93ce24{ip: 192.168.134.78, host: ozone-8z6qt-916494304, networkLocation: /default-rack, certSerialId: null}
2019-06-14 12:58:05,544 INFO  impl.RaftServerProxy (RaftServerProxy.java:addNew(89)) - a153dc25-438c-4576-bda0-442fdc93ce24: addNew group-FAFF764965E1:[a153dc25-438c-4576-bda0-442fdc93ce24:192.168.134.78:45433] returns group-FAFF764965E1:java.util.concurrent.CompletableFuture@74ef67b1[Not completed]
2019-06-14 12:58:05,545 INFO  impl.RaftServerImpl (RaftServerImpl.java:<init>(91)) - a153dc25-438c-4576-bda0-442fdc93ce24: new RaftServerImpl for group-FAFF764965E1:[a153dc25-438c-4576-bda0-442fdc93ce24:192.168.134.78:45433] with ContainerStateMachine:uninitialized
2019-06-14 12:58:05,545 INFO  server.RaftServerConfigKeys (ConfUtils.java:logGet(43)) - raft.server.rpc.timeout.min = 1s (custom)
2019-06-14 12:58:05,545 INFO  server.RaftServerConfigKeys (ConfUtils.java:logGet(43)) - raft.server.rpc.timeout.max = 1200ms (custom)
2019-06-14 12:58:05,545 INFO  server.RaftServerConfigKeys (ConfUtils.java:logGet(43)) - raft.server.rpcslowness.timeout = 120s (custom)
2019-06-14 12:58:05,545 INFO  server.RaftServerConfigKeys (ConfUtils.java:logGet(43)) - raft.server.log.appender.install.snapshot.enabled = true (default)
2019-06-14 12:58:05,545 INFO  impl.RaftServerImpl (ServerState.java:<init>(101)) - a153dc25-438c-4576-bda0-442fdc93ce24:group-FAFF764965E1 ConfigurationManager, init=-1: [a153dc25-438c-4576-bda0-442fdc93ce24:192.168.134.78:45433], old=null, confs=<EMPTY_MAP>
2019-06-14 12:58:05,545 INFO  server.RaftServerConfigKeys (ConfUtils.java:logGet(43)) - raft.server.storage.dir = [/opt/src/hadoop-ozone/integration-test/target/test-dir/MiniOzoneClusterImpl-0d288065-38f5-45f8-8bf6-3aeb34225532/datanode-1/data/ratis] (custom)
2019-06-14 12:58:05,545 INFO  storage.RaftStorageDirectory (RaftStorageDirectory.java:analyzeStorage(246)) - The storage directory /opt/src/hadoop-ozone/integration-test/target/test-dir/MiniOzoneClusterImpl-0d288065-38f5-45f8-8bf6-3aeb34225532/datanode-1/data/ratis/e13c43d6-4d82-4359-aae6-faff764965e1 does not exist. Creating ...
2019-06-14 12:58:05,547 INFO  storage.RaftStorageDirectory (RaftStorageDirectory.java:tryLock(328)) - Lock on /opt/src/hadoop-ozone/integration-test/target/test-dir/MiniOzoneClusterImpl-0d288065-38f5-45f8-8bf6-3aeb34225532/datanode-1/data/ratis/e13c43d6-4d82-4359-aae6-faff764965e1/in_use.lock acquired by nodename 12504@ozone-8z6qt-916494304
2019-06-14 12:58:05,550 INFO  storage.RaftStorage (RaftStorage.java:format(75)) - Storage directory /opt/src/hadoop-ozone/integration-test/target/test-dir/MiniOzoneClusterImpl-0d288065-38f5-45f8-8bf6-3aeb34225532/datanode-1/data/ratis/e13c43d6-4d82-4359-aae6-faff764965e1 has been successfully formatted.
2019-06-14 12:58:05,550 INFO  ratis.ContainerStateMachine (ContainerStateMachine.java:loadSnapshot(199)) - The snapshot info is null.Setting the last applied index to:(t:0, i:~)
2019-06-14 12:58:05,550 INFO  server.RaftServerConfigKeys (ConfUtils.java:logGet(43)) - raft.server.leader.election.timeout = 120s (custom)
2019-06-14 12:58:05,550 INFO  server.RaftServerConfigKeys (ConfUtils.java:logGet(43)) - raft.server.log.use.memory = false (default)
2019-06-14 12:58:05,550 INFO  server.RaftServerConfigKeys (ConfUtils.java:logGet(43)) - raft.server.log.appender.buffer.byte-limit = 33554432 (custom)
2019-06-14 12:58:05,550 INFO  server.RaftServerConfigKeys (ConfUtils.java:logGet(43)) - raft.server.log.segment.size.max = 16384 (custom)
2019-06-14 12:58:05,550 INFO  server.RaftServerConfigKeys (ConfUtils.java:logGet(43)) - raft.server.log.segment.cache.num.max = 2 (custom)
2019-06-14 12:58:05,550 INFO  storage.RaftLogWorker (RaftLogWorker.java:<init>(123)) - new a153dc25-438c-4576-bda0-442fdc93ce24-RaftLogWorker for Storage Directory /opt/src/hadoop-ozone/integration-test/target/test-dir/MiniOzoneClusterImpl-0d288065-38f5-45f8-8bf6-3aeb34225532/datanode-1/data/ratis/e13c43d6-4d82-4359-aae6-faff764965e1
2019-06-14 12:58:05,550 INFO  server.RaftServerConfigKeys (ConfUtils.java:logGet(43)) - raft.server.log.queue.byte-limit = 2147483647 (custom)
2019-06-14 12:58:05,551 INFO  server.RaftServerConfigKeys (ConfUtils.java:logGet(43)) - raft.server.log.queue.element-limit = 1024 (custom)
2019-06-14 12:58:05,551 INFO  server.RaftServerConfigKeys (ConfUtils.java:logGet(43)) - raft.server.log.segment.size.max = 16384 (custom)
2019-06-14 12:58:05,551 INFO  server.RaftServerConfigKeys (ConfUtils.java:logGet(43)) - raft.server.log.preallocated.size = 16384 (custom)
2019-06-14 12:58:05,551 INFO  server.RaftServerConfigKeys (ConfUtils.java:logGet(43)) - raft.server.log.write.buffer.size = 33554432 (custom)
2019-06-14 12:58:05,551 INFO  server.RaftServerConfigKeys (ConfUtils.java:logGet(43)) - raft.server.log.force.sync.num = 128 (default)
2019-06-14 12:58:05,551 INFO  server.RaftServerConfigKeys (ConfUtils.java:logGet(43)) - raft.server.log.statemachine.data.sync = true (default)
2019-06-14 12:58:05,551 INFO  server.RaftServerConfigKeys (ConfUtils.java:logGet(43)) - raft.server.log.statemachine.data.sync.timeout = 10s (default)
2019-06-14 12:58:05,551 INFO  server.RaftServerConfigKeys (ConfUtils.java:logGet(43)) - raft.server.log.statemachine.data.sync.timeout.retry = -1 (default)
2019-06-14 12:58:05,551 INFO  server.RaftServerConfigKeys (ConfUtils.java:logGet(43)) - raft.server.log.statemachine.data.caching.enabled = true (custom)
2019-06-14 12:58:05,552 INFO  server.RaftServerConfigKeys (ConfUtils.java:logGet(43)) - raft.server.snapshot.auto.trigger.enabled = true (custom)
2019-06-14 12:58:05,552 INFO  server.RaftServerConfigKeys (ConfUtils.java:logGet(43)) - raft.server.snapshot.auto.trigger.threshold = 10000 (custom)
2019-06-14 12:58:05,552 INFO  server.RaftServerConfigKeys (ConfUtils.java:logGet(43)) - raft.server.retrycache.expirytime = 600000ms (custom)
2019-06-14 12:58:05,552 INFO  impl.RaftServerImpl (RaftServerImpl.java:start(173)) - a153dc25-438c-4576-bda0-442fdc93ce24: start group-FAFF764965E1
2019-06-14 12:58:05,552 INFO  impl.RaftServerImpl (RaftServerImpl.java:setRole(164)) - a153dc25-438c-4576-bda0-442fdc93ce24:group-FAFF764965E1 changes role from null to FOLLOWER at term 0 for startAsFollower
2019-06-14 12:58:05,552 INFO  impl.RoleInfo (RoleInfo.java:updateAndGet(143)) - a153dc25-438c-4576-bda0-442fdc93ce24: start FollowerState
2019-06-14 12:58:05,552 INFO  util.JmxRegister (JmxRegister.java:tryRegister(44)) - Successfully registered JMX Bean with object name Ratis:service=RaftServer,group=group-FAFF764965E1,id=a153dc25-438c-4576-bda0-442fdc93ce24
2019-06-14 12:58:05,554 INFO  pipeline.PipelineStateManager (PipelineStateManager.java:addPipeline(56)) - Created pipeline Pipeline[ Id: e13c43d6-4d82-4359-aae6-faff764965e1, Nodes: a153dc25-438c-4576-bda0-442fdc93ce24{ip: 192.168.134.78, host: ozone-8z6qt-916494304, networkLocation: /default-rack, certSerialId: null}, Type:RATIS, Factor:ONE, State:OPEN]
2019-06-14 12:58:05,682 INFO  node.SCMNodeManager (SCMNodeManager.java:register(234)) - Registered Data node : bebcae61-8d7b-4702-a75b-276acd53e539{ip: 192.168.134.78, host: ozone-8z6qt-916494304, networkLocation: /default-rack, certSerialId: null}
2019-06-14 12:58:05,690 INFO  impl.RaftServerProxy (RaftServerProxy.java:addNew(89)) - bebcae61-8d7b-4702-a75b-276acd53e539: addNew group-EFB0012D8882:[bebcae61-8d7b-4702-a75b-276acd53e539:192.168.134.78:39855] returns group-EFB0012D8882:java.util.concurrent.CompletableFuture@96544d[Not completed]
2019-06-14 12:58:05,690 INFO  impl.RaftServerImpl (RaftServerImpl.java:<init>(91)) - bebcae61-8d7b-4702-a75b-276acd53e539: new RaftServerImpl for group-EFB0012D8882:[bebcae61-8d7b-4702-a75b-276acd53e539:192.168.134.78:39855] with ContainerStateMachine:uninitialized
2019-06-14 12:58:05,690 INFO  server.RaftServerConfigKeys (ConfUtils.java:logGet(43)) - raft.server.rpc.timeout.min = 1s (custom)
2019-06-14 12:58:05,690 INFO  server.RaftServerConfigKeys (ConfUtils.java:logGet(43)) - raft.server.rpc.timeout.max = 1200ms (custom)
2019-06-14 12:58:05,690 INFO  server.RaftServerConfigKeys (ConfUtils.java:logGet(43)) - raft.server.rpcslowness.timeout = 120s (custom)
2019-06-14 12:58:05,690 INFO  server.RaftServerConfigKeys (ConfUtils.java:logGet(43)) - raft.server.log.appender.install.snapshot.enabled = true (default)
2019-06-14 12:58:05,691 INFO  impl.RaftServerImpl (ServerState.java:<init>(101)) - bebcae61-8d7b-4702-a75b-276acd53e539:group-EFB0012D8882 ConfigurationManager, init=-1: [bebcae61-8d7b-4702-a75b-276acd53e539:192.168.134.78:39855], old=null, confs=<EMPTY_MAP>
2019-06-14 12:58:05,691 INFO  server.RaftServerConfigKeys (ConfUtils.java:logGet(43)) - raft.server.storage.dir = [/opt/src/hadoop-ozone/integration-test/target/test-dir/MiniOzoneClusterImpl-0d288065-38f5-45f8-8bf6-3aeb34225532/datanode-2/data/ratis] (custom)
2019-06-14 12:58:05,691 INFO  storage.RaftStorageDirectory (RaftStorageDirectory.java:analyzeStorage(246)) - The storage directory /opt/src/hadoop-ozone/integration-test/target/test-dir/MiniOzoneClusterImpl-0d288065-38f5-45f8-8bf6-3aeb34225532/datanode-2/data/ratis/85c4dc91-d8ef-4083-bcaf-efb0012d8882 does not exist. Creating ...
2019-06-14 12:58:05,693 INFO  storage.RaftStorageDirectory (RaftStorageDirectory.java:tryLock(328)) - Lock on /opt/src/hadoop-ozone/integration-test/target/test-dir/MiniOzoneClusterImpl-0d288065-38f5-45f8-8bf6-3aeb34225532/datanode-2/data/ratis/85c4dc91-d8ef-4083-bcaf-efb0012d8882/in_use.lock acquired by nodename 12504@ozone-8z6qt-916494304
2019-06-14 12:58:05,696 INFO  storage.RaftStorage (RaftStorage.java:format(75)) - Storage directory /opt/src/hadoop-ozone/integration-test/target/test-dir/MiniOzoneClusterImpl-0d288065-38f5-45f8-8bf6-3aeb34225532/datanode-2/data/ratis/85c4dc91-d8ef-4083-bcaf-efb0012d8882 has been successfully formatted.
2019-06-14 12:58:05,696 INFO  ratis.ContainerStateMachine (ContainerStateMachine.java:loadSnapshot(199)) - The snapshot info is null.Setting the last applied index to:(t:0, i:~)
2019-06-14 12:58:05,696 INFO  server.RaftServerConfigKeys (ConfUtils.java:logGet(43)) - raft.server.leader.election.timeout = 120s (custom)
2019-06-14 12:58:05,696 INFO  server.RaftServerConfigKeys (ConfUtils.java:logGet(43)) - raft.server.log.use.memory = false (default)
2019-06-14 12:58:05,696 INFO  server.RaftServerConfigKeys (ConfUtils.java:logGet(43)) - raft.server.log.appender.buffer.byte-limit = 33554432 (custom)
2019-06-14 12:58:05,697 INFO  server.RaftServerConfigKeys (ConfUtils.java:logGet(43)) - raft.server.log.segment.size.max = 16384 (custom)
2019-06-14 12:58:05,697 INFO  server.RaftServerConfigKeys (ConfUtils.java:logGet(43)) - raft.server.log.segment.cache.num.max = 2 (custom)
2019-06-14 12:58:05,697 INFO  storage.RaftLogWorker (RaftLogWorker.java:<init>(123)) - new bebcae61-8d7b-4702-a75b-276acd53e539-RaftLogWorker for Storage Directory /opt/src/hadoop-ozone/integration-test/target/test-dir/MiniOzoneClusterImpl-0d288065-38f5-45f8-8bf6-3aeb34225532/datanode-2/data/ratis/85c4dc91-d8ef-4083-bcaf-efb0012d8882
2019-06-14 12:58:05,697 INFO  server.RaftServerConfigKeys (ConfUtils.java:logGet(43)) - raft.server.log.queue.byte-limit = 2147483647 (custom)
2019-06-14 12:58:05,697 INFO  server.RaftServerConfigKeys (ConfUtils.java:logGet(43)) - raft.server.log.queue.element-limit = 1024 (custom)
2019-06-14 12:58:05,697 INFO  server.RaftServerConfigKeys (ConfUtils.java:logGet(43)) - raft.server.log.segment.size.max = 16384 (custom)
2019-06-14 12:58:05,697 INFO  server.RaftServerConfigKeys (ConfUtils.java:logGet(43)) - raft.server.log.preallocated.size = 16384 (custom)
2019-06-14 12:58:05,697 INFO  server.RaftServerConfigKeys (ConfUtils.java:logGet(43)) - raft.server.log.write.buffer.size = 33554432 (custom)
2019-06-14 12:58:05,697 INFO  server.RaftServerConfigKeys (ConfUtils.java:logGet(43)) - raft.server.log.force.sync.num = 128 (default)
2019-06-14 12:58:05,697 INFO  server.RaftServerConfigKeys (ConfUtils.java:logGet(43)) - raft.server.log.statemachine.data.sync = true (default)
2019-06-14 12:58:05,697 INFO  server.RaftServerConfigKeys (ConfUtils.java:logGet(43)) - raft.server.log.statemachine.data.sync.timeout = 10s (default)
2019-06-14 12:58:05,698 INFO  server.RaftServerConfigKeys (ConfUtils.java:logGet(43)) - raft.server.log.statemachine.data.sync.timeout.retry = -1 (default)
2019-06-14 12:58:05,698 INFO  server.RaftServerConfigKeys (ConfUtils.java:logGet(43)) - raft.server.log.statemachine.data.caching.enabled = true (custom)
2019-06-14 12:58:05,698 INFO  server.RaftServerConfigKeys (ConfUtils.java:logGet(43)) - raft.server.snapshot.auto.trigger.enabled = true (custom)
2019-06-14 12:58:05,698 INFO  server.RaftServerConfigKeys (ConfUtils.java:logGet(43)) - raft.server.snapshot.auto.trigger.threshold = 10000 (custom)
2019-06-14 12:58:05,698 INFO  server.RaftServerConfigKeys (ConfUtils.java:logGet(43)) - raft.server.retrycache.expirytime = 600000ms (custom)
2019-06-14 12:58:05,698 INFO  impl.RaftServerImpl (RaftServerImpl.java:start(173)) - bebcae61-8d7b-4702-a75b-276acd53e539: start group-EFB0012D8882
2019-06-14 12:58:05,699 INFO  impl.RaftServerImpl (RaftServerImpl.java:setRole(164)) - bebcae61-8d7b-4702-a75b-276acd53e539:group-EFB0012D8882 changes role from null to FOLLOWER at term 0 for startAsFollower
2019-06-14 12:58:05,699 INFO  impl.RoleInfo (RoleInfo.java:updateAndGet(143)) - bebcae61-8d7b-4702-a75b-276acd53e539: start FollowerState
2019-06-14 12:58:05,699 INFO  util.JmxRegister (JmxRegister.java:tryRegister(44)) - Successfully registered JMX Bean with object name Ratis:service=RaftServer,group=group-EFB0012D8882,id=bebcae61-8d7b-4702-a75b-276acd53e539
2019-06-14 12:58:05,701 INFO  pipeline.PipelineStateManager (PipelineStateManager.java:addPipeline(56)) - Created pipeline Pipeline[ Id: 85c4dc91-d8ef-4083-bcaf-efb0012d8882, Nodes: bebcae61-8d7b-4702-a75b-276acd53e539{ip: 192.168.134.78, host: ozone-8z6qt-916494304, networkLocation: /default-rack, certSerialId: null}, Type:RATIS, Factor:ONE, State:OPEN]
2019-06-14 12:58:05,711 INFO  impl.RaftServerProxy (RaftServerProxy.java:addNew(89)) - 87ac541d-3451-459d-a83b-85a9420cbaf3: addNew group-4E31065205C9:[bebcae61-8d7b-4702-a75b-276acd53e539:192.168.134.78:39855, a153dc25-438c-4576-bda0-442fdc93ce24:192.168.134.78:45433, 87ac541d-3451-459d-a83b-85a9420cbaf3:192.168.134.78:41489] returns group-4E31065205C9:java.util.concurrent.CompletableFuture@5880ab4d[Not completed]
2019-06-14 12:58:05,711 INFO  impl.RaftServerImpl (RaftServerImpl.java:<init>(91)) - 87ac541d-3451-459d-a83b-85a9420cbaf3: new RaftServerImpl for group-4E31065205C9:[bebcae61-8d7b-4702-a75b-276acd53e539:192.168.134.78:39855, a153dc25-438c-4576-bda0-442fdc93ce24:192.168.134.78:45433, 87ac541d-3451-459d-a83b-85a9420cbaf3:192.168.134.78:41489] with ContainerStateMachine:uninitialized
2019-06-14 12:58:05,711 INFO  server.RaftServerConfigKeys (ConfUtils.java:logGet(43)) - raft.server.rpc.timeout.min = 1s (custom)
2019-06-14 12:58:05,711 INFO  server.RaftServerConfigKeys (ConfUtils.java:logGet(43)) - raft.server.rpc.timeout.max = 1200ms (custom)
2019-06-14 12:58:05,711 INFO  impl.RaftServerProxy (RaftServerProxy.java:addNew(89)) - a153dc25-438c-4576-bda0-442fdc93ce24: addNew group-4E31065205C9:[bebcae61-8d7b-4702-a75b-276acd53e539:192.168.134.78:39855, a153dc25-438c-4576-bda0-442fdc93ce24:192.168.134.78:45433, 87ac541d-3451-459d-a83b-85a9420cbaf3:192.168.134.78:41489] returns group-4E31065205C9:java.util.concurrent.CompletableFuture@2aff203c[Not completed]
2019-06-14 12:58:05,712 INFO  impl.RaftServerImpl (RaftServerImpl.java:<init>(91)) - a153dc25-438c-4576-bda0-442fdc93ce24: new RaftServerImpl for group-4E31065205C9:[bebcae61-8d7b-4702-a75b-276acd53e539:192.168.134.78:39855, a153dc25-438c-4576-bda0-442fdc93ce24:192.168.134.78:45433, 87ac541d-3451-459d-a83b-85a9420cbaf3:192.168.134.78:41489] with ContainerStateMachine:uninitialized
2019-06-14 12:58:05,712 INFO  server.RaftServerConfigKeys (ConfUtils.java:logGet(43)) - raft.server.rpc.timeout.min = 1s (custom)
2019-06-14 12:58:05,712 INFO  server.RaftServerConfigKeys (ConfUtils.java:logGet(43)) - raft.server.rpc.timeout.max = 1200ms (custom)
2019-06-14 12:58:05,712 INFO  server.RaftServerConfigKeys (ConfUtils.java:logGet(43)) - raft.server.rpcslowness.timeout = 120s (custom)
2019-06-14 12:58:05,712 INFO  server.RaftServerConfigKeys (ConfUtils.java:logGet(43)) - raft.server.log.appender.install.snapshot.enabled = true (default)
2019-06-14 12:58:05,712 INFO  impl.RaftServerImpl (ServerState.java:<init>(101)) - a153dc25-438c-4576-bda0-442fdc93ce24:group-4E31065205C9 ConfigurationManager, init=-1: [bebcae61-8d7b-4702-a75b-276acd53e539:192.168.134.78:39855, a153dc25-438c-4576-bda0-442fdc93ce24:192.168.134.78:45433, 87ac541d-3451-459d-a83b-85a9420cbaf3:192.168.134.78:41489], old=null, confs=<EMPTY_MAP>
2019-06-14 12:58:05,712 INFO  server.RaftServerConfigKeys (ConfUtils.java:logGet(43)) - raft.server.storage.dir = [/opt/src/hadoop-ozone/integration-test/target/test-dir/MiniOzoneClusterImpl-0d288065-38f5-45f8-8bf6-3aeb34225532/datanode-1/data/ratis] (custom)
2019-06-14 12:58:05,712 INFO  storage.RaftStorageDirectory (RaftStorageDirectory.java:analyzeStorage(246)) - The storage directory /opt/src/hadoop-ozone/integration-test/target/test-dir/MiniOzoneClusterImpl-0d288065-38f5-45f8-8bf6-3aeb34225532/datanode-1/data/ratis/da82380d-4525-4828-9d5a-4e31065205c9 does not exist. Creating ...
2019-06-14 12:58:05,711 INFO  server.RaftServerConfigKeys (ConfUtils.java:logGet(43)) - raft.server.rpcslowness.timeout = 120s (custom)
2019-06-14 12:58:05,713 INFO  server.RaftServerConfigKeys (ConfUtils.java:logGet(43)) - raft.server.log.appender.install.snapshot.enabled = true (default)
2019-06-14 12:58:05,713 INFO  impl.RaftServerImpl (RaftServerImpl.java:<init>(91)) - bebcae61-8d7b-4702-a75b-276acd53e539: new RaftServerImpl for group-4E31065205C9:[bebcae61-8d7b-4702-a75b-276acd53e539:192.168.134.78:39855, a153dc25-438c-4576-bda0-442fdc93ce24:192.168.134.78:45433, 87ac541d-3451-459d-a83b-85a9420cbaf3:192.168.134.78:41489] with ContainerStateMachine:uninitialized
2019-06-14 12:58:05,712 INFO  impl.RaftServerProxy (RaftServerProxy.java:addNew(89)) - bebcae61-8d7b-4702-a75b-276acd53e539: addNew group-4E31065205C9:[bebcae61-8d7b-4702-a75b-276acd53e539:192.168.134.78:39855, a153dc25-438c-4576-bda0-442fdc93ce24:192.168.134.78:45433, 87ac541d-3451-459d-a83b-85a9420cbaf3:192.168.134.78:41489] returns group-4E31065205C9:java.util.concurrent.CompletableFuture@2e25f79a[Not completed]
2019-06-14 12:58:05,713 INFO  server.RaftServerConfigKeys (ConfUtils.java:logGet(43)) - raft.server.rpc.timeout.min = 1s (custom)
2019-06-14 12:58:05,713 INFO  impl.RaftServerImpl (ServerState.java:<init>(101)) - 87ac541d-3451-459d-a83b-85a9420cbaf3:group-4E31065205C9 ConfigurationManager, init=-1: [bebcae61-8d7b-4702-a75b-276acd53e539:192.168.134.78:39855, a153dc25-438c-4576-bda0-442fdc93ce24:192.168.134.78:45433, 87ac541d-3451-459d-a83b-85a9420cbaf3:192.168.134.78:41489], old=null, confs=<EMPTY_MAP>
2019-06-14 12:58:05,713 INFO  server.RaftServerConfigKeys (ConfUtils.java:logGet(43)) - raft.server.rpc.timeout.max = 1200ms (custom)
2019-06-14 12:58:05,713 INFO  server.RaftServerConfigKeys (ConfUtils.java:logGet(43)) - raft.server.storage.dir = [/opt/src/hadoop-ozone/integration-test/target/test-dir/MiniOzoneClusterImpl-0d288065-38f5-45f8-8bf6-3aeb34225532/datanode-0/data/ratis] (custom)
2019-06-14 12:58:05,713 INFO  server.RaftServerConfigKeys (ConfUtils.java:logGet(43)) - raft.server.rpcslowness.timeout = 120s (custom)
2019-06-14 12:58:05,713 INFO  server.RaftServerConfigKeys (ConfUtils.java:logGet(43)) - raft.server.log.appender.install.snapshot.enabled = true (default)
2019-06-14 12:58:05,714 INFO  impl.RaftServerImpl (ServerState.java:<init>(101)) - bebcae61-8d7b-4702-a75b-276acd53e539:group-4E31065205C9 ConfigurationManager, init=-1: [bebcae61-8d7b-4702-a75b-276acd53e539:192.168.134.78:39855, a153dc25-438c-4576-bda0-442fdc93ce24:192.168.134.78:45433, 87ac541d-3451-459d-a83b-85a9420cbaf3:192.168.134.78:41489], old=null, confs=<EMPTY_MAP>
2019-06-14 12:58:05,714 INFO  server.RaftServerConfigKeys (ConfUtils.java:logGet(43)) - raft.server.storage.dir = [/opt/src/hadoop-ozone/integration-test/target/test-dir/MiniOzoneClusterImpl-0d288065-38f5-45f8-8bf6-3aeb34225532/datanode-2/data/ratis] (custom)
2019-06-14 12:58:05,714 INFO  storage.RaftStorageDirectory (RaftStorageDirectory.java:analyzeStorage(246)) - The storage directory /opt/src/hadoop-ozone/integration-test/target/test-dir/MiniOzoneClusterImpl-0d288065-38f5-45f8-8bf6-3aeb34225532/datanode-0/data/ratis/da82380d-4525-4828-9d5a-4e31065205c9 does not exist. Creating ...
2019-06-14 12:58:05,714 INFO  storage.RaftStorageDirectory (RaftStorageDirectory.java:analyzeStorage(246)) - The storage directory /opt/src/hadoop-ozone/integration-test/target/test-dir/MiniOzoneClusterImpl-0d288065-38f5-45f8-8bf6-3aeb34225532/datanode-2/data/ratis/da82380d-4525-4828-9d5a-4e31065205c9 does not exist. Creating ...
2019-06-14 12:58:05,714 INFO  storage.RaftStorageDirectory (RaftStorageDirectory.java:tryLock(328)) - Lock on /opt/src/hadoop-ozone/integration-test/target/test-dir/MiniOzoneClusterImpl-0d288065-38f5-45f8-8bf6-3aeb34225532/datanode-1/data/ratis/da82380d-4525-4828-9d5a-4e31065205c9/in_use.lock acquired by nodename 12504@ozone-8z6qt-916494304
2019-06-14 12:58:05,716 INFO  storage.RaftStorageDirectory (RaftStorageDirectory.java:tryLock(328)) - Lock on /opt/src/hadoop-ozone/integration-test/target/test-dir/MiniOzoneClusterImpl-0d288065-38f5-45f8-8bf6-3aeb34225532/datanode-2/data/ratis/da82380d-4525-4828-9d5a-4e31065205c9/in_use.lock acquired by nodename 12504@ozone-8z6qt-916494304
2019-06-14 12:58:05,716 INFO  storage.RaftStorage (RaftStorage.java:format(75)) - Storage directory /opt/src/hadoop-ozone/integration-test/target/test-dir/MiniOzoneClusterImpl-0d288065-38f5-45f8-8bf6-3aeb34225532/datanode-1/data/ratis/da82380d-4525-4828-9d5a-4e31065205c9 has been successfully formatted.
2019-06-14 12:58:05,716 INFO  storage.RaftStorageDirectory (RaftStorageDirectory.java:tryLock(328)) - Lock on /opt/src/hadoop-ozone/integration-test/target/test-dir/MiniOzoneClusterImpl-0d288065-38f5-45f8-8bf6-3aeb34225532/datanode-0/data/ratis/da82380d-4525-4828-9d5a-4e31065205c9/in_use.lock acquired by nodename 12504@ozone-8z6qt-916494304
2019-06-14 12:58:05,716 INFO  ratis.ContainerStateMachine (ContainerStateMachine.java:loadSnapshot(199)) - The snapshot info is null.Setting the last applied index to:(t:0, i:~)
2019-06-14 12:58:05,717 INFO  server.RaftServerConfigKeys (ConfUtils.java:logGet(43)) - raft.server.leader.election.timeout = 120s (custom)
2019-06-14 12:58:05,717 INFO  server.RaftServerConfigKeys (ConfUtils.java:logGet(43)) - raft.server.log.use.memory = false (default)
2019-06-14 12:58:05,717 INFO  server.RaftServerConfigKeys (ConfUtils.java:logGet(43)) - raft.server.log.appender.buffer.byte-limit = 33554432 (custom)
2019-06-14 12:58:05,717 INFO  server.RaftServerConfigKeys (ConfUtils.java:logGet(43)) - raft.server.log.segment.size.max = 16384 (custom)
2019-06-14 12:58:05,717 INFO  server.RaftServerConfigKeys (ConfUtils.java:logGet(43)) - raft.server.log.segment.cache.num.max = 2 (custom)
2019-06-14 12:58:05,717 INFO  storage.RaftLogWorker (RaftLogWorker.java:<init>(123)) - new a153dc25-438c-4576-bda0-442fdc93ce24-RaftLogWorker for Storage Directory /opt/src/hadoop-ozone/integration-test/target/test-dir/MiniOzoneClusterImpl-0d288065-38f5-45f8-8bf6-3aeb34225532/datanode-1/data/ratis/da82380d-4525-4828-9d5a-4e31065205c9
2019-06-14 12:58:05,717 INFO  server.RaftServerConfigKeys (ConfUtils.java:logGet(43)) - raft.server.log.queue.byte-limit = 2147483647 (custom)
2019-06-14 12:58:05,717 INFO  server.RaftServerConfigKeys (ConfUtils.java:logGet(43)) - raft.server.log.queue.element-limit = 1024 (custom)
2019-06-14 12:58:05,717 INFO  server.RaftServerConfigKeys (ConfUtils.java:logGet(43)) - raft.server.log.segment.size.max = 16384 (custom)
2019-06-14 12:58:05,717 INFO  server.RaftServerConfigKeys (ConfUtils.java:logGet(43)) - raft.server.log.preallocated.size = 16384 (custom)
2019-06-14 12:58:05,717 INFO  server.RaftServerConfigKeys (ConfUtils.java:logGet(43)) - raft.server.log.write.buffer.size = 33554432 (custom)
2019-06-14 12:58:05,717 INFO  server.RaftServerConfigKeys (ConfUtils.java:logGet(43)) - raft.server.log.force.sync.num = 128 (default)
2019-06-14 12:58:05,718 INFO  server.RaftServerConfigKeys (ConfUtils.java:logGet(43)) - raft.server.log.statemachine.data.sync = true (default)
2019-06-14 12:58:05,718 INFO  server.RaftServerConfigKeys (ConfUtils.java:logGet(43)) - raft.server.log.statemachine.data.sync.timeout = 10s (default)
2019-06-14 12:58:05,718 INFO  server.RaftServerConfigKeys (ConfUtils.java:logGet(43)) - raft.server.log.statemachine.data.sync.timeout.retry = -1 (default)
2019-06-14 12:58:05,718 INFO  server.RaftServerConfigKeys (ConfUtils.java:logGet(43)) - raft.server.log.statemachine.data.caching.enabled = true (custom)
2019-06-14 12:58:05,718 INFO  server.RaftServerConfigKeys (ConfUtils.java:logGet(43)) - raft.server.snapshot.auto.trigger.enabled = true (custom)
2019-06-14 12:58:05,719 INFO  server.RaftServerConfigKeys (ConfUtils.java:logGet(43)) - raft.server.snapshot.auto.trigger.threshold = 10000 (custom)
2019-06-14 12:58:05,719 INFO  server.RaftServerConfigKeys (ConfUtils.java:logGet(43)) - raft.server.retrycache.expirytime = 600000ms (custom)
2019-06-14 12:58:05,719 INFO  impl.RaftServerImpl (RaftServerImpl.java:start(173)) - a153dc25-438c-4576-bda0-442fdc93ce24: start group-4E31065205C9
2019-06-14 12:58:05,719 INFO  storage.RaftStorage (RaftStorage.java:format(75)) - Storage directory /opt/src/hadoop-ozone/integration-test/target/test-dir/MiniOzoneClusterImpl-0d288065-38f5-45f8-8bf6-3aeb34225532/datanode-2/data/ratis/da82380d-4525-4828-9d5a-4e31065205c9 has been successfully formatted.
2019-06-14 12:58:05,719 INFO  storage.RaftStorage (RaftStorage.java:format(75)) - Storage directory /opt/src/hadoop-ozone/integration-test/target/test-dir/MiniOzoneClusterImpl-0d288065-38f5-45f8-8bf6-3aeb34225532/datanode-0/data/ratis/da82380d-4525-4828-9d5a-4e31065205c9 has been successfully formatted.
2019-06-14 12:58:05,719 INFO  ratis.ContainerStateMachine (ContainerStateMachine.java:loadSnapshot(199)) - The snapshot info is null.Setting the last applied index to:(t:0, i:~)
2019-06-14 12:58:05,719 INFO  ratis.ContainerStateMachine (ContainerStateMachine.java:loadSnapshot(199)) - The snapshot info is null.Setting the last applied index to:(t:0, i:~)
2019-06-14 12:58:05,719 INFO  server.RaftServerConfigKeys (ConfUtils.java:logGet(43)) - raft.server.leader.election.timeout = 120s (custom)
2019-06-14 12:58:05,719 INFO  server.RaftServerConfigKeys (ConfUtils.java:logGet(43)) - raft.server.log.use.memory = false (default)
2019-06-14 12:58:05,719 INFO  server.RaftServerConfigKeys (ConfUtils.java:logGet(43)) - raft.server.log.appender.buffer.byte-limit = 33554432 (custom)
2019-06-14 12:58:05,720 INFO  server.RaftServerConfigKeys (ConfUtils.java:logGet(43)) - raft.server.log.segment.size.max = 16384 (custom)
2019-06-14 12:58:05,720 INFO  server.RaftServerConfigKeys (ConfUtils.java:logGet(43)) - raft.server.log.segment.cache.num.max = 2 (custom)
2019-06-14 12:58:05,720 INFO  storage.RaftLogWorker (RaftLogWorker.java:<init>(123)) - new 87ac541d-3451-459d-a83b-85a9420cbaf3-RaftLogWorker for Storage Directory /opt/src/hadoop-ozone/integration-test/target/test-dir/MiniOzoneClusterImpl-0d288065-38f5-45f8-8bf6-3aeb34225532/datanode-0/data/ratis/da82380d-4525-4828-9d5a-4e31065205c9
2019-06-14 12:58:05,720 INFO  server.RaftServerConfigKeys (ConfUtils.java:logGet(43)) - raft.server.log.queue.byte-limit = 2147483647 (custom)
2019-06-14 12:58:05,720 INFO  server.RaftServerConfigKeys (ConfUtils.java:logGet(43)) - raft.server.log.queue.element-limit = 1024 (custom)
2019-06-14 12:58:05,720 INFO  server.RaftServerConfigKeys (ConfUtils.java:logGet(43)) - raft.server.log.segment.size.max = 16384 (custom)
2019-06-14 12:58:05,720 INFO  server.RaftServerConfigKeys (ConfUtils.java:logGet(43)) - raft.server.log.preallocated.size = 16384 (custom)
2019-06-14 12:58:05,720 INFO  server.RaftServerConfigKeys (ConfUtils.java:logGet(43)) - raft.server.log.write.buffer.size = 33554432 (custom)
2019-06-14 12:58:05,720 INFO  server.RaftServerConfigKeys (ConfUtils.java:logGet(43)) - raft.server.log.force.sync.num = 128 (default)
2019-06-14 12:58:05,720 INFO  server.RaftServerConfigKeys (ConfUtils.java:logGet(43)) - raft.server.log.statemachine.data.sync = true (default)
2019-06-14 12:58:05,721 INFO  server.RaftServerConfigKeys (ConfUtils.java:logGet(43)) - raft.server.log.statemachine.data.sync.timeout = 10s (default)
2019-06-14 12:58:05,721 INFO  server.RaftServerConfigKeys (ConfUtils.java:logGet(43)) - raft.server.log.statemachine.data.sync.timeout.retry = -1 (default)
2019-06-14 12:58:05,721 INFO  server.RaftServerConfigKeys (ConfUtils.java:logGet(43)) - raft.server.log.statemachine.data.caching.enabled = true (custom)
2019-06-14 12:58:05,719 INFO  impl.RaftServerImpl (RaftServerImpl.java:setRole(164)) - a153dc25-438c-4576-bda0-442fdc93ce24:group-4E31065205C9 changes role from null to FOLLOWER at term 0 for startAsFollower
2019-06-14 12:58:05,719 INFO  server.RaftServerConfigKeys (ConfUtils.java:logGet(43)) - raft.server.leader.election.timeout = 120s (custom)
2019-06-14 12:58:05,721 INFO  server.RaftServerConfigKeys (ConfUtils.java:logGet(43)) - raft.server.snapshot.auto.trigger.enabled = true (custom)
2019-06-14 12:58:05,721 INFO  server.RaftServerConfigKeys (ConfUtils.java:logGet(43)) - raft.server.log.use.memory = false (default)
2019-06-14 12:58:05,721 INFO  impl.RoleInfo (RoleInfo.java:updateAndGet(143)) - a153dc25-438c-4576-bda0-442fdc93ce24: start FollowerState
2019-06-14 12:58:05,721 INFO  server.RaftServerConfigKeys (ConfUtils.java:logGet(43)) - raft.server.snapshot.auto.trigger.threshold = 10000 (custom)
2019-06-14 12:58:05,722 INFO  server.RaftServerConfigKeys (ConfUtils.java:logGet(43)) - raft.server.retrycache.expirytime = 600000ms (custom)
2019-06-14 12:58:05,722 INFO  util.JmxRegister (JmxRegister.java:tryRegister(44)) - Successfully registered JMX Bean with object name Ratis:service=RaftServer,group=group-4E31065205C9,id=a153dc25-438c-4576-bda0-442fdc93ce24
2019-06-14 12:58:05,721 INFO  server.RaftServerConfigKeys (ConfUtils.java:logGet(43)) - raft.server.log.appender.buffer.byte-limit = 33554432 (custom)
2019-06-14 12:58:05,722 INFO  server.RaftServerConfigKeys (ConfUtils.java:logGet(43)) - raft.server.log.segment.size.max = 16384 (custom)
2019-06-14 12:58:05,722 INFO  server.RaftServerConfigKeys (ConfUtils.java:logGet(43)) - raft.server.log.segment.cache.num.max = 2 (custom)
2019-06-14 12:58:05,722 INFO  storage.RaftLogWorker (RaftLogWorker.java:<init>(123)) - new bebcae61-8d7b-4702-a75b-276acd53e539-RaftLogWorker for Storage Directory /opt/src/hadoop-ozone/integration-test/target/test-dir/MiniOzoneClusterImpl-0d288065-38f5-45f8-8bf6-3aeb34225532/datanode-2/data/ratis/da82380d-4525-4828-9d5a-4e31065205c9
2019-06-14 12:58:05,722 INFO  server.RaftServerConfigKeys (ConfUtils.java:logGet(43)) - raft.server.log.queue.byte-limit = 2147483647 (custom)
2019-06-14 12:58:05,722 INFO  server.RaftServerConfigKeys (ConfUtils.java:logGet(43)) - raft.server.log.queue.element-limit = 1024 (custom)
2019-06-14 12:58:05,722 INFO  server.RaftServerConfigKeys (ConfUtils.java:logGet(43)) - raft.server.log.segment.size.max = 16384 (custom)
2019-06-14 12:58:05,722 INFO  server.RaftServerConfigKeys (ConfUtils.java:logGet(43)) - raft.server.log.preallocated.size = 16384 (custom)
2019-06-14 12:58:05,722 INFO  server.RaftServerConfigKeys (ConfUtils.java:logGet(43)) - raft.server.log.write.buffer.size = 33554432 (custom)
2019-06-14 12:58:05,723 INFO  server.RaftServerConfigKeys (ConfUtils.java:logGet(43)) - raft.server.log.force.sync.num = 128 (default)
2019-06-14 12:58:05,723 INFO  server.RaftServerConfigKeys (ConfUtils.java:logGet(43)) - raft.server.log.statemachine.data.sync = true (default)
2019-06-14 12:58:05,723 INFO  server.RaftServerConfigKeys (ConfUtils.java:logGet(43)) - raft.server.log.statemachine.data.sync.timeout = 10s (default)
2019-06-14 12:58:05,723 INFO  server.RaftServerConfigKeys (ConfUtils.java:logGet(43)) - raft.server.log.statemachine.data.sync.timeout.retry = -1 (default)
2019-06-14 12:58:05,722 INFO  impl.RaftServerImpl (RaftServerImpl.java:start(173)) - 87ac541d-3451-459d-a83b-85a9420cbaf3: start group-4E31065205C9
2019-06-14 12:58:05,723 INFO  impl.RaftServerImpl (RaftServerImpl.java:setRole(164)) - 87ac541d-3451-459d-a83b-85a9420cbaf3:group-4E31065205C9 changes role from null to FOLLOWER at term 0 for startAsFollower
2019-06-14 12:58:05,723 INFO  impl.RoleInfo (RoleInfo.java:updateAndGet(143)) - 87ac541d-3451-459d-a83b-85a9420cbaf3: start FollowerState
2019-06-14 12:58:05,723 INFO  server.RaftServerConfigKeys (ConfUtils.java:logGet(43)) - raft.server.log.statemachine.data.caching.enabled = true (custom)
2019-06-14 12:58:05,723 INFO  server.RaftServerConfigKeys (ConfUtils.java:logGet(43)) - raft.server.snapshot.auto.trigger.enabled = true (custom)
2019-06-14 12:58:05,723 INFO  server.RaftServerConfigKeys (ConfUtils.java:logGet(43)) - raft.server.snapshot.auto.trigger.threshold = 10000 (custom)
2019-06-14 12:58:05,724 INFO  server.RaftServerConfigKeys (ConfUtils.java:logGet(43)) - raft.server.retrycache.expirytime = 600000ms (custom)
2019-06-14 12:58:05,724 INFO  impl.RaftServerImpl (RaftServerImpl.java:start(173)) - bebcae61-8d7b-4702-a75b-276acd53e539: start group-4E31065205C9
2019-06-14 12:58:05,724 INFO  impl.RaftServerImpl (RaftServerImpl.java:setRole(164)) - bebcae61-8d7b-4702-a75b-276acd53e539:group-4E31065205C9 changes role from null to FOLLOWER at term 0 for startAsFollower
2019-06-14 12:58:05,724 INFO  util.JmxRegister (JmxRegister.java:tryRegister(44)) - Successfully registered JMX Bean with object name Ratis:service=RaftServer,group=group-4E31065205C9,id=87ac541d-3451-459d-a83b-85a9420cbaf3
2019-06-14 12:58:05,726 INFO  impl.RoleInfo (RoleInfo.java:updateAndGet(143)) - bebcae61-8d7b-4702-a75b-276acd53e539: start FollowerState
2019-06-14 12:58:05,727 INFO  util.JmxRegister (JmxRegister.java:tryRegister(44)) - Successfully registered JMX Bean with object name Ratis:service=RaftServer,group=group-4E31065205C9,id=bebcae61-8d7b-4702-a75b-276acd53e539
2019-06-14 12:58:05,730 INFO  pipeline.PipelineStateManager (PipelineStateManager.java:addPipeline(56)) - Created pipeline Pipeline[ Id: da82380d-4525-4828-9d5a-4e31065205c9, Nodes: 87ac541d-3451-459d-a83b-85a9420cbaf3{ip: 192.168.134.78, host: ozone-8z6qt-916494304, networkLocation: /default-rack, certSerialId: null}a153dc25-438c-4576-bda0-442fdc93ce24{ip: 192.168.134.78, host: ozone-8z6qt-916494304, networkLocation: /default-rack, certSerialId: null}bebcae61-8d7b-4702-a75b-276acd53e539{ip: 192.168.134.78, host: ozone-8z6qt-916494304, networkLocation: /default-rack, certSerialId: null}, Type:RATIS, Factor:THREE, State:OPEN]
2019-06-14 12:58:05,863 INFO  node.SCMNodeManager (SCMNodeManager.java:register(234)) - Registered Data node : b0559c4f-76fa-4fe6-8caf-4e12aba375f6{ip: 192.168.134.78, host: ozone-8z6qt-916494304, networkLocation: /default-rack, certSerialId: null}
2019-06-14 12:58:05,871 INFO  impl.RaftServerProxy (RaftServerProxy.java:addNew(89)) - b0559c4f-76fa-4fe6-8caf-4e12aba375f6: addNew group-B503B90BA82C:[b0559c4f-76fa-4fe6-8caf-4e12aba375f6:192.168.134.78:33635] returns group-B503B90BA82C:java.util.concurrent.CompletableFuture@4d189bd[Not completed]
2019-06-14 12:58:05,874 INFO  impl.RaftServerImpl (RaftServerImpl.java:<init>(91)) - b0559c4f-76fa-4fe6-8caf-4e12aba375f6: new RaftServerImpl for group-B503B90BA82C:[b0559c4f-76fa-4fe6-8caf-4e12aba375f6:192.168.134.78:33635] with ContainerStateMachine:uninitialized
2019-06-14 12:58:05,874 INFO  server.RaftServerConfigKeys (ConfUtils.java:logGet(43)) - raft.server.rpc.timeout.min = 1s (custom)
2019-06-14 12:58:05,874 INFO  server.RaftServerConfigKeys (ConfUtils.java:logGet(43)) - raft.server.rpc.timeout.max = 1200ms (custom)
2019-06-14 12:58:05,874 INFO  server.RaftServerConfigKeys (ConfUtils.java:logGet(43)) - raft.server.rpcslowness.timeout = 120s (custom)
2019-06-14 12:58:05,874 INFO  server.RaftServerConfigKeys (ConfUtils.java:logGet(43)) - raft.server.log.appender.install.snapshot.enabled = true (default)
2019-06-14 12:58:05,874 INFO  impl.RaftServerImpl (ServerState.java:<init>(101)) - b0559c4f-76fa-4fe6-8caf-4e12aba375f6:group-B503B90BA82C ConfigurationManager, init=-1: [b0559c4f-76fa-4fe6-8caf-4e12aba375f6:192.168.134.78:33635], old=null, confs=<EMPTY_MAP>
2019-06-14 12:58:05,875 INFO  server.RaftServerConfigKeys (ConfUtils.java:logGet(43)) - raft.server.storage.dir = [/opt/src/hadoop-ozone/integration-test/target/test-dir/MiniOzoneClusterImpl-0d288065-38f5-45f8-8bf6-3aeb34225532/datanode-3/data/ratis] (custom)
2019-06-14 12:58:05,875 INFO  storage.RaftStorageDirectory (RaftStorageDirectory.java:analyzeStorage(246)) - The storage directory /opt/src/hadoop-ozone/integration-test/target/test-dir/MiniOzoneClusterImpl-0d288065-38f5-45f8-8bf6-3aeb34225532/datanode-3/data/ratis/96890904-f263-4bfd-9a80-b503b90ba82c does not exist. Creating ...
2019-06-14 12:58:05,877 INFO  storage.RaftStorageDirectory (RaftStorageDirectory.java:tryLock(328)) - Lock on /opt/src/hadoop-ozone/integration-test/target/test-dir/MiniOzoneClusterImpl-0d288065-38f5-45f8-8bf6-3aeb34225532/datanode-3/data/ratis/96890904-f263-4bfd-9a80-b503b90ba82c/in_use.lock acquired by nodename 12504@ozone-8z6qt-916494304
2019-06-14 12:58:05,879 INFO  storage.RaftStorage (RaftStorage.java:format(75)) - Storage directory /opt/src/hadoop-ozone/integration-test/target/test-dir/MiniOzoneClusterImpl-0d288065-38f5-45f8-8bf6-3aeb34225532/datanode-3/data/ratis/96890904-f263-4bfd-9a80-b503b90ba82c has been successfully formatted.
2019-06-14 12:58:05,879 INFO  ratis.ContainerStateMachine (ContainerStateMachine.java:loadSnapshot(199)) - The snapshot info is null.Setting the last applied index to:(t:0, i:~)
2019-06-14 12:58:05,879 INFO  server.RaftServerConfigKeys (ConfUtils.java:logGet(43)) - raft.server.leader.election.timeout = 120s (custom)
2019-06-14 12:58:05,879 INFO  server.RaftServerConfigKeys (ConfUtils.java:logGet(43)) - raft.server.log.use.memory = false (default)
2019-06-14 12:58:05,879 INFO  server.RaftServerConfigKeys (ConfUtils.java:logGet(43)) - raft.server.log.appender.buffer.byte-limit = 33554432 (custom)
2019-06-14 12:58:05,880 INFO  server.RaftServerConfigKeys (ConfUtils.java:logGet(43)) - raft.server.log.segment.size.max = 16384 (custom)
2019-06-14 12:58:05,880 INFO  server.RaftServerConfigKeys (ConfUtils.java:logGet(43)) - raft.server.log.segment.cache.num.max = 2 (custom)
2019-06-14 12:58:05,880 INFO  storage.RaftLogWorker (RaftLogWorker.java:<init>(123)) - new b0559c4f-76fa-4fe6-8caf-4e12aba375f6-RaftLogWorker for Storage Directory /opt/src/hadoop-ozone/integration-test/target/test-dir/MiniOzoneClusterImpl-0d288065-38f5-45f8-8bf6-3aeb34225532/datanode-3/data/ratis/96890904-f263-4bfd-9a80-b503b90ba82c
2019-06-14 12:58:05,880 INFO  server.RaftServerConfigKeys (ConfUtils.java:logGet(43)) - raft.server.log.queue.byte-limit = 2147483647 (custom)
2019-06-14 12:58:05,880 INFO  server.RaftServerConfigKeys (ConfUtils.java:logGet(43)) - raft.server.log.queue.element-limit = 1024 (custom)
2019-06-14 12:58:05,880 INFO  server.RaftServerConfigKeys (ConfUtils.java:logGet(43)) - raft.server.log.segment.size.max = 16384 (custom)
2019-06-14 12:58:05,880 INFO  server.RaftServerConfigKeys (ConfUtils.java:logGet(43)) - raft.server.log.preallocated.size = 16384 (custom)
2019-06-14 12:58:05,880 INFO  server.RaftServerConfigKeys (ConfUtils.java:logGet(43)) - raft.server.log.write.buffer.size = 33554432 (custom)
2019-06-14 12:58:05,880 INFO  server.RaftServerConfigKeys (ConfUtils.java:logGet(43)) - raft.server.log.force.sync.num = 128 (default)
2019-06-14 12:58:05,880 INFO  server.RaftServerConfigKeys (ConfUtils.java:logGet(43)) - raft.server.log.statemachine.data.sync = true (default)
2019-06-14 12:58:05,880 INFO  server.RaftServerConfigKeys (ConfUtils.java:logGet(43)) - raft.server.log.statemachine.data.sync.timeout = 10s (default)
2019-06-14 12:58:05,880 INFO  server.RaftServerConfigKeys (ConfUtils.java:logGet(43)) - raft.server.log.statemachine.data.sync.timeout.retry = -1 (default)
2019-06-14 12:58:05,880 INFO  server.RaftServerConfigKeys (ConfUtils.java:logGet(43)) - raft.server.log.statemachine.data.caching.enabled = true (custom)
2019-06-14 12:58:05,881 INFO  server.RaftServerConfigKeys (ConfUtils.java:logGet(43)) - raft.server.snapshot.auto.trigger.enabled = true (custom)
2019-06-14 12:58:05,881 INFO  server.RaftServerConfigKeys (ConfUtils.java:logGet(43)) - raft.server.snapshot.auto.trigger.threshold = 10000 (custom)
2019-06-14 12:58:05,881 INFO  server.RaftServerConfigKeys (ConfUtils.java:logGet(43)) - raft.server.retrycache.expirytime = 600000ms (custom)
2019-06-14 12:58:05,881 INFO  impl.RaftServerImpl (RaftServerImpl.java:start(173)) - b0559c4f-76fa-4fe6-8caf-4e12aba375f6: start group-B503B90BA82C
2019-06-14 12:58:05,881 INFO  impl.RaftServerImpl (RaftServerImpl.java:setRole(164)) - b0559c4f-76fa-4fe6-8caf-4e12aba375f6:group-B503B90BA82C changes role from null to FOLLOWER at term 0 for startAsFollower
2019-06-14 12:58:05,881 INFO  impl.RoleInfo (RoleInfo.java:updateAndGet(143)) - b0559c4f-76fa-4fe6-8caf-4e12aba375f6: start FollowerState
2019-06-14 12:58:05,881 INFO  util.JmxRegister (JmxRegister.java:tryRegister(44)) - Successfully registered JMX Bean with object name Ratis:service=RaftServer,group=group-B503B90BA82C,id=b0559c4f-76fa-4fe6-8caf-4e12aba375f6
2019-06-14 12:58:05,883 INFO  pipeline.PipelineStateManager (PipelineStateManager.java:addPipeline(56)) - Created pipeline Pipeline[ Id: 96890904-f263-4bfd-9a80-b503b90ba82c, Nodes: b0559c4f-76fa-4fe6-8caf-4e12aba375f6{ip: 192.168.134.78, host: ozone-8z6qt-916494304, networkLocation: /default-rack, certSerialId: null}, Type:RATIS, Factor:ONE, State:OPEN]
2019-06-14 12:58:06,016 INFO  node.SCMNodeManager (SCMNodeManager.java:register(234)) - Registered Data node : dd497ec3-ef6d-4933-a57d-e97d8d6356da{ip: 192.168.134.78, host: ozone-8z6qt-916494304, networkLocation: /default-rack, certSerialId: null}
2019-06-14 12:58:06,023 INFO  impl.RaftServerProxy (RaftServerProxy.java:addNew(89)) - dd497ec3-ef6d-4933-a57d-e97d8d6356da: addNew group-2D63F471C1F2:[dd497ec3-ef6d-4933-a57d-e97d8d6356da:192.168.134.78:37463] returns group-2D63F471C1F2:java.util.concurrent.CompletableFuture@606d6c3b[Not completed]
2019-06-14 12:58:06,024 INFO  impl.RaftServerImpl (RaftServerImpl.java:<init>(91)) - dd497ec3-ef6d-4933-a57d-e97d8d6356da: new RaftServerImpl for group-2D63F471C1F2:[dd497ec3-ef6d-4933-a57d-e97d8d6356da:192.168.134.78:37463] with ContainerStateMachine:uninitialized
2019-06-14 12:58:06,024 INFO  server.RaftServerConfigKeys (ConfUtils.java:logGet(43)) - raft.server.rpc.timeout.min = 1s (custom)
2019-06-14 12:58:06,024 INFO  server.RaftServerConfigKeys (ConfUtils.java:logGet(43)) - raft.server.rpc.timeout.max = 1200ms (custom)
2019-06-14 12:58:06,024 INFO  server.RaftServerConfigKeys (ConfUtils.java:logGet(43)) - raft.server.rpcslowness.timeout = 120s (custom)
2019-06-14 12:58:06,024 INFO  server.RaftServerConfigKeys (ConfUtils.java:logGet(43)) - raft.server.log.appender.install.snapshot.enabled = true (default)
2019-06-14 12:58:06,024 INFO  impl.RaftServerImpl (ServerState.java:<init>(101)) - dd497ec3-ef6d-4933-a57d-e97d8d6356da:group-2D63F471C1F2 ConfigurationManager, init=-1: [dd497ec3-ef6d-4933-a57d-e97d8d6356da:192.168.134.78:37463], old=null, confs=<EMPTY_MAP>
2019-06-14 12:58:06,024 INFO  server.RaftServerConfigKeys (ConfUtils.java:logGet(43)) - raft.server.storage.dir = [/opt/src/hadoop-ozone/integration-test/target/test-dir/MiniOzoneClusterImpl-0d288065-38f5-45f8-8bf6-3aeb34225532/datanode-4/data/ratis] (custom)
2019-06-14 12:58:06,025 INFO  storage.RaftStorageDirectory (RaftStorageDirectory.java:analyzeStorage(246)) - The storage directory /opt/src/hadoop-ozone/integration-test/target/test-dir/MiniOzoneClusterImpl-0d288065-38f5-45f8-8bf6-3aeb34225532/datanode-4/data/ratis/557430f3-b28f-4bf8-a77f-2d63f471c1f2 does not exist. Creating ...
2019-06-14 12:58:06,027 INFO  storage.RaftStorageDirectory (RaftStorageDirectory.java:tryLock(328)) - Lock on /opt/src/hadoop-ozone/integration-test/target/test-dir/MiniOzoneClusterImpl-0d288065-38f5-45f8-8bf6-3aeb34225532/datanode-4/data/ratis/557430f3-b28f-4bf8-a77f-2d63f471c1f2/in_use.lock acquired by nodename 12504@ozone-8z6qt-916494304
2019-06-14 12:58:06,029 INFO  storage.RaftStorage (RaftStorage.java:format(75)) - Storage directory /opt/src/hadoop-ozone/integration-test/target/test-dir/MiniOzoneClusterImpl-0d288065-38f5-45f8-8bf6-3aeb34225532/datanode-4/data/ratis/557430f3-b28f-4bf8-a77f-2d63f471c1f2 has been successfully formatted.
2019-06-14 12:58:06,029 INFO  ratis.ContainerStateMachine (ContainerStateMachine.java:loadSnapshot(199)) - The snapshot info is null.Setting the last applied index to:(t:0, i:~)
2019-06-14 12:58:06,029 INFO  server.RaftServerConfigKeys (ConfUtils.java:logGet(43)) - raft.server.leader.election.timeout = 120s (custom)
2019-06-14 12:58:06,029 INFO  server.RaftServerConfigKeys (ConfUtils.java:logGet(43)) - raft.server.log.use.memory = false (default)
2019-06-14 12:58:06,029 INFO  server.RaftServerConfigKeys (ConfUtils.java:logGet(43)) - raft.server.log.appender.buffer.byte-limit = 33554432 (custom)
2019-06-14 12:58:06,029 INFO  server.RaftServerConfigKeys (ConfUtils.java:logGet(43)) - raft.server.log.segment.size.max = 16384 (custom)
2019-06-14 12:58:06,029 INFO  server.RaftServerConfigKeys (ConfUtils.java:logGet(43)) - raft.server.log.segment.cache.num.max = 2 (custom)
2019-06-14 12:58:06,029 INFO  storage.RaftLogWorker (RaftLogWorker.java:<init>(123)) - new dd497ec3-ef6d-4933-a57d-e97d8d6356da-RaftLogWorker for Storage Directory /opt/src/hadoop-ozone/integration-test/target/test-dir/MiniOzoneClusterImpl-0d288065-38f5-45f8-8bf6-3aeb34225532/datanode-4/data/ratis/557430f3-b28f-4bf8-a77f-2d63f471c1f2
2019-06-14 12:58:06,029 INFO  server.RaftServerConfigKeys (ConfUtils.java:logGet(43)) - raft.server.log.queue.byte-limit = 2147483647 (custom)
2019-06-14 12:58:06,029 INFO  server.RaftServerConfigKeys (ConfUtils.java:logGet(43)) - raft.server.log.queue.element-limit = 1024 (custom)
2019-06-14 12:58:06,029 INFO  server.RaftServerConfigKeys (ConfUtils.java:logGet(43)) - raft.server.log.segment.size.max = 16384 (custom)
2019-06-14 12:58:06,029 INFO  server.RaftServerConfigKeys (ConfUtils.java:logGet(43)) - raft.server.log.preallocated.size = 16384 (custom)
2019-06-14 12:58:06,030 INFO  server.RaftServerConfigKeys (ConfUtils.java:logGet(43)) - raft.server.log.write.buffer.size = 33554432 (custom)
2019-06-14 12:58:06,030 INFO  server.RaftServerConfigKeys (ConfUtils.java:logGet(43)) - raft.server.log.force.sync.num = 128 (default)
2019-06-14 12:58:06,030 INFO  server.RaftServerConfigKeys (ConfUtils.java:logGet(43)) - raft.server.log.statemachine.data.sync = true (default)
2019-06-14 12:58:06,030 INFO  server.RaftServerConfigKeys (ConfUtils.java:logGet(43)) - raft.server.log.statemachine.data.sync.timeout = 10s (default)
2019-06-14 12:58:06,030 INFO  server.RaftServerConfigKeys (ConfUtils.java:logGet(43)) - raft.server.log.statemachine.data.sync.timeout.retry = -1 (default)
2019-06-14 12:58:06,030 INFO  server.RaftServerConfigKeys (ConfUtils.java:logGet(43)) - raft.server.log.statemachine.data.caching.enabled = true (custom)
2019-06-14 12:58:06,030 INFO  server.RaftServerConfigKeys (ConfUtils.java:logGet(43)) - raft.server.snapshot.auto.trigger.enabled = true (custom)
2019-06-14 12:58:06,030 INFO  server.RaftServerConfigKeys (ConfUtils.java:logGet(43)) - raft.server.snapshot.auto.trigger.threshold = 10000 (custom)
2019-06-14 12:58:06,030 INFO  server.RaftServerConfigKeys (ConfUtils.java:logGet(43)) - raft.server.retrycache.expirytime = 600000ms (custom)
2019-06-14 12:58:06,030 INFO  impl.RaftServerImpl (RaftServerImpl.java:start(173)) - dd497ec3-ef6d-4933-a57d-e97d8d6356da: start group-2D63F471C1F2
2019-06-14 12:58:06,031 INFO  impl.RaftServerImpl (RaftServerImpl.java:setRole(164)) - dd497ec3-ef6d-4933-a57d-e97d8d6356da:group-2D63F471C1F2 changes role from null to FOLLOWER at term 0 for startAsFollower
2019-06-14 12:58:06,031 INFO  impl.RoleInfo (RoleInfo.java:updateAndGet(143)) - dd497ec3-ef6d-4933-a57d-e97d8d6356da: start FollowerState
2019-06-14 12:58:06,034 INFO  util.JmxRegister (JmxRegister.java:tryRegister(44)) - Successfully registered JMX Bean with object name Ratis:service=RaftServer,group=group-2D63F471C1F2,id=dd497ec3-ef6d-4933-a57d-e97d8d6356da
2019-06-14 12:58:06,035 INFO  pipeline.PipelineStateManager (PipelineStateManager.java:addPipeline(56)) - Created pipeline Pipeline[ Id: 557430f3-b28f-4bf8-a77f-2d63f471c1f2, Nodes: dd497ec3-ef6d-4933-a57d-e97d8d6356da{ip: 192.168.134.78, host: ozone-8z6qt-916494304, networkLocation: /default-rack, certSerialId: null}, Type:RATIS, Factor:ONE, State:OPEN]
2019-06-14 12:58:06,220 INFO  node.SCMNodeManager (SCMNodeManager.java:register(234)) - Registered Data node : 4285ecc9-9b9a-4b47-88f6-ccd74466776c{ip: 192.168.134.78, host: ozone-8z6qt-916494304, networkLocation: /default-rack, certSerialId: null}
2019-06-14 12:58:06,228 INFO  impl.RaftServerProxy (RaftServerProxy.java:addNew(89)) - 4285ecc9-9b9a-4b47-88f6-ccd74466776c: addNew group-A5A881678B6F:[4285ecc9-9b9a-4b47-88f6-ccd74466776c:192.168.134.78:45275] returns group-A5A881678B6F:java.util.concurrent.CompletableFuture@3792ab3[Not completed]
2019-06-14 12:58:06,229 INFO  impl.RaftServerImpl (RaftServerImpl.java:<init>(91)) - 4285ecc9-9b9a-4b47-88f6-ccd74466776c: new RaftServerImpl for group-A5A881678B6F:[4285ecc9-9b9a-4b47-88f6-ccd74466776c:192.168.134.78:45275] with ContainerStateMachine:uninitialized
2019-06-14 12:58:06,229 INFO  server.RaftServerConfigKeys (ConfUtils.java:logGet(43)) - raft.server.rpc.timeout.min = 1s (custom)
2019-06-14 12:58:06,229 INFO  server.RaftServerConfigKeys (ConfUtils.java:logGet(43)) - raft.server.rpc.timeout.max = 1200ms (custom)
2019-06-14 12:58:06,229 INFO  server.RaftServerConfigKeys (ConfUtils.java:logGet(43)) - raft.server.rpcslowness.timeout = 120s (custom)
2019-06-14 12:58:06,229 INFO  server.RaftServerConfigKeys (ConfUtils.java:logGet(43)) - raft.server.log.appender.install.snapshot.enabled = true (default)
2019-06-14 12:58:06,230 INFO  impl.RaftServerImpl (ServerState.java:<init>(101)) - 4285ecc9-9b9a-4b47-88f6-ccd74466776c:group-A5A881678B6F ConfigurationManager, init=-1: [4285ecc9-9b9a-4b47-88f6-ccd74466776c:192.168.134.78:45275], old=null, confs=<EMPTY_MAP>
2019-06-14 12:58:06,230 INFO  server.RaftServerConfigKeys (ConfUtils.java:logGet(43)) - raft.server.storage.dir = [/opt/src/hadoop-ozone/integration-test/target/test-dir/MiniOzoneClusterImpl-0d288065-38f5-45f8-8bf6-3aeb34225532/datanode-5/data/ratis] (custom)
2019-06-14 12:58:06,230 INFO  storage.RaftStorageDirectory (RaftStorageDirectory.java:analyzeStorage(246)) - The storage directory /opt/src/hadoop-ozone/integration-test/target/test-dir/MiniOzoneClusterImpl-0d288065-38f5-45f8-8bf6-3aeb34225532/datanode-5/data/ratis/ad5d1f05-4e64-4fb6-9b3d-a5a881678b6f does not exist. Creating ...
2019-06-14 12:58:06,232 INFO  storage.RaftStorageDirectory (RaftStorageDirectory.java:tryLock(328)) - Lock on /opt/src/hadoop-ozone/integration-test/target/test-dir/MiniOzoneClusterImpl-0d288065-38f5-45f8-8bf6-3aeb34225532/datanode-5/data/ratis/ad5d1f05-4e64-4fb6-9b3d-a5a881678b6f/in_use.lock acquired by nodename 12504@ozone-8z6qt-916494304
2019-06-14 12:58:06,234 INFO  storage.RaftStorage (RaftStorage.java:format(75)) - Storage directory /opt/src/hadoop-ozone/integration-test/target/test-dir/MiniOzoneClusterImpl-0d288065-38f5-45f8-8bf6-3aeb34225532/datanode-5/data/ratis/ad5d1f05-4e64-4fb6-9b3d-a5a881678b6f has been successfully formatted.
2019-06-14 12:58:06,234 INFO  ratis.ContainerStateMachine (ContainerStateMachine.java:loadSnapshot(199)) - The snapshot info is null.Setting the last applied index to:(t:0, i:~)
2019-06-14 12:58:06,234 INFO  server.RaftServerConfigKeys (ConfUtils.java:logGet(43)) - raft.server.leader.election.timeout = 120s (custom)
2019-06-14 12:58:06,234 INFO  server.RaftServerConfigKeys (ConfUtils.java:logGet(43)) - raft.server.log.use.memory = false (default)
2019-06-14 12:58:06,235 INFO  server.RaftServerConfigKeys (ConfUtils.java:logGet(43)) - raft.server.log.appender.buffer.byte-limit = 33554432 (custom)
2019-06-14 12:58:06,235 INFO  server.RaftServerConfigKeys (ConfUtils.java:logGet(43)) - raft.server.log.segment.size.max = 16384 (custom)
2019-06-14 12:58:06,235 INFO  server.RaftServerConfigKeys (ConfUtils.java:logGet(43)) - raft.server.log.segment.cache.num.max = 2 (custom)
2019-06-14 12:58:06,235 INFO  storage.RaftLogWorker (RaftLogWorker.java:<init>(123)) - new 4285ecc9-9b9a-4b47-88f6-ccd74466776c-RaftLogWorker for Storage Directory /opt/src/hadoop-ozone/integration-test/target/test-dir/MiniOzoneClusterImpl-0d288065-38f5-45f8-8bf6-3aeb34225532/datanode-5/data/ratis/ad5d1f05-4e64-4fb6-9b3d-a5a881678b6f
2019-06-14 12:58:06,235 INFO  server.RaftServerConfigKeys (ConfUtils.java:logGet(43)) - raft.server.log.queue.byte-limit = 2147483647 (custom)
2019-06-14 12:58:06,235 INFO  server.RaftServerConfigKeys (ConfUtils.java:logGet(43)) - raft.server.log.queue.element-limit = 1024 (custom)
2019-06-14 12:58:06,235 INFO  server.RaftServerConfigKeys (ConfUtils.java:logGet(43)) - raft.server.log.segment.size.max = 16384 (custom)
2019-06-14 12:58:06,235 INFO  server.RaftServerConfigKeys (ConfUtils.java:logGet(43)) - raft.server.log.preallocated.size = 16384 (custom)
2019-06-14 12:58:06,235 INFO  server.RaftServerConfigKeys (ConfUtils.java:logGet(43)) - raft.server.log.write.buffer.size = 33554432 (custom)
2019-06-14 12:58:06,235 INFO  server.RaftServerConfigKeys (ConfUtils.java:logGet(43)) - raft.server.log.force.sync.num = 128 (default)
2019-06-14 12:58:06,235 INFO  server.RaftServerConfigKeys (ConfUtils.java:logGet(43)) - raft.server.log.statemachine.data.sync = true (default)
2019-06-14 12:58:06,235 INFO  server.RaftServerConfigKeys (ConfUtils.java:logGet(43)) - raft.server.log.statemachine.data.sync.timeout = 10s (default)
2019-06-14 12:58:06,235 INFO  server.RaftServerConfigKeys (ConfUtils.java:logGet(43)) - raft.server.log.statemachine.data.sync.timeout.retry = -1 (default)
2019-06-14 12:58:06,235 INFO  server.RaftServerConfigKeys (ConfUtils.java:logGet(43)) - raft.server.log.statemachine.data.caching.enabled = true (custom)
2019-06-14 12:58:06,236 INFO  server.RaftServerConfigKeys (ConfUtils.java:logGet(43)) - raft.server.snapshot.auto.trigger.enabled = true (custom)
2019-06-14 12:58:06,236 INFO  server.RaftServerConfigKeys (ConfUtils.java:logGet(43)) - raft.server.snapshot.auto.trigger.threshold = 10000 (custom)
2019-06-14 12:58:06,236 INFO  server.RaftServerConfigKeys (ConfUtils.java:logGet(43)) - raft.server.retrycache.expirytime = 600000ms (custom)
2019-06-14 12:58:06,236 INFO  impl.RaftServerImpl (RaftServerImpl.java:start(173)) - 4285ecc9-9b9a-4b47-88f6-ccd74466776c: start group-A5A881678B6F
2019-06-14 12:58:06,236 INFO  impl.RaftServerImpl (RaftServerImpl.java:setRole(164)) - 4285ecc9-9b9a-4b47-88f6-ccd74466776c:group-A5A881678B6F changes role from null to FOLLOWER at term 0 for startAsFollower
2019-06-14 12:58:06,236 INFO  impl.RoleInfo (RoleInfo.java:updateAndGet(143)) - 4285ecc9-9b9a-4b47-88f6-ccd74466776c: start FollowerState
2019-06-14 12:58:06,237 INFO  util.JmxRegister (JmxRegister.java:tryRegister(44)) - Successfully registered JMX Bean with object name Ratis:service=RaftServer,group=group-A5A881678B6F,id=4285ecc9-9b9a-4b47-88f6-ccd74466776c
2019-06-14 12:58:06,238 INFO  pipeline.PipelineStateManager (PipelineStateManager.java:addPipeline(56)) - Created pipeline Pipeline[ Id: ad5d1f05-4e64-4fb6-9b3d-a5a881678b6f, Nodes: 4285ecc9-9b9a-4b47-88f6-ccd74466776c{ip: 192.168.134.78, host: ozone-8z6qt-916494304, networkLocation: /default-rack, certSerialId: null}, Type:RATIS, Factor:ONE, State:OPEN]
2019-06-14 12:58:06,251 INFO  impl.RaftServerProxy (RaftServerProxy.java:addNew(89)) - b0559c4f-76fa-4fe6-8caf-4e12aba375f6: addNew group-F758EE83A071:[dd497ec3-ef6d-4933-a57d-e97d8d6356da:192.168.134.78:37463, b0559c4f-76fa-4fe6-8caf-4e12aba375f6:192.168.134.78:33635, 4285ecc9-9b9a-4b47-88f6-ccd74466776c:192.168.134.78:45275] returns group-F758EE83A071:java.util.concurrent.CompletableFuture@2ccc487b[Not completed]
2019-06-14 12:58:06,251 INFO  impl.RaftServerProxy (RaftServerProxy.java:addNew(89)) - 4285ecc9-9b9a-4b47-88f6-ccd74466776c: addNew group-F758EE83A071:[dd497ec3-ef6d-4933-a57d-e97d8d6356da:192.168.134.78:37463, b0559c4f-76fa-4fe6-8caf-4e12aba375f6:192.168.134.78:33635, 4285ecc9-9b9a-4b47-88f6-ccd74466776c:192.168.134.78:45275] returns group-F758EE83A071:java.util.concurrent.CompletableFuture@40186fa9[Not completed]
2019-06-14 12:58:06,252 INFO  impl.RaftServerProxy (RaftServerProxy.java:addNew(89)) - dd497ec3-ef6d-4933-a57d-e97d8d6356da: addNew group-F758EE83A071:[dd497ec3-ef6d-4933-a57d-e97d8d6356da:192.168.134.78:37463, b0559c4f-76fa-4fe6-8caf-4e12aba375f6:192.168.134.78:33635, 4285ecc9-9b9a-4b47-88f6-ccd74466776c:192.168.134.78:45275] returns group-F758EE83A071:java.util.concurrent.CompletableFuture@144f95da[Not completed]
2019-06-14 12:58:06,252 INFO  impl.RaftServerImpl (RaftServerImpl.java:<init>(91)) - b0559c4f-76fa-4fe6-8caf-4e12aba375f6: new RaftServerImpl for group-F758EE83A071:[dd497ec3-ef6d-4933-a57d-e97d8d6356da:192.168.134.78:37463, b0559c4f-76fa-4fe6-8caf-4e12aba375f6:192.168.134.78:33635, 4285ecc9-9b9a-4b47-88f6-ccd74466776c:192.168.134.78:45275] with ContainerStateMachine:uninitialized
2019-06-14 12:58:06,252 INFO  server.RaftServerConfigKeys (ConfUtils.java:logGet(43)) - raft.server.rpc.timeout.min = 1s (custom)
2019-06-14 12:58:06,252 INFO  server.RaftServerConfigKeys (ConfUtils.java:logGet(43)) - raft.server.rpc.timeout.max = 1200ms (custom)
2019-06-14 12:58:06,252 INFO  server.RaftServerConfigKeys (ConfUtils.java:logGet(43)) - raft.server.rpcslowness.timeout = 120s (custom)
2019-06-14 12:58:06,252 INFO  impl.RaftServerImpl (RaftServerImpl.java:<init>(91)) - 4285ecc9-9b9a-4b47-88f6-ccd74466776c: new RaftServerImpl for group-F758EE83A071:[dd497ec3-ef6d-4933-a57d-e97d8d6356da:192.168.134.78:37463, b0559c4f-76fa-4fe6-8caf-4e12aba375f6:192.168.134.78:33635, 4285ecc9-9b9a-4b47-88f6-ccd74466776c:192.168.134.78:45275] with ContainerStateMachine:uninitialized
2019-06-14 12:58:06,252 INFO  server.RaftServerConfigKeys (ConfUtils.java:logGet(43)) - raft.server.log.appender.install.snapshot.enabled = true (default)
2019-06-14 12:58:06,252 INFO  server.RaftServerConfigKeys (ConfUtils.java:logGet(43)) - raft.server.rpc.timeout.min = 1s (custom)
2019-06-14 12:58:06,252 INFO  impl.RaftServerImpl (ServerState.java:<init>(101)) - b0559c4f-76fa-4fe6-8caf-4e12aba375f6:group-F758EE83A071 ConfigurationManager, init=-1: [dd497ec3-ef6d-4933-a57d-e97d8d6356da:192.168.134.78:37463, b0559c4f-76fa-4fe6-8caf-4e12aba375f6:192.168.134.78:33635, 4285ecc9-9b9a-4b47-88f6-ccd74466776c:192.168.134.78:45275], old=null, confs=<EMPTY_MAP>
2019-06-14 12:58:06,252 INFO  impl.RaftServerImpl (RaftServerImpl.java:<init>(91)) - dd497ec3-ef6d-4933-a57d-e97d8d6356da: new RaftServerImpl for group-F758EE83A071:[dd497ec3-ef6d-4933-a57d-e97d8d6356da:192.168.134.78:37463, b0559c4f-76fa-4fe6-8caf-4e12aba375f6:192.168.134.78:33635, 4285ecc9-9b9a-4b47-88f6-ccd74466776c:192.168.134.78:45275] with ContainerStateMachine:uninitialized
2019-06-14 12:58:06,252 INFO  server.RaftServerConfigKeys (ConfUtils.java:logGet(43)) - raft.server.rpc.timeout.max = 1200ms (custom)
2019-06-14 12:58:06,253 INFO  server.RaftServerConfigKeys (ConfUtils.java:logGet(43)) - raft.server.rpc.timeout.min = 1s (custom)
2019-06-14 12:58:06,253 INFO  server.RaftServerConfigKeys (ConfUtils.java:logGet(43)) - raft.server.storage.dir = [/opt/src/hadoop-ozone/integration-test/target/test-dir/MiniOzoneClusterImpl-0d288065-38f5-45f8-8bf6-3aeb34225532/datanode-3/data/ratis] (custom)
2019-06-14 12:58:06,253 INFO  server.RaftServerConfigKeys (ConfUtils.java:logGet(43)) - raft.server.rpc.timeout.max = 1200ms (custom)
2019-06-14 12:58:06,253 INFO  server.RaftServerConfigKeys (ConfUtils.java:logGet(43)) - raft.server.rpcslowness.timeout = 120s (custom)
2019-06-14 12:58:06,253 INFO  server.RaftServerConfigKeys (ConfUtils.java:logGet(43)) - raft.server.log.appender.install.snapshot.enabled = true (default)
2019-06-14 12:58:06,253 INFO  impl.RaftServerImpl (ServerState.java:<init>(101)) - dd497ec3-ef6d-4933-a57d-e97d8d6356da:group-F758EE83A071 ConfigurationManager, init=-1: [dd497ec3-ef6d-4933-a57d-e97d8d6356da:192.168.134.78:37463, b0559c4f-76fa-4fe6-8caf-4e12aba375f6:192.168.134.78:33635, 4285ecc9-9b9a-4b47-88f6-ccd74466776c:192.168.134.78:45275], old=null, confs=<EMPTY_MAP>
2019-06-14 12:58:06,253 INFO  server.RaftServerConfigKeys (ConfUtils.java:logGet(43)) - raft.server.storage.dir = [/opt/src/hadoop-ozone/integration-test/target/test-dir/MiniOzoneClusterImpl-0d288065-38f5-45f8-8bf6-3aeb34225532/datanode-4/data/ratis] (custom)
2019-06-14 12:58:06,253 INFO  server.RaftServerConfigKeys (ConfUtils.java:logGet(43)) - raft.server.rpcslowness.timeout = 120s (custom)
2019-06-14 12:58:06,253 INFO  storage.RaftStorageDirectory (RaftStorageDirectory.java:analyzeStorage(246)) - The storage directory /opt/src/hadoop-ozone/integration-test/target/test-dir/MiniOzoneClusterImpl-0d288065-38f5-45f8-8bf6-3aeb34225532/datanode-3/data/ratis/eb49f2d2-1eb8-4516-aa8c-f758ee83a071 does not exist. Creating ...
2019-06-14 12:58:06,254 INFO  server.RaftServerConfigKeys (ConfUtils.java:logGet(43)) - raft.server.log.appender.install.snapshot.enabled = true (default)
2019-06-14 12:58:06,254 INFO  storage.RaftStorageDirectory (RaftStorageDirectory.java:analyzeStorage(246)) - The storage directory /opt/src/hadoop-ozone/integration-test/target/test-dir/MiniOzoneClusterImpl-0d288065-38f5-45f8-8bf6-3aeb34225532/datanode-4/data/ratis/eb49f2d2-1eb8-4516-aa8c-f758ee83a071 does not exist. Creating ...
2019-06-14 12:58:06,254 INFO  impl.RaftServerImpl (ServerState.java:<init>(101)) - 4285ecc9-9b9a-4b47-88f6-ccd74466776c:group-F758EE83A071 ConfigurationManager, init=-1: [dd497ec3-ef6d-4933-a57d-e97d8d6356da:192.168.134.78:37463, b0559c4f-76fa-4fe6-8caf-4e12aba375f6:192.168.134.78:33635, 4285ecc9-9b9a-4b47-88f6-ccd74466776c:192.168.134.78:45275], old=null, confs=<EMPTY_MAP>
2019-06-14 12:58:06,254 INFO  server.RaftServerConfigKeys (ConfUtils.java:logGet(43)) - raft.server.storage.dir = [/opt/src/hadoop-ozone/integration-test/target/test-dir/MiniOzoneClusterImpl-0d288065-38f5-45f8-8bf6-3aeb34225532/datanode-5/data/ratis] (custom)
2019-06-14 12:58:06,254 INFO  storage.RaftStorageDirectory (RaftStorageDirectory.java:analyzeStorage(246)) - The storage directory /opt/src/hadoop-ozone/integration-test/target/test-dir/MiniOzoneClusterImpl-0d288065-38f5-45f8-8bf6-3aeb34225532/datanode-5/data/ratis/eb49f2d2-1eb8-4516-aa8c-f758ee83a071 does not exist. Creating ...
2019-06-14 12:58:06,256 INFO  storage.RaftStorageDirectory (RaftStorageDirectory.java:tryLock(328)) - Lock on /opt/src/hadoop-ozone/integration-test/target/test-dir/MiniOzoneClusterImpl-0d288065-38f5-45f8-8bf6-3aeb34225532/datanode-4/data/ratis/eb49f2d2-1eb8-4516-aa8c-f758ee83a071/in_use.lock acquired by nodename 12504@ozone-8z6qt-916494304
2019-06-14 12:58:06,256 INFO  storage.RaftStorageDirectory (RaftStorageDirectory.java:tryLock(328)) - Lock on /opt/src/hadoop-ozone/integration-test/target/test-dir/MiniOzoneClusterImpl-0d288065-38f5-45f8-8bf6-3aeb34225532/datanode-3/data/ratis/eb49f2d2-1eb8-4516-aa8c-f758ee83a071/in_use.lock acquired by nodename 12504@ozone-8z6qt-916494304
2019-06-14 12:58:06,257 INFO  storage.RaftStorageDirectory (RaftStorageDirectory.java:tryLock(328)) - Lock on /opt/src/hadoop-ozone/integration-test/target/test-dir/MiniOzoneClusterImpl-0d288065-38f5-45f8-8bf6-3aeb34225532/datanode-5/data/ratis/eb49f2d2-1eb8-4516-aa8c-f758ee83a071/in_use.lock acquired by nodename 12504@ozone-8z6qt-916494304
2019-06-14 12:58:06,257 INFO  storage.RaftStorage (RaftStorage.java:format(75)) - Storage directory /opt/src/hadoop-ozone/integration-test/target/test-dir/MiniOzoneClusterImpl-0d288065-38f5-45f8-8bf6-3aeb34225532/datanode-3/data/ratis/eb49f2d2-1eb8-4516-aa8c-f758ee83a071 has been successfully formatted.
2019-06-14 12:58:06,257 INFO  storage.RaftStorage (RaftStorage.java:format(75)) - Storage directory /opt/src/hadoop-ozone/integration-test/target/test-dir/MiniOzoneClusterImpl-0d288065-38f5-45f8-8bf6-3aeb34225532/datanode-4/data/ratis/eb49f2d2-1eb8-4516-aa8c-f758ee83a071 has been successfully formatted.
2019-06-14 12:58:06,258 INFO  ratis.ContainerStateMachine (ContainerStateMachine.java:loadSnapshot(199)) - The snapshot info is null.Setting the last applied index to:(t:0, i:~)
2019-06-14 12:58:06,258 INFO  ratis.ContainerStateMachine (ContainerStateMachine.java:loadSnapshot(199)) - The snapshot info is null.Setting the last applied index to:(t:0, i:~)
2019-06-14 12:58:06,258 INFO  impl.FollowerState (FollowerState.java:run(101)) - 87ac541d-3451-459d-a83b-85a9420cbaf3:group-392F4FD511DC changes to CANDIDATE, lastRpcTime:1013, electionTimeout:1013ms
2019-06-14 12:58:06,258 INFO  server.RaftServerConfigKeys (ConfUtils.java:logGet(43)) - raft.server.leader.election.timeout = 120s (custom)
2019-06-14 12:58:06,258 INFO  impl.RoleInfo (RoleInfo.java:shutdownFollowerState(121)) - 87ac541d-3451-459d-a83b-85a9420cbaf3: shutdown FollowerState
2019-06-14 12:58:06,258 INFO  server.RaftServerConfigKeys (ConfUtils.java:logGet(43)) - raft.server.leader.election.timeout = 120s (custom)
2019-06-14 12:58:06,258 INFO  impl.RaftServerImpl (RaftServerImpl.java:setRole(164)) - 87ac541d-3451-459d-a83b-85a9420cbaf3:group-392F4FD511DC changes role from FOLLOWER to CANDIDATE at term 0 for changeToCandidate
2019-06-14 12:58:06,258 INFO  server.RaftServerConfigKeys (ConfUtils.java:logGet(43)) - raft.server.log.use.memory = false (default)
2019-06-14 12:58:06,258 INFO  impl.RoleInfo (RoleInfo.java:updateAndGet(143)) - 87ac541d-3451-459d-a83b-85a9420cbaf3: start LeaderElection
2019-06-14 12:58:06,258 INFO  server.RaftServerConfigKeys (ConfUtils.java:logGet(43)) - raft.server.log.use.memory = false (default)
2019-06-14 12:58:06,258 INFO  server.RaftServerConfigKeys (ConfUtils.java:logGet(43)) - raft.server.log.appender.buffer.byte-limit = 33554432 (custom)
2019-06-14 12:58:06,261 INFO  storage.RaftStorage (RaftStorage.java:format(75)) - Storage directory /opt/src/hadoop-ozone/integration-test/target/test-dir/MiniOzoneClusterImpl-0d288065-38f5-45f8-8bf6-3aeb34225532/datanode-5/data/ratis/eb49f2d2-1eb8-4516-aa8c-f758ee83a071 has been successfully formatted.
2019-06-14 12:58:06,258 INFO  server.RaftServerConfigKeys (ConfUtils.java:logGet(43)) - raft.server.log.appender.buffer.byte-limit = 33554432 (custom)
2019-06-14 12:58:06,261 INFO  ratis.ContainerStateMachine (ContainerStateMachine.java:loadSnapshot(199)) - The snapshot info is null.Setting the last applied index to:(t:0, i:~)
2019-06-14 12:58:06,261 INFO  server.RaftServerConfigKeys (ConfUtils.java:logGet(43)) - raft.server.log.segment.size.max = 16384 (custom)
2019-06-14 12:58:06,261 INFO  server.RaftServerConfigKeys (ConfUtils.java:logGet(43)) - raft.server.leader.election.timeout = 120s (custom)
2019-06-14 12:58:06,261 INFO  server.RaftServerConfigKeys (ConfUtils.java:logGet(43)) - raft.server.log.segment.size.max = 16384 (custom)
2019-06-14 12:58:06,265 INFO  server.RaftServerConfigKeys (ConfUtils.java:logGet(43)) - raft.server.log.use.memory = false (default)
2019-06-14 12:58:06,265 INFO  server.RaftServerConfigKeys (ConfUtils.java:logGet(43)) - raft.server.log.segment.cache.num.max = 2 (custom)
2019-06-14 12:58:06,265 INFO  server.RaftServerConfigKeys (ConfUtils.java:logGet(43)) - raft.server.log.appender.buffer.byte-limit = 33554432 (custom)
2019-06-14 12:58:06,265 INFO  server.RaftServerConfigKeys (ConfUtils.java:logGet(43)) - raft.server.log.segment.cache.num.max = 2 (custom)
2019-06-14 12:58:06,265 INFO  server.RaftServerConfigKeys (ConfUtils.java:logGet(43)) - raft.server.log.segment.size.max = 16384 (custom)
2019-06-14 12:58:06,265 INFO  storage.RaftLogWorker (RaftLogWorker.java:<init>(123)) - new b0559c4f-76fa-4fe6-8caf-4e12aba375f6-RaftLogWorker for Storage Directory /opt/src/hadoop-ozone/integration-test/target/test-dir/MiniOzoneClusterImpl-0d288065-38f5-45f8-8bf6-3aeb34225532/datanode-3/data/ratis/eb49f2d2-1eb8-4516-aa8c-f758ee83a071
2019-06-14 12:58:06,265 INFO  server.RaftServerConfigKeys (ConfUtils.java:logGet(43)) - raft.server.log.segment.cache.num.max = 2 (custom)
2019-06-14 12:58:06,265 INFO  storage.RaftLogWorker (RaftLogWorker.java:<init>(123)) - new dd497ec3-ef6d-4933-a57d-e97d8d6356da-RaftLogWorker for Storage Directory /opt/src/hadoop-ozone/integration-test/target/test-dir/MiniOzoneClusterImpl-0d288065-38f5-45f8-8bf6-3aeb34225532/datanode-4/data/ratis/eb49f2d2-1eb8-4516-aa8c-f758ee83a071
2019-06-14 12:58:06,266 INFO  storage.RaftLogWorker (RaftLogWorker.java:<init>(123)) - new 4285ecc9-9b9a-4b47-88f6-ccd74466776c-RaftLogWorker for Storage Directory /opt/src/hadoop-ozone/integration-test/target/test-dir/MiniOzoneClusterImpl-0d288065-38f5-45f8-8bf6-3aeb34225532/datanode-5/data/ratis/eb49f2d2-1eb8-4516-aa8c-f758ee83a071
2019-06-14 12:58:06,266 INFO  server.RaftServerConfigKeys (ConfUtils.java:logGet(43)) - raft.server.log.queue.byte-limit = 2147483647 (custom)
2019-06-14 12:58:06,266 INFO  server.RaftServerConfigKeys (ConfUtils.java:logGet(43)) - raft.server.log.queue.byte-limit = 2147483647 (custom)
2019-06-14 12:58:06,266 INFO  server.RaftServerConfigKeys (ConfUtils.java:logGet(43)) - raft.server.log.queue.byte-limit = 2147483647 (custom)
2019-06-14 12:58:06,266 INFO  server.RaftServerConfigKeys (ConfUtils.java:logGet(43)) - raft.server.log.queue.element-limit = 1024 (custom)
2019-06-14 12:58:06,266 INFO  server.RaftServerConfigKeys (ConfUtils.java:logGet(43)) - raft.server.log.queue.element-limit = 1024 (custom)
2019-06-14 12:58:06,266 INFO  server.RaftServerConfigKeys (ConfUtils.java:logGet(43)) - raft.server.log.segment.size.max = 16384 (custom)
2019-06-14 12:58:06,266 INFO  server.RaftServerConfigKeys (ConfUtils.java:logGet(43)) - raft.server.log.queue.element-limit = 1024 (custom)
2019-06-14 12:58:06,266 INFO  server.RaftServerConfigKeys (ConfUtils.java:logGet(43)) - raft.server.log.preallocated.size = 16384 (custom)
2019-06-14 12:58:06,266 INFO  server.RaftServerConfigKeys (ConfUtils.java:logGet(43)) - raft.server.log.segment.size.max = 16384 (custom)
2019-06-14 12:58:06,266 INFO  server.RaftServerConfigKeys (ConfUtils.java:logGet(43)) - raft.server.log.write.buffer.size = 33554432 (custom)
2019-06-14 12:58:06,266 INFO  server.RaftServerConfigKeys (ConfUtils.java:logGet(43)) - raft.server.log.segment.size.max = 16384 (custom)
2019-06-14 12:58:06,266 INFO  server.RaftServerConfigKeys (ConfUtils.java:logGet(43)) - raft.server.log.force.sync.num = 128 (default)
2019-06-14 12:58:06,266 INFO  server.RaftServerConfigKeys (ConfUtils.java:logGet(43)) - raft.server.log.preallocated.size = 16384 (custom)
2019-06-14 12:58:06,267 INFO  server.RaftServerConfigKeys (ConfUtils.java:logGet(43)) - raft.server.log.statemachine.data.sync = true (default)
2019-06-14 12:58:06,266 INFO  server.RaftServerConfigKeys (ConfUtils.java:logGet(43)) - raft.server.log.preallocated.size = 16384 (custom)
2019-06-14 12:58:06,267 INFO  server.RaftServerConfigKeys (ConfUtils.java:logGet(43)) - raft.server.log.statemachine.data.sync.timeout = 10s (default)
2019-06-14 12:58:06,267 INFO  impl.LeaderElection (LeaderElection.java:askForVotes(181)) - 87ac541d-3451-459d-a83b-85a9420cbaf3:group-392F4FD511DC:LeaderElection27: begin an election at term 1 for -1: [87ac541d-3451-459d-a83b-85a9420cbaf3:192.168.134.78:41489], old=null
2019-06-14 12:58:06,267 INFO  server.RaftServerConfigKeys (ConfUtils.java:logGet(43)) - raft.server.log.write.buffer.size = 33554432 (custom)
2019-06-14 12:58:06,267 INFO  impl.RoleInfo (RoleInfo.java:shutdownLeaderElection(134)) - 87ac541d-3451-459d-a83b-85a9420cbaf3: shutdown LeaderElection
2019-06-14 12:58:06,267 INFO  server.RaftServerConfigKeys (ConfUtils.java:logGet(43)) - raft.server.log.statemachine.data.sync.timeout.retry = -1 (default)
2019-06-14 12:58:06,267 INFO  server.RaftServerConfigKeys (ConfUtils.java:logGet(43)) - raft.server.log.write.buffer.size = 33554432 (custom)
2019-06-14 12:58:06,267 INFO  server.RaftServerConfigKeys (ConfUtils.java:logGet(43)) - raft.server.log.statemachine.data.caching.enabled = true (custom)
2019-06-14 12:58:06,267 INFO  impl.RaftServerImpl (RaftServerImpl.java:setRole(164)) - 87ac541d-3451-459d-a83b-85a9420cbaf3:group-392F4FD511DC changes role from CANDIDATE to LEADER at term 1 for changeToLeader
2019-06-14 12:58:06,267 INFO  server.RaftServerConfigKeys (ConfUtils.java:logGet(43)) - raft.server.log.force.sync.num = 128 (default)
2019-06-14 12:58:06,267 INFO  impl.RaftServerImpl (ServerState.java:setLeader(263)) - 87ac541d-3451-459d-a83b-85a9420cbaf3:group-392F4FD511DC change Leader from null to 87ac541d-3451-459d-a83b-85a9420cbaf3 at term 1 for becomeLeader, leader elected after 1024ms
2019-06-14 12:58:06,267 INFO  server.RaftServerConfigKeys (ConfUtils.java:logGet(43)) - raft.server.log.force.sync.num = 128 (default)
2019-06-14 12:58:06,268 INFO  server.RaftServerConfigKeys (ConfUtils.java:logGet(43)) - raft.server.staging.catchup.gap = 1000 (default)
2019-06-14 12:58:06,267 INFO  server.RaftServerConfigKeys (ConfUtils.java:logGet(43)) - raft.server.snapshot.auto.trigger.enabled = true (custom)
2019-06-14 12:58:06,267 INFO  server.RaftServerConfigKeys (ConfUtils.java:logGet(43)) - raft.server.log.statemachine.data.sync = true (default)
2019-06-14 12:58:06,268 INFO  server.RaftServerConfigKeys (ConfUtils.java:logGet(43)) - raft.server.snapshot.auto.trigger.threshold = 10000 (custom)
2019-06-14 12:58:06,268 INFO  server.RaftServerConfigKeys (ConfUtils.java:logGet(43)) - raft.server.rpc.sleep.time = 25ms (default)
2019-06-14 12:58:06,268 INFO  server.RaftServerConfigKeys (ConfUtils.java:logGet(43)) - raft.server.log.statemachine.data.sync = true (default)
2019-06-14 12:58:06,268 INFO  server.RaftServerConfigKeys (ConfUtils.java:logGet(43)) - raft.server.watch.timeout = 10s (default)
2019-06-14 12:58:06,268 INFO  server.RaftServerConfigKeys (ConfUtils.java:logGet(43)) - raft.server.retrycache.expirytime = 600000ms (custom)
2019-06-14 12:58:06,268 INFO  server.RaftServerConfigKeys (ConfUtils.java:logGet(43)) - raft.server.log.statemachine.data.sync.timeout = 10s (default)
2019-06-14 12:58:06,268 INFO  impl.RaftServerImpl (RaftServerImpl.java:start(173)) - 4285ecc9-9b9a-4b47-88f6-ccd74466776c: start group-F758EE83A071
2019-06-14 12:58:06,268 INFO  impl.RaftServerImpl (RaftServerImpl.java:setRole(164)) - 4285ecc9-9b9a-4b47-88f6-ccd74466776c:group-F758EE83A071 changes role from null to FOLLOWER at term 0 for startAsFollower
2019-06-14 12:58:06,268 INFO  impl.RoleInfo (RoleInfo.java:updateAndGet(143)) - 4285ecc9-9b9a-4b47-88f6-ccd74466776c: start FollowerState
2019-06-14 12:58:06,268 INFO  server.RaftServerConfigKeys (ConfUtils.java:logGet(43)) - raft.server.watch.timeout.denomination = 1s (default)
2019-06-14 12:58:06,268 INFO  server.RaftServerConfigKeys (ConfUtils.java:logGet(43)) - raft.server.log.statemachine.data.sync.timeout = 10s (default)
2019-06-14 12:58:06,269 INFO  impl.RoleInfo (RoleInfo.java:updateAndGet(143)) - 87ac541d-3451-459d-a83b-85a9420cbaf3: start LeaderState
2019-06-14 12:58:06,268 INFO  server.RaftServerConfigKeys (ConfUtils.java:logGet(43)) - raft.server.log.statemachine.data.sync.timeout.retry = -1 (default)
2019-06-14 12:58:06,269 INFO  util.JmxRegister (JmxRegister.java:tryRegister(44)) - Successfully registered JMX Bean with object name Ratis:service=RaftServer,group=group-F758EE83A071,id=4285ecc9-9b9a-4b47-88f6-ccd74466776c
2019-06-14 12:58:06,269 INFO  server.RaftServerConfigKeys (ConfUtils.java:logGet(43)) - raft.server.log.statemachine.data.sync.timeout.retry = -1 (default)
2019-06-14 12:58:06,269 INFO  server.RaftServerConfigKeys (ConfUtils.java:logGet(43)) - raft.server.log.statemachine.data.caching.enabled = true (custom)
2019-06-14 12:58:06,269 INFO  storage.RaftLogWorker (RaftLogWorker.java:startLogSegment(298)) - 87ac541d-3451-459d-a83b-85a9420cbaf3-RaftLogWorker: Starting segment from index:0
2019-06-14 12:58:06,269 INFO  server.RaftServerConfigKeys (ConfUtils.java:logGet(43)) - raft.server.log.statemachine.data.caching.enabled = true (custom)
2019-06-14 12:58:06,270 INFO  impl.RaftServerImpl (ServerState.java:setRaftConf(361)) - 87ac541d-3451-459d-a83b-85a9420cbaf3:group-392F4FD511DC set configuration 0: [87ac541d-3451-459d-a83b-85a9420cbaf3:192.168.134.78:41489], old=null at 0
2019-06-14 12:58:06,269 INFO  server.RaftServerConfigKeys (ConfUtils.java:logGet(43)) - raft.server.snapshot.auto.trigger.enabled = true (custom)
2019-06-14 12:58:06,271 INFO  server.RaftServerConfigKeys (ConfUtils.java:logGet(43)) - raft.server.snapshot.auto.trigger.threshold = 10000 (custom)
2019-06-14 12:58:06,274 INFO  server.RaftServerConfigKeys (ConfUtils.java:logGet(43)) - raft.server.snapshot.auto.trigger.enabled = true (custom)
2019-06-14 12:58:06,274 INFO  server.RaftServerConfigKeys (ConfUtils.java:logGet(43)) - raft.server.retrycache.expirytime = 600000ms (custom)
2019-06-14 12:58:06,274 INFO  server.RaftServerConfigKeys (ConfUtils.java:logGet(43)) - raft.server.snapshot.auto.trigger.threshold = 10000 (custom)
2019-06-14 12:58:06,274 INFO  impl.RaftServerImpl (RaftServerImpl.java:start(173)) - b0559c4f-76fa-4fe6-8caf-4e12aba375f6: start group-F758EE83A071
2019-06-14 12:58:06,274 INFO  server.RaftServerConfigKeys (ConfUtils.java:logGet(43)) - raft.server.retrycache.expirytime = 600000ms (custom)
2019-06-14 12:58:06,274 INFO  impl.RaftServerImpl (RaftServerImpl.java:setRole(164)) - b0559c4f-76fa-4fe6-8caf-4e12aba375f6:group-F758EE83A071 changes role from null to FOLLOWER at term 0 for startAsFollower
2019-06-14 12:58:06,274 INFO  impl.RaftServerImpl (RaftServerImpl.java:start(173)) - dd497ec3-ef6d-4933-a57d-e97d8d6356da: start group-F758EE83A071
2019-06-14 12:58:06,274 INFO  impl.RoleInfo (RoleInfo.java:updateAndGet(143)) - b0559c4f-76fa-4fe6-8caf-4e12aba375f6: start FollowerState
2019-06-14 12:58:06,274 INFO  impl.RaftServerImpl (RaftServerImpl.java:setRole(164)) - dd497ec3-ef6d-4933-a57d-e97d8d6356da:group-F758EE83A071 changes role from null to FOLLOWER at term 0 for startAsFollower
2019-06-14 12:58:06,275 INFO  impl.RoleInfo (RoleInfo.java:updateAndGet(143)) - dd497ec3-ef6d-4933-a57d-e97d8d6356da: start FollowerState
2019-06-14 12:58:06,275 INFO  util.JmxRegister (JmxRegister.java:tryRegister(44)) - Successfully registered JMX Bean with object name Ratis:service=RaftServer,group=group-F758EE83A071,id=b0559c4f-76fa-4fe6-8caf-4e12aba375f6
2019-06-14 12:58:06,275 INFO  util.JmxRegister (JmxRegister.java:tryRegister(44)) - Successfully registered JMX Bean with object name Ratis:service=RaftServer,group=group-F758EE83A071,id=dd497ec3-ef6d-4933-a57d-e97d8d6356da
2019-06-14 12:58:06,278 INFO  pipeline.PipelineStateManager (PipelineStateManager.java:addPipeline(56)) - Created pipeline Pipeline[ Id: eb49f2d2-1eb8-4516-aa8c-f758ee83a071, Nodes: 4285ecc9-9b9a-4b47-88f6-ccd74466776c{ip: 192.168.134.78, host: ozone-8z6qt-916494304, networkLocation: /default-rack, certSerialId: null}dd497ec3-ef6d-4933-a57d-e97d8d6356da{ip: 192.168.134.78, host: ozone-8z6qt-916494304, networkLocation: /default-rack, certSerialId: null}b0559c4f-76fa-4fe6-8caf-4e12aba375f6{ip: 192.168.134.78, host: ozone-8z6qt-916494304, networkLocation: /default-rack, certSerialId: null}, Type:RATIS, Factor:THREE, State:OPEN]
2019-06-14 12:58:06,307 INFO  storage.RaftLogWorker (RaftLogWorker.java:execute(469)) - 87ac541d-3451-459d-a83b-85a9420cbaf3-RaftLogWorker: created new log segment /opt/src/hadoop-ozone/integration-test/target/test-dir/MiniOzoneClusterImpl-0d288065-38f5-45f8-8bf6-3aeb34225532/datanode-0/data/ratis/11cdcce2-1049-4cfb-8d4d-392f4fd511dc/current/log_inprogress_0
2019-06-14 12:58:06,370 INFO  ozone.MiniOzoneClusterImpl (MiniOzoneClusterImpl.java:lambda$waitForClusterToBeReady$0(142)) - Waiting for cluster to be ready. Got 6 of 7 DN Heartbeats.
2019-06-14 12:58:06,375 INFO  node.SCMNodeManager (SCMNodeManager.java:register(234)) - Registered Data node : 79c723e1-092d-45c6-a600-c1185edf53d9{ip: 192.168.134.78, host: ozone-8z6qt-916494304, networkLocation: /default-rack, certSerialId: null}
2019-06-14 12:58:06,387 INFO  impl.RaftServerProxy (RaftServerProxy.java:addNew(89)) - 79c723e1-092d-45c6-a600-c1185edf53d9: addNew group-78A82AF6DD29:[79c723e1-092d-45c6-a600-c1185edf53d9:192.168.134.78:43505] returns group-78A82AF6DD29:java.util.concurrent.CompletableFuture@57b914ea[Not completed]
2019-06-14 12:58:06,388 INFO  impl.RaftServerImpl (RaftServerImpl.java:<init>(91)) - 79c723e1-092d-45c6-a600-c1185edf53d9: new RaftServerImpl for group-78A82AF6DD29:[79c723e1-092d-45c6-a600-c1185edf53d9:192.168.134.78:43505] with ContainerStateMachine:uninitialized
2019-06-14 12:58:06,388 INFO  server.RaftServerConfigKeys (ConfUtils.java:logGet(43)) - raft.server.rpc.timeout.min = 1s (custom)
2019-06-14 12:58:06,388 INFO  server.RaftServerConfigKeys (ConfUtils.java:logGet(43)) - raft.server.rpc.timeout.max = 1200ms (custom)
2019-06-14 12:58:06,388 INFO  server.RaftServerConfigKeys (ConfUtils.java:logGet(43)) - raft.server.rpcslowness.timeout = 120s (custom)
2019-06-14 12:58:06,388 INFO  server.RaftServerConfigKeys (ConfUtils.java:logGet(43)) - raft.server.log.appender.install.snapshot.enabled = true (default)
2019-06-14 12:58:06,388 INFO  impl.RaftServerImpl (ServerState.java:<init>(101)) - 79c723e1-092d-45c6-a600-c1185edf53d9:group-78A82AF6DD29 ConfigurationManager, init=-1: [79c723e1-092d-45c6-a600-c1185edf53d9:192.168.134.78:43505], old=null, confs=<EMPTY_MAP>
2019-06-14 12:58:06,388 INFO  server.RaftServerConfigKeys (ConfUtils.java:logGet(43)) - raft.server.storage.dir = [/opt/src/hadoop-ozone/integration-test/target/test-dir/MiniOzoneClusterImpl-0d288065-38f5-45f8-8bf6-3aeb34225532/datanode-6/data/ratis] (custom)
2019-06-14 12:58:06,388 INFO  storage.RaftStorageDirectory (RaftStorageDirectory.java:analyzeStorage(246)) - The storage directory /opt/src/hadoop-ozone/integration-test/target/test-dir/MiniOzoneClusterImpl-0d288065-38f5-45f8-8bf6-3aeb34225532/datanode-6/data/ratis/1e4b4387-f3e9-4c7c-978b-78a82af6dd29 does not exist. Creating ...
2019-06-14 12:58:06,390 INFO  storage.RaftStorageDirectory (RaftStorageDirectory.java:tryLock(328)) - Lock on /opt/src/hadoop-ozone/integration-test/target/test-dir/MiniOzoneClusterImpl-0d288065-38f5-45f8-8bf6-3aeb34225532/datanode-6/data/ratis/1e4b4387-f3e9-4c7c-978b-78a82af6dd29/in_use.lock acquired by nodename 12504@ozone-8z6qt-916494304
2019-06-14 12:58:06,392 INFO  storage.RaftStorage (RaftStorage.java:format(75)) - Storage directory /opt/src/hadoop-ozone/integration-test/target/test-dir/MiniOzoneClusterImpl-0d288065-38f5-45f8-8bf6-3aeb34225532/datanode-6/data/ratis/1e4b4387-f3e9-4c7c-978b-78a82af6dd29 has been successfully formatted.
2019-06-14 12:58:06,393 INFO  ratis.ContainerStateMachine (ContainerStateMachine.java:loadSnapshot(199)) - The snapshot info is null.Setting the last applied index to:(t:0, i:~)
2019-06-14 12:58:06,393 INFO  server.RaftServerConfigKeys (ConfUtils.java:logGet(43)) - raft.server.leader.election.timeout = 120s (custom)
2019-06-14 12:58:06,393 INFO  server.RaftServerConfigKeys (ConfUtils.java:logGet(43)) - raft.server.log.use.memory = false (default)
2019-06-14 12:58:06,393 INFO  server.RaftServerConfigKeys (ConfUtils.java:logGet(43)) - raft.server.log.appender.buffer.byte-limit = 33554432 (custom)
2019-06-14 12:58:06,393 INFO  server.RaftServerConfigKeys (ConfUtils.java:logGet(43)) - raft.server.log.segment.size.max = 16384 (custom)
2019-06-14 12:58:06,393 INFO  server.RaftServerConfigKeys (ConfUtils.java:logGet(43)) - raft.server.log.segment.cache.num.max = 2 (custom)
2019-06-14 12:58:06,393 INFO  storage.RaftLogWorker (RaftLogWorker.java:<init>(123)) - new 79c723e1-092d-45c6-a600-c1185edf53d9-RaftLogWorker for Storage Directory /opt/src/hadoop-ozone/integration-test/target/test-dir/MiniOzoneClusterImpl-0d288065-38f5-45f8-8bf6-3aeb34225532/datanode-6/data/ratis/1e4b4387-f3e9-4c7c-978b-78a82af6dd29
2019-06-14 12:58:06,393 INFO  server.RaftServerConfigKeys (ConfUtils.java:logGet(43)) - raft.server.log.queue.byte-limit = 2147483647 (custom)
2019-06-14 12:58:06,393 INFO  server.RaftServerConfigKeys (ConfUtils.java:logGet(43)) - raft.server.log.queue.element-limit = 1024 (custom)
2019-06-14 12:58:06,393 INFO  server.RaftServerConfigKeys (ConfUtils.java:logGet(43)) - raft.server.log.segment.size.max = 16384 (custom)
2019-06-14 12:58:06,393 INFO  server.RaftServerConfigKeys (ConfUtils.java:logGet(43)) - raft.server.log.preallocated.size = 16384 (custom)
2019-06-14 12:58:06,393 INFO  server.RaftServerConfigKeys (ConfUtils.java:logGet(43)) - raft.server.log.write.buffer.size = 33554432 (custom)
2019-06-14 12:58:06,393 INFO  server.RaftServerConfigKeys (ConfUtils.java:logGet(43)) - raft.server.log.force.sync.num = 128 (default)
2019-06-14 12:58:06,393 INFO  server.RaftServerConfigKeys (ConfUtils.java:logGet(43)) - raft.server.log.statemachine.data.sync = true (default)
2019-06-14 12:58:06,394 INFO  server.RaftServerConfigKeys (ConfUtils.java:logGet(43)) - raft.server.log.statemachine.data.sync.timeout = 10s (default)
2019-06-14 12:58:06,394 INFO  server.RaftServerConfigKeys (ConfUtils.java:logGet(43)) - raft.server.log.statemachine.data.sync.timeout.retry = -1 (default)
2019-06-14 12:58:06,394 INFO  server.RaftServerConfigKeys (ConfUtils.java:logGet(43)) - raft.server.log.statemachine.data.caching.enabled = true (custom)
2019-06-14 12:58:06,394 INFO  server.RaftServerConfigKeys (ConfUtils.java:logGet(43)) - raft.server.snapshot.auto.trigger.enabled = true (custom)
2019-06-14 12:58:06,394 INFO  server.RaftServerConfigKeys (ConfUtils.java:logGet(43)) - raft.server.snapshot.auto.trigger.threshold = 10000 (custom)
2019-06-14 12:58:06,394 INFO  server.RaftServerConfigKeys (ConfUtils.java:logGet(43)) - raft.server.retrycache.expirytime = 600000ms (custom)
2019-06-14 12:58:06,394 INFO  impl.RaftServerImpl (RaftServerImpl.java:start(173)) - 79c723e1-092d-45c6-a600-c1185edf53d9: start group-78A82AF6DD29
2019-06-14 12:58:06,395 INFO  impl.RaftServerImpl (RaftServerImpl.java:setRole(164)) - 79c723e1-092d-45c6-a600-c1185edf53d9:group-78A82AF6DD29 changes role from null to FOLLOWER at term 0 for startAsFollower
2019-06-14 12:58:06,395 INFO  impl.RoleInfo (RoleInfo.java:updateAndGet(143)) - 79c723e1-092d-45c6-a600-c1185edf53d9: start FollowerState
2019-06-14 12:58:06,395 INFO  util.JmxRegister (JmxRegister.java:tryRegister(44)) - Successfully registered JMX Bean with object name Ratis:service=RaftServer,group=group-78A82AF6DD29,id=79c723e1-092d-45c6-a600-c1185edf53d9
2019-06-14 12:58:06,396 INFO  pipeline.PipelineStateManager (PipelineStateManager.java:addPipeline(56)) - Created pipeline Pipeline[ Id: 1e4b4387-f3e9-4c7c-978b-78a82af6dd29, Nodes: 79c723e1-092d-45c6-a600-c1185edf53d9{ip: 192.168.134.78, host: ozone-8z6qt-916494304, networkLocation: /default-rack, certSerialId: null}, Type:RATIS, Factor:ONE, State:OPEN]
2019-06-14 12:58:06,567 INFO  impl.FollowerState (FollowerState.java:run(101)) - a153dc25-438c-4576-bda0-442fdc93ce24:group-FAFF764965E1 changes to CANDIDATE, lastRpcTime:1015, electionTimeout:1015ms
2019-06-14 12:58:06,567 INFO  impl.RoleInfo (RoleInfo.java:shutdownFollowerState(121)) - a153dc25-438c-4576-bda0-442fdc93ce24: shutdown FollowerState
2019-06-14 12:58:06,567 INFO  impl.RaftServerImpl (RaftServerImpl.java:setRole(164)) - a153dc25-438c-4576-bda0-442fdc93ce24:group-FAFF764965E1 changes role from FOLLOWER to CANDIDATE at term 0 for changeToCandidate
2019-06-14 12:58:06,568 INFO  impl.RoleInfo (RoleInfo.java:updateAndGet(143)) - a153dc25-438c-4576-bda0-442fdc93ce24: start LeaderElection
2019-06-14 12:58:06,575 INFO  impl.LeaderElection (LeaderElection.java:askForVotes(181)) - a153dc25-438c-4576-bda0-442fdc93ce24:group-FAFF764965E1:LeaderElection28: begin an election at term 1 for -1: [a153dc25-438c-4576-bda0-442fdc93ce24:192.168.134.78:45433], old=null
2019-06-14 12:58:06,575 INFO  impl.RoleInfo (RoleInfo.java:shutdownLeaderElection(134)) - a153dc25-438c-4576-bda0-442fdc93ce24: shutdown LeaderElection
2019-06-14 12:58:06,576 INFO  impl.RaftServerImpl (RaftServerImpl.java:setRole(164)) - a153dc25-438c-4576-bda0-442fdc93ce24:group-FAFF764965E1 changes role from CANDIDATE to LEADER at term 1 for changeToLeader
2019-06-14 12:58:06,576 INFO  impl.RaftServerImpl (ServerState.java:setLeader(263)) - a153dc25-438c-4576-bda0-442fdc93ce24:group-FAFF764965E1 change Leader from null to a153dc25-438c-4576-bda0-442fdc93ce24 at term 1 for becomeLeader, leader elected after 1025ms
2019-06-14 12:58:06,576 INFO  server.RaftServerConfigKeys (ConfUtils.java:logGet(43)) - raft.server.staging.catchup.gap = 1000 (default)
2019-06-14 12:58:06,576 INFO  server.RaftServerConfigKeys (ConfUtils.java:logGet(43)) - raft.server.rpc.sleep.time = 25ms (default)
2019-06-14 12:58:06,576 INFO  server.RaftServerConfigKeys (ConfUtils.java:logGet(43)) - raft.server.watch.timeout = 10s (default)
2019-06-14 12:58:06,576 INFO  server.RaftServerConfigKeys (ConfUtils.java:logGet(43)) - raft.server.watch.timeout.denomination = 1s (default)
2019-06-14 12:58:06,576 INFO  impl.RoleInfo (RoleInfo.java:updateAndGet(143)) - a153dc25-438c-4576-bda0-442fdc93ce24: start LeaderState
2019-06-14 12:58:06,576 INFO  storage.RaftLogWorker (RaftLogWorker.java:startLogSegment(298)) - a153dc25-438c-4576-bda0-442fdc93ce24-RaftLogWorker: Starting segment from index:0
2019-06-14 12:58:06,576 INFO  impl.RaftServerImpl (ServerState.java:setRaftConf(361)) - a153dc25-438c-4576-bda0-442fdc93ce24:group-FAFF764965E1 set configuration 0: [a153dc25-438c-4576-bda0-442fdc93ce24:192.168.134.78:45433], old=null at 0
2019-06-14 12:58:06,610 INFO  storage.RaftLogWorker (RaftLogWorker.java:execute(469)) - a153dc25-438c-4576-bda0-442fdc93ce24-RaftLogWorker: created new log segment /opt/src/hadoop-ozone/integration-test/target/test-dir/MiniOzoneClusterImpl-0d288065-38f5-45f8-8bf6-3aeb34225532/datanode-1/data/ratis/e13c43d6-4d82-4359-aae6-faff764965e1/current/log_inprogress_0
2019-06-14 12:58:06,699 INFO  impl.FollowerState (FollowerState.java:run(101)) - bebcae61-8d7b-4702-a75b-276acd53e539:group-EFB0012D8882 changes to CANDIDATE, lastRpcTime:1000, electionTimeout:1000ms
2019-06-14 12:58:06,699 INFO  impl.RoleInfo (RoleInfo.java:shutdownFollowerState(121)) - bebcae61-8d7b-4702-a75b-276acd53e539: shutdown FollowerState
2019-06-14 12:58:06,699 INFO  impl.RaftServerImpl (RaftServerImpl.java:setRole(164)) - bebcae61-8d7b-4702-a75b-276acd53e539:group-EFB0012D8882 changes role from FOLLOWER to CANDIDATE at term 0 for changeToCandidate
2019-06-14 12:58:06,699 INFO  impl.RoleInfo (RoleInfo.java:updateAndGet(143)) - bebcae61-8d7b-4702-a75b-276acd53e539: start LeaderElection
2019-06-14 12:58:06,710 INFO  impl.LeaderElection (LeaderElection.java:askForVotes(181)) - bebcae61-8d7b-4702-a75b-276acd53e539:group-EFB0012D8882:LeaderElection29: begin an election at term 1 for -1: [bebcae61-8d7b-4702-a75b-276acd53e539:192.168.134.78:39855], old=null
2019-06-14 12:58:06,710 INFO  impl.RoleInfo (RoleInfo.java:shutdownLeaderElection(134)) - bebcae61-8d7b-4702-a75b-276acd53e539: shutdown LeaderElection
2019-06-14 12:58:06,710 INFO  impl.RaftServerImpl (RaftServerImpl.java:setRole(164)) - bebcae61-8d7b-4702-a75b-276acd53e539:group-EFB0012D8882 changes role from CANDIDATE to LEADER at term 1 for changeToLeader
2019-06-14 12:58:06,710 INFO  impl.RaftServerImpl (ServerState.java:setLeader(263)) - bebcae61-8d7b-4702-a75b-276acd53e539:group-EFB0012D8882 change Leader from null to bebcae61-8d7b-4702-a75b-276acd53e539 at term 1 for becomeLeader, leader elected after 1013ms
2019-06-14 12:58:06,710 INFO  server.RaftServerConfigKeys (ConfUtils.java:logGet(43)) - raft.server.staging.catchup.gap = 1000 (default)
2019-06-14 12:58:06,710 INFO  server.RaftServerConfigKeys (ConfUtils.java:logGet(43)) - raft.server.rpc.sleep.time = 25ms (default)
2019-06-14 12:58:06,710 INFO  server.RaftServerConfigKeys (ConfUtils.java:logGet(43)) - raft.server.watch.timeout = 10s (default)
2019-06-14 12:58:06,710 INFO  server.RaftServerConfigKeys (ConfUtils.java:logGet(43)) - raft.server.watch.timeout.denomination = 1s (default)
2019-06-14 12:58:06,710 INFO  impl.RoleInfo (RoleInfo.java:updateAndGet(143)) - bebcae61-8d7b-4702-a75b-276acd53e539: start LeaderState
2019-06-14 12:58:06,711 INFO  storage.RaftLogWorker (RaftLogWorker.java:startLogSegment(298)) - bebcae61-8d7b-4702-a75b-276acd53e539-RaftLogWorker: Starting segment from index:0
2019-06-14 12:58:06,711 INFO  impl.RaftServerImpl (ServerState.java:setRaftConf(361)) - bebcae61-8d7b-4702-a75b-276acd53e539:group-EFB0012D8882 set configuration 0: [bebcae61-8d7b-4702-a75b-276acd53e539:192.168.134.78:39855], old=null at 0
2019-06-14 12:58:06,736 INFO  impl.FollowerState (FollowerState.java:run(101)) - bebcae61-8d7b-4702-a75b-276acd53e539:group-4E31065205C9 changes to CANDIDATE, lastRpcTime:1010, electionTimeout:1009ms
2019-06-14 12:58:06,736 INFO  impl.RoleInfo (RoleInfo.java:shutdownFollowerState(121)) - bebcae61-8d7b-4702-a75b-276acd53e539: shutdown FollowerState
2019-06-14 12:58:06,736 INFO  impl.RaftServerImpl (RaftServerImpl.java:setRole(164)) - bebcae61-8d7b-4702-a75b-276acd53e539:group-4E31065205C9 changes role from FOLLOWER to CANDIDATE at term 0 for changeToCandidate
2019-06-14 12:58:06,737 INFO  impl.RoleInfo (RoleInfo.java:updateAndGet(143)) - bebcae61-8d7b-4702-a75b-276acd53e539: start LeaderElection
2019-06-14 12:58:06,751 INFO  storage.RaftLogWorker (RaftLogWorker.java:execute(469)) - bebcae61-8d7b-4702-a75b-276acd53e539-RaftLogWorker: created new log segment /opt/src/hadoop-ozone/integration-test/target/test-dir/MiniOzoneClusterImpl-0d288065-38f5-45f8-8bf6-3aeb34225532/datanode-2/data/ratis/85c4dc91-d8ef-4083-bcaf-efb0012d8882/current/log_inprogress_0
2019-06-14 12:58:06,753 INFO  impl.LeaderElection (LeaderElection.java:askForVotes(181)) - bebcae61-8d7b-4702-a75b-276acd53e539:group-4E31065205C9:LeaderElection30: begin an election at term 1 for -1: [bebcae61-8d7b-4702-a75b-276acd53e539:192.168.134.78:39855, a153dc25-438c-4576-bda0-442fdc93ce24:192.168.134.78:45433, 87ac541d-3451-459d-a83b-85a9420cbaf3:192.168.134.78:41489], old=null
2019-06-14 12:58:06,763 INFO  impl.RaftServerImpl (RaftServerImpl.java:setRole(164)) - 87ac541d-3451-459d-a83b-85a9420cbaf3:group-4E31065205C9 changes role from FOLLOWER to FOLLOWER at term 1 for recognizeCandidate:bebcae61-8d7b-4702-a75b-276acd53e539
2019-06-14 12:58:06,763 INFO  impl.RaftServerImpl (RaftServerImpl.java:setRole(164)) - a153dc25-438c-4576-bda0-442fdc93ce24:group-4E31065205C9 changes role from FOLLOWER to FOLLOWER at term 1 for recognizeCandidate:bebcae61-8d7b-4702-a75b-276acd53e539
2019-06-14 12:58:06,763 INFO  impl.RoleInfo (RoleInfo.java:shutdownFollowerState(121)) - 87ac541d-3451-459d-a83b-85a9420cbaf3: shutdown FollowerState
2019-06-14 12:58:06,763 INFO  impl.RoleInfo (RoleInfo.java:shutdownFollowerState(121)) - a153dc25-438c-4576-bda0-442fdc93ce24: shutdown FollowerState
2019-06-14 12:58:06,764 INFO  impl.FollowerState (FollowerState.java:run(109)) - 87ac541d-3451-459d-a83b-85a9420cbaf3: FollowerState was interrupted: java.lang.InterruptedException: sleep interrupted
2019-06-14 12:58:06,764 INFO  impl.FollowerState (FollowerState.java:run(109)) - a153dc25-438c-4576-bda0-442fdc93ce24: FollowerState was interrupted: java.lang.InterruptedException: sleep interrupted
2019-06-14 12:58:06,764 INFO  impl.RoleInfo (RoleInfo.java:updateAndGet(143)) - 87ac541d-3451-459d-a83b-85a9420cbaf3: start FollowerState
2019-06-14 12:58:06,764 INFO  impl.RoleInfo (RoleInfo.java:updateAndGet(143)) - a153dc25-438c-4576-bda0-442fdc93ce24: start FollowerState
2019-06-14 12:58:06,771 INFO  impl.LeaderElection (LeaderElection.java:logAndReturn(56)) - bebcae61-8d7b-4702-a75b-276acd53e539:group-4E31065205C9:LeaderElection30: Election PASSED; received 1 response(s) [bebcae61-8d7b-4702-a75b-276acd53e539->87ac541d-3451-459d-a83b-85a9420cbaf3,true-t1] and 0 exception(s); bebcae61-8d7b-4702-a75b-276acd53e539:t1, leader=null, voted=bebcae61-8d7b-4702-a75b-276acd53e539, raftlog=bebcae61-8d7b-4702-a75b-276acd53e539-SegmentedRaftLog:OPENED:c-1,f-1,i0, conf=-1: [bebcae61-8d7b-4702-a75b-276acd53e539:192.168.134.78:39855, a153dc25-438c-4576-bda0-442fdc93ce24:192.168.134.78:45433, 87ac541d-3451-459d-a83b-85a9420cbaf3:192.168.134.78:41489], old=null
2019-06-14 12:58:06,771 INFO  impl.RoleInfo (RoleInfo.java:shutdownLeaderElection(134)) - bebcae61-8d7b-4702-a75b-276acd53e539: shutdown LeaderElection
2019-06-14 12:58:06,771 INFO  impl.RaftServerImpl (RaftServerImpl.java:setRole(164)) - bebcae61-8d7b-4702-a75b-276acd53e539:group-4E31065205C9 changes role from CANDIDATE to LEADER at term 1 for changeToLeader
2019-06-14 12:58:06,771 INFO  impl.RaftServerImpl (ServerState.java:setLeader(263)) - bebcae61-8d7b-4702-a75b-276acd53e539:group-4E31065205C9 change Leader from null to bebcae61-8d7b-4702-a75b-276acd53e539 at term 1 for becomeLeader, leader elected after 1052ms
2019-06-14 12:58:06,771 INFO  server.RaftServerConfigKeys (ConfUtils.java:logGet(43)) - raft.server.staging.catchup.gap = 1000 (default)
2019-06-14 12:58:06,772 INFO  server.RaftServerConfigKeys (ConfUtils.java:logGet(43)) - raft.server.rpc.sleep.time = 25ms (default)
2019-06-14 12:58:06,772 INFO  server.RaftServerConfigKeys (ConfUtils.java:logGet(43)) - raft.server.watch.timeout = 10s (default)
2019-06-14 12:58:06,772 INFO  server.RaftServerConfigKeys (ConfUtils.java:logGet(43)) - raft.server.watch.timeout.denomination = 1s (default)
2019-06-14 12:58:06,772 INFO  server.RaftServerConfigKeys (ConfUtils.java:logGet(43)) - raft.server.log.appender.snapshot.chunk.size.max = 16MB (=16777216) (default)
2019-06-14 12:58:06,772 INFO  server.RaftServerConfigKeys (ConfUtils.java:logGet(43)) - raft.server.log.appender.buffer.byte-limit = 33554432 (custom)
2019-06-14 12:58:06,772 INFO  server.RaftServerConfigKeys (ConfUtils.java:logGet(43)) - raft.server.log.appender.buffer.element-limit = 1 (custom)
2019-06-14 12:58:06,772 INFO  grpc.GrpcConfigKeys$Server (ConfUtils.java:logGet(43)) - raft.grpc.server.leader.outstanding.appends.max = 128 (default)
2019-06-14 12:58:06,772 INFO  server.RaftServerConfigKeys (ConfUtils.java:logGet(43)) - raft.server.rpc.request.timeout = 3000ms (default)
2019-06-14 12:58:06,772 INFO  server.RaftServerConfigKeys (ConfUtils.java:logGet(43)) - raft.server.log.appender.install.snapshot.enabled = true (default)
2019-06-14 12:58:06,772 INFO  server.RaftServerConfigKeys (ConfUtils.java:logGet(43)) - raft.server.log.appender.snapshot.chunk.size.max = 16MB (=16777216) (default)
2019-06-14 12:58:06,772 INFO  server.RaftServerConfigKeys (ConfUtils.java:logGet(43)) - raft.server.log.appender.buffer.byte-limit = 33554432 (custom)
2019-06-14 12:58:06,773 INFO  server.RaftServerConfigKeys (ConfUtils.java:logGet(43)) - raft.server.log.appender.buffer.element-limit = 1 (custom)
2019-06-14 12:58:06,773 INFO  grpc.GrpcConfigKeys$Server (ConfUtils.java:logGet(43)) - raft.grpc.server.leader.outstanding.appends.max = 128 (default)
2019-06-14 12:58:06,773 INFO  server.RaftServerConfigKeys (ConfUtils.java:logGet(43)) - raft.server.rpc.request.timeout = 3000ms (default)
2019-06-14 12:58:06,773 INFO  server.RaftServerConfigKeys (ConfUtils.java:logGet(43)) - raft.server.log.appender.install.snapshot.enabled = true (default)
2019-06-14 12:58:06,773 INFO  impl.RoleInfo (RoleInfo.java:updateAndGet(143)) - bebcae61-8d7b-4702-a75b-276acd53e539: start LeaderState
2019-06-14 12:58:06,773 INFO  storage.RaftLogWorker (RaftLogWorker.java:startLogSegment(298)) - bebcae61-8d7b-4702-a75b-276acd53e539-RaftLogWorker: Starting segment from index:0
2019-06-14 12:58:06,774 INFO  impl.RaftServerImpl (ServerState.java:setRaftConf(361)) - bebcae61-8d7b-4702-a75b-276acd53e539:group-4E31065205C9 set configuration 0: [bebcae61-8d7b-4702-a75b-276acd53e539:192.168.134.78:39855, a153dc25-438c-4576-bda0-442fdc93ce24:192.168.134.78:45433, 87ac541d-3451-459d-a83b-85a9420cbaf3:192.168.134.78:41489], old=null at 0
2019-06-14 12:58:06,793 INFO  impl.RaftServerImpl (ServerState.java:setLeader(263)) - 87ac541d-3451-459d-a83b-85a9420cbaf3:group-4E31065205C9 change Leader from null to bebcae61-8d7b-4702-a75b-276acd53e539 at term 1 for appendEntries, leader elected after 1073ms
2019-06-14 12:58:06,799 INFO  impl.RaftServerImpl (ServerState.java:setLeader(263)) - a153dc25-438c-4576-bda0-442fdc93ce24:group-4E31065205C9 change Leader from null to bebcae61-8d7b-4702-a75b-276acd53e539 at term 1 for appendEntries, leader elected after 1082ms
2019-06-14 12:58:06,802 INFO  impl.RaftServerImpl (ServerState.java:setRaftConf(361)) - 87ac541d-3451-459d-a83b-85a9420cbaf3:group-4E31065205C9 set configuration 0: [bebcae61-8d7b-4702-a75b-276acd53e539:192.168.134.78:39855, a153dc25-438c-4576-bda0-442fdc93ce24:192.168.134.78:45433, 87ac541d-3451-459d-a83b-85a9420cbaf3:192.168.134.78:41489], old=null at 0
2019-06-14 12:58:06,802 INFO  storage.RaftLogWorker (RaftLogWorker.java:startLogSegment(298)) - 87ac541d-3451-459d-a83b-85a9420cbaf3-RaftLogWorker: Starting segment from index:0
2019-06-14 12:58:06,805 INFO  impl.RaftServerImpl (ServerState.java:setRaftConf(361)) - a153dc25-438c-4576-bda0-442fdc93ce24:group-4E31065205C9 set configuration 0: [bebcae61-8d7b-4702-a75b-276acd53e539:192.168.134.78:39855, a153dc25-438c-4576-bda0-442fdc93ce24:192.168.134.78:45433, 87ac541d-3451-459d-a83b-85a9420cbaf3:192.168.134.78:41489], old=null at 0
2019-06-14 12:58:06,805 INFO  storage.RaftLogWorker (RaftLogWorker.java:startLogSegment(298)) - a153dc25-438c-4576-bda0-442fdc93ce24-RaftLogWorker: Starting segment from index:0
2019-06-14 12:58:06,823 INFO  storage.RaftLogWorker (RaftLogWorker.java:execute(469)) - bebcae61-8d7b-4702-a75b-276acd53e539-RaftLogWorker: created new log segment /opt/src/hadoop-ozone/integration-test/target/test-dir/MiniOzoneClusterImpl-0d288065-38f5-45f8-8bf6-3aeb34225532/datanode-2/data/ratis/da82380d-4525-4828-9d5a-4e31065205c9/current/log_inprogress_0
2019-06-14 12:58:06,843 INFO  storage.RaftLogWorker (RaftLogWorker.java:execute(469)) - a153dc25-438c-4576-bda0-442fdc93ce24-RaftLogWorker: created new log segment /opt/src/hadoop-ozone/integration-test/target/test-dir/MiniOzoneClusterImpl-0d288065-38f5-45f8-8bf6-3aeb34225532/datanode-1/data/ratis/da82380d-4525-4828-9d5a-4e31065205c9/current/log_inprogress_0
2019-06-14 12:58:06,843 INFO  storage.RaftLogWorker (RaftLogWorker.java:execute(469)) - 87ac541d-3451-459d-a83b-85a9420cbaf3-RaftLogWorker: created new log segment /opt/src/hadoop-ozone/integration-test/target/test-dir/MiniOzoneClusterImpl-0d288065-38f5-45f8-8bf6-3aeb34225532/datanode-0/data/ratis/da82380d-4525-4828-9d5a-4e31065205c9/current/log_inprogress_0
2019-06-14 12:58:07,037 INFO  impl.FollowerState (FollowerState.java:run(101)) - b0559c4f-76fa-4fe6-8caf-4e12aba375f6:group-B503B90BA82C changes to CANDIDATE, lastRpcTime:1156, electionTimeout:1156ms
2019-06-14 12:58:07,037 INFO  impl.RoleInfo (RoleInfo.java:shutdownFollowerState(121)) - b0559c4f-76fa-4fe6-8caf-4e12aba375f6: shutdown FollowerState
2019-06-14 12:58:07,037 INFO  impl.RaftServerImpl (RaftServerImpl.java:setRole(164)) - b0559c4f-76fa-4fe6-8caf-4e12aba375f6:group-B503B90BA82C changes role from FOLLOWER to CANDIDATE at term 0 for changeToCandidate
2019-06-14 12:58:07,038 INFO  impl.RoleInfo (RoleInfo.java:updateAndGet(143)) - b0559c4f-76fa-4fe6-8caf-4e12aba375f6: start LeaderElection
2019-06-14 12:58:07,048 INFO  impl.LeaderElection (LeaderElection.java:askForVotes(181)) - b0559c4f-76fa-4fe6-8caf-4e12aba375f6:group-B503B90BA82C:LeaderElection31: begin an election at term 1 for -1: [b0559c4f-76fa-4fe6-8caf-4e12aba375f6:192.168.134.78:33635], old=null
2019-06-14 12:58:07,048 INFO  impl.RoleInfo (RoleInfo.java:shutdownLeaderElection(134)) - b0559c4f-76fa-4fe6-8caf-4e12aba375f6: shutdown LeaderElection
2019-06-14 12:58:07,048 INFO  impl.RaftServerImpl (RaftServerImpl.java:setRole(164)) - b0559c4f-76fa-4fe6-8caf-4e12aba375f6:group-B503B90BA82C changes role from CANDIDATE to LEADER at term 1 for changeToLeader
2019-06-14 12:58:07,048 INFO  impl.RaftServerImpl (ServerState.java:setLeader(263)) - b0559c4f-76fa-4fe6-8caf-4e12aba375f6:group-B503B90BA82C change Leader from null to b0559c4f-76fa-4fe6-8caf-4e12aba375f6 at term 1 for becomeLeader, leader elected after 1168ms
2019-06-14 12:58:07,048 INFO  server.RaftServerConfigKeys (ConfUtils.java:logGet(43)) - raft.server.staging.catchup.gap = 1000 (default)
2019-06-14 12:58:07,048 INFO  server.RaftServerConfigKeys (ConfUtils.java:logGet(43)) - raft.server.rpc.sleep.time = 25ms (default)
2019-06-14 12:58:07,048 INFO  server.RaftServerConfigKeys (ConfUtils.java:logGet(43)) - raft.server.watch.timeout = 10s (default)
2019-06-14 12:58:07,048 INFO  server.RaftServerConfigKeys (ConfUtils.java:logGet(43)) - raft.server.watch.timeout.denomination = 1s (default)
2019-06-14 12:58:07,048 INFO  impl.RoleInfo (RoleInfo.java:updateAndGet(143)) - b0559c4f-76fa-4fe6-8caf-4e12aba375f6: start LeaderState
2019-06-14 12:58:07,049 INFO  storage.RaftLogWorker (RaftLogWorker.java:startLogSegment(298)) - b0559c4f-76fa-4fe6-8caf-4e12aba375f6-RaftLogWorker: Starting segment from index:0
2019-06-14 12:58:07,049 INFO  impl.RaftServerImpl (ServerState.java:setRaftConf(361)) - b0559c4f-76fa-4fe6-8caf-4e12aba375f6:group-B503B90BA82C set configuration 0: [b0559c4f-76fa-4fe6-8caf-4e12aba375f6:192.168.134.78:33635], old=null at 0
2019-06-14 12:58:07,084 INFO  storage.RaftLogWorker (RaftLogWorker.java:execute(469)) - b0559c4f-76fa-4fe6-8caf-4e12aba375f6-RaftLogWorker: created new log segment /opt/src/hadoop-ozone/integration-test/target/test-dir/MiniOzoneClusterImpl-0d288065-38f5-45f8-8bf6-3aeb34225532/datanode-3/data/ratis/96890904-f263-4bfd-9a80-b503b90ba82c/current/log_inprogress_0
2019-06-14 12:58:07,176 INFO  impl.FollowerState (FollowerState.java:run(101)) - dd497ec3-ef6d-4933-a57d-e97d8d6356da:group-2D63F471C1F2 changes to CANDIDATE, lastRpcTime:1145, electionTimeout:1142ms
2019-06-14 12:58:07,176 INFO  impl.RoleInfo (RoleInfo.java:shutdownFollowerState(121)) - dd497ec3-ef6d-4933-a57d-e97d8d6356da: shutdown FollowerState
2019-06-14 12:58:07,176 INFO  impl.RaftServerImpl (RaftServerImpl.java:setRole(164)) - dd497ec3-ef6d-4933-a57d-e97d8d6356da:group-2D63F471C1F2 changes role from FOLLOWER to CANDIDATE at term 0 for changeToCandidate
2019-06-14 12:58:07,176 INFO  impl.RoleInfo (RoleInfo.java:updateAndGet(143)) - dd497ec3-ef6d-4933-a57d-e97d8d6356da: start LeaderElection
2019-06-14 12:58:07,187 INFO  impl.LeaderElection (LeaderElection.java:askForVotes(181)) - dd497ec3-ef6d-4933-a57d-e97d8d6356da:group-2D63F471C1F2:LeaderElection32: begin an election at term 1 for -1: [dd497ec3-ef6d-4933-a57d-e97d8d6356da:192.168.134.78:37463], old=null
2019-06-14 12:58:07,187 INFO  impl.RoleInfo (RoleInfo.java:shutdownLeaderElection(134)) - dd497ec3-ef6d-4933-a57d-e97d8d6356da: shutdown LeaderElection
2019-06-14 12:58:07,187 INFO  impl.RaftServerImpl (RaftServerImpl.java:setRole(164)) - dd497ec3-ef6d-4933-a57d-e97d8d6356da:group-2D63F471C1F2 changes role from CANDIDATE to LEADER at term 1 for changeToLeader
2019-06-14 12:58:07,187 INFO  impl.RaftServerImpl (ServerState.java:setLeader(263)) - dd497ec3-ef6d-4933-a57d-e97d8d6356da:group-2D63F471C1F2 change Leader from null to dd497ec3-ef6d-4933-a57d-e97d8d6356da at term 1 for becomeLeader, leader elected after 1158ms
2019-06-14 12:58:07,187 INFO  server.RaftServerConfigKeys (ConfUtils.java:logGet(43)) - raft.server.staging.catchup.gap = 1000 (default)
2019-06-14 12:58:07,187 INFO  server.RaftServerConfigKeys (ConfUtils.java:logGet(43)) - raft.server.rpc.sleep.time = 25ms (default)
2019-06-14 12:58:07,187 INFO  server.RaftServerConfigKeys (ConfUtils.java:logGet(43)) - raft.server.watch.timeout = 10s (default)
2019-06-14 12:58:07,187 INFO  server.RaftServerConfigKeys (ConfUtils.java:logGet(43)) - raft.server.watch.timeout.denomination = 1s (default)
2019-06-14 12:58:07,188 INFO  impl.RoleInfo (RoleInfo.java:updateAndGet(143)) - dd497ec3-ef6d-4933-a57d-e97d8d6356da: start LeaderState
2019-06-14 12:58:07,188 INFO  storage.RaftLogWorker (RaftLogWorker.java:startLogSegment(298)) - dd497ec3-ef6d-4933-a57d-e97d8d6356da-RaftLogWorker: Starting segment from index:0
2019-06-14 12:58:07,188 INFO  impl.RaftServerImpl (ServerState.java:setRaftConf(361)) - dd497ec3-ef6d-4933-a57d-e97d8d6356da:group-2D63F471C1F2 set configuration 0: [dd497ec3-ef6d-4933-a57d-e97d8d6356da:192.168.134.78:37463], old=null at 0
2019-06-14 12:58:07,222 INFO  storage.RaftLogWorker (RaftLogWorker.java:execute(469)) - dd497ec3-ef6d-4933-a57d-e97d8d6356da-RaftLogWorker: created new log segment /opt/src/hadoop-ozone/integration-test/target/test-dir/MiniOzoneClusterImpl-0d288065-38f5-45f8-8bf6-3aeb34225532/datanode-4/data/ratis/557430f3-b28f-4bf8-a77f-2d63f471c1f2/current/log_inprogress_0
2019-06-14 12:58:07,280 INFO  impl.FollowerState (FollowerState.java:run(101)) - 4285ecc9-9b9a-4b47-88f6-ccd74466776c:group-F758EE83A071 changes to CANDIDATE, lastRpcTime:1011, electionTimeout:1011ms
2019-06-14 12:58:07,280 INFO  impl.RoleInfo (RoleInfo.java:shutdownFollowerState(121)) - 4285ecc9-9b9a-4b47-88f6-ccd74466776c: shutdown FollowerState
2019-06-14 12:58:07,280 INFO  impl.RaftServerImpl (RaftServerImpl.java:setRole(164)) - 4285ecc9-9b9a-4b47-88f6-ccd74466776c:group-F758EE83A071 changes role from FOLLOWER to CANDIDATE at term 0 for changeToCandidate
2019-06-14 12:58:07,280 INFO  impl.RoleInfo (RoleInfo.java:updateAndGet(143)) - 4285ecc9-9b9a-4b47-88f6-ccd74466776c: start LeaderElection
2019-06-14 12:58:07,290 INFO  impl.LeaderElection (LeaderElection.java:askForVotes(181)) - 4285ecc9-9b9a-4b47-88f6-ccd74466776c:group-F758EE83A071:LeaderElection33: begin an election at term 1 for -1: [dd497ec3-ef6d-4933-a57d-e97d8d6356da:192.168.134.78:37463, b0559c4f-76fa-4fe6-8caf-4e12aba375f6:192.168.134.78:33635, 4285ecc9-9b9a-4b47-88f6-ccd74466776c:192.168.134.78:45275], old=null
2019-06-14 12:58:07,298 INFO  impl.RaftServerImpl (RaftServerImpl.java:setRole(164)) - b0559c4f-76fa-4fe6-8caf-4e12aba375f6:group-F758EE83A071 changes role from FOLLOWER to FOLLOWER at term 1 for recognizeCandidate:4285ecc9-9b9a-4b47-88f6-ccd74466776c
2019-06-14 12:58:07,300 INFO  impl.RoleInfo (RoleInfo.java:shutdownFollowerState(121)) - b0559c4f-76fa-4fe6-8caf-4e12aba375f6: shutdown FollowerState
2019-06-14 12:58:07,300 INFO  impl.RaftServerImpl (RaftServerImpl.java:setRole(164)) - dd497ec3-ef6d-4933-a57d-e97d8d6356da:group-F758EE83A071 changes role from FOLLOWER to FOLLOWER at term 1 for recognizeCandidate:4285ecc9-9b9a-4b47-88f6-ccd74466776c
2019-06-14 12:58:07,300 INFO  impl.RoleInfo (RoleInfo.java:updateAndGet(143)) - b0559c4f-76fa-4fe6-8caf-4e12aba375f6: start FollowerState
2019-06-14 12:58:07,300 INFO  impl.FollowerState (FollowerState.java:run(109)) - b0559c4f-76fa-4fe6-8caf-4e12aba375f6: FollowerState was interrupted: java.lang.InterruptedException: sleep interrupted
2019-06-14 12:58:07,300 INFO  impl.RoleInfo (RoleInfo.java:shutdownFollowerState(121)) - dd497ec3-ef6d-4933-a57d-e97d8d6356da: shutdown FollowerState
2019-06-14 12:58:07,300 INFO  impl.FollowerState (FollowerState.java:run(109)) - dd497ec3-ef6d-4933-a57d-e97d8d6356da: FollowerState was interrupted: java.lang.InterruptedException: sleep interrupted
2019-06-14 12:58:07,300 INFO  impl.RoleInfo (RoleInfo.java:updateAndGet(143)) - dd497ec3-ef6d-4933-a57d-e97d8d6356da: start FollowerState
2019-06-14 12:58:07,313 INFO  impl.LeaderElection (LeaderElection.java:logAndReturn(56)) - 4285ecc9-9b9a-4b47-88f6-ccd74466776c:group-F758EE83A071:LeaderElection33: Election PASSED; received 1 response(s) [4285ecc9-9b9a-4b47-88f6-ccd74466776c->b0559c4f-76fa-4fe6-8caf-4e12aba375f6,true-t1] and 0 exception(s); 4285ecc9-9b9a-4b47-88f6-ccd74466776c:t1, leader=null, voted=4285ecc9-9b9a-4b47-88f6-ccd74466776c, raftlog=4285ecc9-9b9a-4b47-88f6-ccd74466776c-SegmentedRaftLog:OPENED:c-1,f-1,i0, conf=-1: [dd497ec3-ef6d-4933-a57d-e97d8d6356da:192.168.134.78:37463, b0559c4f-76fa-4fe6-8caf-4e12aba375f6:192.168.134.78:33635, 4285ecc9-9b9a-4b47-88f6-ccd74466776c:192.168.134.78:45275], old=null
2019-06-14 12:58:07,313 INFO  impl.RoleInfo (RoleInfo.java:shutdownLeaderElection(134)) - 4285ecc9-9b9a-4b47-88f6-ccd74466776c: shutdown LeaderElection
2019-06-14 12:58:07,314 INFO  impl.RaftServerImpl (RaftServerImpl.java:setRole(164)) - 4285ecc9-9b9a-4b47-88f6-ccd74466776c:group-F758EE83A071 changes role from CANDIDATE to LEADER at term 1 for changeToLeader
2019-06-14 12:58:07,314 INFO  impl.RaftServerImpl (ServerState.java:setLeader(263)) - 4285ecc9-9b9a-4b47-88f6-ccd74466776c:group-F758EE83A071 change Leader from null to 4285ecc9-9b9a-4b47-88f6-ccd74466776c at term 1 for becomeLeader, leader elected after 1052ms
2019-06-14 12:58:07,314 INFO  server.RaftServerConfigKeys (ConfUtils.java:logGet(43)) - raft.server.staging.catchup.gap = 1000 (default)
2019-06-14 12:58:07,314 INFO  server.RaftServerConfigKeys (ConfUtils.java:logGet(43)) - raft.server.rpc.sleep.time = 25ms (default)
2019-06-14 12:58:07,314 INFO  server.RaftServerConfigKeys (ConfUtils.java:logGet(43)) - raft.server.watch.timeout = 10s (default)
2019-06-14 12:58:07,314 INFO  server.RaftServerConfigKeys (ConfUtils.java:logGet(43)) - raft.server.watch.timeout.denomination = 1s (default)
2019-06-14 12:58:07,314 INFO  server.RaftServerConfigKeys (ConfUtils.java:logGet(43)) - raft.server.log.appender.snapshot.chunk.size.max = 16MB (=16777216) (default)
2019-06-14 12:58:07,314 INFO  server.RaftServerConfigKeys (ConfUtils.java:logGet(43)) - raft.server.log.appender.buffer.byte-limit = 33554432 (custom)
2019-06-14 12:58:07,314 INFO  server.RaftServerConfigKeys (ConfUtils.java:logGet(43)) - raft.server.log.appender.buffer.element-limit = 1 (custom)
2019-06-14 12:58:07,314 INFO  grpc.GrpcConfigKeys$Server (ConfUtils.java:logGet(43)) - raft.grpc.server.leader.outstanding.appends.max = 128 (default)
2019-06-14 12:58:07,314 INFO  server.RaftServerConfigKeys (ConfUtils.java:logGet(43)) - raft.server.rpc.request.timeout = 3000ms (default)
2019-06-14 12:58:07,314 INFO  server.RaftServerConfigKeys (ConfUtils.java:logGet(43)) - raft.server.log.appender.install.snapshot.enabled = true (default)
2019-06-14 12:58:07,315 INFO  server.RaftServerConfigKeys (ConfUtils.java:logGet(43)) - raft.server.log.appender.snapshot.chunk.size.max = 16MB (=16777216) (default)
2019-06-14 12:58:07,315 INFO  server.RaftServerConfigKeys (ConfUtils.java:logGet(43)) - raft.server.log.appender.buffer.byte-limit = 33554432 (custom)
2019-06-14 12:58:07,315 INFO  server.RaftServerConfigKeys (ConfUtils.java:logGet(43)) - raft.server.log.appender.buffer.element-limit = 1 (custom)
2019-06-14 12:58:07,315 INFO  grpc.GrpcConfigKeys$Server (ConfUtils.java:logGet(43)) - raft.grpc.server.leader.outstanding.appends.max = 128 (default)
2019-06-14 12:58:07,315 INFO  server.RaftServerConfigKeys (ConfUtils.java:logGet(43)) - raft.server.rpc.request.timeout = 3000ms (default)
2019-06-14 12:58:07,315 INFO  server.RaftServerConfigKeys (ConfUtils.java:logGet(43)) - raft.server.log.appender.install.snapshot.enabled = true (default)
2019-06-14 12:58:07,315 INFO  impl.RoleInfo (RoleInfo.java:updateAndGet(143)) - 4285ecc9-9b9a-4b47-88f6-ccd74466776c: start LeaderState
2019-06-14 12:58:07,315 INFO  storage.RaftLogWorker (RaftLogWorker.java:startLogSegment(298)) - 4285ecc9-9b9a-4b47-88f6-ccd74466776c-RaftLogWorker: Starting segment from index:0
2019-06-14 12:58:07,318 INFO  impl.RaftServerImpl (ServerState.java:setRaftConf(361)) - 4285ecc9-9b9a-4b47-88f6-ccd74466776c:group-F758EE83A071 set configuration 0: [dd497ec3-ef6d-4933-a57d-e97d8d6356da:192.168.134.78:37463, b0559c4f-76fa-4fe6-8caf-4e12aba375f6:192.168.134.78:33635, 4285ecc9-9b9a-4b47-88f6-ccd74466776c:192.168.134.78:45275], old=null at 0
2019-06-14 12:58:07,354 INFO  impl.RaftServerImpl (ServerState.java:setLeader(263)) - b0559c4f-76fa-4fe6-8caf-4e12aba375f6:group-F758EE83A071 change Leader from null to 4285ecc9-9b9a-4b47-88f6-ccd74466776c at term 1 for appendEntries, leader elected after 1096ms
2019-06-14 12:58:07,360 INFO  impl.RaftServerImpl (ServerState.java:setLeader(263)) - dd497ec3-ef6d-4933-a57d-e97d8d6356da:group-F758EE83A071 change Leader from null to 4285ecc9-9b9a-4b47-88f6-ccd74466776c at term 1 for appendEntries, leader elected after 1102ms
2019-06-14 12:58:07,362 INFO  impl.RaftServerImpl (ServerState.java:setRaftConf(361)) - b0559c4f-76fa-4fe6-8caf-4e12aba375f6:group-F758EE83A071 set configuration 0: [dd497ec3-ef6d-4933-a57d-e97d8d6356da:192.168.134.78:37463, b0559c4f-76fa-4fe6-8caf-4e12aba375f6:192.168.134.78:33635, 4285ecc9-9b9a-4b47-88f6-ccd74466776c:192.168.134.78:45275], old=null at 0
2019-06-14 12:58:07,362 INFO  storage.RaftLogWorker (RaftLogWorker.java:startLogSegment(298)) - b0559c4f-76fa-4fe6-8caf-4e12aba375f6-RaftLogWorker: Starting segment from index:0
2019-06-14 12:58:07,362 INFO  impl.RaftServerImpl (ServerState.java:setRaftConf(361)) - dd497ec3-ef6d-4933-a57d-e97d8d6356da:group-F758EE83A071 set configuration 0: [dd497ec3-ef6d-4933-a57d-e97d8d6356da:192.168.134.78:37463, b0559c4f-76fa-4fe6-8caf-4e12aba375f6:192.168.134.78:33635, 4285ecc9-9b9a-4b47-88f6-ccd74466776c:192.168.134.78:45275], old=null at 0
2019-06-14 12:58:07,362 INFO  storage.RaftLogWorker (RaftLogWorker.java:startLogSegment(298)) - dd497ec3-ef6d-4933-a57d-e97d8d6356da-RaftLogWorker: Starting segment from index:0
2019-06-14 12:58:07,363 INFO  impl.FollowerState (FollowerState.java:run(101)) - 4285ecc9-9b9a-4b47-88f6-ccd74466776c:group-A5A881678B6F changes to CANDIDATE, lastRpcTime:1126, electionTimeout:1126ms
2019-06-14 12:58:07,363 INFO  impl.RoleInfo (RoleInfo.java:shutdownFollowerState(121)) - 4285ecc9-9b9a-4b47-88f6-ccd74466776c: shutdown FollowerState
2019-06-14 12:58:07,363 INFO  impl.RaftServerImpl (RaftServerImpl.java:setRole(164)) - 4285ecc9-9b9a-4b47-88f6-ccd74466776c:group-A5A881678B6F changes role from FOLLOWER to CANDIDATE at term 0 for changeToCandidate
2019-06-14 12:58:07,363 INFO  impl.RoleInfo (RoleInfo.java:updateAndGet(143)) - 4285ecc9-9b9a-4b47-88f6-ccd74466776c: start LeaderElection
2019-06-14 12:58:07,364 INFO  storage.RaftLogWorker (RaftLogWorker.java:execute(469)) - 4285ecc9-9b9a-4b47-88f6-ccd74466776c-RaftLogWorker: created new log segment /opt/src/hadoop-ozone/integration-test/target/test-dir/MiniOzoneClusterImpl-0d288065-38f5-45f8-8bf6-3aeb34225532/datanode-5/data/ratis/eb49f2d2-1eb8-4516-aa8c-f758ee83a071/current/log_inprogress_0
2019-06-14 12:58:07,392 INFO  ozone.MiniOzoneClusterImpl (MiniOzoneClusterImpl.java:lambda$waitForClusterToBeReady$0(142)) - Cluster is ready. Got 7 of 7 DN Heartbeats.
2019-06-14 12:58:07,416 INFO  impl.LeaderElection (LeaderElection.java:askForVotes(181)) - 4285ecc9-9b9a-4b47-88f6-ccd74466776c:group-A5A881678B6F:LeaderElection34: begin an election at term 1 for -1: [4285ecc9-9b9a-4b47-88f6-ccd74466776c:192.168.134.78:45275], old=null
2019-06-14 12:58:07,416 INFO  impl.RoleInfo (RoleInfo.java:shutdownLeaderElection(134)) - 4285ecc9-9b9a-4b47-88f6-ccd74466776c: shutdown LeaderElection
2019-06-14 12:58:07,416 INFO  impl.RaftServerImpl (RaftServerImpl.java:setRole(164)) - 4285ecc9-9b9a-4b47-88f6-ccd74466776c:group-A5A881678B6F changes role from CANDIDATE to LEADER at term 1 for changeToLeader
2019-06-14 12:58:07,416 INFO  impl.RaftServerImpl (ServerState.java:setLeader(263)) - 4285ecc9-9b9a-4b47-88f6-ccd74466776c:group-A5A881678B6F change Leader from null to 4285ecc9-9b9a-4b47-88f6-ccd74466776c at term 1 for becomeLeader, leader elected after 1181ms
2019-06-14 12:58:07,416 INFO  server.RaftServerConfigKeys (ConfUtils.java:logGet(43)) - raft.server.staging.catchup.gap = 1000 (default)
2019-06-14 12:58:07,416 INFO  server.RaftServerConfigKeys (ConfUtils.java:logGet(43)) - raft.server.rpc.sleep.time = 25ms (default)
2019-06-14 12:58:07,416 INFO  server.RaftServerConfigKeys (ConfUtils.java:logGet(43)) - raft.server.watch.timeout = 10s (default)
2019-06-14 12:58:07,416 INFO  server.RaftServerConfigKeys (ConfUtils.java:logGet(43)) - raft.server.watch.timeout.denomination = 1s (default)
2019-06-14 12:58:07,417 INFO  impl.RoleInfo (RoleInfo.java:updateAndGet(143)) - 4285ecc9-9b9a-4b47-88f6-ccd74466776c: start LeaderState
2019-06-14 12:58:07,417 INFO  storage.RaftLogWorker (RaftLogWorker.java:startLogSegment(298)) - 4285ecc9-9b9a-4b47-88f6-ccd74466776c-RaftLogWorker: Starting segment from index:0
2019-06-14 12:58:07,417 INFO  storage.RaftLogWorker (RaftLogWorker.java:execute(469)) - b0559c4f-76fa-4fe6-8caf-4e12aba375f6-RaftLogWorker: created new log segment /opt/src/hadoop-ozone/integration-test/target/test-dir/MiniOzoneClusterImpl-0d288065-38f5-45f8-8bf6-3aeb34225532/datanode-3/data/ratis/eb49f2d2-1eb8-4516-aa8c-f758ee83a071/current/log_inprogress_0
2019-06-14 12:58:07,440 INFO  impl.FollowerState (FollowerState.java:run(101)) - 79c723e1-092d-45c6-a600-c1185edf53d9:group-78A82AF6DD29 changes to CANDIDATE, lastRpcTime:1045, electionTimeout:1043ms
2019-06-14 12:58:07,440 INFO  impl.RoleInfo (RoleInfo.java:shutdownFollowerState(121)) - 79c723e1-092d-45c6-a600-c1185edf53d9: shutdown FollowerState
2019-06-14 12:58:07,440 INFO  impl.RaftServerImpl (RaftServerImpl.java:setRole(164)) - 79c723e1-092d-45c6-a600-c1185edf53d9:group-78A82AF6DD29 changes role from FOLLOWER to CANDIDATE at term 0 for changeToCandidate
2019-06-14 12:58:07,440 INFO  impl.RoleInfo (RoleInfo.java:updateAndGet(143)) - 79c723e1-092d-45c6-a600-c1185edf53d9: start LeaderElection
2019-06-14 12:58:07,468 INFO  storage.RaftLogWorker (RaftLogWorker.java:execute(469)) - dd497ec3-ef6d-4933-a57d-e97d8d6356da-RaftLogWorker: created new log segment /opt/src/hadoop-ozone/integration-test/target/test-dir/MiniOzoneClusterImpl-0d288065-38f5-45f8-8bf6-3aeb34225532/datanode-4/data/ratis/eb49f2d2-1eb8-4516-aa8c-f758ee83a071/current/log_inprogress_0
2019-06-14 12:58:07,469 INFO  impl.RaftServerImpl (ServerState.java:setRaftConf(361)) - 4285ecc9-9b9a-4b47-88f6-ccd74466776c:group-A5A881678B6F set configuration 0: [4285ecc9-9b9a-4b47-88f6-ccd74466776c:192.168.134.78:45275], old=null at 0
2019-06-14 12:58:07,474 INFO  storage.RaftLogWorker (RaftLogWorker.java:execute(469)) - 4285ecc9-9b9a-4b47-88f6-ccd74466776c-RaftLogWorker: created new log segment /opt/src/hadoop-ozone/integration-test/target/test-dir/MiniOzoneClusterImpl-0d288065-38f5-45f8-8bf6-3aeb34225532/datanode-5/data/ratis/ad5d1f05-4e64-4fb6-9b3d-a5a881678b6f/current/log_inprogress_0
2019-06-14 12:58:07,474 INFO  impl.LeaderElection (LeaderElection.java:askForVotes(181)) - 79c723e1-092d-45c6-a600-c1185edf53d9:group-78A82AF6DD29:LeaderElection35: begin an election at term 1 for -1: [79c723e1-092d-45c6-a600-c1185edf53d9:192.168.134.78:43505], old=null
2019-06-14 12:58:07,474 INFO  impl.RoleInfo (RoleInfo.java:shutdownLeaderElection(134)) - 79c723e1-092d-45c6-a600-c1185edf53d9: shutdown LeaderElection
2019-06-14 12:58:07,474 INFO  impl.RaftServerImpl (RaftServerImpl.java:setRole(164)) - 79c723e1-092d-45c6-a600-c1185edf53d9:group-78A82AF6DD29 changes role from CANDIDATE to LEADER at term 1 for changeToLeader
2019-06-14 12:58:07,474 INFO  impl.RaftServerImpl (ServerState.java:setLeader(263)) - 79c723e1-092d-45c6-a600-c1185edf53d9:group-78A82AF6DD29 change Leader from null to 79c723e1-092d-45c6-a600-c1185edf53d9 at term 1 for becomeLeader, leader elected after 1081ms
2019-06-14 12:58:07,475 INFO  server.RaftServerConfigKeys (ConfUtils.java:logGet(43)) - raft.server.staging.catchup.gap = 1000 (default)
2019-06-14 12:58:07,475 INFO  server.RaftServerConfigKeys (ConfUtils.java:logGet(43)) - raft.server.rpc.sleep.time = 25ms (default)
2019-06-14 12:58:07,475 INFO  server.RaftServerConfigKeys (ConfUtils.java:logGet(43)) - raft.server.watch.timeout = 10s (default)
2019-06-14 12:58:07,475 INFO  server.RaftServerConfigKeys (ConfUtils.java:logGet(43)) - raft.server.watch.timeout.denomination = 1s (default)
2019-06-14 12:58:07,476 INFO  impl.RoleInfo (RoleInfo.java:updateAndGet(143)) - 79c723e1-092d-45c6-a600-c1185edf53d9: start LeaderState
2019-06-14 12:58:07,476 INFO  storage.RaftLogWorker (RaftLogWorker.java:startLogSegment(298)) - 79c723e1-092d-45c6-a600-c1185edf53d9-RaftLogWorker: Starting segment from index:0
2019-06-14 12:58:07,478 INFO  impl.RaftServerImpl (ServerState.java:setRaftConf(361)) - 79c723e1-092d-45c6-a600-c1185edf53d9:group-78A82AF6DD29 set configuration 0: [79c723e1-092d-45c6-a600-c1185edf53d9:192.168.134.78:43505], old=null at 0
2019-06-14 12:58:07,484 INFO  rpc.RpcClient (RpcClient.java:createVolume(289)) - Creating Volume: watchforcommithandlingtest, with root as owner.
2019-06-14 12:58:07,525 INFO  storage.RaftLogWorker (RaftLogWorker.java:execute(469)) - 79c723e1-092d-45c6-a600-c1185edf53d9-RaftLogWorker: created new log segment /opt/src/hadoop-ozone/integration-test/target/test-dir/MiniOzoneClusterImpl-0d288065-38f5-45f8-8bf6-3aeb34225532/datanode-6/data/ratis/1e4b4387-f3e9-4c7c-978b-78a82af6dd29/current/log_inprogress_0
2019-06-14 12:58:07,536 INFO  rpc.RpcClient (RpcClient.java:createBucket(426)) - Creating Bucket: watchforcommithandlingtest/watchforcommithandlingtest, with Versioning false and Storage Type set to DISK and Encryption set to false 
2019-06-14 12:58:07,539 INFO  ozone.MiniOzoneClusterImpl (MiniOzoneClusterImpl.java:getStorageContainerLocationClient(241)) - Creating StorageContainerLocationProtocol RPC client with address /0.0.0.0:34609
2019-06-14 12:58:07,555 INFO  client.GrpcClientProtocolClient (GrpcClientProtocolClient.java:onNext(254)) - client-B2B4A9B7714E->87ac541d-3451-459d-a83b-85a9420cbaf3: receive RaftClientReply:client-B2B4A9B7714E->87ac541d-3451-459d-a83b-85a9420cbaf3@group-4E31065205C9, cid=54, FAILED org.apache.ratis.protocol.NotLeaderException: Server 87ac541d-3451-459d-a83b-85a9420cbaf3 is not the leader (bebcae61-8d7b-4702-a75b-276acd53e539:192.168.134.78:39855). Request must be sent to leader., logIndex=0, commits[87ac541d-3451-459d-a83b-85a9420cbaf3:c0, bebcae61-8d7b-4702-a75b-276acd53e539:c0, a153dc25-438c-4576-bda0-442fdc93ce24:c-1]
2019-06-14 12:58:07,562 WARN  client.GrpcClientProtocolService (LogUtils.java:warn(134)) - 0-OrderedRequestStreamObserver0: onError: org.apache.ratis.thirdparty.io.grpc.StatusRuntimeException: CANCELLED: cancelled before receiving half close
2019-06-14 12:58:08,605 INFO  client.GrpcClientProtocolClient (GrpcClientProtocolClient.java:onNext(254)) - client-B2B4A9B7714E->bebcae61-8d7b-4702-a75b-276acd53e539: receive RaftClientReply:client-B2B4A9B7714E->bebcae61-8d7b-4702-a75b-276acd53e539@group-4E31065205C9, cid=54, SUCCESS, logIndex=1, commits[bebcae61-8d7b-4702-a75b-276acd53e539:c2, a153dc25-438c-4576-bda0-442fdc93ce24:c1, 87ac541d-3451-459d-a83b-85a9420cbaf3:c1]
2019-06-14 12:58:08,608 INFO  datanode.ObjectStoreHandler (ObjectStoreHandler.java:close(155)) - Closing ObjectStoreHandler.
2019-06-14 12:58:08,609 INFO  ozone.HddsDatanodeService (HddsDatanodeService.java:stop(452)) - Stopped plug-in org.apache.hadoop.ozone.web.OzoneHddsDatanodeService@53d808ea
2019-06-14 12:58:08,609 INFO  statemachine.DatanodeStateMachine (DatanodeStateMachine.java:lambda$startDaemon$0(350)) - Ozone container server started.
2019-06-14 12:58:08,609 INFO  ozoneimpl.OzoneContainer (OzoneContainer.java:stop(199)) - Attempting to stop container services.
2019-06-14 12:58:08,609 INFO  impl.RaftServerProxy (RaftServerProxy.java:lambda$close$4(314)) - 87ac541d-3451-459d-a83b-85a9420cbaf3: close
2019-06-14 12:58:08,610 INFO  impl.RaftServerImpl (RaftServerImpl.java:lambda$shutdown$3(238)) - 87ac541d-3451-459d-a83b-85a9420cbaf3: shutdown group-4E31065205C9
2019-06-14 12:58:08,610 INFO  util.JmxRegister (JmxRegister.java:unregister(73)) - Successfully un-registered JMX Bean with object name Ratis:service=RaftServer,group=group-4E31065205C9,id=87ac541d-3451-459d-a83b-85a9420cbaf3
2019-06-14 12:58:08,610 INFO  impl.RoleInfo (RoleInfo.java:shutdownFollowerState(121)) - 87ac541d-3451-459d-a83b-85a9420cbaf3: shutdown FollowerState
2019-06-14 12:58:08,610 INFO  impl.StateMachineUpdater (StateMachineUpdater.java:stopAndJoin(109)) - StateMachineUpdater-87ac541d-3451-459d-a83b-85a9420cbaf3-group-4E31065205C9: set stopIndex = 1
2019-06-14 12:58:08,610 INFO  impl.FollowerState (FollowerState.java:run(109)) - 87ac541d-3451-459d-a83b-85a9420cbaf3: FollowerState was interrupted: java.lang.InterruptedException: sleep interrupted
2019-06-14 12:58:08,611 INFO  ratis.ContainerStateMachine (ContainerStateMachine.java:takeSnapshot(245)) - Taking snapshot at termIndex:(t:1, i:1)
2019-06-14 12:58:08,611 INFO  ratis.ContainerStateMachine (ContainerStateMachine.java:takeSnapshot(249)) - Taking a snapshot to file /opt/src/hadoop-ozone/integration-test/target/test-dir/MiniOzoneClusterImpl-0d288065-38f5-45f8-8bf6-3aeb34225532/datanode-0/data/ratis/da82380d-4525-4828-9d5a-4e31065205c9/sm/snapshot.1_1
2019-06-14 12:58:08,611 INFO  impl.RaftServerImpl (ServerState.java:close(394)) - 87ac541d-3451-459d-a83b-85a9420cbaf3:group-4E31065205C9 closes. The last applied log index is 1
2019-06-14 12:58:08,611 INFO  storage.RaftLogWorker (RaftLogWorker.java:run(236)) - 87ac541d-3451-459d-a83b-85a9420cbaf3-RaftLogWorker was interrupted, exiting. There are 0 tasks remaining in the queue.
2019-06-14 12:58:08,616 INFO  storage.RaftLogWorker (RaftLogWorker.java:close(168)) - 87ac541d-3451-459d-a83b-85a9420cbaf3-RaftLogWorker close()
2019-06-14 12:58:08,620 INFO  impl.RaftServerImpl (RaftServerImpl.java:lambda$shutdown$3(238)) - 87ac541d-3451-459d-a83b-85a9420cbaf3: shutdown group-392F4FD511DC
2019-06-14 12:58:08,620 INFO  util.JmxRegister (JmxRegister.java:unregister(73)) - Successfully un-registered JMX Bean with object name Ratis:service=RaftServer,group=group-392F4FD511DC,id=87ac541d-3451-459d-a83b-85a9420cbaf3
2019-06-14 12:58:08,620 INFO  impl.RoleInfo (RoleInfo.java:shutdownLeaderState(104)) - 87ac541d-3451-459d-a83b-85a9420cbaf3: shutdown LeaderState
2019-06-14 12:58:08,620 INFO  impl.PendingRequests (PendingRequests.java:sendNotLeaderResponses(140)) - 87ac541d-3451-459d-a83b-85a9420cbaf3-PendingRequests: sendNotLeaderResponses
2019-06-14 12:58:08,624 INFO  impl.StateMachineUpdater (StateMachineUpdater.java:stopAndJoin(109)) - StateMachineUpdater-87ac541d-3451-459d-a83b-85a9420cbaf3-group-392F4FD511DC: set stopIndex = 0
2019-06-14 12:58:08,624 INFO  ratis.ContainerStateMachine (ContainerStateMachine.java:takeSnapshot(245)) - Taking snapshot at termIndex:(t:0, i:~)
2019-06-14 12:58:08,624 INFO  impl.RaftServerImpl (ServerState.java:close(394)) - 87ac541d-3451-459d-a83b-85a9420cbaf3:group-392F4FD511DC closes. The last applied log index is 0
2019-06-14 12:58:08,625 INFO  storage.RaftLogWorker (RaftLogWorker.java:run(236)) - 87ac541d-3451-459d-a83b-85a9420cbaf3-RaftLogWorker was interrupted, exiting. There are 0 tasks remaining in the queue.
2019-06-14 12:58:08,628 INFO  storage.RaftLogWorker (RaftLogWorker.java:close(168)) - 87ac541d-3451-459d-a83b-85a9420cbaf3-RaftLogWorker close()
2019-06-14 12:58:08,632 INFO  server.GrpcService (GrpcService.java:closeImpl(154)) - 87ac541d-3451-459d-a83b-85a9420cbaf3: shutdown server with port 41489 now
2019-06-14 12:58:08,633 WARN  server.GrpcServerProtocolService (LogUtils.java:warn(134)) - 87ac541d-3451-459d-a83b-85a9420cbaf3: appendEntries onError: org.apache.ratis.thirdparty.io.grpc.StatusRuntimeException: CANCELLED: cancelled before receiving half close
2019-06-14 12:58:08,633 WARN  server.GrpcLogAppender (LogUtils.java:warn(134)) - bebcae61-8d7b-4702-a75b-276acd53e539: Failed appendEntries to 87ac541d-3451-459d-a83b-85a9420cbaf3:192.168.134.78:41489: org.apache.ratis.thirdparty.io.grpc.StatusRuntimeException: CANCELLED: HTTP/2 error code: CANCEL
Received Rst Stream
2019-06-14 12:58:08,633 INFO  server.GrpcService (GrpcService.java:closeImpl(162)) - 87ac541d-3451-459d-a83b-85a9420cbaf3: shutdown server with port 41489 successfully
2019-06-14 12:58:08,635 INFO  impl.FollowerInfo (FollowerInfo.java:lambda$new$0(50)) - bebcae61-8d7b-4702-a75b-276acd53e539->87ac541d-3451-459d-a83b-85a9420cbaf3: nextIndex: updateUnconditionally 3 -> 0
2019-06-14 12:58:08,636 WARN  fs.CachingGetSpaceUsed (CachingGetSpaceUsed.java:run(183)) - Thread Interrupted waiting to refresh disk information: sleep interrupted
2019-06-14 12:58:08,650 INFO  statemachine.DatanodeStateMachine (DatanodeStateMachine.java:stopDaemon(395)) - Ozone container server stopped.
2019-06-14 12:58:08,651 INFO  handler.ContextHandler (ContextHandler.java:doStop(910)) - Stopped o.e.j.w.WebAppContext@5ae87de0{/,null,UNAVAILABLE}{/hddsDatanode}
2019-06-14 12:58:08,651 INFO  server.AbstractConnector (AbstractConnector.java:doStop(318)) - Stopped ServerConnector@1f85904a{HTTP/1.1,[http/1.1]}{0.0.0.0:0}
2019-06-14 12:58:08,651 INFO  handler.ContextHandler (ContextHandler.java:doStop(910)) - Stopped o.e.j.s.ServletContextHandler@56b704ea{/static,jar:file:/root/.m2/repository/org/apache/hadoop/hadoop-hdds-container-service/0.5.0-SNAPSHOT/hadoop-hdds-container-service-0.5.0-SNAPSHOT.jar!/webapps/static,UNAVAILABLE}
2019-06-14 12:58:08,652 INFO  handler.ContextHandler (ContextHandler.java:doStop(910)) - Stopped o.e.j.s.ServletContextHandler@103478b8{/logs,file:///opt/src/hadoop-ozone/integration-test/target/log,UNAVAILABLE}
2019-06-14 12:58:08,652 INFO  datanode.ObjectStoreHandler (ObjectStoreHandler.java:close(155)) - Closing ObjectStoreHandler.
2019-06-14 12:58:08,653 INFO  ozone.HddsDatanodeService (HddsDatanodeService.java:stop(452)) - Stopped plug-in org.apache.hadoop.ozone.web.OzoneHddsDatanodeService@146db8a6
2019-06-14 12:58:08,653 INFO  statemachine.DatanodeStateMachine (DatanodeStateMachine.java:lambda$startDaemon$0(350)) - Ozone container server started.
2019-06-14 12:58:08,653 INFO  ozoneimpl.OzoneContainer (OzoneContainer.java:stop(199)) - Attempting to stop container services.
2019-06-14 12:58:08,653 INFO  impl.RaftServerProxy (RaftServerProxy.java:lambda$close$4(314)) - a153dc25-438c-4576-bda0-442fdc93ce24: close
2019-06-14 12:58:08,653 INFO  impl.RaftServerImpl (RaftServerImpl.java:lambda$shutdown$3(238)) - a153dc25-438c-4576-bda0-442fdc93ce24: shutdown group-FAFF764965E1
2019-06-14 12:58:08,654 INFO  util.JmxRegister (JmxRegister.java:unregister(73)) - Successfully un-registered JMX Bean with object name Ratis:service=RaftServer,group=group-FAFF764965E1,id=a153dc25-438c-4576-bda0-442fdc93ce24
2019-06-14 12:58:08,654 INFO  impl.RoleInfo (RoleInfo.java:shutdownLeaderState(104)) - a153dc25-438c-4576-bda0-442fdc93ce24: shutdown LeaderState
2019-06-14 12:58:08,654 INFO  impl.PendingRequests (PendingRequests.java:sendNotLeaderResponses(140)) - a153dc25-438c-4576-bda0-442fdc93ce24-PendingRequests: sendNotLeaderResponses
2019-06-14 12:58:08,654 INFO  impl.StateMachineUpdater (StateMachineUpdater.java:stopAndJoin(109)) - StateMachineUpdater-a153dc25-438c-4576-bda0-442fdc93ce24-group-FAFF764965E1: set stopIndex = 0
2019-06-14 12:58:08,654 INFO  ratis.ContainerStateMachine (ContainerStateMachine.java:takeSnapshot(245)) - Taking snapshot at termIndex:(t:0, i:~)
2019-06-14 12:58:08,654 INFO  impl.RaftServerImpl (ServerState.java:close(394)) - a153dc25-438c-4576-bda0-442fdc93ce24:group-FAFF764965E1 closes. The last applied log index is 0
2019-06-14 12:58:08,655 INFO  storage.RaftLogWorker (RaftLogWorker.java:run(236)) - a153dc25-438c-4576-bda0-442fdc93ce24-RaftLogWorker was interrupted, exiting. There are 0 tasks remaining in the queue.
2019-06-14 12:58:08,658 INFO  storage.RaftLogWorker (RaftLogWorker.java:close(168)) - a153dc25-438c-4576-bda0-442fdc93ce24-RaftLogWorker close()
2019-06-14 12:58:08,662 INFO  impl.RaftServerImpl (RaftServerImpl.java:lambda$shutdown$3(238)) - a153dc25-438c-4576-bda0-442fdc93ce24: shutdown group-4E31065205C9
2019-06-14 12:58:08,662 INFO  util.JmxRegister (JmxRegister.java:unregister(73)) - Successfully un-registered JMX Bean with object name Ratis:service=RaftServer,group=group-4E31065205C9,id=a153dc25-438c-4576-bda0-442fdc93ce24
2019-06-14 12:58:08,662 INFO  impl.RoleInfo (RoleInfo.java:shutdownFollowerState(121)) - a153dc25-438c-4576-bda0-442fdc93ce24: shutdown FollowerState
2019-06-14 12:58:08,662 INFO  impl.StateMachineUpdater (StateMachineUpdater.java:stopAndJoin(109)) - StateMachineUpdater-a153dc25-438c-4576-bda0-442fdc93ce24-group-4E31065205C9: set stopIndex = 1
2019-06-14 12:58:08,662 INFO  ratis.ContainerStateMachine (ContainerStateMachine.java:takeSnapshot(245)) - Taking snapshot at termIndex:(t:1, i:1)
2019-06-14 12:58:08,662 INFO  impl.FollowerState (FollowerState.java:run(109)) - a153dc25-438c-4576-bda0-442fdc93ce24: FollowerState was interrupted: java.lang.InterruptedException: sleep interrupted
2019-06-14 12:58:08,663 INFO  ratis.ContainerStateMachine (ContainerStateMachine.java:takeSnapshot(249)) - Taking a snapshot to file /opt/src/hadoop-ozone/integration-test/target/test-dir/MiniOzoneClusterImpl-0d288065-38f5-45f8-8bf6-3aeb34225532/datanode-1/data/ratis/da82380d-4525-4828-9d5a-4e31065205c9/sm/snapshot.1_1
2019-06-14 12:58:08,663 INFO  impl.RaftServerImpl (ServerState.java:close(394)) - a153dc25-438c-4576-bda0-442fdc93ce24:group-4E31065205C9 closes. The last applied log index is 1
2019-06-14 12:58:08,663 INFO  storage.RaftLogWorker (RaftLogWorker.java:run(236)) - a153dc25-438c-4576-bda0-442fdc93ce24-RaftLogWorker was interrupted, exiting. There are 0 tasks remaining in the queue.
2019-06-14 12:58:08,667 INFO  storage.RaftLogWorker (RaftLogWorker.java:close(168)) - a153dc25-438c-4576-bda0-442fdc93ce24-RaftLogWorker close()
2019-06-14 12:58:08,670 INFO  server.GrpcService (GrpcService.java:closeImpl(154)) - a153dc25-438c-4576-bda0-442fdc93ce24: shutdown server with port 45433 now
2019-06-14 12:58:08,671 WARN  server.GrpcServerProtocolService (LogUtils.java:warn(134)) - a153dc25-438c-4576-bda0-442fdc93ce24: appendEntries onError: org.apache.ratis.thirdparty.io.grpc.StatusRuntimeException: CANCELLED: cancelled before receiving half close
2019-06-14 12:58:08,671 INFO  server.GrpcService (GrpcService.java:closeImpl(162)) - a153dc25-438c-4576-bda0-442fdc93ce24: shutdown server with port 45433 successfully
2019-06-14 12:58:08,672 WARN  server.GrpcLogAppender (LogUtils.java:warn(134)) - bebcae61-8d7b-4702-a75b-276acd53e539: Failed appendEntries to a153dc25-438c-4576-bda0-442fdc93ce24:192.168.134.78:45433: org.apache.ratis.thirdparty.io.grpc.StatusRuntimeException: CANCELLED: HTTP/2 error code: CANCEL
Received Rst Stream
2019-06-14 12:58:08,674 INFO  impl.FollowerInfo (FollowerInfo.java:lambda$new$0(50)) - bebcae61-8d7b-4702-a75b-276acd53e539->a153dc25-438c-4576-bda0-442fdc93ce24: nextIndex: updateUnconditionally 3 -> 0
2019-06-14 12:58:08,674 WARN  fs.CachingGetSpaceUsed (CachingGetSpaceUsed.java:run(183)) - Thread Interrupted waiting to refresh disk information: sleep interrupted
2019-06-14 12:58:08,687 INFO  statemachine.DatanodeStateMachine (DatanodeStateMachine.java:stopDaemon(395)) - Ozone container server stopped.
2019-06-14 12:58:08,688 INFO  handler.ContextHandler (ContextHandler.java:doStop(910)) - Stopped o.e.j.w.WebAppContext@49153009{/,null,UNAVAILABLE}{/hddsDatanode}
2019-06-14 12:58:08,688 INFO  server.AbstractConnector (AbstractConnector.java:doStop(318)) - Stopped ServerConnector@a1b7549{HTTP/1.1,[http/1.1]}{0.0.0.0:0}
2019-06-14 12:58:08,688 INFO  handler.ContextHandler (ContextHandler.java:doStop(910)) - Stopped o.e.j.s.ServletContextHandler@84a9f65{/static,jar:file:/root/.m2/repository/org/apache/hadoop/hadoop-hdds-container-service/0.5.0-SNAPSHOT/hadoop-hdds-container-service-0.5.0-SNAPSHOT.jar!/webapps/static,UNAVAILABLE}
2019-06-14 12:58:08,689 INFO  handler.ContextHandler (ContextHandler.java:doStop(910)) - Stopped o.e.j.s.ServletContextHandler@27210a3b{/logs,file:///opt/src/hadoop-ozone/integration-test/target/log,UNAVAILABLE}
2019-06-14 12:58:09,076 WARN  server.GrpcLogAppender (LogUtils.java:warn(134)) - bebcae61-8d7b-4702-a75b-276acd53e539: Failed appendEntries to 87ac541d-3451-459d-a83b-85a9420cbaf3:192.168.134.78:41489: org.apache.ratis.thirdparty.io.grpc.StatusRuntimeException: UNAVAILABLE: io exception
2019-06-14 12:58:09,079 WARN  server.GrpcLogAppender (LogUtils.java:warn(134)) - bebcae61-8d7b-4702-a75b-276acd53e539: Failed appendEntries to a153dc25-438c-4576-bda0-442fdc93ce24:192.168.134.78:45433: org.apache.ratis.thirdparty.io.grpc.StatusRuntimeException: UNAVAILABLE: io exception
2019-06-14 12:58:09,079 INFO  impl.FollowerInfo (FollowerInfo.java:lambda$new$0(50)) - bebcae61-8d7b-4702-a75b-276acd53e539->87ac541d-3451-459d-a83b-85a9420cbaf3: nextIndex: updateUnconditionally 0 -> 0
2019-06-14 12:58:09,082 INFO  impl.FollowerInfo (FollowerInfo.java:lambda$new$0(50)) - bebcae61-8d7b-4702-a75b-276acd53e539->a153dc25-438c-4576-bda0-442fdc93ce24: nextIndex: updateUnconditionally 0 -> 0
2019-06-14 12:58:09,576 WARN  server.GrpcLogAppender (LogUtils.java:warn(134)) - bebcae61-8d7b-4702-a75b-276acd53e539: Failed appendEntries to a153dc25-438c-4576-bda0-442fdc93ce24:192.168.134.78:45433: org.apache.ratis.thirdparty.io.grpc.StatusRuntimeException: UNAVAILABLE: io exception
2019-06-14 12:58:09,579 INFO  impl.FollowerInfo (FollowerInfo.java:lambda$new$0(50)) - bebcae61-8d7b-4702-a75b-276acd53e539->a153dc25-438c-4576-bda0-442fdc93ce24: nextIndex: updateUnconditionally 0 -> 0
2019-06-14 12:58:09,580 WARN  server.GrpcLogAppender (LogUtils.java:warn(134)) - bebcae61-8d7b-4702-a75b-276acd53e539: Failed appendEntries to 87ac541d-3451-459d-a83b-85a9420cbaf3:192.168.134.78:41489: org.apache.ratis.thirdparty.io.grpc.StatusRuntimeException: UNAVAILABLE: io exception
2019-06-14 12:58:09,582 INFO  impl.FollowerInfo (FollowerInfo.java:lambda$new$0(50)) - bebcae61-8d7b-4702-a75b-276acd53e539->87ac541d-3451-459d-a83b-85a9420cbaf3: nextIndex: updateUnconditionally 0 -> 0
2019-06-14 12:58:10,077 WARN  server.GrpcLogAppender (LogUtils.java:warn(134)) - bebcae61-8d7b-4702-a75b-276acd53e539: Failed appendEntries to 87ac541d-3451-459d-a83b-85a9420cbaf3:192.168.134.78:41489: org.apache.ratis.thirdparty.io.grpc.StatusRuntimeException: UNAVAILABLE: io exception
2019-06-14 12:58:10,080 INFO  impl.FollowerInfo (FollowerInfo.java:lambda$new$0(50)) - bebcae61-8d7b-4702-a75b-276acd53e539->87ac541d-3451-459d-a83b-85a9420cbaf3: nextIndex: updateUnconditionally 0 -> 0
2019-06-14 12:58:10,081 WARN  server.GrpcLogAppender (LogUtils.java:warn(134)) - bebcae61-8d7b-4702-a75b-276acd53e539: Failed appendEntries to a153dc25-438c-4576-bda0-442fdc93ce24:192.168.134.78:45433: org.apache.ratis.thirdparty.io.grpc.StatusRuntimeException: UNAVAILABLE: io exception
2019-06-14 12:58:10,084 INFO  impl.FollowerInfo (FollowerInfo.java:lambda$new$0(50)) - bebcae61-8d7b-4702-a75b-276acd53e539->a153dc25-438c-4576-bda0-442fdc93ce24: nextIndex: updateUnconditionally 0 -> 0
2019-06-14 12:58:10,577 WARN  server.GrpcLogAppender (LogUtils.java:warn(134)) - bebcae61-8d7b-4702-a75b-276acd53e539: Failed appendEntries to 87ac541d-3451-459d-a83b-85a9420cbaf3:192.168.134.78:41489: org.apache.ratis.thirdparty.io.grpc.StatusRuntimeException: UNAVAILABLE: io exception
2019-06-14 12:58:10,577 WARN  server.GrpcLogAppender (LogUtils.java:warn(134)) - bebcae61-8d7b-4702-a75b-276acd53e539: Failed appendEntries to a153dc25-438c-4576-bda0-442fdc93ce24:192.168.134.78:45433: org.apache.ratis.thirdparty.io.grpc.StatusRuntimeException: UNAVAILABLE: io exception
2019-06-14 12:58:10,581 INFO  impl.FollowerInfo (FollowerInfo.java:lambda$new$0(50)) - bebcae61-8d7b-4702-a75b-276acd53e539->87ac541d-3451-459d-a83b-85a9420cbaf3: nextIndex: updateUnconditionally 0 -> 0
2019-06-14 12:58:10,593 INFO  impl.FollowerInfo (FollowerInfo.java:lambda$new$0(50)) - bebcae61-8d7b-4702-a75b-276acd53e539->a153dc25-438c-4576-bda0-442fdc93ce24: nextIndex: updateUnconditionally 0 -> 0
2019-06-14 12:58:11,078 WARN  server.GrpcLogAppender (LogUtils.java:warn(134)) - bebcae61-8d7b-4702-a75b-276acd53e539: Failed appendEntries to a153dc25-438c-4576-bda0-442fdc93ce24:192.168.134.78:45433: org.apache.ratis.thirdparty.io.grpc.StatusRuntimeException: UNAVAILABLE: io exception
2019-06-14 12:58:11,078 WARN  server.GrpcLogAppender (LogUtils.java:warn(134)) - bebcae61-8d7b-4702-a75b-276acd53e539: Failed appendEntries to 87ac541d-3451-459d-a83b-85a9420cbaf3:192.168.134.78:41489: org.apache.ratis.thirdparty.io.grpc.StatusRuntimeException: UNAVAILABLE: io exception
2019-06-14 12:58:11,078 INFO  impl.FollowerInfo (FollowerInfo.java:lambda$new$0(50)) - bebcae61-8d7b-4702-a75b-276acd53e539->a153dc25-438c-4576-bda0-442fdc93ce24: nextIndex: updateUnconditionally 0 -> 0
2019-06-14 12:58:11,078 INFO  impl.FollowerInfo (FollowerInfo.java:lambda$new$0(50)) - bebcae61-8d7b-4702-a75b-276acd53e539->87ac541d-3451-459d-a83b-85a9420cbaf3: nextIndex: updateUnconditionally 0 -> 0
2019-06-14 12:58:11,578 WARN  server.GrpcLogAppender (LogUtils.java:warn(134)) - bebcae61-8d7b-4702-a75b-276acd53e539: Failed appendEntries to a153dc25-438c-4576-bda0-442fdc93ce24:192.168.134.78:45433: org.apache.ratis.thirdparty.io.grpc.StatusRuntimeException: UNAVAILABLE: io exception
2019-06-14 12:58:11,579 INFO  impl.FollowerInfo (FollowerInfo.java:lambda$new$0(50)) - bebcae61-8d7b-4702-a75b-276acd53e539->a153dc25-438c-4576-bda0-442fdc93ce24: nextIndex: updateUnconditionally 0 -> 0
2019-06-14 12:58:11,579 WARN  server.GrpcLogAppender (LogUtils.java:warn(134)) - bebcae61-8d7b-4702-a75b-276acd53e539: Failed appendEntries to 87ac541d-3451-459d-a83b-85a9420cbaf3:192.168.134.78:41489: org.apache.ratis.thirdparty.io.grpc.StatusRuntimeException: UNAVAILABLE: io exception
2019-06-14 12:58:11,579 INFO  impl.FollowerInfo (FollowerInfo.java:lambda$new$0(50)) - bebcae61-8d7b-4702-a75b-276acd53e539->87ac541d-3451-459d-a83b-85a9420cbaf3: nextIndex: updateUnconditionally 0 -> 0
2019-06-14 12:58:12,079 WARN  server.GrpcLogAppender (LogUtils.java:warn(134)) - bebcae61-8d7b-4702-a75b-276acd53e539: Failed appendEntries to a153dc25-438c-4576-bda0-442fdc93ce24:192.168.134.78:45433: org.apache.ratis.thirdparty.io.grpc.StatusRuntimeException: UNAVAILABLE: io exception
2019-06-14 12:58:12,079 INFO  impl.FollowerInfo (FollowerInfo.java:lambda$new$0(50)) - bebcae61-8d7b-4702-a75b-276acd53e539->a153dc25-438c-4576-bda0-442fdc93ce24: nextIndex: updateUnconditionally 0 -> 0
2019-06-14 12:58:12,079 WARN  server.GrpcLogAppender (LogUtils.java:warn(134)) - bebcae61-8d7b-4702-a75b-276acd53e539: Failed appendEntries to 87ac541d-3451-459d-a83b-85a9420cbaf3:192.168.134.78:41489: org.apache.ratis.thirdparty.io.grpc.StatusRuntimeException: UNAVAILABLE: io exception
2019-06-14 12:58:12,079 INFO  impl.FollowerInfo (FollowerInfo.java:lambda$new$0(50)) - bebcae61-8d7b-4702-a75b-276acd53e539->87ac541d-3451-459d-a83b-85a9420cbaf3: nextIndex: updateUnconditionally 0 -> 0
2019-06-14 12:58:12,580 WARN  server.GrpcLogAppender (LogUtils.java:warn(134)) - bebcae61-8d7b-4702-a75b-276acd53e539: Failed appendEntries to a153dc25-438c-4576-bda0-442fdc93ce24:192.168.134.78:45433: org.apache.ratis.thirdparty.io.grpc.StatusRuntimeException: UNAVAILABLE: io exception
2019-06-14 12:58:12,580 WARN  server.GrpcLogAppender (LogUtils.java:warn(134)) - bebcae61-8d7b-4702-a75b-276acd53e539: Failed appendEntries to 87ac541d-3451-459d-a83b-85a9420cbaf3:192.168.134.78:41489: org.apache.ratis.thirdparty.io.grpc.StatusRuntimeException: UNAVAILABLE: io exception
2019-06-14 12:58:12,580 INFO  impl.FollowerInfo (FollowerInfo.java:lambda$new$0(50)) - bebcae61-8d7b-4702-a75b-276acd53e539->a153dc25-438c-4576-bda0-442fdc93ce24: nextIndex: updateUnconditionally 0 -> 0
2019-06-14 12:58:12,580 INFO  impl.FollowerInfo (FollowerInfo.java:lambda$new$0(50)) - bebcae61-8d7b-4702-a75b-276acd53e539->87ac541d-3451-459d-a83b-85a9420cbaf3: nextIndex: updateUnconditionally 0 -> 0
2019-06-14 12:58:13,080 WARN  server.GrpcLogAppender (LogUtils.java:warn(134)) - bebcae61-8d7b-4702-a75b-276acd53e539: Failed appendEntries to 87ac541d-3451-459d-a83b-85a9420cbaf3:192.168.134.78:41489: org.apache.ratis.thirdparty.io.grpc.StatusRuntimeException: UNAVAILABLE: io exception
2019-06-14 12:58:13,080 INFO  impl.FollowerInfo (FollowerInfo.java:lambda$new$0(50)) - bebcae61-8d7b-4702-a75b-276acd53e539->87ac541d-3451-459d-a83b-85a9420cbaf3: nextIndex: updateUnconditionally 0 -> 0
2019-06-14 12:58:13,081 WARN  server.GrpcLogAppender (LogUtils.java:warn(134)) - bebcae61-8d7b-4702-a75b-276acd53e539: Failed appendEntries to a153dc25-438c-4576-bda0-442fdc93ce24:192.168.134.78:45433: org.apache.ratis.thirdparty.io.grpc.StatusRuntimeException: UNAVAILABLE: io exception
2019-06-14 12:58:13,081 INFO  impl.FollowerInfo (FollowerInfo.java:lambda$new$0(50)) - bebcae61-8d7b-4702-a75b-276acd53e539->a153dc25-438c-4576-bda0-442fdc93ce24: nextIndex: updateUnconditionally 0 -> 0
2019-06-14 12:58:13,581 WARN  server.GrpcLogAppender (LogUtils.java:warn(134)) - bebcae61-8d7b-4702-a75b-276acd53e539: Failed appendEntries to a153dc25-438c-4576-bda0-442fdc93ce24:192.168.134.78:45433: org.apache.ratis.thirdparty.io.grpc.StatusRuntimeException: UNAVAILABLE: io exception
2019-06-14 12:58:13,581 WARN  server.GrpcLogAppender (LogUtils.java:warn(134)) - bebcae61-8d7b-4702-a75b-276acd53e539: Failed appendEntries to 87ac541d-3451-459d-a83b-85a9420cbaf3:192.168.134.78:41489: org.apache.ratis.thirdparty.io.grpc.StatusRuntimeException: UNAVAILABLE: io exception
2019-06-14 12:58:13,581 INFO  impl.FollowerInfo (FollowerInfo.java:lambda$new$0(50)) - bebcae61-8d7b-4702-a75b-276acd53e539->a153dc25-438c-4576-bda0-442fdc93ce24: nextIndex: updateUnconditionally 0 -> 0
2019-06-14 12:58:13,581 INFO  impl.FollowerInfo (FollowerInfo.java:lambda$new$0(50)) - bebcae61-8d7b-4702-a75b-276acd53e539->87ac541d-3451-459d-a83b-85a9420cbaf3: nextIndex: updateUnconditionally 0 -> 0
2019-06-14 12:58:14,081 WARN  server.GrpcLogAppender (LogUtils.java:warn(134)) - bebcae61-8d7b-4702-a75b-276acd53e539: Failed appendEntries to 87ac541d-3451-459d-a83b-85a9420cbaf3:192.168.134.78:41489: org.apache.ratis.thirdparty.io.grpc.StatusRuntimeException: UNAVAILABLE: io exception
2019-06-14 12:58:14,082 INFO  impl.FollowerInfo (FollowerInfo.java:lambda$new$0(50)) - bebcae61-8d7b-4702-a75b-276acd53e539->87ac541d-3451-459d-a83b-85a9420cbaf3: nextIndex: updateUnconditionally 0 -> 0
2019-06-14 12:58:14,081 WARN  server.GrpcLogAppender (LogUtils.java:warn(134)) - bebcae61-8d7b-4702-a75b-276acd53e539: Failed appendEntries to a153dc25-438c-4576-bda0-442fdc93ce24:192.168.134.78:45433: org.apache.ratis.thirdparty.io.grpc.StatusRuntimeException: UNAVAILABLE: io exception
2019-06-14 12:58:14,082 INFO  impl.FollowerInfo (FollowerInfo.java:lambda$new$0(50)) - bebcae61-8d7b-4702-a75b-276acd53e539->a153dc25-438c-4576-bda0-442fdc93ce24: nextIndex: updateUnconditionally 0 -> 0
2019-06-14 12:58:14,582 WARN  server.GrpcLogAppender (LogUtils.java:warn(134)) - bebcae61-8d7b-4702-a75b-276acd53e539: Failed appendEntries to a153dc25-438c-4576-bda0-442fdc93ce24:192.168.134.78:45433: org.apache.ratis.thirdparty.io.grpc.StatusRuntimeException: UNAVAILABLE: io exception
2019-06-14 12:58:14,582 WARN  server.GrpcLogAppender (LogUtils.java:warn(134)) - bebcae61-8d7b-4702-a75b-276acd53e539: Failed appendEntries to 87ac541d-3451-459d-a83b-85a9420cbaf3:192.168.134.78:41489: org.apache.ratis.thirdparty.io.grpc.StatusRuntimeException: UNAVAILABLE: io exception
2019-06-14 12:58:14,582 INFO  impl.FollowerInfo (FollowerInfo.java:lambda$new$0(50)) - bebcae61-8d7b-4702-a75b-276acd53e539->a153dc25-438c-4576-bda0-442fdc93ce24: nextIndex: updateUnconditionally 0 -> 0
2019-06-14 12:58:14,582 INFO  impl.FollowerInfo (FollowerInfo.java:lambda$new$0(50)) - bebcae61-8d7b-4702-a75b-276acd53e539->87ac541d-3451-459d-a83b-85a9420cbaf3: nextIndex: updateUnconditionally 0 -> 0
2019-06-14 12:58:15,082 WARN  server.GrpcLogAppender (LogUtils.java:warn(134)) - bebcae61-8d7b-4702-a75b-276acd53e539: Failed appendEntries to a153dc25-438c-4576-bda0-442fdc93ce24:192.168.134.78:45433: org.apache.ratis.thirdparty.io.grpc.StatusRuntimeException: UNAVAILABLE: io exception
2019-06-14 12:58:15,082 INFO  impl.FollowerInfo (FollowerInfo.java:lambda$new$0(50)) - bebcae61-8d7b-4702-a75b-276acd53e539->a153dc25-438c-4576-bda0-442fdc93ce24: nextIndex: updateUnconditionally 0 -> 0
2019-06-14 12:58:15,083 WARN  server.GrpcLogAppender (LogUtils.java:warn(134)) - bebcae61-8d7b-4702-a75b-276acd53e539: Failed appendEntries to 87ac541d-3451-459d-a83b-85a9420cbaf3:192.168.134.78:41489: org.apache.ratis.thirdparty.io.grpc.StatusRuntimeException: UNAVAILABLE: io exception
2019-06-14 12:58:15,083 INFO  impl.FollowerInfo (FollowerInfo.java:lambda$new$0(50)) - bebcae61-8d7b-4702-a75b-276acd53e539->87ac541d-3451-459d-a83b-85a9420cbaf3: nextIndex: updateUnconditionally 0 -> 0
2019-06-14 12:58:15,583 WARN  server.GrpcLogAppender (LogUtils.java:warn(134)) - bebcae61-8d7b-4702-a75b-276acd53e539: Failed appendEntries to 87ac541d-3451-459d-a83b-85a9420cbaf3:192.168.134.78:41489: org.apache.ratis.thirdparty.io.grpc.StatusRuntimeException: UNAVAILABLE: io exception
2019-06-14 12:58:15,583 WARN  server.GrpcLogAppender (LogUtils.java:warn(134)) - bebcae61-8d7b-4702-a75b-276acd53e539: Failed appendEntries to a153dc25-438c-4576-bda0-442fdc93ce24:192.168.134.78:45433: org.apache.ratis.thirdparty.io.grpc.StatusRuntimeException: UNAVAILABLE: io exception
2019-06-14 12:58:15,583 INFO  impl.FollowerInfo (FollowerInfo.java:lambda$new$0(50)) - bebcae61-8d7b-4702-a75b-276acd53e539->a153dc25-438c-4576-bda0-442fdc93ce24: nextIndex: updateUnconditionally 0 -> 0
2019-06-14 12:58:15,583 INFO  impl.FollowerInfo (FollowerInfo.java:lambda$new$0(50)) - bebcae61-8d7b-4702-a75b-276acd53e539->87ac541d-3451-459d-a83b-85a9420cbaf3: nextIndex: updateUnconditionally 0 -> 0
2019-06-14 12:58:16,083 WARN  server.GrpcLogAppender (LogUtils.java:warn(134)) - bebcae61-8d7b-4702-a75b-276acd53e539: Failed appendEntries to 87ac541d-3451-459d-a83b-85a9420cbaf3:192.168.134.78:41489: org.apache.ratis.thirdparty.io.grpc.StatusRuntimeException: UNAVAILABLE: io exception
2019-06-14 12:58:16,084 INFO  impl.FollowerInfo (FollowerInfo.java:lambda$new$0(50)) - bebcae61-8d7b-4702-a75b-276acd53e539->87ac541d-3451-459d-a83b-85a9420cbaf3: nextIndex: updateUnconditionally 0 -> 0
2019-06-14 12:58:16,084 WARN  server.GrpcLogAppender (LogUtils.java:warn(134)) - bebcae61-8d7b-4702-a75b-276acd53e539: Failed appendEntries to a153dc25-438c-4576-bda0-442fdc93ce24:192.168.134.78:45433: org.apache.ratis.thirdparty.io.grpc.StatusRuntimeException: UNAVAILABLE: io exception
2019-06-14 12:58:16,084 INFO  impl.FollowerInfo (FollowerInfo.java:lambda$new$0(50)) - bebcae61-8d7b-4702-a75b-276acd53e539->a153dc25-438c-4576-bda0-442fdc93ce24: nextIndex: updateUnconditionally 0 -> 0
2019-06-14 12:58:16,584 WARN  server.GrpcLogAppender (LogUtils.java:warn(134)) - bebcae61-8d7b-4702-a75b-276acd53e539: Failed appendEntries to 87ac541d-3451-459d-a83b-85a9420cbaf3:192.168.134.78:41489: org.apache.ratis.thirdparty.io.grpc.StatusRuntimeException: UNAVAILABLE: io exception
2019-06-14 12:58:16,584 WARN  server.GrpcLogAppender (LogUtils.java:warn(134)) - bebcae61-8d7b-4702-a75b-276acd53e539: Failed appendEntries to a153dc25-438c-4576-bda0-442fdc93ce24:192.168.134.78:45433: org.apache.ratis.thirdparty.io.grpc.StatusRuntimeException: UNAVAILABLE: io exception
2019-06-14 12:58:16,584 INFO  impl.FollowerInfo (FollowerInfo.java:lambda$new$0(50)) - bebcae61-8d7b-4702-a75b-276acd53e539->87ac541d-3451-459d-a83b-85a9420cbaf3: nextIndex: updateUnconditionally 0 -> 0
2019-06-14 12:58:16,584 INFO  impl.FollowerInfo (FollowerInfo.java:lambda$new$0(50)) - bebcae61-8d7b-4702-a75b-276acd53e539->a153dc25-438c-4576-bda0-442fdc93ce24: nextIndex: updateUnconditionally 0 -> 0
2019-06-14 12:58:17,085 WARN  server.GrpcLogAppender (LogUtils.java:warn(134)) - bebcae61-8d7b-4702-a75b-276acd53e539: Failed appendEntries to 87ac541d-3451-459d-a83b-85a9420cbaf3:192.168.134.78:41489: org.apache.ratis.thirdparty.io.grpc.StatusRuntimeException: UNAVAILABLE: io exception
2019-06-14 12:58:17,086 WARN  server.GrpcLogAppender (LogUtils.java:warn(134)) - bebcae61-8d7b-4702-a75b-276acd53e539: Failed appendEntries to a153dc25-438c-4576-bda0-442fdc93ce24:192.168.134.78:45433: org.apache.ratis.thirdparty.io.grpc.StatusRuntimeException: UNAVAILABLE: io exception
2019-06-14 12:58:17,086 INFO  impl.FollowerInfo (FollowerInfo.java:lambda$new$0(50)) - bebcae61-8d7b-4702-a75b-276acd53e539->87ac541d-3451-459d-a83b-85a9420cbaf3: nextIndex: updateUnconditionally 0 -> 0
2019-06-14 12:58:17,086 INFO  impl.FollowerInfo (FollowerInfo.java:lambda$new$0(50)) - bebcae61-8d7b-4702-a75b-276acd53e539->a153dc25-438c-4576-bda0-442fdc93ce24: nextIndex: updateUnconditionally 0 -> 0
2019-06-14 12:58:17,585 WARN  server.GrpcLogAppender (LogUtils.java:warn(134)) - bebcae61-8d7b-4702-a75b-276acd53e539: Failed appendEntries to 87ac541d-3451-459d-a83b-85a9420cbaf3:192.168.134.78:41489: org.apache.ratis.thirdparty.io.grpc.StatusRuntimeException: UNAVAILABLE: io exception
2019-06-14 12:58:17,585 INFO  impl.FollowerInfo (FollowerInfo.java:lambda$new$0(50)) - bebcae61-8d7b-4702-a75b-276acd53e539->87ac541d-3451-459d-a83b-85a9420cbaf3: nextIndex: updateUnconditionally 0 -> 0
2019-06-14 12:58:17,585 WARN  server.GrpcLogAppender (LogUtils.java:warn(134)) - bebcae61-8d7b-4702-a75b-276acd53e539: Failed appendEntries to a153dc25-438c-4576-bda0-442fdc93ce24:192.168.134.78:45433: org.apache.ratis.thirdparty.io.grpc.StatusRuntimeException: UNAVAILABLE: io exception
2019-06-14 12:58:17,585 INFO  impl.FollowerInfo (FollowerInfo.java:lambda$new$0(50)) - bebcae61-8d7b-4702-a75b-276acd53e539->a153dc25-438c-4576-bda0-442fdc93ce24: nextIndex: updateUnconditionally 0 -> 0
2019-06-14 12:58:18,085 WARN  server.GrpcLogAppender (LogUtils.java:warn(134)) - bebcae61-8d7b-4702-a75b-276acd53e539: Failed appendEntries to 87ac541d-3451-459d-a83b-85a9420cbaf3:192.168.134.78:41489: org.apache.ratis.thirdparty.io.grpc.StatusRuntimeException: UNAVAILABLE: io exception
2019-06-14 12:58:18,085 WARN  server.GrpcLogAppender (LogUtils.java:warn(134)) - bebcae61-8d7b-4702-a75b-276acd53e539: Failed appendEntries to a153dc25-438c-4576-bda0-442fdc93ce24:192.168.134.78:45433: org.apache.ratis.thirdparty.io.grpc.StatusRuntimeException: UNAVAILABLE: io exception
2019-06-14 12:58:18,086 INFO  impl.FollowerInfo (FollowerInfo.java:lambda$new$0(50)) - bebcae61-8d7b-4702-a75b-276acd53e539->87ac541d-3451-459d-a83b-85a9420cbaf3: nextIndex: updateUnconditionally 0 -> 0
2019-06-14 12:58:18,086 INFO  impl.FollowerInfo (FollowerInfo.java:lambda$new$0(50)) - bebcae61-8d7b-4702-a75b-276acd53e539->a153dc25-438c-4576-bda0-442fdc93ce24: nextIndex: updateUnconditionally 0 -> 0
2019-06-14 12:58:18,586 WARN  server.GrpcLogAppender (LogUtils.java:warn(134)) - bebcae61-8d7b-4702-a75b-276acd53e539: Failed appendEntries to 87ac541d-3451-459d-a83b-85a9420cbaf3:192.168.134.78:41489: org.apache.ratis.thirdparty.io.grpc.StatusRuntimeException: UNAVAILABLE: io exception
2019-06-14 12:58:18,586 INFO  impl.FollowerInfo (FollowerInfo.java:lambda$new$0(50)) - bebcae61-8d7b-4702-a75b-276acd53e539->87ac541d-3451-459d-a83b-85a9420cbaf3: nextIndex: updateUnconditionally 0 -> 0
2019-06-14 12:58:18,586 WARN  server.GrpcLogAppender (LogUtils.java:warn(134)) - bebcae61-8d7b-4702-a75b-276acd53e539: Failed appendEntries to a153dc25-438c-4576-bda0-442fdc93ce24:192.168.134.78:45433: org.apache.ratis.thirdparty.io.grpc.StatusRuntimeException: UNAVAILABLE: io exception
2019-06-14 12:58:18,586 INFO  impl.FollowerInfo (FollowerInfo.java:lambda$new$0(50)) - bebcae61-8d7b-4702-a75b-276acd53e539->a153dc25-438c-4576-bda0-442fdc93ce24: nextIndex: updateUnconditionally 0 -> 0
2019-06-14 12:58:19,025 INFO  client.GrpcClientProtocolService (GrpcClientProtocolService.java:lambda$processClientRequest$0(264)) - Failed RaftClientRequest:client-B2B4A9B7714E->bebcae61-8d7b-4702-a75b-276acd53e539@group-4E31065205C9, cid=55, seq=0, Watch-ALL_COMMITTED(2), Message:<EMPTY>, reply=RaftClientReply:client-B2B4A9B7714E->bebcae61-8d7b-4702-a75b-276acd53e539@group-4E31065205C9, cid=55, FAILED org.apache.ratis.protocol.NotReplicatedException: Request with call Id 55 and log index 2 is not yet replicated to ALL_COMMITTED, logIndex=2, commits[bebcae61-8d7b-4702-a75b-276acd53e539:c2, a153dc25-438c-4576-bda0-442fdc93ce24:c1, 87ac541d-3451-459d-a83b-85a9420cbaf3:c1]
2019-06-14 12:58:19,086 WARN  server.GrpcLogAppender (LogUtils.java:warn(134)) - bebcae61-8d7b-4702-a75b-276acd53e539: Failed appendEntries to a153dc25-438c-4576-bda0-442fdc93ce24:192.168.134.78:45433: org.apache.ratis.thirdparty.io.grpc.StatusRuntimeException: UNAVAILABLE: io exception
2019-06-14 12:58:19,086 INFO  impl.FollowerInfo (FollowerInfo.java:lambda$new$0(50)) - bebcae61-8d7b-4702-a75b-276acd53e539->a153dc25-438c-4576-bda0-442fdc93ce24: nextIndex: updateUnconditionally 0 -> 0
2019-06-14 12:58:19,087 WARN  server.GrpcLogAppender (LogUtils.java:warn(134)) - bebcae61-8d7b-4702-a75b-276acd53e539: Failed appendEntries to 87ac541d-3451-459d-a83b-85a9420cbaf3:192.168.134.78:41489: org.apache.ratis.thirdparty.io.grpc.StatusRuntimeException: UNAVAILABLE: io exception
2019-06-14 12:58:19,090 INFO  impl.FollowerInfo (FollowerInfo.java:lambda$new$0(50)) - bebcae61-8d7b-4702-a75b-276acd53e539->87ac541d-3451-459d-a83b-85a9420cbaf3: nextIndex: updateUnconditionally 0 -> 0
2019-06-14 12:58:19,587 WARN  server.GrpcLogAppender (LogUtils.java:warn(134)) - bebcae61-8d7b-4702-a75b-276acd53e539: Failed appendEntries to a153dc25-438c-4576-bda0-442fdc93ce24:192.168.134.78:45433: org.apache.ratis.thirdparty.io.grpc.StatusRuntimeException: UNAVAILABLE: io exception
2019-06-14 12:58:19,587 WARN  server.GrpcLogAppender (LogUtils.java:warn(134)) - bebcae61-8d7b-4702-a75b-276acd53e539: Failed appendEntries to 87ac541d-3451-459d-a83b-85a9420cbaf3:192.168.134.78:41489: org.apache.ratis.thirdparty.io.grpc.StatusRuntimeException: UNAVAILABLE: io exception
2019-06-14 12:58:19,587 INFO  impl.FollowerInfo (FollowerInfo.java:lambda$new$0(50)) - bebcae61-8d7b-4702-a75b-276acd53e539->a153dc25-438c-4576-bda0-442fdc93ce24: nextIndex: updateUnconditionally 0 -> 0
2019-06-14 12:58:19,587 INFO  impl.FollowerInfo (FollowerInfo.java:lambda$new$0(50)) - bebcae61-8d7b-4702-a75b-276acd53e539->87ac541d-3451-459d-a83b-85a9420cbaf3: nextIndex: updateUnconditionally 0 -> 0
2019-06-14 12:58:20,088 WARN  server.GrpcLogAppender (LogUtils.java:warn(134)) - bebcae61-8d7b-4702-a75b-276acd53e539: Failed appendEntries to a153dc25-438c-4576-bda0-442fdc93ce24:192.168.134.78:45433: org.apache.ratis.thirdparty.io.grpc.StatusRuntimeException: UNAVAILABLE: io exception
2019-06-14 12:58:20,088 WARN  server.GrpcLogAppender (LogUtils.java:warn(134)) - bebcae61-8d7b-4702-a75b-276acd53e539: Failed appendEntries to 87ac541d-3451-459d-a83b-85a9420cbaf3:192.168.134.78:41489: org.apache.ratis.thirdparty.io.grpc.StatusRuntimeException: UNAVAILABLE: io exception
2019-06-14 12:58:20,088 INFO  impl.FollowerInfo (FollowerInfo.java:lambda$new$0(50)) - bebcae61-8d7b-4702-a75b-276acd53e539->87ac541d-3451-459d-a83b-85a9420cbaf3: nextIndex: updateUnconditionally 0 -> 0
2019-06-14 12:58:20,088 INFO  impl.FollowerInfo (FollowerInfo.java:lambda$new$0(50)) - bebcae61-8d7b-4702-a75b-276acd53e539->a153dc25-438c-4576-bda0-442fdc93ce24: nextIndex: updateUnconditionally 0 -> 0
2019-06-14 12:58:20,588 WARN  server.GrpcLogAppender (LogUtils.java:warn(134)) - bebcae61-8d7b-4702-a75b-276acd53e539: Failed appendEntries to a153dc25-438c-4576-bda0-442fdc93ce24:192.168.134.78:45433: org.apache.ratis.thirdparty.io.grpc.StatusRuntimeException: UNAVAILABLE: io exception
2019-06-14 12:58:20,588 WARN  server.GrpcLogAppender (LogUtils.java:warn(134)) - bebcae61-8d7b-4702-a75b-276acd53e539: Failed appendEntries to 87ac541d-3451-459d-a83b-85a9420cbaf3:192.168.134.78:41489: org.apache.ratis.thirdparty.io.grpc.StatusRuntimeException: UNAVAILABLE: io exception
2019-06-14 12:58:20,588 INFO  impl.FollowerInfo (FollowerInfo.java:lambda$new$0(50)) - bebcae61-8d7b-4702-a75b-276acd53e539->a153dc25-438c-4576-bda0-442fdc93ce24: nextIndex: updateUnconditionally 0 -> 0
2019-06-14 12:58:20,588 INFO  impl.FollowerInfo (FollowerInfo.java:lambda$new$0(50)) - bebcae61-8d7b-4702-a75b-276acd53e539->87ac541d-3451-459d-a83b-85a9420cbaf3: nextIndex: updateUnconditionally 0 -> 0
2019-06-14 12:58:21,089 WARN  server.GrpcLogAppender (LogUtils.java:warn(134)) - bebcae61-8d7b-4702-a75b-276acd53e539: Failed appendEntries to 87ac541d-3451-459d-a83b-85a9420cbaf3:192.168.134.78:41489: org.apache.ratis.thirdparty.io.grpc.StatusRuntimeException: UNAVAILABLE: io exception
2019-06-14 12:58:21,089 INFO  impl.FollowerInfo (FollowerInfo.java:lambda$new$0(50)) - bebcae61-8d7b-4702-a75b-276acd53e539->87ac541d-3451-459d-a83b-85a9420cbaf3: nextIndex: updateUnconditionally 0 -> 0
2019-06-14 12:58:21,091 WARN  server.GrpcLogAppender (LogUtils.java:warn(134)) - bebcae61-8d7b-4702-a75b-276acd53e539: Failed appendEntries to a153dc25-438c-4576-bda0-442fdc93ce24:192.168.134.78:45433: org.apache.ratis.thirdparty.io.grpc.StatusRuntimeException: UNAVAILABLE: io exception
2019-06-14 12:58:21,091 INFO  impl.FollowerInfo (FollowerInfo.java:lambda$new$0(50)) - bebcae61-8d7b-4702-a75b-276acd53e539->a153dc25-438c-4576-bda0-442fdc93ce24: nextIndex: updateUnconditionally 0 -> 0
2019-06-14 12:58:21,667 WARN  server.GrpcLogAppender (LogUtils.java:warn(134)) - bebcae61-8d7b-4702-a75b-276acd53e539: Failed appendEntries to a153dc25-438c-4576-bda0-442fdc93ce24:192.168.134.78:45433: org.apache.ratis.thirdparty.io.grpc.StatusRuntimeException: UNAVAILABLE: io exception
2019-06-14 12:58:21,667 INFO  impl.FollowerInfo (FollowerInfo.java:lambda$new$0(50)) - bebcae61-8d7b-4702-a75b-276acd53e539->a153dc25-438c-4576-bda0-442fdc93ce24: nextIndex: updateUnconditionally 0 -> 0
2019-06-14 12:58:21,667 WARN  server.GrpcLogAppender (LogUtils.java:warn(134)) - bebcae61-8d7b-4702-a75b-276acd53e539: Failed appendEntries to 87ac541d-3451-459d-a83b-85a9420cbaf3:192.168.134.78:41489: org.apache.ratis.thirdparty.io.grpc.StatusRuntimeException: UNAVAILABLE: io exception
2019-06-14 12:58:21,668 INFO  impl.FollowerInfo (FollowerInfo.java:lambda$new$0(50)) - bebcae61-8d7b-4702-a75b-276acd53e539->87ac541d-3451-459d-a83b-85a9420cbaf3: nextIndex: updateUnconditionally 0 -> 0
2019-06-14 12:58:22,090 WARN  server.GrpcLogAppender (LogUtils.java:warn(134)) - bebcae61-8d7b-4702-a75b-276acd53e539: Failed appendEntries to 87ac541d-3451-459d-a83b-85a9420cbaf3:192.168.134.78:41489: org.apache.ratis.thirdparty.io.grpc.StatusRuntimeException: UNAVAILABLE: io exception
2019-06-14 12:58:22,090 INFO  impl.FollowerInfo (FollowerInfo.java:lambda$new$0(50)) - bebcae61-8d7b-4702-a75b-276acd53e539->87ac541d-3451-459d-a83b-85a9420cbaf3: nextIndex: updateUnconditionally 0 -> 0
2019-06-14 12:58:22,090 WARN  server.GrpcLogAppender (LogUtils.java:warn(134)) - bebcae61-8d7b-4702-a75b-276acd53e539: Failed appendEntries to a153dc25-438c-4576-bda0-442fdc93ce24:192.168.134.78:45433: org.apache.ratis.thirdparty.io.grpc.StatusRuntimeException: UNAVAILABLE: io exception
2019-06-14 12:58:22,090 INFO  impl.FollowerInfo (FollowerInfo.java:lambda$new$0(50)) - bebcae61-8d7b-4702-a75b-276acd53e539->a153dc25-438c-4576-bda0-442fdc93ce24: nextIndex: updateUnconditionally 0 -> 0
2019-06-14 12:58:22,590 WARN  server.GrpcLogAppender (LogUtils.java:warn(134)) - bebcae61-8d7b-4702-a75b-276acd53e539: Failed appendEntries to 87ac541d-3451-459d-a83b-85a9420cbaf3:192.168.134.78:41489: org.apache.ratis.thirdparty.io.grpc.StatusRuntimeException: UNAVAILABLE: io exception
2019-06-14 12:58:22,590 WARN  server.GrpcLogAppender (LogUtils.java:warn(134)) - bebcae61-8d7b-4702-a75b-276acd53e539: Failed appendEntries to a153dc25-438c-4576-bda0-442fdc93ce24:192.168.134.78:45433: org.apache.ratis.thirdparty.io.grpc.StatusRuntimeException: UNAVAILABLE: io exception
2019-06-14 12:58:22,590 INFO  impl.FollowerInfo (FollowerInfo.java:lambda$new$0(50)) - bebcae61-8d7b-4702-a75b-276acd53e539->87ac541d-3451-459d-a83b-85a9420cbaf3: nextIndex: updateUnconditionally 0 -> 0
2019-06-14 12:58:22,591 INFO  impl.FollowerInfo (FollowerInfo.java:lambda$new$0(50)) - bebcae61-8d7b-4702-a75b-276acd53e539->a153dc25-438c-4576-bda0-442fdc93ce24: nextIndex: updateUnconditionally 0 -> 0
2019-06-14 12:58:23,091 WARN  server.GrpcLogAppender (LogUtils.java:warn(134)) - bebcae61-8d7b-4702-a75b-276acd53e539: Failed appendEntries to 87ac541d-3451-459d-a83b-85a9420cbaf3:192.168.134.78:41489: org.apache.ratis.thirdparty.io.grpc.StatusRuntimeException: UNAVAILABLE: io exception
2019-06-14 12:58:23,091 INFO  impl.FollowerInfo (FollowerInfo.java:lambda$new$0(50)) - bebcae61-8d7b-4702-a75b-276acd53e539->87ac541d-3451-459d-a83b-85a9420cbaf3: nextIndex: updateUnconditionally 0 -> 0
2019-06-14 12:58:23,092 WARN  server.GrpcLogAppender (LogUtils.java:warn(134)) - bebcae61-8d7b-4702-a75b-276acd53e539: Failed appendEntries to a153dc25-438c-4576-bda0-442fdc93ce24:192.168.134.78:45433: org.apache.ratis.thirdparty.io.grpc.StatusRuntimeException: UNAVAILABLE: io exception
2019-06-14 12:58:23,092 INFO  impl.FollowerInfo (FollowerInfo.java:lambda$new$0(50)) - bebcae61-8d7b-4702-a75b-276acd53e539->a153dc25-438c-4576-bda0-442fdc93ce24: nextIndex: updateUnconditionally 0 -> 0
2019-06-14 12:58:23,591 WARN  server.GrpcLogAppender (LogUtils.java:warn(134)) - bebcae61-8d7b-4702-a75b-276acd53e539: Failed appendEntries to 87ac541d-3451-459d-a83b-85a9420cbaf3:192.168.134.78:41489: org.apache.ratis.thirdparty.io.grpc.StatusRuntimeException: UNAVAILABLE: io exception
2019-06-14 12:58:23,591 WARN  server.GrpcLogAppender (LogUtils.java:warn(134)) - bebcae61-8d7b-4702-a75b-276acd53e539: Failed appendEntries to a153dc25-438c-4576-bda0-442fdc93ce24:192.168.134.78:45433: org.apache.ratis.thirdparty.io.grpc.StatusRuntimeException: UNAVAILABLE: io exception
2019-06-14 12:58:23,592 INFO  impl.FollowerInfo (FollowerInfo.java:lambda$new$0(50)) - bebcae61-8d7b-4702-a75b-276acd53e539->87ac541d-3451-459d-a83b-85a9420cbaf3: nextIndex: updateUnconditionally 0 -> 0
2019-06-14 12:58:23,592 INFO  impl.FollowerInfo (FollowerInfo.java:lambda$new$0(50)) - bebcae61-8d7b-4702-a75b-276acd53e539->a153dc25-438c-4576-bda0-442fdc93ce24: nextIndex: updateUnconditionally 0 -> 0
2019-06-14 12:58:24,022 INFO  client.GrpcClientProtocolService (GrpcClientProtocolService.java:lambda$processClientRequest$0(264)) - Failed RaftClientRequest:client-B2B4A9B7714E->bebcae61-8d7b-4702-a75b-276acd53e539@group-4E31065205C9, cid=55, seq=0, Watch-ALL_COMMITTED(2), Message:<EMPTY>, reply=RaftClientReply:client-B2B4A9B7714E->bebcae61-8d7b-4702-a75b-276acd53e539@group-4E31065205C9, cid=55, FAILED org.apache.ratis.protocol.NotReplicatedException: Request with call Id 55 and log index 2 is not yet replicated to ALL_COMMITTED, logIndex=2, commits[bebcae61-8d7b-4702-a75b-276acd53e539:c2, a153dc25-438c-4576-bda0-442fdc93ce24:c1, 87ac541d-3451-459d-a83b-85a9420cbaf3:c1]
2019-06-14 12:58:24,092 WARN  server.GrpcLogAppender (LogUtils.java:warn(134)) - bebcae61-8d7b-4702-a75b-276acd53e539: Failed appendEntries to 87ac541d-3451-459d-a83b-85a9420cbaf3:192.168.134.78:41489: org.apache.ratis.thirdparty.io.grpc.StatusRuntimeException: UNAVAILABLE: io exception
2019-06-14 12:58:24,092 WARN  server.GrpcLogAppender (LogUtils.java:warn(134)) - bebcae61-8d7b-4702-a75b-276acd53e539: Failed appendEntries to a153dc25-438c-4576-bda0-442fdc93ce24:192.168.134.78:45433: org.apache.ratis.thirdparty.io.grpc.StatusRuntimeException: UNAVAILABLE: io exception
2019-06-14 12:58:24,095 INFO  impl.FollowerInfo (FollowerInfo.java:lambda$new$0(50)) - bebcae61-8d7b-4702-a75b-276acd53e539->87ac541d-3451-459d-a83b-85a9420cbaf3: nextIndex: updateUnconditionally 0 -> 0
2019-06-14 12:58:24,096 INFO  impl.FollowerInfo (FollowerInfo.java:lambda$new$0(50)) - bebcae61-8d7b-4702-a75b-276acd53e539->a153dc25-438c-4576-bda0-442fdc93ce24: nextIndex: updateUnconditionally 0 -> 0
2019-06-14 12:58:24,592 WARN  server.GrpcLogAppender (LogUtils.java:warn(134)) - bebcae61-8d7b-4702-a75b-276acd53e539: Failed appendEntries to 87ac541d-3451-459d-a83b-85a9420cbaf3:192.168.134.78:41489: org.apache.ratis.thirdparty.io.grpc.StatusRuntimeException: UNAVAILABLE: io exception
2019-06-14 12:58:24,592 WARN  server.GrpcLogAppender (LogUtils.java:warn(134)) - bebcae61-8d7b-4702-a75b-276acd53e539: Failed appendEntries to a153dc25-438c-4576-bda0-442fdc93ce24:192.168.134.78:45433: org.apache.ratis.thirdparty.io.grpc.StatusRuntimeException: UNAVAILABLE: io exception
2019-06-14 12:58:24,593 INFO  impl.FollowerInfo (FollowerInfo.java:lambda$new$0(50)) - bebcae61-8d7b-4702-a75b-276acd53e539->87ac541d-3451-459d-a83b-85a9420cbaf3: nextIndex: updateUnconditionally 0 -> 0
2019-06-14 12:58:24,593 INFO  impl.FollowerInfo (FollowerInfo.java:lambda$new$0(50)) - bebcae61-8d7b-4702-a75b-276acd53e539->a153dc25-438c-4576-bda0-442fdc93ce24: nextIndex: updateUnconditionally 0 -> 0
2019-06-14 12:58:25,093 WARN  server.GrpcLogAppender (LogUtils.java:warn(134)) - bebcae61-8d7b-4702-a75b-276acd53e539: Failed appendEntries to a153dc25-438c-4576-bda0-442fdc93ce24:192.168.134.78:45433: org.apache.ratis.thirdparty.io.grpc.StatusRuntimeException: UNAVAILABLE: io exception
2019-06-14 12:58:25,093 INFO  impl.FollowerInfo (FollowerInfo.java:lambda$new$0(50)) - bebcae61-8d7b-4702-a75b-276acd53e539->a153dc25-438c-4576-bda0-442fdc93ce24: nextIndex: updateUnconditionally 0 -> 0
2019-06-14 12:58:25,094 WARN  server.GrpcLogAppender (LogUtils.java:warn(134)) - bebcae61-8d7b-4702-a75b-276acd53e539: Failed appendEntries to 87ac541d-3451-459d-a83b-85a9420cbaf3:192.168.134.78:41489: org.apache.ratis.thirdparty.io.grpc.StatusRuntimeException: UNAVAILABLE: io exception
2019-06-14 12:58:25,094 INFO  impl.FollowerInfo (FollowerInfo.java:lambda$new$0(50)) - bebcae61-8d7b-4702-a75b-276acd53e539->87ac541d-3451-459d-a83b-85a9420cbaf3: nextIndex: updateUnconditionally 0 -> 0
2019-06-14 12:58:25,593 WARN  server.GrpcLogAppender (LogUtils.java:warn(134)) - bebcae61-8d7b-4702-a75b-276acd53e539: Failed appendEntries to a153dc25-438c-4576-bda0-442fdc93ce24:192.168.134.78:45433: org.apache.ratis.thirdparty.io.grpc.StatusRuntimeException: UNAVAILABLE: io exception
2019-06-14 12:58:25,594 INFO  impl.FollowerInfo (FollowerInfo.java:lambda$new$0(50)) - bebcae61-8d7b-4702-a75b-276acd53e539->a153dc25-438c-4576-bda0-442fdc93ce24: nextIndex: updateUnconditionally 0 -> 0
2019-06-14 12:58:25,594 WARN  server.GrpcLogAppender (LogUtils.java:warn(134)) - bebcae61-8d7b-4702-a75b-276acd53e539: Failed appendEntries to 87ac541d-3451-459d-a83b-85a9420cbaf3:192.168.134.78:41489: org.apache.ratis.thirdparty.io.grpc.StatusRuntimeException: UNAVAILABLE: io exception
2019-06-14 12:58:25,594 INFO  impl.FollowerInfo (FollowerInfo.java:lambda$new$0(50)) - bebcae61-8d7b-4702-a75b-276acd53e539->87ac541d-3451-459d-a83b-85a9420cbaf3: nextIndex: updateUnconditionally 0 -> 0
2019-06-14 12:58:26,094 WARN  server.GrpcLogAppender (LogUtils.java:warn(134)) - bebcae61-8d7b-4702-a75b-276acd53e539: Failed appendEntries to a153dc25-438c-4576-bda0-442fdc93ce24:192.168.134.78:45433: org.apache.ratis.thirdparty.io.grpc.StatusRuntimeException: UNAVAILABLE: io exception
2019-06-14 12:58:26,094 INFO  impl.FollowerInfo (FollowerInfo.java:lambda$new$0(50)) - bebcae61-8d7b-4702-a75b-276acd53e539->a153dc25-438c-4576-bda0-442fdc93ce24: nextIndex: updateUnconditionally 0 -> 0
2019-06-14 12:58:26,094 WARN  server.GrpcLogAppender (LogUtils.java:warn(134)) - bebcae61-8d7b-4702-a75b-276acd53e539: Failed appendEntries to 87ac541d-3451-459d-a83b-85a9420cbaf3:192.168.134.78:41489: org.apache.ratis.thirdparty.io.grpc.StatusRuntimeException: UNAVAILABLE: io exception
2019-06-14 12:58:26,095 INFO  impl.FollowerInfo (FollowerInfo.java:lambda$new$0(50)) - bebcae61-8d7b-4702-a75b-276acd53e539->87ac541d-3451-459d-a83b-85a9420cbaf3: nextIndex: updateUnconditionally 0 -> 0
2019-06-14 12:58:26,594 WARN  server.GrpcLogAppender (LogUtils.java:warn(134)) - bebcae61-8d7b-4702-a75b-276acd53e539: Failed appendEntries to a153dc25-438c-4576-bda0-442fdc93ce24:192.168.134.78:45433: org.apache.ratis.thirdparty.io.grpc.StatusRuntimeException: UNAVAILABLE: io exception
2019-06-14 12:58:26,595 INFO  impl.FollowerInfo (FollowerInfo.java:lambda$new$0(50)) - bebcae61-8d7b-4702-a75b-276acd53e539->a153dc25-438c-4576-bda0-442fdc93ce24: nextIndex: updateUnconditionally 0 -> 0
2019-06-14 12:58:26,595 WARN  server.GrpcLogAppender (LogUtils.java:warn(134)) - bebcae61-8d7b-4702-a75b-276acd53e539: Failed appendEntries to 87ac541d-3451-459d-a83b-85a9420cbaf3:192.168.134.78:41489: org.apache.ratis.thirdparty.io.grpc.StatusRuntimeException: UNAVAILABLE: io exception
2019-06-14 12:58:26,595 INFO  impl.FollowerInfo (FollowerInfo.java:lambda$new$0(50)) - bebcae61-8d7b-4702-a75b-276acd53e539->87ac541d-3451-459d-a83b-85a9420cbaf3: nextIndex: updateUnconditionally 0 -> 0
2019-06-14 12:58:27,095 WARN  server.GrpcLogAppender (LogUtils.java:warn(134)) - bebcae61-8d7b-4702-a75b-276acd53e539: Failed appendEntries to 87ac541d-3451-459d-a83b-85a9420cbaf3:192.168.134.78:41489: org.apache.ratis.thirdparty.io.grpc.StatusRuntimeException: UNAVAILABLE: io exception
2019-06-14 12:58:27,095 INFO  impl.FollowerInfo (FollowerInfo.java:lambda$new$0(50)) - bebcae61-8d7b-4702-a75b-276acd53e539->87ac541d-3451-459d-a83b-85a9420cbaf3: nextIndex: updateUnconditionally 0 -> 0
2019-06-14 12:58:27,095 WARN  server.GrpcLogAppender (LogUtils.java:warn(134)) - bebcae61-8d7b-4702-a75b-276acd53e539: Failed appendEntries to a153dc25-438c-4576-bda0-442fdc93ce24:192.168.134.78:45433: org.apache.ratis.thirdparty.io.grpc.StatusRuntimeException: UNAVAILABLE: io exception
2019-06-14 12:58:27,096 INFO  impl.FollowerInfo (FollowerInfo.java:lambda$new$0(50)) - bebcae61-8d7b-4702-a75b-276acd53e539->a153dc25-438c-4576-bda0-442fdc93ce24: nextIndex: updateUnconditionally 0 -> 0
2019-06-14 12:58:27,595 WARN  server.GrpcLogAppender (LogUtils.java:warn(134)) - bebcae61-8d7b-4702-a75b-276acd53e539: Failed appendEntries to 87ac541d-3451-459d-a83b-85a9420cbaf3:192.168.134.78:41489: org.apache.ratis.thirdparty.io.grpc.StatusRuntimeException: UNAVAILABLE: io exception
2019-06-14 12:58:27,595 WARN  server.GrpcLogAppender (LogUtils.java:warn(134)) - bebcae61-8d7b-4702-a75b-276acd53e539: Failed appendEntries to a153dc25-438c-4576-bda0-442fdc93ce24:192.168.134.78:45433: org.apache.ratis.thirdparty.io.grpc.StatusRuntimeException: UNAVAILABLE: io exception
2019-06-14 12:58:27,596 INFO  impl.FollowerInfo (FollowerInfo.java:lambda$new$0(50)) - bebcae61-8d7b-4702-a75b-276acd53e539->87ac541d-3451-459d-a83b-85a9420cbaf3: nextIndex: updateUnconditionally 0 -> 0
2019-06-14 12:58:27,596 INFO  impl.FollowerInfo (FollowerInfo.java:lambda$new$0(50)) - bebcae61-8d7b-4702-a75b-276acd53e539->a153dc25-438c-4576-bda0-442fdc93ce24: nextIndex: updateUnconditionally 0 -> 0
2019-06-14 12:58:28,096 WARN  server.GrpcLogAppender (LogUtils.java:warn(134)) - bebcae61-8d7b-4702-a75b-276acd53e539: Failed appendEntries to a153dc25-438c-4576-bda0-442fdc93ce24:192.168.134.78:45433: org.apache.ratis.thirdparty.io.grpc.StatusRuntimeException: UNAVAILABLE: io exception
2019-06-14 12:58:28,096 WARN  server.GrpcLogAppender (LogUtils.java:warn(134)) - bebcae61-8d7b-4702-a75b-276acd53e539: Failed appendEntries to 87ac541d-3451-459d-a83b-85a9420cbaf3:192.168.134.78:41489: org.apache.ratis.thirdparty.io.grpc.StatusRuntimeException: UNAVAILABLE: io exception
2019-06-14 12:58:28,096 INFO  impl.FollowerInfo (FollowerInfo.java:lambda$new$0(50)) - bebcae61-8d7b-4702-a75b-276acd53e539->a153dc25-438c-4576-bda0-442fdc93ce24: nextIndex: updateUnconditionally 0 -> 0
2019-06-14 12:58:28,096 INFO  impl.FollowerInfo (FollowerInfo.java:lambda$new$0(50)) - bebcae61-8d7b-4702-a75b-276acd53e539->87ac541d-3451-459d-a83b-85a9420cbaf3: nextIndex: updateUnconditionally 0 -> 0
2019-06-14 12:58:28,596 WARN  server.GrpcLogAppender (LogUtils.java:warn(134)) - bebcae61-8d7b-4702-a75b-276acd53e539: Failed appendEntries to 87ac541d-3451-459d-a83b-85a9420cbaf3:192.168.134.78:41489: org.apache.ratis.thirdparty.io.grpc.StatusRuntimeException: UNAVAILABLE: io exception
2019-06-14 12:58:28,597 INFO  impl.FollowerInfo (FollowerInfo.java:lambda$new$0(50)) - bebcae61-8d7b-4702-a75b-276acd53e539->87ac541d-3451-459d-a83b-85a9420cbaf3: nextIndex: updateUnconditionally 0 -> 0
2019-06-14 12:58:28,597 WARN  server.GrpcLogAppender (LogUtils.java:warn(134)) - bebcae61-8d7b-4702-a75b-276acd53e539: Failed appendEntries to a153dc25-438c-4576-bda0-442fdc93ce24:192.168.134.78:45433: org.apache.ratis.thirdparty.io.grpc.StatusRuntimeException: UNAVAILABLE: io exception
2019-06-14 12:58:28,597 INFO  impl.FollowerInfo (FollowerInfo.java:lambda$new$0(50)) - bebcae61-8d7b-4702-a75b-276acd53e539->a153dc25-438c-4576-bda0-442fdc93ce24: nextIndex: updateUnconditionally 0 -> 0
2019-06-14 12:58:28,694 WARN  scm.XceiverClientRatis (XceiverClientRatis.java:watchForCommit(260)) - 3 way commit failed 
java.util.concurrent.TimeoutException
	at java.util.concurrent.CompletableFuture.timedGet(CompletableFuture.java:1771)
	at java.util.concurrent.CompletableFuture.get(CompletableFuture.java:1915)
	at org.apache.hadoop.hdds.scm.XceiverClientRatis.watchForCommit(XceiverClientRatis.java:257)
	at org.apache.hadoop.ozone.client.rpc.TestWatchForCommit.testWatchForCommitForRetryfailure(TestWatchForCommit.java:347)
	at sun.reflect.NativeMethodAccessorImpl.invoke0(Native Method)
	at sun.reflect.NativeMethodAccessorImpl.invoke(NativeMethodAccessorImpl.java:62)
	at sun.reflect.DelegatingMethodAccessorImpl.invoke(DelegatingMethodAccessorImpl.java:43)
	at java.lang.reflect.Method.invoke(Method.java:498)
	at org.junit.runners.model.FrameworkMethod$1.runReflectiveCall(FrameworkMethod.java:47)
	at org.junit.internal.runners.model.ReflectiveCallable.run(ReflectiveCallable.java:12)
	at org.junit.runners.model.FrameworkMethod.invokeExplosively(FrameworkMethod.java:44)
	at org.junit.internal.runners.statements.InvokeMethod.evaluate(InvokeMethod.java:17)
	at org.junit.runners.ParentRunner.runLeaf(ParentRunner.java:271)
	at org.junit.runners.BlockJUnit4ClassRunner.runChild(BlockJUnit4ClassRunner.java:70)
	at org.junit.runners.BlockJUnit4ClassRunner.runChild(BlockJUnit4ClassRunner.java:50)
	at org.junit.runners.ParentRunner$3.run(ParentRunner.java:238)
	at org.junit.runners.ParentRunner$1.schedule(ParentRunner.java:63)
	at org.junit.runners.ParentRunner.runChildren(ParentRunner.java:236)
	at org.junit.runners.ParentRunner.access$000(ParentRunner.java:53)
	at org.junit.runners.ParentRunner$2.evaluate(ParentRunner.java:229)
	at org.junit.runners.ParentRunner.run(ParentRunner.java:309)
	at org.apache.maven.surefire.junit4.JUnit4Provider.execute(JUnit4Provider.java:365)
	at org.apache.maven.surefire.junit4.JUnit4Provider.executeWithRerun(JUnit4Provider.java:273)
	at org.apache.maven.surefire.junit4.JUnit4Provider.executeTestSet(JUnit4Provider.java:238)
	at org.apache.maven.surefire.junit4.JUnit4Provider.invoke(JUnit4Provider.java:159)
	at org.apache.maven.surefire.booter.ForkedBooter.invokeProviderInSameClassLoader(ForkedBooter.java:384)
	at org.apache.maven.surefire.booter.ForkedBooter.runSuitesInProcess(ForkedBooter.java:345)
	at org.apache.maven.surefire.booter.ForkedBooter.execute(ForkedBooter.java:126)
	at org.apache.maven.surefire.booter.ForkedBooter.main(ForkedBooter.java:418)
2019-06-14 12:58:29,097 WARN  server.GrpcLogAppender (LogUtils.java:warn(134)) - bebcae61-8d7b-4702-a75b-276acd53e539: Failed appendEntries to 87ac541d-3451-459d-a83b-85a9420cbaf3:192.168.134.78:41489: org.apache.ratis.thirdparty.io.grpc.StatusRuntimeException: UNAVAILABLE: io exception
2019-06-14 12:58:29,097 WARN  server.GrpcLogAppender (LogUtils.java:warn(134)) - bebcae61-8d7b-4702-a75b-276acd53e539: Failed appendEntries to a153dc25-438c-4576-bda0-442fdc93ce24:192.168.134.78:45433: org.apache.ratis.thirdparty.io.grpc.StatusRuntimeException: UNAVAILABLE: io exception
2019-06-14 12:58:29,097 INFO  impl.FollowerInfo (FollowerInfo.java:lambda$new$0(50)) - bebcae61-8d7b-4702-a75b-276acd53e539->87ac541d-3451-459d-a83b-85a9420cbaf3: nextIndex: updateUnconditionally 0 -> 0
2019-06-14 12:58:29,097 INFO  impl.FollowerInfo (FollowerInfo.java:lambda$new$0(50)) - bebcae61-8d7b-4702-a75b-276acd53e539->a153dc25-438c-4576-bda0-442fdc93ce24: nextIndex: updateUnconditionally 0 -> 0
2019-06-14 12:58:29,598 WARN  server.GrpcLogAppender (LogUtils.java:warn(134)) - bebcae61-8d7b-4702-a75b-276acd53e539: Failed appendEntries to 87ac541d-3451-459d-a83b-85a9420cbaf3:192.168.134.78:41489: org.apache.ratis.thirdparty.io.grpc.StatusRuntimeException: UNAVAILABLE: io exception
2019-06-14 12:58:29,598 WARN  server.GrpcLogAppender (LogUtils.java:warn(134)) - bebcae61-8d7b-4702-a75b-276acd53e539: Failed appendEntries to a153dc25-438c-4576-bda0-442fdc93ce24:192.168.134.78:45433: org.apache.ratis.thirdparty.io.grpc.StatusRuntimeException: UNAVAILABLE: io exception
2019-06-14 12:58:29,598 INFO  impl.FollowerInfo (FollowerInfo.java:lambda$new$0(50)) - bebcae61-8d7b-4702-a75b-276acd53e539->87ac541d-3451-459d-a83b-85a9420cbaf3: nextIndex: updateUnconditionally 0 -> 0
2019-06-14 12:58:29,598 INFO  impl.FollowerInfo (FollowerInfo.java:lambda$new$0(50)) - bebcae61-8d7b-4702-a75b-276acd53e539->a153dc25-438c-4576-bda0-442fdc93ce24: nextIndex: updateUnconditionally 0 -> 0
2019-06-14 12:58:30,022 INFO  client.GrpcClientProtocolService (GrpcClientProtocolService.java:lambda$processClientRequest$0(264)) - Failed RaftClientRequest:client-B2B4A9B7714E->bebcae61-8d7b-4702-a75b-276acd53e539@group-4E31065205C9, cid=55, seq=0, Watch-ALL_COMMITTED(2), Message:<EMPTY>, reply=RaftClientReply:client-B2B4A9B7714E->bebcae61-8d7b-4702-a75b-276acd53e539@group-4E31065205C9, cid=55, FAILED org.apache.ratis.protocol.NotReplicatedException: Request with call Id 55 and log index 2 is not yet replicated to ALL_COMMITTED, logIndex=2, commits[bebcae61-8d7b-4702-a75b-276acd53e539:c2, a153dc25-438c-4576-bda0-442fdc93ce24:c1, 87ac541d-3451-459d-a83b-85a9420cbaf3:c1]
2019-06-14 12:58:30,098 WARN  server.GrpcLogAppender (LogUtils.java:warn(134)) - bebcae61-8d7b-4702-a75b-276acd53e539: Failed appendEntries to 87ac541d-3451-459d-a83b-85a9420cbaf3:192.168.134.78:41489: org.apache.ratis.thirdparty.io.grpc.StatusRuntimeException: UNAVAILABLE: io exception
2019-06-14 12:58:30,098 WARN  server.GrpcLogAppender (LogUtils.java:warn(134)) - bebcae61-8d7b-4702-a75b-276acd53e539: Failed appendEntries to a153dc25-438c-4576-bda0-442fdc93ce24:192.168.134.78:45433: org.apache.ratis.thirdparty.io.grpc.StatusRuntimeException: UNAVAILABLE: io exception
2019-06-14 12:58:30,102 INFO  impl.FollowerInfo (FollowerInfo.java:lambda$new$0(50)) - bebcae61-8d7b-4702-a75b-276acd53e539->87ac541d-3451-459d-a83b-85a9420cbaf3: nextIndex: updateUnconditionally 0 -> 0
2019-06-14 12:58:30,102 INFO  impl.FollowerInfo (FollowerInfo.java:lambda$new$0(50)) - bebcae61-8d7b-4702-a75b-276acd53e539->a153dc25-438c-4576-bda0-442fdc93ce24: nextIndex: updateUnconditionally 0 -> 0
2019-06-14 12:58:30,598 WARN  server.GrpcLogAppender (LogUtils.java:warn(134)) - bebcae61-8d7b-4702-a75b-276acd53e539: Failed appendEntries to 87ac541d-3451-459d-a83b-85a9420cbaf3:192.168.134.78:41489: org.apache.ratis.thirdparty.io.grpc.StatusRuntimeException: UNAVAILABLE: io exception
2019-06-14 12:58:30,598 WARN  server.GrpcLogAppender (LogUtils.java:warn(134)) - bebcae61-8d7b-4702-a75b-276acd53e539: Failed appendEntries to a153dc25-438c-4576-bda0-442fdc93ce24:192.168.134.78:45433: org.apache.ratis.thirdparty.io.grpc.StatusRuntimeException: UNAVAILABLE: io exception
2019-06-14 12:58:30,599 INFO  impl.FollowerInfo (FollowerInfo.java:lambda$new$0(50)) - bebcae61-8d7b-4702-a75b-276acd53e539->87ac541d-3451-459d-a83b-85a9420cbaf3: nextIndex: updateUnconditionally 0 -> 0
2019-06-14 12:58:30,599 INFO  impl.FollowerInfo (FollowerInfo.java:lambda$new$0(50)) - bebcae61-8d7b-4702-a75b-276acd53e539->a153dc25-438c-4576-bda0-442fdc93ce24: nextIndex: updateUnconditionally 0 -> 0
2019-06-14 12:58:31,099 WARN  server.GrpcLogAppender (LogUtils.java:warn(134)) - bebcae61-8d7b-4702-a75b-276acd53e539: Failed appendEntries to a153dc25-438c-4576-bda0-442fdc93ce24:192.168.134.78:45433: org.apache.ratis.thirdparty.io.grpc.StatusRuntimeException: UNAVAILABLE: io exception
2019-06-14 12:58:31,099 WARN  server.GrpcLogAppender (LogUtils.java:warn(134)) - bebcae61-8d7b-4702-a75b-276acd53e539: Failed appendEntries to 87ac541d-3451-459d-a83b-85a9420cbaf3:192.168.134.78:41489: org.apache.ratis.thirdparty.io.grpc.StatusRuntimeException: UNAVAILABLE: io exception
2019-06-14 12:58:31,099 INFO  impl.FollowerInfo (FollowerInfo.java:lambda$new$0(50)) - bebcae61-8d7b-4702-a75b-276acd53e539->a153dc25-438c-4576-bda0-442fdc93ce24: nextIndex: updateUnconditionally 0 -> 0
2019-06-14 12:58:31,099 INFO  impl.FollowerInfo (FollowerInfo.java:lambda$new$0(50)) - bebcae61-8d7b-4702-a75b-276acd53e539->87ac541d-3451-459d-a83b-85a9420cbaf3: nextIndex: updateUnconditionally 0 -> 0
2019-06-14 12:58:31,599 WARN  server.GrpcLogAppender (LogUtils.java:warn(134)) - bebcae61-8d7b-4702-a75b-276acd53e539: Failed appendEntries to 87ac541d-3451-459d-a83b-85a9420cbaf3:192.168.134.78:41489: org.apache.ratis.thirdparty.io.grpc.StatusRuntimeException: UNAVAILABLE: io exception
2019-06-14 12:58:31,600 WARN  server.GrpcLogAppender (LogUtils.java:warn(134)) - bebcae61-8d7b-4702-a75b-276acd53e539: Failed appendEntries to a153dc25-438c-4576-bda0-442fdc93ce24:192.168.134.78:45433: org.apache.ratis.thirdparty.io.grpc.StatusRuntimeException: UNAVAILABLE: io exception
2019-06-14 12:58:31,600 INFO  impl.FollowerInfo (FollowerInfo.java:lambda$new$0(50)) - bebcae61-8d7b-4702-a75b-276acd53e539->87ac541d-3451-459d-a83b-85a9420cbaf3: nextIndex: updateUnconditionally 0 -> 0
2019-06-14 12:58:31,600 INFO  impl.FollowerInfo (FollowerInfo.java:lambda$new$0(50)) - bebcae61-8d7b-4702-a75b-276acd53e539->a153dc25-438c-4576-bda0-442fdc93ce24: nextIndex: updateUnconditionally 0 -> 0
2019-06-14 12:58:32,100 WARN  server.GrpcLogAppender (LogUtils.java:warn(134)) - bebcae61-8d7b-4702-a75b-276acd53e539: Failed appendEntries to a153dc25-438c-4576-bda0-442fdc93ce24:192.168.134.78:45433: org.apache.ratis.thirdparty.io.grpc.StatusRuntimeException: UNAVAILABLE: io exception
2019-06-14 12:58:32,100 INFO  impl.FollowerInfo (FollowerInfo.java:lambda$new$0(50)) - bebcae61-8d7b-4702-a75b-276acd53e539->a153dc25-438c-4576-bda0-442fdc93ce24: nextIndex: updateUnconditionally 0 -> 0
2019-06-14 12:58:32,101 WARN  server.GrpcLogAppender (LogUtils.java:warn(134)) - bebcae61-8d7b-4702-a75b-276acd53e539: Failed appendEntries to 87ac541d-3451-459d-a83b-85a9420cbaf3:192.168.134.78:41489: org.apache.ratis.thirdparty.io.grpc.StatusRuntimeException: UNAVAILABLE: io exception
2019-06-14 12:58:32,101 INFO  impl.FollowerInfo (FollowerInfo.java:lambda$new$0(50)) - bebcae61-8d7b-4702-a75b-276acd53e539->87ac541d-3451-459d-a83b-85a9420cbaf3: nextIndex: updateUnconditionally 0 -> 0
2019-06-14 12:58:32,600 WARN  server.GrpcLogAppender (LogUtils.java:warn(134)) - bebcae61-8d7b-4702-a75b-276acd53e539: Failed appendEntries to 87ac541d-3451-459d-a83b-85a9420cbaf3:192.168.134.78:41489: org.apache.ratis.thirdparty.io.grpc.StatusRuntimeException: UNAVAILABLE: io exception
2019-06-14 12:58:32,600 WARN  server.GrpcLogAppender (LogUtils.java:warn(134)) - bebcae61-8d7b-4702-a75b-276acd53e539: Failed appendEntries to a153dc25-438c-4576-bda0-442fdc93ce24:192.168.134.78:45433: org.apache.ratis.thirdparty.io.grpc.StatusRuntimeException: UNAVAILABLE: io exception
2019-06-14 12:58:32,601 INFO  impl.FollowerInfo (FollowerInfo.java:lambda$new$0(50)) - bebcae61-8d7b-4702-a75b-276acd53e539->87ac541d-3451-459d-a83b-85a9420cbaf3: nextIndex: updateUnconditionally 0 -> 0
2019-06-14 12:58:32,601 INFO  impl.FollowerInfo (FollowerInfo.java:lambda$new$0(50)) - bebcae61-8d7b-4702-a75b-276acd53e539->a153dc25-438c-4576-bda0-442fdc93ce24: nextIndex: updateUnconditionally 0 -> 0
2019-06-14 12:58:33,101 WARN  server.GrpcLogAppender (LogUtils.java:warn(134)) - bebcae61-8d7b-4702-a75b-276acd53e539: Failed appendEntries to 87ac541d-3451-459d-a83b-85a9420cbaf3:192.168.134.78:41489: org.apache.ratis.thirdparty.io.grpc.StatusRuntimeException: UNAVAILABLE: io exception
2019-06-14 12:58:33,101 INFO  impl.FollowerInfo (FollowerInfo.java:lambda$new$0(50)) - bebcae61-8d7b-4702-a75b-276acd53e539->87ac541d-3451-459d-a83b-85a9420cbaf3: nextIndex: updateUnconditionally 0 -> 0
2019-06-14 12:58:33,101 WARN  server.GrpcLogAppender (LogUtils.java:warn(134)) - bebcae61-8d7b-4702-a75b-276acd53e539: Failed appendEntries to a153dc25-438c-4576-bda0-442fdc93ce24:192.168.134.78:45433: org.apache.ratis.thirdparty.io.grpc.StatusRuntimeException: UNAVAILABLE: io exception
2019-06-14 12:58:33,102 INFO  impl.FollowerInfo (FollowerInfo.java:lambda$new$0(50)) - bebcae61-8d7b-4702-a75b-276acd53e539->a153dc25-438c-4576-bda0-442fdc93ce24: nextIndex: updateUnconditionally 0 -> 0
2019-06-14 12:58:33,601 WARN  server.GrpcLogAppender (LogUtils.java:warn(134)) - bebcae61-8d7b-4702-a75b-276acd53e539: Failed appendEntries to a153dc25-438c-4576-bda0-442fdc93ce24:192.168.134.78:45433: org.apache.ratis.thirdparty.io.grpc.StatusRuntimeException: UNAVAILABLE: io exception
2019-06-14 12:58:33,601 WARN  server.GrpcLogAppender (LogUtils.java:warn(134)) - bebcae61-8d7b-4702-a75b-276acd53e539: Failed appendEntries to 87ac541d-3451-459d-a83b-85a9420cbaf3:192.168.134.78:41489: org.apache.ratis.thirdparty.io.grpc.StatusRuntimeException: UNAVAILABLE: io exception
2019-06-14 12:58:33,602 INFO  impl.FollowerInfo (FollowerInfo.java:lambda$new$0(50)) - bebcae61-8d7b-4702-a75b-276acd53e539->a153dc25-438c-4576-bda0-442fdc93ce24: nextIndex: updateUnconditionally 0 -> 0
2019-06-14 12:58:33,602 INFO  impl.FollowerInfo (FollowerInfo.java:lambda$new$0(50)) - bebcae61-8d7b-4702-a75b-276acd53e539->87ac541d-3451-459d-a83b-85a9420cbaf3: nextIndex: updateUnconditionally 0 -> 0
2019-06-14 12:58:34,102 WARN  server.GrpcLogAppender (LogUtils.java:warn(134)) - bebcae61-8d7b-4702-a75b-276acd53e539: Failed appendEntries to 87ac541d-3451-459d-a83b-85a9420cbaf3:192.168.134.78:41489: org.apache.ratis.thirdparty.io.grpc.StatusRuntimeException: UNAVAILABLE: io exception
2019-06-14 12:58:34,102 INFO  impl.FollowerInfo (FollowerInfo.java:lambda$new$0(50)) - bebcae61-8d7b-4702-a75b-276acd53e539->87ac541d-3451-459d-a83b-85a9420cbaf3: nextIndex: updateUnconditionally 0 -> 0
2019-06-14 12:58:34,102 WARN  server.GrpcLogAppender (LogUtils.java:warn(134)) - bebcae61-8d7b-4702-a75b-276acd53e539: Failed appendEntries to a153dc25-438c-4576-bda0-442fdc93ce24:192.168.134.78:45433: org.apache.ratis.thirdparty.io.grpc.StatusRuntimeException: UNAVAILABLE: io exception
2019-06-14 12:58:34,103 INFO  impl.FollowerInfo (FollowerInfo.java:lambda$new$0(50)) - bebcae61-8d7b-4702-a75b-276acd53e539->a153dc25-438c-4576-bda0-442fdc93ce24: nextIndex: updateUnconditionally 0 -> 0
2019-06-14 12:58:34,602 WARN  server.GrpcLogAppender (LogUtils.java:warn(134)) - bebcae61-8d7b-4702-a75b-276acd53e539: Failed appendEntries to a153dc25-438c-4576-bda0-442fdc93ce24:192.168.134.78:45433: org.apache.ratis.thirdparty.io.grpc.StatusRuntimeException: UNAVAILABLE: io exception
2019-06-14 12:58:34,603 WARN  server.GrpcLogAppender (LogUtils.java:warn(134)) - bebcae61-8d7b-4702-a75b-276acd53e539: Failed appendEntries to 87ac541d-3451-459d-a83b-85a9420cbaf3:192.168.134.78:41489: org.apache.ratis.thirdparty.io.grpc.StatusRuntimeException: UNAVAILABLE: io exception
2019-06-14 12:58:34,603 INFO  impl.FollowerInfo (FollowerInfo.java:lambda$new$0(50)) - bebcae61-8d7b-4702-a75b-276acd53e539->a153dc25-438c-4576-bda0-442fdc93ce24: nextIndex: updateUnconditionally 0 -> 0
2019-06-14 12:58:34,603 INFO  impl.FollowerInfo (FollowerInfo.java:lambda$new$0(50)) - bebcae61-8d7b-4702-a75b-276acd53e539->87ac541d-3451-459d-a83b-85a9420cbaf3: nextIndex: updateUnconditionally 0 -> 0
2019-06-14 12:58:35,022 INFO  client.GrpcClientProtocolService (GrpcClientProtocolService.java:lambda$processClientRequest$0(264)) - Failed RaftClientRequest:client-B2B4A9B7714E->bebcae61-8d7b-4702-a75b-276acd53e539@group-4E31065205C9, cid=55, seq=0, Watch-ALL_COMMITTED(2), Message:<EMPTY>, reply=RaftClientReply:client-B2B4A9B7714E->bebcae61-8d7b-4702-a75b-276acd53e539@group-4E31065205C9, cid=55, FAILED org.apache.ratis.protocol.NotReplicatedException: Request with call Id 55 and log index 2 is not yet replicated to ALL_COMMITTED, logIndex=2, commits[bebcae61-8d7b-4702-a75b-276acd53e539:c2, a153dc25-438c-4576-bda0-442fdc93ce24:c1, 87ac541d-3451-459d-a83b-85a9420cbaf3:c1]
2019-06-14 12:58:35,103 WARN  server.GrpcLogAppender (LogUtils.java:warn(134)) - bebcae61-8d7b-4702-a75b-276acd53e539: Failed appendEntries to a153dc25-438c-4576-bda0-442fdc93ce24:192.168.134.78:45433: org.apache.ratis.thirdparty.io.grpc.StatusRuntimeException: UNAVAILABLE: io exception
2019-06-14 12:58:35,103 WARN  server.GrpcLogAppender (LogUtils.java:warn(134)) - bebcae61-8d7b-4702-a75b-276acd53e539: Failed appendEntries to 87ac541d-3451-459d-a83b-85a9420cbaf3:192.168.134.78:41489: org.apache.ratis.thirdparty.io.grpc.StatusRuntimeException: UNAVAILABLE: io exception
2019-06-14 12:58:35,107 INFO  impl.FollowerInfo (FollowerInfo.java:lambda$new$0(50)) - bebcae61-8d7b-4702-a75b-276acd53e539->a153dc25-438c-4576-bda0-442fdc93ce24: nextIndex: updateUnconditionally 0 -> 0
2019-06-14 12:58:35,107 INFO  impl.FollowerInfo (FollowerInfo.java:lambda$new$0(50)) - bebcae61-8d7b-4702-a75b-276acd53e539->87ac541d-3451-459d-a83b-85a9420cbaf3: nextIndex: updateUnconditionally 0 -> 0
2019-06-14 12:58:35,604 WARN  server.GrpcLogAppender (LogUtils.java:warn(134)) - bebcae61-8d7b-4702-a75b-276acd53e539: Failed appendEntries to 87ac541d-3451-459d-a83b-85a9420cbaf3:192.168.134.78:41489: org.apache.ratis.thirdparty.io.grpc.StatusRuntimeException: UNAVAILABLE: io exception
2019-06-14 12:58:35,604 WARN  server.GrpcLogAppender (LogUtils.java:warn(134)) - bebcae61-8d7b-4702-a75b-276acd53e539: Failed appendEntries to a153dc25-438c-4576-bda0-442fdc93ce24:192.168.134.78:45433: org.apache.ratis.thirdparty.io.grpc.StatusRuntimeException: UNAVAILABLE: io exception
2019-06-14 12:58:35,604 INFO  impl.FollowerInfo (FollowerInfo.java:lambda$new$0(50)) - bebcae61-8d7b-4702-a75b-276acd53e539->87ac541d-3451-459d-a83b-85a9420cbaf3: nextIndex: updateUnconditionally 0 -> 0
2019-06-14 12:58:35,604 INFO  impl.FollowerInfo (FollowerInfo.java:lambda$new$0(50)) - bebcae61-8d7b-4702-a75b-276acd53e539->a153dc25-438c-4576-bda0-442fdc93ce24: nextIndex: updateUnconditionally 0 -> 0
2019-06-14 12:58:36,104 WARN  server.GrpcLogAppender (LogUtils.java:warn(134)) - bebcae61-8d7b-4702-a75b-276acd53e539: Failed appendEntries to 87ac541d-3451-459d-a83b-85a9420cbaf3:192.168.134.78:41489: org.apache.ratis.thirdparty.io.grpc.StatusRuntimeException: UNAVAILABLE: io exception
2019-06-14 12:58:36,104 WARN  server.GrpcLogAppender (LogUtils.java:warn(134)) - bebcae61-8d7b-4702-a75b-276acd53e539: Failed appendEntries to a153dc25-438c-4576-bda0-442fdc93ce24:192.168.134.78:45433: org.apache.ratis.thirdparty.io.grpc.StatusRuntimeException: UNAVAILABLE: io exception
2019-06-14 12:58:36,105 INFO  impl.FollowerInfo (FollowerInfo.java:lambda$new$0(50)) - bebcae61-8d7b-4702-a75b-276acd53e539->87ac541d-3451-459d-a83b-85a9420cbaf3: nextIndex: updateUnconditionally 0 -> 0
2019-06-14 12:58:36,105 INFO  impl.FollowerInfo (FollowerInfo.java:lambda$new$0(50)) - bebcae61-8d7b-4702-a75b-276acd53e539->a153dc25-438c-4576-bda0-442fdc93ce24: nextIndex: updateUnconditionally 0 -> 0
2019-06-14 12:58:36,605 WARN  server.GrpcLogAppender (LogUtils.java:warn(134)) - bebcae61-8d7b-4702-a75b-276acd53e539: Failed appendEntries to 87ac541d-3451-459d-a83b-85a9420cbaf3:192.168.134.78:41489: org.apache.ratis.thirdparty.io.grpc.StatusRuntimeException: UNAVAILABLE: io exception
2019-06-14 12:58:36,605 WARN  server.GrpcLogAppender (LogUtils.java:warn(134)) - bebcae61-8d7b-4702-a75b-276acd53e539: Failed appendEntries to a153dc25-438c-4576-bda0-442fdc93ce24:192.168.134.78:45433: org.apache.ratis.thirdparty.io.grpc.StatusRuntimeException: UNAVAILABLE: io exception
2019-06-14 12:58:36,605 INFO  impl.FollowerInfo (FollowerInfo.java:lambda$new$0(50)) - bebcae61-8d7b-4702-a75b-276acd53e539->87ac541d-3451-459d-a83b-85a9420cbaf3: nextIndex: updateUnconditionally 0 -> 0
2019-06-14 12:58:36,605 INFO  impl.FollowerInfo (FollowerInfo.java:lambda$new$0(50)) - bebcae61-8d7b-4702-a75b-276acd53e539->a153dc25-438c-4576-bda0-442fdc93ce24: nextIndex: updateUnconditionally 0 -> 0
2019-06-14 12:58:36,834 WARN  client.GrpcClientProtocolService (LogUtils.java:warn(134)) - 6-UnorderedRequestStreamObserver6: onError: org.apache.ratis.thirdparty.io.grpc.StatusRuntimeException: CANCELLED: cancelled before receiving half close
2019-06-14 12:58:37,105 WARN  server.GrpcLogAppender (LogUtils.java:warn(134)) - bebcae61-8d7b-4702-a75b-276acd53e539: Failed appendEntries to a153dc25-438c-4576-bda0-442fdc93ce24:192.168.134.78:45433: org.apache.ratis.thirdparty.io.grpc.StatusRuntimeException: UNAVAILABLE: io exception
2019-06-14 12:58:37,105 WARN  server.GrpcLogAppender (LogUtils.java:warn(134)) - bebcae61-8d7b-4702-a75b-276acd53e539: Failed appendEntries to 87ac541d-3451-459d-a83b-85a9420cbaf3:192.168.134.78:41489: org.apache.ratis.thirdparty.io.grpc.StatusRuntimeException: UNAVAILABLE: io exception
2019-06-14 12:58:37,106 INFO  impl.FollowerInfo (FollowerInfo.java:lambda$new$0(50)) - bebcae61-8d7b-4702-a75b-276acd53e539->a153dc25-438c-4576-bda0-442fdc93ce24: nextIndex: updateUnconditionally 0 -> 0
2019-06-14 12:58:37,106 INFO  impl.FollowerInfo (FollowerInfo.java:lambda$new$0(50)) - bebcae61-8d7b-4702-a75b-276acd53e539->87ac541d-3451-459d-a83b-85a9420cbaf3: nextIndex: updateUnconditionally 0 -> 0
2019-06-14 12:58:37,606 WARN  server.GrpcLogAppender (LogUtils.java:warn(134)) - bebcae61-8d7b-4702-a75b-276acd53e539: Failed appendEntries to a153dc25-438c-4576-bda0-442fdc93ce24:192.168.134.78:45433: org.apache.ratis.thirdparty.io.grpc.StatusRuntimeException: UNAVAILABLE: io exception
2019-06-14 12:58:37,606 WARN  server.GrpcLogAppender (LogUtils.java:warn(134)) - bebcae61-8d7b-4702-a75b-276acd53e539: Failed appendEntries to 87ac541d-3451-459d-a83b-85a9420cbaf3:192.168.134.78:41489: org.apache.ratis.thirdparty.io.grpc.StatusRuntimeException: UNAVAILABLE: io exception
2019-06-14 12:58:37,606 INFO  impl.FollowerInfo (FollowerInfo.java:lambda$new$0(50)) - bebcae61-8d7b-4702-a75b-276acd53e539->a153dc25-438c-4576-bda0-442fdc93ce24: nextIndex: updateUnconditionally 0 -> 0
2019-06-14 12:58:37,606 INFO  impl.FollowerInfo (FollowerInfo.java:lambda$new$0(50)) - bebcae61-8d7b-4702-a75b-276acd53e539->87ac541d-3451-459d-a83b-85a9420cbaf3: nextIndex: updateUnconditionally 0 -> 0
2019-06-14 12:58:38,106 WARN  server.GrpcLogAppender (LogUtils.java:warn(134)) - bebcae61-8d7b-4702-a75b-276acd53e539: Failed appendEntries to 87ac541d-3451-459d-a83b-85a9420cbaf3:192.168.134.78:41489: org.apache.ratis.thirdparty.io.grpc.StatusRuntimeException: UNAVAILABLE: io exception
2019-06-14 12:58:38,106 WARN  server.GrpcLogAppender (LogUtils.java:warn(134)) - bebcae61-8d7b-4702-a75b-276acd53e539: Failed appendEntries to a153dc25-438c-4576-bda0-442fdc93ce24:192.168.134.78:45433: org.apache.ratis.thirdparty.io.grpc.StatusRuntimeException: UNAVAILABLE: io exception
2019-06-14 12:58:38,107 INFO  impl.FollowerInfo (FollowerInfo.java:lambda$new$0(50)) - bebcae61-8d7b-4702-a75b-276acd53e539->87ac541d-3451-459d-a83b-85a9420cbaf3: nextIndex: updateUnconditionally 0 -> 0
2019-06-14 12:58:38,107 INFO  impl.FollowerInfo (FollowerInfo.java:lambda$new$0(50)) - bebcae61-8d7b-4702-a75b-276acd53e539->a153dc25-438c-4576-bda0-442fdc93ce24: nextIndex: updateUnconditionally 0 -> 0
2019-06-14 12:58:38,607 WARN  server.GrpcLogAppender (LogUtils.java:warn(134)) - bebcae61-8d7b-4702-a75b-276acd53e539: Failed appendEntries to a153dc25-438c-4576-bda0-442fdc93ce24:192.168.134.78:45433: org.apache.ratis.thirdparty.io.grpc.StatusRuntimeException: UNAVAILABLE: io exception
2019-06-14 12:58:38,607 INFO  impl.FollowerInfo (FollowerInfo.java:lambda$new$0(50)) - bebcae61-8d7b-4702-a75b-276acd53e539->a153dc25-438c-4576-bda0-442fdc93ce24: nextIndex: updateUnconditionally 0 -> 0
2019-06-14 12:58:38,607 WARN  server.GrpcLogAppender (LogUtils.java:warn(134)) - bebcae61-8d7b-4702-a75b-276acd53e539: Failed appendEntries to 87ac541d-3451-459d-a83b-85a9420cbaf3:192.168.134.78:41489: org.apache.ratis.thirdparty.io.grpc.StatusRuntimeException: UNAVAILABLE: io exception
2019-06-14 12:58:38,607 INFO  impl.FollowerInfo (FollowerInfo.java:lambda$new$0(50)) - bebcae61-8d7b-4702-a75b-276acd53e539->87ac541d-3451-459d-a83b-85a9420cbaf3: nextIndex: updateUnconditionally 0 -> 0
2019-06-14 12:58:39,022 INFO  client.GrpcClientProtocolService (GrpcClientProtocolService.java:lambda$processClientRequest$0(264)) - Failed RaftClientRequest:client-B2B4A9B7714E->bebcae61-8d7b-4702-a75b-276acd53e539@group-4E31065205C9, cid=55, seq=0, Watch-ALL_COMMITTED(2), Message:<EMPTY>, reply=RaftClientReply:client-B2B4A9B7714E->bebcae61-8d7b-4702-a75b-276acd53e539@group-4E31065205C9, cid=55, FAILED org.apache.ratis.protocol.NotReplicatedException: Request with call Id 55 and log index 2 is not yet replicated to ALL_COMMITTED, logIndex=2, commits[bebcae61-8d7b-4702-a75b-276acd53e539:c2, a153dc25-438c-4576-bda0-442fdc93ce24:c1, 87ac541d-3451-459d-a83b-85a9420cbaf3:c1]
2019-06-14 12:58:39,107 WARN  server.GrpcLogAppender (LogUtils.java:warn(134)) - bebcae61-8d7b-4702-a75b-276acd53e539: Failed appendEntries to a153dc25-438c-4576-bda0-442fdc93ce24:192.168.134.78:45433: org.apache.ratis.thirdparty.io.grpc.StatusRuntimeException: UNAVAILABLE: io exception
2019-06-14 12:58:39,108 INFO  impl.FollowerInfo (FollowerInfo.java:lambda$new$0(50)) - bebcae61-8d7b-4702-a75b-276acd53e539->a153dc25-438c-4576-bda0-442fdc93ce24: nextIndex: updateUnconditionally 0 -> 0
2019-06-14 12:58:39,108 WARN  server.GrpcLogAppender (LogUtils.java:warn(134)) - bebcae61-8d7b-4702-a75b-276acd53e539: Failed appendEntries to 87ac541d-3451-459d-a83b-85a9420cbaf3:192.168.134.78:41489: org.apache.ratis.thirdparty.io.grpc.StatusRuntimeException: UNAVAILABLE: io exception
2019-06-14 12:58:39,112 INFO  impl.FollowerInfo (FollowerInfo.java:lambda$new$0(50)) - bebcae61-8d7b-4702-a75b-276acd53e539->87ac541d-3451-459d-a83b-85a9420cbaf3: nextIndex: updateUnconditionally 0 -> 0
2019-06-14 12:58:39,608 WARN  server.GrpcLogAppender (LogUtils.java:warn(134)) - bebcae61-8d7b-4702-a75b-276acd53e539: Failed appendEntries to 87ac541d-3451-459d-a83b-85a9420cbaf3:192.168.134.78:41489: org.apache.ratis.thirdparty.io.grpc.StatusRuntimeException: UNAVAILABLE: io exception
2019-06-14 12:58:39,608 WARN  server.GrpcLogAppender (LogUtils.java:warn(134)) - bebcae61-8d7b-4702-a75b-276acd53e539: Failed appendEntries to a153dc25-438c-4576-bda0-442fdc93ce24:192.168.134.78:45433: org.apache.ratis.thirdparty.io.grpc.StatusRuntimeException: UNAVAILABLE: io exception
2019-06-14 12:58:39,608 INFO  impl.FollowerInfo (FollowerInfo.java:lambda$new$0(50)) - bebcae61-8d7b-4702-a75b-276acd53e539->87ac541d-3451-459d-a83b-85a9420cbaf3: nextIndex: updateUnconditionally 0 -> 0
2019-06-14 12:58:39,608 INFO  impl.FollowerInfo (FollowerInfo.java:lambda$new$0(50)) - bebcae61-8d7b-4702-a75b-276acd53e539->a153dc25-438c-4576-bda0-442fdc93ce24: nextIndex: updateUnconditionally 0 -> 0
2019-06-14 12:58:40,024 INFO  client.GrpcClientProtocolService (GrpcClientProtocolService.java:lambda$processClientRequest$0(264)) - Failed RaftClientRequest:client-B2B4A9B7714E->bebcae61-8d7b-4702-a75b-276acd53e539@group-4E31065205C9, cid=56, seq=0, Watch-MAJORITY_COMMITTED(2), Message:<EMPTY>, reply=RaftClientReply:client-B2B4A9B7714E->bebcae61-8d7b-4702-a75b-276acd53e539@group-4E31065205C9, cid=56, FAILED org.apache.ratis.protocol.NotReplicatedException: Request with call Id 56 and log index 2 is not yet replicated to MAJORITY_COMMITTED, logIndex=2, commits[bebcae61-8d7b-4702-a75b-276acd53e539:c2, a153dc25-438c-4576-bda0-442fdc93ce24:c1, 87ac541d-3451-459d-a83b-85a9420cbaf3:c1]
2019-06-14 12:58:40,108 WARN  server.GrpcLogAppender (LogUtils.java:warn(134)) - bebcae61-8d7b-4702-a75b-276acd53e539: Failed appendEntries to a153dc25-438c-4576-bda0-442fdc93ce24:192.168.134.78:45433: org.apache.ratis.thirdparty.io.grpc.StatusRuntimeException: UNAVAILABLE: io exception
2019-06-14 12:58:40,109 WARN  server.GrpcLogAppender (LogUtils.java:warn(134)) - bebcae61-8d7b-4702-a75b-276acd53e539: Failed appendEntries to 87ac541d-3451-459d-a83b-85a9420cbaf3:192.168.134.78:41489: org.apache.ratis.thirdparty.io.grpc.StatusRuntimeException: UNAVAILABLE: io exception
2019-06-14 12:58:40,112 INFO  impl.FollowerInfo (FollowerInfo.java:lambda$new$0(50)) - bebcae61-8d7b-4702-a75b-276acd53e539->a153dc25-438c-4576-bda0-442fdc93ce24: nextIndex: updateUnconditionally 0 -> 0
2019-06-14 12:58:40,112 INFO  impl.FollowerInfo (FollowerInfo.java:lambda$new$0(50)) - bebcae61-8d7b-4702-a75b-276acd53e539->87ac541d-3451-459d-a83b-85a9420cbaf3: nextIndex: updateUnconditionally 0 -> 0
2019-06-14 12:58:40,609 WARN  server.GrpcLogAppender (LogUtils.java:warn(134)) - bebcae61-8d7b-4702-a75b-276acd53e539: Failed appendEntries to a153dc25-438c-4576-bda0-442fdc93ce24:192.168.134.78:45433: org.apache.ratis.thirdparty.io.grpc.StatusRuntimeException: UNAVAILABLE: io exception
2019-06-14 12:58:40,609 WARN  server.GrpcLogAppender (LogUtils.java:warn(134)) - bebcae61-8d7b-4702-a75b-276acd53e539: Failed appendEntries to 87ac541d-3451-459d-a83b-85a9420cbaf3:192.168.134.78:41489: org.apache.ratis.thirdparty.io.grpc.StatusRuntimeException: UNAVAILABLE: io exception
2019-06-14 12:58:40,609 INFO  impl.FollowerInfo (FollowerInfo.java:lambda$new$0(50)) - bebcae61-8d7b-4702-a75b-276acd53e539->a153dc25-438c-4576-bda0-442fdc93ce24: nextIndex: updateUnconditionally 0 -> 0
2019-06-14 12:58:40,609 INFO  impl.FollowerInfo (FollowerInfo.java:lambda$new$0(50)) - bebcae61-8d7b-4702-a75b-276acd53e539->87ac541d-3451-459d-a83b-85a9420cbaf3: nextIndex: updateUnconditionally 0 -> 0
2019-06-14 12:58:41,109 WARN  server.GrpcLogAppender (LogUtils.java:warn(134)) - bebcae61-8d7b-4702-a75b-276acd53e539: Failed appendEntries to 87ac541d-3451-459d-a83b-85a9420cbaf3:192.168.134.78:41489: org.apache.ratis.thirdparty.io.grpc.StatusRuntimeException: UNAVAILABLE: io exception
2019-06-14 12:58:41,109 WARN  server.GrpcLogAppender (LogUtils.java:warn(134)) - bebcae61-8d7b-4702-a75b-276acd53e539: Failed appendEntries to a153dc25-438c-4576-bda0-442fdc93ce24:192.168.134.78:45433: org.apache.ratis.thirdparty.io.grpc.StatusRuntimeException: UNAVAILABLE: io exception
2019-06-14 12:58:41,110 INFO  impl.FollowerInfo (FollowerInfo.java:lambda$new$0(50)) - bebcae61-8d7b-4702-a75b-276acd53e539->87ac541d-3451-459d-a83b-85a9420cbaf3: nextIndex: updateUnconditionally 0 -> 0
2019-06-14 12:58:41,110 INFO  impl.FollowerInfo (FollowerInfo.java:lambda$new$0(50)) - bebcae61-8d7b-4702-a75b-276acd53e539->a153dc25-438c-4576-bda0-442fdc93ce24: nextIndex: updateUnconditionally 0 -> 0
2019-06-14 12:58:41,610 WARN  server.GrpcLogAppender (LogUtils.java:warn(134)) - bebcae61-8d7b-4702-a75b-276acd53e539: Failed appendEntries to 87ac541d-3451-459d-a83b-85a9420cbaf3:192.168.134.78:41489: org.apache.ratis.thirdparty.io.grpc.StatusRuntimeException: UNAVAILABLE: io exception
2019-06-14 12:58:41,610 WARN  server.GrpcLogAppender (LogUtils.java:warn(134)) - bebcae61-8d7b-4702-a75b-276acd53e539: Failed appendEntries to a153dc25-438c-4576-bda0-442fdc93ce24:192.168.134.78:45433: org.apache.ratis.thirdparty.io.grpc.StatusRuntimeException: UNAVAILABLE: io exception
2019-06-14 12:58:41,610 INFO  impl.FollowerInfo (FollowerInfo.java:lambda$new$0(50)) - bebcae61-8d7b-4702-a75b-276acd53e539->87ac541d-3451-459d-a83b-85a9420cbaf3: nextIndex: updateUnconditionally 0 -> 0
2019-06-14 12:58:41,611 INFO  impl.FollowerInfo (FollowerInfo.java:lambda$new$0(50)) - bebcae61-8d7b-4702-a75b-276acd53e539->a153dc25-438c-4576-bda0-442fdc93ce24: nextIndex: updateUnconditionally 0 -> 0
2019-06-14 12:58:42,110 WARN  server.GrpcLogAppender (LogUtils.java:warn(134)) - bebcae61-8d7b-4702-a75b-276acd53e539: Failed appendEntries to a153dc25-438c-4576-bda0-442fdc93ce24:192.168.134.78:45433: org.apache.ratis.thirdparty.io.grpc.StatusRuntimeException: UNAVAILABLE: io exception
2019-06-14 12:58:42,110 WARN  server.GrpcLogAppender (LogUtils.java:warn(134)) - bebcae61-8d7b-4702-a75b-276acd53e539: Failed appendEntries to 87ac541d-3451-459d-a83b-85a9420cbaf3:192.168.134.78:41489: org.apache.ratis.thirdparty.io.grpc.StatusRuntimeException: UNAVAILABLE: io exception
2019-06-14 12:58:42,111 INFO  impl.FollowerInfo (FollowerInfo.java:lambda$new$0(50)) - bebcae61-8d7b-4702-a75b-276acd53e539->a153dc25-438c-4576-bda0-442fdc93ce24: nextIndex: updateUnconditionally 0 -> 0
2019-06-14 12:58:42,111 INFO  impl.FollowerInfo (FollowerInfo.java:lambda$new$0(50)) - bebcae61-8d7b-4702-a75b-276acd53e539->87ac541d-3451-459d-a83b-85a9420cbaf3: nextIndex: updateUnconditionally 0 -> 0
2019-06-14 12:58:42,611 WARN  server.GrpcLogAppender (LogUtils.java:warn(134)) - bebcae61-8d7b-4702-a75b-276acd53e539: Failed appendEntries to 87ac541d-3451-459d-a83b-85a9420cbaf3:192.168.134.78:41489: org.apache.ratis.thirdparty.io.grpc.StatusRuntimeException: UNAVAILABLE: io exception
2019-06-14 12:58:42,611 WARN  server.GrpcLogAppender (LogUtils.java:warn(134)) - bebcae61-8d7b-4702-a75b-276acd53e539: Failed appendEntries to a153dc25-438c-4576-bda0-442fdc93ce24:192.168.134.78:45433: org.apache.ratis.thirdparty.io.grpc.StatusRuntimeException: UNAVAILABLE: io exception
2019-06-14 12:58:42,611 INFO  impl.FollowerInfo (FollowerInfo.java:lambda$new$0(50)) - bebcae61-8d7b-4702-a75b-276acd53e539->87ac541d-3451-459d-a83b-85a9420cbaf3: nextIndex: updateUnconditionally 0 -> 0
2019-06-14 12:58:42,611 INFO  impl.FollowerInfo (FollowerInfo.java:lambda$new$0(50)) - bebcae61-8d7b-4702-a75b-276acd53e539->a153dc25-438c-4576-bda0-442fdc93ce24: nextIndex: updateUnconditionally 0 -> 0
2019-06-14 12:58:43,111 WARN  server.GrpcLogAppender (LogUtils.java:warn(134)) - bebcae61-8d7b-4702-a75b-276acd53e539: Failed appendEntries to a153dc25-438c-4576-bda0-442fdc93ce24:192.168.134.78:45433: org.apache.ratis.thirdparty.io.grpc.StatusRuntimeException: UNAVAILABLE: io exception
2019-06-14 12:58:43,111 WARN  server.GrpcLogAppender (LogUtils.java:warn(134)) - bebcae61-8d7b-4702-a75b-276acd53e539: Failed appendEntries to 87ac541d-3451-459d-a83b-85a9420cbaf3:192.168.134.78:41489: org.apache.ratis.thirdparty.io.grpc.StatusRuntimeException: UNAVAILABLE: io exception
2019-06-14 12:58:43,112 INFO  impl.FollowerInfo (FollowerInfo.java:lambda$new$0(50)) - bebcae61-8d7b-4702-a75b-276acd53e539->a153dc25-438c-4576-bda0-442fdc93ce24: nextIndex: updateUnconditionally 0 -> 0
2019-06-14 12:58:43,112 INFO  impl.FollowerInfo (FollowerInfo.java:lambda$new$0(50)) - bebcae61-8d7b-4702-a75b-276acd53e539->87ac541d-3451-459d-a83b-85a9420cbaf3: nextIndex: updateUnconditionally 0 -> 0
2019-06-14 12:58:43,612 WARN  server.GrpcLogAppender (LogUtils.java:warn(134)) - bebcae61-8d7b-4702-a75b-276acd53e539: Failed appendEntries to a153dc25-438c-4576-bda0-442fdc93ce24:192.168.134.78:45433: org.apache.ratis.thirdparty.io.grpc.StatusRuntimeException: UNAVAILABLE: io exception
2019-06-14 12:58:43,612 INFO  impl.FollowerInfo (FollowerInfo.java:lambda$new$0(50)) - bebcae61-8d7b-4702-a75b-276acd53e539->a153dc25-438c-4576-bda0-442fdc93ce24: nextIndex: updateUnconditionally 0 -> 0
2019-06-14 12:58:43,612 WARN  server.GrpcLogAppender (LogUtils.java:warn(134)) - bebcae61-8d7b-4702-a75b-276acd53e539: Failed appendEntries to 87ac541d-3451-459d-a83b-85a9420cbaf3:192.168.134.78:41489: org.apache.ratis.thirdparty.io.grpc.StatusRuntimeException: UNAVAILABLE: io exception
2019-06-14 12:58:43,613 INFO  impl.FollowerInfo (FollowerInfo.java:lambda$new$0(50)) - bebcae61-8d7b-4702-a75b-276acd53e539->87ac541d-3451-459d-a83b-85a9420cbaf3: nextIndex: updateUnconditionally 0 -> 0
2019-06-14 12:58:44,022 INFO  client.GrpcClientProtocolService (GrpcClientProtocolService.java:lambda$processClientRequest$0(264)) - Failed RaftClientRequest:client-B2B4A9B7714E->bebcae61-8d7b-4702-a75b-276acd53e539@group-4E31065205C9, cid=55, seq=0, Watch-ALL_COMMITTED(2), Message:<EMPTY>, reply=RaftClientReply:client-B2B4A9B7714E->bebcae61-8d7b-4702-a75b-276acd53e539@group-4E31065205C9, cid=55, FAILED org.apache.ratis.protocol.NotReplicatedException: Request with call Id 55 and log index 2 is not yet replicated to ALL_COMMITTED, logIndex=2, commits[bebcae61-8d7b-4702-a75b-276acd53e539:c2, a153dc25-438c-4576-bda0-442fdc93ce24:c1, 87ac541d-3451-459d-a83b-85a9420cbaf3:c1]
2019-06-14 12:58:44,022 INFO  client.GrpcClientProtocolService (GrpcClientProtocolService.java:lambda$processClientRequest$0(264)) - Failed RaftClientRequest:client-B2B4A9B7714E->bebcae61-8d7b-4702-a75b-276acd53e539@group-4E31065205C9, cid=56, seq=0, Watch-MAJORITY_COMMITTED(2), Message:<EMPTY>, reply=RaftClientReply:client-B2B4A9B7714E->bebcae61-8d7b-4702-a75b-276acd53e539@group-4E31065205C9, cid=56, FAILED org.apache.ratis.protocol.NotReplicatedException: Request with call Id 56 and log index 2 is not yet replicated to MAJORITY_COMMITTED, logIndex=2, commits[bebcae61-8d7b-4702-a75b-276acd53e539:c2, a153dc25-438c-4576-bda0-442fdc93ce24:c1, 87ac541d-3451-459d-a83b-85a9420cbaf3:c1]
2019-06-14 12:58:44,112 WARN  server.GrpcLogAppender (LogUtils.java:warn(134)) - bebcae61-8d7b-4702-a75b-276acd53e539: Failed appendEntries to a153dc25-438c-4576-bda0-442fdc93ce24:192.168.134.78:45433: org.apache.ratis.thirdparty.io.grpc.StatusRuntimeException: UNAVAILABLE: io exception
2019-06-14 12:58:44,116 INFO  impl.FollowerInfo (FollowerInfo.java:lambda$new$0(50)) - bebcae61-8d7b-4702-a75b-276acd53e539->a153dc25-438c-4576-bda0-442fdc93ce24: nextIndex: updateUnconditionally 0 -> 0
2019-06-14 12:58:44,116 WARN  server.GrpcLogAppender (LogUtils.java:warn(134)) - bebcae61-8d7b-4702-a75b-276acd53e539: Failed appendEntries to 87ac541d-3451-459d-a83b-85a9420cbaf3:192.168.134.78:41489: org.apache.ratis.thirdparty.io.grpc.StatusRuntimeException: UNAVAILABLE: io exception
2019-06-14 12:58:44,119 INFO  impl.FollowerInfo (FollowerInfo.java:lambda$new$0(50)) - bebcae61-8d7b-4702-a75b-276acd53e539->87ac541d-3451-459d-a83b-85a9420cbaf3: nextIndex: updateUnconditionally 0 -> 0
2019-06-14 12:58:44,613 WARN  server.GrpcLogAppender (LogUtils.java:warn(134)) - bebcae61-8d7b-4702-a75b-276acd53e539: Failed appendEntries to 87ac541d-3451-459d-a83b-85a9420cbaf3:192.168.134.78:41489: org.apache.ratis.thirdparty.io.grpc.StatusRuntimeException: UNAVAILABLE: io exception
2019-06-14 12:58:44,613 WARN  server.GrpcLogAppender (LogUtils.java:warn(134)) - bebcae61-8d7b-4702-a75b-276acd53e539: Failed appendEntries to a153dc25-438c-4576-bda0-442fdc93ce24:192.168.134.78:45433: org.apache.ratis.thirdparty.io.grpc.StatusRuntimeException: UNAVAILABLE: io exception
2019-06-14 12:58:44,613 INFO  impl.FollowerInfo (FollowerInfo.java:lambda$new$0(50)) - bebcae61-8d7b-4702-a75b-276acd53e539->87ac541d-3451-459d-a83b-85a9420cbaf3: nextIndex: updateUnconditionally 0 -> 0
2019-06-14 12:58:44,613 INFO  impl.FollowerInfo (FollowerInfo.java:lambda$new$0(50)) - bebcae61-8d7b-4702-a75b-276acd53e539->a153dc25-438c-4576-bda0-442fdc93ce24: nextIndex: updateUnconditionally 0 -> 0
2019-06-14 12:58:45,115 WARN  server.GrpcLogAppender (LogUtils.java:warn(134)) - bebcae61-8d7b-4702-a75b-276acd53e539: Failed appendEntries to 87ac541d-3451-459d-a83b-85a9420cbaf3:192.168.134.78:41489: org.apache.ratis.thirdparty.io.grpc.StatusRuntimeException: UNAVAILABLE: io exception
2019-06-14 12:58:45,115 WARN  server.GrpcLogAppender (LogUtils.java:warn(134)) - bebcae61-8d7b-4702-a75b-276acd53e539: Failed appendEntries to a153dc25-438c-4576-bda0-442fdc93ce24:192.168.134.78:45433: org.apache.ratis.thirdparty.io.grpc.StatusRuntimeException: UNAVAILABLE: io exception
2019-06-14 12:58:45,115 INFO  impl.FollowerInfo (FollowerInfo.java:lambda$new$0(50)) - bebcae61-8d7b-4702-a75b-276acd53e539->87ac541d-3451-459d-a83b-85a9420cbaf3: nextIndex: updateUnconditionally 0 -> 0
2019-06-14 12:58:45,115 INFO  impl.FollowerInfo (FollowerInfo.java:lambda$new$0(50)) - bebcae61-8d7b-4702-a75b-276acd53e539->a153dc25-438c-4576-bda0-442fdc93ce24: nextIndex: updateUnconditionally 0 -> 0
2019-06-14 12:58:45,614 WARN  server.GrpcLogAppender (LogUtils.java:warn(134)) - bebcae61-8d7b-4702-a75b-276acd53e539: Failed appendEntries to 87ac541d-3451-459d-a83b-85a9420cbaf3:192.168.134.78:41489: org.apache.ratis.thirdparty.io.grpc.StatusRuntimeException: UNAVAILABLE: io exception
2019-06-14 12:58:45,614 INFO  impl.FollowerInfo (FollowerInfo.java:lambda$new$0(50)) - bebcae61-8d7b-4702-a75b-276acd53e539->87ac541d-3451-459d-a83b-85a9420cbaf3: nextIndex: updateUnconditionally 0 -> 0
2019-06-14 12:58:45,614 WARN  server.GrpcLogAppender (LogUtils.java:warn(134)) - bebcae61-8d7b-4702-a75b-276acd53e539: Failed appendEntries to a153dc25-438c-4576-bda0-442fdc93ce24:192.168.134.78:45433: org.apache.ratis.thirdparty.io.grpc.StatusRuntimeException: UNAVAILABLE: io exception
2019-06-14 12:58:45,615 INFO  impl.FollowerInfo (FollowerInfo.java:lambda$new$0(50)) - bebcae61-8d7b-4702-a75b-276acd53e539->a153dc25-438c-4576-bda0-442fdc93ce24: nextIndex: updateUnconditionally 0 -> 0
2019-06-14 12:58:46,115 WARN  server.GrpcLogAppender (LogUtils.java:warn(134)) - bebcae61-8d7b-4702-a75b-276acd53e539: Failed appendEntries to a153dc25-438c-4576-bda0-442fdc93ce24:192.168.134.78:45433: org.apache.ratis.thirdparty.io.grpc.StatusRuntimeException: UNAVAILABLE: io exception
2019-06-14 12:58:46,115 INFO  impl.FollowerInfo (FollowerInfo.java:lambda$new$0(50)) - bebcae61-8d7b-4702-a75b-276acd53e539->a153dc25-438c-4576-bda0-442fdc93ce24: nextIndex: updateUnconditionally 0 -> 0
2019-06-14 12:58:46,115 WARN  server.GrpcLogAppender (LogUtils.java:warn(134)) - bebcae61-8d7b-4702-a75b-276acd53e539: Failed appendEntries to 87ac541d-3451-459d-a83b-85a9420cbaf3:192.168.134.78:41489: org.apache.ratis.thirdparty.io.grpc.StatusRuntimeException: UNAVAILABLE: io exception
2019-06-14 12:58:46,115 INFO  impl.FollowerInfo (FollowerInfo.java:lambda$new$0(50)) - bebcae61-8d7b-4702-a75b-276acd53e539->87ac541d-3451-459d-a83b-85a9420cbaf3: nextIndex: updateUnconditionally 0 -> 0
2019-06-14 12:58:46,615 WARN  server.GrpcLogAppender (LogUtils.java:warn(134)) - bebcae61-8d7b-4702-a75b-276acd53e539: Failed appendEntries to a153dc25-438c-4576-bda0-442fdc93ce24:192.168.134.78:45433: org.apache.ratis.thirdparty.io.grpc.StatusRuntimeException: UNAVAILABLE: io exception
2019-06-14 12:58:46,615 WARN  server.GrpcLogAppender (LogUtils.java:warn(134)) - bebcae61-8d7b-4702-a75b-276acd53e539: Failed appendEntries to 87ac541d-3451-459d-a83b-85a9420cbaf3:192.168.134.78:41489: org.apache.ratis.thirdparty.io.grpc.StatusRuntimeException: UNAVAILABLE: io exception
2019-06-14 12:58:46,615 INFO  impl.FollowerInfo (FollowerInfo.java:lambda$new$0(50)) - bebcae61-8d7b-4702-a75b-276acd53e539->a153dc25-438c-4576-bda0-442fdc93ce24: nextIndex: updateUnconditionally 0 -> 0
2019-06-14 12:58:46,615 INFO  impl.FollowerInfo (FollowerInfo.java:lambda$new$0(50)) - bebcae61-8d7b-4702-a75b-276acd53e539->87ac541d-3451-459d-a83b-85a9420cbaf3: nextIndex: updateUnconditionally 0 -> 0
2019-06-14 12:58:47,116 WARN  server.GrpcLogAppender (LogUtils.java:warn(134)) - bebcae61-8d7b-4702-a75b-276acd53e539: Failed appendEntries to a153dc25-438c-4576-bda0-442fdc93ce24:192.168.134.78:45433: org.apache.ratis.thirdparty.io.grpc.StatusRuntimeException: UNAVAILABLE: io exception
2019-06-14 12:58:47,116 WARN  server.GrpcLogAppender (LogUtils.java:warn(134)) - bebcae61-8d7b-4702-a75b-276acd53e539: Failed appendEntries to 87ac541d-3451-459d-a83b-85a9420cbaf3:192.168.134.78:41489: org.apache.ratis.thirdparty.io.grpc.StatusRuntimeException: UNAVAILABLE: io exception
2019-06-14 12:58:47,116 INFO  impl.FollowerInfo (FollowerInfo.java:lambda$new$0(50)) - bebcae61-8d7b-4702-a75b-276acd53e539->a153dc25-438c-4576-bda0-442fdc93ce24: nextIndex: updateUnconditionally 0 -> 0
2019-06-14 12:58:47,116 INFO  impl.FollowerInfo (FollowerInfo.java:lambda$new$0(50)) - bebcae61-8d7b-4702-a75b-276acd53e539->87ac541d-3451-459d-a83b-85a9420cbaf3: nextIndex: updateUnconditionally 0 -> 0
2019-06-14 12:58:47,616 WARN  server.GrpcLogAppender (LogUtils.java:warn(134)) - bebcae61-8d7b-4702-a75b-276acd53e539: Failed appendEntries to a153dc25-438c-4576-bda0-442fdc93ce24:192.168.134.78:45433: org.apache.ratis.thirdparty.io.grpc.StatusRuntimeException: UNAVAILABLE: io exception
2019-06-14 12:58:47,617 INFO  impl.FollowerInfo (FollowerInfo.java:lambda$new$0(50)) - bebcae61-8d7b-4702-a75b-276acd53e539->a153dc25-438c-4576-bda0-442fdc93ce24: nextIndex: updateUnconditionally 0 -> 0
2019-06-14 12:58:47,618 WARN  server.GrpcLogAppender (LogUtils.java:warn(134)) - bebcae61-8d7b-4702-a75b-276acd53e539: Failed appendEntries to 87ac541d-3451-459d-a83b-85a9420cbaf3:192.168.134.78:41489: org.apache.ratis.thirdparty.io.grpc.StatusRuntimeException: UNAVAILABLE: io exception
2019-06-14 12:58:47,618 INFO  impl.FollowerInfo (FollowerInfo.java:lambda$new$0(50)) - bebcae61-8d7b-4702-a75b-276acd53e539->87ac541d-3451-459d-a83b-85a9420cbaf3: nextIndex: updateUnconditionally 0 -> 0
2019-06-14 12:58:48,117 WARN  server.GrpcLogAppender (LogUtils.java:warn(134)) - bebcae61-8d7b-4702-a75b-276acd53e539: Failed appendEntries to a153dc25-438c-4576-bda0-442fdc93ce24:192.168.134.78:45433: org.apache.ratis.thirdparty.io.grpc.StatusRuntimeException: UNAVAILABLE: io exception
2019-06-14 12:58:48,117 WARN  server.GrpcLogAppender (LogUtils.java:warn(134)) - bebcae61-8d7b-4702-a75b-276acd53e539: Failed appendEntries to 87ac541d-3451-459d-a83b-85a9420cbaf3:192.168.134.78:41489: org.apache.ratis.thirdparty.io.grpc.StatusRuntimeException: UNAVAILABLE: io exception
2019-06-14 12:58:48,117 INFO  impl.FollowerInfo (FollowerInfo.java:lambda$new$0(50)) - bebcae61-8d7b-4702-a75b-276acd53e539->a153dc25-438c-4576-bda0-442fdc93ce24: nextIndex: updateUnconditionally 0 -> 0
2019-06-14 12:58:48,117 INFO  impl.FollowerInfo (FollowerInfo.java:lambda$new$0(50)) - bebcae61-8d7b-4702-a75b-276acd53e539->87ac541d-3451-459d-a83b-85a9420cbaf3: nextIndex: updateUnconditionally 0 -> 0
2019-06-14 12:58:48,617 WARN  server.GrpcLogAppender (LogUtils.java:warn(134)) - bebcae61-8d7b-4702-a75b-276acd53e539: Failed appendEntries to 87ac541d-3451-459d-a83b-85a9420cbaf3:192.168.134.78:41489: org.apache.ratis.thirdparty.io.grpc.StatusRuntimeException: UNAVAILABLE: io exception
2019-06-14 12:58:48,618 INFO  impl.FollowerInfo (FollowerInfo.java:lambda$new$0(50)) - bebcae61-8d7b-4702-a75b-276acd53e539->87ac541d-3451-459d-a83b-85a9420cbaf3: nextIndex: updateUnconditionally 0 -> 0
2019-06-14 12:58:48,618 WARN  server.GrpcLogAppender (LogUtils.java:warn(134)) - bebcae61-8d7b-4702-a75b-276acd53e539: Failed appendEntries to a153dc25-438c-4576-bda0-442fdc93ce24:192.168.134.78:45433: org.apache.ratis.thirdparty.io.grpc.StatusRuntimeException: UNAVAILABLE: io exception
2019-06-14 12:58:48,618 INFO  impl.FollowerInfo (FollowerInfo.java:lambda$new$0(50)) - bebcae61-8d7b-4702-a75b-276acd53e539->a153dc25-438c-4576-bda0-442fdc93ce24: nextIndex: updateUnconditionally 0 -> 0
]]></system-out>
    <system-err><![CDATA[Jun 14, 2019 12:58:01 PM com.sun.jersey.server.impl.application.WebApplicationImpl _initiate
INFO: Initiating Jersey application, version 'Jersey: 1.19 02/11/2015 03:25 AM'
Jun 14, 2019 12:58:01 PM com.sun.jersey.server.impl.application.WebApplicationImpl _initiate
INFO: Initiating Jersey application, version 'Jersey: 1.19 02/11/2015 03:25 AM'
Jun 14, 2019 12:58:01 PM com.sun.jersey.server.impl.application.WebApplicationImpl _initiate
INFO: Initiating Jersey application, version 'Jersey: 1.19 02/11/2015 03:25 AM'
Jun 14, 2019 12:58:01 PM com.sun.jersey.server.impl.application.WebApplicationImpl _initiate
INFO: Initiating Jersey application, version 'Jersey: 1.19 02/11/2015 03:25 AM'
Jun 14, 2019 12:58:01 PM com.sun.jersey.server.impl.application.WebApplicationImpl _initiate
INFO: Initiating Jersey application, version 'Jersey: 1.19 02/11/2015 03:25 AM'
Jun 14, 2019 12:58:02 PM com.sun.jersey.server.impl.application.WebApplicationImpl _initiate
INFO: Initiating Jersey application, version 'Jersey: 1.19 02/11/2015 03:25 AM'
Jun 14, 2019 12:58:02 PM com.sun.jersey.server.impl.application.WebApplicationImpl _initiate
INFO: Initiating Jersey application, version 'Jersey: 1.19 02/11/2015 03:25 AM'
]]></system-err>
  </testcase>
  <testcase name="testWatchForCommitForGroupMismatchException" classname="org.apache.hadoop.ozone.client.rpc.TestWatchForCommit" time="8.25"/>
  <testcase name="test2WayCommitForTimeoutException" classname="org.apache.hadoop.ozone.client.rpc.TestWatchForCommit" time="13.029"/>
  <testcase name="test2WayCommitForRetryfailure" classname="org.apache.hadoop.ozone.client.rpc.TestWatchForCommit" time="30.152"/>
</testsuite>