<?xml version="1.0" encoding="UTF-8"?>
<testsuite xmlns:xsi="http://www.w3.org/2001/XMLSchema-instance" xsi:noNamespaceSchemaLocation="https://maven.apache.org/surefire/maven-surefire-plugin/xsd/surefire-test-report.xsd" name="org.apache.hadoop.hdds.scm.pipeline.TestNodeFailure" time="10.193" tests="1" errors="0" skipped="1" failures="0">
  <properties>
    <property name="awt.toolkit" value="sun.awt.X11.XToolkit"/>
    <property name="file.encoding.pkg" value="sun.io"/>
    <property name="java.specification.version" value="1.8"/>
    <property name="sun.cpu.isalist" value=""/>
    <property name="sun.jnu.encoding" value="UTF-8"/>
    <property name="java.class.path" value="/opt/src/hadoop-ozone/integration-test/target/test-classes:/opt/src/hadoop-ozone/integration-test/target/classes:/root/.m2/repository/org/apache/hadoop/hadoop-ozone-common/0.5.0-SNAPSHOT/hadoop-ozone-common-0.5.0-SNAPSHOT.jar:/root/.m2/repository/org/apache/commons/commons-compress/1.4.1/commons-compress-1.4.1.jar:/root/.m2/repository/org/tukaani/xz/1.0/xz-1.0.jar:/root/.m2/repository/org/apache/hadoop/hadoop-common/3.2.0/hadoop-common-3.2.0.jar:/root/.m2/repository/org/apache/hadoop/hadoop-hdfs/3.2.0/hadoop-hdfs-3.2.0.jar:/root/.m2/repository/org/apache/hadoop/hadoop-hdfs-client/3.2.0/hadoop-hdfs-client-3.2.0.jar:/root/.m2/repository/com/fasterxml/jackson/core/jackson-annotations/2.9.5/jackson-annotations-2.9.5.jar:/root/.m2/repository/org/apache/hadoop/hadoop-hdds-common/0.5.0-SNAPSHOT/hadoop-hdds-common-0.5.0-SNAPSHOT.jar:/root/.m2/repository/javax/annotation/javax.annotation-api/1.2/javax.annotation-api-1.2.jar:/root/.m2/repository/org/apache/ratis/ratis-server/0.4.0-fe2b15d-SNAPSHOT/ratis-server-0.4.0-fe2b15d-SNAPSHOT.jar:/root/.m2/repository/org/apache/ratis/ratis-thirdparty-misc/0.2.0/ratis-thirdparty-misc-0.2.0.jar:/root/.m2/repository/org/apache/ratis/ratis-proto/0.4.0-fe2b15d-SNAPSHOT/ratis-proto-0.4.0-fe2b15d-SNAPSHOT.jar:/root/.m2/repository/org/apache/ratis/ratis-common/0.4.0-fe2b15d-SNAPSHOT/ratis-common-0.4.0-fe2b15d-SNAPSHOT.jar:/root/.m2/repository/org/apache/ratis/ratis-client/0.4.0-fe2b15d-SNAPSHOT/ratis-client-0.4.0-fe2b15d-SNAPSHOT.jar:/root/.m2/repository/org/apache/ratis/ratis-netty/0.4.0-fe2b15d-SNAPSHOT/ratis-netty-0.4.0-fe2b15d-SNAPSHOT.jar:/root/.m2/repository/org/apache/ratis/ratis-grpc/0.4.0-fe2b15d-SNAPSHOT/ratis-grpc-0.4.0-fe2b15d-SNAPSHOT.jar:/root/.m2/repository/org/rocksdb/rocksdbjni/5.14.2/rocksdbjni-5.14.2.jar:/root/.m2/repository/org/apache/logging/log4j/log4j-api/2.11.0/log4j-api-2.11.0.jar:/root/.m2/repository/org/apache/logging/log4j/log4j-core/2.11.0/log4j-core-2.11.0.jar:/root/.m2/repository/com/lmax/disruptor/3.4.2/disruptor-3.4.2.jar:/root/.m2/repository/org/apache/commons/commons-pool2/2.6.0/commons-pool2-2.6.0.jar:/root/.m2/repository/org/bouncycastle/bcpkix-jdk15on/1.60/bcpkix-jdk15on-1.60.jar:/root/.m2/repository/commons-validator/commons-validator/1.6/commons-validator-1.6.jar:/root/.m2/repository/commons-digester/commons-digester/1.8.1/commons-digester-1.8.1.jar:/root/.m2/repository/io/jaegertracing/jaeger-client/0.33.1/jaeger-client-0.33.1.jar:/root/.m2/repository/io/jaegertracing/jaeger-thrift/0.33.1/jaeger-thrift-0.33.1.jar:/root/.m2/repository/org/apache/thrift/libthrift/0.11.0/libthrift-0.11.0.jar:/root/.m2/repository/com/squareup/okhttp3/okhttp/3.9.0/okhttp-3.9.0.jar:/root/.m2/repository/com/squareup/okio/okio/1.13.0/okio-1.13.0.jar:/root/.m2/repository/io/jaegertracing/jaeger-core/0.33.1/jaeger-core-0.33.1.jar:/root/.m2/repository/io/jaegertracing/jaeger-tracerresolver/0.33.1/jaeger-tracerresolver-0.33.1.jar:/root/.m2/repository/io/opentracing/contrib/opentracing-tracerresolver/0.1.5/opentracing-tracerresolver-0.1.5.jar:/root/.m2/repository/io/opentracing/opentracing-util/0.31.0/opentracing-util-0.31.0.jar:/root/.m2/repository/io/opentracing/opentracing-api/0.31.0/opentracing-api-0.31.0.jar:/root/.m2/repository/io/opentracing/opentracing-noop/0.31.0/opentracing-noop-0.31.0.jar:/root/.m2/repository/org/apache/hadoop/hadoop-hdds-server-framework/0.5.0-SNAPSHOT/hadoop-hdds-server-framework-0.5.0-SNAPSHOT.jar:/root/.m2/repository/org/apache/hadoop/hadoop-hdds-server-scm/0.5.0-SNAPSHOT/hadoop-hdds-server-scm-0.5.0-SNAPSHOT.jar:/root/.m2/repository/org/apache/hadoop/hadoop-hdds-container-service/0.5.0-SNAPSHOT/hadoop-hdds-container-service-0.5.0-SNAPSHOT.jar:/root/.m2/repository/org/apache/hadoop/hadoop-hdds-client/0.5.0-SNAPSHOT/hadoop-hdds-client-0.5.0-SNAPSHOT.jar:/root/.m2/repository/org/apache/hadoop/hadoop-hdds-tools/0.5.0-SNAPSHOT/hadoop-hdds-tools-0.5.0-SNAPSHOT.jar:/root/.m2/repository/org/apache/hadoop/hadoop-ozone-ozone-manager/0.5.0-SNAPSHOT/hadoop-ozone-ozone-manager-0.5.0-SNAPSHOT.jar:/root/.m2/repository/org/apache/hadoop/hadoop-hdds-docs/0.5.0-SNAPSHOT/hadoop-hdds-docs-0.5.0-SNAPSHOT.jar:/root/.m2/repository/org/bouncycastle/bcprov-jdk15on/1.60/bcprov-jdk15on-1.60.jar:/root/.m2/repository/org/apache/hadoop/hadoop-minikdc/3.2.0/hadoop-minikdc-3.2.0.jar:/root/.m2/repository/commons-io/commons-io/2.5/commons-io-2.5.jar:/root/.m2/repository/org/apache/kerby/kerb-simplekdc/1.0.1/kerb-simplekdc-1.0.1.jar:/root/.m2/repository/org/apache/kerby/kerb-client/1.0.1/kerb-client-1.0.1.jar:/root/.m2/repository/org/apache/kerby/kerby-config/1.0.1/kerby-config-1.0.1.jar:/root/.m2/repository/org/apache/kerby/kerb-core/1.0.1/kerb-core-1.0.1.jar:/root/.m2/repository/org/apache/kerby/kerby-pkix/1.0.1/kerby-pkix-1.0.1.jar:/root/.m2/repository/org/apache/kerby/kerby-asn1/1.0.1/kerby-asn1-1.0.1.jar:/root/.m2/repository/org/apache/kerby/kerby-util/1.0.1/kerby-util-1.0.1.jar:/root/.m2/repository/org/apache/kerby/kerb-common/1.0.1/kerb-common-1.0.1.jar:/root/.m2/repository/org/apache/kerby/kerb-crypto/1.0.1/kerb-crypto-1.0.1.jar:/root/.m2/repository/org/apache/kerby/kerb-util/1.0.1/kerb-util-1.0.1.jar:/root/.m2/repository/org/apache/kerby/token-provider/1.0.1/token-provider-1.0.1.jar:/root/.m2/repository/org/apache/kerby/kerb-admin/1.0.1/kerb-admin-1.0.1.jar:/root/.m2/repository/org/apache/kerby/kerb-server/1.0.1/kerb-server-1.0.1.jar:/root/.m2/repository/org/apache/kerby/kerb-identity/1.0.1/kerb-identity-1.0.1.jar:/root/.m2/repository/org/apache/kerby/kerby-xdr/1.0.1/kerby-xdr-1.0.1.jar:/root/.m2/repository/org/slf4j/slf4j-log4j12/1.7.25/slf4j-log4j12-1.7.25.jar:/root/.m2/repository/org/apache/hadoop/hadoop-ozone-objectstore-service/0.5.0-SNAPSHOT/hadoop-ozone-objectstore-service-0.5.0-SNAPSHOT.jar:/root/.m2/repository/org/apache/hadoop/hadoop-ozone-s3gateway/0.5.0-SNAPSHOT/hadoop-ozone-s3gateway-0.5.0-SNAPSHOT.jar:/root/.m2/repository/org/jboss/weld/servlet/weld-servlet/2.4.7.Final/weld-servlet-2.4.7.Final.jar:/root/.m2/repository/org/glassfish/jersey/containers/jersey-container-servlet-core/2.27/jersey-container-servlet-core-2.27.jar:/root/.m2/repository/org/glassfish/hk2/external/javax.inject/2.5.0-b42/javax.inject-2.5.0-b42.jar:/root/.m2/repository/org/glassfish/jersey/core/jersey-common/2.27/jersey-common-2.27.jar:/root/.m2/repository/org/glassfish/hk2/osgi-resource-locator/1.0.1/osgi-resource-locator-1.0.1.jar:/root/.m2/repository/javax/ws/rs/javax.ws.rs-api/2.1/javax.ws.rs-api-2.1.jar:/root/.m2/repository/org/glassfish/jersey/ext/cdi/jersey-cdi1x/2.27/jersey-cdi1x-2.27.jar:/root/.m2/repository/org/glassfish/jersey/inject/jersey-hk2/2.27/jersey-hk2-2.27.jar:/root/.m2/repository/org/glassfish/hk2/hk2-locator/2.5.0-b42/hk2-locator-2.5.0-b42.jar:/root/.m2/repository/org/javassist/javassist/3.22.0-CR2/javassist-3.22.0-CR2.jar:/root/.m2/repository/org/glassfish/hk2/hk2-api/2.5.0/hk2-api-2.5.0.jar:/root/.m2/repository/org/glassfish/hk2/external/jakarta.inject/2.5.0/jakarta.inject-2.5.0.jar:/root/.m2/repository/org/glassfish/hk2/hk2-utils/2.5.0/hk2-utils-2.5.0.jar:/root/.m2/repository/jakarta/annotation/jakarta.annotation-api/1.3.4/jakarta.annotation-api-1.3.4.jar:/root/.m2/repository/org/glassfish/hk2/external/aopalliance-repackaged/2.5.0/aopalliance-repackaged-2.5.0.jar:/root/.m2/repository/com/fasterxml/jackson/dataformat/jackson-dataformat-xml/2.9.0/jackson-dataformat-xml-2.9.0.jar:/root/.m2/repository/com/fasterxml/jackson/core/jackson-core/2.9.5/jackson-core-2.9.5.jar:/root/.m2/repository/com/fasterxml/jackson/module/jackson-module-jaxb-annotations/2.9.5/jackson-module-jaxb-annotations-2.9.5.jar:/root/.m2/repository/javax/enterprise/cdi-api/1.2/cdi-api-1.2.jar:/root/.m2/repository/javax/el/javax.el-api/3.0.0/javax.el-api-3.0.0.jar:/root/.m2/repository/javax/interceptor/javax.interceptor-api/1.2/javax.interceptor-api-1.2.jar:/root/.m2/repository/javax/inject/javax.inject/1/javax.inject-1.jar:/root/.m2/repository/com/sun/xml/bind/jaxb-impl/2.3.0.1/jaxb-impl-2.3.0.1.jar:/root/.m2/repository/com/sun/xml/bind/jaxb-core/2.3.0.1/jaxb-core-2.3.0.1.jar:/root/.m2/repository/javax/xml/bind/jaxb-api/2.3.0/jaxb-api-2.3.0.jar:/root/.m2/repository/javax/activation/activation/1.1.1/activation-1.1.1.jar:/root/.m2/repository/org/apache/hadoop/hadoop-ozone-csi/0.5.0-SNAPSHOT/hadoop-ozone-csi-0.5.0-SNAPSHOT.jar:/root/.m2/repository/com/google/protobuf/protobuf-java-util/3.5.1/protobuf-java-util-3.5.1.jar:/root/.m2/repository/org/apache/hadoop/hadoop-hdds-config/0.5.0-SNAPSHOT/hadoop-hdds-config-0.5.0-SNAPSHOT.jar:/root/.m2/repository/com/google/guava/guava/11.0.2/guava-11.0.2.jar:/root/.m2/repository/com/google/protobuf/protobuf-java/2.5.0/protobuf-java-2.5.0.jar:/root/.m2/repository/io/grpc/grpc-netty/1.17.1/grpc-netty-1.17.1.jar:/root/.m2/repository/io/grpc/grpc-core/1.17.1/grpc-core-1.17.1.jar:/root/.m2/repository/io/grpc/grpc-context/1.17.1/grpc-context-1.17.1.jar:/root/.m2/repository/com/google/errorprone/error_prone_annotations/2.2.0/error_prone_annotations-2.2.0.jar:/root/.m2/repository/org/codehaus/mojo/animal-sniffer-annotations/1.17/animal-sniffer-annotations-1.17.jar:/root/.m2/repository/io/opencensus/opencensus-api/0.17.0/opencensus-api-0.17.0.jar:/root/.m2/repository/io/opencensus/opencensus-contrib-grpc-metrics/0.17.0/opencensus-contrib-grpc-metrics-0.17.0.jar:/root/.m2/repository/io/netty/netty-codec-http2/4.1.30.Final/netty-codec-http2-4.1.30.Final.jar:/root/.m2/repository/io/netty/netty-codec-http/4.1.30.Final/netty-codec-http-4.1.30.Final.jar:/root/.m2/repository/io/netty/netty-codec/4.1.30.Final/netty-codec-4.1.30.Final.jar:/root/.m2/repository/io/netty/netty-handler/4.1.30.Final/netty-handler-4.1.30.Final.jar:/root/.m2/repository/io/netty/netty-handler-proxy/4.1.30.Final/netty-handler-proxy-4.1.30.Final.jar:/root/.m2/repository/io/netty/netty-codec-socks/4.1.30.Final/netty-codec-socks-4.1.30.Final.jar:/root/.m2/repository/io/netty/netty-transport-native-epoll/4.1.30.Final/netty-transport-native-epoll-4.1.30.Final.jar:/root/.m2/repository/io/netty/netty-common/4.1.30.Final/netty-common-4.1.30.Final.jar:/root/.m2/repository/io/netty/netty-buffer/4.1.30.Final/netty-buffer-4.1.30.Final.jar:/root/.m2/repository/io/netty/netty-transport/4.1.30.Final/netty-transport-4.1.30.Final.jar:/root/.m2/repository/io/netty/netty-resolver/4.1.30.Final/netty-resolver-4.1.30.Final.jar:/root/.m2/repository/io/netty/netty-transport-native-unix-common/4.1.30.Final/netty-transport-native-unix-common-4.1.30.Final.jar:/root/.m2/repository/io/grpc/grpc-protobuf/1.17.1/grpc-protobuf-1.17.1.jar:/root/.m2/repository/com/google/api/grpc/proto-google-common-protos/1.0.0/proto-google-common-protos-1.0.0.jar:/root/.m2/repository/io/grpc/grpc-protobuf-lite/1.17.1/grpc-protobuf-lite-1.17.1.jar:/root/.m2/repository/io/grpc/grpc-stub/1.17.1/grpc-stub-1.17.1.jar:/root/.m2/repository/org/apache/hadoop/hadoop-ozone-recon/0.5.0-SNAPSHOT/hadoop-ozone-recon-0.5.0-SNAPSHOT.jar:/root/.m2/repository/org/apache/hadoop/hadoop-ozone-reconcodegen/0.5.0-SNAPSHOT/hadoop-ozone-reconcodegen-0.5.0-SNAPSHOT.jar:/root/.m2/repository/com/google/inject/extensions/guice-multibindings/4.0/guice-multibindings-4.0.jar:/root/.m2/repository/com/google/inject/guice/4.0/guice-4.0.jar:/root/.m2/repository/aopalliance/aopalliance/1.0/aopalliance-1.0.jar:/root/.m2/repository/com/google/inject/extensions/guice-servlet/4.0/guice-servlet-4.0.jar:/root/.m2/repository/org/glassfish/jersey/containers/jersey-container-servlet/2.27/jersey-container-servlet-2.27.jar:/root/.m2/repository/org/glassfish/hk2/guice-bridge/2.5.0/guice-bridge-2.5.0.jar:/root/.m2/repository/org/glassfish/jersey/core/jersey-server/2.27/jersey-server-2.27.jar:/root/.m2/repository/org/glassfish/jersey/core/jersey-client/2.27/jersey-client-2.27.jar:/root/.m2/repository/org/glassfish/jersey/media/jersey-media-jaxb/2.27/jersey-media-jaxb-2.27.jar:/root/.m2/repository/javax/validation/validation-api/1.1.0.Final/validation-api-1.1.0.Final.jar:/root/.m2/repository/org/glassfish/jersey/media/jersey-media-json-jackson/2.27/jersey-media-json-jackson-2.27.jar:/root/.m2/repository/org/glassfish/jersey/ext/jersey-entity-filtering/2.27/jersey-entity-filtering-2.27.jar:/root/.m2/repository/com/google/inject/extensions/guice-assistedinject/4.0/guice-assistedinject-4.0.jar:/root/.m2/repository/org/jooq/jooq/3.11.10/jooq-3.11.10.jar:/root/.m2/repository/org/jooq/jooq-meta/3.11.10/jooq-meta-3.11.10.jar:/root/.m2/repository/org/jooq/jooq-codegen/3.11.10/jooq-codegen-3.11.10.jar:/root/.m2/repository/com/jolbox/bonecp/0.8.0.RELEASE/bonecp-0.8.0.RELEASE.jar:/root/.m2/repository/org/xerial/sqlite-jdbc/3.25.2/sqlite-jdbc-3.25.2.jar:/root/.m2/repository/org/springframework/spring-jdbc/5.1.3.RELEASE/spring-jdbc-5.1.3.RELEASE.jar:/root/.m2/repository/org/springframework/spring-beans/5.1.3.RELEASE/spring-beans-5.1.3.RELEASE.jar:/root/.m2/repository/org/springframework/spring-core/5.1.3.RELEASE/spring-core-5.1.3.RELEASE.jar:/root/.m2/repository/org/springframework/spring-jcl/5.1.3.RELEASE/spring-jcl-5.1.3.RELEASE.jar:/root/.m2/repository/org/springframework/spring-tx/5.1.3.RELEASE/spring-tx-5.1.3.RELEASE.jar:/root/.m2/repository/org/apache/hadoop/hadoop-ozone-client/0.5.0-SNAPSHOT/hadoop-ozone-client-0.5.0-SNAPSHOT.jar:/root/.m2/repository/org/apache/hadoop/hadoop-ozone-ozone-manager/0.5.0-SNAPSHOT/hadoop-ozone-ozone-manager-0.5.0-SNAPSHOT-tests.jar:/root/.m2/repository/junit/junit/4.11/junit-4.11.jar:/root/.m2/repository/org/hamcrest/hamcrest-core/1.3/hamcrest-core-1.3.jar:/root/.m2/repository/org/openjdk/jmh/jmh-core/1.19/jmh-core-1.19.jar:/root/.m2/repository/net/sf/jopt-simple/jopt-simple/4.6/jopt-simple-4.6.jar:/root/.m2/repository/org/apache/commons/commons-math3/3.1.1/commons-math3-3.1.1.jar:/root/.m2/repository/org/openjdk/jmh/jmh-generator-annprocess/1.19/jmh-generator-annprocess-1.19.jar:/root/.m2/repository/org/mockito/mockito-all/1.8.5/mockito-all-1.8.5.jar:/root/.m2/repository/org/apache/hadoop/hadoop-kms/3.2.0/hadoop-kms-3.2.0.jar:/root/.m2/repository/org/apache/hadoop/hadoop-auth/3.2.0/hadoop-auth-3.2.0.jar:/root/.m2/repository/com/nimbusds/nimbus-jose-jwt/4.41.1/nimbus-jose-jwt-4.41.1.jar:/root/.m2/repository/com/github/stephenc/jcip/jcip-annotations/1.0-1/jcip-annotations-1.0-1.jar:/root/.m2/repository/net/minidev/json-smart/2.3/json-smart-2.3.jar:/root/.m2/repository/net/minidev/accessors-smart/1.2/accessors-smart-1.2.jar:/root/.m2/repository/org/ow2/asm/asm/5.0.4/asm-5.0.4.jar:/root/.m2/repository/org/apache/curator/curator-framework/2.12.0/curator-framework-2.12.0.jar:/root/.m2/repository/com/sun/jersey/jersey-core/1.19/jersey-core-1.19.jar:/root/.m2/repository/javax/ws/rs/jsr311-api/1.1.1/jsr311-api-1.1.1.jar:/root/.m2/repository/com/sun/jersey/jersey-server/1.19/jersey-server-1.19.jar:/root/.m2/repository/javax/servlet/javax.servlet-api/3.1.0/javax.servlet-api-3.1.0.jar:/root/.m2/repository/org/eclipse/jetty/jetty-server/9.3.24.v20180605/jetty-server-9.3.24.v20180605.jar:/root/.m2/repository/org/eclipse/jetty/jetty-http/9.3.24.v20180605/jetty-http-9.3.24.v20180605.jar:/root/.m2/repository/org/eclipse/jetty/jetty-io/9.3.24.v20180605/jetty-io-9.3.24.v20180605.jar:/root/.m2/repository/org/eclipse/jetty/jetty-webapp/9.3.24.v20180605/jetty-webapp-9.3.24.v20180605.jar:/root/.m2/repository/org/eclipse/jetty/jetty-xml/9.3.24.v20180605/jetty-xml-9.3.24.v20180605.jar:/root/.m2/repository/log4j/log4j/1.2.17/log4j-1.2.17.jar:/root/.m2/repository/org/slf4j/slf4j-api/1.7.25/slf4j-api-1.7.25.jar:/root/.m2/repository/org/slf4j/jul-to-slf4j/1.7.25/jul-to-slf4j-1.7.25.jar:/root/.m2/repository/org/eclipse/jetty/jetty-util/9.3.24.v20180605/jetty-util-9.3.24.v20180605.jar:/root/.m2/repository/io/dropwizard/metrics/metrics-core/3.2.4/metrics-core-3.2.4.jar:/root/.m2/repository/com/fasterxml/jackson/core/jackson-databind/2.9.5/jackson-databind-2.9.5.jar:/root/.m2/repository/org/apache/hadoop/hadoop-kms/3.2.0/hadoop-kms-3.2.0-tests.jar:/root/.m2/repository/org/apache/hadoop/hadoop-hdds-server-scm/0.5.0-SNAPSHOT/hadoop-hdds-server-scm-0.5.0-SNAPSHOT-tests.jar:/root/.m2/repository/org/hamcrest/hamcrest-all/1.3/hamcrest-all-1.3.jar:/root/.m2/repository/info/picocli/picocli/3.9.6/picocli-3.9.6.jar:/root/.m2/repository/org/apache/hadoop/hadoop-hdds-container-service/0.5.0-SNAPSHOT/hadoop-hdds-container-service-0.5.0-SNAPSHOT-tests.jar:/root/.m2/repository/org/yaml/snakeyaml/1.16/snakeyaml-1.16.jar:/root/.m2/repository/org/apache/hadoop/hadoop-common/3.2.0/hadoop-common-3.2.0-tests.jar:/root/.m2/repository/org/apache/hadoop/hadoop-annotations/3.2.0/hadoop-annotations-3.2.0.jar:/usr/lib/jvm/java-1.8-openjdk/jre/../lib/tools.jar:/root/.m2/repository/commons-cli/commons-cli/1.2/commons-cli-1.2.jar:/root/.m2/repository/org/apache/httpcomponents/httpclient/4.5.2/httpclient-4.5.2.jar:/root/.m2/repository/org/apache/httpcomponents/httpcore/4.4.4/httpcore-4.4.4.jar:/root/.m2/repository/commons-codec/commons-codec/1.11/commons-codec-1.11.jar:/root/.m2/repository/commons-net/commons-net/3.6/commons-net-3.6.jar:/root/.m2/repository/commons-collections/commons-collections/3.2.2/commons-collections-3.2.2.jar:/root/.m2/repository/org/eclipse/jetty/jetty-servlet/9.3.24.v20180605/jetty-servlet-9.3.24.v20180605.jar:/root/.m2/repository/org/eclipse/jetty/jetty-security/9.3.24.v20180605/jetty-security-9.3.24.v20180605.jar:/root/.m2/repository/javax/servlet/jsp/jsp-api/2.1/jsp-api-2.1.jar:/root/.m2/repository/com/sun/jersey/jersey-servlet/1.19/jersey-servlet-1.19.jar:/root/.m2/repository/com/sun/jersey/jersey-json/1.19/jersey-json-1.19.jar:/root/.m2/repository/org/codehaus/jettison/jettison/1.1/jettison-1.1.jar:/root/.m2/repository/org/codehaus/jackson/jackson-core-asl/1.9.13/jackson-core-asl-1.9.13.jar:/root/.m2/repository/org/codehaus/jackson/jackson-mapper-asl/1.9.13/jackson-mapper-asl-1.9.13.jar:/root/.m2/repository/org/codehaus/jackson/jackson-jaxrs/1.9.13/jackson-jaxrs-1.9.13.jar:/root/.m2/repository/org/codehaus/jackson/jackson-xc/1.9.13/jackson-xc-1.9.13.jar:/root/.m2/repository/commons-logging/commons-logging/1.1.3/commons-logging-1.1.3.jar:/root/.m2/repository/commons-beanutils/commons-beanutils/1.9.3/commons-beanutils-1.9.3.jar:/root/.m2/repository/org/apache/commons/commons-configuration2/2.1.1/commons-configuration2-2.1.1.jar:/root/.m2/repository/org/apache/commons/commons-lang3/3.7/commons-lang3-3.7.jar:/root/.m2/repository/org/apache/commons/commons-text/1.4/commons-text-1.4.jar:/root/.m2/repository/org/apache/avro/avro/1.7.7/avro-1.7.7.jar:/root/.m2/repository/com/thoughtworks/paranamer/paranamer/2.3/paranamer-2.3.jar:/root/.m2/repository/org/xerial/snappy/snappy-java/1.0.5/snappy-java-1.0.5.jar:/root/.m2/repository/com/google/re2j/re2j/1.1/re2j-1.1.jar:/root/.m2/repository/com/google/code/gson/gson/2.2.4/gson-2.2.4.jar:/root/.m2/repository/com/jcraft/jsch/0.1.54/jsch-0.1.54.jar:/root/.m2/repository/org/apache/curator/curator-client/2.12.0/curator-client-2.12.0.jar:/root/.m2/repository/org/apache/curator/curator-recipes/2.12.0/curator-recipes-2.12.0.jar:/root/.m2/repository/com/google/code/findbugs/jsr305/3.0.0/jsr305-3.0.0.jar:/root/.m2/repository/org/apache/htrace/htrace-core4/4.1.0-incubating/htrace-core4-4.1.0-incubating.jar:/root/.m2/repository/org/apache/zookeeper/zookeeper/3.4.13/zookeeper-3.4.13.jar:/root/.m2/repository/org/apache/yetus/audience-annotations/0.5.0/audience-annotations-0.5.0.jar:/root/.m2/repository/org/codehaus/woodstox/stax2-api/3.1.4/stax2-api-3.1.4.jar:/root/.m2/repository/com/fasterxml/woodstox/woodstox-core/5.0.3/woodstox-core-5.0.3.jar:/root/.m2/repository/dnsjava/dnsjava/2.1.7/dnsjava-2.1.7.jar:/root/.m2/repository/org/apache/hadoop/hadoop-hdfs/3.2.0/hadoop-hdfs-3.2.0-tests.jar:/root/.m2/repository/org/eclipse/jetty/jetty-util-ajax/9.3.24.v20180605/jetty-util-ajax-9.3.24.v20180605.jar:/root/.m2/repository/commons-daemon/commons-daemon/1.0.13/commons-daemon-1.0.13.jar:/root/.m2/repository/io/netty/netty/3.10.5.Final/netty-3.10.5.Final.jar:/root/.m2/repository/io/netty/netty-all/4.0.52.Final/netty-all-4.0.52.Final.jar:/root/.m2/repository/org/fusesource/leveldbjni/leveldbjni-all/1.8/leveldbjni-all-1.8.jar:"/>
    <property name="java.vm.vendor" value="IcedTea"/>
    <property name="sun.arch.data.model" value="64"/>
    <property name="test.build.dir" value="/opt/src/hadoop-ozone/integration-test/target/test-dir"/>
    <property name="test.cache.data" value=""/>
    <property name="java.vendor.url" value="https://icedtea.classpath.org"/>
    <property name="user.timezone" value=""/>
    <property name="java.vm.specification.version" value="1.8"/>
    <property name="os.name" value="Linux"/>
    <property name="test.build.data" value="/opt/src/hadoop-ozone/integration-test/target/test-dir"/>
    <property name="user.country" value="US"/>
    <property name="sun.java.launcher" value="SUN_STANDARD"/>
    <property name="sun.boot.library.path" value="/usr/lib/jvm/java-1.8-openjdk/jre/lib/amd64"/>
    <property name="sun.java.command" value="/opt/src/hadoop-ozone/integration-test/target/surefire/surefirebooter8946715334393700974.jar /opt/src/hadoop-ozone/integration-test/target/surefire 2019-06-13T01-39-13_013-jvmRun1 surefire4179436772675119332tmp surefire_81167351443577696931tmp"/>
    <property name="surefire.test.class.path" value="/opt/src/hadoop-ozone/integration-test/target/test-classes:/opt/src/hadoop-ozone/integration-test/target/classes:/root/.m2/repository/org/apache/hadoop/hadoop-ozone-common/0.5.0-SNAPSHOT/hadoop-ozone-common-0.5.0-SNAPSHOT.jar:/root/.m2/repository/org/apache/commons/commons-compress/1.4.1/commons-compress-1.4.1.jar:/root/.m2/repository/org/tukaani/xz/1.0/xz-1.0.jar:/root/.m2/repository/org/apache/hadoop/hadoop-common/3.2.0/hadoop-common-3.2.0.jar:/root/.m2/repository/org/apache/hadoop/hadoop-hdfs/3.2.0/hadoop-hdfs-3.2.0.jar:/root/.m2/repository/org/apache/hadoop/hadoop-hdfs-client/3.2.0/hadoop-hdfs-client-3.2.0.jar:/root/.m2/repository/com/fasterxml/jackson/core/jackson-annotations/2.9.5/jackson-annotations-2.9.5.jar:/root/.m2/repository/org/apache/hadoop/hadoop-hdds-common/0.5.0-SNAPSHOT/hadoop-hdds-common-0.5.0-SNAPSHOT.jar:/root/.m2/repository/javax/annotation/javax.annotation-api/1.2/javax.annotation-api-1.2.jar:/root/.m2/repository/org/apache/ratis/ratis-server/0.4.0-fe2b15d-SNAPSHOT/ratis-server-0.4.0-fe2b15d-SNAPSHOT.jar:/root/.m2/repository/org/apache/ratis/ratis-thirdparty-misc/0.2.0/ratis-thirdparty-misc-0.2.0.jar:/root/.m2/repository/org/apache/ratis/ratis-proto/0.4.0-fe2b15d-SNAPSHOT/ratis-proto-0.4.0-fe2b15d-SNAPSHOT.jar:/root/.m2/repository/org/apache/ratis/ratis-common/0.4.0-fe2b15d-SNAPSHOT/ratis-common-0.4.0-fe2b15d-SNAPSHOT.jar:/root/.m2/repository/org/apache/ratis/ratis-client/0.4.0-fe2b15d-SNAPSHOT/ratis-client-0.4.0-fe2b15d-SNAPSHOT.jar:/root/.m2/repository/org/apache/ratis/ratis-netty/0.4.0-fe2b15d-SNAPSHOT/ratis-netty-0.4.0-fe2b15d-SNAPSHOT.jar:/root/.m2/repository/org/apache/ratis/ratis-grpc/0.4.0-fe2b15d-SNAPSHOT/ratis-grpc-0.4.0-fe2b15d-SNAPSHOT.jar:/root/.m2/repository/org/rocksdb/rocksdbjni/5.14.2/rocksdbjni-5.14.2.jar:/root/.m2/repository/org/apache/logging/log4j/log4j-api/2.11.0/log4j-api-2.11.0.jar:/root/.m2/repository/org/apache/logging/log4j/log4j-core/2.11.0/log4j-core-2.11.0.jar:/root/.m2/repository/com/lmax/disruptor/3.4.2/disruptor-3.4.2.jar:/root/.m2/repository/org/apache/commons/commons-pool2/2.6.0/commons-pool2-2.6.0.jar:/root/.m2/repository/org/bouncycastle/bcpkix-jdk15on/1.60/bcpkix-jdk15on-1.60.jar:/root/.m2/repository/commons-validator/commons-validator/1.6/commons-validator-1.6.jar:/root/.m2/repository/commons-digester/commons-digester/1.8.1/commons-digester-1.8.1.jar:/root/.m2/repository/io/jaegertracing/jaeger-client/0.33.1/jaeger-client-0.33.1.jar:/root/.m2/repository/io/jaegertracing/jaeger-thrift/0.33.1/jaeger-thrift-0.33.1.jar:/root/.m2/repository/org/apache/thrift/libthrift/0.11.0/libthrift-0.11.0.jar:/root/.m2/repository/com/squareup/okhttp3/okhttp/3.9.0/okhttp-3.9.0.jar:/root/.m2/repository/com/squareup/okio/okio/1.13.0/okio-1.13.0.jar:/root/.m2/repository/io/jaegertracing/jaeger-core/0.33.1/jaeger-core-0.33.1.jar:/root/.m2/repository/io/jaegertracing/jaeger-tracerresolver/0.33.1/jaeger-tracerresolver-0.33.1.jar:/root/.m2/repository/io/opentracing/contrib/opentracing-tracerresolver/0.1.5/opentracing-tracerresolver-0.1.5.jar:/root/.m2/repository/io/opentracing/opentracing-util/0.31.0/opentracing-util-0.31.0.jar:/root/.m2/repository/io/opentracing/opentracing-api/0.31.0/opentracing-api-0.31.0.jar:/root/.m2/repository/io/opentracing/opentracing-noop/0.31.0/opentracing-noop-0.31.0.jar:/root/.m2/repository/org/apache/hadoop/hadoop-hdds-server-framework/0.5.0-SNAPSHOT/hadoop-hdds-server-framework-0.5.0-SNAPSHOT.jar:/root/.m2/repository/org/apache/hadoop/hadoop-hdds-server-scm/0.5.0-SNAPSHOT/hadoop-hdds-server-scm-0.5.0-SNAPSHOT.jar:/root/.m2/repository/org/apache/hadoop/hadoop-hdds-container-service/0.5.0-SNAPSHOT/hadoop-hdds-container-service-0.5.0-SNAPSHOT.jar:/root/.m2/repository/org/apache/hadoop/hadoop-hdds-client/0.5.0-SNAPSHOT/hadoop-hdds-client-0.5.0-SNAPSHOT.jar:/root/.m2/repository/org/apache/hadoop/hadoop-hdds-tools/0.5.0-SNAPSHOT/hadoop-hdds-tools-0.5.0-SNAPSHOT.jar:/root/.m2/repository/org/apache/hadoop/hadoop-ozone-ozone-manager/0.5.0-SNAPSHOT/hadoop-ozone-ozone-manager-0.5.0-SNAPSHOT.jar:/root/.m2/repository/org/apache/hadoop/hadoop-hdds-docs/0.5.0-SNAPSHOT/hadoop-hdds-docs-0.5.0-SNAPSHOT.jar:/root/.m2/repository/org/bouncycastle/bcprov-jdk15on/1.60/bcprov-jdk15on-1.60.jar:/root/.m2/repository/org/apache/hadoop/hadoop-minikdc/3.2.0/hadoop-minikdc-3.2.0.jar:/root/.m2/repository/commons-io/commons-io/2.5/commons-io-2.5.jar:/root/.m2/repository/org/apache/kerby/kerb-simplekdc/1.0.1/kerb-simplekdc-1.0.1.jar:/root/.m2/repository/org/apache/kerby/kerb-client/1.0.1/kerb-client-1.0.1.jar:/root/.m2/repository/org/apache/kerby/kerby-config/1.0.1/kerby-config-1.0.1.jar:/root/.m2/repository/org/apache/kerby/kerb-core/1.0.1/kerb-core-1.0.1.jar:/root/.m2/repository/org/apache/kerby/kerby-pkix/1.0.1/kerby-pkix-1.0.1.jar:/root/.m2/repository/org/apache/kerby/kerby-asn1/1.0.1/kerby-asn1-1.0.1.jar:/root/.m2/repository/org/apache/kerby/kerby-util/1.0.1/kerby-util-1.0.1.jar:/root/.m2/repository/org/apache/kerby/kerb-common/1.0.1/kerb-common-1.0.1.jar:/root/.m2/repository/org/apache/kerby/kerb-crypto/1.0.1/kerb-crypto-1.0.1.jar:/root/.m2/repository/org/apache/kerby/kerb-util/1.0.1/kerb-util-1.0.1.jar:/root/.m2/repository/org/apache/kerby/token-provider/1.0.1/token-provider-1.0.1.jar:/root/.m2/repository/org/apache/kerby/kerb-admin/1.0.1/kerb-admin-1.0.1.jar:/root/.m2/repository/org/apache/kerby/kerb-server/1.0.1/kerb-server-1.0.1.jar:/root/.m2/repository/org/apache/kerby/kerb-identity/1.0.1/kerb-identity-1.0.1.jar:/root/.m2/repository/org/apache/kerby/kerby-xdr/1.0.1/kerby-xdr-1.0.1.jar:/root/.m2/repository/org/slf4j/slf4j-log4j12/1.7.25/slf4j-log4j12-1.7.25.jar:/root/.m2/repository/org/apache/hadoop/hadoop-ozone-objectstore-service/0.5.0-SNAPSHOT/hadoop-ozone-objectstore-service-0.5.0-SNAPSHOT.jar:/root/.m2/repository/org/apache/hadoop/hadoop-ozone-s3gateway/0.5.0-SNAPSHOT/hadoop-ozone-s3gateway-0.5.0-SNAPSHOT.jar:/root/.m2/repository/org/jboss/weld/servlet/weld-servlet/2.4.7.Final/weld-servlet-2.4.7.Final.jar:/root/.m2/repository/org/glassfish/jersey/containers/jersey-container-servlet-core/2.27/jersey-container-servlet-core-2.27.jar:/root/.m2/repository/org/glassfish/hk2/external/javax.inject/2.5.0-b42/javax.inject-2.5.0-b42.jar:/root/.m2/repository/org/glassfish/jersey/core/jersey-common/2.27/jersey-common-2.27.jar:/root/.m2/repository/org/glassfish/hk2/osgi-resource-locator/1.0.1/osgi-resource-locator-1.0.1.jar:/root/.m2/repository/javax/ws/rs/javax.ws.rs-api/2.1/javax.ws.rs-api-2.1.jar:/root/.m2/repository/org/glassfish/jersey/ext/cdi/jersey-cdi1x/2.27/jersey-cdi1x-2.27.jar:/root/.m2/repository/org/glassfish/jersey/inject/jersey-hk2/2.27/jersey-hk2-2.27.jar:/root/.m2/repository/org/glassfish/hk2/hk2-locator/2.5.0-b42/hk2-locator-2.5.0-b42.jar:/root/.m2/repository/org/javassist/javassist/3.22.0-CR2/javassist-3.22.0-CR2.jar:/root/.m2/repository/org/glassfish/hk2/hk2-api/2.5.0/hk2-api-2.5.0.jar:/root/.m2/repository/org/glassfish/hk2/external/jakarta.inject/2.5.0/jakarta.inject-2.5.0.jar:/root/.m2/repository/org/glassfish/hk2/hk2-utils/2.5.0/hk2-utils-2.5.0.jar:/root/.m2/repository/jakarta/annotation/jakarta.annotation-api/1.3.4/jakarta.annotation-api-1.3.4.jar:/root/.m2/repository/org/glassfish/hk2/external/aopalliance-repackaged/2.5.0/aopalliance-repackaged-2.5.0.jar:/root/.m2/repository/com/fasterxml/jackson/dataformat/jackson-dataformat-xml/2.9.0/jackson-dataformat-xml-2.9.0.jar:/root/.m2/repository/com/fasterxml/jackson/core/jackson-core/2.9.5/jackson-core-2.9.5.jar:/root/.m2/repository/com/fasterxml/jackson/module/jackson-module-jaxb-annotations/2.9.5/jackson-module-jaxb-annotations-2.9.5.jar:/root/.m2/repository/javax/enterprise/cdi-api/1.2/cdi-api-1.2.jar:/root/.m2/repository/javax/el/javax.el-api/3.0.0/javax.el-api-3.0.0.jar:/root/.m2/repository/javax/interceptor/javax.interceptor-api/1.2/javax.interceptor-api-1.2.jar:/root/.m2/repository/javax/inject/javax.inject/1/javax.inject-1.jar:/root/.m2/repository/com/sun/xml/bind/jaxb-impl/2.3.0.1/jaxb-impl-2.3.0.1.jar:/root/.m2/repository/com/sun/xml/bind/jaxb-core/2.3.0.1/jaxb-core-2.3.0.1.jar:/root/.m2/repository/javax/xml/bind/jaxb-api/2.3.0/jaxb-api-2.3.0.jar:/root/.m2/repository/javax/activation/activation/1.1.1/activation-1.1.1.jar:/root/.m2/repository/org/apache/hadoop/hadoop-ozone-csi/0.5.0-SNAPSHOT/hadoop-ozone-csi-0.5.0-SNAPSHOT.jar:/root/.m2/repository/com/google/protobuf/protobuf-java-util/3.5.1/protobuf-java-util-3.5.1.jar:/root/.m2/repository/org/apache/hadoop/hadoop-hdds-config/0.5.0-SNAPSHOT/hadoop-hdds-config-0.5.0-SNAPSHOT.jar:/root/.m2/repository/com/google/guava/guava/11.0.2/guava-11.0.2.jar:/root/.m2/repository/com/google/protobuf/protobuf-java/2.5.0/protobuf-java-2.5.0.jar:/root/.m2/repository/io/grpc/grpc-netty/1.17.1/grpc-netty-1.17.1.jar:/root/.m2/repository/io/grpc/grpc-core/1.17.1/grpc-core-1.17.1.jar:/root/.m2/repository/io/grpc/grpc-context/1.17.1/grpc-context-1.17.1.jar:/root/.m2/repository/com/google/errorprone/error_prone_annotations/2.2.0/error_prone_annotations-2.2.0.jar:/root/.m2/repository/org/codehaus/mojo/animal-sniffer-annotations/1.17/animal-sniffer-annotations-1.17.jar:/root/.m2/repository/io/opencensus/opencensus-api/0.17.0/opencensus-api-0.17.0.jar:/root/.m2/repository/io/opencensus/opencensus-contrib-grpc-metrics/0.17.0/opencensus-contrib-grpc-metrics-0.17.0.jar:/root/.m2/repository/io/netty/netty-codec-http2/4.1.30.Final/netty-codec-http2-4.1.30.Final.jar:/root/.m2/repository/io/netty/netty-codec-http/4.1.30.Final/netty-codec-http-4.1.30.Final.jar:/root/.m2/repository/io/netty/netty-codec/4.1.30.Final/netty-codec-4.1.30.Final.jar:/root/.m2/repository/io/netty/netty-handler/4.1.30.Final/netty-handler-4.1.30.Final.jar:/root/.m2/repository/io/netty/netty-handler-proxy/4.1.30.Final/netty-handler-proxy-4.1.30.Final.jar:/root/.m2/repository/io/netty/netty-codec-socks/4.1.30.Final/netty-codec-socks-4.1.30.Final.jar:/root/.m2/repository/io/netty/netty-transport-native-epoll/4.1.30.Final/netty-transport-native-epoll-4.1.30.Final.jar:/root/.m2/repository/io/netty/netty-common/4.1.30.Final/netty-common-4.1.30.Final.jar:/root/.m2/repository/io/netty/netty-buffer/4.1.30.Final/netty-buffer-4.1.30.Final.jar:/root/.m2/repository/io/netty/netty-transport/4.1.30.Final/netty-transport-4.1.30.Final.jar:/root/.m2/repository/io/netty/netty-resolver/4.1.30.Final/netty-resolver-4.1.30.Final.jar:/root/.m2/repository/io/netty/netty-transport-native-unix-common/4.1.30.Final/netty-transport-native-unix-common-4.1.30.Final.jar:/root/.m2/repository/io/grpc/grpc-protobuf/1.17.1/grpc-protobuf-1.17.1.jar:/root/.m2/repository/com/google/api/grpc/proto-google-common-protos/1.0.0/proto-google-common-protos-1.0.0.jar:/root/.m2/repository/io/grpc/grpc-protobuf-lite/1.17.1/grpc-protobuf-lite-1.17.1.jar:/root/.m2/repository/io/grpc/grpc-stub/1.17.1/grpc-stub-1.17.1.jar:/root/.m2/repository/org/apache/hadoop/hadoop-ozone-recon/0.5.0-SNAPSHOT/hadoop-ozone-recon-0.5.0-SNAPSHOT.jar:/root/.m2/repository/org/apache/hadoop/hadoop-ozone-reconcodegen/0.5.0-SNAPSHOT/hadoop-ozone-reconcodegen-0.5.0-SNAPSHOT.jar:/root/.m2/repository/com/google/inject/extensions/guice-multibindings/4.0/guice-multibindings-4.0.jar:/root/.m2/repository/com/google/inject/guice/4.0/guice-4.0.jar:/root/.m2/repository/aopalliance/aopalliance/1.0/aopalliance-1.0.jar:/root/.m2/repository/com/google/inject/extensions/guice-servlet/4.0/guice-servlet-4.0.jar:/root/.m2/repository/org/glassfish/jersey/containers/jersey-container-servlet/2.27/jersey-container-servlet-2.27.jar:/root/.m2/repository/org/glassfish/hk2/guice-bridge/2.5.0/guice-bridge-2.5.0.jar:/root/.m2/repository/org/glassfish/jersey/core/jersey-server/2.27/jersey-server-2.27.jar:/root/.m2/repository/org/glassfish/jersey/core/jersey-client/2.27/jersey-client-2.27.jar:/root/.m2/repository/org/glassfish/jersey/media/jersey-media-jaxb/2.27/jersey-media-jaxb-2.27.jar:/root/.m2/repository/javax/validation/validation-api/1.1.0.Final/validation-api-1.1.0.Final.jar:/root/.m2/repository/org/glassfish/jersey/media/jersey-media-json-jackson/2.27/jersey-media-json-jackson-2.27.jar:/root/.m2/repository/org/glassfish/jersey/ext/jersey-entity-filtering/2.27/jersey-entity-filtering-2.27.jar:/root/.m2/repository/com/google/inject/extensions/guice-assistedinject/4.0/guice-assistedinject-4.0.jar:/root/.m2/repository/org/jooq/jooq/3.11.10/jooq-3.11.10.jar:/root/.m2/repository/org/jooq/jooq-meta/3.11.10/jooq-meta-3.11.10.jar:/root/.m2/repository/org/jooq/jooq-codegen/3.11.10/jooq-codegen-3.11.10.jar:/root/.m2/repository/com/jolbox/bonecp/0.8.0.RELEASE/bonecp-0.8.0.RELEASE.jar:/root/.m2/repository/org/xerial/sqlite-jdbc/3.25.2/sqlite-jdbc-3.25.2.jar:/root/.m2/repository/org/springframework/spring-jdbc/5.1.3.RELEASE/spring-jdbc-5.1.3.RELEASE.jar:/root/.m2/repository/org/springframework/spring-beans/5.1.3.RELEASE/spring-beans-5.1.3.RELEASE.jar:/root/.m2/repository/org/springframework/spring-core/5.1.3.RELEASE/spring-core-5.1.3.RELEASE.jar:/root/.m2/repository/org/springframework/spring-jcl/5.1.3.RELEASE/spring-jcl-5.1.3.RELEASE.jar:/root/.m2/repository/org/springframework/spring-tx/5.1.3.RELEASE/spring-tx-5.1.3.RELEASE.jar:/root/.m2/repository/org/apache/hadoop/hadoop-ozone-client/0.5.0-SNAPSHOT/hadoop-ozone-client-0.5.0-SNAPSHOT.jar:/root/.m2/repository/org/apache/hadoop/hadoop-ozone-ozone-manager/0.5.0-SNAPSHOT/hadoop-ozone-ozone-manager-0.5.0-SNAPSHOT-tests.jar:/root/.m2/repository/junit/junit/4.11/junit-4.11.jar:/root/.m2/repository/org/hamcrest/hamcrest-core/1.3/hamcrest-core-1.3.jar:/root/.m2/repository/org/openjdk/jmh/jmh-core/1.19/jmh-core-1.19.jar:/root/.m2/repository/net/sf/jopt-simple/jopt-simple/4.6/jopt-simple-4.6.jar:/root/.m2/repository/org/apache/commons/commons-math3/3.1.1/commons-math3-3.1.1.jar:/root/.m2/repository/org/openjdk/jmh/jmh-generator-annprocess/1.19/jmh-generator-annprocess-1.19.jar:/root/.m2/repository/org/mockito/mockito-all/1.8.5/mockito-all-1.8.5.jar:/root/.m2/repository/org/apache/hadoop/hadoop-kms/3.2.0/hadoop-kms-3.2.0.jar:/root/.m2/repository/org/apache/hadoop/hadoop-auth/3.2.0/hadoop-auth-3.2.0.jar:/root/.m2/repository/com/nimbusds/nimbus-jose-jwt/4.41.1/nimbus-jose-jwt-4.41.1.jar:/root/.m2/repository/com/github/stephenc/jcip/jcip-annotations/1.0-1/jcip-annotations-1.0-1.jar:/root/.m2/repository/net/minidev/json-smart/2.3/json-smart-2.3.jar:/root/.m2/repository/net/minidev/accessors-smart/1.2/accessors-smart-1.2.jar:/root/.m2/repository/org/ow2/asm/asm/5.0.4/asm-5.0.4.jar:/root/.m2/repository/org/apache/curator/curator-framework/2.12.0/curator-framework-2.12.0.jar:/root/.m2/repository/com/sun/jersey/jersey-core/1.19/jersey-core-1.19.jar:/root/.m2/repository/javax/ws/rs/jsr311-api/1.1.1/jsr311-api-1.1.1.jar:/root/.m2/repository/com/sun/jersey/jersey-server/1.19/jersey-server-1.19.jar:/root/.m2/repository/javax/servlet/javax.servlet-api/3.1.0/javax.servlet-api-3.1.0.jar:/root/.m2/repository/org/eclipse/jetty/jetty-server/9.3.24.v20180605/jetty-server-9.3.24.v20180605.jar:/root/.m2/repository/org/eclipse/jetty/jetty-http/9.3.24.v20180605/jetty-http-9.3.24.v20180605.jar:/root/.m2/repository/org/eclipse/jetty/jetty-io/9.3.24.v20180605/jetty-io-9.3.24.v20180605.jar:/root/.m2/repository/org/eclipse/jetty/jetty-webapp/9.3.24.v20180605/jetty-webapp-9.3.24.v20180605.jar:/root/.m2/repository/org/eclipse/jetty/jetty-xml/9.3.24.v20180605/jetty-xml-9.3.24.v20180605.jar:/root/.m2/repository/log4j/log4j/1.2.17/log4j-1.2.17.jar:/root/.m2/repository/org/slf4j/slf4j-api/1.7.25/slf4j-api-1.7.25.jar:/root/.m2/repository/org/slf4j/jul-to-slf4j/1.7.25/jul-to-slf4j-1.7.25.jar:/root/.m2/repository/org/eclipse/jetty/jetty-util/9.3.24.v20180605/jetty-util-9.3.24.v20180605.jar:/root/.m2/repository/io/dropwizard/metrics/metrics-core/3.2.4/metrics-core-3.2.4.jar:/root/.m2/repository/com/fasterxml/jackson/core/jackson-databind/2.9.5/jackson-databind-2.9.5.jar:/root/.m2/repository/org/apache/hadoop/hadoop-kms/3.2.0/hadoop-kms-3.2.0-tests.jar:/root/.m2/repository/org/apache/hadoop/hadoop-hdds-server-scm/0.5.0-SNAPSHOT/hadoop-hdds-server-scm-0.5.0-SNAPSHOT-tests.jar:/root/.m2/repository/org/hamcrest/hamcrest-all/1.3/hamcrest-all-1.3.jar:/root/.m2/repository/info/picocli/picocli/3.9.6/picocli-3.9.6.jar:/root/.m2/repository/org/apache/hadoop/hadoop-hdds-container-service/0.5.0-SNAPSHOT/hadoop-hdds-container-service-0.5.0-SNAPSHOT-tests.jar:/root/.m2/repository/org/yaml/snakeyaml/1.16/snakeyaml-1.16.jar:/root/.m2/repository/org/apache/hadoop/hadoop-common/3.2.0/hadoop-common-3.2.0-tests.jar:/root/.m2/repository/org/apache/hadoop/hadoop-annotations/3.2.0/hadoop-annotations-3.2.0.jar:/usr/lib/jvm/java-1.8-openjdk/jre/../lib/tools.jar:/root/.m2/repository/commons-cli/commons-cli/1.2/commons-cli-1.2.jar:/root/.m2/repository/org/apache/httpcomponents/httpclient/4.5.2/httpclient-4.5.2.jar:/root/.m2/repository/org/apache/httpcomponents/httpcore/4.4.4/httpcore-4.4.4.jar:/root/.m2/repository/commons-codec/commons-codec/1.11/commons-codec-1.11.jar:/root/.m2/repository/commons-net/commons-net/3.6/commons-net-3.6.jar:/root/.m2/repository/commons-collections/commons-collections/3.2.2/commons-collections-3.2.2.jar:/root/.m2/repository/org/eclipse/jetty/jetty-servlet/9.3.24.v20180605/jetty-servlet-9.3.24.v20180605.jar:/root/.m2/repository/org/eclipse/jetty/jetty-security/9.3.24.v20180605/jetty-security-9.3.24.v20180605.jar:/root/.m2/repository/javax/servlet/jsp/jsp-api/2.1/jsp-api-2.1.jar:/root/.m2/repository/com/sun/jersey/jersey-servlet/1.19/jersey-servlet-1.19.jar:/root/.m2/repository/com/sun/jersey/jersey-json/1.19/jersey-json-1.19.jar:/root/.m2/repository/org/codehaus/jettison/jettison/1.1/jettison-1.1.jar:/root/.m2/repository/org/codehaus/jackson/jackson-core-asl/1.9.13/jackson-core-asl-1.9.13.jar:/root/.m2/repository/org/codehaus/jackson/jackson-mapper-asl/1.9.13/jackson-mapper-asl-1.9.13.jar:/root/.m2/repository/org/codehaus/jackson/jackson-jaxrs/1.9.13/jackson-jaxrs-1.9.13.jar:/root/.m2/repository/org/codehaus/jackson/jackson-xc/1.9.13/jackson-xc-1.9.13.jar:/root/.m2/repository/commons-logging/commons-logging/1.1.3/commons-logging-1.1.3.jar:/root/.m2/repository/commons-beanutils/commons-beanutils/1.9.3/commons-beanutils-1.9.3.jar:/root/.m2/repository/org/apache/commons/commons-configuration2/2.1.1/commons-configuration2-2.1.1.jar:/root/.m2/repository/org/apache/commons/commons-lang3/3.7/commons-lang3-3.7.jar:/root/.m2/repository/org/apache/commons/commons-text/1.4/commons-text-1.4.jar:/root/.m2/repository/org/apache/avro/avro/1.7.7/avro-1.7.7.jar:/root/.m2/repository/com/thoughtworks/paranamer/paranamer/2.3/paranamer-2.3.jar:/root/.m2/repository/org/xerial/snappy/snappy-java/1.0.5/snappy-java-1.0.5.jar:/root/.m2/repository/com/google/re2j/re2j/1.1/re2j-1.1.jar:/root/.m2/repository/com/google/code/gson/gson/2.2.4/gson-2.2.4.jar:/root/.m2/repository/com/jcraft/jsch/0.1.54/jsch-0.1.54.jar:/root/.m2/repository/org/apache/curator/curator-client/2.12.0/curator-client-2.12.0.jar:/root/.m2/repository/org/apache/curator/curator-recipes/2.12.0/curator-recipes-2.12.0.jar:/root/.m2/repository/com/google/code/findbugs/jsr305/3.0.0/jsr305-3.0.0.jar:/root/.m2/repository/org/apache/htrace/htrace-core4/4.1.0-incubating/htrace-core4-4.1.0-incubating.jar:/root/.m2/repository/org/apache/zookeeper/zookeeper/3.4.13/zookeeper-3.4.13.jar:/root/.m2/repository/org/apache/yetus/audience-annotations/0.5.0/audience-annotations-0.5.0.jar:/root/.m2/repository/org/codehaus/woodstox/stax2-api/3.1.4/stax2-api-3.1.4.jar:/root/.m2/repository/com/fasterxml/woodstox/woodstox-core/5.0.3/woodstox-core-5.0.3.jar:/root/.m2/repository/dnsjava/dnsjava/2.1.7/dnsjava-2.1.7.jar:/root/.m2/repository/org/apache/hadoop/hadoop-hdfs/3.2.0/hadoop-hdfs-3.2.0-tests.jar:/root/.m2/repository/org/eclipse/jetty/jetty-util-ajax/9.3.24.v20180605/jetty-util-ajax-9.3.24.v20180605.jar:/root/.m2/repository/commons-daemon/commons-daemon/1.0.13/commons-daemon-1.0.13.jar:/root/.m2/repository/io/netty/netty/3.10.5.Final/netty-3.10.5.Final.jar:/root/.m2/repository/io/netty/netty-all/4.0.52.Final/netty-all-4.0.52.Final.jar:/root/.m2/repository/org/fusesource/leveldbjni/leveldbjni-all/1.8/leveldbjni-all-1.8.jar:"/>
    <property name="sun.cpu.endian" value="little"/>
    <property name="user.home" value="/root"/>
    <property name="user.language" value="en"/>
    <property name="java.specification.vendor" value="Oracle Corporation"/>
    <property name="java.home" value="/usr/lib/jvm/java-1.8-openjdk/jre"/>
    <property name="java.security.krb5.conf" value="/opt/src/hadoop-ozone/integration-test/target/test-classes/krb5.conf"/>
    <property name="basedir" value="/opt/src/hadoop-ozone/integration-test"/>
    <property name="file.separator" value="/"/>
    <property name="line.separator" value="&#10;"/>
    <property name="java.vm.specification.vendor" value="Oracle Corporation"/>
    <property name="java.specification.name" value="Java Platform API Specification"/>
    <property name="java.awt.graphicsenv" value="sun.awt.X11GraphicsEnvironment"/>
    <property name="surefire.real.class.path" value="/opt/src/hadoop-ozone/integration-test/target/surefire/surefirebooter8946715334393700974.jar"/>
    <property name="hadoop.log.dir" value="/opt/src/hadoop-ozone/integration-test/target/log"/>
    <property name="sun.boot.class.path" value="/usr/lib/jvm/java-1.8-openjdk/jre/lib/resources.jar:/usr/lib/jvm/java-1.8-openjdk/jre/lib/rt.jar:/usr/lib/jvm/java-1.8-openjdk/jre/lib/sunrsasign.jar:/usr/lib/jvm/java-1.8-openjdk/jre/lib/jsse.jar:/usr/lib/jvm/java-1.8-openjdk/jre/lib/jce.jar:/usr/lib/jvm/java-1.8-openjdk/jre/lib/charsets.jar:/usr/lib/jvm/java-1.8-openjdk/jre/lib/jfr.jar:/usr/lib/jvm/java-1.8-openjdk/jre/classes"/>
    <property name="sun.management.compiler" value="HotSpot 64-Bit Tiered Compilers"/>
    <property name="java.runtime.version" value="1.8.0_212-b04"/>
    <property name="java.net.preferIPv4Stack" value="true"/>
    <property name="user.name" value="root"/>
    <property name="path.separator" value=":"/>
    <property name="java.security.egd" value="file:///dev/urandom"/>
    <property name="os.version" value="4.15.0-1021-aws"/>
    <property name="java.endorsed.dirs" value="/usr/lib/jvm/java-1.8-openjdk/jre/lib/endorsed"/>
    <property name="java.runtime.name" value="OpenJDK Runtime Environment"/>
    <property name="file.encoding" value="UTF-8"/>
    <property name="java.vm.name" value="OpenJDK 64-Bit Server VM"/>
    <property name="test.build.webapps" value=""/>
    <property name="localRepository" value="/root/.m2/repository"/>
    <property name="java.vendor.url.bug" value="https://icedtea.classpath.org/bugzilla"/>
    <property name="java.io.tmpdir" value="/tmp"/>
    <property name="require.test.libhadoop" value=""/>
    <property name="java.version" value="1.8.0_212"/>
    <property name="user.dir" value="/opt/src/hadoop-ozone/integration-test"/>
    <property name="os.arch" value="amd64"/>
    <property name="java.vm.specification.name" value="Java Virtual Machine Specification"/>
    <property name="test.build.classes" value="/opt/src/hadoop-ozone/integration-test/target/test-classes"/>
    <property name="java.awt.printerjob" value="sun.print.PSPrinterJob"/>
    <property name="sun.os.patch.level" value="unknown"/>
    <property name="hadoop.tmp.dir" value="/opt/src/hadoop-ozone/integration-test/target/tmp"/>
    <property name="java.library.path" value="/usr/lib/jvm/java-1.8-openjdk/jre/lib/amd64/server:/usr/lib/jvm/java-1.8-openjdk/jre/lib/amd64:/usr/lib/jvm/java-1.8-openjdk/jre/../lib/amd64:/opt/src/hadoop-ozone/integration-test/target/native/target/usr/local/lib:/opt/src/hadoop-ozone/integration-test/../../hadoop-common-project/hadoop-common/target/native/target/usr/local/lib:/usr/java/packages/lib/amd64:/usr/lib64:/lib64:/lib:/usr/lib"/>
    <property name="java.vm.info" value="mixed mode"/>
    <property name="java.vendor" value="IcedTea"/>
    <property name="java.vm.version" value="25.212-b04"/>
    <property name="java.ext.dirs" value="/usr/lib/jvm/java-1.8-openjdk/jre/lib/ext:/usr/java/packages/lib/ext"/>
    <property name="sun.io.unicode.encoding" value="UnicodeLittle"/>
    <property name="java.class.version" value="52.0"/>
  </properties>
  <testcase name="testPipelineFail" classname="org.apache.hadoop.hdds.scm.pipeline.TestNodeFailure" time="0">
    <skipped/>
    <system-out><![CDATA[2019-06-13 01:42:30,932 WARN  server.ServerUtils (ServerUtils.java:getScmDbDir(145)) - ozone.scm.db.dirs is not configured. We recommend adding this setting. Falling back to ozone.metadata.dirs instead.
2019-06-13 01:42:30,998 WARN  server.ServerUtils (ServerUtils.java:getScmDbDir(145)) - ozone.scm.db.dirs is not configured. We recommend adding this setting. Falling back to ozone.metadata.dirs instead.
2019-06-13 01:42:31,001 WARN  server.ServerUtils (ServerUtils.java:getScmDbDir(145)) - ozone.scm.db.dirs is not configured. We recommend adding this setting. Falling back to ozone.metadata.dirs instead.
2019-06-13 01:42:31,020 INFO  util.log (Log.java:initialized(192)) - Logging initialized @655ms
2019-06-13 01:42:31,102 INFO  db.DBStoreBuilder (DBStoreBuilder.java:addTable(110)) - using custom profile for table: deletedBlocks
2019-06-13 01:42:31,102 INFO  db.DBStoreBuilder (DBStoreBuilder.java:processTables(161)) - Using default column profile:DBProfile.DISK for Table:deletedBlocks
2019-06-13 01:42:31,102 INFO  db.DBStoreBuilder (DBStoreBuilder.java:addTable(110)) - using custom profile for table: validCerts
2019-06-13 01:42:31,103 INFO  db.DBStoreBuilder (DBStoreBuilder.java:processTables(161)) - Using default column profile:DBProfile.DISK for Table:validCerts
2019-06-13 01:42:31,103 INFO  db.DBStoreBuilder (DBStoreBuilder.java:addTable(110)) - using custom profile for table: revokedCerts
2019-06-13 01:42:31,103 INFO  db.DBStoreBuilder (DBStoreBuilder.java:processTables(161)) - Using default column profile:DBProfile.DISK for Table:revokedCerts
2019-06-13 01:42:31,113 INFO  db.DBStoreBuilder (DBStoreBuilder.java:addTable(110)) - using custom profile for table: default
2019-06-13 01:42:31,113 INFO  db.DBStoreBuilder (DBStoreBuilder.java:processTables(167)) - Using default column profile:DBProfile.DISK for Table:default
2019-06-13 01:42:31,114 INFO  db.DBStoreBuilder (DBStoreBuilder.java:getDbProfile(198)) - Using default options. DBProfile.DISK
2019-06-13 01:42:31,178 INFO  node.SCMNodeManager (SCMNodeManager.java:<init>(108)) - Entering startup safe mode.
2019-06-13 01:42:31,226 INFO  net.NodeSchemaLoader (NodeSchemaLoader.java:loadSchemaFromFile(125)) - Loading file from sun.misc.CompoundEnumeration@443118b0
2019-06-13 01:42:31,228 INFO  net.NodeSchemaLoader (NodeSchemaLoader.java:loadSchema(171)) - Loading network topology layer schema file
2019-06-13 01:42:31,274 WARN  server.ServerUtils (ServerUtils.java:getScmDbDir(145)) - ozone.scm.db.dirs is not configured. We recommend adding this setting. Falling back to ozone.metadata.dirs instead.
2019-06-13 01:42:31,293 INFO  pipeline.SCMPipelineManager (SCMPipelineManager.java:initializePipelineState(126)) - No pipeline exists in current db
2019-06-13 01:42:31,294 WARN  server.ServerUtils (ServerUtils.java:getScmDbDir(145)) - ozone.scm.db.dirs is not configured. We recommend adding this setting. Falling back to ozone.metadata.dirs instead.
2019-06-13 01:42:31,344 WARN  events.EventQueue (EventQueue.java:fireEvent(175)) - No event handler registered for event TypedEvent{payloadType=SafeModeStatus, name='SafeModeStatus'}
2019-06-13 01:42:31,611 INFO  ipc.CallQueueManager (CallQueueManager.java:<init>(84)) - Using callQueue: class java.util.concurrent.LinkedBlockingQueue, queueCapacity: 2000, scheduler: class org.apache.hadoop.ipc.DefaultRpcScheduler, ipcBackoff: false.
2019-06-13 01:42:31,634 INFO  ipc.Server (Server.java:run(1074)) - Starting Socket Reader #1 for port 41909
2019-06-13 01:42:31,656 INFO  ipc.CallQueueManager (CallQueueManager.java:<init>(84)) - Using callQueue: class java.util.concurrent.LinkedBlockingQueue, queueCapacity: 2000, scheduler: class org.apache.hadoop.ipc.DefaultRpcScheduler, ipcBackoff: false.
2019-06-13 01:42:31,657 INFO  ipc.Server (Server.java:run(1074)) - Starting Socket Reader #1 for port 43215
2019-06-13 01:42:31,663 INFO  ipc.CallQueueManager (CallQueueManager.java:<init>(84)) - Using callQueue: class java.util.concurrent.LinkedBlockingQueue, queueCapacity: 2000, scheduler: class org.apache.hadoop.ipc.DefaultRpcScheduler, ipcBackoff: false.
2019-06-13 01:42:31,689 INFO  ipc.Server (Server.java:run(1074)) - Starting Socket Reader #1 for port 37633
2019-06-13 01:42:31,707 INFO  hdfs.DFSUtil (DFSUtil.java:httpServerTemplateForNNAndJN(1641)) - Starting Web-server for scm at: http://0.0.0.0:0
2019-06-13 01:42:31,840 INFO  server.AuthenticationFilter (AuthenticationFilter.java:constructSecretProvider(240)) - Unable to initialize FileSignerSecretProvider, falling back to use random secrets.
2019-06-13 01:42:31,846 WARN  http.HttpRequestLog (HttpRequestLog.java:getRequestLog(97)) - Jetty request log can only be enabled using Log4j
2019-06-13 01:42:31,853 INFO  http.HttpServer2 (HttpServer2.java:addGlobalFilter(975)) - Added global filter 'safety' (class=org.apache.hadoop.http.HttpServer2$QuotingInputFilter)
2019-06-13 01:42:31,855 INFO  http.HttpServer2 (HttpServer2.java:addFilter(948)) - Added filter static_user_filter (class=org.apache.hadoop.http.lib.StaticUserWebFilter$StaticUserFilter) to context scm
2019-06-13 01:42:31,855 INFO  http.HttpServer2 (HttpServer2.java:addFilter(958)) - Added filter static_user_filter (class=org.apache.hadoop.http.lib.StaticUserWebFilter$StaticUserFilter) to context logs
2019-06-13 01:42:31,856 INFO  http.HttpServer2 (HttpServer2.java:addFilter(958)) - Added filter static_user_filter (class=org.apache.hadoop.http.lib.StaticUserWebFilter$StaticUserFilter) to context static
2019-06-13 01:42:31,881 INFO  server.StorageContainerManager (StorageContainerManager.java:start(752)) - StorageContainerLocationProtocol RPC server is listening at /0.0.0.0:37633
2019-06-13 01:42:31,927 WARN  impl.MetricsConfig (MetricsConfig.java:loadFirst(134)) - Cannot locate configuration: tried hadoop-metrics2-storagecontainermanager.properties,hadoop-metrics2.properties
2019-06-13 01:42:31,937 INFO  impl.MetricsSystemImpl (MetricsSystemImpl.java:startTimer(374)) - Scheduled Metric snapshot period at 10 second(s).
2019-06-13 01:42:31,937 INFO  impl.MetricsSystemImpl (MetricsSystemImpl.java:start(191)) - StorageContainerManager metrics system started
2019-06-13 01:42:32,120 INFO  server.SCMClientProtocolServer (SCMClientProtocolServer.java:start(149)) - RPC server for Client  is listening at /0.0.0.0:37633
2019-06-13 01:42:32,121 INFO  ipc.Server (Server.java:run(1314)) - IPC Server Responder: starting
2019-06-13 01:42:32,122 INFO  ipc.Server (Server.java:run(1153)) - IPC Server listener on 37633: starting
2019-06-13 01:42:32,124 INFO  server.StorageContainerManager (StorageContainerManager.java:start(761)) - ScmBlockLocationProtocol RPC server is listening at /0.0.0.0:43215
2019-06-13 01:42:32,124 INFO  server.SCMBlockProtocolServer (SCMBlockProtocolServer.java:start(137)) - RPC server for Block Protocol is listening at /0.0.0.0:43215
2019-06-13 01:42:32,125 INFO  ipc.Server (Server.java:run(1314)) - IPC Server Responder: starting
2019-06-13 01:42:32,125 INFO  ipc.Server (Server.java:run(1153)) - IPC Server listener on 43215: starting
2019-06-13 01:42:32,126 INFO  server.StorageContainerManager (StorageContainerManager.java:start(765)) - ScmDatanodeProtocl RPC server is listening at /0.0.0.0:41909
2019-06-13 01:42:32,126 INFO  server.SCMDatanodeProtocolServer (SCMDatanodeProtocolServer.java:start(191)) - RPC server for DataNodes is listening at /0.0.0.0:41909
2019-06-13 01:42:32,127 INFO  ipc.Server (Server.java:run(1314)) - IPC Server Responder: starting
2019-06-13 01:42:32,127 INFO  ipc.Server (Server.java:run(1153)) - IPC Server listener on 41909: starting
2019-06-13 01:42:32,130 INFO  http.HttpServer2 (HttpServer2.java:bindListener(1191)) - Jetty bound to port 45039
2019-06-13 01:42:32,131 INFO  server.Server (Server.java:doStart(351)) - jetty-9.3.24.v20180605, build timestamp: 2018-06-05T17:11:56Z, git hash: 84205aa28f11a4f31f2a3b86d1bba2cc8ab69827
2019-06-13 01:42:32,164 INFO  handler.ContextHandler (ContextHandler.java:doStart(781)) - Started o.e.j.s.ServletContextHandler@2df6226d{/logs,file:///opt/src/hadoop-ozone/integration-test/target/log,AVAILABLE}
2019-06-13 01:42:32,165 INFO  handler.ContextHandler (ContextHandler.java:doStart(781)) - Started o.e.j.s.ServletContextHandler@4ff4357f{/static,file:///opt/src/hadoop-ozone/integration-test/target/test-classes/webapps/static,AVAILABLE}
2019-06-13 01:42:32,194 INFO  handler.ContextHandler (ContextHandler.java:doStart(781)) - Started o.e.j.w.WebAppContext@2484f433{/,file:///opt/src/hadoop-ozone/integration-test/target/test-classes/webapps/scm/,AVAILABLE}{/scm}
2019-06-13 01:42:32,198 INFO  server.AbstractConnector (AbstractConnector.java:doStart(278)) - Started ServerConnector@841e575{HTTP/1.1,[http/1.1]}{0.0.0.0:45039}
2019-06-13 01:42:32,198 INFO  server.Server (Server.java:doStart(419)) - Started @1833ms
2019-06-13 01:42:32,199 INFO  server.BaseHttpServer (BaseHttpServer.java:updateConnectorAddress(207)) - HTTP server of SCM is listening at http://0.0.0.0:45039
2019-06-13 01:42:32,207 INFO  util.JvmPauseMonitor (JvmPauseMonitor.java:run(188)) - Starting JVM pause monitor
2019-06-13 01:42:32,210 WARN  scm.ScmUtils (ScmUtils.java:getDBPath(63)) - ozone.om.db.dirs is not configured. We recommend adding this setting. Falling back to ozone.metadata.dirs instead.
2019-06-13 01:42:32,300 WARN  scm.ScmUtils (ScmUtils.java:getDBPath(63)) - ozone.om.db.dirs is not configured. We recommend adding this setting. Falling back to ozone.metadata.dirs instead.
2019-06-13 01:42:32,301 INFO  om.OzoneManager (OzoneManager.java:setOMNodeDetails(519)) - OM Service ID is not set. Setting it to the default ID: omServiceIdDefault
2019-06-13 01:42:32,301 INFO  om.OzoneManager (OzoneManager.java:setOMNodeDetails(525)) - OM Node ID is not set. Setting it to the OmStorage's OmID: 92129ab9-e5b6-40c2-af54-2904e45e0cca
2019-06-13 01:42:32,302 WARN  scm.HddsServerUtil (HddsServerUtil.java:getDefaultRatisDirectory(354)) - Storage directory for Ratis is not configured. It is a good idea to map this to an SSD disk. Falling back to ozone.metadata.dirs
2019-06-13 01:42:32,303 WARN  scm.HddsServerUtil (HddsServerUtil.java:getDefaultRatisDirectory(354)) - Storage directory for Ratis is not configured. It is a good idea to map this to an SSD disk. Falling back to ozone.metadata.dirs
2019-06-13 01:42:32,303 INFO  om.OzoneManager (OzoneManager.java:loadOMHAConfigs(476)) - Found matching OM address with OMServiceId: null, OMNodeId: null, RPC Address: localhost:0 and Ratis port: 9872
2019-06-13 01:42:32,459 WARN  scm.ScmUtils (ScmUtils.java:getDBPath(63)) - ozone.om.db.dirs is not configured. We recommend adding this setting. Falling back to ozone.metadata.dirs instead.
2019-06-13 01:42:32,466 INFO  db.DBStoreBuilder (DBStoreBuilder.java:addTable(110)) - using custom profile for table: userTable
2019-06-13 01:42:32,466 INFO  db.DBStoreBuilder (DBStoreBuilder.java:processTables(161)) - Using default column profile:DBProfile.DISK for Table:userTable
2019-06-13 01:42:32,467 INFO  db.DBStoreBuilder (DBStoreBuilder.java:addTable(110)) - using custom profile for table: volumeTable
2019-06-13 01:42:32,467 INFO  db.DBStoreBuilder (DBStoreBuilder.java:processTables(161)) - Using default column profile:DBProfile.DISK for Table:volumeTable
2019-06-13 01:42:32,467 INFO  db.DBStoreBuilder (DBStoreBuilder.java:addTable(110)) - using custom profile for table: bucketTable
2019-06-13 01:42:32,467 INFO  db.DBStoreBuilder (DBStoreBuilder.java:processTables(161)) - Using default column profile:DBProfile.DISK for Table:bucketTable
2019-06-13 01:42:32,468 INFO  db.DBStoreBuilder (DBStoreBuilder.java:addTable(110)) - using custom profile for table: keyTable
2019-06-13 01:42:32,468 INFO  db.DBStoreBuilder (DBStoreBuilder.java:processTables(161)) - Using default column profile:DBProfile.DISK for Table:keyTable
2019-06-13 01:42:32,468 INFO  db.DBStoreBuilder (DBStoreBuilder.java:addTable(110)) - using custom profile for table: deletedTable
2019-06-13 01:42:32,469 INFO  db.DBStoreBuilder (DBStoreBuilder.java:processTables(161)) - Using default column profile:DBProfile.DISK for Table:deletedTable
2019-06-13 01:42:32,469 INFO  db.DBStoreBuilder (DBStoreBuilder.java:addTable(110)) - using custom profile for table: openKeyTable
2019-06-13 01:42:32,469 INFO  db.DBStoreBuilder (DBStoreBuilder.java:processTables(161)) - Using default column profile:DBProfile.DISK for Table:openKeyTable
2019-06-13 01:42:32,469 INFO  db.DBStoreBuilder (DBStoreBuilder.java:addTable(110)) - using custom profile for table: s3Table
2019-06-13 01:42:32,470 INFO  db.DBStoreBuilder (DBStoreBuilder.java:processTables(161)) - Using default column profile:DBProfile.DISK for Table:s3Table
2019-06-13 01:42:32,470 INFO  db.DBStoreBuilder (DBStoreBuilder.java:addTable(110)) - using custom profile for table: multipartInfoTable
2019-06-13 01:42:32,470 INFO  db.DBStoreBuilder (DBStoreBuilder.java:processTables(161)) - Using default column profile:DBProfile.DISK for Table:multipartInfoTable
2019-06-13 01:42:32,470 INFO  db.DBStoreBuilder (DBStoreBuilder.java:addTable(110)) - using custom profile for table: dTokenTable
2019-06-13 01:42:32,471 INFO  db.DBStoreBuilder (DBStoreBuilder.java:processTables(161)) - Using default column profile:DBProfile.DISK for Table:dTokenTable
2019-06-13 01:42:32,471 INFO  db.DBStoreBuilder (DBStoreBuilder.java:addTable(110)) - using custom profile for table: s3SecretTable
2019-06-13 01:42:32,471 INFO  db.DBStoreBuilder (DBStoreBuilder.java:processTables(161)) - Using default column profile:DBProfile.DISK for Table:s3SecretTable
2019-06-13 01:42:32,471 INFO  db.DBStoreBuilder (DBStoreBuilder.java:addTable(110)) - using custom profile for table: prefixTable
2019-06-13 01:42:32,472 INFO  db.DBStoreBuilder (DBStoreBuilder.java:processTables(161)) - Using default column profile:DBProfile.DISK for Table:prefixTable
2019-06-13 01:42:32,472 INFO  db.DBStoreBuilder (DBStoreBuilder.java:addTable(110)) - using custom profile for table: default
2019-06-13 01:42:32,472 INFO  db.DBStoreBuilder (DBStoreBuilder.java:processTables(167)) - Using default column profile:DBProfile.DISK for Table:default
2019-06-13 01:42:32,472 INFO  db.DBStoreBuilder (DBStoreBuilder.java:getDbProfile(198)) - Using default options. DBProfile.DISK
2019-06-13 01:42:32,910 INFO  ipc.CallQueueManager (CallQueueManager.java:<init>(84)) - Using callQueue: class java.util.concurrent.LinkedBlockingQueue, queueCapacity: 2000, scheduler: class org.apache.hadoop.ipc.DefaultRpcScheduler, ipcBackoff: false.
2019-06-13 01:42:32,911 INFO  ipc.Server (Server.java:run(1074)) - Starting Socket Reader #1 for port 34299
2019-06-13 01:42:32,929 WARN  scm.ScmUtils (ScmUtils.java:getDBPath(63)) - ozone.om.db.dirs is not configured. We recommend adding this setting. Falling back to ozone.metadata.dirs instead.
2019-06-13 01:42:32,929 INFO  om.OzoneManager (OzoneManager.java:start(1217)) - OzoneManager RPC server is listening at localhost/127.0.0.1:34299
2019-06-13 01:42:32,930 INFO  impl.MetricsSystemImpl (MetricsSystemImpl.java:init(158)) - OzoneManager metrics system started (again)
2019-06-13 01:42:32,930 INFO  ipc.Server (Server.java:run(1314)) - IPC Server Responder: starting
2019-06-13 01:42:32,934 INFO  ipc.Server (Server.java:run(1153)) - IPC Server listener on 34299: starting
2019-06-13 01:42:32,943 INFO  hdfs.DFSUtil (DFSUtil.java:httpServerTemplateForNNAndJN(1641)) - Starting Web-server for ozoneManager at: http://0.0.0.0:0
2019-06-13 01:42:32,945 INFO  server.AuthenticationFilter (AuthenticationFilter.java:constructSecretProvider(240)) - Unable to initialize FileSignerSecretProvider, falling back to use random secrets.
2019-06-13 01:42:32,945 WARN  http.HttpRequestLog (HttpRequestLog.java:getRequestLog(97)) - Jetty request log can only be enabled using Log4j
2019-06-13 01:42:32,947 INFO  http.HttpServer2 (HttpServer2.java:addGlobalFilter(975)) - Added global filter 'safety' (class=org.apache.hadoop.http.HttpServer2$QuotingInputFilter)
2019-06-13 01:42:32,948 INFO  http.HttpServer2 (HttpServer2.java:addFilter(948)) - Added filter static_user_filter (class=org.apache.hadoop.http.lib.StaticUserWebFilter$StaticUserFilter) to context ozoneManager
2019-06-13 01:42:32,948 INFO  http.HttpServer2 (HttpServer2.java:addFilter(958)) - Added filter static_user_filter (class=org.apache.hadoop.http.lib.StaticUserWebFilter$StaticUserFilter) to context logs
2019-06-13 01:42:32,949 INFO  http.HttpServer2 (HttpServer2.java:addFilter(958)) - Added filter static_user_filter (class=org.apache.hadoop.http.lib.StaticUserWebFilter$StaticUserFilter) to context static
2019-06-13 01:42:32,950 INFO  http.HttpServer2 (HttpServer2.java:bindListener(1191)) - Jetty bound to port 38925
2019-06-13 01:42:32,950 INFO  server.Server (Server.java:doStart(351)) - jetty-9.3.24.v20180605, build timestamp: 2018-06-05T17:11:56Z, git hash: 84205aa28f11a4f31f2a3b86d1bba2cc8ab69827
2019-06-13 01:42:32,952 INFO  handler.ContextHandler (ContextHandler.java:doStart(781)) - Started o.e.j.s.ServletContextHandler@7c2a69b4{/logs,file:///opt/src/hadoop-ozone/integration-test/target/log,AVAILABLE}
2019-06-13 01:42:32,953 INFO  handler.ContextHandler (ContextHandler.java:doStart(781)) - Started o.e.j.s.ServletContextHandler@648ee871{/static,file:///opt/src/hadoop-ozone/integration-test/target/test-classes/webapps/static,AVAILABLE}
2019-06-13 01:42:32,957 INFO  handler.ContextHandler (ContextHandler.java:doStart(781)) - Started o.e.j.w.WebAppContext@6f012914{/,file:///opt/src/hadoop-ozone/integration-test/target/test-classes/webapps/ozoneManager/,AVAILABLE}{/ozoneManager}
2019-06-13 01:42:32,957 INFO  server.AbstractConnector (AbstractConnector.java:doStart(278)) - Started ServerConnector@18fdb6cf{HTTP/1.1,[http/1.1]}{0.0.0.0:38925}
2019-06-13 01:42:32,957 INFO  server.Server (Server.java:doStart(419)) - Started @2593ms
2019-06-13 01:42:32,958 INFO  server.BaseHttpServer (BaseHttpServer.java:updateConnectorAddress(207)) - HTTP server of OZONEMANAGER is listening at http://0.0.0.0:38925
2019-06-13 01:42:33,105 INFO  impl.MetricsSystemImpl (MetricsSystemImpl.java:init(158)) - HddsDatanode metrics system started (again)
2019-06-13 01:42:33,240 INFO  ozone.HddsDatanodeService (HddsDatanodeService.java:start(185)) - HddsDatanodeService host:ozone-4wvhw-1461943245 ip:192.168.134.99
2019-06-13 01:42:33,263 INFO  volume.HddsVolume (HddsVolume.java:<init>(176)) - Creating Volume: /opt/src/hadoop-ozone/integration-test/target/test-dir/MiniOzoneClusterImpl-da5c6d20-1ca7-43df-9045-df90fa92b639/datanode-0/data/containers/hdds of  storage type : DISK and capacity : 104021790720
2019-06-13 01:42:33,264 INFO  volume.VolumeSet (VolumeSet.java:initializeVolumeSet(170)) - Added Volume : /opt/src/hadoop-ozone/integration-test/target/test-dir/MiniOzoneClusterImpl-da5c6d20-1ca7-43df-9045-df90fa92b639/datanode-0/data/containers/hdds to VolumeSet
2019-06-13 01:42:33,266 INFO  volume.ThrottledAsyncChecker (ThrottledAsyncChecker.java:schedule(140)) - Scheduling a check for org.apache.hadoop.ozone.container.common.volume.HddsVolume@4a6c18ad
2019-06-13 01:42:33,279 INFO  volume.HddsVolumeChecker (HddsVolumeChecker.java:checkAllVolumes(203)) - Scheduled health check for volume org.apache.hadoop.ozone.container.common.volume.HddsVolume@4a6c18ad
2019-06-13 01:42:33,313 INFO  ratis.XceiverServerRatis (XceiverServerRatis.java:newXceiverServerRatis(401)) - Found a free port for the server : 35245
2019-06-13 01:42:33,379 INFO  impl.RaftServerProxy (ConfUtils.java:logGet(43)) - raft.rpc.type = GRPC (default)
2019-06-13 01:42:33,390 INFO  grpc.GrpcConfigKeys$Server (ConfUtils.java:logGet(43)) - raft.grpc.server.port = 35245 (custom)
2019-06-13 01:42:33,391 INFO  server.GrpcService (ConfUtils.java:logGet(43)) - raft.grpc.message.size.max = 33570816 (custom)
2019-06-13 01:42:33,392 INFO  server.RaftServerConfigKeys (ConfUtils.java:logGet(43)) - raft.server.log.appender.buffer.byte-limit = 33554432 (custom)
2019-06-13 01:42:33,393 INFO  server.GrpcService (ConfUtils.java:logGet(43)) - raft.grpc.flow.control.window = 1MB (=1048576) (default)
2019-06-13 01:42:33,394 INFO  server.RaftServerConfigKeys (ConfUtils.java:logGet(43)) - raft.server.rpc.request.timeout = 3000ms (default)
2019-06-13 01:42:33,509 INFO  server.RaftServerConfigKeys (ConfUtils.java:logGet(43)) - raft.server.storage.dir = [/opt/src/hadoop-ozone/integration-test/target/test-dir/MiniOzoneClusterImpl-da5c6d20-1ca7-43df-9045-df90fa92b639/datanode-0/data/ratis] (custom)
2019-06-13 01:42:33,514 INFO  server.XceiverServerGrpc (XceiverServerGrpc.java:<init>(97)) - Found a free port for the server : 39273
2019-06-13 01:42:33,534 INFO  replication.SimpleContainerDownloader (SimpleContainerDownloader.java:<init>(72)) - Starting container downloader service to copy containers to replicate.
2019-06-13 01:42:33,544 INFO  hdfs.DFSUtil (DFSUtil.java:httpServerTemplateForNNAndJN(1641)) - Starting Web-server for hddsDatanode at: http://0.0.0.0:0
2019-06-13 01:42:33,545 INFO  server.AuthenticationFilter (AuthenticationFilter.java:constructSecretProvider(240)) - Unable to initialize FileSignerSecretProvider, falling back to use random secrets.
2019-06-13 01:42:33,545 WARN  http.HttpRequestLog (HttpRequestLog.java:getRequestLog(97)) - Jetty request log can only be enabled using Log4j
2019-06-13 01:42:33,547 INFO  http.HttpServer2 (HttpServer2.java:addGlobalFilter(975)) - Added global filter 'safety' (class=org.apache.hadoop.http.HttpServer2$QuotingInputFilter)
2019-06-13 01:42:33,547 INFO  http.HttpServer2 (HttpServer2.java:addFilter(948)) - Added filter static_user_filter (class=org.apache.hadoop.http.lib.StaticUserWebFilter$StaticUserFilter) to context hddsDatanode
2019-06-13 01:42:33,547 INFO  http.HttpServer2 (HttpServer2.java:addFilter(958)) - Added filter static_user_filter (class=org.apache.hadoop.http.lib.StaticUserWebFilter$StaticUserFilter) to context logs
2019-06-13 01:42:33,547 INFO  http.HttpServer2 (HttpServer2.java:addFilter(958)) - Added filter static_user_filter (class=org.apache.hadoop.http.lib.StaticUserWebFilter$StaticUserFilter) to context static
2019-06-13 01:42:33,548 INFO  http.HttpServer2 (HttpServer2.java:bindListener(1191)) - Jetty bound to port 45723
2019-06-13 01:42:33,548 INFO  server.Server (Server.java:doStart(351)) - jetty-9.3.24.v20180605, build timestamp: 2018-06-05T17:11:56Z, git hash: 84205aa28f11a4f31f2a3b86d1bba2cc8ab69827
2019-06-13 01:42:33,550 INFO  handler.ContextHandler (ContextHandler.java:doStart(781)) - Started o.e.j.s.ServletContextHandler@2e51d054{/logs,file:///opt/src/hadoop-ozone/integration-test/target/log,AVAILABLE}
2019-06-13 01:42:33,550 INFO  handler.ContextHandler (ContextHandler.java:doStart(781)) - Started o.e.j.s.ServletContextHandler@615e3f51{/static,jar:file:/root/.m2/repository/org/apache/hadoop/hadoop-hdds-container-service/0.5.0-SNAPSHOT/hadoop-hdds-container-service-0.5.0-SNAPSHOT.jar!/webapps/static,AVAILABLE}
2019-06-13 01:42:33,578 INFO  handler.ContextHandler (ContextHandler.java:doStart(781)) - Started o.e.j.w.WebAppContext@5e1fc2aa{/,file:///tmp/jetty-0.0.0.0-45723-hddsDatanode-_-any-1527967979068094644.dir/webapp/,AVAILABLE}{/hddsDatanode}
2019-06-13 01:42:33,578 INFO  server.AbstractConnector (AbstractConnector.java:doStart(278)) - Started ServerConnector@688d411b{HTTP/1.1,[http/1.1]}{0.0.0.0:45723}
2019-06-13 01:42:33,579 INFO  server.Server (Server.java:doStart(419)) - Started @3214ms
2019-06-13 01:42:33,579 INFO  server.BaseHttpServer (BaseHttpServer.java:updateConnectorAddress(207)) - HTTP server of HDDSDATANODE is listening at http://0.0.0.0:45723
2019-06-13 01:42:34,409 INFO  ozone.HddsDatanodeService (HddsDatanodeService.java:startPlugins(396)) - Started plug-in org.apache.hadoop.ozone.web.OzoneHddsDatanodeService@30bf26df
2019-06-13 01:42:34,410 INFO  impl.MetricsSystemImpl (MetricsSystemImpl.java:init(158)) - HddsDatanode metrics system started (again)
2019-06-13 01:42:34,411 INFO  ozone.HddsDatanodeService (HddsDatanodeService.java:start(185)) - HddsDatanodeService host:ozone-4wvhw-1461943245 ip:192.168.134.99
2019-06-13 01:42:34,419 INFO  util.JvmPauseMonitor (JvmPauseMonitor.java:run(188)) - Starting JVM pause monitor
2019-06-13 01:42:34,421 INFO  volume.HddsVolume (HddsVolume.java:<init>(176)) - Creating Volume: /opt/src/hadoop-ozone/integration-test/target/test-dir/MiniOzoneClusterImpl-da5c6d20-1ca7-43df-9045-df90fa92b639/datanode-1/data/containers/hdds of  storage type : DISK and capacity : 104021790720
2019-06-13 01:42:34,421 INFO  volume.VolumeSet (VolumeSet.java:initializeVolumeSet(170)) - Added Volume : /opt/src/hadoop-ozone/integration-test/target/test-dir/MiniOzoneClusterImpl-da5c6d20-1ca7-43df-9045-df90fa92b639/datanode-1/data/containers/hdds to VolumeSet
2019-06-13 01:42:34,421 INFO  volume.ThrottledAsyncChecker (ThrottledAsyncChecker.java:schedule(140)) - Scheduling a check for org.apache.hadoop.ozone.container.common.volume.HddsVolume@f171912
2019-06-13 01:42:34,427 INFO  volume.HddsVolumeChecker (HddsVolumeChecker.java:checkAllVolumes(203)) - Scheduled health check for volume org.apache.hadoop.ozone.container.common.volume.HddsVolume@f171912
2019-06-13 01:42:34,441 INFO  ratis.XceiverServerRatis (XceiverServerRatis.java:newXceiverServerRatis(401)) - Found a free port for the server : 40639
2019-06-13 01:42:34,446 INFO  impl.RaftServerProxy (ConfUtils.java:logGet(43)) - raft.rpc.type = GRPC (default)
2019-06-13 01:42:34,447 INFO  grpc.GrpcConfigKeys$Server (ConfUtils.java:logGet(43)) - raft.grpc.server.port = 40639 (custom)
2019-06-13 01:42:34,447 INFO  server.GrpcService (ConfUtils.java:logGet(43)) - raft.grpc.message.size.max = 33570816 (custom)
2019-06-13 01:42:34,447 INFO  server.RaftServerConfigKeys (ConfUtils.java:logGet(43)) - raft.server.log.appender.buffer.byte-limit = 33554432 (custom)
2019-06-13 01:42:34,447 INFO  server.GrpcService (ConfUtils.java:logGet(43)) - raft.grpc.flow.control.window = 1MB (=1048576) (default)
2019-06-13 01:42:34,448 INFO  server.RaftServerConfigKeys (ConfUtils.java:logGet(43)) - raft.server.rpc.request.timeout = 3000ms (default)
2019-06-13 01:42:34,448 INFO  server.RaftServerConfigKeys (ConfUtils.java:logGet(43)) - raft.server.storage.dir = [/opt/src/hadoop-ozone/integration-test/target/test-dir/MiniOzoneClusterImpl-da5c6d20-1ca7-43df-9045-df90fa92b639/datanode-1/data/ratis] (custom)
2019-06-13 01:42:34,449 INFO  server.XceiverServerGrpc (XceiverServerGrpc.java:<init>(97)) - Found a free port for the server : 45685
2019-06-13 01:42:34,449 INFO  replication.SimpleContainerDownloader (SimpleContainerDownloader.java:<init>(72)) - Starting container downloader service to copy containers to replicate.
2019-06-13 01:42:34,450 INFO  hdfs.DFSUtil (DFSUtil.java:httpServerTemplateForNNAndJN(1641)) - Starting Web-server for hddsDatanode at: http://0.0.0.0:0
2019-06-13 01:42:34,451 INFO  server.AuthenticationFilter (AuthenticationFilter.java:constructSecretProvider(240)) - Unable to initialize FileSignerSecretProvider, falling back to use random secrets.
2019-06-13 01:42:34,452 WARN  http.HttpRequestLog (HttpRequestLog.java:getRequestLog(97)) - Jetty request log can only be enabled using Log4j
2019-06-13 01:42:34,454 INFO  http.HttpServer2 (HttpServer2.java:addGlobalFilter(975)) - Added global filter 'safety' (class=org.apache.hadoop.http.HttpServer2$QuotingInputFilter)
2019-06-13 01:42:34,455 INFO  http.HttpServer2 (HttpServer2.java:addFilter(948)) - Added filter static_user_filter (class=org.apache.hadoop.http.lib.StaticUserWebFilter$StaticUserFilter) to context hddsDatanode
2019-06-13 01:42:34,455 INFO  http.HttpServer2 (HttpServer2.java:addFilter(958)) - Added filter static_user_filter (class=org.apache.hadoop.http.lib.StaticUserWebFilter$StaticUserFilter) to context logs
2019-06-13 01:42:34,455 INFO  http.HttpServer2 (HttpServer2.java:addFilter(958)) - Added filter static_user_filter (class=org.apache.hadoop.http.lib.StaticUserWebFilter$StaticUserFilter) to context static
2019-06-13 01:42:34,456 INFO  http.HttpServer2 (HttpServer2.java:bindListener(1191)) - Jetty bound to port 38975
2019-06-13 01:42:34,456 INFO  server.Server (Server.java:doStart(351)) - jetty-9.3.24.v20180605, build timestamp: 2018-06-05T17:11:56Z, git hash: 84205aa28f11a4f31f2a3b86d1bba2cc8ab69827
2019-06-13 01:42:34,463 INFO  handler.ContextHandler (ContextHandler.java:doStart(781)) - Started o.e.j.s.ServletContextHandler@18b6d3c1{/logs,file:///opt/src/hadoop-ozone/integration-test/target/log,AVAILABLE}
2019-06-13 01:42:34,466 INFO  handler.ContextHandler (ContextHandler.java:doStart(781)) - Started o.e.j.s.ServletContextHandler@3fe512d2{/static,jar:file:/root/.m2/repository/org/apache/hadoop/hadoop-hdds-container-service/0.5.0-SNAPSHOT/hadoop-hdds-container-service-0.5.0-SNAPSHOT.jar!/webapps/static,AVAILABLE}
2019-06-13 01:42:34,495 INFO  handler.ContextHandler (ContextHandler.java:doStart(781)) - Started o.e.j.w.WebAppContext@e7b265e{/,file:///tmp/jetty-0.0.0.0-38975-hddsDatanode-_-any-1288471807731043515.dir/webapp/,AVAILABLE}{/hddsDatanode}
2019-06-13 01:42:34,496 INFO  server.AbstractConnector (AbstractConnector.java:doStart(278)) - Started ServerConnector@5b92990b{HTTP/1.1,[http/1.1]}{0.0.0.0:38975}
2019-06-13 01:42:34,496 INFO  server.Server (Server.java:doStart(419)) - Started @4131ms
2019-06-13 01:42:34,497 INFO  server.BaseHttpServer (BaseHttpServer.java:updateConnectorAddress(207)) - HTTP server of HDDSDATANODE is listening at http://0.0.0.0:38975
2019-06-13 01:42:34,509 INFO  datanode.InitDatanodeState (InitDatanodeState.java:persistContainerDatanodeDetails(140)) - DatanodeDetails is persisted to /opt/src/hadoop-ozone/integration-test/target/test-dir/MiniOzoneClusterImpl-da5c6d20-1ca7-43df-9045-df90fa92b639/datanode-0/meta/datanode.id
2019-06-13 01:42:34,637 INFO  ozone.HddsDatanodeService (HddsDatanodeService.java:startPlugins(396)) - Started plug-in org.apache.hadoop.ozone.web.OzoneHddsDatanodeService@63fd4dda
2019-06-13 01:42:34,638 INFO  impl.MetricsSystemImpl (MetricsSystemImpl.java:init(158)) - HddsDatanode metrics system started (again)
2019-06-13 01:42:34,638 INFO  ozone.HddsDatanodeService (HddsDatanodeService.java:start(185)) - HddsDatanodeService host:ozone-4wvhw-1461943245 ip:192.168.134.99
2019-06-13 01:42:34,650 INFO  util.JvmPauseMonitor (JvmPauseMonitor.java:run(188)) - Starting JVM pause monitor
2019-06-13 01:42:34,659 INFO  volume.HddsVolume (HddsVolume.java:<init>(176)) - Creating Volume: /opt/src/hadoop-ozone/integration-test/target/test-dir/MiniOzoneClusterImpl-da5c6d20-1ca7-43df-9045-df90fa92b639/datanode-2/data/containers/hdds of  storage type : DISK and capacity : 104021790720
2019-06-13 01:42:34,661 INFO  datanode.InitDatanodeState (InitDatanodeState.java:persistContainerDatanodeDetails(140)) - DatanodeDetails is persisted to /opt/src/hadoop-ozone/integration-test/target/test-dir/MiniOzoneClusterImpl-da5c6d20-1ca7-43df-9045-df90fa92b639/datanode-1/meta/datanode.id
2019-06-13 01:42:34,661 INFO  volume.VolumeSet (VolumeSet.java:initializeVolumeSet(170)) - Added Volume : /opt/src/hadoop-ozone/integration-test/target/test-dir/MiniOzoneClusterImpl-da5c6d20-1ca7-43df-9045-df90fa92b639/datanode-2/data/containers/hdds to VolumeSet
2019-06-13 01:42:34,661 INFO  volume.ThrottledAsyncChecker (ThrottledAsyncChecker.java:schedule(140)) - Scheduling a check for org.apache.hadoop.ozone.container.common.volume.HddsVolume@4b56b031
2019-06-13 01:42:34,671 INFO  volume.HddsVolumeChecker (HddsVolumeChecker.java:checkAllVolumes(203)) - Scheduled health check for volume org.apache.hadoop.ozone.container.common.volume.HddsVolume@4b56b031
2019-06-13 01:42:34,685 INFO  ratis.XceiverServerRatis (XceiverServerRatis.java:newXceiverServerRatis(401)) - Found a free port for the server : 39301
2019-06-13 01:42:34,686 INFO  impl.RaftServerProxy (ConfUtils.java:logGet(43)) - raft.rpc.type = GRPC (default)
2019-06-13 01:42:34,686 INFO  grpc.GrpcConfigKeys$Server (ConfUtils.java:logGet(43)) - raft.grpc.server.port = 39301 (custom)
2019-06-13 01:42:34,686 INFO  server.GrpcService (ConfUtils.java:logGet(43)) - raft.grpc.message.size.max = 33570816 (custom)
2019-06-13 01:42:34,687 INFO  server.RaftServerConfigKeys (ConfUtils.java:logGet(43)) - raft.server.log.appender.buffer.byte-limit = 33554432 (custom)
2019-06-13 01:42:34,687 INFO  server.GrpcService (ConfUtils.java:logGet(43)) - raft.grpc.flow.control.window = 1MB (=1048576) (default)
2019-06-13 01:42:34,687 INFO  server.RaftServerConfigKeys (ConfUtils.java:logGet(43)) - raft.server.rpc.request.timeout = 3000ms (default)
2019-06-13 01:42:34,687 INFO  server.RaftServerConfigKeys (ConfUtils.java:logGet(43)) - raft.server.storage.dir = [/opt/src/hadoop-ozone/integration-test/target/test-dir/MiniOzoneClusterImpl-da5c6d20-1ca7-43df-9045-df90fa92b639/datanode-2/data/ratis] (custom)
2019-06-13 01:42:34,688 INFO  server.XceiverServerGrpc (XceiverServerGrpc.java:<init>(97)) - Found a free port for the server : 46587
2019-06-13 01:42:34,688 INFO  replication.SimpleContainerDownloader (SimpleContainerDownloader.java:<init>(72)) - Starting container downloader service to copy containers to replicate.
2019-06-13 01:42:34,689 INFO  hdfs.DFSUtil (DFSUtil.java:httpServerTemplateForNNAndJN(1641)) - Starting Web-server for hddsDatanode at: http://0.0.0.0:0
2019-06-13 01:42:34,690 INFO  server.AuthenticationFilter (AuthenticationFilter.java:constructSecretProvider(240)) - Unable to initialize FileSignerSecretProvider, falling back to use random secrets.
2019-06-13 01:42:34,690 WARN  http.HttpRequestLog (HttpRequestLog.java:getRequestLog(97)) - Jetty request log can only be enabled using Log4j
2019-06-13 01:42:34,692 INFO  http.HttpServer2 (HttpServer2.java:addGlobalFilter(975)) - Added global filter 'safety' (class=org.apache.hadoop.http.HttpServer2$QuotingInputFilter)
2019-06-13 01:42:34,692 INFO  http.HttpServer2 (HttpServer2.java:addFilter(948)) - Added filter static_user_filter (class=org.apache.hadoop.http.lib.StaticUserWebFilter$StaticUserFilter) to context hddsDatanode
2019-06-13 01:42:34,692 INFO  http.HttpServer2 (HttpServer2.java:addFilter(958)) - Added filter static_user_filter (class=org.apache.hadoop.http.lib.StaticUserWebFilter$StaticUserFilter) to context logs
2019-06-13 01:42:34,692 INFO  http.HttpServer2 (HttpServer2.java:addFilter(958)) - Added filter static_user_filter (class=org.apache.hadoop.http.lib.StaticUserWebFilter$StaticUserFilter) to context static
2019-06-13 01:42:34,693 INFO  http.HttpServer2 (HttpServer2.java:bindListener(1191)) - Jetty bound to port 42039
2019-06-13 01:42:34,693 INFO  server.Server (Server.java:doStart(351)) - jetty-9.3.24.v20180605, build timestamp: 2018-06-05T17:11:56Z, git hash: 84205aa28f11a4f31f2a3b86d1bba2cc8ab69827
2019-06-13 01:42:34,695 INFO  handler.ContextHandler (ContextHandler.java:doStart(781)) - Started o.e.j.s.ServletContextHandler@2443abd6{/logs,file:///opt/src/hadoop-ozone/integration-test/target/log,AVAILABLE}
2019-06-13 01:42:34,695 INFO  handler.ContextHandler (ContextHandler.java:doStart(781)) - Started o.e.j.s.ServletContextHandler@bd3eff4{/static,jar:file:/root/.m2/repository/org/apache/hadoop/hadoop-hdds-container-service/0.5.0-SNAPSHOT/hadoop-hdds-container-service-0.5.0-SNAPSHOT.jar!/webapps/static,AVAILABLE}
2019-06-13 01:42:34,715 INFO  handler.ContextHandler (ContextHandler.java:doStart(781)) - Started o.e.j.w.WebAppContext@4e80a001{/,file:///tmp/jetty-0.0.0.0-42039-hddsDatanode-_-any-5221934235257449982.dir/webapp/,AVAILABLE}{/hddsDatanode}
2019-06-13 01:42:34,716 INFO  server.AbstractConnector (AbstractConnector.java:doStart(278)) - Started ServerConnector@624b523{HTTP/1.1,[http/1.1]}{0.0.0.0:42039}
2019-06-13 01:42:34,717 INFO  server.Server (Server.java:doStart(419)) - Started @4352ms
2019-06-13 01:42:34,718 INFO  server.BaseHttpServer (BaseHttpServer.java:updateConnectorAddress(207)) - HTTP server of HDDSDATANODE is listening at http://0.0.0.0:42039
2019-06-13 01:42:34,872 INFO  ozone.HddsDatanodeService (HddsDatanodeService.java:startPlugins(396)) - Started plug-in org.apache.hadoop.ozone.web.OzoneHddsDatanodeService@11c78080
2019-06-13 01:42:34,877 INFO  impl.MetricsSystemImpl (MetricsSystemImpl.java:init(158)) - HddsDatanode metrics system started (again)
2019-06-13 01:42:34,877 INFO  ozone.HddsDatanodeService (HddsDatanodeService.java:start(185)) - HddsDatanodeService host:ozone-4wvhw-1461943245 ip:192.168.134.99
2019-06-13 01:42:34,884 INFO  datanode.InitDatanodeState (InitDatanodeState.java:persistContainerDatanodeDetails(140)) - DatanodeDetails is persisted to /opt/src/hadoop-ozone/integration-test/target/test-dir/MiniOzoneClusterImpl-da5c6d20-1ca7-43df-9045-df90fa92b639/datanode-2/meta/datanode.id
2019-06-13 01:42:34,886 INFO  util.JvmPauseMonitor (JvmPauseMonitor.java:run(188)) - Starting JVM pause monitor
2019-06-13 01:42:34,898 INFO  volume.HddsVolume (HddsVolume.java:<init>(176)) - Creating Volume: /opt/src/hadoop-ozone/integration-test/target/test-dir/MiniOzoneClusterImpl-da5c6d20-1ca7-43df-9045-df90fa92b639/datanode-3/data/containers/hdds of  storage type : DISK and capacity : 104021790720
2019-06-13 01:42:34,898 INFO  volume.VolumeSet (VolumeSet.java:initializeVolumeSet(170)) - Added Volume : /opt/src/hadoop-ozone/integration-test/target/test-dir/MiniOzoneClusterImpl-da5c6d20-1ca7-43df-9045-df90fa92b639/datanode-3/data/containers/hdds to VolumeSet
2019-06-13 01:42:34,898 INFO  volume.ThrottledAsyncChecker (ThrottledAsyncChecker.java:schedule(140)) - Scheduling a check for org.apache.hadoop.ozone.container.common.volume.HddsVolume@7c11d32
2019-06-13 01:42:34,902 INFO  volume.HddsVolumeChecker (HddsVolumeChecker.java:checkAllVolumes(203)) - Scheduled health check for volume org.apache.hadoop.ozone.container.common.volume.HddsVolume@7c11d32
2019-06-13 01:42:34,922 INFO  ratis.XceiverServerRatis (XceiverServerRatis.java:newXceiverServerRatis(401)) - Found a free port for the server : 37249
2019-06-13 01:42:34,923 INFO  impl.RaftServerProxy (ConfUtils.java:logGet(43)) - raft.rpc.type = GRPC (default)
2019-06-13 01:42:34,923 INFO  grpc.GrpcConfigKeys$Server (ConfUtils.java:logGet(43)) - raft.grpc.server.port = 37249 (custom)
2019-06-13 01:42:34,923 INFO  server.GrpcService (ConfUtils.java:logGet(43)) - raft.grpc.message.size.max = 33570816 (custom)
2019-06-13 01:42:34,923 INFO  server.RaftServerConfigKeys (ConfUtils.java:logGet(43)) - raft.server.log.appender.buffer.byte-limit = 33554432 (custom)
2019-06-13 01:42:34,924 INFO  server.GrpcService (ConfUtils.java:logGet(43)) - raft.grpc.flow.control.window = 1MB (=1048576) (default)
2019-06-13 01:42:34,924 INFO  server.RaftServerConfigKeys (ConfUtils.java:logGet(43)) - raft.server.rpc.request.timeout = 3000ms (default)
2019-06-13 01:42:34,924 INFO  server.RaftServerConfigKeys (ConfUtils.java:logGet(43)) - raft.server.storage.dir = [/opt/src/hadoop-ozone/integration-test/target/test-dir/MiniOzoneClusterImpl-da5c6d20-1ca7-43df-9045-df90fa92b639/datanode-3/data/ratis] (custom)
2019-06-13 01:42:34,925 INFO  server.XceiverServerGrpc (XceiverServerGrpc.java:<init>(97)) - Found a free port for the server : 35841
2019-06-13 01:42:34,925 INFO  replication.SimpleContainerDownloader (SimpleContainerDownloader.java:<init>(72)) - Starting container downloader service to copy containers to replicate.
2019-06-13 01:42:34,927 INFO  hdfs.DFSUtil (DFSUtil.java:httpServerTemplateForNNAndJN(1641)) - Starting Web-server for hddsDatanode at: http://0.0.0.0:0
2019-06-13 01:42:34,928 INFO  server.AuthenticationFilter (AuthenticationFilter.java:constructSecretProvider(240)) - Unable to initialize FileSignerSecretProvider, falling back to use random secrets.
2019-06-13 01:42:34,930 WARN  http.HttpRequestLog (HttpRequestLog.java:getRequestLog(97)) - Jetty request log can only be enabled using Log4j
2019-06-13 01:42:34,932 INFO  http.HttpServer2 (HttpServer2.java:addGlobalFilter(975)) - Added global filter 'safety' (class=org.apache.hadoop.http.HttpServer2$QuotingInputFilter)
2019-06-13 01:42:34,932 INFO  http.HttpServer2 (HttpServer2.java:addFilter(948)) - Added filter static_user_filter (class=org.apache.hadoop.http.lib.StaticUserWebFilter$StaticUserFilter) to context hddsDatanode
2019-06-13 01:42:34,932 INFO  http.HttpServer2 (HttpServer2.java:addFilter(958)) - Added filter static_user_filter (class=org.apache.hadoop.http.lib.StaticUserWebFilter$StaticUserFilter) to context logs
2019-06-13 01:42:34,933 INFO  http.HttpServer2 (HttpServer2.java:addFilter(958)) - Added filter static_user_filter (class=org.apache.hadoop.http.lib.StaticUserWebFilter$StaticUserFilter) to context static
2019-06-13 01:42:34,933 INFO  http.HttpServer2 (HttpServer2.java:bindListener(1191)) - Jetty bound to port 45955
2019-06-13 01:42:34,933 INFO  server.Server (Server.java:doStart(351)) - jetty-9.3.24.v20180605, build timestamp: 2018-06-05T17:11:56Z, git hash: 84205aa28f11a4f31f2a3b86d1bba2cc8ab69827
2019-06-13 01:42:34,955 INFO  handler.ContextHandler (ContextHandler.java:doStart(781)) - Started o.e.j.s.ServletContextHandler@25974207{/logs,file:///opt/src/hadoop-ozone/integration-test/target/log,AVAILABLE}
2019-06-13 01:42:34,961 INFO  handler.ContextHandler (ContextHandler.java:doStart(781)) - Started o.e.j.s.ServletContextHandler@195113de{/static,jar:file:/root/.m2/repository/org/apache/hadoop/hadoop-hdds-container-service/0.5.0-SNAPSHOT/hadoop-hdds-container-service-0.5.0-SNAPSHOT.jar!/webapps/static,AVAILABLE}
2019-06-13 01:42:34,995 INFO  handler.ContextHandler (ContextHandler.java:doStart(781)) - Started o.e.j.w.WebAppContext@74c9e11{/,file:///tmp/jetty-0.0.0.0-45955-hddsDatanode-_-any-2918530619167464831.dir/webapp/,AVAILABLE}{/hddsDatanode}
2019-06-13 01:42:35,001 INFO  server.AbstractConnector (AbstractConnector.java:doStart(278)) - Started ServerConnector@9fe720a{HTTP/1.1,[http/1.1]}{0.0.0.0:45955}
2019-06-13 01:42:35,002 INFO  server.Server (Server.java:doStart(419)) - Started @4637ms
2019-06-13 01:42:35,002 INFO  server.BaseHttpServer (BaseHttpServer.java:updateConnectorAddress(207)) - HTTP server of HDDSDATANODE is listening at http://0.0.0.0:45955
2019-06-13 01:42:35,171 INFO  ozone.HddsDatanodeService (HddsDatanodeService.java:startPlugins(396)) - Started plug-in org.apache.hadoop.ozone.web.OzoneHddsDatanodeService@76216830
2019-06-13 01:42:35,171 INFO  impl.MetricsSystemImpl (MetricsSystemImpl.java:init(158)) - HddsDatanode metrics system started (again)
2019-06-13 01:42:35,172 INFO  ozone.HddsDatanodeService (HddsDatanodeService.java:start(185)) - HddsDatanodeService host:ozone-4wvhw-1461943245 ip:192.168.134.99
2019-06-13 01:42:35,186 INFO  util.JvmPauseMonitor (JvmPauseMonitor.java:run(188)) - Starting JVM pause monitor
2019-06-13 01:42:35,192 INFO  datanode.InitDatanodeState (InitDatanodeState.java:persistContainerDatanodeDetails(140)) - DatanodeDetails is persisted to /opt/src/hadoop-ozone/integration-test/target/test-dir/MiniOzoneClusterImpl-da5c6d20-1ca7-43df-9045-df90fa92b639/datanode-3/meta/datanode.id
2019-06-13 01:42:35,199 INFO  volume.HddsVolume (HddsVolume.java:<init>(176)) - Creating Volume: /opt/src/hadoop-ozone/integration-test/target/test-dir/MiniOzoneClusterImpl-da5c6d20-1ca7-43df-9045-df90fa92b639/datanode-4/data/containers/hdds of  storage type : DISK and capacity : 104021790720
2019-06-13 01:42:35,199 INFO  volume.VolumeSet (VolumeSet.java:initializeVolumeSet(170)) - Added Volume : /opt/src/hadoop-ozone/integration-test/target/test-dir/MiniOzoneClusterImpl-da5c6d20-1ca7-43df-9045-df90fa92b639/datanode-4/data/containers/hdds to VolumeSet
2019-06-13 01:42:35,199 INFO  volume.ThrottledAsyncChecker (ThrottledAsyncChecker.java:schedule(140)) - Scheduling a check for org.apache.hadoop.ozone.container.common.volume.HddsVolume@391d1e33
2019-06-13 01:42:35,201 INFO  volume.HddsVolumeChecker (HddsVolumeChecker.java:checkAllVolumes(203)) - Scheduled health check for volume org.apache.hadoop.ozone.container.common.volume.HddsVolume@391d1e33
2019-06-13 01:42:35,212 INFO  ratis.XceiverServerRatis (XceiverServerRatis.java:newXceiverServerRatis(401)) - Found a free port for the server : 46299
2019-06-13 01:42:35,213 INFO  impl.RaftServerProxy (ConfUtils.java:logGet(43)) - raft.rpc.type = GRPC (default)
2019-06-13 01:42:35,213 INFO  grpc.GrpcConfigKeys$Server (ConfUtils.java:logGet(43)) - raft.grpc.server.port = 46299 (custom)
2019-06-13 01:42:35,213 INFO  server.GrpcService (ConfUtils.java:logGet(43)) - raft.grpc.message.size.max = 33570816 (custom)
2019-06-13 01:42:35,213 INFO  server.RaftServerConfigKeys (ConfUtils.java:logGet(43)) - raft.server.log.appender.buffer.byte-limit = 33554432 (custom)
2019-06-13 01:42:35,214 INFO  server.GrpcService (ConfUtils.java:logGet(43)) - raft.grpc.flow.control.window = 1MB (=1048576) (default)
2019-06-13 01:42:35,214 INFO  server.RaftServerConfigKeys (ConfUtils.java:logGet(43)) - raft.server.rpc.request.timeout = 3000ms (default)
2019-06-13 01:42:35,214 INFO  server.RaftServerConfigKeys (ConfUtils.java:logGet(43)) - raft.server.storage.dir = [/opt/src/hadoop-ozone/integration-test/target/test-dir/MiniOzoneClusterImpl-da5c6d20-1ca7-43df-9045-df90fa92b639/datanode-4/data/ratis] (custom)
2019-06-13 01:42:35,215 INFO  server.XceiverServerGrpc (XceiverServerGrpc.java:<init>(97)) - Found a free port for the server : 41425
2019-06-13 01:42:35,215 INFO  replication.SimpleContainerDownloader (SimpleContainerDownloader.java:<init>(72)) - Starting container downloader service to copy containers to replicate.
2019-06-13 01:42:35,216 INFO  hdfs.DFSUtil (DFSUtil.java:httpServerTemplateForNNAndJN(1641)) - Starting Web-server for hddsDatanode at: http://0.0.0.0:0
2019-06-13 01:42:35,217 INFO  server.AuthenticationFilter (AuthenticationFilter.java:constructSecretProvider(240)) - Unable to initialize FileSignerSecretProvider, falling back to use random secrets.
2019-06-13 01:42:35,218 WARN  http.HttpRequestLog (HttpRequestLog.java:getRequestLog(97)) - Jetty request log can only be enabled using Log4j
2019-06-13 01:42:35,219 INFO  http.HttpServer2 (HttpServer2.java:addGlobalFilter(975)) - Added global filter 'safety' (class=org.apache.hadoop.http.HttpServer2$QuotingInputFilter)
2019-06-13 01:42:35,220 INFO  http.HttpServer2 (HttpServer2.java:addFilter(948)) - Added filter static_user_filter (class=org.apache.hadoop.http.lib.StaticUserWebFilter$StaticUserFilter) to context hddsDatanode
2019-06-13 01:42:35,220 INFO  http.HttpServer2 (HttpServer2.java:addFilter(958)) - Added filter static_user_filter (class=org.apache.hadoop.http.lib.StaticUserWebFilter$StaticUserFilter) to context static
2019-06-13 01:42:35,220 INFO  http.HttpServer2 (HttpServer2.java:addFilter(958)) - Added filter static_user_filter (class=org.apache.hadoop.http.lib.StaticUserWebFilter$StaticUserFilter) to context logs
2019-06-13 01:42:35,220 INFO  http.HttpServer2 (HttpServer2.java:bindListener(1191)) - Jetty bound to port 43927
2019-06-13 01:42:35,221 INFO  server.Server (Server.java:doStart(351)) - jetty-9.3.24.v20180605, build timestamp: 2018-06-05T17:11:56Z, git hash: 84205aa28f11a4f31f2a3b86d1bba2cc8ab69827
2019-06-13 01:42:35,223 INFO  handler.ContextHandler (ContextHandler.java:doStart(781)) - Started o.e.j.s.ServletContextHandler@6f38f084{/logs,file:///opt/src/hadoop-ozone/integration-test/target/log,AVAILABLE}
2019-06-13 01:42:35,224 INFO  handler.ContextHandler (ContextHandler.java:doStart(781)) - Started o.e.j.s.ServletContextHandler@372f0a99{/static,jar:file:/root/.m2/repository/org/apache/hadoop/hadoop-hdds-container-service/0.5.0-SNAPSHOT/hadoop-hdds-container-service-0.5.0-SNAPSHOT.jar!/webapps/static,AVAILABLE}
2019-06-13 01:42:35,252 INFO  handler.ContextHandler (ContextHandler.java:doStart(781)) - Started o.e.j.w.WebAppContext@6b2fdffc{/,file:///tmp/jetty-0.0.0.0-43927-hddsDatanode-_-any-3775236848023842838.dir/webapp/,AVAILABLE}{/hddsDatanode}
2019-06-13 01:42:35,253 INFO  server.AbstractConnector (AbstractConnector.java:doStart(278)) - Started ServerConnector@2ca3d826{HTTP/1.1,[http/1.1]}{0.0.0.0:43927}
2019-06-13 01:42:35,254 INFO  server.Server (Server.java:doStart(419)) - Started @4889ms
2019-06-13 01:42:35,255 INFO  server.BaseHttpServer (BaseHttpServer.java:updateConnectorAddress(207)) - HTTP server of HDDSDATANODE is listening at http://0.0.0.0:43927
2019-06-13 01:42:35,385 INFO  ozone.HddsDatanodeService (HddsDatanodeService.java:startPlugins(396)) - Started plug-in org.apache.hadoop.ozone.web.OzoneHddsDatanodeService@624b3544
2019-06-13 01:42:35,385 INFO  impl.MetricsSystemImpl (MetricsSystemImpl.java:init(158)) - HddsDatanode metrics system started (again)
2019-06-13 01:42:35,385 INFO  ozone.HddsDatanodeService (HddsDatanodeService.java:start(185)) - HddsDatanodeService host:ozone-4wvhw-1461943245 ip:192.168.134.99
2019-06-13 01:42:35,386 INFO  util.JvmPauseMonitor (JvmPauseMonitor.java:run(188)) - Starting JVM pause monitor
2019-06-13 01:42:35,387 INFO  datanode.InitDatanodeState (InitDatanodeState.java:persistContainerDatanodeDetails(140)) - DatanodeDetails is persisted to /opt/src/hadoop-ozone/integration-test/target/test-dir/MiniOzoneClusterImpl-da5c6d20-1ca7-43df-9045-df90fa92b639/datanode-4/meta/datanode.id
2019-06-13 01:42:35,392 INFO  volume.HddsVolume (HddsVolume.java:<init>(176)) - Creating Volume: /opt/src/hadoop-ozone/integration-test/target/test-dir/MiniOzoneClusterImpl-da5c6d20-1ca7-43df-9045-df90fa92b639/datanode-5/data/containers/hdds of  storage type : DISK and capacity : 104021790720
2019-06-13 01:42:35,392 INFO  volume.VolumeSet (VolumeSet.java:initializeVolumeSet(170)) - Added Volume : /opt/src/hadoop-ozone/integration-test/target/test-dir/MiniOzoneClusterImpl-da5c6d20-1ca7-43df-9045-df90fa92b639/datanode-5/data/containers/hdds to VolumeSet
2019-06-13 01:42:35,392 INFO  volume.ThrottledAsyncChecker (ThrottledAsyncChecker.java:schedule(140)) - Scheduling a check for org.apache.hadoop.ozone.container.common.volume.HddsVolume@55a0f011
2019-06-13 01:42:35,393 INFO  volume.HddsVolumeChecker (HddsVolumeChecker.java:checkAllVolumes(203)) - Scheduled health check for volume org.apache.hadoop.ozone.container.common.volume.HddsVolume@55a0f011
2019-06-13 01:42:35,406 INFO  ratis.XceiverServerRatis (XceiverServerRatis.java:newXceiverServerRatis(401)) - Found a free port for the server : 42821
2019-06-13 01:42:35,407 INFO  impl.RaftServerProxy (ConfUtils.java:logGet(43)) - raft.rpc.type = GRPC (default)
2019-06-13 01:42:35,407 INFO  grpc.GrpcConfigKeys$Server (ConfUtils.java:logGet(43)) - raft.grpc.server.port = 42821 (custom)
2019-06-13 01:42:35,408 INFO  server.GrpcService (ConfUtils.java:logGet(43)) - raft.grpc.message.size.max = 33570816 (custom)
2019-06-13 01:42:35,408 INFO  server.RaftServerConfigKeys (ConfUtils.java:logGet(43)) - raft.server.log.appender.buffer.byte-limit = 33554432 (custom)
2019-06-13 01:42:35,408 INFO  server.GrpcService (ConfUtils.java:logGet(43)) - raft.grpc.flow.control.window = 1MB (=1048576) (default)
2019-06-13 01:42:35,408 INFO  server.RaftServerConfigKeys (ConfUtils.java:logGet(43)) - raft.server.rpc.request.timeout = 3000ms (default)
2019-06-13 01:42:35,409 INFO  server.RaftServerConfigKeys (ConfUtils.java:logGet(43)) - raft.server.storage.dir = [/opt/src/hadoop-ozone/integration-test/target/test-dir/MiniOzoneClusterImpl-da5c6d20-1ca7-43df-9045-df90fa92b639/datanode-5/data/ratis] (custom)
2019-06-13 01:42:35,409 INFO  server.XceiverServerGrpc (XceiverServerGrpc.java:<init>(97)) - Found a free port for the server : 37505
2019-06-13 01:42:35,409 INFO  replication.SimpleContainerDownloader (SimpleContainerDownloader.java:<init>(72)) - Starting container downloader service to copy containers to replicate.
2019-06-13 01:42:35,411 INFO  hdfs.DFSUtil (DFSUtil.java:httpServerTemplateForNNAndJN(1641)) - Starting Web-server for hddsDatanode at: http://0.0.0.0:0
2019-06-13 01:42:35,412 INFO  server.AuthenticationFilter (AuthenticationFilter.java:constructSecretProvider(240)) - Unable to initialize FileSignerSecretProvider, falling back to use random secrets.
2019-06-13 01:42:35,412 WARN  http.HttpRequestLog (HttpRequestLog.java:getRequestLog(97)) - Jetty request log can only be enabled using Log4j
2019-06-13 01:42:35,414 INFO  http.HttpServer2 (HttpServer2.java:addGlobalFilter(975)) - Added global filter 'safety' (class=org.apache.hadoop.http.HttpServer2$QuotingInputFilter)
2019-06-13 01:42:35,414 INFO  http.HttpServer2 (HttpServer2.java:addFilter(948)) - Added filter static_user_filter (class=org.apache.hadoop.http.lib.StaticUserWebFilter$StaticUserFilter) to context hddsDatanode
2019-06-13 01:42:35,414 INFO  http.HttpServer2 (HttpServer2.java:addFilter(958)) - Added filter static_user_filter (class=org.apache.hadoop.http.lib.StaticUserWebFilter$StaticUserFilter) to context logs
2019-06-13 01:42:35,414 INFO  http.HttpServer2 (HttpServer2.java:addFilter(958)) - Added filter static_user_filter (class=org.apache.hadoop.http.lib.StaticUserWebFilter$StaticUserFilter) to context static
2019-06-13 01:42:35,415 INFO  http.HttpServer2 (HttpServer2.java:bindListener(1191)) - Jetty bound to port 36399
2019-06-13 01:42:35,415 INFO  server.Server (Server.java:doStart(351)) - jetty-9.3.24.v20180605, build timestamp: 2018-06-05T17:11:56Z, git hash: 84205aa28f11a4f31f2a3b86d1bba2cc8ab69827
2019-06-13 01:42:35,426 INFO  handler.ContextHandler (ContextHandler.java:doStart(781)) - Started o.e.j.s.ServletContextHandler@23e61112{/logs,file:///opt/src/hadoop-ozone/integration-test/target/log,AVAILABLE}
2019-06-13 01:42:35,427 INFO  handler.ContextHandler (ContextHandler.java:doStart(781)) - Started o.e.j.s.ServletContextHandler@61b60600{/static,jar:file:/root/.m2/repository/org/apache/hadoop/hadoop-hdds-container-service/0.5.0-SNAPSHOT/hadoop-hdds-container-service-0.5.0-SNAPSHOT.jar!/webapps/static,AVAILABLE}
2019-06-13 01:42:35,447 INFO  handler.ContextHandler (ContextHandler.java:doStart(781)) - Started o.e.j.w.WebAppContext@245cb8df{/,file:///tmp/jetty-0.0.0.0-36399-hddsDatanode-_-any-8385246741980769486.dir/webapp/,AVAILABLE}{/hddsDatanode}
2019-06-13 01:42:35,448 INFO  server.AbstractConnector (AbstractConnector.java:doStart(278)) - Started ServerConnector@26b3c9a2{HTTP/1.1,[http/1.1]}{0.0.0.0:36399}
2019-06-13 01:42:35,449 INFO  server.Server (Server.java:doStart(419)) - Started @5084ms
2019-06-13 01:42:35,449 INFO  server.BaseHttpServer (BaseHttpServer.java:updateConnectorAddress(207)) - HTTP server of HDDSDATANODE is listening at http://0.0.0.0:36399
2019-06-13 01:42:35,573 INFO  ozone.HddsDatanodeService (HddsDatanodeService.java:startPlugins(396)) - Started plug-in org.apache.hadoop.ozone.web.OzoneHddsDatanodeService@4662752a
2019-06-13 01:42:35,574 INFO  ozone.MiniOzoneClusterImpl (MiniOzoneClusterImpl.java:lambda$waitForClusterToBeReady$0(142)) - Waiting for cluster to be ready. Got 0 of 6 DN Heartbeats.
2019-06-13 01:42:35,578 INFO  util.JvmPauseMonitor (JvmPauseMonitor.java:run(188)) - Starting JVM pause monitor
2019-06-13 01:42:35,579 INFO  datanode.InitDatanodeState (InitDatanodeState.java:persistContainerDatanodeDetails(140)) - DatanodeDetails is persisted to /opt/src/hadoop-ozone/integration-test/target/test-dir/MiniOzoneClusterImpl-da5c6d20-1ca7-43df-9045-df90fa92b639/datanode-5/meta/datanode.id
2019-06-13 01:42:36,438 INFO  ozoneimpl.OzoneContainer (OzoneContainer.java:start(186)) - Attempting to start container services.
2019-06-13 01:42:36,438 INFO  ozoneimpl.OzoneContainer (OzoneContainer.java:startContainerScrub(160)) - Background container scrubber has been disabled by hdds.containerscrub.enabled
2019-06-13 01:42:36,438 INFO  ratis.XceiverServerRatis (XceiverServerRatis.java:start(418)) - Starting XceiverServerRatis d5621f70-36d4-4f4e-ae35-a711d52cb62b at port 35245
2019-06-13 01:42:36,449 INFO  impl.RaftServerProxy (RaftServerProxy.java:lambda$start$3(299)) - d5621f70-36d4-4f4e-ae35-a711d52cb62b: start RPC server
2019-06-13 01:42:36,557 INFO  server.GrpcService (GrpcService.java:startImpl(148)) - d5621f70-36d4-4f4e-ae35-a711d52cb62b: GrpcService started, listening on 0.0.0.0/0.0.0.0:35245
2019-06-13 01:42:36,575 INFO  ozone.MiniOzoneClusterImpl (MiniOzoneClusterImpl.java:lambda$waitForClusterToBeReady$0(142)) - Waiting for cluster to be ready. Got 0 of 6 DN Heartbeats.
2019-06-13 01:42:36,654 INFO  ozoneimpl.OzoneContainer (OzoneContainer.java:start(186)) - Attempting to start container services.
2019-06-13 01:42:36,654 INFO  ozoneimpl.OzoneContainer (OzoneContainer.java:startContainerScrub(160)) - Background container scrubber has been disabled by hdds.containerscrub.enabled
2019-06-13 01:42:36,654 INFO  ratis.XceiverServerRatis (XceiverServerRatis.java:start(418)) - Starting XceiverServerRatis be6643db-1409-4f3e-a4fb-ae292bcd1e8c at port 40639
2019-06-13 01:42:36,676 INFO  impl.RaftServerProxy (RaftServerProxy.java:lambda$start$3(299)) - be6643db-1409-4f3e-a4fb-ae292bcd1e8c: start RPC server
2019-06-13 01:42:36,678 INFO  server.GrpcService (GrpcService.java:startImpl(148)) - be6643db-1409-4f3e-a4fb-ae292bcd1e8c: GrpcService started, listening on 0.0.0.0/0.0.0.0:40639
2019-06-13 01:42:36,886 INFO  ozoneimpl.OzoneContainer (OzoneContainer.java:start(186)) - Attempting to start container services.
2019-06-13 01:42:36,887 INFO  ozoneimpl.OzoneContainer (OzoneContainer.java:startContainerScrub(160)) - Background container scrubber has been disabled by hdds.containerscrub.enabled
2019-06-13 01:42:36,888 INFO  ratis.XceiverServerRatis (XceiverServerRatis.java:start(418)) - Starting XceiverServerRatis 296d1d22-01b5-4184-9432-ee3542df1fee at port 39301
2019-06-13 01:42:36,892 INFO  impl.RaftServerProxy (RaftServerProxy.java:lambda$start$3(299)) - 296d1d22-01b5-4184-9432-ee3542df1fee: start RPC server
2019-06-13 01:42:36,894 INFO  server.GrpcService (GrpcService.java:startImpl(148)) - 296d1d22-01b5-4184-9432-ee3542df1fee: GrpcService started, listening on 0.0.0.0/0.0.0.0:39301
2019-06-13 01:42:37,191 INFO  ozoneimpl.OzoneContainer (OzoneContainer.java:start(186)) - Attempting to start container services.
2019-06-13 01:42:37,192 INFO  ozoneimpl.OzoneContainer (OzoneContainer.java:startContainerScrub(160)) - Background container scrubber has been disabled by hdds.containerscrub.enabled
2019-06-13 01:42:37,192 INFO  ratis.XceiverServerRatis (XceiverServerRatis.java:start(418)) - Starting XceiverServerRatis 0cb91d4b-146b-4b77-8659-4d28295108b8 at port 37249
2019-06-13 01:42:37,197 INFO  impl.RaftServerProxy (RaftServerProxy.java:lambda$start$3(299)) - 0cb91d4b-146b-4b77-8659-4d28295108b8: start RPC server
2019-06-13 01:42:37,199 INFO  server.GrpcService (GrpcService.java:startImpl(148)) - 0cb91d4b-146b-4b77-8659-4d28295108b8: GrpcService started, listening on 0.0.0.0/0.0.0.0:37249
2019-06-13 01:42:37,390 INFO  ozoneimpl.OzoneContainer (OzoneContainer.java:start(186)) - Attempting to start container services.
2019-06-13 01:42:37,392 INFO  ozoneimpl.OzoneContainer (OzoneContainer.java:startContainerScrub(160)) - Background container scrubber has been disabled by hdds.containerscrub.enabled
2019-06-13 01:42:37,392 INFO  ratis.XceiverServerRatis (XceiverServerRatis.java:start(418)) - Starting XceiverServerRatis ce5b7acd-4d8b-4c1b-8868-a377fc6405c2 at port 46299
2019-06-13 01:42:37,396 INFO  impl.RaftServerProxy (RaftServerProxy.java:lambda$start$3(299)) - ce5b7acd-4d8b-4c1b-8868-a377fc6405c2: start RPC server
2019-06-13 01:42:37,398 INFO  server.GrpcService (GrpcService.java:startImpl(148)) - ce5b7acd-4d8b-4c1b-8868-a377fc6405c2: GrpcService started, listening on 0.0.0.0/0.0.0.0:46299
2019-06-13 01:42:37,575 INFO  ozone.MiniOzoneClusterImpl (MiniOzoneClusterImpl.java:lambda$waitForClusterToBeReady$0(142)) - Waiting for cluster to be ready. Got 0 of 6 DN Heartbeats.
2019-06-13 01:42:37,583 INFO  ozoneimpl.OzoneContainer (OzoneContainer.java:start(186)) - Attempting to start container services.
2019-06-13 01:42:37,584 INFO  ozoneimpl.OzoneContainer (OzoneContainer.java:startContainerScrub(160)) - Background container scrubber has been disabled by hdds.containerscrub.enabled
2019-06-13 01:42:37,585 INFO  ratis.XceiverServerRatis (XceiverServerRatis.java:start(418)) - Starting XceiverServerRatis 813f3ba1-0701-4227-a78a-db4e6728e7ee at port 42821
2019-06-13 01:42:37,588 INFO  impl.RaftServerProxy (RaftServerProxy.java:lambda$start$3(299)) - 813f3ba1-0701-4227-a78a-db4e6728e7ee: start RPC server
2019-06-13 01:42:37,590 INFO  server.GrpcService (GrpcService.java:startImpl(148)) - 813f3ba1-0701-4227-a78a-db4e6728e7ee: GrpcService started, listening on 0.0.0.0/0.0.0.0:42821
2019-06-13 01:42:38,440 INFO  node.SCMNodeManager (SCMNodeManager.java:register(234)) - Registered Data node : d5621f70-36d4-4f4e-ae35-a711d52cb62b{ip: 192.168.134.99, host: ozone-4wvhw-1461943245, networkLocation: /default-rack, certSerialId: null}
2019-06-13 01:42:38,443 INFO  safemode.SCMSafeModeManager (DataNodeSafeModeRule.java:process(71)) - SCM in safe mode. 1 DataNodes registered, 1 required.
2019-06-13 01:42:38,443 INFO  safemode.SCMSafeModeManager (SCMSafeModeManager.java:validateSafeModeExitRules(177)) - ScmSafeModeManager, all rules are successfully validated
2019-06-13 01:42:38,443 INFO  safemode.SCMSafeModeManager (SCMSafeModeManager.java:exitSafeMode(193)) - SCM exiting safe mode.
2019-06-13 01:42:38,575 INFO  ozone.MiniOzoneClusterImpl (MiniOzoneClusterImpl.java:lambda$waitForClusterToBeReady$0(142)) - Waiting for cluster to be ready. Got 1 of 6 DN Heartbeats.
2019-06-13 01:42:38,652 INFO  node.SCMNodeManager (SCMNodeManager.java:register(234)) - Registered Data node : be6643db-1409-4f3e-a4fb-ae292bcd1e8c{ip: 192.168.134.99, host: ozone-4wvhw-1461943245, networkLocation: /default-rack, certSerialId: null}
2019-06-13 01:42:38,785 INFO  impl.RaftServerProxy (RaftServerProxy.java:addNew(89)) - d5621f70-36d4-4f4e-ae35-a711d52cb62b: addNew group-17A7F7AE4163:[d5621f70-36d4-4f4e-ae35-a711d52cb62b:192.168.134.99:35245] returns group-17A7F7AE4163:java.util.concurrent.CompletableFuture@70433a9d[Not completed]
2019-06-13 01:42:38,790 INFO  impl.RaftServerImpl (RaftServerImpl.java:<init>(91)) - d5621f70-36d4-4f4e-ae35-a711d52cb62b: new RaftServerImpl for group-17A7F7AE4163:[d5621f70-36d4-4f4e-ae35-a711d52cb62b:192.168.134.99:35245] with ContainerStateMachine:uninitialized
2019-06-13 01:42:38,791 INFO  server.RaftServerConfigKeys (ConfUtils.java:logGet(43)) - raft.server.rpc.timeout.min = 1s (custom)
2019-06-13 01:42:38,791 INFO  server.RaftServerConfigKeys (ConfUtils.java:logGet(43)) - raft.server.rpc.timeout.max = 1200ms (custom)
2019-06-13 01:42:38,791 INFO  server.RaftServerConfigKeys (ConfUtils.java:logGet(43)) - raft.server.rpcslowness.timeout = 10s (custom)
2019-06-13 01:42:38,792 INFO  server.RaftServerConfigKeys (ConfUtils.java:logGet(43)) - raft.server.log.appender.install.snapshot.enabled = true (default)
2019-06-13 01:42:38,796 INFO  impl.RaftServerImpl (ServerState.java:<init>(101)) - d5621f70-36d4-4f4e-ae35-a711d52cb62b:group-17A7F7AE4163 ConfigurationManager, init=-1: [d5621f70-36d4-4f4e-ae35-a711d52cb62b:192.168.134.99:35245], old=null, confs=<EMPTY_MAP>
2019-06-13 01:42:38,797 INFO  server.RaftServerConfigKeys (ConfUtils.java:logGet(43)) - raft.server.storage.dir = [/opt/src/hadoop-ozone/integration-test/target/test-dir/MiniOzoneClusterImpl-da5c6d20-1ca7-43df-9045-df90fa92b639/datanode-0/data/ratis] (custom)
2019-06-13 01:42:38,803 INFO  storage.RaftStorageDirectory (RaftStorageDirectory.java:analyzeStorage(246)) - The storage directory /opt/src/hadoop-ozone/integration-test/target/test-dir/MiniOzoneClusterImpl-da5c6d20-1ca7-43df-9045-df90fa92b639/datanode-0/data/ratis/a8c7bc9b-e748-47de-b4ac-17a7f7ae4163 does not exist. Creating ...
2019-06-13 01:42:38,808 INFO  storage.RaftStorageDirectory (RaftStorageDirectory.java:tryLock(328)) - Lock on /opt/src/hadoop-ozone/integration-test/target/test-dir/MiniOzoneClusterImpl-da5c6d20-1ca7-43df-9045-df90fa92b639/datanode-0/data/ratis/a8c7bc9b-e748-47de-b4ac-17a7f7ae4163/in_use.lock acquired by nodename 8925@ozone-4wvhw-1461943245
2019-06-13 01:42:38,811 INFO  storage.RaftStorage (RaftStorage.java:format(75)) - Storage directory /opt/src/hadoop-ozone/integration-test/target/test-dir/MiniOzoneClusterImpl-da5c6d20-1ca7-43df-9045-df90fa92b639/datanode-0/data/ratis/a8c7bc9b-e748-47de-b4ac-17a7f7ae4163 has been successfully formatted.
2019-06-13 01:42:38,812 INFO  ratis.ContainerStateMachine (ContainerStateMachine.java:loadSnapshot(199)) - The snapshot info is null.Setting the last applied index to:(t:0, i:~)
2019-06-13 01:42:38,812 INFO  server.RaftServerConfigKeys (ConfUtils.java:logGet(43)) - raft.server.leader.election.timeout = 10s (custom)
2019-06-13 01:42:38,814 INFO  server.RaftServerConfigKeys (ConfUtils.java:logGet(43)) - raft.server.log.use.memory = false (default)
2019-06-13 01:42:38,815 INFO  server.RaftServerConfigKeys (ConfUtils.java:logGet(43)) - raft.server.log.appender.buffer.byte-limit = 33554432 (custom)
2019-06-13 01:42:38,931 INFO  node.SCMNodeManager (SCMNodeManager.java:register(234)) - Registered Data node : 296d1d22-01b5-4184-9432-ee3542df1fee{ip: 192.168.134.99, host: ozone-4wvhw-1461943245, networkLocation: /default-rack, certSerialId: null}
2019-06-13 01:42:38,932 INFO  server.RaftServerConfigKeys (ConfUtils.java:logGet(43)) - raft.server.log.segment.size.max = 16384 (custom)
2019-06-13 01:42:38,935 INFO  server.RaftServerConfigKeys (ConfUtils.java:logGet(43)) - raft.server.log.segment.cache.num.max = 2 (custom)
2019-06-13 01:42:38,938 INFO  storage.RaftLogWorker (RaftLogWorker.java:<init>(123)) - new d5621f70-36d4-4f4e-ae35-a711d52cb62b-RaftLogWorker for Storage Directory /opt/src/hadoop-ozone/integration-test/target/test-dir/MiniOzoneClusterImpl-da5c6d20-1ca7-43df-9045-df90fa92b639/datanode-0/data/ratis/a8c7bc9b-e748-47de-b4ac-17a7f7ae4163
2019-06-13 01:42:38,938 INFO  server.RaftServerConfigKeys (ConfUtils.java:logGet(43)) - raft.server.log.queue.byte-limit = 2147483647 (custom)
2019-06-13 01:42:38,939 INFO  server.RaftServerConfigKeys (ConfUtils.java:logGet(43)) - raft.server.log.queue.element-limit = 1024 (custom)
2019-06-13 01:42:38,940 INFO  server.RaftServerConfigKeys (ConfUtils.java:logGet(43)) - raft.server.log.segment.size.max = 16384 (custom)
2019-06-13 01:42:38,941 INFO  server.RaftServerConfigKeys (ConfUtils.java:logGet(43)) - raft.server.log.preallocated.size = 16384 (custom)
2019-06-13 01:42:38,941 INFO  server.RaftServerConfigKeys (ConfUtils.java:logGet(43)) - raft.server.log.write.buffer.size = 33554432 (custom)
2019-06-13 01:42:38,942 INFO  server.RaftServerConfigKeys (ConfUtils.java:logGet(43)) - raft.server.log.force.sync.num = 128 (default)
2019-06-13 01:42:38,942 INFO  server.RaftServerConfigKeys (ConfUtils.java:logGet(43)) - raft.server.log.statemachine.data.sync = true (default)
2019-06-13 01:42:38,942 INFO  server.RaftServerConfigKeys (ConfUtils.java:logGet(43)) - raft.server.log.statemachine.data.sync.timeout = 10s (default)
2019-06-13 01:42:38,943 INFO  server.RaftServerConfigKeys (ConfUtils.java:logGet(43)) - raft.server.log.statemachine.data.sync.timeout.retry = -1 (default)
2019-06-13 01:42:38,945 INFO  server.RaftServerConfigKeys (ConfUtils.java:logGet(43)) - raft.server.log.statemachine.data.caching.enabled = true (custom)
2019-06-13 01:42:38,951 INFO  server.RaftServerConfigKeys (ConfUtils.java:logGet(43)) - raft.server.snapshot.auto.trigger.enabled = true (custom)
2019-06-13 01:42:38,952 INFO  server.RaftServerConfigKeys (ConfUtils.java:logGet(43)) - raft.server.snapshot.auto.trigger.threshold = 10000 (custom)
2019-06-13 01:42:38,952 INFO  server.RaftServerConfigKeys (ConfUtils.java:logGet(43)) - raft.server.retrycache.expirytime = 600000ms (custom)
2019-06-13 01:42:38,966 INFO  impl.RaftServerImpl (RaftServerImpl.java:start(173)) - d5621f70-36d4-4f4e-ae35-a711d52cb62b: start group-17A7F7AE4163
2019-06-13 01:42:38,966 INFO  impl.RaftServerImpl (RaftServerImpl.java:setRole(164)) - d5621f70-36d4-4f4e-ae35-a711d52cb62b:group-17A7F7AE4163 changes role from null to FOLLOWER at term 0 for startAsFollower
2019-06-13 01:42:38,967 INFO  impl.RoleInfo (RoleInfo.java:updateAndGet(143)) - d5621f70-36d4-4f4e-ae35-a711d52cb62b: start FollowerState
2019-06-13 01:42:38,968 INFO  util.JmxRegister (JmxRegister.java:tryRegister(44)) - Successfully registered JMX Bean with object name Ratis:service=RaftServer,group=group-17A7F7AE4163,id=d5621f70-36d4-4f4e-ae35-a711d52cb62b
2019-06-13 01:42:39,002 INFO  pipeline.PipelineStateManager (PipelineStateManager.java:addPipeline(56)) - Created pipeline Pipeline[ Id: a8c7bc9b-e748-47de-b4ac-17a7f7ae4163, Nodes: d5621f70-36d4-4f4e-ae35-a711d52cb62b{ip: 192.168.134.99, host: ozone-4wvhw-1461943245, networkLocation: /default-rack, certSerialId: null}, Type:RATIS, Factor:ONE, State:OPEN]
2019-06-13 01:42:39,023 INFO  impl.RaftServerProxy (RaftServerProxy.java:addNew(89)) - 296d1d22-01b5-4184-9432-ee3542df1fee: addNew group-6788904D07DD:[296d1d22-01b5-4184-9432-ee3542df1fee:192.168.134.99:39301] returns group-6788904D07DD:java.util.concurrent.CompletableFuture@481c41e0[Not completed]
2019-06-13 01:42:39,024 INFO  impl.RaftServerImpl (RaftServerImpl.java:<init>(91)) - 296d1d22-01b5-4184-9432-ee3542df1fee: new RaftServerImpl for group-6788904D07DD:[296d1d22-01b5-4184-9432-ee3542df1fee:192.168.134.99:39301] with ContainerStateMachine:uninitialized
2019-06-13 01:42:39,025 INFO  server.RaftServerConfigKeys (ConfUtils.java:logGet(43)) - raft.server.rpc.timeout.min = 1s (custom)
2019-06-13 01:42:39,025 INFO  server.RaftServerConfigKeys (ConfUtils.java:logGet(43)) - raft.server.rpc.timeout.max = 1200ms (custom)
2019-06-13 01:42:39,025 INFO  server.RaftServerConfigKeys (ConfUtils.java:logGet(43)) - raft.server.rpcslowness.timeout = 10s (custom)
2019-06-13 01:42:39,025 INFO  server.RaftServerConfigKeys (ConfUtils.java:logGet(43)) - raft.server.log.appender.install.snapshot.enabled = true (default)
2019-06-13 01:42:39,026 INFO  impl.RaftServerImpl (ServerState.java:<init>(101)) - 296d1d22-01b5-4184-9432-ee3542df1fee:group-6788904D07DD ConfigurationManager, init=-1: [296d1d22-01b5-4184-9432-ee3542df1fee:192.168.134.99:39301], old=null, confs=<EMPTY_MAP>
2019-06-13 01:42:39,026 INFO  server.RaftServerConfigKeys (ConfUtils.java:logGet(43)) - raft.server.storage.dir = [/opt/src/hadoop-ozone/integration-test/target/test-dir/MiniOzoneClusterImpl-da5c6d20-1ca7-43df-9045-df90fa92b639/datanode-2/data/ratis] (custom)
2019-06-13 01:42:39,026 INFO  storage.RaftStorageDirectory (RaftStorageDirectory.java:analyzeStorage(246)) - The storage directory /opt/src/hadoop-ozone/integration-test/target/test-dir/MiniOzoneClusterImpl-da5c6d20-1ca7-43df-9045-df90fa92b639/datanode-2/data/ratis/7f01bfe3-6c47-4192-a2e9-6788904d07dd does not exist. Creating ...
2019-06-13 01:42:39,028 INFO  storage.RaftStorageDirectory (RaftStorageDirectory.java:tryLock(328)) - Lock on /opt/src/hadoop-ozone/integration-test/target/test-dir/MiniOzoneClusterImpl-da5c6d20-1ca7-43df-9045-df90fa92b639/datanode-2/data/ratis/7f01bfe3-6c47-4192-a2e9-6788904d07dd/in_use.lock acquired by nodename 8925@ozone-4wvhw-1461943245
2019-06-13 01:42:39,031 INFO  storage.RaftStorage (RaftStorage.java:format(75)) - Storage directory /opt/src/hadoop-ozone/integration-test/target/test-dir/MiniOzoneClusterImpl-da5c6d20-1ca7-43df-9045-df90fa92b639/datanode-2/data/ratis/7f01bfe3-6c47-4192-a2e9-6788904d07dd has been successfully formatted.
2019-06-13 01:42:39,031 INFO  ratis.ContainerStateMachine (ContainerStateMachine.java:loadSnapshot(199)) - The snapshot info is null.Setting the last applied index to:(t:0, i:~)
2019-06-13 01:42:39,031 INFO  server.RaftServerConfigKeys (ConfUtils.java:logGet(43)) - raft.server.leader.election.timeout = 10s (custom)
2019-06-13 01:42:39,031 INFO  server.RaftServerConfigKeys (ConfUtils.java:logGet(43)) - raft.server.log.use.memory = false (default)
2019-06-13 01:42:39,031 INFO  server.RaftServerConfigKeys (ConfUtils.java:logGet(43)) - raft.server.log.appender.buffer.byte-limit = 33554432 (custom)
2019-06-13 01:42:39,031 INFO  server.RaftServerConfigKeys (ConfUtils.java:logGet(43)) - raft.server.log.segment.size.max = 16384 (custom)
2019-06-13 01:42:39,031 INFO  server.RaftServerConfigKeys (ConfUtils.java:logGet(43)) - raft.server.log.segment.cache.num.max = 2 (custom)
2019-06-13 01:42:39,031 INFO  storage.RaftLogWorker (RaftLogWorker.java:<init>(123)) - new 296d1d22-01b5-4184-9432-ee3542df1fee-RaftLogWorker for Storage Directory /opt/src/hadoop-ozone/integration-test/target/test-dir/MiniOzoneClusterImpl-da5c6d20-1ca7-43df-9045-df90fa92b639/datanode-2/data/ratis/7f01bfe3-6c47-4192-a2e9-6788904d07dd
2019-06-13 01:42:39,032 INFO  server.RaftServerConfigKeys (ConfUtils.java:logGet(43)) - raft.server.log.queue.byte-limit = 2147483647 (custom)
2019-06-13 01:42:39,032 INFO  server.RaftServerConfigKeys (ConfUtils.java:logGet(43)) - raft.server.log.queue.element-limit = 1024 (custom)
2019-06-13 01:42:39,032 INFO  server.RaftServerConfigKeys (ConfUtils.java:logGet(43)) - raft.server.log.segment.size.max = 16384 (custom)
2019-06-13 01:42:39,032 INFO  server.RaftServerConfigKeys (ConfUtils.java:logGet(43)) - raft.server.log.preallocated.size = 16384 (custom)
2019-06-13 01:42:39,033 INFO  server.RaftServerConfigKeys (ConfUtils.java:logGet(43)) - raft.server.log.write.buffer.size = 33554432 (custom)
2019-06-13 01:42:39,033 INFO  server.RaftServerConfigKeys (ConfUtils.java:logGet(43)) - raft.server.log.force.sync.num = 128 (default)
2019-06-13 01:42:39,033 INFO  server.RaftServerConfigKeys (ConfUtils.java:logGet(43)) - raft.server.log.statemachine.data.sync = true (default)
2019-06-13 01:42:39,033 INFO  server.RaftServerConfigKeys (ConfUtils.java:logGet(43)) - raft.server.log.statemachine.data.sync.timeout = 10s (default)
2019-06-13 01:42:39,033 INFO  server.RaftServerConfigKeys (ConfUtils.java:logGet(43)) - raft.server.log.statemachine.data.sync.timeout.retry = -1 (default)
2019-06-13 01:42:39,033 INFO  server.RaftServerConfigKeys (ConfUtils.java:logGet(43)) - raft.server.log.statemachine.data.caching.enabled = true (custom)
2019-06-13 01:42:39,033 INFO  server.RaftServerConfigKeys (ConfUtils.java:logGet(43)) - raft.server.snapshot.auto.trigger.enabled = true (custom)
2019-06-13 01:42:39,033 INFO  server.RaftServerConfigKeys (ConfUtils.java:logGet(43)) - raft.server.snapshot.auto.trigger.threshold = 10000 (custom)
2019-06-13 01:42:39,033 INFO  server.RaftServerConfigKeys (ConfUtils.java:logGet(43)) - raft.server.retrycache.expirytime = 600000ms (custom)
2019-06-13 01:42:39,034 INFO  impl.RaftServerImpl (RaftServerImpl.java:start(173)) - 296d1d22-01b5-4184-9432-ee3542df1fee: start group-6788904D07DD
2019-06-13 01:42:39,034 INFO  impl.RaftServerImpl (RaftServerImpl.java:setRole(164)) - 296d1d22-01b5-4184-9432-ee3542df1fee:group-6788904D07DD changes role from null to FOLLOWER at term 0 for startAsFollower
2019-06-13 01:42:39,034 INFO  impl.RoleInfo (RoleInfo.java:updateAndGet(143)) - 296d1d22-01b5-4184-9432-ee3542df1fee: start FollowerState
2019-06-13 01:42:39,035 INFO  util.JmxRegister (JmxRegister.java:tryRegister(44)) - Successfully registered JMX Bean with object name Ratis:service=RaftServer,group=group-6788904D07DD,id=296d1d22-01b5-4184-9432-ee3542df1fee
2019-06-13 01:42:39,044 INFO  pipeline.PipelineStateManager (PipelineStateManager.java:addPipeline(56)) - Created pipeline Pipeline[ Id: 7f01bfe3-6c47-4192-a2e9-6788904d07dd, Nodes: 296d1d22-01b5-4184-9432-ee3542df1fee{ip: 192.168.134.99, host: ozone-4wvhw-1461943245, networkLocation: /default-rack, certSerialId: null}, Type:RATIS, Factor:ONE, State:OPEN]
2019-06-13 01:42:39,054 INFO  impl.RaftServerProxy (RaftServerProxy.java:addNew(89)) - be6643db-1409-4f3e-a4fb-ae292bcd1e8c: addNew group-479E8B29BE09:[be6643db-1409-4f3e-a4fb-ae292bcd1e8c:192.168.134.99:40639] returns group-479E8B29BE09:java.util.concurrent.CompletableFuture@11de1a95[Not completed]
2019-06-13 01:42:39,077 INFO  impl.RaftServerImpl (RaftServerImpl.java:<init>(91)) - be6643db-1409-4f3e-a4fb-ae292bcd1e8c: new RaftServerImpl for group-479E8B29BE09:[be6643db-1409-4f3e-a4fb-ae292bcd1e8c:192.168.134.99:40639] with ContainerStateMachine:uninitialized
2019-06-13 01:42:39,077 INFO  server.RaftServerConfigKeys (ConfUtils.java:logGet(43)) - raft.server.rpc.timeout.min = 1s (custom)
2019-06-13 01:42:39,077 INFO  server.RaftServerConfigKeys (ConfUtils.java:logGet(43)) - raft.server.rpc.timeout.max = 1200ms (custom)
2019-06-13 01:42:39,078 INFO  server.RaftServerConfigKeys (ConfUtils.java:logGet(43)) - raft.server.rpcslowness.timeout = 10s (custom)
2019-06-13 01:42:39,078 INFO  server.RaftServerConfigKeys (ConfUtils.java:logGet(43)) - raft.server.log.appender.install.snapshot.enabled = true (default)
2019-06-13 01:42:39,078 INFO  impl.RaftServerImpl (ServerState.java:<init>(101)) - be6643db-1409-4f3e-a4fb-ae292bcd1e8c:group-479E8B29BE09 ConfigurationManager, init=-1: [be6643db-1409-4f3e-a4fb-ae292bcd1e8c:192.168.134.99:40639], old=null, confs=<EMPTY_MAP>
2019-06-13 01:42:39,078 INFO  server.RaftServerConfigKeys (ConfUtils.java:logGet(43)) - raft.server.storage.dir = [/opt/src/hadoop-ozone/integration-test/target/test-dir/MiniOzoneClusterImpl-da5c6d20-1ca7-43df-9045-df90fa92b639/datanode-1/data/ratis] (custom)
2019-06-13 01:42:39,078 INFO  storage.RaftStorageDirectory (RaftStorageDirectory.java:analyzeStorage(246)) - The storage directory /opt/src/hadoop-ozone/integration-test/target/test-dir/MiniOzoneClusterImpl-da5c6d20-1ca7-43df-9045-df90fa92b639/datanode-1/data/ratis/e08e552d-d27e-4a40-b9e9-479e8b29be09 does not exist. Creating ...
2019-06-13 01:42:39,081 INFO  storage.RaftStorageDirectory (RaftStorageDirectory.java:tryLock(328)) - Lock on /opt/src/hadoop-ozone/integration-test/target/test-dir/MiniOzoneClusterImpl-da5c6d20-1ca7-43df-9045-df90fa92b639/datanode-1/data/ratis/e08e552d-d27e-4a40-b9e9-479e8b29be09/in_use.lock acquired by nodename 8925@ozone-4wvhw-1461943245
2019-06-13 01:42:39,083 INFO  storage.RaftStorage (RaftStorage.java:format(75)) - Storage directory /opt/src/hadoop-ozone/integration-test/target/test-dir/MiniOzoneClusterImpl-da5c6d20-1ca7-43df-9045-df90fa92b639/datanode-1/data/ratis/e08e552d-d27e-4a40-b9e9-479e8b29be09 has been successfully formatted.
2019-06-13 01:42:39,084 INFO  ratis.ContainerStateMachine (ContainerStateMachine.java:loadSnapshot(199)) - The snapshot info is null.Setting the last applied index to:(t:0, i:~)
2019-06-13 01:42:39,085 INFO  server.RaftServerConfigKeys (ConfUtils.java:logGet(43)) - raft.server.leader.election.timeout = 10s (custom)
2019-06-13 01:42:39,085 INFO  server.RaftServerConfigKeys (ConfUtils.java:logGet(43)) - raft.server.log.use.memory = false (default)
2019-06-13 01:42:39,085 INFO  server.RaftServerConfigKeys (ConfUtils.java:logGet(43)) - raft.server.log.appender.buffer.byte-limit = 33554432 (custom)
2019-06-13 01:42:39,085 INFO  server.RaftServerConfigKeys (ConfUtils.java:logGet(43)) - raft.server.log.segment.size.max = 16384 (custom)
2019-06-13 01:42:39,085 INFO  server.RaftServerConfigKeys (ConfUtils.java:logGet(43)) - raft.server.log.segment.cache.num.max = 2 (custom)
2019-06-13 01:42:39,085 INFO  storage.RaftLogWorker (RaftLogWorker.java:<init>(123)) - new be6643db-1409-4f3e-a4fb-ae292bcd1e8c-RaftLogWorker for Storage Directory /opt/src/hadoop-ozone/integration-test/target/test-dir/MiniOzoneClusterImpl-da5c6d20-1ca7-43df-9045-df90fa92b639/datanode-1/data/ratis/e08e552d-d27e-4a40-b9e9-479e8b29be09
2019-06-13 01:42:39,085 INFO  server.RaftServerConfigKeys (ConfUtils.java:logGet(43)) - raft.server.log.queue.byte-limit = 2147483647 (custom)
2019-06-13 01:42:39,085 INFO  server.RaftServerConfigKeys (ConfUtils.java:logGet(43)) - raft.server.log.queue.element-limit = 1024 (custom)
2019-06-13 01:42:39,085 INFO  server.RaftServerConfigKeys (ConfUtils.java:logGet(43)) - raft.server.log.segment.size.max = 16384 (custom)
2019-06-13 01:42:39,085 INFO  server.RaftServerConfigKeys (ConfUtils.java:logGet(43)) - raft.server.log.preallocated.size = 16384 (custom)
2019-06-13 01:42:39,085 INFO  server.RaftServerConfigKeys (ConfUtils.java:logGet(43)) - raft.server.log.write.buffer.size = 33554432 (custom)
2019-06-13 01:42:39,085 INFO  server.RaftServerConfigKeys (ConfUtils.java:logGet(43)) - raft.server.log.force.sync.num = 128 (default)
2019-06-13 01:42:39,086 INFO  server.RaftServerConfigKeys (ConfUtils.java:logGet(43)) - raft.server.log.statemachine.data.sync = true (default)
2019-06-13 01:42:39,086 INFO  server.RaftServerConfigKeys (ConfUtils.java:logGet(43)) - raft.server.log.statemachine.data.sync.timeout = 10s (default)
2019-06-13 01:42:39,086 INFO  server.RaftServerConfigKeys (ConfUtils.java:logGet(43)) - raft.server.log.statemachine.data.sync.timeout.retry = -1 (default)
2019-06-13 01:42:39,086 INFO  server.RaftServerConfigKeys (ConfUtils.java:logGet(43)) - raft.server.log.statemachine.data.caching.enabled = true (custom)
2019-06-13 01:42:39,086 INFO  server.RaftServerConfigKeys (ConfUtils.java:logGet(43)) - raft.server.snapshot.auto.trigger.enabled = true (custom)
2019-06-13 01:42:39,086 INFO  server.RaftServerConfigKeys (ConfUtils.java:logGet(43)) - raft.server.snapshot.auto.trigger.threshold = 10000 (custom)
2019-06-13 01:42:39,086 INFO  server.RaftServerConfigKeys (ConfUtils.java:logGet(43)) - raft.server.retrycache.expirytime = 600000ms (custom)
2019-06-13 01:42:39,086 INFO  impl.RaftServerImpl (RaftServerImpl.java:start(173)) - be6643db-1409-4f3e-a4fb-ae292bcd1e8c: start group-479E8B29BE09
2019-06-13 01:42:39,087 INFO  impl.RaftServerImpl (RaftServerImpl.java:setRole(164)) - be6643db-1409-4f3e-a4fb-ae292bcd1e8c:group-479E8B29BE09 changes role from null to FOLLOWER at term 0 for startAsFollower
2019-06-13 01:42:39,087 INFO  impl.RoleInfo (RoleInfo.java:updateAndGet(143)) - be6643db-1409-4f3e-a4fb-ae292bcd1e8c: start FollowerState
2019-06-13 01:42:39,087 INFO  util.JmxRegister (JmxRegister.java:tryRegister(44)) - Successfully registered JMX Bean with object name Ratis:service=RaftServer,group=group-479E8B29BE09,id=be6643db-1409-4f3e-a4fb-ae292bcd1e8c
2019-06-13 01:42:39,093 INFO  pipeline.PipelineStateManager (PipelineStateManager.java:addPipeline(56)) - Created pipeline Pipeline[ Id: e08e552d-d27e-4a40-b9e9-479e8b29be09, Nodes: be6643db-1409-4f3e-a4fb-ae292bcd1e8c{ip: 192.168.134.99, host: ozone-4wvhw-1461943245, networkLocation: /default-rack, certSerialId: null}, Type:RATIS, Factor:ONE, State:OPEN]
2019-06-13 01:42:39,121 INFO  impl.RaftServerProxy (RaftServerProxy.java:addNew(89)) - be6643db-1409-4f3e-a4fb-ae292bcd1e8c: addNew group-9F32A942DD5C:[d5621f70-36d4-4f4e-ae35-a711d52cb62b:192.168.134.99:35245, 296d1d22-01b5-4184-9432-ee3542df1fee:192.168.134.99:39301, be6643db-1409-4f3e-a4fb-ae292bcd1e8c:192.168.134.99:40639] returns group-9F32A942DD5C:java.util.concurrent.CompletableFuture@5f9dfeae[Not completed]
2019-06-13 01:42:39,121 INFO  impl.RaftServerImpl (RaftServerImpl.java:<init>(91)) - be6643db-1409-4f3e-a4fb-ae292bcd1e8c: new RaftServerImpl for group-9F32A942DD5C:[d5621f70-36d4-4f4e-ae35-a711d52cb62b:192.168.134.99:35245, 296d1d22-01b5-4184-9432-ee3542df1fee:192.168.134.99:39301, be6643db-1409-4f3e-a4fb-ae292bcd1e8c:192.168.134.99:40639] with ContainerStateMachine:uninitialized
2019-06-13 01:42:39,121 INFO  server.RaftServerConfigKeys (ConfUtils.java:logGet(43)) - raft.server.rpc.timeout.min = 1s (custom)
2019-06-13 01:42:39,121 INFO  server.RaftServerConfigKeys (ConfUtils.java:logGet(43)) - raft.server.rpc.timeout.max = 1200ms (custom)
2019-06-13 01:42:39,122 INFO  server.RaftServerConfigKeys (ConfUtils.java:logGet(43)) - raft.server.rpcslowness.timeout = 10s (custom)
2019-06-13 01:42:39,122 INFO  server.RaftServerConfigKeys (ConfUtils.java:logGet(43)) - raft.server.log.appender.install.snapshot.enabled = true (default)
2019-06-13 01:42:39,122 INFO  impl.RaftServerImpl (ServerState.java:<init>(101)) - be6643db-1409-4f3e-a4fb-ae292bcd1e8c:group-9F32A942DD5C ConfigurationManager, init=-1: [d5621f70-36d4-4f4e-ae35-a711d52cb62b:192.168.134.99:35245, 296d1d22-01b5-4184-9432-ee3542df1fee:192.168.134.99:39301, be6643db-1409-4f3e-a4fb-ae292bcd1e8c:192.168.134.99:40639], old=null, confs=<EMPTY_MAP>
2019-06-13 01:42:39,122 INFO  server.RaftServerConfigKeys (ConfUtils.java:logGet(43)) - raft.server.storage.dir = [/opt/src/hadoop-ozone/integration-test/target/test-dir/MiniOzoneClusterImpl-da5c6d20-1ca7-43df-9045-df90fa92b639/datanode-1/data/ratis] (custom)
2019-06-13 01:42:39,122 INFO  storage.RaftStorageDirectory (RaftStorageDirectory.java:analyzeStorage(246)) - The storage directory /opt/src/hadoop-ozone/integration-test/target/test-dir/MiniOzoneClusterImpl-da5c6d20-1ca7-43df-9045-df90fa92b639/datanode-1/data/ratis/60f3c93c-53a3-471d-bc64-9f32a942dd5c does not exist. Creating ...
2019-06-13 01:42:39,123 INFO  impl.RaftServerProxy (RaftServerProxy.java:addNew(89)) - 296d1d22-01b5-4184-9432-ee3542df1fee: addNew group-9F32A942DD5C:[d5621f70-36d4-4f4e-ae35-a711d52cb62b:192.168.134.99:35245, 296d1d22-01b5-4184-9432-ee3542df1fee:192.168.134.99:39301, be6643db-1409-4f3e-a4fb-ae292bcd1e8c:192.168.134.99:40639] returns group-9F32A942DD5C:java.util.concurrent.CompletableFuture@12ae7825[Not completed]
2019-06-13 01:42:39,125 INFO  storage.RaftStorageDirectory (RaftStorageDirectory.java:tryLock(328)) - Lock on /opt/src/hadoop-ozone/integration-test/target/test-dir/MiniOzoneClusterImpl-da5c6d20-1ca7-43df-9045-df90fa92b639/datanode-1/data/ratis/60f3c93c-53a3-471d-bc64-9f32a942dd5c/in_use.lock acquired by nodename 8925@ozone-4wvhw-1461943245
2019-06-13 01:42:39,128 INFO  storage.RaftStorage (RaftStorage.java:format(75)) - Storage directory /opt/src/hadoop-ozone/integration-test/target/test-dir/MiniOzoneClusterImpl-da5c6d20-1ca7-43df-9045-df90fa92b639/datanode-1/data/ratis/60f3c93c-53a3-471d-bc64-9f32a942dd5c has been successfully formatted.
2019-06-13 01:42:39,128 INFO  ratis.ContainerStateMachine (ContainerStateMachine.java:loadSnapshot(199)) - The snapshot info is null.Setting the last applied index to:(t:0, i:~)
2019-06-13 01:42:39,128 INFO  server.RaftServerConfigKeys (ConfUtils.java:logGet(43)) - raft.server.leader.election.timeout = 10s (custom)
2019-06-13 01:42:39,129 INFO  server.RaftServerConfigKeys (ConfUtils.java:logGet(43)) - raft.server.log.use.memory = false (default)
2019-06-13 01:42:39,129 INFO  server.RaftServerConfigKeys (ConfUtils.java:logGet(43)) - raft.server.log.appender.buffer.byte-limit = 33554432 (custom)
2019-06-13 01:42:39,129 INFO  impl.RaftServerProxy (RaftServerProxy.java:addNew(89)) - d5621f70-36d4-4f4e-ae35-a711d52cb62b: addNew group-9F32A942DD5C:[d5621f70-36d4-4f4e-ae35-a711d52cb62b:192.168.134.99:35245, 296d1d22-01b5-4184-9432-ee3542df1fee:192.168.134.99:39301, be6643db-1409-4f3e-a4fb-ae292bcd1e8c:192.168.134.99:40639] returns group-9F32A942DD5C:java.util.concurrent.CompletableFuture@73c5c257[Not completed]
2019-06-13 01:42:39,129 INFO  server.RaftServerConfigKeys (ConfUtils.java:logGet(43)) - raft.server.log.segment.size.max = 16384 (custom)
2019-06-13 01:42:39,129 INFO  server.RaftServerConfigKeys (ConfUtils.java:logGet(43)) - raft.server.log.segment.cache.num.max = 2 (custom)
2019-06-13 01:42:39,129 INFO  storage.RaftLogWorker (RaftLogWorker.java:<init>(123)) - new be6643db-1409-4f3e-a4fb-ae292bcd1e8c-RaftLogWorker for Storage Directory /opt/src/hadoop-ozone/integration-test/target/test-dir/MiniOzoneClusterImpl-da5c6d20-1ca7-43df-9045-df90fa92b639/datanode-1/data/ratis/60f3c93c-53a3-471d-bc64-9f32a942dd5c
2019-06-13 01:42:39,129 INFO  server.RaftServerConfigKeys (ConfUtils.java:logGet(43)) - raft.server.log.queue.byte-limit = 2147483647 (custom)
2019-06-13 01:42:39,130 INFO  server.RaftServerConfigKeys (ConfUtils.java:logGet(43)) - raft.server.log.queue.element-limit = 1024 (custom)
2019-06-13 01:42:39,130 INFO  server.RaftServerConfigKeys (ConfUtils.java:logGet(43)) - raft.server.log.segment.size.max = 16384 (custom)
2019-06-13 01:42:39,130 INFO  server.RaftServerConfigKeys (ConfUtils.java:logGet(43)) - raft.server.log.preallocated.size = 16384 (custom)
2019-06-13 01:42:39,130 INFO  server.RaftServerConfigKeys (ConfUtils.java:logGet(43)) - raft.server.log.write.buffer.size = 33554432 (custom)
2019-06-13 01:42:39,130 INFO  server.RaftServerConfigKeys (ConfUtils.java:logGet(43)) - raft.server.log.force.sync.num = 128 (default)
2019-06-13 01:42:39,130 INFO  server.RaftServerConfigKeys (ConfUtils.java:logGet(43)) - raft.server.log.statemachine.data.sync = true (default)
2019-06-13 01:42:39,130 INFO  server.RaftServerConfigKeys (ConfUtils.java:logGet(43)) - raft.server.log.statemachine.data.sync.timeout = 10s (default)
2019-06-13 01:42:39,130 INFO  server.RaftServerConfigKeys (ConfUtils.java:logGet(43)) - raft.server.log.statemachine.data.sync.timeout.retry = -1 (default)
2019-06-13 01:42:39,130 INFO  server.RaftServerConfigKeys (ConfUtils.java:logGet(43)) - raft.server.log.statemachine.data.caching.enabled = true (custom)
2019-06-13 01:42:39,129 INFO  impl.RaftServerImpl (RaftServerImpl.java:<init>(91)) - 296d1d22-01b5-4184-9432-ee3542df1fee: new RaftServerImpl for group-9F32A942DD5C:[d5621f70-36d4-4f4e-ae35-a711d52cb62b:192.168.134.99:35245, 296d1d22-01b5-4184-9432-ee3542df1fee:192.168.134.99:39301, be6643db-1409-4f3e-a4fb-ae292bcd1e8c:192.168.134.99:40639] with ContainerStateMachine:uninitialized
2019-06-13 01:42:39,130 INFO  impl.RaftServerImpl (RaftServerImpl.java:<init>(91)) - d5621f70-36d4-4f4e-ae35-a711d52cb62b: new RaftServerImpl for group-9F32A942DD5C:[d5621f70-36d4-4f4e-ae35-a711d52cb62b:192.168.134.99:35245, 296d1d22-01b5-4184-9432-ee3542df1fee:192.168.134.99:39301, be6643db-1409-4f3e-a4fb-ae292bcd1e8c:192.168.134.99:40639] with ContainerStateMachine:uninitialized
2019-06-13 01:42:39,131 INFO  server.RaftServerConfigKeys (ConfUtils.java:logGet(43)) - raft.server.rpc.timeout.min = 1s (custom)
2019-06-13 01:42:39,131 INFO  server.RaftServerConfigKeys (ConfUtils.java:logGet(43)) - raft.server.rpc.timeout.max = 1200ms (custom)
2019-06-13 01:42:39,131 INFO  server.RaftServerConfigKeys (ConfUtils.java:logGet(43)) - raft.server.rpcslowness.timeout = 10s (custom)
2019-06-13 01:42:39,131 INFO  server.RaftServerConfigKeys (ConfUtils.java:logGet(43)) - raft.server.log.appender.install.snapshot.enabled = true (default)
2019-06-13 01:42:39,131 INFO  impl.RaftServerImpl (ServerState.java:<init>(101)) - 296d1d22-01b5-4184-9432-ee3542df1fee:group-9F32A942DD5C ConfigurationManager, init=-1: [d5621f70-36d4-4f4e-ae35-a711d52cb62b:192.168.134.99:35245, 296d1d22-01b5-4184-9432-ee3542df1fee:192.168.134.99:39301, be6643db-1409-4f3e-a4fb-ae292bcd1e8c:192.168.134.99:40639], old=null, confs=<EMPTY_MAP>
2019-06-13 01:42:39,131 INFO  server.RaftServerConfigKeys (ConfUtils.java:logGet(43)) - raft.server.storage.dir = [/opt/src/hadoop-ozone/integration-test/target/test-dir/MiniOzoneClusterImpl-da5c6d20-1ca7-43df-9045-df90fa92b639/datanode-2/data/ratis] (custom)
2019-06-13 01:42:39,131 INFO  storage.RaftStorageDirectory (RaftStorageDirectory.java:analyzeStorage(246)) - The storage directory /opt/src/hadoop-ozone/integration-test/target/test-dir/MiniOzoneClusterImpl-da5c6d20-1ca7-43df-9045-df90fa92b639/datanode-2/data/ratis/60f3c93c-53a3-471d-bc64-9f32a942dd5c does not exist. Creating ...
2019-06-13 01:42:39,131 INFO  server.RaftServerConfigKeys (ConfUtils.java:logGet(43)) - raft.server.rpc.timeout.min = 1s (custom)
2019-06-13 01:42:39,132 INFO  server.RaftServerConfigKeys (ConfUtils.java:logGet(43)) - raft.server.rpc.timeout.max = 1200ms (custom)
2019-06-13 01:42:39,132 INFO  server.RaftServerConfigKeys (ConfUtils.java:logGet(43)) - raft.server.rpcslowness.timeout = 10s (custom)
2019-06-13 01:42:39,132 INFO  server.RaftServerConfigKeys (ConfUtils.java:logGet(43)) - raft.server.log.appender.install.snapshot.enabled = true (default)
2019-06-13 01:42:39,132 INFO  impl.RaftServerImpl (ServerState.java:<init>(101)) - d5621f70-36d4-4f4e-ae35-a711d52cb62b:group-9F32A942DD5C ConfigurationManager, init=-1: [d5621f70-36d4-4f4e-ae35-a711d52cb62b:192.168.134.99:35245, 296d1d22-01b5-4184-9432-ee3542df1fee:192.168.134.99:39301, be6643db-1409-4f3e-a4fb-ae292bcd1e8c:192.168.134.99:40639], old=null, confs=<EMPTY_MAP>
2019-06-13 01:42:39,132 INFO  server.RaftServerConfigKeys (ConfUtils.java:logGet(43)) - raft.server.storage.dir = [/opt/src/hadoop-ozone/integration-test/target/test-dir/MiniOzoneClusterImpl-da5c6d20-1ca7-43df-9045-df90fa92b639/datanode-0/data/ratis] (custom)
2019-06-13 01:42:39,133 INFO  storage.RaftStorageDirectory (RaftStorageDirectory.java:analyzeStorage(246)) - The storage directory /opt/src/hadoop-ozone/integration-test/target/test-dir/MiniOzoneClusterImpl-da5c6d20-1ca7-43df-9045-df90fa92b639/datanode-0/data/ratis/60f3c93c-53a3-471d-bc64-9f32a942dd5c does not exist. Creating ...
2019-06-13 01:42:39,133 INFO  server.RaftServerConfigKeys (ConfUtils.java:logGet(43)) - raft.server.snapshot.auto.trigger.enabled = true (custom)
2019-06-13 01:42:39,133 INFO  server.RaftServerConfigKeys (ConfUtils.java:logGet(43)) - raft.server.snapshot.auto.trigger.threshold = 10000 (custom)
2019-06-13 01:42:39,133 INFO  server.RaftServerConfigKeys (ConfUtils.java:logGet(43)) - raft.server.retrycache.expirytime = 600000ms (custom)
2019-06-13 01:42:39,133 INFO  storage.RaftStorageDirectory (RaftStorageDirectory.java:tryLock(328)) - Lock on /opt/src/hadoop-ozone/integration-test/target/test-dir/MiniOzoneClusterImpl-da5c6d20-1ca7-43df-9045-df90fa92b639/datanode-2/data/ratis/60f3c93c-53a3-471d-bc64-9f32a942dd5c/in_use.lock acquired by nodename 8925@ozone-4wvhw-1461943245
2019-06-13 01:42:39,134 INFO  impl.RaftServerImpl (RaftServerImpl.java:start(173)) - be6643db-1409-4f3e-a4fb-ae292bcd1e8c: start group-9F32A942DD5C
2019-06-13 01:42:39,134 INFO  impl.RaftServerImpl (RaftServerImpl.java:setRole(164)) - be6643db-1409-4f3e-a4fb-ae292bcd1e8c:group-9F32A942DD5C changes role from null to FOLLOWER at term 0 for startAsFollower
2019-06-13 01:42:39,134 INFO  impl.RoleInfo (RoleInfo.java:updateAndGet(143)) - be6643db-1409-4f3e-a4fb-ae292bcd1e8c: start FollowerState
2019-06-13 01:42:39,135 INFO  util.JmxRegister (JmxRegister.java:tryRegister(44)) - Successfully registered JMX Bean with object name Ratis:service=RaftServer,group=group-9F32A942DD5C,id=be6643db-1409-4f3e-a4fb-ae292bcd1e8c
2019-06-13 01:42:39,137 INFO  storage.RaftStorageDirectory (RaftStorageDirectory.java:tryLock(328)) - Lock on /opt/src/hadoop-ozone/integration-test/target/test-dir/MiniOzoneClusterImpl-da5c6d20-1ca7-43df-9045-df90fa92b639/datanode-0/data/ratis/60f3c93c-53a3-471d-bc64-9f32a942dd5c/in_use.lock acquired by nodename 8925@ozone-4wvhw-1461943245
2019-06-13 01:42:39,139 INFO  storage.RaftStorage (RaftStorage.java:format(75)) - Storage directory /opt/src/hadoop-ozone/integration-test/target/test-dir/MiniOzoneClusterImpl-da5c6d20-1ca7-43df-9045-df90fa92b639/datanode-2/data/ratis/60f3c93c-53a3-471d-bc64-9f32a942dd5c has been successfully formatted.
2019-06-13 01:42:39,139 INFO  ratis.ContainerStateMachine (ContainerStateMachine.java:loadSnapshot(199)) - The snapshot info is null.Setting the last applied index to:(t:0, i:~)
2019-06-13 01:42:39,139 INFO  server.RaftServerConfigKeys (ConfUtils.java:logGet(43)) - raft.server.leader.election.timeout = 10s (custom)
2019-06-13 01:42:39,139 INFO  server.RaftServerConfigKeys (ConfUtils.java:logGet(43)) - raft.server.log.use.memory = false (default)
2019-06-13 01:42:39,140 INFO  server.RaftServerConfigKeys (ConfUtils.java:logGet(43)) - raft.server.log.appender.buffer.byte-limit = 33554432 (custom)
2019-06-13 01:42:39,140 INFO  server.RaftServerConfigKeys (ConfUtils.java:logGet(43)) - raft.server.log.segment.size.max = 16384 (custom)
2019-06-13 01:42:39,140 INFO  server.RaftServerConfigKeys (ConfUtils.java:logGet(43)) - raft.server.log.segment.cache.num.max = 2 (custom)
2019-06-13 01:42:39,140 INFO  storage.RaftLogWorker (RaftLogWorker.java:<init>(123)) - new 296d1d22-01b5-4184-9432-ee3542df1fee-RaftLogWorker for Storage Directory /opt/src/hadoop-ozone/integration-test/target/test-dir/MiniOzoneClusterImpl-da5c6d20-1ca7-43df-9045-df90fa92b639/datanode-2/data/ratis/60f3c93c-53a3-471d-bc64-9f32a942dd5c
2019-06-13 01:42:39,140 INFO  server.RaftServerConfigKeys (ConfUtils.java:logGet(43)) - raft.server.log.queue.byte-limit = 2147483647 (custom)
2019-06-13 01:42:39,140 INFO  server.RaftServerConfigKeys (ConfUtils.java:logGet(43)) - raft.server.log.queue.element-limit = 1024 (custom)
2019-06-13 01:42:39,141 INFO  server.RaftServerConfigKeys (ConfUtils.java:logGet(43)) - raft.server.log.segment.size.max = 16384 (custom)
2019-06-13 01:42:39,141 INFO  server.RaftServerConfigKeys (ConfUtils.java:logGet(43)) - raft.server.log.preallocated.size = 16384 (custom)
2019-06-13 01:42:39,141 INFO  server.RaftServerConfigKeys (ConfUtils.java:logGet(43)) - raft.server.log.write.buffer.size = 33554432 (custom)
2019-06-13 01:42:39,141 INFO  server.RaftServerConfigKeys (ConfUtils.java:logGet(43)) - raft.server.log.force.sync.num = 128 (default)
2019-06-13 01:42:39,141 INFO  server.RaftServerConfigKeys (ConfUtils.java:logGet(43)) - raft.server.log.statemachine.data.sync = true (default)
2019-06-13 01:42:39,141 INFO  storage.RaftStorage (RaftStorage.java:format(75)) - Storage directory /opt/src/hadoop-ozone/integration-test/target/test-dir/MiniOzoneClusterImpl-da5c6d20-1ca7-43df-9045-df90fa92b639/datanode-0/data/ratis/60f3c93c-53a3-471d-bc64-9f32a942dd5c has been successfully formatted.
2019-06-13 01:42:39,141 INFO  server.RaftServerConfigKeys (ConfUtils.java:logGet(43)) - raft.server.log.statemachine.data.sync.timeout = 10s (default)
2019-06-13 01:42:39,141 INFO  ratis.ContainerStateMachine (ContainerStateMachine.java:loadSnapshot(199)) - The snapshot info is null.Setting the last applied index to:(t:0, i:~)
2019-06-13 01:42:39,142 INFO  server.RaftServerConfigKeys (ConfUtils.java:logGet(43)) - raft.server.leader.election.timeout = 10s (custom)
2019-06-13 01:42:39,142 INFO  server.RaftServerConfigKeys (ConfUtils.java:logGet(43)) - raft.server.log.use.memory = false (default)
2019-06-13 01:42:39,142 INFO  server.RaftServerConfigKeys (ConfUtils.java:logGet(43)) - raft.server.log.appender.buffer.byte-limit = 33554432 (custom)
2019-06-13 01:42:39,144 INFO  server.RaftServerConfigKeys (ConfUtils.java:logGet(43)) - raft.server.log.segment.size.max = 16384 (custom)
2019-06-13 01:42:39,144 INFO  server.RaftServerConfigKeys (ConfUtils.java:logGet(43)) - raft.server.log.segment.cache.num.max = 2 (custom)
2019-06-13 01:42:39,144 INFO  storage.RaftLogWorker (RaftLogWorker.java:<init>(123)) - new d5621f70-36d4-4f4e-ae35-a711d52cb62b-RaftLogWorker for Storage Directory /opt/src/hadoop-ozone/integration-test/target/test-dir/MiniOzoneClusterImpl-da5c6d20-1ca7-43df-9045-df90fa92b639/datanode-0/data/ratis/60f3c93c-53a3-471d-bc64-9f32a942dd5c
2019-06-13 01:42:39,144 INFO  server.RaftServerConfigKeys (ConfUtils.java:logGet(43)) - raft.server.log.queue.byte-limit = 2147483647 (custom)
2019-06-13 01:42:39,145 INFO  server.RaftServerConfigKeys (ConfUtils.java:logGet(43)) - raft.server.log.queue.element-limit = 1024 (custom)
2019-06-13 01:42:39,145 INFO  server.RaftServerConfigKeys (ConfUtils.java:logGet(43)) - raft.server.log.segment.size.max = 16384 (custom)
2019-06-13 01:42:39,145 INFO  server.RaftServerConfigKeys (ConfUtils.java:logGet(43)) - raft.server.log.preallocated.size = 16384 (custom)
2019-06-13 01:42:39,145 INFO  server.RaftServerConfigKeys (ConfUtils.java:logGet(43)) - raft.server.log.write.buffer.size = 33554432 (custom)
2019-06-13 01:42:39,145 INFO  server.RaftServerConfigKeys (ConfUtils.java:logGet(43)) - raft.server.log.force.sync.num = 128 (default)
2019-06-13 01:42:39,145 INFO  server.RaftServerConfigKeys (ConfUtils.java:logGet(43)) - raft.server.log.statemachine.data.sync = true (default)
2019-06-13 01:42:39,145 INFO  server.RaftServerConfigKeys (ConfUtils.java:logGet(43)) - raft.server.log.statemachine.data.sync.timeout = 10s (default)
2019-06-13 01:42:39,145 INFO  server.RaftServerConfigKeys (ConfUtils.java:logGet(43)) - raft.server.log.statemachine.data.sync.timeout.retry = -1 (default)
2019-06-13 01:42:39,146 INFO  server.RaftServerConfigKeys (ConfUtils.java:logGet(43)) - raft.server.log.statemachine.data.caching.enabled = true (custom)
2019-06-13 01:42:39,142 INFO  server.RaftServerConfigKeys (ConfUtils.java:logGet(43)) - raft.server.log.statemachine.data.sync.timeout.retry = -1 (default)
2019-06-13 01:42:39,146 INFO  server.RaftServerConfigKeys (ConfUtils.java:logGet(43)) - raft.server.log.statemachine.data.caching.enabled = true (custom)
2019-06-13 01:42:39,146 INFO  server.RaftServerConfigKeys (ConfUtils.java:logGet(43)) - raft.server.snapshot.auto.trigger.enabled = true (custom)
2019-06-13 01:42:39,146 INFO  server.RaftServerConfigKeys (ConfUtils.java:logGet(43)) - raft.server.snapshot.auto.trigger.threshold = 10000 (custom)
2019-06-13 01:42:39,147 INFO  server.RaftServerConfigKeys (ConfUtils.java:logGet(43)) - raft.server.snapshot.auto.trigger.enabled = true (custom)
2019-06-13 01:42:39,147 INFO  server.RaftServerConfigKeys (ConfUtils.java:logGet(43)) - raft.server.retrycache.expirytime = 600000ms (custom)
2019-06-13 01:42:39,147 INFO  server.RaftServerConfigKeys (ConfUtils.java:logGet(43)) - raft.server.snapshot.auto.trigger.threshold = 10000 (custom)
2019-06-13 01:42:39,147 INFO  server.RaftServerConfigKeys (ConfUtils.java:logGet(43)) - raft.server.retrycache.expirytime = 600000ms (custom)
2019-06-13 01:42:39,147 INFO  impl.RaftServerImpl (RaftServerImpl.java:start(173)) - 296d1d22-01b5-4184-9432-ee3542df1fee: start group-9F32A942DD5C
2019-06-13 01:42:39,147 INFO  impl.RaftServerImpl (RaftServerImpl.java:setRole(164)) - 296d1d22-01b5-4184-9432-ee3542df1fee:group-9F32A942DD5C changes role from null to FOLLOWER at term 0 for startAsFollower
2019-06-13 01:42:39,147 INFO  impl.RoleInfo (RoleInfo.java:updateAndGet(143)) - 296d1d22-01b5-4184-9432-ee3542df1fee: start FollowerState
2019-06-13 01:42:39,147 INFO  impl.RaftServerImpl (RaftServerImpl.java:start(173)) - d5621f70-36d4-4f4e-ae35-a711d52cb62b: start group-9F32A942DD5C
2019-06-13 01:42:39,148 INFO  impl.RaftServerImpl (RaftServerImpl.java:setRole(164)) - d5621f70-36d4-4f4e-ae35-a711d52cb62b:group-9F32A942DD5C changes role from null to FOLLOWER at term 0 for startAsFollower
2019-06-13 01:42:39,148 INFO  impl.RoleInfo (RoleInfo.java:updateAndGet(143)) - d5621f70-36d4-4f4e-ae35-a711d52cb62b: start FollowerState
2019-06-13 01:42:39,148 INFO  util.JmxRegister (JmxRegister.java:tryRegister(44)) - Successfully registered JMX Bean with object name Ratis:service=RaftServer,group=group-9F32A942DD5C,id=296d1d22-01b5-4184-9432-ee3542df1fee
2019-06-13 01:42:39,150 INFO  util.JmxRegister (JmxRegister.java:tryRegister(44)) - Successfully registered JMX Bean with object name Ratis:service=RaftServer,group=group-9F32A942DD5C,id=d5621f70-36d4-4f4e-ae35-a711d52cb62b
2019-06-13 01:42:39,171 INFO  pipeline.PipelineStateManager (PipelineStateManager.java:addPipeline(56)) - Created pipeline Pipeline[ Id: 60f3c93c-53a3-471d-bc64-9f32a942dd5c, Nodes: 296d1d22-01b5-4184-9432-ee3542df1fee{ip: 192.168.134.99, host: ozone-4wvhw-1461943245, networkLocation: /default-rack, certSerialId: null}be6643db-1409-4f3e-a4fb-ae292bcd1e8c{ip: 192.168.134.99, host: ozone-4wvhw-1461943245, networkLocation: /default-rack, certSerialId: null}d5621f70-36d4-4f4e-ae35-a711d52cb62b{ip: 192.168.134.99, host: ozone-4wvhw-1461943245, networkLocation: /default-rack, certSerialId: null}, Type:RATIS, Factor:THREE, State:OPEN]
2019-06-13 01:42:39,188 INFO  node.SCMNodeManager (SCMNodeManager.java:register(234)) - Registered Data node : 0cb91d4b-146b-4b77-8659-4d28295108b8{ip: 192.168.134.99, host: ozone-4wvhw-1461943245, networkLocation: /default-rack, certSerialId: null}
2019-06-13 01:42:39,206 INFO  impl.RaftServerProxy (RaftServerProxy.java:addNew(89)) - 0cb91d4b-146b-4b77-8659-4d28295108b8: addNew group-F585DD285F38:[0cb91d4b-146b-4b77-8659-4d28295108b8:192.168.134.99:37249] returns group-F585DD285F38:java.util.concurrent.CompletableFuture@23a5964c[Not completed]
2019-06-13 01:42:39,210 INFO  impl.RaftServerImpl (RaftServerImpl.java:<init>(91)) - 0cb91d4b-146b-4b77-8659-4d28295108b8: new RaftServerImpl for group-F585DD285F38:[0cb91d4b-146b-4b77-8659-4d28295108b8:192.168.134.99:37249] with ContainerStateMachine:uninitialized
2019-06-13 01:42:39,210 INFO  server.RaftServerConfigKeys (ConfUtils.java:logGet(43)) - raft.server.rpc.timeout.min = 1s (custom)
2019-06-13 01:42:39,210 INFO  server.RaftServerConfigKeys (ConfUtils.java:logGet(43)) - raft.server.rpc.timeout.max = 1200ms (custom)
2019-06-13 01:42:39,211 INFO  server.RaftServerConfigKeys (ConfUtils.java:logGet(43)) - raft.server.rpcslowness.timeout = 10s (custom)
2019-06-13 01:42:39,211 INFO  server.RaftServerConfigKeys (ConfUtils.java:logGet(43)) - raft.server.log.appender.install.snapshot.enabled = true (default)
2019-06-13 01:42:39,211 INFO  impl.RaftServerImpl (ServerState.java:<init>(101)) - 0cb91d4b-146b-4b77-8659-4d28295108b8:group-F585DD285F38 ConfigurationManager, init=-1: [0cb91d4b-146b-4b77-8659-4d28295108b8:192.168.134.99:37249], old=null, confs=<EMPTY_MAP>
2019-06-13 01:42:39,211 INFO  server.RaftServerConfigKeys (ConfUtils.java:logGet(43)) - raft.server.storage.dir = [/opt/src/hadoop-ozone/integration-test/target/test-dir/MiniOzoneClusterImpl-da5c6d20-1ca7-43df-9045-df90fa92b639/datanode-3/data/ratis] (custom)
2019-06-13 01:42:39,211 INFO  storage.RaftStorageDirectory (RaftStorageDirectory.java:analyzeStorage(246)) - The storage directory /opt/src/hadoop-ozone/integration-test/target/test-dir/MiniOzoneClusterImpl-da5c6d20-1ca7-43df-9045-df90fa92b639/datanode-3/data/ratis/31d149b0-17cc-40f5-bd63-f585dd285f38 does not exist. Creating ...
2019-06-13 01:42:39,213 INFO  storage.RaftStorageDirectory (RaftStorageDirectory.java:tryLock(328)) - Lock on /opt/src/hadoop-ozone/integration-test/target/test-dir/MiniOzoneClusterImpl-da5c6d20-1ca7-43df-9045-df90fa92b639/datanode-3/data/ratis/31d149b0-17cc-40f5-bd63-f585dd285f38/in_use.lock acquired by nodename 8925@ozone-4wvhw-1461943245
2019-06-13 01:42:39,215 INFO  storage.RaftStorage (RaftStorage.java:format(75)) - Storage directory /opt/src/hadoop-ozone/integration-test/target/test-dir/MiniOzoneClusterImpl-da5c6d20-1ca7-43df-9045-df90fa92b639/datanode-3/data/ratis/31d149b0-17cc-40f5-bd63-f585dd285f38 has been successfully formatted.
2019-06-13 01:42:39,215 INFO  ratis.ContainerStateMachine (ContainerStateMachine.java:loadSnapshot(199)) - The snapshot info is null.Setting the last applied index to:(t:0, i:~)
2019-06-13 01:42:39,215 INFO  server.RaftServerConfigKeys (ConfUtils.java:logGet(43)) - raft.server.leader.election.timeout = 10s (custom)
2019-06-13 01:42:39,216 INFO  server.RaftServerConfigKeys (ConfUtils.java:logGet(43)) - raft.server.log.use.memory = false (default)
2019-06-13 01:42:39,216 INFO  server.RaftServerConfigKeys (ConfUtils.java:logGet(43)) - raft.server.log.appender.buffer.byte-limit = 33554432 (custom)
2019-06-13 01:42:39,216 INFO  server.RaftServerConfigKeys (ConfUtils.java:logGet(43)) - raft.server.log.segment.size.max = 16384 (custom)
2019-06-13 01:42:39,216 INFO  server.RaftServerConfigKeys (ConfUtils.java:logGet(43)) - raft.server.log.segment.cache.num.max = 2 (custom)
2019-06-13 01:42:39,216 INFO  storage.RaftLogWorker (RaftLogWorker.java:<init>(123)) - new 0cb91d4b-146b-4b77-8659-4d28295108b8-RaftLogWorker for Storage Directory /opt/src/hadoop-ozone/integration-test/target/test-dir/MiniOzoneClusterImpl-da5c6d20-1ca7-43df-9045-df90fa92b639/datanode-3/data/ratis/31d149b0-17cc-40f5-bd63-f585dd285f38
2019-06-13 01:42:39,216 INFO  server.RaftServerConfigKeys (ConfUtils.java:logGet(43)) - raft.server.log.queue.byte-limit = 2147483647 (custom)
2019-06-13 01:42:39,216 INFO  server.RaftServerConfigKeys (ConfUtils.java:logGet(43)) - raft.server.log.queue.element-limit = 1024 (custom)
2019-06-13 01:42:39,216 INFO  server.RaftServerConfigKeys (ConfUtils.java:logGet(43)) - raft.server.log.segment.size.max = 16384 (custom)
2019-06-13 01:42:39,216 INFO  server.RaftServerConfigKeys (ConfUtils.java:logGet(43)) - raft.server.log.preallocated.size = 16384 (custom)
2019-06-13 01:42:39,216 INFO  server.RaftServerConfigKeys (ConfUtils.java:logGet(43)) - raft.server.log.write.buffer.size = 33554432 (custom)
2019-06-13 01:42:39,216 INFO  server.RaftServerConfigKeys (ConfUtils.java:logGet(43)) - raft.server.log.force.sync.num = 128 (default)
2019-06-13 01:42:39,216 INFO  server.RaftServerConfigKeys (ConfUtils.java:logGet(43)) - raft.server.log.statemachine.data.sync = true (default)
2019-06-13 01:42:39,217 INFO  server.RaftServerConfigKeys (ConfUtils.java:logGet(43)) - raft.server.log.statemachine.data.sync.timeout = 10s (default)
2019-06-13 01:42:39,217 INFO  server.RaftServerConfigKeys (ConfUtils.java:logGet(43)) - raft.server.log.statemachine.data.sync.timeout.retry = -1 (default)
2019-06-13 01:42:39,217 INFO  server.RaftServerConfigKeys (ConfUtils.java:logGet(43)) - raft.server.log.statemachine.data.caching.enabled = true (custom)
2019-06-13 01:42:39,217 INFO  server.RaftServerConfigKeys (ConfUtils.java:logGet(43)) - raft.server.snapshot.auto.trigger.enabled = true (custom)
2019-06-13 01:42:39,217 INFO  server.RaftServerConfigKeys (ConfUtils.java:logGet(43)) - raft.server.snapshot.auto.trigger.threshold = 10000 (custom)
2019-06-13 01:42:39,217 INFO  server.RaftServerConfigKeys (ConfUtils.java:logGet(43)) - raft.server.retrycache.expirytime = 600000ms (custom)
2019-06-13 01:42:39,218 INFO  impl.RaftServerImpl (RaftServerImpl.java:start(173)) - 0cb91d4b-146b-4b77-8659-4d28295108b8: start group-F585DD285F38
2019-06-13 01:42:39,218 INFO  impl.RaftServerImpl (RaftServerImpl.java:setRole(164)) - 0cb91d4b-146b-4b77-8659-4d28295108b8:group-F585DD285F38 changes role from null to FOLLOWER at term 0 for startAsFollower
2019-06-13 01:42:39,218 INFO  impl.RoleInfo (RoleInfo.java:updateAndGet(143)) - 0cb91d4b-146b-4b77-8659-4d28295108b8: start FollowerState
2019-06-13 01:42:39,218 INFO  util.JmxRegister (JmxRegister.java:tryRegister(44)) - Successfully registered JMX Bean with object name Ratis:service=RaftServer,group=group-F585DD285F38,id=0cb91d4b-146b-4b77-8659-4d28295108b8
2019-06-13 01:42:39,228 INFO  pipeline.PipelineStateManager (PipelineStateManager.java:addPipeline(56)) - Created pipeline Pipeline[ Id: 31d149b0-17cc-40f5-bd63-f585dd285f38, Nodes: 0cb91d4b-146b-4b77-8659-4d28295108b8{ip: 192.168.134.99, host: ozone-4wvhw-1461943245, networkLocation: /default-rack, certSerialId: null}, Type:RATIS, Factor:ONE, State:OPEN]
2019-06-13 01:42:39,388 INFO  node.SCMNodeManager (SCMNodeManager.java:register(234)) - Registered Data node : ce5b7acd-4d8b-4c1b-8868-a377fc6405c2{ip: 192.168.134.99, host: ozone-4wvhw-1461943245, networkLocation: /default-rack, certSerialId: null}
2019-06-13 01:42:39,397 INFO  impl.RaftServerProxy (RaftServerProxy.java:addNew(89)) - ce5b7acd-4d8b-4c1b-8868-a377fc6405c2: addNew group-16BAACF0F2D8:[ce5b7acd-4d8b-4c1b-8868-a377fc6405c2:192.168.134.99:46299] returns group-16BAACF0F2D8:java.util.concurrent.CompletableFuture@9c331e9[Not completed]
2019-06-13 01:42:39,398 INFO  impl.RaftServerImpl (RaftServerImpl.java:<init>(91)) - ce5b7acd-4d8b-4c1b-8868-a377fc6405c2: new RaftServerImpl for group-16BAACF0F2D8:[ce5b7acd-4d8b-4c1b-8868-a377fc6405c2:192.168.134.99:46299] with ContainerStateMachine:uninitialized
2019-06-13 01:42:39,398 INFO  server.RaftServerConfigKeys (ConfUtils.java:logGet(43)) - raft.server.rpc.timeout.min = 1s (custom)
2019-06-13 01:42:39,398 INFO  server.RaftServerConfigKeys (ConfUtils.java:logGet(43)) - raft.server.rpc.timeout.max = 1200ms (custom)
2019-06-13 01:42:39,398 INFO  server.RaftServerConfigKeys (ConfUtils.java:logGet(43)) - raft.server.rpcslowness.timeout = 10s (custom)
2019-06-13 01:42:39,398 INFO  server.RaftServerConfigKeys (ConfUtils.java:logGet(43)) - raft.server.log.appender.install.snapshot.enabled = true (default)
2019-06-13 01:42:39,399 INFO  impl.RaftServerImpl (ServerState.java:<init>(101)) - ce5b7acd-4d8b-4c1b-8868-a377fc6405c2:group-16BAACF0F2D8 ConfigurationManager, init=-1: [ce5b7acd-4d8b-4c1b-8868-a377fc6405c2:192.168.134.99:46299], old=null, confs=<EMPTY_MAP>
2019-06-13 01:42:39,399 INFO  server.RaftServerConfigKeys (ConfUtils.java:logGet(43)) - raft.server.storage.dir = [/opt/src/hadoop-ozone/integration-test/target/test-dir/MiniOzoneClusterImpl-da5c6d20-1ca7-43df-9045-df90fa92b639/datanode-4/data/ratis] (custom)
2019-06-13 01:42:39,399 INFO  storage.RaftStorageDirectory (RaftStorageDirectory.java:analyzeStorage(246)) - The storage directory /opt/src/hadoop-ozone/integration-test/target/test-dir/MiniOzoneClusterImpl-da5c6d20-1ca7-43df-9045-df90fa92b639/datanode-4/data/ratis/8d66cfdd-4acb-4fa5-b84c-16baacf0f2d8 does not exist. Creating ...
2019-06-13 01:42:39,401 INFO  storage.RaftStorageDirectory (RaftStorageDirectory.java:tryLock(328)) - Lock on /opt/src/hadoop-ozone/integration-test/target/test-dir/MiniOzoneClusterImpl-da5c6d20-1ca7-43df-9045-df90fa92b639/datanode-4/data/ratis/8d66cfdd-4acb-4fa5-b84c-16baacf0f2d8/in_use.lock acquired by nodename 8925@ozone-4wvhw-1461943245
2019-06-13 01:42:39,403 INFO  storage.RaftStorage (RaftStorage.java:format(75)) - Storage directory /opt/src/hadoop-ozone/integration-test/target/test-dir/MiniOzoneClusterImpl-da5c6d20-1ca7-43df-9045-df90fa92b639/datanode-4/data/ratis/8d66cfdd-4acb-4fa5-b84c-16baacf0f2d8 has been successfully formatted.
2019-06-13 01:42:39,403 INFO  ratis.ContainerStateMachine (ContainerStateMachine.java:loadSnapshot(199)) - The snapshot info is null.Setting the last applied index to:(t:0, i:~)
2019-06-13 01:42:39,403 INFO  server.RaftServerConfigKeys (ConfUtils.java:logGet(43)) - raft.server.leader.election.timeout = 10s (custom)
2019-06-13 01:42:39,403 INFO  server.RaftServerConfigKeys (ConfUtils.java:logGet(43)) - raft.server.log.use.memory = false (default)
2019-06-13 01:42:39,404 INFO  server.RaftServerConfigKeys (ConfUtils.java:logGet(43)) - raft.server.log.appender.buffer.byte-limit = 33554432 (custom)
2019-06-13 01:42:39,404 INFO  server.RaftServerConfigKeys (ConfUtils.java:logGet(43)) - raft.server.log.segment.size.max = 16384 (custom)
2019-06-13 01:42:39,404 INFO  server.RaftServerConfigKeys (ConfUtils.java:logGet(43)) - raft.server.log.segment.cache.num.max = 2 (custom)
2019-06-13 01:42:39,404 INFO  storage.RaftLogWorker (RaftLogWorker.java:<init>(123)) - new ce5b7acd-4d8b-4c1b-8868-a377fc6405c2-RaftLogWorker for Storage Directory /opt/src/hadoop-ozone/integration-test/target/test-dir/MiniOzoneClusterImpl-da5c6d20-1ca7-43df-9045-df90fa92b639/datanode-4/data/ratis/8d66cfdd-4acb-4fa5-b84c-16baacf0f2d8
2019-06-13 01:42:39,404 INFO  server.RaftServerConfigKeys (ConfUtils.java:logGet(43)) - raft.server.log.queue.byte-limit = 2147483647 (custom)
2019-06-13 01:42:39,404 INFO  server.RaftServerConfigKeys (ConfUtils.java:logGet(43)) - raft.server.log.queue.element-limit = 1024 (custom)
2019-06-13 01:42:39,404 INFO  server.RaftServerConfigKeys (ConfUtils.java:logGet(43)) - raft.server.log.segment.size.max = 16384 (custom)
2019-06-13 01:42:39,404 INFO  server.RaftServerConfigKeys (ConfUtils.java:logGet(43)) - raft.server.log.preallocated.size = 16384 (custom)
2019-06-13 01:42:39,404 INFO  server.RaftServerConfigKeys (ConfUtils.java:logGet(43)) - raft.server.log.write.buffer.size = 33554432 (custom)
2019-06-13 01:42:39,404 INFO  server.RaftServerConfigKeys (ConfUtils.java:logGet(43)) - raft.server.log.force.sync.num = 128 (default)
2019-06-13 01:42:39,404 INFO  server.RaftServerConfigKeys (ConfUtils.java:logGet(43)) - raft.server.log.statemachine.data.sync = true (default)
2019-06-13 01:42:39,404 INFO  server.RaftServerConfigKeys (ConfUtils.java:logGet(43)) - raft.server.log.statemachine.data.sync.timeout = 10s (default)
2019-06-13 01:42:39,404 INFO  server.RaftServerConfigKeys (ConfUtils.java:logGet(43)) - raft.server.log.statemachine.data.sync.timeout.retry = -1 (default)
2019-06-13 01:42:39,405 INFO  server.RaftServerConfigKeys (ConfUtils.java:logGet(43)) - raft.server.log.statemachine.data.caching.enabled = true (custom)
2019-06-13 01:42:39,405 INFO  server.RaftServerConfigKeys (ConfUtils.java:logGet(43)) - raft.server.snapshot.auto.trigger.enabled = true (custom)
2019-06-13 01:42:39,405 INFO  server.RaftServerConfigKeys (ConfUtils.java:logGet(43)) - raft.server.snapshot.auto.trigger.threshold = 10000 (custom)
2019-06-13 01:42:39,405 INFO  server.RaftServerConfigKeys (ConfUtils.java:logGet(43)) - raft.server.retrycache.expirytime = 600000ms (custom)
2019-06-13 01:42:39,405 INFO  impl.RaftServerImpl (RaftServerImpl.java:start(173)) - ce5b7acd-4d8b-4c1b-8868-a377fc6405c2: start group-16BAACF0F2D8
2019-06-13 01:42:39,405 INFO  impl.RaftServerImpl (RaftServerImpl.java:setRole(164)) - ce5b7acd-4d8b-4c1b-8868-a377fc6405c2:group-16BAACF0F2D8 changes role from null to FOLLOWER at term 0 for startAsFollower
2019-06-13 01:42:39,405 INFO  impl.RoleInfo (RoleInfo.java:updateAndGet(143)) - ce5b7acd-4d8b-4c1b-8868-a377fc6405c2: start FollowerState
2019-06-13 01:42:39,405 INFO  util.JmxRegister (JmxRegister.java:tryRegister(44)) - Successfully registered JMX Bean with object name Ratis:service=RaftServer,group=group-16BAACF0F2D8,id=ce5b7acd-4d8b-4c1b-8868-a377fc6405c2
2019-06-13 01:42:39,411 INFO  pipeline.PipelineStateManager (PipelineStateManager.java:addPipeline(56)) - Created pipeline Pipeline[ Id: 8d66cfdd-4acb-4fa5-b84c-16baacf0f2d8, Nodes: ce5b7acd-4d8b-4c1b-8868-a377fc6405c2{ip: 192.168.134.99, host: ozone-4wvhw-1461943245, networkLocation: /default-rack, certSerialId: null}, Type:RATIS, Factor:ONE, State:OPEN]
2019-06-13 01:42:39,576 INFO  ozone.MiniOzoneClusterImpl (MiniOzoneClusterImpl.java:lambda$waitForClusterToBeReady$0(142)) - Waiting for cluster to be ready. Got 5 of 6 DN Heartbeats.
2019-06-13 01:42:39,581 INFO  node.SCMNodeManager (SCMNodeManager.java:register(234)) - Registered Data node : 813f3ba1-0701-4227-a78a-db4e6728e7ee{ip: 192.168.134.99, host: ozone-4wvhw-1461943245, networkLocation: /default-rack, certSerialId: null}
2019-06-13 01:42:39,593 INFO  impl.RaftServerProxy (RaftServerProxy.java:addNew(89)) - 813f3ba1-0701-4227-a78a-db4e6728e7ee: addNew group-F4AE419172E1:[813f3ba1-0701-4227-a78a-db4e6728e7ee:192.168.134.99:42821] returns group-F4AE419172E1:java.util.concurrent.CompletableFuture@71137382[Not completed]
2019-06-13 01:42:39,593 INFO  impl.RaftServerImpl (RaftServerImpl.java:<init>(91)) - 813f3ba1-0701-4227-a78a-db4e6728e7ee: new RaftServerImpl for group-F4AE419172E1:[813f3ba1-0701-4227-a78a-db4e6728e7ee:192.168.134.99:42821] with ContainerStateMachine:uninitialized
2019-06-13 01:42:39,593 INFO  server.RaftServerConfigKeys (ConfUtils.java:logGet(43)) - raft.server.rpc.timeout.min = 1s (custom)
2019-06-13 01:42:39,593 INFO  server.RaftServerConfigKeys (ConfUtils.java:logGet(43)) - raft.server.rpc.timeout.max = 1200ms (custom)
2019-06-13 01:42:39,593 INFO  server.RaftServerConfigKeys (ConfUtils.java:logGet(43)) - raft.server.rpcslowness.timeout = 10s (custom)
2019-06-13 01:42:39,593 INFO  server.RaftServerConfigKeys (ConfUtils.java:logGet(43)) - raft.server.log.appender.install.snapshot.enabled = true (default)
2019-06-13 01:42:39,594 INFO  impl.RaftServerImpl (ServerState.java:<init>(101)) - 813f3ba1-0701-4227-a78a-db4e6728e7ee:group-F4AE419172E1 ConfigurationManager, init=-1: [813f3ba1-0701-4227-a78a-db4e6728e7ee:192.168.134.99:42821], old=null, confs=<EMPTY_MAP>
2019-06-13 01:42:39,594 INFO  server.RaftServerConfigKeys (ConfUtils.java:logGet(43)) - raft.server.storage.dir = [/opt/src/hadoop-ozone/integration-test/target/test-dir/MiniOzoneClusterImpl-da5c6d20-1ca7-43df-9045-df90fa92b639/datanode-5/data/ratis] (custom)
2019-06-13 01:42:39,594 INFO  storage.RaftStorageDirectory (RaftStorageDirectory.java:analyzeStorage(246)) - The storage directory /opt/src/hadoop-ozone/integration-test/target/test-dir/MiniOzoneClusterImpl-da5c6d20-1ca7-43df-9045-df90fa92b639/datanode-5/data/ratis/6af1b7bb-fdd2-4e90-8c7c-f4ae419172e1 does not exist. Creating ...
2019-06-13 01:42:39,596 INFO  storage.RaftStorageDirectory (RaftStorageDirectory.java:tryLock(328)) - Lock on /opt/src/hadoop-ozone/integration-test/target/test-dir/MiniOzoneClusterImpl-da5c6d20-1ca7-43df-9045-df90fa92b639/datanode-5/data/ratis/6af1b7bb-fdd2-4e90-8c7c-f4ae419172e1/in_use.lock acquired by nodename 8925@ozone-4wvhw-1461943245
2019-06-13 01:42:39,598 INFO  storage.RaftStorage (RaftStorage.java:format(75)) - Storage directory /opt/src/hadoop-ozone/integration-test/target/test-dir/MiniOzoneClusterImpl-da5c6d20-1ca7-43df-9045-df90fa92b639/datanode-5/data/ratis/6af1b7bb-fdd2-4e90-8c7c-f4ae419172e1 has been successfully formatted.
2019-06-13 01:42:39,598 INFO  ratis.ContainerStateMachine (ContainerStateMachine.java:loadSnapshot(199)) - The snapshot info is null.Setting the last applied index to:(t:0, i:~)
2019-06-13 01:42:39,598 INFO  server.RaftServerConfigKeys (ConfUtils.java:logGet(43)) - raft.server.leader.election.timeout = 10s (custom)
2019-06-13 01:42:39,598 INFO  server.RaftServerConfigKeys (ConfUtils.java:logGet(43)) - raft.server.log.use.memory = false (default)
2019-06-13 01:42:39,598 INFO  server.RaftServerConfigKeys (ConfUtils.java:logGet(43)) - raft.server.log.appender.buffer.byte-limit = 33554432 (custom)
2019-06-13 01:42:39,599 INFO  server.RaftServerConfigKeys (ConfUtils.java:logGet(43)) - raft.server.log.segment.size.max = 16384 (custom)
2019-06-13 01:42:39,599 INFO  server.RaftServerConfigKeys (ConfUtils.java:logGet(43)) - raft.server.log.segment.cache.num.max = 2 (custom)
2019-06-13 01:42:39,599 INFO  storage.RaftLogWorker (RaftLogWorker.java:<init>(123)) - new 813f3ba1-0701-4227-a78a-db4e6728e7ee-RaftLogWorker for Storage Directory /opt/src/hadoop-ozone/integration-test/target/test-dir/MiniOzoneClusterImpl-da5c6d20-1ca7-43df-9045-df90fa92b639/datanode-5/data/ratis/6af1b7bb-fdd2-4e90-8c7c-f4ae419172e1
2019-06-13 01:42:39,599 INFO  server.RaftServerConfigKeys (ConfUtils.java:logGet(43)) - raft.server.log.queue.byte-limit = 2147483647 (custom)
2019-06-13 01:42:39,599 INFO  server.RaftServerConfigKeys (ConfUtils.java:logGet(43)) - raft.server.log.queue.element-limit = 1024 (custom)
2019-06-13 01:42:39,599 INFO  server.RaftServerConfigKeys (ConfUtils.java:logGet(43)) - raft.server.log.segment.size.max = 16384 (custom)
2019-06-13 01:42:39,599 INFO  server.RaftServerConfigKeys (ConfUtils.java:logGet(43)) - raft.server.log.preallocated.size = 16384 (custom)
2019-06-13 01:42:39,599 INFO  server.RaftServerConfigKeys (ConfUtils.java:logGet(43)) - raft.server.log.write.buffer.size = 33554432 (custom)
2019-06-13 01:42:39,599 INFO  server.RaftServerConfigKeys (ConfUtils.java:logGet(43)) - raft.server.log.force.sync.num = 128 (default)
2019-06-13 01:42:39,599 INFO  server.RaftServerConfigKeys (ConfUtils.java:logGet(43)) - raft.server.log.statemachine.data.sync = true (default)
2019-06-13 01:42:39,599 INFO  server.RaftServerConfigKeys (ConfUtils.java:logGet(43)) - raft.server.log.statemachine.data.sync.timeout = 10s (default)
2019-06-13 01:42:39,599 INFO  server.RaftServerConfigKeys (ConfUtils.java:logGet(43)) - raft.server.log.statemachine.data.sync.timeout.retry = -1 (default)
2019-06-13 01:42:39,599 INFO  server.RaftServerConfigKeys (ConfUtils.java:logGet(43)) - raft.server.log.statemachine.data.caching.enabled = true (custom)
2019-06-13 01:42:39,600 INFO  server.RaftServerConfigKeys (ConfUtils.java:logGet(43)) - raft.server.snapshot.auto.trigger.enabled = true (custom)
2019-06-13 01:42:39,600 INFO  server.RaftServerConfigKeys (ConfUtils.java:logGet(43)) - raft.server.snapshot.auto.trigger.threshold = 10000 (custom)
2019-06-13 01:42:39,600 INFO  server.RaftServerConfigKeys (ConfUtils.java:logGet(43)) - raft.server.retrycache.expirytime = 600000ms (custom)
2019-06-13 01:42:39,600 INFO  impl.RaftServerImpl (RaftServerImpl.java:start(173)) - 813f3ba1-0701-4227-a78a-db4e6728e7ee: start group-F4AE419172E1
2019-06-13 01:42:39,600 INFO  impl.RaftServerImpl (RaftServerImpl.java:setRole(164)) - 813f3ba1-0701-4227-a78a-db4e6728e7ee:group-F4AE419172E1 changes role from null to FOLLOWER at term 0 for startAsFollower
2019-06-13 01:42:39,600 INFO  impl.RoleInfo (RoleInfo.java:updateAndGet(143)) - 813f3ba1-0701-4227-a78a-db4e6728e7ee: start FollowerState
2019-06-13 01:42:39,600 INFO  util.JmxRegister (JmxRegister.java:tryRegister(44)) - Successfully registered JMX Bean with object name Ratis:service=RaftServer,group=group-F4AE419172E1,id=813f3ba1-0701-4227-a78a-db4e6728e7ee
2019-06-13 01:42:39,605 INFO  pipeline.PipelineStateManager (PipelineStateManager.java:addPipeline(56)) - Created pipeline Pipeline[ Id: 6af1b7bb-fdd2-4e90-8c7c-f4ae419172e1, Nodes: 813f3ba1-0701-4227-a78a-db4e6728e7ee{ip: 192.168.134.99, host: ozone-4wvhw-1461943245, networkLocation: /default-rack, certSerialId: null}, Type:RATIS, Factor:ONE, State:OPEN]
2019-06-13 01:42:39,624 INFO  impl.RaftServerProxy (RaftServerProxy.java:addNew(89)) - ce5b7acd-4d8b-4c1b-8868-a377fc6405c2: addNew group-C3A90B320EE8:[0cb91d4b-146b-4b77-8659-4d28295108b8:192.168.134.99:37249, ce5b7acd-4d8b-4c1b-8868-a377fc6405c2:192.168.134.99:46299, 813f3ba1-0701-4227-a78a-db4e6728e7ee:192.168.134.99:42821] returns group-C3A90B320EE8:java.util.concurrent.CompletableFuture@39479dfb[Not completed]
2019-06-13 01:42:39,624 INFO  impl.RaftServerProxy (RaftServerProxy.java:addNew(89)) - 0cb91d4b-146b-4b77-8659-4d28295108b8: addNew group-C3A90B320EE8:[0cb91d4b-146b-4b77-8659-4d28295108b8:192.168.134.99:37249, ce5b7acd-4d8b-4c1b-8868-a377fc6405c2:192.168.134.99:46299, 813f3ba1-0701-4227-a78a-db4e6728e7ee:192.168.134.99:42821] returns group-C3A90B320EE8:java.util.concurrent.CompletableFuture@25384d89[Not completed]
2019-06-13 01:42:39,625 INFO  impl.RaftServerImpl (RaftServerImpl.java:<init>(91)) - ce5b7acd-4d8b-4c1b-8868-a377fc6405c2: new RaftServerImpl for group-C3A90B320EE8:[0cb91d4b-146b-4b77-8659-4d28295108b8:192.168.134.99:37249, ce5b7acd-4d8b-4c1b-8868-a377fc6405c2:192.168.134.99:46299, 813f3ba1-0701-4227-a78a-db4e6728e7ee:192.168.134.99:42821] with ContainerStateMachine:uninitialized
2019-06-13 01:42:39,625 INFO  server.RaftServerConfigKeys (ConfUtils.java:logGet(43)) - raft.server.rpc.timeout.min = 1s (custom)
2019-06-13 01:42:39,625 INFO  server.RaftServerConfigKeys (ConfUtils.java:logGet(43)) - raft.server.rpc.timeout.max = 1200ms (custom)
2019-06-13 01:42:39,625 INFO  server.RaftServerConfigKeys (ConfUtils.java:logGet(43)) - raft.server.rpcslowness.timeout = 10s (custom)
2019-06-13 01:42:39,625 INFO  server.RaftServerConfigKeys (ConfUtils.java:logGet(43)) - raft.server.log.appender.install.snapshot.enabled = true (default)
2019-06-13 01:42:39,625 INFO  impl.RaftServerImpl (ServerState.java:<init>(101)) - ce5b7acd-4d8b-4c1b-8868-a377fc6405c2:group-C3A90B320EE8 ConfigurationManager, init=-1: [0cb91d4b-146b-4b77-8659-4d28295108b8:192.168.134.99:37249, ce5b7acd-4d8b-4c1b-8868-a377fc6405c2:192.168.134.99:46299, 813f3ba1-0701-4227-a78a-db4e6728e7ee:192.168.134.99:42821], old=null, confs=<EMPTY_MAP>
2019-06-13 01:42:39,625 INFO  server.RaftServerConfigKeys (ConfUtils.java:logGet(43)) - raft.server.storage.dir = [/opt/src/hadoop-ozone/integration-test/target/test-dir/MiniOzoneClusterImpl-da5c6d20-1ca7-43df-9045-df90fa92b639/datanode-4/data/ratis] (custom)
2019-06-13 01:42:39,626 INFO  storage.RaftStorageDirectory (RaftStorageDirectory.java:analyzeStorage(246)) - The storage directory /opt/src/hadoop-ozone/integration-test/target/test-dir/MiniOzoneClusterImpl-da5c6d20-1ca7-43df-9045-df90fa92b639/datanode-4/data/ratis/bac95d28-cd2a-4e9b-9d48-c3a90b320ee8 does not exist. Creating ...
2019-06-13 01:42:39,624 INFO  impl.RaftServerProxy (RaftServerProxy.java:addNew(89)) - 813f3ba1-0701-4227-a78a-db4e6728e7ee: addNew group-C3A90B320EE8:[0cb91d4b-146b-4b77-8659-4d28295108b8:192.168.134.99:37249, ce5b7acd-4d8b-4c1b-8868-a377fc6405c2:192.168.134.99:46299, 813f3ba1-0701-4227-a78a-db4e6728e7ee:192.168.134.99:42821] returns group-C3A90B320EE8:java.util.concurrent.CompletableFuture@74371bd[Not completed]
2019-06-13 01:42:39,626 INFO  impl.RaftServerImpl (RaftServerImpl.java:<init>(91)) - 0cb91d4b-146b-4b77-8659-4d28295108b8: new RaftServerImpl for group-C3A90B320EE8:[0cb91d4b-146b-4b77-8659-4d28295108b8:192.168.134.99:37249, ce5b7acd-4d8b-4c1b-8868-a377fc6405c2:192.168.134.99:46299, 813f3ba1-0701-4227-a78a-db4e6728e7ee:192.168.134.99:42821] with ContainerStateMachine:uninitialized
2019-06-13 01:42:39,627 INFO  server.RaftServerConfigKeys (ConfUtils.java:logGet(43)) - raft.server.rpc.timeout.min = 1s (custom)
2019-06-13 01:42:39,627 INFO  impl.RaftServerImpl (RaftServerImpl.java:<init>(91)) - 813f3ba1-0701-4227-a78a-db4e6728e7ee: new RaftServerImpl for group-C3A90B320EE8:[0cb91d4b-146b-4b77-8659-4d28295108b8:192.168.134.99:37249, ce5b7acd-4d8b-4c1b-8868-a377fc6405c2:192.168.134.99:46299, 813f3ba1-0701-4227-a78a-db4e6728e7ee:192.168.134.99:42821] with ContainerStateMachine:uninitialized
2019-06-13 01:42:39,627 INFO  server.RaftServerConfigKeys (ConfUtils.java:logGet(43)) - raft.server.rpc.timeout.max = 1200ms (custom)
2019-06-13 01:42:39,627 INFO  server.RaftServerConfigKeys (ConfUtils.java:logGet(43)) - raft.server.rpc.timeout.min = 1s (custom)
2019-06-13 01:42:39,627 INFO  server.RaftServerConfigKeys (ConfUtils.java:logGet(43)) - raft.server.rpcslowness.timeout = 10s (custom)
2019-06-13 01:42:39,627 INFO  server.RaftServerConfigKeys (ConfUtils.java:logGet(43)) - raft.server.log.appender.install.snapshot.enabled = true (default)
2019-06-13 01:42:39,627 INFO  impl.RaftServerImpl (ServerState.java:<init>(101)) - 0cb91d4b-146b-4b77-8659-4d28295108b8:group-C3A90B320EE8 ConfigurationManager, init=-1: [0cb91d4b-146b-4b77-8659-4d28295108b8:192.168.134.99:37249, ce5b7acd-4d8b-4c1b-8868-a377fc6405c2:192.168.134.99:46299, 813f3ba1-0701-4227-a78a-db4e6728e7ee:192.168.134.99:42821], old=null, confs=<EMPTY_MAP>
2019-06-13 01:42:39,627 INFO  server.RaftServerConfigKeys (ConfUtils.java:logGet(43)) - raft.server.storage.dir = [/opt/src/hadoop-ozone/integration-test/target/test-dir/MiniOzoneClusterImpl-da5c6d20-1ca7-43df-9045-df90fa92b639/datanode-3/data/ratis] (custom)
2019-06-13 01:42:39,627 INFO  storage.RaftStorageDirectory (RaftStorageDirectory.java:analyzeStorage(246)) - The storage directory /opt/src/hadoop-ozone/integration-test/target/test-dir/MiniOzoneClusterImpl-da5c6d20-1ca7-43df-9045-df90fa92b639/datanode-3/data/ratis/bac95d28-cd2a-4e9b-9d48-c3a90b320ee8 does not exist. Creating ...
2019-06-13 01:42:39,628 INFO  storage.RaftStorageDirectory (RaftStorageDirectory.java:tryLock(328)) - Lock on /opt/src/hadoop-ozone/integration-test/target/test-dir/MiniOzoneClusterImpl-da5c6d20-1ca7-43df-9045-df90fa92b639/datanode-4/data/ratis/bac95d28-cd2a-4e9b-9d48-c3a90b320ee8/in_use.lock acquired by nodename 8925@ozone-4wvhw-1461943245
2019-06-13 01:42:39,628 INFO  server.RaftServerConfigKeys (ConfUtils.java:logGet(43)) - raft.server.rpc.timeout.max = 1200ms (custom)
2019-06-13 01:42:39,628 INFO  server.RaftServerConfigKeys (ConfUtils.java:logGet(43)) - raft.server.rpcslowness.timeout = 10s (custom)
2019-06-13 01:42:39,628 INFO  server.RaftServerConfigKeys (ConfUtils.java:logGet(43)) - raft.server.log.appender.install.snapshot.enabled = true (default)
2019-06-13 01:42:39,628 INFO  impl.RaftServerImpl (ServerState.java:<init>(101)) - 813f3ba1-0701-4227-a78a-db4e6728e7ee:group-C3A90B320EE8 ConfigurationManager, init=-1: [0cb91d4b-146b-4b77-8659-4d28295108b8:192.168.134.99:37249, ce5b7acd-4d8b-4c1b-8868-a377fc6405c2:192.168.134.99:46299, 813f3ba1-0701-4227-a78a-db4e6728e7ee:192.168.134.99:42821], old=null, confs=<EMPTY_MAP>
2019-06-13 01:42:39,628 INFO  server.RaftServerConfigKeys (ConfUtils.java:logGet(43)) - raft.server.storage.dir = [/opt/src/hadoop-ozone/integration-test/target/test-dir/MiniOzoneClusterImpl-da5c6d20-1ca7-43df-9045-df90fa92b639/datanode-5/data/ratis] (custom)
2019-06-13 01:42:39,628 INFO  storage.RaftStorageDirectory (RaftStorageDirectory.java:analyzeStorage(246)) - The storage directory /opt/src/hadoop-ozone/integration-test/target/test-dir/MiniOzoneClusterImpl-da5c6d20-1ca7-43df-9045-df90fa92b639/datanode-5/data/ratis/bac95d28-cd2a-4e9b-9d48-c3a90b320ee8 does not exist. Creating ...
2019-06-13 01:42:39,630 INFO  storage.RaftStorageDirectory (RaftStorageDirectory.java:tryLock(328)) - Lock on /opt/src/hadoop-ozone/integration-test/target/test-dir/MiniOzoneClusterImpl-da5c6d20-1ca7-43df-9045-df90fa92b639/datanode-3/data/ratis/bac95d28-cd2a-4e9b-9d48-c3a90b320ee8/in_use.lock acquired by nodename 8925@ozone-4wvhw-1461943245
2019-06-13 01:42:39,630 INFO  storage.RaftStorage (RaftStorage.java:format(75)) - Storage directory /opt/src/hadoop-ozone/integration-test/target/test-dir/MiniOzoneClusterImpl-da5c6d20-1ca7-43df-9045-df90fa92b639/datanode-4/data/ratis/bac95d28-cd2a-4e9b-9d48-c3a90b320ee8 has been successfully formatted.
2019-06-13 01:42:39,630 INFO  ratis.ContainerStateMachine (ContainerStateMachine.java:loadSnapshot(199)) - The snapshot info is null.Setting the last applied index to:(t:0, i:~)
2019-06-13 01:42:39,630 INFO  server.RaftServerConfigKeys (ConfUtils.java:logGet(43)) - raft.server.leader.election.timeout = 10s (custom)
2019-06-13 01:42:39,630 INFO  server.RaftServerConfigKeys (ConfUtils.java:logGet(43)) - raft.server.log.use.memory = false (default)
2019-06-13 01:42:39,631 INFO  server.RaftServerConfigKeys (ConfUtils.java:logGet(43)) - raft.server.log.appender.buffer.byte-limit = 33554432 (custom)
2019-06-13 01:42:39,631 INFO  server.RaftServerConfigKeys (ConfUtils.java:logGet(43)) - raft.server.log.segment.size.max = 16384 (custom)
2019-06-13 01:42:39,631 INFO  server.RaftServerConfigKeys (ConfUtils.java:logGet(43)) - raft.server.log.segment.cache.num.max = 2 (custom)
2019-06-13 01:42:39,631 INFO  storage.RaftLogWorker (RaftLogWorker.java:<init>(123)) - new ce5b7acd-4d8b-4c1b-8868-a377fc6405c2-RaftLogWorker for Storage Directory /opt/src/hadoop-ozone/integration-test/target/test-dir/MiniOzoneClusterImpl-da5c6d20-1ca7-43df-9045-df90fa92b639/datanode-4/data/ratis/bac95d28-cd2a-4e9b-9d48-c3a90b320ee8
2019-06-13 01:42:39,631 INFO  server.RaftServerConfigKeys (ConfUtils.java:logGet(43)) - raft.server.log.queue.byte-limit = 2147483647 (custom)
2019-06-13 01:42:39,631 INFO  server.RaftServerConfigKeys (ConfUtils.java:logGet(43)) - raft.server.log.queue.element-limit = 1024 (custom)
2019-06-13 01:42:39,631 INFO  server.RaftServerConfigKeys (ConfUtils.java:logGet(43)) - raft.server.log.segment.size.max = 16384 (custom)
2019-06-13 01:42:39,631 INFO  server.RaftServerConfigKeys (ConfUtils.java:logGet(43)) - raft.server.log.preallocated.size = 16384 (custom)
2019-06-13 01:42:39,631 INFO  server.RaftServerConfigKeys (ConfUtils.java:logGet(43)) - raft.server.log.write.buffer.size = 33554432 (custom)
2019-06-13 01:42:39,631 INFO  server.RaftServerConfigKeys (ConfUtils.java:logGet(43)) - raft.server.log.force.sync.num = 128 (default)
2019-06-13 01:42:39,631 INFO  server.RaftServerConfigKeys (ConfUtils.java:logGet(43)) - raft.server.log.statemachine.data.sync = true (default)
2019-06-13 01:42:39,632 INFO  server.RaftServerConfigKeys (ConfUtils.java:logGet(43)) - raft.server.log.statemachine.data.sync.timeout = 10s (default)
2019-06-13 01:42:39,632 INFO  server.RaftServerConfigKeys (ConfUtils.java:logGet(43)) - raft.server.log.statemachine.data.sync.timeout.retry = -1 (default)
2019-06-13 01:42:39,632 INFO  storage.RaftStorage (RaftStorage.java:format(75)) - Storage directory /opt/src/hadoop-ozone/integration-test/target/test-dir/MiniOzoneClusterImpl-da5c6d20-1ca7-43df-9045-df90fa92b639/datanode-3/data/ratis/bac95d28-cd2a-4e9b-9d48-c3a90b320ee8 has been successfully formatted.
2019-06-13 01:42:39,632 INFO  storage.RaftStorageDirectory (RaftStorageDirectory.java:tryLock(328)) - Lock on /opt/src/hadoop-ozone/integration-test/target/test-dir/MiniOzoneClusterImpl-da5c6d20-1ca7-43df-9045-df90fa92b639/datanode-5/data/ratis/bac95d28-cd2a-4e9b-9d48-c3a90b320ee8/in_use.lock acquired by nodename 8925@ozone-4wvhw-1461943245
2019-06-13 01:42:39,632 INFO  ratis.ContainerStateMachine (ContainerStateMachine.java:loadSnapshot(199)) - The snapshot info is null.Setting the last applied index to:(t:0, i:~)
2019-06-13 01:42:39,632 INFO  server.RaftServerConfigKeys (ConfUtils.java:logGet(43)) - raft.server.log.statemachine.data.caching.enabled = true (custom)
2019-06-13 01:42:39,632 INFO  server.RaftServerConfigKeys (ConfUtils.java:logGet(43)) - raft.server.leader.election.timeout = 10s (custom)
2019-06-13 01:42:39,632 INFO  server.RaftServerConfigKeys (ConfUtils.java:logGet(43)) - raft.server.snapshot.auto.trigger.enabled = true (custom)
2019-06-13 01:42:39,632 INFO  server.RaftServerConfigKeys (ConfUtils.java:logGet(43)) - raft.server.log.use.memory = false (default)
2019-06-13 01:42:39,632 INFO  server.RaftServerConfigKeys (ConfUtils.java:logGet(43)) - raft.server.snapshot.auto.trigger.threshold = 10000 (custom)
2019-06-13 01:42:39,633 INFO  server.RaftServerConfigKeys (ConfUtils.java:logGet(43)) - raft.server.log.appender.buffer.byte-limit = 33554432 (custom)
2019-06-13 01:42:39,633 INFO  server.RaftServerConfigKeys (ConfUtils.java:logGet(43)) - raft.server.log.segment.size.max = 16384 (custom)
2019-06-13 01:42:39,633 INFO  server.RaftServerConfigKeys (ConfUtils.java:logGet(43)) - raft.server.log.segment.cache.num.max = 2 (custom)
2019-06-13 01:42:39,633 INFO  storage.RaftLogWorker (RaftLogWorker.java:<init>(123)) - new 0cb91d4b-146b-4b77-8659-4d28295108b8-RaftLogWorker for Storage Directory /opt/src/hadoop-ozone/integration-test/target/test-dir/MiniOzoneClusterImpl-da5c6d20-1ca7-43df-9045-df90fa92b639/datanode-3/data/ratis/bac95d28-cd2a-4e9b-9d48-c3a90b320ee8
2019-06-13 01:42:39,633 INFO  server.RaftServerConfigKeys (ConfUtils.java:logGet(43)) - raft.server.log.queue.byte-limit = 2147483647 (custom)
2019-06-13 01:42:39,633 INFO  server.RaftServerConfigKeys (ConfUtils.java:logGet(43)) - raft.server.log.queue.element-limit = 1024 (custom)
2019-06-13 01:42:39,633 INFO  server.RaftServerConfigKeys (ConfUtils.java:logGet(43)) - raft.server.log.segment.size.max = 16384 (custom)
2019-06-13 01:42:39,633 INFO  server.RaftServerConfigKeys (ConfUtils.java:logGet(43)) - raft.server.log.preallocated.size = 16384 (custom)
2019-06-13 01:42:39,634 INFO  server.RaftServerConfigKeys (ConfUtils.java:logGet(43)) - raft.server.log.write.buffer.size = 33554432 (custom)
2019-06-13 01:42:39,634 INFO  server.RaftServerConfigKeys (ConfUtils.java:logGet(43)) - raft.server.log.force.sync.num = 128 (default)
2019-06-13 01:42:39,634 INFO  server.RaftServerConfigKeys (ConfUtils.java:logGet(43)) - raft.server.log.statemachine.data.sync = true (default)
2019-06-13 01:42:39,633 INFO  server.RaftServerConfigKeys (ConfUtils.java:logGet(43)) - raft.server.retrycache.expirytime = 600000ms (custom)
2019-06-13 01:42:39,634 INFO  server.RaftServerConfigKeys (ConfUtils.java:logGet(43)) - raft.server.log.statemachine.data.sync.timeout = 10s (default)
2019-06-13 01:42:39,634 INFO  server.RaftServerConfigKeys (ConfUtils.java:logGet(43)) - raft.server.log.statemachine.data.sync.timeout.retry = -1 (default)
2019-06-13 01:42:39,634 INFO  server.RaftServerConfigKeys (ConfUtils.java:logGet(43)) - raft.server.log.statemachine.data.caching.enabled = true (custom)
2019-06-13 01:42:39,634 INFO  impl.RaftServerImpl (RaftServerImpl.java:start(173)) - ce5b7acd-4d8b-4c1b-8868-a377fc6405c2: start group-C3A90B320EE8
2019-06-13 01:42:39,634 INFO  storage.RaftStorage (RaftStorage.java:format(75)) - Storage directory /opt/src/hadoop-ozone/integration-test/target/test-dir/MiniOzoneClusterImpl-da5c6d20-1ca7-43df-9045-df90fa92b639/datanode-5/data/ratis/bac95d28-cd2a-4e9b-9d48-c3a90b320ee8 has been successfully formatted.
2019-06-13 01:42:39,635 INFO  impl.RaftServerImpl (RaftServerImpl.java:setRole(164)) - ce5b7acd-4d8b-4c1b-8868-a377fc6405c2:group-C3A90B320EE8 changes role from null to FOLLOWER at term 0 for startAsFollower
2019-06-13 01:42:39,635 INFO  server.RaftServerConfigKeys (ConfUtils.java:logGet(43)) - raft.server.snapshot.auto.trigger.enabled = true (custom)
2019-06-13 01:42:39,635 INFO  impl.RoleInfo (RoleInfo.java:updateAndGet(143)) - ce5b7acd-4d8b-4c1b-8868-a377fc6405c2: start FollowerState
2019-06-13 01:42:39,635 INFO  ratis.ContainerStateMachine (ContainerStateMachine.java:loadSnapshot(199)) - The snapshot info is null.Setting the last applied index to:(t:0, i:~)
2019-06-13 01:42:39,635 INFO  server.RaftServerConfigKeys (ConfUtils.java:logGet(43)) - raft.server.leader.election.timeout = 10s (custom)
2019-06-13 01:42:39,635 INFO  server.RaftServerConfigKeys (ConfUtils.java:logGet(43)) - raft.server.log.use.memory = false (default)
2019-06-13 01:42:39,635 INFO  server.RaftServerConfigKeys (ConfUtils.java:logGet(43)) - raft.server.snapshot.auto.trigger.threshold = 10000 (custom)
2019-06-13 01:42:39,635 INFO  server.RaftServerConfigKeys (ConfUtils.java:logGet(43)) - raft.server.log.appender.buffer.byte-limit = 33554432 (custom)
2019-06-13 01:42:39,635 INFO  server.RaftServerConfigKeys (ConfUtils.java:logGet(43)) - raft.server.retrycache.expirytime = 600000ms (custom)
2019-06-13 01:42:39,635 INFO  util.JmxRegister (JmxRegister.java:tryRegister(44)) - Successfully registered JMX Bean with object name Ratis:service=RaftServer,group=group-C3A90B320EE8,id=ce5b7acd-4d8b-4c1b-8868-a377fc6405c2
2019-06-13 01:42:39,635 INFO  server.RaftServerConfigKeys (ConfUtils.java:logGet(43)) - raft.server.log.segment.size.max = 16384 (custom)
2019-06-13 01:42:39,636 INFO  impl.RaftServerImpl (RaftServerImpl.java:start(173)) - 0cb91d4b-146b-4b77-8659-4d28295108b8: start group-C3A90B320EE8
2019-06-13 01:42:39,636 INFO  server.RaftServerConfigKeys (ConfUtils.java:logGet(43)) - raft.server.log.segment.cache.num.max = 2 (custom)
2019-06-13 01:42:39,636 INFO  impl.RaftServerImpl (RaftServerImpl.java:setRole(164)) - 0cb91d4b-146b-4b77-8659-4d28295108b8:group-C3A90B320EE8 changes role from null to FOLLOWER at term 0 for startAsFollower
2019-06-13 01:42:39,636 INFO  storage.RaftLogWorker (RaftLogWorker.java:<init>(123)) - new 813f3ba1-0701-4227-a78a-db4e6728e7ee-RaftLogWorker for Storage Directory /opt/src/hadoop-ozone/integration-test/target/test-dir/MiniOzoneClusterImpl-da5c6d20-1ca7-43df-9045-df90fa92b639/datanode-5/data/ratis/bac95d28-cd2a-4e9b-9d48-c3a90b320ee8
2019-06-13 01:42:39,636 INFO  impl.RoleInfo (RoleInfo.java:updateAndGet(143)) - 0cb91d4b-146b-4b77-8659-4d28295108b8: start FollowerState
2019-06-13 01:42:39,636 INFO  server.RaftServerConfigKeys (ConfUtils.java:logGet(43)) - raft.server.log.queue.byte-limit = 2147483647 (custom)
2019-06-13 01:42:39,636 INFO  server.RaftServerConfigKeys (ConfUtils.java:logGet(43)) - raft.server.log.queue.element-limit = 1024 (custom)
2019-06-13 01:42:39,636 INFO  server.RaftServerConfigKeys (ConfUtils.java:logGet(43)) - raft.server.log.segment.size.max = 16384 (custom)
2019-06-13 01:42:39,636 INFO  server.RaftServerConfigKeys (ConfUtils.java:logGet(43)) - raft.server.log.preallocated.size = 16384 (custom)
2019-06-13 01:42:39,637 INFO  server.RaftServerConfigKeys (ConfUtils.java:logGet(43)) - raft.server.log.write.buffer.size = 33554432 (custom)
2019-06-13 01:42:39,637 INFO  server.RaftServerConfigKeys (ConfUtils.java:logGet(43)) - raft.server.log.force.sync.num = 128 (default)
2019-06-13 01:42:39,637 INFO  server.RaftServerConfigKeys (ConfUtils.java:logGet(43)) - raft.server.log.statemachine.data.sync = true (default)
2019-06-13 01:42:39,637 INFO  server.RaftServerConfigKeys (ConfUtils.java:logGet(43)) - raft.server.log.statemachine.data.sync.timeout = 10s (default)
2019-06-13 01:42:39,637 INFO  server.RaftServerConfigKeys (ConfUtils.java:logGet(43)) - raft.server.log.statemachine.data.sync.timeout.retry = -1 (default)
2019-06-13 01:42:39,637 INFO  server.RaftServerConfigKeys (ConfUtils.java:logGet(43)) - raft.server.log.statemachine.data.caching.enabled = true (custom)
2019-06-13 01:42:39,637 INFO  server.RaftServerConfigKeys (ConfUtils.java:logGet(43)) - raft.server.snapshot.auto.trigger.enabled = true (custom)
2019-06-13 01:42:39,637 INFO  server.RaftServerConfigKeys (ConfUtils.java:logGet(43)) - raft.server.snapshot.auto.trigger.threshold = 10000 (custom)
2019-06-13 01:42:39,638 INFO  server.RaftServerConfigKeys (ConfUtils.java:logGet(43)) - raft.server.retrycache.expirytime = 600000ms (custom)
2019-06-13 01:42:39,639 INFO  util.JmxRegister (JmxRegister.java:tryRegister(44)) - Successfully registered JMX Bean with object name Ratis:service=RaftServer,group=group-C3A90B320EE8,id=0cb91d4b-146b-4b77-8659-4d28295108b8
2019-06-13 01:42:39,639 INFO  impl.RaftServerImpl (RaftServerImpl.java:start(173)) - 813f3ba1-0701-4227-a78a-db4e6728e7ee: start group-C3A90B320EE8
2019-06-13 01:42:39,639 INFO  impl.RaftServerImpl (RaftServerImpl.java:setRole(164)) - 813f3ba1-0701-4227-a78a-db4e6728e7ee:group-C3A90B320EE8 changes role from null to FOLLOWER at term 0 for startAsFollower
2019-06-13 01:42:39,643 INFO  impl.RoleInfo (RoleInfo.java:updateAndGet(143)) - 813f3ba1-0701-4227-a78a-db4e6728e7ee: start FollowerState
2019-06-13 01:42:39,643 INFO  util.JmxRegister (JmxRegister.java:tryRegister(44)) - Successfully registered JMX Bean with object name Ratis:service=RaftServer,group=group-C3A90B320EE8,id=813f3ba1-0701-4227-a78a-db4e6728e7ee
2019-06-13 01:42:39,658 INFO  pipeline.PipelineStateManager (PipelineStateManager.java:addPipeline(56)) - Created pipeline Pipeline[ Id: bac95d28-cd2a-4e9b-9d48-c3a90b320ee8, Nodes: 0cb91d4b-146b-4b77-8659-4d28295108b8{ip: 192.168.134.99, host: ozone-4wvhw-1461943245, networkLocation: /default-rack, certSerialId: null}813f3ba1-0701-4227-a78a-db4e6728e7ee{ip: 192.168.134.99, host: ozone-4wvhw-1461943245, networkLocation: /default-rack, certSerialId: null}ce5b7acd-4d8b-4c1b-8868-a377fc6405c2{ip: 192.168.134.99, host: ozone-4wvhw-1461943245, networkLocation: /default-rack, certSerialId: null}, Type:RATIS, Factor:THREE, State:OPEN]
2019-06-13 01:42:40,017 INFO  impl.FollowerState (FollowerState.java:run(101)) - d5621f70-36d4-4f4e-ae35-a711d52cb62b:group-17A7F7AE4163 changes to CANDIDATE, lastRpcTime:1050, electionTimeout:1050ms
2019-06-13 01:42:40,018 INFO  impl.RoleInfo (RoleInfo.java:shutdownFollowerState(121)) - d5621f70-36d4-4f4e-ae35-a711d52cb62b: shutdown FollowerState
2019-06-13 01:42:40,018 INFO  impl.RaftServerImpl (RaftServerImpl.java:setRole(164)) - d5621f70-36d4-4f4e-ae35-a711d52cb62b:group-17A7F7AE4163 changes role from FOLLOWER to CANDIDATE at term 0 for changeToCandidate
2019-06-13 01:42:40,020 INFO  impl.RoleInfo (RoleInfo.java:updateAndGet(143)) - d5621f70-36d4-4f4e-ae35-a711d52cb62b: start LeaderElection
2019-06-13 01:42:40,025 INFO  impl.LeaderElection (LeaderElection.java:askForVotes(181)) - d5621f70-36d4-4f4e-ae35-a711d52cb62b:group-17A7F7AE4163:LeaderElection1: begin an election at term 1 for -1: [d5621f70-36d4-4f4e-ae35-a711d52cb62b:192.168.134.99:35245], old=null
2019-06-13 01:42:40,027 INFO  impl.RoleInfo (RoleInfo.java:shutdownLeaderElection(134)) - d5621f70-36d4-4f4e-ae35-a711d52cb62b: shutdown LeaderElection
2019-06-13 01:42:40,027 INFO  impl.RaftServerImpl (RaftServerImpl.java:setRole(164)) - d5621f70-36d4-4f4e-ae35-a711d52cb62b:group-17A7F7AE4163 changes role from CANDIDATE to LEADER at term 1 for changeToLeader
2019-06-13 01:42:40,027 INFO  impl.RaftServerImpl (ServerState.java:setLeader(263)) - d5621f70-36d4-4f4e-ae35-a711d52cb62b:group-17A7F7AE4163 change Leader from null to d5621f70-36d4-4f4e-ae35-a711d52cb62b at term 1 for becomeLeader, leader elected after 1214ms
2019-06-13 01:42:40,031 INFO  server.RaftServerConfigKeys (ConfUtils.java:logGet(43)) - raft.server.staging.catchup.gap = 1000 (default)
2019-06-13 01:42:40,031 INFO  server.RaftServerConfigKeys (ConfUtils.java:logGet(43)) - raft.server.rpc.sleep.time = 25ms (default)
2019-06-13 01:42:40,033 INFO  server.RaftServerConfigKeys (ConfUtils.java:logGet(43)) - raft.server.watch.timeout = 10s (default)
2019-06-13 01:42:40,033 INFO  server.RaftServerConfigKeys (ConfUtils.java:logGet(43)) - raft.server.watch.timeout.denomination = 1s (default)
2019-06-13 01:42:40,038 INFO  impl.RoleInfo (RoleInfo.java:updateAndGet(143)) - d5621f70-36d4-4f4e-ae35-a711d52cb62b: start LeaderState
2019-06-13 01:42:40,055 INFO  storage.RaftLogWorker (RaftLogWorker.java:startLogSegment(298)) - d5621f70-36d4-4f4e-ae35-a711d52cb62b-RaftLogWorker: Starting segment from index:0
2019-06-13 01:42:40,064 INFO  impl.RaftServerImpl (ServerState.java:setRaftConf(361)) - d5621f70-36d4-4f4e-ae35-a711d52cb62b:group-17A7F7AE4163 set configuration 0: [d5621f70-36d4-4f4e-ae35-a711d52cb62b:192.168.134.99:35245], old=null at 0
2019-06-13 01:42:40,091 INFO  impl.FollowerState (FollowerState.java:run(101)) - be6643db-1409-4f3e-a4fb-ae292bcd1e8c:group-479E8B29BE09 changes to CANDIDATE, lastRpcTime:1004, electionTimeout:1004ms
2019-06-13 01:42:40,092 INFO  impl.RoleInfo (RoleInfo.java:shutdownFollowerState(121)) - be6643db-1409-4f3e-a4fb-ae292bcd1e8c: shutdown FollowerState
2019-06-13 01:42:40,092 INFO  impl.RaftServerImpl (RaftServerImpl.java:setRole(164)) - be6643db-1409-4f3e-a4fb-ae292bcd1e8c:group-479E8B29BE09 changes role from FOLLOWER to CANDIDATE at term 0 for changeToCandidate
2019-06-13 01:42:40,092 INFO  impl.RoleInfo (RoleInfo.java:updateAndGet(143)) - be6643db-1409-4f3e-a4fb-ae292bcd1e8c: start LeaderElection
2019-06-13 01:42:40,098 INFO  impl.LeaderElection (LeaderElection.java:askForVotes(181)) - be6643db-1409-4f3e-a4fb-ae292bcd1e8c:group-479E8B29BE09:LeaderElection2: begin an election at term 1 for -1: [be6643db-1409-4f3e-a4fb-ae292bcd1e8c:192.168.134.99:40639], old=null
2019-06-13 01:42:40,099 INFO  impl.RoleInfo (RoleInfo.java:shutdownLeaderElection(134)) - be6643db-1409-4f3e-a4fb-ae292bcd1e8c: shutdown LeaderElection
2019-06-13 01:42:40,099 INFO  impl.RaftServerImpl (RaftServerImpl.java:setRole(164)) - be6643db-1409-4f3e-a4fb-ae292bcd1e8c:group-479E8B29BE09 changes role from CANDIDATE to LEADER at term 1 for changeToLeader
2019-06-13 01:42:40,099 INFO  impl.RaftServerImpl (ServerState.java:setLeader(263)) - be6643db-1409-4f3e-a4fb-ae292bcd1e8c:group-479E8B29BE09 change Leader from null to be6643db-1409-4f3e-a4fb-ae292bcd1e8c at term 1 for becomeLeader, leader elected after 1014ms
2019-06-13 01:42:40,100 INFO  server.RaftServerConfigKeys (ConfUtils.java:logGet(43)) - raft.server.staging.catchup.gap = 1000 (default)
2019-06-13 01:42:40,100 INFO  server.RaftServerConfigKeys (ConfUtils.java:logGet(43)) - raft.server.rpc.sleep.time = 25ms (default)
2019-06-13 01:42:40,100 INFO  server.RaftServerConfigKeys (ConfUtils.java:logGet(43)) - raft.server.watch.timeout = 10s (default)
2019-06-13 01:42:40,100 INFO  server.RaftServerConfigKeys (ConfUtils.java:logGet(43)) - raft.server.watch.timeout.denomination = 1s (default)
2019-06-13 01:42:40,100 INFO  impl.RoleInfo (RoleInfo.java:updateAndGet(143)) - be6643db-1409-4f3e-a4fb-ae292bcd1e8c: start LeaderState
2019-06-13 01:42:40,101 INFO  storage.RaftLogWorker (RaftLogWorker.java:startLogSegment(298)) - be6643db-1409-4f3e-a4fb-ae292bcd1e8c-RaftLogWorker: Starting segment from index:0
2019-06-13 01:42:40,101 INFO  impl.RaftServerImpl (ServerState.java:setRaftConf(361)) - be6643db-1409-4f3e-a4fb-ae292bcd1e8c:group-479E8B29BE09 set configuration 0: [be6643db-1409-4f3e-a4fb-ae292bcd1e8c:192.168.134.99:40639], old=null at 0
2019-06-13 01:42:40,156 INFO  impl.FollowerState (FollowerState.java:run(101)) - 296d1d22-01b5-4184-9432-ee3542df1fee:group-9F32A942DD5C changes to CANDIDATE, lastRpcTime:1008, electionTimeout:1008ms
2019-06-13 01:42:40,156 INFO  impl.RoleInfo (RoleInfo.java:shutdownFollowerState(121)) - 296d1d22-01b5-4184-9432-ee3542df1fee: shutdown FollowerState
2019-06-13 01:42:40,156 INFO  impl.RaftServerImpl (RaftServerImpl.java:setRole(164)) - 296d1d22-01b5-4184-9432-ee3542df1fee:group-9F32A942DD5C changes role from FOLLOWER to CANDIDATE at term 0 for changeToCandidate
2019-06-13 01:42:40,156 INFO  impl.RoleInfo (RoleInfo.java:updateAndGet(143)) - 296d1d22-01b5-4184-9432-ee3542df1fee: start LeaderElection
2019-06-13 01:42:40,163 INFO  impl.LeaderElection (LeaderElection.java:askForVotes(181)) - 296d1d22-01b5-4184-9432-ee3542df1fee:group-9F32A942DD5C:LeaderElection3: begin an election at term 1 for -1: [d5621f70-36d4-4f4e-ae35-a711d52cb62b:192.168.134.99:35245, 296d1d22-01b5-4184-9432-ee3542df1fee:192.168.134.99:39301, be6643db-1409-4f3e-a4fb-ae292bcd1e8c:192.168.134.99:40639], old=null
2019-06-13 01:42:40,188 INFO  impl.RaftServerImpl (RaftServerImpl.java:setRole(164)) - d5621f70-36d4-4f4e-ae35-a711d52cb62b:group-9F32A942DD5C changes role from FOLLOWER to FOLLOWER at term 1 for recognizeCandidate:296d1d22-01b5-4184-9432-ee3542df1fee
2019-06-13 01:42:40,189 INFO  impl.RoleInfo (RoleInfo.java:shutdownFollowerState(121)) - d5621f70-36d4-4f4e-ae35-a711d52cb62b: shutdown FollowerState
2019-06-13 01:42:40,189 INFO  impl.RoleInfo (RoleInfo.java:updateAndGet(143)) - d5621f70-36d4-4f4e-ae35-a711d52cb62b: start FollowerState
2019-06-13 01:42:40,190 INFO  impl.FollowerState (FollowerState.java:run(109)) - d5621f70-36d4-4f4e-ae35-a711d52cb62b: FollowerState was interrupted: java.lang.InterruptedException: sleep interrupted
2019-06-13 01:42:40,190 INFO  impl.FollowerState (FollowerState.java:run(101)) - 296d1d22-01b5-4184-9432-ee3542df1fee:group-6788904D07DD changes to CANDIDATE, lastRpcTime:1156, electionTimeout:1155ms
2019-06-13 01:42:40,191 INFO  impl.RoleInfo (RoleInfo.java:shutdownFollowerState(121)) - 296d1d22-01b5-4184-9432-ee3542df1fee: shutdown FollowerState
2019-06-13 01:42:40,191 INFO  impl.RaftServerImpl (RaftServerImpl.java:setRole(164)) - 296d1d22-01b5-4184-9432-ee3542df1fee:group-6788904D07DD changes role from FOLLOWER to CANDIDATE at term 0 for changeToCandidate
2019-06-13 01:42:40,191 INFO  impl.RoleInfo (RoleInfo.java:updateAndGet(143)) - 296d1d22-01b5-4184-9432-ee3542df1fee: start LeaderElection
2019-06-13 01:42:40,203 INFO  impl.LeaderElection (LeaderElection.java:logAndReturn(56)) - 296d1d22-01b5-4184-9432-ee3542df1fee:group-9F32A942DD5C:LeaderElection3: Election PASSED; received 1 response(s) [296d1d22-01b5-4184-9432-ee3542df1fee->d5621f70-36d4-4f4e-ae35-a711d52cb62b,true-t1] and 0 exception(s); 296d1d22-01b5-4184-9432-ee3542df1fee:t1, leader=null, voted=296d1d22-01b5-4184-9432-ee3542df1fee, raftlog=296d1d22-01b5-4184-9432-ee3542df1fee-SegmentedRaftLog:OPENED:c-1,f-1,i0, conf=-1: [d5621f70-36d4-4f4e-ae35-a711d52cb62b:192.168.134.99:35245, 296d1d22-01b5-4184-9432-ee3542df1fee:192.168.134.99:39301, be6643db-1409-4f3e-a4fb-ae292bcd1e8c:192.168.134.99:40639], old=null
2019-06-13 01:42:40,203 INFO  impl.RoleInfo (RoleInfo.java:shutdownLeaderElection(134)) - 296d1d22-01b5-4184-9432-ee3542df1fee: shutdown LeaderElection
2019-06-13 01:42:40,203 INFO  impl.RaftServerImpl (RaftServerImpl.java:setRole(164)) - 296d1d22-01b5-4184-9432-ee3542df1fee:group-9F32A942DD5C changes role from CANDIDATE to LEADER at term 1 for changeToLeader
2019-06-13 01:42:40,203 INFO  impl.RaftServerImpl (ServerState.java:setLeader(263)) - 296d1d22-01b5-4184-9432-ee3542df1fee:group-9F32A942DD5C change Leader from null to 296d1d22-01b5-4184-9432-ee3542df1fee at term 1 for becomeLeader, leader elected after 1063ms
2019-06-13 01:42:40,206 INFO  impl.LeaderElection (LeaderElection.java:askForVotes(181)) - 296d1d22-01b5-4184-9432-ee3542df1fee:group-6788904D07DD:LeaderElection4: begin an election at term 1 for -1: [296d1d22-01b5-4184-9432-ee3542df1fee:192.168.134.99:39301], old=null
2019-06-13 01:42:40,214 INFO  server.RaftServerConfigKeys (ConfUtils.java:logGet(43)) - raft.server.staging.catchup.gap = 1000 (default)
2019-06-13 01:42:40,229 INFO  impl.RoleInfo (RoleInfo.java:shutdownLeaderElection(134)) - 296d1d22-01b5-4184-9432-ee3542df1fee: shutdown LeaderElection
2019-06-13 01:42:40,230 INFO  server.RaftServerConfigKeys (ConfUtils.java:logGet(43)) - raft.server.rpc.sleep.time = 25ms (default)
2019-06-13 01:42:40,249 INFO  impl.RaftServerImpl (RaftServerImpl.java:setRole(164)) - be6643db-1409-4f3e-a4fb-ae292bcd1e8c:group-9F32A942DD5C changes role from FOLLOWER to FOLLOWER at term 1 for recognizeCandidate:296d1d22-01b5-4184-9432-ee3542df1fee
2019-06-13 01:42:40,230 INFO  impl.RaftServerImpl (RaftServerImpl.java:setRole(164)) - 296d1d22-01b5-4184-9432-ee3542df1fee:group-6788904D07DD changes role from CANDIDATE to LEADER at term 1 for changeToLeader
2019-06-13 01:42:40,249 INFO  impl.RoleInfo (RoleInfo.java:shutdownFollowerState(121)) - be6643db-1409-4f3e-a4fb-ae292bcd1e8c: shutdown FollowerState
2019-06-13 01:42:40,250 INFO  impl.RoleInfo (RoleInfo.java:updateAndGet(143)) - be6643db-1409-4f3e-a4fb-ae292bcd1e8c: start FollowerState
2019-06-13 01:42:40,249 INFO  server.RaftServerConfigKeys (ConfUtils.java:logGet(43)) - raft.server.watch.timeout = 10s (default)
2019-06-13 01:42:40,250 INFO  server.RaftServerConfigKeys (ConfUtils.java:logGet(43)) - raft.server.watch.timeout.denomination = 1s (default)
2019-06-13 01:42:40,250 INFO  impl.FollowerState (FollowerState.java:run(109)) - be6643db-1409-4f3e-a4fb-ae292bcd1e8c: FollowerState was interrupted: java.lang.InterruptedException: sleep interrupted
2019-06-13 01:42:40,249 INFO  impl.RaftServerImpl (ServerState.java:setLeader(263)) - 296d1d22-01b5-4184-9432-ee3542df1fee:group-6788904D07DD change Leader from null to 296d1d22-01b5-4184-9432-ee3542df1fee at term 1 for becomeLeader, leader elected after 1218ms
2019-06-13 01:42:40,252 INFO  server.RaftServerConfigKeys (ConfUtils.java:logGet(43)) - raft.server.staging.catchup.gap = 1000 (default)
2019-06-13 01:42:40,252 INFO  server.RaftServerConfigKeys (ConfUtils.java:logGet(43)) - raft.server.rpc.sleep.time = 25ms (default)
2019-06-13 01:42:40,252 INFO  server.RaftServerConfigKeys (ConfUtils.java:logGet(43)) - raft.server.watch.timeout = 10s (default)
2019-06-13 01:42:40,252 INFO  server.RaftServerConfigKeys (ConfUtils.java:logGet(43)) - raft.server.watch.timeout.denomination = 1s (default)
2019-06-13 01:42:40,252 INFO  impl.RoleInfo (RoleInfo.java:updateAndGet(143)) - 296d1d22-01b5-4184-9432-ee3542df1fee: start LeaderState
2019-06-13 01:42:40,253 INFO  storage.RaftLogWorker (RaftLogWorker.java:startLogSegment(298)) - 296d1d22-01b5-4184-9432-ee3542df1fee-RaftLogWorker: Starting segment from index:0
2019-06-13 01:42:40,256 INFO  storage.RaftLogWorker (RaftLogWorker.java:execute(469)) - d5621f70-36d4-4f4e-ae35-a711d52cb62b-RaftLogWorker: created new log segment /opt/src/hadoop-ozone/integration-test/target/test-dir/MiniOzoneClusterImpl-da5c6d20-1ca7-43df-9045-df90fa92b639/datanode-0/data/ratis/a8c7bc9b-e748-47de-b4ac-17a7f7ae4163/current/log_inprogress_0
2019-06-13 01:42:40,272 INFO  storage.RaftLogWorker (RaftLogWorker.java:execute(469)) - be6643db-1409-4f3e-a4fb-ae292bcd1e8c-RaftLogWorker: created new log segment /opt/src/hadoop-ozone/integration-test/target/test-dir/MiniOzoneClusterImpl-da5c6d20-1ca7-43df-9045-df90fa92b639/datanode-1/data/ratis/e08e552d-d27e-4a40-b9e9-479e8b29be09/current/log_inprogress_0
2019-06-13 01:42:40,272 INFO  server.RaftServerConfigKeys (ConfUtils.java:logGet(43)) - raft.server.log.appender.snapshot.chunk.size.max = 16MB (=16777216) (default)
2019-06-13 01:42:40,273 INFO  server.RaftServerConfigKeys (ConfUtils.java:logGet(43)) - raft.server.log.appender.buffer.byte-limit = 33554432 (custom)
2019-06-13 01:42:40,289 INFO  impl.FollowerState (FollowerState.java:run(101)) - 0cb91d4b-146b-4b77-8659-4d28295108b8:group-F585DD285F38 changes to CANDIDATE, lastRpcTime:1071, electionTimeout:1057ms
2019-06-13 01:42:40,289 INFO  impl.RaftServerImpl (ServerState.java:setRaftConf(361)) - 296d1d22-01b5-4184-9432-ee3542df1fee:group-6788904D07DD set configuration 0: [296d1d22-01b5-4184-9432-ee3542df1fee:192.168.134.99:39301], old=null at 0
2019-06-13 01:42:40,293 INFO  storage.RaftLogWorker (RaftLogWorker.java:execute(469)) - 296d1d22-01b5-4184-9432-ee3542df1fee-RaftLogWorker: created new log segment /opt/src/hadoop-ozone/integration-test/target/test-dir/MiniOzoneClusterImpl-da5c6d20-1ca7-43df-9045-df90fa92b639/datanode-2/data/ratis/7f01bfe3-6c47-4192-a2e9-6788904d07dd/current/log_inprogress_0
2019-06-13 01:42:40,289 INFO  impl.RoleInfo (RoleInfo.java:shutdownFollowerState(121)) - 0cb91d4b-146b-4b77-8659-4d28295108b8: shutdown FollowerState
2019-06-13 01:42:40,293 INFO  server.RaftServerConfigKeys (ConfUtils.java:logGet(43)) - raft.server.log.appender.buffer.element-limit = 1 (custom)
2019-06-13 01:42:40,293 INFO  impl.RaftServerImpl (RaftServerImpl.java:setRole(164)) - 0cb91d4b-146b-4b77-8659-4d28295108b8:group-F585DD285F38 changes role from FOLLOWER to CANDIDATE at term 0 for changeToCandidate
2019-06-13 01:42:40,294 INFO  impl.RoleInfo (RoleInfo.java:updateAndGet(143)) - 0cb91d4b-146b-4b77-8659-4d28295108b8: start LeaderElection
2019-06-13 01:42:40,301 INFO  grpc.GrpcConfigKeys$Server (ConfUtils.java:logGet(43)) - raft.grpc.server.leader.outstanding.appends.max = 128 (default)
2019-06-13 01:42:40,301 INFO  server.RaftServerConfigKeys (ConfUtils.java:logGet(43)) - raft.server.rpc.request.timeout = 3000ms (default)
2019-06-13 01:42:40,301 INFO  server.RaftServerConfigKeys (ConfUtils.java:logGet(43)) - raft.server.log.appender.install.snapshot.enabled = true (default)
2019-06-13 01:42:40,302 INFO  server.RaftServerConfigKeys (ConfUtils.java:logGet(43)) - raft.server.log.appender.snapshot.chunk.size.max = 16MB (=16777216) (default)
2019-06-13 01:42:40,302 INFO  server.RaftServerConfigKeys (ConfUtils.java:logGet(43)) - raft.server.log.appender.buffer.byte-limit = 33554432 (custom)
2019-06-13 01:42:40,302 INFO  server.RaftServerConfigKeys (ConfUtils.java:logGet(43)) - raft.server.log.appender.buffer.element-limit = 1 (custom)
2019-06-13 01:42:40,302 INFO  grpc.GrpcConfigKeys$Server (ConfUtils.java:logGet(43)) - raft.grpc.server.leader.outstanding.appends.max = 128 (default)
2019-06-13 01:42:40,302 INFO  server.RaftServerConfigKeys (ConfUtils.java:logGet(43)) - raft.server.rpc.request.timeout = 3000ms (default)
2019-06-13 01:42:40,302 INFO  server.RaftServerConfigKeys (ConfUtils.java:logGet(43)) - raft.server.log.appender.install.snapshot.enabled = true (default)
2019-06-13 01:42:40,302 INFO  impl.RoleInfo (RoleInfo.java:updateAndGet(143)) - 296d1d22-01b5-4184-9432-ee3542df1fee: start LeaderState
2019-06-13 01:42:40,302 INFO  storage.RaftLogWorker (RaftLogWorker.java:startLogSegment(298)) - 296d1d22-01b5-4184-9432-ee3542df1fee-RaftLogWorker: Starting segment from index:0
2019-06-13 01:42:40,304 INFO  impl.LeaderElection (LeaderElection.java:askForVotes(181)) - 0cb91d4b-146b-4b77-8659-4d28295108b8:group-F585DD285F38:LeaderElection5: begin an election at term 1 for -1: [0cb91d4b-146b-4b77-8659-4d28295108b8:192.168.134.99:37249], old=null
2019-06-13 01:42:40,304 INFO  impl.RoleInfo (RoleInfo.java:shutdownLeaderElection(134)) - 0cb91d4b-146b-4b77-8659-4d28295108b8: shutdown LeaderElection
2019-06-13 01:42:40,326 INFO  impl.RaftServerImpl (RaftServerImpl.java:setRole(164)) - 0cb91d4b-146b-4b77-8659-4d28295108b8:group-F585DD285F38 changes role from CANDIDATE to LEADER at term 1 for changeToLeader
2019-06-13 01:42:40,326 INFO  impl.RaftServerImpl (ServerState.java:setLeader(263)) - 0cb91d4b-146b-4b77-8659-4d28295108b8:group-F585DD285F38 change Leader from null to 0cb91d4b-146b-4b77-8659-4d28295108b8 at term 1 for becomeLeader, leader elected after 1110ms
2019-06-13 01:42:40,343 INFO  impl.RaftServerImpl (ServerState.java:setRaftConf(361)) - 296d1d22-01b5-4184-9432-ee3542df1fee:group-9F32A942DD5C set configuration 0: [d5621f70-36d4-4f4e-ae35-a711d52cb62b:192.168.134.99:35245, 296d1d22-01b5-4184-9432-ee3542df1fee:192.168.134.99:39301, be6643db-1409-4f3e-a4fb-ae292bcd1e8c:192.168.134.99:40639], old=null at 0
2019-06-13 01:42:40,345 INFO  storage.RaftLogWorker (RaftLogWorker.java:execute(469)) - 296d1d22-01b5-4184-9432-ee3542df1fee-RaftLogWorker: created new log segment /opt/src/hadoop-ozone/integration-test/target/test-dir/MiniOzoneClusterImpl-da5c6d20-1ca7-43df-9045-df90fa92b639/datanode-2/data/ratis/60f3c93c-53a3-471d-bc64-9f32a942dd5c/current/log_inprogress_0
2019-06-13 01:42:40,354 INFO  server.RaftServerConfigKeys (ConfUtils.java:logGet(43)) - raft.server.staging.catchup.gap = 1000 (default)
2019-06-13 01:42:40,354 INFO  server.RaftServerConfigKeys (ConfUtils.java:logGet(43)) - raft.server.rpc.sleep.time = 25ms (default)
2019-06-13 01:42:40,354 INFO  server.RaftServerConfigKeys (ConfUtils.java:logGet(43)) - raft.server.watch.timeout = 10s (default)
2019-06-13 01:42:40,354 INFO  server.RaftServerConfigKeys (ConfUtils.java:logGet(43)) - raft.server.watch.timeout.denomination = 1s (default)
2019-06-13 01:42:40,354 INFO  impl.RoleInfo (RoleInfo.java:updateAndGet(143)) - 0cb91d4b-146b-4b77-8659-4d28295108b8: start LeaderState
2019-06-13 01:42:40,354 INFO  storage.RaftLogWorker (RaftLogWorker.java:startLogSegment(298)) - 0cb91d4b-146b-4b77-8659-4d28295108b8-RaftLogWorker: Starting segment from index:0
2019-06-13 01:42:40,357 INFO  impl.RaftServerImpl (ServerState.java:setLeader(263)) - d5621f70-36d4-4f4e-ae35-a711d52cb62b:group-9F32A942DD5C change Leader from null to 296d1d22-01b5-4184-9432-ee3542df1fee at term 1 for appendEntries, leader elected after 1214ms
2019-06-13 01:42:40,364 INFO  impl.RaftServerImpl (ServerState.java:setRaftConf(361)) - 0cb91d4b-146b-4b77-8659-4d28295108b8:group-F585DD285F38 set configuration 0: [0cb91d4b-146b-4b77-8659-4d28295108b8:192.168.134.99:37249], old=null at 0
2019-06-13 01:42:40,377 INFO  impl.RaftServerImpl (ServerState.java:setLeader(263)) - be6643db-1409-4f3e-a4fb-ae292bcd1e8c:group-9F32A942DD5C change Leader from null to 296d1d22-01b5-4184-9432-ee3542df1fee at term 1 for appendEntries, leader elected after 1248ms
2019-06-13 01:42:40,395 INFO  storage.RaftLogWorker (RaftLogWorker.java:execute(469)) - 0cb91d4b-146b-4b77-8659-4d28295108b8-RaftLogWorker: created new log segment /opt/src/hadoop-ozone/integration-test/target/test-dir/MiniOzoneClusterImpl-da5c6d20-1ca7-43df-9045-df90fa92b639/datanode-3/data/ratis/31d149b0-17cc-40f5-bd63-f585dd285f38/current/log_inprogress_0
2019-06-13 01:42:40,407 INFO  impl.RaftServerImpl (ServerState.java:setRaftConf(361)) - be6643db-1409-4f3e-a4fb-ae292bcd1e8c:group-9F32A942DD5C set configuration 0: [d5621f70-36d4-4f4e-ae35-a711d52cb62b:192.168.134.99:35245, 296d1d22-01b5-4184-9432-ee3542df1fee:192.168.134.99:39301, be6643db-1409-4f3e-a4fb-ae292bcd1e8c:192.168.134.99:40639], old=null at 0
2019-06-13 01:42:40,407 INFO  impl.RaftServerImpl (ServerState.java:setRaftConf(361)) - d5621f70-36d4-4f4e-ae35-a711d52cb62b:group-9F32A942DD5C set configuration 0: [d5621f70-36d4-4f4e-ae35-a711d52cb62b:192.168.134.99:35245, 296d1d22-01b5-4184-9432-ee3542df1fee:192.168.134.99:39301, be6643db-1409-4f3e-a4fb-ae292bcd1e8c:192.168.134.99:40639], old=null at 0
2019-06-13 01:42:40,408 INFO  storage.RaftLogWorker (RaftLogWorker.java:startLogSegment(298)) - be6643db-1409-4f3e-a4fb-ae292bcd1e8c-RaftLogWorker: Starting segment from index:0
2019-06-13 01:42:40,408 INFO  storage.RaftLogWorker (RaftLogWorker.java:startLogSegment(298)) - d5621f70-36d4-4f4e-ae35-a711d52cb62b-RaftLogWorker: Starting segment from index:0
2019-06-13 01:42:40,448 INFO  storage.RaftLogWorker (RaftLogWorker.java:execute(469)) - d5621f70-36d4-4f4e-ae35-a711d52cb62b-RaftLogWorker: created new log segment /opt/src/hadoop-ozone/integration-test/target/test-dir/MiniOzoneClusterImpl-da5c6d20-1ca7-43df-9045-df90fa92b639/datanode-0/data/ratis/60f3c93c-53a3-471d-bc64-9f32a942dd5c/current/log_inprogress_0
2019-06-13 01:42:40,449 INFO  storage.RaftLogWorker (RaftLogWorker.java:execute(469)) - be6643db-1409-4f3e-a4fb-ae292bcd1e8c-RaftLogWorker: created new log segment /opt/src/hadoop-ozone/integration-test/target/test-dir/MiniOzoneClusterImpl-da5c6d20-1ca7-43df-9045-df90fa92b639/datanode-1/data/ratis/60f3c93c-53a3-471d-bc64-9f32a942dd5c/current/log_inprogress_0
2019-06-13 01:42:40,483 INFO  impl.FollowerState (FollowerState.java:run(101)) - ce5b7acd-4d8b-4c1b-8868-a377fc6405c2:group-16BAACF0F2D8 changes to CANDIDATE, lastRpcTime:1077, electionTimeout:1077ms
2019-06-13 01:42:40,483 INFO  impl.RoleInfo (RoleInfo.java:shutdownFollowerState(121)) - ce5b7acd-4d8b-4c1b-8868-a377fc6405c2: shutdown FollowerState
2019-06-13 01:42:40,483 INFO  impl.RaftServerImpl (RaftServerImpl.java:setRole(164)) - ce5b7acd-4d8b-4c1b-8868-a377fc6405c2:group-16BAACF0F2D8 changes role from FOLLOWER to CANDIDATE at term 0 for changeToCandidate
2019-06-13 01:42:40,483 INFO  impl.RoleInfo (RoleInfo.java:updateAndGet(143)) - ce5b7acd-4d8b-4c1b-8868-a377fc6405c2: start LeaderElection
2019-06-13 01:42:40,487 INFO  impl.LeaderElection (LeaderElection.java:askForVotes(181)) - ce5b7acd-4d8b-4c1b-8868-a377fc6405c2:group-16BAACF0F2D8:LeaderElection6: begin an election at term 1 for -1: [ce5b7acd-4d8b-4c1b-8868-a377fc6405c2:192.168.134.99:46299], old=null
2019-06-13 01:42:40,487 INFO  impl.RoleInfo (RoleInfo.java:shutdownLeaderElection(134)) - ce5b7acd-4d8b-4c1b-8868-a377fc6405c2: shutdown LeaderElection
2019-06-13 01:42:40,487 INFO  impl.RaftServerImpl (RaftServerImpl.java:setRole(164)) - ce5b7acd-4d8b-4c1b-8868-a377fc6405c2:group-16BAACF0F2D8 changes role from CANDIDATE to LEADER at term 1 for changeToLeader
2019-06-13 01:42:40,488 INFO  impl.RaftServerImpl (ServerState.java:setLeader(263)) - ce5b7acd-4d8b-4c1b-8868-a377fc6405c2:group-16BAACF0F2D8 change Leader from null to ce5b7acd-4d8b-4c1b-8868-a377fc6405c2 at term 1 for becomeLeader, leader elected after 1084ms
2019-06-13 01:42:40,488 INFO  server.RaftServerConfigKeys (ConfUtils.java:logGet(43)) - raft.server.staging.catchup.gap = 1000 (default)
2019-06-13 01:42:40,489 INFO  server.RaftServerConfigKeys (ConfUtils.java:logGet(43)) - raft.server.rpc.sleep.time = 25ms (default)
2019-06-13 01:42:40,489 INFO  server.RaftServerConfigKeys (ConfUtils.java:logGet(43)) - raft.server.watch.timeout = 10s (default)
2019-06-13 01:42:40,489 INFO  server.RaftServerConfigKeys (ConfUtils.java:logGet(43)) - raft.server.watch.timeout.denomination = 1s (default)
2019-06-13 01:42:40,489 INFO  impl.RoleInfo (RoleInfo.java:updateAndGet(143)) - ce5b7acd-4d8b-4c1b-8868-a377fc6405c2: start LeaderState
2019-06-13 01:42:40,489 INFO  storage.RaftLogWorker (RaftLogWorker.java:startLogSegment(298)) - ce5b7acd-4d8b-4c1b-8868-a377fc6405c2-RaftLogWorker: Starting segment from index:0
2019-06-13 01:42:40,489 INFO  impl.RaftServerImpl (ServerState.java:setRaftConf(361)) - ce5b7acd-4d8b-4c1b-8868-a377fc6405c2:group-16BAACF0F2D8 set configuration 0: [ce5b7acd-4d8b-4c1b-8868-a377fc6405c2:192.168.134.99:46299], old=null at 0
2019-06-13 01:42:40,524 INFO  storage.RaftLogWorker (RaftLogWorker.java:execute(469)) - ce5b7acd-4d8b-4c1b-8868-a377fc6405c2-RaftLogWorker: created new log segment /opt/src/hadoop-ozone/integration-test/target/test-dir/MiniOzoneClusterImpl-da5c6d20-1ca7-43df-9045-df90fa92b639/datanode-4/data/ratis/8d66cfdd-4acb-4fa5-b84c-16baacf0f2d8/current/log_inprogress_0
2019-06-13 01:42:40,576 INFO  ozone.MiniOzoneClusterImpl (MiniOzoneClusterImpl.java:lambda$waitForClusterToBeReady$0(142)) - Cluster is ready. Got 6 of 6 DN Heartbeats.
]]></system-out>
    <system-err><![CDATA[ERROR StatusLogger No Log4j 2 configuration file found. Using default configuration (logging only errors to the console), or user programmatically provided configurations. Set system property 'log4j2.debug' to show Log4j 2 internal initialization logging. See https://logging.apache.org/log4j/2.x/manual/configuration.html for instructions on how to configure Log4j 2
Jun 13, 2019 1:42:33 AM com.sun.jersey.server.impl.application.WebApplicationImpl _initiate
INFO: Initiating Jersey application, version 'Jersey: 1.19 02/11/2015 03:25 AM'
Jun 13, 2019 1:42:34 AM com.sun.jersey.server.impl.application.WebApplicationImpl _initiate
INFO: Initiating Jersey application, version 'Jersey: 1.19 02/11/2015 03:25 AM'
Jun 13, 2019 1:42:34 AM com.sun.jersey.server.impl.application.WebApplicationImpl _initiate
INFO: Initiating Jersey application, version 'Jersey: 1.19 02/11/2015 03:25 AM'
Jun 13, 2019 1:42:35 AM com.sun.jersey.server.impl.application.WebApplicationImpl _initiate
INFO: Initiating Jersey application, version 'Jersey: 1.19 02/11/2015 03:25 AM'
Jun 13, 2019 1:42:35 AM com.sun.jersey.server.impl.application.WebApplicationImpl _initiate
INFO: Initiating Jersey application, version 'Jersey: 1.19 02/11/2015 03:25 AM'
Jun 13, 2019 1:42:35 AM com.sun.jersey.server.impl.application.WebApplicationImpl _initiate
INFO: Initiating Jersey application, version 'Jersey: 1.19 02/11/2015 03:25 AM'
]]></system-err>
  </testcase>
</testsuite>