<?xml version="1.0" encoding="UTF-8"?>
<testsuite xmlns:xsi="http://www.w3.org/2001/XMLSchema-instance" xsi:noNamespaceSchemaLocation="https://maven.apache.org/surefire/maven-surefire-plugin/xsd/surefire-test-report.xsd" name="org.apache.hadoop.ozone.client.rpc.TestWatchForCommit" time="131.47" tests="6" errors="0" skipped="0" failures="1">
  <properties>
    <property name="awt.toolkit" value="sun.awt.X11.XToolkit"/>
    <property name="file.encoding.pkg" value="sun.io"/>
    <property name="java.specification.version" value="1.8"/>
    <property name="sun.cpu.isalist" value=""/>
    <property name="sun.jnu.encoding" value="UTF-8"/>
    <property name="java.class.path" value="/opt/src/hadoop-ozone/integration-test/target/test-classes:/opt/src/hadoop-ozone/integration-test/target/classes:/root/.m2/repository/org/apache/hadoop/hadoop-ozone-common/0.5.0-SNAPSHOT/hadoop-ozone-common-0.5.0-SNAPSHOT.jar:/root/.m2/repository/org/apache/commons/commons-compress/1.4.1/commons-compress-1.4.1.jar:/root/.m2/repository/org/tukaani/xz/1.0/xz-1.0.jar:/root/.m2/repository/org/apache/hadoop/hadoop-common/3.2.0/hadoop-common-3.2.0.jar:/root/.m2/repository/org/apache/hadoop/hadoop-hdfs/3.2.0/hadoop-hdfs-3.2.0.jar:/root/.m2/repository/org/apache/hadoop/hadoop-hdfs-client/3.2.0/hadoop-hdfs-client-3.2.0.jar:/root/.m2/repository/com/fasterxml/jackson/core/jackson-annotations/2.9.5/jackson-annotations-2.9.5.jar:/root/.m2/repository/org/apache/hadoop/hadoop-hdds-common/0.5.0-SNAPSHOT/hadoop-hdds-common-0.5.0-SNAPSHOT.jar:/root/.m2/repository/javax/annotation/javax.annotation-api/1.2/javax.annotation-api-1.2.jar:/root/.m2/repository/org/apache/ratis/ratis-server/0.4.0-fe2b15d-SNAPSHOT/ratis-server-0.4.0-fe2b15d-SNAPSHOT.jar:/root/.m2/repository/org/apache/ratis/ratis-thirdparty-misc/0.2.0/ratis-thirdparty-misc-0.2.0.jar:/root/.m2/repository/org/apache/ratis/ratis-proto/0.4.0-fe2b15d-SNAPSHOT/ratis-proto-0.4.0-fe2b15d-SNAPSHOT.jar:/root/.m2/repository/org/apache/ratis/ratis-common/0.4.0-fe2b15d-SNAPSHOT/ratis-common-0.4.0-fe2b15d-SNAPSHOT.jar:/root/.m2/repository/org/apache/ratis/ratis-client/0.4.0-fe2b15d-SNAPSHOT/ratis-client-0.4.0-fe2b15d-SNAPSHOT.jar:/root/.m2/repository/org/apache/ratis/ratis-netty/0.4.0-fe2b15d-SNAPSHOT/ratis-netty-0.4.0-fe2b15d-SNAPSHOT.jar:/root/.m2/repository/org/apache/ratis/ratis-grpc/0.4.0-fe2b15d-SNAPSHOT/ratis-grpc-0.4.0-fe2b15d-SNAPSHOT.jar:/root/.m2/repository/org/rocksdb/rocksdbjni/5.14.2/rocksdbjni-5.14.2.jar:/root/.m2/repository/org/apache/logging/log4j/log4j-api/2.11.0/log4j-api-2.11.0.jar:/root/.m2/repository/org/apache/logging/log4j/log4j-core/2.11.0/log4j-core-2.11.0.jar:/root/.m2/repository/com/lmax/disruptor/3.4.2/disruptor-3.4.2.jar:/root/.m2/repository/org/apache/commons/commons-pool2/2.6.0/commons-pool2-2.6.0.jar:/root/.m2/repository/org/bouncycastle/bcpkix-jdk15on/1.60/bcpkix-jdk15on-1.60.jar:/root/.m2/repository/commons-validator/commons-validator/1.6/commons-validator-1.6.jar:/root/.m2/repository/commons-digester/commons-digester/1.8.1/commons-digester-1.8.1.jar:/root/.m2/repository/io/jaegertracing/jaeger-client/0.33.1/jaeger-client-0.33.1.jar:/root/.m2/repository/io/jaegertracing/jaeger-thrift/0.33.1/jaeger-thrift-0.33.1.jar:/root/.m2/repository/org/apache/thrift/libthrift/0.11.0/libthrift-0.11.0.jar:/root/.m2/repository/com/squareup/okhttp3/okhttp/3.9.0/okhttp-3.9.0.jar:/root/.m2/repository/com/squareup/okio/okio/1.13.0/okio-1.13.0.jar:/root/.m2/repository/io/jaegertracing/jaeger-core/0.33.1/jaeger-core-0.33.1.jar:/root/.m2/repository/io/jaegertracing/jaeger-tracerresolver/0.33.1/jaeger-tracerresolver-0.33.1.jar:/root/.m2/repository/io/opentracing/contrib/opentracing-tracerresolver/0.1.5/opentracing-tracerresolver-0.1.5.jar:/root/.m2/repository/io/opentracing/opentracing-util/0.31.0/opentracing-util-0.31.0.jar:/root/.m2/repository/io/opentracing/opentracing-api/0.31.0/opentracing-api-0.31.0.jar:/root/.m2/repository/io/opentracing/opentracing-noop/0.31.0/opentracing-noop-0.31.0.jar:/root/.m2/repository/org/apache/hadoop/hadoop-hdds-server-framework/0.5.0-SNAPSHOT/hadoop-hdds-server-framework-0.5.0-SNAPSHOT.jar:/root/.m2/repository/org/apache/hadoop/hadoop-hdds-server-scm/0.5.0-SNAPSHOT/hadoop-hdds-server-scm-0.5.0-SNAPSHOT.jar:/root/.m2/repository/org/apache/hadoop/hadoop-hdds-container-service/0.5.0-SNAPSHOT/hadoop-hdds-container-service-0.5.0-SNAPSHOT.jar:/root/.m2/repository/org/apache/hadoop/hadoop-hdds-client/0.5.0-SNAPSHOT/hadoop-hdds-client-0.5.0-SNAPSHOT.jar:/root/.m2/repository/org/apache/hadoop/hadoop-hdds-tools/0.5.0-SNAPSHOT/hadoop-hdds-tools-0.5.0-SNAPSHOT.jar:/root/.m2/repository/org/apache/hadoop/hadoop-ozone-ozone-manager/0.5.0-SNAPSHOT/hadoop-ozone-ozone-manager-0.5.0-SNAPSHOT.jar:/root/.m2/repository/org/apache/hadoop/hadoop-hdds-docs/0.5.0-SNAPSHOT/hadoop-hdds-docs-0.5.0-SNAPSHOT.jar:/root/.m2/repository/org/bouncycastle/bcprov-jdk15on/1.60/bcprov-jdk15on-1.60.jar:/root/.m2/repository/org/apache/hadoop/hadoop-minikdc/3.2.0/hadoop-minikdc-3.2.0.jar:/root/.m2/repository/commons-io/commons-io/2.5/commons-io-2.5.jar:/root/.m2/repository/org/apache/kerby/kerb-simplekdc/1.0.1/kerb-simplekdc-1.0.1.jar:/root/.m2/repository/org/apache/kerby/kerb-client/1.0.1/kerb-client-1.0.1.jar:/root/.m2/repository/org/apache/kerby/kerby-config/1.0.1/kerby-config-1.0.1.jar:/root/.m2/repository/org/apache/kerby/kerb-core/1.0.1/kerb-core-1.0.1.jar:/root/.m2/repository/org/apache/kerby/kerby-pkix/1.0.1/kerby-pkix-1.0.1.jar:/root/.m2/repository/org/apache/kerby/kerby-asn1/1.0.1/kerby-asn1-1.0.1.jar:/root/.m2/repository/org/apache/kerby/kerby-util/1.0.1/kerby-util-1.0.1.jar:/root/.m2/repository/org/apache/kerby/kerb-common/1.0.1/kerb-common-1.0.1.jar:/root/.m2/repository/org/apache/kerby/kerb-crypto/1.0.1/kerb-crypto-1.0.1.jar:/root/.m2/repository/org/apache/kerby/kerb-util/1.0.1/kerb-util-1.0.1.jar:/root/.m2/repository/org/apache/kerby/token-provider/1.0.1/token-provider-1.0.1.jar:/root/.m2/repository/org/apache/kerby/kerb-admin/1.0.1/kerb-admin-1.0.1.jar:/root/.m2/repository/org/apache/kerby/kerb-server/1.0.1/kerb-server-1.0.1.jar:/root/.m2/repository/org/apache/kerby/kerb-identity/1.0.1/kerb-identity-1.0.1.jar:/root/.m2/repository/org/apache/kerby/kerby-xdr/1.0.1/kerby-xdr-1.0.1.jar:/root/.m2/repository/org/slf4j/slf4j-log4j12/1.7.25/slf4j-log4j12-1.7.25.jar:/root/.m2/repository/org/apache/hadoop/hadoop-ozone-objectstore-service/0.5.0-SNAPSHOT/hadoop-ozone-objectstore-service-0.5.0-SNAPSHOT.jar:/root/.m2/repository/org/apache/hadoop/hadoop-ozone-s3gateway/0.5.0-SNAPSHOT/hadoop-ozone-s3gateway-0.5.0-SNAPSHOT.jar:/root/.m2/repository/org/jboss/weld/servlet/weld-servlet/2.4.7.Final/weld-servlet-2.4.7.Final.jar:/root/.m2/repository/org/glassfish/jersey/containers/jersey-container-servlet-core/2.27/jersey-container-servlet-core-2.27.jar:/root/.m2/repository/org/glassfish/hk2/external/javax.inject/2.5.0-b42/javax.inject-2.5.0-b42.jar:/root/.m2/repository/org/glassfish/jersey/core/jersey-common/2.27/jersey-common-2.27.jar:/root/.m2/repository/org/glassfish/hk2/osgi-resource-locator/1.0.1/osgi-resource-locator-1.0.1.jar:/root/.m2/repository/javax/ws/rs/javax.ws.rs-api/2.1/javax.ws.rs-api-2.1.jar:/root/.m2/repository/org/glassfish/jersey/ext/cdi/jersey-cdi1x/2.27/jersey-cdi1x-2.27.jar:/root/.m2/repository/org/glassfish/jersey/inject/jersey-hk2/2.27/jersey-hk2-2.27.jar:/root/.m2/repository/org/glassfish/hk2/hk2-locator/2.5.0-b42/hk2-locator-2.5.0-b42.jar:/root/.m2/repository/org/javassist/javassist/3.22.0-CR2/javassist-3.22.0-CR2.jar:/root/.m2/repository/org/glassfish/hk2/hk2-api/2.5.0/hk2-api-2.5.0.jar:/root/.m2/repository/org/glassfish/hk2/external/jakarta.inject/2.5.0/jakarta.inject-2.5.0.jar:/root/.m2/repository/org/glassfish/hk2/hk2-utils/2.5.0/hk2-utils-2.5.0.jar:/root/.m2/repository/jakarta/annotation/jakarta.annotation-api/1.3.4/jakarta.annotation-api-1.3.4.jar:/root/.m2/repository/org/glassfish/hk2/external/aopalliance-repackaged/2.5.0/aopalliance-repackaged-2.5.0.jar:/root/.m2/repository/com/fasterxml/jackson/dataformat/jackson-dataformat-xml/2.9.0/jackson-dataformat-xml-2.9.0.jar:/root/.m2/repository/com/fasterxml/jackson/core/jackson-core/2.9.5/jackson-core-2.9.5.jar:/root/.m2/repository/com/fasterxml/jackson/module/jackson-module-jaxb-annotations/2.9.5/jackson-module-jaxb-annotations-2.9.5.jar:/root/.m2/repository/javax/enterprise/cdi-api/1.2/cdi-api-1.2.jar:/root/.m2/repository/javax/el/javax.el-api/3.0.0/javax.el-api-3.0.0.jar:/root/.m2/repository/javax/interceptor/javax.interceptor-api/1.2/javax.interceptor-api-1.2.jar:/root/.m2/repository/javax/inject/javax.inject/1/javax.inject-1.jar:/root/.m2/repository/com/sun/xml/bind/jaxb-impl/2.3.0.1/jaxb-impl-2.3.0.1.jar:/root/.m2/repository/com/sun/xml/bind/jaxb-core/2.3.0.1/jaxb-core-2.3.0.1.jar:/root/.m2/repository/javax/xml/bind/jaxb-api/2.3.0/jaxb-api-2.3.0.jar:/root/.m2/repository/javax/activation/activation/1.1.1/activation-1.1.1.jar:/root/.m2/repository/org/apache/hadoop/hadoop-ozone-csi/0.5.0-SNAPSHOT/hadoop-ozone-csi-0.5.0-SNAPSHOT.jar:/root/.m2/repository/com/google/protobuf/protobuf-java-util/3.5.1/protobuf-java-util-3.5.1.jar:/root/.m2/repository/org/apache/hadoop/hadoop-hdds-config/0.5.0-SNAPSHOT/hadoop-hdds-config-0.5.0-SNAPSHOT.jar:/root/.m2/repository/com/google/guava/guava/11.0.2/guava-11.0.2.jar:/root/.m2/repository/com/google/protobuf/protobuf-java/2.5.0/protobuf-java-2.5.0.jar:/root/.m2/repository/io/grpc/grpc-netty/1.17.1/grpc-netty-1.17.1.jar:/root/.m2/repository/io/grpc/grpc-core/1.17.1/grpc-core-1.17.1.jar:/root/.m2/repository/io/grpc/grpc-context/1.17.1/grpc-context-1.17.1.jar:/root/.m2/repository/com/google/errorprone/error_prone_annotations/2.2.0/error_prone_annotations-2.2.0.jar:/root/.m2/repository/org/codehaus/mojo/animal-sniffer-annotations/1.17/animal-sniffer-annotations-1.17.jar:/root/.m2/repository/io/opencensus/opencensus-api/0.17.0/opencensus-api-0.17.0.jar:/root/.m2/repository/io/opencensus/opencensus-contrib-grpc-metrics/0.17.0/opencensus-contrib-grpc-metrics-0.17.0.jar:/root/.m2/repository/io/netty/netty-codec-http2/4.1.30.Final/netty-codec-http2-4.1.30.Final.jar:/root/.m2/repository/io/netty/netty-codec-http/4.1.30.Final/netty-codec-http-4.1.30.Final.jar:/root/.m2/repository/io/netty/netty-codec/4.1.30.Final/netty-codec-4.1.30.Final.jar:/root/.m2/repository/io/netty/netty-handler/4.1.30.Final/netty-handler-4.1.30.Final.jar:/root/.m2/repository/io/netty/netty-handler-proxy/4.1.30.Final/netty-handler-proxy-4.1.30.Final.jar:/root/.m2/repository/io/netty/netty-codec-socks/4.1.30.Final/netty-codec-socks-4.1.30.Final.jar:/root/.m2/repository/io/netty/netty-transport-native-epoll/4.1.30.Final/netty-transport-native-epoll-4.1.30.Final.jar:/root/.m2/repository/io/netty/netty-common/4.1.30.Final/netty-common-4.1.30.Final.jar:/root/.m2/repository/io/netty/netty-buffer/4.1.30.Final/netty-buffer-4.1.30.Final.jar:/root/.m2/repository/io/netty/netty-transport/4.1.30.Final/netty-transport-4.1.30.Final.jar:/root/.m2/repository/io/netty/netty-resolver/4.1.30.Final/netty-resolver-4.1.30.Final.jar:/root/.m2/repository/io/netty/netty-transport-native-unix-common/4.1.30.Final/netty-transport-native-unix-common-4.1.30.Final.jar:/root/.m2/repository/io/grpc/grpc-protobuf/1.17.1/grpc-protobuf-1.17.1.jar:/root/.m2/repository/com/google/api/grpc/proto-google-common-protos/1.0.0/proto-google-common-protos-1.0.0.jar:/root/.m2/repository/io/grpc/grpc-protobuf-lite/1.17.1/grpc-protobuf-lite-1.17.1.jar:/root/.m2/repository/io/grpc/grpc-stub/1.17.1/grpc-stub-1.17.1.jar:/root/.m2/repository/org/apache/hadoop/hadoop-ozone-recon/0.5.0-SNAPSHOT/hadoop-ozone-recon-0.5.0-SNAPSHOT.jar:/root/.m2/repository/org/apache/hadoop/hadoop-ozone-reconcodegen/0.5.0-SNAPSHOT/hadoop-ozone-reconcodegen-0.5.0-SNAPSHOT.jar:/root/.m2/repository/com/google/inject/extensions/guice-multibindings/4.0/guice-multibindings-4.0.jar:/root/.m2/repository/com/google/inject/guice/4.0/guice-4.0.jar:/root/.m2/repository/aopalliance/aopalliance/1.0/aopalliance-1.0.jar:/root/.m2/repository/com/google/inject/extensions/guice-servlet/4.0/guice-servlet-4.0.jar:/root/.m2/repository/org/glassfish/jersey/containers/jersey-container-servlet/2.27/jersey-container-servlet-2.27.jar:/root/.m2/repository/org/glassfish/hk2/guice-bridge/2.5.0/guice-bridge-2.5.0.jar:/root/.m2/repository/org/glassfish/jersey/core/jersey-server/2.27/jersey-server-2.27.jar:/root/.m2/repository/org/glassfish/jersey/core/jersey-client/2.27/jersey-client-2.27.jar:/root/.m2/repository/org/glassfish/jersey/media/jersey-media-jaxb/2.27/jersey-media-jaxb-2.27.jar:/root/.m2/repository/javax/validation/validation-api/1.1.0.Final/validation-api-1.1.0.Final.jar:/root/.m2/repository/org/glassfish/jersey/media/jersey-media-json-jackson/2.27/jersey-media-json-jackson-2.27.jar:/root/.m2/repository/org/glassfish/jersey/ext/jersey-entity-filtering/2.27/jersey-entity-filtering-2.27.jar:/root/.m2/repository/com/google/inject/extensions/guice-assistedinject/4.0/guice-assistedinject-4.0.jar:/root/.m2/repository/org/jooq/jooq/3.11.10/jooq-3.11.10.jar:/root/.m2/repository/org/jooq/jooq-meta/3.11.10/jooq-meta-3.11.10.jar:/root/.m2/repository/org/jooq/jooq-codegen/3.11.10/jooq-codegen-3.11.10.jar:/root/.m2/repository/com/jolbox/bonecp/0.8.0.RELEASE/bonecp-0.8.0.RELEASE.jar:/root/.m2/repository/org/xerial/sqlite-jdbc/3.25.2/sqlite-jdbc-3.25.2.jar:/root/.m2/repository/org/springframework/spring-jdbc/5.1.3.RELEASE/spring-jdbc-5.1.3.RELEASE.jar:/root/.m2/repository/org/springframework/spring-beans/5.1.3.RELEASE/spring-beans-5.1.3.RELEASE.jar:/root/.m2/repository/org/springframework/spring-core/5.1.3.RELEASE/spring-core-5.1.3.RELEASE.jar:/root/.m2/repository/org/springframework/spring-jcl/5.1.3.RELEASE/spring-jcl-5.1.3.RELEASE.jar:/root/.m2/repository/org/springframework/spring-tx/5.1.3.RELEASE/spring-tx-5.1.3.RELEASE.jar:/root/.m2/repository/org/apache/hadoop/hadoop-ozone-client/0.5.0-SNAPSHOT/hadoop-ozone-client-0.5.0-SNAPSHOT.jar:/root/.m2/repository/org/apache/hadoop/hadoop-ozone-ozone-manager/0.5.0-SNAPSHOT/hadoop-ozone-ozone-manager-0.5.0-SNAPSHOT-tests.jar:/root/.m2/repository/junit/junit/4.11/junit-4.11.jar:/root/.m2/repository/org/hamcrest/hamcrest-core/1.3/hamcrest-core-1.3.jar:/root/.m2/repository/org/openjdk/jmh/jmh-core/1.19/jmh-core-1.19.jar:/root/.m2/repository/net/sf/jopt-simple/jopt-simple/4.6/jopt-simple-4.6.jar:/root/.m2/repository/org/apache/commons/commons-math3/3.1.1/commons-math3-3.1.1.jar:/root/.m2/repository/org/openjdk/jmh/jmh-generator-annprocess/1.19/jmh-generator-annprocess-1.19.jar:/root/.m2/repository/org/mockito/mockito-all/1.8.5/mockito-all-1.8.5.jar:/root/.m2/repository/org/apache/hadoop/hadoop-kms/3.2.0/hadoop-kms-3.2.0.jar:/root/.m2/repository/org/apache/hadoop/hadoop-auth/3.2.0/hadoop-auth-3.2.0.jar:/root/.m2/repository/com/nimbusds/nimbus-jose-jwt/4.41.1/nimbus-jose-jwt-4.41.1.jar:/root/.m2/repository/com/github/stephenc/jcip/jcip-annotations/1.0-1/jcip-annotations-1.0-1.jar:/root/.m2/repository/net/minidev/json-smart/2.3/json-smart-2.3.jar:/root/.m2/repository/net/minidev/accessors-smart/1.2/accessors-smart-1.2.jar:/root/.m2/repository/org/ow2/asm/asm/5.0.4/asm-5.0.4.jar:/root/.m2/repository/org/apache/curator/curator-framework/2.12.0/curator-framework-2.12.0.jar:/root/.m2/repository/com/sun/jersey/jersey-core/1.19/jersey-core-1.19.jar:/root/.m2/repository/javax/ws/rs/jsr311-api/1.1.1/jsr311-api-1.1.1.jar:/root/.m2/repository/com/sun/jersey/jersey-server/1.19/jersey-server-1.19.jar:/root/.m2/repository/javax/servlet/javax.servlet-api/3.1.0/javax.servlet-api-3.1.0.jar:/root/.m2/repository/org/eclipse/jetty/jetty-server/9.3.24.v20180605/jetty-server-9.3.24.v20180605.jar:/root/.m2/repository/org/eclipse/jetty/jetty-http/9.3.24.v20180605/jetty-http-9.3.24.v20180605.jar:/root/.m2/repository/org/eclipse/jetty/jetty-io/9.3.24.v20180605/jetty-io-9.3.24.v20180605.jar:/root/.m2/repository/org/eclipse/jetty/jetty-webapp/9.3.24.v20180605/jetty-webapp-9.3.24.v20180605.jar:/root/.m2/repository/org/eclipse/jetty/jetty-xml/9.3.24.v20180605/jetty-xml-9.3.24.v20180605.jar:/root/.m2/repository/log4j/log4j/1.2.17/log4j-1.2.17.jar:/root/.m2/repository/org/slf4j/slf4j-api/1.7.25/slf4j-api-1.7.25.jar:/root/.m2/repository/org/slf4j/jul-to-slf4j/1.7.25/jul-to-slf4j-1.7.25.jar:/root/.m2/repository/org/eclipse/jetty/jetty-util/9.3.24.v20180605/jetty-util-9.3.24.v20180605.jar:/root/.m2/repository/io/dropwizard/metrics/metrics-core/3.2.4/metrics-core-3.2.4.jar:/root/.m2/repository/com/fasterxml/jackson/core/jackson-databind/2.9.5/jackson-databind-2.9.5.jar:/root/.m2/repository/org/apache/hadoop/hadoop-kms/3.2.0/hadoop-kms-3.2.0-tests.jar:/root/.m2/repository/org/apache/hadoop/hadoop-hdds-server-scm/0.5.0-SNAPSHOT/hadoop-hdds-server-scm-0.5.0-SNAPSHOT-tests.jar:/root/.m2/repository/org/hamcrest/hamcrest-all/1.3/hamcrest-all-1.3.jar:/root/.m2/repository/info/picocli/picocli/3.9.6/picocli-3.9.6.jar:/root/.m2/repository/org/apache/hadoop/hadoop-hdds-container-service/0.5.0-SNAPSHOT/hadoop-hdds-container-service-0.5.0-SNAPSHOT-tests.jar:/root/.m2/repository/org/yaml/snakeyaml/1.16/snakeyaml-1.16.jar:/root/.m2/repository/org/apache/hadoop/hadoop-common/3.2.0/hadoop-common-3.2.0-tests.jar:/root/.m2/repository/org/apache/hadoop/hadoop-annotations/3.2.0/hadoop-annotations-3.2.0.jar:/usr/lib/jvm/java-1.8-openjdk/jre/../lib/tools.jar:/root/.m2/repository/commons-cli/commons-cli/1.2/commons-cli-1.2.jar:/root/.m2/repository/org/apache/httpcomponents/httpclient/4.5.2/httpclient-4.5.2.jar:/root/.m2/repository/org/apache/httpcomponents/httpcore/4.4.4/httpcore-4.4.4.jar:/root/.m2/repository/commons-codec/commons-codec/1.11/commons-codec-1.11.jar:/root/.m2/repository/commons-net/commons-net/3.6/commons-net-3.6.jar:/root/.m2/repository/commons-collections/commons-collections/3.2.2/commons-collections-3.2.2.jar:/root/.m2/repository/org/eclipse/jetty/jetty-servlet/9.3.24.v20180605/jetty-servlet-9.3.24.v20180605.jar:/root/.m2/repository/org/eclipse/jetty/jetty-security/9.3.24.v20180605/jetty-security-9.3.24.v20180605.jar:/root/.m2/repository/javax/servlet/jsp/jsp-api/2.1/jsp-api-2.1.jar:/root/.m2/repository/com/sun/jersey/jersey-servlet/1.19/jersey-servlet-1.19.jar:/root/.m2/repository/com/sun/jersey/jersey-json/1.19/jersey-json-1.19.jar:/root/.m2/repository/org/codehaus/jettison/jettison/1.1/jettison-1.1.jar:/root/.m2/repository/org/codehaus/jackson/jackson-core-asl/1.9.13/jackson-core-asl-1.9.13.jar:/root/.m2/repository/org/codehaus/jackson/jackson-mapper-asl/1.9.13/jackson-mapper-asl-1.9.13.jar:/root/.m2/repository/org/codehaus/jackson/jackson-jaxrs/1.9.13/jackson-jaxrs-1.9.13.jar:/root/.m2/repository/org/codehaus/jackson/jackson-xc/1.9.13/jackson-xc-1.9.13.jar:/root/.m2/repository/commons-logging/commons-logging/1.1.3/commons-logging-1.1.3.jar:/root/.m2/repository/commons-beanutils/commons-beanutils/1.9.3/commons-beanutils-1.9.3.jar:/root/.m2/repository/org/apache/commons/commons-configuration2/2.1.1/commons-configuration2-2.1.1.jar:/root/.m2/repository/org/apache/commons/commons-lang3/3.7/commons-lang3-3.7.jar:/root/.m2/repository/org/apache/commons/commons-text/1.4/commons-text-1.4.jar:/root/.m2/repository/org/apache/avro/avro/1.7.7/avro-1.7.7.jar:/root/.m2/repository/com/thoughtworks/paranamer/paranamer/2.3/paranamer-2.3.jar:/root/.m2/repository/org/xerial/snappy/snappy-java/1.0.5/snappy-java-1.0.5.jar:/root/.m2/repository/com/google/re2j/re2j/1.1/re2j-1.1.jar:/root/.m2/repository/com/google/code/gson/gson/2.2.4/gson-2.2.4.jar:/root/.m2/repository/com/jcraft/jsch/0.1.54/jsch-0.1.54.jar:/root/.m2/repository/org/apache/curator/curator-client/2.12.0/curator-client-2.12.0.jar:/root/.m2/repository/org/apache/curator/curator-recipes/2.12.0/curator-recipes-2.12.0.jar:/root/.m2/repository/com/google/code/findbugs/jsr305/3.0.0/jsr305-3.0.0.jar:/root/.m2/repository/org/apache/htrace/htrace-core4/4.1.0-incubating/htrace-core4-4.1.0-incubating.jar:/root/.m2/repository/org/apache/zookeeper/zookeeper/3.4.13/zookeeper-3.4.13.jar:/root/.m2/repository/org/apache/yetus/audience-annotations/0.5.0/audience-annotations-0.5.0.jar:/root/.m2/repository/org/codehaus/woodstox/stax2-api/3.1.4/stax2-api-3.1.4.jar:/root/.m2/repository/com/fasterxml/woodstox/woodstox-core/5.0.3/woodstox-core-5.0.3.jar:/root/.m2/repository/dnsjava/dnsjava/2.1.7/dnsjava-2.1.7.jar:/root/.m2/repository/org/apache/hadoop/hadoop-hdfs/3.2.0/hadoop-hdfs-3.2.0-tests.jar:/root/.m2/repository/org/eclipse/jetty/jetty-util-ajax/9.3.24.v20180605/jetty-util-ajax-9.3.24.v20180605.jar:/root/.m2/repository/commons-daemon/commons-daemon/1.0.13/commons-daemon-1.0.13.jar:/root/.m2/repository/io/netty/netty/3.10.5.Final/netty-3.10.5.Final.jar:/root/.m2/repository/io/netty/netty-all/4.0.52.Final/netty-all-4.0.52.Final.jar:/root/.m2/repository/org/fusesource/leveldbjni/leveldbjni-all/1.8/leveldbjni-all-1.8.jar:"/>
    <property name="java.vm.vendor" value="IcedTea"/>
    <property name="sun.arch.data.model" value="64"/>
    <property name="test.build.dir" value="/opt/src/hadoop-ozone/integration-test/target/test-dir"/>
    <property name="test.cache.data" value=""/>
    <property name="java.vendor.url" value="https://icedtea.classpath.org"/>
    <property name="user.timezone" value=""/>
    <property name="java.vm.specification.version" value="1.8"/>
    <property name="os.name" value="Linux"/>
    <property name="test.build.data" value="/opt/src/hadoop-ozone/integration-test/target/test-dir"/>
    <property name="user.country" value="US"/>
    <property name="sun.java.launcher" value="SUN_STANDARD"/>
    <property name="sun.boot.library.path" value="/usr/lib/jvm/java-1.8-openjdk/jre/lib/amd64"/>
    <property name="sun.java.command" value="/opt/src/hadoop-ozone/integration-test/target/surefire/surefirebooter8679440225704747371.jar /opt/src/hadoop-ozone/integration-test/target/surefire 2019-06-13T16-52-02_432-jvmRun1 surefire9153885177964347198tmp surefire_212138944021367109268tmp"/>
    <property name="surefire.test.class.path" value="/opt/src/hadoop-ozone/integration-test/target/test-classes:/opt/src/hadoop-ozone/integration-test/target/classes:/root/.m2/repository/org/apache/hadoop/hadoop-ozone-common/0.5.0-SNAPSHOT/hadoop-ozone-common-0.5.0-SNAPSHOT.jar:/root/.m2/repository/org/apache/commons/commons-compress/1.4.1/commons-compress-1.4.1.jar:/root/.m2/repository/org/tukaani/xz/1.0/xz-1.0.jar:/root/.m2/repository/org/apache/hadoop/hadoop-common/3.2.0/hadoop-common-3.2.0.jar:/root/.m2/repository/org/apache/hadoop/hadoop-hdfs/3.2.0/hadoop-hdfs-3.2.0.jar:/root/.m2/repository/org/apache/hadoop/hadoop-hdfs-client/3.2.0/hadoop-hdfs-client-3.2.0.jar:/root/.m2/repository/com/fasterxml/jackson/core/jackson-annotations/2.9.5/jackson-annotations-2.9.5.jar:/root/.m2/repository/org/apache/hadoop/hadoop-hdds-common/0.5.0-SNAPSHOT/hadoop-hdds-common-0.5.0-SNAPSHOT.jar:/root/.m2/repository/javax/annotation/javax.annotation-api/1.2/javax.annotation-api-1.2.jar:/root/.m2/repository/org/apache/ratis/ratis-server/0.4.0-fe2b15d-SNAPSHOT/ratis-server-0.4.0-fe2b15d-SNAPSHOT.jar:/root/.m2/repository/org/apache/ratis/ratis-thirdparty-misc/0.2.0/ratis-thirdparty-misc-0.2.0.jar:/root/.m2/repository/org/apache/ratis/ratis-proto/0.4.0-fe2b15d-SNAPSHOT/ratis-proto-0.4.0-fe2b15d-SNAPSHOT.jar:/root/.m2/repository/org/apache/ratis/ratis-common/0.4.0-fe2b15d-SNAPSHOT/ratis-common-0.4.0-fe2b15d-SNAPSHOT.jar:/root/.m2/repository/org/apache/ratis/ratis-client/0.4.0-fe2b15d-SNAPSHOT/ratis-client-0.4.0-fe2b15d-SNAPSHOT.jar:/root/.m2/repository/org/apache/ratis/ratis-netty/0.4.0-fe2b15d-SNAPSHOT/ratis-netty-0.4.0-fe2b15d-SNAPSHOT.jar:/root/.m2/repository/org/apache/ratis/ratis-grpc/0.4.0-fe2b15d-SNAPSHOT/ratis-grpc-0.4.0-fe2b15d-SNAPSHOT.jar:/root/.m2/repository/org/rocksdb/rocksdbjni/5.14.2/rocksdbjni-5.14.2.jar:/root/.m2/repository/org/apache/logging/log4j/log4j-api/2.11.0/log4j-api-2.11.0.jar:/root/.m2/repository/org/apache/logging/log4j/log4j-core/2.11.0/log4j-core-2.11.0.jar:/root/.m2/repository/com/lmax/disruptor/3.4.2/disruptor-3.4.2.jar:/root/.m2/repository/org/apache/commons/commons-pool2/2.6.0/commons-pool2-2.6.0.jar:/root/.m2/repository/org/bouncycastle/bcpkix-jdk15on/1.60/bcpkix-jdk15on-1.60.jar:/root/.m2/repository/commons-validator/commons-validator/1.6/commons-validator-1.6.jar:/root/.m2/repository/commons-digester/commons-digester/1.8.1/commons-digester-1.8.1.jar:/root/.m2/repository/io/jaegertracing/jaeger-client/0.33.1/jaeger-client-0.33.1.jar:/root/.m2/repository/io/jaegertracing/jaeger-thrift/0.33.1/jaeger-thrift-0.33.1.jar:/root/.m2/repository/org/apache/thrift/libthrift/0.11.0/libthrift-0.11.0.jar:/root/.m2/repository/com/squareup/okhttp3/okhttp/3.9.0/okhttp-3.9.0.jar:/root/.m2/repository/com/squareup/okio/okio/1.13.0/okio-1.13.0.jar:/root/.m2/repository/io/jaegertracing/jaeger-core/0.33.1/jaeger-core-0.33.1.jar:/root/.m2/repository/io/jaegertracing/jaeger-tracerresolver/0.33.1/jaeger-tracerresolver-0.33.1.jar:/root/.m2/repository/io/opentracing/contrib/opentracing-tracerresolver/0.1.5/opentracing-tracerresolver-0.1.5.jar:/root/.m2/repository/io/opentracing/opentracing-util/0.31.0/opentracing-util-0.31.0.jar:/root/.m2/repository/io/opentracing/opentracing-api/0.31.0/opentracing-api-0.31.0.jar:/root/.m2/repository/io/opentracing/opentracing-noop/0.31.0/opentracing-noop-0.31.0.jar:/root/.m2/repository/org/apache/hadoop/hadoop-hdds-server-framework/0.5.0-SNAPSHOT/hadoop-hdds-server-framework-0.5.0-SNAPSHOT.jar:/root/.m2/repository/org/apache/hadoop/hadoop-hdds-server-scm/0.5.0-SNAPSHOT/hadoop-hdds-server-scm-0.5.0-SNAPSHOT.jar:/root/.m2/repository/org/apache/hadoop/hadoop-hdds-container-service/0.5.0-SNAPSHOT/hadoop-hdds-container-service-0.5.0-SNAPSHOT.jar:/root/.m2/repository/org/apache/hadoop/hadoop-hdds-client/0.5.0-SNAPSHOT/hadoop-hdds-client-0.5.0-SNAPSHOT.jar:/root/.m2/repository/org/apache/hadoop/hadoop-hdds-tools/0.5.0-SNAPSHOT/hadoop-hdds-tools-0.5.0-SNAPSHOT.jar:/root/.m2/repository/org/apache/hadoop/hadoop-ozone-ozone-manager/0.5.0-SNAPSHOT/hadoop-ozone-ozone-manager-0.5.0-SNAPSHOT.jar:/root/.m2/repository/org/apache/hadoop/hadoop-hdds-docs/0.5.0-SNAPSHOT/hadoop-hdds-docs-0.5.0-SNAPSHOT.jar:/root/.m2/repository/org/bouncycastle/bcprov-jdk15on/1.60/bcprov-jdk15on-1.60.jar:/root/.m2/repository/org/apache/hadoop/hadoop-minikdc/3.2.0/hadoop-minikdc-3.2.0.jar:/root/.m2/repository/commons-io/commons-io/2.5/commons-io-2.5.jar:/root/.m2/repository/org/apache/kerby/kerb-simplekdc/1.0.1/kerb-simplekdc-1.0.1.jar:/root/.m2/repository/org/apache/kerby/kerb-client/1.0.1/kerb-client-1.0.1.jar:/root/.m2/repository/org/apache/kerby/kerby-config/1.0.1/kerby-config-1.0.1.jar:/root/.m2/repository/org/apache/kerby/kerb-core/1.0.1/kerb-core-1.0.1.jar:/root/.m2/repository/org/apache/kerby/kerby-pkix/1.0.1/kerby-pkix-1.0.1.jar:/root/.m2/repository/org/apache/kerby/kerby-asn1/1.0.1/kerby-asn1-1.0.1.jar:/root/.m2/repository/org/apache/kerby/kerby-util/1.0.1/kerby-util-1.0.1.jar:/root/.m2/repository/org/apache/kerby/kerb-common/1.0.1/kerb-common-1.0.1.jar:/root/.m2/repository/org/apache/kerby/kerb-crypto/1.0.1/kerb-crypto-1.0.1.jar:/root/.m2/repository/org/apache/kerby/kerb-util/1.0.1/kerb-util-1.0.1.jar:/root/.m2/repository/org/apache/kerby/token-provider/1.0.1/token-provider-1.0.1.jar:/root/.m2/repository/org/apache/kerby/kerb-admin/1.0.1/kerb-admin-1.0.1.jar:/root/.m2/repository/org/apache/kerby/kerb-server/1.0.1/kerb-server-1.0.1.jar:/root/.m2/repository/org/apache/kerby/kerb-identity/1.0.1/kerb-identity-1.0.1.jar:/root/.m2/repository/org/apache/kerby/kerby-xdr/1.0.1/kerby-xdr-1.0.1.jar:/root/.m2/repository/org/slf4j/slf4j-log4j12/1.7.25/slf4j-log4j12-1.7.25.jar:/root/.m2/repository/org/apache/hadoop/hadoop-ozone-objectstore-service/0.5.0-SNAPSHOT/hadoop-ozone-objectstore-service-0.5.0-SNAPSHOT.jar:/root/.m2/repository/org/apache/hadoop/hadoop-ozone-s3gateway/0.5.0-SNAPSHOT/hadoop-ozone-s3gateway-0.5.0-SNAPSHOT.jar:/root/.m2/repository/org/jboss/weld/servlet/weld-servlet/2.4.7.Final/weld-servlet-2.4.7.Final.jar:/root/.m2/repository/org/glassfish/jersey/containers/jersey-container-servlet-core/2.27/jersey-container-servlet-core-2.27.jar:/root/.m2/repository/org/glassfish/hk2/external/javax.inject/2.5.0-b42/javax.inject-2.5.0-b42.jar:/root/.m2/repository/org/glassfish/jersey/core/jersey-common/2.27/jersey-common-2.27.jar:/root/.m2/repository/org/glassfish/hk2/osgi-resource-locator/1.0.1/osgi-resource-locator-1.0.1.jar:/root/.m2/repository/javax/ws/rs/javax.ws.rs-api/2.1/javax.ws.rs-api-2.1.jar:/root/.m2/repository/org/glassfish/jersey/ext/cdi/jersey-cdi1x/2.27/jersey-cdi1x-2.27.jar:/root/.m2/repository/org/glassfish/jersey/inject/jersey-hk2/2.27/jersey-hk2-2.27.jar:/root/.m2/repository/org/glassfish/hk2/hk2-locator/2.5.0-b42/hk2-locator-2.5.0-b42.jar:/root/.m2/repository/org/javassist/javassist/3.22.0-CR2/javassist-3.22.0-CR2.jar:/root/.m2/repository/org/glassfish/hk2/hk2-api/2.5.0/hk2-api-2.5.0.jar:/root/.m2/repository/org/glassfish/hk2/external/jakarta.inject/2.5.0/jakarta.inject-2.5.0.jar:/root/.m2/repository/org/glassfish/hk2/hk2-utils/2.5.0/hk2-utils-2.5.0.jar:/root/.m2/repository/jakarta/annotation/jakarta.annotation-api/1.3.4/jakarta.annotation-api-1.3.4.jar:/root/.m2/repository/org/glassfish/hk2/external/aopalliance-repackaged/2.5.0/aopalliance-repackaged-2.5.0.jar:/root/.m2/repository/com/fasterxml/jackson/dataformat/jackson-dataformat-xml/2.9.0/jackson-dataformat-xml-2.9.0.jar:/root/.m2/repository/com/fasterxml/jackson/core/jackson-core/2.9.5/jackson-core-2.9.5.jar:/root/.m2/repository/com/fasterxml/jackson/module/jackson-module-jaxb-annotations/2.9.5/jackson-module-jaxb-annotations-2.9.5.jar:/root/.m2/repository/javax/enterprise/cdi-api/1.2/cdi-api-1.2.jar:/root/.m2/repository/javax/el/javax.el-api/3.0.0/javax.el-api-3.0.0.jar:/root/.m2/repository/javax/interceptor/javax.interceptor-api/1.2/javax.interceptor-api-1.2.jar:/root/.m2/repository/javax/inject/javax.inject/1/javax.inject-1.jar:/root/.m2/repository/com/sun/xml/bind/jaxb-impl/2.3.0.1/jaxb-impl-2.3.0.1.jar:/root/.m2/repository/com/sun/xml/bind/jaxb-core/2.3.0.1/jaxb-core-2.3.0.1.jar:/root/.m2/repository/javax/xml/bind/jaxb-api/2.3.0/jaxb-api-2.3.0.jar:/root/.m2/repository/javax/activation/activation/1.1.1/activation-1.1.1.jar:/root/.m2/repository/org/apache/hadoop/hadoop-ozone-csi/0.5.0-SNAPSHOT/hadoop-ozone-csi-0.5.0-SNAPSHOT.jar:/root/.m2/repository/com/google/protobuf/protobuf-java-util/3.5.1/protobuf-java-util-3.5.1.jar:/root/.m2/repository/org/apache/hadoop/hadoop-hdds-config/0.5.0-SNAPSHOT/hadoop-hdds-config-0.5.0-SNAPSHOT.jar:/root/.m2/repository/com/google/guava/guava/11.0.2/guava-11.0.2.jar:/root/.m2/repository/com/google/protobuf/protobuf-java/2.5.0/protobuf-java-2.5.0.jar:/root/.m2/repository/io/grpc/grpc-netty/1.17.1/grpc-netty-1.17.1.jar:/root/.m2/repository/io/grpc/grpc-core/1.17.1/grpc-core-1.17.1.jar:/root/.m2/repository/io/grpc/grpc-context/1.17.1/grpc-context-1.17.1.jar:/root/.m2/repository/com/google/errorprone/error_prone_annotations/2.2.0/error_prone_annotations-2.2.0.jar:/root/.m2/repository/org/codehaus/mojo/animal-sniffer-annotations/1.17/animal-sniffer-annotations-1.17.jar:/root/.m2/repository/io/opencensus/opencensus-api/0.17.0/opencensus-api-0.17.0.jar:/root/.m2/repository/io/opencensus/opencensus-contrib-grpc-metrics/0.17.0/opencensus-contrib-grpc-metrics-0.17.0.jar:/root/.m2/repository/io/netty/netty-codec-http2/4.1.30.Final/netty-codec-http2-4.1.30.Final.jar:/root/.m2/repository/io/netty/netty-codec-http/4.1.30.Final/netty-codec-http-4.1.30.Final.jar:/root/.m2/repository/io/netty/netty-codec/4.1.30.Final/netty-codec-4.1.30.Final.jar:/root/.m2/repository/io/netty/netty-handler/4.1.30.Final/netty-handler-4.1.30.Final.jar:/root/.m2/repository/io/netty/netty-handler-proxy/4.1.30.Final/netty-handler-proxy-4.1.30.Final.jar:/root/.m2/repository/io/netty/netty-codec-socks/4.1.30.Final/netty-codec-socks-4.1.30.Final.jar:/root/.m2/repository/io/netty/netty-transport-native-epoll/4.1.30.Final/netty-transport-native-epoll-4.1.30.Final.jar:/root/.m2/repository/io/netty/netty-common/4.1.30.Final/netty-common-4.1.30.Final.jar:/root/.m2/repository/io/netty/netty-buffer/4.1.30.Final/netty-buffer-4.1.30.Final.jar:/root/.m2/repository/io/netty/netty-transport/4.1.30.Final/netty-transport-4.1.30.Final.jar:/root/.m2/repository/io/netty/netty-resolver/4.1.30.Final/netty-resolver-4.1.30.Final.jar:/root/.m2/repository/io/netty/netty-transport-native-unix-common/4.1.30.Final/netty-transport-native-unix-common-4.1.30.Final.jar:/root/.m2/repository/io/grpc/grpc-protobuf/1.17.1/grpc-protobuf-1.17.1.jar:/root/.m2/repository/com/google/api/grpc/proto-google-common-protos/1.0.0/proto-google-common-protos-1.0.0.jar:/root/.m2/repository/io/grpc/grpc-protobuf-lite/1.17.1/grpc-protobuf-lite-1.17.1.jar:/root/.m2/repository/io/grpc/grpc-stub/1.17.1/grpc-stub-1.17.1.jar:/root/.m2/repository/org/apache/hadoop/hadoop-ozone-recon/0.5.0-SNAPSHOT/hadoop-ozone-recon-0.5.0-SNAPSHOT.jar:/root/.m2/repository/org/apache/hadoop/hadoop-ozone-reconcodegen/0.5.0-SNAPSHOT/hadoop-ozone-reconcodegen-0.5.0-SNAPSHOT.jar:/root/.m2/repository/com/google/inject/extensions/guice-multibindings/4.0/guice-multibindings-4.0.jar:/root/.m2/repository/com/google/inject/guice/4.0/guice-4.0.jar:/root/.m2/repository/aopalliance/aopalliance/1.0/aopalliance-1.0.jar:/root/.m2/repository/com/google/inject/extensions/guice-servlet/4.0/guice-servlet-4.0.jar:/root/.m2/repository/org/glassfish/jersey/containers/jersey-container-servlet/2.27/jersey-container-servlet-2.27.jar:/root/.m2/repository/org/glassfish/hk2/guice-bridge/2.5.0/guice-bridge-2.5.0.jar:/root/.m2/repository/org/glassfish/jersey/core/jersey-server/2.27/jersey-server-2.27.jar:/root/.m2/repository/org/glassfish/jersey/core/jersey-client/2.27/jersey-client-2.27.jar:/root/.m2/repository/org/glassfish/jersey/media/jersey-media-jaxb/2.27/jersey-media-jaxb-2.27.jar:/root/.m2/repository/javax/validation/validation-api/1.1.0.Final/validation-api-1.1.0.Final.jar:/root/.m2/repository/org/glassfish/jersey/media/jersey-media-json-jackson/2.27/jersey-media-json-jackson-2.27.jar:/root/.m2/repository/org/glassfish/jersey/ext/jersey-entity-filtering/2.27/jersey-entity-filtering-2.27.jar:/root/.m2/repository/com/google/inject/extensions/guice-assistedinject/4.0/guice-assistedinject-4.0.jar:/root/.m2/repository/org/jooq/jooq/3.11.10/jooq-3.11.10.jar:/root/.m2/repository/org/jooq/jooq-meta/3.11.10/jooq-meta-3.11.10.jar:/root/.m2/repository/org/jooq/jooq-codegen/3.11.10/jooq-codegen-3.11.10.jar:/root/.m2/repository/com/jolbox/bonecp/0.8.0.RELEASE/bonecp-0.8.0.RELEASE.jar:/root/.m2/repository/org/xerial/sqlite-jdbc/3.25.2/sqlite-jdbc-3.25.2.jar:/root/.m2/repository/org/springframework/spring-jdbc/5.1.3.RELEASE/spring-jdbc-5.1.3.RELEASE.jar:/root/.m2/repository/org/springframework/spring-beans/5.1.3.RELEASE/spring-beans-5.1.3.RELEASE.jar:/root/.m2/repository/org/springframework/spring-core/5.1.3.RELEASE/spring-core-5.1.3.RELEASE.jar:/root/.m2/repository/org/springframework/spring-jcl/5.1.3.RELEASE/spring-jcl-5.1.3.RELEASE.jar:/root/.m2/repository/org/springframework/spring-tx/5.1.3.RELEASE/spring-tx-5.1.3.RELEASE.jar:/root/.m2/repository/org/apache/hadoop/hadoop-ozone-client/0.5.0-SNAPSHOT/hadoop-ozone-client-0.5.0-SNAPSHOT.jar:/root/.m2/repository/org/apache/hadoop/hadoop-ozone-ozone-manager/0.5.0-SNAPSHOT/hadoop-ozone-ozone-manager-0.5.0-SNAPSHOT-tests.jar:/root/.m2/repository/junit/junit/4.11/junit-4.11.jar:/root/.m2/repository/org/hamcrest/hamcrest-core/1.3/hamcrest-core-1.3.jar:/root/.m2/repository/org/openjdk/jmh/jmh-core/1.19/jmh-core-1.19.jar:/root/.m2/repository/net/sf/jopt-simple/jopt-simple/4.6/jopt-simple-4.6.jar:/root/.m2/repository/org/apache/commons/commons-math3/3.1.1/commons-math3-3.1.1.jar:/root/.m2/repository/org/openjdk/jmh/jmh-generator-annprocess/1.19/jmh-generator-annprocess-1.19.jar:/root/.m2/repository/org/mockito/mockito-all/1.8.5/mockito-all-1.8.5.jar:/root/.m2/repository/org/apache/hadoop/hadoop-kms/3.2.0/hadoop-kms-3.2.0.jar:/root/.m2/repository/org/apache/hadoop/hadoop-auth/3.2.0/hadoop-auth-3.2.0.jar:/root/.m2/repository/com/nimbusds/nimbus-jose-jwt/4.41.1/nimbus-jose-jwt-4.41.1.jar:/root/.m2/repository/com/github/stephenc/jcip/jcip-annotations/1.0-1/jcip-annotations-1.0-1.jar:/root/.m2/repository/net/minidev/json-smart/2.3/json-smart-2.3.jar:/root/.m2/repository/net/minidev/accessors-smart/1.2/accessors-smart-1.2.jar:/root/.m2/repository/org/ow2/asm/asm/5.0.4/asm-5.0.4.jar:/root/.m2/repository/org/apache/curator/curator-framework/2.12.0/curator-framework-2.12.0.jar:/root/.m2/repository/com/sun/jersey/jersey-core/1.19/jersey-core-1.19.jar:/root/.m2/repository/javax/ws/rs/jsr311-api/1.1.1/jsr311-api-1.1.1.jar:/root/.m2/repository/com/sun/jersey/jersey-server/1.19/jersey-server-1.19.jar:/root/.m2/repository/javax/servlet/javax.servlet-api/3.1.0/javax.servlet-api-3.1.0.jar:/root/.m2/repository/org/eclipse/jetty/jetty-server/9.3.24.v20180605/jetty-server-9.3.24.v20180605.jar:/root/.m2/repository/org/eclipse/jetty/jetty-http/9.3.24.v20180605/jetty-http-9.3.24.v20180605.jar:/root/.m2/repository/org/eclipse/jetty/jetty-io/9.3.24.v20180605/jetty-io-9.3.24.v20180605.jar:/root/.m2/repository/org/eclipse/jetty/jetty-webapp/9.3.24.v20180605/jetty-webapp-9.3.24.v20180605.jar:/root/.m2/repository/org/eclipse/jetty/jetty-xml/9.3.24.v20180605/jetty-xml-9.3.24.v20180605.jar:/root/.m2/repository/log4j/log4j/1.2.17/log4j-1.2.17.jar:/root/.m2/repository/org/slf4j/slf4j-api/1.7.25/slf4j-api-1.7.25.jar:/root/.m2/repository/org/slf4j/jul-to-slf4j/1.7.25/jul-to-slf4j-1.7.25.jar:/root/.m2/repository/org/eclipse/jetty/jetty-util/9.3.24.v20180605/jetty-util-9.3.24.v20180605.jar:/root/.m2/repository/io/dropwizard/metrics/metrics-core/3.2.4/metrics-core-3.2.4.jar:/root/.m2/repository/com/fasterxml/jackson/core/jackson-databind/2.9.5/jackson-databind-2.9.5.jar:/root/.m2/repository/org/apache/hadoop/hadoop-kms/3.2.0/hadoop-kms-3.2.0-tests.jar:/root/.m2/repository/org/apache/hadoop/hadoop-hdds-server-scm/0.5.0-SNAPSHOT/hadoop-hdds-server-scm-0.5.0-SNAPSHOT-tests.jar:/root/.m2/repository/org/hamcrest/hamcrest-all/1.3/hamcrest-all-1.3.jar:/root/.m2/repository/info/picocli/picocli/3.9.6/picocli-3.9.6.jar:/root/.m2/repository/org/apache/hadoop/hadoop-hdds-container-service/0.5.0-SNAPSHOT/hadoop-hdds-container-service-0.5.0-SNAPSHOT-tests.jar:/root/.m2/repository/org/yaml/snakeyaml/1.16/snakeyaml-1.16.jar:/root/.m2/repository/org/apache/hadoop/hadoop-common/3.2.0/hadoop-common-3.2.0-tests.jar:/root/.m2/repository/org/apache/hadoop/hadoop-annotations/3.2.0/hadoop-annotations-3.2.0.jar:/usr/lib/jvm/java-1.8-openjdk/jre/../lib/tools.jar:/root/.m2/repository/commons-cli/commons-cli/1.2/commons-cli-1.2.jar:/root/.m2/repository/org/apache/httpcomponents/httpclient/4.5.2/httpclient-4.5.2.jar:/root/.m2/repository/org/apache/httpcomponents/httpcore/4.4.4/httpcore-4.4.4.jar:/root/.m2/repository/commons-codec/commons-codec/1.11/commons-codec-1.11.jar:/root/.m2/repository/commons-net/commons-net/3.6/commons-net-3.6.jar:/root/.m2/repository/commons-collections/commons-collections/3.2.2/commons-collections-3.2.2.jar:/root/.m2/repository/org/eclipse/jetty/jetty-servlet/9.3.24.v20180605/jetty-servlet-9.3.24.v20180605.jar:/root/.m2/repository/org/eclipse/jetty/jetty-security/9.3.24.v20180605/jetty-security-9.3.24.v20180605.jar:/root/.m2/repository/javax/servlet/jsp/jsp-api/2.1/jsp-api-2.1.jar:/root/.m2/repository/com/sun/jersey/jersey-servlet/1.19/jersey-servlet-1.19.jar:/root/.m2/repository/com/sun/jersey/jersey-json/1.19/jersey-json-1.19.jar:/root/.m2/repository/org/codehaus/jettison/jettison/1.1/jettison-1.1.jar:/root/.m2/repository/org/codehaus/jackson/jackson-core-asl/1.9.13/jackson-core-asl-1.9.13.jar:/root/.m2/repository/org/codehaus/jackson/jackson-mapper-asl/1.9.13/jackson-mapper-asl-1.9.13.jar:/root/.m2/repository/org/codehaus/jackson/jackson-jaxrs/1.9.13/jackson-jaxrs-1.9.13.jar:/root/.m2/repository/org/codehaus/jackson/jackson-xc/1.9.13/jackson-xc-1.9.13.jar:/root/.m2/repository/commons-logging/commons-logging/1.1.3/commons-logging-1.1.3.jar:/root/.m2/repository/commons-beanutils/commons-beanutils/1.9.3/commons-beanutils-1.9.3.jar:/root/.m2/repository/org/apache/commons/commons-configuration2/2.1.1/commons-configuration2-2.1.1.jar:/root/.m2/repository/org/apache/commons/commons-lang3/3.7/commons-lang3-3.7.jar:/root/.m2/repository/org/apache/commons/commons-text/1.4/commons-text-1.4.jar:/root/.m2/repository/org/apache/avro/avro/1.7.7/avro-1.7.7.jar:/root/.m2/repository/com/thoughtworks/paranamer/paranamer/2.3/paranamer-2.3.jar:/root/.m2/repository/org/xerial/snappy/snappy-java/1.0.5/snappy-java-1.0.5.jar:/root/.m2/repository/com/google/re2j/re2j/1.1/re2j-1.1.jar:/root/.m2/repository/com/google/code/gson/gson/2.2.4/gson-2.2.4.jar:/root/.m2/repository/com/jcraft/jsch/0.1.54/jsch-0.1.54.jar:/root/.m2/repository/org/apache/curator/curator-client/2.12.0/curator-client-2.12.0.jar:/root/.m2/repository/org/apache/curator/curator-recipes/2.12.0/curator-recipes-2.12.0.jar:/root/.m2/repository/com/google/code/findbugs/jsr305/3.0.0/jsr305-3.0.0.jar:/root/.m2/repository/org/apache/htrace/htrace-core4/4.1.0-incubating/htrace-core4-4.1.0-incubating.jar:/root/.m2/repository/org/apache/zookeeper/zookeeper/3.4.13/zookeeper-3.4.13.jar:/root/.m2/repository/org/apache/yetus/audience-annotations/0.5.0/audience-annotations-0.5.0.jar:/root/.m2/repository/org/codehaus/woodstox/stax2-api/3.1.4/stax2-api-3.1.4.jar:/root/.m2/repository/com/fasterxml/woodstox/woodstox-core/5.0.3/woodstox-core-5.0.3.jar:/root/.m2/repository/dnsjava/dnsjava/2.1.7/dnsjava-2.1.7.jar:/root/.m2/repository/org/apache/hadoop/hadoop-hdfs/3.2.0/hadoop-hdfs-3.2.0-tests.jar:/root/.m2/repository/org/eclipse/jetty/jetty-util-ajax/9.3.24.v20180605/jetty-util-ajax-9.3.24.v20180605.jar:/root/.m2/repository/commons-daemon/commons-daemon/1.0.13/commons-daemon-1.0.13.jar:/root/.m2/repository/io/netty/netty/3.10.5.Final/netty-3.10.5.Final.jar:/root/.m2/repository/io/netty/netty-all/4.0.52.Final/netty-all-4.0.52.Final.jar:/root/.m2/repository/org/fusesource/leveldbjni/leveldbjni-all/1.8/leveldbjni-all-1.8.jar:"/>
    <property name="sun.cpu.endian" value="little"/>
    <property name="user.home" value="/root"/>
    <property name="user.language" value="en"/>
    <property name="java.specification.vendor" value="Oracle Corporation"/>
    <property name="java.home" value="/usr/lib/jvm/java-1.8-openjdk/jre"/>
    <property name="java.security.krb5.conf" value="/opt/src/hadoop-ozone/integration-test/target/test-classes/krb5.conf"/>
    <property name="basedir" value="/opt/src/hadoop-ozone/integration-test"/>
    <property name="file.separator" value="/"/>
    <property name="line.separator" value="&#10;"/>
    <property name="java.vm.specification.vendor" value="Oracle Corporation"/>
    <property name="java.specification.name" value="Java Platform API Specification"/>
    <property name="java.awt.graphicsenv" value="sun.awt.X11GraphicsEnvironment"/>
    <property name="surefire.real.class.path" value="/opt/src/hadoop-ozone/integration-test/target/surefire/surefirebooter8679440225704747371.jar"/>
    <property name="hadoop.log.dir" value="/opt/src/hadoop-ozone/integration-test/target/log"/>
    <property name="sun.boot.class.path" value="/usr/lib/jvm/java-1.8-openjdk/jre/lib/resources.jar:/usr/lib/jvm/java-1.8-openjdk/jre/lib/rt.jar:/usr/lib/jvm/java-1.8-openjdk/jre/lib/sunrsasign.jar:/usr/lib/jvm/java-1.8-openjdk/jre/lib/jsse.jar:/usr/lib/jvm/java-1.8-openjdk/jre/lib/jce.jar:/usr/lib/jvm/java-1.8-openjdk/jre/lib/charsets.jar:/usr/lib/jvm/java-1.8-openjdk/jre/lib/jfr.jar:/usr/lib/jvm/java-1.8-openjdk/jre/classes"/>
    <property name="sun.management.compiler" value="HotSpot 64-Bit Tiered Compilers"/>
    <property name="java.runtime.version" value="1.8.0_212-b04"/>
    <property name="java.net.preferIPv4Stack" value="true"/>
    <property name="user.name" value="root"/>
    <property name="path.separator" value=":"/>
    <property name="java.security.egd" value="file:///dev/urandom"/>
    <property name="os.version" value="4.15.0-1021-aws"/>
    <property name="java.endorsed.dirs" value="/usr/lib/jvm/java-1.8-openjdk/jre/lib/endorsed"/>
    <property name="java.runtime.name" value="OpenJDK Runtime Environment"/>
    <property name="file.encoding" value="UTF-8"/>
    <property name="java.vm.name" value="OpenJDK 64-Bit Server VM"/>
    <property name="test.build.webapps" value=""/>
    <property name="localRepository" value="/root/.m2/repository"/>
    <property name="java.vendor.url.bug" value="https://icedtea.classpath.org/bugzilla"/>
    <property name="java.io.tmpdir" value="/tmp"/>
    <property name="require.test.libhadoop" value=""/>
    <property name="java.version" value="1.8.0_212"/>
    <property name="user.dir" value="/opt/src/hadoop-ozone/integration-test"/>
    <property name="os.arch" value="amd64"/>
    <property name="java.vm.specification.name" value="Java Virtual Machine Specification"/>
    <property name="test.build.classes" value="/opt/src/hadoop-ozone/integration-test/target/test-classes"/>
    <property name="java.awt.printerjob" value="sun.print.PSPrinterJob"/>
    <property name="sun.os.patch.level" value="unknown"/>
    <property name="hadoop.tmp.dir" value="/opt/src/hadoop-ozone/integration-test/target/tmp"/>
    <property name="java.library.path" value="/usr/lib/jvm/java-1.8-openjdk/jre/lib/amd64/server:/usr/lib/jvm/java-1.8-openjdk/jre/lib/amd64:/usr/lib/jvm/java-1.8-openjdk/jre/../lib/amd64:/opt/src/hadoop-ozone/integration-test/target/native/target/usr/local/lib:/opt/src/hadoop-ozone/integration-test/../../hadoop-common-project/hadoop-common/target/native/target/usr/local/lib:/usr/java/packages/lib/amd64:/usr/lib64:/lib64:/lib:/usr/lib"/>
    <property name="java.vm.info" value="mixed mode"/>
    <property name="java.vendor" value="IcedTea"/>
    <property name="java.vm.version" value="25.212-b04"/>
    <property name="java.ext.dirs" value="/usr/lib/jvm/java-1.8-openjdk/jre/lib/ext:/usr/java/packages/lib/ext"/>
    <property name="sun.io.unicode.encoding" value="UnicodeLittle"/>
    <property name="java.class.version" value="52.0"/>
  </properties>
  <testcase name="testWatchForCommitWithKeyWrite" classname="org.apache.hadoop.ozone.client.rpc.TestWatchForCommit" time="20.647"/>
  <testcase name="testWatchForCommitWithSmallerTimeoutValue" classname="org.apache.hadoop.ozone.client.rpc.TestWatchForCommit" time="15.019"/>
  <testcase name="testWatchForCommitForRetryfailure" classname="org.apache.hadoop.ozone.client.rpc.TestWatchForCommit" time="34.989">
    <failure message="expected exception not thrown" type="java.lang.AssertionError">java.lang.AssertionError: expected exception not thrown
	at org.junit.Assert.fail(Assert.java:88)
	at org.apache.hadoop.ozone.client.rpc.TestWatchForCommit.testWatchForCommitForRetryfailure(TestWatchForCommit.java:348)
	at sun.reflect.NativeMethodAccessorImpl.invoke0(Native Method)
	at sun.reflect.NativeMethodAccessorImpl.invoke(NativeMethodAccessorImpl.java:62)
	at sun.reflect.DelegatingMethodAccessorImpl.invoke(DelegatingMethodAccessorImpl.java:43)
	at java.lang.reflect.Method.invoke(Method.java:498)
	at org.junit.runners.model.FrameworkMethod$1.runReflectiveCall(FrameworkMethod.java:47)
	at org.junit.internal.runners.model.ReflectiveCallable.run(ReflectiveCallable.java:12)
	at org.junit.runners.model.FrameworkMethod.invokeExplosively(FrameworkMethod.java:44)
	at org.junit.internal.runners.statements.InvokeMethod.evaluate(InvokeMethod.java:17)
	at org.junit.runners.ParentRunner.runLeaf(ParentRunner.java:271)
	at org.junit.runners.BlockJUnit4ClassRunner.runChild(BlockJUnit4ClassRunner.java:70)
	at org.junit.runners.BlockJUnit4ClassRunner.runChild(BlockJUnit4ClassRunner.java:50)
	at org.junit.runners.ParentRunner$3.run(ParentRunner.java:238)
	at org.junit.runners.ParentRunner$1.schedule(ParentRunner.java:63)
	at org.junit.runners.ParentRunner.runChildren(ParentRunner.java:236)
	at org.junit.runners.ParentRunner.access$000(ParentRunner.java:53)
	at org.junit.runners.ParentRunner$2.evaluate(ParentRunner.java:229)
	at org.junit.runners.ParentRunner.run(ParentRunner.java:309)
	at org.apache.maven.surefire.junit4.JUnit4Provider.execute(JUnit4Provider.java:365)
	at org.apache.maven.surefire.junit4.JUnit4Provider.executeWithRerun(JUnit4Provider.java:273)
	at org.apache.maven.surefire.junit4.JUnit4Provider.executeTestSet(JUnit4Provider.java:238)
	at org.apache.maven.surefire.junit4.JUnit4Provider.invoke(JUnit4Provider.java:159)
	at org.apache.maven.surefire.booter.ForkedBooter.invokeProviderInSameClassLoader(ForkedBooter.java:384)
	at org.apache.maven.surefire.booter.ForkedBooter.runSuitesInProcess(ForkedBooter.java:345)
	at org.apache.maven.surefire.booter.ForkedBooter.execute(ForkedBooter.java:126)
	at org.apache.maven.surefire.booter.ForkedBooter.main(ForkedBooter.java:418)
</failure>
    <system-out><![CDATA[2019-06-13 17:16:50,129 WARN  server.ServerUtils (ServerUtils.java:getScmDbDir(145)) - ozone.scm.db.dirs is not configured. We recommend adding this setting. Falling back to ozone.metadata.dirs instead.
2019-06-13 17:16:50,134 WARN  server.ServerUtils (ServerUtils.java:getScmDbDir(145)) - ozone.scm.db.dirs is not configured. We recommend adding this setting. Falling back to ozone.metadata.dirs instead.
2019-06-13 17:16:50,134 WARN  server.ServerUtils (ServerUtils.java:getScmDbDir(145)) - ozone.scm.db.dirs is not configured. We recommend adding this setting. Falling back to ozone.metadata.dirs instead.
2019-06-13 17:16:50,135 INFO  db.DBStoreBuilder (DBStoreBuilder.java:addTable(110)) - using custom profile for table: deletedBlocks
2019-06-13 17:16:50,135 INFO  db.DBStoreBuilder (DBStoreBuilder.java:processTables(161)) - Using default column profile:DBProfile.DISK for Table:deletedBlocks
2019-06-13 17:16:50,135 INFO  db.DBStoreBuilder (DBStoreBuilder.java:addTable(110)) - using custom profile for table: validCerts
2019-06-13 17:16:50,135 INFO  db.DBStoreBuilder (DBStoreBuilder.java:processTables(161)) - Using default column profile:DBProfile.DISK for Table:validCerts
2019-06-13 17:16:50,135 INFO  db.DBStoreBuilder (DBStoreBuilder.java:addTable(110)) - using custom profile for table: revokedCerts
2019-06-13 17:16:50,136 INFO  db.DBStoreBuilder (DBStoreBuilder.java:processTables(161)) - Using default column profile:DBProfile.DISK for Table:revokedCerts
2019-06-13 17:16:50,136 INFO  db.DBStoreBuilder (DBStoreBuilder.java:addTable(110)) - using custom profile for table: default
2019-06-13 17:16:50,136 INFO  db.DBStoreBuilder (DBStoreBuilder.java:processTables(167)) - Using default column profile:DBProfile.DISK for Table:default
2019-06-13 17:16:50,136 INFO  db.DBStoreBuilder (DBStoreBuilder.java:getDbProfile(198)) - Using default options. DBProfile.DISK
2019-06-13 17:16:50,181 WARN  server.ServerUtils (ServerUtils.java:sanitizeUserArgs(70)) - ozone.scm.stale.node.interval value = 300000 is larger than max = 100000 based on the key value of ozone.scm.heartbeat.thread.interval, reset to the max value 100000.
2019-06-13 17:16:50,182 WARN  server.ServerUtils (ServerUtils.java:sanitizeUserArgs(70)) - ozone.scm.stale.node.interval value = 300000 is larger than max = 100000 based on the key value of ozone.scm.heartbeat.thread.interval, reset to the max value 100000.
2019-06-13 17:16:50,182 INFO  node.SCMNodeManager (SCMNodeManager.java:<init>(108)) - Entering startup safe mode.
2019-06-13 17:16:50,183 INFO  net.NodeSchemaLoader (NodeSchemaLoader.java:loadSchemaFromFile(125)) - Loading file from sun.misc.CompoundEnumeration@73aae7a
2019-06-13 17:16:50,183 INFO  net.NodeSchemaLoader (NodeSchemaLoader.java:loadSchema(171)) - Loading network topology layer schema file
2019-06-13 17:16:50,186 WARN  server.ServerUtils (ServerUtils.java:getScmDbDir(145)) - ozone.scm.db.dirs is not configured. We recommend adding this setting. Falling back to ozone.metadata.dirs instead.
2019-06-13 17:16:50,199 INFO  pipeline.SCMPipelineManager (SCMPipelineManager.java:initializePipelineState(126)) - No pipeline exists in current db
2019-06-13 17:16:50,199 WARN  server.ServerUtils (ServerUtils.java:getScmDbDir(145)) - ozone.scm.db.dirs is not configured. We recommend adding this setting. Falling back to ozone.metadata.dirs instead.
2019-06-13 17:16:50,212 WARN  events.EventQueue (EventQueue.java:fireEvent(175)) - No event handler registered for event TypedEvent{payloadType=SafeModeStatus, name='SafeModeStatus'}
2019-06-13 17:16:50,213 INFO  ipc.CallQueueManager (CallQueueManager.java:<init>(84)) - Using callQueue: class java.util.concurrent.LinkedBlockingQueue, queueCapacity: 2000, scheduler: class org.apache.hadoop.ipc.DefaultRpcScheduler, ipcBackoff: false.
2019-06-13 17:16:50,213 INFO  ipc.Server (Server.java:run(1074)) - Starting Socket Reader #1 for port 44975
2019-06-13 17:16:50,215 INFO  ipc.CallQueueManager (CallQueueManager.java:<init>(84)) - Using callQueue: class java.util.concurrent.LinkedBlockingQueue, queueCapacity: 2000, scheduler: class org.apache.hadoop.ipc.DefaultRpcScheduler, ipcBackoff: false.
2019-06-13 17:16:50,216 INFO  ipc.Server (Server.java:run(1074)) - Starting Socket Reader #1 for port 41977
2019-06-13 17:16:50,217 INFO  ipc.CallQueueManager (CallQueueManager.java:<init>(84)) - Using callQueue: class java.util.concurrent.LinkedBlockingQueue, queueCapacity: 2000, scheduler: class org.apache.hadoop.ipc.DefaultRpcScheduler, ipcBackoff: false.
2019-06-13 17:16:50,218 INFO  ipc.Server (Server.java:run(1074)) - Starting Socket Reader #1 for port 39961
2019-06-13 17:16:50,220 INFO  hdfs.DFSUtil (DFSUtil.java:httpServerTemplateForNNAndJN(1641)) - Starting Web-server for scm at: http://0.0.0.0:0
2019-06-13 17:16:50,221 INFO  server.AuthenticationFilter (AuthenticationFilter.java:constructSecretProvider(240)) - Unable to initialize FileSignerSecretProvider, falling back to use random secrets.
2019-06-13 17:16:50,224 WARN  http.HttpRequestLog (HttpRequestLog.java:getRequestLog(97)) - Jetty request log can only be enabled using Log4j
2019-06-13 17:16:50,225 INFO  http.HttpServer2 (HttpServer2.java:addGlobalFilter(975)) - Added global filter 'safety' (class=org.apache.hadoop.http.HttpServer2$QuotingInputFilter)
2019-06-13 17:16:50,226 INFO  http.HttpServer2 (HttpServer2.java:addFilter(948)) - Added filter static_user_filter (class=org.apache.hadoop.http.lib.StaticUserWebFilter$StaticUserFilter) to context scm
2019-06-13 17:16:50,226 INFO  http.HttpServer2 (HttpServer2.java:addFilter(958)) - Added filter static_user_filter (class=org.apache.hadoop.http.lib.StaticUserWebFilter$StaticUserFilter) to context logs
2019-06-13 17:16:50,226 INFO  http.HttpServer2 (HttpServer2.java:addFilter(958)) - Added filter static_user_filter (class=org.apache.hadoop.http.lib.StaticUserWebFilter$StaticUserFilter) to context static
2019-06-13 17:16:50,230 INFO  server.StorageContainerManager (StorageContainerManager.java:start(752)) - StorageContainerLocationProtocol RPC server is listening at /0.0.0.0:39961
2019-06-13 17:16:50,230 INFO  impl.MetricsSystemImpl (MetricsSystemImpl.java:init(158)) - StorageContainerManager metrics system started (again)
2019-06-13 17:16:50,232 INFO  server.SCMClientProtocolServer (SCMClientProtocolServer.java:start(149)) - RPC server for Client  is listening at /0.0.0.0:39961
2019-06-13 17:16:50,233 INFO  ipc.Server (Server.java:run(1314)) - IPC Server Responder: starting
2019-06-13 17:16:50,233 INFO  ipc.Server (Server.java:run(1153)) - IPC Server listener on 39961: starting
2019-06-13 17:16:50,235 INFO  server.StorageContainerManager (StorageContainerManager.java:start(761)) - ScmBlockLocationProtocol RPC server is listening at /0.0.0.0:41977
2019-06-13 17:16:50,236 INFO  server.SCMBlockProtocolServer (SCMBlockProtocolServer.java:start(137)) - RPC server for Block Protocol is listening at /0.0.0.0:41977
2019-06-13 17:16:50,236 INFO  ipc.Server (Server.java:run(1314)) - IPC Server Responder: starting
2019-06-13 17:16:50,236 INFO  ipc.Server (Server.java:run(1153)) - IPC Server listener on 41977: starting
2019-06-13 17:16:50,239 INFO  server.StorageContainerManager (StorageContainerManager.java:start(765)) - ScmDatanodeProtocl RPC server is listening at /0.0.0.0:44975
2019-06-13 17:16:50,239 INFO  server.SCMDatanodeProtocolServer (SCMDatanodeProtocolServer.java:start(191)) - RPC server for DataNodes is listening at /0.0.0.0:44975
2019-06-13 17:16:50,240 INFO  ipc.Server (Server.java:run(1314)) - IPC Server Responder: starting
2019-06-13 17:16:50,240 INFO  ipc.Server (Server.java:run(1153)) - IPC Server listener on 44975: starting
2019-06-13 17:16:50,252 INFO  http.HttpServer2 (HttpServer2.java:bindListener(1191)) - Jetty bound to port 39631
2019-06-13 17:16:50,252 INFO  server.Server (Server.java:doStart(351)) - jetty-9.3.24.v20180605, build timestamp: 2018-06-05T17:11:56Z, git hash: 84205aa28f11a4f31f2a3b86d1bba2cc8ab69827
2019-06-13 17:16:50,254 INFO  handler.ContextHandler (ContextHandler.java:doStart(781)) - Started o.e.j.s.ServletContextHandler@399c408c{/logs,file:///opt/src/hadoop-ozone/integration-test/target/log,AVAILABLE}
2019-06-13 17:16:50,255 INFO  handler.ContextHandler (ContextHandler.java:doStart(781)) - Started o.e.j.s.ServletContextHandler@4a5fab78{/static,file:///opt/src/hadoop-ozone/integration-test/target/test-classes/webapps/static,AVAILABLE}
2019-06-13 17:16:50,258 INFO  handler.ContextHandler (ContextHandler.java:doStart(781)) - Started o.e.j.w.WebAppContext@67ecf7ed{/,file:///opt/src/hadoop-ozone/integration-test/target/test-classes/webapps/scm/,AVAILABLE}{/scm}
2019-06-13 17:16:50,259 INFO  server.AbstractConnector (AbstractConnector.java:doStart(278)) - Started ServerConnector@69d021c1{HTTP/1.1,[http/1.1]}{0.0.0.0:39631}
2019-06-13 17:16:50,259 INFO  server.Server (Server.java:doStart(419)) - Started @36181ms
2019-06-13 17:16:50,259 INFO  server.BaseHttpServer (BaseHttpServer.java:updateConnectorAddress(207)) - HTTP server of SCM is listening at http://0.0.0.0:39631
2019-06-13 17:16:50,260 WARN  scm.ScmUtils (ScmUtils.java:getDBPath(63)) - ozone.om.db.dirs is not configured. We recommend adding this setting. Falling back to ozone.metadata.dirs instead.
2019-06-13 17:16:50,261 INFO  util.JvmPauseMonitor (JvmPauseMonitor.java:run(188)) - Starting JVM pause monitor
2019-06-13 17:16:50,263 WARN  scm.ScmUtils (ScmUtils.java:getDBPath(63)) - ozone.om.db.dirs is not configured. We recommend adding this setting. Falling back to ozone.metadata.dirs instead.
2019-06-13 17:16:50,263 INFO  om.OzoneManager (OzoneManager.java:setOMNodeDetails(519)) - OM Service ID is not set. Setting it to the default ID: omServiceIdDefault
2019-06-13 17:16:50,263 INFO  om.OzoneManager (OzoneManager.java:setOMNodeDetails(525)) - OM Node ID is not set. Setting it to the OmStorage's OmID: dfdbbebf-da3e-41c4-ba16-a59ff3f45bb7
2019-06-13 17:16:50,263 WARN  scm.HddsServerUtil (HddsServerUtil.java:getDefaultRatisDirectory(354)) - Storage directory for Ratis is not configured. It is a good idea to map this to an SSD disk. Falling back to ozone.metadata.dirs
2019-06-13 17:16:50,263 WARN  scm.HddsServerUtil (HddsServerUtil.java:getDefaultRatisDirectory(354)) - Storage directory for Ratis is not configured. It is a good idea to map this to an SSD disk. Falling back to ozone.metadata.dirs
2019-06-13 17:16:50,264 INFO  om.OzoneManager (OzoneManager.java:loadOMHAConfigs(476)) - Found matching OM address with OMServiceId: null, OMNodeId: null, RPC Address: localhost:0 and Ratis port: 9872
2019-06-13 17:16:50,268 WARN  scm.ScmUtils (ScmUtils.java:getDBPath(63)) - ozone.om.db.dirs is not configured. We recommend adding this setting. Falling back to ozone.metadata.dirs instead.
2019-06-13 17:16:50,268 INFO  db.DBStoreBuilder (DBStoreBuilder.java:addTable(110)) - using custom profile for table: userTable
2019-06-13 17:16:50,269 INFO  db.DBStoreBuilder (DBStoreBuilder.java:processTables(161)) - Using default column profile:DBProfile.DISK for Table:userTable
2019-06-13 17:16:50,269 INFO  db.DBStoreBuilder (DBStoreBuilder.java:addTable(110)) - using custom profile for table: volumeTable
2019-06-13 17:16:50,269 INFO  db.DBStoreBuilder (DBStoreBuilder.java:processTables(161)) - Using default column profile:DBProfile.DISK for Table:volumeTable
2019-06-13 17:16:50,269 INFO  db.DBStoreBuilder (DBStoreBuilder.java:addTable(110)) - using custom profile for table: bucketTable
2019-06-13 17:16:50,269 INFO  db.DBStoreBuilder (DBStoreBuilder.java:processTables(161)) - Using default column profile:DBProfile.DISK for Table:bucketTable
2019-06-13 17:16:50,270 INFO  db.DBStoreBuilder (DBStoreBuilder.java:addTable(110)) - using custom profile for table: keyTable
2019-06-13 17:16:50,270 INFO  db.DBStoreBuilder (DBStoreBuilder.java:processTables(161)) - Using default column profile:DBProfile.DISK for Table:keyTable
2019-06-13 17:16:50,270 INFO  db.DBStoreBuilder (DBStoreBuilder.java:addTable(110)) - using custom profile for table: deletedTable
2019-06-13 17:16:50,270 INFO  db.DBStoreBuilder (DBStoreBuilder.java:processTables(161)) - Using default column profile:DBProfile.DISK for Table:deletedTable
2019-06-13 17:16:50,270 INFO  db.DBStoreBuilder (DBStoreBuilder.java:addTable(110)) - using custom profile for table: openKeyTable
2019-06-13 17:16:50,270 INFO  db.DBStoreBuilder (DBStoreBuilder.java:processTables(161)) - Using default column profile:DBProfile.DISK for Table:openKeyTable
2019-06-13 17:16:50,270 INFO  db.DBStoreBuilder (DBStoreBuilder.java:addTable(110)) - using custom profile for table: s3Table
2019-06-13 17:16:50,271 INFO  db.DBStoreBuilder (DBStoreBuilder.java:processTables(161)) - Using default column profile:DBProfile.DISK for Table:s3Table
2019-06-13 17:16:50,271 INFO  db.DBStoreBuilder (DBStoreBuilder.java:addTable(110)) - using custom profile for table: multipartInfoTable
2019-06-13 17:16:50,271 INFO  db.DBStoreBuilder (DBStoreBuilder.java:processTables(161)) - Using default column profile:DBProfile.DISK for Table:multipartInfoTable
2019-06-13 17:16:50,271 INFO  db.DBStoreBuilder (DBStoreBuilder.java:addTable(110)) - using custom profile for table: dTokenTable
2019-06-13 17:16:50,271 INFO  db.DBStoreBuilder (DBStoreBuilder.java:processTables(161)) - Using default column profile:DBProfile.DISK for Table:dTokenTable
2019-06-13 17:16:50,272 INFO  db.DBStoreBuilder (DBStoreBuilder.java:addTable(110)) - using custom profile for table: s3SecretTable
2019-06-13 17:16:50,272 INFO  db.DBStoreBuilder (DBStoreBuilder.java:processTables(161)) - Using default column profile:DBProfile.DISK for Table:s3SecretTable
2019-06-13 17:16:50,272 INFO  db.DBStoreBuilder (DBStoreBuilder.java:addTable(110)) - using custom profile for table: prefixTable
2019-06-13 17:16:50,272 INFO  db.DBStoreBuilder (DBStoreBuilder.java:processTables(161)) - Using default column profile:DBProfile.DISK for Table:prefixTable
2019-06-13 17:16:50,272 INFO  db.DBStoreBuilder (DBStoreBuilder.java:addTable(110)) - using custom profile for table: default
2019-06-13 17:16:50,272 INFO  db.DBStoreBuilder (DBStoreBuilder.java:processTables(167)) - Using default column profile:DBProfile.DISK for Table:default
2019-06-13 17:16:50,273 INFO  db.DBStoreBuilder (DBStoreBuilder.java:getDbProfile(198)) - Using default options. DBProfile.DISK
2019-06-13 17:16:50,401 INFO  ipc.CallQueueManager (CallQueueManager.java:<init>(84)) - Using callQueue: class java.util.concurrent.LinkedBlockingQueue, queueCapacity: 2000, scheduler: class org.apache.hadoop.ipc.DefaultRpcScheduler, ipcBackoff: false.
2019-06-13 17:16:50,402 INFO  ipc.Server (Server.java:run(1074)) - Starting Socket Reader #1 for port 41297
2019-06-13 17:16:50,419 WARN  scm.ScmUtils (ScmUtils.java:getDBPath(63)) - ozone.om.db.dirs is not configured. We recommend adding this setting. Falling back to ozone.metadata.dirs instead.
2019-06-13 17:16:50,419 INFO  om.OzoneManager (OzoneManager.java:start(1217)) - OzoneManager RPC server is listening at localhost/127.0.0.1:41297
2019-06-13 17:16:50,419 INFO  impl.MetricsSystemImpl (MetricsSystemImpl.java:init(158)) - OzoneManager metrics system started (again)
2019-06-13 17:16:50,420 INFO  ipc.Server (Server.java:run(1314)) - IPC Server Responder: starting
2019-06-13 17:16:50,420 INFO  ipc.Server (Server.java:run(1153)) - IPC Server listener on 41297: starting
2019-06-13 17:16:50,429 INFO  hdfs.DFSUtil (DFSUtil.java:httpServerTemplateForNNAndJN(1641)) - Starting Web-server for ozoneManager at: http://0.0.0.0:0
2019-06-13 17:16:50,430 INFO  server.AuthenticationFilter (AuthenticationFilter.java:constructSecretProvider(240)) - Unable to initialize FileSignerSecretProvider, falling back to use random secrets.
2019-06-13 17:16:50,430 WARN  http.HttpRequestLog (HttpRequestLog.java:getRequestLog(97)) - Jetty request log can only be enabled using Log4j
2019-06-13 17:16:50,431 INFO  http.HttpServer2 (HttpServer2.java:addGlobalFilter(975)) - Added global filter 'safety' (class=org.apache.hadoop.http.HttpServer2$QuotingInputFilter)
2019-06-13 17:16:50,432 INFO  http.HttpServer2 (HttpServer2.java:addFilter(948)) - Added filter static_user_filter (class=org.apache.hadoop.http.lib.StaticUserWebFilter$StaticUserFilter) to context ozoneManager
2019-06-13 17:16:50,432 INFO  http.HttpServer2 (HttpServer2.java:addFilter(958)) - Added filter static_user_filter (class=org.apache.hadoop.http.lib.StaticUserWebFilter$StaticUserFilter) to context static
2019-06-13 17:16:50,432 INFO  http.HttpServer2 (HttpServer2.java:addFilter(958)) - Added filter static_user_filter (class=org.apache.hadoop.http.lib.StaticUserWebFilter$StaticUserFilter) to context logs
2019-06-13 17:16:50,433 INFO  http.HttpServer2 (HttpServer2.java:bindListener(1191)) - Jetty bound to port 34931
2019-06-13 17:16:50,433 INFO  server.Server (Server.java:doStart(351)) - jetty-9.3.24.v20180605, build timestamp: 2018-06-05T17:11:56Z, git hash: 84205aa28f11a4f31f2a3b86d1bba2cc8ab69827
2019-06-13 17:16:50,435 INFO  handler.ContextHandler (ContextHandler.java:doStart(781)) - Started o.e.j.s.ServletContextHandler@67b3960b{/logs,file:///opt/src/hadoop-ozone/integration-test/target/log,AVAILABLE}
2019-06-13 17:16:50,435 INFO  handler.ContextHandler (ContextHandler.java:doStart(781)) - Started o.e.j.s.ServletContextHandler@19c1f6f4{/static,file:///opt/src/hadoop-ozone/integration-test/target/test-classes/webapps/static,AVAILABLE}
2019-06-13 17:16:50,438 INFO  handler.ContextHandler (ContextHandler.java:doStart(781)) - Started o.e.j.w.WebAppContext@3dd591b9{/,file:///opt/src/hadoop-ozone/integration-test/target/test-classes/webapps/ozoneManager/,AVAILABLE}{/ozoneManager}
2019-06-13 17:16:50,445 INFO  server.AbstractConnector (AbstractConnector.java:doStart(278)) - Started ServerConnector@538905d2{HTTP/1.1,[http/1.1]}{0.0.0.0:34931}
2019-06-13 17:16:50,446 INFO  server.Server (Server.java:doStart(419)) - Started @36368ms
2019-06-13 17:16:50,446 INFO  server.BaseHttpServer (BaseHttpServer.java:updateConnectorAddress(207)) - HTTP server of OZONEMANAGER is listening at http://0.0.0.0:34931
2019-06-13 17:16:50,457 INFO  impl.MetricsSystemImpl (MetricsSystemImpl.java:init(158)) - HddsDatanode metrics system started (again)
2019-06-13 17:16:50,458 INFO  ozone.HddsDatanodeService (HddsDatanodeService.java:start(185)) - HddsDatanodeService host:ozone-pcwht-4071652583 ip:192.168.46.54
2019-06-13 17:16:50,462 INFO  volume.HddsVolume (HddsVolume.java:<init>(176)) - Creating Volume: /opt/src/hadoop-ozone/integration-test/target/test-dir/MiniOzoneClusterImpl-b8f76877-1811-433e-811a-41530062d570/datanode-0/data/containers/hdds of  storage type : DISK and capacity : 104021790720
2019-06-13 17:16:50,462 INFO  volume.VolumeSet (VolumeSet.java:initializeVolumeSet(170)) - Added Volume : /opt/src/hadoop-ozone/integration-test/target/test-dir/MiniOzoneClusterImpl-b8f76877-1811-433e-811a-41530062d570/datanode-0/data/containers/hdds to VolumeSet
2019-06-13 17:16:50,462 INFO  volume.ThrottledAsyncChecker (ThrottledAsyncChecker.java:schedule(140)) - Scheduling a check for org.apache.hadoop.ozone.container.common.volume.HddsVolume@3149409c
2019-06-13 17:16:50,466 INFO  volume.HddsVolumeChecker (HddsVolumeChecker.java:checkAllVolumes(203)) - Scheduled health check for volume org.apache.hadoop.ozone.container.common.volume.HddsVolume@3149409c
2019-06-13 17:16:50,474 INFO  ratis.XceiverServerRatis (XceiverServerRatis.java:newXceiverServerRatis(401)) - Found a free port for the server : 37559
2019-06-13 17:16:50,475 INFO  impl.RaftServerProxy (ConfUtils.java:logGet(43)) - raft.rpc.type = GRPC (default)
2019-06-13 17:16:50,475 INFO  grpc.GrpcConfigKeys$Server (ConfUtils.java:logGet(43)) - raft.grpc.server.port = 37559 (custom)
2019-06-13 17:16:50,475 INFO  server.GrpcService (ConfUtils.java:logGet(43)) - raft.grpc.message.size.max = 33570816 (custom)
2019-06-13 17:16:50,475 INFO  server.RaftServerConfigKeys (ConfUtils.java:logGet(43)) - raft.server.log.appender.buffer.byte-limit = 33554432 (custom)
2019-06-13 17:16:50,475 INFO  server.GrpcService (ConfUtils.java:logGet(43)) - raft.grpc.flow.control.window = 1MB (=1048576) (default)
2019-06-13 17:16:50,475 INFO  server.RaftServerConfigKeys (ConfUtils.java:logGet(43)) - raft.server.rpc.request.timeout = 3000ms (default)
2019-06-13 17:16:50,476 INFO  server.RaftServerConfigKeys (ConfUtils.java:logGet(43)) - raft.server.storage.dir = [/opt/src/hadoop-ozone/integration-test/target/test-dir/MiniOzoneClusterImpl-b8f76877-1811-433e-811a-41530062d570/datanode-0/data/ratis] (custom)
2019-06-13 17:16:50,476 INFO  server.XceiverServerGrpc (XceiverServerGrpc.java:<init>(97)) - Found a free port for the server : 42685
2019-06-13 17:16:50,476 INFO  replication.SimpleContainerDownloader (SimpleContainerDownloader.java:<init>(72)) - Starting container downloader service to copy containers to replicate.
2019-06-13 17:16:50,477 INFO  hdfs.DFSUtil (DFSUtil.java:httpServerTemplateForNNAndJN(1641)) - Starting Web-server for hddsDatanode at: http://0.0.0.0:0
2019-06-13 17:16:50,478 INFO  server.AuthenticationFilter (AuthenticationFilter.java:constructSecretProvider(240)) - Unable to initialize FileSignerSecretProvider, falling back to use random secrets.
2019-06-13 17:16:50,478 WARN  http.HttpRequestLog (HttpRequestLog.java:getRequestLog(97)) - Jetty request log can only be enabled using Log4j
2019-06-13 17:16:50,479 INFO  http.HttpServer2 (HttpServer2.java:addGlobalFilter(975)) - Added global filter 'safety' (class=org.apache.hadoop.http.HttpServer2$QuotingInputFilter)
2019-06-13 17:16:50,479 INFO  http.HttpServer2 (HttpServer2.java:addFilter(948)) - Added filter static_user_filter (class=org.apache.hadoop.http.lib.StaticUserWebFilter$StaticUserFilter) to context hddsDatanode
2019-06-13 17:16:50,480 INFO  http.HttpServer2 (HttpServer2.java:addFilter(958)) - Added filter static_user_filter (class=org.apache.hadoop.http.lib.StaticUserWebFilter$StaticUserFilter) to context static
2019-06-13 17:16:50,480 INFO  http.HttpServer2 (HttpServer2.java:addFilter(958)) - Added filter static_user_filter (class=org.apache.hadoop.http.lib.StaticUserWebFilter$StaticUserFilter) to context logs
2019-06-13 17:16:50,480 INFO  http.HttpServer2 (HttpServer2.java:bindListener(1191)) - Jetty bound to port 35207
2019-06-13 17:16:50,480 INFO  server.Server (Server.java:doStart(351)) - jetty-9.3.24.v20180605, build timestamp: 2018-06-05T17:11:56Z, git hash: 84205aa28f11a4f31f2a3b86d1bba2cc8ab69827
2019-06-13 17:16:50,481 INFO  handler.ContextHandler (ContextHandler.java:doStart(781)) - Started o.e.j.s.ServletContextHandler@114badf0{/logs,file:///opt/src/hadoop-ozone/integration-test/target/log,AVAILABLE}
2019-06-13 17:16:50,482 INFO  handler.ContextHandler (ContextHandler.java:doStart(781)) - Started o.e.j.s.ServletContextHandler@6d7bb5cc{/static,jar:file:/root/.m2/repository/org/apache/hadoop/hadoop-hdds-container-service/0.5.0-SNAPSHOT/hadoop-hdds-container-service-0.5.0-SNAPSHOT.jar!/webapps/static,AVAILABLE}
2019-06-13 17:16:50,510 INFO  handler.ContextHandler (ContextHandler.java:doStart(781)) - Started o.e.j.w.WebAppContext@3d7314b3{/,file:///tmp/jetty-0.0.0.0-35207-hddsDatanode-_-any-9040451158405119582.dir/webapp/,AVAILABLE}{/hddsDatanode}
2019-06-13 17:16:50,510 INFO  server.AbstractConnector (AbstractConnector.java:doStart(278)) - Started ServerConnector@d677be9{HTTP/1.1,[http/1.1]}{0.0.0.0:35207}
2019-06-13 17:16:50,511 INFO  server.Server (Server.java:doStart(419)) - Started @36433ms
2019-06-13 17:16:50,512 INFO  server.BaseHttpServer (BaseHttpServer.java:updateConnectorAddress(207)) - HTTP server of HDDSDATANODE is listening at http://0.0.0.0:35207
2019-06-13 17:16:50,644 WARN  nio.NioEventLoop (NioEventLoop.java:select(786)) - Selector.select() returned prematurely {} times in a row; rebuilding Selector {}.
2019-06-13 17:16:50,649 INFO  nio.NioEventLoop (NioEventLoop.java:rebuildSelector0(396)) - Migrated 0 channel(s) to the new Selector.
2019-06-13 17:16:50,691 INFO  ozone.HddsDatanodeService (HddsDatanodeService.java:startPlugins(396)) - Started plug-in org.apache.hadoop.ozone.web.OzoneHddsDatanodeService@29a1ec65
2019-06-13 17:16:50,697 INFO  impl.MetricsSystemImpl (MetricsSystemImpl.java:init(158)) - HddsDatanode metrics system started (again)
2019-06-13 17:16:50,698 INFO  ozone.HddsDatanodeService (HddsDatanodeService.java:start(185)) - HddsDatanodeService host:ozone-pcwht-4071652583 ip:192.168.46.54
2019-06-13 17:16:50,718 INFO  util.JvmPauseMonitor (JvmPauseMonitor.java:run(188)) - Starting JVM pause monitor
2019-06-13 17:16:50,723 INFO  datanode.InitDatanodeState (InitDatanodeState.java:persistContainerDatanodeDetails(140)) - DatanodeDetails is persisted to /opt/src/hadoop-ozone/integration-test/target/test-dir/MiniOzoneClusterImpl-b8f76877-1811-433e-811a-41530062d570/datanode-0/meta/datanode.id
2019-06-13 17:16:50,741 INFO  volume.HddsVolume (HddsVolume.java:<init>(176)) - Creating Volume: /opt/src/hadoop-ozone/integration-test/target/test-dir/MiniOzoneClusterImpl-b8f76877-1811-433e-811a-41530062d570/datanode-1/data/containers/hdds of  storage type : DISK and capacity : 104021790720
2019-06-13 17:16:50,742 INFO  volume.VolumeSet (VolumeSet.java:initializeVolumeSet(170)) - Added Volume : /opt/src/hadoop-ozone/integration-test/target/test-dir/MiniOzoneClusterImpl-b8f76877-1811-433e-811a-41530062d570/datanode-1/data/containers/hdds to VolumeSet
2019-06-13 17:16:50,742 INFO  volume.ThrottledAsyncChecker (ThrottledAsyncChecker.java:schedule(140)) - Scheduling a check for org.apache.hadoop.ozone.container.common.volume.HddsVolume@3cc74fc4
2019-06-13 17:16:50,743 INFO  volume.HddsVolumeChecker (HddsVolumeChecker.java:checkAllVolumes(203)) - Scheduled health check for volume org.apache.hadoop.ozone.container.common.volume.HddsVolume@3cc74fc4
2019-06-13 17:16:50,760 INFO  ratis.XceiverServerRatis (XceiverServerRatis.java:newXceiverServerRatis(401)) - Found a free port for the server : 35603
2019-06-13 17:16:50,761 INFO  impl.RaftServerProxy (ConfUtils.java:logGet(43)) - raft.rpc.type = GRPC (default)
2019-06-13 17:16:50,761 INFO  grpc.GrpcConfigKeys$Server (ConfUtils.java:logGet(43)) - raft.grpc.server.port = 35603 (custom)
2019-06-13 17:16:50,762 INFO  server.GrpcService (ConfUtils.java:logGet(43)) - raft.grpc.message.size.max = 33570816 (custom)
2019-06-13 17:16:50,762 INFO  server.RaftServerConfigKeys (ConfUtils.java:logGet(43)) - raft.server.log.appender.buffer.byte-limit = 33554432 (custom)
2019-06-13 17:16:50,762 INFO  server.GrpcService (ConfUtils.java:logGet(43)) - raft.grpc.flow.control.window = 1MB (=1048576) (default)
2019-06-13 17:16:50,762 INFO  server.RaftServerConfigKeys (ConfUtils.java:logGet(43)) - raft.server.rpc.request.timeout = 3000ms (default)
2019-06-13 17:16:50,763 INFO  server.RaftServerConfigKeys (ConfUtils.java:logGet(43)) - raft.server.storage.dir = [/opt/src/hadoop-ozone/integration-test/target/test-dir/MiniOzoneClusterImpl-b8f76877-1811-433e-811a-41530062d570/datanode-1/data/ratis] (custom)
2019-06-13 17:16:50,763 INFO  server.XceiverServerGrpc (XceiverServerGrpc.java:<init>(97)) - Found a free port for the server : 43371
2019-06-13 17:16:50,763 INFO  replication.SimpleContainerDownloader (SimpleContainerDownloader.java:<init>(72)) - Starting container downloader service to copy containers to replicate.
2019-06-13 17:16:50,764 INFO  hdfs.DFSUtil (DFSUtil.java:httpServerTemplateForNNAndJN(1641)) - Starting Web-server for hddsDatanode at: http://0.0.0.0:0
2019-06-13 17:16:50,766 INFO  server.AuthenticationFilter (AuthenticationFilter.java:constructSecretProvider(240)) - Unable to initialize FileSignerSecretProvider, falling back to use random secrets.
2019-06-13 17:16:50,766 WARN  http.HttpRequestLog (HttpRequestLog.java:getRequestLog(97)) - Jetty request log can only be enabled using Log4j
2019-06-13 17:16:50,767 INFO  http.HttpServer2 (HttpServer2.java:addGlobalFilter(975)) - Added global filter 'safety' (class=org.apache.hadoop.http.HttpServer2$QuotingInputFilter)
2019-06-13 17:16:50,768 INFO  http.HttpServer2 (HttpServer2.java:addFilter(948)) - Added filter static_user_filter (class=org.apache.hadoop.http.lib.StaticUserWebFilter$StaticUserFilter) to context hddsDatanode
2019-06-13 17:16:50,768 INFO  http.HttpServer2 (HttpServer2.java:addFilter(958)) - Added filter static_user_filter (class=org.apache.hadoop.http.lib.StaticUserWebFilter$StaticUserFilter) to context logs
2019-06-13 17:16:50,768 INFO  http.HttpServer2 (HttpServer2.java:addFilter(958)) - Added filter static_user_filter (class=org.apache.hadoop.http.lib.StaticUserWebFilter$StaticUserFilter) to context static
2019-06-13 17:16:50,768 INFO  http.HttpServer2 (HttpServer2.java:bindListener(1191)) - Jetty bound to port 43727
2019-06-13 17:16:50,769 INFO  server.Server (Server.java:doStart(351)) - jetty-9.3.24.v20180605, build timestamp: 2018-06-05T17:11:56Z, git hash: 84205aa28f11a4f31f2a3b86d1bba2cc8ab69827
2019-06-13 17:16:50,779 INFO  handler.ContextHandler (ContextHandler.java:doStart(781)) - Started o.e.j.s.ServletContextHandler@7f64bd7{/logs,file:///opt/src/hadoop-ozone/integration-test/target/log,AVAILABLE}
2019-06-13 17:16:50,780 INFO  handler.ContextHandler (ContextHandler.java:doStart(781)) - Started o.e.j.s.ServletContextHandler@746fd19b{/static,jar:file:/root/.m2/repository/org/apache/hadoop/hadoop-hdds-container-service/0.5.0-SNAPSHOT/hadoop-hdds-container-service-0.5.0-SNAPSHOT.jar!/webapps/static,AVAILABLE}
2019-06-13 17:16:50,801 INFO  handler.ContextHandler (ContextHandler.java:doStart(781)) - Started o.e.j.w.WebAppContext@204c5ddf{/,file:///tmp/jetty-0.0.0.0-43727-hddsDatanode-_-any-2235080296102980004.dir/webapp/,AVAILABLE}{/hddsDatanode}
2019-06-13 17:16:50,801 INFO  server.AbstractConnector (AbstractConnector.java:doStart(278)) - Started ServerConnector@240f2efd{HTTP/1.1,[http/1.1]}{0.0.0.0:43727}
2019-06-13 17:16:50,802 INFO  server.Server (Server.java:doStart(419)) - Started @36724ms
2019-06-13 17:16:50,803 INFO  server.BaseHttpServer (BaseHttpServer.java:updateConnectorAddress(207)) - HTTP server of HDDSDATANODE is listening at http://0.0.0.0:43727
2019-06-13 17:16:50,919 INFO  ozone.HddsDatanodeService (HddsDatanodeService.java:startPlugins(396)) - Started plug-in org.apache.hadoop.ozone.web.OzoneHddsDatanodeService@5d00b469
2019-06-13 17:16:50,919 INFO  impl.MetricsSystemImpl (MetricsSystemImpl.java:init(158)) - HddsDatanode metrics system started (again)
2019-06-13 17:16:50,919 INFO  ozone.HddsDatanodeService (HddsDatanodeService.java:start(185)) - HddsDatanodeService host:ozone-pcwht-4071652583 ip:192.168.46.54
2019-06-13 17:16:50,922 INFO  util.JvmPauseMonitor (JvmPauseMonitor.java:run(188)) - Starting JVM pause monitor
2019-06-13 17:16:50,924 INFO  datanode.InitDatanodeState (InitDatanodeState.java:persistContainerDatanodeDetails(140)) - DatanodeDetails is persisted to /opt/src/hadoop-ozone/integration-test/target/test-dir/MiniOzoneClusterImpl-b8f76877-1811-433e-811a-41530062d570/datanode-1/meta/datanode.id
2019-06-13 17:16:50,926 INFO  volume.HddsVolume (HddsVolume.java:<init>(176)) - Creating Volume: /opt/src/hadoop-ozone/integration-test/target/test-dir/MiniOzoneClusterImpl-b8f76877-1811-433e-811a-41530062d570/datanode-2/data/containers/hdds of  storage type : DISK and capacity : 104021790720
2019-06-13 17:16:50,926 INFO  volume.VolumeSet (VolumeSet.java:initializeVolumeSet(170)) - Added Volume : /opt/src/hadoop-ozone/integration-test/target/test-dir/MiniOzoneClusterImpl-b8f76877-1811-433e-811a-41530062d570/datanode-2/data/containers/hdds to VolumeSet
2019-06-13 17:16:50,926 INFO  volume.ThrottledAsyncChecker (ThrottledAsyncChecker.java:schedule(140)) - Scheduling a check for org.apache.hadoop.ozone.container.common.volume.HddsVolume@7cd3860
2019-06-13 17:16:50,930 INFO  volume.HddsVolumeChecker (HddsVolumeChecker.java:checkAllVolumes(203)) - Scheduled health check for volume org.apache.hadoop.ozone.container.common.volume.HddsVolume@7cd3860
2019-06-13 17:16:50,938 INFO  ratis.XceiverServerRatis (XceiverServerRatis.java:newXceiverServerRatis(401)) - Found a free port for the server : 42653
2019-06-13 17:16:50,940 INFO  impl.RaftServerProxy (ConfUtils.java:logGet(43)) - raft.rpc.type = GRPC (default)
2019-06-13 17:16:50,941 INFO  grpc.GrpcConfigKeys$Server (ConfUtils.java:logGet(43)) - raft.grpc.server.port = 42653 (custom)
2019-06-13 17:16:50,941 INFO  server.GrpcService (ConfUtils.java:logGet(43)) - raft.grpc.message.size.max = 33570816 (custom)
2019-06-13 17:16:50,941 INFO  server.RaftServerConfigKeys (ConfUtils.java:logGet(43)) - raft.server.log.appender.buffer.byte-limit = 33554432 (custom)
2019-06-13 17:16:50,941 INFO  server.GrpcService (ConfUtils.java:logGet(43)) - raft.grpc.flow.control.window = 1MB (=1048576) (default)
2019-06-13 17:16:50,942 INFO  server.RaftServerConfigKeys (ConfUtils.java:logGet(43)) - raft.server.rpc.request.timeout = 3000ms (default)
2019-06-13 17:16:50,942 INFO  server.RaftServerConfigKeys (ConfUtils.java:logGet(43)) - raft.server.storage.dir = [/opt/src/hadoop-ozone/integration-test/target/test-dir/MiniOzoneClusterImpl-b8f76877-1811-433e-811a-41530062d570/datanode-2/data/ratis] (custom)
2019-06-13 17:16:50,942 INFO  server.XceiverServerGrpc (XceiverServerGrpc.java:<init>(97)) - Found a free port for the server : 35263
2019-06-13 17:16:50,943 INFO  replication.SimpleContainerDownloader (SimpleContainerDownloader.java:<init>(72)) - Starting container downloader service to copy containers to replicate.
2019-06-13 17:16:50,944 INFO  hdfs.DFSUtil (DFSUtil.java:httpServerTemplateForNNAndJN(1641)) - Starting Web-server for hddsDatanode at: http://0.0.0.0:0
2019-06-13 17:16:50,946 INFO  server.AuthenticationFilter (AuthenticationFilter.java:constructSecretProvider(240)) - Unable to initialize FileSignerSecretProvider, falling back to use random secrets.
2019-06-13 17:16:50,947 WARN  http.HttpRequestLog (HttpRequestLog.java:getRequestLog(97)) - Jetty request log can only be enabled using Log4j
2019-06-13 17:16:50,948 INFO  http.HttpServer2 (HttpServer2.java:addGlobalFilter(975)) - Added global filter 'safety' (class=org.apache.hadoop.http.HttpServer2$QuotingInputFilter)
2019-06-13 17:16:50,948 INFO  http.HttpServer2 (HttpServer2.java:addFilter(948)) - Added filter static_user_filter (class=org.apache.hadoop.http.lib.StaticUserWebFilter$StaticUserFilter) to context hddsDatanode
2019-06-13 17:16:50,948 INFO  http.HttpServer2 (HttpServer2.java:addFilter(958)) - Added filter static_user_filter (class=org.apache.hadoop.http.lib.StaticUserWebFilter$StaticUserFilter) to context logs
2019-06-13 17:16:50,948 INFO  http.HttpServer2 (HttpServer2.java:addFilter(958)) - Added filter static_user_filter (class=org.apache.hadoop.http.lib.StaticUserWebFilter$StaticUserFilter) to context static
2019-06-13 17:16:50,949 INFO  http.HttpServer2 (HttpServer2.java:bindListener(1191)) - Jetty bound to port 35939
2019-06-13 17:16:50,949 INFO  server.Server (Server.java:doStart(351)) - jetty-9.3.24.v20180605, build timestamp: 2018-06-05T17:11:56Z, git hash: 84205aa28f11a4f31f2a3b86d1bba2cc8ab69827
2019-06-13 17:16:50,950 INFO  handler.ContextHandler (ContextHandler.java:doStart(781)) - Started o.e.j.s.ServletContextHandler@3831f4c2{/logs,file:///opt/src/hadoop-ozone/integration-test/target/log,AVAILABLE}
2019-06-13 17:16:50,951 INFO  handler.ContextHandler (ContextHandler.java:doStart(781)) - Started o.e.j.s.ServletContextHandler@253b1cbd{/static,jar:file:/root/.m2/repository/org/apache/hadoop/hadoop-hdds-container-service/0.5.0-SNAPSHOT/hadoop-hdds-container-service-0.5.0-SNAPSHOT.jar!/webapps/static,AVAILABLE}
2019-06-13 17:16:50,979 INFO  handler.ContextHandler (ContextHandler.java:doStart(781)) - Started o.e.j.w.WebAppContext@17e2835c{/,file:///tmp/jetty-0.0.0.0-35939-hddsDatanode-_-any-9110416230780664495.dir/webapp/,AVAILABLE}{/hddsDatanode}
2019-06-13 17:16:50,979 INFO  server.AbstractConnector (AbstractConnector.java:doStart(278)) - Started ServerConnector@4d2bc56a{HTTP/1.1,[http/1.1]}{0.0.0.0:35939}
2019-06-13 17:16:50,980 INFO  server.Server (Server.java:doStart(419)) - Started @36902ms
2019-06-13 17:16:50,980 INFO  server.BaseHttpServer (BaseHttpServer.java:updateConnectorAddress(207)) - HTTP server of HDDSDATANODE is listening at http://0.0.0.0:35939
2019-06-13 17:16:51,070 INFO  ozone.HddsDatanodeService (HddsDatanodeService.java:startPlugins(396)) - Started plug-in org.apache.hadoop.ozone.web.OzoneHddsDatanodeService@687fd6e
2019-06-13 17:16:51,070 INFO  impl.MetricsSystemImpl (MetricsSystemImpl.java:init(158)) - HddsDatanode metrics system started (again)
2019-06-13 17:16:51,070 INFO  ozone.HddsDatanodeService (HddsDatanodeService.java:start(185)) - HddsDatanodeService host:ozone-pcwht-4071652583 ip:192.168.46.54
2019-06-13 17:16:51,074 INFO  util.JvmPauseMonitor (JvmPauseMonitor.java:run(188)) - Starting JVM pause monitor
2019-06-13 17:16:51,077 INFO  volume.HddsVolume (HddsVolume.java:<init>(176)) - Creating Volume: /opt/src/hadoop-ozone/integration-test/target/test-dir/MiniOzoneClusterImpl-b8f76877-1811-433e-811a-41530062d570/datanode-3/data/containers/hdds of  storage type : DISK and capacity : 104021790720
2019-06-13 17:16:51,077 INFO  volume.VolumeSet (VolumeSet.java:initializeVolumeSet(170)) - Added Volume : /opt/src/hadoop-ozone/integration-test/target/test-dir/MiniOzoneClusterImpl-b8f76877-1811-433e-811a-41530062d570/datanode-3/data/containers/hdds to VolumeSet
2019-06-13 17:16:51,077 INFO  volume.ThrottledAsyncChecker (ThrottledAsyncChecker.java:schedule(140)) - Scheduling a check for org.apache.hadoop.ozone.container.common.volume.HddsVolume@796642ae
2019-06-13 17:16:51,077 INFO  datanode.InitDatanodeState (InitDatanodeState.java:persistContainerDatanodeDetails(140)) - DatanodeDetails is persisted to /opt/src/hadoop-ozone/integration-test/target/test-dir/MiniOzoneClusterImpl-b8f76877-1811-433e-811a-41530062d570/datanode-2/meta/datanode.id
2019-06-13 17:16:51,078 INFO  volume.HddsVolumeChecker (HddsVolumeChecker.java:checkAllVolumes(203)) - Scheduled health check for volume org.apache.hadoop.ozone.container.common.volume.HddsVolume@796642ae
2019-06-13 17:16:51,091 INFO  ratis.XceiverServerRatis (XceiverServerRatis.java:newXceiverServerRatis(401)) - Found a free port for the server : 33509
2019-06-13 17:16:51,093 INFO  impl.RaftServerProxy (ConfUtils.java:logGet(43)) - raft.rpc.type = GRPC (default)
2019-06-13 17:16:51,093 INFO  grpc.GrpcConfigKeys$Server (ConfUtils.java:logGet(43)) - raft.grpc.server.port = 33509 (custom)
2019-06-13 17:16:51,093 INFO  server.GrpcService (ConfUtils.java:logGet(43)) - raft.grpc.message.size.max = 33570816 (custom)
2019-06-13 17:16:51,093 INFO  server.RaftServerConfigKeys (ConfUtils.java:logGet(43)) - raft.server.log.appender.buffer.byte-limit = 33554432 (custom)
2019-06-13 17:16:51,093 INFO  server.GrpcService (ConfUtils.java:logGet(43)) - raft.grpc.flow.control.window = 1MB (=1048576) (default)
2019-06-13 17:16:51,094 INFO  server.RaftServerConfigKeys (ConfUtils.java:logGet(43)) - raft.server.rpc.request.timeout = 3000ms (default)
2019-06-13 17:16:51,094 INFO  server.RaftServerConfigKeys (ConfUtils.java:logGet(43)) - raft.server.storage.dir = [/opt/src/hadoop-ozone/integration-test/target/test-dir/MiniOzoneClusterImpl-b8f76877-1811-433e-811a-41530062d570/datanode-3/data/ratis] (custom)
2019-06-13 17:16:51,094 INFO  server.XceiverServerGrpc (XceiverServerGrpc.java:<init>(97)) - Found a free port for the server : 42943
2019-06-13 17:16:51,094 INFO  replication.SimpleContainerDownloader (SimpleContainerDownloader.java:<init>(72)) - Starting container downloader service to copy containers to replicate.
2019-06-13 17:16:51,095 INFO  hdfs.DFSUtil (DFSUtil.java:httpServerTemplateForNNAndJN(1641)) - Starting Web-server for hddsDatanode at: http://0.0.0.0:0
2019-06-13 17:16:51,096 INFO  server.AuthenticationFilter (AuthenticationFilter.java:constructSecretProvider(240)) - Unable to initialize FileSignerSecretProvider, falling back to use random secrets.
2019-06-13 17:16:51,097 WARN  http.HttpRequestLog (HttpRequestLog.java:getRequestLog(97)) - Jetty request log can only be enabled using Log4j
2019-06-13 17:16:51,098 INFO  http.HttpServer2 (HttpServer2.java:addGlobalFilter(975)) - Added global filter 'safety' (class=org.apache.hadoop.http.HttpServer2$QuotingInputFilter)
2019-06-13 17:16:51,099 INFO  http.HttpServer2 (HttpServer2.java:addFilter(948)) - Added filter static_user_filter (class=org.apache.hadoop.http.lib.StaticUserWebFilter$StaticUserFilter) to context hddsDatanode
2019-06-13 17:16:51,099 INFO  http.HttpServer2 (HttpServer2.java:addFilter(958)) - Added filter static_user_filter (class=org.apache.hadoop.http.lib.StaticUserWebFilter$StaticUserFilter) to context static
2019-06-13 17:16:51,099 INFO  http.HttpServer2 (HttpServer2.java:addFilter(958)) - Added filter static_user_filter (class=org.apache.hadoop.http.lib.StaticUserWebFilter$StaticUserFilter) to context logs
2019-06-13 17:16:51,099 INFO  http.HttpServer2 (HttpServer2.java:bindListener(1191)) - Jetty bound to port 44633
2019-06-13 17:16:51,099 INFO  server.Server (Server.java:doStart(351)) - jetty-9.3.24.v20180605, build timestamp: 2018-06-05T17:11:56Z, git hash: 84205aa28f11a4f31f2a3b86d1bba2cc8ab69827
2019-06-13 17:16:51,114 INFO  handler.ContextHandler (ContextHandler.java:doStart(781)) - Started o.e.j.s.ServletContextHandler@20960b51{/logs,file:///opt/src/hadoop-ozone/integration-test/target/log,AVAILABLE}
2019-06-13 17:16:51,114 INFO  handler.ContextHandler (ContextHandler.java:doStart(781)) - Started o.e.j.s.ServletContextHandler@1a947424{/static,jar:file:/root/.m2/repository/org/apache/hadoop/hadoop-hdds-container-service/0.5.0-SNAPSHOT/hadoop-hdds-container-service-0.5.0-SNAPSHOT.jar!/webapps/static,AVAILABLE}
2019-06-13 17:16:51,134 INFO  handler.ContextHandler (ContextHandler.java:doStart(781)) - Started o.e.j.w.WebAppContext@40277077{/,file:///tmp/jetty-0.0.0.0-44633-hddsDatanode-_-any-4037610797797838310.dir/webapp/,AVAILABLE}{/hddsDatanode}
2019-06-13 17:16:51,135 INFO  server.AbstractConnector (AbstractConnector.java:doStart(278)) - Started ServerConnector@4cb773c5{HTTP/1.1,[http/1.1]}{0.0.0.0:44633}
2019-06-13 17:16:51,136 INFO  server.Server (Server.java:doStart(419)) - Started @37058ms
2019-06-13 17:16:51,137 INFO  server.BaseHttpServer (BaseHttpServer.java:updateConnectorAddress(207)) - HTTP server of HDDSDATANODE is listening at http://0.0.0.0:44633
2019-06-13 17:16:51,222 INFO  ozone.HddsDatanodeService (HddsDatanodeService.java:startPlugins(396)) - Started plug-in org.apache.hadoop.ozone.web.OzoneHddsDatanodeService@71458178
2019-06-13 17:16:51,223 INFO  impl.MetricsSystemImpl (MetricsSystemImpl.java:init(158)) - HddsDatanode metrics system started (again)
2019-06-13 17:16:51,223 INFO  ozone.HddsDatanodeService (HddsDatanodeService.java:start(185)) - HddsDatanodeService host:ozone-pcwht-4071652583 ip:192.168.46.54
2019-06-13 17:16:51,223 INFO  util.JvmPauseMonitor (JvmPauseMonitor.java:run(188)) - Starting JVM pause monitor
2019-06-13 17:16:51,225 INFO  datanode.InitDatanodeState (InitDatanodeState.java:persistContainerDatanodeDetails(140)) - DatanodeDetails is persisted to /opt/src/hadoop-ozone/integration-test/target/test-dir/MiniOzoneClusterImpl-b8f76877-1811-433e-811a-41530062d570/datanode-3/meta/datanode.id
2019-06-13 17:16:51,228 INFO  volume.HddsVolume (HddsVolume.java:<init>(176)) - Creating Volume: /opt/src/hadoop-ozone/integration-test/target/test-dir/MiniOzoneClusterImpl-b8f76877-1811-433e-811a-41530062d570/datanode-4/data/containers/hdds of  storage type : DISK and capacity : 104021790720
2019-06-13 17:16:51,228 INFO  volume.VolumeSet (VolumeSet.java:initializeVolumeSet(170)) - Added Volume : /opt/src/hadoop-ozone/integration-test/target/test-dir/MiniOzoneClusterImpl-b8f76877-1811-433e-811a-41530062d570/datanode-4/data/containers/hdds to VolumeSet
2019-06-13 17:16:51,229 INFO  volume.ThrottledAsyncChecker (ThrottledAsyncChecker.java:schedule(140)) - Scheduling a check for org.apache.hadoop.ozone.container.common.volume.HddsVolume@36cdcae0
2019-06-13 17:16:51,230 INFO  volume.HddsVolumeChecker (HddsVolumeChecker.java:checkAllVolumes(203)) - Scheduled health check for volume org.apache.hadoop.ozone.container.common.volume.HddsVolume@36cdcae0
2019-06-13 17:16:51,239 INFO  ratis.XceiverServerRatis (XceiverServerRatis.java:newXceiverServerRatis(401)) - Found a free port for the server : 40783
2019-06-13 17:16:51,241 INFO  impl.RaftServerProxy (ConfUtils.java:logGet(43)) - raft.rpc.type = GRPC (default)
2019-06-13 17:16:51,241 INFO  grpc.GrpcConfigKeys$Server (ConfUtils.java:logGet(43)) - raft.grpc.server.port = 40783 (custom)
2019-06-13 17:16:51,241 INFO  server.GrpcService (ConfUtils.java:logGet(43)) - raft.grpc.message.size.max = 33570816 (custom)
2019-06-13 17:16:51,241 INFO  server.RaftServerConfigKeys (ConfUtils.java:logGet(43)) - raft.server.log.appender.buffer.byte-limit = 33554432 (custom)
2019-06-13 17:16:51,241 INFO  server.GrpcService (ConfUtils.java:logGet(43)) - raft.grpc.flow.control.window = 1MB (=1048576) (default)
2019-06-13 17:16:51,242 INFO  server.RaftServerConfigKeys (ConfUtils.java:logGet(43)) - raft.server.rpc.request.timeout = 3000ms (default)
2019-06-13 17:16:51,242 INFO  server.RaftServerConfigKeys (ConfUtils.java:logGet(43)) - raft.server.storage.dir = [/opt/src/hadoop-ozone/integration-test/target/test-dir/MiniOzoneClusterImpl-b8f76877-1811-433e-811a-41530062d570/datanode-4/data/ratis] (custom)
2019-06-13 17:16:51,242 INFO  server.XceiverServerGrpc (XceiverServerGrpc.java:<init>(97)) - Found a free port for the server : 44785
2019-06-13 17:16:51,242 INFO  replication.SimpleContainerDownloader (SimpleContainerDownloader.java:<init>(72)) - Starting container downloader service to copy containers to replicate.
2019-06-13 17:16:51,243 INFO  hdfs.DFSUtil (DFSUtil.java:httpServerTemplateForNNAndJN(1641)) - Starting Web-server for hddsDatanode at: http://0.0.0.0:0
2019-06-13 17:16:51,245 INFO  server.AuthenticationFilter (AuthenticationFilter.java:constructSecretProvider(240)) - Unable to initialize FileSignerSecretProvider, falling back to use random secrets.
2019-06-13 17:16:51,245 WARN  http.HttpRequestLog (HttpRequestLog.java:getRequestLog(97)) - Jetty request log can only be enabled using Log4j
2019-06-13 17:16:51,247 INFO  http.HttpServer2 (HttpServer2.java:addGlobalFilter(975)) - Added global filter 'safety' (class=org.apache.hadoop.http.HttpServer2$QuotingInputFilter)
2019-06-13 17:16:51,247 INFO  http.HttpServer2 (HttpServer2.java:addFilter(948)) - Added filter static_user_filter (class=org.apache.hadoop.http.lib.StaticUserWebFilter$StaticUserFilter) to context hddsDatanode
2019-06-13 17:16:51,247 INFO  http.HttpServer2 (HttpServer2.java:addFilter(958)) - Added filter static_user_filter (class=org.apache.hadoop.http.lib.StaticUserWebFilter$StaticUserFilter) to context static
2019-06-13 17:16:51,247 INFO  http.HttpServer2 (HttpServer2.java:addFilter(958)) - Added filter static_user_filter (class=org.apache.hadoop.http.lib.StaticUserWebFilter$StaticUserFilter) to context logs
2019-06-13 17:16:51,248 INFO  http.HttpServer2 (HttpServer2.java:bindListener(1191)) - Jetty bound to port 37187
2019-06-13 17:16:51,248 INFO  server.Server (Server.java:doStart(351)) - jetty-9.3.24.v20180605, build timestamp: 2018-06-05T17:11:56Z, git hash: 84205aa28f11a4f31f2a3b86d1bba2cc8ab69827
2019-06-13 17:16:51,249 INFO  handler.ContextHandler (ContextHandler.java:doStart(781)) - Started o.e.j.s.ServletContextHandler@4b5cdd07{/logs,file:///opt/src/hadoop-ozone/integration-test/target/log,AVAILABLE}
2019-06-13 17:16:51,249 INFO  handler.ContextHandler (ContextHandler.java:doStart(781)) - Started o.e.j.s.ServletContextHandler@1aaf73b7{/static,jar:file:/root/.m2/repository/org/apache/hadoop/hadoop-hdds-container-service/0.5.0-SNAPSHOT/hadoop-hdds-container-service-0.5.0-SNAPSHOT.jar!/webapps/static,AVAILABLE}
2019-06-13 17:16:51,270 INFO  handler.ContextHandler (ContextHandler.java:doStart(781)) - Started o.e.j.w.WebAppContext@46590dd0{/,file:///tmp/jetty-0.0.0.0-37187-hddsDatanode-_-any-3370566234503130975.dir/webapp/,AVAILABLE}{/hddsDatanode}
2019-06-13 17:16:51,270 INFO  server.AbstractConnector (AbstractConnector.java:doStart(278)) - Started ServerConnector@6c737fdb{HTTP/1.1,[http/1.1]}{0.0.0.0:37187}
2019-06-13 17:16:51,270 INFO  server.Server (Server.java:doStart(419)) - Started @37192ms
2019-06-13 17:16:51,271 INFO  server.BaseHttpServer (BaseHttpServer.java:updateConnectorAddress(207)) - HTTP server of HDDSDATANODE is listening at http://0.0.0.0:37187
2019-06-13 17:16:51,391 INFO  ozone.HddsDatanodeService (HddsDatanodeService.java:startPlugins(396)) - Started plug-in org.apache.hadoop.ozone.web.OzoneHddsDatanodeService@1642968c
2019-06-13 17:16:51,391 INFO  impl.MetricsSystemImpl (MetricsSystemImpl.java:init(158)) - HddsDatanode metrics system started (again)
2019-06-13 17:16:51,391 INFO  ozone.HddsDatanodeService (HddsDatanodeService.java:start(185)) - HddsDatanodeService host:ozone-pcwht-4071652583 ip:192.168.46.54
2019-06-13 17:16:51,394 INFO  util.JvmPauseMonitor (JvmPauseMonitor.java:run(188)) - Starting JVM pause monitor
2019-06-13 17:16:51,395 INFO  datanode.InitDatanodeState (InitDatanodeState.java:persistContainerDatanodeDetails(140)) - DatanodeDetails is persisted to /opt/src/hadoop-ozone/integration-test/target/test-dir/MiniOzoneClusterImpl-b8f76877-1811-433e-811a-41530062d570/datanode-4/meta/datanode.id
2019-06-13 17:16:51,399 INFO  volume.HddsVolume (HddsVolume.java:<init>(176)) - Creating Volume: /opt/src/hadoop-ozone/integration-test/target/test-dir/MiniOzoneClusterImpl-b8f76877-1811-433e-811a-41530062d570/datanode-5/data/containers/hdds of  storage type : DISK and capacity : 104021790720
2019-06-13 17:16:51,399 INFO  volume.VolumeSet (VolumeSet.java:initializeVolumeSet(170)) - Added Volume : /opt/src/hadoop-ozone/integration-test/target/test-dir/MiniOzoneClusterImpl-b8f76877-1811-433e-811a-41530062d570/datanode-5/data/containers/hdds to VolumeSet
2019-06-13 17:16:51,399 INFO  volume.ThrottledAsyncChecker (ThrottledAsyncChecker.java:schedule(140)) - Scheduling a check for org.apache.hadoop.ozone.container.common.volume.HddsVolume@71de1091
2019-06-13 17:16:51,400 INFO  volume.HddsVolumeChecker (HddsVolumeChecker.java:checkAllVolumes(203)) - Scheduled health check for volume org.apache.hadoop.ozone.container.common.volume.HddsVolume@71de1091
2019-06-13 17:16:51,409 INFO  ratis.XceiverServerRatis (XceiverServerRatis.java:newXceiverServerRatis(401)) - Found a free port for the server : 44183
2019-06-13 17:16:51,409 INFO  impl.RaftServerProxy (ConfUtils.java:logGet(43)) - raft.rpc.type = GRPC (default)
2019-06-13 17:16:51,409 INFO  grpc.GrpcConfigKeys$Server (ConfUtils.java:logGet(43)) - raft.grpc.server.port = 44183 (custom)
2019-06-13 17:16:51,410 INFO  server.GrpcService (ConfUtils.java:logGet(43)) - raft.grpc.message.size.max = 33570816 (custom)
2019-06-13 17:16:51,410 INFO  server.RaftServerConfigKeys (ConfUtils.java:logGet(43)) - raft.server.log.appender.buffer.byte-limit = 33554432 (custom)
2019-06-13 17:16:51,410 INFO  server.GrpcService (ConfUtils.java:logGet(43)) - raft.grpc.flow.control.window = 1MB (=1048576) (default)
2019-06-13 17:16:51,410 INFO  server.RaftServerConfigKeys (ConfUtils.java:logGet(43)) - raft.server.rpc.request.timeout = 3000ms (default)
2019-06-13 17:16:51,411 INFO  server.RaftServerConfigKeys (ConfUtils.java:logGet(43)) - raft.server.storage.dir = [/opt/src/hadoop-ozone/integration-test/target/test-dir/MiniOzoneClusterImpl-b8f76877-1811-433e-811a-41530062d570/datanode-5/data/ratis] (custom)
2019-06-13 17:16:51,411 INFO  server.XceiverServerGrpc (XceiverServerGrpc.java:<init>(97)) - Found a free port for the server : 35405
2019-06-13 17:16:51,411 INFO  replication.SimpleContainerDownloader (SimpleContainerDownloader.java:<init>(72)) - Starting container downloader service to copy containers to replicate.
2019-06-13 17:16:51,412 INFO  hdfs.DFSUtil (DFSUtil.java:httpServerTemplateForNNAndJN(1641)) - Starting Web-server for hddsDatanode at: http://0.0.0.0:0
2019-06-13 17:16:51,413 INFO  server.AuthenticationFilter (AuthenticationFilter.java:constructSecretProvider(240)) - Unable to initialize FileSignerSecretProvider, falling back to use random secrets.
2019-06-13 17:16:51,413 WARN  http.HttpRequestLog (HttpRequestLog.java:getRequestLog(97)) - Jetty request log can only be enabled using Log4j
2019-06-13 17:16:51,414 INFO  http.HttpServer2 (HttpServer2.java:addGlobalFilter(975)) - Added global filter 'safety' (class=org.apache.hadoop.http.HttpServer2$QuotingInputFilter)
2019-06-13 17:16:51,415 INFO  http.HttpServer2 (HttpServer2.java:addFilter(948)) - Added filter static_user_filter (class=org.apache.hadoop.http.lib.StaticUserWebFilter$StaticUserFilter) to context hddsDatanode
2019-06-13 17:16:51,415 INFO  http.HttpServer2 (HttpServer2.java:addFilter(958)) - Added filter static_user_filter (class=org.apache.hadoop.http.lib.StaticUserWebFilter$StaticUserFilter) to context logs
2019-06-13 17:16:51,415 INFO  http.HttpServer2 (HttpServer2.java:addFilter(958)) - Added filter static_user_filter (class=org.apache.hadoop.http.lib.StaticUserWebFilter$StaticUserFilter) to context static
2019-06-13 17:16:51,415 INFO  http.HttpServer2 (HttpServer2.java:bindListener(1191)) - Jetty bound to port 34901
2019-06-13 17:16:51,415 INFO  server.Server (Server.java:doStart(351)) - jetty-9.3.24.v20180605, build timestamp: 2018-06-05T17:11:56Z, git hash: 84205aa28f11a4f31f2a3b86d1bba2cc8ab69827
2019-06-13 17:16:51,417 INFO  handler.ContextHandler (ContextHandler.java:doStart(781)) - Started o.e.j.s.ServletContextHandler@5f4f6f89{/logs,file:///opt/src/hadoop-ozone/integration-test/target/log,AVAILABLE}
2019-06-13 17:16:51,417 INFO  handler.ContextHandler (ContextHandler.java:doStart(781)) - Started o.e.j.s.ServletContextHandler@ef220e4{/static,jar:file:/root/.m2/repository/org/apache/hadoop/hadoop-hdds-container-service/0.5.0-SNAPSHOT/hadoop-hdds-container-service-0.5.0-SNAPSHOT.jar!/webapps/static,AVAILABLE}
2019-06-13 17:16:51,438 INFO  handler.ContextHandler (ContextHandler.java:doStart(781)) - Started o.e.j.w.WebAppContext@63551c66{/,file:///tmp/jetty-0.0.0.0-34901-hddsDatanode-_-any-3118750801819059538.dir/webapp/,AVAILABLE}{/hddsDatanode}
2019-06-13 17:16:51,438 INFO  server.AbstractConnector (AbstractConnector.java:doStart(278)) - Started ServerConnector@2761156e{HTTP/1.1,[http/1.1]}{0.0.0.0:34901}
2019-06-13 17:16:51,439 INFO  server.Server (Server.java:doStart(419)) - Started @37361ms
2019-06-13 17:16:51,440 INFO  server.BaseHttpServer (BaseHttpServer.java:updateConnectorAddress(207)) - HTTP server of HDDSDATANODE is listening at http://0.0.0.0:34901
2019-06-13 17:16:51,520 INFO  ozone.HddsDatanodeService (HddsDatanodeService.java:startPlugins(396)) - Started plug-in org.apache.hadoop.ozone.web.OzoneHddsDatanodeService@16c9f7f0
2019-06-13 17:16:51,520 INFO  impl.MetricsSystemImpl (MetricsSystemImpl.java:init(158)) - HddsDatanode metrics system started (again)
2019-06-13 17:16:51,521 INFO  ozone.HddsDatanodeService (HddsDatanodeService.java:start(185)) - HddsDatanodeService host:ozone-pcwht-4071652583 ip:192.168.46.54
2019-06-13 17:16:51,521 INFO  util.JvmPauseMonitor (JvmPauseMonitor.java:run(188)) - Starting JVM pause monitor
2019-06-13 17:16:51,522 INFO  datanode.InitDatanodeState (InitDatanodeState.java:persistContainerDatanodeDetails(140)) - DatanodeDetails is persisted to /opt/src/hadoop-ozone/integration-test/target/test-dir/MiniOzoneClusterImpl-b8f76877-1811-433e-811a-41530062d570/datanode-5/meta/datanode.id
2019-06-13 17:16:51,526 INFO  volume.HddsVolume (HddsVolume.java:<init>(176)) - Creating Volume: /opt/src/hadoop-ozone/integration-test/target/test-dir/MiniOzoneClusterImpl-b8f76877-1811-433e-811a-41530062d570/datanode-6/data/containers/hdds of  storage type : DISK and capacity : 104021790720
2019-06-13 17:16:51,526 INFO  volume.VolumeSet (VolumeSet.java:initializeVolumeSet(170)) - Added Volume : /opt/src/hadoop-ozone/integration-test/target/test-dir/MiniOzoneClusterImpl-b8f76877-1811-433e-811a-41530062d570/datanode-6/data/containers/hdds to VolumeSet
2019-06-13 17:16:51,526 INFO  volume.ThrottledAsyncChecker (ThrottledAsyncChecker.java:schedule(140)) - Scheduling a check for org.apache.hadoop.ozone.container.common.volume.HddsVolume@2d758472
2019-06-13 17:16:51,526 INFO  volume.HddsVolumeChecker (HddsVolumeChecker.java:checkAllVolumes(203)) - Scheduled health check for volume org.apache.hadoop.ozone.container.common.volume.HddsVolume@2d758472
2019-06-13 17:16:51,535 INFO  ratis.XceiverServerRatis (XceiverServerRatis.java:newXceiverServerRatis(401)) - Found a free port for the server : 46317
2019-06-13 17:16:51,536 INFO  impl.RaftServerProxy (ConfUtils.java:logGet(43)) - raft.rpc.type = GRPC (default)
2019-06-13 17:16:51,537 INFO  grpc.GrpcConfigKeys$Server (ConfUtils.java:logGet(43)) - raft.grpc.server.port = 46317 (custom)
2019-06-13 17:16:51,537 INFO  server.GrpcService (ConfUtils.java:logGet(43)) - raft.grpc.message.size.max = 33570816 (custom)
2019-06-13 17:16:51,537 INFO  server.RaftServerConfigKeys (ConfUtils.java:logGet(43)) - raft.server.log.appender.buffer.byte-limit = 33554432 (custom)
2019-06-13 17:16:51,537 INFO  server.GrpcService (ConfUtils.java:logGet(43)) - raft.grpc.flow.control.window = 1MB (=1048576) (default)
2019-06-13 17:16:51,538 INFO  server.RaftServerConfigKeys (ConfUtils.java:logGet(43)) - raft.server.rpc.request.timeout = 3000ms (default)
2019-06-13 17:16:51,538 INFO  server.RaftServerConfigKeys (ConfUtils.java:logGet(43)) - raft.server.storage.dir = [/opt/src/hadoop-ozone/integration-test/target/test-dir/MiniOzoneClusterImpl-b8f76877-1811-433e-811a-41530062d570/datanode-6/data/ratis] (custom)
2019-06-13 17:16:51,538 INFO  server.XceiverServerGrpc (XceiverServerGrpc.java:<init>(97)) - Found a free port for the server : 37041
2019-06-13 17:16:51,539 INFO  replication.SimpleContainerDownloader (SimpleContainerDownloader.java:<init>(72)) - Starting container downloader service to copy containers to replicate.
2019-06-13 17:16:51,540 INFO  hdfs.DFSUtil (DFSUtil.java:httpServerTemplateForNNAndJN(1641)) - Starting Web-server for hddsDatanode at: http://0.0.0.0:0
2019-06-13 17:16:51,541 INFO  server.AuthenticationFilter (AuthenticationFilter.java:constructSecretProvider(240)) - Unable to initialize FileSignerSecretProvider, falling back to use random secrets.
2019-06-13 17:16:51,541 WARN  http.HttpRequestLog (HttpRequestLog.java:getRequestLog(97)) - Jetty request log can only be enabled using Log4j
2019-06-13 17:16:51,542 INFO  http.HttpServer2 (HttpServer2.java:addGlobalFilter(975)) - Added global filter 'safety' (class=org.apache.hadoop.http.HttpServer2$QuotingInputFilter)
2019-06-13 17:16:51,543 INFO  http.HttpServer2 (HttpServer2.java:addFilter(948)) - Added filter static_user_filter (class=org.apache.hadoop.http.lib.StaticUserWebFilter$StaticUserFilter) to context hddsDatanode
2019-06-13 17:16:51,543 INFO  http.HttpServer2 (HttpServer2.java:addFilter(958)) - Added filter static_user_filter (class=org.apache.hadoop.http.lib.StaticUserWebFilter$StaticUserFilter) to context logs
2019-06-13 17:16:51,543 INFO  http.HttpServer2 (HttpServer2.java:addFilter(958)) - Added filter static_user_filter (class=org.apache.hadoop.http.lib.StaticUserWebFilter$StaticUserFilter) to context static
2019-06-13 17:16:51,543 INFO  http.HttpServer2 (HttpServer2.java:bindListener(1191)) - Jetty bound to port 37123
2019-06-13 17:16:51,543 INFO  server.Server (Server.java:doStart(351)) - jetty-9.3.24.v20180605, build timestamp: 2018-06-05T17:11:56Z, git hash: 84205aa28f11a4f31f2a3b86d1bba2cc8ab69827
2019-06-13 17:16:51,560 INFO  handler.ContextHandler (ContextHandler.java:doStart(781)) - Started o.e.j.s.ServletContextHandler@2e38d44e{/logs,file:///opt/src/hadoop-ozone/integration-test/target/log,AVAILABLE}
2019-06-13 17:16:51,560 INFO  handler.ContextHandler (ContextHandler.java:doStart(781)) - Started o.e.j.s.ServletContextHandler@5f5c0eda{/static,jar:file:/root/.m2/repository/org/apache/hadoop/hadoop-hdds-container-service/0.5.0-SNAPSHOT/hadoop-hdds-container-service-0.5.0-SNAPSHOT.jar!/webapps/static,AVAILABLE}
2019-06-13 17:16:51,579 INFO  handler.ContextHandler (ContextHandler.java:doStart(781)) - Started o.e.j.w.WebAppContext@33563147{/,file:///tmp/jetty-0.0.0.0-37123-hddsDatanode-_-any-4594557264827930333.dir/webapp/,AVAILABLE}{/hddsDatanode}
2019-06-13 17:16:51,580 INFO  server.AbstractConnector (AbstractConnector.java:doStart(278)) - Started ServerConnector@33239d72{HTTP/1.1,[http/1.1]}{0.0.0.0:37123}
2019-06-13 17:16:51,581 INFO  server.Server (Server.java:doStart(419)) - Started @37503ms
2019-06-13 17:16:51,581 INFO  server.BaseHttpServer (BaseHttpServer.java:updateConnectorAddress(207)) - HTTP server of HDDSDATANODE is listening at http://0.0.0.0:37123
2019-06-13 17:16:51,656 INFO  ozone.HddsDatanodeService (HddsDatanodeService.java:startPlugins(396)) - Started plug-in org.apache.hadoop.ozone.web.OzoneHddsDatanodeService@6b6606d1
2019-06-13 17:16:51,656 INFO  ozone.MiniOzoneClusterImpl (MiniOzoneClusterImpl.java:lambda$waitForClusterToBeReady$0(142)) - Waiting for cluster to be ready. Got 0 of 7 DN Heartbeats.
2019-06-13 17:16:51,661 INFO  util.JvmPauseMonitor (JvmPauseMonitor.java:run(188)) - Starting JVM pause monitor
2019-06-13 17:16:51,662 INFO  datanode.InitDatanodeState (InitDatanodeState.java:persistContainerDatanodeDetails(140)) - DatanodeDetails is persisted to /opt/src/hadoop-ozone/integration-test/target/test-dir/MiniOzoneClusterImpl-b8f76877-1811-433e-811a-41530062d570/datanode-6/meta/datanode.id
2019-06-13 17:16:52,656 INFO  ozone.MiniOzoneClusterImpl (MiniOzoneClusterImpl.java:lambda$waitForClusterToBeReady$0(142)) - Waiting for cluster to be ready. Got 0 of 7 DN Heartbeats.
2019-06-13 17:16:52,731 INFO  ozoneimpl.OzoneContainer (OzoneContainer.java:start(186)) - Attempting to start container services.
2019-06-13 17:16:52,732 INFO  ozoneimpl.OzoneContainer (OzoneContainer.java:startContainerScrub(160)) - Background container scrubber has been disabled by hdds.containerscrub.enabled
2019-06-13 17:16:52,732 INFO  ratis.XceiverServerRatis (XceiverServerRatis.java:start(418)) - Starting XceiverServerRatis 54e51183-93cc-444b-989f-5debd09c3236 at port 37559
2019-06-13 17:16:52,737 INFO  impl.RaftServerProxy (RaftServerProxy.java:lambda$start$3(299)) - 54e51183-93cc-444b-989f-5debd09c3236: start RPC server
2019-06-13 17:16:52,738 INFO  server.GrpcService (GrpcService.java:startImpl(148)) - 54e51183-93cc-444b-989f-5debd09c3236: GrpcService started, listening on 0.0.0.0/0.0.0.0:37559
2019-06-13 17:16:52,926 INFO  ozoneimpl.OzoneContainer (OzoneContainer.java:start(186)) - Attempting to start container services.
2019-06-13 17:16:52,926 INFO  ozoneimpl.OzoneContainer (OzoneContainer.java:startContainerScrub(160)) - Background container scrubber has been disabled by hdds.containerscrub.enabled
2019-06-13 17:16:52,926 INFO  ratis.XceiverServerRatis (XceiverServerRatis.java:start(418)) - Starting XceiverServerRatis 4ce8826f-4a77-41d7-8add-9059415b23c9 at port 35603
2019-06-13 17:16:52,929 INFO  impl.RaftServerProxy (RaftServerProxy.java:lambda$start$3(299)) - 4ce8826f-4a77-41d7-8add-9059415b23c9: start RPC server
2019-06-13 17:16:52,931 INFO  server.GrpcService (GrpcService.java:startImpl(148)) - 4ce8826f-4a77-41d7-8add-9059415b23c9: GrpcService started, listening on 0.0.0.0/0.0.0.0:35603
2019-06-13 17:16:53,076 INFO  ozoneimpl.OzoneContainer (OzoneContainer.java:start(186)) - Attempting to start container services.
2019-06-13 17:16:53,076 INFO  ozoneimpl.OzoneContainer (OzoneContainer.java:startContainerScrub(160)) - Background container scrubber has been disabled by hdds.containerscrub.enabled
2019-06-13 17:16:53,077 INFO  ratis.XceiverServerRatis (XceiverServerRatis.java:start(418)) - Starting XceiverServerRatis 74f0366e-7114-4979-b395-d5d7e4b2d007 at port 42653
2019-06-13 17:16:53,080 INFO  impl.RaftServerProxy (RaftServerProxy.java:lambda$start$3(299)) - 74f0366e-7114-4979-b395-d5d7e4b2d007: start RPC server
2019-06-13 17:16:53,084 INFO  server.GrpcService (GrpcService.java:startImpl(148)) - 74f0366e-7114-4979-b395-d5d7e4b2d007: GrpcService started, listening on 0.0.0.0/0.0.0.0:42653
2019-06-13 17:16:53,225 INFO  ozoneimpl.OzoneContainer (OzoneContainer.java:start(186)) - Attempting to start container services.
2019-06-13 17:16:53,225 INFO  ozoneimpl.OzoneContainer (OzoneContainer.java:startContainerScrub(160)) - Background container scrubber has been disabled by hdds.containerscrub.enabled
2019-06-13 17:16:53,226 INFO  ratis.XceiverServerRatis (XceiverServerRatis.java:start(418)) - Starting XceiverServerRatis d8b809b8-8e41-4a91-85c1-2931e3f27410 at port 33509
2019-06-13 17:16:53,229 INFO  impl.RaftServerProxy (RaftServerProxy.java:lambda$start$3(299)) - d8b809b8-8e41-4a91-85c1-2931e3f27410: start RPC server
2019-06-13 17:16:53,229 INFO  server.GrpcService (GrpcService.java:startImpl(148)) - d8b809b8-8e41-4a91-85c1-2931e3f27410: GrpcService started, listening on 0.0.0.0/0.0.0.0:33509
2019-06-13 17:16:53,399 INFO  ozoneimpl.OzoneContainer (OzoneContainer.java:start(186)) - Attempting to start container services.
2019-06-13 17:16:53,399 INFO  ozoneimpl.OzoneContainer (OzoneContainer.java:startContainerScrub(160)) - Background container scrubber has been disabled by hdds.containerscrub.enabled
2019-06-13 17:16:53,399 INFO  ratis.XceiverServerRatis (XceiverServerRatis.java:start(418)) - Starting XceiverServerRatis d662a538-0979-4c2a-a8d0-42d33a75e287 at port 40783
2019-06-13 17:16:53,404 INFO  impl.RaftServerProxy (RaftServerProxy.java:lambda$start$3(299)) - d662a538-0979-4c2a-a8d0-42d33a75e287: start RPC server
2019-06-13 17:16:53,404 INFO  server.GrpcService (GrpcService.java:startImpl(148)) - d662a538-0979-4c2a-a8d0-42d33a75e287: GrpcService started, listening on 0.0.0.0/0.0.0.0:40783
2019-06-13 17:16:53,525 INFO  ozoneimpl.OzoneContainer (OzoneContainer.java:start(186)) - Attempting to start container services.
2019-06-13 17:16:53,525 INFO  ozoneimpl.OzoneContainer (OzoneContainer.java:startContainerScrub(160)) - Background container scrubber has been disabled by hdds.containerscrub.enabled
2019-06-13 17:16:53,525 INFO  ratis.XceiverServerRatis (XceiverServerRatis.java:start(418)) - Starting XceiverServerRatis 4754a523-2a7c-4694-ba28-600c9a696673 at port 44183
2019-06-13 17:16:53,528 INFO  impl.RaftServerProxy (RaftServerProxy.java:lambda$start$3(299)) - 4754a523-2a7c-4694-ba28-600c9a696673: start RPC server
2019-06-13 17:16:53,529 INFO  server.GrpcService (GrpcService.java:startImpl(148)) - 4754a523-2a7c-4694-ba28-600c9a696673: GrpcService started, listening on 0.0.0.0/0.0.0.0:44183
2019-06-13 17:16:53,657 INFO  ozone.MiniOzoneClusterImpl (MiniOzoneClusterImpl.java:lambda$waitForClusterToBeReady$0(142)) - Waiting for cluster to be ready. Got 0 of 7 DN Heartbeats.
2019-06-13 17:16:53,666 INFO  ozoneimpl.OzoneContainer (OzoneContainer.java:start(186)) - Attempting to start container services.
2019-06-13 17:16:53,666 INFO  ozoneimpl.OzoneContainer (OzoneContainer.java:startContainerScrub(160)) - Background container scrubber has been disabled by hdds.containerscrub.enabled
2019-06-13 17:16:53,666 INFO  ratis.XceiverServerRatis (XceiverServerRatis.java:start(418)) - Starting XceiverServerRatis 0bbf1687-1acf-4441-9855-1857c0adc953 at port 46317
2019-06-13 17:16:53,670 INFO  impl.RaftServerProxy (RaftServerProxy.java:lambda$start$3(299)) - 0bbf1687-1acf-4441-9855-1857c0adc953: start RPC server
2019-06-13 17:16:53,677 INFO  server.GrpcService (GrpcService.java:startImpl(148)) - 0bbf1687-1acf-4441-9855-1857c0adc953: GrpcService started, listening on 0.0.0.0/0.0.0.0:46317
2019-06-13 17:16:54,657 INFO  ozone.MiniOzoneClusterImpl (MiniOzoneClusterImpl.java:lambda$waitForClusterToBeReady$0(142)) - Waiting for cluster to be ready. Got 0 of 7 DN Heartbeats.
2019-06-13 17:16:54,721 INFO  node.SCMNodeManager (SCMNodeManager.java:register(234)) - Registered Data node : 54e51183-93cc-444b-989f-5debd09c3236{ip: 192.168.46.54, host: ozone-pcwht-4071652583, networkLocation: /default-rack, certSerialId: null}
2019-06-13 17:16:54,724 INFO  safemode.SCMSafeModeManager (DataNodeSafeModeRule.java:process(71)) - SCM in safe mode. 1 DataNodes registered, 1 required.
2019-06-13 17:16:54,726 INFO  safemode.SCMSafeModeManager (SCMSafeModeManager.java:validateSafeModeExitRules(177)) - ScmSafeModeManager, all rules are successfully validated
2019-06-13 17:16:54,726 INFO  safemode.SCMSafeModeManager (SCMSafeModeManager.java:exitSafeMode(193)) - SCM exiting safe mode.
2019-06-13 17:16:54,731 INFO  impl.RaftServerProxy (RaftServerProxy.java:addNew(89)) - 54e51183-93cc-444b-989f-5debd09c3236: addNew group-F5537E1F331A:[54e51183-93cc-444b-989f-5debd09c3236:192.168.46.54:37559] returns group-F5537E1F331A:java.util.concurrent.CompletableFuture@7e06251e[Not completed]
2019-06-13 17:16:54,731 INFO  impl.RaftServerImpl (RaftServerImpl.java:<init>(91)) - 54e51183-93cc-444b-989f-5debd09c3236: new RaftServerImpl for group-F5537E1F331A:[54e51183-93cc-444b-989f-5debd09c3236:192.168.46.54:37559] with ContainerStateMachine:uninitialized
2019-06-13 17:16:54,732 INFO  server.RaftServerConfigKeys (ConfUtils.java:logGet(43)) - raft.server.rpc.timeout.min = 1s (custom)
2019-06-13 17:16:54,732 INFO  server.RaftServerConfigKeys (ConfUtils.java:logGet(43)) - raft.server.rpc.timeout.max = 1200ms (custom)
2019-06-13 17:16:54,732 INFO  server.RaftServerConfigKeys (ConfUtils.java:logGet(43)) - raft.server.rpcslowness.timeout = 120s (custom)
2019-06-13 17:16:54,732 INFO  server.RaftServerConfigKeys (ConfUtils.java:logGet(43)) - raft.server.log.appender.install.snapshot.enabled = true (default)
2019-06-13 17:16:54,732 INFO  impl.RaftServerImpl (ServerState.java:<init>(101)) - 54e51183-93cc-444b-989f-5debd09c3236:group-F5537E1F331A ConfigurationManager, init=-1: [54e51183-93cc-444b-989f-5debd09c3236:192.168.46.54:37559], old=null, confs=<EMPTY_MAP>
2019-06-13 17:16:54,732 INFO  server.RaftServerConfigKeys (ConfUtils.java:logGet(43)) - raft.server.storage.dir = [/opt/src/hadoop-ozone/integration-test/target/test-dir/MiniOzoneClusterImpl-b8f76877-1811-433e-811a-41530062d570/datanode-0/data/ratis] (custom)
2019-06-13 17:16:54,732 INFO  storage.RaftStorageDirectory (RaftStorageDirectory.java:analyzeStorage(246)) - The storage directory /opt/src/hadoop-ozone/integration-test/target/test-dir/MiniOzoneClusterImpl-b8f76877-1811-433e-811a-41530062d570/datanode-0/data/ratis/d9eeb0c7-f388-4f10-bb0c-f5537e1f331a does not exist. Creating ...
2019-06-13 17:16:54,735 INFO  storage.RaftStorageDirectory (RaftStorageDirectory.java:tryLock(328)) - Lock on /opt/src/hadoop-ozone/integration-test/target/test-dir/MiniOzoneClusterImpl-b8f76877-1811-433e-811a-41530062d570/datanode-0/data/ratis/d9eeb0c7-f388-4f10-bb0c-f5537e1f331a/in_use.lock acquired by nodename 22842@ozone-pcwht-4071652583
2019-06-13 17:16:54,736 INFO  storage.RaftStorage (RaftStorage.java:format(75)) - Storage directory /opt/src/hadoop-ozone/integration-test/target/test-dir/MiniOzoneClusterImpl-b8f76877-1811-433e-811a-41530062d570/datanode-0/data/ratis/d9eeb0c7-f388-4f10-bb0c-f5537e1f331a has been successfully formatted.
2019-06-13 17:16:54,737 INFO  ratis.ContainerStateMachine (ContainerStateMachine.java:loadSnapshot(199)) - The snapshot info is null.Setting the last applied index to:(t:0, i:~)
2019-06-13 17:16:54,737 INFO  server.RaftServerConfigKeys (ConfUtils.java:logGet(43)) - raft.server.leader.election.timeout = 120s (custom)
2019-06-13 17:16:54,737 INFO  server.RaftServerConfigKeys (ConfUtils.java:logGet(43)) - raft.server.log.use.memory = false (default)
2019-06-13 17:16:54,737 INFO  server.RaftServerConfigKeys (ConfUtils.java:logGet(43)) - raft.server.log.appender.buffer.byte-limit = 33554432 (custom)
2019-06-13 17:16:54,737 INFO  server.RaftServerConfigKeys (ConfUtils.java:logGet(43)) - raft.server.log.segment.size.max = 16384 (custom)
2019-06-13 17:16:54,737 INFO  server.RaftServerConfigKeys (ConfUtils.java:logGet(43)) - raft.server.log.segment.cache.num.max = 2 (custom)
2019-06-13 17:16:54,737 INFO  storage.RaftLogWorker (RaftLogWorker.java:<init>(123)) - new 54e51183-93cc-444b-989f-5debd09c3236-RaftLogWorker for Storage Directory /opt/src/hadoop-ozone/integration-test/target/test-dir/MiniOzoneClusterImpl-b8f76877-1811-433e-811a-41530062d570/datanode-0/data/ratis/d9eeb0c7-f388-4f10-bb0c-f5537e1f331a
2019-06-13 17:16:54,737 INFO  server.RaftServerConfigKeys (ConfUtils.java:logGet(43)) - raft.server.log.queue.byte-limit = 2147483647 (custom)
2019-06-13 17:16:54,738 INFO  server.RaftServerConfigKeys (ConfUtils.java:logGet(43)) - raft.server.log.queue.element-limit = 1024 (custom)
2019-06-13 17:16:54,738 INFO  server.RaftServerConfigKeys (ConfUtils.java:logGet(43)) - raft.server.log.segment.size.max = 16384 (custom)
2019-06-13 17:16:54,738 INFO  server.RaftServerConfigKeys (ConfUtils.java:logGet(43)) - raft.server.log.preallocated.size = 16384 (custom)
2019-06-13 17:16:54,738 INFO  server.RaftServerConfigKeys (ConfUtils.java:logGet(43)) - raft.server.log.write.buffer.size = 33554432 (custom)
2019-06-13 17:16:54,738 INFO  server.RaftServerConfigKeys (ConfUtils.java:logGet(43)) - raft.server.log.force.sync.num = 128 (default)
2019-06-13 17:16:54,738 INFO  server.RaftServerConfigKeys (ConfUtils.java:logGet(43)) - raft.server.log.statemachine.data.sync = true (default)
2019-06-13 17:16:54,738 INFO  server.RaftServerConfigKeys (ConfUtils.java:logGet(43)) - raft.server.log.statemachine.data.sync.timeout = 10s (default)
2019-06-13 17:16:54,738 INFO  server.RaftServerConfigKeys (ConfUtils.java:logGet(43)) - raft.server.log.statemachine.data.sync.timeout.retry = -1 (default)
2019-06-13 17:16:54,738 INFO  server.RaftServerConfigKeys (ConfUtils.java:logGet(43)) - raft.server.log.statemachine.data.caching.enabled = true (custom)
2019-06-13 17:16:54,738 INFO  server.RaftServerConfigKeys (ConfUtils.java:logGet(43)) - raft.server.snapshot.auto.trigger.enabled = true (custom)
2019-06-13 17:16:54,739 INFO  server.RaftServerConfigKeys (ConfUtils.java:logGet(43)) - raft.server.snapshot.auto.trigger.threshold = 10000 (custom)
2019-06-13 17:16:54,739 INFO  server.RaftServerConfigKeys (ConfUtils.java:logGet(43)) - raft.server.retrycache.expirytime = 600000ms (custom)
2019-06-13 17:16:54,739 INFO  impl.RaftServerImpl (RaftServerImpl.java:start(173)) - 54e51183-93cc-444b-989f-5debd09c3236: start group-F5537E1F331A
2019-06-13 17:16:54,739 INFO  impl.RaftServerImpl (RaftServerImpl.java:setRole(164)) - 54e51183-93cc-444b-989f-5debd09c3236:group-F5537E1F331A changes role from null to FOLLOWER at term 0 for startAsFollower
2019-06-13 17:16:54,739 INFO  impl.RoleInfo (RoleInfo.java:updateAndGet(143)) - 54e51183-93cc-444b-989f-5debd09c3236: start FollowerState
2019-06-13 17:16:54,739 INFO  util.JmxRegister (JmxRegister.java:tryRegister(44)) - Successfully registered JMX Bean with object name Ratis:service=RaftServer,group=group-F5537E1F331A,id=54e51183-93cc-444b-989f-5debd09c3236
2019-06-13 17:16:54,742 INFO  pipeline.PipelineStateManager (PipelineStateManager.java:addPipeline(56)) - Created pipeline Pipeline[ Id: d9eeb0c7-f388-4f10-bb0c-f5537e1f331a, Nodes: 54e51183-93cc-444b-989f-5debd09c3236{ip: 192.168.46.54, host: ozone-pcwht-4071652583, networkLocation: /default-rack, certSerialId: null}, Type:RATIS, Factor:ONE, State:OPEN]
2019-06-13 17:16:54,922 INFO  node.SCMNodeManager (SCMNodeManager.java:register(234)) - Registered Data node : 4ce8826f-4a77-41d7-8add-9059415b23c9{ip: 192.168.46.54, host: ozone-pcwht-4071652583, networkLocation: /default-rack, certSerialId: null}
2019-06-13 17:16:54,934 INFO  impl.RaftServerProxy (RaftServerProxy.java:addNew(89)) - 4ce8826f-4a77-41d7-8add-9059415b23c9: addNew group-3C6218A6DD94:[4ce8826f-4a77-41d7-8add-9059415b23c9:192.168.46.54:35603] returns group-3C6218A6DD94:java.util.concurrent.CompletableFuture@5ad6cb15[Not completed]
2019-06-13 17:16:54,935 INFO  impl.RaftServerImpl (RaftServerImpl.java:<init>(91)) - 4ce8826f-4a77-41d7-8add-9059415b23c9: new RaftServerImpl for group-3C6218A6DD94:[4ce8826f-4a77-41d7-8add-9059415b23c9:192.168.46.54:35603] with ContainerStateMachine:uninitialized
2019-06-13 17:16:54,935 INFO  server.RaftServerConfigKeys (ConfUtils.java:logGet(43)) - raft.server.rpc.timeout.min = 1s (custom)
2019-06-13 17:16:54,935 INFO  server.RaftServerConfigKeys (ConfUtils.java:logGet(43)) - raft.server.rpc.timeout.max = 1200ms (custom)
2019-06-13 17:16:54,935 INFO  server.RaftServerConfigKeys (ConfUtils.java:logGet(43)) - raft.server.rpcslowness.timeout = 120s (custom)
2019-06-13 17:16:54,935 INFO  server.RaftServerConfigKeys (ConfUtils.java:logGet(43)) - raft.server.log.appender.install.snapshot.enabled = true (default)
2019-06-13 17:16:54,935 INFO  impl.RaftServerImpl (ServerState.java:<init>(101)) - 4ce8826f-4a77-41d7-8add-9059415b23c9:group-3C6218A6DD94 ConfigurationManager, init=-1: [4ce8826f-4a77-41d7-8add-9059415b23c9:192.168.46.54:35603], old=null, confs=<EMPTY_MAP>
2019-06-13 17:16:54,935 INFO  server.RaftServerConfigKeys (ConfUtils.java:logGet(43)) - raft.server.storage.dir = [/opt/src/hadoop-ozone/integration-test/target/test-dir/MiniOzoneClusterImpl-b8f76877-1811-433e-811a-41530062d570/datanode-1/data/ratis] (custom)
2019-06-13 17:16:54,936 INFO  storage.RaftStorageDirectory (RaftStorageDirectory.java:analyzeStorage(246)) - The storage directory /opt/src/hadoop-ozone/integration-test/target/test-dir/MiniOzoneClusterImpl-b8f76877-1811-433e-811a-41530062d570/datanode-1/data/ratis/a6f25e08-680e-4cbc-8f6b-3c6218a6dd94 does not exist. Creating ...
2019-06-13 17:16:54,938 INFO  storage.RaftStorageDirectory (RaftStorageDirectory.java:tryLock(328)) - Lock on /opt/src/hadoop-ozone/integration-test/target/test-dir/MiniOzoneClusterImpl-b8f76877-1811-433e-811a-41530062d570/datanode-1/data/ratis/a6f25e08-680e-4cbc-8f6b-3c6218a6dd94/in_use.lock acquired by nodename 22842@ozone-pcwht-4071652583
2019-06-13 17:16:54,940 INFO  storage.RaftStorage (RaftStorage.java:format(75)) - Storage directory /opt/src/hadoop-ozone/integration-test/target/test-dir/MiniOzoneClusterImpl-b8f76877-1811-433e-811a-41530062d570/datanode-1/data/ratis/a6f25e08-680e-4cbc-8f6b-3c6218a6dd94 has been successfully formatted.
2019-06-13 17:16:54,940 INFO  ratis.ContainerStateMachine (ContainerStateMachine.java:loadSnapshot(199)) - The snapshot info is null.Setting the last applied index to:(t:0, i:~)
2019-06-13 17:16:54,940 INFO  server.RaftServerConfigKeys (ConfUtils.java:logGet(43)) - raft.server.leader.election.timeout = 120s (custom)
2019-06-13 17:16:54,940 INFO  server.RaftServerConfigKeys (ConfUtils.java:logGet(43)) - raft.server.log.use.memory = false (default)
2019-06-13 17:16:54,940 INFO  server.RaftServerConfigKeys (ConfUtils.java:logGet(43)) - raft.server.log.appender.buffer.byte-limit = 33554432 (custom)
2019-06-13 17:16:54,940 INFO  server.RaftServerConfigKeys (ConfUtils.java:logGet(43)) - raft.server.log.segment.size.max = 16384 (custom)
2019-06-13 17:16:54,940 INFO  server.RaftServerConfigKeys (ConfUtils.java:logGet(43)) - raft.server.log.segment.cache.num.max = 2 (custom)
2019-06-13 17:16:54,940 INFO  storage.RaftLogWorker (RaftLogWorker.java:<init>(123)) - new 4ce8826f-4a77-41d7-8add-9059415b23c9-RaftLogWorker for Storage Directory /opt/src/hadoop-ozone/integration-test/target/test-dir/MiniOzoneClusterImpl-b8f76877-1811-433e-811a-41530062d570/datanode-1/data/ratis/a6f25e08-680e-4cbc-8f6b-3c6218a6dd94
2019-06-13 17:16:54,940 INFO  server.RaftServerConfigKeys (ConfUtils.java:logGet(43)) - raft.server.log.queue.byte-limit = 2147483647 (custom)
2019-06-13 17:16:54,940 INFO  server.RaftServerConfigKeys (ConfUtils.java:logGet(43)) - raft.server.log.queue.element-limit = 1024 (custom)
2019-06-13 17:16:54,940 INFO  server.RaftServerConfigKeys (ConfUtils.java:logGet(43)) - raft.server.log.segment.size.max = 16384 (custom)
2019-06-13 17:16:54,941 INFO  server.RaftServerConfigKeys (ConfUtils.java:logGet(43)) - raft.server.log.preallocated.size = 16384 (custom)
2019-06-13 17:16:54,941 INFO  server.RaftServerConfigKeys (ConfUtils.java:logGet(43)) - raft.server.log.write.buffer.size = 33554432 (custom)
2019-06-13 17:16:54,941 INFO  server.RaftServerConfigKeys (ConfUtils.java:logGet(43)) - raft.server.log.force.sync.num = 128 (default)
2019-06-13 17:16:54,941 INFO  server.RaftServerConfigKeys (ConfUtils.java:logGet(43)) - raft.server.log.statemachine.data.sync = true (default)
2019-06-13 17:16:54,941 INFO  server.RaftServerConfigKeys (ConfUtils.java:logGet(43)) - raft.server.log.statemachine.data.sync.timeout = 10s (default)
2019-06-13 17:16:54,941 INFO  server.RaftServerConfigKeys (ConfUtils.java:logGet(43)) - raft.server.log.statemachine.data.sync.timeout.retry = -1 (default)
2019-06-13 17:16:54,941 INFO  server.RaftServerConfigKeys (ConfUtils.java:logGet(43)) - raft.server.log.statemachine.data.caching.enabled = true (custom)
2019-06-13 17:16:54,941 INFO  server.RaftServerConfigKeys (ConfUtils.java:logGet(43)) - raft.server.snapshot.auto.trigger.enabled = true (custom)
2019-06-13 17:16:54,941 INFO  server.RaftServerConfigKeys (ConfUtils.java:logGet(43)) - raft.server.snapshot.auto.trigger.threshold = 10000 (custom)
2019-06-13 17:16:54,941 INFO  server.RaftServerConfigKeys (ConfUtils.java:logGet(43)) - raft.server.retrycache.expirytime = 600000ms (custom)
2019-06-13 17:16:54,941 INFO  impl.RaftServerImpl (RaftServerImpl.java:start(173)) - 4ce8826f-4a77-41d7-8add-9059415b23c9: start group-3C6218A6DD94
2019-06-13 17:16:54,942 INFO  impl.RaftServerImpl (RaftServerImpl.java:setRole(164)) - 4ce8826f-4a77-41d7-8add-9059415b23c9:group-3C6218A6DD94 changes role from null to FOLLOWER at term 0 for startAsFollower
2019-06-13 17:16:54,942 INFO  impl.RoleInfo (RoleInfo.java:updateAndGet(143)) - 4ce8826f-4a77-41d7-8add-9059415b23c9: start FollowerState
2019-06-13 17:16:54,942 INFO  util.JmxRegister (JmxRegister.java:tryRegister(44)) - Successfully registered JMX Bean with object name Ratis:service=RaftServer,group=group-3C6218A6DD94,id=4ce8826f-4a77-41d7-8add-9059415b23c9
2019-06-13 17:16:54,943 INFO  pipeline.PipelineStateManager (PipelineStateManager.java:addPipeline(56)) - Created pipeline Pipeline[ Id: a6f25e08-680e-4cbc-8f6b-3c6218a6dd94, Nodes: 4ce8826f-4a77-41d7-8add-9059415b23c9{ip: 192.168.46.54, host: ozone-pcwht-4071652583, networkLocation: /default-rack, certSerialId: null}, Type:RATIS, Factor:ONE, State:OPEN]
2019-06-13 17:16:55,075 INFO  node.SCMNodeManager (SCMNodeManager.java:register(234)) - Registered Data node : 74f0366e-7114-4979-b395-d5d7e4b2d007{ip: 192.168.46.54, host: ozone-pcwht-4071652583, networkLocation: /default-rack, certSerialId: null}
2019-06-13 17:16:55,080 INFO  impl.RaftServerProxy (RaftServerProxy.java:addNew(89)) - 74f0366e-7114-4979-b395-d5d7e4b2d007: addNew group-F8255193FEEF:[74f0366e-7114-4979-b395-d5d7e4b2d007:192.168.46.54:42653] returns group-F8255193FEEF:java.util.concurrent.CompletableFuture@34a2c31d[Not completed]
2019-06-13 17:16:55,081 INFO  impl.RaftServerImpl (RaftServerImpl.java:<init>(91)) - 74f0366e-7114-4979-b395-d5d7e4b2d007: new RaftServerImpl for group-F8255193FEEF:[74f0366e-7114-4979-b395-d5d7e4b2d007:192.168.46.54:42653] with ContainerStateMachine:uninitialized
2019-06-13 17:16:55,081 INFO  server.RaftServerConfigKeys (ConfUtils.java:logGet(43)) - raft.server.rpc.timeout.min = 1s (custom)
2019-06-13 17:16:55,081 INFO  server.RaftServerConfigKeys (ConfUtils.java:logGet(43)) - raft.server.rpc.timeout.max = 1200ms (custom)
2019-06-13 17:16:55,081 INFO  server.RaftServerConfigKeys (ConfUtils.java:logGet(43)) - raft.server.rpcslowness.timeout = 120s (custom)
2019-06-13 17:16:55,081 INFO  server.RaftServerConfigKeys (ConfUtils.java:logGet(43)) - raft.server.log.appender.install.snapshot.enabled = true (default)
2019-06-13 17:16:55,081 INFO  impl.RaftServerImpl (ServerState.java:<init>(101)) - 74f0366e-7114-4979-b395-d5d7e4b2d007:group-F8255193FEEF ConfigurationManager, init=-1: [74f0366e-7114-4979-b395-d5d7e4b2d007:192.168.46.54:42653], old=null, confs=<EMPTY_MAP>
2019-06-13 17:16:55,081 INFO  server.RaftServerConfigKeys (ConfUtils.java:logGet(43)) - raft.server.storage.dir = [/opt/src/hadoop-ozone/integration-test/target/test-dir/MiniOzoneClusterImpl-b8f76877-1811-433e-811a-41530062d570/datanode-2/data/ratis] (custom)
2019-06-13 17:16:55,082 INFO  storage.RaftStorageDirectory (RaftStorageDirectory.java:analyzeStorage(246)) - The storage directory /opt/src/hadoop-ozone/integration-test/target/test-dir/MiniOzoneClusterImpl-b8f76877-1811-433e-811a-41530062d570/datanode-2/data/ratis/bd364535-a699-4868-b43e-f8255193feef does not exist. Creating ...
2019-06-13 17:16:55,083 INFO  storage.RaftStorageDirectory (RaftStorageDirectory.java:tryLock(328)) - Lock on /opt/src/hadoop-ozone/integration-test/target/test-dir/MiniOzoneClusterImpl-b8f76877-1811-433e-811a-41530062d570/datanode-2/data/ratis/bd364535-a699-4868-b43e-f8255193feef/in_use.lock acquired by nodename 22842@ozone-pcwht-4071652583
2019-06-13 17:16:55,085 INFO  storage.RaftStorage (RaftStorage.java:format(75)) - Storage directory /opt/src/hadoop-ozone/integration-test/target/test-dir/MiniOzoneClusterImpl-b8f76877-1811-433e-811a-41530062d570/datanode-2/data/ratis/bd364535-a699-4868-b43e-f8255193feef has been successfully formatted.
2019-06-13 17:16:55,085 INFO  ratis.ContainerStateMachine (ContainerStateMachine.java:loadSnapshot(199)) - The snapshot info is null.Setting the last applied index to:(t:0, i:~)
2019-06-13 17:16:55,085 INFO  server.RaftServerConfigKeys (ConfUtils.java:logGet(43)) - raft.server.leader.election.timeout = 120s (custom)
2019-06-13 17:16:55,086 INFO  server.RaftServerConfigKeys (ConfUtils.java:logGet(43)) - raft.server.log.use.memory = false (default)
2019-06-13 17:16:55,086 INFO  server.RaftServerConfigKeys (ConfUtils.java:logGet(43)) - raft.server.log.appender.buffer.byte-limit = 33554432 (custom)
2019-06-13 17:16:55,086 INFO  server.RaftServerConfigKeys (ConfUtils.java:logGet(43)) - raft.server.log.segment.size.max = 16384 (custom)
2019-06-13 17:16:55,086 INFO  server.RaftServerConfigKeys (ConfUtils.java:logGet(43)) - raft.server.log.segment.cache.num.max = 2 (custom)
2019-06-13 17:16:55,086 INFO  storage.RaftLogWorker (RaftLogWorker.java:<init>(123)) - new 74f0366e-7114-4979-b395-d5d7e4b2d007-RaftLogWorker for Storage Directory /opt/src/hadoop-ozone/integration-test/target/test-dir/MiniOzoneClusterImpl-b8f76877-1811-433e-811a-41530062d570/datanode-2/data/ratis/bd364535-a699-4868-b43e-f8255193feef
2019-06-13 17:16:55,086 INFO  server.RaftServerConfigKeys (ConfUtils.java:logGet(43)) - raft.server.log.queue.byte-limit = 2147483647 (custom)
2019-06-13 17:16:55,086 INFO  server.RaftServerConfigKeys (ConfUtils.java:logGet(43)) - raft.server.log.queue.element-limit = 1024 (custom)
2019-06-13 17:16:55,086 INFO  server.RaftServerConfigKeys (ConfUtils.java:logGet(43)) - raft.server.log.segment.size.max = 16384 (custom)
2019-06-13 17:16:55,086 INFO  server.RaftServerConfigKeys (ConfUtils.java:logGet(43)) - raft.server.log.preallocated.size = 16384 (custom)
2019-06-13 17:16:55,086 INFO  server.RaftServerConfigKeys (ConfUtils.java:logGet(43)) - raft.server.log.write.buffer.size = 33554432 (custom)
2019-06-13 17:16:55,086 INFO  server.RaftServerConfigKeys (ConfUtils.java:logGet(43)) - raft.server.log.force.sync.num = 128 (default)
2019-06-13 17:16:55,086 INFO  server.RaftServerConfigKeys (ConfUtils.java:logGet(43)) - raft.server.log.statemachine.data.sync = true (default)
2019-06-13 17:16:55,086 INFO  server.RaftServerConfigKeys (ConfUtils.java:logGet(43)) - raft.server.log.statemachine.data.sync.timeout = 10s (default)
2019-06-13 17:16:55,087 INFO  server.RaftServerConfigKeys (ConfUtils.java:logGet(43)) - raft.server.log.statemachine.data.sync.timeout.retry = -1 (default)
2019-06-13 17:16:55,087 INFO  server.RaftServerConfigKeys (ConfUtils.java:logGet(43)) - raft.server.log.statemachine.data.caching.enabled = true (custom)
2019-06-13 17:16:55,087 INFO  server.RaftServerConfigKeys (ConfUtils.java:logGet(43)) - raft.server.snapshot.auto.trigger.enabled = true (custom)
2019-06-13 17:16:55,087 INFO  server.RaftServerConfigKeys (ConfUtils.java:logGet(43)) - raft.server.snapshot.auto.trigger.threshold = 10000 (custom)
2019-06-13 17:16:55,087 INFO  server.RaftServerConfigKeys (ConfUtils.java:logGet(43)) - raft.server.retrycache.expirytime = 600000ms (custom)
2019-06-13 17:16:55,087 INFO  impl.RaftServerImpl (RaftServerImpl.java:start(173)) - 74f0366e-7114-4979-b395-d5d7e4b2d007: start group-F8255193FEEF
2019-06-13 17:16:55,087 INFO  impl.RaftServerImpl (RaftServerImpl.java:setRole(164)) - 74f0366e-7114-4979-b395-d5d7e4b2d007:group-F8255193FEEF changes role from null to FOLLOWER at term 0 for startAsFollower
2019-06-13 17:16:55,087 INFO  impl.RoleInfo (RoleInfo.java:updateAndGet(143)) - 74f0366e-7114-4979-b395-d5d7e4b2d007: start FollowerState
2019-06-13 17:16:55,088 INFO  util.JmxRegister (JmxRegister.java:tryRegister(44)) - Successfully registered JMX Bean with object name Ratis:service=RaftServer,group=group-F8255193FEEF,id=74f0366e-7114-4979-b395-d5d7e4b2d007
2019-06-13 17:16:55,089 INFO  pipeline.PipelineStateManager (PipelineStateManager.java:addPipeline(56)) - Created pipeline Pipeline[ Id: bd364535-a699-4868-b43e-f8255193feef, Nodes: 74f0366e-7114-4979-b395-d5d7e4b2d007{ip: 192.168.46.54, host: ozone-pcwht-4071652583, networkLocation: /default-rack, certSerialId: null}, Type:RATIS, Factor:ONE, State:OPEN]
2019-06-13 17:16:55,103 INFO  impl.RaftServerProxy (RaftServerProxy.java:addNew(89)) - 74f0366e-7114-4979-b395-d5d7e4b2d007: addNew group-DFCE18E550F6:[74f0366e-7114-4979-b395-d5d7e4b2d007:192.168.46.54:42653, 54e51183-93cc-444b-989f-5debd09c3236:192.168.46.54:37559, 4ce8826f-4a77-41d7-8add-9059415b23c9:192.168.46.54:35603] returns group-DFCE18E550F6:java.util.concurrent.CompletableFuture@3bfe109d[Not completed]
2019-06-13 17:16:55,103 INFO  impl.RaftServerImpl (RaftServerImpl.java:<init>(91)) - 74f0366e-7114-4979-b395-d5d7e4b2d007: new RaftServerImpl for group-DFCE18E550F6:[74f0366e-7114-4979-b395-d5d7e4b2d007:192.168.46.54:42653, 54e51183-93cc-444b-989f-5debd09c3236:192.168.46.54:37559, 4ce8826f-4a77-41d7-8add-9059415b23c9:192.168.46.54:35603] with ContainerStateMachine:uninitialized
2019-06-13 17:16:55,103 INFO  server.RaftServerConfigKeys (ConfUtils.java:logGet(43)) - raft.server.rpc.timeout.min = 1s (custom)
2019-06-13 17:16:55,103 INFO  impl.RaftServerProxy (RaftServerProxy.java:addNew(89)) - 4ce8826f-4a77-41d7-8add-9059415b23c9: addNew group-DFCE18E550F6:[74f0366e-7114-4979-b395-d5d7e4b2d007:192.168.46.54:42653, 54e51183-93cc-444b-989f-5debd09c3236:192.168.46.54:37559, 4ce8826f-4a77-41d7-8add-9059415b23c9:192.168.46.54:35603] returns group-DFCE18E550F6:java.util.concurrent.CompletableFuture@6e546aed[Not completed]
2019-06-13 17:16:55,104 INFO  server.RaftServerConfigKeys (ConfUtils.java:logGet(43)) - raft.server.rpc.timeout.max = 1200ms (custom)
2019-06-13 17:16:55,104 INFO  server.RaftServerConfigKeys (ConfUtils.java:logGet(43)) - raft.server.rpcslowness.timeout = 120s (custom)
2019-06-13 17:16:55,104 INFO  server.RaftServerConfigKeys (ConfUtils.java:logGet(43)) - raft.server.log.appender.install.snapshot.enabled = true (default)
2019-06-13 17:16:55,104 INFO  impl.RaftServerImpl (RaftServerImpl.java:<init>(91)) - 4ce8826f-4a77-41d7-8add-9059415b23c9: new RaftServerImpl for group-DFCE18E550F6:[74f0366e-7114-4979-b395-d5d7e4b2d007:192.168.46.54:42653, 54e51183-93cc-444b-989f-5debd09c3236:192.168.46.54:37559, 4ce8826f-4a77-41d7-8add-9059415b23c9:192.168.46.54:35603] with ContainerStateMachine:uninitialized
2019-06-13 17:16:55,104 INFO  impl.RaftServerImpl (ServerState.java:<init>(101)) - 74f0366e-7114-4979-b395-d5d7e4b2d007:group-DFCE18E550F6 ConfigurationManager, init=-1: [74f0366e-7114-4979-b395-d5d7e4b2d007:192.168.46.54:42653, 54e51183-93cc-444b-989f-5debd09c3236:192.168.46.54:37559, 4ce8826f-4a77-41d7-8add-9059415b23c9:192.168.46.54:35603], old=null, confs=<EMPTY_MAP>
2019-06-13 17:16:55,104 INFO  server.RaftServerConfigKeys (ConfUtils.java:logGet(43)) - raft.server.storage.dir = [/opt/src/hadoop-ozone/integration-test/target/test-dir/MiniOzoneClusterImpl-b8f76877-1811-433e-811a-41530062d570/datanode-2/data/ratis] (custom)
2019-06-13 17:16:55,104 INFO  impl.RaftServerProxy (RaftServerProxy.java:addNew(89)) - 54e51183-93cc-444b-989f-5debd09c3236: addNew group-DFCE18E550F6:[74f0366e-7114-4979-b395-d5d7e4b2d007:192.168.46.54:42653, 54e51183-93cc-444b-989f-5debd09c3236:192.168.46.54:37559, 4ce8826f-4a77-41d7-8add-9059415b23c9:192.168.46.54:35603] returns group-DFCE18E550F6:java.util.concurrent.CompletableFuture@571cfa94[Not completed]
2019-06-13 17:16:55,104 INFO  server.RaftServerConfigKeys (ConfUtils.java:logGet(43)) - raft.server.rpc.timeout.min = 1s (custom)
2019-06-13 17:16:55,104 INFO  server.RaftServerConfigKeys (ConfUtils.java:logGet(43)) - raft.server.rpc.timeout.max = 1200ms (custom)
2019-06-13 17:16:55,105 INFO  server.RaftServerConfigKeys (ConfUtils.java:logGet(43)) - raft.server.rpcslowness.timeout = 120s (custom)
2019-06-13 17:16:55,105 INFO  server.RaftServerConfigKeys (ConfUtils.java:logGet(43)) - raft.server.log.appender.install.snapshot.enabled = true (default)
2019-06-13 17:16:55,105 INFO  impl.RaftServerImpl (ServerState.java:<init>(101)) - 4ce8826f-4a77-41d7-8add-9059415b23c9:group-DFCE18E550F6 ConfigurationManager, init=-1: [74f0366e-7114-4979-b395-d5d7e4b2d007:192.168.46.54:42653, 54e51183-93cc-444b-989f-5debd09c3236:192.168.46.54:37559, 4ce8826f-4a77-41d7-8add-9059415b23c9:192.168.46.54:35603], old=null, confs=<EMPTY_MAP>
2019-06-13 17:16:55,105 INFO  server.RaftServerConfigKeys (ConfUtils.java:logGet(43)) - raft.server.storage.dir = [/opt/src/hadoop-ozone/integration-test/target/test-dir/MiniOzoneClusterImpl-b8f76877-1811-433e-811a-41530062d570/datanode-1/data/ratis] (custom)
2019-06-13 17:16:55,105 INFO  storage.RaftStorageDirectory (RaftStorageDirectory.java:analyzeStorage(246)) - The storage directory /opt/src/hadoop-ozone/integration-test/target/test-dir/MiniOzoneClusterImpl-b8f76877-1811-433e-811a-41530062d570/datanode-1/data/ratis/13caf2b7-97ef-450c-8df8-dfce18e550f6 does not exist. Creating ...
2019-06-13 17:16:55,104 INFO  storage.RaftStorageDirectory (RaftStorageDirectory.java:analyzeStorage(246)) - The storage directory /opt/src/hadoop-ozone/integration-test/target/test-dir/MiniOzoneClusterImpl-b8f76877-1811-433e-811a-41530062d570/datanode-2/data/ratis/13caf2b7-97ef-450c-8df8-dfce18e550f6 does not exist. Creating ...
2019-06-13 17:16:55,105 INFO  impl.RaftServerImpl (RaftServerImpl.java:<init>(91)) - 54e51183-93cc-444b-989f-5debd09c3236: new RaftServerImpl for group-DFCE18E550F6:[74f0366e-7114-4979-b395-d5d7e4b2d007:192.168.46.54:42653, 54e51183-93cc-444b-989f-5debd09c3236:192.168.46.54:37559, 4ce8826f-4a77-41d7-8add-9059415b23c9:192.168.46.54:35603] with ContainerStateMachine:uninitialized
2019-06-13 17:16:55,105 INFO  server.RaftServerConfigKeys (ConfUtils.java:logGet(43)) - raft.server.rpc.timeout.min = 1s (custom)
2019-06-13 17:16:55,106 INFO  server.RaftServerConfigKeys (ConfUtils.java:logGet(43)) - raft.server.rpc.timeout.max = 1200ms (custom)
2019-06-13 17:16:55,106 INFO  server.RaftServerConfigKeys (ConfUtils.java:logGet(43)) - raft.server.rpcslowness.timeout = 120s (custom)
2019-06-13 17:16:55,106 INFO  server.RaftServerConfigKeys (ConfUtils.java:logGet(43)) - raft.server.log.appender.install.snapshot.enabled = true (default)
2019-06-13 17:16:55,106 INFO  impl.RaftServerImpl (ServerState.java:<init>(101)) - 54e51183-93cc-444b-989f-5debd09c3236:group-DFCE18E550F6 ConfigurationManager, init=-1: [74f0366e-7114-4979-b395-d5d7e4b2d007:192.168.46.54:42653, 54e51183-93cc-444b-989f-5debd09c3236:192.168.46.54:37559, 4ce8826f-4a77-41d7-8add-9059415b23c9:192.168.46.54:35603], old=null, confs=<EMPTY_MAP>
2019-06-13 17:16:55,106 INFO  server.RaftServerConfigKeys (ConfUtils.java:logGet(43)) - raft.server.storage.dir = [/opt/src/hadoop-ozone/integration-test/target/test-dir/MiniOzoneClusterImpl-b8f76877-1811-433e-811a-41530062d570/datanode-0/data/ratis] (custom)
2019-06-13 17:16:55,107 INFO  storage.RaftStorageDirectory (RaftStorageDirectory.java:analyzeStorage(246)) - The storage directory /opt/src/hadoop-ozone/integration-test/target/test-dir/MiniOzoneClusterImpl-b8f76877-1811-433e-811a-41530062d570/datanode-0/data/ratis/13caf2b7-97ef-450c-8df8-dfce18e550f6 does not exist. Creating ...
2019-06-13 17:16:55,107 INFO  storage.RaftStorageDirectory (RaftStorageDirectory.java:tryLock(328)) - Lock on /opt/src/hadoop-ozone/integration-test/target/test-dir/MiniOzoneClusterImpl-b8f76877-1811-433e-811a-41530062d570/datanode-2/data/ratis/13caf2b7-97ef-450c-8df8-dfce18e550f6/in_use.lock acquired by nodename 22842@ozone-pcwht-4071652583
2019-06-13 17:16:55,107 INFO  storage.RaftStorageDirectory (RaftStorageDirectory.java:tryLock(328)) - Lock on /opt/src/hadoop-ozone/integration-test/target/test-dir/MiniOzoneClusterImpl-b8f76877-1811-433e-811a-41530062d570/datanode-1/data/ratis/13caf2b7-97ef-450c-8df8-dfce18e550f6/in_use.lock acquired by nodename 22842@ozone-pcwht-4071652583
2019-06-13 17:16:55,109 INFO  storage.RaftStorageDirectory (RaftStorageDirectory.java:tryLock(328)) - Lock on /opt/src/hadoop-ozone/integration-test/target/test-dir/MiniOzoneClusterImpl-b8f76877-1811-433e-811a-41530062d570/datanode-0/data/ratis/13caf2b7-97ef-450c-8df8-dfce18e550f6/in_use.lock acquired by nodename 22842@ozone-pcwht-4071652583
2019-06-13 17:16:55,110 INFO  storage.RaftStorage (RaftStorage.java:format(75)) - Storage directory /opt/src/hadoop-ozone/integration-test/target/test-dir/MiniOzoneClusterImpl-b8f76877-1811-433e-811a-41530062d570/datanode-1/data/ratis/13caf2b7-97ef-450c-8df8-dfce18e550f6 has been successfully formatted.
2019-06-13 17:16:55,110 INFO  storage.RaftStorage (RaftStorage.java:format(75)) - Storage directory /opt/src/hadoop-ozone/integration-test/target/test-dir/MiniOzoneClusterImpl-b8f76877-1811-433e-811a-41530062d570/datanode-2/data/ratis/13caf2b7-97ef-450c-8df8-dfce18e550f6 has been successfully formatted.
2019-06-13 17:16:55,110 INFO  ratis.ContainerStateMachine (ContainerStateMachine.java:loadSnapshot(199)) - The snapshot info is null.Setting the last applied index to:(t:0, i:~)
2019-06-13 17:16:55,110 INFO  server.RaftServerConfigKeys (ConfUtils.java:logGet(43)) - raft.server.leader.election.timeout = 120s (custom)
2019-06-13 17:16:55,110 INFO  server.RaftServerConfigKeys (ConfUtils.java:logGet(43)) - raft.server.log.use.memory = false (default)
2019-06-13 17:16:55,110 INFO  server.RaftServerConfigKeys (ConfUtils.java:logGet(43)) - raft.server.log.appender.buffer.byte-limit = 33554432 (custom)
2019-06-13 17:16:55,110 INFO  server.RaftServerConfigKeys (ConfUtils.java:logGet(43)) - raft.server.log.segment.size.max = 16384 (custom)
2019-06-13 17:16:55,110 INFO  server.RaftServerConfigKeys (ConfUtils.java:logGet(43)) - raft.server.log.segment.cache.num.max = 2 (custom)
2019-06-13 17:16:55,110 INFO  storage.RaftLogWorker (RaftLogWorker.java:<init>(123)) - new 4ce8826f-4a77-41d7-8add-9059415b23c9-RaftLogWorker for Storage Directory /opt/src/hadoop-ozone/integration-test/target/test-dir/MiniOzoneClusterImpl-b8f76877-1811-433e-811a-41530062d570/datanode-1/data/ratis/13caf2b7-97ef-450c-8df8-dfce18e550f6
2019-06-13 17:16:55,110 INFO  server.RaftServerConfigKeys (ConfUtils.java:logGet(43)) - raft.server.log.queue.byte-limit = 2147483647 (custom)
2019-06-13 17:16:55,110 INFO  server.RaftServerConfigKeys (ConfUtils.java:logGet(43)) - raft.server.log.queue.element-limit = 1024 (custom)
2019-06-13 17:16:55,110 INFO  server.RaftServerConfigKeys (ConfUtils.java:logGet(43)) - raft.server.log.segment.size.max = 16384 (custom)
2019-06-13 17:16:55,110 INFO  ratis.ContainerStateMachine (ContainerStateMachine.java:loadSnapshot(199)) - The snapshot info is null.Setting the last applied index to:(t:0, i:~)
2019-06-13 17:16:55,110 INFO  server.RaftServerConfigKeys (ConfUtils.java:logGet(43)) - raft.server.log.preallocated.size = 16384 (custom)
2019-06-13 17:16:55,111 INFO  server.RaftServerConfigKeys (ConfUtils.java:logGet(43)) - raft.server.leader.election.timeout = 120s (custom)
2019-06-13 17:16:55,111 INFO  server.RaftServerConfigKeys (ConfUtils.java:logGet(43)) - raft.server.log.write.buffer.size = 33554432 (custom)
2019-06-13 17:16:55,111 INFO  server.RaftServerConfigKeys (ConfUtils.java:logGet(43)) - raft.server.log.use.memory = false (default)
2019-06-13 17:16:55,111 INFO  server.RaftServerConfigKeys (ConfUtils.java:logGet(43)) - raft.server.log.force.sync.num = 128 (default)
2019-06-13 17:16:55,111 INFO  server.RaftServerConfigKeys (ConfUtils.java:logGet(43)) - raft.server.log.appender.buffer.byte-limit = 33554432 (custom)
2019-06-13 17:16:55,111 INFO  storage.RaftStorage (RaftStorage.java:format(75)) - Storage directory /opt/src/hadoop-ozone/integration-test/target/test-dir/MiniOzoneClusterImpl-b8f76877-1811-433e-811a-41530062d570/datanode-0/data/ratis/13caf2b7-97ef-450c-8df8-dfce18e550f6 has been successfully formatted.
2019-06-13 17:16:55,111 INFO  server.RaftServerConfigKeys (ConfUtils.java:logGet(43)) - raft.server.log.statemachine.data.sync = true (default)
2019-06-13 17:16:55,111 INFO  ratis.ContainerStateMachine (ContainerStateMachine.java:loadSnapshot(199)) - The snapshot info is null.Setting the last applied index to:(t:0, i:~)
2019-06-13 17:16:55,111 INFO  server.RaftServerConfigKeys (ConfUtils.java:logGet(43)) - raft.server.log.segment.size.max = 16384 (custom)
2019-06-13 17:16:55,111 INFO  server.RaftServerConfigKeys (ConfUtils.java:logGet(43)) - raft.server.leader.election.timeout = 120s (custom)
2019-06-13 17:16:55,111 INFO  server.RaftServerConfigKeys (ConfUtils.java:logGet(43)) - raft.server.log.statemachine.data.sync.timeout = 10s (default)
2019-06-13 17:16:55,111 INFO  server.RaftServerConfigKeys (ConfUtils.java:logGet(43)) - raft.server.log.use.memory = false (default)
2019-06-13 17:16:55,111 INFO  server.RaftServerConfigKeys (ConfUtils.java:logGet(43)) - raft.server.log.segment.cache.num.max = 2 (custom)
2019-06-13 17:16:55,112 INFO  server.RaftServerConfigKeys (ConfUtils.java:logGet(43)) - raft.server.log.appender.buffer.byte-limit = 33554432 (custom)
2019-06-13 17:16:55,112 INFO  server.RaftServerConfigKeys (ConfUtils.java:logGet(43)) - raft.server.log.statemachine.data.sync.timeout.retry = -1 (default)
2019-06-13 17:16:55,112 INFO  server.RaftServerConfigKeys (ConfUtils.java:logGet(43)) - raft.server.log.segment.size.max = 16384 (custom)
2019-06-13 17:16:55,112 INFO  storage.RaftLogWorker (RaftLogWorker.java:<init>(123)) - new 74f0366e-7114-4979-b395-d5d7e4b2d007-RaftLogWorker for Storage Directory /opt/src/hadoop-ozone/integration-test/target/test-dir/MiniOzoneClusterImpl-b8f76877-1811-433e-811a-41530062d570/datanode-2/data/ratis/13caf2b7-97ef-450c-8df8-dfce18e550f6
2019-06-13 17:16:55,112 INFO  server.RaftServerConfigKeys (ConfUtils.java:logGet(43)) - raft.server.log.segment.cache.num.max = 2 (custom)
2019-06-13 17:16:55,112 INFO  server.RaftServerConfigKeys (ConfUtils.java:logGet(43)) - raft.server.log.statemachine.data.caching.enabled = true (custom)
2019-06-13 17:16:55,112 INFO  storage.RaftLogWorker (RaftLogWorker.java:<init>(123)) - new 54e51183-93cc-444b-989f-5debd09c3236-RaftLogWorker for Storage Directory /opt/src/hadoop-ozone/integration-test/target/test-dir/MiniOzoneClusterImpl-b8f76877-1811-433e-811a-41530062d570/datanode-0/data/ratis/13caf2b7-97ef-450c-8df8-dfce18e550f6
2019-06-13 17:16:55,112 INFO  server.RaftServerConfigKeys (ConfUtils.java:logGet(43)) - raft.server.log.queue.byte-limit = 2147483647 (custom)
2019-06-13 17:16:55,112 INFO  server.RaftServerConfigKeys (ConfUtils.java:logGet(43)) - raft.server.log.queue.element-limit = 1024 (custom)
2019-06-13 17:16:55,112 INFO  server.RaftServerConfigKeys (ConfUtils.java:logGet(43)) - raft.server.log.segment.size.max = 16384 (custom)
2019-06-13 17:16:55,112 INFO  server.RaftServerConfigKeys (ConfUtils.java:logGet(43)) - raft.server.log.preallocated.size = 16384 (custom)
2019-06-13 17:16:55,113 INFO  server.RaftServerConfigKeys (ConfUtils.java:logGet(43)) - raft.server.log.write.buffer.size = 33554432 (custom)
2019-06-13 17:16:55,113 INFO  server.RaftServerConfigKeys (ConfUtils.java:logGet(43)) - raft.server.log.force.sync.num = 128 (default)
2019-06-13 17:16:55,113 INFO  server.RaftServerConfigKeys (ConfUtils.java:logGet(43)) - raft.server.log.statemachine.data.sync = true (default)
2019-06-13 17:16:55,113 INFO  server.RaftServerConfigKeys (ConfUtils.java:logGet(43)) - raft.server.log.statemachine.data.sync.timeout = 10s (default)
2019-06-13 17:16:55,113 INFO  server.RaftServerConfigKeys (ConfUtils.java:logGet(43)) - raft.server.log.statemachine.data.sync.timeout.retry = -1 (default)
2019-06-13 17:16:55,113 INFO  server.RaftServerConfigKeys (ConfUtils.java:logGet(43)) - raft.server.log.statemachine.data.caching.enabled = true (custom)
2019-06-13 17:16:55,112 INFO  server.RaftServerConfigKeys (ConfUtils.java:logGet(43)) - raft.server.log.queue.byte-limit = 2147483647 (custom)
2019-06-13 17:16:55,113 INFO  server.RaftServerConfigKeys (ConfUtils.java:logGet(43)) - raft.server.snapshot.auto.trigger.enabled = true (custom)
2019-06-13 17:16:55,113 INFO  server.RaftServerConfigKeys (ConfUtils.java:logGet(43)) - raft.server.log.queue.element-limit = 1024 (custom)
2019-06-13 17:16:55,112 INFO  server.RaftServerConfigKeys (ConfUtils.java:logGet(43)) - raft.server.snapshot.auto.trigger.enabled = true (custom)
2019-06-13 17:16:55,113 INFO  server.RaftServerConfigKeys (ConfUtils.java:logGet(43)) - raft.server.log.segment.size.max = 16384 (custom)
2019-06-13 17:16:55,113 INFO  server.RaftServerConfigKeys (ConfUtils.java:logGet(43)) - raft.server.snapshot.auto.trigger.threshold = 10000 (custom)
2019-06-13 17:16:55,114 INFO  server.RaftServerConfigKeys (ConfUtils.java:logGet(43)) - raft.server.log.preallocated.size = 16384 (custom)
2019-06-13 17:16:55,113 INFO  server.RaftServerConfigKeys (ConfUtils.java:logGet(43)) - raft.server.snapshot.auto.trigger.threshold = 10000 (custom)
2019-06-13 17:16:55,114 INFO  server.RaftServerConfigKeys (ConfUtils.java:logGet(43)) - raft.server.log.write.buffer.size = 33554432 (custom)
2019-06-13 17:16:55,114 INFO  server.RaftServerConfigKeys (ConfUtils.java:logGet(43)) - raft.server.retrycache.expirytime = 600000ms (custom)
2019-06-13 17:16:55,114 INFO  server.RaftServerConfigKeys (ConfUtils.java:logGet(43)) - raft.server.log.force.sync.num = 128 (default)
2019-06-13 17:16:55,114 INFO  server.RaftServerConfigKeys (ConfUtils.java:logGet(43)) - raft.server.retrycache.expirytime = 600000ms (custom)
2019-06-13 17:16:55,114 INFO  server.RaftServerConfigKeys (ConfUtils.java:logGet(43)) - raft.server.log.statemachine.data.sync = true (default)
2019-06-13 17:16:55,114 INFO  impl.RaftServerImpl (RaftServerImpl.java:start(173)) - 54e51183-93cc-444b-989f-5debd09c3236: start group-DFCE18E550F6
2019-06-13 17:16:55,114 INFO  server.RaftServerConfigKeys (ConfUtils.java:logGet(43)) - raft.server.log.statemachine.data.sync.timeout = 10s (default)
2019-06-13 17:16:55,114 INFO  impl.RaftServerImpl (RaftServerImpl.java:start(173)) - 4ce8826f-4a77-41d7-8add-9059415b23c9: start group-DFCE18E550F6
2019-06-13 17:16:55,114 INFO  server.RaftServerConfigKeys (ConfUtils.java:logGet(43)) - raft.server.log.statemachine.data.sync.timeout.retry = -1 (default)
2019-06-13 17:16:55,114 INFO  impl.RaftServerImpl (RaftServerImpl.java:setRole(164)) - 54e51183-93cc-444b-989f-5debd09c3236:group-DFCE18E550F6 changes role from null to FOLLOWER at term 0 for startAsFollower
2019-06-13 17:16:55,114 INFO  server.RaftServerConfigKeys (ConfUtils.java:logGet(43)) - raft.server.log.statemachine.data.caching.enabled = true (custom)
2019-06-13 17:16:55,114 INFO  impl.RaftServerImpl (RaftServerImpl.java:setRole(164)) - 4ce8826f-4a77-41d7-8add-9059415b23c9:group-DFCE18E550F6 changes role from null to FOLLOWER at term 0 for startAsFollower
2019-06-13 17:16:55,115 INFO  impl.RoleInfo (RoleInfo.java:updateAndGet(143)) - 4ce8826f-4a77-41d7-8add-9059415b23c9: start FollowerState
2019-06-13 17:16:55,115 INFO  impl.RoleInfo (RoleInfo.java:updateAndGet(143)) - 54e51183-93cc-444b-989f-5debd09c3236: start FollowerState
2019-06-13 17:16:55,117 INFO  server.RaftServerConfigKeys (ConfUtils.java:logGet(43)) - raft.server.snapshot.auto.trigger.enabled = true (custom)
2019-06-13 17:16:55,117 INFO  server.RaftServerConfigKeys (ConfUtils.java:logGet(43)) - raft.server.snapshot.auto.trigger.threshold = 10000 (custom)
2019-06-13 17:16:55,118 INFO  server.RaftServerConfigKeys (ConfUtils.java:logGet(43)) - raft.server.retrycache.expirytime = 600000ms (custom)
2019-06-13 17:16:55,118 INFO  util.JmxRegister (JmxRegister.java:tryRegister(44)) - Successfully registered JMX Bean with object name Ratis:service=RaftServer,group=group-DFCE18E550F6,id=54e51183-93cc-444b-989f-5debd09c3236
2019-06-13 17:16:55,118 INFO  util.JmxRegister (JmxRegister.java:tryRegister(44)) - Successfully registered JMX Bean with object name Ratis:service=RaftServer,group=group-DFCE18E550F6,id=4ce8826f-4a77-41d7-8add-9059415b23c9
2019-06-13 17:16:55,118 INFO  impl.RaftServerImpl (RaftServerImpl.java:start(173)) - 74f0366e-7114-4979-b395-d5d7e4b2d007: start group-DFCE18E550F6
2019-06-13 17:16:55,118 INFO  impl.RaftServerImpl (RaftServerImpl.java:setRole(164)) - 74f0366e-7114-4979-b395-d5d7e4b2d007:group-DFCE18E550F6 changes role from null to FOLLOWER at term 0 for startAsFollower
2019-06-13 17:16:55,121 INFO  impl.RoleInfo (RoleInfo.java:updateAndGet(143)) - 74f0366e-7114-4979-b395-d5d7e4b2d007: start FollowerState
2019-06-13 17:16:55,122 INFO  util.JmxRegister (JmxRegister.java:tryRegister(44)) - Successfully registered JMX Bean with object name Ratis:service=RaftServer,group=group-DFCE18E550F6,id=74f0366e-7114-4979-b395-d5d7e4b2d007
2019-06-13 17:16:55,129 INFO  pipeline.PipelineStateManager (PipelineStateManager.java:addPipeline(56)) - Created pipeline Pipeline[ Id: 13caf2b7-97ef-450c-8df8-dfce18e550f6, Nodes: 4ce8826f-4a77-41d7-8add-9059415b23c9{ip: 192.168.46.54, host: ozone-pcwht-4071652583, networkLocation: /default-rack, certSerialId: null}74f0366e-7114-4979-b395-d5d7e4b2d007{ip: 192.168.46.54, host: ozone-pcwht-4071652583, networkLocation: /default-rack, certSerialId: null}54e51183-93cc-444b-989f-5debd09c3236{ip: 192.168.46.54, host: ozone-pcwht-4071652583, networkLocation: /default-rack, certSerialId: null}, Type:RATIS, Factor:THREE, State:OPEN]
2019-06-13 17:16:55,224 INFO  node.SCMNodeManager (SCMNodeManager.java:register(234)) - Registered Data node : d8b809b8-8e41-4a91-85c1-2931e3f27410{ip: 192.168.46.54, host: ozone-pcwht-4071652583, networkLocation: /default-rack, certSerialId: null}
2019-06-13 17:16:55,231 INFO  impl.RaftServerProxy (RaftServerProxy.java:addNew(89)) - d8b809b8-8e41-4a91-85c1-2931e3f27410: addNew group-AB863E0637D5:[d8b809b8-8e41-4a91-85c1-2931e3f27410:192.168.46.54:33509] returns group-AB863E0637D5:java.util.concurrent.CompletableFuture@6fd0a215[Not completed]
2019-06-13 17:16:55,234 INFO  impl.RaftServerImpl (RaftServerImpl.java:<init>(91)) - d8b809b8-8e41-4a91-85c1-2931e3f27410: new RaftServerImpl for group-AB863E0637D5:[d8b809b8-8e41-4a91-85c1-2931e3f27410:192.168.46.54:33509] with ContainerStateMachine:uninitialized
2019-06-13 17:16:55,234 INFO  server.RaftServerConfigKeys (ConfUtils.java:logGet(43)) - raft.server.rpc.timeout.min = 1s (custom)
2019-06-13 17:16:55,234 INFO  server.RaftServerConfigKeys (ConfUtils.java:logGet(43)) - raft.server.rpc.timeout.max = 1200ms (custom)
2019-06-13 17:16:55,234 INFO  server.RaftServerConfigKeys (ConfUtils.java:logGet(43)) - raft.server.rpcslowness.timeout = 120s (custom)
2019-06-13 17:16:55,234 INFO  server.RaftServerConfigKeys (ConfUtils.java:logGet(43)) - raft.server.log.appender.install.snapshot.enabled = true (default)
2019-06-13 17:16:55,234 INFO  impl.RaftServerImpl (ServerState.java:<init>(101)) - d8b809b8-8e41-4a91-85c1-2931e3f27410:group-AB863E0637D5 ConfigurationManager, init=-1: [d8b809b8-8e41-4a91-85c1-2931e3f27410:192.168.46.54:33509], old=null, confs=<EMPTY_MAP>
2019-06-13 17:16:55,234 INFO  server.RaftServerConfigKeys (ConfUtils.java:logGet(43)) - raft.server.storage.dir = [/opt/src/hadoop-ozone/integration-test/target/test-dir/MiniOzoneClusterImpl-b8f76877-1811-433e-811a-41530062d570/datanode-3/data/ratis] (custom)
2019-06-13 17:16:55,235 INFO  storage.RaftStorageDirectory (RaftStorageDirectory.java:analyzeStorage(246)) - The storage directory /opt/src/hadoop-ozone/integration-test/target/test-dir/MiniOzoneClusterImpl-b8f76877-1811-433e-811a-41530062d570/datanode-3/data/ratis/2b1a0329-8851-4598-a85a-ab863e0637d5 does not exist. Creating ...
2019-06-13 17:16:55,237 INFO  storage.RaftStorageDirectory (RaftStorageDirectory.java:tryLock(328)) - Lock on /opt/src/hadoop-ozone/integration-test/target/test-dir/MiniOzoneClusterImpl-b8f76877-1811-433e-811a-41530062d570/datanode-3/data/ratis/2b1a0329-8851-4598-a85a-ab863e0637d5/in_use.lock acquired by nodename 22842@ozone-pcwht-4071652583
2019-06-13 17:16:55,239 INFO  storage.RaftStorage (RaftStorage.java:format(75)) - Storage directory /opt/src/hadoop-ozone/integration-test/target/test-dir/MiniOzoneClusterImpl-b8f76877-1811-433e-811a-41530062d570/datanode-3/data/ratis/2b1a0329-8851-4598-a85a-ab863e0637d5 has been successfully formatted.
2019-06-13 17:16:55,239 INFO  ratis.ContainerStateMachine (ContainerStateMachine.java:loadSnapshot(199)) - The snapshot info is null.Setting the last applied index to:(t:0, i:~)
2019-06-13 17:16:55,239 INFO  server.RaftServerConfigKeys (ConfUtils.java:logGet(43)) - raft.server.leader.election.timeout = 120s (custom)
2019-06-13 17:16:55,239 INFO  server.RaftServerConfigKeys (ConfUtils.java:logGet(43)) - raft.server.log.use.memory = false (default)
2019-06-13 17:16:55,239 INFO  server.RaftServerConfigKeys (ConfUtils.java:logGet(43)) - raft.server.log.appender.buffer.byte-limit = 33554432 (custom)
2019-06-13 17:16:55,239 INFO  server.RaftServerConfigKeys (ConfUtils.java:logGet(43)) - raft.server.log.segment.size.max = 16384 (custom)
2019-06-13 17:16:55,239 INFO  server.RaftServerConfigKeys (ConfUtils.java:logGet(43)) - raft.server.log.segment.cache.num.max = 2 (custom)
2019-06-13 17:16:55,239 INFO  storage.RaftLogWorker (RaftLogWorker.java:<init>(123)) - new d8b809b8-8e41-4a91-85c1-2931e3f27410-RaftLogWorker for Storage Directory /opt/src/hadoop-ozone/integration-test/target/test-dir/MiniOzoneClusterImpl-b8f76877-1811-433e-811a-41530062d570/datanode-3/data/ratis/2b1a0329-8851-4598-a85a-ab863e0637d5
2019-06-13 17:16:55,240 INFO  server.RaftServerConfigKeys (ConfUtils.java:logGet(43)) - raft.server.log.queue.byte-limit = 2147483647 (custom)
2019-06-13 17:16:55,240 INFO  server.RaftServerConfigKeys (ConfUtils.java:logGet(43)) - raft.server.log.queue.element-limit = 1024 (custom)
2019-06-13 17:16:55,240 INFO  server.RaftServerConfigKeys (ConfUtils.java:logGet(43)) - raft.server.log.segment.size.max = 16384 (custom)
2019-06-13 17:16:55,240 INFO  server.RaftServerConfigKeys (ConfUtils.java:logGet(43)) - raft.server.log.preallocated.size = 16384 (custom)
2019-06-13 17:16:55,240 INFO  server.RaftServerConfigKeys (ConfUtils.java:logGet(43)) - raft.server.log.write.buffer.size = 33554432 (custom)
2019-06-13 17:16:55,240 INFO  server.RaftServerConfigKeys (ConfUtils.java:logGet(43)) - raft.server.log.force.sync.num = 128 (default)
2019-06-13 17:16:55,240 INFO  server.RaftServerConfigKeys (ConfUtils.java:logGet(43)) - raft.server.log.statemachine.data.sync = true (default)
2019-06-13 17:16:55,240 INFO  server.RaftServerConfigKeys (ConfUtils.java:logGet(43)) - raft.server.log.statemachine.data.sync.timeout = 10s (default)
2019-06-13 17:16:55,240 INFO  server.RaftServerConfigKeys (ConfUtils.java:logGet(43)) - raft.server.log.statemachine.data.sync.timeout.retry = -1 (default)
2019-06-13 17:16:55,240 INFO  server.RaftServerConfigKeys (ConfUtils.java:logGet(43)) - raft.server.log.statemachine.data.caching.enabled = true (custom)
2019-06-13 17:16:55,240 INFO  server.RaftServerConfigKeys (ConfUtils.java:logGet(43)) - raft.server.snapshot.auto.trigger.enabled = true (custom)
2019-06-13 17:16:55,241 INFO  server.RaftServerConfigKeys (ConfUtils.java:logGet(43)) - raft.server.snapshot.auto.trigger.threshold = 10000 (custom)
2019-06-13 17:16:55,241 INFO  server.RaftServerConfigKeys (ConfUtils.java:logGet(43)) - raft.server.retrycache.expirytime = 600000ms (custom)
2019-06-13 17:16:55,241 INFO  impl.RaftServerImpl (RaftServerImpl.java:start(173)) - d8b809b8-8e41-4a91-85c1-2931e3f27410: start group-AB863E0637D5
2019-06-13 17:16:55,241 INFO  impl.RaftServerImpl (RaftServerImpl.java:setRole(164)) - d8b809b8-8e41-4a91-85c1-2931e3f27410:group-AB863E0637D5 changes role from null to FOLLOWER at term 0 for startAsFollower
2019-06-13 17:16:55,241 INFO  impl.RoleInfo (RoleInfo.java:updateAndGet(143)) - d8b809b8-8e41-4a91-85c1-2931e3f27410: start FollowerState
2019-06-13 17:16:55,241 INFO  util.JmxRegister (JmxRegister.java:tryRegister(44)) - Successfully registered JMX Bean with object name Ratis:service=RaftServer,group=group-AB863E0637D5,id=d8b809b8-8e41-4a91-85c1-2931e3f27410
2019-06-13 17:16:55,243 INFO  pipeline.PipelineStateManager (PipelineStateManager.java:addPipeline(56)) - Created pipeline Pipeline[ Id: 2b1a0329-8851-4598-a85a-ab863e0637d5, Nodes: d8b809b8-8e41-4a91-85c1-2931e3f27410{ip: 192.168.46.54, host: ozone-pcwht-4071652583, networkLocation: /default-rack, certSerialId: null}, Type:RATIS, Factor:ONE, State:OPEN]
2019-06-13 17:16:55,395 INFO  node.SCMNodeManager (SCMNodeManager.java:register(234)) - Registered Data node : d662a538-0979-4c2a-a8d0-42d33a75e287{ip: 192.168.46.54, host: ozone-pcwht-4071652583, networkLocation: /default-rack, certSerialId: null}
2019-06-13 17:16:55,401 INFO  impl.RaftServerProxy (RaftServerProxy.java:addNew(89)) - d662a538-0979-4c2a-a8d0-42d33a75e287: addNew group-6277338AF216:[d662a538-0979-4c2a-a8d0-42d33a75e287:192.168.46.54:40783] returns group-6277338AF216:java.util.concurrent.CompletableFuture@513c374e[Not completed]
2019-06-13 17:16:55,401 INFO  impl.RaftServerImpl (RaftServerImpl.java:<init>(91)) - d662a538-0979-4c2a-a8d0-42d33a75e287: new RaftServerImpl for group-6277338AF216:[d662a538-0979-4c2a-a8d0-42d33a75e287:192.168.46.54:40783] with ContainerStateMachine:uninitialized
2019-06-13 17:16:55,401 INFO  server.RaftServerConfigKeys (ConfUtils.java:logGet(43)) - raft.server.rpc.timeout.min = 1s (custom)
2019-06-13 17:16:55,401 INFO  server.RaftServerConfigKeys (ConfUtils.java:logGet(43)) - raft.server.rpc.timeout.max = 1200ms (custom)
2019-06-13 17:16:55,401 INFO  server.RaftServerConfigKeys (ConfUtils.java:logGet(43)) - raft.server.rpcslowness.timeout = 120s (custom)
2019-06-13 17:16:55,401 INFO  server.RaftServerConfigKeys (ConfUtils.java:logGet(43)) - raft.server.log.appender.install.snapshot.enabled = true (default)
2019-06-13 17:16:55,401 INFO  impl.RaftServerImpl (ServerState.java:<init>(101)) - d662a538-0979-4c2a-a8d0-42d33a75e287:group-6277338AF216 ConfigurationManager, init=-1: [d662a538-0979-4c2a-a8d0-42d33a75e287:192.168.46.54:40783], old=null, confs=<EMPTY_MAP>
2019-06-13 17:16:55,402 INFO  server.RaftServerConfigKeys (ConfUtils.java:logGet(43)) - raft.server.storage.dir = [/opt/src/hadoop-ozone/integration-test/target/test-dir/MiniOzoneClusterImpl-b8f76877-1811-433e-811a-41530062d570/datanode-4/data/ratis] (custom)
2019-06-13 17:16:55,402 INFO  storage.RaftStorageDirectory (RaftStorageDirectory.java:analyzeStorage(246)) - The storage directory /opt/src/hadoop-ozone/integration-test/target/test-dir/MiniOzoneClusterImpl-b8f76877-1811-433e-811a-41530062d570/datanode-4/data/ratis/5212eef1-e3ec-4a47-be37-6277338af216 does not exist. Creating ...
2019-06-13 17:16:55,404 INFO  storage.RaftStorageDirectory (RaftStorageDirectory.java:tryLock(328)) - Lock on /opt/src/hadoop-ozone/integration-test/target/test-dir/MiniOzoneClusterImpl-b8f76877-1811-433e-811a-41530062d570/datanode-4/data/ratis/5212eef1-e3ec-4a47-be37-6277338af216/in_use.lock acquired by nodename 22842@ozone-pcwht-4071652583
2019-06-13 17:16:55,406 INFO  storage.RaftStorage (RaftStorage.java:format(75)) - Storage directory /opt/src/hadoop-ozone/integration-test/target/test-dir/MiniOzoneClusterImpl-b8f76877-1811-433e-811a-41530062d570/datanode-4/data/ratis/5212eef1-e3ec-4a47-be37-6277338af216 has been successfully formatted.
2019-06-13 17:16:55,406 INFO  ratis.ContainerStateMachine (ContainerStateMachine.java:loadSnapshot(199)) - The snapshot info is null.Setting the last applied index to:(t:0, i:~)
2019-06-13 17:16:55,406 INFO  server.RaftServerConfigKeys (ConfUtils.java:logGet(43)) - raft.server.leader.election.timeout = 120s (custom)
2019-06-13 17:16:55,406 INFO  server.RaftServerConfigKeys (ConfUtils.java:logGet(43)) - raft.server.log.use.memory = false (default)
2019-06-13 17:16:55,406 INFO  server.RaftServerConfigKeys (ConfUtils.java:logGet(43)) - raft.server.log.appender.buffer.byte-limit = 33554432 (custom)
2019-06-13 17:16:55,407 INFO  server.RaftServerConfigKeys (ConfUtils.java:logGet(43)) - raft.server.log.segment.size.max = 16384 (custom)
2019-06-13 17:16:55,407 INFO  server.RaftServerConfigKeys (ConfUtils.java:logGet(43)) - raft.server.log.segment.cache.num.max = 2 (custom)
2019-06-13 17:16:55,407 INFO  storage.RaftLogWorker (RaftLogWorker.java:<init>(123)) - new d662a538-0979-4c2a-a8d0-42d33a75e287-RaftLogWorker for Storage Directory /opt/src/hadoop-ozone/integration-test/target/test-dir/MiniOzoneClusterImpl-b8f76877-1811-433e-811a-41530062d570/datanode-4/data/ratis/5212eef1-e3ec-4a47-be37-6277338af216
2019-06-13 17:16:55,407 INFO  server.RaftServerConfigKeys (ConfUtils.java:logGet(43)) - raft.server.log.queue.byte-limit = 2147483647 (custom)
2019-06-13 17:16:55,407 INFO  server.RaftServerConfigKeys (ConfUtils.java:logGet(43)) - raft.server.log.queue.element-limit = 1024 (custom)
2019-06-13 17:16:55,407 INFO  server.RaftServerConfigKeys (ConfUtils.java:logGet(43)) - raft.server.log.segment.size.max = 16384 (custom)
2019-06-13 17:16:55,407 INFO  server.RaftServerConfigKeys (ConfUtils.java:logGet(43)) - raft.server.log.preallocated.size = 16384 (custom)
2019-06-13 17:16:55,407 INFO  server.RaftServerConfigKeys (ConfUtils.java:logGet(43)) - raft.server.log.write.buffer.size = 33554432 (custom)
2019-06-13 17:16:55,407 INFO  server.RaftServerConfigKeys (ConfUtils.java:logGet(43)) - raft.server.log.force.sync.num = 128 (default)
2019-06-13 17:16:55,407 INFO  server.RaftServerConfigKeys (ConfUtils.java:logGet(43)) - raft.server.log.statemachine.data.sync = true (default)
2019-06-13 17:16:55,407 INFO  server.RaftServerConfigKeys (ConfUtils.java:logGet(43)) - raft.server.log.statemachine.data.sync.timeout = 10s (default)
2019-06-13 17:16:55,407 INFO  server.RaftServerConfigKeys (ConfUtils.java:logGet(43)) - raft.server.log.statemachine.data.sync.timeout.retry = -1 (default)
2019-06-13 17:16:55,407 INFO  server.RaftServerConfigKeys (ConfUtils.java:logGet(43)) - raft.server.log.statemachine.data.caching.enabled = true (custom)
2019-06-13 17:16:55,408 INFO  server.RaftServerConfigKeys (ConfUtils.java:logGet(43)) - raft.server.snapshot.auto.trigger.enabled = true (custom)
2019-06-13 17:16:55,408 INFO  server.RaftServerConfigKeys (ConfUtils.java:logGet(43)) - raft.server.snapshot.auto.trigger.threshold = 10000 (custom)
2019-06-13 17:16:55,408 INFO  server.RaftServerConfigKeys (ConfUtils.java:logGet(43)) - raft.server.retrycache.expirytime = 600000ms (custom)
2019-06-13 17:16:55,408 INFO  impl.RaftServerImpl (RaftServerImpl.java:start(173)) - d662a538-0979-4c2a-a8d0-42d33a75e287: start group-6277338AF216
2019-06-13 17:16:55,408 INFO  impl.RaftServerImpl (RaftServerImpl.java:setRole(164)) - d662a538-0979-4c2a-a8d0-42d33a75e287:group-6277338AF216 changes role from null to FOLLOWER at term 0 for startAsFollower
2019-06-13 17:16:55,408 INFO  impl.RoleInfo (RoleInfo.java:updateAndGet(143)) - d662a538-0979-4c2a-a8d0-42d33a75e287: start FollowerState
2019-06-13 17:16:55,408 INFO  util.JmxRegister (JmxRegister.java:tryRegister(44)) - Successfully registered JMX Bean with object name Ratis:service=RaftServer,group=group-6277338AF216,id=d662a538-0979-4c2a-a8d0-42d33a75e287
2019-06-13 17:16:55,409 INFO  pipeline.PipelineStateManager (PipelineStateManager.java:addPipeline(56)) - Created pipeline Pipeline[ Id: 5212eef1-e3ec-4a47-be37-6277338af216, Nodes: d662a538-0979-4c2a-a8d0-42d33a75e287{ip: 192.168.46.54, host: ozone-pcwht-4071652583, networkLocation: /default-rack, certSerialId: null}, Type:RATIS, Factor:ONE, State:OPEN]
2019-06-13 17:16:55,522 INFO  node.SCMNodeManager (SCMNodeManager.java:register(234)) - Registered Data node : 4754a523-2a7c-4694-ba28-600c9a696673{ip: 192.168.46.54, host: ozone-pcwht-4071652583, networkLocation: /default-rack, certSerialId: null}
2019-06-13 17:16:55,527 INFO  impl.RaftServerProxy (RaftServerProxy.java:addNew(89)) - 4754a523-2a7c-4694-ba28-600c9a696673: addNew group-AE366DC4D1CD:[4754a523-2a7c-4694-ba28-600c9a696673:192.168.46.54:44183] returns group-AE366DC4D1CD:java.util.concurrent.CompletableFuture@64084a1f[Not completed]
2019-06-13 17:16:55,527 INFO  impl.RaftServerImpl (RaftServerImpl.java:<init>(91)) - 4754a523-2a7c-4694-ba28-600c9a696673: new RaftServerImpl for group-AE366DC4D1CD:[4754a523-2a7c-4694-ba28-600c9a696673:192.168.46.54:44183] with ContainerStateMachine:uninitialized
2019-06-13 17:16:55,528 INFO  server.RaftServerConfigKeys (ConfUtils.java:logGet(43)) - raft.server.rpc.timeout.min = 1s (custom)
2019-06-13 17:16:55,528 INFO  server.RaftServerConfigKeys (ConfUtils.java:logGet(43)) - raft.server.rpc.timeout.max = 1200ms (custom)
2019-06-13 17:16:55,528 INFO  server.RaftServerConfigKeys (ConfUtils.java:logGet(43)) - raft.server.rpcslowness.timeout = 120s (custom)
2019-06-13 17:16:55,528 INFO  server.RaftServerConfigKeys (ConfUtils.java:logGet(43)) - raft.server.log.appender.install.snapshot.enabled = true (default)
2019-06-13 17:16:55,528 INFO  impl.RaftServerImpl (ServerState.java:<init>(101)) - 4754a523-2a7c-4694-ba28-600c9a696673:group-AE366DC4D1CD ConfigurationManager, init=-1: [4754a523-2a7c-4694-ba28-600c9a696673:192.168.46.54:44183], old=null, confs=<EMPTY_MAP>
2019-06-13 17:16:55,528 INFO  server.RaftServerConfigKeys (ConfUtils.java:logGet(43)) - raft.server.storage.dir = [/opt/src/hadoop-ozone/integration-test/target/test-dir/MiniOzoneClusterImpl-b8f76877-1811-433e-811a-41530062d570/datanode-5/data/ratis] (custom)
2019-06-13 17:16:55,528 INFO  storage.RaftStorageDirectory (RaftStorageDirectory.java:analyzeStorage(246)) - The storage directory /opt/src/hadoop-ozone/integration-test/target/test-dir/MiniOzoneClusterImpl-b8f76877-1811-433e-811a-41530062d570/datanode-5/data/ratis/fb639e4e-55ef-4d89-9b80-ae366dc4d1cd does not exist. Creating ...
2019-06-13 17:16:55,530 INFO  storage.RaftStorageDirectory (RaftStorageDirectory.java:tryLock(328)) - Lock on /opt/src/hadoop-ozone/integration-test/target/test-dir/MiniOzoneClusterImpl-b8f76877-1811-433e-811a-41530062d570/datanode-5/data/ratis/fb639e4e-55ef-4d89-9b80-ae366dc4d1cd/in_use.lock acquired by nodename 22842@ozone-pcwht-4071652583
2019-06-13 17:16:55,532 INFO  storage.RaftStorage (RaftStorage.java:format(75)) - Storage directory /opt/src/hadoop-ozone/integration-test/target/test-dir/MiniOzoneClusterImpl-b8f76877-1811-433e-811a-41530062d570/datanode-5/data/ratis/fb639e4e-55ef-4d89-9b80-ae366dc4d1cd has been successfully formatted.
2019-06-13 17:16:55,532 INFO  ratis.ContainerStateMachine (ContainerStateMachine.java:loadSnapshot(199)) - The snapshot info is null.Setting the last applied index to:(t:0, i:~)
2019-06-13 17:16:55,532 INFO  server.RaftServerConfigKeys (ConfUtils.java:logGet(43)) - raft.server.leader.election.timeout = 120s (custom)
2019-06-13 17:16:55,532 INFO  server.RaftServerConfigKeys (ConfUtils.java:logGet(43)) - raft.server.log.use.memory = false (default)
2019-06-13 17:16:55,533 INFO  server.RaftServerConfigKeys (ConfUtils.java:logGet(43)) - raft.server.log.appender.buffer.byte-limit = 33554432 (custom)
2019-06-13 17:16:55,533 INFO  server.RaftServerConfigKeys (ConfUtils.java:logGet(43)) - raft.server.log.segment.size.max = 16384 (custom)
2019-06-13 17:16:55,533 INFO  server.RaftServerConfigKeys (ConfUtils.java:logGet(43)) - raft.server.log.segment.cache.num.max = 2 (custom)
2019-06-13 17:16:55,533 INFO  storage.RaftLogWorker (RaftLogWorker.java:<init>(123)) - new 4754a523-2a7c-4694-ba28-600c9a696673-RaftLogWorker for Storage Directory /opt/src/hadoop-ozone/integration-test/target/test-dir/MiniOzoneClusterImpl-b8f76877-1811-433e-811a-41530062d570/datanode-5/data/ratis/fb639e4e-55ef-4d89-9b80-ae366dc4d1cd
2019-06-13 17:16:55,533 INFO  server.RaftServerConfigKeys (ConfUtils.java:logGet(43)) - raft.server.log.queue.byte-limit = 2147483647 (custom)
2019-06-13 17:16:55,533 INFO  server.RaftServerConfigKeys (ConfUtils.java:logGet(43)) - raft.server.log.queue.element-limit = 1024 (custom)
2019-06-13 17:16:55,533 INFO  server.RaftServerConfigKeys (ConfUtils.java:logGet(43)) - raft.server.log.segment.size.max = 16384 (custom)
2019-06-13 17:16:55,533 INFO  server.RaftServerConfigKeys (ConfUtils.java:logGet(43)) - raft.server.log.preallocated.size = 16384 (custom)
2019-06-13 17:16:55,533 INFO  server.RaftServerConfigKeys (ConfUtils.java:logGet(43)) - raft.server.log.write.buffer.size = 33554432 (custom)
2019-06-13 17:16:55,533 INFO  server.RaftServerConfigKeys (ConfUtils.java:logGet(43)) - raft.server.log.force.sync.num = 128 (default)
2019-06-13 17:16:55,533 INFO  server.RaftServerConfigKeys (ConfUtils.java:logGet(43)) - raft.server.log.statemachine.data.sync = true (default)
2019-06-13 17:16:55,533 INFO  server.RaftServerConfigKeys (ConfUtils.java:logGet(43)) - raft.server.log.statemachine.data.sync.timeout = 10s (default)
2019-06-13 17:16:55,533 INFO  server.RaftServerConfigKeys (ConfUtils.java:logGet(43)) - raft.server.log.statemachine.data.sync.timeout.retry = -1 (default)
2019-06-13 17:16:55,533 INFO  server.RaftServerConfigKeys (ConfUtils.java:logGet(43)) - raft.server.log.statemachine.data.caching.enabled = true (custom)
2019-06-13 17:16:55,534 INFO  server.RaftServerConfigKeys (ConfUtils.java:logGet(43)) - raft.server.snapshot.auto.trigger.enabled = true (custom)
2019-06-13 17:16:55,534 INFO  server.RaftServerConfigKeys (ConfUtils.java:logGet(43)) - raft.server.snapshot.auto.trigger.threshold = 10000 (custom)
2019-06-13 17:16:55,534 INFO  server.RaftServerConfigKeys (ConfUtils.java:logGet(43)) - raft.server.retrycache.expirytime = 600000ms (custom)
2019-06-13 17:16:55,534 INFO  impl.RaftServerImpl (RaftServerImpl.java:start(173)) - 4754a523-2a7c-4694-ba28-600c9a696673: start group-AE366DC4D1CD
2019-06-13 17:16:55,534 INFO  impl.RaftServerImpl (RaftServerImpl.java:setRole(164)) - 4754a523-2a7c-4694-ba28-600c9a696673:group-AE366DC4D1CD changes role from null to FOLLOWER at term 0 for startAsFollower
2019-06-13 17:16:55,534 INFO  impl.RoleInfo (RoleInfo.java:updateAndGet(143)) - 4754a523-2a7c-4694-ba28-600c9a696673: start FollowerState
2019-06-13 17:16:55,534 INFO  util.JmxRegister (JmxRegister.java:tryRegister(44)) - Successfully registered JMX Bean with object name Ratis:service=RaftServer,group=group-AE366DC4D1CD,id=4754a523-2a7c-4694-ba28-600c9a696673
2019-06-13 17:16:55,536 INFO  pipeline.PipelineStateManager (PipelineStateManager.java:addPipeline(56)) - Created pipeline Pipeline[ Id: fb639e4e-55ef-4d89-9b80-ae366dc4d1cd, Nodes: 4754a523-2a7c-4694-ba28-600c9a696673{ip: 192.168.46.54, host: ozone-pcwht-4071652583, networkLocation: /default-rack, certSerialId: null}, Type:RATIS, Factor:ONE, State:OPEN]
2019-06-13 17:16:55,545 INFO  impl.RaftServerProxy (RaftServerProxy.java:addNew(89)) - d662a538-0979-4c2a-a8d0-42d33a75e287: addNew group-483DEEBBDC78:[d8b809b8-8e41-4a91-85c1-2931e3f27410:192.168.46.54:33509, 4754a523-2a7c-4694-ba28-600c9a696673:192.168.46.54:44183, d662a538-0979-4c2a-a8d0-42d33a75e287:192.168.46.54:40783] returns group-483DEEBBDC78:java.util.concurrent.CompletableFuture@351b9136[Not completed]
2019-06-13 17:16:55,546 INFO  impl.RaftServerImpl (RaftServerImpl.java:<init>(91)) - d662a538-0979-4c2a-a8d0-42d33a75e287: new RaftServerImpl for group-483DEEBBDC78:[d8b809b8-8e41-4a91-85c1-2931e3f27410:192.168.46.54:33509, 4754a523-2a7c-4694-ba28-600c9a696673:192.168.46.54:44183, d662a538-0979-4c2a-a8d0-42d33a75e287:192.168.46.54:40783] with ContainerStateMachine:uninitialized
2019-06-13 17:16:55,546 INFO  server.RaftServerConfigKeys (ConfUtils.java:logGet(43)) - raft.server.rpc.timeout.min = 1s (custom)
2019-06-13 17:16:55,546 INFO  server.RaftServerConfigKeys (ConfUtils.java:logGet(43)) - raft.server.rpc.timeout.max = 1200ms (custom)
2019-06-13 17:16:55,546 INFO  server.RaftServerConfigKeys (ConfUtils.java:logGet(43)) - raft.server.rpcslowness.timeout = 120s (custom)
2019-06-13 17:16:55,546 INFO  server.RaftServerConfigKeys (ConfUtils.java:logGet(43)) - raft.server.log.appender.install.snapshot.enabled = true (default)
2019-06-13 17:16:55,546 INFO  impl.RaftServerImpl (ServerState.java:<init>(101)) - d662a538-0979-4c2a-a8d0-42d33a75e287:group-483DEEBBDC78 ConfigurationManager, init=-1: [d8b809b8-8e41-4a91-85c1-2931e3f27410:192.168.46.54:33509, 4754a523-2a7c-4694-ba28-600c9a696673:192.168.46.54:44183, d662a538-0979-4c2a-a8d0-42d33a75e287:192.168.46.54:40783], old=null, confs=<EMPTY_MAP>
2019-06-13 17:16:55,546 INFO  server.RaftServerConfigKeys (ConfUtils.java:logGet(43)) - raft.server.storage.dir = [/opt/src/hadoop-ozone/integration-test/target/test-dir/MiniOzoneClusterImpl-b8f76877-1811-433e-811a-41530062d570/datanode-4/data/ratis] (custom)
2019-06-13 17:16:55,546 INFO  storage.RaftStorageDirectory (RaftStorageDirectory.java:analyzeStorage(246)) - The storage directory /opt/src/hadoop-ozone/integration-test/target/test-dir/MiniOzoneClusterImpl-b8f76877-1811-433e-811a-41530062d570/datanode-4/data/ratis/0f2f6262-d6a7-41af-8bd4-483deebbdc78 does not exist. Creating ...
2019-06-13 17:16:55,547 INFO  impl.RaftServerProxy (RaftServerProxy.java:addNew(89)) - 4754a523-2a7c-4694-ba28-600c9a696673: addNew group-483DEEBBDC78:[d8b809b8-8e41-4a91-85c1-2931e3f27410:192.168.46.54:33509, 4754a523-2a7c-4694-ba28-600c9a696673:192.168.46.54:44183, d662a538-0979-4c2a-a8d0-42d33a75e287:192.168.46.54:40783] returns group-483DEEBBDC78:java.util.concurrent.CompletableFuture@13e57d38[Not completed]
2019-06-13 17:16:55,547 INFO  impl.RaftServerProxy (RaftServerProxy.java:addNew(89)) - d8b809b8-8e41-4a91-85c1-2931e3f27410: addNew group-483DEEBBDC78:[d8b809b8-8e41-4a91-85c1-2931e3f27410:192.168.46.54:33509, 4754a523-2a7c-4694-ba28-600c9a696673:192.168.46.54:44183, d662a538-0979-4c2a-a8d0-42d33a75e287:192.168.46.54:40783] returns group-483DEEBBDC78:java.util.concurrent.CompletableFuture@33c742fc[Not completed]
2019-06-13 17:16:55,547 INFO  impl.RaftServerImpl (RaftServerImpl.java:<init>(91)) - 4754a523-2a7c-4694-ba28-600c9a696673: new RaftServerImpl for group-483DEEBBDC78:[d8b809b8-8e41-4a91-85c1-2931e3f27410:192.168.46.54:33509, 4754a523-2a7c-4694-ba28-600c9a696673:192.168.46.54:44183, d662a538-0979-4c2a-a8d0-42d33a75e287:192.168.46.54:40783] with ContainerStateMachine:uninitialized
2019-06-13 17:16:55,548 INFO  server.RaftServerConfigKeys (ConfUtils.java:logGet(43)) - raft.server.rpc.timeout.min = 1s (custom)
2019-06-13 17:16:55,548 INFO  server.RaftServerConfigKeys (ConfUtils.java:logGet(43)) - raft.server.rpc.timeout.max = 1200ms (custom)
2019-06-13 17:16:55,548 INFO  impl.RaftServerImpl (RaftServerImpl.java:<init>(91)) - d8b809b8-8e41-4a91-85c1-2931e3f27410: new RaftServerImpl for group-483DEEBBDC78:[d8b809b8-8e41-4a91-85c1-2931e3f27410:192.168.46.54:33509, 4754a523-2a7c-4694-ba28-600c9a696673:192.168.46.54:44183, d662a538-0979-4c2a-a8d0-42d33a75e287:192.168.46.54:40783] with ContainerStateMachine:uninitialized
2019-06-13 17:16:55,548 INFO  server.RaftServerConfigKeys (ConfUtils.java:logGet(43)) - raft.server.rpcslowness.timeout = 120s (custom)
2019-06-13 17:16:55,548 INFO  server.RaftServerConfigKeys (ConfUtils.java:logGet(43)) - raft.server.rpc.timeout.min = 1s (custom)
2019-06-13 17:16:55,548 INFO  server.RaftServerConfigKeys (ConfUtils.java:logGet(43)) - raft.server.rpc.timeout.max = 1200ms (custom)
2019-06-13 17:16:55,548 INFO  server.RaftServerConfigKeys (ConfUtils.java:logGet(43)) - raft.server.rpcslowness.timeout = 120s (custom)
2019-06-13 17:16:55,548 INFO  server.RaftServerConfigKeys (ConfUtils.java:logGet(43)) - raft.server.log.appender.install.snapshot.enabled = true (default)
2019-06-13 17:16:55,548 INFO  impl.RaftServerImpl (ServerState.java:<init>(101)) - d8b809b8-8e41-4a91-85c1-2931e3f27410:group-483DEEBBDC78 ConfigurationManager, init=-1: [d8b809b8-8e41-4a91-85c1-2931e3f27410:192.168.46.54:33509, 4754a523-2a7c-4694-ba28-600c9a696673:192.168.46.54:44183, d662a538-0979-4c2a-a8d0-42d33a75e287:192.168.46.54:40783], old=null, confs=<EMPTY_MAP>
2019-06-13 17:16:55,548 INFO  storage.RaftStorageDirectory (RaftStorageDirectory.java:tryLock(328)) - Lock on /opt/src/hadoop-ozone/integration-test/target/test-dir/MiniOzoneClusterImpl-b8f76877-1811-433e-811a-41530062d570/datanode-4/data/ratis/0f2f6262-d6a7-41af-8bd4-483deebbdc78/in_use.lock acquired by nodename 22842@ozone-pcwht-4071652583
2019-06-13 17:16:55,548 INFO  server.RaftServerConfigKeys (ConfUtils.java:logGet(43)) - raft.server.log.appender.install.snapshot.enabled = true (default)
2019-06-13 17:16:55,548 INFO  server.RaftServerConfigKeys (ConfUtils.java:logGet(43)) - raft.server.storage.dir = [/opt/src/hadoop-ozone/integration-test/target/test-dir/MiniOzoneClusterImpl-b8f76877-1811-433e-811a-41530062d570/datanode-3/data/ratis] (custom)
2019-06-13 17:16:55,549 INFO  impl.RaftServerImpl (ServerState.java:<init>(101)) - 4754a523-2a7c-4694-ba28-600c9a696673:group-483DEEBBDC78 ConfigurationManager, init=-1: [d8b809b8-8e41-4a91-85c1-2931e3f27410:192.168.46.54:33509, 4754a523-2a7c-4694-ba28-600c9a696673:192.168.46.54:44183, d662a538-0979-4c2a-a8d0-42d33a75e287:192.168.46.54:40783], old=null, confs=<EMPTY_MAP>
2019-06-13 17:16:55,549 INFO  server.RaftServerConfigKeys (ConfUtils.java:logGet(43)) - raft.server.storage.dir = [/opt/src/hadoop-ozone/integration-test/target/test-dir/MiniOzoneClusterImpl-b8f76877-1811-433e-811a-41530062d570/datanode-5/data/ratis] (custom)
2019-06-13 17:16:55,549 INFO  storage.RaftStorageDirectory (RaftStorageDirectory.java:analyzeStorage(246)) - The storage directory /opt/src/hadoop-ozone/integration-test/target/test-dir/MiniOzoneClusterImpl-b8f76877-1811-433e-811a-41530062d570/datanode-3/data/ratis/0f2f6262-d6a7-41af-8bd4-483deebbdc78 does not exist. Creating ...
2019-06-13 17:16:55,549 INFO  storage.RaftStorageDirectory (RaftStorageDirectory.java:analyzeStorage(246)) - The storage directory /opt/src/hadoop-ozone/integration-test/target/test-dir/MiniOzoneClusterImpl-b8f76877-1811-433e-811a-41530062d570/datanode-5/data/ratis/0f2f6262-d6a7-41af-8bd4-483deebbdc78 does not exist. Creating ...
2019-06-13 17:16:55,551 INFO  storage.RaftStorageDirectory (RaftStorageDirectory.java:tryLock(328)) - Lock on /opt/src/hadoop-ozone/integration-test/target/test-dir/MiniOzoneClusterImpl-b8f76877-1811-433e-811a-41530062d570/datanode-3/data/ratis/0f2f6262-d6a7-41af-8bd4-483deebbdc78/in_use.lock acquired by nodename 22842@ozone-pcwht-4071652583
2019-06-13 17:16:55,552 INFO  storage.RaftStorage (RaftStorage.java:format(75)) - Storage directory /opt/src/hadoop-ozone/integration-test/target/test-dir/MiniOzoneClusterImpl-b8f76877-1811-433e-811a-41530062d570/datanode-4/data/ratis/0f2f6262-d6a7-41af-8bd4-483deebbdc78 has been successfully formatted.
2019-06-13 17:16:55,552 INFO  ratis.ContainerStateMachine (ContainerStateMachine.java:loadSnapshot(199)) - The snapshot info is null.Setting the last applied index to:(t:0, i:~)
2019-06-13 17:16:55,552 INFO  server.RaftServerConfigKeys (ConfUtils.java:logGet(43)) - raft.server.leader.election.timeout = 120s (custom)
2019-06-13 17:16:55,552 INFO  server.RaftServerConfigKeys (ConfUtils.java:logGet(43)) - raft.server.log.use.memory = false (default)
2019-06-13 17:16:55,552 INFO  server.RaftServerConfigKeys (ConfUtils.java:logGet(43)) - raft.server.log.appender.buffer.byte-limit = 33554432 (custom)
2019-06-13 17:16:55,552 INFO  server.RaftServerConfigKeys (ConfUtils.java:logGet(43)) - raft.server.log.segment.size.max = 16384 (custom)
2019-06-13 17:16:55,552 INFO  storage.RaftStorageDirectory (RaftStorageDirectory.java:tryLock(328)) - Lock on /opt/src/hadoop-ozone/integration-test/target/test-dir/MiniOzoneClusterImpl-b8f76877-1811-433e-811a-41530062d570/datanode-5/data/ratis/0f2f6262-d6a7-41af-8bd4-483deebbdc78/in_use.lock acquired by nodename 22842@ozone-pcwht-4071652583
2019-06-13 17:16:55,552 INFO  server.RaftServerConfigKeys (ConfUtils.java:logGet(43)) - raft.server.log.segment.cache.num.max = 2 (custom)
2019-06-13 17:16:55,552 INFO  storage.RaftLogWorker (RaftLogWorker.java:<init>(123)) - new d662a538-0979-4c2a-a8d0-42d33a75e287-RaftLogWorker for Storage Directory /opt/src/hadoop-ozone/integration-test/target/test-dir/MiniOzoneClusterImpl-b8f76877-1811-433e-811a-41530062d570/datanode-4/data/ratis/0f2f6262-d6a7-41af-8bd4-483deebbdc78
2019-06-13 17:16:55,552 INFO  server.RaftServerConfigKeys (ConfUtils.java:logGet(43)) - raft.server.log.queue.byte-limit = 2147483647 (custom)
2019-06-13 17:16:55,553 INFO  server.RaftServerConfigKeys (ConfUtils.java:logGet(43)) - raft.server.log.queue.element-limit = 1024 (custom)
2019-06-13 17:16:55,553 INFO  server.RaftServerConfigKeys (ConfUtils.java:logGet(43)) - raft.server.log.segment.size.max = 16384 (custom)
2019-06-13 17:16:55,553 INFO  server.RaftServerConfigKeys (ConfUtils.java:logGet(43)) - raft.server.log.preallocated.size = 16384 (custom)
2019-06-13 17:16:55,553 INFO  server.RaftServerConfigKeys (ConfUtils.java:logGet(43)) - raft.server.log.write.buffer.size = 33554432 (custom)
2019-06-13 17:16:55,553 INFO  server.RaftServerConfigKeys (ConfUtils.java:logGet(43)) - raft.server.log.force.sync.num = 128 (default)
2019-06-13 17:16:55,553 INFO  server.RaftServerConfigKeys (ConfUtils.java:logGet(43)) - raft.server.log.statemachine.data.sync = true (default)
2019-06-13 17:16:55,553 INFO  server.RaftServerConfigKeys (ConfUtils.java:logGet(43)) - raft.server.log.statemachine.data.sync.timeout = 10s (default)
2019-06-13 17:16:55,553 INFO  server.RaftServerConfigKeys (ConfUtils.java:logGet(43)) - raft.server.log.statemachine.data.sync.timeout.retry = -1 (default)
2019-06-13 17:16:55,553 INFO  server.RaftServerConfigKeys (ConfUtils.java:logGet(43)) - raft.server.log.statemachine.data.caching.enabled = true (custom)
2019-06-13 17:16:55,553 INFO  server.RaftServerConfigKeys (ConfUtils.java:logGet(43)) - raft.server.snapshot.auto.trigger.enabled = true (custom)
2019-06-13 17:16:55,554 INFO  server.RaftServerConfigKeys (ConfUtils.java:logGet(43)) - raft.server.snapshot.auto.trigger.threshold = 10000 (custom)
2019-06-13 17:16:55,554 INFO  server.RaftServerConfigKeys (ConfUtils.java:logGet(43)) - raft.server.retrycache.expirytime = 600000ms (custom)
2019-06-13 17:16:55,554 INFO  impl.RaftServerImpl (RaftServerImpl.java:start(173)) - d662a538-0979-4c2a-a8d0-42d33a75e287: start group-483DEEBBDC78
2019-06-13 17:16:55,554 INFO  storage.RaftStorage (RaftStorage.java:format(75)) - Storage directory /opt/src/hadoop-ozone/integration-test/target/test-dir/MiniOzoneClusterImpl-b8f76877-1811-433e-811a-41530062d570/datanode-3/data/ratis/0f2f6262-d6a7-41af-8bd4-483deebbdc78 has been successfully formatted.
2019-06-13 17:16:55,554 INFO  impl.RaftServerImpl (RaftServerImpl.java:setRole(164)) - d662a538-0979-4c2a-a8d0-42d33a75e287:group-483DEEBBDC78 changes role from null to FOLLOWER at term 0 for startAsFollower
2019-06-13 17:16:55,554 INFO  impl.RoleInfo (RoleInfo.java:updateAndGet(143)) - d662a538-0979-4c2a-a8d0-42d33a75e287: start FollowerState
2019-06-13 17:16:55,554 INFO  util.JmxRegister (JmxRegister.java:tryRegister(44)) - Successfully registered JMX Bean with object name Ratis:service=RaftServer,group=group-483DEEBBDC78,id=d662a538-0979-4c2a-a8d0-42d33a75e287
2019-06-13 17:16:55,555 INFO  ratis.ContainerStateMachine (ContainerStateMachine.java:loadSnapshot(199)) - The snapshot info is null.Setting the last applied index to:(t:0, i:~)
2019-06-13 17:16:55,555 INFO  server.RaftServerConfigKeys (ConfUtils.java:logGet(43)) - raft.server.leader.election.timeout = 120s (custom)
2019-06-13 17:16:55,555 INFO  server.RaftServerConfigKeys (ConfUtils.java:logGet(43)) - raft.server.log.use.memory = false (default)
2019-06-13 17:16:55,555 INFO  server.RaftServerConfigKeys (ConfUtils.java:logGet(43)) - raft.server.log.appender.buffer.byte-limit = 33554432 (custom)
2019-06-13 17:16:55,555 INFO  server.RaftServerConfigKeys (ConfUtils.java:logGet(43)) - raft.server.log.segment.size.max = 16384 (custom)
2019-06-13 17:16:55,555 INFO  server.RaftServerConfigKeys (ConfUtils.java:logGet(43)) - raft.server.log.segment.cache.num.max = 2 (custom)
2019-06-13 17:16:55,555 INFO  storage.RaftLogWorker (RaftLogWorker.java:<init>(123)) - new d8b809b8-8e41-4a91-85c1-2931e3f27410-RaftLogWorker for Storage Directory /opt/src/hadoop-ozone/integration-test/target/test-dir/MiniOzoneClusterImpl-b8f76877-1811-433e-811a-41530062d570/datanode-3/data/ratis/0f2f6262-d6a7-41af-8bd4-483deebbdc78
2019-06-13 17:16:55,555 INFO  server.RaftServerConfigKeys (ConfUtils.java:logGet(43)) - raft.server.log.queue.byte-limit = 2147483647 (custom)
2019-06-13 17:16:55,555 INFO  storage.RaftStorage (RaftStorage.java:format(75)) - Storage directory /opt/src/hadoop-ozone/integration-test/target/test-dir/MiniOzoneClusterImpl-b8f76877-1811-433e-811a-41530062d570/datanode-5/data/ratis/0f2f6262-d6a7-41af-8bd4-483deebbdc78 has been successfully formatted.
2019-06-13 17:16:55,555 INFO  ratis.ContainerStateMachine (ContainerStateMachine.java:loadSnapshot(199)) - The snapshot info is null.Setting the last applied index to:(t:0, i:~)
2019-06-13 17:16:55,556 INFO  server.RaftServerConfigKeys (ConfUtils.java:logGet(43)) - raft.server.leader.election.timeout = 120s (custom)
2019-06-13 17:16:55,556 INFO  server.RaftServerConfigKeys (ConfUtils.java:logGet(43)) - raft.server.log.use.memory = false (default)
2019-06-13 17:16:55,556 INFO  server.RaftServerConfigKeys (ConfUtils.java:logGet(43)) - raft.server.log.appender.buffer.byte-limit = 33554432 (custom)
2019-06-13 17:16:55,556 INFO  server.RaftServerConfigKeys (ConfUtils.java:logGet(43)) - raft.server.log.segment.size.max = 16384 (custom)
2019-06-13 17:16:55,556 INFO  server.RaftServerConfigKeys (ConfUtils.java:logGet(43)) - raft.server.log.segment.cache.num.max = 2 (custom)
2019-06-13 17:16:55,556 INFO  storage.RaftLogWorker (RaftLogWorker.java:<init>(123)) - new 4754a523-2a7c-4694-ba28-600c9a696673-RaftLogWorker for Storage Directory /opt/src/hadoop-ozone/integration-test/target/test-dir/MiniOzoneClusterImpl-b8f76877-1811-433e-811a-41530062d570/datanode-5/data/ratis/0f2f6262-d6a7-41af-8bd4-483deebbdc78
2019-06-13 17:16:55,556 INFO  server.RaftServerConfigKeys (ConfUtils.java:logGet(43)) - raft.server.log.queue.byte-limit = 2147483647 (custom)
2019-06-13 17:16:55,556 INFO  server.RaftServerConfigKeys (ConfUtils.java:logGet(43)) - raft.server.log.queue.element-limit = 1024 (custom)
2019-06-13 17:16:55,556 INFO  server.RaftServerConfigKeys (ConfUtils.java:logGet(43)) - raft.server.log.segment.size.max = 16384 (custom)
2019-06-13 17:16:55,556 INFO  server.RaftServerConfigKeys (ConfUtils.java:logGet(43)) - raft.server.log.preallocated.size = 16384 (custom)
2019-06-13 17:16:55,556 INFO  server.RaftServerConfigKeys (ConfUtils.java:logGet(43)) - raft.server.log.write.buffer.size = 33554432 (custom)
2019-06-13 17:16:55,556 INFO  server.RaftServerConfigKeys (ConfUtils.java:logGet(43)) - raft.server.log.force.sync.num = 128 (default)
2019-06-13 17:16:55,556 INFO  server.RaftServerConfigKeys (ConfUtils.java:logGet(43)) - raft.server.log.statemachine.data.sync = true (default)
2019-06-13 17:16:55,556 INFO  server.RaftServerConfigKeys (ConfUtils.java:logGet(43)) - raft.server.log.statemachine.data.sync.timeout = 10s (default)
2019-06-13 17:16:55,557 INFO  server.RaftServerConfigKeys (ConfUtils.java:logGet(43)) - raft.server.log.statemachine.data.sync.timeout.retry = -1 (default)
2019-06-13 17:16:55,557 INFO  server.RaftServerConfigKeys (ConfUtils.java:logGet(43)) - raft.server.log.statemachine.data.caching.enabled = true (custom)
2019-06-13 17:16:55,555 INFO  server.RaftServerConfigKeys (ConfUtils.java:logGet(43)) - raft.server.log.queue.element-limit = 1024 (custom)
2019-06-13 17:16:55,557 INFO  server.RaftServerConfigKeys (ConfUtils.java:logGet(43)) - raft.server.snapshot.auto.trigger.enabled = true (custom)
2019-06-13 17:16:55,557 INFO  server.RaftServerConfigKeys (ConfUtils.java:logGet(43)) - raft.server.log.segment.size.max = 16384 (custom)
2019-06-13 17:16:55,557 INFO  server.RaftServerConfigKeys (ConfUtils.java:logGet(43)) - raft.server.snapshot.auto.trigger.threshold = 10000 (custom)
2019-06-13 17:16:55,557 INFO  server.RaftServerConfigKeys (ConfUtils.java:logGet(43)) - raft.server.log.preallocated.size = 16384 (custom)
2019-06-13 17:16:55,557 INFO  server.RaftServerConfigKeys (ConfUtils.java:logGet(43)) - raft.server.log.write.buffer.size = 33554432 (custom)
2019-06-13 17:16:55,557 INFO  server.RaftServerConfigKeys (ConfUtils.java:logGet(43)) - raft.server.log.force.sync.num = 128 (default)
2019-06-13 17:16:55,558 INFO  server.RaftServerConfigKeys (ConfUtils.java:logGet(43)) - raft.server.log.statemachine.data.sync = true (default)
2019-06-13 17:16:55,558 INFO  server.RaftServerConfigKeys (ConfUtils.java:logGet(43)) - raft.server.log.statemachine.data.sync.timeout = 10s (default)
2019-06-13 17:16:55,558 INFO  server.RaftServerConfigKeys (ConfUtils.java:logGet(43)) - raft.server.log.statemachine.data.sync.timeout.retry = -1 (default)
2019-06-13 17:16:55,558 INFO  server.RaftServerConfigKeys (ConfUtils.java:logGet(43)) - raft.server.log.statemachine.data.caching.enabled = true (custom)
2019-06-13 17:16:55,557 INFO  server.RaftServerConfigKeys (ConfUtils.java:logGet(43)) - raft.server.retrycache.expirytime = 600000ms (custom)
2019-06-13 17:16:55,558 INFO  server.RaftServerConfigKeys (ConfUtils.java:logGet(43)) - raft.server.snapshot.auto.trigger.enabled = true (custom)
2019-06-13 17:16:55,558 INFO  impl.RaftServerImpl (RaftServerImpl.java:start(173)) - 4754a523-2a7c-4694-ba28-600c9a696673: start group-483DEEBBDC78
2019-06-13 17:16:55,558 INFO  server.RaftServerConfigKeys (ConfUtils.java:logGet(43)) - raft.server.snapshot.auto.trigger.threshold = 10000 (custom)
2019-06-13 17:16:55,558 INFO  impl.RaftServerImpl (RaftServerImpl.java:setRole(164)) - 4754a523-2a7c-4694-ba28-600c9a696673:group-483DEEBBDC78 changes role from null to FOLLOWER at term 0 for startAsFollower
2019-06-13 17:16:55,559 INFO  server.RaftServerConfigKeys (ConfUtils.java:logGet(43)) - raft.server.retrycache.expirytime = 600000ms (custom)
2019-06-13 17:16:55,559 INFO  impl.RoleInfo (RoleInfo.java:updateAndGet(143)) - 4754a523-2a7c-4694-ba28-600c9a696673: start FollowerState
2019-06-13 17:16:55,559 INFO  impl.RaftServerImpl (RaftServerImpl.java:start(173)) - d8b809b8-8e41-4a91-85c1-2931e3f27410: start group-483DEEBBDC78
2019-06-13 17:16:55,559 INFO  impl.RaftServerImpl (RaftServerImpl.java:setRole(164)) - d8b809b8-8e41-4a91-85c1-2931e3f27410:group-483DEEBBDC78 changes role from null to FOLLOWER at term 0 for startAsFollower
2019-06-13 17:16:55,559 INFO  impl.RoleInfo (RoleInfo.java:updateAndGet(143)) - d8b809b8-8e41-4a91-85c1-2931e3f27410: start FollowerState
2019-06-13 17:16:55,559 INFO  util.JmxRegister (JmxRegister.java:tryRegister(44)) - Successfully registered JMX Bean with object name Ratis:service=RaftServer,group=group-483DEEBBDC78,id=4754a523-2a7c-4694-ba28-600c9a696673
2019-06-13 17:16:55,559 INFO  util.JmxRegister (JmxRegister.java:tryRegister(44)) - Successfully registered JMX Bean with object name Ratis:service=RaftServer,group=group-483DEEBBDC78,id=d8b809b8-8e41-4a91-85c1-2931e3f27410
2019-06-13 17:16:55,561 INFO  pipeline.PipelineStateManager (PipelineStateManager.java:addPipeline(56)) - Created pipeline Pipeline[ Id: 0f2f6262-d6a7-41af-8bd4-483deebbdc78, Nodes: 4754a523-2a7c-4694-ba28-600c9a696673{ip: 192.168.46.54, host: ozone-pcwht-4071652583, networkLocation: /default-rack, certSerialId: null}d8b809b8-8e41-4a91-85c1-2931e3f27410{ip: 192.168.46.54, host: ozone-pcwht-4071652583, networkLocation: /default-rack, certSerialId: null}d662a538-0979-4c2a-a8d0-42d33a75e287{ip: 192.168.46.54, host: ozone-pcwht-4071652583, networkLocation: /default-rack, certSerialId: null}, Type:RATIS, Factor:THREE, State:OPEN]
2019-06-13 17:16:55,657 INFO  ozone.MiniOzoneClusterImpl (MiniOzoneClusterImpl.java:lambda$waitForClusterToBeReady$0(142)) - Waiting for cluster to be ready. Got 6 of 7 DN Heartbeats.
2019-06-13 17:16:55,662 INFO  node.SCMNodeManager (SCMNodeManager.java:register(234)) - Registered Data node : 0bbf1687-1acf-4441-9855-1857c0adc953{ip: 192.168.46.54, host: ozone-pcwht-4071652583, networkLocation: /default-rack, certSerialId: null}
2019-06-13 17:16:55,673 INFO  impl.RaftServerProxy (RaftServerProxy.java:addNew(89)) - 0bbf1687-1acf-4441-9855-1857c0adc953: addNew group-E45ECD5125D4:[0bbf1687-1acf-4441-9855-1857c0adc953:192.168.46.54:46317] returns group-E45ECD5125D4:java.util.concurrent.CompletableFuture@418d9267[Not completed]
2019-06-13 17:16:55,674 INFO  impl.RaftServerImpl (RaftServerImpl.java:<init>(91)) - 0bbf1687-1acf-4441-9855-1857c0adc953: new RaftServerImpl for group-E45ECD5125D4:[0bbf1687-1acf-4441-9855-1857c0adc953:192.168.46.54:46317] with ContainerStateMachine:uninitialized
2019-06-13 17:16:55,674 INFO  server.RaftServerConfigKeys (ConfUtils.java:logGet(43)) - raft.server.rpc.timeout.min = 1s (custom)
2019-06-13 17:16:55,674 INFO  server.RaftServerConfigKeys (ConfUtils.java:logGet(43)) - raft.server.rpc.timeout.max = 1200ms (custom)
2019-06-13 17:16:55,674 INFO  server.RaftServerConfigKeys (ConfUtils.java:logGet(43)) - raft.server.rpcslowness.timeout = 120s (custom)
2019-06-13 17:16:55,674 INFO  server.RaftServerConfigKeys (ConfUtils.java:logGet(43)) - raft.server.log.appender.install.snapshot.enabled = true (default)
2019-06-13 17:16:55,674 INFO  impl.RaftServerImpl (ServerState.java:<init>(101)) - 0bbf1687-1acf-4441-9855-1857c0adc953:group-E45ECD5125D4 ConfigurationManager, init=-1: [0bbf1687-1acf-4441-9855-1857c0adc953:192.168.46.54:46317], old=null, confs=<EMPTY_MAP>
2019-06-13 17:16:55,674 INFO  server.RaftServerConfigKeys (ConfUtils.java:logGet(43)) - raft.server.storage.dir = [/opt/src/hadoop-ozone/integration-test/target/test-dir/MiniOzoneClusterImpl-b8f76877-1811-433e-811a-41530062d570/datanode-6/data/ratis] (custom)
2019-06-13 17:16:55,675 INFO  storage.RaftStorageDirectory (RaftStorageDirectory.java:analyzeStorage(246)) - The storage directory /opt/src/hadoop-ozone/integration-test/target/test-dir/MiniOzoneClusterImpl-b8f76877-1811-433e-811a-41530062d570/datanode-6/data/ratis/78d1eb63-4de8-4d08-bf58-e45ecd5125d4 does not exist. Creating ...
2019-06-13 17:16:55,677 INFO  storage.RaftStorageDirectory (RaftStorageDirectory.java:tryLock(328)) - Lock on /opt/src/hadoop-ozone/integration-test/target/test-dir/MiniOzoneClusterImpl-b8f76877-1811-433e-811a-41530062d570/datanode-6/data/ratis/78d1eb63-4de8-4d08-bf58-e45ecd5125d4/in_use.lock acquired by nodename 22842@ozone-pcwht-4071652583
2019-06-13 17:16:55,679 INFO  storage.RaftStorage (RaftStorage.java:format(75)) - Storage directory /opt/src/hadoop-ozone/integration-test/target/test-dir/MiniOzoneClusterImpl-b8f76877-1811-433e-811a-41530062d570/datanode-6/data/ratis/78d1eb63-4de8-4d08-bf58-e45ecd5125d4 has been successfully formatted.
2019-06-13 17:16:55,679 INFO  ratis.ContainerStateMachine (ContainerStateMachine.java:loadSnapshot(199)) - The snapshot info is null.Setting the last applied index to:(t:0, i:~)
2019-06-13 17:16:55,679 INFO  server.RaftServerConfigKeys (ConfUtils.java:logGet(43)) - raft.server.leader.election.timeout = 120s (custom)
2019-06-13 17:16:55,679 INFO  server.RaftServerConfigKeys (ConfUtils.java:logGet(43)) - raft.server.log.use.memory = false (default)
2019-06-13 17:16:55,679 INFO  server.RaftServerConfigKeys (ConfUtils.java:logGet(43)) - raft.server.log.appender.buffer.byte-limit = 33554432 (custom)
2019-06-13 17:16:55,679 INFO  server.RaftServerConfigKeys (ConfUtils.java:logGet(43)) - raft.server.log.segment.size.max = 16384 (custom)
2019-06-13 17:16:55,679 INFO  server.RaftServerConfigKeys (ConfUtils.java:logGet(43)) - raft.server.log.segment.cache.num.max = 2 (custom)
2019-06-13 17:16:55,679 INFO  storage.RaftLogWorker (RaftLogWorker.java:<init>(123)) - new 0bbf1687-1acf-4441-9855-1857c0adc953-RaftLogWorker for Storage Directory /opt/src/hadoop-ozone/integration-test/target/test-dir/MiniOzoneClusterImpl-b8f76877-1811-433e-811a-41530062d570/datanode-6/data/ratis/78d1eb63-4de8-4d08-bf58-e45ecd5125d4
2019-06-13 17:16:55,680 INFO  server.RaftServerConfigKeys (ConfUtils.java:logGet(43)) - raft.server.log.queue.byte-limit = 2147483647 (custom)
2019-06-13 17:16:55,680 INFO  server.RaftServerConfigKeys (ConfUtils.java:logGet(43)) - raft.server.log.queue.element-limit = 1024 (custom)
2019-06-13 17:16:55,680 INFO  server.RaftServerConfigKeys (ConfUtils.java:logGet(43)) - raft.server.log.segment.size.max = 16384 (custom)
2019-06-13 17:16:55,680 INFO  server.RaftServerConfigKeys (ConfUtils.java:logGet(43)) - raft.server.log.preallocated.size = 16384 (custom)
2019-06-13 17:16:55,680 INFO  server.RaftServerConfigKeys (ConfUtils.java:logGet(43)) - raft.server.log.write.buffer.size = 33554432 (custom)
2019-06-13 17:16:55,680 INFO  server.RaftServerConfigKeys (ConfUtils.java:logGet(43)) - raft.server.log.force.sync.num = 128 (default)
2019-06-13 17:16:55,680 INFO  server.RaftServerConfigKeys (ConfUtils.java:logGet(43)) - raft.server.log.statemachine.data.sync = true (default)
2019-06-13 17:16:55,680 INFO  server.RaftServerConfigKeys (ConfUtils.java:logGet(43)) - raft.server.log.statemachine.data.sync.timeout = 10s (default)
2019-06-13 17:16:55,680 INFO  server.RaftServerConfigKeys (ConfUtils.java:logGet(43)) - raft.server.log.statemachine.data.sync.timeout.retry = -1 (default)
2019-06-13 17:16:55,680 INFO  server.RaftServerConfigKeys (ConfUtils.java:logGet(43)) - raft.server.log.statemachine.data.caching.enabled = true (custom)
2019-06-13 17:16:55,681 INFO  server.RaftServerConfigKeys (ConfUtils.java:logGet(43)) - raft.server.snapshot.auto.trigger.enabled = true (custom)
2019-06-13 17:16:55,681 INFO  server.RaftServerConfigKeys (ConfUtils.java:logGet(43)) - raft.server.snapshot.auto.trigger.threshold = 10000 (custom)
2019-06-13 17:16:55,681 INFO  server.RaftServerConfigKeys (ConfUtils.java:logGet(43)) - raft.server.retrycache.expirytime = 600000ms (custom)
2019-06-13 17:16:55,681 INFO  impl.RaftServerImpl (RaftServerImpl.java:start(173)) - 0bbf1687-1acf-4441-9855-1857c0adc953: start group-E45ECD5125D4
2019-06-13 17:16:55,681 INFO  impl.RaftServerImpl (RaftServerImpl.java:setRole(164)) - 0bbf1687-1acf-4441-9855-1857c0adc953:group-E45ECD5125D4 changes role from null to FOLLOWER at term 0 for startAsFollower
2019-06-13 17:16:55,681 INFO  impl.RoleInfo (RoleInfo.java:updateAndGet(143)) - 0bbf1687-1acf-4441-9855-1857c0adc953: start FollowerState
2019-06-13 17:16:55,682 INFO  util.JmxRegister (JmxRegister.java:tryRegister(44)) - Successfully registered JMX Bean with object name Ratis:service=RaftServer,group=group-E45ECD5125D4,id=0bbf1687-1acf-4441-9855-1857c0adc953
2019-06-13 17:16:55,684 INFO  pipeline.PipelineStateManager (PipelineStateManager.java:addPipeline(56)) - Created pipeline Pipeline[ Id: 78d1eb63-4de8-4d08-bf58-e45ecd5125d4, Nodes: 0bbf1687-1acf-4441-9855-1857c0adc953{ip: 192.168.46.54, host: ozone-pcwht-4071652583, networkLocation: /default-rack, certSerialId: null}, Type:RATIS, Factor:ONE, State:OPEN]
2019-06-13 17:16:55,848 INFO  impl.FollowerState (FollowerState.java:run(101)) - 54e51183-93cc-444b-989f-5debd09c3236:group-F5537E1F331A changes to CANDIDATE, lastRpcTime:1109, electionTimeout:1109ms
2019-06-13 17:16:55,848 INFO  impl.RoleInfo (RoleInfo.java:shutdownFollowerState(121)) - 54e51183-93cc-444b-989f-5debd09c3236: shutdown FollowerState
2019-06-13 17:16:55,848 INFO  impl.RaftServerImpl (RaftServerImpl.java:setRole(164)) - 54e51183-93cc-444b-989f-5debd09c3236:group-F5537E1F331A changes role from FOLLOWER to CANDIDATE at term 0 for changeToCandidate
2019-06-13 17:16:55,848 INFO  impl.RoleInfo (RoleInfo.java:updateAndGet(143)) - 54e51183-93cc-444b-989f-5debd09c3236: start LeaderElection
2019-06-13 17:16:55,855 INFO  impl.LeaderElection (LeaderElection.java:askForVotes(181)) - 54e51183-93cc-444b-989f-5debd09c3236:group-F5537E1F331A:LeaderElection29: begin an election at term 1 for -1: [54e51183-93cc-444b-989f-5debd09c3236:192.168.46.54:37559], old=null
2019-06-13 17:16:55,855 INFO  impl.RoleInfo (RoleInfo.java:shutdownLeaderElection(134)) - 54e51183-93cc-444b-989f-5debd09c3236: shutdown LeaderElection
2019-06-13 17:16:55,855 INFO  impl.RaftServerImpl (RaftServerImpl.java:setRole(164)) - 54e51183-93cc-444b-989f-5debd09c3236:group-F5537E1F331A changes role from CANDIDATE to LEADER at term 1 for changeToLeader
2019-06-13 17:16:55,855 INFO  impl.RaftServerImpl (ServerState.java:setLeader(263)) - 54e51183-93cc-444b-989f-5debd09c3236:group-F5537E1F331A change Leader from null to 54e51183-93cc-444b-989f-5debd09c3236 at term 1 for becomeLeader, leader elected after 1118ms
2019-06-13 17:16:55,855 INFO  server.RaftServerConfigKeys (ConfUtils.java:logGet(43)) - raft.server.staging.catchup.gap = 1000 (default)
2019-06-13 17:16:55,855 INFO  server.RaftServerConfigKeys (ConfUtils.java:logGet(43)) - raft.server.rpc.sleep.time = 25ms (default)
2019-06-13 17:16:55,856 INFO  server.RaftServerConfigKeys (ConfUtils.java:logGet(43)) - raft.server.watch.timeout = 10s (default)
2019-06-13 17:16:55,856 INFO  server.RaftServerConfigKeys (ConfUtils.java:logGet(43)) - raft.server.watch.timeout.denomination = 1s (default)
2019-06-13 17:16:55,856 INFO  impl.RoleInfo (RoleInfo.java:updateAndGet(143)) - 54e51183-93cc-444b-989f-5debd09c3236: start LeaderState
2019-06-13 17:16:55,856 INFO  storage.RaftLogWorker (RaftLogWorker.java:startLogSegment(298)) - 54e51183-93cc-444b-989f-5debd09c3236-RaftLogWorker: Starting segment from index:0
2019-06-13 17:16:55,856 INFO  impl.RaftServerImpl (ServerState.java:setRaftConf(361)) - 54e51183-93cc-444b-989f-5debd09c3236:group-F5537E1F331A set configuration 0: [54e51183-93cc-444b-989f-5debd09c3236:192.168.46.54:37559], old=null at 0
2019-06-13 17:16:55,891 INFO  storage.RaftLogWorker (RaftLogWorker.java:execute(469)) - 54e51183-93cc-444b-989f-5debd09c3236-RaftLogWorker: created new log segment /opt/src/hadoop-ozone/integration-test/target/test-dir/MiniOzoneClusterImpl-b8f76877-1811-433e-811a-41530062d570/datanode-0/data/ratis/d9eeb0c7-f388-4f10-bb0c-f5537e1f331a/current/log_inprogress_0
2019-06-13 17:16:56,099 INFO  impl.FollowerState (FollowerState.java:run(101)) - 4ce8826f-4a77-41d7-8add-9059415b23c9:group-3C6218A6DD94 changes to CANDIDATE, lastRpcTime:1157, electionTimeout:1157ms
2019-06-13 17:16:56,099 INFO  impl.RoleInfo (RoleInfo.java:shutdownFollowerState(121)) - 4ce8826f-4a77-41d7-8add-9059415b23c9: shutdown FollowerState
2019-06-13 17:16:56,099 INFO  impl.RaftServerImpl (RaftServerImpl.java:setRole(164)) - 4ce8826f-4a77-41d7-8add-9059415b23c9:group-3C6218A6DD94 changes role from FOLLOWER to CANDIDATE at term 0 for changeToCandidate
2019-06-13 17:16:56,099 INFO  impl.RoleInfo (RoleInfo.java:updateAndGet(143)) - 4ce8826f-4a77-41d7-8add-9059415b23c9: start LeaderElection
2019-06-13 17:16:56,105 INFO  impl.LeaderElection (LeaderElection.java:askForVotes(181)) - 4ce8826f-4a77-41d7-8add-9059415b23c9:group-3C6218A6DD94:LeaderElection30: begin an election at term 1 for -1: [4ce8826f-4a77-41d7-8add-9059415b23c9:192.168.46.54:35603], old=null
2019-06-13 17:16:56,105 INFO  impl.RoleInfo (RoleInfo.java:shutdownLeaderElection(134)) - 4ce8826f-4a77-41d7-8add-9059415b23c9: shutdown LeaderElection
2019-06-13 17:16:56,105 INFO  impl.RaftServerImpl (RaftServerImpl.java:setRole(164)) - 4ce8826f-4a77-41d7-8add-9059415b23c9:group-3C6218A6DD94 changes role from CANDIDATE to LEADER at term 1 for changeToLeader
2019-06-13 17:16:56,105 INFO  impl.RaftServerImpl (ServerState.java:setLeader(263)) - 4ce8826f-4a77-41d7-8add-9059415b23c9:group-3C6218A6DD94 change Leader from null to 4ce8826f-4a77-41d7-8add-9059415b23c9 at term 1 for becomeLeader, leader elected after 1165ms
2019-06-13 17:16:56,105 INFO  server.RaftServerConfigKeys (ConfUtils.java:logGet(43)) - raft.server.staging.catchup.gap = 1000 (default)
2019-06-13 17:16:56,105 INFO  server.RaftServerConfigKeys (ConfUtils.java:logGet(43)) - raft.server.rpc.sleep.time = 25ms (default)
2019-06-13 17:16:56,106 INFO  server.RaftServerConfigKeys (ConfUtils.java:logGet(43)) - raft.server.watch.timeout = 10s (default)
2019-06-13 17:16:56,106 INFO  server.RaftServerConfigKeys (ConfUtils.java:logGet(43)) - raft.server.watch.timeout.denomination = 1s (default)
2019-06-13 17:16:56,106 INFO  impl.RoleInfo (RoleInfo.java:updateAndGet(143)) - 4ce8826f-4a77-41d7-8add-9059415b23c9: start LeaderState
2019-06-13 17:16:56,106 INFO  storage.RaftLogWorker (RaftLogWorker.java:startLogSegment(298)) - 4ce8826f-4a77-41d7-8add-9059415b23c9-RaftLogWorker: Starting segment from index:0
2019-06-13 17:16:56,106 INFO  impl.RaftServerImpl (ServerState.java:setRaftConf(361)) - 4ce8826f-4a77-41d7-8add-9059415b23c9:group-3C6218A6DD94 set configuration 0: [4ce8826f-4a77-41d7-8add-9059415b23c9:192.168.46.54:35603], old=null at 0
2019-06-13 17:16:56,141 INFO  storage.RaftLogWorker (RaftLogWorker.java:execute(469)) - 4ce8826f-4a77-41d7-8add-9059415b23c9-RaftLogWorker: created new log segment /opt/src/hadoop-ozone/integration-test/target/test-dir/MiniOzoneClusterImpl-b8f76877-1811-433e-811a-41530062d570/datanode-1/data/ratis/a6f25e08-680e-4cbc-8f6b-3c6218a6dd94/current/log_inprogress_0
2019-06-13 17:16:56,164 INFO  impl.FollowerState (FollowerState.java:run(101)) - 74f0366e-7114-4979-b395-d5d7e4b2d007:group-F8255193FEEF changes to CANDIDATE, lastRpcTime:1076, electionTimeout:1076ms
2019-06-13 17:16:56,164 INFO  impl.RoleInfo (RoleInfo.java:shutdownFollowerState(121)) - 74f0366e-7114-4979-b395-d5d7e4b2d007: shutdown FollowerState
2019-06-13 17:16:56,164 INFO  impl.RaftServerImpl (RaftServerImpl.java:setRole(164)) - 74f0366e-7114-4979-b395-d5d7e4b2d007:group-F8255193FEEF changes role from FOLLOWER to CANDIDATE at term 0 for changeToCandidate
2019-06-13 17:16:56,164 INFO  impl.RoleInfo (RoleInfo.java:updateAndGet(143)) - 74f0366e-7114-4979-b395-d5d7e4b2d007: start LeaderElection
2019-06-13 17:16:56,164 INFO  impl.FollowerState (FollowerState.java:run(101)) - 54e51183-93cc-444b-989f-5debd09c3236:group-DFCE18E550F6 changes to CANDIDATE, lastRpcTime:1049, electionTimeout:1046ms
2019-06-13 17:16:56,164 INFO  impl.RoleInfo (RoleInfo.java:shutdownFollowerState(121)) - 54e51183-93cc-444b-989f-5debd09c3236: shutdown FollowerState
2019-06-13 17:16:56,164 INFO  impl.RaftServerImpl (RaftServerImpl.java:setRole(164)) - 54e51183-93cc-444b-989f-5debd09c3236:group-DFCE18E550F6 changes role from FOLLOWER to CANDIDATE at term 0 for changeToCandidate
2019-06-13 17:16:56,168 INFO  impl.RoleInfo (RoleInfo.java:updateAndGet(143)) - 54e51183-93cc-444b-989f-5debd09c3236: start LeaderElection
2019-06-13 17:16:56,172 INFO  impl.LeaderElection (LeaderElection.java:askForVotes(181)) - 74f0366e-7114-4979-b395-d5d7e4b2d007:group-F8255193FEEF:LeaderElection31: begin an election at term 1 for -1: [74f0366e-7114-4979-b395-d5d7e4b2d007:192.168.46.54:42653], old=null
2019-06-13 17:16:56,172 INFO  impl.LeaderElection (LeaderElection.java:askForVotes(181)) - 54e51183-93cc-444b-989f-5debd09c3236:group-DFCE18E550F6:LeaderElection32: begin an election at term 1 for -1: [74f0366e-7114-4979-b395-d5d7e4b2d007:192.168.46.54:42653, 54e51183-93cc-444b-989f-5debd09c3236:192.168.46.54:37559, 4ce8826f-4a77-41d7-8add-9059415b23c9:192.168.46.54:35603], old=null
2019-06-13 17:16:56,172 INFO  impl.RoleInfo (RoleInfo.java:shutdownLeaderElection(134)) - 74f0366e-7114-4979-b395-d5d7e4b2d007: shutdown LeaderElection
2019-06-13 17:16:56,172 INFO  impl.RaftServerImpl (RaftServerImpl.java:setRole(164)) - 74f0366e-7114-4979-b395-d5d7e4b2d007:group-F8255193FEEF changes role from CANDIDATE to LEADER at term 1 for changeToLeader
2019-06-13 17:16:56,172 INFO  impl.RaftServerImpl (ServerState.java:setLeader(263)) - 74f0366e-7114-4979-b395-d5d7e4b2d007:group-F8255193FEEF change Leader from null to 74f0366e-7114-4979-b395-d5d7e4b2d007 at term 1 for becomeLeader, leader elected after 1086ms
2019-06-13 17:16:56,172 INFO  server.RaftServerConfigKeys (ConfUtils.java:logGet(43)) - raft.server.staging.catchup.gap = 1000 (default)
2019-06-13 17:16:56,172 INFO  server.RaftServerConfigKeys (ConfUtils.java:logGet(43)) - raft.server.rpc.sleep.time = 25ms (default)
2019-06-13 17:16:56,172 INFO  server.RaftServerConfigKeys (ConfUtils.java:logGet(43)) - raft.server.watch.timeout = 10s (default)
2019-06-13 17:16:56,173 INFO  server.RaftServerConfigKeys (ConfUtils.java:logGet(43)) - raft.server.watch.timeout.denomination = 1s (default)
2019-06-13 17:16:56,173 INFO  impl.RoleInfo (RoleInfo.java:updateAndGet(143)) - 74f0366e-7114-4979-b395-d5d7e4b2d007: start LeaderState
2019-06-13 17:16:56,173 INFO  storage.RaftLogWorker (RaftLogWorker.java:startLogSegment(298)) - 74f0366e-7114-4979-b395-d5d7e4b2d007-RaftLogWorker: Starting segment from index:0
2019-06-13 17:16:56,192 INFO  impl.RaftServerImpl (RaftServerImpl.java:setRole(164)) - 4ce8826f-4a77-41d7-8add-9059415b23c9:group-DFCE18E550F6 changes role from FOLLOWER to FOLLOWER at term 1 for recognizeCandidate:54e51183-93cc-444b-989f-5debd09c3236
2019-06-13 17:16:56,192 INFO  impl.RoleInfo (RoleInfo.java:shutdownFollowerState(121)) - 4ce8826f-4a77-41d7-8add-9059415b23c9: shutdown FollowerState
2019-06-13 17:16:56,193 INFO  impl.RoleInfo (RoleInfo.java:updateAndGet(143)) - 4ce8826f-4a77-41d7-8add-9059415b23c9: start FollowerState
2019-06-13 17:16:56,193 INFO  impl.FollowerState (FollowerState.java:run(109)) - 4ce8826f-4a77-41d7-8add-9059415b23c9: FollowerState was interrupted: java.lang.InterruptedException: sleep interrupted
2019-06-13 17:16:56,194 INFO  impl.RaftServerImpl (ServerState.java:setRaftConf(361)) - 74f0366e-7114-4979-b395-d5d7e4b2d007:group-F8255193FEEF set configuration 0: [74f0366e-7114-4979-b395-d5d7e4b2d007:192.168.46.54:42653], old=null at 0
2019-06-13 17:16:56,197 INFO  impl.LeaderElection (LeaderElection.java:logAndReturn(56)) - 54e51183-93cc-444b-989f-5debd09c3236:group-DFCE18E550F6:LeaderElection32: Election PASSED; received 1 response(s) [54e51183-93cc-444b-989f-5debd09c3236->4ce8826f-4a77-41d7-8add-9059415b23c9,true-t1] and 0 exception(s); 54e51183-93cc-444b-989f-5debd09c3236:t1, leader=null, voted=54e51183-93cc-444b-989f-5debd09c3236, raftlog=54e51183-93cc-444b-989f-5debd09c3236-SegmentedRaftLog:OPENED:c-1,f-1,i0, conf=-1: [74f0366e-7114-4979-b395-d5d7e4b2d007:192.168.46.54:42653, 54e51183-93cc-444b-989f-5debd09c3236:192.168.46.54:37559, 4ce8826f-4a77-41d7-8add-9059415b23c9:192.168.46.54:35603], old=null
2019-06-13 17:16:56,197 INFO  impl.RoleInfo (RoleInfo.java:shutdownLeaderElection(134)) - 54e51183-93cc-444b-989f-5debd09c3236: shutdown LeaderElection
2019-06-13 17:16:56,197 INFO  impl.RaftServerImpl (RaftServerImpl.java:setRole(164)) - 54e51183-93cc-444b-989f-5debd09c3236:group-DFCE18E550F6 changes role from CANDIDATE to LEADER at term 1 for changeToLeader
2019-06-13 17:16:56,197 INFO  impl.RaftServerImpl (ServerState.java:setLeader(263)) - 54e51183-93cc-444b-989f-5debd09c3236:group-DFCE18E550F6 change Leader from null to 54e51183-93cc-444b-989f-5debd09c3236 at term 1 for becomeLeader, leader elected after 1085ms
2019-06-13 17:16:56,197 INFO  server.RaftServerConfigKeys (ConfUtils.java:logGet(43)) - raft.server.staging.catchup.gap = 1000 (default)
2019-06-13 17:16:56,197 INFO  server.RaftServerConfigKeys (ConfUtils.java:logGet(43)) - raft.server.rpc.sleep.time = 25ms (default)
2019-06-13 17:16:56,197 INFO  server.RaftServerConfigKeys (ConfUtils.java:logGet(43)) - raft.server.watch.timeout = 10s (default)
2019-06-13 17:16:56,213 INFO  server.RaftServerConfigKeys (ConfUtils.java:logGet(43)) - raft.server.watch.timeout.denomination = 1s (default)
2019-06-13 17:16:56,214 INFO  storage.RaftLogWorker (RaftLogWorker.java:execute(469)) - 74f0366e-7114-4979-b395-d5d7e4b2d007-RaftLogWorker: created new log segment /opt/src/hadoop-ozone/integration-test/target/test-dir/MiniOzoneClusterImpl-b8f76877-1811-433e-811a-41530062d570/datanode-2/data/ratis/bd364535-a699-4868-b43e-f8255193feef/current/log_inprogress_0
2019-06-13 17:16:56,212 INFO  impl.RaftServerImpl (RaftServerImpl.java:setRole(164)) - 74f0366e-7114-4979-b395-d5d7e4b2d007:group-DFCE18E550F6 changes role from FOLLOWER to FOLLOWER at term 1 for recognizeCandidate:54e51183-93cc-444b-989f-5debd09c3236
2019-06-13 17:16:56,214 INFO  server.RaftServerConfigKeys (ConfUtils.java:logGet(43)) - raft.server.log.appender.snapshot.chunk.size.max = 16MB (=16777216) (default)
2019-06-13 17:16:56,215 INFO  impl.RoleInfo (RoleInfo.java:shutdownFollowerState(121)) - 74f0366e-7114-4979-b395-d5d7e4b2d007: shutdown FollowerState
2019-06-13 17:16:56,215 INFO  server.RaftServerConfigKeys (ConfUtils.java:logGet(43)) - raft.server.log.appender.buffer.byte-limit = 33554432 (custom)
2019-06-13 17:16:56,216 INFO  impl.FollowerState (FollowerState.java:run(109)) - 74f0366e-7114-4979-b395-d5d7e4b2d007: FollowerState was interrupted: java.lang.InterruptedException: sleep interrupted
2019-06-13 17:16:56,216 INFO  impl.RoleInfo (RoleInfo.java:updateAndGet(143)) - 74f0366e-7114-4979-b395-d5d7e4b2d007: start FollowerState
2019-06-13 17:16:56,216 INFO  server.RaftServerConfigKeys (ConfUtils.java:logGet(43)) - raft.server.log.appender.buffer.element-limit = 1 (custom)
2019-06-13 17:16:56,216 INFO  grpc.GrpcConfigKeys$Server (ConfUtils.java:logGet(43)) - raft.grpc.server.leader.outstanding.appends.max = 128 (default)
2019-06-13 17:16:56,216 INFO  server.RaftServerConfigKeys (ConfUtils.java:logGet(43)) - raft.server.rpc.request.timeout = 3000ms (default)
2019-06-13 17:16:56,216 INFO  server.RaftServerConfigKeys (ConfUtils.java:logGet(43)) - raft.server.log.appender.install.snapshot.enabled = true (default)
2019-06-13 17:16:56,216 INFO  server.RaftServerConfigKeys (ConfUtils.java:logGet(43)) - raft.server.log.appender.snapshot.chunk.size.max = 16MB (=16777216) (default)
2019-06-13 17:16:56,216 INFO  server.RaftServerConfigKeys (ConfUtils.java:logGet(43)) - raft.server.log.appender.buffer.byte-limit = 33554432 (custom)
2019-06-13 17:16:56,217 INFO  server.RaftServerConfigKeys (ConfUtils.java:logGet(43)) - raft.server.log.appender.buffer.element-limit = 1 (custom)
2019-06-13 17:16:56,217 INFO  grpc.GrpcConfigKeys$Server (ConfUtils.java:logGet(43)) - raft.grpc.server.leader.outstanding.appends.max = 128 (default)
2019-06-13 17:16:56,217 INFO  server.RaftServerConfigKeys (ConfUtils.java:logGet(43)) - raft.server.rpc.request.timeout = 3000ms (default)
2019-06-13 17:16:56,217 INFO  server.RaftServerConfigKeys (ConfUtils.java:logGet(43)) - raft.server.log.appender.install.snapshot.enabled = true (default)
2019-06-13 17:16:56,217 INFO  impl.RoleInfo (RoleInfo.java:updateAndGet(143)) - 54e51183-93cc-444b-989f-5debd09c3236: start LeaderState
2019-06-13 17:16:56,217 INFO  storage.RaftLogWorker (RaftLogWorker.java:startLogSegment(298)) - 54e51183-93cc-444b-989f-5debd09c3236-RaftLogWorker: Starting segment from index:0
2019-06-13 17:16:56,222 INFO  impl.RaftServerImpl (ServerState.java:setLeader(263)) - 74f0366e-7114-4979-b395-d5d7e4b2d007:group-DFCE18E550F6 change Leader from null to 54e51183-93cc-444b-989f-5debd09c3236 at term 1 for appendEntries, leader elected after 1111ms
2019-06-13 17:16:56,228 INFO  impl.RaftServerImpl (ServerState.java:setRaftConf(361)) - 54e51183-93cc-444b-989f-5debd09c3236:group-DFCE18E550F6 set configuration 0: [74f0366e-7114-4979-b395-d5d7e4b2d007:192.168.46.54:42653, 54e51183-93cc-444b-989f-5debd09c3236:192.168.46.54:37559, 4ce8826f-4a77-41d7-8add-9059415b23c9:192.168.46.54:35603], old=null at 0
2019-06-13 17:16:56,258 INFO  impl.RaftServerImpl (ServerState.java:setLeader(263)) - 4ce8826f-4a77-41d7-8add-9059415b23c9:group-DFCE18E550F6 change Leader from null to 54e51183-93cc-444b-989f-5debd09c3236 at term 1 for appendEntries, leader elected after 1147ms
2019-06-13 17:16:56,259 INFO  impl.RaftServerImpl (ServerState.java:setRaftConf(361)) - 74f0366e-7114-4979-b395-d5d7e4b2d007:group-DFCE18E550F6 set configuration 0: [74f0366e-7114-4979-b395-d5d7e4b2d007:192.168.46.54:42653, 54e51183-93cc-444b-989f-5debd09c3236:192.168.46.54:37559, 4ce8826f-4a77-41d7-8add-9059415b23c9:192.168.46.54:35603], old=null at 0
2019-06-13 17:16:56,259 INFO  storage.RaftLogWorker (RaftLogWorker.java:startLogSegment(298)) - 74f0366e-7114-4979-b395-d5d7e4b2d007-RaftLogWorker: Starting segment from index:0
2019-06-13 17:16:56,259 INFO  impl.RaftServerImpl (ServerState.java:setRaftConf(361)) - 4ce8826f-4a77-41d7-8add-9059415b23c9:group-DFCE18E550F6 set configuration 0: [74f0366e-7114-4979-b395-d5d7e4b2d007:192.168.46.54:42653, 54e51183-93cc-444b-989f-5debd09c3236:192.168.46.54:37559, 4ce8826f-4a77-41d7-8add-9059415b23c9:192.168.46.54:35603], old=null at 0
2019-06-13 17:16:56,260 INFO  storage.RaftLogWorker (RaftLogWorker.java:startLogSegment(298)) - 4ce8826f-4a77-41d7-8add-9059415b23c9-RaftLogWorker: Starting segment from index:0
2019-06-13 17:16:56,261 INFO  storage.RaftLogWorker (RaftLogWorker.java:execute(469)) - 54e51183-93cc-444b-989f-5debd09c3236-RaftLogWorker: created new log segment /opt/src/hadoop-ozone/integration-test/target/test-dir/MiniOzoneClusterImpl-b8f76877-1811-433e-811a-41530062d570/datanode-0/data/ratis/13caf2b7-97ef-450c-8df8-dfce18e550f6/current/log_inprogress_0
2019-06-13 17:16:56,304 INFO  storage.RaftLogWorker (RaftLogWorker.java:execute(469)) - 4ce8826f-4a77-41d7-8add-9059415b23c9-RaftLogWorker: created new log segment /opt/src/hadoop-ozone/integration-test/target/test-dir/MiniOzoneClusterImpl-b8f76877-1811-433e-811a-41530062d570/datanode-1/data/ratis/13caf2b7-97ef-450c-8df8-dfce18e550f6/current/log_inprogress_0
2019-06-13 17:16:56,304 INFO  storage.RaftLogWorker (RaftLogWorker.java:execute(469)) - 74f0366e-7114-4979-b395-d5d7e4b2d007-RaftLogWorker: created new log segment /opt/src/hadoop-ozone/integration-test/target/test-dir/MiniOzoneClusterImpl-b8f76877-1811-433e-811a-41530062d570/datanode-2/data/ratis/13caf2b7-97ef-450c-8df8-dfce18e550f6/current/log_inprogress_0
2019-06-13 17:16:56,324 INFO  impl.FollowerState (FollowerState.java:run(101)) - d8b809b8-8e41-4a91-85c1-2931e3f27410:group-AB863E0637D5 changes to CANDIDATE, lastRpcTime:1083, electionTimeout:1083ms
2019-06-13 17:16:56,324 INFO  impl.RoleInfo (RoleInfo.java:shutdownFollowerState(121)) - d8b809b8-8e41-4a91-85c1-2931e3f27410: shutdown FollowerState
2019-06-13 17:16:56,325 INFO  impl.RaftServerImpl (RaftServerImpl.java:setRole(164)) - d8b809b8-8e41-4a91-85c1-2931e3f27410:group-AB863E0637D5 changes role from FOLLOWER to CANDIDATE at term 0 for changeToCandidate
2019-06-13 17:16:56,325 INFO  impl.RoleInfo (RoleInfo.java:updateAndGet(143)) - d8b809b8-8e41-4a91-85c1-2931e3f27410: start LeaderElection
2019-06-13 17:16:56,330 INFO  impl.LeaderElection (LeaderElection.java:askForVotes(181)) - d8b809b8-8e41-4a91-85c1-2931e3f27410:group-AB863E0637D5:LeaderElection33: begin an election at term 1 for -1: [d8b809b8-8e41-4a91-85c1-2931e3f27410:192.168.46.54:33509], old=null
2019-06-13 17:16:56,330 INFO  impl.RoleInfo (RoleInfo.java:shutdownLeaderElection(134)) - d8b809b8-8e41-4a91-85c1-2931e3f27410: shutdown LeaderElection
2019-06-13 17:16:56,330 INFO  impl.RaftServerImpl (RaftServerImpl.java:setRole(164)) - d8b809b8-8e41-4a91-85c1-2931e3f27410:group-AB863E0637D5 changes role from CANDIDATE to LEADER at term 1 for changeToLeader
2019-06-13 17:16:56,330 INFO  impl.RaftServerImpl (ServerState.java:setLeader(263)) - d8b809b8-8e41-4a91-85c1-2931e3f27410:group-AB863E0637D5 change Leader from null to d8b809b8-8e41-4a91-85c1-2931e3f27410 at term 1 for becomeLeader, leader elected after 1091ms
2019-06-13 17:16:56,330 INFO  server.RaftServerConfigKeys (ConfUtils.java:logGet(43)) - raft.server.staging.catchup.gap = 1000 (default)
2019-06-13 17:16:56,330 INFO  server.RaftServerConfigKeys (ConfUtils.java:logGet(43)) - raft.server.rpc.sleep.time = 25ms (default)
2019-06-13 17:16:56,330 INFO  server.RaftServerConfigKeys (ConfUtils.java:logGet(43)) - raft.server.watch.timeout = 10s (default)
2019-06-13 17:16:56,331 INFO  server.RaftServerConfigKeys (ConfUtils.java:logGet(43)) - raft.server.watch.timeout.denomination = 1s (default)
2019-06-13 17:16:56,331 INFO  impl.RoleInfo (RoleInfo.java:updateAndGet(143)) - d8b809b8-8e41-4a91-85c1-2931e3f27410: start LeaderState
2019-06-13 17:16:56,331 INFO  storage.RaftLogWorker (RaftLogWorker.java:startLogSegment(298)) - d8b809b8-8e41-4a91-85c1-2931e3f27410-RaftLogWorker: Starting segment from index:0
2019-06-13 17:16:56,331 INFO  impl.RaftServerImpl (ServerState.java:setRaftConf(361)) - d8b809b8-8e41-4a91-85c1-2931e3f27410:group-AB863E0637D5 set configuration 0: [d8b809b8-8e41-4a91-85c1-2931e3f27410:192.168.46.54:33509], old=null at 0
2019-06-13 17:16:56,365 INFO  storage.RaftLogWorker (RaftLogWorker.java:execute(469)) - d8b809b8-8e41-4a91-85c1-2931e3f27410-RaftLogWorker: created new log segment /opt/src/hadoop-ozone/integration-test/target/test-dir/MiniOzoneClusterImpl-b8f76877-1811-433e-811a-41530062d570/datanode-3/data/ratis/2b1a0329-8851-4598-a85a-ab863e0637d5/current/log_inprogress_0
2019-06-13 17:16:56,541 INFO  impl.FollowerState (FollowerState.java:run(101)) - 4754a523-2a7c-4694-ba28-600c9a696673:group-AE366DC4D1CD changes to CANDIDATE, lastRpcTime:1007, electionTimeout:1007ms
2019-06-13 17:16:56,541 INFO  impl.RoleInfo (RoleInfo.java:shutdownFollowerState(121)) - 4754a523-2a7c-4694-ba28-600c9a696673: shutdown FollowerState
2019-06-13 17:16:56,541 INFO  impl.RaftServerImpl (RaftServerImpl.java:setRole(164)) - 4754a523-2a7c-4694-ba28-600c9a696673:group-AE366DC4D1CD changes role from FOLLOWER to CANDIDATE at term 0 for changeToCandidate
2019-06-13 17:16:56,542 INFO  impl.RoleInfo (RoleInfo.java:updateAndGet(143)) - 4754a523-2a7c-4694-ba28-600c9a696673: start LeaderElection
2019-06-13 17:16:56,547 INFO  impl.LeaderElection (LeaderElection.java:askForVotes(181)) - 4754a523-2a7c-4694-ba28-600c9a696673:group-AE366DC4D1CD:LeaderElection34: begin an election at term 1 for -1: [4754a523-2a7c-4694-ba28-600c9a696673:192.168.46.54:44183], old=null
2019-06-13 17:16:56,547 INFO  impl.RoleInfo (RoleInfo.java:shutdownLeaderElection(134)) - 4754a523-2a7c-4694-ba28-600c9a696673: shutdown LeaderElection
2019-06-13 17:16:56,547 INFO  impl.RaftServerImpl (RaftServerImpl.java:setRole(164)) - 4754a523-2a7c-4694-ba28-600c9a696673:group-AE366DC4D1CD changes role from CANDIDATE to LEADER at term 1 for changeToLeader
2019-06-13 17:16:56,547 INFO  impl.RaftServerImpl (ServerState.java:setLeader(263)) - 4754a523-2a7c-4694-ba28-600c9a696673:group-AE366DC4D1CD change Leader from null to 4754a523-2a7c-4694-ba28-600c9a696673 at term 1 for becomeLeader, leader elected after 1014ms
2019-06-13 17:16:56,547 INFO  server.RaftServerConfigKeys (ConfUtils.java:logGet(43)) - raft.server.staging.catchup.gap = 1000 (default)
2019-06-13 17:16:56,548 INFO  server.RaftServerConfigKeys (ConfUtils.java:logGet(43)) - raft.server.rpc.sleep.time = 25ms (default)
2019-06-13 17:16:56,548 INFO  server.RaftServerConfigKeys (ConfUtils.java:logGet(43)) - raft.server.watch.timeout = 10s (default)
2019-06-13 17:16:56,548 INFO  server.RaftServerConfigKeys (ConfUtils.java:logGet(43)) - raft.server.watch.timeout.denomination = 1s (default)
2019-06-13 17:16:56,548 INFO  impl.RoleInfo (RoleInfo.java:updateAndGet(143)) - 4754a523-2a7c-4694-ba28-600c9a696673: start LeaderState
2019-06-13 17:16:56,548 INFO  storage.RaftLogWorker (RaftLogWorker.java:startLogSegment(298)) - 4754a523-2a7c-4694-ba28-600c9a696673-RaftLogWorker: Starting segment from index:0
2019-06-13 17:16:56,548 INFO  impl.RaftServerImpl (ServerState.java:setRaftConf(361)) - 4754a523-2a7c-4694-ba28-600c9a696673:group-AE366DC4D1CD set configuration 0: [4754a523-2a7c-4694-ba28-600c9a696673:192.168.46.54:44183], old=null at 0
2019-06-13 17:16:56,582 INFO  storage.RaftLogWorker (RaftLogWorker.java:execute(469)) - 4754a523-2a7c-4694-ba28-600c9a696673-RaftLogWorker: created new log segment /opt/src/hadoop-ozone/integration-test/target/test-dir/MiniOzoneClusterImpl-b8f76877-1811-433e-811a-41530062d570/datanode-5/data/ratis/fb639e4e-55ef-4d89-9b80-ae366dc4d1cd/current/log_inprogress_0
2019-06-13 17:16:56,593 INFO  impl.FollowerState (FollowerState.java:run(101)) - d662a538-0979-4c2a-a8d0-42d33a75e287:group-6277338AF216 changes to CANDIDATE, lastRpcTime:1185, electionTimeout:1185ms
2019-06-13 17:16:56,593 INFO  impl.RoleInfo (RoleInfo.java:shutdownFollowerState(121)) - d662a538-0979-4c2a-a8d0-42d33a75e287: shutdown FollowerState
2019-06-13 17:16:56,593 INFO  impl.RaftServerImpl (RaftServerImpl.java:setRole(164)) - d662a538-0979-4c2a-a8d0-42d33a75e287:group-6277338AF216 changes role from FOLLOWER to CANDIDATE at term 0 for changeToCandidate
2019-06-13 17:16:56,593 INFO  impl.RoleInfo (RoleInfo.java:updateAndGet(143)) - d662a538-0979-4c2a-a8d0-42d33a75e287: start LeaderElection
2019-06-13 17:16:56,599 INFO  impl.LeaderElection (LeaderElection.java:askForVotes(181)) - d662a538-0979-4c2a-a8d0-42d33a75e287:group-6277338AF216:LeaderElection35: begin an election at term 1 for -1: [d662a538-0979-4c2a-a8d0-42d33a75e287:192.168.46.54:40783], old=null
2019-06-13 17:16:56,599 INFO  impl.RoleInfo (RoleInfo.java:shutdownLeaderElection(134)) - d662a538-0979-4c2a-a8d0-42d33a75e287: shutdown LeaderElection
2019-06-13 17:16:56,599 INFO  impl.RaftServerImpl (RaftServerImpl.java:setRole(164)) - d662a538-0979-4c2a-a8d0-42d33a75e287:group-6277338AF216 changes role from CANDIDATE to LEADER at term 1 for changeToLeader
2019-06-13 17:16:56,599 INFO  impl.RaftServerImpl (ServerState.java:setLeader(263)) - d662a538-0979-4c2a-a8d0-42d33a75e287:group-6277338AF216 change Leader from null to d662a538-0979-4c2a-a8d0-42d33a75e287 at term 1 for becomeLeader, leader elected after 1192ms
2019-06-13 17:16:56,599 INFO  server.RaftServerConfigKeys (ConfUtils.java:logGet(43)) - raft.server.staging.catchup.gap = 1000 (default)
2019-06-13 17:16:56,599 INFO  server.RaftServerConfigKeys (ConfUtils.java:logGet(43)) - raft.server.rpc.sleep.time = 25ms (default)
2019-06-13 17:16:56,599 INFO  server.RaftServerConfigKeys (ConfUtils.java:logGet(43)) - raft.server.watch.timeout = 10s (default)
2019-06-13 17:16:56,599 INFO  server.RaftServerConfigKeys (ConfUtils.java:logGet(43)) - raft.server.watch.timeout.denomination = 1s (default)
2019-06-13 17:16:56,599 INFO  impl.RoleInfo (RoleInfo.java:updateAndGet(143)) - d662a538-0979-4c2a-a8d0-42d33a75e287: start LeaderState
2019-06-13 17:16:56,599 INFO  storage.RaftLogWorker (RaftLogWorker.java:startLogSegment(298)) - d662a538-0979-4c2a-a8d0-42d33a75e287-RaftLogWorker: Starting segment from index:0
2019-06-13 17:16:56,600 INFO  impl.RaftServerImpl (ServerState.java:setRaftConf(361)) - d662a538-0979-4c2a-a8d0-42d33a75e287:group-6277338AF216 set configuration 0: [d662a538-0979-4c2a-a8d0-42d33a75e287:192.168.46.54:40783], old=null at 0
2019-06-13 17:16:56,636 INFO  storage.RaftLogWorker (RaftLogWorker.java:execute(469)) - d662a538-0979-4c2a-a8d0-42d33a75e287-RaftLogWorker: created new log segment /opt/src/hadoop-ozone/integration-test/target/test-dir/MiniOzoneClusterImpl-b8f76877-1811-433e-811a-41530062d570/datanode-4/data/ratis/5212eef1-e3ec-4a47-be37-6277338af216/current/log_inprogress_0
2019-06-13 17:16:56,649 INFO  impl.FollowerState (FollowerState.java:run(101)) - d662a538-0979-4c2a-a8d0-42d33a75e287:group-483DEEBBDC78 changes to CANDIDATE, lastRpcTime:1095, electionTimeout:1095ms
2019-06-13 17:16:56,649 INFO  impl.RoleInfo (RoleInfo.java:shutdownFollowerState(121)) - d662a538-0979-4c2a-a8d0-42d33a75e287: shutdown FollowerState
2019-06-13 17:16:56,649 INFO  impl.RaftServerImpl (RaftServerImpl.java:setRole(164)) - d662a538-0979-4c2a-a8d0-42d33a75e287:group-483DEEBBDC78 changes role from FOLLOWER to CANDIDATE at term 0 for changeToCandidate
2019-06-13 17:16:56,650 INFO  impl.RoleInfo (RoleInfo.java:updateAndGet(143)) - d662a538-0979-4c2a-a8d0-42d33a75e287: start LeaderElection
2019-06-13 17:16:56,655 INFO  impl.LeaderElection (LeaderElection.java:askForVotes(181)) - d662a538-0979-4c2a-a8d0-42d33a75e287:group-483DEEBBDC78:LeaderElection36: begin an election at term 1 for -1: [d8b809b8-8e41-4a91-85c1-2931e3f27410:192.168.46.54:33509, 4754a523-2a7c-4694-ba28-600c9a696673:192.168.46.54:44183, d662a538-0979-4c2a-a8d0-42d33a75e287:192.168.46.54:40783], old=null
2019-06-13 17:16:56,659 INFO  impl.FollowerState (FollowerState.java:run(101)) - 4754a523-2a7c-4694-ba28-600c9a696673:group-483DEEBBDC78 changes to CANDIDATE, lastRpcTime:1100, electionTimeout:1099ms
2019-06-13 17:16:56,659 INFO  impl.RoleInfo (RoleInfo.java:shutdownFollowerState(121)) - 4754a523-2a7c-4694-ba28-600c9a696673: shutdown FollowerState
2019-06-13 17:16:56,659 INFO  impl.RaftServerImpl (RaftServerImpl.java:setRole(164)) - 4754a523-2a7c-4694-ba28-600c9a696673:group-483DEEBBDC78 changes role from FOLLOWER to CANDIDATE at term 0 for changeToCandidate
2019-06-13 17:16:56,659 INFO  impl.RoleInfo (RoleInfo.java:updateAndGet(143)) - 4754a523-2a7c-4694-ba28-600c9a696673: start LeaderElection
2019-06-13 17:16:56,659 INFO  ozone.MiniOzoneClusterImpl (MiniOzoneClusterImpl.java:lambda$waitForClusterToBeReady$0(142)) - Cluster is ready. Got 7 of 7 DN Heartbeats.
2019-06-13 17:16:56,667 INFO  impl.LeaderElection (LeaderElection.java:askForVotes(181)) - 4754a523-2a7c-4694-ba28-600c9a696673:group-483DEEBBDC78:LeaderElection37: begin an election at term 1 for -1: [d8b809b8-8e41-4a91-85c1-2931e3f27410:192.168.46.54:33509, 4754a523-2a7c-4694-ba28-600c9a696673:192.168.46.54:44183, d662a538-0979-4c2a-a8d0-42d33a75e287:192.168.46.54:40783], old=null
2019-06-13 17:16:56,669 INFO  impl.RaftServerImpl (RaftServerImpl.java:setRole(164)) - d8b809b8-8e41-4a91-85c1-2931e3f27410:group-483DEEBBDC78 changes role from FOLLOWER to FOLLOWER at term 1 for recognizeCandidate:d662a538-0979-4c2a-a8d0-42d33a75e287
2019-06-13 17:16:56,669 INFO  impl.RoleInfo (RoleInfo.java:shutdownFollowerState(121)) - d8b809b8-8e41-4a91-85c1-2931e3f27410: shutdown FollowerState
2019-06-13 17:16:56,669 INFO  impl.RoleInfo (RoleInfo.java:updateAndGet(143)) - d8b809b8-8e41-4a91-85c1-2931e3f27410: start FollowerState
2019-06-13 17:16:56,670 INFO  impl.FollowerState (FollowerState.java:run(109)) - d8b809b8-8e41-4a91-85c1-2931e3f27410: FollowerState was interrupted: java.lang.InterruptedException: sleep interrupted
2019-06-13 17:16:56,674 INFO  impl.LeaderElection (LeaderElection.java:logAndReturn(56)) - d662a538-0979-4c2a-a8d0-42d33a75e287:group-483DEEBBDC78:LeaderElection36: Election PASSED; received 2 response(s) [d662a538-0979-4c2a-a8d0-42d33a75e287->d8b809b8-8e41-4a91-85c1-2931e3f27410,true-t1, d662a538-0979-4c2a-a8d0-42d33a75e287->4754a523-2a7c-4694-ba28-600c9a696673,false-t1] and 0 exception(s); d662a538-0979-4c2a-a8d0-42d33a75e287:t1, leader=null, voted=d662a538-0979-4c2a-a8d0-42d33a75e287, raftlog=d662a538-0979-4c2a-a8d0-42d33a75e287-SegmentedRaftLog:OPENED:c-1,f-1,i0, conf=-1: [d8b809b8-8e41-4a91-85c1-2931e3f27410:192.168.46.54:33509, 4754a523-2a7c-4694-ba28-600c9a696673:192.168.46.54:44183, d662a538-0979-4c2a-a8d0-42d33a75e287:192.168.46.54:40783], old=null
2019-06-13 17:16:56,674 INFO  impl.RoleInfo (RoleInfo.java:shutdownLeaderElection(134)) - d662a538-0979-4c2a-a8d0-42d33a75e287: shutdown LeaderElection
2019-06-13 17:16:56,680 INFO  impl.RaftServerImpl (RaftServerImpl.java:setRole(164)) - d662a538-0979-4c2a-a8d0-42d33a75e287:group-483DEEBBDC78 changes role from CANDIDATE to LEADER at term 1 for changeToLeader
2019-06-13 17:16:56,681 INFO  impl.RaftServerImpl (ServerState.java:setLeader(263)) - d662a538-0979-4c2a-a8d0-42d33a75e287:group-483DEEBBDC78 change Leader from null to d662a538-0979-4c2a-a8d0-42d33a75e287 at term 1 for becomeLeader, leader elected after 1128ms
2019-06-13 17:16:56,681 INFO  server.RaftServerConfigKeys (ConfUtils.java:logGet(43)) - raft.server.staging.catchup.gap = 1000 (default)
2019-06-13 17:16:56,681 INFO  server.RaftServerConfigKeys (ConfUtils.java:logGet(43)) - raft.server.rpc.sleep.time = 25ms (default)
2019-06-13 17:16:56,681 INFO  server.RaftServerConfigKeys (ConfUtils.java:logGet(43)) - raft.server.watch.timeout = 10s (default)
2019-06-13 17:16:56,681 INFO  server.RaftServerConfigKeys (ConfUtils.java:logGet(43)) - raft.server.watch.timeout.denomination = 1s (default)
2019-06-13 17:16:56,681 INFO  server.RaftServerConfigKeys (ConfUtils.java:logGet(43)) - raft.server.log.appender.snapshot.chunk.size.max = 16MB (=16777216) (default)
2019-06-13 17:16:56,681 INFO  server.RaftServerConfigKeys (ConfUtils.java:logGet(43)) - raft.server.log.appender.buffer.byte-limit = 33554432 (custom)
2019-06-13 17:16:56,681 INFO  impl.LeaderElection (LeaderElection.java:logAndReturn(56)) - 4754a523-2a7c-4694-ba28-600c9a696673:group-483DEEBBDC78:LeaderElection37: Election REJECTED; received 2 response(s) [4754a523-2a7c-4694-ba28-600c9a696673->d8b809b8-8e41-4a91-85c1-2931e3f27410,false-t1, 4754a523-2a7c-4694-ba28-600c9a696673->d662a538-0979-4c2a-a8d0-42d33a75e287,false-t1] and 0 exception(s); 4754a523-2a7c-4694-ba28-600c9a696673:t1, leader=null, voted=4754a523-2a7c-4694-ba28-600c9a696673, raftlog=4754a523-2a7c-4694-ba28-600c9a696673-SegmentedRaftLog:OPENED:c-1,f-1,i0, conf=-1: [d8b809b8-8e41-4a91-85c1-2931e3f27410:192.168.46.54:33509, 4754a523-2a7c-4694-ba28-600c9a696673:192.168.46.54:44183, d662a538-0979-4c2a-a8d0-42d33a75e287:192.168.46.54:40783], old=null
2019-06-13 17:16:56,686 INFO  impl.RaftServerImpl (RaftServerImpl.java:setRole(164)) - 4754a523-2a7c-4694-ba28-600c9a696673:group-483DEEBBDC78 changes role from CANDIDATE to FOLLOWER at term 1 for DISCOVERED_A_NEW_TERM
2019-06-13 17:16:56,687 INFO  impl.RoleInfo (RoleInfo.java:shutdownLeaderElection(134)) - 4754a523-2a7c-4694-ba28-600c9a696673: shutdown LeaderElection
2019-06-13 17:16:56,681 INFO  server.RaftServerConfigKeys (ConfUtils.java:logGet(43)) - raft.server.log.appender.buffer.element-limit = 1 (custom)
2019-06-13 17:16:56,687 INFO  impl.RoleInfo (RoleInfo.java:updateAndGet(143)) - 4754a523-2a7c-4694-ba28-600c9a696673: start FollowerState
2019-06-13 17:16:56,690 INFO  grpc.GrpcConfigKeys$Server (ConfUtils.java:logGet(43)) - raft.grpc.server.leader.outstanding.appends.max = 128 (default)
2019-06-13 17:16:56,693 INFO  server.RaftServerConfigKeys (ConfUtils.java:logGet(43)) - raft.server.rpc.request.timeout = 3000ms (default)
2019-06-13 17:16:56,693 INFO  server.RaftServerConfigKeys (ConfUtils.java:logGet(43)) - raft.server.log.appender.install.snapshot.enabled = true (default)
2019-06-13 17:16:56,693 INFO  server.RaftServerConfigKeys (ConfUtils.java:logGet(43)) - raft.server.log.appender.snapshot.chunk.size.max = 16MB (=16777216) (default)
2019-06-13 17:16:56,693 INFO  server.RaftServerConfigKeys (ConfUtils.java:logGet(43)) - raft.server.log.appender.buffer.byte-limit = 33554432 (custom)
2019-06-13 17:16:56,696 INFO  server.RaftServerConfigKeys (ConfUtils.java:logGet(43)) - raft.server.log.appender.buffer.element-limit = 1 (custom)
2019-06-13 17:16:56,696 INFO  grpc.GrpcConfigKeys$Server (ConfUtils.java:logGet(43)) - raft.grpc.server.leader.outstanding.appends.max = 128 (default)
2019-06-13 17:16:56,696 INFO  server.RaftServerConfigKeys (ConfUtils.java:logGet(43)) - raft.server.rpc.request.timeout = 3000ms (default)
2019-06-13 17:16:56,696 INFO  server.RaftServerConfigKeys (ConfUtils.java:logGet(43)) - raft.server.log.appender.install.snapshot.enabled = true (default)
2019-06-13 17:16:56,696 INFO  impl.RoleInfo (RoleInfo.java:updateAndGet(143)) - d662a538-0979-4c2a-a8d0-42d33a75e287: start LeaderState
2019-06-13 17:16:56,696 INFO  storage.RaftLogWorker (RaftLogWorker.java:startLogSegment(298)) - d662a538-0979-4c2a-a8d0-42d33a75e287-RaftLogWorker: Starting segment from index:0
2019-06-13 17:16:56,697 INFO  rpc.RpcClient (RpcClient.java:createVolume(289)) - Creating Volume: watchforcommithandlingtest, with root as owner.
2019-06-13 17:16:56,702 INFO  impl.RaftServerImpl (ServerState.java:setRaftConf(361)) - d662a538-0979-4c2a-a8d0-42d33a75e287:group-483DEEBBDC78 set configuration 0: [d8b809b8-8e41-4a91-85c1-2931e3f27410:192.168.46.54:33509, 4754a523-2a7c-4694-ba28-600c9a696673:192.168.46.54:44183, d662a538-0979-4c2a-a8d0-42d33a75e287:192.168.46.54:40783], old=null at 0
2019-06-13 17:16:56,703 INFO  impl.RaftServerImpl (ServerState.java:setLeader(263)) - 4754a523-2a7c-4694-ba28-600c9a696673:group-483DEEBBDC78 change Leader from null to d662a538-0979-4c2a-a8d0-42d33a75e287 at term 1 for appendEntries, leader elected after 1147ms
2019-06-13 17:16:56,703 INFO  impl.RaftServerImpl (ServerState.java:setLeader(263)) - d8b809b8-8e41-4a91-85c1-2931e3f27410:group-483DEEBBDC78 change Leader from null to d662a538-0979-4c2a-a8d0-42d33a75e287 at term 1 for appendEntries, leader elected after 1148ms
2019-06-13 17:16:56,738 INFO  storage.RaftLogWorker (RaftLogWorker.java:execute(469)) - d662a538-0979-4c2a-a8d0-42d33a75e287-RaftLogWorker: created new log segment /opt/src/hadoop-ozone/integration-test/target/test-dir/MiniOzoneClusterImpl-b8f76877-1811-433e-811a-41530062d570/datanode-4/data/ratis/0f2f6262-d6a7-41af-8bd4-483deebbdc78/current/log_inprogress_0
2019-06-13 17:16:56,739 INFO  rpc.RpcClient (RpcClient.java:createBucket(426)) - Creating Bucket: watchforcommithandlingtest/watchforcommithandlingtest, with Versioning false and Storage Type set to DISK and Encryption set to false 
2019-06-13 17:16:56,740 INFO  impl.RaftServerImpl (ServerState.java:setRaftConf(361)) - 4754a523-2a7c-4694-ba28-600c9a696673:group-483DEEBBDC78 set configuration 0: [d8b809b8-8e41-4a91-85c1-2931e3f27410:192.168.46.54:33509, 4754a523-2a7c-4694-ba28-600c9a696673:192.168.46.54:44183, d662a538-0979-4c2a-a8d0-42d33a75e287:192.168.46.54:40783], old=null at 0
2019-06-13 17:16:56,740 INFO  storage.RaftLogWorker (RaftLogWorker.java:startLogSegment(298)) - 4754a523-2a7c-4694-ba28-600c9a696673-RaftLogWorker: Starting segment from index:0
2019-06-13 17:16:56,759 INFO  ozone.MiniOzoneClusterImpl (MiniOzoneClusterImpl.java:getStorageContainerLocationClient(241)) - Creating StorageContainerLocationProtocol RPC client with address /0.0.0.0:39961
2019-06-13 17:16:56,759 INFO  impl.RaftServerImpl (ServerState.java:setRaftConf(361)) - d8b809b8-8e41-4a91-85c1-2931e3f27410:group-483DEEBBDC78 set configuration 0: [d8b809b8-8e41-4a91-85c1-2931e3f27410:192.168.46.54:33509, 4754a523-2a7c-4694-ba28-600c9a696673:192.168.46.54:44183, d662a538-0979-4c2a-a8d0-42d33a75e287:192.168.46.54:40783], old=null at 0
2019-06-13 17:16:56,760 INFO  storage.RaftLogWorker (RaftLogWorker.java:startLogSegment(298)) - d8b809b8-8e41-4a91-85c1-2931e3f27410-RaftLogWorker: Starting segment from index:0
2019-06-13 17:16:56,783 INFO  storage.RaftLogWorker (RaftLogWorker.java:execute(469)) - 4754a523-2a7c-4694-ba28-600c9a696673-RaftLogWorker: created new log segment /opt/src/hadoop-ozone/integration-test/target/test-dir/MiniOzoneClusterImpl-b8f76877-1811-433e-811a-41530062d570/datanode-5/data/ratis/0f2f6262-d6a7-41af-8bd4-483deebbdc78/current/log_inprogress_0
2019-06-13 17:16:56,804 INFO  client.GrpcClientProtocolClient (GrpcClientProtocolClient.java:onNext(254)) - client-AC741F216D19->4ce8826f-4a77-41d7-8add-9059415b23c9: receive RaftClientReply:client-AC741F216D19->4ce8826f-4a77-41d7-8add-9059415b23c9@group-DFCE18E550F6, cid=66, FAILED org.apache.ratis.protocol.NotLeaderException: Server 4ce8826f-4a77-41d7-8add-9059415b23c9 is not the leader (54e51183-93cc-444b-989f-5debd09c3236:192.168.46.54:37559). Request must be sent to leader., logIndex=0, commits[4ce8826f-4a77-41d7-8add-9059415b23c9:c-1, 74f0366e-7114-4979-b395-d5d7e4b2d007:c-1, 54e51183-93cc-444b-989f-5debd09c3236:c-1]
2019-06-13 17:16:56,805 INFO  impl.FollowerState (FollowerState.java:run(101)) - 0bbf1687-1acf-4441-9855-1857c0adc953:group-E45ECD5125D4 changes to CANDIDATE, lastRpcTime:1123, electionTimeout:1123ms
2019-06-13 17:16:56,807 INFO  impl.RoleInfo (RoleInfo.java:shutdownFollowerState(121)) - 0bbf1687-1acf-4441-9855-1857c0adc953: shutdown FollowerState
2019-06-13 17:16:56,807 INFO  impl.RaftServerImpl (RaftServerImpl.java:setRole(164)) - 0bbf1687-1acf-4441-9855-1857c0adc953:group-E45ECD5125D4 changes role from FOLLOWER to CANDIDATE at term 0 for changeToCandidate
2019-06-13 17:16:56,807 INFO  impl.RoleInfo (RoleInfo.java:updateAndGet(143)) - 0bbf1687-1acf-4441-9855-1857c0adc953: start LeaderElection
2019-06-13 17:16:56,807 INFO  storage.RaftLogWorker (RaftLogWorker.java:execute(469)) - d8b809b8-8e41-4a91-85c1-2931e3f27410-RaftLogWorker: created new log segment /opt/src/hadoop-ozone/integration-test/target/test-dir/MiniOzoneClusterImpl-b8f76877-1811-433e-811a-41530062d570/datanode-3/data/ratis/0f2f6262-d6a7-41af-8bd4-483deebbdc78/current/log_inprogress_0
2019-06-13 17:16:56,813 WARN  client.GrpcClientProtocolService (LogUtils.java:warn(134)) - 0-OrderedRequestStreamObserver0: onError: org.apache.ratis.thirdparty.io.grpc.StatusRuntimeException: CANCELLED: cancelled before receiving half close
2019-06-13 17:16:56,815 INFO  impl.LeaderElection (LeaderElection.java:askForVotes(181)) - 0bbf1687-1acf-4441-9855-1857c0adc953:group-E45ECD5125D4:LeaderElection38: begin an election at term 1 for -1: [0bbf1687-1acf-4441-9855-1857c0adc953:192.168.46.54:46317], old=null
2019-06-13 17:16:56,815 INFO  impl.RoleInfo (RoleInfo.java:shutdownLeaderElection(134)) - 0bbf1687-1acf-4441-9855-1857c0adc953: shutdown LeaderElection
2019-06-13 17:16:56,816 INFO  impl.RaftServerImpl (RaftServerImpl.java:setRole(164)) - 0bbf1687-1acf-4441-9855-1857c0adc953:group-E45ECD5125D4 changes role from CANDIDATE to LEADER at term 1 for changeToLeader
2019-06-13 17:16:56,816 INFO  impl.RaftServerImpl (ServerState.java:setLeader(263)) - 0bbf1687-1acf-4441-9855-1857c0adc953:group-E45ECD5125D4 change Leader from null to 0bbf1687-1acf-4441-9855-1857c0adc953 at term 1 for becomeLeader, leader elected after 1136ms
2019-06-13 17:16:56,816 INFO  server.RaftServerConfigKeys (ConfUtils.java:logGet(43)) - raft.server.staging.catchup.gap = 1000 (default)
2019-06-13 17:16:56,816 INFO  server.RaftServerConfigKeys (ConfUtils.java:logGet(43)) - raft.server.rpc.sleep.time = 25ms (default)
2019-06-13 17:16:56,819 INFO  server.RaftServerConfigKeys (ConfUtils.java:logGet(43)) - raft.server.watch.timeout = 10s (default)
2019-06-13 17:16:56,819 INFO  server.RaftServerConfigKeys (ConfUtils.java:logGet(43)) - raft.server.watch.timeout.denomination = 1s (default)
2019-06-13 17:16:56,819 INFO  impl.RoleInfo (RoleInfo.java:updateAndGet(143)) - 0bbf1687-1acf-4441-9855-1857c0adc953: start LeaderState
2019-06-13 17:16:56,819 INFO  storage.RaftLogWorker (RaftLogWorker.java:startLogSegment(298)) - 0bbf1687-1acf-4441-9855-1857c0adc953-RaftLogWorker: Starting segment from index:0
2019-06-13 17:16:56,820 INFO  impl.RaftServerImpl (ServerState.java:setRaftConf(361)) - 0bbf1687-1acf-4441-9855-1857c0adc953:group-E45ECD5125D4 set configuration 0: [0bbf1687-1acf-4441-9855-1857c0adc953:192.168.46.54:46317], old=null at 0
2019-06-13 17:16:56,856 INFO  storage.RaftLogWorker (RaftLogWorker.java:execute(469)) - 0bbf1687-1acf-4441-9855-1857c0adc953-RaftLogWorker: created new log segment /opt/src/hadoop-ozone/integration-test/target/test-dir/MiniOzoneClusterImpl-b8f76877-1811-433e-811a-41530062d570/datanode-6/data/ratis/78d1eb63-4de8-4d08-bf58-e45ecd5125d4/current/log_inprogress_0
2019-06-13 17:16:57,815 INFO  client.GrpcClientProtocolClient (GrpcClientProtocolClient.java:onNext(254)) - client-AC741F216D19->74f0366e-7114-4979-b395-d5d7e4b2d007: receive RaftClientReply:client-AC741F216D19->74f0366e-7114-4979-b395-d5d7e4b2d007@group-DFCE18E550F6, cid=66, FAILED org.apache.ratis.protocol.NotLeaderException: Server 74f0366e-7114-4979-b395-d5d7e4b2d007 is not the leader (54e51183-93cc-444b-989f-5debd09c3236:192.168.46.54:37559). Request must be sent to leader., logIndex=0, commits[74f0366e-7114-4979-b395-d5d7e4b2d007:c0, 54e51183-93cc-444b-989f-5debd09c3236:c0, 4ce8826f-4a77-41d7-8add-9059415b23c9:c0]
2019-06-13 17:16:57,817 WARN  client.GrpcClientProtocolService (LogUtils.java:warn(134)) - 0-OrderedRequestStreamObserver0: onError: org.apache.ratis.thirdparty.io.grpc.StatusRuntimeException: CANCELLED: cancelled before receiving half close
2019-06-13 17:16:58,824 INFO  client.GrpcClientProtocolClient (GrpcClientProtocolClient.java:onNext(254)) - client-AC741F216D19->4ce8826f-4a77-41d7-8add-9059415b23c9: receive RaftClientReply:client-AC741F216D19->4ce8826f-4a77-41d7-8add-9059415b23c9@group-DFCE18E550F6, cid=66, FAILED org.apache.ratis.protocol.NotLeaderException: Server 4ce8826f-4a77-41d7-8add-9059415b23c9 is not the leader (54e51183-93cc-444b-989f-5debd09c3236:192.168.46.54:37559). Request must be sent to leader., logIndex=0, commits[4ce8826f-4a77-41d7-8add-9059415b23c9:c0, 74f0366e-7114-4979-b395-d5d7e4b2d007:c0, 54e51183-93cc-444b-989f-5debd09c3236:c0]
2019-06-13 17:16:58,830 WARN  client.GrpcClientProtocolService (LogUtils.java:warn(134)) - 1-OrderedRequestStreamObserver1: onError: org.apache.ratis.thirdparty.io.grpc.StatusRuntimeException: CANCELLED: cancelled before receiving half close
2019-06-13 17:16:59,838 INFO  client.GrpcClientProtocolClient (GrpcClientProtocolClient.java:onNext(254)) - client-AC741F216D19->74f0366e-7114-4979-b395-d5d7e4b2d007: receive RaftClientReply:client-AC741F216D19->74f0366e-7114-4979-b395-d5d7e4b2d007@group-DFCE18E550F6, cid=66, FAILED org.apache.ratis.protocol.NotLeaderException: Server 74f0366e-7114-4979-b395-d5d7e4b2d007 is not the leader (54e51183-93cc-444b-989f-5debd09c3236:192.168.46.54:37559). Request must be sent to leader., logIndex=0, commits[74f0366e-7114-4979-b395-d5d7e4b2d007:c0, 54e51183-93cc-444b-989f-5debd09c3236:c0, 4ce8826f-4a77-41d7-8add-9059415b23c9:c0]
2019-06-13 17:16:59,842 WARN  client.GrpcClientProtocolService (LogUtils.java:warn(134)) - 1-OrderedRequestStreamObserver1: onError: org.apache.ratis.thirdparty.io.grpc.StatusRuntimeException: CANCELLED: cancelled before receiving half close
2019-06-13 17:17:00,850 INFO  client.GrpcClientProtocolClient (GrpcClientProtocolClient.java:onNext(254)) - client-AC741F216D19->4ce8826f-4a77-41d7-8add-9059415b23c9: receive RaftClientReply:client-AC741F216D19->4ce8826f-4a77-41d7-8add-9059415b23c9@group-DFCE18E550F6, cid=66, FAILED org.apache.ratis.protocol.NotLeaderException: Server 4ce8826f-4a77-41d7-8add-9059415b23c9 is not the leader (54e51183-93cc-444b-989f-5debd09c3236:192.168.46.54:37559). Request must be sent to leader., logIndex=0, commits[4ce8826f-4a77-41d7-8add-9059415b23c9:c0, 74f0366e-7114-4979-b395-d5d7e4b2d007:c0, 54e51183-93cc-444b-989f-5debd09c3236:c0]
2019-06-13 17:17:00,853 WARN  client.GrpcClientProtocolService (LogUtils.java:warn(134)) - 2-OrderedRequestStreamObserver2: onError: org.apache.ratis.thirdparty.io.grpc.StatusRuntimeException: CANCELLED: cancelled before receiving half close
2019-06-13 17:17:01,858 INFO  client.GrpcClientProtocolClient (GrpcClientProtocolClient.java:onNext(254)) - client-AC741F216D19->74f0366e-7114-4979-b395-d5d7e4b2d007: receive RaftClientReply:client-AC741F216D19->74f0366e-7114-4979-b395-d5d7e4b2d007@group-DFCE18E550F6, cid=66, FAILED org.apache.ratis.protocol.NotLeaderException: Server 74f0366e-7114-4979-b395-d5d7e4b2d007 is not the leader (54e51183-93cc-444b-989f-5debd09c3236:192.168.46.54:37559). Request must be sent to leader., logIndex=0, commits[74f0366e-7114-4979-b395-d5d7e4b2d007:c0, 54e51183-93cc-444b-989f-5debd09c3236:c0, 4ce8826f-4a77-41d7-8add-9059415b23c9:c0]
2019-06-13 17:17:01,863 WARN  client.GrpcClientProtocolService (LogUtils.java:warn(134)) - 2-OrderedRequestStreamObserver2: onError: org.apache.ratis.thirdparty.io.grpc.StatusRuntimeException: CANCELLED: cancelled before receiving half close
2019-06-13 17:17:02,869 INFO  client.GrpcClientProtocolClient (GrpcClientProtocolClient.java:onNext(254)) - client-AC741F216D19->4ce8826f-4a77-41d7-8add-9059415b23c9: receive RaftClientReply:client-AC741F216D19->4ce8826f-4a77-41d7-8add-9059415b23c9@group-DFCE18E550F6, cid=66, FAILED org.apache.ratis.protocol.NotLeaderException: Server 4ce8826f-4a77-41d7-8add-9059415b23c9 is not the leader (54e51183-93cc-444b-989f-5debd09c3236:192.168.46.54:37559). Request must be sent to leader., logIndex=0, commits[4ce8826f-4a77-41d7-8add-9059415b23c9:c0, 74f0366e-7114-4979-b395-d5d7e4b2d007:c0, 54e51183-93cc-444b-989f-5debd09c3236:c0]
2019-06-13 17:17:02,871 WARN  client.GrpcClientProtocolService (LogUtils.java:warn(134)) - 3-OrderedRequestStreamObserver3: onError: org.apache.ratis.thirdparty.io.grpc.StatusRuntimeException: CANCELLED: cancelled before receiving half close
2019-06-13 17:17:03,916 INFO  client.GrpcClientProtocolClient (GrpcClientProtocolClient.java:onNext(254)) - client-AC741F216D19->54e51183-93cc-444b-989f-5debd09c3236: receive RaftClientReply:client-AC741F216D19->54e51183-93cc-444b-989f-5debd09c3236@group-DFCE18E550F6, cid=66, SUCCESS, logIndex=1, commits[54e51183-93cc-444b-989f-5debd09c3236:c2, 74f0366e-7114-4979-b395-d5d7e4b2d007:c2, 4ce8826f-4a77-41d7-8add-9059415b23c9:c1]
2019-06-13 17:17:03,918 INFO  datanode.ObjectStoreHandler (ObjectStoreHandler.java:close(155)) - Closing ObjectStoreHandler.
2019-06-13 17:17:03,919 INFO  ozone.HddsDatanodeService (HddsDatanodeService.java:stop(452)) - Stopped plug-in org.apache.hadoop.ozone.web.OzoneHddsDatanodeService@5d00b469
2019-06-13 17:17:03,919 INFO  statemachine.DatanodeStateMachine (DatanodeStateMachine.java:lambda$startDaemon$0(350)) - Ozone container server started.
2019-06-13 17:17:03,920 INFO  ozoneimpl.OzoneContainer (OzoneContainer.java:stop(199)) - Attempting to stop container services.
2019-06-13 17:17:03,920 INFO  impl.RaftServerProxy (RaftServerProxy.java:lambda$close$4(314)) - 4ce8826f-4a77-41d7-8add-9059415b23c9: close
2019-06-13 17:17:03,920 INFO  impl.RaftServerImpl (RaftServerImpl.java:lambda$shutdown$3(238)) - 4ce8826f-4a77-41d7-8add-9059415b23c9: shutdown group-3C6218A6DD94
2019-06-13 17:17:03,920 INFO  impl.RaftServerImpl (RaftServerImpl.java:lambda$shutdown$3(238)) - 4ce8826f-4a77-41d7-8add-9059415b23c9: shutdown group-DFCE18E550F6
2019-06-13 17:17:03,920 INFO  util.JmxRegister (JmxRegister.java:unregister(73)) - Successfully un-registered JMX Bean with object name Ratis:service=RaftServer,group=group-3C6218A6DD94,id=4ce8826f-4a77-41d7-8add-9059415b23c9
2019-06-13 17:17:03,921 INFO  util.JmxRegister (JmxRegister.java:unregister(73)) - Successfully un-registered JMX Bean with object name Ratis:service=RaftServer,group=group-DFCE18E550F6,id=4ce8826f-4a77-41d7-8add-9059415b23c9
2019-06-13 17:17:03,921 INFO  impl.RoleInfo (RoleInfo.java:shutdownLeaderState(104)) - 4ce8826f-4a77-41d7-8add-9059415b23c9: shutdown LeaderState
2019-06-13 17:17:03,921 INFO  impl.RoleInfo (RoleInfo.java:shutdownFollowerState(121)) - 4ce8826f-4a77-41d7-8add-9059415b23c9: shutdown FollowerState
2019-06-13 17:17:03,921 INFO  impl.PendingRequests (PendingRequests.java:sendNotLeaderResponses(140)) - 4ce8826f-4a77-41d7-8add-9059415b23c9-PendingRequests: sendNotLeaderResponses
2019-06-13 17:17:03,921 INFO  ratis.ContainerStateMachine (ContainerStateMachine.java:takeSnapshot(245)) - Taking snapshot at termIndex:(t:1, i:1)
2019-06-13 17:17:03,921 INFO  ratis.ContainerStateMachine (ContainerStateMachine.java:takeSnapshot(249)) - Taking a snapshot to file /opt/src/hadoop-ozone/integration-test/target/test-dir/MiniOzoneClusterImpl-b8f76877-1811-433e-811a-41530062d570/datanode-1/data/ratis/13caf2b7-97ef-450c-8df8-dfce18e550f6/sm/snapshot.1_1
2019-06-13 17:17:03,921 INFO  impl.StateMachineUpdater (StateMachineUpdater.java:stopAndJoin(109)) - StateMachineUpdater-4ce8826f-4a77-41d7-8add-9059415b23c9-group-DFCE18E550F6: set stopIndex = 1
2019-06-13 17:17:03,923 INFO  impl.FollowerState (FollowerState.java:run(109)) - 4ce8826f-4a77-41d7-8add-9059415b23c9: FollowerState was interrupted: java.lang.InterruptedException: sleep interrupted
2019-06-13 17:17:03,932 INFO  impl.RaftServerImpl (ServerState.java:close(394)) - 4ce8826f-4a77-41d7-8add-9059415b23c9:group-DFCE18E550F6 closes. The last applied log index is 1
2019-06-13 17:17:03,934 INFO  impl.StateMachineUpdater (StateMachineUpdater.java:stopAndJoin(109)) - StateMachineUpdater-4ce8826f-4a77-41d7-8add-9059415b23c9-group-3C6218A6DD94: set stopIndex = 0
2019-06-13 17:17:03,934 INFO  ratis.ContainerStateMachine (ContainerStateMachine.java:takeSnapshot(245)) - Taking snapshot at termIndex:(t:0, i:~)
2019-06-13 17:17:03,934 INFO  storage.RaftLogWorker (RaftLogWorker.java:run(236)) - 4ce8826f-4a77-41d7-8add-9059415b23c9-RaftLogWorker was interrupted, exiting. There are 0 tasks remaining in the queue.
2019-06-13 17:17:03,934 INFO  impl.RaftServerImpl (ServerState.java:close(394)) - 4ce8826f-4a77-41d7-8add-9059415b23c9:group-3C6218A6DD94 closes. The last applied log index is 0
2019-06-13 17:17:03,935 INFO  storage.RaftLogWorker (RaftLogWorker.java:run(236)) - 4ce8826f-4a77-41d7-8add-9059415b23c9-RaftLogWorker was interrupted, exiting. There are 0 tasks remaining in the queue.
2019-06-13 17:17:03,938 INFO  storage.RaftLogWorker (RaftLogWorker.java:close(168)) - 4ce8826f-4a77-41d7-8add-9059415b23c9-RaftLogWorker close()
2019-06-13 17:17:03,938 INFO  storage.RaftLogWorker (RaftLogWorker.java:close(168)) - 4ce8826f-4a77-41d7-8add-9059415b23c9-RaftLogWorker close()
2019-06-13 17:17:03,941 INFO  server.GrpcService (GrpcService.java:closeImpl(154)) - 4ce8826f-4a77-41d7-8add-9059415b23c9: shutdown server with port 35603 now
2019-06-13 17:17:03,942 INFO  server.GrpcService (GrpcService.java:closeImpl(162)) - 4ce8826f-4a77-41d7-8add-9059415b23c9: shutdown server with port 35603 successfully
2019-06-13 17:17:03,942 WARN  server.GrpcLogAppender (LogUtils.java:warn(134)) - 54e51183-93cc-444b-989f-5debd09c3236: Failed appendEntries to 4ce8826f-4a77-41d7-8add-9059415b23c9:192.168.46.54:35603: org.apache.ratis.thirdparty.io.grpc.StatusRuntimeException: CANCELLED: HTTP/2 error code: CANCEL
Received Rst Stream
2019-06-13 17:17:03,943 WARN  server.GrpcServerProtocolService (LogUtils.java:warn(134)) - 4ce8826f-4a77-41d7-8add-9059415b23c9: appendEntries onError: org.apache.ratis.thirdparty.io.grpc.StatusRuntimeException: CANCELLED: cancelled before receiving half close
2019-06-13 17:17:03,943 INFO  impl.FollowerInfo (FollowerInfo.java:lambda$new$0(50)) - 54e51183-93cc-444b-989f-5debd09c3236->4ce8826f-4a77-41d7-8add-9059415b23c9: nextIndex: updateUnconditionally 3 -> 0
2019-06-13 17:17:03,943 WARN  fs.CachingGetSpaceUsed (CachingGetSpaceUsed.java:run(183)) - Thread Interrupted waiting to refresh disk information: sleep interrupted
2019-06-13 17:17:03,954 INFO  statemachine.DatanodeStateMachine (DatanodeStateMachine.java:stopDaemon(395)) - Ozone container server stopped.
2019-06-13 17:17:03,955 INFO  handler.ContextHandler (ContextHandler.java:doStop(910)) - Stopped o.e.j.w.WebAppContext@204c5ddf{/,null,UNAVAILABLE}{/hddsDatanode}
2019-06-13 17:17:03,955 INFO  server.AbstractConnector (AbstractConnector.java:doStop(318)) - Stopped ServerConnector@240f2efd{HTTP/1.1,[http/1.1]}{0.0.0.0:0}
2019-06-13 17:17:03,955 INFO  handler.ContextHandler (ContextHandler.java:doStop(910)) - Stopped o.e.j.s.ServletContextHandler@746fd19b{/static,jar:file:/root/.m2/repository/org/apache/hadoop/hadoop-hdds-container-service/0.5.0-SNAPSHOT/hadoop-hdds-container-service-0.5.0-SNAPSHOT.jar!/webapps/static,UNAVAILABLE}
2019-06-13 17:17:03,956 INFO  handler.ContextHandler (ContextHandler.java:doStop(910)) - Stopped o.e.j.s.ServletContextHandler@7f64bd7{/logs,file:///opt/src/hadoop-ozone/integration-test/target/log,UNAVAILABLE}
2019-06-13 17:17:03,956 INFO  datanode.ObjectStoreHandler (ObjectStoreHandler.java:close(155)) - Closing ObjectStoreHandler.
2019-06-13 17:17:03,957 INFO  ozone.HddsDatanodeService (HddsDatanodeService.java:stop(452)) - Stopped plug-in org.apache.hadoop.ozone.web.OzoneHddsDatanodeService@687fd6e
2019-06-13 17:17:03,957 INFO  statemachine.DatanodeStateMachine (DatanodeStateMachine.java:lambda$startDaemon$0(350)) - Ozone container server started.
2019-06-13 17:17:03,957 INFO  ozoneimpl.OzoneContainer (OzoneContainer.java:stop(199)) - Attempting to stop container services.
2019-06-13 17:17:03,957 INFO  impl.RaftServerProxy (RaftServerProxy.java:lambda$close$4(314)) - 74f0366e-7114-4979-b395-d5d7e4b2d007: close
2019-06-13 17:17:03,957 INFO  impl.RaftServerImpl (RaftServerImpl.java:lambda$shutdown$3(238)) - 74f0366e-7114-4979-b395-d5d7e4b2d007: shutdown group-F8255193FEEF
2019-06-13 17:17:03,957 INFO  impl.RaftServerImpl (RaftServerImpl.java:lambda$shutdown$3(238)) - 74f0366e-7114-4979-b395-d5d7e4b2d007: shutdown group-DFCE18E550F6
2019-06-13 17:17:03,958 INFO  util.JmxRegister (JmxRegister.java:unregister(73)) - Successfully un-registered JMX Bean with object name Ratis:service=RaftServer,group=group-F8255193FEEF,id=74f0366e-7114-4979-b395-d5d7e4b2d007
2019-06-13 17:17:03,958 INFO  util.JmxRegister (JmxRegister.java:unregister(73)) - Successfully un-registered JMX Bean with object name Ratis:service=RaftServer,group=group-DFCE18E550F6,id=74f0366e-7114-4979-b395-d5d7e4b2d007
2019-06-13 17:17:03,958 INFO  impl.RoleInfo (RoleInfo.java:shutdownLeaderState(104)) - 74f0366e-7114-4979-b395-d5d7e4b2d007: shutdown LeaderState
2019-06-13 17:17:03,958 INFO  impl.RoleInfo (RoleInfo.java:shutdownFollowerState(121)) - 74f0366e-7114-4979-b395-d5d7e4b2d007: shutdown FollowerState
2019-06-13 17:17:03,958 INFO  impl.PendingRequests (PendingRequests.java:sendNotLeaderResponses(140)) - 74f0366e-7114-4979-b395-d5d7e4b2d007-PendingRequests: sendNotLeaderResponses
2019-06-13 17:17:03,958 INFO  impl.StateMachineUpdater (StateMachineUpdater.java:stopAndJoin(109)) - StateMachineUpdater-74f0366e-7114-4979-b395-d5d7e4b2d007-group-DFCE18E550F6: set stopIndex = 2
2019-06-13 17:17:03,958 INFO  ratis.ContainerStateMachine (ContainerStateMachine.java:takeSnapshot(245)) - Taking snapshot at termIndex:(t:1, i:2)
2019-06-13 17:17:03,958 INFO  impl.FollowerState (FollowerState.java:run(109)) - 74f0366e-7114-4979-b395-d5d7e4b2d007: FollowerState was interrupted: java.lang.InterruptedException: sleep interrupted
2019-06-13 17:17:03,963 INFO  ratis.ContainerStateMachine (ContainerStateMachine.java:takeSnapshot(249)) - Taking a snapshot to file /opt/src/hadoop-ozone/integration-test/target/test-dir/MiniOzoneClusterImpl-b8f76877-1811-433e-811a-41530062d570/datanode-2/data/ratis/13caf2b7-97ef-450c-8df8-dfce18e550f6/sm/snapshot.1_2
2019-06-13 17:17:03,965 INFO  ratis.ContainerStateMachine (ContainerStateMachine.java:takeSnapshot(245)) - Taking snapshot at termIndex:(t:0, i:~)
2019-06-13 17:17:03,965 INFO  impl.StateMachineUpdater (StateMachineUpdater.java:stopAndJoin(109)) - StateMachineUpdater-74f0366e-7114-4979-b395-d5d7e4b2d007-group-F8255193FEEF: set stopIndex = 0
2019-06-13 17:17:03,965 INFO  impl.RaftServerImpl (ServerState.java:close(394)) - 74f0366e-7114-4979-b395-d5d7e4b2d007:group-DFCE18E550F6 closes. The last applied log index is 2
2019-06-13 17:17:03,966 INFO  impl.RaftServerImpl (ServerState.java:close(394)) - 74f0366e-7114-4979-b395-d5d7e4b2d007:group-F8255193FEEF closes. The last applied log index is 0
2019-06-13 17:17:03,966 INFO  storage.RaftLogWorker (RaftLogWorker.java:run(236)) - 74f0366e-7114-4979-b395-d5d7e4b2d007-RaftLogWorker was interrupted, exiting. There are 0 tasks remaining in the queue.
2019-06-13 17:17:03,966 INFO  storage.RaftLogWorker (RaftLogWorker.java:run(236)) - 74f0366e-7114-4979-b395-d5d7e4b2d007-RaftLogWorker was interrupted, exiting. There are 0 tasks remaining in the queue.
2019-06-13 17:17:03,968 INFO  storage.RaftLogWorker (RaftLogWorker.java:close(168)) - 74f0366e-7114-4979-b395-d5d7e4b2d007-RaftLogWorker close()
2019-06-13 17:17:03,968 INFO  storage.RaftLogWorker (RaftLogWorker.java:close(168)) - 74f0366e-7114-4979-b395-d5d7e4b2d007-RaftLogWorker close()
2019-06-13 17:17:03,971 INFO  server.GrpcService (GrpcService.java:closeImpl(154)) - 74f0366e-7114-4979-b395-d5d7e4b2d007: shutdown server with port 42653 now
2019-06-13 17:17:03,971 WARN  server.GrpcServerProtocolService (LogUtils.java:warn(134)) - 74f0366e-7114-4979-b395-d5d7e4b2d007: appendEntries onError: org.apache.ratis.thirdparty.io.grpc.StatusRuntimeException: CANCELLED: cancelled before receiving half close
2019-06-13 17:17:03,971 INFO  server.GrpcService (GrpcService.java:closeImpl(162)) - 74f0366e-7114-4979-b395-d5d7e4b2d007: shutdown server with port 42653 successfully
2019-06-13 17:17:03,972 WARN  server.GrpcLogAppender (LogUtils.java:warn(134)) - 54e51183-93cc-444b-989f-5debd09c3236: Failed appendEntries to 74f0366e-7114-4979-b395-d5d7e4b2d007:192.168.46.54:42653: org.apache.ratis.thirdparty.io.grpc.StatusRuntimeException: CANCELLED: HTTP/2 error code: CANCEL
Received Rst Stream
2019-06-13 17:17:03,972 INFO  impl.FollowerInfo (FollowerInfo.java:lambda$new$0(50)) - 54e51183-93cc-444b-989f-5debd09c3236->74f0366e-7114-4979-b395-d5d7e4b2d007: nextIndex: updateUnconditionally 3 -> 0
2019-06-13 17:17:03,973 WARN  fs.CachingGetSpaceUsed (CachingGetSpaceUsed.java:run(183)) - Thread Interrupted waiting to refresh disk information: sleep interrupted
2019-06-13 17:17:03,985 INFO  statemachine.DatanodeStateMachine (DatanodeStateMachine.java:stopDaemon(395)) - Ozone container server stopped.
2019-06-13 17:17:03,985 INFO  handler.ContextHandler (ContextHandler.java:doStop(910)) - Stopped o.e.j.w.WebAppContext@17e2835c{/,null,UNAVAILABLE}{/hddsDatanode}
2019-06-13 17:17:03,987 INFO  server.AbstractConnector (AbstractConnector.java:doStop(318)) - Stopped ServerConnector@4d2bc56a{HTTP/1.1,[http/1.1]}{0.0.0.0:0}
2019-06-13 17:17:03,987 INFO  handler.ContextHandler (ContextHandler.java:doStop(910)) - Stopped o.e.j.s.ServletContextHandler@253b1cbd{/static,jar:file:/root/.m2/repository/org/apache/hadoop/hadoop-hdds-container-service/0.5.0-SNAPSHOT/hadoop-hdds-container-service-0.5.0-SNAPSHOT.jar!/webapps/static,UNAVAILABLE}
2019-06-13 17:17:03,987 INFO  handler.ContextHandler (ContextHandler.java:doStop(910)) - Stopped o.e.j.s.ServletContextHandler@3831f4c2{/logs,file:///opt/src/hadoop-ozone/integration-test/target/log,UNAVAILABLE}
2019-06-13 17:17:04,382 WARN  server.GrpcLogAppender (LogUtils.java:warn(134)) - 54e51183-93cc-444b-989f-5debd09c3236: Failed appendEntries to 4ce8826f-4a77-41d7-8add-9059415b23c9:192.168.46.54:35603: org.apache.ratis.thirdparty.io.grpc.StatusRuntimeException: UNAVAILABLE: io exception
2019-06-13 17:17:04,382 INFO  impl.FollowerInfo (FollowerInfo.java:lambda$new$0(50)) - 54e51183-93cc-444b-989f-5debd09c3236->4ce8826f-4a77-41d7-8add-9059415b23c9: nextIndex: updateUnconditionally 0 -> 0
2019-06-13 17:17:04,385 WARN  server.GrpcLogAppender (LogUtils.java:warn(134)) - 54e51183-93cc-444b-989f-5debd09c3236: Failed appendEntries to 74f0366e-7114-4979-b395-d5d7e4b2d007:192.168.46.54:42653: org.apache.ratis.thirdparty.io.grpc.StatusRuntimeException: UNAVAILABLE: io exception
2019-06-13 17:17:04,385 INFO  impl.FollowerInfo (FollowerInfo.java:lambda$new$0(50)) - 54e51183-93cc-444b-989f-5debd09c3236->74f0366e-7114-4979-b395-d5d7e4b2d007: nextIndex: updateUnconditionally 0 -> 0
2019-06-13 17:17:04,882 WARN  server.GrpcLogAppender (LogUtils.java:warn(134)) - 54e51183-93cc-444b-989f-5debd09c3236: Failed appendEntries to 4ce8826f-4a77-41d7-8add-9059415b23c9:192.168.46.54:35603: org.apache.ratis.thirdparty.io.grpc.StatusRuntimeException: UNAVAILABLE: io exception
2019-06-13 17:17:04,883 INFO  impl.FollowerInfo (FollowerInfo.java:lambda$new$0(50)) - 54e51183-93cc-444b-989f-5debd09c3236->4ce8826f-4a77-41d7-8add-9059415b23c9: nextIndex: updateUnconditionally 0 -> 0
2019-06-13 17:17:04,885 WARN  server.GrpcLogAppender (LogUtils.java:warn(134)) - 54e51183-93cc-444b-989f-5debd09c3236: Failed appendEntries to 74f0366e-7114-4979-b395-d5d7e4b2d007:192.168.46.54:42653: org.apache.ratis.thirdparty.io.grpc.StatusRuntimeException: UNAVAILABLE: io exception
2019-06-13 17:17:04,885 INFO  impl.FollowerInfo (FollowerInfo.java:lambda$new$0(50)) - 54e51183-93cc-444b-989f-5debd09c3236->74f0366e-7114-4979-b395-d5d7e4b2d007: nextIndex: updateUnconditionally 0 -> 0
2019-06-13 17:17:05,384 WARN  server.GrpcLogAppender (LogUtils.java:warn(134)) - 54e51183-93cc-444b-989f-5debd09c3236: Failed appendEntries to 4ce8826f-4a77-41d7-8add-9059415b23c9:192.168.46.54:35603: org.apache.ratis.thirdparty.io.grpc.StatusRuntimeException: UNAVAILABLE: io exception
2019-06-13 17:17:05,384 INFO  impl.FollowerInfo (FollowerInfo.java:lambda$new$0(50)) - 54e51183-93cc-444b-989f-5debd09c3236->4ce8826f-4a77-41d7-8add-9059415b23c9: nextIndex: updateUnconditionally 0 -> 0
2019-06-13 17:17:05,402 WARN  server.GrpcLogAppender (LogUtils.java:warn(134)) - 54e51183-93cc-444b-989f-5debd09c3236: Failed appendEntries to 74f0366e-7114-4979-b395-d5d7e4b2d007:192.168.46.54:42653: org.apache.ratis.thirdparty.io.grpc.StatusRuntimeException: UNAVAILABLE: io exception
2019-06-13 17:17:05,402 INFO  impl.FollowerInfo (FollowerInfo.java:lambda$new$0(50)) - 54e51183-93cc-444b-989f-5debd09c3236->74f0366e-7114-4979-b395-d5d7e4b2d007: nextIndex: updateUnconditionally 0 -> 0
2019-06-13 17:17:05,884 WARN  server.GrpcLogAppender (LogUtils.java:warn(134)) - 54e51183-93cc-444b-989f-5debd09c3236: Failed appendEntries to 4ce8826f-4a77-41d7-8add-9059415b23c9:192.168.46.54:35603: org.apache.ratis.thirdparty.io.grpc.StatusRuntimeException: UNAVAILABLE: io exception
2019-06-13 17:17:05,884 INFO  impl.FollowerInfo (FollowerInfo.java:lambda$new$0(50)) - 54e51183-93cc-444b-989f-5debd09c3236->4ce8826f-4a77-41d7-8add-9059415b23c9: nextIndex: updateUnconditionally 0 -> 0
2019-06-13 17:17:05,886 WARN  server.GrpcLogAppender (LogUtils.java:warn(134)) - 54e51183-93cc-444b-989f-5debd09c3236: Failed appendEntries to 74f0366e-7114-4979-b395-d5d7e4b2d007:192.168.46.54:42653: org.apache.ratis.thirdparty.io.grpc.StatusRuntimeException: UNAVAILABLE: io exception
2019-06-13 17:17:05,886 INFO  impl.FollowerInfo (FollowerInfo.java:lambda$new$0(50)) - 54e51183-93cc-444b-989f-5debd09c3236->74f0366e-7114-4979-b395-d5d7e4b2d007: nextIndex: updateUnconditionally 0 -> 0
2019-06-13 17:17:06,385 WARN  server.GrpcLogAppender (LogUtils.java:warn(134)) - 54e51183-93cc-444b-989f-5debd09c3236: Failed appendEntries to 4ce8826f-4a77-41d7-8add-9059415b23c9:192.168.46.54:35603: org.apache.ratis.thirdparty.io.grpc.StatusRuntimeException: UNAVAILABLE: io exception
2019-06-13 17:17:06,385 INFO  impl.FollowerInfo (FollowerInfo.java:lambda$new$0(50)) - 54e51183-93cc-444b-989f-5debd09c3236->4ce8826f-4a77-41d7-8add-9059415b23c9: nextIndex: updateUnconditionally 0 -> 0
2019-06-13 17:17:06,387 WARN  server.GrpcLogAppender (LogUtils.java:warn(134)) - 54e51183-93cc-444b-989f-5debd09c3236: Failed appendEntries to 74f0366e-7114-4979-b395-d5d7e4b2d007:192.168.46.54:42653: org.apache.ratis.thirdparty.io.grpc.StatusRuntimeException: UNAVAILABLE: io exception
2019-06-13 17:17:06,387 INFO  impl.FollowerInfo (FollowerInfo.java:lambda$new$0(50)) - 54e51183-93cc-444b-989f-5debd09c3236->74f0366e-7114-4979-b395-d5d7e4b2d007: nextIndex: updateUnconditionally 0 -> 0
2019-06-13 17:17:06,884 WARN  server.GrpcLogAppender (LogUtils.java:warn(134)) - 54e51183-93cc-444b-989f-5debd09c3236: Failed appendEntries to 4ce8826f-4a77-41d7-8add-9059415b23c9:192.168.46.54:35603: org.apache.ratis.thirdparty.io.grpc.StatusRuntimeException: UNAVAILABLE: io exception
2019-06-13 17:17:06,885 INFO  impl.FollowerInfo (FollowerInfo.java:lambda$new$0(50)) - 54e51183-93cc-444b-989f-5debd09c3236->4ce8826f-4a77-41d7-8add-9059415b23c9: nextIndex: updateUnconditionally 0 -> 0
2019-06-13 17:17:06,887 WARN  server.GrpcLogAppender (LogUtils.java:warn(134)) - 54e51183-93cc-444b-989f-5debd09c3236: Failed appendEntries to 74f0366e-7114-4979-b395-d5d7e4b2d007:192.168.46.54:42653: org.apache.ratis.thirdparty.io.grpc.StatusRuntimeException: UNAVAILABLE: io exception
2019-06-13 17:17:06,887 INFO  impl.FollowerInfo (FollowerInfo.java:lambda$new$0(50)) - 54e51183-93cc-444b-989f-5debd09c3236->74f0366e-7114-4979-b395-d5d7e4b2d007: nextIndex: updateUnconditionally 0 -> 0
2019-06-13 17:17:07,385 WARN  server.GrpcLogAppender (LogUtils.java:warn(134)) - 54e51183-93cc-444b-989f-5debd09c3236: Failed appendEntries to 4ce8826f-4a77-41d7-8add-9059415b23c9:192.168.46.54:35603: org.apache.ratis.thirdparty.io.grpc.StatusRuntimeException: UNAVAILABLE: io exception
2019-06-13 17:17:07,385 INFO  impl.FollowerInfo (FollowerInfo.java:lambda$new$0(50)) - 54e51183-93cc-444b-989f-5debd09c3236->4ce8826f-4a77-41d7-8add-9059415b23c9: nextIndex: updateUnconditionally 0 -> 0
2019-06-13 17:17:07,387 WARN  server.GrpcLogAppender (LogUtils.java:warn(134)) - 54e51183-93cc-444b-989f-5debd09c3236: Failed appendEntries to 74f0366e-7114-4979-b395-d5d7e4b2d007:192.168.46.54:42653: org.apache.ratis.thirdparty.io.grpc.StatusRuntimeException: UNAVAILABLE: io exception
2019-06-13 17:17:07,387 INFO  impl.FollowerInfo (FollowerInfo.java:lambda$new$0(50)) - 54e51183-93cc-444b-989f-5debd09c3236->74f0366e-7114-4979-b395-d5d7e4b2d007: nextIndex: updateUnconditionally 0 -> 0
2019-06-13 17:17:07,886 WARN  server.GrpcLogAppender (LogUtils.java:warn(134)) - 54e51183-93cc-444b-989f-5debd09c3236: Failed appendEntries to 4ce8826f-4a77-41d7-8add-9059415b23c9:192.168.46.54:35603: org.apache.ratis.thirdparty.io.grpc.StatusRuntimeException: UNAVAILABLE: io exception
2019-06-13 17:17:07,886 INFO  impl.FollowerInfo (FollowerInfo.java:lambda$new$0(50)) - 54e51183-93cc-444b-989f-5debd09c3236->4ce8826f-4a77-41d7-8add-9059415b23c9: nextIndex: updateUnconditionally 0 -> 0
2019-06-13 17:17:07,888 WARN  server.GrpcLogAppender (LogUtils.java:warn(134)) - 54e51183-93cc-444b-989f-5debd09c3236: Failed appendEntries to 74f0366e-7114-4979-b395-d5d7e4b2d007:192.168.46.54:42653: org.apache.ratis.thirdparty.io.grpc.StatusRuntimeException: UNAVAILABLE: io exception
2019-06-13 17:17:07,888 INFO  impl.FollowerInfo (FollowerInfo.java:lambda$new$0(50)) - 54e51183-93cc-444b-989f-5debd09c3236->74f0366e-7114-4979-b395-d5d7e4b2d007: nextIndex: updateUnconditionally 0 -> 0
2019-06-13 17:17:08,386 WARN  server.GrpcLogAppender (LogUtils.java:warn(134)) - 54e51183-93cc-444b-989f-5debd09c3236: Failed appendEntries to 4ce8826f-4a77-41d7-8add-9059415b23c9:192.168.46.54:35603: org.apache.ratis.thirdparty.io.grpc.StatusRuntimeException: UNAVAILABLE: io exception
2019-06-13 17:17:08,386 INFO  impl.FollowerInfo (FollowerInfo.java:lambda$new$0(50)) - 54e51183-93cc-444b-989f-5debd09c3236->4ce8826f-4a77-41d7-8add-9059415b23c9: nextIndex: updateUnconditionally 0 -> 0
2019-06-13 17:17:08,388 WARN  server.GrpcLogAppender (LogUtils.java:warn(134)) - 54e51183-93cc-444b-989f-5debd09c3236: Failed appendEntries to 74f0366e-7114-4979-b395-d5d7e4b2d007:192.168.46.54:42653: org.apache.ratis.thirdparty.io.grpc.StatusRuntimeException: UNAVAILABLE: io exception
2019-06-13 17:17:08,388 INFO  impl.FollowerInfo (FollowerInfo.java:lambda$new$0(50)) - 54e51183-93cc-444b-989f-5debd09c3236->74f0366e-7114-4979-b395-d5d7e4b2d007: nextIndex: updateUnconditionally 0 -> 0
2019-06-13 17:17:08,887 WARN  server.GrpcLogAppender (LogUtils.java:warn(134)) - 54e51183-93cc-444b-989f-5debd09c3236: Failed appendEntries to 4ce8826f-4a77-41d7-8add-9059415b23c9:192.168.46.54:35603: org.apache.ratis.thirdparty.io.grpc.StatusRuntimeException: UNAVAILABLE: io exception
2019-06-13 17:17:08,887 INFO  impl.FollowerInfo (FollowerInfo.java:lambda$new$0(50)) - 54e51183-93cc-444b-989f-5debd09c3236->4ce8826f-4a77-41d7-8add-9059415b23c9: nextIndex: updateUnconditionally 0 -> 0
2019-06-13 17:17:08,888 WARN  server.GrpcLogAppender (LogUtils.java:warn(134)) - 54e51183-93cc-444b-989f-5debd09c3236: Failed appendEntries to 74f0366e-7114-4979-b395-d5d7e4b2d007:192.168.46.54:42653: org.apache.ratis.thirdparty.io.grpc.StatusRuntimeException: UNAVAILABLE: io exception
2019-06-13 17:17:08,889 INFO  impl.FollowerInfo (FollowerInfo.java:lambda$new$0(50)) - 54e51183-93cc-444b-989f-5debd09c3236->74f0366e-7114-4979-b395-d5d7e4b2d007: nextIndex: updateUnconditionally 0 -> 0
2019-06-13 17:17:09,387 WARN  server.GrpcLogAppender (LogUtils.java:warn(134)) - 54e51183-93cc-444b-989f-5debd09c3236: Failed appendEntries to 4ce8826f-4a77-41d7-8add-9059415b23c9:192.168.46.54:35603: org.apache.ratis.thirdparty.io.grpc.StatusRuntimeException: UNAVAILABLE: io exception
2019-06-13 17:17:09,387 INFO  impl.FollowerInfo (FollowerInfo.java:lambda$new$0(50)) - 54e51183-93cc-444b-989f-5debd09c3236->4ce8826f-4a77-41d7-8add-9059415b23c9: nextIndex: updateUnconditionally 0 -> 0
2019-06-13 17:17:09,389 WARN  server.GrpcLogAppender (LogUtils.java:warn(134)) - 54e51183-93cc-444b-989f-5debd09c3236: Failed appendEntries to 74f0366e-7114-4979-b395-d5d7e4b2d007:192.168.46.54:42653: org.apache.ratis.thirdparty.io.grpc.StatusRuntimeException: UNAVAILABLE: io exception
2019-06-13 17:17:09,389 INFO  impl.FollowerInfo (FollowerInfo.java:lambda$new$0(50)) - 54e51183-93cc-444b-989f-5debd09c3236->74f0366e-7114-4979-b395-d5d7e4b2d007: nextIndex: updateUnconditionally 0 -> 0
2019-06-13 17:17:09,887 WARN  server.GrpcLogAppender (LogUtils.java:warn(134)) - 54e51183-93cc-444b-989f-5debd09c3236: Failed appendEntries to 4ce8826f-4a77-41d7-8add-9059415b23c9:192.168.46.54:35603: org.apache.ratis.thirdparty.io.grpc.StatusRuntimeException: UNAVAILABLE: io exception
2019-06-13 17:17:09,888 INFO  impl.FollowerInfo (FollowerInfo.java:lambda$new$0(50)) - 54e51183-93cc-444b-989f-5debd09c3236->4ce8826f-4a77-41d7-8add-9059415b23c9: nextIndex: updateUnconditionally 0 -> 0
2019-06-13 17:17:09,889 WARN  server.GrpcLogAppender (LogUtils.java:warn(134)) - 54e51183-93cc-444b-989f-5debd09c3236: Failed appendEntries to 74f0366e-7114-4979-b395-d5d7e4b2d007:192.168.46.54:42653: org.apache.ratis.thirdparty.io.grpc.StatusRuntimeException: UNAVAILABLE: io exception
2019-06-13 17:17:09,889 INFO  impl.FollowerInfo (FollowerInfo.java:lambda$new$0(50)) - 54e51183-93cc-444b-989f-5debd09c3236->74f0366e-7114-4979-b395-d5d7e4b2d007: nextIndex: updateUnconditionally 0 -> 0
2019-06-13 17:17:10,388 WARN  server.GrpcLogAppender (LogUtils.java:warn(134)) - 54e51183-93cc-444b-989f-5debd09c3236: Failed appendEntries to 4ce8826f-4a77-41d7-8add-9059415b23c9:192.168.46.54:35603: org.apache.ratis.thirdparty.io.grpc.StatusRuntimeException: UNAVAILABLE: io exception
2019-06-13 17:17:10,388 INFO  impl.FollowerInfo (FollowerInfo.java:lambda$new$0(50)) - 54e51183-93cc-444b-989f-5debd09c3236->4ce8826f-4a77-41d7-8add-9059415b23c9: nextIndex: updateUnconditionally 0 -> 0
2019-06-13 17:17:10,389 WARN  server.GrpcLogAppender (LogUtils.java:warn(134)) - 54e51183-93cc-444b-989f-5debd09c3236: Failed appendEntries to 74f0366e-7114-4979-b395-d5d7e4b2d007:192.168.46.54:42653: org.apache.ratis.thirdparty.io.grpc.StatusRuntimeException: UNAVAILABLE: io exception
2019-06-13 17:17:10,390 INFO  impl.FollowerInfo (FollowerInfo.java:lambda$new$0(50)) - 54e51183-93cc-444b-989f-5debd09c3236->74f0366e-7114-4979-b395-d5d7e4b2d007: nextIndex: updateUnconditionally 0 -> 0
2019-06-13 17:17:10,889 WARN  server.GrpcLogAppender (LogUtils.java:warn(134)) - 54e51183-93cc-444b-989f-5debd09c3236: Failed appendEntries to 4ce8826f-4a77-41d7-8add-9059415b23c9:192.168.46.54:35603: org.apache.ratis.thirdparty.io.grpc.StatusRuntimeException: UNAVAILABLE: io exception
2019-06-13 17:17:10,889 INFO  impl.FollowerInfo (FollowerInfo.java:lambda$new$0(50)) - 54e51183-93cc-444b-989f-5debd09c3236->4ce8826f-4a77-41d7-8add-9059415b23c9: nextIndex: updateUnconditionally 0 -> 0
2019-06-13 17:17:10,890 WARN  server.GrpcLogAppender (LogUtils.java:warn(134)) - 54e51183-93cc-444b-989f-5debd09c3236: Failed appendEntries to 74f0366e-7114-4979-b395-d5d7e4b2d007:192.168.46.54:42653: org.apache.ratis.thirdparty.io.grpc.StatusRuntimeException: UNAVAILABLE: io exception
2019-06-13 17:17:10,890 INFO  impl.FollowerInfo (FollowerInfo.java:lambda$new$0(50)) - 54e51183-93cc-444b-989f-5debd09c3236->74f0366e-7114-4979-b395-d5d7e4b2d007: nextIndex: updateUnconditionally 0 -> 0
2019-06-13 17:17:11,389 WARN  server.GrpcLogAppender (LogUtils.java:warn(134)) - 54e51183-93cc-444b-989f-5debd09c3236: Failed appendEntries to 4ce8826f-4a77-41d7-8add-9059415b23c9:192.168.46.54:35603: org.apache.ratis.thirdparty.io.grpc.StatusRuntimeException: UNAVAILABLE: io exception
2019-06-13 17:17:11,390 INFO  impl.FollowerInfo (FollowerInfo.java:lambda$new$0(50)) - 54e51183-93cc-444b-989f-5debd09c3236->4ce8826f-4a77-41d7-8add-9059415b23c9: nextIndex: updateUnconditionally 0 -> 0
2019-06-13 17:17:11,390 WARN  server.GrpcLogAppender (LogUtils.java:warn(134)) - 54e51183-93cc-444b-989f-5debd09c3236: Failed appendEntries to 74f0366e-7114-4979-b395-d5d7e4b2d007:192.168.46.54:42653: org.apache.ratis.thirdparty.io.grpc.StatusRuntimeException: UNAVAILABLE: io exception
2019-06-13 17:17:11,391 INFO  impl.FollowerInfo (FollowerInfo.java:lambda$new$0(50)) - 54e51183-93cc-444b-989f-5debd09c3236->74f0366e-7114-4979-b395-d5d7e4b2d007: nextIndex: updateUnconditionally 0 -> 0
2019-06-13 17:17:11,889 WARN  server.GrpcLogAppender (LogUtils.java:warn(134)) - 54e51183-93cc-444b-989f-5debd09c3236: Failed appendEntries to 4ce8826f-4a77-41d7-8add-9059415b23c9:192.168.46.54:35603: org.apache.ratis.thirdparty.io.grpc.StatusRuntimeException: UNAVAILABLE: io exception
2019-06-13 17:17:11,890 INFO  impl.FollowerInfo (FollowerInfo.java:lambda$new$0(50)) - 54e51183-93cc-444b-989f-5debd09c3236->4ce8826f-4a77-41d7-8add-9059415b23c9: nextIndex: updateUnconditionally 0 -> 0
2019-06-13 17:17:11,891 WARN  server.GrpcLogAppender (LogUtils.java:warn(134)) - 54e51183-93cc-444b-989f-5debd09c3236: Failed appendEntries to 74f0366e-7114-4979-b395-d5d7e4b2d007:192.168.46.54:42653: org.apache.ratis.thirdparty.io.grpc.StatusRuntimeException: UNAVAILABLE: io exception
2019-06-13 17:17:11,891 INFO  impl.FollowerInfo (FollowerInfo.java:lambda$new$0(50)) - 54e51183-93cc-444b-989f-5debd09c3236->74f0366e-7114-4979-b395-d5d7e4b2d007: nextIndex: updateUnconditionally 0 -> 0
2019-06-13 17:17:12,392 WARN  server.GrpcLogAppender (LogUtils.java:warn(134)) - 54e51183-93cc-444b-989f-5debd09c3236: Failed appendEntries to 4ce8826f-4a77-41d7-8add-9059415b23c9:192.168.46.54:35603: org.apache.ratis.thirdparty.io.grpc.StatusRuntimeException: UNAVAILABLE: io exception
2019-06-13 17:17:12,392 INFO  impl.FollowerInfo (FollowerInfo.java:lambda$new$0(50)) - 54e51183-93cc-444b-989f-5debd09c3236->4ce8826f-4a77-41d7-8add-9059415b23c9: nextIndex: updateUnconditionally 0 -> 0
2019-06-13 17:17:12,392 WARN  server.GrpcLogAppender (LogUtils.java:warn(134)) - 54e51183-93cc-444b-989f-5debd09c3236: Failed appendEntries to 74f0366e-7114-4979-b395-d5d7e4b2d007:192.168.46.54:42653: org.apache.ratis.thirdparty.io.grpc.StatusRuntimeException: UNAVAILABLE: io exception
2019-06-13 17:17:12,392 INFO  impl.FollowerInfo (FollowerInfo.java:lambda$new$0(50)) - 54e51183-93cc-444b-989f-5debd09c3236->74f0366e-7114-4979-b395-d5d7e4b2d007: nextIndex: updateUnconditionally 0 -> 0
2019-06-13 17:17:12,891 WARN  server.GrpcLogAppender (LogUtils.java:warn(134)) - 54e51183-93cc-444b-989f-5debd09c3236: Failed appendEntries to 4ce8826f-4a77-41d7-8add-9059415b23c9:192.168.46.54:35603: org.apache.ratis.thirdparty.io.grpc.StatusRuntimeException: UNAVAILABLE: io exception
2019-06-13 17:17:12,891 INFO  impl.FollowerInfo (FollowerInfo.java:lambda$new$0(50)) - 54e51183-93cc-444b-989f-5debd09c3236->4ce8826f-4a77-41d7-8add-9059415b23c9: nextIndex: updateUnconditionally 0 -> 0
2019-06-13 17:17:12,892 WARN  server.GrpcLogAppender (LogUtils.java:warn(134)) - 54e51183-93cc-444b-989f-5debd09c3236: Failed appendEntries to 74f0366e-7114-4979-b395-d5d7e4b2d007:192.168.46.54:42653: org.apache.ratis.thirdparty.io.grpc.StatusRuntimeException: UNAVAILABLE: io exception
2019-06-13 17:17:12,893 INFO  impl.FollowerInfo (FollowerInfo.java:lambda$new$0(50)) - 54e51183-93cc-444b-989f-5debd09c3236->74f0366e-7114-4979-b395-d5d7e4b2d007: nextIndex: updateUnconditionally 0 -> 0
2019-06-13 17:17:13,392 WARN  server.GrpcLogAppender (LogUtils.java:warn(134)) - 54e51183-93cc-444b-989f-5debd09c3236: Failed appendEntries to 4ce8826f-4a77-41d7-8add-9059415b23c9:192.168.46.54:35603: org.apache.ratis.thirdparty.io.grpc.StatusRuntimeException: UNAVAILABLE: io exception
2019-06-13 17:17:13,392 INFO  impl.FollowerInfo (FollowerInfo.java:lambda$new$0(50)) - 54e51183-93cc-444b-989f-5debd09c3236->4ce8826f-4a77-41d7-8add-9059415b23c9: nextIndex: updateUnconditionally 0 -> 0
2019-06-13 17:17:13,394 WARN  server.GrpcLogAppender (LogUtils.java:warn(134)) - 54e51183-93cc-444b-989f-5debd09c3236: Failed appendEntries to 74f0366e-7114-4979-b395-d5d7e4b2d007:192.168.46.54:42653: org.apache.ratis.thirdparty.io.grpc.StatusRuntimeException: UNAVAILABLE: io exception
2019-06-13 17:17:13,394 INFO  impl.FollowerInfo (FollowerInfo.java:lambda$new$0(50)) - 54e51183-93cc-444b-989f-5debd09c3236->74f0366e-7114-4979-b395-d5d7e4b2d007: nextIndex: updateUnconditionally 0 -> 0
2019-06-13 17:17:13,892 WARN  server.GrpcLogAppender (LogUtils.java:warn(134)) - 54e51183-93cc-444b-989f-5debd09c3236: Failed appendEntries to 4ce8826f-4a77-41d7-8add-9059415b23c9:192.168.46.54:35603: org.apache.ratis.thirdparty.io.grpc.StatusRuntimeException: UNAVAILABLE: io exception
2019-06-13 17:17:13,892 INFO  impl.FollowerInfo (FollowerInfo.java:lambda$new$0(50)) - 54e51183-93cc-444b-989f-5debd09c3236->4ce8826f-4a77-41d7-8add-9059415b23c9: nextIndex: updateUnconditionally 0 -> 0
2019-06-13 17:17:13,893 WARN  server.GrpcLogAppender (LogUtils.java:warn(134)) - 54e51183-93cc-444b-989f-5debd09c3236: Failed appendEntries to 74f0366e-7114-4979-b395-d5d7e4b2d007:192.168.46.54:42653: org.apache.ratis.thirdparty.io.grpc.StatusRuntimeException: UNAVAILABLE: io exception
2019-06-13 17:17:13,894 INFO  impl.FollowerInfo (FollowerInfo.java:lambda$new$0(50)) - 54e51183-93cc-444b-989f-5debd09c3236->74f0366e-7114-4979-b395-d5d7e4b2d007: nextIndex: updateUnconditionally 0 -> 0
2019-06-13 17:17:14,393 WARN  server.GrpcLogAppender (LogUtils.java:warn(134)) - 54e51183-93cc-444b-989f-5debd09c3236: Failed appendEntries to 74f0366e-7114-4979-b395-d5d7e4b2d007:192.168.46.54:42653: org.apache.ratis.thirdparty.io.grpc.StatusRuntimeException: UNAVAILABLE: io exception
2019-06-13 17:17:14,394 INFO  impl.FollowerInfo (FollowerInfo.java:lambda$new$0(50)) - 54e51183-93cc-444b-989f-5debd09c3236->74f0366e-7114-4979-b395-d5d7e4b2d007: nextIndex: updateUnconditionally 0 -> 0
2019-06-13 17:17:14,395 WARN  server.GrpcLogAppender (LogUtils.java:warn(134)) - 54e51183-93cc-444b-989f-5debd09c3236: Failed appendEntries to 4ce8826f-4a77-41d7-8add-9059415b23c9:192.168.46.54:35603: org.apache.ratis.thirdparty.io.grpc.StatusRuntimeException: UNAVAILABLE: io exception
2019-06-13 17:17:14,395 INFO  impl.FollowerInfo (FollowerInfo.java:lambda$new$0(50)) - 54e51183-93cc-444b-989f-5debd09c3236->4ce8826f-4a77-41d7-8add-9059415b23c9: nextIndex: updateUnconditionally 0 -> 0
2019-06-13 17:17:14,675 INFO  client.GrpcClientProtocolService (GrpcClientProtocolService.java:lambda$processClientRequest$0(264)) - Failed RaftClientRequest:client-AC741F216D19->54e51183-93cc-444b-989f-5debd09c3236@group-DFCE18E550F6, cid=67, seq=0, Watch-ALL_COMMITTED(2), Message:<EMPTY>, reply=RaftClientReply:client-AC741F216D19->54e51183-93cc-444b-989f-5debd09c3236@group-DFCE18E550F6, cid=67, FAILED org.apache.ratis.protocol.NotReplicatedException: Request with call Id 67 and log index 2 is not yet replicated to ALL_COMMITTED, logIndex=2, commits[54e51183-93cc-444b-989f-5debd09c3236:c2, 74f0366e-7114-4979-b395-d5d7e4b2d007:c2, 4ce8826f-4a77-41d7-8add-9059415b23c9:c1]
2019-06-13 17:17:14,894 WARN  server.GrpcLogAppender (LogUtils.java:warn(134)) - 54e51183-93cc-444b-989f-5debd09c3236: Failed appendEntries to 74f0366e-7114-4979-b395-d5d7e4b2d007:192.168.46.54:42653: org.apache.ratis.thirdparty.io.grpc.StatusRuntimeException: UNAVAILABLE: io exception
2019-06-13 17:17:14,894 INFO  impl.FollowerInfo (FollowerInfo.java:lambda$new$0(50)) - 54e51183-93cc-444b-989f-5debd09c3236->74f0366e-7114-4979-b395-d5d7e4b2d007: nextIndex: updateUnconditionally 0 -> 0
2019-06-13 17:17:14,896 WARN  server.GrpcLogAppender (LogUtils.java:warn(134)) - 54e51183-93cc-444b-989f-5debd09c3236: Failed appendEntries to 4ce8826f-4a77-41d7-8add-9059415b23c9:192.168.46.54:35603: org.apache.ratis.thirdparty.io.grpc.StatusRuntimeException: UNAVAILABLE: io exception
2019-06-13 17:17:14,899 INFO  impl.FollowerInfo (FollowerInfo.java:lambda$new$0(50)) - 54e51183-93cc-444b-989f-5debd09c3236->4ce8826f-4a77-41d7-8add-9059415b23c9: nextIndex: updateUnconditionally 0 -> 0
2019-06-13 17:17:15,395 WARN  server.GrpcLogAppender (LogUtils.java:warn(134)) - 54e51183-93cc-444b-989f-5debd09c3236: Failed appendEntries to 74f0366e-7114-4979-b395-d5d7e4b2d007:192.168.46.54:42653: org.apache.ratis.thirdparty.io.grpc.StatusRuntimeException: UNAVAILABLE: io exception
2019-06-13 17:17:15,395 INFO  impl.FollowerInfo (FollowerInfo.java:lambda$new$0(50)) - 54e51183-93cc-444b-989f-5debd09c3236->74f0366e-7114-4979-b395-d5d7e4b2d007: nextIndex: updateUnconditionally 0 -> 0
2019-06-13 17:17:15,399 WARN  server.GrpcLogAppender (LogUtils.java:warn(134)) - 54e51183-93cc-444b-989f-5debd09c3236: Failed appendEntries to 4ce8826f-4a77-41d7-8add-9059415b23c9:192.168.46.54:35603: org.apache.ratis.thirdparty.io.grpc.StatusRuntimeException: UNAVAILABLE: io exception
2019-06-13 17:17:15,399 INFO  impl.FollowerInfo (FollowerInfo.java:lambda$new$0(50)) - 54e51183-93cc-444b-989f-5debd09c3236->4ce8826f-4a77-41d7-8add-9059415b23c9: nextIndex: updateUnconditionally 0 -> 0
2019-06-13 17:17:15,895 WARN  server.GrpcLogAppender (LogUtils.java:warn(134)) - 54e51183-93cc-444b-989f-5debd09c3236: Failed appendEntries to 74f0366e-7114-4979-b395-d5d7e4b2d007:192.168.46.54:42653: org.apache.ratis.thirdparty.io.grpc.StatusRuntimeException: UNAVAILABLE: io exception
2019-06-13 17:17:15,895 INFO  impl.FollowerInfo (FollowerInfo.java:lambda$new$0(50)) - 54e51183-93cc-444b-989f-5debd09c3236->74f0366e-7114-4979-b395-d5d7e4b2d007: nextIndex: updateUnconditionally 0 -> 0
2019-06-13 17:17:15,899 WARN  server.GrpcLogAppender (LogUtils.java:warn(134)) - 54e51183-93cc-444b-989f-5debd09c3236: Failed appendEntries to 4ce8826f-4a77-41d7-8add-9059415b23c9:192.168.46.54:35603: org.apache.ratis.thirdparty.io.grpc.StatusRuntimeException: UNAVAILABLE: io exception
2019-06-13 17:17:15,899 INFO  impl.FollowerInfo (FollowerInfo.java:lambda$new$0(50)) - 54e51183-93cc-444b-989f-5debd09c3236->4ce8826f-4a77-41d7-8add-9059415b23c9: nextIndex: updateUnconditionally 0 -> 0
2019-06-13 17:17:16,396 WARN  server.GrpcLogAppender (LogUtils.java:warn(134)) - 54e51183-93cc-444b-989f-5debd09c3236: Failed appendEntries to 74f0366e-7114-4979-b395-d5d7e4b2d007:192.168.46.54:42653: org.apache.ratis.thirdparty.io.grpc.StatusRuntimeException: UNAVAILABLE: io exception
2019-06-13 17:17:16,396 INFO  impl.FollowerInfo (FollowerInfo.java:lambda$new$0(50)) - 54e51183-93cc-444b-989f-5debd09c3236->74f0366e-7114-4979-b395-d5d7e4b2d007: nextIndex: updateUnconditionally 0 -> 0
2019-06-13 17:17:16,399 WARN  server.GrpcLogAppender (LogUtils.java:warn(134)) - 54e51183-93cc-444b-989f-5debd09c3236: Failed appendEntries to 4ce8826f-4a77-41d7-8add-9059415b23c9:192.168.46.54:35603: org.apache.ratis.thirdparty.io.grpc.StatusRuntimeException: UNAVAILABLE: io exception
2019-06-13 17:17:16,400 INFO  impl.FollowerInfo (FollowerInfo.java:lambda$new$0(50)) - 54e51183-93cc-444b-989f-5debd09c3236->4ce8826f-4a77-41d7-8add-9059415b23c9: nextIndex: updateUnconditionally 0 -> 0
2019-06-13 17:17:16,896 WARN  server.GrpcLogAppender (LogUtils.java:warn(134)) - 54e51183-93cc-444b-989f-5debd09c3236: Failed appendEntries to 74f0366e-7114-4979-b395-d5d7e4b2d007:192.168.46.54:42653: org.apache.ratis.thirdparty.io.grpc.StatusRuntimeException: UNAVAILABLE: io exception
2019-06-13 17:17:16,896 INFO  impl.FollowerInfo (FollowerInfo.java:lambda$new$0(50)) - 54e51183-93cc-444b-989f-5debd09c3236->74f0366e-7114-4979-b395-d5d7e4b2d007: nextIndex: updateUnconditionally 0 -> 0
2019-06-13 17:17:16,900 WARN  server.GrpcLogAppender (LogUtils.java:warn(134)) - 54e51183-93cc-444b-989f-5debd09c3236: Failed appendEntries to 4ce8826f-4a77-41d7-8add-9059415b23c9:192.168.46.54:35603: org.apache.ratis.thirdparty.io.grpc.StatusRuntimeException: UNAVAILABLE: io exception
2019-06-13 17:17:16,900 INFO  impl.FollowerInfo (FollowerInfo.java:lambda$new$0(50)) - 54e51183-93cc-444b-989f-5debd09c3236->4ce8826f-4a77-41d7-8add-9059415b23c9: nextIndex: updateUnconditionally 0 -> 0
2019-06-13 17:17:17,397 WARN  server.GrpcLogAppender (LogUtils.java:warn(134)) - 54e51183-93cc-444b-989f-5debd09c3236: Failed appendEntries to 74f0366e-7114-4979-b395-d5d7e4b2d007:192.168.46.54:42653: org.apache.ratis.thirdparty.io.grpc.StatusRuntimeException: UNAVAILABLE: io exception
2019-06-13 17:17:17,397 INFO  impl.FollowerInfo (FollowerInfo.java:lambda$new$0(50)) - 54e51183-93cc-444b-989f-5debd09c3236->74f0366e-7114-4979-b395-d5d7e4b2d007: nextIndex: updateUnconditionally 0 -> 0
2019-06-13 17:17:17,400 WARN  server.GrpcLogAppender (LogUtils.java:warn(134)) - 54e51183-93cc-444b-989f-5debd09c3236: Failed appendEntries to 4ce8826f-4a77-41d7-8add-9059415b23c9:192.168.46.54:35603: org.apache.ratis.thirdparty.io.grpc.StatusRuntimeException: UNAVAILABLE: io exception
2019-06-13 17:17:17,400 INFO  impl.FollowerInfo (FollowerInfo.java:lambda$new$0(50)) - 54e51183-93cc-444b-989f-5debd09c3236->4ce8826f-4a77-41d7-8add-9059415b23c9: nextIndex: updateUnconditionally 0 -> 0
2019-06-13 17:17:17,897 WARN  server.GrpcLogAppender (LogUtils.java:warn(134)) - 54e51183-93cc-444b-989f-5debd09c3236: Failed appendEntries to 74f0366e-7114-4979-b395-d5d7e4b2d007:192.168.46.54:42653: org.apache.ratis.thirdparty.io.grpc.StatusRuntimeException: UNAVAILABLE: io exception
2019-06-13 17:17:17,897 INFO  impl.FollowerInfo (FollowerInfo.java:lambda$new$0(50)) - 54e51183-93cc-444b-989f-5debd09c3236->74f0366e-7114-4979-b395-d5d7e4b2d007: nextIndex: updateUnconditionally 0 -> 0
2019-06-13 17:17:17,901 WARN  server.GrpcLogAppender (LogUtils.java:warn(134)) - 54e51183-93cc-444b-989f-5debd09c3236: Failed appendEntries to 4ce8826f-4a77-41d7-8add-9059415b23c9:192.168.46.54:35603: org.apache.ratis.thirdparty.io.grpc.StatusRuntimeException: UNAVAILABLE: io exception
2019-06-13 17:17:17,901 INFO  impl.FollowerInfo (FollowerInfo.java:lambda$new$0(50)) - 54e51183-93cc-444b-989f-5debd09c3236->4ce8826f-4a77-41d7-8add-9059415b23c9: nextIndex: updateUnconditionally 0 -> 0
2019-06-13 17:17:18,398 WARN  server.GrpcLogAppender (LogUtils.java:warn(134)) - 54e51183-93cc-444b-989f-5debd09c3236: Failed appendEntries to 74f0366e-7114-4979-b395-d5d7e4b2d007:192.168.46.54:42653: org.apache.ratis.thirdparty.io.grpc.StatusRuntimeException: UNAVAILABLE: io exception
2019-06-13 17:17:18,398 INFO  impl.FollowerInfo (FollowerInfo.java:lambda$new$0(50)) - 54e51183-93cc-444b-989f-5debd09c3236->74f0366e-7114-4979-b395-d5d7e4b2d007: nextIndex: updateUnconditionally 0 -> 0
2019-06-13 17:17:18,401 WARN  server.GrpcLogAppender (LogUtils.java:warn(134)) - 54e51183-93cc-444b-989f-5debd09c3236: Failed appendEntries to 4ce8826f-4a77-41d7-8add-9059415b23c9:192.168.46.54:35603: org.apache.ratis.thirdparty.io.grpc.StatusRuntimeException: UNAVAILABLE: io exception
2019-06-13 17:17:18,401 INFO  impl.FollowerInfo (FollowerInfo.java:lambda$new$0(50)) - 54e51183-93cc-444b-989f-5debd09c3236->4ce8826f-4a77-41d7-8add-9059415b23c9: nextIndex: updateUnconditionally 0 -> 0
2019-06-13 17:17:18,899 WARN  server.GrpcLogAppender (LogUtils.java:warn(134)) - 54e51183-93cc-444b-989f-5debd09c3236: Failed appendEntries to 74f0366e-7114-4979-b395-d5d7e4b2d007:192.168.46.54:42653: org.apache.ratis.thirdparty.io.grpc.StatusRuntimeException: UNAVAILABLE: io exception
2019-06-13 17:17:18,899 INFO  impl.FollowerInfo (FollowerInfo.java:lambda$new$0(50)) - 54e51183-93cc-444b-989f-5debd09c3236->74f0366e-7114-4979-b395-d5d7e4b2d007: nextIndex: updateUnconditionally 0 -> 0
2019-06-13 17:17:18,901 WARN  server.GrpcLogAppender (LogUtils.java:warn(134)) - 54e51183-93cc-444b-989f-5debd09c3236: Failed appendEntries to 4ce8826f-4a77-41d7-8add-9059415b23c9:192.168.46.54:35603: org.apache.ratis.thirdparty.io.grpc.StatusRuntimeException: UNAVAILABLE: io exception
2019-06-13 17:17:18,902 INFO  impl.FollowerInfo (FollowerInfo.java:lambda$new$0(50)) - 54e51183-93cc-444b-989f-5debd09c3236->4ce8826f-4a77-41d7-8add-9059415b23c9: nextIndex: updateUnconditionally 0 -> 0
2019-06-13 17:17:19,398 WARN  server.GrpcLogAppender (LogUtils.java:warn(134)) - 54e51183-93cc-444b-989f-5debd09c3236: Failed appendEntries to 74f0366e-7114-4979-b395-d5d7e4b2d007:192.168.46.54:42653: org.apache.ratis.thirdparty.io.grpc.StatusRuntimeException: UNAVAILABLE: io exception
2019-06-13 17:17:19,399 INFO  impl.FollowerInfo (FollowerInfo.java:lambda$new$0(50)) - 54e51183-93cc-444b-989f-5debd09c3236->74f0366e-7114-4979-b395-d5d7e4b2d007: nextIndex: updateUnconditionally 0 -> 0
2019-06-13 17:17:19,402 WARN  server.GrpcLogAppender (LogUtils.java:warn(134)) - 54e51183-93cc-444b-989f-5debd09c3236: Failed appendEntries to 4ce8826f-4a77-41d7-8add-9059415b23c9:192.168.46.54:35603: org.apache.ratis.thirdparty.io.grpc.StatusRuntimeException: UNAVAILABLE: io exception
2019-06-13 17:17:19,402 INFO  impl.FollowerInfo (FollowerInfo.java:lambda$new$0(50)) - 54e51183-93cc-444b-989f-5debd09c3236->4ce8826f-4a77-41d7-8add-9059415b23c9: nextIndex: updateUnconditionally 0 -> 0
2019-06-13 17:17:19,899 WARN  server.GrpcLogAppender (LogUtils.java:warn(134)) - 54e51183-93cc-444b-989f-5debd09c3236: Failed appendEntries to 74f0366e-7114-4979-b395-d5d7e4b2d007:192.168.46.54:42653: org.apache.ratis.thirdparty.io.grpc.StatusRuntimeException: UNAVAILABLE: io exception
2019-06-13 17:17:19,899 INFO  impl.FollowerInfo (FollowerInfo.java:lambda$new$0(50)) - 54e51183-93cc-444b-989f-5debd09c3236->74f0366e-7114-4979-b395-d5d7e4b2d007: nextIndex: updateUnconditionally 0 -> 0
2019-06-13 17:17:19,902 WARN  server.GrpcLogAppender (LogUtils.java:warn(134)) - 54e51183-93cc-444b-989f-5debd09c3236: Failed appendEntries to 4ce8826f-4a77-41d7-8add-9059415b23c9:192.168.46.54:35603: org.apache.ratis.thirdparty.io.grpc.StatusRuntimeException: UNAVAILABLE: io exception
2019-06-13 17:17:19,903 INFO  impl.FollowerInfo (FollowerInfo.java:lambda$new$0(50)) - 54e51183-93cc-444b-989f-5debd09c3236->4ce8826f-4a77-41d7-8add-9059415b23c9: nextIndex: updateUnconditionally 0 -> 0
2019-06-13 17:17:20,400 WARN  server.GrpcLogAppender (LogUtils.java:warn(134)) - 54e51183-93cc-444b-989f-5debd09c3236: Failed appendEntries to 74f0366e-7114-4979-b395-d5d7e4b2d007:192.168.46.54:42653: org.apache.ratis.thirdparty.io.grpc.StatusRuntimeException: UNAVAILABLE: io exception
2019-06-13 17:17:20,400 INFO  impl.FollowerInfo (FollowerInfo.java:lambda$new$0(50)) - 54e51183-93cc-444b-989f-5debd09c3236->74f0366e-7114-4979-b395-d5d7e4b2d007: nextIndex: updateUnconditionally 0 -> 0
2019-06-13 17:17:20,403 WARN  server.GrpcLogAppender (LogUtils.java:warn(134)) - 54e51183-93cc-444b-989f-5debd09c3236: Failed appendEntries to 4ce8826f-4a77-41d7-8add-9059415b23c9:192.168.46.54:35603: org.apache.ratis.thirdparty.io.grpc.StatusRuntimeException: UNAVAILABLE: io exception
2019-06-13 17:17:20,403 INFO  impl.FollowerInfo (FollowerInfo.java:lambda$new$0(50)) - 54e51183-93cc-444b-989f-5debd09c3236->4ce8826f-4a77-41d7-8add-9059415b23c9: nextIndex: updateUnconditionally 0 -> 0
2019-06-13 17:17:20,900 WARN  server.GrpcLogAppender (LogUtils.java:warn(134)) - 54e51183-93cc-444b-989f-5debd09c3236: Failed appendEntries to 74f0366e-7114-4979-b395-d5d7e4b2d007:192.168.46.54:42653: org.apache.ratis.thirdparty.io.grpc.StatusRuntimeException: UNAVAILABLE: io exception
2019-06-13 17:17:20,900 INFO  impl.FollowerInfo (FollowerInfo.java:lambda$new$0(50)) - 54e51183-93cc-444b-989f-5debd09c3236->74f0366e-7114-4979-b395-d5d7e4b2d007: nextIndex: updateUnconditionally 0 -> 0
2019-06-13 17:17:20,903 WARN  server.GrpcLogAppender (LogUtils.java:warn(134)) - 54e51183-93cc-444b-989f-5debd09c3236: Failed appendEntries to 4ce8826f-4a77-41d7-8add-9059415b23c9:192.168.46.54:35603: org.apache.ratis.thirdparty.io.grpc.StatusRuntimeException: UNAVAILABLE: io exception
2019-06-13 17:17:20,903 INFO  impl.FollowerInfo (FollowerInfo.java:lambda$new$0(50)) - 54e51183-93cc-444b-989f-5debd09c3236->4ce8826f-4a77-41d7-8add-9059415b23c9: nextIndex: updateUnconditionally 0 -> 0
2019-06-13 17:17:21,401 WARN  server.GrpcLogAppender (LogUtils.java:warn(134)) - 54e51183-93cc-444b-989f-5debd09c3236: Failed appendEntries to 74f0366e-7114-4979-b395-d5d7e4b2d007:192.168.46.54:42653: org.apache.ratis.thirdparty.io.grpc.StatusRuntimeException: UNAVAILABLE: io exception
2019-06-13 17:17:21,401 INFO  impl.FollowerInfo (FollowerInfo.java:lambda$new$0(50)) - 54e51183-93cc-444b-989f-5debd09c3236->74f0366e-7114-4979-b395-d5d7e4b2d007: nextIndex: updateUnconditionally 0 -> 0
2019-06-13 17:17:21,403 WARN  server.GrpcLogAppender (LogUtils.java:warn(134)) - 54e51183-93cc-444b-989f-5debd09c3236: Failed appendEntries to 4ce8826f-4a77-41d7-8add-9059415b23c9:192.168.46.54:35603: org.apache.ratis.thirdparty.io.grpc.StatusRuntimeException: UNAVAILABLE: io exception
2019-06-13 17:17:21,404 INFO  impl.FollowerInfo (FollowerInfo.java:lambda$new$0(50)) - 54e51183-93cc-444b-989f-5debd09c3236->4ce8826f-4a77-41d7-8add-9059415b23c9: nextIndex: updateUnconditionally 0 -> 0
2019-06-13 17:17:21,901 WARN  server.GrpcLogAppender (LogUtils.java:warn(134)) - 54e51183-93cc-444b-989f-5debd09c3236: Failed appendEntries to 74f0366e-7114-4979-b395-d5d7e4b2d007:192.168.46.54:42653: org.apache.ratis.thirdparty.io.grpc.StatusRuntimeException: UNAVAILABLE: io exception
2019-06-13 17:17:21,901 INFO  impl.FollowerInfo (FollowerInfo.java:lambda$new$0(50)) - 54e51183-93cc-444b-989f-5debd09c3236->74f0366e-7114-4979-b395-d5d7e4b2d007: nextIndex: updateUnconditionally 0 -> 0
2019-06-13 17:17:21,904 WARN  server.GrpcLogAppender (LogUtils.java:warn(134)) - 54e51183-93cc-444b-989f-5debd09c3236: Failed appendEntries to 4ce8826f-4a77-41d7-8add-9059415b23c9:192.168.46.54:35603: org.apache.ratis.thirdparty.io.grpc.StatusRuntimeException: UNAVAILABLE: io exception
2019-06-13 17:17:21,904 INFO  impl.FollowerInfo (FollowerInfo.java:lambda$new$0(50)) - 54e51183-93cc-444b-989f-5debd09c3236->4ce8826f-4a77-41d7-8add-9059415b23c9: nextIndex: updateUnconditionally 0 -> 0
2019-06-13 17:17:22,402 WARN  server.GrpcLogAppender (LogUtils.java:warn(134)) - 54e51183-93cc-444b-989f-5debd09c3236: Failed appendEntries to 74f0366e-7114-4979-b395-d5d7e4b2d007:192.168.46.54:42653: org.apache.ratis.thirdparty.io.grpc.StatusRuntimeException: UNAVAILABLE: io exception
2019-06-13 17:17:22,402 INFO  impl.FollowerInfo (FollowerInfo.java:lambda$new$0(50)) - 54e51183-93cc-444b-989f-5debd09c3236->74f0366e-7114-4979-b395-d5d7e4b2d007: nextIndex: updateUnconditionally 0 -> 0
2019-06-13 17:17:22,404 WARN  server.GrpcLogAppender (LogUtils.java:warn(134)) - 54e51183-93cc-444b-989f-5debd09c3236: Failed appendEntries to 4ce8826f-4a77-41d7-8add-9059415b23c9:192.168.46.54:35603: org.apache.ratis.thirdparty.io.grpc.StatusRuntimeException: UNAVAILABLE: io exception
2019-06-13 17:17:22,404 INFO  impl.FollowerInfo (FollowerInfo.java:lambda$new$0(50)) - 54e51183-93cc-444b-989f-5debd09c3236->4ce8826f-4a77-41d7-8add-9059415b23c9: nextIndex: updateUnconditionally 0 -> 0
2019-06-13 17:17:22,903 WARN  server.GrpcLogAppender (LogUtils.java:warn(134)) - 54e51183-93cc-444b-989f-5debd09c3236: Failed appendEntries to 74f0366e-7114-4979-b395-d5d7e4b2d007:192.168.46.54:42653: org.apache.ratis.thirdparty.io.grpc.StatusRuntimeException: UNAVAILABLE: io exception
2019-06-13 17:17:22,903 INFO  impl.FollowerInfo (FollowerInfo.java:lambda$new$0(50)) - 54e51183-93cc-444b-989f-5debd09c3236->74f0366e-7114-4979-b395-d5d7e4b2d007: nextIndex: updateUnconditionally 0 -> 0
2019-06-13 17:17:22,910 WARN  server.GrpcLogAppender (LogUtils.java:warn(134)) - 54e51183-93cc-444b-989f-5debd09c3236: Failed appendEntries to 4ce8826f-4a77-41d7-8add-9059415b23c9:192.168.46.54:35603: org.apache.ratis.thirdparty.io.grpc.StatusRuntimeException: UNAVAILABLE: io exception
2019-06-13 17:17:22,910 INFO  impl.FollowerInfo (FollowerInfo.java:lambda$new$0(50)) - 54e51183-93cc-444b-989f-5debd09c3236->4ce8826f-4a77-41d7-8add-9059415b23c9: nextIndex: updateUnconditionally 0 -> 0
2019-06-13 17:17:23,063 WARN  scm.XceiverClientRatis (XceiverClientRatis.java:watchForCommit(260)) - 3 way commit failed 
java.util.concurrent.ExecutionException: org.apache.ratis.protocol.RaftRetryFailureException: Failed RaftClientRequest:client-AC741F216D19->4ce8826f-4a77-41d7-8add-9059415b23c9@group-DFCE18E550F6, cid=67, seq=0, Watch-ALL_COMMITTED(2), null for 10 attempts with RetryLimited(maxAttempts=10, sleepTime=1000ms)
	at java.util.concurrent.CompletableFuture.reportGet(CompletableFuture.java:357)
	at java.util.concurrent.CompletableFuture.get(CompletableFuture.java:1915)
	at org.apache.hadoop.hdds.scm.XceiverClientRatis.watchForCommit(XceiverClientRatis.java:257)
	at org.apache.hadoop.ozone.client.rpc.TestWatchForCommit.testWatchForCommitForRetryfailure(TestWatchForCommit.java:347)
	at sun.reflect.NativeMethodAccessorImpl.invoke0(Native Method)
	at sun.reflect.NativeMethodAccessorImpl.invoke(NativeMethodAccessorImpl.java:62)
	at sun.reflect.DelegatingMethodAccessorImpl.invoke(DelegatingMethodAccessorImpl.java:43)
	at java.lang.reflect.Method.invoke(Method.java:498)
	at org.junit.runners.model.FrameworkMethod$1.runReflectiveCall(FrameworkMethod.java:47)
	at org.junit.internal.runners.model.ReflectiveCallable.run(ReflectiveCallable.java:12)
	at org.junit.runners.model.FrameworkMethod.invokeExplosively(FrameworkMethod.java:44)
	at org.junit.internal.runners.statements.InvokeMethod.evaluate(InvokeMethod.java:17)
	at org.junit.runners.ParentRunner.runLeaf(ParentRunner.java:271)
	at org.junit.runners.BlockJUnit4ClassRunner.runChild(BlockJUnit4ClassRunner.java:70)
	at org.junit.runners.BlockJUnit4ClassRunner.runChild(BlockJUnit4ClassRunner.java:50)
	at org.junit.runners.ParentRunner$3.run(ParentRunner.java:238)
	at org.junit.runners.ParentRunner$1.schedule(ParentRunner.java:63)
	at org.junit.runners.ParentRunner.runChildren(ParentRunner.java:236)
	at org.junit.runners.ParentRunner.access$000(ParentRunner.java:53)
	at org.junit.runners.ParentRunner$2.evaluate(ParentRunner.java:229)
	at org.junit.runners.ParentRunner.run(ParentRunner.java:309)
	at org.apache.maven.surefire.junit4.JUnit4Provider.execute(JUnit4Provider.java:365)
	at org.apache.maven.surefire.junit4.JUnit4Provider.executeWithRerun(JUnit4Provider.java:273)
	at org.apache.maven.surefire.junit4.JUnit4Provider.executeTestSet(JUnit4Provider.java:238)
	at org.apache.maven.surefire.junit4.JUnit4Provider.invoke(JUnit4Provider.java:159)
	at org.apache.maven.surefire.booter.ForkedBooter.invokeProviderInSameClassLoader(ForkedBooter.java:384)
	at org.apache.maven.surefire.booter.ForkedBooter.runSuitesInProcess(ForkedBooter.java:345)
	at org.apache.maven.surefire.booter.ForkedBooter.execute(ForkedBooter.java:126)
	at org.apache.maven.surefire.booter.ForkedBooter.main(ForkedBooter.java:418)
Caused by: org.apache.ratis.protocol.RaftRetryFailureException: Failed RaftClientRequest:client-AC741F216D19->4ce8826f-4a77-41d7-8add-9059415b23c9@group-DFCE18E550F6, cid=67, seq=0, Watch-ALL_COMMITTED(2), null for 10 attempts with RetryLimited(maxAttempts=10, sleepTime=1000ms)
	at org.apache.ratis.client.impl.RaftClientImpl.newRaftRetryFailureException(RaftClientImpl.java:383)
	at org.apache.ratis.client.impl.UnorderedAsync.lambda$sendRequestWithRetry$4(UnorderedAsync.java:83)
	at java.util.concurrent.CompletableFuture.uniWhenComplete(CompletableFuture.java:760)
	at java.util.concurrent.CompletableFuture$UniWhenComplete.tryFire(CompletableFuture.java:736)
	at java.util.concurrent.CompletableFuture$Completion.run(CompletableFuture.java:442)
	at java.lang.Thread.run(Thread.java:748)
2019-06-13 17:17:23,403 WARN  server.GrpcLogAppender (LogUtils.java:warn(134)) - 54e51183-93cc-444b-989f-5debd09c3236: Failed appendEntries to 74f0366e-7114-4979-b395-d5d7e4b2d007:192.168.46.54:42653: org.apache.ratis.thirdparty.io.grpc.StatusRuntimeException: UNAVAILABLE: io exception
2019-06-13 17:17:23,403 INFO  impl.FollowerInfo (FollowerInfo.java:lambda$new$0(50)) - 54e51183-93cc-444b-989f-5debd09c3236->74f0366e-7114-4979-b395-d5d7e4b2d007: nextIndex: updateUnconditionally 0 -> 0
2019-06-13 17:17:23,405 WARN  server.GrpcLogAppender (LogUtils.java:warn(134)) - 54e51183-93cc-444b-989f-5debd09c3236: Failed appendEntries to 4ce8826f-4a77-41d7-8add-9059415b23c9:192.168.46.54:35603: org.apache.ratis.thirdparty.io.grpc.StatusRuntimeException: UNAVAILABLE: io exception
2019-06-13 17:17:23,405 INFO  impl.FollowerInfo (FollowerInfo.java:lambda$new$0(50)) - 54e51183-93cc-444b-989f-5debd09c3236->4ce8826f-4a77-41d7-8add-9059415b23c9: nextIndex: updateUnconditionally 0 -> 0
2019-06-13 17:17:23,674 INFO  client.GrpcClientProtocolService (GrpcClientProtocolService.java:lambda$processClientRequest$0(264)) - Failed RaftClientRequest:client-AC741F216D19->54e51183-93cc-444b-989f-5debd09c3236@group-DFCE18E550F6, cid=67, seq=0, Watch-ALL_COMMITTED(2), Message:<EMPTY>, reply=RaftClientReply:client-AC741F216D19->54e51183-93cc-444b-989f-5debd09c3236@group-DFCE18E550F6, cid=67, FAILED org.apache.ratis.protocol.NotReplicatedException: Request with call Id 67 and log index 2 is not yet replicated to ALL_COMMITTED, logIndex=2, commits[54e51183-93cc-444b-989f-5debd09c3236:c2, 74f0366e-7114-4979-b395-d5d7e4b2d007:c2, 4ce8826f-4a77-41d7-8add-9059415b23c9:c1]
2019-06-13 17:17:23,904 WARN  server.GrpcLogAppender (LogUtils.java:warn(134)) - 54e51183-93cc-444b-989f-5debd09c3236: Failed appendEntries to 74f0366e-7114-4979-b395-d5d7e4b2d007:192.168.46.54:42653: org.apache.ratis.thirdparty.io.grpc.StatusRuntimeException: UNAVAILABLE: io exception
2019-06-13 17:17:23,904 INFO  impl.FollowerInfo (FollowerInfo.java:lambda$new$0(50)) - 54e51183-93cc-444b-989f-5debd09c3236->74f0366e-7114-4979-b395-d5d7e4b2d007: nextIndex: updateUnconditionally 0 -> 0
2019-06-13 17:17:23,906 WARN  server.GrpcLogAppender (LogUtils.java:warn(134)) - 54e51183-93cc-444b-989f-5debd09c3236: Failed appendEntries to 4ce8826f-4a77-41d7-8add-9059415b23c9:192.168.46.54:35603: org.apache.ratis.thirdparty.io.grpc.StatusRuntimeException: UNAVAILABLE: io exception
2019-06-13 17:17:23,908 INFO  impl.FollowerInfo (FollowerInfo.java:lambda$new$0(50)) - 54e51183-93cc-444b-989f-5debd09c3236->4ce8826f-4a77-41d7-8add-9059415b23c9: nextIndex: updateUnconditionally 0 -> 0
2019-06-13 17:17:24,404 WARN  server.GrpcLogAppender (LogUtils.java:warn(134)) - 54e51183-93cc-444b-989f-5debd09c3236: Failed appendEntries to 74f0366e-7114-4979-b395-d5d7e4b2d007:192.168.46.54:42653: org.apache.ratis.thirdparty.io.grpc.StatusRuntimeException: UNAVAILABLE: io exception
2019-06-13 17:17:24,404 INFO  impl.FollowerInfo (FollowerInfo.java:lambda$new$0(50)) - 54e51183-93cc-444b-989f-5debd09c3236->74f0366e-7114-4979-b395-d5d7e4b2d007: nextIndex: updateUnconditionally 0 -> 0
2019-06-13 17:17:24,406 WARN  server.GrpcLogAppender (LogUtils.java:warn(134)) - 54e51183-93cc-444b-989f-5debd09c3236: Failed appendEntries to 4ce8826f-4a77-41d7-8add-9059415b23c9:192.168.46.54:35603: org.apache.ratis.thirdparty.io.grpc.StatusRuntimeException: UNAVAILABLE: io exception
2019-06-13 17:17:24,406 INFO  impl.FollowerInfo (FollowerInfo.java:lambda$new$0(50)) - 54e51183-93cc-444b-989f-5debd09c3236->4ce8826f-4a77-41d7-8add-9059415b23c9: nextIndex: updateUnconditionally 0 -> 0
2019-06-13 17:17:24,905 WARN  server.GrpcLogAppender (LogUtils.java:warn(134)) - 54e51183-93cc-444b-989f-5debd09c3236: Failed appendEntries to 74f0366e-7114-4979-b395-d5d7e4b2d007:192.168.46.54:42653: org.apache.ratis.thirdparty.io.grpc.StatusRuntimeException: UNAVAILABLE: io exception
2019-06-13 17:17:24,905 INFO  impl.FollowerInfo (FollowerInfo.java:lambda$new$0(50)) - 54e51183-93cc-444b-989f-5debd09c3236->74f0366e-7114-4979-b395-d5d7e4b2d007: nextIndex: updateUnconditionally 0 -> 0
2019-06-13 17:17:24,907 WARN  server.GrpcLogAppender (LogUtils.java:warn(134)) - 54e51183-93cc-444b-989f-5debd09c3236: Failed appendEntries to 4ce8826f-4a77-41d7-8add-9059415b23c9:192.168.46.54:35603: org.apache.ratis.thirdparty.io.grpc.StatusRuntimeException: UNAVAILABLE: io exception
2019-06-13 17:17:24,907 INFO  impl.FollowerInfo (FollowerInfo.java:lambda$new$0(50)) - 54e51183-93cc-444b-989f-5debd09c3236->4ce8826f-4a77-41d7-8add-9059415b23c9: nextIndex: updateUnconditionally 0 -> 0
2019-06-13 17:17:25,097 INFO  client.GrpcClientProtocolClient (GrpcClientProtocolClient.java:onNext(254)) - client-AC741F216D19->54e51183-93cc-444b-989f-5debd09c3236: receive RaftClientReply:client-AC741F216D19->54e51183-93cc-444b-989f-5debd09c3236@group-DFCE18E550F6, cid=68, SUCCESS, logIndex=0, commits[54e51183-93cc-444b-989f-5debd09c3236:c2, 74f0366e-7114-4979-b395-d5d7e4b2d007:c2, 4ce8826f-4a77-41d7-8add-9059415b23c9:c1]
2019-06-13 17:17:25,098 INFO  scm.XceiverClientRatis (XceiverClientRatis.java:lambda$watchForCommit$7(278)) - Could not commit 2 to all the nodes. Server 4ce8826f-4a77-41d7-8add-9059415b23c9 has failed. Committed by majority.
]]></system-out>
    <system-err><![CDATA[Jun 13, 2019 5:16:50 PM com.sun.jersey.server.impl.application.WebApplicationImpl _initiate
INFO: Initiating Jersey application, version 'Jersey: 1.19 02/11/2015 03:25 AM'
Jun 13, 2019 5:16:50 PM com.sun.jersey.server.impl.application.WebApplicationImpl _initiate
INFO: Initiating Jersey application, version 'Jersey: 1.19 02/11/2015 03:25 AM'
Jun 13, 2019 5:16:50 PM com.sun.jersey.server.impl.application.WebApplicationImpl _initiate
INFO: Initiating Jersey application, version 'Jersey: 1.19 02/11/2015 03:25 AM'
Jun 13, 2019 5:16:51 PM com.sun.jersey.server.impl.application.WebApplicationImpl _initiate
INFO: Initiating Jersey application, version 'Jersey: 1.19 02/11/2015 03:25 AM'
Jun 13, 2019 5:16:51 PM com.sun.jersey.server.impl.application.WebApplicationImpl _initiate
INFO: Initiating Jersey application, version 'Jersey: 1.19 02/11/2015 03:25 AM'
Jun 13, 2019 5:16:51 PM com.sun.jersey.server.impl.application.WebApplicationImpl _initiate
INFO: Initiating Jersey application, version 'Jersey: 1.19 02/11/2015 03:25 AM'
Jun 13, 2019 5:16:51 PM com.sun.jersey.server.impl.application.WebApplicationImpl _initiate
INFO: Initiating Jersey application, version 'Jersey: 1.19 02/11/2015 03:25 AM'
]]></system-err>
  </testcase>
  <testcase name="testWatchForCommitForGroupMismatchException" classname="org.apache.hadoop.ozone.client.rpc.TestWatchForCommit" time="18.176"/>
  <testcase name="test2WayCommitForTimeoutException" classname="org.apache.hadoop.ozone.client.rpc.TestWatchForCommit" time="12.61"/>
  <testcase name="test2WayCommitForRetryfailure" classname="org.apache.hadoop.ozone.client.rpc.TestWatchForCommit" time="29.968"/>
</testsuite>