<?xml version="1.0" encoding="UTF-8"?>
<testsuite xmlns:xsi="http://www.w3.org/2001/XMLSchema-instance" xsi:noNamespaceSchemaLocation="https://maven.apache.org/surefire/maven-surefire-plugin/xsd/surefire-test-report.xsd" name="org.apache.hadoop.ozone.freon.TestFreonWithPipelineDestroy" time="17.953" tests="1" errors="1" skipped="0" failures="0">
  <properties>
    <property name="awt.toolkit" value="sun.awt.X11.XToolkit"/>
    <property name="file.encoding.pkg" value="sun.io"/>
    <property name="java.specification.version" value="1.8"/>
    <property name="sun.cpu.isalist" value=""/>
    <property name="sun.jnu.encoding" value="UTF-8"/>
    <property name="java.class.path" value="/opt/src/hadoop-ozone/tools/target/test-classes:/opt/src/hadoop-ozone/tools/target/classes:/opt/src/hadoop-ozone/ozone-manager/target/classes:/opt/src/hadoop-hdds/docs/target/classes:/home/user/.m2/repository/org/bouncycastle/bcprov-jdk15on/1.60/bcprov-jdk15on-1.60.jar:/opt/src/hadoop-ozone/common/target/classes:/home/user/.m2/repository/org/apache/commons/commons-compress/1.4.1/commons-compress-1.4.1.jar:/home/user/.m2/repository/org/tukaani/xz/1.0/xz-1.0.jar:/home/user/.m2/repository/org/apache/hadoop/hadoop-hdfs-client/3.2.0/hadoop-hdfs-client-3.2.0.jar:/home/user/.m2/repository/com/fasterxml/jackson/core/jackson-annotations/2.9.5/jackson-annotations-2.9.5.jar:/opt/src/hadoop-hdds/common/target/classes:/opt/src/hadoop-hdds/config/target/classes:/home/user/.m2/repository/javax/annotation/javax.annotation-api/1.2/javax.annotation-api-1.2.jar:/home/user/.m2/repository/org/apache/ratis/ratis-server/0.4.0-fe2b15d-SNAPSHOT/ratis-server-0.4.0-fe2b15d-SNAPSHOT.jar:/home/user/.m2/repository/org/apache/ratis/ratis-thirdparty-misc/0.2.0/ratis-thirdparty-misc-0.2.0.jar:/home/user/.m2/repository/org/apache/ratis/ratis-proto/0.4.0-fe2b15d-SNAPSHOT/ratis-proto-0.4.0-fe2b15d-SNAPSHOT.jar:/home/user/.m2/repository/org/apache/ratis/ratis-common/0.4.0-fe2b15d-SNAPSHOT/ratis-common-0.4.0-fe2b15d-SNAPSHOT.jar:/home/user/.m2/repository/org/apache/ratis/ratis-client/0.4.0-fe2b15d-SNAPSHOT/ratis-client-0.4.0-fe2b15d-SNAPSHOT.jar:/home/user/.m2/repository/org/apache/ratis/ratis-netty/0.4.0-fe2b15d-SNAPSHOT/ratis-netty-0.4.0-fe2b15d-SNAPSHOT.jar:/home/user/.m2/repository/org/apache/ratis/ratis-grpc/0.4.0-fe2b15d-SNAPSHOT/ratis-grpc-0.4.0-fe2b15d-SNAPSHOT.jar:/home/user/.m2/repository/org/rocksdb/rocksdbjni/5.14.2/rocksdbjni-5.14.2.jar:/home/user/.m2/repository/org/apache/logging/log4j/log4j-api/2.11.0/log4j-api-2.11.0.jar:/home/user/.m2/repository/org/apache/logging/log4j/log4j-core/2.11.0/log4j-core-2.11.0.jar:/home/user/.m2/repository/com/lmax/disruptor/3.4.2/disruptor-3.4.2.jar:/home/user/.m2/repository/org/apache/commons/commons-pool2/2.6.0/commons-pool2-2.6.0.jar:/home/user/.m2/repository/org/bouncycastle/bcpkix-jdk15on/1.60/bcpkix-jdk15on-1.60.jar:/home/user/.m2/repository/commons-validator/commons-validator/1.6/commons-validator-1.6.jar:/home/user/.m2/repository/commons-digester/commons-digester/1.8.1/commons-digester-1.8.1.jar:/home/user/.m2/repository/io/jaegertracing/jaeger-client/0.33.1/jaeger-client-0.33.1.jar:/home/user/.m2/repository/io/jaegertracing/jaeger-thrift/0.33.1/jaeger-thrift-0.33.1.jar:/home/user/.m2/repository/org/apache/thrift/libthrift/0.11.0/libthrift-0.11.0.jar:/home/user/.m2/repository/com/squareup/okhttp3/okhttp/3.9.0/okhttp-3.9.0.jar:/home/user/.m2/repository/com/squareup/okio/okio/1.13.0/okio-1.13.0.jar:/home/user/.m2/repository/io/jaegertracing/jaeger-core/0.33.1/jaeger-core-0.33.1.jar:/home/user/.m2/repository/io/jaegertracing/jaeger-tracerresolver/0.33.1/jaeger-tracerresolver-0.33.1.jar:/home/user/.m2/repository/io/opentracing/contrib/opentracing-tracerresolver/0.1.5/opentracing-tracerresolver-0.1.5.jar:/home/user/.m2/repository/io/opentracing/opentracing-util/0.31.0/opentracing-util-0.31.0.jar:/home/user/.m2/repository/io/opentracing/opentracing-api/0.31.0/opentracing-api-0.31.0.jar:/home/user/.m2/repository/io/opentracing/opentracing-noop/0.31.0/opentracing-noop-0.31.0.jar:/home/user/.m2/repository/org/yaml/snakeyaml/1.16/snakeyaml-1.16.jar:/opt/src/hadoop-hdds/server-scm/target/classes:/home/user/.m2/repository/org/hamcrest/hamcrest-all/1.3/hamcrest-all-1.3.jar:/opt/src/hadoop-hdds/container-service/target/classes:/opt/src/hadoop-hdds/client/target/classes:/opt/src/hadoop-hdds/tools/target/classes:/home/user/.m2/repository/org/xerial/sqlite-jdbc/3.25.2/sqlite-jdbc-3.25.2.jar:/opt/src/hadoop-ozone/client/target/classes:/home/user/.m2/repository/org/apache/hadoop/hadoop-ozone-filesystem/0.5.0-SNAPSHOT/hadoop-ozone-filesystem-0.5.0-SNAPSHOT.jar:/opt/src/hadoop-hdds/framework/target/classes:/home/user/.m2/repository/info/picocli/picocli/3.9.6/picocli-3.9.6.jar:/home/user/.m2/repository/com/google/protobuf/protobuf-java/2.5.0/protobuf-java-2.5.0.jar:/home/user/.m2/repository/com/google/guava/guava/11.0.2/guava-11.0.2.jar:/home/user/.m2/repository/org/apache/hadoop/hadoop-common/3.2.0/hadoop-common-3.2.0.jar:/home/user/.m2/repository/org/apache/hadoop/hadoop-annotations/3.2.0/hadoop-annotations-3.2.0.jar:/usr/lib/jvm/java-1.8-openjdk/jre/../lib/tools.jar:/home/user/.m2/repository/commons-cli/commons-cli/1.2/commons-cli-1.2.jar:/home/user/.m2/repository/org/apache/commons/commons-math3/3.1.1/commons-math3-3.1.1.jar:/home/user/.m2/repository/org/apache/httpcomponents/httpclient/4.5.2/httpclient-4.5.2.jar:/home/user/.m2/repository/org/apache/httpcomponents/httpcore/4.4.4/httpcore-4.4.4.jar:/home/user/.m2/repository/commons-codec/commons-codec/1.11/commons-codec-1.11.jar:/home/user/.m2/repository/commons-io/commons-io/2.5/commons-io-2.5.jar:/home/user/.m2/repository/commons-net/commons-net/3.6/commons-net-3.6.jar:/home/user/.m2/repository/commons-collections/commons-collections/3.2.2/commons-collections-3.2.2.jar:/home/user/.m2/repository/javax/servlet/javax.servlet-api/3.1.0/javax.servlet-api-3.1.0.jar:/home/user/.m2/repository/org/eclipse/jetty/jetty-server/9.3.24.v20180605/jetty-server-9.3.24.v20180605.jar:/home/user/.m2/repository/org/eclipse/jetty/jetty-http/9.3.24.v20180605/jetty-http-9.3.24.v20180605.jar:/home/user/.m2/repository/org/eclipse/jetty/jetty-io/9.3.24.v20180605/jetty-io-9.3.24.v20180605.jar:/home/user/.m2/repository/org/eclipse/jetty/jetty-util/9.3.24.v20180605/jetty-util-9.3.24.v20180605.jar:/home/user/.m2/repository/org/eclipse/jetty/jetty-servlet/9.3.24.v20180605/jetty-servlet-9.3.24.v20180605.jar:/home/user/.m2/repository/org/eclipse/jetty/jetty-security/9.3.24.v20180605/jetty-security-9.3.24.v20180605.jar:/home/user/.m2/repository/org/eclipse/jetty/jetty-webapp/9.3.24.v20180605/jetty-webapp-9.3.24.v20180605.jar:/home/user/.m2/repository/org/eclipse/jetty/jetty-xml/9.3.24.v20180605/jetty-xml-9.3.24.v20180605.jar:/home/user/.m2/repository/javax/servlet/jsp/jsp-api/2.1/jsp-api-2.1.jar:/home/user/.m2/repository/com/sun/jersey/jersey-core/1.19/jersey-core-1.19.jar:/home/user/.m2/repository/javax/ws/rs/jsr311-api/1.1.1/jsr311-api-1.1.1.jar:/home/user/.m2/repository/com/sun/jersey/jersey-servlet/1.19/jersey-servlet-1.19.jar:/home/user/.m2/repository/com/sun/jersey/jersey-json/1.19/jersey-json-1.19.jar:/home/user/.m2/repository/org/codehaus/jettison/jettison/1.1/jettison-1.1.jar:/home/user/.m2/repository/com/sun/xml/bind/jaxb-impl/2.3.0.1/jaxb-impl-2.3.0.1.jar:/home/user/.m2/repository/org/codehaus/jackson/jackson-core-asl/1.9.13/jackson-core-asl-1.9.13.jar:/home/user/.m2/repository/org/codehaus/jackson/jackson-mapper-asl/1.9.13/jackson-mapper-asl-1.9.13.jar:/home/user/.m2/repository/org/codehaus/jackson/jackson-jaxrs/1.9.13/jackson-jaxrs-1.9.13.jar:/home/user/.m2/repository/org/codehaus/jackson/jackson-xc/1.9.13/jackson-xc-1.9.13.jar:/home/user/.m2/repository/com/sun/jersey/jersey-server/1.19/jersey-server-1.19.jar:/home/user/.m2/repository/commons-logging/commons-logging/1.1.3/commons-logging-1.1.3.jar:/home/user/.m2/repository/log4j/log4j/1.2.17/log4j-1.2.17.jar:/home/user/.m2/repository/commons-beanutils/commons-beanutils/1.9.3/commons-beanutils-1.9.3.jar:/home/user/.m2/repository/org/apache/commons/commons-configuration2/2.1.1/commons-configuration2-2.1.1.jar:/home/user/.m2/repository/org/apache/commons/commons-lang3/3.7/commons-lang3-3.7.jar:/home/user/.m2/repository/org/apache/commons/commons-text/1.4/commons-text-1.4.jar:/home/user/.m2/repository/org/slf4j/slf4j-api/1.7.25/slf4j-api-1.7.25.jar:/home/user/.m2/repository/org/slf4j/slf4j-log4j12/1.7.25/slf4j-log4j12-1.7.25.jar:/home/user/.m2/repository/org/apache/avro/avro/1.7.7/avro-1.7.7.jar:/home/user/.m2/repository/com/thoughtworks/paranamer/paranamer/2.3/paranamer-2.3.jar:/home/user/.m2/repository/org/xerial/snappy/snappy-java/1.0.5/snappy-java-1.0.5.jar:/home/user/.m2/repository/com/google/re2j/re2j/1.1/re2j-1.1.jar:/home/user/.m2/repository/com/google/code/gson/gson/2.2.4/gson-2.2.4.jar:/home/user/.m2/repository/org/apache/hadoop/hadoop-auth/3.2.0/hadoop-auth-3.2.0.jar:/home/user/.m2/repository/com/nimbusds/nimbus-jose-jwt/4.41.1/nimbus-jose-jwt-4.41.1.jar:/home/user/.m2/repository/com/github/stephenc/jcip/jcip-annotations/1.0-1/jcip-annotations-1.0-1.jar:/home/user/.m2/repository/net/minidev/json-smart/2.3/json-smart-2.3.jar:/home/user/.m2/repository/net/minidev/accessors-smart/1.2/accessors-smart-1.2.jar:/home/user/.m2/repository/org/apache/curator/curator-framework/2.12.0/curator-framework-2.12.0.jar:/home/user/.m2/repository/com/jcraft/jsch/0.1.54/jsch-0.1.54.jar:/home/user/.m2/repository/org/apache/curator/curator-client/2.12.0/curator-client-2.12.0.jar:/home/user/.m2/repository/org/apache/curator/curator-recipes/2.12.0/curator-recipes-2.12.0.jar:/home/user/.m2/repository/com/google/code/findbugs/jsr305/3.0.0/jsr305-3.0.0.jar:/home/user/.m2/repository/org/apache/htrace/htrace-core4/4.1.0-incubating/htrace-core4-4.1.0-incubating.jar:/home/user/.m2/repository/org/apache/zookeeper/zookeeper/3.4.13/zookeeper-3.4.13.jar:/home/user/.m2/repository/org/apache/yetus/audience-annotations/0.5.0/audience-annotations-0.5.0.jar:/home/user/.m2/repository/org/apache/kerby/kerb-simplekdc/1.0.1/kerb-simplekdc-1.0.1.jar:/home/user/.m2/repository/org/apache/kerby/kerb-client/1.0.1/kerb-client-1.0.1.jar:/home/user/.m2/repository/org/apache/kerby/kerby-config/1.0.1/kerby-config-1.0.1.jar:/home/user/.m2/repository/org/apache/kerby/kerb-core/1.0.1/kerb-core-1.0.1.jar:/home/user/.m2/repository/org/apache/kerby/kerby-pkix/1.0.1/kerby-pkix-1.0.1.jar:/home/user/.m2/repository/org/apache/kerby/kerby-asn1/1.0.1/kerby-asn1-1.0.1.jar:/home/user/.m2/repository/org/apache/kerby/kerby-util/1.0.1/kerby-util-1.0.1.jar:/home/user/.m2/repository/org/apache/kerby/kerb-common/1.0.1/kerb-common-1.0.1.jar:/home/user/.m2/repository/org/apache/kerby/kerb-crypto/1.0.1/kerb-crypto-1.0.1.jar:/home/user/.m2/repository/org/apache/kerby/kerb-util/1.0.1/kerb-util-1.0.1.jar:/home/user/.m2/repository/org/apache/kerby/token-provider/1.0.1/token-provider-1.0.1.jar:/home/user/.m2/repository/org/apache/kerby/kerb-admin/1.0.1/kerb-admin-1.0.1.jar:/home/user/.m2/repository/org/apache/kerby/kerb-server/1.0.1/kerb-server-1.0.1.jar:/home/user/.m2/repository/org/apache/kerby/kerb-identity/1.0.1/kerb-identity-1.0.1.jar:/home/user/.m2/repository/org/apache/kerby/kerby-xdr/1.0.1/kerby-xdr-1.0.1.jar:/home/user/.m2/repository/com/fasterxml/jackson/core/jackson-databind/2.9.5/jackson-databind-2.9.5.jar:/home/user/.m2/repository/com/fasterxml/jackson/core/jackson-core/2.9.5/jackson-core-2.9.5.jar:/home/user/.m2/repository/org/codehaus/woodstox/stax2-api/3.1.4/stax2-api-3.1.4.jar:/home/user/.m2/repository/com/fasterxml/woodstox/woodstox-core/5.0.3/woodstox-core-5.0.3.jar:/home/user/.m2/repository/dnsjava/dnsjava/2.1.7/dnsjava-2.1.7.jar:/home/user/.m2/repository/org/apache/hadoop/hadoop-hdfs/3.2.0/hadoop-hdfs-3.2.0.jar:/home/user/.m2/repository/org/eclipse/jetty/jetty-util-ajax/9.3.24.v20180605/jetty-util-ajax-9.3.24.v20180605.jar:/home/user/.m2/repository/commons-daemon/commons-daemon/1.0.13/commons-daemon-1.0.13.jar:/home/user/.m2/repository/io/netty/netty/3.10.5.Final/netty-3.10.5.Final.jar:/home/user/.m2/repository/io/netty/netty-all/4.0.52.Final/netty-all-4.0.52.Final.jar:/home/user/.m2/repository/org/fusesource/leveldbjni/leveldbjni-all/1.8/leveldbjni-all-1.8.jar:/home/user/.m2/repository/com/sun/xml/bind/jaxb-core/2.3.0.1/jaxb-core-2.3.0.1.jar:/home/user/.m2/repository/javax/xml/bind/jaxb-api/2.3.0/jaxb-api-2.3.0.jar:/home/user/.m2/repository/javax/activation/activation/1.1.1/activation-1.1.1.jar:/home/user/.m2/repository/io/dropwizard/metrics/metrics-core/3.2.4/metrics-core-3.2.4.jar:/home/user/.m2/repository/org/openjdk/jmh/jmh-core/1.19/jmh-core-1.19.jar:/home/user/.m2/repository/net/sf/jopt-simple/jopt-simple/4.6/jopt-simple-4.6.jar:/home/user/.m2/repository/org/openjdk/jmh/jmh-generator-annprocess/1.19/jmh-generator-annprocess-1.19.jar:/home/user/.m2/repository/com/google/code/findbugs/findbugs/3.0.1/findbugs-3.0.1.jar:/home/user/.m2/repository/net/jcip/jcip-annotations/1.0/jcip-annotations-1.0.jar:/home/user/.m2/repository/com/google/code/findbugs/bcel-findbugs/6.0/bcel-findbugs-6.0.jar:/home/user/.m2/repository/com/google/code/findbugs/jFormatString/2.0.1/jFormatString-2.0.1.jar:/home/user/.m2/repository/dom4j/dom4j/1.6.1/dom4j-1.6.1.jar:/home/user/.m2/repository/xml-apis/xml-apis/1.0.b2/xml-apis-1.0.b2.jar:/home/user/.m2/repository/org/ow2/asm/asm-debug-all/5.0.2/asm-debug-all-5.0.2.jar:/home/user/.m2/repository/org/ow2/asm/asm-commons/5.0.2/asm-commons-5.0.2.jar:/home/user/.m2/repository/org/ow2/asm/asm-tree/5.0.2/asm-tree-5.0.2.jar:/home/user/.m2/repository/org/ow2/asm/asm/5.0.4/asm-5.0.4.jar:/home/user/.m2/repository/commons-lang/commons-lang/2.6/commons-lang-2.6.jar:/home/user/.m2/repository/com/apple/AppleJavaExtensions/1.4/AppleJavaExtensions-1.4.jar:/home/user/.m2/repository/jaxen/jaxen/1.1.6/jaxen-1.1.6.jar:/home/user/.m2/repository/junit/junit/4.11/junit-4.11.jar:/home/user/.m2/repository/org/hamcrest/hamcrest-core/1.3/hamcrest-core-1.3.jar:/home/user/.m2/repository/org/apache/hadoop/hadoop-common/3.2.0/hadoop-common-3.2.0-tests.jar:/home/user/.m2/repository/org/apache/hadoop/hadoop-ozone-integration-test/0.5.0-SNAPSHOT/hadoop-ozone-integration-test-0.5.0-SNAPSHOT-tests.jar:/opt/src/hadoop-ozone/objectstore-service/target/classes:/opt/src/hadoop-ozone/s3gateway/target/classes:/home/user/.m2/repository/org/jboss/weld/servlet/weld-servlet/2.4.7.Final/weld-servlet-2.4.7.Final.jar:/home/user/.m2/repository/org/glassfish/jersey/containers/jersey-container-servlet-core/2.27/jersey-container-servlet-core-2.27.jar:/home/user/.m2/repository/org/glassfish/hk2/external/javax.inject/2.5.0-b42/javax.inject-2.5.0-b42.jar:/home/user/.m2/repository/org/glassfish/jersey/core/jersey-common/2.27/jersey-common-2.27.jar:/home/user/.m2/repository/org/glassfish/hk2/osgi-resource-locator/1.0.1/osgi-resource-locator-1.0.1.jar:/home/user/.m2/repository/javax/ws/rs/javax.ws.rs-api/2.1/javax.ws.rs-api-2.1.jar:/home/user/.m2/repository/org/glassfish/jersey/ext/cdi/jersey-cdi1x/2.27/jersey-cdi1x-2.27.jar:/home/user/.m2/repository/org/glassfish/jersey/inject/jersey-hk2/2.27/jersey-hk2-2.27.jar:/home/user/.m2/repository/org/glassfish/hk2/hk2-locator/2.5.0-b42/hk2-locator-2.5.0-b42.jar:/home/user/.m2/repository/org/javassist/javassist/3.22.0-CR2/javassist-3.22.0-CR2.jar:/home/user/.m2/repository/org/glassfish/hk2/hk2-api/2.5.0/hk2-api-2.5.0.jar:/home/user/.m2/repository/org/glassfish/hk2/external/jakarta.inject/2.5.0/jakarta.inject-2.5.0.jar:/home/user/.m2/repository/org/glassfish/hk2/hk2-utils/2.5.0/hk2-utils-2.5.0.jar:/home/user/.m2/repository/jakarta/annotation/jakarta.annotation-api/1.3.4/jakarta.annotation-api-1.3.4.jar:/home/user/.m2/repository/org/glassfish/hk2/external/aopalliance-repackaged/2.5.0/aopalliance-repackaged-2.5.0.jar:/home/user/.m2/repository/com/fasterxml/jackson/dataformat/jackson-dataformat-xml/2.9.0/jackson-dataformat-xml-2.9.0.jar:/home/user/.m2/repository/com/fasterxml/jackson/module/jackson-module-jaxb-annotations/2.9.5/jackson-module-jaxb-annotations-2.9.5.jar:/home/user/.m2/repository/javax/enterprise/cdi-api/1.2/cdi-api-1.2.jar:/home/user/.m2/repository/javax/el/javax.el-api/3.0.0/javax.el-api-3.0.0.jar:/home/user/.m2/repository/javax/interceptor/javax.interceptor-api/1.2/javax.interceptor-api-1.2.jar:/home/user/.m2/repository/javax/inject/javax.inject/1/javax.inject-1.jar:/opt/src/hadoop-ozone/csi/target/classes:/home/user/.m2/repository/com/google/protobuf/protobuf-java-util/3.5.1/protobuf-java-util-3.5.1.jar:/home/user/.m2/repository/io/grpc/grpc-netty/1.17.1/grpc-netty-1.17.1.jar:/home/user/.m2/repository/io/grpc/grpc-core/1.17.1/grpc-core-1.17.1.jar:/home/user/.m2/repository/io/grpc/grpc-context/1.17.1/grpc-context-1.17.1.jar:/home/user/.m2/repository/com/google/errorprone/error_prone_annotations/2.2.0/error_prone_annotations-2.2.0.jar:/home/user/.m2/repository/org/codehaus/mojo/animal-sniffer-annotations/1.17/animal-sniffer-annotations-1.17.jar:/home/user/.m2/repository/io/opencensus/opencensus-api/0.17.0/opencensus-api-0.17.0.jar:/home/user/.m2/repository/io/opencensus/opencensus-contrib-grpc-metrics/0.17.0/opencensus-contrib-grpc-metrics-0.17.0.jar:/home/user/.m2/repository/io/netty/netty-codec-http2/4.1.30.Final/netty-codec-http2-4.1.30.Final.jar:/home/user/.m2/repository/io/netty/netty-codec-http/4.1.30.Final/netty-codec-http-4.1.30.Final.jar:/home/user/.m2/repository/io/netty/netty-codec/4.1.30.Final/netty-codec-4.1.30.Final.jar:/home/user/.m2/repository/io/netty/netty-handler/4.1.30.Final/netty-handler-4.1.30.Final.jar:/home/user/.m2/repository/io/netty/netty-handler-proxy/4.1.30.Final/netty-handler-proxy-4.1.30.Final.jar:/home/user/.m2/repository/io/netty/netty-codec-socks/4.1.30.Final/netty-codec-socks-4.1.30.Final.jar:/home/user/.m2/repository/io/netty/netty-transport-native-epoll/4.1.30.Final/netty-transport-native-epoll-4.1.30.Final.jar:/home/user/.m2/repository/io/netty/netty-common/4.1.30.Final/netty-common-4.1.30.Final.jar:/home/user/.m2/repository/io/netty/netty-buffer/4.1.30.Final/netty-buffer-4.1.30.Final.jar:/home/user/.m2/repository/io/netty/netty-transport/4.1.30.Final/netty-transport-4.1.30.Final.jar:/home/user/.m2/repository/io/netty/netty-resolver/4.1.30.Final/netty-resolver-4.1.30.Final.jar:/home/user/.m2/repository/io/netty/netty-transport-native-unix-common/4.1.30.Final/netty-transport-native-unix-common-4.1.30.Final.jar:/home/user/.m2/repository/io/grpc/grpc-protobuf/1.17.1/grpc-protobuf-1.17.1.jar:/home/user/.m2/repository/com/google/api/grpc/proto-google-common-protos/1.0.0/proto-google-common-protos-1.0.0.jar:/home/user/.m2/repository/io/grpc/grpc-protobuf-lite/1.17.1/grpc-protobuf-lite-1.17.1.jar:/home/user/.m2/repository/io/grpc/grpc-stub/1.17.1/grpc-stub-1.17.1.jar:/opt/src/hadoop-ozone/ozone-recon/target/classes:/opt/src/hadoop-ozone/ozone-recon-codegen/target/classes:/home/user/.m2/repository/com/google/inject/extensions/guice-multibindings/4.0/guice-multibindings-4.0.jar:/home/user/.m2/repository/com/google/inject/guice/4.0/guice-4.0.jar:/home/user/.m2/repository/aopalliance/aopalliance/1.0/aopalliance-1.0.jar:/home/user/.m2/repository/com/google/inject/extensions/guice-servlet/4.0/guice-servlet-4.0.jar:/home/user/.m2/repository/org/glassfish/jersey/containers/jersey-container-servlet/2.27/jersey-container-servlet-2.27.jar:/home/user/.m2/repository/org/glassfish/hk2/guice-bridge/2.5.0/guice-bridge-2.5.0.jar:/home/user/.m2/repository/org/glassfish/jersey/core/jersey-server/2.27/jersey-server-2.27.jar:/home/user/.m2/repository/org/glassfish/jersey/core/jersey-client/2.27/jersey-client-2.27.jar:/home/user/.m2/repository/org/glassfish/jersey/media/jersey-media-jaxb/2.27/jersey-media-jaxb-2.27.jar:/home/user/.m2/repository/javax/validation/validation-api/1.1.0.Final/validation-api-1.1.0.Final.jar:/home/user/.m2/repository/org/glassfish/jersey/media/jersey-media-json-jackson/2.27/jersey-media-json-jackson-2.27.jar:/home/user/.m2/repository/org/glassfish/jersey/ext/jersey-entity-filtering/2.27/jersey-entity-filtering-2.27.jar:/home/user/.m2/repository/com/google/inject/extensions/guice-assistedinject/4.0/guice-assistedinject-4.0.jar:/home/user/.m2/repository/org/jooq/jooq/3.11.10/jooq-3.11.10.jar:/home/user/.m2/repository/org/jooq/jooq-meta/3.11.10/jooq-meta-3.11.10.jar:/home/user/.m2/repository/org/jooq/jooq-codegen/3.11.10/jooq-codegen-3.11.10.jar:/home/user/.m2/repository/com/jolbox/bonecp/0.8.0.RELEASE/bonecp-0.8.0.RELEASE.jar:/home/user/.m2/repository/org/springframework/spring-jdbc/5.1.3.RELEASE/spring-jdbc-5.1.3.RELEASE.jar:/home/user/.m2/repository/org/springframework/spring-beans/5.1.3.RELEASE/spring-beans-5.1.3.RELEASE.jar:/home/user/.m2/repository/org/springframework/spring-core/5.1.3.RELEASE/spring-core-5.1.3.RELEASE.jar:/home/user/.m2/repository/org/springframework/spring-jcl/5.1.3.RELEASE/spring-jcl-5.1.3.RELEASE.jar:/home/user/.m2/repository/org/springframework/spring-tx/5.1.3.RELEASE/spring-tx-5.1.3.RELEASE.jar:/home/user/.m2/repository/org/mockito/mockito-core/2.15.0/mockito-core-2.15.0.jar:/home/user/.m2/repository/net/bytebuddy/byte-buddy/1.7.9/byte-buddy-1.7.9.jar:/home/user/.m2/repository/net/bytebuddy/byte-buddy-agent/1.7.9/byte-buddy-agent-1.7.9.jar:/home/user/.m2/repository/org/objenesis/objenesis/1.0/objenesis-1.0.jar:"/>
    <property name="java.vm.vendor" value="IcedTea"/>
    <property name="sun.arch.data.model" value="64"/>
    <property name="test.build.dir" value="/opt/src/hadoop-ozone/tools/target/test-dir"/>
    <property name="test.cache.data" value=""/>
    <property name="java.vendor.url" value="https://icedtea.classpath.org"/>
    <property name="user.timezone" value=""/>
    <property name="java.vm.specification.version" value="1.8"/>
    <property name="os.name" value="Linux"/>
    <property name="test.build.data" value="/opt/src/hadoop-ozone/tools/target/test-dir"/>
    <property name="user.country" value="US"/>
    <property name="sun.java.launcher" value="SUN_STANDARD"/>
    <property name="sun.boot.library.path" value="/usr/lib/jvm/java-1.8-openjdk/jre/lib/amd64"/>
    <property name="sun.java.command" value="/opt/src/hadoop-ozone/tools/target/surefire/surefirebooter5867235808937137124.jar /opt/src/hadoop-ozone/tools/target/surefire 2019-06-17T11-52-47_218-jvmRun1 surefire34237845480183259tmp surefire_897805534311574737619tmp"/>
    <property name="surefire.test.class.path" value="/opt/src/hadoop-ozone/tools/target/test-classes:/opt/src/hadoop-ozone/tools/target/classes:/opt/src/hadoop-ozone/ozone-manager/target/classes:/opt/src/hadoop-hdds/docs/target/classes:/home/user/.m2/repository/org/bouncycastle/bcprov-jdk15on/1.60/bcprov-jdk15on-1.60.jar:/opt/src/hadoop-ozone/common/target/classes:/home/user/.m2/repository/org/apache/commons/commons-compress/1.4.1/commons-compress-1.4.1.jar:/home/user/.m2/repository/org/tukaani/xz/1.0/xz-1.0.jar:/home/user/.m2/repository/org/apache/hadoop/hadoop-hdfs-client/3.2.0/hadoop-hdfs-client-3.2.0.jar:/home/user/.m2/repository/com/fasterxml/jackson/core/jackson-annotations/2.9.5/jackson-annotations-2.9.5.jar:/opt/src/hadoop-hdds/common/target/classes:/opt/src/hadoop-hdds/config/target/classes:/home/user/.m2/repository/javax/annotation/javax.annotation-api/1.2/javax.annotation-api-1.2.jar:/home/user/.m2/repository/org/apache/ratis/ratis-server/0.4.0-fe2b15d-SNAPSHOT/ratis-server-0.4.0-fe2b15d-SNAPSHOT.jar:/home/user/.m2/repository/org/apache/ratis/ratis-thirdparty-misc/0.2.0/ratis-thirdparty-misc-0.2.0.jar:/home/user/.m2/repository/org/apache/ratis/ratis-proto/0.4.0-fe2b15d-SNAPSHOT/ratis-proto-0.4.0-fe2b15d-SNAPSHOT.jar:/home/user/.m2/repository/org/apache/ratis/ratis-common/0.4.0-fe2b15d-SNAPSHOT/ratis-common-0.4.0-fe2b15d-SNAPSHOT.jar:/home/user/.m2/repository/org/apache/ratis/ratis-client/0.4.0-fe2b15d-SNAPSHOT/ratis-client-0.4.0-fe2b15d-SNAPSHOT.jar:/home/user/.m2/repository/org/apache/ratis/ratis-netty/0.4.0-fe2b15d-SNAPSHOT/ratis-netty-0.4.0-fe2b15d-SNAPSHOT.jar:/home/user/.m2/repository/org/apache/ratis/ratis-grpc/0.4.0-fe2b15d-SNAPSHOT/ratis-grpc-0.4.0-fe2b15d-SNAPSHOT.jar:/home/user/.m2/repository/org/rocksdb/rocksdbjni/5.14.2/rocksdbjni-5.14.2.jar:/home/user/.m2/repository/org/apache/logging/log4j/log4j-api/2.11.0/log4j-api-2.11.0.jar:/home/user/.m2/repository/org/apache/logging/log4j/log4j-core/2.11.0/log4j-core-2.11.0.jar:/home/user/.m2/repository/com/lmax/disruptor/3.4.2/disruptor-3.4.2.jar:/home/user/.m2/repository/org/apache/commons/commons-pool2/2.6.0/commons-pool2-2.6.0.jar:/home/user/.m2/repository/org/bouncycastle/bcpkix-jdk15on/1.60/bcpkix-jdk15on-1.60.jar:/home/user/.m2/repository/commons-validator/commons-validator/1.6/commons-validator-1.6.jar:/home/user/.m2/repository/commons-digester/commons-digester/1.8.1/commons-digester-1.8.1.jar:/home/user/.m2/repository/io/jaegertracing/jaeger-client/0.33.1/jaeger-client-0.33.1.jar:/home/user/.m2/repository/io/jaegertracing/jaeger-thrift/0.33.1/jaeger-thrift-0.33.1.jar:/home/user/.m2/repository/org/apache/thrift/libthrift/0.11.0/libthrift-0.11.0.jar:/home/user/.m2/repository/com/squareup/okhttp3/okhttp/3.9.0/okhttp-3.9.0.jar:/home/user/.m2/repository/com/squareup/okio/okio/1.13.0/okio-1.13.0.jar:/home/user/.m2/repository/io/jaegertracing/jaeger-core/0.33.1/jaeger-core-0.33.1.jar:/home/user/.m2/repository/io/jaegertracing/jaeger-tracerresolver/0.33.1/jaeger-tracerresolver-0.33.1.jar:/home/user/.m2/repository/io/opentracing/contrib/opentracing-tracerresolver/0.1.5/opentracing-tracerresolver-0.1.5.jar:/home/user/.m2/repository/io/opentracing/opentracing-util/0.31.0/opentracing-util-0.31.0.jar:/home/user/.m2/repository/io/opentracing/opentracing-api/0.31.0/opentracing-api-0.31.0.jar:/home/user/.m2/repository/io/opentracing/opentracing-noop/0.31.0/opentracing-noop-0.31.0.jar:/home/user/.m2/repository/org/yaml/snakeyaml/1.16/snakeyaml-1.16.jar:/opt/src/hadoop-hdds/server-scm/target/classes:/home/user/.m2/repository/org/hamcrest/hamcrest-all/1.3/hamcrest-all-1.3.jar:/opt/src/hadoop-hdds/container-service/target/classes:/opt/src/hadoop-hdds/client/target/classes:/opt/src/hadoop-hdds/tools/target/classes:/home/user/.m2/repository/org/xerial/sqlite-jdbc/3.25.2/sqlite-jdbc-3.25.2.jar:/opt/src/hadoop-ozone/client/target/classes:/home/user/.m2/repository/org/apache/hadoop/hadoop-ozone-filesystem/0.5.0-SNAPSHOT/hadoop-ozone-filesystem-0.5.0-SNAPSHOT.jar:/opt/src/hadoop-hdds/framework/target/classes:/home/user/.m2/repository/info/picocli/picocli/3.9.6/picocli-3.9.6.jar:/home/user/.m2/repository/com/google/protobuf/protobuf-java/2.5.0/protobuf-java-2.5.0.jar:/home/user/.m2/repository/com/google/guava/guava/11.0.2/guava-11.0.2.jar:/home/user/.m2/repository/org/apache/hadoop/hadoop-common/3.2.0/hadoop-common-3.2.0.jar:/home/user/.m2/repository/org/apache/hadoop/hadoop-annotations/3.2.0/hadoop-annotations-3.2.0.jar:/usr/lib/jvm/java-1.8-openjdk/jre/../lib/tools.jar:/home/user/.m2/repository/commons-cli/commons-cli/1.2/commons-cli-1.2.jar:/home/user/.m2/repository/org/apache/commons/commons-math3/3.1.1/commons-math3-3.1.1.jar:/home/user/.m2/repository/org/apache/httpcomponents/httpclient/4.5.2/httpclient-4.5.2.jar:/home/user/.m2/repository/org/apache/httpcomponents/httpcore/4.4.4/httpcore-4.4.4.jar:/home/user/.m2/repository/commons-codec/commons-codec/1.11/commons-codec-1.11.jar:/home/user/.m2/repository/commons-io/commons-io/2.5/commons-io-2.5.jar:/home/user/.m2/repository/commons-net/commons-net/3.6/commons-net-3.6.jar:/home/user/.m2/repository/commons-collections/commons-collections/3.2.2/commons-collections-3.2.2.jar:/home/user/.m2/repository/javax/servlet/javax.servlet-api/3.1.0/javax.servlet-api-3.1.0.jar:/home/user/.m2/repository/org/eclipse/jetty/jetty-server/9.3.24.v20180605/jetty-server-9.3.24.v20180605.jar:/home/user/.m2/repository/org/eclipse/jetty/jetty-http/9.3.24.v20180605/jetty-http-9.3.24.v20180605.jar:/home/user/.m2/repository/org/eclipse/jetty/jetty-io/9.3.24.v20180605/jetty-io-9.3.24.v20180605.jar:/home/user/.m2/repository/org/eclipse/jetty/jetty-util/9.3.24.v20180605/jetty-util-9.3.24.v20180605.jar:/home/user/.m2/repository/org/eclipse/jetty/jetty-servlet/9.3.24.v20180605/jetty-servlet-9.3.24.v20180605.jar:/home/user/.m2/repository/org/eclipse/jetty/jetty-security/9.3.24.v20180605/jetty-security-9.3.24.v20180605.jar:/home/user/.m2/repository/org/eclipse/jetty/jetty-webapp/9.3.24.v20180605/jetty-webapp-9.3.24.v20180605.jar:/home/user/.m2/repository/org/eclipse/jetty/jetty-xml/9.3.24.v20180605/jetty-xml-9.3.24.v20180605.jar:/home/user/.m2/repository/javax/servlet/jsp/jsp-api/2.1/jsp-api-2.1.jar:/home/user/.m2/repository/com/sun/jersey/jersey-core/1.19/jersey-core-1.19.jar:/home/user/.m2/repository/javax/ws/rs/jsr311-api/1.1.1/jsr311-api-1.1.1.jar:/home/user/.m2/repository/com/sun/jersey/jersey-servlet/1.19/jersey-servlet-1.19.jar:/home/user/.m2/repository/com/sun/jersey/jersey-json/1.19/jersey-json-1.19.jar:/home/user/.m2/repository/org/codehaus/jettison/jettison/1.1/jettison-1.1.jar:/home/user/.m2/repository/com/sun/xml/bind/jaxb-impl/2.3.0.1/jaxb-impl-2.3.0.1.jar:/home/user/.m2/repository/org/codehaus/jackson/jackson-core-asl/1.9.13/jackson-core-asl-1.9.13.jar:/home/user/.m2/repository/org/codehaus/jackson/jackson-mapper-asl/1.9.13/jackson-mapper-asl-1.9.13.jar:/home/user/.m2/repository/org/codehaus/jackson/jackson-jaxrs/1.9.13/jackson-jaxrs-1.9.13.jar:/home/user/.m2/repository/org/codehaus/jackson/jackson-xc/1.9.13/jackson-xc-1.9.13.jar:/home/user/.m2/repository/com/sun/jersey/jersey-server/1.19/jersey-server-1.19.jar:/home/user/.m2/repository/commons-logging/commons-logging/1.1.3/commons-logging-1.1.3.jar:/home/user/.m2/repository/log4j/log4j/1.2.17/log4j-1.2.17.jar:/home/user/.m2/repository/commons-beanutils/commons-beanutils/1.9.3/commons-beanutils-1.9.3.jar:/home/user/.m2/repository/org/apache/commons/commons-configuration2/2.1.1/commons-configuration2-2.1.1.jar:/home/user/.m2/repository/org/apache/commons/commons-lang3/3.7/commons-lang3-3.7.jar:/home/user/.m2/repository/org/apache/commons/commons-text/1.4/commons-text-1.4.jar:/home/user/.m2/repository/org/slf4j/slf4j-api/1.7.25/slf4j-api-1.7.25.jar:/home/user/.m2/repository/org/slf4j/slf4j-log4j12/1.7.25/slf4j-log4j12-1.7.25.jar:/home/user/.m2/repository/org/apache/avro/avro/1.7.7/avro-1.7.7.jar:/home/user/.m2/repository/com/thoughtworks/paranamer/paranamer/2.3/paranamer-2.3.jar:/home/user/.m2/repository/org/xerial/snappy/snappy-java/1.0.5/snappy-java-1.0.5.jar:/home/user/.m2/repository/com/google/re2j/re2j/1.1/re2j-1.1.jar:/home/user/.m2/repository/com/google/code/gson/gson/2.2.4/gson-2.2.4.jar:/home/user/.m2/repository/org/apache/hadoop/hadoop-auth/3.2.0/hadoop-auth-3.2.0.jar:/home/user/.m2/repository/com/nimbusds/nimbus-jose-jwt/4.41.1/nimbus-jose-jwt-4.41.1.jar:/home/user/.m2/repository/com/github/stephenc/jcip/jcip-annotations/1.0-1/jcip-annotations-1.0-1.jar:/home/user/.m2/repository/net/minidev/json-smart/2.3/json-smart-2.3.jar:/home/user/.m2/repository/net/minidev/accessors-smart/1.2/accessors-smart-1.2.jar:/home/user/.m2/repository/org/apache/curator/curator-framework/2.12.0/curator-framework-2.12.0.jar:/home/user/.m2/repository/com/jcraft/jsch/0.1.54/jsch-0.1.54.jar:/home/user/.m2/repository/org/apache/curator/curator-client/2.12.0/curator-client-2.12.0.jar:/home/user/.m2/repository/org/apache/curator/curator-recipes/2.12.0/curator-recipes-2.12.0.jar:/home/user/.m2/repository/com/google/code/findbugs/jsr305/3.0.0/jsr305-3.0.0.jar:/home/user/.m2/repository/org/apache/htrace/htrace-core4/4.1.0-incubating/htrace-core4-4.1.0-incubating.jar:/home/user/.m2/repository/org/apache/zookeeper/zookeeper/3.4.13/zookeeper-3.4.13.jar:/home/user/.m2/repository/org/apache/yetus/audience-annotations/0.5.0/audience-annotations-0.5.0.jar:/home/user/.m2/repository/org/apache/kerby/kerb-simplekdc/1.0.1/kerb-simplekdc-1.0.1.jar:/home/user/.m2/repository/org/apache/kerby/kerb-client/1.0.1/kerb-client-1.0.1.jar:/home/user/.m2/repository/org/apache/kerby/kerby-config/1.0.1/kerby-config-1.0.1.jar:/home/user/.m2/repository/org/apache/kerby/kerb-core/1.0.1/kerb-core-1.0.1.jar:/home/user/.m2/repository/org/apache/kerby/kerby-pkix/1.0.1/kerby-pkix-1.0.1.jar:/home/user/.m2/repository/org/apache/kerby/kerby-asn1/1.0.1/kerby-asn1-1.0.1.jar:/home/user/.m2/repository/org/apache/kerby/kerby-util/1.0.1/kerby-util-1.0.1.jar:/home/user/.m2/repository/org/apache/kerby/kerb-common/1.0.1/kerb-common-1.0.1.jar:/home/user/.m2/repository/org/apache/kerby/kerb-crypto/1.0.1/kerb-crypto-1.0.1.jar:/home/user/.m2/repository/org/apache/kerby/kerb-util/1.0.1/kerb-util-1.0.1.jar:/home/user/.m2/repository/org/apache/kerby/token-provider/1.0.1/token-provider-1.0.1.jar:/home/user/.m2/repository/org/apache/kerby/kerb-admin/1.0.1/kerb-admin-1.0.1.jar:/home/user/.m2/repository/org/apache/kerby/kerb-server/1.0.1/kerb-server-1.0.1.jar:/home/user/.m2/repository/org/apache/kerby/kerb-identity/1.0.1/kerb-identity-1.0.1.jar:/home/user/.m2/repository/org/apache/kerby/kerby-xdr/1.0.1/kerby-xdr-1.0.1.jar:/home/user/.m2/repository/com/fasterxml/jackson/core/jackson-databind/2.9.5/jackson-databind-2.9.5.jar:/home/user/.m2/repository/com/fasterxml/jackson/core/jackson-core/2.9.5/jackson-core-2.9.5.jar:/home/user/.m2/repository/org/codehaus/woodstox/stax2-api/3.1.4/stax2-api-3.1.4.jar:/home/user/.m2/repository/com/fasterxml/woodstox/woodstox-core/5.0.3/woodstox-core-5.0.3.jar:/home/user/.m2/repository/dnsjava/dnsjava/2.1.7/dnsjava-2.1.7.jar:/home/user/.m2/repository/org/apache/hadoop/hadoop-hdfs/3.2.0/hadoop-hdfs-3.2.0.jar:/home/user/.m2/repository/org/eclipse/jetty/jetty-util-ajax/9.3.24.v20180605/jetty-util-ajax-9.3.24.v20180605.jar:/home/user/.m2/repository/commons-daemon/commons-daemon/1.0.13/commons-daemon-1.0.13.jar:/home/user/.m2/repository/io/netty/netty/3.10.5.Final/netty-3.10.5.Final.jar:/home/user/.m2/repository/io/netty/netty-all/4.0.52.Final/netty-all-4.0.52.Final.jar:/home/user/.m2/repository/org/fusesource/leveldbjni/leveldbjni-all/1.8/leveldbjni-all-1.8.jar:/home/user/.m2/repository/com/sun/xml/bind/jaxb-core/2.3.0.1/jaxb-core-2.3.0.1.jar:/home/user/.m2/repository/javax/xml/bind/jaxb-api/2.3.0/jaxb-api-2.3.0.jar:/home/user/.m2/repository/javax/activation/activation/1.1.1/activation-1.1.1.jar:/home/user/.m2/repository/io/dropwizard/metrics/metrics-core/3.2.4/metrics-core-3.2.4.jar:/home/user/.m2/repository/org/openjdk/jmh/jmh-core/1.19/jmh-core-1.19.jar:/home/user/.m2/repository/net/sf/jopt-simple/jopt-simple/4.6/jopt-simple-4.6.jar:/home/user/.m2/repository/org/openjdk/jmh/jmh-generator-annprocess/1.19/jmh-generator-annprocess-1.19.jar:/home/user/.m2/repository/com/google/code/findbugs/findbugs/3.0.1/findbugs-3.0.1.jar:/home/user/.m2/repository/net/jcip/jcip-annotations/1.0/jcip-annotations-1.0.jar:/home/user/.m2/repository/com/google/code/findbugs/bcel-findbugs/6.0/bcel-findbugs-6.0.jar:/home/user/.m2/repository/com/google/code/findbugs/jFormatString/2.0.1/jFormatString-2.0.1.jar:/home/user/.m2/repository/dom4j/dom4j/1.6.1/dom4j-1.6.1.jar:/home/user/.m2/repository/xml-apis/xml-apis/1.0.b2/xml-apis-1.0.b2.jar:/home/user/.m2/repository/org/ow2/asm/asm-debug-all/5.0.2/asm-debug-all-5.0.2.jar:/home/user/.m2/repository/org/ow2/asm/asm-commons/5.0.2/asm-commons-5.0.2.jar:/home/user/.m2/repository/org/ow2/asm/asm-tree/5.0.2/asm-tree-5.0.2.jar:/home/user/.m2/repository/org/ow2/asm/asm/5.0.4/asm-5.0.4.jar:/home/user/.m2/repository/commons-lang/commons-lang/2.6/commons-lang-2.6.jar:/home/user/.m2/repository/com/apple/AppleJavaExtensions/1.4/AppleJavaExtensions-1.4.jar:/home/user/.m2/repository/jaxen/jaxen/1.1.6/jaxen-1.1.6.jar:/home/user/.m2/repository/junit/junit/4.11/junit-4.11.jar:/home/user/.m2/repository/org/hamcrest/hamcrest-core/1.3/hamcrest-core-1.3.jar:/home/user/.m2/repository/org/apache/hadoop/hadoop-common/3.2.0/hadoop-common-3.2.0-tests.jar:/home/user/.m2/repository/org/apache/hadoop/hadoop-ozone-integration-test/0.5.0-SNAPSHOT/hadoop-ozone-integration-test-0.5.0-SNAPSHOT-tests.jar:/opt/src/hadoop-ozone/objectstore-service/target/classes:/opt/src/hadoop-ozone/s3gateway/target/classes:/home/user/.m2/repository/org/jboss/weld/servlet/weld-servlet/2.4.7.Final/weld-servlet-2.4.7.Final.jar:/home/user/.m2/repository/org/glassfish/jersey/containers/jersey-container-servlet-core/2.27/jersey-container-servlet-core-2.27.jar:/home/user/.m2/repository/org/glassfish/hk2/external/javax.inject/2.5.0-b42/javax.inject-2.5.0-b42.jar:/home/user/.m2/repository/org/glassfish/jersey/core/jersey-common/2.27/jersey-common-2.27.jar:/home/user/.m2/repository/org/glassfish/hk2/osgi-resource-locator/1.0.1/osgi-resource-locator-1.0.1.jar:/home/user/.m2/repository/javax/ws/rs/javax.ws.rs-api/2.1/javax.ws.rs-api-2.1.jar:/home/user/.m2/repository/org/glassfish/jersey/ext/cdi/jersey-cdi1x/2.27/jersey-cdi1x-2.27.jar:/home/user/.m2/repository/org/glassfish/jersey/inject/jersey-hk2/2.27/jersey-hk2-2.27.jar:/home/user/.m2/repository/org/glassfish/hk2/hk2-locator/2.5.0-b42/hk2-locator-2.5.0-b42.jar:/home/user/.m2/repository/org/javassist/javassist/3.22.0-CR2/javassist-3.22.0-CR2.jar:/home/user/.m2/repository/org/glassfish/hk2/hk2-api/2.5.0/hk2-api-2.5.0.jar:/home/user/.m2/repository/org/glassfish/hk2/external/jakarta.inject/2.5.0/jakarta.inject-2.5.0.jar:/home/user/.m2/repository/org/glassfish/hk2/hk2-utils/2.5.0/hk2-utils-2.5.0.jar:/home/user/.m2/repository/jakarta/annotation/jakarta.annotation-api/1.3.4/jakarta.annotation-api-1.3.4.jar:/home/user/.m2/repository/org/glassfish/hk2/external/aopalliance-repackaged/2.5.0/aopalliance-repackaged-2.5.0.jar:/home/user/.m2/repository/com/fasterxml/jackson/dataformat/jackson-dataformat-xml/2.9.0/jackson-dataformat-xml-2.9.0.jar:/home/user/.m2/repository/com/fasterxml/jackson/module/jackson-module-jaxb-annotations/2.9.5/jackson-module-jaxb-annotations-2.9.5.jar:/home/user/.m2/repository/javax/enterprise/cdi-api/1.2/cdi-api-1.2.jar:/home/user/.m2/repository/javax/el/javax.el-api/3.0.0/javax.el-api-3.0.0.jar:/home/user/.m2/repository/javax/interceptor/javax.interceptor-api/1.2/javax.interceptor-api-1.2.jar:/home/user/.m2/repository/javax/inject/javax.inject/1/javax.inject-1.jar:/opt/src/hadoop-ozone/csi/target/classes:/home/user/.m2/repository/com/google/protobuf/protobuf-java-util/3.5.1/protobuf-java-util-3.5.1.jar:/home/user/.m2/repository/io/grpc/grpc-netty/1.17.1/grpc-netty-1.17.1.jar:/home/user/.m2/repository/io/grpc/grpc-core/1.17.1/grpc-core-1.17.1.jar:/home/user/.m2/repository/io/grpc/grpc-context/1.17.1/grpc-context-1.17.1.jar:/home/user/.m2/repository/com/google/errorprone/error_prone_annotations/2.2.0/error_prone_annotations-2.2.0.jar:/home/user/.m2/repository/org/codehaus/mojo/animal-sniffer-annotations/1.17/animal-sniffer-annotations-1.17.jar:/home/user/.m2/repository/io/opencensus/opencensus-api/0.17.0/opencensus-api-0.17.0.jar:/home/user/.m2/repository/io/opencensus/opencensus-contrib-grpc-metrics/0.17.0/opencensus-contrib-grpc-metrics-0.17.0.jar:/home/user/.m2/repository/io/netty/netty-codec-http2/4.1.30.Final/netty-codec-http2-4.1.30.Final.jar:/home/user/.m2/repository/io/netty/netty-codec-http/4.1.30.Final/netty-codec-http-4.1.30.Final.jar:/home/user/.m2/repository/io/netty/netty-codec/4.1.30.Final/netty-codec-4.1.30.Final.jar:/home/user/.m2/repository/io/netty/netty-handler/4.1.30.Final/netty-handler-4.1.30.Final.jar:/home/user/.m2/repository/io/netty/netty-handler-proxy/4.1.30.Final/netty-handler-proxy-4.1.30.Final.jar:/home/user/.m2/repository/io/netty/netty-codec-socks/4.1.30.Final/netty-codec-socks-4.1.30.Final.jar:/home/user/.m2/repository/io/netty/netty-transport-native-epoll/4.1.30.Final/netty-transport-native-epoll-4.1.30.Final.jar:/home/user/.m2/repository/io/netty/netty-common/4.1.30.Final/netty-common-4.1.30.Final.jar:/home/user/.m2/repository/io/netty/netty-buffer/4.1.30.Final/netty-buffer-4.1.30.Final.jar:/home/user/.m2/repository/io/netty/netty-transport/4.1.30.Final/netty-transport-4.1.30.Final.jar:/home/user/.m2/repository/io/netty/netty-resolver/4.1.30.Final/netty-resolver-4.1.30.Final.jar:/home/user/.m2/repository/io/netty/netty-transport-native-unix-common/4.1.30.Final/netty-transport-native-unix-common-4.1.30.Final.jar:/home/user/.m2/repository/io/grpc/grpc-protobuf/1.17.1/grpc-protobuf-1.17.1.jar:/home/user/.m2/repository/com/google/api/grpc/proto-google-common-protos/1.0.0/proto-google-common-protos-1.0.0.jar:/home/user/.m2/repository/io/grpc/grpc-protobuf-lite/1.17.1/grpc-protobuf-lite-1.17.1.jar:/home/user/.m2/repository/io/grpc/grpc-stub/1.17.1/grpc-stub-1.17.1.jar:/opt/src/hadoop-ozone/ozone-recon/target/classes:/opt/src/hadoop-ozone/ozone-recon-codegen/target/classes:/home/user/.m2/repository/com/google/inject/extensions/guice-multibindings/4.0/guice-multibindings-4.0.jar:/home/user/.m2/repository/com/google/inject/guice/4.0/guice-4.0.jar:/home/user/.m2/repository/aopalliance/aopalliance/1.0/aopalliance-1.0.jar:/home/user/.m2/repository/com/google/inject/extensions/guice-servlet/4.0/guice-servlet-4.0.jar:/home/user/.m2/repository/org/glassfish/jersey/containers/jersey-container-servlet/2.27/jersey-container-servlet-2.27.jar:/home/user/.m2/repository/org/glassfish/hk2/guice-bridge/2.5.0/guice-bridge-2.5.0.jar:/home/user/.m2/repository/org/glassfish/jersey/core/jersey-server/2.27/jersey-server-2.27.jar:/home/user/.m2/repository/org/glassfish/jersey/core/jersey-client/2.27/jersey-client-2.27.jar:/home/user/.m2/repository/org/glassfish/jersey/media/jersey-media-jaxb/2.27/jersey-media-jaxb-2.27.jar:/home/user/.m2/repository/javax/validation/validation-api/1.1.0.Final/validation-api-1.1.0.Final.jar:/home/user/.m2/repository/org/glassfish/jersey/media/jersey-media-json-jackson/2.27/jersey-media-json-jackson-2.27.jar:/home/user/.m2/repository/org/glassfish/jersey/ext/jersey-entity-filtering/2.27/jersey-entity-filtering-2.27.jar:/home/user/.m2/repository/com/google/inject/extensions/guice-assistedinject/4.0/guice-assistedinject-4.0.jar:/home/user/.m2/repository/org/jooq/jooq/3.11.10/jooq-3.11.10.jar:/home/user/.m2/repository/org/jooq/jooq-meta/3.11.10/jooq-meta-3.11.10.jar:/home/user/.m2/repository/org/jooq/jooq-codegen/3.11.10/jooq-codegen-3.11.10.jar:/home/user/.m2/repository/com/jolbox/bonecp/0.8.0.RELEASE/bonecp-0.8.0.RELEASE.jar:/home/user/.m2/repository/org/springframework/spring-jdbc/5.1.3.RELEASE/spring-jdbc-5.1.3.RELEASE.jar:/home/user/.m2/repository/org/springframework/spring-beans/5.1.3.RELEASE/spring-beans-5.1.3.RELEASE.jar:/home/user/.m2/repository/org/springframework/spring-core/5.1.3.RELEASE/spring-core-5.1.3.RELEASE.jar:/home/user/.m2/repository/org/springframework/spring-jcl/5.1.3.RELEASE/spring-jcl-5.1.3.RELEASE.jar:/home/user/.m2/repository/org/springframework/spring-tx/5.1.3.RELEASE/spring-tx-5.1.3.RELEASE.jar:/home/user/.m2/repository/org/mockito/mockito-core/2.15.0/mockito-core-2.15.0.jar:/home/user/.m2/repository/net/bytebuddy/byte-buddy/1.7.9/byte-buddy-1.7.9.jar:/home/user/.m2/repository/net/bytebuddy/byte-buddy-agent/1.7.9/byte-buddy-agent-1.7.9.jar:/home/user/.m2/repository/org/objenesis/objenesis/1.0/objenesis-1.0.jar:"/>
    <property name="sun.cpu.endian" value="little"/>
    <property name="user.home" value="/home/user"/>
    <property name="user.language" value="en"/>
    <property name="java.specification.vendor" value="Oracle Corporation"/>
    <property name="java.home" value="/usr/lib/jvm/java-1.8-openjdk/jre"/>
    <property name="java.security.krb5.conf" value="/opt/src/hadoop-ozone/tools/target/test-classes/krb5.conf"/>
    <property name="basedir" value="/opt/src/hadoop-ozone/tools"/>
    <property name="file.separator" value="/"/>
    <property name="line.separator" value="&#10;"/>
    <property name="java.vm.specification.vendor" value="Oracle Corporation"/>
    <property name="java.specification.name" value="Java Platform API Specification"/>
    <property name="java.awt.graphicsenv" value="sun.awt.X11GraphicsEnvironment"/>
    <property name="surefire.real.class.path" value="/opt/src/hadoop-ozone/tools/target/surefire/surefirebooter5867235808937137124.jar"/>
    <property name="hadoop.log.dir" value="/opt/src/hadoop-ozone/tools/target/log"/>
    <property name="sun.boot.class.path" value="/usr/lib/jvm/java-1.8-openjdk/jre/lib/resources.jar:/usr/lib/jvm/java-1.8-openjdk/jre/lib/rt.jar:/usr/lib/jvm/java-1.8-openjdk/jre/lib/sunrsasign.jar:/usr/lib/jvm/java-1.8-openjdk/jre/lib/jsse.jar:/usr/lib/jvm/java-1.8-openjdk/jre/lib/jce.jar:/usr/lib/jvm/java-1.8-openjdk/jre/lib/charsets.jar:/usr/lib/jvm/java-1.8-openjdk/jre/lib/jfr.jar:/usr/lib/jvm/java-1.8-openjdk/jre/classes"/>
    <property name="sun.management.compiler" value="HotSpot 64-Bit Tiered Compilers"/>
    <property name="java.runtime.version" value="1.8.0_212-b04"/>
    <property name="java.net.preferIPv4Stack" value="true"/>
    <property name="user.name" value="jenkins1000"/>
    <property name="path.separator" value=":"/>
    <property name="java.security.egd" value="file:///dev/urandom"/>
    <property name="os.version" value="4.15.0-1021-aws"/>
    <property name="java.endorsed.dirs" value="/usr/lib/jvm/java-1.8-openjdk/jre/lib/endorsed"/>
    <property name="java.runtime.name" value="OpenJDK Runtime Environment"/>
    <property name="file.encoding" value="UTF-8"/>
    <property name="java.vm.name" value="OpenJDK 64-Bit Server VM"/>
    <property name="test.build.webapps" value=""/>
    <property name="localRepository" value="/home/user/.m2/repository"/>
    <property name="java.vendor.url.bug" value="https://icedtea.classpath.org/bugzilla"/>
    <property name="java.io.tmpdir" value="/tmp"/>
    <property name="require.test.libhadoop" value=""/>
    <property name="java.version" value="1.8.0_212"/>
    <property name="user.dir" value="/opt/src/hadoop-ozone/tools"/>
    <property name="os.arch" value="amd64"/>
    <property name="java.vm.specification.name" value="Java Virtual Machine Specification"/>
    <property name="test.build.classes" value="/opt/src/hadoop-ozone/tools/target/test-classes"/>
    <property name="java.awt.printerjob" value="sun.print.PSPrinterJob"/>
    <property name="sun.os.patch.level" value="unknown"/>
    <property name="hadoop.tmp.dir" value="/opt/src/hadoop-ozone/tools/target/tmp"/>
    <property name="java.library.path" value="/usr/lib/jvm/java-1.8-openjdk/jre/lib/amd64/server:/usr/lib/jvm/java-1.8-openjdk/jre/lib/amd64:/usr/lib/jvm/java-1.8-openjdk/jre/../lib/amd64:/opt/src/hadoop-ozone/tools/target/native/target/usr/local/lib:/opt/src/hadoop-ozone/tools/../../hadoop-common-project/hadoop-common/target/native/target/usr/local/lib:/usr/java/packages/lib/amd64:/usr/lib64:/lib64:/lib:/usr/lib"/>
    <property name="java.vm.info" value="mixed mode"/>
    <property name="java.vendor" value="IcedTea"/>
    <property name="java.vm.version" value="25.212-b04"/>
    <property name="java.ext.dirs" value="/usr/lib/jvm/java-1.8-openjdk/jre/lib/ext:/usr/java/packages/lib/ext"/>
    <property name="sun.io.unicode.encoding" value="UnicodeLittle"/>
    <property name="java.class.version" value="52.0"/>
  </properties>
  <testcase name="testRestart" classname="org.apache.hadoop.ozone.freon.TestFreonWithPipelineDestroy" time="8.691">
    <error message="Unexpected Storage Container Exception: org.apache.hadoop.hdds.scm.container.common.helpers.StorageContainerException: ContainerID 4 does not exist" type="java.io.IOException">java.io.IOException: Unexpected Storage Container Exception: org.apache.hadoop.hdds.scm.container.common.helpers.StorageContainerException: ContainerID 4 does not exist
	at org.apache.hadoop.hdds.scm.storage.BlockOutputStream.setIoException(BlockOutputStream.java:548)
	at org.apache.hadoop.hdds.scm.storage.BlockOutputStream.validateResponse(BlockOutputStream.java:539)
	at org.apache.hadoop.hdds.scm.storage.BlockOutputStream.lambda$writeChunkToContainer$2(BlockOutputStream.java:614)
	at java.util.concurrent.CompletableFuture.uniApply(CompletableFuture.java:602)
	at java.util.concurrent.CompletableFuture$UniApply.tryFire(CompletableFuture.java:577)
	at java.util.concurrent.CompletableFuture$Completion.run(CompletableFuture.java:442)
	at java.util.concurrent.ThreadPoolExecutor.runWorker(ThreadPoolExecutor.java:1149)
	at java.util.concurrent.ThreadPoolExecutor$Worker.run(ThreadPoolExecutor.java:624)
	at java.lang.Thread.run(Thread.java:748)
Caused by: org.apache.hadoop.hdds.scm.container.common.helpers.StorageContainerException: ContainerID 4 does not exist
	at org.apache.hadoop.hdds.scm.storage.ContainerProtocolCalls.validateContainerResponse(ContainerProtocolCalls.java:536)
	at org.apache.hadoop.hdds.scm.storage.BlockOutputStream.validateResponse(BlockOutputStream.java:536)
	... 7 more
</error>
    <system-out><![CDATA[2019-06-17 11:56:13,239 WARN  server.ServerUtils (ServerUtils.java:getScmDbDir(145)) - ozone.scm.db.dirs is not configured. We recommend adding this setting. Falling back to ozone.metadata.dirs instead.
2019-06-17 11:56:13,306 WARN  server.ServerUtils (ServerUtils.java:getScmDbDir(145)) - ozone.scm.db.dirs is not configured. We recommend adding this setting. Falling back to ozone.metadata.dirs instead.
2019-06-17 11:56:13,309 WARN  server.ServerUtils (ServerUtils.java:getScmDbDir(145)) - ozone.scm.db.dirs is not configured. We recommend adding this setting. Falling back to ozone.metadata.dirs instead.
2019-06-17 11:56:13,323 INFO  util.log (Log.java:initialized(192)) - Logging initialized @689ms
2019-06-17 11:56:13,404 INFO  db.DBStoreBuilder (DBStoreBuilder.java:addTable(110)) - using custom profile for table: deletedBlocks
2019-06-17 11:56:13,404 INFO  db.DBStoreBuilder (DBStoreBuilder.java:processTables(161)) - Using default column profile:DBProfile.DISK for Table:deletedBlocks
2019-06-17 11:56:13,405 INFO  db.DBStoreBuilder (DBStoreBuilder.java:addTable(110)) - using custom profile for table: validCerts
2019-06-17 11:56:13,405 INFO  db.DBStoreBuilder (DBStoreBuilder.java:processTables(161)) - Using default column profile:DBProfile.DISK for Table:validCerts
2019-06-17 11:56:13,405 INFO  db.DBStoreBuilder (DBStoreBuilder.java:addTable(110)) - using custom profile for table: revokedCerts
2019-06-17 11:56:13,405 INFO  db.DBStoreBuilder (DBStoreBuilder.java:processTables(161)) - Using default column profile:DBProfile.DISK for Table:revokedCerts
2019-06-17 11:56:13,415 INFO  db.DBStoreBuilder (DBStoreBuilder.java:addTable(110)) - using custom profile for table: default
2019-06-17 11:56:13,415 INFO  db.DBStoreBuilder (DBStoreBuilder.java:processTables(167)) - Using default column profile:DBProfile.DISK for Table:default
2019-06-17 11:56:13,416 INFO  db.DBStoreBuilder (DBStoreBuilder.java:getDbProfile(198)) - Using default options. DBProfile.DISK
2019-06-17 11:56:13,466 INFO  net.NodeSchemaLoader (NodeSchemaLoader.java:loadSchemaFromFile(125)) - Loading file from sun.misc.CompoundEnumeration@1a04f701
2019-06-17 11:56:13,468 INFO  net.NodeSchemaLoader (NodeSchemaLoader.java:loadSchema(171)) - Loading network topology layer schema file
2019-06-17 11:56:13,517 INFO  node.SCMNodeManager (SCMNodeManager.java:<init>(119)) - Entering startup safe mode.
2019-06-17 11:56:13,586 WARN  server.ServerUtils (ServerUtils.java:getScmDbDir(145)) - ozone.scm.db.dirs is not configured. We recommend adding this setting. Falling back to ozone.metadata.dirs instead.
2019-06-17 11:56:13,605 INFO  pipeline.SCMPipelineManager (SCMPipelineManager.java:initializePipelineState(126)) - No pipeline exists in current db
2019-06-17 11:56:13,607 WARN  server.ServerUtils (ServerUtils.java:getScmDbDir(145)) - ozone.scm.db.dirs is not configured. We recommend adding this setting. Falling back to ozone.metadata.dirs instead.
2019-06-17 11:56:13,655 WARN  events.EventQueue (EventQueue.java:fireEvent(175)) - No event handler registered for event TypedEvent{payloadType=SafeModeStatus, name='SafeModeStatus'}
2019-06-17 11:56:13,932 INFO  ipc.CallQueueManager (CallQueueManager.java:<init>(84)) - Using callQueue: class java.util.concurrent.LinkedBlockingQueue, queueCapacity: 2000, scheduler: class org.apache.hadoop.ipc.DefaultRpcScheduler, ipcBackoff: false.
2019-06-17 11:56:13,952 INFO  ipc.Server (Server.java:run(1074)) - Starting Socket Reader #1 for port 36465
2019-06-17 11:56:13,973 INFO  ipc.CallQueueManager (CallQueueManager.java:<init>(84)) - Using callQueue: class java.util.concurrent.LinkedBlockingQueue, queueCapacity: 2000, scheduler: class org.apache.hadoop.ipc.DefaultRpcScheduler, ipcBackoff: false.
2019-06-17 11:56:13,973 INFO  ipc.Server (Server.java:run(1074)) - Starting Socket Reader #1 for port 45221
2019-06-17 11:56:13,978 INFO  ipc.CallQueueManager (CallQueueManager.java:<init>(84)) - Using callQueue: class java.util.concurrent.LinkedBlockingQueue, queueCapacity: 2000, scheduler: class org.apache.hadoop.ipc.DefaultRpcScheduler, ipcBackoff: false.
2019-06-17 11:56:13,979 INFO  ipc.Server (Server.java:run(1074)) - Starting Socket Reader #1 for port 44223
2019-06-17 11:56:13,995 INFO  hdfs.DFSUtil (DFSUtil.java:httpServerTemplateForNNAndJN(1641)) - Starting Web-server for scm at: http://0.0.0.0:0
2019-06-17 11:56:14,153 INFO  server.AuthenticationFilter (AuthenticationFilter.java:constructSecretProvider(240)) - Unable to initialize FileSignerSecretProvider, falling back to use random secrets.
2019-06-17 11:56:14,165 WARN  http.HttpRequestLog (HttpRequestLog.java:getRequestLog(97)) - Jetty request log can only be enabled using Log4j
2019-06-17 11:56:14,171 INFO  http.HttpServer2 (HttpServer2.java:addGlobalFilter(975)) - Added global filter 'safety' (class=org.apache.hadoop.http.HttpServer2$QuotingInputFilter)
2019-06-17 11:56:14,173 INFO  http.HttpServer2 (HttpServer2.java:addFilter(948)) - Added filter static_user_filter (class=org.apache.hadoop.http.lib.StaticUserWebFilter$StaticUserFilter) to context scm
2019-06-17 11:56:14,173 INFO  http.HttpServer2 (HttpServer2.java:addFilter(958)) - Added filter static_user_filter (class=org.apache.hadoop.http.lib.StaticUserWebFilter$StaticUserFilter) to context logs
2019-06-17 11:56:14,173 INFO  http.HttpServer2 (HttpServer2.java:addFilter(958)) - Added filter static_user_filter (class=org.apache.hadoop.http.lib.StaticUserWebFilter$StaticUserFilter) to context static
2019-06-17 11:56:14,191 INFO  server.StorageContainerManager (StorageContainerManager.java:start(753)) - StorageContainerLocationProtocol RPC server is listening at /0.0.0.0:44223
2019-06-17 11:56:14,230 WARN  impl.MetricsConfig (MetricsConfig.java:loadFirst(134)) - Cannot locate configuration: tried hadoop-metrics2-storagecontainermanager.properties,hadoop-metrics2.properties
2019-06-17 11:56:14,240 INFO  impl.MetricsSystemImpl (MetricsSystemImpl.java:startTimer(374)) - Scheduled Metric snapshot period at 10 second(s).
2019-06-17 11:56:14,240 INFO  impl.MetricsSystemImpl (MetricsSystemImpl.java:start(191)) - StorageContainerManager metrics system started
2019-06-17 11:56:14,404 INFO  server.SCMClientProtocolServer (SCMClientProtocolServer.java:start(149)) - RPC server for Client  is listening at /0.0.0.0:44223
2019-06-17 11:56:14,404 INFO  ipc.Server (Server.java:run(1314)) - IPC Server Responder: starting
2019-06-17 11:56:14,404 INFO  ipc.Server (Server.java:run(1153)) - IPC Server listener on 44223: starting
2019-06-17 11:56:14,406 INFO  server.StorageContainerManager (StorageContainerManager.java:start(762)) - ScmBlockLocationProtocol RPC server is listening at /0.0.0.0:45221
2019-06-17 11:56:14,406 INFO  server.SCMBlockProtocolServer (SCMBlockProtocolServer.java:start(137)) - RPC server for Block Protocol is listening at /0.0.0.0:45221
2019-06-17 11:56:14,406 INFO  ipc.Server (Server.java:run(1314)) - IPC Server Responder: starting
2019-06-17 11:56:14,407 INFO  ipc.Server (Server.java:run(1153)) - IPC Server listener on 45221: starting
2019-06-17 11:56:14,409 INFO  server.StorageContainerManager (StorageContainerManager.java:start(766)) - ScmDatanodeProtocl RPC server is listening at /0.0.0.0:36465
2019-06-17 11:56:14,409 INFO  server.SCMDatanodeProtocolServer (SCMDatanodeProtocolServer.java:start(191)) - RPC server for DataNodes is listening at /0.0.0.0:36465
2019-06-17 11:56:14,409 INFO  ipc.Server (Server.java:run(1314)) - IPC Server Responder: starting
2019-06-17 11:56:14,409 INFO  ipc.Server (Server.java:run(1153)) - IPC Server listener on 36465: starting
2019-06-17 11:56:14,412 INFO  http.HttpServer2 (HttpServer2.java:bindListener(1191)) - Jetty bound to port 39791
2019-06-17 11:56:14,413 INFO  server.Server (Server.java:doStart(351)) - jetty-9.3.24.v20180605, build timestamp: 2018-06-05T17:11:56Z, git hash: 84205aa28f11a4f31f2a3b86d1bba2cc8ab69827
2019-06-17 11:56:14,441 INFO  handler.ContextHandler (ContextHandler.java:doStart(781)) - Started o.e.j.s.ServletContextHandler@46b61c56{/logs,file:///opt/src/hadoop-ozone/tools/target/log,AVAILABLE}
2019-06-17 11:56:14,441 INFO  handler.ContextHandler (ContextHandler.java:doStart(781)) - Started o.e.j.s.ServletContextHandler@1efe439d{/static,file:///opt/src/hadoop-hdds/server-scm/target/classes/webapps/static/,AVAILABLE}
2019-06-17 11:56:14,466 INFO  handler.ContextHandler (ContextHandler.java:doStart(781)) - Started o.e.j.w.WebAppContext@1d8062d2{/,file:///opt/src/hadoop-hdds/server-scm/target/classes/webapps/scm/,AVAILABLE}{/scm}
2019-06-17 11:56:14,471 INFO  server.AbstractConnector (AbstractConnector.java:doStart(278)) - Started ServerConnector@6111ba37{HTTP/1.1,[http/1.1]}{0.0.0.0:39791}
2019-06-17 11:56:14,471 INFO  server.Server (Server.java:doStart(419)) - Started @1837ms
2019-06-17 11:56:14,472 INFO  server.BaseHttpServer (BaseHttpServer.java:updateConnectorAddress(207)) - HTTP server of SCM is listening at http://0.0.0.0:39791
2019-06-17 11:56:14,480 INFO  util.JvmPauseMonitor (JvmPauseMonitor.java:run(188)) - Starting JVM pause monitor
2019-06-17 11:56:14,482 WARN  scm.ScmUtils (ScmUtils.java:getDBPath(63)) - ozone.om.db.dirs is not configured. We recommend adding this setting. Falling back to ozone.metadata.dirs instead.
2019-06-17 11:56:14,553 WARN  scm.ScmUtils (ScmUtils.java:getDBPath(63)) - ozone.om.db.dirs is not configured. We recommend adding this setting. Falling back to ozone.metadata.dirs instead.
2019-06-17 11:56:14,554 INFO  om.OzoneManager (OzoneManager.java:setOMNodeDetails(532)) - OM Service ID is not set. Setting it to the default ID: omServiceIdDefault
2019-06-17 11:56:14,554 INFO  om.OzoneManager (OzoneManager.java:setOMNodeDetails(538)) - OM Node ID is not set. Setting it to the OmStorage's OmID: b2968a63-6b34-47cb-a6c9-bd6ae94c9f83
2019-06-17 11:56:14,555 WARN  scm.HddsServerUtil (HddsServerUtil.java:getDefaultRatisDirectory(354)) - Storage directory for Ratis is not configured. It is a good idea to map this to an SSD disk. Falling back to ozone.metadata.dirs
2019-06-17 11:56:14,555 WARN  scm.HddsServerUtil (HddsServerUtil.java:getDefaultRatisDirectory(354)) - Storage directory for Ratis is not configured. It is a good idea to map this to an SSD disk. Falling back to ozone.metadata.dirs
2019-06-17 11:56:14,556 INFO  om.OzoneManager (OzoneManager.java:loadOMHAConfigs(489)) - Found matching OM address with OMServiceId: null, OMNodeId: null, RPC Address: localhost:0 and Ratis port: 9872
2019-06-17 11:56:14,719 WARN  scm.ScmUtils (ScmUtils.java:getDBPath(63)) - ozone.om.db.dirs is not configured. We recommend adding this setting. Falling back to ozone.metadata.dirs instead.
2019-06-17 11:56:14,724 INFO  db.DBStoreBuilder (DBStoreBuilder.java:addTable(110)) - using custom profile for table: userTable
2019-06-17 11:56:14,724 INFO  db.DBStoreBuilder (DBStoreBuilder.java:processTables(161)) - Using default column profile:DBProfile.DISK for Table:userTable
2019-06-17 11:56:14,724 INFO  db.DBStoreBuilder (DBStoreBuilder.java:addTable(110)) - using custom profile for table: volumeTable
2019-06-17 11:56:14,724 INFO  db.DBStoreBuilder (DBStoreBuilder.java:processTables(161)) - Using default column profile:DBProfile.DISK for Table:volumeTable
2019-06-17 11:56:14,724 INFO  db.DBStoreBuilder (DBStoreBuilder.java:addTable(110)) - using custom profile for table: bucketTable
2019-06-17 11:56:14,725 INFO  db.DBStoreBuilder (DBStoreBuilder.java:processTables(161)) - Using default column profile:DBProfile.DISK for Table:bucketTable
2019-06-17 11:56:14,725 INFO  db.DBStoreBuilder (DBStoreBuilder.java:addTable(110)) - using custom profile for table: keyTable
2019-06-17 11:56:14,725 INFO  db.DBStoreBuilder (DBStoreBuilder.java:processTables(161)) - Using default column profile:DBProfile.DISK for Table:keyTable
2019-06-17 11:56:14,725 INFO  db.DBStoreBuilder (DBStoreBuilder.java:addTable(110)) - using custom profile for table: deletedTable
2019-06-17 11:56:14,726 INFO  db.DBStoreBuilder (DBStoreBuilder.java:processTables(161)) - Using default column profile:DBProfile.DISK for Table:deletedTable
2019-06-17 11:56:14,726 INFO  db.DBStoreBuilder (DBStoreBuilder.java:addTable(110)) - using custom profile for table: openKeyTable
2019-06-17 11:56:14,726 INFO  db.DBStoreBuilder (DBStoreBuilder.java:processTables(161)) - Using default column profile:DBProfile.DISK for Table:openKeyTable
2019-06-17 11:56:14,726 INFO  db.DBStoreBuilder (DBStoreBuilder.java:addTable(110)) - using custom profile for table: s3Table
2019-06-17 11:56:14,726 INFO  db.DBStoreBuilder (DBStoreBuilder.java:processTables(161)) - Using default column profile:DBProfile.DISK for Table:s3Table
2019-06-17 11:56:14,727 INFO  db.DBStoreBuilder (DBStoreBuilder.java:addTable(110)) - using custom profile for table: multipartInfoTable
2019-06-17 11:56:14,727 INFO  db.DBStoreBuilder (DBStoreBuilder.java:processTables(161)) - Using default column profile:DBProfile.DISK for Table:multipartInfoTable
2019-06-17 11:56:14,727 INFO  db.DBStoreBuilder (DBStoreBuilder.java:addTable(110)) - using custom profile for table: dTokenTable
2019-06-17 11:56:14,727 INFO  db.DBStoreBuilder (DBStoreBuilder.java:processTables(161)) - Using default column profile:DBProfile.DISK for Table:dTokenTable
2019-06-17 11:56:14,727 INFO  db.DBStoreBuilder (DBStoreBuilder.java:addTable(110)) - using custom profile for table: s3SecretTable
2019-06-17 11:56:14,728 INFO  db.DBStoreBuilder (DBStoreBuilder.java:processTables(161)) - Using default column profile:DBProfile.DISK for Table:s3SecretTable
2019-06-17 11:56:14,728 INFO  db.DBStoreBuilder (DBStoreBuilder.java:addTable(110)) - using custom profile for table: prefixTable
2019-06-17 11:56:14,728 INFO  db.DBStoreBuilder (DBStoreBuilder.java:processTables(161)) - Using default column profile:DBProfile.DISK for Table:prefixTable
2019-06-17 11:56:14,728 INFO  db.DBStoreBuilder (DBStoreBuilder.java:addTable(110)) - using custom profile for table: default
2019-06-17 11:56:14,729 INFO  db.DBStoreBuilder (DBStoreBuilder.java:processTables(167)) - Using default column profile:DBProfile.DISK for Table:default
2019-06-17 11:56:14,729 INFO  db.DBStoreBuilder (DBStoreBuilder.java:getDbProfile(198)) - Using default options. DBProfile.DISK
2019-06-17 11:56:15,219 INFO  ipc.CallQueueManager (CallQueueManager.java:<init>(84)) - Using callQueue: class java.util.concurrent.LinkedBlockingQueue, queueCapacity: 2000, scheduler: class org.apache.hadoop.ipc.DefaultRpcScheduler, ipcBackoff: false.
2019-06-17 11:56:15,219 INFO  ipc.Server (Server.java:run(1074)) - Starting Socket Reader #1 for port 39189
2019-06-17 11:56:15,242 WARN  scm.ScmUtils (ScmUtils.java:getDBPath(63)) - ozone.om.db.dirs is not configured. We recommend adding this setting. Falling back to ozone.metadata.dirs instead.
2019-06-17 11:56:15,243 INFO  om.OzoneManager (OzoneManager.java:start(1230)) - OzoneManager RPC server is listening at localhost/127.0.0.1:39189
2019-06-17 11:56:15,243 INFO  impl.MetricsSystemImpl (MetricsSystemImpl.java:init(158)) - OzoneManager metrics system started (again)
2019-06-17 11:56:15,246 INFO  ipc.Server (Server.java:run(1314)) - IPC Server Responder: starting
2019-06-17 11:56:15,246 INFO  ipc.Server (Server.java:run(1153)) - IPC Server listener on 39189: starting
2019-06-17 11:56:15,273 INFO  hdfs.DFSUtil (DFSUtil.java:httpServerTemplateForNNAndJN(1641)) - Starting Web-server for ozoneManager at: http://0.0.0.0:0
2019-06-17 11:56:15,275 INFO  server.AuthenticationFilter (AuthenticationFilter.java:constructSecretProvider(240)) - Unable to initialize FileSignerSecretProvider, falling back to use random secrets.
2019-06-17 11:56:15,282 WARN  http.HttpRequestLog (HttpRequestLog.java:getRequestLog(97)) - Jetty request log can only be enabled using Log4j
2019-06-17 11:56:15,283 INFO  http.HttpServer2 (HttpServer2.java:addGlobalFilter(975)) - Added global filter 'safety' (class=org.apache.hadoop.http.HttpServer2$QuotingInputFilter)
2019-06-17 11:56:15,284 INFO  http.HttpServer2 (HttpServer2.java:addFilter(948)) - Added filter static_user_filter (class=org.apache.hadoop.http.lib.StaticUserWebFilter$StaticUserFilter) to context ozoneManager
2019-06-17 11:56:15,284 INFO  http.HttpServer2 (HttpServer2.java:addFilter(958)) - Added filter static_user_filter (class=org.apache.hadoop.http.lib.StaticUserWebFilter$StaticUserFilter) to context static
2019-06-17 11:56:15,284 INFO  http.HttpServer2 (HttpServer2.java:addFilter(958)) - Added filter static_user_filter (class=org.apache.hadoop.http.lib.StaticUserWebFilter$StaticUserFilter) to context logs
2019-06-17 11:56:15,286 INFO  http.HttpServer2 (HttpServer2.java:bindListener(1191)) - Jetty bound to port 36511
2019-06-17 11:56:15,286 INFO  server.Server (Server.java:doStart(351)) - jetty-9.3.24.v20180605, build timestamp: 2018-06-05T17:11:56Z, git hash: 84205aa28f11a4f31f2a3b86d1bba2cc8ab69827
2019-06-17 11:56:15,293 INFO  handler.ContextHandler (ContextHandler.java:doStart(781)) - Started o.e.j.s.ServletContextHandler@58cd06cb{/logs,file:///opt/src/hadoop-ozone/tools/target/log,AVAILABLE}
2019-06-17 11:56:15,294 INFO  handler.ContextHandler (ContextHandler.java:doStart(781)) - Started o.e.j.s.ServletContextHandler@64b31700{/static,file:///opt/src/hadoop-ozone/ozone-manager/target/classes/webapps/static/,AVAILABLE}
2019-06-17 11:56:15,298 INFO  handler.ContextHandler (ContextHandler.java:doStart(781)) - Started o.e.j.w.WebAppContext@492fc69e{/,file:///opt/src/hadoop-ozone/ozone-manager/target/classes/webapps/ozoneManager/,AVAILABLE}{/ozoneManager}
2019-06-17 11:56:15,298 INFO  server.AbstractConnector (AbstractConnector.java:doStart(278)) - Started ServerConnector@117632cf{HTTP/1.1,[http/1.1]}{0.0.0.0:36511}
2019-06-17 11:56:15,298 INFO  server.Server (Server.java:doStart(419)) - Started @2665ms
2019-06-17 11:56:15,302 INFO  server.BaseHttpServer (BaseHttpServer.java:updateConnectorAddress(207)) - HTTP server of OZONEMANAGER is listening at http://0.0.0.0:36511
2019-06-17 11:56:15,421 INFO  impl.MetricsSystemImpl (MetricsSystemImpl.java:init(158)) - HddsDatanode metrics system started (again)
2019-06-17 11:56:15,567 INFO  ozone.HddsDatanodeService (HddsDatanodeService.java:start(185)) - HddsDatanodeService host:ozone-unit-076618677d3jd4dp-3349163179 ip:192.168.134.80
2019-06-17 11:56:15,589 INFO  volume.HddsVolume (HddsVolume.java:<init>(176)) - Creating Volume: /opt/src/hadoop-ozone/tools/target/test-dir/MiniOzoneClusterImpl-dea3f24d-83b7-4d2d-afe5-4f36cb043d21/datanode-0/data/containers/hdds of  storage type : DISK and capacity : 104021790720
2019-06-17 11:56:15,591 INFO  volume.VolumeSet (VolumeSet.java:initializeVolumeSet(170)) - Added Volume : /opt/src/hadoop-ozone/tools/target/test-dir/MiniOzoneClusterImpl-dea3f24d-83b7-4d2d-afe5-4f36cb043d21/datanode-0/data/containers/hdds to VolumeSet
2019-06-17 11:56:15,593 INFO  volume.ThrottledAsyncChecker (ThrottledAsyncChecker.java:schedule(140)) - Scheduling a check for org.apache.hadoop.ozone.container.common.volume.HddsVolume@6999cd39
2019-06-17 11:56:15,607 INFO  volume.HddsVolumeChecker (HddsVolumeChecker.java:checkAllVolumes(203)) - Scheduled health check for volume org.apache.hadoop.ozone.container.common.volume.HddsVolume@6999cd39
2019-06-17 11:56:15,643 INFO  ratis.XceiverServerRatis (XceiverServerRatis.java:newXceiverServerRatis(401)) - Found a free port for the server : 42901
2019-06-17 11:56:15,692 INFO  impl.RaftServerProxy (ConfUtils.java:logGet(43)) - raft.rpc.type = GRPC (default)
2019-06-17 11:56:15,700 INFO  grpc.GrpcConfigKeys$Server (ConfUtils.java:logGet(43)) - raft.grpc.server.port = 42901 (custom)
2019-06-17 11:56:15,700 INFO  server.GrpcService (ConfUtils.java:logGet(43)) - raft.grpc.message.size.max = 33570816 (custom)
2019-06-17 11:56:15,701 INFO  server.RaftServerConfigKeys (ConfUtils.java:logGet(43)) - raft.server.log.appender.buffer.byte-limit = 33554432 (custom)
2019-06-17 11:56:15,702 INFO  server.GrpcService (ConfUtils.java:logGet(43)) - raft.grpc.flow.control.window = 1MB (=1048576) (default)
2019-06-17 11:56:15,703 INFO  server.RaftServerConfigKeys (ConfUtils.java:logGet(43)) - raft.server.rpc.request.timeout = 3000ms (default)
2019-06-17 11:56:15,818 INFO  server.RaftServerConfigKeys (ConfUtils.java:logGet(43)) - raft.server.storage.dir = [/opt/src/hadoop-ozone/tools/target/test-dir/MiniOzoneClusterImpl-dea3f24d-83b7-4d2d-afe5-4f36cb043d21/datanode-0/data/ratis] (custom)
2019-06-17 11:56:15,823 INFO  server.XceiverServerGrpc (XceiverServerGrpc.java:<init>(97)) - Found a free port for the server : 46655
2019-06-17 11:56:15,847 INFO  replication.SimpleContainerDownloader (SimpleContainerDownloader.java:<init>(72)) - Starting container downloader service to copy containers to replicate.
2019-06-17 11:56:15,859 INFO  hdfs.DFSUtil (DFSUtil.java:httpServerTemplateForNNAndJN(1641)) - Starting Web-server for hddsDatanode at: http://0.0.0.0:0
2019-06-17 11:56:15,860 INFO  server.AuthenticationFilter (AuthenticationFilter.java:constructSecretProvider(240)) - Unable to initialize FileSignerSecretProvider, falling back to use random secrets.
2019-06-17 11:56:15,861 WARN  http.HttpRequestLog (HttpRequestLog.java:getRequestLog(97)) - Jetty request log can only be enabled using Log4j
2019-06-17 11:56:15,863 INFO  http.HttpServer2 (HttpServer2.java:addGlobalFilter(975)) - Added global filter 'safety' (class=org.apache.hadoop.http.HttpServer2$QuotingInputFilter)
2019-06-17 11:56:15,864 INFO  http.HttpServer2 (HttpServer2.java:addFilter(948)) - Added filter static_user_filter (class=org.apache.hadoop.http.lib.StaticUserWebFilter$StaticUserFilter) to context hddsDatanode
2019-06-17 11:56:15,864 INFO  http.HttpServer2 (HttpServer2.java:addFilter(958)) - Added filter static_user_filter (class=org.apache.hadoop.http.lib.StaticUserWebFilter$StaticUserFilter) to context logs
2019-06-17 11:56:15,865 INFO  http.HttpServer2 (HttpServer2.java:addFilter(958)) - Added filter static_user_filter (class=org.apache.hadoop.http.lib.StaticUserWebFilter$StaticUserFilter) to context static
2019-06-17 11:56:15,865 INFO  http.HttpServer2 (HttpServer2.java:bindListener(1191)) - Jetty bound to port 45719
2019-06-17 11:56:15,866 INFO  server.Server (Server.java:doStart(351)) - jetty-9.3.24.v20180605, build timestamp: 2018-06-05T17:11:56Z, git hash: 84205aa28f11a4f31f2a3b86d1bba2cc8ab69827
2019-06-17 11:56:15,867 INFO  handler.ContextHandler (ContextHandler.java:doStart(781)) - Started o.e.j.s.ServletContextHandler@540a903b{/logs,file:///opt/src/hadoop-ozone/tools/target/log,AVAILABLE}
2019-06-17 11:56:15,868 INFO  handler.ContextHandler (ContextHandler.java:doStart(781)) - Started o.e.j.s.ServletContextHandler@151db587{/static,file:///opt/src/hadoop-hdds/container-service/target/classes/webapps/static,AVAILABLE}
2019-06-17 11:56:15,872 INFO  handler.ContextHandler (ContextHandler.java:doStart(781)) - Started o.e.j.w.WebAppContext@56d93692{/,file:///opt/src/hadoop-hdds/container-service/target/classes/webapps/hddsDatanode/,AVAILABLE}{/hddsDatanode}
2019-06-17 11:56:15,872 INFO  server.AbstractConnector (AbstractConnector.java:doStart(278)) - Started ServerConnector@1686f0b4{HTTP/1.1,[http/1.1]}{0.0.0.0:45719}
2019-06-17 11:56:15,872 INFO  server.Server (Server.java:doStart(419)) - Started @3239ms
2019-06-17 11:56:15,873 INFO  server.BaseHttpServer (BaseHttpServer.java:updateConnectorAddress(207)) - HTTP server of HDDSDATANODE is listening at http://0.0.0.0:45719
2019-06-17 11:56:16,638 INFO  ozone.HddsDatanodeService (HddsDatanodeService.java:startPlugins(396)) - Started plug-in org.apache.hadoop.ozone.web.OzoneHddsDatanodeService@2b38b1f
2019-06-17 11:56:16,639 INFO  impl.MetricsSystemImpl (MetricsSystemImpl.java:init(158)) - HddsDatanode metrics system started (again)
2019-06-17 11:56:16,639 INFO  ozone.HddsDatanodeService (HddsDatanodeService.java:start(185)) - HddsDatanodeService host:ozone-unit-076618677d3jd4dp-3349163179 ip:192.168.134.80
2019-06-17 11:56:16,647 INFO  util.JvmPauseMonitor (JvmPauseMonitor.java:run(188)) - Starting JVM pause monitor
2019-06-17 11:56:16,651 INFO  volume.HddsVolume (HddsVolume.java:<init>(176)) - Creating Volume: /opt/src/hadoop-ozone/tools/target/test-dir/MiniOzoneClusterImpl-dea3f24d-83b7-4d2d-afe5-4f36cb043d21/datanode-1/data/containers/hdds of  storage type : DISK and capacity : 104021790720
2019-06-17 11:56:16,651 INFO  volume.VolumeSet (VolumeSet.java:initializeVolumeSet(170)) - Added Volume : /opt/src/hadoop-ozone/tools/target/test-dir/MiniOzoneClusterImpl-dea3f24d-83b7-4d2d-afe5-4f36cb043d21/datanode-1/data/containers/hdds to VolumeSet
2019-06-17 11:56:16,651 INFO  volume.ThrottledAsyncChecker (ThrottledAsyncChecker.java:schedule(140)) - Scheduling a check for org.apache.hadoop.ozone.container.common.volume.HddsVolume@30839e44
2019-06-17 11:56:16,655 INFO  volume.HddsVolumeChecker (HddsVolumeChecker.java:checkAllVolumes(203)) - Scheduled health check for volume org.apache.hadoop.ozone.container.common.volume.HddsVolume@30839e44
2019-06-17 11:56:16,670 INFO  ratis.XceiverServerRatis (XceiverServerRatis.java:newXceiverServerRatis(401)) - Found a free port for the server : 43995
2019-06-17 11:56:16,671 INFO  impl.RaftServerProxy (ConfUtils.java:logGet(43)) - raft.rpc.type = GRPC (default)
2019-06-17 11:56:16,671 INFO  grpc.GrpcConfigKeys$Server (ConfUtils.java:logGet(43)) - raft.grpc.server.port = 43995 (custom)
2019-06-17 11:56:16,671 INFO  server.GrpcService (ConfUtils.java:logGet(43)) - raft.grpc.message.size.max = 33570816 (custom)
2019-06-17 11:56:16,672 INFO  server.RaftServerConfigKeys (ConfUtils.java:logGet(43)) - raft.server.log.appender.buffer.byte-limit = 33554432 (custom)
2019-06-17 11:56:16,672 INFO  server.GrpcService (ConfUtils.java:logGet(43)) - raft.grpc.flow.control.window = 1MB (=1048576) (default)
2019-06-17 11:56:16,672 INFO  server.RaftServerConfigKeys (ConfUtils.java:logGet(43)) - raft.server.rpc.request.timeout = 3000ms (default)
2019-06-17 11:56:16,672 INFO  server.RaftServerConfigKeys (ConfUtils.java:logGet(43)) - raft.server.storage.dir = [/opt/src/hadoop-ozone/tools/target/test-dir/MiniOzoneClusterImpl-dea3f24d-83b7-4d2d-afe5-4f36cb043d21/datanode-1/data/ratis] (custom)
2019-06-17 11:56:16,673 INFO  server.XceiverServerGrpc (XceiverServerGrpc.java:<init>(97)) - Found a free port for the server : 33297
2019-06-17 11:56:16,673 INFO  replication.SimpleContainerDownloader (SimpleContainerDownloader.java:<init>(72)) - Starting container downloader service to copy containers to replicate.
2019-06-17 11:56:16,675 INFO  hdfs.DFSUtil (DFSUtil.java:httpServerTemplateForNNAndJN(1641)) - Starting Web-server for hddsDatanode at: http://0.0.0.0:0
2019-06-17 11:56:16,676 INFO  server.AuthenticationFilter (AuthenticationFilter.java:constructSecretProvider(240)) - Unable to initialize FileSignerSecretProvider, falling back to use random secrets.
2019-06-17 11:56:16,677 WARN  http.HttpRequestLog (HttpRequestLog.java:getRequestLog(97)) - Jetty request log can only be enabled using Log4j
2019-06-17 11:56:16,678 INFO  http.HttpServer2 (HttpServer2.java:addGlobalFilter(975)) - Added global filter 'safety' (class=org.apache.hadoop.http.HttpServer2$QuotingInputFilter)
2019-06-17 11:56:16,679 INFO  http.HttpServer2 (HttpServer2.java:addFilter(948)) - Added filter static_user_filter (class=org.apache.hadoop.http.lib.StaticUserWebFilter$StaticUserFilter) to context hddsDatanode
2019-06-17 11:56:16,679 INFO  http.HttpServer2 (HttpServer2.java:addFilter(958)) - Added filter static_user_filter (class=org.apache.hadoop.http.lib.StaticUserWebFilter$StaticUserFilter) to context static
2019-06-17 11:56:16,679 INFO  http.HttpServer2 (HttpServer2.java:addFilter(958)) - Added filter static_user_filter (class=org.apache.hadoop.http.lib.StaticUserWebFilter$StaticUserFilter) to context logs
2019-06-17 11:56:16,680 INFO  http.HttpServer2 (HttpServer2.java:bindListener(1191)) - Jetty bound to port 36645
2019-06-17 11:56:16,680 INFO  server.Server (Server.java:doStart(351)) - jetty-9.3.24.v20180605, build timestamp: 2018-06-05T17:11:56Z, git hash: 84205aa28f11a4f31f2a3b86d1bba2cc8ab69827
2019-06-17 11:56:16,693 INFO  handler.ContextHandler (ContextHandler.java:doStart(781)) - Started o.e.j.s.ServletContextHandler@591a4f8e{/logs,file:///opt/src/hadoop-ozone/tools/target/log,AVAILABLE}
2019-06-17 11:56:16,694 INFO  handler.ContextHandler (ContextHandler.java:doStart(781)) - Started o.e.j.s.ServletContextHandler@6ba060f3{/static,file:///opt/src/hadoop-hdds/container-service/target/classes/webapps/static,AVAILABLE}
2019-06-17 11:56:16,702 INFO  handler.ContextHandler (ContextHandler.java:doStart(781)) - Started o.e.j.w.WebAppContext@40230eb9{/,file:///opt/src/hadoop-hdds/container-service/target/classes/webapps/hddsDatanode/,AVAILABLE}{/hddsDatanode}
2019-06-17 11:56:16,703 INFO  server.AbstractConnector (AbstractConnector.java:doStart(278)) - Started ServerConnector@5b7aa898{HTTP/1.1,[http/1.1]}{0.0.0.0:36645}
2019-06-17 11:56:16,703 INFO  server.Server (Server.java:doStart(419)) - Started @4070ms
2019-06-17 11:56:16,704 INFO  server.BaseHttpServer (BaseHttpServer.java:updateConnectorAddress(207)) - HTTP server of HDDSDATANODE is listening at http://0.0.0.0:36645
2019-06-17 11:56:16,736 INFO  datanode.InitDatanodeState (InitDatanodeState.java:persistContainerDatanodeDetails(140)) - DatanodeDetails is persisted to /opt/src/hadoop-ozone/tools/target/test-dir/MiniOzoneClusterImpl-dea3f24d-83b7-4d2d-afe5-4f36cb043d21/datanode-0/meta/datanode.id
2019-06-17 11:56:16,829 INFO  ozone.HddsDatanodeService (HddsDatanodeService.java:startPlugins(396)) - Started plug-in org.apache.hadoop.ozone.web.OzoneHddsDatanodeService@66de00f2
2019-06-17 11:56:16,829 INFO  impl.MetricsSystemImpl (MetricsSystemImpl.java:init(158)) - HddsDatanode metrics system started (again)
2019-06-17 11:56:16,830 INFO  ozone.HddsDatanodeService (HddsDatanodeService.java:start(185)) - HddsDatanodeService host:ozone-unit-076618677d3jd4dp-3349163179 ip:192.168.134.80
2019-06-17 11:56:16,836 INFO  util.JvmPauseMonitor (JvmPauseMonitor.java:run(188)) - Starting JVM pause monitor
2019-06-17 11:56:16,845 INFO  volume.HddsVolume (HddsVolume.java:<init>(176)) - Creating Volume: /opt/src/hadoop-ozone/tools/target/test-dir/MiniOzoneClusterImpl-dea3f24d-83b7-4d2d-afe5-4f36cb043d21/datanode-2/data/containers/hdds of  storage type : DISK and capacity : 104021790720
2019-06-17 11:56:16,846 INFO  volume.VolumeSet (VolumeSet.java:initializeVolumeSet(170)) - Added Volume : /opt/src/hadoop-ozone/tools/target/test-dir/MiniOzoneClusterImpl-dea3f24d-83b7-4d2d-afe5-4f36cb043d21/datanode-2/data/containers/hdds to VolumeSet
2019-06-17 11:56:16,846 INFO  volume.ThrottledAsyncChecker (ThrottledAsyncChecker.java:schedule(140)) - Scheduling a check for org.apache.hadoop.ozone.container.common.volume.HddsVolume@670f2466
2019-06-17 11:56:16,847 INFO  volume.HddsVolumeChecker (HddsVolumeChecker.java:checkAllVolumes(203)) - Scheduled health check for volume org.apache.hadoop.ozone.container.common.volume.HddsVolume@670f2466
2019-06-17 11:56:16,849 INFO  datanode.InitDatanodeState (InitDatanodeState.java:persistContainerDatanodeDetails(140)) - DatanodeDetails is persisted to /opt/src/hadoop-ozone/tools/target/test-dir/MiniOzoneClusterImpl-dea3f24d-83b7-4d2d-afe5-4f36cb043d21/datanode-1/meta/datanode.id
2019-06-17 11:56:16,858 INFO  ratis.XceiverServerRatis (XceiverServerRatis.java:newXceiverServerRatis(401)) - Found a free port for the server : 42405
2019-06-17 11:56:16,859 INFO  impl.RaftServerProxy (ConfUtils.java:logGet(43)) - raft.rpc.type = GRPC (default)
2019-06-17 11:56:16,859 INFO  grpc.GrpcConfigKeys$Server (ConfUtils.java:logGet(43)) - raft.grpc.server.port = 42405 (custom)
2019-06-17 11:56:16,859 INFO  server.GrpcService (ConfUtils.java:logGet(43)) - raft.grpc.message.size.max = 33570816 (custom)
2019-06-17 11:56:16,860 INFO  server.RaftServerConfigKeys (ConfUtils.java:logGet(43)) - raft.server.log.appender.buffer.byte-limit = 33554432 (custom)
2019-06-17 11:56:16,860 INFO  server.GrpcService (ConfUtils.java:logGet(43)) - raft.grpc.flow.control.window = 1MB (=1048576) (default)
2019-06-17 11:56:16,860 INFO  server.RaftServerConfigKeys (ConfUtils.java:logGet(43)) - raft.server.rpc.request.timeout = 3000ms (default)
2019-06-17 11:56:16,860 INFO  server.RaftServerConfigKeys (ConfUtils.java:logGet(43)) - raft.server.storage.dir = [/opt/src/hadoop-ozone/tools/target/test-dir/MiniOzoneClusterImpl-dea3f24d-83b7-4d2d-afe5-4f36cb043d21/datanode-2/data/ratis] (custom)
2019-06-17 11:56:16,861 INFO  server.XceiverServerGrpc (XceiverServerGrpc.java:<init>(97)) - Found a free port for the server : 38877
2019-06-17 11:56:16,861 INFO  replication.SimpleContainerDownloader (SimpleContainerDownloader.java:<init>(72)) - Starting container downloader service to copy containers to replicate.
2019-06-17 11:56:16,862 INFO  hdfs.DFSUtil (DFSUtil.java:httpServerTemplateForNNAndJN(1641)) - Starting Web-server for hddsDatanode at: http://0.0.0.0:0
2019-06-17 11:56:16,863 INFO  server.AuthenticationFilter (AuthenticationFilter.java:constructSecretProvider(240)) - Unable to initialize FileSignerSecretProvider, falling back to use random secrets.
2019-06-17 11:56:16,863 WARN  http.HttpRequestLog (HttpRequestLog.java:getRequestLog(97)) - Jetty request log can only be enabled using Log4j
2019-06-17 11:56:16,865 INFO  http.HttpServer2 (HttpServer2.java:addGlobalFilter(975)) - Added global filter 'safety' (class=org.apache.hadoop.http.HttpServer2$QuotingInputFilter)
2019-06-17 11:56:16,866 INFO  http.HttpServer2 (HttpServer2.java:addFilter(948)) - Added filter static_user_filter (class=org.apache.hadoop.http.lib.StaticUserWebFilter$StaticUserFilter) to context hddsDatanode
2019-06-17 11:56:16,866 INFO  http.HttpServer2 (HttpServer2.java:addFilter(958)) - Added filter static_user_filter (class=org.apache.hadoop.http.lib.StaticUserWebFilter$StaticUserFilter) to context logs
2019-06-17 11:56:16,866 INFO  http.HttpServer2 (HttpServer2.java:addFilter(958)) - Added filter static_user_filter (class=org.apache.hadoop.http.lib.StaticUserWebFilter$StaticUserFilter) to context static
2019-06-17 11:56:16,867 INFO  http.HttpServer2 (HttpServer2.java:bindListener(1191)) - Jetty bound to port 34009
2019-06-17 11:56:16,867 INFO  server.Server (Server.java:doStart(351)) - jetty-9.3.24.v20180605, build timestamp: 2018-06-05T17:11:56Z, git hash: 84205aa28f11a4f31f2a3b86d1bba2cc8ab69827
2019-06-17 11:56:16,871 INFO  handler.ContextHandler (ContextHandler.java:doStart(781)) - Started o.e.j.s.ServletContextHandler@3a2e9f5b{/logs,file:///opt/src/hadoop-ozone/tools/target/log,AVAILABLE}
2019-06-17 11:56:16,872 INFO  handler.ContextHandler (ContextHandler.java:doStart(781)) - Started o.e.j.s.ServletContextHandler@10c47c79{/static,file:///opt/src/hadoop-hdds/container-service/target/classes/webapps/static,AVAILABLE}
2019-06-17 11:56:16,876 INFO  handler.ContextHandler (ContextHandler.java:doStart(781)) - Started o.e.j.w.WebAppContext@6d0be7ab{/,file:///opt/src/hadoop-hdds/container-service/target/classes/webapps/hddsDatanode/,AVAILABLE}{/hddsDatanode}
2019-06-17 11:56:16,876 INFO  server.AbstractConnector (AbstractConnector.java:doStart(278)) - Started ServerConnector@1d4fb213{HTTP/1.1,[http/1.1]}{0.0.0.0:34009}
2019-06-17 11:56:16,877 INFO  server.Server (Server.java:doStart(419)) - Started @4243ms
2019-06-17 11:56:16,878 INFO  server.BaseHttpServer (BaseHttpServer.java:updateConnectorAddress(207)) - HTTP server of HDDSDATANODE is listening at http://0.0.0.0:34009
2019-06-17 11:56:17,005 INFO  ozone.HddsDatanodeService (HddsDatanodeService.java:startPlugins(396)) - Started plug-in org.apache.hadoop.ozone.web.OzoneHddsDatanodeService@23da79eb
2019-06-17 11:56:17,007 INFO  ozone.MiniOzoneClusterImpl (MiniOzoneClusterImpl.java:lambda$waitForClusterToBeReady$0(142)) - Waiting for cluster to be ready. Got 0 of 3 DN Heartbeats.
2019-06-17 11:56:17,008 INFO  util.JvmPauseMonitor (JvmPauseMonitor.java:run(188)) - Starting JVM pause monitor
2019-06-17 11:56:17,010 INFO  datanode.InitDatanodeState (InitDatanodeState.java:persistContainerDatanodeDetails(140)) - DatanodeDetails is persisted to /opt/src/hadoop-ozone/tools/target/test-dir/MiniOzoneClusterImpl-dea3f24d-83b7-4d2d-afe5-4f36cb043d21/datanode-2/meta/datanode.id
2019-06-17 11:56:18,007 INFO  ozone.MiniOzoneClusterImpl (MiniOzoneClusterImpl.java:lambda$waitForClusterToBeReady$0(142)) - Waiting for cluster to be ready. Got 0 of 3 DN Heartbeats.
2019-06-17 11:56:18,668 INFO  ozoneimpl.OzoneContainer (OzoneContainer.java:start(186)) - Attempting to start container services.
2019-06-17 11:56:18,669 INFO  ozoneimpl.OzoneContainer (OzoneContainer.java:startContainerScrub(160)) - Background container scrubber has been disabled by hdds.containerscrub.enabled
2019-06-17 11:56:18,669 INFO  ratis.XceiverServerRatis (XceiverServerRatis.java:start(418)) - Starting XceiverServerRatis 1aba34a0-80cb-4a0f-be19-4b974831cf12 at port 42901
2019-06-17 11:56:18,683 INFO  impl.RaftServerProxy (RaftServerProxy.java:lambda$start$3(299)) - 1aba34a0-80cb-4a0f-be19-4b974831cf12: start RPC server
2019-06-17 11:56:18,805 INFO  server.GrpcService (GrpcService.java:startImpl(148)) - 1aba34a0-80cb-4a0f-be19-4b974831cf12: GrpcService started, listening on 0.0.0.0/0.0.0.0:42901
2019-06-17 11:56:18,840 INFO  ozoneimpl.OzoneContainer (OzoneContainer.java:start(186)) - Attempting to start container services.
2019-06-17 11:56:18,840 INFO  ozoneimpl.OzoneContainer (OzoneContainer.java:startContainerScrub(160)) - Background container scrubber has been disabled by hdds.containerscrub.enabled
2019-06-17 11:56:18,840 INFO  ratis.XceiverServerRatis (XceiverServerRatis.java:start(418)) - Starting XceiverServerRatis 1b9c3f53-581e-4e17-8897-4ebbf3327c8c at port 43995
2019-06-17 11:56:18,862 INFO  impl.RaftServerProxy (RaftServerProxy.java:lambda$start$3(299)) - 1b9c3f53-581e-4e17-8897-4ebbf3327c8c: start RPC server
2019-06-17 11:56:18,865 INFO  server.GrpcService (GrpcService.java:startImpl(148)) - 1b9c3f53-581e-4e17-8897-4ebbf3327c8c: GrpcService started, listening on 0.0.0.0/0.0.0.0:43995
2019-06-17 11:56:19,008 INFO  ozone.MiniOzoneClusterImpl (MiniOzoneClusterImpl.java:lambda$waitForClusterToBeReady$0(142)) - Waiting for cluster to be ready. Got 0 of 3 DN Heartbeats.
2019-06-17 11:56:19,013 INFO  ozoneimpl.OzoneContainer (OzoneContainer.java:start(186)) - Attempting to start container services.
2019-06-17 11:56:19,014 INFO  ozoneimpl.OzoneContainer (OzoneContainer.java:startContainerScrub(160)) - Background container scrubber has been disabled by hdds.containerscrub.enabled
2019-06-17 11:56:19,014 INFO  ratis.XceiverServerRatis (XceiverServerRatis.java:start(418)) - Starting XceiverServerRatis 85213c7d-4745-48e8-b6b0-9b3b3fc25627 at port 42405
2019-06-17 11:56:19,020 INFO  impl.RaftServerProxy (RaftServerProxy.java:lambda$start$3(299)) - 85213c7d-4745-48e8-b6b0-9b3b3fc25627: start RPC server
2019-06-17 11:56:19,023 INFO  server.GrpcService (GrpcService.java:startImpl(148)) - 85213c7d-4745-48e8-b6b0-9b3b3fc25627: GrpcService started, listening on 0.0.0.0/0.0.0.0:42405
2019-06-17 11:56:20,008 INFO  ozone.MiniOzoneClusterImpl (MiniOzoneClusterImpl.java:lambda$waitForClusterToBeReady$0(142)) - Waiting for cluster to be ready. Got 0 of 3 DN Heartbeats.
2019-06-17 11:56:20,665 INFO  net.NetworkTopology (NetworkTopologyImpl.java:add(109)) - Added a new node: /default-rack/192.168.134.80
2019-06-17 11:56:20,666 INFO  node.SCMNodeManager (SCMNodeManager.java:register(269)) - Registered Data node : 1aba34a0-80cb-4a0f-be19-4b974831cf12{ip: 192.168.134.80, host: ozone-unit-076618677d3jd4dp-3349163179, networkLocation: /default-rack, certSerialId: null}
2019-06-17 11:56:20,670 INFO  safemode.SCMSafeModeManager (DataNodeSafeModeRule.java:process(71)) - SCM in safe mode. 1 DataNodes registered, 1 required.
2019-06-17 11:56:20,670 INFO  safemode.SCMSafeModeManager (SCMSafeModeManager.java:validateSafeModeExitRules(177)) - ScmSafeModeManager, all rules are successfully validated
2019-06-17 11:56:20,671 INFO  safemode.SCMSafeModeManager (SCMSafeModeManager.java:exitSafeMode(193)) - SCM exiting safe mode.
2019-06-17 11:56:20,838 INFO  node.SCMNodeManager (SCMNodeManager.java:register(269)) - Registered Data node : 1b9c3f53-581e-4e17-8897-4ebbf3327c8c{ip: 192.168.134.80, host: ozone-unit-076618677d3jd4dp-3349163179, networkLocation: /default-rack, certSerialId: null}
2019-06-17 11:56:20,984 INFO  impl.RaftServerProxy (RaftServerProxy.java:addNew(89)) - 1aba34a0-80cb-4a0f-be19-4b974831cf12: addNew group-5FBD4B605D46:[1aba34a0-80cb-4a0f-be19-4b974831cf12:192.168.134.80:42901] returns group-5FBD4B605D46:java.util.concurrent.CompletableFuture@22ead1cb[Not completed]
2019-06-17 11:56:20,989 INFO  impl.RaftServerImpl (RaftServerImpl.java:<init>(91)) - 1aba34a0-80cb-4a0f-be19-4b974831cf12: new RaftServerImpl for group-5FBD4B605D46:[1aba34a0-80cb-4a0f-be19-4b974831cf12:192.168.134.80:42901] with ContainerStateMachine:uninitialized
2019-06-17 11:56:20,991 INFO  server.RaftServerConfigKeys (ConfUtils.java:logGet(43)) - raft.server.rpc.timeout.min = 1s (custom)
2019-06-17 11:56:20,991 INFO  server.RaftServerConfigKeys (ConfUtils.java:logGet(43)) - raft.server.rpc.timeout.max = 1200ms (custom)
2019-06-17 11:56:20,991 INFO  server.RaftServerConfigKeys (ConfUtils.java:logGet(43)) - raft.server.rpcslowness.timeout = 120s (custom)
2019-06-17 11:56:20,992 INFO  server.RaftServerConfigKeys (ConfUtils.java:logGet(43)) - raft.server.log.appender.install.snapshot.enabled = true (default)
2019-06-17 11:56:20,998 INFO  impl.RaftServerImpl (ServerState.java:<init>(101)) - 1aba34a0-80cb-4a0f-be19-4b974831cf12:group-5FBD4B605D46 ConfigurationManager, init=-1: [1aba34a0-80cb-4a0f-be19-4b974831cf12:192.168.134.80:42901], old=null, confs=<EMPTY_MAP>
2019-06-17 11:56:20,999 INFO  server.RaftServerConfigKeys (ConfUtils.java:logGet(43)) - raft.server.storage.dir = [/opt/src/hadoop-ozone/tools/target/test-dir/MiniOzoneClusterImpl-dea3f24d-83b7-4d2d-afe5-4f36cb043d21/datanode-0/data/ratis] (custom)
2019-06-17 11:56:21,005 INFO  storage.RaftStorageDirectory (RaftStorageDirectory.java:analyzeStorage(246)) - The storage directory /opt/src/hadoop-ozone/tools/target/test-dir/MiniOzoneClusterImpl-dea3f24d-83b7-4d2d-afe5-4f36cb043d21/datanode-0/data/ratis/491666bb-632c-42e5-a1a6-5fbd4b605d46 does not exist. Creating ...
2019-06-17 11:56:21,009 INFO  ozone.MiniOzoneClusterImpl (MiniOzoneClusterImpl.java:lambda$waitForClusterToBeReady$0(142)) - Waiting for cluster to be ready. Got 2 of 3 DN Heartbeats.
2019-06-17 11:56:21,011 INFO  storage.RaftStorageDirectory (RaftStorageDirectory.java:tryLock(328)) - Lock on /opt/src/hadoop-ozone/tools/target/test-dir/MiniOzoneClusterImpl-dea3f24d-83b7-4d2d-afe5-4f36cb043d21/datanode-0/data/ratis/491666bb-632c-42e5-a1a6-5fbd4b605d46/in_use.lock acquired by nodename 18143@ozone-unit-076618677d3jd4dp-3349163179
2019-06-17 11:56:21,012 INFO  node.SCMNodeManager (SCMNodeManager.java:register(269)) - Registered Data node : 85213c7d-4745-48e8-b6b0-9b3b3fc25627{ip: 192.168.134.80, host: ozone-unit-076618677d3jd4dp-3349163179, networkLocation: /default-rack, certSerialId: null}
2019-06-17 11:56:21,016 INFO  storage.RaftStorage (RaftStorage.java:format(75)) - Storage directory /opt/src/hadoop-ozone/tools/target/test-dir/MiniOzoneClusterImpl-dea3f24d-83b7-4d2d-afe5-4f36cb043d21/datanode-0/data/ratis/491666bb-632c-42e5-a1a6-5fbd4b605d46 has been successfully formatted.
2019-06-17 11:56:21,018 INFO  ratis.ContainerStateMachine (ContainerStateMachine.java:loadSnapshot(199)) - The snapshot info is null.Setting the last applied index to:(t:0, i:~)
2019-06-17 11:56:21,018 INFO  server.RaftServerConfigKeys (ConfUtils.java:logGet(43)) - raft.server.leader.election.timeout = 120s (custom)
2019-06-17 11:56:21,020 INFO  server.RaftServerConfigKeys (ConfUtils.java:logGet(43)) - raft.server.log.use.memory = false (default)
2019-06-17 11:56:21,021 INFO  server.RaftServerConfigKeys (ConfUtils.java:logGet(43)) - raft.server.log.appender.buffer.byte-limit = 33554432 (custom)
2019-06-17 11:56:21,024 INFO  server.RaftServerConfigKeys (ConfUtils.java:logGet(43)) - raft.server.log.segment.size.max = 16384 (custom)
2019-06-17 11:56:21,028 INFO  server.RaftServerConfigKeys (ConfUtils.java:logGet(43)) - raft.server.log.segment.cache.num.max = 2 (custom)
2019-06-17 11:56:21,031 INFO  storage.RaftLogWorker (RaftLogWorker.java:<init>(123)) - new 1aba34a0-80cb-4a0f-be19-4b974831cf12-RaftLogWorker for Storage Directory /opt/src/hadoop-ozone/tools/target/test-dir/MiniOzoneClusterImpl-dea3f24d-83b7-4d2d-afe5-4f36cb043d21/datanode-0/data/ratis/491666bb-632c-42e5-a1a6-5fbd4b605d46
2019-06-17 11:56:21,031 INFO  server.RaftServerConfigKeys (ConfUtils.java:logGet(43)) - raft.server.log.queue.byte-limit = 2147483647 (custom)
2019-06-17 11:56:21,031 INFO  server.RaftServerConfigKeys (ConfUtils.java:logGet(43)) - raft.server.log.queue.element-limit = 1024 (custom)
2019-06-17 11:56:21,033 INFO  server.RaftServerConfigKeys (ConfUtils.java:logGet(43)) - raft.server.log.segment.size.max = 16384 (custom)
2019-06-17 11:56:21,033 INFO  server.RaftServerConfigKeys (ConfUtils.java:logGet(43)) - raft.server.log.preallocated.size = 16384 (custom)
2019-06-17 11:56:21,033 INFO  server.RaftServerConfigKeys (ConfUtils.java:logGet(43)) - raft.server.log.write.buffer.size = 33554432 (custom)
2019-06-17 11:56:21,034 INFO  server.RaftServerConfigKeys (ConfUtils.java:logGet(43)) - raft.server.log.force.sync.num = 128 (default)
2019-06-17 11:56:21,035 INFO  server.RaftServerConfigKeys (ConfUtils.java:logGet(43)) - raft.server.log.statemachine.data.sync = true (default)
2019-06-17 11:56:21,035 INFO  server.RaftServerConfigKeys (ConfUtils.java:logGet(43)) - raft.server.log.statemachine.data.sync.timeout = 10s (default)
2019-06-17 11:56:21,035 INFO  server.RaftServerConfigKeys (ConfUtils.java:logGet(43)) - raft.server.log.statemachine.data.sync.timeout.retry = -1 (default)
2019-06-17 11:56:21,037 INFO  server.RaftServerConfigKeys (ConfUtils.java:logGet(43)) - raft.server.log.statemachine.data.caching.enabled = true (custom)
2019-06-17 11:56:21,041 INFO  server.RaftServerConfigKeys (ConfUtils.java:logGet(43)) - raft.server.snapshot.auto.trigger.enabled = true (custom)
2019-06-17 11:56:21,042 INFO  server.RaftServerConfigKeys (ConfUtils.java:logGet(43)) - raft.server.snapshot.auto.trigger.threshold = 10000 (custom)
2019-06-17 11:56:21,042 INFO  server.RaftServerConfigKeys (ConfUtils.java:logGet(43)) - raft.server.retrycache.expirytime = 600000ms (custom)
2019-06-17 11:56:21,057 INFO  impl.RaftServerImpl (RaftServerImpl.java:start(173)) - 1aba34a0-80cb-4a0f-be19-4b974831cf12: start group-5FBD4B605D46
2019-06-17 11:56:21,057 INFO  impl.RaftServerImpl (RaftServerImpl.java:setRole(164)) - 1aba34a0-80cb-4a0f-be19-4b974831cf12:group-5FBD4B605D46 changes role from null to FOLLOWER at term 0 for startAsFollower
2019-06-17 11:56:21,058 INFO  impl.RoleInfo (RoleInfo.java:updateAndGet(143)) - 1aba34a0-80cb-4a0f-be19-4b974831cf12: start FollowerState
2019-06-17 11:56:21,060 INFO  util.JmxRegister (JmxRegister.java:tryRegister(44)) - Successfully registered JMX Bean with object name Ratis:service=RaftServer,group=group-5FBD4B605D46,id=1aba34a0-80cb-4a0f-be19-4b974831cf12
2019-06-17 11:56:21,259 INFO  pipeline.PipelineStateManager (PipelineStateManager.java:addPipeline(56)) - Created pipeline Pipeline[ Id: 491666bb-632c-42e5-a1a6-5fbd4b605d46, Nodes: 1aba34a0-80cb-4a0f-be19-4b974831cf12{ip: 192.168.134.80, host: ozone-unit-076618677d3jd4dp-3349163179, networkLocation: /default-rack, certSerialId: null}, Type:RATIS, Factor:ONE, State:OPEN]
2019-06-17 11:56:21,270 INFO  impl.RaftServerProxy (RaftServerProxy.java:addNew(89)) - 1b9c3f53-581e-4e17-8897-4ebbf3327c8c: addNew group-B680477075B8:[1b9c3f53-581e-4e17-8897-4ebbf3327c8c:192.168.134.80:43995] returns group-B680477075B8:java.util.concurrent.CompletableFuture@103eacc2[Not completed]
2019-06-17 11:56:21,290 INFO  impl.RaftServerImpl (RaftServerImpl.java:<init>(91)) - 1b9c3f53-581e-4e17-8897-4ebbf3327c8c: new RaftServerImpl for group-B680477075B8:[1b9c3f53-581e-4e17-8897-4ebbf3327c8c:192.168.134.80:43995] with ContainerStateMachine:uninitialized
2019-06-17 11:56:21,291 INFO  server.RaftServerConfigKeys (ConfUtils.java:logGet(43)) - raft.server.rpc.timeout.min = 1s (custom)
2019-06-17 11:56:21,291 INFO  server.RaftServerConfigKeys (ConfUtils.java:logGet(43)) - raft.server.rpc.timeout.max = 1200ms (custom)
2019-06-17 11:56:21,292 INFO  server.RaftServerConfigKeys (ConfUtils.java:logGet(43)) - raft.server.rpcslowness.timeout = 120s (custom)
2019-06-17 11:56:21,292 INFO  server.RaftServerConfigKeys (ConfUtils.java:logGet(43)) - raft.server.log.appender.install.snapshot.enabled = true (default)
2019-06-17 11:56:21,292 INFO  impl.RaftServerImpl (ServerState.java:<init>(101)) - 1b9c3f53-581e-4e17-8897-4ebbf3327c8c:group-B680477075B8 ConfigurationManager, init=-1: [1b9c3f53-581e-4e17-8897-4ebbf3327c8c:192.168.134.80:43995], old=null, confs=<EMPTY_MAP>
2019-06-17 11:56:21,292 INFO  server.RaftServerConfigKeys (ConfUtils.java:logGet(43)) - raft.server.storage.dir = [/opt/src/hadoop-ozone/tools/target/test-dir/MiniOzoneClusterImpl-dea3f24d-83b7-4d2d-afe5-4f36cb043d21/datanode-1/data/ratis] (custom)
2019-06-17 11:56:21,292 INFO  storage.RaftStorageDirectory (RaftStorageDirectory.java:analyzeStorage(246)) - The storage directory /opt/src/hadoop-ozone/tools/target/test-dir/MiniOzoneClusterImpl-dea3f24d-83b7-4d2d-afe5-4f36cb043d21/datanode-1/data/ratis/1a6d023d-f963-4892-99b7-b680477075b8 does not exist. Creating ...
2019-06-17 11:56:21,295 INFO  storage.RaftStorageDirectory (RaftStorageDirectory.java:tryLock(328)) - Lock on /opt/src/hadoop-ozone/tools/target/test-dir/MiniOzoneClusterImpl-dea3f24d-83b7-4d2d-afe5-4f36cb043d21/datanode-1/data/ratis/1a6d023d-f963-4892-99b7-b680477075b8/in_use.lock acquired by nodename 18143@ozone-unit-076618677d3jd4dp-3349163179
2019-06-17 11:56:21,298 INFO  storage.RaftStorage (RaftStorage.java:format(75)) - Storage directory /opt/src/hadoop-ozone/tools/target/test-dir/MiniOzoneClusterImpl-dea3f24d-83b7-4d2d-afe5-4f36cb043d21/datanode-1/data/ratis/1a6d023d-f963-4892-99b7-b680477075b8 has been successfully formatted.
2019-06-17 11:56:21,298 INFO  ratis.ContainerStateMachine (ContainerStateMachine.java:loadSnapshot(199)) - The snapshot info is null.Setting the last applied index to:(t:0, i:~)
2019-06-17 11:56:21,299 INFO  server.RaftServerConfigKeys (ConfUtils.java:logGet(43)) - raft.server.leader.election.timeout = 120s (custom)
2019-06-17 11:56:21,299 INFO  server.RaftServerConfigKeys (ConfUtils.java:logGet(43)) - raft.server.log.use.memory = false (default)
2019-06-17 11:56:21,299 INFO  server.RaftServerConfigKeys (ConfUtils.java:logGet(43)) - raft.server.log.appender.buffer.byte-limit = 33554432 (custom)
2019-06-17 11:56:21,299 INFO  server.RaftServerConfigKeys (ConfUtils.java:logGet(43)) - raft.server.log.segment.size.max = 16384 (custom)
2019-06-17 11:56:21,299 INFO  server.RaftServerConfigKeys (ConfUtils.java:logGet(43)) - raft.server.log.segment.cache.num.max = 2 (custom)
2019-06-17 11:56:21,300 INFO  storage.RaftLogWorker (RaftLogWorker.java:<init>(123)) - new 1b9c3f53-581e-4e17-8897-4ebbf3327c8c-RaftLogWorker for Storage Directory /opt/src/hadoop-ozone/tools/target/test-dir/MiniOzoneClusterImpl-dea3f24d-83b7-4d2d-afe5-4f36cb043d21/datanode-1/data/ratis/1a6d023d-f963-4892-99b7-b680477075b8
2019-06-17 11:56:21,300 INFO  server.RaftServerConfigKeys (ConfUtils.java:logGet(43)) - raft.server.log.queue.byte-limit = 2147483647 (custom)
2019-06-17 11:56:21,300 INFO  server.RaftServerConfigKeys (ConfUtils.java:logGet(43)) - raft.server.log.queue.element-limit = 1024 (custom)
2019-06-17 11:56:21,300 INFO  server.RaftServerConfigKeys (ConfUtils.java:logGet(43)) - raft.server.log.segment.size.max = 16384 (custom)
2019-06-17 11:56:21,300 INFO  server.RaftServerConfigKeys (ConfUtils.java:logGet(43)) - raft.server.log.preallocated.size = 16384 (custom)
2019-06-17 11:56:21,300 INFO  server.RaftServerConfigKeys (ConfUtils.java:logGet(43)) - raft.server.log.write.buffer.size = 33554432 (custom)
2019-06-17 11:56:21,301 INFO  server.RaftServerConfigKeys (ConfUtils.java:logGet(43)) - raft.server.log.force.sync.num = 128 (default)
2019-06-17 11:56:21,301 INFO  server.RaftServerConfigKeys (ConfUtils.java:logGet(43)) - raft.server.log.statemachine.data.sync = true (default)
2019-06-17 11:56:21,301 INFO  server.RaftServerConfigKeys (ConfUtils.java:logGet(43)) - raft.server.log.statemachine.data.sync.timeout = 10s (default)
2019-06-17 11:56:21,301 INFO  server.RaftServerConfigKeys (ConfUtils.java:logGet(43)) - raft.server.log.statemachine.data.sync.timeout.retry = -1 (default)
2019-06-17 11:56:21,301 INFO  server.RaftServerConfigKeys (ConfUtils.java:logGet(43)) - raft.server.log.statemachine.data.caching.enabled = true (custom)
2019-06-17 11:56:21,301 INFO  server.RaftServerConfigKeys (ConfUtils.java:logGet(43)) - raft.server.snapshot.auto.trigger.enabled = true (custom)
2019-06-17 11:56:21,301 INFO  server.RaftServerConfigKeys (ConfUtils.java:logGet(43)) - raft.server.snapshot.auto.trigger.threshold = 10000 (custom)
2019-06-17 11:56:21,302 INFO  server.RaftServerConfigKeys (ConfUtils.java:logGet(43)) - raft.server.retrycache.expirytime = 600000ms (custom)
2019-06-17 11:56:21,302 INFO  impl.RaftServerImpl (RaftServerImpl.java:start(173)) - 1b9c3f53-581e-4e17-8897-4ebbf3327c8c: start group-B680477075B8
2019-06-17 11:56:21,302 INFO  impl.RaftServerImpl (RaftServerImpl.java:setRole(164)) - 1b9c3f53-581e-4e17-8897-4ebbf3327c8c:group-B680477075B8 changes role from null to FOLLOWER at term 0 for startAsFollower
2019-06-17 11:56:21,302 INFO  impl.RoleInfo (RoleInfo.java:updateAndGet(143)) - 1b9c3f53-581e-4e17-8897-4ebbf3327c8c: start FollowerState
2019-06-17 11:56:21,303 INFO  util.JmxRegister (JmxRegister.java:tryRegister(44)) - Successfully registered JMX Bean with object name Ratis:service=RaftServer,group=group-B680477075B8,id=1b9c3f53-581e-4e17-8897-4ebbf3327c8c
2019-06-17 11:56:21,311 INFO  pipeline.PipelineStateManager (PipelineStateManager.java:addPipeline(56)) - Created pipeline Pipeline[ Id: 1a6d023d-f963-4892-99b7-b680477075b8, Nodes: 1b9c3f53-581e-4e17-8897-4ebbf3327c8c{ip: 192.168.134.80, host: ozone-unit-076618677d3jd4dp-3349163179, networkLocation: /default-rack, certSerialId: null}, Type:RATIS, Factor:ONE, State:OPEN]
2019-06-17 11:56:21,322 INFO  impl.RaftServerProxy (RaftServerProxy.java:addNew(89)) - 85213c7d-4745-48e8-b6b0-9b3b3fc25627: addNew group-B9D9247492E7:[85213c7d-4745-48e8-b6b0-9b3b3fc25627:192.168.134.80:42405] returns group-B9D9247492E7:java.util.concurrent.CompletableFuture@58b61c25[Not completed]
2019-06-17 11:56:21,325 INFO  impl.RaftServerImpl (RaftServerImpl.java:<init>(91)) - 85213c7d-4745-48e8-b6b0-9b3b3fc25627: new RaftServerImpl for group-B9D9247492E7:[85213c7d-4745-48e8-b6b0-9b3b3fc25627:192.168.134.80:42405] with ContainerStateMachine:uninitialized
2019-06-17 11:56:21,326 INFO  server.RaftServerConfigKeys (ConfUtils.java:logGet(43)) - raft.server.rpc.timeout.min = 1s (custom)
2019-06-17 11:56:21,326 INFO  server.RaftServerConfigKeys (ConfUtils.java:logGet(43)) - raft.server.rpc.timeout.max = 1200ms (custom)
2019-06-17 11:56:21,326 INFO  server.RaftServerConfigKeys (ConfUtils.java:logGet(43)) - raft.server.rpcslowness.timeout = 120s (custom)
2019-06-17 11:56:21,326 INFO  server.RaftServerConfigKeys (ConfUtils.java:logGet(43)) - raft.server.log.appender.install.snapshot.enabled = true (default)
2019-06-17 11:56:21,326 INFO  impl.RaftServerImpl (ServerState.java:<init>(101)) - 85213c7d-4745-48e8-b6b0-9b3b3fc25627:group-B9D9247492E7 ConfigurationManager, init=-1: [85213c7d-4745-48e8-b6b0-9b3b3fc25627:192.168.134.80:42405], old=null, confs=<EMPTY_MAP>
2019-06-17 11:56:21,326 INFO  server.RaftServerConfigKeys (ConfUtils.java:logGet(43)) - raft.server.storage.dir = [/opt/src/hadoop-ozone/tools/target/test-dir/MiniOzoneClusterImpl-dea3f24d-83b7-4d2d-afe5-4f36cb043d21/datanode-2/data/ratis] (custom)
2019-06-17 11:56:21,327 INFO  storage.RaftStorageDirectory (RaftStorageDirectory.java:analyzeStorage(246)) - The storage directory /opt/src/hadoop-ozone/tools/target/test-dir/MiniOzoneClusterImpl-dea3f24d-83b7-4d2d-afe5-4f36cb043d21/datanode-2/data/ratis/1429fda1-b01a-44d2-a147-b9d9247492e7 does not exist. Creating ...
2019-06-17 11:56:21,329 INFO  storage.RaftStorageDirectory (RaftStorageDirectory.java:tryLock(328)) - Lock on /opt/src/hadoop-ozone/tools/target/test-dir/MiniOzoneClusterImpl-dea3f24d-83b7-4d2d-afe5-4f36cb043d21/datanode-2/data/ratis/1429fda1-b01a-44d2-a147-b9d9247492e7/in_use.lock acquired by nodename 18143@ozone-unit-076618677d3jd4dp-3349163179
2019-06-17 11:56:21,331 INFO  storage.RaftStorage (RaftStorage.java:format(75)) - Storage directory /opt/src/hadoop-ozone/tools/target/test-dir/MiniOzoneClusterImpl-dea3f24d-83b7-4d2d-afe5-4f36cb043d21/datanode-2/data/ratis/1429fda1-b01a-44d2-a147-b9d9247492e7 has been successfully formatted.
2019-06-17 11:56:21,331 INFO  ratis.ContainerStateMachine (ContainerStateMachine.java:loadSnapshot(199)) - The snapshot info is null.Setting the last applied index to:(t:0, i:~)
2019-06-17 11:56:21,331 INFO  server.RaftServerConfigKeys (ConfUtils.java:logGet(43)) - raft.server.leader.election.timeout = 120s (custom)
2019-06-17 11:56:21,332 INFO  server.RaftServerConfigKeys (ConfUtils.java:logGet(43)) - raft.server.log.use.memory = false (default)
2019-06-17 11:56:21,332 INFO  server.RaftServerConfigKeys (ConfUtils.java:logGet(43)) - raft.server.log.appender.buffer.byte-limit = 33554432 (custom)
2019-06-17 11:56:21,332 INFO  server.RaftServerConfigKeys (ConfUtils.java:logGet(43)) - raft.server.log.segment.size.max = 16384 (custom)
2019-06-17 11:56:21,332 INFO  server.RaftServerConfigKeys (ConfUtils.java:logGet(43)) - raft.server.log.segment.cache.num.max = 2 (custom)
2019-06-17 11:56:21,332 INFO  storage.RaftLogWorker (RaftLogWorker.java:<init>(123)) - new 85213c7d-4745-48e8-b6b0-9b3b3fc25627-RaftLogWorker for Storage Directory /opt/src/hadoop-ozone/tools/target/test-dir/MiniOzoneClusterImpl-dea3f24d-83b7-4d2d-afe5-4f36cb043d21/datanode-2/data/ratis/1429fda1-b01a-44d2-a147-b9d9247492e7
2019-06-17 11:56:21,332 INFO  server.RaftServerConfigKeys (ConfUtils.java:logGet(43)) - raft.server.log.queue.byte-limit = 2147483647 (custom)
2019-06-17 11:56:21,332 INFO  server.RaftServerConfigKeys (ConfUtils.java:logGet(43)) - raft.server.log.queue.element-limit = 1024 (custom)
2019-06-17 11:56:21,332 INFO  server.RaftServerConfigKeys (ConfUtils.java:logGet(43)) - raft.server.log.segment.size.max = 16384 (custom)
2019-06-17 11:56:21,333 INFO  server.RaftServerConfigKeys (ConfUtils.java:logGet(43)) - raft.server.log.preallocated.size = 16384 (custom)
2019-06-17 11:56:21,333 INFO  server.RaftServerConfigKeys (ConfUtils.java:logGet(43)) - raft.server.log.write.buffer.size = 33554432 (custom)
2019-06-17 11:56:21,333 INFO  server.RaftServerConfigKeys (ConfUtils.java:logGet(43)) - raft.server.log.force.sync.num = 128 (default)
2019-06-17 11:56:21,333 INFO  server.RaftServerConfigKeys (ConfUtils.java:logGet(43)) - raft.server.log.statemachine.data.sync = true (default)
2019-06-17 11:56:21,333 INFO  server.RaftServerConfigKeys (ConfUtils.java:logGet(43)) - raft.server.log.statemachine.data.sync.timeout = 10s (default)
2019-06-17 11:56:21,333 INFO  server.RaftServerConfigKeys (ConfUtils.java:logGet(43)) - raft.server.log.statemachine.data.sync.timeout.retry = -1 (default)
2019-06-17 11:56:21,333 INFO  server.RaftServerConfigKeys (ConfUtils.java:logGet(43)) - raft.server.log.statemachine.data.caching.enabled = true (custom)
2019-06-17 11:56:21,334 INFO  server.RaftServerConfigKeys (ConfUtils.java:logGet(43)) - raft.server.snapshot.auto.trigger.enabled = true (custom)
2019-06-17 11:56:21,334 INFO  server.RaftServerConfigKeys (ConfUtils.java:logGet(43)) - raft.server.snapshot.auto.trigger.threshold = 10000 (custom)
2019-06-17 11:56:21,334 INFO  server.RaftServerConfigKeys (ConfUtils.java:logGet(43)) - raft.server.retrycache.expirytime = 600000ms (custom)
2019-06-17 11:56:21,334 INFO  impl.RaftServerImpl (RaftServerImpl.java:start(173)) - 85213c7d-4745-48e8-b6b0-9b3b3fc25627: start group-B9D9247492E7
2019-06-17 11:56:21,335 INFO  impl.RaftServerImpl (RaftServerImpl.java:setRole(164)) - 85213c7d-4745-48e8-b6b0-9b3b3fc25627:group-B9D9247492E7 changes role from null to FOLLOWER at term 0 for startAsFollower
2019-06-17 11:56:21,335 INFO  impl.RoleInfo (RoleInfo.java:updateAndGet(143)) - 85213c7d-4745-48e8-b6b0-9b3b3fc25627: start FollowerState
2019-06-17 11:56:21,335 INFO  util.JmxRegister (JmxRegister.java:tryRegister(44)) - Successfully registered JMX Bean with object name Ratis:service=RaftServer,group=group-B9D9247492E7,id=85213c7d-4745-48e8-b6b0-9b3b3fc25627
2019-06-17 11:56:21,342 INFO  pipeline.PipelineStateManager (PipelineStateManager.java:addPipeline(56)) - Created pipeline Pipeline[ Id: 1429fda1-b01a-44d2-a147-b9d9247492e7, Nodes: 85213c7d-4745-48e8-b6b0-9b3b3fc25627{ip: 192.168.134.80, host: ozone-unit-076618677d3jd4dp-3349163179, networkLocation: /default-rack, certSerialId: null}, Type:RATIS, Factor:ONE, State:OPEN]
2019-06-17 11:56:21,369 INFO  impl.RaftServerProxy (RaftServerProxy.java:addNew(89)) - 1aba34a0-80cb-4a0f-be19-4b974831cf12: addNew group-32E6E2F7DE9B:[85213c7d-4745-48e8-b6b0-9b3b3fc25627:192.168.134.80:42405, 1aba34a0-80cb-4a0f-be19-4b974831cf12:192.168.134.80:42901, 1b9c3f53-581e-4e17-8897-4ebbf3327c8c:192.168.134.80:43995] returns group-32E6E2F7DE9B:java.util.concurrent.CompletableFuture@2fef78b5[Not completed]
2019-06-17 11:56:21,371 INFO  impl.RaftServerImpl (RaftServerImpl.java:<init>(91)) - 1b9c3f53-581e-4e17-8897-4ebbf3327c8c: new RaftServerImpl for group-32E6E2F7DE9B:[85213c7d-4745-48e8-b6b0-9b3b3fc25627:192.168.134.80:42405, 1aba34a0-80cb-4a0f-be19-4b974831cf12:192.168.134.80:42901, 1b9c3f53-581e-4e17-8897-4ebbf3327c8c:192.168.134.80:43995] with ContainerStateMachine:uninitialized
2019-06-17 11:56:21,371 INFO  server.RaftServerConfigKeys (ConfUtils.java:logGet(43)) - raft.server.rpc.timeout.min = 1s (custom)
2019-06-17 11:56:21,371 INFO  server.RaftServerConfigKeys (ConfUtils.java:logGet(43)) - raft.server.rpc.timeout.max = 1200ms (custom)
2019-06-17 11:56:21,371 INFO  server.RaftServerConfigKeys (ConfUtils.java:logGet(43)) - raft.server.rpcslowness.timeout = 120s (custom)
2019-06-17 11:56:21,371 INFO  server.RaftServerConfigKeys (ConfUtils.java:logGet(43)) - raft.server.log.appender.install.snapshot.enabled = true (default)
2019-06-17 11:56:21,371 INFO  impl.RaftServerImpl (ServerState.java:<init>(101)) - 1b9c3f53-581e-4e17-8897-4ebbf3327c8c:group-32E6E2F7DE9B ConfigurationManager, init=-1: [85213c7d-4745-48e8-b6b0-9b3b3fc25627:192.168.134.80:42405, 1aba34a0-80cb-4a0f-be19-4b974831cf12:192.168.134.80:42901, 1b9c3f53-581e-4e17-8897-4ebbf3327c8c:192.168.134.80:43995], old=null, confs=<EMPTY_MAP>
2019-06-17 11:56:21,371 INFO  impl.RaftServerImpl (RaftServerImpl.java:<init>(91)) - 1aba34a0-80cb-4a0f-be19-4b974831cf12: new RaftServerImpl for group-32E6E2F7DE9B:[85213c7d-4745-48e8-b6b0-9b3b3fc25627:192.168.134.80:42405, 1aba34a0-80cb-4a0f-be19-4b974831cf12:192.168.134.80:42901, 1b9c3f53-581e-4e17-8897-4ebbf3327c8c:192.168.134.80:43995] with ContainerStateMachine:uninitialized
2019-06-17 11:56:21,371 INFO  server.RaftServerConfigKeys (ConfUtils.java:logGet(43)) - raft.server.storage.dir = [/opt/src/hadoop-ozone/tools/target/test-dir/MiniOzoneClusterImpl-dea3f24d-83b7-4d2d-afe5-4f36cb043d21/datanode-1/data/ratis] (custom)
2019-06-17 11:56:21,372 INFO  storage.RaftStorageDirectory (RaftStorageDirectory.java:analyzeStorage(246)) - The storage directory /opt/src/hadoop-ozone/tools/target/test-dir/MiniOzoneClusterImpl-dea3f24d-83b7-4d2d-afe5-4f36cb043d21/datanode-1/data/ratis/9eaf36af-abe6-4595-ae2a-32e6e2f7de9b does not exist. Creating ...
2019-06-17 11:56:21,371 INFO  server.RaftServerConfigKeys (ConfUtils.java:logGet(43)) - raft.server.rpc.timeout.min = 1s (custom)
2019-06-17 11:56:21,372 INFO  impl.RaftServerProxy (RaftServerProxy.java:addNew(89)) - 1b9c3f53-581e-4e17-8897-4ebbf3327c8c: addNew group-32E6E2F7DE9B:[85213c7d-4745-48e8-b6b0-9b3b3fc25627:192.168.134.80:42405, 1aba34a0-80cb-4a0f-be19-4b974831cf12:192.168.134.80:42901, 1b9c3f53-581e-4e17-8897-4ebbf3327c8c:192.168.134.80:43995] returns group-32E6E2F7DE9B:java.util.concurrent.CompletableFuture@39541f3d[Not completed]
2019-06-17 11:56:21,372 INFO  server.RaftServerConfigKeys (ConfUtils.java:logGet(43)) - raft.server.rpc.timeout.max = 1200ms (custom)
2019-06-17 11:56:21,373 INFO  server.RaftServerConfigKeys (ConfUtils.java:logGet(43)) - raft.server.rpcslowness.timeout = 120s (custom)
2019-06-17 11:56:21,373 INFO  server.RaftServerConfigKeys (ConfUtils.java:logGet(43)) - raft.server.log.appender.install.snapshot.enabled = true (default)
2019-06-17 11:56:21,373 INFO  impl.RaftServerImpl (ServerState.java:<init>(101)) - 1aba34a0-80cb-4a0f-be19-4b974831cf12:group-32E6E2F7DE9B ConfigurationManager, init=-1: [85213c7d-4745-48e8-b6b0-9b3b3fc25627:192.168.134.80:42405, 1aba34a0-80cb-4a0f-be19-4b974831cf12:192.168.134.80:42901, 1b9c3f53-581e-4e17-8897-4ebbf3327c8c:192.168.134.80:43995], old=null, confs=<EMPTY_MAP>
2019-06-17 11:56:21,373 INFO  impl.RaftServerProxy (RaftServerProxy.java:addNew(89)) - 85213c7d-4745-48e8-b6b0-9b3b3fc25627: addNew group-32E6E2F7DE9B:[85213c7d-4745-48e8-b6b0-9b3b3fc25627:192.168.134.80:42405, 1aba34a0-80cb-4a0f-be19-4b974831cf12:192.168.134.80:42901, 1b9c3f53-581e-4e17-8897-4ebbf3327c8c:192.168.134.80:43995] returns group-32E6E2F7DE9B:java.util.concurrent.CompletableFuture@47d00e59[Not completed]
2019-06-17 11:56:21,373 INFO  server.RaftServerConfigKeys (ConfUtils.java:logGet(43)) - raft.server.storage.dir = [/opt/src/hadoop-ozone/tools/target/test-dir/MiniOzoneClusterImpl-dea3f24d-83b7-4d2d-afe5-4f36cb043d21/datanode-0/data/ratis] (custom)
2019-06-17 11:56:21,375 INFO  storage.RaftStorageDirectory (RaftStorageDirectory.java:analyzeStorage(246)) - The storage directory /opt/src/hadoop-ozone/tools/target/test-dir/MiniOzoneClusterImpl-dea3f24d-83b7-4d2d-afe5-4f36cb043d21/datanode-0/data/ratis/9eaf36af-abe6-4595-ae2a-32e6e2f7de9b does not exist. Creating ...
2019-06-17 11:56:21,375 INFO  impl.RaftServerImpl (RaftServerImpl.java:<init>(91)) - 85213c7d-4745-48e8-b6b0-9b3b3fc25627: new RaftServerImpl for group-32E6E2F7DE9B:[85213c7d-4745-48e8-b6b0-9b3b3fc25627:192.168.134.80:42405, 1aba34a0-80cb-4a0f-be19-4b974831cf12:192.168.134.80:42901, 1b9c3f53-581e-4e17-8897-4ebbf3327c8c:192.168.134.80:43995] with ContainerStateMachine:uninitialized
2019-06-17 11:56:21,375 INFO  server.RaftServerConfigKeys (ConfUtils.java:logGet(43)) - raft.server.rpc.timeout.min = 1s (custom)
2019-06-17 11:56:21,375 INFO  server.RaftServerConfigKeys (ConfUtils.java:logGet(43)) - raft.server.rpc.timeout.max = 1200ms (custom)
2019-06-17 11:56:21,375 INFO  server.RaftServerConfigKeys (ConfUtils.java:logGet(43)) - raft.server.rpcslowness.timeout = 120s (custom)
2019-06-17 11:56:21,375 INFO  server.RaftServerConfigKeys (ConfUtils.java:logGet(43)) - raft.server.log.appender.install.snapshot.enabled = true (default)
2019-06-17 11:56:21,376 INFO  impl.RaftServerImpl (ServerState.java:<init>(101)) - 85213c7d-4745-48e8-b6b0-9b3b3fc25627:group-32E6E2F7DE9B ConfigurationManager, init=-1: [85213c7d-4745-48e8-b6b0-9b3b3fc25627:192.168.134.80:42405, 1aba34a0-80cb-4a0f-be19-4b974831cf12:192.168.134.80:42901, 1b9c3f53-581e-4e17-8897-4ebbf3327c8c:192.168.134.80:43995], old=null, confs=<EMPTY_MAP>
2019-06-17 11:56:21,376 INFO  server.RaftServerConfigKeys (ConfUtils.java:logGet(43)) - raft.server.storage.dir = [/opt/src/hadoop-ozone/tools/target/test-dir/MiniOzoneClusterImpl-dea3f24d-83b7-4d2d-afe5-4f36cb043d21/datanode-2/data/ratis] (custom)
2019-06-17 11:56:21,376 INFO  storage.RaftStorageDirectory (RaftStorageDirectory.java:analyzeStorage(246)) - The storage directory /opt/src/hadoop-ozone/tools/target/test-dir/MiniOzoneClusterImpl-dea3f24d-83b7-4d2d-afe5-4f36cb043d21/datanode-2/data/ratis/9eaf36af-abe6-4595-ae2a-32e6e2f7de9b does not exist. Creating ...
2019-06-17 11:56:21,374 INFO  storage.RaftStorageDirectory (RaftStorageDirectory.java:tryLock(328)) - Lock on /opt/src/hadoop-ozone/tools/target/test-dir/MiniOzoneClusterImpl-dea3f24d-83b7-4d2d-afe5-4f36cb043d21/datanode-1/data/ratis/9eaf36af-abe6-4595-ae2a-32e6e2f7de9b/in_use.lock acquired by nodename 18143@ozone-unit-076618677d3jd4dp-3349163179
2019-06-17 11:56:21,377 INFO  storage.RaftStorageDirectory (RaftStorageDirectory.java:tryLock(328)) - Lock on /opt/src/hadoop-ozone/tools/target/test-dir/MiniOzoneClusterImpl-dea3f24d-83b7-4d2d-afe5-4f36cb043d21/datanode-0/data/ratis/9eaf36af-abe6-4595-ae2a-32e6e2f7de9b/in_use.lock acquired by nodename 18143@ozone-unit-076618677d3jd4dp-3349163179
2019-06-17 11:56:21,379 INFO  storage.RaftStorageDirectory (RaftStorageDirectory.java:tryLock(328)) - Lock on /opt/src/hadoop-ozone/tools/target/test-dir/MiniOzoneClusterImpl-dea3f24d-83b7-4d2d-afe5-4f36cb043d21/datanode-2/data/ratis/9eaf36af-abe6-4595-ae2a-32e6e2f7de9b/in_use.lock acquired by nodename 18143@ozone-unit-076618677d3jd4dp-3349163179
2019-06-17 11:56:21,379 INFO  storage.RaftStorage (RaftStorage.java:format(75)) - Storage directory /opt/src/hadoop-ozone/tools/target/test-dir/MiniOzoneClusterImpl-dea3f24d-83b7-4d2d-afe5-4f36cb043d21/datanode-1/data/ratis/9eaf36af-abe6-4595-ae2a-32e6e2f7de9b has been successfully formatted.
2019-06-17 11:56:21,380 INFO  ratis.ContainerStateMachine (ContainerStateMachine.java:loadSnapshot(199)) - The snapshot info is null.Setting the last applied index to:(t:0, i:~)
2019-06-17 11:56:21,380 INFO  server.RaftServerConfigKeys (ConfUtils.java:logGet(43)) - raft.server.leader.election.timeout = 120s (custom)
2019-06-17 11:56:21,380 INFO  server.RaftServerConfigKeys (ConfUtils.java:logGet(43)) - raft.server.log.use.memory = false (default)
2019-06-17 11:56:21,380 INFO  server.RaftServerConfigKeys (ConfUtils.java:logGet(43)) - raft.server.log.appender.buffer.byte-limit = 33554432 (custom)
2019-06-17 11:56:21,380 INFO  storage.RaftStorage (RaftStorage.java:format(75)) - Storage directory /opt/src/hadoop-ozone/tools/target/test-dir/MiniOzoneClusterImpl-dea3f24d-83b7-4d2d-afe5-4f36cb043d21/datanode-0/data/ratis/9eaf36af-abe6-4595-ae2a-32e6e2f7de9b has been successfully formatted.
2019-06-17 11:56:21,380 INFO  ratis.ContainerStateMachine (ContainerStateMachine.java:loadSnapshot(199)) - The snapshot info is null.Setting the last applied index to:(t:0, i:~)
2019-06-17 11:56:21,380 INFO  server.RaftServerConfigKeys (ConfUtils.java:logGet(43)) - raft.server.leader.election.timeout = 120s (custom)
2019-06-17 11:56:21,381 INFO  server.RaftServerConfigKeys (ConfUtils.java:logGet(43)) - raft.server.log.use.memory = false (default)
2019-06-17 11:56:21,381 INFO  server.RaftServerConfigKeys (ConfUtils.java:logGet(43)) - raft.server.log.appender.buffer.byte-limit = 33554432 (custom)
2019-06-17 11:56:21,381 INFO  server.RaftServerConfigKeys (ConfUtils.java:logGet(43)) - raft.server.log.segment.size.max = 16384 (custom)
2019-06-17 11:56:21,381 INFO  server.RaftServerConfigKeys (ConfUtils.java:logGet(43)) - raft.server.log.segment.cache.num.max = 2 (custom)
2019-06-17 11:56:21,381 INFO  storage.RaftLogWorker (RaftLogWorker.java:<init>(123)) - new 1aba34a0-80cb-4a0f-be19-4b974831cf12-RaftLogWorker for Storage Directory /opt/src/hadoop-ozone/tools/target/test-dir/MiniOzoneClusterImpl-dea3f24d-83b7-4d2d-afe5-4f36cb043d21/datanode-0/data/ratis/9eaf36af-abe6-4595-ae2a-32e6e2f7de9b
2019-06-17 11:56:21,381 INFO  server.RaftServerConfigKeys (ConfUtils.java:logGet(43)) - raft.server.log.queue.byte-limit = 2147483647 (custom)
2019-06-17 11:56:21,381 INFO  server.RaftServerConfigKeys (ConfUtils.java:logGet(43)) - raft.server.log.queue.element-limit = 1024 (custom)
2019-06-17 11:56:21,381 INFO  server.RaftServerConfigKeys (ConfUtils.java:logGet(43)) - raft.server.log.segment.size.max = 16384 (custom)
2019-06-17 11:56:21,381 INFO  server.RaftServerConfigKeys (ConfUtils.java:logGet(43)) - raft.server.log.preallocated.size = 16384 (custom)
2019-06-17 11:56:21,381 INFO  server.RaftServerConfigKeys (ConfUtils.java:logGet(43)) - raft.server.log.write.buffer.size = 33554432 (custom)
2019-06-17 11:56:21,381 INFO  server.RaftServerConfigKeys (ConfUtils.java:logGet(43)) - raft.server.log.force.sync.num = 128 (default)
2019-06-17 11:56:21,381 INFO  server.RaftServerConfigKeys (ConfUtils.java:logGet(43)) - raft.server.log.statemachine.data.sync = true (default)
2019-06-17 11:56:21,382 INFO  server.RaftServerConfigKeys (ConfUtils.java:logGet(43)) - raft.server.log.statemachine.data.sync.timeout = 10s (default)
2019-06-17 11:56:21,382 INFO  server.RaftServerConfigKeys (ConfUtils.java:logGet(43)) - raft.server.log.statemachine.data.sync.timeout.retry = -1 (default)
2019-06-17 11:56:21,380 INFO  server.RaftServerConfigKeys (ConfUtils.java:logGet(43)) - raft.server.log.segment.size.max = 16384 (custom)
2019-06-17 11:56:21,382 INFO  server.RaftServerConfigKeys (ConfUtils.java:logGet(43)) - raft.server.log.statemachine.data.caching.enabled = true (custom)
2019-06-17 11:56:21,382 INFO  storage.RaftStorage (RaftStorage.java:format(75)) - Storage directory /opt/src/hadoop-ozone/tools/target/test-dir/MiniOzoneClusterImpl-dea3f24d-83b7-4d2d-afe5-4f36cb043d21/datanode-2/data/ratis/9eaf36af-abe6-4595-ae2a-32e6e2f7de9b has been successfully formatted.
2019-06-17 11:56:21,382 INFO  server.RaftServerConfigKeys (ConfUtils.java:logGet(43)) - raft.server.log.segment.cache.num.max = 2 (custom)
2019-06-17 11:56:21,383 INFO  server.RaftServerConfigKeys (ConfUtils.java:logGet(43)) - raft.server.snapshot.auto.trigger.enabled = true (custom)
2019-06-17 11:56:21,383 INFO  ratis.ContainerStateMachine (ContainerStateMachine.java:loadSnapshot(199)) - The snapshot info is null.Setting the last applied index to:(t:0, i:~)
2019-06-17 11:56:21,383 INFO  server.RaftServerConfigKeys (ConfUtils.java:logGet(43)) - raft.server.leader.election.timeout = 120s (custom)
2019-06-17 11:56:21,383 INFO  server.RaftServerConfigKeys (ConfUtils.java:logGet(43)) - raft.server.log.use.memory = false (default)
2019-06-17 11:56:21,383 INFO  server.RaftServerConfigKeys (ConfUtils.java:logGet(43)) - raft.server.log.appender.buffer.byte-limit = 33554432 (custom)
2019-06-17 11:56:21,383 INFO  server.RaftServerConfigKeys (ConfUtils.java:logGet(43)) - raft.server.log.segment.size.max = 16384 (custom)
2019-06-17 11:56:21,384 INFO  server.RaftServerConfigKeys (ConfUtils.java:logGet(43)) - raft.server.log.segment.cache.num.max = 2 (custom)
2019-06-17 11:56:21,384 INFO  storage.RaftLogWorker (RaftLogWorker.java:<init>(123)) - new 85213c7d-4745-48e8-b6b0-9b3b3fc25627-RaftLogWorker for Storage Directory /opt/src/hadoop-ozone/tools/target/test-dir/MiniOzoneClusterImpl-dea3f24d-83b7-4d2d-afe5-4f36cb043d21/datanode-2/data/ratis/9eaf36af-abe6-4595-ae2a-32e6e2f7de9b
2019-06-17 11:56:21,384 INFO  server.RaftServerConfigKeys (ConfUtils.java:logGet(43)) - raft.server.log.queue.byte-limit = 2147483647 (custom)
2019-06-17 11:56:21,383 INFO  server.RaftServerConfigKeys (ConfUtils.java:logGet(43)) - raft.server.snapshot.auto.trigger.threshold = 10000 (custom)
2019-06-17 11:56:21,383 INFO  storage.RaftLogWorker (RaftLogWorker.java:<init>(123)) - new 1b9c3f53-581e-4e17-8897-4ebbf3327c8c-RaftLogWorker for Storage Directory /opt/src/hadoop-ozone/tools/target/test-dir/MiniOzoneClusterImpl-dea3f24d-83b7-4d2d-afe5-4f36cb043d21/datanode-1/data/ratis/9eaf36af-abe6-4595-ae2a-32e6e2f7de9b
2019-06-17 11:56:21,384 INFO  server.RaftServerConfigKeys (ConfUtils.java:logGet(43)) - raft.server.log.queue.element-limit = 1024 (custom)
2019-06-17 11:56:21,384 INFO  server.RaftServerConfigKeys (ConfUtils.java:logGet(43)) - raft.server.log.queue.byte-limit = 2147483647 (custom)
2019-06-17 11:56:21,384 INFO  server.RaftServerConfigKeys (ConfUtils.java:logGet(43)) - raft.server.log.segment.size.max = 16384 (custom)
2019-06-17 11:56:21,385 INFO  server.RaftServerConfigKeys (ConfUtils.java:logGet(43)) - raft.server.retrycache.expirytime = 600000ms (custom)
2019-06-17 11:56:21,385 INFO  server.RaftServerConfigKeys (ConfUtils.java:logGet(43)) - raft.server.log.queue.element-limit = 1024 (custom)
2019-06-17 11:56:21,385 INFO  server.RaftServerConfigKeys (ConfUtils.java:logGet(43)) - raft.server.log.preallocated.size = 16384 (custom)
2019-06-17 11:56:21,385 INFO  server.RaftServerConfigKeys (ConfUtils.java:logGet(43)) - raft.server.log.segment.size.max = 16384 (custom)
2019-06-17 11:56:21,385 INFO  server.RaftServerConfigKeys (ConfUtils.java:logGet(43)) - raft.server.log.write.buffer.size = 33554432 (custom)
2019-06-17 11:56:21,385 INFO  server.RaftServerConfigKeys (ConfUtils.java:logGet(43)) - raft.server.log.preallocated.size = 16384 (custom)
2019-06-17 11:56:21,385 INFO  server.RaftServerConfigKeys (ConfUtils.java:logGet(43)) - raft.server.log.force.sync.num = 128 (default)
2019-06-17 11:56:21,386 INFO  impl.RaftServerImpl (RaftServerImpl.java:start(173)) - 1aba34a0-80cb-4a0f-be19-4b974831cf12: start group-32E6E2F7DE9B
2019-06-17 11:56:21,386 INFO  server.RaftServerConfigKeys (ConfUtils.java:logGet(43)) - raft.server.log.write.buffer.size = 33554432 (custom)
2019-06-17 11:56:21,386 INFO  server.RaftServerConfigKeys (ConfUtils.java:logGet(43)) - raft.server.log.statemachine.data.sync = true (default)
2019-06-17 11:56:21,386 INFO  impl.RaftServerImpl (RaftServerImpl.java:setRole(164)) - 1aba34a0-80cb-4a0f-be19-4b974831cf12:group-32E6E2F7DE9B changes role from null to FOLLOWER at term 0 for startAsFollower
2019-06-17 11:56:21,386 INFO  server.RaftServerConfigKeys (ConfUtils.java:logGet(43)) - raft.server.log.force.sync.num = 128 (default)
2019-06-17 11:56:21,386 INFO  server.RaftServerConfigKeys (ConfUtils.java:logGet(43)) - raft.server.log.statemachine.data.sync.timeout = 10s (default)
2019-06-17 11:56:21,386 INFO  impl.RoleInfo (RoleInfo.java:updateAndGet(143)) - 1aba34a0-80cb-4a0f-be19-4b974831cf12: start FollowerState
2019-06-17 11:56:21,386 INFO  server.RaftServerConfigKeys (ConfUtils.java:logGet(43)) - raft.server.log.statemachine.data.sync = true (default)
2019-06-17 11:56:21,386 INFO  server.RaftServerConfigKeys (ConfUtils.java:logGet(43)) - raft.server.log.statemachine.data.sync.timeout.retry = -1 (default)
2019-06-17 11:56:21,387 INFO  util.JmxRegister (JmxRegister.java:tryRegister(44)) - Successfully registered JMX Bean with object name Ratis:service=RaftServer,group=group-32E6E2F7DE9B,id=1aba34a0-80cb-4a0f-be19-4b974831cf12
2019-06-17 11:56:21,387 INFO  server.RaftServerConfigKeys (ConfUtils.java:logGet(43)) - raft.server.log.statemachine.data.sync.timeout = 10s (default)
2019-06-17 11:56:21,387 INFO  server.RaftServerConfigKeys (ConfUtils.java:logGet(43)) - raft.server.log.statemachine.data.sync.timeout.retry = -1 (default)
2019-06-17 11:56:21,387 INFO  server.RaftServerConfigKeys (ConfUtils.java:logGet(43)) - raft.server.log.statemachine.data.caching.enabled = true (custom)
2019-06-17 11:56:21,387 INFO  server.RaftServerConfigKeys (ConfUtils.java:logGet(43)) - raft.server.log.statemachine.data.caching.enabled = true (custom)
2019-06-17 11:56:21,389 INFO  server.RaftServerConfigKeys (ConfUtils.java:logGet(43)) - raft.server.snapshot.auto.trigger.enabled = true (custom)
2019-06-17 11:56:21,389 INFO  server.RaftServerConfigKeys (ConfUtils.java:logGet(43)) - raft.server.snapshot.auto.trigger.threshold = 10000 (custom)
2019-06-17 11:56:21,389 INFO  server.RaftServerConfigKeys (ConfUtils.java:logGet(43)) - raft.server.retrycache.expirytime = 600000ms (custom)
2019-06-17 11:56:21,390 INFO  server.RaftServerConfigKeys (ConfUtils.java:logGet(43)) - raft.server.snapshot.auto.trigger.enabled = true (custom)
2019-06-17 11:56:21,390 INFO  impl.RaftServerImpl (RaftServerImpl.java:start(173)) - 1b9c3f53-581e-4e17-8897-4ebbf3327c8c: start group-32E6E2F7DE9B
2019-06-17 11:56:21,393 INFO  server.RaftServerConfigKeys (ConfUtils.java:logGet(43)) - raft.server.snapshot.auto.trigger.threshold = 10000 (custom)
2019-06-17 11:56:21,393 INFO  server.RaftServerConfigKeys (ConfUtils.java:logGet(43)) - raft.server.retrycache.expirytime = 600000ms (custom)
2019-06-17 11:56:21,393 INFO  impl.RaftServerImpl (RaftServerImpl.java:start(173)) - 85213c7d-4745-48e8-b6b0-9b3b3fc25627: start group-32E6E2F7DE9B
2019-06-17 11:56:21,394 INFO  impl.RaftServerImpl (RaftServerImpl.java:setRole(164)) - 85213c7d-4745-48e8-b6b0-9b3b3fc25627:group-32E6E2F7DE9B changes role from null to FOLLOWER at term 0 for startAsFollower
2019-06-17 11:56:21,394 INFO  impl.RoleInfo (RoleInfo.java:updateAndGet(143)) - 85213c7d-4745-48e8-b6b0-9b3b3fc25627: start FollowerState
2019-06-17 11:56:21,393 INFO  impl.RaftServerImpl (RaftServerImpl.java:setRole(164)) - 1b9c3f53-581e-4e17-8897-4ebbf3327c8c:group-32E6E2F7DE9B changes role from null to FOLLOWER at term 0 for startAsFollower
2019-06-17 11:56:21,394 INFO  impl.RoleInfo (RoleInfo.java:updateAndGet(143)) - 1b9c3f53-581e-4e17-8897-4ebbf3327c8c: start FollowerState
2019-06-17 11:56:21,394 INFO  util.JmxRegister (JmxRegister.java:tryRegister(44)) - Successfully registered JMX Bean with object name Ratis:service=RaftServer,group=group-32E6E2F7DE9B,id=85213c7d-4745-48e8-b6b0-9b3b3fc25627
2019-06-17 11:56:21,394 INFO  util.JmxRegister (JmxRegister.java:tryRegister(44)) - Successfully registered JMX Bean with object name Ratis:service=RaftServer,group=group-32E6E2F7DE9B,id=1b9c3f53-581e-4e17-8897-4ebbf3327c8c
2019-06-17 11:56:21,405 INFO  pipeline.PipelineStateManager (PipelineStateManager.java:addPipeline(56)) - Created pipeline Pipeline[ Id: 9eaf36af-abe6-4595-ae2a-32e6e2f7de9b, Nodes: 1aba34a0-80cb-4a0f-be19-4b974831cf12{ip: 192.168.134.80, host: ozone-unit-076618677d3jd4dp-3349163179, networkLocation: /default-rack, certSerialId: null}1b9c3f53-581e-4e17-8897-4ebbf3327c8c{ip: 192.168.134.80, host: ozone-unit-076618677d3jd4dp-3349163179, networkLocation: /default-rack, certSerialId: null}85213c7d-4745-48e8-b6b0-9b3b3fc25627{ip: 192.168.134.80, host: ozone-unit-076618677d3jd4dp-3349163179, networkLocation: /default-rack, certSerialId: null}, Type:RATIS, Factor:THREE, State:OPEN]
2019-06-17 11:56:22,009 INFO  ozone.MiniOzoneClusterImpl (MiniOzoneClusterImpl.java:lambda$waitForClusterToBeReady$0(142)) - Cluster is ready. Got 3 of 3 DN Heartbeats.
2019-06-17 11:56:22,217 INFO  impl.FollowerState (FollowerState.java:run(101)) - 1aba34a0-80cb-4a0f-be19-4b974831cf12:group-5FBD4B605D46 changes to CANDIDATE, lastRpcTime:1158, electionTimeout:1158ms
2019-06-17 11:56:22,218 INFO  impl.RoleInfo (RoleInfo.java:shutdownFollowerState(121)) - 1aba34a0-80cb-4a0f-be19-4b974831cf12: shutdown FollowerState
2019-06-17 11:56:22,218 INFO  impl.RaftServerImpl (RaftServerImpl.java:setRole(164)) - 1aba34a0-80cb-4a0f-be19-4b974831cf12:group-5FBD4B605D46 changes role from FOLLOWER to CANDIDATE at term 0 for changeToCandidate
2019-06-17 11:56:22,219 INFO  impl.RoleInfo (RoleInfo.java:updateAndGet(143)) - 1aba34a0-80cb-4a0f-be19-4b974831cf12: start LeaderElection
2019-06-17 11:56:22,223 INFO  impl.LeaderElection (LeaderElection.java:askForVotes(181)) - 1aba34a0-80cb-4a0f-be19-4b974831cf12:group-5FBD4B605D46:LeaderElection1: begin an election at term 1 for -1: [1aba34a0-80cb-4a0f-be19-4b974831cf12:192.168.134.80:42901], old=null
2019-06-17 11:56:22,224 INFO  impl.RoleInfo (RoleInfo.java:shutdownLeaderElection(134)) - 1aba34a0-80cb-4a0f-be19-4b974831cf12: shutdown LeaderElection
2019-06-17 11:56:22,224 INFO  impl.RaftServerImpl (RaftServerImpl.java:setRole(164)) - 1aba34a0-80cb-4a0f-be19-4b974831cf12:group-5FBD4B605D46 changes role from CANDIDATE to LEADER at term 1 for changeToLeader
2019-06-17 11:56:22,225 INFO  impl.RaftServerImpl (ServerState.java:setLeader(263)) - 1aba34a0-80cb-4a0f-be19-4b974831cf12:group-5FBD4B605D46 change Leader from null to 1aba34a0-80cb-4a0f-be19-4b974831cf12 at term 1 for becomeLeader, leader elected after 1206ms
2019-06-17 11:56:22,228 INFO  server.RaftServerConfigKeys (ConfUtils.java:logGet(43)) - raft.server.staging.catchup.gap = 1000 (default)
2019-06-17 11:56:22,228 INFO  server.RaftServerConfigKeys (ConfUtils.java:logGet(43)) - raft.server.rpc.sleep.time = 25ms (default)
2019-06-17 11:56:22,230 INFO  server.RaftServerConfigKeys (ConfUtils.java:logGet(43)) - raft.server.watch.timeout = 10s (default)
2019-06-17 11:56:22,230 INFO  server.RaftServerConfigKeys (ConfUtils.java:logGet(43)) - raft.server.watch.timeout.denomination = 1s (default)
2019-06-17 11:56:22,235 INFO  impl.RoleInfo (RoleInfo.java:updateAndGet(143)) - 1aba34a0-80cb-4a0f-be19-4b974831cf12: start LeaderState
2019-06-17 11:56:22,244 INFO  freon.RandomKeyGenerator (RandomKeyGenerator.java:call(261)) - Number of Threads: 10
2019-06-17 11:56:22,245 INFO  freon.RandomKeyGenerator (RandomKeyGenerator.java:call(267)) - Number of Volumes: 1.
2019-06-17 11:56:22,245 INFO  freon.RandomKeyGenerator (RandomKeyGenerator.java:call(268)) - Number of Buckets per Volume: 1.
2019-06-17 11:56:22,245 INFO  freon.RandomKeyGenerator (RandomKeyGenerator.java:call(269)) - Number of Keys per Bucket: 1.
2019-06-17 11:56:22,245 INFO  freon.RandomKeyGenerator (RandomKeyGenerator.java:call(270)) - Key size: 20971520 bytes
2019-06-17 11:56:22,245 INFO  freon.RandomKeyGenerator (RandomKeyGenerator.java:call(271)) - Buffer size: 4096 bytes
2019-06-17 11:56:22,249 INFO  storage.RaftLogWorker (RaftLogWorker.java:startLogSegment(298)) - 1aba34a0-80cb-4a0f-be19-4b974831cf12-RaftLogWorker: Starting segment from index:0
2019-06-17 11:56:22,250 INFO  freon.RandomKeyGenerator (RandomKeyGenerator.java:call(287)) - Data validation is enabled.
2019-06-17 11:56:22,263 INFO  freon.RandomKeyGenerator (RandomKeyGenerator.java:call(300)) - Starting progress bar Thread.

 0.00% |█                                                                                                    |  0/1 Time: 0:00:002019-06-17 11:56:22,271 INFO  impl.RaftServerImpl (ServerState.java:setRaftConf(361)) - 1aba34a0-80cb-4a0f-be19-4b974831cf12:group-5FBD4B605D46 set configuration 0: [1aba34a0-80cb-4a0f-be19-4b974831cf12:192.168.134.80:42901], old=null at 0
2019-06-17 11:56:22,284 INFO  rpc.RpcClient (RpcClient.java:createVolume(289)) - Creating Volume: vol-0-66926, with jenkins1000 as owner.
2019-06-17 11:56:22,306 INFO  rpc.RpcClient (RpcClient.java:createBucket(426)) - Creating Bucket: vol-0-66926/bucket-0-45995, with Versioning false and Storage Type set to DISK and Encryption set to false 
2019-06-17 11:56:22,332 INFO  impl.FollowerState (FollowerState.java:run(101)) - 1b9c3f53-581e-4e17-8897-4ebbf3327c8c:group-B680477075B8 changes to CANDIDATE, lastRpcTime:1029, electionTimeout:1029ms
2019-06-17 11:56:22,332 INFO  impl.RoleInfo (RoleInfo.java:shutdownFollowerState(121)) - 1b9c3f53-581e-4e17-8897-4ebbf3327c8c: shutdown FollowerState
2019-06-17 11:56:22,332 INFO  impl.RaftServerImpl (RaftServerImpl.java:setRole(164)) - 1b9c3f53-581e-4e17-8897-4ebbf3327c8c:group-B680477075B8 changes role from FOLLOWER to CANDIDATE at term 0 for changeToCandidate
2019-06-17 11:56:22,333 INFO  impl.RoleInfo (RoleInfo.java:updateAndGet(143)) - 1b9c3f53-581e-4e17-8897-4ebbf3327c8c: start LeaderElection
2019-06-17 11:56:22,341 INFO  impl.LeaderElection (LeaderElection.java:askForVotes(181)) - 1b9c3f53-581e-4e17-8897-4ebbf3327c8c:group-B680477075B8:LeaderElection2: begin an election at term 1 for -1: [1b9c3f53-581e-4e17-8897-4ebbf3327c8c:192.168.134.80:43995], old=null
2019-06-17 11:56:22,350 INFO  impl.RoleInfo (RoleInfo.java:shutdownLeaderElection(134)) - 1b9c3f53-581e-4e17-8897-4ebbf3327c8c: shutdown LeaderElection
2019-06-17 11:56:22,351 INFO  impl.RaftServerImpl (RaftServerImpl.java:setRole(164)) - 1b9c3f53-581e-4e17-8897-4ebbf3327c8c:group-B680477075B8 changes role from CANDIDATE to LEADER at term 1 for changeToLeader
2019-06-17 11:56:22,351 INFO  impl.RaftServerImpl (ServerState.java:setLeader(263)) - 1b9c3f53-581e-4e17-8897-4ebbf3327c8c:group-B680477075B8 change Leader from null to 1b9c3f53-581e-4e17-8897-4ebbf3327c8c at term 1 for becomeLeader, leader elected after 1051ms
2019-06-17 11:56:22,351 INFO  server.RaftServerConfigKeys (ConfUtils.java:logGet(43)) - raft.server.staging.catchup.gap = 1000 (default)
2019-06-17 11:56:22,351 INFO  server.RaftServerConfigKeys (ConfUtils.java:logGet(43)) - raft.server.rpc.sleep.time = 25ms (default)
2019-06-17 11:56:22,351 INFO  server.RaftServerConfigKeys (ConfUtils.java:logGet(43)) - raft.server.watch.timeout = 10s (default)
2019-06-17 11:56:22,351 INFO  server.RaftServerConfigKeys (ConfUtils.java:logGet(43)) - raft.server.watch.timeout.denomination = 1s (default)
2019-06-17 11:56:22,351 INFO  impl.RoleInfo (RoleInfo.java:updateAndGet(143)) - 1b9c3f53-581e-4e17-8897-4ebbf3327c8c: start LeaderState
2019-06-17 11:56:22,352 INFO  storage.RaftLogWorker (RaftLogWorker.java:startLogSegment(298)) - 1b9c3f53-581e-4e17-8897-4ebbf3327c8c-RaftLogWorker: Starting segment from index:0
2019-06-17 11:56:22,352 INFO  impl.RaftServerImpl (ServerState.java:setRaftConf(361)) - 1b9c3f53-581e-4e17-8897-4ebbf3327c8c:group-B680477075B8 set configuration 0: [1b9c3f53-581e-4e17-8897-4ebbf3327c8c:192.168.134.80:43995], old=null at 0
2019-06-17 11:56:22,404 INFO  impl.FollowerState (FollowerState.java:run(101)) - 85213c7d-4745-48e8-b6b0-9b3b3fc25627:group-32E6E2F7DE9B changes to CANDIDATE, lastRpcTime:1010, electionTimeout:1010ms
2019-06-17 11:56:22,404 INFO  impl.RoleInfo (RoleInfo.java:shutdownFollowerState(121)) - 85213c7d-4745-48e8-b6b0-9b3b3fc25627: shutdown FollowerState
2019-06-17 11:56:22,404 INFO  impl.RaftServerImpl (RaftServerImpl.java:setRole(164)) - 85213c7d-4745-48e8-b6b0-9b3b3fc25627:group-32E6E2F7DE9B changes role from FOLLOWER to CANDIDATE at term 0 for changeToCandidate
2019-06-17 11:56:22,404 INFO  impl.RoleInfo (RoleInfo.java:updateAndGet(143)) - 85213c7d-4745-48e8-b6b0-9b3b3fc25627: start LeaderElection
2019-06-17 11:56:22,420 INFO  impl.LeaderElection (LeaderElection.java:askForVotes(181)) - 85213c7d-4745-48e8-b6b0-9b3b3fc25627:group-32E6E2F7DE9B:LeaderElection3: begin an election at term 1 for -1: [85213c7d-4745-48e8-b6b0-9b3b3fc25627:192.168.134.80:42405, 1aba34a0-80cb-4a0f-be19-4b974831cf12:192.168.134.80:42901, 1b9c3f53-581e-4e17-8897-4ebbf3327c8c:192.168.134.80:43995], old=null
2019-06-17 11:56:22,423 INFO  impl.FollowerState (FollowerState.java:run(101)) - 1aba34a0-80cb-4a0f-be19-4b974831cf12:group-32E6E2F7DE9B changes to CANDIDATE, lastRpcTime:1036, electionTimeout:1036ms
2019-06-17 11:56:22,423 INFO  impl.RoleInfo (RoleInfo.java:shutdownFollowerState(121)) - 1aba34a0-80cb-4a0f-be19-4b974831cf12: shutdown FollowerState
2019-06-17 11:56:22,423 INFO  impl.RaftServerImpl (RaftServerImpl.java:setRole(164)) - 1aba34a0-80cb-4a0f-be19-4b974831cf12:group-32E6E2F7DE9B changes role from FOLLOWER to CANDIDATE at term 0 for changeToCandidate
2019-06-17 11:56:22,423 INFO  impl.RoleInfo (RoleInfo.java:updateAndGet(143)) - 1aba34a0-80cb-4a0f-be19-4b974831cf12: start LeaderElection
2019-06-17 11:56:22,463 INFO  impl.FollowerState (FollowerState.java:run(101)) - 85213c7d-4745-48e8-b6b0-9b3b3fc25627:group-B9D9247492E7 changes to CANDIDATE, lastRpcTime:1128, electionTimeout:1111ms
2019-06-17 11:56:22,465 INFO  impl.RoleInfo (RoleInfo.java:shutdownFollowerState(121)) - 85213c7d-4745-48e8-b6b0-9b3b3fc25627: shutdown FollowerState
2019-06-17 11:56:22,465 INFO  impl.RaftServerImpl (RaftServerImpl.java:setRole(164)) - 85213c7d-4745-48e8-b6b0-9b3b3fc25627:group-B9D9247492E7 changes role from FOLLOWER to CANDIDATE at term 0 for changeToCandidate
2019-06-17 11:56:22,465 INFO  impl.RoleInfo (RoleInfo.java:updateAndGet(143)) - 85213c7d-4745-48e8-b6b0-9b3b3fc25627: start LeaderElection
2019-06-17 11:56:22,466 INFO  impl.LeaderElection (LeaderElection.java:askForVotes(181)) - 1aba34a0-80cb-4a0f-be19-4b974831cf12:group-32E6E2F7DE9B:LeaderElection4: begin an election at term 1 for -1: [85213c7d-4745-48e8-b6b0-9b3b3fc25627:192.168.134.80:42405, 1aba34a0-80cb-4a0f-be19-4b974831cf12:192.168.134.80:42901, 1b9c3f53-581e-4e17-8897-4ebbf3327c8c:192.168.134.80:43995], old=null
2019-06-17 11:56:22,476 INFO  storage.RaftLogWorker (RaftLogWorker.java:execute(469)) - 1b9c3f53-581e-4e17-8897-4ebbf3327c8c-RaftLogWorker: created new log segment /opt/src/hadoop-ozone/tools/target/test-dir/MiniOzoneClusterImpl-dea3f24d-83b7-4d2d-afe5-4f36cb043d21/datanode-1/data/ratis/1a6d023d-f963-4892-99b7-b680477075b8/current/log_inprogress_0
2019-06-17 11:56:22,479 INFO  storage.RaftLogWorker (RaftLogWorker.java:execute(469)) - 1aba34a0-80cb-4a0f-be19-4b974831cf12-RaftLogWorker: created new log segment /opt/src/hadoop-ozone/tools/target/test-dir/MiniOzoneClusterImpl-dea3f24d-83b7-4d2d-afe5-4f36cb043d21/datanode-0/data/ratis/491666bb-632c-42e5-a1a6-5fbd4b605d46/current/log_inprogress_0
2019-06-17 11:56:22,494 INFO  impl.LeaderElection (LeaderElection.java:askForVotes(181)) - 85213c7d-4745-48e8-b6b0-9b3b3fc25627:group-B9D9247492E7:LeaderElection5: begin an election at term 1 for -1: [85213c7d-4745-48e8-b6b0-9b3b3fc25627:192.168.134.80:42405], old=null
2019-06-17 11:56:22,494 INFO  impl.RoleInfo (RoleInfo.java:shutdownLeaderElection(134)) - 85213c7d-4745-48e8-b6b0-9b3b3fc25627: shutdown LeaderElection
2019-06-17 11:56:22,494 INFO  impl.RaftServerImpl (RaftServerImpl.java:setRole(164)) - 85213c7d-4745-48e8-b6b0-9b3b3fc25627:group-B9D9247492E7 changes role from CANDIDATE to LEADER at term 1 for changeToLeader
2019-06-17 11:56:22,494 INFO  impl.RaftServerImpl (ServerState.java:setLeader(263)) - 85213c7d-4745-48e8-b6b0-9b3b3fc25627:group-B9D9247492E7 change Leader from null to 85213c7d-4745-48e8-b6b0-9b3b3fc25627 at term 1 for becomeLeader, leader elected after 1162ms
2019-06-17 11:56:22,494 INFO  server.RaftServerConfigKeys (ConfUtils.java:logGet(43)) - raft.server.staging.catchup.gap = 1000 (default)
2019-06-17 11:56:22,495 INFO  server.RaftServerConfigKeys (ConfUtils.java:logGet(43)) - raft.server.rpc.sleep.time = 25ms (default)
2019-06-17 11:56:22,495 INFO  server.RaftServerConfigKeys (ConfUtils.java:logGet(43)) - raft.server.watch.timeout = 10s (default)
2019-06-17 11:56:22,495 INFO  server.RaftServerConfigKeys (ConfUtils.java:logGet(43)) - raft.server.watch.timeout.denomination = 1s (default)
2019-06-17 11:56:22,495 INFO  impl.RoleInfo (RoleInfo.java:updateAndGet(143)) - 85213c7d-4745-48e8-b6b0-9b3b3fc25627: start LeaderState
2019-06-17 11:56:22,495 INFO  storage.RaftLogWorker (RaftLogWorker.java:startLogSegment(298)) - 85213c7d-4745-48e8-b6b0-9b3b3fc25627-RaftLogWorker: Starting segment from index:0
2019-06-17 11:56:22,514 INFO  impl.RaftServerImpl (ServerState.java:setRaftConf(361)) - 85213c7d-4745-48e8-b6b0-9b3b3fc25627:group-B9D9247492E7 set configuration 0: [85213c7d-4745-48e8-b6b0-9b3b3fc25627:192.168.134.80:42405], old=null at 0
2019-06-17 11:56:22,536 INFO  storage.RaftLogWorker (RaftLogWorker.java:execute(469)) - 85213c7d-4745-48e8-b6b0-9b3b3fc25627-RaftLogWorker: created new log segment /opt/src/hadoop-ozone/tools/target/test-dir/MiniOzoneClusterImpl-dea3f24d-83b7-4d2d-afe5-4f36cb043d21/datanode-2/data/ratis/1429fda1-b01a-44d2-a147-b9d9247492e7/current/log_inprogress_0
2019-06-17 11:56:22,544 INFO  impl.RaftServerImpl (RaftServerImpl.java:setRole(164)) - 1b9c3f53-581e-4e17-8897-4ebbf3327c8c:group-32E6E2F7DE9B changes role from FOLLOWER to FOLLOWER at term 1 for recognizeCandidate:85213c7d-4745-48e8-b6b0-9b3b3fc25627
2019-06-17 11:56:22,544 INFO  impl.RoleInfo (RoleInfo.java:shutdownFollowerState(121)) - 1b9c3f53-581e-4e17-8897-4ebbf3327c8c: shutdown FollowerState
2019-06-17 11:56:22,544 INFO  impl.RoleInfo (RoleInfo.java:updateAndGet(143)) - 1b9c3f53-581e-4e17-8897-4ebbf3327c8c: start FollowerState
2019-06-17 11:56:22,544 INFO  impl.FollowerState (FollowerState.java:run(109)) - 1b9c3f53-581e-4e17-8897-4ebbf3327c8c: FollowerState was interrupted: java.lang.InterruptedException: sleep interrupted
2019-06-17 11:56:22,568 INFO  impl.LeaderElection (LeaderElection.java:logAndReturn(56)) - 1aba34a0-80cb-4a0f-be19-4b974831cf12:group-32E6E2F7DE9B:LeaderElection4: Election REJECTED; received 2 response(s) [1aba34a0-80cb-4a0f-be19-4b974831cf12->85213c7d-4745-48e8-b6b0-9b3b3fc25627,false-t1, 1aba34a0-80cb-4a0f-be19-4b974831cf12->1b9c3f53-581e-4e17-8897-4ebbf3327c8c,false-t1] and 0 exception(s); 1aba34a0-80cb-4a0f-be19-4b974831cf12:t1, leader=null, voted=1aba34a0-80cb-4a0f-be19-4b974831cf12, raftlog=1aba34a0-80cb-4a0f-be19-4b974831cf12-SegmentedRaftLog:OPENED:c-1,f-1,i0, conf=-1: [85213c7d-4745-48e8-b6b0-9b3b3fc25627:192.168.134.80:42405, 1aba34a0-80cb-4a0f-be19-4b974831cf12:192.168.134.80:42901, 1b9c3f53-581e-4e17-8897-4ebbf3327c8c:192.168.134.80:43995], old=null
2019-06-17 11:56:22,568 INFO  impl.LeaderElection (LeaderElection.java:logAndReturn(56)) - 85213c7d-4745-48e8-b6b0-9b3b3fc25627:group-32E6E2F7DE9B:LeaderElection3: Election PASSED; received 2 response(s) [85213c7d-4745-48e8-b6b0-9b3b3fc25627->1aba34a0-80cb-4a0f-be19-4b974831cf12,false-t1, 85213c7d-4745-48e8-b6b0-9b3b3fc25627->1b9c3f53-581e-4e17-8897-4ebbf3327c8c,true-t1] and 0 exception(s); 85213c7d-4745-48e8-b6b0-9b3b3fc25627:t1, leader=null, voted=85213c7d-4745-48e8-b6b0-9b3b3fc25627, raftlog=85213c7d-4745-48e8-b6b0-9b3b3fc25627-SegmentedRaftLog:OPENED:c-1,f-1,i0, conf=-1: [85213c7d-4745-48e8-b6b0-9b3b3fc25627:192.168.134.80:42405, 1aba34a0-80cb-4a0f-be19-4b974831cf12:192.168.134.80:42901, 1b9c3f53-581e-4e17-8897-4ebbf3327c8c:192.168.134.80:43995], old=null
2019-06-17 11:56:22,568 INFO  impl.RaftServerImpl (RaftServerImpl.java:setRole(164)) - 1aba34a0-80cb-4a0f-be19-4b974831cf12:group-32E6E2F7DE9B changes role from CANDIDATE to FOLLOWER at term 1 for DISCOVERED_A_NEW_TERM
2019-06-17 11:56:22,569 INFO  impl.RoleInfo (RoleInfo.java:shutdownLeaderElection(134)) - 1aba34a0-80cb-4a0f-be19-4b974831cf12: shutdown LeaderElection
2019-06-17 11:56:22,569 INFO  impl.RoleInfo (RoleInfo.java:updateAndGet(143)) - 1aba34a0-80cb-4a0f-be19-4b974831cf12: start FollowerState
2019-06-17 11:56:22,568 INFO  impl.RoleInfo (RoleInfo.java:shutdownLeaderElection(134)) - 85213c7d-4745-48e8-b6b0-9b3b3fc25627: shutdown LeaderElection
2019-06-17 11:56:22,571 INFO  impl.RaftServerImpl (RaftServerImpl.java:setRole(164)) - 85213c7d-4745-48e8-b6b0-9b3b3fc25627:group-32E6E2F7DE9B changes role from CANDIDATE to LEADER at term 1 for changeToLeader
2019-06-17 11:56:22,571 INFO  impl.RaftServerImpl (ServerState.java:setLeader(263)) - 85213c7d-4745-48e8-b6b0-9b3b3fc25627:group-32E6E2F7DE9B change Leader from null to 85213c7d-4745-48e8-b6b0-9b3b3fc25627 at term 1 for becomeLeader, leader elected after 1187ms
2019-06-17 11:56:22,571 INFO  server.RaftServerConfigKeys (ConfUtils.java:logGet(43)) - raft.server.staging.catchup.gap = 1000 (default)
2019-06-17 11:56:22,571 INFO  server.RaftServerConfigKeys (ConfUtils.java:logGet(43)) - raft.server.rpc.sleep.time = 25ms (default)
2019-06-17 11:56:22,571 INFO  server.RaftServerConfigKeys (ConfUtils.java:logGet(43)) - raft.server.watch.timeout = 10s (default)
2019-06-17 11:56:22,571 INFO  server.RaftServerConfigKeys (ConfUtils.java:logGet(43)) - raft.server.watch.timeout.denomination = 1s (default)
2019-06-17 11:56:22,573 INFO  server.RaftServerConfigKeys (ConfUtils.java:logGet(43)) - raft.server.log.appender.snapshot.chunk.size.max = 16MB (=16777216) (default)
2019-06-17 11:56:22,573 INFO  server.RaftServerConfigKeys (ConfUtils.java:logGet(43)) - raft.server.log.appender.buffer.byte-limit = 33554432 (custom)
2019-06-17 11:56:22,574 INFO  server.RaftServerConfigKeys (ConfUtils.java:logGet(43)) - raft.server.log.appender.buffer.element-limit = 1 (custom)
2019-06-17 11:56:22,575 INFO  grpc.GrpcConfigKeys$Server (ConfUtils.java:logGet(43)) - raft.grpc.server.leader.outstanding.appends.max = 128 (default)
2019-06-17 11:56:22,575 INFO  server.RaftServerConfigKeys (ConfUtils.java:logGet(43)) - raft.server.rpc.request.timeout = 3000ms (default)
2019-06-17 11:56:22,576 INFO  server.RaftServerConfigKeys (ConfUtils.java:logGet(43)) - raft.server.log.appender.install.snapshot.enabled = true (default)
2019-06-17 11:56:22,576 INFO  server.RaftServerConfigKeys (ConfUtils.java:logGet(43)) - raft.server.log.appender.snapshot.chunk.size.max = 16MB (=16777216) (default)
2019-06-17 11:56:22,576 INFO  server.RaftServerConfigKeys (ConfUtils.java:logGet(43)) - raft.server.log.appender.buffer.byte-limit = 33554432 (custom)
2019-06-17 11:56:22,576 INFO  server.RaftServerConfigKeys (ConfUtils.java:logGet(43)) - raft.server.log.appender.buffer.element-limit = 1 (custom)
2019-06-17 11:56:22,576 INFO  grpc.GrpcConfigKeys$Server (ConfUtils.java:logGet(43)) - raft.grpc.server.leader.outstanding.appends.max = 128 (default)
2019-06-17 11:56:22,576 INFO  server.RaftServerConfigKeys (ConfUtils.java:logGet(43)) - raft.server.rpc.request.timeout = 3000ms (default)
2019-06-17 11:56:22,577 INFO  server.RaftServerConfigKeys (ConfUtils.java:logGet(43)) - raft.server.log.appender.install.snapshot.enabled = true (default)
2019-06-17 11:56:22,577 INFO  impl.RoleInfo (RoleInfo.java:updateAndGet(143)) - 85213c7d-4745-48e8-b6b0-9b3b3fc25627: start LeaderState
2019-06-17 11:56:22,577 INFO  storage.RaftLogWorker (RaftLogWorker.java:startLogSegment(298)) - 85213c7d-4745-48e8-b6b0-9b3b3fc25627-RaftLogWorker: Starting segment from index:0
2019-06-17 11:56:22,613 INFO  impl.RaftServerImpl (ServerState.java:setRaftConf(361)) - 85213c7d-4745-48e8-b6b0-9b3b3fc25627:group-32E6E2F7DE9B set configuration 0: [85213c7d-4745-48e8-b6b0-9b3b3fc25627:192.168.134.80:42405, 1aba34a0-80cb-4a0f-be19-4b974831cf12:192.168.134.80:42901, 1b9c3f53-581e-4e17-8897-4ebbf3327c8c:192.168.134.80:43995], old=null at 0
2019-06-17 11:56:22,618 INFO  storage.RaftLogWorker (RaftLogWorker.java:execute(469)) - 85213c7d-4745-48e8-b6b0-9b3b3fc25627-RaftLogWorker: created new log segment /opt/src/hadoop-ozone/tools/target/test-dir/MiniOzoneClusterImpl-dea3f24d-83b7-4d2d-afe5-4f36cb043d21/datanode-2/data/ratis/9eaf36af-abe6-4595-ae2a-32e6e2f7de9b/current/log_inprogress_0
2019-06-17 11:56:22,629 INFO  impl.RaftServerImpl (ServerState.java:setLeader(263)) - 1b9c3f53-581e-4e17-8897-4ebbf3327c8c:group-32E6E2F7DE9B change Leader from null to 85213c7d-4745-48e8-b6b0-9b3b3fc25627 at term 1 for appendEntries, leader elected after 1248ms
2019-06-17 11:56:22,637 INFO  impl.RaftServerImpl (ServerState.java:setLeader(263)) - 1aba34a0-80cb-4a0f-be19-4b974831cf12:group-32E6E2F7DE9B change Leader from null to 85213c7d-4745-48e8-b6b0-9b3b3fc25627 at term 1 for appendEntries, leader elected after 1256ms
2019-06-17 11:56:22,654 INFO  impl.RaftServerImpl (ServerState.java:setRaftConf(361)) - 1b9c3f53-581e-4e17-8897-4ebbf3327c8c:group-32E6E2F7DE9B set configuration 0: [85213c7d-4745-48e8-b6b0-9b3b3fc25627:192.168.134.80:42405, 1aba34a0-80cb-4a0f-be19-4b974831cf12:192.168.134.80:42901, 1b9c3f53-581e-4e17-8897-4ebbf3327c8c:192.168.134.80:43995], old=null at 0
2019-06-17 11:56:22,655 INFO  storage.RaftLogWorker (RaftLogWorker.java:startLogSegment(298)) - 1b9c3f53-581e-4e17-8897-4ebbf3327c8c-RaftLogWorker: Starting segment from index:0
2019-06-17 11:56:22,673 INFO  impl.RaftServerImpl (ServerState.java:setRaftConf(361)) - 1aba34a0-80cb-4a0f-be19-4b974831cf12:group-32E6E2F7DE9B set configuration 0: [85213c7d-4745-48e8-b6b0-9b3b3fc25627:192.168.134.80:42405, 1aba34a0-80cb-4a0f-be19-4b974831cf12:192.168.134.80:42901, 1b9c3f53-581e-4e17-8897-4ebbf3327c8c:192.168.134.80:43995], old=null at 0
2019-06-17 11:56:22,673 INFO  storage.RaftLogWorker (RaftLogWorker.java:startLogSegment(298)) - 1aba34a0-80cb-4a0f-be19-4b974831cf12-RaftLogWorker: Starting segment from index:0
2019-06-17 11:56:22,694 INFO  storage.RaftLogWorker (RaftLogWorker.java:execute(469)) - 1b9c3f53-581e-4e17-8897-4ebbf3327c8c-RaftLogWorker: created new log segment /opt/src/hadoop-ozone/tools/target/test-dir/MiniOzoneClusterImpl-dea3f24d-83b7-4d2d-afe5-4f36cb043d21/datanode-1/data/ratis/9eaf36af-abe6-4595-ae2a-32e6e2f7de9b/current/log_inprogress_0
2019-06-17 11:56:22,712 INFO  storage.RaftLogWorker (RaftLogWorker.java:execute(469)) - 1aba34a0-80cb-4a0f-be19-4b974831cf12-RaftLogWorker: created new log segment /opt/src/hadoop-ozone/tools/target/test-dir/MiniOzoneClusterImpl-dea3f24d-83b7-4d2d-afe5-4f36cb043d21/datanode-0/data/ratis/9eaf36af-abe6-4595-ae2a-32e6e2f7de9b/current/log_inprogress_0
2019-06-17 11:56:22,713 INFO  client.GrpcClientProtocolClient (GrpcClientProtocolClient.java:onNext(254)) - client-328903116025->1aba34a0-80cb-4a0f-be19-4b974831cf12: receive RaftClientReply:client-328903116025->1aba34a0-80cb-4a0f-be19-4b974831cf12@group-32E6E2F7DE9B, cid=6, FAILED org.apache.ratis.protocol.NotLeaderException: Server 1aba34a0-80cb-4a0f-be19-4b974831cf12 is not the leader (85213c7d-4745-48e8-b6b0-9b3b3fc25627:192.168.134.80:42405). Request must be sent to leader., logIndex=0, commits[1aba34a0-80cb-4a0f-be19-4b974831cf12:c-1, 85213c7d-4745-48e8-b6b0-9b3b3fc25627:c-1, 1b9c3f53-581e-4e17-8897-4ebbf3327c8c:c-1]
2019-06-17 11:56:22,722 WARN  client.GrpcClientProtocolService (LogUtils.java:warn(134)) - 0-OrderedRequestStreamObserver0: onError: org.apache.ratis.thirdparty.io.grpc.StatusRuntimeException: CANCELLED: cancelled before receiving half close
 0.00% |█                                                                                                    |  0/1 Time: 0:00:012019-06-17 11:56:23,866 INFO  client.GrpcClientProtocolClient (GrpcClientProtocolClient.java:onNext(254)) - client-328903116025->85213c7d-4745-48e8-b6b0-9b3b3fc25627: receive RaftClientReply:client-328903116025->85213c7d-4745-48e8-b6b0-9b3b3fc25627@group-32E6E2F7DE9B, cid=6, SUCCESS, logIndex=1, commits[85213c7d-4745-48e8-b6b0-9b3b3fc25627:c1, 1aba34a0-80cb-4a0f-be19-4b974831cf12:c0, 1b9c3f53-581e-4e17-8897-4ebbf3327c8c:c0]
2019-06-17 11:56:23,926 INFO  client.GrpcClientProtocolClient (GrpcClientProtocolClient.java:onNext(254)) - client-328903116025->85213c7d-4745-48e8-b6b0-9b3b3fc25627: receive RaftClientReply:client-328903116025->85213c7d-4745-48e8-b6b0-9b3b3fc25627@group-32E6E2F7DE9B, cid=7, SUCCESS, logIndex=3, commits[85213c7d-4745-48e8-b6b0-9b3b3fc25627:c4, 1aba34a0-80cb-4a0f-be19-4b974831cf12:c3, 1b9c3f53-581e-4e17-8897-4ebbf3327c8c:c3]
2019-06-17 11:56:23,953 INFO  client.GrpcClientProtocolClient (GrpcClientProtocolClient.java:onNext(254)) - client-328903116025->85213c7d-4745-48e8-b6b0-9b3b3fc25627: receive RaftClientReply:client-328903116025->85213c7d-4745-48e8-b6b0-9b3b3fc25627@group-32E6E2F7DE9B, cid=8, SUCCESS, logIndex=5, commits[85213c7d-4745-48e8-b6b0-9b3b3fc25627:c6, 1aba34a0-80cb-4a0f-be19-4b974831cf12:c4, 1b9c3f53-581e-4e17-8897-4ebbf3327c8c:c3]
2019-06-17 11:56:23,969 INFO  client.GrpcClientProtocolClient (GrpcClientProtocolClient.java:onNext(254)) - client-328903116025->85213c7d-4745-48e8-b6b0-9b3b3fc25627: receive RaftClientReply:client-328903116025->85213c7d-4745-48e8-b6b0-9b3b3fc25627@group-32E6E2F7DE9B, cid=9, SUCCESS, logIndex=6, commits[85213c7d-4745-48e8-b6b0-9b3b3fc25627:c6, 1aba34a0-80cb-4a0f-be19-4b974831cf12:c4, 1b9c3f53-581e-4e17-8897-4ebbf3327c8c:c3]
2019-06-17 11:56:24,001 INFO  client.GrpcClientProtocolClient (GrpcClientProtocolClient.java:onNext(254)) - client-328903116025->85213c7d-4745-48e8-b6b0-9b3b3fc25627: receive RaftClientReply:client-328903116025->85213c7d-4745-48e8-b6b0-9b3b3fc25627@group-32E6E2F7DE9B, cid=10, SUCCESS, logIndex=9, commits[85213c7d-4745-48e8-b6b0-9b3b3fc25627:c9, 1aba34a0-80cb-4a0f-be19-4b974831cf12:c6, 1b9c3f53-581e-4e17-8897-4ebbf3327c8c:c8]
2019-06-17 11:56:24,015 INFO  client.GrpcClientProtocolClient (GrpcClientProtocolClient.java:onNext(254)) - client-328903116025->85213c7d-4745-48e8-b6b0-9b3b3fc25627: receive RaftClientReply:client-328903116025->85213c7d-4745-48e8-b6b0-9b3b3fc25627@group-32E6E2F7DE9B, cid=11, SUCCESS, logIndex=11, commits[85213c7d-4745-48e8-b6b0-9b3b3fc25627:c11, 1aba34a0-80cb-4a0f-be19-4b974831cf12:c8, 1b9c3f53-581e-4e17-8897-4ebbf3327c8c:c9]
2019-06-17 11:56:24,045 INFO  client.GrpcClientProtocolClient (GrpcClientProtocolClient.java:onNext(254)) - client-328903116025->85213c7d-4745-48e8-b6b0-9b3b3fc25627: receive RaftClientReply:client-328903116025->85213c7d-4745-48e8-b6b0-9b3b3fc25627@group-32E6E2F7DE9B, cid=12, SUCCESS, logIndex=13, commits[85213c7d-4745-48e8-b6b0-9b3b3fc25627:c13, 1aba34a0-80cb-4a0f-be19-4b974831cf12:c12, 1b9c3f53-581e-4e17-8897-4ebbf3327c8c:c11]
2019-06-17 11:56:24,052 INFO  client.GrpcClientProtocolClient (GrpcClientProtocolClient.java:onNext(254)) - client-328903116025->85213c7d-4745-48e8-b6b0-9b3b3fc25627: receive RaftClientReply:client-328903116025->85213c7d-4745-48e8-b6b0-9b3b3fc25627@group-32E6E2F7DE9B, cid=13, SUCCESS, logIndex=15, commits[85213c7d-4745-48e8-b6b0-9b3b3fc25627:c15, 1aba34a0-80cb-4a0f-be19-4b974831cf12:c12, 1b9c3f53-581e-4e17-8897-4ebbf3327c8c:c13]
2019-06-17 11:56:24,067 INFO  client.GrpcClientProtocolClient (GrpcClientProtocolClient.java:onNext(254)) - client-328903116025->85213c7d-4745-48e8-b6b0-9b3b3fc25627: receive RaftClientReply:client-328903116025->85213c7d-4745-48e8-b6b0-9b3b3fc25627@group-32E6E2F7DE9B, cid=14, SUCCESS, logIndex=0, commits[85213c7d-4745-48e8-b6b0-9b3b3fc25627:c16, 1aba34a0-80cb-4a0f-be19-4b974831cf12:c15, 1b9c3f53-581e-4e17-8897-4ebbf3327c8c:c15]
2019-06-17 11:56:24,131 INFO  client.GrpcClientProtocolClient (GrpcClientProtocolClient.java:onNext(254)) - client-328903116025->85213c7d-4745-48e8-b6b0-9b3b3fc25627: receive RaftClientReply:client-328903116025->85213c7d-4745-48e8-b6b0-9b3b3fc25627@group-32E6E2F7DE9B, cid=15, SUCCESS, logIndex=17, commits[85213c7d-4745-48e8-b6b0-9b3b3fc25627:c17, 1aba34a0-80cb-4a0f-be19-4b974831cf12:c15, 1b9c3f53-581e-4e17-8897-4ebbf3327c8c:c16]
2019-06-17 11:56:24,177 INFO  client.GrpcClientProtocolClient (GrpcClientProtocolClient.java:onNext(254)) - client-328903116025->85213c7d-4745-48e8-b6b0-9b3b3fc25627: receive RaftClientReply:client-328903116025->85213c7d-4745-48e8-b6b0-9b3b3fc25627@group-32E6E2F7DE9B, cid=16, SUCCESS, logIndex=19, commits[85213c7d-4745-48e8-b6b0-9b3b3fc25627:c24, 1aba34a0-80cb-4a0f-be19-4b974831cf12:c21, 1b9c3f53-581e-4e17-8897-4ebbf3327c8c:c21]
2019-06-17 11:56:24,178 INFO  client.GrpcClientProtocolClient (GrpcClientProtocolClient.java:onNext(254)) - client-328903116025->85213c7d-4745-48e8-b6b0-9b3b3fc25627: receive RaftClientReply:client-328903116025->85213c7d-4745-48e8-b6b0-9b3b3fc25627@group-32E6E2F7DE9B, cid=17, SUCCESS, logIndex=20, commits[85213c7d-4745-48e8-b6b0-9b3b3fc25627:c24, 1aba34a0-80cb-4a0f-be19-4b974831cf12:c21, 1b9c3f53-581e-4e17-8897-4ebbf3327c8c:c21]
2019-06-17 11:56:24,196 INFO  client.GrpcClientProtocolClient (GrpcClientProtocolClient.java:onNext(254)) - client-328903116025->85213c7d-4745-48e8-b6b0-9b3b3fc25627: receive RaftClientReply:client-328903116025->85213c7d-4745-48e8-b6b0-9b3b3fc25627@group-32E6E2F7DE9B, cid=18, SUCCESS, logIndex=21, commits[85213c7d-4745-48e8-b6b0-9b3b3fc25627:c24, 1aba34a0-80cb-4a0f-be19-4b974831cf12:c21, 1b9c3f53-581e-4e17-8897-4ebbf3327c8c:c21]
2019-06-17 11:56:24,226 INFO  client.GrpcClientProtocolClient (GrpcClientProtocolClient.java:onNext(254)) - client-328903116025->85213c7d-4745-48e8-b6b0-9b3b3fc25627: receive RaftClientReply:client-328903116025->85213c7d-4745-48e8-b6b0-9b3b3fc25627@group-32E6E2F7DE9B, cid=19, SUCCESS, logIndex=25, commits[85213c7d-4745-48e8-b6b0-9b3b3fc25627:c25, 1aba34a0-80cb-4a0f-be19-4b974831cf12:c24, 1b9c3f53-581e-4e17-8897-4ebbf3327c8c:c21]
2019-06-17 11:56:24,242 INFO  client.GrpcClientProtocolClient (GrpcClientProtocolClient.java:onNext(254)) - client-328903116025->85213c7d-4745-48e8-b6b0-9b3b3fc25627: receive RaftClientReply:client-328903116025->85213c7d-4745-48e8-b6b0-9b3b3fc25627@group-32E6E2F7DE9B, cid=20, SUCCESS, logIndex=27, commits[85213c7d-4745-48e8-b6b0-9b3b3fc25627:c27, 1aba34a0-80cb-4a0f-be19-4b974831cf12:c25, 1b9c3f53-581e-4e17-8897-4ebbf3327c8c:c25]
2019-06-17 11:56:24,252 INFO  client.GrpcClientProtocolClient (GrpcClientProtocolClient.java:onNext(254)) - client-328903116025->85213c7d-4745-48e8-b6b0-9b3b3fc25627: receive RaftClientReply:client-328903116025->85213c7d-4745-48e8-b6b0-9b3b3fc25627@group-32E6E2F7DE9B, cid=21, SUCCESS, logIndex=28, commits[85213c7d-4745-48e8-b6b0-9b3b3fc25627:c28, 1aba34a0-80cb-4a0f-be19-4b974831cf12:c26, 1b9c3f53-581e-4e17-8897-4ebbf3327c8c:c25]
2019-06-17 11:56:24,255 INFO  client.GrpcClientProtocolClient (GrpcClientProtocolClient.java:onNext(254)) - client-328903116025->85213c7d-4745-48e8-b6b0-9b3b3fc25627: receive RaftClientReply:client-328903116025->85213c7d-4745-48e8-b6b0-9b3b3fc25627@group-32E6E2F7DE9B, cid=22, SUCCESS, logIndex=29, commits[85213c7d-4745-48e8-b6b0-9b3b3fc25627:c30, 1aba34a0-80cb-4a0f-be19-4b974831cf12:c27, 1b9c3f53-581e-4e17-8897-4ebbf3327c8c:c27]
 0.00% |█                                                                                                    |  0/1 Time: 0:00:022019-06-17 11:56:24,756 INFO  client.GrpcClientProtocolClient (GrpcClientProtocolClient.java:onNext(254)) - client-328903116025->85213c7d-4745-48e8-b6b0-9b3b3fc25627: receive RaftClientReply:client-328903116025->85213c7d-4745-48e8-b6b0-9b3b3fc25627@group-32E6E2F7DE9B, cid=23, SUCCESS, logIndex=0, commits[85213c7d-4745-48e8-b6b0-9b3b3fc25627:c31, 1aba34a0-80cb-4a0f-be19-4b974831cf12:c31, 1b9c3f53-581e-4e17-8897-4ebbf3327c8c:c31]
2019-06-17 11:56:24,803 INFO  client.GrpcClientProtocolClient (GrpcClientProtocolClient.java:onNext(254)) - client-328903116025->85213c7d-4745-48e8-b6b0-9b3b3fc25627: receive RaftClientReply:client-328903116025->85213c7d-4745-48e8-b6b0-9b3b3fc25627@group-32E6E2F7DE9B, cid=24, SUCCESS, logIndex=32, commits[85213c7d-4745-48e8-b6b0-9b3b3fc25627:c32, 1aba34a0-80cb-4a0f-be19-4b974831cf12:c31, 1b9c3f53-581e-4e17-8897-4ebbf3327c8c:c31]
2019-06-17 11:56:24,851 INFO  client.GrpcClientProtocolClient (GrpcClientProtocolClient.java:onNext(254)) - client-328903116025->85213c7d-4745-48e8-b6b0-9b3b3fc25627: receive RaftClientReply:client-328903116025->85213c7d-4745-48e8-b6b0-9b3b3fc25627@group-32E6E2F7DE9B, cid=25, SUCCESS, logIndex=34, commits[85213c7d-4745-48e8-b6b0-9b3b3fc25627:c37, 1aba34a0-80cb-4a0f-be19-4b974831cf12:c34, 1b9c3f53-581e-4e17-8897-4ebbf3327c8c:c33]
2019-06-17 11:56:24,853 INFO  client.GrpcClientProtocolClient (GrpcClientProtocolClient.java:onNext(254)) - client-328903116025->85213c7d-4745-48e8-b6b0-9b3b3fc25627: receive RaftClientReply:client-328903116025->85213c7d-4745-48e8-b6b0-9b3b3fc25627@group-32E6E2F7DE9B, cid=26, SUCCESS, logIndex=35, commits[85213c7d-4745-48e8-b6b0-9b3b3fc25627:c37, 1aba34a0-80cb-4a0f-be19-4b974831cf12:c34, 1b9c3f53-581e-4e17-8897-4ebbf3327c8c:c34]
2019-06-17 11:56:24,870 INFO  client.GrpcClientProtocolClient (GrpcClientProtocolClient.java:onNext(254)) - client-328903116025->85213c7d-4745-48e8-b6b0-9b3b3fc25627: receive RaftClientReply:client-328903116025->85213c7d-4745-48e8-b6b0-9b3b3fc25627@group-32E6E2F7DE9B, cid=27, SUCCESS, logIndex=36, commits[85213c7d-4745-48e8-b6b0-9b3b3fc25627:c39, 1aba34a0-80cb-4a0f-be19-4b974831cf12:c36, 1b9c3f53-581e-4e17-8897-4ebbf3327c8c:c36]
2019-06-17 11:56:24,891 INFO  client.GrpcClientProtocolClient (GrpcClientProtocolClient.java:onNext(254)) - client-328903116025->85213c7d-4745-48e8-b6b0-9b3b3fc25627: receive RaftClientReply:client-328903116025->85213c7d-4745-48e8-b6b0-9b3b3fc25627@group-32E6E2F7DE9B, cid=28, SUCCESS, logIndex=40, commits[85213c7d-4745-48e8-b6b0-9b3b3fc25627:c40, 1aba34a0-80cb-4a0f-be19-4b974831cf12:c39, 1b9c3f53-581e-4e17-8897-4ebbf3327c8c:c36]
2019-06-17 11:56:24,915 INFO  client.GrpcClientProtocolClient (GrpcClientProtocolClient.java:onNext(254)) - client-328903116025->85213c7d-4745-48e8-b6b0-9b3b3fc25627: receive RaftClientReply:client-328903116025->85213c7d-4745-48e8-b6b0-9b3b3fc25627@group-32E6E2F7DE9B, cid=29, SUCCESS, logIndex=42, commits[85213c7d-4745-48e8-b6b0-9b3b3fc25627:c44, 1aba34a0-80cb-4a0f-be19-4b974831cf12:c40, 1b9c3f53-581e-4e17-8897-4ebbf3327c8c:c40]
2019-06-17 11:56:24,916 INFO  client.GrpcClientProtocolClient (GrpcClientProtocolClient.java:onNext(254)) - client-328903116025->85213c7d-4745-48e8-b6b0-9b3b3fc25627: receive RaftClientReply:client-328903116025->85213c7d-4745-48e8-b6b0-9b3b3fc25627@group-32E6E2F7DE9B, cid=30, SUCCESS, logIndex=43, commits[85213c7d-4745-48e8-b6b0-9b3b3fc25627:c44, 1aba34a0-80cb-4a0f-be19-4b974831cf12:c40, 1b9c3f53-581e-4e17-8897-4ebbf3327c8c:c40]
2019-06-17 11:56:24,917 INFO  client.GrpcClientProtocolClient (GrpcClientProtocolClient.java:onNext(254)) - client-328903116025->85213c7d-4745-48e8-b6b0-9b3b3fc25627: receive RaftClientReply:client-328903116025->85213c7d-4745-48e8-b6b0-9b3b3fc25627@group-32E6E2F7DE9B, cid=31, SUCCESS, logIndex=44, commits[85213c7d-4745-48e8-b6b0-9b3b3fc25627:c44, 1aba34a0-80cb-4a0f-be19-4b974831cf12:c40, 1b9c3f53-581e-4e17-8897-4ebbf3327c8c:c41]
2019-06-17 11:56:24,924 INFO  client.GrpcClientProtocolClient (GrpcClientProtocolClient.java:onNext(254)) - client-328903116025->85213c7d-4745-48e8-b6b0-9b3b3fc25627: receive RaftClientReply:client-328903116025->85213c7d-4745-48e8-b6b0-9b3b3fc25627@group-32E6E2F7DE9B, cid=32, SUCCESS, logIndex=0, commits[85213c7d-4745-48e8-b6b0-9b3b3fc25627:c46, 1aba34a0-80cb-4a0f-be19-4b974831cf12:c44, 1b9c3f53-581e-4e17-8897-4ebbf3327c8c:c44]
2019-06-17 11:56:24,926 INFO  client.GrpcClientProtocolClient (GrpcClientProtocolClient.java:onNext(254)) - client-328903116025->85213c7d-4745-48e8-b6b0-9b3b3fc25627: receive RaftClientReply:client-328903116025->85213c7d-4745-48e8-b6b0-9b3b3fc25627@group-32E6E2F7DE9B, cid=33, SUCCESS, logIndex=0, commits[85213c7d-4745-48e8-b6b0-9b3b3fc25627:c46, 1aba34a0-80cb-4a0f-be19-4b974831cf12:c44, 1b9c3f53-581e-4e17-8897-4ebbf3327c8c:c44]
2019-06-17 11:56:24,957 INFO  client.GrpcClientProtocolClient (GrpcClientProtocolClient.java:onNext(254)) - client-328903116025->85213c7d-4745-48e8-b6b0-9b3b3fc25627: receive RaftClientReply:client-328903116025->85213c7d-4745-48e8-b6b0-9b3b3fc25627@group-32E6E2F7DE9B, cid=34, SUCCESS, logIndex=47, commits[85213c7d-4745-48e8-b6b0-9b3b3fc25627:c47, 1aba34a0-80cb-4a0f-be19-4b974831cf12:c46, 1b9c3f53-581e-4e17-8897-4ebbf3327c8c:c44]
2019-06-17 11:56:24,979 INFO  client.GrpcClientProtocolClient (GrpcClientProtocolClient.java:onNext(254)) - client-328903116025->85213c7d-4745-48e8-b6b0-9b3b3fc25627: receive RaftClientReply:client-328903116025->85213c7d-4745-48e8-b6b0-9b3b3fc25627@group-32E6E2F7DE9B, cid=35, SUCCESS, logIndex=49, commits[85213c7d-4745-48e8-b6b0-9b3b3fc25627:c49, 1aba34a0-80cb-4a0f-be19-4b974831cf12:c48, 1b9c3f53-581e-4e17-8897-4ebbf3327c8c:c47]
2019-06-17 11:56:24,985 INFO  client.GrpcClientProtocolClient (GrpcClientProtocolClient.java:onNext(254)) - client-328903116025->85213c7d-4745-48e8-b6b0-9b3b3fc25627: receive RaftClientReply:client-328903116025->85213c7d-4745-48e8-b6b0-9b3b3fc25627@group-32E6E2F7DE9B, cid=36, SUCCESS, logIndex=50, commits[85213c7d-4745-48e8-b6b0-9b3b3fc25627:c50, 1aba34a0-80cb-4a0f-be19-4b974831cf12:c48, 1b9c3f53-581e-4e17-8897-4ebbf3327c8c:c48]
2019-06-17 11:56:24,993 INFO  client.GrpcClientProtocolClient (GrpcClientProtocolClient.java:onNext(254)) - client-328903116025->85213c7d-4745-48e8-b6b0-9b3b3fc25627: receive RaftClientReply:client-328903116025->85213c7d-4745-48e8-b6b0-9b3b3fc25627@group-32E6E2F7DE9B, cid=37, SUCCESS, logIndex=51, commits[85213c7d-4745-48e8-b6b0-9b3b3fc25627:c51, 1aba34a0-80cb-4a0f-be19-4b974831cf12:c48, 1b9c3f53-581e-4e17-8897-4ebbf3327c8c:c48]
2019-06-17 11:56:25,011 INFO  client.GrpcClientProtocolClient (GrpcClientProtocolClient.java:onNext(254)) - client-328903116025->85213c7d-4745-48e8-b6b0-9b3b3fc25627: receive RaftClientReply:client-328903116025->85213c7d-4745-48e8-b6b0-9b3b3fc25627@group-32E6E2F7DE9B, cid=38, SUCCESS, logIndex=0, commits[85213c7d-4745-48e8-b6b0-9b3b3fc25627:c53, 1aba34a0-80cb-4a0f-be19-4b974831cf12:c49, 1b9c3f53-581e-4e17-8897-4ebbf3327c8c:c49]
2019-06-17 11:56:25,033 INFO  client.GrpcClientProtocolClient (GrpcClientProtocolClient.java:onNext(254)) - client-328903116025->85213c7d-4745-48e8-b6b0-9b3b3fc25627: receive RaftClientReply:client-328903116025->85213c7d-4745-48e8-b6b0-9b3b3fc25627@group-32E6E2F7DE9B, cid=39, SUCCESS, logIndex=55, commits[85213c7d-4745-48e8-b6b0-9b3b3fc25627:c55, 1aba34a0-80cb-4a0f-be19-4b974831cf12:c54, 1b9c3f53-581e-4e17-8897-4ebbf3327c8c:c51]
2019-06-17 11:56:25,047 INFO  client.GrpcClientProtocolClient (GrpcClientProtocolClient.java:onNext(254)) - client-328903116025->85213c7d-4745-48e8-b6b0-9b3b3fc25627: receive RaftClientReply:client-328903116025->85213c7d-4745-48e8-b6b0-9b3b3fc25627@group-32E6E2F7DE9B, cid=40, SUCCESS, logIndex=57, commits[85213c7d-4745-48e8-b6b0-9b3b3fc25627:c57, 1aba34a0-80cb-4a0f-be19-4b974831cf12:c55, 1b9c3f53-581e-4e17-8897-4ebbf3327c8c:c55]
2019-06-17 11:56:25,066 INFO  client.GrpcClientProtocolClient (GrpcClientProtocolClient.java:onNext(254)) - client-328903116025->85213c7d-4745-48e8-b6b0-9b3b3fc25627: receive RaftClientReply:client-328903116025->85213c7d-4745-48e8-b6b0-9b3b3fc25627@group-32E6E2F7DE9B, cid=41, SUCCESS, logIndex=59, commits[85213c7d-4745-48e8-b6b0-9b3b3fc25627:c59, 1aba34a0-80cb-4a0f-be19-4b974831cf12:c58, 1b9c3f53-581e-4e17-8897-4ebbf3327c8c:c58]
2019-06-17 11:56:25,072 INFO  client.GrpcClientProtocolClient (GrpcClientProtocolClient.java:onNext(254)) - client-328903116025->85213c7d-4745-48e8-b6b0-9b3b3fc25627: receive RaftClientReply:client-328903116025->85213c7d-4745-48e8-b6b0-9b3b3fc25627@group-32E6E2F7DE9B, cid=42, SUCCESS, logIndex=61, commits[85213c7d-4745-48e8-b6b0-9b3b3fc25627:c61, 1aba34a0-80cb-4a0f-be19-4b974831cf12:c59, 1b9c3f53-581e-4e17-8897-4ebbf3327c8c:c59]
2019-06-17 11:56:25,075 INFO  client.GrpcClientProtocolClient (GrpcClientProtocolClient.java:onNext(254)) - client-328903116025->85213c7d-4745-48e8-b6b0-9b3b3fc25627: receive RaftClientReply:client-328903116025->85213c7d-4745-48e8-b6b0-9b3b3fc25627@group-32E6E2F7DE9B, cid=43, SUCCESS, logIndex=0, commits[85213c7d-4745-48e8-b6b0-9b3b3fc25627:c62, 1aba34a0-80cb-4a0f-be19-4b974831cf12:c61, 1b9c3f53-581e-4e17-8897-4ebbf3327c8c:c61]
2019-06-17 11:56:25,092 INFO  client.GrpcClientProtocolClient (GrpcClientProtocolClient.java:onNext(254)) - client-328903116025->85213c7d-4745-48e8-b6b0-9b3b3fc25627: receive RaftClientReply:client-328903116025->85213c7d-4745-48e8-b6b0-9b3b3fc25627@group-32E6E2F7DE9B, cid=44, SUCCESS, logIndex=63, commits[85213c7d-4745-48e8-b6b0-9b3b3fc25627:c63, 1aba34a0-80cb-4a0f-be19-4b974831cf12:c61, 1b9c3f53-581e-4e17-8897-4ebbf3327c8c:c62]
2019-06-17 11:56:25,116 INFO  client.GrpcClientProtocolClient (GrpcClientProtocolClient.java:onNext(254)) - client-328903116025->85213c7d-4745-48e8-b6b0-9b3b3fc25627: receive RaftClientReply:client-328903116025->85213c7d-4745-48e8-b6b0-9b3b3fc25627@group-32E6E2F7DE9B, cid=45, SUCCESS, logIndex=65, commits[85213c7d-4745-48e8-b6b0-9b3b3fc25627:c65, 1aba34a0-80cb-4a0f-be19-4b974831cf12:c63, 1b9c3f53-581e-4e17-8897-4ebbf3327c8c:c63]
2019-06-17 11:56:25,119 INFO  client.GrpcClientProtocolClient (GrpcClientProtocolClient.java:onNext(254)) - client-328903116025->85213c7d-4745-48e8-b6b0-9b3b3fc25627: receive RaftClientReply:client-328903116025->85213c7d-4745-48e8-b6b0-9b3b3fc25627@group-32E6E2F7DE9B, cid=46, SUCCESS, logIndex=66, commits[85213c7d-4745-48e8-b6b0-9b3b3fc25627:c66, 1aba34a0-80cb-4a0f-be19-4b974831cf12:c63, 1b9c3f53-581e-4e17-8897-4ebbf3327c8c:c64]
2019-06-17 11:56:25,120 INFO  client.GrpcClientProtocolClient (GrpcClientProtocolClient.java:onNext(254)) - client-328903116025->85213c7d-4745-48e8-b6b0-9b3b3fc25627: receive RaftClientReply:client-328903116025->85213c7d-4745-48e8-b6b0-9b3b3fc25627@group-32E6E2F7DE9B, cid=47, SUCCESS, logIndex=67, commits[85213c7d-4745-48e8-b6b0-9b3b3fc25627:c67, 1aba34a0-80cb-4a0f-be19-4b974831cf12:c64, 1b9c3f53-581e-4e17-8897-4ebbf3327c8c:c64]
2019-06-17 11:56:25,131 INFO  client.GrpcClientProtocolClient (GrpcClientProtocolClient.java:onNext(254)) - client-328903116025->85213c7d-4745-48e8-b6b0-9b3b3fc25627: receive RaftClientReply:client-328903116025->85213c7d-4745-48e8-b6b0-9b3b3fc25627@group-32E6E2F7DE9B, cid=48, SUCCESS, logIndex=0, commits[85213c7d-4745-48e8-b6b0-9b3b3fc25627:c69, 1aba34a0-80cb-4a0f-be19-4b974831cf12:c66, 1b9c3f53-581e-4e17-8897-4ebbf3327c8c:c65]
2019-06-17 11:56:25,145 INFO  client.GrpcClientProtocolClient (GrpcClientProtocolClient.java:onNext(254)) - client-328903116025->85213c7d-4745-48e8-b6b0-9b3b3fc25627: receive RaftClientReply:client-328903116025->85213c7d-4745-48e8-b6b0-9b3b3fc25627@group-32E6E2F7DE9B, cid=49, SUCCESS, logIndex=71, commits[85213c7d-4745-48e8-b6b0-9b3b3fc25627:c71, 1aba34a0-80cb-4a0f-be19-4b974831cf12:c70, 1b9c3f53-581e-4e17-8897-4ebbf3327c8c:c67]
2019-06-17 11:56:25,150 INFO  client.GrpcClientProtocolClient (GrpcClientProtocolClient.java:onNext(254)) - client-328903116025->85213c7d-4745-48e8-b6b0-9b3b3fc25627: receive RaftClientReply:client-328903116025->85213c7d-4745-48e8-b6b0-9b3b3fc25627@group-32E6E2F7DE9B, cid=50, SUCCESS, logIndex=73, commits[85213c7d-4745-48e8-b6b0-9b3b3fc25627:c73, 1aba34a0-80cb-4a0f-be19-4b974831cf12:c71, 1b9c3f53-581e-4e17-8897-4ebbf3327c8c:c71]
2019-06-17 11:56:25,175 INFO  client.GrpcClientProtocolClient (GrpcClientProtocolClient.java:onNext(254)) - client-328903116025->85213c7d-4745-48e8-b6b0-9b3b3fc25627: receive RaftClientReply:client-328903116025->85213c7d-4745-48e8-b6b0-9b3b3fc25627@group-32E6E2F7DE9B, cid=51, SUCCESS, logIndex=75, commits[85213c7d-4745-48e8-b6b0-9b3b3fc25627:c75, 1aba34a0-80cb-4a0f-be19-4b974831cf12:c74, 1b9c3f53-581e-4e17-8897-4ebbf3327c8c:c73]
2019-06-17 11:56:25,181 INFO  client.GrpcClientProtocolClient (GrpcClientProtocolClient.java:onNext(254)) - client-328903116025->85213c7d-4745-48e8-b6b0-9b3b3fc25627: receive RaftClientReply:client-328903116025->85213c7d-4745-48e8-b6b0-9b3b3fc25627@group-32E6E2F7DE9B, cid=52, SUCCESS, logIndex=77, commits[85213c7d-4745-48e8-b6b0-9b3b3fc25627:c77, 1aba34a0-80cb-4a0f-be19-4b974831cf12:c75, 1b9c3f53-581e-4e17-8897-4ebbf3327c8c:c75]
2019-06-17 11:56:25,186 INFO  client.GrpcClientProtocolClient (GrpcClientProtocolClient.java:onNext(254)) - client-328903116025->85213c7d-4745-48e8-b6b0-9b3b3fc25627: receive RaftClientReply:client-328903116025->85213c7d-4745-48e8-b6b0-9b3b3fc25627@group-32E6E2F7DE9B, cid=53, SUCCESS, logIndex=0, commits[85213c7d-4745-48e8-b6b0-9b3b3fc25627:c78, 1aba34a0-80cb-4a0f-be19-4b974831cf12:c77, 1b9c3f53-581e-4e17-8897-4ebbf3327c8c:c77]
 100.00% |█████████████████████████████████████████████████████████████████████████████████████████████████████|  1/1 Time: 0:00:03
2019-06-17 11:56:25,537 INFO  pipeline.SCMPipelineManager (SCMPipelineManager.java:finalizeAndDestroyPipeline(307)) - destroying pipeline:Pipeline[ Id: 9eaf36af-abe6-4595-ae2a-32e6e2f7de9b, Nodes: 1aba34a0-80cb-4a0f-be19-4b974831cf12{ip: 192.168.134.80, host: ozone-unit-076618677d3jd4dp-3349163179, networkLocation: /default-rack, certSerialId: null}1b9c3f53-581e-4e17-8897-4ebbf3327c8c{ip: 192.168.134.80, host: ozone-unit-076618677d3jd4dp-3349163179, networkLocation: /default-rack, certSerialId: null}85213c7d-4745-48e8-b6b0-9b3b3fc25627{ip: 192.168.134.80, host: ozone-unit-076618677d3jd4dp-3349163179, networkLocation: /default-rack, certSerialId: null}, Type:RATIS, Factor:THREE, State:OPEN]
2019-06-17 11:56:25,537 INFO  pipeline.PipelineStateManager (PipelineStateManager.java:finalizePipeline(123)) - Pipeline Pipeline[ Id: 9eaf36af-abe6-4595-ae2a-32e6e2f7de9b, Nodes: 1aba34a0-80cb-4a0f-be19-4b974831cf12{ip: 192.168.134.80, host: ozone-unit-076618677d3jd4dp-3349163179, networkLocation: /default-rack, certSerialId: null}1b9c3f53-581e-4e17-8897-4ebbf3327c8c{ip: 192.168.134.80, host: ozone-unit-076618677d3jd4dp-3349163179, networkLocation: /default-rack, certSerialId: null}85213c7d-4745-48e8-b6b0-9b3b3fc25627{ip: 192.168.134.80, host: ozone-unit-076618677d3jd4dp-3349163179, networkLocation: /default-rack, certSerialId: null}, Type:RATIS, Factor:THREE, State:CLOSED] moved to CLOSED state
2019-06-17 11:56:25,538 INFO  container.CloseContainerEventHandler (CloseContainerEventHandler.java:onMessage(61)) - Close container Event triggered for container : #1
2019-06-17 11:56:25,542 INFO  container.CloseContainerEventHandler (CloseContainerEventHandler.java:onMessage(61)) - Close container Event triggered for container : #2
2019-06-17 11:56:25,542 INFO  container.CloseContainerEventHandler (CloseContainerEventHandler.java:onMessage(61)) - Close container Event triggered for container : #3
2019-06-17 11:56:25,547 INFO  impl.RaftServerProxy (RaftServerProxy.java:remove(95)) - 1aba34a0-80cb-4a0f-be19-4b974831cf12: remove FOLLOWER group-32E6E2F7DE9B 1aba34a0-80cb-4a0f-be19-4b974831cf12:t1, leader=85213c7d-4745-48e8-b6b0-9b3b3fc25627, voted=1aba34a0-80cb-4a0f-be19-4b974831cf12, raftlog=1aba34a0-80cb-4a0f-be19-4b974831cf12-SegmentedRaftLog:OPENED:c77,f78,i78, conf=0: [85213c7d-4745-48e8-b6b0-9b3b3fc25627:192.168.134.80:42405, 1aba34a0-80cb-4a0f-be19-4b974831cf12:192.168.134.80:42901, 1b9c3f53-581e-4e17-8897-4ebbf3327c8c:192.168.134.80:43995], old=null RUNNING
2019-06-17 11:56:25,549 INFO  impl.RaftServerImpl (RaftServerImpl.java:lambda$shutdown$3(238)) - 1aba34a0-80cb-4a0f-be19-4b974831cf12: shutdown group-32E6E2F7DE9B
2019-06-17 11:56:25,549 INFO  util.JmxRegister (JmxRegister.java:unregister(73)) - Successfully un-registered JMX Bean with object name Ratis:service=RaftServer,group=group-32E6E2F7DE9B,id=1aba34a0-80cb-4a0f-be19-4b974831cf12
2019-06-17 11:56:25,549 INFO  impl.RoleInfo (RoleInfo.java:shutdownFollowerState(121)) - 1aba34a0-80cb-4a0f-be19-4b974831cf12: shutdown FollowerState
2019-06-17 11:56:25,550 INFO  impl.StateMachineUpdater (StateMachineUpdater.java:stopAndJoin(109)) - StateMachineUpdater-1aba34a0-80cb-4a0f-be19-4b974831cf12-group-32E6E2F7DE9B: set stopIndex = 77
2019-06-17 11:56:25,550 INFO  impl.FollowerState (FollowerState.java:run(109)) - 1aba34a0-80cb-4a0f-be19-4b974831cf12: FollowerState was interrupted: java.lang.InterruptedException: sleep interrupted
2019-06-17 11:56:25,550 INFO  ratis.ContainerStateMachine (ContainerStateMachine.java:takeSnapshot(245)) - Taking snapshot at termIndex:(t:1, i:77)
2019-06-17 11:56:25,551 INFO  ratis.ContainerStateMachine (ContainerStateMachine.java:takeSnapshot(249)) - Taking a snapshot to file /opt/src/hadoop-ozone/tools/target/test-dir/MiniOzoneClusterImpl-dea3f24d-83b7-4d2d-afe5-4f36cb043d21/datanode-0/data/ratis/9eaf36af-abe6-4595-ae2a-32e6e2f7de9b/sm/snapshot.1_77
2019-06-17 11:56:25,557 INFO  impl.RaftServerImpl (ServerState.java:close(394)) - 1aba34a0-80cb-4a0f-be19-4b974831cf12:group-32E6E2F7DE9B closes. The last applied log index is 77
2019-06-17 11:56:25,558 INFO  storage.RaftLogWorker (RaftLogWorker.java:run(236)) - 1aba34a0-80cb-4a0f-be19-4b974831cf12-RaftLogWorker was interrupted, exiting. There are 0 tasks remaining in the queue.
2019-06-17 11:56:25,559 INFO  storage.RaftLogWorker (RaftLogWorker.java:close(168)) - 1aba34a0-80cb-4a0f-be19-4b974831cf12-RaftLogWorker close()
2019-06-17 11:56:25,576 INFO  impl.RaftServerProxy (RaftServerProxy.java:remove(95)) - 1b9c3f53-581e-4e17-8897-4ebbf3327c8c: remove FOLLOWER group-32E6E2F7DE9B 1b9c3f53-581e-4e17-8897-4ebbf3327c8c:t1, leader=85213c7d-4745-48e8-b6b0-9b3b3fc25627, voted=85213c7d-4745-48e8-b6b0-9b3b3fc25627, raftlog=1b9c3f53-581e-4e17-8897-4ebbf3327c8c-SegmentedRaftLog:OPENED:c77,f78,i78, conf=0: [85213c7d-4745-48e8-b6b0-9b3b3fc25627:192.168.134.80:42405, 1aba34a0-80cb-4a0f-be19-4b974831cf12:192.168.134.80:42901, 1b9c3f53-581e-4e17-8897-4ebbf3327c8c:192.168.134.80:43995], old=null RUNNING
2019-06-17 11:56:25,576 INFO  impl.RaftServerImpl (RaftServerImpl.java:lambda$shutdown$3(238)) - 1b9c3f53-581e-4e17-8897-4ebbf3327c8c: shutdown group-32E6E2F7DE9B
2019-06-17 11:56:25,576 INFO  util.JmxRegister (JmxRegister.java:unregister(73)) - Successfully un-registered JMX Bean with object name Ratis:service=RaftServer,group=group-32E6E2F7DE9B,id=1b9c3f53-581e-4e17-8897-4ebbf3327c8c
2019-06-17 11:56:25,576 INFO  impl.RoleInfo (RoleInfo.java:shutdownFollowerState(121)) - 1b9c3f53-581e-4e17-8897-4ebbf3327c8c: shutdown FollowerState
2019-06-17 11:56:25,576 INFO  impl.FollowerState (FollowerState.java:run(109)) - 1b9c3f53-581e-4e17-8897-4ebbf3327c8c: FollowerState was interrupted: java.lang.InterruptedException: sleep interrupted
2019-06-17 11:56:25,576 INFO  impl.StateMachineUpdater (StateMachineUpdater.java:stopAndJoin(109)) - StateMachineUpdater-1b9c3f53-581e-4e17-8897-4ebbf3327c8c-group-32E6E2F7DE9B: set stopIndex = 77
2019-06-17 11:56:25,576 INFO  ratis.ContainerStateMachine (ContainerStateMachine.java:takeSnapshot(245)) - Taking snapshot at termIndex:(t:1, i:77)
2019-06-17 11:56:25,578 INFO  ratis.ContainerStateMachine (ContainerStateMachine.java:takeSnapshot(249)) - Taking a snapshot to file /opt/src/hadoop-ozone/tools/target/test-dir/MiniOzoneClusterImpl-dea3f24d-83b7-4d2d-afe5-4f36cb043d21/datanode-1/data/ratis/9eaf36af-abe6-4595-ae2a-32e6e2f7de9b/sm/snapshot.1_77
2019-06-17 11:56:25,578 INFO  impl.RaftServerImpl (ServerState.java:close(394)) - 1b9c3f53-581e-4e17-8897-4ebbf3327c8c:group-32E6E2F7DE9B closes. The last applied log index is 77
2019-06-17 11:56:25,579 INFO  storage.RaftLogWorker (RaftLogWorker.java:run(236)) - 1b9c3f53-581e-4e17-8897-4ebbf3327c8c-RaftLogWorker was interrupted, exiting. There are 0 tasks remaining in the queue.
2019-06-17 11:56:25,580 INFO  storage.RaftLogWorker (RaftLogWorker.java:close(168)) - 1b9c3f53-581e-4e17-8897-4ebbf3327c8c-RaftLogWorker close()
2019-06-17 11:56:25,590 INFO  impl.RaftServerProxy (RaftServerProxy.java:remove(95)) - 85213c7d-4745-48e8-b6b0-9b3b3fc25627: remove   LEADER group-32E6E2F7DE9B 85213c7d-4745-48e8-b6b0-9b3b3fc25627:t1, leader=85213c7d-4745-48e8-b6b0-9b3b3fc25627, voted=85213c7d-4745-48e8-b6b0-9b3b3fc25627, raftlog=85213c7d-4745-48e8-b6b0-9b3b3fc25627-SegmentedRaftLog:OPENED:c78,f78,i78, conf=0: [85213c7d-4745-48e8-b6b0-9b3b3fc25627:192.168.134.80:42405, 1aba34a0-80cb-4a0f-be19-4b974831cf12:192.168.134.80:42901, 1b9c3f53-581e-4e17-8897-4ebbf3327c8c:192.168.134.80:43995], old=null RUNNING
2019-06-17 11:56:25,591 INFO  impl.RaftServerImpl (RaftServerImpl.java:lambda$shutdown$3(238)) - 85213c7d-4745-48e8-b6b0-9b3b3fc25627: shutdown group-32E6E2F7DE9B
2019-06-17 11:56:25,591 INFO  util.JmxRegister (JmxRegister.java:unregister(73)) - Successfully un-registered JMX Bean with object name Ratis:service=RaftServer,group=group-32E6E2F7DE9B,id=85213c7d-4745-48e8-b6b0-9b3b3fc25627
2019-06-17 11:56:25,591 INFO  impl.RoleInfo (RoleInfo.java:shutdownLeaderState(104)) - 85213c7d-4745-48e8-b6b0-9b3b3fc25627: shutdown LeaderState
2019-06-17 11:56:25,591 INFO  impl.PendingRequests (PendingRequests.java:sendNotLeaderResponses(140)) - 85213c7d-4745-48e8-b6b0-9b3b3fc25627-PendingRequests: sendNotLeaderResponses
2019-06-17 11:56:25,591 WARN  server.GrpcLogAppender (GrpcLogAppender.java:mayWait(142)) - GrpcLogAppender(85213c7d-4745-48e8-b6b0-9b3b3fc25627 -> 1aba34a0-80cb-4a0f-be19-4b974831cf12): Wait interrupted by java.lang.InterruptedException
2019-06-17 11:56:25,594 INFO  ratis.ContainerStateMachine (ContainerStateMachine.java:takeSnapshot(245)) - Taking snapshot at termIndex:(t:1, i:77)
2019-06-17 11:56:25,594 INFO  ratis.ContainerStateMachine (ContainerStateMachine.java:takeSnapshot(249)) - Taking a snapshot to file /opt/src/hadoop-ozone/tools/target/test-dir/MiniOzoneClusterImpl-dea3f24d-83b7-4d2d-afe5-4f36cb043d21/datanode-2/data/ratis/9eaf36af-abe6-4595-ae2a-32e6e2f7de9b/sm/snapshot.1_77
2019-06-17 11:56:25,591 WARN  server.GrpcLogAppender (GrpcLogAppender.java:mayWait(142)) - GrpcLogAppender(85213c7d-4745-48e8-b6b0-9b3b3fc25627 -> 1b9c3f53-581e-4e17-8897-4ebbf3327c8c): Wait interrupted by java.lang.InterruptedException
2019-06-17 11:56:25,595 INFO  impl.StateMachineUpdater (StateMachineUpdater.java:stopAndJoin(109)) - StateMachineUpdater-85213c7d-4745-48e8-b6b0-9b3b3fc25627-group-32E6E2F7DE9B: set stopIndex = 78
2019-06-17 11:56:25,595 INFO  server.GrpcServerProtocolService (GrpcServerProtocolService.java:onCompleted(104)) - 1b9c3f53-581e-4e17-8897-4ebbf3327c8c: appendEntries completed
2019-06-17 11:56:25,595 INFO  impl.RaftServerImpl (ServerState.java:close(394)) - 85213c7d-4745-48e8-b6b0-9b3b3fc25627:group-32E6E2F7DE9B closes. The last applied log index is 78
2019-06-17 11:56:25,595 INFO  server.GrpcServerProtocolService (GrpcServerProtocolService.java:onCompleted(104)) - 1aba34a0-80cb-4a0f-be19-4b974831cf12: appendEntries completed
2019-06-17 11:56:25,596 INFO  server.GrpcLogAppender (GrpcLogAppender.java:onCompleted(277)) - 85213c7d-4745-48e8-b6b0-9b3b3fc25627: follower 85213c7d-4745-48e8-b6b0-9b3b3fc25627->1b9c3f53-581e-4e17-8897-4ebbf3327c8c(c77,m78,n79, attendVote=true, lastRpcSendTime=415, lastRpcResponseTime=410) response Completed
2019-06-17 11:56:25,596 INFO  server.GrpcLogAppender (GrpcLogAppender.java:onCompleted(277)) - 85213c7d-4745-48e8-b6b0-9b3b3fc25627: follower 85213c7d-4745-48e8-b6b0-9b3b3fc25627->1aba34a0-80cb-4a0f-be19-4b974831cf12(c77,m78,n79, attendVote=true, lastRpcSendTime=415, lastRpcResponseTime=413) response Completed
2019-06-17 11:56:25,597 INFO  storage.RaftLogWorker (RaftLogWorker.java:run(236)) - 85213c7d-4745-48e8-b6b0-9b3b3fc25627-RaftLogWorker was interrupted, exiting. There are 0 tasks remaining in the queue.
2019-06-17 11:56:25,598 INFO  impl.FollowerInfo (FollowerInfo.java:lambda$new$0(50)) - 85213c7d-4745-48e8-b6b0-9b3b3fc25627->1aba34a0-80cb-4a0f-be19-4b974831cf12: nextIndex: updateUnconditionally 79 -> -1
2019-06-17 11:56:25,598 INFO  impl.FollowerInfo (FollowerInfo.java:lambda$new$0(50)) - 85213c7d-4745-48e8-b6b0-9b3b3fc25627->1b9c3f53-581e-4e17-8897-4ebbf3327c8c: nextIndex: updateUnconditionally 79 -> -1
2019-06-17 11:56:25,603 INFO  storage.RaftLogWorker (RaftLogWorker.java:close(168)) - 85213c7d-4745-48e8-b6b0-9b3b3fc25627-RaftLogWorker close()
2019-06-17 11:56:25,606 INFO  pipeline.PipelineStateManager (PipelineStateManager.java:removePipeline(108)) - Pipeline Pipeline[ Id: 9eaf36af-abe6-4595-ae2a-32e6e2f7de9b, Nodes: 1aba34a0-80cb-4a0f-be19-4b974831cf12{ip: 192.168.134.80, host: ozone-unit-076618677d3jd4dp-3349163179, networkLocation: /default-rack, certSerialId: null}1b9c3f53-581e-4e17-8897-4ebbf3327c8c{ip: 192.168.134.80, host: ozone-unit-076618677d3jd4dp-3349163179, networkLocation: /default-rack, certSerialId: null}85213c7d-4745-48e8-b6b0-9b3b3fc25627{ip: 192.168.134.80, host: ozone-unit-076618677d3jd4dp-3349163179, networkLocation: /default-rack, certSerialId: null}, Type:RATIS, Factor:THREE, State:CLOSED] removed from db
2019-06-17 11:56:25,623 INFO  impl.RaftServerProxy (RaftServerProxy.java:addNew(89)) - 1aba34a0-80cb-4a0f-be19-4b974831cf12: addNew group-534B753A326A:[85213c7d-4745-48e8-b6b0-9b3b3fc25627:192.168.134.80:42405, 1aba34a0-80cb-4a0f-be19-4b974831cf12:192.168.134.80:42901, 1b9c3f53-581e-4e17-8897-4ebbf3327c8c:192.168.134.80:43995] returns group-534B753A326A:java.util.concurrent.CompletableFuture@79eeff24[Not completed]
2019-06-17 11:56:25,623 INFO  impl.RaftServerProxy (RaftServerProxy.java:addNew(89)) - 1b9c3f53-581e-4e17-8897-4ebbf3327c8c: addNew group-534B753A326A:[85213c7d-4745-48e8-b6b0-9b3b3fc25627:192.168.134.80:42405, 1aba34a0-80cb-4a0f-be19-4b974831cf12:192.168.134.80:42901, 1b9c3f53-581e-4e17-8897-4ebbf3327c8c:192.168.134.80:43995] returns group-534B753A326A:java.util.concurrent.CompletableFuture@7d5251d3[Not completed]
2019-06-17 11:56:25,624 INFO  impl.RaftServerImpl (RaftServerImpl.java:<init>(91)) - 1b9c3f53-581e-4e17-8897-4ebbf3327c8c: new RaftServerImpl for group-534B753A326A:[85213c7d-4745-48e8-b6b0-9b3b3fc25627:192.168.134.80:42405, 1aba34a0-80cb-4a0f-be19-4b974831cf12:192.168.134.80:42901, 1b9c3f53-581e-4e17-8897-4ebbf3327c8c:192.168.134.80:43995] with ContainerStateMachine:uninitialized
2019-06-17 11:56:25,629 INFO  server.RaftServerConfigKeys (ConfUtils.java:logGet(43)) - raft.server.rpc.timeout.min = 1s (custom)
2019-06-17 11:56:25,630 INFO  server.RaftServerConfigKeys (ConfUtils.java:logGet(43)) - raft.server.rpc.timeout.max = 1200ms (custom)
2019-06-17 11:56:25,630 INFO  server.RaftServerConfigKeys (ConfUtils.java:logGet(43)) - raft.server.rpcslowness.timeout = 120s (custom)
2019-06-17 11:56:25,630 INFO  server.RaftServerConfigKeys (ConfUtils.java:logGet(43)) - raft.server.log.appender.install.snapshot.enabled = true (default)
2019-06-17 11:56:25,630 INFO  impl.RaftServerImpl (ServerState.java:<init>(101)) - 1b9c3f53-581e-4e17-8897-4ebbf3327c8c:group-534B753A326A ConfigurationManager, init=-1: [85213c7d-4745-48e8-b6b0-9b3b3fc25627:192.168.134.80:42405, 1aba34a0-80cb-4a0f-be19-4b974831cf12:192.168.134.80:42901, 1b9c3f53-581e-4e17-8897-4ebbf3327c8c:192.168.134.80:43995], old=null, confs=<EMPTY_MAP>
2019-06-17 11:56:25,630 INFO  server.RaftServerConfigKeys (ConfUtils.java:logGet(43)) - raft.server.storage.dir = [/opt/src/hadoop-ozone/tools/target/test-dir/MiniOzoneClusterImpl-dea3f24d-83b7-4d2d-afe5-4f36cb043d21/datanode-1/data/ratis] (custom)
2019-06-17 11:56:25,624 INFO  impl.RaftServerImpl (RaftServerImpl.java:<init>(91)) - 85213c7d-4745-48e8-b6b0-9b3b3fc25627: new RaftServerImpl for group-534B753A326A:[85213c7d-4745-48e8-b6b0-9b3b3fc25627:192.168.134.80:42405, 1aba34a0-80cb-4a0f-be19-4b974831cf12:192.168.134.80:42901, 1b9c3f53-581e-4e17-8897-4ebbf3327c8c:192.168.134.80:43995] with ContainerStateMachine:uninitialized
2019-06-17 11:56:25,623 INFO  impl.RaftServerImpl (RaftServerImpl.java:<init>(91)) - 1aba34a0-80cb-4a0f-be19-4b974831cf12: new RaftServerImpl for group-534B753A326A:[85213c7d-4745-48e8-b6b0-9b3b3fc25627:192.168.134.80:42405, 1aba34a0-80cb-4a0f-be19-4b974831cf12:192.168.134.80:42901, 1b9c3f53-581e-4e17-8897-4ebbf3327c8c:192.168.134.80:43995] with ContainerStateMachine:uninitialized
2019-06-17 11:56:25,623 INFO  impl.RaftServerProxy (RaftServerProxy.java:addNew(89)) - 85213c7d-4745-48e8-b6b0-9b3b3fc25627: addNew group-534B753A326A:[85213c7d-4745-48e8-b6b0-9b3b3fc25627:192.168.134.80:42405, 1aba34a0-80cb-4a0f-be19-4b974831cf12:192.168.134.80:42901, 1b9c3f53-581e-4e17-8897-4ebbf3327c8c:192.168.134.80:43995] returns group-534B753A326A:java.util.concurrent.CompletableFuture@68dafef6[Not completed]
2019-06-17 11:56:25,631 INFO  server.RaftServerConfigKeys (ConfUtils.java:logGet(43)) - raft.server.rpc.timeout.min = 1s (custom)
2019-06-17 11:56:25,631 INFO  server.RaftServerConfigKeys (ConfUtils.java:logGet(43)) - raft.server.rpc.timeout.min = 1s (custom)
2019-06-17 11:56:25,631 INFO  storage.RaftStorageDirectory (RaftStorageDirectory.java:analyzeStorage(246)) - The storage directory /opt/src/hadoop-ozone/tools/target/test-dir/MiniOzoneClusterImpl-dea3f24d-83b7-4d2d-afe5-4f36cb043d21/datanode-1/data/ratis/27ad3cfc-da38-44fb-9068-534b753a326a does not exist. Creating ...
2019-06-17 11:56:25,631 INFO  server.RaftServerConfigKeys (ConfUtils.java:logGet(43)) - raft.server.rpc.timeout.max = 1200ms (custom)
2019-06-17 11:56:25,631 INFO  server.RaftServerConfigKeys (ConfUtils.java:logGet(43)) - raft.server.rpcslowness.timeout = 120s (custom)
2019-06-17 11:56:25,631 INFO  server.RaftServerConfigKeys (ConfUtils.java:logGet(43)) - raft.server.log.appender.install.snapshot.enabled = true (default)
2019-06-17 11:56:25,631 INFO  impl.RaftServerImpl (ServerState.java:<init>(101)) - 85213c7d-4745-48e8-b6b0-9b3b3fc25627:group-534B753A326A ConfigurationManager, init=-1: [85213c7d-4745-48e8-b6b0-9b3b3fc25627:192.168.134.80:42405, 1aba34a0-80cb-4a0f-be19-4b974831cf12:192.168.134.80:42901, 1b9c3f53-581e-4e17-8897-4ebbf3327c8c:192.168.134.80:43995], old=null, confs=<EMPTY_MAP>
2019-06-17 11:56:25,631 INFO  server.RaftServerConfigKeys (ConfUtils.java:logGet(43)) - raft.server.rpc.timeout.max = 1200ms (custom)
2019-06-17 11:56:25,631 INFO  server.RaftServerConfigKeys (ConfUtils.java:logGet(43)) - raft.server.storage.dir = [/opt/src/hadoop-ozone/tools/target/test-dir/MiniOzoneClusterImpl-dea3f24d-83b7-4d2d-afe5-4f36cb043d21/datanode-2/data/ratis] (custom)
2019-06-17 11:56:25,632 INFO  server.RaftServerConfigKeys (ConfUtils.java:logGet(43)) - raft.server.rpcslowness.timeout = 120s (custom)
2019-06-17 11:56:25,632 INFO  server.RaftServerConfigKeys (ConfUtils.java:logGet(43)) - raft.server.log.appender.install.snapshot.enabled = true (default)
2019-06-17 11:56:25,632 INFO  storage.RaftStorageDirectory (RaftStorageDirectory.java:analyzeStorage(246)) - The storage directory /opt/src/hadoop-ozone/tools/target/test-dir/MiniOzoneClusterImpl-dea3f24d-83b7-4d2d-afe5-4f36cb043d21/datanode-2/data/ratis/27ad3cfc-da38-44fb-9068-534b753a326a does not exist. Creating ...
2019-06-17 11:56:25,632 INFO  impl.RaftServerImpl (ServerState.java:<init>(101)) - 1aba34a0-80cb-4a0f-be19-4b974831cf12:group-534B753A326A ConfigurationManager, init=-1: [85213c7d-4745-48e8-b6b0-9b3b3fc25627:192.168.134.80:42405, 1aba34a0-80cb-4a0f-be19-4b974831cf12:192.168.134.80:42901, 1b9c3f53-581e-4e17-8897-4ebbf3327c8c:192.168.134.80:43995], old=null, confs=<EMPTY_MAP>
2019-06-17 11:56:25,632 INFO  server.RaftServerConfigKeys (ConfUtils.java:logGet(43)) - raft.server.storage.dir = [/opt/src/hadoop-ozone/tools/target/test-dir/MiniOzoneClusterImpl-dea3f24d-83b7-4d2d-afe5-4f36cb043d21/datanode-0/data/ratis] (custom)
2019-06-17 11:56:25,632 INFO  storage.RaftStorageDirectory (RaftStorageDirectory.java:analyzeStorage(246)) - The storage directory /opt/src/hadoop-ozone/tools/target/test-dir/MiniOzoneClusterImpl-dea3f24d-83b7-4d2d-afe5-4f36cb043d21/datanode-0/data/ratis/27ad3cfc-da38-44fb-9068-534b753a326a does not exist. Creating ...
2019-06-17 11:56:25,636 INFO  storage.RaftStorageDirectory (RaftStorageDirectory.java:tryLock(328)) - Lock on /opt/src/hadoop-ozone/tools/target/test-dir/MiniOzoneClusterImpl-dea3f24d-83b7-4d2d-afe5-4f36cb043d21/datanode-2/data/ratis/27ad3cfc-da38-44fb-9068-534b753a326a/in_use.lock acquired by nodename 18143@ozone-unit-076618677d3jd4dp-3349163179
2019-06-17 11:56:25,636 INFO  storage.RaftStorageDirectory (RaftStorageDirectory.java:tryLock(328)) - Lock on /opt/src/hadoop-ozone/tools/target/test-dir/MiniOzoneClusterImpl-dea3f24d-83b7-4d2d-afe5-4f36cb043d21/datanode-0/data/ratis/27ad3cfc-da38-44fb-9068-534b753a326a/in_use.lock acquired by nodename 18143@ozone-unit-076618677d3jd4dp-3349163179
2019-06-17 11:56:25,636 INFO  storage.RaftStorageDirectory (RaftStorageDirectory.java:tryLock(328)) - Lock on /opt/src/hadoop-ozone/tools/target/test-dir/MiniOzoneClusterImpl-dea3f24d-83b7-4d2d-afe5-4f36cb043d21/datanode-1/data/ratis/27ad3cfc-da38-44fb-9068-534b753a326a/in_use.lock acquired by nodename 18143@ozone-unit-076618677d3jd4dp-3349163179
2019-06-17 11:56:25,638 INFO  storage.RaftStorage (RaftStorage.java:format(75)) - Storage directory /opt/src/hadoop-ozone/tools/target/test-dir/MiniOzoneClusterImpl-dea3f24d-83b7-4d2d-afe5-4f36cb043d21/datanode-0/data/ratis/27ad3cfc-da38-44fb-9068-534b753a326a has been successfully formatted.
2019-06-17 11:56:25,638 INFO  storage.RaftStorage (RaftStorage.java:format(75)) - Storage directory /opt/src/hadoop-ozone/tools/target/test-dir/MiniOzoneClusterImpl-dea3f24d-83b7-4d2d-afe5-4f36cb043d21/datanode-2/data/ratis/27ad3cfc-da38-44fb-9068-534b753a326a has been successfully formatted.
2019-06-17 11:56:25,638 INFO  ratis.ContainerStateMachine (ContainerStateMachine.java:loadSnapshot(199)) - The snapshot info is null.Setting the last applied index to:(t:0, i:~)
2019-06-17 11:56:25,639 INFO  ratis.ContainerStateMachine (ContainerStateMachine.java:loadSnapshot(199)) - The snapshot info is null.Setting the last applied index to:(t:0, i:~)
2019-06-17 11:56:25,639 INFO  server.RaftServerConfigKeys (ConfUtils.java:logGet(43)) - raft.server.leader.election.timeout = 120s (custom)
2019-06-17 11:56:25,639 INFO  server.RaftServerConfigKeys (ConfUtils.java:logGet(43)) - raft.server.log.use.memory = false (default)
2019-06-17 11:56:25,639 INFO  server.RaftServerConfigKeys (ConfUtils.java:logGet(43)) - raft.server.log.appender.buffer.byte-limit = 33554432 (custom)
2019-06-17 11:56:25,639 INFO  server.RaftServerConfigKeys (ConfUtils.java:logGet(43)) - raft.server.log.segment.size.max = 16384 (custom)
2019-06-17 11:56:25,639 INFO  server.RaftServerConfigKeys (ConfUtils.java:logGet(43)) - raft.server.log.segment.cache.num.max = 2 (custom)
2019-06-17 11:56:25,639 INFO  storage.RaftLogWorker (RaftLogWorker.java:<init>(123)) - new 85213c7d-4745-48e8-b6b0-9b3b3fc25627-RaftLogWorker for Storage Directory /opt/src/hadoop-ozone/tools/target/test-dir/MiniOzoneClusterImpl-dea3f24d-83b7-4d2d-afe5-4f36cb043d21/datanode-2/data/ratis/27ad3cfc-da38-44fb-9068-534b753a326a
2019-06-17 11:56:25,639 INFO  server.RaftServerConfigKeys (ConfUtils.java:logGet(43)) - raft.server.log.queue.byte-limit = 2147483647 (custom)
2019-06-17 11:56:25,639 INFO  server.RaftServerConfigKeys (ConfUtils.java:logGet(43)) - raft.server.log.queue.element-limit = 1024 (custom)
2019-06-17 11:56:25,639 INFO  server.RaftServerConfigKeys (ConfUtils.java:logGet(43)) - raft.server.log.segment.size.max = 16384 (custom)
2019-06-17 11:56:25,639 INFO  server.RaftServerConfigKeys (ConfUtils.java:logGet(43)) - raft.server.log.preallocated.size = 16384 (custom)
2019-06-17 11:56:25,640 INFO  server.RaftServerConfigKeys (ConfUtils.java:logGet(43)) - raft.server.log.write.buffer.size = 33554432 (custom)
2019-06-17 11:56:25,640 INFO  server.RaftServerConfigKeys (ConfUtils.java:logGet(43)) - raft.server.log.force.sync.num = 128 (default)
2019-06-17 11:56:25,640 INFO  server.RaftServerConfigKeys (ConfUtils.java:logGet(43)) - raft.server.log.statemachine.data.sync = true (default)
2019-06-17 11:56:25,640 INFO  server.RaftServerConfigKeys (ConfUtils.java:logGet(43)) - raft.server.log.statemachine.data.sync.timeout = 10s (default)
2019-06-17 11:56:25,640 INFO  server.RaftServerConfigKeys (ConfUtils.java:logGet(43)) - raft.server.log.statemachine.data.sync.timeout.retry = -1 (default)
2019-06-17 11:56:25,640 INFO  server.RaftServerConfigKeys (ConfUtils.java:logGet(43)) - raft.server.log.statemachine.data.caching.enabled = true (custom)
2019-06-17 11:56:25,638 INFO  storage.RaftStorage (RaftStorage.java:format(75)) - Storage directory /opt/src/hadoop-ozone/tools/target/test-dir/MiniOzoneClusterImpl-dea3f24d-83b7-4d2d-afe5-4f36cb043d21/datanode-1/data/ratis/27ad3cfc-da38-44fb-9068-534b753a326a has been successfully formatted.
2019-06-17 11:56:25,640 INFO  server.RaftServerConfigKeys (ConfUtils.java:logGet(43)) - raft.server.snapshot.auto.trigger.enabled = true (custom)
2019-06-17 11:56:25,639 INFO  server.RaftServerConfigKeys (ConfUtils.java:logGet(43)) - raft.server.leader.election.timeout = 120s (custom)
2019-06-17 11:56:25,640 INFO  ratis.ContainerStateMachine (ContainerStateMachine.java:loadSnapshot(199)) - The snapshot info is null.Setting the last applied index to:(t:0, i:~)
2019-06-17 11:56:25,641 INFO  server.RaftServerConfigKeys (ConfUtils.java:logGet(43)) - raft.server.leader.election.timeout = 120s (custom)
2019-06-17 11:56:25,641 INFO  server.RaftServerConfigKeys (ConfUtils.java:logGet(43)) - raft.server.log.use.memory = false (default)
2019-06-17 11:56:25,641 INFO  server.RaftServerConfigKeys (ConfUtils.java:logGet(43)) - raft.server.snapshot.auto.trigger.threshold = 10000 (custom)
2019-06-17 11:56:25,640 INFO  server.RaftServerConfigKeys (ConfUtils.java:logGet(43)) - raft.server.log.use.memory = false (default)
2019-06-17 11:56:25,641 INFO  server.RaftServerConfigKeys (ConfUtils.java:logGet(43)) - raft.server.retrycache.expirytime = 600000ms (custom)
2019-06-17 11:56:25,641 INFO  server.RaftServerConfigKeys (ConfUtils.java:logGet(43)) - raft.server.log.appender.buffer.byte-limit = 33554432 (custom)
2019-06-17 11:56:25,641 INFO  impl.RaftServerImpl (RaftServerImpl.java:start(173)) - 85213c7d-4745-48e8-b6b0-9b3b3fc25627: start group-534B753A326A
2019-06-17 11:56:25,641 INFO  server.RaftServerConfigKeys (ConfUtils.java:logGet(43)) - raft.server.log.appender.buffer.byte-limit = 33554432 (custom)
2019-06-17 11:56:25,641 INFO  impl.RaftServerImpl (RaftServerImpl.java:setRole(164)) - 85213c7d-4745-48e8-b6b0-9b3b3fc25627:group-534B753A326A changes role from null to FOLLOWER at term 0 for startAsFollower
2019-06-17 11:56:25,641 INFO  server.RaftServerConfigKeys (ConfUtils.java:logGet(43)) - raft.server.log.segment.size.max = 16384 (custom)
2019-06-17 11:56:25,641 INFO  server.RaftServerConfigKeys (ConfUtils.java:logGet(43)) - raft.server.log.segment.cache.num.max = 2 (custom)
2019-06-17 11:56:25,641 INFO  storage.RaftLogWorker (RaftLogWorker.java:<init>(123)) - new 1b9c3f53-581e-4e17-8897-4ebbf3327c8c-RaftLogWorker for Storage Directory /opt/src/hadoop-ozone/tools/target/test-dir/MiniOzoneClusterImpl-dea3f24d-83b7-4d2d-afe5-4f36cb043d21/datanode-1/data/ratis/27ad3cfc-da38-44fb-9068-534b753a326a
2019-06-17 11:56:25,642 INFO  server.RaftServerConfigKeys (ConfUtils.java:logGet(43)) - raft.server.log.queue.byte-limit = 2147483647 (custom)
2019-06-17 11:56:25,642 INFO  server.RaftServerConfigKeys (ConfUtils.java:logGet(43)) - raft.server.log.queue.element-limit = 1024 (custom)
2019-06-17 11:56:25,642 INFO  server.RaftServerConfigKeys (ConfUtils.java:logGet(43)) - raft.server.log.segment.size.max = 16384 (custom)
2019-06-17 11:56:25,642 INFO  server.RaftServerConfigKeys (ConfUtils.java:logGet(43)) - raft.server.log.preallocated.size = 16384 (custom)
2019-06-17 11:56:25,642 INFO  server.RaftServerConfigKeys (ConfUtils.java:logGet(43)) - raft.server.log.write.buffer.size = 33554432 (custom)
2019-06-17 11:56:25,642 INFO  server.RaftServerConfigKeys (ConfUtils.java:logGet(43)) - raft.server.log.force.sync.num = 128 (default)
2019-06-17 11:56:25,642 INFO  server.RaftServerConfigKeys (ConfUtils.java:logGet(43)) - raft.server.log.statemachine.data.sync = true (default)
2019-06-17 11:56:25,642 INFO  server.RaftServerConfigKeys (ConfUtils.java:logGet(43)) - raft.server.log.statemachine.data.sync.timeout = 10s (default)
2019-06-17 11:56:25,642 INFO  server.RaftServerConfigKeys (ConfUtils.java:logGet(43)) - raft.server.log.statemachine.data.sync.timeout.retry = -1 (default)
2019-06-17 11:56:25,642 INFO  server.RaftServerConfigKeys (ConfUtils.java:logGet(43)) - raft.server.log.statemachine.data.caching.enabled = true (custom)
2019-06-17 11:56:25,641 INFO  impl.RoleInfo (RoleInfo.java:updateAndGet(143)) - 85213c7d-4745-48e8-b6b0-9b3b3fc25627: start FollowerState
2019-06-17 11:56:25,643 INFO  server.RaftServerConfigKeys (ConfUtils.java:logGet(43)) - raft.server.snapshot.auto.trigger.enabled = true (custom)
2019-06-17 11:56:25,643 INFO  server.RaftServerConfigKeys (ConfUtils.java:logGet(43)) - raft.server.snapshot.auto.trigger.threshold = 10000 (custom)
2019-06-17 11:56:25,643 INFO  server.RaftServerConfigKeys (ConfUtils.java:logGet(43)) - raft.server.retrycache.expirytime = 600000ms (custom)
2019-06-17 11:56:25,643 INFO  impl.RaftServerImpl (RaftServerImpl.java:start(173)) - 1b9c3f53-581e-4e17-8897-4ebbf3327c8c: start group-534B753A326A
2019-06-17 11:56:25,643 INFO  impl.RaftServerImpl (RaftServerImpl.java:setRole(164)) - 1b9c3f53-581e-4e17-8897-4ebbf3327c8c:group-534B753A326A changes role from null to FOLLOWER at term 0 for startAsFollower
2019-06-17 11:56:25,643 INFO  impl.RoleInfo (RoleInfo.java:updateAndGet(143)) - 1b9c3f53-581e-4e17-8897-4ebbf3327c8c: start FollowerState
2019-06-17 11:56:25,641 INFO  server.RaftServerConfigKeys (ConfUtils.java:logGet(43)) - raft.server.log.segment.size.max = 16384 (custom)
2019-06-17 11:56:25,643 INFO  server.RaftServerConfigKeys (ConfUtils.java:logGet(43)) - raft.server.log.segment.cache.num.max = 2 (custom)
2019-06-17 11:56:25,643 INFO  storage.RaftLogWorker (RaftLogWorker.java:<init>(123)) - new 1aba34a0-80cb-4a0f-be19-4b974831cf12-RaftLogWorker for Storage Directory /opt/src/hadoop-ozone/tools/target/test-dir/MiniOzoneClusterImpl-dea3f24d-83b7-4d2d-afe5-4f36cb043d21/datanode-0/data/ratis/27ad3cfc-da38-44fb-9068-534b753a326a
2019-06-17 11:56:25,644 INFO  util.JmxRegister (JmxRegister.java:tryRegister(44)) - Successfully registered JMX Bean with object name Ratis:service=RaftServer,group=group-534B753A326A,id=1b9c3f53-581e-4e17-8897-4ebbf3327c8c
2019-06-17 11:56:25,644 INFO  server.RaftServerConfigKeys (ConfUtils.java:logGet(43)) - raft.server.log.queue.byte-limit = 2147483647 (custom)
2019-06-17 11:56:25,644 INFO  server.RaftServerConfigKeys (ConfUtils.java:logGet(43)) - raft.server.log.queue.element-limit = 1024 (custom)
2019-06-17 11:56:25,644 INFO  server.RaftServerConfigKeys (ConfUtils.java:logGet(43)) - raft.server.log.segment.size.max = 16384 (custom)
2019-06-17 11:56:25,644 INFO  server.RaftServerConfigKeys (ConfUtils.java:logGet(43)) - raft.server.log.preallocated.size = 16384 (custom)
2019-06-17 11:56:25,644 INFO  util.JmxRegister (JmxRegister.java:tryRegister(44)) - Successfully registered JMX Bean with object name Ratis:service=RaftServer,group=group-534B753A326A,id=85213c7d-4745-48e8-b6b0-9b3b3fc25627
2019-06-17 11:56:25,644 INFO  server.RaftServerConfigKeys (ConfUtils.java:logGet(43)) - raft.server.log.write.buffer.size = 33554432 (custom)
2019-06-17 11:56:25,644 INFO  server.RaftServerConfigKeys (ConfUtils.java:logGet(43)) - raft.server.log.force.sync.num = 128 (default)
2019-06-17 11:56:25,644 INFO  server.RaftServerConfigKeys (ConfUtils.java:logGet(43)) - raft.server.log.statemachine.data.sync = true (default)
2019-06-17 11:56:25,645 INFO  server.RaftServerConfigKeys (ConfUtils.java:logGet(43)) - raft.server.log.statemachine.data.sync.timeout = 10s (default)
2019-06-17 11:56:25,645 INFO  server.RaftServerConfigKeys (ConfUtils.java:logGet(43)) - raft.server.log.statemachine.data.sync.timeout.retry = -1 (default)
2019-06-17 11:56:25,645 INFO  server.RaftServerConfigKeys (ConfUtils.java:logGet(43)) - raft.server.log.statemachine.data.caching.enabled = true (custom)
2019-06-17 11:56:25,646 INFO  server.RaftServerConfigKeys (ConfUtils.java:logGet(43)) - raft.server.snapshot.auto.trigger.enabled = true (custom)
2019-06-17 11:56:25,646 INFO  server.RaftServerConfigKeys (ConfUtils.java:logGet(43)) - raft.server.snapshot.auto.trigger.threshold = 10000 (custom)
2019-06-17 11:56:25,646 INFO  server.RaftServerConfigKeys (ConfUtils.java:logGet(43)) - raft.server.retrycache.expirytime = 600000ms (custom)
2019-06-17 11:56:25,647 INFO  impl.RaftServerImpl (RaftServerImpl.java:start(173)) - 1aba34a0-80cb-4a0f-be19-4b974831cf12: start group-534B753A326A
2019-06-17 11:56:25,647 INFO  impl.RaftServerImpl (RaftServerImpl.java:setRole(164)) - 1aba34a0-80cb-4a0f-be19-4b974831cf12:group-534B753A326A changes role from null to FOLLOWER at term 0 for startAsFollower
2019-06-17 11:56:25,647 INFO  impl.RoleInfo (RoleInfo.java:updateAndGet(143)) - 1aba34a0-80cb-4a0f-be19-4b974831cf12: start FollowerState
2019-06-17 11:56:25,653 INFO  util.JmxRegister (JmxRegister.java:tryRegister(44)) - Successfully registered JMX Bean with object name Ratis:service=RaftServer,group=group-534B753A326A,id=1aba34a0-80cb-4a0f-be19-4b974831cf12
2019-06-17 11:56:25,665 INFO  pipeline.PipelineStateManager (PipelineStateManager.java:addPipeline(56)) - Created pipeline Pipeline[ Id: 27ad3cfc-da38-44fb-9068-534b753a326a, Nodes: 1aba34a0-80cb-4a0f-be19-4b974831cf12{ip: 192.168.134.80, host: ozone-unit-076618677d3jd4dp-3349163179, networkLocation: /default-rack, certSerialId: null}1b9c3f53-581e-4e17-8897-4ebbf3327c8c{ip: 192.168.134.80, host: ozone-unit-076618677d3jd4dp-3349163179, networkLocation: /default-rack, certSerialId: null}85213c7d-4745-48e8-b6b0-9b3b3fc25627{ip: 192.168.134.80, host: ozone-unit-076618677d3jd4dp-3349163179, networkLocation: /default-rack, certSerialId: null}, Type:RATIS, Factor:THREE, State:OPEN]
2019-06-17 11:56:25,693 INFO  freon.RandomKeyGenerator (RandomKeyGenerator.java:call(261)) - Number of Threads: 10
2019-06-17 11:56:25,693 INFO  freon.RandomKeyGenerator (RandomKeyGenerator.java:call(267)) - Number of Volumes: 1.
2019-06-17 11:56:25,694 INFO  freon.RandomKeyGenerator (RandomKeyGenerator.java:call(268)) - Number of Buckets per Volume: 1.
2019-06-17 11:56:25,694 INFO  freon.RandomKeyGenerator (RandomKeyGenerator.java:call(269)) - Number of Keys per Bucket: 1.
2019-06-17 11:56:25,694 INFO  freon.RandomKeyGenerator (RandomKeyGenerator.java:call(270)) - Key size: 20971520 bytes
2019-06-17 11:56:25,694 INFO  freon.RandomKeyGenerator (RandomKeyGenerator.java:call(271)) - Buffer size: 4096 bytes
2019-06-17 11:56:25,694 INFO  freon.RandomKeyGenerator (RandomKeyGenerator.java:call(287)) - Data validation is enabled.
2019-06-17 11:56:25,694 INFO  freon.RandomKeyGenerator (RandomKeyGenerator.java:call(300)) - Starting progress bar Thread.

 0.00% |█                                                                                                    |  0/1 Time: 0:00:002019-06-17 11:56:25,694 INFO  rpc.RpcClient (RpcClient.java:createVolume(289)) - Creating Volume: vol-0-69439, with jenkins1000 as owner.
2019-06-17 11:56:25,702 INFO  rpc.RpcClient (RpcClient.java:createBucket(426)) - Creating Bucket: vol-0-69439/bucket-0-55486, with Versioning false and Storage Type set to DISK and Encryption set to false 
2019-06-17 11:56:25,732 INFO  client.GrpcClientProtocolClient (GrpcClientProtocolClient.java:onNext(254)) - client-DFE0CD8FD35A->1aba34a0-80cb-4a0f-be19-4b974831cf12: receive RaftClientReply:client-DFE0CD8FD35A->1aba34a0-80cb-4a0f-be19-4b974831cf12@group-534B753A326A, cid=60, FAILED org.apache.ratis.protocol.NotLeaderException: Server 1aba34a0-80cb-4a0f-be19-4b974831cf12 is not the leader (85213c7d-4745-48e8-b6b0-9b3b3fc25627:192.168.134.80:42405). Request must be sent to leader., logIndex=0, commits[1aba34a0-80cb-4a0f-be19-4b974831cf12:c-1]
2019-06-17 11:56:25,735 WARN  client.GrpcClientProtocolService (LogUtils.java:warn(134)) - 1-OrderedRequestStreamObserver1: onError: org.apache.ratis.thirdparty.io.grpc.StatusRuntimeException: CANCELLED: cancelled before receiving half close
2019-06-17 11:56:26,649 INFO  impl.FollowerState (FollowerState.java:run(101)) - 1b9c3f53-581e-4e17-8897-4ebbf3327c8c:group-534B753A326A changes to CANDIDATE, lastRpcTime:1006, electionTimeout:1005ms
2019-06-17 11:56:26,650 INFO  impl.RoleInfo (RoleInfo.java:shutdownFollowerState(121)) - 1b9c3f53-581e-4e17-8897-4ebbf3327c8c: shutdown FollowerState
2019-06-17 11:56:26,651 INFO  impl.RaftServerImpl (RaftServerImpl.java:setRole(164)) - 1b9c3f53-581e-4e17-8897-4ebbf3327c8c:group-534B753A326A changes role from FOLLOWER to CANDIDATE at term 0 for changeToCandidate
2019-06-17 11:56:26,651 INFO  impl.RoleInfo (RoleInfo.java:updateAndGet(143)) - 1b9c3f53-581e-4e17-8897-4ebbf3327c8c: start LeaderElection
2019-06-17 11:56:26,655 INFO  impl.LeaderElection (LeaderElection.java:askForVotes(181)) - 1b9c3f53-581e-4e17-8897-4ebbf3327c8c:group-534B753A326A:LeaderElection6: begin an election at term 1 for -1: [85213c7d-4745-48e8-b6b0-9b3b3fc25627:192.168.134.80:42405, 1aba34a0-80cb-4a0f-be19-4b974831cf12:192.168.134.80:42901, 1b9c3f53-581e-4e17-8897-4ebbf3327c8c:192.168.134.80:43995], old=null
2019-06-17 11:56:26,664 INFO  impl.RaftServerImpl (RaftServerImpl.java:setRole(164)) - 85213c7d-4745-48e8-b6b0-9b3b3fc25627:group-534B753A326A changes role from FOLLOWER to FOLLOWER at term 1 for recognizeCandidate:1b9c3f53-581e-4e17-8897-4ebbf3327c8c
2019-06-17 11:56:26,665 INFO  impl.RoleInfo (RoleInfo.java:shutdownFollowerState(121)) - 85213c7d-4745-48e8-b6b0-9b3b3fc25627: shutdown FollowerState
2019-06-17 11:56:26,665 INFO  impl.RoleInfo (RoleInfo.java:updateAndGet(143)) - 85213c7d-4745-48e8-b6b0-9b3b3fc25627: start FollowerState
2019-06-17 11:56:26,665 INFO  impl.FollowerState (FollowerState.java:run(109)) - 85213c7d-4745-48e8-b6b0-9b3b3fc25627: FollowerState was interrupted: java.lang.InterruptedException: sleep interrupted
2019-06-17 11:56:26,670 INFO  impl.RaftServerImpl (RaftServerImpl.java:setRole(164)) - 1aba34a0-80cb-4a0f-be19-4b974831cf12:group-534B753A326A changes role from FOLLOWER to FOLLOWER at term 1 for recognizeCandidate:1b9c3f53-581e-4e17-8897-4ebbf3327c8c
2019-06-17 11:56:26,670 INFO  impl.RoleInfo (RoleInfo.java:shutdownFollowerState(121)) - 1aba34a0-80cb-4a0f-be19-4b974831cf12: shutdown FollowerState
2019-06-17 11:56:26,671 INFO  impl.RoleInfo (RoleInfo.java:updateAndGet(143)) - 1aba34a0-80cb-4a0f-be19-4b974831cf12: start FollowerState
2019-06-17 11:56:26,671 INFO  impl.FollowerState (FollowerState.java:run(109)) - 1aba34a0-80cb-4a0f-be19-4b974831cf12: FollowerState was interrupted: java.lang.InterruptedException: sleep interrupted
2019-06-17 11:56:26,675 INFO  impl.LeaderElection (LeaderElection.java:logAndReturn(56)) - 1b9c3f53-581e-4e17-8897-4ebbf3327c8c:group-534B753A326A:LeaderElection6: Election PASSED; received 1 response(s) [1b9c3f53-581e-4e17-8897-4ebbf3327c8c->85213c7d-4745-48e8-b6b0-9b3b3fc25627,true-t1] and 0 exception(s); 1b9c3f53-581e-4e17-8897-4ebbf3327c8c:t1, leader=null, voted=1b9c3f53-581e-4e17-8897-4ebbf3327c8c, raftlog=1b9c3f53-581e-4e17-8897-4ebbf3327c8c-SegmentedRaftLog:OPENED:c-1,f-1,i0, conf=-1: [85213c7d-4745-48e8-b6b0-9b3b3fc25627:192.168.134.80:42405, 1aba34a0-80cb-4a0f-be19-4b974831cf12:192.168.134.80:42901, 1b9c3f53-581e-4e17-8897-4ebbf3327c8c:192.168.134.80:43995], old=null
2019-06-17 11:56:26,675 INFO  impl.RoleInfo (RoleInfo.java:shutdownLeaderElection(134)) - 1b9c3f53-581e-4e17-8897-4ebbf3327c8c: shutdown LeaderElection
2019-06-17 11:56:26,675 INFO  impl.RaftServerImpl (RaftServerImpl.java:setRole(164)) - 1b9c3f53-581e-4e17-8897-4ebbf3327c8c:group-534B753A326A changes role from CANDIDATE to LEADER at term 1 for changeToLeader
2019-06-17 11:56:26,676 INFO  impl.RaftServerImpl (ServerState.java:setLeader(263)) - 1b9c3f53-581e-4e17-8897-4ebbf3327c8c:group-534B753A326A change Leader from null to 1b9c3f53-581e-4e17-8897-4ebbf3327c8c at term 1 for becomeLeader, leader elected after 1035ms
2019-06-17 11:56:26,676 INFO  server.RaftServerConfigKeys (ConfUtils.java:logGet(43)) - raft.server.staging.catchup.gap = 1000 (default)
2019-06-17 11:56:26,676 INFO  server.RaftServerConfigKeys (ConfUtils.java:logGet(43)) - raft.server.rpc.sleep.time = 25ms (default)
2019-06-17 11:56:26,676 INFO  server.RaftServerConfigKeys (ConfUtils.java:logGet(43)) - raft.server.watch.timeout = 10s (default)
2019-06-17 11:56:26,676 INFO  server.RaftServerConfigKeys (ConfUtils.java:logGet(43)) - raft.server.watch.timeout.denomination = 1s (default)
2019-06-17 11:56:26,676 INFO  server.RaftServerConfigKeys (ConfUtils.java:logGet(43)) - raft.server.log.appender.snapshot.chunk.size.max = 16MB (=16777216) (default)
2019-06-17 11:56:26,677 INFO  server.RaftServerConfigKeys (ConfUtils.java:logGet(43)) - raft.server.log.appender.buffer.byte-limit = 33554432 (custom)
2019-06-17 11:56:26,677 INFO  server.RaftServerConfigKeys (ConfUtils.java:logGet(43)) - raft.server.log.appender.buffer.element-limit = 1 (custom)
2019-06-17 11:56:26,677 INFO  grpc.GrpcConfigKeys$Server (ConfUtils.java:logGet(43)) - raft.grpc.server.leader.outstanding.appends.max = 128 (default)
2019-06-17 11:56:26,677 INFO  server.RaftServerConfigKeys (ConfUtils.java:logGet(43)) - raft.server.rpc.request.timeout = 3000ms (default)
2019-06-17 11:56:26,677 INFO  server.RaftServerConfigKeys (ConfUtils.java:logGet(43)) - raft.server.log.appender.install.snapshot.enabled = true (default)
2019-06-17 11:56:26,677 INFO  server.RaftServerConfigKeys (ConfUtils.java:logGet(43)) - raft.server.log.appender.snapshot.chunk.size.max = 16MB (=16777216) (default)
2019-06-17 11:56:26,678 INFO  server.RaftServerConfigKeys (ConfUtils.java:logGet(43)) - raft.server.log.appender.buffer.byte-limit = 33554432 (custom)
2019-06-17 11:56:26,679 INFO  server.RaftServerConfigKeys (ConfUtils.java:logGet(43)) - raft.server.log.appender.buffer.element-limit = 1 (custom)
2019-06-17 11:56:26,679 INFO  grpc.GrpcConfigKeys$Server (ConfUtils.java:logGet(43)) - raft.grpc.server.leader.outstanding.appends.max = 128 (default)
2019-06-17 11:56:26,679 INFO  server.RaftServerConfigKeys (ConfUtils.java:logGet(43)) - raft.server.rpc.request.timeout = 3000ms (default)
2019-06-17 11:56:26,679 INFO  server.RaftServerConfigKeys (ConfUtils.java:logGet(43)) - raft.server.log.appender.install.snapshot.enabled = true (default)
2019-06-17 11:56:26,679 INFO  impl.RoleInfo (RoleInfo.java:updateAndGet(143)) - 1b9c3f53-581e-4e17-8897-4ebbf3327c8c: start LeaderState
2019-06-17 11:56:26,680 INFO  storage.RaftLogWorker (RaftLogWorker.java:startLogSegment(298)) - 1b9c3f53-581e-4e17-8897-4ebbf3327c8c-RaftLogWorker: Starting segment from index:0
2019-06-17 11:56:26,681 INFO  impl.RaftServerImpl (ServerState.java:setRaftConf(361)) - 1b9c3f53-581e-4e17-8897-4ebbf3327c8c:group-534B753A326A set configuration 0: [85213c7d-4745-48e8-b6b0-9b3b3fc25627:192.168.134.80:42405, 1aba34a0-80cb-4a0f-be19-4b974831cf12:192.168.134.80:42901, 1b9c3f53-581e-4e17-8897-4ebbf3327c8c:192.168.134.80:43995], old=null at 0
 0.00% |█                                                                                                    |  0/1 Time: 0:00:012019-06-17 11:56:26,715 INFO  impl.RaftServerImpl (ServerState.java:setLeader(263)) - 85213c7d-4745-48e8-b6b0-9b3b3fc25627:group-534B753A326A change Leader from null to 1b9c3f53-581e-4e17-8897-4ebbf3327c8c at term 1 for appendEntries, leader elected after 1075ms
2019-06-17 11:56:26,715 INFO  impl.RaftServerImpl (ServerState.java:setLeader(263)) - 1aba34a0-80cb-4a0f-be19-4b974831cf12:group-534B753A326A change Leader from null to 1b9c3f53-581e-4e17-8897-4ebbf3327c8c at term 1 for appendEntries, leader elected after 1075ms
2019-06-17 11:56:26,717 INFO  storage.RaftLogWorker (RaftLogWorker.java:execute(469)) - 1b9c3f53-581e-4e17-8897-4ebbf3327c8c-RaftLogWorker: created new log segment /opt/src/hadoop-ozone/tools/target/test-dir/MiniOzoneClusterImpl-dea3f24d-83b7-4d2d-afe5-4f36cb043d21/datanode-1/data/ratis/27ad3cfc-da38-44fb-9068-534b753a326a/current/log_inprogress_0
2019-06-17 11:56:26,717 INFO  impl.RaftServerImpl (ServerState.java:setRaftConf(361)) - 85213c7d-4745-48e8-b6b0-9b3b3fc25627:group-534B753A326A set configuration 0: [85213c7d-4745-48e8-b6b0-9b3b3fc25627:192.168.134.80:42405, 1aba34a0-80cb-4a0f-be19-4b974831cf12:192.168.134.80:42901, 1b9c3f53-581e-4e17-8897-4ebbf3327c8c:192.168.134.80:43995], old=null at 0
2019-06-17 11:56:26,717 INFO  storage.RaftLogWorker (RaftLogWorker.java:startLogSegment(298)) - 85213c7d-4745-48e8-b6b0-9b3b3fc25627-RaftLogWorker: Starting segment from index:0
2019-06-17 11:56:26,717 INFO  impl.RaftServerImpl (ServerState.java:setRaftConf(361)) - 1aba34a0-80cb-4a0f-be19-4b974831cf12:group-534B753A326A set configuration 0: [85213c7d-4745-48e8-b6b0-9b3b3fc25627:192.168.134.80:42405, 1aba34a0-80cb-4a0f-be19-4b974831cf12:192.168.134.80:42901, 1b9c3f53-581e-4e17-8897-4ebbf3327c8c:192.168.134.80:43995], old=null at 0
2019-06-17 11:56:26,718 INFO  storage.RaftLogWorker (RaftLogWorker.java:startLogSegment(298)) - 1aba34a0-80cb-4a0f-be19-4b974831cf12-RaftLogWorker: Starting segment from index:0
2019-06-17 11:56:26,762 INFO  storage.RaftLogWorker (RaftLogWorker.java:execute(469)) - 1aba34a0-80cb-4a0f-be19-4b974831cf12-RaftLogWorker: created new log segment /opt/src/hadoop-ozone/tools/target/test-dir/MiniOzoneClusterImpl-dea3f24d-83b7-4d2d-afe5-4f36cb043d21/datanode-0/data/ratis/27ad3cfc-da38-44fb-9068-534b753a326a/current/log_inprogress_0
2019-06-17 11:56:26,764 INFO  storage.RaftLogWorker (RaftLogWorker.java:execute(469)) - 85213c7d-4745-48e8-b6b0-9b3b3fc25627-RaftLogWorker: created new log segment /opt/src/hadoop-ozone/tools/target/test-dir/MiniOzoneClusterImpl-dea3f24d-83b7-4d2d-afe5-4f36cb043d21/datanode-2/data/ratis/27ad3cfc-da38-44fb-9068-534b753a326a/current/log_inprogress_0
2019-06-17 11:56:26,765 INFO  keyvalue.KeyValueHandler (ContainerUtils.java:logAndReturnError(146)) - Operation: CreateContainer : Trace ID: b6cb606b4dc5d05:2e770ae31fb82c9c:48d09c3ee5f9abab:0 : Message: Container creation failed, due to disk out of space : Result: DISK_OUT_OF_SPACE
2019-06-17 11:56:26,770 INFO  keyvalue.KeyValueHandler (ContainerUtils.java:logAndReturnError(146)) - Operation: CreateContainer : Trace ID: b6cb606b4dc5d05:2e770ae31fb82c9c:48d09c3ee5f9abab:0 : Message: Container creation failed, due to disk out of space : Result: DISK_OUT_OF_SPACE
2019-06-17 11:56:26,773 INFO  keyvalue.KeyValueHandler (ContainerUtils.java:logAndReturnError(146)) - Operation: CreateContainer : Trace ID: b6cb606b4dc5d05:2e770ae31fb82c9c:48d09c3ee5f9abab:0 : Message: Container creation failed, due to disk out of space : Result: DISK_OUT_OF_SPACE
11:56:26.770 [pool-68-thread-2] ERROR DNAudit - user=null | ip=null | op=WRITE_CHUNK {blockData=conID: 4 locID: 102286792177025031 bcsId: 0} | ret=FAILURE
org.apache.hadoop.hdds.scm.container.common.helpers.StorageContainerException: ContainerID 4 creation failed
	at org.apache.hadoop.ozone.container.common.impl.HddsDispatcher.dispatchRequest(HddsDispatcher.java:227) ~[classes/:?]
	at org.apache.hadoop.ozone.container.common.impl.HddsDispatcher.dispatch(HddsDispatcher.java:148) ~[classes/:?]
	at org.apache.hadoop.ozone.container.common.transport.server.ratis.ContainerStateMachine.dispatchCommand(ContainerStateMachine.java:347) ~[classes/:?]
	at org.apache.hadoop.ozone.container.common.transport.server.ratis.ContainerStateMachine.runCommand(ContainerStateMachine.java:354) ~[classes/:?]
	at org.apache.hadoop.ozone.container.common.transport.server.ratis.ContainerStateMachine.lambda$handleWriteChunk$0(ContainerStateMachine.java:385) ~[classes/:?]
	at java.util.concurrent.CompletableFuture$AsyncSupply.run(CompletableFuture.java:1590) [?:1.8.0_212]
	at java.util.concurrent.ThreadPoolExecutor.runWorker(ThreadPoolExecutor.java:1149) [?:1.8.0_212]
	at java.util.concurrent.ThreadPoolExecutor$Worker.run(ThreadPoolExecutor.java:624) [?:1.8.0_212]
	at java.lang.Thread.run(Thread.java:748) [?:1.8.0_212]
11:56:26.767 [pool-47-thread-21] ERROR DNAudit - user=null | ip=null | op=WRITE_CHUNK {blockData=conID: 4 locID: 102286792177025031 bcsId: 0} | ret=FAILURE
org.apache.hadoop.hdds.scm.container.common.helpers.StorageContainerException: ContainerID 4 creation failed
	at org.apache.hadoop.ozone.container.common.impl.HddsDispatcher.dispatchRequest(HddsDispatcher.java:227) ~[classes/:?]
	at org.apache.hadoop.ozone.container.common.impl.HddsDispatcher.dispatch(HddsDispatcher.java:148) ~[classes/:?]
	at org.apache.hadoop.ozone.container.common.transport.server.ratis.ContainerStateMachine.dispatchCommand(ContainerStateMachine.java:347) ~[classes/:?]
	at org.apache.hadoop.ozone.container.common.transport.server.ratis.ContainerStateMachine.runCommand(ContainerStateMachine.java:354) ~[classes/:?]
	at org.apache.hadoop.ozone.container.common.transport.server.ratis.ContainerStateMachine.lambda$handleWriteChunk$0(ContainerStateMachine.java:385) ~[classes/:?]
	at java.util.concurrent.CompletableFuture$AsyncSupply.run(CompletableFuture.java:1590) [?:1.8.0_212]
	at java.util.concurrent.ThreadPoolExecutor.runWorker(ThreadPoolExecutor.java:1149) [?:1.8.0_212]
	at java.util.concurrent.ThreadPoolExecutor$Worker.run(ThreadPoolExecutor.java:624) [?:1.8.0_212]
	at java.lang.Thread.run(Thread.java:748) [?:1.8.0_212]
11:56:26.773 [pool-26-thread-21] ERROR DNAudit - user=null | ip=null | op=WRITE_CHUNK {blockData=conID: 4 locID: 102286792177025031 bcsId: 0} | ret=FAILURE
org.apache.hadoop.hdds.scm.container.common.helpers.StorageContainerException: ContainerID 4 creation failed
	at org.apache.hadoop.ozone.container.common.impl.HddsDispatcher.dispatchRequest(HddsDispatcher.java:227) ~[classes/:?]
	at org.apache.hadoop.ozone.container.common.impl.HddsDispatcher.dispatch(HddsDispatcher.java:148) ~[classes/:?]
	at org.apache.hadoop.ozone.container.common.transport.server.ratis.ContainerStateMachine.dispatchCommand(ContainerStateMachine.java:347) ~[classes/:?]
	at org.apache.hadoop.ozone.container.common.transport.server.ratis.ContainerStateMachine.runCommand(ContainerStateMachine.java:354) ~[classes/:?]
	at org.apache.hadoop.ozone.container.common.transport.server.ratis.ContainerStateMachine.lambda$handleWriteChunk$0(ContainerStateMachine.java:385) ~[classes/:?]
	at java.util.concurrent.CompletableFuture$AsyncSupply.run(CompletableFuture.java:1590) [?:1.8.0_212]
	at java.util.concurrent.ThreadPoolExecutor.runWorker(ThreadPoolExecutor.java:1149) [?:1.8.0_212]
	at java.util.concurrent.ThreadPoolExecutor$Worker.run(ThreadPoolExecutor.java:624) [?:1.8.0_212]
	at java.lang.Thread.run(Thread.java:748) [?:1.8.0_212]
2019-06-17 11:56:26,778 INFO  impl.HddsDispatcher (ContainerUtils.java:logAndReturnError(146)) - Operation: WriteChunk : Trace ID: b6cb606b4dc5d05:2e770ae31fb82c9c:48d09c3ee5f9abab:0 : Message: ContainerID 4 creation failed : Result: DISK_OUT_OF_SPACE
2019-06-17 11:56:26,779 INFO  impl.HddsDispatcher (ContainerUtils.java:logAndReturnError(146)) - Operation: WriteChunk : Trace ID: b6cb606b4dc5d05:2e770ae31fb82c9c:48d09c3ee5f9abab:0 : Message: ContainerID 4 creation failed : Result: DISK_OUT_OF_SPACE
2019-06-17 11:56:26,782 INFO  impl.HddsDispatcher (ContainerUtils.java:logAndReturnError(146)) - Operation: WriteChunk : Trace ID: b6cb606b4dc5d05:2e770ae31fb82c9c:48d09c3ee5f9abab:0 : Message: ContainerID 4 creation failed : Result: DISK_OUT_OF_SPACE
11:56:26.783 [pool-52-thread-1] ERROR DNAudit - user=null | ip=null | op=WRITE_CHUNK {blockData=conID: 4 locID: 102286792177025031 bcsId: 0} | ret=FAILURE
org.apache.hadoop.hdds.scm.container.common.helpers.StorageContainerException: ContainerID 4 does not exist
	at org.apache.hadoop.ozone.container.common.impl.HddsDispatcher.dispatchRequest(HddsDispatcher.java:242) ~[classes/:?]
	at org.apache.hadoop.ozone.container.common.impl.HddsDispatcher.dispatch(HddsDispatcher.java:148) ~[classes/:?]
	at org.apache.hadoop.ozone.container.common.transport.server.ratis.ContainerStateMachine.dispatchCommand(ContainerStateMachine.java:347) ~[classes/:?]
	at org.apache.hadoop.ozone.container.common.transport.server.ratis.ContainerStateMachine.runCommand(ContainerStateMachine.java:354) ~[classes/:?]
	at org.apache.hadoop.ozone.container.common.transport.server.ratis.ContainerStateMachine.lambda$applyTransaction$5(ContainerStateMachine.java:621) ~[classes/:?]
	at java.util.concurrent.CompletableFuture$AsyncSupply.run(CompletableFuture.java:1590) [?:1.8.0_212]
	at java.util.concurrent.ThreadPoolExecutor.runWorker(ThreadPoolExecutor.java:1149) [?:1.8.0_212]
	at java.util.concurrent.ThreadPoolExecutor$Worker.run(ThreadPoolExecutor.java:624) [?:1.8.0_212]
	at java.lang.Thread.run(Thread.java:748) [?:1.8.0_212]
2019-06-17 11:56:26,784 INFO  impl.HddsDispatcher (ContainerUtils.java:logAndReturnError(146)) - Operation: WriteChunk : Trace ID: b6cb606b4dc5d05:2e770ae31fb82c9c:48d09c3ee5f9abab:0 : Message: ContainerID 4 does not exist : Result: CONTAINER_NOT_FOUND
2019-06-17 11:56:26,787 INFO  client.GrpcClientProtocolClient (GrpcClientProtocolClient.java:onNext(254)) - client-DFE0CD8FD35A->1b9c3f53-581e-4e17-8897-4ebbf3327c8c: receive RaftClientReply:client-DFE0CD8FD35A->1b9c3f53-581e-4e17-8897-4ebbf3327c8c@group-534B753A326A, cid=60, SUCCESS, logIndex=1, commits[1b9c3f53-581e-4e17-8897-4ebbf3327c8c:c1, 85213c7d-4745-48e8-b6b0-9b3b3fc25627:c-1, 1aba34a0-80cb-4a0f-be19-4b974831cf12:c0]
11:56:26.788 [pool-31-thread-1] ERROR DNAudit - user=null | ip=null | op=WRITE_CHUNK {blockData=conID: 4 locID: 102286792177025031 bcsId: 0} | ret=FAILURE
org.apache.hadoop.hdds.scm.container.common.helpers.StorageContainerException: ContainerID 4 does not exist
	at org.apache.hadoop.ozone.container.common.impl.HddsDispatcher.dispatchRequest(HddsDispatcher.java:242) ~[classes/:?]
	at org.apache.hadoop.ozone.container.common.impl.HddsDispatcher.dispatch(HddsDispatcher.java:148) ~[classes/:?]
	at org.apache.hadoop.ozone.container.common.transport.server.ratis.ContainerStateMachine.dispatchCommand(ContainerStateMachine.java:347) ~[classes/:?]
	at org.apache.hadoop.ozone.container.common.transport.server.ratis.ContainerStateMachine.runCommand(ContainerStateMachine.java:354) ~[classes/:?]
	at org.apache.hadoop.ozone.container.common.transport.server.ratis.ContainerStateMachine.lambda$applyTransaction$5(ContainerStateMachine.java:621) ~[classes/:?]
	at java.util.concurrent.CompletableFuture$AsyncSupply.run(CompletableFuture.java:1590) [?:1.8.0_212]
	at java.util.concurrent.ThreadPoolExecutor.runWorker(ThreadPoolExecutor.java:1149) [?:1.8.0_212]
	at java.util.concurrent.ThreadPoolExecutor$Worker.run(ThreadPoolExecutor.java:624) [?:1.8.0_212]
	at java.lang.Thread.run(Thread.java:748) [?:1.8.0_212]
2019-06-17 11:56:26,788 INFO  impl.HddsDispatcher (ContainerUtils.java:logAndReturnError(146)) - Operation: WriteChunk : Trace ID: b6cb606b4dc5d05:2e770ae31fb82c9c:48d09c3ee5f9abab:0 : Message: ContainerID 4 does not exist : Result: CONTAINER_NOT_FOUND
11:56:26.788 [pool-73-thread-1] ERROR DNAudit - user=null | ip=null | op=WRITE_CHUNK {blockData=conID: 4 locID: 102286792177025031 bcsId: 0} | ret=FAILURE
org.apache.hadoop.hdds.scm.container.common.helpers.StorageContainerException: ContainerID 4 does not exist
	at org.apache.hadoop.ozone.container.common.impl.HddsDispatcher.dispatchRequest(HddsDispatcher.java:242) ~[classes/:?]
	at org.apache.hadoop.ozone.container.common.impl.HddsDispatcher.dispatch(HddsDispatcher.java:148) ~[classes/:?]
	at org.apache.hadoop.ozone.container.common.transport.server.ratis.ContainerStateMachine.dispatchCommand(ContainerStateMachine.java:347) ~[classes/:?]
	at org.apache.hadoop.ozone.container.common.transport.server.ratis.ContainerStateMachine.runCommand(ContainerStateMachine.java:354) ~[classes/:?]
	at org.apache.hadoop.ozone.container.common.transport.server.ratis.ContainerStateMachine.lambda$applyTransaction$5(ContainerStateMachine.java:621) ~[classes/:?]
	at java.util.concurrent.CompletableFuture$AsyncSupply.run(CompletableFuture.java:1590) [?:1.8.0_212]
	at java.util.concurrent.ThreadPoolExecutor.runWorker(ThreadPoolExecutor.java:1149) [?:1.8.0_212]
	at java.util.concurrent.ThreadPoolExecutor$Worker.run(ThreadPoolExecutor.java:624) [?:1.8.0_212]
	at java.lang.Thread.run(Thread.java:748) [?:1.8.0_212]
2019-06-17 11:56:26,788 INFO  impl.HddsDispatcher (ContainerUtils.java:logAndReturnError(146)) - Operation: WriteChunk : Trace ID: b6cb606b4dc5d05:2e770ae31fb82c9c:48d09c3ee5f9abab:0 : Message: ContainerID 4 does not exist : Result: CONTAINER_NOT_FOUND
2019-06-17 11:56:26,801 ERROR storage.BlockOutputStream (BlockOutputStream.java:validateResponse(538)) - Unexpected Storage Container Exception: 
org.apache.hadoop.hdds.scm.container.common.helpers.StorageContainerException: ContainerID 4 does not exist
	at org.apache.hadoop.hdds.scm.storage.ContainerProtocolCalls.validateContainerResponse(ContainerProtocolCalls.java:536)
	at org.apache.hadoop.hdds.scm.storage.BlockOutputStream.validateResponse(BlockOutputStream.java:536)
	at org.apache.hadoop.hdds.scm.storage.BlockOutputStream.lambda$writeChunkToContainer$2(BlockOutputStream.java:614)
	at java.util.concurrent.CompletableFuture.uniApply(CompletableFuture.java:602)
	at java.util.concurrent.CompletableFuture$UniApply.tryFire(CompletableFuture.java:577)
	at java.util.concurrent.CompletableFuture$Completion.run(CompletableFuture.java:442)
	at java.util.concurrent.ThreadPoolExecutor.runWorker(ThreadPoolExecutor.java:1149)
	at java.util.concurrent.ThreadPoolExecutor$Worker.run(ThreadPoolExecutor.java:624)
	at java.lang.Thread.run(Thread.java:748)
11:56:26.806 [pool-52-thread-1] ERROR DNAudit - user=null | ip=null | op=PUT_BLOCK {blockData=[blockId=conID: 4 locID: 102286792177025031 bcsId: 0,size=1048576]} | ret=FAILURE
org.apache.hadoop.hdds.scm.container.common.helpers.StorageContainerException: ContainerID 4 does not exist
	at org.apache.hadoop.ozone.container.common.impl.HddsDispatcher.dispatchRequest(HddsDispatcher.java:242) ~[classes/:?]
	at org.apache.hadoop.ozone.container.common.impl.HddsDispatcher.dispatch(HddsDispatcher.java:148) ~[classes/:?]
	at org.apache.hadoop.ozone.container.common.transport.server.ratis.ContainerStateMachine.dispatchCommand(ContainerStateMachine.java:347) ~[classes/:?]
	at org.apache.hadoop.ozone.container.common.transport.server.ratis.ContainerStateMachine.runCommand(ContainerStateMachine.java:354) ~[classes/:?]
	at org.apache.hadoop.ozone.container.common.transport.server.ratis.ContainerStateMachine.lambda$applyTransaction$5(ContainerStateMachine.java:621) ~[classes/:?]
	at java.util.concurrent.CompletableFuture$AsyncSupply.run(CompletableFuture.java:1590) [?:1.8.0_212]
	at java.util.concurrent.ThreadPoolExecutor.runWorker(ThreadPoolExecutor.java:1149) [?:1.8.0_212]
	at java.util.concurrent.ThreadPoolExecutor$Worker.run(ThreadPoolExecutor.java:624) [?:1.8.0_212]
	at java.lang.Thread.run(Thread.java:748) [?:1.8.0_212]
2019-06-17 11:56:26,806 INFO  impl.HddsDispatcher (ContainerUtils.java:logAndReturnError(146)) - Operation: PutBlock : Trace ID: b6cb606b4dc5d05:6143345bf12fcd67:48d09c3ee5f9abab:0 : Message: ContainerID 4 does not exist : Result: CONTAINER_NOT_FOUND
11:56:26.815 [pool-31-thread-1] ERROR DNAudit - user=null | ip=null | op=PUT_BLOCK {blockData=[blockId=conID: 4 locID: 102286792177025031 bcsId: 0,size=1048576]} | ret=FAILURE
org.apache.hadoop.hdds.scm.container.common.helpers.StorageContainerException: ContainerID 4 does not exist
	at org.apache.hadoop.ozone.container.common.impl.HddsDispatcher.dispatchRequest(HddsDispatcher.java:242) ~[classes/:?]
	at org.apache.hadoop.ozone.container.common.impl.HddsDispatcher.dispatch(HddsDispatcher.java:148) ~[classes/:?]
	at org.apache.hadoop.ozone.container.common.transport.server.ratis.ContainerStateMachine.dispatchCommand(ContainerStateMachine.java:347) ~[classes/:?]
	at org.apache.hadoop.ozone.container.common.transport.server.ratis.ContainerStateMachine.runCommand(ContainerStateMachine.java:354) ~[classes/:?]
	at org.apache.hadoop.ozone.container.common.transport.server.ratis.ContainerStateMachine.lambda$applyTransaction$5(ContainerStateMachine.java:621) ~[classes/:?]
	at java.util.concurrent.CompletableFuture$AsyncSupply.run(CompletableFuture.java:1590) [?:1.8.0_212]
	at java.util.concurrent.ThreadPoolExecutor.runWorker(ThreadPoolExecutor.java:1149) [?:1.8.0_212]
	at java.util.concurrent.ThreadPoolExecutor$Worker.run(ThreadPoolExecutor.java:624) [?:1.8.0_212]
	at java.lang.Thread.run(Thread.java:748) [?:1.8.0_212]
2019-06-17 11:56:26,815 INFO  impl.HddsDispatcher (ContainerUtils.java:logAndReturnError(146)) - Operation: PutBlock : Trace ID: b6cb606b4dc5d05:6143345bf12fcd67:48d09c3ee5f9abab:0 : Message: ContainerID 4 does not exist : Result: CONTAINER_NOT_FOUND
11:56:26.819 [pool-73-thread-1] ERROR DNAudit - user=null | ip=null | op=PUT_BLOCK {blockData=[blockId=conID: 4 locID: 102286792177025031 bcsId: 0,size=1048576]} | ret=FAILURE
org.apache.hadoop.hdds.scm.container.common.helpers.StorageContainerException: ContainerID 4 does not exist
	at org.apache.hadoop.ozone.container.common.impl.HddsDispatcher.dispatchRequest(HddsDispatcher.java:242) ~[classes/:?]
	at org.apache.hadoop.ozone.container.common.impl.HddsDispatcher.dispatch(HddsDispatcher.java:148) ~[classes/:?]
	at org.apache.hadoop.ozone.container.common.transport.server.ratis.ContainerStateMachine.dispatchCommand(ContainerStateMachine.java:347) ~[classes/:?]
	at org.apache.hadoop.ozone.container.common.transport.server.ratis.ContainerStateMachine.runCommand(ContainerStateMachine.java:354) ~[classes/:?]
	at org.apache.hadoop.ozone.container.common.transport.server.ratis.ContainerStateMachine.lambda$applyTransaction$5(ContainerStateMachine.java:621) ~[classes/:?]
	at java.util.concurrent.CompletableFuture$AsyncSupply.run(CompletableFuture.java:1590) [?:1.8.0_212]
	at java.util.concurrent.ThreadPoolExecutor.runWorker(ThreadPoolExecutor.java:1149) [?:1.8.0_212]
	at java.util.concurrent.ThreadPoolExecutor$Worker.run(ThreadPoolExecutor.java:624) [?:1.8.0_212]
	at java.lang.Thread.run(Thread.java:748) [?:1.8.0_212]
2019-06-17 11:56:26,821 INFO  impl.HddsDispatcher (ContainerUtils.java:logAndReturnError(146)) - Operation: PutBlock : Trace ID: b6cb606b4dc5d05:6143345bf12fcd67:48d09c3ee5f9abab:0 : Message: ContainerID 4 does not exist : Result: CONTAINER_NOT_FOUND
2019-06-17 11:56:26,822 INFO  client.GrpcClientProtocolClient (GrpcClientProtocolClient.java:onNext(254)) - client-DFE0CD8FD35A->1b9c3f53-581e-4e17-8897-4ebbf3327c8c: receive RaftClientReply:client-DFE0CD8FD35A->1b9c3f53-581e-4e17-8897-4ebbf3327c8c@group-534B753A326A, cid=61, SUCCESS, logIndex=3, commits[1b9c3f53-581e-4e17-8897-4ebbf3327c8c:c3, 85213c7d-4745-48e8-b6b0-9b3b3fc25627:c1, 1aba34a0-80cb-4a0f-be19-4b974831cf12:c2]
2019-06-17 11:56:26,828 INFO  keyvalue.KeyValueHandler (ContainerUtils.java:logAndReturnError(146)) - Operation: CreateContainer : Trace ID: b6cb606b4dc5d05:cb6415eea5cd426f:48d09c3ee5f9abab:0 : Message: Container creation failed, due to disk out of space : Result: DISK_OUT_OF_SPACE
11:56:26.829 [pool-68-thread-3] ERROR DNAudit - user=null | ip=null | op=WRITE_CHUNK {blockData=conID: 4 locID: 102286792177025031 bcsId: 0} | ret=FAILURE
org.apache.hadoop.hdds.scm.container.common.helpers.StorageContainerException: ContainerID 4 creation failed
	at org.apache.hadoop.ozone.container.common.impl.HddsDispatcher.dispatchRequest(HddsDispatcher.java:227) ~[classes/:?]
	at org.apache.hadoop.ozone.container.common.impl.HddsDispatcher.dispatch(HddsDispatcher.java:148) ~[classes/:?]
	at org.apache.hadoop.ozone.container.common.transport.server.ratis.ContainerStateMachine.dispatchCommand(ContainerStateMachine.java:347) ~[classes/:?]
	at org.apache.hadoop.ozone.container.common.transport.server.ratis.ContainerStateMachine.runCommand(ContainerStateMachine.java:354) ~[classes/:?]
	at org.apache.hadoop.ozone.container.common.transport.server.ratis.ContainerStateMachine.lambda$handleWriteChunk$0(ContainerStateMachine.java:385) ~[classes/:?]
	at java.util.concurrent.CompletableFuture$AsyncSupply.run(CompletableFuture.java:1590) [?:1.8.0_212]
	at java.util.concurrent.ThreadPoolExecutor.runWorker(ThreadPoolExecutor.java:1149) [?:1.8.0_212]
	at java.util.concurrent.ThreadPoolExecutor$Worker.run(ThreadPoolExecutor.java:624) [?:1.8.0_212]
	at java.lang.Thread.run(Thread.java:748) [?:1.8.0_212]
2019-06-17 11:56:26,829 INFO  impl.HddsDispatcher (ContainerUtils.java:logAndReturnError(146)) - Operation: WriteChunk : Trace ID: b6cb606b4dc5d05:cb6415eea5cd426f:48d09c3ee5f9abab:0 : Message: ContainerID 4 creation failed : Result: DISK_OUT_OF_SPACE
2019-06-17 11:56:26,859 INFO  client.GrpcClientProtocolClient (GrpcClientProtocolClient.java:onNext(254)) - client-DFE0CD8FD35A->1b9c3f53-581e-4e17-8897-4ebbf3327c8c: receive RaftClientReply:client-DFE0CD8FD35A->1b9c3f53-581e-4e17-8897-4ebbf3327c8c@group-534B753A326A, cid=62, SUCCESS, logIndex=5, commits[1b9c3f53-581e-4e17-8897-4ebbf3327c8c:c6, 85213c7d-4745-48e8-b6b0-9b3b3fc25627:c4, 1aba34a0-80cb-4a0f-be19-4b974831cf12:c4]
11:56:26.861 [pool-73-thread-1] ERROR DNAudit - user=null | ip=null | op=WRITE_CHUNK {blockData=conID: 4 locID: 102286792177025031 bcsId: 0} | ret=FAILURE
org.apache.hadoop.hdds.scm.container.common.helpers.StorageContainerException: ContainerID 4 does not exist
	at org.apache.hadoop.ozone.container.common.impl.HddsDispatcher.dispatchRequest(HddsDispatcher.java:242) ~[classes/:?]
	at org.apache.hadoop.ozone.container.common.impl.HddsDispatcher.dispatch(HddsDispatcher.java:148) ~[classes/:?]
	at org.apache.hadoop.ozone.container.common.transport.server.ratis.ContainerStateMachine.dispatchCommand(ContainerStateMachine.java:347) ~[classes/:?]
	at org.apache.hadoop.ozone.container.common.transport.server.ratis.ContainerStateMachine.runCommand(ContainerStateMachine.java:354) ~[classes/:?]
	at org.apache.hadoop.ozone.container.common.transport.server.ratis.ContainerStateMachine.lambda$applyTransaction$5(ContainerStateMachine.java:621) ~[classes/:?]
	at java.util.concurrent.CompletableFuture$AsyncSupply.run(CompletableFuture.java:1590) [?:1.8.0_212]
	at java.util.concurrent.ThreadPoolExecutor.runWorker(ThreadPoolExecutor.java:1149) [?:1.8.0_212]
	at java.util.concurrent.ThreadPoolExecutor$Worker.run(ThreadPoolExecutor.java:624) [?:1.8.0_212]
	at java.lang.Thread.run(Thread.java:748) [?:1.8.0_212]
2019-06-17 11:56:26,862 INFO  impl.HddsDispatcher (ContainerUtils.java:logAndReturnError(146)) - Operation: WriteChunk : Trace ID: b6cb606b4dc5d05:cb6415eea5cd426f:48d09c3ee5f9abab:0 : Message: ContainerID 4 does not exist : Result: CONTAINER_NOT_FOUND
11:56:26.863 [pool-73-thread-1] ERROR DNAudit - user=null | ip=null | op=PUT_BLOCK {blockData=[blockId=conID: 4 locID: 102286792177025031 bcsId: 0,size=2097152]} | ret=FAILURE
org.apache.hadoop.hdds.scm.container.common.helpers.StorageContainerException: ContainerID 4 does not exist
	at org.apache.hadoop.ozone.container.common.impl.HddsDispatcher.dispatchRequest(HddsDispatcher.java:242) ~[classes/:?]
	at org.apache.hadoop.ozone.container.common.impl.HddsDispatcher.dispatch(HddsDispatcher.java:148) ~[classes/:?]
	at org.apache.hadoop.ozone.container.common.transport.server.ratis.ContainerStateMachine.dispatchCommand(ContainerStateMachine.java:347) ~[classes/:?]
	at org.apache.hadoop.ozone.container.common.transport.server.ratis.ContainerStateMachine.runCommand(ContainerStateMachine.java:354) ~[classes/:?]
	at org.apache.hadoop.ozone.container.common.transport.server.ratis.ContainerStateMachine.lambda$applyTransaction$5(ContainerStateMachine.java:621) ~[classes/:?]
	at java.util.concurrent.CompletableFuture$AsyncSupply.run(CompletableFuture.java:1590) [?:1.8.0_212]
	at java.util.concurrent.ThreadPoolExecutor.runWorker(ThreadPoolExecutor.java:1149) [?:1.8.0_212]
	at java.util.concurrent.ThreadPoolExecutor$Worker.run(ThreadPoolExecutor.java:624) [?:1.8.0_212]
	at java.lang.Thread.run(Thread.java:748) [?:1.8.0_212]
2019-06-17 11:56:26,863 INFO  impl.HddsDispatcher (ContainerUtils.java:logAndReturnError(146)) - Operation: PutBlock : Trace ID: b6cb606b4dc5d05:867a1a7b01853755:48d09c3ee5f9abab:0 : Message: ContainerID 4 does not exist : Result: CONTAINER_NOT_FOUND
2019-06-17 11:56:26,876 INFO  client.GrpcClientProtocolClient (GrpcClientProtocolClient.java:onNext(254)) - client-DFE0CD8FD35A->1b9c3f53-581e-4e17-8897-4ebbf3327c8c: receive RaftClientReply:client-DFE0CD8FD35A->1b9c3f53-581e-4e17-8897-4ebbf3327c8c@group-534B753A326A, cid=63, SUCCESS, logIndex=6, commits[1b9c3f53-581e-4e17-8897-4ebbf3327c8c:c8, 85213c7d-4745-48e8-b6b0-9b3b3fc25627:c6, 1aba34a0-80cb-4a0f-be19-4b974831cf12:c6]
2019-06-17 11:56:26,879 ERROR freon.RandomKeyGenerator (RandomKeyGenerator.java:run(675)) - Exception while adding key: key-0-11542 in bucket: org.apache.hadoop.ozone.client.OzoneBucket@6ab55dc7 of volume: org.apache.hadoop.ozone.client.OzoneVolume@467f0e25.
java.io.IOException: Unexpected Storage Container Exception: org.apache.hadoop.hdds.scm.container.common.helpers.StorageContainerException: ContainerID 4 does not exist
	at org.apache.hadoop.hdds.scm.storage.BlockOutputStream.setIoException(BlockOutputStream.java:548)
	at org.apache.hadoop.hdds.scm.storage.BlockOutputStream.validateResponse(BlockOutputStream.java:539)
	at org.apache.hadoop.hdds.scm.storage.BlockOutputStream.lambda$writeChunkToContainer$2(BlockOutputStream.java:614)
	at java.util.concurrent.CompletableFuture.uniApply(CompletableFuture.java:602)
	at java.util.concurrent.CompletableFuture$UniApply.tryFire(CompletableFuture.java:577)
	at java.util.concurrent.CompletableFuture$Completion.run(CompletableFuture.java:442)
	at java.util.concurrent.ThreadPoolExecutor.runWorker(ThreadPoolExecutor.java:1149)
	at java.util.concurrent.ThreadPoolExecutor$Worker.run(ThreadPoolExecutor.java:624)
	at java.lang.Thread.run(Thread.java:748)
Caused by: org.apache.hadoop.hdds.scm.container.common.helpers.StorageContainerException: ContainerID 4 does not exist
	at org.apache.hadoop.hdds.scm.storage.ContainerProtocolCalls.validateContainerResponse(ContainerProtocolCalls.java:536)
	at org.apache.hadoop.hdds.scm.storage.BlockOutputStream.validateResponse(BlockOutputStream.java:536)
	... 7 more
 100.00% |█████████████████████████████████████████████████████████████████████████████████████████████████████|  1/1 Time: 0:00:02
]]></system-out>
    <system-err><![CDATA[ERROR StatusLogger No Log4j 2 configuration file found. Using default configuration (logging only errors to the console), or user programmatically provided configurations. Set system property 'log4j2.debug' to show Log4j 2 internal initialization logging. See https://logging.apache.org/log4j/2.x/manual/configuration.html for instructions on how to configure Log4j 2
Jun 17, 2019 11:56:16 AM com.sun.jersey.server.impl.application.WebApplicationImpl _initiate
INFO: Initiating Jersey application, version 'Jersey: 1.19 02/11/2015 03:25 AM'
Jun 17, 2019 11:56:16 AM com.sun.jersey.server.impl.application.WebApplicationImpl _initiate
INFO: Initiating Jersey application, version 'Jersey: 1.19 02/11/2015 03:25 AM'
Jun 17, 2019 11:56:16 AM com.sun.jersey.server.impl.application.WebApplicationImpl _initiate
INFO: Initiating Jersey application, version 'Jersey: 1.19 02/11/2015 03:25 AM'
]]></system-err>
  </testcase>
</testsuite>