<?xml version="1.0" encoding="UTF-8"?>
<testsuite xmlns:xsi="http://www.w3.org/2001/XMLSchema-instance" xsi:noNamespaceSchemaLocation="https://maven.apache.org/surefire/maven-surefire-plugin/xsd/surefire-test-report.xsd" name="org.apache.hadoop.hdds.scm.pipeline.TestNodeFailure" time="10.298" tests="1" errors="0" skipped="1" failures="0">
  <properties>
    <property name="awt.toolkit" value="sun.awt.X11.XToolkit"/>
    <property name="file.encoding.pkg" value="sun.io"/>
    <property name="java.specification.version" value="1.8"/>
    <property name="sun.cpu.isalist" value=""/>
    <property name="sun.jnu.encoding" value="UTF-8"/>
    <property name="java.class.path" value="/opt/src/hadoop-ozone/integration-test/target/test-classes:/opt/src/hadoop-ozone/integration-test/target/classes:/root/.m2/repository/org/apache/hadoop/hadoop-ozone-common/0.5.0-SNAPSHOT/hadoop-ozone-common-0.5.0-SNAPSHOT.jar:/root/.m2/repository/org/apache/commons/commons-compress/1.4.1/commons-compress-1.4.1.jar:/root/.m2/repository/org/tukaani/xz/1.0/xz-1.0.jar:/root/.m2/repository/org/apache/hadoop/hadoop-common/3.2.0/hadoop-common-3.2.0.jar:/root/.m2/repository/org/apache/hadoop/hadoop-hdfs/3.2.0/hadoop-hdfs-3.2.0.jar:/root/.m2/repository/org/apache/hadoop/hadoop-hdfs-client/3.2.0/hadoop-hdfs-client-3.2.0.jar:/root/.m2/repository/com/fasterxml/jackson/core/jackson-annotations/2.9.5/jackson-annotations-2.9.5.jar:/root/.m2/repository/org/apache/hadoop/hadoop-hdds-common/0.5.0-SNAPSHOT/hadoop-hdds-common-0.5.0-SNAPSHOT.jar:/root/.m2/repository/javax/annotation/javax.annotation-api/1.2/javax.annotation-api-1.2.jar:/root/.m2/repository/org/apache/ratis/ratis-server/0.4.0-fe2b15d-SNAPSHOT/ratis-server-0.4.0-fe2b15d-SNAPSHOT.jar:/root/.m2/repository/org/apache/ratis/ratis-thirdparty-misc/0.2.0/ratis-thirdparty-misc-0.2.0.jar:/root/.m2/repository/org/apache/ratis/ratis-proto/0.4.0-fe2b15d-SNAPSHOT/ratis-proto-0.4.0-fe2b15d-SNAPSHOT.jar:/root/.m2/repository/org/apache/ratis/ratis-common/0.4.0-fe2b15d-SNAPSHOT/ratis-common-0.4.0-fe2b15d-SNAPSHOT.jar:/root/.m2/repository/org/apache/ratis/ratis-client/0.4.0-fe2b15d-SNAPSHOT/ratis-client-0.4.0-fe2b15d-SNAPSHOT.jar:/root/.m2/repository/org/apache/ratis/ratis-netty/0.4.0-fe2b15d-SNAPSHOT/ratis-netty-0.4.0-fe2b15d-SNAPSHOT.jar:/root/.m2/repository/org/apache/ratis/ratis-grpc/0.4.0-fe2b15d-SNAPSHOT/ratis-grpc-0.4.0-fe2b15d-SNAPSHOT.jar:/root/.m2/repository/org/rocksdb/rocksdbjni/5.14.2/rocksdbjni-5.14.2.jar:/root/.m2/repository/org/apache/logging/log4j/log4j-api/2.11.0/log4j-api-2.11.0.jar:/root/.m2/repository/org/apache/logging/log4j/log4j-core/2.11.0/log4j-core-2.11.0.jar:/root/.m2/repository/com/lmax/disruptor/3.4.2/disruptor-3.4.2.jar:/root/.m2/repository/org/apache/commons/commons-pool2/2.6.0/commons-pool2-2.6.0.jar:/root/.m2/repository/org/bouncycastle/bcpkix-jdk15on/1.60/bcpkix-jdk15on-1.60.jar:/root/.m2/repository/commons-validator/commons-validator/1.6/commons-validator-1.6.jar:/root/.m2/repository/commons-digester/commons-digester/1.8.1/commons-digester-1.8.1.jar:/root/.m2/repository/io/jaegertracing/jaeger-client/0.33.1/jaeger-client-0.33.1.jar:/root/.m2/repository/io/jaegertracing/jaeger-thrift/0.33.1/jaeger-thrift-0.33.1.jar:/root/.m2/repository/org/apache/thrift/libthrift/0.11.0/libthrift-0.11.0.jar:/root/.m2/repository/com/squareup/okhttp3/okhttp/3.9.0/okhttp-3.9.0.jar:/root/.m2/repository/com/squareup/okio/okio/1.13.0/okio-1.13.0.jar:/root/.m2/repository/io/jaegertracing/jaeger-core/0.33.1/jaeger-core-0.33.1.jar:/root/.m2/repository/io/jaegertracing/jaeger-tracerresolver/0.33.1/jaeger-tracerresolver-0.33.1.jar:/root/.m2/repository/io/opentracing/contrib/opentracing-tracerresolver/0.1.5/opentracing-tracerresolver-0.1.5.jar:/root/.m2/repository/io/opentracing/opentracing-util/0.31.0/opentracing-util-0.31.0.jar:/root/.m2/repository/io/opentracing/opentracing-api/0.31.0/opentracing-api-0.31.0.jar:/root/.m2/repository/io/opentracing/opentracing-noop/0.31.0/opentracing-noop-0.31.0.jar:/root/.m2/repository/org/apache/hadoop/hadoop-hdds-server-framework/0.5.0-SNAPSHOT/hadoop-hdds-server-framework-0.5.0-SNAPSHOT.jar:/root/.m2/repository/org/apache/hadoop/hadoop-hdds-server-scm/0.5.0-SNAPSHOT/hadoop-hdds-server-scm-0.5.0-SNAPSHOT.jar:/root/.m2/repository/org/apache/hadoop/hadoop-hdds-container-service/0.5.0-SNAPSHOT/hadoop-hdds-container-service-0.5.0-SNAPSHOT.jar:/root/.m2/repository/org/apache/hadoop/hadoop-hdds-client/0.5.0-SNAPSHOT/hadoop-hdds-client-0.5.0-SNAPSHOT.jar:/root/.m2/repository/org/apache/hadoop/hadoop-hdds-tools/0.5.0-SNAPSHOT/hadoop-hdds-tools-0.5.0-SNAPSHOT.jar:/root/.m2/repository/org/apache/hadoop/hadoop-ozone-ozone-manager/0.5.0-SNAPSHOT/hadoop-ozone-ozone-manager-0.5.0-SNAPSHOT.jar:/root/.m2/repository/org/apache/hadoop/hadoop-hdds-docs/0.5.0-SNAPSHOT/hadoop-hdds-docs-0.5.0-SNAPSHOT.jar:/root/.m2/repository/org/bouncycastle/bcprov-jdk15on/1.60/bcprov-jdk15on-1.60.jar:/root/.m2/repository/org/apache/hadoop/hadoop-minikdc/3.2.0/hadoop-minikdc-3.2.0.jar:/root/.m2/repository/commons-io/commons-io/2.5/commons-io-2.5.jar:/root/.m2/repository/org/apache/kerby/kerb-simplekdc/1.0.1/kerb-simplekdc-1.0.1.jar:/root/.m2/repository/org/apache/kerby/kerb-client/1.0.1/kerb-client-1.0.1.jar:/root/.m2/repository/org/apache/kerby/kerby-config/1.0.1/kerby-config-1.0.1.jar:/root/.m2/repository/org/apache/kerby/kerb-core/1.0.1/kerb-core-1.0.1.jar:/root/.m2/repository/org/apache/kerby/kerby-pkix/1.0.1/kerby-pkix-1.0.1.jar:/root/.m2/repository/org/apache/kerby/kerby-asn1/1.0.1/kerby-asn1-1.0.1.jar:/root/.m2/repository/org/apache/kerby/kerby-util/1.0.1/kerby-util-1.0.1.jar:/root/.m2/repository/org/apache/kerby/kerb-common/1.0.1/kerb-common-1.0.1.jar:/root/.m2/repository/org/apache/kerby/kerb-crypto/1.0.1/kerb-crypto-1.0.1.jar:/root/.m2/repository/org/apache/kerby/kerb-util/1.0.1/kerb-util-1.0.1.jar:/root/.m2/repository/org/apache/kerby/token-provider/1.0.1/token-provider-1.0.1.jar:/root/.m2/repository/org/apache/kerby/kerb-admin/1.0.1/kerb-admin-1.0.1.jar:/root/.m2/repository/org/apache/kerby/kerb-server/1.0.1/kerb-server-1.0.1.jar:/root/.m2/repository/org/apache/kerby/kerb-identity/1.0.1/kerb-identity-1.0.1.jar:/root/.m2/repository/org/apache/kerby/kerby-xdr/1.0.1/kerby-xdr-1.0.1.jar:/root/.m2/repository/org/slf4j/slf4j-log4j12/1.7.25/slf4j-log4j12-1.7.25.jar:/root/.m2/repository/org/apache/hadoop/hadoop-ozone-objectstore-service/0.5.0-SNAPSHOT/hadoop-ozone-objectstore-service-0.5.0-SNAPSHOT.jar:/root/.m2/repository/org/apache/hadoop/hadoop-ozone-s3gateway/0.5.0-SNAPSHOT/hadoop-ozone-s3gateway-0.5.0-SNAPSHOT.jar:/root/.m2/repository/org/jboss/weld/servlet/weld-servlet/2.4.7.Final/weld-servlet-2.4.7.Final.jar:/root/.m2/repository/org/glassfish/jersey/containers/jersey-container-servlet-core/2.27/jersey-container-servlet-core-2.27.jar:/root/.m2/repository/org/glassfish/hk2/external/javax.inject/2.5.0-b42/javax.inject-2.5.0-b42.jar:/root/.m2/repository/org/glassfish/jersey/core/jersey-common/2.27/jersey-common-2.27.jar:/root/.m2/repository/org/glassfish/hk2/osgi-resource-locator/1.0.1/osgi-resource-locator-1.0.1.jar:/root/.m2/repository/javax/ws/rs/javax.ws.rs-api/2.1/javax.ws.rs-api-2.1.jar:/root/.m2/repository/org/glassfish/jersey/ext/cdi/jersey-cdi1x/2.27/jersey-cdi1x-2.27.jar:/root/.m2/repository/org/glassfish/jersey/inject/jersey-hk2/2.27/jersey-hk2-2.27.jar:/root/.m2/repository/org/glassfish/hk2/hk2-locator/2.5.0-b42/hk2-locator-2.5.0-b42.jar:/root/.m2/repository/org/javassist/javassist/3.22.0-CR2/javassist-3.22.0-CR2.jar:/root/.m2/repository/org/glassfish/hk2/hk2-api/2.5.0/hk2-api-2.5.0.jar:/root/.m2/repository/org/glassfish/hk2/external/jakarta.inject/2.5.0/jakarta.inject-2.5.0.jar:/root/.m2/repository/org/glassfish/hk2/hk2-utils/2.5.0/hk2-utils-2.5.0.jar:/root/.m2/repository/jakarta/annotation/jakarta.annotation-api/1.3.4/jakarta.annotation-api-1.3.4.jar:/root/.m2/repository/org/glassfish/hk2/external/aopalliance-repackaged/2.5.0/aopalliance-repackaged-2.5.0.jar:/root/.m2/repository/com/fasterxml/jackson/dataformat/jackson-dataformat-xml/2.9.0/jackson-dataformat-xml-2.9.0.jar:/root/.m2/repository/com/fasterxml/jackson/core/jackson-core/2.9.5/jackson-core-2.9.5.jar:/root/.m2/repository/com/fasterxml/jackson/module/jackson-module-jaxb-annotations/2.9.5/jackson-module-jaxb-annotations-2.9.5.jar:/root/.m2/repository/javax/enterprise/cdi-api/1.2/cdi-api-1.2.jar:/root/.m2/repository/javax/el/javax.el-api/3.0.0/javax.el-api-3.0.0.jar:/root/.m2/repository/javax/interceptor/javax.interceptor-api/1.2/javax.interceptor-api-1.2.jar:/root/.m2/repository/javax/inject/javax.inject/1/javax.inject-1.jar:/root/.m2/repository/com/sun/xml/bind/jaxb-impl/2.3.0.1/jaxb-impl-2.3.0.1.jar:/root/.m2/repository/com/sun/xml/bind/jaxb-core/2.3.0.1/jaxb-core-2.3.0.1.jar:/root/.m2/repository/javax/xml/bind/jaxb-api/2.3.0/jaxb-api-2.3.0.jar:/root/.m2/repository/javax/activation/activation/1.1.1/activation-1.1.1.jar:/root/.m2/repository/org/apache/hadoop/hadoop-ozone-csi/0.5.0-SNAPSHOT/hadoop-ozone-csi-0.5.0-SNAPSHOT.jar:/root/.m2/repository/com/google/protobuf/protobuf-java-util/3.5.1/protobuf-java-util-3.5.1.jar:/root/.m2/repository/org/apache/hadoop/hadoop-hdds-config/0.5.0-SNAPSHOT/hadoop-hdds-config-0.5.0-SNAPSHOT.jar:/root/.m2/repository/com/google/guava/guava/11.0.2/guava-11.0.2.jar:/root/.m2/repository/com/google/protobuf/protobuf-java/2.5.0/protobuf-java-2.5.0.jar:/root/.m2/repository/io/grpc/grpc-netty/1.17.1/grpc-netty-1.17.1.jar:/root/.m2/repository/io/grpc/grpc-core/1.17.1/grpc-core-1.17.1.jar:/root/.m2/repository/io/grpc/grpc-context/1.17.1/grpc-context-1.17.1.jar:/root/.m2/repository/com/google/errorprone/error_prone_annotations/2.2.0/error_prone_annotations-2.2.0.jar:/root/.m2/repository/org/codehaus/mojo/animal-sniffer-annotations/1.17/animal-sniffer-annotations-1.17.jar:/root/.m2/repository/io/opencensus/opencensus-api/0.17.0/opencensus-api-0.17.0.jar:/root/.m2/repository/io/opencensus/opencensus-contrib-grpc-metrics/0.17.0/opencensus-contrib-grpc-metrics-0.17.0.jar:/root/.m2/repository/io/netty/netty-codec-http2/4.1.30.Final/netty-codec-http2-4.1.30.Final.jar:/root/.m2/repository/io/netty/netty-codec-http/4.1.30.Final/netty-codec-http-4.1.30.Final.jar:/root/.m2/repository/io/netty/netty-codec/4.1.30.Final/netty-codec-4.1.30.Final.jar:/root/.m2/repository/io/netty/netty-handler/4.1.30.Final/netty-handler-4.1.30.Final.jar:/root/.m2/repository/io/netty/netty-handler-proxy/4.1.30.Final/netty-handler-proxy-4.1.30.Final.jar:/root/.m2/repository/io/netty/netty-codec-socks/4.1.30.Final/netty-codec-socks-4.1.30.Final.jar:/root/.m2/repository/io/netty/netty-transport-native-epoll/4.1.30.Final/netty-transport-native-epoll-4.1.30.Final.jar:/root/.m2/repository/io/netty/netty-common/4.1.30.Final/netty-common-4.1.30.Final.jar:/root/.m2/repository/io/netty/netty-buffer/4.1.30.Final/netty-buffer-4.1.30.Final.jar:/root/.m2/repository/io/netty/netty-transport/4.1.30.Final/netty-transport-4.1.30.Final.jar:/root/.m2/repository/io/netty/netty-resolver/4.1.30.Final/netty-resolver-4.1.30.Final.jar:/root/.m2/repository/io/netty/netty-transport-native-unix-common/4.1.30.Final/netty-transport-native-unix-common-4.1.30.Final.jar:/root/.m2/repository/io/grpc/grpc-protobuf/1.17.1/grpc-protobuf-1.17.1.jar:/root/.m2/repository/com/google/api/grpc/proto-google-common-protos/1.0.0/proto-google-common-protos-1.0.0.jar:/root/.m2/repository/io/grpc/grpc-protobuf-lite/1.17.1/grpc-protobuf-lite-1.17.1.jar:/root/.m2/repository/io/grpc/grpc-stub/1.17.1/grpc-stub-1.17.1.jar:/root/.m2/repository/org/apache/hadoop/hadoop-ozone-recon/0.5.0-SNAPSHOT/hadoop-ozone-recon-0.5.0-SNAPSHOT.jar:/root/.m2/repository/org/apache/hadoop/hadoop-ozone-reconcodegen/0.5.0-SNAPSHOT/hadoop-ozone-reconcodegen-0.5.0-SNAPSHOT.jar:/root/.m2/repository/com/google/inject/extensions/guice-multibindings/4.0/guice-multibindings-4.0.jar:/root/.m2/repository/com/google/inject/guice/4.0/guice-4.0.jar:/root/.m2/repository/aopalliance/aopalliance/1.0/aopalliance-1.0.jar:/root/.m2/repository/com/google/inject/extensions/guice-servlet/4.0/guice-servlet-4.0.jar:/root/.m2/repository/org/glassfish/jersey/containers/jersey-container-servlet/2.27/jersey-container-servlet-2.27.jar:/root/.m2/repository/org/glassfish/hk2/guice-bridge/2.5.0/guice-bridge-2.5.0.jar:/root/.m2/repository/org/glassfish/jersey/core/jersey-server/2.27/jersey-server-2.27.jar:/root/.m2/repository/org/glassfish/jersey/core/jersey-client/2.27/jersey-client-2.27.jar:/root/.m2/repository/org/glassfish/jersey/media/jersey-media-jaxb/2.27/jersey-media-jaxb-2.27.jar:/root/.m2/repository/javax/validation/validation-api/1.1.0.Final/validation-api-1.1.0.Final.jar:/root/.m2/repository/org/glassfish/jersey/media/jersey-media-json-jackson/2.27/jersey-media-json-jackson-2.27.jar:/root/.m2/repository/org/glassfish/jersey/ext/jersey-entity-filtering/2.27/jersey-entity-filtering-2.27.jar:/root/.m2/repository/com/google/inject/extensions/guice-assistedinject/4.0/guice-assistedinject-4.0.jar:/root/.m2/repository/org/jooq/jooq/3.11.10/jooq-3.11.10.jar:/root/.m2/repository/org/jooq/jooq-meta/3.11.10/jooq-meta-3.11.10.jar:/root/.m2/repository/org/jooq/jooq-codegen/3.11.10/jooq-codegen-3.11.10.jar:/root/.m2/repository/com/jolbox/bonecp/0.8.0.RELEASE/bonecp-0.8.0.RELEASE.jar:/root/.m2/repository/org/xerial/sqlite-jdbc/3.25.2/sqlite-jdbc-3.25.2.jar:/root/.m2/repository/org/springframework/spring-jdbc/5.1.3.RELEASE/spring-jdbc-5.1.3.RELEASE.jar:/root/.m2/repository/org/springframework/spring-beans/5.1.3.RELEASE/spring-beans-5.1.3.RELEASE.jar:/root/.m2/repository/org/springframework/spring-core/5.1.3.RELEASE/spring-core-5.1.3.RELEASE.jar:/root/.m2/repository/org/springframework/spring-jcl/5.1.3.RELEASE/spring-jcl-5.1.3.RELEASE.jar:/root/.m2/repository/org/springframework/spring-tx/5.1.3.RELEASE/spring-tx-5.1.3.RELEASE.jar:/root/.m2/repository/org/apache/hadoop/hadoop-ozone-client/0.5.0-SNAPSHOT/hadoop-ozone-client-0.5.0-SNAPSHOT.jar:/root/.m2/repository/org/apache/hadoop/hadoop-ozone-ozone-manager/0.5.0-SNAPSHOT/hadoop-ozone-ozone-manager-0.5.0-SNAPSHOT-tests.jar:/root/.m2/repository/junit/junit/4.11/junit-4.11.jar:/root/.m2/repository/org/hamcrest/hamcrest-core/1.3/hamcrest-core-1.3.jar:/root/.m2/repository/org/openjdk/jmh/jmh-core/1.19/jmh-core-1.19.jar:/root/.m2/repository/net/sf/jopt-simple/jopt-simple/4.6/jopt-simple-4.6.jar:/root/.m2/repository/org/apache/commons/commons-math3/3.1.1/commons-math3-3.1.1.jar:/root/.m2/repository/org/openjdk/jmh/jmh-generator-annprocess/1.19/jmh-generator-annprocess-1.19.jar:/root/.m2/repository/org/mockito/mockito-all/1.8.5/mockito-all-1.8.5.jar:/root/.m2/repository/org/apache/hadoop/hadoop-kms/3.2.0/hadoop-kms-3.2.0.jar:/root/.m2/repository/org/apache/hadoop/hadoop-auth/3.2.0/hadoop-auth-3.2.0.jar:/root/.m2/repository/com/nimbusds/nimbus-jose-jwt/4.41.1/nimbus-jose-jwt-4.41.1.jar:/root/.m2/repository/com/github/stephenc/jcip/jcip-annotations/1.0-1/jcip-annotations-1.0-1.jar:/root/.m2/repository/net/minidev/json-smart/2.3/json-smart-2.3.jar:/root/.m2/repository/net/minidev/accessors-smart/1.2/accessors-smart-1.2.jar:/root/.m2/repository/org/ow2/asm/asm/5.0.4/asm-5.0.4.jar:/root/.m2/repository/org/apache/curator/curator-framework/2.12.0/curator-framework-2.12.0.jar:/root/.m2/repository/com/sun/jersey/jersey-core/1.19/jersey-core-1.19.jar:/root/.m2/repository/javax/ws/rs/jsr311-api/1.1.1/jsr311-api-1.1.1.jar:/root/.m2/repository/com/sun/jersey/jersey-server/1.19/jersey-server-1.19.jar:/root/.m2/repository/javax/servlet/javax.servlet-api/3.1.0/javax.servlet-api-3.1.0.jar:/root/.m2/repository/org/eclipse/jetty/jetty-server/9.3.24.v20180605/jetty-server-9.3.24.v20180605.jar:/root/.m2/repository/org/eclipse/jetty/jetty-http/9.3.24.v20180605/jetty-http-9.3.24.v20180605.jar:/root/.m2/repository/org/eclipse/jetty/jetty-io/9.3.24.v20180605/jetty-io-9.3.24.v20180605.jar:/root/.m2/repository/org/eclipse/jetty/jetty-webapp/9.3.24.v20180605/jetty-webapp-9.3.24.v20180605.jar:/root/.m2/repository/org/eclipse/jetty/jetty-xml/9.3.24.v20180605/jetty-xml-9.3.24.v20180605.jar:/root/.m2/repository/log4j/log4j/1.2.17/log4j-1.2.17.jar:/root/.m2/repository/org/slf4j/slf4j-api/1.7.25/slf4j-api-1.7.25.jar:/root/.m2/repository/org/slf4j/jul-to-slf4j/1.7.25/jul-to-slf4j-1.7.25.jar:/root/.m2/repository/org/eclipse/jetty/jetty-util/9.3.24.v20180605/jetty-util-9.3.24.v20180605.jar:/root/.m2/repository/io/dropwizard/metrics/metrics-core/3.2.4/metrics-core-3.2.4.jar:/root/.m2/repository/com/fasterxml/jackson/core/jackson-databind/2.9.5/jackson-databind-2.9.5.jar:/root/.m2/repository/org/apache/hadoop/hadoop-kms/3.2.0/hadoop-kms-3.2.0-tests.jar:/root/.m2/repository/org/apache/hadoop/hadoop-hdds-server-scm/0.5.0-SNAPSHOT/hadoop-hdds-server-scm-0.5.0-SNAPSHOT-tests.jar:/root/.m2/repository/org/hamcrest/hamcrest-all/1.3/hamcrest-all-1.3.jar:/root/.m2/repository/info/picocli/picocli/3.9.6/picocli-3.9.6.jar:/root/.m2/repository/org/apache/hadoop/hadoop-hdds-container-service/0.5.0-SNAPSHOT/hadoop-hdds-container-service-0.5.0-SNAPSHOT-tests.jar:/root/.m2/repository/org/yaml/snakeyaml/1.16/snakeyaml-1.16.jar:/root/.m2/repository/org/apache/hadoop/hadoop-common/3.2.0/hadoop-common-3.2.0-tests.jar:/root/.m2/repository/org/apache/hadoop/hadoop-annotations/3.2.0/hadoop-annotations-3.2.0.jar:/usr/lib/jvm/java-1.8-openjdk/jre/../lib/tools.jar:/root/.m2/repository/commons-cli/commons-cli/1.2/commons-cli-1.2.jar:/root/.m2/repository/org/apache/httpcomponents/httpclient/4.5.2/httpclient-4.5.2.jar:/root/.m2/repository/org/apache/httpcomponents/httpcore/4.4.4/httpcore-4.4.4.jar:/root/.m2/repository/commons-codec/commons-codec/1.11/commons-codec-1.11.jar:/root/.m2/repository/commons-net/commons-net/3.6/commons-net-3.6.jar:/root/.m2/repository/commons-collections/commons-collections/3.2.2/commons-collections-3.2.2.jar:/root/.m2/repository/org/eclipse/jetty/jetty-servlet/9.3.24.v20180605/jetty-servlet-9.3.24.v20180605.jar:/root/.m2/repository/org/eclipse/jetty/jetty-security/9.3.24.v20180605/jetty-security-9.3.24.v20180605.jar:/root/.m2/repository/javax/servlet/jsp/jsp-api/2.1/jsp-api-2.1.jar:/root/.m2/repository/com/sun/jersey/jersey-servlet/1.19/jersey-servlet-1.19.jar:/root/.m2/repository/com/sun/jersey/jersey-json/1.19/jersey-json-1.19.jar:/root/.m2/repository/org/codehaus/jettison/jettison/1.1/jettison-1.1.jar:/root/.m2/repository/org/codehaus/jackson/jackson-core-asl/1.9.13/jackson-core-asl-1.9.13.jar:/root/.m2/repository/org/codehaus/jackson/jackson-mapper-asl/1.9.13/jackson-mapper-asl-1.9.13.jar:/root/.m2/repository/org/codehaus/jackson/jackson-jaxrs/1.9.13/jackson-jaxrs-1.9.13.jar:/root/.m2/repository/org/codehaus/jackson/jackson-xc/1.9.13/jackson-xc-1.9.13.jar:/root/.m2/repository/commons-logging/commons-logging/1.1.3/commons-logging-1.1.3.jar:/root/.m2/repository/commons-beanutils/commons-beanutils/1.9.3/commons-beanutils-1.9.3.jar:/root/.m2/repository/org/apache/commons/commons-configuration2/2.1.1/commons-configuration2-2.1.1.jar:/root/.m2/repository/org/apache/commons/commons-lang3/3.7/commons-lang3-3.7.jar:/root/.m2/repository/org/apache/commons/commons-text/1.4/commons-text-1.4.jar:/root/.m2/repository/org/apache/avro/avro/1.7.7/avro-1.7.7.jar:/root/.m2/repository/com/thoughtworks/paranamer/paranamer/2.3/paranamer-2.3.jar:/root/.m2/repository/org/xerial/snappy/snappy-java/1.0.5/snappy-java-1.0.5.jar:/root/.m2/repository/com/google/re2j/re2j/1.1/re2j-1.1.jar:/root/.m2/repository/com/google/code/gson/gson/2.2.4/gson-2.2.4.jar:/root/.m2/repository/com/jcraft/jsch/0.1.54/jsch-0.1.54.jar:/root/.m2/repository/org/apache/curator/curator-client/2.12.0/curator-client-2.12.0.jar:/root/.m2/repository/org/apache/curator/curator-recipes/2.12.0/curator-recipes-2.12.0.jar:/root/.m2/repository/com/google/code/findbugs/jsr305/3.0.0/jsr305-3.0.0.jar:/root/.m2/repository/org/apache/htrace/htrace-core4/4.1.0-incubating/htrace-core4-4.1.0-incubating.jar:/root/.m2/repository/org/apache/zookeeper/zookeeper/3.4.13/zookeeper-3.4.13.jar:/root/.m2/repository/org/apache/yetus/audience-annotations/0.5.0/audience-annotations-0.5.0.jar:/root/.m2/repository/org/codehaus/woodstox/stax2-api/3.1.4/stax2-api-3.1.4.jar:/root/.m2/repository/com/fasterxml/woodstox/woodstox-core/5.0.3/woodstox-core-5.0.3.jar:/root/.m2/repository/dnsjava/dnsjava/2.1.7/dnsjava-2.1.7.jar:/root/.m2/repository/org/apache/hadoop/hadoop-hdfs/3.2.0/hadoop-hdfs-3.2.0-tests.jar:/root/.m2/repository/org/eclipse/jetty/jetty-util-ajax/9.3.24.v20180605/jetty-util-ajax-9.3.24.v20180605.jar:/root/.m2/repository/commons-daemon/commons-daemon/1.0.13/commons-daemon-1.0.13.jar:/root/.m2/repository/io/netty/netty/3.10.5.Final/netty-3.10.5.Final.jar:/root/.m2/repository/io/netty/netty-all/4.0.52.Final/netty-all-4.0.52.Final.jar:/root/.m2/repository/org/fusesource/leveldbjni/leveldbjni-all/1.8/leveldbjni-all-1.8.jar:"/>
    <property name="java.vm.vendor" value="IcedTea"/>
    <property name="sun.arch.data.model" value="64"/>
    <property name="test.build.dir" value="/opt/src/hadoop-ozone/integration-test/target/test-dir"/>
    <property name="test.cache.data" value=""/>
    <property name="java.vendor.url" value="https://icedtea.classpath.org"/>
    <property name="user.timezone" value=""/>
    <property name="java.vm.specification.version" value="1.8"/>
    <property name="os.name" value="Linux"/>
    <property name="test.build.data" value="/opt/src/hadoop-ozone/integration-test/target/test-dir"/>
    <property name="user.country" value="US"/>
    <property name="sun.java.launcher" value="SUN_STANDARD"/>
    <property name="sun.boot.library.path" value="/usr/lib/jvm/java-1.8-openjdk/jre/lib/amd64"/>
    <property name="sun.java.command" value="/opt/src/hadoop-ozone/integration-test/target/surefire/surefirebooter4279358335986226115.jar /opt/src/hadoop-ozone/integration-test/target/surefire 2019-06-13T04-09-58_739-jvmRun1 surefire6433188106353866903tmp surefire_84156312159648743320tmp"/>
    <property name="surefire.test.class.path" value="/opt/src/hadoop-ozone/integration-test/target/test-classes:/opt/src/hadoop-ozone/integration-test/target/classes:/root/.m2/repository/org/apache/hadoop/hadoop-ozone-common/0.5.0-SNAPSHOT/hadoop-ozone-common-0.5.0-SNAPSHOT.jar:/root/.m2/repository/org/apache/commons/commons-compress/1.4.1/commons-compress-1.4.1.jar:/root/.m2/repository/org/tukaani/xz/1.0/xz-1.0.jar:/root/.m2/repository/org/apache/hadoop/hadoop-common/3.2.0/hadoop-common-3.2.0.jar:/root/.m2/repository/org/apache/hadoop/hadoop-hdfs/3.2.0/hadoop-hdfs-3.2.0.jar:/root/.m2/repository/org/apache/hadoop/hadoop-hdfs-client/3.2.0/hadoop-hdfs-client-3.2.0.jar:/root/.m2/repository/com/fasterxml/jackson/core/jackson-annotations/2.9.5/jackson-annotations-2.9.5.jar:/root/.m2/repository/org/apache/hadoop/hadoop-hdds-common/0.5.0-SNAPSHOT/hadoop-hdds-common-0.5.0-SNAPSHOT.jar:/root/.m2/repository/javax/annotation/javax.annotation-api/1.2/javax.annotation-api-1.2.jar:/root/.m2/repository/org/apache/ratis/ratis-server/0.4.0-fe2b15d-SNAPSHOT/ratis-server-0.4.0-fe2b15d-SNAPSHOT.jar:/root/.m2/repository/org/apache/ratis/ratis-thirdparty-misc/0.2.0/ratis-thirdparty-misc-0.2.0.jar:/root/.m2/repository/org/apache/ratis/ratis-proto/0.4.0-fe2b15d-SNAPSHOT/ratis-proto-0.4.0-fe2b15d-SNAPSHOT.jar:/root/.m2/repository/org/apache/ratis/ratis-common/0.4.0-fe2b15d-SNAPSHOT/ratis-common-0.4.0-fe2b15d-SNAPSHOT.jar:/root/.m2/repository/org/apache/ratis/ratis-client/0.4.0-fe2b15d-SNAPSHOT/ratis-client-0.4.0-fe2b15d-SNAPSHOT.jar:/root/.m2/repository/org/apache/ratis/ratis-netty/0.4.0-fe2b15d-SNAPSHOT/ratis-netty-0.4.0-fe2b15d-SNAPSHOT.jar:/root/.m2/repository/org/apache/ratis/ratis-grpc/0.4.0-fe2b15d-SNAPSHOT/ratis-grpc-0.4.0-fe2b15d-SNAPSHOT.jar:/root/.m2/repository/org/rocksdb/rocksdbjni/5.14.2/rocksdbjni-5.14.2.jar:/root/.m2/repository/org/apache/logging/log4j/log4j-api/2.11.0/log4j-api-2.11.0.jar:/root/.m2/repository/org/apache/logging/log4j/log4j-core/2.11.0/log4j-core-2.11.0.jar:/root/.m2/repository/com/lmax/disruptor/3.4.2/disruptor-3.4.2.jar:/root/.m2/repository/org/apache/commons/commons-pool2/2.6.0/commons-pool2-2.6.0.jar:/root/.m2/repository/org/bouncycastle/bcpkix-jdk15on/1.60/bcpkix-jdk15on-1.60.jar:/root/.m2/repository/commons-validator/commons-validator/1.6/commons-validator-1.6.jar:/root/.m2/repository/commons-digester/commons-digester/1.8.1/commons-digester-1.8.1.jar:/root/.m2/repository/io/jaegertracing/jaeger-client/0.33.1/jaeger-client-0.33.1.jar:/root/.m2/repository/io/jaegertracing/jaeger-thrift/0.33.1/jaeger-thrift-0.33.1.jar:/root/.m2/repository/org/apache/thrift/libthrift/0.11.0/libthrift-0.11.0.jar:/root/.m2/repository/com/squareup/okhttp3/okhttp/3.9.0/okhttp-3.9.0.jar:/root/.m2/repository/com/squareup/okio/okio/1.13.0/okio-1.13.0.jar:/root/.m2/repository/io/jaegertracing/jaeger-core/0.33.1/jaeger-core-0.33.1.jar:/root/.m2/repository/io/jaegertracing/jaeger-tracerresolver/0.33.1/jaeger-tracerresolver-0.33.1.jar:/root/.m2/repository/io/opentracing/contrib/opentracing-tracerresolver/0.1.5/opentracing-tracerresolver-0.1.5.jar:/root/.m2/repository/io/opentracing/opentracing-util/0.31.0/opentracing-util-0.31.0.jar:/root/.m2/repository/io/opentracing/opentracing-api/0.31.0/opentracing-api-0.31.0.jar:/root/.m2/repository/io/opentracing/opentracing-noop/0.31.0/opentracing-noop-0.31.0.jar:/root/.m2/repository/org/apache/hadoop/hadoop-hdds-server-framework/0.5.0-SNAPSHOT/hadoop-hdds-server-framework-0.5.0-SNAPSHOT.jar:/root/.m2/repository/org/apache/hadoop/hadoop-hdds-server-scm/0.5.0-SNAPSHOT/hadoop-hdds-server-scm-0.5.0-SNAPSHOT.jar:/root/.m2/repository/org/apache/hadoop/hadoop-hdds-container-service/0.5.0-SNAPSHOT/hadoop-hdds-container-service-0.5.0-SNAPSHOT.jar:/root/.m2/repository/org/apache/hadoop/hadoop-hdds-client/0.5.0-SNAPSHOT/hadoop-hdds-client-0.5.0-SNAPSHOT.jar:/root/.m2/repository/org/apache/hadoop/hadoop-hdds-tools/0.5.0-SNAPSHOT/hadoop-hdds-tools-0.5.0-SNAPSHOT.jar:/root/.m2/repository/org/apache/hadoop/hadoop-ozone-ozone-manager/0.5.0-SNAPSHOT/hadoop-ozone-ozone-manager-0.5.0-SNAPSHOT.jar:/root/.m2/repository/org/apache/hadoop/hadoop-hdds-docs/0.5.0-SNAPSHOT/hadoop-hdds-docs-0.5.0-SNAPSHOT.jar:/root/.m2/repository/org/bouncycastle/bcprov-jdk15on/1.60/bcprov-jdk15on-1.60.jar:/root/.m2/repository/org/apache/hadoop/hadoop-minikdc/3.2.0/hadoop-minikdc-3.2.0.jar:/root/.m2/repository/commons-io/commons-io/2.5/commons-io-2.5.jar:/root/.m2/repository/org/apache/kerby/kerb-simplekdc/1.0.1/kerb-simplekdc-1.0.1.jar:/root/.m2/repository/org/apache/kerby/kerb-client/1.0.1/kerb-client-1.0.1.jar:/root/.m2/repository/org/apache/kerby/kerby-config/1.0.1/kerby-config-1.0.1.jar:/root/.m2/repository/org/apache/kerby/kerb-core/1.0.1/kerb-core-1.0.1.jar:/root/.m2/repository/org/apache/kerby/kerby-pkix/1.0.1/kerby-pkix-1.0.1.jar:/root/.m2/repository/org/apache/kerby/kerby-asn1/1.0.1/kerby-asn1-1.0.1.jar:/root/.m2/repository/org/apache/kerby/kerby-util/1.0.1/kerby-util-1.0.1.jar:/root/.m2/repository/org/apache/kerby/kerb-common/1.0.1/kerb-common-1.0.1.jar:/root/.m2/repository/org/apache/kerby/kerb-crypto/1.0.1/kerb-crypto-1.0.1.jar:/root/.m2/repository/org/apache/kerby/kerb-util/1.0.1/kerb-util-1.0.1.jar:/root/.m2/repository/org/apache/kerby/token-provider/1.0.1/token-provider-1.0.1.jar:/root/.m2/repository/org/apache/kerby/kerb-admin/1.0.1/kerb-admin-1.0.1.jar:/root/.m2/repository/org/apache/kerby/kerb-server/1.0.1/kerb-server-1.0.1.jar:/root/.m2/repository/org/apache/kerby/kerb-identity/1.0.1/kerb-identity-1.0.1.jar:/root/.m2/repository/org/apache/kerby/kerby-xdr/1.0.1/kerby-xdr-1.0.1.jar:/root/.m2/repository/org/slf4j/slf4j-log4j12/1.7.25/slf4j-log4j12-1.7.25.jar:/root/.m2/repository/org/apache/hadoop/hadoop-ozone-objectstore-service/0.5.0-SNAPSHOT/hadoop-ozone-objectstore-service-0.5.0-SNAPSHOT.jar:/root/.m2/repository/org/apache/hadoop/hadoop-ozone-s3gateway/0.5.0-SNAPSHOT/hadoop-ozone-s3gateway-0.5.0-SNAPSHOT.jar:/root/.m2/repository/org/jboss/weld/servlet/weld-servlet/2.4.7.Final/weld-servlet-2.4.7.Final.jar:/root/.m2/repository/org/glassfish/jersey/containers/jersey-container-servlet-core/2.27/jersey-container-servlet-core-2.27.jar:/root/.m2/repository/org/glassfish/hk2/external/javax.inject/2.5.0-b42/javax.inject-2.5.0-b42.jar:/root/.m2/repository/org/glassfish/jersey/core/jersey-common/2.27/jersey-common-2.27.jar:/root/.m2/repository/org/glassfish/hk2/osgi-resource-locator/1.0.1/osgi-resource-locator-1.0.1.jar:/root/.m2/repository/javax/ws/rs/javax.ws.rs-api/2.1/javax.ws.rs-api-2.1.jar:/root/.m2/repository/org/glassfish/jersey/ext/cdi/jersey-cdi1x/2.27/jersey-cdi1x-2.27.jar:/root/.m2/repository/org/glassfish/jersey/inject/jersey-hk2/2.27/jersey-hk2-2.27.jar:/root/.m2/repository/org/glassfish/hk2/hk2-locator/2.5.0-b42/hk2-locator-2.5.0-b42.jar:/root/.m2/repository/org/javassist/javassist/3.22.0-CR2/javassist-3.22.0-CR2.jar:/root/.m2/repository/org/glassfish/hk2/hk2-api/2.5.0/hk2-api-2.5.0.jar:/root/.m2/repository/org/glassfish/hk2/external/jakarta.inject/2.5.0/jakarta.inject-2.5.0.jar:/root/.m2/repository/org/glassfish/hk2/hk2-utils/2.5.0/hk2-utils-2.5.0.jar:/root/.m2/repository/jakarta/annotation/jakarta.annotation-api/1.3.4/jakarta.annotation-api-1.3.4.jar:/root/.m2/repository/org/glassfish/hk2/external/aopalliance-repackaged/2.5.0/aopalliance-repackaged-2.5.0.jar:/root/.m2/repository/com/fasterxml/jackson/dataformat/jackson-dataformat-xml/2.9.0/jackson-dataformat-xml-2.9.0.jar:/root/.m2/repository/com/fasterxml/jackson/core/jackson-core/2.9.5/jackson-core-2.9.5.jar:/root/.m2/repository/com/fasterxml/jackson/module/jackson-module-jaxb-annotations/2.9.5/jackson-module-jaxb-annotations-2.9.5.jar:/root/.m2/repository/javax/enterprise/cdi-api/1.2/cdi-api-1.2.jar:/root/.m2/repository/javax/el/javax.el-api/3.0.0/javax.el-api-3.0.0.jar:/root/.m2/repository/javax/interceptor/javax.interceptor-api/1.2/javax.interceptor-api-1.2.jar:/root/.m2/repository/javax/inject/javax.inject/1/javax.inject-1.jar:/root/.m2/repository/com/sun/xml/bind/jaxb-impl/2.3.0.1/jaxb-impl-2.3.0.1.jar:/root/.m2/repository/com/sun/xml/bind/jaxb-core/2.3.0.1/jaxb-core-2.3.0.1.jar:/root/.m2/repository/javax/xml/bind/jaxb-api/2.3.0/jaxb-api-2.3.0.jar:/root/.m2/repository/javax/activation/activation/1.1.1/activation-1.1.1.jar:/root/.m2/repository/org/apache/hadoop/hadoop-ozone-csi/0.5.0-SNAPSHOT/hadoop-ozone-csi-0.5.0-SNAPSHOT.jar:/root/.m2/repository/com/google/protobuf/protobuf-java-util/3.5.1/protobuf-java-util-3.5.1.jar:/root/.m2/repository/org/apache/hadoop/hadoop-hdds-config/0.5.0-SNAPSHOT/hadoop-hdds-config-0.5.0-SNAPSHOT.jar:/root/.m2/repository/com/google/guava/guava/11.0.2/guava-11.0.2.jar:/root/.m2/repository/com/google/protobuf/protobuf-java/2.5.0/protobuf-java-2.5.0.jar:/root/.m2/repository/io/grpc/grpc-netty/1.17.1/grpc-netty-1.17.1.jar:/root/.m2/repository/io/grpc/grpc-core/1.17.1/grpc-core-1.17.1.jar:/root/.m2/repository/io/grpc/grpc-context/1.17.1/grpc-context-1.17.1.jar:/root/.m2/repository/com/google/errorprone/error_prone_annotations/2.2.0/error_prone_annotations-2.2.0.jar:/root/.m2/repository/org/codehaus/mojo/animal-sniffer-annotations/1.17/animal-sniffer-annotations-1.17.jar:/root/.m2/repository/io/opencensus/opencensus-api/0.17.0/opencensus-api-0.17.0.jar:/root/.m2/repository/io/opencensus/opencensus-contrib-grpc-metrics/0.17.0/opencensus-contrib-grpc-metrics-0.17.0.jar:/root/.m2/repository/io/netty/netty-codec-http2/4.1.30.Final/netty-codec-http2-4.1.30.Final.jar:/root/.m2/repository/io/netty/netty-codec-http/4.1.30.Final/netty-codec-http-4.1.30.Final.jar:/root/.m2/repository/io/netty/netty-codec/4.1.30.Final/netty-codec-4.1.30.Final.jar:/root/.m2/repository/io/netty/netty-handler/4.1.30.Final/netty-handler-4.1.30.Final.jar:/root/.m2/repository/io/netty/netty-handler-proxy/4.1.30.Final/netty-handler-proxy-4.1.30.Final.jar:/root/.m2/repository/io/netty/netty-codec-socks/4.1.30.Final/netty-codec-socks-4.1.30.Final.jar:/root/.m2/repository/io/netty/netty-transport-native-epoll/4.1.30.Final/netty-transport-native-epoll-4.1.30.Final.jar:/root/.m2/repository/io/netty/netty-common/4.1.30.Final/netty-common-4.1.30.Final.jar:/root/.m2/repository/io/netty/netty-buffer/4.1.30.Final/netty-buffer-4.1.30.Final.jar:/root/.m2/repository/io/netty/netty-transport/4.1.30.Final/netty-transport-4.1.30.Final.jar:/root/.m2/repository/io/netty/netty-resolver/4.1.30.Final/netty-resolver-4.1.30.Final.jar:/root/.m2/repository/io/netty/netty-transport-native-unix-common/4.1.30.Final/netty-transport-native-unix-common-4.1.30.Final.jar:/root/.m2/repository/io/grpc/grpc-protobuf/1.17.1/grpc-protobuf-1.17.1.jar:/root/.m2/repository/com/google/api/grpc/proto-google-common-protos/1.0.0/proto-google-common-protos-1.0.0.jar:/root/.m2/repository/io/grpc/grpc-protobuf-lite/1.17.1/grpc-protobuf-lite-1.17.1.jar:/root/.m2/repository/io/grpc/grpc-stub/1.17.1/grpc-stub-1.17.1.jar:/root/.m2/repository/org/apache/hadoop/hadoop-ozone-recon/0.5.0-SNAPSHOT/hadoop-ozone-recon-0.5.0-SNAPSHOT.jar:/root/.m2/repository/org/apache/hadoop/hadoop-ozone-reconcodegen/0.5.0-SNAPSHOT/hadoop-ozone-reconcodegen-0.5.0-SNAPSHOT.jar:/root/.m2/repository/com/google/inject/extensions/guice-multibindings/4.0/guice-multibindings-4.0.jar:/root/.m2/repository/com/google/inject/guice/4.0/guice-4.0.jar:/root/.m2/repository/aopalliance/aopalliance/1.0/aopalliance-1.0.jar:/root/.m2/repository/com/google/inject/extensions/guice-servlet/4.0/guice-servlet-4.0.jar:/root/.m2/repository/org/glassfish/jersey/containers/jersey-container-servlet/2.27/jersey-container-servlet-2.27.jar:/root/.m2/repository/org/glassfish/hk2/guice-bridge/2.5.0/guice-bridge-2.5.0.jar:/root/.m2/repository/org/glassfish/jersey/core/jersey-server/2.27/jersey-server-2.27.jar:/root/.m2/repository/org/glassfish/jersey/core/jersey-client/2.27/jersey-client-2.27.jar:/root/.m2/repository/org/glassfish/jersey/media/jersey-media-jaxb/2.27/jersey-media-jaxb-2.27.jar:/root/.m2/repository/javax/validation/validation-api/1.1.0.Final/validation-api-1.1.0.Final.jar:/root/.m2/repository/org/glassfish/jersey/media/jersey-media-json-jackson/2.27/jersey-media-json-jackson-2.27.jar:/root/.m2/repository/org/glassfish/jersey/ext/jersey-entity-filtering/2.27/jersey-entity-filtering-2.27.jar:/root/.m2/repository/com/google/inject/extensions/guice-assistedinject/4.0/guice-assistedinject-4.0.jar:/root/.m2/repository/org/jooq/jooq/3.11.10/jooq-3.11.10.jar:/root/.m2/repository/org/jooq/jooq-meta/3.11.10/jooq-meta-3.11.10.jar:/root/.m2/repository/org/jooq/jooq-codegen/3.11.10/jooq-codegen-3.11.10.jar:/root/.m2/repository/com/jolbox/bonecp/0.8.0.RELEASE/bonecp-0.8.0.RELEASE.jar:/root/.m2/repository/org/xerial/sqlite-jdbc/3.25.2/sqlite-jdbc-3.25.2.jar:/root/.m2/repository/org/springframework/spring-jdbc/5.1.3.RELEASE/spring-jdbc-5.1.3.RELEASE.jar:/root/.m2/repository/org/springframework/spring-beans/5.1.3.RELEASE/spring-beans-5.1.3.RELEASE.jar:/root/.m2/repository/org/springframework/spring-core/5.1.3.RELEASE/spring-core-5.1.3.RELEASE.jar:/root/.m2/repository/org/springframework/spring-jcl/5.1.3.RELEASE/spring-jcl-5.1.3.RELEASE.jar:/root/.m2/repository/org/springframework/spring-tx/5.1.3.RELEASE/spring-tx-5.1.3.RELEASE.jar:/root/.m2/repository/org/apache/hadoop/hadoop-ozone-client/0.5.0-SNAPSHOT/hadoop-ozone-client-0.5.0-SNAPSHOT.jar:/root/.m2/repository/org/apache/hadoop/hadoop-ozone-ozone-manager/0.5.0-SNAPSHOT/hadoop-ozone-ozone-manager-0.5.0-SNAPSHOT-tests.jar:/root/.m2/repository/junit/junit/4.11/junit-4.11.jar:/root/.m2/repository/org/hamcrest/hamcrest-core/1.3/hamcrest-core-1.3.jar:/root/.m2/repository/org/openjdk/jmh/jmh-core/1.19/jmh-core-1.19.jar:/root/.m2/repository/net/sf/jopt-simple/jopt-simple/4.6/jopt-simple-4.6.jar:/root/.m2/repository/org/apache/commons/commons-math3/3.1.1/commons-math3-3.1.1.jar:/root/.m2/repository/org/openjdk/jmh/jmh-generator-annprocess/1.19/jmh-generator-annprocess-1.19.jar:/root/.m2/repository/org/mockito/mockito-all/1.8.5/mockito-all-1.8.5.jar:/root/.m2/repository/org/apache/hadoop/hadoop-kms/3.2.0/hadoop-kms-3.2.0.jar:/root/.m2/repository/org/apache/hadoop/hadoop-auth/3.2.0/hadoop-auth-3.2.0.jar:/root/.m2/repository/com/nimbusds/nimbus-jose-jwt/4.41.1/nimbus-jose-jwt-4.41.1.jar:/root/.m2/repository/com/github/stephenc/jcip/jcip-annotations/1.0-1/jcip-annotations-1.0-1.jar:/root/.m2/repository/net/minidev/json-smart/2.3/json-smart-2.3.jar:/root/.m2/repository/net/minidev/accessors-smart/1.2/accessors-smart-1.2.jar:/root/.m2/repository/org/ow2/asm/asm/5.0.4/asm-5.0.4.jar:/root/.m2/repository/org/apache/curator/curator-framework/2.12.0/curator-framework-2.12.0.jar:/root/.m2/repository/com/sun/jersey/jersey-core/1.19/jersey-core-1.19.jar:/root/.m2/repository/javax/ws/rs/jsr311-api/1.1.1/jsr311-api-1.1.1.jar:/root/.m2/repository/com/sun/jersey/jersey-server/1.19/jersey-server-1.19.jar:/root/.m2/repository/javax/servlet/javax.servlet-api/3.1.0/javax.servlet-api-3.1.0.jar:/root/.m2/repository/org/eclipse/jetty/jetty-server/9.3.24.v20180605/jetty-server-9.3.24.v20180605.jar:/root/.m2/repository/org/eclipse/jetty/jetty-http/9.3.24.v20180605/jetty-http-9.3.24.v20180605.jar:/root/.m2/repository/org/eclipse/jetty/jetty-io/9.3.24.v20180605/jetty-io-9.3.24.v20180605.jar:/root/.m2/repository/org/eclipse/jetty/jetty-webapp/9.3.24.v20180605/jetty-webapp-9.3.24.v20180605.jar:/root/.m2/repository/org/eclipse/jetty/jetty-xml/9.3.24.v20180605/jetty-xml-9.3.24.v20180605.jar:/root/.m2/repository/log4j/log4j/1.2.17/log4j-1.2.17.jar:/root/.m2/repository/org/slf4j/slf4j-api/1.7.25/slf4j-api-1.7.25.jar:/root/.m2/repository/org/slf4j/jul-to-slf4j/1.7.25/jul-to-slf4j-1.7.25.jar:/root/.m2/repository/org/eclipse/jetty/jetty-util/9.3.24.v20180605/jetty-util-9.3.24.v20180605.jar:/root/.m2/repository/io/dropwizard/metrics/metrics-core/3.2.4/metrics-core-3.2.4.jar:/root/.m2/repository/com/fasterxml/jackson/core/jackson-databind/2.9.5/jackson-databind-2.9.5.jar:/root/.m2/repository/org/apache/hadoop/hadoop-kms/3.2.0/hadoop-kms-3.2.0-tests.jar:/root/.m2/repository/org/apache/hadoop/hadoop-hdds-server-scm/0.5.0-SNAPSHOT/hadoop-hdds-server-scm-0.5.0-SNAPSHOT-tests.jar:/root/.m2/repository/org/hamcrest/hamcrest-all/1.3/hamcrest-all-1.3.jar:/root/.m2/repository/info/picocli/picocli/3.9.6/picocli-3.9.6.jar:/root/.m2/repository/org/apache/hadoop/hadoop-hdds-container-service/0.5.0-SNAPSHOT/hadoop-hdds-container-service-0.5.0-SNAPSHOT-tests.jar:/root/.m2/repository/org/yaml/snakeyaml/1.16/snakeyaml-1.16.jar:/root/.m2/repository/org/apache/hadoop/hadoop-common/3.2.0/hadoop-common-3.2.0-tests.jar:/root/.m2/repository/org/apache/hadoop/hadoop-annotations/3.2.0/hadoop-annotations-3.2.0.jar:/usr/lib/jvm/java-1.8-openjdk/jre/../lib/tools.jar:/root/.m2/repository/commons-cli/commons-cli/1.2/commons-cli-1.2.jar:/root/.m2/repository/org/apache/httpcomponents/httpclient/4.5.2/httpclient-4.5.2.jar:/root/.m2/repository/org/apache/httpcomponents/httpcore/4.4.4/httpcore-4.4.4.jar:/root/.m2/repository/commons-codec/commons-codec/1.11/commons-codec-1.11.jar:/root/.m2/repository/commons-net/commons-net/3.6/commons-net-3.6.jar:/root/.m2/repository/commons-collections/commons-collections/3.2.2/commons-collections-3.2.2.jar:/root/.m2/repository/org/eclipse/jetty/jetty-servlet/9.3.24.v20180605/jetty-servlet-9.3.24.v20180605.jar:/root/.m2/repository/org/eclipse/jetty/jetty-security/9.3.24.v20180605/jetty-security-9.3.24.v20180605.jar:/root/.m2/repository/javax/servlet/jsp/jsp-api/2.1/jsp-api-2.1.jar:/root/.m2/repository/com/sun/jersey/jersey-servlet/1.19/jersey-servlet-1.19.jar:/root/.m2/repository/com/sun/jersey/jersey-json/1.19/jersey-json-1.19.jar:/root/.m2/repository/org/codehaus/jettison/jettison/1.1/jettison-1.1.jar:/root/.m2/repository/org/codehaus/jackson/jackson-core-asl/1.9.13/jackson-core-asl-1.9.13.jar:/root/.m2/repository/org/codehaus/jackson/jackson-mapper-asl/1.9.13/jackson-mapper-asl-1.9.13.jar:/root/.m2/repository/org/codehaus/jackson/jackson-jaxrs/1.9.13/jackson-jaxrs-1.9.13.jar:/root/.m2/repository/org/codehaus/jackson/jackson-xc/1.9.13/jackson-xc-1.9.13.jar:/root/.m2/repository/commons-logging/commons-logging/1.1.3/commons-logging-1.1.3.jar:/root/.m2/repository/commons-beanutils/commons-beanutils/1.9.3/commons-beanutils-1.9.3.jar:/root/.m2/repository/org/apache/commons/commons-configuration2/2.1.1/commons-configuration2-2.1.1.jar:/root/.m2/repository/org/apache/commons/commons-lang3/3.7/commons-lang3-3.7.jar:/root/.m2/repository/org/apache/commons/commons-text/1.4/commons-text-1.4.jar:/root/.m2/repository/org/apache/avro/avro/1.7.7/avro-1.7.7.jar:/root/.m2/repository/com/thoughtworks/paranamer/paranamer/2.3/paranamer-2.3.jar:/root/.m2/repository/org/xerial/snappy/snappy-java/1.0.5/snappy-java-1.0.5.jar:/root/.m2/repository/com/google/re2j/re2j/1.1/re2j-1.1.jar:/root/.m2/repository/com/google/code/gson/gson/2.2.4/gson-2.2.4.jar:/root/.m2/repository/com/jcraft/jsch/0.1.54/jsch-0.1.54.jar:/root/.m2/repository/org/apache/curator/curator-client/2.12.0/curator-client-2.12.0.jar:/root/.m2/repository/org/apache/curator/curator-recipes/2.12.0/curator-recipes-2.12.0.jar:/root/.m2/repository/com/google/code/findbugs/jsr305/3.0.0/jsr305-3.0.0.jar:/root/.m2/repository/org/apache/htrace/htrace-core4/4.1.0-incubating/htrace-core4-4.1.0-incubating.jar:/root/.m2/repository/org/apache/zookeeper/zookeeper/3.4.13/zookeeper-3.4.13.jar:/root/.m2/repository/org/apache/yetus/audience-annotations/0.5.0/audience-annotations-0.5.0.jar:/root/.m2/repository/org/codehaus/woodstox/stax2-api/3.1.4/stax2-api-3.1.4.jar:/root/.m2/repository/com/fasterxml/woodstox/woodstox-core/5.0.3/woodstox-core-5.0.3.jar:/root/.m2/repository/dnsjava/dnsjava/2.1.7/dnsjava-2.1.7.jar:/root/.m2/repository/org/apache/hadoop/hadoop-hdfs/3.2.0/hadoop-hdfs-3.2.0-tests.jar:/root/.m2/repository/org/eclipse/jetty/jetty-util-ajax/9.3.24.v20180605/jetty-util-ajax-9.3.24.v20180605.jar:/root/.m2/repository/commons-daemon/commons-daemon/1.0.13/commons-daemon-1.0.13.jar:/root/.m2/repository/io/netty/netty/3.10.5.Final/netty-3.10.5.Final.jar:/root/.m2/repository/io/netty/netty-all/4.0.52.Final/netty-all-4.0.52.Final.jar:/root/.m2/repository/org/fusesource/leveldbjni/leveldbjni-all/1.8/leveldbjni-all-1.8.jar:"/>
    <property name="sun.cpu.endian" value="little"/>
    <property name="user.home" value="/root"/>
    <property name="user.language" value="en"/>
    <property name="java.specification.vendor" value="Oracle Corporation"/>
    <property name="java.home" value="/usr/lib/jvm/java-1.8-openjdk/jre"/>
    <property name="java.security.krb5.conf" value="/opt/src/hadoop-ozone/integration-test/target/test-classes/krb5.conf"/>
    <property name="basedir" value="/opt/src/hadoop-ozone/integration-test"/>
    <property name="file.separator" value="/"/>
    <property name="line.separator" value="&#10;"/>
    <property name="java.vm.specification.vendor" value="Oracle Corporation"/>
    <property name="java.specification.name" value="Java Platform API Specification"/>
    <property name="java.awt.graphicsenv" value="sun.awt.X11GraphicsEnvironment"/>
    <property name="surefire.real.class.path" value="/opt/src/hadoop-ozone/integration-test/target/surefire/surefirebooter4279358335986226115.jar"/>
    <property name="hadoop.log.dir" value="/opt/src/hadoop-ozone/integration-test/target/log"/>
    <property name="sun.boot.class.path" value="/usr/lib/jvm/java-1.8-openjdk/jre/lib/resources.jar:/usr/lib/jvm/java-1.8-openjdk/jre/lib/rt.jar:/usr/lib/jvm/java-1.8-openjdk/jre/lib/sunrsasign.jar:/usr/lib/jvm/java-1.8-openjdk/jre/lib/jsse.jar:/usr/lib/jvm/java-1.8-openjdk/jre/lib/jce.jar:/usr/lib/jvm/java-1.8-openjdk/jre/lib/charsets.jar:/usr/lib/jvm/java-1.8-openjdk/jre/lib/jfr.jar:/usr/lib/jvm/java-1.8-openjdk/jre/classes"/>
    <property name="sun.management.compiler" value="HotSpot 64-Bit Tiered Compilers"/>
    <property name="java.runtime.version" value="1.8.0_212-b04"/>
    <property name="java.net.preferIPv4Stack" value="true"/>
    <property name="user.name" value="root"/>
    <property name="path.separator" value=":"/>
    <property name="java.security.egd" value="file:///dev/urandom"/>
    <property name="os.version" value="4.15.0-1021-aws"/>
    <property name="java.endorsed.dirs" value="/usr/lib/jvm/java-1.8-openjdk/jre/lib/endorsed"/>
    <property name="java.runtime.name" value="OpenJDK Runtime Environment"/>
    <property name="file.encoding" value="UTF-8"/>
    <property name="java.vm.name" value="OpenJDK 64-Bit Server VM"/>
    <property name="test.build.webapps" value=""/>
    <property name="localRepository" value="/root/.m2/repository"/>
    <property name="java.vendor.url.bug" value="https://icedtea.classpath.org/bugzilla"/>
    <property name="java.io.tmpdir" value="/tmp"/>
    <property name="require.test.libhadoop" value=""/>
    <property name="java.version" value="1.8.0_212"/>
    <property name="user.dir" value="/opt/src/hadoop-ozone/integration-test"/>
    <property name="os.arch" value="amd64"/>
    <property name="java.vm.specification.name" value="Java Virtual Machine Specification"/>
    <property name="test.build.classes" value="/opt/src/hadoop-ozone/integration-test/target/test-classes"/>
    <property name="java.awt.printerjob" value="sun.print.PSPrinterJob"/>
    <property name="sun.os.patch.level" value="unknown"/>
    <property name="hadoop.tmp.dir" value="/opt/src/hadoop-ozone/integration-test/target/tmp"/>
    <property name="java.library.path" value="/usr/lib/jvm/java-1.8-openjdk/jre/lib/amd64/server:/usr/lib/jvm/java-1.8-openjdk/jre/lib/amd64:/usr/lib/jvm/java-1.8-openjdk/jre/../lib/amd64:/opt/src/hadoop-ozone/integration-test/target/native/target/usr/local/lib:/opt/src/hadoop-ozone/integration-test/../../hadoop-common-project/hadoop-common/target/native/target/usr/local/lib:/usr/java/packages/lib/amd64:/usr/lib64:/lib64:/lib:/usr/lib"/>
    <property name="java.vm.info" value="mixed mode"/>
    <property name="java.vendor" value="IcedTea"/>
    <property name="java.vm.version" value="25.212-b04"/>
    <property name="java.ext.dirs" value="/usr/lib/jvm/java-1.8-openjdk/jre/lib/ext:/usr/java/packages/lib/ext"/>
    <property name="sun.io.unicode.encoding" value="UnicodeLittle"/>
    <property name="java.class.version" value="52.0"/>
  </properties>
  <testcase name="testPipelineFail" classname="org.apache.hadoop.hdds.scm.pipeline.TestNodeFailure" time="0">
    <skipped/>
    <system-out><![CDATA[2019-06-13 04:13:41,230 WARN  server.ServerUtils (ServerUtils.java:getScmDbDir(145)) - ozone.scm.db.dirs is not configured. We recommend adding this setting. Falling back to ozone.metadata.dirs instead.
2019-06-13 04:13:41,294 WARN  server.ServerUtils (ServerUtils.java:getScmDbDir(145)) - ozone.scm.db.dirs is not configured. We recommend adding this setting. Falling back to ozone.metadata.dirs instead.
2019-06-13 04:13:41,296 WARN  server.ServerUtils (ServerUtils.java:getScmDbDir(145)) - ozone.scm.db.dirs is not configured. We recommend adding this setting. Falling back to ozone.metadata.dirs instead.
2019-06-13 04:13:41,309 INFO  util.log (Log.java:initialized(192)) - Logging initialized @675ms
2019-06-13 04:13:41,388 INFO  db.DBStoreBuilder (DBStoreBuilder.java:addTable(110)) - using custom profile for table: deletedBlocks
2019-06-13 04:13:41,388 INFO  db.DBStoreBuilder (DBStoreBuilder.java:processTables(161)) - Using default column profile:DBProfile.DISK for Table:deletedBlocks
2019-06-13 04:13:41,389 INFO  db.DBStoreBuilder (DBStoreBuilder.java:addTable(110)) - using custom profile for table: validCerts
2019-06-13 04:13:41,389 INFO  db.DBStoreBuilder (DBStoreBuilder.java:processTables(161)) - Using default column profile:DBProfile.DISK for Table:validCerts
2019-06-13 04:13:41,389 INFO  db.DBStoreBuilder (DBStoreBuilder.java:addTable(110)) - using custom profile for table: revokedCerts
2019-06-13 04:13:41,389 INFO  db.DBStoreBuilder (DBStoreBuilder.java:processTables(161)) - Using default column profile:DBProfile.DISK for Table:revokedCerts
2019-06-13 04:13:41,398 INFO  db.DBStoreBuilder (DBStoreBuilder.java:addTable(110)) - using custom profile for table: default
2019-06-13 04:13:41,398 INFO  db.DBStoreBuilder (DBStoreBuilder.java:processTables(167)) - Using default column profile:DBProfile.DISK for Table:default
2019-06-13 04:13:41,400 INFO  db.DBStoreBuilder (DBStoreBuilder.java:getDbProfile(198)) - Using default options. DBProfile.DISK
2019-06-13 04:13:41,465 INFO  node.SCMNodeManager (SCMNodeManager.java:<init>(108)) - Entering startup safe mode.
2019-06-13 04:13:41,524 INFO  net.NodeSchemaLoader (NodeSchemaLoader.java:loadSchemaFromFile(125)) - Loading file from sun.misc.CompoundEnumeration@443118b0
2019-06-13 04:13:41,525 INFO  net.NodeSchemaLoader (NodeSchemaLoader.java:loadSchema(171)) - Loading network topology layer schema file
2019-06-13 04:13:41,577 WARN  server.ServerUtils (ServerUtils.java:getScmDbDir(145)) - ozone.scm.db.dirs is not configured. We recommend adding this setting. Falling back to ozone.metadata.dirs instead.
2019-06-13 04:13:41,596 INFO  pipeline.SCMPipelineManager (SCMPipelineManager.java:initializePipelineState(126)) - No pipeline exists in current db
2019-06-13 04:13:41,597 WARN  server.ServerUtils (ServerUtils.java:getScmDbDir(145)) - ozone.scm.db.dirs is not configured. We recommend adding this setting. Falling back to ozone.metadata.dirs instead.
2019-06-13 04:13:41,648 WARN  events.EventQueue (EventQueue.java:fireEvent(175)) - No event handler registered for event TypedEvent{payloadType=SafeModeStatus, name='SafeModeStatus'}
2019-06-13 04:13:41,938 INFO  ipc.CallQueueManager (CallQueueManager.java:<init>(84)) - Using callQueue: class java.util.concurrent.LinkedBlockingQueue, queueCapacity: 2000, scheduler: class org.apache.hadoop.ipc.DefaultRpcScheduler, ipcBackoff: false.
2019-06-13 04:13:41,971 INFO  ipc.Server (Server.java:run(1074)) - Starting Socket Reader #1 for port 38113
2019-06-13 04:13:41,998 INFO  ipc.CallQueueManager (CallQueueManager.java:<init>(84)) - Using callQueue: class java.util.concurrent.LinkedBlockingQueue, queueCapacity: 2000, scheduler: class org.apache.hadoop.ipc.DefaultRpcScheduler, ipcBackoff: false.
2019-06-13 04:13:41,999 INFO  ipc.Server (Server.java:run(1074)) - Starting Socket Reader #1 for port 45903
2019-06-13 04:13:42,006 INFO  ipc.CallQueueManager (CallQueueManager.java:<init>(84)) - Using callQueue: class java.util.concurrent.LinkedBlockingQueue, queueCapacity: 2000, scheduler: class org.apache.hadoop.ipc.DefaultRpcScheduler, ipcBackoff: false.
2019-06-13 04:13:42,031 INFO  ipc.Server (Server.java:run(1074)) - Starting Socket Reader #1 for port 39487
2019-06-13 04:13:42,049 INFO  hdfs.DFSUtil (DFSUtil.java:httpServerTemplateForNNAndJN(1641)) - Starting Web-server for scm at: http://0.0.0.0:0
2019-06-13 04:13:42,201 INFO  server.AuthenticationFilter (AuthenticationFilter.java:constructSecretProvider(240)) - Unable to initialize FileSignerSecretProvider, falling back to use random secrets.
2019-06-13 04:13:42,209 WARN  http.HttpRequestLog (HttpRequestLog.java:getRequestLog(97)) - Jetty request log can only be enabled using Log4j
2019-06-13 04:13:42,217 INFO  http.HttpServer2 (HttpServer2.java:addGlobalFilter(975)) - Added global filter 'safety' (class=org.apache.hadoop.http.HttpServer2$QuotingInputFilter)
2019-06-13 04:13:42,220 INFO  http.HttpServer2 (HttpServer2.java:addFilter(948)) - Added filter static_user_filter (class=org.apache.hadoop.http.lib.StaticUserWebFilter$StaticUserFilter) to context scm
2019-06-13 04:13:42,220 INFO  http.HttpServer2 (HttpServer2.java:addFilter(958)) - Added filter static_user_filter (class=org.apache.hadoop.http.lib.StaticUserWebFilter$StaticUserFilter) to context logs
2019-06-13 04:13:42,220 INFO  http.HttpServer2 (HttpServer2.java:addFilter(958)) - Added filter static_user_filter (class=org.apache.hadoop.http.lib.StaticUserWebFilter$StaticUserFilter) to context static
2019-06-13 04:13:42,248 INFO  server.StorageContainerManager (StorageContainerManager.java:start(752)) - StorageContainerLocationProtocol RPC server is listening at /0.0.0.0:39487
2019-06-13 04:13:42,290 WARN  impl.MetricsConfig (MetricsConfig.java:loadFirst(134)) - Cannot locate configuration: tried hadoop-metrics2-storagecontainermanager.properties,hadoop-metrics2.properties
2019-06-13 04:13:42,299 INFO  impl.MetricsSystemImpl (MetricsSystemImpl.java:startTimer(374)) - Scheduled Metric snapshot period at 10 second(s).
2019-06-13 04:13:42,299 INFO  impl.MetricsSystemImpl (MetricsSystemImpl.java:start(191)) - StorageContainerManager metrics system started
2019-06-13 04:13:42,471 INFO  server.SCMClientProtocolServer (SCMClientProtocolServer.java:start(149)) - RPC server for Client  is listening at /0.0.0.0:39487
2019-06-13 04:13:42,471 INFO  ipc.Server (Server.java:run(1314)) - IPC Server Responder: starting
2019-06-13 04:13:42,471 INFO  ipc.Server (Server.java:run(1153)) - IPC Server listener on 39487: starting
2019-06-13 04:13:42,483 INFO  server.StorageContainerManager (StorageContainerManager.java:start(761)) - ScmBlockLocationProtocol RPC server is listening at /0.0.0.0:45903
2019-06-13 04:13:42,483 INFO  server.SCMBlockProtocolServer (SCMBlockProtocolServer.java:start(137)) - RPC server for Block Protocol is listening at /0.0.0.0:45903
2019-06-13 04:13:42,483 INFO  ipc.Server (Server.java:run(1314)) - IPC Server Responder: starting
2019-06-13 04:13:42,483 INFO  ipc.Server (Server.java:run(1153)) - IPC Server listener on 45903: starting
2019-06-13 04:13:42,485 INFO  server.StorageContainerManager (StorageContainerManager.java:start(765)) - ScmDatanodeProtocl RPC server is listening at /0.0.0.0:38113
2019-06-13 04:13:42,485 INFO  server.SCMDatanodeProtocolServer (SCMDatanodeProtocolServer.java:start(191)) - RPC server for DataNodes is listening at /0.0.0.0:38113
2019-06-13 04:13:42,485 INFO  ipc.Server (Server.java:run(1314)) - IPC Server Responder: starting
2019-06-13 04:13:42,486 INFO  ipc.Server (Server.java:run(1153)) - IPC Server listener on 38113: starting
2019-06-13 04:13:42,489 INFO  http.HttpServer2 (HttpServer2.java:bindListener(1191)) - Jetty bound to port 40377
2019-06-13 04:13:42,490 INFO  server.Server (Server.java:doStart(351)) - jetty-9.3.24.v20180605, build timestamp: 2018-06-05T17:11:56Z, git hash: 84205aa28f11a4f31f2a3b86d1bba2cc8ab69827
2019-06-13 04:13:42,518 INFO  handler.ContextHandler (ContextHandler.java:doStart(781)) - Started o.e.j.s.ServletContextHandler@2df6226d{/logs,file:///opt/src/hadoop-ozone/integration-test/target/log,AVAILABLE}
2019-06-13 04:13:42,519 INFO  handler.ContextHandler (ContextHandler.java:doStart(781)) - Started o.e.j.s.ServletContextHandler@4ff4357f{/static,file:///opt/src/hadoop-ozone/integration-test/target/test-classes/webapps/static,AVAILABLE}
2019-06-13 04:13:42,545 INFO  handler.ContextHandler (ContextHandler.java:doStart(781)) - Started o.e.j.w.WebAppContext@2484f433{/,file:///opt/src/hadoop-ozone/integration-test/target/test-classes/webapps/scm/,AVAILABLE}{/scm}
2019-06-13 04:13:42,549 INFO  server.AbstractConnector (AbstractConnector.java:doStart(278)) - Started ServerConnector@841e575{HTTP/1.1,[http/1.1]}{0.0.0.0:40377}
2019-06-13 04:13:42,549 INFO  server.Server (Server.java:doStart(419)) - Started @1915ms
2019-06-13 04:13:42,582 INFO  server.BaseHttpServer (BaseHttpServer.java:updateConnectorAddress(207)) - HTTP server of SCM is listening at http://0.0.0.0:40377
2019-06-13 04:13:42,590 WARN  scm.ScmUtils (ScmUtils.java:getDBPath(63)) - ozone.om.db.dirs is not configured. We recommend adding this setting. Falling back to ozone.metadata.dirs instead.
2019-06-13 04:13:42,591 INFO  util.JvmPauseMonitor (JvmPauseMonitor.java:run(188)) - Starting JVM pause monitor
2019-06-13 04:13:42,666 WARN  scm.ScmUtils (ScmUtils.java:getDBPath(63)) - ozone.om.db.dirs is not configured. We recommend adding this setting. Falling back to ozone.metadata.dirs instead.
2019-06-13 04:13:42,667 INFO  om.OzoneManager (OzoneManager.java:setOMNodeDetails(519)) - OM Service ID is not set. Setting it to the default ID: omServiceIdDefault
2019-06-13 04:13:42,667 INFO  om.OzoneManager (OzoneManager.java:setOMNodeDetails(525)) - OM Node ID is not set. Setting it to the OmStorage's OmID: 85b04bf6-7a8b-4efa-91ed-c707535a01e5
2019-06-13 04:13:42,668 WARN  scm.HddsServerUtil (HddsServerUtil.java:getDefaultRatisDirectory(354)) - Storage directory for Ratis is not configured. It is a good idea to map this to an SSD disk. Falling back to ozone.metadata.dirs
2019-06-13 04:13:42,668 WARN  scm.HddsServerUtil (HddsServerUtil.java:getDefaultRatisDirectory(354)) - Storage directory for Ratis is not configured. It is a good idea to map this to an SSD disk. Falling back to ozone.metadata.dirs
2019-06-13 04:13:42,669 INFO  om.OzoneManager (OzoneManager.java:loadOMHAConfigs(476)) - Found matching OM address with OMServiceId: null, OMNodeId: null, RPC Address: localhost:0 and Ratis port: 9872
2019-06-13 04:13:42,835 WARN  scm.ScmUtils (ScmUtils.java:getDBPath(63)) - ozone.om.db.dirs is not configured. We recommend adding this setting. Falling back to ozone.metadata.dirs instead.
2019-06-13 04:13:42,840 INFO  db.DBStoreBuilder (DBStoreBuilder.java:addTable(110)) - using custom profile for table: userTable
2019-06-13 04:13:42,840 INFO  db.DBStoreBuilder (DBStoreBuilder.java:processTables(161)) - Using default column profile:DBProfile.DISK for Table:userTable
2019-06-13 04:13:42,840 INFO  db.DBStoreBuilder (DBStoreBuilder.java:addTable(110)) - using custom profile for table: volumeTable
2019-06-13 04:13:42,840 INFO  db.DBStoreBuilder (DBStoreBuilder.java:processTables(161)) - Using default column profile:DBProfile.DISK for Table:volumeTable
2019-06-13 04:13:42,841 INFO  db.DBStoreBuilder (DBStoreBuilder.java:addTable(110)) - using custom profile for table: bucketTable
2019-06-13 04:13:42,841 INFO  db.DBStoreBuilder (DBStoreBuilder.java:processTables(161)) - Using default column profile:DBProfile.DISK for Table:bucketTable
2019-06-13 04:13:42,841 INFO  db.DBStoreBuilder (DBStoreBuilder.java:addTable(110)) - using custom profile for table: keyTable
2019-06-13 04:13:42,841 INFO  db.DBStoreBuilder (DBStoreBuilder.java:processTables(161)) - Using default column profile:DBProfile.DISK for Table:keyTable
2019-06-13 04:13:42,842 INFO  db.DBStoreBuilder (DBStoreBuilder.java:addTable(110)) - using custom profile for table: deletedTable
2019-06-13 04:13:42,842 INFO  db.DBStoreBuilder (DBStoreBuilder.java:processTables(161)) - Using default column profile:DBProfile.DISK for Table:deletedTable
2019-06-13 04:13:42,842 INFO  db.DBStoreBuilder (DBStoreBuilder.java:addTable(110)) - using custom profile for table: openKeyTable
2019-06-13 04:13:42,842 INFO  db.DBStoreBuilder (DBStoreBuilder.java:processTables(161)) - Using default column profile:DBProfile.DISK for Table:openKeyTable
2019-06-13 04:13:42,843 INFO  db.DBStoreBuilder (DBStoreBuilder.java:addTable(110)) - using custom profile for table: s3Table
2019-06-13 04:13:42,843 INFO  db.DBStoreBuilder (DBStoreBuilder.java:processTables(161)) - Using default column profile:DBProfile.DISK for Table:s3Table
2019-06-13 04:13:42,843 INFO  db.DBStoreBuilder (DBStoreBuilder.java:addTable(110)) - using custom profile for table: multipartInfoTable
2019-06-13 04:13:42,843 INFO  db.DBStoreBuilder (DBStoreBuilder.java:processTables(161)) - Using default column profile:DBProfile.DISK for Table:multipartInfoTable
2019-06-13 04:13:42,843 INFO  db.DBStoreBuilder (DBStoreBuilder.java:addTable(110)) - using custom profile for table: dTokenTable
2019-06-13 04:13:42,843 INFO  db.DBStoreBuilder (DBStoreBuilder.java:processTables(161)) - Using default column profile:DBProfile.DISK for Table:dTokenTable
2019-06-13 04:13:42,844 INFO  db.DBStoreBuilder (DBStoreBuilder.java:addTable(110)) - using custom profile for table: s3SecretTable
2019-06-13 04:13:42,844 INFO  db.DBStoreBuilder (DBStoreBuilder.java:processTables(161)) - Using default column profile:DBProfile.DISK for Table:s3SecretTable
2019-06-13 04:13:42,844 INFO  db.DBStoreBuilder (DBStoreBuilder.java:addTable(110)) - using custom profile for table: prefixTable
2019-06-13 04:13:42,844 INFO  db.DBStoreBuilder (DBStoreBuilder.java:processTables(161)) - Using default column profile:DBProfile.DISK for Table:prefixTable
2019-06-13 04:13:42,845 INFO  db.DBStoreBuilder (DBStoreBuilder.java:addTable(110)) - using custom profile for table: default
2019-06-13 04:13:42,845 INFO  db.DBStoreBuilder (DBStoreBuilder.java:processTables(167)) - Using default column profile:DBProfile.DISK for Table:default
2019-06-13 04:13:42,845 INFO  db.DBStoreBuilder (DBStoreBuilder.java:getDbProfile(198)) - Using default options. DBProfile.DISK
2019-06-13 04:13:43,286 INFO  ipc.CallQueueManager (CallQueueManager.java:<init>(84)) - Using callQueue: class java.util.concurrent.LinkedBlockingQueue, queueCapacity: 2000, scheduler: class org.apache.hadoop.ipc.DefaultRpcScheduler, ipcBackoff: false.
2019-06-13 04:13:43,287 INFO  ipc.Server (Server.java:run(1074)) - Starting Socket Reader #1 for port 38007
2019-06-13 04:13:43,313 WARN  scm.ScmUtils (ScmUtils.java:getDBPath(63)) - ozone.om.db.dirs is not configured. We recommend adding this setting. Falling back to ozone.metadata.dirs instead.
2019-06-13 04:13:43,314 INFO  om.OzoneManager (OzoneManager.java:start(1217)) - OzoneManager RPC server is listening at localhost/127.0.0.1:38007
2019-06-13 04:13:43,314 INFO  impl.MetricsSystemImpl (MetricsSystemImpl.java:init(158)) - OzoneManager metrics system started (again)
2019-06-13 04:13:43,315 INFO  ipc.Server (Server.java:run(1314)) - IPC Server Responder: starting
2019-06-13 04:13:43,319 INFO  ipc.Server (Server.java:run(1153)) - IPC Server listener on 38007: starting
2019-06-13 04:13:43,327 INFO  hdfs.DFSUtil (DFSUtil.java:httpServerTemplateForNNAndJN(1641)) - Starting Web-server for ozoneManager at: http://0.0.0.0:0
2019-06-13 04:13:43,328 INFO  server.AuthenticationFilter (AuthenticationFilter.java:constructSecretProvider(240)) - Unable to initialize FileSignerSecretProvider, falling back to use random secrets.
2019-06-13 04:13:43,329 WARN  http.HttpRequestLog (HttpRequestLog.java:getRequestLog(97)) - Jetty request log can only be enabled using Log4j
2019-06-13 04:13:43,330 INFO  http.HttpServer2 (HttpServer2.java:addGlobalFilter(975)) - Added global filter 'safety' (class=org.apache.hadoop.http.HttpServer2$QuotingInputFilter)
2019-06-13 04:13:43,331 INFO  http.HttpServer2 (HttpServer2.java:addFilter(948)) - Added filter static_user_filter (class=org.apache.hadoop.http.lib.StaticUserWebFilter$StaticUserFilter) to context ozoneManager
2019-06-13 04:13:43,331 INFO  http.HttpServer2 (HttpServer2.java:addFilter(958)) - Added filter static_user_filter (class=org.apache.hadoop.http.lib.StaticUserWebFilter$StaticUserFilter) to context logs
2019-06-13 04:13:43,331 INFO  http.HttpServer2 (HttpServer2.java:addFilter(958)) - Added filter static_user_filter (class=org.apache.hadoop.http.lib.StaticUserWebFilter$StaticUserFilter) to context static
2019-06-13 04:13:43,333 INFO  http.HttpServer2 (HttpServer2.java:bindListener(1191)) - Jetty bound to port 37813
2019-06-13 04:13:43,333 INFO  server.Server (Server.java:doStart(351)) - jetty-9.3.24.v20180605, build timestamp: 2018-06-05T17:11:56Z, git hash: 84205aa28f11a4f31f2a3b86d1bba2cc8ab69827
2019-06-13 04:13:43,334 INFO  handler.ContextHandler (ContextHandler.java:doStart(781)) - Started o.e.j.s.ServletContextHandler@7c2a69b4{/logs,file:///opt/src/hadoop-ozone/integration-test/target/log,AVAILABLE}
2019-06-13 04:13:43,335 INFO  handler.ContextHandler (ContextHandler.java:doStart(781)) - Started o.e.j.s.ServletContextHandler@648ee871{/static,file:///opt/src/hadoop-ozone/integration-test/target/test-classes/webapps/static,AVAILABLE}
2019-06-13 04:13:43,340 INFO  handler.ContextHandler (ContextHandler.java:doStart(781)) - Started o.e.j.w.WebAppContext@6f012914{/,file:///opt/src/hadoop-ozone/integration-test/target/test-classes/webapps/ozoneManager/,AVAILABLE}{/ozoneManager}
2019-06-13 04:13:43,340 INFO  server.AbstractConnector (AbstractConnector.java:doStart(278)) - Started ServerConnector@18fdb6cf{HTTP/1.1,[http/1.1]}{0.0.0.0:37813}
2019-06-13 04:13:43,340 INFO  server.Server (Server.java:doStart(419)) - Started @2706ms
2019-06-13 04:13:43,341 INFO  server.BaseHttpServer (BaseHttpServer.java:updateConnectorAddress(207)) - HTTP server of OZONEMANAGER is listening at http://0.0.0.0:37813
2019-06-13 04:13:43,485 INFO  impl.MetricsSystemImpl (MetricsSystemImpl.java:init(158)) - HddsDatanode metrics system started (again)
2019-06-13 04:13:43,623 INFO  ozone.HddsDatanodeService (HddsDatanodeService.java:start(185)) - HddsDatanodeService host:ozone-wtfgh-1416927373 ip:192.168.11.211
2019-06-13 04:13:43,644 INFO  volume.HddsVolume (HddsVolume.java:<init>(176)) - Creating Volume: /opt/src/hadoop-ozone/integration-test/target/test-dir/MiniOzoneClusterImpl-93a24cda-367b-4e26-9b6b-b1b187270996/datanode-0/data/containers/hdds of  storage type : DISK and capacity : 104021790720
2019-06-13 04:13:43,646 INFO  volume.VolumeSet (VolumeSet.java:initializeVolumeSet(170)) - Added Volume : /opt/src/hadoop-ozone/integration-test/target/test-dir/MiniOzoneClusterImpl-93a24cda-367b-4e26-9b6b-b1b187270996/datanode-0/data/containers/hdds to VolumeSet
2019-06-13 04:13:43,648 INFO  volume.ThrottledAsyncChecker (ThrottledAsyncChecker.java:schedule(140)) - Scheduling a check for org.apache.hadoop.ozone.container.common.volume.HddsVolume@4a6c18ad
2019-06-13 04:13:43,661 INFO  volume.HddsVolumeChecker (HddsVolumeChecker.java:checkAllVolumes(203)) - Scheduled health check for volume org.apache.hadoop.ozone.container.common.volume.HddsVolume@4a6c18ad
2019-06-13 04:13:43,696 INFO  ratis.XceiverServerRatis (XceiverServerRatis.java:newXceiverServerRatis(401)) - Found a free port for the server : 42283
2019-06-13 04:13:43,750 INFO  impl.RaftServerProxy (ConfUtils.java:logGet(43)) - raft.rpc.type = GRPC (default)
2019-06-13 04:13:43,758 INFO  grpc.GrpcConfigKeys$Server (ConfUtils.java:logGet(43)) - raft.grpc.server.port = 42283 (custom)
2019-06-13 04:13:43,759 INFO  server.GrpcService (ConfUtils.java:logGet(43)) - raft.grpc.message.size.max = 33570816 (custom)
2019-06-13 04:13:43,760 INFO  server.RaftServerConfigKeys (ConfUtils.java:logGet(43)) - raft.server.log.appender.buffer.byte-limit = 33554432 (custom)
2019-06-13 04:13:43,760 INFO  server.GrpcService (ConfUtils.java:logGet(43)) - raft.grpc.flow.control.window = 1MB (=1048576) (default)
2019-06-13 04:13:43,761 INFO  server.RaftServerConfigKeys (ConfUtils.java:logGet(43)) - raft.server.rpc.request.timeout = 3000ms (default)
2019-06-13 04:13:43,870 INFO  server.RaftServerConfigKeys (ConfUtils.java:logGet(43)) - raft.server.storage.dir = [/opt/src/hadoop-ozone/integration-test/target/test-dir/MiniOzoneClusterImpl-93a24cda-367b-4e26-9b6b-b1b187270996/datanode-0/data/ratis] (custom)
2019-06-13 04:13:43,875 INFO  server.XceiverServerGrpc (XceiverServerGrpc.java:<init>(97)) - Found a free port for the server : 38747
2019-06-13 04:13:43,896 INFO  replication.SimpleContainerDownloader (SimpleContainerDownloader.java:<init>(72)) - Starting container downloader service to copy containers to replicate.
2019-06-13 04:13:43,937 INFO  hdfs.DFSUtil (DFSUtil.java:httpServerTemplateForNNAndJN(1641)) - Starting Web-server for hddsDatanode at: http://0.0.0.0:0
2019-06-13 04:13:43,939 INFO  server.AuthenticationFilter (AuthenticationFilter.java:constructSecretProvider(240)) - Unable to initialize FileSignerSecretProvider, falling back to use random secrets.
2019-06-13 04:13:43,939 WARN  http.HttpRequestLog (HttpRequestLog.java:getRequestLog(97)) - Jetty request log can only be enabled using Log4j
2019-06-13 04:13:43,941 INFO  http.HttpServer2 (HttpServer2.java:addGlobalFilter(975)) - Added global filter 'safety' (class=org.apache.hadoop.http.HttpServer2$QuotingInputFilter)
2019-06-13 04:13:43,941 INFO  http.HttpServer2 (HttpServer2.java:addFilter(948)) - Added filter static_user_filter (class=org.apache.hadoop.http.lib.StaticUserWebFilter$StaticUserFilter) to context hddsDatanode
2019-06-13 04:13:43,942 INFO  http.HttpServer2 (HttpServer2.java:addFilter(958)) - Added filter static_user_filter (class=org.apache.hadoop.http.lib.StaticUserWebFilter$StaticUserFilter) to context logs
2019-06-13 04:13:43,942 INFO  http.HttpServer2 (HttpServer2.java:addFilter(958)) - Added filter static_user_filter (class=org.apache.hadoop.http.lib.StaticUserWebFilter$StaticUserFilter) to context static
2019-06-13 04:13:43,943 INFO  http.HttpServer2 (HttpServer2.java:bindListener(1191)) - Jetty bound to port 42635
2019-06-13 04:13:43,943 INFO  server.Server (Server.java:doStart(351)) - jetty-9.3.24.v20180605, build timestamp: 2018-06-05T17:11:56Z, git hash: 84205aa28f11a4f31f2a3b86d1bba2cc8ab69827
2019-06-13 04:13:43,945 INFO  handler.ContextHandler (ContextHandler.java:doStart(781)) - Started o.e.j.s.ServletContextHandler@2e51d054{/logs,file:///opt/src/hadoop-ozone/integration-test/target/log,AVAILABLE}
2019-06-13 04:13:43,947 INFO  handler.ContextHandler (ContextHandler.java:doStart(781)) - Started o.e.j.s.ServletContextHandler@615e3f51{/static,jar:file:/root/.m2/repository/org/apache/hadoop/hadoop-hdds-container-service/0.5.0-SNAPSHOT/hadoop-hdds-container-service-0.5.0-SNAPSHOT.jar!/webapps/static,AVAILABLE}
2019-06-13 04:13:43,970 INFO  handler.ContextHandler (ContextHandler.java:doStart(781)) - Started o.e.j.w.WebAppContext@5e1fc2aa{/,file:///tmp/jetty-0.0.0.0-42635-hddsDatanode-_-any-1331625373358460906.dir/webapp/,AVAILABLE}{/hddsDatanode}
2019-06-13 04:13:43,971 INFO  server.AbstractConnector (AbstractConnector.java:doStart(278)) - Started ServerConnector@688d411b{HTTP/1.1,[http/1.1]}{0.0.0.0:42635}
2019-06-13 04:13:43,971 INFO  server.Server (Server.java:doStart(419)) - Started @3336ms
2019-06-13 04:13:43,972 INFO  server.BaseHttpServer (BaseHttpServer.java:updateConnectorAddress(207)) - HTTP server of HDDSDATANODE is listening at http://0.0.0.0:42635
2019-06-13 04:13:44,757 INFO  ozone.HddsDatanodeService (HddsDatanodeService.java:startPlugins(396)) - Started plug-in org.apache.hadoop.ozone.web.OzoneHddsDatanodeService@30bf26df
2019-06-13 04:13:44,758 INFO  impl.MetricsSystemImpl (MetricsSystemImpl.java:init(158)) - HddsDatanode metrics system started (again)
2019-06-13 04:13:44,759 INFO  ozone.HddsDatanodeService (HddsDatanodeService.java:start(185)) - HddsDatanodeService host:ozone-wtfgh-1416927373 ip:192.168.11.211
2019-06-13 04:13:44,771 INFO  util.JvmPauseMonitor (JvmPauseMonitor.java:run(188)) - Starting JVM pause monitor
2019-06-13 04:13:44,795 INFO  volume.HddsVolume (HddsVolume.java:<init>(176)) - Creating Volume: /opt/src/hadoop-ozone/integration-test/target/test-dir/MiniOzoneClusterImpl-93a24cda-367b-4e26-9b6b-b1b187270996/datanode-1/data/containers/hdds of  storage type : DISK and capacity : 104021790720
2019-06-13 04:13:44,795 INFO  volume.VolumeSet (VolumeSet.java:initializeVolumeSet(170)) - Added Volume : /opt/src/hadoop-ozone/integration-test/target/test-dir/MiniOzoneClusterImpl-93a24cda-367b-4e26-9b6b-b1b187270996/datanode-1/data/containers/hdds to VolumeSet
2019-06-13 04:13:44,795 INFO  volume.ThrottledAsyncChecker (ThrottledAsyncChecker.java:schedule(140)) - Scheduling a check for org.apache.hadoop.ozone.container.common.volume.HddsVolume@f171912
2019-06-13 04:13:44,811 INFO  volume.HddsVolumeChecker (HddsVolumeChecker.java:checkAllVolumes(203)) - Scheduled health check for volume org.apache.hadoop.ozone.container.common.volume.HddsVolume@f171912
2019-06-13 04:13:44,833 INFO  ratis.XceiverServerRatis (XceiverServerRatis.java:newXceiverServerRatis(401)) - Found a free port for the server : 43043
2019-06-13 04:13:44,834 INFO  impl.RaftServerProxy (ConfUtils.java:logGet(43)) - raft.rpc.type = GRPC (default)
2019-06-13 04:13:44,835 INFO  grpc.GrpcConfigKeys$Server (ConfUtils.java:logGet(43)) - raft.grpc.server.port = 43043 (custom)
2019-06-13 04:13:44,839 INFO  server.GrpcService (ConfUtils.java:logGet(43)) - raft.grpc.message.size.max = 33570816 (custom)
2019-06-13 04:13:44,840 INFO  server.RaftServerConfigKeys (ConfUtils.java:logGet(43)) - raft.server.log.appender.buffer.byte-limit = 33554432 (custom)
2019-06-13 04:13:44,840 INFO  server.GrpcService (ConfUtils.java:logGet(43)) - raft.grpc.flow.control.window = 1MB (=1048576) (default)
2019-06-13 04:13:44,840 INFO  server.RaftServerConfigKeys (ConfUtils.java:logGet(43)) - raft.server.rpc.request.timeout = 3000ms (default)
2019-06-13 04:13:44,841 INFO  server.RaftServerConfigKeys (ConfUtils.java:logGet(43)) - raft.server.storage.dir = [/opt/src/hadoop-ozone/integration-test/target/test-dir/MiniOzoneClusterImpl-93a24cda-367b-4e26-9b6b-b1b187270996/datanode-1/data/ratis] (custom)
2019-06-13 04:13:44,841 INFO  server.XceiverServerGrpc (XceiverServerGrpc.java:<init>(97)) - Found a free port for the server : 45385
2019-06-13 04:13:44,842 INFO  replication.SimpleContainerDownloader (SimpleContainerDownloader.java:<init>(72)) - Starting container downloader service to copy containers to replicate.
2019-06-13 04:13:44,849 INFO  hdfs.DFSUtil (DFSUtil.java:httpServerTemplateForNNAndJN(1641)) - Starting Web-server for hddsDatanode at: http://0.0.0.0:0
2019-06-13 04:13:44,850 INFO  server.AuthenticationFilter (AuthenticationFilter.java:constructSecretProvider(240)) - Unable to initialize FileSignerSecretProvider, falling back to use random secrets.
2019-06-13 04:13:44,851 WARN  http.HttpRequestLog (HttpRequestLog.java:getRequestLog(97)) - Jetty request log can only be enabled using Log4j
2019-06-13 04:13:44,858 INFO  http.HttpServer2 (HttpServer2.java:addGlobalFilter(975)) - Added global filter 'safety' (class=org.apache.hadoop.http.HttpServer2$QuotingInputFilter)
2019-06-13 04:13:44,858 INFO  http.HttpServer2 (HttpServer2.java:addFilter(948)) - Added filter static_user_filter (class=org.apache.hadoop.http.lib.StaticUserWebFilter$StaticUserFilter) to context hddsDatanode
2019-06-13 04:13:44,859 INFO  http.HttpServer2 (HttpServer2.java:addFilter(958)) - Added filter static_user_filter (class=org.apache.hadoop.http.lib.StaticUserWebFilter$StaticUserFilter) to context logs
2019-06-13 04:13:44,859 INFO  http.HttpServer2 (HttpServer2.java:addFilter(958)) - Added filter static_user_filter (class=org.apache.hadoop.http.lib.StaticUserWebFilter$StaticUserFilter) to context static
2019-06-13 04:13:44,859 INFO  http.HttpServer2 (HttpServer2.java:bindListener(1191)) - Jetty bound to port 40375
2019-06-13 04:13:44,867 INFO  server.Server (Server.java:doStart(351)) - jetty-9.3.24.v20180605, build timestamp: 2018-06-05T17:11:56Z, git hash: 84205aa28f11a4f31f2a3b86d1bba2cc8ab69827
2019-06-13 04:13:44,874 INFO  handler.ContextHandler (ContextHandler.java:doStart(781)) - Started o.e.j.s.ServletContextHandler@18b6d3c1{/logs,file:///opt/src/hadoop-ozone/integration-test/target/log,AVAILABLE}
2019-06-13 04:13:44,879 INFO  handler.ContextHandler (ContextHandler.java:doStart(781)) - Started o.e.j.s.ServletContextHandler@3fe512d2{/static,jar:file:/root/.m2/repository/org/apache/hadoop/hadoop-hdds-container-service/0.5.0-SNAPSHOT/hadoop-hdds-container-service-0.5.0-SNAPSHOT.jar!/webapps/static,AVAILABLE}
2019-06-13 04:13:44,914 INFO  handler.ContextHandler (ContextHandler.java:doStart(781)) - Started o.e.j.w.WebAppContext@e7b265e{/,file:///tmp/jetty-0.0.0.0-40375-hddsDatanode-_-any-6241484563974692326.dir/webapp/,AVAILABLE}{/hddsDatanode}
2019-06-13 04:13:44,920 INFO  server.AbstractConnector (AbstractConnector.java:doStart(278)) - Started ServerConnector@51da32e5{HTTP/1.1,[http/1.1]}{0.0.0.0:40375}
2019-06-13 04:13:44,920 INFO  server.Server (Server.java:doStart(419)) - Started @4286ms
2019-06-13 04:13:44,924 INFO  datanode.InitDatanodeState (InitDatanodeState.java:persistContainerDatanodeDetails(140)) - DatanodeDetails is persisted to /opt/src/hadoop-ozone/integration-test/target/test-dir/MiniOzoneClusterImpl-93a24cda-367b-4e26-9b6b-b1b187270996/datanode-0/meta/datanode.id
2019-06-13 04:13:44,925 INFO  server.BaseHttpServer (BaseHttpServer.java:updateConnectorAddress(207)) - HTTP server of HDDSDATANODE is listening at http://0.0.0.0:40375
2019-06-13 04:13:45,067 INFO  ozone.HddsDatanodeService (HddsDatanodeService.java:startPlugins(396)) - Started plug-in org.apache.hadoop.ozone.web.OzoneHddsDatanodeService@1d6751e3
2019-06-13 04:13:45,068 INFO  impl.MetricsSystemImpl (MetricsSystemImpl.java:init(158)) - HddsDatanode metrics system started (again)
2019-06-13 04:13:45,068 INFO  ozone.HddsDatanodeService (HddsDatanodeService.java:start(185)) - HddsDatanodeService host:ozone-wtfgh-1416927373 ip:192.168.11.211
2019-06-13 04:13:45,091 INFO  util.JvmPauseMonitor (JvmPauseMonitor.java:run(188)) - Starting JVM pause monitor
2019-06-13 04:13:45,096 INFO  datanode.InitDatanodeState (InitDatanodeState.java:persistContainerDatanodeDetails(140)) - DatanodeDetails is persisted to /opt/src/hadoop-ozone/integration-test/target/test-dir/MiniOzoneClusterImpl-93a24cda-367b-4e26-9b6b-b1b187270996/datanode-1/meta/datanode.id
2019-06-13 04:13:45,107 INFO  volume.HddsVolume (HddsVolume.java:<init>(176)) - Creating Volume: /opt/src/hadoop-ozone/integration-test/target/test-dir/MiniOzoneClusterImpl-93a24cda-367b-4e26-9b6b-b1b187270996/datanode-2/data/containers/hdds of  storage type : DISK and capacity : 104021790720
2019-06-13 04:13:45,107 INFO  volume.VolumeSet (VolumeSet.java:initializeVolumeSet(170)) - Added Volume : /opt/src/hadoop-ozone/integration-test/target/test-dir/MiniOzoneClusterImpl-93a24cda-367b-4e26-9b6b-b1b187270996/datanode-2/data/containers/hdds to VolumeSet
2019-06-13 04:13:45,107 INFO  volume.ThrottledAsyncChecker (ThrottledAsyncChecker.java:schedule(140)) - Scheduling a check for org.apache.hadoop.ozone.container.common.volume.HddsVolume@2e7af36e
2019-06-13 04:13:45,111 INFO  volume.HddsVolumeChecker (HddsVolumeChecker.java:checkAllVolumes(203)) - Scheduled health check for volume org.apache.hadoop.ozone.container.common.volume.HddsVolume@2e7af36e
2019-06-13 04:13:45,127 INFO  ratis.XceiverServerRatis (XceiverServerRatis.java:newXceiverServerRatis(401)) - Found a free port for the server : 42191
2019-06-13 04:13:45,128 INFO  impl.RaftServerProxy (ConfUtils.java:logGet(43)) - raft.rpc.type = GRPC (default)
2019-06-13 04:13:45,128 INFO  grpc.GrpcConfigKeys$Server (ConfUtils.java:logGet(43)) - raft.grpc.server.port = 42191 (custom)
2019-06-13 04:13:45,128 INFO  server.GrpcService (ConfUtils.java:logGet(43)) - raft.grpc.message.size.max = 33570816 (custom)
2019-06-13 04:13:45,128 INFO  server.RaftServerConfigKeys (ConfUtils.java:logGet(43)) - raft.server.log.appender.buffer.byte-limit = 33554432 (custom)
2019-06-13 04:13:45,129 INFO  server.GrpcService (ConfUtils.java:logGet(43)) - raft.grpc.flow.control.window = 1MB (=1048576) (default)
2019-06-13 04:13:45,129 INFO  server.RaftServerConfigKeys (ConfUtils.java:logGet(43)) - raft.server.rpc.request.timeout = 3000ms (default)
2019-06-13 04:13:45,129 INFO  server.RaftServerConfigKeys (ConfUtils.java:logGet(43)) - raft.server.storage.dir = [/opt/src/hadoop-ozone/integration-test/target/test-dir/MiniOzoneClusterImpl-93a24cda-367b-4e26-9b6b-b1b187270996/datanode-2/data/ratis] (custom)
2019-06-13 04:13:45,130 INFO  server.XceiverServerGrpc (XceiverServerGrpc.java:<init>(97)) - Found a free port for the server : 36293
2019-06-13 04:13:45,130 INFO  replication.SimpleContainerDownloader (SimpleContainerDownloader.java:<init>(72)) - Starting container downloader service to copy containers to replicate.
2019-06-13 04:13:45,132 INFO  hdfs.DFSUtil (DFSUtil.java:httpServerTemplateForNNAndJN(1641)) - Starting Web-server for hddsDatanode at: http://0.0.0.0:0
2019-06-13 04:13:45,133 INFO  server.AuthenticationFilter (AuthenticationFilter.java:constructSecretProvider(240)) - Unable to initialize FileSignerSecretProvider, falling back to use random secrets.
2019-06-13 04:13:45,134 WARN  http.HttpRequestLog (HttpRequestLog.java:getRequestLog(97)) - Jetty request log can only be enabled using Log4j
2019-06-13 04:13:45,135 INFO  http.HttpServer2 (HttpServer2.java:addGlobalFilter(975)) - Added global filter 'safety' (class=org.apache.hadoop.http.HttpServer2$QuotingInputFilter)
2019-06-13 04:13:45,136 INFO  http.HttpServer2 (HttpServer2.java:addFilter(948)) - Added filter static_user_filter (class=org.apache.hadoop.http.lib.StaticUserWebFilter$StaticUserFilter) to context hddsDatanode
2019-06-13 04:13:45,136 INFO  http.HttpServer2 (HttpServer2.java:addFilter(958)) - Added filter static_user_filter (class=org.apache.hadoop.http.lib.StaticUserWebFilter$StaticUserFilter) to context static
2019-06-13 04:13:45,136 INFO  http.HttpServer2 (HttpServer2.java:addFilter(958)) - Added filter static_user_filter (class=org.apache.hadoop.http.lib.StaticUserWebFilter$StaticUserFilter) to context logs
2019-06-13 04:13:45,137 INFO  http.HttpServer2 (HttpServer2.java:bindListener(1191)) - Jetty bound to port 35891
2019-06-13 04:13:45,137 INFO  server.Server (Server.java:doStart(351)) - jetty-9.3.24.v20180605, build timestamp: 2018-06-05T17:11:56Z, git hash: 84205aa28f11a4f31f2a3b86d1bba2cc8ab69827
2019-06-13 04:13:45,147 INFO  handler.ContextHandler (ContextHandler.java:doStart(781)) - Started o.e.j.s.ServletContextHandler@674da77b{/logs,file:///opt/src/hadoop-ozone/integration-test/target/log,AVAILABLE}
2019-06-13 04:13:45,148 INFO  handler.ContextHandler (ContextHandler.java:doStart(781)) - Started o.e.j.s.ServletContextHandler@6010d0d1{/static,jar:file:/root/.m2/repository/org/apache/hadoop/hadoop-hdds-container-service/0.5.0-SNAPSHOT/hadoop-hdds-container-service-0.5.0-SNAPSHOT.jar!/webapps/static,AVAILABLE}
2019-06-13 04:13:45,179 INFO  handler.ContextHandler (ContextHandler.java:doStart(781)) - Started o.e.j.w.WebAppContext@624b523{/,file:///tmp/jetty-0.0.0.0-35891-hddsDatanode-_-any-1363151258864723938.dir/webapp/,AVAILABLE}{/hddsDatanode}
2019-06-13 04:13:45,180 INFO  server.AbstractConnector (AbstractConnector.java:doStart(278)) - Started ServerConnector@50b46e24{HTTP/1.1,[http/1.1]}{0.0.0.0:35891}
2019-06-13 04:13:45,180 INFO  server.Server (Server.java:doStart(419)) - Started @4545ms
2019-06-13 04:13:45,181 INFO  server.BaseHttpServer (BaseHttpServer.java:updateConnectorAddress(207)) - HTTP server of HDDSDATANODE is listening at http://0.0.0.0:35891
2019-06-13 04:13:45,326 INFO  ozone.HddsDatanodeService (HddsDatanodeService.java:startPlugins(396)) - Started plug-in org.apache.hadoop.ozone.web.OzoneHddsDatanodeService@662be9f7
2019-06-13 04:13:45,327 INFO  impl.MetricsSystemImpl (MetricsSystemImpl.java:init(158)) - HddsDatanode metrics system started (again)
2019-06-13 04:13:45,327 INFO  ozone.HddsDatanodeService (HddsDatanodeService.java:start(185)) - HddsDatanodeService host:ozone-wtfgh-1416927373 ip:192.168.11.211
2019-06-13 04:13:45,335 INFO  util.JvmPauseMonitor (JvmPauseMonitor.java:run(188)) - Starting JVM pause monitor
2019-06-13 04:13:45,336 INFO  volume.HddsVolume (HddsVolume.java:<init>(176)) - Creating Volume: /opt/src/hadoop-ozone/integration-test/target/test-dir/MiniOzoneClusterImpl-93a24cda-367b-4e26-9b6b-b1b187270996/datanode-3/data/containers/hdds of  storage type : DISK and capacity : 104021790720
2019-06-13 04:13:45,337 INFO  volume.VolumeSet (VolumeSet.java:initializeVolumeSet(170)) - Added Volume : /opt/src/hadoop-ozone/integration-test/target/test-dir/MiniOzoneClusterImpl-93a24cda-367b-4e26-9b6b-b1b187270996/datanode-3/data/containers/hdds to VolumeSet
2019-06-13 04:13:45,337 INFO  volume.ThrottledAsyncChecker (ThrottledAsyncChecker.java:schedule(140)) - Scheduling a check for org.apache.hadoop.ozone.container.common.volume.HddsVolume@2f9dda71
2019-06-13 04:13:45,338 INFO  datanode.InitDatanodeState (InitDatanodeState.java:persistContainerDatanodeDetails(140)) - DatanodeDetails is persisted to /opt/src/hadoop-ozone/integration-test/target/test-dir/MiniOzoneClusterImpl-93a24cda-367b-4e26-9b6b-b1b187270996/datanode-2/meta/datanode.id
2019-06-13 04:13:45,339 INFO  volume.HddsVolumeChecker (HddsVolumeChecker.java:checkAllVolumes(203)) - Scheduled health check for volume org.apache.hadoop.ozone.container.common.volume.HddsVolume@2f9dda71
2019-06-13 04:13:45,350 INFO  ratis.XceiverServerRatis (XceiverServerRatis.java:newXceiverServerRatis(401)) - Found a free port for the server : 37247
2019-06-13 04:13:45,352 INFO  impl.RaftServerProxy (ConfUtils.java:logGet(43)) - raft.rpc.type = GRPC (default)
2019-06-13 04:13:45,352 INFO  grpc.GrpcConfigKeys$Server (ConfUtils.java:logGet(43)) - raft.grpc.server.port = 37247 (custom)
2019-06-13 04:13:45,352 INFO  server.GrpcService (ConfUtils.java:logGet(43)) - raft.grpc.message.size.max = 33570816 (custom)
2019-06-13 04:13:45,352 INFO  server.RaftServerConfigKeys (ConfUtils.java:logGet(43)) - raft.server.log.appender.buffer.byte-limit = 33554432 (custom)
2019-06-13 04:13:45,352 INFO  server.GrpcService (ConfUtils.java:logGet(43)) - raft.grpc.flow.control.window = 1MB (=1048576) (default)
2019-06-13 04:13:45,353 INFO  server.RaftServerConfigKeys (ConfUtils.java:logGet(43)) - raft.server.rpc.request.timeout = 3000ms (default)
2019-06-13 04:13:45,353 INFO  server.RaftServerConfigKeys (ConfUtils.java:logGet(43)) - raft.server.storage.dir = [/opt/src/hadoop-ozone/integration-test/target/test-dir/MiniOzoneClusterImpl-93a24cda-367b-4e26-9b6b-b1b187270996/datanode-3/data/ratis] (custom)
2019-06-13 04:13:45,354 INFO  server.XceiverServerGrpc (XceiverServerGrpc.java:<init>(97)) - Found a free port for the server : 34849
2019-06-13 04:13:45,354 INFO  replication.SimpleContainerDownloader (SimpleContainerDownloader.java:<init>(72)) - Starting container downloader service to copy containers to replicate.
2019-06-13 04:13:45,355 INFO  hdfs.DFSUtil (DFSUtil.java:httpServerTemplateForNNAndJN(1641)) - Starting Web-server for hddsDatanode at: http://0.0.0.0:0
2019-06-13 04:13:45,356 INFO  server.AuthenticationFilter (AuthenticationFilter.java:constructSecretProvider(240)) - Unable to initialize FileSignerSecretProvider, falling back to use random secrets.
2019-06-13 04:13:45,359 WARN  http.HttpRequestLog (HttpRequestLog.java:getRequestLog(97)) - Jetty request log can only be enabled using Log4j
2019-06-13 04:13:45,360 INFO  http.HttpServer2 (HttpServer2.java:addGlobalFilter(975)) - Added global filter 'safety' (class=org.apache.hadoop.http.HttpServer2$QuotingInputFilter)
2019-06-13 04:13:45,361 INFO  http.HttpServer2 (HttpServer2.java:addFilter(948)) - Added filter static_user_filter (class=org.apache.hadoop.http.lib.StaticUserWebFilter$StaticUserFilter) to context hddsDatanode
2019-06-13 04:13:45,361 INFO  http.HttpServer2 (HttpServer2.java:addFilter(958)) - Added filter static_user_filter (class=org.apache.hadoop.http.lib.StaticUserWebFilter$StaticUserFilter) to context static
2019-06-13 04:13:45,361 INFO  http.HttpServer2 (HttpServer2.java:addFilter(958)) - Added filter static_user_filter (class=org.apache.hadoop.http.lib.StaticUserWebFilter$StaticUserFilter) to context logs
2019-06-13 04:13:45,361 INFO  http.HttpServer2 (HttpServer2.java:bindListener(1191)) - Jetty bound to port 44923
2019-06-13 04:13:45,362 INFO  server.Server (Server.java:doStart(351)) - jetty-9.3.24.v20180605, build timestamp: 2018-06-05T17:11:56Z, git hash: 84205aa28f11a4f31f2a3b86d1bba2cc8ab69827
2019-06-13 04:13:45,364 INFO  handler.ContextHandler (ContextHandler.java:doStart(781)) - Started o.e.j.s.ServletContextHandler@1f15e689{/logs,file:///opt/src/hadoop-ozone/integration-test/target/log,AVAILABLE}
2019-06-13 04:13:45,365 INFO  handler.ContextHandler (ContextHandler.java:doStart(781)) - Started o.e.j.s.ServletContextHandler@3ebc955b{/static,jar:file:/root/.m2/repository/org/apache/hadoop/hadoop-hdds-container-service/0.5.0-SNAPSHOT/hadoop-hdds-container-service-0.5.0-SNAPSHOT.jar!/webapps/static,AVAILABLE}
2019-06-13 04:13:45,394 INFO  handler.ContextHandler (ContextHandler.java:doStart(781)) - Started o.e.j.w.WebAppContext@9fe720a{/,file:///tmp/jetty-0.0.0.0-44923-hddsDatanode-_-any-5723159616482333250.dir/webapp/,AVAILABLE}{/hddsDatanode}
2019-06-13 04:13:45,395 INFO  server.AbstractConnector (AbstractConnector.java:doStart(278)) - Started ServerConnector@149274cb{HTTP/1.1,[http/1.1]}{0.0.0.0:44923}
2019-06-13 04:13:45,396 INFO  server.Server (Server.java:doStart(419)) - Started @4762ms
2019-06-13 04:13:45,397 INFO  server.BaseHttpServer (BaseHttpServer.java:updateConnectorAddress(207)) - HTTP server of HDDSDATANODE is listening at http://0.0.0.0:44923
2019-06-13 04:13:45,502 INFO  ozone.HddsDatanodeService (HddsDatanodeService.java:startPlugins(396)) - Started plug-in org.apache.hadoop.ozone.web.OzoneHddsDatanodeService@7aded903
2019-06-13 04:13:45,502 INFO  impl.MetricsSystemImpl (MetricsSystemImpl.java:init(158)) - HddsDatanode metrics system started (again)
2019-06-13 04:13:45,503 INFO  ozone.HddsDatanodeService (HddsDatanodeService.java:start(185)) - HddsDatanodeService host:ozone-wtfgh-1416927373 ip:192.168.11.211
2019-06-13 04:13:45,505 INFO  util.JvmPauseMonitor (JvmPauseMonitor.java:run(188)) - Starting JVM pause monitor
2019-06-13 04:13:45,512 INFO  datanode.InitDatanodeState (InitDatanodeState.java:persistContainerDatanodeDetails(140)) - DatanodeDetails is persisted to /opt/src/hadoop-ozone/integration-test/target/test-dir/MiniOzoneClusterImpl-93a24cda-367b-4e26-9b6b-b1b187270996/datanode-3/meta/datanode.id
2019-06-13 04:13:45,519 INFO  volume.HddsVolume (HddsVolume.java:<init>(176)) - Creating Volume: /opt/src/hadoop-ozone/integration-test/target/test-dir/MiniOzoneClusterImpl-93a24cda-367b-4e26-9b6b-b1b187270996/datanode-4/data/containers/hdds of  storage type : DISK and capacity : 104021790720
2019-06-13 04:13:45,519 INFO  volume.VolumeSet (VolumeSet.java:initializeVolumeSet(170)) - Added Volume : /opt/src/hadoop-ozone/integration-test/target/test-dir/MiniOzoneClusterImpl-93a24cda-367b-4e26-9b6b-b1b187270996/datanode-4/data/containers/hdds to VolumeSet
2019-06-13 04:13:45,519 INFO  volume.ThrottledAsyncChecker (ThrottledAsyncChecker.java:schedule(140)) - Scheduling a check for org.apache.hadoop.ozone.container.common.volume.HddsVolume@66f16742
2019-06-13 04:13:45,523 INFO  volume.HddsVolumeChecker (HddsVolumeChecker.java:checkAllVolumes(203)) - Scheduled health check for volume org.apache.hadoop.ozone.container.common.volume.HddsVolume@66f16742
2019-06-13 04:13:45,535 INFO  ratis.XceiverServerRatis (XceiverServerRatis.java:newXceiverServerRatis(401)) - Found a free port for the server : 36301
2019-06-13 04:13:45,536 INFO  impl.RaftServerProxy (ConfUtils.java:logGet(43)) - raft.rpc.type = GRPC (default)
2019-06-13 04:13:45,536 INFO  grpc.GrpcConfigKeys$Server (ConfUtils.java:logGet(43)) - raft.grpc.server.port = 36301 (custom)
2019-06-13 04:13:45,537 INFO  server.GrpcService (ConfUtils.java:logGet(43)) - raft.grpc.message.size.max = 33570816 (custom)
2019-06-13 04:13:45,537 INFO  server.RaftServerConfigKeys (ConfUtils.java:logGet(43)) - raft.server.log.appender.buffer.byte-limit = 33554432 (custom)
2019-06-13 04:13:45,538 INFO  server.GrpcService (ConfUtils.java:logGet(43)) - raft.grpc.flow.control.window = 1MB (=1048576) (default)
2019-06-13 04:13:45,538 INFO  server.RaftServerConfigKeys (ConfUtils.java:logGet(43)) - raft.server.rpc.request.timeout = 3000ms (default)
2019-06-13 04:13:45,539 INFO  server.RaftServerConfigKeys (ConfUtils.java:logGet(43)) - raft.server.storage.dir = [/opt/src/hadoop-ozone/integration-test/target/test-dir/MiniOzoneClusterImpl-93a24cda-367b-4e26-9b6b-b1b187270996/datanode-4/data/ratis] (custom)
2019-06-13 04:13:45,539 INFO  server.XceiverServerGrpc (XceiverServerGrpc.java:<init>(97)) - Found a free port for the server : 34155
2019-06-13 04:13:45,540 INFO  replication.SimpleContainerDownloader (SimpleContainerDownloader.java:<init>(72)) - Starting container downloader service to copy containers to replicate.
2019-06-13 04:13:45,541 INFO  hdfs.DFSUtil (DFSUtil.java:httpServerTemplateForNNAndJN(1641)) - Starting Web-server for hddsDatanode at: http://0.0.0.0:0
2019-06-13 04:13:45,542 INFO  server.AuthenticationFilter (AuthenticationFilter.java:constructSecretProvider(240)) - Unable to initialize FileSignerSecretProvider, falling back to use random secrets.
2019-06-13 04:13:45,542 WARN  http.HttpRequestLog (HttpRequestLog.java:getRequestLog(97)) - Jetty request log can only be enabled using Log4j
2019-06-13 04:13:45,543 INFO  http.HttpServer2 (HttpServer2.java:addGlobalFilter(975)) - Added global filter 'safety' (class=org.apache.hadoop.http.HttpServer2$QuotingInputFilter)
2019-06-13 04:13:45,544 INFO  http.HttpServer2 (HttpServer2.java:addFilter(948)) - Added filter static_user_filter (class=org.apache.hadoop.http.lib.StaticUserWebFilter$StaticUserFilter) to context hddsDatanode
2019-06-13 04:13:45,544 INFO  http.HttpServer2 (HttpServer2.java:addFilter(958)) - Added filter static_user_filter (class=org.apache.hadoop.http.lib.StaticUserWebFilter$StaticUserFilter) to context logs
2019-06-13 04:13:45,544 INFO  http.HttpServer2 (HttpServer2.java:addFilter(958)) - Added filter static_user_filter (class=org.apache.hadoop.http.lib.StaticUserWebFilter$StaticUserFilter) to context static
2019-06-13 04:13:45,545 INFO  http.HttpServer2 (HttpServer2.java:bindListener(1191)) - Jetty bound to port 32821
2019-06-13 04:13:45,545 INFO  server.Server (Server.java:doStart(351)) - jetty-9.3.24.v20180605, build timestamp: 2018-06-05T17:11:56Z, git hash: 84205aa28f11a4f31f2a3b86d1bba2cc8ab69827
2019-06-13 04:13:45,553 INFO  handler.ContextHandler (ContextHandler.java:doStart(781)) - Started o.e.j.s.ServletContextHandler@4ef18604{/logs,file:///opt/src/hadoop-ozone/integration-test/target/log,AVAILABLE}
2019-06-13 04:13:45,553 INFO  handler.ContextHandler (ContextHandler.java:doStart(781)) - Started o.e.j.s.ServletContextHandler@16cf8438{/static,jar:file:/root/.m2/repository/org/apache/hadoop/hadoop-hdds-container-service/0.5.0-SNAPSHOT/hadoop-hdds-container-service-0.5.0-SNAPSHOT.jar!/webapps/static,AVAILABLE}
2019-06-13 04:13:45,575 INFO  handler.ContextHandler (ContextHandler.java:doStart(781)) - Started o.e.j.w.WebAppContext@2ca3d826{/,file:///tmp/jetty-0.0.0.0-32821-hddsDatanode-_-any-98732711409449609.dir/webapp/,AVAILABLE}{/hddsDatanode}
2019-06-13 04:13:45,576 INFO  server.AbstractConnector (AbstractConnector.java:doStart(278)) - Started ServerConnector@5d194314{HTTP/1.1,[http/1.1]}{0.0.0.0:32821}
2019-06-13 04:13:45,577 INFO  server.Server (Server.java:doStart(419)) - Started @4942ms
2019-06-13 04:13:45,577 INFO  server.BaseHttpServer (BaseHttpServer.java:updateConnectorAddress(207)) - HTTP server of HDDSDATANODE is listening at http://0.0.0.0:32821
2019-06-13 04:13:45,707 INFO  ozone.HddsDatanodeService (HddsDatanodeService.java:startPlugins(396)) - Started plug-in org.apache.hadoop.ozone.web.OzoneHddsDatanodeService@454bcbbf
2019-06-13 04:13:45,708 INFO  impl.MetricsSystemImpl (MetricsSystemImpl.java:init(158)) - HddsDatanode metrics system started (again)
2019-06-13 04:13:45,708 INFO  ozone.HddsDatanodeService (HddsDatanodeService.java:start(185)) - HddsDatanodeService host:ozone-wtfgh-1416927373 ip:192.168.11.211
2019-06-13 04:13:45,711 INFO  util.JvmPauseMonitor (JvmPauseMonitor.java:run(188)) - Starting JVM pause monitor
2019-06-13 04:13:45,712 INFO  datanode.InitDatanodeState (InitDatanodeState.java:persistContainerDatanodeDetails(140)) - DatanodeDetails is persisted to /opt/src/hadoop-ozone/integration-test/target/test-dir/MiniOzoneClusterImpl-93a24cda-367b-4e26-9b6b-b1b187270996/datanode-4/meta/datanode.id
2019-06-13 04:13:45,717 INFO  volume.HddsVolume (HddsVolume.java:<init>(176)) - Creating Volume: /opt/src/hadoop-ozone/integration-test/target/test-dir/MiniOzoneClusterImpl-93a24cda-367b-4e26-9b6b-b1b187270996/datanode-5/data/containers/hdds of  storage type : DISK and capacity : 104021790720
2019-06-13 04:13:45,717 INFO  volume.VolumeSet (VolumeSet.java:initializeVolumeSet(170)) - Added Volume : /opt/src/hadoop-ozone/integration-test/target/test-dir/MiniOzoneClusterImpl-93a24cda-367b-4e26-9b6b-b1b187270996/datanode-5/data/containers/hdds to VolumeSet
2019-06-13 04:13:45,717 INFO  volume.ThrottledAsyncChecker (ThrottledAsyncChecker.java:schedule(140)) - Scheduling a check for org.apache.hadoop.ozone.container.common.volume.HddsVolume@7ea42c82
2019-06-13 04:13:45,718 INFO  volume.HddsVolumeChecker (HddsVolumeChecker.java:checkAllVolumes(203)) - Scheduled health check for volume org.apache.hadoop.ozone.container.common.volume.HddsVolume@7ea42c82
2019-06-13 04:13:45,728 INFO  ratis.XceiverServerRatis (XceiverServerRatis.java:newXceiverServerRatis(401)) - Found a free port for the server : 37759
2019-06-13 04:13:45,729 INFO  impl.RaftServerProxy (ConfUtils.java:logGet(43)) - raft.rpc.type = GRPC (default)
2019-06-13 04:13:45,729 INFO  grpc.GrpcConfigKeys$Server (ConfUtils.java:logGet(43)) - raft.grpc.server.port = 37759 (custom)
2019-06-13 04:13:45,729 INFO  server.GrpcService (ConfUtils.java:logGet(43)) - raft.grpc.message.size.max = 33570816 (custom)
2019-06-13 04:13:45,730 INFO  server.RaftServerConfigKeys (ConfUtils.java:logGet(43)) - raft.server.log.appender.buffer.byte-limit = 33554432 (custom)
2019-06-13 04:13:45,730 INFO  server.GrpcService (ConfUtils.java:logGet(43)) - raft.grpc.flow.control.window = 1MB (=1048576) (default)
2019-06-13 04:13:45,730 INFO  server.RaftServerConfigKeys (ConfUtils.java:logGet(43)) - raft.server.rpc.request.timeout = 3000ms (default)
2019-06-13 04:13:45,731 INFO  server.RaftServerConfigKeys (ConfUtils.java:logGet(43)) - raft.server.storage.dir = [/opt/src/hadoop-ozone/integration-test/target/test-dir/MiniOzoneClusterImpl-93a24cda-367b-4e26-9b6b-b1b187270996/datanode-5/data/ratis] (custom)
2019-06-13 04:13:45,731 INFO  server.XceiverServerGrpc (XceiverServerGrpc.java:<init>(97)) - Found a free port for the server : 43153
2019-06-13 04:13:45,732 INFO  replication.SimpleContainerDownloader (SimpleContainerDownloader.java:<init>(72)) - Starting container downloader service to copy containers to replicate.
2019-06-13 04:13:45,733 INFO  hdfs.DFSUtil (DFSUtil.java:httpServerTemplateForNNAndJN(1641)) - Starting Web-server for hddsDatanode at: http://0.0.0.0:0
2019-06-13 04:13:45,734 INFO  server.AuthenticationFilter (AuthenticationFilter.java:constructSecretProvider(240)) - Unable to initialize FileSignerSecretProvider, falling back to use random secrets.
2019-06-13 04:13:45,735 WARN  http.HttpRequestLog (HttpRequestLog.java:getRequestLog(97)) - Jetty request log can only be enabled using Log4j
2019-06-13 04:13:45,736 INFO  http.HttpServer2 (HttpServer2.java:addGlobalFilter(975)) - Added global filter 'safety' (class=org.apache.hadoop.http.HttpServer2$QuotingInputFilter)
2019-06-13 04:13:45,736 INFO  http.HttpServer2 (HttpServer2.java:addFilter(948)) - Added filter static_user_filter (class=org.apache.hadoop.http.lib.StaticUserWebFilter$StaticUserFilter) to context hddsDatanode
2019-06-13 04:13:45,736 INFO  http.HttpServer2 (HttpServer2.java:addFilter(958)) - Added filter static_user_filter (class=org.apache.hadoop.http.lib.StaticUserWebFilter$StaticUserFilter) to context static
2019-06-13 04:13:45,736 INFO  http.HttpServer2 (HttpServer2.java:addFilter(958)) - Added filter static_user_filter (class=org.apache.hadoop.http.lib.StaticUserWebFilter$StaticUserFilter) to context logs
2019-06-13 04:13:45,737 INFO  http.HttpServer2 (HttpServer2.java:bindListener(1191)) - Jetty bound to port 42479
2019-06-13 04:13:45,737 INFO  server.Server (Server.java:doStart(351)) - jetty-9.3.24.v20180605, build timestamp: 2018-06-05T17:11:56Z, git hash: 84205aa28f11a4f31f2a3b86d1bba2cc8ab69827
2019-06-13 04:13:45,740 INFO  handler.ContextHandler (ContextHandler.java:doStart(781)) - Started o.e.j.s.ServletContextHandler@58a7dc4{/logs,file:///opt/src/hadoop-ozone/integration-test/target/log,AVAILABLE}
2019-06-13 04:13:45,740 INFO  handler.ContextHandler (ContextHandler.java:doStart(781)) - Started o.e.j.s.ServletContextHandler@27f71195{/static,jar:file:/root/.m2/repository/org/apache/hadoop/hadoop-hdds-container-service/0.5.0-SNAPSHOT/hadoop-hdds-container-service-0.5.0-SNAPSHOT.jar!/webapps/static,AVAILABLE}
2019-06-13 04:13:45,764 INFO  handler.ContextHandler (ContextHandler.java:doStart(781)) - Started o.e.j.w.WebAppContext@26b3c9a2{/,file:///tmp/jetty-0.0.0.0-42479-hddsDatanode-_-any-4008410060964562995.dir/webapp/,AVAILABLE}{/hddsDatanode}
2019-06-13 04:13:45,764 INFO  server.AbstractConnector (AbstractConnector.java:doStart(278)) - Started ServerConnector@241b971f{HTTP/1.1,[http/1.1]}{0.0.0.0:42479}
2019-06-13 04:13:45,765 INFO  server.Server (Server.java:doStart(419)) - Started @5130ms
2019-06-13 04:13:45,765 INFO  server.BaseHttpServer (BaseHttpServer.java:updateConnectorAddress(207)) - HTTP server of HDDSDATANODE is listening at http://0.0.0.0:42479
2019-06-13 04:13:45,897 INFO  ozone.HddsDatanodeService (HddsDatanodeService.java:startPlugins(396)) - Started plug-in org.apache.hadoop.ozone.web.OzoneHddsDatanodeService@693f2213
2019-06-13 04:13:45,898 INFO  ozone.MiniOzoneClusterImpl (MiniOzoneClusterImpl.java:lambda$waitForClusterToBeReady$0(142)) - Waiting for cluster to be ready. Got 0 of 6 DN Heartbeats.
2019-06-13 04:13:45,903 INFO  util.JvmPauseMonitor (JvmPauseMonitor.java:run(188)) - Starting JVM pause monitor
2019-06-13 04:13:45,904 INFO  datanode.InitDatanodeState (InitDatanodeState.java:persistContainerDatanodeDetails(140)) - DatanodeDetails is persisted to /opt/src/hadoop-ozone/integration-test/target/test-dir/MiniOzoneClusterImpl-93a24cda-367b-4e26-9b6b-b1b187270996/datanode-5/meta/datanode.id
2019-06-13 04:13:46,792 INFO  ozoneimpl.OzoneContainer (OzoneContainer.java:start(186)) - Attempting to start container services.
2019-06-13 04:13:46,792 INFO  ozoneimpl.OzoneContainer (OzoneContainer.java:startContainerScrub(160)) - Background container scrubber has been disabled by hdds.containerscrub.enabled
2019-06-13 04:13:46,792 INFO  ratis.XceiverServerRatis (XceiverServerRatis.java:start(418)) - Starting XceiverServerRatis 93f586eb-cf81-41d8-a230-385b3bf8807a at port 42283
2019-06-13 04:13:46,805 INFO  impl.RaftServerProxy (RaftServerProxy.java:lambda$start$3(299)) - 93f586eb-cf81-41d8-a230-385b3bf8807a: start RPC server
2019-06-13 04:13:46,898 INFO  ozone.MiniOzoneClusterImpl (MiniOzoneClusterImpl.java:lambda$waitForClusterToBeReady$0(142)) - Waiting for cluster to be ready. Got 0 of 6 DN Heartbeats.
2019-06-13 04:13:46,913 INFO  server.GrpcService (GrpcService.java:startImpl(148)) - 93f586eb-cf81-41d8-a230-385b3bf8807a: GrpcService started, listening on 0.0.0.0/0.0.0.0:42283
2019-06-13 04:13:47,096 INFO  ozoneimpl.OzoneContainer (OzoneContainer.java:start(186)) - Attempting to start container services.
2019-06-13 04:13:47,097 INFO  ozoneimpl.OzoneContainer (OzoneContainer.java:startContainerScrub(160)) - Background container scrubber has been disabled by hdds.containerscrub.enabled
2019-06-13 04:13:47,097 INFO  ratis.XceiverServerRatis (XceiverServerRatis.java:start(418)) - Starting XceiverServerRatis 62f68693-6f92-4418-a41c-5280685eb4f1 at port 43043
2019-06-13 04:13:47,108 INFO  impl.RaftServerProxy (RaftServerProxy.java:lambda$start$3(299)) - 62f68693-6f92-4418-a41c-5280685eb4f1: start RPC server
2019-06-13 04:13:47,111 INFO  server.GrpcService (GrpcService.java:startImpl(148)) - 62f68693-6f92-4418-a41c-5280685eb4f1: GrpcService started, listening on 0.0.0.0/0.0.0.0:43043
2019-06-13 04:13:47,338 INFO  ozoneimpl.OzoneContainer (OzoneContainer.java:start(186)) - Attempting to start container services.
2019-06-13 04:13:47,339 INFO  ozoneimpl.OzoneContainer (OzoneContainer.java:startContainerScrub(160)) - Background container scrubber has been disabled by hdds.containerscrub.enabled
2019-06-13 04:13:47,340 INFO  ratis.XceiverServerRatis (XceiverServerRatis.java:start(418)) - Starting XceiverServerRatis ad6b07d7-04c3-49e5-9f01-f2df2c981fe2 at port 42191
2019-06-13 04:13:47,346 INFO  impl.RaftServerProxy (RaftServerProxy.java:lambda$start$3(299)) - ad6b07d7-04c3-49e5-9f01-f2df2c981fe2: start RPC server
2019-06-13 04:13:47,348 INFO  server.GrpcService (GrpcService.java:startImpl(148)) - ad6b07d7-04c3-49e5-9f01-f2df2c981fe2: GrpcService started, listening on 0.0.0.0/0.0.0.0:42191
2019-06-13 04:13:47,509 INFO  ozoneimpl.OzoneContainer (OzoneContainer.java:start(186)) - Attempting to start container services.
2019-06-13 04:13:47,510 INFO  ozoneimpl.OzoneContainer (OzoneContainer.java:startContainerScrub(160)) - Background container scrubber has been disabled by hdds.containerscrub.enabled
2019-06-13 04:13:47,510 INFO  ratis.XceiverServerRatis (XceiverServerRatis.java:start(418)) - Starting XceiverServerRatis 73c1602a-70ba-45cb-a82b-c90d379cdffa at port 37247
2019-06-13 04:13:47,516 INFO  impl.RaftServerProxy (RaftServerProxy.java:lambda$start$3(299)) - 73c1602a-70ba-45cb-a82b-c90d379cdffa: start RPC server
2019-06-13 04:13:47,518 INFO  server.GrpcService (GrpcService.java:startImpl(148)) - 73c1602a-70ba-45cb-a82b-c90d379cdffa: GrpcService started, listening on 0.0.0.0/0.0.0.0:37247
2019-06-13 04:13:47,715 INFO  ozoneimpl.OzoneContainer (OzoneContainer.java:start(186)) - Attempting to start container services.
2019-06-13 04:13:47,716 INFO  ozoneimpl.OzoneContainer (OzoneContainer.java:startContainerScrub(160)) - Background container scrubber has been disabled by hdds.containerscrub.enabled
2019-06-13 04:13:47,716 INFO  ratis.XceiverServerRatis (XceiverServerRatis.java:start(418)) - Starting XceiverServerRatis 95364b6f-60ec-4f54-8b0b-5fd4c821b70b at port 36301
2019-06-13 04:13:47,723 INFO  impl.RaftServerProxy (RaftServerProxy.java:lambda$start$3(299)) - 95364b6f-60ec-4f54-8b0b-5fd4c821b70b: start RPC server
2019-06-13 04:13:47,725 INFO  server.GrpcService (GrpcService.java:startImpl(148)) - 95364b6f-60ec-4f54-8b0b-5fd4c821b70b: GrpcService started, listening on 0.0.0.0/0.0.0.0:36301
2019-06-13 04:13:47,898 INFO  ozone.MiniOzoneClusterImpl (MiniOzoneClusterImpl.java:lambda$waitForClusterToBeReady$0(142)) - Waiting for cluster to be ready. Got 0 of 6 DN Heartbeats.
2019-06-13 04:13:47,907 INFO  ozoneimpl.OzoneContainer (OzoneContainer.java:start(186)) - Attempting to start container services.
2019-06-13 04:13:47,909 INFO  ozoneimpl.OzoneContainer (OzoneContainer.java:startContainerScrub(160)) - Background container scrubber has been disabled by hdds.containerscrub.enabled
2019-06-13 04:13:47,909 INFO  ratis.XceiverServerRatis (XceiverServerRatis.java:start(418)) - Starting XceiverServerRatis 38d9f5ed-691f-4259-8f5f-5e0eb2515c00 at port 37759
2019-06-13 04:13:47,912 INFO  impl.RaftServerProxy (RaftServerProxy.java:lambda$start$3(299)) - 38d9f5ed-691f-4259-8f5f-5e0eb2515c00: start RPC server
2019-06-13 04:13:47,914 INFO  server.GrpcService (GrpcService.java:startImpl(148)) - 38d9f5ed-691f-4259-8f5f-5e0eb2515c00: GrpcService started, listening on 0.0.0.0/0.0.0.0:37759
2019-06-13 04:13:48,792 INFO  node.SCMNodeManager (SCMNodeManager.java:register(234)) - Registered Data node : 93f586eb-cf81-41d8-a230-385b3bf8807a{ip: 192.168.11.211, host: ozone-wtfgh-1416927373, networkLocation: /default-rack, certSerialId: null}
2019-06-13 04:13:48,795 INFO  safemode.SCMSafeModeManager (DataNodeSafeModeRule.java:process(71)) - SCM in safe mode. 1 DataNodes registered, 1 required.
2019-06-13 04:13:48,796 INFO  safemode.SCMSafeModeManager (SCMSafeModeManager.java:validateSafeModeExitRules(177)) - ScmSafeModeManager, all rules are successfully validated
2019-06-13 04:13:48,797 INFO  safemode.SCMSafeModeManager (SCMSafeModeManager.java:exitSafeMode(193)) - SCM exiting safe mode.
2019-06-13 04:13:48,899 INFO  ozone.MiniOzoneClusterImpl (MiniOzoneClusterImpl.java:lambda$waitForClusterToBeReady$0(142)) - Waiting for cluster to be ready. Got 1 of 6 DN Heartbeats.
2019-06-13 04:13:49,093 INFO  node.SCMNodeManager (SCMNodeManager.java:register(234)) - Registered Data node : 62f68693-6f92-4418-a41c-5280685eb4f1{ip: 192.168.11.211, host: ozone-wtfgh-1416927373, networkLocation: /default-rack, certSerialId: null}
2019-06-13 04:13:49,138 INFO  impl.RaftServerProxy (RaftServerProxy.java:addNew(89)) - 93f586eb-cf81-41d8-a230-385b3bf8807a: addNew group-3AF0F43BC42A:[93f586eb-cf81-41d8-a230-385b3bf8807a:192.168.11.211:42283] returns group-3AF0F43BC42A:java.util.concurrent.CompletableFuture@6fb93acb[Not completed]
2019-06-13 04:13:49,142 INFO  impl.RaftServerImpl (RaftServerImpl.java:<init>(91)) - 93f586eb-cf81-41d8-a230-385b3bf8807a: new RaftServerImpl for group-3AF0F43BC42A:[93f586eb-cf81-41d8-a230-385b3bf8807a:192.168.11.211:42283] with ContainerStateMachine:uninitialized
2019-06-13 04:13:49,143 INFO  server.RaftServerConfigKeys (ConfUtils.java:logGet(43)) - raft.server.rpc.timeout.min = 1s (custom)
2019-06-13 04:13:49,144 INFO  server.RaftServerConfigKeys (ConfUtils.java:logGet(43)) - raft.server.rpc.timeout.max = 1200ms (custom)
2019-06-13 04:13:49,144 INFO  server.RaftServerConfigKeys (ConfUtils.java:logGet(43)) - raft.server.rpcslowness.timeout = 10s (custom)
2019-06-13 04:13:49,145 INFO  server.RaftServerConfigKeys (ConfUtils.java:logGet(43)) - raft.server.log.appender.install.snapshot.enabled = true (default)
2019-06-13 04:13:49,151 INFO  impl.RaftServerImpl (ServerState.java:<init>(101)) - 93f586eb-cf81-41d8-a230-385b3bf8807a:group-3AF0F43BC42A ConfigurationManager, init=-1: [93f586eb-cf81-41d8-a230-385b3bf8807a:192.168.11.211:42283], old=null, confs=<EMPTY_MAP>
2019-06-13 04:13:49,151 INFO  server.RaftServerConfigKeys (ConfUtils.java:logGet(43)) - raft.server.storage.dir = [/opt/src/hadoop-ozone/integration-test/target/test-dir/MiniOzoneClusterImpl-93a24cda-367b-4e26-9b6b-b1b187270996/datanode-0/data/ratis] (custom)
2019-06-13 04:13:49,156 INFO  storage.RaftStorageDirectory (RaftStorageDirectory.java:analyzeStorage(246)) - The storage directory /opt/src/hadoop-ozone/integration-test/target/test-dir/MiniOzoneClusterImpl-93a24cda-367b-4e26-9b6b-b1b187270996/datanode-0/data/ratis/98279a11-f6b3-4fa5-915a-3af0f43bc42a does not exist. Creating ...
2019-06-13 04:13:49,162 INFO  storage.RaftStorageDirectory (RaftStorageDirectory.java:tryLock(328)) - Lock on /opt/src/hadoop-ozone/integration-test/target/test-dir/MiniOzoneClusterImpl-93a24cda-367b-4e26-9b6b-b1b187270996/datanode-0/data/ratis/98279a11-f6b3-4fa5-915a-3af0f43bc42a/in_use.lock acquired by nodename 9944@ozone-wtfgh-1416927373
2019-06-13 04:13:49,165 INFO  storage.RaftStorage (RaftStorage.java:format(75)) - Storage directory /opt/src/hadoop-ozone/integration-test/target/test-dir/MiniOzoneClusterImpl-93a24cda-367b-4e26-9b6b-b1b187270996/datanode-0/data/ratis/98279a11-f6b3-4fa5-915a-3af0f43bc42a has been successfully formatted.
2019-06-13 04:13:49,166 INFO  ratis.ContainerStateMachine (ContainerStateMachine.java:loadSnapshot(199)) - The snapshot info is null.Setting the last applied index to:(t:0, i:~)
2019-06-13 04:13:49,166 INFO  server.RaftServerConfigKeys (ConfUtils.java:logGet(43)) - raft.server.leader.election.timeout = 10s (custom)
2019-06-13 04:13:49,167 INFO  server.RaftServerConfigKeys (ConfUtils.java:logGet(43)) - raft.server.log.use.memory = false (default)
2019-06-13 04:13:49,169 INFO  server.RaftServerConfigKeys (ConfUtils.java:logGet(43)) - raft.server.log.appender.buffer.byte-limit = 33554432 (custom)
2019-06-13 04:13:49,293 INFO  server.RaftServerConfigKeys (ConfUtils.java:logGet(43)) - raft.server.log.segment.size.max = 16384 (custom)
2019-06-13 04:13:49,297 INFO  server.RaftServerConfigKeys (ConfUtils.java:logGet(43)) - raft.server.log.segment.cache.num.max = 2 (custom)
2019-06-13 04:13:49,300 INFO  storage.RaftLogWorker (RaftLogWorker.java:<init>(123)) - new 93f586eb-cf81-41d8-a230-385b3bf8807a-RaftLogWorker for Storage Directory /opt/src/hadoop-ozone/integration-test/target/test-dir/MiniOzoneClusterImpl-93a24cda-367b-4e26-9b6b-b1b187270996/datanode-0/data/ratis/98279a11-f6b3-4fa5-915a-3af0f43bc42a
2019-06-13 04:13:49,300 INFO  server.RaftServerConfigKeys (ConfUtils.java:logGet(43)) - raft.server.log.queue.byte-limit = 2147483647 (custom)
2019-06-13 04:13:49,300 INFO  server.RaftServerConfigKeys (ConfUtils.java:logGet(43)) - raft.server.log.queue.element-limit = 1024 (custom)
2019-06-13 04:13:49,302 INFO  server.RaftServerConfigKeys (ConfUtils.java:logGet(43)) - raft.server.log.segment.size.max = 16384 (custom)
2019-06-13 04:13:49,302 INFO  server.RaftServerConfigKeys (ConfUtils.java:logGet(43)) - raft.server.log.preallocated.size = 16384 (custom)
2019-06-13 04:13:49,302 INFO  server.RaftServerConfigKeys (ConfUtils.java:logGet(43)) - raft.server.log.write.buffer.size = 33554432 (custom)
2019-06-13 04:13:49,303 INFO  server.RaftServerConfigKeys (ConfUtils.java:logGet(43)) - raft.server.log.force.sync.num = 128 (default)
2019-06-13 04:13:49,304 INFO  server.RaftServerConfigKeys (ConfUtils.java:logGet(43)) - raft.server.log.statemachine.data.sync = true (default)
2019-06-13 04:13:49,304 INFO  server.RaftServerConfigKeys (ConfUtils.java:logGet(43)) - raft.server.log.statemachine.data.sync.timeout = 10s (default)
2019-06-13 04:13:49,304 INFO  server.RaftServerConfigKeys (ConfUtils.java:logGet(43)) - raft.server.log.statemachine.data.sync.timeout.retry = -1 (default)
2019-06-13 04:13:49,307 INFO  server.RaftServerConfigKeys (ConfUtils.java:logGet(43)) - raft.server.log.statemachine.data.caching.enabled = true (custom)
2019-06-13 04:13:49,312 INFO  server.RaftServerConfigKeys (ConfUtils.java:logGet(43)) - raft.server.snapshot.auto.trigger.enabled = true (custom)
2019-06-13 04:13:49,313 INFO  server.RaftServerConfigKeys (ConfUtils.java:logGet(43)) - raft.server.snapshot.auto.trigger.threshold = 10000 (custom)
2019-06-13 04:13:49,313 INFO  server.RaftServerConfigKeys (ConfUtils.java:logGet(43)) - raft.server.retrycache.expirytime = 600000ms (custom)
2019-06-13 04:13:49,333 INFO  impl.RaftServerImpl (RaftServerImpl.java:start(173)) - 93f586eb-cf81-41d8-a230-385b3bf8807a: start group-3AF0F43BC42A
2019-06-13 04:13:49,334 INFO  impl.RaftServerImpl (RaftServerImpl.java:setRole(164)) - 93f586eb-cf81-41d8-a230-385b3bf8807a:group-3AF0F43BC42A changes role from null to FOLLOWER at term 0 for startAsFollower
2019-06-13 04:13:49,336 INFO  node.SCMNodeManager (SCMNodeManager.java:register(234)) - Registered Data node : ad6b07d7-04c3-49e5-9f01-f2df2c981fe2{ip: 192.168.11.211, host: ozone-wtfgh-1416927373, networkLocation: /default-rack, certSerialId: null}
2019-06-13 04:13:49,338 INFO  impl.RoleInfo (RoleInfo.java:updateAndGet(143)) - 93f586eb-cf81-41d8-a230-385b3bf8807a: start FollowerState
2019-06-13 04:13:49,340 INFO  util.JmxRegister (JmxRegister.java:tryRegister(44)) - Successfully registered JMX Bean with object name Ratis:service=RaftServer,group=group-3AF0F43BC42A,id=93f586eb-cf81-41d8-a230-385b3bf8807a
2019-06-13 04:13:49,376 INFO  pipeline.PipelineStateManager (PipelineStateManager.java:addPipeline(56)) - Created pipeline Pipeline[ Id: 98279a11-f6b3-4fa5-915a-3af0f43bc42a, Nodes: 93f586eb-cf81-41d8-a230-385b3bf8807a{ip: 192.168.11.211, host: ozone-wtfgh-1416927373, networkLocation: /default-rack, certSerialId: null}, Type:RATIS, Factor:ONE, State:OPEN]
2019-06-13 04:13:49,391 INFO  impl.RaftServerProxy (RaftServerProxy.java:addNew(89)) - 62f68693-6f92-4418-a41c-5280685eb4f1: addNew group-E520F0FE0F03:[62f68693-6f92-4418-a41c-5280685eb4f1:192.168.11.211:43043] returns group-E520F0FE0F03:java.util.concurrent.CompletableFuture@cdce7b1[Not completed]
2019-06-13 04:13:49,391 INFO  impl.RaftServerImpl (RaftServerImpl.java:<init>(91)) - 62f68693-6f92-4418-a41c-5280685eb4f1: new RaftServerImpl for group-E520F0FE0F03:[62f68693-6f92-4418-a41c-5280685eb4f1:192.168.11.211:43043] with ContainerStateMachine:uninitialized
2019-06-13 04:13:49,392 INFO  server.RaftServerConfigKeys (ConfUtils.java:logGet(43)) - raft.server.rpc.timeout.min = 1s (custom)
2019-06-13 04:13:49,392 INFO  server.RaftServerConfigKeys (ConfUtils.java:logGet(43)) - raft.server.rpc.timeout.max = 1200ms (custom)
2019-06-13 04:13:49,392 INFO  server.RaftServerConfigKeys (ConfUtils.java:logGet(43)) - raft.server.rpcslowness.timeout = 10s (custom)
2019-06-13 04:13:49,392 INFO  server.RaftServerConfigKeys (ConfUtils.java:logGet(43)) - raft.server.log.appender.install.snapshot.enabled = true (default)
2019-06-13 04:13:49,393 INFO  impl.RaftServerImpl (ServerState.java:<init>(101)) - 62f68693-6f92-4418-a41c-5280685eb4f1:group-E520F0FE0F03 ConfigurationManager, init=-1: [62f68693-6f92-4418-a41c-5280685eb4f1:192.168.11.211:43043], old=null, confs=<EMPTY_MAP>
2019-06-13 04:13:49,393 INFO  server.RaftServerConfigKeys (ConfUtils.java:logGet(43)) - raft.server.storage.dir = [/opt/src/hadoop-ozone/integration-test/target/test-dir/MiniOzoneClusterImpl-93a24cda-367b-4e26-9b6b-b1b187270996/datanode-1/data/ratis] (custom)
2019-06-13 04:13:49,393 INFO  storage.RaftStorageDirectory (RaftStorageDirectory.java:analyzeStorage(246)) - The storage directory /opt/src/hadoop-ozone/integration-test/target/test-dir/MiniOzoneClusterImpl-93a24cda-367b-4e26-9b6b-b1b187270996/datanode-1/data/ratis/929ecf8f-c3cb-42cb-8f5e-e520f0fe0f03 does not exist. Creating ...
2019-06-13 04:13:49,395 INFO  storage.RaftStorageDirectory (RaftStorageDirectory.java:tryLock(328)) - Lock on /opt/src/hadoop-ozone/integration-test/target/test-dir/MiniOzoneClusterImpl-93a24cda-367b-4e26-9b6b-b1b187270996/datanode-1/data/ratis/929ecf8f-c3cb-42cb-8f5e-e520f0fe0f03/in_use.lock acquired by nodename 9944@ozone-wtfgh-1416927373
2019-06-13 04:13:49,397 INFO  storage.RaftStorage (RaftStorage.java:format(75)) - Storage directory /opt/src/hadoop-ozone/integration-test/target/test-dir/MiniOzoneClusterImpl-93a24cda-367b-4e26-9b6b-b1b187270996/datanode-1/data/ratis/929ecf8f-c3cb-42cb-8f5e-e520f0fe0f03 has been successfully formatted.
2019-06-13 04:13:49,397 INFO  ratis.ContainerStateMachine (ContainerStateMachine.java:loadSnapshot(199)) - The snapshot info is null.Setting the last applied index to:(t:0, i:~)
2019-06-13 04:13:49,398 INFO  server.RaftServerConfigKeys (ConfUtils.java:logGet(43)) - raft.server.leader.election.timeout = 10s (custom)
2019-06-13 04:13:49,398 INFO  server.RaftServerConfigKeys (ConfUtils.java:logGet(43)) - raft.server.log.use.memory = false (default)
2019-06-13 04:13:49,398 INFO  server.RaftServerConfigKeys (ConfUtils.java:logGet(43)) - raft.server.log.appender.buffer.byte-limit = 33554432 (custom)
2019-06-13 04:13:49,398 INFO  server.RaftServerConfigKeys (ConfUtils.java:logGet(43)) - raft.server.log.segment.size.max = 16384 (custom)
2019-06-13 04:13:49,398 INFO  server.RaftServerConfigKeys (ConfUtils.java:logGet(43)) - raft.server.log.segment.cache.num.max = 2 (custom)
2019-06-13 04:13:49,398 INFO  storage.RaftLogWorker (RaftLogWorker.java:<init>(123)) - new 62f68693-6f92-4418-a41c-5280685eb4f1-RaftLogWorker for Storage Directory /opt/src/hadoop-ozone/integration-test/target/test-dir/MiniOzoneClusterImpl-93a24cda-367b-4e26-9b6b-b1b187270996/datanode-1/data/ratis/929ecf8f-c3cb-42cb-8f5e-e520f0fe0f03
2019-06-13 04:13:49,399 INFO  server.RaftServerConfigKeys (ConfUtils.java:logGet(43)) - raft.server.log.queue.byte-limit = 2147483647 (custom)
2019-06-13 04:13:49,399 INFO  server.RaftServerConfigKeys (ConfUtils.java:logGet(43)) - raft.server.log.queue.element-limit = 1024 (custom)
2019-06-13 04:13:49,399 INFO  server.RaftServerConfigKeys (ConfUtils.java:logGet(43)) - raft.server.log.segment.size.max = 16384 (custom)
2019-06-13 04:13:49,399 INFO  server.RaftServerConfigKeys (ConfUtils.java:logGet(43)) - raft.server.log.preallocated.size = 16384 (custom)
2019-06-13 04:13:49,399 INFO  server.RaftServerConfigKeys (ConfUtils.java:logGet(43)) - raft.server.log.write.buffer.size = 33554432 (custom)
2019-06-13 04:13:49,399 INFO  server.RaftServerConfigKeys (ConfUtils.java:logGet(43)) - raft.server.log.force.sync.num = 128 (default)
2019-06-13 04:13:49,399 INFO  server.RaftServerConfigKeys (ConfUtils.java:logGet(43)) - raft.server.log.statemachine.data.sync = true (default)
2019-06-13 04:13:49,399 INFO  server.RaftServerConfigKeys (ConfUtils.java:logGet(43)) - raft.server.log.statemachine.data.sync.timeout = 10s (default)
2019-06-13 04:13:49,399 INFO  server.RaftServerConfigKeys (ConfUtils.java:logGet(43)) - raft.server.log.statemachine.data.sync.timeout.retry = -1 (default)
2019-06-13 04:13:49,399 INFO  server.RaftServerConfigKeys (ConfUtils.java:logGet(43)) - raft.server.log.statemachine.data.caching.enabled = true (custom)
2019-06-13 04:13:49,400 INFO  server.RaftServerConfigKeys (ConfUtils.java:logGet(43)) - raft.server.snapshot.auto.trigger.enabled = true (custom)
2019-06-13 04:13:49,400 INFO  server.RaftServerConfigKeys (ConfUtils.java:logGet(43)) - raft.server.snapshot.auto.trigger.threshold = 10000 (custom)
2019-06-13 04:13:49,400 INFO  server.RaftServerConfigKeys (ConfUtils.java:logGet(43)) - raft.server.retrycache.expirytime = 600000ms (custom)
2019-06-13 04:13:49,400 INFO  impl.RaftServerImpl (RaftServerImpl.java:start(173)) - 62f68693-6f92-4418-a41c-5280685eb4f1: start group-E520F0FE0F03
2019-06-13 04:13:49,400 INFO  impl.RaftServerImpl (RaftServerImpl.java:setRole(164)) - 62f68693-6f92-4418-a41c-5280685eb4f1:group-E520F0FE0F03 changes role from null to FOLLOWER at term 0 for startAsFollower
2019-06-13 04:13:49,400 INFO  impl.RoleInfo (RoleInfo.java:updateAndGet(143)) - 62f68693-6f92-4418-a41c-5280685eb4f1: start FollowerState
2019-06-13 04:13:49,402 INFO  util.JmxRegister (JmxRegister.java:tryRegister(44)) - Successfully registered JMX Bean with object name Ratis:service=RaftServer,group=group-E520F0FE0F03,id=62f68693-6f92-4418-a41c-5280685eb4f1
2019-06-13 04:13:49,409 INFO  pipeline.PipelineStateManager (PipelineStateManager.java:addPipeline(56)) - Created pipeline Pipeline[ Id: 929ecf8f-c3cb-42cb-8f5e-e520f0fe0f03, Nodes: 62f68693-6f92-4418-a41c-5280685eb4f1{ip: 192.168.11.211, host: ozone-wtfgh-1416927373, networkLocation: /default-rack, certSerialId: null}, Type:RATIS, Factor:ONE, State:OPEN]
2019-06-13 04:13:49,421 INFO  impl.RaftServerProxy (RaftServerProxy.java:addNew(89)) - ad6b07d7-04c3-49e5-9f01-f2df2c981fe2: addNew group-84223A29F608:[ad6b07d7-04c3-49e5-9f01-f2df2c981fe2:192.168.11.211:42191] returns group-84223A29F608:java.util.concurrent.CompletableFuture@e4c364c[Not completed]
2019-06-13 04:13:49,444 INFO  impl.RaftServerImpl (RaftServerImpl.java:<init>(91)) - ad6b07d7-04c3-49e5-9f01-f2df2c981fe2: new RaftServerImpl for group-84223A29F608:[ad6b07d7-04c3-49e5-9f01-f2df2c981fe2:192.168.11.211:42191] with ContainerStateMachine:uninitialized
2019-06-13 04:13:49,444 INFO  server.RaftServerConfigKeys (ConfUtils.java:logGet(43)) - raft.server.rpc.timeout.min = 1s (custom)
2019-06-13 04:13:49,444 INFO  server.RaftServerConfigKeys (ConfUtils.java:logGet(43)) - raft.server.rpc.timeout.max = 1200ms (custom)
2019-06-13 04:13:49,444 INFO  server.RaftServerConfigKeys (ConfUtils.java:logGet(43)) - raft.server.rpcslowness.timeout = 10s (custom)
2019-06-13 04:13:49,444 INFO  server.RaftServerConfigKeys (ConfUtils.java:logGet(43)) - raft.server.log.appender.install.snapshot.enabled = true (default)
2019-06-13 04:13:49,445 INFO  impl.RaftServerImpl (ServerState.java:<init>(101)) - ad6b07d7-04c3-49e5-9f01-f2df2c981fe2:group-84223A29F608 ConfigurationManager, init=-1: [ad6b07d7-04c3-49e5-9f01-f2df2c981fe2:192.168.11.211:42191], old=null, confs=<EMPTY_MAP>
2019-06-13 04:13:49,445 INFO  server.RaftServerConfigKeys (ConfUtils.java:logGet(43)) - raft.server.storage.dir = [/opt/src/hadoop-ozone/integration-test/target/test-dir/MiniOzoneClusterImpl-93a24cda-367b-4e26-9b6b-b1b187270996/datanode-2/data/ratis] (custom)
2019-06-13 04:13:49,445 INFO  storage.RaftStorageDirectory (RaftStorageDirectory.java:analyzeStorage(246)) - The storage directory /opt/src/hadoop-ozone/integration-test/target/test-dir/MiniOzoneClusterImpl-93a24cda-367b-4e26-9b6b-b1b187270996/datanode-2/data/ratis/7fdf1bb0-77d9-4772-b58a-84223a29f608 does not exist. Creating ...
2019-06-13 04:13:49,447 INFO  storage.RaftStorageDirectory (RaftStorageDirectory.java:tryLock(328)) - Lock on /opt/src/hadoop-ozone/integration-test/target/test-dir/MiniOzoneClusterImpl-93a24cda-367b-4e26-9b6b-b1b187270996/datanode-2/data/ratis/7fdf1bb0-77d9-4772-b58a-84223a29f608/in_use.lock acquired by nodename 9944@ozone-wtfgh-1416927373
2019-06-13 04:13:49,449 INFO  storage.RaftStorage (RaftStorage.java:format(75)) - Storage directory /opt/src/hadoop-ozone/integration-test/target/test-dir/MiniOzoneClusterImpl-93a24cda-367b-4e26-9b6b-b1b187270996/datanode-2/data/ratis/7fdf1bb0-77d9-4772-b58a-84223a29f608 has been successfully formatted.
2019-06-13 04:13:49,450 INFO  ratis.ContainerStateMachine (ContainerStateMachine.java:loadSnapshot(199)) - The snapshot info is null.Setting the last applied index to:(t:0, i:~)
2019-06-13 04:13:49,451 INFO  server.RaftServerConfigKeys (ConfUtils.java:logGet(43)) - raft.server.leader.election.timeout = 10s (custom)
2019-06-13 04:13:49,451 INFO  server.RaftServerConfigKeys (ConfUtils.java:logGet(43)) - raft.server.log.use.memory = false (default)
2019-06-13 04:13:49,451 INFO  server.RaftServerConfigKeys (ConfUtils.java:logGet(43)) - raft.server.log.appender.buffer.byte-limit = 33554432 (custom)
2019-06-13 04:13:49,451 INFO  server.RaftServerConfigKeys (ConfUtils.java:logGet(43)) - raft.server.log.segment.size.max = 16384 (custom)
2019-06-13 04:13:49,451 INFO  server.RaftServerConfigKeys (ConfUtils.java:logGet(43)) - raft.server.log.segment.cache.num.max = 2 (custom)
2019-06-13 04:13:49,451 INFO  storage.RaftLogWorker (RaftLogWorker.java:<init>(123)) - new ad6b07d7-04c3-49e5-9f01-f2df2c981fe2-RaftLogWorker for Storage Directory /opt/src/hadoop-ozone/integration-test/target/test-dir/MiniOzoneClusterImpl-93a24cda-367b-4e26-9b6b-b1b187270996/datanode-2/data/ratis/7fdf1bb0-77d9-4772-b58a-84223a29f608
2019-06-13 04:13:49,451 INFO  server.RaftServerConfigKeys (ConfUtils.java:logGet(43)) - raft.server.log.queue.byte-limit = 2147483647 (custom)
2019-06-13 04:13:49,452 INFO  server.RaftServerConfigKeys (ConfUtils.java:logGet(43)) - raft.server.log.queue.element-limit = 1024 (custom)
2019-06-13 04:13:49,452 INFO  server.RaftServerConfigKeys (ConfUtils.java:logGet(43)) - raft.server.log.segment.size.max = 16384 (custom)
2019-06-13 04:13:49,452 INFO  server.RaftServerConfigKeys (ConfUtils.java:logGet(43)) - raft.server.log.preallocated.size = 16384 (custom)
2019-06-13 04:13:49,452 INFO  server.RaftServerConfigKeys (ConfUtils.java:logGet(43)) - raft.server.log.write.buffer.size = 33554432 (custom)
2019-06-13 04:13:49,452 INFO  server.RaftServerConfigKeys (ConfUtils.java:logGet(43)) - raft.server.log.force.sync.num = 128 (default)
2019-06-13 04:13:49,452 INFO  server.RaftServerConfigKeys (ConfUtils.java:logGet(43)) - raft.server.log.statemachine.data.sync = true (default)
2019-06-13 04:13:49,452 INFO  server.RaftServerConfigKeys (ConfUtils.java:logGet(43)) - raft.server.log.statemachine.data.sync.timeout = 10s (default)
2019-06-13 04:13:49,452 INFO  server.RaftServerConfigKeys (ConfUtils.java:logGet(43)) - raft.server.log.statemachine.data.sync.timeout.retry = -1 (default)
2019-06-13 04:13:49,452 INFO  server.RaftServerConfigKeys (ConfUtils.java:logGet(43)) - raft.server.log.statemachine.data.caching.enabled = true (custom)
2019-06-13 04:13:49,453 INFO  server.RaftServerConfigKeys (ConfUtils.java:logGet(43)) - raft.server.snapshot.auto.trigger.enabled = true (custom)
2019-06-13 04:13:49,453 INFO  server.RaftServerConfigKeys (ConfUtils.java:logGet(43)) - raft.server.snapshot.auto.trigger.threshold = 10000 (custom)
2019-06-13 04:13:49,453 INFO  server.RaftServerConfigKeys (ConfUtils.java:logGet(43)) - raft.server.retrycache.expirytime = 600000ms (custom)
2019-06-13 04:13:49,453 INFO  impl.RaftServerImpl (RaftServerImpl.java:start(173)) - ad6b07d7-04c3-49e5-9f01-f2df2c981fe2: start group-84223A29F608
2019-06-13 04:13:49,453 INFO  impl.RaftServerImpl (RaftServerImpl.java:setRole(164)) - ad6b07d7-04c3-49e5-9f01-f2df2c981fe2:group-84223A29F608 changes role from null to FOLLOWER at term 0 for startAsFollower
2019-06-13 04:13:49,453 INFO  impl.RoleInfo (RoleInfo.java:updateAndGet(143)) - ad6b07d7-04c3-49e5-9f01-f2df2c981fe2: start FollowerState
2019-06-13 04:13:49,454 INFO  util.JmxRegister (JmxRegister.java:tryRegister(44)) - Successfully registered JMX Bean with object name Ratis:service=RaftServer,group=group-84223A29F608,id=ad6b07d7-04c3-49e5-9f01-f2df2c981fe2
2019-06-13 04:13:49,459 INFO  pipeline.PipelineStateManager (PipelineStateManager.java:addPipeline(56)) - Created pipeline Pipeline[ Id: 7fdf1bb0-77d9-4772-b58a-84223a29f608, Nodes: ad6b07d7-04c3-49e5-9f01-f2df2c981fe2{ip: 192.168.11.211, host: ozone-wtfgh-1416927373, networkLocation: /default-rack, certSerialId: null}, Type:RATIS, Factor:ONE, State:OPEN]
2019-06-13 04:13:49,488 INFO  impl.RaftServerProxy (RaftServerProxy.java:addNew(89)) - 93f586eb-cf81-41d8-a230-385b3bf8807a: addNew group-8E7D82F3657D:[93f586eb-cf81-41d8-a230-385b3bf8807a:192.168.11.211:42283, ad6b07d7-04c3-49e5-9f01-f2df2c981fe2:192.168.11.211:42191, 62f68693-6f92-4418-a41c-5280685eb4f1:192.168.11.211:43043] returns group-8E7D82F3657D:java.util.concurrent.CompletableFuture@6c481fcc[Not completed]
2019-06-13 04:13:49,493 INFO  impl.RaftServerProxy (RaftServerProxy.java:addNew(89)) - ad6b07d7-04c3-49e5-9f01-f2df2c981fe2: addNew group-8E7D82F3657D:[93f586eb-cf81-41d8-a230-385b3bf8807a:192.168.11.211:42283, ad6b07d7-04c3-49e5-9f01-f2df2c981fe2:192.168.11.211:42191, 62f68693-6f92-4418-a41c-5280685eb4f1:192.168.11.211:43043] returns group-8E7D82F3657D:java.util.concurrent.CompletableFuture@6877969d[Not completed]
2019-06-13 04:13:49,495 INFO  impl.RaftServerImpl (RaftServerImpl.java:<init>(91)) - 93f586eb-cf81-41d8-a230-385b3bf8807a: new RaftServerImpl for group-8E7D82F3657D:[93f586eb-cf81-41d8-a230-385b3bf8807a:192.168.11.211:42283, ad6b07d7-04c3-49e5-9f01-f2df2c981fe2:192.168.11.211:42191, 62f68693-6f92-4418-a41c-5280685eb4f1:192.168.11.211:43043] with ContainerStateMachine:uninitialized
2019-06-13 04:13:49,496 INFO  server.RaftServerConfigKeys (ConfUtils.java:logGet(43)) - raft.server.rpc.timeout.min = 1s (custom)
2019-06-13 04:13:49,496 INFO  impl.RaftServerImpl (RaftServerImpl.java:<init>(91)) - ad6b07d7-04c3-49e5-9f01-f2df2c981fe2: new RaftServerImpl for group-8E7D82F3657D:[93f586eb-cf81-41d8-a230-385b3bf8807a:192.168.11.211:42283, ad6b07d7-04c3-49e5-9f01-f2df2c981fe2:192.168.11.211:42191, 62f68693-6f92-4418-a41c-5280685eb4f1:192.168.11.211:43043] with ContainerStateMachine:uninitialized
2019-06-13 04:13:49,496 INFO  server.RaftServerConfigKeys (ConfUtils.java:logGet(43)) - raft.server.rpc.timeout.max = 1200ms (custom)
2019-06-13 04:13:49,496 INFO  server.RaftServerConfigKeys (ConfUtils.java:logGet(43)) - raft.server.rpc.timeout.min = 1s (custom)
2019-06-13 04:13:49,496 INFO  server.RaftServerConfigKeys (ConfUtils.java:logGet(43)) - raft.server.rpcslowness.timeout = 10s (custom)
2019-06-13 04:13:49,496 INFO  server.RaftServerConfigKeys (ConfUtils.java:logGet(43)) - raft.server.rpc.timeout.max = 1200ms (custom)
2019-06-13 04:13:49,496 INFO  server.RaftServerConfigKeys (ConfUtils.java:logGet(43)) - raft.server.log.appender.install.snapshot.enabled = true (default)
2019-06-13 04:13:49,496 INFO  server.RaftServerConfigKeys (ConfUtils.java:logGet(43)) - raft.server.rpcslowness.timeout = 10s (custom)
2019-06-13 04:13:49,497 INFO  impl.RaftServerImpl (ServerState.java:<init>(101)) - 93f586eb-cf81-41d8-a230-385b3bf8807a:group-8E7D82F3657D ConfigurationManager, init=-1: [93f586eb-cf81-41d8-a230-385b3bf8807a:192.168.11.211:42283, ad6b07d7-04c3-49e5-9f01-f2df2c981fe2:192.168.11.211:42191, 62f68693-6f92-4418-a41c-5280685eb4f1:192.168.11.211:43043], old=null, confs=<EMPTY_MAP>
2019-06-13 04:13:49,497 INFO  server.RaftServerConfigKeys (ConfUtils.java:logGet(43)) - raft.server.log.appender.install.snapshot.enabled = true (default)
2019-06-13 04:13:49,498 INFO  impl.RaftServerImpl (ServerState.java:<init>(101)) - ad6b07d7-04c3-49e5-9f01-f2df2c981fe2:group-8E7D82F3657D ConfigurationManager, init=-1: [93f586eb-cf81-41d8-a230-385b3bf8807a:192.168.11.211:42283, ad6b07d7-04c3-49e5-9f01-f2df2c981fe2:192.168.11.211:42191, 62f68693-6f92-4418-a41c-5280685eb4f1:192.168.11.211:43043], old=null, confs=<EMPTY_MAP>
2019-06-13 04:13:49,498 INFO  server.RaftServerConfigKeys (ConfUtils.java:logGet(43)) - raft.server.storage.dir = [/opt/src/hadoop-ozone/integration-test/target/test-dir/MiniOzoneClusterImpl-93a24cda-367b-4e26-9b6b-b1b187270996/datanode-0/data/ratis] (custom)
2019-06-13 04:13:49,498 INFO  server.RaftServerConfigKeys (ConfUtils.java:logGet(43)) - raft.server.storage.dir = [/opt/src/hadoop-ozone/integration-test/target/test-dir/MiniOzoneClusterImpl-93a24cda-367b-4e26-9b6b-b1b187270996/datanode-2/data/ratis] (custom)
2019-06-13 04:13:49,498 INFO  storage.RaftStorageDirectory (RaftStorageDirectory.java:analyzeStorage(246)) - The storage directory /opt/src/hadoop-ozone/integration-test/target/test-dir/MiniOzoneClusterImpl-93a24cda-367b-4e26-9b6b-b1b187270996/datanode-0/data/ratis/51471921-283c-4286-944a-8e7d82f3657d does not exist. Creating ...
2019-06-13 04:13:49,498 INFO  storage.RaftStorageDirectory (RaftStorageDirectory.java:analyzeStorage(246)) - The storage directory /opt/src/hadoop-ozone/integration-test/target/test-dir/MiniOzoneClusterImpl-93a24cda-367b-4e26-9b6b-b1b187270996/datanode-2/data/ratis/51471921-283c-4286-944a-8e7d82f3657d does not exist. Creating ...
2019-06-13 04:13:49,500 INFO  storage.RaftStorageDirectory (RaftStorageDirectory.java:tryLock(328)) - Lock on /opt/src/hadoop-ozone/integration-test/target/test-dir/MiniOzoneClusterImpl-93a24cda-367b-4e26-9b6b-b1b187270996/datanode-2/data/ratis/51471921-283c-4286-944a-8e7d82f3657d/in_use.lock acquired by nodename 9944@ozone-wtfgh-1416927373
2019-06-13 04:13:49,500 INFO  storage.RaftStorageDirectory (RaftStorageDirectory.java:tryLock(328)) - Lock on /opt/src/hadoop-ozone/integration-test/target/test-dir/MiniOzoneClusterImpl-93a24cda-367b-4e26-9b6b-b1b187270996/datanode-0/data/ratis/51471921-283c-4286-944a-8e7d82f3657d/in_use.lock acquired by nodename 9944@ozone-wtfgh-1416927373
2019-06-13 04:13:49,501 INFO  impl.RaftServerProxy (RaftServerProxy.java:addNew(89)) - 62f68693-6f92-4418-a41c-5280685eb4f1: addNew group-8E7D82F3657D:[93f586eb-cf81-41d8-a230-385b3bf8807a:192.168.11.211:42283, ad6b07d7-04c3-49e5-9f01-f2df2c981fe2:192.168.11.211:42191, 62f68693-6f92-4418-a41c-5280685eb4f1:192.168.11.211:43043] returns group-8E7D82F3657D:java.util.concurrent.CompletableFuture@3088e521[Not completed]
2019-06-13 04:13:49,502 INFO  impl.RaftServerImpl (RaftServerImpl.java:<init>(91)) - 62f68693-6f92-4418-a41c-5280685eb4f1: new RaftServerImpl for group-8E7D82F3657D:[93f586eb-cf81-41d8-a230-385b3bf8807a:192.168.11.211:42283, ad6b07d7-04c3-49e5-9f01-f2df2c981fe2:192.168.11.211:42191, 62f68693-6f92-4418-a41c-5280685eb4f1:192.168.11.211:43043] with ContainerStateMachine:uninitialized
2019-06-13 04:13:49,502 INFO  server.RaftServerConfigKeys (ConfUtils.java:logGet(43)) - raft.server.rpc.timeout.min = 1s (custom)
2019-06-13 04:13:49,502 INFO  server.RaftServerConfigKeys (ConfUtils.java:logGet(43)) - raft.server.rpc.timeout.max = 1200ms (custom)
2019-06-13 04:13:49,502 INFO  server.RaftServerConfigKeys (ConfUtils.java:logGet(43)) - raft.server.rpcslowness.timeout = 10s (custom)
2019-06-13 04:13:49,502 INFO  server.RaftServerConfigKeys (ConfUtils.java:logGet(43)) - raft.server.log.appender.install.snapshot.enabled = true (default)
2019-06-13 04:13:49,502 INFO  impl.RaftServerImpl (ServerState.java:<init>(101)) - 62f68693-6f92-4418-a41c-5280685eb4f1:group-8E7D82F3657D ConfigurationManager, init=-1: [93f586eb-cf81-41d8-a230-385b3bf8807a:192.168.11.211:42283, ad6b07d7-04c3-49e5-9f01-f2df2c981fe2:192.168.11.211:42191, 62f68693-6f92-4418-a41c-5280685eb4f1:192.168.11.211:43043], old=null, confs=<EMPTY_MAP>
2019-06-13 04:13:49,502 INFO  server.RaftServerConfigKeys (ConfUtils.java:logGet(43)) - raft.server.storage.dir = [/opt/src/hadoop-ozone/integration-test/target/test-dir/MiniOzoneClusterImpl-93a24cda-367b-4e26-9b6b-b1b187270996/datanode-1/data/ratis] (custom)
2019-06-13 04:13:49,502 INFO  storage.RaftStorageDirectory (RaftStorageDirectory.java:analyzeStorage(246)) - The storage directory /opt/src/hadoop-ozone/integration-test/target/test-dir/MiniOzoneClusterImpl-93a24cda-367b-4e26-9b6b-b1b187270996/datanode-1/data/ratis/51471921-283c-4286-944a-8e7d82f3657d does not exist. Creating ...
2019-06-13 04:13:49,503 INFO  storage.RaftStorage (RaftStorage.java:format(75)) - Storage directory /opt/src/hadoop-ozone/integration-test/target/test-dir/MiniOzoneClusterImpl-93a24cda-367b-4e26-9b6b-b1b187270996/datanode-0/data/ratis/51471921-283c-4286-944a-8e7d82f3657d has been successfully formatted.
2019-06-13 04:13:49,504 INFO  storage.RaftStorage (RaftStorage.java:format(75)) - Storage directory /opt/src/hadoop-ozone/integration-test/target/test-dir/MiniOzoneClusterImpl-93a24cda-367b-4e26-9b6b-b1b187270996/datanode-2/data/ratis/51471921-283c-4286-944a-8e7d82f3657d has been successfully formatted.
2019-06-13 04:13:49,504 INFO  ratis.ContainerStateMachine (ContainerStateMachine.java:loadSnapshot(199)) - The snapshot info is null.Setting the last applied index to:(t:0, i:~)
2019-06-13 04:13:49,504 INFO  ratis.ContainerStateMachine (ContainerStateMachine.java:loadSnapshot(199)) - The snapshot info is null.Setting the last applied index to:(t:0, i:~)
2019-06-13 04:13:49,505 INFO  server.RaftServerConfigKeys (ConfUtils.java:logGet(43)) - raft.server.leader.election.timeout = 10s (custom)
2019-06-13 04:13:49,505 INFO  server.RaftServerConfigKeys (ConfUtils.java:logGet(43)) - raft.server.leader.election.timeout = 10s (custom)
2019-06-13 04:13:49,505 INFO  server.RaftServerConfigKeys (ConfUtils.java:logGet(43)) - raft.server.log.use.memory = false (default)
2019-06-13 04:13:49,505 INFO  storage.RaftStorageDirectory (RaftStorageDirectory.java:tryLock(328)) - Lock on /opt/src/hadoop-ozone/integration-test/target/test-dir/MiniOzoneClusterImpl-93a24cda-367b-4e26-9b6b-b1b187270996/datanode-1/data/ratis/51471921-283c-4286-944a-8e7d82f3657d/in_use.lock acquired by nodename 9944@ozone-wtfgh-1416927373
2019-06-13 04:13:49,505 INFO  server.RaftServerConfigKeys (ConfUtils.java:logGet(43)) - raft.server.log.use.memory = false (default)
2019-06-13 04:13:49,505 INFO  server.RaftServerConfigKeys (ConfUtils.java:logGet(43)) - raft.server.log.appender.buffer.byte-limit = 33554432 (custom)
2019-06-13 04:13:49,505 INFO  server.RaftServerConfigKeys (ConfUtils.java:logGet(43)) - raft.server.log.segment.size.max = 16384 (custom)
2019-06-13 04:13:49,505 INFO  server.RaftServerConfigKeys (ConfUtils.java:logGet(43)) - raft.server.log.segment.cache.num.max = 2 (custom)
2019-06-13 04:13:49,505 INFO  storage.RaftLogWorker (RaftLogWorker.java:<init>(123)) - new ad6b07d7-04c3-49e5-9f01-f2df2c981fe2-RaftLogWorker for Storage Directory /opt/src/hadoop-ozone/integration-test/target/test-dir/MiniOzoneClusterImpl-93a24cda-367b-4e26-9b6b-b1b187270996/datanode-2/data/ratis/51471921-283c-4286-944a-8e7d82f3657d
2019-06-13 04:13:49,505 INFO  server.RaftServerConfigKeys (ConfUtils.java:logGet(43)) - raft.server.log.queue.byte-limit = 2147483647 (custom)
2019-06-13 04:13:49,505 INFO  server.RaftServerConfigKeys (ConfUtils.java:logGet(43)) - raft.server.log.queue.element-limit = 1024 (custom)
2019-06-13 04:13:49,506 INFO  server.RaftServerConfigKeys (ConfUtils.java:logGet(43)) - raft.server.log.segment.size.max = 16384 (custom)
2019-06-13 04:13:49,506 INFO  server.RaftServerConfigKeys (ConfUtils.java:logGet(43)) - raft.server.log.preallocated.size = 16384 (custom)
2019-06-13 04:13:49,506 INFO  server.RaftServerConfigKeys (ConfUtils.java:logGet(43)) - raft.server.log.write.buffer.size = 33554432 (custom)
2019-06-13 04:13:49,507 INFO  server.RaftServerConfigKeys (ConfUtils.java:logGet(43)) - raft.server.log.force.sync.num = 128 (default)
2019-06-13 04:13:49,507 INFO  server.RaftServerConfigKeys (ConfUtils.java:logGet(43)) - raft.server.log.statemachine.data.sync = true (default)
2019-06-13 04:13:49,507 INFO  server.RaftServerConfigKeys (ConfUtils.java:logGet(43)) - raft.server.log.statemachine.data.sync.timeout = 10s (default)
2019-06-13 04:13:49,507 INFO  server.RaftServerConfigKeys (ConfUtils.java:logGet(43)) - raft.server.log.statemachine.data.sync.timeout.retry = -1 (default)
2019-06-13 04:13:49,505 INFO  server.RaftServerConfigKeys (ConfUtils.java:logGet(43)) - raft.server.log.appender.buffer.byte-limit = 33554432 (custom)
2019-06-13 04:13:49,507 INFO  server.RaftServerConfigKeys (ConfUtils.java:logGet(43)) - raft.server.log.statemachine.data.caching.enabled = true (custom)
2019-06-13 04:13:49,507 INFO  storage.RaftStorage (RaftStorage.java:format(75)) - Storage directory /opt/src/hadoop-ozone/integration-test/target/test-dir/MiniOzoneClusterImpl-93a24cda-367b-4e26-9b6b-b1b187270996/datanode-1/data/ratis/51471921-283c-4286-944a-8e7d82f3657d has been successfully formatted.
2019-06-13 04:13:49,508 INFO  ratis.ContainerStateMachine (ContainerStateMachine.java:loadSnapshot(199)) - The snapshot info is null.Setting the last applied index to:(t:0, i:~)
2019-06-13 04:13:49,508 INFO  server.RaftServerConfigKeys (ConfUtils.java:logGet(43)) - raft.server.leader.election.timeout = 10s (custom)
2019-06-13 04:13:49,508 INFO  server.RaftServerConfigKeys (ConfUtils.java:logGet(43)) - raft.server.log.use.memory = false (default)
2019-06-13 04:13:49,508 INFO  server.RaftServerConfigKeys (ConfUtils.java:logGet(43)) - raft.server.log.appender.buffer.byte-limit = 33554432 (custom)
2019-06-13 04:13:49,508 INFO  server.RaftServerConfigKeys (ConfUtils.java:logGet(43)) - raft.server.log.segment.size.max = 16384 (custom)
2019-06-13 04:13:49,508 INFO  server.RaftServerConfigKeys (ConfUtils.java:logGet(43)) - raft.server.log.segment.cache.num.max = 2 (custom)
2019-06-13 04:13:49,508 INFO  storage.RaftLogWorker (RaftLogWorker.java:<init>(123)) - new 62f68693-6f92-4418-a41c-5280685eb4f1-RaftLogWorker for Storage Directory /opt/src/hadoop-ozone/integration-test/target/test-dir/MiniOzoneClusterImpl-93a24cda-367b-4e26-9b6b-b1b187270996/datanode-1/data/ratis/51471921-283c-4286-944a-8e7d82f3657d
2019-06-13 04:13:49,508 INFO  server.RaftServerConfigKeys (ConfUtils.java:logGet(43)) - raft.server.log.queue.byte-limit = 2147483647 (custom)
2019-06-13 04:13:49,509 INFO  server.RaftServerConfigKeys (ConfUtils.java:logGet(43)) - raft.server.log.queue.element-limit = 1024 (custom)
2019-06-13 04:13:49,509 INFO  server.RaftServerConfigKeys (ConfUtils.java:logGet(43)) - raft.server.log.segment.size.max = 16384 (custom)
2019-06-13 04:13:49,509 INFO  server.RaftServerConfigKeys (ConfUtils.java:logGet(43)) - raft.server.log.preallocated.size = 16384 (custom)
2019-06-13 04:13:49,509 INFO  server.RaftServerConfigKeys (ConfUtils.java:logGet(43)) - raft.server.log.write.buffer.size = 33554432 (custom)
2019-06-13 04:13:49,509 INFO  server.RaftServerConfigKeys (ConfUtils.java:logGet(43)) - raft.server.log.force.sync.num = 128 (default)
2019-06-13 04:13:49,509 INFO  server.RaftServerConfigKeys (ConfUtils.java:logGet(43)) - raft.server.log.statemachine.data.sync = true (default)
2019-06-13 04:13:49,509 INFO  server.RaftServerConfigKeys (ConfUtils.java:logGet(43)) - raft.server.log.statemachine.data.sync.timeout = 10s (default)
2019-06-13 04:13:49,509 INFO  server.RaftServerConfigKeys (ConfUtils.java:logGet(43)) - raft.server.log.statemachine.data.sync.timeout.retry = -1 (default)
2019-06-13 04:13:49,509 INFO  server.RaftServerConfigKeys (ConfUtils.java:logGet(43)) - raft.server.log.statemachine.data.caching.enabled = true (custom)
2019-06-13 04:13:49,507 INFO  node.SCMNodeManager (SCMNodeManager.java:register(234)) - Registered Data node : 73c1602a-70ba-45cb-a82b-c90d379cdffa{ip: 192.168.11.211, host: ozone-wtfgh-1416927373, networkLocation: /default-rack, certSerialId: null}
2019-06-13 04:13:49,509 INFO  server.RaftServerConfigKeys (ConfUtils.java:logGet(43)) - raft.server.snapshot.auto.trigger.enabled = true (custom)
2019-06-13 04:13:49,510 INFO  server.RaftServerConfigKeys (ConfUtils.java:logGet(43)) - raft.server.snapshot.auto.trigger.threshold = 10000 (custom)
2019-06-13 04:13:49,510 INFO  server.RaftServerConfigKeys (ConfUtils.java:logGet(43)) - raft.server.retrycache.expirytime = 600000ms (custom)
2019-06-13 04:13:49,510 INFO  impl.RaftServerImpl (RaftServerImpl.java:start(173)) - 62f68693-6f92-4418-a41c-5280685eb4f1: start group-8E7D82F3657D
2019-06-13 04:13:49,510 INFO  impl.RaftServerImpl (RaftServerImpl.java:setRole(164)) - 62f68693-6f92-4418-a41c-5280685eb4f1:group-8E7D82F3657D changes role from null to FOLLOWER at term 0 for startAsFollower
2019-06-13 04:13:49,510 INFO  impl.RoleInfo (RoleInfo.java:updateAndGet(143)) - 62f68693-6f92-4418-a41c-5280685eb4f1: start FollowerState
2019-06-13 04:13:49,509 INFO  server.RaftServerConfigKeys (ConfUtils.java:logGet(43)) - raft.server.snapshot.auto.trigger.enabled = true (custom)
2019-06-13 04:13:49,510 INFO  server.RaftServerConfigKeys (ConfUtils.java:logGet(43)) - raft.server.snapshot.auto.trigger.threshold = 10000 (custom)
2019-06-13 04:13:49,511 INFO  server.RaftServerConfigKeys (ConfUtils.java:logGet(43)) - raft.server.retrycache.expirytime = 600000ms (custom)
2019-06-13 04:13:49,511 INFO  impl.RaftServerImpl (RaftServerImpl.java:start(173)) - ad6b07d7-04c3-49e5-9f01-f2df2c981fe2: start group-8E7D82F3657D
2019-06-13 04:13:49,511 INFO  impl.RaftServerImpl (RaftServerImpl.java:setRole(164)) - ad6b07d7-04c3-49e5-9f01-f2df2c981fe2:group-8E7D82F3657D changes role from null to FOLLOWER at term 0 for startAsFollower
2019-06-13 04:13:49,511 INFO  impl.RoleInfo (RoleInfo.java:updateAndGet(143)) - ad6b07d7-04c3-49e5-9f01-f2df2c981fe2: start FollowerState
2019-06-13 04:13:49,507 INFO  server.RaftServerConfigKeys (ConfUtils.java:logGet(43)) - raft.server.log.segment.size.max = 16384 (custom)
2019-06-13 04:13:49,510 INFO  util.JmxRegister (JmxRegister.java:tryRegister(44)) - Successfully registered JMX Bean with object name Ratis:service=RaftServer,group=group-8E7D82F3657D,id=62f68693-6f92-4418-a41c-5280685eb4f1
2019-06-13 04:13:49,511 INFO  util.JmxRegister (JmxRegister.java:tryRegister(44)) - Successfully registered JMX Bean with object name Ratis:service=RaftServer,group=group-8E7D82F3657D,id=ad6b07d7-04c3-49e5-9f01-f2df2c981fe2
2019-06-13 04:13:49,511 INFO  server.RaftServerConfigKeys (ConfUtils.java:logGet(43)) - raft.server.log.segment.cache.num.max = 2 (custom)
2019-06-13 04:13:49,511 INFO  storage.RaftLogWorker (RaftLogWorker.java:<init>(123)) - new 93f586eb-cf81-41d8-a230-385b3bf8807a-RaftLogWorker for Storage Directory /opt/src/hadoop-ozone/integration-test/target/test-dir/MiniOzoneClusterImpl-93a24cda-367b-4e26-9b6b-b1b187270996/datanode-0/data/ratis/51471921-283c-4286-944a-8e7d82f3657d
2019-06-13 04:13:49,511 INFO  server.RaftServerConfigKeys (ConfUtils.java:logGet(43)) - raft.server.log.queue.byte-limit = 2147483647 (custom)
2019-06-13 04:13:49,512 INFO  server.RaftServerConfigKeys (ConfUtils.java:logGet(43)) - raft.server.log.queue.element-limit = 1024 (custom)
2019-06-13 04:13:49,512 INFO  server.RaftServerConfigKeys (ConfUtils.java:logGet(43)) - raft.server.log.segment.size.max = 16384 (custom)
2019-06-13 04:13:49,512 INFO  server.RaftServerConfigKeys (ConfUtils.java:logGet(43)) - raft.server.log.preallocated.size = 16384 (custom)
2019-06-13 04:13:49,512 INFO  server.RaftServerConfigKeys (ConfUtils.java:logGet(43)) - raft.server.log.write.buffer.size = 33554432 (custom)
2019-06-13 04:13:49,512 INFO  server.RaftServerConfigKeys (ConfUtils.java:logGet(43)) - raft.server.log.force.sync.num = 128 (default)
2019-06-13 04:13:49,512 INFO  server.RaftServerConfigKeys (ConfUtils.java:logGet(43)) - raft.server.log.statemachine.data.sync = true (default)
2019-06-13 04:13:49,512 INFO  server.RaftServerConfigKeys (ConfUtils.java:logGet(43)) - raft.server.log.statemachine.data.sync.timeout = 10s (default)
2019-06-13 04:13:49,512 INFO  server.RaftServerConfigKeys (ConfUtils.java:logGet(43)) - raft.server.log.statemachine.data.sync.timeout.retry = -1 (default)
2019-06-13 04:13:49,512 INFO  server.RaftServerConfigKeys (ConfUtils.java:logGet(43)) - raft.server.log.statemachine.data.caching.enabled = true (custom)
2019-06-13 04:13:49,519 INFO  server.RaftServerConfigKeys (ConfUtils.java:logGet(43)) - raft.server.snapshot.auto.trigger.enabled = true (custom)
2019-06-13 04:13:49,519 INFO  server.RaftServerConfigKeys (ConfUtils.java:logGet(43)) - raft.server.snapshot.auto.trigger.threshold = 10000 (custom)
2019-06-13 04:13:49,519 INFO  server.RaftServerConfigKeys (ConfUtils.java:logGet(43)) - raft.server.retrycache.expirytime = 600000ms (custom)
2019-06-13 04:13:49,520 INFO  impl.RaftServerImpl (RaftServerImpl.java:start(173)) - 93f586eb-cf81-41d8-a230-385b3bf8807a: start group-8E7D82F3657D
2019-06-13 04:13:49,520 INFO  impl.RaftServerImpl (RaftServerImpl.java:setRole(164)) - 93f586eb-cf81-41d8-a230-385b3bf8807a:group-8E7D82F3657D changes role from null to FOLLOWER at term 0 for startAsFollower
2019-06-13 04:13:49,521 INFO  impl.RoleInfo (RoleInfo.java:updateAndGet(143)) - 93f586eb-cf81-41d8-a230-385b3bf8807a: start FollowerState
2019-06-13 04:13:49,522 INFO  util.JmxRegister (JmxRegister.java:tryRegister(44)) - Successfully registered JMX Bean with object name Ratis:service=RaftServer,group=group-8E7D82F3657D,id=93f586eb-cf81-41d8-a230-385b3bf8807a
2019-06-13 04:13:49,533 INFO  pipeline.PipelineStateManager (PipelineStateManager.java:addPipeline(56)) - Created pipeline Pipeline[ Id: 51471921-283c-4286-944a-8e7d82f3657d, Nodes: 62f68693-6f92-4418-a41c-5280685eb4f1{ip: 192.168.11.211, host: ozone-wtfgh-1416927373, networkLocation: /default-rack, certSerialId: null}93f586eb-cf81-41d8-a230-385b3bf8807a{ip: 192.168.11.211, host: ozone-wtfgh-1416927373, networkLocation: /default-rack, certSerialId: null}ad6b07d7-04c3-49e5-9f01-f2df2c981fe2{ip: 192.168.11.211, host: ozone-wtfgh-1416927373, networkLocation: /default-rack, certSerialId: null}, Type:RATIS, Factor:THREE, State:OPEN]
2019-06-13 04:13:49,555 INFO  impl.RaftServerProxy (RaftServerProxy.java:addNew(89)) - 73c1602a-70ba-45cb-a82b-c90d379cdffa: addNew group-A24E9CA13743:[73c1602a-70ba-45cb-a82b-c90d379cdffa:192.168.11.211:37247] returns group-A24E9CA13743:java.util.concurrent.CompletableFuture@4d5aeab8[Not completed]
2019-06-13 04:13:49,556 INFO  impl.RaftServerImpl (RaftServerImpl.java:<init>(91)) - 73c1602a-70ba-45cb-a82b-c90d379cdffa: new RaftServerImpl for group-A24E9CA13743:[73c1602a-70ba-45cb-a82b-c90d379cdffa:192.168.11.211:37247] with ContainerStateMachine:uninitialized
2019-06-13 04:13:49,557 INFO  server.RaftServerConfigKeys (ConfUtils.java:logGet(43)) - raft.server.rpc.timeout.min = 1s (custom)
2019-06-13 04:13:49,557 INFO  server.RaftServerConfigKeys (ConfUtils.java:logGet(43)) - raft.server.rpc.timeout.max = 1200ms (custom)
2019-06-13 04:13:49,557 INFO  server.RaftServerConfigKeys (ConfUtils.java:logGet(43)) - raft.server.rpcslowness.timeout = 10s (custom)
2019-06-13 04:13:49,557 INFO  server.RaftServerConfigKeys (ConfUtils.java:logGet(43)) - raft.server.log.appender.install.snapshot.enabled = true (default)
2019-06-13 04:13:49,557 INFO  impl.RaftServerImpl (ServerState.java:<init>(101)) - 73c1602a-70ba-45cb-a82b-c90d379cdffa:group-A24E9CA13743 ConfigurationManager, init=-1: [73c1602a-70ba-45cb-a82b-c90d379cdffa:192.168.11.211:37247], old=null, confs=<EMPTY_MAP>
2019-06-13 04:13:49,557 INFO  server.RaftServerConfigKeys (ConfUtils.java:logGet(43)) - raft.server.storage.dir = [/opt/src/hadoop-ozone/integration-test/target/test-dir/MiniOzoneClusterImpl-93a24cda-367b-4e26-9b6b-b1b187270996/datanode-3/data/ratis] (custom)
2019-06-13 04:13:49,558 INFO  storage.RaftStorageDirectory (RaftStorageDirectory.java:analyzeStorage(246)) - The storage directory /opt/src/hadoop-ozone/integration-test/target/test-dir/MiniOzoneClusterImpl-93a24cda-367b-4e26-9b6b-b1b187270996/datanode-3/data/ratis/79ede268-f2f5-42b3-be5c-a24e9ca13743 does not exist. Creating ...
2019-06-13 04:13:49,560 INFO  storage.RaftStorageDirectory (RaftStorageDirectory.java:tryLock(328)) - Lock on /opt/src/hadoop-ozone/integration-test/target/test-dir/MiniOzoneClusterImpl-93a24cda-367b-4e26-9b6b-b1b187270996/datanode-3/data/ratis/79ede268-f2f5-42b3-be5c-a24e9ca13743/in_use.lock acquired by nodename 9944@ozone-wtfgh-1416927373
2019-06-13 04:13:49,561 INFO  storage.RaftStorage (RaftStorage.java:format(75)) - Storage directory /opt/src/hadoop-ozone/integration-test/target/test-dir/MiniOzoneClusterImpl-93a24cda-367b-4e26-9b6b-b1b187270996/datanode-3/data/ratis/79ede268-f2f5-42b3-be5c-a24e9ca13743 has been successfully formatted.
2019-06-13 04:13:49,562 INFO  ratis.ContainerStateMachine (ContainerStateMachine.java:loadSnapshot(199)) - The snapshot info is null.Setting the last applied index to:(t:0, i:~)
2019-06-13 04:13:49,562 INFO  server.RaftServerConfigKeys (ConfUtils.java:logGet(43)) - raft.server.leader.election.timeout = 10s (custom)
2019-06-13 04:13:49,562 INFO  server.RaftServerConfigKeys (ConfUtils.java:logGet(43)) - raft.server.log.use.memory = false (default)
2019-06-13 04:13:49,562 INFO  server.RaftServerConfigKeys (ConfUtils.java:logGet(43)) - raft.server.log.appender.buffer.byte-limit = 33554432 (custom)
2019-06-13 04:13:49,562 INFO  server.RaftServerConfigKeys (ConfUtils.java:logGet(43)) - raft.server.log.segment.size.max = 16384 (custom)
2019-06-13 04:13:49,562 INFO  server.RaftServerConfigKeys (ConfUtils.java:logGet(43)) - raft.server.log.segment.cache.num.max = 2 (custom)
2019-06-13 04:13:49,562 INFO  storage.RaftLogWorker (RaftLogWorker.java:<init>(123)) - new 73c1602a-70ba-45cb-a82b-c90d379cdffa-RaftLogWorker for Storage Directory /opt/src/hadoop-ozone/integration-test/target/test-dir/MiniOzoneClusterImpl-93a24cda-367b-4e26-9b6b-b1b187270996/datanode-3/data/ratis/79ede268-f2f5-42b3-be5c-a24e9ca13743
2019-06-13 04:13:49,562 INFO  server.RaftServerConfigKeys (ConfUtils.java:logGet(43)) - raft.server.log.queue.byte-limit = 2147483647 (custom)
2019-06-13 04:13:49,562 INFO  server.RaftServerConfigKeys (ConfUtils.java:logGet(43)) - raft.server.log.queue.element-limit = 1024 (custom)
2019-06-13 04:13:49,562 INFO  server.RaftServerConfigKeys (ConfUtils.java:logGet(43)) - raft.server.log.segment.size.max = 16384 (custom)
2019-06-13 04:13:49,562 INFO  server.RaftServerConfigKeys (ConfUtils.java:logGet(43)) - raft.server.log.preallocated.size = 16384 (custom)
2019-06-13 04:13:49,562 INFO  server.RaftServerConfigKeys (ConfUtils.java:logGet(43)) - raft.server.log.write.buffer.size = 33554432 (custom)
2019-06-13 04:13:49,562 INFO  server.RaftServerConfigKeys (ConfUtils.java:logGet(43)) - raft.server.log.force.sync.num = 128 (default)
2019-06-13 04:13:49,563 INFO  server.RaftServerConfigKeys (ConfUtils.java:logGet(43)) - raft.server.log.statemachine.data.sync = true (default)
2019-06-13 04:13:49,563 INFO  server.RaftServerConfigKeys (ConfUtils.java:logGet(43)) - raft.server.log.statemachine.data.sync.timeout = 10s (default)
2019-06-13 04:13:49,563 INFO  server.RaftServerConfigKeys (ConfUtils.java:logGet(43)) - raft.server.log.statemachine.data.sync.timeout.retry = -1 (default)
2019-06-13 04:13:49,563 INFO  server.RaftServerConfigKeys (ConfUtils.java:logGet(43)) - raft.server.log.statemachine.data.caching.enabled = true (custom)
2019-06-13 04:13:49,563 INFO  server.RaftServerConfigKeys (ConfUtils.java:logGet(43)) - raft.server.snapshot.auto.trigger.enabled = true (custom)
2019-06-13 04:13:49,563 INFO  server.RaftServerConfigKeys (ConfUtils.java:logGet(43)) - raft.server.snapshot.auto.trigger.threshold = 10000 (custom)
2019-06-13 04:13:49,563 INFO  server.RaftServerConfigKeys (ConfUtils.java:logGet(43)) - raft.server.retrycache.expirytime = 600000ms (custom)
2019-06-13 04:13:49,563 INFO  impl.RaftServerImpl (RaftServerImpl.java:start(173)) - 73c1602a-70ba-45cb-a82b-c90d379cdffa: start group-A24E9CA13743
2019-06-13 04:13:49,563 INFO  impl.RaftServerImpl (RaftServerImpl.java:setRole(164)) - 73c1602a-70ba-45cb-a82b-c90d379cdffa:group-A24E9CA13743 changes role from null to FOLLOWER at term 0 for startAsFollower
2019-06-13 04:13:49,564 INFO  impl.RoleInfo (RoleInfo.java:updateAndGet(143)) - 73c1602a-70ba-45cb-a82b-c90d379cdffa: start FollowerState
2019-06-13 04:13:49,564 INFO  util.JmxRegister (JmxRegister.java:tryRegister(44)) - Successfully registered JMX Bean with object name Ratis:service=RaftServer,group=group-A24E9CA13743,id=73c1602a-70ba-45cb-a82b-c90d379cdffa
2019-06-13 04:13:49,572 INFO  pipeline.PipelineStateManager (PipelineStateManager.java:addPipeline(56)) - Created pipeline Pipeline[ Id: 79ede268-f2f5-42b3-be5c-a24e9ca13743, Nodes: 73c1602a-70ba-45cb-a82b-c90d379cdffa{ip: 192.168.11.211, host: ozone-wtfgh-1416927373, networkLocation: /default-rack, certSerialId: null}, Type:RATIS, Factor:ONE, State:OPEN]
2019-06-13 04:13:49,714 INFO  node.SCMNodeManager (SCMNodeManager.java:register(234)) - Registered Data node : 95364b6f-60ec-4f54-8b0b-5fd4c821b70b{ip: 192.168.11.211, host: ozone-wtfgh-1416927373, networkLocation: /default-rack, certSerialId: null}
2019-06-13 04:13:49,727 INFO  impl.RaftServerProxy (RaftServerProxy.java:addNew(89)) - 95364b6f-60ec-4f54-8b0b-5fd4c821b70b: addNew group-90A4D3B12C2A:[95364b6f-60ec-4f54-8b0b-5fd4c821b70b:192.168.11.211:36301] returns group-90A4D3B12C2A:java.util.concurrent.CompletableFuture@53017ca1[Not completed]
2019-06-13 04:13:49,728 INFO  impl.RaftServerImpl (RaftServerImpl.java:<init>(91)) - 95364b6f-60ec-4f54-8b0b-5fd4c821b70b: new RaftServerImpl for group-90A4D3B12C2A:[95364b6f-60ec-4f54-8b0b-5fd4c821b70b:192.168.11.211:36301] with ContainerStateMachine:uninitialized
2019-06-13 04:13:49,728 INFO  server.RaftServerConfigKeys (ConfUtils.java:logGet(43)) - raft.server.rpc.timeout.min = 1s (custom)
2019-06-13 04:13:49,728 INFO  server.RaftServerConfigKeys (ConfUtils.java:logGet(43)) - raft.server.rpc.timeout.max = 1200ms (custom)
2019-06-13 04:13:49,728 INFO  server.RaftServerConfigKeys (ConfUtils.java:logGet(43)) - raft.server.rpcslowness.timeout = 10s (custom)
2019-06-13 04:13:49,728 INFO  server.RaftServerConfigKeys (ConfUtils.java:logGet(43)) - raft.server.log.appender.install.snapshot.enabled = true (default)
2019-06-13 04:13:49,729 INFO  impl.RaftServerImpl (ServerState.java:<init>(101)) - 95364b6f-60ec-4f54-8b0b-5fd4c821b70b:group-90A4D3B12C2A ConfigurationManager, init=-1: [95364b6f-60ec-4f54-8b0b-5fd4c821b70b:192.168.11.211:36301], old=null, confs=<EMPTY_MAP>
2019-06-13 04:13:49,729 INFO  server.RaftServerConfigKeys (ConfUtils.java:logGet(43)) - raft.server.storage.dir = [/opt/src/hadoop-ozone/integration-test/target/test-dir/MiniOzoneClusterImpl-93a24cda-367b-4e26-9b6b-b1b187270996/datanode-4/data/ratis] (custom)
2019-06-13 04:13:49,729 INFO  storage.RaftStorageDirectory (RaftStorageDirectory.java:analyzeStorage(246)) - The storage directory /opt/src/hadoop-ozone/integration-test/target/test-dir/MiniOzoneClusterImpl-93a24cda-367b-4e26-9b6b-b1b187270996/datanode-4/data/ratis/7469938a-44e7-44b8-8fce-90a4d3b12c2a does not exist. Creating ...
2019-06-13 04:13:49,731 INFO  storage.RaftStorageDirectory (RaftStorageDirectory.java:tryLock(328)) - Lock on /opt/src/hadoop-ozone/integration-test/target/test-dir/MiniOzoneClusterImpl-93a24cda-367b-4e26-9b6b-b1b187270996/datanode-4/data/ratis/7469938a-44e7-44b8-8fce-90a4d3b12c2a/in_use.lock acquired by nodename 9944@ozone-wtfgh-1416927373
2019-06-13 04:13:49,733 INFO  storage.RaftStorage (RaftStorage.java:format(75)) - Storage directory /opt/src/hadoop-ozone/integration-test/target/test-dir/MiniOzoneClusterImpl-93a24cda-367b-4e26-9b6b-b1b187270996/datanode-4/data/ratis/7469938a-44e7-44b8-8fce-90a4d3b12c2a has been successfully formatted.
2019-06-13 04:13:49,733 INFO  ratis.ContainerStateMachine (ContainerStateMachine.java:loadSnapshot(199)) - The snapshot info is null.Setting the last applied index to:(t:0, i:~)
2019-06-13 04:13:49,733 INFO  server.RaftServerConfigKeys (ConfUtils.java:logGet(43)) - raft.server.leader.election.timeout = 10s (custom)
2019-06-13 04:13:49,733 INFO  server.RaftServerConfigKeys (ConfUtils.java:logGet(43)) - raft.server.log.use.memory = false (default)
2019-06-13 04:13:49,733 INFO  server.RaftServerConfigKeys (ConfUtils.java:logGet(43)) - raft.server.log.appender.buffer.byte-limit = 33554432 (custom)
2019-06-13 04:13:49,733 INFO  server.RaftServerConfigKeys (ConfUtils.java:logGet(43)) - raft.server.log.segment.size.max = 16384 (custom)
2019-06-13 04:13:49,733 INFO  server.RaftServerConfigKeys (ConfUtils.java:logGet(43)) - raft.server.log.segment.cache.num.max = 2 (custom)
2019-06-13 04:13:49,734 INFO  storage.RaftLogWorker (RaftLogWorker.java:<init>(123)) - new 95364b6f-60ec-4f54-8b0b-5fd4c821b70b-RaftLogWorker for Storage Directory /opt/src/hadoop-ozone/integration-test/target/test-dir/MiniOzoneClusterImpl-93a24cda-367b-4e26-9b6b-b1b187270996/datanode-4/data/ratis/7469938a-44e7-44b8-8fce-90a4d3b12c2a
2019-06-13 04:13:49,734 INFO  server.RaftServerConfigKeys (ConfUtils.java:logGet(43)) - raft.server.log.queue.byte-limit = 2147483647 (custom)
2019-06-13 04:13:49,734 INFO  server.RaftServerConfigKeys (ConfUtils.java:logGet(43)) - raft.server.log.queue.element-limit = 1024 (custom)
2019-06-13 04:13:49,734 INFO  server.RaftServerConfigKeys (ConfUtils.java:logGet(43)) - raft.server.log.segment.size.max = 16384 (custom)
2019-06-13 04:13:49,734 INFO  server.RaftServerConfigKeys (ConfUtils.java:logGet(43)) - raft.server.log.preallocated.size = 16384 (custom)
2019-06-13 04:13:49,734 INFO  server.RaftServerConfigKeys (ConfUtils.java:logGet(43)) - raft.server.log.write.buffer.size = 33554432 (custom)
2019-06-13 04:13:49,734 INFO  server.RaftServerConfigKeys (ConfUtils.java:logGet(43)) - raft.server.log.force.sync.num = 128 (default)
2019-06-13 04:13:49,734 INFO  server.RaftServerConfigKeys (ConfUtils.java:logGet(43)) - raft.server.log.statemachine.data.sync = true (default)
2019-06-13 04:13:49,734 INFO  server.RaftServerConfigKeys (ConfUtils.java:logGet(43)) - raft.server.log.statemachine.data.sync.timeout = 10s (default)
2019-06-13 04:13:49,734 INFO  server.RaftServerConfigKeys (ConfUtils.java:logGet(43)) - raft.server.log.statemachine.data.sync.timeout.retry = -1 (default)
2019-06-13 04:13:49,734 INFO  server.RaftServerConfigKeys (ConfUtils.java:logGet(43)) - raft.server.log.statemachine.data.caching.enabled = true (custom)
2019-06-13 04:13:49,735 INFO  server.RaftServerConfigKeys (ConfUtils.java:logGet(43)) - raft.server.snapshot.auto.trigger.enabled = true (custom)
2019-06-13 04:13:49,735 INFO  server.RaftServerConfigKeys (ConfUtils.java:logGet(43)) - raft.server.snapshot.auto.trigger.threshold = 10000 (custom)
2019-06-13 04:13:49,735 INFO  server.RaftServerConfigKeys (ConfUtils.java:logGet(43)) - raft.server.retrycache.expirytime = 600000ms (custom)
2019-06-13 04:13:49,735 INFO  impl.RaftServerImpl (RaftServerImpl.java:start(173)) - 95364b6f-60ec-4f54-8b0b-5fd4c821b70b: start group-90A4D3B12C2A
2019-06-13 04:13:49,735 INFO  impl.RaftServerImpl (RaftServerImpl.java:setRole(164)) - 95364b6f-60ec-4f54-8b0b-5fd4c821b70b:group-90A4D3B12C2A changes role from null to FOLLOWER at term 0 for startAsFollower
2019-06-13 04:13:49,735 INFO  impl.RoleInfo (RoleInfo.java:updateAndGet(143)) - 95364b6f-60ec-4f54-8b0b-5fd4c821b70b: start FollowerState
2019-06-13 04:13:49,735 INFO  util.JmxRegister (JmxRegister.java:tryRegister(44)) - Successfully registered JMX Bean with object name Ratis:service=RaftServer,group=group-90A4D3B12C2A,id=95364b6f-60ec-4f54-8b0b-5fd4c821b70b
2019-06-13 04:13:49,740 INFO  pipeline.PipelineStateManager (PipelineStateManager.java:addPipeline(56)) - Created pipeline Pipeline[ Id: 7469938a-44e7-44b8-8fce-90a4d3b12c2a, Nodes: 95364b6f-60ec-4f54-8b0b-5fd4c821b70b{ip: 192.168.11.211, host: ozone-wtfgh-1416927373, networkLocation: /default-rack, certSerialId: null}, Type:RATIS, Factor:ONE, State:OPEN]
2019-06-13 04:13:49,899 INFO  ozone.MiniOzoneClusterImpl (MiniOzoneClusterImpl.java:lambda$waitForClusterToBeReady$0(142)) - Waiting for cluster to be ready. Got 5 of 6 DN Heartbeats.
2019-06-13 04:13:49,906 INFO  node.SCMNodeManager (SCMNodeManager.java:register(234)) - Registered Data node : 38d9f5ed-691f-4259-8f5f-5e0eb2515c00{ip: 192.168.11.211, host: ozone-wtfgh-1416927373, networkLocation: /default-rack, certSerialId: null}
2019-06-13 04:13:49,917 INFO  impl.RaftServerProxy (RaftServerProxy.java:addNew(89)) - 38d9f5ed-691f-4259-8f5f-5e0eb2515c00: addNew group-695E4D312C28:[38d9f5ed-691f-4259-8f5f-5e0eb2515c00:192.168.11.211:37759] returns group-695E4D312C28:java.util.concurrent.CompletableFuture@1b926fa5[Not completed]
2019-06-13 04:13:49,917 INFO  impl.RaftServerImpl (RaftServerImpl.java:<init>(91)) - 38d9f5ed-691f-4259-8f5f-5e0eb2515c00: new RaftServerImpl for group-695E4D312C28:[38d9f5ed-691f-4259-8f5f-5e0eb2515c00:192.168.11.211:37759] with ContainerStateMachine:uninitialized
2019-06-13 04:13:49,918 INFO  server.RaftServerConfigKeys (ConfUtils.java:logGet(43)) - raft.server.rpc.timeout.min = 1s (custom)
2019-06-13 04:13:49,918 INFO  server.RaftServerConfigKeys (ConfUtils.java:logGet(43)) - raft.server.rpc.timeout.max = 1200ms (custom)
2019-06-13 04:13:49,918 INFO  server.RaftServerConfigKeys (ConfUtils.java:logGet(43)) - raft.server.rpcslowness.timeout = 10s (custom)
2019-06-13 04:13:49,918 INFO  server.RaftServerConfigKeys (ConfUtils.java:logGet(43)) - raft.server.log.appender.install.snapshot.enabled = true (default)
2019-06-13 04:13:49,918 INFO  impl.RaftServerImpl (ServerState.java:<init>(101)) - 38d9f5ed-691f-4259-8f5f-5e0eb2515c00:group-695E4D312C28 ConfigurationManager, init=-1: [38d9f5ed-691f-4259-8f5f-5e0eb2515c00:192.168.11.211:37759], old=null, confs=<EMPTY_MAP>
2019-06-13 04:13:49,918 INFO  server.RaftServerConfigKeys (ConfUtils.java:logGet(43)) - raft.server.storage.dir = [/opt/src/hadoop-ozone/integration-test/target/test-dir/MiniOzoneClusterImpl-93a24cda-367b-4e26-9b6b-b1b187270996/datanode-5/data/ratis] (custom)
2019-06-13 04:13:49,918 INFO  storage.RaftStorageDirectory (RaftStorageDirectory.java:analyzeStorage(246)) - The storage directory /opt/src/hadoop-ozone/integration-test/target/test-dir/MiniOzoneClusterImpl-93a24cda-367b-4e26-9b6b-b1b187270996/datanode-5/data/ratis/96a282c8-f784-4a27-adaf-695e4d312c28 does not exist. Creating ...
2019-06-13 04:13:49,921 INFO  storage.RaftStorageDirectory (RaftStorageDirectory.java:tryLock(328)) - Lock on /opt/src/hadoop-ozone/integration-test/target/test-dir/MiniOzoneClusterImpl-93a24cda-367b-4e26-9b6b-b1b187270996/datanode-5/data/ratis/96a282c8-f784-4a27-adaf-695e4d312c28/in_use.lock acquired by nodename 9944@ozone-wtfgh-1416927373
2019-06-13 04:13:49,923 INFO  storage.RaftStorage (RaftStorage.java:format(75)) - Storage directory /opt/src/hadoop-ozone/integration-test/target/test-dir/MiniOzoneClusterImpl-93a24cda-367b-4e26-9b6b-b1b187270996/datanode-5/data/ratis/96a282c8-f784-4a27-adaf-695e4d312c28 has been successfully formatted.
2019-06-13 04:13:49,923 INFO  ratis.ContainerStateMachine (ContainerStateMachine.java:loadSnapshot(199)) - The snapshot info is null.Setting the last applied index to:(t:0, i:~)
2019-06-13 04:13:49,923 INFO  server.RaftServerConfigKeys (ConfUtils.java:logGet(43)) - raft.server.leader.election.timeout = 10s (custom)
2019-06-13 04:13:49,923 INFO  server.RaftServerConfigKeys (ConfUtils.java:logGet(43)) - raft.server.log.use.memory = false (default)
2019-06-13 04:13:49,923 INFO  server.RaftServerConfigKeys (ConfUtils.java:logGet(43)) - raft.server.log.appender.buffer.byte-limit = 33554432 (custom)
2019-06-13 04:13:49,923 INFO  server.RaftServerConfigKeys (ConfUtils.java:logGet(43)) - raft.server.log.segment.size.max = 16384 (custom)
2019-06-13 04:13:49,923 INFO  server.RaftServerConfigKeys (ConfUtils.java:logGet(43)) - raft.server.log.segment.cache.num.max = 2 (custom)
2019-06-13 04:13:49,924 INFO  storage.RaftLogWorker (RaftLogWorker.java:<init>(123)) - new 38d9f5ed-691f-4259-8f5f-5e0eb2515c00-RaftLogWorker for Storage Directory /opt/src/hadoop-ozone/integration-test/target/test-dir/MiniOzoneClusterImpl-93a24cda-367b-4e26-9b6b-b1b187270996/datanode-5/data/ratis/96a282c8-f784-4a27-adaf-695e4d312c28
2019-06-13 04:13:49,924 INFO  server.RaftServerConfigKeys (ConfUtils.java:logGet(43)) - raft.server.log.queue.byte-limit = 2147483647 (custom)
2019-06-13 04:13:49,924 INFO  server.RaftServerConfigKeys (ConfUtils.java:logGet(43)) - raft.server.log.queue.element-limit = 1024 (custom)
2019-06-13 04:13:49,924 INFO  server.RaftServerConfigKeys (ConfUtils.java:logGet(43)) - raft.server.log.segment.size.max = 16384 (custom)
2019-06-13 04:13:49,924 INFO  server.RaftServerConfigKeys (ConfUtils.java:logGet(43)) - raft.server.log.preallocated.size = 16384 (custom)
2019-06-13 04:13:49,924 INFO  server.RaftServerConfigKeys (ConfUtils.java:logGet(43)) - raft.server.log.write.buffer.size = 33554432 (custom)
2019-06-13 04:13:49,924 INFO  server.RaftServerConfigKeys (ConfUtils.java:logGet(43)) - raft.server.log.force.sync.num = 128 (default)
2019-06-13 04:13:49,924 INFO  server.RaftServerConfigKeys (ConfUtils.java:logGet(43)) - raft.server.log.statemachine.data.sync = true (default)
2019-06-13 04:13:49,924 INFO  server.RaftServerConfigKeys (ConfUtils.java:logGet(43)) - raft.server.log.statemachine.data.sync.timeout = 10s (default)
2019-06-13 04:13:49,924 INFO  server.RaftServerConfigKeys (ConfUtils.java:logGet(43)) - raft.server.log.statemachine.data.sync.timeout.retry = -1 (default)
2019-06-13 04:13:49,924 INFO  server.RaftServerConfigKeys (ConfUtils.java:logGet(43)) - raft.server.log.statemachine.data.caching.enabled = true (custom)
2019-06-13 04:13:49,925 INFO  server.RaftServerConfigKeys (ConfUtils.java:logGet(43)) - raft.server.snapshot.auto.trigger.enabled = true (custom)
2019-06-13 04:13:49,925 INFO  server.RaftServerConfigKeys (ConfUtils.java:logGet(43)) - raft.server.snapshot.auto.trigger.threshold = 10000 (custom)
2019-06-13 04:13:49,925 INFO  server.RaftServerConfigKeys (ConfUtils.java:logGet(43)) - raft.server.retrycache.expirytime = 600000ms (custom)
2019-06-13 04:13:49,925 INFO  impl.RaftServerImpl (RaftServerImpl.java:start(173)) - 38d9f5ed-691f-4259-8f5f-5e0eb2515c00: start group-695E4D312C28
2019-06-13 04:13:49,925 INFO  impl.RaftServerImpl (RaftServerImpl.java:setRole(164)) - 38d9f5ed-691f-4259-8f5f-5e0eb2515c00:group-695E4D312C28 changes role from null to FOLLOWER at term 0 for startAsFollower
2019-06-13 04:13:49,925 INFO  impl.RoleInfo (RoleInfo.java:updateAndGet(143)) - 38d9f5ed-691f-4259-8f5f-5e0eb2515c00: start FollowerState
2019-06-13 04:13:49,925 INFO  util.JmxRegister (JmxRegister.java:tryRegister(44)) - Successfully registered JMX Bean with object name Ratis:service=RaftServer,group=group-695E4D312C28,id=38d9f5ed-691f-4259-8f5f-5e0eb2515c00
2019-06-13 04:13:49,929 INFO  pipeline.PipelineStateManager (PipelineStateManager.java:addPipeline(56)) - Created pipeline Pipeline[ Id: 96a282c8-f784-4a27-adaf-695e4d312c28, Nodes: 38d9f5ed-691f-4259-8f5f-5e0eb2515c00{ip: 192.168.11.211, host: ozone-wtfgh-1416927373, networkLocation: /default-rack, certSerialId: null}, Type:RATIS, Factor:ONE, State:OPEN]
2019-06-13 04:13:49,946 INFO  impl.RaftServerProxy (RaftServerProxy.java:addNew(89)) - 38d9f5ed-691f-4259-8f5f-5e0eb2515c00: addNew group-85458A2AC43D:[73c1602a-70ba-45cb-a82b-c90d379cdffa:192.168.11.211:37247, 95364b6f-60ec-4f54-8b0b-5fd4c821b70b:192.168.11.211:36301, 38d9f5ed-691f-4259-8f5f-5e0eb2515c00:192.168.11.211:37759] returns group-85458A2AC43D:java.util.concurrent.CompletableFuture@7154c5b8[Not completed]
2019-06-13 04:13:49,946 INFO  impl.RaftServerProxy (RaftServerProxy.java:addNew(89)) - 95364b6f-60ec-4f54-8b0b-5fd4c821b70b: addNew group-85458A2AC43D:[73c1602a-70ba-45cb-a82b-c90d379cdffa:192.168.11.211:37247, 95364b6f-60ec-4f54-8b0b-5fd4c821b70b:192.168.11.211:36301, 38d9f5ed-691f-4259-8f5f-5e0eb2515c00:192.168.11.211:37759] returns group-85458A2AC43D:java.util.concurrent.CompletableFuture@507bc05b[Not completed]
2019-06-13 04:13:49,946 INFO  impl.RaftServerProxy (RaftServerProxy.java:addNew(89)) - 73c1602a-70ba-45cb-a82b-c90d379cdffa: addNew group-85458A2AC43D:[73c1602a-70ba-45cb-a82b-c90d379cdffa:192.168.11.211:37247, 95364b6f-60ec-4f54-8b0b-5fd4c821b70b:192.168.11.211:36301, 38d9f5ed-691f-4259-8f5f-5e0eb2515c00:192.168.11.211:37759] returns group-85458A2AC43D:java.util.concurrent.CompletableFuture@1cb3b1c3[Not completed]
2019-06-13 04:13:49,947 INFO  impl.RaftServerImpl (RaftServerImpl.java:<init>(91)) - 73c1602a-70ba-45cb-a82b-c90d379cdffa: new RaftServerImpl for group-85458A2AC43D:[73c1602a-70ba-45cb-a82b-c90d379cdffa:192.168.11.211:37247, 95364b6f-60ec-4f54-8b0b-5fd4c821b70b:192.168.11.211:36301, 38d9f5ed-691f-4259-8f5f-5e0eb2515c00:192.168.11.211:37759] with ContainerStateMachine:uninitialized
2019-06-13 04:13:49,947 INFO  server.RaftServerConfigKeys (ConfUtils.java:logGet(43)) - raft.server.rpc.timeout.min = 1s (custom)
2019-06-13 04:13:49,947 INFO  server.RaftServerConfigKeys (ConfUtils.java:logGet(43)) - raft.server.rpc.timeout.max = 1200ms (custom)
2019-06-13 04:13:49,947 INFO  server.RaftServerConfigKeys (ConfUtils.java:logGet(43)) - raft.server.rpcslowness.timeout = 10s (custom)
2019-06-13 04:13:49,947 INFO  server.RaftServerConfigKeys (ConfUtils.java:logGet(43)) - raft.server.log.appender.install.snapshot.enabled = true (default)
2019-06-13 04:13:49,947 INFO  impl.RaftServerImpl (ServerState.java:<init>(101)) - 73c1602a-70ba-45cb-a82b-c90d379cdffa:group-85458A2AC43D ConfigurationManager, init=-1: [73c1602a-70ba-45cb-a82b-c90d379cdffa:192.168.11.211:37247, 95364b6f-60ec-4f54-8b0b-5fd4c821b70b:192.168.11.211:36301, 38d9f5ed-691f-4259-8f5f-5e0eb2515c00:192.168.11.211:37759], old=null, confs=<EMPTY_MAP>
2019-06-13 04:13:49,948 INFO  server.RaftServerConfigKeys (ConfUtils.java:logGet(43)) - raft.server.storage.dir = [/opt/src/hadoop-ozone/integration-test/target/test-dir/MiniOzoneClusterImpl-93a24cda-367b-4e26-9b6b-b1b187270996/datanode-3/data/ratis] (custom)
2019-06-13 04:13:49,948 INFO  storage.RaftStorageDirectory (RaftStorageDirectory.java:analyzeStorage(246)) - The storage directory /opt/src/hadoop-ozone/integration-test/target/test-dir/MiniOzoneClusterImpl-93a24cda-367b-4e26-9b6b-b1b187270996/datanode-3/data/ratis/841e35b5-e34e-4467-8405-85458a2ac43d does not exist. Creating ...
2019-06-13 04:13:49,949 INFO  impl.RaftServerImpl (RaftServerImpl.java:<init>(91)) - 95364b6f-60ec-4f54-8b0b-5fd4c821b70b: new RaftServerImpl for group-85458A2AC43D:[73c1602a-70ba-45cb-a82b-c90d379cdffa:192.168.11.211:37247, 95364b6f-60ec-4f54-8b0b-5fd4c821b70b:192.168.11.211:36301, 38d9f5ed-691f-4259-8f5f-5e0eb2515c00:192.168.11.211:37759] with ContainerStateMachine:uninitialized
2019-06-13 04:13:49,949 INFO  server.RaftServerConfigKeys (ConfUtils.java:logGet(43)) - raft.server.rpc.timeout.min = 1s (custom)
2019-06-13 04:13:49,949 INFO  server.RaftServerConfigKeys (ConfUtils.java:logGet(43)) - raft.server.rpc.timeout.max = 1200ms (custom)
2019-06-13 04:13:49,949 INFO  server.RaftServerConfigKeys (ConfUtils.java:logGet(43)) - raft.server.rpcslowness.timeout = 10s (custom)
2019-06-13 04:13:49,949 INFO  server.RaftServerConfigKeys (ConfUtils.java:logGet(43)) - raft.server.log.appender.install.snapshot.enabled = true (default)
2019-06-13 04:13:49,949 INFO  impl.RaftServerImpl (ServerState.java:<init>(101)) - 95364b6f-60ec-4f54-8b0b-5fd4c821b70b:group-85458A2AC43D ConfigurationManager, init=-1: [73c1602a-70ba-45cb-a82b-c90d379cdffa:192.168.11.211:37247, 95364b6f-60ec-4f54-8b0b-5fd4c821b70b:192.168.11.211:36301, 38d9f5ed-691f-4259-8f5f-5e0eb2515c00:192.168.11.211:37759], old=null, confs=<EMPTY_MAP>
2019-06-13 04:13:49,949 INFO  impl.RaftServerImpl (RaftServerImpl.java:<init>(91)) - 38d9f5ed-691f-4259-8f5f-5e0eb2515c00: new RaftServerImpl for group-85458A2AC43D:[73c1602a-70ba-45cb-a82b-c90d379cdffa:192.168.11.211:37247, 95364b6f-60ec-4f54-8b0b-5fd4c821b70b:192.168.11.211:36301, 38d9f5ed-691f-4259-8f5f-5e0eb2515c00:192.168.11.211:37759] with ContainerStateMachine:uninitialized
2019-06-13 04:13:49,949 INFO  server.RaftServerConfigKeys (ConfUtils.java:logGet(43)) - raft.server.storage.dir = [/opt/src/hadoop-ozone/integration-test/target/test-dir/MiniOzoneClusterImpl-93a24cda-367b-4e26-9b6b-b1b187270996/datanode-4/data/ratis] (custom)
2019-06-13 04:13:49,949 INFO  server.RaftServerConfigKeys (ConfUtils.java:logGet(43)) - raft.server.rpc.timeout.min = 1s (custom)
2019-06-13 04:13:49,950 INFO  server.RaftServerConfigKeys (ConfUtils.java:logGet(43)) - raft.server.rpc.timeout.max = 1200ms (custom)
2019-06-13 04:13:49,950 INFO  storage.RaftStorageDirectory (RaftStorageDirectory.java:analyzeStorage(246)) - The storage directory /opt/src/hadoop-ozone/integration-test/target/test-dir/MiniOzoneClusterImpl-93a24cda-367b-4e26-9b6b-b1b187270996/datanode-4/data/ratis/841e35b5-e34e-4467-8405-85458a2ac43d does not exist. Creating ...
2019-06-13 04:13:49,950 INFO  server.RaftServerConfigKeys (ConfUtils.java:logGet(43)) - raft.server.rpcslowness.timeout = 10s (custom)
2019-06-13 04:13:49,950 INFO  server.RaftServerConfigKeys (ConfUtils.java:logGet(43)) - raft.server.log.appender.install.snapshot.enabled = true (default)
2019-06-13 04:13:49,950 INFO  impl.RaftServerImpl (ServerState.java:<init>(101)) - 38d9f5ed-691f-4259-8f5f-5e0eb2515c00:group-85458A2AC43D ConfigurationManager, init=-1: [73c1602a-70ba-45cb-a82b-c90d379cdffa:192.168.11.211:37247, 95364b6f-60ec-4f54-8b0b-5fd4c821b70b:192.168.11.211:36301, 38d9f5ed-691f-4259-8f5f-5e0eb2515c00:192.168.11.211:37759], old=null, confs=<EMPTY_MAP>
2019-06-13 04:13:49,950 INFO  server.RaftServerConfigKeys (ConfUtils.java:logGet(43)) - raft.server.storage.dir = [/opt/src/hadoop-ozone/integration-test/target/test-dir/MiniOzoneClusterImpl-93a24cda-367b-4e26-9b6b-b1b187270996/datanode-5/data/ratis] (custom)
2019-06-13 04:13:49,950 INFO  storage.RaftStorageDirectory (RaftStorageDirectory.java:analyzeStorage(246)) - The storage directory /opt/src/hadoop-ozone/integration-test/target/test-dir/MiniOzoneClusterImpl-93a24cda-367b-4e26-9b6b-b1b187270996/datanode-5/data/ratis/841e35b5-e34e-4467-8405-85458a2ac43d does not exist. Creating ...
2019-06-13 04:13:49,951 INFO  storage.RaftStorageDirectory (RaftStorageDirectory.java:tryLock(328)) - Lock on /opt/src/hadoop-ozone/integration-test/target/test-dir/MiniOzoneClusterImpl-93a24cda-367b-4e26-9b6b-b1b187270996/datanode-3/data/ratis/841e35b5-e34e-4467-8405-85458a2ac43d/in_use.lock acquired by nodename 9944@ozone-wtfgh-1416927373
2019-06-13 04:13:49,952 INFO  storage.RaftStorageDirectory (RaftStorageDirectory.java:tryLock(328)) - Lock on /opt/src/hadoop-ozone/integration-test/target/test-dir/MiniOzoneClusterImpl-93a24cda-367b-4e26-9b6b-b1b187270996/datanode-4/data/ratis/841e35b5-e34e-4467-8405-85458a2ac43d/in_use.lock acquired by nodename 9944@ozone-wtfgh-1416927373
2019-06-13 04:13:49,953 INFO  storage.RaftStorage (RaftStorage.java:format(75)) - Storage directory /opt/src/hadoop-ozone/integration-test/target/test-dir/MiniOzoneClusterImpl-93a24cda-367b-4e26-9b6b-b1b187270996/datanode-3/data/ratis/841e35b5-e34e-4467-8405-85458a2ac43d has been successfully formatted.
2019-06-13 04:13:49,953 INFO  ratis.ContainerStateMachine (ContainerStateMachine.java:loadSnapshot(199)) - The snapshot info is null.Setting the last applied index to:(t:0, i:~)
2019-06-13 04:13:49,954 INFO  server.RaftServerConfigKeys (ConfUtils.java:logGet(43)) - raft.server.leader.election.timeout = 10s (custom)
2019-06-13 04:13:49,954 INFO  server.RaftServerConfigKeys (ConfUtils.java:logGet(43)) - raft.server.log.use.memory = false (default)
2019-06-13 04:13:49,954 INFO  server.RaftServerConfigKeys (ConfUtils.java:logGet(43)) - raft.server.log.appender.buffer.byte-limit = 33554432 (custom)
2019-06-13 04:13:49,954 INFO  server.RaftServerConfigKeys (ConfUtils.java:logGet(43)) - raft.server.log.segment.size.max = 16384 (custom)
2019-06-13 04:13:49,954 INFO  server.RaftServerConfigKeys (ConfUtils.java:logGet(43)) - raft.server.log.segment.cache.num.max = 2 (custom)
2019-06-13 04:13:49,954 INFO  storage.RaftLogWorker (RaftLogWorker.java:<init>(123)) - new 73c1602a-70ba-45cb-a82b-c90d379cdffa-RaftLogWorker for Storage Directory /opt/src/hadoop-ozone/integration-test/target/test-dir/MiniOzoneClusterImpl-93a24cda-367b-4e26-9b6b-b1b187270996/datanode-3/data/ratis/841e35b5-e34e-4467-8405-85458a2ac43d
2019-06-13 04:13:49,954 INFO  server.RaftServerConfigKeys (ConfUtils.java:logGet(43)) - raft.server.log.queue.byte-limit = 2147483647 (custom)
2019-06-13 04:13:49,954 INFO  server.RaftServerConfigKeys (ConfUtils.java:logGet(43)) - raft.server.log.queue.element-limit = 1024 (custom)
2019-06-13 04:13:49,954 INFO  server.RaftServerConfigKeys (ConfUtils.java:logGet(43)) - raft.server.log.segment.size.max = 16384 (custom)
2019-06-13 04:13:49,955 INFO  server.RaftServerConfigKeys (ConfUtils.java:logGet(43)) - raft.server.log.preallocated.size = 16384 (custom)
2019-06-13 04:13:49,955 INFO  server.RaftServerConfigKeys (ConfUtils.java:logGet(43)) - raft.server.log.write.buffer.size = 33554432 (custom)
2019-06-13 04:13:49,955 INFO  server.RaftServerConfigKeys (ConfUtils.java:logGet(43)) - raft.server.log.force.sync.num = 128 (default)
2019-06-13 04:13:49,955 INFO  server.RaftServerConfigKeys (ConfUtils.java:logGet(43)) - raft.server.log.statemachine.data.sync = true (default)
2019-06-13 04:13:49,955 INFO  server.RaftServerConfigKeys (ConfUtils.java:logGet(43)) - raft.server.log.statemachine.data.sync.timeout = 10s (default)
2019-06-13 04:13:49,955 INFO  server.RaftServerConfigKeys (ConfUtils.java:logGet(43)) - raft.server.log.statemachine.data.sync.timeout.retry = -1 (default)
2019-06-13 04:13:49,955 INFO  server.RaftServerConfigKeys (ConfUtils.java:logGet(43)) - raft.server.log.statemachine.data.caching.enabled = true (custom)
2019-06-13 04:13:49,955 INFO  storage.RaftStorage (RaftStorage.java:format(75)) - Storage directory /opt/src/hadoop-ozone/integration-test/target/test-dir/MiniOzoneClusterImpl-93a24cda-367b-4e26-9b6b-b1b187270996/datanode-4/data/ratis/841e35b5-e34e-4467-8405-85458a2ac43d has been successfully formatted.
2019-06-13 04:13:49,956 INFO  ratis.ContainerStateMachine (ContainerStateMachine.java:loadSnapshot(199)) - The snapshot info is null.Setting the last applied index to:(t:0, i:~)
2019-06-13 04:13:49,956 INFO  server.RaftServerConfigKeys (ConfUtils.java:logGet(43)) - raft.server.leader.election.timeout = 10s (custom)
2019-06-13 04:13:49,956 INFO  server.RaftServerConfigKeys (ConfUtils.java:logGet(43)) - raft.server.log.use.memory = false (default)
2019-06-13 04:13:49,956 INFO  server.RaftServerConfigKeys (ConfUtils.java:logGet(43)) - raft.server.log.appender.buffer.byte-limit = 33554432 (custom)
2019-06-13 04:13:49,956 INFO  server.RaftServerConfigKeys (ConfUtils.java:logGet(43)) - raft.server.log.segment.size.max = 16384 (custom)
2019-06-13 04:13:49,956 INFO  server.RaftServerConfigKeys (ConfUtils.java:logGet(43)) - raft.server.log.segment.cache.num.max = 2 (custom)
2019-06-13 04:13:49,956 INFO  storage.RaftLogWorker (RaftLogWorker.java:<init>(123)) - new 95364b6f-60ec-4f54-8b0b-5fd4c821b70b-RaftLogWorker for Storage Directory /opt/src/hadoop-ozone/integration-test/target/test-dir/MiniOzoneClusterImpl-93a24cda-367b-4e26-9b6b-b1b187270996/datanode-4/data/ratis/841e35b5-e34e-4467-8405-85458a2ac43d
2019-06-13 04:13:49,957 INFO  server.RaftServerConfigKeys (ConfUtils.java:logGet(43)) - raft.server.log.queue.byte-limit = 2147483647 (custom)
2019-06-13 04:13:49,957 INFO  server.RaftServerConfigKeys (ConfUtils.java:logGet(43)) - raft.server.log.queue.element-limit = 1024 (custom)
2019-06-13 04:13:49,957 INFO  server.RaftServerConfigKeys (ConfUtils.java:logGet(43)) - raft.server.log.segment.size.max = 16384 (custom)
2019-06-13 04:13:49,957 INFO  server.RaftServerConfigKeys (ConfUtils.java:logGet(43)) - raft.server.log.preallocated.size = 16384 (custom)
2019-06-13 04:13:49,957 INFO  server.RaftServerConfigKeys (ConfUtils.java:logGet(43)) - raft.server.log.write.buffer.size = 33554432 (custom)
2019-06-13 04:13:49,957 INFO  server.RaftServerConfigKeys (ConfUtils.java:logGet(43)) - raft.server.log.force.sync.num = 128 (default)
2019-06-13 04:13:49,957 INFO  server.RaftServerConfigKeys (ConfUtils.java:logGet(43)) - raft.server.log.statemachine.data.sync = true (default)
2019-06-13 04:13:49,957 INFO  server.RaftServerConfigKeys (ConfUtils.java:logGet(43)) - raft.server.log.statemachine.data.sync.timeout = 10s (default)
2019-06-13 04:13:49,957 INFO  server.RaftServerConfigKeys (ConfUtils.java:logGet(43)) - raft.server.log.statemachine.data.sync.timeout.retry = -1 (default)
2019-06-13 04:13:49,957 INFO  storage.RaftStorageDirectory (RaftStorageDirectory.java:tryLock(328)) - Lock on /opt/src/hadoop-ozone/integration-test/target/test-dir/MiniOzoneClusterImpl-93a24cda-367b-4e26-9b6b-b1b187270996/datanode-5/data/ratis/841e35b5-e34e-4467-8405-85458a2ac43d/in_use.lock acquired by nodename 9944@ozone-wtfgh-1416927373
2019-06-13 04:13:49,959 INFO  server.RaftServerConfigKeys (ConfUtils.java:logGet(43)) - raft.server.log.statemachine.data.caching.enabled = true (custom)
2019-06-13 04:13:49,959 INFO  server.RaftServerConfigKeys (ConfUtils.java:logGet(43)) - raft.server.snapshot.auto.trigger.enabled = true (custom)
2019-06-13 04:13:49,959 INFO  server.RaftServerConfigKeys (ConfUtils.java:logGet(43)) - raft.server.snapshot.auto.trigger.threshold = 10000 (custom)
2019-06-13 04:13:49,959 INFO  server.RaftServerConfigKeys (ConfUtils.java:logGet(43)) - raft.server.retrycache.expirytime = 600000ms (custom)
2019-06-13 04:13:49,959 INFO  impl.RaftServerImpl (RaftServerImpl.java:start(173)) - 73c1602a-70ba-45cb-a82b-c90d379cdffa: start group-85458A2AC43D
2019-06-13 04:13:49,959 INFO  impl.RaftServerImpl (RaftServerImpl.java:setRole(164)) - 73c1602a-70ba-45cb-a82b-c90d379cdffa:group-85458A2AC43D changes role from null to FOLLOWER at term 0 for startAsFollower
2019-06-13 04:13:49,959 INFO  impl.RoleInfo (RoleInfo.java:updateAndGet(143)) - 73c1602a-70ba-45cb-a82b-c90d379cdffa: start FollowerState
2019-06-13 04:13:49,960 INFO  storage.RaftStorage (RaftStorage.java:format(75)) - Storage directory /opt/src/hadoop-ozone/integration-test/target/test-dir/MiniOzoneClusterImpl-93a24cda-367b-4e26-9b6b-b1b187270996/datanode-5/data/ratis/841e35b5-e34e-4467-8405-85458a2ac43d has been successfully formatted.
2019-06-13 04:13:49,960 INFO  ratis.ContainerStateMachine (ContainerStateMachine.java:loadSnapshot(199)) - The snapshot info is null.Setting the last applied index to:(t:0, i:~)
2019-06-13 04:13:49,960 INFO  server.RaftServerConfigKeys (ConfUtils.java:logGet(43)) - raft.server.leader.election.timeout = 10s (custom)
2019-06-13 04:13:49,960 INFO  server.RaftServerConfigKeys (ConfUtils.java:logGet(43)) - raft.server.log.use.memory = false (default)
2019-06-13 04:13:49,960 INFO  server.RaftServerConfigKeys (ConfUtils.java:logGet(43)) - raft.server.log.appender.buffer.byte-limit = 33554432 (custom)
2019-06-13 04:13:49,960 INFO  server.RaftServerConfigKeys (ConfUtils.java:logGet(43)) - raft.server.log.segment.size.max = 16384 (custom)
2019-06-13 04:13:49,960 INFO  server.RaftServerConfigKeys (ConfUtils.java:logGet(43)) - raft.server.log.segment.cache.num.max = 2 (custom)
2019-06-13 04:13:49,960 INFO  storage.RaftLogWorker (RaftLogWorker.java:<init>(123)) - new 38d9f5ed-691f-4259-8f5f-5e0eb2515c00-RaftLogWorker for Storage Directory /opt/src/hadoop-ozone/integration-test/target/test-dir/MiniOzoneClusterImpl-93a24cda-367b-4e26-9b6b-b1b187270996/datanode-5/data/ratis/841e35b5-e34e-4467-8405-85458a2ac43d
2019-06-13 04:13:49,960 INFO  server.RaftServerConfigKeys (ConfUtils.java:logGet(43)) - raft.server.log.queue.byte-limit = 2147483647 (custom)
2019-06-13 04:13:49,960 INFO  server.RaftServerConfigKeys (ConfUtils.java:logGet(43)) - raft.server.log.queue.element-limit = 1024 (custom)
2019-06-13 04:13:49,960 INFO  server.RaftServerConfigKeys (ConfUtils.java:logGet(43)) - raft.server.log.segment.size.max = 16384 (custom)
2019-06-13 04:13:49,960 INFO  server.RaftServerConfigKeys (ConfUtils.java:logGet(43)) - raft.server.log.preallocated.size = 16384 (custom)
2019-06-13 04:13:49,961 INFO  server.RaftServerConfigKeys (ConfUtils.java:logGet(43)) - raft.server.log.write.buffer.size = 33554432 (custom)
2019-06-13 04:13:49,961 INFO  server.RaftServerConfigKeys (ConfUtils.java:logGet(43)) - raft.server.log.force.sync.num = 128 (default)
2019-06-13 04:13:49,961 INFO  server.RaftServerConfigKeys (ConfUtils.java:logGet(43)) - raft.server.log.statemachine.data.sync = true (default)
2019-06-13 04:13:49,961 INFO  server.RaftServerConfigKeys (ConfUtils.java:logGet(43)) - raft.server.log.statemachine.data.sync.timeout = 10s (default)
2019-06-13 04:13:49,961 INFO  server.RaftServerConfigKeys (ConfUtils.java:logGet(43)) - raft.server.log.statemachine.data.sync.timeout.retry = -1 (default)
2019-06-13 04:13:49,963 INFO  server.RaftServerConfigKeys (ConfUtils.java:logGet(43)) - raft.server.log.statemachine.data.caching.enabled = true (custom)
2019-06-13 04:13:49,963 INFO  server.RaftServerConfigKeys (ConfUtils.java:logGet(43)) - raft.server.snapshot.auto.trigger.enabled = true (custom)
2019-06-13 04:13:49,963 INFO  server.RaftServerConfigKeys (ConfUtils.java:logGet(43)) - raft.server.snapshot.auto.trigger.threshold = 10000 (custom)
2019-06-13 04:13:49,967 INFO  server.RaftServerConfigKeys (ConfUtils.java:logGet(43)) - raft.server.retrycache.expirytime = 600000ms (custom)
2019-06-13 04:13:49,967 INFO  util.JmxRegister (JmxRegister.java:tryRegister(44)) - Successfully registered JMX Bean with object name Ratis:service=RaftServer,group=group-85458A2AC43D,id=73c1602a-70ba-45cb-a82b-c90d379cdffa
2019-06-13 04:13:49,967 INFO  impl.RaftServerImpl (RaftServerImpl.java:start(173)) - 95364b6f-60ec-4f54-8b0b-5fd4c821b70b: start group-85458A2AC43D
2019-06-13 04:13:49,967 INFO  impl.RaftServerImpl (RaftServerImpl.java:setRole(164)) - 95364b6f-60ec-4f54-8b0b-5fd4c821b70b:group-85458A2AC43D changes role from null to FOLLOWER at term 0 for startAsFollower
2019-06-13 04:13:49,967 INFO  impl.RoleInfo (RoleInfo.java:updateAndGet(143)) - 95364b6f-60ec-4f54-8b0b-5fd4c821b70b: start FollowerState
2019-06-13 04:13:49,967 INFO  server.RaftServerConfigKeys (ConfUtils.java:logGet(43)) - raft.server.snapshot.auto.trigger.enabled = true (custom)
2019-06-13 04:13:49,967 INFO  server.RaftServerConfigKeys (ConfUtils.java:logGet(43)) - raft.server.snapshot.auto.trigger.threshold = 10000 (custom)
2019-06-13 04:13:49,971 INFO  server.RaftServerConfigKeys (ConfUtils.java:logGet(43)) - raft.server.retrycache.expirytime = 600000ms (custom)
2019-06-13 04:13:49,971 INFO  impl.RaftServerImpl (RaftServerImpl.java:start(173)) - 38d9f5ed-691f-4259-8f5f-5e0eb2515c00: start group-85458A2AC43D
2019-06-13 04:13:49,971 INFO  impl.RaftServerImpl (RaftServerImpl.java:setRole(164)) - 38d9f5ed-691f-4259-8f5f-5e0eb2515c00:group-85458A2AC43D changes role from null to FOLLOWER at term 0 for startAsFollower
2019-06-13 04:13:49,972 INFO  impl.RoleInfo (RoleInfo.java:updateAndGet(143)) - 38d9f5ed-691f-4259-8f5f-5e0eb2515c00: start FollowerState
2019-06-13 04:13:49,972 INFO  util.JmxRegister (JmxRegister.java:tryRegister(44)) - Successfully registered JMX Bean with object name Ratis:service=RaftServer,group=group-85458A2AC43D,id=95364b6f-60ec-4f54-8b0b-5fd4c821b70b
2019-06-13 04:13:49,972 INFO  util.JmxRegister (JmxRegister.java:tryRegister(44)) - Successfully registered JMX Bean with object name Ratis:service=RaftServer,group=group-85458A2AC43D,id=38d9f5ed-691f-4259-8f5f-5e0eb2515c00
2019-06-13 04:13:49,991 INFO  pipeline.PipelineStateManager (PipelineStateManager.java:addPipeline(56)) - Created pipeline Pipeline[ Id: 841e35b5-e34e-4467-8405-85458a2ac43d, Nodes: 38d9f5ed-691f-4259-8f5f-5e0eb2515c00{ip: 192.168.11.211, host: ozone-wtfgh-1416927373, networkLocation: /default-rack, certSerialId: null}95364b6f-60ec-4f54-8b0b-5fd4c821b70b{ip: 192.168.11.211, host: ozone-wtfgh-1416927373, networkLocation: /default-rack, certSerialId: null}73c1602a-70ba-45cb-a82b-c90d379cdffa{ip: 192.168.11.211, host: ozone-wtfgh-1416927373, networkLocation: /default-rack, certSerialId: null}, Type:RATIS, Factor:THREE, State:OPEN]
2019-06-13 04:13:50,345 INFO  impl.FollowerState (FollowerState.java:run(101)) - 93f586eb-cf81-41d8-a230-385b3bf8807a:group-3AF0F43BC42A changes to CANDIDATE, lastRpcTime:1010, electionTimeout:1005ms
2019-06-13 04:13:50,345 INFO  impl.RoleInfo (RoleInfo.java:shutdownFollowerState(121)) - 93f586eb-cf81-41d8-a230-385b3bf8807a: shutdown FollowerState
2019-06-13 04:13:50,345 INFO  impl.RaftServerImpl (RaftServerImpl.java:setRole(164)) - 93f586eb-cf81-41d8-a230-385b3bf8807a:group-3AF0F43BC42A changes role from FOLLOWER to CANDIDATE at term 0 for changeToCandidate
2019-06-13 04:13:50,347 INFO  impl.RoleInfo (RoleInfo.java:updateAndGet(143)) - 93f586eb-cf81-41d8-a230-385b3bf8807a: start LeaderElection
2019-06-13 04:13:50,353 INFO  impl.LeaderElection (LeaderElection.java:askForVotes(181)) - 93f586eb-cf81-41d8-a230-385b3bf8807a:group-3AF0F43BC42A:LeaderElection1: begin an election at term 1 for -1: [93f586eb-cf81-41d8-a230-385b3bf8807a:192.168.11.211:42283], old=null
2019-06-13 04:13:50,354 INFO  impl.RoleInfo (RoleInfo.java:shutdownLeaderElection(134)) - 93f586eb-cf81-41d8-a230-385b3bf8807a: shutdown LeaderElection
2019-06-13 04:13:50,355 INFO  impl.RaftServerImpl (RaftServerImpl.java:setRole(164)) - 93f586eb-cf81-41d8-a230-385b3bf8807a:group-3AF0F43BC42A changes role from CANDIDATE to LEADER at term 1 for changeToLeader
2019-06-13 04:13:50,355 INFO  impl.RaftServerImpl (ServerState.java:setLeader(263)) - 93f586eb-cf81-41d8-a230-385b3bf8807a:group-3AF0F43BC42A change Leader from null to 93f586eb-cf81-41d8-a230-385b3bf8807a at term 1 for becomeLeader, leader elected after 1188ms
2019-06-13 04:13:50,358 INFO  server.RaftServerConfigKeys (ConfUtils.java:logGet(43)) - raft.server.staging.catchup.gap = 1000 (default)
2019-06-13 04:13:50,358 INFO  server.RaftServerConfigKeys (ConfUtils.java:logGet(43)) - raft.server.rpc.sleep.time = 25ms (default)
2019-06-13 04:13:50,361 INFO  server.RaftServerConfigKeys (ConfUtils.java:logGet(43)) - raft.server.watch.timeout = 10s (default)
2019-06-13 04:13:50,361 INFO  server.RaftServerConfigKeys (ConfUtils.java:logGet(43)) - raft.server.watch.timeout.denomination = 1s (default)
2019-06-13 04:13:50,366 INFO  impl.RoleInfo (RoleInfo.java:updateAndGet(143)) - 93f586eb-cf81-41d8-a230-385b3bf8807a: start LeaderState
2019-06-13 04:13:50,379 INFO  storage.RaftLogWorker (RaftLogWorker.java:startLogSegment(298)) - 93f586eb-cf81-41d8-a230-385b3bf8807a-RaftLogWorker: Starting segment from index:0
2019-06-13 04:13:50,386 INFO  impl.RaftServerImpl (ServerState.java:setRaftConf(361)) - 93f586eb-cf81-41d8-a230-385b3bf8807a:group-3AF0F43BC42A set configuration 0: [93f586eb-cf81-41d8-a230-385b3bf8807a:192.168.11.211:42283], old=null at 0
2019-06-13 04:13:50,444 INFO  impl.FollowerState (FollowerState.java:run(101)) - 62f68693-6f92-4418-a41c-5280685eb4f1:group-E520F0FE0F03 changes to CANDIDATE, lastRpcTime:1043, electionTimeout:1042ms
2019-06-13 04:13:50,445 INFO  impl.RoleInfo (RoleInfo.java:shutdownFollowerState(121)) - 62f68693-6f92-4418-a41c-5280685eb4f1: shutdown FollowerState
2019-06-13 04:13:50,445 INFO  impl.RaftServerImpl (RaftServerImpl.java:setRole(164)) - 62f68693-6f92-4418-a41c-5280685eb4f1:group-E520F0FE0F03 changes role from FOLLOWER to CANDIDATE at term 0 for changeToCandidate
2019-06-13 04:13:50,445 INFO  impl.RoleInfo (RoleInfo.java:updateAndGet(143)) - 62f68693-6f92-4418-a41c-5280685eb4f1: start LeaderElection
2019-06-13 04:13:50,449 INFO  impl.LeaderElection (LeaderElection.java:askForVotes(181)) - 62f68693-6f92-4418-a41c-5280685eb4f1:group-E520F0FE0F03:LeaderElection2: begin an election at term 1 for -1: [62f68693-6f92-4418-a41c-5280685eb4f1:192.168.11.211:43043], old=null
2019-06-13 04:13:50,450 INFO  impl.RoleInfo (RoleInfo.java:shutdownLeaderElection(134)) - 62f68693-6f92-4418-a41c-5280685eb4f1: shutdown LeaderElection
2019-06-13 04:13:50,450 INFO  impl.RaftServerImpl (RaftServerImpl.java:setRole(164)) - 62f68693-6f92-4418-a41c-5280685eb4f1:group-E520F0FE0F03 changes role from CANDIDATE to LEADER at term 1 for changeToLeader
2019-06-13 04:13:50,450 INFO  impl.RaftServerImpl (ServerState.java:setLeader(263)) - 62f68693-6f92-4418-a41c-5280685eb4f1:group-E520F0FE0F03 change Leader from null to 62f68693-6f92-4418-a41c-5280685eb4f1 at term 1 for becomeLeader, leader elected after 1052ms
2019-06-13 04:13:50,450 INFO  server.RaftServerConfigKeys (ConfUtils.java:logGet(43)) - raft.server.staging.catchup.gap = 1000 (default)
2019-06-13 04:13:50,451 INFO  server.RaftServerConfigKeys (ConfUtils.java:logGet(43)) - raft.server.rpc.sleep.time = 25ms (default)
2019-06-13 04:13:50,451 INFO  server.RaftServerConfigKeys (ConfUtils.java:logGet(43)) - raft.server.watch.timeout = 10s (default)
2019-06-13 04:13:50,451 INFO  server.RaftServerConfigKeys (ConfUtils.java:logGet(43)) - raft.server.watch.timeout.denomination = 1s (default)
2019-06-13 04:13:50,451 INFO  impl.RoleInfo (RoleInfo.java:updateAndGet(143)) - 62f68693-6f92-4418-a41c-5280685eb4f1: start LeaderState
2019-06-13 04:13:50,451 INFO  storage.RaftLogWorker (RaftLogWorker.java:startLogSegment(298)) - 62f68693-6f92-4418-a41c-5280685eb4f1-RaftLogWorker: Starting segment from index:0
2019-06-13 04:13:50,451 INFO  impl.RaftServerImpl (ServerState.java:setRaftConf(361)) - 62f68693-6f92-4418-a41c-5280685eb4f1:group-E520F0FE0F03 set configuration 0: [62f68693-6f92-4418-a41c-5280685eb4f1:192.168.11.211:43043], old=null at 0
2019-06-13 04:13:50,511 INFO  impl.FollowerState (FollowerState.java:run(101)) - ad6b07d7-04c3-49e5-9f01-f2df2c981fe2:group-84223A29F608 changes to CANDIDATE, lastRpcTime:1057, electionTimeout:1057ms
2019-06-13 04:13:50,511 INFO  impl.RoleInfo (RoleInfo.java:shutdownFollowerState(121)) - ad6b07d7-04c3-49e5-9f01-f2df2c981fe2: shutdown FollowerState
2019-06-13 04:13:50,511 INFO  impl.RaftServerImpl (RaftServerImpl.java:setRole(164)) - ad6b07d7-04c3-49e5-9f01-f2df2c981fe2:group-84223A29F608 changes role from FOLLOWER to CANDIDATE at term 0 for changeToCandidate
2019-06-13 04:13:50,511 INFO  impl.RoleInfo (RoleInfo.java:updateAndGet(143)) - ad6b07d7-04c3-49e5-9f01-f2df2c981fe2: start LeaderElection
2019-06-13 04:13:50,521 INFO  impl.LeaderElection (LeaderElection.java:askForVotes(181)) - ad6b07d7-04c3-49e5-9f01-f2df2c981fe2:group-84223A29F608:LeaderElection3: begin an election at term 1 for -1: [ad6b07d7-04c3-49e5-9f01-f2df2c981fe2:192.168.11.211:42191], old=null
2019-06-13 04:13:50,521 INFO  impl.RoleInfo (RoleInfo.java:shutdownLeaderElection(134)) - ad6b07d7-04c3-49e5-9f01-f2df2c981fe2: shutdown LeaderElection
2019-06-13 04:13:50,521 INFO  impl.RaftServerImpl (RaftServerImpl.java:setRole(164)) - ad6b07d7-04c3-49e5-9f01-f2df2c981fe2:group-84223A29F608 changes role from CANDIDATE to LEADER at term 1 for changeToLeader
2019-06-13 04:13:50,521 INFO  impl.RaftServerImpl (ServerState.java:setLeader(263)) - ad6b07d7-04c3-49e5-9f01-f2df2c981fe2:group-84223A29F608 change Leader from null to ad6b07d7-04c3-49e5-9f01-f2df2c981fe2 at term 1 for becomeLeader, leader elected after 1070ms
2019-06-13 04:13:50,522 INFO  server.RaftServerConfigKeys (ConfUtils.java:logGet(43)) - raft.server.staging.catchup.gap = 1000 (default)
2019-06-13 04:13:50,522 INFO  server.RaftServerConfigKeys (ConfUtils.java:logGet(43)) - raft.server.rpc.sleep.time = 25ms (default)
2019-06-13 04:13:50,522 INFO  server.RaftServerConfigKeys (ConfUtils.java:logGet(43)) - raft.server.watch.timeout = 10s (default)
2019-06-13 04:13:50,522 INFO  server.RaftServerConfigKeys (ConfUtils.java:logGet(43)) - raft.server.watch.timeout.denomination = 1s (default)
2019-06-13 04:13:50,523 INFO  impl.RoleInfo (RoleInfo.java:updateAndGet(143)) - ad6b07d7-04c3-49e5-9f01-f2df2c981fe2: start LeaderState
2019-06-13 04:13:50,523 INFO  storage.RaftLogWorker (RaftLogWorker.java:startLogSegment(298)) - ad6b07d7-04c3-49e5-9f01-f2df2c981fe2-RaftLogWorker: Starting segment from index:0
2019-06-13 04:13:50,523 INFO  impl.RaftServerImpl (ServerState.java:setRaftConf(361)) - ad6b07d7-04c3-49e5-9f01-f2df2c981fe2:group-84223A29F608 set configuration 0: [ad6b07d7-04c3-49e5-9f01-f2df2c981fe2:192.168.11.211:42191], old=null at 0
2019-06-13 04:13:50,524 INFO  storage.RaftLogWorker (RaftLogWorker.java:execute(469)) - 93f586eb-cf81-41d8-a230-385b3bf8807a-RaftLogWorker: created new log segment /opt/src/hadoop-ozone/integration-test/target/test-dir/MiniOzoneClusterImpl-93a24cda-367b-4e26-9b6b-b1b187270996/datanode-0/data/ratis/98279a11-f6b3-4fa5-915a-3af0f43bc42a/current/log_inprogress_0
2019-06-13 04:13:50,524 INFO  storage.RaftLogWorker (RaftLogWorker.java:execute(469)) - 62f68693-6f92-4418-a41c-5280685eb4f1-RaftLogWorker: created new log segment /opt/src/hadoop-ozone/integration-test/target/test-dir/MiniOzoneClusterImpl-93a24cda-367b-4e26-9b6b-b1b187270996/datanode-1/data/ratis/929ecf8f-c3cb-42cb-8f5e-e520f0fe0f03/current/log_inprogress_0
2019-06-13 04:13:50,563 INFO  storage.RaftLogWorker (RaftLogWorker.java:execute(469)) - ad6b07d7-04c3-49e5-9f01-f2df2c981fe2-RaftLogWorker: created new log segment /opt/src/hadoop-ozone/integration-test/target/test-dir/MiniOzoneClusterImpl-93a24cda-367b-4e26-9b6b-b1b187270996/datanode-2/data/ratis/7fdf1bb0-77d9-4772-b58a-84223a29f608/current/log_inprogress_0
2019-06-13 04:13:50,598 INFO  impl.FollowerState (FollowerState.java:run(101)) - 93f586eb-cf81-41d8-a230-385b3bf8807a:group-8E7D82F3657D changes to CANDIDATE, lastRpcTime:1077, electionTimeout:1075ms
2019-06-13 04:13:50,598 INFO  impl.RoleInfo (RoleInfo.java:shutdownFollowerState(121)) - 93f586eb-cf81-41d8-a230-385b3bf8807a: shutdown FollowerState
2019-06-13 04:13:50,598 INFO  impl.RaftServerImpl (RaftServerImpl.java:setRole(164)) - 93f586eb-cf81-41d8-a230-385b3bf8807a:group-8E7D82F3657D changes role from FOLLOWER to CANDIDATE at term 0 for changeToCandidate
2019-06-13 04:13:50,598 INFO  impl.RoleInfo (RoleInfo.java:updateAndGet(143)) - 93f586eb-cf81-41d8-a230-385b3bf8807a: start LeaderElection
2019-06-13 04:13:50,600 INFO  impl.FollowerState (FollowerState.java:run(101)) - ad6b07d7-04c3-49e5-9f01-f2df2c981fe2:group-8E7D82F3657D changes to CANDIDATE, lastRpcTime:1089, electionTimeout:1089ms
2019-06-13 04:13:50,600 INFO  impl.RoleInfo (RoleInfo.java:shutdownFollowerState(121)) - ad6b07d7-04c3-49e5-9f01-f2df2c981fe2: shutdown FollowerState
2019-06-13 04:13:50,600 INFO  impl.RaftServerImpl (RaftServerImpl.java:setRole(164)) - ad6b07d7-04c3-49e5-9f01-f2df2c981fe2:group-8E7D82F3657D changes role from FOLLOWER to CANDIDATE at term 0 for changeToCandidate
2019-06-13 04:13:50,600 INFO  impl.RoleInfo (RoleInfo.java:updateAndGet(143)) - ad6b07d7-04c3-49e5-9f01-f2df2c981fe2: start LeaderElection
2019-06-13 04:13:50,603 INFO  impl.LeaderElection (LeaderElection.java:askForVotes(181)) - 93f586eb-cf81-41d8-a230-385b3bf8807a:group-8E7D82F3657D:LeaderElection4: begin an election at term 1 for -1: [93f586eb-cf81-41d8-a230-385b3bf8807a:192.168.11.211:42283, ad6b07d7-04c3-49e5-9f01-f2df2c981fe2:192.168.11.211:42191, 62f68693-6f92-4418-a41c-5280685eb4f1:192.168.11.211:43043], old=null
2019-06-13 04:13:50,610 INFO  impl.LeaderElection (LeaderElection.java:askForVotes(181)) - ad6b07d7-04c3-49e5-9f01-f2df2c981fe2:group-8E7D82F3657D:LeaderElection5: begin an election at term 1 for -1: [93f586eb-cf81-41d8-a230-385b3bf8807a:192.168.11.211:42283, ad6b07d7-04c3-49e5-9f01-f2df2c981fe2:192.168.11.211:42191, 62f68693-6f92-4418-a41c-5280685eb4f1:192.168.11.211:43043], old=null
2019-06-13 04:13:50,620 INFO  impl.FollowerState (FollowerState.java:run(101)) - 73c1602a-70ba-45cb-a82b-c90d379cdffa:group-A24E9CA13743 changes to CANDIDATE, lastRpcTime:1056, electionTimeout:1054ms
2019-06-13 04:13:50,620 INFO  impl.RoleInfo (RoleInfo.java:shutdownFollowerState(121)) - 73c1602a-70ba-45cb-a82b-c90d379cdffa: shutdown FollowerState
2019-06-13 04:13:50,620 INFO  impl.RaftServerImpl (RaftServerImpl.java:setRole(164)) - 73c1602a-70ba-45cb-a82b-c90d379cdffa:group-A24E9CA13743 changes role from FOLLOWER to CANDIDATE at term 0 for changeToCandidate
2019-06-13 04:13:50,620 INFO  impl.RoleInfo (RoleInfo.java:updateAndGet(143)) - 73c1602a-70ba-45cb-a82b-c90d379cdffa: start LeaderElection
2019-06-13 04:13:50,632 INFO  impl.LeaderElection (LeaderElection.java:askForVotes(181)) - 73c1602a-70ba-45cb-a82b-c90d379cdffa:group-A24E9CA13743:LeaderElection6: begin an election at term 1 for -1: [73c1602a-70ba-45cb-a82b-c90d379cdffa:192.168.11.211:37247], old=null
2019-06-13 04:13:50,632 INFO  impl.RoleInfo (RoleInfo.java:shutdownLeaderElection(134)) - 73c1602a-70ba-45cb-a82b-c90d379cdffa: shutdown LeaderElection
2019-06-13 04:13:50,632 INFO  impl.RaftServerImpl (RaftServerImpl.java:setRole(164)) - 73c1602a-70ba-45cb-a82b-c90d379cdffa:group-A24E9CA13743 changes role from CANDIDATE to LEADER at term 1 for changeToLeader
2019-06-13 04:13:50,632 INFO  impl.RaftServerImpl (ServerState.java:setLeader(263)) - 73c1602a-70ba-45cb-a82b-c90d379cdffa:group-A24E9CA13743 change Leader from null to 73c1602a-70ba-45cb-a82b-c90d379cdffa at term 1 for becomeLeader, leader elected after 1070ms
2019-06-13 04:13:50,637 INFO  server.RaftServerConfigKeys (ConfUtils.java:logGet(43)) - raft.server.staging.catchup.gap = 1000 (default)
2019-06-13 04:13:50,637 INFO  server.RaftServerConfigKeys (ConfUtils.java:logGet(43)) - raft.server.rpc.sleep.time = 25ms (default)
2019-06-13 04:13:50,637 INFO  server.RaftServerConfigKeys (ConfUtils.java:logGet(43)) - raft.server.watch.timeout = 10s (default)
2019-06-13 04:13:50,637 INFO  server.RaftServerConfigKeys (ConfUtils.java:logGet(43)) - raft.server.watch.timeout.denomination = 1s (default)
2019-06-13 04:13:50,637 INFO  impl.RoleInfo (RoleInfo.java:updateAndGet(143)) - 73c1602a-70ba-45cb-a82b-c90d379cdffa: start LeaderState
2019-06-13 04:13:50,637 INFO  storage.RaftLogWorker (RaftLogWorker.java:startLogSegment(298)) - 73c1602a-70ba-45cb-a82b-c90d379cdffa-RaftLogWorker: Starting segment from index:0
2019-06-13 04:13:50,638 INFO  impl.RaftServerImpl (ServerState.java:setRaftConf(361)) - 73c1602a-70ba-45cb-a82b-c90d379cdffa:group-A24E9CA13743 set configuration 0: [73c1602a-70ba-45cb-a82b-c90d379cdffa:192.168.11.211:37247], old=null at 0
2019-06-13 04:13:50,675 INFO  impl.RaftServerImpl (RaftServerImpl.java:setRole(164)) - 62f68693-6f92-4418-a41c-5280685eb4f1:group-8E7D82F3657D changes role from FOLLOWER to FOLLOWER at term 1 for recognizeCandidate:93f586eb-cf81-41d8-a230-385b3bf8807a
2019-06-13 04:13:50,676 INFO  impl.RoleInfo (RoleInfo.java:shutdownFollowerState(121)) - 62f68693-6f92-4418-a41c-5280685eb4f1: shutdown FollowerState
2019-06-13 04:13:50,676 INFO  impl.RoleInfo (RoleInfo.java:updateAndGet(143)) - 62f68693-6f92-4418-a41c-5280685eb4f1: start FollowerState
2019-06-13 04:13:50,676 INFO  impl.FollowerState (FollowerState.java:run(109)) - 62f68693-6f92-4418-a41c-5280685eb4f1: FollowerState was interrupted: java.lang.InterruptedException: sleep interrupted
2019-06-13 04:13:50,676 INFO  storage.RaftLogWorker (RaftLogWorker.java:execute(469)) - 73c1602a-70ba-45cb-a82b-c90d379cdffa-RaftLogWorker: created new log segment /opt/src/hadoop-ozone/integration-test/target/test-dir/MiniOzoneClusterImpl-93a24cda-367b-4e26-9b6b-b1b187270996/datanode-3/data/ratis/79ede268-f2f5-42b3-be5c-a24e9ca13743/current/log_inprogress_0
2019-06-13 04:13:50,694 INFO  impl.LeaderElection (LeaderElection.java:logAndReturn(56)) - 93f586eb-cf81-41d8-a230-385b3bf8807a:group-8E7D82F3657D:LeaderElection4: Election PASSED; received 2 response(s) [93f586eb-cf81-41d8-a230-385b3bf8807a->ad6b07d7-04c3-49e5-9f01-f2df2c981fe2,false-t1, 93f586eb-cf81-41d8-a230-385b3bf8807a->62f68693-6f92-4418-a41c-5280685eb4f1,true-t1] and 0 exception(s); 93f586eb-cf81-41d8-a230-385b3bf8807a:t1, leader=null, voted=93f586eb-cf81-41d8-a230-385b3bf8807a, raftlog=93f586eb-cf81-41d8-a230-385b3bf8807a-SegmentedRaftLog:OPENED:c-1,f-1,i0, conf=-1: [93f586eb-cf81-41d8-a230-385b3bf8807a:192.168.11.211:42283, ad6b07d7-04c3-49e5-9f01-f2df2c981fe2:192.168.11.211:42191, 62f68693-6f92-4418-a41c-5280685eb4f1:192.168.11.211:43043], old=null
2019-06-13 04:13:50,694 INFO  impl.LeaderElection (LeaderElection.java:logAndReturn(56)) - ad6b07d7-04c3-49e5-9f01-f2df2c981fe2:group-8E7D82F3657D:LeaderElection5: Election REJECTED; received 2 response(s) [ad6b07d7-04c3-49e5-9f01-f2df2c981fe2->93f586eb-cf81-41d8-a230-385b3bf8807a,false-t1, ad6b07d7-04c3-49e5-9f01-f2df2c981fe2->62f68693-6f92-4418-a41c-5280685eb4f1,false-t1] and 0 exception(s); ad6b07d7-04c3-49e5-9f01-f2df2c981fe2:t1, leader=null, voted=ad6b07d7-04c3-49e5-9f01-f2df2c981fe2, raftlog=ad6b07d7-04c3-49e5-9f01-f2df2c981fe2-SegmentedRaftLog:OPENED:c-1,f-1,i0, conf=-1: [93f586eb-cf81-41d8-a230-385b3bf8807a:192.168.11.211:42283, ad6b07d7-04c3-49e5-9f01-f2df2c981fe2:192.168.11.211:42191, 62f68693-6f92-4418-a41c-5280685eb4f1:192.168.11.211:43043], old=null
2019-06-13 04:13:50,694 INFO  impl.RoleInfo (RoleInfo.java:shutdownLeaderElection(134)) - 93f586eb-cf81-41d8-a230-385b3bf8807a: shutdown LeaderElection
2019-06-13 04:13:50,695 INFO  impl.RaftServerImpl (RaftServerImpl.java:setRole(164)) - 93f586eb-cf81-41d8-a230-385b3bf8807a:group-8E7D82F3657D changes role from CANDIDATE to LEADER at term 1 for changeToLeader
2019-06-13 04:13:50,695 INFO  impl.RaftServerImpl (ServerState.java:setLeader(263)) - 93f586eb-cf81-41d8-a230-385b3bf8807a:group-8E7D82F3657D change Leader from null to 93f586eb-cf81-41d8-a230-385b3bf8807a at term 1 for becomeLeader, leader elected after 1190ms
2019-06-13 04:13:50,696 INFO  server.RaftServerConfigKeys (ConfUtils.java:logGet(43)) - raft.server.staging.catchup.gap = 1000 (default)
2019-06-13 04:13:50,696 INFO  server.RaftServerConfigKeys (ConfUtils.java:logGet(43)) - raft.server.rpc.sleep.time = 25ms (default)
2019-06-13 04:13:50,696 INFO  server.RaftServerConfigKeys (ConfUtils.java:logGet(43)) - raft.server.watch.timeout = 10s (default)
2019-06-13 04:13:50,696 INFO  server.RaftServerConfigKeys (ConfUtils.java:logGet(43)) - raft.server.watch.timeout.denomination = 1s (default)
2019-06-13 04:13:50,697 INFO  server.RaftServerConfigKeys (ConfUtils.java:logGet(43)) - raft.server.log.appender.snapshot.chunk.size.max = 16MB (=16777216) (default)
2019-06-13 04:13:50,698 INFO  server.RaftServerConfigKeys (ConfUtils.java:logGet(43)) - raft.server.log.appender.buffer.byte-limit = 33554432 (custom)
2019-06-13 04:13:50,698 INFO  server.RaftServerConfigKeys (ConfUtils.java:logGet(43)) - raft.server.log.appender.buffer.element-limit = 1 (custom)
2019-06-13 04:13:50,699 INFO  grpc.GrpcConfigKeys$Server (ConfUtils.java:logGet(43)) - raft.grpc.server.leader.outstanding.appends.max = 128 (default)
2019-06-13 04:13:50,699 INFO  server.RaftServerConfigKeys (ConfUtils.java:logGet(43)) - raft.server.rpc.request.timeout = 3000ms (default)
2019-06-13 04:13:50,699 INFO  server.RaftServerConfigKeys (ConfUtils.java:logGet(43)) - raft.server.log.appender.install.snapshot.enabled = true (default)
2019-06-13 04:13:50,699 INFO  server.RaftServerConfigKeys (ConfUtils.java:logGet(43)) - raft.server.log.appender.snapshot.chunk.size.max = 16MB (=16777216) (default)
2019-06-13 04:13:50,700 INFO  server.RaftServerConfigKeys (ConfUtils.java:logGet(43)) - raft.server.log.appender.buffer.byte-limit = 33554432 (custom)
2019-06-13 04:13:50,700 INFO  server.RaftServerConfigKeys (ConfUtils.java:logGet(43)) - raft.server.log.appender.buffer.element-limit = 1 (custom)
2019-06-13 04:13:50,700 INFO  grpc.GrpcConfigKeys$Server (ConfUtils.java:logGet(43)) - raft.grpc.server.leader.outstanding.appends.max = 128 (default)
2019-06-13 04:13:50,700 INFO  server.RaftServerConfigKeys (ConfUtils.java:logGet(43)) - raft.server.rpc.request.timeout = 3000ms (default)
2019-06-13 04:13:50,700 INFO  server.RaftServerConfigKeys (ConfUtils.java:logGet(43)) - raft.server.log.appender.install.snapshot.enabled = true (default)
2019-06-13 04:13:50,700 INFO  impl.RoleInfo (RoleInfo.java:updateAndGet(143)) - 93f586eb-cf81-41d8-a230-385b3bf8807a: start LeaderState
2019-06-13 04:13:50,700 INFO  storage.RaftLogWorker (RaftLogWorker.java:startLogSegment(298)) - 93f586eb-cf81-41d8-a230-385b3bf8807a-RaftLogWorker: Starting segment from index:0
2019-06-13 04:13:50,694 INFO  impl.RaftServerImpl (RaftServerImpl.java:setRole(164)) - ad6b07d7-04c3-49e5-9f01-f2df2c981fe2:group-8E7D82F3657D changes role from CANDIDATE to FOLLOWER at term 1 for DISCOVERED_A_NEW_TERM
2019-06-13 04:13:50,719 INFO  impl.RoleInfo (RoleInfo.java:shutdownLeaderElection(134)) - ad6b07d7-04c3-49e5-9f01-f2df2c981fe2: shutdown LeaderElection
2019-06-13 04:13:50,719 INFO  impl.RoleInfo (RoleInfo.java:updateAndGet(143)) - ad6b07d7-04c3-49e5-9f01-f2df2c981fe2: start FollowerState
2019-06-13 04:13:50,719 INFO  impl.RaftServerImpl (ServerState.java:setRaftConf(361)) - 93f586eb-cf81-41d8-a230-385b3bf8807a:group-8E7D82F3657D set configuration 0: [93f586eb-cf81-41d8-a230-385b3bf8807a:192.168.11.211:42283, ad6b07d7-04c3-49e5-9f01-f2df2c981fe2:192.168.11.211:42191, 62f68693-6f92-4418-a41c-5280685eb4f1:192.168.11.211:43043], old=null at 0
2019-06-13 04:13:50,737 INFO  impl.FollowerState (FollowerState.java:run(101)) - 95364b6f-60ec-4f54-8b0b-5fd4c821b70b:group-90A4D3B12C2A changes to CANDIDATE, lastRpcTime:1001, electionTimeout:1001ms
2019-06-13 04:13:50,738 INFO  impl.RoleInfo (RoleInfo.java:shutdownFollowerState(121)) - 95364b6f-60ec-4f54-8b0b-5fd4c821b70b: shutdown FollowerState
2019-06-13 04:13:50,738 INFO  impl.RaftServerImpl (RaftServerImpl.java:setRole(164)) - 95364b6f-60ec-4f54-8b0b-5fd4c821b70b:group-90A4D3B12C2A changes role from FOLLOWER to CANDIDATE at term 0 for changeToCandidate
2019-06-13 04:13:50,738 INFO  impl.RoleInfo (RoleInfo.java:updateAndGet(143)) - 95364b6f-60ec-4f54-8b0b-5fd4c821b70b: start LeaderElection
2019-06-13 04:13:50,741 INFO  storage.RaftLogWorker (RaftLogWorker.java:execute(469)) - 93f586eb-cf81-41d8-a230-385b3bf8807a-RaftLogWorker: created new log segment /opt/src/hadoop-ozone/integration-test/target/test-dir/MiniOzoneClusterImpl-93a24cda-367b-4e26-9b6b-b1b187270996/datanode-0/data/ratis/51471921-283c-4286-944a-8e7d82f3657d/current/log_inprogress_0
2019-06-13 04:13:50,746 INFO  impl.LeaderElection (LeaderElection.java:askForVotes(181)) - 95364b6f-60ec-4f54-8b0b-5fd4c821b70b:group-90A4D3B12C2A:LeaderElection7: begin an election at term 1 for -1: [95364b6f-60ec-4f54-8b0b-5fd4c821b70b:192.168.11.211:36301], old=null
2019-06-13 04:13:50,746 INFO  impl.RoleInfo (RoleInfo.java:shutdownLeaderElection(134)) - 95364b6f-60ec-4f54-8b0b-5fd4c821b70b: shutdown LeaderElection
2019-06-13 04:13:50,746 INFO  impl.RaftServerImpl (RaftServerImpl.java:setRole(164)) - 95364b6f-60ec-4f54-8b0b-5fd4c821b70b:group-90A4D3B12C2A changes role from CANDIDATE to LEADER at term 1 for changeToLeader
2019-06-13 04:13:50,746 INFO  impl.RaftServerImpl (ServerState.java:setLeader(263)) - 95364b6f-60ec-4f54-8b0b-5fd4c821b70b:group-90A4D3B12C2A change Leader from null to 95364b6f-60ec-4f54-8b0b-5fd4c821b70b at term 1 for becomeLeader, leader elected after 1013ms
2019-06-13 04:13:50,747 INFO  server.RaftServerConfigKeys (ConfUtils.java:logGet(43)) - raft.server.staging.catchup.gap = 1000 (default)
2019-06-13 04:13:50,747 INFO  server.RaftServerConfigKeys (ConfUtils.java:logGet(43)) - raft.server.rpc.sleep.time = 25ms (default)
2019-06-13 04:13:50,748 INFO  server.RaftServerConfigKeys (ConfUtils.java:logGet(43)) - raft.server.watch.timeout = 10s (default)
2019-06-13 04:13:50,748 INFO  server.RaftServerConfigKeys (ConfUtils.java:logGet(43)) - raft.server.watch.timeout.denomination = 1s (default)
2019-06-13 04:13:50,748 INFO  impl.RoleInfo (RoleInfo.java:updateAndGet(143)) - 95364b6f-60ec-4f54-8b0b-5fd4c821b70b: start LeaderState
2019-06-13 04:13:50,748 INFO  storage.RaftLogWorker (RaftLogWorker.java:startLogSegment(298)) - 95364b6f-60ec-4f54-8b0b-5fd4c821b70b-RaftLogWorker: Starting segment from index:0
2019-06-13 04:13:50,753 INFO  impl.RaftServerImpl (ServerState.java:setRaftConf(361)) - 95364b6f-60ec-4f54-8b0b-5fd4c821b70b:group-90A4D3B12C2A set configuration 0: [95364b6f-60ec-4f54-8b0b-5fd4c821b70b:192.168.11.211:36301], old=null at 0
2019-06-13 04:13:50,769 INFO  impl.RaftServerImpl (ServerState.java:setLeader(263)) - ad6b07d7-04c3-49e5-9f01-f2df2c981fe2:group-8E7D82F3657D change Leader from null to 93f586eb-cf81-41d8-a230-385b3bf8807a at term 1 for appendEntries, leader elected after 1264ms
2019-06-13 04:13:50,769 INFO  impl.RaftServerImpl (ServerState.java:setLeader(263)) - 62f68693-6f92-4418-a41c-5280685eb4f1:group-8E7D82F3657D change Leader from null to 93f586eb-cf81-41d8-a230-385b3bf8807a at term 1 for appendEntries, leader elected after 1260ms
2019-06-13 04:13:50,792 INFO  storage.RaftLogWorker (RaftLogWorker.java:execute(469)) - 95364b6f-60ec-4f54-8b0b-5fd4c821b70b-RaftLogWorker: created new log segment /opt/src/hadoop-ozone/integration-test/target/test-dir/MiniOzoneClusterImpl-93a24cda-367b-4e26-9b6b-b1b187270996/datanode-4/data/ratis/7469938a-44e7-44b8-8fce-90a4d3b12c2a/current/log_inprogress_0
2019-06-13 04:13:50,800 INFO  impl.RaftServerImpl (ServerState.java:setRaftConf(361)) - 62f68693-6f92-4418-a41c-5280685eb4f1:group-8E7D82F3657D set configuration 0: [93f586eb-cf81-41d8-a230-385b3bf8807a:192.168.11.211:42283, ad6b07d7-04c3-49e5-9f01-f2df2c981fe2:192.168.11.211:42191, 62f68693-6f92-4418-a41c-5280685eb4f1:192.168.11.211:43043], old=null at 0
2019-06-13 04:13:50,800 INFO  impl.RaftServerImpl (ServerState.java:setRaftConf(361)) - ad6b07d7-04c3-49e5-9f01-f2df2c981fe2:group-8E7D82F3657D set configuration 0: [93f586eb-cf81-41d8-a230-385b3bf8807a:192.168.11.211:42283, ad6b07d7-04c3-49e5-9f01-f2df2c981fe2:192.168.11.211:42191, 62f68693-6f92-4418-a41c-5280685eb4f1:192.168.11.211:43043], old=null at 0
2019-06-13 04:13:50,800 INFO  storage.RaftLogWorker (RaftLogWorker.java:startLogSegment(298)) - 62f68693-6f92-4418-a41c-5280685eb4f1-RaftLogWorker: Starting segment from index:0
2019-06-13 04:13:50,801 INFO  storage.RaftLogWorker (RaftLogWorker.java:startLogSegment(298)) - ad6b07d7-04c3-49e5-9f01-f2df2c981fe2-RaftLogWorker: Starting segment from index:0
2019-06-13 04:13:50,846 INFO  storage.RaftLogWorker (RaftLogWorker.java:execute(469)) - ad6b07d7-04c3-49e5-9f01-f2df2c981fe2-RaftLogWorker: created new log segment /opt/src/hadoop-ozone/integration-test/target/test-dir/MiniOzoneClusterImpl-93a24cda-367b-4e26-9b6b-b1b187270996/datanode-2/data/ratis/51471921-283c-4286-944a-8e7d82f3657d/current/log_inprogress_0
2019-06-13 04:13:50,846 INFO  storage.RaftLogWorker (RaftLogWorker.java:execute(469)) - 62f68693-6f92-4418-a41c-5280685eb4f1-RaftLogWorker: created new log segment /opt/src/hadoop-ozone/integration-test/target/test-dir/MiniOzoneClusterImpl-93a24cda-367b-4e26-9b6b-b1b187270996/datanode-1/data/ratis/51471921-283c-4286-944a-8e7d82f3657d/current/log_inprogress_0
2019-06-13 04:13:50,899 INFO  ozone.MiniOzoneClusterImpl (MiniOzoneClusterImpl.java:lambda$waitForClusterToBeReady$0(142)) - Cluster is ready. Got 6 of 6 DN Heartbeats.
]]></system-out>
    <system-err><![CDATA[ERROR StatusLogger No Log4j 2 configuration file found. Using default configuration (logging only errors to the console), or user programmatically provided configurations. Set system property 'log4j2.debug' to show Log4j 2 internal initialization logging. See https://logging.apache.org/log4j/2.x/manual/configuration.html for instructions on how to configure Log4j 2
Jun 13, 2019 4:13:44 AM com.sun.jersey.server.impl.application.WebApplicationImpl _initiate
INFO: Initiating Jersey application, version 'Jersey: 1.19 02/11/2015 03:25 AM'
Jun 13, 2019 4:13:44 AM com.sun.jersey.server.impl.application.WebApplicationImpl _initiate
INFO: Initiating Jersey application, version 'Jersey: 1.19 02/11/2015 03:25 AM'
Jun 13, 2019 4:13:45 AM com.sun.jersey.server.impl.application.WebApplicationImpl _initiate
INFO: Initiating Jersey application, version 'Jersey: 1.19 02/11/2015 03:25 AM'
Jun 13, 2019 4:13:45 AM com.sun.jersey.server.impl.application.WebApplicationImpl _initiate
INFO: Initiating Jersey application, version 'Jersey: 1.19 02/11/2015 03:25 AM'
Jun 13, 2019 4:13:45 AM com.sun.jersey.server.impl.application.WebApplicationImpl _initiate
INFO: Initiating Jersey application, version 'Jersey: 1.19 02/11/2015 03:25 AM'
Jun 13, 2019 4:13:45 AM com.sun.jersey.server.impl.application.WebApplicationImpl _initiate
INFO: Initiating Jersey application, version 'Jersey: 1.19 02/11/2015 03:25 AM'
]]></system-err>
  </testcase>
</testsuite>