<?xml version="1.0" encoding="UTF-8"?>
<testsuite xmlns:xsi="http://www.w3.org/2001/XMLSchema-instance" xsi:noNamespaceSchemaLocation="https://maven.apache.org/surefire/maven-surefire-plugin/xsd/surefire-test-report.xsd" name="org.apache.hadoop.hdds.scm.pipeline.TestNodeFailure" time="10.362" tests="1" errors="0" skipped="1" failures="0">
  <properties>
    <property name="awt.toolkit" value="sun.awt.X11.XToolkit"/>
    <property name="file.encoding.pkg" value="sun.io"/>
    <property name="java.specification.version" value="1.8"/>
    <property name="sun.cpu.isalist" value=""/>
    <property name="sun.jnu.encoding" value="UTF-8"/>
    <property name="java.class.path" value="/opt/src/hadoop-ozone/integration-test/target/test-classes:/opt/src/hadoop-ozone/integration-test/target/classes:/root/.m2/repository/org/apache/hadoop/hadoop-ozone-common/0.5.0-SNAPSHOT/hadoop-ozone-common-0.5.0-SNAPSHOT.jar:/root/.m2/repository/org/apache/commons/commons-compress/1.4.1/commons-compress-1.4.1.jar:/root/.m2/repository/org/tukaani/xz/1.0/xz-1.0.jar:/root/.m2/repository/org/apache/hadoop/hadoop-common/3.2.0/hadoop-common-3.2.0.jar:/root/.m2/repository/org/apache/hadoop/hadoop-hdfs/3.2.0/hadoop-hdfs-3.2.0.jar:/root/.m2/repository/org/apache/hadoop/hadoop-hdfs-client/3.2.0/hadoop-hdfs-client-3.2.0.jar:/root/.m2/repository/com/fasterxml/jackson/core/jackson-annotations/2.9.5/jackson-annotations-2.9.5.jar:/root/.m2/repository/org/apache/hadoop/hadoop-hdds-common/0.5.0-SNAPSHOT/hadoop-hdds-common-0.5.0-SNAPSHOT.jar:/root/.m2/repository/javax/annotation/javax.annotation-api/1.2/javax.annotation-api-1.2.jar:/root/.m2/repository/org/apache/ratis/ratis-server/0.4.0-fe2b15d-SNAPSHOT/ratis-server-0.4.0-fe2b15d-SNAPSHOT.jar:/root/.m2/repository/org/apache/ratis/ratis-thirdparty-misc/0.2.0/ratis-thirdparty-misc-0.2.0.jar:/root/.m2/repository/org/apache/ratis/ratis-proto/0.4.0-fe2b15d-SNAPSHOT/ratis-proto-0.4.0-fe2b15d-SNAPSHOT.jar:/root/.m2/repository/org/apache/ratis/ratis-common/0.4.0-fe2b15d-SNAPSHOT/ratis-common-0.4.0-fe2b15d-SNAPSHOT.jar:/root/.m2/repository/org/apache/ratis/ratis-client/0.4.0-fe2b15d-SNAPSHOT/ratis-client-0.4.0-fe2b15d-SNAPSHOT.jar:/root/.m2/repository/org/apache/ratis/ratis-netty/0.4.0-fe2b15d-SNAPSHOT/ratis-netty-0.4.0-fe2b15d-SNAPSHOT.jar:/root/.m2/repository/org/apache/ratis/ratis-grpc/0.4.0-fe2b15d-SNAPSHOT/ratis-grpc-0.4.0-fe2b15d-SNAPSHOT.jar:/root/.m2/repository/org/rocksdb/rocksdbjni/5.14.2/rocksdbjni-5.14.2.jar:/root/.m2/repository/org/apache/logging/log4j/log4j-api/2.11.0/log4j-api-2.11.0.jar:/root/.m2/repository/org/apache/logging/log4j/log4j-core/2.11.0/log4j-core-2.11.0.jar:/root/.m2/repository/com/lmax/disruptor/3.4.2/disruptor-3.4.2.jar:/root/.m2/repository/org/apache/commons/commons-pool2/2.6.0/commons-pool2-2.6.0.jar:/root/.m2/repository/org/bouncycastle/bcpkix-jdk15on/1.60/bcpkix-jdk15on-1.60.jar:/root/.m2/repository/commons-validator/commons-validator/1.6/commons-validator-1.6.jar:/root/.m2/repository/commons-digester/commons-digester/1.8.1/commons-digester-1.8.1.jar:/root/.m2/repository/io/jaegertracing/jaeger-client/0.33.1/jaeger-client-0.33.1.jar:/root/.m2/repository/io/jaegertracing/jaeger-thrift/0.33.1/jaeger-thrift-0.33.1.jar:/root/.m2/repository/org/apache/thrift/libthrift/0.11.0/libthrift-0.11.0.jar:/root/.m2/repository/com/squareup/okhttp3/okhttp/3.9.0/okhttp-3.9.0.jar:/root/.m2/repository/com/squareup/okio/okio/1.13.0/okio-1.13.0.jar:/root/.m2/repository/io/jaegertracing/jaeger-core/0.33.1/jaeger-core-0.33.1.jar:/root/.m2/repository/io/jaegertracing/jaeger-tracerresolver/0.33.1/jaeger-tracerresolver-0.33.1.jar:/root/.m2/repository/io/opentracing/contrib/opentracing-tracerresolver/0.1.5/opentracing-tracerresolver-0.1.5.jar:/root/.m2/repository/io/opentracing/opentracing-util/0.31.0/opentracing-util-0.31.0.jar:/root/.m2/repository/io/opentracing/opentracing-api/0.31.0/opentracing-api-0.31.0.jar:/root/.m2/repository/io/opentracing/opentracing-noop/0.31.0/opentracing-noop-0.31.0.jar:/root/.m2/repository/org/apache/hadoop/hadoop-hdds-server-framework/0.5.0-SNAPSHOT/hadoop-hdds-server-framework-0.5.0-SNAPSHOT.jar:/root/.m2/repository/org/apache/hadoop/hadoop-hdds-server-scm/0.5.0-SNAPSHOT/hadoop-hdds-server-scm-0.5.0-SNAPSHOT.jar:/root/.m2/repository/org/apache/hadoop/hadoop-hdds-container-service/0.5.0-SNAPSHOT/hadoop-hdds-container-service-0.5.0-SNAPSHOT.jar:/root/.m2/repository/org/apache/hadoop/hadoop-hdds-client/0.5.0-SNAPSHOT/hadoop-hdds-client-0.5.0-SNAPSHOT.jar:/root/.m2/repository/org/apache/hadoop/hadoop-hdds-tools/0.5.0-SNAPSHOT/hadoop-hdds-tools-0.5.0-SNAPSHOT.jar:/root/.m2/repository/org/apache/hadoop/hadoop-ozone-ozone-manager/0.5.0-SNAPSHOT/hadoop-ozone-ozone-manager-0.5.0-SNAPSHOT.jar:/root/.m2/repository/org/apache/hadoop/hadoop-hdds-docs/0.5.0-SNAPSHOT/hadoop-hdds-docs-0.5.0-SNAPSHOT.jar:/root/.m2/repository/org/bouncycastle/bcprov-jdk15on/1.60/bcprov-jdk15on-1.60.jar:/root/.m2/repository/org/apache/hadoop/hadoop-minikdc/3.2.0/hadoop-minikdc-3.2.0.jar:/root/.m2/repository/commons-io/commons-io/2.5/commons-io-2.5.jar:/root/.m2/repository/org/apache/kerby/kerb-simplekdc/1.0.1/kerb-simplekdc-1.0.1.jar:/root/.m2/repository/org/apache/kerby/kerb-client/1.0.1/kerb-client-1.0.1.jar:/root/.m2/repository/org/apache/kerby/kerby-config/1.0.1/kerby-config-1.0.1.jar:/root/.m2/repository/org/apache/kerby/kerb-core/1.0.1/kerb-core-1.0.1.jar:/root/.m2/repository/org/apache/kerby/kerby-pkix/1.0.1/kerby-pkix-1.0.1.jar:/root/.m2/repository/org/apache/kerby/kerby-asn1/1.0.1/kerby-asn1-1.0.1.jar:/root/.m2/repository/org/apache/kerby/kerby-util/1.0.1/kerby-util-1.0.1.jar:/root/.m2/repository/org/apache/kerby/kerb-common/1.0.1/kerb-common-1.0.1.jar:/root/.m2/repository/org/apache/kerby/kerb-crypto/1.0.1/kerb-crypto-1.0.1.jar:/root/.m2/repository/org/apache/kerby/kerb-util/1.0.1/kerb-util-1.0.1.jar:/root/.m2/repository/org/apache/kerby/token-provider/1.0.1/token-provider-1.0.1.jar:/root/.m2/repository/org/apache/kerby/kerb-admin/1.0.1/kerb-admin-1.0.1.jar:/root/.m2/repository/org/apache/kerby/kerb-server/1.0.1/kerb-server-1.0.1.jar:/root/.m2/repository/org/apache/kerby/kerb-identity/1.0.1/kerb-identity-1.0.1.jar:/root/.m2/repository/org/apache/kerby/kerby-xdr/1.0.1/kerby-xdr-1.0.1.jar:/root/.m2/repository/org/slf4j/slf4j-log4j12/1.7.25/slf4j-log4j12-1.7.25.jar:/root/.m2/repository/org/apache/hadoop/hadoop-ozone-objectstore-service/0.5.0-SNAPSHOT/hadoop-ozone-objectstore-service-0.5.0-SNAPSHOT.jar:/root/.m2/repository/org/apache/hadoop/hadoop-ozone-s3gateway/0.5.0-SNAPSHOT/hadoop-ozone-s3gateway-0.5.0-SNAPSHOT.jar:/root/.m2/repository/org/jboss/weld/servlet/weld-servlet/2.4.7.Final/weld-servlet-2.4.7.Final.jar:/root/.m2/repository/org/glassfish/jersey/containers/jersey-container-servlet-core/2.27/jersey-container-servlet-core-2.27.jar:/root/.m2/repository/org/glassfish/hk2/external/javax.inject/2.5.0-b42/javax.inject-2.5.0-b42.jar:/root/.m2/repository/org/glassfish/jersey/core/jersey-common/2.27/jersey-common-2.27.jar:/root/.m2/repository/org/glassfish/hk2/osgi-resource-locator/1.0.1/osgi-resource-locator-1.0.1.jar:/root/.m2/repository/javax/ws/rs/javax.ws.rs-api/2.1/javax.ws.rs-api-2.1.jar:/root/.m2/repository/org/glassfish/jersey/ext/cdi/jersey-cdi1x/2.27/jersey-cdi1x-2.27.jar:/root/.m2/repository/org/glassfish/jersey/inject/jersey-hk2/2.27/jersey-hk2-2.27.jar:/root/.m2/repository/org/glassfish/hk2/hk2-locator/2.5.0-b42/hk2-locator-2.5.0-b42.jar:/root/.m2/repository/org/javassist/javassist/3.22.0-CR2/javassist-3.22.0-CR2.jar:/root/.m2/repository/org/glassfish/hk2/hk2-api/2.5.0/hk2-api-2.5.0.jar:/root/.m2/repository/org/glassfish/hk2/external/jakarta.inject/2.5.0/jakarta.inject-2.5.0.jar:/root/.m2/repository/org/glassfish/hk2/hk2-utils/2.5.0/hk2-utils-2.5.0.jar:/root/.m2/repository/jakarta/annotation/jakarta.annotation-api/1.3.4/jakarta.annotation-api-1.3.4.jar:/root/.m2/repository/org/glassfish/hk2/external/aopalliance-repackaged/2.5.0/aopalliance-repackaged-2.5.0.jar:/root/.m2/repository/com/fasterxml/jackson/dataformat/jackson-dataformat-xml/2.9.0/jackson-dataformat-xml-2.9.0.jar:/root/.m2/repository/com/fasterxml/jackson/core/jackson-core/2.9.5/jackson-core-2.9.5.jar:/root/.m2/repository/com/fasterxml/jackson/module/jackson-module-jaxb-annotations/2.9.5/jackson-module-jaxb-annotations-2.9.5.jar:/root/.m2/repository/javax/enterprise/cdi-api/1.2/cdi-api-1.2.jar:/root/.m2/repository/javax/el/javax.el-api/3.0.0/javax.el-api-3.0.0.jar:/root/.m2/repository/javax/interceptor/javax.interceptor-api/1.2/javax.interceptor-api-1.2.jar:/root/.m2/repository/javax/inject/javax.inject/1/javax.inject-1.jar:/root/.m2/repository/com/sun/xml/bind/jaxb-impl/2.3.0.1/jaxb-impl-2.3.0.1.jar:/root/.m2/repository/com/sun/xml/bind/jaxb-core/2.3.0.1/jaxb-core-2.3.0.1.jar:/root/.m2/repository/javax/xml/bind/jaxb-api/2.3.0/jaxb-api-2.3.0.jar:/root/.m2/repository/javax/activation/activation/1.1.1/activation-1.1.1.jar:/root/.m2/repository/org/apache/hadoop/hadoop-ozone-csi/0.5.0-SNAPSHOT/hadoop-ozone-csi-0.5.0-SNAPSHOT.jar:/root/.m2/repository/com/google/protobuf/protobuf-java-util/3.5.1/protobuf-java-util-3.5.1.jar:/root/.m2/repository/org/apache/hadoop/hadoop-hdds-config/0.5.0-SNAPSHOT/hadoop-hdds-config-0.5.0-SNAPSHOT.jar:/root/.m2/repository/com/google/guava/guava/11.0.2/guava-11.0.2.jar:/root/.m2/repository/com/google/protobuf/protobuf-java/2.5.0/protobuf-java-2.5.0.jar:/root/.m2/repository/io/grpc/grpc-netty/1.17.1/grpc-netty-1.17.1.jar:/root/.m2/repository/io/grpc/grpc-core/1.17.1/grpc-core-1.17.1.jar:/root/.m2/repository/io/grpc/grpc-context/1.17.1/grpc-context-1.17.1.jar:/root/.m2/repository/com/google/errorprone/error_prone_annotations/2.2.0/error_prone_annotations-2.2.0.jar:/root/.m2/repository/org/codehaus/mojo/animal-sniffer-annotations/1.17/animal-sniffer-annotations-1.17.jar:/root/.m2/repository/io/opencensus/opencensus-api/0.17.0/opencensus-api-0.17.0.jar:/root/.m2/repository/io/opencensus/opencensus-contrib-grpc-metrics/0.17.0/opencensus-contrib-grpc-metrics-0.17.0.jar:/root/.m2/repository/io/netty/netty-codec-http2/4.1.30.Final/netty-codec-http2-4.1.30.Final.jar:/root/.m2/repository/io/netty/netty-codec-http/4.1.30.Final/netty-codec-http-4.1.30.Final.jar:/root/.m2/repository/io/netty/netty-codec/4.1.30.Final/netty-codec-4.1.30.Final.jar:/root/.m2/repository/io/netty/netty-handler/4.1.30.Final/netty-handler-4.1.30.Final.jar:/root/.m2/repository/io/netty/netty-handler-proxy/4.1.30.Final/netty-handler-proxy-4.1.30.Final.jar:/root/.m2/repository/io/netty/netty-codec-socks/4.1.30.Final/netty-codec-socks-4.1.30.Final.jar:/root/.m2/repository/io/netty/netty-transport-native-epoll/4.1.30.Final/netty-transport-native-epoll-4.1.30.Final.jar:/root/.m2/repository/io/netty/netty-common/4.1.30.Final/netty-common-4.1.30.Final.jar:/root/.m2/repository/io/netty/netty-buffer/4.1.30.Final/netty-buffer-4.1.30.Final.jar:/root/.m2/repository/io/netty/netty-transport/4.1.30.Final/netty-transport-4.1.30.Final.jar:/root/.m2/repository/io/netty/netty-resolver/4.1.30.Final/netty-resolver-4.1.30.Final.jar:/root/.m2/repository/io/netty/netty-transport-native-unix-common/4.1.30.Final/netty-transport-native-unix-common-4.1.30.Final.jar:/root/.m2/repository/io/grpc/grpc-protobuf/1.17.1/grpc-protobuf-1.17.1.jar:/root/.m2/repository/com/google/api/grpc/proto-google-common-protos/1.0.0/proto-google-common-protos-1.0.0.jar:/root/.m2/repository/io/grpc/grpc-protobuf-lite/1.17.1/grpc-protobuf-lite-1.17.1.jar:/root/.m2/repository/io/grpc/grpc-stub/1.17.1/grpc-stub-1.17.1.jar:/root/.m2/repository/org/apache/hadoop/hadoop-ozone-recon/0.5.0-SNAPSHOT/hadoop-ozone-recon-0.5.0-SNAPSHOT.jar:/root/.m2/repository/org/apache/hadoop/hadoop-ozone-reconcodegen/0.5.0-SNAPSHOT/hadoop-ozone-reconcodegen-0.5.0-SNAPSHOT.jar:/root/.m2/repository/com/google/inject/extensions/guice-multibindings/4.0/guice-multibindings-4.0.jar:/root/.m2/repository/com/google/inject/guice/4.0/guice-4.0.jar:/root/.m2/repository/aopalliance/aopalliance/1.0/aopalliance-1.0.jar:/root/.m2/repository/com/google/inject/extensions/guice-servlet/4.0/guice-servlet-4.0.jar:/root/.m2/repository/org/glassfish/jersey/containers/jersey-container-servlet/2.27/jersey-container-servlet-2.27.jar:/root/.m2/repository/org/glassfish/hk2/guice-bridge/2.5.0/guice-bridge-2.5.0.jar:/root/.m2/repository/org/glassfish/jersey/core/jersey-server/2.27/jersey-server-2.27.jar:/root/.m2/repository/org/glassfish/jersey/core/jersey-client/2.27/jersey-client-2.27.jar:/root/.m2/repository/org/glassfish/jersey/media/jersey-media-jaxb/2.27/jersey-media-jaxb-2.27.jar:/root/.m2/repository/javax/validation/validation-api/1.1.0.Final/validation-api-1.1.0.Final.jar:/root/.m2/repository/org/glassfish/jersey/media/jersey-media-json-jackson/2.27/jersey-media-json-jackson-2.27.jar:/root/.m2/repository/org/glassfish/jersey/ext/jersey-entity-filtering/2.27/jersey-entity-filtering-2.27.jar:/root/.m2/repository/com/google/inject/extensions/guice-assistedinject/4.0/guice-assistedinject-4.0.jar:/root/.m2/repository/org/jooq/jooq/3.11.10/jooq-3.11.10.jar:/root/.m2/repository/org/jooq/jooq-meta/3.11.10/jooq-meta-3.11.10.jar:/root/.m2/repository/org/jooq/jooq-codegen/3.11.10/jooq-codegen-3.11.10.jar:/root/.m2/repository/com/jolbox/bonecp/0.8.0.RELEASE/bonecp-0.8.0.RELEASE.jar:/root/.m2/repository/org/xerial/sqlite-jdbc/3.25.2/sqlite-jdbc-3.25.2.jar:/root/.m2/repository/org/springframework/spring-jdbc/5.1.3.RELEASE/spring-jdbc-5.1.3.RELEASE.jar:/root/.m2/repository/org/springframework/spring-beans/5.1.3.RELEASE/spring-beans-5.1.3.RELEASE.jar:/root/.m2/repository/org/springframework/spring-core/5.1.3.RELEASE/spring-core-5.1.3.RELEASE.jar:/root/.m2/repository/org/springframework/spring-jcl/5.1.3.RELEASE/spring-jcl-5.1.3.RELEASE.jar:/root/.m2/repository/org/springframework/spring-tx/5.1.3.RELEASE/spring-tx-5.1.3.RELEASE.jar:/root/.m2/repository/org/apache/hadoop/hadoop-ozone-client/0.5.0-SNAPSHOT/hadoop-ozone-client-0.5.0-SNAPSHOT.jar:/root/.m2/repository/org/apache/hadoop/hadoop-ozone-ozone-manager/0.5.0-SNAPSHOT/hadoop-ozone-ozone-manager-0.5.0-SNAPSHOT-tests.jar:/root/.m2/repository/junit/junit/4.11/junit-4.11.jar:/root/.m2/repository/org/hamcrest/hamcrest-core/1.3/hamcrest-core-1.3.jar:/root/.m2/repository/org/openjdk/jmh/jmh-core/1.19/jmh-core-1.19.jar:/root/.m2/repository/net/sf/jopt-simple/jopt-simple/4.6/jopt-simple-4.6.jar:/root/.m2/repository/org/apache/commons/commons-math3/3.1.1/commons-math3-3.1.1.jar:/root/.m2/repository/org/openjdk/jmh/jmh-generator-annprocess/1.19/jmh-generator-annprocess-1.19.jar:/root/.m2/repository/org/mockito/mockito-all/1.8.5/mockito-all-1.8.5.jar:/root/.m2/repository/org/apache/hadoop/hadoop-kms/3.2.0/hadoop-kms-3.2.0.jar:/root/.m2/repository/org/apache/hadoop/hadoop-auth/3.2.0/hadoop-auth-3.2.0.jar:/root/.m2/repository/com/nimbusds/nimbus-jose-jwt/4.41.1/nimbus-jose-jwt-4.41.1.jar:/root/.m2/repository/com/github/stephenc/jcip/jcip-annotations/1.0-1/jcip-annotations-1.0-1.jar:/root/.m2/repository/net/minidev/json-smart/2.3/json-smart-2.3.jar:/root/.m2/repository/net/minidev/accessors-smart/1.2/accessors-smart-1.2.jar:/root/.m2/repository/org/ow2/asm/asm/5.0.4/asm-5.0.4.jar:/root/.m2/repository/org/apache/curator/curator-framework/2.12.0/curator-framework-2.12.0.jar:/root/.m2/repository/com/sun/jersey/jersey-core/1.19/jersey-core-1.19.jar:/root/.m2/repository/javax/ws/rs/jsr311-api/1.1.1/jsr311-api-1.1.1.jar:/root/.m2/repository/com/sun/jersey/jersey-server/1.19/jersey-server-1.19.jar:/root/.m2/repository/javax/servlet/javax.servlet-api/3.1.0/javax.servlet-api-3.1.0.jar:/root/.m2/repository/org/eclipse/jetty/jetty-server/9.3.24.v20180605/jetty-server-9.3.24.v20180605.jar:/root/.m2/repository/org/eclipse/jetty/jetty-http/9.3.24.v20180605/jetty-http-9.3.24.v20180605.jar:/root/.m2/repository/org/eclipse/jetty/jetty-io/9.3.24.v20180605/jetty-io-9.3.24.v20180605.jar:/root/.m2/repository/org/eclipse/jetty/jetty-webapp/9.3.24.v20180605/jetty-webapp-9.3.24.v20180605.jar:/root/.m2/repository/org/eclipse/jetty/jetty-xml/9.3.24.v20180605/jetty-xml-9.3.24.v20180605.jar:/root/.m2/repository/log4j/log4j/1.2.17/log4j-1.2.17.jar:/root/.m2/repository/org/slf4j/slf4j-api/1.7.25/slf4j-api-1.7.25.jar:/root/.m2/repository/org/slf4j/jul-to-slf4j/1.7.25/jul-to-slf4j-1.7.25.jar:/root/.m2/repository/org/eclipse/jetty/jetty-util/9.3.24.v20180605/jetty-util-9.3.24.v20180605.jar:/root/.m2/repository/io/dropwizard/metrics/metrics-core/3.2.4/metrics-core-3.2.4.jar:/root/.m2/repository/com/fasterxml/jackson/core/jackson-databind/2.9.5/jackson-databind-2.9.5.jar:/root/.m2/repository/org/apache/hadoop/hadoop-kms/3.2.0/hadoop-kms-3.2.0-tests.jar:/root/.m2/repository/org/apache/hadoop/hadoop-hdds-server-scm/0.5.0-SNAPSHOT/hadoop-hdds-server-scm-0.5.0-SNAPSHOT-tests.jar:/root/.m2/repository/org/hamcrest/hamcrest-all/1.3/hamcrest-all-1.3.jar:/root/.m2/repository/info/picocli/picocli/3.9.6/picocli-3.9.6.jar:/root/.m2/repository/org/apache/hadoop/hadoop-hdds-container-service/0.5.0-SNAPSHOT/hadoop-hdds-container-service-0.5.0-SNAPSHOT-tests.jar:/root/.m2/repository/org/yaml/snakeyaml/1.16/snakeyaml-1.16.jar:/root/.m2/repository/org/apache/hadoop/hadoop-common/3.2.0/hadoop-common-3.2.0-tests.jar:/root/.m2/repository/org/apache/hadoop/hadoop-annotations/3.2.0/hadoop-annotations-3.2.0.jar:/usr/lib/jvm/java-1.8-openjdk/jre/../lib/tools.jar:/root/.m2/repository/commons-cli/commons-cli/1.2/commons-cli-1.2.jar:/root/.m2/repository/org/apache/httpcomponents/httpclient/4.5.2/httpclient-4.5.2.jar:/root/.m2/repository/org/apache/httpcomponents/httpcore/4.4.4/httpcore-4.4.4.jar:/root/.m2/repository/commons-codec/commons-codec/1.11/commons-codec-1.11.jar:/root/.m2/repository/commons-net/commons-net/3.6/commons-net-3.6.jar:/root/.m2/repository/commons-collections/commons-collections/3.2.2/commons-collections-3.2.2.jar:/root/.m2/repository/org/eclipse/jetty/jetty-servlet/9.3.24.v20180605/jetty-servlet-9.3.24.v20180605.jar:/root/.m2/repository/org/eclipse/jetty/jetty-security/9.3.24.v20180605/jetty-security-9.3.24.v20180605.jar:/root/.m2/repository/javax/servlet/jsp/jsp-api/2.1/jsp-api-2.1.jar:/root/.m2/repository/com/sun/jersey/jersey-servlet/1.19/jersey-servlet-1.19.jar:/root/.m2/repository/com/sun/jersey/jersey-json/1.19/jersey-json-1.19.jar:/root/.m2/repository/org/codehaus/jettison/jettison/1.1/jettison-1.1.jar:/root/.m2/repository/org/codehaus/jackson/jackson-core-asl/1.9.13/jackson-core-asl-1.9.13.jar:/root/.m2/repository/org/codehaus/jackson/jackson-mapper-asl/1.9.13/jackson-mapper-asl-1.9.13.jar:/root/.m2/repository/org/codehaus/jackson/jackson-jaxrs/1.9.13/jackson-jaxrs-1.9.13.jar:/root/.m2/repository/org/codehaus/jackson/jackson-xc/1.9.13/jackson-xc-1.9.13.jar:/root/.m2/repository/commons-logging/commons-logging/1.1.3/commons-logging-1.1.3.jar:/root/.m2/repository/commons-beanutils/commons-beanutils/1.9.3/commons-beanutils-1.9.3.jar:/root/.m2/repository/org/apache/commons/commons-configuration2/2.1.1/commons-configuration2-2.1.1.jar:/root/.m2/repository/org/apache/commons/commons-lang3/3.7/commons-lang3-3.7.jar:/root/.m2/repository/org/apache/commons/commons-text/1.4/commons-text-1.4.jar:/root/.m2/repository/org/apache/avro/avro/1.7.7/avro-1.7.7.jar:/root/.m2/repository/com/thoughtworks/paranamer/paranamer/2.3/paranamer-2.3.jar:/root/.m2/repository/org/xerial/snappy/snappy-java/1.0.5/snappy-java-1.0.5.jar:/root/.m2/repository/com/google/re2j/re2j/1.1/re2j-1.1.jar:/root/.m2/repository/com/google/code/gson/gson/2.2.4/gson-2.2.4.jar:/root/.m2/repository/com/jcraft/jsch/0.1.54/jsch-0.1.54.jar:/root/.m2/repository/org/apache/curator/curator-client/2.12.0/curator-client-2.12.0.jar:/root/.m2/repository/org/apache/curator/curator-recipes/2.12.0/curator-recipes-2.12.0.jar:/root/.m2/repository/com/google/code/findbugs/jsr305/3.0.0/jsr305-3.0.0.jar:/root/.m2/repository/org/apache/htrace/htrace-core4/4.1.0-incubating/htrace-core4-4.1.0-incubating.jar:/root/.m2/repository/org/apache/zookeeper/zookeeper/3.4.13/zookeeper-3.4.13.jar:/root/.m2/repository/org/apache/yetus/audience-annotations/0.5.0/audience-annotations-0.5.0.jar:/root/.m2/repository/org/codehaus/woodstox/stax2-api/3.1.4/stax2-api-3.1.4.jar:/root/.m2/repository/com/fasterxml/woodstox/woodstox-core/5.0.3/woodstox-core-5.0.3.jar:/root/.m2/repository/dnsjava/dnsjava/2.1.7/dnsjava-2.1.7.jar:/root/.m2/repository/org/apache/hadoop/hadoop-hdfs/3.2.0/hadoop-hdfs-3.2.0-tests.jar:/root/.m2/repository/org/eclipse/jetty/jetty-util-ajax/9.3.24.v20180605/jetty-util-ajax-9.3.24.v20180605.jar:/root/.m2/repository/commons-daemon/commons-daemon/1.0.13/commons-daemon-1.0.13.jar:/root/.m2/repository/io/netty/netty/3.10.5.Final/netty-3.10.5.Final.jar:/root/.m2/repository/io/netty/netty-all/4.0.52.Final/netty-all-4.0.52.Final.jar:/root/.m2/repository/org/fusesource/leveldbjni/leveldbjni-all/1.8/leveldbjni-all-1.8.jar:"/>
    <property name="java.vm.vendor" value="IcedTea"/>
    <property name="sun.arch.data.model" value="64"/>
    <property name="test.build.dir" value="/opt/src/hadoop-ozone/integration-test/target/test-dir"/>
    <property name="test.cache.data" value=""/>
    <property name="java.vendor.url" value="https://icedtea.classpath.org"/>
    <property name="user.timezone" value=""/>
    <property name="java.vm.specification.version" value="1.8"/>
    <property name="os.name" value="Linux"/>
    <property name="test.build.data" value="/opt/src/hadoop-ozone/integration-test/target/test-dir"/>
    <property name="user.country" value="US"/>
    <property name="sun.java.launcher" value="SUN_STANDARD"/>
    <property name="sun.boot.library.path" value="/usr/lib/jvm/java-1.8-openjdk/jre/lib/amd64"/>
    <property name="sun.java.command" value="/opt/src/hadoop-ozone/integration-test/target/surefire/surefirebooter964515281464449068.jar /opt/src/hadoop-ozone/integration-test/target/surefire 2019-06-12T15-10-46_452-jvmRun1 surefire4039514104579472523tmp surefire_83554308393518727449tmp"/>
    <property name="surefire.test.class.path" value="/opt/src/hadoop-ozone/integration-test/target/test-classes:/opt/src/hadoop-ozone/integration-test/target/classes:/root/.m2/repository/org/apache/hadoop/hadoop-ozone-common/0.5.0-SNAPSHOT/hadoop-ozone-common-0.5.0-SNAPSHOT.jar:/root/.m2/repository/org/apache/commons/commons-compress/1.4.1/commons-compress-1.4.1.jar:/root/.m2/repository/org/tukaani/xz/1.0/xz-1.0.jar:/root/.m2/repository/org/apache/hadoop/hadoop-common/3.2.0/hadoop-common-3.2.0.jar:/root/.m2/repository/org/apache/hadoop/hadoop-hdfs/3.2.0/hadoop-hdfs-3.2.0.jar:/root/.m2/repository/org/apache/hadoop/hadoop-hdfs-client/3.2.0/hadoop-hdfs-client-3.2.0.jar:/root/.m2/repository/com/fasterxml/jackson/core/jackson-annotations/2.9.5/jackson-annotations-2.9.5.jar:/root/.m2/repository/org/apache/hadoop/hadoop-hdds-common/0.5.0-SNAPSHOT/hadoop-hdds-common-0.5.0-SNAPSHOT.jar:/root/.m2/repository/javax/annotation/javax.annotation-api/1.2/javax.annotation-api-1.2.jar:/root/.m2/repository/org/apache/ratis/ratis-server/0.4.0-fe2b15d-SNAPSHOT/ratis-server-0.4.0-fe2b15d-SNAPSHOT.jar:/root/.m2/repository/org/apache/ratis/ratis-thirdparty-misc/0.2.0/ratis-thirdparty-misc-0.2.0.jar:/root/.m2/repository/org/apache/ratis/ratis-proto/0.4.0-fe2b15d-SNAPSHOT/ratis-proto-0.4.0-fe2b15d-SNAPSHOT.jar:/root/.m2/repository/org/apache/ratis/ratis-common/0.4.0-fe2b15d-SNAPSHOT/ratis-common-0.4.0-fe2b15d-SNAPSHOT.jar:/root/.m2/repository/org/apache/ratis/ratis-client/0.4.0-fe2b15d-SNAPSHOT/ratis-client-0.4.0-fe2b15d-SNAPSHOT.jar:/root/.m2/repository/org/apache/ratis/ratis-netty/0.4.0-fe2b15d-SNAPSHOT/ratis-netty-0.4.0-fe2b15d-SNAPSHOT.jar:/root/.m2/repository/org/apache/ratis/ratis-grpc/0.4.0-fe2b15d-SNAPSHOT/ratis-grpc-0.4.0-fe2b15d-SNAPSHOT.jar:/root/.m2/repository/org/rocksdb/rocksdbjni/5.14.2/rocksdbjni-5.14.2.jar:/root/.m2/repository/org/apache/logging/log4j/log4j-api/2.11.0/log4j-api-2.11.0.jar:/root/.m2/repository/org/apache/logging/log4j/log4j-core/2.11.0/log4j-core-2.11.0.jar:/root/.m2/repository/com/lmax/disruptor/3.4.2/disruptor-3.4.2.jar:/root/.m2/repository/org/apache/commons/commons-pool2/2.6.0/commons-pool2-2.6.0.jar:/root/.m2/repository/org/bouncycastle/bcpkix-jdk15on/1.60/bcpkix-jdk15on-1.60.jar:/root/.m2/repository/commons-validator/commons-validator/1.6/commons-validator-1.6.jar:/root/.m2/repository/commons-digester/commons-digester/1.8.1/commons-digester-1.8.1.jar:/root/.m2/repository/io/jaegertracing/jaeger-client/0.33.1/jaeger-client-0.33.1.jar:/root/.m2/repository/io/jaegertracing/jaeger-thrift/0.33.1/jaeger-thrift-0.33.1.jar:/root/.m2/repository/org/apache/thrift/libthrift/0.11.0/libthrift-0.11.0.jar:/root/.m2/repository/com/squareup/okhttp3/okhttp/3.9.0/okhttp-3.9.0.jar:/root/.m2/repository/com/squareup/okio/okio/1.13.0/okio-1.13.0.jar:/root/.m2/repository/io/jaegertracing/jaeger-core/0.33.1/jaeger-core-0.33.1.jar:/root/.m2/repository/io/jaegertracing/jaeger-tracerresolver/0.33.1/jaeger-tracerresolver-0.33.1.jar:/root/.m2/repository/io/opentracing/contrib/opentracing-tracerresolver/0.1.5/opentracing-tracerresolver-0.1.5.jar:/root/.m2/repository/io/opentracing/opentracing-util/0.31.0/opentracing-util-0.31.0.jar:/root/.m2/repository/io/opentracing/opentracing-api/0.31.0/opentracing-api-0.31.0.jar:/root/.m2/repository/io/opentracing/opentracing-noop/0.31.0/opentracing-noop-0.31.0.jar:/root/.m2/repository/org/apache/hadoop/hadoop-hdds-server-framework/0.5.0-SNAPSHOT/hadoop-hdds-server-framework-0.5.0-SNAPSHOT.jar:/root/.m2/repository/org/apache/hadoop/hadoop-hdds-server-scm/0.5.0-SNAPSHOT/hadoop-hdds-server-scm-0.5.0-SNAPSHOT.jar:/root/.m2/repository/org/apache/hadoop/hadoop-hdds-container-service/0.5.0-SNAPSHOT/hadoop-hdds-container-service-0.5.0-SNAPSHOT.jar:/root/.m2/repository/org/apache/hadoop/hadoop-hdds-client/0.5.0-SNAPSHOT/hadoop-hdds-client-0.5.0-SNAPSHOT.jar:/root/.m2/repository/org/apache/hadoop/hadoop-hdds-tools/0.5.0-SNAPSHOT/hadoop-hdds-tools-0.5.0-SNAPSHOT.jar:/root/.m2/repository/org/apache/hadoop/hadoop-ozone-ozone-manager/0.5.0-SNAPSHOT/hadoop-ozone-ozone-manager-0.5.0-SNAPSHOT.jar:/root/.m2/repository/org/apache/hadoop/hadoop-hdds-docs/0.5.0-SNAPSHOT/hadoop-hdds-docs-0.5.0-SNAPSHOT.jar:/root/.m2/repository/org/bouncycastle/bcprov-jdk15on/1.60/bcprov-jdk15on-1.60.jar:/root/.m2/repository/org/apache/hadoop/hadoop-minikdc/3.2.0/hadoop-minikdc-3.2.0.jar:/root/.m2/repository/commons-io/commons-io/2.5/commons-io-2.5.jar:/root/.m2/repository/org/apache/kerby/kerb-simplekdc/1.0.1/kerb-simplekdc-1.0.1.jar:/root/.m2/repository/org/apache/kerby/kerb-client/1.0.1/kerb-client-1.0.1.jar:/root/.m2/repository/org/apache/kerby/kerby-config/1.0.1/kerby-config-1.0.1.jar:/root/.m2/repository/org/apache/kerby/kerb-core/1.0.1/kerb-core-1.0.1.jar:/root/.m2/repository/org/apache/kerby/kerby-pkix/1.0.1/kerby-pkix-1.0.1.jar:/root/.m2/repository/org/apache/kerby/kerby-asn1/1.0.1/kerby-asn1-1.0.1.jar:/root/.m2/repository/org/apache/kerby/kerby-util/1.0.1/kerby-util-1.0.1.jar:/root/.m2/repository/org/apache/kerby/kerb-common/1.0.1/kerb-common-1.0.1.jar:/root/.m2/repository/org/apache/kerby/kerb-crypto/1.0.1/kerb-crypto-1.0.1.jar:/root/.m2/repository/org/apache/kerby/kerb-util/1.0.1/kerb-util-1.0.1.jar:/root/.m2/repository/org/apache/kerby/token-provider/1.0.1/token-provider-1.0.1.jar:/root/.m2/repository/org/apache/kerby/kerb-admin/1.0.1/kerb-admin-1.0.1.jar:/root/.m2/repository/org/apache/kerby/kerb-server/1.0.1/kerb-server-1.0.1.jar:/root/.m2/repository/org/apache/kerby/kerb-identity/1.0.1/kerb-identity-1.0.1.jar:/root/.m2/repository/org/apache/kerby/kerby-xdr/1.0.1/kerby-xdr-1.0.1.jar:/root/.m2/repository/org/slf4j/slf4j-log4j12/1.7.25/slf4j-log4j12-1.7.25.jar:/root/.m2/repository/org/apache/hadoop/hadoop-ozone-objectstore-service/0.5.0-SNAPSHOT/hadoop-ozone-objectstore-service-0.5.0-SNAPSHOT.jar:/root/.m2/repository/org/apache/hadoop/hadoop-ozone-s3gateway/0.5.0-SNAPSHOT/hadoop-ozone-s3gateway-0.5.0-SNAPSHOT.jar:/root/.m2/repository/org/jboss/weld/servlet/weld-servlet/2.4.7.Final/weld-servlet-2.4.7.Final.jar:/root/.m2/repository/org/glassfish/jersey/containers/jersey-container-servlet-core/2.27/jersey-container-servlet-core-2.27.jar:/root/.m2/repository/org/glassfish/hk2/external/javax.inject/2.5.0-b42/javax.inject-2.5.0-b42.jar:/root/.m2/repository/org/glassfish/jersey/core/jersey-common/2.27/jersey-common-2.27.jar:/root/.m2/repository/org/glassfish/hk2/osgi-resource-locator/1.0.1/osgi-resource-locator-1.0.1.jar:/root/.m2/repository/javax/ws/rs/javax.ws.rs-api/2.1/javax.ws.rs-api-2.1.jar:/root/.m2/repository/org/glassfish/jersey/ext/cdi/jersey-cdi1x/2.27/jersey-cdi1x-2.27.jar:/root/.m2/repository/org/glassfish/jersey/inject/jersey-hk2/2.27/jersey-hk2-2.27.jar:/root/.m2/repository/org/glassfish/hk2/hk2-locator/2.5.0-b42/hk2-locator-2.5.0-b42.jar:/root/.m2/repository/org/javassist/javassist/3.22.0-CR2/javassist-3.22.0-CR2.jar:/root/.m2/repository/org/glassfish/hk2/hk2-api/2.5.0/hk2-api-2.5.0.jar:/root/.m2/repository/org/glassfish/hk2/external/jakarta.inject/2.5.0/jakarta.inject-2.5.0.jar:/root/.m2/repository/org/glassfish/hk2/hk2-utils/2.5.0/hk2-utils-2.5.0.jar:/root/.m2/repository/jakarta/annotation/jakarta.annotation-api/1.3.4/jakarta.annotation-api-1.3.4.jar:/root/.m2/repository/org/glassfish/hk2/external/aopalliance-repackaged/2.5.0/aopalliance-repackaged-2.5.0.jar:/root/.m2/repository/com/fasterxml/jackson/dataformat/jackson-dataformat-xml/2.9.0/jackson-dataformat-xml-2.9.0.jar:/root/.m2/repository/com/fasterxml/jackson/core/jackson-core/2.9.5/jackson-core-2.9.5.jar:/root/.m2/repository/com/fasterxml/jackson/module/jackson-module-jaxb-annotations/2.9.5/jackson-module-jaxb-annotations-2.9.5.jar:/root/.m2/repository/javax/enterprise/cdi-api/1.2/cdi-api-1.2.jar:/root/.m2/repository/javax/el/javax.el-api/3.0.0/javax.el-api-3.0.0.jar:/root/.m2/repository/javax/interceptor/javax.interceptor-api/1.2/javax.interceptor-api-1.2.jar:/root/.m2/repository/javax/inject/javax.inject/1/javax.inject-1.jar:/root/.m2/repository/com/sun/xml/bind/jaxb-impl/2.3.0.1/jaxb-impl-2.3.0.1.jar:/root/.m2/repository/com/sun/xml/bind/jaxb-core/2.3.0.1/jaxb-core-2.3.0.1.jar:/root/.m2/repository/javax/xml/bind/jaxb-api/2.3.0/jaxb-api-2.3.0.jar:/root/.m2/repository/javax/activation/activation/1.1.1/activation-1.1.1.jar:/root/.m2/repository/org/apache/hadoop/hadoop-ozone-csi/0.5.0-SNAPSHOT/hadoop-ozone-csi-0.5.0-SNAPSHOT.jar:/root/.m2/repository/com/google/protobuf/protobuf-java-util/3.5.1/protobuf-java-util-3.5.1.jar:/root/.m2/repository/org/apache/hadoop/hadoop-hdds-config/0.5.0-SNAPSHOT/hadoop-hdds-config-0.5.0-SNAPSHOT.jar:/root/.m2/repository/com/google/guava/guava/11.0.2/guava-11.0.2.jar:/root/.m2/repository/com/google/protobuf/protobuf-java/2.5.0/protobuf-java-2.5.0.jar:/root/.m2/repository/io/grpc/grpc-netty/1.17.1/grpc-netty-1.17.1.jar:/root/.m2/repository/io/grpc/grpc-core/1.17.1/grpc-core-1.17.1.jar:/root/.m2/repository/io/grpc/grpc-context/1.17.1/grpc-context-1.17.1.jar:/root/.m2/repository/com/google/errorprone/error_prone_annotations/2.2.0/error_prone_annotations-2.2.0.jar:/root/.m2/repository/org/codehaus/mojo/animal-sniffer-annotations/1.17/animal-sniffer-annotations-1.17.jar:/root/.m2/repository/io/opencensus/opencensus-api/0.17.0/opencensus-api-0.17.0.jar:/root/.m2/repository/io/opencensus/opencensus-contrib-grpc-metrics/0.17.0/opencensus-contrib-grpc-metrics-0.17.0.jar:/root/.m2/repository/io/netty/netty-codec-http2/4.1.30.Final/netty-codec-http2-4.1.30.Final.jar:/root/.m2/repository/io/netty/netty-codec-http/4.1.30.Final/netty-codec-http-4.1.30.Final.jar:/root/.m2/repository/io/netty/netty-codec/4.1.30.Final/netty-codec-4.1.30.Final.jar:/root/.m2/repository/io/netty/netty-handler/4.1.30.Final/netty-handler-4.1.30.Final.jar:/root/.m2/repository/io/netty/netty-handler-proxy/4.1.30.Final/netty-handler-proxy-4.1.30.Final.jar:/root/.m2/repository/io/netty/netty-codec-socks/4.1.30.Final/netty-codec-socks-4.1.30.Final.jar:/root/.m2/repository/io/netty/netty-transport-native-epoll/4.1.30.Final/netty-transport-native-epoll-4.1.30.Final.jar:/root/.m2/repository/io/netty/netty-common/4.1.30.Final/netty-common-4.1.30.Final.jar:/root/.m2/repository/io/netty/netty-buffer/4.1.30.Final/netty-buffer-4.1.30.Final.jar:/root/.m2/repository/io/netty/netty-transport/4.1.30.Final/netty-transport-4.1.30.Final.jar:/root/.m2/repository/io/netty/netty-resolver/4.1.30.Final/netty-resolver-4.1.30.Final.jar:/root/.m2/repository/io/netty/netty-transport-native-unix-common/4.1.30.Final/netty-transport-native-unix-common-4.1.30.Final.jar:/root/.m2/repository/io/grpc/grpc-protobuf/1.17.1/grpc-protobuf-1.17.1.jar:/root/.m2/repository/com/google/api/grpc/proto-google-common-protos/1.0.0/proto-google-common-protos-1.0.0.jar:/root/.m2/repository/io/grpc/grpc-protobuf-lite/1.17.1/grpc-protobuf-lite-1.17.1.jar:/root/.m2/repository/io/grpc/grpc-stub/1.17.1/grpc-stub-1.17.1.jar:/root/.m2/repository/org/apache/hadoop/hadoop-ozone-recon/0.5.0-SNAPSHOT/hadoop-ozone-recon-0.5.0-SNAPSHOT.jar:/root/.m2/repository/org/apache/hadoop/hadoop-ozone-reconcodegen/0.5.0-SNAPSHOT/hadoop-ozone-reconcodegen-0.5.0-SNAPSHOT.jar:/root/.m2/repository/com/google/inject/extensions/guice-multibindings/4.0/guice-multibindings-4.0.jar:/root/.m2/repository/com/google/inject/guice/4.0/guice-4.0.jar:/root/.m2/repository/aopalliance/aopalliance/1.0/aopalliance-1.0.jar:/root/.m2/repository/com/google/inject/extensions/guice-servlet/4.0/guice-servlet-4.0.jar:/root/.m2/repository/org/glassfish/jersey/containers/jersey-container-servlet/2.27/jersey-container-servlet-2.27.jar:/root/.m2/repository/org/glassfish/hk2/guice-bridge/2.5.0/guice-bridge-2.5.0.jar:/root/.m2/repository/org/glassfish/jersey/core/jersey-server/2.27/jersey-server-2.27.jar:/root/.m2/repository/org/glassfish/jersey/core/jersey-client/2.27/jersey-client-2.27.jar:/root/.m2/repository/org/glassfish/jersey/media/jersey-media-jaxb/2.27/jersey-media-jaxb-2.27.jar:/root/.m2/repository/javax/validation/validation-api/1.1.0.Final/validation-api-1.1.0.Final.jar:/root/.m2/repository/org/glassfish/jersey/media/jersey-media-json-jackson/2.27/jersey-media-json-jackson-2.27.jar:/root/.m2/repository/org/glassfish/jersey/ext/jersey-entity-filtering/2.27/jersey-entity-filtering-2.27.jar:/root/.m2/repository/com/google/inject/extensions/guice-assistedinject/4.0/guice-assistedinject-4.0.jar:/root/.m2/repository/org/jooq/jooq/3.11.10/jooq-3.11.10.jar:/root/.m2/repository/org/jooq/jooq-meta/3.11.10/jooq-meta-3.11.10.jar:/root/.m2/repository/org/jooq/jooq-codegen/3.11.10/jooq-codegen-3.11.10.jar:/root/.m2/repository/com/jolbox/bonecp/0.8.0.RELEASE/bonecp-0.8.0.RELEASE.jar:/root/.m2/repository/org/xerial/sqlite-jdbc/3.25.2/sqlite-jdbc-3.25.2.jar:/root/.m2/repository/org/springframework/spring-jdbc/5.1.3.RELEASE/spring-jdbc-5.1.3.RELEASE.jar:/root/.m2/repository/org/springframework/spring-beans/5.1.3.RELEASE/spring-beans-5.1.3.RELEASE.jar:/root/.m2/repository/org/springframework/spring-core/5.1.3.RELEASE/spring-core-5.1.3.RELEASE.jar:/root/.m2/repository/org/springframework/spring-jcl/5.1.3.RELEASE/spring-jcl-5.1.3.RELEASE.jar:/root/.m2/repository/org/springframework/spring-tx/5.1.3.RELEASE/spring-tx-5.1.3.RELEASE.jar:/root/.m2/repository/org/apache/hadoop/hadoop-ozone-client/0.5.0-SNAPSHOT/hadoop-ozone-client-0.5.0-SNAPSHOT.jar:/root/.m2/repository/org/apache/hadoop/hadoop-ozone-ozone-manager/0.5.0-SNAPSHOT/hadoop-ozone-ozone-manager-0.5.0-SNAPSHOT-tests.jar:/root/.m2/repository/junit/junit/4.11/junit-4.11.jar:/root/.m2/repository/org/hamcrest/hamcrest-core/1.3/hamcrest-core-1.3.jar:/root/.m2/repository/org/openjdk/jmh/jmh-core/1.19/jmh-core-1.19.jar:/root/.m2/repository/net/sf/jopt-simple/jopt-simple/4.6/jopt-simple-4.6.jar:/root/.m2/repository/org/apache/commons/commons-math3/3.1.1/commons-math3-3.1.1.jar:/root/.m2/repository/org/openjdk/jmh/jmh-generator-annprocess/1.19/jmh-generator-annprocess-1.19.jar:/root/.m2/repository/org/mockito/mockito-all/1.8.5/mockito-all-1.8.5.jar:/root/.m2/repository/org/apache/hadoop/hadoop-kms/3.2.0/hadoop-kms-3.2.0.jar:/root/.m2/repository/org/apache/hadoop/hadoop-auth/3.2.0/hadoop-auth-3.2.0.jar:/root/.m2/repository/com/nimbusds/nimbus-jose-jwt/4.41.1/nimbus-jose-jwt-4.41.1.jar:/root/.m2/repository/com/github/stephenc/jcip/jcip-annotations/1.0-1/jcip-annotations-1.0-1.jar:/root/.m2/repository/net/minidev/json-smart/2.3/json-smart-2.3.jar:/root/.m2/repository/net/minidev/accessors-smart/1.2/accessors-smart-1.2.jar:/root/.m2/repository/org/ow2/asm/asm/5.0.4/asm-5.0.4.jar:/root/.m2/repository/org/apache/curator/curator-framework/2.12.0/curator-framework-2.12.0.jar:/root/.m2/repository/com/sun/jersey/jersey-core/1.19/jersey-core-1.19.jar:/root/.m2/repository/javax/ws/rs/jsr311-api/1.1.1/jsr311-api-1.1.1.jar:/root/.m2/repository/com/sun/jersey/jersey-server/1.19/jersey-server-1.19.jar:/root/.m2/repository/javax/servlet/javax.servlet-api/3.1.0/javax.servlet-api-3.1.0.jar:/root/.m2/repository/org/eclipse/jetty/jetty-server/9.3.24.v20180605/jetty-server-9.3.24.v20180605.jar:/root/.m2/repository/org/eclipse/jetty/jetty-http/9.3.24.v20180605/jetty-http-9.3.24.v20180605.jar:/root/.m2/repository/org/eclipse/jetty/jetty-io/9.3.24.v20180605/jetty-io-9.3.24.v20180605.jar:/root/.m2/repository/org/eclipse/jetty/jetty-webapp/9.3.24.v20180605/jetty-webapp-9.3.24.v20180605.jar:/root/.m2/repository/org/eclipse/jetty/jetty-xml/9.3.24.v20180605/jetty-xml-9.3.24.v20180605.jar:/root/.m2/repository/log4j/log4j/1.2.17/log4j-1.2.17.jar:/root/.m2/repository/org/slf4j/slf4j-api/1.7.25/slf4j-api-1.7.25.jar:/root/.m2/repository/org/slf4j/jul-to-slf4j/1.7.25/jul-to-slf4j-1.7.25.jar:/root/.m2/repository/org/eclipse/jetty/jetty-util/9.3.24.v20180605/jetty-util-9.3.24.v20180605.jar:/root/.m2/repository/io/dropwizard/metrics/metrics-core/3.2.4/metrics-core-3.2.4.jar:/root/.m2/repository/com/fasterxml/jackson/core/jackson-databind/2.9.5/jackson-databind-2.9.5.jar:/root/.m2/repository/org/apache/hadoop/hadoop-kms/3.2.0/hadoop-kms-3.2.0-tests.jar:/root/.m2/repository/org/apache/hadoop/hadoop-hdds-server-scm/0.5.0-SNAPSHOT/hadoop-hdds-server-scm-0.5.0-SNAPSHOT-tests.jar:/root/.m2/repository/org/hamcrest/hamcrest-all/1.3/hamcrest-all-1.3.jar:/root/.m2/repository/info/picocli/picocli/3.9.6/picocli-3.9.6.jar:/root/.m2/repository/org/apache/hadoop/hadoop-hdds-container-service/0.5.0-SNAPSHOT/hadoop-hdds-container-service-0.5.0-SNAPSHOT-tests.jar:/root/.m2/repository/org/yaml/snakeyaml/1.16/snakeyaml-1.16.jar:/root/.m2/repository/org/apache/hadoop/hadoop-common/3.2.0/hadoop-common-3.2.0-tests.jar:/root/.m2/repository/org/apache/hadoop/hadoop-annotations/3.2.0/hadoop-annotations-3.2.0.jar:/usr/lib/jvm/java-1.8-openjdk/jre/../lib/tools.jar:/root/.m2/repository/commons-cli/commons-cli/1.2/commons-cli-1.2.jar:/root/.m2/repository/org/apache/httpcomponents/httpclient/4.5.2/httpclient-4.5.2.jar:/root/.m2/repository/org/apache/httpcomponents/httpcore/4.4.4/httpcore-4.4.4.jar:/root/.m2/repository/commons-codec/commons-codec/1.11/commons-codec-1.11.jar:/root/.m2/repository/commons-net/commons-net/3.6/commons-net-3.6.jar:/root/.m2/repository/commons-collections/commons-collections/3.2.2/commons-collections-3.2.2.jar:/root/.m2/repository/org/eclipse/jetty/jetty-servlet/9.3.24.v20180605/jetty-servlet-9.3.24.v20180605.jar:/root/.m2/repository/org/eclipse/jetty/jetty-security/9.3.24.v20180605/jetty-security-9.3.24.v20180605.jar:/root/.m2/repository/javax/servlet/jsp/jsp-api/2.1/jsp-api-2.1.jar:/root/.m2/repository/com/sun/jersey/jersey-servlet/1.19/jersey-servlet-1.19.jar:/root/.m2/repository/com/sun/jersey/jersey-json/1.19/jersey-json-1.19.jar:/root/.m2/repository/org/codehaus/jettison/jettison/1.1/jettison-1.1.jar:/root/.m2/repository/org/codehaus/jackson/jackson-core-asl/1.9.13/jackson-core-asl-1.9.13.jar:/root/.m2/repository/org/codehaus/jackson/jackson-mapper-asl/1.9.13/jackson-mapper-asl-1.9.13.jar:/root/.m2/repository/org/codehaus/jackson/jackson-jaxrs/1.9.13/jackson-jaxrs-1.9.13.jar:/root/.m2/repository/org/codehaus/jackson/jackson-xc/1.9.13/jackson-xc-1.9.13.jar:/root/.m2/repository/commons-logging/commons-logging/1.1.3/commons-logging-1.1.3.jar:/root/.m2/repository/commons-beanutils/commons-beanutils/1.9.3/commons-beanutils-1.9.3.jar:/root/.m2/repository/org/apache/commons/commons-configuration2/2.1.1/commons-configuration2-2.1.1.jar:/root/.m2/repository/org/apache/commons/commons-lang3/3.7/commons-lang3-3.7.jar:/root/.m2/repository/org/apache/commons/commons-text/1.4/commons-text-1.4.jar:/root/.m2/repository/org/apache/avro/avro/1.7.7/avro-1.7.7.jar:/root/.m2/repository/com/thoughtworks/paranamer/paranamer/2.3/paranamer-2.3.jar:/root/.m2/repository/org/xerial/snappy/snappy-java/1.0.5/snappy-java-1.0.5.jar:/root/.m2/repository/com/google/re2j/re2j/1.1/re2j-1.1.jar:/root/.m2/repository/com/google/code/gson/gson/2.2.4/gson-2.2.4.jar:/root/.m2/repository/com/jcraft/jsch/0.1.54/jsch-0.1.54.jar:/root/.m2/repository/org/apache/curator/curator-client/2.12.0/curator-client-2.12.0.jar:/root/.m2/repository/org/apache/curator/curator-recipes/2.12.0/curator-recipes-2.12.0.jar:/root/.m2/repository/com/google/code/findbugs/jsr305/3.0.0/jsr305-3.0.0.jar:/root/.m2/repository/org/apache/htrace/htrace-core4/4.1.0-incubating/htrace-core4-4.1.0-incubating.jar:/root/.m2/repository/org/apache/zookeeper/zookeeper/3.4.13/zookeeper-3.4.13.jar:/root/.m2/repository/org/apache/yetus/audience-annotations/0.5.0/audience-annotations-0.5.0.jar:/root/.m2/repository/org/codehaus/woodstox/stax2-api/3.1.4/stax2-api-3.1.4.jar:/root/.m2/repository/com/fasterxml/woodstox/woodstox-core/5.0.3/woodstox-core-5.0.3.jar:/root/.m2/repository/dnsjava/dnsjava/2.1.7/dnsjava-2.1.7.jar:/root/.m2/repository/org/apache/hadoop/hadoop-hdfs/3.2.0/hadoop-hdfs-3.2.0-tests.jar:/root/.m2/repository/org/eclipse/jetty/jetty-util-ajax/9.3.24.v20180605/jetty-util-ajax-9.3.24.v20180605.jar:/root/.m2/repository/commons-daemon/commons-daemon/1.0.13/commons-daemon-1.0.13.jar:/root/.m2/repository/io/netty/netty/3.10.5.Final/netty-3.10.5.Final.jar:/root/.m2/repository/io/netty/netty-all/4.0.52.Final/netty-all-4.0.52.Final.jar:/root/.m2/repository/org/fusesource/leveldbjni/leveldbjni-all/1.8/leveldbjni-all-1.8.jar:"/>
    <property name="sun.cpu.endian" value="little"/>
    <property name="user.home" value="/root"/>
    <property name="user.language" value="en"/>
    <property name="java.specification.vendor" value="Oracle Corporation"/>
    <property name="java.home" value="/usr/lib/jvm/java-1.8-openjdk/jre"/>
    <property name="java.security.krb5.conf" value="/opt/src/hadoop-ozone/integration-test/target/test-classes/krb5.conf"/>
    <property name="basedir" value="/opt/src/hadoop-ozone/integration-test"/>
    <property name="file.separator" value="/"/>
    <property name="line.separator" value="&#10;"/>
    <property name="java.vm.specification.vendor" value="Oracle Corporation"/>
    <property name="java.specification.name" value="Java Platform API Specification"/>
    <property name="java.awt.graphicsenv" value="sun.awt.X11GraphicsEnvironment"/>
    <property name="surefire.real.class.path" value="/opt/src/hadoop-ozone/integration-test/target/surefire/surefirebooter964515281464449068.jar"/>
    <property name="hadoop.log.dir" value="/opt/src/hadoop-ozone/integration-test/target/log"/>
    <property name="sun.boot.class.path" value="/usr/lib/jvm/java-1.8-openjdk/jre/lib/resources.jar:/usr/lib/jvm/java-1.8-openjdk/jre/lib/rt.jar:/usr/lib/jvm/java-1.8-openjdk/jre/lib/sunrsasign.jar:/usr/lib/jvm/java-1.8-openjdk/jre/lib/jsse.jar:/usr/lib/jvm/java-1.8-openjdk/jre/lib/jce.jar:/usr/lib/jvm/java-1.8-openjdk/jre/lib/charsets.jar:/usr/lib/jvm/java-1.8-openjdk/jre/lib/jfr.jar:/usr/lib/jvm/java-1.8-openjdk/jre/classes"/>
    <property name="sun.management.compiler" value="HotSpot 64-Bit Tiered Compilers"/>
    <property name="java.runtime.version" value="1.8.0_212-b04"/>
    <property name="java.net.preferIPv4Stack" value="true"/>
    <property name="user.name" value="root"/>
    <property name="path.separator" value=":"/>
    <property name="java.security.egd" value="file:///dev/urandom"/>
    <property name="os.version" value="4.15.0-1021-aws"/>
    <property name="java.endorsed.dirs" value="/usr/lib/jvm/java-1.8-openjdk/jre/lib/endorsed"/>
    <property name="java.runtime.name" value="OpenJDK Runtime Environment"/>
    <property name="file.encoding" value="UTF-8"/>
    <property name="java.vm.name" value="OpenJDK 64-Bit Server VM"/>
    <property name="test.build.webapps" value=""/>
    <property name="localRepository" value="/root/.m2/repository"/>
    <property name="java.vendor.url.bug" value="https://icedtea.classpath.org/bugzilla"/>
    <property name="java.io.tmpdir" value="/tmp"/>
    <property name="require.test.libhadoop" value=""/>
    <property name="java.version" value="1.8.0_212"/>
    <property name="user.dir" value="/opt/src/hadoop-ozone/integration-test"/>
    <property name="os.arch" value="amd64"/>
    <property name="java.vm.specification.name" value="Java Virtual Machine Specification"/>
    <property name="test.build.classes" value="/opt/src/hadoop-ozone/integration-test/target/test-classes"/>
    <property name="java.awt.printerjob" value="sun.print.PSPrinterJob"/>
    <property name="sun.os.patch.level" value="unknown"/>
    <property name="hadoop.tmp.dir" value="/opt/src/hadoop-ozone/integration-test/target/tmp"/>
    <property name="java.library.path" value="/usr/lib/jvm/java-1.8-openjdk/jre/lib/amd64/server:/usr/lib/jvm/java-1.8-openjdk/jre/lib/amd64:/usr/lib/jvm/java-1.8-openjdk/jre/../lib/amd64:/opt/src/hadoop-ozone/integration-test/target/native/target/usr/local/lib:/opt/src/hadoop-ozone/integration-test/../../hadoop-common-project/hadoop-common/target/native/target/usr/local/lib:/usr/java/packages/lib/amd64:/usr/lib64:/lib64:/lib:/usr/lib"/>
    <property name="java.vm.info" value="mixed mode"/>
    <property name="java.vendor" value="IcedTea"/>
    <property name="java.vm.version" value="25.212-b04"/>
    <property name="java.ext.dirs" value="/usr/lib/jvm/java-1.8-openjdk/jre/lib/ext:/usr/java/packages/lib/ext"/>
    <property name="sun.io.unicode.encoding" value="UnicodeLittle"/>
    <property name="java.class.version" value="52.0"/>
  </properties>
  <testcase name="testPipelineFail" classname="org.apache.hadoop.hdds.scm.pipeline.TestNodeFailure" time="0">
    <skipped/>
    <system-out><![CDATA[2019-06-12 15:14:16,542 WARN  server.ServerUtils (ServerUtils.java:getScmDbDir(145)) - ozone.scm.db.dirs is not configured. We recommend adding this setting. Falling back to ozone.metadata.dirs instead.
2019-06-12 15:14:16,607 WARN  server.ServerUtils (ServerUtils.java:getScmDbDir(145)) - ozone.scm.db.dirs is not configured. We recommend adding this setting. Falling back to ozone.metadata.dirs instead.
2019-06-12 15:14:16,609 WARN  server.ServerUtils (ServerUtils.java:getScmDbDir(145)) - ozone.scm.db.dirs is not configured. We recommend adding this setting. Falling back to ozone.metadata.dirs instead.
2019-06-12 15:14:16,623 INFO  util.log (Log.java:initialized(192)) - Logging initialized @662ms
2019-06-12 15:14:16,704 INFO  db.DBStoreBuilder (DBStoreBuilder.java:addTable(110)) - using custom profile for table: deletedBlocks
2019-06-12 15:14:16,705 INFO  db.DBStoreBuilder (DBStoreBuilder.java:processTables(161)) - Using default column profile:DBProfile.DISK for Table:deletedBlocks
2019-06-12 15:14:16,705 INFO  db.DBStoreBuilder (DBStoreBuilder.java:addTable(110)) - using custom profile for table: validCerts
2019-06-12 15:14:16,705 INFO  db.DBStoreBuilder (DBStoreBuilder.java:processTables(161)) - Using default column profile:DBProfile.DISK for Table:validCerts
2019-06-12 15:14:16,706 INFO  db.DBStoreBuilder (DBStoreBuilder.java:addTable(110)) - using custom profile for table: revokedCerts
2019-06-12 15:14:16,706 INFO  db.DBStoreBuilder (DBStoreBuilder.java:processTables(161)) - Using default column profile:DBProfile.DISK for Table:revokedCerts
2019-06-12 15:14:16,715 INFO  db.DBStoreBuilder (DBStoreBuilder.java:addTable(110)) - using custom profile for table: default
2019-06-12 15:14:16,716 INFO  db.DBStoreBuilder (DBStoreBuilder.java:processTables(167)) - Using default column profile:DBProfile.DISK for Table:default
2019-06-12 15:14:16,717 INFO  db.DBStoreBuilder (DBStoreBuilder.java:getDbProfile(198)) - Using default options. DBProfile.DISK
2019-06-12 15:14:16,784 INFO  node.SCMNodeManager (SCMNodeManager.java:<init>(108)) - Entering startup safe mode.
2019-06-12 15:14:16,846 INFO  net.NodeSchemaLoader (NodeSchemaLoader.java:loadSchemaFromFile(125)) - Loading file from sun.misc.CompoundEnumeration@443118b0
2019-06-12 15:14:16,847 INFO  net.NodeSchemaLoader (NodeSchemaLoader.java:loadSchema(171)) - Loading network topology layer schema file
2019-06-12 15:14:16,897 WARN  server.ServerUtils (ServerUtils.java:getScmDbDir(145)) - ozone.scm.db.dirs is not configured. We recommend adding this setting. Falling back to ozone.metadata.dirs instead.
2019-06-12 15:14:16,916 INFO  pipeline.SCMPipelineManager (SCMPipelineManager.java:initializePipelineState(126)) - No pipeline exists in current db
2019-06-12 15:14:16,918 WARN  server.ServerUtils (ServerUtils.java:getScmDbDir(145)) - ozone.scm.db.dirs is not configured. We recommend adding this setting. Falling back to ozone.metadata.dirs instead.
2019-06-12 15:14:16,971 WARN  events.EventQueue (EventQueue.java:fireEvent(175)) - No event handler registered for event TypedEvent{payloadType=SafeModeStatus, name='SafeModeStatus'}
2019-06-12 15:14:17,275 INFO  ipc.CallQueueManager (CallQueueManager.java:<init>(84)) - Using callQueue: class java.util.concurrent.LinkedBlockingQueue, queueCapacity: 2000, scheduler: class org.apache.hadoop.ipc.DefaultRpcScheduler, ipcBackoff: false.
2019-06-12 15:14:17,298 INFO  ipc.Server (Server.java:run(1074)) - Starting Socket Reader #1 for port 40777
2019-06-12 15:14:17,317 INFO  ipc.CallQueueManager (CallQueueManager.java:<init>(84)) - Using callQueue: class java.util.concurrent.LinkedBlockingQueue, queueCapacity: 2000, scheduler: class org.apache.hadoop.ipc.DefaultRpcScheduler, ipcBackoff: false.
2019-06-12 15:14:17,318 INFO  ipc.Server (Server.java:run(1074)) - Starting Socket Reader #1 for port 36909
2019-06-12 15:14:17,323 INFO  ipc.CallQueueManager (CallQueueManager.java:<init>(84)) - Using callQueue: class java.util.concurrent.LinkedBlockingQueue, queueCapacity: 2000, scheduler: class org.apache.hadoop.ipc.DefaultRpcScheduler, ipcBackoff: false.
2019-06-12 15:14:17,349 INFO  ipc.Server (Server.java:run(1074)) - Starting Socket Reader #1 for port 38301
2019-06-12 15:14:17,367 INFO  hdfs.DFSUtil (DFSUtil.java:httpServerTemplateForNNAndJN(1641)) - Starting Web-server for scm at: http://0.0.0.0:0
2019-06-12 15:14:17,510 INFO  server.AuthenticationFilter (AuthenticationFilter.java:constructSecretProvider(240)) - Unable to initialize FileSignerSecretProvider, falling back to use random secrets.
2019-06-12 15:14:17,516 WARN  http.HttpRequestLog (HttpRequestLog.java:getRequestLog(97)) - Jetty request log can only be enabled using Log4j
2019-06-12 15:14:17,523 INFO  http.HttpServer2 (HttpServer2.java:addGlobalFilter(975)) - Added global filter 'safety' (class=org.apache.hadoop.http.HttpServer2$QuotingInputFilter)
2019-06-12 15:14:17,526 INFO  http.HttpServer2 (HttpServer2.java:addFilter(948)) - Added filter static_user_filter (class=org.apache.hadoop.http.lib.StaticUserWebFilter$StaticUserFilter) to context scm
2019-06-12 15:14:17,526 INFO  http.HttpServer2 (HttpServer2.java:addFilter(958)) - Added filter static_user_filter (class=org.apache.hadoop.http.lib.StaticUserWebFilter$StaticUserFilter) to context logs
2019-06-12 15:14:17,526 INFO  http.HttpServer2 (HttpServer2.java:addFilter(958)) - Added filter static_user_filter (class=org.apache.hadoop.http.lib.StaticUserWebFilter$StaticUserFilter) to context static
2019-06-12 15:14:17,550 INFO  server.StorageContainerManager (StorageContainerManager.java:start(752)) - StorageContainerLocationProtocol RPC server is listening at /0.0.0.0:38301
2019-06-12 15:14:17,595 WARN  impl.MetricsConfig (MetricsConfig.java:loadFirst(134)) - Cannot locate configuration: tried hadoop-metrics2-storagecontainermanager.properties,hadoop-metrics2.properties
2019-06-12 15:14:17,605 INFO  impl.MetricsSystemImpl (MetricsSystemImpl.java:startTimer(374)) - Scheduled Metric snapshot period at 10 second(s).
2019-06-12 15:14:17,605 INFO  impl.MetricsSystemImpl (MetricsSystemImpl.java:start(191)) - StorageContainerManager metrics system started
2019-06-12 15:14:17,773 INFO  server.SCMClientProtocolServer (SCMClientProtocolServer.java:start(149)) - RPC server for Client  is listening at /0.0.0.0:38301
2019-06-12 15:14:17,776 INFO  ipc.Server (Server.java:run(1314)) - IPC Server Responder: starting
2019-06-12 15:14:17,776 INFO  ipc.Server (Server.java:run(1153)) - IPC Server listener on 38301: starting
2019-06-12 15:14:17,781 INFO  server.StorageContainerManager (StorageContainerManager.java:start(761)) - ScmBlockLocationProtocol RPC server is listening at /0.0.0.0:36909
2019-06-12 15:14:17,781 INFO  server.SCMBlockProtocolServer (SCMBlockProtocolServer.java:start(137)) - RPC server for Block Protocol is listening at /0.0.0.0:36909
2019-06-12 15:14:17,782 INFO  ipc.Server (Server.java:run(1314)) - IPC Server Responder: starting
2019-06-12 15:14:17,782 INFO  ipc.Server (Server.java:run(1153)) - IPC Server listener on 36909: starting
2019-06-12 15:14:17,784 INFO  server.StorageContainerManager (StorageContainerManager.java:start(765)) - ScmDatanodeProtocl RPC server is listening at /0.0.0.0:40777
2019-06-12 15:14:17,784 INFO  server.SCMDatanodeProtocolServer (SCMDatanodeProtocolServer.java:start(191)) - RPC server for DataNodes is listening at /0.0.0.0:40777
2019-06-12 15:14:17,784 INFO  ipc.Server (Server.java:run(1314)) - IPC Server Responder: starting
2019-06-12 15:14:17,787 INFO  ipc.Server (Server.java:run(1153)) - IPC Server listener on 40777: starting
2019-06-12 15:14:17,790 INFO  http.HttpServer2 (HttpServer2.java:bindListener(1191)) - Jetty bound to port 36963
2019-06-12 15:14:17,791 INFO  server.Server (Server.java:doStart(351)) - jetty-9.3.24.v20180605, build timestamp: 2018-06-05T17:11:56Z, git hash: 84205aa28f11a4f31f2a3b86d1bba2cc8ab69827
2019-06-12 15:14:17,821 INFO  handler.ContextHandler (ContextHandler.java:doStart(781)) - Started o.e.j.s.ServletContextHandler@2df6226d{/logs,file:///opt/src/hadoop-ozone/integration-test/target/log,AVAILABLE}
2019-06-12 15:14:17,822 INFO  handler.ContextHandler (ContextHandler.java:doStart(781)) - Started o.e.j.s.ServletContextHandler@4ff4357f{/static,file:///opt/src/hadoop-ozone/integration-test/target/test-classes/webapps/static,AVAILABLE}
2019-06-12 15:14:17,847 INFO  handler.ContextHandler (ContextHandler.java:doStart(781)) - Started o.e.j.w.WebAppContext@2484f433{/,file:///opt/src/hadoop-ozone/integration-test/target/test-classes/webapps/scm/,AVAILABLE}{/scm}
2019-06-12 15:14:17,852 INFO  server.AbstractConnector (AbstractConnector.java:doStart(278)) - Started ServerConnector@841e575{HTTP/1.1,[http/1.1]}{0.0.0.0:36963}
2019-06-12 15:14:17,852 INFO  server.Server (Server.java:doStart(419)) - Started @1891ms
2019-06-12 15:14:17,853 INFO  server.BaseHttpServer (BaseHttpServer.java:updateConnectorAddress(207)) - HTTP server of SCM is listening at http://0.0.0.0:36963
2019-06-12 15:14:17,862 INFO  util.JvmPauseMonitor (JvmPauseMonitor.java:run(188)) - Starting JVM pause monitor
2019-06-12 15:14:17,866 WARN  scm.ScmUtils (ScmUtils.java:getDBPath(63)) - ozone.om.db.dirs is not configured. We recommend adding this setting. Falling back to ozone.metadata.dirs instead.
2019-06-12 15:14:17,942 WARN  scm.ScmUtils (ScmUtils.java:getDBPath(63)) - ozone.om.db.dirs is not configured. We recommend adding this setting. Falling back to ozone.metadata.dirs instead.
2019-06-12 15:14:17,942 INFO  om.OzoneManager (OzoneManager.java:setOMNodeDetails(519)) - OM Service ID is not set. Setting it to the default ID: omServiceIdDefault
2019-06-12 15:14:17,943 INFO  om.OzoneManager (OzoneManager.java:setOMNodeDetails(525)) - OM Node ID is not set. Setting it to the OmStorage's OmID: 3087f444-f23b-4686-aa04-87a82cf9f93e
2019-06-12 15:14:17,944 WARN  scm.HddsServerUtil (HddsServerUtil.java:getDefaultRatisDirectory(354)) - Storage directory for Ratis is not configured. It is a good idea to map this to an SSD disk. Falling back to ozone.metadata.dirs
2019-06-12 15:14:17,944 WARN  scm.HddsServerUtil (HddsServerUtil.java:getDefaultRatisDirectory(354)) - Storage directory for Ratis is not configured. It is a good idea to map this to an SSD disk. Falling back to ozone.metadata.dirs
2019-06-12 15:14:17,945 INFO  om.OzoneManager (OzoneManager.java:loadOMHAConfigs(476)) - Found matching OM address with OMServiceId: null, OMNodeId: null, RPC Address: localhost:0 and Ratis port: 9872
2019-06-12 15:14:18,101 WARN  scm.ScmUtils (ScmUtils.java:getDBPath(63)) - ozone.om.db.dirs is not configured. We recommend adding this setting. Falling back to ozone.metadata.dirs instead.
2019-06-12 15:14:18,106 INFO  db.DBStoreBuilder (DBStoreBuilder.java:addTable(110)) - using custom profile for table: userTable
2019-06-12 15:14:18,106 INFO  db.DBStoreBuilder (DBStoreBuilder.java:processTables(161)) - Using default column profile:DBProfile.DISK for Table:userTable
2019-06-12 15:14:18,107 INFO  db.DBStoreBuilder (DBStoreBuilder.java:addTable(110)) - using custom profile for table: volumeTable
2019-06-12 15:14:18,107 INFO  db.DBStoreBuilder (DBStoreBuilder.java:processTables(161)) - Using default column profile:DBProfile.DISK for Table:volumeTable
2019-06-12 15:14:18,107 INFO  db.DBStoreBuilder (DBStoreBuilder.java:addTable(110)) - using custom profile for table: bucketTable
2019-06-12 15:14:18,107 INFO  db.DBStoreBuilder (DBStoreBuilder.java:processTables(161)) - Using default column profile:DBProfile.DISK for Table:bucketTable
2019-06-12 15:14:18,107 INFO  db.DBStoreBuilder (DBStoreBuilder.java:addTable(110)) - using custom profile for table: keyTable
2019-06-12 15:14:18,107 INFO  db.DBStoreBuilder (DBStoreBuilder.java:processTables(161)) - Using default column profile:DBProfile.DISK for Table:keyTable
2019-06-12 15:14:18,108 INFO  db.DBStoreBuilder (DBStoreBuilder.java:addTable(110)) - using custom profile for table: deletedTable
2019-06-12 15:14:18,108 INFO  db.DBStoreBuilder (DBStoreBuilder.java:processTables(161)) - Using default column profile:DBProfile.DISK for Table:deletedTable
2019-06-12 15:14:18,108 INFO  db.DBStoreBuilder (DBStoreBuilder.java:addTable(110)) - using custom profile for table: openKeyTable
2019-06-12 15:14:18,108 INFO  db.DBStoreBuilder (DBStoreBuilder.java:processTables(161)) - Using default column profile:DBProfile.DISK for Table:openKeyTable
2019-06-12 15:14:18,108 INFO  db.DBStoreBuilder (DBStoreBuilder.java:addTable(110)) - using custom profile for table: s3Table
2019-06-12 15:14:18,108 INFO  db.DBStoreBuilder (DBStoreBuilder.java:processTables(161)) - Using default column profile:DBProfile.DISK for Table:s3Table
2019-06-12 15:14:18,109 INFO  db.DBStoreBuilder (DBStoreBuilder.java:addTable(110)) - using custom profile for table: multipartInfoTable
2019-06-12 15:14:18,109 INFO  db.DBStoreBuilder (DBStoreBuilder.java:processTables(161)) - Using default column profile:DBProfile.DISK for Table:multipartInfoTable
2019-06-12 15:14:18,109 INFO  db.DBStoreBuilder (DBStoreBuilder.java:addTable(110)) - using custom profile for table: dTokenTable
2019-06-12 15:14:18,109 INFO  db.DBStoreBuilder (DBStoreBuilder.java:processTables(161)) - Using default column profile:DBProfile.DISK for Table:dTokenTable
2019-06-12 15:14:18,109 INFO  db.DBStoreBuilder (DBStoreBuilder.java:addTable(110)) - using custom profile for table: s3SecretTable
2019-06-12 15:14:18,110 INFO  db.DBStoreBuilder (DBStoreBuilder.java:processTables(161)) - Using default column profile:DBProfile.DISK for Table:s3SecretTable
2019-06-12 15:14:18,110 INFO  db.DBStoreBuilder (DBStoreBuilder.java:addTable(110)) - using custom profile for table: prefixTable
2019-06-12 15:14:18,110 INFO  db.DBStoreBuilder (DBStoreBuilder.java:processTables(161)) - Using default column profile:DBProfile.DISK for Table:prefixTable
2019-06-12 15:14:18,110 INFO  db.DBStoreBuilder (DBStoreBuilder.java:addTable(110)) - using custom profile for table: default
2019-06-12 15:14:18,110 INFO  db.DBStoreBuilder (DBStoreBuilder.java:processTables(167)) - Using default column profile:DBProfile.DISK for Table:default
2019-06-12 15:14:18,111 INFO  db.DBStoreBuilder (DBStoreBuilder.java:getDbProfile(198)) - Using default options. DBProfile.DISK
2019-06-12 15:14:18,556 INFO  ipc.CallQueueManager (CallQueueManager.java:<init>(84)) - Using callQueue: class java.util.concurrent.LinkedBlockingQueue, queueCapacity: 2000, scheduler: class org.apache.hadoop.ipc.DefaultRpcScheduler, ipcBackoff: false.
2019-06-12 15:14:18,557 INFO  ipc.Server (Server.java:run(1074)) - Starting Socket Reader #1 for port 46777
2019-06-12 15:14:18,576 WARN  scm.ScmUtils (ScmUtils.java:getDBPath(63)) - ozone.om.db.dirs is not configured. We recommend adding this setting. Falling back to ozone.metadata.dirs instead.
2019-06-12 15:14:18,577 INFO  om.OzoneManager (OzoneManager.java:start(1217)) - OzoneManager RPC server is listening at localhost/127.0.0.1:46777
2019-06-12 15:14:18,577 INFO  impl.MetricsSystemImpl (MetricsSystemImpl.java:init(158)) - OzoneManager metrics system started (again)
2019-06-12 15:14:18,577 INFO  ipc.Server (Server.java:run(1314)) - IPC Server Responder: starting
2019-06-12 15:14:18,578 INFO  ipc.Server (Server.java:run(1153)) - IPC Server listener on 46777: starting
2019-06-12 15:14:18,591 INFO  hdfs.DFSUtil (DFSUtil.java:httpServerTemplateForNNAndJN(1641)) - Starting Web-server for ozoneManager at: http://0.0.0.0:0
2019-06-12 15:14:18,592 INFO  server.AuthenticationFilter (AuthenticationFilter.java:constructSecretProvider(240)) - Unable to initialize FileSignerSecretProvider, falling back to use random secrets.
2019-06-12 15:14:18,593 WARN  http.HttpRequestLog (HttpRequestLog.java:getRequestLog(97)) - Jetty request log can only be enabled using Log4j
2019-06-12 15:14:18,594 INFO  http.HttpServer2 (HttpServer2.java:addGlobalFilter(975)) - Added global filter 'safety' (class=org.apache.hadoop.http.HttpServer2$QuotingInputFilter)
2019-06-12 15:14:18,595 INFO  http.HttpServer2 (HttpServer2.java:addFilter(948)) - Added filter static_user_filter (class=org.apache.hadoop.http.lib.StaticUserWebFilter$StaticUserFilter) to context ozoneManager
2019-06-12 15:14:18,595 INFO  http.HttpServer2 (HttpServer2.java:addFilter(958)) - Added filter static_user_filter (class=org.apache.hadoop.http.lib.StaticUserWebFilter$StaticUserFilter) to context logs
2019-06-12 15:14:18,595 INFO  http.HttpServer2 (HttpServer2.java:addFilter(958)) - Added filter static_user_filter (class=org.apache.hadoop.http.lib.StaticUserWebFilter$StaticUserFilter) to context static
2019-06-12 15:14:18,597 INFO  http.HttpServer2 (HttpServer2.java:bindListener(1191)) - Jetty bound to port 33875
2019-06-12 15:14:18,597 INFO  server.Server (Server.java:doStart(351)) - jetty-9.3.24.v20180605, build timestamp: 2018-06-05T17:11:56Z, git hash: 84205aa28f11a4f31f2a3b86d1bba2cc8ab69827
2019-06-12 15:14:18,598 INFO  handler.ContextHandler (ContextHandler.java:doStart(781)) - Started o.e.j.s.ServletContextHandler@7c2a69b4{/logs,file:///opt/src/hadoop-ozone/integration-test/target/log,AVAILABLE}
2019-06-12 15:14:18,599 INFO  handler.ContextHandler (ContextHandler.java:doStart(781)) - Started o.e.j.s.ServletContextHandler@648ee871{/static,file:///opt/src/hadoop-ozone/integration-test/target/test-classes/webapps/static,AVAILABLE}
2019-06-12 15:14:18,603 INFO  handler.ContextHandler (ContextHandler.java:doStart(781)) - Started o.e.j.w.WebAppContext@6f012914{/,file:///opt/src/hadoop-ozone/integration-test/target/test-classes/webapps/ozoneManager/,AVAILABLE}{/ozoneManager}
2019-06-12 15:14:18,604 INFO  server.AbstractConnector (AbstractConnector.java:doStart(278)) - Started ServerConnector@18fdb6cf{HTTP/1.1,[http/1.1]}{0.0.0.0:33875}
2019-06-12 15:14:18,604 INFO  server.Server (Server.java:doStart(419)) - Started @2643ms
2019-06-12 15:14:18,605 INFO  server.BaseHttpServer (BaseHttpServer.java:updateConnectorAddress(207)) - HTTP server of OZONEMANAGER is listening at http://0.0.0.0:33875
2019-06-12 15:14:18,740 INFO  impl.MetricsSystemImpl (MetricsSystemImpl.java:init(158)) - HddsDatanode metrics system started (again)
2019-06-12 15:14:18,888 INFO  ozone.HddsDatanodeService (HddsDatanodeService.java:start(185)) - HddsDatanodeService host:ozone-8jqhm-122090471 ip:192.168.19.61
2019-06-12 15:14:18,911 INFO  volume.HddsVolume (HddsVolume.java:<init>(176)) - Creating Volume: /opt/src/hadoop-ozone/integration-test/target/test-dir/MiniOzoneClusterImpl-68ef37a7-d2d8-42d7-a32d-84def556cd16/datanode-0/data/containers/hdds of  storage type : DISK and capacity : 104021790720
2019-06-12 15:14:18,912 INFO  volume.VolumeSet (VolumeSet.java:initializeVolumeSet(170)) - Added Volume : /opt/src/hadoop-ozone/integration-test/target/test-dir/MiniOzoneClusterImpl-68ef37a7-d2d8-42d7-a32d-84def556cd16/datanode-0/data/containers/hdds to VolumeSet
2019-06-12 15:14:18,915 INFO  volume.ThrottledAsyncChecker (ThrottledAsyncChecker.java:schedule(140)) - Scheduling a check for org.apache.hadoop.ozone.container.common.volume.HddsVolume@4a6c18ad
2019-06-12 15:14:18,932 INFO  volume.HddsVolumeChecker (HddsVolumeChecker.java:checkAllVolumes(203)) - Scheduled health check for volume org.apache.hadoop.ozone.container.common.volume.HddsVolume@4a6c18ad
2019-06-12 15:14:18,972 INFO  ratis.XceiverServerRatis (XceiverServerRatis.java:newXceiverServerRatis(401)) - Found a free port for the server : 41223
2019-06-12 15:14:19,026 INFO  impl.RaftServerProxy (ConfUtils.java:logGet(43)) - raft.rpc.type = GRPC (default)
2019-06-12 15:14:19,034 INFO  grpc.GrpcConfigKeys$Server (ConfUtils.java:logGet(43)) - raft.grpc.server.port = 41223 (custom)
2019-06-12 15:14:19,035 INFO  server.GrpcService (ConfUtils.java:logGet(43)) - raft.grpc.message.size.max = 33570816 (custom)
2019-06-12 15:14:19,036 INFO  server.RaftServerConfigKeys (ConfUtils.java:logGet(43)) - raft.server.log.appender.buffer.byte-limit = 33554432 (custom)
2019-06-12 15:14:19,036 INFO  server.GrpcService (ConfUtils.java:logGet(43)) - raft.grpc.flow.control.window = 1MB (=1048576) (default)
2019-06-12 15:14:19,037 INFO  server.RaftServerConfigKeys (ConfUtils.java:logGet(43)) - raft.server.rpc.request.timeout = 3000ms (default)
2019-06-12 15:14:19,154 INFO  server.RaftServerConfigKeys (ConfUtils.java:logGet(43)) - raft.server.storage.dir = [/opt/src/hadoop-ozone/integration-test/target/test-dir/MiniOzoneClusterImpl-68ef37a7-d2d8-42d7-a32d-84def556cd16/datanode-0/data/ratis] (custom)
2019-06-12 15:14:19,159 INFO  server.XceiverServerGrpc (XceiverServerGrpc.java:<init>(97)) - Found a free port for the server : 32801
2019-06-12 15:14:19,181 INFO  replication.SimpleContainerDownloader (SimpleContainerDownloader.java:<init>(72)) - Starting container downloader service to copy containers to replicate.
2019-06-12 15:14:19,191 INFO  hdfs.DFSUtil (DFSUtil.java:httpServerTemplateForNNAndJN(1641)) - Starting Web-server for hddsDatanode at: http://0.0.0.0:0
2019-06-12 15:14:19,192 INFO  server.AuthenticationFilter (AuthenticationFilter.java:constructSecretProvider(240)) - Unable to initialize FileSignerSecretProvider, falling back to use random secrets.
2019-06-12 15:14:19,193 WARN  http.HttpRequestLog (HttpRequestLog.java:getRequestLog(97)) - Jetty request log can only be enabled using Log4j
2019-06-12 15:14:19,194 INFO  http.HttpServer2 (HttpServer2.java:addGlobalFilter(975)) - Added global filter 'safety' (class=org.apache.hadoop.http.HttpServer2$QuotingInputFilter)
2019-06-12 15:14:19,195 INFO  http.HttpServer2 (HttpServer2.java:addFilter(948)) - Added filter static_user_filter (class=org.apache.hadoop.http.lib.StaticUserWebFilter$StaticUserFilter) to context hddsDatanode
2019-06-12 15:14:19,195 INFO  http.HttpServer2 (HttpServer2.java:addFilter(958)) - Added filter static_user_filter (class=org.apache.hadoop.http.lib.StaticUserWebFilter$StaticUserFilter) to context logs
2019-06-12 15:14:19,195 INFO  http.HttpServer2 (HttpServer2.java:addFilter(958)) - Added filter static_user_filter (class=org.apache.hadoop.http.lib.StaticUserWebFilter$StaticUserFilter) to context static
2019-06-12 15:14:19,195 INFO  http.HttpServer2 (HttpServer2.java:bindListener(1191)) - Jetty bound to port 43993
2019-06-12 15:14:19,195 INFO  server.Server (Server.java:doStart(351)) - jetty-9.3.24.v20180605, build timestamp: 2018-06-05T17:11:56Z, git hash: 84205aa28f11a4f31f2a3b86d1bba2cc8ab69827
2019-06-12 15:14:19,198 INFO  handler.ContextHandler (ContextHandler.java:doStart(781)) - Started o.e.j.s.ServletContextHandler@2e51d054{/logs,file:///opt/src/hadoop-ozone/integration-test/target/log,AVAILABLE}
2019-06-12 15:14:19,198 INFO  handler.ContextHandler (ContextHandler.java:doStart(781)) - Started o.e.j.s.ServletContextHandler@615e3f51{/static,jar:file:/root/.m2/repository/org/apache/hadoop/hadoop-hdds-container-service/0.5.0-SNAPSHOT/hadoop-hdds-container-service-0.5.0-SNAPSHOT.jar!/webapps/static,AVAILABLE}
2019-06-12 15:14:19,223 INFO  handler.ContextHandler (ContextHandler.java:doStart(781)) - Started o.e.j.w.WebAppContext@5e1fc2aa{/,file:///tmp/jetty-0.0.0.0-43993-hddsDatanode-_-any-6204021950333038588.dir/webapp/,AVAILABLE}{/hddsDatanode}
2019-06-12 15:14:19,224 INFO  server.AbstractConnector (AbstractConnector.java:doStart(278)) - Started ServerConnector@688d411b{HTTP/1.1,[http/1.1]}{0.0.0.0:43993}
2019-06-12 15:14:19,224 INFO  server.Server (Server.java:doStart(419)) - Started @3263ms
2019-06-12 15:14:19,225 INFO  server.BaseHttpServer (BaseHttpServer.java:updateConnectorAddress(207)) - HTTP server of HDDSDATANODE is listening at http://0.0.0.0:43993
2019-06-12 15:14:20,082 INFO  ozone.HddsDatanodeService (HddsDatanodeService.java:startPlugins(396)) - Started plug-in org.apache.hadoop.ozone.web.OzoneHddsDatanodeService@30bf26df
2019-06-12 15:14:20,083 INFO  impl.MetricsSystemImpl (MetricsSystemImpl.java:init(158)) - HddsDatanode metrics system started (again)
2019-06-12 15:14:20,084 INFO  ozone.HddsDatanodeService (HddsDatanodeService.java:start(185)) - HddsDatanodeService host:ozone-8jqhm-122090471 ip:192.168.19.61
2019-06-12 15:14:20,099 INFO  util.JvmPauseMonitor (JvmPauseMonitor.java:run(188)) - Starting JVM pause monitor
2019-06-12 15:14:20,109 INFO  volume.HddsVolume (HddsVolume.java:<init>(176)) - Creating Volume: /opt/src/hadoop-ozone/integration-test/target/test-dir/MiniOzoneClusterImpl-68ef37a7-d2d8-42d7-a32d-84def556cd16/datanode-1/data/containers/hdds of  storage type : DISK and capacity : 104021790720
2019-06-12 15:14:20,110 INFO  volume.VolumeSet (VolumeSet.java:initializeVolumeSet(170)) - Added Volume : /opt/src/hadoop-ozone/integration-test/target/test-dir/MiniOzoneClusterImpl-68ef37a7-d2d8-42d7-a32d-84def556cd16/datanode-1/data/containers/hdds to VolumeSet
2019-06-12 15:14:20,110 INFO  volume.ThrottledAsyncChecker (ThrottledAsyncChecker.java:schedule(140)) - Scheduling a check for org.apache.hadoop.ozone.container.common.volume.HddsVolume@f171912
2019-06-12 15:14:20,113 INFO  volume.HddsVolumeChecker (HddsVolumeChecker.java:checkAllVolumes(203)) - Scheduled health check for volume org.apache.hadoop.ozone.container.common.volume.HddsVolume@f171912
2019-06-12 15:14:20,129 INFO  ratis.XceiverServerRatis (XceiverServerRatis.java:newXceiverServerRatis(401)) - Found a free port for the server : 41435
2019-06-12 15:14:20,131 INFO  impl.RaftServerProxy (ConfUtils.java:logGet(43)) - raft.rpc.type = GRPC (default)
2019-06-12 15:14:20,131 INFO  grpc.GrpcConfigKeys$Server (ConfUtils.java:logGet(43)) - raft.grpc.server.port = 41435 (custom)
2019-06-12 15:14:20,132 INFO  server.GrpcService (ConfUtils.java:logGet(43)) - raft.grpc.message.size.max = 33570816 (custom)
2019-06-12 15:14:20,132 INFO  server.RaftServerConfigKeys (ConfUtils.java:logGet(43)) - raft.server.log.appender.buffer.byte-limit = 33554432 (custom)
2019-06-12 15:14:20,132 INFO  server.GrpcService (ConfUtils.java:logGet(43)) - raft.grpc.flow.control.window = 1MB (=1048576) (default)
2019-06-12 15:14:20,133 INFO  server.RaftServerConfigKeys (ConfUtils.java:logGet(43)) - raft.server.rpc.request.timeout = 3000ms (default)
2019-06-12 15:14:20,133 INFO  server.RaftServerConfigKeys (ConfUtils.java:logGet(43)) - raft.server.storage.dir = [/opt/src/hadoop-ozone/integration-test/target/test-dir/MiniOzoneClusterImpl-68ef37a7-d2d8-42d7-a32d-84def556cd16/datanode-1/data/ratis] (custom)
2019-06-12 15:14:20,136 INFO  server.XceiverServerGrpc (XceiverServerGrpc.java:<init>(97)) - Found a free port for the server : 44049
2019-06-12 15:14:20,137 INFO  replication.SimpleContainerDownloader (SimpleContainerDownloader.java:<init>(72)) - Starting container downloader service to copy containers to replicate.
2019-06-12 15:14:20,142 INFO  hdfs.DFSUtil (DFSUtil.java:httpServerTemplateForNNAndJN(1641)) - Starting Web-server for hddsDatanode at: http://0.0.0.0:0
2019-06-12 15:14:20,143 INFO  server.AuthenticationFilter (AuthenticationFilter.java:constructSecretProvider(240)) - Unable to initialize FileSignerSecretProvider, falling back to use random secrets.
2019-06-12 15:14:20,144 WARN  http.HttpRequestLog (HttpRequestLog.java:getRequestLog(97)) - Jetty request log can only be enabled using Log4j
2019-06-12 15:14:20,145 INFO  http.HttpServer2 (HttpServer2.java:addGlobalFilter(975)) - Added global filter 'safety' (class=org.apache.hadoop.http.HttpServer2$QuotingInputFilter)
2019-06-12 15:14:20,146 INFO  http.HttpServer2 (HttpServer2.java:addFilter(948)) - Added filter static_user_filter (class=org.apache.hadoop.http.lib.StaticUserWebFilter$StaticUserFilter) to context hddsDatanode
2019-06-12 15:14:20,146 INFO  http.HttpServer2 (HttpServer2.java:addFilter(958)) - Added filter static_user_filter (class=org.apache.hadoop.http.lib.StaticUserWebFilter$StaticUserFilter) to context logs
2019-06-12 15:14:20,146 INFO  http.HttpServer2 (HttpServer2.java:addFilter(958)) - Added filter static_user_filter (class=org.apache.hadoop.http.lib.StaticUserWebFilter$StaticUserFilter) to context static
2019-06-12 15:14:20,147 INFO  http.HttpServer2 (HttpServer2.java:bindListener(1191)) - Jetty bound to port 36181
2019-06-12 15:14:20,147 INFO  server.Server (Server.java:doStart(351)) - jetty-9.3.24.v20180605, build timestamp: 2018-06-05T17:11:56Z, git hash: 84205aa28f11a4f31f2a3b86d1bba2cc8ab69827
2019-06-12 15:14:20,166 INFO  handler.ContextHandler (ContextHandler.java:doStart(781)) - Started o.e.j.s.ServletContextHandler@18b6d3c1{/logs,file:///opt/src/hadoop-ozone/integration-test/target/log,AVAILABLE}
2019-06-12 15:14:20,167 INFO  handler.ContextHandler (ContextHandler.java:doStart(781)) - Started o.e.j.s.ServletContextHandler@3fe512d2{/static,jar:file:/root/.m2/repository/org/apache/hadoop/hadoop-hdds-container-service/0.5.0-SNAPSHOT/hadoop-hdds-container-service-0.5.0-SNAPSHOT.jar!/webapps/static,AVAILABLE}
2019-06-12 15:14:20,195 INFO  handler.ContextHandler (ContextHandler.java:doStart(781)) - Started o.e.j.w.WebAppContext@e7b265e{/,file:///tmp/jetty-0.0.0.0-36181-hddsDatanode-_-any-6862506341585657601.dir/webapp/,AVAILABLE}{/hddsDatanode}
2019-06-12 15:14:20,196 INFO  server.AbstractConnector (AbstractConnector.java:doStart(278)) - Started ServerConnector@30e0a795{HTTP/1.1,[http/1.1]}{0.0.0.0:36181}
2019-06-12 15:14:20,197 INFO  server.Server (Server.java:doStart(419)) - Started @4236ms
2019-06-12 15:14:20,197 INFO  server.BaseHttpServer (BaseHttpServer.java:updateConnectorAddress(207)) - HTTP server of HDDSDATANODE is listening at http://0.0.0.0:36181
2019-06-12 15:14:20,201 INFO  datanode.InitDatanodeState (InitDatanodeState.java:persistContainerDatanodeDetails(140)) - DatanodeDetails is persisted to /opt/src/hadoop-ozone/integration-test/target/test-dir/MiniOzoneClusterImpl-68ef37a7-d2d8-42d7-a32d-84def556cd16/datanode-0/meta/datanode.id
2019-06-12 15:14:20,315 INFO  ozone.HddsDatanodeService (HddsDatanodeService.java:startPlugins(396)) - Started plug-in org.apache.hadoop.ozone.web.OzoneHddsDatanodeService@63fd4dda
2019-06-12 15:14:20,315 INFO  impl.MetricsSystemImpl (MetricsSystemImpl.java:init(158)) - HddsDatanode metrics system started (again)
2019-06-12 15:14:20,316 INFO  ozone.HddsDatanodeService (HddsDatanodeService.java:start(185)) - HddsDatanodeService host:ozone-8jqhm-122090471 ip:192.168.19.61
2019-06-12 15:14:20,322 INFO  util.JvmPauseMonitor (JvmPauseMonitor.java:run(188)) - Starting JVM pause monitor
2019-06-12 15:14:20,329 INFO  datanode.InitDatanodeState (InitDatanodeState.java:persistContainerDatanodeDetails(140)) - DatanodeDetails is persisted to /opt/src/hadoop-ozone/integration-test/target/test-dir/MiniOzoneClusterImpl-68ef37a7-d2d8-42d7-a32d-84def556cd16/datanode-1/meta/datanode.id
2019-06-12 15:14:20,329 INFO  volume.HddsVolume (HddsVolume.java:<init>(176)) - Creating Volume: /opt/src/hadoop-ozone/integration-test/target/test-dir/MiniOzoneClusterImpl-68ef37a7-d2d8-42d7-a32d-84def556cd16/datanode-2/data/containers/hdds of  storage type : DISK and capacity : 104021790720
2019-06-12 15:14:20,330 INFO  volume.VolumeSet (VolumeSet.java:initializeVolumeSet(170)) - Added Volume : /opt/src/hadoop-ozone/integration-test/target/test-dir/MiniOzoneClusterImpl-68ef37a7-d2d8-42d7-a32d-84def556cd16/datanode-2/data/containers/hdds to VolumeSet
2019-06-12 15:14:20,330 INFO  volume.ThrottledAsyncChecker (ThrottledAsyncChecker.java:schedule(140)) - Scheduling a check for org.apache.hadoop.ozone.container.common.volume.HddsVolume@4b56b031
2019-06-12 15:14:20,334 INFO  volume.HddsVolumeChecker (HddsVolumeChecker.java:checkAllVolumes(203)) - Scheduled health check for volume org.apache.hadoop.ozone.container.common.volume.HddsVolume@4b56b031
2019-06-12 15:14:20,350 INFO  ratis.XceiverServerRatis (XceiverServerRatis.java:newXceiverServerRatis(401)) - Found a free port for the server : 33635
2019-06-12 15:14:20,351 INFO  impl.RaftServerProxy (ConfUtils.java:logGet(43)) - raft.rpc.type = GRPC (default)
2019-06-12 15:14:20,351 INFO  grpc.GrpcConfigKeys$Server (ConfUtils.java:logGet(43)) - raft.grpc.server.port = 33635 (custom)
2019-06-12 15:14:20,352 INFO  server.GrpcService (ConfUtils.java:logGet(43)) - raft.grpc.message.size.max = 33570816 (custom)
2019-06-12 15:14:20,352 INFO  server.RaftServerConfigKeys (ConfUtils.java:logGet(43)) - raft.server.log.appender.buffer.byte-limit = 33554432 (custom)
2019-06-12 15:14:20,352 INFO  server.GrpcService (ConfUtils.java:logGet(43)) - raft.grpc.flow.control.window = 1MB (=1048576) (default)
2019-06-12 15:14:20,352 INFO  server.RaftServerConfigKeys (ConfUtils.java:logGet(43)) - raft.server.rpc.request.timeout = 3000ms (default)
2019-06-12 15:14:20,353 INFO  server.RaftServerConfigKeys (ConfUtils.java:logGet(43)) - raft.server.storage.dir = [/opt/src/hadoop-ozone/integration-test/target/test-dir/MiniOzoneClusterImpl-68ef37a7-d2d8-42d7-a32d-84def556cd16/datanode-2/data/ratis] (custom)
2019-06-12 15:14:20,353 INFO  server.XceiverServerGrpc (XceiverServerGrpc.java:<init>(97)) - Found a free port for the server : 34115
2019-06-12 15:14:20,354 INFO  replication.SimpleContainerDownloader (SimpleContainerDownloader.java:<init>(72)) - Starting container downloader service to copy containers to replicate.
2019-06-12 15:14:20,355 INFO  hdfs.DFSUtil (DFSUtil.java:httpServerTemplateForNNAndJN(1641)) - Starting Web-server for hddsDatanode at: http://0.0.0.0:0
2019-06-12 15:14:20,356 INFO  server.AuthenticationFilter (AuthenticationFilter.java:constructSecretProvider(240)) - Unable to initialize FileSignerSecretProvider, falling back to use random secrets.
2019-06-12 15:14:20,357 WARN  http.HttpRequestLog (HttpRequestLog.java:getRequestLog(97)) - Jetty request log can only be enabled using Log4j
2019-06-12 15:14:20,359 INFO  http.HttpServer2 (HttpServer2.java:addGlobalFilter(975)) - Added global filter 'safety' (class=org.apache.hadoop.http.HttpServer2$QuotingInputFilter)
2019-06-12 15:14:20,359 INFO  http.HttpServer2 (HttpServer2.java:addFilter(948)) - Added filter static_user_filter (class=org.apache.hadoop.http.lib.StaticUserWebFilter$StaticUserFilter) to context hddsDatanode
2019-06-12 15:14:20,360 INFO  http.HttpServer2 (HttpServer2.java:addFilter(958)) - Added filter static_user_filter (class=org.apache.hadoop.http.lib.StaticUserWebFilter$StaticUserFilter) to context logs
2019-06-12 15:14:20,360 INFO  http.HttpServer2 (HttpServer2.java:addFilter(958)) - Added filter static_user_filter (class=org.apache.hadoop.http.lib.StaticUserWebFilter$StaticUserFilter) to context static
2019-06-12 15:14:20,360 INFO  http.HttpServer2 (HttpServer2.java:bindListener(1191)) - Jetty bound to port 44563
2019-06-12 15:14:20,361 INFO  server.Server (Server.java:doStart(351)) - jetty-9.3.24.v20180605, build timestamp: 2018-06-05T17:11:56Z, git hash: 84205aa28f11a4f31f2a3b86d1bba2cc8ab69827
2019-06-12 15:14:20,362 INFO  handler.ContextHandler (ContextHandler.java:doStart(781)) - Started o.e.j.s.ServletContextHandler@2443abd6{/logs,file:///opt/src/hadoop-ozone/integration-test/target/log,AVAILABLE}
2019-06-12 15:14:20,363 INFO  handler.ContextHandler (ContextHandler.java:doStart(781)) - Started o.e.j.s.ServletContextHandler@bd3eff4{/static,jar:file:/root/.m2/repository/org/apache/hadoop/hadoop-hdds-container-service/0.5.0-SNAPSHOT/hadoop-hdds-container-service-0.5.0-SNAPSHOT.jar!/webapps/static,AVAILABLE}
2019-06-12 15:14:20,392 INFO  handler.ContextHandler (ContextHandler.java:doStart(781)) - Started o.e.j.w.WebAppContext@4e80a001{/,file:///tmp/jetty-0.0.0.0-44563-hddsDatanode-_-any-2386224447349596219.dir/webapp/,AVAILABLE}{/hddsDatanode}
2019-06-12 15:14:20,393 INFO  server.AbstractConnector (AbstractConnector.java:doStart(278)) - Started ServerConnector@624b523{HTTP/1.1,[http/1.1]}{0.0.0.0:44563}
2019-06-12 15:14:20,394 INFO  server.Server (Server.java:doStart(419)) - Started @4433ms
2019-06-12 15:14:20,395 INFO  server.BaseHttpServer (BaseHttpServer.java:updateConnectorAddress(207)) - HTTP server of HDDSDATANODE is listening at http://0.0.0.0:44563
2019-06-12 15:14:20,554 INFO  ozone.HddsDatanodeService (HddsDatanodeService.java:startPlugins(396)) - Started plug-in org.apache.hadoop.ozone.web.OzoneHddsDatanodeService@11c78080
2019-06-12 15:14:20,555 INFO  impl.MetricsSystemImpl (MetricsSystemImpl.java:init(158)) - HddsDatanode metrics system started (again)
2019-06-12 15:14:20,555 INFO  ozone.HddsDatanodeService (HddsDatanodeService.java:start(185)) - HddsDatanodeService host:ozone-8jqhm-122090471 ip:192.168.19.61
2019-06-12 15:14:20,558 INFO  util.JvmPauseMonitor (JvmPauseMonitor.java:run(188)) - Starting JVM pause monitor
2019-06-12 15:14:20,560 INFO  datanode.InitDatanodeState (InitDatanodeState.java:persistContainerDatanodeDetails(140)) - DatanodeDetails is persisted to /opt/src/hadoop-ozone/integration-test/target/test-dir/MiniOzoneClusterImpl-68ef37a7-d2d8-42d7-a32d-84def556cd16/datanode-2/meta/datanode.id
2019-06-12 15:14:20,564 INFO  volume.HddsVolume (HddsVolume.java:<init>(176)) - Creating Volume: /opt/src/hadoop-ozone/integration-test/target/test-dir/MiniOzoneClusterImpl-68ef37a7-d2d8-42d7-a32d-84def556cd16/datanode-3/data/containers/hdds of  storage type : DISK and capacity : 104021790720
2019-06-12 15:14:20,564 INFO  volume.VolumeSet (VolumeSet.java:initializeVolumeSet(170)) - Added Volume : /opt/src/hadoop-ozone/integration-test/target/test-dir/MiniOzoneClusterImpl-68ef37a7-d2d8-42d7-a32d-84def556cd16/datanode-3/data/containers/hdds to VolumeSet
2019-06-12 15:14:20,564 INFO  volume.ThrottledAsyncChecker (ThrottledAsyncChecker.java:schedule(140)) - Scheduling a check for org.apache.hadoop.ozone.container.common.volume.HddsVolume@7c11d32
2019-06-12 15:14:20,565 INFO  volume.HddsVolumeChecker (HddsVolumeChecker.java:checkAllVolumes(203)) - Scheduled health check for volume org.apache.hadoop.ozone.container.common.volume.HddsVolume@7c11d32
2019-06-12 15:14:20,575 INFO  ratis.XceiverServerRatis (XceiverServerRatis.java:newXceiverServerRatis(401)) - Found a free port for the server : 40411
2019-06-12 15:14:20,576 INFO  impl.RaftServerProxy (ConfUtils.java:logGet(43)) - raft.rpc.type = GRPC (default)
2019-06-12 15:14:20,577 INFO  grpc.GrpcConfigKeys$Server (ConfUtils.java:logGet(43)) - raft.grpc.server.port = 40411 (custom)
2019-06-12 15:14:20,577 INFO  server.GrpcService (ConfUtils.java:logGet(43)) - raft.grpc.message.size.max = 33570816 (custom)
2019-06-12 15:14:20,577 INFO  server.RaftServerConfigKeys (ConfUtils.java:logGet(43)) - raft.server.log.appender.buffer.byte-limit = 33554432 (custom)
2019-06-12 15:14:20,577 INFO  server.GrpcService (ConfUtils.java:logGet(43)) - raft.grpc.flow.control.window = 1MB (=1048576) (default)
2019-06-12 15:14:20,577 INFO  server.RaftServerConfigKeys (ConfUtils.java:logGet(43)) - raft.server.rpc.request.timeout = 3000ms (default)
2019-06-12 15:14:20,578 INFO  server.RaftServerConfigKeys (ConfUtils.java:logGet(43)) - raft.server.storage.dir = [/opt/src/hadoop-ozone/integration-test/target/test-dir/MiniOzoneClusterImpl-68ef37a7-d2d8-42d7-a32d-84def556cd16/datanode-3/data/ratis] (custom)
2019-06-12 15:14:20,578 INFO  server.XceiverServerGrpc (XceiverServerGrpc.java:<init>(97)) - Found a free port for the server : 41453
2019-06-12 15:14:20,578 INFO  replication.SimpleContainerDownloader (SimpleContainerDownloader.java:<init>(72)) - Starting container downloader service to copy containers to replicate.
2019-06-12 15:14:20,579 INFO  hdfs.DFSUtil (DFSUtil.java:httpServerTemplateForNNAndJN(1641)) - Starting Web-server for hddsDatanode at: http://0.0.0.0:0
2019-06-12 15:14:20,580 INFO  server.AuthenticationFilter (AuthenticationFilter.java:constructSecretProvider(240)) - Unable to initialize FileSignerSecretProvider, falling back to use random secrets.
2019-06-12 15:14:20,581 WARN  http.HttpRequestLog (HttpRequestLog.java:getRequestLog(97)) - Jetty request log can only be enabled using Log4j
2019-06-12 15:14:20,583 INFO  http.HttpServer2 (HttpServer2.java:addGlobalFilter(975)) - Added global filter 'safety' (class=org.apache.hadoop.http.HttpServer2$QuotingInputFilter)
2019-06-12 15:14:20,583 INFO  http.HttpServer2 (HttpServer2.java:addFilter(948)) - Added filter static_user_filter (class=org.apache.hadoop.http.lib.StaticUserWebFilter$StaticUserFilter) to context hddsDatanode
2019-06-12 15:14:20,584 INFO  http.HttpServer2 (HttpServer2.java:addFilter(958)) - Added filter static_user_filter (class=org.apache.hadoop.http.lib.StaticUserWebFilter$StaticUserFilter) to context logs
2019-06-12 15:14:20,584 INFO  http.HttpServer2 (HttpServer2.java:addFilter(958)) - Added filter static_user_filter (class=org.apache.hadoop.http.lib.StaticUserWebFilter$StaticUserFilter) to context static
2019-06-12 15:14:20,584 INFO  http.HttpServer2 (HttpServer2.java:bindListener(1191)) - Jetty bound to port 37563
2019-06-12 15:14:20,585 INFO  server.Server (Server.java:doStart(351)) - jetty-9.3.24.v20180605, build timestamp: 2018-06-05T17:11:56Z, git hash: 84205aa28f11a4f31f2a3b86d1bba2cc8ab69827
2019-06-12 15:14:20,590 INFO  handler.ContextHandler (ContextHandler.java:doStart(781)) - Started o.e.j.s.ServletContextHandler@25974207{/logs,file:///opt/src/hadoop-ozone/integration-test/target/log,AVAILABLE}
2019-06-12 15:14:20,591 INFO  handler.ContextHandler (ContextHandler.java:doStart(781)) - Started o.e.j.s.ServletContextHandler@195113de{/static,jar:file:/root/.m2/repository/org/apache/hadoop/hadoop-hdds-container-service/0.5.0-SNAPSHOT/hadoop-hdds-container-service-0.5.0-SNAPSHOT.jar!/webapps/static,AVAILABLE}
2019-06-12 15:14:20,613 INFO  handler.ContextHandler (ContextHandler.java:doStart(781)) - Started o.e.j.w.WebAppContext@74c9e11{/,file:///tmp/jetty-0.0.0.0-37563-hddsDatanode-_-any-4571723973796567589.dir/webapp/,AVAILABLE}{/hddsDatanode}
2019-06-12 15:14:20,614 INFO  server.AbstractConnector (AbstractConnector.java:doStart(278)) - Started ServerConnector@9fe720a{HTTP/1.1,[http/1.1]}{0.0.0.0:37563}
2019-06-12 15:14:20,615 INFO  server.Server (Server.java:doStart(419)) - Started @4654ms
2019-06-12 15:14:20,616 INFO  server.BaseHttpServer (BaseHttpServer.java:updateConnectorAddress(207)) - HTTP server of HDDSDATANODE is listening at http://0.0.0.0:37563
2019-06-12 15:14:20,748 INFO  ozone.HddsDatanodeService (HddsDatanodeService.java:startPlugins(396)) - Started plug-in org.apache.hadoop.ozone.web.OzoneHddsDatanodeService@76216830
2019-06-12 15:14:20,749 INFO  impl.MetricsSystemImpl (MetricsSystemImpl.java:init(158)) - HddsDatanode metrics system started (again)
2019-06-12 15:14:20,749 INFO  ozone.HddsDatanodeService (HddsDatanodeService.java:start(185)) - HddsDatanodeService host:ozone-8jqhm-122090471 ip:192.168.19.61
2019-06-12 15:14:20,751 INFO  util.JvmPauseMonitor (JvmPauseMonitor.java:run(188)) - Starting JVM pause monitor
2019-06-12 15:14:20,753 INFO  datanode.InitDatanodeState (InitDatanodeState.java:persistContainerDatanodeDetails(140)) - DatanodeDetails is persisted to /opt/src/hadoop-ozone/integration-test/target/test-dir/MiniOzoneClusterImpl-68ef37a7-d2d8-42d7-a32d-84def556cd16/datanode-3/meta/datanode.id
2019-06-12 15:14:20,760 INFO  volume.HddsVolume (HddsVolume.java:<init>(176)) - Creating Volume: /opt/src/hadoop-ozone/integration-test/target/test-dir/MiniOzoneClusterImpl-68ef37a7-d2d8-42d7-a32d-84def556cd16/datanode-4/data/containers/hdds of  storage type : DISK and capacity : 104021790720
2019-06-12 15:14:20,760 INFO  volume.VolumeSet (VolumeSet.java:initializeVolumeSet(170)) - Added Volume : /opt/src/hadoop-ozone/integration-test/target/test-dir/MiniOzoneClusterImpl-68ef37a7-d2d8-42d7-a32d-84def556cd16/datanode-4/data/containers/hdds to VolumeSet
2019-06-12 15:14:20,760 INFO  volume.ThrottledAsyncChecker (ThrottledAsyncChecker.java:schedule(140)) - Scheduling a check for org.apache.hadoop.ozone.container.common.volume.HddsVolume@391d1e33
2019-06-12 15:14:20,761 INFO  volume.HddsVolumeChecker (HddsVolumeChecker.java:checkAllVolumes(203)) - Scheduled health check for volume org.apache.hadoop.ozone.container.common.volume.HddsVolume@391d1e33
2019-06-12 15:14:20,774 INFO  ratis.XceiverServerRatis (XceiverServerRatis.java:newXceiverServerRatis(401)) - Found a free port for the server : 35971
2019-06-12 15:14:20,776 INFO  impl.RaftServerProxy (ConfUtils.java:logGet(43)) - raft.rpc.type = GRPC (default)
2019-06-12 15:14:20,776 INFO  grpc.GrpcConfigKeys$Server (ConfUtils.java:logGet(43)) - raft.grpc.server.port = 35971 (custom)
2019-06-12 15:14:20,776 INFO  server.GrpcService (ConfUtils.java:logGet(43)) - raft.grpc.message.size.max = 33570816 (custom)
2019-06-12 15:14:20,777 INFO  server.RaftServerConfigKeys (ConfUtils.java:logGet(43)) - raft.server.log.appender.buffer.byte-limit = 33554432 (custom)
2019-06-12 15:14:20,777 INFO  server.GrpcService (ConfUtils.java:logGet(43)) - raft.grpc.flow.control.window = 1MB (=1048576) (default)
2019-06-12 15:14:20,777 INFO  server.RaftServerConfigKeys (ConfUtils.java:logGet(43)) - raft.server.rpc.request.timeout = 3000ms (default)
2019-06-12 15:14:20,778 INFO  server.RaftServerConfigKeys (ConfUtils.java:logGet(43)) - raft.server.storage.dir = [/opt/src/hadoop-ozone/integration-test/target/test-dir/MiniOzoneClusterImpl-68ef37a7-d2d8-42d7-a32d-84def556cd16/datanode-4/data/ratis] (custom)
2019-06-12 15:14:20,778 INFO  server.XceiverServerGrpc (XceiverServerGrpc.java:<init>(97)) - Found a free port for the server : 33451
2019-06-12 15:14:20,778 INFO  replication.SimpleContainerDownloader (SimpleContainerDownloader.java:<init>(72)) - Starting container downloader service to copy containers to replicate.
2019-06-12 15:14:20,780 INFO  hdfs.DFSUtil (DFSUtil.java:httpServerTemplateForNNAndJN(1641)) - Starting Web-server for hddsDatanode at: http://0.0.0.0:0
2019-06-12 15:14:20,781 INFO  server.AuthenticationFilter (AuthenticationFilter.java:constructSecretProvider(240)) - Unable to initialize FileSignerSecretProvider, falling back to use random secrets.
2019-06-12 15:14:20,781 WARN  http.HttpRequestLog (HttpRequestLog.java:getRequestLog(97)) - Jetty request log can only be enabled using Log4j
2019-06-12 15:14:20,782 INFO  http.HttpServer2 (HttpServer2.java:addGlobalFilter(975)) - Added global filter 'safety' (class=org.apache.hadoop.http.HttpServer2$QuotingInputFilter)
2019-06-12 15:14:20,782 INFO  http.HttpServer2 (HttpServer2.java:addFilter(948)) - Added filter static_user_filter (class=org.apache.hadoop.http.lib.StaticUserWebFilter$StaticUserFilter) to context hddsDatanode
2019-06-12 15:14:20,783 INFO  http.HttpServer2 (HttpServer2.java:addFilter(958)) - Added filter static_user_filter (class=org.apache.hadoop.http.lib.StaticUserWebFilter$StaticUserFilter) to context static
2019-06-12 15:14:20,783 INFO  http.HttpServer2 (HttpServer2.java:addFilter(958)) - Added filter static_user_filter (class=org.apache.hadoop.http.lib.StaticUserWebFilter$StaticUserFilter) to context logs
2019-06-12 15:14:20,783 INFO  http.HttpServer2 (HttpServer2.java:bindListener(1191)) - Jetty bound to port 34309
2019-06-12 15:14:20,783 INFO  server.Server (Server.java:doStart(351)) - jetty-9.3.24.v20180605, build timestamp: 2018-06-05T17:11:56Z, git hash: 84205aa28f11a4f31f2a3b86d1bba2cc8ab69827
2019-06-12 15:14:20,785 INFO  handler.ContextHandler (ContextHandler.java:doStart(781)) - Started o.e.j.s.ServletContextHandler@6f38f084{/logs,file:///opt/src/hadoop-ozone/integration-test/target/log,AVAILABLE}
2019-06-12 15:14:20,786 INFO  handler.ContextHandler (ContextHandler.java:doStart(781)) - Started o.e.j.s.ServletContextHandler@372f0a99{/static,jar:file:/root/.m2/repository/org/apache/hadoop/hadoop-hdds-container-service/0.5.0-SNAPSHOT/hadoop-hdds-container-service-0.5.0-SNAPSHOT.jar!/webapps/static,AVAILABLE}
2019-06-12 15:14:20,807 INFO  handler.ContextHandler (ContextHandler.java:doStart(781)) - Started o.e.j.w.WebAppContext@6b2fdffc{/,file:///tmp/jetty-0.0.0.0-34309-hddsDatanode-_-any-666769018333796509.dir/webapp/,AVAILABLE}{/hddsDatanode}
2019-06-12 15:14:20,808 INFO  server.AbstractConnector (AbstractConnector.java:doStart(278)) - Started ServerConnector@2ca3d826{HTTP/1.1,[http/1.1]}{0.0.0.0:34309}
2019-06-12 15:14:20,809 INFO  server.Server (Server.java:doStart(419)) - Started @4848ms
2019-06-12 15:14:20,810 INFO  server.BaseHttpServer (BaseHttpServer.java:updateConnectorAddress(207)) - HTTP server of HDDSDATANODE is listening at http://0.0.0.0:34309
2019-06-12 15:14:20,915 INFO  ozone.HddsDatanodeService (HddsDatanodeService.java:startPlugins(396)) - Started plug-in org.apache.hadoop.ozone.web.OzoneHddsDatanodeService@624b3544
2019-06-12 15:14:20,915 INFO  impl.MetricsSystemImpl (MetricsSystemImpl.java:init(158)) - HddsDatanode metrics system started (again)
2019-06-12 15:14:20,916 INFO  ozone.HddsDatanodeService (HddsDatanodeService.java:start(185)) - HddsDatanodeService host:ozone-8jqhm-122090471 ip:192.168.19.61
2019-06-12 15:14:20,919 INFO  datanode.InitDatanodeState (InitDatanodeState.java:persistContainerDatanodeDetails(140)) - DatanodeDetails is persisted to /opt/src/hadoop-ozone/integration-test/target/test-dir/MiniOzoneClusterImpl-68ef37a7-d2d8-42d7-a32d-84def556cd16/datanode-4/meta/datanode.id
2019-06-12 15:14:20,923 INFO  util.JvmPauseMonitor (JvmPauseMonitor.java:run(188)) - Starting JVM pause monitor
2019-06-12 15:14:20,936 INFO  volume.HddsVolume (HddsVolume.java:<init>(176)) - Creating Volume: /opt/src/hadoop-ozone/integration-test/target/test-dir/MiniOzoneClusterImpl-68ef37a7-d2d8-42d7-a32d-84def556cd16/datanode-5/data/containers/hdds of  storage type : DISK and capacity : 104021790720
2019-06-12 15:14:20,936 INFO  volume.VolumeSet (VolumeSet.java:initializeVolumeSet(170)) - Added Volume : /opt/src/hadoop-ozone/integration-test/target/test-dir/MiniOzoneClusterImpl-68ef37a7-d2d8-42d7-a32d-84def556cd16/datanode-5/data/containers/hdds to VolumeSet
2019-06-12 15:14:20,936 INFO  volume.ThrottledAsyncChecker (ThrottledAsyncChecker.java:schedule(140)) - Scheduling a check for org.apache.hadoop.ozone.container.common.volume.HddsVolume@55a0f011
2019-06-12 15:14:20,944 INFO  volume.HddsVolumeChecker (HddsVolumeChecker.java:checkAllVolumes(203)) - Scheduled health check for volume org.apache.hadoop.ozone.container.common.volume.HddsVolume@55a0f011
2019-06-12 15:14:20,958 INFO  ratis.XceiverServerRatis (XceiverServerRatis.java:newXceiverServerRatis(401)) - Found a free port for the server : 44363
2019-06-12 15:14:20,959 INFO  impl.RaftServerProxy (ConfUtils.java:logGet(43)) - raft.rpc.type = GRPC (default)
2019-06-12 15:14:20,959 INFO  grpc.GrpcConfigKeys$Server (ConfUtils.java:logGet(43)) - raft.grpc.server.port = 44363 (custom)
2019-06-12 15:14:20,959 INFO  server.GrpcService (ConfUtils.java:logGet(43)) - raft.grpc.message.size.max = 33570816 (custom)
2019-06-12 15:14:20,959 INFO  server.RaftServerConfigKeys (ConfUtils.java:logGet(43)) - raft.server.log.appender.buffer.byte-limit = 33554432 (custom)
2019-06-12 15:14:20,960 INFO  server.GrpcService (ConfUtils.java:logGet(43)) - raft.grpc.flow.control.window = 1MB (=1048576) (default)
2019-06-12 15:14:20,960 INFO  server.RaftServerConfigKeys (ConfUtils.java:logGet(43)) - raft.server.rpc.request.timeout = 3000ms (default)
2019-06-12 15:14:20,960 INFO  server.RaftServerConfigKeys (ConfUtils.java:logGet(43)) - raft.server.storage.dir = [/opt/src/hadoop-ozone/integration-test/target/test-dir/MiniOzoneClusterImpl-68ef37a7-d2d8-42d7-a32d-84def556cd16/datanode-5/data/ratis] (custom)
2019-06-12 15:14:20,961 INFO  server.XceiverServerGrpc (XceiverServerGrpc.java:<init>(97)) - Found a free port for the server : 33267
2019-06-12 15:14:20,961 INFO  replication.SimpleContainerDownloader (SimpleContainerDownloader.java:<init>(72)) - Starting container downloader service to copy containers to replicate.
2019-06-12 15:14:20,963 INFO  hdfs.DFSUtil (DFSUtil.java:httpServerTemplateForNNAndJN(1641)) - Starting Web-server for hddsDatanode at: http://0.0.0.0:0
2019-06-12 15:14:20,964 INFO  server.AuthenticationFilter (AuthenticationFilter.java:constructSecretProvider(240)) - Unable to initialize FileSignerSecretProvider, falling back to use random secrets.
2019-06-12 15:14:20,965 WARN  http.HttpRequestLog (HttpRequestLog.java:getRequestLog(97)) - Jetty request log can only be enabled using Log4j
2019-06-12 15:14:20,967 INFO  http.HttpServer2 (HttpServer2.java:addGlobalFilter(975)) - Added global filter 'safety' (class=org.apache.hadoop.http.HttpServer2$QuotingInputFilter)
2019-06-12 15:14:20,967 INFO  http.HttpServer2 (HttpServer2.java:addFilter(948)) - Added filter static_user_filter (class=org.apache.hadoop.http.lib.StaticUserWebFilter$StaticUserFilter) to context hddsDatanode
2019-06-12 15:14:20,968 INFO  http.HttpServer2 (HttpServer2.java:addFilter(958)) - Added filter static_user_filter (class=org.apache.hadoop.http.lib.StaticUserWebFilter$StaticUserFilter) to context logs
2019-06-12 15:14:20,968 INFO  http.HttpServer2 (HttpServer2.java:addFilter(958)) - Added filter static_user_filter (class=org.apache.hadoop.http.lib.StaticUserWebFilter$StaticUserFilter) to context static
2019-06-12 15:14:20,968 INFO  http.HttpServer2 (HttpServer2.java:bindListener(1191)) - Jetty bound to port 33347
2019-06-12 15:14:20,968 INFO  server.Server (Server.java:doStart(351)) - jetty-9.3.24.v20180605, build timestamp: 2018-06-05T17:11:56Z, git hash: 84205aa28f11a4f31f2a3b86d1bba2cc8ab69827
2019-06-12 15:14:20,978 INFO  handler.ContextHandler (ContextHandler.java:doStart(781)) - Started o.e.j.s.ServletContextHandler@23e61112{/logs,file:///opt/src/hadoop-ozone/integration-test/target/log,AVAILABLE}
2019-06-12 15:14:20,979 INFO  handler.ContextHandler (ContextHandler.java:doStart(781)) - Started o.e.j.s.ServletContextHandler@61b60600{/static,jar:file:/root/.m2/repository/org/apache/hadoop/hadoop-hdds-container-service/0.5.0-SNAPSHOT/hadoop-hdds-container-service-0.5.0-SNAPSHOT.jar!/webapps/static,AVAILABLE}
2019-06-12 15:14:21,006 INFO  handler.ContextHandler (ContextHandler.java:doStart(781)) - Started o.e.j.w.WebAppContext@245cb8df{/,file:///tmp/jetty-0.0.0.0-33347-hddsDatanode-_-any-2302387019505446008.dir/webapp/,AVAILABLE}{/hddsDatanode}
2019-06-12 15:14:21,008 INFO  server.AbstractConnector (AbstractConnector.java:doStart(278)) - Started ServerConnector@26b3c9a2{HTTP/1.1,[http/1.1]}{0.0.0.0:33347}
2019-06-12 15:14:21,009 INFO  server.Server (Server.java:doStart(419)) - Started @5048ms
2019-06-12 15:14:21,010 INFO  server.BaseHttpServer (BaseHttpServer.java:updateConnectorAddress(207)) - HTTP server of HDDSDATANODE is listening at http://0.0.0.0:33347
2019-06-12 15:14:21,118 INFO  ozone.HddsDatanodeService (HddsDatanodeService.java:startPlugins(396)) - Started plug-in org.apache.hadoop.ozone.web.OzoneHddsDatanodeService@4662752a
2019-06-12 15:14:21,119 INFO  ozone.MiniOzoneClusterImpl (MiniOzoneClusterImpl.java:lambda$waitForClusterToBeReady$0(142)) - Waiting for cluster to be ready. Got 0 of 6 DN Heartbeats.
2019-06-12 15:14:21,120 INFO  util.JvmPauseMonitor (JvmPauseMonitor.java:run(188)) - Starting JVM pause monitor
2019-06-12 15:14:21,122 INFO  datanode.InitDatanodeState (InitDatanodeState.java:persistContainerDatanodeDetails(140)) - DatanodeDetails is persisted to /opt/src/hadoop-ozone/integration-test/target/test-dir/MiniOzoneClusterImpl-68ef37a7-d2d8-42d7-a32d-84def556cd16/datanode-5/meta/datanode.id
2019-06-12 15:14:22,119 INFO  ozone.MiniOzoneClusterImpl (MiniOzoneClusterImpl.java:lambda$waitForClusterToBeReady$0(142)) - Waiting for cluster to be ready. Got 0 of 6 DN Heartbeats.
2019-06-12 15:14:22,122 INFO  ozoneimpl.OzoneContainer (OzoneContainer.java:start(186)) - Attempting to start container services.
2019-06-12 15:14:22,122 INFO  ozoneimpl.OzoneContainer (OzoneContainer.java:startContainerScrub(160)) - Background container scrubber has been disabled by hdds.containerscrub.enabled
2019-06-12 15:14:22,122 INFO  ratis.XceiverServerRatis (XceiverServerRatis.java:start(418)) - Starting XceiverServerRatis 17d82f6c-2cbe-437c-97ab-928e562ffc59 at port 41223
2019-06-12 15:14:22,134 INFO  impl.RaftServerProxy (RaftServerProxy.java:lambda$start$3(299)) - 17d82f6c-2cbe-437c-97ab-928e562ffc59: start RPC server
2019-06-12 15:14:22,265 INFO  server.GrpcService (GrpcService.java:startImpl(148)) - 17d82f6c-2cbe-437c-97ab-928e562ffc59: GrpcService started, listening on 0.0.0.0/0.0.0.0:41223
2019-06-12 15:14:22,327 INFO  ozoneimpl.OzoneContainer (OzoneContainer.java:start(186)) - Attempting to start container services.
2019-06-12 15:14:22,328 INFO  ozoneimpl.OzoneContainer (OzoneContainer.java:startContainerScrub(160)) - Background container scrubber has been disabled by hdds.containerscrub.enabled
2019-06-12 15:14:22,328 INFO  ratis.XceiverServerRatis (XceiverServerRatis.java:start(418)) - Starting XceiverServerRatis 661b4ae5-d1c2-40cd-a6f3-adb344dd1501 at port 41435
2019-06-12 15:14:22,334 INFO  impl.RaftServerProxy (RaftServerProxy.java:lambda$start$3(299)) - 661b4ae5-d1c2-40cd-a6f3-adb344dd1501: start RPC server
2019-06-12 15:14:22,337 INFO  server.GrpcService (GrpcService.java:startImpl(148)) - 661b4ae5-d1c2-40cd-a6f3-adb344dd1501: GrpcService started, listening on 0.0.0.0/0.0.0.0:41435
2019-06-12 15:14:22,563 INFO  ozoneimpl.OzoneContainer (OzoneContainer.java:start(186)) - Attempting to start container services.
2019-06-12 15:14:22,564 INFO  ozoneimpl.OzoneContainer (OzoneContainer.java:startContainerScrub(160)) - Background container scrubber has been disabled by hdds.containerscrub.enabled
2019-06-12 15:14:22,565 INFO  ratis.XceiverServerRatis (XceiverServerRatis.java:start(418)) - Starting XceiverServerRatis aad1ce1f-c04c-463e-bded-f21e55379e64 at port 33635
2019-06-12 15:14:22,573 INFO  impl.RaftServerProxy (RaftServerProxy.java:lambda$start$3(299)) - aad1ce1f-c04c-463e-bded-f21e55379e64: start RPC server
2019-06-12 15:14:22,575 INFO  server.GrpcService (GrpcService.java:startImpl(148)) - aad1ce1f-c04c-463e-bded-f21e55379e64: GrpcService started, listening on 0.0.0.0/0.0.0.0:33635
2019-06-12 15:14:22,755 INFO  ozoneimpl.OzoneContainer (OzoneContainer.java:start(186)) - Attempting to start container services.
2019-06-12 15:14:22,757 INFO  ozoneimpl.OzoneContainer (OzoneContainer.java:startContainerScrub(160)) - Background container scrubber has been disabled by hdds.containerscrub.enabled
2019-06-12 15:14:22,757 INFO  ratis.XceiverServerRatis (XceiverServerRatis.java:start(418)) - Starting XceiverServerRatis 420a3cfa-db44-443d-b555-0fe0115e15e6 at port 40411
2019-06-12 15:14:22,769 INFO  impl.RaftServerProxy (RaftServerProxy.java:lambda$start$3(299)) - 420a3cfa-db44-443d-b555-0fe0115e15e6: start RPC server
2019-06-12 15:14:22,771 INFO  server.GrpcService (GrpcService.java:startImpl(148)) - 420a3cfa-db44-443d-b555-0fe0115e15e6: GrpcService started, listening on 0.0.0.0/0.0.0.0:40411
2019-06-12 15:14:22,923 INFO  ozoneimpl.OzoneContainer (OzoneContainer.java:start(186)) - Attempting to start container services.
2019-06-12 15:14:22,926 INFO  ozoneimpl.OzoneContainer (OzoneContainer.java:startContainerScrub(160)) - Background container scrubber has been disabled by hdds.containerscrub.enabled
2019-06-12 15:14:22,926 INFO  ratis.XceiverServerRatis (XceiverServerRatis.java:start(418)) - Starting XceiverServerRatis 5ff4a18b-0521-441f-87a6-ab7aa0a1bc7e at port 35971
2019-06-12 15:14:22,933 INFO  impl.RaftServerProxy (RaftServerProxy.java:lambda$start$3(299)) - 5ff4a18b-0521-441f-87a6-ab7aa0a1bc7e: start RPC server
2019-06-12 15:14:22,936 INFO  server.GrpcService (GrpcService.java:startImpl(148)) - 5ff4a18b-0521-441f-87a6-ab7aa0a1bc7e: GrpcService started, listening on 0.0.0.0/0.0.0.0:35971
2019-06-12 15:14:23,119 INFO  ozone.MiniOzoneClusterImpl (MiniOzoneClusterImpl.java:lambda$waitForClusterToBeReady$0(142)) - Waiting for cluster to be ready. Got 0 of 6 DN Heartbeats.
2019-06-12 15:14:23,126 INFO  ozoneimpl.OzoneContainer (OzoneContainer.java:start(186)) - Attempting to start container services.
2019-06-12 15:14:23,128 INFO  ozoneimpl.OzoneContainer (OzoneContainer.java:startContainerScrub(160)) - Background container scrubber has been disabled by hdds.containerscrub.enabled
2019-06-12 15:14:23,128 INFO  ratis.XceiverServerRatis (XceiverServerRatis.java:start(418)) - Starting XceiverServerRatis 9904124c-4cc6-4d38-a85c-e1c95e3437f6 at port 44363
2019-06-12 15:14:23,133 INFO  impl.RaftServerProxy (RaftServerProxy.java:lambda$start$3(299)) - 9904124c-4cc6-4d38-a85c-e1c95e3437f6: start RPC server
2019-06-12 15:14:23,136 INFO  server.GrpcService (GrpcService.java:startImpl(148)) - 9904124c-4cc6-4d38-a85c-e1c95e3437f6: GrpcService started, listening on 0.0.0.0/0.0.0.0:44363
2019-06-12 15:14:24,120 INFO  ozone.MiniOzoneClusterImpl (MiniOzoneClusterImpl.java:lambda$waitForClusterToBeReady$0(142)) - Waiting for cluster to be ready. Got 1 of 6 DN Heartbeats.
2019-06-12 15:14:24,123 INFO  node.SCMNodeManager (SCMNodeManager.java:register(234)) - Registered Data node : 17d82f6c-2cbe-437c-97ab-928e562ffc59{ip: 192.168.19.61, host: ozone-8jqhm-122090471, networkLocation: /default-rack, certSerialId: null}
2019-06-12 15:14:24,141 INFO  safemode.SCMSafeModeManager (DataNodeSafeModeRule.java:process(71)) - SCM in safe mode. 1 DataNodes registered, 1 required.
2019-06-12 15:14:24,141 INFO  safemode.SCMSafeModeManager (SCMSafeModeManager.java:validateSafeModeExitRules(177)) - ScmSafeModeManager, all rules are successfully validated
2019-06-12 15:14:24,141 INFO  safemode.SCMSafeModeManager (SCMSafeModeManager.java:exitSafeMode(193)) - SCM exiting safe mode.
2019-06-12 15:14:24,325 INFO  node.SCMNodeManager (SCMNodeManager.java:register(234)) - Registered Data node : 661b4ae5-d1c2-40cd-a6f3-adb344dd1501{ip: 192.168.19.61, host: ozone-8jqhm-122090471, networkLocation: /default-rack, certSerialId: null}
2019-06-12 15:14:24,490 INFO  impl.RaftServerProxy (RaftServerProxy.java:addNew(89)) - 17d82f6c-2cbe-437c-97ab-928e562ffc59: addNew group-F77E12CD03C4:[17d82f6c-2cbe-437c-97ab-928e562ffc59:192.168.19.61:41223] returns group-F77E12CD03C4:java.util.concurrent.CompletableFuture@1688d3af[Not completed]
2019-06-12 15:14:24,496 INFO  impl.RaftServerImpl (RaftServerImpl.java:<init>(91)) - 17d82f6c-2cbe-437c-97ab-928e562ffc59: new RaftServerImpl for group-F77E12CD03C4:[17d82f6c-2cbe-437c-97ab-928e562ffc59:192.168.19.61:41223] with ContainerStateMachine:uninitialized
2019-06-12 15:14:24,497 INFO  server.RaftServerConfigKeys (ConfUtils.java:logGet(43)) - raft.server.rpc.timeout.min = 1s (custom)
2019-06-12 15:14:24,497 INFO  server.RaftServerConfigKeys (ConfUtils.java:logGet(43)) - raft.server.rpc.timeout.max = 1200ms (custom)
2019-06-12 15:14:24,497 INFO  server.RaftServerConfigKeys (ConfUtils.java:logGet(43)) - raft.server.rpcslowness.timeout = 10s (custom)
2019-06-12 15:14:24,498 INFO  server.RaftServerConfigKeys (ConfUtils.java:logGet(43)) - raft.server.log.appender.install.snapshot.enabled = true (default)
2019-06-12 15:14:24,505 INFO  impl.RaftServerImpl (ServerState.java:<init>(101)) - 17d82f6c-2cbe-437c-97ab-928e562ffc59:group-F77E12CD03C4 ConfigurationManager, init=-1: [17d82f6c-2cbe-437c-97ab-928e562ffc59:192.168.19.61:41223], old=null, confs=<EMPTY_MAP>
2019-06-12 15:14:24,505 INFO  server.RaftServerConfigKeys (ConfUtils.java:logGet(43)) - raft.server.storage.dir = [/opt/src/hadoop-ozone/integration-test/target/test-dir/MiniOzoneClusterImpl-68ef37a7-d2d8-42d7-a32d-84def556cd16/datanode-0/data/ratis] (custom)
2019-06-12 15:14:24,510 INFO  storage.RaftStorageDirectory (RaftStorageDirectory.java:analyzeStorage(246)) - The storage directory /opt/src/hadoop-ozone/integration-test/target/test-dir/MiniOzoneClusterImpl-68ef37a7-d2d8-42d7-a32d-84def556cd16/datanode-0/data/ratis/1e0556b0-26fe-4218-ac3f-f77e12cd03c4 does not exist. Creating ...
2019-06-12 15:14:24,515 INFO  storage.RaftStorageDirectory (RaftStorageDirectory.java:tryLock(328)) - Lock on /opt/src/hadoop-ozone/integration-test/target/test-dir/MiniOzoneClusterImpl-68ef37a7-d2d8-42d7-a32d-84def556cd16/datanode-0/data/ratis/1e0556b0-26fe-4218-ac3f-f77e12cd03c4/in_use.lock acquired by nodename 10032@ozone-8jqhm-122090471
2019-06-12 15:14:24,518 INFO  storage.RaftStorage (RaftStorage.java:format(75)) - Storage directory /opt/src/hadoop-ozone/integration-test/target/test-dir/MiniOzoneClusterImpl-68ef37a7-d2d8-42d7-a32d-84def556cd16/datanode-0/data/ratis/1e0556b0-26fe-4218-ac3f-f77e12cd03c4 has been successfully formatted.
2019-06-12 15:14:24,520 INFO  ratis.ContainerStateMachine (ContainerStateMachine.java:loadSnapshot(199)) - The snapshot info is null.Setting the last applied index to:(t:0, i:~)
2019-06-12 15:14:24,520 INFO  server.RaftServerConfigKeys (ConfUtils.java:logGet(43)) - raft.server.leader.election.timeout = 10s (custom)
2019-06-12 15:14:24,521 INFO  server.RaftServerConfigKeys (ConfUtils.java:logGet(43)) - raft.server.log.use.memory = false (default)
2019-06-12 15:14:24,643 INFO  server.RaftServerConfigKeys (ConfUtils.java:logGet(43)) - raft.server.log.appender.buffer.byte-limit = 33554432 (custom)
2019-06-12 15:14:24,645 INFO  node.SCMNodeManager (SCMNodeManager.java:register(234)) - Registered Data node : aad1ce1f-c04c-463e-bded-f21e55379e64{ip: 192.168.19.61, host: ozone-8jqhm-122090471, networkLocation: /default-rack, certSerialId: null}
2019-06-12 15:14:24,647 INFO  server.RaftServerConfigKeys (ConfUtils.java:logGet(43)) - raft.server.log.segment.size.max = 16384 (custom)
2019-06-12 15:14:24,650 INFO  server.RaftServerConfigKeys (ConfUtils.java:logGet(43)) - raft.server.log.segment.cache.num.max = 2 (custom)
2019-06-12 15:14:24,653 INFO  storage.RaftLogWorker (RaftLogWorker.java:<init>(123)) - new 17d82f6c-2cbe-437c-97ab-928e562ffc59-RaftLogWorker for Storage Directory /opt/src/hadoop-ozone/integration-test/target/test-dir/MiniOzoneClusterImpl-68ef37a7-d2d8-42d7-a32d-84def556cd16/datanode-0/data/ratis/1e0556b0-26fe-4218-ac3f-f77e12cd03c4
2019-06-12 15:14:24,653 INFO  server.RaftServerConfigKeys (ConfUtils.java:logGet(43)) - raft.server.log.queue.byte-limit = 2147483647 (custom)
2019-06-12 15:14:24,653 INFO  server.RaftServerConfigKeys (ConfUtils.java:logGet(43)) - raft.server.log.queue.element-limit = 1024 (custom)
2019-06-12 15:14:24,655 INFO  server.RaftServerConfigKeys (ConfUtils.java:logGet(43)) - raft.server.log.segment.size.max = 16384 (custom)
2019-06-12 15:14:24,655 INFO  server.RaftServerConfigKeys (ConfUtils.java:logGet(43)) - raft.server.log.preallocated.size = 16384 (custom)
2019-06-12 15:14:24,656 INFO  server.RaftServerConfigKeys (ConfUtils.java:logGet(43)) - raft.server.log.write.buffer.size = 33554432 (custom)
2019-06-12 15:14:24,656 INFO  server.RaftServerConfigKeys (ConfUtils.java:logGet(43)) - raft.server.log.force.sync.num = 128 (default)
2019-06-12 15:14:24,657 INFO  server.RaftServerConfigKeys (ConfUtils.java:logGet(43)) - raft.server.log.statemachine.data.sync = true (default)
2019-06-12 15:14:24,657 INFO  server.RaftServerConfigKeys (ConfUtils.java:logGet(43)) - raft.server.log.statemachine.data.sync.timeout = 10s (default)
2019-06-12 15:14:24,657 INFO  server.RaftServerConfigKeys (ConfUtils.java:logGet(43)) - raft.server.log.statemachine.data.sync.timeout.retry = -1 (default)
2019-06-12 15:14:24,659 INFO  server.RaftServerConfigKeys (ConfUtils.java:logGet(43)) - raft.server.log.statemachine.data.caching.enabled = true (custom)
2019-06-12 15:14:24,665 INFO  server.RaftServerConfigKeys (ConfUtils.java:logGet(43)) - raft.server.snapshot.auto.trigger.enabled = true (custom)
2019-06-12 15:14:24,665 INFO  server.RaftServerConfigKeys (ConfUtils.java:logGet(43)) - raft.server.snapshot.auto.trigger.threshold = 10000 (custom)
2019-06-12 15:14:24,666 INFO  server.RaftServerConfigKeys (ConfUtils.java:logGet(43)) - raft.server.retrycache.expirytime = 600000ms (custom)
2019-06-12 15:14:24,679 INFO  impl.RaftServerImpl (RaftServerImpl.java:start(173)) - 17d82f6c-2cbe-437c-97ab-928e562ffc59: start group-F77E12CD03C4
2019-06-12 15:14:24,680 INFO  impl.RaftServerImpl (RaftServerImpl.java:setRole(164)) - 17d82f6c-2cbe-437c-97ab-928e562ffc59:group-F77E12CD03C4 changes role from null to FOLLOWER at term 0 for startAsFollower
2019-06-12 15:14:24,681 INFO  impl.RoleInfo (RoleInfo.java:updateAndGet(143)) - 17d82f6c-2cbe-437c-97ab-928e562ffc59: start FollowerState
2019-06-12 15:14:24,682 INFO  util.JmxRegister (JmxRegister.java:tryRegister(44)) - Successfully registered JMX Bean with object name Ratis:service=RaftServer,group=group-F77E12CD03C4,id=17d82f6c-2cbe-437c-97ab-928e562ffc59
2019-06-12 15:14:24,720 INFO  pipeline.PipelineStateManager (PipelineStateManager.java:addPipeline(56)) - Created pipeline Pipeline[ Id: 1e0556b0-26fe-4218-ac3f-f77e12cd03c4, Nodes: 17d82f6c-2cbe-437c-97ab-928e562ffc59{ip: 192.168.19.61, host: ozone-8jqhm-122090471, networkLocation: /default-rack, certSerialId: null}, Type:RATIS, Factor:ONE, State:OPEN]
2019-06-12 15:14:24,735 INFO  impl.RaftServerProxy (RaftServerProxy.java:addNew(89)) - aad1ce1f-c04c-463e-bded-f21e55379e64: addNew group-93DA9F1546A2:[aad1ce1f-c04c-463e-bded-f21e55379e64:192.168.19.61:33635] returns group-93DA9F1546A2:java.util.concurrent.CompletableFuture@5110c5fd[Not completed]
2019-06-12 15:14:24,736 INFO  impl.RaftServerImpl (RaftServerImpl.java:<init>(91)) - aad1ce1f-c04c-463e-bded-f21e55379e64: new RaftServerImpl for group-93DA9F1546A2:[aad1ce1f-c04c-463e-bded-f21e55379e64:192.168.19.61:33635] with ContainerStateMachine:uninitialized
2019-06-12 15:14:24,737 INFO  server.RaftServerConfigKeys (ConfUtils.java:logGet(43)) - raft.server.rpc.timeout.min = 1s (custom)
2019-06-12 15:14:24,737 INFO  server.RaftServerConfigKeys (ConfUtils.java:logGet(43)) - raft.server.rpc.timeout.max = 1200ms (custom)
2019-06-12 15:14:24,737 INFO  server.RaftServerConfigKeys (ConfUtils.java:logGet(43)) - raft.server.rpcslowness.timeout = 10s (custom)
2019-06-12 15:14:24,737 INFO  server.RaftServerConfigKeys (ConfUtils.java:logGet(43)) - raft.server.log.appender.install.snapshot.enabled = true (default)
2019-06-12 15:14:24,737 INFO  impl.RaftServerImpl (ServerState.java:<init>(101)) - aad1ce1f-c04c-463e-bded-f21e55379e64:group-93DA9F1546A2 ConfigurationManager, init=-1: [aad1ce1f-c04c-463e-bded-f21e55379e64:192.168.19.61:33635], old=null, confs=<EMPTY_MAP>
2019-06-12 15:14:24,737 INFO  server.RaftServerConfigKeys (ConfUtils.java:logGet(43)) - raft.server.storage.dir = [/opt/src/hadoop-ozone/integration-test/target/test-dir/MiniOzoneClusterImpl-68ef37a7-d2d8-42d7-a32d-84def556cd16/datanode-2/data/ratis] (custom)
2019-06-12 15:14:24,737 INFO  storage.RaftStorageDirectory (RaftStorageDirectory.java:analyzeStorage(246)) - The storage directory /opt/src/hadoop-ozone/integration-test/target/test-dir/MiniOzoneClusterImpl-68ef37a7-d2d8-42d7-a32d-84def556cd16/datanode-2/data/ratis/8c3a0f53-2b4f-4ea8-81b1-93da9f1546a2 does not exist. Creating ...
2019-06-12 15:14:24,739 INFO  storage.RaftStorageDirectory (RaftStorageDirectory.java:tryLock(328)) - Lock on /opt/src/hadoop-ozone/integration-test/target/test-dir/MiniOzoneClusterImpl-68ef37a7-d2d8-42d7-a32d-84def556cd16/datanode-2/data/ratis/8c3a0f53-2b4f-4ea8-81b1-93da9f1546a2/in_use.lock acquired by nodename 10032@ozone-8jqhm-122090471
2019-06-12 15:14:24,741 INFO  storage.RaftStorage (RaftStorage.java:format(75)) - Storage directory /opt/src/hadoop-ozone/integration-test/target/test-dir/MiniOzoneClusterImpl-68ef37a7-d2d8-42d7-a32d-84def556cd16/datanode-2/data/ratis/8c3a0f53-2b4f-4ea8-81b1-93da9f1546a2 has been successfully formatted.
2019-06-12 15:14:24,742 INFO  ratis.ContainerStateMachine (ContainerStateMachine.java:loadSnapshot(199)) - The snapshot info is null.Setting the last applied index to:(t:0, i:~)
2019-06-12 15:14:24,742 INFO  server.RaftServerConfigKeys (ConfUtils.java:logGet(43)) - raft.server.leader.election.timeout = 10s (custom)
2019-06-12 15:14:24,742 INFO  server.RaftServerConfigKeys (ConfUtils.java:logGet(43)) - raft.server.log.use.memory = false (default)
2019-06-12 15:14:24,742 INFO  server.RaftServerConfigKeys (ConfUtils.java:logGet(43)) - raft.server.log.appender.buffer.byte-limit = 33554432 (custom)
2019-06-12 15:14:24,742 INFO  server.RaftServerConfigKeys (ConfUtils.java:logGet(43)) - raft.server.log.segment.size.max = 16384 (custom)
2019-06-12 15:14:24,742 INFO  server.RaftServerConfigKeys (ConfUtils.java:logGet(43)) - raft.server.log.segment.cache.num.max = 2 (custom)
2019-06-12 15:14:24,742 INFO  storage.RaftLogWorker (RaftLogWorker.java:<init>(123)) - new aad1ce1f-c04c-463e-bded-f21e55379e64-RaftLogWorker for Storage Directory /opt/src/hadoop-ozone/integration-test/target/test-dir/MiniOzoneClusterImpl-68ef37a7-d2d8-42d7-a32d-84def556cd16/datanode-2/data/ratis/8c3a0f53-2b4f-4ea8-81b1-93da9f1546a2
2019-06-12 15:14:24,743 INFO  server.RaftServerConfigKeys (ConfUtils.java:logGet(43)) - raft.server.log.queue.byte-limit = 2147483647 (custom)
2019-06-12 15:14:24,743 INFO  server.RaftServerConfigKeys (ConfUtils.java:logGet(43)) - raft.server.log.queue.element-limit = 1024 (custom)
2019-06-12 15:14:24,743 INFO  server.RaftServerConfigKeys (ConfUtils.java:logGet(43)) - raft.server.log.segment.size.max = 16384 (custom)
2019-06-12 15:14:24,743 INFO  server.RaftServerConfigKeys (ConfUtils.java:logGet(43)) - raft.server.log.preallocated.size = 16384 (custom)
2019-06-12 15:14:24,743 INFO  server.RaftServerConfigKeys (ConfUtils.java:logGet(43)) - raft.server.log.write.buffer.size = 33554432 (custom)
2019-06-12 15:14:24,744 INFO  server.RaftServerConfigKeys (ConfUtils.java:logGet(43)) - raft.server.log.force.sync.num = 128 (default)
2019-06-12 15:14:24,744 INFO  server.RaftServerConfigKeys (ConfUtils.java:logGet(43)) - raft.server.log.statemachine.data.sync = true (default)
2019-06-12 15:14:24,744 INFO  server.RaftServerConfigKeys (ConfUtils.java:logGet(43)) - raft.server.log.statemachine.data.sync.timeout = 10s (default)
2019-06-12 15:14:24,744 INFO  server.RaftServerConfigKeys (ConfUtils.java:logGet(43)) - raft.server.log.statemachine.data.sync.timeout.retry = -1 (default)
2019-06-12 15:14:24,744 INFO  server.RaftServerConfigKeys (ConfUtils.java:logGet(43)) - raft.server.log.statemachine.data.caching.enabled = true (custom)
2019-06-12 15:14:24,744 INFO  server.RaftServerConfigKeys (ConfUtils.java:logGet(43)) - raft.server.snapshot.auto.trigger.enabled = true (custom)
2019-06-12 15:14:24,744 INFO  server.RaftServerConfigKeys (ConfUtils.java:logGet(43)) - raft.server.snapshot.auto.trigger.threshold = 10000 (custom)
2019-06-12 15:14:24,744 INFO  server.RaftServerConfigKeys (ConfUtils.java:logGet(43)) - raft.server.retrycache.expirytime = 600000ms (custom)
2019-06-12 15:14:24,745 INFO  impl.RaftServerImpl (RaftServerImpl.java:start(173)) - aad1ce1f-c04c-463e-bded-f21e55379e64: start group-93DA9F1546A2
2019-06-12 15:14:24,745 INFO  impl.RaftServerImpl (RaftServerImpl.java:setRole(164)) - aad1ce1f-c04c-463e-bded-f21e55379e64:group-93DA9F1546A2 changes role from null to FOLLOWER at term 0 for startAsFollower
2019-06-12 15:14:24,745 INFO  impl.RoleInfo (RoleInfo.java:updateAndGet(143)) - aad1ce1f-c04c-463e-bded-f21e55379e64: start FollowerState
2019-06-12 15:14:24,746 INFO  util.JmxRegister (JmxRegister.java:tryRegister(44)) - Successfully registered JMX Bean with object name Ratis:service=RaftServer,group=group-93DA9F1546A2,id=aad1ce1f-c04c-463e-bded-f21e55379e64
2019-06-12 15:14:24,754 INFO  pipeline.PipelineStateManager (PipelineStateManager.java:addPipeline(56)) - Created pipeline Pipeline[ Id: 8c3a0f53-2b4f-4ea8-81b1-93da9f1546a2, Nodes: aad1ce1f-c04c-463e-bded-f21e55379e64{ip: 192.168.19.61, host: ozone-8jqhm-122090471, networkLocation: /default-rack, certSerialId: null}, Type:RATIS, Factor:ONE, State:OPEN]
2019-06-12 15:14:24,755 INFO  node.SCMNodeManager (SCMNodeManager.java:register(234)) - Registered Data node : 420a3cfa-db44-443d-b555-0fe0115e15e6{ip: 192.168.19.61, host: ozone-8jqhm-122090471, networkLocation: /default-rack, certSerialId: null}
2019-06-12 15:14:24,770 INFO  impl.RaftServerProxy (RaftServerProxy.java:addNew(89)) - 420a3cfa-db44-443d-b555-0fe0115e15e6: addNew group-847E21A67499:[420a3cfa-db44-443d-b555-0fe0115e15e6:192.168.19.61:40411] returns group-847E21A67499:java.util.concurrent.CompletableFuture@677218c8[Not completed]
2019-06-12 15:14:24,795 INFO  impl.RaftServerImpl (RaftServerImpl.java:<init>(91)) - 420a3cfa-db44-443d-b555-0fe0115e15e6: new RaftServerImpl for group-847E21A67499:[420a3cfa-db44-443d-b555-0fe0115e15e6:192.168.19.61:40411] with ContainerStateMachine:uninitialized
2019-06-12 15:14:24,795 INFO  server.RaftServerConfigKeys (ConfUtils.java:logGet(43)) - raft.server.rpc.timeout.min = 1s (custom)
2019-06-12 15:14:24,796 INFO  server.RaftServerConfigKeys (ConfUtils.java:logGet(43)) - raft.server.rpc.timeout.max = 1200ms (custom)
2019-06-12 15:14:24,796 INFO  server.RaftServerConfigKeys (ConfUtils.java:logGet(43)) - raft.server.rpcslowness.timeout = 10s (custom)
2019-06-12 15:14:24,796 INFO  server.RaftServerConfigKeys (ConfUtils.java:logGet(43)) - raft.server.log.appender.install.snapshot.enabled = true (default)
2019-06-12 15:14:24,796 INFO  impl.RaftServerImpl (ServerState.java:<init>(101)) - 420a3cfa-db44-443d-b555-0fe0115e15e6:group-847E21A67499 ConfigurationManager, init=-1: [420a3cfa-db44-443d-b555-0fe0115e15e6:192.168.19.61:40411], old=null, confs=<EMPTY_MAP>
2019-06-12 15:14:24,796 INFO  server.RaftServerConfigKeys (ConfUtils.java:logGet(43)) - raft.server.storage.dir = [/opt/src/hadoop-ozone/integration-test/target/test-dir/MiniOzoneClusterImpl-68ef37a7-d2d8-42d7-a32d-84def556cd16/datanode-3/data/ratis] (custom)
2019-06-12 15:14:24,796 INFO  storage.RaftStorageDirectory (RaftStorageDirectory.java:analyzeStorage(246)) - The storage directory /opt/src/hadoop-ozone/integration-test/target/test-dir/MiniOzoneClusterImpl-68ef37a7-d2d8-42d7-a32d-84def556cd16/datanode-3/data/ratis/c8574e3f-acee-48e8-8009-847e21a67499 does not exist. Creating ...
2019-06-12 15:14:24,799 INFO  storage.RaftStorageDirectory (RaftStorageDirectory.java:tryLock(328)) - Lock on /opt/src/hadoop-ozone/integration-test/target/test-dir/MiniOzoneClusterImpl-68ef37a7-d2d8-42d7-a32d-84def556cd16/datanode-3/data/ratis/c8574e3f-acee-48e8-8009-847e21a67499/in_use.lock acquired by nodename 10032@ozone-8jqhm-122090471
2019-06-12 15:14:24,801 INFO  storage.RaftStorage (RaftStorage.java:format(75)) - Storage directory /opt/src/hadoop-ozone/integration-test/target/test-dir/MiniOzoneClusterImpl-68ef37a7-d2d8-42d7-a32d-84def556cd16/datanode-3/data/ratis/c8574e3f-acee-48e8-8009-847e21a67499 has been successfully formatted.
2019-06-12 15:14:24,802 INFO  ratis.ContainerStateMachine (ContainerStateMachine.java:loadSnapshot(199)) - The snapshot info is null.Setting the last applied index to:(t:0, i:~)
2019-06-12 15:14:24,803 INFO  server.RaftServerConfigKeys (ConfUtils.java:logGet(43)) - raft.server.leader.election.timeout = 10s (custom)
2019-06-12 15:14:24,803 INFO  server.RaftServerConfigKeys (ConfUtils.java:logGet(43)) - raft.server.log.use.memory = false (default)
2019-06-12 15:14:24,803 INFO  server.RaftServerConfigKeys (ConfUtils.java:logGet(43)) - raft.server.log.appender.buffer.byte-limit = 33554432 (custom)
2019-06-12 15:14:24,803 INFO  server.RaftServerConfigKeys (ConfUtils.java:logGet(43)) - raft.server.log.segment.size.max = 16384 (custom)
2019-06-12 15:14:24,803 INFO  server.RaftServerConfigKeys (ConfUtils.java:logGet(43)) - raft.server.log.segment.cache.num.max = 2 (custom)
2019-06-12 15:14:24,803 INFO  storage.RaftLogWorker (RaftLogWorker.java:<init>(123)) - new 420a3cfa-db44-443d-b555-0fe0115e15e6-RaftLogWorker for Storage Directory /opt/src/hadoop-ozone/integration-test/target/test-dir/MiniOzoneClusterImpl-68ef37a7-d2d8-42d7-a32d-84def556cd16/datanode-3/data/ratis/c8574e3f-acee-48e8-8009-847e21a67499
2019-06-12 15:14:24,804 INFO  server.RaftServerConfigKeys (ConfUtils.java:logGet(43)) - raft.server.log.queue.byte-limit = 2147483647 (custom)
2019-06-12 15:14:24,804 INFO  server.RaftServerConfigKeys (ConfUtils.java:logGet(43)) - raft.server.log.queue.element-limit = 1024 (custom)
2019-06-12 15:14:24,804 INFO  server.RaftServerConfigKeys (ConfUtils.java:logGet(43)) - raft.server.log.segment.size.max = 16384 (custom)
2019-06-12 15:14:24,804 INFO  server.RaftServerConfigKeys (ConfUtils.java:logGet(43)) - raft.server.log.preallocated.size = 16384 (custom)
2019-06-12 15:14:24,804 INFO  server.RaftServerConfigKeys (ConfUtils.java:logGet(43)) - raft.server.log.write.buffer.size = 33554432 (custom)
2019-06-12 15:14:24,804 INFO  server.RaftServerConfigKeys (ConfUtils.java:logGet(43)) - raft.server.log.force.sync.num = 128 (default)
2019-06-12 15:14:24,804 INFO  server.RaftServerConfigKeys (ConfUtils.java:logGet(43)) - raft.server.log.statemachine.data.sync = true (default)
2019-06-12 15:14:24,804 INFO  server.RaftServerConfigKeys (ConfUtils.java:logGet(43)) - raft.server.log.statemachine.data.sync.timeout = 10s (default)
2019-06-12 15:14:24,804 INFO  server.RaftServerConfigKeys (ConfUtils.java:logGet(43)) - raft.server.log.statemachine.data.sync.timeout.retry = -1 (default)
2019-06-12 15:14:24,805 INFO  server.RaftServerConfigKeys (ConfUtils.java:logGet(43)) - raft.server.log.statemachine.data.caching.enabled = true (custom)
2019-06-12 15:14:24,805 INFO  server.RaftServerConfigKeys (ConfUtils.java:logGet(43)) - raft.server.snapshot.auto.trigger.enabled = true (custom)
2019-06-12 15:14:24,805 INFO  server.RaftServerConfigKeys (ConfUtils.java:logGet(43)) - raft.server.snapshot.auto.trigger.threshold = 10000 (custom)
2019-06-12 15:14:24,805 INFO  server.RaftServerConfigKeys (ConfUtils.java:logGet(43)) - raft.server.retrycache.expirytime = 600000ms (custom)
2019-06-12 15:14:24,806 INFO  impl.RaftServerImpl (RaftServerImpl.java:start(173)) - 420a3cfa-db44-443d-b555-0fe0115e15e6: start group-847E21A67499
2019-06-12 15:14:24,806 INFO  impl.RaftServerImpl (RaftServerImpl.java:setRole(164)) - 420a3cfa-db44-443d-b555-0fe0115e15e6:group-847E21A67499 changes role from null to FOLLOWER at term 0 for startAsFollower
2019-06-12 15:14:24,806 INFO  impl.RoleInfo (RoleInfo.java:updateAndGet(143)) - 420a3cfa-db44-443d-b555-0fe0115e15e6: start FollowerState
2019-06-12 15:14:24,806 INFO  util.JmxRegister (JmxRegister.java:tryRegister(44)) - Successfully registered JMX Bean with object name Ratis:service=RaftServer,group=group-847E21A67499,id=420a3cfa-db44-443d-b555-0fe0115e15e6
2019-06-12 15:14:24,814 INFO  pipeline.PipelineStateManager (PipelineStateManager.java:addPipeline(56)) - Created pipeline Pipeline[ Id: c8574e3f-acee-48e8-8009-847e21a67499, Nodes: 420a3cfa-db44-443d-b555-0fe0115e15e6{ip: 192.168.19.61, host: ozone-8jqhm-122090471, networkLocation: /default-rack, certSerialId: null}, Type:RATIS, Factor:ONE, State:OPEN]
2019-06-12 15:14:24,829 INFO  impl.RaftServerProxy (RaftServerProxy.java:addNew(89)) - 661b4ae5-d1c2-40cd-a6f3-adb344dd1501: addNew group-AADD542CAF3C:[661b4ae5-d1c2-40cd-a6f3-adb344dd1501:192.168.19.61:41435] returns group-AADD542CAF3C:java.util.concurrent.CompletableFuture@7d805768[Not completed]
2019-06-12 15:14:24,840 INFO  impl.RaftServerImpl (RaftServerImpl.java:<init>(91)) - 661b4ae5-d1c2-40cd-a6f3-adb344dd1501: new RaftServerImpl for group-AADD542CAF3C:[661b4ae5-d1c2-40cd-a6f3-adb344dd1501:192.168.19.61:41435] with ContainerStateMachine:uninitialized
2019-06-12 15:14:24,840 INFO  server.RaftServerConfigKeys (ConfUtils.java:logGet(43)) - raft.server.rpc.timeout.min = 1s (custom)
2019-06-12 15:14:24,840 INFO  server.RaftServerConfigKeys (ConfUtils.java:logGet(43)) - raft.server.rpc.timeout.max = 1200ms (custom)
2019-06-12 15:14:24,840 INFO  server.RaftServerConfigKeys (ConfUtils.java:logGet(43)) - raft.server.rpcslowness.timeout = 10s (custom)
2019-06-12 15:14:24,840 INFO  server.RaftServerConfigKeys (ConfUtils.java:logGet(43)) - raft.server.log.appender.install.snapshot.enabled = true (default)
2019-06-12 15:14:24,840 INFO  impl.RaftServerImpl (ServerState.java:<init>(101)) - 661b4ae5-d1c2-40cd-a6f3-adb344dd1501:group-AADD542CAF3C ConfigurationManager, init=-1: [661b4ae5-d1c2-40cd-a6f3-adb344dd1501:192.168.19.61:41435], old=null, confs=<EMPTY_MAP>
2019-06-12 15:14:24,840 INFO  server.RaftServerConfigKeys (ConfUtils.java:logGet(43)) - raft.server.storage.dir = [/opt/src/hadoop-ozone/integration-test/target/test-dir/MiniOzoneClusterImpl-68ef37a7-d2d8-42d7-a32d-84def556cd16/datanode-1/data/ratis] (custom)
2019-06-12 15:14:24,841 INFO  storage.RaftStorageDirectory (RaftStorageDirectory.java:analyzeStorage(246)) - The storage directory /opt/src/hadoop-ozone/integration-test/target/test-dir/MiniOzoneClusterImpl-68ef37a7-d2d8-42d7-a32d-84def556cd16/datanode-1/data/ratis/61b7332d-8fe6-4f03-a064-aadd542caf3c does not exist. Creating ...
2019-06-12 15:14:24,843 INFO  storage.RaftStorageDirectory (RaftStorageDirectory.java:tryLock(328)) - Lock on /opt/src/hadoop-ozone/integration-test/target/test-dir/MiniOzoneClusterImpl-68ef37a7-d2d8-42d7-a32d-84def556cd16/datanode-1/data/ratis/61b7332d-8fe6-4f03-a064-aadd542caf3c/in_use.lock acquired by nodename 10032@ozone-8jqhm-122090471
2019-06-12 15:14:24,845 INFO  storage.RaftStorage (RaftStorage.java:format(75)) - Storage directory /opt/src/hadoop-ozone/integration-test/target/test-dir/MiniOzoneClusterImpl-68ef37a7-d2d8-42d7-a32d-84def556cd16/datanode-1/data/ratis/61b7332d-8fe6-4f03-a064-aadd542caf3c has been successfully formatted.
2019-06-12 15:14:24,845 INFO  ratis.ContainerStateMachine (ContainerStateMachine.java:loadSnapshot(199)) - The snapshot info is null.Setting the last applied index to:(t:0, i:~)
2019-06-12 15:14:24,845 INFO  server.RaftServerConfigKeys (ConfUtils.java:logGet(43)) - raft.server.leader.election.timeout = 10s (custom)
2019-06-12 15:14:24,845 INFO  server.RaftServerConfigKeys (ConfUtils.java:logGet(43)) - raft.server.log.use.memory = false (default)
2019-06-12 15:14:24,845 INFO  server.RaftServerConfigKeys (ConfUtils.java:logGet(43)) - raft.server.log.appender.buffer.byte-limit = 33554432 (custom)
2019-06-12 15:14:24,845 INFO  server.RaftServerConfigKeys (ConfUtils.java:logGet(43)) - raft.server.log.segment.size.max = 16384 (custom)
2019-06-12 15:14:24,845 INFO  server.RaftServerConfigKeys (ConfUtils.java:logGet(43)) - raft.server.log.segment.cache.num.max = 2 (custom)
2019-06-12 15:14:24,845 INFO  storage.RaftLogWorker (RaftLogWorker.java:<init>(123)) - new 661b4ae5-d1c2-40cd-a6f3-adb344dd1501-RaftLogWorker for Storage Directory /opt/src/hadoop-ozone/integration-test/target/test-dir/MiniOzoneClusterImpl-68ef37a7-d2d8-42d7-a32d-84def556cd16/datanode-1/data/ratis/61b7332d-8fe6-4f03-a064-aadd542caf3c
2019-06-12 15:14:24,846 INFO  server.RaftServerConfigKeys (ConfUtils.java:logGet(43)) - raft.server.log.queue.byte-limit = 2147483647 (custom)
2019-06-12 15:14:24,846 INFO  server.RaftServerConfigKeys (ConfUtils.java:logGet(43)) - raft.server.log.queue.element-limit = 1024 (custom)
2019-06-12 15:14:24,846 INFO  server.RaftServerConfigKeys (ConfUtils.java:logGet(43)) - raft.server.log.segment.size.max = 16384 (custom)
2019-06-12 15:14:24,846 INFO  server.RaftServerConfigKeys (ConfUtils.java:logGet(43)) - raft.server.log.preallocated.size = 16384 (custom)
2019-06-12 15:14:24,846 INFO  server.RaftServerConfigKeys (ConfUtils.java:logGet(43)) - raft.server.log.write.buffer.size = 33554432 (custom)
2019-06-12 15:14:24,846 INFO  server.RaftServerConfigKeys (ConfUtils.java:logGet(43)) - raft.server.log.force.sync.num = 128 (default)
2019-06-12 15:14:24,846 INFO  server.RaftServerConfigKeys (ConfUtils.java:logGet(43)) - raft.server.log.statemachine.data.sync = true (default)
2019-06-12 15:14:24,846 INFO  server.RaftServerConfigKeys (ConfUtils.java:logGet(43)) - raft.server.log.statemachine.data.sync.timeout = 10s (default)
2019-06-12 15:14:24,846 INFO  server.RaftServerConfigKeys (ConfUtils.java:logGet(43)) - raft.server.log.statemachine.data.sync.timeout.retry = -1 (default)
2019-06-12 15:14:24,846 INFO  server.RaftServerConfigKeys (ConfUtils.java:logGet(43)) - raft.server.log.statemachine.data.caching.enabled = true (custom)
2019-06-12 15:14:24,847 INFO  server.RaftServerConfigKeys (ConfUtils.java:logGet(43)) - raft.server.snapshot.auto.trigger.enabled = true (custom)
2019-06-12 15:14:24,847 INFO  server.RaftServerConfigKeys (ConfUtils.java:logGet(43)) - raft.server.snapshot.auto.trigger.threshold = 10000 (custom)
2019-06-12 15:14:24,847 INFO  server.RaftServerConfigKeys (ConfUtils.java:logGet(43)) - raft.server.retrycache.expirytime = 600000ms (custom)
2019-06-12 15:14:24,847 INFO  impl.RaftServerImpl (RaftServerImpl.java:start(173)) - 661b4ae5-d1c2-40cd-a6f3-adb344dd1501: start group-AADD542CAF3C
2019-06-12 15:14:24,847 INFO  impl.RaftServerImpl (RaftServerImpl.java:setRole(164)) - 661b4ae5-d1c2-40cd-a6f3-adb344dd1501:group-AADD542CAF3C changes role from null to FOLLOWER at term 0 for startAsFollower
2019-06-12 15:14:24,847 INFO  impl.RoleInfo (RoleInfo.java:updateAndGet(143)) - 661b4ae5-d1c2-40cd-a6f3-adb344dd1501: start FollowerState
2019-06-12 15:14:24,847 INFO  util.JmxRegister (JmxRegister.java:tryRegister(44)) - Successfully registered JMX Bean with object name Ratis:service=RaftServer,group=group-AADD542CAF3C,id=661b4ae5-d1c2-40cd-a6f3-adb344dd1501
2019-06-12 15:14:24,855 INFO  pipeline.PipelineStateManager (PipelineStateManager.java:addPipeline(56)) - Created pipeline Pipeline[ Id: 61b7332d-8fe6-4f03-a064-aadd542caf3c, Nodes: 661b4ae5-d1c2-40cd-a6f3-adb344dd1501{ip: 192.168.19.61, host: ozone-8jqhm-122090471, networkLocation: /default-rack, certSerialId: null}, Type:RATIS, Factor:ONE, State:OPEN]
2019-06-12 15:14:24,877 INFO  impl.RaftServerProxy (RaftServerProxy.java:addNew(89)) - 17d82f6c-2cbe-437c-97ab-928e562ffc59: addNew group-7377CAEF715E:[aad1ce1f-c04c-463e-bded-f21e55379e64:192.168.19.61:33635, 17d82f6c-2cbe-437c-97ab-928e562ffc59:192.168.19.61:41223, 420a3cfa-db44-443d-b555-0fe0115e15e6:192.168.19.61:40411] returns group-7377CAEF715E:java.util.concurrent.CompletableFuture@1dea001f[Not completed]
2019-06-12 15:14:24,878 INFO  impl.RaftServerImpl (RaftServerImpl.java:<init>(91)) - 17d82f6c-2cbe-437c-97ab-928e562ffc59: new RaftServerImpl for group-7377CAEF715E:[aad1ce1f-c04c-463e-bded-f21e55379e64:192.168.19.61:33635, 17d82f6c-2cbe-437c-97ab-928e562ffc59:192.168.19.61:41223, 420a3cfa-db44-443d-b555-0fe0115e15e6:192.168.19.61:40411] with ContainerStateMachine:uninitialized
2019-06-12 15:14:24,878 INFO  server.RaftServerConfigKeys (ConfUtils.java:logGet(43)) - raft.server.rpc.timeout.min = 1s (custom)
2019-06-12 15:14:24,879 INFO  server.RaftServerConfigKeys (ConfUtils.java:logGet(43)) - raft.server.rpc.timeout.max = 1200ms (custom)
2019-06-12 15:14:24,879 INFO  server.RaftServerConfigKeys (ConfUtils.java:logGet(43)) - raft.server.rpcslowness.timeout = 10s (custom)
2019-06-12 15:14:24,879 INFO  server.RaftServerConfigKeys (ConfUtils.java:logGet(43)) - raft.server.log.appender.install.snapshot.enabled = true (default)
2019-06-12 15:14:24,879 INFO  impl.RaftServerImpl (ServerState.java:<init>(101)) - 17d82f6c-2cbe-437c-97ab-928e562ffc59:group-7377CAEF715E ConfigurationManager, init=-1: [aad1ce1f-c04c-463e-bded-f21e55379e64:192.168.19.61:33635, 17d82f6c-2cbe-437c-97ab-928e562ffc59:192.168.19.61:41223, 420a3cfa-db44-443d-b555-0fe0115e15e6:192.168.19.61:40411], old=null, confs=<EMPTY_MAP>
2019-06-12 15:14:24,879 INFO  server.RaftServerConfigKeys (ConfUtils.java:logGet(43)) - raft.server.storage.dir = [/opt/src/hadoop-ozone/integration-test/target/test-dir/MiniOzoneClusterImpl-68ef37a7-d2d8-42d7-a32d-84def556cd16/datanode-0/data/ratis] (custom)
2019-06-12 15:14:24,879 INFO  storage.RaftStorageDirectory (RaftStorageDirectory.java:analyzeStorage(246)) - The storage directory /opt/src/hadoop-ozone/integration-test/target/test-dir/MiniOzoneClusterImpl-68ef37a7-d2d8-42d7-a32d-84def556cd16/datanode-0/data/ratis/f3d977db-00bd-4671-b9d1-7377caef715e does not exist. Creating ...
2019-06-12 15:14:24,884 INFO  storage.RaftStorageDirectory (RaftStorageDirectory.java:tryLock(328)) - Lock on /opt/src/hadoop-ozone/integration-test/target/test-dir/MiniOzoneClusterImpl-68ef37a7-d2d8-42d7-a32d-84def556cd16/datanode-0/data/ratis/f3d977db-00bd-4671-b9d1-7377caef715e/in_use.lock acquired by nodename 10032@ozone-8jqhm-122090471
2019-06-12 15:14:24,884 INFO  impl.RaftServerProxy (RaftServerProxy.java:addNew(89)) - 420a3cfa-db44-443d-b555-0fe0115e15e6: addNew group-7377CAEF715E:[aad1ce1f-c04c-463e-bded-f21e55379e64:192.168.19.61:33635, 17d82f6c-2cbe-437c-97ab-928e562ffc59:192.168.19.61:41223, 420a3cfa-db44-443d-b555-0fe0115e15e6:192.168.19.61:40411] returns group-7377CAEF715E:java.util.concurrent.CompletableFuture@19d5877a[Not completed]
2019-06-12 15:14:24,885 INFO  impl.RaftServerImpl (RaftServerImpl.java:<init>(91)) - 420a3cfa-db44-443d-b555-0fe0115e15e6: new RaftServerImpl for group-7377CAEF715E:[aad1ce1f-c04c-463e-bded-f21e55379e64:192.168.19.61:33635, 17d82f6c-2cbe-437c-97ab-928e562ffc59:192.168.19.61:41223, 420a3cfa-db44-443d-b555-0fe0115e15e6:192.168.19.61:40411] with ContainerStateMachine:uninitialized
2019-06-12 15:14:24,886 INFO  server.RaftServerConfigKeys (ConfUtils.java:logGet(43)) - raft.server.rpc.timeout.min = 1s (custom)
2019-06-12 15:14:24,886 INFO  server.RaftServerConfigKeys (ConfUtils.java:logGet(43)) - raft.server.rpc.timeout.max = 1200ms (custom)
2019-06-12 15:14:24,886 INFO  server.RaftServerConfigKeys (ConfUtils.java:logGet(43)) - raft.server.rpcslowness.timeout = 10s (custom)
2019-06-12 15:14:24,886 INFO  server.RaftServerConfigKeys (ConfUtils.java:logGet(43)) - raft.server.log.appender.install.snapshot.enabled = true (default)
2019-06-12 15:14:24,886 INFO  impl.RaftServerImpl (ServerState.java:<init>(101)) - 420a3cfa-db44-443d-b555-0fe0115e15e6:group-7377CAEF715E ConfigurationManager, init=-1: [aad1ce1f-c04c-463e-bded-f21e55379e64:192.168.19.61:33635, 17d82f6c-2cbe-437c-97ab-928e562ffc59:192.168.19.61:41223, 420a3cfa-db44-443d-b555-0fe0115e15e6:192.168.19.61:40411], old=null, confs=<EMPTY_MAP>
2019-06-12 15:14:24,887 INFO  storage.RaftStorage (RaftStorage.java:format(75)) - Storage directory /opt/src/hadoop-ozone/integration-test/target/test-dir/MiniOzoneClusterImpl-68ef37a7-d2d8-42d7-a32d-84def556cd16/datanode-0/data/ratis/f3d977db-00bd-4671-b9d1-7377caef715e has been successfully formatted.
2019-06-12 15:14:24,887 INFO  server.RaftServerConfigKeys (ConfUtils.java:logGet(43)) - raft.server.storage.dir = [/opt/src/hadoop-ozone/integration-test/target/test-dir/MiniOzoneClusterImpl-68ef37a7-d2d8-42d7-a32d-84def556cd16/datanode-3/data/ratis] (custom)
2019-06-12 15:14:24,887 INFO  ratis.ContainerStateMachine (ContainerStateMachine.java:loadSnapshot(199)) - The snapshot info is null.Setting the last applied index to:(t:0, i:~)
2019-06-12 15:14:24,888 INFO  impl.RaftServerProxy (RaftServerProxy.java:addNew(89)) - aad1ce1f-c04c-463e-bded-f21e55379e64: addNew group-7377CAEF715E:[aad1ce1f-c04c-463e-bded-f21e55379e64:192.168.19.61:33635, 17d82f6c-2cbe-437c-97ab-928e562ffc59:192.168.19.61:41223, 420a3cfa-db44-443d-b555-0fe0115e15e6:192.168.19.61:40411] returns group-7377CAEF715E:java.util.concurrent.CompletableFuture@5cd70a24[Not completed]
2019-06-12 15:14:24,888 INFO  storage.RaftStorageDirectory (RaftStorageDirectory.java:analyzeStorage(246)) - The storage directory /opt/src/hadoop-ozone/integration-test/target/test-dir/MiniOzoneClusterImpl-68ef37a7-d2d8-42d7-a32d-84def556cd16/datanode-3/data/ratis/f3d977db-00bd-4671-b9d1-7377caef715e does not exist. Creating ...
2019-06-12 15:14:24,888 INFO  server.RaftServerConfigKeys (ConfUtils.java:logGet(43)) - raft.server.leader.election.timeout = 10s (custom)
2019-06-12 15:14:24,888 INFO  server.RaftServerConfigKeys (ConfUtils.java:logGet(43)) - raft.server.log.use.memory = false (default)
2019-06-12 15:14:24,888 INFO  impl.RaftServerImpl (RaftServerImpl.java:<init>(91)) - aad1ce1f-c04c-463e-bded-f21e55379e64: new RaftServerImpl for group-7377CAEF715E:[aad1ce1f-c04c-463e-bded-f21e55379e64:192.168.19.61:33635, 17d82f6c-2cbe-437c-97ab-928e562ffc59:192.168.19.61:41223, 420a3cfa-db44-443d-b555-0fe0115e15e6:192.168.19.61:40411] with ContainerStateMachine:uninitialized
2019-06-12 15:14:24,888 INFO  server.RaftServerConfigKeys (ConfUtils.java:logGet(43)) - raft.server.log.appender.buffer.byte-limit = 33554432 (custom)
2019-06-12 15:14:24,888 INFO  server.RaftServerConfigKeys (ConfUtils.java:logGet(43)) - raft.server.rpc.timeout.min = 1s (custom)
2019-06-12 15:14:24,888 INFO  server.RaftServerConfigKeys (ConfUtils.java:logGet(43)) - raft.server.log.segment.size.max = 16384 (custom)
2019-06-12 15:14:24,888 INFO  server.RaftServerConfigKeys (ConfUtils.java:logGet(43)) - raft.server.rpc.timeout.max = 1200ms (custom)
2019-06-12 15:14:24,889 INFO  server.RaftServerConfigKeys (ConfUtils.java:logGet(43)) - raft.server.rpcslowness.timeout = 10s (custom)
2019-06-12 15:14:24,889 INFO  server.RaftServerConfigKeys (ConfUtils.java:logGet(43)) - raft.server.log.appender.install.snapshot.enabled = true (default)
2019-06-12 15:14:24,889 INFO  impl.RaftServerImpl (ServerState.java:<init>(101)) - aad1ce1f-c04c-463e-bded-f21e55379e64:group-7377CAEF715E ConfigurationManager, init=-1: [aad1ce1f-c04c-463e-bded-f21e55379e64:192.168.19.61:33635, 17d82f6c-2cbe-437c-97ab-928e562ffc59:192.168.19.61:41223, 420a3cfa-db44-443d-b555-0fe0115e15e6:192.168.19.61:40411], old=null, confs=<EMPTY_MAP>
2019-06-12 15:14:24,889 INFO  server.RaftServerConfigKeys (ConfUtils.java:logGet(43)) - raft.server.storage.dir = [/opt/src/hadoop-ozone/integration-test/target/test-dir/MiniOzoneClusterImpl-68ef37a7-d2d8-42d7-a32d-84def556cd16/datanode-2/data/ratis] (custom)
2019-06-12 15:14:24,888 INFO  server.RaftServerConfigKeys (ConfUtils.java:logGet(43)) - raft.server.log.segment.cache.num.max = 2 (custom)
2019-06-12 15:14:24,889 INFO  storage.RaftLogWorker (RaftLogWorker.java:<init>(123)) - new 17d82f6c-2cbe-437c-97ab-928e562ffc59-RaftLogWorker for Storage Directory /opt/src/hadoop-ozone/integration-test/target/test-dir/MiniOzoneClusterImpl-68ef37a7-d2d8-42d7-a32d-84def556cd16/datanode-0/data/ratis/f3d977db-00bd-4671-b9d1-7377caef715e
2019-06-12 15:14:24,889 INFO  server.RaftServerConfigKeys (ConfUtils.java:logGet(43)) - raft.server.log.queue.byte-limit = 2147483647 (custom)
2019-06-12 15:14:24,889 INFO  server.RaftServerConfigKeys (ConfUtils.java:logGet(43)) - raft.server.log.queue.element-limit = 1024 (custom)
2019-06-12 15:14:24,889 INFO  server.RaftServerConfigKeys (ConfUtils.java:logGet(43)) - raft.server.log.segment.size.max = 16384 (custom)
2019-06-12 15:14:24,889 INFO  server.RaftServerConfigKeys (ConfUtils.java:logGet(43)) - raft.server.log.preallocated.size = 16384 (custom)
2019-06-12 15:14:24,890 INFO  server.RaftServerConfigKeys (ConfUtils.java:logGet(43)) - raft.server.log.write.buffer.size = 33554432 (custom)
2019-06-12 15:14:24,890 INFO  server.RaftServerConfigKeys (ConfUtils.java:logGet(43)) - raft.server.log.force.sync.num = 128 (default)
2019-06-12 15:14:24,890 INFO  server.RaftServerConfigKeys (ConfUtils.java:logGet(43)) - raft.server.log.statemachine.data.sync = true (default)
2019-06-12 15:14:24,890 INFO  server.RaftServerConfigKeys (ConfUtils.java:logGet(43)) - raft.server.log.statemachine.data.sync.timeout = 10s (default)
2019-06-12 15:14:24,890 INFO  server.RaftServerConfigKeys (ConfUtils.java:logGet(43)) - raft.server.log.statemachine.data.sync.timeout.retry = -1 (default)
2019-06-12 15:14:24,890 INFO  server.RaftServerConfigKeys (ConfUtils.java:logGet(43)) - raft.server.log.statemachine.data.caching.enabled = true (custom)
2019-06-12 15:14:24,889 INFO  storage.RaftStorageDirectory (RaftStorageDirectory.java:analyzeStorage(246)) - The storage directory /opt/src/hadoop-ozone/integration-test/target/test-dir/MiniOzoneClusterImpl-68ef37a7-d2d8-42d7-a32d-84def556cd16/datanode-2/data/ratis/f3d977db-00bd-4671-b9d1-7377caef715e does not exist. Creating ...
2019-06-12 15:14:24,890 INFO  storage.RaftStorageDirectory (RaftStorageDirectory.java:tryLock(328)) - Lock on /opt/src/hadoop-ozone/integration-test/target/test-dir/MiniOzoneClusterImpl-68ef37a7-d2d8-42d7-a32d-84def556cd16/datanode-3/data/ratis/f3d977db-00bd-4671-b9d1-7377caef715e/in_use.lock acquired by nodename 10032@ozone-8jqhm-122090471
2019-06-12 15:14:24,891 INFO  server.RaftServerConfigKeys (ConfUtils.java:logGet(43)) - raft.server.snapshot.auto.trigger.enabled = true (custom)
2019-06-12 15:14:24,891 INFO  server.RaftServerConfigKeys (ConfUtils.java:logGet(43)) - raft.server.snapshot.auto.trigger.threshold = 10000 (custom)
2019-06-12 15:14:24,891 INFO  server.RaftServerConfigKeys (ConfUtils.java:logGet(43)) - raft.server.retrycache.expirytime = 600000ms (custom)
2019-06-12 15:14:24,891 INFO  impl.RaftServerImpl (RaftServerImpl.java:start(173)) - 17d82f6c-2cbe-437c-97ab-928e562ffc59: start group-7377CAEF715E
2019-06-12 15:14:24,891 INFO  impl.RaftServerImpl (RaftServerImpl.java:setRole(164)) - 17d82f6c-2cbe-437c-97ab-928e562ffc59:group-7377CAEF715E changes role from null to FOLLOWER at term 0 for startAsFollower
2019-06-12 15:14:24,891 INFO  impl.RoleInfo (RoleInfo.java:updateAndGet(143)) - 17d82f6c-2cbe-437c-97ab-928e562ffc59: start FollowerState
2019-06-12 15:14:24,891 INFO  util.JmxRegister (JmxRegister.java:tryRegister(44)) - Successfully registered JMX Bean with object name Ratis:service=RaftServer,group=group-7377CAEF715E,id=17d82f6c-2cbe-437c-97ab-928e562ffc59
2019-06-12 15:14:24,892 INFO  storage.RaftStorage (RaftStorage.java:format(75)) - Storage directory /opt/src/hadoop-ozone/integration-test/target/test-dir/MiniOzoneClusterImpl-68ef37a7-d2d8-42d7-a32d-84def556cd16/datanode-3/data/ratis/f3d977db-00bd-4671-b9d1-7377caef715e has been successfully formatted.
2019-06-12 15:14:24,893 INFO  ratis.ContainerStateMachine (ContainerStateMachine.java:loadSnapshot(199)) - The snapshot info is null.Setting the last applied index to:(t:0, i:~)
2019-06-12 15:14:24,893 INFO  server.RaftServerConfigKeys (ConfUtils.java:logGet(43)) - raft.server.leader.election.timeout = 10s (custom)
2019-06-12 15:14:24,893 INFO  server.RaftServerConfigKeys (ConfUtils.java:logGet(43)) - raft.server.log.use.memory = false (default)
2019-06-12 15:14:24,893 INFO  server.RaftServerConfigKeys (ConfUtils.java:logGet(43)) - raft.server.log.appender.buffer.byte-limit = 33554432 (custom)
2019-06-12 15:14:24,894 INFO  server.RaftServerConfigKeys (ConfUtils.java:logGet(43)) - raft.server.log.segment.size.max = 16384 (custom)
2019-06-12 15:14:24,894 INFO  storage.RaftStorageDirectory (RaftStorageDirectory.java:tryLock(328)) - Lock on /opt/src/hadoop-ozone/integration-test/target/test-dir/MiniOzoneClusterImpl-68ef37a7-d2d8-42d7-a32d-84def556cd16/datanode-2/data/ratis/f3d977db-00bd-4671-b9d1-7377caef715e/in_use.lock acquired by nodename 10032@ozone-8jqhm-122090471
2019-06-12 15:14:24,894 INFO  server.RaftServerConfigKeys (ConfUtils.java:logGet(43)) - raft.server.log.segment.cache.num.max = 2 (custom)
2019-06-12 15:14:24,894 INFO  storage.RaftLogWorker (RaftLogWorker.java:<init>(123)) - new 420a3cfa-db44-443d-b555-0fe0115e15e6-RaftLogWorker for Storage Directory /opt/src/hadoop-ozone/integration-test/target/test-dir/MiniOzoneClusterImpl-68ef37a7-d2d8-42d7-a32d-84def556cd16/datanode-3/data/ratis/f3d977db-00bd-4671-b9d1-7377caef715e
2019-06-12 15:14:24,894 INFO  server.RaftServerConfigKeys (ConfUtils.java:logGet(43)) - raft.server.log.queue.byte-limit = 2147483647 (custom)
2019-06-12 15:14:24,895 INFO  server.RaftServerConfigKeys (ConfUtils.java:logGet(43)) - raft.server.log.queue.element-limit = 1024 (custom)
2019-06-12 15:14:24,895 INFO  server.RaftServerConfigKeys (ConfUtils.java:logGet(43)) - raft.server.log.segment.size.max = 16384 (custom)
2019-06-12 15:14:24,895 INFO  server.RaftServerConfigKeys (ConfUtils.java:logGet(43)) - raft.server.log.preallocated.size = 16384 (custom)
2019-06-12 15:14:24,895 INFO  server.RaftServerConfigKeys (ConfUtils.java:logGet(43)) - raft.server.log.write.buffer.size = 33554432 (custom)
2019-06-12 15:14:24,895 INFO  server.RaftServerConfigKeys (ConfUtils.java:logGet(43)) - raft.server.log.force.sync.num = 128 (default)
2019-06-12 15:14:24,895 INFO  server.RaftServerConfigKeys (ConfUtils.java:logGet(43)) - raft.server.log.statemachine.data.sync = true (default)
2019-06-12 15:14:24,895 INFO  server.RaftServerConfigKeys (ConfUtils.java:logGet(43)) - raft.server.log.statemachine.data.sync.timeout = 10s (default)
2019-06-12 15:14:24,895 INFO  server.RaftServerConfigKeys (ConfUtils.java:logGet(43)) - raft.server.log.statemachine.data.sync.timeout.retry = -1 (default)
2019-06-12 15:14:24,895 INFO  server.RaftServerConfigKeys (ConfUtils.java:logGet(43)) - raft.server.log.statemachine.data.caching.enabled = true (custom)
2019-06-12 15:14:24,897 INFO  storage.RaftStorage (RaftStorage.java:format(75)) - Storage directory /opt/src/hadoop-ozone/integration-test/target/test-dir/MiniOzoneClusterImpl-68ef37a7-d2d8-42d7-a32d-84def556cd16/datanode-2/data/ratis/f3d977db-00bd-4671-b9d1-7377caef715e has been successfully formatted.
2019-06-12 15:14:24,897 INFO  ratis.ContainerStateMachine (ContainerStateMachine.java:loadSnapshot(199)) - The snapshot info is null.Setting the last applied index to:(t:0, i:~)
2019-06-12 15:14:24,897 INFO  server.RaftServerConfigKeys (ConfUtils.java:logGet(43)) - raft.server.leader.election.timeout = 10s (custom)
2019-06-12 15:14:24,897 INFO  server.RaftServerConfigKeys (ConfUtils.java:logGet(43)) - raft.server.log.use.memory = false (default)
2019-06-12 15:14:24,897 INFO  server.RaftServerConfigKeys (ConfUtils.java:logGet(43)) - raft.server.log.appender.buffer.byte-limit = 33554432 (custom)
2019-06-12 15:14:24,897 INFO  server.RaftServerConfigKeys (ConfUtils.java:logGet(43)) - raft.server.log.segment.size.max = 16384 (custom)
2019-06-12 15:14:24,897 INFO  server.RaftServerConfigKeys (ConfUtils.java:logGet(43)) - raft.server.log.segment.cache.num.max = 2 (custom)
2019-06-12 15:14:24,898 INFO  storage.RaftLogWorker (RaftLogWorker.java:<init>(123)) - new aad1ce1f-c04c-463e-bded-f21e55379e64-RaftLogWorker for Storage Directory /opt/src/hadoop-ozone/integration-test/target/test-dir/MiniOzoneClusterImpl-68ef37a7-d2d8-42d7-a32d-84def556cd16/datanode-2/data/ratis/f3d977db-00bd-4671-b9d1-7377caef715e
2019-06-12 15:14:24,898 INFO  server.RaftServerConfigKeys (ConfUtils.java:logGet(43)) - raft.server.log.queue.byte-limit = 2147483647 (custom)
2019-06-12 15:14:24,898 INFO  server.RaftServerConfigKeys (ConfUtils.java:logGet(43)) - raft.server.log.queue.element-limit = 1024 (custom)
2019-06-12 15:14:24,898 INFO  server.RaftServerConfigKeys (ConfUtils.java:logGet(43)) - raft.server.log.segment.size.max = 16384 (custom)
2019-06-12 15:14:24,898 INFO  server.RaftServerConfigKeys (ConfUtils.java:logGet(43)) - raft.server.log.preallocated.size = 16384 (custom)
2019-06-12 15:14:24,898 INFO  server.RaftServerConfigKeys (ConfUtils.java:logGet(43)) - raft.server.log.write.buffer.size = 33554432 (custom)
2019-06-12 15:14:24,898 INFO  server.RaftServerConfigKeys (ConfUtils.java:logGet(43)) - raft.server.log.force.sync.num = 128 (default)
2019-06-12 15:14:24,898 INFO  server.RaftServerConfigKeys (ConfUtils.java:logGet(43)) - raft.server.log.statemachine.data.sync = true (default)
2019-06-12 15:14:24,898 INFO  server.RaftServerConfigKeys (ConfUtils.java:logGet(43)) - raft.server.log.statemachine.data.sync.timeout = 10s (default)
2019-06-12 15:14:24,898 INFO  server.RaftServerConfigKeys (ConfUtils.java:logGet(43)) - raft.server.log.statemachine.data.sync.timeout.retry = -1 (default)
2019-06-12 15:14:24,903 INFO  server.RaftServerConfigKeys (ConfUtils.java:logGet(43)) - raft.server.log.statemachine.data.caching.enabled = true (custom)
2019-06-12 15:14:24,903 INFO  server.RaftServerConfigKeys (ConfUtils.java:logGet(43)) - raft.server.snapshot.auto.trigger.enabled = true (custom)
2019-06-12 15:14:24,904 INFO  server.RaftServerConfigKeys (ConfUtils.java:logGet(43)) - raft.server.snapshot.auto.trigger.enabled = true (custom)
2019-06-12 15:14:24,904 INFO  server.RaftServerConfigKeys (ConfUtils.java:logGet(43)) - raft.server.snapshot.auto.trigger.threshold = 10000 (custom)
2019-06-12 15:14:24,904 INFO  server.RaftServerConfigKeys (ConfUtils.java:logGet(43)) - raft.server.snapshot.auto.trigger.threshold = 10000 (custom)
2019-06-12 15:14:24,904 INFO  server.RaftServerConfigKeys (ConfUtils.java:logGet(43)) - raft.server.retrycache.expirytime = 600000ms (custom)
2019-06-12 15:14:24,904 INFO  server.RaftServerConfigKeys (ConfUtils.java:logGet(43)) - raft.server.retrycache.expirytime = 600000ms (custom)
2019-06-12 15:14:24,904 INFO  impl.RaftServerImpl (RaftServerImpl.java:start(173)) - 420a3cfa-db44-443d-b555-0fe0115e15e6: start group-7377CAEF715E
2019-06-12 15:14:24,904 INFO  impl.RaftServerImpl (RaftServerImpl.java:start(173)) - aad1ce1f-c04c-463e-bded-f21e55379e64: start group-7377CAEF715E
2019-06-12 15:14:24,904 INFO  impl.RaftServerImpl (RaftServerImpl.java:setRole(164)) - 420a3cfa-db44-443d-b555-0fe0115e15e6:group-7377CAEF715E changes role from null to FOLLOWER at term 0 for startAsFollower
2019-06-12 15:14:24,904 INFO  impl.RaftServerImpl (RaftServerImpl.java:setRole(164)) - aad1ce1f-c04c-463e-bded-f21e55379e64:group-7377CAEF715E changes role from null to FOLLOWER at term 0 for startAsFollower
2019-06-12 15:14:24,905 INFO  impl.RoleInfo (RoleInfo.java:updateAndGet(143)) - 420a3cfa-db44-443d-b555-0fe0115e15e6: start FollowerState
2019-06-12 15:14:24,905 INFO  impl.RoleInfo (RoleInfo.java:updateAndGet(143)) - aad1ce1f-c04c-463e-bded-f21e55379e64: start FollowerState
2019-06-12 15:14:24,905 INFO  util.JmxRegister (JmxRegister.java:tryRegister(44)) - Successfully registered JMX Bean with object name Ratis:service=RaftServer,group=group-7377CAEF715E,id=420a3cfa-db44-443d-b555-0fe0115e15e6
2019-06-12 15:14:24,905 INFO  util.JmxRegister (JmxRegister.java:tryRegister(44)) - Successfully registered JMX Bean with object name Ratis:service=RaftServer,group=group-7377CAEF715E,id=aad1ce1f-c04c-463e-bded-f21e55379e64
2019-06-12 15:14:24,923 INFO  node.SCMNodeManager (SCMNodeManager.java:register(234)) - Registered Data node : 5ff4a18b-0521-441f-87a6-ab7aa0a1bc7e{ip: 192.168.19.61, host: ozone-8jqhm-122090471, networkLocation: /default-rack, certSerialId: null}
2019-06-12 15:14:24,926 INFO  pipeline.PipelineStateManager (PipelineStateManager.java:addPipeline(56)) - Created pipeline Pipeline[ Id: f3d977db-00bd-4671-b9d1-7377caef715e, Nodes: 420a3cfa-db44-443d-b555-0fe0115e15e6{ip: 192.168.19.61, host: ozone-8jqhm-122090471, networkLocation: /default-rack, certSerialId: null}17d82f6c-2cbe-437c-97ab-928e562ffc59{ip: 192.168.19.61, host: ozone-8jqhm-122090471, networkLocation: /default-rack, certSerialId: null}aad1ce1f-c04c-463e-bded-f21e55379e64{ip: 192.168.19.61, host: ozone-8jqhm-122090471, networkLocation: /default-rack, certSerialId: null}, Type:RATIS, Factor:THREE, State:OPEN]
2019-06-12 15:14:24,950 INFO  impl.RaftServerProxy (RaftServerProxy.java:addNew(89)) - 5ff4a18b-0521-441f-87a6-ab7aa0a1bc7e: addNew group-90884946F92A:[5ff4a18b-0521-441f-87a6-ab7aa0a1bc7e:192.168.19.61:35971] returns group-90884946F92A:java.util.concurrent.CompletableFuture@589a5276[Not completed]
2019-06-12 15:14:24,951 INFO  impl.RaftServerImpl (RaftServerImpl.java:<init>(91)) - 5ff4a18b-0521-441f-87a6-ab7aa0a1bc7e: new RaftServerImpl for group-90884946F92A:[5ff4a18b-0521-441f-87a6-ab7aa0a1bc7e:192.168.19.61:35971] with ContainerStateMachine:uninitialized
2019-06-12 15:14:24,952 INFO  server.RaftServerConfigKeys (ConfUtils.java:logGet(43)) - raft.server.rpc.timeout.min = 1s (custom)
2019-06-12 15:14:24,952 INFO  server.RaftServerConfigKeys (ConfUtils.java:logGet(43)) - raft.server.rpc.timeout.max = 1200ms (custom)
2019-06-12 15:14:24,952 INFO  server.RaftServerConfigKeys (ConfUtils.java:logGet(43)) - raft.server.rpcslowness.timeout = 10s (custom)
2019-06-12 15:14:24,952 INFO  server.RaftServerConfigKeys (ConfUtils.java:logGet(43)) - raft.server.log.appender.install.snapshot.enabled = true (default)
2019-06-12 15:14:24,952 INFO  impl.RaftServerImpl (ServerState.java:<init>(101)) - 5ff4a18b-0521-441f-87a6-ab7aa0a1bc7e:group-90884946F92A ConfigurationManager, init=-1: [5ff4a18b-0521-441f-87a6-ab7aa0a1bc7e:192.168.19.61:35971], old=null, confs=<EMPTY_MAP>
2019-06-12 15:14:24,952 INFO  server.RaftServerConfigKeys (ConfUtils.java:logGet(43)) - raft.server.storage.dir = [/opt/src/hadoop-ozone/integration-test/target/test-dir/MiniOzoneClusterImpl-68ef37a7-d2d8-42d7-a32d-84def556cd16/datanode-4/data/ratis] (custom)
2019-06-12 15:14:24,952 INFO  storage.RaftStorageDirectory (RaftStorageDirectory.java:analyzeStorage(246)) - The storage directory /opt/src/hadoop-ozone/integration-test/target/test-dir/MiniOzoneClusterImpl-68ef37a7-d2d8-42d7-a32d-84def556cd16/datanode-4/data/ratis/b1be4727-6825-4a56-b803-90884946f92a does not exist. Creating ...
2019-06-12 15:14:24,954 INFO  storage.RaftStorageDirectory (RaftStorageDirectory.java:tryLock(328)) - Lock on /opt/src/hadoop-ozone/integration-test/target/test-dir/MiniOzoneClusterImpl-68ef37a7-d2d8-42d7-a32d-84def556cd16/datanode-4/data/ratis/b1be4727-6825-4a56-b803-90884946f92a/in_use.lock acquired by nodename 10032@ozone-8jqhm-122090471
2019-06-12 15:14:24,956 INFO  storage.RaftStorage (RaftStorage.java:format(75)) - Storage directory /opt/src/hadoop-ozone/integration-test/target/test-dir/MiniOzoneClusterImpl-68ef37a7-d2d8-42d7-a32d-84def556cd16/datanode-4/data/ratis/b1be4727-6825-4a56-b803-90884946f92a has been successfully formatted.
2019-06-12 15:14:24,957 INFO  ratis.ContainerStateMachine (ContainerStateMachine.java:loadSnapshot(199)) - The snapshot info is null.Setting the last applied index to:(t:0, i:~)
2019-06-12 15:14:24,957 INFO  server.RaftServerConfigKeys (ConfUtils.java:logGet(43)) - raft.server.leader.election.timeout = 10s (custom)
2019-06-12 15:14:24,957 INFO  server.RaftServerConfigKeys (ConfUtils.java:logGet(43)) - raft.server.log.use.memory = false (default)
2019-06-12 15:14:24,957 INFO  server.RaftServerConfigKeys (ConfUtils.java:logGet(43)) - raft.server.log.appender.buffer.byte-limit = 33554432 (custom)
2019-06-12 15:14:24,957 INFO  server.RaftServerConfigKeys (ConfUtils.java:logGet(43)) - raft.server.log.segment.size.max = 16384 (custom)
2019-06-12 15:14:24,957 INFO  server.RaftServerConfigKeys (ConfUtils.java:logGet(43)) - raft.server.log.segment.cache.num.max = 2 (custom)
2019-06-12 15:14:24,957 INFO  storage.RaftLogWorker (RaftLogWorker.java:<init>(123)) - new 5ff4a18b-0521-441f-87a6-ab7aa0a1bc7e-RaftLogWorker for Storage Directory /opt/src/hadoop-ozone/integration-test/target/test-dir/MiniOzoneClusterImpl-68ef37a7-d2d8-42d7-a32d-84def556cd16/datanode-4/data/ratis/b1be4727-6825-4a56-b803-90884946f92a
2019-06-12 15:14:24,957 INFO  server.RaftServerConfigKeys (ConfUtils.java:logGet(43)) - raft.server.log.queue.byte-limit = 2147483647 (custom)
2019-06-12 15:14:24,957 INFO  server.RaftServerConfigKeys (ConfUtils.java:logGet(43)) - raft.server.log.queue.element-limit = 1024 (custom)
2019-06-12 15:14:24,957 INFO  server.RaftServerConfigKeys (ConfUtils.java:logGet(43)) - raft.server.log.segment.size.max = 16384 (custom)
2019-06-12 15:14:24,957 INFO  server.RaftServerConfigKeys (ConfUtils.java:logGet(43)) - raft.server.log.preallocated.size = 16384 (custom)
2019-06-12 15:14:24,958 INFO  server.RaftServerConfigKeys (ConfUtils.java:logGet(43)) - raft.server.log.write.buffer.size = 33554432 (custom)
2019-06-12 15:14:24,958 INFO  server.RaftServerConfigKeys (ConfUtils.java:logGet(43)) - raft.server.log.force.sync.num = 128 (default)
2019-06-12 15:14:24,958 INFO  server.RaftServerConfigKeys (ConfUtils.java:logGet(43)) - raft.server.log.statemachine.data.sync = true (default)
2019-06-12 15:14:24,958 INFO  server.RaftServerConfigKeys (ConfUtils.java:logGet(43)) - raft.server.log.statemachine.data.sync.timeout = 10s (default)
2019-06-12 15:14:24,958 INFO  server.RaftServerConfigKeys (ConfUtils.java:logGet(43)) - raft.server.log.statemachine.data.sync.timeout.retry = -1 (default)
2019-06-12 15:14:24,958 INFO  server.RaftServerConfigKeys (ConfUtils.java:logGet(43)) - raft.server.log.statemachine.data.caching.enabled = true (custom)
2019-06-12 15:14:24,964 INFO  server.RaftServerConfigKeys (ConfUtils.java:logGet(43)) - raft.server.snapshot.auto.trigger.enabled = true (custom)
2019-06-12 15:14:24,965 INFO  server.RaftServerConfigKeys (ConfUtils.java:logGet(43)) - raft.server.snapshot.auto.trigger.threshold = 10000 (custom)
2019-06-12 15:14:24,965 INFO  server.RaftServerConfigKeys (ConfUtils.java:logGet(43)) - raft.server.retrycache.expirytime = 600000ms (custom)
2019-06-12 15:14:24,965 INFO  impl.RaftServerImpl (RaftServerImpl.java:start(173)) - 5ff4a18b-0521-441f-87a6-ab7aa0a1bc7e: start group-90884946F92A
2019-06-12 15:14:24,965 INFO  impl.RaftServerImpl (RaftServerImpl.java:setRole(164)) - 5ff4a18b-0521-441f-87a6-ab7aa0a1bc7e:group-90884946F92A changes role from null to FOLLOWER at term 0 for startAsFollower
2019-06-12 15:14:24,965 INFO  impl.RoleInfo (RoleInfo.java:updateAndGet(143)) - 5ff4a18b-0521-441f-87a6-ab7aa0a1bc7e: start FollowerState
2019-06-12 15:14:24,965 INFO  util.JmxRegister (JmxRegister.java:tryRegister(44)) - Successfully registered JMX Bean with object name Ratis:service=RaftServer,group=group-90884946F92A,id=5ff4a18b-0521-441f-87a6-ab7aa0a1bc7e
2019-06-12 15:14:24,972 INFO  pipeline.PipelineStateManager (PipelineStateManager.java:addPipeline(56)) - Created pipeline Pipeline[ Id: b1be4727-6825-4a56-b803-90884946f92a, Nodes: 5ff4a18b-0521-441f-87a6-ab7aa0a1bc7e{ip: 192.168.19.61, host: ozone-8jqhm-122090471, networkLocation: /default-rack, certSerialId: null}, Type:RATIS, Factor:ONE, State:OPEN]
2019-06-12 15:14:25,120 INFO  ozone.MiniOzoneClusterImpl (MiniOzoneClusterImpl.java:lambda$waitForClusterToBeReady$0(142)) - Waiting for cluster to be ready. Got 5 of 6 DN Heartbeats.
2019-06-12 15:14:25,123 INFO  node.SCMNodeManager (SCMNodeManager.java:register(234)) - Registered Data node : 9904124c-4cc6-4d38-a85c-e1c95e3437f6{ip: 192.168.19.61, host: ozone-8jqhm-122090471, networkLocation: /default-rack, certSerialId: null}
2019-06-12 15:14:25,135 INFO  impl.RaftServerProxy (RaftServerProxy.java:addNew(89)) - 9904124c-4cc6-4d38-a85c-e1c95e3437f6: addNew group-E244BF386AC8:[9904124c-4cc6-4d38-a85c-e1c95e3437f6:192.168.19.61:44363] returns group-E244BF386AC8:java.util.concurrent.CompletableFuture@491d2930[Not completed]
2019-06-12 15:14:25,136 INFO  impl.RaftServerImpl (RaftServerImpl.java:<init>(91)) - 9904124c-4cc6-4d38-a85c-e1c95e3437f6: new RaftServerImpl for group-E244BF386AC8:[9904124c-4cc6-4d38-a85c-e1c95e3437f6:192.168.19.61:44363] with ContainerStateMachine:uninitialized
2019-06-12 15:14:25,136 INFO  server.RaftServerConfigKeys (ConfUtils.java:logGet(43)) - raft.server.rpc.timeout.min = 1s (custom)
2019-06-12 15:14:25,136 INFO  server.RaftServerConfigKeys (ConfUtils.java:logGet(43)) - raft.server.rpc.timeout.max = 1200ms (custom)
2019-06-12 15:14:25,136 INFO  server.RaftServerConfigKeys (ConfUtils.java:logGet(43)) - raft.server.rpcslowness.timeout = 10s (custom)
2019-06-12 15:14:25,136 INFO  server.RaftServerConfigKeys (ConfUtils.java:logGet(43)) - raft.server.log.appender.install.snapshot.enabled = true (default)
2019-06-12 15:14:25,136 INFO  impl.RaftServerImpl (ServerState.java:<init>(101)) - 9904124c-4cc6-4d38-a85c-e1c95e3437f6:group-E244BF386AC8 ConfigurationManager, init=-1: [9904124c-4cc6-4d38-a85c-e1c95e3437f6:192.168.19.61:44363], old=null, confs=<EMPTY_MAP>
2019-06-12 15:14:25,137 INFO  server.RaftServerConfigKeys (ConfUtils.java:logGet(43)) - raft.server.storage.dir = [/opt/src/hadoop-ozone/integration-test/target/test-dir/MiniOzoneClusterImpl-68ef37a7-d2d8-42d7-a32d-84def556cd16/datanode-5/data/ratis] (custom)
2019-06-12 15:14:25,137 INFO  storage.RaftStorageDirectory (RaftStorageDirectory.java:analyzeStorage(246)) - The storage directory /opt/src/hadoop-ozone/integration-test/target/test-dir/MiniOzoneClusterImpl-68ef37a7-d2d8-42d7-a32d-84def556cd16/datanode-5/data/ratis/ac03d7bb-0bad-4783-bbdf-e244bf386ac8 does not exist. Creating ...
2019-06-12 15:14:25,139 INFO  storage.RaftStorageDirectory (RaftStorageDirectory.java:tryLock(328)) - Lock on /opt/src/hadoop-ozone/integration-test/target/test-dir/MiniOzoneClusterImpl-68ef37a7-d2d8-42d7-a32d-84def556cd16/datanode-5/data/ratis/ac03d7bb-0bad-4783-bbdf-e244bf386ac8/in_use.lock acquired by nodename 10032@ozone-8jqhm-122090471
2019-06-12 15:14:25,141 INFO  storage.RaftStorage (RaftStorage.java:format(75)) - Storage directory /opt/src/hadoop-ozone/integration-test/target/test-dir/MiniOzoneClusterImpl-68ef37a7-d2d8-42d7-a32d-84def556cd16/datanode-5/data/ratis/ac03d7bb-0bad-4783-bbdf-e244bf386ac8 has been successfully formatted.
2019-06-12 15:14:25,141 INFO  ratis.ContainerStateMachine (ContainerStateMachine.java:loadSnapshot(199)) - The snapshot info is null.Setting the last applied index to:(t:0, i:~)
2019-06-12 15:14:25,142 INFO  server.RaftServerConfigKeys (ConfUtils.java:logGet(43)) - raft.server.leader.election.timeout = 10s (custom)
2019-06-12 15:14:25,142 INFO  server.RaftServerConfigKeys (ConfUtils.java:logGet(43)) - raft.server.log.use.memory = false (default)
2019-06-12 15:14:25,142 INFO  server.RaftServerConfigKeys (ConfUtils.java:logGet(43)) - raft.server.log.appender.buffer.byte-limit = 33554432 (custom)
2019-06-12 15:14:25,142 INFO  server.RaftServerConfigKeys (ConfUtils.java:logGet(43)) - raft.server.log.segment.size.max = 16384 (custom)
2019-06-12 15:14:25,142 INFO  server.RaftServerConfigKeys (ConfUtils.java:logGet(43)) - raft.server.log.segment.cache.num.max = 2 (custom)
2019-06-12 15:14:25,142 INFO  storage.RaftLogWorker (RaftLogWorker.java:<init>(123)) - new 9904124c-4cc6-4d38-a85c-e1c95e3437f6-RaftLogWorker for Storage Directory /opt/src/hadoop-ozone/integration-test/target/test-dir/MiniOzoneClusterImpl-68ef37a7-d2d8-42d7-a32d-84def556cd16/datanode-5/data/ratis/ac03d7bb-0bad-4783-bbdf-e244bf386ac8
2019-06-12 15:14:25,142 INFO  server.RaftServerConfigKeys (ConfUtils.java:logGet(43)) - raft.server.log.queue.byte-limit = 2147483647 (custom)
2019-06-12 15:14:25,142 INFO  server.RaftServerConfigKeys (ConfUtils.java:logGet(43)) - raft.server.log.queue.element-limit = 1024 (custom)
2019-06-12 15:14:25,142 INFO  server.RaftServerConfigKeys (ConfUtils.java:logGet(43)) - raft.server.log.segment.size.max = 16384 (custom)
2019-06-12 15:14:25,142 INFO  server.RaftServerConfigKeys (ConfUtils.java:logGet(43)) - raft.server.log.preallocated.size = 16384 (custom)
2019-06-12 15:14:25,142 INFO  server.RaftServerConfigKeys (ConfUtils.java:logGet(43)) - raft.server.log.write.buffer.size = 33554432 (custom)
2019-06-12 15:14:25,142 INFO  server.RaftServerConfigKeys (ConfUtils.java:logGet(43)) - raft.server.log.force.sync.num = 128 (default)
2019-06-12 15:14:25,142 INFO  server.RaftServerConfigKeys (ConfUtils.java:logGet(43)) - raft.server.log.statemachine.data.sync = true (default)
2019-06-12 15:14:25,143 INFO  server.RaftServerConfigKeys (ConfUtils.java:logGet(43)) - raft.server.log.statemachine.data.sync.timeout = 10s (default)
2019-06-12 15:14:25,143 INFO  server.RaftServerConfigKeys (ConfUtils.java:logGet(43)) - raft.server.log.statemachine.data.sync.timeout.retry = -1 (default)
2019-06-12 15:14:25,143 INFO  server.RaftServerConfigKeys (ConfUtils.java:logGet(43)) - raft.server.log.statemachine.data.caching.enabled = true (custom)
2019-06-12 15:14:25,143 INFO  server.RaftServerConfigKeys (ConfUtils.java:logGet(43)) - raft.server.snapshot.auto.trigger.enabled = true (custom)
2019-06-12 15:14:25,143 INFO  server.RaftServerConfigKeys (ConfUtils.java:logGet(43)) - raft.server.snapshot.auto.trigger.threshold = 10000 (custom)
2019-06-12 15:14:25,143 INFO  server.RaftServerConfigKeys (ConfUtils.java:logGet(43)) - raft.server.retrycache.expirytime = 600000ms (custom)
2019-06-12 15:14:25,143 INFO  impl.RaftServerImpl (RaftServerImpl.java:start(173)) - 9904124c-4cc6-4d38-a85c-e1c95e3437f6: start group-E244BF386AC8
2019-06-12 15:14:25,144 INFO  impl.RaftServerImpl (RaftServerImpl.java:setRole(164)) - 9904124c-4cc6-4d38-a85c-e1c95e3437f6:group-E244BF386AC8 changes role from null to FOLLOWER at term 0 for startAsFollower
2019-06-12 15:14:25,144 INFO  impl.RoleInfo (RoleInfo.java:updateAndGet(143)) - 9904124c-4cc6-4d38-a85c-e1c95e3437f6: start FollowerState
2019-06-12 15:14:25,144 INFO  util.JmxRegister (JmxRegister.java:tryRegister(44)) - Successfully registered JMX Bean with object name Ratis:service=RaftServer,group=group-E244BF386AC8,id=9904124c-4cc6-4d38-a85c-e1c95e3437f6
2019-06-12 15:14:25,151 INFO  pipeline.PipelineStateManager (PipelineStateManager.java:addPipeline(56)) - Created pipeline Pipeline[ Id: ac03d7bb-0bad-4783-bbdf-e244bf386ac8, Nodes: 9904124c-4cc6-4d38-a85c-e1c95e3437f6{ip: 192.168.19.61, host: ozone-8jqhm-122090471, networkLocation: /default-rack, certSerialId: null}, Type:RATIS, Factor:ONE, State:OPEN]
2019-06-12 15:14:25,166 INFO  impl.RaftServerProxy (RaftServerProxy.java:addNew(89)) - 9904124c-4cc6-4d38-a85c-e1c95e3437f6: addNew group-B885522DF5FC:[661b4ae5-d1c2-40cd-a6f3-adb344dd1501:192.168.19.61:41435, 5ff4a18b-0521-441f-87a6-ab7aa0a1bc7e:192.168.19.61:35971, 9904124c-4cc6-4d38-a85c-e1c95e3437f6:192.168.19.61:44363] returns group-B885522DF5FC:java.util.concurrent.CompletableFuture@5efbd5bc[Not completed]
2019-06-12 15:14:25,167 INFO  impl.RaftServerImpl (RaftServerImpl.java:<init>(91)) - 9904124c-4cc6-4d38-a85c-e1c95e3437f6: new RaftServerImpl for group-B885522DF5FC:[661b4ae5-d1c2-40cd-a6f3-adb344dd1501:192.168.19.61:41435, 5ff4a18b-0521-441f-87a6-ab7aa0a1bc7e:192.168.19.61:35971, 9904124c-4cc6-4d38-a85c-e1c95e3437f6:192.168.19.61:44363] with ContainerStateMachine:uninitialized
2019-06-12 15:14:25,167 INFO  server.RaftServerConfigKeys (ConfUtils.java:logGet(43)) - raft.server.rpc.timeout.min = 1s (custom)
2019-06-12 15:14:25,167 INFO  server.RaftServerConfigKeys (ConfUtils.java:logGet(43)) - raft.server.rpc.timeout.max = 1200ms (custom)
2019-06-12 15:14:25,167 INFO  server.RaftServerConfigKeys (ConfUtils.java:logGet(43)) - raft.server.rpcslowness.timeout = 10s (custom)
2019-06-12 15:14:25,167 INFO  server.RaftServerConfigKeys (ConfUtils.java:logGet(43)) - raft.server.log.appender.install.snapshot.enabled = true (default)
2019-06-12 15:14:25,168 INFO  impl.RaftServerImpl (ServerState.java:<init>(101)) - 9904124c-4cc6-4d38-a85c-e1c95e3437f6:group-B885522DF5FC ConfigurationManager, init=-1: [661b4ae5-d1c2-40cd-a6f3-adb344dd1501:192.168.19.61:41435, 5ff4a18b-0521-441f-87a6-ab7aa0a1bc7e:192.168.19.61:35971, 9904124c-4cc6-4d38-a85c-e1c95e3437f6:192.168.19.61:44363], old=null, confs=<EMPTY_MAP>
2019-06-12 15:14:25,168 INFO  server.RaftServerConfigKeys (ConfUtils.java:logGet(43)) - raft.server.storage.dir = [/opt/src/hadoop-ozone/integration-test/target/test-dir/MiniOzoneClusterImpl-68ef37a7-d2d8-42d7-a32d-84def556cd16/datanode-5/data/ratis] (custom)
2019-06-12 15:14:25,168 INFO  storage.RaftStorageDirectory (RaftStorageDirectory.java:analyzeStorage(246)) - The storage directory /opt/src/hadoop-ozone/integration-test/target/test-dir/MiniOzoneClusterImpl-68ef37a7-d2d8-42d7-a32d-84def556cd16/datanode-5/data/ratis/7e56e8bf-69eb-49a9-95c9-b885522df5fc does not exist. Creating ...
2019-06-12 15:14:25,170 INFO  impl.RaftServerProxy (RaftServerProxy.java:addNew(89)) - 661b4ae5-d1c2-40cd-a6f3-adb344dd1501: addNew group-B885522DF5FC:[661b4ae5-d1c2-40cd-a6f3-adb344dd1501:192.168.19.61:41435, 5ff4a18b-0521-441f-87a6-ab7aa0a1bc7e:192.168.19.61:35971, 9904124c-4cc6-4d38-a85c-e1c95e3437f6:192.168.19.61:44363] returns group-B885522DF5FC:java.util.concurrent.CompletableFuture@60337303[Not completed]
2019-06-12 15:14:25,170 INFO  impl.RaftServerProxy (RaftServerProxy.java:addNew(89)) - 5ff4a18b-0521-441f-87a6-ab7aa0a1bc7e: addNew group-B885522DF5FC:[661b4ae5-d1c2-40cd-a6f3-adb344dd1501:192.168.19.61:41435, 5ff4a18b-0521-441f-87a6-ab7aa0a1bc7e:192.168.19.61:35971, 9904124c-4cc6-4d38-a85c-e1c95e3437f6:192.168.19.61:44363] returns group-B885522DF5FC:java.util.concurrent.CompletableFuture@7e8f23fa[Not completed]
2019-06-12 15:14:25,170 INFO  storage.RaftStorageDirectory (RaftStorageDirectory.java:tryLock(328)) - Lock on /opt/src/hadoop-ozone/integration-test/target/test-dir/MiniOzoneClusterImpl-68ef37a7-d2d8-42d7-a32d-84def556cd16/datanode-5/data/ratis/7e56e8bf-69eb-49a9-95c9-b885522df5fc/in_use.lock acquired by nodename 10032@ozone-8jqhm-122090471
2019-06-12 15:14:25,170 INFO  impl.RaftServerImpl (RaftServerImpl.java:<init>(91)) - 661b4ae5-d1c2-40cd-a6f3-adb344dd1501: new RaftServerImpl for group-B885522DF5FC:[661b4ae5-d1c2-40cd-a6f3-adb344dd1501:192.168.19.61:41435, 5ff4a18b-0521-441f-87a6-ab7aa0a1bc7e:192.168.19.61:35971, 9904124c-4cc6-4d38-a85c-e1c95e3437f6:192.168.19.61:44363] with ContainerStateMachine:uninitialized
2019-06-12 15:14:25,170 INFO  server.RaftServerConfigKeys (ConfUtils.java:logGet(43)) - raft.server.rpc.timeout.min = 1s (custom)
2019-06-12 15:14:25,170 INFO  impl.RaftServerImpl (RaftServerImpl.java:<init>(91)) - 5ff4a18b-0521-441f-87a6-ab7aa0a1bc7e: new RaftServerImpl for group-B885522DF5FC:[661b4ae5-d1c2-40cd-a6f3-adb344dd1501:192.168.19.61:41435, 5ff4a18b-0521-441f-87a6-ab7aa0a1bc7e:192.168.19.61:35971, 9904124c-4cc6-4d38-a85c-e1c95e3437f6:192.168.19.61:44363] with ContainerStateMachine:uninitialized
2019-06-12 15:14:25,171 INFO  server.RaftServerConfigKeys (ConfUtils.java:logGet(43)) - raft.server.rpc.timeout.min = 1s (custom)
2019-06-12 15:14:25,171 INFO  server.RaftServerConfigKeys (ConfUtils.java:logGet(43)) - raft.server.rpc.timeout.max = 1200ms (custom)
2019-06-12 15:14:25,171 INFO  server.RaftServerConfigKeys (ConfUtils.java:logGet(43)) - raft.server.rpcslowness.timeout = 10s (custom)
2019-06-12 15:14:25,171 INFO  server.RaftServerConfigKeys (ConfUtils.java:logGet(43)) - raft.server.log.appender.install.snapshot.enabled = true (default)
2019-06-12 15:14:25,171 INFO  impl.RaftServerImpl (ServerState.java:<init>(101)) - 5ff4a18b-0521-441f-87a6-ab7aa0a1bc7e:group-B885522DF5FC ConfigurationManager, init=-1: [661b4ae5-d1c2-40cd-a6f3-adb344dd1501:192.168.19.61:41435, 5ff4a18b-0521-441f-87a6-ab7aa0a1bc7e:192.168.19.61:35971, 9904124c-4cc6-4d38-a85c-e1c95e3437f6:192.168.19.61:44363], old=null, confs=<EMPTY_MAP>
2019-06-12 15:14:25,171 INFO  server.RaftServerConfigKeys (ConfUtils.java:logGet(43)) - raft.server.storage.dir = [/opt/src/hadoop-ozone/integration-test/target/test-dir/MiniOzoneClusterImpl-68ef37a7-d2d8-42d7-a32d-84def556cd16/datanode-4/data/ratis] (custom)
2019-06-12 15:14:25,170 INFO  server.RaftServerConfigKeys (ConfUtils.java:logGet(43)) - raft.server.rpc.timeout.max = 1200ms (custom)
2019-06-12 15:14:25,171 INFO  server.RaftServerConfigKeys (ConfUtils.java:logGet(43)) - raft.server.rpcslowness.timeout = 10s (custom)
2019-06-12 15:14:25,171 INFO  server.RaftServerConfigKeys (ConfUtils.java:logGet(43)) - raft.server.log.appender.install.snapshot.enabled = true (default)
2019-06-12 15:14:25,171 INFO  impl.RaftServerImpl (ServerState.java:<init>(101)) - 661b4ae5-d1c2-40cd-a6f3-adb344dd1501:group-B885522DF5FC ConfigurationManager, init=-1: [661b4ae5-d1c2-40cd-a6f3-adb344dd1501:192.168.19.61:41435, 5ff4a18b-0521-441f-87a6-ab7aa0a1bc7e:192.168.19.61:35971, 9904124c-4cc6-4d38-a85c-e1c95e3437f6:192.168.19.61:44363], old=null, confs=<EMPTY_MAP>
2019-06-12 15:14:25,172 INFO  server.RaftServerConfigKeys (ConfUtils.java:logGet(43)) - raft.server.storage.dir = [/opt/src/hadoop-ozone/integration-test/target/test-dir/MiniOzoneClusterImpl-68ef37a7-d2d8-42d7-a32d-84def556cd16/datanode-1/data/ratis] (custom)
2019-06-12 15:14:25,172 INFO  storage.RaftStorageDirectory (RaftStorageDirectory.java:analyzeStorage(246)) - The storage directory /opt/src/hadoop-ozone/integration-test/target/test-dir/MiniOzoneClusterImpl-68ef37a7-d2d8-42d7-a32d-84def556cd16/datanode-1/data/ratis/7e56e8bf-69eb-49a9-95c9-b885522df5fc does not exist. Creating ...
2019-06-12 15:14:25,172 INFO  storage.RaftStorageDirectory (RaftStorageDirectory.java:analyzeStorage(246)) - The storage directory /opt/src/hadoop-ozone/integration-test/target/test-dir/MiniOzoneClusterImpl-68ef37a7-d2d8-42d7-a32d-84def556cd16/datanode-4/data/ratis/7e56e8bf-69eb-49a9-95c9-b885522df5fc does not exist. Creating ...
2019-06-12 15:14:25,172 INFO  storage.RaftStorage (RaftStorage.java:format(75)) - Storage directory /opt/src/hadoop-ozone/integration-test/target/test-dir/MiniOzoneClusterImpl-68ef37a7-d2d8-42d7-a32d-84def556cd16/datanode-5/data/ratis/7e56e8bf-69eb-49a9-95c9-b885522df5fc has been successfully formatted.
2019-06-12 15:14:25,173 INFO  ratis.ContainerStateMachine (ContainerStateMachine.java:loadSnapshot(199)) - The snapshot info is null.Setting the last applied index to:(t:0, i:~)
2019-06-12 15:14:25,173 INFO  server.RaftServerConfigKeys (ConfUtils.java:logGet(43)) - raft.server.leader.election.timeout = 10s (custom)
2019-06-12 15:14:25,173 INFO  server.RaftServerConfigKeys (ConfUtils.java:logGet(43)) - raft.server.log.use.memory = false (default)
2019-06-12 15:14:25,173 INFO  server.RaftServerConfigKeys (ConfUtils.java:logGet(43)) - raft.server.log.appender.buffer.byte-limit = 33554432 (custom)
2019-06-12 15:14:25,173 INFO  server.RaftServerConfigKeys (ConfUtils.java:logGet(43)) - raft.server.log.segment.size.max = 16384 (custom)
2019-06-12 15:14:25,173 INFO  server.RaftServerConfigKeys (ConfUtils.java:logGet(43)) - raft.server.log.segment.cache.num.max = 2 (custom)
2019-06-12 15:14:25,173 INFO  storage.RaftLogWorker (RaftLogWorker.java:<init>(123)) - new 9904124c-4cc6-4d38-a85c-e1c95e3437f6-RaftLogWorker for Storage Directory /opt/src/hadoop-ozone/integration-test/target/test-dir/MiniOzoneClusterImpl-68ef37a7-d2d8-42d7-a32d-84def556cd16/datanode-5/data/ratis/7e56e8bf-69eb-49a9-95c9-b885522df5fc
2019-06-12 15:14:25,173 INFO  server.RaftServerConfigKeys (ConfUtils.java:logGet(43)) - raft.server.log.queue.byte-limit = 2147483647 (custom)
2019-06-12 15:14:25,173 INFO  server.RaftServerConfigKeys (ConfUtils.java:logGet(43)) - raft.server.log.queue.element-limit = 1024 (custom)
2019-06-12 15:14:25,173 INFO  server.RaftServerConfigKeys (ConfUtils.java:logGet(43)) - raft.server.log.segment.size.max = 16384 (custom)
2019-06-12 15:14:25,173 INFO  server.RaftServerConfigKeys (ConfUtils.java:logGet(43)) - raft.server.log.preallocated.size = 16384 (custom)
2019-06-12 15:14:25,173 INFO  server.RaftServerConfigKeys (ConfUtils.java:logGet(43)) - raft.server.log.write.buffer.size = 33554432 (custom)
2019-06-12 15:14:25,173 INFO  server.RaftServerConfigKeys (ConfUtils.java:logGet(43)) - raft.server.log.force.sync.num = 128 (default)
2019-06-12 15:14:25,174 INFO  server.RaftServerConfigKeys (ConfUtils.java:logGet(43)) - raft.server.log.statemachine.data.sync = true (default)
2019-06-12 15:14:25,174 INFO  server.RaftServerConfigKeys (ConfUtils.java:logGet(43)) - raft.server.log.statemachine.data.sync.timeout = 10s (default)
2019-06-12 15:14:25,174 INFO  server.RaftServerConfigKeys (ConfUtils.java:logGet(43)) - raft.server.log.statemachine.data.sync.timeout.retry = -1 (default)
2019-06-12 15:14:25,174 INFO  storage.RaftStorageDirectory (RaftStorageDirectory.java:tryLock(328)) - Lock on /opt/src/hadoop-ozone/integration-test/target/test-dir/MiniOzoneClusterImpl-68ef37a7-d2d8-42d7-a32d-84def556cd16/datanode-4/data/ratis/7e56e8bf-69eb-49a9-95c9-b885522df5fc/in_use.lock acquired by nodename 10032@ozone-8jqhm-122090471
2019-06-12 15:14:25,174 INFO  storage.RaftStorageDirectory (RaftStorageDirectory.java:tryLock(328)) - Lock on /opt/src/hadoop-ozone/integration-test/target/test-dir/MiniOzoneClusterImpl-68ef37a7-d2d8-42d7-a32d-84def556cd16/datanode-1/data/ratis/7e56e8bf-69eb-49a9-95c9-b885522df5fc/in_use.lock acquired by nodename 10032@ozone-8jqhm-122090471
2019-06-12 15:14:25,174 INFO  server.RaftServerConfigKeys (ConfUtils.java:logGet(43)) - raft.server.log.statemachine.data.caching.enabled = true (custom)
2019-06-12 15:14:25,175 INFO  server.RaftServerConfigKeys (ConfUtils.java:logGet(43)) - raft.server.snapshot.auto.trigger.enabled = true (custom)
2019-06-12 15:14:25,175 INFO  server.RaftServerConfigKeys (ConfUtils.java:logGet(43)) - raft.server.snapshot.auto.trigger.threshold = 10000 (custom)
2019-06-12 15:14:25,175 INFO  server.RaftServerConfigKeys (ConfUtils.java:logGet(43)) - raft.server.retrycache.expirytime = 600000ms (custom)
2019-06-12 15:14:25,175 INFO  impl.RaftServerImpl (RaftServerImpl.java:start(173)) - 9904124c-4cc6-4d38-a85c-e1c95e3437f6: start group-B885522DF5FC
2019-06-12 15:14:25,175 INFO  impl.RaftServerImpl (RaftServerImpl.java:setRole(164)) - 9904124c-4cc6-4d38-a85c-e1c95e3437f6:group-B885522DF5FC changes role from null to FOLLOWER at term 0 for startAsFollower
2019-06-12 15:14:25,175 INFO  impl.RoleInfo (RoleInfo.java:updateAndGet(143)) - 9904124c-4cc6-4d38-a85c-e1c95e3437f6: start FollowerState
2019-06-12 15:14:25,176 INFO  util.JmxRegister (JmxRegister.java:tryRegister(44)) - Successfully registered JMX Bean with object name Ratis:service=RaftServer,group=group-B885522DF5FC,id=9904124c-4cc6-4d38-a85c-e1c95e3437f6
2019-06-12 15:14:25,176 INFO  storage.RaftStorage (RaftStorage.java:format(75)) - Storage directory /opt/src/hadoop-ozone/integration-test/target/test-dir/MiniOzoneClusterImpl-68ef37a7-d2d8-42d7-a32d-84def556cd16/datanode-4/data/ratis/7e56e8bf-69eb-49a9-95c9-b885522df5fc has been successfully formatted.
2019-06-12 15:14:25,176 INFO  storage.RaftStorage (RaftStorage.java:format(75)) - Storage directory /opt/src/hadoop-ozone/integration-test/target/test-dir/MiniOzoneClusterImpl-68ef37a7-d2d8-42d7-a32d-84def556cd16/datanode-1/data/ratis/7e56e8bf-69eb-49a9-95c9-b885522df5fc has been successfully formatted.
2019-06-12 15:14:25,176 INFO  ratis.ContainerStateMachine (ContainerStateMachine.java:loadSnapshot(199)) - The snapshot info is null.Setting the last applied index to:(t:0, i:~)
2019-06-12 15:14:25,176 INFO  ratis.ContainerStateMachine (ContainerStateMachine.java:loadSnapshot(199)) - The snapshot info is null.Setting the last applied index to:(t:0, i:~)
2019-06-12 15:14:25,177 INFO  server.RaftServerConfigKeys (ConfUtils.java:logGet(43)) - raft.server.leader.election.timeout = 10s (custom)
2019-06-12 15:14:25,177 INFO  server.RaftServerConfigKeys (ConfUtils.java:logGet(43)) - raft.server.log.use.memory = false (default)
2019-06-12 15:14:25,177 INFO  server.RaftServerConfigKeys (ConfUtils.java:logGet(43)) - raft.server.log.appender.buffer.byte-limit = 33554432 (custom)
2019-06-12 15:14:25,177 INFO  server.RaftServerConfigKeys (ConfUtils.java:logGet(43)) - raft.server.log.segment.size.max = 16384 (custom)
2019-06-12 15:14:25,177 INFO  server.RaftServerConfigKeys (ConfUtils.java:logGet(43)) - raft.server.log.segment.cache.num.max = 2 (custom)
2019-06-12 15:14:25,177 INFO  storage.RaftLogWorker (RaftLogWorker.java:<init>(123)) - new 661b4ae5-d1c2-40cd-a6f3-adb344dd1501-RaftLogWorker for Storage Directory /opt/src/hadoop-ozone/integration-test/target/test-dir/MiniOzoneClusterImpl-68ef37a7-d2d8-42d7-a32d-84def556cd16/datanode-1/data/ratis/7e56e8bf-69eb-49a9-95c9-b885522df5fc
2019-06-12 15:14:25,177 INFO  server.RaftServerConfigKeys (ConfUtils.java:logGet(43)) - raft.server.log.queue.byte-limit = 2147483647 (custom)
2019-06-12 15:14:25,177 INFO  server.RaftServerConfigKeys (ConfUtils.java:logGet(43)) - raft.server.log.queue.element-limit = 1024 (custom)
2019-06-12 15:14:25,177 INFO  server.RaftServerConfigKeys (ConfUtils.java:logGet(43)) - raft.server.log.segment.size.max = 16384 (custom)
2019-06-12 15:14:25,177 INFO  server.RaftServerConfigKeys (ConfUtils.java:logGet(43)) - raft.server.log.preallocated.size = 16384 (custom)
2019-06-12 15:14:25,177 INFO  server.RaftServerConfigKeys (ConfUtils.java:logGet(43)) - raft.server.log.write.buffer.size = 33554432 (custom)
2019-06-12 15:14:25,177 INFO  server.RaftServerConfigKeys (ConfUtils.java:logGet(43)) - raft.server.log.force.sync.num = 128 (default)
2019-06-12 15:14:25,178 INFO  server.RaftServerConfigKeys (ConfUtils.java:logGet(43)) - raft.server.log.statemachine.data.sync = true (default)
2019-06-12 15:14:25,176 INFO  server.RaftServerConfigKeys (ConfUtils.java:logGet(43)) - raft.server.leader.election.timeout = 10s (custom)
2019-06-12 15:14:25,178 INFO  server.RaftServerConfigKeys (ConfUtils.java:logGet(43)) - raft.server.log.statemachine.data.sync.timeout = 10s (default)
2019-06-12 15:14:25,178 INFO  server.RaftServerConfigKeys (ConfUtils.java:logGet(43)) - raft.server.log.use.memory = false (default)
2019-06-12 15:14:25,178 INFO  server.RaftServerConfigKeys (ConfUtils.java:logGet(43)) - raft.server.log.statemachine.data.sync.timeout.retry = -1 (default)
2019-06-12 15:14:25,178 INFO  server.RaftServerConfigKeys (ConfUtils.java:logGet(43)) - raft.server.log.appender.buffer.byte-limit = 33554432 (custom)
2019-06-12 15:14:25,178 INFO  server.RaftServerConfigKeys (ConfUtils.java:logGet(43)) - raft.server.log.statemachine.data.caching.enabled = true (custom)
2019-06-12 15:14:25,178 INFO  server.RaftServerConfigKeys (ConfUtils.java:logGet(43)) - raft.server.log.segment.size.max = 16384 (custom)
2019-06-12 15:14:25,178 INFO  server.RaftServerConfigKeys (ConfUtils.java:logGet(43)) - raft.server.log.segment.cache.num.max = 2 (custom)
2019-06-12 15:14:25,178 INFO  storage.RaftLogWorker (RaftLogWorker.java:<init>(123)) - new 5ff4a18b-0521-441f-87a6-ab7aa0a1bc7e-RaftLogWorker for Storage Directory /opt/src/hadoop-ozone/integration-test/target/test-dir/MiniOzoneClusterImpl-68ef37a7-d2d8-42d7-a32d-84def556cd16/datanode-4/data/ratis/7e56e8bf-69eb-49a9-95c9-b885522df5fc
2019-06-12 15:14:25,179 INFO  server.RaftServerConfigKeys (ConfUtils.java:logGet(43)) - raft.server.log.queue.byte-limit = 2147483647 (custom)
2019-06-12 15:14:25,179 INFO  server.RaftServerConfigKeys (ConfUtils.java:logGet(43)) - raft.server.log.queue.element-limit = 1024 (custom)
2019-06-12 15:14:25,179 INFO  server.RaftServerConfigKeys (ConfUtils.java:logGet(43)) - raft.server.log.segment.size.max = 16384 (custom)
2019-06-12 15:14:25,179 INFO  server.RaftServerConfigKeys (ConfUtils.java:logGet(43)) - raft.server.log.preallocated.size = 16384 (custom)
2019-06-12 15:14:25,179 INFO  server.RaftServerConfigKeys (ConfUtils.java:logGet(43)) - raft.server.log.write.buffer.size = 33554432 (custom)
2019-06-12 15:14:25,179 INFO  server.RaftServerConfigKeys (ConfUtils.java:logGet(43)) - raft.server.log.force.sync.num = 128 (default)
2019-06-12 15:14:25,179 INFO  server.RaftServerConfigKeys (ConfUtils.java:logGet(43)) - raft.server.log.statemachine.data.sync = true (default)
2019-06-12 15:14:25,179 INFO  server.RaftServerConfigKeys (ConfUtils.java:logGet(43)) - raft.server.log.statemachine.data.sync.timeout = 10s (default)
2019-06-12 15:14:25,179 INFO  server.RaftServerConfigKeys (ConfUtils.java:logGet(43)) - raft.server.log.statemachine.data.sync.timeout.retry = -1 (default)
2019-06-12 15:14:25,182 INFO  server.RaftServerConfigKeys (ConfUtils.java:logGet(43)) - raft.server.log.statemachine.data.caching.enabled = true (custom)
2019-06-12 15:14:25,182 INFO  server.RaftServerConfigKeys (ConfUtils.java:logGet(43)) - raft.server.snapshot.auto.trigger.enabled = true (custom)
2019-06-12 15:14:25,183 INFO  server.RaftServerConfigKeys (ConfUtils.java:logGet(43)) - raft.server.snapshot.auto.trigger.threshold = 10000 (custom)
2019-06-12 15:14:25,183 INFO  server.RaftServerConfigKeys (ConfUtils.java:logGet(43)) - raft.server.snapshot.auto.trigger.enabled = true (custom)
2019-06-12 15:14:25,183 INFO  server.RaftServerConfigKeys (ConfUtils.java:logGet(43)) - raft.server.retrycache.expirytime = 600000ms (custom)
2019-06-12 15:14:25,183 INFO  server.RaftServerConfigKeys (ConfUtils.java:logGet(43)) - raft.server.snapshot.auto.trigger.threshold = 10000 (custom)
2019-06-12 15:14:25,183 INFO  impl.RaftServerImpl (RaftServerImpl.java:start(173)) - 661b4ae5-d1c2-40cd-a6f3-adb344dd1501: start group-B885522DF5FC
2019-06-12 15:14:25,183 INFO  server.RaftServerConfigKeys (ConfUtils.java:logGet(43)) - raft.server.retrycache.expirytime = 600000ms (custom)
2019-06-12 15:14:25,183 INFO  impl.RaftServerImpl (RaftServerImpl.java:setRole(164)) - 661b4ae5-d1c2-40cd-a6f3-adb344dd1501:group-B885522DF5FC changes role from null to FOLLOWER at term 0 for startAsFollower
2019-06-12 15:14:25,184 INFO  impl.RaftServerImpl (RaftServerImpl.java:start(173)) - 5ff4a18b-0521-441f-87a6-ab7aa0a1bc7e: start group-B885522DF5FC
2019-06-12 15:14:25,184 INFO  impl.RoleInfo (RoleInfo.java:updateAndGet(143)) - 661b4ae5-d1c2-40cd-a6f3-adb344dd1501: start FollowerState
2019-06-12 15:14:25,184 INFO  impl.RaftServerImpl (RaftServerImpl.java:setRole(164)) - 5ff4a18b-0521-441f-87a6-ab7aa0a1bc7e:group-B885522DF5FC changes role from null to FOLLOWER at term 0 for startAsFollower
2019-06-12 15:14:25,184 INFO  util.JmxRegister (JmxRegister.java:tryRegister(44)) - Successfully registered JMX Bean with object name Ratis:service=RaftServer,group=group-B885522DF5FC,id=661b4ae5-d1c2-40cd-a6f3-adb344dd1501
2019-06-12 15:14:25,185 INFO  impl.RoleInfo (RoleInfo.java:updateAndGet(143)) - 5ff4a18b-0521-441f-87a6-ab7aa0a1bc7e: start FollowerState
2019-06-12 15:14:25,186 INFO  util.JmxRegister (JmxRegister.java:tryRegister(44)) - Successfully registered JMX Bean with object name Ratis:service=RaftServer,group=group-B885522DF5FC,id=5ff4a18b-0521-441f-87a6-ab7aa0a1bc7e
2019-06-12 15:14:25,197 INFO  pipeline.PipelineStateManager (PipelineStateManager.java:addPipeline(56)) - Created pipeline Pipeline[ Id: 7e56e8bf-69eb-49a9-95c9-b885522df5fc, Nodes: 9904124c-4cc6-4d38-a85c-e1c95e3437f6{ip: 192.168.19.61, host: ozone-8jqhm-122090471, networkLocation: /default-rack, certSerialId: null}5ff4a18b-0521-441f-87a6-ab7aa0a1bc7e{ip: 192.168.19.61, host: ozone-8jqhm-122090471, networkLocation: /default-rack, certSerialId: null}661b4ae5-d1c2-40cd-a6f3-adb344dd1501{ip: 192.168.19.61, host: ozone-8jqhm-122090471, networkLocation: /default-rack, certSerialId: null}, Type:RATIS, Factor:THREE, State:OPEN]
2019-06-12 15:14:25,827 INFO  impl.FollowerState (FollowerState.java:run(101)) - 420a3cfa-db44-443d-b555-0fe0115e15e6:group-847E21A67499 changes to CANDIDATE, lastRpcTime:1021, electionTimeout:1021ms
2019-06-12 15:14:25,827 INFO  impl.RoleInfo (RoleInfo.java:shutdownFollowerState(121)) - 420a3cfa-db44-443d-b555-0fe0115e15e6: shutdown FollowerState
2019-06-12 15:14:25,827 INFO  impl.RaftServerImpl (RaftServerImpl.java:setRole(164)) - 420a3cfa-db44-443d-b555-0fe0115e15e6:group-847E21A67499 changes role from FOLLOWER to CANDIDATE at term 0 for changeToCandidate
2019-06-12 15:14:25,829 INFO  impl.RoleInfo (RoleInfo.java:updateAndGet(143)) - 420a3cfa-db44-443d-b555-0fe0115e15e6: start LeaderElection
2019-06-12 15:14:25,836 INFO  impl.LeaderElection (LeaderElection.java:askForVotes(181)) - 420a3cfa-db44-443d-b555-0fe0115e15e6:group-847E21A67499:LeaderElection1: begin an election at term 1 for -1: [420a3cfa-db44-443d-b555-0fe0115e15e6:192.168.19.61:40411], old=null
2019-06-12 15:14:25,837 INFO  impl.FollowerState (FollowerState.java:run(101)) - 17d82f6c-2cbe-437c-97ab-928e562ffc59:group-F77E12CD03C4 changes to CANDIDATE, lastRpcTime:1156, electionTimeout:1155ms
2019-06-12 15:14:25,838 INFO  impl.RoleInfo (RoleInfo.java:shutdownFollowerState(121)) - 17d82f6c-2cbe-437c-97ab-928e562ffc59: shutdown FollowerState
2019-06-12 15:14:25,838 INFO  impl.RaftServerImpl (RaftServerImpl.java:setRole(164)) - 17d82f6c-2cbe-437c-97ab-928e562ffc59:group-F77E12CD03C4 changes role from FOLLOWER to CANDIDATE at term 0 for changeToCandidate
2019-06-12 15:14:25,838 INFO  impl.RoleInfo (RoleInfo.java:updateAndGet(143)) - 17d82f6c-2cbe-437c-97ab-928e562ffc59: start LeaderElection
2019-06-12 15:14:25,841 INFO  impl.RoleInfo (RoleInfo.java:shutdownLeaderElection(134)) - 420a3cfa-db44-443d-b555-0fe0115e15e6: shutdown LeaderElection
2019-06-12 15:14:25,841 INFO  impl.RaftServerImpl (RaftServerImpl.java:setRole(164)) - 420a3cfa-db44-443d-b555-0fe0115e15e6:group-847E21A67499 changes role from CANDIDATE to LEADER at term 1 for changeToLeader
2019-06-12 15:14:25,841 INFO  impl.RaftServerImpl (ServerState.java:setLeader(263)) - 420a3cfa-db44-443d-b555-0fe0115e15e6:group-847E21A67499 change Leader from null to 420a3cfa-db44-443d-b555-0fe0115e15e6 at term 1 for becomeLeader, leader elected after 1038ms
2019-06-12 15:14:25,843 INFO  impl.LeaderElection (LeaderElection.java:askForVotes(181)) - 17d82f6c-2cbe-437c-97ab-928e562ffc59:group-F77E12CD03C4:LeaderElection2: begin an election at term 1 for -1: [17d82f6c-2cbe-437c-97ab-928e562ffc59:192.168.19.61:41223], old=null
2019-06-12 15:14:25,844 INFO  impl.RoleInfo (RoleInfo.java:shutdownLeaderElection(134)) - 17d82f6c-2cbe-437c-97ab-928e562ffc59: shutdown LeaderElection
2019-06-12 15:14:25,844 INFO  impl.RaftServerImpl (RaftServerImpl.java:setRole(164)) - 17d82f6c-2cbe-437c-97ab-928e562ffc59:group-F77E12CD03C4 changes role from CANDIDATE to LEADER at term 1 for changeToLeader
2019-06-12 15:14:25,844 INFO  impl.RaftServerImpl (ServerState.java:setLeader(263)) - 17d82f6c-2cbe-437c-97ab-928e562ffc59:group-F77E12CD03C4 change Leader from null to 17d82f6c-2cbe-437c-97ab-928e562ffc59 at term 1 for becomeLeader, leader elected after 1323ms
2019-06-12 15:14:25,846 INFO  server.RaftServerConfigKeys (ConfUtils.java:logGet(43)) - raft.server.staging.catchup.gap = 1000 (default)
2019-06-12 15:14:25,847 INFO  server.RaftServerConfigKeys (ConfUtils.java:logGet(43)) - raft.server.staging.catchup.gap = 1000 (default)
2019-06-12 15:14:25,847 INFO  server.RaftServerConfigKeys (ConfUtils.java:logGet(43)) - raft.server.rpc.sleep.time = 25ms (default)
2019-06-12 15:14:25,847 INFO  server.RaftServerConfigKeys (ConfUtils.java:logGet(43)) - raft.server.rpc.sleep.time = 25ms (default)
2019-06-12 15:14:25,849 INFO  impl.FollowerState (FollowerState.java:run(101)) - aad1ce1f-c04c-463e-bded-f21e55379e64:group-93DA9F1546A2 changes to CANDIDATE, lastRpcTime:1104, electionTimeout:1103ms
2019-06-12 15:14:25,849 INFO  impl.RoleInfo (RoleInfo.java:shutdownFollowerState(121)) - aad1ce1f-c04c-463e-bded-f21e55379e64: shutdown FollowerState
2019-06-12 15:14:25,849 INFO  impl.RaftServerImpl (RaftServerImpl.java:setRole(164)) - aad1ce1f-c04c-463e-bded-f21e55379e64:group-93DA9F1546A2 changes role from FOLLOWER to CANDIDATE at term 0 for changeToCandidate
2019-06-12 15:14:25,849 INFO  server.RaftServerConfigKeys (ConfUtils.java:logGet(43)) - raft.server.watch.timeout = 10s (default)
2019-06-12 15:14:25,849 INFO  impl.RoleInfo (RoleInfo.java:updateAndGet(143)) - aad1ce1f-c04c-463e-bded-f21e55379e64: start LeaderElection
2019-06-12 15:14:25,849 INFO  server.RaftServerConfigKeys (ConfUtils.java:logGet(43)) - raft.server.watch.timeout = 10s (default)
2019-06-12 15:14:25,849 INFO  server.RaftServerConfigKeys (ConfUtils.java:logGet(43)) - raft.server.watch.timeout.denomination = 1s (default)
2019-06-12 15:14:25,850 INFO  server.RaftServerConfigKeys (ConfUtils.java:logGet(43)) - raft.server.watch.timeout.denomination = 1s (default)
2019-06-12 15:14:25,861 INFO  impl.LeaderElection (LeaderElection.java:askForVotes(181)) - aad1ce1f-c04c-463e-bded-f21e55379e64:group-93DA9F1546A2:LeaderElection3: begin an election at term 1 for -1: [aad1ce1f-c04c-463e-bded-f21e55379e64:192.168.19.61:33635], old=null
2019-06-12 15:14:25,861 INFO  impl.RoleInfo (RoleInfo.java:shutdownLeaderElection(134)) - aad1ce1f-c04c-463e-bded-f21e55379e64: shutdown LeaderElection
2019-06-12 15:14:25,862 INFO  impl.RaftServerImpl (RaftServerImpl.java:setRole(164)) - aad1ce1f-c04c-463e-bded-f21e55379e64:group-93DA9F1546A2 changes role from CANDIDATE to LEADER at term 1 for changeToLeader
2019-06-12 15:14:25,862 INFO  impl.RaftServerImpl (ServerState.java:setLeader(263)) - aad1ce1f-c04c-463e-bded-f21e55379e64:group-93DA9F1546A2 change Leader from null to aad1ce1f-c04c-463e-bded-f21e55379e64 at term 1 for becomeLeader, leader elected after 1119ms
2019-06-12 15:14:25,865 INFO  impl.RoleInfo (RoleInfo.java:updateAndGet(143)) - 420a3cfa-db44-443d-b555-0fe0115e15e6: start LeaderState
2019-06-12 15:14:25,866 INFO  server.RaftServerConfigKeys (ConfUtils.java:logGet(43)) - raft.server.staging.catchup.gap = 1000 (default)
2019-06-12 15:14:25,866 INFO  server.RaftServerConfigKeys (ConfUtils.java:logGet(43)) - raft.server.rpc.sleep.time = 25ms (default)
2019-06-12 15:14:25,866 INFO  impl.RoleInfo (RoleInfo.java:updateAndGet(143)) - 17d82f6c-2cbe-437c-97ab-928e562ffc59: start LeaderState
2019-06-12 15:14:25,867 INFO  server.RaftServerConfigKeys (ConfUtils.java:logGet(43)) - raft.server.watch.timeout = 10s (default)
2019-06-12 15:14:25,867 INFO  server.RaftServerConfigKeys (ConfUtils.java:logGet(43)) - raft.server.watch.timeout.denomination = 1s (default)
2019-06-12 15:14:25,867 INFO  impl.RoleInfo (RoleInfo.java:updateAndGet(143)) - aad1ce1f-c04c-463e-bded-f21e55379e64: start LeaderState
2019-06-12 15:14:25,889 INFO  storage.RaftLogWorker (RaftLogWorker.java:startLogSegment(298)) - aad1ce1f-c04c-463e-bded-f21e55379e64-RaftLogWorker: Starting segment from index:0
2019-06-12 15:14:25,889 INFO  storage.RaftLogWorker (RaftLogWorker.java:startLogSegment(298)) - 420a3cfa-db44-443d-b555-0fe0115e15e6-RaftLogWorker: Starting segment from index:0
2019-06-12 15:14:25,889 INFO  storage.RaftLogWorker (RaftLogWorker.java:startLogSegment(298)) - 17d82f6c-2cbe-437c-97ab-928e562ffc59-RaftLogWorker: Starting segment from index:0
2019-06-12 15:14:25,902 INFO  impl.RaftServerImpl (ServerState.java:setRaftConf(361)) - 17d82f6c-2cbe-437c-97ab-928e562ffc59:group-F77E12CD03C4 set configuration 0: [17d82f6c-2cbe-437c-97ab-928e562ffc59:192.168.19.61:41223], old=null at 0
2019-06-12 15:14:25,902 INFO  impl.RaftServerImpl (ServerState.java:setRaftConf(361)) - 420a3cfa-db44-443d-b555-0fe0115e15e6:group-847E21A67499 set configuration 0: [420a3cfa-db44-443d-b555-0fe0115e15e6:192.168.19.61:40411], old=null at 0
2019-06-12 15:14:25,910 INFO  impl.FollowerState (FollowerState.java:run(101)) - 17d82f6c-2cbe-437c-97ab-928e562ffc59:group-7377CAEF715E changes to CANDIDATE, lastRpcTime:1017, electionTimeout:1017ms
2019-06-12 15:14:25,910 INFO  impl.RoleInfo (RoleInfo.java:shutdownFollowerState(121)) - 17d82f6c-2cbe-437c-97ab-928e562ffc59: shutdown FollowerState
2019-06-12 15:14:25,910 INFO  impl.RaftServerImpl (RaftServerImpl.java:setRole(164)) - 17d82f6c-2cbe-437c-97ab-928e562ffc59:group-7377CAEF715E changes role from FOLLOWER to CANDIDATE at term 0 for changeToCandidate
2019-06-12 15:14:25,910 INFO  impl.RoleInfo (RoleInfo.java:updateAndGet(143)) - 17d82f6c-2cbe-437c-97ab-928e562ffc59: start LeaderElection
2019-06-12 15:14:25,917 INFO  impl.RaftServerImpl (ServerState.java:setRaftConf(361)) - aad1ce1f-c04c-463e-bded-f21e55379e64:group-93DA9F1546A2 set configuration 0: [aad1ce1f-c04c-463e-bded-f21e55379e64:192.168.19.61:33635], old=null at 0
2019-06-12 15:14:25,919 INFO  impl.LeaderElection (LeaderElection.java:askForVotes(181)) - 17d82f6c-2cbe-437c-97ab-928e562ffc59:group-7377CAEF715E:LeaderElection4: begin an election at term 1 for -1: [aad1ce1f-c04c-463e-bded-f21e55379e64:192.168.19.61:33635, 17d82f6c-2cbe-437c-97ab-928e562ffc59:192.168.19.61:41223, 420a3cfa-db44-443d-b555-0fe0115e15e6:192.168.19.61:40411], old=null
2019-06-12 15:14:25,952 INFO  impl.RaftServerImpl (RaftServerImpl.java:setRole(164)) - aad1ce1f-c04c-463e-bded-f21e55379e64:group-7377CAEF715E changes role from FOLLOWER to FOLLOWER at term 1 for recognizeCandidate:17d82f6c-2cbe-437c-97ab-928e562ffc59
2019-06-12 15:14:25,952 INFO  impl.RoleInfo (RoleInfo.java:shutdownFollowerState(121)) - aad1ce1f-c04c-463e-bded-f21e55379e64: shutdown FollowerState
2019-06-12 15:14:25,952 INFO  impl.RoleInfo (RoleInfo.java:updateAndGet(143)) - aad1ce1f-c04c-463e-bded-f21e55379e64: start FollowerState
2019-06-12 15:14:25,952 INFO  impl.FollowerState (FollowerState.java:run(109)) - aad1ce1f-c04c-463e-bded-f21e55379e64: FollowerState was interrupted: java.lang.InterruptedException: sleep interrupted
2019-06-12 15:14:25,956 INFO  impl.RaftServerImpl (RaftServerImpl.java:setRole(164)) - 420a3cfa-db44-443d-b555-0fe0115e15e6:group-7377CAEF715E changes role from FOLLOWER to FOLLOWER at term 1 for recognizeCandidate:17d82f6c-2cbe-437c-97ab-928e562ffc59
2019-06-12 15:14:25,957 INFO  impl.RoleInfo (RoleInfo.java:shutdownFollowerState(121)) - 420a3cfa-db44-443d-b555-0fe0115e15e6: shutdown FollowerState
2019-06-12 15:14:25,957 INFO  impl.FollowerState (FollowerState.java:run(109)) - 420a3cfa-db44-443d-b555-0fe0115e15e6: FollowerState was interrupted: java.lang.InterruptedException: sleep interrupted
2019-06-12 15:14:25,957 INFO  impl.RoleInfo (RoleInfo.java:updateAndGet(143)) - 420a3cfa-db44-443d-b555-0fe0115e15e6: start FollowerState
2019-06-12 15:14:25,976 INFO  impl.LeaderElection (LeaderElection.java:logAndReturn(56)) - 17d82f6c-2cbe-437c-97ab-928e562ffc59:group-7377CAEF715E:LeaderElection4: Election PASSED; received 1 response(s) [17d82f6c-2cbe-437c-97ab-928e562ffc59->420a3cfa-db44-443d-b555-0fe0115e15e6,true-t1] and 0 exception(s); 17d82f6c-2cbe-437c-97ab-928e562ffc59:t1, leader=null, voted=17d82f6c-2cbe-437c-97ab-928e562ffc59, raftlog=17d82f6c-2cbe-437c-97ab-928e562ffc59-SegmentedRaftLog:OPENED:c-1,f-1,i0, conf=-1: [aad1ce1f-c04c-463e-bded-f21e55379e64:192.168.19.61:33635, 17d82f6c-2cbe-437c-97ab-928e562ffc59:192.168.19.61:41223, 420a3cfa-db44-443d-b555-0fe0115e15e6:192.168.19.61:40411], old=null
2019-06-12 15:14:25,976 INFO  impl.RoleInfo (RoleInfo.java:shutdownLeaderElection(134)) - 17d82f6c-2cbe-437c-97ab-928e562ffc59: shutdown LeaderElection
2019-06-12 15:14:25,978 INFO  impl.RaftServerImpl (RaftServerImpl.java:setRole(164)) - 17d82f6c-2cbe-437c-97ab-928e562ffc59:group-7377CAEF715E changes role from CANDIDATE to LEADER at term 1 for changeToLeader
2019-06-12 15:14:25,979 INFO  impl.RaftServerImpl (ServerState.java:setLeader(263)) - 17d82f6c-2cbe-437c-97ab-928e562ffc59:group-7377CAEF715E change Leader from null to 17d82f6c-2cbe-437c-97ab-928e562ffc59 at term 1 for becomeLeader, leader elected after 1090ms
2019-06-12 15:14:25,979 INFO  server.RaftServerConfigKeys (ConfUtils.java:logGet(43)) - raft.server.staging.catchup.gap = 1000 (default)
2019-06-12 15:14:25,980 INFO  server.RaftServerConfigKeys (ConfUtils.java:logGet(43)) - raft.server.rpc.sleep.time = 25ms (default)
2019-06-12 15:14:25,980 INFO  server.RaftServerConfigKeys (ConfUtils.java:logGet(43)) - raft.server.watch.timeout = 10s (default)
2019-06-12 15:14:25,980 INFO  server.RaftServerConfigKeys (ConfUtils.java:logGet(43)) - raft.server.watch.timeout.denomination = 1s (default)
2019-06-12 15:14:25,982 INFO  server.RaftServerConfigKeys (ConfUtils.java:logGet(43)) - raft.server.log.appender.snapshot.chunk.size.max = 16MB (=16777216) (default)
2019-06-12 15:14:25,983 INFO  server.RaftServerConfigKeys (ConfUtils.java:logGet(43)) - raft.server.log.appender.buffer.byte-limit = 33554432 (custom)
2019-06-12 15:14:25,983 INFO  server.RaftServerConfigKeys (ConfUtils.java:logGet(43)) - raft.server.log.appender.buffer.element-limit = 1 (custom)
2019-06-12 15:14:25,984 INFO  grpc.GrpcConfigKeys$Server (ConfUtils.java:logGet(43)) - raft.grpc.server.leader.outstanding.appends.max = 128 (default)
2019-06-12 15:14:25,985 INFO  server.RaftServerConfigKeys (ConfUtils.java:logGet(43)) - raft.server.rpc.request.timeout = 3000ms (default)
2019-06-12 15:14:25,985 INFO  server.RaftServerConfigKeys (ConfUtils.java:logGet(43)) - raft.server.log.appender.install.snapshot.enabled = true (default)
2019-06-12 15:14:25,985 INFO  server.RaftServerConfigKeys (ConfUtils.java:logGet(43)) - raft.server.log.appender.snapshot.chunk.size.max = 16MB (=16777216) (default)
2019-06-12 15:14:25,985 INFO  server.RaftServerConfigKeys (ConfUtils.java:logGet(43)) - raft.server.log.appender.buffer.byte-limit = 33554432 (custom)
2019-06-12 15:14:25,985 INFO  server.RaftServerConfigKeys (ConfUtils.java:logGet(43)) - raft.server.log.appender.buffer.element-limit = 1 (custom)
2019-06-12 15:14:25,985 INFO  grpc.GrpcConfigKeys$Server (ConfUtils.java:logGet(43)) - raft.grpc.server.leader.outstanding.appends.max = 128 (default)
2019-06-12 15:14:25,986 INFO  server.RaftServerConfigKeys (ConfUtils.java:logGet(43)) - raft.server.rpc.request.timeout = 3000ms (default)
2019-06-12 15:14:25,986 INFO  server.RaftServerConfigKeys (ConfUtils.java:logGet(43)) - raft.server.log.appender.install.snapshot.enabled = true (default)
2019-06-12 15:14:25,986 INFO  impl.RoleInfo (RoleInfo.java:updateAndGet(143)) - 17d82f6c-2cbe-437c-97ab-928e562ffc59: start LeaderState
2019-06-12 15:14:25,986 INFO  storage.RaftLogWorker (RaftLogWorker.java:startLogSegment(298)) - 17d82f6c-2cbe-437c-97ab-928e562ffc59-RaftLogWorker: Starting segment from index:0
2019-06-12 15:14:25,993 INFO  impl.RaftServerImpl (ServerState.java:setRaftConf(361)) - 17d82f6c-2cbe-437c-97ab-928e562ffc59:group-7377CAEF715E set configuration 0: [aad1ce1f-c04c-463e-bded-f21e55379e64:192.168.19.61:33635, 17d82f6c-2cbe-437c-97ab-928e562ffc59:192.168.19.61:41223, 420a3cfa-db44-443d-b555-0fe0115e15e6:192.168.19.61:40411], old=null at 0
2019-06-12 15:14:26,005 INFO  impl.FollowerState (FollowerState.java:run(101)) - 661b4ae5-d1c2-40cd-a6f3-adb344dd1501:group-AADD542CAF3C changes to CANDIDATE, lastRpcTime:1158, electionTimeout:1158ms
2019-06-12 15:14:26,007 INFO  impl.FollowerState (FollowerState.java:run(101)) - 5ff4a18b-0521-441f-87a6-ab7aa0a1bc7e:group-90884946F92A changes to CANDIDATE, lastRpcTime:1041, electionTimeout:1041ms
2019-06-12 15:14:26,007 INFO  impl.RoleInfo (RoleInfo.java:shutdownFollowerState(121)) - 5ff4a18b-0521-441f-87a6-ab7aa0a1bc7e: shutdown FollowerState
2019-06-12 15:14:26,007 INFO  impl.RaftServerImpl (RaftServerImpl.java:setRole(164)) - 5ff4a18b-0521-441f-87a6-ab7aa0a1bc7e:group-90884946F92A changes role from FOLLOWER to CANDIDATE at term 0 for changeToCandidate
2019-06-12 15:14:26,007 INFO  impl.RoleInfo (RoleInfo.java:updateAndGet(143)) - 5ff4a18b-0521-441f-87a6-ab7aa0a1bc7e: start LeaderElection
2019-06-12 15:14:26,007 INFO  impl.RoleInfo (RoleInfo.java:shutdownFollowerState(121)) - 661b4ae5-d1c2-40cd-a6f3-adb344dd1501: shutdown FollowerState
2019-06-12 15:14:26,008 INFO  impl.RaftServerImpl (RaftServerImpl.java:setRole(164)) - 661b4ae5-d1c2-40cd-a6f3-adb344dd1501:group-AADD542CAF3C changes role from FOLLOWER to CANDIDATE at term 0 for changeToCandidate
2019-06-12 15:14:26,016 INFO  impl.RoleInfo (RoleInfo.java:updateAndGet(143)) - 661b4ae5-d1c2-40cd-a6f3-adb344dd1501: start LeaderElection
2019-06-12 15:14:26,016 INFO  impl.RaftServerImpl (ServerState.java:setLeader(263)) - aad1ce1f-c04c-463e-bded-f21e55379e64:group-7377CAEF715E change Leader from null to 17d82f6c-2cbe-437c-97ab-928e562ffc59 at term 1 for appendEntries, leader elected after 1118ms
2019-06-12 15:14:26,016 INFO  impl.RaftServerImpl (ServerState.java:setLeader(263)) - 420a3cfa-db44-443d-b555-0fe0115e15e6:group-7377CAEF715E change Leader from null to 17d82f6c-2cbe-437c-97ab-928e562ffc59 at term 1 for appendEntries, leader elected after 1123ms
2019-06-12 15:14:26,034 INFO  impl.LeaderElection (LeaderElection.java:askForVotes(181)) - 661b4ae5-d1c2-40cd-a6f3-adb344dd1501:group-AADD542CAF3C:LeaderElection6: begin an election at term 1 for -1: [661b4ae5-d1c2-40cd-a6f3-adb344dd1501:192.168.19.61:41435], old=null
2019-06-12 15:14:26,034 INFO  impl.RoleInfo (RoleInfo.java:shutdownLeaderElection(134)) - 661b4ae5-d1c2-40cd-a6f3-adb344dd1501: shutdown LeaderElection
2019-06-12 15:14:26,034 INFO  impl.RaftServerImpl (RaftServerImpl.java:setRole(164)) - 661b4ae5-d1c2-40cd-a6f3-adb344dd1501:group-AADD542CAF3C changes role from CANDIDATE to LEADER at term 1 for changeToLeader
2019-06-12 15:14:26,034 INFO  impl.RaftServerImpl (ServerState.java:setLeader(263)) - 661b4ae5-d1c2-40cd-a6f3-adb344dd1501:group-AADD542CAF3C change Leader from null to 661b4ae5-d1c2-40cd-a6f3-adb344dd1501 at term 1 for becomeLeader, leader elected after 1189ms
2019-06-12 15:14:26,036 INFO  server.RaftServerConfigKeys (ConfUtils.java:logGet(43)) - raft.server.staging.catchup.gap = 1000 (default)
2019-06-12 15:14:26,036 INFO  server.RaftServerConfigKeys (ConfUtils.java:logGet(43)) - raft.server.rpc.sleep.time = 25ms (default)
2019-06-12 15:14:26,036 INFO  server.RaftServerConfigKeys (ConfUtils.java:logGet(43)) - raft.server.watch.timeout = 10s (default)
2019-06-12 15:14:26,036 INFO  server.RaftServerConfigKeys (ConfUtils.java:logGet(43)) - raft.server.watch.timeout.denomination = 1s (default)
2019-06-12 15:14:26,036 INFO  impl.RoleInfo (RoleInfo.java:updateAndGet(143)) - 661b4ae5-d1c2-40cd-a6f3-adb344dd1501: start LeaderState
2019-06-12 15:14:26,036 INFO  storage.RaftLogWorker (RaftLogWorker.java:startLogSegment(298)) - 661b4ae5-d1c2-40cd-a6f3-adb344dd1501-RaftLogWorker: Starting segment from index:0
2019-06-12 15:14:26,037 INFO  impl.RaftServerImpl (ServerState.java:setRaftConf(361)) - 661b4ae5-d1c2-40cd-a6f3-adb344dd1501:group-AADD542CAF3C set configuration 0: [661b4ae5-d1c2-40cd-a6f3-adb344dd1501:192.168.19.61:41435], old=null at 0
2019-06-12 15:14:26,043 INFO  impl.LeaderElection (LeaderElection.java:askForVotes(181)) - 5ff4a18b-0521-441f-87a6-ab7aa0a1bc7e:group-90884946F92A:LeaderElection5: begin an election at term 1 for -1: [5ff4a18b-0521-441f-87a6-ab7aa0a1bc7e:192.168.19.61:35971], old=null
2019-06-12 15:14:26,043 INFO  impl.RoleInfo (RoleInfo.java:shutdownLeaderElection(134)) - 5ff4a18b-0521-441f-87a6-ab7aa0a1bc7e: shutdown LeaderElection
2019-06-12 15:14:26,043 INFO  impl.RaftServerImpl (RaftServerImpl.java:setRole(164)) - 5ff4a18b-0521-441f-87a6-ab7aa0a1bc7e:group-90884946F92A changes role from CANDIDATE to LEADER at term 1 for changeToLeader
2019-06-12 15:14:26,043 INFO  impl.RaftServerImpl (ServerState.java:setLeader(263)) - 5ff4a18b-0521-441f-87a6-ab7aa0a1bc7e:group-90884946F92A change Leader from null to 5ff4a18b-0521-441f-87a6-ab7aa0a1bc7e at term 1 for becomeLeader, leader elected after 1086ms
2019-06-12 15:14:26,046 INFO  server.RaftServerConfigKeys (ConfUtils.java:logGet(43)) - raft.server.staging.catchup.gap = 1000 (default)
2019-06-12 15:14:26,046 INFO  server.RaftServerConfigKeys (ConfUtils.java:logGet(43)) - raft.server.rpc.sleep.time = 25ms (default)
2019-06-12 15:14:26,046 INFO  server.RaftServerConfigKeys (ConfUtils.java:logGet(43)) - raft.server.watch.timeout = 10s (default)
2019-06-12 15:14:26,047 INFO  server.RaftServerConfigKeys (ConfUtils.java:logGet(43)) - raft.server.watch.timeout.denomination = 1s (default)
2019-06-12 15:14:26,047 INFO  impl.RoleInfo (RoleInfo.java:updateAndGet(143)) - 5ff4a18b-0521-441f-87a6-ab7aa0a1bc7e: start LeaderState
2019-06-12 15:14:26,047 INFO  storage.RaftLogWorker (RaftLogWorker.java:startLogSegment(298)) - 5ff4a18b-0521-441f-87a6-ab7aa0a1bc7e-RaftLogWorker: Starting segment from index:0
2019-06-12 15:14:26,047 INFO  impl.RaftServerImpl (ServerState.java:setRaftConf(361)) - 5ff4a18b-0521-441f-87a6-ab7aa0a1bc7e:group-90884946F92A set configuration 0: [5ff4a18b-0521-441f-87a6-ab7aa0a1bc7e:192.168.19.61:35971], old=null at 0
2019-06-12 15:14:26,050 INFO  impl.RaftServerImpl (ServerState.java:setRaftConf(361)) - aad1ce1f-c04c-463e-bded-f21e55379e64:group-7377CAEF715E set configuration 0: [aad1ce1f-c04c-463e-bded-f21e55379e64:192.168.19.61:33635, 17d82f6c-2cbe-437c-97ab-928e562ffc59:192.168.19.61:41223, 420a3cfa-db44-443d-b555-0fe0115e15e6:192.168.19.61:40411], old=null at 0
2019-06-12 15:14:26,050 INFO  storage.RaftLogWorker (RaftLogWorker.java:startLogSegment(298)) - aad1ce1f-c04c-463e-bded-f21e55379e64-RaftLogWorker: Starting segment from index:0
2019-06-12 15:14:26,051 INFO  impl.RaftServerImpl (ServerState.java:setRaftConf(361)) - 420a3cfa-db44-443d-b555-0fe0115e15e6:group-7377CAEF715E set configuration 0: [aad1ce1f-c04c-463e-bded-f21e55379e64:192.168.19.61:33635, 17d82f6c-2cbe-437c-97ab-928e562ffc59:192.168.19.61:41223, 420a3cfa-db44-443d-b555-0fe0115e15e6:192.168.19.61:40411], old=null at 0
2019-06-12 15:14:26,051 INFO  storage.RaftLogWorker (RaftLogWorker.java:startLogSegment(298)) - 420a3cfa-db44-443d-b555-0fe0115e15e6-RaftLogWorker: Starting segment from index:0
2019-06-12 15:14:26,137 INFO  ozone.MiniOzoneClusterImpl (MiniOzoneClusterImpl.java:lambda$waitForClusterToBeReady$0(142)) - Cluster is ready. Got 6 of 6 DN Heartbeats.
2019-06-12 15:14:26,165 INFO  impl.FollowerState (FollowerState.java:run(101)) - 9904124c-4cc6-4d38-a85c-e1c95e3437f6:group-E244BF386AC8 changes to CANDIDATE, lastRpcTime:1021, electionTimeout:1019ms
2019-06-12 15:14:26,165 INFO  impl.RoleInfo (RoleInfo.java:shutdownFollowerState(121)) - 9904124c-4cc6-4d38-a85c-e1c95e3437f6: shutdown FollowerState
2019-06-12 15:14:26,165 INFO  impl.RaftServerImpl (RaftServerImpl.java:setRole(164)) - 9904124c-4cc6-4d38-a85c-e1c95e3437f6:group-E244BF386AC8 changes role from FOLLOWER to CANDIDATE at term 0 for changeToCandidate
2019-06-12 15:14:26,165 INFO  impl.RoleInfo (RoleInfo.java:updateAndGet(143)) - 9904124c-4cc6-4d38-a85c-e1c95e3437f6: start LeaderElection
2019-06-12 15:14:26,188 INFO  storage.RaftLogWorker (RaftLogWorker.java:execute(469)) - aad1ce1f-c04c-463e-bded-f21e55379e64-RaftLogWorker: created new log segment /opt/src/hadoop-ozone/integration-test/target/test-dir/MiniOzoneClusterImpl-68ef37a7-d2d8-42d7-a32d-84def556cd16/datanode-2/data/ratis/8c3a0f53-2b4f-4ea8-81b1-93da9f1546a2/current/log_inprogress_0
2019-06-12 15:14:26,191 INFO  storage.RaftLogWorker (RaftLogWorker.java:execute(469)) - aad1ce1f-c04c-463e-bded-f21e55379e64-RaftLogWorker: created new log segment /opt/src/hadoop-ozone/integration-test/target/test-dir/MiniOzoneClusterImpl-68ef37a7-d2d8-42d7-a32d-84def556cd16/datanode-2/data/ratis/f3d977db-00bd-4671-b9d1-7377caef715e/current/log_inprogress_0
2019-06-12 15:14:26,191 INFO  storage.RaftLogWorker (RaftLogWorker.java:execute(469)) - 17d82f6c-2cbe-437c-97ab-928e562ffc59-RaftLogWorker: created new log segment /opt/src/hadoop-ozone/integration-test/target/test-dir/MiniOzoneClusterImpl-68ef37a7-d2d8-42d7-a32d-84def556cd16/datanode-0/data/ratis/1e0556b0-26fe-4218-ac3f-f77e12cd03c4/current/log_inprogress_0
2019-06-12 15:14:26,191 INFO  storage.RaftLogWorker (RaftLogWorker.java:execute(469)) - 17d82f6c-2cbe-437c-97ab-928e562ffc59-RaftLogWorker: created new log segment /opt/src/hadoop-ozone/integration-test/target/test-dir/MiniOzoneClusterImpl-68ef37a7-d2d8-42d7-a32d-84def556cd16/datanode-0/data/ratis/f3d977db-00bd-4671-b9d1-7377caef715e/current/log_inprogress_0
2019-06-12 15:14:26,191 INFO  storage.RaftLogWorker (RaftLogWorker.java:execute(469)) - 661b4ae5-d1c2-40cd-a6f3-adb344dd1501-RaftLogWorker: created new log segment /opt/src/hadoop-ozone/integration-test/target/test-dir/MiniOzoneClusterImpl-68ef37a7-d2d8-42d7-a32d-84def556cd16/datanode-1/data/ratis/61b7332d-8fe6-4f03-a064-aadd542caf3c/current/log_inprogress_0
2019-06-12 15:14:26,211 INFO  storage.RaftLogWorker (RaftLogWorker.java:execute(469)) - 420a3cfa-db44-443d-b555-0fe0115e15e6-RaftLogWorker: created new log segment /opt/src/hadoop-ozone/integration-test/target/test-dir/MiniOzoneClusterImpl-68ef37a7-d2d8-42d7-a32d-84def556cd16/datanode-3/data/ratis/c8574e3f-acee-48e8-8009-847e21a67499/current/log_inprogress_0
2019-06-12 15:14:26,213 INFO  storage.RaftLogWorker (RaftLogWorker.java:execute(469)) - 5ff4a18b-0521-441f-87a6-ab7aa0a1bc7e-RaftLogWorker: created new log segment /opt/src/hadoop-ozone/integration-test/target/test-dir/MiniOzoneClusterImpl-68ef37a7-d2d8-42d7-a32d-84def556cd16/datanode-4/data/ratis/b1be4727-6825-4a56-b803-90884946f92a/current/log_inprogress_0
2019-06-12 15:14:26,213 INFO  storage.RaftLogWorker (RaftLogWorker.java:execute(469)) - 420a3cfa-db44-443d-b555-0fe0115e15e6-RaftLogWorker: created new log segment /opt/src/hadoop-ozone/integration-test/target/test-dir/MiniOzoneClusterImpl-68ef37a7-d2d8-42d7-a32d-84def556cd16/datanode-3/data/ratis/f3d977db-00bd-4671-b9d1-7377caef715e/current/log_inprogress_0
2019-06-12 15:14:26,215 INFO  impl.LeaderElection (LeaderElection.java:askForVotes(181)) - 9904124c-4cc6-4d38-a85c-e1c95e3437f6:group-E244BF386AC8:LeaderElection7: begin an election at term 1 for -1: [9904124c-4cc6-4d38-a85c-e1c95e3437f6:192.168.19.61:44363], old=null
2019-06-12 15:14:26,215 INFO  impl.RoleInfo (RoleInfo.java:shutdownLeaderElection(134)) - 9904124c-4cc6-4d38-a85c-e1c95e3437f6: shutdown LeaderElection
2019-06-12 15:14:26,216 INFO  impl.RaftServerImpl (RaftServerImpl.java:setRole(164)) - 9904124c-4cc6-4d38-a85c-e1c95e3437f6:group-E244BF386AC8 changes role from CANDIDATE to LEADER at term 1 for changeToLeader
2019-06-12 15:14:26,216 INFO  impl.RaftServerImpl (ServerState.java:setLeader(263)) - 9904124c-4cc6-4d38-a85c-e1c95e3437f6:group-E244BF386AC8 change Leader from null to 9904124c-4cc6-4d38-a85c-e1c95e3437f6 at term 1 for becomeLeader, leader elected after 1074ms
2019-06-12 15:14:26,218 INFO  server.RaftServerConfigKeys (ConfUtils.java:logGet(43)) - raft.server.staging.catchup.gap = 1000 (default)
2019-06-12 15:14:26,218 INFO  server.RaftServerConfigKeys (ConfUtils.java:logGet(43)) - raft.server.rpc.sleep.time = 25ms (default)
2019-06-12 15:14:26,218 INFO  server.RaftServerConfigKeys (ConfUtils.java:logGet(43)) - raft.server.watch.timeout = 10s (default)
]]></system-out>
    <system-err><![CDATA[ERROR StatusLogger No Log4j 2 configuration file found. Using default configuration (logging only errors to the console), or user programmatically provided configurations. Set system property 'log4j2.debug' to show Log4j 2 internal initialization logging. See https://logging.apache.org/log4j/2.x/manual/configuration.html for instructions on how to configure Log4j 2
Jun 12, 2019 3:14:19 PM com.sun.jersey.server.impl.application.WebApplicationImpl _initiate
INFO: Initiating Jersey application, version 'Jersey: 1.19 02/11/2015 03:25 AM'
Jun 12, 2019 3:14:20 PM com.sun.jersey.server.impl.application.WebApplicationImpl _initiate
INFO: Initiating Jersey application, version 'Jersey: 1.19 02/11/2015 03:25 AM'
Jun 12, 2019 3:14:20 PM com.sun.jersey.server.impl.application.WebApplicationImpl _initiate
INFO: Initiating Jersey application, version 'Jersey: 1.19 02/11/2015 03:25 AM'
Jun 12, 2019 3:14:20 PM com.sun.jersey.server.impl.application.WebApplicationImpl _initiate
INFO: Initiating Jersey application, version 'Jersey: 1.19 02/11/2015 03:25 AM'
Jun 12, 2019 3:14:20 PM com.sun.jersey.server.impl.application.WebApplicationImpl _initiate
INFO: Initiating Jersey application, version 'Jersey: 1.19 02/11/2015 03:25 AM'
Jun 12, 2019 3:14:21 PM com.sun.jersey.server.impl.application.WebApplicationImpl _initiate
INFO: Initiating Jersey application, version 'Jersey: 1.19 02/11/2015 03:25 AM'
]]></system-err>
  </testcase>
</testsuite>