<?xml version="1.0" encoding="UTF-8"?>
<testsuite xmlns:xsi="http://www.w3.org/2001/XMLSchema-instance" xsi:noNamespaceSchemaLocation="https://maven.apache.org/surefire/maven-surefire-plugin/xsd/surefire-test-report.xsd" name="org.apache.hadoop.ozone.freon.TestFreonWithPipelineDestroy" time="22.297" tests="1" errors="1" skipped="0" failures="0">
  <properties>
    <property name="awt.toolkit" value="sun.awt.X11.XToolkit"/>
    <property name="file.encoding.pkg" value="sun.io"/>
    <property name="java.specification.version" value="1.8"/>
    <property name="sun.cpu.isalist" value=""/>
    <property name="sun.jnu.encoding" value="UTF-8"/>
    <property name="java.class.path" value="/opt/src/hadoop-ozone/tools/target/test-classes:/opt/src/hadoop-ozone/tools/target/classes:/opt/src/hadoop-ozone/ozone-manager/target/classes:/opt/src/hadoop-hdds/docs/target/classes:/home/user/.m2/repository/org/bouncycastle/bcprov-jdk15on/1.60/bcprov-jdk15on-1.60.jar:/opt/src/hadoop-ozone/common/target/classes:/home/user/.m2/repository/org/apache/commons/commons-compress/1.4.1/commons-compress-1.4.1.jar:/home/user/.m2/repository/org/tukaani/xz/1.0/xz-1.0.jar:/home/user/.m2/repository/org/apache/hadoop/hadoop-hdfs-client/3.2.0/hadoop-hdfs-client-3.2.0.jar:/home/user/.m2/repository/com/fasterxml/jackson/core/jackson-annotations/2.9.5/jackson-annotations-2.9.5.jar:/opt/src/hadoop-hdds/common/target/classes:/opt/src/hadoop-hdds/config/target/classes:/home/user/.m2/repository/javax/annotation/javax.annotation-api/1.2/javax.annotation-api-1.2.jar:/home/user/.m2/repository/org/apache/ratis/ratis-server/0.4.0-fe2b15d-SNAPSHOT/ratis-server-0.4.0-fe2b15d-SNAPSHOT.jar:/home/user/.m2/repository/org/apache/ratis/ratis-thirdparty-misc/0.2.0/ratis-thirdparty-misc-0.2.0.jar:/home/user/.m2/repository/org/apache/ratis/ratis-proto/0.4.0-fe2b15d-SNAPSHOT/ratis-proto-0.4.0-fe2b15d-SNAPSHOT.jar:/home/user/.m2/repository/org/apache/ratis/ratis-common/0.4.0-fe2b15d-SNAPSHOT/ratis-common-0.4.0-fe2b15d-SNAPSHOT.jar:/home/user/.m2/repository/org/apache/ratis/ratis-client/0.4.0-fe2b15d-SNAPSHOT/ratis-client-0.4.0-fe2b15d-SNAPSHOT.jar:/home/user/.m2/repository/org/apache/ratis/ratis-netty/0.4.0-fe2b15d-SNAPSHOT/ratis-netty-0.4.0-fe2b15d-SNAPSHOT.jar:/home/user/.m2/repository/org/apache/ratis/ratis-grpc/0.4.0-fe2b15d-SNAPSHOT/ratis-grpc-0.4.0-fe2b15d-SNAPSHOT.jar:/home/user/.m2/repository/org/rocksdb/rocksdbjni/5.14.2/rocksdbjni-5.14.2.jar:/home/user/.m2/repository/org/apache/logging/log4j/log4j-api/2.11.0/log4j-api-2.11.0.jar:/home/user/.m2/repository/org/apache/logging/log4j/log4j-core/2.11.0/log4j-core-2.11.0.jar:/home/user/.m2/repository/com/lmax/disruptor/3.4.2/disruptor-3.4.2.jar:/home/user/.m2/repository/org/apache/commons/commons-pool2/2.6.0/commons-pool2-2.6.0.jar:/home/user/.m2/repository/org/bouncycastle/bcpkix-jdk15on/1.60/bcpkix-jdk15on-1.60.jar:/home/user/.m2/repository/commons-validator/commons-validator/1.6/commons-validator-1.6.jar:/home/user/.m2/repository/commons-digester/commons-digester/1.8.1/commons-digester-1.8.1.jar:/home/user/.m2/repository/io/jaegertracing/jaeger-client/0.33.1/jaeger-client-0.33.1.jar:/home/user/.m2/repository/io/jaegertracing/jaeger-thrift/0.33.1/jaeger-thrift-0.33.1.jar:/home/user/.m2/repository/org/apache/thrift/libthrift/0.11.0/libthrift-0.11.0.jar:/home/user/.m2/repository/com/squareup/okhttp3/okhttp/3.9.0/okhttp-3.9.0.jar:/home/user/.m2/repository/com/squareup/okio/okio/1.13.0/okio-1.13.0.jar:/home/user/.m2/repository/io/jaegertracing/jaeger-core/0.33.1/jaeger-core-0.33.1.jar:/home/user/.m2/repository/io/jaegertracing/jaeger-tracerresolver/0.33.1/jaeger-tracerresolver-0.33.1.jar:/home/user/.m2/repository/io/opentracing/contrib/opentracing-tracerresolver/0.1.5/opentracing-tracerresolver-0.1.5.jar:/home/user/.m2/repository/io/opentracing/opentracing-util/0.31.0/opentracing-util-0.31.0.jar:/home/user/.m2/repository/io/opentracing/opentracing-api/0.31.0/opentracing-api-0.31.0.jar:/home/user/.m2/repository/io/opentracing/opentracing-noop/0.31.0/opentracing-noop-0.31.0.jar:/home/user/.m2/repository/org/yaml/snakeyaml/1.16/snakeyaml-1.16.jar:/opt/src/hadoop-hdds/server-scm/target/classes:/home/user/.m2/repository/org/hamcrest/hamcrest-all/1.3/hamcrest-all-1.3.jar:/opt/src/hadoop-hdds/container-service/target/classes:/opt/src/hadoop-hdds/client/target/classes:/opt/src/hadoop-hdds/tools/target/classes:/home/user/.m2/repository/org/xerial/sqlite-jdbc/3.25.2/sqlite-jdbc-3.25.2.jar:/opt/src/hadoop-ozone/client/target/classes:/home/user/.m2/repository/org/apache/hadoop/hadoop-ozone-filesystem/0.5.0-SNAPSHOT/hadoop-ozone-filesystem-0.5.0-SNAPSHOT.jar:/opt/src/hadoop-hdds/framework/target/classes:/home/user/.m2/repository/info/picocli/picocli/3.9.6/picocli-3.9.6.jar:/home/user/.m2/repository/com/google/protobuf/protobuf-java/2.5.0/protobuf-java-2.5.0.jar:/home/user/.m2/repository/com/google/guava/guava/11.0.2/guava-11.0.2.jar:/home/user/.m2/repository/org/apache/hadoop/hadoop-common/3.2.0/hadoop-common-3.2.0.jar:/home/user/.m2/repository/org/apache/hadoop/hadoop-annotations/3.2.0/hadoop-annotations-3.2.0.jar:/usr/lib/jvm/java-1.8-openjdk/jre/../lib/tools.jar:/home/user/.m2/repository/commons-cli/commons-cli/1.2/commons-cli-1.2.jar:/home/user/.m2/repository/org/apache/commons/commons-math3/3.1.1/commons-math3-3.1.1.jar:/home/user/.m2/repository/org/apache/httpcomponents/httpclient/4.5.2/httpclient-4.5.2.jar:/home/user/.m2/repository/org/apache/httpcomponents/httpcore/4.4.4/httpcore-4.4.4.jar:/home/user/.m2/repository/commons-codec/commons-codec/1.11/commons-codec-1.11.jar:/home/user/.m2/repository/commons-io/commons-io/2.5/commons-io-2.5.jar:/home/user/.m2/repository/commons-net/commons-net/3.6/commons-net-3.6.jar:/home/user/.m2/repository/commons-collections/commons-collections/3.2.2/commons-collections-3.2.2.jar:/home/user/.m2/repository/javax/servlet/javax.servlet-api/3.1.0/javax.servlet-api-3.1.0.jar:/home/user/.m2/repository/org/eclipse/jetty/jetty-server/9.3.24.v20180605/jetty-server-9.3.24.v20180605.jar:/home/user/.m2/repository/org/eclipse/jetty/jetty-http/9.3.24.v20180605/jetty-http-9.3.24.v20180605.jar:/home/user/.m2/repository/org/eclipse/jetty/jetty-io/9.3.24.v20180605/jetty-io-9.3.24.v20180605.jar:/home/user/.m2/repository/org/eclipse/jetty/jetty-util/9.3.24.v20180605/jetty-util-9.3.24.v20180605.jar:/home/user/.m2/repository/org/eclipse/jetty/jetty-servlet/9.3.24.v20180605/jetty-servlet-9.3.24.v20180605.jar:/home/user/.m2/repository/org/eclipse/jetty/jetty-security/9.3.24.v20180605/jetty-security-9.3.24.v20180605.jar:/home/user/.m2/repository/org/eclipse/jetty/jetty-webapp/9.3.24.v20180605/jetty-webapp-9.3.24.v20180605.jar:/home/user/.m2/repository/org/eclipse/jetty/jetty-xml/9.3.24.v20180605/jetty-xml-9.3.24.v20180605.jar:/home/user/.m2/repository/javax/servlet/jsp/jsp-api/2.1/jsp-api-2.1.jar:/home/user/.m2/repository/com/sun/jersey/jersey-core/1.19/jersey-core-1.19.jar:/home/user/.m2/repository/javax/ws/rs/jsr311-api/1.1.1/jsr311-api-1.1.1.jar:/home/user/.m2/repository/com/sun/jersey/jersey-servlet/1.19/jersey-servlet-1.19.jar:/home/user/.m2/repository/com/sun/jersey/jersey-json/1.19/jersey-json-1.19.jar:/home/user/.m2/repository/org/codehaus/jettison/jettison/1.1/jettison-1.1.jar:/home/user/.m2/repository/com/sun/xml/bind/jaxb-impl/2.3.0.1/jaxb-impl-2.3.0.1.jar:/home/user/.m2/repository/org/codehaus/jackson/jackson-core-asl/1.9.13/jackson-core-asl-1.9.13.jar:/home/user/.m2/repository/org/codehaus/jackson/jackson-mapper-asl/1.9.13/jackson-mapper-asl-1.9.13.jar:/home/user/.m2/repository/org/codehaus/jackson/jackson-jaxrs/1.9.13/jackson-jaxrs-1.9.13.jar:/home/user/.m2/repository/org/codehaus/jackson/jackson-xc/1.9.13/jackson-xc-1.9.13.jar:/home/user/.m2/repository/com/sun/jersey/jersey-server/1.19/jersey-server-1.19.jar:/home/user/.m2/repository/commons-logging/commons-logging/1.1.3/commons-logging-1.1.3.jar:/home/user/.m2/repository/log4j/log4j/1.2.17/log4j-1.2.17.jar:/home/user/.m2/repository/commons-beanutils/commons-beanutils/1.9.3/commons-beanutils-1.9.3.jar:/home/user/.m2/repository/org/apache/commons/commons-configuration2/2.1.1/commons-configuration2-2.1.1.jar:/home/user/.m2/repository/org/apache/commons/commons-lang3/3.7/commons-lang3-3.7.jar:/home/user/.m2/repository/org/apache/commons/commons-text/1.4/commons-text-1.4.jar:/home/user/.m2/repository/org/slf4j/slf4j-api/1.7.25/slf4j-api-1.7.25.jar:/home/user/.m2/repository/org/slf4j/slf4j-log4j12/1.7.25/slf4j-log4j12-1.7.25.jar:/home/user/.m2/repository/org/apache/avro/avro/1.7.7/avro-1.7.7.jar:/home/user/.m2/repository/com/thoughtworks/paranamer/paranamer/2.3/paranamer-2.3.jar:/home/user/.m2/repository/org/xerial/snappy/snappy-java/1.0.5/snappy-java-1.0.5.jar:/home/user/.m2/repository/com/google/re2j/re2j/1.1/re2j-1.1.jar:/home/user/.m2/repository/com/google/code/gson/gson/2.2.4/gson-2.2.4.jar:/home/user/.m2/repository/org/apache/hadoop/hadoop-auth/3.2.0/hadoop-auth-3.2.0.jar:/home/user/.m2/repository/com/nimbusds/nimbus-jose-jwt/4.41.1/nimbus-jose-jwt-4.41.1.jar:/home/user/.m2/repository/com/github/stephenc/jcip/jcip-annotations/1.0-1/jcip-annotations-1.0-1.jar:/home/user/.m2/repository/net/minidev/json-smart/2.3/json-smart-2.3.jar:/home/user/.m2/repository/net/minidev/accessors-smart/1.2/accessors-smart-1.2.jar:/home/user/.m2/repository/org/apache/curator/curator-framework/2.12.0/curator-framework-2.12.0.jar:/home/user/.m2/repository/com/jcraft/jsch/0.1.54/jsch-0.1.54.jar:/home/user/.m2/repository/org/apache/curator/curator-client/2.12.0/curator-client-2.12.0.jar:/home/user/.m2/repository/org/apache/curator/curator-recipes/2.12.0/curator-recipes-2.12.0.jar:/home/user/.m2/repository/com/google/code/findbugs/jsr305/3.0.0/jsr305-3.0.0.jar:/home/user/.m2/repository/org/apache/htrace/htrace-core4/4.1.0-incubating/htrace-core4-4.1.0-incubating.jar:/home/user/.m2/repository/org/apache/zookeeper/zookeeper/3.4.13/zookeeper-3.4.13.jar:/home/user/.m2/repository/org/apache/yetus/audience-annotations/0.5.0/audience-annotations-0.5.0.jar:/home/user/.m2/repository/org/apache/kerby/kerb-simplekdc/1.0.1/kerb-simplekdc-1.0.1.jar:/home/user/.m2/repository/org/apache/kerby/kerb-client/1.0.1/kerb-client-1.0.1.jar:/home/user/.m2/repository/org/apache/kerby/kerby-config/1.0.1/kerby-config-1.0.1.jar:/home/user/.m2/repository/org/apache/kerby/kerb-core/1.0.1/kerb-core-1.0.1.jar:/home/user/.m2/repository/org/apache/kerby/kerby-pkix/1.0.1/kerby-pkix-1.0.1.jar:/home/user/.m2/repository/org/apache/kerby/kerby-asn1/1.0.1/kerby-asn1-1.0.1.jar:/home/user/.m2/repository/org/apache/kerby/kerby-util/1.0.1/kerby-util-1.0.1.jar:/home/user/.m2/repository/org/apache/kerby/kerb-common/1.0.1/kerb-common-1.0.1.jar:/home/user/.m2/repository/org/apache/kerby/kerb-crypto/1.0.1/kerb-crypto-1.0.1.jar:/home/user/.m2/repository/org/apache/kerby/kerb-util/1.0.1/kerb-util-1.0.1.jar:/home/user/.m2/repository/org/apache/kerby/token-provider/1.0.1/token-provider-1.0.1.jar:/home/user/.m2/repository/org/apache/kerby/kerb-admin/1.0.1/kerb-admin-1.0.1.jar:/home/user/.m2/repository/org/apache/kerby/kerb-server/1.0.1/kerb-server-1.0.1.jar:/home/user/.m2/repository/org/apache/kerby/kerb-identity/1.0.1/kerb-identity-1.0.1.jar:/home/user/.m2/repository/org/apache/kerby/kerby-xdr/1.0.1/kerby-xdr-1.0.1.jar:/home/user/.m2/repository/com/fasterxml/jackson/core/jackson-databind/2.9.5/jackson-databind-2.9.5.jar:/home/user/.m2/repository/com/fasterxml/jackson/core/jackson-core/2.9.5/jackson-core-2.9.5.jar:/home/user/.m2/repository/org/codehaus/woodstox/stax2-api/3.1.4/stax2-api-3.1.4.jar:/home/user/.m2/repository/com/fasterxml/woodstox/woodstox-core/5.0.3/woodstox-core-5.0.3.jar:/home/user/.m2/repository/dnsjava/dnsjava/2.1.7/dnsjava-2.1.7.jar:/home/user/.m2/repository/org/apache/hadoop/hadoop-hdfs/3.2.0/hadoop-hdfs-3.2.0.jar:/home/user/.m2/repository/org/eclipse/jetty/jetty-util-ajax/9.3.24.v20180605/jetty-util-ajax-9.3.24.v20180605.jar:/home/user/.m2/repository/commons-daemon/commons-daemon/1.0.13/commons-daemon-1.0.13.jar:/home/user/.m2/repository/io/netty/netty/3.10.5.Final/netty-3.10.5.Final.jar:/home/user/.m2/repository/io/netty/netty-all/4.0.52.Final/netty-all-4.0.52.Final.jar:/home/user/.m2/repository/org/fusesource/leveldbjni/leveldbjni-all/1.8/leveldbjni-all-1.8.jar:/home/user/.m2/repository/com/sun/xml/bind/jaxb-core/2.3.0.1/jaxb-core-2.3.0.1.jar:/home/user/.m2/repository/javax/xml/bind/jaxb-api/2.3.0/jaxb-api-2.3.0.jar:/home/user/.m2/repository/javax/activation/activation/1.1.1/activation-1.1.1.jar:/home/user/.m2/repository/io/dropwizard/metrics/metrics-core/3.2.4/metrics-core-3.2.4.jar:/home/user/.m2/repository/org/openjdk/jmh/jmh-core/1.19/jmh-core-1.19.jar:/home/user/.m2/repository/net/sf/jopt-simple/jopt-simple/4.6/jopt-simple-4.6.jar:/home/user/.m2/repository/org/openjdk/jmh/jmh-generator-annprocess/1.19/jmh-generator-annprocess-1.19.jar:/home/user/.m2/repository/com/google/code/findbugs/findbugs/3.0.1/findbugs-3.0.1.jar:/home/user/.m2/repository/net/jcip/jcip-annotations/1.0/jcip-annotations-1.0.jar:/home/user/.m2/repository/com/google/code/findbugs/bcel-findbugs/6.0/bcel-findbugs-6.0.jar:/home/user/.m2/repository/com/google/code/findbugs/jFormatString/2.0.1/jFormatString-2.0.1.jar:/home/user/.m2/repository/dom4j/dom4j/1.6.1/dom4j-1.6.1.jar:/home/user/.m2/repository/xml-apis/xml-apis/1.0.b2/xml-apis-1.0.b2.jar:/home/user/.m2/repository/org/ow2/asm/asm-debug-all/5.0.2/asm-debug-all-5.0.2.jar:/home/user/.m2/repository/org/ow2/asm/asm-commons/5.0.2/asm-commons-5.0.2.jar:/home/user/.m2/repository/org/ow2/asm/asm-tree/5.0.2/asm-tree-5.0.2.jar:/home/user/.m2/repository/org/ow2/asm/asm/5.0.4/asm-5.0.4.jar:/home/user/.m2/repository/commons-lang/commons-lang/2.6/commons-lang-2.6.jar:/home/user/.m2/repository/com/apple/AppleJavaExtensions/1.4/AppleJavaExtensions-1.4.jar:/home/user/.m2/repository/jaxen/jaxen/1.1.6/jaxen-1.1.6.jar:/home/user/.m2/repository/junit/junit/4.11/junit-4.11.jar:/home/user/.m2/repository/org/hamcrest/hamcrest-core/1.3/hamcrest-core-1.3.jar:/home/user/.m2/repository/org/apache/hadoop/hadoop-common/3.2.0/hadoop-common-3.2.0-tests.jar:/home/user/.m2/repository/org/apache/hadoop/hadoop-ozone-integration-test/0.5.0-SNAPSHOT/hadoop-ozone-integration-test-0.5.0-SNAPSHOT-tests.jar:/opt/src/hadoop-ozone/objectstore-service/target/classes:/opt/src/hadoop-ozone/s3gateway/target/classes:/home/user/.m2/repository/org/jboss/weld/servlet/weld-servlet/2.4.7.Final/weld-servlet-2.4.7.Final.jar:/home/user/.m2/repository/org/glassfish/jersey/containers/jersey-container-servlet-core/2.27/jersey-container-servlet-core-2.27.jar:/home/user/.m2/repository/org/glassfish/hk2/external/javax.inject/2.5.0-b42/javax.inject-2.5.0-b42.jar:/home/user/.m2/repository/org/glassfish/jersey/core/jersey-common/2.27/jersey-common-2.27.jar:/home/user/.m2/repository/org/glassfish/hk2/osgi-resource-locator/1.0.1/osgi-resource-locator-1.0.1.jar:/home/user/.m2/repository/javax/ws/rs/javax.ws.rs-api/2.1/javax.ws.rs-api-2.1.jar:/home/user/.m2/repository/org/glassfish/jersey/ext/cdi/jersey-cdi1x/2.27/jersey-cdi1x-2.27.jar:/home/user/.m2/repository/org/glassfish/jersey/inject/jersey-hk2/2.27/jersey-hk2-2.27.jar:/home/user/.m2/repository/org/glassfish/hk2/hk2-locator/2.5.0-b42/hk2-locator-2.5.0-b42.jar:/home/user/.m2/repository/org/javassist/javassist/3.22.0-CR2/javassist-3.22.0-CR2.jar:/home/user/.m2/repository/org/glassfish/hk2/hk2-api/2.5.0/hk2-api-2.5.0.jar:/home/user/.m2/repository/org/glassfish/hk2/external/jakarta.inject/2.5.0/jakarta.inject-2.5.0.jar:/home/user/.m2/repository/org/glassfish/hk2/hk2-utils/2.5.0/hk2-utils-2.5.0.jar:/home/user/.m2/repository/jakarta/annotation/jakarta.annotation-api/1.3.4/jakarta.annotation-api-1.3.4.jar:/home/user/.m2/repository/org/glassfish/hk2/external/aopalliance-repackaged/2.5.0/aopalliance-repackaged-2.5.0.jar:/home/user/.m2/repository/com/fasterxml/jackson/dataformat/jackson-dataformat-xml/2.9.0/jackson-dataformat-xml-2.9.0.jar:/home/user/.m2/repository/com/fasterxml/jackson/module/jackson-module-jaxb-annotations/2.9.5/jackson-module-jaxb-annotations-2.9.5.jar:/home/user/.m2/repository/javax/enterprise/cdi-api/1.2/cdi-api-1.2.jar:/home/user/.m2/repository/javax/el/javax.el-api/3.0.0/javax.el-api-3.0.0.jar:/home/user/.m2/repository/javax/interceptor/javax.interceptor-api/1.2/javax.interceptor-api-1.2.jar:/home/user/.m2/repository/javax/inject/javax.inject/1/javax.inject-1.jar:/opt/src/hadoop-ozone/csi/target/classes:/home/user/.m2/repository/com/google/protobuf/protobuf-java-util/3.5.1/protobuf-java-util-3.5.1.jar:/home/user/.m2/repository/io/grpc/grpc-netty/1.17.1/grpc-netty-1.17.1.jar:/home/user/.m2/repository/io/grpc/grpc-core/1.17.1/grpc-core-1.17.1.jar:/home/user/.m2/repository/io/grpc/grpc-context/1.17.1/grpc-context-1.17.1.jar:/home/user/.m2/repository/com/google/errorprone/error_prone_annotations/2.2.0/error_prone_annotations-2.2.0.jar:/home/user/.m2/repository/org/codehaus/mojo/animal-sniffer-annotations/1.17/animal-sniffer-annotations-1.17.jar:/home/user/.m2/repository/io/opencensus/opencensus-api/0.17.0/opencensus-api-0.17.0.jar:/home/user/.m2/repository/io/opencensus/opencensus-contrib-grpc-metrics/0.17.0/opencensus-contrib-grpc-metrics-0.17.0.jar:/home/user/.m2/repository/io/netty/netty-codec-http2/4.1.30.Final/netty-codec-http2-4.1.30.Final.jar:/home/user/.m2/repository/io/netty/netty-codec-http/4.1.30.Final/netty-codec-http-4.1.30.Final.jar:/home/user/.m2/repository/io/netty/netty-codec/4.1.30.Final/netty-codec-4.1.30.Final.jar:/home/user/.m2/repository/io/netty/netty-handler/4.1.30.Final/netty-handler-4.1.30.Final.jar:/home/user/.m2/repository/io/netty/netty-handler-proxy/4.1.30.Final/netty-handler-proxy-4.1.30.Final.jar:/home/user/.m2/repository/io/netty/netty-codec-socks/4.1.30.Final/netty-codec-socks-4.1.30.Final.jar:/home/user/.m2/repository/io/netty/netty-transport-native-epoll/4.1.30.Final/netty-transport-native-epoll-4.1.30.Final.jar:/home/user/.m2/repository/io/netty/netty-common/4.1.30.Final/netty-common-4.1.30.Final.jar:/home/user/.m2/repository/io/netty/netty-buffer/4.1.30.Final/netty-buffer-4.1.30.Final.jar:/home/user/.m2/repository/io/netty/netty-transport/4.1.30.Final/netty-transport-4.1.30.Final.jar:/home/user/.m2/repository/io/netty/netty-resolver/4.1.30.Final/netty-resolver-4.1.30.Final.jar:/home/user/.m2/repository/io/netty/netty-transport-native-unix-common/4.1.30.Final/netty-transport-native-unix-common-4.1.30.Final.jar:/home/user/.m2/repository/io/grpc/grpc-protobuf/1.17.1/grpc-protobuf-1.17.1.jar:/home/user/.m2/repository/com/google/api/grpc/proto-google-common-protos/1.0.0/proto-google-common-protos-1.0.0.jar:/home/user/.m2/repository/io/grpc/grpc-protobuf-lite/1.17.1/grpc-protobuf-lite-1.17.1.jar:/home/user/.m2/repository/io/grpc/grpc-stub/1.17.1/grpc-stub-1.17.1.jar:/opt/src/hadoop-ozone/ozone-recon/target/classes:/opt/src/hadoop-ozone/ozone-recon-codegen/target/classes:/home/user/.m2/repository/com/google/inject/extensions/guice-multibindings/4.0/guice-multibindings-4.0.jar:/home/user/.m2/repository/com/google/inject/guice/4.0/guice-4.0.jar:/home/user/.m2/repository/aopalliance/aopalliance/1.0/aopalliance-1.0.jar:/home/user/.m2/repository/com/google/inject/extensions/guice-servlet/4.0/guice-servlet-4.0.jar:/home/user/.m2/repository/org/glassfish/jersey/containers/jersey-container-servlet/2.27/jersey-container-servlet-2.27.jar:/home/user/.m2/repository/org/glassfish/hk2/guice-bridge/2.5.0/guice-bridge-2.5.0.jar:/home/user/.m2/repository/org/glassfish/jersey/core/jersey-server/2.27/jersey-server-2.27.jar:/home/user/.m2/repository/org/glassfish/jersey/core/jersey-client/2.27/jersey-client-2.27.jar:/home/user/.m2/repository/org/glassfish/jersey/media/jersey-media-jaxb/2.27/jersey-media-jaxb-2.27.jar:/home/user/.m2/repository/javax/validation/validation-api/1.1.0.Final/validation-api-1.1.0.Final.jar:/home/user/.m2/repository/org/glassfish/jersey/media/jersey-media-json-jackson/2.27/jersey-media-json-jackson-2.27.jar:/home/user/.m2/repository/org/glassfish/jersey/ext/jersey-entity-filtering/2.27/jersey-entity-filtering-2.27.jar:/home/user/.m2/repository/com/google/inject/extensions/guice-assistedinject/4.0/guice-assistedinject-4.0.jar:/home/user/.m2/repository/org/jooq/jooq/3.11.10/jooq-3.11.10.jar:/home/user/.m2/repository/org/jooq/jooq-meta/3.11.10/jooq-meta-3.11.10.jar:/home/user/.m2/repository/org/jooq/jooq-codegen/3.11.10/jooq-codegen-3.11.10.jar:/home/user/.m2/repository/com/jolbox/bonecp/0.8.0.RELEASE/bonecp-0.8.0.RELEASE.jar:/home/user/.m2/repository/org/springframework/spring-jdbc/5.1.3.RELEASE/spring-jdbc-5.1.3.RELEASE.jar:/home/user/.m2/repository/org/springframework/spring-beans/5.1.3.RELEASE/spring-beans-5.1.3.RELEASE.jar:/home/user/.m2/repository/org/springframework/spring-core/5.1.3.RELEASE/spring-core-5.1.3.RELEASE.jar:/home/user/.m2/repository/org/springframework/spring-jcl/5.1.3.RELEASE/spring-jcl-5.1.3.RELEASE.jar:/home/user/.m2/repository/org/springframework/spring-tx/5.1.3.RELEASE/spring-tx-5.1.3.RELEASE.jar:/home/user/.m2/repository/org/mockito/mockito-core/2.15.0/mockito-core-2.15.0.jar:/home/user/.m2/repository/net/bytebuddy/byte-buddy/1.7.9/byte-buddy-1.7.9.jar:/home/user/.m2/repository/net/bytebuddy/byte-buddy-agent/1.7.9/byte-buddy-agent-1.7.9.jar:/home/user/.m2/repository/org/objenesis/objenesis/1.0/objenesis-1.0.jar:"/>
    <property name="java.vm.vendor" value="IcedTea"/>
    <property name="sun.arch.data.model" value="64"/>
    <property name="test.build.dir" value="/opt/src/hadoop-ozone/tools/target/test-dir"/>
    <property name="test.cache.data" value=""/>
    <property name="java.vendor.url" value="https://icedtea.classpath.org"/>
    <property name="user.timezone" value=""/>
    <property name="java.vm.specification.version" value="1.8"/>
    <property name="os.name" value="Linux"/>
    <property name="test.build.data" value="/opt/src/hadoop-ozone/tools/target/test-dir"/>
    <property name="user.country" value="US"/>
    <property name="sun.java.launcher" value="SUN_STANDARD"/>
    <property name="sun.boot.library.path" value="/usr/lib/jvm/java-1.8-openjdk/jre/lib/amd64"/>
    <property name="sun.java.command" value="/opt/src/hadoop-ozone/tools/target/surefire/surefirebooter8898300310737557335.jar /opt/src/hadoop-ozone/tools/target/surefire 2019-06-15T12-50-56_875-jvmRun1 surefire2155174399543177824tmp surefire_896188562063322559464tmp"/>
    <property name="surefire.test.class.path" value="/opt/src/hadoop-ozone/tools/target/test-classes:/opt/src/hadoop-ozone/tools/target/classes:/opt/src/hadoop-ozone/ozone-manager/target/classes:/opt/src/hadoop-hdds/docs/target/classes:/home/user/.m2/repository/org/bouncycastle/bcprov-jdk15on/1.60/bcprov-jdk15on-1.60.jar:/opt/src/hadoop-ozone/common/target/classes:/home/user/.m2/repository/org/apache/commons/commons-compress/1.4.1/commons-compress-1.4.1.jar:/home/user/.m2/repository/org/tukaani/xz/1.0/xz-1.0.jar:/home/user/.m2/repository/org/apache/hadoop/hadoop-hdfs-client/3.2.0/hadoop-hdfs-client-3.2.0.jar:/home/user/.m2/repository/com/fasterxml/jackson/core/jackson-annotations/2.9.5/jackson-annotations-2.9.5.jar:/opt/src/hadoop-hdds/common/target/classes:/opt/src/hadoop-hdds/config/target/classes:/home/user/.m2/repository/javax/annotation/javax.annotation-api/1.2/javax.annotation-api-1.2.jar:/home/user/.m2/repository/org/apache/ratis/ratis-server/0.4.0-fe2b15d-SNAPSHOT/ratis-server-0.4.0-fe2b15d-SNAPSHOT.jar:/home/user/.m2/repository/org/apache/ratis/ratis-thirdparty-misc/0.2.0/ratis-thirdparty-misc-0.2.0.jar:/home/user/.m2/repository/org/apache/ratis/ratis-proto/0.4.0-fe2b15d-SNAPSHOT/ratis-proto-0.4.0-fe2b15d-SNAPSHOT.jar:/home/user/.m2/repository/org/apache/ratis/ratis-common/0.4.0-fe2b15d-SNAPSHOT/ratis-common-0.4.0-fe2b15d-SNAPSHOT.jar:/home/user/.m2/repository/org/apache/ratis/ratis-client/0.4.0-fe2b15d-SNAPSHOT/ratis-client-0.4.0-fe2b15d-SNAPSHOT.jar:/home/user/.m2/repository/org/apache/ratis/ratis-netty/0.4.0-fe2b15d-SNAPSHOT/ratis-netty-0.4.0-fe2b15d-SNAPSHOT.jar:/home/user/.m2/repository/org/apache/ratis/ratis-grpc/0.4.0-fe2b15d-SNAPSHOT/ratis-grpc-0.4.0-fe2b15d-SNAPSHOT.jar:/home/user/.m2/repository/org/rocksdb/rocksdbjni/5.14.2/rocksdbjni-5.14.2.jar:/home/user/.m2/repository/org/apache/logging/log4j/log4j-api/2.11.0/log4j-api-2.11.0.jar:/home/user/.m2/repository/org/apache/logging/log4j/log4j-core/2.11.0/log4j-core-2.11.0.jar:/home/user/.m2/repository/com/lmax/disruptor/3.4.2/disruptor-3.4.2.jar:/home/user/.m2/repository/org/apache/commons/commons-pool2/2.6.0/commons-pool2-2.6.0.jar:/home/user/.m2/repository/org/bouncycastle/bcpkix-jdk15on/1.60/bcpkix-jdk15on-1.60.jar:/home/user/.m2/repository/commons-validator/commons-validator/1.6/commons-validator-1.6.jar:/home/user/.m2/repository/commons-digester/commons-digester/1.8.1/commons-digester-1.8.1.jar:/home/user/.m2/repository/io/jaegertracing/jaeger-client/0.33.1/jaeger-client-0.33.1.jar:/home/user/.m2/repository/io/jaegertracing/jaeger-thrift/0.33.1/jaeger-thrift-0.33.1.jar:/home/user/.m2/repository/org/apache/thrift/libthrift/0.11.0/libthrift-0.11.0.jar:/home/user/.m2/repository/com/squareup/okhttp3/okhttp/3.9.0/okhttp-3.9.0.jar:/home/user/.m2/repository/com/squareup/okio/okio/1.13.0/okio-1.13.0.jar:/home/user/.m2/repository/io/jaegertracing/jaeger-core/0.33.1/jaeger-core-0.33.1.jar:/home/user/.m2/repository/io/jaegertracing/jaeger-tracerresolver/0.33.1/jaeger-tracerresolver-0.33.1.jar:/home/user/.m2/repository/io/opentracing/contrib/opentracing-tracerresolver/0.1.5/opentracing-tracerresolver-0.1.5.jar:/home/user/.m2/repository/io/opentracing/opentracing-util/0.31.0/opentracing-util-0.31.0.jar:/home/user/.m2/repository/io/opentracing/opentracing-api/0.31.0/opentracing-api-0.31.0.jar:/home/user/.m2/repository/io/opentracing/opentracing-noop/0.31.0/opentracing-noop-0.31.0.jar:/home/user/.m2/repository/org/yaml/snakeyaml/1.16/snakeyaml-1.16.jar:/opt/src/hadoop-hdds/server-scm/target/classes:/home/user/.m2/repository/org/hamcrest/hamcrest-all/1.3/hamcrest-all-1.3.jar:/opt/src/hadoop-hdds/container-service/target/classes:/opt/src/hadoop-hdds/client/target/classes:/opt/src/hadoop-hdds/tools/target/classes:/home/user/.m2/repository/org/xerial/sqlite-jdbc/3.25.2/sqlite-jdbc-3.25.2.jar:/opt/src/hadoop-ozone/client/target/classes:/home/user/.m2/repository/org/apache/hadoop/hadoop-ozone-filesystem/0.5.0-SNAPSHOT/hadoop-ozone-filesystem-0.5.0-SNAPSHOT.jar:/opt/src/hadoop-hdds/framework/target/classes:/home/user/.m2/repository/info/picocli/picocli/3.9.6/picocli-3.9.6.jar:/home/user/.m2/repository/com/google/protobuf/protobuf-java/2.5.0/protobuf-java-2.5.0.jar:/home/user/.m2/repository/com/google/guava/guava/11.0.2/guava-11.0.2.jar:/home/user/.m2/repository/org/apache/hadoop/hadoop-common/3.2.0/hadoop-common-3.2.0.jar:/home/user/.m2/repository/org/apache/hadoop/hadoop-annotations/3.2.0/hadoop-annotations-3.2.0.jar:/usr/lib/jvm/java-1.8-openjdk/jre/../lib/tools.jar:/home/user/.m2/repository/commons-cli/commons-cli/1.2/commons-cli-1.2.jar:/home/user/.m2/repository/org/apache/commons/commons-math3/3.1.1/commons-math3-3.1.1.jar:/home/user/.m2/repository/org/apache/httpcomponents/httpclient/4.5.2/httpclient-4.5.2.jar:/home/user/.m2/repository/org/apache/httpcomponents/httpcore/4.4.4/httpcore-4.4.4.jar:/home/user/.m2/repository/commons-codec/commons-codec/1.11/commons-codec-1.11.jar:/home/user/.m2/repository/commons-io/commons-io/2.5/commons-io-2.5.jar:/home/user/.m2/repository/commons-net/commons-net/3.6/commons-net-3.6.jar:/home/user/.m2/repository/commons-collections/commons-collections/3.2.2/commons-collections-3.2.2.jar:/home/user/.m2/repository/javax/servlet/javax.servlet-api/3.1.0/javax.servlet-api-3.1.0.jar:/home/user/.m2/repository/org/eclipse/jetty/jetty-server/9.3.24.v20180605/jetty-server-9.3.24.v20180605.jar:/home/user/.m2/repository/org/eclipse/jetty/jetty-http/9.3.24.v20180605/jetty-http-9.3.24.v20180605.jar:/home/user/.m2/repository/org/eclipse/jetty/jetty-io/9.3.24.v20180605/jetty-io-9.3.24.v20180605.jar:/home/user/.m2/repository/org/eclipse/jetty/jetty-util/9.3.24.v20180605/jetty-util-9.3.24.v20180605.jar:/home/user/.m2/repository/org/eclipse/jetty/jetty-servlet/9.3.24.v20180605/jetty-servlet-9.3.24.v20180605.jar:/home/user/.m2/repository/org/eclipse/jetty/jetty-security/9.3.24.v20180605/jetty-security-9.3.24.v20180605.jar:/home/user/.m2/repository/org/eclipse/jetty/jetty-webapp/9.3.24.v20180605/jetty-webapp-9.3.24.v20180605.jar:/home/user/.m2/repository/org/eclipse/jetty/jetty-xml/9.3.24.v20180605/jetty-xml-9.3.24.v20180605.jar:/home/user/.m2/repository/javax/servlet/jsp/jsp-api/2.1/jsp-api-2.1.jar:/home/user/.m2/repository/com/sun/jersey/jersey-core/1.19/jersey-core-1.19.jar:/home/user/.m2/repository/javax/ws/rs/jsr311-api/1.1.1/jsr311-api-1.1.1.jar:/home/user/.m2/repository/com/sun/jersey/jersey-servlet/1.19/jersey-servlet-1.19.jar:/home/user/.m2/repository/com/sun/jersey/jersey-json/1.19/jersey-json-1.19.jar:/home/user/.m2/repository/org/codehaus/jettison/jettison/1.1/jettison-1.1.jar:/home/user/.m2/repository/com/sun/xml/bind/jaxb-impl/2.3.0.1/jaxb-impl-2.3.0.1.jar:/home/user/.m2/repository/org/codehaus/jackson/jackson-core-asl/1.9.13/jackson-core-asl-1.9.13.jar:/home/user/.m2/repository/org/codehaus/jackson/jackson-mapper-asl/1.9.13/jackson-mapper-asl-1.9.13.jar:/home/user/.m2/repository/org/codehaus/jackson/jackson-jaxrs/1.9.13/jackson-jaxrs-1.9.13.jar:/home/user/.m2/repository/org/codehaus/jackson/jackson-xc/1.9.13/jackson-xc-1.9.13.jar:/home/user/.m2/repository/com/sun/jersey/jersey-server/1.19/jersey-server-1.19.jar:/home/user/.m2/repository/commons-logging/commons-logging/1.1.3/commons-logging-1.1.3.jar:/home/user/.m2/repository/log4j/log4j/1.2.17/log4j-1.2.17.jar:/home/user/.m2/repository/commons-beanutils/commons-beanutils/1.9.3/commons-beanutils-1.9.3.jar:/home/user/.m2/repository/org/apache/commons/commons-configuration2/2.1.1/commons-configuration2-2.1.1.jar:/home/user/.m2/repository/org/apache/commons/commons-lang3/3.7/commons-lang3-3.7.jar:/home/user/.m2/repository/org/apache/commons/commons-text/1.4/commons-text-1.4.jar:/home/user/.m2/repository/org/slf4j/slf4j-api/1.7.25/slf4j-api-1.7.25.jar:/home/user/.m2/repository/org/slf4j/slf4j-log4j12/1.7.25/slf4j-log4j12-1.7.25.jar:/home/user/.m2/repository/org/apache/avro/avro/1.7.7/avro-1.7.7.jar:/home/user/.m2/repository/com/thoughtworks/paranamer/paranamer/2.3/paranamer-2.3.jar:/home/user/.m2/repository/org/xerial/snappy/snappy-java/1.0.5/snappy-java-1.0.5.jar:/home/user/.m2/repository/com/google/re2j/re2j/1.1/re2j-1.1.jar:/home/user/.m2/repository/com/google/code/gson/gson/2.2.4/gson-2.2.4.jar:/home/user/.m2/repository/org/apache/hadoop/hadoop-auth/3.2.0/hadoop-auth-3.2.0.jar:/home/user/.m2/repository/com/nimbusds/nimbus-jose-jwt/4.41.1/nimbus-jose-jwt-4.41.1.jar:/home/user/.m2/repository/com/github/stephenc/jcip/jcip-annotations/1.0-1/jcip-annotations-1.0-1.jar:/home/user/.m2/repository/net/minidev/json-smart/2.3/json-smart-2.3.jar:/home/user/.m2/repository/net/minidev/accessors-smart/1.2/accessors-smart-1.2.jar:/home/user/.m2/repository/org/apache/curator/curator-framework/2.12.0/curator-framework-2.12.0.jar:/home/user/.m2/repository/com/jcraft/jsch/0.1.54/jsch-0.1.54.jar:/home/user/.m2/repository/org/apache/curator/curator-client/2.12.0/curator-client-2.12.0.jar:/home/user/.m2/repository/org/apache/curator/curator-recipes/2.12.0/curator-recipes-2.12.0.jar:/home/user/.m2/repository/com/google/code/findbugs/jsr305/3.0.0/jsr305-3.0.0.jar:/home/user/.m2/repository/org/apache/htrace/htrace-core4/4.1.0-incubating/htrace-core4-4.1.0-incubating.jar:/home/user/.m2/repository/org/apache/zookeeper/zookeeper/3.4.13/zookeeper-3.4.13.jar:/home/user/.m2/repository/org/apache/yetus/audience-annotations/0.5.0/audience-annotations-0.5.0.jar:/home/user/.m2/repository/org/apache/kerby/kerb-simplekdc/1.0.1/kerb-simplekdc-1.0.1.jar:/home/user/.m2/repository/org/apache/kerby/kerb-client/1.0.1/kerb-client-1.0.1.jar:/home/user/.m2/repository/org/apache/kerby/kerby-config/1.0.1/kerby-config-1.0.1.jar:/home/user/.m2/repository/org/apache/kerby/kerb-core/1.0.1/kerb-core-1.0.1.jar:/home/user/.m2/repository/org/apache/kerby/kerby-pkix/1.0.1/kerby-pkix-1.0.1.jar:/home/user/.m2/repository/org/apache/kerby/kerby-asn1/1.0.1/kerby-asn1-1.0.1.jar:/home/user/.m2/repository/org/apache/kerby/kerby-util/1.0.1/kerby-util-1.0.1.jar:/home/user/.m2/repository/org/apache/kerby/kerb-common/1.0.1/kerb-common-1.0.1.jar:/home/user/.m2/repository/org/apache/kerby/kerb-crypto/1.0.1/kerb-crypto-1.0.1.jar:/home/user/.m2/repository/org/apache/kerby/kerb-util/1.0.1/kerb-util-1.0.1.jar:/home/user/.m2/repository/org/apache/kerby/token-provider/1.0.1/token-provider-1.0.1.jar:/home/user/.m2/repository/org/apache/kerby/kerb-admin/1.0.1/kerb-admin-1.0.1.jar:/home/user/.m2/repository/org/apache/kerby/kerb-server/1.0.1/kerb-server-1.0.1.jar:/home/user/.m2/repository/org/apache/kerby/kerb-identity/1.0.1/kerb-identity-1.0.1.jar:/home/user/.m2/repository/org/apache/kerby/kerby-xdr/1.0.1/kerby-xdr-1.0.1.jar:/home/user/.m2/repository/com/fasterxml/jackson/core/jackson-databind/2.9.5/jackson-databind-2.9.5.jar:/home/user/.m2/repository/com/fasterxml/jackson/core/jackson-core/2.9.5/jackson-core-2.9.5.jar:/home/user/.m2/repository/org/codehaus/woodstox/stax2-api/3.1.4/stax2-api-3.1.4.jar:/home/user/.m2/repository/com/fasterxml/woodstox/woodstox-core/5.0.3/woodstox-core-5.0.3.jar:/home/user/.m2/repository/dnsjava/dnsjava/2.1.7/dnsjava-2.1.7.jar:/home/user/.m2/repository/org/apache/hadoop/hadoop-hdfs/3.2.0/hadoop-hdfs-3.2.0.jar:/home/user/.m2/repository/org/eclipse/jetty/jetty-util-ajax/9.3.24.v20180605/jetty-util-ajax-9.3.24.v20180605.jar:/home/user/.m2/repository/commons-daemon/commons-daemon/1.0.13/commons-daemon-1.0.13.jar:/home/user/.m2/repository/io/netty/netty/3.10.5.Final/netty-3.10.5.Final.jar:/home/user/.m2/repository/io/netty/netty-all/4.0.52.Final/netty-all-4.0.52.Final.jar:/home/user/.m2/repository/org/fusesource/leveldbjni/leveldbjni-all/1.8/leveldbjni-all-1.8.jar:/home/user/.m2/repository/com/sun/xml/bind/jaxb-core/2.3.0.1/jaxb-core-2.3.0.1.jar:/home/user/.m2/repository/javax/xml/bind/jaxb-api/2.3.0/jaxb-api-2.3.0.jar:/home/user/.m2/repository/javax/activation/activation/1.1.1/activation-1.1.1.jar:/home/user/.m2/repository/io/dropwizard/metrics/metrics-core/3.2.4/metrics-core-3.2.4.jar:/home/user/.m2/repository/org/openjdk/jmh/jmh-core/1.19/jmh-core-1.19.jar:/home/user/.m2/repository/net/sf/jopt-simple/jopt-simple/4.6/jopt-simple-4.6.jar:/home/user/.m2/repository/org/openjdk/jmh/jmh-generator-annprocess/1.19/jmh-generator-annprocess-1.19.jar:/home/user/.m2/repository/com/google/code/findbugs/findbugs/3.0.1/findbugs-3.0.1.jar:/home/user/.m2/repository/net/jcip/jcip-annotations/1.0/jcip-annotations-1.0.jar:/home/user/.m2/repository/com/google/code/findbugs/bcel-findbugs/6.0/bcel-findbugs-6.0.jar:/home/user/.m2/repository/com/google/code/findbugs/jFormatString/2.0.1/jFormatString-2.0.1.jar:/home/user/.m2/repository/dom4j/dom4j/1.6.1/dom4j-1.6.1.jar:/home/user/.m2/repository/xml-apis/xml-apis/1.0.b2/xml-apis-1.0.b2.jar:/home/user/.m2/repository/org/ow2/asm/asm-debug-all/5.0.2/asm-debug-all-5.0.2.jar:/home/user/.m2/repository/org/ow2/asm/asm-commons/5.0.2/asm-commons-5.0.2.jar:/home/user/.m2/repository/org/ow2/asm/asm-tree/5.0.2/asm-tree-5.0.2.jar:/home/user/.m2/repository/org/ow2/asm/asm/5.0.4/asm-5.0.4.jar:/home/user/.m2/repository/commons-lang/commons-lang/2.6/commons-lang-2.6.jar:/home/user/.m2/repository/com/apple/AppleJavaExtensions/1.4/AppleJavaExtensions-1.4.jar:/home/user/.m2/repository/jaxen/jaxen/1.1.6/jaxen-1.1.6.jar:/home/user/.m2/repository/junit/junit/4.11/junit-4.11.jar:/home/user/.m2/repository/org/hamcrest/hamcrest-core/1.3/hamcrest-core-1.3.jar:/home/user/.m2/repository/org/apache/hadoop/hadoop-common/3.2.0/hadoop-common-3.2.0-tests.jar:/home/user/.m2/repository/org/apache/hadoop/hadoop-ozone-integration-test/0.5.0-SNAPSHOT/hadoop-ozone-integration-test-0.5.0-SNAPSHOT-tests.jar:/opt/src/hadoop-ozone/objectstore-service/target/classes:/opt/src/hadoop-ozone/s3gateway/target/classes:/home/user/.m2/repository/org/jboss/weld/servlet/weld-servlet/2.4.7.Final/weld-servlet-2.4.7.Final.jar:/home/user/.m2/repository/org/glassfish/jersey/containers/jersey-container-servlet-core/2.27/jersey-container-servlet-core-2.27.jar:/home/user/.m2/repository/org/glassfish/hk2/external/javax.inject/2.5.0-b42/javax.inject-2.5.0-b42.jar:/home/user/.m2/repository/org/glassfish/jersey/core/jersey-common/2.27/jersey-common-2.27.jar:/home/user/.m2/repository/org/glassfish/hk2/osgi-resource-locator/1.0.1/osgi-resource-locator-1.0.1.jar:/home/user/.m2/repository/javax/ws/rs/javax.ws.rs-api/2.1/javax.ws.rs-api-2.1.jar:/home/user/.m2/repository/org/glassfish/jersey/ext/cdi/jersey-cdi1x/2.27/jersey-cdi1x-2.27.jar:/home/user/.m2/repository/org/glassfish/jersey/inject/jersey-hk2/2.27/jersey-hk2-2.27.jar:/home/user/.m2/repository/org/glassfish/hk2/hk2-locator/2.5.0-b42/hk2-locator-2.5.0-b42.jar:/home/user/.m2/repository/org/javassist/javassist/3.22.0-CR2/javassist-3.22.0-CR2.jar:/home/user/.m2/repository/org/glassfish/hk2/hk2-api/2.5.0/hk2-api-2.5.0.jar:/home/user/.m2/repository/org/glassfish/hk2/external/jakarta.inject/2.5.0/jakarta.inject-2.5.0.jar:/home/user/.m2/repository/org/glassfish/hk2/hk2-utils/2.5.0/hk2-utils-2.5.0.jar:/home/user/.m2/repository/jakarta/annotation/jakarta.annotation-api/1.3.4/jakarta.annotation-api-1.3.4.jar:/home/user/.m2/repository/org/glassfish/hk2/external/aopalliance-repackaged/2.5.0/aopalliance-repackaged-2.5.0.jar:/home/user/.m2/repository/com/fasterxml/jackson/dataformat/jackson-dataformat-xml/2.9.0/jackson-dataformat-xml-2.9.0.jar:/home/user/.m2/repository/com/fasterxml/jackson/module/jackson-module-jaxb-annotations/2.9.5/jackson-module-jaxb-annotations-2.9.5.jar:/home/user/.m2/repository/javax/enterprise/cdi-api/1.2/cdi-api-1.2.jar:/home/user/.m2/repository/javax/el/javax.el-api/3.0.0/javax.el-api-3.0.0.jar:/home/user/.m2/repository/javax/interceptor/javax.interceptor-api/1.2/javax.interceptor-api-1.2.jar:/home/user/.m2/repository/javax/inject/javax.inject/1/javax.inject-1.jar:/opt/src/hadoop-ozone/csi/target/classes:/home/user/.m2/repository/com/google/protobuf/protobuf-java-util/3.5.1/protobuf-java-util-3.5.1.jar:/home/user/.m2/repository/io/grpc/grpc-netty/1.17.1/grpc-netty-1.17.1.jar:/home/user/.m2/repository/io/grpc/grpc-core/1.17.1/grpc-core-1.17.1.jar:/home/user/.m2/repository/io/grpc/grpc-context/1.17.1/grpc-context-1.17.1.jar:/home/user/.m2/repository/com/google/errorprone/error_prone_annotations/2.2.0/error_prone_annotations-2.2.0.jar:/home/user/.m2/repository/org/codehaus/mojo/animal-sniffer-annotations/1.17/animal-sniffer-annotations-1.17.jar:/home/user/.m2/repository/io/opencensus/opencensus-api/0.17.0/opencensus-api-0.17.0.jar:/home/user/.m2/repository/io/opencensus/opencensus-contrib-grpc-metrics/0.17.0/opencensus-contrib-grpc-metrics-0.17.0.jar:/home/user/.m2/repository/io/netty/netty-codec-http2/4.1.30.Final/netty-codec-http2-4.1.30.Final.jar:/home/user/.m2/repository/io/netty/netty-codec-http/4.1.30.Final/netty-codec-http-4.1.30.Final.jar:/home/user/.m2/repository/io/netty/netty-codec/4.1.30.Final/netty-codec-4.1.30.Final.jar:/home/user/.m2/repository/io/netty/netty-handler/4.1.30.Final/netty-handler-4.1.30.Final.jar:/home/user/.m2/repository/io/netty/netty-handler-proxy/4.1.30.Final/netty-handler-proxy-4.1.30.Final.jar:/home/user/.m2/repository/io/netty/netty-codec-socks/4.1.30.Final/netty-codec-socks-4.1.30.Final.jar:/home/user/.m2/repository/io/netty/netty-transport-native-epoll/4.1.30.Final/netty-transport-native-epoll-4.1.30.Final.jar:/home/user/.m2/repository/io/netty/netty-common/4.1.30.Final/netty-common-4.1.30.Final.jar:/home/user/.m2/repository/io/netty/netty-buffer/4.1.30.Final/netty-buffer-4.1.30.Final.jar:/home/user/.m2/repository/io/netty/netty-transport/4.1.30.Final/netty-transport-4.1.30.Final.jar:/home/user/.m2/repository/io/netty/netty-resolver/4.1.30.Final/netty-resolver-4.1.30.Final.jar:/home/user/.m2/repository/io/netty/netty-transport-native-unix-common/4.1.30.Final/netty-transport-native-unix-common-4.1.30.Final.jar:/home/user/.m2/repository/io/grpc/grpc-protobuf/1.17.1/grpc-protobuf-1.17.1.jar:/home/user/.m2/repository/com/google/api/grpc/proto-google-common-protos/1.0.0/proto-google-common-protos-1.0.0.jar:/home/user/.m2/repository/io/grpc/grpc-protobuf-lite/1.17.1/grpc-protobuf-lite-1.17.1.jar:/home/user/.m2/repository/io/grpc/grpc-stub/1.17.1/grpc-stub-1.17.1.jar:/opt/src/hadoop-ozone/ozone-recon/target/classes:/opt/src/hadoop-ozone/ozone-recon-codegen/target/classes:/home/user/.m2/repository/com/google/inject/extensions/guice-multibindings/4.0/guice-multibindings-4.0.jar:/home/user/.m2/repository/com/google/inject/guice/4.0/guice-4.0.jar:/home/user/.m2/repository/aopalliance/aopalliance/1.0/aopalliance-1.0.jar:/home/user/.m2/repository/com/google/inject/extensions/guice-servlet/4.0/guice-servlet-4.0.jar:/home/user/.m2/repository/org/glassfish/jersey/containers/jersey-container-servlet/2.27/jersey-container-servlet-2.27.jar:/home/user/.m2/repository/org/glassfish/hk2/guice-bridge/2.5.0/guice-bridge-2.5.0.jar:/home/user/.m2/repository/org/glassfish/jersey/core/jersey-server/2.27/jersey-server-2.27.jar:/home/user/.m2/repository/org/glassfish/jersey/core/jersey-client/2.27/jersey-client-2.27.jar:/home/user/.m2/repository/org/glassfish/jersey/media/jersey-media-jaxb/2.27/jersey-media-jaxb-2.27.jar:/home/user/.m2/repository/javax/validation/validation-api/1.1.0.Final/validation-api-1.1.0.Final.jar:/home/user/.m2/repository/org/glassfish/jersey/media/jersey-media-json-jackson/2.27/jersey-media-json-jackson-2.27.jar:/home/user/.m2/repository/org/glassfish/jersey/ext/jersey-entity-filtering/2.27/jersey-entity-filtering-2.27.jar:/home/user/.m2/repository/com/google/inject/extensions/guice-assistedinject/4.0/guice-assistedinject-4.0.jar:/home/user/.m2/repository/org/jooq/jooq/3.11.10/jooq-3.11.10.jar:/home/user/.m2/repository/org/jooq/jooq-meta/3.11.10/jooq-meta-3.11.10.jar:/home/user/.m2/repository/org/jooq/jooq-codegen/3.11.10/jooq-codegen-3.11.10.jar:/home/user/.m2/repository/com/jolbox/bonecp/0.8.0.RELEASE/bonecp-0.8.0.RELEASE.jar:/home/user/.m2/repository/org/springframework/spring-jdbc/5.1.3.RELEASE/spring-jdbc-5.1.3.RELEASE.jar:/home/user/.m2/repository/org/springframework/spring-beans/5.1.3.RELEASE/spring-beans-5.1.3.RELEASE.jar:/home/user/.m2/repository/org/springframework/spring-core/5.1.3.RELEASE/spring-core-5.1.3.RELEASE.jar:/home/user/.m2/repository/org/springframework/spring-jcl/5.1.3.RELEASE/spring-jcl-5.1.3.RELEASE.jar:/home/user/.m2/repository/org/springframework/spring-tx/5.1.3.RELEASE/spring-tx-5.1.3.RELEASE.jar:/home/user/.m2/repository/org/mockito/mockito-core/2.15.0/mockito-core-2.15.0.jar:/home/user/.m2/repository/net/bytebuddy/byte-buddy/1.7.9/byte-buddy-1.7.9.jar:/home/user/.m2/repository/net/bytebuddy/byte-buddy-agent/1.7.9/byte-buddy-agent-1.7.9.jar:/home/user/.m2/repository/org/objenesis/objenesis/1.0/objenesis-1.0.jar:"/>
    <property name="sun.cpu.endian" value="little"/>
    <property name="user.home" value="/home/user"/>
    <property name="user.language" value="en"/>
    <property name="java.specification.vendor" value="Oracle Corporation"/>
    <property name="java.home" value="/usr/lib/jvm/java-1.8-openjdk/jre"/>
    <property name="java.security.krb5.conf" value="/opt/src/hadoop-ozone/tools/target/test-classes/krb5.conf"/>
    <property name="basedir" value="/opt/src/hadoop-ozone/tools"/>
    <property name="file.separator" value="/"/>
    <property name="line.separator" value="&#10;"/>
    <property name="java.vm.specification.vendor" value="Oracle Corporation"/>
    <property name="java.specification.name" value="Java Platform API Specification"/>
    <property name="java.awt.graphicsenv" value="sun.awt.X11GraphicsEnvironment"/>
    <property name="surefire.real.class.path" value="/opt/src/hadoop-ozone/tools/target/surefire/surefirebooter8898300310737557335.jar"/>
    <property name="hadoop.log.dir" value="/opt/src/hadoop-ozone/tools/target/log"/>
    <property name="sun.boot.class.path" value="/usr/lib/jvm/java-1.8-openjdk/jre/lib/resources.jar:/usr/lib/jvm/java-1.8-openjdk/jre/lib/rt.jar:/usr/lib/jvm/java-1.8-openjdk/jre/lib/sunrsasign.jar:/usr/lib/jvm/java-1.8-openjdk/jre/lib/jsse.jar:/usr/lib/jvm/java-1.8-openjdk/jre/lib/jce.jar:/usr/lib/jvm/java-1.8-openjdk/jre/lib/charsets.jar:/usr/lib/jvm/java-1.8-openjdk/jre/lib/jfr.jar:/usr/lib/jvm/java-1.8-openjdk/jre/classes"/>
    <property name="sun.management.compiler" value="HotSpot 64-Bit Tiered Compilers"/>
    <property name="java.runtime.version" value="1.8.0_212-b04"/>
    <property name="java.net.preferIPv4Stack" value="true"/>
    <property name="user.name" value="jenkins1000"/>
    <property name="path.separator" value=":"/>
    <property name="java.security.egd" value="file:///dev/urandom"/>
    <property name="os.version" value="4.15.0-1021-aws"/>
    <property name="java.endorsed.dirs" value="/usr/lib/jvm/java-1.8-openjdk/jre/lib/endorsed"/>
    <property name="java.runtime.name" value="OpenJDK Runtime Environment"/>
    <property name="file.encoding" value="UTF-8"/>
    <property name="java.vm.name" value="OpenJDK 64-Bit Server VM"/>
    <property name="test.build.webapps" value=""/>
    <property name="localRepository" value="/home/user/.m2/repository"/>
    <property name="java.vendor.url.bug" value="https://icedtea.classpath.org/bugzilla"/>
    <property name="java.io.tmpdir" value="/tmp"/>
    <property name="require.test.libhadoop" value=""/>
    <property name="java.version" value="1.8.0_212"/>
    <property name="user.dir" value="/opt/src/hadoop-ozone/tools"/>
    <property name="os.arch" value="amd64"/>
    <property name="java.vm.specification.name" value="Java Virtual Machine Specification"/>
    <property name="test.build.classes" value="/opt/src/hadoop-ozone/tools/target/test-classes"/>
    <property name="java.awt.printerjob" value="sun.print.PSPrinterJob"/>
    <property name="sun.os.patch.level" value="unknown"/>
    <property name="hadoop.tmp.dir" value="/opt/src/hadoop-ozone/tools/target/tmp"/>
    <property name="java.library.path" value="/usr/lib/jvm/java-1.8-openjdk/jre/lib/amd64/server:/usr/lib/jvm/java-1.8-openjdk/jre/lib/amd64:/usr/lib/jvm/java-1.8-openjdk/jre/../lib/amd64:/opt/src/hadoop-ozone/tools/target/native/target/usr/local/lib:/opt/src/hadoop-ozone/tools/../../hadoop-common-project/hadoop-common/target/native/target/usr/local/lib:/usr/java/packages/lib/amd64:/usr/lib64:/lib64:/lib:/usr/lib"/>
    <property name="java.vm.info" value="mixed mode"/>
    <property name="java.vendor" value="IcedTea"/>
    <property name="java.vm.version" value="25.212-b04"/>
    <property name="java.ext.dirs" value="/usr/lib/jvm/java-1.8-openjdk/jre/lib/ext:/usr/java/packages/lib/ext"/>
    <property name="sun.io.unicode.encoding" value="UnicodeLittle"/>
    <property name="java.class.version" value="52.0"/>
  </properties>
  <testcase name="testRestart" classname="org.apache.hadoop.ozone.freon.TestFreonWithPipelineDestroy" time="11.957">
    <error message="Unexpected Storage Container Exception: org.apache.hadoop.hdds.scm.container.common.helpers.StorageContainerException: ContainerID 6 does not exist" type="java.io.IOException">java.io.IOException: Unexpected Storage Container Exception: org.apache.hadoop.hdds.scm.container.common.helpers.StorageContainerException: ContainerID 6 does not exist
	at org.apache.hadoop.hdds.scm.storage.BlockOutputStream.setIoException(BlockOutputStream.java:548)
	at org.apache.hadoop.hdds.scm.storage.BlockOutputStream.validateResponse(BlockOutputStream.java:539)
	at org.apache.hadoop.hdds.scm.storage.BlockOutputStream.lambda$writeChunkToContainer$2(BlockOutputStream.java:614)
	at java.util.concurrent.CompletableFuture.uniApply(CompletableFuture.java:602)
	at java.util.concurrent.CompletableFuture$UniApply.tryFire(CompletableFuture.java:577)
	at java.util.concurrent.CompletableFuture$Completion.run(CompletableFuture.java:442)
	at java.util.concurrent.ThreadPoolExecutor.runWorker(ThreadPoolExecutor.java:1149)
	at java.util.concurrent.ThreadPoolExecutor$Worker.run(ThreadPoolExecutor.java:624)
	at java.lang.Thread.run(Thread.java:748)
Caused by: org.apache.hadoop.hdds.scm.container.common.helpers.StorageContainerException: ContainerID 6 does not exist
	at org.apache.hadoop.hdds.scm.storage.ContainerProtocolCalls.validateContainerResponse(ContainerProtocolCalls.java:536)
	at org.apache.hadoop.hdds.scm.storage.BlockOutputStream.validateResponse(BlockOutputStream.java:536)
	... 7 more
</error>
    <system-out><![CDATA[2019-06-15 12:54:55,690 WARN  server.ServerUtils (ServerUtils.java:getScmDbDir(145)) - ozone.scm.db.dirs is not configured. We recommend adding this setting. Falling back to ozone.metadata.dirs instead.
2019-06-15 12:54:55,767 WARN  server.ServerUtils (ServerUtils.java:getScmDbDir(145)) - ozone.scm.db.dirs is not configured. We recommend adding this setting. Falling back to ozone.metadata.dirs instead.
2019-06-15 12:54:55,769 WARN  server.ServerUtils (ServerUtils.java:getScmDbDir(145)) - ozone.scm.db.dirs is not configured. We recommend adding this setting. Falling back to ozone.metadata.dirs instead.
2019-06-15 12:54:55,784 INFO  util.log (Log.java:initialized(192)) - Logging initialized @738ms
2019-06-15 12:54:55,867 INFO  db.DBStoreBuilder (DBStoreBuilder.java:addTable(110)) - using custom profile for table: deletedBlocks
2019-06-15 12:54:55,867 INFO  db.DBStoreBuilder (DBStoreBuilder.java:processTables(161)) - Using default column profile:DBProfile.DISK for Table:deletedBlocks
2019-06-15 12:54:55,868 INFO  db.DBStoreBuilder (DBStoreBuilder.java:addTable(110)) - using custom profile for table: validCerts
2019-06-15 12:54:55,868 INFO  db.DBStoreBuilder (DBStoreBuilder.java:processTables(161)) - Using default column profile:DBProfile.DISK for Table:validCerts
2019-06-15 12:54:55,868 INFO  db.DBStoreBuilder (DBStoreBuilder.java:addTable(110)) - using custom profile for table: revokedCerts
2019-06-15 12:54:55,869 INFO  db.DBStoreBuilder (DBStoreBuilder.java:processTables(161)) - Using default column profile:DBProfile.DISK for Table:revokedCerts
2019-06-15 12:54:55,878 INFO  db.DBStoreBuilder (DBStoreBuilder.java:addTable(110)) - using custom profile for table: default
2019-06-15 12:54:55,878 INFO  db.DBStoreBuilder (DBStoreBuilder.java:processTables(167)) - Using default column profile:DBProfile.DISK for Table:default
2019-06-15 12:54:55,880 INFO  db.DBStoreBuilder (DBStoreBuilder.java:getDbProfile(198)) - Using default options. DBProfile.DISK
2019-06-15 12:54:55,932 INFO  net.NodeSchemaLoader (NodeSchemaLoader.java:loadSchemaFromFile(125)) - Loading file from sun.misc.CompoundEnumeration@2f112965
2019-06-15 12:54:55,933 INFO  net.NodeSchemaLoader (NodeSchemaLoader.java:loadSchema(171)) - Loading network topology layer schema file
2019-06-15 12:54:55,987 INFO  node.SCMNodeManager (SCMNodeManager.java:<init>(119)) - Entering startup safe mode.
2019-06-15 12:54:56,058 WARN  server.ServerUtils (ServerUtils.java:getScmDbDir(145)) - ozone.scm.db.dirs is not configured. We recommend adding this setting. Falling back to ozone.metadata.dirs instead.
2019-06-15 12:54:56,076 INFO  pipeline.SCMPipelineManager (SCMPipelineManager.java:initializePipelineState(126)) - No pipeline exists in current db
2019-06-15 12:54:56,078 WARN  server.ServerUtils (ServerUtils.java:getScmDbDir(145)) - ozone.scm.db.dirs is not configured. We recommend adding this setting. Falling back to ozone.metadata.dirs instead.
2019-06-15 12:54:56,124 WARN  events.EventQueue (EventQueue.java:fireEvent(175)) - No event handler registered for event TypedEvent{payloadType=SafeModeStatus, name='SafeModeStatus'}
2019-06-15 12:54:56,445 INFO  ipc.CallQueueManager (CallQueueManager.java:<init>(84)) - Using callQueue: class java.util.concurrent.LinkedBlockingQueue, queueCapacity: 2000, scheduler: class org.apache.hadoop.ipc.DefaultRpcScheduler, ipcBackoff: false.
2019-06-15 12:54:56,465 INFO  ipc.Server (Server.java:run(1074)) - Starting Socket Reader #1 for port 43201
2019-06-15 12:54:56,484 INFO  ipc.CallQueueManager (CallQueueManager.java:<init>(84)) - Using callQueue: class java.util.concurrent.LinkedBlockingQueue, queueCapacity: 2000, scheduler: class org.apache.hadoop.ipc.DefaultRpcScheduler, ipcBackoff: false.
2019-06-15 12:54:56,485 INFO  ipc.Server (Server.java:run(1074)) - Starting Socket Reader #1 for port 45109
2019-06-15 12:54:56,490 INFO  ipc.CallQueueManager (CallQueueManager.java:<init>(84)) - Using callQueue: class java.util.concurrent.LinkedBlockingQueue, queueCapacity: 2000, scheduler: class org.apache.hadoop.ipc.DefaultRpcScheduler, ipcBackoff: false.
2019-06-15 12:54:56,490 INFO  ipc.Server (Server.java:run(1074)) - Starting Socket Reader #1 for port 42253
2019-06-15 12:54:56,507 INFO  hdfs.DFSUtil (DFSUtil.java:httpServerTemplateForNNAndJN(1641)) - Starting Web-server for scm at: http://0.0.0.0:0
2019-06-15 12:54:56,642 INFO  server.AuthenticationFilter (AuthenticationFilter.java:constructSecretProvider(240)) - Unable to initialize FileSignerSecretProvider, falling back to use random secrets.
2019-06-15 12:54:56,654 WARN  http.HttpRequestLog (HttpRequestLog.java:getRequestLog(97)) - Jetty request log can only be enabled using Log4j
2019-06-15 12:54:56,660 INFO  http.HttpServer2 (HttpServer2.java:addGlobalFilter(975)) - Added global filter 'safety' (class=org.apache.hadoop.http.HttpServer2$QuotingInputFilter)
2019-06-15 12:54:56,662 INFO  http.HttpServer2 (HttpServer2.java:addFilter(948)) - Added filter static_user_filter (class=org.apache.hadoop.http.lib.StaticUserWebFilter$StaticUserFilter) to context scm
2019-06-15 12:54:56,662 INFO  http.HttpServer2 (HttpServer2.java:addFilter(958)) - Added filter static_user_filter (class=org.apache.hadoop.http.lib.StaticUserWebFilter$StaticUserFilter) to context logs
2019-06-15 12:54:56,662 INFO  http.HttpServer2 (HttpServer2.java:addFilter(958)) - Added filter static_user_filter (class=org.apache.hadoop.http.lib.StaticUserWebFilter$StaticUserFilter) to context static
2019-06-15 12:54:56,681 INFO  server.StorageContainerManager (StorageContainerManager.java:start(753)) - StorageContainerLocationProtocol RPC server is listening at /0.0.0.0:42253
2019-06-15 12:54:56,720 WARN  impl.MetricsConfig (MetricsConfig.java:loadFirst(134)) - Cannot locate configuration: tried hadoop-metrics2-storagecontainermanager.properties,hadoop-metrics2.properties
2019-06-15 12:54:56,737 INFO  impl.MetricsSystemImpl (MetricsSystemImpl.java:startTimer(374)) - Scheduled Metric snapshot period at 10 second(s).
2019-06-15 12:54:56,737 INFO  impl.MetricsSystemImpl (MetricsSystemImpl.java:start(191)) - StorageContainerManager metrics system started
2019-06-15 12:54:56,924 INFO  server.SCMClientProtocolServer (SCMClientProtocolServer.java:start(149)) - RPC server for Client  is listening at /0.0.0.0:42253
2019-06-15 12:54:56,930 INFO  ipc.Server (Server.java:run(1314)) - IPC Server Responder: starting
2019-06-15 12:54:56,930 INFO  ipc.Server (Server.java:run(1153)) - IPC Server listener on 42253: starting
2019-06-15 12:54:56,932 INFO  server.StorageContainerManager (StorageContainerManager.java:start(762)) - ScmBlockLocationProtocol RPC server is listening at /0.0.0.0:45109
2019-06-15 12:54:56,933 INFO  server.SCMBlockProtocolServer (SCMBlockProtocolServer.java:start(137)) - RPC server for Block Protocol is listening at /0.0.0.0:45109
2019-06-15 12:54:56,933 INFO  ipc.Server (Server.java:run(1314)) - IPC Server Responder: starting
2019-06-15 12:54:56,933 INFO  ipc.Server (Server.java:run(1153)) - IPC Server listener on 45109: starting
2019-06-15 12:54:56,935 INFO  server.StorageContainerManager (StorageContainerManager.java:start(766)) - ScmDatanodeProtocl RPC server is listening at /0.0.0.0:43201
2019-06-15 12:54:56,935 INFO  server.SCMDatanodeProtocolServer (SCMDatanodeProtocolServer.java:start(191)) - RPC server for DataNodes is listening at /0.0.0.0:43201
2019-06-15 12:54:56,935 INFO  ipc.Server (Server.java:run(1314)) - IPC Server Responder: starting
2019-06-15 12:54:56,935 INFO  ipc.Server (Server.java:run(1153)) - IPC Server listener on 43201: starting
2019-06-15 12:54:56,939 INFO  http.HttpServer2 (HttpServer2.java:bindListener(1191)) - Jetty bound to port 40107
2019-06-15 12:54:56,940 INFO  server.Server (Server.java:doStart(351)) - jetty-9.3.24.v20180605, build timestamp: 2018-06-05T17:11:56Z, git hash: 84205aa28f11a4f31f2a3b86d1bba2cc8ab69827
2019-06-15 12:54:56,983 INFO  handler.ContextHandler (ContextHandler.java:doStart(781)) - Started o.e.j.s.ServletContextHandler@481ba2cf{/logs,file:///opt/src/hadoop-ozone/tools/target/log,AVAILABLE}
2019-06-15 12:54:56,984 INFO  handler.ContextHandler (ContextHandler.java:doStart(781)) - Started o.e.j.s.ServletContextHandler@2e48362c{/static,file:///opt/src/hadoop-hdds/server-scm/target/classes/webapps/static/,AVAILABLE}
2019-06-15 12:54:57,019 INFO  handler.ContextHandler (ContextHandler.java:doStart(781)) - Started o.e.j.w.WebAppContext@13c3c1e1{/,file:///opt/src/hadoop-hdds/server-scm/target/classes/webapps/scm/,AVAILABLE}{/scm}
2019-06-15 12:54:57,024 INFO  server.AbstractConnector (AbstractConnector.java:doStart(278)) - Started ServerConnector@3d484181{HTTP/1.1,[http/1.1]}{0.0.0.0:40107}
2019-06-15 12:54:57,024 INFO  server.Server (Server.java:doStart(419)) - Started @1978ms
2019-06-15 12:54:57,053 INFO  server.BaseHttpServer (BaseHttpServer.java:updateConnectorAddress(207)) - HTTP server of SCM is listening at http://0.0.0.0:40107
2019-06-15 12:54:57,059 INFO  util.JvmPauseMonitor (JvmPauseMonitor.java:run(188)) - Starting JVM pause monitor
2019-06-15 12:54:57,062 WARN  scm.ScmUtils (ScmUtils.java:getDBPath(63)) - ozone.om.db.dirs is not configured. We recommend adding this setting. Falling back to ozone.metadata.dirs instead.
2019-06-15 12:54:57,147 WARN  scm.ScmUtils (ScmUtils.java:getDBPath(63)) - ozone.om.db.dirs is not configured. We recommend adding this setting. Falling back to ozone.metadata.dirs instead.
2019-06-15 12:54:57,148 INFO  om.OzoneManager (OzoneManager.java:setOMNodeDetails(532)) - OM Service ID is not set. Setting it to the default ID: omServiceIdDefault
2019-06-15 12:54:57,148 INFO  om.OzoneManager (OzoneManager.java:setOMNodeDetails(538)) - OM Node ID is not set. Setting it to the OmStorage's OmID: 2065d646-7f4d-4929-aeff-e18a3595da46
2019-06-15 12:54:57,149 WARN  scm.HddsServerUtil (HddsServerUtil.java:getDefaultRatisDirectory(354)) - Storage directory for Ratis is not configured. It is a good idea to map this to an SSD disk. Falling back to ozone.metadata.dirs
2019-06-15 12:54:57,149 WARN  scm.HddsServerUtil (HddsServerUtil.java:getDefaultRatisDirectory(354)) - Storage directory for Ratis is not configured. It is a good idea to map this to an SSD disk. Falling back to ozone.metadata.dirs
2019-06-15 12:54:57,150 INFO  om.OzoneManager (OzoneManager.java:loadOMHAConfigs(489)) - Found matching OM address with OMServiceId: null, OMNodeId: null, RPC Address: localhost:0 and Ratis port: 9872
2019-06-15 12:54:57,341 WARN  scm.ScmUtils (ScmUtils.java:getDBPath(63)) - ozone.om.db.dirs is not configured. We recommend adding this setting. Falling back to ozone.metadata.dirs instead.
2019-06-15 12:54:57,347 INFO  db.DBStoreBuilder (DBStoreBuilder.java:addTable(110)) - using custom profile for table: userTable
2019-06-15 12:54:57,348 INFO  db.DBStoreBuilder (DBStoreBuilder.java:processTables(161)) - Using default column profile:DBProfile.DISK for Table:userTable
2019-06-15 12:54:57,348 INFO  db.DBStoreBuilder (DBStoreBuilder.java:addTable(110)) - using custom profile for table: volumeTable
2019-06-15 12:54:57,348 INFO  db.DBStoreBuilder (DBStoreBuilder.java:processTables(161)) - Using default column profile:DBProfile.DISK for Table:volumeTable
2019-06-15 12:54:57,348 INFO  db.DBStoreBuilder (DBStoreBuilder.java:addTable(110)) - using custom profile for table: bucketTable
2019-06-15 12:54:57,348 INFO  db.DBStoreBuilder (DBStoreBuilder.java:processTables(161)) - Using default column profile:DBProfile.DISK for Table:bucketTable
2019-06-15 12:54:57,349 INFO  db.DBStoreBuilder (DBStoreBuilder.java:addTable(110)) - using custom profile for table: keyTable
2019-06-15 12:54:57,349 INFO  db.DBStoreBuilder (DBStoreBuilder.java:processTables(161)) - Using default column profile:DBProfile.DISK for Table:keyTable
2019-06-15 12:54:57,349 INFO  db.DBStoreBuilder (DBStoreBuilder.java:addTable(110)) - using custom profile for table: deletedTable
2019-06-15 12:54:57,349 INFO  db.DBStoreBuilder (DBStoreBuilder.java:processTables(161)) - Using default column profile:DBProfile.DISK for Table:deletedTable
2019-06-15 12:54:57,350 INFO  db.DBStoreBuilder (DBStoreBuilder.java:addTable(110)) - using custom profile for table: openKeyTable
2019-06-15 12:54:57,350 INFO  db.DBStoreBuilder (DBStoreBuilder.java:processTables(161)) - Using default column profile:DBProfile.DISK for Table:openKeyTable
2019-06-15 12:54:57,350 INFO  db.DBStoreBuilder (DBStoreBuilder.java:addTable(110)) - using custom profile for table: s3Table
2019-06-15 12:54:57,350 INFO  db.DBStoreBuilder (DBStoreBuilder.java:processTables(161)) - Using default column profile:DBProfile.DISK for Table:s3Table
2019-06-15 12:54:57,350 INFO  db.DBStoreBuilder (DBStoreBuilder.java:addTable(110)) - using custom profile for table: multipartInfoTable
2019-06-15 12:54:57,351 INFO  db.DBStoreBuilder (DBStoreBuilder.java:processTables(161)) - Using default column profile:DBProfile.DISK for Table:multipartInfoTable
2019-06-15 12:54:57,351 INFO  db.DBStoreBuilder (DBStoreBuilder.java:addTable(110)) - using custom profile for table: dTokenTable
2019-06-15 12:54:57,351 INFO  db.DBStoreBuilder (DBStoreBuilder.java:processTables(161)) - Using default column profile:DBProfile.DISK for Table:dTokenTable
2019-06-15 12:54:57,351 INFO  db.DBStoreBuilder (DBStoreBuilder.java:addTable(110)) - using custom profile for table: s3SecretTable
2019-06-15 12:54:57,351 INFO  db.DBStoreBuilder (DBStoreBuilder.java:processTables(161)) - Using default column profile:DBProfile.DISK for Table:s3SecretTable
2019-06-15 12:54:57,352 INFO  db.DBStoreBuilder (DBStoreBuilder.java:addTable(110)) - using custom profile for table: prefixTable
2019-06-15 12:54:57,352 INFO  db.DBStoreBuilder (DBStoreBuilder.java:processTables(161)) - Using default column profile:DBProfile.DISK for Table:prefixTable
2019-06-15 12:54:57,352 INFO  db.DBStoreBuilder (DBStoreBuilder.java:addTable(110)) - using custom profile for table: default
2019-06-15 12:54:57,352 INFO  db.DBStoreBuilder (DBStoreBuilder.java:processTables(167)) - Using default column profile:DBProfile.DISK for Table:default
2019-06-15 12:54:57,352 INFO  db.DBStoreBuilder (DBStoreBuilder.java:getDbProfile(198)) - Using default options. DBProfile.DISK
2019-06-15 12:54:57,947 INFO  ipc.CallQueueManager (CallQueueManager.java:<init>(84)) - Using callQueue: class java.util.concurrent.LinkedBlockingQueue, queueCapacity: 2000, scheduler: class org.apache.hadoop.ipc.DefaultRpcScheduler, ipcBackoff: false.
2019-06-15 12:54:57,954 INFO  ipc.Server (Server.java:run(1074)) - Starting Socket Reader #1 for port 36029
2019-06-15 12:54:57,990 WARN  scm.ScmUtils (ScmUtils.java:getDBPath(63)) - ozone.om.db.dirs is not configured. We recommend adding this setting. Falling back to ozone.metadata.dirs instead.
2019-06-15 12:54:57,990 INFO  om.OzoneManager (OzoneManager.java:start(1230)) - OzoneManager RPC server is listening at localhost/127.0.0.1:36029
2019-06-15 12:54:57,990 INFO  impl.MetricsSystemImpl (MetricsSystemImpl.java:init(158)) - OzoneManager metrics system started (again)
2019-06-15 12:54:57,995 INFO  ipc.Server (Server.java:run(1314)) - IPC Server Responder: starting
2019-06-15 12:54:57,998 INFO  ipc.Server (Server.java:run(1153)) - IPC Server listener on 36029: starting
2019-06-15 12:54:58,032 INFO  hdfs.DFSUtil (DFSUtil.java:httpServerTemplateForNNAndJN(1641)) - Starting Web-server for ozoneManager at: http://0.0.0.0:0
2019-06-15 12:54:58,033 INFO  server.AuthenticationFilter (AuthenticationFilter.java:constructSecretProvider(240)) - Unable to initialize FileSignerSecretProvider, falling back to use random secrets.
2019-06-15 12:54:58,037 WARN  http.HttpRequestLog (HttpRequestLog.java:getRequestLog(97)) - Jetty request log can only be enabled using Log4j
2019-06-15 12:54:58,039 INFO  http.HttpServer2 (HttpServer2.java:addGlobalFilter(975)) - Added global filter 'safety' (class=org.apache.hadoop.http.HttpServer2$QuotingInputFilter)
2019-06-15 12:54:58,040 INFO  http.HttpServer2 (HttpServer2.java:addFilter(948)) - Added filter static_user_filter (class=org.apache.hadoop.http.lib.StaticUserWebFilter$StaticUserFilter) to context ozoneManager
2019-06-15 12:54:58,040 INFO  http.HttpServer2 (HttpServer2.java:addFilter(958)) - Added filter static_user_filter (class=org.apache.hadoop.http.lib.StaticUserWebFilter$StaticUserFilter) to context static
2019-06-15 12:54:58,041 INFO  http.HttpServer2 (HttpServer2.java:addFilter(958)) - Added filter static_user_filter (class=org.apache.hadoop.http.lib.StaticUserWebFilter$StaticUserFilter) to context logs
2019-06-15 12:54:58,042 INFO  http.HttpServer2 (HttpServer2.java:bindListener(1191)) - Jetty bound to port 38541
2019-06-15 12:54:58,042 INFO  server.Server (Server.java:doStart(351)) - jetty-9.3.24.v20180605, build timestamp: 2018-06-05T17:11:56Z, git hash: 84205aa28f11a4f31f2a3b86d1bba2cc8ab69827
2019-06-15 12:54:58,047 INFO  handler.ContextHandler (ContextHandler.java:doStart(781)) - Started o.e.j.s.ServletContextHandler@7a34b7b8{/logs,file:///opt/src/hadoop-ozone/tools/target/log,AVAILABLE}
2019-06-15 12:54:58,048 INFO  handler.ContextHandler (ContextHandler.java:doStart(781)) - Started o.e.j.s.ServletContextHandler@3be8821f{/static,file:///opt/src/hadoop-ozone/ozone-manager/target/classes/webapps/static/,AVAILABLE}
2019-06-15 12:54:58,051 INFO  handler.ContextHandler (ContextHandler.java:doStart(781)) - Started o.e.j.w.WebAppContext@60b85ba1{/,file:///opt/src/hadoop-ozone/ozone-manager/target/classes/webapps/ozoneManager/,AVAILABLE}{/ozoneManager}
2019-06-15 12:54:58,052 INFO  server.AbstractConnector (AbstractConnector.java:doStart(278)) - Started ServerConnector@492fc69e{HTTP/1.1,[http/1.1]}{0.0.0.0:38541}
2019-06-15 12:54:58,052 INFO  server.Server (Server.java:doStart(419)) - Started @3006ms
2019-06-15 12:54:58,052 INFO  server.BaseHttpServer (BaseHttpServer.java:updateConnectorAddress(207)) - HTTP server of OZONEMANAGER is listening at http://0.0.0.0:38541
2019-06-15 12:54:58,217 INFO  impl.MetricsSystemImpl (MetricsSystemImpl.java:init(158)) - HddsDatanode metrics system started (again)
2019-06-15 12:54:58,379 INFO  ozone.HddsDatanodeService (HddsDatanodeService.java:start(185)) - HddsDatanodeService host:ozone-unit-076618677d3-6whwr-556242372 ip:192.168.134.92
2019-06-15 12:54:58,412 INFO  volume.HddsVolume (HddsVolume.java:<init>(176)) - Creating Volume: /opt/src/hadoop-ozone/tools/target/test-dir/MiniOzoneClusterImpl-a0a80196-f9da-4c29-959e-8ae1e499c7b8/datanode-0/data/containers/hdds of  storage type : DISK and capacity : 104021790720
2019-06-15 12:54:58,414 INFO  volume.VolumeSet (VolumeSet.java:initializeVolumeSet(170)) - Added Volume : /opt/src/hadoop-ozone/tools/target/test-dir/MiniOzoneClusterImpl-a0a80196-f9da-4c29-959e-8ae1e499c7b8/datanode-0/data/containers/hdds to VolumeSet
2019-06-15 12:54:58,418 INFO  volume.ThrottledAsyncChecker (ThrottledAsyncChecker.java:schedule(140)) - Scheduling a check for org.apache.hadoop.ozone.container.common.volume.HddsVolume@5c089b2f
2019-06-15 12:54:58,436 INFO  volume.HddsVolumeChecker (HddsVolumeChecker.java:checkAllVolumes(203)) - Scheduled health check for volume org.apache.hadoop.ozone.container.common.volume.HddsVolume@5c089b2f
2019-06-15 12:54:58,477 INFO  ratis.XceiverServerRatis (XceiverServerRatis.java:newXceiverServerRatis(401)) - Found a free port for the server : 46521
2019-06-15 12:54:58,537 INFO  impl.RaftServerProxy (ConfUtils.java:logGet(43)) - raft.rpc.type = GRPC (default)
2019-06-15 12:54:58,547 INFO  grpc.GrpcConfigKeys$Server (ConfUtils.java:logGet(43)) - raft.grpc.server.port = 46521 (custom)
2019-06-15 12:54:58,548 INFO  server.GrpcService (ConfUtils.java:logGet(43)) - raft.grpc.message.size.max = 33570816 (custom)
2019-06-15 12:54:58,550 INFO  server.RaftServerConfigKeys (ConfUtils.java:logGet(43)) - raft.server.log.appender.buffer.byte-limit = 33554432 (custom)
2019-06-15 12:54:58,551 INFO  server.GrpcService (ConfUtils.java:logGet(43)) - raft.grpc.flow.control.window = 1MB (=1048576) (default)
2019-06-15 12:54:58,551 INFO  server.RaftServerConfigKeys (ConfUtils.java:logGet(43)) - raft.server.rpc.request.timeout = 3000ms (default)
2019-06-15 12:54:58,703 INFO  server.RaftServerConfigKeys (ConfUtils.java:logGet(43)) - raft.server.storage.dir = [/opt/src/hadoop-ozone/tools/target/test-dir/MiniOzoneClusterImpl-a0a80196-f9da-4c29-959e-8ae1e499c7b8/datanode-0/data/ratis] (custom)
2019-06-15 12:54:58,710 INFO  server.XceiverServerGrpc (XceiverServerGrpc.java:<init>(97)) - Found a free port for the server : 43149
2019-06-15 12:54:58,734 INFO  replication.SimpleContainerDownloader (SimpleContainerDownloader.java:<init>(72)) - Starting container downloader service to copy containers to replicate.
2019-06-15 12:54:58,750 INFO  hdfs.DFSUtil (DFSUtil.java:httpServerTemplateForNNAndJN(1641)) - Starting Web-server for hddsDatanode at: http://0.0.0.0:0
2019-06-15 12:54:58,752 INFO  server.AuthenticationFilter (AuthenticationFilter.java:constructSecretProvider(240)) - Unable to initialize FileSignerSecretProvider, falling back to use random secrets.
2019-06-15 12:54:58,754 WARN  http.HttpRequestLog (HttpRequestLog.java:getRequestLog(97)) - Jetty request log can only be enabled using Log4j
2019-06-15 12:54:58,756 INFO  http.HttpServer2 (HttpServer2.java:addGlobalFilter(975)) - Added global filter 'safety' (class=org.apache.hadoop.http.HttpServer2$QuotingInputFilter)
2019-06-15 12:54:58,757 INFO  http.HttpServer2 (HttpServer2.java:addFilter(948)) - Added filter static_user_filter (class=org.apache.hadoop.http.lib.StaticUserWebFilter$StaticUserFilter) to context hddsDatanode
2019-06-15 12:54:58,757 INFO  http.HttpServer2 (HttpServer2.java:addFilter(958)) - Added filter static_user_filter (class=org.apache.hadoop.http.lib.StaticUserWebFilter$StaticUserFilter) to context static
2019-06-15 12:54:58,757 INFO  http.HttpServer2 (HttpServer2.java:addFilter(958)) - Added filter static_user_filter (class=org.apache.hadoop.http.lib.StaticUserWebFilter$StaticUserFilter) to context logs
2019-06-15 12:54:58,758 INFO  http.HttpServer2 (HttpServer2.java:bindListener(1191)) - Jetty bound to port 41131
2019-06-15 12:54:58,758 INFO  server.Server (Server.java:doStart(351)) - jetty-9.3.24.v20180605, build timestamp: 2018-06-05T17:11:56Z, git hash: 84205aa28f11a4f31f2a3b86d1bba2cc8ab69827
2019-06-15 12:54:58,761 INFO  handler.ContextHandler (ContextHandler.java:doStart(781)) - Started o.e.j.s.ServletContextHandler@61fafb74{/logs,file:///opt/src/hadoop-ozone/tools/target/log,AVAILABLE}
2019-06-15 12:54:58,761 INFO  handler.ContextHandler (ContextHandler.java:doStart(781)) - Started o.e.j.s.ServletContextHandler@58496dc{/static,file:///opt/src/hadoop-hdds/container-service/target/classes/webapps/static,AVAILABLE}
2019-06-15 12:54:58,766 INFO  handler.ContextHandler (ContextHandler.java:doStart(781)) - Started o.e.j.w.WebAppContext@36f1046f{/,file:///opt/src/hadoop-hdds/container-service/target/classes/webapps/hddsDatanode/,AVAILABLE}{/hddsDatanode}
2019-06-15 12:54:58,767 INFO  server.AbstractConnector (AbstractConnector.java:doStart(278)) - Started ServerConnector@56d93692{HTTP/1.1,[http/1.1]}{0.0.0.0:41131}
2019-06-15 12:54:58,767 INFO  server.Server (Server.java:doStart(419)) - Started @3721ms
2019-06-15 12:54:58,768 INFO  server.BaseHttpServer (BaseHttpServer.java:updateConnectorAddress(207)) - HTTP server of HDDSDATANODE is listening at http://0.0.0.0:41131
2019-06-15 12:54:59,842 INFO  ozone.HddsDatanodeService (HddsDatanodeService.java:startPlugins(396)) - Started plug-in org.apache.hadoop.ozone.web.OzoneHddsDatanodeService@1d50a7ca
2019-06-15 12:54:59,843 INFO  impl.MetricsSystemImpl (MetricsSystemImpl.java:init(158)) - HddsDatanode metrics system started (again)
2019-06-15 12:54:59,844 INFO  ozone.HddsDatanodeService (HddsDatanodeService.java:start(185)) - HddsDatanodeService host:ozone-unit-076618677d3-6whwr-556242372 ip:192.168.134.92
2019-06-15 12:54:59,874 INFO  util.JvmPauseMonitor (JvmPauseMonitor.java:run(188)) - Starting JVM pause monitor
2019-06-15 12:54:59,882 INFO  volume.HddsVolume (HddsVolume.java:<init>(176)) - Creating Volume: /opt/src/hadoop-ozone/tools/target/test-dir/MiniOzoneClusterImpl-a0a80196-f9da-4c29-959e-8ae1e499c7b8/datanode-1/data/containers/hdds of  storage type : DISK and capacity : 104021790720
2019-06-15 12:54:59,882 INFO  volume.VolumeSet (VolumeSet.java:initializeVolumeSet(170)) - Added Volume : /opt/src/hadoop-ozone/tools/target/test-dir/MiniOzoneClusterImpl-a0a80196-f9da-4c29-959e-8ae1e499c7b8/datanode-1/data/containers/hdds to VolumeSet
2019-06-15 12:54:59,883 INFO  volume.ThrottledAsyncChecker (ThrottledAsyncChecker.java:schedule(140)) - Scheduling a check for org.apache.hadoop.ozone.container.common.volume.HddsVolume@5f174dd2
2019-06-15 12:54:59,886 INFO  volume.HddsVolumeChecker (HddsVolumeChecker.java:checkAllVolumes(203)) - Scheduled health check for volume org.apache.hadoop.ozone.container.common.volume.HddsVolume@5f174dd2
2019-06-15 12:54:59,901 INFO  ratis.XceiverServerRatis (XceiverServerRatis.java:newXceiverServerRatis(401)) - Found a free port for the server : 38983
2019-06-15 12:54:59,903 INFO  impl.RaftServerProxy (ConfUtils.java:logGet(43)) - raft.rpc.type = GRPC (default)
2019-06-15 12:54:59,903 INFO  grpc.GrpcConfigKeys$Server (ConfUtils.java:logGet(43)) - raft.grpc.server.port = 38983 (custom)
2019-06-15 12:54:59,903 INFO  server.GrpcService (ConfUtils.java:logGet(43)) - raft.grpc.message.size.max = 33570816 (custom)
2019-06-15 12:54:59,904 INFO  server.RaftServerConfigKeys (ConfUtils.java:logGet(43)) - raft.server.log.appender.buffer.byte-limit = 33554432 (custom)
2019-06-15 12:54:59,904 INFO  server.GrpcService (ConfUtils.java:logGet(43)) - raft.grpc.flow.control.window = 1MB (=1048576) (default)
2019-06-15 12:54:59,904 INFO  server.RaftServerConfigKeys (ConfUtils.java:logGet(43)) - raft.server.rpc.request.timeout = 3000ms (default)
2019-06-15 12:54:59,905 INFO  server.RaftServerConfigKeys (ConfUtils.java:logGet(43)) - raft.server.storage.dir = [/opt/src/hadoop-ozone/tools/target/test-dir/MiniOzoneClusterImpl-a0a80196-f9da-4c29-959e-8ae1e499c7b8/datanode-1/data/ratis] (custom)
2019-06-15 12:54:59,905 INFO  server.XceiverServerGrpc (XceiverServerGrpc.java:<init>(97)) - Found a free port for the server : 35611
2019-06-15 12:54:59,905 INFO  replication.SimpleContainerDownloader (SimpleContainerDownloader.java:<init>(72)) - Starting container downloader service to copy containers to replicate.
2019-06-15 12:54:59,907 INFO  hdfs.DFSUtil (DFSUtil.java:httpServerTemplateForNNAndJN(1641)) - Starting Web-server for hddsDatanode at: http://0.0.0.0:0
2019-06-15 12:54:59,908 INFO  server.AuthenticationFilter (AuthenticationFilter.java:constructSecretProvider(240)) - Unable to initialize FileSignerSecretProvider, falling back to use random secrets.
2019-06-15 12:54:59,913 WARN  http.HttpRequestLog (HttpRequestLog.java:getRequestLog(97)) - Jetty request log can only be enabled using Log4j
2019-06-15 12:54:59,916 INFO  http.HttpServer2 (HttpServer2.java:addGlobalFilter(975)) - Added global filter 'safety' (class=org.apache.hadoop.http.HttpServer2$QuotingInputFilter)
2019-06-15 12:54:59,916 INFO  http.HttpServer2 (HttpServer2.java:addFilter(948)) - Added filter static_user_filter (class=org.apache.hadoop.http.lib.StaticUserWebFilter$StaticUserFilter) to context hddsDatanode
2019-06-15 12:54:59,917 INFO  http.HttpServer2 (HttpServer2.java:addFilter(958)) - Added filter static_user_filter (class=org.apache.hadoop.http.lib.StaticUserWebFilter$StaticUserFilter) to context static
2019-06-15 12:54:59,917 INFO  http.HttpServer2 (HttpServer2.java:addFilter(958)) - Added filter static_user_filter (class=org.apache.hadoop.http.lib.StaticUserWebFilter$StaticUserFilter) to context logs
2019-06-15 12:54:59,917 INFO  http.HttpServer2 (HttpServer2.java:bindListener(1191)) - Jetty bound to port 44257
2019-06-15 12:54:59,917 INFO  server.Server (Server.java:doStart(351)) - jetty-9.3.24.v20180605, build timestamp: 2018-06-05T17:11:56Z, git hash: 84205aa28f11a4f31f2a3b86d1bba2cc8ab69827
2019-06-15 12:54:59,932 INFO  handler.ContextHandler (ContextHandler.java:doStart(781)) - Started o.e.j.s.ServletContextHandler@53ed80d3{/logs,file:///opt/src/hadoop-ozone/tools/target/log,AVAILABLE}
2019-06-15 12:54:59,938 INFO  handler.ContextHandler (ContextHandler.java:doStart(781)) - Started o.e.j.s.ServletContextHandler@7c51782d{/static,file:///opt/src/hadoop-hdds/container-service/target/classes/webapps/static,AVAILABLE}
2019-06-15 12:54:59,950 INFO  handler.ContextHandler (ContextHandler.java:doStart(781)) - Started o.e.j.w.WebAppContext@5b7aa898{/,file:///opt/src/hadoop-hdds/container-service/target/classes/webapps/hddsDatanode/,AVAILABLE}{/hddsDatanode}
2019-06-15 12:54:59,952 INFO  server.AbstractConnector (AbstractConnector.java:doStart(278)) - Started ServerConnector@43ef5266{HTTP/1.1,[http/1.1]}{0.0.0.0:44257}
2019-06-15 12:54:59,952 INFO  server.Server (Server.java:doStart(419)) - Started @4906ms
2019-06-15 12:54:59,955 INFO  server.BaseHttpServer (BaseHttpServer.java:updateConnectorAddress(207)) - HTTP server of HDDSDATANODE is listening at http://0.0.0.0:44257
2019-06-15 12:54:59,982 INFO  datanode.InitDatanodeState (InitDatanodeState.java:persistContainerDatanodeDetails(140)) - DatanodeDetails is persisted to /opt/src/hadoop-ozone/tools/target/test-dir/MiniOzoneClusterImpl-a0a80196-f9da-4c29-959e-8ae1e499c7b8/datanode-0/meta/datanode.id
2019-06-15 12:55:00,176 INFO  ozone.HddsDatanodeService (HddsDatanodeService.java:startPlugins(396)) - Started plug-in org.apache.hadoop.ozone.web.OzoneHddsDatanodeService@76544c0a
2019-06-15 12:55:00,177 INFO  impl.MetricsSystemImpl (MetricsSystemImpl.java:init(158)) - HddsDatanode metrics system started (again)
2019-06-15 12:55:00,178 INFO  ozone.HddsDatanodeService (HddsDatanodeService.java:start(185)) - HddsDatanodeService host:ozone-unit-076618677d3-6whwr-556242372 ip:192.168.134.92
2019-06-15 12:55:00,200 INFO  util.JvmPauseMonitor (JvmPauseMonitor.java:run(188)) - Starting JVM pause monitor
2019-06-15 12:55:00,225 INFO  volume.HddsVolume (HddsVolume.java:<init>(176)) - Creating Volume: /opt/src/hadoop-ozone/tools/target/test-dir/MiniOzoneClusterImpl-a0a80196-f9da-4c29-959e-8ae1e499c7b8/datanode-2/data/containers/hdds of  storage type : DISK and capacity : 104021790720
2019-06-15 12:55:00,226 INFO  volume.VolumeSet (VolumeSet.java:initializeVolumeSet(170)) - Added Volume : /opt/src/hadoop-ozone/tools/target/test-dir/MiniOzoneClusterImpl-a0a80196-f9da-4c29-959e-8ae1e499c7b8/datanode-2/data/containers/hdds to VolumeSet
2019-06-15 12:55:00,227 INFO  volume.ThrottledAsyncChecker (ThrottledAsyncChecker.java:schedule(140)) - Scheduling a check for org.apache.hadoop.ozone.container.common.volume.HddsVolume@6fff46bf
2019-06-15 12:55:00,230 INFO  volume.HddsVolumeChecker (HddsVolumeChecker.java:checkAllVolumes(203)) - Scheduled health check for volume org.apache.hadoop.ozone.container.common.volume.HddsVolume@6fff46bf
2019-06-15 12:55:00,234 INFO  datanode.InitDatanodeState (InitDatanodeState.java:persistContainerDatanodeDetails(140)) - DatanodeDetails is persisted to /opt/src/hadoop-ozone/tools/target/test-dir/MiniOzoneClusterImpl-a0a80196-f9da-4c29-959e-8ae1e499c7b8/datanode-1/meta/datanode.id
2019-06-15 12:55:00,260 INFO  ratis.XceiverServerRatis (XceiverServerRatis.java:newXceiverServerRatis(401)) - Found a free port for the server : 41357
2019-06-15 12:55:00,261 INFO  impl.RaftServerProxy (ConfUtils.java:logGet(43)) - raft.rpc.type = GRPC (default)
2019-06-15 12:55:00,261 INFO  grpc.GrpcConfigKeys$Server (ConfUtils.java:logGet(43)) - raft.grpc.server.port = 41357 (custom)
2019-06-15 12:55:00,262 INFO  server.GrpcService (ConfUtils.java:logGet(43)) - raft.grpc.message.size.max = 33570816 (custom)
2019-06-15 12:55:00,262 INFO  server.RaftServerConfigKeys (ConfUtils.java:logGet(43)) - raft.server.log.appender.buffer.byte-limit = 33554432 (custom)
2019-06-15 12:55:00,262 INFO  server.GrpcService (ConfUtils.java:logGet(43)) - raft.grpc.flow.control.window = 1MB (=1048576) (default)
2019-06-15 12:55:00,263 INFO  server.RaftServerConfigKeys (ConfUtils.java:logGet(43)) - raft.server.rpc.request.timeout = 3000ms (default)
2019-06-15 12:55:00,263 INFO  server.RaftServerConfigKeys (ConfUtils.java:logGet(43)) - raft.server.storage.dir = [/opt/src/hadoop-ozone/tools/target/test-dir/MiniOzoneClusterImpl-a0a80196-f9da-4c29-959e-8ae1e499c7b8/datanode-2/data/ratis] (custom)
2019-06-15 12:55:00,264 INFO  server.XceiverServerGrpc (XceiverServerGrpc.java:<init>(97)) - Found a free port for the server : 44867
2019-06-15 12:55:00,265 INFO  replication.SimpleContainerDownloader (SimpleContainerDownloader.java:<init>(72)) - Starting container downloader service to copy containers to replicate.
2019-06-15 12:55:00,266 INFO  hdfs.DFSUtil (DFSUtil.java:httpServerTemplateForNNAndJN(1641)) - Starting Web-server for hddsDatanode at: http://0.0.0.0:0
2019-06-15 12:55:00,267 INFO  server.AuthenticationFilter (AuthenticationFilter.java:constructSecretProvider(240)) - Unable to initialize FileSignerSecretProvider, falling back to use random secrets.
2019-06-15 12:55:00,271 WARN  http.HttpRequestLog (HttpRequestLog.java:getRequestLog(97)) - Jetty request log can only be enabled using Log4j
2019-06-15 12:55:00,273 INFO  http.HttpServer2 (HttpServer2.java:addGlobalFilter(975)) - Added global filter 'safety' (class=org.apache.hadoop.http.HttpServer2$QuotingInputFilter)
2019-06-15 12:55:00,273 INFO  http.HttpServer2 (HttpServer2.java:addFilter(948)) - Added filter static_user_filter (class=org.apache.hadoop.http.lib.StaticUserWebFilter$StaticUserFilter) to context hddsDatanode
2019-06-15 12:55:00,274 INFO  http.HttpServer2 (HttpServer2.java:addFilter(958)) - Added filter static_user_filter (class=org.apache.hadoop.http.lib.StaticUserWebFilter$StaticUserFilter) to context static
2019-06-15 12:55:00,274 INFO  http.HttpServer2 (HttpServer2.java:addFilter(958)) - Added filter static_user_filter (class=org.apache.hadoop.http.lib.StaticUserWebFilter$StaticUserFilter) to context logs
2019-06-15 12:55:00,274 INFO  http.HttpServer2 (HttpServer2.java:bindListener(1191)) - Jetty bound to port 37575
2019-06-15 12:55:00,275 INFO  server.Server (Server.java:doStart(351)) - jetty-9.3.24.v20180605, build timestamp: 2018-06-05T17:11:56Z, git hash: 84205aa28f11a4f31f2a3b86d1bba2cc8ab69827
2019-06-15 12:55:00,278 INFO  handler.ContextHandler (ContextHandler.java:doStart(781)) - Started o.e.j.s.ServletContextHandler@64c781a9{/logs,file:///opt/src/hadoop-ozone/tools/target/log,AVAILABLE}
2019-06-15 12:55:00,279 INFO  handler.ContextHandler (ContextHandler.java:doStart(781)) - Started o.e.j.s.ServletContextHandler@5b88b8e{/static,file:///opt/src/hadoop-hdds/container-service/target/classes/webapps/static,AVAILABLE}
2019-06-15 12:55:00,283 INFO  handler.ContextHandler (ContextHandler.java:doStart(781)) - Started o.e.j.w.WebAppContext@6d67f5eb{/,file:///opt/src/hadoop-hdds/container-service/target/classes/webapps/hddsDatanode/,AVAILABLE}{/hddsDatanode}
2019-06-15 12:55:00,284 INFO  server.AbstractConnector (AbstractConnector.java:doStart(278)) - Started ServerConnector@4f654cee{HTTP/1.1,[http/1.1]}{0.0.0.0:37575}
2019-06-15 12:55:00,284 INFO  server.Server (Server.java:doStart(419)) - Started @5238ms
2019-06-15 12:55:00,286 INFO  server.BaseHttpServer (BaseHttpServer.java:updateConnectorAddress(207)) - HTTP server of HDDSDATANODE is listening at http://0.0.0.0:37575
2019-06-15 12:55:00,439 INFO  ozone.HddsDatanodeService (HddsDatanodeService.java:startPlugins(396)) - Started plug-in org.apache.hadoop.ozone.web.OzoneHddsDatanodeService@65e22def
2019-06-15 12:55:00,443 INFO  ozone.MiniOzoneClusterImpl (MiniOzoneClusterImpl.java:lambda$waitForClusterToBeReady$0(142)) - Waiting for cluster to be ready. Got 0 of 3 DN Heartbeats.
2019-06-15 12:55:00,446 INFO  util.JvmPauseMonitor (JvmPauseMonitor.java:run(188)) - Starting JVM pause monitor
2019-06-15 12:55:00,451 INFO  datanode.InitDatanodeState (InitDatanodeState.java:persistContainerDatanodeDetails(140)) - DatanodeDetails is persisted to /opt/src/hadoop-ozone/tools/target/test-dir/MiniOzoneClusterImpl-a0a80196-f9da-4c29-959e-8ae1e499c7b8/datanode-2/meta/datanode.id
2019-06-15 12:55:01,444 INFO  ozone.MiniOzoneClusterImpl (MiniOzoneClusterImpl.java:lambda$waitForClusterToBeReady$0(142)) - Waiting for cluster to be ready. Got 0 of 3 DN Heartbeats.
2019-06-15 12:55:01,893 INFO  ozoneimpl.OzoneContainer (OzoneContainer.java:start(186)) - Attempting to start container services.
2019-06-15 12:55:01,893 INFO  ozoneimpl.OzoneContainer (OzoneContainer.java:startContainerScrub(160)) - Background container scrubber has been disabled by hdds.containerscrub.enabled
2019-06-15 12:55:01,894 INFO  ratis.XceiverServerRatis (XceiverServerRatis.java:start(418)) - Starting XceiverServerRatis 2ca47b2b-d921-461e-93e5-e1985b30af7c at port 46521
2019-06-15 12:55:01,904 INFO  impl.RaftServerProxy (RaftServerProxy.java:lambda$start$3(299)) - 2ca47b2b-d921-461e-93e5-e1985b30af7c: start RPC server
2019-06-15 12:55:02,022 INFO  server.GrpcService (GrpcService.java:startImpl(148)) - 2ca47b2b-d921-461e-93e5-e1985b30af7c: GrpcService started, listening on 0.0.0.0/0.0.0.0:46521
2019-06-15 12:55:02,205 INFO  ozoneimpl.OzoneContainer (OzoneContainer.java:start(186)) - Attempting to start container services.
2019-06-15 12:55:02,206 INFO  ozoneimpl.OzoneContainer (OzoneContainer.java:startContainerScrub(160)) - Background container scrubber has been disabled by hdds.containerscrub.enabled
2019-06-15 12:55:02,207 INFO  ratis.XceiverServerRatis (XceiverServerRatis.java:start(418)) - Starting XceiverServerRatis b8270dd8-cb53-4384-8a16-4fb2063a8f3c at port 38983
2019-06-15 12:55:02,217 INFO  impl.RaftServerProxy (RaftServerProxy.java:lambda$start$3(299)) - b8270dd8-cb53-4384-8a16-4fb2063a8f3c: start RPC server
2019-06-15 12:55:02,219 INFO  server.GrpcService (GrpcService.java:startImpl(148)) - b8270dd8-cb53-4384-8a16-4fb2063a8f3c: GrpcService started, listening on 0.0.0.0/0.0.0.0:38983
2019-06-15 12:55:02,444 INFO  ozone.MiniOzoneClusterImpl (MiniOzoneClusterImpl.java:lambda$waitForClusterToBeReady$0(142)) - Waiting for cluster to be ready. Got 0 of 3 DN Heartbeats.
2019-06-15 12:55:02,451 INFO  ozoneimpl.OzoneContainer (OzoneContainer.java:start(186)) - Attempting to start container services.
2019-06-15 12:55:02,452 INFO  ozoneimpl.OzoneContainer (OzoneContainer.java:startContainerScrub(160)) - Background container scrubber has been disabled by hdds.containerscrub.enabled
2019-06-15 12:55:02,452 INFO  ratis.XceiverServerRatis (XceiverServerRatis.java:start(418)) - Starting XceiverServerRatis 517f7d0e-e4e9-49fa-a647-424f0a320eae at port 41357
2019-06-15 12:55:02,457 INFO  impl.RaftServerProxy (RaftServerProxy.java:lambda$start$3(299)) - 517f7d0e-e4e9-49fa-a647-424f0a320eae: start RPC server
2019-06-15 12:55:02,458 INFO  server.GrpcService (GrpcService.java:startImpl(148)) - 517f7d0e-e4e9-49fa-a647-424f0a320eae: GrpcService started, listening on 0.0.0.0/0.0.0.0:41357
2019-06-15 12:55:03,444 INFO  ozone.MiniOzoneClusterImpl (MiniOzoneClusterImpl.java:lambda$waitForClusterToBeReady$0(142)) - Waiting for cluster to be ready. Got 0 of 3 DN Heartbeats.
2019-06-15 12:55:03,893 INFO  net.NetworkTopology (NetworkTopologyImpl.java:add(109)) - Added a new node: /default-rack/192.168.134.92
2019-06-15 12:55:03,893 INFO  node.SCMNodeManager (SCMNodeManager.java:register(269)) - Registered Data node : 2ca47b2b-d921-461e-93e5-e1985b30af7c{ip: 192.168.134.92, host: ozone-unit-076618677d3-6whwr-556242372, networkLocation: /default-rack, certSerialId: null}
2019-06-15 12:55:03,897 INFO  safemode.SCMSafeModeManager (DataNodeSafeModeRule.java:process(71)) - SCM in safe mode. 1 DataNodes registered, 1 required.
2019-06-15 12:55:03,898 INFO  safemode.SCMSafeModeManager (SCMSafeModeManager.java:validateSafeModeExitRules(177)) - ScmSafeModeManager, all rules are successfully validated
2019-06-15 12:55:03,899 INFO  safemode.SCMSafeModeManager (SCMSafeModeManager.java:exitSafeMode(193)) - SCM exiting safe mode.
2019-06-15 12:55:04,202 INFO  node.SCMNodeManager (SCMNodeManager.java:register(269)) - Registered Data node : b8270dd8-cb53-4384-8a16-4fb2063a8f3c{ip: 192.168.134.92, host: ozone-unit-076618677d3-6whwr-556242372, networkLocation: /default-rack, certSerialId: null}
2019-06-15 12:55:04,317 INFO  impl.RaftServerProxy (RaftServerProxy.java:addNew(89)) - 2ca47b2b-d921-461e-93e5-e1985b30af7c: addNew group-AF6AD4775AC2:[2ca47b2b-d921-461e-93e5-e1985b30af7c:192.168.134.92:46521] returns group-AF6AD4775AC2:java.util.concurrent.CompletableFuture@45c90a04[Not completed]
2019-06-15 12:55:04,326 INFO  impl.RaftServerImpl (RaftServerImpl.java:<init>(91)) - 2ca47b2b-d921-461e-93e5-e1985b30af7c: new RaftServerImpl for group-AF6AD4775AC2:[2ca47b2b-d921-461e-93e5-e1985b30af7c:192.168.134.92:46521] with ContainerStateMachine:uninitialized
2019-06-15 12:55:04,327 INFO  server.RaftServerConfigKeys (ConfUtils.java:logGet(43)) - raft.server.rpc.timeout.min = 1s (custom)
2019-06-15 12:55:04,327 INFO  server.RaftServerConfigKeys (ConfUtils.java:logGet(43)) - raft.server.rpc.timeout.max = 1200ms (custom)
2019-06-15 12:55:04,327 INFO  server.RaftServerConfigKeys (ConfUtils.java:logGet(43)) - raft.server.rpcslowness.timeout = 120s (custom)
2019-06-15 12:55:04,331 INFO  server.RaftServerConfigKeys (ConfUtils.java:logGet(43)) - raft.server.log.appender.install.snapshot.enabled = true (default)
2019-06-15 12:55:04,340 INFO  impl.RaftServerImpl (ServerState.java:<init>(101)) - 2ca47b2b-d921-461e-93e5-e1985b30af7c:group-AF6AD4775AC2 ConfigurationManager, init=-1: [2ca47b2b-d921-461e-93e5-e1985b30af7c:192.168.134.92:46521], old=null, confs=<EMPTY_MAP>
2019-06-15 12:55:04,340 INFO  server.RaftServerConfigKeys (ConfUtils.java:logGet(43)) - raft.server.storage.dir = [/opt/src/hadoop-ozone/tools/target/test-dir/MiniOzoneClusterImpl-a0a80196-f9da-4c29-959e-8ae1e499c7b8/datanode-0/data/ratis] (custom)
2019-06-15 12:55:04,346 INFO  storage.RaftStorageDirectory (RaftStorageDirectory.java:analyzeStorage(246)) - The storage directory /opt/src/hadoop-ozone/tools/target/test-dir/MiniOzoneClusterImpl-a0a80196-f9da-4c29-959e-8ae1e499c7b8/datanode-0/data/ratis/c2d3bb73-d7f0-4dac-983c-af6ad4775ac2 does not exist. Creating ...
2019-06-15 12:55:04,359 INFO  storage.RaftStorageDirectory (RaftStorageDirectory.java:tryLock(328)) - Lock on /opt/src/hadoop-ozone/tools/target/test-dir/MiniOzoneClusterImpl-a0a80196-f9da-4c29-959e-8ae1e499c7b8/datanode-0/data/ratis/c2d3bb73-d7f0-4dac-983c-af6ad4775ac2/in_use.lock acquired by nodename 17808@ozone-unit-076618677d3-6whwr-556242372
2019-06-15 12:55:04,363 INFO  storage.RaftStorage (RaftStorage.java:format(75)) - Storage directory /opt/src/hadoop-ozone/tools/target/test-dir/MiniOzoneClusterImpl-a0a80196-f9da-4c29-959e-8ae1e499c7b8/datanode-0/data/ratis/c2d3bb73-d7f0-4dac-983c-af6ad4775ac2 has been successfully formatted.
2019-06-15 12:55:04,365 INFO  ratis.ContainerStateMachine (ContainerStateMachine.java:loadSnapshot(199)) - The snapshot info is null.Setting the last applied index to:(t:0, i:~)
2019-06-15 12:55:04,366 INFO  server.RaftServerConfigKeys (ConfUtils.java:logGet(43)) - raft.server.leader.election.timeout = 120s (custom)
2019-06-15 12:55:04,368 INFO  server.RaftServerConfigKeys (ConfUtils.java:logGet(43)) - raft.server.log.use.memory = false (default)
2019-06-15 12:55:04,371 INFO  server.RaftServerConfigKeys (ConfUtils.java:logGet(43)) - raft.server.log.appender.buffer.byte-limit = 33554432 (custom)
2019-06-15 12:55:04,375 INFO  server.RaftServerConfigKeys (ConfUtils.java:logGet(43)) - raft.server.log.segment.size.max = 16384 (custom)
2019-06-15 12:55:04,380 INFO  server.RaftServerConfigKeys (ConfUtils.java:logGet(43)) - raft.server.log.segment.cache.num.max = 2 (custom)
2019-06-15 12:55:04,383 INFO  storage.RaftLogWorker (RaftLogWorker.java:<init>(123)) - new 2ca47b2b-d921-461e-93e5-e1985b30af7c-RaftLogWorker for Storage Directory /opt/src/hadoop-ozone/tools/target/test-dir/MiniOzoneClusterImpl-a0a80196-f9da-4c29-959e-8ae1e499c7b8/datanode-0/data/ratis/c2d3bb73-d7f0-4dac-983c-af6ad4775ac2
2019-06-15 12:55:04,384 INFO  server.RaftServerConfigKeys (ConfUtils.java:logGet(43)) - raft.server.log.queue.byte-limit = 2147483647 (custom)
2019-06-15 12:55:04,384 INFO  server.RaftServerConfigKeys (ConfUtils.java:logGet(43)) - raft.server.log.queue.element-limit = 1024 (custom)
2019-06-15 12:55:04,387 INFO  server.RaftServerConfigKeys (ConfUtils.java:logGet(43)) - raft.server.log.segment.size.max = 16384 (custom)
2019-06-15 12:55:04,387 INFO  server.RaftServerConfigKeys (ConfUtils.java:logGet(43)) - raft.server.log.preallocated.size = 16384 (custom)
2019-06-15 12:55:04,388 INFO  server.RaftServerConfigKeys (ConfUtils.java:logGet(43)) - raft.server.log.write.buffer.size = 33554432 (custom)
2019-06-15 12:55:04,388 INFO  server.RaftServerConfigKeys (ConfUtils.java:logGet(43)) - raft.server.log.force.sync.num = 128 (default)
2019-06-15 12:55:04,389 INFO  server.RaftServerConfigKeys (ConfUtils.java:logGet(43)) - raft.server.log.statemachine.data.sync = true (default)
2019-06-15 12:55:04,389 INFO  server.RaftServerConfigKeys (ConfUtils.java:logGet(43)) - raft.server.log.statemachine.data.sync.timeout = 10s (default)
2019-06-15 12:55:04,390 INFO  server.RaftServerConfigKeys (ConfUtils.java:logGet(43)) - raft.server.log.statemachine.data.sync.timeout.retry = -1 (default)
2019-06-15 12:55:04,393 INFO  server.RaftServerConfigKeys (ConfUtils.java:logGet(43)) - raft.server.log.statemachine.data.caching.enabled = true (custom)
2019-06-15 12:55:04,399 INFO  server.RaftServerConfigKeys (ConfUtils.java:logGet(43)) - raft.server.snapshot.auto.trigger.enabled = true (custom)
2019-06-15 12:55:04,400 INFO  server.RaftServerConfigKeys (ConfUtils.java:logGet(43)) - raft.server.snapshot.auto.trigger.threshold = 10000 (custom)
2019-06-15 12:55:04,401 INFO  server.RaftServerConfigKeys (ConfUtils.java:logGet(43)) - raft.server.retrycache.expirytime = 600000ms (custom)
2019-06-15 12:55:04,426 INFO  impl.RaftServerImpl (RaftServerImpl.java:start(173)) - 2ca47b2b-d921-461e-93e5-e1985b30af7c: start group-AF6AD4775AC2
2019-06-15 12:55:04,427 INFO  impl.RaftServerImpl (RaftServerImpl.java:setRole(164)) - 2ca47b2b-d921-461e-93e5-e1985b30af7c:group-AF6AD4775AC2 changes role from null to FOLLOWER at term 0 for startAsFollower
2019-06-15 12:55:04,429 INFO  impl.RoleInfo (RoleInfo.java:updateAndGet(143)) - 2ca47b2b-d921-461e-93e5-e1985b30af7c: start FollowerState
2019-06-15 12:55:04,431 INFO  util.JmxRegister (JmxRegister.java:tryRegister(44)) - Successfully registered JMX Bean with object name Ratis:service=RaftServer,group=group-AF6AD4775AC2,id=2ca47b2b-d921-461e-93e5-e1985b30af7c
2019-06-15 12:55:04,446 INFO  ozone.MiniOzoneClusterImpl (MiniOzoneClusterImpl.java:lambda$waitForClusterToBeReady$0(142)) - Waiting for cluster to be ready. Got 2 of 3 DN Heartbeats.
2019-06-15 12:55:04,453 INFO  node.SCMNodeManager (SCMNodeManager.java:register(269)) - Registered Data node : 517f7d0e-e4e9-49fa-a647-424f0a320eae{ip: 192.168.134.92, host: ozone-unit-076618677d3-6whwr-556242372, networkLocation: /default-rack, certSerialId: null}
2019-06-15 12:55:04,524 INFO  pipeline.PipelineStateManager (PipelineStateManager.java:addPipeline(56)) - Created pipeline Pipeline[ Id: c2d3bb73-d7f0-4dac-983c-af6ad4775ac2, Nodes: 2ca47b2b-d921-461e-93e5-e1985b30af7c{ip: 192.168.134.92, host: ozone-unit-076618677d3-6whwr-556242372, networkLocation: /default-rack, certSerialId: null}, Type:RATIS, Factor:ONE, State:OPEN]
2019-06-15 12:55:04,549 INFO  impl.RaftServerProxy (RaftServerProxy.java:addNew(89)) - 517f7d0e-e4e9-49fa-a647-424f0a320eae: addNew group-AA97F33ADFC2:[517f7d0e-e4e9-49fa-a647-424f0a320eae:192.168.134.92:41357] returns group-AA97F33ADFC2:java.util.concurrent.CompletableFuture@7e403ff3[Not completed]
2019-06-15 12:55:04,566 INFO  impl.RaftServerImpl (RaftServerImpl.java:<init>(91)) - 517f7d0e-e4e9-49fa-a647-424f0a320eae: new RaftServerImpl for group-AA97F33ADFC2:[517f7d0e-e4e9-49fa-a647-424f0a320eae:192.168.134.92:41357] with ContainerStateMachine:uninitialized
2019-06-15 12:55:04,567 INFO  server.RaftServerConfigKeys (ConfUtils.java:logGet(43)) - raft.server.rpc.timeout.min = 1s (custom)
2019-06-15 12:55:04,568 INFO  server.RaftServerConfigKeys (ConfUtils.java:logGet(43)) - raft.server.rpc.timeout.max = 1200ms (custom)
2019-06-15 12:55:04,568 INFO  server.RaftServerConfigKeys (ConfUtils.java:logGet(43)) - raft.server.rpcslowness.timeout = 120s (custom)
2019-06-15 12:55:04,568 INFO  server.RaftServerConfigKeys (ConfUtils.java:logGet(43)) - raft.server.log.appender.install.snapshot.enabled = true (default)
2019-06-15 12:55:04,568 INFO  impl.RaftServerImpl (ServerState.java:<init>(101)) - 517f7d0e-e4e9-49fa-a647-424f0a320eae:group-AA97F33ADFC2 ConfigurationManager, init=-1: [517f7d0e-e4e9-49fa-a647-424f0a320eae:192.168.134.92:41357], old=null, confs=<EMPTY_MAP>
2019-06-15 12:55:04,568 INFO  server.RaftServerConfigKeys (ConfUtils.java:logGet(43)) - raft.server.storage.dir = [/opt/src/hadoop-ozone/tools/target/test-dir/MiniOzoneClusterImpl-a0a80196-f9da-4c29-959e-8ae1e499c7b8/datanode-2/data/ratis] (custom)
2019-06-15 12:55:04,568 INFO  storage.RaftStorageDirectory (RaftStorageDirectory.java:analyzeStorage(246)) - The storage directory /opt/src/hadoop-ozone/tools/target/test-dir/MiniOzoneClusterImpl-a0a80196-f9da-4c29-959e-8ae1e499c7b8/datanode-2/data/ratis/e0b3506d-a004-42cd-8a4b-aa97f33adfc2 does not exist. Creating ...
2019-06-15 12:55:04,571 INFO  storage.RaftStorageDirectory (RaftStorageDirectory.java:tryLock(328)) - Lock on /opt/src/hadoop-ozone/tools/target/test-dir/MiniOzoneClusterImpl-a0a80196-f9da-4c29-959e-8ae1e499c7b8/datanode-2/data/ratis/e0b3506d-a004-42cd-8a4b-aa97f33adfc2/in_use.lock acquired by nodename 17808@ozone-unit-076618677d3-6whwr-556242372
2019-06-15 12:55:04,573 INFO  storage.RaftStorage (RaftStorage.java:format(75)) - Storage directory /opt/src/hadoop-ozone/tools/target/test-dir/MiniOzoneClusterImpl-a0a80196-f9da-4c29-959e-8ae1e499c7b8/datanode-2/data/ratis/e0b3506d-a004-42cd-8a4b-aa97f33adfc2 has been successfully formatted.
2019-06-15 12:55:04,574 INFO  ratis.ContainerStateMachine (ContainerStateMachine.java:loadSnapshot(199)) - The snapshot info is null.Setting the last applied index to:(t:0, i:~)
2019-06-15 12:55:04,574 INFO  server.RaftServerConfigKeys (ConfUtils.java:logGet(43)) - raft.server.leader.election.timeout = 120s (custom)
2019-06-15 12:55:04,575 INFO  server.RaftServerConfigKeys (ConfUtils.java:logGet(43)) - raft.server.log.use.memory = false (default)
2019-06-15 12:55:04,575 INFO  server.RaftServerConfigKeys (ConfUtils.java:logGet(43)) - raft.server.log.appender.buffer.byte-limit = 33554432 (custom)
2019-06-15 12:55:04,575 INFO  server.RaftServerConfigKeys (ConfUtils.java:logGet(43)) - raft.server.log.segment.size.max = 16384 (custom)
2019-06-15 12:55:04,575 INFO  server.RaftServerConfigKeys (ConfUtils.java:logGet(43)) - raft.server.log.segment.cache.num.max = 2 (custom)
2019-06-15 12:55:04,575 INFO  storage.RaftLogWorker (RaftLogWorker.java:<init>(123)) - new 517f7d0e-e4e9-49fa-a647-424f0a320eae-RaftLogWorker for Storage Directory /opt/src/hadoop-ozone/tools/target/test-dir/MiniOzoneClusterImpl-a0a80196-f9da-4c29-959e-8ae1e499c7b8/datanode-2/data/ratis/e0b3506d-a004-42cd-8a4b-aa97f33adfc2
2019-06-15 12:55:04,576 INFO  server.RaftServerConfigKeys (ConfUtils.java:logGet(43)) - raft.server.log.queue.byte-limit = 2147483647 (custom)
2019-06-15 12:55:04,576 INFO  server.RaftServerConfigKeys (ConfUtils.java:logGet(43)) - raft.server.log.queue.element-limit = 1024 (custom)
2019-06-15 12:55:04,576 INFO  server.RaftServerConfigKeys (ConfUtils.java:logGet(43)) - raft.server.log.segment.size.max = 16384 (custom)
2019-06-15 12:55:04,576 INFO  server.RaftServerConfigKeys (ConfUtils.java:logGet(43)) - raft.server.log.preallocated.size = 16384 (custom)
2019-06-15 12:55:04,576 INFO  server.RaftServerConfigKeys (ConfUtils.java:logGet(43)) - raft.server.log.write.buffer.size = 33554432 (custom)
2019-06-15 12:55:04,576 INFO  server.RaftServerConfigKeys (ConfUtils.java:logGet(43)) - raft.server.log.force.sync.num = 128 (default)
2019-06-15 12:55:04,576 INFO  server.RaftServerConfigKeys (ConfUtils.java:logGet(43)) - raft.server.log.statemachine.data.sync = true (default)
2019-06-15 12:55:04,577 INFO  server.RaftServerConfigKeys (ConfUtils.java:logGet(43)) - raft.server.log.statemachine.data.sync.timeout = 10s (default)
2019-06-15 12:55:04,577 INFO  server.RaftServerConfigKeys (ConfUtils.java:logGet(43)) - raft.server.log.statemachine.data.sync.timeout.retry = -1 (default)
2019-06-15 12:55:04,577 INFO  server.RaftServerConfigKeys (ConfUtils.java:logGet(43)) - raft.server.log.statemachine.data.caching.enabled = true (custom)
2019-06-15 12:55:04,578 INFO  server.RaftServerConfigKeys (ConfUtils.java:logGet(43)) - raft.server.snapshot.auto.trigger.enabled = true (custom)
2019-06-15 12:55:04,578 INFO  server.RaftServerConfigKeys (ConfUtils.java:logGet(43)) - raft.server.snapshot.auto.trigger.threshold = 10000 (custom)
2019-06-15 12:55:04,578 INFO  server.RaftServerConfigKeys (ConfUtils.java:logGet(43)) - raft.server.retrycache.expirytime = 600000ms (custom)
2019-06-15 12:55:04,578 INFO  impl.RaftServerImpl (RaftServerImpl.java:start(173)) - 517f7d0e-e4e9-49fa-a647-424f0a320eae: start group-AA97F33ADFC2
2019-06-15 12:55:04,578 INFO  impl.RaftServerImpl (RaftServerImpl.java:setRole(164)) - 517f7d0e-e4e9-49fa-a647-424f0a320eae:group-AA97F33ADFC2 changes role from null to FOLLOWER at term 0 for startAsFollower
2019-06-15 12:55:04,579 INFO  impl.RoleInfo (RoleInfo.java:updateAndGet(143)) - 517f7d0e-e4e9-49fa-a647-424f0a320eae: start FollowerState
2019-06-15 12:55:04,582 INFO  util.JmxRegister (JmxRegister.java:tryRegister(44)) - Successfully registered JMX Bean with object name Ratis:service=RaftServer,group=group-AA97F33ADFC2,id=517f7d0e-e4e9-49fa-a647-424f0a320eae
2019-06-15 12:55:04,589 INFO  pipeline.PipelineStateManager (PipelineStateManager.java:addPipeline(56)) - Created pipeline Pipeline[ Id: e0b3506d-a004-42cd-8a4b-aa97f33adfc2, Nodes: 517f7d0e-e4e9-49fa-a647-424f0a320eae{ip: 192.168.134.92, host: ozone-unit-076618677d3-6whwr-556242372, networkLocation: /default-rack, certSerialId: null}, Type:RATIS, Factor:ONE, State:OPEN]
2019-06-15 12:55:04,609 INFO  impl.RaftServerProxy (RaftServerProxy.java:addNew(89)) - b8270dd8-cb53-4384-8a16-4fb2063a8f3c: addNew group-4C8E367A9F2B:[b8270dd8-cb53-4384-8a16-4fb2063a8f3c:192.168.134.92:38983] returns group-4C8E367A9F2B:java.util.concurrent.CompletableFuture@5959ff9[Not completed]
2019-06-15 12:55:04,615 INFO  impl.RaftServerImpl (RaftServerImpl.java:<init>(91)) - b8270dd8-cb53-4384-8a16-4fb2063a8f3c: new RaftServerImpl for group-4C8E367A9F2B:[b8270dd8-cb53-4384-8a16-4fb2063a8f3c:192.168.134.92:38983] with ContainerStateMachine:uninitialized
2019-06-15 12:55:04,618 INFO  server.RaftServerConfigKeys (ConfUtils.java:logGet(43)) - raft.server.rpc.timeout.min = 1s (custom)
2019-06-15 12:55:04,618 INFO  server.RaftServerConfigKeys (ConfUtils.java:logGet(43)) - raft.server.rpc.timeout.max = 1200ms (custom)
2019-06-15 12:55:04,618 INFO  server.RaftServerConfigKeys (ConfUtils.java:logGet(43)) - raft.server.rpcslowness.timeout = 120s (custom)
2019-06-15 12:55:04,618 INFO  server.RaftServerConfigKeys (ConfUtils.java:logGet(43)) - raft.server.log.appender.install.snapshot.enabled = true (default)
2019-06-15 12:55:04,618 INFO  impl.RaftServerImpl (ServerState.java:<init>(101)) - b8270dd8-cb53-4384-8a16-4fb2063a8f3c:group-4C8E367A9F2B ConfigurationManager, init=-1: [b8270dd8-cb53-4384-8a16-4fb2063a8f3c:192.168.134.92:38983], old=null, confs=<EMPTY_MAP>
2019-06-15 12:55:04,619 INFO  server.RaftServerConfigKeys (ConfUtils.java:logGet(43)) - raft.server.storage.dir = [/opt/src/hadoop-ozone/tools/target/test-dir/MiniOzoneClusterImpl-a0a80196-f9da-4c29-959e-8ae1e499c7b8/datanode-1/data/ratis] (custom)
2019-06-15 12:55:04,619 INFO  storage.RaftStorageDirectory (RaftStorageDirectory.java:analyzeStorage(246)) - The storage directory /opt/src/hadoop-ozone/tools/target/test-dir/MiniOzoneClusterImpl-a0a80196-f9da-4c29-959e-8ae1e499c7b8/datanode-1/data/ratis/7e521841-d8c1-4cb5-988d-4c8e367a9f2b does not exist. Creating ...
2019-06-15 12:55:04,623 INFO  storage.RaftStorageDirectory (RaftStorageDirectory.java:tryLock(328)) - Lock on /opt/src/hadoop-ozone/tools/target/test-dir/MiniOzoneClusterImpl-a0a80196-f9da-4c29-959e-8ae1e499c7b8/datanode-1/data/ratis/7e521841-d8c1-4cb5-988d-4c8e367a9f2b/in_use.lock acquired by nodename 17808@ozone-unit-076618677d3-6whwr-556242372
2019-06-15 12:55:04,627 INFO  storage.RaftStorage (RaftStorage.java:format(75)) - Storage directory /opt/src/hadoop-ozone/tools/target/test-dir/MiniOzoneClusterImpl-a0a80196-f9da-4c29-959e-8ae1e499c7b8/datanode-1/data/ratis/7e521841-d8c1-4cb5-988d-4c8e367a9f2b has been successfully formatted.
2019-06-15 12:55:04,627 INFO  ratis.ContainerStateMachine (ContainerStateMachine.java:loadSnapshot(199)) - The snapshot info is null.Setting the last applied index to:(t:0, i:~)
2019-06-15 12:55:04,627 INFO  server.RaftServerConfigKeys (ConfUtils.java:logGet(43)) - raft.server.leader.election.timeout = 120s (custom)
2019-06-15 12:55:04,628 INFO  server.RaftServerConfigKeys (ConfUtils.java:logGet(43)) - raft.server.log.use.memory = false (default)
2019-06-15 12:55:04,628 INFO  server.RaftServerConfigKeys (ConfUtils.java:logGet(43)) - raft.server.log.appender.buffer.byte-limit = 33554432 (custom)
2019-06-15 12:55:04,628 INFO  server.RaftServerConfigKeys (ConfUtils.java:logGet(43)) - raft.server.log.segment.size.max = 16384 (custom)
2019-06-15 12:55:04,628 INFO  server.RaftServerConfigKeys (ConfUtils.java:logGet(43)) - raft.server.log.segment.cache.num.max = 2 (custom)
2019-06-15 12:55:04,628 INFO  storage.RaftLogWorker (RaftLogWorker.java:<init>(123)) - new b8270dd8-cb53-4384-8a16-4fb2063a8f3c-RaftLogWorker for Storage Directory /opt/src/hadoop-ozone/tools/target/test-dir/MiniOzoneClusterImpl-a0a80196-f9da-4c29-959e-8ae1e499c7b8/datanode-1/data/ratis/7e521841-d8c1-4cb5-988d-4c8e367a9f2b
2019-06-15 12:55:04,628 INFO  server.RaftServerConfigKeys (ConfUtils.java:logGet(43)) - raft.server.log.queue.byte-limit = 2147483647 (custom)
2019-06-15 12:55:04,628 INFO  server.RaftServerConfigKeys (ConfUtils.java:logGet(43)) - raft.server.log.queue.element-limit = 1024 (custom)
2019-06-15 12:55:04,628 INFO  server.RaftServerConfigKeys (ConfUtils.java:logGet(43)) - raft.server.log.segment.size.max = 16384 (custom)
2019-06-15 12:55:04,628 INFO  server.RaftServerConfigKeys (ConfUtils.java:logGet(43)) - raft.server.log.preallocated.size = 16384 (custom)
2019-06-15 12:55:04,628 INFO  server.RaftServerConfigKeys (ConfUtils.java:logGet(43)) - raft.server.log.write.buffer.size = 33554432 (custom)
2019-06-15 12:55:04,629 INFO  server.RaftServerConfigKeys (ConfUtils.java:logGet(43)) - raft.server.log.force.sync.num = 128 (default)
2019-06-15 12:55:04,629 INFO  server.RaftServerConfigKeys (ConfUtils.java:logGet(43)) - raft.server.log.statemachine.data.sync = true (default)
2019-06-15 12:55:04,629 INFO  server.RaftServerConfigKeys (ConfUtils.java:logGet(43)) - raft.server.log.statemachine.data.sync.timeout = 10s (default)
2019-06-15 12:55:04,629 INFO  server.RaftServerConfigKeys (ConfUtils.java:logGet(43)) - raft.server.log.statemachine.data.sync.timeout.retry = -1 (default)
2019-06-15 12:55:04,629 INFO  server.RaftServerConfigKeys (ConfUtils.java:logGet(43)) - raft.server.log.statemachine.data.caching.enabled = true (custom)
2019-06-15 12:55:04,634 INFO  server.RaftServerConfigKeys (ConfUtils.java:logGet(43)) - raft.server.snapshot.auto.trigger.enabled = true (custom)
2019-06-15 12:55:04,634 INFO  server.RaftServerConfigKeys (ConfUtils.java:logGet(43)) - raft.server.snapshot.auto.trigger.threshold = 10000 (custom)
2019-06-15 12:55:04,634 INFO  server.RaftServerConfigKeys (ConfUtils.java:logGet(43)) - raft.server.retrycache.expirytime = 600000ms (custom)
2019-06-15 12:55:04,634 INFO  impl.RaftServerImpl (RaftServerImpl.java:start(173)) - b8270dd8-cb53-4384-8a16-4fb2063a8f3c: start group-4C8E367A9F2B
2019-06-15 12:55:04,635 INFO  impl.RaftServerImpl (RaftServerImpl.java:setRole(164)) - b8270dd8-cb53-4384-8a16-4fb2063a8f3c:group-4C8E367A9F2B changes role from null to FOLLOWER at term 0 for startAsFollower
2019-06-15 12:55:04,635 INFO  impl.RoleInfo (RoleInfo.java:updateAndGet(143)) - b8270dd8-cb53-4384-8a16-4fb2063a8f3c: start FollowerState
2019-06-15 12:55:04,635 INFO  util.JmxRegister (JmxRegister.java:tryRegister(44)) - Successfully registered JMX Bean with object name Ratis:service=RaftServer,group=group-4C8E367A9F2B,id=b8270dd8-cb53-4384-8a16-4fb2063a8f3c
2019-06-15 12:55:04,650 INFO  pipeline.PipelineStateManager (PipelineStateManager.java:addPipeline(56)) - Created pipeline Pipeline[ Id: 7e521841-d8c1-4cb5-988d-4c8e367a9f2b, Nodes: b8270dd8-cb53-4384-8a16-4fb2063a8f3c{ip: 192.168.134.92, host: ozone-unit-076618677d3-6whwr-556242372, networkLocation: /default-rack, certSerialId: null}, Type:RATIS, Factor:ONE, State:OPEN]
2019-06-15 12:55:04,679 INFO  impl.RaftServerProxy (RaftServerProxy.java:addNew(89)) - 517f7d0e-e4e9-49fa-a647-424f0a320eae: addNew group-31FF9C625868:[517f7d0e-e4e9-49fa-a647-424f0a320eae:192.168.134.92:41357, b8270dd8-cb53-4384-8a16-4fb2063a8f3c:192.168.134.92:38983, 2ca47b2b-d921-461e-93e5-e1985b30af7c:192.168.134.92:46521] returns group-31FF9C625868:java.util.concurrent.CompletableFuture@41d589dc[Not completed]
2019-06-15 12:55:04,681 INFO  impl.RaftServerImpl (RaftServerImpl.java:<init>(91)) - 517f7d0e-e4e9-49fa-a647-424f0a320eae: new RaftServerImpl for group-31FF9C625868:[517f7d0e-e4e9-49fa-a647-424f0a320eae:192.168.134.92:41357, b8270dd8-cb53-4384-8a16-4fb2063a8f3c:192.168.134.92:38983, 2ca47b2b-d921-461e-93e5-e1985b30af7c:192.168.134.92:46521] with ContainerStateMachine:uninitialized
2019-06-15 12:55:04,681 INFO  server.RaftServerConfigKeys (ConfUtils.java:logGet(43)) - raft.server.rpc.timeout.min = 1s (custom)
2019-06-15 12:55:04,681 INFO  impl.RaftServerProxy (RaftServerProxy.java:addNew(89)) - 2ca47b2b-d921-461e-93e5-e1985b30af7c: addNew group-31FF9C625868:[517f7d0e-e4e9-49fa-a647-424f0a320eae:192.168.134.92:41357, b8270dd8-cb53-4384-8a16-4fb2063a8f3c:192.168.134.92:38983, 2ca47b2b-d921-461e-93e5-e1985b30af7c:192.168.134.92:46521] returns group-31FF9C625868:java.util.concurrent.CompletableFuture@5c65a0cc[Not completed]
2019-06-15 12:55:04,681 INFO  server.RaftServerConfigKeys (ConfUtils.java:logGet(43)) - raft.server.rpc.timeout.max = 1200ms (custom)
2019-06-15 12:55:04,682 INFO  server.RaftServerConfigKeys (ConfUtils.java:logGet(43)) - raft.server.rpcslowness.timeout = 120s (custom)
2019-06-15 12:55:04,682 INFO  server.RaftServerConfigKeys (ConfUtils.java:logGet(43)) - raft.server.log.appender.install.snapshot.enabled = true (default)
2019-06-15 12:55:04,682 INFO  impl.RaftServerImpl (ServerState.java:<init>(101)) - 517f7d0e-e4e9-49fa-a647-424f0a320eae:group-31FF9C625868 ConfigurationManager, init=-1: [517f7d0e-e4e9-49fa-a647-424f0a320eae:192.168.134.92:41357, b8270dd8-cb53-4384-8a16-4fb2063a8f3c:192.168.134.92:38983, 2ca47b2b-d921-461e-93e5-e1985b30af7c:192.168.134.92:46521], old=null, confs=<EMPTY_MAP>
2019-06-15 12:55:04,682 INFO  server.RaftServerConfigKeys (ConfUtils.java:logGet(43)) - raft.server.storage.dir = [/opt/src/hadoop-ozone/tools/target/test-dir/MiniOzoneClusterImpl-a0a80196-f9da-4c29-959e-8ae1e499c7b8/datanode-2/data/ratis] (custom)
2019-06-15 12:55:04,682 INFO  impl.RaftServerImpl (RaftServerImpl.java:<init>(91)) - 2ca47b2b-d921-461e-93e5-e1985b30af7c: new RaftServerImpl for group-31FF9C625868:[517f7d0e-e4e9-49fa-a647-424f0a320eae:192.168.134.92:41357, b8270dd8-cb53-4384-8a16-4fb2063a8f3c:192.168.134.92:38983, 2ca47b2b-d921-461e-93e5-e1985b30af7c:192.168.134.92:46521] with ContainerStateMachine:uninitialized
2019-06-15 12:55:04,682 INFO  storage.RaftStorageDirectory (RaftStorageDirectory.java:analyzeStorage(246)) - The storage directory /opt/src/hadoop-ozone/tools/target/test-dir/MiniOzoneClusterImpl-a0a80196-f9da-4c29-959e-8ae1e499c7b8/datanode-2/data/ratis/8beb0ae3-fb49-4847-a181-31ff9c625868 does not exist. Creating ...
2019-06-15 12:55:04,682 INFO  server.RaftServerConfigKeys (ConfUtils.java:logGet(43)) - raft.server.rpc.timeout.min = 1s (custom)
2019-06-15 12:55:04,685 INFO  server.RaftServerConfigKeys (ConfUtils.java:logGet(43)) - raft.server.rpc.timeout.max = 1200ms (custom)
2019-06-15 12:55:04,685 INFO  server.RaftServerConfigKeys (ConfUtils.java:logGet(43)) - raft.server.rpcslowness.timeout = 120s (custom)
2019-06-15 12:55:04,685 INFO  server.RaftServerConfigKeys (ConfUtils.java:logGet(43)) - raft.server.log.appender.install.snapshot.enabled = true (default)
2019-06-15 12:55:04,685 INFO  impl.RaftServerImpl (ServerState.java:<init>(101)) - 2ca47b2b-d921-461e-93e5-e1985b30af7c:group-31FF9C625868 ConfigurationManager, init=-1: [517f7d0e-e4e9-49fa-a647-424f0a320eae:192.168.134.92:41357, b8270dd8-cb53-4384-8a16-4fb2063a8f3c:192.168.134.92:38983, 2ca47b2b-d921-461e-93e5-e1985b30af7c:192.168.134.92:46521], old=null, confs=<EMPTY_MAP>
2019-06-15 12:55:04,685 INFO  server.RaftServerConfigKeys (ConfUtils.java:logGet(43)) - raft.server.storage.dir = [/opt/src/hadoop-ozone/tools/target/test-dir/MiniOzoneClusterImpl-a0a80196-f9da-4c29-959e-8ae1e499c7b8/datanode-0/data/ratis] (custom)
2019-06-15 12:55:04,686 INFO  storage.RaftStorageDirectory (RaftStorageDirectory.java:analyzeStorage(246)) - The storage directory /opt/src/hadoop-ozone/tools/target/test-dir/MiniOzoneClusterImpl-a0a80196-f9da-4c29-959e-8ae1e499c7b8/datanode-0/data/ratis/8beb0ae3-fb49-4847-a181-31ff9c625868 does not exist. Creating ...
2019-06-15 12:55:04,685 INFO  storage.RaftStorageDirectory (RaftStorageDirectory.java:tryLock(328)) - Lock on /opt/src/hadoop-ozone/tools/target/test-dir/MiniOzoneClusterImpl-a0a80196-f9da-4c29-959e-8ae1e499c7b8/datanode-2/data/ratis/8beb0ae3-fb49-4847-a181-31ff9c625868/in_use.lock acquired by nodename 17808@ozone-unit-076618677d3-6whwr-556242372
2019-06-15 12:55:04,687 INFO  impl.RaftServerImpl (RaftServerImpl.java:<init>(91)) - b8270dd8-cb53-4384-8a16-4fb2063a8f3c: new RaftServerImpl for group-31FF9C625868:[517f7d0e-e4e9-49fa-a647-424f0a320eae:192.168.134.92:41357, b8270dd8-cb53-4384-8a16-4fb2063a8f3c:192.168.134.92:38983, 2ca47b2b-d921-461e-93e5-e1985b30af7c:192.168.134.92:46521] with ContainerStateMachine:uninitialized
2019-06-15 12:55:04,687 INFO  server.RaftServerConfigKeys (ConfUtils.java:logGet(43)) - raft.server.rpc.timeout.min = 1s (custom)
2019-06-15 12:55:04,687 INFO  server.RaftServerConfigKeys (ConfUtils.java:logGet(43)) - raft.server.rpc.timeout.max = 1200ms (custom)
2019-06-15 12:55:04,687 INFO  server.RaftServerConfigKeys (ConfUtils.java:logGet(43)) - raft.server.rpcslowness.timeout = 120s (custom)
2019-06-15 12:55:04,688 INFO  server.RaftServerConfigKeys (ConfUtils.java:logGet(43)) - raft.server.log.appender.install.snapshot.enabled = true (default)
2019-06-15 12:55:04,688 INFO  impl.RaftServerImpl (ServerState.java:<init>(101)) - b8270dd8-cb53-4384-8a16-4fb2063a8f3c:group-31FF9C625868 ConfigurationManager, init=-1: [517f7d0e-e4e9-49fa-a647-424f0a320eae:192.168.134.92:41357, b8270dd8-cb53-4384-8a16-4fb2063a8f3c:192.168.134.92:38983, 2ca47b2b-d921-461e-93e5-e1985b30af7c:192.168.134.92:46521], old=null, confs=<EMPTY_MAP>
2019-06-15 12:55:04,688 INFO  storage.RaftStorageDirectory (RaftStorageDirectory.java:tryLock(328)) - Lock on /opt/src/hadoop-ozone/tools/target/test-dir/MiniOzoneClusterImpl-a0a80196-f9da-4c29-959e-8ae1e499c7b8/datanode-0/data/ratis/8beb0ae3-fb49-4847-a181-31ff9c625868/in_use.lock acquired by nodename 17808@ozone-unit-076618677d3-6whwr-556242372
2019-06-15 12:55:04,686 INFO  impl.RaftServerProxy (RaftServerProxy.java:addNew(89)) - b8270dd8-cb53-4384-8a16-4fb2063a8f3c: addNew group-31FF9C625868:[517f7d0e-e4e9-49fa-a647-424f0a320eae:192.168.134.92:41357, b8270dd8-cb53-4384-8a16-4fb2063a8f3c:192.168.134.92:38983, 2ca47b2b-d921-461e-93e5-e1985b30af7c:192.168.134.92:46521] returns group-31FF9C625868:java.util.concurrent.CompletableFuture@752696ee[Not completed]
2019-06-15 12:55:04,688 INFO  server.RaftServerConfigKeys (ConfUtils.java:logGet(43)) - raft.server.storage.dir = [/opt/src/hadoop-ozone/tools/target/test-dir/MiniOzoneClusterImpl-a0a80196-f9da-4c29-959e-8ae1e499c7b8/datanode-1/data/ratis] (custom)
2019-06-15 12:55:04,689 INFO  storage.RaftStorageDirectory (RaftStorageDirectory.java:analyzeStorage(246)) - The storage directory /opt/src/hadoop-ozone/tools/target/test-dir/MiniOzoneClusterImpl-a0a80196-f9da-4c29-959e-8ae1e499c7b8/datanode-1/data/ratis/8beb0ae3-fb49-4847-a181-31ff9c625868 does not exist. Creating ...
2019-06-15 12:55:04,693 INFO  storage.RaftStorage (RaftStorage.java:format(75)) - Storage directory /opt/src/hadoop-ozone/tools/target/test-dir/MiniOzoneClusterImpl-a0a80196-f9da-4c29-959e-8ae1e499c7b8/datanode-2/data/ratis/8beb0ae3-fb49-4847-a181-31ff9c625868 has been successfully formatted.
2019-06-15 12:55:04,693 INFO  ratis.ContainerStateMachine (ContainerStateMachine.java:loadSnapshot(199)) - The snapshot info is null.Setting the last applied index to:(t:0, i:~)
2019-06-15 12:55:04,693 INFO  server.RaftServerConfigKeys (ConfUtils.java:logGet(43)) - raft.server.leader.election.timeout = 120s (custom)
2019-06-15 12:55:04,693 INFO  server.RaftServerConfigKeys (ConfUtils.java:logGet(43)) - raft.server.log.use.memory = false (default)
2019-06-15 12:55:04,693 INFO  server.RaftServerConfigKeys (ConfUtils.java:logGet(43)) - raft.server.log.appender.buffer.byte-limit = 33554432 (custom)
2019-06-15 12:55:04,693 INFO  server.RaftServerConfigKeys (ConfUtils.java:logGet(43)) - raft.server.log.segment.size.max = 16384 (custom)
2019-06-15 12:55:04,694 INFO  server.RaftServerConfigKeys (ConfUtils.java:logGet(43)) - raft.server.log.segment.cache.num.max = 2 (custom)
2019-06-15 12:55:04,694 INFO  storage.RaftLogWorker (RaftLogWorker.java:<init>(123)) - new 517f7d0e-e4e9-49fa-a647-424f0a320eae-RaftLogWorker for Storage Directory /opt/src/hadoop-ozone/tools/target/test-dir/MiniOzoneClusterImpl-a0a80196-f9da-4c29-959e-8ae1e499c7b8/datanode-2/data/ratis/8beb0ae3-fb49-4847-a181-31ff9c625868
2019-06-15 12:55:04,694 INFO  server.RaftServerConfigKeys (ConfUtils.java:logGet(43)) - raft.server.log.queue.byte-limit = 2147483647 (custom)
2019-06-15 12:55:04,694 INFO  server.RaftServerConfigKeys (ConfUtils.java:logGet(43)) - raft.server.log.queue.element-limit = 1024 (custom)
2019-06-15 12:55:04,694 INFO  server.RaftServerConfigKeys (ConfUtils.java:logGet(43)) - raft.server.log.segment.size.max = 16384 (custom)
2019-06-15 12:55:04,694 INFO  server.RaftServerConfigKeys (ConfUtils.java:logGet(43)) - raft.server.log.preallocated.size = 16384 (custom)
2019-06-15 12:55:04,694 INFO  server.RaftServerConfigKeys (ConfUtils.java:logGet(43)) - raft.server.log.write.buffer.size = 33554432 (custom)
2019-06-15 12:55:04,695 INFO  server.RaftServerConfigKeys (ConfUtils.java:logGet(43)) - raft.server.log.force.sync.num = 128 (default)
2019-06-15 12:55:04,695 INFO  server.RaftServerConfigKeys (ConfUtils.java:logGet(43)) - raft.server.log.statemachine.data.sync = true (default)
2019-06-15 12:55:04,695 INFO  server.RaftServerConfigKeys (ConfUtils.java:logGet(43)) - raft.server.log.statemachine.data.sync.timeout = 10s (default)
2019-06-15 12:55:04,695 INFO  server.RaftServerConfigKeys (ConfUtils.java:logGet(43)) - raft.server.log.statemachine.data.sync.timeout.retry = -1 (default)
2019-06-15 12:55:04,695 INFO  server.RaftServerConfigKeys (ConfUtils.java:logGet(43)) - raft.server.log.statemachine.data.caching.enabled = true (custom)
2019-06-15 12:55:04,696 INFO  storage.RaftStorageDirectory (RaftStorageDirectory.java:tryLock(328)) - Lock on /opt/src/hadoop-ozone/tools/target/test-dir/MiniOzoneClusterImpl-a0a80196-f9da-4c29-959e-8ae1e499c7b8/datanode-1/data/ratis/8beb0ae3-fb49-4847-a181-31ff9c625868/in_use.lock acquired by nodename 17808@ozone-unit-076618677d3-6whwr-556242372
2019-06-15 12:55:04,696 INFO  server.RaftServerConfigKeys (ConfUtils.java:logGet(43)) - raft.server.snapshot.auto.trigger.enabled = true (custom)
2019-06-15 12:55:04,696 INFO  server.RaftServerConfigKeys (ConfUtils.java:logGet(43)) - raft.server.snapshot.auto.trigger.threshold = 10000 (custom)
2019-06-15 12:55:04,696 INFO  server.RaftServerConfigKeys (ConfUtils.java:logGet(43)) - raft.server.retrycache.expirytime = 600000ms (custom)
2019-06-15 12:55:04,697 INFO  impl.RaftServerImpl (RaftServerImpl.java:start(173)) - 517f7d0e-e4e9-49fa-a647-424f0a320eae: start group-31FF9C625868
2019-06-15 12:55:04,697 INFO  impl.RaftServerImpl (RaftServerImpl.java:setRole(164)) - 517f7d0e-e4e9-49fa-a647-424f0a320eae:group-31FF9C625868 changes role from null to FOLLOWER at term 0 for startAsFollower
2019-06-15 12:55:04,697 INFO  storage.RaftStorage (RaftStorage.java:format(75)) - Storage directory /opt/src/hadoop-ozone/tools/target/test-dir/MiniOzoneClusterImpl-a0a80196-f9da-4c29-959e-8ae1e499c7b8/datanode-0/data/ratis/8beb0ae3-fb49-4847-a181-31ff9c625868 has been successfully formatted.
2019-06-15 12:55:04,697 INFO  ratis.ContainerStateMachine (ContainerStateMachine.java:loadSnapshot(199)) - The snapshot info is null.Setting the last applied index to:(t:0, i:~)
2019-06-15 12:55:04,701 INFO  server.RaftServerConfigKeys (ConfUtils.java:logGet(43)) - raft.server.leader.election.timeout = 120s (custom)
2019-06-15 12:55:04,701 INFO  server.RaftServerConfigKeys (ConfUtils.java:logGet(43)) - raft.server.log.use.memory = false (default)
2019-06-15 12:55:04,697 INFO  impl.RoleInfo (RoleInfo.java:updateAndGet(143)) - 517f7d0e-e4e9-49fa-a647-424f0a320eae: start FollowerState
2019-06-15 12:55:04,702 INFO  util.JmxRegister (JmxRegister.java:tryRegister(44)) - Successfully registered JMX Bean with object name Ratis:service=RaftServer,group=group-31FF9C625868,id=517f7d0e-e4e9-49fa-a647-424f0a320eae
2019-06-15 12:55:04,701 INFO  server.RaftServerConfigKeys (ConfUtils.java:logGet(43)) - raft.server.log.appender.buffer.byte-limit = 33554432 (custom)
2019-06-15 12:55:04,703 INFO  server.RaftServerConfigKeys (ConfUtils.java:logGet(43)) - raft.server.log.segment.size.max = 16384 (custom)
2019-06-15 12:55:04,703 INFO  server.RaftServerConfigKeys (ConfUtils.java:logGet(43)) - raft.server.log.segment.cache.num.max = 2 (custom)
2019-06-15 12:55:04,703 INFO  storage.RaftLogWorker (RaftLogWorker.java:<init>(123)) - new 2ca47b2b-d921-461e-93e5-e1985b30af7c-RaftLogWorker for Storage Directory /opt/src/hadoop-ozone/tools/target/test-dir/MiniOzoneClusterImpl-a0a80196-f9da-4c29-959e-8ae1e499c7b8/datanode-0/data/ratis/8beb0ae3-fb49-4847-a181-31ff9c625868
2019-06-15 12:55:04,703 INFO  server.RaftServerConfigKeys (ConfUtils.java:logGet(43)) - raft.server.log.queue.byte-limit = 2147483647 (custom)
2019-06-15 12:55:04,703 INFO  server.RaftServerConfigKeys (ConfUtils.java:logGet(43)) - raft.server.log.queue.element-limit = 1024 (custom)
2019-06-15 12:55:04,703 INFO  server.RaftServerConfigKeys (ConfUtils.java:logGet(43)) - raft.server.log.segment.size.max = 16384 (custom)
2019-06-15 12:55:04,704 INFO  server.RaftServerConfigKeys (ConfUtils.java:logGet(43)) - raft.server.log.preallocated.size = 16384 (custom)
2019-06-15 12:55:04,704 INFO  server.RaftServerConfigKeys (ConfUtils.java:logGet(43)) - raft.server.log.write.buffer.size = 33554432 (custom)
2019-06-15 12:55:04,704 INFO  server.RaftServerConfigKeys (ConfUtils.java:logGet(43)) - raft.server.log.force.sync.num = 128 (default)
2019-06-15 12:55:04,704 INFO  server.RaftServerConfigKeys (ConfUtils.java:logGet(43)) - raft.server.log.statemachine.data.sync = true (default)
2019-06-15 12:55:04,705 INFO  server.RaftServerConfigKeys (ConfUtils.java:logGet(43)) - raft.server.log.statemachine.data.sync.timeout = 10s (default)
2019-06-15 12:55:04,705 INFO  server.RaftServerConfigKeys (ConfUtils.java:logGet(43)) - raft.server.log.statemachine.data.sync.timeout.retry = -1 (default)
2019-06-15 12:55:04,705 INFO  server.RaftServerConfigKeys (ConfUtils.java:logGet(43)) - raft.server.log.statemachine.data.caching.enabled = true (custom)
2019-06-15 12:55:04,706 INFO  server.RaftServerConfigKeys (ConfUtils.java:logGet(43)) - raft.server.snapshot.auto.trigger.enabled = true (custom)
2019-06-15 12:55:04,706 INFO  server.RaftServerConfigKeys (ConfUtils.java:logGet(43)) - raft.server.snapshot.auto.trigger.threshold = 10000 (custom)
2019-06-15 12:55:04,706 INFO  server.RaftServerConfigKeys (ConfUtils.java:logGet(43)) - raft.server.retrycache.expirytime = 600000ms (custom)
2019-06-15 12:55:04,706 INFO  impl.RaftServerImpl (RaftServerImpl.java:start(173)) - 2ca47b2b-d921-461e-93e5-e1985b30af7c: start group-31FF9C625868
2019-06-15 12:55:04,706 INFO  impl.RaftServerImpl (RaftServerImpl.java:setRole(164)) - 2ca47b2b-d921-461e-93e5-e1985b30af7c:group-31FF9C625868 changes role from null to FOLLOWER at term 0 for startAsFollower
2019-06-15 12:55:04,707 INFO  impl.RoleInfo (RoleInfo.java:updateAndGet(143)) - 2ca47b2b-d921-461e-93e5-e1985b30af7c: start FollowerState
2019-06-15 12:55:04,709 INFO  storage.RaftStorage (RaftStorage.java:format(75)) - Storage directory /opt/src/hadoop-ozone/tools/target/test-dir/MiniOzoneClusterImpl-a0a80196-f9da-4c29-959e-8ae1e499c7b8/datanode-1/data/ratis/8beb0ae3-fb49-4847-a181-31ff9c625868 has been successfully formatted.
2019-06-15 12:55:04,709 INFO  ratis.ContainerStateMachine (ContainerStateMachine.java:loadSnapshot(199)) - The snapshot info is null.Setting the last applied index to:(t:0, i:~)
2019-06-15 12:55:04,710 INFO  server.RaftServerConfigKeys (ConfUtils.java:logGet(43)) - raft.server.leader.election.timeout = 120s (custom)
2019-06-15 12:55:04,710 INFO  server.RaftServerConfigKeys (ConfUtils.java:logGet(43)) - raft.server.log.use.memory = false (default)
2019-06-15 12:55:04,710 INFO  server.RaftServerConfigKeys (ConfUtils.java:logGet(43)) - raft.server.log.appender.buffer.byte-limit = 33554432 (custom)
2019-06-15 12:55:04,710 INFO  server.RaftServerConfigKeys (ConfUtils.java:logGet(43)) - raft.server.log.segment.size.max = 16384 (custom)
2019-06-15 12:55:04,710 INFO  server.RaftServerConfigKeys (ConfUtils.java:logGet(43)) - raft.server.log.segment.cache.num.max = 2 (custom)
2019-06-15 12:55:04,710 INFO  storage.RaftLogWorker (RaftLogWorker.java:<init>(123)) - new b8270dd8-cb53-4384-8a16-4fb2063a8f3c-RaftLogWorker for Storage Directory /opt/src/hadoop-ozone/tools/target/test-dir/MiniOzoneClusterImpl-a0a80196-f9da-4c29-959e-8ae1e499c7b8/datanode-1/data/ratis/8beb0ae3-fb49-4847-a181-31ff9c625868
2019-06-15 12:55:04,710 INFO  server.RaftServerConfigKeys (ConfUtils.java:logGet(43)) - raft.server.log.queue.byte-limit = 2147483647 (custom)
2019-06-15 12:55:04,711 INFO  server.RaftServerConfigKeys (ConfUtils.java:logGet(43)) - raft.server.log.queue.element-limit = 1024 (custom)
2019-06-15 12:55:04,711 INFO  server.RaftServerConfigKeys (ConfUtils.java:logGet(43)) - raft.server.log.segment.size.max = 16384 (custom)
2019-06-15 12:55:04,711 INFO  server.RaftServerConfigKeys (ConfUtils.java:logGet(43)) - raft.server.log.preallocated.size = 16384 (custom)
2019-06-15 12:55:04,711 INFO  server.RaftServerConfigKeys (ConfUtils.java:logGet(43)) - raft.server.log.write.buffer.size = 33554432 (custom)
2019-06-15 12:55:04,711 INFO  server.RaftServerConfigKeys (ConfUtils.java:logGet(43)) - raft.server.log.force.sync.num = 128 (default)
2019-06-15 12:55:04,711 INFO  server.RaftServerConfigKeys (ConfUtils.java:logGet(43)) - raft.server.log.statemachine.data.sync = true (default)
2019-06-15 12:55:04,711 INFO  server.RaftServerConfigKeys (ConfUtils.java:logGet(43)) - raft.server.log.statemachine.data.sync.timeout = 10s (default)
2019-06-15 12:55:04,711 INFO  server.RaftServerConfigKeys (ConfUtils.java:logGet(43)) - raft.server.log.statemachine.data.sync.timeout.retry = -1 (default)
2019-06-15 12:55:04,714 INFO  server.RaftServerConfigKeys (ConfUtils.java:logGet(43)) - raft.server.log.statemachine.data.caching.enabled = true (custom)
2019-06-15 12:55:04,714 INFO  util.JmxRegister (JmxRegister.java:tryRegister(44)) - Successfully registered JMX Bean with object name Ratis:service=RaftServer,group=group-31FF9C625868,id=2ca47b2b-d921-461e-93e5-e1985b30af7c
2019-06-15 12:55:04,714 INFO  server.RaftServerConfigKeys (ConfUtils.java:logGet(43)) - raft.server.snapshot.auto.trigger.enabled = true (custom)
2019-06-15 12:55:04,714 INFO  server.RaftServerConfigKeys (ConfUtils.java:logGet(43)) - raft.server.snapshot.auto.trigger.threshold = 10000 (custom)
2019-06-15 12:55:04,722 INFO  server.RaftServerConfigKeys (ConfUtils.java:logGet(43)) - raft.server.retrycache.expirytime = 600000ms (custom)
2019-06-15 12:55:04,723 INFO  impl.RaftServerImpl (RaftServerImpl.java:start(173)) - b8270dd8-cb53-4384-8a16-4fb2063a8f3c: start group-31FF9C625868
2019-06-15 12:55:04,723 INFO  impl.RaftServerImpl (RaftServerImpl.java:setRole(164)) - b8270dd8-cb53-4384-8a16-4fb2063a8f3c:group-31FF9C625868 changes role from null to FOLLOWER at term 0 for startAsFollower
2019-06-15 12:55:04,724 INFO  impl.RoleInfo (RoleInfo.java:updateAndGet(143)) - b8270dd8-cb53-4384-8a16-4fb2063a8f3c: start FollowerState
2019-06-15 12:55:04,726 INFO  util.JmxRegister (JmxRegister.java:tryRegister(44)) - Successfully registered JMX Bean with object name Ratis:service=RaftServer,group=group-31FF9C625868,id=b8270dd8-cb53-4384-8a16-4fb2063a8f3c
2019-06-15 12:55:04,735 INFO  pipeline.PipelineStateManager (PipelineStateManager.java:addPipeline(56)) - Created pipeline Pipeline[ Id: 8beb0ae3-fb49-4847-a181-31ff9c625868, Nodes: 2ca47b2b-d921-461e-93e5-e1985b30af7c{ip: 192.168.134.92, host: ozone-unit-076618677d3-6whwr-556242372, networkLocation: /default-rack, certSerialId: null}517f7d0e-e4e9-49fa-a647-424f0a320eae{ip: 192.168.134.92, host: ozone-unit-076618677d3-6whwr-556242372, networkLocation: /default-rack, certSerialId: null}b8270dd8-cb53-4384-8a16-4fb2063a8f3c{ip: 192.168.134.92, host: ozone-unit-076618677d3-6whwr-556242372, networkLocation: /default-rack, certSerialId: null}, Type:RATIS, Factor:THREE, State:OPEN]
2019-06-15 12:55:05,446 INFO  ozone.MiniOzoneClusterImpl (MiniOzoneClusterImpl.java:lambda$waitForClusterToBeReady$0(142)) - Cluster is ready. Got 3 of 3 DN Heartbeats.
2019-06-15 12:55:05,568 INFO  impl.FollowerState (FollowerState.java:run(101)) - 2ca47b2b-d921-461e-93e5-e1985b30af7c:group-AF6AD4775AC2 changes to CANDIDATE, lastRpcTime:1139, electionTimeout:1138ms
2019-06-15 12:55:05,568 INFO  impl.RoleInfo (RoleInfo.java:shutdownFollowerState(121)) - 2ca47b2b-d921-461e-93e5-e1985b30af7c: shutdown FollowerState
2019-06-15 12:55:05,568 INFO  impl.RaftServerImpl (RaftServerImpl.java:setRole(164)) - 2ca47b2b-d921-461e-93e5-e1985b30af7c:group-AF6AD4775AC2 changes role from FOLLOWER to CANDIDATE at term 0 for changeToCandidate
2019-06-15 12:55:05,570 INFO  impl.RoleInfo (RoleInfo.java:updateAndGet(143)) - 2ca47b2b-d921-461e-93e5-e1985b30af7c: start LeaderElection
2019-06-15 12:55:05,579 INFO  impl.LeaderElection (LeaderElection.java:askForVotes(181)) - 2ca47b2b-d921-461e-93e5-e1985b30af7c:group-AF6AD4775AC2:LeaderElection1: begin an election at term 1 for -1: [2ca47b2b-d921-461e-93e5-e1985b30af7c:192.168.134.92:46521], old=null
2019-06-15 12:55:05,581 INFO  impl.RoleInfo (RoleInfo.java:shutdownLeaderElection(134)) - 2ca47b2b-d921-461e-93e5-e1985b30af7c: shutdown LeaderElection
2019-06-15 12:55:05,581 INFO  impl.RaftServerImpl (RaftServerImpl.java:setRole(164)) - 2ca47b2b-d921-461e-93e5-e1985b30af7c:group-AF6AD4775AC2 changes role from CANDIDATE to LEADER at term 1 for changeToLeader
2019-06-15 12:55:05,581 INFO  impl.RaftServerImpl (ServerState.java:setLeader(263)) - 2ca47b2b-d921-461e-93e5-e1985b30af7c:group-AF6AD4775AC2 change Leader from null to 2ca47b2b-d921-461e-93e5-e1985b30af7c at term 1 for becomeLeader, leader elected after 1215ms
2019-06-15 12:55:05,589 INFO  server.RaftServerConfigKeys (ConfUtils.java:logGet(43)) - raft.server.staging.catchup.gap = 1000 (default)
2019-06-15 12:55:05,589 INFO  server.RaftServerConfigKeys (ConfUtils.java:logGet(43)) - raft.server.rpc.sleep.time = 25ms (default)
2019-06-15 12:55:05,591 INFO  server.RaftServerConfigKeys (ConfUtils.java:logGet(43)) - raft.server.watch.timeout = 10s (default)
2019-06-15 12:55:05,592 INFO  server.RaftServerConfigKeys (ConfUtils.java:logGet(43)) - raft.server.watch.timeout.denomination = 1s (default)
2019-06-15 12:55:05,598 INFO  impl.RoleInfo (RoleInfo.java:updateAndGet(143)) - 2ca47b2b-d921-461e-93e5-e1985b30af7c: start LeaderState
2019-06-15 12:55:05,614 INFO  storage.RaftLogWorker (RaftLogWorker.java:startLogSegment(298)) - 2ca47b2b-d921-461e-93e5-e1985b30af7c-RaftLogWorker: Starting segment from index:0
2019-06-15 12:55:05,636 INFO  impl.RaftServerImpl (ServerState.java:setRaftConf(361)) - 2ca47b2b-d921-461e-93e5-e1985b30af7c:group-AF6AD4775AC2 set configuration 0: [2ca47b2b-d921-461e-93e5-e1985b30af7c:192.168.134.92:46521], old=null at 0
2019-06-15 12:55:05,752 INFO  impl.FollowerState (FollowerState.java:run(101)) - 517f7d0e-e4e9-49fa-a647-424f0a320eae:group-AA97F33ADFC2 changes to CANDIDATE, lastRpcTime:1173, electionTimeout:1170ms
2019-06-15 12:55:05,755 INFO  impl.RoleInfo (RoleInfo.java:shutdownFollowerState(121)) - 517f7d0e-e4e9-49fa-a647-424f0a320eae: shutdown FollowerState
2019-06-15 12:55:05,755 INFO  impl.RaftServerImpl (RaftServerImpl.java:setRole(164)) - 517f7d0e-e4e9-49fa-a647-424f0a320eae:group-AA97F33ADFC2 changes role from FOLLOWER to CANDIDATE at term 0 for changeToCandidate
2019-06-15 12:55:05,755 INFO  impl.RoleInfo (RoleInfo.java:updateAndGet(143)) - 517f7d0e-e4e9-49fa-a647-424f0a320eae: start LeaderElection
2019-06-15 12:55:05,772 INFO  impl.FollowerState (FollowerState.java:run(101)) - 517f7d0e-e4e9-49fa-a647-424f0a320eae:group-31FF9C625868 changes to CANDIDATE, lastRpcTime:1075, electionTimeout:1070ms
2019-06-15 12:55:05,772 INFO  impl.RoleInfo (RoleInfo.java:shutdownFollowerState(121)) - 517f7d0e-e4e9-49fa-a647-424f0a320eae: shutdown FollowerState
2019-06-15 12:55:05,772 INFO  impl.RaftServerImpl (RaftServerImpl.java:setRole(164)) - 517f7d0e-e4e9-49fa-a647-424f0a320eae:group-31FF9C625868 changes role from FOLLOWER to CANDIDATE at term 0 for changeToCandidate
2019-06-15 12:55:05,773 INFO  impl.RoleInfo (RoleInfo.java:updateAndGet(143)) - 517f7d0e-e4e9-49fa-a647-424f0a320eae: start LeaderElection
2019-06-15 12:55:05,780 INFO  impl.FollowerState (FollowerState.java:run(101)) - b8270dd8-cb53-4384-8a16-4fb2063a8f3c:group-4C8E367A9F2B changes to CANDIDATE, lastRpcTime:1145, electionTimeout:1144ms
2019-06-15 12:55:05,780 INFO  impl.RoleInfo (RoleInfo.java:shutdownFollowerState(121)) - b8270dd8-cb53-4384-8a16-4fb2063a8f3c: shutdown FollowerState
2019-06-15 12:55:05,780 INFO  impl.RaftServerImpl (RaftServerImpl.java:setRole(164)) - b8270dd8-cb53-4384-8a16-4fb2063a8f3c:group-4C8E367A9F2B changes role from FOLLOWER to CANDIDATE at term 0 for changeToCandidate
2019-06-15 12:55:05,783 INFO  impl.RoleInfo (RoleInfo.java:updateAndGet(143)) - b8270dd8-cb53-4384-8a16-4fb2063a8f3c: start LeaderElection
2019-06-15 12:55:05,780 INFO  impl.LeaderElection (LeaderElection.java:askForVotes(181)) - 517f7d0e-e4e9-49fa-a647-424f0a320eae:group-AA97F33ADFC2:LeaderElection2: begin an election at term 1 for -1: [517f7d0e-e4e9-49fa-a647-424f0a320eae:192.168.134.92:41357], old=null
2019-06-15 12:55:05,783 INFO  impl.RoleInfo (RoleInfo.java:shutdownLeaderElection(134)) - 517f7d0e-e4e9-49fa-a647-424f0a320eae: shutdown LeaderElection
2019-06-15 12:55:05,783 INFO  impl.RaftServerImpl (RaftServerImpl.java:setRole(164)) - 517f7d0e-e4e9-49fa-a647-424f0a320eae:group-AA97F33ADFC2 changes role from CANDIDATE to LEADER at term 1 for changeToLeader
2019-06-15 12:55:05,783 INFO  impl.RaftServerImpl (ServerState.java:setLeader(263)) - 517f7d0e-e4e9-49fa-a647-424f0a320eae:group-AA97F33ADFC2 change Leader from null to 517f7d0e-e4e9-49fa-a647-424f0a320eae at term 1 for becomeLeader, leader elected after 1208ms
2019-06-15 12:55:05,783 INFO  server.RaftServerConfigKeys (ConfUtils.java:logGet(43)) - raft.server.staging.catchup.gap = 1000 (default)
2019-06-15 12:55:05,783 INFO  server.RaftServerConfigKeys (ConfUtils.java:logGet(43)) - raft.server.rpc.sleep.time = 25ms (default)
2019-06-15 12:55:05,784 INFO  impl.LeaderElection (LeaderElection.java:askForVotes(181)) - 517f7d0e-e4e9-49fa-a647-424f0a320eae:group-31FF9C625868:LeaderElection3: begin an election at term 1 for -1: [517f7d0e-e4e9-49fa-a647-424f0a320eae:192.168.134.92:41357, b8270dd8-cb53-4384-8a16-4fb2063a8f3c:192.168.134.92:38983, 2ca47b2b-d921-461e-93e5-e1985b30af7c:192.168.134.92:46521], old=null
2019-06-15 12:55:05,785 INFO  server.RaftServerConfigKeys (ConfUtils.java:logGet(43)) - raft.server.watch.timeout = 10s (default)
2019-06-15 12:55:05,785 INFO  server.RaftServerConfigKeys (ConfUtils.java:logGet(43)) - raft.server.watch.timeout.denomination = 1s (default)
2019-06-15 12:55:05,786 INFO  impl.RoleInfo (RoleInfo.java:updateAndGet(143)) - 517f7d0e-e4e9-49fa-a647-424f0a320eae: start LeaderState
2019-06-15 12:55:05,786 INFO  storage.RaftLogWorker (RaftLogWorker.java:startLogSegment(298)) - 517f7d0e-e4e9-49fa-a647-424f0a320eae-RaftLogWorker: Starting segment from index:0
2019-06-15 12:55:05,787 INFO  impl.RaftServerImpl (ServerState.java:setRaftConf(361)) - 517f7d0e-e4e9-49fa-a647-424f0a320eae:group-AA97F33ADFC2 set configuration 0: [517f7d0e-e4e9-49fa-a647-424f0a320eae:192.168.134.92:41357], old=null at 0
2019-06-15 12:55:05,792 INFO  impl.LeaderElection (LeaderElection.java:askForVotes(181)) - b8270dd8-cb53-4384-8a16-4fb2063a8f3c:group-4C8E367A9F2B:LeaderElection4: begin an election at term 1 for -1: [b8270dd8-cb53-4384-8a16-4fb2063a8f3c:192.168.134.92:38983], old=null
2019-06-15 12:55:05,792 INFO  impl.RoleInfo (RoleInfo.java:shutdownLeaderElection(134)) - b8270dd8-cb53-4384-8a16-4fb2063a8f3c: shutdown LeaderElection
2019-06-15 12:55:05,793 INFO  impl.RaftServerImpl (RaftServerImpl.java:setRole(164)) - b8270dd8-cb53-4384-8a16-4fb2063a8f3c:group-4C8E367A9F2B changes role from CANDIDATE to LEADER at term 1 for changeToLeader
2019-06-15 12:55:05,793 INFO  impl.RaftServerImpl (ServerState.java:setLeader(263)) - b8270dd8-cb53-4384-8a16-4fb2063a8f3c:group-4C8E367A9F2B change Leader from null to b8270dd8-cb53-4384-8a16-4fb2063a8f3c at term 1 for becomeLeader, leader elected after 1165ms
2019-06-15 12:55:05,793 INFO  server.RaftServerConfigKeys (ConfUtils.java:logGet(43)) - raft.server.staging.catchup.gap = 1000 (default)
2019-06-15 12:55:05,793 INFO  server.RaftServerConfigKeys (ConfUtils.java:logGet(43)) - raft.server.rpc.sleep.time = 25ms (default)
2019-06-15 12:55:05,793 INFO  server.RaftServerConfigKeys (ConfUtils.java:logGet(43)) - raft.server.watch.timeout = 10s (default)
2019-06-15 12:55:05,794 INFO  server.RaftServerConfigKeys (ConfUtils.java:logGet(43)) - raft.server.watch.timeout.denomination = 1s (default)
2019-06-15 12:55:05,794 INFO  impl.RoleInfo (RoleInfo.java:updateAndGet(143)) - b8270dd8-cb53-4384-8a16-4fb2063a8f3c: start LeaderState
2019-06-15 12:55:05,794 INFO  storage.RaftLogWorker (RaftLogWorker.java:startLogSegment(298)) - b8270dd8-cb53-4384-8a16-4fb2063a8f3c-RaftLogWorker: Starting segment from index:0
2019-06-15 12:55:05,794 INFO  impl.RaftServerImpl (ServerState.java:setRaftConf(361)) - b8270dd8-cb53-4384-8a16-4fb2063a8f3c:group-4C8E367A9F2B set configuration 0: [b8270dd8-cb53-4384-8a16-4fb2063a8f3c:192.168.134.92:38983], old=null at 0
2019-06-15 12:55:05,828 INFO  impl.FollowerState (FollowerState.java:run(101)) - b8270dd8-cb53-4384-8a16-4fb2063a8f3c:group-31FF9C625868 changes to CANDIDATE, lastRpcTime:1104, electionTimeout:1097ms
2019-06-15 12:55:05,828 INFO  impl.RoleInfo (RoleInfo.java:shutdownFollowerState(121)) - b8270dd8-cb53-4384-8a16-4fb2063a8f3c: shutdown FollowerState
2019-06-15 12:55:05,828 INFO  impl.RaftServerImpl (RaftServerImpl.java:setRole(164)) - b8270dd8-cb53-4384-8a16-4fb2063a8f3c:group-31FF9C625868 changes role from FOLLOWER to CANDIDATE at term 0 for changeToCandidate
2019-06-15 12:55:05,828 INFO  impl.RoleInfo (RoleInfo.java:updateAndGet(143)) - b8270dd8-cb53-4384-8a16-4fb2063a8f3c: start LeaderElection
2019-06-15 12:55:05,859 INFO  impl.FollowerState (FollowerState.java:run(101)) - 2ca47b2b-d921-461e-93e5-e1985b30af7c:group-31FF9C625868 changes to CANDIDATE, lastRpcTime:1152, electionTimeout:1144ms
2019-06-15 12:55:05,859 INFO  impl.RoleInfo (RoleInfo.java:shutdownFollowerState(121)) - 2ca47b2b-d921-461e-93e5-e1985b30af7c: shutdown FollowerState
2019-06-15 12:55:05,859 INFO  impl.RaftServerImpl (RaftServerImpl.java:setRole(164)) - 2ca47b2b-d921-461e-93e5-e1985b30af7c:group-31FF9C625868 changes role from FOLLOWER to CANDIDATE at term 0 for changeToCandidate
2019-06-15 12:55:05,859 INFO  impl.RoleInfo (RoleInfo.java:updateAndGet(143)) - 2ca47b2b-d921-461e-93e5-e1985b30af7c: start LeaderElection
2019-06-15 12:55:05,889 INFO  storage.RaftLogWorker (RaftLogWorker.java:execute(469)) - 517f7d0e-e4e9-49fa-a647-424f0a320eae-RaftLogWorker: created new log segment /opt/src/hadoop-ozone/tools/target/test-dir/MiniOzoneClusterImpl-a0a80196-f9da-4c29-959e-8ae1e499c7b8/datanode-2/data/ratis/e0b3506d-a004-42cd-8a4b-aa97f33adfc2/current/log_inprogress_0
2019-06-15 12:55:05,893 INFO  storage.RaftLogWorker (RaftLogWorker.java:execute(469)) - b8270dd8-cb53-4384-8a16-4fb2063a8f3c-RaftLogWorker: created new log segment /opt/src/hadoop-ozone/tools/target/test-dir/MiniOzoneClusterImpl-a0a80196-f9da-4c29-959e-8ae1e499c7b8/datanode-1/data/ratis/7e521841-d8c1-4cb5-988d-4c8e367a9f2b/current/log_inprogress_0
2019-06-15 12:55:05,899 INFO  storage.RaftLogWorker (RaftLogWorker.java:execute(469)) - 2ca47b2b-d921-461e-93e5-e1985b30af7c-RaftLogWorker: created new log segment /opt/src/hadoop-ozone/tools/target/test-dir/MiniOzoneClusterImpl-a0a80196-f9da-4c29-959e-8ae1e499c7b8/datanode-0/data/ratis/c2d3bb73-d7f0-4dac-983c-af6ad4775ac2/current/log_inprogress_0
2019-06-15 12:55:05,902 INFO  impl.LeaderElection (LeaderElection.java:askForVotes(181)) - b8270dd8-cb53-4384-8a16-4fb2063a8f3c:group-31FF9C625868:LeaderElection5: begin an election at term 1 for -1: [517f7d0e-e4e9-49fa-a647-424f0a320eae:192.168.134.92:41357, b8270dd8-cb53-4384-8a16-4fb2063a8f3c:192.168.134.92:38983, 2ca47b2b-d921-461e-93e5-e1985b30af7c:192.168.134.92:46521], old=null
2019-06-15 12:55:05,906 INFO  impl.LeaderElection (LeaderElection.java:askForVotes(181)) - 2ca47b2b-d921-461e-93e5-e1985b30af7c:group-31FF9C625868:LeaderElection6: begin an election at term 1 for -1: [517f7d0e-e4e9-49fa-a647-424f0a320eae:192.168.134.92:41357, b8270dd8-cb53-4384-8a16-4fb2063a8f3c:192.168.134.92:38983, 2ca47b2b-d921-461e-93e5-e1985b30af7c:192.168.134.92:46521], old=null
2019-06-15 12:55:05,987 INFO  impl.LeaderElection (LeaderElection.java:logAndReturn(56)) - 2ca47b2b-d921-461e-93e5-e1985b30af7c:group-31FF9C625868:LeaderElection6: Election REJECTED; received 2 response(s) [2ca47b2b-d921-461e-93e5-e1985b30af7c->517f7d0e-e4e9-49fa-a647-424f0a320eae,false-t1, 2ca47b2b-d921-461e-93e5-e1985b30af7c->b8270dd8-cb53-4384-8a16-4fb2063a8f3c,false-t1] and 0 exception(s); 2ca47b2b-d921-461e-93e5-e1985b30af7c:t1, leader=null, voted=2ca47b2b-d921-461e-93e5-e1985b30af7c, raftlog=2ca47b2b-d921-461e-93e5-e1985b30af7c-SegmentedRaftLog:OPENED:c-1,f-1,i0, conf=-1: [517f7d0e-e4e9-49fa-a647-424f0a320eae:192.168.134.92:41357, b8270dd8-cb53-4384-8a16-4fb2063a8f3c:192.168.134.92:38983, 2ca47b2b-d921-461e-93e5-e1985b30af7c:192.168.134.92:46521], old=null
2019-06-15 12:55:05,987 INFO  impl.RaftServerImpl (RaftServerImpl.java:setRole(164)) - 2ca47b2b-d921-461e-93e5-e1985b30af7c:group-31FF9C625868 changes role from CANDIDATE to FOLLOWER at term 1 for DISCOVERED_A_NEW_TERM
2019-06-15 12:55:05,987 INFO  impl.RoleInfo (RoleInfo.java:shutdownLeaderElection(134)) - 2ca47b2b-d921-461e-93e5-e1985b30af7c: shutdown LeaderElection
2019-06-15 12:55:05,988 INFO  impl.RoleInfo (RoleInfo.java:updateAndGet(143)) - 2ca47b2b-d921-461e-93e5-e1985b30af7c: start FollowerState
2019-06-15 12:55:05,988 INFO  impl.LeaderElection (LeaderElection.java:logAndReturn(56)) - b8270dd8-cb53-4384-8a16-4fb2063a8f3c:group-31FF9C625868:LeaderElection5: Election REJECTED; received 2 response(s) [b8270dd8-cb53-4384-8a16-4fb2063a8f3c->517f7d0e-e4e9-49fa-a647-424f0a320eae,false-t1, b8270dd8-cb53-4384-8a16-4fb2063a8f3c->2ca47b2b-d921-461e-93e5-e1985b30af7c,false-t1] and 0 exception(s); b8270dd8-cb53-4384-8a16-4fb2063a8f3c:t1, leader=null, voted=b8270dd8-cb53-4384-8a16-4fb2063a8f3c, raftlog=b8270dd8-cb53-4384-8a16-4fb2063a8f3c-SegmentedRaftLog:OPENED:c-1,f-1,i0, conf=-1: [517f7d0e-e4e9-49fa-a647-424f0a320eae:192.168.134.92:41357, b8270dd8-cb53-4384-8a16-4fb2063a8f3c:192.168.134.92:38983, 2ca47b2b-d921-461e-93e5-e1985b30af7c:192.168.134.92:46521], old=null
2019-06-15 12:55:05,988 INFO  impl.LeaderElection (LeaderElection.java:logAndReturn(56)) - 517f7d0e-e4e9-49fa-a647-424f0a320eae:group-31FF9C625868:LeaderElection3: Election REJECTED; received 2 response(s) [517f7d0e-e4e9-49fa-a647-424f0a320eae->b8270dd8-cb53-4384-8a16-4fb2063a8f3c,false-t1, 517f7d0e-e4e9-49fa-a647-424f0a320eae->2ca47b2b-d921-461e-93e5-e1985b30af7c,false-t1] and 0 exception(s); 517f7d0e-e4e9-49fa-a647-424f0a320eae:t1, leader=null, voted=517f7d0e-e4e9-49fa-a647-424f0a320eae, raftlog=517f7d0e-e4e9-49fa-a647-424f0a320eae-SegmentedRaftLog:OPENED:c-1,f-1,i0, conf=-1: [517f7d0e-e4e9-49fa-a647-424f0a320eae:192.168.134.92:41357, b8270dd8-cb53-4384-8a16-4fb2063a8f3c:192.168.134.92:38983, 2ca47b2b-d921-461e-93e5-e1985b30af7c:192.168.134.92:46521], old=null
2019-06-15 12:55:05,991 INFO  impl.RaftServerImpl (RaftServerImpl.java:setRole(164)) - 517f7d0e-e4e9-49fa-a647-424f0a320eae:group-31FF9C625868 changes role from CANDIDATE to FOLLOWER at term 1 for DISCOVERED_A_NEW_TERM
2019-06-15 12:55:05,991 INFO  impl.RoleInfo (RoleInfo.java:shutdownLeaderElection(134)) - 517f7d0e-e4e9-49fa-a647-424f0a320eae: shutdown LeaderElection
2019-06-15 12:55:05,992 INFO  impl.RaftServerImpl (RaftServerImpl.java:setRole(164)) - b8270dd8-cb53-4384-8a16-4fb2063a8f3c:group-31FF9C625868 changes role from CANDIDATE to FOLLOWER at term 1 for DISCOVERED_A_NEW_TERM
2019-06-15 12:55:05,995 INFO  impl.RoleInfo (RoleInfo.java:shutdownLeaderElection(134)) - b8270dd8-cb53-4384-8a16-4fb2063a8f3c: shutdown LeaderElection
2019-06-15 12:55:05,995 INFO  impl.RoleInfo (RoleInfo.java:updateAndGet(143)) - b8270dd8-cb53-4384-8a16-4fb2063a8f3c: start FollowerState
2019-06-15 12:55:05,992 INFO  impl.RoleInfo (RoleInfo.java:updateAndGet(143)) - 517f7d0e-e4e9-49fa-a647-424f0a320eae: start FollowerState
2019-06-15 12:55:06,031 INFO  freon.RandomKeyGenerator (RandomKeyGenerator.java:call(261)) - Number of Threads: 10
2019-06-15 12:55:06,031 INFO  freon.RandomKeyGenerator (RandomKeyGenerator.java:call(267)) - Number of Volumes: 1.
2019-06-15 12:55:06,032 INFO  freon.RandomKeyGenerator (RandomKeyGenerator.java:call(268)) - Number of Buckets per Volume: 1.
2019-06-15 12:55:06,032 INFO  freon.RandomKeyGenerator (RandomKeyGenerator.java:call(269)) - Number of Keys per Bucket: 1.
2019-06-15 12:55:06,032 INFO  freon.RandomKeyGenerator (RandomKeyGenerator.java:call(270)) - Key size: 20971520 bytes
2019-06-15 12:55:06,032 INFO  freon.RandomKeyGenerator (RandomKeyGenerator.java:call(271)) - Buffer size: 4096 bytes
2019-06-15 12:55:06,034 INFO  freon.RandomKeyGenerator (RandomKeyGenerator.java:call(287)) - Data validation is enabled.
2019-06-15 12:55:06,036 INFO  freon.RandomKeyGenerator (RandomKeyGenerator.java:call(300)) - Starting progress bar Thread.

 0.00% |█                                                                                                    |  0/1 Time: 0:00:002019-06-15 12:55:06,051 INFO  rpc.RpcClient (RpcClient.java:createVolume(289)) - Creating Volume: vol-0-39399, with jenkins1000 as owner.
2019-06-15 12:55:06,072 INFO  rpc.RpcClient (RpcClient.java:createBucket(426)) - Creating Bucket: vol-0-39399/bucket-0-61209, with Versioning false and Storage Type set to DISK and Encryption set to false 
2019-06-15 12:55:06,228 INFO  client.GrpcClientProtocolClient (GrpcClientProtocolClient.java:onNext(254)) - client-A86CF9F6A924->2ca47b2b-d921-461e-93e5-e1985b30af7c: receive RaftClientReply:client-A86CF9F6A924->2ca47b2b-d921-461e-93e5-e1985b30af7c@group-31FF9C625868, cid=6, FAILED org.apache.ratis.protocol.NotLeaderException: Server 2ca47b2b-d921-461e-93e5-e1985b30af7c is not the leader (517f7d0e-e4e9-49fa-a647-424f0a320eae:192.168.134.92:41357). Request must be sent to leader., logIndex=0, commits[2ca47b2b-d921-461e-93e5-e1985b30af7c:c-1]
2019-06-15 12:55:06,238 WARN  client.GrpcClientProtocolService (LogUtils.java:warn(134)) - 0-OrderedRequestStreamObserver0: onError: org.apache.ratis.thirdparty.io.grpc.StatusRuntimeException: CANCELLED: cancelled before receiving half close
2019-06-15 12:55:07,003 INFO  impl.FollowerState (FollowerState.java:run(101)) - b8270dd8-cb53-4384-8a16-4fb2063a8f3c:group-31FF9C625868 changes to CANDIDATE, lastRpcTime:1008, electionTimeout:1007ms
2019-06-15 12:55:07,004 INFO  impl.RoleInfo (RoleInfo.java:shutdownFollowerState(121)) - b8270dd8-cb53-4384-8a16-4fb2063a8f3c: shutdown FollowerState
2019-06-15 12:55:07,004 INFO  impl.RaftServerImpl (RaftServerImpl.java:setRole(164)) - b8270dd8-cb53-4384-8a16-4fb2063a8f3c:group-31FF9C625868 changes role from FOLLOWER to CANDIDATE at term 1 for changeToCandidate
2019-06-15 12:55:07,004 INFO  impl.RoleInfo (RoleInfo.java:updateAndGet(143)) - b8270dd8-cb53-4384-8a16-4fb2063a8f3c: start LeaderElection
2019-06-15 12:55:07,008 INFO  impl.LeaderElection (LeaderElection.java:askForVotes(181)) - b8270dd8-cb53-4384-8a16-4fb2063a8f3c:group-31FF9C625868:LeaderElection7: begin an election at term 2 for -1: [517f7d0e-e4e9-49fa-a647-424f0a320eae:192.168.134.92:41357, b8270dd8-cb53-4384-8a16-4fb2063a8f3c:192.168.134.92:38983, 2ca47b2b-d921-461e-93e5-e1985b30af7c:192.168.134.92:46521], old=null
2019-06-15 12:55:07,012 INFO  impl.RaftServerImpl (RaftServerImpl.java:setRole(164)) - 517f7d0e-e4e9-49fa-a647-424f0a320eae:group-31FF9C625868 changes role from FOLLOWER to FOLLOWER at term 2 for recognizeCandidate:b8270dd8-cb53-4384-8a16-4fb2063a8f3c
2019-06-15 12:55:07,012 INFO  impl.RaftServerImpl (RaftServerImpl.java:setRole(164)) - 2ca47b2b-d921-461e-93e5-e1985b30af7c:group-31FF9C625868 changes role from FOLLOWER to FOLLOWER at term 2 for recognizeCandidate:b8270dd8-cb53-4384-8a16-4fb2063a8f3c
2019-06-15 12:55:07,012 INFO  impl.RoleInfo (RoleInfo.java:shutdownFollowerState(121)) - 517f7d0e-e4e9-49fa-a647-424f0a320eae: shutdown FollowerState
2019-06-15 12:55:07,012 INFO  impl.RoleInfo (RoleInfo.java:shutdownFollowerState(121)) - 2ca47b2b-d921-461e-93e5-e1985b30af7c: shutdown FollowerState
2019-06-15 12:55:07,012 INFO  impl.FollowerState (FollowerState.java:run(109)) - 517f7d0e-e4e9-49fa-a647-424f0a320eae: FollowerState was interrupted: java.lang.InterruptedException: sleep interrupted
2019-06-15 12:55:07,012 INFO  impl.FollowerState (FollowerState.java:run(109)) - 2ca47b2b-d921-461e-93e5-e1985b30af7c: FollowerState was interrupted: java.lang.InterruptedException: sleep interrupted
2019-06-15 12:55:07,012 INFO  impl.RoleInfo (RoleInfo.java:updateAndGet(143)) - 517f7d0e-e4e9-49fa-a647-424f0a320eae: start FollowerState
2019-06-15 12:55:07,012 INFO  impl.RoleInfo (RoleInfo.java:updateAndGet(143)) - 2ca47b2b-d921-461e-93e5-e1985b30af7c: start FollowerState
2019-06-15 12:55:07,020 INFO  impl.LeaderElection (LeaderElection.java:logAndReturn(56)) - b8270dd8-cb53-4384-8a16-4fb2063a8f3c:group-31FF9C625868:LeaderElection7: Election PASSED; received 1 response(s) [b8270dd8-cb53-4384-8a16-4fb2063a8f3c->517f7d0e-e4e9-49fa-a647-424f0a320eae,true-t2] and 0 exception(s); b8270dd8-cb53-4384-8a16-4fb2063a8f3c:t2, leader=null, voted=b8270dd8-cb53-4384-8a16-4fb2063a8f3c, raftlog=b8270dd8-cb53-4384-8a16-4fb2063a8f3c-SegmentedRaftLog:OPENED:c-1,f-1,i0, conf=-1: [517f7d0e-e4e9-49fa-a647-424f0a320eae:192.168.134.92:41357, b8270dd8-cb53-4384-8a16-4fb2063a8f3c:192.168.134.92:38983, 2ca47b2b-d921-461e-93e5-e1985b30af7c:192.168.134.92:46521], old=null
2019-06-15 12:55:07,020 INFO  impl.RoleInfo (RoleInfo.java:shutdownLeaderElection(134)) - b8270dd8-cb53-4384-8a16-4fb2063a8f3c: shutdown LeaderElection
2019-06-15 12:55:07,021 INFO  impl.RaftServerImpl (RaftServerImpl.java:setRole(164)) - b8270dd8-cb53-4384-8a16-4fb2063a8f3c:group-31FF9C625868 changes role from CANDIDATE to LEADER at term 2 for changeToLeader
2019-06-15 12:55:07,021 INFO  impl.RaftServerImpl (ServerState.java:setLeader(263)) - b8270dd8-cb53-4384-8a16-4fb2063a8f3c:group-31FF9C625868 change Leader from null to b8270dd8-cb53-4384-8a16-4fb2063a8f3c at term 2 for becomeLeader, leader elected after 2311ms
2019-06-15 12:55:07,021 INFO  server.RaftServerConfigKeys (ConfUtils.java:logGet(43)) - raft.server.staging.catchup.gap = 1000 (default)
2019-06-15 12:55:07,021 INFO  server.RaftServerConfigKeys (ConfUtils.java:logGet(43)) - raft.server.rpc.sleep.time = 25ms (default)
2019-06-15 12:55:07,021 INFO  server.RaftServerConfigKeys (ConfUtils.java:logGet(43)) - raft.server.watch.timeout = 10s (default)
2019-06-15 12:55:07,021 INFO  server.RaftServerConfigKeys (ConfUtils.java:logGet(43)) - raft.server.watch.timeout.denomination = 1s (default)
2019-06-15 12:55:07,023 INFO  server.RaftServerConfigKeys (ConfUtils.java:logGet(43)) - raft.server.log.appender.snapshot.chunk.size.max = 16MB (=16777216) (default)
2019-06-15 12:55:07,023 INFO  server.RaftServerConfigKeys (ConfUtils.java:logGet(43)) - raft.server.log.appender.buffer.byte-limit = 33554432 (custom)
2019-06-15 12:55:07,023 INFO  server.RaftServerConfigKeys (ConfUtils.java:logGet(43)) - raft.server.log.appender.buffer.element-limit = 1 (custom)
2019-06-15 12:55:07,024 INFO  grpc.GrpcConfigKeys$Server (ConfUtils.java:logGet(43)) - raft.grpc.server.leader.outstanding.appends.max = 128 (default)
2019-06-15 12:55:07,025 INFO  server.RaftServerConfigKeys (ConfUtils.java:logGet(43)) - raft.server.rpc.request.timeout = 3000ms (default)
2019-06-15 12:55:07,025 INFO  server.RaftServerConfigKeys (ConfUtils.java:logGet(43)) - raft.server.log.appender.install.snapshot.enabled = true (default)
2019-06-15 12:55:07,025 INFO  server.RaftServerConfigKeys (ConfUtils.java:logGet(43)) - raft.server.log.appender.snapshot.chunk.size.max = 16MB (=16777216) (default)
2019-06-15 12:55:07,025 INFO  server.RaftServerConfigKeys (ConfUtils.java:logGet(43)) - raft.server.log.appender.buffer.byte-limit = 33554432 (custom)
2019-06-15 12:55:07,025 INFO  server.RaftServerConfigKeys (ConfUtils.java:logGet(43)) - raft.server.log.appender.buffer.element-limit = 1 (custom)
2019-06-15 12:55:07,025 INFO  grpc.GrpcConfigKeys$Server (ConfUtils.java:logGet(43)) - raft.grpc.server.leader.outstanding.appends.max = 128 (default)
2019-06-15 12:55:07,026 INFO  server.RaftServerConfigKeys (ConfUtils.java:logGet(43)) - raft.server.rpc.request.timeout = 3000ms (default)
2019-06-15 12:55:07,026 INFO  server.RaftServerConfigKeys (ConfUtils.java:logGet(43)) - raft.server.log.appender.install.snapshot.enabled = true (default)
2019-06-15 12:55:07,026 INFO  impl.RoleInfo (RoleInfo.java:updateAndGet(143)) - b8270dd8-cb53-4384-8a16-4fb2063a8f3c: start LeaderState
2019-06-15 12:55:07,026 INFO  storage.RaftLogWorker (RaftLogWorker.java:startLogSegment(298)) - b8270dd8-cb53-4384-8a16-4fb2063a8f3c-RaftLogWorker: Starting segment from index:0
2019-06-15 12:55:07,030 INFO  impl.RaftServerImpl (ServerState.java:setRaftConf(361)) - b8270dd8-cb53-4384-8a16-4fb2063a8f3c:group-31FF9C625868 set configuration 0: [517f7d0e-e4e9-49fa-a647-424f0a320eae:192.168.134.92:41357, b8270dd8-cb53-4384-8a16-4fb2063a8f3c:192.168.134.92:38983, 2ca47b2b-d921-461e-93e5-e1985b30af7c:192.168.134.92:46521], old=null at 0
 0.00% |█                                                                                                    |  0/1 Time: 0:00:012019-06-15 12:55:07,057 INFO  impl.RaftServerImpl (ServerState.java:setLeader(263)) - 517f7d0e-e4e9-49fa-a647-424f0a320eae:group-31FF9C625868 change Leader from null to b8270dd8-cb53-4384-8a16-4fb2063a8f3c at term 2 for appendEntries, leader elected after 2364ms
2019-06-15 12:55:07,068 INFO  impl.RaftServerImpl (ServerState.java:setLeader(263)) - 2ca47b2b-d921-461e-93e5-e1985b30af7c:group-31FF9C625868 change Leader from null to b8270dd8-cb53-4384-8a16-4fb2063a8f3c at term 2 for appendEntries, leader elected after 2366ms
2019-06-15 12:55:07,069 INFO  storage.RaftLogWorker (RaftLogWorker.java:execute(469)) - b8270dd8-cb53-4384-8a16-4fb2063a8f3c-RaftLogWorker: created new log segment /opt/src/hadoop-ozone/tools/target/test-dir/MiniOzoneClusterImpl-a0a80196-f9da-4c29-959e-8ae1e499c7b8/datanode-1/data/ratis/8beb0ae3-fb49-4847-a181-31ff9c625868/current/log_inprogress_0
2019-06-15 12:55:07,084 INFO  impl.RaftServerImpl (ServerState.java:setRaftConf(361)) - 517f7d0e-e4e9-49fa-a647-424f0a320eae:group-31FF9C625868 set configuration 0: [517f7d0e-e4e9-49fa-a647-424f0a320eae:192.168.134.92:41357, b8270dd8-cb53-4384-8a16-4fb2063a8f3c:192.168.134.92:38983, 2ca47b2b-d921-461e-93e5-e1985b30af7c:192.168.134.92:46521], old=null at 0
2019-06-15 12:55:07,084 INFO  impl.RaftServerImpl (ServerState.java:setRaftConf(361)) - 2ca47b2b-d921-461e-93e5-e1985b30af7c:group-31FF9C625868 set configuration 0: [517f7d0e-e4e9-49fa-a647-424f0a320eae:192.168.134.92:41357, b8270dd8-cb53-4384-8a16-4fb2063a8f3c:192.168.134.92:38983, 2ca47b2b-d921-461e-93e5-e1985b30af7c:192.168.134.92:46521], old=null at 0
2019-06-15 12:55:07,084 INFO  storage.RaftLogWorker (RaftLogWorker.java:startLogSegment(298)) - 517f7d0e-e4e9-49fa-a647-424f0a320eae-RaftLogWorker: Starting segment from index:0
2019-06-15 12:55:07,084 INFO  storage.RaftLogWorker (RaftLogWorker.java:startLogSegment(298)) - 2ca47b2b-d921-461e-93e5-e1985b30af7c-RaftLogWorker: Starting segment from index:0
2019-06-15 12:55:07,128 INFO  storage.RaftLogWorker (RaftLogWorker.java:execute(469)) - 517f7d0e-e4e9-49fa-a647-424f0a320eae-RaftLogWorker: created new log segment /opt/src/hadoop-ozone/tools/target/test-dir/MiniOzoneClusterImpl-a0a80196-f9da-4c29-959e-8ae1e499c7b8/datanode-2/data/ratis/8beb0ae3-fb49-4847-a181-31ff9c625868/current/log_inprogress_0
2019-06-15 12:55:07,130 INFO  storage.RaftLogWorker (RaftLogWorker.java:execute(469)) - 2ca47b2b-d921-461e-93e5-e1985b30af7c-RaftLogWorker: created new log segment /opt/src/hadoop-ozone/tools/target/test-dir/MiniOzoneClusterImpl-a0a80196-f9da-4c29-959e-8ae1e499c7b8/datanode-0/data/ratis/8beb0ae3-fb49-4847-a181-31ff9c625868/current/log_inprogress_0
2019-06-15 12:55:07,249 INFO  client.GrpcClientProtocolClient (GrpcClientProtocolClient.java:onNext(254)) - client-A86CF9F6A924->517f7d0e-e4e9-49fa-a647-424f0a320eae: receive RaftClientReply:client-A86CF9F6A924->517f7d0e-e4e9-49fa-a647-424f0a320eae@group-31FF9C625868, cid=6, FAILED org.apache.ratis.protocol.NotLeaderException: Server 517f7d0e-e4e9-49fa-a647-424f0a320eae is not the leader (b8270dd8-cb53-4384-8a16-4fb2063a8f3c:192.168.134.92:38983). Request must be sent to leader., logIndex=0, commits[517f7d0e-e4e9-49fa-a647-424f0a320eae:c0, b8270dd8-cb53-4384-8a16-4fb2063a8f3c:c0, 2ca47b2b-d921-461e-93e5-e1985b30af7c:c-1]
2019-06-15 12:55:07,252 WARN  client.GrpcClientProtocolService (LogUtils.java:warn(134)) - 0-OrderedRequestStreamObserver0: onError: org.apache.ratis.thirdparty.io.grpc.StatusRuntimeException: CANCELLED: cancelled before receiving half close
 0.00% |█                                                                                                    |  0/1 Time: 0:00:022019-06-15 12:55:08,265 INFO  client.GrpcClientProtocolClient (GrpcClientProtocolClient.java:onNext(254)) - client-A86CF9F6A924->2ca47b2b-d921-461e-93e5-e1985b30af7c: receive RaftClientReply:client-A86CF9F6A924->2ca47b2b-d921-461e-93e5-e1985b30af7c@group-31FF9C625868, cid=6, FAILED org.apache.ratis.protocol.NotLeaderException: Server 2ca47b2b-d921-461e-93e5-e1985b30af7c is not the leader (b8270dd8-cb53-4384-8a16-4fb2063a8f3c:192.168.134.92:38983). Request must be sent to leader., logIndex=0, commits[2ca47b2b-d921-461e-93e5-e1985b30af7c:c0, 517f7d0e-e4e9-49fa-a647-424f0a320eae:c0, b8270dd8-cb53-4384-8a16-4fb2063a8f3c:c0]
2019-06-15 12:55:08,268 WARN  client.GrpcClientProtocolService (LogUtils.java:warn(134)) - 1-OrderedRequestStreamObserver1: onError: org.apache.ratis.thirdparty.io.grpc.StatusRuntimeException: CANCELLED: cancelled before receiving half close
 0.00% |█                                                                                                    |  0/1 Time: 0:00:032019-06-15 12:55:09,460 INFO  client.GrpcClientProtocolClient (GrpcClientProtocolClient.java:onNext(254)) - client-A86CF9F6A924->b8270dd8-cb53-4384-8a16-4fb2063a8f3c: receive RaftClientReply:client-A86CF9F6A924->b8270dd8-cb53-4384-8a16-4fb2063a8f3c@group-31FF9C625868, cid=6, SUCCESS, logIndex=1, commits[b8270dd8-cb53-4384-8a16-4fb2063a8f3c:c1, 517f7d0e-e4e9-49fa-a647-424f0a320eae:c0, 2ca47b2b-d921-461e-93e5-e1985b30af7c:c0]
2019-06-15 12:55:09,505 INFO  client.GrpcClientProtocolClient (GrpcClientProtocolClient.java:onNext(254)) - client-A86CF9F6A924->b8270dd8-cb53-4384-8a16-4fb2063a8f3c: receive RaftClientReply:client-A86CF9F6A924->b8270dd8-cb53-4384-8a16-4fb2063a8f3c@group-31FF9C625868, cid=7, SUCCESS, logIndex=3, commits[b8270dd8-cb53-4384-8a16-4fb2063a8f3c:c4, 517f7d0e-e4e9-49fa-a647-424f0a320eae:c3, 2ca47b2b-d921-461e-93e5-e1985b30af7c:c3]
2019-06-15 12:55:09,555 INFO  client.GrpcClientProtocolClient (GrpcClientProtocolClient.java:onNext(254)) - client-A86CF9F6A924->b8270dd8-cb53-4384-8a16-4fb2063a8f3c: receive RaftClientReply:client-A86CF9F6A924->b8270dd8-cb53-4384-8a16-4fb2063a8f3c@group-31FF9C625868, cid=8, SUCCESS, logIndex=5, commits[b8270dd8-cb53-4384-8a16-4fb2063a8f3c:c5, 517f7d0e-e4e9-49fa-a647-424f0a320eae:c4, 2ca47b2b-d921-461e-93e5-e1985b30af7c:c4]
2019-06-15 12:55:09,556 INFO  client.GrpcClientProtocolClient (GrpcClientProtocolClient.java:onNext(254)) - client-A86CF9F6A924->b8270dd8-cb53-4384-8a16-4fb2063a8f3c: receive RaftClientReply:client-A86CF9F6A924->b8270dd8-cb53-4384-8a16-4fb2063a8f3c@group-31FF9C625868, cid=9, SUCCESS, logIndex=6, commits[b8270dd8-cb53-4384-8a16-4fb2063a8f3c:c6, 517f7d0e-e4e9-49fa-a647-424f0a320eae:c4, 2ca47b2b-d921-461e-93e5-e1985b30af7c:c4]
2019-06-15 12:55:09,599 INFO  client.GrpcClientProtocolClient (GrpcClientProtocolClient.java:onNext(254)) - client-A86CF9F6A924->b8270dd8-cb53-4384-8a16-4fb2063a8f3c: receive RaftClientReply:client-A86CF9F6A924->b8270dd8-cb53-4384-8a16-4fb2063a8f3c@group-31FF9C625868, cid=10, SUCCESS, logIndex=9, commits[b8270dd8-cb53-4384-8a16-4fb2063a8f3c:c9, 517f7d0e-e4e9-49fa-a647-424f0a320eae:c6, 2ca47b2b-d921-461e-93e5-e1985b30af7c:c8]
2019-06-15 12:55:09,605 INFO  client.GrpcClientProtocolClient (GrpcClientProtocolClient.java:onNext(254)) - client-A86CF9F6A924->b8270dd8-cb53-4384-8a16-4fb2063a8f3c: receive RaftClientReply:client-A86CF9F6A924->b8270dd8-cb53-4384-8a16-4fb2063a8f3c@group-31FF9C625868, cid=11, SUCCESS, logIndex=11, commits[b8270dd8-cb53-4384-8a16-4fb2063a8f3c:c11, 517f7d0e-e4e9-49fa-a647-424f0a320eae:c9, 2ca47b2b-d921-461e-93e5-e1985b30af7c:c9]
2019-06-15 12:55:09,644 INFO  client.GrpcClientProtocolClient (GrpcClientProtocolClient.java:onNext(254)) - client-A86CF9F6A924->b8270dd8-cb53-4384-8a16-4fb2063a8f3c: receive RaftClientReply:client-A86CF9F6A924->b8270dd8-cb53-4384-8a16-4fb2063a8f3c@group-31FF9C625868, cid=12, SUCCESS, logIndex=13, commits[b8270dd8-cb53-4384-8a16-4fb2063a8f3c:c13, 517f7d0e-e4e9-49fa-a647-424f0a320eae:c11, 2ca47b2b-d921-461e-93e5-e1985b30af7c:c11]
2019-06-15 12:55:09,655 INFO  client.GrpcClientProtocolClient (GrpcClientProtocolClient.java:onNext(254)) - client-A86CF9F6A924->b8270dd8-cb53-4384-8a16-4fb2063a8f3c: receive RaftClientReply:client-A86CF9F6A924->b8270dd8-cb53-4384-8a16-4fb2063a8f3c@group-31FF9C625868, cid=13, SUCCESS, logIndex=15, commits[b8270dd8-cb53-4384-8a16-4fb2063a8f3c:c15, 517f7d0e-e4e9-49fa-a647-424f0a320eae:c13, 2ca47b2b-d921-461e-93e5-e1985b30af7c:c11]
2019-06-15 12:55:09,696 INFO  client.GrpcClientProtocolClient (GrpcClientProtocolClient.java:onNext(254)) - client-A86CF9F6A924->b8270dd8-cb53-4384-8a16-4fb2063a8f3c: receive RaftClientReply:client-A86CF9F6A924->b8270dd8-cb53-4384-8a16-4fb2063a8f3c@group-31FF9C625868, cid=14, SUCCESS, logIndex=0, commits[b8270dd8-cb53-4384-8a16-4fb2063a8f3c:c16, 517f7d0e-e4e9-49fa-a647-424f0a320eae:c15, 2ca47b2b-d921-461e-93e5-e1985b30af7c:c15]
2019-06-15 12:55:09,773 INFO  client.GrpcClientProtocolClient (GrpcClientProtocolClient.java:onNext(254)) - client-A86CF9F6A924->b8270dd8-cb53-4384-8a16-4fb2063a8f3c: receive RaftClientReply:client-A86CF9F6A924->b8270dd8-cb53-4384-8a16-4fb2063a8f3c@group-31FF9C625868, cid=15, SUCCESS, logIndex=17, commits[b8270dd8-cb53-4384-8a16-4fb2063a8f3c:c17, 517f7d0e-e4e9-49fa-a647-424f0a320eae:c16, 2ca47b2b-d921-461e-93e5-e1985b30af7c:c15]
2019-06-15 12:55:09,884 INFO  client.GrpcClientProtocolClient (GrpcClientProtocolClient.java:onNext(254)) - client-A86CF9F6A924->b8270dd8-cb53-4384-8a16-4fb2063a8f3c: receive RaftClientReply:client-A86CF9F6A924->b8270dd8-cb53-4384-8a16-4fb2063a8f3c@group-31FF9C625868, cid=16, SUCCESS, logIndex=19, commits[b8270dd8-cb53-4384-8a16-4fb2063a8f3c:c20, 517f7d0e-e4e9-49fa-a647-424f0a320eae:c19, 2ca47b2b-d921-461e-93e5-e1985b30af7c:c17]
2019-06-15 12:55:09,887 INFO  client.GrpcClientProtocolClient (GrpcClientProtocolClient.java:onNext(254)) - client-A86CF9F6A924->b8270dd8-cb53-4384-8a16-4fb2063a8f3c: receive RaftClientReply:client-A86CF9F6A924->b8270dd8-cb53-4384-8a16-4fb2063a8f3c@group-31FF9C625868, cid=17, SUCCESS, logIndex=20, commits[b8270dd8-cb53-4384-8a16-4fb2063a8f3c:c21, 517f7d0e-e4e9-49fa-a647-424f0a320eae:c19, 2ca47b2b-d921-461e-93e5-e1985b30af7c:c17]
2019-06-15 12:55:09,898 INFO  client.GrpcClientProtocolClient (GrpcClientProtocolClient.java:onNext(254)) - client-A86CF9F6A924->b8270dd8-cb53-4384-8a16-4fb2063a8f3c: receive RaftClientReply:client-A86CF9F6A924->b8270dd8-cb53-4384-8a16-4fb2063a8f3c@group-31FF9C625868, cid=18, SUCCESS, logIndex=22, commits[b8270dd8-cb53-4384-8a16-4fb2063a8f3c:c24, 517f7d0e-e4e9-49fa-a647-424f0a320eae:c22, 2ca47b2b-d921-461e-93e5-e1985b30af7c:c22]
2019-06-15 12:55:09,926 INFO  client.GrpcClientProtocolClient (GrpcClientProtocolClient.java:onNext(254)) - client-A86CF9F6A924->b8270dd8-cb53-4384-8a16-4fb2063a8f3c: receive RaftClientReply:client-A86CF9F6A924->b8270dd8-cb53-4384-8a16-4fb2063a8f3c@group-31FF9C625868, cid=19, SUCCESS, logIndex=25, commits[b8270dd8-cb53-4384-8a16-4fb2063a8f3c:c25, 517f7d0e-e4e9-49fa-a647-424f0a320eae:c24, 2ca47b2b-d921-461e-93e5-e1985b30af7c:c22]
2019-06-15 12:55:09,947 INFO  client.GrpcClientProtocolClient (GrpcClientProtocolClient.java:onNext(254)) - client-A86CF9F6A924->b8270dd8-cb53-4384-8a16-4fb2063a8f3c: receive RaftClientReply:client-A86CF9F6A924->b8270dd8-cb53-4384-8a16-4fb2063a8f3c@group-31FF9C625868, cid=20, SUCCESS, logIndex=27, commits[b8270dd8-cb53-4384-8a16-4fb2063a8f3c:c27, 517f7d0e-e4e9-49fa-a647-424f0a320eae:c25, 2ca47b2b-d921-461e-93e5-e1985b30af7c:c24]
2019-06-15 12:55:09,975 INFO  client.GrpcClientProtocolClient (GrpcClientProtocolClient.java:onNext(254)) - client-A86CF9F6A924->b8270dd8-cb53-4384-8a16-4fb2063a8f3c: receive RaftClientReply:client-A86CF9F6A924->b8270dd8-cb53-4384-8a16-4fb2063a8f3c@group-31FF9C625868, cid=21, SUCCESS, logIndex=28, commits[b8270dd8-cb53-4384-8a16-4fb2063a8f3c:c28, 517f7d0e-e4e9-49fa-a647-424f0a320eae:c25, 2ca47b2b-d921-461e-93e5-e1985b30af7c:c25]
2019-06-15 12:55:09,978 INFO  client.GrpcClientProtocolClient (GrpcClientProtocolClient.java:onNext(254)) - client-A86CF9F6A924->b8270dd8-cb53-4384-8a16-4fb2063a8f3c: receive RaftClientReply:client-A86CF9F6A924->b8270dd8-cb53-4384-8a16-4fb2063a8f3c@group-31FF9C625868, cid=22, SUCCESS, logIndex=29, commits[b8270dd8-cb53-4384-8a16-4fb2063a8f3c:c30, 517f7d0e-e4e9-49fa-a647-424f0a320eae:c26, 2ca47b2b-d921-461e-93e5-e1985b30af7c:c27]
2019-06-15 12:55:09,987 INFO  client.GrpcClientProtocolClient (GrpcClientProtocolClient.java:onNext(254)) - client-A86CF9F6A924->b8270dd8-cb53-4384-8a16-4fb2063a8f3c: receive RaftClientReply:client-A86CF9F6A924->b8270dd8-cb53-4384-8a16-4fb2063a8f3c@group-31FF9C625868, cid=23, SUCCESS, logIndex=0, commits[b8270dd8-cb53-4384-8a16-4fb2063a8f3c:c31, 517f7d0e-e4e9-49fa-a647-424f0a320eae:c28, 2ca47b2b-d921-461e-93e5-e1985b30af7c:c28]
 0.00% |█                                                                                                    |  0/1 Time: 0:00:042019-06-15 12:55:10,480 INFO  client.GrpcClientProtocolClient (GrpcClientProtocolClient.java:onNext(254)) - client-A86CF9F6A924->b8270dd8-cb53-4384-8a16-4fb2063a8f3c: receive RaftClientReply:client-A86CF9F6A924->b8270dd8-cb53-4384-8a16-4fb2063a8f3c@group-31FF9C625868, cid=24, SUCCESS, logIndex=0, commits[b8270dd8-cb53-4384-8a16-4fb2063a8f3c:c31, 517f7d0e-e4e9-49fa-a647-424f0a320eae:c31, 2ca47b2b-d921-461e-93e5-e1985b30af7c:c31]
2019-06-15 12:55:10,557 INFO  client.GrpcClientProtocolClient (GrpcClientProtocolClient.java:onNext(254)) - client-A86CF9F6A924->b8270dd8-cb53-4384-8a16-4fb2063a8f3c: receive RaftClientReply:client-A86CF9F6A924->b8270dd8-cb53-4384-8a16-4fb2063a8f3c@group-31FF9C625868, cid=25, SUCCESS, logIndex=32, commits[b8270dd8-cb53-4384-8a16-4fb2063a8f3c:c33, 517f7d0e-e4e9-49fa-a647-424f0a320eae:c32, 2ca47b2b-d921-461e-93e5-e1985b30af7c:c32]
2019-06-15 12:55:10,611 INFO  client.GrpcClientProtocolClient (GrpcClientProtocolClient.java:onNext(254)) - client-A86CF9F6A924->b8270dd8-cb53-4384-8a16-4fb2063a8f3c: receive RaftClientReply:client-A86CF9F6A924->b8270dd8-cb53-4384-8a16-4fb2063a8f3c@group-31FF9C625868, cid=26, SUCCESS, logIndex=34, commits[b8270dd8-cb53-4384-8a16-4fb2063a8f3c:c36, 517f7d0e-e4e9-49fa-a647-424f0a320eae:c34, 2ca47b2b-d921-461e-93e5-e1985b30af7c:c34]
2019-06-15 12:55:10,614 INFO  client.GrpcClientProtocolClient (GrpcClientProtocolClient.java:onNext(254)) - client-A86CF9F6A924->b8270dd8-cb53-4384-8a16-4fb2063a8f3c: receive RaftClientReply:client-A86CF9F6A924->b8270dd8-cb53-4384-8a16-4fb2063a8f3c@group-31FF9C625868, cid=27, SUCCESS, logIndex=35, commits[b8270dd8-cb53-4384-8a16-4fb2063a8f3c:c36, 517f7d0e-e4e9-49fa-a647-424f0a320eae:c34, 2ca47b2b-d921-461e-93e5-e1985b30af7c:c34]
2019-06-15 12:55:10,639 INFO  client.GrpcClientProtocolClient (GrpcClientProtocolClient.java:onNext(254)) - client-A86CF9F6A924->b8270dd8-cb53-4384-8a16-4fb2063a8f3c: receive RaftClientReply:client-A86CF9F6A924->b8270dd8-cb53-4384-8a16-4fb2063a8f3c@group-31FF9C625868, cid=28, SUCCESS, logIndex=36, commits[b8270dd8-cb53-4384-8a16-4fb2063a8f3c:c39, 517f7d0e-e4e9-49fa-a647-424f0a320eae:c36, 2ca47b2b-d921-461e-93e5-e1985b30af7c:c36]
2019-06-15 12:55:10,673 INFO  client.GrpcClientProtocolClient (GrpcClientProtocolClient.java:onNext(254)) - client-A86CF9F6A924->b8270dd8-cb53-4384-8a16-4fb2063a8f3c: receive RaftClientReply:client-A86CF9F6A924->b8270dd8-cb53-4384-8a16-4fb2063a8f3c@group-31FF9C625868, cid=29, SUCCESS, logIndex=40, commits[b8270dd8-cb53-4384-8a16-4fb2063a8f3c:c40, 517f7d0e-e4e9-49fa-a647-424f0a320eae:c36, 2ca47b2b-d921-461e-93e5-e1985b30af7c:c39]
2019-06-15 12:55:10,692 INFO  client.GrpcClientProtocolClient (GrpcClientProtocolClient.java:onNext(254)) - client-A86CF9F6A924->b8270dd8-cb53-4384-8a16-4fb2063a8f3c: receive RaftClientReply:client-A86CF9F6A924->b8270dd8-cb53-4384-8a16-4fb2063a8f3c@group-31FF9C625868, cid=30, SUCCESS, logIndex=42, commits[b8270dd8-cb53-4384-8a16-4fb2063a8f3c:c42, 517f7d0e-e4e9-49fa-a647-424f0a320eae:c40, 2ca47b2b-d921-461e-93e5-e1985b30af7c:c41]
2019-06-15 12:55:10,733 INFO  client.GrpcClientProtocolClient (GrpcClientProtocolClient.java:onNext(254)) - client-A86CF9F6A924->b8270dd8-cb53-4384-8a16-4fb2063a8f3c: receive RaftClientReply:client-A86CF9F6A924->b8270dd8-cb53-4384-8a16-4fb2063a8f3c@group-31FF9C625868, cid=31, SUCCESS, logIndex=43, commits[b8270dd8-cb53-4384-8a16-4fb2063a8f3c:c43, 517f7d0e-e4e9-49fa-a647-424f0a320eae:c41, 2ca47b2b-d921-461e-93e5-e1985b30af7c:c42]
2019-06-15 12:55:10,736 INFO  client.GrpcClientProtocolClient (GrpcClientProtocolClient.java:onNext(254)) - client-A86CF9F6A924->b8270dd8-cb53-4384-8a16-4fb2063a8f3c: receive RaftClientReply:client-A86CF9F6A924->b8270dd8-cb53-4384-8a16-4fb2063a8f3c@group-31FF9C625868, cid=32, SUCCESS, logIndex=45, commits[b8270dd8-cb53-4384-8a16-4fb2063a8f3c:c46, 517f7d0e-e4e9-49fa-a647-424f0a320eae:c42, 2ca47b2b-d921-461e-93e5-e1985b30af7c:c43]
 0.00% |█                                                                                                    |  0/1 Time: 0:00:052019-06-15 12:55:11,245 INFO  client.GrpcClientProtocolClient (GrpcClientProtocolClient.java:onNext(254)) - client-A86CF9F6A924->b8270dd8-cb53-4384-8a16-4fb2063a8f3c: receive RaftClientReply:client-A86CF9F6A924->b8270dd8-cb53-4384-8a16-4fb2063a8f3c@group-31FF9C625868, cid=33, SUCCESS, logIndex=0, commits[b8270dd8-cb53-4384-8a16-4fb2063a8f3c:c46, 517f7d0e-e4e9-49fa-a647-424f0a320eae:c46, 2ca47b2b-d921-461e-93e5-e1985b30af7c:c46]
2019-06-15 12:55:11,279 INFO  client.GrpcClientProtocolClient (GrpcClientProtocolClient.java:onNext(254)) - client-A86CF9F6A924->b8270dd8-cb53-4384-8a16-4fb2063a8f3c: receive RaftClientReply:client-A86CF9F6A924->b8270dd8-cb53-4384-8a16-4fb2063a8f3c@group-31FF9C625868, cid=34, SUCCESS, logIndex=47, commits[b8270dd8-cb53-4384-8a16-4fb2063a8f3c:c47, 517f7d0e-e4e9-49fa-a647-424f0a320eae:c46, 2ca47b2b-d921-461e-93e5-e1985b30af7c:c46]
2019-06-15 12:55:11,300 INFO  client.GrpcClientProtocolClient (GrpcClientProtocolClient.java:onNext(254)) - client-A86CF9F6A924->b8270dd8-cb53-4384-8a16-4fb2063a8f3c: receive RaftClientReply:client-A86CF9F6A924->b8270dd8-cb53-4384-8a16-4fb2063a8f3c@group-31FF9C625868, cid=35, SUCCESS, logIndex=49, commits[b8270dd8-cb53-4384-8a16-4fb2063a8f3c:c49, 517f7d0e-e4e9-49fa-a647-424f0a320eae:c47, 2ca47b2b-d921-461e-93e5-e1985b30af7c:c48]
2019-06-15 12:55:11,311 INFO  client.GrpcClientProtocolClient (GrpcClientProtocolClient.java:onNext(254)) - client-A86CF9F6A924->b8270dd8-cb53-4384-8a16-4fb2063a8f3c: receive RaftClientReply:client-A86CF9F6A924->b8270dd8-cb53-4384-8a16-4fb2063a8f3c@group-31FF9C625868, cid=36, SUCCESS, logIndex=50, commits[b8270dd8-cb53-4384-8a16-4fb2063a8f3c:c50, 517f7d0e-e4e9-49fa-a647-424f0a320eae:c47, 2ca47b2b-d921-461e-93e5-e1985b30af7c:c48]
2019-06-15 12:55:11,318 INFO  client.GrpcClientProtocolClient (GrpcClientProtocolClient.java:onNext(254)) - client-A86CF9F6A924->b8270dd8-cb53-4384-8a16-4fb2063a8f3c: receive RaftClientReply:client-A86CF9F6A924->b8270dd8-cb53-4384-8a16-4fb2063a8f3c@group-31FF9C625868, cid=37, SUCCESS, logIndex=51, commits[b8270dd8-cb53-4384-8a16-4fb2063a8f3c:c51, 517f7d0e-e4e9-49fa-a647-424f0a320eae:c48, 2ca47b2b-d921-461e-93e5-e1985b30af7c:c49]
2019-06-15 12:55:11,320 INFO  client.GrpcClientProtocolClient (GrpcClientProtocolClient.java:onNext(254)) - client-A86CF9F6A924->b8270dd8-cb53-4384-8a16-4fb2063a8f3c: receive RaftClientReply:client-A86CF9F6A924->b8270dd8-cb53-4384-8a16-4fb2063a8f3c@group-31FF9C625868, cid=38, SUCCESS, logIndex=0, commits[b8270dd8-cb53-4384-8a16-4fb2063a8f3c:c54, 517f7d0e-e4e9-49fa-a647-424f0a320eae:c51, 2ca47b2b-d921-461e-93e5-e1985b30af7c:c51]
2019-06-15 12:55:11,351 INFO  client.GrpcClientProtocolClient (GrpcClientProtocolClient.java:onNext(254)) - client-A86CF9F6A924->b8270dd8-cb53-4384-8a16-4fb2063a8f3c: receive RaftClientReply:client-A86CF9F6A924->b8270dd8-cb53-4384-8a16-4fb2063a8f3c@group-31FF9C625868, cid=39, SUCCESS, logIndex=55, commits[b8270dd8-cb53-4384-8a16-4fb2063a8f3c:c55, 517f7d0e-e4e9-49fa-a647-424f0a320eae:c51, 2ca47b2b-d921-461e-93e5-e1985b30af7c:c54]
2019-06-15 12:55:11,364 INFO  client.GrpcClientProtocolClient (GrpcClientProtocolClient.java:onNext(254)) - client-A86CF9F6A924->b8270dd8-cb53-4384-8a16-4fb2063a8f3c: receive RaftClientReply:client-A86CF9F6A924->b8270dd8-cb53-4384-8a16-4fb2063a8f3c@group-31FF9C625868, cid=40, SUCCESS, logIndex=57, commits[b8270dd8-cb53-4384-8a16-4fb2063a8f3c:c57, 517f7d0e-e4e9-49fa-a647-424f0a320eae:c55, 2ca47b2b-d921-461e-93e5-e1985b30af7c:c55]
2019-06-15 12:55:11,382 INFO  client.GrpcClientProtocolClient (GrpcClientProtocolClient.java:onNext(254)) - client-A86CF9F6A924->b8270dd8-cb53-4384-8a16-4fb2063a8f3c: receive RaftClientReply:client-A86CF9F6A924->b8270dd8-cb53-4384-8a16-4fb2063a8f3c@group-31FF9C625868, cid=41, SUCCESS, logIndex=59, commits[b8270dd8-cb53-4384-8a16-4fb2063a8f3c:c59, 517f7d0e-e4e9-49fa-a647-424f0a320eae:c57, 2ca47b2b-d921-461e-93e5-e1985b30af7c:c58]
2019-06-15 12:55:11,390 INFO  client.GrpcClientProtocolClient (GrpcClientProtocolClient.java:onNext(254)) - client-A86CF9F6A924->b8270dd8-cb53-4384-8a16-4fb2063a8f3c: receive RaftClientReply:client-A86CF9F6A924->b8270dd8-cb53-4384-8a16-4fb2063a8f3c@group-31FF9C625868, cid=42, SUCCESS, logIndex=61, commits[b8270dd8-cb53-4384-8a16-4fb2063a8f3c:c61, 517f7d0e-e4e9-49fa-a647-424f0a320eae:c59, 2ca47b2b-d921-461e-93e5-e1985b30af7c:c59]
2019-06-15 12:55:11,399 INFO  client.GrpcClientProtocolClient (GrpcClientProtocolClient.java:onNext(254)) - client-A86CF9F6A924->b8270dd8-cb53-4384-8a16-4fb2063a8f3c: receive RaftClientReply:client-A86CF9F6A924->b8270dd8-cb53-4384-8a16-4fb2063a8f3c@group-31FF9C625868, cid=43, SUCCESS, logIndex=0, commits[b8270dd8-cb53-4384-8a16-4fb2063a8f3c:c62, 517f7d0e-e4e9-49fa-a647-424f0a320eae:c61, 2ca47b2b-d921-461e-93e5-e1985b30af7c:c61]
2019-06-15 12:55:11,428 INFO  client.GrpcClientProtocolClient (GrpcClientProtocolClient.java:onNext(254)) - client-A86CF9F6A924->b8270dd8-cb53-4384-8a16-4fb2063a8f3c: receive RaftClientReply:client-A86CF9F6A924->b8270dd8-cb53-4384-8a16-4fb2063a8f3c@group-31FF9C625868, cid=44, SUCCESS, logIndex=63, commits[b8270dd8-cb53-4384-8a16-4fb2063a8f3c:c63, 517f7d0e-e4e9-49fa-a647-424f0a320eae:c62, 2ca47b2b-d921-461e-93e5-e1985b30af7c:c61]
2019-06-15 12:55:11,450 INFO  client.GrpcClientProtocolClient (GrpcClientProtocolClient.java:onNext(254)) - client-A86CF9F6A924->b8270dd8-cb53-4384-8a16-4fb2063a8f3c: receive RaftClientReply:client-A86CF9F6A924->b8270dd8-cb53-4384-8a16-4fb2063a8f3c@group-31FF9C625868, cid=45, SUCCESS, logIndex=65, commits[b8270dd8-cb53-4384-8a16-4fb2063a8f3c:c65, 517f7d0e-e4e9-49fa-a647-424f0a320eae:c63, 2ca47b2b-d921-461e-93e5-e1985b30af7c:c63]
2019-06-15 12:55:11,462 INFO  client.GrpcClientProtocolClient (GrpcClientProtocolClient.java:onNext(254)) - client-A86CF9F6A924->b8270dd8-cb53-4384-8a16-4fb2063a8f3c: receive RaftClientReply:client-A86CF9F6A924->b8270dd8-cb53-4384-8a16-4fb2063a8f3c@group-31FF9C625868, cid=46, SUCCESS, logIndex=66, commits[b8270dd8-cb53-4384-8a16-4fb2063a8f3c:c66, 517f7d0e-e4e9-49fa-a647-424f0a320eae:c63, 2ca47b2b-d921-461e-93e5-e1985b30af7c:c64]
2019-06-15 12:55:11,463 INFO  client.GrpcClientProtocolClient (GrpcClientProtocolClient.java:onNext(254)) - client-A86CF9F6A924->b8270dd8-cb53-4384-8a16-4fb2063a8f3c: receive RaftClientReply:client-A86CF9F6A924->b8270dd8-cb53-4384-8a16-4fb2063a8f3c@group-31FF9C625868, cid=47, SUCCESS, logIndex=67, commits[b8270dd8-cb53-4384-8a16-4fb2063a8f3c:c68, 517f7d0e-e4e9-49fa-a647-424f0a320eae:c65, 2ca47b2b-d921-461e-93e5-e1985b30af7c:c64]
2019-06-15 12:55:11,477 INFO  client.GrpcClientProtocolClient (GrpcClientProtocolClient.java:onNext(254)) - client-A86CF9F6A924->b8270dd8-cb53-4384-8a16-4fb2063a8f3c: receive RaftClientReply:client-A86CF9F6A924->b8270dd8-cb53-4384-8a16-4fb2063a8f3c@group-31FF9C625868, cid=48, SUCCESS, logIndex=0, commits[b8270dd8-cb53-4384-8a16-4fb2063a8f3c:c68, 517f7d0e-e4e9-49fa-a647-424f0a320eae:c65, 2ca47b2b-d921-461e-93e5-e1985b30af7c:c65]
2019-06-15 12:55:11,499 INFO  client.GrpcClientProtocolClient (GrpcClientProtocolClient.java:onNext(254)) - client-A86CF9F6A924->b8270dd8-cb53-4384-8a16-4fb2063a8f3c: receive RaftClientReply:client-A86CF9F6A924->b8270dd8-cb53-4384-8a16-4fb2063a8f3c@group-31FF9C625868, cid=49, SUCCESS, logIndex=70, commits[b8270dd8-cb53-4384-8a16-4fb2063a8f3c:c70, 517f7d0e-e4e9-49fa-a647-424f0a320eae:c69, 2ca47b2b-d921-461e-93e5-e1985b30af7c:c69]
2019-06-15 12:55:11,508 INFO  client.GrpcClientProtocolClient (GrpcClientProtocolClient.java:onNext(254)) - client-A86CF9F6A924->b8270dd8-cb53-4384-8a16-4fb2063a8f3c: receive RaftClientReply:client-A86CF9F6A924->b8270dd8-cb53-4384-8a16-4fb2063a8f3c@group-31FF9C625868, cid=50, SUCCESS, logIndex=72, commits[b8270dd8-cb53-4384-8a16-4fb2063a8f3c:c72, 517f7d0e-e4e9-49fa-a647-424f0a320eae:c70, 2ca47b2b-d921-461e-93e5-e1985b30af7c:c70]
2019-06-15 12:55:11,551 INFO  client.GrpcClientProtocolClient (GrpcClientProtocolClient.java:onNext(254)) - client-A86CF9F6A924->b8270dd8-cb53-4384-8a16-4fb2063a8f3c: receive RaftClientReply:client-A86CF9F6A924->b8270dd8-cb53-4384-8a16-4fb2063a8f3c@group-31FF9C625868, cid=51, SUCCESS, logIndex=74, commits[b8270dd8-cb53-4384-8a16-4fb2063a8f3c:c74, 517f7d0e-e4e9-49fa-a647-424f0a320eae:c73, 2ca47b2b-d921-461e-93e5-e1985b30af7c:c73]
2019-06-15 12:55:11,557 INFO  client.GrpcClientProtocolClient (GrpcClientProtocolClient.java:onNext(254)) - client-A86CF9F6A924->b8270dd8-cb53-4384-8a16-4fb2063a8f3c: receive RaftClientReply:client-A86CF9F6A924->b8270dd8-cb53-4384-8a16-4fb2063a8f3c@group-31FF9C625868, cid=52, SUCCESS, logIndex=76, commits[b8270dd8-cb53-4384-8a16-4fb2063a8f3c:c76, 517f7d0e-e4e9-49fa-a647-424f0a320eae:c75, 2ca47b2b-d921-461e-93e5-e1985b30af7c:c75]
2019-06-15 12:55:11,561 INFO  client.GrpcClientProtocolClient (GrpcClientProtocolClient.java:onNext(254)) - client-A86CF9F6A924->b8270dd8-cb53-4384-8a16-4fb2063a8f3c: receive RaftClientReply:client-A86CF9F6A924->b8270dd8-cb53-4384-8a16-4fb2063a8f3c@group-31FF9C625868, cid=53, SUCCESS, logIndex=0, commits[b8270dd8-cb53-4384-8a16-4fb2063a8f3c:c77, 517f7d0e-e4e9-49fa-a647-424f0a320eae:c76, 2ca47b2b-d921-461e-93e5-e1985b30af7c:c76]
 100.00% |█████████████████████████████████████████████████████████████████████████████████████████████████████|  1/1 Time: 0:00:06
2019-06-15 12:55:12,237 WARN  client.GrpcClientProtocolService (LogUtils.java:warn(134)) - 0-OrderedRequestStreamObserver0: onError: org.apache.ratis.thirdparty.io.grpc.StatusRuntimeException: CANCELLED: cancelled before receiving half close
2019-06-15 12:55:12,237 WARN  client.GrpcClientProtocolService (LogUtils.java:warn(134)) - 1-UnorderedRequestStreamObserver1: onError: org.apache.ratis.thirdparty.io.grpc.StatusRuntimeException: CANCELLED: cancelled before receiving half close
2019-06-15 12:55:12,242 INFO  pipeline.SCMPipelineManager (SCMPipelineManager.java:finalizeAndDestroyPipeline(307)) - destroying pipeline:Pipeline[ Id: 8beb0ae3-fb49-4847-a181-31ff9c625868, Nodes: 2ca47b2b-d921-461e-93e5-e1985b30af7c{ip: 192.168.134.92, host: ozone-unit-076618677d3-6whwr-556242372, networkLocation: /default-rack, certSerialId: null}517f7d0e-e4e9-49fa-a647-424f0a320eae{ip: 192.168.134.92, host: ozone-unit-076618677d3-6whwr-556242372, networkLocation: /default-rack, certSerialId: null}b8270dd8-cb53-4384-8a16-4fb2063a8f3c{ip: 192.168.134.92, host: ozone-unit-076618677d3-6whwr-556242372, networkLocation: /default-rack, certSerialId: null}, Type:RATIS, Factor:THREE, State:OPEN]
2019-06-15 12:55:12,242 INFO  pipeline.PipelineStateManager (PipelineStateManager.java:finalizePipeline(123)) - Pipeline Pipeline[ Id: 8beb0ae3-fb49-4847-a181-31ff9c625868, Nodes: 2ca47b2b-d921-461e-93e5-e1985b30af7c{ip: 192.168.134.92, host: ozone-unit-076618677d3-6whwr-556242372, networkLocation: /default-rack, certSerialId: null}517f7d0e-e4e9-49fa-a647-424f0a320eae{ip: 192.168.134.92, host: ozone-unit-076618677d3-6whwr-556242372, networkLocation: /default-rack, certSerialId: null}b8270dd8-cb53-4384-8a16-4fb2063a8f3c{ip: 192.168.134.92, host: ozone-unit-076618677d3-6whwr-556242372, networkLocation: /default-rack, certSerialId: null}, Type:RATIS, Factor:THREE, State:CLOSED] moved to CLOSED state
2019-06-15 12:55:12,243 INFO  container.CloseContainerEventHandler (CloseContainerEventHandler.java:onMessage(61)) - Close container Event triggered for container : #1
2019-06-15 12:55:12,247 INFO  container.CloseContainerEventHandler (CloseContainerEventHandler.java:onMessage(61)) - Close container Event triggered for container : #2
2019-06-15 12:55:12,248 INFO  container.CloseContainerEventHandler (CloseContainerEventHandler.java:onMessage(61)) - Close container Event triggered for container : #3
2019-06-15 12:55:12,252 INFO  impl.RaftServerProxy (RaftServerProxy.java:remove(95)) - 2ca47b2b-d921-461e-93e5-e1985b30af7c: remove FOLLOWER group-31FF9C625868 2ca47b2b-d921-461e-93e5-e1985b30af7c:t2, leader=b8270dd8-cb53-4384-8a16-4fb2063a8f3c, voted=b8270dd8-cb53-4384-8a16-4fb2063a8f3c, raftlog=2ca47b2b-d921-461e-93e5-e1985b30af7c-SegmentedRaftLog:OPENED:c77,f77,i77, conf=0: [517f7d0e-e4e9-49fa-a647-424f0a320eae:192.168.134.92:41357, b8270dd8-cb53-4384-8a16-4fb2063a8f3c:192.168.134.92:38983, 2ca47b2b-d921-461e-93e5-e1985b30af7c:192.168.134.92:46521], old=null RUNNING
2019-06-15 12:55:12,254 INFO  impl.RaftServerImpl (RaftServerImpl.java:lambda$shutdown$3(238)) - 2ca47b2b-d921-461e-93e5-e1985b30af7c: shutdown group-31FF9C625868
2019-06-15 12:55:12,254 INFO  util.JmxRegister (JmxRegister.java:unregister(73)) - Successfully un-registered JMX Bean with object name Ratis:service=RaftServer,group=group-31FF9C625868,id=2ca47b2b-d921-461e-93e5-e1985b30af7c
2019-06-15 12:55:12,254 INFO  impl.RoleInfo (RoleInfo.java:shutdownFollowerState(121)) - 2ca47b2b-d921-461e-93e5-e1985b30af7c: shutdown FollowerState
2019-06-15 12:55:12,254 INFO  impl.StateMachineUpdater (StateMachineUpdater.java:stopAndJoin(109)) - StateMachineUpdater-2ca47b2b-d921-461e-93e5-e1985b30af7c-group-31FF9C625868: set stopIndex = 77
2019-06-15 12:55:12,254 INFO  ratis.ContainerStateMachine (ContainerStateMachine.java:takeSnapshot(245)) - Taking snapshot at termIndex:(t:2, i:76)
2019-06-15 12:55:12,254 INFO  impl.FollowerState (FollowerState.java:run(109)) - 2ca47b2b-d921-461e-93e5-e1985b30af7c: FollowerState was interrupted: java.lang.InterruptedException: sleep interrupted
2019-06-15 12:55:12,255 INFO  ratis.ContainerStateMachine (ContainerStateMachine.java:takeSnapshot(249)) - Taking a snapshot to file /opt/src/hadoop-ozone/tools/target/test-dir/MiniOzoneClusterImpl-a0a80196-f9da-4c29-959e-8ae1e499c7b8/datanode-0/data/ratis/8beb0ae3-fb49-4847-a181-31ff9c625868/sm/snapshot.2_76
2019-06-15 12:55:12,264 INFO  impl.RaftServerImpl (ServerState.java:close(394)) - 2ca47b2b-d921-461e-93e5-e1985b30af7c:group-31FF9C625868 closes. The last applied log index is 77
2019-06-15 12:55:12,265 INFO  storage.RaftLogWorker (RaftLogWorker.java:run(236)) - 2ca47b2b-d921-461e-93e5-e1985b30af7c-RaftLogWorker was interrupted, exiting. There are 0 tasks remaining in the queue.
2019-06-15 12:55:12,266 INFO  storage.RaftLogWorker (RaftLogWorker.java:close(168)) - 2ca47b2b-d921-461e-93e5-e1985b30af7c-RaftLogWorker close()
2019-06-15 12:55:12,276 INFO  impl.RaftServerProxy (RaftServerProxy.java:remove(95)) - 517f7d0e-e4e9-49fa-a647-424f0a320eae: remove FOLLOWER group-31FF9C625868 517f7d0e-e4e9-49fa-a647-424f0a320eae:t2, leader=b8270dd8-cb53-4384-8a16-4fb2063a8f3c, voted=b8270dd8-cb53-4384-8a16-4fb2063a8f3c, raftlog=517f7d0e-e4e9-49fa-a647-424f0a320eae-SegmentedRaftLog:OPENED:c77,f77,i77, conf=0: [517f7d0e-e4e9-49fa-a647-424f0a320eae:192.168.134.92:41357, b8270dd8-cb53-4384-8a16-4fb2063a8f3c:192.168.134.92:38983, 2ca47b2b-d921-461e-93e5-e1985b30af7c:192.168.134.92:46521], old=null RUNNING
2019-06-15 12:55:12,276 INFO  impl.RaftServerImpl (RaftServerImpl.java:lambda$shutdown$3(238)) - 517f7d0e-e4e9-49fa-a647-424f0a320eae: shutdown group-31FF9C625868
2019-06-15 12:55:12,276 INFO  util.JmxRegister (JmxRegister.java:unregister(73)) - Successfully un-registered JMX Bean with object name Ratis:service=RaftServer,group=group-31FF9C625868,id=517f7d0e-e4e9-49fa-a647-424f0a320eae
2019-06-15 12:55:12,276 INFO  impl.RoleInfo (RoleInfo.java:shutdownFollowerState(121)) - 517f7d0e-e4e9-49fa-a647-424f0a320eae: shutdown FollowerState
2019-06-15 12:55:12,277 INFO  impl.StateMachineUpdater (StateMachineUpdater.java:stopAndJoin(109)) - StateMachineUpdater-517f7d0e-e4e9-49fa-a647-424f0a320eae-group-31FF9C625868: set stopIndex = 77
2019-06-15 12:55:12,277 INFO  impl.FollowerState (FollowerState.java:run(109)) - 517f7d0e-e4e9-49fa-a647-424f0a320eae: FollowerState was interrupted: java.lang.InterruptedException: sleep interrupted
2019-06-15 12:55:12,277 INFO  ratis.ContainerStateMachine (ContainerStateMachine.java:takeSnapshot(245)) - Taking snapshot at termIndex:(t:2, i:76)
2019-06-15 12:55:12,277 INFO  ratis.ContainerStateMachine (ContainerStateMachine.java:takeSnapshot(249)) - Taking a snapshot to file /opt/src/hadoop-ozone/tools/target/test-dir/MiniOzoneClusterImpl-a0a80196-f9da-4c29-959e-8ae1e499c7b8/datanode-2/data/ratis/8beb0ae3-fb49-4847-a181-31ff9c625868/sm/snapshot.2_76
2019-06-15 12:55:12,278 INFO  impl.RaftServerImpl (ServerState.java:close(394)) - 517f7d0e-e4e9-49fa-a647-424f0a320eae:group-31FF9C625868 closes. The last applied log index is 77
2019-06-15 12:55:12,278 INFO  storage.RaftLogWorker (RaftLogWorker.java:run(236)) - 517f7d0e-e4e9-49fa-a647-424f0a320eae-RaftLogWorker was interrupted, exiting. There are 0 tasks remaining in the queue.
2019-06-15 12:55:12,279 INFO  storage.RaftLogWorker (RaftLogWorker.java:close(168)) - 517f7d0e-e4e9-49fa-a647-424f0a320eae-RaftLogWorker close()
2019-06-15 12:55:12,286 INFO  impl.RaftServerProxy (RaftServerProxy.java:remove(95)) - b8270dd8-cb53-4384-8a16-4fb2063a8f3c: remove   LEADER group-31FF9C625868 b8270dd8-cb53-4384-8a16-4fb2063a8f3c:t2, leader=b8270dd8-cb53-4384-8a16-4fb2063a8f3c, voted=b8270dd8-cb53-4384-8a16-4fb2063a8f3c, raftlog=b8270dd8-cb53-4384-8a16-4fb2063a8f3c-SegmentedRaftLog:OPENED:c77,f77,i77, conf=0: [517f7d0e-e4e9-49fa-a647-424f0a320eae:192.168.134.92:41357, b8270dd8-cb53-4384-8a16-4fb2063a8f3c:192.168.134.92:38983, 2ca47b2b-d921-461e-93e5-e1985b30af7c:192.168.134.92:46521], old=null RUNNING
2019-06-15 12:55:12,286 INFO  impl.RaftServerImpl (RaftServerImpl.java:lambda$shutdown$3(238)) - b8270dd8-cb53-4384-8a16-4fb2063a8f3c: shutdown group-31FF9C625868
2019-06-15 12:55:12,286 INFO  util.JmxRegister (JmxRegister.java:unregister(73)) - Successfully un-registered JMX Bean with object name Ratis:service=RaftServer,group=group-31FF9C625868,id=b8270dd8-cb53-4384-8a16-4fb2063a8f3c
2019-06-15 12:55:12,287 INFO  impl.RoleInfo (RoleInfo.java:shutdownLeaderState(104)) - b8270dd8-cb53-4384-8a16-4fb2063a8f3c: shutdown LeaderState
2019-06-15 12:55:12,287 INFO  impl.PendingRequests (PendingRequests.java:sendNotLeaderResponses(140)) - b8270dd8-cb53-4384-8a16-4fb2063a8f3c-PendingRequests: sendNotLeaderResponses
2019-06-15 12:55:12,287 WARN  server.GrpcLogAppender (GrpcLogAppender.java:mayWait(142)) - GrpcLogAppender(b8270dd8-cb53-4384-8a16-4fb2063a8f3c -> 517f7d0e-e4e9-49fa-a647-424f0a320eae): Wait interrupted by java.lang.InterruptedException
2019-06-15 12:55:12,287 WARN  server.GrpcLogAppender (GrpcLogAppender.java:mayWait(142)) - GrpcLogAppender(b8270dd8-cb53-4384-8a16-4fb2063a8f3c -> 2ca47b2b-d921-461e-93e5-e1985b30af7c): Wait interrupted by java.lang.InterruptedException
2019-06-15 12:55:12,290 INFO  server.GrpcServerProtocolService (GrpcServerProtocolService.java:onCompleted(104)) - 517f7d0e-e4e9-49fa-a647-424f0a320eae: appendEntries completed
2019-06-15 12:55:12,290 INFO  server.GrpcServerProtocolService (GrpcServerProtocolService.java:onCompleted(104)) - 2ca47b2b-d921-461e-93e5-e1985b30af7c: appendEntries completed
2019-06-15 12:55:12,292 INFO  server.GrpcLogAppender (GrpcLogAppender.java:onCompleted(277)) - b8270dd8-cb53-4384-8a16-4fb2063a8f3c: follower b8270dd8-cb53-4384-8a16-4fb2063a8f3c->517f7d0e-e4e9-49fa-a647-424f0a320eae(c77,m77,n78, attendVote=true, lastRpcSendTime=229, lastRpcResponseTime=220) response Completed
2019-06-15 12:55:12,293 INFO  server.GrpcLogAppender (GrpcLogAppender.java:onCompleted(277)) - b8270dd8-cb53-4384-8a16-4fb2063a8f3c: follower b8270dd8-cb53-4384-8a16-4fb2063a8f3c->2ca47b2b-d921-461e-93e5-e1985b30af7c(c77,m77,n78, attendVote=true, lastRpcSendTime=229, lastRpcResponseTime=217) response Completed
2019-06-15 12:55:12,294 INFO  impl.FollowerInfo (FollowerInfo.java:lambda$new$0(50)) - b8270dd8-cb53-4384-8a16-4fb2063a8f3c->517f7d0e-e4e9-49fa-a647-424f0a320eae: nextIndex: updateUnconditionally 78 -> 0
2019-06-15 12:55:12,294 INFO  impl.FollowerInfo (FollowerInfo.java:lambda$new$0(50)) - b8270dd8-cb53-4384-8a16-4fb2063a8f3c->2ca47b2b-d921-461e-93e5-e1985b30af7c: nextIndex: updateUnconditionally 78 -> 0
2019-06-15 12:55:12,297 INFO  impl.StateMachineUpdater (StateMachineUpdater.java:stopAndJoin(109)) - StateMachineUpdater-b8270dd8-cb53-4384-8a16-4fb2063a8f3c-group-31FF9C625868: set stopIndex = 77
2019-06-15 12:55:12,297 INFO  ratis.ContainerStateMachine (ContainerStateMachine.java:takeSnapshot(245)) - Taking snapshot at termIndex:(t:2, i:76)
2019-06-15 12:55:12,299 INFO  ratis.ContainerStateMachine (ContainerStateMachine.java:takeSnapshot(249)) - Taking a snapshot to file /opt/src/hadoop-ozone/tools/target/test-dir/MiniOzoneClusterImpl-a0a80196-f9da-4c29-959e-8ae1e499c7b8/datanode-1/data/ratis/8beb0ae3-fb49-4847-a181-31ff9c625868/sm/snapshot.2_76
2019-06-15 12:55:12,300 INFO  impl.RaftServerImpl (ServerState.java:close(394)) - b8270dd8-cb53-4384-8a16-4fb2063a8f3c:group-31FF9C625868 closes. The last applied log index is 77
2019-06-15 12:55:12,300 INFO  storage.RaftLogWorker (RaftLogWorker.java:run(236)) - b8270dd8-cb53-4384-8a16-4fb2063a8f3c-RaftLogWorker was interrupted, exiting. There are 0 tasks remaining in the queue.
2019-06-15 12:55:12,302 INFO  storage.RaftLogWorker (RaftLogWorker.java:close(168)) - b8270dd8-cb53-4384-8a16-4fb2063a8f3c-RaftLogWorker close()
2019-06-15 12:55:12,306 INFO  pipeline.PipelineStateManager (PipelineStateManager.java:removePipeline(108)) - Pipeline Pipeline[ Id: 8beb0ae3-fb49-4847-a181-31ff9c625868, Nodes: 2ca47b2b-d921-461e-93e5-e1985b30af7c{ip: 192.168.134.92, host: ozone-unit-076618677d3-6whwr-556242372, networkLocation: /default-rack, certSerialId: null}517f7d0e-e4e9-49fa-a647-424f0a320eae{ip: 192.168.134.92, host: ozone-unit-076618677d3-6whwr-556242372, networkLocation: /default-rack, certSerialId: null}b8270dd8-cb53-4384-8a16-4fb2063a8f3c{ip: 192.168.134.92, host: ozone-unit-076618677d3-6whwr-556242372, networkLocation: /default-rack, certSerialId: null}, Type:RATIS, Factor:THREE, State:CLOSED] removed from db
2019-06-15 12:55:12,319 INFO  impl.RaftServerProxy (RaftServerProxy.java:addNew(89)) - 517f7d0e-e4e9-49fa-a647-424f0a320eae: addNew group-6C34AE559107:[517f7d0e-e4e9-49fa-a647-424f0a320eae:192.168.134.92:41357, b8270dd8-cb53-4384-8a16-4fb2063a8f3c:192.168.134.92:38983, 2ca47b2b-d921-461e-93e5-e1985b30af7c:192.168.134.92:46521] returns group-6C34AE559107:java.util.concurrent.CompletableFuture@3438b9fa[Not completed]
2019-06-15 12:55:12,321 INFO  impl.RaftServerImpl (RaftServerImpl.java:<init>(91)) - 517f7d0e-e4e9-49fa-a647-424f0a320eae: new RaftServerImpl for group-6C34AE559107:[517f7d0e-e4e9-49fa-a647-424f0a320eae:192.168.134.92:41357, b8270dd8-cb53-4384-8a16-4fb2063a8f3c:192.168.134.92:38983, 2ca47b2b-d921-461e-93e5-e1985b30af7c:192.168.134.92:46521] with ContainerStateMachine:uninitialized
2019-06-15 12:55:12,323 INFO  server.RaftServerConfigKeys (ConfUtils.java:logGet(43)) - raft.server.rpc.timeout.min = 1s (custom)
2019-06-15 12:55:12,321 INFO  impl.RaftServerProxy (RaftServerProxy.java:addNew(89)) - b8270dd8-cb53-4384-8a16-4fb2063a8f3c: addNew group-6C34AE559107:[517f7d0e-e4e9-49fa-a647-424f0a320eae:192.168.134.92:41357, b8270dd8-cb53-4384-8a16-4fb2063a8f3c:192.168.134.92:38983, 2ca47b2b-d921-461e-93e5-e1985b30af7c:192.168.134.92:46521] returns group-6C34AE559107:java.util.concurrent.CompletableFuture@7115651a[Not completed]
2019-06-15 12:55:12,323 INFO  server.RaftServerConfigKeys (ConfUtils.java:logGet(43)) - raft.server.rpc.timeout.max = 1200ms (custom)
2019-06-15 12:55:12,323 INFO  server.RaftServerConfigKeys (ConfUtils.java:logGet(43)) - raft.server.rpcslowness.timeout = 120s (custom)
2019-06-15 12:55:12,324 INFO  server.RaftServerConfigKeys (ConfUtils.java:logGet(43)) - raft.server.log.appender.install.snapshot.enabled = true (default)
2019-06-15 12:55:12,324 INFO  impl.RaftServerImpl (ServerState.java:<init>(101)) - 517f7d0e-e4e9-49fa-a647-424f0a320eae:group-6C34AE559107 ConfigurationManager, init=-1: [517f7d0e-e4e9-49fa-a647-424f0a320eae:192.168.134.92:41357, b8270dd8-cb53-4384-8a16-4fb2063a8f3c:192.168.134.92:38983, 2ca47b2b-d921-461e-93e5-e1985b30af7c:192.168.134.92:46521], old=null, confs=<EMPTY_MAP>
2019-06-15 12:55:12,324 INFO  server.RaftServerConfigKeys (ConfUtils.java:logGet(43)) - raft.server.storage.dir = [/opt/src/hadoop-ozone/tools/target/test-dir/MiniOzoneClusterImpl-a0a80196-f9da-4c29-959e-8ae1e499c7b8/datanode-2/data/ratis] (custom)
2019-06-15 12:55:12,325 INFO  storage.RaftStorageDirectory (RaftStorageDirectory.java:analyzeStorage(246)) - The storage directory /opt/src/hadoop-ozone/tools/target/test-dir/MiniOzoneClusterImpl-a0a80196-f9da-4c29-959e-8ae1e499c7b8/datanode-2/data/ratis/d6a69de9-75b3-4a8f-a1d0-6c34ae559107 does not exist. Creating ...
2019-06-15 12:55:12,326 INFO  impl.RaftServerImpl (RaftServerImpl.java:<init>(91)) - b8270dd8-cb53-4384-8a16-4fb2063a8f3c: new RaftServerImpl for group-6C34AE559107:[517f7d0e-e4e9-49fa-a647-424f0a320eae:192.168.134.92:41357, b8270dd8-cb53-4384-8a16-4fb2063a8f3c:192.168.134.92:38983, 2ca47b2b-d921-461e-93e5-e1985b30af7c:192.168.134.92:46521] with ContainerStateMachine:uninitialized
2019-06-15 12:55:12,326 INFO  server.RaftServerConfigKeys (ConfUtils.java:logGet(43)) - raft.server.rpc.timeout.min = 1s (custom)
2019-06-15 12:55:12,327 INFO  server.RaftServerConfigKeys (ConfUtils.java:logGet(43)) - raft.server.rpc.timeout.max = 1200ms (custom)
2019-06-15 12:55:12,327 INFO  server.RaftServerConfigKeys (ConfUtils.java:logGet(43)) - raft.server.rpcslowness.timeout = 120s (custom)
2019-06-15 12:55:12,327 INFO  server.RaftServerConfigKeys (ConfUtils.java:logGet(43)) - raft.server.log.appender.install.snapshot.enabled = true (default)
2019-06-15 12:55:12,327 INFO  impl.RaftServerImpl (ServerState.java:<init>(101)) - b8270dd8-cb53-4384-8a16-4fb2063a8f3c:group-6C34AE559107 ConfigurationManager, init=-1: [517f7d0e-e4e9-49fa-a647-424f0a320eae:192.168.134.92:41357, b8270dd8-cb53-4384-8a16-4fb2063a8f3c:192.168.134.92:38983, 2ca47b2b-d921-461e-93e5-e1985b30af7c:192.168.134.92:46521], old=null, confs=<EMPTY_MAP>
2019-06-15 12:55:12,327 INFO  server.RaftServerConfigKeys (ConfUtils.java:logGet(43)) - raft.server.storage.dir = [/opt/src/hadoop-ozone/tools/target/test-dir/MiniOzoneClusterImpl-a0a80196-f9da-4c29-959e-8ae1e499c7b8/datanode-1/data/ratis] (custom)
2019-06-15 12:55:12,327 INFO  storage.RaftStorageDirectory (RaftStorageDirectory.java:analyzeStorage(246)) - The storage directory /opt/src/hadoop-ozone/tools/target/test-dir/MiniOzoneClusterImpl-a0a80196-f9da-4c29-959e-8ae1e499c7b8/datanode-1/data/ratis/d6a69de9-75b3-4a8f-a1d0-6c34ae559107 does not exist. Creating ...
2019-06-15 12:55:12,328 INFO  storage.RaftStorageDirectory (RaftStorageDirectory.java:tryLock(328)) - Lock on /opt/src/hadoop-ozone/tools/target/test-dir/MiniOzoneClusterImpl-a0a80196-f9da-4c29-959e-8ae1e499c7b8/datanode-2/data/ratis/d6a69de9-75b3-4a8f-a1d0-6c34ae559107/in_use.lock acquired by nodename 17808@ozone-unit-076618677d3-6whwr-556242372
2019-06-15 12:55:12,342 INFO  impl.RaftServerProxy (RaftServerProxy.java:addNew(89)) - 2ca47b2b-d921-461e-93e5-e1985b30af7c: addNew group-6C34AE559107:[517f7d0e-e4e9-49fa-a647-424f0a320eae:192.168.134.92:41357, b8270dd8-cb53-4384-8a16-4fb2063a8f3c:192.168.134.92:38983, 2ca47b2b-d921-461e-93e5-e1985b30af7c:192.168.134.92:46521] returns group-6C34AE559107:java.util.concurrent.CompletableFuture@708256f2[Not completed]
2019-06-15 12:55:12,342 INFO  impl.RaftServerImpl (RaftServerImpl.java:<init>(91)) - 2ca47b2b-d921-461e-93e5-e1985b30af7c: new RaftServerImpl for group-6C34AE559107:[517f7d0e-e4e9-49fa-a647-424f0a320eae:192.168.134.92:41357, b8270dd8-cb53-4384-8a16-4fb2063a8f3c:192.168.134.92:38983, 2ca47b2b-d921-461e-93e5-e1985b30af7c:192.168.134.92:46521] with ContainerStateMachine:uninitialized
2019-06-15 12:55:12,342 INFO  server.RaftServerConfigKeys (ConfUtils.java:logGet(43)) - raft.server.rpc.timeout.min = 1s (custom)
2019-06-15 12:55:12,342 INFO  server.RaftServerConfigKeys (ConfUtils.java:logGet(43)) - raft.server.rpc.timeout.max = 1200ms (custom)
2019-06-15 12:55:12,343 INFO  server.RaftServerConfigKeys (ConfUtils.java:logGet(43)) - raft.server.rpcslowness.timeout = 120s (custom)
2019-06-15 12:55:12,343 INFO  server.RaftServerConfigKeys (ConfUtils.java:logGet(43)) - raft.server.log.appender.install.snapshot.enabled = true (default)
2019-06-15 12:55:12,343 INFO  impl.RaftServerImpl (ServerState.java:<init>(101)) - 2ca47b2b-d921-461e-93e5-e1985b30af7c:group-6C34AE559107 ConfigurationManager, init=-1: [517f7d0e-e4e9-49fa-a647-424f0a320eae:192.168.134.92:41357, b8270dd8-cb53-4384-8a16-4fb2063a8f3c:192.168.134.92:38983, 2ca47b2b-d921-461e-93e5-e1985b30af7c:192.168.134.92:46521], old=null, confs=<EMPTY_MAP>
2019-06-15 12:55:12,343 INFO  server.RaftServerConfigKeys (ConfUtils.java:logGet(43)) - raft.server.storage.dir = [/opt/src/hadoop-ozone/tools/target/test-dir/MiniOzoneClusterImpl-a0a80196-f9da-4c29-959e-8ae1e499c7b8/datanode-0/data/ratis] (custom)
2019-06-15 12:55:12,343 INFO  storage.RaftStorageDirectory (RaftStorageDirectory.java:analyzeStorage(246)) - The storage directory /opt/src/hadoop-ozone/tools/target/test-dir/MiniOzoneClusterImpl-a0a80196-f9da-4c29-959e-8ae1e499c7b8/datanode-0/data/ratis/d6a69de9-75b3-4a8f-a1d0-6c34ae559107 does not exist. Creating ...
2019-06-15 12:55:12,345 INFO  storage.RaftStorageDirectory (RaftStorageDirectory.java:tryLock(328)) - Lock on /opt/src/hadoop-ozone/tools/target/test-dir/MiniOzoneClusterImpl-a0a80196-f9da-4c29-959e-8ae1e499c7b8/datanode-0/data/ratis/d6a69de9-75b3-4a8f-a1d0-6c34ae559107/in_use.lock acquired by nodename 17808@ozone-unit-076618677d3-6whwr-556242372
2019-06-15 12:55:12,346 INFO  storage.RaftStorageDirectory (RaftStorageDirectory.java:tryLock(328)) - Lock on /opt/src/hadoop-ozone/tools/target/test-dir/MiniOzoneClusterImpl-a0a80196-f9da-4c29-959e-8ae1e499c7b8/datanode-1/data/ratis/d6a69de9-75b3-4a8f-a1d0-6c34ae559107/in_use.lock acquired by nodename 17808@ozone-unit-076618677d3-6whwr-556242372
2019-06-15 12:55:12,346 INFO  storage.RaftStorage (RaftStorage.java:format(75)) - Storage directory /opt/src/hadoop-ozone/tools/target/test-dir/MiniOzoneClusterImpl-a0a80196-f9da-4c29-959e-8ae1e499c7b8/datanode-2/data/ratis/d6a69de9-75b3-4a8f-a1d0-6c34ae559107 has been successfully formatted.
2019-06-15 12:55:12,346 INFO  ratis.ContainerStateMachine (ContainerStateMachine.java:loadSnapshot(199)) - The snapshot info is null.Setting the last applied index to:(t:0, i:~)
2019-06-15 12:55:12,347 INFO  server.RaftServerConfigKeys (ConfUtils.java:logGet(43)) - raft.server.leader.election.timeout = 120s (custom)
2019-06-15 12:55:12,347 INFO  server.RaftServerConfigKeys (ConfUtils.java:logGet(43)) - raft.server.log.use.memory = false (default)
2019-06-15 12:55:12,347 INFO  server.RaftServerConfigKeys (ConfUtils.java:logGet(43)) - raft.server.log.appender.buffer.byte-limit = 33554432 (custom)
2019-06-15 12:55:12,347 INFO  server.RaftServerConfigKeys (ConfUtils.java:logGet(43)) - raft.server.log.segment.size.max = 16384 (custom)
2019-06-15 12:55:12,347 INFO  server.RaftServerConfigKeys (ConfUtils.java:logGet(43)) - raft.server.log.segment.cache.num.max = 2 (custom)
2019-06-15 12:55:12,347 INFO  storage.RaftLogWorker (RaftLogWorker.java:<init>(123)) - new 517f7d0e-e4e9-49fa-a647-424f0a320eae-RaftLogWorker for Storage Directory /opt/src/hadoop-ozone/tools/target/test-dir/MiniOzoneClusterImpl-a0a80196-f9da-4c29-959e-8ae1e499c7b8/datanode-2/data/ratis/d6a69de9-75b3-4a8f-a1d0-6c34ae559107
2019-06-15 12:55:12,347 INFO  server.RaftServerConfigKeys (ConfUtils.java:logGet(43)) - raft.server.log.queue.byte-limit = 2147483647 (custom)
2019-06-15 12:55:12,347 INFO  server.RaftServerConfigKeys (ConfUtils.java:logGet(43)) - raft.server.log.queue.element-limit = 1024 (custom)
2019-06-15 12:55:12,347 INFO  server.RaftServerConfigKeys (ConfUtils.java:logGet(43)) - raft.server.log.segment.size.max = 16384 (custom)
2019-06-15 12:55:12,347 INFO  server.RaftServerConfigKeys (ConfUtils.java:logGet(43)) - raft.server.log.preallocated.size = 16384 (custom)
2019-06-15 12:55:12,347 INFO  server.RaftServerConfigKeys (ConfUtils.java:logGet(43)) - raft.server.log.write.buffer.size = 33554432 (custom)
2019-06-15 12:55:12,348 INFO  server.RaftServerConfigKeys (ConfUtils.java:logGet(43)) - raft.server.log.force.sync.num = 128 (default)
2019-06-15 12:55:12,348 INFO  server.RaftServerConfigKeys (ConfUtils.java:logGet(43)) - raft.server.log.statemachine.data.sync = true (default)
2019-06-15 12:55:12,348 INFO  server.RaftServerConfigKeys (ConfUtils.java:logGet(43)) - raft.server.log.statemachine.data.sync.timeout = 10s (default)
2019-06-15 12:55:12,348 INFO  server.RaftServerConfigKeys (ConfUtils.java:logGet(43)) - raft.server.log.statemachine.data.sync.timeout.retry = -1 (default)
2019-06-15 12:55:12,348 INFO  server.RaftServerConfigKeys (ConfUtils.java:logGet(43)) - raft.server.log.statemachine.data.caching.enabled = true (custom)
2019-06-15 12:55:12,348 INFO  storage.RaftStorage (RaftStorage.java:format(75)) - Storage directory /opt/src/hadoop-ozone/tools/target/test-dir/MiniOzoneClusterImpl-a0a80196-f9da-4c29-959e-8ae1e499c7b8/datanode-0/data/ratis/d6a69de9-75b3-4a8f-a1d0-6c34ae559107 has been successfully formatted.
2019-06-15 12:55:12,348 INFO  ratis.ContainerStateMachine (ContainerStateMachine.java:loadSnapshot(199)) - The snapshot info is null.Setting the last applied index to:(t:0, i:~)
2019-06-15 12:55:12,349 INFO  storage.RaftStorage (RaftStorage.java:format(75)) - Storage directory /opt/src/hadoop-ozone/tools/target/test-dir/MiniOzoneClusterImpl-a0a80196-f9da-4c29-959e-8ae1e499c7b8/datanode-1/data/ratis/d6a69de9-75b3-4a8f-a1d0-6c34ae559107 has been successfully formatted.
2019-06-15 12:55:12,349 INFO  server.RaftServerConfigKeys (ConfUtils.java:logGet(43)) - raft.server.leader.election.timeout = 120s (custom)
2019-06-15 12:55:12,349 INFO  server.RaftServerConfigKeys (ConfUtils.java:logGet(43)) - raft.server.log.use.memory = false (default)
2019-06-15 12:55:12,349 INFO  ratis.ContainerStateMachine (ContainerStateMachine.java:loadSnapshot(199)) - The snapshot info is null.Setting the last applied index to:(t:0, i:~)
2019-06-15 12:55:12,349 INFO  server.RaftServerConfigKeys (ConfUtils.java:logGet(43)) - raft.server.leader.election.timeout = 120s (custom)
2019-06-15 12:55:12,349 INFO  server.RaftServerConfigKeys (ConfUtils.java:logGet(43)) - raft.server.log.use.memory = false (default)
2019-06-15 12:55:12,349 INFO  server.RaftServerConfigKeys (ConfUtils.java:logGet(43)) - raft.server.log.appender.buffer.byte-limit = 33554432 (custom)
2019-06-15 12:55:12,349 INFO  server.RaftServerConfigKeys (ConfUtils.java:logGet(43)) - raft.server.log.segment.size.max = 16384 (custom)
2019-06-15 12:55:12,350 INFO  server.RaftServerConfigKeys (ConfUtils.java:logGet(43)) - raft.server.log.segment.cache.num.max = 2 (custom)
2019-06-15 12:55:12,350 INFO  storage.RaftLogWorker (RaftLogWorker.java:<init>(123)) - new b8270dd8-cb53-4384-8a16-4fb2063a8f3c-RaftLogWorker for Storage Directory /opt/src/hadoop-ozone/tools/target/test-dir/MiniOzoneClusterImpl-a0a80196-f9da-4c29-959e-8ae1e499c7b8/datanode-1/data/ratis/d6a69de9-75b3-4a8f-a1d0-6c34ae559107
2019-06-15 12:55:12,350 INFO  server.RaftServerConfigKeys (ConfUtils.java:logGet(43)) - raft.server.log.queue.byte-limit = 2147483647 (custom)
2019-06-15 12:55:12,350 INFO  server.RaftServerConfigKeys (ConfUtils.java:logGet(43)) - raft.server.log.queue.element-limit = 1024 (custom)
2019-06-15 12:55:12,350 INFO  server.RaftServerConfigKeys (ConfUtils.java:logGet(43)) - raft.server.log.segment.size.max = 16384 (custom)
2019-06-15 12:55:12,350 INFO  server.RaftServerConfigKeys (ConfUtils.java:logGet(43)) - raft.server.log.preallocated.size = 16384 (custom)
2019-06-15 12:55:12,350 INFO  server.RaftServerConfigKeys (ConfUtils.java:logGet(43)) - raft.server.log.write.buffer.size = 33554432 (custom)
2019-06-15 12:55:12,350 INFO  server.RaftServerConfigKeys (ConfUtils.java:logGet(43)) - raft.server.log.force.sync.num = 128 (default)
2019-06-15 12:55:12,350 INFO  server.RaftServerConfigKeys (ConfUtils.java:logGet(43)) - raft.server.log.statemachine.data.sync = true (default)
2019-06-15 12:55:12,351 INFO  server.RaftServerConfigKeys (ConfUtils.java:logGet(43)) - raft.server.log.statemachine.data.sync.timeout = 10s (default)
2019-06-15 12:55:12,351 INFO  server.RaftServerConfigKeys (ConfUtils.java:logGet(43)) - raft.server.log.statemachine.data.sync.timeout.retry = -1 (default)
2019-06-15 12:55:12,349 INFO  server.RaftServerConfigKeys (ConfUtils.java:logGet(43)) - raft.server.log.appender.buffer.byte-limit = 33554432 (custom)
2019-06-15 12:55:12,351 INFO  server.RaftServerConfigKeys (ConfUtils.java:logGet(43)) - raft.server.log.segment.size.max = 16384 (custom)
2019-06-15 12:55:12,351 INFO  server.RaftServerConfigKeys (ConfUtils.java:logGet(43)) - raft.server.log.segment.cache.num.max = 2 (custom)
2019-06-15 12:55:12,351 INFO  storage.RaftLogWorker (RaftLogWorker.java:<init>(123)) - new 2ca47b2b-d921-461e-93e5-e1985b30af7c-RaftLogWorker for Storage Directory /opt/src/hadoop-ozone/tools/target/test-dir/MiniOzoneClusterImpl-a0a80196-f9da-4c29-959e-8ae1e499c7b8/datanode-0/data/ratis/d6a69de9-75b3-4a8f-a1d0-6c34ae559107
2019-06-15 12:55:12,351 INFO  server.RaftServerConfigKeys (ConfUtils.java:logGet(43)) - raft.server.log.queue.byte-limit = 2147483647 (custom)
2019-06-15 12:55:12,351 INFO  server.RaftServerConfigKeys (ConfUtils.java:logGet(43)) - raft.server.log.queue.element-limit = 1024 (custom)
2019-06-15 12:55:12,352 INFO  server.RaftServerConfigKeys (ConfUtils.java:logGet(43)) - raft.server.log.segment.size.max = 16384 (custom)
2019-06-15 12:55:12,352 INFO  server.RaftServerConfigKeys (ConfUtils.java:logGet(43)) - raft.server.log.preallocated.size = 16384 (custom)
2019-06-15 12:55:12,352 INFO  server.RaftServerConfigKeys (ConfUtils.java:logGet(43)) - raft.server.log.write.buffer.size = 33554432 (custom)
2019-06-15 12:55:12,352 INFO  server.RaftServerConfigKeys (ConfUtils.java:logGet(43)) - raft.server.log.force.sync.num = 128 (default)
2019-06-15 12:55:12,352 INFO  server.RaftServerConfigKeys (ConfUtils.java:logGet(43)) - raft.server.log.statemachine.data.sync = true (default)
2019-06-15 12:55:12,352 INFO  server.RaftServerConfigKeys (ConfUtils.java:logGet(43)) - raft.server.log.statemachine.data.sync.timeout = 10s (default)
2019-06-15 12:55:12,352 INFO  server.RaftServerConfigKeys (ConfUtils.java:logGet(43)) - raft.server.log.statemachine.data.sync.timeout.retry = -1 (default)
2019-06-15 12:55:12,358 INFO  server.RaftServerConfigKeys (ConfUtils.java:logGet(43)) - raft.server.log.statemachine.data.caching.enabled = true (custom)
2019-06-15 12:55:12,358 INFO  server.RaftServerConfigKeys (ConfUtils.java:logGet(43)) - raft.server.snapshot.auto.trigger.enabled = true (custom)
2019-06-15 12:55:12,358 INFO  server.RaftServerConfigKeys (ConfUtils.java:logGet(43)) - raft.server.snapshot.auto.trigger.threshold = 10000 (custom)
2019-06-15 12:55:12,362 INFO  server.RaftServerConfigKeys (ConfUtils.java:logGet(43)) - raft.server.retrycache.expirytime = 600000ms (custom)
2019-06-15 12:55:12,362 INFO  server.RaftServerConfigKeys (ConfUtils.java:logGet(43)) - raft.server.snapshot.auto.trigger.enabled = true (custom)
2019-06-15 12:55:12,362 INFO  server.RaftServerConfigKeys (ConfUtils.java:logGet(43)) - raft.server.snapshot.auto.trigger.threshold = 10000 (custom)
2019-06-15 12:55:12,362 INFO  server.RaftServerConfigKeys (ConfUtils.java:logGet(43)) - raft.server.retrycache.expirytime = 600000ms (custom)
2019-06-15 12:55:12,362 INFO  impl.RaftServerImpl (RaftServerImpl.java:start(173)) - 2ca47b2b-d921-461e-93e5-e1985b30af7c: start group-6C34AE559107
2019-06-15 12:55:12,363 INFO  impl.RaftServerImpl (RaftServerImpl.java:setRole(164)) - 2ca47b2b-d921-461e-93e5-e1985b30af7c:group-6C34AE559107 changes role from null to FOLLOWER at term 0 for startAsFollower
2019-06-15 12:55:12,363 INFO  impl.RoleInfo (RoleInfo.java:updateAndGet(143)) - 2ca47b2b-d921-461e-93e5-e1985b30af7c: start FollowerState
2019-06-15 12:55:12,362 INFO  server.RaftServerConfigKeys (ConfUtils.java:logGet(43)) - raft.server.log.statemachine.data.caching.enabled = true (custom)
2019-06-15 12:55:12,362 INFO  impl.RaftServerImpl (RaftServerImpl.java:start(173)) - 517f7d0e-e4e9-49fa-a647-424f0a320eae: start group-6C34AE559107
2019-06-15 12:55:12,363 INFO  impl.RaftServerImpl (RaftServerImpl.java:setRole(164)) - 517f7d0e-e4e9-49fa-a647-424f0a320eae:group-6C34AE559107 changes role from null to FOLLOWER at term 0 for startAsFollower
2019-06-15 12:55:12,363 INFO  impl.RoleInfo (RoleInfo.java:updateAndGet(143)) - 517f7d0e-e4e9-49fa-a647-424f0a320eae: start FollowerState
2019-06-15 12:55:12,363 INFO  util.JmxRegister (JmxRegister.java:tryRegister(44)) - Successfully registered JMX Bean with object name Ratis:service=RaftServer,group=group-6C34AE559107,id=2ca47b2b-d921-461e-93e5-e1985b30af7c
2019-06-15 12:55:12,366 INFO  util.JmxRegister (JmxRegister.java:tryRegister(44)) - Successfully registered JMX Bean with object name Ratis:service=RaftServer,group=group-6C34AE559107,id=517f7d0e-e4e9-49fa-a647-424f0a320eae
2019-06-15 12:55:12,367 INFO  server.RaftServerConfigKeys (ConfUtils.java:logGet(43)) - raft.server.snapshot.auto.trigger.enabled = true (custom)
2019-06-15 12:55:12,367 INFO  server.RaftServerConfigKeys (ConfUtils.java:logGet(43)) - raft.server.snapshot.auto.trigger.threshold = 10000 (custom)
2019-06-15 12:55:12,370 INFO  server.RaftServerConfigKeys (ConfUtils.java:logGet(43)) - raft.server.retrycache.expirytime = 600000ms (custom)
2019-06-15 12:55:12,370 INFO  impl.RaftServerImpl (RaftServerImpl.java:start(173)) - b8270dd8-cb53-4384-8a16-4fb2063a8f3c: start group-6C34AE559107
2019-06-15 12:55:12,370 INFO  impl.RaftServerImpl (RaftServerImpl.java:setRole(164)) - b8270dd8-cb53-4384-8a16-4fb2063a8f3c:group-6C34AE559107 changes role from null to FOLLOWER at term 0 for startAsFollower
2019-06-15 12:55:12,377 INFO  impl.RoleInfo (RoleInfo.java:updateAndGet(143)) - b8270dd8-cb53-4384-8a16-4fb2063a8f3c: start FollowerState
2019-06-15 12:55:12,378 INFO  util.JmxRegister (JmxRegister.java:tryRegister(44)) - Successfully registered JMX Bean with object name Ratis:service=RaftServer,group=group-6C34AE559107,id=b8270dd8-cb53-4384-8a16-4fb2063a8f3c
2019-06-15 12:55:12,382 INFO  pipeline.PipelineStateManager (PipelineStateManager.java:addPipeline(56)) - Created pipeline Pipeline[ Id: d6a69de9-75b3-4a8f-a1d0-6c34ae559107, Nodes: 2ca47b2b-d921-461e-93e5-e1985b30af7c{ip: 192.168.134.92, host: ozone-unit-076618677d3-6whwr-556242372, networkLocation: /default-rack, certSerialId: null}517f7d0e-e4e9-49fa-a647-424f0a320eae{ip: 192.168.134.92, host: ozone-unit-076618677d3-6whwr-556242372, networkLocation: /default-rack, certSerialId: null}b8270dd8-cb53-4384-8a16-4fb2063a8f3c{ip: 192.168.134.92, host: ozone-unit-076618677d3-6whwr-556242372, networkLocation: /default-rack, certSerialId: null}, Type:RATIS, Factor:THREE, State:OPEN]
2019-06-15 12:55:12,397 INFO  freon.RandomKeyGenerator (RandomKeyGenerator.java:call(261)) - Number of Threads: 10
2019-06-15 12:55:12,397 INFO  freon.RandomKeyGenerator (RandomKeyGenerator.java:call(267)) - Number of Volumes: 1.
2019-06-15 12:55:12,397 INFO  freon.RandomKeyGenerator (RandomKeyGenerator.java:call(268)) - Number of Buckets per Volume: 1.
2019-06-15 12:55:12,397 INFO  freon.RandomKeyGenerator (RandomKeyGenerator.java:call(269)) - Number of Keys per Bucket: 1.
2019-06-15 12:55:12,397 INFO  freon.RandomKeyGenerator (RandomKeyGenerator.java:call(270)) - Key size: 20971520 bytes
2019-06-15 12:55:12,397 INFO  freon.RandomKeyGenerator (RandomKeyGenerator.java:call(271)) - Buffer size: 4096 bytes
2019-06-15 12:55:12,397 INFO  freon.RandomKeyGenerator (RandomKeyGenerator.java:call(287)) - Data validation is enabled.
2019-06-15 12:55:12,397 INFO  freon.RandomKeyGenerator (RandomKeyGenerator.java:call(300)) - Starting progress bar Thread.

 0.00% |█                                                                                                    |  0/1 Time: 0:00:002019-06-15 12:55:12,398 INFO  rpc.RpcClient (RpcClient.java:createVolume(289)) - Creating Volume: vol-0-19005, with jenkins1000 as owner.
2019-06-15 12:55:12,403 INFO  rpc.RpcClient (RpcClient.java:createBucket(426)) - Creating Bucket: vol-0-19005/bucket-0-05605, with Versioning false and Storage Type set to DISK and Encryption set to false 
2019-06-15 12:55:12,422 INFO  client.GrpcClientProtocolClient (GrpcClientProtocolClient.java:onNext(254)) - client-B92C10A5D879->2ca47b2b-d921-461e-93e5-e1985b30af7c: receive RaftClientReply:client-B92C10A5D879->2ca47b2b-d921-461e-93e5-e1985b30af7c@group-6C34AE559107, cid=60, FAILED org.apache.ratis.protocol.NotLeaderException: Server 2ca47b2b-d921-461e-93e5-e1985b30af7c is not the leader (517f7d0e-e4e9-49fa-a647-424f0a320eae:192.168.134.92:41357). Request must be sent to leader., logIndex=0, commits[2ca47b2b-d921-461e-93e5-e1985b30af7c:c-1]
2019-06-15 12:55:12,428 WARN  client.GrpcClientProtocolService (LogUtils.java:warn(134)) - 2-OrderedRequestStreamObserver2: onError: org.apache.ratis.thirdparty.io.grpc.StatusRuntimeException: CANCELLED: cancelled before receiving half close
2019-06-15 12:55:13,391 INFO  impl.FollowerState (FollowerState.java:run(101)) - b8270dd8-cb53-4384-8a16-4fb2063a8f3c:group-6C34AE559107 changes to CANDIDATE, lastRpcTime:1014, electionTimeout:1013ms
2019-06-15 12:55:13,392 INFO  impl.RoleInfo (RoleInfo.java:shutdownFollowerState(121)) - b8270dd8-cb53-4384-8a16-4fb2063a8f3c: shutdown FollowerState
2019-06-15 12:55:13,392 INFO  impl.RaftServerImpl (RaftServerImpl.java:setRole(164)) - b8270dd8-cb53-4384-8a16-4fb2063a8f3c:group-6C34AE559107 changes role from FOLLOWER to CANDIDATE at term 0 for changeToCandidate
2019-06-15 12:55:13,393 INFO  impl.RoleInfo (RoleInfo.java:updateAndGet(143)) - b8270dd8-cb53-4384-8a16-4fb2063a8f3c: start LeaderElection
2019-06-15 12:55:13,397 INFO  impl.LeaderElection (LeaderElection.java:askForVotes(181)) - b8270dd8-cb53-4384-8a16-4fb2063a8f3c:group-6C34AE559107:LeaderElection8: begin an election at term 1 for -1: [517f7d0e-e4e9-49fa-a647-424f0a320eae:192.168.134.92:41357, b8270dd8-cb53-4384-8a16-4fb2063a8f3c:192.168.134.92:38983, 2ca47b2b-d921-461e-93e5-e1985b30af7c:192.168.134.92:46521], old=null
 0.00% |█                                                                                                    |  0/1 Time: 0:00:012019-06-15 12:55:13,402 INFO  impl.RaftServerImpl (RaftServerImpl.java:setRole(164)) - 2ca47b2b-d921-461e-93e5-e1985b30af7c:group-6C34AE559107 changes role from FOLLOWER to FOLLOWER at term 1 for recognizeCandidate:b8270dd8-cb53-4384-8a16-4fb2063a8f3c
2019-06-15 12:55:13,402 INFO  impl.RoleInfo (RoleInfo.java:shutdownFollowerState(121)) - 2ca47b2b-d921-461e-93e5-e1985b30af7c: shutdown FollowerState
2019-06-15 12:55:13,402 INFO  impl.RoleInfo (RoleInfo.java:updateAndGet(143)) - 2ca47b2b-d921-461e-93e5-e1985b30af7c: start FollowerState
2019-06-15 12:55:13,402 INFO  impl.FollowerState (FollowerState.java:run(109)) - 2ca47b2b-d921-461e-93e5-e1985b30af7c: FollowerState was interrupted: java.lang.InterruptedException: sleep interrupted
2019-06-15 12:55:13,408 INFO  impl.RaftServerImpl (RaftServerImpl.java:setRole(164)) - 517f7d0e-e4e9-49fa-a647-424f0a320eae:group-6C34AE559107 changes role from FOLLOWER to FOLLOWER at term 1 for recognizeCandidate:b8270dd8-cb53-4384-8a16-4fb2063a8f3c
2019-06-15 12:55:13,409 INFO  impl.RoleInfo (RoleInfo.java:shutdownFollowerState(121)) - 517f7d0e-e4e9-49fa-a647-424f0a320eae: shutdown FollowerState
2019-06-15 12:55:13,409 INFO  impl.RoleInfo (RoleInfo.java:updateAndGet(143)) - 517f7d0e-e4e9-49fa-a647-424f0a320eae: start FollowerState
2019-06-15 12:55:13,409 INFO  impl.FollowerState (FollowerState.java:run(109)) - 517f7d0e-e4e9-49fa-a647-424f0a320eae: FollowerState was interrupted: java.lang.InterruptedException: sleep interrupted
2019-06-15 12:55:13,411 INFO  impl.LeaderElection (LeaderElection.java:logAndReturn(56)) - b8270dd8-cb53-4384-8a16-4fb2063a8f3c:group-6C34AE559107:LeaderElection8: Election PASSED; received 1 response(s) [b8270dd8-cb53-4384-8a16-4fb2063a8f3c->2ca47b2b-d921-461e-93e5-e1985b30af7c,true-t1] and 0 exception(s); b8270dd8-cb53-4384-8a16-4fb2063a8f3c:t1, leader=null, voted=b8270dd8-cb53-4384-8a16-4fb2063a8f3c, raftlog=b8270dd8-cb53-4384-8a16-4fb2063a8f3c-SegmentedRaftLog:OPENED:c-1,f-1,i0, conf=-1: [517f7d0e-e4e9-49fa-a647-424f0a320eae:192.168.134.92:41357, b8270dd8-cb53-4384-8a16-4fb2063a8f3c:192.168.134.92:38983, 2ca47b2b-d921-461e-93e5-e1985b30af7c:192.168.134.92:46521], old=null
2019-06-15 12:55:13,411 INFO  impl.RoleInfo (RoleInfo.java:shutdownLeaderElection(134)) - b8270dd8-cb53-4384-8a16-4fb2063a8f3c: shutdown LeaderElection
2019-06-15 12:55:13,411 INFO  impl.RaftServerImpl (RaftServerImpl.java:setRole(164)) - b8270dd8-cb53-4384-8a16-4fb2063a8f3c:group-6C34AE559107 changes role from CANDIDATE to LEADER at term 1 for changeToLeader
2019-06-15 12:55:13,412 INFO  impl.RaftServerImpl (ServerState.java:setLeader(263)) - b8270dd8-cb53-4384-8a16-4fb2063a8f3c:group-6C34AE559107 change Leader from null to b8270dd8-cb53-4384-8a16-4fb2063a8f3c at term 1 for becomeLeader, leader elected after 1062ms
2019-06-15 12:55:13,412 INFO  server.RaftServerConfigKeys (ConfUtils.java:logGet(43)) - raft.server.staging.catchup.gap = 1000 (default)
2019-06-15 12:55:13,412 INFO  server.RaftServerConfigKeys (ConfUtils.java:logGet(43)) - raft.server.rpc.sleep.time = 25ms (default)
2019-06-15 12:55:13,413 INFO  server.RaftServerConfigKeys (ConfUtils.java:logGet(43)) - raft.server.watch.timeout = 10s (default)
2019-06-15 12:55:13,413 INFO  server.RaftServerConfigKeys (ConfUtils.java:logGet(43)) - raft.server.watch.timeout.denomination = 1s (default)
2019-06-15 12:55:13,413 INFO  server.RaftServerConfigKeys (ConfUtils.java:logGet(43)) - raft.server.log.appender.snapshot.chunk.size.max = 16MB (=16777216) (default)
2019-06-15 12:55:13,414 INFO  server.RaftServerConfigKeys (ConfUtils.java:logGet(43)) - raft.server.log.appender.buffer.byte-limit = 33554432 (custom)
2019-06-15 12:55:13,414 INFO  server.RaftServerConfigKeys (ConfUtils.java:logGet(43)) - raft.server.log.appender.buffer.element-limit = 1 (custom)
2019-06-15 12:55:13,414 INFO  grpc.GrpcConfigKeys$Server (ConfUtils.java:logGet(43)) - raft.grpc.server.leader.outstanding.appends.max = 128 (default)
2019-06-15 12:55:13,414 INFO  server.RaftServerConfigKeys (ConfUtils.java:logGet(43)) - raft.server.rpc.request.timeout = 3000ms (default)
2019-06-15 12:55:13,414 INFO  server.RaftServerConfigKeys (ConfUtils.java:logGet(43)) - raft.server.log.appender.install.snapshot.enabled = true (default)
2019-06-15 12:55:13,415 INFO  server.RaftServerConfigKeys (ConfUtils.java:logGet(43)) - raft.server.log.appender.snapshot.chunk.size.max = 16MB (=16777216) (default)
2019-06-15 12:55:13,415 INFO  server.RaftServerConfigKeys (ConfUtils.java:logGet(43)) - raft.server.log.appender.buffer.byte-limit = 33554432 (custom)
2019-06-15 12:55:13,415 INFO  server.RaftServerConfigKeys (ConfUtils.java:logGet(43)) - raft.server.log.appender.buffer.element-limit = 1 (custom)
2019-06-15 12:55:13,415 INFO  grpc.GrpcConfigKeys$Server (ConfUtils.java:logGet(43)) - raft.grpc.server.leader.outstanding.appends.max = 128 (default)
2019-06-15 12:55:13,415 INFO  server.RaftServerConfigKeys (ConfUtils.java:logGet(43)) - raft.server.rpc.request.timeout = 3000ms (default)
2019-06-15 12:55:13,415 INFO  server.RaftServerConfigKeys (ConfUtils.java:logGet(43)) - raft.server.log.appender.install.snapshot.enabled = true (default)
2019-06-15 12:55:13,415 INFO  impl.RoleInfo (RoleInfo.java:updateAndGet(143)) - b8270dd8-cb53-4384-8a16-4fb2063a8f3c: start LeaderState
2019-06-15 12:55:13,416 INFO  storage.RaftLogWorker (RaftLogWorker.java:startLogSegment(298)) - b8270dd8-cb53-4384-8a16-4fb2063a8f3c-RaftLogWorker: Starting segment from index:0
2019-06-15 12:55:13,419 INFO  impl.RaftServerImpl (ServerState.java:setLeader(263)) - 517f7d0e-e4e9-49fa-a647-424f0a320eae:group-6C34AE559107 change Leader from null to b8270dd8-cb53-4384-8a16-4fb2063a8f3c at term 1 for appendEntries, leader elected after 1072ms
2019-06-15 12:55:13,426 INFO  impl.RaftServerImpl (ServerState.java:setRaftConf(361)) - b8270dd8-cb53-4384-8a16-4fb2063a8f3c:group-6C34AE559107 set configuration 0: [517f7d0e-e4e9-49fa-a647-424f0a320eae:192.168.134.92:41357, b8270dd8-cb53-4384-8a16-4fb2063a8f3c:192.168.134.92:38983, 2ca47b2b-d921-461e-93e5-e1985b30af7c:192.168.134.92:46521], old=null at 0
2019-06-15 12:55:13,458 INFO  storage.RaftLogWorker (RaftLogWorker.java:execute(469)) - b8270dd8-cb53-4384-8a16-4fb2063a8f3c-RaftLogWorker: created new log segment /opt/src/hadoop-ozone/tools/target/test-dir/MiniOzoneClusterImpl-a0a80196-f9da-4c29-959e-8ae1e499c7b8/datanode-1/data/ratis/d6a69de9-75b3-4a8f-a1d0-6c34ae559107/current/log_inprogress_0
2019-06-15 12:55:13,461 INFO  impl.RaftServerImpl (ServerState.java:setRaftConf(361)) - 517f7d0e-e4e9-49fa-a647-424f0a320eae:group-6C34AE559107 set configuration 0: [517f7d0e-e4e9-49fa-a647-424f0a320eae:192.168.134.92:41357, b8270dd8-cb53-4384-8a16-4fb2063a8f3c:192.168.134.92:38983, 2ca47b2b-d921-461e-93e5-e1985b30af7c:192.168.134.92:46521], old=null at 0
2019-06-15 12:55:13,462 INFO  storage.RaftLogWorker (RaftLogWorker.java:startLogSegment(298)) - 517f7d0e-e4e9-49fa-a647-424f0a320eae-RaftLogWorker: Starting segment from index:0
2019-06-15 12:55:13,463 INFO  impl.RaftServerImpl (ServerState.java:setLeader(263)) - 2ca47b2b-d921-461e-93e5-e1985b30af7c:group-6C34AE559107 change Leader from null to b8270dd8-cb53-4384-8a16-4fb2063a8f3c at term 1 for appendEntries, leader elected after 1113ms
2019-06-15 12:55:13,468 INFO  impl.RaftServerImpl (ServerState.java:setRaftConf(361)) - 2ca47b2b-d921-461e-93e5-e1985b30af7c:group-6C34AE559107 set configuration 0: [517f7d0e-e4e9-49fa-a647-424f0a320eae:192.168.134.92:41357, b8270dd8-cb53-4384-8a16-4fb2063a8f3c:192.168.134.92:38983, 2ca47b2b-d921-461e-93e5-e1985b30af7c:192.168.134.92:46521], old=null at 0
2019-06-15 12:55:13,469 INFO  storage.RaftLogWorker (RaftLogWorker.java:startLogSegment(298)) - 2ca47b2b-d921-461e-93e5-e1985b30af7c-RaftLogWorker: Starting segment from index:0
2019-06-15 12:55:13,521 INFO  storage.RaftLogWorker (RaftLogWorker.java:execute(469)) - 517f7d0e-e4e9-49fa-a647-424f0a320eae-RaftLogWorker: created new log segment /opt/src/hadoop-ozone/tools/target/test-dir/MiniOzoneClusterImpl-a0a80196-f9da-4c29-959e-8ae1e499c7b8/datanode-2/data/ratis/d6a69de9-75b3-4a8f-a1d0-6c34ae559107/current/log_inprogress_0
2019-06-15 12:55:13,524 INFO  storage.RaftLogWorker (RaftLogWorker.java:execute(469)) - 2ca47b2b-d921-461e-93e5-e1985b30af7c-RaftLogWorker: created new log segment /opt/src/hadoop-ozone/tools/target/test-dir/MiniOzoneClusterImpl-a0a80196-f9da-4c29-959e-8ae1e499c7b8/datanode-0/data/ratis/d6a69de9-75b3-4a8f-a1d0-6c34ae559107/current/log_inprogress_0
2019-06-15 12:55:13,523 INFO  client.GrpcClientProtocolClient (GrpcClientProtocolClient.java:onNext(254)) - client-B92C10A5D879->517f7d0e-e4e9-49fa-a647-424f0a320eae: receive RaftClientReply:client-B92C10A5D879->517f7d0e-e4e9-49fa-a647-424f0a320eae@group-6C34AE559107, cid=60, FAILED org.apache.ratis.protocol.NotLeaderException: Server 517f7d0e-e4e9-49fa-a647-424f0a320eae is not the leader (b8270dd8-cb53-4384-8a16-4fb2063a8f3c:192.168.134.92:38983). Request must be sent to leader., logIndex=0, commits[517f7d0e-e4e9-49fa-a647-424f0a320eae:c-1, b8270dd8-cb53-4384-8a16-4fb2063a8f3c:c0, 2ca47b2b-d921-461e-93e5-e1985b30af7c:c-1]
2019-06-15 12:55:13,535 WARN  client.GrpcClientProtocolService (LogUtils.java:warn(134)) - 1-OrderedRequestStreamObserver1: onError: org.apache.ratis.thirdparty.io.grpc.StatusRuntimeException: CANCELLED: cancelled before receiving half close
 0.00% |█                                                                                                    |  0/1 Time: 0:00:022019-06-15 12:55:14,590 INFO  client.GrpcClientProtocolClient (GrpcClientProtocolClient.java:onNext(254)) - client-B92C10A5D879->b8270dd8-cb53-4384-8a16-4fb2063a8f3c: receive RaftClientReply:client-B92C10A5D879->b8270dd8-cb53-4384-8a16-4fb2063a8f3c@group-6C34AE559107, cid=60, SUCCESS, logIndex=1, commits[b8270dd8-cb53-4384-8a16-4fb2063a8f3c:c1, 517f7d0e-e4e9-49fa-a647-424f0a320eae:c0, 2ca47b2b-d921-461e-93e5-e1985b30af7c:c0]
2019-06-15 12:55:14,635 INFO  client.GrpcClientProtocolClient (GrpcClientProtocolClient.java:onNext(254)) - client-B92C10A5D879->b8270dd8-cb53-4384-8a16-4fb2063a8f3c: receive RaftClientReply:client-B92C10A5D879->b8270dd8-cb53-4384-8a16-4fb2063a8f3c@group-6C34AE559107, cid=61, SUCCESS, logIndex=3, commits[b8270dd8-cb53-4384-8a16-4fb2063a8f3c:c4, 517f7d0e-e4e9-49fa-a647-424f0a320eae:c3, 2ca47b2b-d921-461e-93e5-e1985b30af7c:c3]
2019-06-15 12:55:14,652 INFO  client.GrpcClientProtocolClient (GrpcClientProtocolClient.java:onNext(254)) - client-B92C10A5D879->b8270dd8-cb53-4384-8a16-4fb2063a8f3c: receive RaftClientReply:client-B92C10A5D879->b8270dd8-cb53-4384-8a16-4fb2063a8f3c@group-6C34AE559107, cid=62, SUCCESS, logIndex=5, commits[b8270dd8-cb53-4384-8a16-4fb2063a8f3c:c5, 517f7d0e-e4e9-49fa-a647-424f0a320eae:c3, 2ca47b2b-d921-461e-93e5-e1985b30af7c:c4]
2019-06-15 12:55:14,671 INFO  client.GrpcClientProtocolClient (GrpcClientProtocolClient.java:onNext(254)) - client-B92C10A5D879->b8270dd8-cb53-4384-8a16-4fb2063a8f3c: receive RaftClientReply:client-B92C10A5D879->b8270dd8-cb53-4384-8a16-4fb2063a8f3c@group-6C34AE559107, cid=63, SUCCESS, logIndex=6, commits[b8270dd8-cb53-4384-8a16-4fb2063a8f3c:c6, 517f7d0e-e4e9-49fa-a647-424f0a320eae:c4, 2ca47b2b-d921-461e-93e5-e1985b30af7c:c4]
2019-06-15 12:55:14,686 INFO  client.GrpcClientProtocolClient (GrpcClientProtocolClient.java:onNext(254)) - client-B92C10A5D879->b8270dd8-cb53-4384-8a16-4fb2063a8f3c: receive RaftClientReply:client-B92C10A5D879->b8270dd8-cb53-4384-8a16-4fb2063a8f3c@group-6C34AE559107, cid=64, SUCCESS, logIndex=9, commits[b8270dd8-cb53-4384-8a16-4fb2063a8f3c:c9, 517f7d0e-e4e9-49fa-a647-424f0a320eae:c8, 2ca47b2b-d921-461e-93e5-e1985b30af7c:c6]
2019-06-15 12:55:14,693 INFO  client.GrpcClientProtocolClient (GrpcClientProtocolClient.java:onNext(254)) - client-B92C10A5D879->b8270dd8-cb53-4384-8a16-4fb2063a8f3c: receive RaftClientReply:client-B92C10A5D879->b8270dd8-cb53-4384-8a16-4fb2063a8f3c@group-6C34AE559107, cid=65, SUCCESS, logIndex=11, commits[b8270dd8-cb53-4384-8a16-4fb2063a8f3c:c11, 517f7d0e-e4e9-49fa-a647-424f0a320eae:c9, 2ca47b2b-d921-461e-93e5-e1985b30af7c:c9]
2019-06-15 12:55:14,707 INFO  client.GrpcClientProtocolClient (GrpcClientProtocolClient.java:onNext(254)) - client-B92C10A5D879->b8270dd8-cb53-4384-8a16-4fb2063a8f3c: receive RaftClientReply:client-B92C10A5D879->b8270dd8-cb53-4384-8a16-4fb2063a8f3c@group-6C34AE559107, cid=66, SUCCESS, logIndex=13, commits[b8270dd8-cb53-4384-8a16-4fb2063a8f3c:c13, 517f7d0e-e4e9-49fa-a647-424f0a320eae:c11, 2ca47b2b-d921-461e-93e5-e1985b30af7c:c12]
2019-06-15 12:55:14,719 INFO  client.GrpcClientProtocolClient (GrpcClientProtocolClient.java:onNext(254)) - client-B92C10A5D879->b8270dd8-cb53-4384-8a16-4fb2063a8f3c: receive RaftClientReply:client-B92C10A5D879->b8270dd8-cb53-4384-8a16-4fb2063a8f3c@group-6C34AE559107, cid=67, SUCCESS, logIndex=15, commits[b8270dd8-cb53-4384-8a16-4fb2063a8f3c:c15, 517f7d0e-e4e9-49fa-a647-424f0a320eae:c13, 2ca47b2b-d921-461e-93e5-e1985b30af7c:c13]
2019-06-15 12:55:14,735 INFO  client.GrpcClientProtocolClient (GrpcClientProtocolClient.java:onNext(254)) - client-B92C10A5D879->b8270dd8-cb53-4384-8a16-4fb2063a8f3c: receive RaftClientReply:client-B92C10A5D879->b8270dd8-cb53-4384-8a16-4fb2063a8f3c@group-6C34AE559107, cid=68, SUCCESS, logIndex=0, commits[b8270dd8-cb53-4384-8a16-4fb2063a8f3c:c16, 517f7d0e-e4e9-49fa-a647-424f0a320eae:c15, 2ca47b2b-d921-461e-93e5-e1985b30af7c:c15]
2019-06-15 12:55:14,796 INFO  client.GrpcClientProtocolClient (GrpcClientProtocolClient.java:onNext(254)) - client-B92C10A5D879->b8270dd8-cb53-4384-8a16-4fb2063a8f3c: receive RaftClientReply:client-B92C10A5D879->b8270dd8-cb53-4384-8a16-4fb2063a8f3c@group-6C34AE559107, cid=69, SUCCESS, logIndex=17, commits[b8270dd8-cb53-4384-8a16-4fb2063a8f3c:c17, 517f7d0e-e4e9-49fa-a647-424f0a320eae:c16, 2ca47b2b-d921-461e-93e5-e1985b30af7c:c15]
2019-06-15 12:55:14,822 INFO  client.GrpcClientProtocolClient (GrpcClientProtocolClient.java:onNext(254)) - client-B92C10A5D879->b8270dd8-cb53-4384-8a16-4fb2063a8f3c: receive RaftClientReply:client-B92C10A5D879->b8270dd8-cb53-4384-8a16-4fb2063a8f3c@group-6C34AE559107, cid=70, SUCCESS, logIndex=19, commits[b8270dd8-cb53-4384-8a16-4fb2063a8f3c:c24, 517f7d0e-e4e9-49fa-a647-424f0a320eae:c21, 2ca47b2b-d921-461e-93e5-e1985b30af7c:c21]
2019-06-15 12:55:14,831 INFO  client.GrpcClientProtocolClient (GrpcClientProtocolClient.java:onNext(254)) - client-B92C10A5D879->b8270dd8-cb53-4384-8a16-4fb2063a8f3c: receive RaftClientReply:client-B92C10A5D879->b8270dd8-cb53-4384-8a16-4fb2063a8f3c@group-6C34AE559107, cid=71, SUCCESS, logIndex=20, commits[b8270dd8-cb53-4384-8a16-4fb2063a8f3c:c24, 517f7d0e-e4e9-49fa-a647-424f0a320eae:c21, 2ca47b2b-d921-461e-93e5-e1985b30af7c:c21]
2019-06-15 12:55:14,859 INFO  client.GrpcClientProtocolClient (GrpcClientProtocolClient.java:onNext(254)) - client-B92C10A5D879->b8270dd8-cb53-4384-8a16-4fb2063a8f3c: receive RaftClientReply:client-B92C10A5D879->b8270dd8-cb53-4384-8a16-4fb2063a8f3c@group-6C34AE559107, cid=72, SUCCESS, logIndex=21, commits[b8270dd8-cb53-4384-8a16-4fb2063a8f3c:c24, 517f7d0e-e4e9-49fa-a647-424f0a320eae:c21, 2ca47b2b-d921-461e-93e5-e1985b30af7c:c21]
2019-06-15 12:55:14,879 INFO  client.GrpcClientProtocolClient (GrpcClientProtocolClient.java:onNext(254)) - client-B92C10A5D879->b8270dd8-cb53-4384-8a16-4fb2063a8f3c: receive RaftClientReply:client-B92C10A5D879->b8270dd8-cb53-4384-8a16-4fb2063a8f3c@group-6C34AE559107, cid=73, SUCCESS, logIndex=25, commits[b8270dd8-cb53-4384-8a16-4fb2063a8f3c:c25, 517f7d0e-e4e9-49fa-a647-424f0a320eae:c24, 2ca47b2b-d921-461e-93e5-e1985b30af7c:c24]
2019-06-15 12:55:14,896 INFO  client.GrpcClientProtocolClient (GrpcClientProtocolClient.java:onNext(254)) - client-B92C10A5D879->b8270dd8-cb53-4384-8a16-4fb2063a8f3c: receive RaftClientReply:client-B92C10A5D879->b8270dd8-cb53-4384-8a16-4fb2063a8f3c@group-6C34AE559107, cid=74, SUCCESS, logIndex=27, commits[b8270dd8-cb53-4384-8a16-4fb2063a8f3c:c27, 517f7d0e-e4e9-49fa-a647-424f0a320eae:c25, 2ca47b2b-d921-461e-93e5-e1985b30af7c:c25]
2019-06-15 12:55:14,901 INFO  client.GrpcClientProtocolClient (GrpcClientProtocolClient.java:onNext(254)) - client-B92C10A5D879->b8270dd8-cb53-4384-8a16-4fb2063a8f3c: receive RaftClientReply:client-B92C10A5D879->b8270dd8-cb53-4384-8a16-4fb2063a8f3c@group-6C34AE559107, cid=75, SUCCESS, logIndex=28, commits[b8270dd8-cb53-4384-8a16-4fb2063a8f3c:c28, 517f7d0e-e4e9-49fa-a647-424f0a320eae:c25, 2ca47b2b-d921-461e-93e5-e1985b30af7c:c25]
2019-06-15 12:55:14,906 INFO  client.GrpcClientProtocolClient (GrpcClientProtocolClient.java:onNext(254)) - client-B92C10A5D879->b8270dd8-cb53-4384-8a16-4fb2063a8f3c: receive RaftClientReply:client-B92C10A5D879->b8270dd8-cb53-4384-8a16-4fb2063a8f3c@group-6C34AE559107, cid=76, SUCCESS, logIndex=29, commits[b8270dd8-cb53-4384-8a16-4fb2063a8f3c:c31, 517f7d0e-e4e9-49fa-a647-424f0a320eae:c25, 2ca47b2b-d921-461e-93e5-e1985b30af7c:c28]
2019-06-15 12:55:14,908 INFO  client.GrpcClientProtocolClient (GrpcClientProtocolClient.java:onNext(254)) - client-B92C10A5D879->b8270dd8-cb53-4384-8a16-4fb2063a8f3c: receive RaftClientReply:client-B92C10A5D879->b8270dd8-cb53-4384-8a16-4fb2063a8f3c@group-6C34AE559107, cid=77, SUCCESS, logIndex=0, commits[b8270dd8-cb53-4384-8a16-4fb2063a8f3c:c31, 517f7d0e-e4e9-49fa-a647-424f0a320eae:c28, 2ca47b2b-d921-461e-93e5-e1985b30af7c:c28]
 0.00% |█                                                                                                    |  0/1 Time: 0:00:032019-06-15 12:55:15,407 INFO  client.GrpcClientProtocolClient (GrpcClientProtocolClient.java:onNext(254)) - client-B92C10A5D879->b8270dd8-cb53-4384-8a16-4fb2063a8f3c: receive RaftClientReply:client-B92C10A5D879->b8270dd8-cb53-4384-8a16-4fb2063a8f3c@group-6C34AE559107, cid=78, SUCCESS, logIndex=0, commits[b8270dd8-cb53-4384-8a16-4fb2063a8f3c:c31, 517f7d0e-e4e9-49fa-a647-424f0a320eae:c31, 2ca47b2b-d921-461e-93e5-e1985b30af7c:c31]
2019-06-15 12:55:15,425 INFO  keyvalue.KeyValueHandler (ContainerUtils.java:logAndReturnError(146)) - Operation: CreateContainer : Trace ID: 44466eb4233e8bc2:cd666630e3cc4c37:75caf00737b9d6bf:0 : Message: Container creation failed, due to disk out of space : Result: DISK_OUT_OF_SPACE
2019-06-15 12:55:15,430 INFO  keyvalue.KeyValueHandler (ContainerUtils.java:logAndReturnError(146)) - Operation: CreateContainer : Trace ID: 44466eb4233e8bc2:cd666630e3cc4c37:75caf00737b9d6bf:0 : Message: Container creation failed, due to disk out of space : Result: DISK_OUT_OF_SPACE
2019-06-15 12:55:15,430 INFO  keyvalue.KeyValueHandler (ContainerUtils.java:logAndReturnError(146)) - Operation: CreateContainer : Trace ID: 44466eb4233e8bc2:cd666630e3cc4c37:75caf00737b9d6bf:0 : Message: Container creation failed, due to disk out of space : Result: DISK_OUT_OF_SPACE
12:55:15.432 [pool-26-thread-29] ERROR DNAudit - user=null | ip=null | op=WRITE_CHUNK {blockData=conID: 6 locID: 102275698681970697 bcsId: 0} | ret=FAILURE
org.apache.hadoop.hdds.scm.container.common.helpers.StorageContainerException: ContainerID 6 creation failed
	at org.apache.hadoop.ozone.container.common.impl.HddsDispatcher.dispatchRequest(HddsDispatcher.java:227) ~[classes/:?]
	at org.apache.hadoop.ozone.container.common.impl.HddsDispatcher.dispatch(HddsDispatcher.java:148) ~[classes/:?]
	at org.apache.hadoop.ozone.container.common.transport.server.ratis.ContainerStateMachine.dispatchCommand(ContainerStateMachine.java:347) ~[classes/:?]
	at org.apache.hadoop.ozone.container.common.transport.server.ratis.ContainerStateMachine.runCommand(ContainerStateMachine.java:354) ~[classes/:?]
	at org.apache.hadoop.ozone.container.common.transport.server.ratis.ContainerStateMachine.lambda$handleWriteChunk$0(ContainerStateMachine.java:385) ~[classes/:?]
	at java.util.concurrent.CompletableFuture$AsyncSupply.run(CompletableFuture.java:1590) [?:1.8.0_212]
	at java.util.concurrent.ThreadPoolExecutor.runWorker(ThreadPoolExecutor.java:1149) [?:1.8.0_212]
	at java.util.concurrent.ThreadPoolExecutor$Worker.run(ThreadPoolExecutor.java:624) [?:1.8.0_212]
	at java.lang.Thread.run(Thread.java:748) [?:1.8.0_212]
12:55:15.427 [pool-47-thread-29] ERROR DNAudit - user=null | ip=null | op=WRITE_CHUNK {blockData=conID: 6 locID: 102275698681970697 bcsId: 0} | ret=FAILURE
org.apache.hadoop.hdds.scm.container.common.helpers.StorageContainerException: ContainerID 6 creation failed
	at org.apache.hadoop.ozone.container.common.impl.HddsDispatcher.dispatchRequest(HddsDispatcher.java:227) ~[classes/:?]
	at org.apache.hadoop.ozone.container.common.impl.HddsDispatcher.dispatch(HddsDispatcher.java:148) ~[classes/:?]
	at org.apache.hadoop.ozone.container.common.transport.server.ratis.ContainerStateMachine.dispatchCommand(ContainerStateMachine.java:347) ~[classes/:?]
	at org.apache.hadoop.ozone.container.common.transport.server.ratis.ContainerStateMachine.runCommand(ContainerStateMachine.java:354) ~[classes/:?]
	at org.apache.hadoop.ozone.container.common.transport.server.ratis.ContainerStateMachine.lambda$handleWriteChunk$0(ContainerStateMachine.java:385) ~[classes/:?]
	at java.util.concurrent.CompletableFuture$AsyncSupply.run(CompletableFuture.java:1590) [?:1.8.0_212]
	at java.util.concurrent.ThreadPoolExecutor.runWorker(ThreadPoolExecutor.java:1149) [?:1.8.0_212]
	at java.util.concurrent.ThreadPoolExecutor$Worker.run(ThreadPoolExecutor.java:624) [?:1.8.0_212]
	at java.lang.Thread.run(Thread.java:748) [?:1.8.0_212]
2019-06-15 12:55:15,437 INFO  impl.HddsDispatcher (ContainerUtils.java:logAndReturnError(146)) - Operation: WriteChunk : Trace ID: 44466eb4233e8bc2:cd666630e3cc4c37:75caf00737b9d6bf:0 : Message: ContainerID 6 creation failed : Result: DISK_OUT_OF_SPACE
12:55:15.432 [pool-68-thread-29] ERROR DNAudit - user=null | ip=null | op=WRITE_CHUNK {blockData=conID: 6 locID: 102275698681970697 bcsId: 0} | ret=FAILURE
org.apache.hadoop.hdds.scm.container.common.helpers.StorageContainerException: ContainerID 6 creation failed
	at org.apache.hadoop.ozone.container.common.impl.HddsDispatcher.dispatchRequest(HddsDispatcher.java:227) ~[classes/:?]
	at org.apache.hadoop.ozone.container.common.impl.HddsDispatcher.dispatch(HddsDispatcher.java:148) ~[classes/:?]
	at org.apache.hadoop.ozone.container.common.transport.server.ratis.ContainerStateMachine.dispatchCommand(ContainerStateMachine.java:347) ~[classes/:?]
	at org.apache.hadoop.ozone.container.common.transport.server.ratis.ContainerStateMachine.runCommand(ContainerStateMachine.java:354) ~[classes/:?]
	at org.apache.hadoop.ozone.container.common.transport.server.ratis.ContainerStateMachine.lambda$handleWriteChunk$0(ContainerStateMachine.java:385) ~[classes/:?]
	at java.util.concurrent.CompletableFuture$AsyncSupply.run(CompletableFuture.java:1590) [?:1.8.0_212]
	at java.util.concurrent.ThreadPoolExecutor.runWorker(ThreadPoolExecutor.java:1149) [?:1.8.0_212]
	at java.util.concurrent.ThreadPoolExecutor$Worker.run(ThreadPoolExecutor.java:624) [?:1.8.0_212]
	at java.lang.Thread.run(Thread.java:748) [?:1.8.0_212]
2019-06-15 12:55:15,438 INFO  impl.HddsDispatcher (ContainerUtils.java:logAndReturnError(146)) - Operation: WriteChunk : Trace ID: 44466eb4233e8bc2:cd666630e3cc4c37:75caf00737b9d6bf:0 : Message: ContainerID 6 creation failed : Result: DISK_OUT_OF_SPACE
2019-06-15 12:55:15,444 INFO  impl.HddsDispatcher (ContainerUtils.java:logAndReturnError(146)) - Operation: WriteChunk : Trace ID: 44466eb4233e8bc2:cd666630e3cc4c37:75caf00737b9d6bf:0 : Message: ContainerID 6 creation failed : Result: DISK_OUT_OF_SPACE
12:55:15.446 [pool-54-thread-1] ERROR DNAudit - user=null | ip=null | op=WRITE_CHUNK {blockData=conID: 6 locID: 102275698681970697 bcsId: 0} | ret=FAILURE
org.apache.hadoop.hdds.scm.container.common.helpers.StorageContainerException: ContainerID 6 does not exist
	at org.apache.hadoop.ozone.container.common.impl.HddsDispatcher.dispatchRequest(HddsDispatcher.java:242) ~[classes/:?]
	at org.apache.hadoop.ozone.container.common.impl.HddsDispatcher.dispatch(HddsDispatcher.java:148) ~[classes/:?]
	at org.apache.hadoop.ozone.container.common.transport.server.ratis.ContainerStateMachine.dispatchCommand(ContainerStateMachine.java:347) ~[classes/:?]
	at org.apache.hadoop.ozone.container.common.transport.server.ratis.ContainerStateMachine.runCommand(ContainerStateMachine.java:354) ~[classes/:?]
	at org.apache.hadoop.ozone.container.common.transport.server.ratis.ContainerStateMachine.lambda$applyTransaction$5(ContainerStateMachine.java:621) ~[classes/:?]
	at java.util.concurrent.CompletableFuture$AsyncSupply.run(CompletableFuture.java:1590) [?:1.8.0_212]
	at java.util.concurrent.ThreadPoolExecutor.runWorker(ThreadPoolExecutor.java:1149) [?:1.8.0_212]
	at java.util.concurrent.ThreadPoolExecutor$Worker.run(ThreadPoolExecutor.java:624) [?:1.8.0_212]
	at java.lang.Thread.run(Thread.java:748) [?:1.8.0_212]
2019-06-15 12:55:15,446 INFO  impl.HddsDispatcher (ContainerUtils.java:logAndReturnError(146)) - Operation: WriteChunk : Trace ID: 44466eb4233e8bc2:cd666630e3cc4c37:75caf00737b9d6bf:0 : Message: ContainerID 6 does not exist : Result: CONTAINER_NOT_FOUND
2019-06-15 12:55:15,448 INFO  client.GrpcClientProtocolClient (GrpcClientProtocolClient.java:onNext(254)) - client-B92C10A5D879->b8270dd8-cb53-4384-8a16-4fb2063a8f3c: receive RaftClientReply:client-B92C10A5D879->b8270dd8-cb53-4384-8a16-4fb2063a8f3c@group-6C34AE559107, cid=79, SUCCESS, logIndex=32, commits[b8270dd8-cb53-4384-8a16-4fb2063a8f3c:c32, 517f7d0e-e4e9-49fa-a647-424f0a320eae:c31, 2ca47b2b-d921-461e-93e5-e1985b30af7c:c31]
12:55:15.450 [pool-75-thread-1] ERROR DNAudit - user=null | ip=null | op=WRITE_CHUNK {blockData=conID: 6 locID: 102275698681970697 bcsId: 0} | ret=FAILURE
org.apache.hadoop.hdds.scm.container.common.helpers.StorageContainerException: ContainerID 6 does not exist
	at org.apache.hadoop.ozone.container.common.impl.HddsDispatcher.dispatchRequest(HddsDispatcher.java:242) ~[classes/:?]
	at org.apache.hadoop.ozone.container.common.impl.HddsDispatcher.dispatch(HddsDispatcher.java:148) ~[classes/:?]
	at org.apache.hadoop.ozone.container.common.transport.server.ratis.ContainerStateMachine.dispatchCommand(ContainerStateMachine.java:347) ~[classes/:?]
	at org.apache.hadoop.ozone.container.common.transport.server.ratis.ContainerStateMachine.runCommand(ContainerStateMachine.java:354) ~[classes/:?]
	at org.apache.hadoop.ozone.container.common.transport.server.ratis.ContainerStateMachine.lambda$applyTransaction$5(ContainerStateMachine.java:621) ~[classes/:?]
	at java.util.concurrent.CompletableFuture$AsyncSupply.run(CompletableFuture.java:1590) [?:1.8.0_212]
	at java.util.concurrent.ThreadPoolExecutor.runWorker(ThreadPoolExecutor.java:1149) [?:1.8.0_212]
	at java.util.concurrent.ThreadPoolExecutor$Worker.run(ThreadPoolExecutor.java:624) [?:1.8.0_212]
	at java.lang.Thread.run(Thread.java:748) [?:1.8.0_212]
2019-06-15 12:55:15,450 ERROR storage.BlockOutputStream (BlockOutputStream.java:validateResponse(538)) - Unexpected Storage Container Exception: 
org.apache.hadoop.hdds.scm.container.common.helpers.StorageContainerException: ContainerID 6 does not exist
	at org.apache.hadoop.hdds.scm.storage.ContainerProtocolCalls.validateContainerResponse(ContainerProtocolCalls.java:536)
	at org.apache.hadoop.hdds.scm.storage.BlockOutputStream.validateResponse(BlockOutputStream.java:536)
	at org.apache.hadoop.hdds.scm.storage.BlockOutputStream.lambda$writeChunkToContainer$2(BlockOutputStream.java:614)
	at java.util.concurrent.CompletableFuture.uniApply(CompletableFuture.java:602)
	at java.util.concurrent.CompletableFuture$UniApply.tryFire(CompletableFuture.java:577)
	at java.util.concurrent.CompletableFuture$Completion.run(CompletableFuture.java:442)
	at java.util.concurrent.ThreadPoolExecutor.runWorker(ThreadPoolExecutor.java:1149)
	at java.util.concurrent.ThreadPoolExecutor$Worker.run(ThreadPoolExecutor.java:624)
	at java.lang.Thread.run(Thread.java:748)
2019-06-15 12:55:15,451 INFO  impl.HddsDispatcher (ContainerUtils.java:logAndReturnError(146)) - Operation: WriteChunk : Trace ID: 44466eb4233e8bc2:cd666630e3cc4c37:75caf00737b9d6bf:0 : Message: ContainerID 6 does not exist : Result: CONTAINER_NOT_FOUND
12:55:15.454 [pool-33-thread-1] ERROR DNAudit - user=null | ip=null | op=WRITE_CHUNK {blockData=conID: 6 locID: 102275698681970697 bcsId: 0} | ret=FAILURE
org.apache.hadoop.hdds.scm.container.common.helpers.StorageContainerException: ContainerID 6 does not exist
	at org.apache.hadoop.ozone.container.common.impl.HddsDispatcher.dispatchRequest(HddsDispatcher.java:242) ~[classes/:?]
	at org.apache.hadoop.ozone.container.common.impl.HddsDispatcher.dispatch(HddsDispatcher.java:148) ~[classes/:?]
	at org.apache.hadoop.ozone.container.common.transport.server.ratis.ContainerStateMachine.dispatchCommand(ContainerStateMachine.java:347) ~[classes/:?]
	at org.apache.hadoop.ozone.container.common.transport.server.ratis.ContainerStateMachine.runCommand(ContainerStateMachine.java:354) ~[classes/:?]
	at org.apache.hadoop.ozone.container.common.transport.server.ratis.ContainerStateMachine.lambda$applyTransaction$5(ContainerStateMachine.java:621) ~[classes/:?]
	at java.util.concurrent.CompletableFuture$AsyncSupply.run(CompletableFuture.java:1590) [?:1.8.0_212]
	at java.util.concurrent.ThreadPoolExecutor.runWorker(ThreadPoolExecutor.java:1149) [?:1.8.0_212]
	at java.util.concurrent.ThreadPoolExecutor$Worker.run(ThreadPoolExecutor.java:624) [?:1.8.0_212]
	at java.lang.Thread.run(Thread.java:748) [?:1.8.0_212]
2019-06-15 12:55:15,455 INFO  impl.HddsDispatcher (ContainerUtils.java:logAndReturnError(146)) - Operation: WriteChunk : Trace ID: 44466eb4233e8bc2:cd666630e3cc4c37:75caf00737b9d6bf:0 : Message: ContainerID 6 does not exist : Result: CONTAINER_NOT_FOUND
2019-06-15 12:55:15,455 INFO  keyvalue.KeyValueHandler (ContainerUtils.java:logAndReturnError(146)) - Operation: CreateContainer : Trace ID: 44466eb4233e8bc2:3df7a262769c17cb:75caf00737b9d6bf:0 : Message: Container creation failed, due to disk out of space : Result: DISK_OUT_OF_SPACE
12:55:15.456 [pool-47-thread-31] ERROR DNAudit - user=null | ip=null | op=WRITE_CHUNK {blockData=conID: 6 locID: 102275698681970697 bcsId: 0} | ret=FAILURE
org.apache.hadoop.hdds.scm.container.common.helpers.StorageContainerException: ContainerID 6 creation failed
	at org.apache.hadoop.ozone.container.common.impl.HddsDispatcher.dispatchRequest(HddsDispatcher.java:227) ~[classes/:?]
	at org.apache.hadoop.ozone.container.common.impl.HddsDispatcher.dispatch(HddsDispatcher.java:148) ~[classes/:?]
	at org.apache.hadoop.ozone.container.common.transport.server.ratis.ContainerStateMachine.dispatchCommand(ContainerStateMachine.java:347) ~[classes/:?]
	at org.apache.hadoop.ozone.container.common.transport.server.ratis.ContainerStateMachine.runCommand(ContainerStateMachine.java:354) ~[classes/:?]
	at org.apache.hadoop.ozone.container.common.transport.server.ratis.ContainerStateMachine.lambda$handleWriteChunk$0(ContainerStateMachine.java:385) ~[classes/:?]
	at java.util.concurrent.CompletableFuture$AsyncSupply.run(CompletableFuture.java:1590) [?:1.8.0_212]
	at java.util.concurrent.ThreadPoolExecutor.runWorker(ThreadPoolExecutor.java:1149) [?:1.8.0_212]
	at java.util.concurrent.ThreadPoolExecutor$Worker.run(ThreadPoolExecutor.java:624) [?:1.8.0_212]
	at java.lang.Thread.run(Thread.java:748) [?:1.8.0_212]
2019-06-15 12:55:15,456 INFO  impl.HddsDispatcher (ContainerUtils.java:logAndReturnError(146)) - Operation: WriteChunk : Trace ID: 44466eb4233e8bc2:3df7a262769c17cb:75caf00737b9d6bf:0 : Message: ContainerID 6 creation failed : Result: DISK_OUT_OF_SPACE
2019-06-15 12:55:15,458 INFO  keyvalue.KeyValueHandler (ContainerUtils.java:logAndReturnError(146)) - Operation: CreateContainer : Trace ID: 44466eb4233e8bc2:3df7a262769c17cb:75caf00737b9d6bf:0 : Message: Container creation failed, due to disk out of space : Result: DISK_OUT_OF_SPACE
12:55:15.459 [pool-26-thread-30] ERROR DNAudit - user=null | ip=null | op=WRITE_CHUNK {blockData=conID: 6 locID: 102275698681970697 bcsId: 0} | ret=FAILURE
org.apache.hadoop.hdds.scm.container.common.helpers.StorageContainerException: ContainerID 6 creation failed
	at org.apache.hadoop.ozone.container.common.impl.HddsDispatcher.dispatchRequest(HddsDispatcher.java:227) ~[classes/:?]
	at org.apache.hadoop.ozone.container.common.impl.HddsDispatcher.dispatch(HddsDispatcher.java:148) ~[classes/:?]
	at org.apache.hadoop.ozone.container.common.transport.server.ratis.ContainerStateMachine.dispatchCommand(ContainerStateMachine.java:347) ~[classes/:?]
	at org.apache.hadoop.ozone.container.common.transport.server.ratis.ContainerStateMachine.runCommand(ContainerStateMachine.java:354) ~[classes/:?]
	at org.apache.hadoop.ozone.container.common.transport.server.ratis.ContainerStateMachine.lambda$handleWriteChunk$0(ContainerStateMachine.java:385) ~[classes/:?]
	at java.util.concurrent.CompletableFuture$AsyncSupply.run(CompletableFuture.java:1590) [?:1.8.0_212]
	at java.util.concurrent.ThreadPoolExecutor.runWorker(ThreadPoolExecutor.java:1149) [?:1.8.0_212]
	at java.util.concurrent.ThreadPoolExecutor$Worker.run(ThreadPoolExecutor.java:624) [?:1.8.0_212]
	at java.lang.Thread.run(Thread.java:748) [?:1.8.0_212]
2019-06-15 12:55:15,459 INFO  impl.HddsDispatcher (ContainerUtils.java:logAndReturnError(146)) - Operation: WriteChunk : Trace ID: 44466eb4233e8bc2:3df7a262769c17cb:75caf00737b9d6bf:0 : Message: ContainerID 6 creation failed : Result: DISK_OUT_OF_SPACE
2019-06-15 12:55:15,459 INFO  keyvalue.KeyValueHandler (ContainerUtils.java:logAndReturnError(146)) - Operation: CreateContainer : Trace ID: 44466eb4233e8bc2:3df7a262769c17cb:75caf00737b9d6bf:0 : Message: Container creation failed, due to disk out of space : Result: DISK_OUT_OF_SPACE
12:55:15.460 [pool-68-thread-30] ERROR DNAudit - user=null | ip=null | op=WRITE_CHUNK {blockData=conID: 6 locID: 102275698681970697 bcsId: 0} | ret=FAILURE
org.apache.hadoop.hdds.scm.container.common.helpers.StorageContainerException: ContainerID 6 creation failed
	at org.apache.hadoop.ozone.container.common.impl.HddsDispatcher.dispatchRequest(HddsDispatcher.java:227) ~[classes/:?]
	at org.apache.hadoop.ozone.container.common.impl.HddsDispatcher.dispatch(HddsDispatcher.java:148) ~[classes/:?]
	at org.apache.hadoop.ozone.container.common.transport.server.ratis.ContainerStateMachine.dispatchCommand(ContainerStateMachine.java:347) ~[classes/:?]
	at org.apache.hadoop.ozone.container.common.transport.server.ratis.ContainerStateMachine.runCommand(ContainerStateMachine.java:354) ~[classes/:?]
	at org.apache.hadoop.ozone.container.common.transport.server.ratis.ContainerStateMachine.lambda$handleWriteChunk$0(ContainerStateMachine.java:385) ~[classes/:?]
	at java.util.concurrent.CompletableFuture$AsyncSupply.run(CompletableFuture.java:1590) [?:1.8.0_212]
	at java.util.concurrent.ThreadPoolExecutor.runWorker(ThreadPoolExecutor.java:1149) [?:1.8.0_212]
	at java.util.concurrent.ThreadPoolExecutor$Worker.run(ThreadPoolExecutor.java:624) [?:1.8.0_212]
	at java.lang.Thread.run(Thread.java:748) [?:1.8.0_212]
2019-06-15 12:55:15,460 INFO  impl.HddsDispatcher (ContainerUtils.java:logAndReturnError(146)) - Operation: WriteChunk : Trace ID: 44466eb4233e8bc2:3df7a262769c17cb:75caf00737b9d6bf:0 : Message: ContainerID 6 creation failed : Result: DISK_OUT_OF_SPACE
12:55:15.460 [pool-54-thread-1] ERROR DNAudit - user=null | ip=null | op=PUT_BLOCK {blockData=[blockId=conID: 6 locID: 102275698681970697 bcsId: 0,size=1048576]} | ret=FAILURE
org.apache.hadoop.hdds.scm.container.common.helpers.StorageContainerException: ContainerID 6 does not exist
	at org.apache.hadoop.ozone.container.common.impl.HddsDispatcher.dispatchRequest(HddsDispatcher.java:242) ~[classes/:?]
	at org.apache.hadoop.ozone.container.common.impl.HddsDispatcher.dispatch(HddsDispatcher.java:148) ~[classes/:?]
	at org.apache.hadoop.ozone.container.common.transport.server.ratis.ContainerStateMachine.dispatchCommand(ContainerStateMachine.java:347) ~[classes/:?]
	at org.apache.hadoop.ozone.container.common.transport.server.ratis.ContainerStateMachine.runCommand(ContainerStateMachine.java:354) ~[classes/:?]
	at org.apache.hadoop.ozone.container.common.transport.server.ratis.ContainerStateMachine.lambda$applyTransaction$5(ContainerStateMachine.java:621) ~[classes/:?]
	at java.util.concurrent.CompletableFuture$AsyncSupply.run(CompletableFuture.java:1590) [?:1.8.0_212]
	at java.util.concurrent.ThreadPoolExecutor.runWorker(ThreadPoolExecutor.java:1149) [?:1.8.0_212]
	at java.util.concurrent.ThreadPoolExecutor$Worker.run(ThreadPoolExecutor.java:624) [?:1.8.0_212]
	at java.lang.Thread.run(Thread.java:748) [?:1.8.0_212]
2019-06-15 12:55:15,460 INFO  impl.HddsDispatcher (ContainerUtils.java:logAndReturnError(146)) - Operation: PutBlock : Trace ID: 44466eb4233e8bc2:d215841b6a66efe8:75caf00737b9d6bf:0 : Message: ContainerID 6 does not exist : Result: CONTAINER_NOT_FOUND
12:55:15.461 [pool-54-thread-1] ERROR DNAudit - user=null | ip=null | op=WRITE_CHUNK {blockData=conID: 6 locID: 102275698681970697 bcsId: 0} | ret=FAILURE
org.apache.hadoop.hdds.scm.container.common.helpers.StorageContainerException: ContainerID 6 does not exist
	at org.apache.hadoop.ozone.container.common.impl.HddsDispatcher.dispatchRequest(HddsDispatcher.java:242) ~[classes/:?]
	at org.apache.hadoop.ozone.container.common.impl.HddsDispatcher.dispatch(HddsDispatcher.java:148) ~[classes/:?]
	at org.apache.hadoop.ozone.container.common.transport.server.ratis.ContainerStateMachine.dispatchCommand(ContainerStateMachine.java:347) ~[classes/:?]
	at org.apache.hadoop.ozone.container.common.transport.server.ratis.ContainerStateMachine.runCommand(ContainerStateMachine.java:354) ~[classes/:?]
	at org.apache.hadoop.ozone.container.common.transport.server.ratis.ContainerStateMachine.lambda$applyTransaction$5(ContainerStateMachine.java:621) ~[classes/:?]
	at java.util.concurrent.CompletableFuture$AsyncSupply.run(CompletableFuture.java:1590) [?:1.8.0_212]
	at java.util.concurrent.ThreadPoolExecutor.runWorker(ThreadPoolExecutor.java:1149) [?:1.8.0_212]
	at java.util.concurrent.ThreadPoolExecutor$Worker.run(ThreadPoolExecutor.java:624) [?:1.8.0_212]
	at java.lang.Thread.run(Thread.java:748) [?:1.8.0_212]
2019-06-15 12:55:15,462 INFO  impl.HddsDispatcher (ContainerUtils.java:logAndReturnError(146)) - Operation: WriteChunk : Trace ID: 44466eb4233e8bc2:3df7a262769c17cb:75caf00737b9d6bf:0 : Message: ContainerID 6 does not exist : Result: CONTAINER_NOT_FOUND
2019-06-15 12:55:15,462 INFO  client.GrpcClientProtocolClient (GrpcClientProtocolClient.java:onNext(254)) - client-B92C10A5D879->b8270dd8-cb53-4384-8a16-4fb2063a8f3c: receive RaftClientReply:client-B92C10A5D879->b8270dd8-cb53-4384-8a16-4fb2063a8f3c@group-6C34AE559107, cid=80, SUCCESS, logIndex=34, commits[b8270dd8-cb53-4384-8a16-4fb2063a8f3c:c34, 517f7d0e-e4e9-49fa-a647-424f0a320eae:c33, 2ca47b2b-d921-461e-93e5-e1985b30af7c:c33]
12:55:15.469 [pool-54-thread-1] ERROR DNAudit - user=null | ip=null | op=PUT_BLOCK {blockData=[blockId=conID: 6 locID: 102275698681970697 bcsId: 0,size=2097152]} | ret=FAILURE
org.apache.hadoop.hdds.scm.container.common.helpers.StorageContainerException: ContainerID 6 does not exist
	at org.apache.hadoop.ozone.container.common.impl.HddsDispatcher.dispatchRequest(HddsDispatcher.java:242) ~[classes/:?]
	at org.apache.hadoop.ozone.container.common.impl.HddsDispatcher.dispatch(HddsDispatcher.java:148) ~[classes/:?]
	at org.apache.hadoop.ozone.container.common.transport.server.ratis.ContainerStateMachine.dispatchCommand(ContainerStateMachine.java:347) ~[classes/:?]
	at org.apache.hadoop.ozone.container.common.transport.server.ratis.ContainerStateMachine.runCommand(ContainerStateMachine.java:354) ~[classes/:?]
	at org.apache.hadoop.ozone.container.common.transport.server.ratis.ContainerStateMachine.lambda$applyTransaction$5(ContainerStateMachine.java:621) ~[classes/:?]
	at java.util.concurrent.CompletableFuture$AsyncSupply.run(CompletableFuture.java:1590) [?:1.8.0_212]
	at java.util.concurrent.ThreadPoolExecutor.runWorker(ThreadPoolExecutor.java:1149) [?:1.8.0_212]
	at java.util.concurrent.ThreadPoolExecutor$Worker.run(ThreadPoolExecutor.java:624) [?:1.8.0_212]
	at java.lang.Thread.run(Thread.java:748) [?:1.8.0_212]
2019-06-15 12:55:15,470 INFO  impl.HddsDispatcher (ContainerUtils.java:logAndReturnError(146)) - Operation: PutBlock : Trace ID: 44466eb4233e8bc2:2f0fe61c428018be:75caf00737b9d6bf:0 : Message: ContainerID 6 does not exist : Result: CONTAINER_NOT_FOUND
2019-06-15 12:55:15,471 INFO  client.GrpcClientProtocolClient (GrpcClientProtocolClient.java:onNext(254)) - client-B92C10A5D879->b8270dd8-cb53-4384-8a16-4fb2063a8f3c: receive RaftClientReply:client-B92C10A5D879->b8270dd8-cb53-4384-8a16-4fb2063a8f3c@group-6C34AE559107, cid=81, SUCCESS, logIndex=35, commits[b8270dd8-cb53-4384-8a16-4fb2063a8f3c:c35, 517f7d0e-e4e9-49fa-a647-424f0a320eae:c33, 2ca47b2b-d921-461e-93e5-e1985b30af7c:c33]
12:55:15.474 [pool-75-thread-1] ERROR DNAudit - user=null | ip=null | op=PUT_BLOCK {blockData=[blockId=conID: 6 locID: 102275698681970697 bcsId: 0,size=1048576]} | ret=FAILURE
org.apache.hadoop.hdds.scm.container.common.helpers.StorageContainerException: ContainerID 6 does not exist
	at org.apache.hadoop.ozone.container.common.impl.HddsDispatcher.dispatchRequest(HddsDispatcher.java:242) ~[classes/:?]
	at org.apache.hadoop.ozone.container.common.impl.HddsDispatcher.dispatch(HddsDispatcher.java:148) ~[classes/:?]
	at org.apache.hadoop.ozone.container.common.transport.server.ratis.ContainerStateMachine.dispatchCommand(ContainerStateMachine.java:347) ~[classes/:?]
	at org.apache.hadoop.ozone.container.common.transport.server.ratis.ContainerStateMachine.runCommand(ContainerStateMachine.java:354) ~[classes/:?]
	at org.apache.hadoop.ozone.container.common.transport.server.ratis.ContainerStateMachine.lambda$applyTransaction$5(ContainerStateMachine.java:621) ~[classes/:?]
	at java.util.concurrent.CompletableFuture$AsyncSupply.run(CompletableFuture.java:1590) [?:1.8.0_212]
	at java.util.concurrent.ThreadPoolExecutor.runWorker(ThreadPoolExecutor.java:1149) [?:1.8.0_212]
	at java.util.concurrent.ThreadPoolExecutor$Worker.run(ThreadPoolExecutor.java:624) [?:1.8.0_212]
	at java.lang.Thread.run(Thread.java:748) [?:1.8.0_212]
2019-06-15 12:55:15,475 INFO  impl.HddsDispatcher (ContainerUtils.java:logAndReturnError(146)) - Operation: PutBlock : Trace ID: 44466eb4233e8bc2:d215841b6a66efe8:75caf00737b9d6bf:0 : Message: ContainerID 6 does not exist : Result: CONTAINER_NOT_FOUND
12:55:15.475 [pool-33-thread-1] ERROR DNAudit - user=null | ip=null | op=PUT_BLOCK {blockData=[blockId=conID: 6 locID: 102275698681970697 bcsId: 0,size=1048576]} | ret=FAILURE
org.apache.hadoop.hdds.scm.container.common.helpers.StorageContainerException: ContainerID 6 does not exist
	at org.apache.hadoop.ozone.container.common.impl.HddsDispatcher.dispatchRequest(HddsDispatcher.java:242) ~[classes/:?]
	at org.apache.hadoop.ozone.container.common.impl.HddsDispatcher.dispatch(HddsDispatcher.java:148) ~[classes/:?]
	at org.apache.hadoop.ozone.container.common.transport.server.ratis.ContainerStateMachine.dispatchCommand(ContainerStateMachine.java:347) ~[classes/:?]
	at org.apache.hadoop.ozone.container.common.transport.server.ratis.ContainerStateMachine.runCommand(ContainerStateMachine.java:354) ~[classes/:?]
	at org.apache.hadoop.ozone.container.common.transport.server.ratis.ContainerStateMachine.lambda$applyTransaction$5(ContainerStateMachine.java:621) ~[classes/:?]
	at java.util.concurrent.CompletableFuture$AsyncSupply.run(CompletableFuture.java:1590) [?:1.8.0_212]
	at java.util.concurrent.ThreadPoolExecutor.runWorker(ThreadPoolExecutor.java:1149) [?:1.8.0_212]
	at java.util.concurrent.ThreadPoolExecutor$Worker.run(ThreadPoolExecutor.java:624) [?:1.8.0_212]
	at java.lang.Thread.run(Thread.java:748) [?:1.8.0_212]
2019-06-15 12:55:15,475 INFO  impl.HddsDispatcher (ContainerUtils.java:logAndReturnError(146)) - Operation: PutBlock : Trace ID: 44466eb4233e8bc2:d215841b6a66efe8:75caf00737b9d6bf:0 : Message: ContainerID 6 does not exist : Result: CONTAINER_NOT_FOUND
12:55:15.475 [pool-75-thread-1] ERROR DNAudit - user=null | ip=null | op=WRITE_CHUNK {blockData=conID: 6 locID: 102275698681970697 bcsId: 0} | ret=FAILURE
org.apache.hadoop.hdds.scm.container.common.helpers.StorageContainerException: ContainerID 6 does not exist
	at org.apache.hadoop.ozone.container.common.impl.HddsDispatcher.dispatchRequest(HddsDispatcher.java:242) ~[classes/:?]
	at org.apache.hadoop.ozone.container.common.impl.HddsDispatcher.dispatch(HddsDispatcher.java:148) ~[classes/:?]
	at org.apache.hadoop.ozone.container.common.transport.server.ratis.ContainerStateMachine.dispatchCommand(ContainerStateMachine.java:347) ~[classes/:?]
	at org.apache.hadoop.ozone.container.common.transport.server.ratis.ContainerStateMachine.runCommand(ContainerStateMachine.java:354) ~[classes/:?]
	at org.apache.hadoop.ozone.container.common.transport.server.ratis.ContainerStateMachine.lambda$applyTransaction$5(ContainerStateMachine.java:621) ~[classes/:?]
	at java.util.concurrent.CompletableFuture$AsyncSupply.run(CompletableFuture.java:1590) [?:1.8.0_212]
	at java.util.concurrent.ThreadPoolExecutor.runWorker(ThreadPoolExecutor.java:1149) [?:1.8.0_212]
	at java.util.concurrent.ThreadPoolExecutor$Worker.run(ThreadPoolExecutor.java:624) [?:1.8.0_212]
	at java.lang.Thread.run(Thread.java:748) [?:1.8.0_212]
2019-06-15 12:55:15,475 INFO  client.GrpcClientProtocolClient (GrpcClientProtocolClient.java:onNext(254)) - client-B92C10A5D879->b8270dd8-cb53-4384-8a16-4fb2063a8f3c: receive RaftClientReply:client-B92C10A5D879->b8270dd8-cb53-4384-8a16-4fb2063a8f3c@group-6C34AE559107, cid=82, SUCCESS, logIndex=36, commits[b8270dd8-cb53-4384-8a16-4fb2063a8f3c:c36, 517f7d0e-e4e9-49fa-a647-424f0a320eae:c34, 2ca47b2b-d921-461e-93e5-e1985b30af7c:c33]
2019-06-15 12:55:15,475 INFO  impl.HddsDispatcher (ContainerUtils.java:logAndReturnError(146)) - Operation: WriteChunk : Trace ID: 44466eb4233e8bc2:3df7a262769c17cb:75caf00737b9d6bf:0 : Message: ContainerID 6 does not exist : Result: CONTAINER_NOT_FOUND
12:55:15.476 [pool-33-thread-1] ERROR DNAudit - user=null | ip=null | op=WRITE_CHUNK {blockData=conID: 6 locID: 102275698681970697 bcsId: 0} | ret=FAILURE
org.apache.hadoop.hdds.scm.container.common.helpers.StorageContainerException: ContainerID 6 does not exist
	at org.apache.hadoop.ozone.container.common.impl.HddsDispatcher.dispatchRequest(HddsDispatcher.java:242) ~[classes/:?]
	at org.apache.hadoop.ozone.container.common.impl.HddsDispatcher.dispatch(HddsDispatcher.java:148) ~[classes/:?]
	at org.apache.hadoop.ozone.container.common.transport.server.ratis.ContainerStateMachine.dispatchCommand(ContainerStateMachine.java:347) ~[classes/:?]
	at org.apache.hadoop.ozone.container.common.transport.server.ratis.ContainerStateMachine.runCommand(ContainerStateMachine.java:354) ~[classes/:?]
	at org.apache.hadoop.ozone.container.common.transport.server.ratis.ContainerStateMachine.lambda$applyTransaction$5(ContainerStateMachine.java:621) ~[classes/:?]
	at java.util.concurrent.CompletableFuture$AsyncSupply.run(CompletableFuture.java:1590) [?:1.8.0_212]
	at java.util.concurrent.ThreadPoolExecutor.runWorker(ThreadPoolExecutor.java:1149) [?:1.8.0_212]
	at java.util.concurrent.ThreadPoolExecutor$Worker.run(ThreadPoolExecutor.java:624) [?:1.8.0_212]
	at java.lang.Thread.run(Thread.java:748) [?:1.8.0_212]
12:55:15.476 [pool-75-thread-1] ERROR DNAudit - user=null | ip=null | op=PUT_BLOCK {blockData=[blockId=conID: 6 locID: 102275698681970697 bcsId: 0,size=2097152]} | ret=FAILURE
org.apache.hadoop.hdds.scm.container.common.helpers.StorageContainerException: ContainerID 6 does not exist
	at org.apache.hadoop.ozone.container.common.impl.HddsDispatcher.dispatchRequest(HddsDispatcher.java:242) ~[classes/:?]
	at org.apache.hadoop.ozone.container.common.impl.HddsDispatcher.dispatch(HddsDispatcher.java:148) ~[classes/:?]
	at org.apache.hadoop.ozone.container.common.transport.server.ratis.ContainerStateMachine.dispatchCommand(ContainerStateMachine.java:347) ~[classes/:?]
	at org.apache.hadoop.ozone.container.common.transport.server.ratis.ContainerStateMachine.runCommand(ContainerStateMachine.java:354) ~[classes/:?]
	at org.apache.hadoop.ozone.container.common.transport.server.ratis.ContainerStateMachine.lambda$applyTransaction$5(ContainerStateMachine.java:621) ~[classes/:?]
	at java.util.concurrent.CompletableFuture$AsyncSupply.run(CompletableFuture.java:1590) [?:1.8.0_212]
	at java.util.concurrent.ThreadPoolExecutor.runWorker(ThreadPoolExecutor.java:1149) [?:1.8.0_212]
	at java.util.concurrent.ThreadPoolExecutor$Worker.run(ThreadPoolExecutor.java:624) [?:1.8.0_212]
	at java.lang.Thread.run(Thread.java:748) [?:1.8.0_212]
2019-06-15 12:55:15,478 ERROR freon.RandomKeyGenerator (RandomKeyGenerator.java:run(675)) - Exception while adding key: key-0-85000 in bucket: org.apache.hadoop.ozone.client.OzoneBucket@2291b097 of volume: org.apache.hadoop.ozone.client.OzoneVolume@205e81c0.
java.io.IOException: Unexpected Storage Container Exception: org.apache.hadoop.hdds.scm.container.common.helpers.StorageContainerException: ContainerID 6 does not exist
	at org.apache.hadoop.hdds.scm.storage.BlockOutputStream.setIoException(BlockOutputStream.java:548)
	at org.apache.hadoop.hdds.scm.storage.BlockOutputStream.validateResponse(BlockOutputStream.java:539)
	at org.apache.hadoop.hdds.scm.storage.BlockOutputStream.lambda$writeChunkToContainer$2(BlockOutputStream.java:614)
	at java.util.concurrent.CompletableFuture.uniApply(CompletableFuture.java:602)
	at java.util.concurrent.CompletableFuture$UniApply.tryFire(CompletableFuture.java:577)
	at java.util.concurrent.CompletableFuture$Completion.run(CompletableFuture.java:442)
	at java.util.concurrent.ThreadPoolExecutor.runWorker(ThreadPoolExecutor.java:1149)
	at java.util.concurrent.ThreadPoolExecutor$Worker.run(ThreadPoolExecutor.java:624)
	at java.lang.Thread.run(Thread.java:748)
Caused by: org.apache.hadoop.hdds.scm.container.common.helpers.StorageContainerException: ContainerID 6 does not exist
	at org.apache.hadoop.hdds.scm.storage.ContainerProtocolCalls.validateContainerResponse(ContainerProtocolCalls.java:536)
	at org.apache.hadoop.hdds.scm.storage.BlockOutputStream.validateResponse(BlockOutputStream.java:536)
	... 7 more
2019-06-15 12:55:15,479 INFO  impl.HddsDispatcher (ContainerUtils.java:logAndReturnError(146)) - Operation: PutBlock : Trace ID: 44466eb4233e8bc2:2f0fe61c428018be:75caf00737b9d6bf:0 : Message: ContainerID 6 does not exist : Result: CONTAINER_NOT_FOUND
2019-06-15 12:55:15,479 INFO  impl.HddsDispatcher (ContainerUtils.java:logAndReturnError(146)) - Operation: WriteChunk : Trace ID: 44466eb4233e8bc2:3df7a262769c17cb:75caf00737b9d6bf:0 : Message: ContainerID 6 does not exist : Result: CONTAINER_NOT_FOUND
12:55:15.480 [pool-33-thread-1] ERROR DNAudit - user=null | ip=null | op=PUT_BLOCK {blockData=[blockId=conID: 6 locID: 102275698681970697 bcsId: 0,size=2097152]} | ret=FAILURE
org.apache.hadoop.hdds.scm.container.common.helpers.StorageContainerException: ContainerID 6 does not exist
	at org.apache.hadoop.ozone.container.common.impl.HddsDispatcher.dispatchRequest(HddsDispatcher.java:242) ~[classes/:?]
	at org.apache.hadoop.ozone.container.common.impl.HddsDispatcher.dispatch(HddsDispatcher.java:148) ~[classes/:?]
	at org.apache.hadoop.ozone.container.common.transport.server.ratis.ContainerStateMachine.dispatchCommand(ContainerStateMachine.java:347) ~[classes/:?]
	at org.apache.hadoop.ozone.container.common.transport.server.ratis.ContainerStateMachine.runCommand(ContainerStateMachine.java:354) ~[classes/:?]
	at org.apache.hadoop.ozone.container.common.transport.server.ratis.ContainerStateMachine.lambda$applyTransaction$5(ContainerStateMachine.java:621) ~[classes/:?]
	at java.util.concurrent.CompletableFuture$AsyncSupply.run(CompletableFuture.java:1590) [?:1.8.0_212]
	at java.util.concurrent.ThreadPoolExecutor.runWorker(ThreadPoolExecutor.java:1149) [?:1.8.0_212]
	at java.util.concurrent.ThreadPoolExecutor$Worker.run(ThreadPoolExecutor.java:624) [?:1.8.0_212]
	at java.lang.Thread.run(Thread.java:748) [?:1.8.0_212]
2019-06-15 12:55:15,480 INFO  impl.HddsDispatcher (ContainerUtils.java:logAndReturnError(146)) - Operation: PutBlock : Trace ID: 44466eb4233e8bc2:2f0fe61c428018be:75caf00737b9d6bf:0 : Message: ContainerID 6 does not exist : Result: CONTAINER_NOT_FOUND
 100.00% |█████████████████████████████████████████████████████████████████████████████████████████████████████|  1/1 Time: 0:00:04
]]></system-out>
    <system-err><![CDATA[ERROR StatusLogger No Log4j 2 configuration file found. Using default configuration (logging only errors to the console), or user programmatically provided configurations. Set system property 'log4j2.debug' to show Log4j 2 internal initialization logging. See https://logging.apache.org/log4j/2.x/manual/configuration.html for instructions on how to configure Log4j 2
Jun 15, 2019 12:54:59 PM com.sun.jersey.server.impl.application.WebApplicationImpl _initiate
INFO: Initiating Jersey application, version 'Jersey: 1.19 02/11/2015 03:25 AM'
Jun 15, 2019 12:54:59 PM com.sun.jersey.server.impl.application.WebApplicationImpl _initiate
INFO: Initiating Jersey application, version 'Jersey: 1.19 02/11/2015 03:25 AM'
Jun 15, 2019 12:55:00 PM com.sun.jersey.server.impl.application.WebApplicationImpl _initiate
INFO: Initiating Jersey application, version 'Jersey: 1.19 02/11/2015 03:25 AM'
]]></system-err>
  </testcase>
</testsuite>