<?xml version="1.0" encoding="UTF-8"?>
<testsuite xmlns:xsi="http://www.w3.org/2001/XMLSchema-instance" xsi:noNamespaceSchemaLocation="https://maven.apache.org/surefire/maven-surefire-plugin/xsd/surefire-test-report.xsd" name="org.apache.hadoop.ozone.client.rpc.TestOzoneClientRetriesOnException" time="24.914" tests="2" errors="1" skipped="0" failures="0">
  <properties>
    <property name="awt.toolkit" value="sun.awt.X11.XToolkit"/>
    <property name="file.encoding.pkg" value="sun.io"/>
    <property name="java.specification.version" value="1.8"/>
    <property name="sun.cpu.isalist" value=""/>
    <property name="sun.jnu.encoding" value="UTF-8"/>
    <property name="java.class.path" value="/opt/src/hadoop-ozone/integration-test/target/test-classes:/opt/src/hadoop-ozone/integration-test/target/classes:/root/.m2/repository/org/apache/hadoop/hadoop-ozone-common/0.5.0-SNAPSHOT/hadoop-ozone-common-0.5.0-SNAPSHOT.jar:/root/.m2/repository/org/apache/commons/commons-compress/1.4.1/commons-compress-1.4.1.jar:/root/.m2/repository/org/tukaani/xz/1.0/xz-1.0.jar:/root/.m2/repository/org/apache/hadoop/hadoop-common/3.2.0/hadoop-common-3.2.0.jar:/root/.m2/repository/org/apache/hadoop/hadoop-hdfs/3.2.0/hadoop-hdfs-3.2.0.jar:/root/.m2/repository/org/apache/hadoop/hadoop-hdfs-client/3.2.0/hadoop-hdfs-client-3.2.0.jar:/root/.m2/repository/com/fasterxml/jackson/core/jackson-annotations/2.9.5/jackson-annotations-2.9.5.jar:/root/.m2/repository/org/apache/hadoop/hadoop-hdds-common/0.5.0-SNAPSHOT/hadoop-hdds-common-0.5.0-SNAPSHOT.jar:/root/.m2/repository/javax/annotation/javax.annotation-api/1.2/javax.annotation-api-1.2.jar:/root/.m2/repository/org/apache/ratis/ratis-server/0.4.0-fe2b15d-SNAPSHOT/ratis-server-0.4.0-fe2b15d-SNAPSHOT.jar:/root/.m2/repository/org/apache/ratis/ratis-thirdparty-misc/0.2.0/ratis-thirdparty-misc-0.2.0.jar:/root/.m2/repository/org/apache/ratis/ratis-proto/0.4.0-fe2b15d-SNAPSHOT/ratis-proto-0.4.0-fe2b15d-SNAPSHOT.jar:/root/.m2/repository/org/apache/ratis/ratis-common/0.4.0-fe2b15d-SNAPSHOT/ratis-common-0.4.0-fe2b15d-SNAPSHOT.jar:/root/.m2/repository/org/apache/ratis/ratis-client/0.4.0-fe2b15d-SNAPSHOT/ratis-client-0.4.0-fe2b15d-SNAPSHOT.jar:/root/.m2/repository/org/apache/ratis/ratis-netty/0.4.0-fe2b15d-SNAPSHOT/ratis-netty-0.4.0-fe2b15d-SNAPSHOT.jar:/root/.m2/repository/org/apache/ratis/ratis-grpc/0.4.0-fe2b15d-SNAPSHOT/ratis-grpc-0.4.0-fe2b15d-SNAPSHOT.jar:/root/.m2/repository/org/rocksdb/rocksdbjni/5.14.2/rocksdbjni-5.14.2.jar:/root/.m2/repository/org/apache/logging/log4j/log4j-api/2.11.0/log4j-api-2.11.0.jar:/root/.m2/repository/org/apache/logging/log4j/log4j-core/2.11.0/log4j-core-2.11.0.jar:/root/.m2/repository/com/lmax/disruptor/3.4.2/disruptor-3.4.2.jar:/root/.m2/repository/org/apache/commons/commons-pool2/2.6.0/commons-pool2-2.6.0.jar:/root/.m2/repository/org/bouncycastle/bcpkix-jdk15on/1.60/bcpkix-jdk15on-1.60.jar:/root/.m2/repository/commons-validator/commons-validator/1.6/commons-validator-1.6.jar:/root/.m2/repository/commons-digester/commons-digester/1.8.1/commons-digester-1.8.1.jar:/root/.m2/repository/io/jaegertracing/jaeger-client/0.33.1/jaeger-client-0.33.1.jar:/root/.m2/repository/io/jaegertracing/jaeger-thrift/0.33.1/jaeger-thrift-0.33.1.jar:/root/.m2/repository/org/apache/thrift/libthrift/0.11.0/libthrift-0.11.0.jar:/root/.m2/repository/com/squareup/okhttp3/okhttp/3.9.0/okhttp-3.9.0.jar:/root/.m2/repository/com/squareup/okio/okio/1.13.0/okio-1.13.0.jar:/root/.m2/repository/io/jaegertracing/jaeger-core/0.33.1/jaeger-core-0.33.1.jar:/root/.m2/repository/io/jaegertracing/jaeger-tracerresolver/0.33.1/jaeger-tracerresolver-0.33.1.jar:/root/.m2/repository/io/opentracing/contrib/opentracing-tracerresolver/0.1.5/opentracing-tracerresolver-0.1.5.jar:/root/.m2/repository/io/opentracing/opentracing-util/0.31.0/opentracing-util-0.31.0.jar:/root/.m2/repository/io/opentracing/opentracing-api/0.31.0/opentracing-api-0.31.0.jar:/root/.m2/repository/io/opentracing/opentracing-noop/0.31.0/opentracing-noop-0.31.0.jar:/root/.m2/repository/org/apache/hadoop/hadoop-hdds-server-framework/0.5.0-SNAPSHOT/hadoop-hdds-server-framework-0.5.0-SNAPSHOT.jar:/root/.m2/repository/org/apache/hadoop/hadoop-hdds-server-scm/0.5.0-SNAPSHOT/hadoop-hdds-server-scm-0.5.0-SNAPSHOT.jar:/root/.m2/repository/org/apache/hadoop/hadoop-hdds-container-service/0.5.0-SNAPSHOT/hadoop-hdds-container-service-0.5.0-SNAPSHOT.jar:/root/.m2/repository/org/apache/hadoop/hadoop-hdds-client/0.5.0-SNAPSHOT/hadoop-hdds-client-0.5.0-SNAPSHOT.jar:/root/.m2/repository/org/apache/hadoop/hadoop-hdds-tools/0.5.0-SNAPSHOT/hadoop-hdds-tools-0.5.0-SNAPSHOT.jar:/root/.m2/repository/org/apache/hadoop/hadoop-ozone-ozone-manager/0.5.0-SNAPSHOT/hadoop-ozone-ozone-manager-0.5.0-SNAPSHOT.jar:/root/.m2/repository/org/apache/hadoop/hadoop-hdds-docs/0.5.0-SNAPSHOT/hadoop-hdds-docs-0.5.0-SNAPSHOT.jar:/root/.m2/repository/org/bouncycastle/bcprov-jdk15on/1.60/bcprov-jdk15on-1.60.jar:/root/.m2/repository/org/apache/hadoop/hadoop-minikdc/3.2.0/hadoop-minikdc-3.2.0.jar:/root/.m2/repository/commons-io/commons-io/2.5/commons-io-2.5.jar:/root/.m2/repository/org/apache/kerby/kerb-simplekdc/1.0.1/kerb-simplekdc-1.0.1.jar:/root/.m2/repository/org/apache/kerby/kerb-client/1.0.1/kerb-client-1.0.1.jar:/root/.m2/repository/org/apache/kerby/kerby-config/1.0.1/kerby-config-1.0.1.jar:/root/.m2/repository/org/apache/kerby/kerb-core/1.0.1/kerb-core-1.0.1.jar:/root/.m2/repository/org/apache/kerby/kerby-pkix/1.0.1/kerby-pkix-1.0.1.jar:/root/.m2/repository/org/apache/kerby/kerby-asn1/1.0.1/kerby-asn1-1.0.1.jar:/root/.m2/repository/org/apache/kerby/kerby-util/1.0.1/kerby-util-1.0.1.jar:/root/.m2/repository/org/apache/kerby/kerb-common/1.0.1/kerb-common-1.0.1.jar:/root/.m2/repository/org/apache/kerby/kerb-crypto/1.0.1/kerb-crypto-1.0.1.jar:/root/.m2/repository/org/apache/kerby/kerb-util/1.0.1/kerb-util-1.0.1.jar:/root/.m2/repository/org/apache/kerby/token-provider/1.0.1/token-provider-1.0.1.jar:/root/.m2/repository/org/apache/kerby/kerb-admin/1.0.1/kerb-admin-1.0.1.jar:/root/.m2/repository/org/apache/kerby/kerb-server/1.0.1/kerb-server-1.0.1.jar:/root/.m2/repository/org/apache/kerby/kerb-identity/1.0.1/kerb-identity-1.0.1.jar:/root/.m2/repository/org/apache/kerby/kerby-xdr/1.0.1/kerby-xdr-1.0.1.jar:/root/.m2/repository/org/slf4j/slf4j-log4j12/1.7.25/slf4j-log4j12-1.7.25.jar:/root/.m2/repository/org/apache/hadoop/hadoop-ozone-objectstore-service/0.5.0-SNAPSHOT/hadoop-ozone-objectstore-service-0.5.0-SNAPSHOT.jar:/root/.m2/repository/org/apache/hadoop/hadoop-ozone-s3gateway/0.5.0-SNAPSHOT/hadoop-ozone-s3gateway-0.5.0-SNAPSHOT.jar:/root/.m2/repository/org/jboss/weld/servlet/weld-servlet/2.4.7.Final/weld-servlet-2.4.7.Final.jar:/root/.m2/repository/org/glassfish/jersey/containers/jersey-container-servlet-core/2.27/jersey-container-servlet-core-2.27.jar:/root/.m2/repository/org/glassfish/hk2/external/javax.inject/2.5.0-b42/javax.inject-2.5.0-b42.jar:/root/.m2/repository/org/glassfish/jersey/core/jersey-common/2.27/jersey-common-2.27.jar:/root/.m2/repository/org/glassfish/hk2/osgi-resource-locator/1.0.1/osgi-resource-locator-1.0.1.jar:/root/.m2/repository/javax/ws/rs/javax.ws.rs-api/2.1/javax.ws.rs-api-2.1.jar:/root/.m2/repository/org/glassfish/jersey/ext/cdi/jersey-cdi1x/2.27/jersey-cdi1x-2.27.jar:/root/.m2/repository/org/glassfish/jersey/inject/jersey-hk2/2.27/jersey-hk2-2.27.jar:/root/.m2/repository/org/glassfish/hk2/hk2-locator/2.5.0-b42/hk2-locator-2.5.0-b42.jar:/root/.m2/repository/org/javassist/javassist/3.22.0-CR2/javassist-3.22.0-CR2.jar:/root/.m2/repository/org/glassfish/hk2/hk2-api/2.5.0/hk2-api-2.5.0.jar:/root/.m2/repository/org/glassfish/hk2/external/jakarta.inject/2.5.0/jakarta.inject-2.5.0.jar:/root/.m2/repository/org/glassfish/hk2/hk2-utils/2.5.0/hk2-utils-2.5.0.jar:/root/.m2/repository/jakarta/annotation/jakarta.annotation-api/1.3.4/jakarta.annotation-api-1.3.4.jar:/root/.m2/repository/org/glassfish/hk2/external/aopalliance-repackaged/2.5.0/aopalliance-repackaged-2.5.0.jar:/root/.m2/repository/com/fasterxml/jackson/dataformat/jackson-dataformat-xml/2.9.0/jackson-dataformat-xml-2.9.0.jar:/root/.m2/repository/com/fasterxml/jackson/core/jackson-core/2.9.5/jackson-core-2.9.5.jar:/root/.m2/repository/com/fasterxml/jackson/module/jackson-module-jaxb-annotations/2.9.5/jackson-module-jaxb-annotations-2.9.5.jar:/root/.m2/repository/javax/enterprise/cdi-api/1.2/cdi-api-1.2.jar:/root/.m2/repository/javax/el/javax.el-api/3.0.0/javax.el-api-3.0.0.jar:/root/.m2/repository/javax/interceptor/javax.interceptor-api/1.2/javax.interceptor-api-1.2.jar:/root/.m2/repository/javax/inject/javax.inject/1/javax.inject-1.jar:/root/.m2/repository/com/sun/xml/bind/jaxb-impl/2.3.0.1/jaxb-impl-2.3.0.1.jar:/root/.m2/repository/com/sun/xml/bind/jaxb-core/2.3.0.1/jaxb-core-2.3.0.1.jar:/root/.m2/repository/javax/xml/bind/jaxb-api/2.3.0/jaxb-api-2.3.0.jar:/root/.m2/repository/javax/activation/activation/1.1.1/activation-1.1.1.jar:/root/.m2/repository/org/apache/hadoop/hadoop-ozone-csi/0.5.0-SNAPSHOT/hadoop-ozone-csi-0.5.0-SNAPSHOT.jar:/root/.m2/repository/com/google/protobuf/protobuf-java-util/3.5.1/protobuf-java-util-3.5.1.jar:/root/.m2/repository/org/apache/hadoop/hadoop-hdds-config/0.5.0-SNAPSHOT/hadoop-hdds-config-0.5.0-SNAPSHOT.jar:/root/.m2/repository/com/google/guava/guava/11.0.2/guava-11.0.2.jar:/root/.m2/repository/com/google/protobuf/protobuf-java/2.5.0/protobuf-java-2.5.0.jar:/root/.m2/repository/io/grpc/grpc-netty/1.17.1/grpc-netty-1.17.1.jar:/root/.m2/repository/io/grpc/grpc-core/1.17.1/grpc-core-1.17.1.jar:/root/.m2/repository/io/grpc/grpc-context/1.17.1/grpc-context-1.17.1.jar:/root/.m2/repository/com/google/errorprone/error_prone_annotations/2.2.0/error_prone_annotations-2.2.0.jar:/root/.m2/repository/org/codehaus/mojo/animal-sniffer-annotations/1.17/animal-sniffer-annotations-1.17.jar:/root/.m2/repository/io/opencensus/opencensus-api/0.17.0/opencensus-api-0.17.0.jar:/root/.m2/repository/io/opencensus/opencensus-contrib-grpc-metrics/0.17.0/opencensus-contrib-grpc-metrics-0.17.0.jar:/root/.m2/repository/io/netty/netty-codec-http2/4.1.30.Final/netty-codec-http2-4.1.30.Final.jar:/root/.m2/repository/io/netty/netty-codec-http/4.1.30.Final/netty-codec-http-4.1.30.Final.jar:/root/.m2/repository/io/netty/netty-codec/4.1.30.Final/netty-codec-4.1.30.Final.jar:/root/.m2/repository/io/netty/netty-handler/4.1.30.Final/netty-handler-4.1.30.Final.jar:/root/.m2/repository/io/netty/netty-handler-proxy/4.1.30.Final/netty-handler-proxy-4.1.30.Final.jar:/root/.m2/repository/io/netty/netty-codec-socks/4.1.30.Final/netty-codec-socks-4.1.30.Final.jar:/root/.m2/repository/io/netty/netty-transport-native-epoll/4.1.30.Final/netty-transport-native-epoll-4.1.30.Final.jar:/root/.m2/repository/io/netty/netty-common/4.1.30.Final/netty-common-4.1.30.Final.jar:/root/.m2/repository/io/netty/netty-buffer/4.1.30.Final/netty-buffer-4.1.30.Final.jar:/root/.m2/repository/io/netty/netty-transport/4.1.30.Final/netty-transport-4.1.30.Final.jar:/root/.m2/repository/io/netty/netty-resolver/4.1.30.Final/netty-resolver-4.1.30.Final.jar:/root/.m2/repository/io/netty/netty-transport-native-unix-common/4.1.30.Final/netty-transport-native-unix-common-4.1.30.Final.jar:/root/.m2/repository/io/grpc/grpc-protobuf/1.17.1/grpc-protobuf-1.17.1.jar:/root/.m2/repository/com/google/api/grpc/proto-google-common-protos/1.0.0/proto-google-common-protos-1.0.0.jar:/root/.m2/repository/io/grpc/grpc-protobuf-lite/1.17.1/grpc-protobuf-lite-1.17.1.jar:/root/.m2/repository/io/grpc/grpc-stub/1.17.1/grpc-stub-1.17.1.jar:/root/.m2/repository/org/apache/hadoop/hadoop-ozone-recon/0.5.0-SNAPSHOT/hadoop-ozone-recon-0.5.0-SNAPSHOT.jar:/root/.m2/repository/org/apache/hadoop/hadoop-ozone-reconcodegen/0.5.0-SNAPSHOT/hadoop-ozone-reconcodegen-0.5.0-SNAPSHOT.jar:/root/.m2/repository/com/google/inject/extensions/guice-multibindings/4.0/guice-multibindings-4.0.jar:/root/.m2/repository/com/google/inject/guice/4.0/guice-4.0.jar:/root/.m2/repository/aopalliance/aopalliance/1.0/aopalliance-1.0.jar:/root/.m2/repository/com/google/inject/extensions/guice-servlet/4.0/guice-servlet-4.0.jar:/root/.m2/repository/org/glassfish/jersey/containers/jersey-container-servlet/2.27/jersey-container-servlet-2.27.jar:/root/.m2/repository/org/glassfish/hk2/guice-bridge/2.5.0/guice-bridge-2.5.0.jar:/root/.m2/repository/org/glassfish/jersey/core/jersey-server/2.27/jersey-server-2.27.jar:/root/.m2/repository/org/glassfish/jersey/core/jersey-client/2.27/jersey-client-2.27.jar:/root/.m2/repository/org/glassfish/jersey/media/jersey-media-jaxb/2.27/jersey-media-jaxb-2.27.jar:/root/.m2/repository/javax/validation/validation-api/1.1.0.Final/validation-api-1.1.0.Final.jar:/root/.m2/repository/org/glassfish/jersey/media/jersey-media-json-jackson/2.27/jersey-media-json-jackson-2.27.jar:/root/.m2/repository/org/glassfish/jersey/ext/jersey-entity-filtering/2.27/jersey-entity-filtering-2.27.jar:/root/.m2/repository/com/google/inject/extensions/guice-assistedinject/4.0/guice-assistedinject-4.0.jar:/root/.m2/repository/org/jooq/jooq/3.11.10/jooq-3.11.10.jar:/root/.m2/repository/org/jooq/jooq-meta/3.11.10/jooq-meta-3.11.10.jar:/root/.m2/repository/org/jooq/jooq-codegen/3.11.10/jooq-codegen-3.11.10.jar:/root/.m2/repository/com/jolbox/bonecp/0.8.0.RELEASE/bonecp-0.8.0.RELEASE.jar:/root/.m2/repository/org/xerial/sqlite-jdbc/3.25.2/sqlite-jdbc-3.25.2.jar:/root/.m2/repository/org/springframework/spring-jdbc/5.1.3.RELEASE/spring-jdbc-5.1.3.RELEASE.jar:/root/.m2/repository/org/springframework/spring-beans/5.1.3.RELEASE/spring-beans-5.1.3.RELEASE.jar:/root/.m2/repository/org/springframework/spring-core/5.1.3.RELEASE/spring-core-5.1.3.RELEASE.jar:/root/.m2/repository/org/springframework/spring-jcl/5.1.3.RELEASE/spring-jcl-5.1.3.RELEASE.jar:/root/.m2/repository/org/springframework/spring-tx/5.1.3.RELEASE/spring-tx-5.1.3.RELEASE.jar:/root/.m2/repository/org/apache/hadoop/hadoop-ozone-client/0.5.0-SNAPSHOT/hadoop-ozone-client-0.5.0-SNAPSHOT.jar:/root/.m2/repository/org/apache/hadoop/hadoop-ozone-ozone-manager/0.5.0-SNAPSHOT/hadoop-ozone-ozone-manager-0.5.0-SNAPSHOT-tests.jar:/root/.m2/repository/junit/junit/4.11/junit-4.11.jar:/root/.m2/repository/org/hamcrest/hamcrest-core/1.3/hamcrest-core-1.3.jar:/root/.m2/repository/org/openjdk/jmh/jmh-core/1.19/jmh-core-1.19.jar:/root/.m2/repository/net/sf/jopt-simple/jopt-simple/4.6/jopt-simple-4.6.jar:/root/.m2/repository/org/apache/commons/commons-math3/3.1.1/commons-math3-3.1.1.jar:/root/.m2/repository/org/openjdk/jmh/jmh-generator-annprocess/1.19/jmh-generator-annprocess-1.19.jar:/root/.m2/repository/org/mockito/mockito-all/1.8.5/mockito-all-1.8.5.jar:/root/.m2/repository/org/apache/hadoop/hadoop-kms/3.2.0/hadoop-kms-3.2.0.jar:/root/.m2/repository/org/apache/hadoop/hadoop-auth/3.2.0/hadoop-auth-3.2.0.jar:/root/.m2/repository/com/nimbusds/nimbus-jose-jwt/4.41.1/nimbus-jose-jwt-4.41.1.jar:/root/.m2/repository/com/github/stephenc/jcip/jcip-annotations/1.0-1/jcip-annotations-1.0-1.jar:/root/.m2/repository/net/minidev/json-smart/2.3/json-smart-2.3.jar:/root/.m2/repository/net/minidev/accessors-smart/1.2/accessors-smart-1.2.jar:/root/.m2/repository/org/ow2/asm/asm/5.0.4/asm-5.0.4.jar:/root/.m2/repository/org/apache/curator/curator-framework/2.12.0/curator-framework-2.12.0.jar:/root/.m2/repository/com/sun/jersey/jersey-core/1.19/jersey-core-1.19.jar:/root/.m2/repository/javax/ws/rs/jsr311-api/1.1.1/jsr311-api-1.1.1.jar:/root/.m2/repository/com/sun/jersey/jersey-server/1.19/jersey-server-1.19.jar:/root/.m2/repository/javax/servlet/javax.servlet-api/3.1.0/javax.servlet-api-3.1.0.jar:/root/.m2/repository/org/eclipse/jetty/jetty-server/9.3.24.v20180605/jetty-server-9.3.24.v20180605.jar:/root/.m2/repository/org/eclipse/jetty/jetty-http/9.3.24.v20180605/jetty-http-9.3.24.v20180605.jar:/root/.m2/repository/org/eclipse/jetty/jetty-io/9.3.24.v20180605/jetty-io-9.3.24.v20180605.jar:/root/.m2/repository/org/eclipse/jetty/jetty-webapp/9.3.24.v20180605/jetty-webapp-9.3.24.v20180605.jar:/root/.m2/repository/org/eclipse/jetty/jetty-xml/9.3.24.v20180605/jetty-xml-9.3.24.v20180605.jar:/root/.m2/repository/log4j/log4j/1.2.17/log4j-1.2.17.jar:/root/.m2/repository/org/slf4j/slf4j-api/1.7.25/slf4j-api-1.7.25.jar:/root/.m2/repository/org/slf4j/jul-to-slf4j/1.7.25/jul-to-slf4j-1.7.25.jar:/root/.m2/repository/org/eclipse/jetty/jetty-util/9.3.24.v20180605/jetty-util-9.3.24.v20180605.jar:/root/.m2/repository/io/dropwizard/metrics/metrics-core/3.2.4/metrics-core-3.2.4.jar:/root/.m2/repository/com/fasterxml/jackson/core/jackson-databind/2.9.5/jackson-databind-2.9.5.jar:/root/.m2/repository/org/apache/hadoop/hadoop-kms/3.2.0/hadoop-kms-3.2.0-tests.jar:/root/.m2/repository/org/apache/hadoop/hadoop-hdds-server-scm/0.5.0-SNAPSHOT/hadoop-hdds-server-scm-0.5.0-SNAPSHOT-tests.jar:/root/.m2/repository/org/hamcrest/hamcrest-all/1.3/hamcrest-all-1.3.jar:/root/.m2/repository/info/picocli/picocli/3.9.6/picocli-3.9.6.jar:/root/.m2/repository/org/apache/hadoop/hadoop-hdds-container-service/0.5.0-SNAPSHOT/hadoop-hdds-container-service-0.5.0-SNAPSHOT-tests.jar:/root/.m2/repository/org/yaml/snakeyaml/1.16/snakeyaml-1.16.jar:/root/.m2/repository/org/apache/hadoop/hadoop-common/3.2.0/hadoop-common-3.2.0-tests.jar:/root/.m2/repository/org/apache/hadoop/hadoop-annotations/3.2.0/hadoop-annotations-3.2.0.jar:/usr/lib/jvm/java-1.8-openjdk/jre/../lib/tools.jar:/root/.m2/repository/commons-cli/commons-cli/1.2/commons-cli-1.2.jar:/root/.m2/repository/org/apache/httpcomponents/httpclient/4.5.2/httpclient-4.5.2.jar:/root/.m2/repository/org/apache/httpcomponents/httpcore/4.4.4/httpcore-4.4.4.jar:/root/.m2/repository/commons-codec/commons-codec/1.11/commons-codec-1.11.jar:/root/.m2/repository/commons-net/commons-net/3.6/commons-net-3.6.jar:/root/.m2/repository/commons-collections/commons-collections/3.2.2/commons-collections-3.2.2.jar:/root/.m2/repository/org/eclipse/jetty/jetty-servlet/9.3.24.v20180605/jetty-servlet-9.3.24.v20180605.jar:/root/.m2/repository/org/eclipse/jetty/jetty-security/9.3.24.v20180605/jetty-security-9.3.24.v20180605.jar:/root/.m2/repository/javax/servlet/jsp/jsp-api/2.1/jsp-api-2.1.jar:/root/.m2/repository/com/sun/jersey/jersey-servlet/1.19/jersey-servlet-1.19.jar:/root/.m2/repository/com/sun/jersey/jersey-json/1.19/jersey-json-1.19.jar:/root/.m2/repository/org/codehaus/jettison/jettison/1.1/jettison-1.1.jar:/root/.m2/repository/org/codehaus/jackson/jackson-core-asl/1.9.13/jackson-core-asl-1.9.13.jar:/root/.m2/repository/org/codehaus/jackson/jackson-mapper-asl/1.9.13/jackson-mapper-asl-1.9.13.jar:/root/.m2/repository/org/codehaus/jackson/jackson-jaxrs/1.9.13/jackson-jaxrs-1.9.13.jar:/root/.m2/repository/org/codehaus/jackson/jackson-xc/1.9.13/jackson-xc-1.9.13.jar:/root/.m2/repository/commons-logging/commons-logging/1.1.3/commons-logging-1.1.3.jar:/root/.m2/repository/commons-beanutils/commons-beanutils/1.9.3/commons-beanutils-1.9.3.jar:/root/.m2/repository/org/apache/commons/commons-configuration2/2.1.1/commons-configuration2-2.1.1.jar:/root/.m2/repository/org/apache/commons/commons-lang3/3.7/commons-lang3-3.7.jar:/root/.m2/repository/org/apache/commons/commons-text/1.4/commons-text-1.4.jar:/root/.m2/repository/org/apache/avro/avro/1.7.7/avro-1.7.7.jar:/root/.m2/repository/com/thoughtworks/paranamer/paranamer/2.3/paranamer-2.3.jar:/root/.m2/repository/org/xerial/snappy/snappy-java/1.0.5/snappy-java-1.0.5.jar:/root/.m2/repository/com/google/re2j/re2j/1.1/re2j-1.1.jar:/root/.m2/repository/com/google/code/gson/gson/2.2.4/gson-2.2.4.jar:/root/.m2/repository/com/jcraft/jsch/0.1.54/jsch-0.1.54.jar:/root/.m2/repository/org/apache/curator/curator-client/2.12.0/curator-client-2.12.0.jar:/root/.m2/repository/org/apache/curator/curator-recipes/2.12.0/curator-recipes-2.12.0.jar:/root/.m2/repository/com/google/code/findbugs/jsr305/3.0.0/jsr305-3.0.0.jar:/root/.m2/repository/org/apache/htrace/htrace-core4/4.1.0-incubating/htrace-core4-4.1.0-incubating.jar:/root/.m2/repository/org/apache/zookeeper/zookeeper/3.4.13/zookeeper-3.4.13.jar:/root/.m2/repository/org/apache/yetus/audience-annotations/0.5.0/audience-annotations-0.5.0.jar:/root/.m2/repository/org/codehaus/woodstox/stax2-api/3.1.4/stax2-api-3.1.4.jar:/root/.m2/repository/com/fasterxml/woodstox/woodstox-core/5.0.3/woodstox-core-5.0.3.jar:/root/.m2/repository/dnsjava/dnsjava/2.1.7/dnsjava-2.1.7.jar:/root/.m2/repository/org/apache/hadoop/hadoop-hdfs/3.2.0/hadoop-hdfs-3.2.0-tests.jar:/root/.m2/repository/org/eclipse/jetty/jetty-util-ajax/9.3.24.v20180605/jetty-util-ajax-9.3.24.v20180605.jar:/root/.m2/repository/commons-daemon/commons-daemon/1.0.13/commons-daemon-1.0.13.jar:/root/.m2/repository/io/netty/netty/3.10.5.Final/netty-3.10.5.Final.jar:/root/.m2/repository/io/netty/netty-all/4.0.52.Final/netty-all-4.0.52.Final.jar:/root/.m2/repository/org/fusesource/leveldbjni/leveldbjni-all/1.8/leveldbjni-all-1.8.jar:"/>
    <property name="java.vm.vendor" value="IcedTea"/>
    <property name="sun.arch.data.model" value="64"/>
    <property name="test.build.dir" value="/opt/src/hadoop-ozone/integration-test/target/test-dir"/>
    <property name="test.cache.data" value=""/>
    <property name="java.vendor.url" value="https://icedtea.classpath.org"/>
    <property name="user.timezone" value=""/>
    <property name="java.vm.specification.version" value="1.8"/>
    <property name="os.name" value="Linux"/>
    <property name="test.build.data" value="/opt/src/hadoop-ozone/integration-test/target/test-dir"/>
    <property name="user.country" value="US"/>
    <property name="sun.java.launcher" value="SUN_STANDARD"/>
    <property name="sun.boot.library.path" value="/usr/lib/jvm/java-1.8-openjdk/jre/lib/amd64"/>
    <property name="sun.java.command" value="/opt/src/hadoop-ozone/integration-test/target/surefire/surefirebooter3729322197430558756.jar /opt/src/hadoop-ozone/integration-test/target/surefire 2019-06-13T18-02-43_767-jvmRun1 surefire9138520028833018630tmp surefire_255496590599359345125tmp"/>
    <property name="surefire.test.class.path" value="/opt/src/hadoop-ozone/integration-test/target/test-classes:/opt/src/hadoop-ozone/integration-test/target/classes:/root/.m2/repository/org/apache/hadoop/hadoop-ozone-common/0.5.0-SNAPSHOT/hadoop-ozone-common-0.5.0-SNAPSHOT.jar:/root/.m2/repository/org/apache/commons/commons-compress/1.4.1/commons-compress-1.4.1.jar:/root/.m2/repository/org/tukaani/xz/1.0/xz-1.0.jar:/root/.m2/repository/org/apache/hadoop/hadoop-common/3.2.0/hadoop-common-3.2.0.jar:/root/.m2/repository/org/apache/hadoop/hadoop-hdfs/3.2.0/hadoop-hdfs-3.2.0.jar:/root/.m2/repository/org/apache/hadoop/hadoop-hdfs-client/3.2.0/hadoop-hdfs-client-3.2.0.jar:/root/.m2/repository/com/fasterxml/jackson/core/jackson-annotations/2.9.5/jackson-annotations-2.9.5.jar:/root/.m2/repository/org/apache/hadoop/hadoop-hdds-common/0.5.0-SNAPSHOT/hadoop-hdds-common-0.5.0-SNAPSHOT.jar:/root/.m2/repository/javax/annotation/javax.annotation-api/1.2/javax.annotation-api-1.2.jar:/root/.m2/repository/org/apache/ratis/ratis-server/0.4.0-fe2b15d-SNAPSHOT/ratis-server-0.4.0-fe2b15d-SNAPSHOT.jar:/root/.m2/repository/org/apache/ratis/ratis-thirdparty-misc/0.2.0/ratis-thirdparty-misc-0.2.0.jar:/root/.m2/repository/org/apache/ratis/ratis-proto/0.4.0-fe2b15d-SNAPSHOT/ratis-proto-0.4.0-fe2b15d-SNAPSHOT.jar:/root/.m2/repository/org/apache/ratis/ratis-common/0.4.0-fe2b15d-SNAPSHOT/ratis-common-0.4.0-fe2b15d-SNAPSHOT.jar:/root/.m2/repository/org/apache/ratis/ratis-client/0.4.0-fe2b15d-SNAPSHOT/ratis-client-0.4.0-fe2b15d-SNAPSHOT.jar:/root/.m2/repository/org/apache/ratis/ratis-netty/0.4.0-fe2b15d-SNAPSHOT/ratis-netty-0.4.0-fe2b15d-SNAPSHOT.jar:/root/.m2/repository/org/apache/ratis/ratis-grpc/0.4.0-fe2b15d-SNAPSHOT/ratis-grpc-0.4.0-fe2b15d-SNAPSHOT.jar:/root/.m2/repository/org/rocksdb/rocksdbjni/5.14.2/rocksdbjni-5.14.2.jar:/root/.m2/repository/org/apache/logging/log4j/log4j-api/2.11.0/log4j-api-2.11.0.jar:/root/.m2/repository/org/apache/logging/log4j/log4j-core/2.11.0/log4j-core-2.11.0.jar:/root/.m2/repository/com/lmax/disruptor/3.4.2/disruptor-3.4.2.jar:/root/.m2/repository/org/apache/commons/commons-pool2/2.6.0/commons-pool2-2.6.0.jar:/root/.m2/repository/org/bouncycastle/bcpkix-jdk15on/1.60/bcpkix-jdk15on-1.60.jar:/root/.m2/repository/commons-validator/commons-validator/1.6/commons-validator-1.6.jar:/root/.m2/repository/commons-digester/commons-digester/1.8.1/commons-digester-1.8.1.jar:/root/.m2/repository/io/jaegertracing/jaeger-client/0.33.1/jaeger-client-0.33.1.jar:/root/.m2/repository/io/jaegertracing/jaeger-thrift/0.33.1/jaeger-thrift-0.33.1.jar:/root/.m2/repository/org/apache/thrift/libthrift/0.11.0/libthrift-0.11.0.jar:/root/.m2/repository/com/squareup/okhttp3/okhttp/3.9.0/okhttp-3.9.0.jar:/root/.m2/repository/com/squareup/okio/okio/1.13.0/okio-1.13.0.jar:/root/.m2/repository/io/jaegertracing/jaeger-core/0.33.1/jaeger-core-0.33.1.jar:/root/.m2/repository/io/jaegertracing/jaeger-tracerresolver/0.33.1/jaeger-tracerresolver-0.33.1.jar:/root/.m2/repository/io/opentracing/contrib/opentracing-tracerresolver/0.1.5/opentracing-tracerresolver-0.1.5.jar:/root/.m2/repository/io/opentracing/opentracing-util/0.31.0/opentracing-util-0.31.0.jar:/root/.m2/repository/io/opentracing/opentracing-api/0.31.0/opentracing-api-0.31.0.jar:/root/.m2/repository/io/opentracing/opentracing-noop/0.31.0/opentracing-noop-0.31.0.jar:/root/.m2/repository/org/apache/hadoop/hadoop-hdds-server-framework/0.5.0-SNAPSHOT/hadoop-hdds-server-framework-0.5.0-SNAPSHOT.jar:/root/.m2/repository/org/apache/hadoop/hadoop-hdds-server-scm/0.5.0-SNAPSHOT/hadoop-hdds-server-scm-0.5.0-SNAPSHOT.jar:/root/.m2/repository/org/apache/hadoop/hadoop-hdds-container-service/0.5.0-SNAPSHOT/hadoop-hdds-container-service-0.5.0-SNAPSHOT.jar:/root/.m2/repository/org/apache/hadoop/hadoop-hdds-client/0.5.0-SNAPSHOT/hadoop-hdds-client-0.5.0-SNAPSHOT.jar:/root/.m2/repository/org/apache/hadoop/hadoop-hdds-tools/0.5.0-SNAPSHOT/hadoop-hdds-tools-0.5.0-SNAPSHOT.jar:/root/.m2/repository/org/apache/hadoop/hadoop-ozone-ozone-manager/0.5.0-SNAPSHOT/hadoop-ozone-ozone-manager-0.5.0-SNAPSHOT.jar:/root/.m2/repository/org/apache/hadoop/hadoop-hdds-docs/0.5.0-SNAPSHOT/hadoop-hdds-docs-0.5.0-SNAPSHOT.jar:/root/.m2/repository/org/bouncycastle/bcprov-jdk15on/1.60/bcprov-jdk15on-1.60.jar:/root/.m2/repository/org/apache/hadoop/hadoop-minikdc/3.2.0/hadoop-minikdc-3.2.0.jar:/root/.m2/repository/commons-io/commons-io/2.5/commons-io-2.5.jar:/root/.m2/repository/org/apache/kerby/kerb-simplekdc/1.0.1/kerb-simplekdc-1.0.1.jar:/root/.m2/repository/org/apache/kerby/kerb-client/1.0.1/kerb-client-1.0.1.jar:/root/.m2/repository/org/apache/kerby/kerby-config/1.0.1/kerby-config-1.0.1.jar:/root/.m2/repository/org/apache/kerby/kerb-core/1.0.1/kerb-core-1.0.1.jar:/root/.m2/repository/org/apache/kerby/kerby-pkix/1.0.1/kerby-pkix-1.0.1.jar:/root/.m2/repository/org/apache/kerby/kerby-asn1/1.0.1/kerby-asn1-1.0.1.jar:/root/.m2/repository/org/apache/kerby/kerby-util/1.0.1/kerby-util-1.0.1.jar:/root/.m2/repository/org/apache/kerby/kerb-common/1.0.1/kerb-common-1.0.1.jar:/root/.m2/repository/org/apache/kerby/kerb-crypto/1.0.1/kerb-crypto-1.0.1.jar:/root/.m2/repository/org/apache/kerby/kerb-util/1.0.1/kerb-util-1.0.1.jar:/root/.m2/repository/org/apache/kerby/token-provider/1.0.1/token-provider-1.0.1.jar:/root/.m2/repository/org/apache/kerby/kerb-admin/1.0.1/kerb-admin-1.0.1.jar:/root/.m2/repository/org/apache/kerby/kerb-server/1.0.1/kerb-server-1.0.1.jar:/root/.m2/repository/org/apache/kerby/kerb-identity/1.0.1/kerb-identity-1.0.1.jar:/root/.m2/repository/org/apache/kerby/kerby-xdr/1.0.1/kerby-xdr-1.0.1.jar:/root/.m2/repository/org/slf4j/slf4j-log4j12/1.7.25/slf4j-log4j12-1.7.25.jar:/root/.m2/repository/org/apache/hadoop/hadoop-ozone-objectstore-service/0.5.0-SNAPSHOT/hadoop-ozone-objectstore-service-0.5.0-SNAPSHOT.jar:/root/.m2/repository/org/apache/hadoop/hadoop-ozone-s3gateway/0.5.0-SNAPSHOT/hadoop-ozone-s3gateway-0.5.0-SNAPSHOT.jar:/root/.m2/repository/org/jboss/weld/servlet/weld-servlet/2.4.7.Final/weld-servlet-2.4.7.Final.jar:/root/.m2/repository/org/glassfish/jersey/containers/jersey-container-servlet-core/2.27/jersey-container-servlet-core-2.27.jar:/root/.m2/repository/org/glassfish/hk2/external/javax.inject/2.5.0-b42/javax.inject-2.5.0-b42.jar:/root/.m2/repository/org/glassfish/jersey/core/jersey-common/2.27/jersey-common-2.27.jar:/root/.m2/repository/org/glassfish/hk2/osgi-resource-locator/1.0.1/osgi-resource-locator-1.0.1.jar:/root/.m2/repository/javax/ws/rs/javax.ws.rs-api/2.1/javax.ws.rs-api-2.1.jar:/root/.m2/repository/org/glassfish/jersey/ext/cdi/jersey-cdi1x/2.27/jersey-cdi1x-2.27.jar:/root/.m2/repository/org/glassfish/jersey/inject/jersey-hk2/2.27/jersey-hk2-2.27.jar:/root/.m2/repository/org/glassfish/hk2/hk2-locator/2.5.0-b42/hk2-locator-2.5.0-b42.jar:/root/.m2/repository/org/javassist/javassist/3.22.0-CR2/javassist-3.22.0-CR2.jar:/root/.m2/repository/org/glassfish/hk2/hk2-api/2.5.0/hk2-api-2.5.0.jar:/root/.m2/repository/org/glassfish/hk2/external/jakarta.inject/2.5.0/jakarta.inject-2.5.0.jar:/root/.m2/repository/org/glassfish/hk2/hk2-utils/2.5.0/hk2-utils-2.5.0.jar:/root/.m2/repository/jakarta/annotation/jakarta.annotation-api/1.3.4/jakarta.annotation-api-1.3.4.jar:/root/.m2/repository/org/glassfish/hk2/external/aopalliance-repackaged/2.5.0/aopalliance-repackaged-2.5.0.jar:/root/.m2/repository/com/fasterxml/jackson/dataformat/jackson-dataformat-xml/2.9.0/jackson-dataformat-xml-2.9.0.jar:/root/.m2/repository/com/fasterxml/jackson/core/jackson-core/2.9.5/jackson-core-2.9.5.jar:/root/.m2/repository/com/fasterxml/jackson/module/jackson-module-jaxb-annotations/2.9.5/jackson-module-jaxb-annotations-2.9.5.jar:/root/.m2/repository/javax/enterprise/cdi-api/1.2/cdi-api-1.2.jar:/root/.m2/repository/javax/el/javax.el-api/3.0.0/javax.el-api-3.0.0.jar:/root/.m2/repository/javax/interceptor/javax.interceptor-api/1.2/javax.interceptor-api-1.2.jar:/root/.m2/repository/javax/inject/javax.inject/1/javax.inject-1.jar:/root/.m2/repository/com/sun/xml/bind/jaxb-impl/2.3.0.1/jaxb-impl-2.3.0.1.jar:/root/.m2/repository/com/sun/xml/bind/jaxb-core/2.3.0.1/jaxb-core-2.3.0.1.jar:/root/.m2/repository/javax/xml/bind/jaxb-api/2.3.0/jaxb-api-2.3.0.jar:/root/.m2/repository/javax/activation/activation/1.1.1/activation-1.1.1.jar:/root/.m2/repository/org/apache/hadoop/hadoop-ozone-csi/0.5.0-SNAPSHOT/hadoop-ozone-csi-0.5.0-SNAPSHOT.jar:/root/.m2/repository/com/google/protobuf/protobuf-java-util/3.5.1/protobuf-java-util-3.5.1.jar:/root/.m2/repository/org/apache/hadoop/hadoop-hdds-config/0.5.0-SNAPSHOT/hadoop-hdds-config-0.5.0-SNAPSHOT.jar:/root/.m2/repository/com/google/guava/guava/11.0.2/guava-11.0.2.jar:/root/.m2/repository/com/google/protobuf/protobuf-java/2.5.0/protobuf-java-2.5.0.jar:/root/.m2/repository/io/grpc/grpc-netty/1.17.1/grpc-netty-1.17.1.jar:/root/.m2/repository/io/grpc/grpc-core/1.17.1/grpc-core-1.17.1.jar:/root/.m2/repository/io/grpc/grpc-context/1.17.1/grpc-context-1.17.1.jar:/root/.m2/repository/com/google/errorprone/error_prone_annotations/2.2.0/error_prone_annotations-2.2.0.jar:/root/.m2/repository/org/codehaus/mojo/animal-sniffer-annotations/1.17/animal-sniffer-annotations-1.17.jar:/root/.m2/repository/io/opencensus/opencensus-api/0.17.0/opencensus-api-0.17.0.jar:/root/.m2/repository/io/opencensus/opencensus-contrib-grpc-metrics/0.17.0/opencensus-contrib-grpc-metrics-0.17.0.jar:/root/.m2/repository/io/netty/netty-codec-http2/4.1.30.Final/netty-codec-http2-4.1.30.Final.jar:/root/.m2/repository/io/netty/netty-codec-http/4.1.30.Final/netty-codec-http-4.1.30.Final.jar:/root/.m2/repository/io/netty/netty-codec/4.1.30.Final/netty-codec-4.1.30.Final.jar:/root/.m2/repository/io/netty/netty-handler/4.1.30.Final/netty-handler-4.1.30.Final.jar:/root/.m2/repository/io/netty/netty-handler-proxy/4.1.30.Final/netty-handler-proxy-4.1.30.Final.jar:/root/.m2/repository/io/netty/netty-codec-socks/4.1.30.Final/netty-codec-socks-4.1.30.Final.jar:/root/.m2/repository/io/netty/netty-transport-native-epoll/4.1.30.Final/netty-transport-native-epoll-4.1.30.Final.jar:/root/.m2/repository/io/netty/netty-common/4.1.30.Final/netty-common-4.1.30.Final.jar:/root/.m2/repository/io/netty/netty-buffer/4.1.30.Final/netty-buffer-4.1.30.Final.jar:/root/.m2/repository/io/netty/netty-transport/4.1.30.Final/netty-transport-4.1.30.Final.jar:/root/.m2/repository/io/netty/netty-resolver/4.1.30.Final/netty-resolver-4.1.30.Final.jar:/root/.m2/repository/io/netty/netty-transport-native-unix-common/4.1.30.Final/netty-transport-native-unix-common-4.1.30.Final.jar:/root/.m2/repository/io/grpc/grpc-protobuf/1.17.1/grpc-protobuf-1.17.1.jar:/root/.m2/repository/com/google/api/grpc/proto-google-common-protos/1.0.0/proto-google-common-protos-1.0.0.jar:/root/.m2/repository/io/grpc/grpc-protobuf-lite/1.17.1/grpc-protobuf-lite-1.17.1.jar:/root/.m2/repository/io/grpc/grpc-stub/1.17.1/grpc-stub-1.17.1.jar:/root/.m2/repository/org/apache/hadoop/hadoop-ozone-recon/0.5.0-SNAPSHOT/hadoop-ozone-recon-0.5.0-SNAPSHOT.jar:/root/.m2/repository/org/apache/hadoop/hadoop-ozone-reconcodegen/0.5.0-SNAPSHOT/hadoop-ozone-reconcodegen-0.5.0-SNAPSHOT.jar:/root/.m2/repository/com/google/inject/extensions/guice-multibindings/4.0/guice-multibindings-4.0.jar:/root/.m2/repository/com/google/inject/guice/4.0/guice-4.0.jar:/root/.m2/repository/aopalliance/aopalliance/1.0/aopalliance-1.0.jar:/root/.m2/repository/com/google/inject/extensions/guice-servlet/4.0/guice-servlet-4.0.jar:/root/.m2/repository/org/glassfish/jersey/containers/jersey-container-servlet/2.27/jersey-container-servlet-2.27.jar:/root/.m2/repository/org/glassfish/hk2/guice-bridge/2.5.0/guice-bridge-2.5.0.jar:/root/.m2/repository/org/glassfish/jersey/core/jersey-server/2.27/jersey-server-2.27.jar:/root/.m2/repository/org/glassfish/jersey/core/jersey-client/2.27/jersey-client-2.27.jar:/root/.m2/repository/org/glassfish/jersey/media/jersey-media-jaxb/2.27/jersey-media-jaxb-2.27.jar:/root/.m2/repository/javax/validation/validation-api/1.1.0.Final/validation-api-1.1.0.Final.jar:/root/.m2/repository/org/glassfish/jersey/media/jersey-media-json-jackson/2.27/jersey-media-json-jackson-2.27.jar:/root/.m2/repository/org/glassfish/jersey/ext/jersey-entity-filtering/2.27/jersey-entity-filtering-2.27.jar:/root/.m2/repository/com/google/inject/extensions/guice-assistedinject/4.0/guice-assistedinject-4.0.jar:/root/.m2/repository/org/jooq/jooq/3.11.10/jooq-3.11.10.jar:/root/.m2/repository/org/jooq/jooq-meta/3.11.10/jooq-meta-3.11.10.jar:/root/.m2/repository/org/jooq/jooq-codegen/3.11.10/jooq-codegen-3.11.10.jar:/root/.m2/repository/com/jolbox/bonecp/0.8.0.RELEASE/bonecp-0.8.0.RELEASE.jar:/root/.m2/repository/org/xerial/sqlite-jdbc/3.25.2/sqlite-jdbc-3.25.2.jar:/root/.m2/repository/org/springframework/spring-jdbc/5.1.3.RELEASE/spring-jdbc-5.1.3.RELEASE.jar:/root/.m2/repository/org/springframework/spring-beans/5.1.3.RELEASE/spring-beans-5.1.3.RELEASE.jar:/root/.m2/repository/org/springframework/spring-core/5.1.3.RELEASE/spring-core-5.1.3.RELEASE.jar:/root/.m2/repository/org/springframework/spring-jcl/5.1.3.RELEASE/spring-jcl-5.1.3.RELEASE.jar:/root/.m2/repository/org/springframework/spring-tx/5.1.3.RELEASE/spring-tx-5.1.3.RELEASE.jar:/root/.m2/repository/org/apache/hadoop/hadoop-ozone-client/0.5.0-SNAPSHOT/hadoop-ozone-client-0.5.0-SNAPSHOT.jar:/root/.m2/repository/org/apache/hadoop/hadoop-ozone-ozone-manager/0.5.0-SNAPSHOT/hadoop-ozone-ozone-manager-0.5.0-SNAPSHOT-tests.jar:/root/.m2/repository/junit/junit/4.11/junit-4.11.jar:/root/.m2/repository/org/hamcrest/hamcrest-core/1.3/hamcrest-core-1.3.jar:/root/.m2/repository/org/openjdk/jmh/jmh-core/1.19/jmh-core-1.19.jar:/root/.m2/repository/net/sf/jopt-simple/jopt-simple/4.6/jopt-simple-4.6.jar:/root/.m2/repository/org/apache/commons/commons-math3/3.1.1/commons-math3-3.1.1.jar:/root/.m2/repository/org/openjdk/jmh/jmh-generator-annprocess/1.19/jmh-generator-annprocess-1.19.jar:/root/.m2/repository/org/mockito/mockito-all/1.8.5/mockito-all-1.8.5.jar:/root/.m2/repository/org/apache/hadoop/hadoop-kms/3.2.0/hadoop-kms-3.2.0.jar:/root/.m2/repository/org/apache/hadoop/hadoop-auth/3.2.0/hadoop-auth-3.2.0.jar:/root/.m2/repository/com/nimbusds/nimbus-jose-jwt/4.41.1/nimbus-jose-jwt-4.41.1.jar:/root/.m2/repository/com/github/stephenc/jcip/jcip-annotations/1.0-1/jcip-annotations-1.0-1.jar:/root/.m2/repository/net/minidev/json-smart/2.3/json-smart-2.3.jar:/root/.m2/repository/net/minidev/accessors-smart/1.2/accessors-smart-1.2.jar:/root/.m2/repository/org/ow2/asm/asm/5.0.4/asm-5.0.4.jar:/root/.m2/repository/org/apache/curator/curator-framework/2.12.0/curator-framework-2.12.0.jar:/root/.m2/repository/com/sun/jersey/jersey-core/1.19/jersey-core-1.19.jar:/root/.m2/repository/javax/ws/rs/jsr311-api/1.1.1/jsr311-api-1.1.1.jar:/root/.m2/repository/com/sun/jersey/jersey-server/1.19/jersey-server-1.19.jar:/root/.m2/repository/javax/servlet/javax.servlet-api/3.1.0/javax.servlet-api-3.1.0.jar:/root/.m2/repository/org/eclipse/jetty/jetty-server/9.3.24.v20180605/jetty-server-9.3.24.v20180605.jar:/root/.m2/repository/org/eclipse/jetty/jetty-http/9.3.24.v20180605/jetty-http-9.3.24.v20180605.jar:/root/.m2/repository/org/eclipse/jetty/jetty-io/9.3.24.v20180605/jetty-io-9.3.24.v20180605.jar:/root/.m2/repository/org/eclipse/jetty/jetty-webapp/9.3.24.v20180605/jetty-webapp-9.3.24.v20180605.jar:/root/.m2/repository/org/eclipse/jetty/jetty-xml/9.3.24.v20180605/jetty-xml-9.3.24.v20180605.jar:/root/.m2/repository/log4j/log4j/1.2.17/log4j-1.2.17.jar:/root/.m2/repository/org/slf4j/slf4j-api/1.7.25/slf4j-api-1.7.25.jar:/root/.m2/repository/org/slf4j/jul-to-slf4j/1.7.25/jul-to-slf4j-1.7.25.jar:/root/.m2/repository/org/eclipse/jetty/jetty-util/9.3.24.v20180605/jetty-util-9.3.24.v20180605.jar:/root/.m2/repository/io/dropwizard/metrics/metrics-core/3.2.4/metrics-core-3.2.4.jar:/root/.m2/repository/com/fasterxml/jackson/core/jackson-databind/2.9.5/jackson-databind-2.9.5.jar:/root/.m2/repository/org/apache/hadoop/hadoop-kms/3.2.0/hadoop-kms-3.2.0-tests.jar:/root/.m2/repository/org/apache/hadoop/hadoop-hdds-server-scm/0.5.0-SNAPSHOT/hadoop-hdds-server-scm-0.5.0-SNAPSHOT-tests.jar:/root/.m2/repository/org/hamcrest/hamcrest-all/1.3/hamcrest-all-1.3.jar:/root/.m2/repository/info/picocli/picocli/3.9.6/picocli-3.9.6.jar:/root/.m2/repository/org/apache/hadoop/hadoop-hdds-container-service/0.5.0-SNAPSHOT/hadoop-hdds-container-service-0.5.0-SNAPSHOT-tests.jar:/root/.m2/repository/org/yaml/snakeyaml/1.16/snakeyaml-1.16.jar:/root/.m2/repository/org/apache/hadoop/hadoop-common/3.2.0/hadoop-common-3.2.0-tests.jar:/root/.m2/repository/org/apache/hadoop/hadoop-annotations/3.2.0/hadoop-annotations-3.2.0.jar:/usr/lib/jvm/java-1.8-openjdk/jre/../lib/tools.jar:/root/.m2/repository/commons-cli/commons-cli/1.2/commons-cli-1.2.jar:/root/.m2/repository/org/apache/httpcomponents/httpclient/4.5.2/httpclient-4.5.2.jar:/root/.m2/repository/org/apache/httpcomponents/httpcore/4.4.4/httpcore-4.4.4.jar:/root/.m2/repository/commons-codec/commons-codec/1.11/commons-codec-1.11.jar:/root/.m2/repository/commons-net/commons-net/3.6/commons-net-3.6.jar:/root/.m2/repository/commons-collections/commons-collections/3.2.2/commons-collections-3.2.2.jar:/root/.m2/repository/org/eclipse/jetty/jetty-servlet/9.3.24.v20180605/jetty-servlet-9.3.24.v20180605.jar:/root/.m2/repository/org/eclipse/jetty/jetty-security/9.3.24.v20180605/jetty-security-9.3.24.v20180605.jar:/root/.m2/repository/javax/servlet/jsp/jsp-api/2.1/jsp-api-2.1.jar:/root/.m2/repository/com/sun/jersey/jersey-servlet/1.19/jersey-servlet-1.19.jar:/root/.m2/repository/com/sun/jersey/jersey-json/1.19/jersey-json-1.19.jar:/root/.m2/repository/org/codehaus/jettison/jettison/1.1/jettison-1.1.jar:/root/.m2/repository/org/codehaus/jackson/jackson-core-asl/1.9.13/jackson-core-asl-1.9.13.jar:/root/.m2/repository/org/codehaus/jackson/jackson-mapper-asl/1.9.13/jackson-mapper-asl-1.9.13.jar:/root/.m2/repository/org/codehaus/jackson/jackson-jaxrs/1.9.13/jackson-jaxrs-1.9.13.jar:/root/.m2/repository/org/codehaus/jackson/jackson-xc/1.9.13/jackson-xc-1.9.13.jar:/root/.m2/repository/commons-logging/commons-logging/1.1.3/commons-logging-1.1.3.jar:/root/.m2/repository/commons-beanutils/commons-beanutils/1.9.3/commons-beanutils-1.9.3.jar:/root/.m2/repository/org/apache/commons/commons-configuration2/2.1.1/commons-configuration2-2.1.1.jar:/root/.m2/repository/org/apache/commons/commons-lang3/3.7/commons-lang3-3.7.jar:/root/.m2/repository/org/apache/commons/commons-text/1.4/commons-text-1.4.jar:/root/.m2/repository/org/apache/avro/avro/1.7.7/avro-1.7.7.jar:/root/.m2/repository/com/thoughtworks/paranamer/paranamer/2.3/paranamer-2.3.jar:/root/.m2/repository/org/xerial/snappy/snappy-java/1.0.5/snappy-java-1.0.5.jar:/root/.m2/repository/com/google/re2j/re2j/1.1/re2j-1.1.jar:/root/.m2/repository/com/google/code/gson/gson/2.2.4/gson-2.2.4.jar:/root/.m2/repository/com/jcraft/jsch/0.1.54/jsch-0.1.54.jar:/root/.m2/repository/org/apache/curator/curator-client/2.12.0/curator-client-2.12.0.jar:/root/.m2/repository/org/apache/curator/curator-recipes/2.12.0/curator-recipes-2.12.0.jar:/root/.m2/repository/com/google/code/findbugs/jsr305/3.0.0/jsr305-3.0.0.jar:/root/.m2/repository/org/apache/htrace/htrace-core4/4.1.0-incubating/htrace-core4-4.1.0-incubating.jar:/root/.m2/repository/org/apache/zookeeper/zookeeper/3.4.13/zookeeper-3.4.13.jar:/root/.m2/repository/org/apache/yetus/audience-annotations/0.5.0/audience-annotations-0.5.0.jar:/root/.m2/repository/org/codehaus/woodstox/stax2-api/3.1.4/stax2-api-3.1.4.jar:/root/.m2/repository/com/fasterxml/woodstox/woodstox-core/5.0.3/woodstox-core-5.0.3.jar:/root/.m2/repository/dnsjava/dnsjava/2.1.7/dnsjava-2.1.7.jar:/root/.m2/repository/org/apache/hadoop/hadoop-hdfs/3.2.0/hadoop-hdfs-3.2.0-tests.jar:/root/.m2/repository/org/eclipse/jetty/jetty-util-ajax/9.3.24.v20180605/jetty-util-ajax-9.3.24.v20180605.jar:/root/.m2/repository/commons-daemon/commons-daemon/1.0.13/commons-daemon-1.0.13.jar:/root/.m2/repository/io/netty/netty/3.10.5.Final/netty-3.10.5.Final.jar:/root/.m2/repository/io/netty/netty-all/4.0.52.Final/netty-all-4.0.52.Final.jar:/root/.m2/repository/org/fusesource/leveldbjni/leveldbjni-all/1.8/leveldbjni-all-1.8.jar:"/>
    <property name="sun.cpu.endian" value="little"/>
    <property name="user.home" value="/root"/>
    <property name="user.language" value="en"/>
    <property name="java.specification.vendor" value="Oracle Corporation"/>
    <property name="java.home" value="/usr/lib/jvm/java-1.8-openjdk/jre"/>
    <property name="java.security.krb5.conf" value="/opt/src/hadoop-ozone/integration-test/target/test-classes/krb5.conf"/>
    <property name="basedir" value="/opt/src/hadoop-ozone/integration-test"/>
    <property name="file.separator" value="/"/>
    <property name="line.separator" value="&#10;"/>
    <property name="java.vm.specification.vendor" value="Oracle Corporation"/>
    <property name="java.specification.name" value="Java Platform API Specification"/>
    <property name="java.awt.graphicsenv" value="sun.awt.X11GraphicsEnvironment"/>
    <property name="surefire.real.class.path" value="/opt/src/hadoop-ozone/integration-test/target/surefire/surefirebooter3729322197430558756.jar"/>
    <property name="hadoop.log.dir" value="/opt/src/hadoop-ozone/integration-test/target/log"/>
    <property name="sun.boot.class.path" value="/usr/lib/jvm/java-1.8-openjdk/jre/lib/resources.jar:/usr/lib/jvm/java-1.8-openjdk/jre/lib/rt.jar:/usr/lib/jvm/java-1.8-openjdk/jre/lib/sunrsasign.jar:/usr/lib/jvm/java-1.8-openjdk/jre/lib/jsse.jar:/usr/lib/jvm/java-1.8-openjdk/jre/lib/jce.jar:/usr/lib/jvm/java-1.8-openjdk/jre/lib/charsets.jar:/usr/lib/jvm/java-1.8-openjdk/jre/lib/jfr.jar:/usr/lib/jvm/java-1.8-openjdk/jre/classes"/>
    <property name="sun.management.compiler" value="HotSpot 64-Bit Tiered Compilers"/>
    <property name="java.runtime.version" value="1.8.0_212-b04"/>
    <property name="java.net.preferIPv4Stack" value="true"/>
    <property name="user.name" value="root"/>
    <property name="path.separator" value=":"/>
    <property name="java.security.egd" value="file:///dev/urandom"/>
    <property name="os.version" value="4.15.0-1021-aws"/>
    <property name="java.endorsed.dirs" value="/usr/lib/jvm/java-1.8-openjdk/jre/lib/endorsed"/>
    <property name="java.runtime.name" value="OpenJDK Runtime Environment"/>
    <property name="file.encoding" value="UTF-8"/>
    <property name="java.vm.name" value="OpenJDK 64-Bit Server VM"/>
    <property name="test.build.webapps" value=""/>
    <property name="localRepository" value="/root/.m2/repository"/>
    <property name="java.vendor.url.bug" value="https://icedtea.classpath.org/bugzilla"/>
    <property name="java.io.tmpdir" value="/tmp"/>
    <property name="require.test.libhadoop" value=""/>
    <property name="java.version" value="1.8.0_212"/>
    <property name="user.dir" value="/opt/src/hadoop-ozone/integration-test"/>
    <property name="os.arch" value="amd64"/>
    <property name="java.vm.specification.name" value="Java Virtual Machine Specification"/>
    <property name="test.build.classes" value="/opt/src/hadoop-ozone/integration-test/target/test-classes"/>
    <property name="java.awt.printerjob" value="sun.print.PSPrinterJob"/>
    <property name="sun.os.patch.level" value="unknown"/>
    <property name="hadoop.tmp.dir" value="/opt/src/hadoop-ozone/integration-test/target/tmp"/>
    <property name="java.library.path" value="/usr/lib/jvm/java-1.8-openjdk/jre/lib/amd64/server:/usr/lib/jvm/java-1.8-openjdk/jre/lib/amd64:/usr/lib/jvm/java-1.8-openjdk/jre/../lib/amd64:/opt/src/hadoop-ozone/integration-test/target/native/target/usr/local/lib:/opt/src/hadoop-ozone/integration-test/../../hadoop-common-project/hadoop-common/target/native/target/usr/local/lib:/usr/java/packages/lib/amd64:/usr/lib64:/lib64:/lib:/usr/lib"/>
    <property name="java.vm.info" value="mixed mode"/>
    <property name="java.vendor" value="IcedTea"/>
    <property name="java.vm.version" value="25.212-b04"/>
    <property name="java.ext.dirs" value="/usr/lib/jvm/java-1.8-openjdk/jre/lib/ext:/usr/java/packages/lib/ext"/>
    <property name="sun.io.unicode.encoding" value="UnicodeLittle"/>
    <property name="java.class.version" value="52.0"/>
  </properties>
  <testcase name="testGroupMismatchExceptionHandling" classname="org.apache.hadoop.ozone.client.rpc.TestOzoneClientRetriesOnException" time="16.786"/>
  <testcase name="testMaxRetriesByOzoneClient" classname="org.apache.hadoop.ozone.client.rpc.TestOzoneClientRetriesOnException" time="7.918">
    <error message="Failed to command cmdType: CreateContainer&#10;containerID: 1&#10;datanodeUuid: &quot;0666f3d0-b0ba-4adb-9817-a431646379e2&quot;&#10;createContainer {&#10;}&#10;" type="java.io.IOException">java.io.IOException: 
Failed to command cmdType: CreateContainer
containerID: 1
datanodeUuid: "0666f3d0-b0ba-4adb-9817-a431646379e2"
createContainer {
}

	at org.apache.hadoop.hdds.scm.XceiverClientSpi.sendCommand(XceiverClientSpi.java:113)
	at org.apache.hadoop.ozone.client.rpc.TestOzoneClientRetriesOnException.testMaxRetriesByOzoneClient(TestOzoneClientRetriesOnException.java:190)
	at sun.reflect.NativeMethodAccessorImpl.invoke0(Native Method)
	at sun.reflect.NativeMethodAccessorImpl.invoke(NativeMethodAccessorImpl.java:62)
	at sun.reflect.DelegatingMethodAccessorImpl.invoke(DelegatingMethodAccessorImpl.java:43)
	at java.lang.reflect.Method.invoke(Method.java:498)
	at org.junit.runners.model.FrameworkMethod$1.runReflectiveCall(FrameworkMethod.java:47)
	at org.junit.internal.runners.model.ReflectiveCallable.run(ReflectiveCallable.java:12)
	at org.junit.runners.model.FrameworkMethod.invokeExplosively(FrameworkMethod.java:44)
	at org.junit.internal.runners.statements.InvokeMethod.evaluate(InvokeMethod.java:17)
	at org.junit.internal.runners.statements.RunBefores.evaluate(RunBefores.java:26)
	at org.junit.internal.runners.statements.RunAfters.evaluate(RunAfters.java:27)
	at org.junit.runners.ParentRunner.runLeaf(ParentRunner.java:271)
	at org.junit.runners.BlockJUnit4ClassRunner.runChild(BlockJUnit4ClassRunner.java:70)
	at org.junit.runners.BlockJUnit4ClassRunner.runChild(BlockJUnit4ClassRunner.java:50)
	at org.junit.runners.ParentRunner$3.run(ParentRunner.java:238)
	at org.junit.runners.ParentRunner$1.schedule(ParentRunner.java:63)
	at org.junit.runners.ParentRunner.runChildren(ParentRunner.java:236)
	at org.junit.runners.ParentRunner.access$000(ParentRunner.java:53)
	at org.junit.runners.ParentRunner$2.evaluate(ParentRunner.java:229)
	at org.junit.runners.ParentRunner.run(ParentRunner.java:309)
	at org.apache.maven.surefire.junit4.JUnit4Provider.execute(JUnit4Provider.java:365)
	at org.apache.maven.surefire.junit4.JUnit4Provider.executeWithRerun(JUnit4Provider.java:273)
	at org.apache.maven.surefire.junit4.JUnit4Provider.executeTestSet(JUnit4Provider.java:238)
	at org.apache.maven.surefire.junit4.JUnit4Provider.invoke(JUnit4Provider.java:159)
	at org.apache.maven.surefire.booter.ForkedBooter.invokeProviderInSameClassLoader(ForkedBooter.java:384)
	at org.apache.maven.surefire.booter.ForkedBooter.runSuitesInProcess(ForkedBooter.java:345)
	at org.apache.maven.surefire.booter.ForkedBooter.execute(ForkedBooter.java:126)
	at org.apache.maven.surefire.booter.ForkedBooter.main(ForkedBooter.java:418)
Caused by: java.util.concurrent.ExecutionException: org.apache.ratis.protocol.StateMachineException: java.util.concurrent.CompletionException: java.lang.IllegalArgumentException
	at java.util.concurrent.CompletableFuture.reportGet(CompletableFuture.java:357)
	at java.util.concurrent.CompletableFuture.get(CompletableFuture.java:1895)
	at org.apache.hadoop.hdds.scm.XceiverClientSpi.sendCommand(XceiverClientSpi.java:110)
	... 28 more
Caused by: org.apache.ratis.protocol.StateMachineException: java.util.concurrent.CompletionException: java.lang.IllegalArgumentException
	at java.util.concurrent.CompletableFuture.encodeThrowable(CompletableFuture.java:273)
	at java.util.concurrent.CompletableFuture.completeThrowable(CompletableFuture.java:280)
	at java.util.concurrent.CompletableFuture$AsyncSupply.run(CompletableFuture.java:1592)
	at java.util.concurrent.ThreadPoolExecutor.runWorker(ThreadPoolExecutor.java:1149)
	at java.util.concurrent.ThreadPoolExecutor$Worker.run(ThreadPoolExecutor.java:624)
	at java.lang.Thread.run(Thread.java:748)
</error>
    <system-out><![CDATA[2019-06-13 18:26:32,682 WARN  server.ServerUtils (ServerUtils.java:getScmDbDir(145)) - ozone.scm.db.dirs is not configured. We recommend adding this setting. Falling back to ozone.metadata.dirs instead.
2019-06-13 18:26:32,687 WARN  server.ServerUtils (ServerUtils.java:getScmDbDir(145)) - ozone.scm.db.dirs is not configured. We recommend adding this setting. Falling back to ozone.metadata.dirs instead.
2019-06-13 18:26:32,687 WARN  server.ServerUtils (ServerUtils.java:getScmDbDir(145)) - ozone.scm.db.dirs is not configured. We recommend adding this setting. Falling back to ozone.metadata.dirs instead.
2019-06-13 18:26:32,687 INFO  db.DBStoreBuilder (DBStoreBuilder.java:addTable(110)) - using custom profile for table: deletedBlocks
2019-06-13 18:26:32,687 INFO  db.DBStoreBuilder (DBStoreBuilder.java:processTables(161)) - Using default column profile:DBProfile.DISK for Table:deletedBlocks
2019-06-13 18:26:32,687 INFO  db.DBStoreBuilder (DBStoreBuilder.java:addTable(110)) - using custom profile for table: validCerts
2019-06-13 18:26:32,687 INFO  db.DBStoreBuilder (DBStoreBuilder.java:processTables(161)) - Using default column profile:DBProfile.DISK for Table:validCerts
2019-06-13 18:26:32,688 INFO  db.DBStoreBuilder (DBStoreBuilder.java:addTable(110)) - using custom profile for table: revokedCerts
2019-06-13 18:26:32,688 INFO  db.DBStoreBuilder (DBStoreBuilder.java:processTables(161)) - Using default column profile:DBProfile.DISK for Table:revokedCerts
2019-06-13 18:26:32,688 INFO  db.DBStoreBuilder (DBStoreBuilder.java:addTable(110)) - using custom profile for table: default
2019-06-13 18:26:32,688 INFO  db.DBStoreBuilder (DBStoreBuilder.java:processTables(167)) - Using default column profile:DBProfile.DISK for Table:default
2019-06-13 18:26:32,688 INFO  db.DBStoreBuilder (DBStoreBuilder.java:getDbProfile(198)) - Using default options. DBProfile.DISK
2019-06-13 18:26:32,727 WARN  server.ServerUtils (ServerUtils.java:sanitizeUserArgs(70)) - ozone.scm.stale.node.interval value = 300000 is larger than max = 100000 based on the key value of ozone.scm.heartbeat.thread.interval, reset to the max value 100000.
2019-06-13 18:26:32,727 WARN  server.ServerUtils (ServerUtils.java:sanitizeUserArgs(70)) - ozone.scm.stale.node.interval value = 300000 is larger than max = 100000 based on the key value of ozone.scm.heartbeat.thread.interval, reset to the max value 100000.
2019-06-13 18:26:32,727 INFO  node.SCMNodeManager (SCMNodeManager.java:<init>(108)) - Entering startup safe mode.
2019-06-13 18:26:32,728 INFO  net.NodeSchemaLoader (NodeSchemaLoader.java:loadSchemaFromFile(125)) - Loading file from sun.misc.CompoundEnumeration@15d65fcf
2019-06-13 18:26:32,729 INFO  net.NodeSchemaLoader (NodeSchemaLoader.java:loadSchema(171)) - Loading network topology layer schema file
2019-06-13 18:26:32,731 WARN  server.ServerUtils (ServerUtils.java:getScmDbDir(145)) - ozone.scm.db.dirs is not configured. We recommend adding this setting. Falling back to ozone.metadata.dirs instead.
2019-06-13 18:26:32,744 INFO  pipeline.SCMPipelineManager (SCMPipelineManager.java:initializePipelineState(126)) - No pipeline exists in current db
2019-06-13 18:26:32,744 WARN  server.ServerUtils (ServerUtils.java:getScmDbDir(145)) - ozone.scm.db.dirs is not configured. We recommend adding this setting. Falling back to ozone.metadata.dirs instead.
2019-06-13 18:26:32,759 WARN  events.EventQueue (EventQueue.java:fireEvent(175)) - No event handler registered for event TypedEvent{payloadType=SafeModeStatus, name='SafeModeStatus'}
2019-06-13 18:26:32,760 INFO  ipc.CallQueueManager (CallQueueManager.java:<init>(84)) - Using callQueue: class java.util.concurrent.LinkedBlockingQueue, queueCapacity: 2000, scheduler: class org.apache.hadoop.ipc.DefaultRpcScheduler, ipcBackoff: false.
2019-06-13 18:26:32,760 INFO  ipc.Server (Server.java:run(1074)) - Starting Socket Reader #1 for port 38059
2019-06-13 18:26:32,762 INFO  ipc.CallQueueManager (CallQueueManager.java:<init>(84)) - Using callQueue: class java.util.concurrent.LinkedBlockingQueue, queueCapacity: 2000, scheduler: class org.apache.hadoop.ipc.DefaultRpcScheduler, ipcBackoff: false.
2019-06-13 18:26:32,763 INFO  ipc.Server (Server.java:run(1074)) - Starting Socket Reader #1 for port 35283
2019-06-13 18:26:32,765 INFO  ipc.CallQueueManager (CallQueueManager.java:<init>(84)) - Using callQueue: class java.util.concurrent.LinkedBlockingQueue, queueCapacity: 2000, scheduler: class org.apache.hadoop.ipc.DefaultRpcScheduler, ipcBackoff: false.
2019-06-13 18:26:32,767 INFO  ipc.Server (Server.java:run(1074)) - Starting Socket Reader #1 for port 38177
2019-06-13 18:26:32,776 INFO  hdfs.DFSUtil (DFSUtil.java:httpServerTemplateForNNAndJN(1641)) - Starting Web-server for scm at: http://0.0.0.0:0
2019-06-13 18:26:32,778 INFO  server.AuthenticationFilter (AuthenticationFilter.java:constructSecretProvider(240)) - Unable to initialize FileSignerSecretProvider, falling back to use random secrets.
2019-06-13 18:26:32,783 WARN  http.HttpRequestLog (HttpRequestLog.java:getRequestLog(97)) - Jetty request log can only be enabled using Log4j
2019-06-13 18:26:32,784 INFO  http.HttpServer2 (HttpServer2.java:addGlobalFilter(975)) - Added global filter 'safety' (class=org.apache.hadoop.http.HttpServer2$QuotingInputFilter)
2019-06-13 18:26:32,785 INFO  http.HttpServer2 (HttpServer2.java:addFilter(948)) - Added filter static_user_filter (class=org.apache.hadoop.http.lib.StaticUserWebFilter$StaticUserFilter) to context scm
2019-06-13 18:26:32,785 INFO  http.HttpServer2 (HttpServer2.java:addFilter(958)) - Added filter static_user_filter (class=org.apache.hadoop.http.lib.StaticUserWebFilter$StaticUserFilter) to context static
2019-06-13 18:26:32,785 INFO  http.HttpServer2 (HttpServer2.java:addFilter(958)) - Added filter static_user_filter (class=org.apache.hadoop.http.lib.StaticUserWebFilter$StaticUserFilter) to context logs
2019-06-13 18:26:32,790 INFO  server.StorageContainerManager (StorageContainerManager.java:start(752)) - StorageContainerLocationProtocol RPC server is listening at /0.0.0.0:38177
2019-06-13 18:26:32,790 INFO  impl.MetricsSystemImpl (MetricsSystemImpl.java:init(158)) - StorageContainerManager metrics system started (again)
2019-06-13 18:26:32,791 INFO  server.SCMClientProtocolServer (SCMClientProtocolServer.java:start(149)) - RPC server for Client  is listening at /0.0.0.0:38177
2019-06-13 18:26:32,791 INFO  ipc.Server (Server.java:run(1314)) - IPC Server Responder: starting
2019-06-13 18:26:32,791 INFO  ipc.Server (Server.java:run(1153)) - IPC Server listener on 38177: starting
2019-06-13 18:26:32,799 INFO  server.StorageContainerManager (StorageContainerManager.java:start(761)) - ScmBlockLocationProtocol RPC server is listening at /0.0.0.0:35283
2019-06-13 18:26:32,799 INFO  server.SCMBlockProtocolServer (SCMBlockProtocolServer.java:start(137)) - RPC server for Block Protocol is listening at /0.0.0.0:35283
2019-06-13 18:26:32,799 INFO  ipc.Server (Server.java:run(1314)) - IPC Server Responder: starting
2019-06-13 18:26:32,800 INFO  ipc.Server (Server.java:run(1153)) - IPC Server listener on 35283: starting
2019-06-13 18:26:32,807 INFO  server.StorageContainerManager (StorageContainerManager.java:start(765)) - ScmDatanodeProtocl RPC server is listening at /0.0.0.0:38059
2019-06-13 18:26:32,807 INFO  server.SCMDatanodeProtocolServer (SCMDatanodeProtocolServer.java:start(191)) - RPC server for DataNodes is listening at /0.0.0.0:38059
2019-06-13 18:26:32,807 INFO  ipc.Server (Server.java:run(1314)) - IPC Server Responder: starting
2019-06-13 18:26:32,811 INFO  ipc.Server (Server.java:run(1153)) - IPC Server listener on 38059: starting
2019-06-13 18:26:32,817 INFO  http.HttpServer2 (HttpServer2.java:bindListener(1191)) - Jetty bound to port 40013
2019-06-13 18:26:32,817 INFO  server.Server (Server.java:doStart(351)) - jetty-9.3.24.v20180605, build timestamp: 2018-06-05T17:11:56Z, git hash: 84205aa28f11a4f31f2a3b86d1bba2cc8ab69827
2019-06-13 18:26:32,819 INFO  handler.ContextHandler (ContextHandler.java:doStart(781)) - Started o.e.j.s.ServletContextHandler@6d17914a{/logs,file:///opt/src/hadoop-ozone/integration-test/target/log,AVAILABLE}
2019-06-13 18:26:32,819 INFO  handler.ContextHandler (ContextHandler.java:doStart(781)) - Started o.e.j.s.ServletContextHandler@77b71c9{/static,file:///opt/src/hadoop-ozone/integration-test/target/test-classes/webapps/static,AVAILABLE}
2019-06-13 18:26:32,822 INFO  handler.ContextHandler (ContextHandler.java:doStart(781)) - Started o.e.j.w.WebAppContext@619c3546{/,file:///opt/src/hadoop-ozone/integration-test/target/test-classes/webapps/scm/,AVAILABLE}{/scm}
2019-06-13 18:26:32,823 INFO  server.AbstractConnector (AbstractConnector.java:doStart(278)) - Started ServerConnector@29090809{HTTP/1.1,[http/1.1]}{0.0.0.0:40013}
2019-06-13 18:26:32,823 INFO  server.Server (Server.java:doStart(419)) - Started @17403ms
2019-06-13 18:26:32,824 INFO  server.BaseHttpServer (BaseHttpServer.java:updateConnectorAddress(207)) - HTTP server of SCM is listening at http://0.0.0.0:40013
2019-06-13 18:26:32,827 WARN  scm.ScmUtils (ScmUtils.java:getDBPath(63)) - ozone.om.db.dirs is not configured. We recommend adding this setting. Falling back to ozone.metadata.dirs instead.
2019-06-13 18:26:32,827 INFO  util.JvmPauseMonitor (JvmPauseMonitor.java:run(188)) - Starting JVM pause monitor
2019-06-13 18:26:32,830 WARN  scm.ScmUtils (ScmUtils.java:getDBPath(63)) - ozone.om.db.dirs is not configured. We recommend adding this setting. Falling back to ozone.metadata.dirs instead.
2019-06-13 18:26:32,830 INFO  om.OzoneManager (OzoneManager.java:setOMNodeDetails(519)) - OM Service ID is not set. Setting it to the default ID: omServiceIdDefault
2019-06-13 18:26:32,830 INFO  om.OzoneManager (OzoneManager.java:setOMNodeDetails(525)) - OM Node ID is not set. Setting it to the OmStorage's OmID: ff4995ac-eb78-43ba-8c6a-52b6d3e2fad2
2019-06-13 18:26:32,830 WARN  scm.HddsServerUtil (HddsServerUtil.java:getDefaultRatisDirectory(354)) - Storage directory for Ratis is not configured. It is a good idea to map this to an SSD disk. Falling back to ozone.metadata.dirs
2019-06-13 18:26:32,831 WARN  scm.HddsServerUtil (HddsServerUtil.java:getDefaultRatisDirectory(354)) - Storage directory for Ratis is not configured. It is a good idea to map this to an SSD disk. Falling back to ozone.metadata.dirs
2019-06-13 18:26:32,831 INFO  om.OzoneManager (OzoneManager.java:loadOMHAConfigs(476)) - Found matching OM address with OMServiceId: null, OMNodeId: null, RPC Address: localhost:0 and Ratis port: 9872
2019-06-13 18:26:32,835 WARN  scm.ScmUtils (ScmUtils.java:getDBPath(63)) - ozone.om.db.dirs is not configured. We recommend adding this setting. Falling back to ozone.metadata.dirs instead.
2019-06-13 18:26:32,835 INFO  db.DBStoreBuilder (DBStoreBuilder.java:addTable(110)) - using custom profile for table: userTable
2019-06-13 18:26:32,835 INFO  db.DBStoreBuilder (DBStoreBuilder.java:processTables(161)) - Using default column profile:DBProfile.DISK for Table:userTable
2019-06-13 18:26:32,836 INFO  db.DBStoreBuilder (DBStoreBuilder.java:addTable(110)) - using custom profile for table: volumeTable
2019-06-13 18:26:32,836 INFO  db.DBStoreBuilder (DBStoreBuilder.java:processTables(161)) - Using default column profile:DBProfile.DISK for Table:volumeTable
2019-06-13 18:26:32,836 INFO  db.DBStoreBuilder (DBStoreBuilder.java:addTable(110)) - using custom profile for table: bucketTable
2019-06-13 18:26:32,836 INFO  db.DBStoreBuilder (DBStoreBuilder.java:processTables(161)) - Using default column profile:DBProfile.DISK for Table:bucketTable
2019-06-13 18:26:32,836 INFO  db.DBStoreBuilder (DBStoreBuilder.java:addTable(110)) - using custom profile for table: keyTable
2019-06-13 18:26:32,836 INFO  db.DBStoreBuilder (DBStoreBuilder.java:processTables(161)) - Using default column profile:DBProfile.DISK for Table:keyTable
2019-06-13 18:26:32,837 INFO  db.DBStoreBuilder (DBStoreBuilder.java:addTable(110)) - using custom profile for table: deletedTable
2019-06-13 18:26:32,837 INFO  db.DBStoreBuilder (DBStoreBuilder.java:processTables(161)) - Using default column profile:DBProfile.DISK for Table:deletedTable
2019-06-13 18:26:32,837 INFO  db.DBStoreBuilder (DBStoreBuilder.java:addTable(110)) - using custom profile for table: openKeyTable
2019-06-13 18:26:32,837 INFO  db.DBStoreBuilder (DBStoreBuilder.java:processTables(161)) - Using default column profile:DBProfile.DISK for Table:openKeyTable
2019-06-13 18:26:32,837 INFO  db.DBStoreBuilder (DBStoreBuilder.java:addTable(110)) - using custom profile for table: s3Table
2019-06-13 18:26:32,838 INFO  db.DBStoreBuilder (DBStoreBuilder.java:processTables(161)) - Using default column profile:DBProfile.DISK for Table:s3Table
2019-06-13 18:26:32,838 INFO  db.DBStoreBuilder (DBStoreBuilder.java:addTable(110)) - using custom profile for table: multipartInfoTable
2019-06-13 18:26:32,838 INFO  db.DBStoreBuilder (DBStoreBuilder.java:processTables(161)) - Using default column profile:DBProfile.DISK for Table:multipartInfoTable
2019-06-13 18:26:32,838 INFO  db.DBStoreBuilder (DBStoreBuilder.java:addTable(110)) - using custom profile for table: dTokenTable
2019-06-13 18:26:32,838 INFO  db.DBStoreBuilder (DBStoreBuilder.java:processTables(161)) - Using default column profile:DBProfile.DISK for Table:dTokenTable
2019-06-13 18:26:32,839 INFO  db.DBStoreBuilder (DBStoreBuilder.java:addTable(110)) - using custom profile for table: s3SecretTable
2019-06-13 18:26:32,839 INFO  db.DBStoreBuilder (DBStoreBuilder.java:processTables(161)) - Using default column profile:DBProfile.DISK for Table:s3SecretTable
2019-06-13 18:26:32,839 INFO  db.DBStoreBuilder (DBStoreBuilder.java:addTable(110)) - using custom profile for table: prefixTable
2019-06-13 18:26:32,839 INFO  db.DBStoreBuilder (DBStoreBuilder.java:processTables(161)) - Using default column profile:DBProfile.DISK for Table:prefixTable
2019-06-13 18:26:32,839 INFO  db.DBStoreBuilder (DBStoreBuilder.java:addTable(110)) - using custom profile for table: default
2019-06-13 18:26:32,839 INFO  db.DBStoreBuilder (DBStoreBuilder.java:processTables(167)) - Using default column profile:DBProfile.DISK for Table:default
2019-06-13 18:26:32,840 INFO  db.DBStoreBuilder (DBStoreBuilder.java:getDbProfile(198)) - Using default options. DBProfile.DISK
2019-06-13 18:26:32,967 INFO  ipc.CallQueueManager (CallQueueManager.java:<init>(84)) - Using callQueue: class java.util.concurrent.LinkedBlockingQueue, queueCapacity: 2000, scheduler: class org.apache.hadoop.ipc.DefaultRpcScheduler, ipcBackoff: false.
2019-06-13 18:26:32,968 INFO  ipc.Server (Server.java:run(1074)) - Starting Socket Reader #1 for port 36433
2019-06-13 18:26:32,980 WARN  scm.ScmUtils (ScmUtils.java:getDBPath(63)) - ozone.om.db.dirs is not configured. We recommend adding this setting. Falling back to ozone.metadata.dirs instead.
2019-06-13 18:26:32,980 INFO  om.OzoneManager (OzoneManager.java:start(1217)) - OzoneManager RPC server is listening at localhost/127.0.0.1:36433
2019-06-13 18:26:32,980 INFO  impl.MetricsSystemImpl (MetricsSystemImpl.java:init(158)) - OzoneManager metrics system started (again)
2019-06-13 18:26:32,980 INFO  ipc.Server (Server.java:run(1314)) - IPC Server Responder: starting
2019-06-13 18:26:32,980 INFO  ipc.Server (Server.java:run(1153)) - IPC Server listener on 36433: starting
2019-06-13 18:26:32,985 INFO  hdfs.DFSUtil (DFSUtil.java:httpServerTemplateForNNAndJN(1641)) - Starting Web-server for ozoneManager at: http://0.0.0.0:0
2019-06-13 18:26:32,986 INFO  server.AuthenticationFilter (AuthenticationFilter.java:constructSecretProvider(240)) - Unable to initialize FileSignerSecretProvider, falling back to use random secrets.
2019-06-13 18:26:32,986 WARN  http.HttpRequestLog (HttpRequestLog.java:getRequestLog(97)) - Jetty request log can only be enabled using Log4j
2019-06-13 18:26:32,988 INFO  http.HttpServer2 (HttpServer2.java:addGlobalFilter(975)) - Added global filter 'safety' (class=org.apache.hadoop.http.HttpServer2$QuotingInputFilter)
2019-06-13 18:26:32,988 INFO  http.HttpServer2 (HttpServer2.java:addFilter(948)) - Added filter static_user_filter (class=org.apache.hadoop.http.lib.StaticUserWebFilter$StaticUserFilter) to context ozoneManager
2019-06-13 18:26:32,988 INFO  http.HttpServer2 (HttpServer2.java:addFilter(958)) - Added filter static_user_filter (class=org.apache.hadoop.http.lib.StaticUserWebFilter$StaticUserFilter) to context logs
2019-06-13 18:26:32,988 INFO  http.HttpServer2 (HttpServer2.java:addFilter(958)) - Added filter static_user_filter (class=org.apache.hadoop.http.lib.StaticUserWebFilter$StaticUserFilter) to context static
2019-06-13 18:26:32,989 INFO  http.HttpServer2 (HttpServer2.java:bindListener(1191)) - Jetty bound to port 43481
2019-06-13 18:26:32,989 INFO  server.Server (Server.java:doStart(351)) - jetty-9.3.24.v20180605, build timestamp: 2018-06-05T17:11:56Z, git hash: 84205aa28f11a4f31f2a3b86d1bba2cc8ab69827
2019-06-13 18:26:32,990 INFO  handler.ContextHandler (ContextHandler.java:doStart(781)) - Started o.e.j.s.ServletContextHandler@734a149a{/logs,file:///opt/src/hadoop-ozone/integration-test/target/log,AVAILABLE}
2019-06-13 18:26:32,991 INFO  handler.ContextHandler (ContextHandler.java:doStart(781)) - Started o.e.j.s.ServletContextHandler@4a9b92c6{/static,file:///opt/src/hadoop-ozone/integration-test/target/test-classes/webapps/static,AVAILABLE}
2019-06-13 18:26:32,993 INFO  handler.ContextHandler (ContextHandler.java:doStart(781)) - Started o.e.j.w.WebAppContext@1da745a2{/,file:///opt/src/hadoop-ozone/integration-test/target/test-classes/webapps/ozoneManager/,AVAILABLE}{/ozoneManager}
2019-06-13 18:26:32,994 INFO  server.AbstractConnector (AbstractConnector.java:doStart(278)) - Started ServerConnector@4597e6e3{HTTP/1.1,[http/1.1]}{0.0.0.0:43481}
2019-06-13 18:26:32,994 INFO  server.Server (Server.java:doStart(419)) - Started @17574ms
2019-06-13 18:26:32,995 INFO  server.BaseHttpServer (BaseHttpServer.java:updateConnectorAddress(207)) - HTTP server of OZONEMANAGER is listening at http://0.0.0.0:43481
2019-06-13 18:26:33,003 INFO  impl.MetricsSystemImpl (MetricsSystemImpl.java:init(158)) - HddsDatanode metrics system started (again)
2019-06-13 18:26:33,004 INFO  ozone.HddsDatanodeService (HddsDatanodeService.java:start(185)) - HddsDatanodeService host:ozone-zf9g4-1167396177 ip:192.168.11.194
2019-06-13 18:26:33,009 INFO  volume.HddsVolume (HddsVolume.java:<init>(176)) - Creating Volume: /opt/src/hadoop-ozone/integration-test/target/test-dir/MiniOzoneClusterImpl-e85b742d-9052-4186-88c9-f45ddff6f764/datanode-0/data/containers/hdds of  storage type : DISK and capacity : 104021790720
2019-06-13 18:26:33,009 INFO  volume.VolumeSet (VolumeSet.java:initializeVolumeSet(170)) - Added Volume : /opt/src/hadoop-ozone/integration-test/target/test-dir/MiniOzoneClusterImpl-e85b742d-9052-4186-88c9-f45ddff6f764/datanode-0/data/containers/hdds to VolumeSet
2019-06-13 18:26:33,009 INFO  volume.ThrottledAsyncChecker (ThrottledAsyncChecker.java:schedule(140)) - Scheduling a check for org.apache.hadoop.ozone.container.common.volume.HddsVolume@62faf77
2019-06-13 18:26:33,010 INFO  volume.HddsVolumeChecker (HddsVolumeChecker.java:checkAllVolumes(203)) - Scheduled health check for volume org.apache.hadoop.ozone.container.common.volume.HddsVolume@62faf77
2019-06-13 18:26:33,019 INFO  ratis.XceiverServerRatis (XceiverServerRatis.java:newXceiverServerRatis(401)) - Found a free port for the server : 33639
2019-06-13 18:26:33,020 INFO  impl.RaftServerProxy (ConfUtils.java:logGet(43)) - raft.rpc.type = GRPC (default)
2019-06-13 18:26:33,020 INFO  grpc.GrpcConfigKeys$Server (ConfUtils.java:logGet(43)) - raft.grpc.server.port = 33639 (custom)
2019-06-13 18:26:33,020 INFO  server.GrpcService (ConfUtils.java:logGet(43)) - raft.grpc.message.size.max = 33570816 (custom)
2019-06-13 18:26:33,020 INFO  server.RaftServerConfigKeys (ConfUtils.java:logGet(43)) - raft.server.log.appender.buffer.byte-limit = 33554432 (custom)
2019-06-13 18:26:33,020 INFO  server.GrpcService (ConfUtils.java:logGet(43)) - raft.grpc.flow.control.window = 1MB (=1048576) (default)
2019-06-13 18:26:33,020 INFO  server.RaftServerConfigKeys (ConfUtils.java:logGet(43)) - raft.server.rpc.request.timeout = 3000ms (default)
2019-06-13 18:26:33,021 INFO  server.RaftServerConfigKeys (ConfUtils.java:logGet(43)) - raft.server.storage.dir = [/opt/src/hadoop-ozone/integration-test/target/test-dir/MiniOzoneClusterImpl-e85b742d-9052-4186-88c9-f45ddff6f764/datanode-0/data/ratis] (custom)
2019-06-13 18:26:33,021 INFO  server.XceiverServerGrpc (XceiverServerGrpc.java:<init>(97)) - Found a free port for the server : 45631
2019-06-13 18:26:33,021 INFO  replication.SimpleContainerDownloader (SimpleContainerDownloader.java:<init>(72)) - Starting container downloader service to copy containers to replicate.
2019-06-13 18:26:33,022 INFO  hdfs.DFSUtil (DFSUtil.java:httpServerTemplateForNNAndJN(1641)) - Starting Web-server for hddsDatanode at: http://0.0.0.0:0
2019-06-13 18:26:33,023 INFO  server.AuthenticationFilter (AuthenticationFilter.java:constructSecretProvider(240)) - Unable to initialize FileSignerSecretProvider, falling back to use random secrets.
2019-06-13 18:26:33,023 WARN  http.HttpRequestLog (HttpRequestLog.java:getRequestLog(97)) - Jetty request log can only be enabled using Log4j
2019-06-13 18:26:33,024 INFO  http.HttpServer2 (HttpServer2.java:addGlobalFilter(975)) - Added global filter 'safety' (class=org.apache.hadoop.http.HttpServer2$QuotingInputFilter)
2019-06-13 18:26:33,025 INFO  http.HttpServer2 (HttpServer2.java:addFilter(948)) - Added filter static_user_filter (class=org.apache.hadoop.http.lib.StaticUserWebFilter$StaticUserFilter) to context hddsDatanode
2019-06-13 18:26:33,025 INFO  http.HttpServer2 (HttpServer2.java:addFilter(958)) - Added filter static_user_filter (class=org.apache.hadoop.http.lib.StaticUserWebFilter$StaticUserFilter) to context static
2019-06-13 18:26:33,025 INFO  http.HttpServer2 (HttpServer2.java:addFilter(958)) - Added filter static_user_filter (class=org.apache.hadoop.http.lib.StaticUserWebFilter$StaticUserFilter) to context logs
2019-06-13 18:26:33,025 INFO  http.HttpServer2 (HttpServer2.java:bindListener(1191)) - Jetty bound to port 33269
2019-06-13 18:26:33,025 INFO  server.Server (Server.java:doStart(351)) - jetty-9.3.24.v20180605, build timestamp: 2018-06-05T17:11:56Z, git hash: 84205aa28f11a4f31f2a3b86d1bba2cc8ab69827
2019-06-13 18:26:33,027 INFO  handler.ContextHandler (ContextHandler.java:doStart(781)) - Started o.e.j.s.ServletContextHandler@d49e8c6{/logs,file:///opt/src/hadoop-ozone/integration-test/target/log,AVAILABLE}
2019-06-13 18:26:33,027 INFO  handler.ContextHandler (ContextHandler.java:doStart(781)) - Started o.e.j.s.ServletContextHandler@5896cb9c{/static,jar:file:/root/.m2/repository/org/apache/hadoop/hadoop-hdds-container-service/0.5.0-SNAPSHOT/hadoop-hdds-container-service-0.5.0-SNAPSHOT.jar!/webapps/static,AVAILABLE}
2019-06-13 18:26:33,057 INFO  handler.ContextHandler (ContextHandler.java:doStart(781)) - Started o.e.j.w.WebAppContext@6d8b7ea9{/,file:///tmp/jetty-0.0.0.0-33269-hddsDatanode-_-any-1066342934783517497.dir/webapp/,AVAILABLE}{/hddsDatanode}
2019-06-13 18:26:33,058 INFO  server.AbstractConnector (AbstractConnector.java:doStart(278)) - Started ServerConnector@5a39e554{HTTP/1.1,[http/1.1]}{0.0.0.0:33269}
2019-06-13 18:26:33,058 INFO  server.Server (Server.java:doStart(419)) - Started @17638ms
2019-06-13 18:26:33,059 INFO  server.BaseHttpServer (BaseHttpServer.java:updateConnectorAddress(207)) - HTTP server of HDDSDATANODE is listening at http://0.0.0.0:33269
2019-06-13 18:26:33,152 INFO  ozone.HddsDatanodeService (HddsDatanodeService.java:startPlugins(396)) - Started plug-in org.apache.hadoop.ozone.web.OzoneHddsDatanodeService@3c07e830
2019-06-13 18:26:33,153 INFO  impl.MetricsSystemImpl (MetricsSystemImpl.java:init(158)) - HddsDatanode metrics system started (again)
2019-06-13 18:26:33,154 INFO  ozone.HddsDatanodeService (HddsDatanodeService.java:start(185)) - HddsDatanodeService host:ozone-zf9g4-1167396177 ip:192.168.11.194
2019-06-13 18:26:33,159 INFO  util.JvmPauseMonitor (JvmPauseMonitor.java:run(188)) - Starting JVM pause monitor
2019-06-13 18:26:33,166 INFO  volume.HddsVolume (HddsVolume.java:<init>(176)) - Creating Volume: /opt/src/hadoop-ozone/integration-test/target/test-dir/MiniOzoneClusterImpl-e85b742d-9052-4186-88c9-f45ddff6f764/datanode-1/data/containers/hdds of  storage type : DISK and capacity : 104021790720
2019-06-13 18:26:33,166 INFO  volume.VolumeSet (VolumeSet.java:initializeVolumeSet(170)) - Added Volume : /opt/src/hadoop-ozone/integration-test/target/test-dir/MiniOzoneClusterImpl-e85b742d-9052-4186-88c9-f45ddff6f764/datanode-1/data/containers/hdds to VolumeSet
2019-06-13 18:26:33,167 INFO  volume.ThrottledAsyncChecker (ThrottledAsyncChecker.java:schedule(140)) - Scheduling a check for org.apache.hadoop.ozone.container.common.volume.HddsVolume@3e39e0fb
2019-06-13 18:26:33,167 INFO  datanode.InitDatanodeState (InitDatanodeState.java:persistContainerDatanodeDetails(140)) - DatanodeDetails is persisted to /opt/src/hadoop-ozone/integration-test/target/test-dir/MiniOzoneClusterImpl-e85b742d-9052-4186-88c9-f45ddff6f764/datanode-0/meta/datanode.id
2019-06-13 18:26:33,171 INFO  volume.HddsVolumeChecker (HddsVolumeChecker.java:checkAllVolumes(203)) - Scheduled health check for volume org.apache.hadoop.ozone.container.common.volume.HddsVolume@3e39e0fb
2019-06-13 18:26:33,179 INFO  ratis.XceiverServerRatis (XceiverServerRatis.java:newXceiverServerRatis(401)) - Found a free port for the server : 34709
2019-06-13 18:26:33,180 INFO  impl.RaftServerProxy (ConfUtils.java:logGet(43)) - raft.rpc.type = GRPC (default)
2019-06-13 18:26:33,181 INFO  grpc.GrpcConfigKeys$Server (ConfUtils.java:logGet(43)) - raft.grpc.server.port = 34709 (custom)
2019-06-13 18:26:33,181 INFO  server.GrpcService (ConfUtils.java:logGet(43)) - raft.grpc.message.size.max = 33570816 (custom)
2019-06-13 18:26:33,181 INFO  server.RaftServerConfigKeys (ConfUtils.java:logGet(43)) - raft.server.log.appender.buffer.byte-limit = 33554432 (custom)
2019-06-13 18:26:33,181 INFO  server.GrpcService (ConfUtils.java:logGet(43)) - raft.grpc.flow.control.window = 1MB (=1048576) (default)
2019-06-13 18:26:33,181 INFO  server.RaftServerConfigKeys (ConfUtils.java:logGet(43)) - raft.server.rpc.request.timeout = 3000ms (default)
2019-06-13 18:26:33,181 INFO  server.RaftServerConfigKeys (ConfUtils.java:logGet(43)) - raft.server.storage.dir = [/opt/src/hadoop-ozone/integration-test/target/test-dir/MiniOzoneClusterImpl-e85b742d-9052-4186-88c9-f45ddff6f764/datanode-1/data/ratis] (custom)
2019-06-13 18:26:33,182 INFO  server.XceiverServerGrpc (XceiverServerGrpc.java:<init>(97)) - Found a free port for the server : 46847
2019-06-13 18:26:33,182 INFO  replication.SimpleContainerDownloader (SimpleContainerDownloader.java:<init>(72)) - Starting container downloader service to copy containers to replicate.
2019-06-13 18:26:33,183 INFO  hdfs.DFSUtil (DFSUtil.java:httpServerTemplateForNNAndJN(1641)) - Starting Web-server for hddsDatanode at: http://0.0.0.0:0
2019-06-13 18:26:33,184 INFO  server.AuthenticationFilter (AuthenticationFilter.java:constructSecretProvider(240)) - Unable to initialize FileSignerSecretProvider, falling back to use random secrets.
2019-06-13 18:26:33,184 WARN  http.HttpRequestLog (HttpRequestLog.java:getRequestLog(97)) - Jetty request log can only be enabled using Log4j
2019-06-13 18:26:33,185 INFO  http.HttpServer2 (HttpServer2.java:addGlobalFilter(975)) - Added global filter 'safety' (class=org.apache.hadoop.http.HttpServer2$QuotingInputFilter)
2019-06-13 18:26:33,185 INFO  http.HttpServer2 (HttpServer2.java:addFilter(948)) - Added filter static_user_filter (class=org.apache.hadoop.http.lib.StaticUserWebFilter$StaticUserFilter) to context hddsDatanode
2019-06-13 18:26:33,186 INFO  http.HttpServer2 (HttpServer2.java:addFilter(958)) - Added filter static_user_filter (class=org.apache.hadoop.http.lib.StaticUserWebFilter$StaticUserFilter) to context logs
2019-06-13 18:26:33,186 INFO  http.HttpServer2 (HttpServer2.java:addFilter(958)) - Added filter static_user_filter (class=org.apache.hadoop.http.lib.StaticUserWebFilter$StaticUserFilter) to context static
2019-06-13 18:26:33,186 INFO  http.HttpServer2 (HttpServer2.java:bindListener(1191)) - Jetty bound to port 33023
2019-06-13 18:26:33,186 INFO  server.Server (Server.java:doStart(351)) - jetty-9.3.24.v20180605, build timestamp: 2018-06-05T17:11:56Z, git hash: 84205aa28f11a4f31f2a3b86d1bba2cc8ab69827
2019-06-13 18:26:33,187 INFO  handler.ContextHandler (ContextHandler.java:doStart(781)) - Started o.e.j.s.ServletContextHandler@134abd78{/logs,file:///opt/src/hadoop-ozone/integration-test/target/log,AVAILABLE}
2019-06-13 18:26:33,188 INFO  handler.ContextHandler (ContextHandler.java:doStart(781)) - Started o.e.j.s.ServletContextHandler@12448de1{/static,jar:file:/root/.m2/repository/org/apache/hadoop/hadoop-hdds-container-service/0.5.0-SNAPSHOT/hadoop-hdds-container-service-0.5.0-SNAPSHOT.jar!/webapps/static,AVAILABLE}
2019-06-13 18:26:33,209 INFO  handler.ContextHandler (ContextHandler.java:doStart(781)) - Started o.e.j.w.WebAppContext@12f51a65{/,file:///tmp/jetty-0.0.0.0-33023-hddsDatanode-_-any-6489426163668269893.dir/webapp/,AVAILABLE}{/hddsDatanode}
2019-06-13 18:26:33,210 INFO  server.AbstractConnector (AbstractConnector.java:doStart(278)) - Started ServerConnector@7657d90b{HTTP/1.1,[http/1.1]}{0.0.0.0:33023}
2019-06-13 18:26:33,211 INFO  server.Server (Server.java:doStart(419)) - Started @17790ms
2019-06-13 18:26:33,212 INFO  server.BaseHttpServer (BaseHttpServer.java:updateConnectorAddress(207)) - HTTP server of HDDSDATANODE is listening at http://0.0.0.0:33023
2019-06-13 18:26:33,304 INFO  ozone.HddsDatanodeService (HddsDatanodeService.java:startPlugins(396)) - Started plug-in org.apache.hadoop.ozone.web.OzoneHddsDatanodeService@118fbaf0
2019-06-13 18:26:33,304 INFO  impl.MetricsSystemImpl (MetricsSystemImpl.java:init(158)) - HddsDatanode metrics system started (again)
2019-06-13 18:26:33,306 INFO  ozone.HddsDatanodeService (HddsDatanodeService.java:start(185)) - HddsDatanodeService host:ozone-zf9g4-1167396177 ip:192.168.11.194
2019-06-13 18:26:33,311 INFO  util.JvmPauseMonitor (JvmPauseMonitor.java:run(188)) - Starting JVM pause monitor
2019-06-13 18:26:33,317 INFO  volume.HddsVolume (HddsVolume.java:<init>(176)) - Creating Volume: /opt/src/hadoop-ozone/integration-test/target/test-dir/MiniOzoneClusterImpl-e85b742d-9052-4186-88c9-f45ddff6f764/datanode-2/data/containers/hdds of  storage type : DISK and capacity : 104021790720
2019-06-13 18:26:33,317 INFO  volume.VolumeSet (VolumeSet.java:initializeVolumeSet(170)) - Added Volume : /opt/src/hadoop-ozone/integration-test/target/test-dir/MiniOzoneClusterImpl-e85b742d-9052-4186-88c9-f45ddff6f764/datanode-2/data/containers/hdds to VolumeSet
2019-06-13 18:26:33,317 INFO  datanode.InitDatanodeState (InitDatanodeState.java:persistContainerDatanodeDetails(140)) - DatanodeDetails is persisted to /opt/src/hadoop-ozone/integration-test/target/test-dir/MiniOzoneClusterImpl-e85b742d-9052-4186-88c9-f45ddff6f764/datanode-1/meta/datanode.id
2019-06-13 18:26:33,317 INFO  volume.ThrottledAsyncChecker (ThrottledAsyncChecker.java:schedule(140)) - Scheduling a check for org.apache.hadoop.ozone.container.common.volume.HddsVolume@38054d01
2019-06-13 18:26:33,318 INFO  volume.HddsVolumeChecker (HddsVolumeChecker.java:checkAllVolumes(203)) - Scheduled health check for volume org.apache.hadoop.ozone.container.common.volume.HddsVolume@38054d01
2019-06-13 18:26:33,330 INFO  ratis.XceiverServerRatis (XceiverServerRatis.java:newXceiverServerRatis(401)) - Found a free port for the server : 46187
2019-06-13 18:26:33,330 INFO  impl.RaftServerProxy (ConfUtils.java:logGet(43)) - raft.rpc.type = GRPC (default)
2019-06-13 18:26:33,331 INFO  grpc.GrpcConfigKeys$Server (ConfUtils.java:logGet(43)) - raft.grpc.server.port = 46187 (custom)
2019-06-13 18:26:33,331 INFO  server.GrpcService (ConfUtils.java:logGet(43)) - raft.grpc.message.size.max = 33570816 (custom)
2019-06-13 18:26:33,331 INFO  server.RaftServerConfigKeys (ConfUtils.java:logGet(43)) - raft.server.log.appender.buffer.byte-limit = 33554432 (custom)
2019-06-13 18:26:33,331 INFO  server.GrpcService (ConfUtils.java:logGet(43)) - raft.grpc.flow.control.window = 1MB (=1048576) (default)
2019-06-13 18:26:33,331 INFO  server.RaftServerConfigKeys (ConfUtils.java:logGet(43)) - raft.server.rpc.request.timeout = 3000ms (default)
2019-06-13 18:26:33,332 INFO  server.RaftServerConfigKeys (ConfUtils.java:logGet(43)) - raft.server.storage.dir = [/opt/src/hadoop-ozone/integration-test/target/test-dir/MiniOzoneClusterImpl-e85b742d-9052-4186-88c9-f45ddff6f764/datanode-2/data/ratis] (custom)
2019-06-13 18:26:33,332 INFO  server.XceiverServerGrpc (XceiverServerGrpc.java:<init>(97)) - Found a free port for the server : 36137
2019-06-13 18:26:33,333 INFO  replication.SimpleContainerDownloader (SimpleContainerDownloader.java:<init>(72)) - Starting container downloader service to copy containers to replicate.
2019-06-13 18:26:33,334 INFO  hdfs.DFSUtil (DFSUtil.java:httpServerTemplateForNNAndJN(1641)) - Starting Web-server for hddsDatanode at: http://0.0.0.0:0
2019-06-13 18:26:33,334 INFO  server.AuthenticationFilter (AuthenticationFilter.java:constructSecretProvider(240)) - Unable to initialize FileSignerSecretProvider, falling back to use random secrets.
2019-06-13 18:26:33,335 WARN  http.HttpRequestLog (HttpRequestLog.java:getRequestLog(97)) - Jetty request log can only be enabled using Log4j
2019-06-13 18:26:33,336 INFO  http.HttpServer2 (HttpServer2.java:addGlobalFilter(975)) - Added global filter 'safety' (class=org.apache.hadoop.http.HttpServer2$QuotingInputFilter)
2019-06-13 18:26:33,336 INFO  http.HttpServer2 (HttpServer2.java:addFilter(948)) - Added filter static_user_filter (class=org.apache.hadoop.http.lib.StaticUserWebFilter$StaticUserFilter) to context hddsDatanode
2019-06-13 18:26:33,336 INFO  http.HttpServer2 (HttpServer2.java:addFilter(958)) - Added filter static_user_filter (class=org.apache.hadoop.http.lib.StaticUserWebFilter$StaticUserFilter) to context static
2019-06-13 18:26:33,336 INFO  http.HttpServer2 (HttpServer2.java:addFilter(958)) - Added filter static_user_filter (class=org.apache.hadoop.http.lib.StaticUserWebFilter$StaticUserFilter) to context logs
2019-06-13 18:26:33,337 INFO  http.HttpServer2 (HttpServer2.java:bindListener(1191)) - Jetty bound to port 33657
2019-06-13 18:26:33,337 INFO  server.Server (Server.java:doStart(351)) - jetty-9.3.24.v20180605, build timestamp: 2018-06-05T17:11:56Z, git hash: 84205aa28f11a4f31f2a3b86d1bba2cc8ab69827
2019-06-13 18:26:33,338 INFO  handler.ContextHandler (ContextHandler.java:doStart(781)) - Started o.e.j.s.ServletContextHandler@5613247e{/logs,file:///opt/src/hadoop-ozone/integration-test/target/log,AVAILABLE}
2019-06-13 18:26:33,340 INFO  handler.ContextHandler (ContextHandler.java:doStart(781)) - Started o.e.j.s.ServletContextHandler@9e50283{/static,jar:file:/root/.m2/repository/org/apache/hadoop/hadoop-hdds-container-service/0.5.0-SNAPSHOT/hadoop-hdds-container-service-0.5.0-SNAPSHOT.jar!/webapps/static,AVAILABLE}
2019-06-13 18:26:33,363 INFO  handler.ContextHandler (ContextHandler.java:doStart(781)) - Started o.e.j.w.WebAppContext@71fb8301{/,file:///tmp/jetty-0.0.0.0-33657-hddsDatanode-_-any-3668242372103805878.dir/webapp/,AVAILABLE}{/hddsDatanode}
2019-06-13 18:26:33,363 INFO  server.AbstractConnector (AbstractConnector.java:doStart(278)) - Started ServerConnector@7cdfa824{HTTP/1.1,[http/1.1]}{0.0.0.0:33657}
2019-06-13 18:26:33,365 INFO  server.Server (Server.java:doStart(419)) - Started @17944ms
2019-06-13 18:26:33,366 INFO  server.BaseHttpServer (BaseHttpServer.java:updateConnectorAddress(207)) - HTTP server of HDDSDATANODE is listening at http://0.0.0.0:33657
2019-06-13 18:26:33,475 INFO  ozone.HddsDatanodeService (HddsDatanodeService.java:startPlugins(396)) - Started plug-in org.apache.hadoop.ozone.web.OzoneHddsDatanodeService@22cd8ec2
2019-06-13 18:26:33,476 INFO  impl.MetricsSystemImpl (MetricsSystemImpl.java:init(158)) - HddsDatanode metrics system started (again)
2019-06-13 18:26:33,477 INFO  ozone.HddsDatanodeService (HddsDatanodeService.java:start(185)) - HddsDatanodeService host:ozone-zf9g4-1167396177 ip:192.168.11.194
2019-06-13 18:26:33,484 INFO  util.JvmPauseMonitor (JvmPauseMonitor.java:run(188)) - Starting JVM pause monitor
2019-06-13 18:26:33,489 INFO  datanode.InitDatanodeState (InitDatanodeState.java:persistContainerDatanodeDetails(140)) - DatanodeDetails is persisted to /opt/src/hadoop-ozone/integration-test/target/test-dir/MiniOzoneClusterImpl-e85b742d-9052-4186-88c9-f45ddff6f764/datanode-2/meta/datanode.id
2019-06-13 18:26:33,489 INFO  volume.HddsVolume (HddsVolume.java:<init>(176)) - Creating Volume: /opt/src/hadoop-ozone/integration-test/target/test-dir/MiniOzoneClusterImpl-e85b742d-9052-4186-88c9-f45ddff6f764/datanode-3/data/containers/hdds of  storage type : DISK and capacity : 104021790720
2019-06-13 18:26:33,489 INFO  volume.VolumeSet (VolumeSet.java:initializeVolumeSet(170)) - Added Volume : /opt/src/hadoop-ozone/integration-test/target/test-dir/MiniOzoneClusterImpl-e85b742d-9052-4186-88c9-f45ddff6f764/datanode-3/data/containers/hdds to VolumeSet
2019-06-13 18:26:33,489 INFO  volume.ThrottledAsyncChecker (ThrottledAsyncChecker.java:schedule(140)) - Scheduling a check for org.apache.hadoop.ozone.container.common.volume.HddsVolume@1131aead
2019-06-13 18:26:33,490 INFO  volume.HddsVolumeChecker (HddsVolumeChecker.java:checkAllVolumes(203)) - Scheduled health check for volume org.apache.hadoop.ozone.container.common.volume.HddsVolume@1131aead
2019-06-13 18:26:33,499 INFO  ratis.XceiverServerRatis (XceiverServerRatis.java:newXceiverServerRatis(401)) - Found a free port for the server : 43219
2019-06-13 18:26:33,500 INFO  impl.RaftServerProxy (ConfUtils.java:logGet(43)) - raft.rpc.type = GRPC (default)
2019-06-13 18:26:33,500 INFO  grpc.GrpcConfigKeys$Server (ConfUtils.java:logGet(43)) - raft.grpc.server.port = 43219 (custom)
2019-06-13 18:26:33,500 INFO  server.GrpcService (ConfUtils.java:logGet(43)) - raft.grpc.message.size.max = 33570816 (custom)
2019-06-13 18:26:33,501 INFO  server.RaftServerConfigKeys (ConfUtils.java:logGet(43)) - raft.server.log.appender.buffer.byte-limit = 33554432 (custom)
2019-06-13 18:26:33,501 INFO  server.GrpcService (ConfUtils.java:logGet(43)) - raft.grpc.flow.control.window = 1MB (=1048576) (default)
2019-06-13 18:26:33,501 INFO  server.RaftServerConfigKeys (ConfUtils.java:logGet(43)) - raft.server.rpc.request.timeout = 3000ms (default)
2019-06-13 18:26:33,502 INFO  server.RaftServerConfigKeys (ConfUtils.java:logGet(43)) - raft.server.storage.dir = [/opt/src/hadoop-ozone/integration-test/target/test-dir/MiniOzoneClusterImpl-e85b742d-9052-4186-88c9-f45ddff6f764/datanode-3/data/ratis] (custom)
2019-06-13 18:26:33,502 INFO  server.XceiverServerGrpc (XceiverServerGrpc.java:<init>(97)) - Found a free port for the server : 41097
2019-06-13 18:26:33,502 INFO  replication.SimpleContainerDownloader (SimpleContainerDownloader.java:<init>(72)) - Starting container downloader service to copy containers to replicate.
2019-06-13 18:26:33,504 INFO  hdfs.DFSUtil (DFSUtil.java:httpServerTemplateForNNAndJN(1641)) - Starting Web-server for hddsDatanode at: http://0.0.0.0:0
2019-06-13 18:26:33,505 INFO  server.AuthenticationFilter (AuthenticationFilter.java:constructSecretProvider(240)) - Unable to initialize FileSignerSecretProvider, falling back to use random secrets.
2019-06-13 18:26:33,505 WARN  http.HttpRequestLog (HttpRequestLog.java:getRequestLog(97)) - Jetty request log can only be enabled using Log4j
2019-06-13 18:26:33,507 INFO  http.HttpServer2 (HttpServer2.java:addGlobalFilter(975)) - Added global filter 'safety' (class=org.apache.hadoop.http.HttpServer2$QuotingInputFilter)
2019-06-13 18:26:33,507 INFO  http.HttpServer2 (HttpServer2.java:addFilter(948)) - Added filter static_user_filter (class=org.apache.hadoop.http.lib.StaticUserWebFilter$StaticUserFilter) to context hddsDatanode
2019-06-13 18:26:33,507 INFO  http.HttpServer2 (HttpServer2.java:addFilter(958)) - Added filter static_user_filter (class=org.apache.hadoop.http.lib.StaticUserWebFilter$StaticUserFilter) to context logs
2019-06-13 18:26:33,508 INFO  http.HttpServer2 (HttpServer2.java:addFilter(958)) - Added filter static_user_filter (class=org.apache.hadoop.http.lib.StaticUserWebFilter$StaticUserFilter) to context static
2019-06-13 18:26:33,508 INFO  http.HttpServer2 (HttpServer2.java:bindListener(1191)) - Jetty bound to port 43021
2019-06-13 18:26:33,508 INFO  server.Server (Server.java:doStart(351)) - jetty-9.3.24.v20180605, build timestamp: 2018-06-05T17:11:56Z, git hash: 84205aa28f11a4f31f2a3b86d1bba2cc8ab69827
2019-06-13 18:26:33,510 INFO  handler.ContextHandler (ContextHandler.java:doStart(781)) - Started o.e.j.s.ServletContextHandler@1308ef19{/logs,file:///opt/src/hadoop-ozone/integration-test/target/log,AVAILABLE}
2019-06-13 18:26:33,510 INFO  handler.ContextHandler (ContextHandler.java:doStart(781)) - Started o.e.j.s.ServletContextHandler@6cee903a{/static,jar:file:/root/.m2/repository/org/apache/hadoop/hadoop-hdds-container-service/0.5.0-SNAPSHOT/hadoop-hdds-container-service-0.5.0-SNAPSHOT.jar!/webapps/static,AVAILABLE}
2019-06-13 18:26:33,532 INFO  handler.ContextHandler (ContextHandler.java:doStart(781)) - Started o.e.j.w.WebAppContext@b841713{/,file:///tmp/jetty-0.0.0.0-43021-hddsDatanode-_-any-437737597504565405.dir/webapp/,AVAILABLE}{/hddsDatanode}
2019-06-13 18:26:33,532 INFO  server.AbstractConnector (AbstractConnector.java:doStart(278)) - Started ServerConnector@3fef1e6b{HTTP/1.1,[http/1.1]}{0.0.0.0:43021}
2019-06-13 18:26:33,534 INFO  server.Server (Server.java:doStart(419)) - Started @18114ms
2019-06-13 18:26:33,535 INFO  server.BaseHttpServer (BaseHttpServer.java:updateConnectorAddress(207)) - HTTP server of HDDSDATANODE is listening at http://0.0.0.0:43021
2019-06-13 18:26:33,641 INFO  ozone.HddsDatanodeService (HddsDatanodeService.java:startPlugins(396)) - Started plug-in org.apache.hadoop.ozone.web.OzoneHddsDatanodeService@11adab6d
2019-06-13 18:26:33,642 INFO  impl.MetricsSystemImpl (MetricsSystemImpl.java:init(158)) - HddsDatanode metrics system started (again)
2019-06-13 18:26:33,651 INFO  util.JvmPauseMonitor (JvmPauseMonitor.java:run(188)) - Starting JVM pause monitor
2019-06-13 18:26:33,651 INFO  ozone.HddsDatanodeService (HddsDatanodeService.java:start(185)) - HddsDatanodeService host:ozone-zf9g4-1167396177 ip:192.168.11.194
2019-06-13 18:26:33,652 INFO  datanode.InitDatanodeState (InitDatanodeState.java:persistContainerDatanodeDetails(140)) - DatanodeDetails is persisted to /opt/src/hadoop-ozone/integration-test/target/test-dir/MiniOzoneClusterImpl-e85b742d-9052-4186-88c9-f45ddff6f764/datanode-3/meta/datanode.id
2019-06-13 18:26:33,660 INFO  volume.HddsVolume (HddsVolume.java:<init>(176)) - Creating Volume: /opt/src/hadoop-ozone/integration-test/target/test-dir/MiniOzoneClusterImpl-e85b742d-9052-4186-88c9-f45ddff6f764/datanode-4/data/containers/hdds of  storage type : DISK and capacity : 104021790720
2019-06-13 18:26:33,660 INFO  volume.VolumeSet (VolumeSet.java:initializeVolumeSet(170)) - Added Volume : /opt/src/hadoop-ozone/integration-test/target/test-dir/MiniOzoneClusterImpl-e85b742d-9052-4186-88c9-f45ddff6f764/datanode-4/data/containers/hdds to VolumeSet
2019-06-13 18:26:33,661 INFO  volume.ThrottledAsyncChecker (ThrottledAsyncChecker.java:schedule(140)) - Scheduling a check for org.apache.hadoop.ozone.container.common.volume.HddsVolume@17df689e
2019-06-13 18:26:33,663 INFO  volume.HddsVolumeChecker (HddsVolumeChecker.java:checkAllVolumes(203)) - Scheduled health check for volume org.apache.hadoop.ozone.container.common.volume.HddsVolume@17df689e
2019-06-13 18:26:33,671 INFO  ratis.XceiverServerRatis (XceiverServerRatis.java:newXceiverServerRatis(401)) - Found a free port for the server : 43177
2019-06-13 18:26:33,672 INFO  impl.RaftServerProxy (ConfUtils.java:logGet(43)) - raft.rpc.type = GRPC (default)
2019-06-13 18:26:33,673 INFO  grpc.GrpcConfigKeys$Server (ConfUtils.java:logGet(43)) - raft.grpc.server.port = 43177 (custom)
2019-06-13 18:26:33,673 INFO  server.GrpcService (ConfUtils.java:logGet(43)) - raft.grpc.message.size.max = 33570816 (custom)
2019-06-13 18:26:33,673 INFO  server.RaftServerConfigKeys (ConfUtils.java:logGet(43)) - raft.server.log.appender.buffer.byte-limit = 33554432 (custom)
2019-06-13 18:26:33,673 INFO  server.GrpcService (ConfUtils.java:logGet(43)) - raft.grpc.flow.control.window = 1MB (=1048576) (default)
2019-06-13 18:26:33,673 INFO  server.RaftServerConfigKeys (ConfUtils.java:logGet(43)) - raft.server.rpc.request.timeout = 3000ms (default)
2019-06-13 18:26:33,674 INFO  server.RaftServerConfigKeys (ConfUtils.java:logGet(43)) - raft.server.storage.dir = [/opt/src/hadoop-ozone/integration-test/target/test-dir/MiniOzoneClusterImpl-e85b742d-9052-4186-88c9-f45ddff6f764/datanode-4/data/ratis] (custom)
2019-06-13 18:26:33,674 INFO  server.XceiverServerGrpc (XceiverServerGrpc.java:<init>(97)) - Found a free port for the server : 38731
2019-06-13 18:26:33,674 INFO  replication.SimpleContainerDownloader (SimpleContainerDownloader.java:<init>(72)) - Starting container downloader service to copy containers to replicate.
2019-06-13 18:26:33,675 INFO  hdfs.DFSUtil (DFSUtil.java:httpServerTemplateForNNAndJN(1641)) - Starting Web-server for hddsDatanode at: http://0.0.0.0:0
2019-06-13 18:26:33,676 INFO  server.AuthenticationFilter (AuthenticationFilter.java:constructSecretProvider(240)) - Unable to initialize FileSignerSecretProvider, falling back to use random secrets.
2019-06-13 18:26:33,677 WARN  http.HttpRequestLog (HttpRequestLog.java:getRequestLog(97)) - Jetty request log can only be enabled using Log4j
2019-06-13 18:26:33,678 INFO  http.HttpServer2 (HttpServer2.java:addGlobalFilter(975)) - Added global filter 'safety' (class=org.apache.hadoop.http.HttpServer2$QuotingInputFilter)
2019-06-13 18:26:33,679 INFO  http.HttpServer2 (HttpServer2.java:addFilter(948)) - Added filter static_user_filter (class=org.apache.hadoop.http.lib.StaticUserWebFilter$StaticUserFilter) to context hddsDatanode
2019-06-13 18:26:33,679 INFO  http.HttpServer2 (HttpServer2.java:addFilter(958)) - Added filter static_user_filter (class=org.apache.hadoop.http.lib.StaticUserWebFilter$StaticUserFilter) to context static
2019-06-13 18:26:33,679 INFO  http.HttpServer2 (HttpServer2.java:addFilter(958)) - Added filter static_user_filter (class=org.apache.hadoop.http.lib.StaticUserWebFilter$StaticUserFilter) to context logs
2019-06-13 18:26:33,679 INFO  http.HttpServer2 (HttpServer2.java:bindListener(1191)) - Jetty bound to port 43859
2019-06-13 18:26:33,680 INFO  server.Server (Server.java:doStart(351)) - jetty-9.3.24.v20180605, build timestamp: 2018-06-05T17:11:56Z, git hash: 84205aa28f11a4f31f2a3b86d1bba2cc8ab69827
2019-06-13 18:26:33,681 INFO  handler.ContextHandler (ContextHandler.java:doStart(781)) - Started o.e.j.s.ServletContextHandler@4392362c{/logs,file:///opt/src/hadoop-ozone/integration-test/target/log,AVAILABLE}
2019-06-13 18:26:33,682 INFO  handler.ContextHandler (ContextHandler.java:doStart(781)) - Started o.e.j.s.ServletContextHandler@839755f{/static,jar:file:/root/.m2/repository/org/apache/hadoop/hadoop-hdds-container-service/0.5.0-SNAPSHOT/hadoop-hdds-container-service-0.5.0-SNAPSHOT.jar!/webapps/static,AVAILABLE}
2019-06-13 18:26:33,712 INFO  handler.ContextHandler (ContextHandler.java:doStart(781)) - Started o.e.j.w.WebAppContext@47b4ac83{/,file:///tmp/jetty-0.0.0.0-43859-hddsDatanode-_-any-9049532433277236905.dir/webapp/,AVAILABLE}{/hddsDatanode}
2019-06-13 18:26:33,712 INFO  server.AbstractConnector (AbstractConnector.java:doStart(278)) - Started ServerConnector@351ede23{HTTP/1.1,[http/1.1]}{0.0.0.0:43859}
2019-06-13 18:26:33,713 INFO  server.Server (Server.java:doStart(419)) - Started @18293ms
2019-06-13 18:26:33,714 INFO  server.BaseHttpServer (BaseHttpServer.java:updateConnectorAddress(207)) - HTTP server of HDDSDATANODE is listening at http://0.0.0.0:43859
2019-06-13 18:26:33,793 INFO  ozone.HddsDatanodeService (HddsDatanodeService.java:startPlugins(396)) - Started plug-in org.apache.hadoop.ozone.web.OzoneHddsDatanodeService@6adcf059
2019-06-13 18:26:33,793 INFO  impl.MetricsSystemImpl (MetricsSystemImpl.java:init(158)) - HddsDatanode metrics system started (again)
2019-06-13 18:26:33,795 INFO  ozone.HddsDatanodeService (HddsDatanodeService.java:start(185)) - HddsDatanodeService host:ozone-zf9g4-1167396177 ip:192.168.11.194
2019-06-13 18:26:33,799 INFO  util.JvmPauseMonitor (JvmPauseMonitor.java:run(188)) - Starting JVM pause monitor
2019-06-13 18:26:33,800 INFO  datanode.InitDatanodeState (InitDatanodeState.java:persistContainerDatanodeDetails(140)) - DatanodeDetails is persisted to /opt/src/hadoop-ozone/integration-test/target/test-dir/MiniOzoneClusterImpl-e85b742d-9052-4186-88c9-f45ddff6f764/datanode-4/meta/datanode.id
2019-06-13 18:26:33,807 INFO  volume.HddsVolume (HddsVolume.java:<init>(176)) - Creating Volume: /opt/src/hadoop-ozone/integration-test/target/test-dir/MiniOzoneClusterImpl-e85b742d-9052-4186-88c9-f45ddff6f764/datanode-5/data/containers/hdds of  storage type : DISK and capacity : 104021790720
2019-06-13 18:26:33,808 INFO  volume.VolumeSet (VolumeSet.java:initializeVolumeSet(170)) - Added Volume : /opt/src/hadoop-ozone/integration-test/target/test-dir/MiniOzoneClusterImpl-e85b742d-9052-4186-88c9-f45ddff6f764/datanode-5/data/containers/hdds to VolumeSet
2019-06-13 18:26:33,808 INFO  volume.ThrottledAsyncChecker (ThrottledAsyncChecker.java:schedule(140)) - Scheduling a check for org.apache.hadoop.ozone.container.common.volume.HddsVolume@949d347
2019-06-13 18:26:33,808 INFO  volume.HddsVolumeChecker (HddsVolumeChecker.java:checkAllVolumes(203)) - Scheduled health check for volume org.apache.hadoop.ozone.container.common.volume.HddsVolume@949d347
2019-06-13 18:26:33,817 INFO  ratis.XceiverServerRatis (XceiverServerRatis.java:newXceiverServerRatis(401)) - Found a free port for the server : 34839
2019-06-13 18:26:33,818 INFO  impl.RaftServerProxy (ConfUtils.java:logGet(43)) - raft.rpc.type = GRPC (default)
2019-06-13 18:26:33,818 INFO  grpc.GrpcConfigKeys$Server (ConfUtils.java:logGet(43)) - raft.grpc.server.port = 34839 (custom)
2019-06-13 18:26:33,818 INFO  server.GrpcService (ConfUtils.java:logGet(43)) - raft.grpc.message.size.max = 33570816 (custom)
2019-06-13 18:26:33,818 INFO  server.RaftServerConfigKeys (ConfUtils.java:logGet(43)) - raft.server.log.appender.buffer.byte-limit = 33554432 (custom)
2019-06-13 18:26:33,819 INFO  server.GrpcService (ConfUtils.java:logGet(43)) - raft.grpc.flow.control.window = 1MB (=1048576) (default)
2019-06-13 18:26:33,819 INFO  server.RaftServerConfigKeys (ConfUtils.java:logGet(43)) - raft.server.rpc.request.timeout = 3000ms (default)
2019-06-13 18:26:33,819 INFO  server.RaftServerConfigKeys (ConfUtils.java:logGet(43)) - raft.server.storage.dir = [/opt/src/hadoop-ozone/integration-test/target/test-dir/MiniOzoneClusterImpl-e85b742d-9052-4186-88c9-f45ddff6f764/datanode-5/data/ratis] (custom)
2019-06-13 18:26:33,820 INFO  server.XceiverServerGrpc (XceiverServerGrpc.java:<init>(97)) - Found a free port for the server : 43193
2019-06-13 18:26:33,820 INFO  replication.SimpleContainerDownloader (SimpleContainerDownloader.java:<init>(72)) - Starting container downloader service to copy containers to replicate.
2019-06-13 18:26:33,821 INFO  hdfs.DFSUtil (DFSUtil.java:httpServerTemplateForNNAndJN(1641)) - Starting Web-server for hddsDatanode at: http://0.0.0.0:0
2019-06-13 18:26:33,822 INFO  server.AuthenticationFilter (AuthenticationFilter.java:constructSecretProvider(240)) - Unable to initialize FileSignerSecretProvider, falling back to use random secrets.
2019-06-13 18:26:33,823 WARN  http.HttpRequestLog (HttpRequestLog.java:getRequestLog(97)) - Jetty request log can only be enabled using Log4j
2019-06-13 18:26:33,824 INFO  http.HttpServer2 (HttpServer2.java:addGlobalFilter(975)) - Added global filter 'safety' (class=org.apache.hadoop.http.HttpServer2$QuotingInputFilter)
2019-06-13 18:26:33,825 INFO  http.HttpServer2 (HttpServer2.java:addFilter(948)) - Added filter static_user_filter (class=org.apache.hadoop.http.lib.StaticUserWebFilter$StaticUserFilter) to context hddsDatanode
2019-06-13 18:26:33,825 INFO  http.HttpServer2 (HttpServer2.java:addFilter(958)) - Added filter static_user_filter (class=org.apache.hadoop.http.lib.StaticUserWebFilter$StaticUserFilter) to context logs
2019-06-13 18:26:33,825 INFO  http.HttpServer2 (HttpServer2.java:addFilter(958)) - Added filter static_user_filter (class=org.apache.hadoop.http.lib.StaticUserWebFilter$StaticUserFilter) to context static
2019-06-13 18:26:33,825 INFO  http.HttpServer2 (HttpServer2.java:bindListener(1191)) - Jetty bound to port 44853
2019-06-13 18:26:33,826 INFO  server.Server (Server.java:doStart(351)) - jetty-9.3.24.v20180605, build timestamp: 2018-06-05T17:11:56Z, git hash: 84205aa28f11a4f31f2a3b86d1bba2cc8ab69827
2019-06-13 18:26:33,827 INFO  handler.ContextHandler (ContextHandler.java:doStart(781)) - Started o.e.j.s.ServletContextHandler@26a33cf{/logs,file:///opt/src/hadoop-ozone/integration-test/target/log,AVAILABLE}
2019-06-13 18:26:33,827 INFO  handler.ContextHandler (ContextHandler.java:doStart(781)) - Started o.e.j.s.ServletContextHandler@3f122cdc{/static,jar:file:/root/.m2/repository/org/apache/hadoop/hadoop-hdds-container-service/0.5.0-SNAPSHOT/hadoop-hdds-container-service-0.5.0-SNAPSHOT.jar!/webapps/static,AVAILABLE}
2019-06-13 18:26:33,849 INFO  handler.ContextHandler (ContextHandler.java:doStart(781)) - Started o.e.j.w.WebAppContext@33e8e146{/,file:///tmp/jetty-0.0.0.0-44853-hddsDatanode-_-any-2841662920548336125.dir/webapp/,AVAILABLE}{/hddsDatanode}
2019-06-13 18:26:33,851 INFO  server.AbstractConnector (AbstractConnector.java:doStart(278)) - Started ServerConnector@1f4d38f9{HTTP/1.1,[http/1.1]}{0.0.0.0:44853}
2019-06-13 18:26:33,851 INFO  server.Server (Server.java:doStart(419)) - Started @18431ms
2019-06-13 18:26:33,852 INFO  server.BaseHttpServer (BaseHttpServer.java:updateConnectorAddress(207)) - HTTP server of HDDSDATANODE is listening at http://0.0.0.0:44853
2019-06-13 18:26:33,931 INFO  ozone.HddsDatanodeService (HddsDatanodeService.java:startPlugins(396)) - Started plug-in org.apache.hadoop.ozone.web.OzoneHddsDatanodeService@300aa927
2019-06-13 18:26:33,931 INFO  impl.MetricsSystemImpl (MetricsSystemImpl.java:init(158)) - HddsDatanode metrics system started (again)
2019-06-13 18:26:33,932 INFO  ozone.HddsDatanodeService (HddsDatanodeService.java:start(185)) - HddsDatanodeService host:ozone-zf9g4-1167396177 ip:192.168.11.194
2019-06-13 18:26:33,939 INFO  util.JvmPauseMonitor (JvmPauseMonitor.java:run(188)) - Starting JVM pause monitor
2019-06-13 18:26:33,943 INFO  volume.HddsVolume (HddsVolume.java:<init>(176)) - Creating Volume: /opt/src/hadoop-ozone/integration-test/target/test-dir/MiniOzoneClusterImpl-e85b742d-9052-4186-88c9-f45ddff6f764/datanode-6/data/containers/hdds of  storage type : DISK and capacity : 104021790720
2019-06-13 18:26:33,943 INFO  volume.VolumeSet (VolumeSet.java:initializeVolumeSet(170)) - Added Volume : /opt/src/hadoop-ozone/integration-test/target/test-dir/MiniOzoneClusterImpl-e85b742d-9052-4186-88c9-f45ddff6f764/datanode-6/data/containers/hdds to VolumeSet
2019-06-13 18:26:33,944 INFO  volume.ThrottledAsyncChecker (ThrottledAsyncChecker.java:schedule(140)) - Scheduling a check for org.apache.hadoop.ozone.container.common.volume.HddsVolume@34695b23
2019-06-13 18:26:33,944 INFO  datanode.InitDatanodeState (InitDatanodeState.java:persistContainerDatanodeDetails(140)) - DatanodeDetails is persisted to /opt/src/hadoop-ozone/integration-test/target/test-dir/MiniOzoneClusterImpl-e85b742d-9052-4186-88c9-f45ddff6f764/datanode-5/meta/datanode.id
2019-06-13 18:26:33,946 INFO  volume.HddsVolumeChecker (HddsVolumeChecker.java:checkAllVolumes(203)) - Scheduled health check for volume org.apache.hadoop.ozone.container.common.volume.HddsVolume@34695b23
2019-06-13 18:26:33,957 INFO  ratis.XceiverServerRatis (XceiverServerRatis.java:newXceiverServerRatis(401)) - Found a free port for the server : 44633
2019-06-13 18:26:33,958 INFO  impl.RaftServerProxy (ConfUtils.java:logGet(43)) - raft.rpc.type = GRPC (default)
2019-06-13 18:26:33,958 INFO  grpc.GrpcConfigKeys$Server (ConfUtils.java:logGet(43)) - raft.grpc.server.port = 44633 (custom)
2019-06-13 18:26:33,959 INFO  server.GrpcService (ConfUtils.java:logGet(43)) - raft.grpc.message.size.max = 33570816 (custom)
2019-06-13 18:26:33,959 INFO  server.RaftServerConfigKeys (ConfUtils.java:logGet(43)) - raft.server.log.appender.buffer.byte-limit = 33554432 (custom)
2019-06-13 18:26:33,959 INFO  server.GrpcService (ConfUtils.java:logGet(43)) - raft.grpc.flow.control.window = 1MB (=1048576) (default)
2019-06-13 18:26:33,959 INFO  server.RaftServerConfigKeys (ConfUtils.java:logGet(43)) - raft.server.rpc.request.timeout = 3000ms (default)
2019-06-13 18:26:33,961 INFO  server.RaftServerConfigKeys (ConfUtils.java:logGet(43)) - raft.server.storage.dir = [/opt/src/hadoop-ozone/integration-test/target/test-dir/MiniOzoneClusterImpl-e85b742d-9052-4186-88c9-f45ddff6f764/datanode-6/data/ratis] (custom)
2019-06-13 18:26:33,961 INFO  server.XceiverServerGrpc (XceiverServerGrpc.java:<init>(97)) - Found a free port for the server : 45199
2019-06-13 18:26:33,962 INFO  replication.SimpleContainerDownloader (SimpleContainerDownloader.java:<init>(72)) - Starting container downloader service to copy containers to replicate.
2019-06-13 18:26:33,962 INFO  hdfs.DFSUtil (DFSUtil.java:httpServerTemplateForNNAndJN(1641)) - Starting Web-server for hddsDatanode at: http://0.0.0.0:0
2019-06-13 18:26:33,963 INFO  server.AuthenticationFilter (AuthenticationFilter.java:constructSecretProvider(240)) - Unable to initialize FileSignerSecretProvider, falling back to use random secrets.
2019-06-13 18:26:33,964 WARN  http.HttpRequestLog (HttpRequestLog.java:getRequestLog(97)) - Jetty request log can only be enabled using Log4j
2019-06-13 18:26:33,964 INFO  http.HttpServer2 (HttpServer2.java:addGlobalFilter(975)) - Added global filter 'safety' (class=org.apache.hadoop.http.HttpServer2$QuotingInputFilter)
2019-06-13 18:26:33,965 INFO  http.HttpServer2 (HttpServer2.java:addFilter(948)) - Added filter static_user_filter (class=org.apache.hadoop.http.lib.StaticUserWebFilter$StaticUserFilter) to context hddsDatanode
2019-06-13 18:26:33,965 INFO  http.HttpServer2 (HttpServer2.java:addFilter(958)) - Added filter static_user_filter (class=org.apache.hadoop.http.lib.StaticUserWebFilter$StaticUserFilter) to context static
2019-06-13 18:26:33,965 INFO  http.HttpServer2 (HttpServer2.java:addFilter(958)) - Added filter static_user_filter (class=org.apache.hadoop.http.lib.StaticUserWebFilter$StaticUserFilter) to context logs
2019-06-13 18:26:33,965 INFO  http.HttpServer2 (HttpServer2.java:bindListener(1191)) - Jetty bound to port 42041
2019-06-13 18:26:33,966 INFO  server.Server (Server.java:doStart(351)) - jetty-9.3.24.v20180605, build timestamp: 2018-06-05T17:11:56Z, git hash: 84205aa28f11a4f31f2a3b86d1bba2cc8ab69827
2019-06-13 18:26:33,975 INFO  handler.ContextHandler (ContextHandler.java:doStart(781)) - Started o.e.j.s.ServletContextHandler@52eca410{/logs,file:///opt/src/hadoop-ozone/integration-test/target/log,AVAILABLE}
2019-06-13 18:26:33,976 INFO  handler.ContextHandler (ContextHandler.java:doStart(781)) - Started o.e.j.s.ServletContextHandler@69a76b74{/static,jar:file:/root/.m2/repository/org/apache/hadoop/hadoop-hdds-container-service/0.5.0-SNAPSHOT/hadoop-hdds-container-service-0.5.0-SNAPSHOT.jar!/webapps/static,AVAILABLE}
2019-06-13 18:26:33,996 INFO  handler.ContextHandler (ContextHandler.java:doStart(781)) - Started o.e.j.w.WebAppContext@731e0bff{/,file:///tmp/jetty-0.0.0.0-42041-hddsDatanode-_-any-3926076595881188464.dir/webapp/,AVAILABLE}{/hddsDatanode}
2019-06-13 18:26:33,996 INFO  server.AbstractConnector (AbstractConnector.java:doStart(278)) - Started ServerConnector@213ceb4e{HTTP/1.1,[http/1.1]}{0.0.0.0:42041}
2019-06-13 18:26:33,997 INFO  server.Server (Server.java:doStart(419)) - Started @18577ms
2019-06-13 18:26:33,998 INFO  server.BaseHttpServer (BaseHttpServer.java:updateConnectorAddress(207)) - HTTP server of HDDSDATANODE is listening at http://0.0.0.0:42041
2019-06-13 18:26:34,117 INFO  ozone.HddsDatanodeService (HddsDatanodeService.java:startPlugins(396)) - Started plug-in org.apache.hadoop.ozone.web.OzoneHddsDatanodeService@60a99f3d
2019-06-13 18:26:34,118 INFO  ozone.MiniOzoneClusterImpl (MiniOzoneClusterImpl.java:lambda$waitForClusterToBeReady$0(142)) - Waiting for cluster to be ready. Got 0 of 7 DN Heartbeats.
2019-06-13 18:26:34,119 INFO  util.JvmPauseMonitor (JvmPauseMonitor.java:run(188)) - Starting JVM pause monitor
2019-06-13 18:26:34,120 INFO  datanode.InitDatanodeState (InitDatanodeState.java:persistContainerDatanodeDetails(140)) - DatanodeDetails is persisted to /opt/src/hadoop-ozone/integration-test/target/test-dir/MiniOzoneClusterImpl-e85b742d-9052-4186-88c9-f45ddff6f764/datanode-6/meta/datanode.id
2019-06-13 18:26:35,119 INFO  ozone.MiniOzoneClusterImpl (MiniOzoneClusterImpl.java:lambda$waitForClusterToBeReady$0(142)) - Waiting for cluster to be ready. Got 0 of 7 DN Heartbeats.
2019-06-13 18:26:35,167 INFO  ozoneimpl.OzoneContainer (OzoneContainer.java:start(186)) - Attempting to start container services.
2019-06-13 18:26:35,168 INFO  ozoneimpl.OzoneContainer (OzoneContainer.java:startContainerScrub(160)) - Background container scrubber has been disabled by hdds.containerscrub.enabled
2019-06-13 18:26:35,169 INFO  ratis.XceiverServerRatis (XceiverServerRatis.java:start(418)) - Starting XceiverServerRatis feaaab5f-e1c4-487c-ad24-a39240cbf49b at port 33639
2019-06-13 18:26:35,172 INFO  impl.RaftServerProxy (RaftServerProxy.java:lambda$start$3(299)) - feaaab5f-e1c4-487c-ad24-a39240cbf49b: start RPC server
2019-06-13 18:26:35,173 INFO  server.GrpcService (GrpcService.java:startImpl(148)) - feaaab5f-e1c4-487c-ad24-a39240cbf49b: GrpcService started, listening on 0.0.0.0/0.0.0.0:33639
2019-06-13 18:26:35,315 INFO  ozoneimpl.OzoneContainer (OzoneContainer.java:start(186)) - Attempting to start container services.
2019-06-13 18:26:35,319 INFO  ozoneimpl.OzoneContainer (OzoneContainer.java:startContainerScrub(160)) - Background container scrubber has been disabled by hdds.containerscrub.enabled
2019-06-13 18:26:35,319 INFO  ratis.XceiverServerRatis (XceiverServerRatis.java:start(418)) - Starting XceiverServerRatis 0666f3d0-b0ba-4adb-9817-a431646379e2 at port 34709
2019-06-13 18:26:35,322 INFO  impl.RaftServerProxy (RaftServerProxy.java:lambda$start$3(299)) - 0666f3d0-b0ba-4adb-9817-a431646379e2: start RPC server
2019-06-13 18:26:35,322 INFO  server.GrpcService (GrpcService.java:startImpl(148)) - 0666f3d0-b0ba-4adb-9817-a431646379e2: GrpcService started, listening on 0.0.0.0/0.0.0.0:34709
2019-06-13 18:26:35,487 INFO  ozoneimpl.OzoneContainer (OzoneContainer.java:start(186)) - Attempting to start container services.
2019-06-13 18:26:35,487 INFO  ozoneimpl.OzoneContainer (OzoneContainer.java:startContainerScrub(160)) - Background container scrubber has been disabled by hdds.containerscrub.enabled
2019-06-13 18:26:35,487 INFO  ratis.XceiverServerRatis (XceiverServerRatis.java:start(418)) - Starting XceiverServerRatis c28f7aec-c179-4d06-bd8a-6051b90a5cad at port 46187
2019-06-13 18:26:35,490 INFO  impl.RaftServerProxy (RaftServerProxy.java:lambda$start$3(299)) - c28f7aec-c179-4d06-bd8a-6051b90a5cad: start RPC server
2019-06-13 18:26:35,494 INFO  server.GrpcService (GrpcService.java:startImpl(148)) - c28f7aec-c179-4d06-bd8a-6051b90a5cad: GrpcService started, listening on 0.0.0.0/0.0.0.0:46187
2019-06-13 18:26:35,654 INFO  ozoneimpl.OzoneContainer (OzoneContainer.java:start(186)) - Attempting to start container services.
2019-06-13 18:26:35,654 INFO  ozoneimpl.OzoneContainer (OzoneContainer.java:startContainerScrub(160)) - Background container scrubber has been disabled by hdds.containerscrub.enabled
2019-06-13 18:26:35,654 INFO  ratis.XceiverServerRatis (XceiverServerRatis.java:start(418)) - Starting XceiverServerRatis b0549d51-f97f-405f-9cfd-170fb77cd442 at port 43219
2019-06-13 18:26:35,657 INFO  impl.RaftServerProxy (RaftServerProxy.java:lambda$start$3(299)) - b0549d51-f97f-405f-9cfd-170fb77cd442: start RPC server
2019-06-13 18:26:35,658 INFO  server.GrpcService (GrpcService.java:startImpl(148)) - b0549d51-f97f-405f-9cfd-170fb77cd442: GrpcService started, listening on 0.0.0.0/0.0.0.0:43219
2019-06-13 18:26:35,801 INFO  ozoneimpl.OzoneContainer (OzoneContainer.java:start(186)) - Attempting to start container services.
2019-06-13 18:26:35,801 INFO  ozoneimpl.OzoneContainer (OzoneContainer.java:startContainerScrub(160)) - Background container scrubber has been disabled by hdds.containerscrub.enabled
2019-06-13 18:26:35,801 INFO  ratis.XceiverServerRatis (XceiverServerRatis.java:start(418)) - Starting XceiverServerRatis 3e4c7977-0f01-405e-a7f2-28f198598a56 at port 43177
2019-06-13 18:26:35,805 INFO  impl.RaftServerProxy (RaftServerProxy.java:lambda$start$3(299)) - 3e4c7977-0f01-405e-a7f2-28f198598a56: start RPC server
2019-06-13 18:26:35,805 INFO  server.GrpcService (GrpcService.java:startImpl(148)) - 3e4c7977-0f01-405e-a7f2-28f198598a56: GrpcService started, listening on 0.0.0.0/0.0.0.0:43177
2019-06-13 18:26:35,942 INFO  ozoneimpl.OzoneContainer (OzoneContainer.java:start(186)) - Attempting to start container services.
2019-06-13 18:26:35,942 INFO  ozoneimpl.OzoneContainer (OzoneContainer.java:startContainerScrub(160)) - Background container scrubber has been disabled by hdds.containerscrub.enabled
2019-06-13 18:26:35,942 INFO  ratis.XceiverServerRatis (XceiverServerRatis.java:start(418)) - Starting XceiverServerRatis 2fe4bf7f-6b63-49ad-a796-645eca3f0cbf at port 34839
2019-06-13 18:26:35,945 INFO  impl.RaftServerProxy (RaftServerProxy.java:lambda$start$3(299)) - 2fe4bf7f-6b63-49ad-a796-645eca3f0cbf: start RPC server
2019-06-13 18:26:35,946 INFO  server.GrpcService (GrpcService.java:startImpl(148)) - 2fe4bf7f-6b63-49ad-a796-645eca3f0cbf: GrpcService started, listening on 0.0.0.0/0.0.0.0:34839
2019-06-13 18:26:36,119 INFO  ozone.MiniOzoneClusterImpl (MiniOzoneClusterImpl.java:lambda$waitForClusterToBeReady$0(142)) - Waiting for cluster to be ready. Got 0 of 7 DN Heartbeats.
2019-06-13 18:26:36,122 INFO  ozoneimpl.OzoneContainer (OzoneContainer.java:start(186)) - Attempting to start container services.
2019-06-13 18:26:36,122 INFO  ozoneimpl.OzoneContainer (OzoneContainer.java:startContainerScrub(160)) - Background container scrubber has been disabled by hdds.containerscrub.enabled
2019-06-13 18:26:36,122 INFO  ratis.XceiverServerRatis (XceiverServerRatis.java:start(418)) - Starting XceiverServerRatis a770b9a5-78cf-49e5-abf3-e50aab235947 at port 44633
2019-06-13 18:26:36,125 INFO  impl.RaftServerProxy (RaftServerProxy.java:lambda$start$3(299)) - a770b9a5-78cf-49e5-abf3-e50aab235947: start RPC server
2019-06-13 18:26:36,125 INFO  server.GrpcService (GrpcService.java:startImpl(148)) - a770b9a5-78cf-49e5-abf3-e50aab235947: GrpcService started, listening on 0.0.0.0/0.0.0.0:44633
2019-06-13 18:26:37,120 INFO  ozone.MiniOzoneClusterImpl (MiniOzoneClusterImpl.java:lambda$waitForClusterToBeReady$0(142)) - Waiting for cluster to be ready. Got 0 of 7 DN Heartbeats.
2019-06-13 18:26:37,162 INFO  node.SCMNodeManager (SCMNodeManager.java:register(234)) - Registered Data node : feaaab5f-e1c4-487c-ad24-a39240cbf49b{ip: 192.168.11.194, host: ozone-zf9g4-1167396177, networkLocation: /default-rack, certSerialId: null}
2019-06-13 18:26:37,165 INFO  safemode.SCMSafeModeManager (DataNodeSafeModeRule.java:process(71)) - SCM in safe mode. 1 DataNodes registered, 1 required.
2019-06-13 18:26:37,168 INFO  safemode.SCMSafeModeManager (SCMSafeModeManager.java:validateSafeModeExitRules(177)) - ScmSafeModeManager, all rules are successfully validated
2019-06-13 18:26:37,168 INFO  safemode.SCMSafeModeManager (SCMSafeModeManager.java:exitSafeMode(193)) - SCM exiting safe mode.
2019-06-13 18:26:37,183 INFO  impl.RaftServerProxy (RaftServerProxy.java:addNew(89)) - feaaab5f-e1c4-487c-ad24-a39240cbf49b: addNew group-EA16924D1F01:[feaaab5f-e1c4-487c-ad24-a39240cbf49b:192.168.11.194:33639] returns group-EA16924D1F01:java.util.concurrent.CompletableFuture@7969e7d0[Not completed]
2019-06-13 18:26:37,184 INFO  impl.RaftServerImpl (RaftServerImpl.java:<init>(91)) - feaaab5f-e1c4-487c-ad24-a39240cbf49b: new RaftServerImpl for group-EA16924D1F01:[feaaab5f-e1c4-487c-ad24-a39240cbf49b:192.168.11.194:33639] with ContainerStateMachine:uninitialized
2019-06-13 18:26:37,184 INFO  server.RaftServerConfigKeys (ConfUtils.java:logGet(43)) - raft.server.rpc.timeout.min = 1s (custom)
2019-06-13 18:26:37,184 INFO  server.RaftServerConfigKeys (ConfUtils.java:logGet(43)) - raft.server.rpc.timeout.max = 1200ms (custom)
2019-06-13 18:26:37,184 INFO  server.RaftServerConfigKeys (ConfUtils.java:logGet(43)) - raft.server.rpcslowness.timeout = 120s (custom)
2019-06-13 18:26:37,184 INFO  server.RaftServerConfigKeys (ConfUtils.java:logGet(43)) - raft.server.log.appender.install.snapshot.enabled = true (default)
2019-06-13 18:26:37,185 INFO  impl.RaftServerImpl (ServerState.java:<init>(101)) - feaaab5f-e1c4-487c-ad24-a39240cbf49b:group-EA16924D1F01 ConfigurationManager, init=-1: [feaaab5f-e1c4-487c-ad24-a39240cbf49b:192.168.11.194:33639], old=null, confs=<EMPTY_MAP>
2019-06-13 18:26:37,185 INFO  server.RaftServerConfigKeys (ConfUtils.java:logGet(43)) - raft.server.storage.dir = [/opt/src/hadoop-ozone/integration-test/target/test-dir/MiniOzoneClusterImpl-e85b742d-9052-4186-88c9-f45ddff6f764/datanode-0/data/ratis] (custom)
2019-06-13 18:26:37,185 INFO  storage.RaftStorageDirectory (RaftStorageDirectory.java:analyzeStorage(246)) - The storage directory /opt/src/hadoop-ozone/integration-test/target/test-dir/MiniOzoneClusterImpl-e85b742d-9052-4186-88c9-f45ddff6f764/datanode-0/data/ratis/e0268180-81a1-483d-8ba4-ea16924d1f01 does not exist. Creating ...
2019-06-13 18:26:37,187 INFO  storage.RaftStorageDirectory (RaftStorageDirectory.java:tryLock(328)) - Lock on /opt/src/hadoop-ozone/integration-test/target/test-dir/MiniOzoneClusterImpl-e85b742d-9052-4186-88c9-f45ddff6f764/datanode-0/data/ratis/e0268180-81a1-483d-8ba4-ea16924d1f01/in_use.lock acquired by nodename 31003@ozone-zf9g4-1167396177
2019-06-13 18:26:37,189 INFO  storage.RaftStorage (RaftStorage.java:format(75)) - Storage directory /opt/src/hadoop-ozone/integration-test/target/test-dir/MiniOzoneClusterImpl-e85b742d-9052-4186-88c9-f45ddff6f764/datanode-0/data/ratis/e0268180-81a1-483d-8ba4-ea16924d1f01 has been successfully formatted.
2019-06-13 18:26:37,189 INFO  ratis.ContainerStateMachine (ContainerStateMachine.java:loadSnapshot(199)) - The snapshot info is null.Setting the last applied index to:(t:0, i:~)
2019-06-13 18:26:37,189 INFO  server.RaftServerConfigKeys (ConfUtils.java:logGet(43)) - raft.server.leader.election.timeout = 120s (custom)
2019-06-13 18:26:37,190 INFO  server.RaftServerConfigKeys (ConfUtils.java:logGet(43)) - raft.server.log.use.memory = false (default)
2019-06-13 18:26:37,190 INFO  server.RaftServerConfigKeys (ConfUtils.java:logGet(43)) - raft.server.log.appender.buffer.byte-limit = 33554432 (custom)
2019-06-13 18:26:37,190 INFO  server.RaftServerConfigKeys (ConfUtils.java:logGet(43)) - raft.server.log.segment.size.max = 16384 (custom)
2019-06-13 18:26:37,190 INFO  server.RaftServerConfigKeys (ConfUtils.java:logGet(43)) - raft.server.log.segment.cache.num.max = 2 (custom)
2019-06-13 18:26:37,190 INFO  storage.RaftLogWorker (RaftLogWorker.java:<init>(123)) - new feaaab5f-e1c4-487c-ad24-a39240cbf49b-RaftLogWorker for Storage Directory /opt/src/hadoop-ozone/integration-test/target/test-dir/MiniOzoneClusterImpl-e85b742d-9052-4186-88c9-f45ddff6f764/datanode-0/data/ratis/e0268180-81a1-483d-8ba4-ea16924d1f01
2019-06-13 18:26:37,190 INFO  server.RaftServerConfigKeys (ConfUtils.java:logGet(43)) - raft.server.log.queue.byte-limit = 2147483647 (custom)
2019-06-13 18:26:37,190 INFO  server.RaftServerConfigKeys (ConfUtils.java:logGet(43)) - raft.server.log.queue.element-limit = 1024 (custom)
2019-06-13 18:26:37,190 INFO  server.RaftServerConfigKeys (ConfUtils.java:logGet(43)) - raft.server.log.segment.size.max = 16384 (custom)
2019-06-13 18:26:37,190 INFO  server.RaftServerConfigKeys (ConfUtils.java:logGet(43)) - raft.server.log.preallocated.size = 16384 (custom)
2019-06-13 18:26:37,190 INFO  server.RaftServerConfigKeys (ConfUtils.java:logGet(43)) - raft.server.log.write.buffer.size = 33554432 (custom)
2019-06-13 18:26:37,191 INFO  server.RaftServerConfigKeys (ConfUtils.java:logGet(43)) - raft.server.log.force.sync.num = 128 (default)
2019-06-13 18:26:37,191 INFO  server.RaftServerConfigKeys (ConfUtils.java:logGet(43)) - raft.server.log.statemachine.data.sync = true (default)
2019-06-13 18:26:37,191 INFO  server.RaftServerConfigKeys (ConfUtils.java:logGet(43)) - raft.server.log.statemachine.data.sync.timeout = 10s (default)
2019-06-13 18:26:37,191 INFO  server.RaftServerConfigKeys (ConfUtils.java:logGet(43)) - raft.server.log.statemachine.data.sync.timeout.retry = -1 (default)
2019-06-13 18:26:37,191 INFO  server.RaftServerConfigKeys (ConfUtils.java:logGet(43)) - raft.server.log.statemachine.data.caching.enabled = true (custom)
2019-06-13 18:26:37,191 INFO  server.RaftServerConfigKeys (ConfUtils.java:logGet(43)) - raft.server.snapshot.auto.trigger.enabled = true (custom)
2019-06-13 18:26:37,191 INFO  server.RaftServerConfigKeys (ConfUtils.java:logGet(43)) - raft.server.snapshot.auto.trigger.threshold = 10000 (custom)
2019-06-13 18:26:37,192 INFO  server.RaftServerConfigKeys (ConfUtils.java:logGet(43)) - raft.server.retrycache.expirytime = 600000ms (custom)
2019-06-13 18:26:37,192 INFO  impl.RaftServerImpl (RaftServerImpl.java:start(173)) - feaaab5f-e1c4-487c-ad24-a39240cbf49b: start group-EA16924D1F01
2019-06-13 18:26:37,192 INFO  impl.RaftServerImpl (RaftServerImpl.java:setRole(164)) - feaaab5f-e1c4-487c-ad24-a39240cbf49b:group-EA16924D1F01 changes role from null to FOLLOWER at term 0 for startAsFollower
2019-06-13 18:26:37,192 INFO  impl.RoleInfo (RoleInfo.java:updateAndGet(143)) - feaaab5f-e1c4-487c-ad24-a39240cbf49b: start FollowerState
2019-06-13 18:26:37,192 INFO  util.JmxRegister (JmxRegister.java:tryRegister(44)) - Successfully registered JMX Bean with object name Ratis:service=RaftServer,group=group-EA16924D1F01,id=feaaab5f-e1c4-487c-ad24-a39240cbf49b
2019-06-13 18:26:37,195 INFO  pipeline.PipelineStateManager (PipelineStateManager.java:addPipeline(56)) - Created pipeline Pipeline[ Id: e0268180-81a1-483d-8ba4-ea16924d1f01, Nodes: feaaab5f-e1c4-487c-ad24-a39240cbf49b{ip: 192.168.11.194, host: ozone-zf9g4-1167396177, networkLocation: /default-rack, certSerialId: null}, Type:RATIS, Factor:ONE, State:OPEN]
2019-06-13 18:26:37,312 INFO  node.SCMNodeManager (SCMNodeManager.java:register(234)) - Registered Data node : 0666f3d0-b0ba-4adb-9817-a431646379e2{ip: 192.168.11.194, host: ozone-zf9g4-1167396177, networkLocation: /default-rack, certSerialId: null}
2019-06-13 18:26:37,321 INFO  impl.RaftServerProxy (RaftServerProxy.java:addNew(89)) - 0666f3d0-b0ba-4adb-9817-a431646379e2: addNew group-0F37A0CDA62B:[0666f3d0-b0ba-4adb-9817-a431646379e2:192.168.11.194:34709] returns group-0F37A0CDA62B:java.util.concurrent.CompletableFuture@4bf8b7cf[Not completed]
2019-06-13 18:26:37,322 INFO  impl.RaftServerImpl (RaftServerImpl.java:<init>(91)) - 0666f3d0-b0ba-4adb-9817-a431646379e2: new RaftServerImpl for group-0F37A0CDA62B:[0666f3d0-b0ba-4adb-9817-a431646379e2:192.168.11.194:34709] with ContainerStateMachine:uninitialized
2019-06-13 18:26:37,322 INFO  server.RaftServerConfigKeys (ConfUtils.java:logGet(43)) - raft.server.rpc.timeout.min = 1s (custom)
2019-06-13 18:26:37,322 INFO  server.RaftServerConfigKeys (ConfUtils.java:logGet(43)) - raft.server.rpc.timeout.max = 1200ms (custom)
2019-06-13 18:26:37,322 INFO  server.RaftServerConfigKeys (ConfUtils.java:logGet(43)) - raft.server.rpcslowness.timeout = 120s (custom)
2019-06-13 18:26:37,322 INFO  server.RaftServerConfigKeys (ConfUtils.java:logGet(43)) - raft.server.log.appender.install.snapshot.enabled = true (default)
2019-06-13 18:26:37,322 INFO  impl.RaftServerImpl (ServerState.java:<init>(101)) - 0666f3d0-b0ba-4adb-9817-a431646379e2:group-0F37A0CDA62B ConfigurationManager, init=-1: [0666f3d0-b0ba-4adb-9817-a431646379e2:192.168.11.194:34709], old=null, confs=<EMPTY_MAP>
2019-06-13 18:26:37,322 INFO  server.RaftServerConfigKeys (ConfUtils.java:logGet(43)) - raft.server.storage.dir = [/opt/src/hadoop-ozone/integration-test/target/test-dir/MiniOzoneClusterImpl-e85b742d-9052-4186-88c9-f45ddff6f764/datanode-1/data/ratis] (custom)
2019-06-13 18:26:37,322 INFO  storage.RaftStorageDirectory (RaftStorageDirectory.java:analyzeStorage(246)) - The storage directory /opt/src/hadoop-ozone/integration-test/target/test-dir/MiniOzoneClusterImpl-e85b742d-9052-4186-88c9-f45ddff6f764/datanode-1/data/ratis/57eaf8be-fa3b-4332-9484-0f37a0cda62b does not exist. Creating ...
2019-06-13 18:26:37,324 INFO  storage.RaftStorageDirectory (RaftStorageDirectory.java:tryLock(328)) - Lock on /opt/src/hadoop-ozone/integration-test/target/test-dir/MiniOzoneClusterImpl-e85b742d-9052-4186-88c9-f45ddff6f764/datanode-1/data/ratis/57eaf8be-fa3b-4332-9484-0f37a0cda62b/in_use.lock acquired by nodename 31003@ozone-zf9g4-1167396177
2019-06-13 18:26:37,326 INFO  storage.RaftStorage (RaftStorage.java:format(75)) - Storage directory /opt/src/hadoop-ozone/integration-test/target/test-dir/MiniOzoneClusterImpl-e85b742d-9052-4186-88c9-f45ddff6f764/datanode-1/data/ratis/57eaf8be-fa3b-4332-9484-0f37a0cda62b has been successfully formatted.
2019-06-13 18:26:37,327 INFO  ratis.ContainerStateMachine (ContainerStateMachine.java:loadSnapshot(199)) - The snapshot info is null.Setting the last applied index to:(t:0, i:~)
2019-06-13 18:26:37,327 INFO  server.RaftServerConfigKeys (ConfUtils.java:logGet(43)) - raft.server.leader.election.timeout = 120s (custom)
2019-06-13 18:26:37,327 INFO  server.RaftServerConfigKeys (ConfUtils.java:logGet(43)) - raft.server.log.use.memory = false (default)
2019-06-13 18:26:37,327 INFO  server.RaftServerConfigKeys (ConfUtils.java:logGet(43)) - raft.server.log.appender.buffer.byte-limit = 33554432 (custom)
2019-06-13 18:26:37,327 INFO  server.RaftServerConfigKeys (ConfUtils.java:logGet(43)) - raft.server.log.segment.size.max = 16384 (custom)
2019-06-13 18:26:37,327 INFO  server.RaftServerConfigKeys (ConfUtils.java:logGet(43)) - raft.server.log.segment.cache.num.max = 2 (custom)
2019-06-13 18:26:37,327 INFO  storage.RaftLogWorker (RaftLogWorker.java:<init>(123)) - new 0666f3d0-b0ba-4adb-9817-a431646379e2-RaftLogWorker for Storage Directory /opt/src/hadoop-ozone/integration-test/target/test-dir/MiniOzoneClusterImpl-e85b742d-9052-4186-88c9-f45ddff6f764/datanode-1/data/ratis/57eaf8be-fa3b-4332-9484-0f37a0cda62b
2019-06-13 18:26:37,327 INFO  server.RaftServerConfigKeys (ConfUtils.java:logGet(43)) - raft.server.log.queue.byte-limit = 2147483647 (custom)
2019-06-13 18:26:37,327 INFO  server.RaftServerConfigKeys (ConfUtils.java:logGet(43)) - raft.server.log.queue.element-limit = 1024 (custom)
2019-06-13 18:26:37,328 INFO  server.RaftServerConfigKeys (ConfUtils.java:logGet(43)) - raft.server.log.segment.size.max = 16384 (custom)
2019-06-13 18:26:37,328 INFO  server.RaftServerConfigKeys (ConfUtils.java:logGet(43)) - raft.server.log.preallocated.size = 16384 (custom)
2019-06-13 18:26:37,328 INFO  server.RaftServerConfigKeys (ConfUtils.java:logGet(43)) - raft.server.log.write.buffer.size = 33554432 (custom)
2019-06-13 18:26:37,328 INFO  server.RaftServerConfigKeys (ConfUtils.java:logGet(43)) - raft.server.log.force.sync.num = 128 (default)
2019-06-13 18:26:37,328 INFO  server.RaftServerConfigKeys (ConfUtils.java:logGet(43)) - raft.server.log.statemachine.data.sync = true (default)
2019-06-13 18:26:37,328 INFO  server.RaftServerConfigKeys (ConfUtils.java:logGet(43)) - raft.server.log.statemachine.data.sync.timeout = 10s (default)
2019-06-13 18:26:37,328 INFO  server.RaftServerConfigKeys (ConfUtils.java:logGet(43)) - raft.server.log.statemachine.data.sync.timeout.retry = -1 (default)
2019-06-13 18:26:37,328 INFO  server.RaftServerConfigKeys (ConfUtils.java:logGet(43)) - raft.server.log.statemachine.data.caching.enabled = true (custom)
2019-06-13 18:26:37,329 INFO  server.RaftServerConfigKeys (ConfUtils.java:logGet(43)) - raft.server.snapshot.auto.trigger.enabled = true (custom)
2019-06-13 18:26:37,329 INFO  server.RaftServerConfigKeys (ConfUtils.java:logGet(43)) - raft.server.snapshot.auto.trigger.threshold = 10000 (custom)
2019-06-13 18:26:37,329 INFO  server.RaftServerConfigKeys (ConfUtils.java:logGet(43)) - raft.server.retrycache.expirytime = 600000ms (custom)
2019-06-13 18:26:37,329 INFO  impl.RaftServerImpl (RaftServerImpl.java:start(173)) - 0666f3d0-b0ba-4adb-9817-a431646379e2: start group-0F37A0CDA62B
2019-06-13 18:26:37,329 INFO  impl.RaftServerImpl (RaftServerImpl.java:setRole(164)) - 0666f3d0-b0ba-4adb-9817-a431646379e2:group-0F37A0CDA62B changes role from null to FOLLOWER at term 0 for startAsFollower
2019-06-13 18:26:37,329 INFO  impl.RoleInfo (RoleInfo.java:updateAndGet(143)) - 0666f3d0-b0ba-4adb-9817-a431646379e2: start FollowerState
2019-06-13 18:26:37,329 INFO  util.JmxRegister (JmxRegister.java:tryRegister(44)) - Successfully registered JMX Bean with object name Ratis:service=RaftServer,group=group-0F37A0CDA62B,id=0666f3d0-b0ba-4adb-9817-a431646379e2
2019-06-13 18:26:37,333 INFO  pipeline.PipelineStateManager (PipelineStateManager.java:addPipeline(56)) - Created pipeline Pipeline[ Id: 57eaf8be-fa3b-4332-9484-0f37a0cda62b, Nodes: 0666f3d0-b0ba-4adb-9817-a431646379e2{ip: 192.168.11.194, host: ozone-zf9g4-1167396177, networkLocation: /default-rack, certSerialId: null}, Type:RATIS, Factor:ONE, State:OPEN]
2019-06-13 18:26:37,485 INFO  node.SCMNodeManager (SCMNodeManager.java:register(234)) - Registered Data node : c28f7aec-c179-4d06-bd8a-6051b90a5cad{ip: 192.168.11.194, host: ozone-zf9g4-1167396177, networkLocation: /default-rack, certSerialId: null}
2019-06-13 18:26:37,494 INFO  impl.RaftServerProxy (RaftServerProxy.java:addNew(89)) - c28f7aec-c179-4d06-bd8a-6051b90a5cad: addNew group-DE6C7C5436B6:[c28f7aec-c179-4d06-bd8a-6051b90a5cad:192.168.11.194:46187] returns group-DE6C7C5436B6:java.util.concurrent.CompletableFuture@15f65be3[Not completed]
2019-06-13 18:26:37,495 INFO  impl.RaftServerImpl (RaftServerImpl.java:<init>(91)) - c28f7aec-c179-4d06-bd8a-6051b90a5cad: new RaftServerImpl for group-DE6C7C5436B6:[c28f7aec-c179-4d06-bd8a-6051b90a5cad:192.168.11.194:46187] with ContainerStateMachine:uninitialized
2019-06-13 18:26:37,495 INFO  server.RaftServerConfigKeys (ConfUtils.java:logGet(43)) - raft.server.rpc.timeout.min = 1s (custom)
2019-06-13 18:26:37,495 INFO  server.RaftServerConfigKeys (ConfUtils.java:logGet(43)) - raft.server.rpc.timeout.max = 1200ms (custom)
2019-06-13 18:26:37,496 INFO  server.RaftServerConfigKeys (ConfUtils.java:logGet(43)) - raft.server.rpcslowness.timeout = 120s (custom)
2019-06-13 18:26:37,496 INFO  server.RaftServerConfigKeys (ConfUtils.java:logGet(43)) - raft.server.log.appender.install.snapshot.enabled = true (default)
2019-06-13 18:26:37,496 INFO  impl.RaftServerImpl (ServerState.java:<init>(101)) - c28f7aec-c179-4d06-bd8a-6051b90a5cad:group-DE6C7C5436B6 ConfigurationManager, init=-1: [c28f7aec-c179-4d06-bd8a-6051b90a5cad:192.168.11.194:46187], old=null, confs=<EMPTY_MAP>
2019-06-13 18:26:37,496 INFO  server.RaftServerConfigKeys (ConfUtils.java:logGet(43)) - raft.server.storage.dir = [/opt/src/hadoop-ozone/integration-test/target/test-dir/MiniOzoneClusterImpl-e85b742d-9052-4186-88c9-f45ddff6f764/datanode-2/data/ratis] (custom)
2019-06-13 18:26:37,496 INFO  storage.RaftStorageDirectory (RaftStorageDirectory.java:analyzeStorage(246)) - The storage directory /opt/src/hadoop-ozone/integration-test/target/test-dir/MiniOzoneClusterImpl-e85b742d-9052-4186-88c9-f45ddff6f764/datanode-2/data/ratis/80f0e978-2726-477b-bfc3-de6c7c5436b6 does not exist. Creating ...
2019-06-13 18:26:37,498 INFO  storage.RaftStorageDirectory (RaftStorageDirectory.java:tryLock(328)) - Lock on /opt/src/hadoop-ozone/integration-test/target/test-dir/MiniOzoneClusterImpl-e85b742d-9052-4186-88c9-f45ddff6f764/datanode-2/data/ratis/80f0e978-2726-477b-bfc3-de6c7c5436b6/in_use.lock acquired by nodename 31003@ozone-zf9g4-1167396177
2019-06-13 18:26:37,500 INFO  storage.RaftStorage (RaftStorage.java:format(75)) - Storage directory /opt/src/hadoop-ozone/integration-test/target/test-dir/MiniOzoneClusterImpl-e85b742d-9052-4186-88c9-f45ddff6f764/datanode-2/data/ratis/80f0e978-2726-477b-bfc3-de6c7c5436b6 has been successfully formatted.
2019-06-13 18:26:37,500 INFO  ratis.ContainerStateMachine (ContainerStateMachine.java:loadSnapshot(199)) - The snapshot info is null.Setting the last applied index to:(t:0, i:~)
2019-06-13 18:26:37,500 INFO  server.RaftServerConfigKeys (ConfUtils.java:logGet(43)) - raft.server.leader.election.timeout = 120s (custom)
2019-06-13 18:26:37,500 INFO  server.RaftServerConfigKeys (ConfUtils.java:logGet(43)) - raft.server.log.use.memory = false (default)
2019-06-13 18:26:37,501 INFO  server.RaftServerConfigKeys (ConfUtils.java:logGet(43)) - raft.server.log.appender.buffer.byte-limit = 33554432 (custom)
2019-06-13 18:26:37,501 INFO  server.RaftServerConfigKeys (ConfUtils.java:logGet(43)) - raft.server.log.segment.size.max = 16384 (custom)
2019-06-13 18:26:37,501 INFO  server.RaftServerConfigKeys (ConfUtils.java:logGet(43)) - raft.server.log.segment.cache.num.max = 2 (custom)
2019-06-13 18:26:37,501 INFO  storage.RaftLogWorker (RaftLogWorker.java:<init>(123)) - new c28f7aec-c179-4d06-bd8a-6051b90a5cad-RaftLogWorker for Storage Directory /opt/src/hadoop-ozone/integration-test/target/test-dir/MiniOzoneClusterImpl-e85b742d-9052-4186-88c9-f45ddff6f764/datanode-2/data/ratis/80f0e978-2726-477b-bfc3-de6c7c5436b6
2019-06-13 18:26:37,501 INFO  server.RaftServerConfigKeys (ConfUtils.java:logGet(43)) - raft.server.log.queue.byte-limit = 2147483647 (custom)
2019-06-13 18:26:37,501 INFO  server.RaftServerConfigKeys (ConfUtils.java:logGet(43)) - raft.server.log.queue.element-limit = 1024 (custom)
2019-06-13 18:26:37,501 INFO  server.RaftServerConfigKeys (ConfUtils.java:logGet(43)) - raft.server.log.segment.size.max = 16384 (custom)
2019-06-13 18:26:37,501 INFO  server.RaftServerConfigKeys (ConfUtils.java:logGet(43)) - raft.server.log.preallocated.size = 16384 (custom)
2019-06-13 18:26:37,501 INFO  server.RaftServerConfigKeys (ConfUtils.java:logGet(43)) - raft.server.log.write.buffer.size = 33554432 (custom)
2019-06-13 18:26:37,501 INFO  server.RaftServerConfigKeys (ConfUtils.java:logGet(43)) - raft.server.log.force.sync.num = 128 (default)
2019-06-13 18:26:37,502 INFO  server.RaftServerConfigKeys (ConfUtils.java:logGet(43)) - raft.server.log.statemachine.data.sync = true (default)
2019-06-13 18:26:37,502 INFO  server.RaftServerConfigKeys (ConfUtils.java:logGet(43)) - raft.server.log.statemachine.data.sync.timeout = 10s (default)
2019-06-13 18:26:37,502 INFO  server.RaftServerConfigKeys (ConfUtils.java:logGet(43)) - raft.server.log.statemachine.data.sync.timeout.retry = -1 (default)
2019-06-13 18:26:37,502 INFO  server.RaftServerConfigKeys (ConfUtils.java:logGet(43)) - raft.server.log.statemachine.data.caching.enabled = true (custom)
2019-06-13 18:26:37,502 INFO  server.RaftServerConfigKeys (ConfUtils.java:logGet(43)) - raft.server.snapshot.auto.trigger.enabled = true (custom)
2019-06-13 18:26:37,502 INFO  server.RaftServerConfigKeys (ConfUtils.java:logGet(43)) - raft.server.snapshot.auto.trigger.threshold = 10000 (custom)
2019-06-13 18:26:37,502 INFO  server.RaftServerConfigKeys (ConfUtils.java:logGet(43)) - raft.server.retrycache.expirytime = 600000ms (custom)
2019-06-13 18:26:37,503 INFO  impl.RaftServerImpl (RaftServerImpl.java:start(173)) - c28f7aec-c179-4d06-bd8a-6051b90a5cad: start group-DE6C7C5436B6
2019-06-13 18:26:37,503 INFO  impl.RaftServerImpl (RaftServerImpl.java:setRole(164)) - c28f7aec-c179-4d06-bd8a-6051b90a5cad:group-DE6C7C5436B6 changes role from null to FOLLOWER at term 0 for startAsFollower
2019-06-13 18:26:37,503 INFO  impl.RoleInfo (RoleInfo.java:updateAndGet(143)) - c28f7aec-c179-4d06-bd8a-6051b90a5cad: start FollowerState
2019-06-13 18:26:37,503 INFO  util.JmxRegister (JmxRegister.java:tryRegister(44)) - Successfully registered JMX Bean with object name Ratis:service=RaftServer,group=group-DE6C7C5436B6,id=c28f7aec-c179-4d06-bd8a-6051b90a5cad
2019-06-13 18:26:37,506 INFO  pipeline.PipelineStateManager (PipelineStateManager.java:addPipeline(56)) - Created pipeline Pipeline[ Id: 80f0e978-2726-477b-bfc3-de6c7c5436b6, Nodes: c28f7aec-c179-4d06-bd8a-6051b90a5cad{ip: 192.168.11.194, host: ozone-zf9g4-1167396177, networkLocation: /default-rack, certSerialId: null}, Type:RATIS, Factor:ONE, State:OPEN]
2019-06-13 18:26:37,515 INFO  impl.RaftServerProxy (RaftServerProxy.java:addNew(89)) - c28f7aec-c179-4d06-bd8a-6051b90a5cad: addNew group-D207D91A3FC3:[0666f3d0-b0ba-4adb-9817-a431646379e2:192.168.11.194:34709, c28f7aec-c179-4d06-bd8a-6051b90a5cad:192.168.11.194:46187, feaaab5f-e1c4-487c-ad24-a39240cbf49b:192.168.11.194:33639] returns group-D207D91A3FC3:java.util.concurrent.CompletableFuture@2a87e156[Not completed]
2019-06-13 18:26:37,517 INFO  impl.RaftServerProxy (RaftServerProxy.java:addNew(89)) - feaaab5f-e1c4-487c-ad24-a39240cbf49b: addNew group-D207D91A3FC3:[0666f3d0-b0ba-4adb-9817-a431646379e2:192.168.11.194:34709, c28f7aec-c179-4d06-bd8a-6051b90a5cad:192.168.11.194:46187, feaaab5f-e1c4-487c-ad24-a39240cbf49b:192.168.11.194:33639] returns group-D207D91A3FC3:java.util.concurrent.CompletableFuture@30c081fd[Not completed]
2019-06-13 18:26:37,518 INFO  impl.RaftServerImpl (RaftServerImpl.java:<init>(91)) - c28f7aec-c179-4d06-bd8a-6051b90a5cad: new RaftServerImpl for group-D207D91A3FC3:[0666f3d0-b0ba-4adb-9817-a431646379e2:192.168.11.194:34709, c28f7aec-c179-4d06-bd8a-6051b90a5cad:192.168.11.194:46187, feaaab5f-e1c4-487c-ad24-a39240cbf49b:192.168.11.194:33639] with ContainerStateMachine:uninitialized
2019-06-13 18:26:37,518 INFO  server.RaftServerConfigKeys (ConfUtils.java:logGet(43)) - raft.server.rpc.timeout.min = 1s (custom)
2019-06-13 18:26:37,518 INFO  server.RaftServerConfigKeys (ConfUtils.java:logGet(43)) - raft.server.rpc.timeout.max = 1200ms (custom)
2019-06-13 18:26:37,518 INFO  server.RaftServerConfigKeys (ConfUtils.java:logGet(43)) - raft.server.rpcslowness.timeout = 120s (custom)
2019-06-13 18:26:37,518 INFO  impl.RaftServerImpl (RaftServerImpl.java:<init>(91)) - feaaab5f-e1c4-487c-ad24-a39240cbf49b: new RaftServerImpl for group-D207D91A3FC3:[0666f3d0-b0ba-4adb-9817-a431646379e2:192.168.11.194:34709, c28f7aec-c179-4d06-bd8a-6051b90a5cad:192.168.11.194:46187, feaaab5f-e1c4-487c-ad24-a39240cbf49b:192.168.11.194:33639] with ContainerStateMachine:uninitialized
2019-06-13 18:26:37,519 INFO  server.RaftServerConfigKeys (ConfUtils.java:logGet(43)) - raft.server.rpc.timeout.min = 1s (custom)
2019-06-13 18:26:37,518 INFO  server.RaftServerConfigKeys (ConfUtils.java:logGet(43)) - raft.server.log.appender.install.snapshot.enabled = true (default)
2019-06-13 18:26:37,519 INFO  server.RaftServerConfigKeys (ConfUtils.java:logGet(43)) - raft.server.rpc.timeout.max = 1200ms (custom)
2019-06-13 18:26:37,519 INFO  impl.RaftServerImpl (ServerState.java:<init>(101)) - c28f7aec-c179-4d06-bd8a-6051b90a5cad:group-D207D91A3FC3 ConfigurationManager, init=-1: [0666f3d0-b0ba-4adb-9817-a431646379e2:192.168.11.194:34709, c28f7aec-c179-4d06-bd8a-6051b90a5cad:192.168.11.194:46187, feaaab5f-e1c4-487c-ad24-a39240cbf49b:192.168.11.194:33639], old=null, confs=<EMPTY_MAP>
2019-06-13 18:26:37,519 INFO  server.RaftServerConfigKeys (ConfUtils.java:logGet(43)) - raft.server.rpcslowness.timeout = 120s (custom)
2019-06-13 18:26:37,519 INFO  server.RaftServerConfigKeys (ConfUtils.java:logGet(43)) - raft.server.storage.dir = [/opt/src/hadoop-ozone/integration-test/target/test-dir/MiniOzoneClusterImpl-e85b742d-9052-4186-88c9-f45ddff6f764/datanode-2/data/ratis] (custom)
2019-06-13 18:26:37,519 INFO  server.RaftServerConfigKeys (ConfUtils.java:logGet(43)) - raft.server.log.appender.install.snapshot.enabled = true (default)
2019-06-13 18:26:37,519 INFO  impl.RaftServerImpl (ServerState.java:<init>(101)) - feaaab5f-e1c4-487c-ad24-a39240cbf49b:group-D207D91A3FC3 ConfigurationManager, init=-1: [0666f3d0-b0ba-4adb-9817-a431646379e2:192.168.11.194:34709, c28f7aec-c179-4d06-bd8a-6051b90a5cad:192.168.11.194:46187, feaaab5f-e1c4-487c-ad24-a39240cbf49b:192.168.11.194:33639], old=null, confs=<EMPTY_MAP>
2019-06-13 18:26:37,519 INFO  storage.RaftStorageDirectory (RaftStorageDirectory.java:analyzeStorage(246)) - The storage directory /opt/src/hadoop-ozone/integration-test/target/test-dir/MiniOzoneClusterImpl-e85b742d-9052-4186-88c9-f45ddff6f764/datanode-2/data/ratis/daefc498-586e-40b4-9d7b-d207d91a3fc3 does not exist. Creating ...
2019-06-13 18:26:37,519 INFO  server.RaftServerConfigKeys (ConfUtils.java:logGet(43)) - raft.server.storage.dir = [/opt/src/hadoop-ozone/integration-test/target/test-dir/MiniOzoneClusterImpl-e85b742d-9052-4186-88c9-f45ddff6f764/datanode-0/data/ratis] (custom)
2019-06-13 18:26:37,520 INFO  storage.RaftStorageDirectory (RaftStorageDirectory.java:analyzeStorage(246)) - The storage directory /opt/src/hadoop-ozone/integration-test/target/test-dir/MiniOzoneClusterImpl-e85b742d-9052-4186-88c9-f45ddff6f764/datanode-0/data/ratis/daefc498-586e-40b4-9d7b-d207d91a3fc3 does not exist. Creating ...
2019-06-13 18:26:37,522 INFO  storage.RaftStorageDirectory (RaftStorageDirectory.java:tryLock(328)) - Lock on /opt/src/hadoop-ozone/integration-test/target/test-dir/MiniOzoneClusterImpl-e85b742d-9052-4186-88c9-f45ddff6f764/datanode-0/data/ratis/daefc498-586e-40b4-9d7b-d207d91a3fc3/in_use.lock acquired by nodename 31003@ozone-zf9g4-1167396177
2019-06-13 18:26:37,522 INFO  impl.RaftServerProxy (RaftServerProxy.java:addNew(89)) - 0666f3d0-b0ba-4adb-9817-a431646379e2: addNew group-D207D91A3FC3:[0666f3d0-b0ba-4adb-9817-a431646379e2:192.168.11.194:34709, c28f7aec-c179-4d06-bd8a-6051b90a5cad:192.168.11.194:46187, feaaab5f-e1c4-487c-ad24-a39240cbf49b:192.168.11.194:33639] returns group-D207D91A3FC3:java.util.concurrent.CompletableFuture@3fa1d847[Not completed]
2019-06-13 18:26:37,522 INFO  storage.RaftStorageDirectory (RaftStorageDirectory.java:tryLock(328)) - Lock on /opt/src/hadoop-ozone/integration-test/target/test-dir/MiniOzoneClusterImpl-e85b742d-9052-4186-88c9-f45ddff6f764/datanode-2/data/ratis/daefc498-586e-40b4-9d7b-d207d91a3fc3/in_use.lock acquired by nodename 31003@ozone-zf9g4-1167396177
2019-06-13 18:26:37,523 INFO  impl.RaftServerImpl (RaftServerImpl.java:<init>(91)) - 0666f3d0-b0ba-4adb-9817-a431646379e2: new RaftServerImpl for group-D207D91A3FC3:[0666f3d0-b0ba-4adb-9817-a431646379e2:192.168.11.194:34709, c28f7aec-c179-4d06-bd8a-6051b90a5cad:192.168.11.194:46187, feaaab5f-e1c4-487c-ad24-a39240cbf49b:192.168.11.194:33639] with ContainerStateMachine:uninitialized
2019-06-13 18:26:37,523 INFO  server.RaftServerConfigKeys (ConfUtils.java:logGet(43)) - raft.server.rpc.timeout.min = 1s (custom)
2019-06-13 18:26:37,523 INFO  server.RaftServerConfigKeys (ConfUtils.java:logGet(43)) - raft.server.rpc.timeout.max = 1200ms (custom)
2019-06-13 18:26:37,523 INFO  server.RaftServerConfigKeys (ConfUtils.java:logGet(43)) - raft.server.rpcslowness.timeout = 120s (custom)
2019-06-13 18:26:37,523 INFO  server.RaftServerConfigKeys (ConfUtils.java:logGet(43)) - raft.server.log.appender.install.snapshot.enabled = true (default)
2019-06-13 18:26:37,523 INFO  impl.RaftServerImpl (ServerState.java:<init>(101)) - 0666f3d0-b0ba-4adb-9817-a431646379e2:group-D207D91A3FC3 ConfigurationManager, init=-1: [0666f3d0-b0ba-4adb-9817-a431646379e2:192.168.11.194:34709, c28f7aec-c179-4d06-bd8a-6051b90a5cad:192.168.11.194:46187, feaaab5f-e1c4-487c-ad24-a39240cbf49b:192.168.11.194:33639], old=null, confs=<EMPTY_MAP>
2019-06-13 18:26:37,524 INFO  server.RaftServerConfigKeys (ConfUtils.java:logGet(43)) - raft.server.storage.dir = [/opt/src/hadoop-ozone/integration-test/target/test-dir/MiniOzoneClusterImpl-e85b742d-9052-4186-88c9-f45ddff6f764/datanode-1/data/ratis] (custom)
2019-06-13 18:26:37,524 INFO  storage.RaftStorageDirectory (RaftStorageDirectory.java:analyzeStorage(246)) - The storage directory /opt/src/hadoop-ozone/integration-test/target/test-dir/MiniOzoneClusterImpl-e85b742d-9052-4186-88c9-f45ddff6f764/datanode-1/data/ratis/daefc498-586e-40b4-9d7b-d207d91a3fc3 does not exist. Creating ...
2019-06-13 18:26:37,524 INFO  storage.RaftStorage (RaftStorage.java:format(75)) - Storage directory /opt/src/hadoop-ozone/integration-test/target/test-dir/MiniOzoneClusterImpl-e85b742d-9052-4186-88c9-f45ddff6f764/datanode-0/data/ratis/daefc498-586e-40b4-9d7b-d207d91a3fc3 has been successfully formatted.
2019-06-13 18:26:37,524 INFO  storage.RaftStorage (RaftStorage.java:format(75)) - Storage directory /opt/src/hadoop-ozone/integration-test/target/test-dir/MiniOzoneClusterImpl-e85b742d-9052-4186-88c9-f45ddff6f764/datanode-2/data/ratis/daefc498-586e-40b4-9d7b-d207d91a3fc3 has been successfully formatted.
2019-06-13 18:26:37,524 INFO  ratis.ContainerStateMachine (ContainerStateMachine.java:loadSnapshot(199)) - The snapshot info is null.Setting the last applied index to:(t:0, i:~)
2019-06-13 18:26:37,524 INFO  server.RaftServerConfigKeys (ConfUtils.java:logGet(43)) - raft.server.leader.election.timeout = 120s (custom)
2019-06-13 18:26:37,525 INFO  server.RaftServerConfigKeys (ConfUtils.java:logGet(43)) - raft.server.log.use.memory = false (default)
2019-06-13 18:26:37,525 INFO  server.RaftServerConfigKeys (ConfUtils.java:logGet(43)) - raft.server.log.appender.buffer.byte-limit = 33554432 (custom)
2019-06-13 18:26:37,525 INFO  server.RaftServerConfigKeys (ConfUtils.java:logGet(43)) - raft.server.log.segment.size.max = 16384 (custom)
2019-06-13 18:26:37,525 INFO  server.RaftServerConfigKeys (ConfUtils.java:logGet(43)) - raft.server.log.segment.cache.num.max = 2 (custom)
2019-06-13 18:26:37,525 INFO  storage.RaftLogWorker (RaftLogWorker.java:<init>(123)) - new c28f7aec-c179-4d06-bd8a-6051b90a5cad-RaftLogWorker for Storage Directory /opt/src/hadoop-ozone/integration-test/target/test-dir/MiniOzoneClusterImpl-e85b742d-9052-4186-88c9-f45ddff6f764/datanode-2/data/ratis/daefc498-586e-40b4-9d7b-d207d91a3fc3
2019-06-13 18:26:37,525 INFO  server.RaftServerConfigKeys (ConfUtils.java:logGet(43)) - raft.server.log.queue.byte-limit = 2147483647 (custom)
2019-06-13 18:26:37,525 INFO  server.RaftServerConfigKeys (ConfUtils.java:logGet(43)) - raft.server.log.queue.element-limit = 1024 (custom)
2019-06-13 18:26:37,525 INFO  server.RaftServerConfigKeys (ConfUtils.java:logGet(43)) - raft.server.log.segment.size.max = 16384 (custom)
2019-06-13 18:26:37,525 INFO  server.RaftServerConfigKeys (ConfUtils.java:logGet(43)) - raft.server.log.preallocated.size = 16384 (custom)
2019-06-13 18:26:37,525 INFO  server.RaftServerConfigKeys (ConfUtils.java:logGet(43)) - raft.server.log.write.buffer.size = 33554432 (custom)
2019-06-13 18:26:37,526 INFO  server.RaftServerConfigKeys (ConfUtils.java:logGet(43)) - raft.server.log.force.sync.num = 128 (default)
2019-06-13 18:26:37,526 INFO  server.RaftServerConfigKeys (ConfUtils.java:logGet(43)) - raft.server.log.statemachine.data.sync = true (default)
2019-06-13 18:26:37,526 INFO  server.RaftServerConfigKeys (ConfUtils.java:logGet(43)) - raft.server.log.statemachine.data.sync.timeout = 10s (default)
2019-06-13 18:26:37,526 INFO  server.RaftServerConfigKeys (ConfUtils.java:logGet(43)) - raft.server.log.statemachine.data.sync.timeout.retry = -1 (default)
2019-06-13 18:26:37,526 INFO  server.RaftServerConfigKeys (ConfUtils.java:logGet(43)) - raft.server.log.statemachine.data.caching.enabled = true (custom)
2019-06-13 18:26:37,524 INFO  ratis.ContainerStateMachine (ContainerStateMachine.java:loadSnapshot(199)) - The snapshot info is null.Setting the last applied index to:(t:0, i:~)
2019-06-13 18:26:37,526 INFO  server.RaftServerConfigKeys (ConfUtils.java:logGet(43)) - raft.server.snapshot.auto.trigger.enabled = true (custom)
2019-06-13 18:26:37,526 INFO  server.RaftServerConfigKeys (ConfUtils.java:logGet(43)) - raft.server.snapshot.auto.trigger.threshold = 10000 (custom)
2019-06-13 18:26:37,527 INFO  server.RaftServerConfigKeys (ConfUtils.java:logGet(43)) - raft.server.retrycache.expirytime = 600000ms (custom)
2019-06-13 18:26:37,527 INFO  impl.RaftServerImpl (RaftServerImpl.java:start(173)) - c28f7aec-c179-4d06-bd8a-6051b90a5cad: start group-D207D91A3FC3
2019-06-13 18:26:37,527 INFO  impl.RaftServerImpl (RaftServerImpl.java:setRole(164)) - c28f7aec-c179-4d06-bd8a-6051b90a5cad:group-D207D91A3FC3 changes role from null to FOLLOWER at term 0 for startAsFollower
2019-06-13 18:26:37,527 INFO  impl.RoleInfo (RoleInfo.java:updateAndGet(143)) - c28f7aec-c179-4d06-bd8a-6051b90a5cad: start FollowerState
2019-06-13 18:26:37,526 INFO  storage.RaftStorageDirectory (RaftStorageDirectory.java:tryLock(328)) - Lock on /opt/src/hadoop-ozone/integration-test/target/test-dir/MiniOzoneClusterImpl-e85b742d-9052-4186-88c9-f45ddff6f764/datanode-1/data/ratis/daefc498-586e-40b4-9d7b-d207d91a3fc3/in_use.lock acquired by nodename 31003@ozone-zf9g4-1167396177
2019-06-13 18:26:37,526 INFO  server.RaftServerConfigKeys (ConfUtils.java:logGet(43)) - raft.server.leader.election.timeout = 120s (custom)
2019-06-13 18:26:37,527 INFO  server.RaftServerConfigKeys (ConfUtils.java:logGet(43)) - raft.server.log.use.memory = false (default)
2019-06-13 18:26:37,527 INFO  server.RaftServerConfigKeys (ConfUtils.java:logGet(43)) - raft.server.log.appender.buffer.byte-limit = 33554432 (custom)
2019-06-13 18:26:37,527 INFO  server.RaftServerConfigKeys (ConfUtils.java:logGet(43)) - raft.server.log.segment.size.max = 16384 (custom)
2019-06-13 18:26:37,533 INFO  storage.RaftStorage (RaftStorage.java:format(75)) - Storage directory /opt/src/hadoop-ozone/integration-test/target/test-dir/MiniOzoneClusterImpl-e85b742d-9052-4186-88c9-f45ddff6f764/datanode-1/data/ratis/daefc498-586e-40b4-9d7b-d207d91a3fc3 has been successfully formatted.
2019-06-13 18:26:37,534 INFO  ratis.ContainerStateMachine (ContainerStateMachine.java:loadSnapshot(199)) - The snapshot info is null.Setting the last applied index to:(t:0, i:~)
2019-06-13 18:26:37,534 INFO  server.RaftServerConfigKeys (ConfUtils.java:logGet(43)) - raft.server.leader.election.timeout = 120s (custom)
2019-06-13 18:26:37,534 INFO  server.RaftServerConfigKeys (ConfUtils.java:logGet(43)) - raft.server.log.use.memory = false (default)
2019-06-13 18:26:37,534 INFO  server.RaftServerConfigKeys (ConfUtils.java:logGet(43)) - raft.server.log.appender.buffer.byte-limit = 33554432 (custom)
2019-06-13 18:26:37,534 INFO  server.RaftServerConfigKeys (ConfUtils.java:logGet(43)) - raft.server.log.segment.size.max = 16384 (custom)
2019-06-13 18:26:37,534 INFO  server.RaftServerConfigKeys (ConfUtils.java:logGet(43)) - raft.server.log.segment.cache.num.max = 2 (custom)
2019-06-13 18:26:37,534 INFO  storage.RaftLogWorker (RaftLogWorker.java:<init>(123)) - new 0666f3d0-b0ba-4adb-9817-a431646379e2-RaftLogWorker for Storage Directory /opt/src/hadoop-ozone/integration-test/target/test-dir/MiniOzoneClusterImpl-e85b742d-9052-4186-88c9-f45ddff6f764/datanode-1/data/ratis/daefc498-586e-40b4-9d7b-d207d91a3fc3
2019-06-13 18:26:37,535 INFO  server.RaftServerConfigKeys (ConfUtils.java:logGet(43)) - raft.server.log.queue.byte-limit = 2147483647 (custom)
2019-06-13 18:26:37,535 INFO  server.RaftServerConfigKeys (ConfUtils.java:logGet(43)) - raft.server.log.queue.element-limit = 1024 (custom)
2019-06-13 18:26:37,535 INFO  server.RaftServerConfigKeys (ConfUtils.java:logGet(43)) - raft.server.log.segment.size.max = 16384 (custom)
2019-06-13 18:26:37,535 INFO  server.RaftServerConfigKeys (ConfUtils.java:logGet(43)) - raft.server.log.preallocated.size = 16384 (custom)
2019-06-13 18:26:37,535 INFO  server.RaftServerConfigKeys (ConfUtils.java:logGet(43)) - raft.server.log.write.buffer.size = 33554432 (custom)
2019-06-13 18:26:37,535 INFO  server.RaftServerConfigKeys (ConfUtils.java:logGet(43)) - raft.server.log.force.sync.num = 128 (default)
2019-06-13 18:26:37,535 INFO  server.RaftServerConfigKeys (ConfUtils.java:logGet(43)) - raft.server.log.statemachine.data.sync = true (default)
2019-06-13 18:26:37,535 INFO  server.RaftServerConfigKeys (ConfUtils.java:logGet(43)) - raft.server.log.statemachine.data.sync.timeout = 10s (default)
2019-06-13 18:26:37,535 INFO  server.RaftServerConfigKeys (ConfUtils.java:logGet(43)) - raft.server.log.statemachine.data.sync.timeout.retry = -1 (default)
2019-06-13 18:26:37,535 INFO  server.RaftServerConfigKeys (ConfUtils.java:logGet(43)) - raft.server.log.statemachine.data.caching.enabled = true (custom)
2019-06-13 18:26:37,533 INFO  util.JmxRegister (JmxRegister.java:tryRegister(44)) - Successfully registered JMX Bean with object name Ratis:service=RaftServer,group=group-D207D91A3FC3,id=c28f7aec-c179-4d06-bd8a-6051b90a5cad
2019-06-13 18:26:37,534 INFO  server.RaftServerConfigKeys (ConfUtils.java:logGet(43)) - raft.server.log.segment.cache.num.max = 2 (custom)
2019-06-13 18:26:37,536 INFO  storage.RaftLogWorker (RaftLogWorker.java:<init>(123)) - new feaaab5f-e1c4-487c-ad24-a39240cbf49b-RaftLogWorker for Storage Directory /opt/src/hadoop-ozone/integration-test/target/test-dir/MiniOzoneClusterImpl-e85b742d-9052-4186-88c9-f45ddff6f764/datanode-0/data/ratis/daefc498-586e-40b4-9d7b-d207d91a3fc3
2019-06-13 18:26:37,536 INFO  server.RaftServerConfigKeys (ConfUtils.java:logGet(43)) - raft.server.log.queue.byte-limit = 2147483647 (custom)
2019-06-13 18:26:37,536 INFO  server.RaftServerConfigKeys (ConfUtils.java:logGet(43)) - raft.server.log.queue.element-limit = 1024 (custom)
2019-06-13 18:26:37,536 INFO  server.RaftServerConfigKeys (ConfUtils.java:logGet(43)) - raft.server.log.segment.size.max = 16384 (custom)
2019-06-13 18:26:37,537 INFO  server.RaftServerConfigKeys (ConfUtils.java:logGet(43)) - raft.server.log.preallocated.size = 16384 (custom)
2019-06-13 18:26:37,537 INFO  server.RaftServerConfigKeys (ConfUtils.java:logGet(43)) - raft.server.log.write.buffer.size = 33554432 (custom)
2019-06-13 18:26:37,537 INFO  server.RaftServerConfigKeys (ConfUtils.java:logGet(43)) - raft.server.snapshot.auto.trigger.enabled = true (custom)
2019-06-13 18:26:37,537 INFO  server.RaftServerConfigKeys (ConfUtils.java:logGet(43)) - raft.server.log.force.sync.num = 128 (default)
2019-06-13 18:26:37,537 INFO  server.RaftServerConfigKeys (ConfUtils.java:logGet(43)) - raft.server.snapshot.auto.trigger.threshold = 10000 (custom)
2019-06-13 18:26:37,537 INFO  server.RaftServerConfigKeys (ConfUtils.java:logGet(43)) - raft.server.retrycache.expirytime = 600000ms (custom)
2019-06-13 18:26:37,537 INFO  impl.RaftServerImpl (RaftServerImpl.java:start(173)) - 0666f3d0-b0ba-4adb-9817-a431646379e2: start group-D207D91A3FC3
2019-06-13 18:26:37,537 INFO  impl.RaftServerImpl (RaftServerImpl.java:setRole(164)) - 0666f3d0-b0ba-4adb-9817-a431646379e2:group-D207D91A3FC3 changes role from null to FOLLOWER at term 0 for startAsFollower
2019-06-13 18:26:37,537 INFO  server.RaftServerConfigKeys (ConfUtils.java:logGet(43)) - raft.server.log.statemachine.data.sync = true (default)
2019-06-13 18:26:37,538 INFO  server.RaftServerConfigKeys (ConfUtils.java:logGet(43)) - raft.server.log.statemachine.data.sync.timeout = 10s (default)
2019-06-13 18:26:37,538 INFO  server.RaftServerConfigKeys (ConfUtils.java:logGet(43)) - raft.server.log.statemachine.data.sync.timeout.retry = -1 (default)
2019-06-13 18:26:37,538 INFO  server.RaftServerConfigKeys (ConfUtils.java:logGet(43)) - raft.server.log.statemachine.data.caching.enabled = true (custom)
2019-06-13 18:26:37,538 INFO  impl.RoleInfo (RoleInfo.java:updateAndGet(143)) - 0666f3d0-b0ba-4adb-9817-a431646379e2: start FollowerState
2019-06-13 18:26:37,538 INFO  server.RaftServerConfigKeys (ConfUtils.java:logGet(43)) - raft.server.snapshot.auto.trigger.enabled = true (custom)
2019-06-13 18:26:37,538 INFO  server.RaftServerConfigKeys (ConfUtils.java:logGet(43)) - raft.server.snapshot.auto.trigger.threshold = 10000 (custom)
2019-06-13 18:26:37,543 INFO  util.JmxRegister (JmxRegister.java:tryRegister(44)) - Successfully registered JMX Bean with object name Ratis:service=RaftServer,group=group-D207D91A3FC3,id=0666f3d0-b0ba-4adb-9817-a431646379e2
2019-06-13 18:26:37,551 INFO  server.RaftServerConfigKeys (ConfUtils.java:logGet(43)) - raft.server.retrycache.expirytime = 600000ms (custom)
2019-06-13 18:26:37,552 INFO  impl.RaftServerImpl (RaftServerImpl.java:start(173)) - feaaab5f-e1c4-487c-ad24-a39240cbf49b: start group-D207D91A3FC3
2019-06-13 18:26:37,552 INFO  impl.RaftServerImpl (RaftServerImpl.java:setRole(164)) - feaaab5f-e1c4-487c-ad24-a39240cbf49b:group-D207D91A3FC3 changes role from null to FOLLOWER at term 0 for startAsFollower
2019-06-13 18:26:37,552 INFO  impl.RoleInfo (RoleInfo.java:updateAndGet(143)) - feaaab5f-e1c4-487c-ad24-a39240cbf49b: start FollowerState
2019-06-13 18:26:37,552 INFO  util.JmxRegister (JmxRegister.java:tryRegister(44)) - Successfully registered JMX Bean with object name Ratis:service=RaftServer,group=group-D207D91A3FC3,id=feaaab5f-e1c4-487c-ad24-a39240cbf49b
2019-06-13 18:26:37,556 INFO  pipeline.PipelineStateManager (PipelineStateManager.java:addPipeline(56)) - Created pipeline Pipeline[ Id: daefc498-586e-40b4-9d7b-d207d91a3fc3, Nodes: 0666f3d0-b0ba-4adb-9817-a431646379e2{ip: 192.168.11.194, host: ozone-zf9g4-1167396177, networkLocation: /default-rack, certSerialId: null}c28f7aec-c179-4d06-bd8a-6051b90a5cad{ip: 192.168.11.194, host: ozone-zf9g4-1167396177, networkLocation: /default-rack, certSerialId: null}feaaab5f-e1c4-487c-ad24-a39240cbf49b{ip: 192.168.11.194, host: ozone-zf9g4-1167396177, networkLocation: /default-rack, certSerialId: null}, Type:RATIS, Factor:THREE, State:OPEN]
2019-06-13 18:26:37,652 INFO  node.SCMNodeManager (SCMNodeManager.java:register(234)) - Registered Data node : b0549d51-f97f-405f-9cfd-170fb77cd442{ip: 192.168.11.194, host: ozone-zf9g4-1167396177, networkLocation: /default-rack, certSerialId: null}
2019-06-13 18:26:37,664 INFO  impl.RaftServerProxy (RaftServerProxy.java:addNew(89)) - b0549d51-f97f-405f-9cfd-170fb77cd442: addNew group-3CF88FC0A5FC:[b0549d51-f97f-405f-9cfd-170fb77cd442:192.168.11.194:43219] returns group-3CF88FC0A5FC:java.util.concurrent.CompletableFuture@34404cd[Not completed]
2019-06-13 18:26:37,664 INFO  impl.RaftServerImpl (RaftServerImpl.java:<init>(91)) - b0549d51-f97f-405f-9cfd-170fb77cd442: new RaftServerImpl for group-3CF88FC0A5FC:[b0549d51-f97f-405f-9cfd-170fb77cd442:192.168.11.194:43219] with ContainerStateMachine:uninitialized
2019-06-13 18:26:37,666 INFO  server.RaftServerConfigKeys (ConfUtils.java:logGet(43)) - raft.server.rpc.timeout.min = 1s (custom)
2019-06-13 18:26:37,667 INFO  server.RaftServerConfigKeys (ConfUtils.java:logGet(43)) - raft.server.rpc.timeout.max = 1200ms (custom)
2019-06-13 18:26:37,667 INFO  server.RaftServerConfigKeys (ConfUtils.java:logGet(43)) - raft.server.rpcslowness.timeout = 120s (custom)
2019-06-13 18:26:37,667 INFO  server.RaftServerConfigKeys (ConfUtils.java:logGet(43)) - raft.server.log.appender.install.snapshot.enabled = true (default)
2019-06-13 18:26:37,667 INFO  impl.RaftServerImpl (ServerState.java:<init>(101)) - b0549d51-f97f-405f-9cfd-170fb77cd442:group-3CF88FC0A5FC ConfigurationManager, init=-1: [b0549d51-f97f-405f-9cfd-170fb77cd442:192.168.11.194:43219], old=null, confs=<EMPTY_MAP>
2019-06-13 18:26:37,667 INFO  server.RaftServerConfigKeys (ConfUtils.java:logGet(43)) - raft.server.storage.dir = [/opt/src/hadoop-ozone/integration-test/target/test-dir/MiniOzoneClusterImpl-e85b742d-9052-4186-88c9-f45ddff6f764/datanode-3/data/ratis] (custom)
2019-06-13 18:26:37,667 INFO  storage.RaftStorageDirectory (RaftStorageDirectory.java:analyzeStorage(246)) - The storage directory /opt/src/hadoop-ozone/integration-test/target/test-dir/MiniOzoneClusterImpl-e85b742d-9052-4186-88c9-f45ddff6f764/datanode-3/data/ratis/689852f1-24eb-4467-8b6d-3cf88fc0a5fc does not exist. Creating ...
2019-06-13 18:26:37,669 INFO  storage.RaftStorageDirectory (RaftStorageDirectory.java:tryLock(328)) - Lock on /opt/src/hadoop-ozone/integration-test/target/test-dir/MiniOzoneClusterImpl-e85b742d-9052-4186-88c9-f45ddff6f764/datanode-3/data/ratis/689852f1-24eb-4467-8b6d-3cf88fc0a5fc/in_use.lock acquired by nodename 31003@ozone-zf9g4-1167396177
2019-06-13 18:26:37,671 INFO  storage.RaftStorage (RaftStorage.java:format(75)) - Storage directory /opt/src/hadoop-ozone/integration-test/target/test-dir/MiniOzoneClusterImpl-e85b742d-9052-4186-88c9-f45ddff6f764/datanode-3/data/ratis/689852f1-24eb-4467-8b6d-3cf88fc0a5fc has been successfully formatted.
2019-06-13 18:26:37,671 INFO  ratis.ContainerStateMachine (ContainerStateMachine.java:loadSnapshot(199)) - The snapshot info is null.Setting the last applied index to:(t:0, i:~)
2019-06-13 18:26:37,671 INFO  server.RaftServerConfigKeys (ConfUtils.java:logGet(43)) - raft.server.leader.election.timeout = 120s (custom)
2019-06-13 18:26:37,671 INFO  server.RaftServerConfigKeys (ConfUtils.java:logGet(43)) - raft.server.log.use.memory = false (default)
2019-06-13 18:26:37,672 INFO  server.RaftServerConfigKeys (ConfUtils.java:logGet(43)) - raft.server.log.appender.buffer.byte-limit = 33554432 (custom)
2019-06-13 18:26:37,672 INFO  server.RaftServerConfigKeys (ConfUtils.java:logGet(43)) - raft.server.log.segment.size.max = 16384 (custom)
2019-06-13 18:26:37,672 INFO  server.RaftServerConfigKeys (ConfUtils.java:logGet(43)) - raft.server.log.segment.cache.num.max = 2 (custom)
2019-06-13 18:26:37,672 INFO  storage.RaftLogWorker (RaftLogWorker.java:<init>(123)) - new b0549d51-f97f-405f-9cfd-170fb77cd442-RaftLogWorker for Storage Directory /opt/src/hadoop-ozone/integration-test/target/test-dir/MiniOzoneClusterImpl-e85b742d-9052-4186-88c9-f45ddff6f764/datanode-3/data/ratis/689852f1-24eb-4467-8b6d-3cf88fc0a5fc
2019-06-13 18:26:37,672 INFO  server.RaftServerConfigKeys (ConfUtils.java:logGet(43)) - raft.server.log.queue.byte-limit = 2147483647 (custom)
2019-06-13 18:26:37,672 INFO  server.RaftServerConfigKeys (ConfUtils.java:logGet(43)) - raft.server.log.queue.element-limit = 1024 (custom)
2019-06-13 18:26:37,672 INFO  server.RaftServerConfigKeys (ConfUtils.java:logGet(43)) - raft.server.log.segment.size.max = 16384 (custom)
2019-06-13 18:26:37,672 INFO  server.RaftServerConfigKeys (ConfUtils.java:logGet(43)) - raft.server.log.preallocated.size = 16384 (custom)
2019-06-13 18:26:37,672 INFO  server.RaftServerConfigKeys (ConfUtils.java:logGet(43)) - raft.server.log.write.buffer.size = 33554432 (custom)
2019-06-13 18:26:37,672 INFO  server.RaftServerConfigKeys (ConfUtils.java:logGet(43)) - raft.server.log.force.sync.num = 128 (default)
2019-06-13 18:26:37,672 INFO  server.RaftServerConfigKeys (ConfUtils.java:logGet(43)) - raft.server.log.statemachine.data.sync = true (default)
2019-06-13 18:26:37,672 INFO  server.RaftServerConfigKeys (ConfUtils.java:logGet(43)) - raft.server.log.statemachine.data.sync.timeout = 10s (default)
2019-06-13 18:26:37,672 INFO  server.RaftServerConfigKeys (ConfUtils.java:logGet(43)) - raft.server.log.statemachine.data.sync.timeout.retry = -1 (default)
2019-06-13 18:26:37,672 INFO  server.RaftServerConfigKeys (ConfUtils.java:logGet(43)) - raft.server.log.statemachine.data.caching.enabled = true (custom)
2019-06-13 18:26:37,673 INFO  server.RaftServerConfigKeys (ConfUtils.java:logGet(43)) - raft.server.snapshot.auto.trigger.enabled = true (custom)
2019-06-13 18:26:37,673 INFO  server.RaftServerConfigKeys (ConfUtils.java:logGet(43)) - raft.server.snapshot.auto.trigger.threshold = 10000 (custom)
2019-06-13 18:26:37,673 INFO  server.RaftServerConfigKeys (ConfUtils.java:logGet(43)) - raft.server.retrycache.expirytime = 600000ms (custom)
2019-06-13 18:26:37,673 INFO  impl.RaftServerImpl (RaftServerImpl.java:start(173)) - b0549d51-f97f-405f-9cfd-170fb77cd442: start group-3CF88FC0A5FC
2019-06-13 18:26:37,673 INFO  impl.RaftServerImpl (RaftServerImpl.java:setRole(164)) - b0549d51-f97f-405f-9cfd-170fb77cd442:group-3CF88FC0A5FC changes role from null to FOLLOWER at term 0 for startAsFollower
2019-06-13 18:26:37,673 INFO  impl.RoleInfo (RoleInfo.java:updateAndGet(143)) - b0549d51-f97f-405f-9cfd-170fb77cd442: start FollowerState
2019-06-13 18:26:37,673 INFO  util.JmxRegister (JmxRegister.java:tryRegister(44)) - Successfully registered JMX Bean with object name Ratis:service=RaftServer,group=group-3CF88FC0A5FC,id=b0549d51-f97f-405f-9cfd-170fb77cd442
2019-06-13 18:26:37,676 INFO  pipeline.PipelineStateManager (PipelineStateManager.java:addPipeline(56)) - Created pipeline Pipeline[ Id: 689852f1-24eb-4467-8b6d-3cf88fc0a5fc, Nodes: b0549d51-f97f-405f-9cfd-170fb77cd442{ip: 192.168.11.194, host: ozone-zf9g4-1167396177, networkLocation: /default-rack, certSerialId: null}, Type:RATIS, Factor:ONE, State:OPEN]
2019-06-13 18:26:37,799 INFO  node.SCMNodeManager (SCMNodeManager.java:register(234)) - Registered Data node : 3e4c7977-0f01-405e-a7f2-28f198598a56{ip: 192.168.11.194, host: ozone-zf9g4-1167396177, networkLocation: /default-rack, certSerialId: null}
2019-06-13 18:26:37,810 INFO  impl.RaftServerProxy (RaftServerProxy.java:addNew(89)) - 3e4c7977-0f01-405e-a7f2-28f198598a56: addNew group-0D508F7C6697:[3e4c7977-0f01-405e-a7f2-28f198598a56:192.168.11.194:43177] returns group-0D508F7C6697:java.util.concurrent.CompletableFuture@611f8e3a[Not completed]
2019-06-13 18:26:37,811 INFO  impl.RaftServerImpl (RaftServerImpl.java:<init>(91)) - 3e4c7977-0f01-405e-a7f2-28f198598a56: new RaftServerImpl for group-0D508F7C6697:[3e4c7977-0f01-405e-a7f2-28f198598a56:192.168.11.194:43177] with ContainerStateMachine:uninitialized
2019-06-13 18:26:37,811 INFO  server.RaftServerConfigKeys (ConfUtils.java:logGet(43)) - raft.server.rpc.timeout.min = 1s (custom)
2019-06-13 18:26:37,811 INFO  server.RaftServerConfigKeys (ConfUtils.java:logGet(43)) - raft.server.rpc.timeout.max = 1200ms (custom)
2019-06-13 18:26:37,811 INFO  server.RaftServerConfigKeys (ConfUtils.java:logGet(43)) - raft.server.rpcslowness.timeout = 120s (custom)
2019-06-13 18:26:37,811 INFO  server.RaftServerConfigKeys (ConfUtils.java:logGet(43)) - raft.server.log.appender.install.snapshot.enabled = true (default)
2019-06-13 18:26:37,811 INFO  impl.RaftServerImpl (ServerState.java:<init>(101)) - 3e4c7977-0f01-405e-a7f2-28f198598a56:group-0D508F7C6697 ConfigurationManager, init=-1: [3e4c7977-0f01-405e-a7f2-28f198598a56:192.168.11.194:43177], old=null, confs=<EMPTY_MAP>
2019-06-13 18:26:37,811 INFO  server.RaftServerConfigKeys (ConfUtils.java:logGet(43)) - raft.server.storage.dir = [/opt/src/hadoop-ozone/integration-test/target/test-dir/MiniOzoneClusterImpl-e85b742d-9052-4186-88c9-f45ddff6f764/datanode-4/data/ratis] (custom)
2019-06-13 18:26:37,812 INFO  storage.RaftStorageDirectory (RaftStorageDirectory.java:analyzeStorage(246)) - The storage directory /opt/src/hadoop-ozone/integration-test/target/test-dir/MiniOzoneClusterImpl-e85b742d-9052-4186-88c9-f45ddff6f764/datanode-4/data/ratis/7e03e120-8258-44b6-830d-0d508f7c6697 does not exist. Creating ...
2019-06-13 18:26:37,814 INFO  storage.RaftStorageDirectory (RaftStorageDirectory.java:tryLock(328)) - Lock on /opt/src/hadoop-ozone/integration-test/target/test-dir/MiniOzoneClusterImpl-e85b742d-9052-4186-88c9-f45ddff6f764/datanode-4/data/ratis/7e03e120-8258-44b6-830d-0d508f7c6697/in_use.lock acquired by nodename 31003@ozone-zf9g4-1167396177
2019-06-13 18:26:37,815 INFO  storage.RaftStorage (RaftStorage.java:format(75)) - Storage directory /opt/src/hadoop-ozone/integration-test/target/test-dir/MiniOzoneClusterImpl-e85b742d-9052-4186-88c9-f45ddff6f764/datanode-4/data/ratis/7e03e120-8258-44b6-830d-0d508f7c6697 has been successfully formatted.
2019-06-13 18:26:37,816 INFO  ratis.ContainerStateMachine (ContainerStateMachine.java:loadSnapshot(199)) - The snapshot info is null.Setting the last applied index to:(t:0, i:~)
2019-06-13 18:26:37,816 INFO  server.RaftServerConfigKeys (ConfUtils.java:logGet(43)) - raft.server.leader.election.timeout = 120s (custom)
2019-06-13 18:26:37,816 INFO  server.RaftServerConfigKeys (ConfUtils.java:logGet(43)) - raft.server.log.use.memory = false (default)
2019-06-13 18:26:37,816 INFO  server.RaftServerConfigKeys (ConfUtils.java:logGet(43)) - raft.server.log.appender.buffer.byte-limit = 33554432 (custom)
2019-06-13 18:26:37,816 INFO  server.RaftServerConfigKeys (ConfUtils.java:logGet(43)) - raft.server.log.segment.size.max = 16384 (custom)
2019-06-13 18:26:37,816 INFO  server.RaftServerConfigKeys (ConfUtils.java:logGet(43)) - raft.server.log.segment.cache.num.max = 2 (custom)
2019-06-13 18:26:37,816 INFO  storage.RaftLogWorker (RaftLogWorker.java:<init>(123)) - new 3e4c7977-0f01-405e-a7f2-28f198598a56-RaftLogWorker for Storage Directory /opt/src/hadoop-ozone/integration-test/target/test-dir/MiniOzoneClusterImpl-e85b742d-9052-4186-88c9-f45ddff6f764/datanode-4/data/ratis/7e03e120-8258-44b6-830d-0d508f7c6697
2019-06-13 18:26:37,816 INFO  server.RaftServerConfigKeys (ConfUtils.java:logGet(43)) - raft.server.log.queue.byte-limit = 2147483647 (custom)
2019-06-13 18:26:37,816 INFO  server.RaftServerConfigKeys (ConfUtils.java:logGet(43)) - raft.server.log.queue.element-limit = 1024 (custom)
2019-06-13 18:26:37,816 INFO  server.RaftServerConfigKeys (ConfUtils.java:logGet(43)) - raft.server.log.segment.size.max = 16384 (custom)
2019-06-13 18:26:37,816 INFO  server.RaftServerConfigKeys (ConfUtils.java:logGet(43)) - raft.server.log.preallocated.size = 16384 (custom)
2019-06-13 18:26:37,817 INFO  server.RaftServerConfigKeys (ConfUtils.java:logGet(43)) - raft.server.log.write.buffer.size = 33554432 (custom)
2019-06-13 18:26:37,817 INFO  server.RaftServerConfigKeys (ConfUtils.java:logGet(43)) - raft.server.log.force.sync.num = 128 (default)
2019-06-13 18:26:37,817 INFO  server.RaftServerConfigKeys (ConfUtils.java:logGet(43)) - raft.server.log.statemachine.data.sync = true (default)
2019-06-13 18:26:37,817 INFO  server.RaftServerConfigKeys (ConfUtils.java:logGet(43)) - raft.server.log.statemachine.data.sync.timeout = 10s (default)
2019-06-13 18:26:37,817 INFO  server.RaftServerConfigKeys (ConfUtils.java:logGet(43)) - raft.server.log.statemachine.data.sync.timeout.retry = -1 (default)
2019-06-13 18:26:37,817 INFO  server.RaftServerConfigKeys (ConfUtils.java:logGet(43)) - raft.server.log.statemachine.data.caching.enabled = true (custom)
2019-06-13 18:26:37,817 INFO  server.RaftServerConfigKeys (ConfUtils.java:logGet(43)) - raft.server.snapshot.auto.trigger.enabled = true (custom)
2019-06-13 18:26:37,817 INFO  server.RaftServerConfigKeys (ConfUtils.java:logGet(43)) - raft.server.snapshot.auto.trigger.threshold = 10000 (custom)
2019-06-13 18:26:37,817 INFO  server.RaftServerConfigKeys (ConfUtils.java:logGet(43)) - raft.server.retrycache.expirytime = 600000ms (custom)
2019-06-13 18:26:37,817 INFO  impl.RaftServerImpl (RaftServerImpl.java:start(173)) - 3e4c7977-0f01-405e-a7f2-28f198598a56: start group-0D508F7C6697
2019-06-13 18:26:37,818 INFO  impl.RaftServerImpl (RaftServerImpl.java:setRole(164)) - 3e4c7977-0f01-405e-a7f2-28f198598a56:group-0D508F7C6697 changes role from null to FOLLOWER at term 0 for startAsFollower
2019-06-13 18:26:37,818 INFO  impl.RoleInfo (RoleInfo.java:updateAndGet(143)) - 3e4c7977-0f01-405e-a7f2-28f198598a56: start FollowerState
2019-06-13 18:26:37,818 INFO  util.JmxRegister (JmxRegister.java:tryRegister(44)) - Successfully registered JMX Bean with object name Ratis:service=RaftServer,group=group-0D508F7C6697,id=3e4c7977-0f01-405e-a7f2-28f198598a56
2019-06-13 18:26:37,821 INFO  pipeline.PipelineStateManager (PipelineStateManager.java:addPipeline(56)) - Created pipeline Pipeline[ Id: 7e03e120-8258-44b6-830d-0d508f7c6697, Nodes: 3e4c7977-0f01-405e-a7f2-28f198598a56{ip: 192.168.11.194, host: ozone-zf9g4-1167396177, networkLocation: /default-rack, certSerialId: null}, Type:RATIS, Factor:ONE, State:OPEN]
2019-06-13 18:26:37,940 INFO  node.SCMNodeManager (SCMNodeManager.java:register(234)) - Registered Data node : 2fe4bf7f-6b63-49ad-a796-645eca3f0cbf{ip: 192.168.11.194, host: ozone-zf9g4-1167396177, networkLocation: /default-rack, certSerialId: null}
2019-06-13 18:26:37,945 INFO  impl.RaftServerProxy (RaftServerProxy.java:addNew(89)) - 2fe4bf7f-6b63-49ad-a796-645eca3f0cbf: addNew group-49A441EBB443:[2fe4bf7f-6b63-49ad-a796-645eca3f0cbf:192.168.11.194:34839] returns group-49A441EBB443:java.util.concurrent.CompletableFuture@11c14acc[Not completed]
2019-06-13 18:26:37,946 INFO  impl.RaftServerImpl (RaftServerImpl.java:<init>(91)) - 2fe4bf7f-6b63-49ad-a796-645eca3f0cbf: new RaftServerImpl for group-49A441EBB443:[2fe4bf7f-6b63-49ad-a796-645eca3f0cbf:192.168.11.194:34839] with ContainerStateMachine:uninitialized
2019-06-13 18:26:37,946 INFO  server.RaftServerConfigKeys (ConfUtils.java:logGet(43)) - raft.server.rpc.timeout.min = 1s (custom)
2019-06-13 18:26:37,946 INFO  server.RaftServerConfigKeys (ConfUtils.java:logGet(43)) - raft.server.rpc.timeout.max = 1200ms (custom)
2019-06-13 18:26:37,946 INFO  server.RaftServerConfigKeys (ConfUtils.java:logGet(43)) - raft.server.rpcslowness.timeout = 120s (custom)
2019-06-13 18:26:37,946 INFO  server.RaftServerConfigKeys (ConfUtils.java:logGet(43)) - raft.server.log.appender.install.snapshot.enabled = true (default)
2019-06-13 18:26:37,946 INFO  impl.RaftServerImpl (ServerState.java:<init>(101)) - 2fe4bf7f-6b63-49ad-a796-645eca3f0cbf:group-49A441EBB443 ConfigurationManager, init=-1: [2fe4bf7f-6b63-49ad-a796-645eca3f0cbf:192.168.11.194:34839], old=null, confs=<EMPTY_MAP>
2019-06-13 18:26:37,947 INFO  server.RaftServerConfigKeys (ConfUtils.java:logGet(43)) - raft.server.storage.dir = [/opt/src/hadoop-ozone/integration-test/target/test-dir/MiniOzoneClusterImpl-e85b742d-9052-4186-88c9-f45ddff6f764/datanode-5/data/ratis] (custom)
2019-06-13 18:26:37,947 INFO  storage.RaftStorageDirectory (RaftStorageDirectory.java:analyzeStorage(246)) - The storage directory /opt/src/hadoop-ozone/integration-test/target/test-dir/MiniOzoneClusterImpl-e85b742d-9052-4186-88c9-f45ddff6f764/datanode-5/data/ratis/a7b85065-3b9a-4211-86a4-49a441ebb443 does not exist. Creating ...
2019-06-13 18:26:37,949 INFO  storage.RaftStorageDirectory (RaftStorageDirectory.java:tryLock(328)) - Lock on /opt/src/hadoop-ozone/integration-test/target/test-dir/MiniOzoneClusterImpl-e85b742d-9052-4186-88c9-f45ddff6f764/datanode-5/data/ratis/a7b85065-3b9a-4211-86a4-49a441ebb443/in_use.lock acquired by nodename 31003@ozone-zf9g4-1167396177
2019-06-13 18:26:37,951 INFO  storage.RaftStorage (RaftStorage.java:format(75)) - Storage directory /opt/src/hadoop-ozone/integration-test/target/test-dir/MiniOzoneClusterImpl-e85b742d-9052-4186-88c9-f45ddff6f764/datanode-5/data/ratis/a7b85065-3b9a-4211-86a4-49a441ebb443 has been successfully formatted.
2019-06-13 18:26:37,951 INFO  ratis.ContainerStateMachine (ContainerStateMachine.java:loadSnapshot(199)) - The snapshot info is null.Setting the last applied index to:(t:0, i:~)
2019-06-13 18:26:37,951 INFO  server.RaftServerConfigKeys (ConfUtils.java:logGet(43)) - raft.server.leader.election.timeout = 120s (custom)
2019-06-13 18:26:37,951 INFO  server.RaftServerConfigKeys (ConfUtils.java:logGet(43)) - raft.server.log.use.memory = false (default)
2019-06-13 18:26:37,951 INFO  server.RaftServerConfigKeys (ConfUtils.java:logGet(43)) - raft.server.log.appender.buffer.byte-limit = 33554432 (custom)
2019-06-13 18:26:37,952 INFO  server.RaftServerConfigKeys (ConfUtils.java:logGet(43)) - raft.server.log.segment.size.max = 16384 (custom)
2019-06-13 18:26:37,952 INFO  server.RaftServerConfigKeys (ConfUtils.java:logGet(43)) - raft.server.log.segment.cache.num.max = 2 (custom)
2019-06-13 18:26:37,952 INFO  storage.RaftLogWorker (RaftLogWorker.java:<init>(123)) - new 2fe4bf7f-6b63-49ad-a796-645eca3f0cbf-RaftLogWorker for Storage Directory /opt/src/hadoop-ozone/integration-test/target/test-dir/MiniOzoneClusterImpl-e85b742d-9052-4186-88c9-f45ddff6f764/datanode-5/data/ratis/a7b85065-3b9a-4211-86a4-49a441ebb443
2019-06-13 18:26:37,952 INFO  server.RaftServerConfigKeys (ConfUtils.java:logGet(43)) - raft.server.log.queue.byte-limit = 2147483647 (custom)
2019-06-13 18:26:37,952 INFO  server.RaftServerConfigKeys (ConfUtils.java:logGet(43)) - raft.server.log.queue.element-limit = 1024 (custom)
2019-06-13 18:26:37,952 INFO  server.RaftServerConfigKeys (ConfUtils.java:logGet(43)) - raft.server.log.segment.size.max = 16384 (custom)
2019-06-13 18:26:37,952 INFO  server.RaftServerConfigKeys (ConfUtils.java:logGet(43)) - raft.server.log.preallocated.size = 16384 (custom)
2019-06-13 18:26:37,952 INFO  server.RaftServerConfigKeys (ConfUtils.java:logGet(43)) - raft.server.log.write.buffer.size = 33554432 (custom)
2019-06-13 18:26:37,952 INFO  server.RaftServerConfigKeys (ConfUtils.java:logGet(43)) - raft.server.log.force.sync.num = 128 (default)
2019-06-13 18:26:37,952 INFO  server.RaftServerConfigKeys (ConfUtils.java:logGet(43)) - raft.server.log.statemachine.data.sync = true (default)
2019-06-13 18:26:37,952 INFO  server.RaftServerConfigKeys (ConfUtils.java:logGet(43)) - raft.server.log.statemachine.data.sync.timeout = 10s (default)
2019-06-13 18:26:37,952 INFO  server.RaftServerConfigKeys (ConfUtils.java:logGet(43)) - raft.server.log.statemachine.data.sync.timeout.retry = -1 (default)
2019-06-13 18:26:37,952 INFO  server.RaftServerConfigKeys (ConfUtils.java:logGet(43)) - raft.server.log.statemachine.data.caching.enabled = true (custom)
2019-06-13 18:26:37,953 INFO  server.RaftServerConfigKeys (ConfUtils.java:logGet(43)) - raft.server.snapshot.auto.trigger.enabled = true (custom)
2019-06-13 18:26:37,953 INFO  server.RaftServerConfigKeys (ConfUtils.java:logGet(43)) - raft.server.snapshot.auto.trigger.threshold = 10000 (custom)
2019-06-13 18:26:37,953 INFO  server.RaftServerConfigKeys (ConfUtils.java:logGet(43)) - raft.server.retrycache.expirytime = 600000ms (custom)
2019-06-13 18:26:37,953 INFO  impl.RaftServerImpl (RaftServerImpl.java:start(173)) - 2fe4bf7f-6b63-49ad-a796-645eca3f0cbf: start group-49A441EBB443
2019-06-13 18:26:37,953 INFO  impl.RaftServerImpl (RaftServerImpl.java:setRole(164)) - 2fe4bf7f-6b63-49ad-a796-645eca3f0cbf:group-49A441EBB443 changes role from null to FOLLOWER at term 0 for startAsFollower
2019-06-13 18:26:37,953 INFO  impl.RoleInfo (RoleInfo.java:updateAndGet(143)) - 2fe4bf7f-6b63-49ad-a796-645eca3f0cbf: start FollowerState
2019-06-13 18:26:37,954 INFO  util.JmxRegister (JmxRegister.java:tryRegister(44)) - Successfully registered JMX Bean with object name Ratis:service=RaftServer,group=group-49A441EBB443,id=2fe4bf7f-6b63-49ad-a796-645eca3f0cbf
2019-06-13 18:26:37,960 INFO  pipeline.PipelineStateManager (PipelineStateManager.java:addPipeline(56)) - Created pipeline Pipeline[ Id: a7b85065-3b9a-4211-86a4-49a441ebb443, Nodes: 2fe4bf7f-6b63-49ad-a796-645eca3f0cbf{ip: 192.168.11.194, host: ozone-zf9g4-1167396177, networkLocation: /default-rack, certSerialId: null}, Type:RATIS, Factor:ONE, State:OPEN]
2019-06-13 18:26:37,969 INFO  impl.RaftServerProxy (RaftServerProxy.java:addNew(89)) - 3e4c7977-0f01-405e-a7f2-28f198598a56: addNew group-28D1EEAAAEEA:[3e4c7977-0f01-405e-a7f2-28f198598a56:192.168.11.194:43177, 2fe4bf7f-6b63-49ad-a796-645eca3f0cbf:192.168.11.194:34839, b0549d51-f97f-405f-9cfd-170fb77cd442:192.168.11.194:43219] returns group-28D1EEAAAEEA:java.util.concurrent.CompletableFuture@4fd789ce[Not completed]
2019-06-13 18:26:37,969 INFO  impl.RaftServerImpl (RaftServerImpl.java:<init>(91)) - 3e4c7977-0f01-405e-a7f2-28f198598a56: new RaftServerImpl for group-28D1EEAAAEEA:[3e4c7977-0f01-405e-a7f2-28f198598a56:192.168.11.194:43177, 2fe4bf7f-6b63-49ad-a796-645eca3f0cbf:192.168.11.194:34839, b0549d51-f97f-405f-9cfd-170fb77cd442:192.168.11.194:43219] with ContainerStateMachine:uninitialized
2019-06-13 18:26:37,969 INFO  server.RaftServerConfigKeys (ConfUtils.java:logGet(43)) - raft.server.rpc.timeout.min = 1s (custom)
2019-06-13 18:26:37,969 INFO  server.RaftServerConfigKeys (ConfUtils.java:logGet(43)) - raft.server.rpc.timeout.max = 1200ms (custom)
2019-06-13 18:26:37,969 INFO  server.RaftServerConfigKeys (ConfUtils.java:logGet(43)) - raft.server.rpcslowness.timeout = 120s (custom)
2019-06-13 18:26:37,970 INFO  server.RaftServerConfigKeys (ConfUtils.java:logGet(43)) - raft.server.log.appender.install.snapshot.enabled = true (default)
2019-06-13 18:26:37,970 INFO  impl.RaftServerImpl (ServerState.java:<init>(101)) - 3e4c7977-0f01-405e-a7f2-28f198598a56:group-28D1EEAAAEEA ConfigurationManager, init=-1: [3e4c7977-0f01-405e-a7f2-28f198598a56:192.168.11.194:43177, 2fe4bf7f-6b63-49ad-a796-645eca3f0cbf:192.168.11.194:34839, b0549d51-f97f-405f-9cfd-170fb77cd442:192.168.11.194:43219], old=null, confs=<EMPTY_MAP>
2019-06-13 18:26:37,970 INFO  server.RaftServerConfigKeys (ConfUtils.java:logGet(43)) - raft.server.storage.dir = [/opt/src/hadoop-ozone/integration-test/target/test-dir/MiniOzoneClusterImpl-e85b742d-9052-4186-88c9-f45ddff6f764/datanode-4/data/ratis] (custom)
2019-06-13 18:26:37,970 INFO  impl.RaftServerImpl (RaftServerImpl.java:<init>(91)) - b0549d51-f97f-405f-9cfd-170fb77cd442: new RaftServerImpl for group-28D1EEAAAEEA:[3e4c7977-0f01-405e-a7f2-28f198598a56:192.168.11.194:43177, 2fe4bf7f-6b63-49ad-a796-645eca3f0cbf:192.168.11.194:34839, b0549d51-f97f-405f-9cfd-170fb77cd442:192.168.11.194:43219] with ContainerStateMachine:uninitialized
2019-06-13 18:26:37,970 INFO  server.RaftServerConfigKeys (ConfUtils.java:logGet(43)) - raft.server.rpc.timeout.min = 1s (custom)
2019-06-13 18:26:37,970 INFO  server.RaftServerConfigKeys (ConfUtils.java:logGet(43)) - raft.server.rpc.timeout.max = 1200ms (custom)
2019-06-13 18:26:37,970 INFO  server.RaftServerConfigKeys (ConfUtils.java:logGet(43)) - raft.server.rpcslowness.timeout = 120s (custom)
2019-06-13 18:26:37,970 INFO  server.RaftServerConfigKeys (ConfUtils.java:logGet(43)) - raft.server.log.appender.install.snapshot.enabled = true (default)
2019-06-13 18:26:37,970 INFO  impl.RaftServerImpl (ServerState.java:<init>(101)) - b0549d51-f97f-405f-9cfd-170fb77cd442:group-28D1EEAAAEEA ConfigurationManager, init=-1: [3e4c7977-0f01-405e-a7f2-28f198598a56:192.168.11.194:43177, 2fe4bf7f-6b63-49ad-a796-645eca3f0cbf:192.168.11.194:34839, b0549d51-f97f-405f-9cfd-170fb77cd442:192.168.11.194:43219], old=null, confs=<EMPTY_MAP>
2019-06-13 18:26:37,970 INFO  server.RaftServerConfigKeys (ConfUtils.java:logGet(43)) - raft.server.storage.dir = [/opt/src/hadoop-ozone/integration-test/target/test-dir/MiniOzoneClusterImpl-e85b742d-9052-4186-88c9-f45ddff6f764/datanode-3/data/ratis] (custom)
2019-06-13 18:26:37,971 INFO  storage.RaftStorageDirectory (RaftStorageDirectory.java:analyzeStorage(246)) - The storage directory /opt/src/hadoop-ozone/integration-test/target/test-dir/MiniOzoneClusterImpl-e85b742d-9052-4186-88c9-f45ddff6f764/datanode-3/data/ratis/7af8db76-7301-40e2-970c-28d1eeaaaeea does not exist. Creating ...
2019-06-13 18:26:37,970 INFO  impl.RaftServerProxy (RaftServerProxy.java:addNew(89)) - b0549d51-f97f-405f-9cfd-170fb77cd442: addNew group-28D1EEAAAEEA:[3e4c7977-0f01-405e-a7f2-28f198598a56:192.168.11.194:43177, 2fe4bf7f-6b63-49ad-a796-645eca3f0cbf:192.168.11.194:34839, b0549d51-f97f-405f-9cfd-170fb77cd442:192.168.11.194:43219] returns group-28D1EEAAAEEA:java.util.concurrent.CompletableFuture@114901dc[Not completed]
2019-06-13 18:26:37,970 INFO  storage.RaftStorageDirectory (RaftStorageDirectory.java:analyzeStorage(246)) - The storage directory /opt/src/hadoop-ozone/integration-test/target/test-dir/MiniOzoneClusterImpl-e85b742d-9052-4186-88c9-f45ddff6f764/datanode-4/data/ratis/7af8db76-7301-40e2-970c-28d1eeaaaeea does not exist. Creating ...
2019-06-13 18:26:37,973 INFO  impl.RaftServerProxy (RaftServerProxy.java:addNew(89)) - 2fe4bf7f-6b63-49ad-a796-645eca3f0cbf: addNew group-28D1EEAAAEEA:[3e4c7977-0f01-405e-a7f2-28f198598a56:192.168.11.194:43177, 2fe4bf7f-6b63-49ad-a796-645eca3f0cbf:192.168.11.194:34839, b0549d51-f97f-405f-9cfd-170fb77cd442:192.168.11.194:43219] returns group-28D1EEAAAEEA:java.util.concurrent.CompletableFuture@36c77955[Not completed]
2019-06-13 18:26:37,973 INFO  impl.RaftServerImpl (RaftServerImpl.java:<init>(91)) - 2fe4bf7f-6b63-49ad-a796-645eca3f0cbf: new RaftServerImpl for group-28D1EEAAAEEA:[3e4c7977-0f01-405e-a7f2-28f198598a56:192.168.11.194:43177, 2fe4bf7f-6b63-49ad-a796-645eca3f0cbf:192.168.11.194:34839, b0549d51-f97f-405f-9cfd-170fb77cd442:192.168.11.194:43219] with ContainerStateMachine:uninitialized
2019-06-13 18:26:37,973 INFO  server.RaftServerConfigKeys (ConfUtils.java:logGet(43)) - raft.server.rpc.timeout.min = 1s (custom)
2019-06-13 18:26:37,973 INFO  storage.RaftStorageDirectory (RaftStorageDirectory.java:tryLock(328)) - Lock on /opt/src/hadoop-ozone/integration-test/target/test-dir/MiniOzoneClusterImpl-e85b742d-9052-4186-88c9-f45ddff6f764/datanode-4/data/ratis/7af8db76-7301-40e2-970c-28d1eeaaaeea/in_use.lock acquired by nodename 31003@ozone-zf9g4-1167396177
2019-06-13 18:26:37,973 INFO  storage.RaftStorageDirectory (RaftStorageDirectory.java:tryLock(328)) - Lock on /opt/src/hadoop-ozone/integration-test/target/test-dir/MiniOzoneClusterImpl-e85b742d-9052-4186-88c9-f45ddff6f764/datanode-3/data/ratis/7af8db76-7301-40e2-970c-28d1eeaaaeea/in_use.lock acquired by nodename 31003@ozone-zf9g4-1167396177
2019-06-13 18:26:37,973 INFO  server.RaftServerConfigKeys (ConfUtils.java:logGet(43)) - raft.server.rpc.timeout.max = 1200ms (custom)
2019-06-13 18:26:37,974 INFO  server.RaftServerConfigKeys (ConfUtils.java:logGet(43)) - raft.server.rpcslowness.timeout = 120s (custom)
2019-06-13 18:26:37,974 INFO  server.RaftServerConfigKeys (ConfUtils.java:logGet(43)) - raft.server.log.appender.install.snapshot.enabled = true (default)
2019-06-13 18:26:37,974 INFO  impl.RaftServerImpl (ServerState.java:<init>(101)) - 2fe4bf7f-6b63-49ad-a796-645eca3f0cbf:group-28D1EEAAAEEA ConfigurationManager, init=-1: [3e4c7977-0f01-405e-a7f2-28f198598a56:192.168.11.194:43177, 2fe4bf7f-6b63-49ad-a796-645eca3f0cbf:192.168.11.194:34839, b0549d51-f97f-405f-9cfd-170fb77cd442:192.168.11.194:43219], old=null, confs=<EMPTY_MAP>
2019-06-13 18:26:37,974 INFO  server.RaftServerConfigKeys (ConfUtils.java:logGet(43)) - raft.server.storage.dir = [/opt/src/hadoop-ozone/integration-test/target/test-dir/MiniOzoneClusterImpl-e85b742d-9052-4186-88c9-f45ddff6f764/datanode-5/data/ratis] (custom)
2019-06-13 18:26:37,975 INFO  storage.RaftStorageDirectory (RaftStorageDirectory.java:analyzeStorage(246)) - The storage directory /opt/src/hadoop-ozone/integration-test/target/test-dir/MiniOzoneClusterImpl-e85b742d-9052-4186-88c9-f45ddff6f764/datanode-5/data/ratis/7af8db76-7301-40e2-970c-28d1eeaaaeea does not exist. Creating ...
2019-06-13 18:26:37,976 INFO  storage.RaftStorage (RaftStorage.java:format(75)) - Storage directory /opt/src/hadoop-ozone/integration-test/target/test-dir/MiniOzoneClusterImpl-e85b742d-9052-4186-88c9-f45ddff6f764/datanode-3/data/ratis/7af8db76-7301-40e2-970c-28d1eeaaaeea has been successfully formatted.
2019-06-13 18:26:37,976 INFO  storage.RaftStorage (RaftStorage.java:format(75)) - Storage directory /opt/src/hadoop-ozone/integration-test/target/test-dir/MiniOzoneClusterImpl-e85b742d-9052-4186-88c9-f45ddff6f764/datanode-4/data/ratis/7af8db76-7301-40e2-970c-28d1eeaaaeea has been successfully formatted.
2019-06-13 18:26:37,976 INFO  ratis.ContainerStateMachine (ContainerStateMachine.java:loadSnapshot(199)) - The snapshot info is null.Setting the last applied index to:(t:0, i:~)
2019-06-13 18:26:37,976 INFO  server.RaftServerConfigKeys (ConfUtils.java:logGet(43)) - raft.server.leader.election.timeout = 120s (custom)
2019-06-13 18:26:37,976 INFO  server.RaftServerConfigKeys (ConfUtils.java:logGet(43)) - raft.server.log.use.memory = false (default)
2019-06-13 18:26:37,976 INFO  server.RaftServerConfigKeys (ConfUtils.java:logGet(43)) - raft.server.log.appender.buffer.byte-limit = 33554432 (custom)
2019-06-13 18:26:37,976 INFO  server.RaftServerConfigKeys (ConfUtils.java:logGet(43)) - raft.server.log.segment.size.max = 16384 (custom)
2019-06-13 18:26:37,976 INFO  server.RaftServerConfigKeys (ConfUtils.java:logGet(43)) - raft.server.log.segment.cache.num.max = 2 (custom)
2019-06-13 18:26:37,976 INFO  storage.RaftLogWorker (RaftLogWorker.java:<init>(123)) - new 3e4c7977-0f01-405e-a7f2-28f198598a56-RaftLogWorker for Storage Directory /opt/src/hadoop-ozone/integration-test/target/test-dir/MiniOzoneClusterImpl-e85b742d-9052-4186-88c9-f45ddff6f764/datanode-4/data/ratis/7af8db76-7301-40e2-970c-28d1eeaaaeea
2019-06-13 18:26:37,977 INFO  server.RaftServerConfigKeys (ConfUtils.java:logGet(43)) - raft.server.log.queue.byte-limit = 2147483647 (custom)
2019-06-13 18:26:37,977 INFO  server.RaftServerConfigKeys (ConfUtils.java:logGet(43)) - raft.server.log.queue.element-limit = 1024 (custom)
2019-06-13 18:26:37,977 INFO  server.RaftServerConfigKeys (ConfUtils.java:logGet(43)) - raft.server.log.segment.size.max = 16384 (custom)
2019-06-13 18:26:37,977 INFO  server.RaftServerConfigKeys (ConfUtils.java:logGet(43)) - raft.server.log.preallocated.size = 16384 (custom)
2019-06-13 18:26:37,977 INFO  server.RaftServerConfigKeys (ConfUtils.java:logGet(43)) - raft.server.log.write.buffer.size = 33554432 (custom)
2019-06-13 18:26:37,977 INFO  server.RaftServerConfigKeys (ConfUtils.java:logGet(43)) - raft.server.log.force.sync.num = 128 (default)
2019-06-13 18:26:37,977 INFO  server.RaftServerConfigKeys (ConfUtils.java:logGet(43)) - raft.server.log.statemachine.data.sync = true (default)
2019-06-13 18:26:37,977 INFO  server.RaftServerConfigKeys (ConfUtils.java:logGet(43)) - raft.server.log.statemachine.data.sync.timeout = 10s (default)
2019-06-13 18:26:37,977 INFO  server.RaftServerConfigKeys (ConfUtils.java:logGet(43)) - raft.server.log.statemachine.data.sync.timeout.retry = -1 (default)
2019-06-13 18:26:37,977 INFO  server.RaftServerConfigKeys (ConfUtils.java:logGet(43)) - raft.server.log.statemachine.data.caching.enabled = true (custom)
2019-06-13 18:26:37,976 INFO  ratis.ContainerStateMachine (ContainerStateMachine.java:loadSnapshot(199)) - The snapshot info is null.Setting the last applied index to:(t:0, i:~)
2019-06-13 18:26:37,978 INFO  server.RaftServerConfigKeys (ConfUtils.java:logGet(43)) - raft.server.snapshot.auto.trigger.enabled = true (custom)
2019-06-13 18:26:37,978 INFO  server.RaftServerConfigKeys (ConfUtils.java:logGet(43)) - raft.server.snapshot.auto.trigger.threshold = 10000 (custom)
2019-06-13 18:26:37,978 INFO  server.RaftServerConfigKeys (ConfUtils.java:logGet(43)) - raft.server.retrycache.expirytime = 600000ms (custom)
2019-06-13 18:26:37,978 INFO  impl.RaftServerImpl (RaftServerImpl.java:start(173)) - 3e4c7977-0f01-405e-a7f2-28f198598a56: start group-28D1EEAAAEEA
2019-06-13 18:26:37,978 INFO  impl.RaftServerImpl (RaftServerImpl.java:setRole(164)) - 3e4c7977-0f01-405e-a7f2-28f198598a56:group-28D1EEAAAEEA changes role from null to FOLLOWER at term 0 for startAsFollower
2019-06-13 18:26:37,978 INFO  impl.RoleInfo (RoleInfo.java:updateAndGet(143)) - 3e4c7977-0f01-405e-a7f2-28f198598a56: start FollowerState
2019-06-13 18:26:37,978 INFO  server.RaftServerConfigKeys (ConfUtils.java:logGet(43)) - raft.server.leader.election.timeout = 120s (custom)
2019-06-13 18:26:37,978 INFO  server.RaftServerConfigKeys (ConfUtils.java:logGet(43)) - raft.server.log.use.memory = false (default)
2019-06-13 18:26:37,978 INFO  server.RaftServerConfigKeys (ConfUtils.java:logGet(43)) - raft.server.log.appender.buffer.byte-limit = 33554432 (custom)
2019-06-13 18:26:37,978 INFO  server.RaftServerConfigKeys (ConfUtils.java:logGet(43)) - raft.server.log.segment.size.max = 16384 (custom)
2019-06-13 18:26:37,978 INFO  server.RaftServerConfigKeys (ConfUtils.java:logGet(43)) - raft.server.log.segment.cache.num.max = 2 (custom)
2019-06-13 18:26:37,979 INFO  storage.RaftLogWorker (RaftLogWorker.java:<init>(123)) - new b0549d51-f97f-405f-9cfd-170fb77cd442-RaftLogWorker for Storage Directory /opt/src/hadoop-ozone/integration-test/target/test-dir/MiniOzoneClusterImpl-e85b742d-9052-4186-88c9-f45ddff6f764/datanode-3/data/ratis/7af8db76-7301-40e2-970c-28d1eeaaaeea
2019-06-13 18:26:37,979 INFO  server.RaftServerConfigKeys (ConfUtils.java:logGet(43)) - raft.server.log.queue.byte-limit = 2147483647 (custom)
2019-06-13 18:26:37,979 INFO  server.RaftServerConfigKeys (ConfUtils.java:logGet(43)) - raft.server.log.queue.element-limit = 1024 (custom)
2019-06-13 18:26:37,979 INFO  server.RaftServerConfigKeys (ConfUtils.java:logGet(43)) - raft.server.log.segment.size.max = 16384 (custom)
2019-06-13 18:26:37,979 INFO  server.RaftServerConfigKeys (ConfUtils.java:logGet(43)) - raft.server.log.preallocated.size = 16384 (custom)
2019-06-13 18:26:37,979 INFO  server.RaftServerConfigKeys (ConfUtils.java:logGet(43)) - raft.server.log.write.buffer.size = 33554432 (custom)
2019-06-13 18:26:37,979 INFO  server.RaftServerConfigKeys (ConfUtils.java:logGet(43)) - raft.server.log.force.sync.num = 128 (default)
2019-06-13 18:26:37,979 INFO  server.RaftServerConfigKeys (ConfUtils.java:logGet(43)) - raft.server.log.statemachine.data.sync = true (default)
2019-06-13 18:26:37,979 INFO  server.RaftServerConfigKeys (ConfUtils.java:logGet(43)) - raft.server.log.statemachine.data.sync.timeout = 10s (default)
2019-06-13 18:26:37,979 INFO  server.RaftServerConfigKeys (ConfUtils.java:logGet(43)) - raft.server.log.statemachine.data.sync.timeout.retry = -1 (default)
2019-06-13 18:26:37,977 INFO  storage.RaftStorageDirectory (RaftStorageDirectory.java:tryLock(328)) - Lock on /opt/src/hadoop-ozone/integration-test/target/test-dir/MiniOzoneClusterImpl-e85b742d-9052-4186-88c9-f45ddff6f764/datanode-5/data/ratis/7af8db76-7301-40e2-970c-28d1eeaaaeea/in_use.lock acquired by nodename 31003@ozone-zf9g4-1167396177
2019-06-13 18:26:37,980 INFO  server.RaftServerConfigKeys (ConfUtils.java:logGet(43)) - raft.server.log.statemachine.data.caching.enabled = true (custom)
2019-06-13 18:26:37,980 INFO  util.JmxRegister (JmxRegister.java:tryRegister(44)) - Successfully registered JMX Bean with object name Ratis:service=RaftServer,group=group-28D1EEAAAEEA,id=3e4c7977-0f01-405e-a7f2-28f198598a56
2019-06-13 18:26:37,980 INFO  server.RaftServerConfigKeys (ConfUtils.java:logGet(43)) - raft.server.snapshot.auto.trigger.enabled = true (custom)
2019-06-13 18:26:37,980 INFO  server.RaftServerConfigKeys (ConfUtils.java:logGet(43)) - raft.server.snapshot.auto.trigger.threshold = 10000 (custom)
2019-06-13 18:26:37,980 INFO  server.RaftServerConfigKeys (ConfUtils.java:logGet(43)) - raft.server.retrycache.expirytime = 600000ms (custom)
2019-06-13 18:26:37,980 INFO  impl.RaftServerImpl (RaftServerImpl.java:start(173)) - b0549d51-f97f-405f-9cfd-170fb77cd442: start group-28D1EEAAAEEA
2019-06-13 18:26:37,981 INFO  impl.RaftServerImpl (RaftServerImpl.java:setRole(164)) - b0549d51-f97f-405f-9cfd-170fb77cd442:group-28D1EEAAAEEA changes role from null to FOLLOWER at term 0 for startAsFollower
2019-06-13 18:26:37,981 INFO  impl.RoleInfo (RoleInfo.java:updateAndGet(143)) - b0549d51-f97f-405f-9cfd-170fb77cd442: start FollowerState
2019-06-13 18:26:37,981 INFO  util.JmxRegister (JmxRegister.java:tryRegister(44)) - Successfully registered JMX Bean with object name Ratis:service=RaftServer,group=group-28D1EEAAAEEA,id=b0549d51-f97f-405f-9cfd-170fb77cd442
2019-06-13 18:26:37,981 INFO  storage.RaftStorage (RaftStorage.java:format(75)) - Storage directory /opt/src/hadoop-ozone/integration-test/target/test-dir/MiniOzoneClusterImpl-e85b742d-9052-4186-88c9-f45ddff6f764/datanode-5/data/ratis/7af8db76-7301-40e2-970c-28d1eeaaaeea has been successfully formatted.
2019-06-13 18:26:37,982 INFO  ratis.ContainerStateMachine (ContainerStateMachine.java:loadSnapshot(199)) - The snapshot info is null.Setting the last applied index to:(t:0, i:~)
2019-06-13 18:26:37,982 INFO  server.RaftServerConfigKeys (ConfUtils.java:logGet(43)) - raft.server.leader.election.timeout = 120s (custom)
2019-06-13 18:26:37,982 INFO  server.RaftServerConfigKeys (ConfUtils.java:logGet(43)) - raft.server.log.use.memory = false (default)
2019-06-13 18:26:37,982 INFO  server.RaftServerConfigKeys (ConfUtils.java:logGet(43)) - raft.server.log.appender.buffer.byte-limit = 33554432 (custom)
2019-06-13 18:26:37,982 INFO  server.RaftServerConfigKeys (ConfUtils.java:logGet(43)) - raft.server.log.segment.size.max = 16384 (custom)
2019-06-13 18:26:37,982 INFO  server.RaftServerConfigKeys (ConfUtils.java:logGet(43)) - raft.server.log.segment.cache.num.max = 2 (custom)
2019-06-13 18:26:37,982 INFO  storage.RaftLogWorker (RaftLogWorker.java:<init>(123)) - new 2fe4bf7f-6b63-49ad-a796-645eca3f0cbf-RaftLogWorker for Storage Directory /opt/src/hadoop-ozone/integration-test/target/test-dir/MiniOzoneClusterImpl-e85b742d-9052-4186-88c9-f45ddff6f764/datanode-5/data/ratis/7af8db76-7301-40e2-970c-28d1eeaaaeea
2019-06-13 18:26:37,982 INFO  server.RaftServerConfigKeys (ConfUtils.java:logGet(43)) - raft.server.log.queue.byte-limit = 2147483647 (custom)
2019-06-13 18:26:37,982 INFO  server.RaftServerConfigKeys (ConfUtils.java:logGet(43)) - raft.server.log.queue.element-limit = 1024 (custom)
2019-06-13 18:26:37,982 INFO  server.RaftServerConfigKeys (ConfUtils.java:logGet(43)) - raft.server.log.segment.size.max = 16384 (custom)
2019-06-13 18:26:37,983 INFO  server.RaftServerConfigKeys (ConfUtils.java:logGet(43)) - raft.server.log.preallocated.size = 16384 (custom)
2019-06-13 18:26:37,983 INFO  server.RaftServerConfigKeys (ConfUtils.java:logGet(43)) - raft.server.log.write.buffer.size = 33554432 (custom)
2019-06-13 18:26:37,983 INFO  server.RaftServerConfigKeys (ConfUtils.java:logGet(43)) - raft.server.log.force.sync.num = 128 (default)
2019-06-13 18:26:37,983 INFO  server.RaftServerConfigKeys (ConfUtils.java:logGet(43)) - raft.server.log.statemachine.data.sync = true (default)
2019-06-13 18:26:37,983 INFO  server.RaftServerConfigKeys (ConfUtils.java:logGet(43)) - raft.server.log.statemachine.data.sync.timeout = 10s (default)
2019-06-13 18:26:37,983 INFO  server.RaftServerConfigKeys (ConfUtils.java:logGet(43)) - raft.server.log.statemachine.data.sync.timeout.retry = -1 (default)
2019-06-13 18:26:37,987 INFO  server.RaftServerConfigKeys (ConfUtils.java:logGet(43)) - raft.server.log.statemachine.data.caching.enabled = true (custom)
2019-06-13 18:26:37,989 INFO  server.RaftServerConfigKeys (ConfUtils.java:logGet(43)) - raft.server.snapshot.auto.trigger.enabled = true (custom)
2019-06-13 18:26:37,989 INFO  server.RaftServerConfigKeys (ConfUtils.java:logGet(43)) - raft.server.snapshot.auto.trigger.threshold = 10000 (custom)
2019-06-13 18:26:37,989 INFO  server.RaftServerConfigKeys (ConfUtils.java:logGet(43)) - raft.server.retrycache.expirytime = 600000ms (custom)
2019-06-13 18:26:37,989 INFO  impl.RaftServerImpl (RaftServerImpl.java:start(173)) - 2fe4bf7f-6b63-49ad-a796-645eca3f0cbf: start group-28D1EEAAAEEA
2019-06-13 18:26:37,989 INFO  impl.RaftServerImpl (RaftServerImpl.java:setRole(164)) - 2fe4bf7f-6b63-49ad-a796-645eca3f0cbf:group-28D1EEAAAEEA changes role from null to FOLLOWER at term 0 for startAsFollower
2019-06-13 18:26:37,989 INFO  impl.RoleInfo (RoleInfo.java:updateAndGet(143)) - 2fe4bf7f-6b63-49ad-a796-645eca3f0cbf: start FollowerState
2019-06-13 18:26:37,989 INFO  util.JmxRegister (JmxRegister.java:tryRegister(44)) - Successfully registered JMX Bean with object name Ratis:service=RaftServer,group=group-28D1EEAAAEEA,id=2fe4bf7f-6b63-49ad-a796-645eca3f0cbf
2019-06-13 18:26:37,991 INFO  pipeline.PipelineStateManager (PipelineStateManager.java:addPipeline(56)) - Created pipeline Pipeline[ Id: 7af8db76-7301-40e2-970c-28d1eeaaaeea, Nodes: 3e4c7977-0f01-405e-a7f2-28f198598a56{ip: 192.168.11.194, host: ozone-zf9g4-1167396177, networkLocation: /default-rack, certSerialId: null}b0549d51-f97f-405f-9cfd-170fb77cd442{ip: 192.168.11.194, host: ozone-zf9g4-1167396177, networkLocation: /default-rack, certSerialId: null}2fe4bf7f-6b63-49ad-a796-645eca3f0cbf{ip: 192.168.11.194, host: ozone-zf9g4-1167396177, networkLocation: /default-rack, certSerialId: null}, Type:RATIS, Factor:THREE, State:OPEN]
2019-06-13 18:26:38,120 INFO  node.SCMNodeManager (SCMNodeManager.java:register(234)) - Registered Data node : a770b9a5-78cf-49e5-abf3-e50aab235947{ip: 192.168.11.194, host: ozone-zf9g4-1167396177, networkLocation: /default-rack, certSerialId: null}
2019-06-13 18:26:38,120 INFO  ozone.MiniOzoneClusterImpl (MiniOzoneClusterImpl.java:lambda$waitForClusterToBeReady$0(142)) - Cluster is ready. Got 7 of 7 DN Heartbeats.
2019-06-13 18:26:38,137 INFO  impl.RaftServerProxy (RaftServerProxy.java:addNew(89)) - a770b9a5-78cf-49e5-abf3-e50aab235947: addNew group-B166F67D5C40:[a770b9a5-78cf-49e5-abf3-e50aab235947:192.168.11.194:44633] returns group-B166F67D5C40:java.util.concurrent.CompletableFuture@18908859[Not completed]
2019-06-13 18:26:38,138 INFO  impl.RaftServerImpl (RaftServerImpl.java:<init>(91)) - a770b9a5-78cf-49e5-abf3-e50aab235947: new RaftServerImpl for group-B166F67D5C40:[a770b9a5-78cf-49e5-abf3-e50aab235947:192.168.11.194:44633] with ContainerStateMachine:uninitialized
2019-06-13 18:26:38,138 INFO  server.RaftServerConfigKeys (ConfUtils.java:logGet(43)) - raft.server.rpc.timeout.min = 1s (custom)
2019-06-13 18:26:38,143 INFO  server.RaftServerConfigKeys (ConfUtils.java:logGet(43)) - raft.server.rpc.timeout.max = 1200ms (custom)
2019-06-13 18:26:38,144 INFO  server.RaftServerConfigKeys (ConfUtils.java:logGet(43)) - raft.server.rpcslowness.timeout = 120s (custom)
2019-06-13 18:26:38,144 INFO  server.RaftServerConfigKeys (ConfUtils.java:logGet(43)) - raft.server.log.appender.install.snapshot.enabled = true (default)
2019-06-13 18:26:38,144 INFO  impl.RaftServerImpl (ServerState.java:<init>(101)) - a770b9a5-78cf-49e5-abf3-e50aab235947:group-B166F67D5C40 ConfigurationManager, init=-1: [a770b9a5-78cf-49e5-abf3-e50aab235947:192.168.11.194:44633], old=null, confs=<EMPTY_MAP>
2019-06-13 18:26:38,144 INFO  server.RaftServerConfigKeys (ConfUtils.java:logGet(43)) - raft.server.storage.dir = [/opt/src/hadoop-ozone/integration-test/target/test-dir/MiniOzoneClusterImpl-e85b742d-9052-4186-88c9-f45ddff6f764/datanode-6/data/ratis] (custom)
2019-06-13 18:26:38,144 INFO  storage.RaftStorageDirectory (RaftStorageDirectory.java:analyzeStorage(246)) - The storage directory /opt/src/hadoop-ozone/integration-test/target/test-dir/MiniOzoneClusterImpl-e85b742d-9052-4186-88c9-f45ddff6f764/datanode-6/data/ratis/f07f7209-5817-4aad-a3db-b166f67d5c40 does not exist. Creating ...
2019-06-13 18:26:38,144 INFO  rpc.RpcClient (RpcClient.java:createVolume(289)) - Creating Volume: testblockoutputstreamwithretries, with root as owner.
2019-06-13 18:26:38,147 INFO  storage.RaftStorageDirectory (RaftStorageDirectory.java:tryLock(328)) - Lock on /opt/src/hadoop-ozone/integration-test/target/test-dir/MiniOzoneClusterImpl-e85b742d-9052-4186-88c9-f45ddff6f764/datanode-6/data/ratis/f07f7209-5817-4aad-a3db-b166f67d5c40/in_use.lock acquired by nodename 31003@ozone-zf9g4-1167396177
2019-06-13 18:26:38,152 INFO  storage.RaftStorage (RaftStorage.java:format(75)) - Storage directory /opt/src/hadoop-ozone/integration-test/target/test-dir/MiniOzoneClusterImpl-e85b742d-9052-4186-88c9-f45ddff6f764/datanode-6/data/ratis/f07f7209-5817-4aad-a3db-b166f67d5c40 has been successfully formatted.
2019-06-13 18:26:38,153 INFO  ratis.ContainerStateMachine (ContainerStateMachine.java:loadSnapshot(199)) - The snapshot info is null.Setting the last applied index to:(t:0, i:~)
2019-06-13 18:26:38,154 INFO  server.RaftServerConfigKeys (ConfUtils.java:logGet(43)) - raft.server.leader.election.timeout = 120s (custom)
2019-06-13 18:26:38,154 INFO  server.RaftServerConfigKeys (ConfUtils.java:logGet(43)) - raft.server.log.use.memory = false (default)
2019-06-13 18:26:38,154 INFO  server.RaftServerConfigKeys (ConfUtils.java:logGet(43)) - raft.server.log.appender.buffer.byte-limit = 33554432 (custom)
2019-06-13 18:26:38,154 INFO  server.RaftServerConfigKeys (ConfUtils.java:logGet(43)) - raft.server.log.segment.size.max = 16384 (custom)
2019-06-13 18:26:38,154 INFO  server.RaftServerConfigKeys (ConfUtils.java:logGet(43)) - raft.server.log.segment.cache.num.max = 2 (custom)
2019-06-13 18:26:38,154 INFO  storage.RaftLogWorker (RaftLogWorker.java:<init>(123)) - new a770b9a5-78cf-49e5-abf3-e50aab235947-RaftLogWorker for Storage Directory /opt/src/hadoop-ozone/integration-test/target/test-dir/MiniOzoneClusterImpl-e85b742d-9052-4186-88c9-f45ddff6f764/datanode-6/data/ratis/f07f7209-5817-4aad-a3db-b166f67d5c40
2019-06-13 18:26:38,154 INFO  server.RaftServerConfigKeys (ConfUtils.java:logGet(43)) - raft.server.log.queue.byte-limit = 2147483647 (custom)
2019-06-13 18:26:38,154 INFO  server.RaftServerConfigKeys (ConfUtils.java:logGet(43)) - raft.server.log.queue.element-limit = 1024 (custom)
2019-06-13 18:26:38,155 INFO  server.RaftServerConfigKeys (ConfUtils.java:logGet(43)) - raft.server.log.segment.size.max = 16384 (custom)
2019-06-13 18:26:38,155 INFO  rpc.RpcClient (RpcClient.java:createBucket(426)) - Creating Bucket: testblockoutputstreamwithretries/testblockoutputstreamwithretries, with Versioning false and Storage Type set to DISK and Encryption set to false 
2019-06-13 18:26:38,155 INFO  server.RaftServerConfigKeys (ConfUtils.java:logGet(43)) - raft.server.log.preallocated.size = 16384 (custom)
2019-06-13 18:26:38,155 INFO  server.RaftServerConfigKeys (ConfUtils.java:logGet(43)) - raft.server.log.write.buffer.size = 33554432 (custom)
2019-06-13 18:26:38,155 INFO  server.RaftServerConfigKeys (ConfUtils.java:logGet(43)) - raft.server.log.force.sync.num = 128 (default)
2019-06-13 18:26:38,155 INFO  server.RaftServerConfigKeys (ConfUtils.java:logGet(43)) - raft.server.log.statemachine.data.sync = true (default)
2019-06-13 18:26:38,155 INFO  server.RaftServerConfigKeys (ConfUtils.java:logGet(43)) - raft.server.log.statemachine.data.sync.timeout = 10s (default)
2019-06-13 18:26:38,155 INFO  server.RaftServerConfigKeys (ConfUtils.java:logGet(43)) - raft.server.log.statemachine.data.sync.timeout.retry = -1 (default)
2019-06-13 18:26:38,157 INFO  server.RaftServerConfigKeys (ConfUtils.java:logGet(43)) - raft.server.log.statemachine.data.caching.enabled = true (custom)
2019-06-13 18:26:38,157 INFO  server.RaftServerConfigKeys (ConfUtils.java:logGet(43)) - raft.server.snapshot.auto.trigger.enabled = true (custom)
2019-06-13 18:26:38,157 INFO  server.RaftServerConfigKeys (ConfUtils.java:logGet(43)) - raft.server.snapshot.auto.trigger.threshold = 10000 (custom)
2019-06-13 18:26:38,157 INFO  server.RaftServerConfigKeys (ConfUtils.java:logGet(43)) - raft.server.retrycache.expirytime = 600000ms (custom)
2019-06-13 18:26:38,157 INFO  impl.RaftServerImpl (RaftServerImpl.java:start(173)) - a770b9a5-78cf-49e5-abf3-e50aab235947: start group-B166F67D5C40
2019-06-13 18:26:38,157 INFO  impl.RaftServerImpl (RaftServerImpl.java:setRole(164)) - a770b9a5-78cf-49e5-abf3-e50aab235947:group-B166F67D5C40 changes role from null to FOLLOWER at term 0 for startAsFollower
2019-06-13 18:26:38,157 INFO  impl.RoleInfo (RoleInfo.java:updateAndGet(143)) - a770b9a5-78cf-49e5-abf3-e50aab235947: start FollowerState
2019-06-13 18:26:38,159 INFO  util.JmxRegister (JmxRegister.java:tryRegister(44)) - Successfully registered JMX Bean with object name Ratis:service=RaftServer,group=group-B166F67D5C40,id=a770b9a5-78cf-49e5-abf3-e50aab235947
2019-06-13 18:26:38,162 INFO  pipeline.PipelineStateManager (PipelineStateManager.java:addPipeline(56)) - Created pipeline Pipeline[ Id: f07f7209-5817-4aad-a3db-b166f67d5c40, Nodes: a770b9a5-78cf-49e5-abf3-e50aab235947{ip: 192.168.11.194, host: ozone-zf9g4-1167396177, networkLocation: /default-rack, certSerialId: null}, Type:RATIS, Factor:ONE, State:OPEN]
2019-06-13 18:26:38,174 INFO  client.GrpcClientProtocolClient (GrpcClientProtocolClient.java:onNext(254)) - client-C5A98F51CB54->0666f3d0-b0ba-4adb-9817-a431646379e2: receive RaftClientReply:client-C5A98F51CB54->0666f3d0-b0ba-4adb-9817-a431646379e2@group-D207D91A3FC3, cid=42, FAILED org.apache.ratis.protocol.NotLeaderException: Server 0666f3d0-b0ba-4adb-9817-a431646379e2 is not the leader (feaaab5f-e1c4-487c-ad24-a39240cbf49b:192.168.11.194:33639). Request must be sent to leader., logIndex=0, commits[0666f3d0-b0ba-4adb-9817-a431646379e2:c-1]
2019-06-13 18:26:38,178 WARN  client.GrpcClientProtocolService (LogUtils.java:warn(134)) - 0-OrderedRequestStreamObserver0: onError: org.apache.ratis.thirdparty.io.grpc.StatusRuntimeException: CANCELLED: cancelled before receiving half close
2019-06-13 18:26:38,357 INFO  impl.FollowerState (FollowerState.java:run(101)) - feaaab5f-e1c4-487c-ad24-a39240cbf49b:group-EA16924D1F01 changes to CANDIDATE, lastRpcTime:1165, electionTimeout:1165ms
2019-06-13 18:26:38,359 INFO  impl.RoleInfo (RoleInfo.java:shutdownFollowerState(121)) - feaaab5f-e1c4-487c-ad24-a39240cbf49b: shutdown FollowerState
2019-06-13 18:26:38,359 INFO  impl.RaftServerImpl (RaftServerImpl.java:setRole(164)) - feaaab5f-e1c4-487c-ad24-a39240cbf49b:group-EA16924D1F01 changes role from FOLLOWER to CANDIDATE at term 0 for changeToCandidate
2019-06-13 18:26:38,360 INFO  impl.RoleInfo (RoleInfo.java:updateAndGet(143)) - feaaab5f-e1c4-487c-ad24-a39240cbf49b: start LeaderElection
2019-06-13 18:26:38,365 INFO  impl.LeaderElection (LeaderElection.java:askForVotes(181)) - feaaab5f-e1c4-487c-ad24-a39240cbf49b:group-EA16924D1F01:LeaderElection11: begin an election at term 1 for -1: [feaaab5f-e1c4-487c-ad24-a39240cbf49b:192.168.11.194:33639], old=null
2019-06-13 18:26:38,365 INFO  impl.RoleInfo (RoleInfo.java:shutdownLeaderElection(134)) - feaaab5f-e1c4-487c-ad24-a39240cbf49b: shutdown LeaderElection
2019-06-13 18:26:38,365 INFO  impl.RaftServerImpl (RaftServerImpl.java:setRole(164)) - feaaab5f-e1c4-487c-ad24-a39240cbf49b:group-EA16924D1F01 changes role from CANDIDATE to LEADER at term 1 for changeToLeader
2019-06-13 18:26:38,365 INFO  impl.RaftServerImpl (ServerState.java:setLeader(263)) - feaaab5f-e1c4-487c-ad24-a39240cbf49b:group-EA16924D1F01 change Leader from null to feaaab5f-e1c4-487c-ad24-a39240cbf49b at term 1 for becomeLeader, leader elected after 1175ms
2019-06-13 18:26:38,365 INFO  server.RaftServerConfigKeys (ConfUtils.java:logGet(43)) - raft.server.staging.catchup.gap = 1000 (default)
2019-06-13 18:26:38,365 INFO  server.RaftServerConfigKeys (ConfUtils.java:logGet(43)) - raft.server.rpc.sleep.time = 25ms (default)
2019-06-13 18:26:38,365 INFO  server.RaftServerConfigKeys (ConfUtils.java:logGet(43)) - raft.server.watch.timeout = 10s (default)
2019-06-13 18:26:38,366 INFO  server.RaftServerConfigKeys (ConfUtils.java:logGet(43)) - raft.server.watch.timeout.denomination = 1s (default)
2019-06-13 18:26:38,366 INFO  impl.RoleInfo (RoleInfo.java:updateAndGet(143)) - feaaab5f-e1c4-487c-ad24-a39240cbf49b: start LeaderState
2019-06-13 18:26:38,366 INFO  storage.RaftLogWorker (RaftLogWorker.java:startLogSegment(298)) - feaaab5f-e1c4-487c-ad24-a39240cbf49b-RaftLogWorker: Starting segment from index:0
2019-06-13 18:26:38,366 INFO  impl.RaftServerImpl (ServerState.java:setRaftConf(361)) - feaaab5f-e1c4-487c-ad24-a39240cbf49b:group-EA16924D1F01 set configuration 0: [feaaab5f-e1c4-487c-ad24-a39240cbf49b:192.168.11.194:33639], old=null at 0
2019-06-13 18:26:38,404 INFO  storage.RaftLogWorker (RaftLogWorker.java:execute(469)) - feaaab5f-e1c4-487c-ad24-a39240cbf49b-RaftLogWorker: created new log segment /opt/src/hadoop-ozone/integration-test/target/test-dir/MiniOzoneClusterImpl-e85b742d-9052-4186-88c9-f45ddff6f764/datanode-0/data/ratis/e0268180-81a1-483d-8ba4-ea16924d1f01/current/log_inprogress_0
2019-06-13 18:26:38,460 INFO  impl.FollowerState (FollowerState.java:run(101)) - 0666f3d0-b0ba-4adb-9817-a431646379e2:group-0F37A0CDA62B changes to CANDIDATE, lastRpcTime:1131, electionTimeout:1131ms
2019-06-13 18:26:38,461 INFO  impl.RoleInfo (RoleInfo.java:shutdownFollowerState(121)) - 0666f3d0-b0ba-4adb-9817-a431646379e2: shutdown FollowerState
2019-06-13 18:26:38,461 INFO  impl.RaftServerImpl (RaftServerImpl.java:setRole(164)) - 0666f3d0-b0ba-4adb-9817-a431646379e2:group-0F37A0CDA62B changes role from FOLLOWER to CANDIDATE at term 0 for changeToCandidate
2019-06-13 18:26:38,461 INFO  impl.RoleInfo (RoleInfo.java:updateAndGet(143)) - 0666f3d0-b0ba-4adb-9817-a431646379e2: start LeaderElection
2019-06-13 18:26:38,467 INFO  impl.LeaderElection (LeaderElection.java:askForVotes(181)) - 0666f3d0-b0ba-4adb-9817-a431646379e2:group-0F37A0CDA62B:LeaderElection12: begin an election at term 1 for -1: [0666f3d0-b0ba-4adb-9817-a431646379e2:192.168.11.194:34709], old=null
2019-06-13 18:26:38,467 INFO  impl.RoleInfo (RoleInfo.java:shutdownLeaderElection(134)) - 0666f3d0-b0ba-4adb-9817-a431646379e2: shutdown LeaderElection
2019-06-13 18:26:38,467 INFO  impl.RaftServerImpl (RaftServerImpl.java:setRole(164)) - 0666f3d0-b0ba-4adb-9817-a431646379e2:group-0F37A0CDA62B changes role from CANDIDATE to LEADER at term 1 for changeToLeader
2019-06-13 18:26:38,468 INFO  impl.RaftServerImpl (ServerState.java:setLeader(263)) - 0666f3d0-b0ba-4adb-9817-a431646379e2:group-0F37A0CDA62B change Leader from null to 0666f3d0-b0ba-4adb-9817-a431646379e2 at term 1 for becomeLeader, leader elected after 1140ms
2019-06-13 18:26:38,468 INFO  server.RaftServerConfigKeys (ConfUtils.java:logGet(43)) - raft.server.staging.catchup.gap = 1000 (default)
2019-06-13 18:26:38,468 INFO  server.RaftServerConfigKeys (ConfUtils.java:logGet(43)) - raft.server.rpc.sleep.time = 25ms (default)
2019-06-13 18:26:38,468 INFO  server.RaftServerConfigKeys (ConfUtils.java:logGet(43)) - raft.server.watch.timeout = 10s (default)
2019-06-13 18:26:38,468 INFO  server.RaftServerConfigKeys (ConfUtils.java:logGet(43)) - raft.server.watch.timeout.denomination = 1s (default)
2019-06-13 18:26:38,468 INFO  impl.RoleInfo (RoleInfo.java:updateAndGet(143)) - 0666f3d0-b0ba-4adb-9817-a431646379e2: start LeaderState
2019-06-13 18:26:38,468 INFO  storage.RaftLogWorker (RaftLogWorker.java:startLogSegment(298)) - 0666f3d0-b0ba-4adb-9817-a431646379e2-RaftLogWorker: Starting segment from index:0
2019-06-13 18:26:38,469 INFO  impl.RaftServerImpl (ServerState.java:setRaftConf(361)) - 0666f3d0-b0ba-4adb-9817-a431646379e2:group-0F37A0CDA62B set configuration 0: [0666f3d0-b0ba-4adb-9817-a431646379e2:192.168.11.194:34709], old=null at 0
2019-06-13 18:26:38,506 INFO  storage.RaftLogWorker (RaftLogWorker.java:execute(469)) - 0666f3d0-b0ba-4adb-9817-a431646379e2-RaftLogWorker: created new log segment /opt/src/hadoop-ozone/integration-test/target/test-dir/MiniOzoneClusterImpl-e85b742d-9052-4186-88c9-f45ddff6f764/datanode-1/data/ratis/57eaf8be-fa3b-4332-9484-0f37a0cda62b/current/log_inprogress_0
2019-06-13 18:26:38,547 INFO  impl.FollowerState (FollowerState.java:run(101)) - 0666f3d0-b0ba-4adb-9817-a431646379e2:group-D207D91A3FC3 changes to CANDIDATE, lastRpcTime:1008, electionTimeout:1004ms
2019-06-13 18:26:38,547 INFO  impl.RoleInfo (RoleInfo.java:shutdownFollowerState(121)) - 0666f3d0-b0ba-4adb-9817-a431646379e2: shutdown FollowerState
2019-06-13 18:26:38,547 INFO  impl.RaftServerImpl (RaftServerImpl.java:setRole(164)) - 0666f3d0-b0ba-4adb-9817-a431646379e2:group-D207D91A3FC3 changes role from FOLLOWER to CANDIDATE at term 0 for changeToCandidate
2019-06-13 18:26:38,547 INFO  impl.RoleInfo (RoleInfo.java:updateAndGet(143)) - 0666f3d0-b0ba-4adb-9817-a431646379e2: start LeaderElection
2019-06-13 18:26:38,553 INFO  impl.LeaderElection (LeaderElection.java:askForVotes(181)) - 0666f3d0-b0ba-4adb-9817-a431646379e2:group-D207D91A3FC3:LeaderElection13: begin an election at term 1 for -1: [0666f3d0-b0ba-4adb-9817-a431646379e2:192.168.11.194:34709, c28f7aec-c179-4d06-bd8a-6051b90a5cad:192.168.11.194:46187, feaaab5f-e1c4-487c-ad24-a39240cbf49b:192.168.11.194:33639], old=null
2019-06-13 18:26:38,564 INFO  impl.RaftServerImpl (RaftServerImpl.java:setRole(164)) - feaaab5f-e1c4-487c-ad24-a39240cbf49b:group-D207D91A3FC3 changes role from FOLLOWER to FOLLOWER at term 1 for recognizeCandidate:0666f3d0-b0ba-4adb-9817-a431646379e2
2019-06-13 18:26:38,564 INFO  impl.RaftServerImpl (RaftServerImpl.java:setRole(164)) - c28f7aec-c179-4d06-bd8a-6051b90a5cad:group-D207D91A3FC3 changes role from FOLLOWER to FOLLOWER at term 1 for recognizeCandidate:0666f3d0-b0ba-4adb-9817-a431646379e2
2019-06-13 18:26:38,564 INFO  impl.RoleInfo (RoleInfo.java:shutdownFollowerState(121)) - c28f7aec-c179-4d06-bd8a-6051b90a5cad: shutdown FollowerState
2019-06-13 18:26:38,564 INFO  impl.RoleInfo (RoleInfo.java:updateAndGet(143)) - c28f7aec-c179-4d06-bd8a-6051b90a5cad: start FollowerState
2019-06-13 18:26:38,564 INFO  impl.RoleInfo (RoleInfo.java:shutdownFollowerState(121)) - feaaab5f-e1c4-487c-ad24-a39240cbf49b: shutdown FollowerState
2019-06-13 18:26:38,564 INFO  impl.FollowerState (FollowerState.java:run(109)) - c28f7aec-c179-4d06-bd8a-6051b90a5cad: FollowerState was interrupted: java.lang.InterruptedException: sleep interrupted
2019-06-13 18:26:38,567 INFO  impl.RoleInfo (RoleInfo.java:updateAndGet(143)) - feaaab5f-e1c4-487c-ad24-a39240cbf49b: start FollowerState
2019-06-13 18:26:38,568 INFO  impl.FollowerState (FollowerState.java:run(109)) - feaaab5f-e1c4-487c-ad24-a39240cbf49b: FollowerState was interrupted: java.lang.InterruptedException: sleep interrupted
2019-06-13 18:26:38,573 INFO  impl.LeaderElection (LeaderElection.java:logAndReturn(56)) - 0666f3d0-b0ba-4adb-9817-a431646379e2:group-D207D91A3FC3:LeaderElection13: Election PASSED; received 1 response(s) [0666f3d0-b0ba-4adb-9817-a431646379e2->c28f7aec-c179-4d06-bd8a-6051b90a5cad,true-t1] and 0 exception(s); 0666f3d0-b0ba-4adb-9817-a431646379e2:t1, leader=null, voted=0666f3d0-b0ba-4adb-9817-a431646379e2, raftlog=0666f3d0-b0ba-4adb-9817-a431646379e2-SegmentedRaftLog:OPENED:c-1,f-1,i0, conf=-1: [0666f3d0-b0ba-4adb-9817-a431646379e2:192.168.11.194:34709, c28f7aec-c179-4d06-bd8a-6051b90a5cad:192.168.11.194:46187, feaaab5f-e1c4-487c-ad24-a39240cbf49b:192.168.11.194:33639], old=null
2019-06-13 18:26:38,573 INFO  impl.RoleInfo (RoleInfo.java:shutdownLeaderElection(134)) - 0666f3d0-b0ba-4adb-9817-a431646379e2: shutdown LeaderElection
2019-06-13 18:26:38,574 INFO  impl.RaftServerImpl (RaftServerImpl.java:setRole(164)) - 0666f3d0-b0ba-4adb-9817-a431646379e2:group-D207D91A3FC3 changes role from CANDIDATE to LEADER at term 1 for changeToLeader
2019-06-13 18:26:38,574 INFO  impl.RaftServerImpl (ServerState.java:setLeader(263)) - 0666f3d0-b0ba-4adb-9817-a431646379e2:group-D207D91A3FC3 change Leader from null to 0666f3d0-b0ba-4adb-9817-a431646379e2 at term 1 for becomeLeader, leader elected after 1040ms
2019-06-13 18:26:38,574 INFO  server.RaftServerConfigKeys (ConfUtils.java:logGet(43)) - raft.server.staging.catchup.gap = 1000 (default)
2019-06-13 18:26:38,574 INFO  server.RaftServerConfigKeys (ConfUtils.java:logGet(43)) - raft.server.rpc.sleep.time = 25ms (default)
2019-06-13 18:26:38,575 INFO  server.RaftServerConfigKeys (ConfUtils.java:logGet(43)) - raft.server.watch.timeout = 10s (default)
2019-06-13 18:26:38,575 INFO  server.RaftServerConfigKeys (ConfUtils.java:logGet(43)) - raft.server.watch.timeout.denomination = 1s (default)
2019-06-13 18:26:38,575 INFO  server.RaftServerConfigKeys (ConfUtils.java:logGet(43)) - raft.server.log.appender.snapshot.chunk.size.max = 16MB (=16777216) (default)
2019-06-13 18:26:38,575 INFO  server.RaftServerConfigKeys (ConfUtils.java:logGet(43)) - raft.server.log.appender.buffer.byte-limit = 33554432 (custom)
2019-06-13 18:26:38,575 INFO  server.RaftServerConfigKeys (ConfUtils.java:logGet(43)) - raft.server.log.appender.buffer.element-limit = 1 (custom)
2019-06-13 18:26:38,575 INFO  grpc.GrpcConfigKeys$Server (ConfUtils.java:logGet(43)) - raft.grpc.server.leader.outstanding.appends.max = 128 (default)
2019-06-13 18:26:38,575 INFO  server.RaftServerConfigKeys (ConfUtils.java:logGet(43)) - raft.server.rpc.request.timeout = 3000ms (default)
2019-06-13 18:26:38,575 INFO  server.RaftServerConfigKeys (ConfUtils.java:logGet(43)) - raft.server.log.appender.install.snapshot.enabled = true (default)
2019-06-13 18:26:38,575 INFO  server.RaftServerConfigKeys (ConfUtils.java:logGet(43)) - raft.server.log.appender.snapshot.chunk.size.max = 16MB (=16777216) (default)
2019-06-13 18:26:38,575 INFO  server.RaftServerConfigKeys (ConfUtils.java:logGet(43)) - raft.server.log.appender.buffer.byte-limit = 33554432 (custom)
2019-06-13 18:26:38,576 INFO  server.RaftServerConfigKeys (ConfUtils.java:logGet(43)) - raft.server.log.appender.buffer.element-limit = 1 (custom)
2019-06-13 18:26:38,576 INFO  grpc.GrpcConfigKeys$Server (ConfUtils.java:logGet(43)) - raft.grpc.server.leader.outstanding.appends.max = 128 (default)
2019-06-13 18:26:38,576 INFO  server.RaftServerConfigKeys (ConfUtils.java:logGet(43)) - raft.server.rpc.request.timeout = 3000ms (default)
2019-06-13 18:26:38,576 INFO  server.RaftServerConfigKeys (ConfUtils.java:logGet(43)) - raft.server.log.appender.install.snapshot.enabled = true (default)
2019-06-13 18:26:38,576 INFO  impl.RoleInfo (RoleInfo.java:updateAndGet(143)) - 0666f3d0-b0ba-4adb-9817-a431646379e2: start LeaderState
2019-06-13 18:26:38,576 INFO  storage.RaftLogWorker (RaftLogWorker.java:startLogSegment(298)) - 0666f3d0-b0ba-4adb-9817-a431646379e2-RaftLogWorker: Starting segment from index:0
2019-06-13 18:26:38,578 INFO  impl.RaftServerImpl (ServerState.java:setLeader(263)) - c28f7aec-c179-4d06-bd8a-6051b90a5cad:group-D207D91A3FC3 change Leader from null to 0666f3d0-b0ba-4adb-9817-a431646379e2 at term 1 for appendEntries, leader elected after 1053ms
2019-06-13 18:26:38,617 INFO  impl.RaftServerImpl (ServerState.java:setRaftConf(361)) - 0666f3d0-b0ba-4adb-9817-a431646379e2:group-D207D91A3FC3 set configuration 0: [0666f3d0-b0ba-4adb-9817-a431646379e2:192.168.11.194:34709, c28f7aec-c179-4d06-bd8a-6051b90a5cad:192.168.11.194:46187, feaaab5f-e1c4-487c-ad24-a39240cbf49b:192.168.11.194:33639], old=null at 0
2019-06-13 18:26:38,619 INFO  storage.RaftLogWorker (RaftLogWorker.java:execute(469)) - 0666f3d0-b0ba-4adb-9817-a431646379e2-RaftLogWorker: created new log segment /opt/src/hadoop-ozone/integration-test/target/test-dir/MiniOzoneClusterImpl-e85b742d-9052-4186-88c9-f45ddff6f764/datanode-1/data/ratis/daefc498-586e-40b4-9d7b-d207d91a3fc3/current/log_inprogress_0
2019-06-13 18:26:38,620 INFO  impl.RaftServerImpl (ServerState.java:setLeader(263)) - feaaab5f-e1c4-487c-ad24-a39240cbf49b:group-D207D91A3FC3 change Leader from null to 0666f3d0-b0ba-4adb-9817-a431646379e2 at term 1 for appendEntries, leader elected after 1093ms
2019-06-13 18:26:38,626 INFO  impl.RaftServerImpl (ServerState.java:setRaftConf(361)) - c28f7aec-c179-4d06-bd8a-6051b90a5cad:group-D207D91A3FC3 set configuration 0: [0666f3d0-b0ba-4adb-9817-a431646379e2:192.168.11.194:34709, c28f7aec-c179-4d06-bd8a-6051b90a5cad:192.168.11.194:46187, feaaab5f-e1c4-487c-ad24-a39240cbf49b:192.168.11.194:33639], old=null at 0
2019-06-13 18:26:38,627 INFO  storage.RaftLogWorker (RaftLogWorker.java:startLogSegment(298)) - c28f7aec-c179-4d06-bd8a-6051b90a5cad-RaftLogWorker: Starting segment from index:0
2019-06-13 18:26:38,628 INFO  impl.RaftServerImpl (ServerState.java:setRaftConf(361)) - feaaab5f-e1c4-487c-ad24-a39240cbf49b:group-D207D91A3FC3 set configuration 0: [0666f3d0-b0ba-4adb-9817-a431646379e2:192.168.11.194:34709, c28f7aec-c179-4d06-bd8a-6051b90a5cad:192.168.11.194:46187, feaaab5f-e1c4-487c-ad24-a39240cbf49b:192.168.11.194:33639], old=null at 0
2019-06-13 18:26:38,628 INFO  storage.RaftLogWorker (RaftLogWorker.java:startLogSegment(298)) - feaaab5f-e1c4-487c-ad24-a39240cbf49b-RaftLogWorker: Starting segment from index:0
2019-06-13 18:26:38,637 INFO  impl.FollowerState (FollowerState.java:run(101)) - c28f7aec-c179-4d06-bd8a-6051b90a5cad:group-DE6C7C5436B6 changes to CANDIDATE, lastRpcTime:1134, electionTimeout:1134ms
2019-06-13 18:26:38,637 INFO  impl.RoleInfo (RoleInfo.java:shutdownFollowerState(121)) - c28f7aec-c179-4d06-bd8a-6051b90a5cad: shutdown FollowerState
2019-06-13 18:26:38,637 INFO  impl.RaftServerImpl (RaftServerImpl.java:setRole(164)) - c28f7aec-c179-4d06-bd8a-6051b90a5cad:group-DE6C7C5436B6 changes role from FOLLOWER to CANDIDATE at term 0 for changeToCandidate
2019-06-13 18:26:38,637 INFO  impl.RoleInfo (RoleInfo.java:updateAndGet(143)) - c28f7aec-c179-4d06-bd8a-6051b90a5cad: start LeaderElection
2019-06-13 18:26:38,670 INFO  storage.RaftLogWorker (RaftLogWorker.java:execute(469)) - c28f7aec-c179-4d06-bd8a-6051b90a5cad-RaftLogWorker: created new log segment /opt/src/hadoop-ozone/integration-test/target/test-dir/MiniOzoneClusterImpl-e85b742d-9052-4186-88c9-f45ddff6f764/datanode-2/data/ratis/daefc498-586e-40b4-9d7b-d207d91a3fc3/current/log_inprogress_0
2019-06-13 18:26:38,671 INFO  impl.LeaderElection (LeaderElection.java:askForVotes(181)) - c28f7aec-c179-4d06-bd8a-6051b90a5cad:group-DE6C7C5436B6:LeaderElection14: begin an election at term 1 for -1: [c28f7aec-c179-4d06-bd8a-6051b90a5cad:192.168.11.194:46187], old=null
2019-06-13 18:26:38,670 INFO  storage.RaftLogWorker (RaftLogWorker.java:execute(469)) - feaaab5f-e1c4-487c-ad24-a39240cbf49b-RaftLogWorker: created new log segment /opt/src/hadoop-ozone/integration-test/target/test-dir/MiniOzoneClusterImpl-e85b742d-9052-4186-88c9-f45ddff6f764/datanode-0/data/ratis/daefc498-586e-40b4-9d7b-d207d91a3fc3/current/log_inprogress_0
2019-06-13 18:26:38,671 INFO  impl.RoleInfo (RoleInfo.java:shutdownLeaderElection(134)) - c28f7aec-c179-4d06-bd8a-6051b90a5cad: shutdown LeaderElection
2019-06-13 18:26:38,671 INFO  impl.RaftServerImpl (RaftServerImpl.java:setRole(164)) - c28f7aec-c179-4d06-bd8a-6051b90a5cad:group-DE6C7C5436B6 changes role from CANDIDATE to LEADER at term 1 for changeToLeader
2019-06-13 18:26:38,671 INFO  impl.RaftServerImpl (ServerState.java:setLeader(263)) - c28f7aec-c179-4d06-bd8a-6051b90a5cad:group-DE6C7C5436B6 change Leader from null to c28f7aec-c179-4d06-bd8a-6051b90a5cad at term 1 for becomeLeader, leader elected after 1170ms
2019-06-13 18:26:38,671 INFO  server.RaftServerConfigKeys (ConfUtils.java:logGet(43)) - raft.server.staging.catchup.gap = 1000 (default)
2019-06-13 18:26:38,671 INFO  server.RaftServerConfigKeys (ConfUtils.java:logGet(43)) - raft.server.rpc.sleep.time = 25ms (default)
2019-06-13 18:26:38,671 INFO  server.RaftServerConfigKeys (ConfUtils.java:logGet(43)) - raft.server.watch.timeout = 10s (default)
2019-06-13 18:26:38,671 INFO  server.RaftServerConfigKeys (ConfUtils.java:logGet(43)) - raft.server.watch.timeout.denomination = 1s (default)
2019-06-13 18:26:38,672 INFO  impl.RoleInfo (RoleInfo.java:updateAndGet(143)) - c28f7aec-c179-4d06-bd8a-6051b90a5cad: start LeaderState
2019-06-13 18:26:38,672 INFO  storage.RaftLogWorker (RaftLogWorker.java:startLogSegment(298)) - c28f7aec-c179-4d06-bd8a-6051b90a5cad-RaftLogWorker: Starting segment from index:0
2019-06-13 18:26:38,678 INFO  impl.RaftServerImpl (ServerState.java:setRaftConf(361)) - c28f7aec-c179-4d06-bd8a-6051b90a5cad:group-DE6C7C5436B6 set configuration 0: [c28f7aec-c179-4d06-bd8a-6051b90a5cad:192.168.11.194:46187], old=null at 0
2019-06-13 18:26:38,711 INFO  storage.RaftLogWorker (RaftLogWorker.java:execute(469)) - c28f7aec-c179-4d06-bd8a-6051b90a5cad-RaftLogWorker: created new log segment /opt/src/hadoop-ozone/integration-test/target/test-dir/MiniOzoneClusterImpl-e85b742d-9052-4186-88c9-f45ddff6f764/datanode-2/data/ratis/80f0e978-2726-477b-bfc3-de6c7c5436b6/current/log_inprogress_0
2019-06-13 18:26:38,840 INFO  impl.FollowerState (FollowerState.java:run(101)) - b0549d51-f97f-405f-9cfd-170fb77cd442:group-3CF88FC0A5FC changes to CANDIDATE, lastRpcTime:1167, electionTimeout:1167ms
2019-06-13 18:26:38,841 INFO  impl.RoleInfo (RoleInfo.java:shutdownFollowerState(121)) - b0549d51-f97f-405f-9cfd-170fb77cd442: shutdown FollowerState
2019-06-13 18:26:38,841 INFO  impl.RaftServerImpl (RaftServerImpl.java:setRole(164)) - b0549d51-f97f-405f-9cfd-170fb77cd442:group-3CF88FC0A5FC changes role from FOLLOWER to CANDIDATE at term 0 for changeToCandidate
2019-06-13 18:26:38,841 INFO  impl.RoleInfo (RoleInfo.java:updateAndGet(143)) - b0549d51-f97f-405f-9cfd-170fb77cd442: start LeaderElection
2019-06-13 18:26:38,847 INFO  impl.LeaderElection (LeaderElection.java:askForVotes(181)) - b0549d51-f97f-405f-9cfd-170fb77cd442:group-3CF88FC0A5FC:LeaderElection15: begin an election at term 1 for -1: [b0549d51-f97f-405f-9cfd-170fb77cd442:192.168.11.194:43219], old=null
2019-06-13 18:26:38,847 INFO  impl.RoleInfo (RoleInfo.java:shutdownLeaderElection(134)) - b0549d51-f97f-405f-9cfd-170fb77cd442: shutdown LeaderElection
2019-06-13 18:26:38,847 INFO  impl.RaftServerImpl (RaftServerImpl.java:setRole(164)) - b0549d51-f97f-405f-9cfd-170fb77cd442:group-3CF88FC0A5FC changes role from CANDIDATE to LEADER at term 1 for changeToLeader
2019-06-13 18:26:38,847 INFO  impl.RaftServerImpl (ServerState.java:setLeader(263)) - b0549d51-f97f-405f-9cfd-170fb77cd442:group-3CF88FC0A5FC change Leader from null to b0549d51-f97f-405f-9cfd-170fb77cd442 at term 1 for becomeLeader, leader elected after 1175ms
2019-06-13 18:26:38,847 INFO  server.RaftServerConfigKeys (ConfUtils.java:logGet(43)) - raft.server.staging.catchup.gap = 1000 (default)
2019-06-13 18:26:38,847 INFO  server.RaftServerConfigKeys (ConfUtils.java:logGet(43)) - raft.server.rpc.sleep.time = 25ms (default)
2019-06-13 18:26:38,847 INFO  server.RaftServerConfigKeys (ConfUtils.java:logGet(43)) - raft.server.watch.timeout = 10s (default)
2019-06-13 18:26:38,847 INFO  server.RaftServerConfigKeys (ConfUtils.java:logGet(43)) - raft.server.watch.timeout.denomination = 1s (default)
2019-06-13 18:26:38,847 INFO  impl.RoleInfo (RoleInfo.java:updateAndGet(143)) - b0549d51-f97f-405f-9cfd-170fb77cd442: start LeaderState
2019-06-13 18:26:38,847 INFO  storage.RaftLogWorker (RaftLogWorker.java:startLogSegment(298)) - b0549d51-f97f-405f-9cfd-170fb77cd442-RaftLogWorker: Starting segment from index:0
2019-06-13 18:26:38,848 INFO  impl.RaftServerImpl (ServerState.java:setRaftConf(361)) - b0549d51-f97f-405f-9cfd-170fb77cd442:group-3CF88FC0A5FC set configuration 0: [b0549d51-f97f-405f-9cfd-170fb77cd442:192.168.11.194:43219], old=null at 0
2019-06-13 18:26:38,886 INFO  storage.RaftLogWorker (RaftLogWorker.java:execute(469)) - b0549d51-f97f-405f-9cfd-170fb77cd442-RaftLogWorker: created new log segment /opt/src/hadoop-ozone/integration-test/target/test-dir/MiniOzoneClusterImpl-e85b742d-9052-4186-88c9-f45ddff6f764/datanode-3/data/ratis/689852f1-24eb-4467-8b6d-3cf88fc0a5fc/current/log_inprogress_0
2019-06-13 18:26:38,931 INFO  impl.FollowerState (FollowerState.java:run(101)) - 3e4c7977-0f01-405e-a7f2-28f198598a56:group-0D508F7C6697 changes to CANDIDATE, lastRpcTime:1113, electionTimeout:1113ms
2019-06-13 18:26:38,931 INFO  impl.RoleInfo (RoleInfo.java:shutdownFollowerState(121)) - 3e4c7977-0f01-405e-a7f2-28f198598a56: shutdown FollowerState
2019-06-13 18:26:38,931 INFO  impl.RaftServerImpl (RaftServerImpl.java:setRole(164)) - 3e4c7977-0f01-405e-a7f2-28f198598a56:group-0D508F7C6697 changes role from FOLLOWER to CANDIDATE at term 0 for changeToCandidate
2019-06-13 18:26:38,931 INFO  impl.RoleInfo (RoleInfo.java:updateAndGet(143)) - 3e4c7977-0f01-405e-a7f2-28f198598a56: start LeaderElection
2019-06-13 18:26:38,937 INFO  impl.LeaderElection (LeaderElection.java:askForVotes(181)) - 3e4c7977-0f01-405e-a7f2-28f198598a56:group-0D508F7C6697:LeaderElection16: begin an election at term 1 for -1: [3e4c7977-0f01-405e-a7f2-28f198598a56:192.168.11.194:43177], old=null
2019-06-13 18:26:38,937 INFO  impl.RoleInfo (RoleInfo.java:shutdownLeaderElection(134)) - 3e4c7977-0f01-405e-a7f2-28f198598a56: shutdown LeaderElection
2019-06-13 18:26:38,937 INFO  impl.RaftServerImpl (RaftServerImpl.java:setRole(164)) - 3e4c7977-0f01-405e-a7f2-28f198598a56:group-0D508F7C6697 changes role from CANDIDATE to LEADER at term 1 for changeToLeader
2019-06-13 18:26:38,937 INFO  impl.RaftServerImpl (ServerState.java:setLeader(263)) - 3e4c7977-0f01-405e-a7f2-28f198598a56:group-0D508F7C6697 change Leader from null to 3e4c7977-0f01-405e-a7f2-28f198598a56 at term 1 for becomeLeader, leader elected after 1121ms
2019-06-13 18:26:38,937 INFO  server.RaftServerConfigKeys (ConfUtils.java:logGet(43)) - raft.server.staging.catchup.gap = 1000 (default)
2019-06-13 18:26:38,937 INFO  server.RaftServerConfigKeys (ConfUtils.java:logGet(43)) - raft.server.rpc.sleep.time = 25ms (default)
2019-06-13 18:26:38,938 INFO  server.RaftServerConfigKeys (ConfUtils.java:logGet(43)) - raft.server.watch.timeout = 10s (default)
2019-06-13 18:26:38,938 INFO  server.RaftServerConfigKeys (ConfUtils.java:logGet(43)) - raft.server.watch.timeout.denomination = 1s (default)
2019-06-13 18:26:38,938 INFO  impl.RoleInfo (RoleInfo.java:updateAndGet(143)) - 3e4c7977-0f01-405e-a7f2-28f198598a56: start LeaderState
2019-06-13 18:26:38,938 INFO  storage.RaftLogWorker (RaftLogWorker.java:startLogSegment(298)) - 3e4c7977-0f01-405e-a7f2-28f198598a56-RaftLogWorker: Starting segment from index:0
2019-06-13 18:26:38,938 INFO  impl.RaftServerImpl (ServerState.java:setRaftConf(361)) - 3e4c7977-0f01-405e-a7f2-28f198598a56:group-0D508F7C6697 set configuration 0: [3e4c7977-0f01-405e-a7f2-28f198598a56:192.168.11.194:43177], old=null at 0
2019-06-13 18:26:38,975 INFO  storage.RaftLogWorker (RaftLogWorker.java:execute(469)) - 3e4c7977-0f01-405e-a7f2-28f198598a56-RaftLogWorker: created new log segment /opt/src/hadoop-ozone/integration-test/target/test-dir/MiniOzoneClusterImpl-e85b742d-9052-4186-88c9-f45ddff6f764/datanode-4/data/ratis/7e03e120-8258-44b6-830d-0d508f7c6697/current/log_inprogress_0
2019-06-13 18:26:39,063 INFO  impl.FollowerState (FollowerState.java:run(101)) - b0549d51-f97f-405f-9cfd-170fb77cd442:group-28D1EEAAAEEA changes to CANDIDATE, lastRpcTime:1082, electionTimeout:1080ms
2019-06-13 18:26:39,063 INFO  impl.RoleInfo (RoleInfo.java:shutdownFollowerState(121)) - b0549d51-f97f-405f-9cfd-170fb77cd442: shutdown FollowerState
2019-06-13 18:26:39,063 INFO  impl.RaftServerImpl (RaftServerImpl.java:setRole(164)) - b0549d51-f97f-405f-9cfd-170fb77cd442:group-28D1EEAAAEEA changes role from FOLLOWER to CANDIDATE at term 0 for changeToCandidate
2019-06-13 18:26:39,063 INFO  impl.RoleInfo (RoleInfo.java:updateAndGet(143)) - b0549d51-f97f-405f-9cfd-170fb77cd442: start LeaderElection
2019-06-13 18:26:39,069 INFO  impl.LeaderElection (LeaderElection.java:askForVotes(181)) - b0549d51-f97f-405f-9cfd-170fb77cd442:group-28D1EEAAAEEA:LeaderElection17: begin an election at term 1 for -1: [3e4c7977-0f01-405e-a7f2-28f198598a56:192.168.11.194:43177, 2fe4bf7f-6b63-49ad-a796-645eca3f0cbf:192.168.11.194:34839, b0549d51-f97f-405f-9cfd-170fb77cd442:192.168.11.194:43219], old=null
2019-06-13 18:26:39,072 INFO  impl.RaftServerImpl (RaftServerImpl.java:setRole(164)) - 3e4c7977-0f01-405e-a7f2-28f198598a56:group-28D1EEAAAEEA changes role from FOLLOWER to FOLLOWER at term 1 for recognizeCandidate:b0549d51-f97f-405f-9cfd-170fb77cd442
2019-06-13 18:26:39,072 INFO  impl.RoleInfo (RoleInfo.java:shutdownFollowerState(121)) - 3e4c7977-0f01-405e-a7f2-28f198598a56: shutdown FollowerState
2019-06-13 18:26:39,073 INFO  impl.RoleInfo (RoleInfo.java:updateAndGet(143)) - 3e4c7977-0f01-405e-a7f2-28f198598a56: start FollowerState
2019-06-13 18:26:39,072 INFO  impl.RaftServerImpl (RaftServerImpl.java:setRole(164)) - 2fe4bf7f-6b63-49ad-a796-645eca3f0cbf:group-28D1EEAAAEEA changes role from FOLLOWER to FOLLOWER at term 1 for recognizeCandidate:b0549d51-f97f-405f-9cfd-170fb77cd442
2019-06-13 18:26:39,073 INFO  impl.RoleInfo (RoleInfo.java:shutdownFollowerState(121)) - 2fe4bf7f-6b63-49ad-a796-645eca3f0cbf: shutdown FollowerState
2019-06-13 18:26:39,073 INFO  impl.RoleInfo (RoleInfo.java:updateAndGet(143)) - 2fe4bf7f-6b63-49ad-a796-645eca3f0cbf: start FollowerState
2019-06-13 18:26:39,073 INFO  impl.FollowerState (FollowerState.java:run(109)) - 3e4c7977-0f01-405e-a7f2-28f198598a56: FollowerState was interrupted: java.lang.InterruptedException: sleep interrupted
2019-06-13 18:26:39,075 INFO  impl.FollowerState (FollowerState.java:run(109)) - 2fe4bf7f-6b63-49ad-a796-645eca3f0cbf: FollowerState was interrupted: java.lang.InterruptedException: sleep interrupted
2019-06-13 18:26:39,079 INFO  impl.LeaderElection (LeaderElection.java:logAndReturn(56)) - b0549d51-f97f-405f-9cfd-170fb77cd442:group-28D1EEAAAEEA:LeaderElection17: Election PASSED; received 1 response(s) [b0549d51-f97f-405f-9cfd-170fb77cd442->3e4c7977-0f01-405e-a7f2-28f198598a56,true-t1] and 0 exception(s); b0549d51-f97f-405f-9cfd-170fb77cd442:t1, leader=null, voted=b0549d51-f97f-405f-9cfd-170fb77cd442, raftlog=b0549d51-f97f-405f-9cfd-170fb77cd442-SegmentedRaftLog:OPENED:c-1,f-1,i0, conf=-1: [3e4c7977-0f01-405e-a7f2-28f198598a56:192.168.11.194:43177, 2fe4bf7f-6b63-49ad-a796-645eca3f0cbf:192.168.11.194:34839, b0549d51-f97f-405f-9cfd-170fb77cd442:192.168.11.194:43219], old=null
2019-06-13 18:26:39,079 INFO  impl.RoleInfo (RoleInfo.java:shutdownLeaderElection(134)) - b0549d51-f97f-405f-9cfd-170fb77cd442: shutdown LeaderElection
2019-06-13 18:26:39,084 INFO  impl.RaftServerImpl (RaftServerImpl.java:setRole(164)) - b0549d51-f97f-405f-9cfd-170fb77cd442:group-28D1EEAAAEEA changes role from CANDIDATE to LEADER at term 1 for changeToLeader
2019-06-13 18:26:39,084 INFO  impl.RaftServerImpl (ServerState.java:setLeader(263)) - b0549d51-f97f-405f-9cfd-170fb77cd442:group-28D1EEAAAEEA change Leader from null to b0549d51-f97f-405f-9cfd-170fb77cd442 at term 1 for becomeLeader, leader elected after 1106ms
2019-06-13 18:26:39,084 INFO  server.RaftServerConfigKeys (ConfUtils.java:logGet(43)) - raft.server.staging.catchup.gap = 1000 (default)
2019-06-13 18:26:39,084 INFO  server.RaftServerConfigKeys (ConfUtils.java:logGet(43)) - raft.server.rpc.sleep.time = 25ms (default)
2019-06-13 18:26:39,084 INFO  server.RaftServerConfigKeys (ConfUtils.java:logGet(43)) - raft.server.watch.timeout = 10s (default)
2019-06-13 18:26:39,084 INFO  server.RaftServerConfigKeys (ConfUtils.java:logGet(43)) - raft.server.watch.timeout.denomination = 1s (default)
2019-06-13 18:26:39,085 INFO  server.RaftServerConfigKeys (ConfUtils.java:logGet(43)) - raft.server.log.appender.snapshot.chunk.size.max = 16MB (=16777216) (default)
2019-06-13 18:26:39,085 INFO  server.RaftServerConfigKeys (ConfUtils.java:logGet(43)) - raft.server.log.appender.buffer.byte-limit = 33554432 (custom)
2019-06-13 18:26:39,085 INFO  server.RaftServerConfigKeys (ConfUtils.java:logGet(43)) - raft.server.log.appender.buffer.element-limit = 1 (custom)
2019-06-13 18:26:39,085 INFO  grpc.GrpcConfigKeys$Server (ConfUtils.java:logGet(43)) - raft.grpc.server.leader.outstanding.appends.max = 128 (default)
2019-06-13 18:26:39,085 INFO  server.RaftServerConfigKeys (ConfUtils.java:logGet(43)) - raft.server.rpc.request.timeout = 3000ms (default)
2019-06-13 18:26:39,085 INFO  server.RaftServerConfigKeys (ConfUtils.java:logGet(43)) - raft.server.log.appender.install.snapshot.enabled = true (default)
2019-06-13 18:26:39,085 INFO  server.RaftServerConfigKeys (ConfUtils.java:logGet(43)) - raft.server.log.appender.snapshot.chunk.size.max = 16MB (=16777216) (default)
2019-06-13 18:26:39,085 INFO  server.RaftServerConfigKeys (ConfUtils.java:logGet(43)) - raft.server.log.appender.buffer.byte-limit = 33554432 (custom)
2019-06-13 18:26:39,085 INFO  server.RaftServerConfigKeys (ConfUtils.java:logGet(43)) - raft.server.log.appender.buffer.element-limit = 1 (custom)
2019-06-13 18:26:39,085 INFO  grpc.GrpcConfigKeys$Server (ConfUtils.java:logGet(43)) - raft.grpc.server.leader.outstanding.appends.max = 128 (default)
2019-06-13 18:26:39,085 INFO  server.RaftServerConfigKeys (ConfUtils.java:logGet(43)) - raft.server.rpc.request.timeout = 3000ms (default)
2019-06-13 18:26:39,086 INFO  server.RaftServerConfigKeys (ConfUtils.java:logGet(43)) - raft.server.log.appender.install.snapshot.enabled = true (default)
2019-06-13 18:26:39,086 INFO  impl.RoleInfo (RoleInfo.java:updateAndGet(143)) - b0549d51-f97f-405f-9cfd-170fb77cd442: start LeaderState
2019-06-13 18:26:39,086 INFO  storage.RaftLogWorker (RaftLogWorker.java:startLogSegment(298)) - b0549d51-f97f-405f-9cfd-170fb77cd442-RaftLogWorker: Starting segment from index:0
2019-06-13 18:26:39,091 INFO  impl.RaftServerImpl (ServerState.java:setRaftConf(361)) - b0549d51-f97f-405f-9cfd-170fb77cd442:group-28D1EEAAAEEA set configuration 0: [3e4c7977-0f01-405e-a7f2-28f198598a56:192.168.11.194:43177, 2fe4bf7f-6b63-49ad-a796-645eca3f0cbf:192.168.11.194:34839, b0549d51-f97f-405f-9cfd-170fb77cd442:192.168.11.194:43219], old=null at 0
2019-06-13 18:26:39,105 INFO  impl.RaftServerImpl (ServerState.java:setLeader(263)) - 3e4c7977-0f01-405e-a7f2-28f198598a56:group-28D1EEAAAEEA change Leader from null to b0549d51-f97f-405f-9cfd-170fb77cd442 at term 1 for appendEntries, leader elected after 1129ms
2019-06-13 18:26:39,127 INFO  impl.FollowerState (FollowerState.java:run(101)) - 2fe4bf7f-6b63-49ad-a796-645eca3f0cbf:group-49A441EBB443 changes to CANDIDATE, lastRpcTime:1173, electionTimeout:1170ms
2019-06-13 18:26:39,128 INFO  impl.RoleInfo (RoleInfo.java:shutdownFollowerState(121)) - 2fe4bf7f-6b63-49ad-a796-645eca3f0cbf: shutdown FollowerState
2019-06-13 18:26:39,128 INFO  impl.RaftServerImpl (RaftServerImpl.java:setRole(164)) - 2fe4bf7f-6b63-49ad-a796-645eca3f0cbf:group-49A441EBB443 changes role from FOLLOWER to CANDIDATE at term 0 for changeToCandidate
2019-06-13 18:26:39,128 INFO  impl.RoleInfo (RoleInfo.java:updateAndGet(143)) - 2fe4bf7f-6b63-49ad-a796-645eca3f0cbf: start LeaderElection
2019-06-13 18:26:39,130 INFO  storage.RaftLogWorker (RaftLogWorker.java:execute(469)) - b0549d51-f97f-405f-9cfd-170fb77cd442-RaftLogWorker: created new log segment /opt/src/hadoop-ozone/integration-test/target/test-dir/MiniOzoneClusterImpl-e85b742d-9052-4186-88c9-f45ddff6f764/datanode-3/data/ratis/7af8db76-7301-40e2-970c-28d1eeaaaeea/current/log_inprogress_0
2019-06-13 18:26:39,132 INFO  impl.RaftServerImpl (ServerState.java:setLeader(263)) - 2fe4bf7f-6b63-49ad-a796-645eca3f0cbf:group-28D1EEAAAEEA change Leader from null to b0549d51-f97f-405f-9cfd-170fb77cd442 at term 1 for appendEntries, leader elected after 1150ms
2019-06-13 18:26:39,135 INFO  impl.LeaderElection (LeaderElection.java:askForVotes(181)) - 2fe4bf7f-6b63-49ad-a796-645eca3f0cbf:group-49A441EBB443:LeaderElection18: begin an election at term 1 for -1: [2fe4bf7f-6b63-49ad-a796-645eca3f0cbf:192.168.11.194:34839], old=null
2019-06-13 18:26:39,135 INFO  impl.RoleInfo (RoleInfo.java:shutdownLeaderElection(134)) - 2fe4bf7f-6b63-49ad-a796-645eca3f0cbf: shutdown LeaderElection
2019-06-13 18:26:39,135 INFO  impl.RaftServerImpl (RaftServerImpl.java:setRole(164)) - 2fe4bf7f-6b63-49ad-a796-645eca3f0cbf:group-49A441EBB443 changes role from CANDIDATE to LEADER at term 1 for changeToLeader
2019-06-13 18:26:39,135 INFO  impl.RaftServerImpl (ServerState.java:setLeader(263)) - 2fe4bf7f-6b63-49ad-a796-645eca3f0cbf:group-49A441EBB443 change Leader from null to 2fe4bf7f-6b63-49ad-a796-645eca3f0cbf at term 1 for becomeLeader, leader elected after 1183ms
2019-06-13 18:26:39,135 INFO  server.RaftServerConfigKeys (ConfUtils.java:logGet(43)) - raft.server.staging.catchup.gap = 1000 (default)
2019-06-13 18:26:39,135 INFO  server.RaftServerConfigKeys (ConfUtils.java:logGet(43)) - raft.server.rpc.sleep.time = 25ms (default)
2019-06-13 18:26:39,136 INFO  server.RaftServerConfigKeys (ConfUtils.java:logGet(43)) - raft.server.watch.timeout = 10s (default)
2019-06-13 18:26:39,136 INFO  server.RaftServerConfigKeys (ConfUtils.java:logGet(43)) - raft.server.watch.timeout.denomination = 1s (default)
2019-06-13 18:26:39,137 INFO  impl.RaftServerImpl (ServerState.java:setRaftConf(361)) - 2fe4bf7f-6b63-49ad-a796-645eca3f0cbf:group-28D1EEAAAEEA set configuration 0: [3e4c7977-0f01-405e-a7f2-28f198598a56:192.168.11.194:43177, 2fe4bf7f-6b63-49ad-a796-645eca3f0cbf:192.168.11.194:34839, b0549d51-f97f-405f-9cfd-170fb77cd442:192.168.11.194:43219], old=null at 0
2019-06-13 18:26:39,137 INFO  storage.RaftLogWorker (RaftLogWorker.java:startLogSegment(298)) - 2fe4bf7f-6b63-49ad-a796-645eca3f0cbf-RaftLogWorker: Starting segment from index:0
2019-06-13 18:26:39,137 INFO  impl.RaftServerImpl (ServerState.java:setRaftConf(361)) - 3e4c7977-0f01-405e-a7f2-28f198598a56:group-28D1EEAAAEEA set configuration 0: [3e4c7977-0f01-405e-a7f2-28f198598a56:192.168.11.194:43177, 2fe4bf7f-6b63-49ad-a796-645eca3f0cbf:192.168.11.194:34839, b0549d51-f97f-405f-9cfd-170fb77cd442:192.168.11.194:43219], old=null at 0
2019-06-13 18:26:39,138 INFO  storage.RaftLogWorker (RaftLogWorker.java:startLogSegment(298)) - 3e4c7977-0f01-405e-a7f2-28f198598a56-RaftLogWorker: Starting segment from index:0
2019-06-13 18:26:39,137 INFO  impl.RoleInfo (RoleInfo.java:updateAndGet(143)) - 2fe4bf7f-6b63-49ad-a796-645eca3f0cbf: start LeaderState
2019-06-13 18:26:39,138 INFO  storage.RaftLogWorker (RaftLogWorker.java:startLogSegment(298)) - 2fe4bf7f-6b63-49ad-a796-645eca3f0cbf-RaftLogWorker: Starting segment from index:0
2019-06-13 18:26:39,143 INFO  impl.RaftServerImpl (ServerState.java:setRaftConf(361)) - 2fe4bf7f-6b63-49ad-a796-645eca3f0cbf:group-49A441EBB443 set configuration 0: [2fe4bf7f-6b63-49ad-a796-645eca3f0cbf:192.168.11.194:34839], old=null at 0
2019-06-13 18:26:39,177 INFO  impl.FollowerState (FollowerState.java:run(101)) - a770b9a5-78cf-49e5-abf3-e50aab235947:group-B166F67D5C40 changes to CANDIDATE, lastRpcTime:1019, electionTimeout:1018ms
2019-06-13 18:26:39,177 INFO  impl.RoleInfo (RoleInfo.java:shutdownFollowerState(121)) - a770b9a5-78cf-49e5-abf3-e50aab235947: shutdown FollowerState
2019-06-13 18:26:39,177 INFO  impl.RaftServerImpl (RaftServerImpl.java:setRole(164)) - a770b9a5-78cf-49e5-abf3-e50aab235947:group-B166F67D5C40 changes role from FOLLOWER to CANDIDATE at term 0 for changeToCandidate
2019-06-13 18:26:39,177 INFO  impl.RoleInfo (RoleInfo.java:updateAndGet(143)) - a770b9a5-78cf-49e5-abf3-e50aab235947: start LeaderElection
2019-06-13 18:26:39,189 INFO  storage.RaftLogWorker (RaftLogWorker.java:execute(469)) - 3e4c7977-0f01-405e-a7f2-28f198598a56-RaftLogWorker: created new log segment /opt/src/hadoop-ozone/integration-test/target/test-dir/MiniOzoneClusterImpl-e85b742d-9052-4186-88c9-f45ddff6f764/datanode-4/data/ratis/7af8db76-7301-40e2-970c-28d1eeaaaeea/current/log_inprogress_0
2019-06-13 18:26:39,189 INFO  storage.RaftLogWorker (RaftLogWorker.java:execute(469)) - 2fe4bf7f-6b63-49ad-a796-645eca3f0cbf-RaftLogWorker: created new log segment /opt/src/hadoop-ozone/integration-test/target/test-dir/MiniOzoneClusterImpl-e85b742d-9052-4186-88c9-f45ddff6f764/datanode-5/data/ratis/a7b85065-3b9a-4211-86a4-49a441ebb443/current/log_inprogress_0
2019-06-13 18:26:39,191 INFO  storage.RaftLogWorker (RaftLogWorker.java:execute(469)) - 2fe4bf7f-6b63-49ad-a796-645eca3f0cbf-RaftLogWorker: created new log segment /opt/src/hadoop-ozone/integration-test/target/test-dir/MiniOzoneClusterImpl-e85b742d-9052-4186-88c9-f45ddff6f764/datanode-5/data/ratis/7af8db76-7301-40e2-970c-28d1eeaaaeea/current/log_inprogress_0
2019-06-13 18:26:39,193 INFO  impl.LeaderElection (LeaderElection.java:askForVotes(181)) - a770b9a5-78cf-49e5-abf3-e50aab235947:group-B166F67D5C40:LeaderElection19: begin an election at term 1 for -1: [a770b9a5-78cf-49e5-abf3-e50aab235947:192.168.11.194:44633], old=null
2019-06-13 18:26:39,193 INFO  impl.RoleInfo (RoleInfo.java:shutdownLeaderElection(134)) - a770b9a5-78cf-49e5-abf3-e50aab235947: shutdown LeaderElection
2019-06-13 18:26:39,194 INFO  impl.RaftServerImpl (RaftServerImpl.java:setRole(164)) - a770b9a5-78cf-49e5-abf3-e50aab235947:group-B166F67D5C40 changes role from CANDIDATE to LEADER at term 1 for changeToLeader
2019-06-13 18:26:39,194 INFO  impl.RaftServerImpl (ServerState.java:setLeader(263)) - a770b9a5-78cf-49e5-abf3-e50aab235947:group-B166F67D5C40 change Leader from null to a770b9a5-78cf-49e5-abf3-e50aab235947 at term 1 for becomeLeader, leader elected after 1039ms
2019-06-13 18:26:39,194 INFO  server.RaftServerConfigKeys (ConfUtils.java:logGet(43)) - raft.server.staging.catchup.gap = 1000 (default)
2019-06-13 18:26:39,194 INFO  server.RaftServerConfigKeys (ConfUtils.java:logGet(43)) - raft.server.rpc.sleep.time = 25ms (default)
2019-06-13 18:26:39,194 INFO  server.RaftServerConfigKeys (ConfUtils.java:logGet(43)) - raft.server.watch.timeout = 10s (default)
2019-06-13 18:26:39,194 INFO  server.RaftServerConfigKeys (ConfUtils.java:logGet(43)) - raft.server.watch.timeout.denomination = 1s (default)
2019-06-13 18:26:39,194 INFO  impl.RoleInfo (RoleInfo.java:updateAndGet(143)) - a770b9a5-78cf-49e5-abf3-e50aab235947: start LeaderState
2019-06-13 18:26:39,195 INFO  client.GrpcClientProtocolClient (GrpcClientProtocolClient.java:onNext(254)) - client-C5A98F51CB54->c28f7aec-c179-4d06-bd8a-6051b90a5cad: receive RaftClientReply:client-C5A98F51CB54->c28f7aec-c179-4d06-bd8a-6051b90a5cad@group-D207D91A3FC3, cid=42, FAILED org.apache.ratis.protocol.NotLeaderException: Server c28f7aec-c179-4d06-bd8a-6051b90a5cad is not the leader (0666f3d0-b0ba-4adb-9817-a431646379e2:192.168.11.194:34709). Request must be sent to leader., logIndex=0, commits[c28f7aec-c179-4d06-bd8a-6051b90a5cad:c0, 0666f3d0-b0ba-4adb-9817-a431646379e2:c0, feaaab5f-e1c4-487c-ad24-a39240cbf49b:c0]
2019-06-13 18:26:39,197 INFO  storage.RaftLogWorker (RaftLogWorker.java:startLogSegment(298)) - a770b9a5-78cf-49e5-abf3-e50aab235947-RaftLogWorker: Starting segment from index:0
2019-06-13 18:26:39,198 INFO  impl.RaftServerImpl (ServerState.java:setRaftConf(361)) - a770b9a5-78cf-49e5-abf3-e50aab235947:group-B166F67D5C40 set configuration 0: [a770b9a5-78cf-49e5-abf3-e50aab235947:192.168.11.194:44633], old=null at 0
2019-06-13 18:26:39,198 WARN  client.GrpcClientProtocolService (LogUtils.java:warn(134)) - 0-OrderedRequestStreamObserver0: onError: org.apache.ratis.thirdparty.io.grpc.StatusRuntimeException: CANCELLED: cancelled before receiving half close
2019-06-13 18:26:39,236 INFO  storage.RaftLogWorker (RaftLogWorker.java:execute(469)) - a770b9a5-78cf-49e5-abf3-e50aab235947-RaftLogWorker: created new log segment /opt/src/hadoop-ozone/integration-test/target/test-dir/MiniOzoneClusterImpl-e85b742d-9052-4186-88c9-f45ddff6f764/datanode-6/data/ratis/f07f7209-5817-4aad-a3db-b166f67d5c40/current/log_inprogress_0
2019-06-13 18:26:40,230 INFO  client.GrpcClientProtocolClient (GrpcClientProtocolClient.java:onNext(254)) - client-C5A98F51CB54->0666f3d0-b0ba-4adb-9817-a431646379e2: receive RaftClientReply:client-C5A98F51CB54->0666f3d0-b0ba-4adb-9817-a431646379e2@group-D207D91A3FC3, cid=42, SUCCESS, logIndex=1, commits[0666f3d0-b0ba-4adb-9817-a431646379e2:c2, c28f7aec-c179-4d06-bd8a-6051b90a5cad:c1, feaaab5f-e1c4-487c-ad24-a39240cbf49b:c1]
2019-06-13 18:26:40,271 INFO  client.GrpcClientProtocolClient (GrpcClientProtocolClient.java:onNext(254)) - client-C5A98F51CB54->0666f3d0-b0ba-4adb-9817-a431646379e2: receive RaftClientReply:client-C5A98F51CB54->0666f3d0-b0ba-4adb-9817-a431646379e2@group-D207D91A3FC3, cid=43, SUCCESS, logIndex=3, commits[0666f3d0-b0ba-4adb-9817-a431646379e2:c4, c28f7aec-c179-4d06-bd8a-6051b90a5cad:c3, feaaab5f-e1c4-487c-ad24-a39240cbf49b:c3]
2019-06-13 18:26:40,307 INFO  client.GrpcClientProtocolClient (GrpcClientProtocolClient.java:onNext(254)) - client-C5A98F51CB54->0666f3d0-b0ba-4adb-9817-a431646379e2: receive RaftClientReply:client-C5A98F51CB54->0666f3d0-b0ba-4adb-9817-a431646379e2@group-D207D91A3FC3, cid=44, SUCCESS, logIndex=5, commits[0666f3d0-b0ba-4adb-9817-a431646379e2:c6, c28f7aec-c179-4d06-bd8a-6051b90a5cad:c5, feaaab5f-e1c4-487c-ad24-a39240cbf49b:c5]
2019-06-13 18:26:40,332 INFO  client.GrpcClientProtocolClient (GrpcClientProtocolClient.java:onNext(254)) - client-C5A98F51CB54->0666f3d0-b0ba-4adb-9817-a431646379e2: receive RaftClientReply:client-C5A98F51CB54->0666f3d0-b0ba-4adb-9817-a431646379e2@group-D207D91A3FC3, cid=45, FAILED org.apache.ratis.protocol.StateMachineException: java.util.concurrent.CompletionException: java.lang.IllegalArgumentException, logIndex=7, commits[0666f3d0-b0ba-4adb-9817-a431646379e2:c7, c28f7aec-c179-4d06-bd8a-6051b90a5cad:c5, feaaab5f-e1c4-487c-ad24-a39240cbf49b:c6]
2019-06-13 18:26:40,334 INFO  ozone.MiniOzoneClusterImpl (MiniOzoneClusterImpl.java:shutdown(321)) - Shutting down the Mini Ozone Cluster
2019-06-13 18:26:40,334 INFO  ozone.MiniOzoneClusterImpl (MiniOzoneClusterImpl.java:stop(336)) - Stopping the Mini Ozone Cluster
2019-06-13 18:26:40,335 INFO  ozone.MiniOzoneClusterImpl (MiniOzoneClusterImpl.java:stop(338)) - Stopping the OzoneManager
2019-06-13 18:26:40,335 INFO  ipc.Server (Server.java:stop(3082)) - Stopping server on 36433
2019-06-13 18:26:40,339 INFO  ipc.Server (Server.java:run(1185)) - Stopping IPC Server listener on 36433
2019-06-13 18:26:40,339 INFO  ipc.Server (Server.java:run(1319)) - Stopping IPC Server Responder
2019-06-13 18:26:40,339 INFO  utils.BackgroundService (BackgroundService.java:shutdown(148)) - Shutting down service KeyDeletingService
2019-06-13 18:26:40,350 INFO  handler.ContextHandler (ContextHandler.java:doStop(910)) - Stopped o.e.j.w.WebAppContext@1da745a2{/,null,UNAVAILABLE}{/ozoneManager}
2019-06-13 18:26:40,351 INFO  server.AbstractConnector (AbstractConnector.java:doStop(318)) - Stopped ServerConnector@4597e6e3{HTTP/1.1,[http/1.1]}{0.0.0.0:0}
2019-06-13 18:26:40,351 INFO  handler.ContextHandler (ContextHandler.java:doStop(910)) - Stopped o.e.j.s.ServletContextHandler@4a9b92c6{/static,file:///opt/src/hadoop-ozone/integration-test/target/test-classes/webapps/static,UNAVAILABLE}
2019-06-13 18:26:40,351 INFO  handler.ContextHandler (ContextHandler.java:doStop(910)) - Stopped o.e.j.s.ServletContextHandler@734a149a{/logs,file:///opt/src/hadoop-ozone/integration-test/target/log,UNAVAILABLE}
2019-06-13 18:26:40,353 INFO  ozone.MiniOzoneClusterImpl (MiniOzoneClusterImpl.java:stop(344)) - Stopping the StorageContainerManager
2019-06-13 18:26:40,353 INFO  server.StorageContainerManager (StorageContainerManager.java:stop(789)) - Stopping Replication Manager Service.
2019-06-13 18:26:40,353 INFO  container.ReplicationManager (ReplicationManager.java:stop(191)) - Replication Monitor Thread is not running.
2019-06-13 18:26:40,353 INFO  server.StorageContainerManager (StorageContainerManager.java:stop(796)) - Stopping Lease Manager of the command watchers
2019-06-13 18:26:40,353 INFO  server.StorageContainerManager (StorageContainerManager.java:stop(803)) - Stopping datanode service RPC server
2019-06-13 18:26:40,353 INFO  server.SCMDatanodeProtocolServer (SCMDatanodeProtocolServer.java:stop(373)) - Stopping the RPC server for DataNodes
2019-06-13 18:26:40,353 INFO  ipc.Server (Server.java:stop(3082)) - Stopping server on 38059
2019-06-13 18:26:40,356 INFO  ipc.Server (Server.java:run(1185)) - Stopping IPC Server listener on 38059
2019-06-13 18:26:40,356 INFO  ipc.Server (Server.java:run(1319)) - Stopping IPC Server Responder
2019-06-13 18:26:40,356 INFO  server.StorageContainerManager (StorageContainerManager.java:stop(811)) - Stopping block service RPC server
2019-06-13 18:26:40,357 INFO  server.SCMBlockProtocolServer (SCMBlockProtocolServer.java:stop(145)) - Stopping the RPC server for Block Protocol
2019-06-13 18:26:40,357 INFO  ipc.Server (Server.java:stop(3082)) - Stopping server on 35283
2019-06-13 18:26:40,359 INFO  ipc.Server (Server.java:run(1185)) - Stopping IPC Server listener on 35283
2019-06-13 18:26:40,362 INFO  ipc.Server (Server.java:run(1319)) - Stopping IPC Server Responder
2019-06-13 18:26:40,362 INFO  server.StorageContainerManager (StorageContainerManager.java:stop(818)) - Stopping the StorageContainerLocationProtocol RPC server
2019-06-13 18:26:40,362 INFO  server.SCMClientProtocolServer (SCMClientProtocolServer.java:stop(157)) - Stopping the RPC server for Client Protocol
2019-06-13 18:26:40,362 INFO  ipc.Server (Server.java:stop(3082)) - Stopping server on 38177
2019-06-13 18:26:40,364 INFO  ipc.Server (Server.java:run(1185)) - Stopping IPC Server listener on 38177
2019-06-13 18:26:40,364 INFO  ipc.Server (Server.java:run(1319)) - Stopping IPC Server Responder
2019-06-13 18:26:40,365 INFO  server.StorageContainerManager (StorageContainerManager.java:stop(825)) - Stopping Storage Container Manager HTTP server.
2019-06-13 18:26:40,366 INFO  handler.ContextHandler (ContextHandler.java:doStop(910)) - Stopped o.e.j.w.WebAppContext@619c3546{/,null,UNAVAILABLE}{/scm}
2019-06-13 18:26:40,366 INFO  server.AbstractConnector (AbstractConnector.java:doStop(318)) - Stopped ServerConnector@29090809{HTTP/1.1,[http/1.1]}{0.0.0.0:0}
2019-06-13 18:26:40,366 INFO  handler.ContextHandler (ContextHandler.java:doStop(910)) - Stopped o.e.j.s.ServletContextHandler@77b71c9{/static,file:///opt/src/hadoop-ozone/integration-test/target/test-classes/webapps/static,UNAVAILABLE}
2019-06-13 18:26:40,367 INFO  handler.ContextHandler (ContextHandler.java:doStop(910)) - Stopped o.e.j.s.ServletContextHandler@6d17914a{/logs,file:///opt/src/hadoop-ozone/integration-test/target/log,UNAVAILABLE}
2019-06-13 18:26:40,367 INFO  server.StorageContainerManager (StorageContainerManager.java:stop(836)) - Stopping Block Manager Service.
2019-06-13 18:26:40,368 INFO  utils.BackgroundService (BackgroundService.java:shutdown(148)) - Shutting down service SCMBlockDeletingService
2019-06-13 18:26:40,368 INFO  utils.BackgroundService (BackgroundService.java:shutdown(148)) - Shutting down service SCMBlockDeletingService
2019-06-13 18:26:40,368 INFO  server.StorageContainerManager (StorageContainerManager.java:stop(858)) - Stopping SCM Event Queue.
2019-06-13 18:26:40,373 INFO  ozone.MiniOzoneClusterImpl (MiniOzoneClusterImpl.java:stop(350)) - Shutting the HddsDatanodes
2019-06-13 18:26:40,373 INFO  datanode.ObjectStoreHandler (ObjectStoreHandler.java:close(155)) - Closing ObjectStoreHandler.
2019-06-13 18:26:40,374 INFO  ozone.HddsDatanodeService (HddsDatanodeService.java:stop(452)) - Stopped plug-in org.apache.hadoop.ozone.web.OzoneHddsDatanodeService@3c07e830
2019-06-13 18:26:40,374 INFO  statemachine.DatanodeStateMachine (DatanodeStateMachine.java:lambda$startDaemon$0(350)) - Ozone container server started.
2019-06-13 18:26:40,374 INFO  ozoneimpl.OzoneContainer (OzoneContainer.java:stop(199)) - Attempting to stop container services.
2019-06-13 18:26:40,375 INFO  impl.RaftServerProxy (RaftServerProxy.java:lambda$close$4(314)) - feaaab5f-e1c4-487c-ad24-a39240cbf49b: close
2019-06-13 18:26:40,375 INFO  impl.RaftServerImpl (RaftServerImpl.java:lambda$shutdown$3(238)) - feaaab5f-e1c4-487c-ad24-a39240cbf49b: shutdown group-EA16924D1F01
2019-06-13 18:26:40,375 INFO  impl.RaftServerImpl (RaftServerImpl.java:lambda$shutdown$3(238)) - feaaab5f-e1c4-487c-ad24-a39240cbf49b: shutdown group-D207D91A3FC3
2019-06-13 18:26:40,375 INFO  util.JmxRegister (JmxRegister.java:unregister(73)) - Successfully un-registered JMX Bean with object name Ratis:service=RaftServer,group=group-EA16924D1F01,id=feaaab5f-e1c4-487c-ad24-a39240cbf49b
2019-06-13 18:26:40,375 INFO  util.JmxRegister (JmxRegister.java:unregister(73)) - Successfully un-registered JMX Bean with object name Ratis:service=RaftServer,group=group-D207D91A3FC3,id=feaaab5f-e1c4-487c-ad24-a39240cbf49b
2019-06-13 18:26:40,376 INFO  impl.RoleInfo (RoleInfo.java:shutdownLeaderState(104)) - feaaab5f-e1c4-487c-ad24-a39240cbf49b: shutdown LeaderState
2019-06-13 18:26:40,376 INFO  impl.RoleInfo (RoleInfo.java:shutdownFollowerState(121)) - feaaab5f-e1c4-487c-ad24-a39240cbf49b: shutdown FollowerState
2019-06-13 18:26:40,376 INFO  impl.PendingRequests (PendingRequests.java:sendNotLeaderResponses(140)) - feaaab5f-e1c4-487c-ad24-a39240cbf49b-PendingRequests: sendNotLeaderResponses
2019-06-13 18:26:40,376 INFO  ratis.ContainerStateMachine (ContainerStateMachine.java:takeSnapshot(245)) - Taking snapshot at termIndex:(t:1, i:5)
2019-06-13 18:26:40,376 INFO  ratis.ContainerStateMachine (ContainerStateMachine.java:takeSnapshot(249)) - Taking a snapshot to file /opt/src/hadoop-ozone/integration-test/target/test-dir/MiniOzoneClusterImpl-e85b742d-9052-4186-88c9-f45ddff6f764/datanode-0/data/ratis/daefc498-586e-40b4-9d7b-d207d91a3fc3/sm/snapshot.1_5
2019-06-13 18:26:40,377 INFO  ratis.ContainerStateMachine (ContainerStateMachine.java:takeSnapshot(245)) - Taking snapshot at termIndex:(t:0, i:~)
2019-06-13 18:26:40,376 INFO  impl.FollowerState (FollowerState.java:run(109)) - feaaab5f-e1c4-487c-ad24-a39240cbf49b: FollowerState was interrupted: java.lang.InterruptedException: sleep interrupted
2019-06-13 18:26:40,377 INFO  impl.StateMachineUpdater (StateMachineUpdater.java:stopAndJoin(109)) - StateMachineUpdater-feaaab5f-e1c4-487c-ad24-a39240cbf49b-group-EA16924D1F01: set stopIndex = 0
2019-06-13 18:26:40,376 INFO  impl.StateMachineUpdater (StateMachineUpdater.java:stopAndJoin(109)) - StateMachineUpdater-feaaab5f-e1c4-487c-ad24-a39240cbf49b-group-D207D91A3FC3: set stopIndex = 7
2019-06-13 18:26:40,378 INFO  impl.RaftServerImpl (ServerState.java:close(394)) - feaaab5f-e1c4-487c-ad24-a39240cbf49b:group-EA16924D1F01 closes. The last applied log index is 0
2019-06-13 18:26:40,378 INFO  impl.RaftServerImpl (ServerState.java:close(394)) - feaaab5f-e1c4-487c-ad24-a39240cbf49b:group-D207D91A3FC3 closes. The last applied log index is 7
2019-06-13 18:26:40,378 INFO  storage.RaftLogWorker (RaftLogWorker.java:run(236)) - feaaab5f-e1c4-487c-ad24-a39240cbf49b-RaftLogWorker was interrupted, exiting. There are 0 tasks remaining in the queue.
2019-06-13 18:26:40,378 INFO  storage.RaftLogWorker (RaftLogWorker.java:run(236)) - feaaab5f-e1c4-487c-ad24-a39240cbf49b-RaftLogWorker was interrupted, exiting. There are 0 tasks remaining in the queue.
2019-06-13 18:26:40,381 INFO  storage.RaftLogWorker (RaftLogWorker.java:close(168)) - feaaab5f-e1c4-487c-ad24-a39240cbf49b-RaftLogWorker close()
2019-06-13 18:26:40,381 INFO  storage.RaftLogWorker (RaftLogWorker.java:close(168)) - feaaab5f-e1c4-487c-ad24-a39240cbf49b-RaftLogWorker close()
2019-06-13 18:26:40,385 INFO  server.GrpcService (GrpcService.java:closeImpl(154)) - feaaab5f-e1c4-487c-ad24-a39240cbf49b: shutdown server with port 33639 now
2019-06-13 18:26:40,386 WARN  server.GrpcServerProtocolService (LogUtils.java:warn(134)) - feaaab5f-e1c4-487c-ad24-a39240cbf49b: appendEntries onError: org.apache.ratis.thirdparty.io.grpc.StatusRuntimeException: CANCELLED: cancelled before receiving half close
2019-06-13 18:26:40,386 INFO  server.GrpcService (GrpcService.java:closeImpl(162)) - feaaab5f-e1c4-487c-ad24-a39240cbf49b: shutdown server with port 33639 successfully
2019-06-13 18:26:40,386 WARN  server.GrpcLogAppender (LogUtils.java:warn(134)) - 0666f3d0-b0ba-4adb-9817-a431646379e2: Failed appendEntries to feaaab5f-e1c4-487c-ad24-a39240cbf49b:192.168.11.194:33639: org.apache.ratis.thirdparty.io.grpc.StatusRuntimeException: CANCELLED: HTTP/2 error code: CANCEL
Received Rst Stream
2019-06-13 18:26:40,388 INFO  impl.FollowerInfo (FollowerInfo.java:lambda$new$0(50)) - 0666f3d0-b0ba-4adb-9817-a431646379e2->feaaab5f-e1c4-487c-ad24-a39240cbf49b: nextIndex: updateUnconditionally 9 -> 0
2019-06-13 18:26:40,389 WARN  fs.CachingGetSpaceUsed (CachingGetSpaceUsed.java:run(183)) - Thread Interrupted waiting to refresh disk information: sleep interrupted
2019-06-13 18:26:40,399 INFO  statemachine.DatanodeStateMachine (DatanodeStateMachine.java:stopDaemon(395)) - Ozone container server stopped.
2019-06-13 18:26:40,400 INFO  handler.ContextHandler (ContextHandler.java:doStop(910)) - Stopped o.e.j.w.WebAppContext@6d8b7ea9{/,null,UNAVAILABLE}{/hddsDatanode}
2019-06-13 18:26:40,400 INFO  server.AbstractConnector (AbstractConnector.java:doStop(318)) - Stopped ServerConnector@5a39e554{HTTP/1.1,[http/1.1]}{0.0.0.0:0}
2019-06-13 18:26:40,400 INFO  handler.ContextHandler (ContextHandler.java:doStop(910)) - Stopped o.e.j.s.ServletContextHandler@5896cb9c{/static,jar:file:/root/.m2/repository/org/apache/hadoop/hadoop-hdds-container-service/0.5.0-SNAPSHOT/hadoop-hdds-container-service-0.5.0-SNAPSHOT.jar!/webapps/static,UNAVAILABLE}
2019-06-13 18:26:40,400 INFO  handler.ContextHandler (ContextHandler.java:doStop(910)) - Stopped o.e.j.s.ServletContextHandler@d49e8c6{/logs,file:///opt/src/hadoop-ozone/integration-test/target/log,UNAVAILABLE}
2019-06-13 18:26:40,401 INFO  datanode.ObjectStoreHandler (ObjectStoreHandler.java:close(155)) - Closing ObjectStoreHandler.
2019-06-13 18:26:40,401 INFO  ozone.HddsDatanodeService (HddsDatanodeService.java:stop(452)) - Stopped plug-in org.apache.hadoop.ozone.web.OzoneHddsDatanodeService@118fbaf0
2019-06-13 18:26:40,401 INFO  statemachine.DatanodeStateMachine (DatanodeStateMachine.java:lambda$startDaemon$0(350)) - Ozone container server started.
2019-06-13 18:26:40,402 INFO  ozoneimpl.OzoneContainer (OzoneContainer.java:stop(199)) - Attempting to stop container services.
2019-06-13 18:26:40,402 INFO  impl.RaftServerProxy (RaftServerProxy.java:lambda$close$4(314)) - 0666f3d0-b0ba-4adb-9817-a431646379e2: close
2019-06-13 18:26:40,402 INFO  impl.RaftServerImpl (RaftServerImpl.java:lambda$shutdown$3(238)) - 0666f3d0-b0ba-4adb-9817-a431646379e2: shutdown group-0F37A0CDA62B
2019-06-13 18:26:40,402 INFO  util.JmxRegister (JmxRegister.java:unregister(73)) - Successfully un-registered JMX Bean with object name Ratis:service=RaftServer,group=group-0F37A0CDA62B,id=0666f3d0-b0ba-4adb-9817-a431646379e2
2019-06-13 18:26:40,402 INFO  impl.RoleInfo (RoleInfo.java:shutdownLeaderState(104)) - 0666f3d0-b0ba-4adb-9817-a431646379e2: shutdown LeaderState
2019-06-13 18:26:40,403 INFO  impl.PendingRequests (PendingRequests.java:sendNotLeaderResponses(140)) - 0666f3d0-b0ba-4adb-9817-a431646379e2-PendingRequests: sendNotLeaderResponses
2019-06-13 18:26:40,404 INFO  impl.StateMachineUpdater (StateMachineUpdater.java:stopAndJoin(109)) - StateMachineUpdater-0666f3d0-b0ba-4adb-9817-a431646379e2-group-0F37A0CDA62B: set stopIndex = 0
2019-06-13 18:26:40,405 INFO  ratis.ContainerStateMachine (ContainerStateMachine.java:takeSnapshot(245)) - Taking snapshot at termIndex:(t:0, i:~)
2019-06-13 18:26:40,405 INFO  impl.RaftServerImpl (ServerState.java:close(394)) - 0666f3d0-b0ba-4adb-9817-a431646379e2:group-0F37A0CDA62B closes. The last applied log index is 0
2019-06-13 18:26:40,405 INFO  storage.RaftLogWorker (RaftLogWorker.java:run(236)) - 0666f3d0-b0ba-4adb-9817-a431646379e2-RaftLogWorker was interrupted, exiting. There are 0 tasks remaining in the queue.
2019-06-13 18:26:40,407 INFO  storage.RaftLogWorker (RaftLogWorker.java:close(168)) - 0666f3d0-b0ba-4adb-9817-a431646379e2-RaftLogWorker close()
2019-06-13 18:26:40,409 INFO  impl.RaftServerImpl (RaftServerImpl.java:lambda$shutdown$3(238)) - 0666f3d0-b0ba-4adb-9817-a431646379e2: shutdown group-D207D91A3FC3
2019-06-13 18:26:40,409 INFO  util.JmxRegister (JmxRegister.java:unregister(73)) - Successfully un-registered JMX Bean with object name Ratis:service=RaftServer,group=group-D207D91A3FC3,id=0666f3d0-b0ba-4adb-9817-a431646379e2
2019-06-13 18:26:40,409 INFO  impl.RoleInfo (RoleInfo.java:shutdownLeaderState(104)) - 0666f3d0-b0ba-4adb-9817-a431646379e2: shutdown LeaderState
2019-06-13 18:26:40,410 INFO  impl.PendingRequests (PendingRequests.java:sendNotLeaderResponses(140)) - 0666f3d0-b0ba-4adb-9817-a431646379e2-PendingRequests: sendNotLeaderResponses
2019-06-13 18:26:40,410 WARN  server.GrpcLogAppender (GrpcLogAppender.java:mayWait(142)) - GrpcLogAppender(0666f3d0-b0ba-4adb-9817-a431646379e2 -> c28f7aec-c179-4d06-bd8a-6051b90a5cad): Wait interrupted by java.lang.InterruptedException
2019-06-13 18:26:40,410 WARN  server.GrpcLogAppender (GrpcLogAppender.java:mayWait(142)) - GrpcLogAppender(0666f3d0-b0ba-4adb-9817-a431646379e2 -> feaaab5f-e1c4-487c-ad24-a39240cbf49b): Wait interrupted by java.lang.InterruptedException
2019-06-13 18:26:40,412 INFO  server.GrpcServerProtocolService (GrpcServerProtocolService.java:onCompleted(104)) - c28f7aec-c179-4d06-bd8a-6051b90a5cad: appendEntries completed
2019-06-13 18:26:40,412 INFO  impl.StateMachineUpdater (StateMachineUpdater.java:stopAndJoin(109)) - StateMachineUpdater-0666f3d0-b0ba-4adb-9817-a431646379e2-group-D207D91A3FC3: set stopIndex = 8
2019-06-13 18:26:40,412 INFO  ratis.ContainerStateMachine (ContainerStateMachine.java:takeSnapshot(245)) - Taking snapshot at termIndex:(t:1, i:6)
2019-06-13 18:26:40,412 INFO  ratis.ContainerStateMachine (ContainerStateMachine.java:takeSnapshot(249)) - Taking a snapshot to file /opt/src/hadoop-ozone/integration-test/target/test-dir/MiniOzoneClusterImpl-e85b742d-9052-4186-88c9-f45ddff6f764/datanode-1/data/ratis/daefc498-586e-40b4-9d7b-d207d91a3fc3/sm/snapshot.1_6
2019-06-13 18:26:40,412 INFO  server.GrpcLogAppender (GrpcLogAppender.java:onCompleted(277)) - 0666f3d0-b0ba-4adb-9817-a431646379e2: follower 0666f3d0-b0ba-4adb-9817-a431646379e2->c28f7aec-c179-4d06-bd8a-6051b90a5cad(c7,m8,n9, attendVote=true, lastRpcSendTime=97, lastRpcResponseTime=87) response Completed
2019-06-13 18:26:40,412 INFO  impl.RaftServerImpl (ServerState.java:close(394)) - 0666f3d0-b0ba-4adb-9817-a431646379e2:group-D207D91A3FC3 closes. The last applied log index is 8
2019-06-13 18:26:40,413 INFO  impl.FollowerInfo (FollowerInfo.java:lambda$new$0(50)) - 0666f3d0-b0ba-4adb-9817-a431646379e2->c28f7aec-c179-4d06-bd8a-6051b90a5cad: nextIndex: updateUnconditionally 9 -> 0
2019-06-13 18:26:40,414 INFO  storage.RaftLogWorker (RaftLogWorker.java:run(236)) - 0666f3d0-b0ba-4adb-9817-a431646379e2-RaftLogWorker was interrupted, exiting. There are 0 tasks remaining in the queue.
2019-06-13 18:26:40,418 INFO  storage.RaftLogWorker (RaftLogWorker.java:close(168)) - 0666f3d0-b0ba-4adb-9817-a431646379e2-RaftLogWorker close()
2019-06-13 18:26:40,421 INFO  server.GrpcService (GrpcService.java:closeImpl(154)) - 0666f3d0-b0ba-4adb-9817-a431646379e2: shutdown server with port 34709 now
2019-06-13 18:26:40,421 INFO  server.GrpcService (GrpcService.java:closeImpl(162)) - 0666f3d0-b0ba-4adb-9817-a431646379e2: shutdown server with port 34709 successfully
2019-06-13 18:26:40,423 WARN  fs.CachingGetSpaceUsed (CachingGetSpaceUsed.java:run(183)) - Thread Interrupted waiting to refresh disk information: sleep interrupted
2019-06-13 18:26:40,435 INFO  statemachine.DatanodeStateMachine (DatanodeStateMachine.java:stopDaemon(395)) - Ozone container server stopped.
2019-06-13 18:26:40,436 INFO  handler.ContextHandler (ContextHandler.java:doStop(910)) - Stopped o.e.j.w.WebAppContext@12f51a65{/,null,UNAVAILABLE}{/hddsDatanode}
2019-06-13 18:26:40,438 INFO  server.AbstractConnector (AbstractConnector.java:doStop(318)) - Stopped ServerConnector@7657d90b{HTTP/1.1,[http/1.1]}{0.0.0.0:0}
2019-06-13 18:26:40,438 INFO  handler.ContextHandler (ContextHandler.java:doStop(910)) - Stopped o.e.j.s.ServletContextHandler@12448de1{/static,jar:file:/root/.m2/repository/org/apache/hadoop/hadoop-hdds-container-service/0.5.0-SNAPSHOT/hadoop-hdds-container-service-0.5.0-SNAPSHOT.jar!/webapps/static,UNAVAILABLE}
2019-06-13 18:26:40,438 INFO  handler.ContextHandler (ContextHandler.java:doStop(910)) - Stopped o.e.j.s.ServletContextHandler@134abd78{/logs,file:///opt/src/hadoop-ozone/integration-test/target/log,UNAVAILABLE}
2019-06-13 18:26:40,439 INFO  datanode.ObjectStoreHandler (ObjectStoreHandler.java:close(155)) - Closing ObjectStoreHandler.
2019-06-13 18:26:40,439 INFO  ozone.HddsDatanodeService (HddsDatanodeService.java:stop(452)) - Stopped plug-in org.apache.hadoop.ozone.web.OzoneHddsDatanodeService@22cd8ec2
2019-06-13 18:26:40,443 INFO  statemachine.DatanodeStateMachine (DatanodeStateMachine.java:lambda$startDaemon$0(350)) - Ozone container server started.
2019-06-13 18:26:40,443 INFO  ozoneimpl.OzoneContainer (OzoneContainer.java:stop(199)) - Attempting to stop container services.
2019-06-13 18:26:40,443 INFO  impl.RaftServerProxy (RaftServerProxy.java:lambda$close$4(314)) - c28f7aec-c179-4d06-bd8a-6051b90a5cad: close
2019-06-13 18:26:40,443 INFO  impl.RaftServerImpl (RaftServerImpl.java:lambda$shutdown$3(238)) - c28f7aec-c179-4d06-bd8a-6051b90a5cad: shutdown group-DE6C7C5436B6
2019-06-13 18:26:40,443 INFO  util.JmxRegister (JmxRegister.java:unregister(73)) - Successfully un-registered JMX Bean with object name Ratis:service=RaftServer,group=group-DE6C7C5436B6,id=c28f7aec-c179-4d06-bd8a-6051b90a5cad
2019-06-13 18:26:40,443 INFO  impl.RoleInfo (RoleInfo.java:shutdownLeaderState(104)) - c28f7aec-c179-4d06-bd8a-6051b90a5cad: shutdown LeaderState
2019-06-13 18:26:40,444 INFO  impl.PendingRequests (PendingRequests.java:sendNotLeaderResponses(140)) - c28f7aec-c179-4d06-bd8a-6051b90a5cad-PendingRequests: sendNotLeaderResponses
2019-06-13 18:26:40,446 INFO  impl.StateMachineUpdater (StateMachineUpdater.java:stopAndJoin(109)) - StateMachineUpdater-c28f7aec-c179-4d06-bd8a-6051b90a5cad-group-DE6C7C5436B6: set stopIndex = 0
2019-06-13 18:26:40,446 INFO  ratis.ContainerStateMachine (ContainerStateMachine.java:takeSnapshot(245)) - Taking snapshot at termIndex:(t:0, i:~)
2019-06-13 18:26:40,446 INFO  impl.RaftServerImpl (ServerState.java:close(394)) - c28f7aec-c179-4d06-bd8a-6051b90a5cad:group-DE6C7C5436B6 closes. The last applied log index is 0
2019-06-13 18:26:40,447 INFO  storage.RaftLogWorker (RaftLogWorker.java:run(236)) - c28f7aec-c179-4d06-bd8a-6051b90a5cad-RaftLogWorker was interrupted, exiting. There are 0 tasks remaining in the queue.
2019-06-13 18:26:40,448 INFO  storage.RaftLogWorker (RaftLogWorker.java:close(168)) - c28f7aec-c179-4d06-bd8a-6051b90a5cad-RaftLogWorker close()
2019-06-13 18:26:40,452 INFO  impl.RaftServerImpl (RaftServerImpl.java:lambda$shutdown$3(238)) - c28f7aec-c179-4d06-bd8a-6051b90a5cad: shutdown group-D207D91A3FC3
2019-06-13 18:26:40,452 INFO  util.JmxRegister (JmxRegister.java:unregister(73)) - Successfully un-registered JMX Bean with object name Ratis:service=RaftServer,group=group-D207D91A3FC3,id=c28f7aec-c179-4d06-bd8a-6051b90a5cad
2019-06-13 18:26:40,452 INFO  impl.RoleInfo (RoleInfo.java:shutdownFollowerState(121)) - c28f7aec-c179-4d06-bd8a-6051b90a5cad: shutdown FollowerState
2019-06-13 18:26:40,453 INFO  impl.StateMachineUpdater (StateMachineUpdater.java:stopAndJoin(109)) - StateMachineUpdater-c28f7aec-c179-4d06-bd8a-6051b90a5cad-group-D207D91A3FC3: set stopIndex = 7
2019-06-13 18:26:40,453 INFO  impl.FollowerState (FollowerState.java:run(109)) - c28f7aec-c179-4d06-bd8a-6051b90a5cad: FollowerState was interrupted: java.lang.InterruptedException: sleep interrupted
2019-06-13 18:26:40,453 INFO  ratis.ContainerStateMachine (ContainerStateMachine.java:takeSnapshot(245)) - Taking snapshot at termIndex:(t:1, i:6)
2019-06-13 18:26:40,454 INFO  ratis.ContainerStateMachine (ContainerStateMachine.java:takeSnapshot(249)) - Taking a snapshot to file /opt/src/hadoop-ozone/integration-test/target/test-dir/MiniOzoneClusterImpl-e85b742d-9052-4186-88c9-f45ddff6f764/datanode-2/data/ratis/daefc498-586e-40b4-9d7b-d207d91a3fc3/sm/snapshot.1_6
2019-06-13 18:26:40,454 INFO  impl.RaftServerImpl (ServerState.java:close(394)) - c28f7aec-c179-4d06-bd8a-6051b90a5cad:group-D207D91A3FC3 closes. The last applied log index is 7
2019-06-13 18:26:40,454 INFO  storage.RaftLogWorker (RaftLogWorker.java:run(236)) - c28f7aec-c179-4d06-bd8a-6051b90a5cad-RaftLogWorker was interrupted, exiting. There are 0 tasks remaining in the queue.
2019-06-13 18:26:40,455 INFO  storage.RaftLogWorker (RaftLogWorker.java:close(168)) - c28f7aec-c179-4d06-bd8a-6051b90a5cad-RaftLogWorker close()
2019-06-13 18:26:40,456 INFO  server.GrpcService (GrpcService.java:closeImpl(154)) - c28f7aec-c179-4d06-bd8a-6051b90a5cad: shutdown server with port 46187 now
2019-06-13 18:26:40,457 INFO  server.GrpcService (GrpcService.java:closeImpl(162)) - c28f7aec-c179-4d06-bd8a-6051b90a5cad: shutdown server with port 46187 successfully
2019-06-13 18:26:40,458 WARN  fs.CachingGetSpaceUsed (CachingGetSpaceUsed.java:run(183)) - Thread Interrupted waiting to refresh disk information: sleep interrupted
2019-06-13 18:26:40,469 INFO  statemachine.DatanodeStateMachine (DatanodeStateMachine.java:stopDaemon(395)) - Ozone container server stopped.
2019-06-13 18:26:40,470 INFO  handler.ContextHandler (ContextHandler.java:doStop(910)) - Stopped o.e.j.w.WebAppContext@71fb8301{/,null,UNAVAILABLE}{/hddsDatanode}
2019-06-13 18:26:40,479 INFO  server.AbstractConnector (AbstractConnector.java:doStop(318)) - Stopped ServerConnector@7cdfa824{HTTP/1.1,[http/1.1]}{0.0.0.0:0}
2019-06-13 18:26:40,479 INFO  handler.ContextHandler (ContextHandler.java:doStop(910)) - Stopped o.e.j.s.ServletContextHandler@9e50283{/static,jar:file:/root/.m2/repository/org/apache/hadoop/hadoop-hdds-container-service/0.5.0-SNAPSHOT/hadoop-hdds-container-service-0.5.0-SNAPSHOT.jar!/webapps/static,UNAVAILABLE}
2019-06-13 18:26:40,479 INFO  handler.ContextHandler (ContextHandler.java:doStop(910)) - Stopped o.e.j.s.ServletContextHandler@5613247e{/logs,file:///opt/src/hadoop-ozone/integration-test/target/log,UNAVAILABLE}
2019-06-13 18:26:40,480 INFO  datanode.ObjectStoreHandler (ObjectStoreHandler.java:close(155)) - Closing ObjectStoreHandler.
2019-06-13 18:26:40,480 INFO  ozone.HddsDatanodeService (HddsDatanodeService.java:stop(452)) - Stopped plug-in org.apache.hadoop.ozone.web.OzoneHddsDatanodeService@11adab6d
2019-06-13 18:26:40,481 INFO  statemachine.DatanodeStateMachine (DatanodeStateMachine.java:lambda$startDaemon$0(350)) - Ozone container server started.
2019-06-13 18:26:40,481 INFO  ozoneimpl.OzoneContainer (OzoneContainer.java:stop(199)) - Attempting to stop container services.
2019-06-13 18:26:40,482 INFO  impl.RaftServerProxy (RaftServerProxy.java:lambda$close$4(314)) - b0549d51-f97f-405f-9cfd-170fb77cd442: close
2019-06-13 18:26:40,482 INFO  impl.RaftServerImpl (RaftServerImpl.java:lambda$shutdown$3(238)) - b0549d51-f97f-405f-9cfd-170fb77cd442: shutdown group-28D1EEAAAEEA
2019-06-13 18:26:40,482 INFO  impl.RaftServerImpl (RaftServerImpl.java:lambda$shutdown$3(238)) - b0549d51-f97f-405f-9cfd-170fb77cd442: shutdown group-3CF88FC0A5FC
2019-06-13 18:26:40,482 INFO  util.JmxRegister (JmxRegister.java:unregister(73)) - Successfully un-registered JMX Bean with object name Ratis:service=RaftServer,group=group-3CF88FC0A5FC,id=b0549d51-f97f-405f-9cfd-170fb77cd442
2019-06-13 18:26:40,482 INFO  impl.RoleInfo (RoleInfo.java:shutdownLeaderState(104)) - b0549d51-f97f-405f-9cfd-170fb77cd442: shutdown LeaderState
2019-06-13 18:26:40,482 INFO  impl.PendingRequests (PendingRequests.java:sendNotLeaderResponses(140)) - b0549d51-f97f-405f-9cfd-170fb77cd442-PendingRequests: sendNotLeaderResponses
2019-06-13 18:26:40,482 INFO  util.JmxRegister (JmxRegister.java:unregister(73)) - Successfully un-registered JMX Bean with object name Ratis:service=RaftServer,group=group-28D1EEAAAEEA,id=b0549d51-f97f-405f-9cfd-170fb77cd442
2019-06-13 18:26:40,483 INFO  ratis.ContainerStateMachine (ContainerStateMachine.java:takeSnapshot(245)) - Taking snapshot at termIndex:(t:0, i:~)
2019-06-13 18:26:40,483 INFO  impl.StateMachineUpdater (StateMachineUpdater.java:stopAndJoin(109)) - StateMachineUpdater-b0549d51-f97f-405f-9cfd-170fb77cd442-group-3CF88FC0A5FC: set stopIndex = 0
2019-06-13 18:26:40,483 INFO  impl.RoleInfo (RoleInfo.java:shutdownLeaderState(104)) - b0549d51-f97f-405f-9cfd-170fb77cd442: shutdown LeaderState
2019-06-13 18:26:40,487 INFO  impl.RaftServerImpl (ServerState.java:close(394)) - b0549d51-f97f-405f-9cfd-170fb77cd442:group-3CF88FC0A5FC closes. The last applied log index is 0
2019-06-13 18:26:40,487 WARN  server.GrpcLogAppender (GrpcLogAppender.java:mayWait(142)) - GrpcLogAppender(b0549d51-f97f-405f-9cfd-170fb77cd442 -> 2fe4bf7f-6b63-49ad-a796-645eca3f0cbf): Wait interrupted by java.lang.InterruptedException
2019-06-13 18:26:40,487 INFO  storage.RaftLogWorker (RaftLogWorker.java:run(236)) - b0549d51-f97f-405f-9cfd-170fb77cd442-RaftLogWorker was interrupted, exiting. There are 0 tasks remaining in the queue.
2019-06-13 18:26:40,487 WARN  server.GrpcLogAppender (GrpcLogAppender.java:mayWait(142)) - GrpcLogAppender(b0549d51-f97f-405f-9cfd-170fb77cd442 -> 3e4c7977-0f01-405e-a7f2-28f198598a56): Wait interrupted by java.lang.InterruptedException
2019-06-13 18:26:40,487 INFO  impl.PendingRequests (PendingRequests.java:sendNotLeaderResponses(140)) - b0549d51-f97f-405f-9cfd-170fb77cd442-PendingRequests: sendNotLeaderResponses
2019-06-13 18:26:40,488 INFO  server.GrpcServerProtocolService (GrpcServerProtocolService.java:onCompleted(104)) - 2fe4bf7f-6b63-49ad-a796-645eca3f0cbf: appendEntries completed
2019-06-13 18:26:40,488 INFO  ratis.ContainerStateMachine (ContainerStateMachine.java:takeSnapshot(245)) - Taking snapshot at termIndex:(t:0, i:~)
2019-06-13 18:26:40,488 INFO  server.GrpcServerProtocolService (GrpcServerProtocolService.java:onCompleted(104)) - 3e4c7977-0f01-405e-a7f2-28f198598a56: appendEntries completed
2019-06-13 18:26:40,488 INFO  impl.StateMachineUpdater (StateMachineUpdater.java:stopAndJoin(109)) - StateMachineUpdater-b0549d51-f97f-405f-9cfd-170fb77cd442-group-28D1EEAAAEEA: set stopIndex = 0
2019-06-13 18:26:40,488 INFO  impl.RaftServerImpl (ServerState.java:close(394)) - b0549d51-f97f-405f-9cfd-170fb77cd442:group-28D1EEAAAEEA closes. The last applied log index is 0
2019-06-13 18:26:40,488 INFO  storage.RaftLogWorker (RaftLogWorker.java:run(236)) - b0549d51-f97f-405f-9cfd-170fb77cd442-RaftLogWorker was interrupted, exiting. There are 0 tasks remaining in the queue.
2019-06-13 18:26:40,488 INFO  server.GrpcLogAppender (GrpcLogAppender.java:onCompleted(277)) - b0549d51-f97f-405f-9cfd-170fb77cd442: follower b0549d51-f97f-405f-9cfd-170fb77cd442->3e4c7977-0f01-405e-a7f2-28f198598a56(c0,m0,n1, attendVote=true, lastRpcSendTime=291, lastRpcResponseTime=290) response Completed
2019-06-13 18:26:40,488 INFO  server.GrpcLogAppender (GrpcLogAppender.java:onCompleted(277)) - b0549d51-f97f-405f-9cfd-170fb77cd442: follower b0549d51-f97f-405f-9cfd-170fb77cd442->2fe4bf7f-6b63-49ad-a796-645eca3f0cbf(c0,m0,n1, attendVote=true, lastRpcSendTime=291, lastRpcResponseTime=290) response Completed
2019-06-13 18:26:40,490 INFO  storage.RaftLogWorker (RaftLogWorker.java:close(168)) - b0549d51-f97f-405f-9cfd-170fb77cd442-RaftLogWorker close()
2019-06-13 18:26:40,490 INFO  storage.RaftLogWorker (RaftLogWorker.java:close(168)) - b0549d51-f97f-405f-9cfd-170fb77cd442-RaftLogWorker close()
2019-06-13 18:26:40,492 INFO  impl.FollowerInfo (FollowerInfo.java:lambda$new$0(50)) - b0549d51-f97f-405f-9cfd-170fb77cd442->2fe4bf7f-6b63-49ad-a796-645eca3f0cbf: nextIndex: updateUnconditionally 1 -> -1
2019-06-13 18:26:40,491 INFO  impl.FollowerInfo (FollowerInfo.java:lambda$new$0(50)) - b0549d51-f97f-405f-9cfd-170fb77cd442->3e4c7977-0f01-405e-a7f2-28f198598a56: nextIndex: updateUnconditionally 1 -> -1
2019-06-13 18:26:40,493 INFO  server.GrpcService (GrpcService.java:closeImpl(154)) - b0549d51-f97f-405f-9cfd-170fb77cd442: shutdown server with port 43219 now
2019-06-13 18:26:40,495 INFO  server.GrpcService (GrpcService.java:closeImpl(162)) - b0549d51-f97f-405f-9cfd-170fb77cd442: shutdown server with port 43219 successfully
2019-06-13 18:26:40,496 WARN  fs.CachingGetSpaceUsed (CachingGetSpaceUsed.java:run(183)) - Thread Interrupted waiting to refresh disk information: sleep interrupted
2019-06-13 18:26:40,506 INFO  statemachine.DatanodeStateMachine (DatanodeStateMachine.java:stopDaemon(395)) - Ozone container server stopped.
2019-06-13 18:26:40,506 INFO  handler.ContextHandler (ContextHandler.java:doStop(910)) - Stopped o.e.j.w.WebAppContext@b841713{/,null,UNAVAILABLE}{/hddsDatanode}
2019-06-13 18:26:40,507 INFO  server.AbstractConnector (AbstractConnector.java:doStop(318)) - Stopped ServerConnector@3fef1e6b{HTTP/1.1,[http/1.1]}{0.0.0.0:0}
2019-06-13 18:26:40,507 INFO  handler.ContextHandler (ContextHandler.java:doStop(910)) - Stopped o.e.j.s.ServletContextHandler@6cee903a{/static,jar:file:/root/.m2/repository/org/apache/hadoop/hadoop-hdds-container-service/0.5.0-SNAPSHOT/hadoop-hdds-container-service-0.5.0-SNAPSHOT.jar!/webapps/static,UNAVAILABLE}
2019-06-13 18:26:40,507 INFO  handler.ContextHandler (ContextHandler.java:doStop(910)) - Stopped o.e.j.s.ServletContextHandler@1308ef19{/logs,file:///opt/src/hadoop-ozone/integration-test/target/log,UNAVAILABLE}
2019-06-13 18:26:40,508 INFO  datanode.ObjectStoreHandler (ObjectStoreHandler.java:close(155)) - Closing ObjectStoreHandler.
2019-06-13 18:26:40,508 INFO  ozone.HddsDatanodeService (HddsDatanodeService.java:stop(452)) - Stopped plug-in org.apache.hadoop.ozone.web.OzoneHddsDatanodeService@6adcf059
2019-06-13 18:26:40,508 INFO  statemachine.DatanodeStateMachine (DatanodeStateMachine.java:lambda$startDaemon$0(350)) - Ozone container server started.
2019-06-13 18:26:40,508 INFO  ozoneimpl.OzoneContainer (OzoneContainer.java:stop(199)) - Attempting to stop container services.
2019-06-13 18:26:40,508 INFO  impl.RaftServerProxy (RaftServerProxy.java:lambda$close$4(314)) - 3e4c7977-0f01-405e-a7f2-28f198598a56: close
2019-06-13 18:26:40,509 INFO  impl.RaftServerImpl (RaftServerImpl.java:lambda$shutdown$3(238)) - 3e4c7977-0f01-405e-a7f2-28f198598a56: shutdown group-28D1EEAAAEEA
2019-06-13 18:26:40,509 INFO  impl.RaftServerImpl (RaftServerImpl.java:lambda$shutdown$3(238)) - 3e4c7977-0f01-405e-a7f2-28f198598a56: shutdown group-0D508F7C6697
2019-06-13 18:26:40,509 INFO  util.JmxRegister (JmxRegister.java:unregister(73)) - Successfully un-registered JMX Bean with object name Ratis:service=RaftServer,group=group-28D1EEAAAEEA,id=3e4c7977-0f01-405e-a7f2-28f198598a56
2019-06-13 18:26:40,509 INFO  util.JmxRegister (JmxRegister.java:unregister(73)) - Successfully un-registered JMX Bean with object name Ratis:service=RaftServer,group=group-0D508F7C6697,id=3e4c7977-0f01-405e-a7f2-28f198598a56
2019-06-13 18:26:40,509 INFO  impl.RoleInfo (RoleInfo.java:shutdownFollowerState(121)) - 3e4c7977-0f01-405e-a7f2-28f198598a56: shutdown FollowerState
2019-06-13 18:26:40,509 INFO  impl.RoleInfo (RoleInfo.java:shutdownLeaderState(104)) - 3e4c7977-0f01-405e-a7f2-28f198598a56: shutdown LeaderState
2019-06-13 18:26:40,510 INFO  impl.FollowerState (FollowerState.java:run(109)) - 3e4c7977-0f01-405e-a7f2-28f198598a56: FollowerState was interrupted: java.lang.InterruptedException: sleep interrupted
2019-06-13 18:26:40,510 INFO  ratis.ContainerStateMachine (ContainerStateMachine.java:takeSnapshot(245)) - Taking snapshot at termIndex:(t:0, i:~)
2019-06-13 18:26:40,510 INFO  impl.StateMachineUpdater (StateMachineUpdater.java:stopAndJoin(109)) - StateMachineUpdater-3e4c7977-0f01-405e-a7f2-28f198598a56-group-28D1EEAAAEEA: set stopIndex = 0
2019-06-13 18:26:40,510 INFO  impl.PendingRequests (PendingRequests.java:sendNotLeaderResponses(140)) - 3e4c7977-0f01-405e-a7f2-28f198598a56-PendingRequests: sendNotLeaderResponses
2019-06-13 18:26:40,511 INFO  impl.RaftServerImpl (ServerState.java:close(394)) - 3e4c7977-0f01-405e-a7f2-28f198598a56:group-28D1EEAAAEEA closes. The last applied log index is 0
2019-06-13 18:26:40,511 INFO  ratis.ContainerStateMachine (ContainerStateMachine.java:takeSnapshot(245)) - Taking snapshot at termIndex:(t:0, i:~)
2019-06-13 18:26:40,511 INFO  storage.RaftLogWorker (RaftLogWorker.java:run(236)) - 3e4c7977-0f01-405e-a7f2-28f198598a56-RaftLogWorker was interrupted, exiting. There are 0 tasks remaining in the queue.
2019-06-13 18:26:40,511 INFO  impl.StateMachineUpdater (StateMachineUpdater.java:stopAndJoin(109)) - StateMachineUpdater-3e4c7977-0f01-405e-a7f2-28f198598a56-group-0D508F7C6697: set stopIndex = 0
2019-06-13 18:26:40,512 INFO  storage.RaftLogWorker (RaftLogWorker.java:close(168)) - 3e4c7977-0f01-405e-a7f2-28f198598a56-RaftLogWorker close()
2019-06-13 18:26:40,512 INFO  impl.RaftServerImpl (ServerState.java:close(394)) - 3e4c7977-0f01-405e-a7f2-28f198598a56:group-0D508F7C6697 closes. The last applied log index is 0
2019-06-13 18:26:40,513 INFO  storage.RaftLogWorker (RaftLogWorker.java:run(236)) - 3e4c7977-0f01-405e-a7f2-28f198598a56-RaftLogWorker was interrupted, exiting. There are 0 tasks remaining in the queue.
2019-06-13 18:26:40,514 INFO  storage.RaftLogWorker (RaftLogWorker.java:close(168)) - 3e4c7977-0f01-405e-a7f2-28f198598a56-RaftLogWorker close()
2019-06-13 18:26:40,516 INFO  server.GrpcService (GrpcService.java:closeImpl(154)) - 3e4c7977-0f01-405e-a7f2-28f198598a56: shutdown server with port 43177 now
2019-06-13 18:26:40,516 INFO  server.GrpcService (GrpcService.java:closeImpl(162)) - 3e4c7977-0f01-405e-a7f2-28f198598a56: shutdown server with port 43177 successfully
2019-06-13 18:26:40,518 WARN  fs.CachingGetSpaceUsed (CachingGetSpaceUsed.java:run(183)) - Thread Interrupted waiting to refresh disk information: sleep interrupted
2019-06-13 18:26:40,529 INFO  statemachine.DatanodeStateMachine (DatanodeStateMachine.java:stopDaemon(395)) - Ozone container server stopped.
2019-06-13 18:26:40,530 INFO  handler.ContextHandler (ContextHandler.java:doStop(910)) - Stopped o.e.j.w.WebAppContext@47b4ac83{/,null,UNAVAILABLE}{/hddsDatanode}
2019-06-13 18:26:40,530 INFO  server.AbstractConnector (AbstractConnector.java:doStop(318)) - Stopped ServerConnector@351ede23{HTTP/1.1,[http/1.1]}{0.0.0.0:0}
2019-06-13 18:26:40,530 INFO  handler.ContextHandler (ContextHandler.java:doStop(910)) - Stopped o.e.j.s.ServletContextHandler@839755f{/static,jar:file:/root/.m2/repository/org/apache/hadoop/hadoop-hdds-container-service/0.5.0-SNAPSHOT/hadoop-hdds-container-service-0.5.0-SNAPSHOT.jar!/webapps/static,UNAVAILABLE}
2019-06-13 18:26:40,531 INFO  handler.ContextHandler (ContextHandler.java:doStop(910)) - Stopped o.e.j.s.ServletContextHandler@4392362c{/logs,file:///opt/src/hadoop-ozone/integration-test/target/log,UNAVAILABLE}
2019-06-13 18:26:40,531 INFO  datanode.ObjectStoreHandler (ObjectStoreHandler.java:close(155)) - Closing ObjectStoreHandler.
2019-06-13 18:26:40,531 INFO  ozone.HddsDatanodeService (HddsDatanodeService.java:stop(452)) - Stopped plug-in org.apache.hadoop.ozone.web.OzoneHddsDatanodeService@300aa927
2019-06-13 18:26:40,531 INFO  statemachine.DatanodeStateMachine (DatanodeStateMachine.java:lambda$startDaemon$0(350)) - Ozone container server started.
2019-06-13 18:26:40,532 INFO  ozoneimpl.OzoneContainer (OzoneContainer.java:stop(199)) - Attempting to stop container services.
2019-06-13 18:26:40,532 INFO  impl.RaftServerProxy (RaftServerProxy.java:lambda$close$4(314)) - 2fe4bf7f-6b63-49ad-a796-645eca3f0cbf: close
2019-06-13 18:26:40,532 INFO  impl.RaftServerImpl (RaftServerImpl.java:lambda$shutdown$3(238)) - 2fe4bf7f-6b63-49ad-a796-645eca3f0cbf: shutdown group-28D1EEAAAEEA
2019-06-13 18:26:40,532 INFO  impl.RaftServerImpl (RaftServerImpl.java:lambda$shutdown$3(238)) - 2fe4bf7f-6b63-49ad-a796-645eca3f0cbf: shutdown group-49A441EBB443
2019-06-13 18:26:40,532 INFO  util.JmxRegister (JmxRegister.java:unregister(73)) - Successfully un-registered JMX Bean with object name Ratis:service=RaftServer,group=group-28D1EEAAAEEA,id=2fe4bf7f-6b63-49ad-a796-645eca3f0cbf
2019-06-13 18:26:40,532 INFO  impl.RoleInfo (RoleInfo.java:shutdownFollowerState(121)) - 2fe4bf7f-6b63-49ad-a796-645eca3f0cbf: shutdown FollowerState
2019-06-13 18:26:40,533 INFO  impl.StateMachineUpdater (StateMachineUpdater.java:stopAndJoin(109)) - StateMachineUpdater-2fe4bf7f-6b63-49ad-a796-645eca3f0cbf-group-28D1EEAAAEEA: set stopIndex = 0
2019-06-13 18:26:40,532 INFO  util.JmxRegister (JmxRegister.java:unregister(73)) - Successfully un-registered JMX Bean with object name Ratis:service=RaftServer,group=group-49A441EBB443,id=2fe4bf7f-6b63-49ad-a796-645eca3f0cbf
2019-06-13 18:26:40,533 INFO  impl.RoleInfo (RoleInfo.java:shutdownLeaderState(104)) - 2fe4bf7f-6b63-49ad-a796-645eca3f0cbf: shutdown LeaderState
2019-06-13 18:26:40,533 INFO  impl.PendingRequests (PendingRequests.java:sendNotLeaderResponses(140)) - 2fe4bf7f-6b63-49ad-a796-645eca3f0cbf-PendingRequests: sendNotLeaderResponses
2019-06-13 18:26:40,533 INFO  impl.StateMachineUpdater (StateMachineUpdater.java:stopAndJoin(109)) - StateMachineUpdater-2fe4bf7f-6b63-49ad-a796-645eca3f0cbf-group-49A441EBB443: set stopIndex = 0
2019-06-13 18:26:40,533 INFO  ratis.ContainerStateMachine (ContainerStateMachine.java:takeSnapshot(245)) - Taking snapshot at termIndex:(t:0, i:~)
2019-06-13 18:26:40,533 INFO  impl.RaftServerImpl (ServerState.java:close(394)) - 2fe4bf7f-6b63-49ad-a796-645eca3f0cbf:group-28D1EEAAAEEA closes. The last applied log index is 0
2019-06-13 18:26:40,533 INFO  impl.FollowerState (FollowerState.java:run(109)) - 2fe4bf7f-6b63-49ad-a796-645eca3f0cbf: FollowerState was interrupted: java.lang.InterruptedException: sleep interrupted
2019-06-13 18:26:40,533 INFO  ratis.ContainerStateMachine (ContainerStateMachine.java:takeSnapshot(245)) - Taking snapshot at termIndex:(t:0, i:~)
2019-06-13 18:26:40,534 INFO  impl.RaftServerImpl (ServerState.java:close(394)) - 2fe4bf7f-6b63-49ad-a796-645eca3f0cbf:group-49A441EBB443 closes. The last applied log index is 0
2019-06-13 18:26:40,534 INFO  storage.RaftLogWorker (RaftLogWorker.java:run(236)) - 2fe4bf7f-6b63-49ad-a796-645eca3f0cbf-RaftLogWorker was interrupted, exiting. There are 0 tasks remaining in the queue.
2019-06-13 18:26:40,534 INFO  storage.RaftLogWorker (RaftLogWorker.java:run(236)) - 2fe4bf7f-6b63-49ad-a796-645eca3f0cbf-RaftLogWorker was interrupted, exiting. There are 0 tasks remaining in the queue.
2019-06-13 18:26:40,535 INFO  storage.RaftLogWorker (RaftLogWorker.java:close(168)) - 2fe4bf7f-6b63-49ad-a796-645eca3f0cbf-RaftLogWorker close()
2019-06-13 18:26:40,535 INFO  storage.RaftLogWorker (RaftLogWorker.java:close(168)) - 2fe4bf7f-6b63-49ad-a796-645eca3f0cbf-RaftLogWorker close()
2019-06-13 18:26:40,535 INFO  server.GrpcService (GrpcService.java:closeImpl(154)) - 2fe4bf7f-6b63-49ad-a796-645eca3f0cbf: shutdown server with port 34839 now
2019-06-13 18:26:40,535 INFO  server.GrpcService (GrpcService.java:closeImpl(162)) - 2fe4bf7f-6b63-49ad-a796-645eca3f0cbf: shutdown server with port 34839 successfully
2019-06-13 18:26:40,538 WARN  fs.CachingGetSpaceUsed (CachingGetSpaceUsed.java:run(183)) - Thread Interrupted waiting to refresh disk information: sleep interrupted
2019-06-13 18:26:40,546 INFO  statemachine.DatanodeStateMachine (DatanodeStateMachine.java:stopDaemon(395)) - Ozone container server stopped.
2019-06-13 18:26:40,547 INFO  handler.ContextHandler (ContextHandler.java:doStop(910)) - Stopped o.e.j.w.WebAppContext@33e8e146{/,null,UNAVAILABLE}{/hddsDatanode}
2019-06-13 18:26:40,547 INFO  server.AbstractConnector (AbstractConnector.java:doStop(318)) - Stopped ServerConnector@1f4d38f9{HTTP/1.1,[http/1.1]}{0.0.0.0:0}
2019-06-13 18:26:40,548 INFO  handler.ContextHandler (ContextHandler.java:doStop(910)) - Stopped o.e.j.s.ServletContextHandler@3f122cdc{/static,jar:file:/root/.m2/repository/org/apache/hadoop/hadoop-hdds-container-service/0.5.0-SNAPSHOT/hadoop-hdds-container-service-0.5.0-SNAPSHOT.jar!/webapps/static,UNAVAILABLE}
2019-06-13 18:26:40,548 INFO  handler.ContextHandler (ContextHandler.java:doStop(910)) - Stopped o.e.j.s.ServletContextHandler@26a33cf{/logs,file:///opt/src/hadoop-ozone/integration-test/target/log,UNAVAILABLE}
2019-06-13 18:26:40,549 INFO  datanode.ObjectStoreHandler (ObjectStoreHandler.java:close(155)) - Closing ObjectStoreHandler.
2019-06-13 18:26:40,549 INFO  ozone.HddsDatanodeService (HddsDatanodeService.java:stop(452)) - Stopped plug-in org.apache.hadoop.ozone.web.OzoneHddsDatanodeService@60a99f3d
2019-06-13 18:26:40,549 INFO  statemachine.DatanodeStateMachine (DatanodeStateMachine.java:lambda$startDaemon$0(350)) - Ozone container server started.
2019-06-13 18:26:40,549 INFO  ozoneimpl.OzoneContainer (OzoneContainer.java:stop(199)) - Attempting to stop container services.
2019-06-13 18:26:40,550 INFO  impl.RaftServerProxy (RaftServerProxy.java:lambda$close$4(314)) - a770b9a5-78cf-49e5-abf3-e50aab235947: close
2019-06-13 18:26:40,550 INFO  impl.RaftServerImpl (RaftServerImpl.java:lambda$shutdown$3(238)) - a770b9a5-78cf-49e5-abf3-e50aab235947: shutdown group-B166F67D5C40
2019-06-13 18:26:40,550 INFO  util.JmxRegister (JmxRegister.java:unregister(73)) - Successfully un-registered JMX Bean with object name Ratis:service=RaftServer,group=group-B166F67D5C40,id=a770b9a5-78cf-49e5-abf3-e50aab235947
2019-06-13 18:26:40,550 INFO  impl.RoleInfo (RoleInfo.java:shutdownLeaderState(104)) - a770b9a5-78cf-49e5-abf3-e50aab235947: shutdown LeaderState
2019-06-13 18:26:40,550 INFO  impl.PendingRequests (PendingRequests.java:sendNotLeaderResponses(140)) - a770b9a5-78cf-49e5-abf3-e50aab235947-PendingRequests: sendNotLeaderResponses
2019-06-13 18:26:40,551 INFO  impl.StateMachineUpdater (StateMachineUpdater.java:stopAndJoin(109)) - StateMachineUpdater-a770b9a5-78cf-49e5-abf3-e50aab235947-group-B166F67D5C40: set stopIndex = 0
2019-06-13 18:26:40,551 INFO  ratis.ContainerStateMachine (ContainerStateMachine.java:takeSnapshot(245)) - Taking snapshot at termIndex:(t:0, i:~)
2019-06-13 18:26:40,551 INFO  impl.RaftServerImpl (ServerState.java:close(394)) - a770b9a5-78cf-49e5-abf3-e50aab235947:group-B166F67D5C40 closes. The last applied log index is 0
2019-06-13 18:26:40,552 INFO  storage.RaftLogWorker (RaftLogWorker.java:run(236)) - a770b9a5-78cf-49e5-abf3-e50aab235947-RaftLogWorker was interrupted, exiting. There are 0 tasks remaining in the queue.
2019-06-13 18:26:40,552 INFO  storage.RaftLogWorker (RaftLogWorker.java:close(168)) - a770b9a5-78cf-49e5-abf3-e50aab235947-RaftLogWorker close()
2019-06-13 18:26:40,552 INFO  server.GrpcService (GrpcService.java:closeImpl(154)) - a770b9a5-78cf-49e5-abf3-e50aab235947: shutdown server with port 44633 now
2019-06-13 18:26:40,553 INFO  server.GrpcService (GrpcService.java:closeImpl(162)) - a770b9a5-78cf-49e5-abf3-e50aab235947: shutdown server with port 44633 successfully
2019-06-13 18:26:40,554 WARN  fs.CachingGetSpaceUsed (CachingGetSpaceUsed.java:run(183)) - Thread Interrupted waiting to refresh disk information: sleep interrupted
2019-06-13 18:26:40,565 INFO  statemachine.DatanodeStateMachine (DatanodeStateMachine.java:stopDaemon(395)) - Ozone container server stopped.
2019-06-13 18:26:40,566 INFO  handler.ContextHandler (ContextHandler.java:doStop(910)) - Stopped o.e.j.w.WebAppContext@731e0bff{/,null,UNAVAILABLE}{/hddsDatanode}
2019-06-13 18:26:40,567 INFO  server.AbstractConnector (AbstractConnector.java:doStop(318)) - Stopped ServerConnector@213ceb4e{HTTP/1.1,[http/1.1]}{0.0.0.0:0}
2019-06-13 18:26:40,567 INFO  handler.ContextHandler (ContextHandler.java:doStop(910)) - Stopped o.e.j.s.ServletContextHandler@69a76b74{/static,jar:file:/root/.m2/repository/org/apache/hadoop/hadoop-hdds-container-service/0.5.0-SNAPSHOT/hadoop-hdds-container-service-0.5.0-SNAPSHOT.jar!/webapps/static,UNAVAILABLE}
2019-06-13 18:26:40,567 INFO  handler.ContextHandler (ContextHandler.java:doStop(910)) - Stopped o.e.j.s.ServletContextHandler@52eca410{/logs,file:///opt/src/hadoop-ozone/integration-test/target/log,UNAVAILABLE}
]]></system-out>
    <system-err><![CDATA[Jun 13, 2019 6:26:33 PM com.sun.jersey.server.impl.application.WebApplicationImpl _initiate
INFO: Initiating Jersey application, version 'Jersey: 1.19 02/11/2015 03:25 AM'
Jun 13, 2019 6:26:33 PM com.sun.jersey.server.impl.application.WebApplicationImpl _initiate
INFO: Initiating Jersey application, version 'Jersey: 1.19 02/11/2015 03:25 AM'
Jun 13, 2019 6:26:33 PM com.sun.jersey.server.impl.application.WebApplicationImpl _initiate
INFO: Initiating Jersey application, version 'Jersey: 1.19 02/11/2015 03:25 AM'
Jun 13, 2019 6:26:33 PM com.sun.jersey.server.impl.application.WebApplicationImpl _initiate
INFO: Initiating Jersey application, version 'Jersey: 1.19 02/11/2015 03:25 AM'
Jun 13, 2019 6:26:33 PM com.sun.jersey.server.impl.application.WebApplicationImpl _initiate
INFO: Initiating Jersey application, version 'Jersey: 1.19 02/11/2015 03:25 AM'
Jun 13, 2019 6:26:33 PM com.sun.jersey.server.impl.application.WebApplicationImpl _initiate
INFO: Initiating Jersey application, version 'Jersey: 1.19 02/11/2015 03:25 AM'
Jun 13, 2019 6:26:34 PM com.sun.jersey.server.impl.application.WebApplicationImpl _initiate
INFO: Initiating Jersey application, version 'Jersey: 1.19 02/11/2015 03:25 AM'
Jun 13, 2019 6:26:37 PM org.apache.ratis.thirdparty.io.grpc.internal.ManagedChannelOrphanWrapper$ManagedChannelReference cleanQueue
SEVERE: *~*~*~ Channel ManagedChannelImpl{logId=138, target=192.168.11.194:35037} was not shutdown properly!!! ~*~*~*
    Make sure to call shutdown()/shutdownNow() and wait until awaitTermination() returns true.
java.lang.RuntimeException: ManagedChannel allocation site
	at org.apache.ratis.thirdparty.io.grpc.internal.ManagedChannelOrphanWrapper$ManagedChannelReference.<init>(ManagedChannelOrphanWrapper.java:103)
	at org.apache.ratis.thirdparty.io.grpc.internal.ManagedChannelOrphanWrapper.<init>(ManagedChannelOrphanWrapper.java:53)
	at org.apache.ratis.thirdparty.io.grpc.internal.ManagedChannelOrphanWrapper.<init>(ManagedChannelOrphanWrapper.java:44)
	at org.apache.ratis.thirdparty.io.grpc.internal.AbstractManagedChannelImplBuilder.build(AbstractManagedChannelImplBuilder.java:411)
	at org.apache.ratis.grpc.client.GrpcClientProtocolClient.<init>(GrpcClientProtocolClient.java:118)
	at org.apache.ratis.grpc.client.GrpcClientRpc.lambda$new$0(GrpcClientRpc.java:55)
	at org.apache.ratis.util.PeerProxyMap$PeerAndProxy.lambda$getProxy$0(PeerProxyMap.java:61)
	at org.apache.ratis.util.LifeCycle.startAndTransition(LifeCycle.java:202)
	at org.apache.ratis.util.PeerProxyMap$PeerAndProxy.getProxy(PeerProxyMap.java:60)
	at org.apache.ratis.util.PeerProxyMap.getProxy(PeerProxyMap.java:107)
	at org.apache.ratis.grpc.client.GrpcClientRpc.sendRequest(GrpcClientRpc.java:91)
	at org.apache.ratis.client.impl.RaftClientImpl.sendRequest(RaftClientImpl.java:401)
	at org.apache.ratis.client.impl.RaftClientImpl.groupRemove(RaftClientImpl.java:280)
	at org.apache.hadoop.hdds.scm.pipeline.RatisPipelineUtils.destroyPipeline(RatisPipelineUtils.java:97)
	at org.apache.hadoop.hdds.scm.pipeline.RatisPipelineUtils.destroyPipeline(RatisPipelineUtils.java:64)
	at org.apache.hadoop.hdds.scm.pipeline.SCMPipelineManager.destroyPipeline(SCMPipelineManager.java:378)
	at org.apache.hadoop.hdds.scm.pipeline.SCMPipelineManager.finalizeAndDestroyPipeline(SCMPipelineManager.java:318)
	at org.apache.hadoop.ozone.container.ContainerTestHelper.waitForPipelineClose(ContainerTestHelper.java:799)
	at org.apache.hadoop.ozone.container.ContainerTestHelper.waitForPipelineClose(ContainerTestHelper.java:790)
	at org.apache.hadoop.ozone.container.ContainerTestHelper.waitForPipelineClose(ContainerTestHelper.java:754)
	at org.apache.hadoop.ozone.client.rpc.TestOzoneClientRetriesOnException.testGroupMismatchExceptionHandling(TestOzoneClientRetriesOnException.java:151)
	at sun.reflect.NativeMethodAccessorImpl.invoke0(Native Method)
	at sun.reflect.NativeMethodAccessorImpl.invoke(NativeMethodAccessorImpl.java:62)
	at sun.reflect.DelegatingMethodAccessorImpl.invoke(DelegatingMethodAccessorImpl.java:43)
	at java.lang.reflect.Method.invoke(Method.java:498)
	at org.junit.runners.model.FrameworkMethod$1.runReflectiveCall(FrameworkMethod.java:47)
	at org.junit.internal.runners.model.ReflectiveCallable.run(ReflectiveCallable.java:12)
	at org.junit.runners.model.FrameworkMethod.invokeExplosively(FrameworkMethod.java:44)
	at org.junit.internal.runners.statements.InvokeMethod.evaluate(InvokeMethod.java:17)
	at org.junit.internal.runners.statements.RunBefores.evaluate(RunBefores.java:26)
	at org.junit.internal.runners.statements.RunAfters.evaluate(RunAfters.java:27)
	at org.junit.runners.ParentRunner.runLeaf(ParentRunner.java:271)
	at org.junit.runners.BlockJUnit4ClassRunner.runChild(BlockJUnit4ClassRunner.java:70)
	at org.junit.runners.BlockJUnit4ClassRunner.runChild(BlockJUnit4ClassRunner.java:50)
	at org.junit.runners.ParentRunner$3.run(ParentRunner.java:238)
	at org.junit.runners.ParentRunner$1.schedule(ParentRunner.java:63)
	at org.junit.runners.ParentRunner.runChildren(ParentRunner.java:236)
	at org.junit.runners.ParentRunner.access$000(ParentRunner.java:53)
	at org.junit.runners.ParentRunner$2.evaluate(ParentRunner.java:229)
	at org.junit.runners.ParentRunner.run(ParentRunner.java:309)
	at org.apache.maven.surefire.junit4.JUnit4Provider.execute(JUnit4Provider.java:365)
	at org.apache.maven.surefire.junit4.JUnit4Provider.executeWithRerun(JUnit4Provider.java:273)
	at org.apache.maven.surefire.junit4.JUnit4Provider.executeTestSet(JUnit4Provider.java:238)
	at org.apache.maven.surefire.junit4.JUnit4Provider.invoke(JUnit4Provider.java:159)
	at org.apache.maven.surefire.booter.ForkedBooter.invokeProviderInSameClassLoader(ForkedBooter.java:384)
	at org.apache.maven.surefire.booter.ForkedBooter.runSuitesInProcess(ForkedBooter.java:345)
	at org.apache.maven.surefire.booter.ForkedBooter.execute(ForkedBooter.java:126)
	at org.apache.maven.surefire.booter.ForkedBooter.main(ForkedBooter.java:418)

Jun 13, 2019 6:26:37 PM org.apache.ratis.thirdparty.io.grpc.internal.ManagedChannelOrphanWrapper$ManagedChannelReference cleanQueue
SEVERE: *~*~*~ Channel ManagedChannelImpl{logId=143, target=192.168.11.194:41737} was not shutdown properly!!! ~*~*~*
    Make sure to call shutdown()/shutdownNow() and wait until awaitTermination() returns true.
java.lang.RuntimeException: ManagedChannel allocation site
	at org.apache.ratis.thirdparty.io.grpc.internal.ManagedChannelOrphanWrapper$ManagedChannelReference.<init>(ManagedChannelOrphanWrapper.java:103)
	at org.apache.ratis.thirdparty.io.grpc.internal.ManagedChannelOrphanWrapper.<init>(ManagedChannelOrphanWrapper.java:53)
	at org.apache.ratis.thirdparty.io.grpc.internal.ManagedChannelOrphanWrapper.<init>(ManagedChannelOrphanWrapper.java:44)
	at org.apache.ratis.thirdparty.io.grpc.internal.AbstractManagedChannelImplBuilder.build(AbstractManagedChannelImplBuilder.java:411)
	at org.apache.ratis.grpc.client.GrpcClientProtocolClient.<init>(GrpcClientProtocolClient.java:118)
	at org.apache.ratis.grpc.client.GrpcClientRpc.lambda$new$0(GrpcClientRpc.java:55)
	at org.apache.ratis.util.PeerProxyMap$PeerAndProxy.lambda$getProxy$0(PeerProxyMap.java:61)
	at org.apache.ratis.util.LifeCycle.startAndTransition(LifeCycle.java:202)
	at org.apache.ratis.util.PeerProxyMap$PeerAndProxy.getProxy(PeerProxyMap.java:60)
	at org.apache.ratis.util.PeerProxyMap.getProxy(PeerProxyMap.java:107)
	at org.apache.ratis.grpc.client.GrpcClientRpc.sendRequest(GrpcClientRpc.java:91)
	at org.apache.ratis.client.impl.RaftClientImpl.sendRequest(RaftClientImpl.java:401)
	at org.apache.ratis.client.impl.RaftClientImpl.groupRemove(RaftClientImpl.java:280)
	at org.apache.hadoop.hdds.scm.pipeline.RatisPipelineUtils.destroyPipeline(RatisPipelineUtils.java:97)
	at org.apache.hadoop.hdds.scm.pipeline.RatisPipelineUtils.destroyPipeline(RatisPipelineUtils.java:64)
	at org.apache.hadoop.hdds.scm.pipeline.SCMPipelineManager.destroyPipeline(SCMPipelineManager.java:378)
	at org.apache.hadoop.hdds.scm.pipeline.SCMPipelineManager.finalizeAndDestroyPipeline(SCMPipelineManager.java:318)
	at org.apache.hadoop.ozone.container.ContainerTestHelper.waitForPipelineClose(ContainerTestHelper.java:799)
	at org.apache.hadoop.ozone.container.ContainerTestHelper.waitForPipelineClose(ContainerTestHelper.java:790)
	at org.apache.hadoop.ozone.container.ContainerTestHelper.waitForPipelineClose(ContainerTestHelper.java:754)
	at org.apache.hadoop.ozone.client.rpc.TestOzoneClientRetriesOnException.testGroupMismatchExceptionHandling(TestOzoneClientRetriesOnException.java:151)
	at sun.reflect.NativeMethodAccessorImpl.invoke0(Native Method)
	at sun.reflect.NativeMethodAccessorImpl.invoke(NativeMethodAccessorImpl.java:62)
	at sun.reflect.DelegatingMethodAccessorImpl.invoke(DelegatingMethodAccessorImpl.java:43)
	at java.lang.reflect.Method.invoke(Method.java:498)
	at org.junit.runners.model.FrameworkMethod$1.runReflectiveCall(FrameworkMethod.java:47)
	at org.junit.internal.runners.model.ReflectiveCallable.run(ReflectiveCallable.java:12)
	at org.junit.runners.model.FrameworkMethod.invokeExplosively(FrameworkMethod.java:44)
	at org.junit.internal.runners.statements.InvokeMethod.evaluate(InvokeMethod.java:17)
	at org.junit.internal.runners.statements.RunBefores.evaluate(RunBefores.java:26)
	at org.junit.internal.runners.statements.RunAfters.evaluate(RunAfters.java:27)
	at org.junit.runners.ParentRunner.runLeaf(ParentRunner.java:271)
	at org.junit.runners.BlockJUnit4ClassRunner.runChild(BlockJUnit4ClassRunner.java:70)
	at org.junit.runners.BlockJUnit4ClassRunner.runChild(BlockJUnit4ClassRunner.java:50)
	at org.junit.runners.ParentRunner$3.run(ParentRunner.java:238)
	at org.junit.runners.ParentRunner$1.schedule(ParentRunner.java:63)
	at org.junit.runners.ParentRunner.runChildren(ParentRunner.java:236)
	at org.junit.runners.ParentRunner.access$000(ParentRunner.java:53)
	at org.junit.runners.ParentRunner$2.evaluate(ParentRunner.java:229)
	at org.junit.runners.ParentRunner.run(ParentRunner.java:309)
	at org.apache.maven.surefire.junit4.JUnit4Provider.execute(JUnit4Provider.java:365)
	at org.apache.maven.surefire.junit4.JUnit4Provider.executeWithRerun(JUnit4Provider.java:273)
	at org.apache.maven.surefire.junit4.JUnit4Provider.executeTestSet(JUnit4Provider.java:238)
	at org.apache.maven.surefire.junit4.JUnit4Provider.invoke(JUnit4Provider.java:159)
	at org.apache.maven.surefire.booter.ForkedBooter.invokeProviderInSameClassLoader(ForkedBooter.java:384)
	at org.apache.maven.surefire.booter.ForkedBooter.runSuitesInProcess(ForkedBooter.java:345)
	at org.apache.maven.surefire.booter.ForkedBooter.execute(ForkedBooter.java:126)
	at org.apache.maven.surefire.booter.ForkedBooter.main(ForkedBooter.java:418)

Jun 13, 2019 6:26:37 PM org.apache.ratis.thirdparty.io.grpc.internal.ManagedChannelOrphanWrapper$ManagedChannelReference cleanQueue
SEVERE: *~*~*~ Channel ManagedChannelImpl{logId=148, target=192.168.11.194:43343} was not shutdown properly!!! ~*~*~*
    Make sure to call shutdown()/shutdownNow() and wait until awaitTermination() returns true.
java.lang.RuntimeException: ManagedChannel allocation site
	at org.apache.ratis.thirdparty.io.grpc.internal.ManagedChannelOrphanWrapper$ManagedChannelReference.<init>(ManagedChannelOrphanWrapper.java:103)
	at org.apache.ratis.thirdparty.io.grpc.internal.ManagedChannelOrphanWrapper.<init>(ManagedChannelOrphanWrapper.java:53)
	at org.apache.ratis.thirdparty.io.grpc.internal.ManagedChannelOrphanWrapper.<init>(ManagedChannelOrphanWrapper.java:44)
	at org.apache.ratis.thirdparty.io.grpc.internal.AbstractManagedChannelImplBuilder.build(AbstractManagedChannelImplBuilder.java:411)
	at org.apache.ratis.grpc.client.GrpcClientProtocolClient.<init>(GrpcClientProtocolClient.java:118)
	at org.apache.ratis.grpc.client.GrpcClientRpc.lambda$new$0(GrpcClientRpc.java:55)
	at org.apache.ratis.util.PeerProxyMap$PeerAndProxy.lambda$getProxy$0(PeerProxyMap.java:61)
	at org.apache.ratis.util.LifeCycle.startAndTransition(LifeCycle.java:202)
	at org.apache.ratis.util.PeerProxyMap$PeerAndProxy.getProxy(PeerProxyMap.java:60)
	at org.apache.ratis.util.PeerProxyMap.getProxy(PeerProxyMap.java:107)
	at org.apache.ratis.grpc.client.GrpcClientRpc.sendRequest(GrpcClientRpc.java:91)
	at org.apache.ratis.client.impl.RaftClientImpl.sendRequest(RaftClientImpl.java:401)
	at org.apache.ratis.client.impl.RaftClientImpl.groupRemove(RaftClientImpl.java:280)
	at org.apache.hadoop.hdds.scm.pipeline.RatisPipelineUtils.destroyPipeline(RatisPipelineUtils.java:97)
	at org.apache.hadoop.hdds.scm.pipeline.RatisPipelineUtils.destroyPipeline(RatisPipelineUtils.java:64)
	at org.apache.hadoop.hdds.scm.pipeline.SCMPipelineManager.destroyPipeline(SCMPipelineManager.java:378)
	at org.apache.hadoop.hdds.scm.pipeline.SCMPipelineManager.finalizeAndDestroyPipeline(SCMPipelineManager.java:318)
	at org.apache.hadoop.ozone.container.ContainerTestHelper.waitForPipelineClose(ContainerTestHelper.java:799)
	at org.apache.hadoop.ozone.container.ContainerTestHelper.waitForPipelineClose(ContainerTestHelper.java:790)
	at org.apache.hadoop.ozone.container.ContainerTestHelper.waitForPipelineClose(ContainerTestHelper.java:754)
	at org.apache.hadoop.ozone.client.rpc.TestOzoneClientRetriesOnException.testGroupMismatchExceptionHandling(TestOzoneClientRetriesOnException.java:151)
	at sun.reflect.NativeMethodAccessorImpl.invoke0(Native Method)
	at sun.reflect.NativeMethodAccessorImpl.invoke(NativeMethodAccessorImpl.java:62)
	at sun.reflect.DelegatingMethodAccessorImpl.invoke(DelegatingMethodAccessorImpl.java:43)
	at java.lang.reflect.Method.invoke(Method.java:498)
	at org.junit.runners.model.FrameworkMethod$1.runReflectiveCall(FrameworkMethod.java:47)
	at org.junit.internal.runners.model.ReflectiveCallable.run(ReflectiveCallable.java:12)
	at org.junit.runners.model.FrameworkMethod.invokeExplosively(FrameworkMethod.java:44)
	at org.junit.internal.runners.statements.InvokeMethod.evaluate(InvokeMethod.java:17)
	at org.junit.internal.runners.statements.RunBefores.evaluate(RunBefores.java:26)
	at org.junit.internal.runners.statements.RunAfters.evaluate(RunAfters.java:27)
	at org.junit.runners.ParentRunner.runLeaf(ParentRunner.java:271)
	at org.junit.runners.BlockJUnit4ClassRunner.runChild(BlockJUnit4ClassRunner.java:70)
	at org.junit.runners.BlockJUnit4ClassRunner.runChild(BlockJUnit4ClassRunner.java:50)
	at org.junit.runners.ParentRunner$3.run(ParentRunner.java:238)
	at org.junit.runners.ParentRunner$1.schedule(ParentRunner.java:63)
	at org.junit.runners.ParentRunner.runChildren(ParentRunner.java:236)
	at org.junit.runners.ParentRunner.access$000(ParentRunner.java:53)
	at org.junit.runners.ParentRunner$2.evaluate(ParentRunner.java:229)
	at org.junit.runners.ParentRunner.run(ParentRunner.java:309)
	at org.apache.maven.surefire.junit4.JUnit4Provider.execute(JUnit4Provider.java:365)
	at org.apache.maven.surefire.junit4.JUnit4Provider.executeWithRerun(JUnit4Provider.java:273)
	at org.apache.maven.surefire.junit4.JUnit4Provider.executeTestSet(JUnit4Provider.java:238)
	at org.apache.maven.surefire.junit4.JUnit4Provider.invoke(JUnit4Provider.java:159)
	at org.apache.maven.surefire.booter.ForkedBooter.invokeProviderInSameClassLoader(ForkedBooter.java:384)
	at org.apache.maven.surefire.booter.ForkedBooter.runSuitesInProcess(ForkedBooter.java:345)
	at org.apache.maven.surefire.booter.ForkedBooter.execute(ForkedBooter.java:126)
	at org.apache.maven.surefire.booter.ForkedBooter.main(ForkedBooter.java:418)

]]></system-err>
  </testcase>
</testsuite>