<?xml version="1.0" encoding="UTF-8"?>
<testsuite xmlns:xsi="http://www.w3.org/2001/XMLSchema-instance" xsi:noNamespaceSchemaLocation="https://maven.apache.org/surefire/maven-surefire-plugin/xsd/surefire-test-report.xsd" name="org.apache.hadoop.hdds.scm.pipeline.TestNodeFailure" time="10.475" tests="1" errors="0" skipped="1" failures="0">
  <properties>
    <property name="awt.toolkit" value="sun.awt.X11.XToolkit"/>
    <property name="file.encoding.pkg" value="sun.io"/>
    <property name="java.specification.version" value="1.8"/>
    <property name="sun.cpu.isalist" value=""/>
    <property name="sun.jnu.encoding" value="UTF-8"/>
    <property name="java.class.path" value="/opt/src/hadoop-ozone/integration-test/target/test-classes:/opt/src/hadoop-ozone/integration-test/target/classes:/root/.m2/repository/org/apache/hadoop/hadoop-ozone-common/0.5.0-SNAPSHOT/hadoop-ozone-common-0.5.0-SNAPSHOT.jar:/root/.m2/repository/org/apache/commons/commons-compress/1.4.1/commons-compress-1.4.1.jar:/root/.m2/repository/org/tukaani/xz/1.0/xz-1.0.jar:/root/.m2/repository/org/apache/hadoop/hadoop-common/3.2.0/hadoop-common-3.2.0.jar:/root/.m2/repository/org/apache/hadoop/hadoop-hdfs/3.2.0/hadoop-hdfs-3.2.0.jar:/root/.m2/repository/org/apache/hadoop/hadoop-hdfs-client/3.2.0/hadoop-hdfs-client-3.2.0.jar:/root/.m2/repository/com/fasterxml/jackson/core/jackson-annotations/2.9.5/jackson-annotations-2.9.5.jar:/root/.m2/repository/org/apache/hadoop/hadoop-hdds-common/0.5.0-SNAPSHOT/hadoop-hdds-common-0.5.0-SNAPSHOT.jar:/root/.m2/repository/javax/annotation/javax.annotation-api/1.2/javax.annotation-api-1.2.jar:/root/.m2/repository/org/apache/ratis/ratis-server/0.4.0-fe2b15d-SNAPSHOT/ratis-server-0.4.0-fe2b15d-SNAPSHOT.jar:/root/.m2/repository/org/apache/ratis/ratis-thirdparty-misc/0.2.0/ratis-thirdparty-misc-0.2.0.jar:/root/.m2/repository/org/apache/ratis/ratis-proto/0.4.0-fe2b15d-SNAPSHOT/ratis-proto-0.4.0-fe2b15d-SNAPSHOT.jar:/root/.m2/repository/org/apache/ratis/ratis-common/0.4.0-fe2b15d-SNAPSHOT/ratis-common-0.4.0-fe2b15d-SNAPSHOT.jar:/root/.m2/repository/org/apache/ratis/ratis-client/0.4.0-fe2b15d-SNAPSHOT/ratis-client-0.4.0-fe2b15d-SNAPSHOT.jar:/root/.m2/repository/org/apache/ratis/ratis-netty/0.4.0-fe2b15d-SNAPSHOT/ratis-netty-0.4.0-fe2b15d-SNAPSHOT.jar:/root/.m2/repository/org/apache/ratis/ratis-grpc/0.4.0-fe2b15d-SNAPSHOT/ratis-grpc-0.4.0-fe2b15d-SNAPSHOT.jar:/root/.m2/repository/org/rocksdb/rocksdbjni/5.14.2/rocksdbjni-5.14.2.jar:/root/.m2/repository/org/apache/logging/log4j/log4j-api/2.11.0/log4j-api-2.11.0.jar:/root/.m2/repository/org/apache/logging/log4j/log4j-core/2.11.0/log4j-core-2.11.0.jar:/root/.m2/repository/com/lmax/disruptor/3.4.2/disruptor-3.4.2.jar:/root/.m2/repository/org/apache/commons/commons-pool2/2.6.0/commons-pool2-2.6.0.jar:/root/.m2/repository/org/bouncycastle/bcpkix-jdk15on/1.60/bcpkix-jdk15on-1.60.jar:/root/.m2/repository/commons-validator/commons-validator/1.6/commons-validator-1.6.jar:/root/.m2/repository/commons-digester/commons-digester/1.8.1/commons-digester-1.8.1.jar:/root/.m2/repository/io/jaegertracing/jaeger-client/0.33.1/jaeger-client-0.33.1.jar:/root/.m2/repository/io/jaegertracing/jaeger-thrift/0.33.1/jaeger-thrift-0.33.1.jar:/root/.m2/repository/org/apache/thrift/libthrift/0.11.0/libthrift-0.11.0.jar:/root/.m2/repository/com/squareup/okhttp3/okhttp/3.9.0/okhttp-3.9.0.jar:/root/.m2/repository/com/squareup/okio/okio/1.13.0/okio-1.13.0.jar:/root/.m2/repository/io/jaegertracing/jaeger-core/0.33.1/jaeger-core-0.33.1.jar:/root/.m2/repository/io/jaegertracing/jaeger-tracerresolver/0.33.1/jaeger-tracerresolver-0.33.1.jar:/root/.m2/repository/io/opentracing/contrib/opentracing-tracerresolver/0.1.5/opentracing-tracerresolver-0.1.5.jar:/root/.m2/repository/io/opentracing/opentracing-util/0.31.0/opentracing-util-0.31.0.jar:/root/.m2/repository/io/opentracing/opentracing-api/0.31.0/opentracing-api-0.31.0.jar:/root/.m2/repository/io/opentracing/opentracing-noop/0.31.0/opentracing-noop-0.31.0.jar:/root/.m2/repository/org/apache/hadoop/hadoop-hdds-server-framework/0.5.0-SNAPSHOT/hadoop-hdds-server-framework-0.5.0-SNAPSHOT.jar:/root/.m2/repository/org/apache/hadoop/hadoop-hdds-server-scm/0.5.0-SNAPSHOT/hadoop-hdds-server-scm-0.5.0-SNAPSHOT.jar:/root/.m2/repository/org/apache/hadoop/hadoop-hdds-container-service/0.5.0-SNAPSHOT/hadoop-hdds-container-service-0.5.0-SNAPSHOT.jar:/root/.m2/repository/org/apache/hadoop/hadoop-hdds-client/0.5.0-SNAPSHOT/hadoop-hdds-client-0.5.0-SNAPSHOT.jar:/root/.m2/repository/org/apache/hadoop/hadoop-hdds-tools/0.5.0-SNAPSHOT/hadoop-hdds-tools-0.5.0-SNAPSHOT.jar:/root/.m2/repository/org/apache/hadoop/hadoop-ozone-ozone-manager/0.5.0-SNAPSHOT/hadoop-ozone-ozone-manager-0.5.0-SNAPSHOT.jar:/root/.m2/repository/org/apache/hadoop/hadoop-hdds-docs/0.5.0-SNAPSHOT/hadoop-hdds-docs-0.5.0-SNAPSHOT.jar:/root/.m2/repository/org/bouncycastle/bcprov-jdk15on/1.60/bcprov-jdk15on-1.60.jar:/root/.m2/repository/org/apache/hadoop/hadoop-minikdc/3.2.0/hadoop-minikdc-3.2.0.jar:/root/.m2/repository/commons-io/commons-io/2.5/commons-io-2.5.jar:/root/.m2/repository/org/apache/kerby/kerb-simplekdc/1.0.1/kerb-simplekdc-1.0.1.jar:/root/.m2/repository/org/apache/kerby/kerb-client/1.0.1/kerb-client-1.0.1.jar:/root/.m2/repository/org/apache/kerby/kerby-config/1.0.1/kerby-config-1.0.1.jar:/root/.m2/repository/org/apache/kerby/kerb-core/1.0.1/kerb-core-1.0.1.jar:/root/.m2/repository/org/apache/kerby/kerby-pkix/1.0.1/kerby-pkix-1.0.1.jar:/root/.m2/repository/org/apache/kerby/kerby-asn1/1.0.1/kerby-asn1-1.0.1.jar:/root/.m2/repository/org/apache/kerby/kerby-util/1.0.1/kerby-util-1.0.1.jar:/root/.m2/repository/org/apache/kerby/kerb-common/1.0.1/kerb-common-1.0.1.jar:/root/.m2/repository/org/apache/kerby/kerb-crypto/1.0.1/kerb-crypto-1.0.1.jar:/root/.m2/repository/org/apache/kerby/kerb-util/1.0.1/kerb-util-1.0.1.jar:/root/.m2/repository/org/apache/kerby/token-provider/1.0.1/token-provider-1.0.1.jar:/root/.m2/repository/org/apache/kerby/kerb-admin/1.0.1/kerb-admin-1.0.1.jar:/root/.m2/repository/org/apache/kerby/kerb-server/1.0.1/kerb-server-1.0.1.jar:/root/.m2/repository/org/apache/kerby/kerb-identity/1.0.1/kerb-identity-1.0.1.jar:/root/.m2/repository/org/apache/kerby/kerby-xdr/1.0.1/kerby-xdr-1.0.1.jar:/root/.m2/repository/org/slf4j/slf4j-log4j12/1.7.25/slf4j-log4j12-1.7.25.jar:/root/.m2/repository/org/apache/hadoop/hadoop-ozone-objectstore-service/0.5.0-SNAPSHOT/hadoop-ozone-objectstore-service-0.5.0-SNAPSHOT.jar:/root/.m2/repository/org/apache/hadoop/hadoop-ozone-s3gateway/0.5.0-SNAPSHOT/hadoop-ozone-s3gateway-0.5.0-SNAPSHOT.jar:/root/.m2/repository/org/jboss/weld/servlet/weld-servlet/2.4.7.Final/weld-servlet-2.4.7.Final.jar:/root/.m2/repository/org/glassfish/jersey/containers/jersey-container-servlet-core/2.27/jersey-container-servlet-core-2.27.jar:/root/.m2/repository/org/glassfish/hk2/external/javax.inject/2.5.0-b42/javax.inject-2.5.0-b42.jar:/root/.m2/repository/org/glassfish/jersey/core/jersey-common/2.27/jersey-common-2.27.jar:/root/.m2/repository/org/glassfish/hk2/osgi-resource-locator/1.0.1/osgi-resource-locator-1.0.1.jar:/root/.m2/repository/javax/ws/rs/javax.ws.rs-api/2.1/javax.ws.rs-api-2.1.jar:/root/.m2/repository/org/glassfish/jersey/ext/cdi/jersey-cdi1x/2.27/jersey-cdi1x-2.27.jar:/root/.m2/repository/org/glassfish/jersey/inject/jersey-hk2/2.27/jersey-hk2-2.27.jar:/root/.m2/repository/org/glassfish/hk2/hk2-locator/2.5.0-b42/hk2-locator-2.5.0-b42.jar:/root/.m2/repository/org/javassist/javassist/3.22.0-CR2/javassist-3.22.0-CR2.jar:/root/.m2/repository/org/glassfish/hk2/hk2-api/2.5.0/hk2-api-2.5.0.jar:/root/.m2/repository/org/glassfish/hk2/external/jakarta.inject/2.5.0/jakarta.inject-2.5.0.jar:/root/.m2/repository/org/glassfish/hk2/hk2-utils/2.5.0/hk2-utils-2.5.0.jar:/root/.m2/repository/jakarta/annotation/jakarta.annotation-api/1.3.4/jakarta.annotation-api-1.3.4.jar:/root/.m2/repository/org/glassfish/hk2/external/aopalliance-repackaged/2.5.0/aopalliance-repackaged-2.5.0.jar:/root/.m2/repository/com/fasterxml/jackson/dataformat/jackson-dataformat-xml/2.9.0/jackson-dataformat-xml-2.9.0.jar:/root/.m2/repository/com/fasterxml/jackson/core/jackson-core/2.9.5/jackson-core-2.9.5.jar:/root/.m2/repository/com/fasterxml/jackson/module/jackson-module-jaxb-annotations/2.9.5/jackson-module-jaxb-annotations-2.9.5.jar:/root/.m2/repository/javax/enterprise/cdi-api/1.2/cdi-api-1.2.jar:/root/.m2/repository/javax/el/javax.el-api/3.0.0/javax.el-api-3.0.0.jar:/root/.m2/repository/javax/interceptor/javax.interceptor-api/1.2/javax.interceptor-api-1.2.jar:/root/.m2/repository/javax/inject/javax.inject/1/javax.inject-1.jar:/root/.m2/repository/com/sun/xml/bind/jaxb-impl/2.3.0.1/jaxb-impl-2.3.0.1.jar:/root/.m2/repository/com/sun/xml/bind/jaxb-core/2.3.0.1/jaxb-core-2.3.0.1.jar:/root/.m2/repository/javax/xml/bind/jaxb-api/2.3.0/jaxb-api-2.3.0.jar:/root/.m2/repository/javax/activation/activation/1.1.1/activation-1.1.1.jar:/root/.m2/repository/org/apache/hadoop/hadoop-ozone-csi/0.5.0-SNAPSHOT/hadoop-ozone-csi-0.5.0-SNAPSHOT.jar:/root/.m2/repository/com/google/protobuf/protobuf-java-util/3.5.1/protobuf-java-util-3.5.1.jar:/root/.m2/repository/org/apache/hadoop/hadoop-hdds-config/0.5.0-SNAPSHOT/hadoop-hdds-config-0.5.0-SNAPSHOT.jar:/root/.m2/repository/com/google/guava/guava/11.0.2/guava-11.0.2.jar:/root/.m2/repository/com/google/protobuf/protobuf-java/2.5.0/protobuf-java-2.5.0.jar:/root/.m2/repository/io/grpc/grpc-netty/1.17.1/grpc-netty-1.17.1.jar:/root/.m2/repository/io/grpc/grpc-core/1.17.1/grpc-core-1.17.1.jar:/root/.m2/repository/io/grpc/grpc-context/1.17.1/grpc-context-1.17.1.jar:/root/.m2/repository/com/google/errorprone/error_prone_annotations/2.2.0/error_prone_annotations-2.2.0.jar:/root/.m2/repository/org/codehaus/mojo/animal-sniffer-annotations/1.17/animal-sniffer-annotations-1.17.jar:/root/.m2/repository/io/opencensus/opencensus-api/0.17.0/opencensus-api-0.17.0.jar:/root/.m2/repository/io/opencensus/opencensus-contrib-grpc-metrics/0.17.0/opencensus-contrib-grpc-metrics-0.17.0.jar:/root/.m2/repository/io/netty/netty-codec-http2/4.1.30.Final/netty-codec-http2-4.1.30.Final.jar:/root/.m2/repository/io/netty/netty-codec-http/4.1.30.Final/netty-codec-http-4.1.30.Final.jar:/root/.m2/repository/io/netty/netty-codec/4.1.30.Final/netty-codec-4.1.30.Final.jar:/root/.m2/repository/io/netty/netty-handler/4.1.30.Final/netty-handler-4.1.30.Final.jar:/root/.m2/repository/io/netty/netty-handler-proxy/4.1.30.Final/netty-handler-proxy-4.1.30.Final.jar:/root/.m2/repository/io/netty/netty-codec-socks/4.1.30.Final/netty-codec-socks-4.1.30.Final.jar:/root/.m2/repository/io/netty/netty-transport-native-epoll/4.1.30.Final/netty-transport-native-epoll-4.1.30.Final.jar:/root/.m2/repository/io/netty/netty-common/4.1.30.Final/netty-common-4.1.30.Final.jar:/root/.m2/repository/io/netty/netty-buffer/4.1.30.Final/netty-buffer-4.1.30.Final.jar:/root/.m2/repository/io/netty/netty-transport/4.1.30.Final/netty-transport-4.1.30.Final.jar:/root/.m2/repository/io/netty/netty-resolver/4.1.30.Final/netty-resolver-4.1.30.Final.jar:/root/.m2/repository/io/netty/netty-transport-native-unix-common/4.1.30.Final/netty-transport-native-unix-common-4.1.30.Final.jar:/root/.m2/repository/io/grpc/grpc-protobuf/1.17.1/grpc-protobuf-1.17.1.jar:/root/.m2/repository/com/google/api/grpc/proto-google-common-protos/1.0.0/proto-google-common-protos-1.0.0.jar:/root/.m2/repository/io/grpc/grpc-protobuf-lite/1.17.1/grpc-protobuf-lite-1.17.1.jar:/root/.m2/repository/io/grpc/grpc-stub/1.17.1/grpc-stub-1.17.1.jar:/root/.m2/repository/org/apache/hadoop/hadoop-ozone-recon/0.5.0-SNAPSHOT/hadoop-ozone-recon-0.5.0-SNAPSHOT.jar:/root/.m2/repository/org/apache/hadoop/hadoop-ozone-reconcodegen/0.5.0-SNAPSHOT/hadoop-ozone-reconcodegen-0.5.0-SNAPSHOT.jar:/root/.m2/repository/com/google/inject/extensions/guice-multibindings/4.0/guice-multibindings-4.0.jar:/root/.m2/repository/com/google/inject/guice/4.0/guice-4.0.jar:/root/.m2/repository/aopalliance/aopalliance/1.0/aopalliance-1.0.jar:/root/.m2/repository/com/google/inject/extensions/guice-servlet/4.0/guice-servlet-4.0.jar:/root/.m2/repository/org/glassfish/jersey/containers/jersey-container-servlet/2.27/jersey-container-servlet-2.27.jar:/root/.m2/repository/org/glassfish/hk2/guice-bridge/2.5.0/guice-bridge-2.5.0.jar:/root/.m2/repository/org/glassfish/jersey/core/jersey-server/2.27/jersey-server-2.27.jar:/root/.m2/repository/org/glassfish/jersey/core/jersey-client/2.27/jersey-client-2.27.jar:/root/.m2/repository/org/glassfish/jersey/media/jersey-media-jaxb/2.27/jersey-media-jaxb-2.27.jar:/root/.m2/repository/javax/validation/validation-api/1.1.0.Final/validation-api-1.1.0.Final.jar:/root/.m2/repository/org/glassfish/jersey/media/jersey-media-json-jackson/2.27/jersey-media-json-jackson-2.27.jar:/root/.m2/repository/org/glassfish/jersey/ext/jersey-entity-filtering/2.27/jersey-entity-filtering-2.27.jar:/root/.m2/repository/com/google/inject/extensions/guice-assistedinject/4.0/guice-assistedinject-4.0.jar:/root/.m2/repository/org/jooq/jooq/3.11.10/jooq-3.11.10.jar:/root/.m2/repository/org/jooq/jooq-meta/3.11.10/jooq-meta-3.11.10.jar:/root/.m2/repository/org/jooq/jooq-codegen/3.11.10/jooq-codegen-3.11.10.jar:/root/.m2/repository/com/jolbox/bonecp/0.8.0.RELEASE/bonecp-0.8.0.RELEASE.jar:/root/.m2/repository/org/xerial/sqlite-jdbc/3.25.2/sqlite-jdbc-3.25.2.jar:/root/.m2/repository/org/springframework/spring-jdbc/5.1.3.RELEASE/spring-jdbc-5.1.3.RELEASE.jar:/root/.m2/repository/org/springframework/spring-beans/5.1.3.RELEASE/spring-beans-5.1.3.RELEASE.jar:/root/.m2/repository/org/springframework/spring-core/5.1.3.RELEASE/spring-core-5.1.3.RELEASE.jar:/root/.m2/repository/org/springframework/spring-jcl/5.1.3.RELEASE/spring-jcl-5.1.3.RELEASE.jar:/root/.m2/repository/org/springframework/spring-tx/5.1.3.RELEASE/spring-tx-5.1.3.RELEASE.jar:/root/.m2/repository/org/apache/hadoop/hadoop-ozone-client/0.5.0-SNAPSHOT/hadoop-ozone-client-0.5.0-SNAPSHOT.jar:/root/.m2/repository/org/apache/hadoop/hadoop-ozone-ozone-manager/0.5.0-SNAPSHOT/hadoop-ozone-ozone-manager-0.5.0-SNAPSHOT-tests.jar:/root/.m2/repository/junit/junit/4.11/junit-4.11.jar:/root/.m2/repository/org/hamcrest/hamcrest-core/1.3/hamcrest-core-1.3.jar:/root/.m2/repository/org/openjdk/jmh/jmh-core/1.19/jmh-core-1.19.jar:/root/.m2/repository/net/sf/jopt-simple/jopt-simple/4.6/jopt-simple-4.6.jar:/root/.m2/repository/org/apache/commons/commons-math3/3.1.1/commons-math3-3.1.1.jar:/root/.m2/repository/org/openjdk/jmh/jmh-generator-annprocess/1.19/jmh-generator-annprocess-1.19.jar:/root/.m2/repository/org/mockito/mockito-all/1.8.5/mockito-all-1.8.5.jar:/root/.m2/repository/org/apache/hadoop/hadoop-kms/3.2.0/hadoop-kms-3.2.0.jar:/root/.m2/repository/org/apache/hadoop/hadoop-auth/3.2.0/hadoop-auth-3.2.0.jar:/root/.m2/repository/com/nimbusds/nimbus-jose-jwt/4.41.1/nimbus-jose-jwt-4.41.1.jar:/root/.m2/repository/com/github/stephenc/jcip/jcip-annotations/1.0-1/jcip-annotations-1.0-1.jar:/root/.m2/repository/net/minidev/json-smart/2.3/json-smart-2.3.jar:/root/.m2/repository/net/minidev/accessors-smart/1.2/accessors-smart-1.2.jar:/root/.m2/repository/org/ow2/asm/asm/5.0.4/asm-5.0.4.jar:/root/.m2/repository/org/apache/curator/curator-framework/2.12.0/curator-framework-2.12.0.jar:/root/.m2/repository/com/sun/jersey/jersey-core/1.19/jersey-core-1.19.jar:/root/.m2/repository/javax/ws/rs/jsr311-api/1.1.1/jsr311-api-1.1.1.jar:/root/.m2/repository/com/sun/jersey/jersey-server/1.19/jersey-server-1.19.jar:/root/.m2/repository/javax/servlet/javax.servlet-api/3.1.0/javax.servlet-api-3.1.0.jar:/root/.m2/repository/org/eclipse/jetty/jetty-server/9.3.24.v20180605/jetty-server-9.3.24.v20180605.jar:/root/.m2/repository/org/eclipse/jetty/jetty-http/9.3.24.v20180605/jetty-http-9.3.24.v20180605.jar:/root/.m2/repository/org/eclipse/jetty/jetty-io/9.3.24.v20180605/jetty-io-9.3.24.v20180605.jar:/root/.m2/repository/org/eclipse/jetty/jetty-webapp/9.3.24.v20180605/jetty-webapp-9.3.24.v20180605.jar:/root/.m2/repository/org/eclipse/jetty/jetty-xml/9.3.24.v20180605/jetty-xml-9.3.24.v20180605.jar:/root/.m2/repository/log4j/log4j/1.2.17/log4j-1.2.17.jar:/root/.m2/repository/org/slf4j/slf4j-api/1.7.25/slf4j-api-1.7.25.jar:/root/.m2/repository/org/slf4j/jul-to-slf4j/1.7.25/jul-to-slf4j-1.7.25.jar:/root/.m2/repository/org/eclipse/jetty/jetty-util/9.3.24.v20180605/jetty-util-9.3.24.v20180605.jar:/root/.m2/repository/io/dropwizard/metrics/metrics-core/3.2.4/metrics-core-3.2.4.jar:/root/.m2/repository/com/fasterxml/jackson/core/jackson-databind/2.9.5/jackson-databind-2.9.5.jar:/root/.m2/repository/org/apache/hadoop/hadoop-kms/3.2.0/hadoop-kms-3.2.0-tests.jar:/root/.m2/repository/org/apache/hadoop/hadoop-hdds-server-scm/0.5.0-SNAPSHOT/hadoop-hdds-server-scm-0.5.0-SNAPSHOT-tests.jar:/root/.m2/repository/org/hamcrest/hamcrest-all/1.3/hamcrest-all-1.3.jar:/root/.m2/repository/info/picocli/picocli/3.9.6/picocli-3.9.6.jar:/root/.m2/repository/org/apache/hadoop/hadoop-hdds-container-service/0.5.0-SNAPSHOT/hadoop-hdds-container-service-0.5.0-SNAPSHOT-tests.jar:/root/.m2/repository/org/yaml/snakeyaml/1.16/snakeyaml-1.16.jar:/root/.m2/repository/org/apache/hadoop/hadoop-common/3.2.0/hadoop-common-3.2.0-tests.jar:/root/.m2/repository/org/apache/hadoop/hadoop-annotations/3.2.0/hadoop-annotations-3.2.0.jar:/usr/lib/jvm/java-1.8-openjdk/jre/../lib/tools.jar:/root/.m2/repository/commons-cli/commons-cli/1.2/commons-cli-1.2.jar:/root/.m2/repository/org/apache/httpcomponents/httpclient/4.5.2/httpclient-4.5.2.jar:/root/.m2/repository/org/apache/httpcomponents/httpcore/4.4.4/httpcore-4.4.4.jar:/root/.m2/repository/commons-codec/commons-codec/1.11/commons-codec-1.11.jar:/root/.m2/repository/commons-net/commons-net/3.6/commons-net-3.6.jar:/root/.m2/repository/commons-collections/commons-collections/3.2.2/commons-collections-3.2.2.jar:/root/.m2/repository/org/eclipse/jetty/jetty-servlet/9.3.24.v20180605/jetty-servlet-9.3.24.v20180605.jar:/root/.m2/repository/org/eclipse/jetty/jetty-security/9.3.24.v20180605/jetty-security-9.3.24.v20180605.jar:/root/.m2/repository/javax/servlet/jsp/jsp-api/2.1/jsp-api-2.1.jar:/root/.m2/repository/com/sun/jersey/jersey-servlet/1.19/jersey-servlet-1.19.jar:/root/.m2/repository/com/sun/jersey/jersey-json/1.19/jersey-json-1.19.jar:/root/.m2/repository/org/codehaus/jettison/jettison/1.1/jettison-1.1.jar:/root/.m2/repository/org/codehaus/jackson/jackson-core-asl/1.9.13/jackson-core-asl-1.9.13.jar:/root/.m2/repository/org/codehaus/jackson/jackson-mapper-asl/1.9.13/jackson-mapper-asl-1.9.13.jar:/root/.m2/repository/org/codehaus/jackson/jackson-jaxrs/1.9.13/jackson-jaxrs-1.9.13.jar:/root/.m2/repository/org/codehaus/jackson/jackson-xc/1.9.13/jackson-xc-1.9.13.jar:/root/.m2/repository/commons-logging/commons-logging/1.1.3/commons-logging-1.1.3.jar:/root/.m2/repository/commons-beanutils/commons-beanutils/1.9.3/commons-beanutils-1.9.3.jar:/root/.m2/repository/org/apache/commons/commons-configuration2/2.1.1/commons-configuration2-2.1.1.jar:/root/.m2/repository/org/apache/commons/commons-lang3/3.7/commons-lang3-3.7.jar:/root/.m2/repository/org/apache/commons/commons-text/1.4/commons-text-1.4.jar:/root/.m2/repository/org/apache/avro/avro/1.7.7/avro-1.7.7.jar:/root/.m2/repository/com/thoughtworks/paranamer/paranamer/2.3/paranamer-2.3.jar:/root/.m2/repository/org/xerial/snappy/snappy-java/1.0.5/snappy-java-1.0.5.jar:/root/.m2/repository/com/google/re2j/re2j/1.1/re2j-1.1.jar:/root/.m2/repository/com/google/code/gson/gson/2.2.4/gson-2.2.4.jar:/root/.m2/repository/com/jcraft/jsch/0.1.54/jsch-0.1.54.jar:/root/.m2/repository/org/apache/curator/curator-client/2.12.0/curator-client-2.12.0.jar:/root/.m2/repository/org/apache/curator/curator-recipes/2.12.0/curator-recipes-2.12.0.jar:/root/.m2/repository/com/google/code/findbugs/jsr305/3.0.0/jsr305-3.0.0.jar:/root/.m2/repository/org/apache/htrace/htrace-core4/4.1.0-incubating/htrace-core4-4.1.0-incubating.jar:/root/.m2/repository/org/apache/zookeeper/zookeeper/3.4.13/zookeeper-3.4.13.jar:/root/.m2/repository/org/apache/yetus/audience-annotations/0.5.0/audience-annotations-0.5.0.jar:/root/.m2/repository/org/codehaus/woodstox/stax2-api/3.1.4/stax2-api-3.1.4.jar:/root/.m2/repository/com/fasterxml/woodstox/woodstox-core/5.0.3/woodstox-core-5.0.3.jar:/root/.m2/repository/dnsjava/dnsjava/2.1.7/dnsjava-2.1.7.jar:/root/.m2/repository/org/apache/hadoop/hadoop-hdfs/3.2.0/hadoop-hdfs-3.2.0-tests.jar:/root/.m2/repository/org/eclipse/jetty/jetty-util-ajax/9.3.24.v20180605/jetty-util-ajax-9.3.24.v20180605.jar:/root/.m2/repository/commons-daemon/commons-daemon/1.0.13/commons-daemon-1.0.13.jar:/root/.m2/repository/io/netty/netty/3.10.5.Final/netty-3.10.5.Final.jar:/root/.m2/repository/io/netty/netty-all/4.0.52.Final/netty-all-4.0.52.Final.jar:/root/.m2/repository/org/fusesource/leveldbjni/leveldbjni-all/1.8/leveldbjni-all-1.8.jar:"/>
    <property name="java.vm.vendor" value="IcedTea"/>
    <property name="sun.arch.data.model" value="64"/>
    <property name="test.build.dir" value="/opt/src/hadoop-ozone/integration-test/target/test-dir"/>
    <property name="test.cache.data" value=""/>
    <property name="java.vendor.url" value="https://icedtea.classpath.org"/>
    <property name="user.timezone" value=""/>
    <property name="java.vm.specification.version" value="1.8"/>
    <property name="os.name" value="Linux"/>
    <property name="test.build.data" value="/opt/src/hadoop-ozone/integration-test/target/test-dir"/>
    <property name="user.country" value="US"/>
    <property name="sun.java.launcher" value="SUN_STANDARD"/>
    <property name="sun.boot.library.path" value="/usr/lib/jvm/java-1.8-openjdk/jre/lib/amd64"/>
    <property name="sun.java.command" value="/opt/src/hadoop-ozone/integration-test/target/surefire/surefirebooter8883116438800718027.jar /opt/src/hadoop-ozone/integration-test/target/surefire 2019-06-13T18-02-43_767-jvmRun1 surefire5886756501488366676tmp surefire_86690649966472648961tmp"/>
    <property name="surefire.test.class.path" value="/opt/src/hadoop-ozone/integration-test/target/test-classes:/opt/src/hadoop-ozone/integration-test/target/classes:/root/.m2/repository/org/apache/hadoop/hadoop-ozone-common/0.5.0-SNAPSHOT/hadoop-ozone-common-0.5.0-SNAPSHOT.jar:/root/.m2/repository/org/apache/commons/commons-compress/1.4.1/commons-compress-1.4.1.jar:/root/.m2/repository/org/tukaani/xz/1.0/xz-1.0.jar:/root/.m2/repository/org/apache/hadoop/hadoop-common/3.2.0/hadoop-common-3.2.0.jar:/root/.m2/repository/org/apache/hadoop/hadoop-hdfs/3.2.0/hadoop-hdfs-3.2.0.jar:/root/.m2/repository/org/apache/hadoop/hadoop-hdfs-client/3.2.0/hadoop-hdfs-client-3.2.0.jar:/root/.m2/repository/com/fasterxml/jackson/core/jackson-annotations/2.9.5/jackson-annotations-2.9.5.jar:/root/.m2/repository/org/apache/hadoop/hadoop-hdds-common/0.5.0-SNAPSHOT/hadoop-hdds-common-0.5.0-SNAPSHOT.jar:/root/.m2/repository/javax/annotation/javax.annotation-api/1.2/javax.annotation-api-1.2.jar:/root/.m2/repository/org/apache/ratis/ratis-server/0.4.0-fe2b15d-SNAPSHOT/ratis-server-0.4.0-fe2b15d-SNAPSHOT.jar:/root/.m2/repository/org/apache/ratis/ratis-thirdparty-misc/0.2.0/ratis-thirdparty-misc-0.2.0.jar:/root/.m2/repository/org/apache/ratis/ratis-proto/0.4.0-fe2b15d-SNAPSHOT/ratis-proto-0.4.0-fe2b15d-SNAPSHOT.jar:/root/.m2/repository/org/apache/ratis/ratis-common/0.4.0-fe2b15d-SNAPSHOT/ratis-common-0.4.0-fe2b15d-SNAPSHOT.jar:/root/.m2/repository/org/apache/ratis/ratis-client/0.4.0-fe2b15d-SNAPSHOT/ratis-client-0.4.0-fe2b15d-SNAPSHOT.jar:/root/.m2/repository/org/apache/ratis/ratis-netty/0.4.0-fe2b15d-SNAPSHOT/ratis-netty-0.4.0-fe2b15d-SNAPSHOT.jar:/root/.m2/repository/org/apache/ratis/ratis-grpc/0.4.0-fe2b15d-SNAPSHOT/ratis-grpc-0.4.0-fe2b15d-SNAPSHOT.jar:/root/.m2/repository/org/rocksdb/rocksdbjni/5.14.2/rocksdbjni-5.14.2.jar:/root/.m2/repository/org/apache/logging/log4j/log4j-api/2.11.0/log4j-api-2.11.0.jar:/root/.m2/repository/org/apache/logging/log4j/log4j-core/2.11.0/log4j-core-2.11.0.jar:/root/.m2/repository/com/lmax/disruptor/3.4.2/disruptor-3.4.2.jar:/root/.m2/repository/org/apache/commons/commons-pool2/2.6.0/commons-pool2-2.6.0.jar:/root/.m2/repository/org/bouncycastle/bcpkix-jdk15on/1.60/bcpkix-jdk15on-1.60.jar:/root/.m2/repository/commons-validator/commons-validator/1.6/commons-validator-1.6.jar:/root/.m2/repository/commons-digester/commons-digester/1.8.1/commons-digester-1.8.1.jar:/root/.m2/repository/io/jaegertracing/jaeger-client/0.33.1/jaeger-client-0.33.1.jar:/root/.m2/repository/io/jaegertracing/jaeger-thrift/0.33.1/jaeger-thrift-0.33.1.jar:/root/.m2/repository/org/apache/thrift/libthrift/0.11.0/libthrift-0.11.0.jar:/root/.m2/repository/com/squareup/okhttp3/okhttp/3.9.0/okhttp-3.9.0.jar:/root/.m2/repository/com/squareup/okio/okio/1.13.0/okio-1.13.0.jar:/root/.m2/repository/io/jaegertracing/jaeger-core/0.33.1/jaeger-core-0.33.1.jar:/root/.m2/repository/io/jaegertracing/jaeger-tracerresolver/0.33.1/jaeger-tracerresolver-0.33.1.jar:/root/.m2/repository/io/opentracing/contrib/opentracing-tracerresolver/0.1.5/opentracing-tracerresolver-0.1.5.jar:/root/.m2/repository/io/opentracing/opentracing-util/0.31.0/opentracing-util-0.31.0.jar:/root/.m2/repository/io/opentracing/opentracing-api/0.31.0/opentracing-api-0.31.0.jar:/root/.m2/repository/io/opentracing/opentracing-noop/0.31.0/opentracing-noop-0.31.0.jar:/root/.m2/repository/org/apache/hadoop/hadoop-hdds-server-framework/0.5.0-SNAPSHOT/hadoop-hdds-server-framework-0.5.0-SNAPSHOT.jar:/root/.m2/repository/org/apache/hadoop/hadoop-hdds-server-scm/0.5.0-SNAPSHOT/hadoop-hdds-server-scm-0.5.0-SNAPSHOT.jar:/root/.m2/repository/org/apache/hadoop/hadoop-hdds-container-service/0.5.0-SNAPSHOT/hadoop-hdds-container-service-0.5.0-SNAPSHOT.jar:/root/.m2/repository/org/apache/hadoop/hadoop-hdds-client/0.5.0-SNAPSHOT/hadoop-hdds-client-0.5.0-SNAPSHOT.jar:/root/.m2/repository/org/apache/hadoop/hadoop-hdds-tools/0.5.0-SNAPSHOT/hadoop-hdds-tools-0.5.0-SNAPSHOT.jar:/root/.m2/repository/org/apache/hadoop/hadoop-ozone-ozone-manager/0.5.0-SNAPSHOT/hadoop-ozone-ozone-manager-0.5.0-SNAPSHOT.jar:/root/.m2/repository/org/apache/hadoop/hadoop-hdds-docs/0.5.0-SNAPSHOT/hadoop-hdds-docs-0.5.0-SNAPSHOT.jar:/root/.m2/repository/org/bouncycastle/bcprov-jdk15on/1.60/bcprov-jdk15on-1.60.jar:/root/.m2/repository/org/apache/hadoop/hadoop-minikdc/3.2.0/hadoop-minikdc-3.2.0.jar:/root/.m2/repository/commons-io/commons-io/2.5/commons-io-2.5.jar:/root/.m2/repository/org/apache/kerby/kerb-simplekdc/1.0.1/kerb-simplekdc-1.0.1.jar:/root/.m2/repository/org/apache/kerby/kerb-client/1.0.1/kerb-client-1.0.1.jar:/root/.m2/repository/org/apache/kerby/kerby-config/1.0.1/kerby-config-1.0.1.jar:/root/.m2/repository/org/apache/kerby/kerb-core/1.0.1/kerb-core-1.0.1.jar:/root/.m2/repository/org/apache/kerby/kerby-pkix/1.0.1/kerby-pkix-1.0.1.jar:/root/.m2/repository/org/apache/kerby/kerby-asn1/1.0.1/kerby-asn1-1.0.1.jar:/root/.m2/repository/org/apache/kerby/kerby-util/1.0.1/kerby-util-1.0.1.jar:/root/.m2/repository/org/apache/kerby/kerb-common/1.0.1/kerb-common-1.0.1.jar:/root/.m2/repository/org/apache/kerby/kerb-crypto/1.0.1/kerb-crypto-1.0.1.jar:/root/.m2/repository/org/apache/kerby/kerb-util/1.0.1/kerb-util-1.0.1.jar:/root/.m2/repository/org/apache/kerby/token-provider/1.0.1/token-provider-1.0.1.jar:/root/.m2/repository/org/apache/kerby/kerb-admin/1.0.1/kerb-admin-1.0.1.jar:/root/.m2/repository/org/apache/kerby/kerb-server/1.0.1/kerb-server-1.0.1.jar:/root/.m2/repository/org/apache/kerby/kerb-identity/1.0.1/kerb-identity-1.0.1.jar:/root/.m2/repository/org/apache/kerby/kerby-xdr/1.0.1/kerby-xdr-1.0.1.jar:/root/.m2/repository/org/slf4j/slf4j-log4j12/1.7.25/slf4j-log4j12-1.7.25.jar:/root/.m2/repository/org/apache/hadoop/hadoop-ozone-objectstore-service/0.5.0-SNAPSHOT/hadoop-ozone-objectstore-service-0.5.0-SNAPSHOT.jar:/root/.m2/repository/org/apache/hadoop/hadoop-ozone-s3gateway/0.5.0-SNAPSHOT/hadoop-ozone-s3gateway-0.5.0-SNAPSHOT.jar:/root/.m2/repository/org/jboss/weld/servlet/weld-servlet/2.4.7.Final/weld-servlet-2.4.7.Final.jar:/root/.m2/repository/org/glassfish/jersey/containers/jersey-container-servlet-core/2.27/jersey-container-servlet-core-2.27.jar:/root/.m2/repository/org/glassfish/hk2/external/javax.inject/2.5.0-b42/javax.inject-2.5.0-b42.jar:/root/.m2/repository/org/glassfish/jersey/core/jersey-common/2.27/jersey-common-2.27.jar:/root/.m2/repository/org/glassfish/hk2/osgi-resource-locator/1.0.1/osgi-resource-locator-1.0.1.jar:/root/.m2/repository/javax/ws/rs/javax.ws.rs-api/2.1/javax.ws.rs-api-2.1.jar:/root/.m2/repository/org/glassfish/jersey/ext/cdi/jersey-cdi1x/2.27/jersey-cdi1x-2.27.jar:/root/.m2/repository/org/glassfish/jersey/inject/jersey-hk2/2.27/jersey-hk2-2.27.jar:/root/.m2/repository/org/glassfish/hk2/hk2-locator/2.5.0-b42/hk2-locator-2.5.0-b42.jar:/root/.m2/repository/org/javassist/javassist/3.22.0-CR2/javassist-3.22.0-CR2.jar:/root/.m2/repository/org/glassfish/hk2/hk2-api/2.5.0/hk2-api-2.5.0.jar:/root/.m2/repository/org/glassfish/hk2/external/jakarta.inject/2.5.0/jakarta.inject-2.5.0.jar:/root/.m2/repository/org/glassfish/hk2/hk2-utils/2.5.0/hk2-utils-2.5.0.jar:/root/.m2/repository/jakarta/annotation/jakarta.annotation-api/1.3.4/jakarta.annotation-api-1.3.4.jar:/root/.m2/repository/org/glassfish/hk2/external/aopalliance-repackaged/2.5.0/aopalliance-repackaged-2.5.0.jar:/root/.m2/repository/com/fasterxml/jackson/dataformat/jackson-dataformat-xml/2.9.0/jackson-dataformat-xml-2.9.0.jar:/root/.m2/repository/com/fasterxml/jackson/core/jackson-core/2.9.5/jackson-core-2.9.5.jar:/root/.m2/repository/com/fasterxml/jackson/module/jackson-module-jaxb-annotations/2.9.5/jackson-module-jaxb-annotations-2.9.5.jar:/root/.m2/repository/javax/enterprise/cdi-api/1.2/cdi-api-1.2.jar:/root/.m2/repository/javax/el/javax.el-api/3.0.0/javax.el-api-3.0.0.jar:/root/.m2/repository/javax/interceptor/javax.interceptor-api/1.2/javax.interceptor-api-1.2.jar:/root/.m2/repository/javax/inject/javax.inject/1/javax.inject-1.jar:/root/.m2/repository/com/sun/xml/bind/jaxb-impl/2.3.0.1/jaxb-impl-2.3.0.1.jar:/root/.m2/repository/com/sun/xml/bind/jaxb-core/2.3.0.1/jaxb-core-2.3.0.1.jar:/root/.m2/repository/javax/xml/bind/jaxb-api/2.3.0/jaxb-api-2.3.0.jar:/root/.m2/repository/javax/activation/activation/1.1.1/activation-1.1.1.jar:/root/.m2/repository/org/apache/hadoop/hadoop-ozone-csi/0.5.0-SNAPSHOT/hadoop-ozone-csi-0.5.0-SNAPSHOT.jar:/root/.m2/repository/com/google/protobuf/protobuf-java-util/3.5.1/protobuf-java-util-3.5.1.jar:/root/.m2/repository/org/apache/hadoop/hadoop-hdds-config/0.5.0-SNAPSHOT/hadoop-hdds-config-0.5.0-SNAPSHOT.jar:/root/.m2/repository/com/google/guava/guava/11.0.2/guava-11.0.2.jar:/root/.m2/repository/com/google/protobuf/protobuf-java/2.5.0/protobuf-java-2.5.0.jar:/root/.m2/repository/io/grpc/grpc-netty/1.17.1/grpc-netty-1.17.1.jar:/root/.m2/repository/io/grpc/grpc-core/1.17.1/grpc-core-1.17.1.jar:/root/.m2/repository/io/grpc/grpc-context/1.17.1/grpc-context-1.17.1.jar:/root/.m2/repository/com/google/errorprone/error_prone_annotations/2.2.0/error_prone_annotations-2.2.0.jar:/root/.m2/repository/org/codehaus/mojo/animal-sniffer-annotations/1.17/animal-sniffer-annotations-1.17.jar:/root/.m2/repository/io/opencensus/opencensus-api/0.17.0/opencensus-api-0.17.0.jar:/root/.m2/repository/io/opencensus/opencensus-contrib-grpc-metrics/0.17.0/opencensus-contrib-grpc-metrics-0.17.0.jar:/root/.m2/repository/io/netty/netty-codec-http2/4.1.30.Final/netty-codec-http2-4.1.30.Final.jar:/root/.m2/repository/io/netty/netty-codec-http/4.1.30.Final/netty-codec-http-4.1.30.Final.jar:/root/.m2/repository/io/netty/netty-codec/4.1.30.Final/netty-codec-4.1.30.Final.jar:/root/.m2/repository/io/netty/netty-handler/4.1.30.Final/netty-handler-4.1.30.Final.jar:/root/.m2/repository/io/netty/netty-handler-proxy/4.1.30.Final/netty-handler-proxy-4.1.30.Final.jar:/root/.m2/repository/io/netty/netty-codec-socks/4.1.30.Final/netty-codec-socks-4.1.30.Final.jar:/root/.m2/repository/io/netty/netty-transport-native-epoll/4.1.30.Final/netty-transport-native-epoll-4.1.30.Final.jar:/root/.m2/repository/io/netty/netty-common/4.1.30.Final/netty-common-4.1.30.Final.jar:/root/.m2/repository/io/netty/netty-buffer/4.1.30.Final/netty-buffer-4.1.30.Final.jar:/root/.m2/repository/io/netty/netty-transport/4.1.30.Final/netty-transport-4.1.30.Final.jar:/root/.m2/repository/io/netty/netty-resolver/4.1.30.Final/netty-resolver-4.1.30.Final.jar:/root/.m2/repository/io/netty/netty-transport-native-unix-common/4.1.30.Final/netty-transport-native-unix-common-4.1.30.Final.jar:/root/.m2/repository/io/grpc/grpc-protobuf/1.17.1/grpc-protobuf-1.17.1.jar:/root/.m2/repository/com/google/api/grpc/proto-google-common-protos/1.0.0/proto-google-common-protos-1.0.0.jar:/root/.m2/repository/io/grpc/grpc-protobuf-lite/1.17.1/grpc-protobuf-lite-1.17.1.jar:/root/.m2/repository/io/grpc/grpc-stub/1.17.1/grpc-stub-1.17.1.jar:/root/.m2/repository/org/apache/hadoop/hadoop-ozone-recon/0.5.0-SNAPSHOT/hadoop-ozone-recon-0.5.0-SNAPSHOT.jar:/root/.m2/repository/org/apache/hadoop/hadoop-ozone-reconcodegen/0.5.0-SNAPSHOT/hadoop-ozone-reconcodegen-0.5.0-SNAPSHOT.jar:/root/.m2/repository/com/google/inject/extensions/guice-multibindings/4.0/guice-multibindings-4.0.jar:/root/.m2/repository/com/google/inject/guice/4.0/guice-4.0.jar:/root/.m2/repository/aopalliance/aopalliance/1.0/aopalliance-1.0.jar:/root/.m2/repository/com/google/inject/extensions/guice-servlet/4.0/guice-servlet-4.0.jar:/root/.m2/repository/org/glassfish/jersey/containers/jersey-container-servlet/2.27/jersey-container-servlet-2.27.jar:/root/.m2/repository/org/glassfish/hk2/guice-bridge/2.5.0/guice-bridge-2.5.0.jar:/root/.m2/repository/org/glassfish/jersey/core/jersey-server/2.27/jersey-server-2.27.jar:/root/.m2/repository/org/glassfish/jersey/core/jersey-client/2.27/jersey-client-2.27.jar:/root/.m2/repository/org/glassfish/jersey/media/jersey-media-jaxb/2.27/jersey-media-jaxb-2.27.jar:/root/.m2/repository/javax/validation/validation-api/1.1.0.Final/validation-api-1.1.0.Final.jar:/root/.m2/repository/org/glassfish/jersey/media/jersey-media-json-jackson/2.27/jersey-media-json-jackson-2.27.jar:/root/.m2/repository/org/glassfish/jersey/ext/jersey-entity-filtering/2.27/jersey-entity-filtering-2.27.jar:/root/.m2/repository/com/google/inject/extensions/guice-assistedinject/4.0/guice-assistedinject-4.0.jar:/root/.m2/repository/org/jooq/jooq/3.11.10/jooq-3.11.10.jar:/root/.m2/repository/org/jooq/jooq-meta/3.11.10/jooq-meta-3.11.10.jar:/root/.m2/repository/org/jooq/jooq-codegen/3.11.10/jooq-codegen-3.11.10.jar:/root/.m2/repository/com/jolbox/bonecp/0.8.0.RELEASE/bonecp-0.8.0.RELEASE.jar:/root/.m2/repository/org/xerial/sqlite-jdbc/3.25.2/sqlite-jdbc-3.25.2.jar:/root/.m2/repository/org/springframework/spring-jdbc/5.1.3.RELEASE/spring-jdbc-5.1.3.RELEASE.jar:/root/.m2/repository/org/springframework/spring-beans/5.1.3.RELEASE/spring-beans-5.1.3.RELEASE.jar:/root/.m2/repository/org/springframework/spring-core/5.1.3.RELEASE/spring-core-5.1.3.RELEASE.jar:/root/.m2/repository/org/springframework/spring-jcl/5.1.3.RELEASE/spring-jcl-5.1.3.RELEASE.jar:/root/.m2/repository/org/springframework/spring-tx/5.1.3.RELEASE/spring-tx-5.1.3.RELEASE.jar:/root/.m2/repository/org/apache/hadoop/hadoop-ozone-client/0.5.0-SNAPSHOT/hadoop-ozone-client-0.5.0-SNAPSHOT.jar:/root/.m2/repository/org/apache/hadoop/hadoop-ozone-ozone-manager/0.5.0-SNAPSHOT/hadoop-ozone-ozone-manager-0.5.0-SNAPSHOT-tests.jar:/root/.m2/repository/junit/junit/4.11/junit-4.11.jar:/root/.m2/repository/org/hamcrest/hamcrest-core/1.3/hamcrest-core-1.3.jar:/root/.m2/repository/org/openjdk/jmh/jmh-core/1.19/jmh-core-1.19.jar:/root/.m2/repository/net/sf/jopt-simple/jopt-simple/4.6/jopt-simple-4.6.jar:/root/.m2/repository/org/apache/commons/commons-math3/3.1.1/commons-math3-3.1.1.jar:/root/.m2/repository/org/openjdk/jmh/jmh-generator-annprocess/1.19/jmh-generator-annprocess-1.19.jar:/root/.m2/repository/org/mockito/mockito-all/1.8.5/mockito-all-1.8.5.jar:/root/.m2/repository/org/apache/hadoop/hadoop-kms/3.2.0/hadoop-kms-3.2.0.jar:/root/.m2/repository/org/apache/hadoop/hadoop-auth/3.2.0/hadoop-auth-3.2.0.jar:/root/.m2/repository/com/nimbusds/nimbus-jose-jwt/4.41.1/nimbus-jose-jwt-4.41.1.jar:/root/.m2/repository/com/github/stephenc/jcip/jcip-annotations/1.0-1/jcip-annotations-1.0-1.jar:/root/.m2/repository/net/minidev/json-smart/2.3/json-smart-2.3.jar:/root/.m2/repository/net/minidev/accessors-smart/1.2/accessors-smart-1.2.jar:/root/.m2/repository/org/ow2/asm/asm/5.0.4/asm-5.0.4.jar:/root/.m2/repository/org/apache/curator/curator-framework/2.12.0/curator-framework-2.12.0.jar:/root/.m2/repository/com/sun/jersey/jersey-core/1.19/jersey-core-1.19.jar:/root/.m2/repository/javax/ws/rs/jsr311-api/1.1.1/jsr311-api-1.1.1.jar:/root/.m2/repository/com/sun/jersey/jersey-server/1.19/jersey-server-1.19.jar:/root/.m2/repository/javax/servlet/javax.servlet-api/3.1.0/javax.servlet-api-3.1.0.jar:/root/.m2/repository/org/eclipse/jetty/jetty-server/9.3.24.v20180605/jetty-server-9.3.24.v20180605.jar:/root/.m2/repository/org/eclipse/jetty/jetty-http/9.3.24.v20180605/jetty-http-9.3.24.v20180605.jar:/root/.m2/repository/org/eclipse/jetty/jetty-io/9.3.24.v20180605/jetty-io-9.3.24.v20180605.jar:/root/.m2/repository/org/eclipse/jetty/jetty-webapp/9.3.24.v20180605/jetty-webapp-9.3.24.v20180605.jar:/root/.m2/repository/org/eclipse/jetty/jetty-xml/9.3.24.v20180605/jetty-xml-9.3.24.v20180605.jar:/root/.m2/repository/log4j/log4j/1.2.17/log4j-1.2.17.jar:/root/.m2/repository/org/slf4j/slf4j-api/1.7.25/slf4j-api-1.7.25.jar:/root/.m2/repository/org/slf4j/jul-to-slf4j/1.7.25/jul-to-slf4j-1.7.25.jar:/root/.m2/repository/org/eclipse/jetty/jetty-util/9.3.24.v20180605/jetty-util-9.3.24.v20180605.jar:/root/.m2/repository/io/dropwizard/metrics/metrics-core/3.2.4/metrics-core-3.2.4.jar:/root/.m2/repository/com/fasterxml/jackson/core/jackson-databind/2.9.5/jackson-databind-2.9.5.jar:/root/.m2/repository/org/apache/hadoop/hadoop-kms/3.2.0/hadoop-kms-3.2.0-tests.jar:/root/.m2/repository/org/apache/hadoop/hadoop-hdds-server-scm/0.5.0-SNAPSHOT/hadoop-hdds-server-scm-0.5.0-SNAPSHOT-tests.jar:/root/.m2/repository/org/hamcrest/hamcrest-all/1.3/hamcrest-all-1.3.jar:/root/.m2/repository/info/picocli/picocli/3.9.6/picocli-3.9.6.jar:/root/.m2/repository/org/apache/hadoop/hadoop-hdds-container-service/0.5.0-SNAPSHOT/hadoop-hdds-container-service-0.5.0-SNAPSHOT-tests.jar:/root/.m2/repository/org/yaml/snakeyaml/1.16/snakeyaml-1.16.jar:/root/.m2/repository/org/apache/hadoop/hadoop-common/3.2.0/hadoop-common-3.2.0-tests.jar:/root/.m2/repository/org/apache/hadoop/hadoop-annotations/3.2.0/hadoop-annotations-3.2.0.jar:/usr/lib/jvm/java-1.8-openjdk/jre/../lib/tools.jar:/root/.m2/repository/commons-cli/commons-cli/1.2/commons-cli-1.2.jar:/root/.m2/repository/org/apache/httpcomponents/httpclient/4.5.2/httpclient-4.5.2.jar:/root/.m2/repository/org/apache/httpcomponents/httpcore/4.4.4/httpcore-4.4.4.jar:/root/.m2/repository/commons-codec/commons-codec/1.11/commons-codec-1.11.jar:/root/.m2/repository/commons-net/commons-net/3.6/commons-net-3.6.jar:/root/.m2/repository/commons-collections/commons-collections/3.2.2/commons-collections-3.2.2.jar:/root/.m2/repository/org/eclipse/jetty/jetty-servlet/9.3.24.v20180605/jetty-servlet-9.3.24.v20180605.jar:/root/.m2/repository/org/eclipse/jetty/jetty-security/9.3.24.v20180605/jetty-security-9.3.24.v20180605.jar:/root/.m2/repository/javax/servlet/jsp/jsp-api/2.1/jsp-api-2.1.jar:/root/.m2/repository/com/sun/jersey/jersey-servlet/1.19/jersey-servlet-1.19.jar:/root/.m2/repository/com/sun/jersey/jersey-json/1.19/jersey-json-1.19.jar:/root/.m2/repository/org/codehaus/jettison/jettison/1.1/jettison-1.1.jar:/root/.m2/repository/org/codehaus/jackson/jackson-core-asl/1.9.13/jackson-core-asl-1.9.13.jar:/root/.m2/repository/org/codehaus/jackson/jackson-mapper-asl/1.9.13/jackson-mapper-asl-1.9.13.jar:/root/.m2/repository/org/codehaus/jackson/jackson-jaxrs/1.9.13/jackson-jaxrs-1.9.13.jar:/root/.m2/repository/org/codehaus/jackson/jackson-xc/1.9.13/jackson-xc-1.9.13.jar:/root/.m2/repository/commons-logging/commons-logging/1.1.3/commons-logging-1.1.3.jar:/root/.m2/repository/commons-beanutils/commons-beanutils/1.9.3/commons-beanutils-1.9.3.jar:/root/.m2/repository/org/apache/commons/commons-configuration2/2.1.1/commons-configuration2-2.1.1.jar:/root/.m2/repository/org/apache/commons/commons-lang3/3.7/commons-lang3-3.7.jar:/root/.m2/repository/org/apache/commons/commons-text/1.4/commons-text-1.4.jar:/root/.m2/repository/org/apache/avro/avro/1.7.7/avro-1.7.7.jar:/root/.m2/repository/com/thoughtworks/paranamer/paranamer/2.3/paranamer-2.3.jar:/root/.m2/repository/org/xerial/snappy/snappy-java/1.0.5/snappy-java-1.0.5.jar:/root/.m2/repository/com/google/re2j/re2j/1.1/re2j-1.1.jar:/root/.m2/repository/com/google/code/gson/gson/2.2.4/gson-2.2.4.jar:/root/.m2/repository/com/jcraft/jsch/0.1.54/jsch-0.1.54.jar:/root/.m2/repository/org/apache/curator/curator-client/2.12.0/curator-client-2.12.0.jar:/root/.m2/repository/org/apache/curator/curator-recipes/2.12.0/curator-recipes-2.12.0.jar:/root/.m2/repository/com/google/code/findbugs/jsr305/3.0.0/jsr305-3.0.0.jar:/root/.m2/repository/org/apache/htrace/htrace-core4/4.1.0-incubating/htrace-core4-4.1.0-incubating.jar:/root/.m2/repository/org/apache/zookeeper/zookeeper/3.4.13/zookeeper-3.4.13.jar:/root/.m2/repository/org/apache/yetus/audience-annotations/0.5.0/audience-annotations-0.5.0.jar:/root/.m2/repository/org/codehaus/woodstox/stax2-api/3.1.4/stax2-api-3.1.4.jar:/root/.m2/repository/com/fasterxml/woodstox/woodstox-core/5.0.3/woodstox-core-5.0.3.jar:/root/.m2/repository/dnsjava/dnsjava/2.1.7/dnsjava-2.1.7.jar:/root/.m2/repository/org/apache/hadoop/hadoop-hdfs/3.2.0/hadoop-hdfs-3.2.0-tests.jar:/root/.m2/repository/org/eclipse/jetty/jetty-util-ajax/9.3.24.v20180605/jetty-util-ajax-9.3.24.v20180605.jar:/root/.m2/repository/commons-daemon/commons-daemon/1.0.13/commons-daemon-1.0.13.jar:/root/.m2/repository/io/netty/netty/3.10.5.Final/netty-3.10.5.Final.jar:/root/.m2/repository/io/netty/netty-all/4.0.52.Final/netty-all-4.0.52.Final.jar:/root/.m2/repository/org/fusesource/leveldbjni/leveldbjni-all/1.8/leveldbjni-all-1.8.jar:"/>
    <property name="sun.cpu.endian" value="little"/>
    <property name="user.home" value="/root"/>
    <property name="user.language" value="en"/>
    <property name="java.specification.vendor" value="Oracle Corporation"/>
    <property name="java.home" value="/usr/lib/jvm/java-1.8-openjdk/jre"/>
    <property name="java.security.krb5.conf" value="/opt/src/hadoop-ozone/integration-test/target/test-classes/krb5.conf"/>
    <property name="basedir" value="/opt/src/hadoop-ozone/integration-test"/>
    <property name="file.separator" value="/"/>
    <property name="line.separator" value="&#10;"/>
    <property name="java.vm.specification.vendor" value="Oracle Corporation"/>
    <property name="java.specification.name" value="Java Platform API Specification"/>
    <property name="java.awt.graphicsenv" value="sun.awt.X11GraphicsEnvironment"/>
    <property name="surefire.real.class.path" value="/opt/src/hadoop-ozone/integration-test/target/surefire/surefirebooter8883116438800718027.jar"/>
    <property name="hadoop.log.dir" value="/opt/src/hadoop-ozone/integration-test/target/log"/>
    <property name="sun.boot.class.path" value="/usr/lib/jvm/java-1.8-openjdk/jre/lib/resources.jar:/usr/lib/jvm/java-1.8-openjdk/jre/lib/rt.jar:/usr/lib/jvm/java-1.8-openjdk/jre/lib/sunrsasign.jar:/usr/lib/jvm/java-1.8-openjdk/jre/lib/jsse.jar:/usr/lib/jvm/java-1.8-openjdk/jre/lib/jce.jar:/usr/lib/jvm/java-1.8-openjdk/jre/lib/charsets.jar:/usr/lib/jvm/java-1.8-openjdk/jre/lib/jfr.jar:/usr/lib/jvm/java-1.8-openjdk/jre/classes"/>
    <property name="sun.management.compiler" value="HotSpot 64-Bit Tiered Compilers"/>
    <property name="java.runtime.version" value="1.8.0_212-b04"/>
    <property name="java.net.preferIPv4Stack" value="true"/>
    <property name="user.name" value="root"/>
    <property name="path.separator" value=":"/>
    <property name="java.security.egd" value="file:///dev/urandom"/>
    <property name="os.version" value="4.15.0-1021-aws"/>
    <property name="java.endorsed.dirs" value="/usr/lib/jvm/java-1.8-openjdk/jre/lib/endorsed"/>
    <property name="java.runtime.name" value="OpenJDK Runtime Environment"/>
    <property name="file.encoding" value="UTF-8"/>
    <property name="java.vm.name" value="OpenJDK 64-Bit Server VM"/>
    <property name="test.build.webapps" value=""/>
    <property name="localRepository" value="/root/.m2/repository"/>
    <property name="java.vendor.url.bug" value="https://icedtea.classpath.org/bugzilla"/>
    <property name="java.io.tmpdir" value="/tmp"/>
    <property name="require.test.libhadoop" value=""/>
    <property name="java.version" value="1.8.0_212"/>
    <property name="user.dir" value="/opt/src/hadoop-ozone/integration-test"/>
    <property name="os.arch" value="amd64"/>
    <property name="java.vm.specification.name" value="Java Virtual Machine Specification"/>
    <property name="test.build.classes" value="/opt/src/hadoop-ozone/integration-test/target/test-classes"/>
    <property name="java.awt.printerjob" value="sun.print.PSPrinterJob"/>
    <property name="sun.os.patch.level" value="unknown"/>
    <property name="hadoop.tmp.dir" value="/opt/src/hadoop-ozone/integration-test/target/tmp"/>
    <property name="java.library.path" value="/usr/lib/jvm/java-1.8-openjdk/jre/lib/amd64/server:/usr/lib/jvm/java-1.8-openjdk/jre/lib/amd64:/usr/lib/jvm/java-1.8-openjdk/jre/../lib/amd64:/opt/src/hadoop-ozone/integration-test/target/native/target/usr/local/lib:/opt/src/hadoop-ozone/integration-test/../../hadoop-common-project/hadoop-common/target/native/target/usr/local/lib:/usr/java/packages/lib/amd64:/usr/lib64:/lib64:/lib:/usr/lib"/>
    <property name="java.vm.info" value="mixed mode"/>
    <property name="java.vendor" value="IcedTea"/>
    <property name="java.vm.version" value="25.212-b04"/>
    <property name="java.ext.dirs" value="/usr/lib/jvm/java-1.8-openjdk/jre/lib/ext:/usr/java/packages/lib/ext"/>
    <property name="sun.io.unicode.encoding" value="UnicodeLittle"/>
    <property name="java.class.version" value="52.0"/>
  </properties>
  <testcase name="testPipelineFail" classname="org.apache.hadoop.hdds.scm.pipeline.TestNodeFailure" time="0">
    <skipped/>
    <system-out><![CDATA[2019-06-13 18:06:57,863 WARN  server.ServerUtils (ServerUtils.java:getScmDbDir(145)) - ozone.scm.db.dirs is not configured. We recommend adding this setting. Falling back to ozone.metadata.dirs instead.
2019-06-13 18:06:57,927 WARN  server.ServerUtils (ServerUtils.java:getScmDbDir(145)) - ozone.scm.db.dirs is not configured. We recommend adding this setting. Falling back to ozone.metadata.dirs instead.
2019-06-13 18:06:57,930 WARN  server.ServerUtils (ServerUtils.java:getScmDbDir(145)) - ozone.scm.db.dirs is not configured. We recommend adding this setting. Falling back to ozone.metadata.dirs instead.
2019-06-13 18:06:57,944 INFO  util.log (Log.java:initialized(192)) - Logging initialized @699ms
2019-06-13 18:06:58,034 INFO  db.DBStoreBuilder (DBStoreBuilder.java:addTable(110)) - using custom profile for table: deletedBlocks
2019-06-13 18:06:58,034 INFO  db.DBStoreBuilder (DBStoreBuilder.java:processTables(161)) - Using default column profile:DBProfile.DISK for Table:deletedBlocks
2019-06-13 18:06:58,035 INFO  db.DBStoreBuilder (DBStoreBuilder.java:addTable(110)) - using custom profile for table: validCerts
2019-06-13 18:06:58,035 INFO  db.DBStoreBuilder (DBStoreBuilder.java:processTables(161)) - Using default column profile:DBProfile.DISK for Table:validCerts
2019-06-13 18:06:58,035 INFO  db.DBStoreBuilder (DBStoreBuilder.java:addTable(110)) - using custom profile for table: revokedCerts
2019-06-13 18:06:58,035 INFO  db.DBStoreBuilder (DBStoreBuilder.java:processTables(161)) - Using default column profile:DBProfile.DISK for Table:revokedCerts
2019-06-13 18:06:58,046 INFO  db.DBStoreBuilder (DBStoreBuilder.java:addTable(110)) - using custom profile for table: default
2019-06-13 18:06:58,046 INFO  db.DBStoreBuilder (DBStoreBuilder.java:processTables(167)) - Using default column profile:DBProfile.DISK for Table:default
2019-06-13 18:06:58,047 INFO  db.DBStoreBuilder (DBStoreBuilder.java:getDbProfile(198)) - Using default options. DBProfile.DISK
2019-06-13 18:06:58,112 INFO  node.SCMNodeManager (SCMNodeManager.java:<init>(108)) - Entering startup safe mode.
2019-06-13 18:06:58,161 INFO  net.NodeSchemaLoader (NodeSchemaLoader.java:loadSchemaFromFile(125)) - Loading file from sun.misc.CompoundEnumeration@443118b0
2019-06-13 18:06:58,163 INFO  net.NodeSchemaLoader (NodeSchemaLoader.java:loadSchema(171)) - Loading network topology layer schema file
2019-06-13 18:06:58,215 WARN  server.ServerUtils (ServerUtils.java:getScmDbDir(145)) - ozone.scm.db.dirs is not configured. We recommend adding this setting. Falling back to ozone.metadata.dirs instead.
2019-06-13 18:06:58,236 INFO  pipeline.SCMPipelineManager (SCMPipelineManager.java:initializePipelineState(126)) - No pipeline exists in current db
2019-06-13 18:06:58,237 WARN  server.ServerUtils (ServerUtils.java:getScmDbDir(145)) - ozone.scm.db.dirs is not configured. We recommend adding this setting. Falling back to ozone.metadata.dirs instead.
2019-06-13 18:06:58,288 WARN  events.EventQueue (EventQueue.java:fireEvent(175)) - No event handler registered for event TypedEvent{payloadType=SafeModeStatus, name='SafeModeStatus'}
2019-06-13 18:06:58,567 INFO  ipc.CallQueueManager (CallQueueManager.java:<init>(84)) - Using callQueue: class java.util.concurrent.LinkedBlockingQueue, queueCapacity: 2000, scheduler: class org.apache.hadoop.ipc.DefaultRpcScheduler, ipcBackoff: false.
2019-06-13 18:06:58,589 INFO  ipc.Server (Server.java:run(1074)) - Starting Socket Reader #1 for port 33683
2019-06-13 18:06:58,609 INFO  ipc.CallQueueManager (CallQueueManager.java:<init>(84)) - Using callQueue: class java.util.concurrent.LinkedBlockingQueue, queueCapacity: 2000, scheduler: class org.apache.hadoop.ipc.DefaultRpcScheduler, ipcBackoff: false.
2019-06-13 18:06:58,609 INFO  ipc.Server (Server.java:run(1074)) - Starting Socket Reader #1 for port 40313
2019-06-13 18:06:58,616 INFO  ipc.CallQueueManager (CallQueueManager.java:<init>(84)) - Using callQueue: class java.util.concurrent.LinkedBlockingQueue, queueCapacity: 2000, scheduler: class org.apache.hadoop.ipc.DefaultRpcScheduler, ipcBackoff: false.
2019-06-13 18:06:58,641 INFO  ipc.Server (Server.java:run(1074)) - Starting Socket Reader #1 for port 43611
2019-06-13 18:06:58,663 INFO  hdfs.DFSUtil (DFSUtil.java:httpServerTemplateForNNAndJN(1641)) - Starting Web-server for scm at: http://0.0.0.0:0
2019-06-13 18:06:58,804 INFO  server.AuthenticationFilter (AuthenticationFilter.java:constructSecretProvider(240)) - Unable to initialize FileSignerSecretProvider, falling back to use random secrets.
2019-06-13 18:06:58,811 WARN  http.HttpRequestLog (HttpRequestLog.java:getRequestLog(97)) - Jetty request log can only be enabled using Log4j
2019-06-13 18:06:58,817 INFO  http.HttpServer2 (HttpServer2.java:addGlobalFilter(975)) - Added global filter 'safety' (class=org.apache.hadoop.http.HttpServer2$QuotingInputFilter)
2019-06-13 18:06:58,819 INFO  http.HttpServer2 (HttpServer2.java:addFilter(948)) - Added filter static_user_filter (class=org.apache.hadoop.http.lib.StaticUserWebFilter$StaticUserFilter) to context scm
2019-06-13 18:06:58,819 INFO  http.HttpServer2 (HttpServer2.java:addFilter(958)) - Added filter static_user_filter (class=org.apache.hadoop.http.lib.StaticUserWebFilter$StaticUserFilter) to context logs
2019-06-13 18:06:58,819 INFO  http.HttpServer2 (HttpServer2.java:addFilter(958)) - Added filter static_user_filter (class=org.apache.hadoop.http.lib.StaticUserWebFilter$StaticUserFilter) to context static
2019-06-13 18:06:58,839 INFO  server.StorageContainerManager (StorageContainerManager.java:start(752)) - StorageContainerLocationProtocol RPC server is listening at /0.0.0.0:43611
2019-06-13 18:06:58,881 WARN  impl.MetricsConfig (MetricsConfig.java:loadFirst(134)) - Cannot locate configuration: tried hadoop-metrics2-storagecontainermanager.properties,hadoop-metrics2.properties
2019-06-13 18:06:58,889 INFO  impl.MetricsSystemImpl (MetricsSystemImpl.java:startTimer(374)) - Scheduled Metric snapshot period at 10 second(s).
2019-06-13 18:06:58,890 INFO  impl.MetricsSystemImpl (MetricsSystemImpl.java:start(191)) - StorageContainerManager metrics system started
2019-06-13 18:06:59,070 INFO  server.SCMClientProtocolServer (SCMClientProtocolServer.java:start(149)) - RPC server for Client  is listening at /0.0.0.0:43611
2019-06-13 18:06:59,071 INFO  ipc.Server (Server.java:run(1314)) - IPC Server Responder: starting
2019-06-13 18:06:59,071 INFO  ipc.Server (Server.java:run(1153)) - IPC Server listener on 43611: starting
2019-06-13 18:06:59,075 INFO  server.StorageContainerManager (StorageContainerManager.java:start(761)) - ScmBlockLocationProtocol RPC server is listening at /0.0.0.0:40313
2019-06-13 18:06:59,075 INFO  server.SCMBlockProtocolServer (SCMBlockProtocolServer.java:start(137)) - RPC server for Block Protocol is listening at /0.0.0.0:40313
2019-06-13 18:06:59,075 INFO  ipc.Server (Server.java:run(1314)) - IPC Server Responder: starting
2019-06-13 18:06:59,076 INFO  ipc.Server (Server.java:run(1153)) - IPC Server listener on 40313: starting
2019-06-13 18:06:59,077 INFO  server.StorageContainerManager (StorageContainerManager.java:start(765)) - ScmDatanodeProtocl RPC server is listening at /0.0.0.0:33683
2019-06-13 18:06:59,078 INFO  server.SCMDatanodeProtocolServer (SCMDatanodeProtocolServer.java:start(191)) - RPC server for DataNodes is listening at /0.0.0.0:33683
2019-06-13 18:06:59,078 INFO  ipc.Server (Server.java:run(1314)) - IPC Server Responder: starting
2019-06-13 18:06:59,078 INFO  ipc.Server (Server.java:run(1153)) - IPC Server listener on 33683: starting
2019-06-13 18:06:59,082 INFO  http.HttpServer2 (HttpServer2.java:bindListener(1191)) - Jetty bound to port 40967
2019-06-13 18:06:59,083 INFO  server.Server (Server.java:doStart(351)) - jetty-9.3.24.v20180605, build timestamp: 2018-06-05T17:11:56Z, git hash: 84205aa28f11a4f31f2a3b86d1bba2cc8ab69827
2019-06-13 18:06:59,116 INFO  handler.ContextHandler (ContextHandler.java:doStart(781)) - Started o.e.j.s.ServletContextHandler@2df6226d{/logs,file:///opt/src/hadoop-ozone/integration-test/target/log,AVAILABLE}
2019-06-13 18:06:59,117 INFO  handler.ContextHandler (ContextHandler.java:doStart(781)) - Started o.e.j.s.ServletContextHandler@4ff4357f{/static,file:///opt/src/hadoop-ozone/integration-test/target/test-classes/webapps/static,AVAILABLE}
2019-06-13 18:06:59,143 INFO  handler.ContextHandler (ContextHandler.java:doStart(781)) - Started o.e.j.w.WebAppContext@2484f433{/,file:///opt/src/hadoop-ozone/integration-test/target/test-classes/webapps/scm/,AVAILABLE}{/scm}
2019-06-13 18:06:59,147 INFO  server.AbstractConnector (AbstractConnector.java:doStart(278)) - Started ServerConnector@841e575{HTTP/1.1,[http/1.1]}{0.0.0.0:40967}
2019-06-13 18:06:59,147 INFO  server.Server (Server.java:doStart(419)) - Started @1902ms
2019-06-13 18:06:59,150 INFO  server.BaseHttpServer (BaseHttpServer.java:updateConnectorAddress(207)) - HTTP server of SCM is listening at http://0.0.0.0:40967
2019-06-13 18:06:59,157 INFO  util.JvmPauseMonitor (JvmPauseMonitor.java:run(188)) - Starting JVM pause monitor
2019-06-13 18:06:59,160 WARN  scm.ScmUtils (ScmUtils.java:getDBPath(63)) - ozone.om.db.dirs is not configured. We recommend adding this setting. Falling back to ozone.metadata.dirs instead.
2019-06-13 18:06:59,240 WARN  scm.ScmUtils (ScmUtils.java:getDBPath(63)) - ozone.om.db.dirs is not configured. We recommend adding this setting. Falling back to ozone.metadata.dirs instead.
2019-06-13 18:06:59,241 INFO  om.OzoneManager (OzoneManager.java:setOMNodeDetails(519)) - OM Service ID is not set. Setting it to the default ID: omServiceIdDefault
2019-06-13 18:06:59,241 INFO  om.OzoneManager (OzoneManager.java:setOMNodeDetails(525)) - OM Node ID is not set. Setting it to the OmStorage's OmID: 33dc18db-502f-48b4-8adc-ffe3b3b17061
2019-06-13 18:06:59,243 WARN  scm.HddsServerUtil (HddsServerUtil.java:getDefaultRatisDirectory(354)) - Storage directory for Ratis is not configured. It is a good idea to map this to an SSD disk. Falling back to ozone.metadata.dirs
2019-06-13 18:06:59,243 WARN  scm.HddsServerUtil (HddsServerUtil.java:getDefaultRatisDirectory(354)) - Storage directory for Ratis is not configured. It is a good idea to map this to an SSD disk. Falling back to ozone.metadata.dirs
2019-06-13 18:06:59,244 INFO  om.OzoneManager (OzoneManager.java:loadOMHAConfigs(476)) - Found matching OM address with OMServiceId: null, OMNodeId: null, RPC Address: localhost:0 and Ratis port: 9872
2019-06-13 18:06:59,405 WARN  scm.ScmUtils (ScmUtils.java:getDBPath(63)) - ozone.om.db.dirs is not configured. We recommend adding this setting. Falling back to ozone.metadata.dirs instead.
2019-06-13 18:06:59,410 INFO  db.DBStoreBuilder (DBStoreBuilder.java:addTable(110)) - using custom profile for table: userTable
2019-06-13 18:06:59,410 INFO  db.DBStoreBuilder (DBStoreBuilder.java:processTables(161)) - Using default column profile:DBProfile.DISK for Table:userTable
2019-06-13 18:06:59,410 INFO  db.DBStoreBuilder (DBStoreBuilder.java:addTable(110)) - using custom profile for table: volumeTable
2019-06-13 18:06:59,410 INFO  db.DBStoreBuilder (DBStoreBuilder.java:processTables(161)) - Using default column profile:DBProfile.DISK for Table:volumeTable
2019-06-13 18:06:59,410 INFO  db.DBStoreBuilder (DBStoreBuilder.java:addTable(110)) - using custom profile for table: bucketTable
2019-06-13 18:06:59,410 INFO  db.DBStoreBuilder (DBStoreBuilder.java:processTables(161)) - Using default column profile:DBProfile.DISK for Table:bucketTable
2019-06-13 18:06:59,411 INFO  db.DBStoreBuilder (DBStoreBuilder.java:addTable(110)) - using custom profile for table: keyTable
2019-06-13 18:06:59,411 INFO  db.DBStoreBuilder (DBStoreBuilder.java:processTables(161)) - Using default column profile:DBProfile.DISK for Table:keyTable
2019-06-13 18:06:59,411 INFO  db.DBStoreBuilder (DBStoreBuilder.java:addTable(110)) - using custom profile for table: deletedTable
2019-06-13 18:06:59,411 INFO  db.DBStoreBuilder (DBStoreBuilder.java:processTables(161)) - Using default column profile:DBProfile.DISK for Table:deletedTable
2019-06-13 18:06:59,411 INFO  db.DBStoreBuilder (DBStoreBuilder.java:addTable(110)) - using custom profile for table: openKeyTable
2019-06-13 18:06:59,412 INFO  db.DBStoreBuilder (DBStoreBuilder.java:processTables(161)) - Using default column profile:DBProfile.DISK for Table:openKeyTable
2019-06-13 18:06:59,412 INFO  db.DBStoreBuilder (DBStoreBuilder.java:addTable(110)) - using custom profile for table: s3Table
2019-06-13 18:06:59,412 INFO  db.DBStoreBuilder (DBStoreBuilder.java:processTables(161)) - Using default column profile:DBProfile.DISK for Table:s3Table
2019-06-13 18:06:59,412 INFO  db.DBStoreBuilder (DBStoreBuilder.java:addTable(110)) - using custom profile for table: multipartInfoTable
2019-06-13 18:06:59,412 INFO  db.DBStoreBuilder (DBStoreBuilder.java:processTables(161)) - Using default column profile:DBProfile.DISK for Table:multipartInfoTable
2019-06-13 18:06:59,413 INFO  db.DBStoreBuilder (DBStoreBuilder.java:addTable(110)) - using custom profile for table: dTokenTable
2019-06-13 18:06:59,413 INFO  db.DBStoreBuilder (DBStoreBuilder.java:processTables(161)) - Using default column profile:DBProfile.DISK for Table:dTokenTable
2019-06-13 18:06:59,413 INFO  db.DBStoreBuilder (DBStoreBuilder.java:addTable(110)) - using custom profile for table: s3SecretTable
2019-06-13 18:06:59,413 INFO  db.DBStoreBuilder (DBStoreBuilder.java:processTables(161)) - Using default column profile:DBProfile.DISK for Table:s3SecretTable
2019-06-13 18:06:59,413 INFO  db.DBStoreBuilder (DBStoreBuilder.java:addTable(110)) - using custom profile for table: prefixTable
2019-06-13 18:06:59,413 INFO  db.DBStoreBuilder (DBStoreBuilder.java:processTables(161)) - Using default column profile:DBProfile.DISK for Table:prefixTable
2019-06-13 18:06:59,414 INFO  db.DBStoreBuilder (DBStoreBuilder.java:addTable(110)) - using custom profile for table: default
2019-06-13 18:06:59,414 INFO  db.DBStoreBuilder (DBStoreBuilder.java:processTables(167)) - Using default column profile:DBProfile.DISK for Table:default
2019-06-13 18:06:59,414 INFO  db.DBStoreBuilder (DBStoreBuilder.java:getDbProfile(198)) - Using default options. DBProfile.DISK
2019-06-13 18:06:59,972 INFO  ipc.CallQueueManager (CallQueueManager.java:<init>(84)) - Using callQueue: class java.util.concurrent.LinkedBlockingQueue, queueCapacity: 2000, scheduler: class org.apache.hadoop.ipc.DefaultRpcScheduler, ipcBackoff: false.
2019-06-13 18:06:59,973 INFO  ipc.Server (Server.java:run(1074)) - Starting Socket Reader #1 for port 46749
2019-06-13 18:07:00,008 WARN  scm.ScmUtils (ScmUtils.java:getDBPath(63)) - ozone.om.db.dirs is not configured. We recommend adding this setting. Falling back to ozone.metadata.dirs instead.
2019-06-13 18:07:00,009 INFO  om.OzoneManager (OzoneManager.java:start(1217)) - OzoneManager RPC server is listening at localhost/127.0.0.1:46749
2019-06-13 18:07:00,009 INFO  impl.MetricsSystemImpl (MetricsSystemImpl.java:init(158)) - OzoneManager metrics system started (again)
2019-06-13 18:07:00,015 INFO  ipc.Server (Server.java:run(1314)) - IPC Server Responder: starting
2019-06-13 18:07:00,027 INFO  ipc.Server (Server.java:run(1153)) - IPC Server listener on 46749: starting
2019-06-13 18:07:00,045 INFO  hdfs.DFSUtil (DFSUtil.java:httpServerTemplateForNNAndJN(1641)) - Starting Web-server for ozoneManager at: http://0.0.0.0:0
2019-06-13 18:07:00,046 INFO  server.AuthenticationFilter (AuthenticationFilter.java:constructSecretProvider(240)) - Unable to initialize FileSignerSecretProvider, falling back to use random secrets.
2019-06-13 18:07:00,047 WARN  http.HttpRequestLog (HttpRequestLog.java:getRequestLog(97)) - Jetty request log can only be enabled using Log4j
2019-06-13 18:07:00,049 INFO  http.HttpServer2 (HttpServer2.java:addGlobalFilter(975)) - Added global filter 'safety' (class=org.apache.hadoop.http.HttpServer2$QuotingInputFilter)
2019-06-13 18:07:00,049 INFO  http.HttpServer2 (HttpServer2.java:addFilter(948)) - Added filter static_user_filter (class=org.apache.hadoop.http.lib.StaticUserWebFilter$StaticUserFilter) to context ozoneManager
2019-06-13 18:07:00,049 INFO  http.HttpServer2 (HttpServer2.java:addFilter(958)) - Added filter static_user_filter (class=org.apache.hadoop.http.lib.StaticUserWebFilter$StaticUserFilter) to context logs
2019-06-13 18:07:00,049 INFO  http.HttpServer2 (HttpServer2.java:addFilter(958)) - Added filter static_user_filter (class=org.apache.hadoop.http.lib.StaticUserWebFilter$StaticUserFilter) to context static
2019-06-13 18:07:00,051 INFO  http.HttpServer2 (HttpServer2.java:bindListener(1191)) - Jetty bound to port 41455
2019-06-13 18:07:00,051 INFO  server.Server (Server.java:doStart(351)) - jetty-9.3.24.v20180605, build timestamp: 2018-06-05T17:11:56Z, git hash: 84205aa28f11a4f31f2a3b86d1bba2cc8ab69827
2019-06-13 18:07:00,052 INFO  handler.ContextHandler (ContextHandler.java:doStart(781)) - Started o.e.j.s.ServletContextHandler@7c2a69b4{/logs,file:///opt/src/hadoop-ozone/integration-test/target/log,AVAILABLE}
2019-06-13 18:07:00,053 INFO  handler.ContextHandler (ContextHandler.java:doStart(781)) - Started o.e.j.s.ServletContextHandler@648ee871{/static,file:///opt/src/hadoop-ozone/integration-test/target/test-classes/webapps/static,AVAILABLE}
2019-06-13 18:07:00,057 INFO  handler.ContextHandler (ContextHandler.java:doStart(781)) - Started o.e.j.w.WebAppContext@6f012914{/,file:///opt/src/hadoop-ozone/integration-test/target/test-classes/webapps/ozoneManager/,AVAILABLE}{/ozoneManager}
2019-06-13 18:07:00,057 INFO  server.AbstractConnector (AbstractConnector.java:doStart(278)) - Started ServerConnector@18fdb6cf{HTTP/1.1,[http/1.1]}{0.0.0.0:41455}
2019-06-13 18:07:00,058 INFO  server.Server (Server.java:doStart(419)) - Started @2813ms
2019-06-13 18:07:00,062 INFO  server.BaseHttpServer (BaseHttpServer.java:updateConnectorAddress(207)) - HTTP server of OZONEMANAGER is listening at http://0.0.0.0:41455
2019-06-13 18:07:00,211 INFO  impl.MetricsSystemImpl (MetricsSystemImpl.java:init(158)) - HddsDatanode metrics system started (again)
2019-06-13 18:07:00,363 INFO  ozone.HddsDatanodeService (HddsDatanodeService.java:start(185)) - HddsDatanodeService host:ozone-zf9g4-1167396177 ip:192.168.11.194
2019-06-13 18:07:00,384 INFO  volume.HddsVolume (HddsVolume.java:<init>(176)) - Creating Volume: /opt/src/hadoop-ozone/integration-test/target/test-dir/MiniOzoneClusterImpl-9c73d800-9759-4108-9036-1923d064ea84/datanode-0/data/containers/hdds of  storage type : DISK and capacity : 104021790720
2019-06-13 18:07:00,385 INFO  volume.VolumeSet (VolumeSet.java:initializeVolumeSet(170)) - Added Volume : /opt/src/hadoop-ozone/integration-test/target/test-dir/MiniOzoneClusterImpl-9c73d800-9759-4108-9036-1923d064ea84/datanode-0/data/containers/hdds to VolumeSet
2019-06-13 18:07:00,387 INFO  volume.ThrottledAsyncChecker (ThrottledAsyncChecker.java:schedule(140)) - Scheduling a check for org.apache.hadoop.ozone.container.common.volume.HddsVolume@4a6c18ad
2019-06-13 18:07:00,401 INFO  volume.HddsVolumeChecker (HddsVolumeChecker.java:checkAllVolumes(203)) - Scheduled health check for volume org.apache.hadoop.ozone.container.common.volume.HddsVolume@4a6c18ad
2019-06-13 18:07:00,439 INFO  ratis.XceiverServerRatis (XceiverServerRatis.java:newXceiverServerRatis(401)) - Found a free port for the server : 37953
2019-06-13 18:07:00,507 INFO  impl.RaftServerProxy (ConfUtils.java:logGet(43)) - raft.rpc.type = GRPC (default)
2019-06-13 18:07:00,517 INFO  grpc.GrpcConfigKeys$Server (ConfUtils.java:logGet(43)) - raft.grpc.server.port = 37953 (custom)
2019-06-13 18:07:00,518 INFO  server.GrpcService (ConfUtils.java:logGet(43)) - raft.grpc.message.size.max = 33570816 (custom)
2019-06-13 18:07:00,519 INFO  server.RaftServerConfigKeys (ConfUtils.java:logGet(43)) - raft.server.log.appender.buffer.byte-limit = 33554432 (custom)
2019-06-13 18:07:00,520 INFO  server.GrpcService (ConfUtils.java:logGet(43)) - raft.grpc.flow.control.window = 1MB (=1048576) (default)
2019-06-13 18:07:00,521 INFO  server.RaftServerConfigKeys (ConfUtils.java:logGet(43)) - raft.server.rpc.request.timeout = 3000ms (default)
2019-06-13 18:07:00,640 INFO  server.RaftServerConfigKeys (ConfUtils.java:logGet(43)) - raft.server.storage.dir = [/opt/src/hadoop-ozone/integration-test/target/test-dir/MiniOzoneClusterImpl-9c73d800-9759-4108-9036-1923d064ea84/datanode-0/data/ratis] (custom)
2019-06-13 18:07:00,645 INFO  server.XceiverServerGrpc (XceiverServerGrpc.java:<init>(97)) - Found a free port for the server : 41805
2019-06-13 18:07:00,665 INFO  replication.SimpleContainerDownloader (SimpleContainerDownloader.java:<init>(72)) - Starting container downloader service to copy containers to replicate.
2019-06-13 18:07:00,675 INFO  hdfs.DFSUtil (DFSUtil.java:httpServerTemplateForNNAndJN(1641)) - Starting Web-server for hddsDatanode at: http://0.0.0.0:0
2019-06-13 18:07:00,676 INFO  server.AuthenticationFilter (AuthenticationFilter.java:constructSecretProvider(240)) - Unable to initialize FileSignerSecretProvider, falling back to use random secrets.
2019-06-13 18:07:00,677 WARN  http.HttpRequestLog (HttpRequestLog.java:getRequestLog(97)) - Jetty request log can only be enabled using Log4j
2019-06-13 18:07:00,679 INFO  http.HttpServer2 (HttpServer2.java:addGlobalFilter(975)) - Added global filter 'safety' (class=org.apache.hadoop.http.HttpServer2$QuotingInputFilter)
2019-06-13 18:07:00,680 INFO  http.HttpServer2 (HttpServer2.java:addFilter(948)) - Added filter static_user_filter (class=org.apache.hadoop.http.lib.StaticUserWebFilter$StaticUserFilter) to context hddsDatanode
2019-06-13 18:07:00,680 INFO  http.HttpServer2 (HttpServer2.java:addFilter(958)) - Added filter static_user_filter (class=org.apache.hadoop.http.lib.StaticUserWebFilter$StaticUserFilter) to context logs
2019-06-13 18:07:00,680 INFO  http.HttpServer2 (HttpServer2.java:addFilter(958)) - Added filter static_user_filter (class=org.apache.hadoop.http.lib.StaticUserWebFilter$StaticUserFilter) to context static
2019-06-13 18:07:00,681 INFO  http.HttpServer2 (HttpServer2.java:bindListener(1191)) - Jetty bound to port 40877
2019-06-13 18:07:00,681 INFO  server.Server (Server.java:doStart(351)) - jetty-9.3.24.v20180605, build timestamp: 2018-06-05T17:11:56Z, git hash: 84205aa28f11a4f31f2a3b86d1bba2cc8ab69827
2019-06-13 18:07:00,683 INFO  handler.ContextHandler (ContextHandler.java:doStart(781)) - Started o.e.j.s.ServletContextHandler@2e51d054{/logs,file:///opt/src/hadoop-ozone/integration-test/target/log,AVAILABLE}
2019-06-13 18:07:00,684 INFO  handler.ContextHandler (ContextHandler.java:doStart(781)) - Started o.e.j.s.ServletContextHandler@615e3f51{/static,jar:file:/root/.m2/repository/org/apache/hadoop/hadoop-hdds-container-service/0.5.0-SNAPSHOT/hadoop-hdds-container-service-0.5.0-SNAPSHOT.jar!/webapps/static,AVAILABLE}
2019-06-13 18:07:00,717 INFO  handler.ContextHandler (ContextHandler.java:doStart(781)) - Started o.e.j.w.WebAppContext@5e1fc2aa{/,file:///tmp/jetty-0.0.0.0-40877-hddsDatanode-_-any-2426280391787870353.dir/webapp/,AVAILABLE}{/hddsDatanode}
2019-06-13 18:07:00,718 INFO  server.AbstractConnector (AbstractConnector.java:doStart(278)) - Started ServerConnector@688d411b{HTTP/1.1,[http/1.1]}{0.0.0.0:40877}
2019-06-13 18:07:00,718 INFO  server.Server (Server.java:doStart(419)) - Started @3473ms
2019-06-13 18:07:00,719 INFO  server.BaseHttpServer (BaseHttpServer.java:updateConnectorAddress(207)) - HTTP server of HDDSDATANODE is listening at http://0.0.0.0:40877
2019-06-13 18:07:01,570 INFO  ozone.HddsDatanodeService (HddsDatanodeService.java:startPlugins(396)) - Started plug-in org.apache.hadoop.ozone.web.OzoneHddsDatanodeService@30bf26df
2019-06-13 18:07:01,571 INFO  impl.MetricsSystemImpl (MetricsSystemImpl.java:init(158)) - HddsDatanode metrics system started (again)
2019-06-13 18:07:01,571 INFO  ozone.HddsDatanodeService (HddsDatanodeService.java:start(185)) - HddsDatanodeService host:ozone-zf9g4-1167396177 ip:192.168.11.194
2019-06-13 18:07:01,588 INFO  util.JvmPauseMonitor (JvmPauseMonitor.java:run(188)) - Starting JVM pause monitor
2019-06-13 18:07:01,588 INFO  volume.HddsVolume (HddsVolume.java:<init>(176)) - Creating Volume: /opt/src/hadoop-ozone/integration-test/target/test-dir/MiniOzoneClusterImpl-9c73d800-9759-4108-9036-1923d064ea84/datanode-1/data/containers/hdds of  storage type : DISK and capacity : 104021790720
2019-06-13 18:07:01,589 INFO  volume.VolumeSet (VolumeSet.java:initializeVolumeSet(170)) - Added Volume : /opt/src/hadoop-ozone/integration-test/target/test-dir/MiniOzoneClusterImpl-9c73d800-9759-4108-9036-1923d064ea84/datanode-1/data/containers/hdds to VolumeSet
2019-06-13 18:07:01,590 INFO  volume.ThrottledAsyncChecker (ThrottledAsyncChecker.java:schedule(140)) - Scheduling a check for org.apache.hadoop.ozone.container.common.volume.HddsVolume@f171912
2019-06-13 18:07:01,595 INFO  volume.HddsVolumeChecker (HddsVolumeChecker.java:checkAllVolumes(203)) - Scheduled health check for volume org.apache.hadoop.ozone.container.common.volume.HddsVolume@f171912
2019-06-13 18:07:01,611 INFO  ratis.XceiverServerRatis (XceiverServerRatis.java:newXceiverServerRatis(401)) - Found a free port for the server : 35991
2019-06-13 18:07:01,612 INFO  impl.RaftServerProxy (ConfUtils.java:logGet(43)) - raft.rpc.type = GRPC (default)
2019-06-13 18:07:01,613 INFO  grpc.GrpcConfigKeys$Server (ConfUtils.java:logGet(43)) - raft.grpc.server.port = 35991 (custom)
2019-06-13 18:07:01,613 INFO  server.GrpcService (ConfUtils.java:logGet(43)) - raft.grpc.message.size.max = 33570816 (custom)
2019-06-13 18:07:01,613 INFO  server.RaftServerConfigKeys (ConfUtils.java:logGet(43)) - raft.server.log.appender.buffer.byte-limit = 33554432 (custom)
2019-06-13 18:07:01,613 INFO  server.GrpcService (ConfUtils.java:logGet(43)) - raft.grpc.flow.control.window = 1MB (=1048576) (default)
2019-06-13 18:07:01,614 INFO  server.RaftServerConfigKeys (ConfUtils.java:logGet(43)) - raft.server.rpc.request.timeout = 3000ms (default)
2019-06-13 18:07:01,614 INFO  server.RaftServerConfigKeys (ConfUtils.java:logGet(43)) - raft.server.storage.dir = [/opt/src/hadoop-ozone/integration-test/target/test-dir/MiniOzoneClusterImpl-9c73d800-9759-4108-9036-1923d064ea84/datanode-1/data/ratis] (custom)
2019-06-13 18:07:01,615 INFO  server.XceiverServerGrpc (XceiverServerGrpc.java:<init>(97)) - Found a free port for the server : 44891
2019-06-13 18:07:01,615 INFO  replication.SimpleContainerDownloader (SimpleContainerDownloader.java:<init>(72)) - Starting container downloader service to copy containers to replicate.
2019-06-13 18:07:01,616 INFO  hdfs.DFSUtil (DFSUtil.java:httpServerTemplateForNNAndJN(1641)) - Starting Web-server for hddsDatanode at: http://0.0.0.0:0
2019-06-13 18:07:01,618 INFO  server.AuthenticationFilter (AuthenticationFilter.java:constructSecretProvider(240)) - Unable to initialize FileSignerSecretProvider, falling back to use random secrets.
2019-06-13 18:07:01,618 WARN  http.HttpRequestLog (HttpRequestLog.java:getRequestLog(97)) - Jetty request log can only be enabled using Log4j
2019-06-13 18:07:01,620 INFO  http.HttpServer2 (HttpServer2.java:addGlobalFilter(975)) - Added global filter 'safety' (class=org.apache.hadoop.http.HttpServer2$QuotingInputFilter)
2019-06-13 18:07:01,621 INFO  http.HttpServer2 (HttpServer2.java:addFilter(948)) - Added filter static_user_filter (class=org.apache.hadoop.http.lib.StaticUserWebFilter$StaticUserFilter) to context hddsDatanode
2019-06-13 18:07:01,621 INFO  http.HttpServer2 (HttpServer2.java:addFilter(958)) - Added filter static_user_filter (class=org.apache.hadoop.http.lib.StaticUserWebFilter$StaticUserFilter) to context logs
2019-06-13 18:07:01,621 INFO  http.HttpServer2 (HttpServer2.java:addFilter(958)) - Added filter static_user_filter (class=org.apache.hadoop.http.lib.StaticUserWebFilter$StaticUserFilter) to context static
2019-06-13 18:07:01,622 INFO  http.HttpServer2 (HttpServer2.java:bindListener(1191)) - Jetty bound to port 39183
2019-06-13 18:07:01,622 INFO  server.Server (Server.java:doStart(351)) - jetty-9.3.24.v20180605, build timestamp: 2018-06-05T17:11:56Z, git hash: 84205aa28f11a4f31f2a3b86d1bba2cc8ab69827
2019-06-13 18:07:01,625 INFO  handler.ContextHandler (ContextHandler.java:doStart(781)) - Started o.e.j.s.ServletContextHandler@18b6d3c1{/logs,file:///opt/src/hadoop-ozone/integration-test/target/log,AVAILABLE}
2019-06-13 18:07:01,625 INFO  handler.ContextHandler (ContextHandler.java:doStart(781)) - Started o.e.j.s.ServletContextHandler@3fe512d2{/static,jar:file:/root/.m2/repository/org/apache/hadoop/hadoop-hdds-container-service/0.5.0-SNAPSHOT/hadoop-hdds-container-service-0.5.0-SNAPSHOT.jar!/webapps/static,AVAILABLE}
2019-06-13 18:07:01,656 INFO  handler.ContextHandler (ContextHandler.java:doStart(781)) - Started o.e.j.w.WebAppContext@e7b265e{/,file:///tmp/jetty-0.0.0.0-39183-hddsDatanode-_-any-3336679815352256623.dir/webapp/,AVAILABLE}{/hddsDatanode}
2019-06-13 18:07:01,657 INFO  server.AbstractConnector (AbstractConnector.java:doStart(278)) - Started ServerConnector@60310bf5{HTTP/1.1,[http/1.1]}{0.0.0.0:39183}
2019-06-13 18:07:01,658 INFO  server.Server (Server.java:doStart(419)) - Started @4413ms
2019-06-13 18:07:01,662 INFO  server.BaseHttpServer (BaseHttpServer.java:updateConnectorAddress(207)) - HTTP server of HDDSDATANODE is listening at http://0.0.0.0:39183
2019-06-13 18:07:01,673 INFO  datanode.InitDatanodeState (InitDatanodeState.java:persistContainerDatanodeDetails(140)) - DatanodeDetails is persisted to /opt/src/hadoop-ozone/integration-test/target/test-dir/MiniOzoneClusterImpl-9c73d800-9759-4108-9036-1923d064ea84/datanode-0/meta/datanode.id
2019-06-13 18:07:01,779 INFO  ozone.HddsDatanodeService (HddsDatanodeService.java:startPlugins(396)) - Started plug-in org.apache.hadoop.ozone.web.OzoneHddsDatanodeService@63fd4dda
2019-06-13 18:07:01,779 INFO  impl.MetricsSystemImpl (MetricsSystemImpl.java:init(158)) - HddsDatanode metrics system started (again)
2019-06-13 18:07:01,780 INFO  ozone.HddsDatanodeService (HddsDatanodeService.java:start(185)) - HddsDatanodeService host:ozone-zf9g4-1167396177 ip:192.168.11.194
2019-06-13 18:07:01,801 INFO  util.JvmPauseMonitor (JvmPauseMonitor.java:run(188)) - Starting JVM pause monitor
2019-06-13 18:07:01,804 INFO  volume.HddsVolume (HddsVolume.java:<init>(176)) - Creating Volume: /opt/src/hadoop-ozone/integration-test/target/test-dir/MiniOzoneClusterImpl-9c73d800-9759-4108-9036-1923d064ea84/datanode-2/data/containers/hdds of  storage type : DISK and capacity : 104021790720
2019-06-13 18:07:01,805 INFO  volume.VolumeSet (VolumeSet.java:initializeVolumeSet(170)) - Added Volume : /opt/src/hadoop-ozone/integration-test/target/test-dir/MiniOzoneClusterImpl-9c73d800-9759-4108-9036-1923d064ea84/datanode-2/data/containers/hdds to VolumeSet
2019-06-13 18:07:01,805 INFO  volume.ThrottledAsyncChecker (ThrottledAsyncChecker.java:schedule(140)) - Scheduling a check for org.apache.hadoop.ozone.container.common.volume.HddsVolume@4b56b031
2019-06-13 18:07:01,805 INFO  datanode.InitDatanodeState (InitDatanodeState.java:persistContainerDatanodeDetails(140)) - DatanodeDetails is persisted to /opt/src/hadoop-ozone/integration-test/target/test-dir/MiniOzoneClusterImpl-9c73d800-9759-4108-9036-1923d064ea84/datanode-1/meta/datanode.id
2019-06-13 18:07:01,807 INFO  volume.HddsVolumeChecker (HddsVolumeChecker.java:checkAllVolumes(203)) - Scheduled health check for volume org.apache.hadoop.ozone.container.common.volume.HddsVolume@4b56b031
2019-06-13 18:07:01,818 INFO  ratis.XceiverServerRatis (XceiverServerRatis.java:newXceiverServerRatis(401)) - Found a free port for the server : 41643
2019-06-13 18:07:01,819 INFO  impl.RaftServerProxy (ConfUtils.java:logGet(43)) - raft.rpc.type = GRPC (default)
2019-06-13 18:07:01,819 INFO  grpc.GrpcConfigKeys$Server (ConfUtils.java:logGet(43)) - raft.grpc.server.port = 41643 (custom)
2019-06-13 18:07:01,819 INFO  server.GrpcService (ConfUtils.java:logGet(43)) - raft.grpc.message.size.max = 33570816 (custom)
2019-06-13 18:07:01,819 INFO  server.RaftServerConfigKeys (ConfUtils.java:logGet(43)) - raft.server.log.appender.buffer.byte-limit = 33554432 (custom)
2019-06-13 18:07:01,819 INFO  server.GrpcService (ConfUtils.java:logGet(43)) - raft.grpc.flow.control.window = 1MB (=1048576) (default)
2019-06-13 18:07:01,820 INFO  server.RaftServerConfigKeys (ConfUtils.java:logGet(43)) - raft.server.rpc.request.timeout = 3000ms (default)
2019-06-13 18:07:01,820 INFO  server.RaftServerConfigKeys (ConfUtils.java:logGet(43)) - raft.server.storage.dir = [/opt/src/hadoop-ozone/integration-test/target/test-dir/MiniOzoneClusterImpl-9c73d800-9759-4108-9036-1923d064ea84/datanode-2/data/ratis] (custom)
2019-06-13 18:07:01,820 INFO  server.XceiverServerGrpc (XceiverServerGrpc.java:<init>(97)) - Found a free port for the server : 34303
2019-06-13 18:07:01,821 INFO  replication.SimpleContainerDownloader (SimpleContainerDownloader.java:<init>(72)) - Starting container downloader service to copy containers to replicate.
2019-06-13 18:07:01,822 INFO  hdfs.DFSUtil (DFSUtil.java:httpServerTemplateForNNAndJN(1641)) - Starting Web-server for hddsDatanode at: http://0.0.0.0:0
2019-06-13 18:07:01,823 INFO  server.AuthenticationFilter (AuthenticationFilter.java:constructSecretProvider(240)) - Unable to initialize FileSignerSecretProvider, falling back to use random secrets.
2019-06-13 18:07:01,823 WARN  http.HttpRequestLog (HttpRequestLog.java:getRequestLog(97)) - Jetty request log can only be enabled using Log4j
2019-06-13 18:07:01,824 INFO  http.HttpServer2 (HttpServer2.java:addGlobalFilter(975)) - Added global filter 'safety' (class=org.apache.hadoop.http.HttpServer2$QuotingInputFilter)
2019-06-13 18:07:01,825 INFO  http.HttpServer2 (HttpServer2.java:addFilter(948)) - Added filter static_user_filter (class=org.apache.hadoop.http.lib.StaticUserWebFilter$StaticUserFilter) to context hddsDatanode
2019-06-13 18:07:01,825 INFO  http.HttpServer2 (HttpServer2.java:addFilter(958)) - Added filter static_user_filter (class=org.apache.hadoop.http.lib.StaticUserWebFilter$StaticUserFilter) to context logs
2019-06-13 18:07:01,825 INFO  http.HttpServer2 (HttpServer2.java:addFilter(958)) - Added filter static_user_filter (class=org.apache.hadoop.http.lib.StaticUserWebFilter$StaticUserFilter) to context static
2019-06-13 18:07:01,825 INFO  http.HttpServer2 (HttpServer2.java:bindListener(1191)) - Jetty bound to port 39583
2019-06-13 18:07:01,825 INFO  server.Server (Server.java:doStart(351)) - jetty-9.3.24.v20180605, build timestamp: 2018-06-05T17:11:56Z, git hash: 84205aa28f11a4f31f2a3b86d1bba2cc8ab69827
2019-06-13 18:07:01,831 INFO  handler.ContextHandler (ContextHandler.java:doStart(781)) - Started o.e.j.s.ServletContextHandler@2443abd6{/logs,file:///opt/src/hadoop-ozone/integration-test/target/log,AVAILABLE}
2019-06-13 18:07:01,831 INFO  handler.ContextHandler (ContextHandler.java:doStart(781)) - Started o.e.j.s.ServletContextHandler@bd3eff4{/static,jar:file:/root/.m2/repository/org/apache/hadoop/hadoop-hdds-container-service/0.5.0-SNAPSHOT/hadoop-hdds-container-service-0.5.0-SNAPSHOT.jar!/webapps/static,AVAILABLE}
2019-06-13 18:07:01,852 INFO  handler.ContextHandler (ContextHandler.java:doStart(781)) - Started o.e.j.w.WebAppContext@4e80a001{/,file:///tmp/jetty-0.0.0.0-39583-hddsDatanode-_-any-8391674762351811651.dir/webapp/,AVAILABLE}{/hddsDatanode}
2019-06-13 18:07:01,855 INFO  server.AbstractConnector (AbstractConnector.java:doStart(278)) - Started ServerConnector@624b523{HTTP/1.1,[http/1.1]}{0.0.0.0:39583}
2019-06-13 18:07:01,856 INFO  server.Server (Server.java:doStart(419)) - Started @4611ms
2019-06-13 18:07:01,857 INFO  server.BaseHttpServer (BaseHttpServer.java:updateConnectorAddress(207)) - HTTP server of HDDSDATANODE is listening at http://0.0.0.0:39583
2019-06-13 18:07:02,024 INFO  ozone.HddsDatanodeService (HddsDatanodeService.java:startPlugins(396)) - Started plug-in org.apache.hadoop.ozone.web.OzoneHddsDatanodeService@11c78080
2019-06-13 18:07:02,025 INFO  impl.MetricsSystemImpl (MetricsSystemImpl.java:init(158)) - HddsDatanode metrics system started (again)
2019-06-13 18:07:02,025 INFO  ozone.HddsDatanodeService (HddsDatanodeService.java:start(185)) - HddsDatanodeService host:ozone-zf9g4-1167396177 ip:192.168.11.194
2019-06-13 18:07:02,035 INFO  util.JvmPauseMonitor (JvmPauseMonitor.java:run(188)) - Starting JVM pause monitor
2019-06-13 18:07:02,052 INFO  datanode.InitDatanodeState (InitDatanodeState.java:persistContainerDatanodeDetails(140)) - DatanodeDetails is persisted to /opt/src/hadoop-ozone/integration-test/target/test-dir/MiniOzoneClusterImpl-9c73d800-9759-4108-9036-1923d064ea84/datanode-2/meta/datanode.id
2019-06-13 18:07:02,053 INFO  volume.HddsVolume (HddsVolume.java:<init>(176)) - Creating Volume: /opt/src/hadoop-ozone/integration-test/target/test-dir/MiniOzoneClusterImpl-9c73d800-9759-4108-9036-1923d064ea84/datanode-3/data/containers/hdds of  storage type : DISK and capacity : 104021790720
2019-06-13 18:07:02,054 INFO  volume.VolumeSet (VolumeSet.java:initializeVolumeSet(170)) - Added Volume : /opt/src/hadoop-ozone/integration-test/target/test-dir/MiniOzoneClusterImpl-9c73d800-9759-4108-9036-1923d064ea84/datanode-3/data/containers/hdds to VolumeSet
2019-06-13 18:07:02,054 INFO  volume.ThrottledAsyncChecker (ThrottledAsyncChecker.java:schedule(140)) - Scheduling a check for org.apache.hadoop.ozone.container.common.volume.HddsVolume@7c11d32
2019-06-13 18:07:02,055 INFO  volume.HddsVolumeChecker (HddsVolumeChecker.java:checkAllVolumes(203)) - Scheduled health check for volume org.apache.hadoop.ozone.container.common.volume.HddsVolume@7c11d32
2019-06-13 18:07:02,065 INFO  ratis.XceiverServerRatis (XceiverServerRatis.java:newXceiverServerRatis(401)) - Found a free port for the server : 40469
2019-06-13 18:07:02,066 INFO  impl.RaftServerProxy (ConfUtils.java:logGet(43)) - raft.rpc.type = GRPC (default)
2019-06-13 18:07:02,066 INFO  grpc.GrpcConfigKeys$Server (ConfUtils.java:logGet(43)) - raft.grpc.server.port = 40469 (custom)
2019-06-13 18:07:02,067 INFO  server.GrpcService (ConfUtils.java:logGet(43)) - raft.grpc.message.size.max = 33570816 (custom)
2019-06-13 18:07:02,067 INFO  server.RaftServerConfigKeys (ConfUtils.java:logGet(43)) - raft.server.log.appender.buffer.byte-limit = 33554432 (custom)
2019-06-13 18:07:02,067 INFO  server.GrpcService (ConfUtils.java:logGet(43)) - raft.grpc.flow.control.window = 1MB (=1048576) (default)
2019-06-13 18:07:02,067 INFO  server.RaftServerConfigKeys (ConfUtils.java:logGet(43)) - raft.server.rpc.request.timeout = 3000ms (default)
2019-06-13 18:07:02,068 INFO  server.RaftServerConfigKeys (ConfUtils.java:logGet(43)) - raft.server.storage.dir = [/opt/src/hadoop-ozone/integration-test/target/test-dir/MiniOzoneClusterImpl-9c73d800-9759-4108-9036-1923d064ea84/datanode-3/data/ratis] (custom)
2019-06-13 18:07:02,068 INFO  server.XceiverServerGrpc (XceiverServerGrpc.java:<init>(97)) - Found a free port for the server : 39187
2019-06-13 18:07:02,068 INFO  replication.SimpleContainerDownloader (SimpleContainerDownloader.java:<init>(72)) - Starting container downloader service to copy containers to replicate.
2019-06-13 18:07:02,069 INFO  hdfs.DFSUtil (DFSUtil.java:httpServerTemplateForNNAndJN(1641)) - Starting Web-server for hddsDatanode at: http://0.0.0.0:0
2019-06-13 18:07:02,070 INFO  server.AuthenticationFilter (AuthenticationFilter.java:constructSecretProvider(240)) - Unable to initialize FileSignerSecretProvider, falling back to use random secrets.
2019-06-13 18:07:02,076 WARN  http.HttpRequestLog (HttpRequestLog.java:getRequestLog(97)) - Jetty request log can only be enabled using Log4j
2019-06-13 18:07:02,077 INFO  http.HttpServer2 (HttpServer2.java:addGlobalFilter(975)) - Added global filter 'safety' (class=org.apache.hadoop.http.HttpServer2$QuotingInputFilter)
2019-06-13 18:07:02,078 INFO  http.HttpServer2 (HttpServer2.java:addFilter(948)) - Added filter static_user_filter (class=org.apache.hadoop.http.lib.StaticUserWebFilter$StaticUserFilter) to context hddsDatanode
2019-06-13 18:07:02,078 INFO  http.HttpServer2 (HttpServer2.java:addFilter(958)) - Added filter static_user_filter (class=org.apache.hadoop.http.lib.StaticUserWebFilter$StaticUserFilter) to context logs
2019-06-13 18:07:02,079 INFO  http.HttpServer2 (HttpServer2.java:addFilter(958)) - Added filter static_user_filter (class=org.apache.hadoop.http.lib.StaticUserWebFilter$StaticUserFilter) to context static
2019-06-13 18:07:02,079 INFO  http.HttpServer2 (HttpServer2.java:bindListener(1191)) - Jetty bound to port 42487
2019-06-13 18:07:02,080 INFO  server.Server (Server.java:doStart(351)) - jetty-9.3.24.v20180605, build timestamp: 2018-06-05T17:11:56Z, git hash: 84205aa28f11a4f31f2a3b86d1bba2cc8ab69827
2019-06-13 18:07:02,084 INFO  handler.ContextHandler (ContextHandler.java:doStart(781)) - Started o.e.j.s.ServletContextHandler@25974207{/logs,file:///opt/src/hadoop-ozone/integration-test/target/log,AVAILABLE}
2019-06-13 18:07:02,087 INFO  handler.ContextHandler (ContextHandler.java:doStart(781)) - Started o.e.j.s.ServletContextHandler@195113de{/static,jar:file:/root/.m2/repository/org/apache/hadoop/hadoop-hdds-container-service/0.5.0-SNAPSHOT/hadoop-hdds-container-service-0.5.0-SNAPSHOT.jar!/webapps/static,AVAILABLE}
2019-06-13 18:07:02,114 INFO  handler.ContextHandler (ContextHandler.java:doStart(781)) - Started o.e.j.w.WebAppContext@74c9e11{/,file:///tmp/jetty-0.0.0.0-42487-hddsDatanode-_-any-8929637091713959854.dir/webapp/,AVAILABLE}{/hddsDatanode}
2019-06-13 18:07:02,115 INFO  server.AbstractConnector (AbstractConnector.java:doStart(278)) - Started ServerConnector@9fe720a{HTTP/1.1,[http/1.1]}{0.0.0.0:42487}
2019-06-13 18:07:02,116 INFO  server.Server (Server.java:doStart(419)) - Started @4871ms
2019-06-13 18:07:02,118 INFO  server.BaseHttpServer (BaseHttpServer.java:updateConnectorAddress(207)) - HTTP server of HDDSDATANODE is listening at http://0.0.0.0:42487
2019-06-13 18:07:02,254 INFO  ozone.HddsDatanodeService (HddsDatanodeService.java:startPlugins(396)) - Started plug-in org.apache.hadoop.ozone.web.OzoneHddsDatanodeService@76216830
2019-06-13 18:07:02,254 INFO  impl.MetricsSystemImpl (MetricsSystemImpl.java:init(158)) - HddsDatanode metrics system started (again)
2019-06-13 18:07:02,255 INFO  ozone.HddsDatanodeService (HddsDatanodeService.java:start(185)) - HddsDatanodeService host:ozone-zf9g4-1167396177 ip:192.168.11.194
2019-06-13 18:07:02,260 INFO  datanode.InitDatanodeState (InitDatanodeState.java:persistContainerDatanodeDetails(140)) - DatanodeDetails is persisted to /opt/src/hadoop-ozone/integration-test/target/test-dir/MiniOzoneClusterImpl-9c73d800-9759-4108-9036-1923d064ea84/datanode-3/meta/datanode.id
2019-06-13 18:07:02,263 INFO  util.JvmPauseMonitor (JvmPauseMonitor.java:run(188)) - Starting JVM pause monitor
2019-06-13 18:07:02,269 INFO  volume.HddsVolume (HddsVolume.java:<init>(176)) - Creating Volume: /opt/src/hadoop-ozone/integration-test/target/test-dir/MiniOzoneClusterImpl-9c73d800-9759-4108-9036-1923d064ea84/datanode-4/data/containers/hdds of  storage type : DISK and capacity : 104021790720
2019-06-13 18:07:02,270 INFO  volume.VolumeSet (VolumeSet.java:initializeVolumeSet(170)) - Added Volume : /opt/src/hadoop-ozone/integration-test/target/test-dir/MiniOzoneClusterImpl-9c73d800-9759-4108-9036-1923d064ea84/datanode-4/data/containers/hdds to VolumeSet
2019-06-13 18:07:02,270 INFO  volume.ThrottledAsyncChecker (ThrottledAsyncChecker.java:schedule(140)) - Scheduling a check for org.apache.hadoop.ozone.container.common.volume.HddsVolume@391d1e33
2019-06-13 18:07:02,271 INFO  volume.HddsVolumeChecker (HddsVolumeChecker.java:checkAllVolumes(203)) - Scheduled health check for volume org.apache.hadoop.ozone.container.common.volume.HddsVolume@391d1e33
2019-06-13 18:07:02,287 INFO  ratis.XceiverServerRatis (XceiverServerRatis.java:newXceiverServerRatis(401)) - Found a free port for the server : 33885
2019-06-13 18:07:02,287 INFO  impl.RaftServerProxy (ConfUtils.java:logGet(43)) - raft.rpc.type = GRPC (default)
2019-06-13 18:07:02,288 INFO  grpc.GrpcConfigKeys$Server (ConfUtils.java:logGet(43)) - raft.grpc.server.port = 33885 (custom)
2019-06-13 18:07:02,288 INFO  server.GrpcService (ConfUtils.java:logGet(43)) - raft.grpc.message.size.max = 33570816 (custom)
2019-06-13 18:07:02,288 INFO  server.RaftServerConfigKeys (ConfUtils.java:logGet(43)) - raft.server.log.appender.buffer.byte-limit = 33554432 (custom)
2019-06-13 18:07:02,288 INFO  server.GrpcService (ConfUtils.java:logGet(43)) - raft.grpc.flow.control.window = 1MB (=1048576) (default)
2019-06-13 18:07:02,289 INFO  server.RaftServerConfigKeys (ConfUtils.java:logGet(43)) - raft.server.rpc.request.timeout = 3000ms (default)
2019-06-13 18:07:02,289 INFO  server.RaftServerConfigKeys (ConfUtils.java:logGet(43)) - raft.server.storage.dir = [/opt/src/hadoop-ozone/integration-test/target/test-dir/MiniOzoneClusterImpl-9c73d800-9759-4108-9036-1923d064ea84/datanode-4/data/ratis] (custom)
2019-06-13 18:07:02,290 INFO  server.XceiverServerGrpc (XceiverServerGrpc.java:<init>(97)) - Found a free port for the server : 40775
2019-06-13 18:07:02,290 INFO  replication.SimpleContainerDownloader (SimpleContainerDownloader.java:<init>(72)) - Starting container downloader service to copy containers to replicate.
2019-06-13 18:07:02,294 INFO  hdfs.DFSUtil (DFSUtil.java:httpServerTemplateForNNAndJN(1641)) - Starting Web-server for hddsDatanode at: http://0.0.0.0:0
2019-06-13 18:07:02,295 INFO  server.AuthenticationFilter (AuthenticationFilter.java:constructSecretProvider(240)) - Unable to initialize FileSignerSecretProvider, falling back to use random secrets.
2019-06-13 18:07:02,295 WARN  http.HttpRequestLog (HttpRequestLog.java:getRequestLog(97)) - Jetty request log can only be enabled using Log4j
2019-06-13 18:07:02,297 INFO  http.HttpServer2 (HttpServer2.java:addGlobalFilter(975)) - Added global filter 'safety' (class=org.apache.hadoop.http.HttpServer2$QuotingInputFilter)
2019-06-13 18:07:02,298 INFO  http.HttpServer2 (HttpServer2.java:addFilter(948)) - Added filter static_user_filter (class=org.apache.hadoop.http.lib.StaticUserWebFilter$StaticUserFilter) to context hddsDatanode
2019-06-13 18:07:02,298 INFO  http.HttpServer2 (HttpServer2.java:addFilter(958)) - Added filter static_user_filter (class=org.apache.hadoop.http.lib.StaticUserWebFilter$StaticUserFilter) to context static
2019-06-13 18:07:02,298 INFO  http.HttpServer2 (HttpServer2.java:addFilter(958)) - Added filter static_user_filter (class=org.apache.hadoop.http.lib.StaticUserWebFilter$StaticUserFilter) to context logs
2019-06-13 18:07:02,299 INFO  http.HttpServer2 (HttpServer2.java:bindListener(1191)) - Jetty bound to port 39969
2019-06-13 18:07:02,299 INFO  server.Server (Server.java:doStart(351)) - jetty-9.3.24.v20180605, build timestamp: 2018-06-05T17:11:56Z, git hash: 84205aa28f11a4f31f2a3b86d1bba2cc8ab69827
2019-06-13 18:07:02,301 INFO  handler.ContextHandler (ContextHandler.java:doStart(781)) - Started o.e.j.s.ServletContextHandler@6f38f084{/logs,file:///opt/src/hadoop-ozone/integration-test/target/log,AVAILABLE}
2019-06-13 18:07:02,302 INFO  handler.ContextHandler (ContextHandler.java:doStart(781)) - Started o.e.j.s.ServletContextHandler@372f0a99{/static,jar:file:/root/.m2/repository/org/apache/hadoop/hadoop-hdds-container-service/0.5.0-SNAPSHOT/hadoop-hdds-container-service-0.5.0-SNAPSHOT.jar!/webapps/static,AVAILABLE}
2019-06-13 18:07:02,332 INFO  handler.ContextHandler (ContextHandler.java:doStart(781)) - Started o.e.j.w.WebAppContext@6b2fdffc{/,file:///tmp/jetty-0.0.0.0-39969-hddsDatanode-_-any-3799872609902549207.dir/webapp/,AVAILABLE}{/hddsDatanode}
2019-06-13 18:07:02,333 INFO  server.AbstractConnector (AbstractConnector.java:doStart(278)) - Started ServerConnector@2ca3d826{HTTP/1.1,[http/1.1]}{0.0.0.0:39969}
2019-06-13 18:07:02,334 INFO  server.Server (Server.java:doStart(419)) - Started @5089ms
2019-06-13 18:07:02,335 INFO  server.BaseHttpServer (BaseHttpServer.java:updateConnectorAddress(207)) - HTTP server of HDDSDATANODE is listening at http://0.0.0.0:39969
2019-06-13 18:07:02,426 INFO  ozone.HddsDatanodeService (HddsDatanodeService.java:startPlugins(396)) - Started plug-in org.apache.hadoop.ozone.web.OzoneHddsDatanodeService@624b3544
2019-06-13 18:07:02,427 INFO  impl.MetricsSystemImpl (MetricsSystemImpl.java:init(158)) - HddsDatanode metrics system started (again)
2019-06-13 18:07:02,427 INFO  ozone.HddsDatanodeService (HddsDatanodeService.java:start(185)) - HddsDatanodeService host:ozone-zf9g4-1167396177 ip:192.168.11.194
2019-06-13 18:07:02,431 INFO  util.JvmPauseMonitor (JvmPauseMonitor.java:run(188)) - Starting JVM pause monitor
2019-06-13 18:07:02,437 INFO  datanode.InitDatanodeState (InitDatanodeState.java:persistContainerDatanodeDetails(140)) - DatanodeDetails is persisted to /opt/src/hadoop-ozone/integration-test/target/test-dir/MiniOzoneClusterImpl-9c73d800-9759-4108-9036-1923d064ea84/datanode-4/meta/datanode.id
2019-06-13 18:07:02,438 INFO  volume.HddsVolume (HddsVolume.java:<init>(176)) - Creating Volume: /opt/src/hadoop-ozone/integration-test/target/test-dir/MiniOzoneClusterImpl-9c73d800-9759-4108-9036-1923d064ea84/datanode-5/data/containers/hdds of  storage type : DISK and capacity : 104021790720
2019-06-13 18:07:02,438 INFO  volume.VolumeSet (VolumeSet.java:initializeVolumeSet(170)) - Added Volume : /opt/src/hadoop-ozone/integration-test/target/test-dir/MiniOzoneClusterImpl-9c73d800-9759-4108-9036-1923d064ea84/datanode-5/data/containers/hdds to VolumeSet
2019-06-13 18:07:02,438 INFO  volume.ThrottledAsyncChecker (ThrottledAsyncChecker.java:schedule(140)) - Scheduling a check for org.apache.hadoop.ozone.container.common.volume.HddsVolume@55a0f011
2019-06-13 18:07:02,439 INFO  volume.HddsVolumeChecker (HddsVolumeChecker.java:checkAllVolumes(203)) - Scheduled health check for volume org.apache.hadoop.ozone.container.common.volume.HddsVolume@55a0f011
2019-06-13 18:07:02,448 INFO  ratis.XceiverServerRatis (XceiverServerRatis.java:newXceiverServerRatis(401)) - Found a free port for the server : 35503
2019-06-13 18:07:02,449 INFO  impl.RaftServerProxy (ConfUtils.java:logGet(43)) - raft.rpc.type = GRPC (default)
2019-06-13 18:07:02,449 INFO  grpc.GrpcConfigKeys$Server (ConfUtils.java:logGet(43)) - raft.grpc.server.port = 35503 (custom)
2019-06-13 18:07:02,449 INFO  server.GrpcService (ConfUtils.java:logGet(43)) - raft.grpc.message.size.max = 33570816 (custom)
2019-06-13 18:07:02,450 INFO  server.RaftServerConfigKeys (ConfUtils.java:logGet(43)) - raft.server.log.appender.buffer.byte-limit = 33554432 (custom)
2019-06-13 18:07:02,450 INFO  server.GrpcService (ConfUtils.java:logGet(43)) - raft.grpc.flow.control.window = 1MB (=1048576) (default)
2019-06-13 18:07:02,450 INFO  server.RaftServerConfigKeys (ConfUtils.java:logGet(43)) - raft.server.rpc.request.timeout = 3000ms (default)
2019-06-13 18:07:02,451 INFO  server.RaftServerConfigKeys (ConfUtils.java:logGet(43)) - raft.server.storage.dir = [/opt/src/hadoop-ozone/integration-test/target/test-dir/MiniOzoneClusterImpl-9c73d800-9759-4108-9036-1923d064ea84/datanode-5/data/ratis] (custom)
2019-06-13 18:07:02,451 INFO  server.XceiverServerGrpc (XceiverServerGrpc.java:<init>(97)) - Found a free port for the server : 36475
2019-06-13 18:07:02,452 INFO  replication.SimpleContainerDownloader (SimpleContainerDownloader.java:<init>(72)) - Starting container downloader service to copy containers to replicate.
2019-06-13 18:07:02,453 INFO  hdfs.DFSUtil (DFSUtil.java:httpServerTemplateForNNAndJN(1641)) - Starting Web-server for hddsDatanode at: http://0.0.0.0:0
2019-06-13 18:07:02,454 INFO  server.AuthenticationFilter (AuthenticationFilter.java:constructSecretProvider(240)) - Unable to initialize FileSignerSecretProvider, falling back to use random secrets.
2019-06-13 18:07:02,455 WARN  http.HttpRequestLog (HttpRequestLog.java:getRequestLog(97)) - Jetty request log can only be enabled using Log4j
2019-06-13 18:07:02,456 INFO  http.HttpServer2 (HttpServer2.java:addGlobalFilter(975)) - Added global filter 'safety' (class=org.apache.hadoop.http.HttpServer2$QuotingInputFilter)
2019-06-13 18:07:02,456 INFO  http.HttpServer2 (HttpServer2.java:addFilter(948)) - Added filter static_user_filter (class=org.apache.hadoop.http.lib.StaticUserWebFilter$StaticUserFilter) to context hddsDatanode
2019-06-13 18:07:02,457 INFO  http.HttpServer2 (HttpServer2.java:addFilter(958)) - Added filter static_user_filter (class=org.apache.hadoop.http.lib.StaticUserWebFilter$StaticUserFilter) to context logs
2019-06-13 18:07:02,457 INFO  http.HttpServer2 (HttpServer2.java:addFilter(958)) - Added filter static_user_filter (class=org.apache.hadoop.http.lib.StaticUserWebFilter$StaticUserFilter) to context static
2019-06-13 18:07:02,457 INFO  http.HttpServer2 (HttpServer2.java:bindListener(1191)) - Jetty bound to port 33101
2019-06-13 18:07:02,457 INFO  server.Server (Server.java:doStart(351)) - jetty-9.3.24.v20180605, build timestamp: 2018-06-05T17:11:56Z, git hash: 84205aa28f11a4f31f2a3b86d1bba2cc8ab69827
2019-06-13 18:07:02,461 INFO  handler.ContextHandler (ContextHandler.java:doStart(781)) - Started o.e.j.s.ServletContextHandler@23e61112{/logs,file:///opt/src/hadoop-ozone/integration-test/target/log,AVAILABLE}
2019-06-13 18:07:02,462 INFO  handler.ContextHandler (ContextHandler.java:doStart(781)) - Started o.e.j.s.ServletContextHandler@61b60600{/static,jar:file:/root/.m2/repository/org/apache/hadoop/hadoop-hdds-container-service/0.5.0-SNAPSHOT/hadoop-hdds-container-service-0.5.0-SNAPSHOT.jar!/webapps/static,AVAILABLE}
2019-06-13 18:07:02,491 INFO  handler.ContextHandler (ContextHandler.java:doStart(781)) - Started o.e.j.w.WebAppContext@245cb8df{/,file:///tmp/jetty-0.0.0.0-33101-hddsDatanode-_-any-5144032473456348546.dir/webapp/,AVAILABLE}{/hddsDatanode}
2019-06-13 18:07:02,492 INFO  server.AbstractConnector (AbstractConnector.java:doStart(278)) - Started ServerConnector@26b3c9a2{HTTP/1.1,[http/1.1]}{0.0.0.0:33101}
2019-06-13 18:07:02,494 INFO  server.Server (Server.java:doStart(419)) - Started @5249ms
2019-06-13 18:07:02,495 INFO  server.BaseHttpServer (BaseHttpServer.java:updateConnectorAddress(207)) - HTTP server of HDDSDATANODE is listening at http://0.0.0.0:33101
2019-06-13 18:07:02,649 INFO  ozone.HddsDatanodeService (HddsDatanodeService.java:startPlugins(396)) - Started plug-in org.apache.hadoop.ozone.web.OzoneHddsDatanodeService@4662752a
2019-06-13 18:07:02,651 INFO  ozone.MiniOzoneClusterImpl (MiniOzoneClusterImpl.java:lambda$waitForClusterToBeReady$0(142)) - Waiting for cluster to be ready. Got 0 of 6 DN Heartbeats.
2019-06-13 18:07:02,653 INFO  util.JvmPauseMonitor (JvmPauseMonitor.java:run(188)) - Starting JVM pause monitor
2019-06-13 18:07:02,655 INFO  datanode.InitDatanodeState (InitDatanodeState.java:persistContainerDatanodeDetails(140)) - DatanodeDetails is persisted to /opt/src/hadoop-ozone/integration-test/target/test-dir/MiniOzoneClusterImpl-9c73d800-9759-4108-9036-1923d064ea84/datanode-5/meta/datanode.id
2019-06-13 18:07:03,614 INFO  ozoneimpl.OzoneContainer (OzoneContainer.java:start(186)) - Attempting to start container services.
2019-06-13 18:07:03,614 INFO  ozoneimpl.OzoneContainer (OzoneContainer.java:startContainerScrub(160)) - Background container scrubber has been disabled by hdds.containerscrub.enabled
2019-06-13 18:07:03,615 INFO  ratis.XceiverServerRatis (XceiverServerRatis.java:start(418)) - Starting XceiverServerRatis ecb16d35-a0a8-4c23-a62b-5cca4ab6f3a4 at port 37953
2019-06-13 18:07:03,626 INFO  impl.RaftServerProxy (RaftServerProxy.java:lambda$start$3(299)) - ecb16d35-a0a8-4c23-a62b-5cca4ab6f3a4: start RPC server
2019-06-13 18:07:03,651 INFO  ozone.MiniOzoneClusterImpl (MiniOzoneClusterImpl.java:lambda$waitForClusterToBeReady$0(142)) - Waiting for cluster to be ready. Got 0 of 6 DN Heartbeats.
2019-06-13 18:07:03,751 INFO  server.GrpcService (GrpcService.java:startImpl(148)) - ecb16d35-a0a8-4c23-a62b-5cca4ab6f3a4: GrpcService started, listening on 0.0.0.0/0.0.0.0:37953
2019-06-13 18:07:03,800 INFO  ozoneimpl.OzoneContainer (OzoneContainer.java:start(186)) - Attempting to start container services.
2019-06-13 18:07:03,801 INFO  ozoneimpl.OzoneContainer (OzoneContainer.java:startContainerScrub(160)) - Background container scrubber has been disabled by hdds.containerscrub.enabled
2019-06-13 18:07:03,801 INFO  ratis.XceiverServerRatis (XceiverServerRatis.java:start(418)) - Starting XceiverServerRatis d95826b2-41f2-495b-8aa3-ace05a2ab2a2 at port 35991
2019-06-13 18:07:03,807 INFO  impl.RaftServerProxy (RaftServerProxy.java:lambda$start$3(299)) - d95826b2-41f2-495b-8aa3-ace05a2ab2a2: start RPC server
2019-06-13 18:07:03,810 INFO  server.GrpcService (GrpcService.java:startImpl(148)) - d95826b2-41f2-495b-8aa3-ace05a2ab2a2: GrpcService started, listening on 0.0.0.0/0.0.0.0:35991
2019-06-13 18:07:04,035 INFO  ozoneimpl.OzoneContainer (OzoneContainer.java:start(186)) - Attempting to start container services.
2019-06-13 18:07:04,036 INFO  ozoneimpl.OzoneContainer (OzoneContainer.java:startContainerScrub(160)) - Background container scrubber has been disabled by hdds.containerscrub.enabled
2019-06-13 18:07:04,037 INFO  ratis.XceiverServerRatis (XceiverServerRatis.java:start(418)) - Starting XceiverServerRatis 7402ced3-2011-40c3-943f-eb356777966d at port 41643
2019-06-13 18:07:04,042 INFO  impl.RaftServerProxy (RaftServerProxy.java:lambda$start$3(299)) - 7402ced3-2011-40c3-943f-eb356777966d: start RPC server
2019-06-13 18:07:04,044 INFO  server.GrpcService (GrpcService.java:startImpl(148)) - 7402ced3-2011-40c3-943f-eb356777966d: GrpcService started, listening on 0.0.0.0/0.0.0.0:41643
2019-06-13 18:07:04,263 INFO  ozoneimpl.OzoneContainer (OzoneContainer.java:start(186)) - Attempting to start container services.
2019-06-13 18:07:04,264 INFO  ozoneimpl.OzoneContainer (OzoneContainer.java:startContainerScrub(160)) - Background container scrubber has been disabled by hdds.containerscrub.enabled
2019-06-13 18:07:04,264 INFO  ratis.XceiverServerRatis (XceiverServerRatis.java:start(418)) - Starting XceiverServerRatis 9ea7fb82-31e5-439f-a223-8e1d790a3d66 at port 40469
2019-06-13 18:07:04,269 INFO  impl.RaftServerProxy (RaftServerProxy.java:lambda$start$3(299)) - 9ea7fb82-31e5-439f-a223-8e1d790a3d66: start RPC server
2019-06-13 18:07:04,271 INFO  server.GrpcService (GrpcService.java:startImpl(148)) - 9ea7fb82-31e5-439f-a223-8e1d790a3d66: GrpcService started, listening on 0.0.0.0/0.0.0.0:40469
2019-06-13 18:07:04,436 INFO  ozoneimpl.OzoneContainer (OzoneContainer.java:start(186)) - Attempting to start container services.
2019-06-13 18:07:04,437 INFO  ozoneimpl.OzoneContainer (OzoneContainer.java:startContainerScrub(160)) - Background container scrubber has been disabled by hdds.containerscrub.enabled
2019-06-13 18:07:04,437 INFO  ratis.XceiverServerRatis (XceiverServerRatis.java:start(418)) - Starting XceiverServerRatis a2f6ce85-e165-4800-85fb-f841051b517d at port 33885
2019-06-13 18:07:04,442 INFO  impl.RaftServerProxy (RaftServerProxy.java:lambda$start$3(299)) - a2f6ce85-e165-4800-85fb-f841051b517d: start RPC server
2019-06-13 18:07:04,444 INFO  server.GrpcService (GrpcService.java:startImpl(148)) - a2f6ce85-e165-4800-85fb-f841051b517d: GrpcService started, listening on 0.0.0.0/0.0.0.0:33885
2019-06-13 18:07:04,652 INFO  ozone.MiniOzoneClusterImpl (MiniOzoneClusterImpl.java:lambda$waitForClusterToBeReady$0(142)) - Waiting for cluster to be ready. Got 0 of 6 DN Heartbeats.
2019-06-13 18:07:04,657 INFO  ozoneimpl.OzoneContainer (OzoneContainer.java:start(186)) - Attempting to start container services.
2019-06-13 18:07:04,659 INFO  ozoneimpl.OzoneContainer (OzoneContainer.java:startContainerScrub(160)) - Background container scrubber has been disabled by hdds.containerscrub.enabled
2019-06-13 18:07:04,659 INFO  ratis.XceiverServerRatis (XceiverServerRatis.java:start(418)) - Starting XceiverServerRatis ad30d781-54f8-4866-93e6-60ea30277e0c at port 35503
2019-06-13 18:07:04,663 INFO  impl.RaftServerProxy (RaftServerProxy.java:lambda$start$3(299)) - ad30d781-54f8-4866-93e6-60ea30277e0c: start RPC server
2019-06-13 18:07:04,665 INFO  server.GrpcService (GrpcService.java:startImpl(148)) - ad30d781-54f8-4866-93e6-60ea30277e0c: GrpcService started, listening on 0.0.0.0/0.0.0.0:35503
2019-06-13 18:07:05,609 INFO  node.SCMNodeManager (SCMNodeManager.java:register(234)) - Registered Data node : ecb16d35-a0a8-4c23-a62b-5cca4ab6f3a4{ip: 192.168.11.194, host: ozone-zf9g4-1167396177, networkLocation: /default-rack, certSerialId: null}
2019-06-13 18:07:05,612 INFO  safemode.SCMSafeModeManager (DataNodeSafeModeRule.java:process(71)) - SCM in safe mode. 1 DataNodes registered, 1 required.
2019-06-13 18:07:05,612 INFO  safemode.SCMSafeModeManager (SCMSafeModeManager.java:validateSafeModeExitRules(177)) - ScmSafeModeManager, all rules are successfully validated
2019-06-13 18:07:05,612 INFO  safemode.SCMSafeModeManager (SCMSafeModeManager.java:exitSafeMode(193)) - SCM exiting safe mode.
2019-06-13 18:07:05,652 INFO  ozone.MiniOzoneClusterImpl (MiniOzoneClusterImpl.java:lambda$waitForClusterToBeReady$0(142)) - Waiting for cluster to be ready. Got 1 of 6 DN Heartbeats.
2019-06-13 18:07:05,797 INFO  node.SCMNodeManager (SCMNodeManager.java:register(234)) - Registered Data node : d95826b2-41f2-495b-8aa3-ace05a2ab2a2{ip: 192.168.11.194, host: ozone-zf9g4-1167396177, networkLocation: /default-rack, certSerialId: null}
2019-06-13 18:07:05,969 INFO  impl.RaftServerProxy (RaftServerProxy.java:addNew(89)) - ecb16d35-a0a8-4c23-a62b-5cca4ab6f3a4: addNew group-EC1514213E52:[ecb16d35-a0a8-4c23-a62b-5cca4ab6f3a4:192.168.11.194:37953] returns group-EC1514213E52:java.util.concurrent.CompletableFuture@5ba9a096[Not completed]
2019-06-13 18:07:05,974 INFO  impl.RaftServerImpl (RaftServerImpl.java:<init>(91)) - ecb16d35-a0a8-4c23-a62b-5cca4ab6f3a4: new RaftServerImpl for group-EC1514213E52:[ecb16d35-a0a8-4c23-a62b-5cca4ab6f3a4:192.168.11.194:37953] with ContainerStateMachine:uninitialized
2019-06-13 18:07:05,975 INFO  server.RaftServerConfigKeys (ConfUtils.java:logGet(43)) - raft.server.rpc.timeout.min = 1s (custom)
2019-06-13 18:07:05,975 INFO  server.RaftServerConfigKeys (ConfUtils.java:logGet(43)) - raft.server.rpc.timeout.max = 1200ms (custom)
2019-06-13 18:07:05,975 INFO  server.RaftServerConfigKeys (ConfUtils.java:logGet(43)) - raft.server.rpcslowness.timeout = 10s (custom)
2019-06-13 18:07:05,975 INFO  server.RaftServerConfigKeys (ConfUtils.java:logGet(43)) - raft.server.log.appender.install.snapshot.enabled = true (default)
2019-06-13 18:07:05,980 INFO  impl.RaftServerImpl (ServerState.java:<init>(101)) - ecb16d35-a0a8-4c23-a62b-5cca4ab6f3a4:group-EC1514213E52 ConfigurationManager, init=-1: [ecb16d35-a0a8-4c23-a62b-5cca4ab6f3a4:192.168.11.194:37953], old=null, confs=<EMPTY_MAP>
2019-06-13 18:07:05,980 INFO  server.RaftServerConfigKeys (ConfUtils.java:logGet(43)) - raft.server.storage.dir = [/opt/src/hadoop-ozone/integration-test/target/test-dir/MiniOzoneClusterImpl-9c73d800-9759-4108-9036-1923d064ea84/datanode-0/data/ratis] (custom)
2019-06-13 18:07:05,985 INFO  storage.RaftStorageDirectory (RaftStorageDirectory.java:analyzeStorage(246)) - The storage directory /opt/src/hadoop-ozone/integration-test/target/test-dir/MiniOzoneClusterImpl-9c73d800-9759-4108-9036-1923d064ea84/datanode-0/data/ratis/d3a0b98d-6113-42f7-b56c-ec1514213e52 does not exist. Creating ...
2019-06-13 18:07:05,990 INFO  storage.RaftStorageDirectory (RaftStorageDirectory.java:tryLock(328)) - Lock on /opt/src/hadoop-ozone/integration-test/target/test-dir/MiniOzoneClusterImpl-9c73d800-9759-4108-9036-1923d064ea84/datanode-0/data/ratis/d3a0b98d-6113-42f7-b56c-ec1514213e52/in_use.lock acquired by nodename 10188@ozone-zf9g4-1167396177
2019-06-13 18:07:05,993 INFO  storage.RaftStorage (RaftStorage.java:format(75)) - Storage directory /opt/src/hadoop-ozone/integration-test/target/test-dir/MiniOzoneClusterImpl-9c73d800-9759-4108-9036-1923d064ea84/datanode-0/data/ratis/d3a0b98d-6113-42f7-b56c-ec1514213e52 has been successfully formatted.
2019-06-13 18:07:05,995 INFO  ratis.ContainerStateMachine (ContainerStateMachine.java:loadSnapshot(199)) - The snapshot info is null.Setting the last applied index to:(t:0, i:~)
2019-06-13 18:07:05,995 INFO  server.RaftServerConfigKeys (ConfUtils.java:logGet(43)) - raft.server.leader.election.timeout = 10s (custom)
2019-06-13 18:07:05,996 INFO  server.RaftServerConfigKeys (ConfUtils.java:logGet(43)) - raft.server.log.use.memory = false (default)
2019-06-13 18:07:06,118 INFO  server.RaftServerConfigKeys (ConfUtils.java:logGet(43)) - raft.server.log.appender.buffer.byte-limit = 33554432 (custom)
2019-06-13 18:07:06,119 INFO  node.SCMNodeManager (SCMNodeManager.java:register(234)) - Registered Data node : 7402ced3-2011-40c3-943f-eb356777966d{ip: 192.168.11.194, host: ozone-zf9g4-1167396177, networkLocation: /default-rack, certSerialId: null}
2019-06-13 18:07:06,122 INFO  server.RaftServerConfigKeys (ConfUtils.java:logGet(43)) - raft.server.log.segment.size.max = 16384 (custom)
2019-06-13 18:07:06,125 INFO  server.RaftServerConfigKeys (ConfUtils.java:logGet(43)) - raft.server.log.segment.cache.num.max = 2 (custom)
2019-06-13 18:07:06,127 INFO  storage.RaftLogWorker (RaftLogWorker.java:<init>(123)) - new ecb16d35-a0a8-4c23-a62b-5cca4ab6f3a4-RaftLogWorker for Storage Directory /opt/src/hadoop-ozone/integration-test/target/test-dir/MiniOzoneClusterImpl-9c73d800-9759-4108-9036-1923d064ea84/datanode-0/data/ratis/d3a0b98d-6113-42f7-b56c-ec1514213e52
2019-06-13 18:07:06,128 INFO  server.RaftServerConfigKeys (ConfUtils.java:logGet(43)) - raft.server.log.queue.byte-limit = 2147483647 (custom)
2019-06-13 18:07:06,128 INFO  server.RaftServerConfigKeys (ConfUtils.java:logGet(43)) - raft.server.log.queue.element-limit = 1024 (custom)
2019-06-13 18:07:06,130 INFO  server.RaftServerConfigKeys (ConfUtils.java:logGet(43)) - raft.server.log.segment.size.max = 16384 (custom)
2019-06-13 18:07:06,130 INFO  server.RaftServerConfigKeys (ConfUtils.java:logGet(43)) - raft.server.log.preallocated.size = 16384 (custom)
2019-06-13 18:07:06,130 INFO  server.RaftServerConfigKeys (ConfUtils.java:logGet(43)) - raft.server.log.write.buffer.size = 33554432 (custom)
2019-06-13 18:07:06,131 INFO  server.RaftServerConfigKeys (ConfUtils.java:logGet(43)) - raft.server.log.force.sync.num = 128 (default)
2019-06-13 18:07:06,131 INFO  server.RaftServerConfigKeys (ConfUtils.java:logGet(43)) - raft.server.log.statemachine.data.sync = true (default)
2019-06-13 18:07:06,132 INFO  server.RaftServerConfigKeys (ConfUtils.java:logGet(43)) - raft.server.log.statemachine.data.sync.timeout = 10s (default)
2019-06-13 18:07:06,132 INFO  server.RaftServerConfigKeys (ConfUtils.java:logGet(43)) - raft.server.log.statemachine.data.sync.timeout.retry = -1 (default)
2019-06-13 18:07:06,134 INFO  server.RaftServerConfigKeys (ConfUtils.java:logGet(43)) - raft.server.log.statemachine.data.caching.enabled = true (custom)
2019-06-13 18:07:06,141 INFO  server.RaftServerConfigKeys (ConfUtils.java:logGet(43)) - raft.server.snapshot.auto.trigger.enabled = true (custom)
2019-06-13 18:07:06,142 INFO  server.RaftServerConfigKeys (ConfUtils.java:logGet(43)) - raft.server.snapshot.auto.trigger.threshold = 10000 (custom)
2019-06-13 18:07:06,142 INFO  server.RaftServerConfigKeys (ConfUtils.java:logGet(43)) - raft.server.retrycache.expirytime = 600000ms (custom)
2019-06-13 18:07:06,156 INFO  impl.RaftServerImpl (RaftServerImpl.java:start(173)) - ecb16d35-a0a8-4c23-a62b-5cca4ab6f3a4: start group-EC1514213E52
2019-06-13 18:07:06,157 INFO  impl.RaftServerImpl (RaftServerImpl.java:setRole(164)) - ecb16d35-a0a8-4c23-a62b-5cca4ab6f3a4:group-EC1514213E52 changes role from null to FOLLOWER at term 0 for startAsFollower
2019-06-13 18:07:06,158 INFO  impl.RoleInfo (RoleInfo.java:updateAndGet(143)) - ecb16d35-a0a8-4c23-a62b-5cca4ab6f3a4: start FollowerState
2019-06-13 18:07:06,159 INFO  util.JmxRegister (JmxRegister.java:tryRegister(44)) - Successfully registered JMX Bean with object name Ratis:service=RaftServer,group=group-EC1514213E52,id=ecb16d35-a0a8-4c23-a62b-5cca4ab6f3a4
2019-06-13 18:07:06,204 INFO  pipeline.PipelineStateManager (PipelineStateManager.java:addPipeline(56)) - Created pipeline Pipeline[ Id: d3a0b98d-6113-42f7-b56c-ec1514213e52, Nodes: ecb16d35-a0a8-4c23-a62b-5cca4ab6f3a4{ip: 192.168.11.194, host: ozone-zf9g4-1167396177, networkLocation: /default-rack, certSerialId: null}, Type:RATIS, Factor:ONE, State:OPEN]
2019-06-13 18:07:06,221 INFO  impl.RaftServerProxy (RaftServerProxy.java:addNew(89)) - 7402ced3-2011-40c3-943f-eb356777966d: addNew group-C1D159E05F31:[7402ced3-2011-40c3-943f-eb356777966d:192.168.11.194:41643] returns group-C1D159E05F31:java.util.concurrent.CompletableFuture@6725ce45[Not completed]
2019-06-13 18:07:06,223 INFO  impl.RaftServerImpl (RaftServerImpl.java:<init>(91)) - 7402ced3-2011-40c3-943f-eb356777966d: new RaftServerImpl for group-C1D159E05F31:[7402ced3-2011-40c3-943f-eb356777966d:192.168.11.194:41643] with ContainerStateMachine:uninitialized
2019-06-13 18:07:06,224 INFO  server.RaftServerConfigKeys (ConfUtils.java:logGet(43)) - raft.server.rpc.timeout.min = 1s (custom)
2019-06-13 18:07:06,224 INFO  server.RaftServerConfigKeys (ConfUtils.java:logGet(43)) - raft.server.rpc.timeout.max = 1200ms (custom)
2019-06-13 18:07:06,224 INFO  server.RaftServerConfigKeys (ConfUtils.java:logGet(43)) - raft.server.rpcslowness.timeout = 10s (custom)
2019-06-13 18:07:06,224 INFO  server.RaftServerConfigKeys (ConfUtils.java:logGet(43)) - raft.server.log.appender.install.snapshot.enabled = true (default)
2019-06-13 18:07:06,224 INFO  impl.RaftServerImpl (ServerState.java:<init>(101)) - 7402ced3-2011-40c3-943f-eb356777966d:group-C1D159E05F31 ConfigurationManager, init=-1: [7402ced3-2011-40c3-943f-eb356777966d:192.168.11.194:41643], old=null, confs=<EMPTY_MAP>
2019-06-13 18:07:06,224 INFO  server.RaftServerConfigKeys (ConfUtils.java:logGet(43)) - raft.server.storage.dir = [/opt/src/hadoop-ozone/integration-test/target/test-dir/MiniOzoneClusterImpl-9c73d800-9759-4108-9036-1923d064ea84/datanode-2/data/ratis] (custom)
2019-06-13 18:07:06,225 INFO  storage.RaftStorageDirectory (RaftStorageDirectory.java:analyzeStorage(246)) - The storage directory /opt/src/hadoop-ozone/integration-test/target/test-dir/MiniOzoneClusterImpl-9c73d800-9759-4108-9036-1923d064ea84/datanode-2/data/ratis/29aaba4e-46da-4f2f-a45b-c1d159e05f31 does not exist. Creating ...
2019-06-13 18:07:06,227 INFO  storage.RaftStorageDirectory (RaftStorageDirectory.java:tryLock(328)) - Lock on /opt/src/hadoop-ozone/integration-test/target/test-dir/MiniOzoneClusterImpl-9c73d800-9759-4108-9036-1923d064ea84/datanode-2/data/ratis/29aaba4e-46da-4f2f-a45b-c1d159e05f31/in_use.lock acquired by nodename 10188@ozone-zf9g4-1167396177
2019-06-13 18:07:06,229 INFO  storage.RaftStorage (RaftStorage.java:format(75)) - Storage directory /opt/src/hadoop-ozone/integration-test/target/test-dir/MiniOzoneClusterImpl-9c73d800-9759-4108-9036-1923d064ea84/datanode-2/data/ratis/29aaba4e-46da-4f2f-a45b-c1d159e05f31 has been successfully formatted.
2019-06-13 18:07:06,229 INFO  ratis.ContainerStateMachine (ContainerStateMachine.java:loadSnapshot(199)) - The snapshot info is null.Setting the last applied index to:(t:0, i:~)
2019-06-13 18:07:06,229 INFO  server.RaftServerConfigKeys (ConfUtils.java:logGet(43)) - raft.server.leader.election.timeout = 10s (custom)
2019-06-13 18:07:06,229 INFO  server.RaftServerConfigKeys (ConfUtils.java:logGet(43)) - raft.server.log.use.memory = false (default)
2019-06-13 18:07:06,230 INFO  server.RaftServerConfigKeys (ConfUtils.java:logGet(43)) - raft.server.log.appender.buffer.byte-limit = 33554432 (custom)
2019-06-13 18:07:06,230 INFO  server.RaftServerConfigKeys (ConfUtils.java:logGet(43)) - raft.server.log.segment.size.max = 16384 (custom)
2019-06-13 18:07:06,230 INFO  server.RaftServerConfigKeys (ConfUtils.java:logGet(43)) - raft.server.log.segment.cache.num.max = 2 (custom)
2019-06-13 18:07:06,230 INFO  storage.RaftLogWorker (RaftLogWorker.java:<init>(123)) - new 7402ced3-2011-40c3-943f-eb356777966d-RaftLogWorker for Storage Directory /opt/src/hadoop-ozone/integration-test/target/test-dir/MiniOzoneClusterImpl-9c73d800-9759-4108-9036-1923d064ea84/datanode-2/data/ratis/29aaba4e-46da-4f2f-a45b-c1d159e05f31
2019-06-13 18:07:06,231 INFO  server.RaftServerConfigKeys (ConfUtils.java:logGet(43)) - raft.server.log.queue.byte-limit = 2147483647 (custom)
2019-06-13 18:07:06,231 INFO  server.RaftServerConfigKeys (ConfUtils.java:logGet(43)) - raft.server.log.queue.element-limit = 1024 (custom)
2019-06-13 18:07:06,231 INFO  server.RaftServerConfigKeys (ConfUtils.java:logGet(43)) - raft.server.log.segment.size.max = 16384 (custom)
2019-06-13 18:07:06,231 INFO  server.RaftServerConfigKeys (ConfUtils.java:logGet(43)) - raft.server.log.preallocated.size = 16384 (custom)
2019-06-13 18:07:06,231 INFO  server.RaftServerConfigKeys (ConfUtils.java:logGet(43)) - raft.server.log.write.buffer.size = 33554432 (custom)
2019-06-13 18:07:06,231 INFO  server.RaftServerConfigKeys (ConfUtils.java:logGet(43)) - raft.server.log.force.sync.num = 128 (default)
2019-06-13 18:07:06,232 INFO  server.RaftServerConfigKeys (ConfUtils.java:logGet(43)) - raft.server.log.statemachine.data.sync = true (default)
2019-06-13 18:07:06,232 INFO  server.RaftServerConfigKeys (ConfUtils.java:logGet(43)) - raft.server.log.statemachine.data.sync.timeout = 10s (default)
2019-06-13 18:07:06,232 INFO  server.RaftServerConfigKeys (ConfUtils.java:logGet(43)) - raft.server.log.statemachine.data.sync.timeout.retry = -1 (default)
2019-06-13 18:07:06,232 INFO  server.RaftServerConfigKeys (ConfUtils.java:logGet(43)) - raft.server.log.statemachine.data.caching.enabled = true (custom)
2019-06-13 18:07:06,232 INFO  server.RaftServerConfigKeys (ConfUtils.java:logGet(43)) - raft.server.snapshot.auto.trigger.enabled = true (custom)
2019-06-13 18:07:06,233 INFO  server.RaftServerConfigKeys (ConfUtils.java:logGet(43)) - raft.server.snapshot.auto.trigger.threshold = 10000 (custom)
2019-06-13 18:07:06,233 INFO  server.RaftServerConfigKeys (ConfUtils.java:logGet(43)) - raft.server.retrycache.expirytime = 600000ms (custom)
2019-06-13 18:07:06,233 INFO  impl.RaftServerImpl (RaftServerImpl.java:start(173)) - 7402ced3-2011-40c3-943f-eb356777966d: start group-C1D159E05F31
2019-06-13 18:07:06,233 INFO  impl.RaftServerImpl (RaftServerImpl.java:setRole(164)) - 7402ced3-2011-40c3-943f-eb356777966d:group-C1D159E05F31 changes role from null to FOLLOWER at term 0 for startAsFollower
2019-06-13 18:07:06,233 INFO  impl.RoleInfo (RoleInfo.java:updateAndGet(143)) - 7402ced3-2011-40c3-943f-eb356777966d: start FollowerState
2019-06-13 18:07:06,234 INFO  util.JmxRegister (JmxRegister.java:tryRegister(44)) - Successfully registered JMX Bean with object name Ratis:service=RaftServer,group=group-C1D159E05F31,id=7402ced3-2011-40c3-943f-eb356777966d
2019-06-13 18:07:06,241 INFO  pipeline.PipelineStateManager (PipelineStateManager.java:addPipeline(56)) - Created pipeline Pipeline[ Id: 29aaba4e-46da-4f2f-a45b-c1d159e05f31, Nodes: 7402ced3-2011-40c3-943f-eb356777966d{ip: 192.168.11.194, host: ozone-zf9g4-1167396177, networkLocation: /default-rack, certSerialId: null}, Type:RATIS, Factor:ONE, State:OPEN]
2019-06-13 18:07:06,254 INFO  impl.RaftServerProxy (RaftServerProxy.java:addNew(89)) - d95826b2-41f2-495b-8aa3-ace05a2ab2a2: addNew group-708288842CEA:[d95826b2-41f2-495b-8aa3-ace05a2ab2a2:192.168.11.194:35991] returns group-708288842CEA:java.util.concurrent.CompletableFuture@6bfd4826[Not completed]
2019-06-13 18:07:06,262 INFO  node.SCMNodeManager (SCMNodeManager.java:register(234)) - Registered Data node : 9ea7fb82-31e5-439f-a223-8e1d790a3d66{ip: 192.168.11.194, host: ozone-zf9g4-1167396177, networkLocation: /default-rack, certSerialId: null}
2019-06-13 18:07:06,282 INFO  impl.RaftServerImpl (RaftServerImpl.java:<init>(91)) - d95826b2-41f2-495b-8aa3-ace05a2ab2a2: new RaftServerImpl for group-708288842CEA:[d95826b2-41f2-495b-8aa3-ace05a2ab2a2:192.168.11.194:35991] with ContainerStateMachine:uninitialized
2019-06-13 18:07:06,283 INFO  server.RaftServerConfigKeys (ConfUtils.java:logGet(43)) - raft.server.rpc.timeout.min = 1s (custom)
2019-06-13 18:07:06,283 INFO  server.RaftServerConfigKeys (ConfUtils.java:logGet(43)) - raft.server.rpc.timeout.max = 1200ms (custom)
2019-06-13 18:07:06,283 INFO  server.RaftServerConfigKeys (ConfUtils.java:logGet(43)) - raft.server.rpcslowness.timeout = 10s (custom)
2019-06-13 18:07:06,283 INFO  server.RaftServerConfigKeys (ConfUtils.java:logGet(43)) - raft.server.log.appender.install.snapshot.enabled = true (default)
2019-06-13 18:07:06,283 INFO  impl.RaftServerImpl (ServerState.java:<init>(101)) - d95826b2-41f2-495b-8aa3-ace05a2ab2a2:group-708288842CEA ConfigurationManager, init=-1: [d95826b2-41f2-495b-8aa3-ace05a2ab2a2:192.168.11.194:35991], old=null, confs=<EMPTY_MAP>
2019-06-13 18:07:06,283 INFO  server.RaftServerConfigKeys (ConfUtils.java:logGet(43)) - raft.server.storage.dir = [/opt/src/hadoop-ozone/integration-test/target/test-dir/MiniOzoneClusterImpl-9c73d800-9759-4108-9036-1923d064ea84/datanode-1/data/ratis] (custom)
2019-06-13 18:07:06,284 INFO  storage.RaftStorageDirectory (RaftStorageDirectory.java:analyzeStorage(246)) - The storage directory /opt/src/hadoop-ozone/integration-test/target/test-dir/MiniOzoneClusterImpl-9c73d800-9759-4108-9036-1923d064ea84/datanode-1/data/ratis/7d6971db-0e8a-44ef-b3e9-708288842cea does not exist. Creating ...
2019-06-13 18:07:06,287 INFO  storage.RaftStorageDirectory (RaftStorageDirectory.java:tryLock(328)) - Lock on /opt/src/hadoop-ozone/integration-test/target/test-dir/MiniOzoneClusterImpl-9c73d800-9759-4108-9036-1923d064ea84/datanode-1/data/ratis/7d6971db-0e8a-44ef-b3e9-708288842cea/in_use.lock acquired by nodename 10188@ozone-zf9g4-1167396177
2019-06-13 18:07:06,289 INFO  storage.RaftStorage (RaftStorage.java:format(75)) - Storage directory /opt/src/hadoop-ozone/integration-test/target/test-dir/MiniOzoneClusterImpl-9c73d800-9759-4108-9036-1923d064ea84/datanode-1/data/ratis/7d6971db-0e8a-44ef-b3e9-708288842cea has been successfully formatted.
2019-06-13 18:07:06,289 INFO  ratis.ContainerStateMachine (ContainerStateMachine.java:loadSnapshot(199)) - The snapshot info is null.Setting the last applied index to:(t:0, i:~)
2019-06-13 18:07:06,290 INFO  server.RaftServerConfigKeys (ConfUtils.java:logGet(43)) - raft.server.leader.election.timeout = 10s (custom)
2019-06-13 18:07:06,290 INFO  server.RaftServerConfigKeys (ConfUtils.java:logGet(43)) - raft.server.log.use.memory = false (default)
2019-06-13 18:07:06,290 INFO  server.RaftServerConfigKeys (ConfUtils.java:logGet(43)) - raft.server.log.appender.buffer.byte-limit = 33554432 (custom)
2019-06-13 18:07:06,291 INFO  server.RaftServerConfigKeys (ConfUtils.java:logGet(43)) - raft.server.log.segment.size.max = 16384 (custom)
2019-06-13 18:07:06,291 INFO  server.RaftServerConfigKeys (ConfUtils.java:logGet(43)) - raft.server.log.segment.cache.num.max = 2 (custom)
2019-06-13 18:07:06,291 INFO  storage.RaftLogWorker (RaftLogWorker.java:<init>(123)) - new d95826b2-41f2-495b-8aa3-ace05a2ab2a2-RaftLogWorker for Storage Directory /opt/src/hadoop-ozone/integration-test/target/test-dir/MiniOzoneClusterImpl-9c73d800-9759-4108-9036-1923d064ea84/datanode-1/data/ratis/7d6971db-0e8a-44ef-b3e9-708288842cea
2019-06-13 18:07:06,291 INFO  server.RaftServerConfigKeys (ConfUtils.java:logGet(43)) - raft.server.log.queue.byte-limit = 2147483647 (custom)
2019-06-13 18:07:06,291 INFO  server.RaftServerConfigKeys (ConfUtils.java:logGet(43)) - raft.server.log.queue.element-limit = 1024 (custom)
2019-06-13 18:07:06,291 INFO  server.RaftServerConfigKeys (ConfUtils.java:logGet(43)) - raft.server.log.segment.size.max = 16384 (custom)
2019-06-13 18:07:06,291 INFO  server.RaftServerConfigKeys (ConfUtils.java:logGet(43)) - raft.server.log.preallocated.size = 16384 (custom)
2019-06-13 18:07:06,291 INFO  server.RaftServerConfigKeys (ConfUtils.java:logGet(43)) - raft.server.log.write.buffer.size = 33554432 (custom)
2019-06-13 18:07:06,291 INFO  server.RaftServerConfigKeys (ConfUtils.java:logGet(43)) - raft.server.log.force.sync.num = 128 (default)
2019-06-13 18:07:06,291 INFO  server.RaftServerConfigKeys (ConfUtils.java:logGet(43)) - raft.server.log.statemachine.data.sync = true (default)
2019-06-13 18:07:06,291 INFO  server.RaftServerConfigKeys (ConfUtils.java:logGet(43)) - raft.server.log.statemachine.data.sync.timeout = 10s (default)
2019-06-13 18:07:06,291 INFO  server.RaftServerConfigKeys (ConfUtils.java:logGet(43)) - raft.server.log.statemachine.data.sync.timeout.retry = -1 (default)
2019-06-13 18:07:06,291 INFO  server.RaftServerConfigKeys (ConfUtils.java:logGet(43)) - raft.server.log.statemachine.data.caching.enabled = true (custom)
2019-06-13 18:07:06,292 INFO  server.RaftServerConfigKeys (ConfUtils.java:logGet(43)) - raft.server.snapshot.auto.trigger.enabled = true (custom)
2019-06-13 18:07:06,292 INFO  server.RaftServerConfigKeys (ConfUtils.java:logGet(43)) - raft.server.snapshot.auto.trigger.threshold = 10000 (custom)
2019-06-13 18:07:06,292 INFO  server.RaftServerConfigKeys (ConfUtils.java:logGet(43)) - raft.server.retrycache.expirytime = 600000ms (custom)
2019-06-13 18:07:06,292 INFO  impl.RaftServerImpl (RaftServerImpl.java:start(173)) - d95826b2-41f2-495b-8aa3-ace05a2ab2a2: start group-708288842CEA
2019-06-13 18:07:06,292 INFO  impl.RaftServerImpl (RaftServerImpl.java:setRole(164)) - d95826b2-41f2-495b-8aa3-ace05a2ab2a2:group-708288842CEA changes role from null to FOLLOWER at term 0 for startAsFollower
2019-06-13 18:07:06,292 INFO  impl.RoleInfo (RoleInfo.java:updateAndGet(143)) - d95826b2-41f2-495b-8aa3-ace05a2ab2a2: start FollowerState
2019-06-13 18:07:06,293 INFO  util.JmxRegister (JmxRegister.java:tryRegister(44)) - Successfully registered JMX Bean with object name Ratis:service=RaftServer,group=group-708288842CEA,id=d95826b2-41f2-495b-8aa3-ace05a2ab2a2
2019-06-13 18:07:06,299 INFO  pipeline.PipelineStateManager (PipelineStateManager.java:addPipeline(56)) - Created pipeline Pipeline[ Id: 7d6971db-0e8a-44ef-b3e9-708288842cea, Nodes: d95826b2-41f2-495b-8aa3-ace05a2ab2a2{ip: 192.168.11.194, host: ozone-zf9g4-1167396177, networkLocation: /default-rack, certSerialId: null}, Type:RATIS, Factor:ONE, State:OPEN]
2019-06-13 18:07:06,313 INFO  impl.RaftServerProxy (RaftServerProxy.java:addNew(89)) - 9ea7fb82-31e5-439f-a223-8e1d790a3d66: addNew group-A200BA6420CA:[9ea7fb82-31e5-439f-a223-8e1d790a3d66:192.168.11.194:40469] returns group-A200BA6420CA:java.util.concurrent.CompletableFuture@6e1e856a[Not completed]
2019-06-13 18:07:06,316 INFO  impl.RaftServerImpl (RaftServerImpl.java:<init>(91)) - 9ea7fb82-31e5-439f-a223-8e1d790a3d66: new RaftServerImpl for group-A200BA6420CA:[9ea7fb82-31e5-439f-a223-8e1d790a3d66:192.168.11.194:40469] with ContainerStateMachine:uninitialized
2019-06-13 18:07:06,317 INFO  server.RaftServerConfigKeys (ConfUtils.java:logGet(43)) - raft.server.rpc.timeout.min = 1s (custom)
2019-06-13 18:07:06,317 INFO  server.RaftServerConfigKeys (ConfUtils.java:logGet(43)) - raft.server.rpc.timeout.max = 1200ms (custom)
2019-06-13 18:07:06,317 INFO  server.RaftServerConfigKeys (ConfUtils.java:logGet(43)) - raft.server.rpcslowness.timeout = 10s (custom)
2019-06-13 18:07:06,317 INFO  server.RaftServerConfigKeys (ConfUtils.java:logGet(43)) - raft.server.log.appender.install.snapshot.enabled = true (default)
2019-06-13 18:07:06,317 INFO  impl.RaftServerImpl (ServerState.java:<init>(101)) - 9ea7fb82-31e5-439f-a223-8e1d790a3d66:group-A200BA6420CA ConfigurationManager, init=-1: [9ea7fb82-31e5-439f-a223-8e1d790a3d66:192.168.11.194:40469], old=null, confs=<EMPTY_MAP>
2019-06-13 18:07:06,317 INFO  server.RaftServerConfigKeys (ConfUtils.java:logGet(43)) - raft.server.storage.dir = [/opt/src/hadoop-ozone/integration-test/target/test-dir/MiniOzoneClusterImpl-9c73d800-9759-4108-9036-1923d064ea84/datanode-3/data/ratis] (custom)
2019-06-13 18:07:06,318 INFO  storage.RaftStorageDirectory (RaftStorageDirectory.java:analyzeStorage(246)) - The storage directory /opt/src/hadoop-ozone/integration-test/target/test-dir/MiniOzoneClusterImpl-9c73d800-9759-4108-9036-1923d064ea84/datanode-3/data/ratis/ab50ccf2-c81b-4310-a9d4-a200ba6420ca does not exist. Creating ...
2019-06-13 18:07:06,320 INFO  storage.RaftStorageDirectory (RaftStorageDirectory.java:tryLock(328)) - Lock on /opt/src/hadoop-ozone/integration-test/target/test-dir/MiniOzoneClusterImpl-9c73d800-9759-4108-9036-1923d064ea84/datanode-3/data/ratis/ab50ccf2-c81b-4310-a9d4-a200ba6420ca/in_use.lock acquired by nodename 10188@ozone-zf9g4-1167396177
2019-06-13 18:07:06,322 INFO  storage.RaftStorage (RaftStorage.java:format(75)) - Storage directory /opt/src/hadoop-ozone/integration-test/target/test-dir/MiniOzoneClusterImpl-9c73d800-9759-4108-9036-1923d064ea84/datanode-3/data/ratis/ab50ccf2-c81b-4310-a9d4-a200ba6420ca has been successfully formatted.
2019-06-13 18:07:06,322 INFO  ratis.ContainerStateMachine (ContainerStateMachine.java:loadSnapshot(199)) - The snapshot info is null.Setting the last applied index to:(t:0, i:~)
2019-06-13 18:07:06,322 INFO  server.RaftServerConfigKeys (ConfUtils.java:logGet(43)) - raft.server.leader.election.timeout = 10s (custom)
2019-06-13 18:07:06,322 INFO  server.RaftServerConfigKeys (ConfUtils.java:logGet(43)) - raft.server.log.use.memory = false (default)
2019-06-13 18:07:06,323 INFO  server.RaftServerConfigKeys (ConfUtils.java:logGet(43)) - raft.server.log.appender.buffer.byte-limit = 33554432 (custom)
2019-06-13 18:07:06,323 INFO  server.RaftServerConfigKeys (ConfUtils.java:logGet(43)) - raft.server.log.segment.size.max = 16384 (custom)
2019-06-13 18:07:06,323 INFO  server.RaftServerConfigKeys (ConfUtils.java:logGet(43)) - raft.server.log.segment.cache.num.max = 2 (custom)
2019-06-13 18:07:06,323 INFO  storage.RaftLogWorker (RaftLogWorker.java:<init>(123)) - new 9ea7fb82-31e5-439f-a223-8e1d790a3d66-RaftLogWorker for Storage Directory /opt/src/hadoop-ozone/integration-test/target/test-dir/MiniOzoneClusterImpl-9c73d800-9759-4108-9036-1923d064ea84/datanode-3/data/ratis/ab50ccf2-c81b-4310-a9d4-a200ba6420ca
2019-06-13 18:07:06,323 INFO  server.RaftServerConfigKeys (ConfUtils.java:logGet(43)) - raft.server.log.queue.byte-limit = 2147483647 (custom)
2019-06-13 18:07:06,323 INFO  server.RaftServerConfigKeys (ConfUtils.java:logGet(43)) - raft.server.log.queue.element-limit = 1024 (custom)
2019-06-13 18:07:06,323 INFO  server.RaftServerConfigKeys (ConfUtils.java:logGet(43)) - raft.server.log.segment.size.max = 16384 (custom)
2019-06-13 18:07:06,323 INFO  server.RaftServerConfigKeys (ConfUtils.java:logGet(43)) - raft.server.log.preallocated.size = 16384 (custom)
2019-06-13 18:07:06,323 INFO  server.RaftServerConfigKeys (ConfUtils.java:logGet(43)) - raft.server.log.write.buffer.size = 33554432 (custom)
2019-06-13 18:07:06,324 INFO  server.RaftServerConfigKeys (ConfUtils.java:logGet(43)) - raft.server.log.force.sync.num = 128 (default)
2019-06-13 18:07:06,324 INFO  server.RaftServerConfigKeys (ConfUtils.java:logGet(43)) - raft.server.log.statemachine.data.sync = true (default)
2019-06-13 18:07:06,324 INFO  server.RaftServerConfigKeys (ConfUtils.java:logGet(43)) - raft.server.log.statemachine.data.sync.timeout = 10s (default)
2019-06-13 18:07:06,324 INFO  server.RaftServerConfigKeys (ConfUtils.java:logGet(43)) - raft.server.log.statemachine.data.sync.timeout.retry = -1 (default)
2019-06-13 18:07:06,324 INFO  server.RaftServerConfigKeys (ConfUtils.java:logGet(43)) - raft.server.log.statemachine.data.caching.enabled = true (custom)
2019-06-13 18:07:06,324 INFO  server.RaftServerConfigKeys (ConfUtils.java:logGet(43)) - raft.server.snapshot.auto.trigger.enabled = true (custom)
2019-06-13 18:07:06,324 INFO  server.RaftServerConfigKeys (ConfUtils.java:logGet(43)) - raft.server.snapshot.auto.trigger.threshold = 10000 (custom)
2019-06-13 18:07:06,325 INFO  server.RaftServerConfigKeys (ConfUtils.java:logGet(43)) - raft.server.retrycache.expirytime = 600000ms (custom)
2019-06-13 18:07:06,325 INFO  impl.RaftServerImpl (RaftServerImpl.java:start(173)) - 9ea7fb82-31e5-439f-a223-8e1d790a3d66: start group-A200BA6420CA
2019-06-13 18:07:06,325 INFO  impl.RaftServerImpl (RaftServerImpl.java:setRole(164)) - 9ea7fb82-31e5-439f-a223-8e1d790a3d66:group-A200BA6420CA changes role from null to FOLLOWER at term 0 for startAsFollower
2019-06-13 18:07:06,325 INFO  impl.RoleInfo (RoleInfo.java:updateAndGet(143)) - 9ea7fb82-31e5-439f-a223-8e1d790a3d66: start FollowerState
2019-06-13 18:07:06,325 INFO  util.JmxRegister (JmxRegister.java:tryRegister(44)) - Successfully registered JMX Bean with object name Ratis:service=RaftServer,group=group-A200BA6420CA,id=9ea7fb82-31e5-439f-a223-8e1d790a3d66
2019-06-13 18:07:06,339 INFO  pipeline.PipelineStateManager (PipelineStateManager.java:addPipeline(56)) - Created pipeline Pipeline[ Id: ab50ccf2-c81b-4310-a9d4-a200ba6420ca, Nodes: 9ea7fb82-31e5-439f-a223-8e1d790a3d66{ip: 192.168.11.194, host: ozone-zf9g4-1167396177, networkLocation: /default-rack, certSerialId: null}, Type:RATIS, Factor:ONE, State:OPEN]
2019-06-13 18:07:06,372 INFO  impl.RaftServerProxy (RaftServerProxy.java:addNew(89)) - 7402ced3-2011-40c3-943f-eb356777966d: addNew group-CEC86118E41B:[ecb16d35-a0a8-4c23-a62b-5cca4ab6f3a4:192.168.11.194:37953, 7402ced3-2011-40c3-943f-eb356777966d:192.168.11.194:41643, d95826b2-41f2-495b-8aa3-ace05a2ab2a2:192.168.11.194:35991] returns group-CEC86118E41B:java.util.concurrent.CompletableFuture@6bedc9b6[Not completed]
2019-06-13 18:07:06,373 INFO  impl.RaftServerProxy (RaftServerProxy.java:addNew(89)) - ecb16d35-a0a8-4c23-a62b-5cca4ab6f3a4: addNew group-CEC86118E41B:[ecb16d35-a0a8-4c23-a62b-5cca4ab6f3a4:192.168.11.194:37953, 7402ced3-2011-40c3-943f-eb356777966d:192.168.11.194:41643, d95826b2-41f2-495b-8aa3-ace05a2ab2a2:192.168.11.194:35991] returns group-CEC86118E41B:java.util.concurrent.CompletableFuture@52da31cd[Not completed]
2019-06-13 18:07:06,374 INFO  impl.RaftServerImpl (RaftServerImpl.java:<init>(91)) - 7402ced3-2011-40c3-943f-eb356777966d: new RaftServerImpl for group-CEC86118E41B:[ecb16d35-a0a8-4c23-a62b-5cca4ab6f3a4:192.168.11.194:37953, 7402ced3-2011-40c3-943f-eb356777966d:192.168.11.194:41643, d95826b2-41f2-495b-8aa3-ace05a2ab2a2:192.168.11.194:35991] with ContainerStateMachine:uninitialized
2019-06-13 18:07:06,374 INFO  server.RaftServerConfigKeys (ConfUtils.java:logGet(43)) - raft.server.rpc.timeout.min = 1s (custom)
2019-06-13 18:07:06,374 INFO  server.RaftServerConfigKeys (ConfUtils.java:logGet(43)) - raft.server.rpc.timeout.max = 1200ms (custom)
2019-06-13 18:07:06,374 INFO  server.RaftServerConfigKeys (ConfUtils.java:logGet(43)) - raft.server.rpcslowness.timeout = 10s (custom)
2019-06-13 18:07:06,374 INFO  impl.RaftServerImpl (RaftServerImpl.java:<init>(91)) - ecb16d35-a0a8-4c23-a62b-5cca4ab6f3a4: new RaftServerImpl for group-CEC86118E41B:[ecb16d35-a0a8-4c23-a62b-5cca4ab6f3a4:192.168.11.194:37953, 7402ced3-2011-40c3-943f-eb356777966d:192.168.11.194:41643, d95826b2-41f2-495b-8aa3-ace05a2ab2a2:192.168.11.194:35991] with ContainerStateMachine:uninitialized
2019-06-13 18:07:06,374 INFO  server.RaftServerConfigKeys (ConfUtils.java:logGet(43)) - raft.server.rpc.timeout.min = 1s (custom)
2019-06-13 18:07:06,375 INFO  server.RaftServerConfigKeys (ConfUtils.java:logGet(43)) - raft.server.rpc.timeout.max = 1200ms (custom)
2019-06-13 18:07:06,375 INFO  server.RaftServerConfigKeys (ConfUtils.java:logGet(43)) - raft.server.rpcslowness.timeout = 10s (custom)
2019-06-13 18:07:06,375 INFO  server.RaftServerConfigKeys (ConfUtils.java:logGet(43)) - raft.server.log.appender.install.snapshot.enabled = true (default)
2019-06-13 18:07:06,375 INFO  impl.RaftServerImpl (ServerState.java:<init>(101)) - ecb16d35-a0a8-4c23-a62b-5cca4ab6f3a4:group-CEC86118E41B ConfigurationManager, init=-1: [ecb16d35-a0a8-4c23-a62b-5cca4ab6f3a4:192.168.11.194:37953, 7402ced3-2011-40c3-943f-eb356777966d:192.168.11.194:41643, d95826b2-41f2-495b-8aa3-ace05a2ab2a2:192.168.11.194:35991], old=null, confs=<EMPTY_MAP>
2019-06-13 18:07:06,374 INFO  server.RaftServerConfigKeys (ConfUtils.java:logGet(43)) - raft.server.log.appender.install.snapshot.enabled = true (default)
2019-06-13 18:07:06,375 INFO  server.RaftServerConfigKeys (ConfUtils.java:logGet(43)) - raft.server.storage.dir = [/opt/src/hadoop-ozone/integration-test/target/test-dir/MiniOzoneClusterImpl-9c73d800-9759-4108-9036-1923d064ea84/datanode-0/data/ratis] (custom)
2019-06-13 18:07:06,375 INFO  impl.RaftServerImpl (RaftServerImpl.java:<init>(91)) - d95826b2-41f2-495b-8aa3-ace05a2ab2a2: new RaftServerImpl for group-CEC86118E41B:[ecb16d35-a0a8-4c23-a62b-5cca4ab6f3a4:192.168.11.194:37953, 7402ced3-2011-40c3-943f-eb356777966d:192.168.11.194:41643, d95826b2-41f2-495b-8aa3-ace05a2ab2a2:192.168.11.194:35991] with ContainerStateMachine:uninitialized
2019-06-13 18:07:06,375 INFO  server.RaftServerConfigKeys (ConfUtils.java:logGet(43)) - raft.server.rpc.timeout.min = 1s (custom)
2019-06-13 18:07:06,375 INFO  server.RaftServerConfigKeys (ConfUtils.java:logGet(43)) - raft.server.rpc.timeout.max = 1200ms (custom)
2019-06-13 18:07:06,376 INFO  server.RaftServerConfigKeys (ConfUtils.java:logGet(43)) - raft.server.rpcslowness.timeout = 10s (custom)
2019-06-13 18:07:06,376 INFO  server.RaftServerConfigKeys (ConfUtils.java:logGet(43)) - raft.server.log.appender.install.snapshot.enabled = true (default)
2019-06-13 18:07:06,376 INFO  impl.RaftServerImpl (ServerState.java:<init>(101)) - d95826b2-41f2-495b-8aa3-ace05a2ab2a2:group-CEC86118E41B ConfigurationManager, init=-1: [ecb16d35-a0a8-4c23-a62b-5cca4ab6f3a4:192.168.11.194:37953, 7402ced3-2011-40c3-943f-eb356777966d:192.168.11.194:41643, d95826b2-41f2-495b-8aa3-ace05a2ab2a2:192.168.11.194:35991], old=null, confs=<EMPTY_MAP>
2019-06-13 18:07:06,376 INFO  server.RaftServerConfigKeys (ConfUtils.java:logGet(43)) - raft.server.storage.dir = [/opt/src/hadoop-ozone/integration-test/target/test-dir/MiniOzoneClusterImpl-9c73d800-9759-4108-9036-1923d064ea84/datanode-1/data/ratis] (custom)
2019-06-13 18:07:06,376 INFO  storage.RaftStorageDirectory (RaftStorageDirectory.java:analyzeStorage(246)) - The storage directory /opt/src/hadoop-ozone/integration-test/target/test-dir/MiniOzoneClusterImpl-9c73d800-9759-4108-9036-1923d064ea84/datanode-1/data/ratis/6e6bcd58-9506-4d80-9685-cec86118e41b does not exist. Creating ...
2019-06-13 18:07:06,375 INFO  impl.RaftServerImpl (ServerState.java:<init>(101)) - 7402ced3-2011-40c3-943f-eb356777966d:group-CEC86118E41B ConfigurationManager, init=-1: [ecb16d35-a0a8-4c23-a62b-5cca4ab6f3a4:192.168.11.194:37953, 7402ced3-2011-40c3-943f-eb356777966d:192.168.11.194:41643, d95826b2-41f2-495b-8aa3-ace05a2ab2a2:192.168.11.194:35991], old=null, confs=<EMPTY_MAP>
2019-06-13 18:07:06,376 INFO  server.RaftServerConfigKeys (ConfUtils.java:logGet(43)) - raft.server.storage.dir = [/opt/src/hadoop-ozone/integration-test/target/test-dir/MiniOzoneClusterImpl-9c73d800-9759-4108-9036-1923d064ea84/datanode-2/data/ratis] (custom)
2019-06-13 18:07:06,377 INFO  storage.RaftStorageDirectory (RaftStorageDirectory.java:analyzeStorage(246)) - The storage directory /opt/src/hadoop-ozone/integration-test/target/test-dir/MiniOzoneClusterImpl-9c73d800-9759-4108-9036-1923d064ea84/datanode-2/data/ratis/6e6bcd58-9506-4d80-9685-cec86118e41b does not exist. Creating ...
2019-06-13 18:07:06,375 INFO  storage.RaftStorageDirectory (RaftStorageDirectory.java:analyzeStorage(246)) - The storage directory /opt/src/hadoop-ozone/integration-test/target/test-dir/MiniOzoneClusterImpl-9c73d800-9759-4108-9036-1923d064ea84/datanode-0/data/ratis/6e6bcd58-9506-4d80-9685-cec86118e41b does not exist. Creating ...
2019-06-13 18:07:06,378 INFO  impl.RaftServerProxy (RaftServerProxy.java:addNew(89)) - d95826b2-41f2-495b-8aa3-ace05a2ab2a2: addNew group-CEC86118E41B:[ecb16d35-a0a8-4c23-a62b-5cca4ab6f3a4:192.168.11.194:37953, 7402ced3-2011-40c3-943f-eb356777966d:192.168.11.194:41643, d95826b2-41f2-495b-8aa3-ace05a2ab2a2:192.168.11.194:35991] returns group-CEC86118E41B:java.util.concurrent.CompletableFuture@40c4246[Not completed]
2019-06-13 18:07:06,379 INFO  storage.RaftStorageDirectory (RaftStorageDirectory.java:tryLock(328)) - Lock on /opt/src/hadoop-ozone/integration-test/target/test-dir/MiniOzoneClusterImpl-9c73d800-9759-4108-9036-1923d064ea84/datanode-1/data/ratis/6e6bcd58-9506-4d80-9685-cec86118e41b/in_use.lock acquired by nodename 10188@ozone-zf9g4-1167396177
2019-06-13 18:07:06,380 INFO  storage.RaftStorageDirectory (RaftStorageDirectory.java:tryLock(328)) - Lock on /opt/src/hadoop-ozone/integration-test/target/test-dir/MiniOzoneClusterImpl-9c73d800-9759-4108-9036-1923d064ea84/datanode-0/data/ratis/6e6bcd58-9506-4d80-9685-cec86118e41b/in_use.lock acquired by nodename 10188@ozone-zf9g4-1167396177
2019-06-13 18:07:06,380 INFO  storage.RaftStorageDirectory (RaftStorageDirectory.java:tryLock(328)) - Lock on /opt/src/hadoop-ozone/integration-test/target/test-dir/MiniOzoneClusterImpl-9c73d800-9759-4108-9036-1923d064ea84/datanode-2/data/ratis/6e6bcd58-9506-4d80-9685-cec86118e41b/in_use.lock acquired by nodename 10188@ozone-zf9g4-1167396177
2019-06-13 18:07:06,382 INFO  storage.RaftStorage (RaftStorage.java:format(75)) - Storage directory /opt/src/hadoop-ozone/integration-test/target/test-dir/MiniOzoneClusterImpl-9c73d800-9759-4108-9036-1923d064ea84/datanode-1/data/ratis/6e6bcd58-9506-4d80-9685-cec86118e41b has been successfully formatted.
2019-06-13 18:07:06,382 INFO  ratis.ContainerStateMachine (ContainerStateMachine.java:loadSnapshot(199)) - The snapshot info is null.Setting the last applied index to:(t:0, i:~)
2019-06-13 18:07:06,382 INFO  server.RaftServerConfigKeys (ConfUtils.java:logGet(43)) - raft.server.leader.election.timeout = 10s (custom)
2019-06-13 18:07:06,382 INFO  server.RaftServerConfigKeys (ConfUtils.java:logGet(43)) - raft.server.log.use.memory = false (default)
2019-06-13 18:07:06,382 INFO  server.RaftServerConfigKeys (ConfUtils.java:logGet(43)) - raft.server.log.appender.buffer.byte-limit = 33554432 (custom)
2019-06-13 18:07:06,382 INFO  server.RaftServerConfigKeys (ConfUtils.java:logGet(43)) - raft.server.log.segment.size.max = 16384 (custom)
2019-06-13 18:07:06,382 INFO  server.RaftServerConfigKeys (ConfUtils.java:logGet(43)) - raft.server.log.segment.cache.num.max = 2 (custom)
2019-06-13 18:07:06,382 INFO  storage.RaftLogWorker (RaftLogWorker.java:<init>(123)) - new d95826b2-41f2-495b-8aa3-ace05a2ab2a2-RaftLogWorker for Storage Directory /opt/src/hadoop-ozone/integration-test/target/test-dir/MiniOzoneClusterImpl-9c73d800-9759-4108-9036-1923d064ea84/datanode-1/data/ratis/6e6bcd58-9506-4d80-9685-cec86118e41b
2019-06-13 18:07:06,382 INFO  server.RaftServerConfigKeys (ConfUtils.java:logGet(43)) - raft.server.log.queue.byte-limit = 2147483647 (custom)
2019-06-13 18:07:06,382 INFO  server.RaftServerConfigKeys (ConfUtils.java:logGet(43)) - raft.server.log.queue.element-limit = 1024 (custom)
2019-06-13 18:07:06,382 INFO  server.RaftServerConfigKeys (ConfUtils.java:logGet(43)) - raft.server.log.segment.size.max = 16384 (custom)
2019-06-13 18:07:06,382 INFO  server.RaftServerConfigKeys (ConfUtils.java:logGet(43)) - raft.server.log.preallocated.size = 16384 (custom)
2019-06-13 18:07:06,383 INFO  server.RaftServerConfigKeys (ConfUtils.java:logGet(43)) - raft.server.log.write.buffer.size = 33554432 (custom)
2019-06-13 18:07:06,383 INFO  server.RaftServerConfigKeys (ConfUtils.java:logGet(43)) - raft.server.log.force.sync.num = 128 (default)
2019-06-13 18:07:06,383 INFO  server.RaftServerConfigKeys (ConfUtils.java:logGet(43)) - raft.server.log.statemachine.data.sync = true (default)
2019-06-13 18:07:06,383 INFO  server.RaftServerConfigKeys (ConfUtils.java:logGet(43)) - raft.server.log.statemachine.data.sync.timeout = 10s (default)
2019-06-13 18:07:06,383 INFO  server.RaftServerConfigKeys (ConfUtils.java:logGet(43)) - raft.server.log.statemachine.data.sync.timeout.retry = -1 (default)
2019-06-13 18:07:06,383 INFO  storage.RaftStorage (RaftStorage.java:format(75)) - Storage directory /opt/src/hadoop-ozone/integration-test/target/test-dir/MiniOzoneClusterImpl-9c73d800-9759-4108-9036-1923d064ea84/datanode-0/data/ratis/6e6bcd58-9506-4d80-9685-cec86118e41b has been successfully formatted.
2019-06-13 18:07:06,383 INFO  server.RaftServerConfigKeys (ConfUtils.java:logGet(43)) - raft.server.log.statemachine.data.caching.enabled = true (custom)
2019-06-13 18:07:06,383 INFO  ratis.ContainerStateMachine (ContainerStateMachine.java:loadSnapshot(199)) - The snapshot info is null.Setting the last applied index to:(t:0, i:~)
2019-06-13 18:07:06,383 INFO  server.RaftServerConfigKeys (ConfUtils.java:logGet(43)) - raft.server.leader.election.timeout = 10s (custom)
2019-06-13 18:07:06,383 INFO  server.RaftServerConfigKeys (ConfUtils.java:logGet(43)) - raft.server.log.use.memory = false (default)
2019-06-13 18:07:06,384 INFO  server.RaftServerConfigKeys (ConfUtils.java:logGet(43)) - raft.server.log.appender.buffer.byte-limit = 33554432 (custom)
2019-06-13 18:07:06,384 INFO  server.RaftServerConfigKeys (ConfUtils.java:logGet(43)) - raft.server.log.segment.size.max = 16384 (custom)
2019-06-13 18:07:06,384 INFO  server.RaftServerConfigKeys (ConfUtils.java:logGet(43)) - raft.server.log.segment.cache.num.max = 2 (custom)
2019-06-13 18:07:06,384 INFO  storage.RaftLogWorker (RaftLogWorker.java:<init>(123)) - new ecb16d35-a0a8-4c23-a62b-5cca4ab6f3a4-RaftLogWorker for Storage Directory /opt/src/hadoop-ozone/integration-test/target/test-dir/MiniOzoneClusterImpl-9c73d800-9759-4108-9036-1923d064ea84/datanode-0/data/ratis/6e6bcd58-9506-4d80-9685-cec86118e41b
2019-06-13 18:07:06,384 INFO  server.RaftServerConfigKeys (ConfUtils.java:logGet(43)) - raft.server.log.queue.byte-limit = 2147483647 (custom)
2019-06-13 18:07:06,384 INFO  server.RaftServerConfigKeys (ConfUtils.java:logGet(43)) - raft.server.log.queue.element-limit = 1024 (custom)
2019-06-13 18:07:06,384 INFO  server.RaftServerConfigKeys (ConfUtils.java:logGet(43)) - raft.server.log.segment.size.max = 16384 (custom)
2019-06-13 18:07:06,384 INFO  server.RaftServerConfigKeys (ConfUtils.java:logGet(43)) - raft.server.log.preallocated.size = 16384 (custom)
2019-06-13 18:07:06,384 INFO  server.RaftServerConfigKeys (ConfUtils.java:logGet(43)) - raft.server.log.write.buffer.size = 33554432 (custom)
2019-06-13 18:07:06,384 INFO  server.RaftServerConfigKeys (ConfUtils.java:logGet(43)) - raft.server.log.force.sync.num = 128 (default)
2019-06-13 18:07:06,384 INFO  server.RaftServerConfigKeys (ConfUtils.java:logGet(43)) - raft.server.log.statemachine.data.sync = true (default)
2019-06-13 18:07:06,384 INFO  server.RaftServerConfigKeys (ConfUtils.java:logGet(43)) - raft.server.log.statemachine.data.sync.timeout = 10s (default)
2019-06-13 18:07:06,384 INFO  server.RaftServerConfigKeys (ConfUtils.java:logGet(43)) - raft.server.log.statemachine.data.sync.timeout.retry = -1 (default)
2019-06-13 18:07:06,384 INFO  server.RaftServerConfigKeys (ConfUtils.java:logGet(43)) - raft.server.log.statemachine.data.caching.enabled = true (custom)
2019-06-13 18:07:06,383 INFO  storage.RaftStorage (RaftStorage.java:format(75)) - Storage directory /opt/src/hadoop-ozone/integration-test/target/test-dir/MiniOzoneClusterImpl-9c73d800-9759-4108-9036-1923d064ea84/datanode-2/data/ratis/6e6bcd58-9506-4d80-9685-cec86118e41b has been successfully formatted.
2019-06-13 18:07:06,385 INFO  ratis.ContainerStateMachine (ContainerStateMachine.java:loadSnapshot(199)) - The snapshot info is null.Setting the last applied index to:(t:0, i:~)
2019-06-13 18:07:06,385 INFO  server.RaftServerConfigKeys (ConfUtils.java:logGet(43)) - raft.server.leader.election.timeout = 10s (custom)
2019-06-13 18:07:06,385 INFO  server.RaftServerConfigKeys (ConfUtils.java:logGet(43)) - raft.server.log.use.memory = false (default)
2019-06-13 18:07:06,385 INFO  server.RaftServerConfigKeys (ConfUtils.java:logGet(43)) - raft.server.log.appender.buffer.byte-limit = 33554432 (custom)
2019-06-13 18:07:06,385 INFO  server.RaftServerConfigKeys (ConfUtils.java:logGet(43)) - raft.server.log.segment.size.max = 16384 (custom)
2019-06-13 18:07:06,385 INFO  server.RaftServerConfigKeys (ConfUtils.java:logGet(43)) - raft.server.log.segment.cache.num.max = 2 (custom)
2019-06-13 18:07:06,385 INFO  storage.RaftLogWorker (RaftLogWorker.java:<init>(123)) - new 7402ced3-2011-40c3-943f-eb356777966d-RaftLogWorker for Storage Directory /opt/src/hadoop-ozone/integration-test/target/test-dir/MiniOzoneClusterImpl-9c73d800-9759-4108-9036-1923d064ea84/datanode-2/data/ratis/6e6bcd58-9506-4d80-9685-cec86118e41b
2019-06-13 18:07:06,386 INFO  server.RaftServerConfigKeys (ConfUtils.java:logGet(43)) - raft.server.log.queue.byte-limit = 2147483647 (custom)
2019-06-13 18:07:06,386 INFO  server.RaftServerConfigKeys (ConfUtils.java:logGet(43)) - raft.server.log.queue.element-limit = 1024 (custom)
2019-06-13 18:07:06,386 INFO  server.RaftServerConfigKeys (ConfUtils.java:logGet(43)) - raft.server.log.segment.size.max = 16384 (custom)
2019-06-13 18:07:06,386 INFO  server.RaftServerConfigKeys (ConfUtils.java:logGet(43)) - raft.server.log.preallocated.size = 16384 (custom)
2019-06-13 18:07:06,386 INFO  server.RaftServerConfigKeys (ConfUtils.java:logGet(43)) - raft.server.log.write.buffer.size = 33554432 (custom)
2019-06-13 18:07:06,386 INFO  server.RaftServerConfigKeys (ConfUtils.java:logGet(43)) - raft.server.log.force.sync.num = 128 (default)
2019-06-13 18:07:06,386 INFO  server.RaftServerConfigKeys (ConfUtils.java:logGet(43)) - raft.server.log.statemachine.data.sync = true (default)
2019-06-13 18:07:06,386 INFO  server.RaftServerConfigKeys (ConfUtils.java:logGet(43)) - raft.server.log.statemachine.data.sync.timeout = 10s (default)
2019-06-13 18:07:06,386 INFO  server.RaftServerConfigKeys (ConfUtils.java:logGet(43)) - raft.server.log.statemachine.data.sync.timeout.retry = -1 (default)
2019-06-13 18:07:06,384 INFO  server.RaftServerConfigKeys (ConfUtils.java:logGet(43)) - raft.server.snapshot.auto.trigger.enabled = true (custom)
2019-06-13 18:07:06,387 INFO  server.RaftServerConfigKeys (ConfUtils.java:logGet(43)) - raft.server.snapshot.auto.trigger.enabled = true (custom)
2019-06-13 18:07:06,387 INFO  server.RaftServerConfigKeys (ConfUtils.java:logGet(43)) - raft.server.log.statemachine.data.caching.enabled = true (custom)
2019-06-13 18:07:06,387 INFO  server.RaftServerConfigKeys (ConfUtils.java:logGet(43)) - raft.server.snapshot.auto.trigger.threshold = 10000 (custom)
2019-06-13 18:07:06,387 INFO  server.RaftServerConfigKeys (ConfUtils.java:logGet(43)) - raft.server.snapshot.auto.trigger.threshold = 10000 (custom)
2019-06-13 18:07:06,387 INFO  server.RaftServerConfigKeys (ConfUtils.java:logGet(43)) - raft.server.retrycache.expirytime = 600000ms (custom)
2019-06-13 18:07:06,387 INFO  server.RaftServerConfigKeys (ConfUtils.java:logGet(43)) - raft.server.retrycache.expirytime = 600000ms (custom)
2019-06-13 18:07:06,387 INFO  impl.RaftServerImpl (RaftServerImpl.java:start(173)) - d95826b2-41f2-495b-8aa3-ace05a2ab2a2: start group-CEC86118E41B
2019-06-13 18:07:06,387 INFO  impl.RaftServerImpl (RaftServerImpl.java:start(173)) - ecb16d35-a0a8-4c23-a62b-5cca4ab6f3a4: start group-CEC86118E41B
2019-06-13 18:07:06,387 INFO  impl.RaftServerImpl (RaftServerImpl.java:setRole(164)) - d95826b2-41f2-495b-8aa3-ace05a2ab2a2:group-CEC86118E41B changes role from null to FOLLOWER at term 0 for startAsFollower
2019-06-13 18:07:06,387 INFO  impl.RaftServerImpl (RaftServerImpl.java:setRole(164)) - ecb16d35-a0a8-4c23-a62b-5cca4ab6f3a4:group-CEC86118E41B changes role from null to FOLLOWER at term 0 for startAsFollower
2019-06-13 18:07:06,388 INFO  impl.RoleInfo (RoleInfo.java:updateAndGet(143)) - d95826b2-41f2-495b-8aa3-ace05a2ab2a2: start FollowerState
2019-06-13 18:07:06,388 INFO  impl.RoleInfo (RoleInfo.java:updateAndGet(143)) - ecb16d35-a0a8-4c23-a62b-5cca4ab6f3a4: start FollowerState
2019-06-13 18:07:06,388 INFO  util.JmxRegister (JmxRegister.java:tryRegister(44)) - Successfully registered JMX Bean with object name Ratis:service=RaftServer,group=group-CEC86118E41B,id=d95826b2-41f2-495b-8aa3-ace05a2ab2a2
2019-06-13 18:07:06,388 INFO  server.RaftServerConfigKeys (ConfUtils.java:logGet(43)) - raft.server.snapshot.auto.trigger.enabled = true (custom)
2019-06-13 18:07:06,388 INFO  server.RaftServerConfigKeys (ConfUtils.java:logGet(43)) - raft.server.snapshot.auto.trigger.threshold = 10000 (custom)
2019-06-13 18:07:06,388 INFO  server.RaftServerConfigKeys (ConfUtils.java:logGet(43)) - raft.server.retrycache.expirytime = 600000ms (custom)
2019-06-13 18:07:06,388 INFO  util.JmxRegister (JmxRegister.java:tryRegister(44)) - Successfully registered JMX Bean with object name Ratis:service=RaftServer,group=group-CEC86118E41B,id=ecb16d35-a0a8-4c23-a62b-5cca4ab6f3a4
2019-06-13 18:07:06,389 INFO  impl.RaftServerImpl (RaftServerImpl.java:start(173)) - 7402ced3-2011-40c3-943f-eb356777966d: start group-CEC86118E41B
2019-06-13 18:07:06,389 INFO  impl.RaftServerImpl (RaftServerImpl.java:setRole(164)) - 7402ced3-2011-40c3-943f-eb356777966d:group-CEC86118E41B changes role from null to FOLLOWER at term 0 for startAsFollower
2019-06-13 18:07:06,389 INFO  impl.RoleInfo (RoleInfo.java:updateAndGet(143)) - 7402ced3-2011-40c3-943f-eb356777966d: start FollowerState
2019-06-13 18:07:06,389 INFO  util.JmxRegister (JmxRegister.java:tryRegister(44)) - Successfully registered JMX Bean with object name Ratis:service=RaftServer,group=group-CEC86118E41B,id=7402ced3-2011-40c3-943f-eb356777966d
2019-06-13 18:07:06,410 INFO  pipeline.PipelineStateManager (PipelineStateManager.java:addPipeline(56)) - Created pipeline Pipeline[ Id: 6e6bcd58-9506-4d80-9685-cec86118e41b, Nodes: 7402ced3-2011-40c3-943f-eb356777966d{ip: 192.168.11.194, host: ozone-zf9g4-1167396177, networkLocation: /default-rack, certSerialId: null}d95826b2-41f2-495b-8aa3-ace05a2ab2a2{ip: 192.168.11.194, host: ozone-zf9g4-1167396177, networkLocation: /default-rack, certSerialId: null}ecb16d35-a0a8-4c23-a62b-5cca4ab6f3a4{ip: 192.168.11.194, host: ozone-zf9g4-1167396177, networkLocation: /default-rack, certSerialId: null}, Type:RATIS, Factor:THREE, State:OPEN]
2019-06-13 18:07:06,433 INFO  node.SCMNodeManager (SCMNodeManager.java:register(234)) - Registered Data node : a2f6ce85-e165-4800-85fb-f841051b517d{ip: 192.168.11.194, host: ozone-zf9g4-1167396177, networkLocation: /default-rack, certSerialId: null}
2019-06-13 18:07:06,444 INFO  impl.RaftServerProxy (RaftServerProxy.java:addNew(89)) - a2f6ce85-e165-4800-85fb-f841051b517d: addNew group-AC782F0C5EF4:[a2f6ce85-e165-4800-85fb-f841051b517d:192.168.11.194:33885] returns group-AC782F0C5EF4:java.util.concurrent.CompletableFuture@12463561[Not completed]
2019-06-13 18:07:06,446 INFO  impl.RaftServerImpl (RaftServerImpl.java:<init>(91)) - a2f6ce85-e165-4800-85fb-f841051b517d: new RaftServerImpl for group-AC782F0C5EF4:[a2f6ce85-e165-4800-85fb-f841051b517d:192.168.11.194:33885] with ContainerStateMachine:uninitialized
2019-06-13 18:07:06,446 INFO  server.RaftServerConfigKeys (ConfUtils.java:logGet(43)) - raft.server.rpc.timeout.min = 1s (custom)
2019-06-13 18:07:06,446 INFO  server.RaftServerConfigKeys (ConfUtils.java:logGet(43)) - raft.server.rpc.timeout.max = 1200ms (custom)
2019-06-13 18:07:06,446 INFO  server.RaftServerConfigKeys (ConfUtils.java:logGet(43)) - raft.server.rpcslowness.timeout = 10s (custom)
2019-06-13 18:07:06,446 INFO  server.RaftServerConfigKeys (ConfUtils.java:logGet(43)) - raft.server.log.appender.install.snapshot.enabled = true (default)
2019-06-13 18:07:06,446 INFO  impl.RaftServerImpl (ServerState.java:<init>(101)) - a2f6ce85-e165-4800-85fb-f841051b517d:group-AC782F0C5EF4 ConfigurationManager, init=-1: [a2f6ce85-e165-4800-85fb-f841051b517d:192.168.11.194:33885], old=null, confs=<EMPTY_MAP>
2019-06-13 18:07:06,446 INFO  server.RaftServerConfigKeys (ConfUtils.java:logGet(43)) - raft.server.storage.dir = [/opt/src/hadoop-ozone/integration-test/target/test-dir/MiniOzoneClusterImpl-9c73d800-9759-4108-9036-1923d064ea84/datanode-4/data/ratis] (custom)
2019-06-13 18:07:06,447 INFO  storage.RaftStorageDirectory (RaftStorageDirectory.java:analyzeStorage(246)) - The storage directory /opt/src/hadoop-ozone/integration-test/target/test-dir/MiniOzoneClusterImpl-9c73d800-9759-4108-9036-1923d064ea84/datanode-4/data/ratis/bac20a34-5d1e-4dc7-a7dc-ac782f0c5ef4 does not exist. Creating ...
2019-06-13 18:07:06,449 INFO  storage.RaftStorageDirectory (RaftStorageDirectory.java:tryLock(328)) - Lock on /opt/src/hadoop-ozone/integration-test/target/test-dir/MiniOzoneClusterImpl-9c73d800-9759-4108-9036-1923d064ea84/datanode-4/data/ratis/bac20a34-5d1e-4dc7-a7dc-ac782f0c5ef4/in_use.lock acquired by nodename 10188@ozone-zf9g4-1167396177
2019-06-13 18:07:06,452 INFO  storage.RaftStorage (RaftStorage.java:format(75)) - Storage directory /opt/src/hadoop-ozone/integration-test/target/test-dir/MiniOzoneClusterImpl-9c73d800-9759-4108-9036-1923d064ea84/datanode-4/data/ratis/bac20a34-5d1e-4dc7-a7dc-ac782f0c5ef4 has been successfully formatted.
2019-06-13 18:07:06,452 INFO  ratis.ContainerStateMachine (ContainerStateMachine.java:loadSnapshot(199)) - The snapshot info is null.Setting the last applied index to:(t:0, i:~)
2019-06-13 18:07:06,452 INFO  server.RaftServerConfigKeys (ConfUtils.java:logGet(43)) - raft.server.leader.election.timeout = 10s (custom)
2019-06-13 18:07:06,452 INFO  server.RaftServerConfigKeys (ConfUtils.java:logGet(43)) - raft.server.log.use.memory = false (default)
2019-06-13 18:07:06,452 INFO  server.RaftServerConfigKeys (ConfUtils.java:logGet(43)) - raft.server.log.appender.buffer.byte-limit = 33554432 (custom)
2019-06-13 18:07:06,452 INFO  server.RaftServerConfigKeys (ConfUtils.java:logGet(43)) - raft.server.log.segment.size.max = 16384 (custom)
2019-06-13 18:07:06,452 INFO  server.RaftServerConfigKeys (ConfUtils.java:logGet(43)) - raft.server.log.segment.cache.num.max = 2 (custom)
2019-06-13 18:07:06,452 INFO  storage.RaftLogWorker (RaftLogWorker.java:<init>(123)) - new a2f6ce85-e165-4800-85fb-f841051b517d-RaftLogWorker for Storage Directory /opt/src/hadoop-ozone/integration-test/target/test-dir/MiniOzoneClusterImpl-9c73d800-9759-4108-9036-1923d064ea84/datanode-4/data/ratis/bac20a34-5d1e-4dc7-a7dc-ac782f0c5ef4
2019-06-13 18:07:06,452 INFO  server.RaftServerConfigKeys (ConfUtils.java:logGet(43)) - raft.server.log.queue.byte-limit = 2147483647 (custom)
2019-06-13 18:07:06,453 INFO  server.RaftServerConfigKeys (ConfUtils.java:logGet(43)) - raft.server.log.queue.element-limit = 1024 (custom)
2019-06-13 18:07:06,453 INFO  server.RaftServerConfigKeys (ConfUtils.java:logGet(43)) - raft.server.log.segment.size.max = 16384 (custom)
2019-06-13 18:07:06,453 INFO  server.RaftServerConfigKeys (ConfUtils.java:logGet(43)) - raft.server.log.preallocated.size = 16384 (custom)
2019-06-13 18:07:06,453 INFO  server.RaftServerConfigKeys (ConfUtils.java:logGet(43)) - raft.server.log.write.buffer.size = 33554432 (custom)
2019-06-13 18:07:06,453 INFO  server.RaftServerConfigKeys (ConfUtils.java:logGet(43)) - raft.server.log.force.sync.num = 128 (default)
2019-06-13 18:07:06,453 INFO  server.RaftServerConfigKeys (ConfUtils.java:logGet(43)) - raft.server.log.statemachine.data.sync = true (default)
2019-06-13 18:07:06,453 INFO  server.RaftServerConfigKeys (ConfUtils.java:logGet(43)) - raft.server.log.statemachine.data.sync.timeout = 10s (default)
2019-06-13 18:07:06,453 INFO  server.RaftServerConfigKeys (ConfUtils.java:logGet(43)) - raft.server.log.statemachine.data.sync.timeout.retry = -1 (default)
2019-06-13 18:07:06,453 INFO  server.RaftServerConfigKeys (ConfUtils.java:logGet(43)) - raft.server.log.statemachine.data.caching.enabled = true (custom)
2019-06-13 18:07:06,454 INFO  server.RaftServerConfigKeys (ConfUtils.java:logGet(43)) - raft.server.snapshot.auto.trigger.enabled = true (custom)
2019-06-13 18:07:06,454 INFO  server.RaftServerConfigKeys (ConfUtils.java:logGet(43)) - raft.server.snapshot.auto.trigger.threshold = 10000 (custom)
2019-06-13 18:07:06,454 INFO  server.RaftServerConfigKeys (ConfUtils.java:logGet(43)) - raft.server.retrycache.expirytime = 600000ms (custom)
2019-06-13 18:07:06,454 INFO  impl.RaftServerImpl (RaftServerImpl.java:start(173)) - a2f6ce85-e165-4800-85fb-f841051b517d: start group-AC782F0C5EF4
2019-06-13 18:07:06,454 INFO  impl.RaftServerImpl (RaftServerImpl.java:setRole(164)) - a2f6ce85-e165-4800-85fb-f841051b517d:group-AC782F0C5EF4 changes role from null to FOLLOWER at term 0 for startAsFollower
2019-06-13 18:07:06,454 INFO  impl.RoleInfo (RoleInfo.java:updateAndGet(143)) - a2f6ce85-e165-4800-85fb-f841051b517d: start FollowerState
2019-06-13 18:07:06,455 INFO  util.JmxRegister (JmxRegister.java:tryRegister(44)) - Successfully registered JMX Bean with object name Ratis:service=RaftServer,group=group-AC782F0C5EF4,id=a2f6ce85-e165-4800-85fb-f841051b517d
2019-06-13 18:07:06,462 INFO  pipeline.PipelineStateManager (PipelineStateManager.java:addPipeline(56)) - Created pipeline Pipeline[ Id: bac20a34-5d1e-4dc7-a7dc-ac782f0c5ef4, Nodes: a2f6ce85-e165-4800-85fb-f841051b517d{ip: 192.168.11.194, host: ozone-zf9g4-1167396177, networkLocation: /default-rack, certSerialId: null}, Type:RATIS, Factor:ONE, State:OPEN]
2019-06-13 18:07:06,652 INFO  ozone.MiniOzoneClusterImpl (MiniOzoneClusterImpl.java:lambda$waitForClusterToBeReady$0(142)) - Waiting for cluster to be ready. Got 5 of 6 DN Heartbeats.
2019-06-13 18:07:06,656 INFO  node.SCMNodeManager (SCMNodeManager.java:register(234)) - Registered Data node : ad30d781-54f8-4866-93e6-60ea30277e0c{ip: 192.168.11.194, host: ozone-zf9g4-1167396177, networkLocation: /default-rack, certSerialId: null}
2019-06-13 18:07:06,669 INFO  impl.RaftServerProxy (RaftServerProxy.java:addNew(89)) - ad30d781-54f8-4866-93e6-60ea30277e0c: addNew group-D31B7DC03AC7:[ad30d781-54f8-4866-93e6-60ea30277e0c:192.168.11.194:35503] returns group-D31B7DC03AC7:java.util.concurrent.CompletableFuture@251eb732[Not completed]
2019-06-13 18:07:06,670 INFO  impl.RaftServerImpl (RaftServerImpl.java:<init>(91)) - ad30d781-54f8-4866-93e6-60ea30277e0c: new RaftServerImpl for group-D31B7DC03AC7:[ad30d781-54f8-4866-93e6-60ea30277e0c:192.168.11.194:35503] with ContainerStateMachine:uninitialized
2019-06-13 18:07:06,670 INFO  server.RaftServerConfigKeys (ConfUtils.java:logGet(43)) - raft.server.rpc.timeout.min = 1s (custom)
2019-06-13 18:07:06,670 INFO  server.RaftServerConfigKeys (ConfUtils.java:logGet(43)) - raft.server.rpc.timeout.max = 1200ms (custom)
2019-06-13 18:07:06,670 INFO  server.RaftServerConfigKeys (ConfUtils.java:logGet(43)) - raft.server.rpcslowness.timeout = 10s (custom)
2019-06-13 18:07:06,670 INFO  server.RaftServerConfigKeys (ConfUtils.java:logGet(43)) - raft.server.log.appender.install.snapshot.enabled = true (default)
2019-06-13 18:07:06,670 INFO  impl.RaftServerImpl (ServerState.java:<init>(101)) - ad30d781-54f8-4866-93e6-60ea30277e0c:group-D31B7DC03AC7 ConfigurationManager, init=-1: [ad30d781-54f8-4866-93e6-60ea30277e0c:192.168.11.194:35503], old=null, confs=<EMPTY_MAP>
2019-06-13 18:07:06,671 INFO  server.RaftServerConfigKeys (ConfUtils.java:logGet(43)) - raft.server.storage.dir = [/opt/src/hadoop-ozone/integration-test/target/test-dir/MiniOzoneClusterImpl-9c73d800-9759-4108-9036-1923d064ea84/datanode-5/data/ratis] (custom)
2019-06-13 18:07:06,671 INFO  storage.RaftStorageDirectory (RaftStorageDirectory.java:analyzeStorage(246)) - The storage directory /opt/src/hadoop-ozone/integration-test/target/test-dir/MiniOzoneClusterImpl-9c73d800-9759-4108-9036-1923d064ea84/datanode-5/data/ratis/80297e19-3516-4b81-ade8-d31b7dc03ac7 does not exist. Creating ...
2019-06-13 18:07:06,673 INFO  storage.RaftStorageDirectory (RaftStorageDirectory.java:tryLock(328)) - Lock on /opt/src/hadoop-ozone/integration-test/target/test-dir/MiniOzoneClusterImpl-9c73d800-9759-4108-9036-1923d064ea84/datanode-5/data/ratis/80297e19-3516-4b81-ade8-d31b7dc03ac7/in_use.lock acquired by nodename 10188@ozone-zf9g4-1167396177
2019-06-13 18:07:06,675 INFO  storage.RaftStorage (RaftStorage.java:format(75)) - Storage directory /opt/src/hadoop-ozone/integration-test/target/test-dir/MiniOzoneClusterImpl-9c73d800-9759-4108-9036-1923d064ea84/datanode-5/data/ratis/80297e19-3516-4b81-ade8-d31b7dc03ac7 has been successfully formatted.
2019-06-13 18:07:06,675 INFO  ratis.ContainerStateMachine (ContainerStateMachine.java:loadSnapshot(199)) - The snapshot info is null.Setting the last applied index to:(t:0, i:~)
2019-06-13 18:07:06,676 INFO  server.RaftServerConfigKeys (ConfUtils.java:logGet(43)) - raft.server.leader.election.timeout = 10s (custom)
2019-06-13 18:07:06,676 INFO  server.RaftServerConfigKeys (ConfUtils.java:logGet(43)) - raft.server.log.use.memory = false (default)
2019-06-13 18:07:06,676 INFO  server.RaftServerConfigKeys (ConfUtils.java:logGet(43)) - raft.server.log.appender.buffer.byte-limit = 33554432 (custom)
2019-06-13 18:07:06,676 INFO  server.RaftServerConfigKeys (ConfUtils.java:logGet(43)) - raft.server.log.segment.size.max = 16384 (custom)
2019-06-13 18:07:06,676 INFO  server.RaftServerConfigKeys (ConfUtils.java:logGet(43)) - raft.server.log.segment.cache.num.max = 2 (custom)
2019-06-13 18:07:06,676 INFO  storage.RaftLogWorker (RaftLogWorker.java:<init>(123)) - new ad30d781-54f8-4866-93e6-60ea30277e0c-RaftLogWorker for Storage Directory /opt/src/hadoop-ozone/integration-test/target/test-dir/MiniOzoneClusterImpl-9c73d800-9759-4108-9036-1923d064ea84/datanode-5/data/ratis/80297e19-3516-4b81-ade8-d31b7dc03ac7
2019-06-13 18:07:06,676 INFO  server.RaftServerConfigKeys (ConfUtils.java:logGet(43)) - raft.server.log.queue.byte-limit = 2147483647 (custom)
2019-06-13 18:07:06,676 INFO  server.RaftServerConfigKeys (ConfUtils.java:logGet(43)) - raft.server.log.queue.element-limit = 1024 (custom)
2019-06-13 18:07:06,676 INFO  server.RaftServerConfigKeys (ConfUtils.java:logGet(43)) - raft.server.log.segment.size.max = 16384 (custom)
2019-06-13 18:07:06,676 INFO  server.RaftServerConfigKeys (ConfUtils.java:logGet(43)) - raft.server.log.preallocated.size = 16384 (custom)
2019-06-13 18:07:06,676 INFO  server.RaftServerConfigKeys (ConfUtils.java:logGet(43)) - raft.server.log.write.buffer.size = 33554432 (custom)
2019-06-13 18:07:06,676 INFO  server.RaftServerConfigKeys (ConfUtils.java:logGet(43)) - raft.server.log.force.sync.num = 128 (default)
2019-06-13 18:07:06,677 INFO  server.RaftServerConfigKeys (ConfUtils.java:logGet(43)) - raft.server.log.statemachine.data.sync = true (default)
2019-06-13 18:07:06,677 INFO  server.RaftServerConfigKeys (ConfUtils.java:logGet(43)) - raft.server.log.statemachine.data.sync.timeout = 10s (default)
2019-06-13 18:07:06,677 INFO  server.RaftServerConfigKeys (ConfUtils.java:logGet(43)) - raft.server.log.statemachine.data.sync.timeout.retry = -1 (default)
2019-06-13 18:07:06,677 INFO  server.RaftServerConfigKeys (ConfUtils.java:logGet(43)) - raft.server.log.statemachine.data.caching.enabled = true (custom)
2019-06-13 18:07:06,677 INFO  server.RaftServerConfigKeys (ConfUtils.java:logGet(43)) - raft.server.snapshot.auto.trigger.enabled = true (custom)
2019-06-13 18:07:06,677 INFO  server.RaftServerConfigKeys (ConfUtils.java:logGet(43)) - raft.server.snapshot.auto.trigger.threshold = 10000 (custom)
2019-06-13 18:07:06,677 INFO  server.RaftServerConfigKeys (ConfUtils.java:logGet(43)) - raft.server.retrycache.expirytime = 600000ms (custom)
2019-06-13 18:07:06,678 INFO  impl.RaftServerImpl (RaftServerImpl.java:start(173)) - ad30d781-54f8-4866-93e6-60ea30277e0c: start group-D31B7DC03AC7
2019-06-13 18:07:06,678 INFO  impl.RaftServerImpl (RaftServerImpl.java:setRole(164)) - ad30d781-54f8-4866-93e6-60ea30277e0c:group-D31B7DC03AC7 changes role from null to FOLLOWER at term 0 for startAsFollower
2019-06-13 18:07:06,678 INFO  impl.RoleInfo (RoleInfo.java:updateAndGet(143)) - ad30d781-54f8-4866-93e6-60ea30277e0c: start FollowerState
2019-06-13 18:07:06,678 INFO  util.JmxRegister (JmxRegister.java:tryRegister(44)) - Successfully registered JMX Bean with object name Ratis:service=RaftServer,group=group-D31B7DC03AC7,id=ad30d781-54f8-4866-93e6-60ea30277e0c
2019-06-13 18:07:06,684 INFO  pipeline.PipelineStateManager (PipelineStateManager.java:addPipeline(56)) - Created pipeline Pipeline[ Id: 80297e19-3516-4b81-ade8-d31b7dc03ac7, Nodes: ad30d781-54f8-4866-93e6-60ea30277e0c{ip: 192.168.11.194, host: ozone-zf9g4-1167396177, networkLocation: /default-rack, certSerialId: null}, Type:RATIS, Factor:ONE, State:OPEN]
2019-06-13 18:07:06,704 INFO  impl.RaftServerProxy (RaftServerProxy.java:addNew(89)) - a2f6ce85-e165-4800-85fb-f841051b517d: addNew group-65B74912B1E5:[ad30d781-54f8-4866-93e6-60ea30277e0c:192.168.11.194:35503, a2f6ce85-e165-4800-85fb-f841051b517d:192.168.11.194:33885, 9ea7fb82-31e5-439f-a223-8e1d790a3d66:192.168.11.194:40469] returns group-65B74912B1E5:java.util.concurrent.CompletableFuture@1e158487[Not completed]
2019-06-13 18:07:06,705 INFO  impl.RaftServerImpl (RaftServerImpl.java:<init>(91)) - a2f6ce85-e165-4800-85fb-f841051b517d: new RaftServerImpl for group-65B74912B1E5:[ad30d781-54f8-4866-93e6-60ea30277e0c:192.168.11.194:35503, a2f6ce85-e165-4800-85fb-f841051b517d:192.168.11.194:33885, 9ea7fb82-31e5-439f-a223-8e1d790a3d66:192.168.11.194:40469] with ContainerStateMachine:uninitialized
2019-06-13 18:07:06,705 INFO  server.RaftServerConfigKeys (ConfUtils.java:logGet(43)) - raft.server.rpc.timeout.min = 1s (custom)
2019-06-13 18:07:06,705 INFO  server.RaftServerConfigKeys (ConfUtils.java:logGet(43)) - raft.server.rpc.timeout.max = 1200ms (custom)
2019-06-13 18:07:06,706 INFO  server.RaftServerConfigKeys (ConfUtils.java:logGet(43)) - raft.server.rpcslowness.timeout = 10s (custom)
2019-06-13 18:07:06,707 INFO  impl.RaftServerProxy (RaftServerProxy.java:addNew(89)) - ad30d781-54f8-4866-93e6-60ea30277e0c: addNew group-65B74912B1E5:[ad30d781-54f8-4866-93e6-60ea30277e0c:192.168.11.194:35503, a2f6ce85-e165-4800-85fb-f841051b517d:192.168.11.194:33885, 9ea7fb82-31e5-439f-a223-8e1d790a3d66:192.168.11.194:40469] returns group-65B74912B1E5:java.util.concurrent.CompletableFuture@1bb04e8a[Not completed]
2019-06-13 18:07:06,707 INFO  server.RaftServerConfigKeys (ConfUtils.java:logGet(43)) - raft.server.log.appender.install.snapshot.enabled = true (default)
2019-06-13 18:07:06,707 INFO  impl.RaftServerImpl (ServerState.java:<init>(101)) - a2f6ce85-e165-4800-85fb-f841051b517d:group-65B74912B1E5 ConfigurationManager, init=-1: [ad30d781-54f8-4866-93e6-60ea30277e0c:192.168.11.194:35503, a2f6ce85-e165-4800-85fb-f841051b517d:192.168.11.194:33885, 9ea7fb82-31e5-439f-a223-8e1d790a3d66:192.168.11.194:40469], old=null, confs=<EMPTY_MAP>
2019-06-13 18:07:06,707 INFO  impl.RaftServerProxy (RaftServerProxy.java:addNew(89)) - 9ea7fb82-31e5-439f-a223-8e1d790a3d66: addNew group-65B74912B1E5:[ad30d781-54f8-4866-93e6-60ea30277e0c:192.168.11.194:35503, a2f6ce85-e165-4800-85fb-f841051b517d:192.168.11.194:33885, 9ea7fb82-31e5-439f-a223-8e1d790a3d66:192.168.11.194:40469] returns group-65B74912B1E5:java.util.concurrent.CompletableFuture@1ed66304[Not completed]
2019-06-13 18:07:06,707 INFO  server.RaftServerConfigKeys (ConfUtils.java:logGet(43)) - raft.server.storage.dir = [/opt/src/hadoop-ozone/integration-test/target/test-dir/MiniOzoneClusterImpl-9c73d800-9759-4108-9036-1923d064ea84/datanode-4/data/ratis] (custom)
2019-06-13 18:07:06,707 INFO  storage.RaftStorageDirectory (RaftStorageDirectory.java:analyzeStorage(246)) - The storage directory /opt/src/hadoop-ozone/integration-test/target/test-dir/MiniOzoneClusterImpl-9c73d800-9759-4108-9036-1923d064ea84/datanode-4/data/ratis/c90f0924-0cac-4686-86d5-65b74912b1e5 does not exist. Creating ...
2019-06-13 18:07:06,708 INFO  impl.RaftServerImpl (RaftServerImpl.java:<init>(91)) - ad30d781-54f8-4866-93e6-60ea30277e0c: new RaftServerImpl for group-65B74912B1E5:[ad30d781-54f8-4866-93e6-60ea30277e0c:192.168.11.194:35503, a2f6ce85-e165-4800-85fb-f841051b517d:192.168.11.194:33885, 9ea7fb82-31e5-439f-a223-8e1d790a3d66:192.168.11.194:40469] with ContainerStateMachine:uninitialized
2019-06-13 18:07:06,708 INFO  server.RaftServerConfigKeys (ConfUtils.java:logGet(43)) - raft.server.rpc.timeout.min = 1s (custom)
2019-06-13 18:07:06,708 INFO  server.RaftServerConfigKeys (ConfUtils.java:logGet(43)) - raft.server.rpc.timeout.max = 1200ms (custom)
2019-06-13 18:07:06,708 INFO  server.RaftServerConfigKeys (ConfUtils.java:logGet(43)) - raft.server.rpcslowness.timeout = 10s (custom)
2019-06-13 18:07:06,708 INFO  server.RaftServerConfigKeys (ConfUtils.java:logGet(43)) - raft.server.log.appender.install.snapshot.enabled = true (default)
2019-06-13 18:07:06,708 INFO  impl.RaftServerImpl (RaftServerImpl.java:<init>(91)) - 9ea7fb82-31e5-439f-a223-8e1d790a3d66: new RaftServerImpl for group-65B74912B1E5:[ad30d781-54f8-4866-93e6-60ea30277e0c:192.168.11.194:35503, a2f6ce85-e165-4800-85fb-f841051b517d:192.168.11.194:33885, 9ea7fb82-31e5-439f-a223-8e1d790a3d66:192.168.11.194:40469] with ContainerStateMachine:uninitialized
2019-06-13 18:07:06,708 INFO  impl.RaftServerImpl (ServerState.java:<init>(101)) - ad30d781-54f8-4866-93e6-60ea30277e0c:group-65B74912B1E5 ConfigurationManager, init=-1: [ad30d781-54f8-4866-93e6-60ea30277e0c:192.168.11.194:35503, a2f6ce85-e165-4800-85fb-f841051b517d:192.168.11.194:33885, 9ea7fb82-31e5-439f-a223-8e1d790a3d66:192.168.11.194:40469], old=null, confs=<EMPTY_MAP>
2019-06-13 18:07:06,708 INFO  server.RaftServerConfigKeys (ConfUtils.java:logGet(43)) - raft.server.rpc.timeout.min = 1s (custom)
2019-06-13 18:07:06,708 INFO  server.RaftServerConfigKeys (ConfUtils.java:logGet(43)) - raft.server.storage.dir = [/opt/src/hadoop-ozone/integration-test/target/test-dir/MiniOzoneClusterImpl-9c73d800-9759-4108-9036-1923d064ea84/datanode-5/data/ratis] (custom)
2019-06-13 18:07:06,709 INFO  server.RaftServerConfigKeys (ConfUtils.java:logGet(43)) - raft.server.rpc.timeout.max = 1200ms (custom)
2019-06-13 18:07:06,709 INFO  server.RaftServerConfigKeys (ConfUtils.java:logGet(43)) - raft.server.rpcslowness.timeout = 10s (custom)
2019-06-13 18:07:06,709 INFO  server.RaftServerConfigKeys (ConfUtils.java:logGet(43)) - raft.server.log.appender.install.snapshot.enabled = true (default)
2019-06-13 18:07:06,709 INFO  impl.RaftServerImpl (ServerState.java:<init>(101)) - 9ea7fb82-31e5-439f-a223-8e1d790a3d66:group-65B74912B1E5 ConfigurationManager, init=-1: [ad30d781-54f8-4866-93e6-60ea30277e0c:192.168.11.194:35503, a2f6ce85-e165-4800-85fb-f841051b517d:192.168.11.194:33885, 9ea7fb82-31e5-439f-a223-8e1d790a3d66:192.168.11.194:40469], old=null, confs=<EMPTY_MAP>
2019-06-13 18:07:06,709 INFO  server.RaftServerConfigKeys (ConfUtils.java:logGet(43)) - raft.server.storage.dir = [/opt/src/hadoop-ozone/integration-test/target/test-dir/MiniOzoneClusterImpl-9c73d800-9759-4108-9036-1923d064ea84/datanode-3/data/ratis] (custom)
2019-06-13 18:07:06,709 INFO  storage.RaftStorageDirectory (RaftStorageDirectory.java:tryLock(328)) - Lock on /opt/src/hadoop-ozone/integration-test/target/test-dir/MiniOzoneClusterImpl-9c73d800-9759-4108-9036-1923d064ea84/datanode-4/data/ratis/c90f0924-0cac-4686-86d5-65b74912b1e5/in_use.lock acquired by nodename 10188@ozone-zf9g4-1167396177
2019-06-13 18:07:06,709 INFO  storage.RaftStorageDirectory (RaftStorageDirectory.java:analyzeStorage(246)) - The storage directory /opt/src/hadoop-ozone/integration-test/target/test-dir/MiniOzoneClusterImpl-9c73d800-9759-4108-9036-1923d064ea84/datanode-3/data/ratis/c90f0924-0cac-4686-86d5-65b74912b1e5 does not exist. Creating ...
2019-06-13 18:07:06,709 INFO  storage.RaftStorageDirectory (RaftStorageDirectory.java:analyzeStorage(246)) - The storage directory /opt/src/hadoop-ozone/integration-test/target/test-dir/MiniOzoneClusterImpl-9c73d800-9759-4108-9036-1923d064ea84/datanode-5/data/ratis/c90f0924-0cac-4686-86d5-65b74912b1e5 does not exist. Creating ...
2019-06-13 18:07:06,774 INFO  storage.RaftStorageDirectory (RaftStorageDirectory.java:tryLock(328)) - Lock on /opt/src/hadoop-ozone/integration-test/target/test-dir/MiniOzoneClusterImpl-9c73d800-9759-4108-9036-1923d064ea84/datanode-3/data/ratis/c90f0924-0cac-4686-86d5-65b74912b1e5/in_use.lock acquired by nodename 10188@ozone-zf9g4-1167396177
2019-06-13 18:07:06,774 INFO  storage.RaftStorage (RaftStorage.java:format(75)) - Storage directory /opt/src/hadoop-ozone/integration-test/target/test-dir/MiniOzoneClusterImpl-9c73d800-9759-4108-9036-1923d064ea84/datanode-4/data/ratis/c90f0924-0cac-4686-86d5-65b74912b1e5 has been successfully formatted.
2019-06-13 18:07:06,774 INFO  storage.RaftStorageDirectory (RaftStorageDirectory.java:tryLock(328)) - Lock on /opt/src/hadoop-ozone/integration-test/target/test-dir/MiniOzoneClusterImpl-9c73d800-9759-4108-9036-1923d064ea84/datanode-5/data/ratis/c90f0924-0cac-4686-86d5-65b74912b1e5/in_use.lock acquired by nodename 10188@ozone-zf9g4-1167396177
2019-06-13 18:07:06,775 INFO  ratis.ContainerStateMachine (ContainerStateMachine.java:loadSnapshot(199)) - The snapshot info is null.Setting the last applied index to:(t:0, i:~)
2019-06-13 18:07:06,775 INFO  server.RaftServerConfigKeys (ConfUtils.java:logGet(43)) - raft.server.leader.election.timeout = 10s (custom)
2019-06-13 18:07:06,775 INFO  server.RaftServerConfigKeys (ConfUtils.java:logGet(43)) - raft.server.log.use.memory = false (default)
2019-06-13 18:07:06,775 INFO  server.RaftServerConfigKeys (ConfUtils.java:logGet(43)) - raft.server.log.appender.buffer.byte-limit = 33554432 (custom)
2019-06-13 18:07:06,775 INFO  server.RaftServerConfigKeys (ConfUtils.java:logGet(43)) - raft.server.log.segment.size.max = 16384 (custom)
2019-06-13 18:07:06,775 INFO  server.RaftServerConfigKeys (ConfUtils.java:logGet(43)) - raft.server.log.segment.cache.num.max = 2 (custom)
2019-06-13 18:07:06,775 INFO  storage.RaftLogWorker (RaftLogWorker.java:<init>(123)) - new a2f6ce85-e165-4800-85fb-f841051b517d-RaftLogWorker for Storage Directory /opt/src/hadoop-ozone/integration-test/target/test-dir/MiniOzoneClusterImpl-9c73d800-9759-4108-9036-1923d064ea84/datanode-4/data/ratis/c90f0924-0cac-4686-86d5-65b74912b1e5
2019-06-13 18:07:06,776 INFO  server.RaftServerConfigKeys (ConfUtils.java:logGet(43)) - raft.server.log.queue.byte-limit = 2147483647 (custom)
2019-06-13 18:07:06,776 INFO  server.RaftServerConfigKeys (ConfUtils.java:logGet(43)) - raft.server.log.queue.element-limit = 1024 (custom)
2019-06-13 18:07:06,776 INFO  server.RaftServerConfigKeys (ConfUtils.java:logGet(43)) - raft.server.log.segment.size.max = 16384 (custom)
2019-06-13 18:07:06,776 INFO  server.RaftServerConfigKeys (ConfUtils.java:logGet(43)) - raft.server.log.preallocated.size = 16384 (custom)
2019-06-13 18:07:06,776 INFO  server.RaftServerConfigKeys (ConfUtils.java:logGet(43)) - raft.server.log.write.buffer.size = 33554432 (custom)
2019-06-13 18:07:06,776 INFO  server.RaftServerConfigKeys (ConfUtils.java:logGet(43)) - raft.server.log.force.sync.num = 128 (default)
2019-06-13 18:07:06,776 INFO  server.RaftServerConfigKeys (ConfUtils.java:logGet(43)) - raft.server.log.statemachine.data.sync = true (default)
2019-06-13 18:07:06,776 INFO  server.RaftServerConfigKeys (ConfUtils.java:logGet(43)) - raft.server.log.statemachine.data.sync.timeout = 10s (default)
2019-06-13 18:07:06,776 INFO  server.RaftServerConfigKeys (ConfUtils.java:logGet(43)) - raft.server.log.statemachine.data.sync.timeout.retry = -1 (default)
2019-06-13 18:07:06,776 INFO  server.RaftServerConfigKeys (ConfUtils.java:logGet(43)) - raft.server.log.statemachine.data.caching.enabled = true (custom)
2019-06-13 18:07:06,777 INFO  server.RaftServerConfigKeys (ConfUtils.java:logGet(43)) - raft.server.snapshot.auto.trigger.enabled = true (custom)
2019-06-13 18:07:06,777 INFO  server.RaftServerConfigKeys (ConfUtils.java:logGet(43)) - raft.server.snapshot.auto.trigger.threshold = 10000 (custom)
2019-06-13 18:07:06,777 INFO  storage.RaftStorage (RaftStorage.java:format(75)) - Storage directory /opt/src/hadoop-ozone/integration-test/target/test-dir/MiniOzoneClusterImpl-9c73d800-9759-4108-9036-1923d064ea84/datanode-5/data/ratis/c90f0924-0cac-4686-86d5-65b74912b1e5 has been successfully formatted.
2019-06-13 18:07:06,777 INFO  server.RaftServerConfigKeys (ConfUtils.java:logGet(43)) - raft.server.retrycache.expirytime = 600000ms (custom)
2019-06-13 18:07:06,777 INFO  storage.RaftStorage (RaftStorage.java:format(75)) - Storage directory /opt/src/hadoop-ozone/integration-test/target/test-dir/MiniOzoneClusterImpl-9c73d800-9759-4108-9036-1923d064ea84/datanode-3/data/ratis/c90f0924-0cac-4686-86d5-65b74912b1e5 has been successfully formatted.
2019-06-13 18:07:06,777 INFO  impl.RaftServerImpl (RaftServerImpl.java:start(173)) - a2f6ce85-e165-4800-85fb-f841051b517d: start group-65B74912B1E5
2019-06-13 18:07:06,777 INFO  ratis.ContainerStateMachine (ContainerStateMachine.java:loadSnapshot(199)) - The snapshot info is null.Setting the last applied index to:(t:0, i:~)
2019-06-13 18:07:06,777 INFO  impl.RaftServerImpl (RaftServerImpl.java:setRole(164)) - a2f6ce85-e165-4800-85fb-f841051b517d:group-65B74912B1E5 changes role from null to FOLLOWER at term 0 for startAsFollower
2019-06-13 18:07:06,777 INFO  ratis.ContainerStateMachine (ContainerStateMachine.java:loadSnapshot(199)) - The snapshot info is null.Setting the last applied index to:(t:0, i:~)
2019-06-13 18:07:06,778 INFO  impl.RoleInfo (RoleInfo.java:updateAndGet(143)) - a2f6ce85-e165-4800-85fb-f841051b517d: start FollowerState
2019-06-13 18:07:06,777 INFO  server.RaftServerConfigKeys (ConfUtils.java:logGet(43)) - raft.server.leader.election.timeout = 10s (custom)
2019-06-13 18:07:06,778 INFO  server.RaftServerConfigKeys (ConfUtils.java:logGet(43)) - raft.server.leader.election.timeout = 10s (custom)
2019-06-13 18:07:06,778 INFO  server.RaftServerConfigKeys (ConfUtils.java:logGet(43)) - raft.server.log.use.memory = false (default)
2019-06-13 18:07:06,778 INFO  server.RaftServerConfigKeys (ConfUtils.java:logGet(43)) - raft.server.log.use.memory = false (default)
2019-06-13 18:07:06,778 INFO  server.RaftServerConfigKeys (ConfUtils.java:logGet(43)) - raft.server.log.appender.buffer.byte-limit = 33554432 (custom)
2019-06-13 18:07:06,778 INFO  server.RaftServerConfigKeys (ConfUtils.java:logGet(43)) - raft.server.log.appender.buffer.byte-limit = 33554432 (custom)
2019-06-13 18:07:06,778 INFO  server.RaftServerConfigKeys (ConfUtils.java:logGet(43)) - raft.server.log.segment.size.max = 16384 (custom)
2019-06-13 18:07:06,778 INFO  server.RaftServerConfigKeys (ConfUtils.java:logGet(43)) - raft.server.log.segment.size.max = 16384 (custom)
2019-06-13 18:07:06,778 INFO  server.RaftServerConfigKeys (ConfUtils.java:logGet(43)) - raft.server.log.segment.cache.num.max = 2 (custom)
2019-06-13 18:07:06,779 INFO  server.RaftServerConfigKeys (ConfUtils.java:logGet(43)) - raft.server.log.segment.cache.num.max = 2 (custom)
2019-06-13 18:07:06,779 INFO  storage.RaftLogWorker (RaftLogWorker.java:<init>(123)) - new ad30d781-54f8-4866-93e6-60ea30277e0c-RaftLogWorker for Storage Directory /opt/src/hadoop-ozone/integration-test/target/test-dir/MiniOzoneClusterImpl-9c73d800-9759-4108-9036-1923d064ea84/datanode-5/data/ratis/c90f0924-0cac-4686-86d5-65b74912b1e5
2019-06-13 18:07:06,779 INFO  storage.RaftLogWorker (RaftLogWorker.java:<init>(123)) - new 9ea7fb82-31e5-439f-a223-8e1d790a3d66-RaftLogWorker for Storage Directory /opt/src/hadoop-ozone/integration-test/target/test-dir/MiniOzoneClusterImpl-9c73d800-9759-4108-9036-1923d064ea84/datanode-3/data/ratis/c90f0924-0cac-4686-86d5-65b74912b1e5
2019-06-13 18:07:06,779 INFO  server.RaftServerConfigKeys (ConfUtils.java:logGet(43)) - raft.server.log.queue.byte-limit = 2147483647 (custom)
2019-06-13 18:07:06,779 INFO  server.RaftServerConfigKeys (ConfUtils.java:logGet(43)) - raft.server.log.queue.byte-limit = 2147483647 (custom)
2019-06-13 18:07:06,779 INFO  server.RaftServerConfigKeys (ConfUtils.java:logGet(43)) - raft.server.log.queue.element-limit = 1024 (custom)
2019-06-13 18:07:06,779 INFO  server.RaftServerConfigKeys (ConfUtils.java:logGet(43)) - raft.server.log.queue.element-limit = 1024 (custom)
2019-06-13 18:07:06,779 INFO  server.RaftServerConfigKeys (ConfUtils.java:logGet(43)) - raft.server.log.segment.size.max = 16384 (custom)
2019-06-13 18:07:06,779 INFO  server.RaftServerConfigKeys (ConfUtils.java:logGet(43)) - raft.server.log.segment.size.max = 16384 (custom)
2019-06-13 18:07:06,779 INFO  server.RaftServerConfigKeys (ConfUtils.java:logGet(43)) - raft.server.log.preallocated.size = 16384 (custom)
2019-06-13 18:07:06,779 INFO  util.JmxRegister (JmxRegister.java:tryRegister(44)) - Successfully registered JMX Bean with object name Ratis:service=RaftServer,group=group-65B74912B1E5,id=a2f6ce85-e165-4800-85fb-f841051b517d
2019-06-13 18:07:06,779 INFO  server.RaftServerConfigKeys (ConfUtils.java:logGet(43)) - raft.server.log.write.buffer.size = 33554432 (custom)
2019-06-13 18:07:06,780 INFO  server.RaftServerConfigKeys (ConfUtils.java:logGet(43)) - raft.server.log.force.sync.num = 128 (default)
2019-06-13 18:07:06,780 INFO  server.RaftServerConfigKeys (ConfUtils.java:logGet(43)) - raft.server.log.statemachine.data.sync = true (default)
2019-06-13 18:07:06,780 INFO  server.RaftServerConfigKeys (ConfUtils.java:logGet(43)) - raft.server.log.statemachine.data.sync.timeout = 10s (default)
2019-06-13 18:07:06,780 INFO  server.RaftServerConfigKeys (ConfUtils.java:logGet(43)) - raft.server.log.statemachine.data.sync.timeout.retry = -1 (default)
2019-06-13 18:07:06,780 INFO  server.RaftServerConfigKeys (ConfUtils.java:logGet(43)) - raft.server.log.statemachine.data.caching.enabled = true (custom)
2019-06-13 18:07:06,779 INFO  server.RaftServerConfigKeys (ConfUtils.java:logGet(43)) - raft.server.log.preallocated.size = 16384 (custom)
2019-06-13 18:07:06,780 INFO  server.RaftServerConfigKeys (ConfUtils.java:logGet(43)) - raft.server.log.write.buffer.size = 33554432 (custom)
2019-06-13 18:07:06,781 INFO  server.RaftServerConfigKeys (ConfUtils.java:logGet(43)) - raft.server.log.force.sync.num = 128 (default)
2019-06-13 18:07:06,781 INFO  server.RaftServerConfigKeys (ConfUtils.java:logGet(43)) - raft.server.log.statemachine.data.sync = true (default)
2019-06-13 18:07:06,781 INFO  server.RaftServerConfigKeys (ConfUtils.java:logGet(43)) - raft.server.log.statemachine.data.sync.timeout = 10s (default)
2019-06-13 18:07:06,781 INFO  server.RaftServerConfigKeys (ConfUtils.java:logGet(43)) - raft.server.log.statemachine.data.sync.timeout.retry = -1 (default)
2019-06-13 18:07:06,783 INFO  server.RaftServerConfigKeys (ConfUtils.java:logGet(43)) - raft.server.log.statemachine.data.caching.enabled = true (custom)
2019-06-13 18:07:06,783 INFO  server.RaftServerConfigKeys (ConfUtils.java:logGet(43)) - raft.server.snapshot.auto.trigger.enabled = true (custom)
2019-06-13 18:07:06,783 INFO  server.RaftServerConfigKeys (ConfUtils.java:logGet(43)) - raft.server.snapshot.auto.trigger.threshold = 10000 (custom)
2019-06-13 18:07:06,785 INFO  server.RaftServerConfigKeys (ConfUtils.java:logGet(43)) - raft.server.snapshot.auto.trigger.enabled = true (custom)
2019-06-13 18:07:06,785 INFO  server.RaftServerConfigKeys (ConfUtils.java:logGet(43)) - raft.server.snapshot.auto.trigger.threshold = 10000 (custom)
2019-06-13 18:07:06,785 INFO  server.RaftServerConfigKeys (ConfUtils.java:logGet(43)) - raft.server.retrycache.expirytime = 600000ms (custom)
2019-06-13 18:07:06,785 INFO  server.RaftServerConfigKeys (ConfUtils.java:logGet(43)) - raft.server.retrycache.expirytime = 600000ms (custom)
2019-06-13 18:07:06,785 INFO  impl.RaftServerImpl (RaftServerImpl.java:start(173)) - 9ea7fb82-31e5-439f-a223-8e1d790a3d66: start group-65B74912B1E5
2019-06-13 18:07:06,785 INFO  impl.RaftServerImpl (RaftServerImpl.java:setRole(164)) - 9ea7fb82-31e5-439f-a223-8e1d790a3d66:group-65B74912B1E5 changes role from null to FOLLOWER at term 0 for startAsFollower
2019-06-13 18:07:06,786 INFO  impl.RoleInfo (RoleInfo.java:updateAndGet(143)) - 9ea7fb82-31e5-439f-a223-8e1d790a3d66: start FollowerState
2019-06-13 18:07:06,785 INFO  impl.RaftServerImpl (RaftServerImpl.java:start(173)) - ad30d781-54f8-4866-93e6-60ea30277e0c: start group-65B74912B1E5
2019-06-13 18:07:06,786 INFO  impl.RaftServerImpl (RaftServerImpl.java:setRole(164)) - ad30d781-54f8-4866-93e6-60ea30277e0c:group-65B74912B1E5 changes role from null to FOLLOWER at term 0 for startAsFollower
2019-06-13 18:07:06,786 INFO  impl.RoleInfo (RoleInfo.java:updateAndGet(143)) - ad30d781-54f8-4866-93e6-60ea30277e0c: start FollowerState
2019-06-13 18:07:06,786 INFO  util.JmxRegister (JmxRegister.java:tryRegister(44)) - Successfully registered JMX Bean with object name Ratis:service=RaftServer,group=group-65B74912B1E5,id=9ea7fb82-31e5-439f-a223-8e1d790a3d66
2019-06-13 18:07:06,789 INFO  util.JmxRegister (JmxRegister.java:tryRegister(44)) - Successfully registered JMX Bean with object name Ratis:service=RaftServer,group=group-65B74912B1E5,id=ad30d781-54f8-4866-93e6-60ea30277e0c
2019-06-13 18:07:06,802 INFO  pipeline.PipelineStateManager (PipelineStateManager.java:addPipeline(56)) - Created pipeline Pipeline[ Id: c90f0924-0cac-4686-86d5-65b74912b1e5, Nodes: ad30d781-54f8-4866-93e6-60ea30277e0c{ip: 192.168.11.194, host: ozone-zf9g4-1167396177, networkLocation: /default-rack, certSerialId: null}a2f6ce85-e165-4800-85fb-f841051b517d{ip: 192.168.11.194, host: ozone-zf9g4-1167396177, networkLocation: /default-rack, certSerialId: null}9ea7fb82-31e5-439f-a223-8e1d790a3d66{ip: 192.168.11.194, host: ozone-zf9g4-1167396177, networkLocation: /default-rack, certSerialId: null}, Type:RATIS, Factor:THREE, State:OPEN]
2019-06-13 18:07:07,212 INFO  impl.FollowerState (FollowerState.java:run(101)) - ecb16d35-a0a8-4c23-a62b-5cca4ab6f3a4:group-EC1514213E52 changes to CANDIDATE, lastRpcTime:1054, electionTimeout:1054ms
2019-06-13 18:07:07,212 INFO  impl.RoleInfo (RoleInfo.java:shutdownFollowerState(121)) - ecb16d35-a0a8-4c23-a62b-5cca4ab6f3a4: shutdown FollowerState
2019-06-13 18:07:07,213 INFO  impl.RaftServerImpl (RaftServerImpl.java:setRole(164)) - ecb16d35-a0a8-4c23-a62b-5cca4ab6f3a4:group-EC1514213E52 changes role from FOLLOWER to CANDIDATE at term 0 for changeToCandidate
2019-06-13 18:07:07,214 INFO  impl.RoleInfo (RoleInfo.java:updateAndGet(143)) - ecb16d35-a0a8-4c23-a62b-5cca4ab6f3a4: start LeaderElection
2019-06-13 18:07:07,220 INFO  impl.LeaderElection (LeaderElection.java:askForVotes(181)) - ecb16d35-a0a8-4c23-a62b-5cca4ab6f3a4:group-EC1514213E52:LeaderElection1: begin an election at term 1 for -1: [ecb16d35-a0a8-4c23-a62b-5cca4ab6f3a4:192.168.11.194:37953], old=null
2019-06-13 18:07:07,222 INFO  impl.RoleInfo (RoleInfo.java:shutdownLeaderElection(134)) - ecb16d35-a0a8-4c23-a62b-5cca4ab6f3a4: shutdown LeaderElection
2019-06-13 18:07:07,222 INFO  impl.RaftServerImpl (RaftServerImpl.java:setRole(164)) - ecb16d35-a0a8-4c23-a62b-5cca4ab6f3a4:group-EC1514213E52 changes role from CANDIDATE to LEADER at term 1 for changeToLeader
2019-06-13 18:07:07,222 INFO  impl.RaftServerImpl (ServerState.java:setLeader(263)) - ecb16d35-a0a8-4c23-a62b-5cca4ab6f3a4:group-EC1514213E52 change Leader from null to ecb16d35-a0a8-4c23-a62b-5cca4ab6f3a4 at term 1 for becomeLeader, leader elected after 1227ms
2019-06-13 18:07:07,226 INFO  server.RaftServerConfigKeys (ConfUtils.java:logGet(43)) - raft.server.staging.catchup.gap = 1000 (default)
2019-06-13 18:07:07,226 INFO  server.RaftServerConfigKeys (ConfUtils.java:logGet(43)) - raft.server.rpc.sleep.time = 25ms (default)
2019-06-13 18:07:07,228 INFO  server.RaftServerConfigKeys (ConfUtils.java:logGet(43)) - raft.server.watch.timeout = 10s (default)
2019-06-13 18:07:07,228 INFO  server.RaftServerConfigKeys (ConfUtils.java:logGet(43)) - raft.server.watch.timeout.denomination = 1s (default)
2019-06-13 18:07:07,233 INFO  impl.RoleInfo (RoleInfo.java:updateAndGet(143)) - ecb16d35-a0a8-4c23-a62b-5cca4ab6f3a4: start LeaderState
2019-06-13 18:07:07,246 INFO  storage.RaftLogWorker (RaftLogWorker.java:startLogSegment(298)) - ecb16d35-a0a8-4c23-a62b-5cca4ab6f3a4-RaftLogWorker: Starting segment from index:0
2019-06-13 18:07:07,252 INFO  impl.RaftServerImpl (ServerState.java:setRaftConf(361)) - ecb16d35-a0a8-4c23-a62b-5cca4ab6f3a4:group-EC1514213E52 set configuration 0: [ecb16d35-a0a8-4c23-a62b-5cca4ab6f3a4:192.168.11.194:37953], old=null at 0
2019-06-13 18:07:07,352 INFO  impl.FollowerState (FollowerState.java:run(101)) - 7402ced3-2011-40c3-943f-eb356777966d:group-C1D159E05F31 changes to CANDIDATE, lastRpcTime:1119, electionTimeout:1118ms
2019-06-13 18:07:07,359 INFO  impl.RoleInfo (RoleInfo.java:shutdownFollowerState(121)) - 7402ced3-2011-40c3-943f-eb356777966d: shutdown FollowerState
2019-06-13 18:07:07,359 INFO  impl.RaftServerImpl (RaftServerImpl.java:setRole(164)) - 7402ced3-2011-40c3-943f-eb356777966d:group-C1D159E05F31 changes role from FOLLOWER to CANDIDATE at term 0 for changeToCandidate
2019-06-13 18:07:07,360 INFO  impl.RoleInfo (RoleInfo.java:updateAndGet(143)) - 7402ced3-2011-40c3-943f-eb356777966d: start LeaderElection
2019-06-13 18:07:07,382 INFO  impl.LeaderElection (LeaderElection.java:askForVotes(181)) - 7402ced3-2011-40c3-943f-eb356777966d:group-C1D159E05F31:LeaderElection2: begin an election at term 1 for -1: [7402ced3-2011-40c3-943f-eb356777966d:192.168.11.194:41643], old=null
2019-06-13 18:07:07,383 INFO  impl.RoleInfo (RoleInfo.java:shutdownLeaderElection(134)) - 7402ced3-2011-40c3-943f-eb356777966d: shutdown LeaderElection
2019-06-13 18:07:07,383 INFO  impl.RaftServerImpl (RaftServerImpl.java:setRole(164)) - 7402ced3-2011-40c3-943f-eb356777966d:group-C1D159E05F31 changes role from CANDIDATE to LEADER at term 1 for changeToLeader
2019-06-13 18:07:07,383 INFO  impl.RaftServerImpl (ServerState.java:setLeader(263)) - 7402ced3-2011-40c3-943f-eb356777966d:group-C1D159E05F31 change Leader from null to 7402ced3-2011-40c3-943f-eb356777966d at term 1 for becomeLeader, leader elected after 1153ms
2019-06-13 18:07:07,384 INFO  server.RaftServerConfigKeys (ConfUtils.java:logGet(43)) - raft.server.staging.catchup.gap = 1000 (default)
2019-06-13 18:07:07,384 INFO  server.RaftServerConfigKeys (ConfUtils.java:logGet(43)) - raft.server.rpc.sleep.time = 25ms (default)
2019-06-13 18:07:07,384 INFO  server.RaftServerConfigKeys (ConfUtils.java:logGet(43)) - raft.server.watch.timeout = 10s (default)
2019-06-13 18:07:07,384 INFO  server.RaftServerConfigKeys (ConfUtils.java:logGet(43)) - raft.server.watch.timeout.denomination = 1s (default)
2019-06-13 18:07:07,384 INFO  impl.RoleInfo (RoleInfo.java:updateAndGet(143)) - 7402ced3-2011-40c3-943f-eb356777966d: start LeaderState
2019-06-13 18:07:07,384 INFO  storage.RaftLogWorker (RaftLogWorker.java:startLogSegment(298)) - 7402ced3-2011-40c3-943f-eb356777966d-RaftLogWorker: Starting segment from index:0
2019-06-13 18:07:07,384 INFO  impl.RaftServerImpl (ServerState.java:setRaftConf(361)) - 7402ced3-2011-40c3-943f-eb356777966d:group-C1D159E05F31 set configuration 0: [7402ced3-2011-40c3-943f-eb356777966d:192.168.11.194:41643], old=null at 0
2019-06-13 18:07:07,402 INFO  impl.FollowerState (FollowerState.java:run(101)) - ecb16d35-a0a8-4c23-a62b-5cca4ab6f3a4:group-CEC86118E41B changes to CANDIDATE, lastRpcTime:1014, electionTimeout:1008ms
2019-06-13 18:07:07,402 INFO  storage.RaftLogWorker (RaftLogWorker.java:execute(469)) - ecb16d35-a0a8-4c23-a62b-5cca4ab6f3a4-RaftLogWorker: created new log segment /opt/src/hadoop-ozone/integration-test/target/test-dir/MiniOzoneClusterImpl-9c73d800-9759-4108-9036-1923d064ea84/datanode-0/data/ratis/d3a0b98d-6113-42f7-b56c-ec1514213e52/current/log_inprogress_0
2019-06-13 18:07:07,402 INFO  impl.RoleInfo (RoleInfo.java:shutdownFollowerState(121)) - ecb16d35-a0a8-4c23-a62b-5cca4ab6f3a4: shutdown FollowerState
2019-06-13 18:07:07,403 INFO  impl.RaftServerImpl (RaftServerImpl.java:setRole(164)) - ecb16d35-a0a8-4c23-a62b-5cca4ab6f3a4:group-CEC86118E41B changes role from FOLLOWER to CANDIDATE at term 0 for changeToCandidate
2019-06-13 18:07:07,403 INFO  impl.RoleInfo (RoleInfo.java:updateAndGet(143)) - ecb16d35-a0a8-4c23-a62b-5cca4ab6f3a4: start LeaderElection
2019-06-13 18:07:07,422 INFO  impl.FollowerState (FollowerState.java:run(101)) - 9ea7fb82-31e5-439f-a223-8e1d790a3d66:group-A200BA6420CA changes to CANDIDATE, lastRpcTime:1095, electionTimeout:1087ms
2019-06-13 18:07:07,422 INFO  impl.RoleInfo (RoleInfo.java:shutdownFollowerState(121)) - 9ea7fb82-31e5-439f-a223-8e1d790a3d66: shutdown FollowerState
2019-06-13 18:07:07,422 INFO  impl.RaftServerImpl (RaftServerImpl.java:setRole(164)) - 9ea7fb82-31e5-439f-a223-8e1d790a3d66:group-A200BA6420CA changes role from FOLLOWER to CANDIDATE at term 0 for changeToCandidate
2019-06-13 18:07:07,422 INFO  impl.RoleInfo (RoleInfo.java:updateAndGet(143)) - 9ea7fb82-31e5-439f-a223-8e1d790a3d66: start LeaderElection
2019-06-13 18:07:07,422 INFO  impl.FollowerState (FollowerState.java:run(101)) - d95826b2-41f2-495b-8aa3-ace05a2ab2a2:group-708288842CEA changes to CANDIDATE, lastRpcTime:1128, electionTimeout:1127ms
2019-06-13 18:07:07,424 INFO  impl.RoleInfo (RoleInfo.java:shutdownFollowerState(121)) - d95826b2-41f2-495b-8aa3-ace05a2ab2a2: shutdown FollowerState
2019-06-13 18:07:07,425 INFO  storage.RaftLogWorker (RaftLogWorker.java:execute(469)) - 7402ced3-2011-40c3-943f-eb356777966d-RaftLogWorker: created new log segment /opt/src/hadoop-ozone/integration-test/target/test-dir/MiniOzoneClusterImpl-9c73d800-9759-4108-9036-1923d064ea84/datanode-2/data/ratis/29aaba4e-46da-4f2f-a45b-c1d159e05f31/current/log_inprogress_0
2019-06-13 18:07:07,425 INFO  impl.RaftServerImpl (RaftServerImpl.java:setRole(164)) - d95826b2-41f2-495b-8aa3-ace05a2ab2a2:group-708288842CEA changes role from FOLLOWER to CANDIDATE at term 0 for changeToCandidate
2019-06-13 18:07:07,425 INFO  impl.RoleInfo (RoleInfo.java:updateAndGet(143)) - d95826b2-41f2-495b-8aa3-ace05a2ab2a2: start LeaderElection
2019-06-13 18:07:07,428 INFO  impl.LeaderElection (LeaderElection.java:askForVotes(181)) - 9ea7fb82-31e5-439f-a223-8e1d790a3d66:group-A200BA6420CA:LeaderElection4: begin an election at term 1 for -1: [9ea7fb82-31e5-439f-a223-8e1d790a3d66:192.168.11.194:40469], old=null
2019-06-13 18:07:07,428 INFO  impl.RoleInfo (RoleInfo.java:shutdownLeaderElection(134)) - 9ea7fb82-31e5-439f-a223-8e1d790a3d66: shutdown LeaderElection
2019-06-13 18:07:07,428 INFO  impl.RaftServerImpl (RaftServerImpl.java:setRole(164)) - 9ea7fb82-31e5-439f-a223-8e1d790a3d66:group-A200BA6420CA changes role from CANDIDATE to LEADER at term 1 for changeToLeader
2019-06-13 18:07:07,428 INFO  impl.RaftServerImpl (ServerState.java:setLeader(263)) - 9ea7fb82-31e5-439f-a223-8e1d790a3d66:group-A200BA6420CA change Leader from null to 9ea7fb82-31e5-439f-a223-8e1d790a3d66 at term 1 for becomeLeader, leader elected after 1105ms
2019-06-13 18:07:07,428 INFO  impl.LeaderElection (LeaderElection.java:askForVotes(181)) - ecb16d35-a0a8-4c23-a62b-5cca4ab6f3a4:group-CEC86118E41B:LeaderElection3: begin an election at term 1 for -1: [ecb16d35-a0a8-4c23-a62b-5cca4ab6f3a4:192.168.11.194:37953, 7402ced3-2011-40c3-943f-eb356777966d:192.168.11.194:41643, d95826b2-41f2-495b-8aa3-ace05a2ab2a2:192.168.11.194:35991], old=null
2019-06-13 18:07:07,429 INFO  server.RaftServerConfigKeys (ConfUtils.java:logGet(43)) - raft.server.staging.catchup.gap = 1000 (default)
2019-06-13 18:07:07,429 INFO  server.RaftServerConfigKeys (ConfUtils.java:logGet(43)) - raft.server.rpc.sleep.time = 25ms (default)
2019-06-13 18:07:07,429 INFO  server.RaftServerConfigKeys (ConfUtils.java:logGet(43)) - raft.server.watch.timeout = 10s (default)
2019-06-13 18:07:07,429 INFO  server.RaftServerConfigKeys (ConfUtils.java:logGet(43)) - raft.server.watch.timeout.denomination = 1s (default)
2019-06-13 18:07:07,430 INFO  impl.RoleInfo (RoleInfo.java:updateAndGet(143)) - 9ea7fb82-31e5-439f-a223-8e1d790a3d66: start LeaderState
2019-06-13 18:07:07,430 INFO  storage.RaftLogWorker (RaftLogWorker.java:startLogSegment(298)) - 9ea7fb82-31e5-439f-a223-8e1d790a3d66-RaftLogWorker: Starting segment from index:0
2019-06-13 18:07:07,435 INFO  impl.RaftServerImpl (ServerState.java:setRaftConf(361)) - 9ea7fb82-31e5-439f-a223-8e1d790a3d66:group-A200BA6420CA set configuration 0: [9ea7fb82-31e5-439f-a223-8e1d790a3d66:192.168.11.194:40469], old=null at 0
2019-06-13 18:07:07,467 INFO  impl.LeaderElection (LeaderElection.java:askForVotes(181)) - d95826b2-41f2-495b-8aa3-ace05a2ab2a2:group-708288842CEA:LeaderElection5: begin an election at term 1 for -1: [d95826b2-41f2-495b-8aa3-ace05a2ab2a2:192.168.11.194:35991], old=null
2019-06-13 18:07:07,468 INFO  impl.RoleInfo (RoleInfo.java:shutdownLeaderElection(134)) - d95826b2-41f2-495b-8aa3-ace05a2ab2a2: shutdown LeaderElection
2019-06-13 18:07:07,468 INFO  impl.RaftServerImpl (RaftServerImpl.java:setRole(164)) - d95826b2-41f2-495b-8aa3-ace05a2ab2a2:group-708288842CEA changes role from CANDIDATE to LEADER at term 1 for changeToLeader
2019-06-13 18:07:07,468 INFO  impl.RaftServerImpl (ServerState.java:setLeader(263)) - d95826b2-41f2-495b-8aa3-ace05a2ab2a2:group-708288842CEA change Leader from null to d95826b2-41f2-495b-8aa3-ace05a2ab2a2 at term 1 for becomeLeader, leader elected after 1177ms
2019-06-13 18:07:07,469 INFO  server.RaftServerConfigKeys (ConfUtils.java:logGet(43)) - raft.server.staging.catchup.gap = 1000 (default)
2019-06-13 18:07:07,469 INFO  server.RaftServerConfigKeys (ConfUtils.java:logGet(43)) - raft.server.rpc.sleep.time = 25ms (default)
2019-06-13 18:07:07,470 INFO  storage.RaftLogWorker (RaftLogWorker.java:execute(469)) - 9ea7fb82-31e5-439f-a223-8e1d790a3d66-RaftLogWorker: created new log segment /opt/src/hadoop-ozone/integration-test/target/test-dir/MiniOzoneClusterImpl-9c73d800-9759-4108-9036-1923d064ea84/datanode-3/data/ratis/ab50ccf2-c81b-4310-a9d4-a200ba6420ca/current/log_inprogress_0
2019-06-13 18:07:07,471 INFO  server.RaftServerConfigKeys (ConfUtils.java:logGet(43)) - raft.server.watch.timeout = 10s (default)
2019-06-13 18:07:07,471 INFO  server.RaftServerConfigKeys (ConfUtils.java:logGet(43)) - raft.server.watch.timeout.denomination = 1s (default)
2019-06-13 18:07:07,472 INFO  impl.RoleInfo (RoleInfo.java:updateAndGet(143)) - d95826b2-41f2-495b-8aa3-ace05a2ab2a2: start LeaderState
2019-06-13 18:07:07,472 INFO  storage.RaftLogWorker (RaftLogWorker.java:startLogSegment(298)) - d95826b2-41f2-495b-8aa3-ace05a2ab2a2-RaftLogWorker: Starting segment from index:0
2019-06-13 18:07:07,500 INFO  impl.RaftServerImpl (ServerState.java:setRaftConf(361)) - d95826b2-41f2-495b-8aa3-ace05a2ab2a2:group-708288842CEA set configuration 0: [d95826b2-41f2-495b-8aa3-ace05a2ab2a2:192.168.11.194:35991], old=null at 0
2019-06-13 18:07:07,500 INFO  impl.RaftServerImpl (RaftServerImpl.java:setRole(164)) - 7402ced3-2011-40c3-943f-eb356777966d:group-CEC86118E41B changes role from FOLLOWER to FOLLOWER at term 1 for recognizeCandidate:ecb16d35-a0a8-4c23-a62b-5cca4ab6f3a4
2019-06-13 18:07:07,500 INFO  impl.FollowerState (FollowerState.java:run(101)) - a2f6ce85-e165-4800-85fb-f841051b517d:group-AC782F0C5EF4 changes to CANDIDATE, lastRpcTime:1046, electionTimeout:1045ms
2019-06-13 18:07:07,500 INFO  impl.RoleInfo (RoleInfo.java:shutdownFollowerState(121)) - a2f6ce85-e165-4800-85fb-f841051b517d: shutdown FollowerState
2019-06-13 18:07:07,501 INFO  impl.RaftServerImpl (RaftServerImpl.java:setRole(164)) - a2f6ce85-e165-4800-85fb-f841051b517d:group-AC782F0C5EF4 changes role from FOLLOWER to CANDIDATE at term 0 for changeToCandidate
2019-06-13 18:07:07,501 INFO  impl.RoleInfo (RoleInfo.java:updateAndGet(143)) - a2f6ce85-e165-4800-85fb-f841051b517d: start LeaderElection
2019-06-13 18:07:07,501 INFO  impl.RoleInfo (RoleInfo.java:shutdownFollowerState(121)) - 7402ced3-2011-40c3-943f-eb356777966d: shutdown FollowerState
2019-06-13 18:07:07,502 INFO  impl.FollowerState (FollowerState.java:run(96)) - 7402ced3-2011-40c3-943f-eb356777966d heartbeat monitor quit
2019-06-13 18:07:07,520 INFO  impl.RoleInfo (RoleInfo.java:updateAndGet(143)) - 7402ced3-2011-40c3-943f-eb356777966d: start FollowerState
2019-06-13 18:07:07,523 INFO  impl.RaftServerImpl (RaftServerImpl.java:setRole(164)) - d95826b2-41f2-495b-8aa3-ace05a2ab2a2:group-CEC86118E41B changes role from FOLLOWER to FOLLOWER at term 1 for recognizeCandidate:ecb16d35-a0a8-4c23-a62b-5cca4ab6f3a4
2019-06-13 18:07:07,523 INFO  impl.RoleInfo (RoleInfo.java:shutdownFollowerState(121)) - d95826b2-41f2-495b-8aa3-ace05a2ab2a2: shutdown FollowerState
2019-06-13 18:07:07,523 INFO  impl.LeaderElection (LeaderElection.java:askForVotes(181)) - a2f6ce85-e165-4800-85fb-f841051b517d:group-AC782F0C5EF4:LeaderElection6: begin an election at term 1 for -1: [a2f6ce85-e165-4800-85fb-f841051b517d:192.168.11.194:33885], old=null
2019-06-13 18:07:07,523 INFO  impl.RoleInfo (RoleInfo.java:updateAndGet(143)) - d95826b2-41f2-495b-8aa3-ace05a2ab2a2: start FollowerState
2019-06-13 18:07:07,523 INFO  impl.RoleInfo (RoleInfo.java:shutdownLeaderElection(134)) - a2f6ce85-e165-4800-85fb-f841051b517d: shutdown LeaderElection
2019-06-13 18:07:07,523 INFO  impl.RaftServerImpl (RaftServerImpl.java:setRole(164)) - a2f6ce85-e165-4800-85fb-f841051b517d:group-AC782F0C5EF4 changes role from CANDIDATE to LEADER at term 1 for changeToLeader
2019-06-13 18:07:07,523 INFO  impl.RaftServerImpl (ServerState.java:setLeader(263)) - a2f6ce85-e165-4800-85fb-f841051b517d:group-AC782F0C5EF4 change Leader from null to a2f6ce85-e165-4800-85fb-f841051b517d at term 1 for becomeLeader, leader elected after 1071ms
2019-06-13 18:07:07,523 INFO  storage.RaftLogWorker (RaftLogWorker.java:execute(469)) - d95826b2-41f2-495b-8aa3-ace05a2ab2a2-RaftLogWorker: created new log segment /opt/src/hadoop-ozone/integration-test/target/test-dir/MiniOzoneClusterImpl-9c73d800-9759-4108-9036-1923d064ea84/datanode-1/data/ratis/7d6971db-0e8a-44ef-b3e9-708288842cea/current/log_inprogress_0
2019-06-13 18:07:07,524 INFO  impl.FollowerState (FollowerState.java:run(109)) - d95826b2-41f2-495b-8aa3-ace05a2ab2a2: FollowerState was interrupted: java.lang.InterruptedException: sleep interrupted
2019-06-13 18:07:07,525 INFO  server.RaftServerConfigKeys (ConfUtils.java:logGet(43)) - raft.server.staging.catchup.gap = 1000 (default)
2019-06-13 18:07:07,525 INFO  server.RaftServerConfigKeys (ConfUtils.java:logGet(43)) - raft.server.rpc.sleep.time = 25ms (default)
2019-06-13 18:07:07,525 INFO  server.RaftServerConfigKeys (ConfUtils.java:logGet(43)) - raft.server.watch.timeout = 10s (default)
2019-06-13 18:07:07,526 INFO  server.RaftServerConfigKeys (ConfUtils.java:logGet(43)) - raft.server.watch.timeout.denomination = 1s (default)
2019-06-13 18:07:07,526 INFO  impl.RoleInfo (RoleInfo.java:updateAndGet(143)) - a2f6ce85-e165-4800-85fb-f841051b517d: start LeaderState
2019-06-13 18:07:07,526 INFO  storage.RaftLogWorker (RaftLogWorker.java:startLogSegment(298)) - a2f6ce85-e165-4800-85fb-f841051b517d-RaftLogWorker: Starting segment from index:0
2019-06-13 18:07:07,535 INFO  impl.RaftServerImpl (ServerState.java:setRaftConf(361)) - a2f6ce85-e165-4800-85fb-f841051b517d:group-AC782F0C5EF4 set configuration 0: [a2f6ce85-e165-4800-85fb-f841051b517d:192.168.11.194:33885], old=null at 0
2019-06-13 18:07:07,569 INFO  storage.RaftLogWorker (RaftLogWorker.java:execute(469)) - a2f6ce85-e165-4800-85fb-f841051b517d-RaftLogWorker: created new log segment /opt/src/hadoop-ozone/integration-test/target/test-dir/MiniOzoneClusterImpl-9c73d800-9759-4108-9036-1923d064ea84/datanode-4/data/ratis/bac20a34-5d1e-4dc7-a7dc-ac782f0c5ef4/current/log_inprogress_0
2019-06-13 18:07:07,570 INFO  impl.LeaderElection (LeaderElection.java:logAndReturn(56)) - ecb16d35-a0a8-4c23-a62b-5cca4ab6f3a4:group-CEC86118E41B:LeaderElection3: Election PASSED; received 1 response(s) [ecb16d35-a0a8-4c23-a62b-5cca4ab6f3a4->d95826b2-41f2-495b-8aa3-ace05a2ab2a2,true-t1] and 0 exception(s); ecb16d35-a0a8-4c23-a62b-5cca4ab6f3a4:t1, leader=null, voted=ecb16d35-a0a8-4c23-a62b-5cca4ab6f3a4, raftlog=ecb16d35-a0a8-4c23-a62b-5cca4ab6f3a4-SegmentedRaftLog:OPENED:c-1,f-1,i0, conf=-1: [ecb16d35-a0a8-4c23-a62b-5cca4ab6f3a4:192.168.11.194:37953, 7402ced3-2011-40c3-943f-eb356777966d:192.168.11.194:41643, d95826b2-41f2-495b-8aa3-ace05a2ab2a2:192.168.11.194:35991], old=null
2019-06-13 18:07:07,571 INFO  impl.RoleInfo (RoleInfo.java:shutdownLeaderElection(134)) - ecb16d35-a0a8-4c23-a62b-5cca4ab6f3a4: shutdown LeaderElection
2019-06-13 18:07:07,573 INFO  impl.RaftServerImpl (RaftServerImpl.java:setRole(164)) - ecb16d35-a0a8-4c23-a62b-5cca4ab6f3a4:group-CEC86118E41B changes role from CANDIDATE to LEADER at term 1 for changeToLeader
2019-06-13 18:07:07,573 INFO  impl.RaftServerImpl (ServerState.java:setLeader(263)) - ecb16d35-a0a8-4c23-a62b-5cca4ab6f3a4:group-CEC86118E41B change Leader from null to ecb16d35-a0a8-4c23-a62b-5cca4ab6f3a4 at term 1 for becomeLeader, leader elected after 1189ms
2019-06-13 18:07:07,573 INFO  server.RaftServerConfigKeys (ConfUtils.java:logGet(43)) - raft.server.staging.catchup.gap = 1000 (default)
2019-06-13 18:07:07,574 INFO  server.RaftServerConfigKeys (ConfUtils.java:logGet(43)) - raft.server.rpc.sleep.time = 25ms (default)
2019-06-13 18:07:07,575 INFO  server.RaftServerConfigKeys (ConfUtils.java:logGet(43)) - raft.server.watch.timeout = 10s (default)
2019-06-13 18:07:07,577 INFO  server.RaftServerConfigKeys (ConfUtils.java:logGet(43)) - raft.server.watch.timeout.denomination = 1s (default)
2019-06-13 18:07:07,579 INFO  server.RaftServerConfigKeys (ConfUtils.java:logGet(43)) - raft.server.log.appender.snapshot.chunk.size.max = 16MB (=16777216) (default)
2019-06-13 18:07:07,579 INFO  server.RaftServerConfigKeys (ConfUtils.java:logGet(43)) - raft.server.log.appender.buffer.byte-limit = 33554432 (custom)
2019-06-13 18:07:07,579 INFO  server.RaftServerConfigKeys (ConfUtils.java:logGet(43)) - raft.server.log.appender.buffer.element-limit = 1 (custom)
2019-06-13 18:07:07,581 INFO  grpc.GrpcConfigKeys$Server (ConfUtils.java:logGet(43)) - raft.grpc.server.leader.outstanding.appends.max = 128 (default)
2019-06-13 18:07:07,581 INFO  server.RaftServerConfigKeys (ConfUtils.java:logGet(43)) - raft.server.rpc.request.timeout = 3000ms (default)
2019-06-13 18:07:07,581 INFO  server.RaftServerConfigKeys (ConfUtils.java:logGet(43)) - raft.server.log.appender.install.snapshot.enabled = true (default)
2019-06-13 18:07:07,581 INFO  server.RaftServerConfigKeys (ConfUtils.java:logGet(43)) - raft.server.log.appender.snapshot.chunk.size.max = 16MB (=16777216) (default)
2019-06-13 18:07:07,581 INFO  server.RaftServerConfigKeys (ConfUtils.java:logGet(43)) - raft.server.log.appender.buffer.byte-limit = 33554432 (custom)
2019-06-13 18:07:07,581 INFO  server.RaftServerConfigKeys (ConfUtils.java:logGet(43)) - raft.server.log.appender.buffer.element-limit = 1 (custom)
2019-06-13 18:07:07,581 INFO  grpc.GrpcConfigKeys$Server (ConfUtils.java:logGet(43)) - raft.grpc.server.leader.outstanding.appends.max = 128 (default)
2019-06-13 18:07:07,582 INFO  server.RaftServerConfigKeys (ConfUtils.java:logGet(43)) - raft.server.rpc.request.timeout = 3000ms (default)
2019-06-13 18:07:07,582 INFO  server.RaftServerConfigKeys (ConfUtils.java:logGet(43)) - raft.server.log.appender.install.snapshot.enabled = true (default)
2019-06-13 18:07:07,582 INFO  impl.RoleInfo (RoleInfo.java:updateAndGet(143)) - ecb16d35-a0a8-4c23-a62b-5cca4ab6f3a4: start LeaderState
2019-06-13 18:07:07,582 INFO  storage.RaftLogWorker (RaftLogWorker.java:startLogSegment(298)) - ecb16d35-a0a8-4c23-a62b-5cca4ab6f3a4-RaftLogWorker: Starting segment from index:0
2019-06-13 18:07:07,607 INFO  impl.RaftServerImpl (ServerState.java:setRaftConf(361)) - ecb16d35-a0a8-4c23-a62b-5cca4ab6f3a4:group-CEC86118E41B set configuration 0: [ecb16d35-a0a8-4c23-a62b-5cca4ab6f3a4:192.168.11.194:37953, 7402ced3-2011-40c3-943f-eb356777966d:192.168.11.194:41643, d95826b2-41f2-495b-8aa3-ace05a2ab2a2:192.168.11.194:35991], old=null at 0
2019-06-13 18:07:07,624 INFO  storage.RaftLogWorker (RaftLogWorker.java:execute(469)) - ecb16d35-a0a8-4c23-a62b-5cca4ab6f3a4-RaftLogWorker: created new log segment /opt/src/hadoop-ozone/integration-test/target/test-dir/MiniOzoneClusterImpl-9c73d800-9759-4108-9036-1923d064ea84/datanode-0/data/ratis/6e6bcd58-9506-4d80-9685-cec86118e41b/current/log_inprogress_0
2019-06-13 18:07:07,633 INFO  impl.RaftServerImpl (ServerState.java:setLeader(263)) - d95826b2-41f2-495b-8aa3-ace05a2ab2a2:group-CEC86118E41B change Leader from null to ecb16d35-a0a8-4c23-a62b-5cca4ab6f3a4 at term 1 for appendEntries, leader elected after 1250ms
2019-06-13 18:07:07,634 INFO  impl.RaftServerImpl (ServerState.java:setLeader(263)) - 7402ced3-2011-40c3-943f-eb356777966d:group-CEC86118E41B change Leader from null to ecb16d35-a0a8-4c23-a62b-5cca4ab6f3a4 at term 1 for appendEntries, leader elected after 1248ms
2019-06-13 18:07:07,651 INFO  impl.RaftServerImpl (ServerState.java:setRaftConf(361)) - 7402ced3-2011-40c3-943f-eb356777966d:group-CEC86118E41B set configuration 0: [ecb16d35-a0a8-4c23-a62b-5cca4ab6f3a4:192.168.11.194:37953, 7402ced3-2011-40c3-943f-eb356777966d:192.168.11.194:41643, d95826b2-41f2-495b-8aa3-ace05a2ab2a2:192.168.11.194:35991], old=null at 0
2019-06-13 18:07:07,651 INFO  impl.RaftServerImpl (ServerState.java:setRaftConf(361)) - d95826b2-41f2-495b-8aa3-ace05a2ab2a2:group-CEC86118E41B set configuration 0: [ecb16d35-a0a8-4c23-a62b-5cca4ab6f3a4:192.168.11.194:37953, 7402ced3-2011-40c3-943f-eb356777966d:192.168.11.194:41643, d95826b2-41f2-495b-8aa3-ace05a2ab2a2:192.168.11.194:35991], old=null at 0
2019-06-13 18:07:07,651 INFO  storage.RaftLogWorker (RaftLogWorker.java:startLogSegment(298)) - 7402ced3-2011-40c3-943f-eb356777966d-RaftLogWorker: Starting segment from index:0
2019-06-13 18:07:07,651 INFO  storage.RaftLogWorker (RaftLogWorker.java:startLogSegment(298)) - d95826b2-41f2-495b-8aa3-ace05a2ab2a2-RaftLogWorker: Starting segment from index:0
2019-06-13 18:07:07,653 INFO  ozone.MiniOzoneClusterImpl (MiniOzoneClusterImpl.java:lambda$waitForClusterToBeReady$0(142)) - Cluster is ready. Got 6 of 6 DN Heartbeats.
]]></system-out>
    <system-err><![CDATA[ERROR StatusLogger No Log4j 2 configuration file found. Using default configuration (logging only errors to the console), or user programmatically provided configurations. Set system property 'log4j2.debug' to show Log4j 2 internal initialization logging. See https://logging.apache.org/log4j/2.x/manual/configuration.html for instructions on how to configure Log4j 2
Jun 13, 2019 6:07:00 PM com.sun.jersey.server.impl.application.WebApplicationImpl _initiate
INFO: Initiating Jersey application, version 'Jersey: 1.19 02/11/2015 03:25 AM'
Jun 13, 2019 6:07:01 PM com.sun.jersey.server.impl.application.WebApplicationImpl _initiate
INFO: Initiating Jersey application, version 'Jersey: 1.19 02/11/2015 03:25 AM'
Jun 13, 2019 6:07:01 PM com.sun.jersey.server.impl.application.WebApplicationImpl _initiate
INFO: Initiating Jersey application, version 'Jersey: 1.19 02/11/2015 03:25 AM'
Jun 13, 2019 6:07:02 PM com.sun.jersey.server.impl.application.WebApplicationImpl _initiate
INFO: Initiating Jersey application, version 'Jersey: 1.19 02/11/2015 03:25 AM'
Jun 13, 2019 6:07:02 PM com.sun.jersey.server.impl.application.WebApplicationImpl _initiate
INFO: Initiating Jersey application, version 'Jersey: 1.19 02/11/2015 03:25 AM'
Jun 13, 2019 6:07:02 PM com.sun.jersey.server.impl.application.WebApplicationImpl _initiate
INFO: Initiating Jersey application, version 'Jersey: 1.19 02/11/2015 03:25 AM'
]]></system-err>
  </testcase>
</testsuite>