<?xml version="1.0" encoding="UTF-8"?>
<testsuite xmlns:xsi="http://www.w3.org/2001/XMLSchema-instance" xsi:noNamespaceSchemaLocation="https://maven.apache.org/surefire/maven-surefire-plugin/xsd/surefire-test-report.xsd" name="org.apache.hadoop.hdds.scm.pipeline.TestNodeFailure" time="10.174" tests="1" errors="0" skipped="1" failures="0">
  <properties>
    <property name="awt.toolkit" value="sun.awt.X11.XToolkit"/>
    <property name="file.encoding.pkg" value="sun.io"/>
    <property name="java.specification.version" value="1.8"/>
    <property name="sun.cpu.isalist" value=""/>
    <property name="sun.jnu.encoding" value="UTF-8"/>
    <property name="java.class.path" value="/opt/src/hadoop-ozone/integration-test/target/test-classes:/opt/src/hadoop-ozone/integration-test/target/classes:/root/.m2/repository/org/apache/hadoop/hadoop-ozone-common/0.5.0-SNAPSHOT/hadoop-ozone-common-0.5.0-SNAPSHOT.jar:/root/.m2/repository/org/apache/commons/commons-compress/1.4.1/commons-compress-1.4.1.jar:/root/.m2/repository/org/tukaani/xz/1.0/xz-1.0.jar:/root/.m2/repository/org/apache/hadoop/hadoop-common/3.2.0/hadoop-common-3.2.0.jar:/root/.m2/repository/org/apache/hadoop/hadoop-hdfs/3.2.0/hadoop-hdfs-3.2.0.jar:/root/.m2/repository/org/apache/hadoop/hadoop-hdfs-client/3.2.0/hadoop-hdfs-client-3.2.0.jar:/root/.m2/repository/com/fasterxml/jackson/core/jackson-annotations/2.9.5/jackson-annotations-2.9.5.jar:/root/.m2/repository/org/apache/hadoop/hadoop-hdds-common/0.5.0-SNAPSHOT/hadoop-hdds-common-0.5.0-SNAPSHOT.jar:/root/.m2/repository/javax/annotation/javax.annotation-api/1.2/javax.annotation-api-1.2.jar:/root/.m2/repository/org/apache/ratis/ratis-server/0.4.0-fe2b15d-SNAPSHOT/ratis-server-0.4.0-fe2b15d-SNAPSHOT.jar:/root/.m2/repository/org/apache/ratis/ratis-thirdparty-misc/0.2.0/ratis-thirdparty-misc-0.2.0.jar:/root/.m2/repository/org/apache/ratis/ratis-proto/0.4.0-fe2b15d-SNAPSHOT/ratis-proto-0.4.0-fe2b15d-SNAPSHOT.jar:/root/.m2/repository/org/apache/ratis/ratis-common/0.4.0-fe2b15d-SNAPSHOT/ratis-common-0.4.0-fe2b15d-SNAPSHOT.jar:/root/.m2/repository/org/apache/ratis/ratis-client/0.4.0-fe2b15d-SNAPSHOT/ratis-client-0.4.0-fe2b15d-SNAPSHOT.jar:/root/.m2/repository/org/apache/ratis/ratis-netty/0.4.0-fe2b15d-SNAPSHOT/ratis-netty-0.4.0-fe2b15d-SNAPSHOT.jar:/root/.m2/repository/org/apache/ratis/ratis-grpc/0.4.0-fe2b15d-SNAPSHOT/ratis-grpc-0.4.0-fe2b15d-SNAPSHOT.jar:/root/.m2/repository/org/rocksdb/rocksdbjni/5.14.2/rocksdbjni-5.14.2.jar:/root/.m2/repository/org/apache/logging/log4j/log4j-api/2.11.0/log4j-api-2.11.0.jar:/root/.m2/repository/org/apache/logging/log4j/log4j-core/2.11.0/log4j-core-2.11.0.jar:/root/.m2/repository/com/lmax/disruptor/3.4.2/disruptor-3.4.2.jar:/root/.m2/repository/org/apache/commons/commons-pool2/2.6.0/commons-pool2-2.6.0.jar:/root/.m2/repository/org/bouncycastle/bcpkix-jdk15on/1.60/bcpkix-jdk15on-1.60.jar:/root/.m2/repository/commons-validator/commons-validator/1.6/commons-validator-1.6.jar:/root/.m2/repository/commons-digester/commons-digester/1.8.1/commons-digester-1.8.1.jar:/root/.m2/repository/io/jaegertracing/jaeger-client/0.33.1/jaeger-client-0.33.1.jar:/root/.m2/repository/io/jaegertracing/jaeger-thrift/0.33.1/jaeger-thrift-0.33.1.jar:/root/.m2/repository/org/apache/thrift/libthrift/0.11.0/libthrift-0.11.0.jar:/root/.m2/repository/com/squareup/okhttp3/okhttp/3.9.0/okhttp-3.9.0.jar:/root/.m2/repository/com/squareup/okio/okio/1.13.0/okio-1.13.0.jar:/root/.m2/repository/io/jaegertracing/jaeger-core/0.33.1/jaeger-core-0.33.1.jar:/root/.m2/repository/io/jaegertracing/jaeger-tracerresolver/0.33.1/jaeger-tracerresolver-0.33.1.jar:/root/.m2/repository/io/opentracing/contrib/opentracing-tracerresolver/0.1.5/opentracing-tracerresolver-0.1.5.jar:/root/.m2/repository/io/opentracing/opentracing-util/0.31.0/opentracing-util-0.31.0.jar:/root/.m2/repository/io/opentracing/opentracing-api/0.31.0/opentracing-api-0.31.0.jar:/root/.m2/repository/io/opentracing/opentracing-noop/0.31.0/opentracing-noop-0.31.0.jar:/root/.m2/repository/org/apache/hadoop/hadoop-hdds-server-framework/0.5.0-SNAPSHOT/hadoop-hdds-server-framework-0.5.0-SNAPSHOT.jar:/root/.m2/repository/org/apache/hadoop/hadoop-hdds-server-scm/0.5.0-SNAPSHOT/hadoop-hdds-server-scm-0.5.0-SNAPSHOT.jar:/root/.m2/repository/org/apache/hadoop/hadoop-hdds-container-service/0.5.0-SNAPSHOT/hadoop-hdds-container-service-0.5.0-SNAPSHOT.jar:/root/.m2/repository/org/apache/hadoop/hadoop-hdds-client/0.5.0-SNAPSHOT/hadoop-hdds-client-0.5.0-SNAPSHOT.jar:/root/.m2/repository/org/apache/hadoop/hadoop-hdds-tools/0.5.0-SNAPSHOT/hadoop-hdds-tools-0.5.0-SNAPSHOT.jar:/root/.m2/repository/org/apache/hadoop/hadoop-ozone-ozone-manager/0.5.0-SNAPSHOT/hadoop-ozone-ozone-manager-0.5.0-SNAPSHOT.jar:/root/.m2/repository/org/apache/hadoop/hadoop-hdds-docs/0.5.0-SNAPSHOT/hadoop-hdds-docs-0.5.0-SNAPSHOT.jar:/root/.m2/repository/org/bouncycastle/bcprov-jdk15on/1.60/bcprov-jdk15on-1.60.jar:/root/.m2/repository/org/apache/hadoop/hadoop-minikdc/3.2.0/hadoop-minikdc-3.2.0.jar:/root/.m2/repository/commons-io/commons-io/2.5/commons-io-2.5.jar:/root/.m2/repository/org/apache/kerby/kerb-simplekdc/1.0.1/kerb-simplekdc-1.0.1.jar:/root/.m2/repository/org/apache/kerby/kerb-client/1.0.1/kerb-client-1.0.1.jar:/root/.m2/repository/org/apache/kerby/kerby-config/1.0.1/kerby-config-1.0.1.jar:/root/.m2/repository/org/apache/kerby/kerb-core/1.0.1/kerb-core-1.0.1.jar:/root/.m2/repository/org/apache/kerby/kerby-pkix/1.0.1/kerby-pkix-1.0.1.jar:/root/.m2/repository/org/apache/kerby/kerby-asn1/1.0.1/kerby-asn1-1.0.1.jar:/root/.m2/repository/org/apache/kerby/kerby-util/1.0.1/kerby-util-1.0.1.jar:/root/.m2/repository/org/apache/kerby/kerb-common/1.0.1/kerb-common-1.0.1.jar:/root/.m2/repository/org/apache/kerby/kerb-crypto/1.0.1/kerb-crypto-1.0.1.jar:/root/.m2/repository/org/apache/kerby/kerb-util/1.0.1/kerb-util-1.0.1.jar:/root/.m2/repository/org/apache/kerby/token-provider/1.0.1/token-provider-1.0.1.jar:/root/.m2/repository/org/apache/kerby/kerb-admin/1.0.1/kerb-admin-1.0.1.jar:/root/.m2/repository/org/apache/kerby/kerb-server/1.0.1/kerb-server-1.0.1.jar:/root/.m2/repository/org/apache/kerby/kerb-identity/1.0.1/kerb-identity-1.0.1.jar:/root/.m2/repository/org/apache/kerby/kerby-xdr/1.0.1/kerby-xdr-1.0.1.jar:/root/.m2/repository/org/slf4j/slf4j-log4j12/1.7.25/slf4j-log4j12-1.7.25.jar:/root/.m2/repository/org/apache/hadoop/hadoop-ozone-objectstore-service/0.5.0-SNAPSHOT/hadoop-ozone-objectstore-service-0.5.0-SNAPSHOT.jar:/root/.m2/repository/org/apache/hadoop/hadoop-ozone-s3gateway/0.5.0-SNAPSHOT/hadoop-ozone-s3gateway-0.5.0-SNAPSHOT.jar:/root/.m2/repository/org/jboss/weld/servlet/weld-servlet/2.4.7.Final/weld-servlet-2.4.7.Final.jar:/root/.m2/repository/org/glassfish/jersey/containers/jersey-container-servlet-core/2.27/jersey-container-servlet-core-2.27.jar:/root/.m2/repository/org/glassfish/hk2/external/javax.inject/2.5.0-b42/javax.inject-2.5.0-b42.jar:/root/.m2/repository/org/glassfish/jersey/core/jersey-common/2.27/jersey-common-2.27.jar:/root/.m2/repository/org/glassfish/hk2/osgi-resource-locator/1.0.1/osgi-resource-locator-1.0.1.jar:/root/.m2/repository/javax/ws/rs/javax.ws.rs-api/2.1/javax.ws.rs-api-2.1.jar:/root/.m2/repository/org/glassfish/jersey/ext/cdi/jersey-cdi1x/2.27/jersey-cdi1x-2.27.jar:/root/.m2/repository/org/glassfish/jersey/inject/jersey-hk2/2.27/jersey-hk2-2.27.jar:/root/.m2/repository/org/glassfish/hk2/hk2-locator/2.5.0-b42/hk2-locator-2.5.0-b42.jar:/root/.m2/repository/org/javassist/javassist/3.22.0-CR2/javassist-3.22.0-CR2.jar:/root/.m2/repository/org/glassfish/hk2/hk2-api/2.5.0/hk2-api-2.5.0.jar:/root/.m2/repository/org/glassfish/hk2/external/jakarta.inject/2.5.0/jakarta.inject-2.5.0.jar:/root/.m2/repository/org/glassfish/hk2/hk2-utils/2.5.0/hk2-utils-2.5.0.jar:/root/.m2/repository/jakarta/annotation/jakarta.annotation-api/1.3.4/jakarta.annotation-api-1.3.4.jar:/root/.m2/repository/org/glassfish/hk2/external/aopalliance-repackaged/2.5.0/aopalliance-repackaged-2.5.0.jar:/root/.m2/repository/com/fasterxml/jackson/dataformat/jackson-dataformat-xml/2.9.0/jackson-dataformat-xml-2.9.0.jar:/root/.m2/repository/com/fasterxml/jackson/core/jackson-core/2.9.5/jackson-core-2.9.5.jar:/root/.m2/repository/com/fasterxml/jackson/module/jackson-module-jaxb-annotations/2.9.5/jackson-module-jaxb-annotations-2.9.5.jar:/root/.m2/repository/javax/enterprise/cdi-api/1.2/cdi-api-1.2.jar:/root/.m2/repository/javax/el/javax.el-api/3.0.0/javax.el-api-3.0.0.jar:/root/.m2/repository/javax/interceptor/javax.interceptor-api/1.2/javax.interceptor-api-1.2.jar:/root/.m2/repository/javax/inject/javax.inject/1/javax.inject-1.jar:/root/.m2/repository/com/sun/xml/bind/jaxb-impl/2.3.0.1/jaxb-impl-2.3.0.1.jar:/root/.m2/repository/com/sun/xml/bind/jaxb-core/2.3.0.1/jaxb-core-2.3.0.1.jar:/root/.m2/repository/javax/xml/bind/jaxb-api/2.3.0/jaxb-api-2.3.0.jar:/root/.m2/repository/javax/activation/activation/1.1.1/activation-1.1.1.jar:/root/.m2/repository/org/apache/hadoop/hadoop-ozone-csi/0.5.0-SNAPSHOT/hadoop-ozone-csi-0.5.0-SNAPSHOT.jar:/root/.m2/repository/com/google/protobuf/protobuf-java-util/3.5.1/protobuf-java-util-3.5.1.jar:/root/.m2/repository/org/apache/hadoop/hadoop-hdds-config/0.5.0-SNAPSHOT/hadoop-hdds-config-0.5.0-SNAPSHOT.jar:/root/.m2/repository/com/google/guava/guava/11.0.2/guava-11.0.2.jar:/root/.m2/repository/com/google/protobuf/protobuf-java/2.5.0/protobuf-java-2.5.0.jar:/root/.m2/repository/io/grpc/grpc-netty/1.17.1/grpc-netty-1.17.1.jar:/root/.m2/repository/io/grpc/grpc-core/1.17.1/grpc-core-1.17.1.jar:/root/.m2/repository/io/grpc/grpc-context/1.17.1/grpc-context-1.17.1.jar:/root/.m2/repository/com/google/errorprone/error_prone_annotations/2.2.0/error_prone_annotations-2.2.0.jar:/root/.m2/repository/org/codehaus/mojo/animal-sniffer-annotations/1.17/animal-sniffer-annotations-1.17.jar:/root/.m2/repository/io/opencensus/opencensus-api/0.17.0/opencensus-api-0.17.0.jar:/root/.m2/repository/io/opencensus/opencensus-contrib-grpc-metrics/0.17.0/opencensus-contrib-grpc-metrics-0.17.0.jar:/root/.m2/repository/io/netty/netty-codec-http2/4.1.30.Final/netty-codec-http2-4.1.30.Final.jar:/root/.m2/repository/io/netty/netty-codec-http/4.1.30.Final/netty-codec-http-4.1.30.Final.jar:/root/.m2/repository/io/netty/netty-codec/4.1.30.Final/netty-codec-4.1.30.Final.jar:/root/.m2/repository/io/netty/netty-handler/4.1.30.Final/netty-handler-4.1.30.Final.jar:/root/.m2/repository/io/netty/netty-handler-proxy/4.1.30.Final/netty-handler-proxy-4.1.30.Final.jar:/root/.m2/repository/io/netty/netty-codec-socks/4.1.30.Final/netty-codec-socks-4.1.30.Final.jar:/root/.m2/repository/io/netty/netty-transport-native-epoll/4.1.30.Final/netty-transport-native-epoll-4.1.30.Final.jar:/root/.m2/repository/io/netty/netty-common/4.1.30.Final/netty-common-4.1.30.Final.jar:/root/.m2/repository/io/netty/netty-buffer/4.1.30.Final/netty-buffer-4.1.30.Final.jar:/root/.m2/repository/io/netty/netty-transport/4.1.30.Final/netty-transport-4.1.30.Final.jar:/root/.m2/repository/io/netty/netty-resolver/4.1.30.Final/netty-resolver-4.1.30.Final.jar:/root/.m2/repository/io/netty/netty-transport-native-unix-common/4.1.30.Final/netty-transport-native-unix-common-4.1.30.Final.jar:/root/.m2/repository/io/grpc/grpc-protobuf/1.17.1/grpc-protobuf-1.17.1.jar:/root/.m2/repository/com/google/api/grpc/proto-google-common-protos/1.0.0/proto-google-common-protos-1.0.0.jar:/root/.m2/repository/io/grpc/grpc-protobuf-lite/1.17.1/grpc-protobuf-lite-1.17.1.jar:/root/.m2/repository/io/grpc/grpc-stub/1.17.1/grpc-stub-1.17.1.jar:/root/.m2/repository/org/apache/hadoop/hadoop-ozone-recon/0.5.0-SNAPSHOT/hadoop-ozone-recon-0.5.0-SNAPSHOT.jar:/root/.m2/repository/org/apache/hadoop/hadoop-ozone-reconcodegen/0.5.0-SNAPSHOT/hadoop-ozone-reconcodegen-0.5.0-SNAPSHOT.jar:/root/.m2/repository/com/google/inject/extensions/guice-multibindings/4.0/guice-multibindings-4.0.jar:/root/.m2/repository/com/google/inject/guice/4.0/guice-4.0.jar:/root/.m2/repository/aopalliance/aopalliance/1.0/aopalliance-1.0.jar:/root/.m2/repository/com/google/inject/extensions/guice-servlet/4.0/guice-servlet-4.0.jar:/root/.m2/repository/org/glassfish/jersey/containers/jersey-container-servlet/2.27/jersey-container-servlet-2.27.jar:/root/.m2/repository/org/glassfish/hk2/guice-bridge/2.5.0/guice-bridge-2.5.0.jar:/root/.m2/repository/org/glassfish/jersey/core/jersey-server/2.27/jersey-server-2.27.jar:/root/.m2/repository/org/glassfish/jersey/core/jersey-client/2.27/jersey-client-2.27.jar:/root/.m2/repository/org/glassfish/jersey/media/jersey-media-jaxb/2.27/jersey-media-jaxb-2.27.jar:/root/.m2/repository/javax/validation/validation-api/1.1.0.Final/validation-api-1.1.0.Final.jar:/root/.m2/repository/org/glassfish/jersey/media/jersey-media-json-jackson/2.27/jersey-media-json-jackson-2.27.jar:/root/.m2/repository/org/glassfish/jersey/ext/jersey-entity-filtering/2.27/jersey-entity-filtering-2.27.jar:/root/.m2/repository/com/google/inject/extensions/guice-assistedinject/4.0/guice-assistedinject-4.0.jar:/root/.m2/repository/org/jooq/jooq/3.11.10/jooq-3.11.10.jar:/root/.m2/repository/org/jooq/jooq-meta/3.11.10/jooq-meta-3.11.10.jar:/root/.m2/repository/org/jooq/jooq-codegen/3.11.10/jooq-codegen-3.11.10.jar:/root/.m2/repository/com/jolbox/bonecp/0.8.0.RELEASE/bonecp-0.8.0.RELEASE.jar:/root/.m2/repository/org/xerial/sqlite-jdbc/3.25.2/sqlite-jdbc-3.25.2.jar:/root/.m2/repository/org/springframework/spring-jdbc/5.1.3.RELEASE/spring-jdbc-5.1.3.RELEASE.jar:/root/.m2/repository/org/springframework/spring-beans/5.1.3.RELEASE/spring-beans-5.1.3.RELEASE.jar:/root/.m2/repository/org/springframework/spring-core/5.1.3.RELEASE/spring-core-5.1.3.RELEASE.jar:/root/.m2/repository/org/springframework/spring-jcl/5.1.3.RELEASE/spring-jcl-5.1.3.RELEASE.jar:/root/.m2/repository/org/springframework/spring-tx/5.1.3.RELEASE/spring-tx-5.1.3.RELEASE.jar:/root/.m2/repository/org/apache/hadoop/hadoop-ozone-client/0.5.0-SNAPSHOT/hadoop-ozone-client-0.5.0-SNAPSHOT.jar:/root/.m2/repository/org/apache/hadoop/hadoop-ozone-ozone-manager/0.5.0-SNAPSHOT/hadoop-ozone-ozone-manager-0.5.0-SNAPSHOT-tests.jar:/root/.m2/repository/junit/junit/4.11/junit-4.11.jar:/root/.m2/repository/org/hamcrest/hamcrest-core/1.3/hamcrest-core-1.3.jar:/root/.m2/repository/org/openjdk/jmh/jmh-core/1.19/jmh-core-1.19.jar:/root/.m2/repository/net/sf/jopt-simple/jopt-simple/4.6/jopt-simple-4.6.jar:/root/.m2/repository/org/apache/commons/commons-math3/3.1.1/commons-math3-3.1.1.jar:/root/.m2/repository/org/openjdk/jmh/jmh-generator-annprocess/1.19/jmh-generator-annprocess-1.19.jar:/root/.m2/repository/org/mockito/mockito-all/1.8.5/mockito-all-1.8.5.jar:/root/.m2/repository/org/apache/hadoop/hadoop-kms/3.2.0/hadoop-kms-3.2.0.jar:/root/.m2/repository/org/apache/hadoop/hadoop-auth/3.2.0/hadoop-auth-3.2.0.jar:/root/.m2/repository/com/nimbusds/nimbus-jose-jwt/4.41.1/nimbus-jose-jwt-4.41.1.jar:/root/.m2/repository/com/github/stephenc/jcip/jcip-annotations/1.0-1/jcip-annotations-1.0-1.jar:/root/.m2/repository/net/minidev/json-smart/2.3/json-smart-2.3.jar:/root/.m2/repository/net/minidev/accessors-smart/1.2/accessors-smart-1.2.jar:/root/.m2/repository/org/ow2/asm/asm/5.0.4/asm-5.0.4.jar:/root/.m2/repository/org/apache/curator/curator-framework/2.12.0/curator-framework-2.12.0.jar:/root/.m2/repository/com/sun/jersey/jersey-core/1.19/jersey-core-1.19.jar:/root/.m2/repository/javax/ws/rs/jsr311-api/1.1.1/jsr311-api-1.1.1.jar:/root/.m2/repository/com/sun/jersey/jersey-server/1.19/jersey-server-1.19.jar:/root/.m2/repository/javax/servlet/javax.servlet-api/3.1.0/javax.servlet-api-3.1.0.jar:/root/.m2/repository/org/eclipse/jetty/jetty-server/9.3.24.v20180605/jetty-server-9.3.24.v20180605.jar:/root/.m2/repository/org/eclipse/jetty/jetty-http/9.3.24.v20180605/jetty-http-9.3.24.v20180605.jar:/root/.m2/repository/org/eclipse/jetty/jetty-io/9.3.24.v20180605/jetty-io-9.3.24.v20180605.jar:/root/.m2/repository/org/eclipse/jetty/jetty-webapp/9.3.24.v20180605/jetty-webapp-9.3.24.v20180605.jar:/root/.m2/repository/org/eclipse/jetty/jetty-xml/9.3.24.v20180605/jetty-xml-9.3.24.v20180605.jar:/root/.m2/repository/log4j/log4j/1.2.17/log4j-1.2.17.jar:/root/.m2/repository/org/slf4j/slf4j-api/1.7.25/slf4j-api-1.7.25.jar:/root/.m2/repository/org/slf4j/jul-to-slf4j/1.7.25/jul-to-slf4j-1.7.25.jar:/root/.m2/repository/org/eclipse/jetty/jetty-util/9.3.24.v20180605/jetty-util-9.3.24.v20180605.jar:/root/.m2/repository/io/dropwizard/metrics/metrics-core/3.2.4/metrics-core-3.2.4.jar:/root/.m2/repository/com/fasterxml/jackson/core/jackson-databind/2.9.5/jackson-databind-2.9.5.jar:/root/.m2/repository/org/apache/hadoop/hadoop-kms/3.2.0/hadoop-kms-3.2.0-tests.jar:/root/.m2/repository/org/apache/hadoop/hadoop-hdds-server-scm/0.5.0-SNAPSHOT/hadoop-hdds-server-scm-0.5.0-SNAPSHOT-tests.jar:/root/.m2/repository/org/hamcrest/hamcrest-all/1.3/hamcrest-all-1.3.jar:/root/.m2/repository/info/picocli/picocli/3.9.6/picocli-3.9.6.jar:/root/.m2/repository/org/apache/hadoop/hadoop-hdds-container-service/0.5.0-SNAPSHOT/hadoop-hdds-container-service-0.5.0-SNAPSHOT-tests.jar:/root/.m2/repository/org/yaml/snakeyaml/1.16/snakeyaml-1.16.jar:/root/.m2/repository/org/apache/hadoop/hadoop-common/3.2.0/hadoop-common-3.2.0-tests.jar:/root/.m2/repository/org/apache/hadoop/hadoop-annotations/3.2.0/hadoop-annotations-3.2.0.jar:/usr/lib/jvm/java-1.8-openjdk/jre/../lib/tools.jar:/root/.m2/repository/commons-cli/commons-cli/1.2/commons-cli-1.2.jar:/root/.m2/repository/org/apache/httpcomponents/httpclient/4.5.2/httpclient-4.5.2.jar:/root/.m2/repository/org/apache/httpcomponents/httpcore/4.4.4/httpcore-4.4.4.jar:/root/.m2/repository/commons-codec/commons-codec/1.11/commons-codec-1.11.jar:/root/.m2/repository/commons-net/commons-net/3.6/commons-net-3.6.jar:/root/.m2/repository/commons-collections/commons-collections/3.2.2/commons-collections-3.2.2.jar:/root/.m2/repository/org/eclipse/jetty/jetty-servlet/9.3.24.v20180605/jetty-servlet-9.3.24.v20180605.jar:/root/.m2/repository/org/eclipse/jetty/jetty-security/9.3.24.v20180605/jetty-security-9.3.24.v20180605.jar:/root/.m2/repository/javax/servlet/jsp/jsp-api/2.1/jsp-api-2.1.jar:/root/.m2/repository/com/sun/jersey/jersey-servlet/1.19/jersey-servlet-1.19.jar:/root/.m2/repository/com/sun/jersey/jersey-json/1.19/jersey-json-1.19.jar:/root/.m2/repository/org/codehaus/jettison/jettison/1.1/jettison-1.1.jar:/root/.m2/repository/org/codehaus/jackson/jackson-core-asl/1.9.13/jackson-core-asl-1.9.13.jar:/root/.m2/repository/org/codehaus/jackson/jackson-mapper-asl/1.9.13/jackson-mapper-asl-1.9.13.jar:/root/.m2/repository/org/codehaus/jackson/jackson-jaxrs/1.9.13/jackson-jaxrs-1.9.13.jar:/root/.m2/repository/org/codehaus/jackson/jackson-xc/1.9.13/jackson-xc-1.9.13.jar:/root/.m2/repository/commons-logging/commons-logging/1.1.3/commons-logging-1.1.3.jar:/root/.m2/repository/commons-beanutils/commons-beanutils/1.9.3/commons-beanutils-1.9.3.jar:/root/.m2/repository/org/apache/commons/commons-configuration2/2.1.1/commons-configuration2-2.1.1.jar:/root/.m2/repository/org/apache/commons/commons-lang3/3.7/commons-lang3-3.7.jar:/root/.m2/repository/org/apache/commons/commons-text/1.4/commons-text-1.4.jar:/root/.m2/repository/org/apache/avro/avro/1.7.7/avro-1.7.7.jar:/root/.m2/repository/com/thoughtworks/paranamer/paranamer/2.3/paranamer-2.3.jar:/root/.m2/repository/org/xerial/snappy/snappy-java/1.0.5/snappy-java-1.0.5.jar:/root/.m2/repository/com/google/re2j/re2j/1.1/re2j-1.1.jar:/root/.m2/repository/com/google/code/gson/gson/2.2.4/gson-2.2.4.jar:/root/.m2/repository/com/jcraft/jsch/0.1.54/jsch-0.1.54.jar:/root/.m2/repository/org/apache/curator/curator-client/2.12.0/curator-client-2.12.0.jar:/root/.m2/repository/org/apache/curator/curator-recipes/2.12.0/curator-recipes-2.12.0.jar:/root/.m2/repository/com/google/code/findbugs/jsr305/3.0.0/jsr305-3.0.0.jar:/root/.m2/repository/org/apache/htrace/htrace-core4/4.1.0-incubating/htrace-core4-4.1.0-incubating.jar:/root/.m2/repository/org/apache/zookeeper/zookeeper/3.4.13/zookeeper-3.4.13.jar:/root/.m2/repository/org/apache/yetus/audience-annotations/0.5.0/audience-annotations-0.5.0.jar:/root/.m2/repository/org/codehaus/woodstox/stax2-api/3.1.4/stax2-api-3.1.4.jar:/root/.m2/repository/com/fasterxml/woodstox/woodstox-core/5.0.3/woodstox-core-5.0.3.jar:/root/.m2/repository/dnsjava/dnsjava/2.1.7/dnsjava-2.1.7.jar:/root/.m2/repository/org/apache/hadoop/hadoop-hdfs/3.2.0/hadoop-hdfs-3.2.0-tests.jar:/root/.m2/repository/org/eclipse/jetty/jetty-util-ajax/9.3.24.v20180605/jetty-util-ajax-9.3.24.v20180605.jar:/root/.m2/repository/commons-daemon/commons-daemon/1.0.13/commons-daemon-1.0.13.jar:/root/.m2/repository/io/netty/netty/3.10.5.Final/netty-3.10.5.Final.jar:/root/.m2/repository/io/netty/netty-all/4.0.52.Final/netty-all-4.0.52.Final.jar:/root/.m2/repository/org/fusesource/leveldbjni/leveldbjni-all/1.8/leveldbjni-all-1.8.jar:"/>
    <property name="java.vm.vendor" value="IcedTea"/>
    <property name="sun.arch.data.model" value="64"/>
    <property name="test.build.dir" value="/opt/src/hadoop-ozone/integration-test/target/test-dir"/>
    <property name="test.cache.data" value=""/>
    <property name="java.vendor.url" value="https://icedtea.classpath.org"/>
    <property name="user.timezone" value=""/>
    <property name="java.vm.specification.version" value="1.8"/>
    <property name="os.name" value="Linux"/>
    <property name="test.build.data" value="/opt/src/hadoop-ozone/integration-test/target/test-dir"/>
    <property name="user.country" value="US"/>
    <property name="sun.java.launcher" value="SUN_STANDARD"/>
    <property name="sun.boot.library.path" value="/usr/lib/jvm/java-1.8-openjdk/jre/lib/amd64"/>
    <property name="sun.java.command" value="/opt/src/hadoop-ozone/integration-test/target/surefire/surefirebooter3428931925244922189.jar /opt/src/hadoop-ozone/integration-test/target/surefire 2019-06-13T06-09-46_195-jvmRun1 surefire8612552242021482679tmp surefire_84233040100955813241tmp"/>
    <property name="surefire.test.class.path" value="/opt/src/hadoop-ozone/integration-test/target/test-classes:/opt/src/hadoop-ozone/integration-test/target/classes:/root/.m2/repository/org/apache/hadoop/hadoop-ozone-common/0.5.0-SNAPSHOT/hadoop-ozone-common-0.5.0-SNAPSHOT.jar:/root/.m2/repository/org/apache/commons/commons-compress/1.4.1/commons-compress-1.4.1.jar:/root/.m2/repository/org/tukaani/xz/1.0/xz-1.0.jar:/root/.m2/repository/org/apache/hadoop/hadoop-common/3.2.0/hadoop-common-3.2.0.jar:/root/.m2/repository/org/apache/hadoop/hadoop-hdfs/3.2.0/hadoop-hdfs-3.2.0.jar:/root/.m2/repository/org/apache/hadoop/hadoop-hdfs-client/3.2.0/hadoop-hdfs-client-3.2.0.jar:/root/.m2/repository/com/fasterxml/jackson/core/jackson-annotations/2.9.5/jackson-annotations-2.9.5.jar:/root/.m2/repository/org/apache/hadoop/hadoop-hdds-common/0.5.0-SNAPSHOT/hadoop-hdds-common-0.5.0-SNAPSHOT.jar:/root/.m2/repository/javax/annotation/javax.annotation-api/1.2/javax.annotation-api-1.2.jar:/root/.m2/repository/org/apache/ratis/ratis-server/0.4.0-fe2b15d-SNAPSHOT/ratis-server-0.4.0-fe2b15d-SNAPSHOT.jar:/root/.m2/repository/org/apache/ratis/ratis-thirdparty-misc/0.2.0/ratis-thirdparty-misc-0.2.0.jar:/root/.m2/repository/org/apache/ratis/ratis-proto/0.4.0-fe2b15d-SNAPSHOT/ratis-proto-0.4.0-fe2b15d-SNAPSHOT.jar:/root/.m2/repository/org/apache/ratis/ratis-common/0.4.0-fe2b15d-SNAPSHOT/ratis-common-0.4.0-fe2b15d-SNAPSHOT.jar:/root/.m2/repository/org/apache/ratis/ratis-client/0.4.0-fe2b15d-SNAPSHOT/ratis-client-0.4.0-fe2b15d-SNAPSHOT.jar:/root/.m2/repository/org/apache/ratis/ratis-netty/0.4.0-fe2b15d-SNAPSHOT/ratis-netty-0.4.0-fe2b15d-SNAPSHOT.jar:/root/.m2/repository/org/apache/ratis/ratis-grpc/0.4.0-fe2b15d-SNAPSHOT/ratis-grpc-0.4.0-fe2b15d-SNAPSHOT.jar:/root/.m2/repository/org/rocksdb/rocksdbjni/5.14.2/rocksdbjni-5.14.2.jar:/root/.m2/repository/org/apache/logging/log4j/log4j-api/2.11.0/log4j-api-2.11.0.jar:/root/.m2/repository/org/apache/logging/log4j/log4j-core/2.11.0/log4j-core-2.11.0.jar:/root/.m2/repository/com/lmax/disruptor/3.4.2/disruptor-3.4.2.jar:/root/.m2/repository/org/apache/commons/commons-pool2/2.6.0/commons-pool2-2.6.0.jar:/root/.m2/repository/org/bouncycastle/bcpkix-jdk15on/1.60/bcpkix-jdk15on-1.60.jar:/root/.m2/repository/commons-validator/commons-validator/1.6/commons-validator-1.6.jar:/root/.m2/repository/commons-digester/commons-digester/1.8.1/commons-digester-1.8.1.jar:/root/.m2/repository/io/jaegertracing/jaeger-client/0.33.1/jaeger-client-0.33.1.jar:/root/.m2/repository/io/jaegertracing/jaeger-thrift/0.33.1/jaeger-thrift-0.33.1.jar:/root/.m2/repository/org/apache/thrift/libthrift/0.11.0/libthrift-0.11.0.jar:/root/.m2/repository/com/squareup/okhttp3/okhttp/3.9.0/okhttp-3.9.0.jar:/root/.m2/repository/com/squareup/okio/okio/1.13.0/okio-1.13.0.jar:/root/.m2/repository/io/jaegertracing/jaeger-core/0.33.1/jaeger-core-0.33.1.jar:/root/.m2/repository/io/jaegertracing/jaeger-tracerresolver/0.33.1/jaeger-tracerresolver-0.33.1.jar:/root/.m2/repository/io/opentracing/contrib/opentracing-tracerresolver/0.1.5/opentracing-tracerresolver-0.1.5.jar:/root/.m2/repository/io/opentracing/opentracing-util/0.31.0/opentracing-util-0.31.0.jar:/root/.m2/repository/io/opentracing/opentracing-api/0.31.0/opentracing-api-0.31.0.jar:/root/.m2/repository/io/opentracing/opentracing-noop/0.31.0/opentracing-noop-0.31.0.jar:/root/.m2/repository/org/apache/hadoop/hadoop-hdds-server-framework/0.5.0-SNAPSHOT/hadoop-hdds-server-framework-0.5.0-SNAPSHOT.jar:/root/.m2/repository/org/apache/hadoop/hadoop-hdds-server-scm/0.5.0-SNAPSHOT/hadoop-hdds-server-scm-0.5.0-SNAPSHOT.jar:/root/.m2/repository/org/apache/hadoop/hadoop-hdds-container-service/0.5.0-SNAPSHOT/hadoop-hdds-container-service-0.5.0-SNAPSHOT.jar:/root/.m2/repository/org/apache/hadoop/hadoop-hdds-client/0.5.0-SNAPSHOT/hadoop-hdds-client-0.5.0-SNAPSHOT.jar:/root/.m2/repository/org/apache/hadoop/hadoop-hdds-tools/0.5.0-SNAPSHOT/hadoop-hdds-tools-0.5.0-SNAPSHOT.jar:/root/.m2/repository/org/apache/hadoop/hadoop-ozone-ozone-manager/0.5.0-SNAPSHOT/hadoop-ozone-ozone-manager-0.5.0-SNAPSHOT.jar:/root/.m2/repository/org/apache/hadoop/hadoop-hdds-docs/0.5.0-SNAPSHOT/hadoop-hdds-docs-0.5.0-SNAPSHOT.jar:/root/.m2/repository/org/bouncycastle/bcprov-jdk15on/1.60/bcprov-jdk15on-1.60.jar:/root/.m2/repository/org/apache/hadoop/hadoop-minikdc/3.2.0/hadoop-minikdc-3.2.0.jar:/root/.m2/repository/commons-io/commons-io/2.5/commons-io-2.5.jar:/root/.m2/repository/org/apache/kerby/kerb-simplekdc/1.0.1/kerb-simplekdc-1.0.1.jar:/root/.m2/repository/org/apache/kerby/kerb-client/1.0.1/kerb-client-1.0.1.jar:/root/.m2/repository/org/apache/kerby/kerby-config/1.0.1/kerby-config-1.0.1.jar:/root/.m2/repository/org/apache/kerby/kerb-core/1.0.1/kerb-core-1.0.1.jar:/root/.m2/repository/org/apache/kerby/kerby-pkix/1.0.1/kerby-pkix-1.0.1.jar:/root/.m2/repository/org/apache/kerby/kerby-asn1/1.0.1/kerby-asn1-1.0.1.jar:/root/.m2/repository/org/apache/kerby/kerby-util/1.0.1/kerby-util-1.0.1.jar:/root/.m2/repository/org/apache/kerby/kerb-common/1.0.1/kerb-common-1.0.1.jar:/root/.m2/repository/org/apache/kerby/kerb-crypto/1.0.1/kerb-crypto-1.0.1.jar:/root/.m2/repository/org/apache/kerby/kerb-util/1.0.1/kerb-util-1.0.1.jar:/root/.m2/repository/org/apache/kerby/token-provider/1.0.1/token-provider-1.0.1.jar:/root/.m2/repository/org/apache/kerby/kerb-admin/1.0.1/kerb-admin-1.0.1.jar:/root/.m2/repository/org/apache/kerby/kerb-server/1.0.1/kerb-server-1.0.1.jar:/root/.m2/repository/org/apache/kerby/kerb-identity/1.0.1/kerb-identity-1.0.1.jar:/root/.m2/repository/org/apache/kerby/kerby-xdr/1.0.1/kerby-xdr-1.0.1.jar:/root/.m2/repository/org/slf4j/slf4j-log4j12/1.7.25/slf4j-log4j12-1.7.25.jar:/root/.m2/repository/org/apache/hadoop/hadoop-ozone-objectstore-service/0.5.0-SNAPSHOT/hadoop-ozone-objectstore-service-0.5.0-SNAPSHOT.jar:/root/.m2/repository/org/apache/hadoop/hadoop-ozone-s3gateway/0.5.0-SNAPSHOT/hadoop-ozone-s3gateway-0.5.0-SNAPSHOT.jar:/root/.m2/repository/org/jboss/weld/servlet/weld-servlet/2.4.7.Final/weld-servlet-2.4.7.Final.jar:/root/.m2/repository/org/glassfish/jersey/containers/jersey-container-servlet-core/2.27/jersey-container-servlet-core-2.27.jar:/root/.m2/repository/org/glassfish/hk2/external/javax.inject/2.5.0-b42/javax.inject-2.5.0-b42.jar:/root/.m2/repository/org/glassfish/jersey/core/jersey-common/2.27/jersey-common-2.27.jar:/root/.m2/repository/org/glassfish/hk2/osgi-resource-locator/1.0.1/osgi-resource-locator-1.0.1.jar:/root/.m2/repository/javax/ws/rs/javax.ws.rs-api/2.1/javax.ws.rs-api-2.1.jar:/root/.m2/repository/org/glassfish/jersey/ext/cdi/jersey-cdi1x/2.27/jersey-cdi1x-2.27.jar:/root/.m2/repository/org/glassfish/jersey/inject/jersey-hk2/2.27/jersey-hk2-2.27.jar:/root/.m2/repository/org/glassfish/hk2/hk2-locator/2.5.0-b42/hk2-locator-2.5.0-b42.jar:/root/.m2/repository/org/javassist/javassist/3.22.0-CR2/javassist-3.22.0-CR2.jar:/root/.m2/repository/org/glassfish/hk2/hk2-api/2.5.0/hk2-api-2.5.0.jar:/root/.m2/repository/org/glassfish/hk2/external/jakarta.inject/2.5.0/jakarta.inject-2.5.0.jar:/root/.m2/repository/org/glassfish/hk2/hk2-utils/2.5.0/hk2-utils-2.5.0.jar:/root/.m2/repository/jakarta/annotation/jakarta.annotation-api/1.3.4/jakarta.annotation-api-1.3.4.jar:/root/.m2/repository/org/glassfish/hk2/external/aopalliance-repackaged/2.5.0/aopalliance-repackaged-2.5.0.jar:/root/.m2/repository/com/fasterxml/jackson/dataformat/jackson-dataformat-xml/2.9.0/jackson-dataformat-xml-2.9.0.jar:/root/.m2/repository/com/fasterxml/jackson/core/jackson-core/2.9.5/jackson-core-2.9.5.jar:/root/.m2/repository/com/fasterxml/jackson/module/jackson-module-jaxb-annotations/2.9.5/jackson-module-jaxb-annotations-2.9.5.jar:/root/.m2/repository/javax/enterprise/cdi-api/1.2/cdi-api-1.2.jar:/root/.m2/repository/javax/el/javax.el-api/3.0.0/javax.el-api-3.0.0.jar:/root/.m2/repository/javax/interceptor/javax.interceptor-api/1.2/javax.interceptor-api-1.2.jar:/root/.m2/repository/javax/inject/javax.inject/1/javax.inject-1.jar:/root/.m2/repository/com/sun/xml/bind/jaxb-impl/2.3.0.1/jaxb-impl-2.3.0.1.jar:/root/.m2/repository/com/sun/xml/bind/jaxb-core/2.3.0.1/jaxb-core-2.3.0.1.jar:/root/.m2/repository/javax/xml/bind/jaxb-api/2.3.0/jaxb-api-2.3.0.jar:/root/.m2/repository/javax/activation/activation/1.1.1/activation-1.1.1.jar:/root/.m2/repository/org/apache/hadoop/hadoop-ozone-csi/0.5.0-SNAPSHOT/hadoop-ozone-csi-0.5.0-SNAPSHOT.jar:/root/.m2/repository/com/google/protobuf/protobuf-java-util/3.5.1/protobuf-java-util-3.5.1.jar:/root/.m2/repository/org/apache/hadoop/hadoop-hdds-config/0.5.0-SNAPSHOT/hadoop-hdds-config-0.5.0-SNAPSHOT.jar:/root/.m2/repository/com/google/guava/guava/11.0.2/guava-11.0.2.jar:/root/.m2/repository/com/google/protobuf/protobuf-java/2.5.0/protobuf-java-2.5.0.jar:/root/.m2/repository/io/grpc/grpc-netty/1.17.1/grpc-netty-1.17.1.jar:/root/.m2/repository/io/grpc/grpc-core/1.17.1/grpc-core-1.17.1.jar:/root/.m2/repository/io/grpc/grpc-context/1.17.1/grpc-context-1.17.1.jar:/root/.m2/repository/com/google/errorprone/error_prone_annotations/2.2.0/error_prone_annotations-2.2.0.jar:/root/.m2/repository/org/codehaus/mojo/animal-sniffer-annotations/1.17/animal-sniffer-annotations-1.17.jar:/root/.m2/repository/io/opencensus/opencensus-api/0.17.0/opencensus-api-0.17.0.jar:/root/.m2/repository/io/opencensus/opencensus-contrib-grpc-metrics/0.17.0/opencensus-contrib-grpc-metrics-0.17.0.jar:/root/.m2/repository/io/netty/netty-codec-http2/4.1.30.Final/netty-codec-http2-4.1.30.Final.jar:/root/.m2/repository/io/netty/netty-codec-http/4.1.30.Final/netty-codec-http-4.1.30.Final.jar:/root/.m2/repository/io/netty/netty-codec/4.1.30.Final/netty-codec-4.1.30.Final.jar:/root/.m2/repository/io/netty/netty-handler/4.1.30.Final/netty-handler-4.1.30.Final.jar:/root/.m2/repository/io/netty/netty-handler-proxy/4.1.30.Final/netty-handler-proxy-4.1.30.Final.jar:/root/.m2/repository/io/netty/netty-codec-socks/4.1.30.Final/netty-codec-socks-4.1.30.Final.jar:/root/.m2/repository/io/netty/netty-transport-native-epoll/4.1.30.Final/netty-transport-native-epoll-4.1.30.Final.jar:/root/.m2/repository/io/netty/netty-common/4.1.30.Final/netty-common-4.1.30.Final.jar:/root/.m2/repository/io/netty/netty-buffer/4.1.30.Final/netty-buffer-4.1.30.Final.jar:/root/.m2/repository/io/netty/netty-transport/4.1.30.Final/netty-transport-4.1.30.Final.jar:/root/.m2/repository/io/netty/netty-resolver/4.1.30.Final/netty-resolver-4.1.30.Final.jar:/root/.m2/repository/io/netty/netty-transport-native-unix-common/4.1.30.Final/netty-transport-native-unix-common-4.1.30.Final.jar:/root/.m2/repository/io/grpc/grpc-protobuf/1.17.1/grpc-protobuf-1.17.1.jar:/root/.m2/repository/com/google/api/grpc/proto-google-common-protos/1.0.0/proto-google-common-protos-1.0.0.jar:/root/.m2/repository/io/grpc/grpc-protobuf-lite/1.17.1/grpc-protobuf-lite-1.17.1.jar:/root/.m2/repository/io/grpc/grpc-stub/1.17.1/grpc-stub-1.17.1.jar:/root/.m2/repository/org/apache/hadoop/hadoop-ozone-recon/0.5.0-SNAPSHOT/hadoop-ozone-recon-0.5.0-SNAPSHOT.jar:/root/.m2/repository/org/apache/hadoop/hadoop-ozone-reconcodegen/0.5.0-SNAPSHOT/hadoop-ozone-reconcodegen-0.5.0-SNAPSHOT.jar:/root/.m2/repository/com/google/inject/extensions/guice-multibindings/4.0/guice-multibindings-4.0.jar:/root/.m2/repository/com/google/inject/guice/4.0/guice-4.0.jar:/root/.m2/repository/aopalliance/aopalliance/1.0/aopalliance-1.0.jar:/root/.m2/repository/com/google/inject/extensions/guice-servlet/4.0/guice-servlet-4.0.jar:/root/.m2/repository/org/glassfish/jersey/containers/jersey-container-servlet/2.27/jersey-container-servlet-2.27.jar:/root/.m2/repository/org/glassfish/hk2/guice-bridge/2.5.0/guice-bridge-2.5.0.jar:/root/.m2/repository/org/glassfish/jersey/core/jersey-server/2.27/jersey-server-2.27.jar:/root/.m2/repository/org/glassfish/jersey/core/jersey-client/2.27/jersey-client-2.27.jar:/root/.m2/repository/org/glassfish/jersey/media/jersey-media-jaxb/2.27/jersey-media-jaxb-2.27.jar:/root/.m2/repository/javax/validation/validation-api/1.1.0.Final/validation-api-1.1.0.Final.jar:/root/.m2/repository/org/glassfish/jersey/media/jersey-media-json-jackson/2.27/jersey-media-json-jackson-2.27.jar:/root/.m2/repository/org/glassfish/jersey/ext/jersey-entity-filtering/2.27/jersey-entity-filtering-2.27.jar:/root/.m2/repository/com/google/inject/extensions/guice-assistedinject/4.0/guice-assistedinject-4.0.jar:/root/.m2/repository/org/jooq/jooq/3.11.10/jooq-3.11.10.jar:/root/.m2/repository/org/jooq/jooq-meta/3.11.10/jooq-meta-3.11.10.jar:/root/.m2/repository/org/jooq/jooq-codegen/3.11.10/jooq-codegen-3.11.10.jar:/root/.m2/repository/com/jolbox/bonecp/0.8.0.RELEASE/bonecp-0.8.0.RELEASE.jar:/root/.m2/repository/org/xerial/sqlite-jdbc/3.25.2/sqlite-jdbc-3.25.2.jar:/root/.m2/repository/org/springframework/spring-jdbc/5.1.3.RELEASE/spring-jdbc-5.1.3.RELEASE.jar:/root/.m2/repository/org/springframework/spring-beans/5.1.3.RELEASE/spring-beans-5.1.3.RELEASE.jar:/root/.m2/repository/org/springframework/spring-core/5.1.3.RELEASE/spring-core-5.1.3.RELEASE.jar:/root/.m2/repository/org/springframework/spring-jcl/5.1.3.RELEASE/spring-jcl-5.1.3.RELEASE.jar:/root/.m2/repository/org/springframework/spring-tx/5.1.3.RELEASE/spring-tx-5.1.3.RELEASE.jar:/root/.m2/repository/org/apache/hadoop/hadoop-ozone-client/0.5.0-SNAPSHOT/hadoop-ozone-client-0.5.0-SNAPSHOT.jar:/root/.m2/repository/org/apache/hadoop/hadoop-ozone-ozone-manager/0.5.0-SNAPSHOT/hadoop-ozone-ozone-manager-0.5.0-SNAPSHOT-tests.jar:/root/.m2/repository/junit/junit/4.11/junit-4.11.jar:/root/.m2/repository/org/hamcrest/hamcrest-core/1.3/hamcrest-core-1.3.jar:/root/.m2/repository/org/openjdk/jmh/jmh-core/1.19/jmh-core-1.19.jar:/root/.m2/repository/net/sf/jopt-simple/jopt-simple/4.6/jopt-simple-4.6.jar:/root/.m2/repository/org/apache/commons/commons-math3/3.1.1/commons-math3-3.1.1.jar:/root/.m2/repository/org/openjdk/jmh/jmh-generator-annprocess/1.19/jmh-generator-annprocess-1.19.jar:/root/.m2/repository/org/mockito/mockito-all/1.8.5/mockito-all-1.8.5.jar:/root/.m2/repository/org/apache/hadoop/hadoop-kms/3.2.0/hadoop-kms-3.2.0.jar:/root/.m2/repository/org/apache/hadoop/hadoop-auth/3.2.0/hadoop-auth-3.2.0.jar:/root/.m2/repository/com/nimbusds/nimbus-jose-jwt/4.41.1/nimbus-jose-jwt-4.41.1.jar:/root/.m2/repository/com/github/stephenc/jcip/jcip-annotations/1.0-1/jcip-annotations-1.0-1.jar:/root/.m2/repository/net/minidev/json-smart/2.3/json-smart-2.3.jar:/root/.m2/repository/net/minidev/accessors-smart/1.2/accessors-smart-1.2.jar:/root/.m2/repository/org/ow2/asm/asm/5.0.4/asm-5.0.4.jar:/root/.m2/repository/org/apache/curator/curator-framework/2.12.0/curator-framework-2.12.0.jar:/root/.m2/repository/com/sun/jersey/jersey-core/1.19/jersey-core-1.19.jar:/root/.m2/repository/javax/ws/rs/jsr311-api/1.1.1/jsr311-api-1.1.1.jar:/root/.m2/repository/com/sun/jersey/jersey-server/1.19/jersey-server-1.19.jar:/root/.m2/repository/javax/servlet/javax.servlet-api/3.1.0/javax.servlet-api-3.1.0.jar:/root/.m2/repository/org/eclipse/jetty/jetty-server/9.3.24.v20180605/jetty-server-9.3.24.v20180605.jar:/root/.m2/repository/org/eclipse/jetty/jetty-http/9.3.24.v20180605/jetty-http-9.3.24.v20180605.jar:/root/.m2/repository/org/eclipse/jetty/jetty-io/9.3.24.v20180605/jetty-io-9.3.24.v20180605.jar:/root/.m2/repository/org/eclipse/jetty/jetty-webapp/9.3.24.v20180605/jetty-webapp-9.3.24.v20180605.jar:/root/.m2/repository/org/eclipse/jetty/jetty-xml/9.3.24.v20180605/jetty-xml-9.3.24.v20180605.jar:/root/.m2/repository/log4j/log4j/1.2.17/log4j-1.2.17.jar:/root/.m2/repository/org/slf4j/slf4j-api/1.7.25/slf4j-api-1.7.25.jar:/root/.m2/repository/org/slf4j/jul-to-slf4j/1.7.25/jul-to-slf4j-1.7.25.jar:/root/.m2/repository/org/eclipse/jetty/jetty-util/9.3.24.v20180605/jetty-util-9.3.24.v20180605.jar:/root/.m2/repository/io/dropwizard/metrics/metrics-core/3.2.4/metrics-core-3.2.4.jar:/root/.m2/repository/com/fasterxml/jackson/core/jackson-databind/2.9.5/jackson-databind-2.9.5.jar:/root/.m2/repository/org/apache/hadoop/hadoop-kms/3.2.0/hadoop-kms-3.2.0-tests.jar:/root/.m2/repository/org/apache/hadoop/hadoop-hdds-server-scm/0.5.0-SNAPSHOT/hadoop-hdds-server-scm-0.5.0-SNAPSHOT-tests.jar:/root/.m2/repository/org/hamcrest/hamcrest-all/1.3/hamcrest-all-1.3.jar:/root/.m2/repository/info/picocli/picocli/3.9.6/picocli-3.9.6.jar:/root/.m2/repository/org/apache/hadoop/hadoop-hdds-container-service/0.5.0-SNAPSHOT/hadoop-hdds-container-service-0.5.0-SNAPSHOT-tests.jar:/root/.m2/repository/org/yaml/snakeyaml/1.16/snakeyaml-1.16.jar:/root/.m2/repository/org/apache/hadoop/hadoop-common/3.2.0/hadoop-common-3.2.0-tests.jar:/root/.m2/repository/org/apache/hadoop/hadoop-annotations/3.2.0/hadoop-annotations-3.2.0.jar:/usr/lib/jvm/java-1.8-openjdk/jre/../lib/tools.jar:/root/.m2/repository/commons-cli/commons-cli/1.2/commons-cli-1.2.jar:/root/.m2/repository/org/apache/httpcomponents/httpclient/4.5.2/httpclient-4.5.2.jar:/root/.m2/repository/org/apache/httpcomponents/httpcore/4.4.4/httpcore-4.4.4.jar:/root/.m2/repository/commons-codec/commons-codec/1.11/commons-codec-1.11.jar:/root/.m2/repository/commons-net/commons-net/3.6/commons-net-3.6.jar:/root/.m2/repository/commons-collections/commons-collections/3.2.2/commons-collections-3.2.2.jar:/root/.m2/repository/org/eclipse/jetty/jetty-servlet/9.3.24.v20180605/jetty-servlet-9.3.24.v20180605.jar:/root/.m2/repository/org/eclipse/jetty/jetty-security/9.3.24.v20180605/jetty-security-9.3.24.v20180605.jar:/root/.m2/repository/javax/servlet/jsp/jsp-api/2.1/jsp-api-2.1.jar:/root/.m2/repository/com/sun/jersey/jersey-servlet/1.19/jersey-servlet-1.19.jar:/root/.m2/repository/com/sun/jersey/jersey-json/1.19/jersey-json-1.19.jar:/root/.m2/repository/org/codehaus/jettison/jettison/1.1/jettison-1.1.jar:/root/.m2/repository/org/codehaus/jackson/jackson-core-asl/1.9.13/jackson-core-asl-1.9.13.jar:/root/.m2/repository/org/codehaus/jackson/jackson-mapper-asl/1.9.13/jackson-mapper-asl-1.9.13.jar:/root/.m2/repository/org/codehaus/jackson/jackson-jaxrs/1.9.13/jackson-jaxrs-1.9.13.jar:/root/.m2/repository/org/codehaus/jackson/jackson-xc/1.9.13/jackson-xc-1.9.13.jar:/root/.m2/repository/commons-logging/commons-logging/1.1.3/commons-logging-1.1.3.jar:/root/.m2/repository/commons-beanutils/commons-beanutils/1.9.3/commons-beanutils-1.9.3.jar:/root/.m2/repository/org/apache/commons/commons-configuration2/2.1.1/commons-configuration2-2.1.1.jar:/root/.m2/repository/org/apache/commons/commons-lang3/3.7/commons-lang3-3.7.jar:/root/.m2/repository/org/apache/commons/commons-text/1.4/commons-text-1.4.jar:/root/.m2/repository/org/apache/avro/avro/1.7.7/avro-1.7.7.jar:/root/.m2/repository/com/thoughtworks/paranamer/paranamer/2.3/paranamer-2.3.jar:/root/.m2/repository/org/xerial/snappy/snappy-java/1.0.5/snappy-java-1.0.5.jar:/root/.m2/repository/com/google/re2j/re2j/1.1/re2j-1.1.jar:/root/.m2/repository/com/google/code/gson/gson/2.2.4/gson-2.2.4.jar:/root/.m2/repository/com/jcraft/jsch/0.1.54/jsch-0.1.54.jar:/root/.m2/repository/org/apache/curator/curator-client/2.12.0/curator-client-2.12.0.jar:/root/.m2/repository/org/apache/curator/curator-recipes/2.12.0/curator-recipes-2.12.0.jar:/root/.m2/repository/com/google/code/findbugs/jsr305/3.0.0/jsr305-3.0.0.jar:/root/.m2/repository/org/apache/htrace/htrace-core4/4.1.0-incubating/htrace-core4-4.1.0-incubating.jar:/root/.m2/repository/org/apache/zookeeper/zookeeper/3.4.13/zookeeper-3.4.13.jar:/root/.m2/repository/org/apache/yetus/audience-annotations/0.5.0/audience-annotations-0.5.0.jar:/root/.m2/repository/org/codehaus/woodstox/stax2-api/3.1.4/stax2-api-3.1.4.jar:/root/.m2/repository/com/fasterxml/woodstox/woodstox-core/5.0.3/woodstox-core-5.0.3.jar:/root/.m2/repository/dnsjava/dnsjava/2.1.7/dnsjava-2.1.7.jar:/root/.m2/repository/org/apache/hadoop/hadoop-hdfs/3.2.0/hadoop-hdfs-3.2.0-tests.jar:/root/.m2/repository/org/eclipse/jetty/jetty-util-ajax/9.3.24.v20180605/jetty-util-ajax-9.3.24.v20180605.jar:/root/.m2/repository/commons-daemon/commons-daemon/1.0.13/commons-daemon-1.0.13.jar:/root/.m2/repository/io/netty/netty/3.10.5.Final/netty-3.10.5.Final.jar:/root/.m2/repository/io/netty/netty-all/4.0.52.Final/netty-all-4.0.52.Final.jar:/root/.m2/repository/org/fusesource/leveldbjni/leveldbjni-all/1.8/leveldbjni-all-1.8.jar:"/>
    <property name="sun.cpu.endian" value="little"/>
    <property name="user.home" value="/root"/>
    <property name="user.language" value="en"/>
    <property name="java.specification.vendor" value="Oracle Corporation"/>
    <property name="java.home" value="/usr/lib/jvm/java-1.8-openjdk/jre"/>
    <property name="java.security.krb5.conf" value="/opt/src/hadoop-ozone/integration-test/target/test-classes/krb5.conf"/>
    <property name="basedir" value="/opt/src/hadoop-ozone/integration-test"/>
    <property name="file.separator" value="/"/>
    <property name="line.separator" value="&#10;"/>
    <property name="java.vm.specification.vendor" value="Oracle Corporation"/>
    <property name="java.specification.name" value="Java Platform API Specification"/>
    <property name="java.awt.graphicsenv" value="sun.awt.X11GraphicsEnvironment"/>
    <property name="surefire.real.class.path" value="/opt/src/hadoop-ozone/integration-test/target/surefire/surefirebooter3428931925244922189.jar"/>
    <property name="hadoop.log.dir" value="/opt/src/hadoop-ozone/integration-test/target/log"/>
    <property name="sun.boot.class.path" value="/usr/lib/jvm/java-1.8-openjdk/jre/lib/resources.jar:/usr/lib/jvm/java-1.8-openjdk/jre/lib/rt.jar:/usr/lib/jvm/java-1.8-openjdk/jre/lib/sunrsasign.jar:/usr/lib/jvm/java-1.8-openjdk/jre/lib/jsse.jar:/usr/lib/jvm/java-1.8-openjdk/jre/lib/jce.jar:/usr/lib/jvm/java-1.8-openjdk/jre/lib/charsets.jar:/usr/lib/jvm/java-1.8-openjdk/jre/lib/jfr.jar:/usr/lib/jvm/java-1.8-openjdk/jre/classes"/>
    <property name="sun.management.compiler" value="HotSpot 64-Bit Tiered Compilers"/>
    <property name="java.runtime.version" value="1.8.0_212-b04"/>
    <property name="java.net.preferIPv4Stack" value="true"/>
    <property name="user.name" value="root"/>
    <property name="path.separator" value=":"/>
    <property name="java.security.egd" value="file:///dev/urandom"/>
    <property name="os.version" value="4.15.0-1021-aws"/>
    <property name="java.endorsed.dirs" value="/usr/lib/jvm/java-1.8-openjdk/jre/lib/endorsed"/>
    <property name="java.runtime.name" value="OpenJDK Runtime Environment"/>
    <property name="file.encoding" value="UTF-8"/>
    <property name="java.vm.name" value="OpenJDK 64-Bit Server VM"/>
    <property name="test.build.webapps" value=""/>
    <property name="localRepository" value="/root/.m2/repository"/>
    <property name="java.vendor.url.bug" value="https://icedtea.classpath.org/bugzilla"/>
    <property name="java.io.tmpdir" value="/tmp"/>
    <property name="require.test.libhadoop" value=""/>
    <property name="java.version" value="1.8.0_212"/>
    <property name="user.dir" value="/opt/src/hadoop-ozone/integration-test"/>
    <property name="os.arch" value="amd64"/>
    <property name="java.vm.specification.name" value="Java Virtual Machine Specification"/>
    <property name="test.build.classes" value="/opt/src/hadoop-ozone/integration-test/target/test-classes"/>
    <property name="java.awt.printerjob" value="sun.print.PSPrinterJob"/>
    <property name="sun.os.patch.level" value="unknown"/>
    <property name="hadoop.tmp.dir" value="/opt/src/hadoop-ozone/integration-test/target/tmp"/>
    <property name="java.library.path" value="/usr/lib/jvm/java-1.8-openjdk/jre/lib/amd64/server:/usr/lib/jvm/java-1.8-openjdk/jre/lib/amd64:/usr/lib/jvm/java-1.8-openjdk/jre/../lib/amd64:/opt/src/hadoop-ozone/integration-test/target/native/target/usr/local/lib:/opt/src/hadoop-ozone/integration-test/../../hadoop-common-project/hadoop-common/target/native/target/usr/local/lib:/usr/java/packages/lib/amd64:/usr/lib64:/lib64:/lib:/usr/lib"/>
    <property name="java.vm.info" value="mixed mode"/>
    <property name="java.vendor" value="IcedTea"/>
    <property name="java.vm.version" value="25.212-b04"/>
    <property name="java.ext.dirs" value="/usr/lib/jvm/java-1.8-openjdk/jre/lib/ext:/usr/java/packages/lib/ext"/>
    <property name="sun.io.unicode.encoding" value="UnicodeLittle"/>
    <property name="java.class.version" value="52.0"/>
  </properties>
  <testcase name="testPipelineFail" classname="org.apache.hadoop.hdds.scm.pipeline.TestNodeFailure" time="0">
    <skipped/>
    <system-out><![CDATA[2019-06-13 06:13:35,983 WARN  server.ServerUtils (ServerUtils.java:getScmDbDir(145)) - ozone.scm.db.dirs is not configured. We recommend adding this setting. Falling back to ozone.metadata.dirs instead.
2019-06-13 06:13:36,044 WARN  server.ServerUtils (ServerUtils.java:getScmDbDir(145)) - ozone.scm.db.dirs is not configured. We recommend adding this setting. Falling back to ozone.metadata.dirs instead.
2019-06-13 06:13:36,047 WARN  server.ServerUtils (ServerUtils.java:getScmDbDir(145)) - ozone.scm.db.dirs is not configured. We recommend adding this setting. Falling back to ozone.metadata.dirs instead.
2019-06-13 06:13:36,060 INFO  util.log (Log.java:initialized(192)) - Logging initialized @632ms
2019-06-13 06:13:36,144 INFO  db.DBStoreBuilder (DBStoreBuilder.java:addTable(110)) - using custom profile for table: deletedBlocks
2019-06-13 06:13:36,144 INFO  db.DBStoreBuilder (DBStoreBuilder.java:processTables(161)) - Using default column profile:DBProfile.DISK for Table:deletedBlocks
2019-06-13 06:13:36,145 INFO  db.DBStoreBuilder (DBStoreBuilder.java:addTable(110)) - using custom profile for table: validCerts
2019-06-13 06:13:36,145 INFO  db.DBStoreBuilder (DBStoreBuilder.java:processTables(161)) - Using default column profile:DBProfile.DISK for Table:validCerts
2019-06-13 06:13:36,145 INFO  db.DBStoreBuilder (DBStoreBuilder.java:addTable(110)) - using custom profile for table: revokedCerts
2019-06-13 06:13:36,146 INFO  db.DBStoreBuilder (DBStoreBuilder.java:processTables(161)) - Using default column profile:DBProfile.DISK for Table:revokedCerts
2019-06-13 06:13:36,160 INFO  db.DBStoreBuilder (DBStoreBuilder.java:addTable(110)) - using custom profile for table: default
2019-06-13 06:13:36,160 INFO  db.DBStoreBuilder (DBStoreBuilder.java:processTables(167)) - Using default column profile:DBProfile.DISK for Table:default
2019-06-13 06:13:36,162 INFO  db.DBStoreBuilder (DBStoreBuilder.java:getDbProfile(198)) - Using default options. DBProfile.DISK
2019-06-13 06:13:36,232 INFO  node.SCMNodeManager (SCMNodeManager.java:<init>(108)) - Entering startup safe mode.
2019-06-13 06:13:36,286 INFO  net.NodeSchemaLoader (NodeSchemaLoader.java:loadSchemaFromFile(125)) - Loading file from sun.misc.CompoundEnumeration@443118b0
2019-06-13 06:13:36,287 INFO  net.NodeSchemaLoader (NodeSchemaLoader.java:loadSchema(171)) - Loading network topology layer schema file
2019-06-13 06:13:36,334 WARN  server.ServerUtils (ServerUtils.java:getScmDbDir(145)) - ozone.scm.db.dirs is not configured. We recommend adding this setting. Falling back to ozone.metadata.dirs instead.
2019-06-13 06:13:36,352 INFO  pipeline.SCMPipelineManager (SCMPipelineManager.java:initializePipelineState(126)) - No pipeline exists in current db
2019-06-13 06:13:36,354 WARN  server.ServerUtils (ServerUtils.java:getScmDbDir(145)) - ozone.scm.db.dirs is not configured. We recommend adding this setting. Falling back to ozone.metadata.dirs instead.
2019-06-13 06:13:36,401 WARN  events.EventQueue (EventQueue.java:fireEvent(175)) - No event handler registered for event TypedEvent{payloadType=SafeModeStatus, name='SafeModeStatus'}
2019-06-13 06:13:36,684 INFO  ipc.CallQueueManager (CallQueueManager.java:<init>(84)) - Using callQueue: class java.util.concurrent.LinkedBlockingQueue, queueCapacity: 2000, scheduler: class org.apache.hadoop.ipc.DefaultRpcScheduler, ipcBackoff: false.
2019-06-13 06:13:36,707 INFO  ipc.Server (Server.java:run(1074)) - Starting Socket Reader #1 for port 37877
2019-06-13 06:13:36,729 INFO  ipc.CallQueueManager (CallQueueManager.java:<init>(84)) - Using callQueue: class java.util.concurrent.LinkedBlockingQueue, queueCapacity: 2000, scheduler: class org.apache.hadoop.ipc.DefaultRpcScheduler, ipcBackoff: false.
2019-06-13 06:13:36,730 INFO  ipc.Server (Server.java:run(1074)) - Starting Socket Reader #1 for port 39427
2019-06-13 06:13:36,737 INFO  ipc.CallQueueManager (CallQueueManager.java:<init>(84)) - Using callQueue: class java.util.concurrent.LinkedBlockingQueue, queueCapacity: 2000, scheduler: class org.apache.hadoop.ipc.DefaultRpcScheduler, ipcBackoff: false.
2019-06-13 06:13:36,768 INFO  ipc.Server (Server.java:run(1074)) - Starting Socket Reader #1 for port 35747
2019-06-13 06:13:36,788 INFO  hdfs.DFSUtil (DFSUtil.java:httpServerTemplateForNNAndJN(1641)) - Starting Web-server for scm at: http://0.0.0.0:0
2019-06-13 06:13:36,908 INFO  server.AuthenticationFilter (AuthenticationFilter.java:constructSecretProvider(240)) - Unable to initialize FileSignerSecretProvider, falling back to use random secrets.
2019-06-13 06:13:36,914 WARN  http.HttpRequestLog (HttpRequestLog.java:getRequestLog(97)) - Jetty request log can only be enabled using Log4j
2019-06-13 06:13:36,919 INFO  http.HttpServer2 (HttpServer2.java:addGlobalFilter(975)) - Added global filter 'safety' (class=org.apache.hadoop.http.HttpServer2$QuotingInputFilter)
2019-06-13 06:13:36,921 INFO  http.HttpServer2 (HttpServer2.java:addFilter(948)) - Added filter static_user_filter (class=org.apache.hadoop.http.lib.StaticUserWebFilter$StaticUserFilter) to context scm
2019-06-13 06:13:36,921 INFO  http.HttpServer2 (HttpServer2.java:addFilter(958)) - Added filter static_user_filter (class=org.apache.hadoop.http.lib.StaticUserWebFilter$StaticUserFilter) to context logs
2019-06-13 06:13:36,921 INFO  http.HttpServer2 (HttpServer2.java:addFilter(958)) - Added filter static_user_filter (class=org.apache.hadoop.http.lib.StaticUserWebFilter$StaticUserFilter) to context static
2019-06-13 06:13:36,941 INFO  server.StorageContainerManager (StorageContainerManager.java:start(752)) - StorageContainerLocationProtocol RPC server is listening at /0.0.0.0:35747
2019-06-13 06:13:36,982 WARN  impl.MetricsConfig (MetricsConfig.java:loadFirst(134)) - Cannot locate configuration: tried hadoop-metrics2-storagecontainermanager.properties,hadoop-metrics2.properties
2019-06-13 06:13:36,990 INFO  impl.MetricsSystemImpl (MetricsSystemImpl.java:startTimer(374)) - Scheduled Metric snapshot period at 10 second(s).
2019-06-13 06:13:36,990 INFO  impl.MetricsSystemImpl (MetricsSystemImpl.java:start(191)) - StorageContainerManager metrics system started
2019-06-13 06:13:37,154 INFO  server.SCMClientProtocolServer (SCMClientProtocolServer.java:start(149)) - RPC server for Client  is listening at /0.0.0.0:35747
2019-06-13 06:13:37,155 INFO  ipc.Server (Server.java:run(1314)) - IPC Server Responder: starting
2019-06-13 06:13:37,157 INFO  ipc.Server (Server.java:run(1153)) - IPC Server listener on 35747: starting
2019-06-13 06:13:37,159 INFO  server.StorageContainerManager (StorageContainerManager.java:start(761)) - ScmBlockLocationProtocol RPC server is listening at /0.0.0.0:39427
2019-06-13 06:13:37,159 INFO  server.SCMBlockProtocolServer (SCMBlockProtocolServer.java:start(137)) - RPC server for Block Protocol is listening at /0.0.0.0:39427
2019-06-13 06:13:37,159 INFO  ipc.Server (Server.java:run(1314)) - IPC Server Responder: starting
2019-06-13 06:13:37,159 INFO  ipc.Server (Server.java:run(1153)) - IPC Server listener on 39427: starting
2019-06-13 06:13:37,161 INFO  server.StorageContainerManager (StorageContainerManager.java:start(765)) - ScmDatanodeProtocl RPC server is listening at /0.0.0.0:37877
2019-06-13 06:13:37,161 INFO  server.SCMDatanodeProtocolServer (SCMDatanodeProtocolServer.java:start(191)) - RPC server for DataNodes is listening at /0.0.0.0:37877
2019-06-13 06:13:37,162 INFO  ipc.Server (Server.java:run(1314)) - IPC Server Responder: starting
2019-06-13 06:13:37,162 INFO  ipc.Server (Server.java:run(1153)) - IPC Server listener on 37877: starting
2019-06-13 06:13:37,165 INFO  http.HttpServer2 (HttpServer2.java:bindListener(1191)) - Jetty bound to port 42935
2019-06-13 06:13:37,166 INFO  server.Server (Server.java:doStart(351)) - jetty-9.3.24.v20180605, build timestamp: 2018-06-05T17:11:56Z, git hash: 84205aa28f11a4f31f2a3b86d1bba2cc8ab69827
2019-06-13 06:13:37,195 INFO  handler.ContextHandler (ContextHandler.java:doStart(781)) - Started o.e.j.s.ServletContextHandler@2df6226d{/logs,file:///opt/src/hadoop-ozone/integration-test/target/log,AVAILABLE}
2019-06-13 06:13:37,196 INFO  handler.ContextHandler (ContextHandler.java:doStart(781)) - Started o.e.j.s.ServletContextHandler@4ff4357f{/static,file:///opt/src/hadoop-ozone/integration-test/target/test-classes/webapps/static,AVAILABLE}
2019-06-13 06:13:37,229 INFO  handler.ContextHandler (ContextHandler.java:doStart(781)) - Started o.e.j.w.WebAppContext@2484f433{/,file:///opt/src/hadoop-ozone/integration-test/target/test-classes/webapps/scm/,AVAILABLE}{/scm}
2019-06-13 06:13:37,235 INFO  server.AbstractConnector (AbstractConnector.java:doStart(278)) - Started ServerConnector@7547ca3c{HTTP/1.1,[http/1.1]}{0.0.0.0:42935}
2019-06-13 06:13:37,235 INFO  server.Server (Server.java:doStart(419)) - Started @1807ms
2019-06-13 06:13:37,235 INFO  server.BaseHttpServer (BaseHttpServer.java:updateConnectorAddress(207)) - HTTP server of SCM is listening at http://0.0.0.0:42935
2019-06-13 06:13:37,243 INFO  util.JvmPauseMonitor (JvmPauseMonitor.java:run(188)) - Starting JVM pause monitor
2019-06-13 06:13:37,245 WARN  scm.ScmUtils (ScmUtils.java:getDBPath(63)) - ozone.om.db.dirs is not configured. We recommend adding this setting. Falling back to ozone.metadata.dirs instead.
2019-06-13 06:13:37,335 WARN  scm.ScmUtils (ScmUtils.java:getDBPath(63)) - ozone.om.db.dirs is not configured. We recommend adding this setting. Falling back to ozone.metadata.dirs instead.
2019-06-13 06:13:37,335 INFO  om.OzoneManager (OzoneManager.java:setOMNodeDetails(519)) - OM Service ID is not set. Setting it to the default ID: omServiceIdDefault
2019-06-13 06:13:37,336 INFO  om.OzoneManager (OzoneManager.java:setOMNodeDetails(525)) - OM Node ID is not set. Setting it to the OmStorage's OmID: e60cd667-63d2-46ff-b352-ce846a8e4739
2019-06-13 06:13:37,337 WARN  scm.HddsServerUtil (HddsServerUtil.java:getDefaultRatisDirectory(354)) - Storage directory for Ratis is not configured. It is a good idea to map this to an SSD disk. Falling back to ozone.metadata.dirs
2019-06-13 06:13:37,337 WARN  scm.HddsServerUtil (HddsServerUtil.java:getDefaultRatisDirectory(354)) - Storage directory for Ratis is not configured. It is a good idea to map this to an SSD disk. Falling back to ozone.metadata.dirs
2019-06-13 06:13:37,338 INFO  om.OzoneManager (OzoneManager.java:loadOMHAConfigs(476)) - Found matching OM address with OMServiceId: null, OMNodeId: null, RPC Address: localhost:0 and Ratis port: 9872
2019-06-13 06:13:37,491 WARN  scm.ScmUtils (ScmUtils.java:getDBPath(63)) - ozone.om.db.dirs is not configured. We recommend adding this setting. Falling back to ozone.metadata.dirs instead.
2019-06-13 06:13:37,498 INFO  db.DBStoreBuilder (DBStoreBuilder.java:addTable(110)) - using custom profile for table: userTable
2019-06-13 06:13:37,498 INFO  db.DBStoreBuilder (DBStoreBuilder.java:processTables(161)) - Using default column profile:DBProfile.DISK for Table:userTable
2019-06-13 06:13:37,499 INFO  db.DBStoreBuilder (DBStoreBuilder.java:addTable(110)) - using custom profile for table: volumeTable
2019-06-13 06:13:37,499 INFO  db.DBStoreBuilder (DBStoreBuilder.java:processTables(161)) - Using default column profile:DBProfile.DISK for Table:volumeTable
2019-06-13 06:13:37,499 INFO  db.DBStoreBuilder (DBStoreBuilder.java:addTable(110)) - using custom profile for table: bucketTable
2019-06-13 06:13:37,499 INFO  db.DBStoreBuilder (DBStoreBuilder.java:processTables(161)) - Using default column profile:DBProfile.DISK for Table:bucketTable
2019-06-13 06:13:37,500 INFO  db.DBStoreBuilder (DBStoreBuilder.java:addTable(110)) - using custom profile for table: keyTable
2019-06-13 06:13:37,500 INFO  db.DBStoreBuilder (DBStoreBuilder.java:processTables(161)) - Using default column profile:DBProfile.DISK for Table:keyTable
2019-06-13 06:13:37,500 INFO  db.DBStoreBuilder (DBStoreBuilder.java:addTable(110)) - using custom profile for table: deletedTable
2019-06-13 06:13:37,500 INFO  db.DBStoreBuilder (DBStoreBuilder.java:processTables(161)) - Using default column profile:DBProfile.DISK for Table:deletedTable
2019-06-13 06:13:37,500 INFO  db.DBStoreBuilder (DBStoreBuilder.java:addTable(110)) - using custom profile for table: openKeyTable
2019-06-13 06:13:37,501 INFO  db.DBStoreBuilder (DBStoreBuilder.java:processTables(161)) - Using default column profile:DBProfile.DISK for Table:openKeyTable
2019-06-13 06:13:37,501 INFO  db.DBStoreBuilder (DBStoreBuilder.java:addTable(110)) - using custom profile for table: s3Table
2019-06-13 06:13:37,501 INFO  db.DBStoreBuilder (DBStoreBuilder.java:processTables(161)) - Using default column profile:DBProfile.DISK for Table:s3Table
2019-06-13 06:13:37,501 INFO  db.DBStoreBuilder (DBStoreBuilder.java:addTable(110)) - using custom profile for table: multipartInfoTable
2019-06-13 06:13:37,502 INFO  db.DBStoreBuilder (DBStoreBuilder.java:processTables(161)) - Using default column profile:DBProfile.DISK for Table:multipartInfoTable
2019-06-13 06:13:37,502 INFO  db.DBStoreBuilder (DBStoreBuilder.java:addTable(110)) - using custom profile for table: dTokenTable
2019-06-13 06:13:37,502 INFO  db.DBStoreBuilder (DBStoreBuilder.java:processTables(161)) - Using default column profile:DBProfile.DISK for Table:dTokenTable
2019-06-13 06:13:37,502 INFO  db.DBStoreBuilder (DBStoreBuilder.java:addTable(110)) - using custom profile for table: s3SecretTable
2019-06-13 06:13:37,503 INFO  db.DBStoreBuilder (DBStoreBuilder.java:processTables(161)) - Using default column profile:DBProfile.DISK for Table:s3SecretTable
2019-06-13 06:13:37,503 INFO  db.DBStoreBuilder (DBStoreBuilder.java:addTable(110)) - using custom profile for table: prefixTable
2019-06-13 06:13:37,503 INFO  db.DBStoreBuilder (DBStoreBuilder.java:processTables(161)) - Using default column profile:DBProfile.DISK for Table:prefixTable
2019-06-13 06:13:37,503 INFO  db.DBStoreBuilder (DBStoreBuilder.java:addTable(110)) - using custom profile for table: default
2019-06-13 06:13:37,504 INFO  db.DBStoreBuilder (DBStoreBuilder.java:processTables(167)) - Using default column profile:DBProfile.DISK for Table:default
2019-06-13 06:13:37,504 INFO  db.DBStoreBuilder (DBStoreBuilder.java:getDbProfile(198)) - Using default options. DBProfile.DISK
2019-06-13 06:13:37,939 INFO  ipc.CallQueueManager (CallQueueManager.java:<init>(84)) - Using callQueue: class java.util.concurrent.LinkedBlockingQueue, queueCapacity: 2000, scheduler: class org.apache.hadoop.ipc.DefaultRpcScheduler, ipcBackoff: false.
2019-06-13 06:13:37,940 INFO  ipc.Server (Server.java:run(1074)) - Starting Socket Reader #1 for port 38631
2019-06-13 06:13:37,961 WARN  scm.ScmUtils (ScmUtils.java:getDBPath(63)) - ozone.om.db.dirs is not configured. We recommend adding this setting. Falling back to ozone.metadata.dirs instead.
2019-06-13 06:13:37,962 INFO  om.OzoneManager (OzoneManager.java:start(1217)) - OzoneManager RPC server is listening at localhost/127.0.0.1:38631
2019-06-13 06:13:37,962 INFO  impl.MetricsSystemImpl (MetricsSystemImpl.java:init(158)) - OzoneManager metrics system started (again)
2019-06-13 06:13:37,962 INFO  ipc.Server (Server.java:run(1314)) - IPC Server Responder: starting
2019-06-13 06:13:37,963 INFO  ipc.Server (Server.java:run(1153)) - IPC Server listener on 38631: starting
2019-06-13 06:13:37,969 INFO  hdfs.DFSUtil (DFSUtil.java:httpServerTemplateForNNAndJN(1641)) - Starting Web-server for ozoneManager at: http://0.0.0.0:0
2019-06-13 06:13:37,971 INFO  server.AuthenticationFilter (AuthenticationFilter.java:constructSecretProvider(240)) - Unable to initialize FileSignerSecretProvider, falling back to use random secrets.
2019-06-13 06:13:37,974 WARN  http.HttpRequestLog (HttpRequestLog.java:getRequestLog(97)) - Jetty request log can only be enabled using Log4j
2019-06-13 06:13:37,976 INFO  http.HttpServer2 (HttpServer2.java:addGlobalFilter(975)) - Added global filter 'safety' (class=org.apache.hadoop.http.HttpServer2$QuotingInputFilter)
2019-06-13 06:13:37,977 INFO  http.HttpServer2 (HttpServer2.java:addFilter(948)) - Added filter static_user_filter (class=org.apache.hadoop.http.lib.StaticUserWebFilter$StaticUserFilter) to context ozoneManager
2019-06-13 06:13:37,977 INFO  http.HttpServer2 (HttpServer2.java:addFilter(958)) - Added filter static_user_filter (class=org.apache.hadoop.http.lib.StaticUserWebFilter$StaticUserFilter) to context static
2019-06-13 06:13:37,977 INFO  http.HttpServer2 (HttpServer2.java:addFilter(958)) - Added filter static_user_filter (class=org.apache.hadoop.http.lib.StaticUserWebFilter$StaticUserFilter) to context logs
2019-06-13 06:13:37,979 INFO  http.HttpServer2 (HttpServer2.java:bindListener(1191)) - Jetty bound to port 44289
2019-06-13 06:13:37,979 INFO  server.Server (Server.java:doStart(351)) - jetty-9.3.24.v20180605, build timestamp: 2018-06-05T17:11:56Z, git hash: 84205aa28f11a4f31f2a3b86d1bba2cc8ab69827
2019-06-13 06:13:37,980 INFO  handler.ContextHandler (ContextHandler.java:doStart(781)) - Started o.e.j.s.ServletContextHandler@bcb09a6{/logs,file:///opt/src/hadoop-ozone/integration-test/target/log,AVAILABLE}
2019-06-13 06:13:37,981 INFO  handler.ContextHandler (ContextHandler.java:doStart(781)) - Started o.e.j.s.ServletContextHandler@a619c2{/static,file:///opt/src/hadoop-ozone/integration-test/target/test-classes/webapps/static,AVAILABLE}
2019-06-13 06:13:37,986 INFO  handler.ContextHandler (ContextHandler.java:doStart(781)) - Started o.e.j.w.WebAppContext@c9d82f9{/,file:///opt/src/hadoop-ozone/integration-test/target/test-classes/webapps/ozoneManager/,AVAILABLE}{/ozoneManager}
2019-06-13 06:13:37,987 INFO  server.AbstractConnector (AbstractConnector.java:doStart(278)) - Started ServerConnector@6f012914{HTTP/1.1,[http/1.1]}{0.0.0.0:44289}
2019-06-13 06:13:37,987 INFO  server.Server (Server.java:doStart(419)) - Started @2560ms
2019-06-13 06:13:37,988 INFO  server.BaseHttpServer (BaseHttpServer.java:updateConnectorAddress(207)) - HTTP server of OZONEMANAGER is listening at http://0.0.0.0:44289
2019-06-13 06:13:38,134 INFO  impl.MetricsSystemImpl (MetricsSystemImpl.java:init(158)) - HddsDatanode metrics system started (again)
2019-06-13 06:13:38,268 INFO  ozone.HddsDatanodeService (HddsDatanodeService.java:start(185)) - HddsDatanodeService host:ozone-5hd7b-1940671811 ip:192.168.134.113
2019-06-13 06:13:38,290 INFO  volume.HddsVolume (HddsVolume.java:<init>(176)) - Creating Volume: /opt/src/hadoop-ozone/integration-test/target/test-dir/MiniOzoneClusterImpl-1553a449-c590-4e8d-b93e-f642de5e93d0/datanode-0/data/containers/hdds of  storage type : DISK and capacity : 104021790720
2019-06-13 06:13:38,291 INFO  volume.VolumeSet (VolumeSet.java:initializeVolumeSet(170)) - Added Volume : /opt/src/hadoop-ozone/integration-test/target/test-dir/MiniOzoneClusterImpl-1553a449-c590-4e8d-b93e-f642de5e93d0/datanode-0/data/containers/hdds to VolumeSet
2019-06-13 06:13:38,293 INFO  volume.ThrottledAsyncChecker (ThrottledAsyncChecker.java:schedule(140)) - Scheduling a check for org.apache.hadoop.ozone.container.common.volume.HddsVolume@6fd1660
2019-06-13 06:13:38,306 INFO  volume.HddsVolumeChecker (HddsVolumeChecker.java:checkAllVolumes(203)) - Scheduled health check for volume org.apache.hadoop.ozone.container.common.volume.HddsVolume@6fd1660
2019-06-13 06:13:38,339 INFO  ratis.XceiverServerRatis (XceiverServerRatis.java:newXceiverServerRatis(401)) - Found a free port for the server : 36713
2019-06-13 06:13:38,386 INFO  impl.RaftServerProxy (ConfUtils.java:logGet(43)) - raft.rpc.type = GRPC (default)
2019-06-13 06:13:38,393 INFO  grpc.GrpcConfigKeys$Server (ConfUtils.java:logGet(43)) - raft.grpc.server.port = 36713 (custom)
2019-06-13 06:13:38,394 INFO  server.GrpcService (ConfUtils.java:logGet(43)) - raft.grpc.message.size.max = 33570816 (custom)
2019-06-13 06:13:38,395 INFO  server.RaftServerConfigKeys (ConfUtils.java:logGet(43)) - raft.server.log.appender.buffer.byte-limit = 33554432 (custom)
2019-06-13 06:13:38,396 INFO  server.GrpcService (ConfUtils.java:logGet(43)) - raft.grpc.flow.control.window = 1MB (=1048576) (default)
2019-06-13 06:13:38,396 INFO  server.RaftServerConfigKeys (ConfUtils.java:logGet(43)) - raft.server.rpc.request.timeout = 3000ms (default)
2019-06-13 06:13:38,508 INFO  server.RaftServerConfigKeys (ConfUtils.java:logGet(43)) - raft.server.storage.dir = [/opt/src/hadoop-ozone/integration-test/target/test-dir/MiniOzoneClusterImpl-1553a449-c590-4e8d-b93e-f642de5e93d0/datanode-0/data/ratis] (custom)
2019-06-13 06:13:38,514 INFO  server.XceiverServerGrpc (XceiverServerGrpc.java:<init>(97)) - Found a free port for the server : 41427
2019-06-13 06:13:38,536 INFO  replication.SimpleContainerDownloader (SimpleContainerDownloader.java:<init>(72)) - Starting container downloader service to copy containers to replicate.
2019-06-13 06:13:38,545 INFO  hdfs.DFSUtil (DFSUtil.java:httpServerTemplateForNNAndJN(1641)) - Starting Web-server for hddsDatanode at: http://0.0.0.0:0
2019-06-13 06:13:38,546 INFO  server.AuthenticationFilter (AuthenticationFilter.java:constructSecretProvider(240)) - Unable to initialize FileSignerSecretProvider, falling back to use random secrets.
2019-06-13 06:13:38,546 WARN  http.HttpRequestLog (HttpRequestLog.java:getRequestLog(97)) - Jetty request log can only be enabled using Log4j
2019-06-13 06:13:38,548 INFO  http.HttpServer2 (HttpServer2.java:addGlobalFilter(975)) - Added global filter 'safety' (class=org.apache.hadoop.http.HttpServer2$QuotingInputFilter)
2019-06-13 06:13:38,548 INFO  http.HttpServer2 (HttpServer2.java:addFilter(948)) - Added filter static_user_filter (class=org.apache.hadoop.http.lib.StaticUserWebFilter$StaticUserFilter) to context hddsDatanode
2019-06-13 06:13:38,549 INFO  http.HttpServer2 (HttpServer2.java:addFilter(958)) - Added filter static_user_filter (class=org.apache.hadoop.http.lib.StaticUserWebFilter$StaticUserFilter) to context logs
2019-06-13 06:13:38,549 INFO  http.HttpServer2 (HttpServer2.java:addFilter(958)) - Added filter static_user_filter (class=org.apache.hadoop.http.lib.StaticUserWebFilter$StaticUserFilter) to context static
2019-06-13 06:13:38,549 INFO  http.HttpServer2 (HttpServer2.java:bindListener(1191)) - Jetty bound to port 40307
2019-06-13 06:13:38,550 INFO  server.Server (Server.java:doStart(351)) - jetty-9.3.24.v20180605, build timestamp: 2018-06-05T17:11:56Z, git hash: 84205aa28f11a4f31f2a3b86d1bba2cc8ab69827
2019-06-13 06:13:38,552 INFO  handler.ContextHandler (ContextHandler.java:doStart(781)) - Started o.e.j.s.ServletContextHandler@6438a7fe{/logs,file:///opt/src/hadoop-ozone/integration-test/target/log,AVAILABLE}
2019-06-13 06:13:38,552 INFO  handler.ContextHandler (ContextHandler.java:doStart(781)) - Started o.e.j.s.ServletContextHandler@4f5f6e45{/static,jar:file:/root/.m2/repository/org/apache/hadoop/hadoop-hdds-container-service/0.5.0-SNAPSHOT/hadoop-hdds-container-service-0.5.0-SNAPSHOT.jar!/webapps/static,AVAILABLE}
2019-06-13 06:13:38,586 INFO  handler.ContextHandler (ContextHandler.java:doStart(781)) - Started o.e.j.w.WebAppContext@36c0d0bd{/,file:///tmp/jetty-0.0.0.0-40307-hddsDatanode-_-any-1496834245755901767.dir/webapp/,AVAILABLE}{/hddsDatanode}
2019-06-13 06:13:38,586 INFO  server.AbstractConnector (AbstractConnector.java:doStart(278)) - Started ServerConnector@5e1fc2aa{HTTP/1.1,[http/1.1]}{0.0.0.0:40307}
2019-06-13 06:13:38,586 INFO  server.Server (Server.java:doStart(419)) - Started @3159ms
2019-06-13 06:13:38,587 INFO  server.BaseHttpServer (BaseHttpServer.java:updateConnectorAddress(207)) - HTTP server of HDDSDATANODE is listening at http://0.0.0.0:40307
2019-06-13 06:13:39,374 INFO  ozone.HddsDatanodeService (HddsDatanodeService.java:startPlugins(396)) - Started plug-in org.apache.hadoop.ozone.web.OzoneHddsDatanodeService@1f992a3a
2019-06-13 06:13:39,375 INFO  impl.MetricsSystemImpl (MetricsSystemImpl.java:init(158)) - HddsDatanode metrics system started (again)
2019-06-13 06:13:39,376 INFO  ozone.HddsDatanodeService (HddsDatanodeService.java:start(185)) - HddsDatanodeService host:ozone-5hd7b-1940671811 ip:192.168.134.113
2019-06-13 06:13:39,382 INFO  volume.HddsVolume (HddsVolume.java:<init>(176)) - Creating Volume: /opt/src/hadoop-ozone/integration-test/target/test-dir/MiniOzoneClusterImpl-1553a449-c590-4e8d-b93e-f642de5e93d0/datanode-1/data/containers/hdds of  storage type : DISK and capacity : 104021790720
2019-06-13 06:13:39,383 INFO  volume.VolumeSet (VolumeSet.java:initializeVolumeSet(170)) - Added Volume : /opt/src/hadoop-ozone/integration-test/target/test-dir/MiniOzoneClusterImpl-1553a449-c590-4e8d-b93e-f642de5e93d0/datanode-1/data/containers/hdds to VolumeSet
2019-06-13 06:13:39,383 INFO  volume.ThrottledAsyncChecker (ThrottledAsyncChecker.java:schedule(140)) - Scheduling a check for org.apache.hadoop.ozone.container.common.volume.HddsVolume@78a8978a
2019-06-13 06:13:39,386 INFO  util.JvmPauseMonitor (JvmPauseMonitor.java:run(188)) - Starting JVM pause monitor
2019-06-13 06:13:39,390 INFO  volume.HddsVolumeChecker (HddsVolumeChecker.java:checkAllVolumes(203)) - Scheduled health check for volume org.apache.hadoop.ozone.container.common.volume.HddsVolume@78a8978a
2019-06-13 06:13:39,399 INFO  ratis.XceiverServerRatis (XceiverServerRatis.java:newXceiverServerRatis(401)) - Found a free port for the server : 46689
2019-06-13 06:13:39,400 INFO  impl.RaftServerProxy (ConfUtils.java:logGet(43)) - raft.rpc.type = GRPC (default)
2019-06-13 06:13:39,401 INFO  grpc.GrpcConfigKeys$Server (ConfUtils.java:logGet(43)) - raft.grpc.server.port = 46689 (custom)
2019-06-13 06:13:39,401 INFO  server.GrpcService (ConfUtils.java:logGet(43)) - raft.grpc.message.size.max = 33570816 (custom)
2019-06-13 06:13:39,401 INFO  server.RaftServerConfigKeys (ConfUtils.java:logGet(43)) - raft.server.log.appender.buffer.byte-limit = 33554432 (custom)
2019-06-13 06:13:39,401 INFO  server.GrpcService (ConfUtils.java:logGet(43)) - raft.grpc.flow.control.window = 1MB (=1048576) (default)
2019-06-13 06:13:39,402 INFO  server.RaftServerConfigKeys (ConfUtils.java:logGet(43)) - raft.server.rpc.request.timeout = 3000ms (default)
2019-06-13 06:13:39,402 INFO  server.RaftServerConfigKeys (ConfUtils.java:logGet(43)) - raft.server.storage.dir = [/opt/src/hadoop-ozone/integration-test/target/test-dir/MiniOzoneClusterImpl-1553a449-c590-4e8d-b93e-f642de5e93d0/datanode-1/data/ratis] (custom)
2019-06-13 06:13:39,403 INFO  server.XceiverServerGrpc (XceiverServerGrpc.java:<init>(97)) - Found a free port for the server : 42167
2019-06-13 06:13:39,403 INFO  replication.SimpleContainerDownloader (SimpleContainerDownloader.java:<init>(72)) - Starting container downloader service to copy containers to replicate.
2019-06-13 06:13:39,404 INFO  hdfs.DFSUtil (DFSUtil.java:httpServerTemplateForNNAndJN(1641)) - Starting Web-server for hddsDatanode at: http://0.0.0.0:0
2019-06-13 06:13:39,405 INFO  server.AuthenticationFilter (AuthenticationFilter.java:constructSecretProvider(240)) - Unable to initialize FileSignerSecretProvider, falling back to use random secrets.
2019-06-13 06:13:39,409 WARN  http.HttpRequestLog (HttpRequestLog.java:getRequestLog(97)) - Jetty request log can only be enabled using Log4j
2019-06-13 06:13:39,410 INFO  http.HttpServer2 (HttpServer2.java:addGlobalFilter(975)) - Added global filter 'safety' (class=org.apache.hadoop.http.HttpServer2$QuotingInputFilter)
2019-06-13 06:13:39,411 INFO  http.HttpServer2 (HttpServer2.java:addFilter(948)) - Added filter static_user_filter (class=org.apache.hadoop.http.lib.StaticUserWebFilter$StaticUserFilter) to context hddsDatanode
2019-06-13 06:13:39,411 INFO  http.HttpServer2 (HttpServer2.java:addFilter(958)) - Added filter static_user_filter (class=org.apache.hadoop.http.lib.StaticUserWebFilter$StaticUserFilter) to context logs
2019-06-13 06:13:39,411 INFO  http.HttpServer2 (HttpServer2.java:addFilter(958)) - Added filter static_user_filter (class=org.apache.hadoop.http.lib.StaticUserWebFilter$StaticUserFilter) to context static
2019-06-13 06:13:39,412 INFO  http.HttpServer2 (HttpServer2.java:bindListener(1191)) - Jetty bound to port 45009
2019-06-13 06:13:39,412 INFO  server.Server (Server.java:doStart(351)) - jetty-9.3.24.v20180605, build timestamp: 2018-06-05T17:11:56Z, git hash: 84205aa28f11a4f31f2a3b86d1bba2cc8ab69827
2019-06-13 06:13:39,419 INFO  handler.ContextHandler (ContextHandler.java:doStart(781)) - Started o.e.j.s.ServletContextHandler@2574a9e3{/logs,file:///opt/src/hadoop-ozone/integration-test/target/log,AVAILABLE}
2019-06-13 06:13:39,420 INFO  handler.ContextHandler (ContextHandler.java:doStart(781)) - Started o.e.j.s.ServletContextHandler@422ab737{/static,jar:file:/root/.m2/repository/org/apache/hadoop/hadoop-hdds-container-service/0.5.0-SNAPSHOT/hadoop-hdds-container-service-0.5.0-SNAPSHOT.jar!/webapps/static,AVAILABLE}
2019-06-13 06:13:39,449 INFO  handler.ContextHandler (ContextHandler.java:doStart(781)) - Started o.e.j.w.WebAppContext@78da899f{/,file:///tmp/jetty-0.0.0.0-45009-hddsDatanode-_-any-8597882557427582754.dir/webapp/,AVAILABLE}{/hddsDatanode}
2019-06-13 06:13:39,449 INFO  server.AbstractConnector (AbstractConnector.java:doStart(278)) - Started ServerConnector@e7b265e{HTTP/1.1,[http/1.1]}{0.0.0.0:45009}
2019-06-13 06:13:39,450 INFO  server.Server (Server.java:doStart(419)) - Started @4022ms
2019-06-13 06:13:39,450 INFO  server.BaseHttpServer (BaseHttpServer.java:updateConnectorAddress(207)) - HTTP server of HDDSDATANODE is listening at http://0.0.0.0:45009
2019-06-13 06:13:39,469 INFO  datanode.InitDatanodeState (InitDatanodeState.java:persistContainerDatanodeDetails(140)) - DatanodeDetails is persisted to /opt/src/hadoop-ozone/integration-test/target/test-dir/MiniOzoneClusterImpl-1553a449-c590-4e8d-b93e-f642de5e93d0/datanode-0/meta/datanode.id
2019-06-13 06:13:39,584 INFO  ozone.HddsDatanodeService (HddsDatanodeService.java:startPlugins(396)) - Started plug-in org.apache.hadoop.ozone.web.OzoneHddsDatanodeService@63fd4dda
2019-06-13 06:13:39,585 INFO  impl.MetricsSystemImpl (MetricsSystemImpl.java:init(158)) - HddsDatanode metrics system started (again)
2019-06-13 06:13:39,585 INFO  ozone.HddsDatanodeService (HddsDatanodeService.java:start(185)) - HddsDatanodeService host:ozone-5hd7b-1940671811 ip:192.168.134.113
2019-06-13 06:13:39,589 INFO  util.JvmPauseMonitor (JvmPauseMonitor.java:run(188)) - Starting JVM pause monitor
2019-06-13 06:13:39,591 INFO  datanode.InitDatanodeState (InitDatanodeState.java:persistContainerDatanodeDetails(140)) - DatanodeDetails is persisted to /opt/src/hadoop-ozone/integration-test/target/test-dir/MiniOzoneClusterImpl-1553a449-c590-4e8d-b93e-f642de5e93d0/datanode-1/meta/datanode.id
2019-06-13 06:13:39,595 INFO  volume.HddsVolume (HddsVolume.java:<init>(176)) - Creating Volume: /opt/src/hadoop-ozone/integration-test/target/test-dir/MiniOzoneClusterImpl-1553a449-c590-4e8d-b93e-f642de5e93d0/datanode-2/data/containers/hdds of  storage type : DISK and capacity : 104021790720
2019-06-13 06:13:39,595 INFO  volume.VolumeSet (VolumeSet.java:initializeVolumeSet(170)) - Added Volume : /opt/src/hadoop-ozone/integration-test/target/test-dir/MiniOzoneClusterImpl-1553a449-c590-4e8d-b93e-f642de5e93d0/datanode-2/data/containers/hdds to VolumeSet
2019-06-13 06:13:39,595 INFO  volume.ThrottledAsyncChecker (ThrottledAsyncChecker.java:schedule(140)) - Scheduling a check for org.apache.hadoop.ozone.container.common.volume.HddsVolume@4b56b031
2019-06-13 06:13:39,598 INFO  volume.HddsVolumeChecker (HddsVolumeChecker.java:checkAllVolumes(203)) - Scheduled health check for volume org.apache.hadoop.ozone.container.common.volume.HddsVolume@4b56b031
2019-06-13 06:13:39,610 INFO  ratis.XceiverServerRatis (XceiverServerRatis.java:newXceiverServerRatis(401)) - Found a free port for the server : 40939
2019-06-13 06:13:39,611 INFO  impl.RaftServerProxy (ConfUtils.java:logGet(43)) - raft.rpc.type = GRPC (default)
2019-06-13 06:13:39,611 INFO  grpc.GrpcConfigKeys$Server (ConfUtils.java:logGet(43)) - raft.grpc.server.port = 40939 (custom)
2019-06-13 06:13:39,611 INFO  server.GrpcService (ConfUtils.java:logGet(43)) - raft.grpc.message.size.max = 33570816 (custom)
2019-06-13 06:13:39,612 INFO  server.RaftServerConfigKeys (ConfUtils.java:logGet(43)) - raft.server.log.appender.buffer.byte-limit = 33554432 (custom)
2019-06-13 06:13:39,612 INFO  server.GrpcService (ConfUtils.java:logGet(43)) - raft.grpc.flow.control.window = 1MB (=1048576) (default)
2019-06-13 06:13:39,612 INFO  server.RaftServerConfigKeys (ConfUtils.java:logGet(43)) - raft.server.rpc.request.timeout = 3000ms (default)
2019-06-13 06:13:39,612 INFO  server.RaftServerConfigKeys (ConfUtils.java:logGet(43)) - raft.server.storage.dir = [/opt/src/hadoop-ozone/integration-test/target/test-dir/MiniOzoneClusterImpl-1553a449-c590-4e8d-b93e-f642de5e93d0/datanode-2/data/ratis] (custom)
2019-06-13 06:13:39,613 INFO  server.XceiverServerGrpc (XceiverServerGrpc.java:<init>(97)) - Found a free port for the server : 36883
2019-06-13 06:13:39,614 INFO  replication.SimpleContainerDownloader (SimpleContainerDownloader.java:<init>(72)) - Starting container downloader service to copy containers to replicate.
2019-06-13 06:13:39,615 INFO  hdfs.DFSUtil (DFSUtil.java:httpServerTemplateForNNAndJN(1641)) - Starting Web-server for hddsDatanode at: http://0.0.0.0:0
2019-06-13 06:13:39,615 INFO  server.AuthenticationFilter (AuthenticationFilter.java:constructSecretProvider(240)) - Unable to initialize FileSignerSecretProvider, falling back to use random secrets.
2019-06-13 06:13:39,616 WARN  http.HttpRequestLog (HttpRequestLog.java:getRequestLog(97)) - Jetty request log can only be enabled using Log4j
2019-06-13 06:13:39,617 INFO  http.HttpServer2 (HttpServer2.java:addGlobalFilter(975)) - Added global filter 'safety' (class=org.apache.hadoop.http.HttpServer2$QuotingInputFilter)
2019-06-13 06:13:39,618 INFO  http.HttpServer2 (HttpServer2.java:addFilter(948)) - Added filter static_user_filter (class=org.apache.hadoop.http.lib.StaticUserWebFilter$StaticUserFilter) to context hddsDatanode
2019-06-13 06:13:39,618 INFO  http.HttpServer2 (HttpServer2.java:addFilter(958)) - Added filter static_user_filter (class=org.apache.hadoop.http.lib.StaticUserWebFilter$StaticUserFilter) to context logs
2019-06-13 06:13:39,618 INFO  http.HttpServer2 (HttpServer2.java:addFilter(958)) - Added filter static_user_filter (class=org.apache.hadoop.http.lib.StaticUserWebFilter$StaticUserFilter) to context static
2019-06-13 06:13:39,618 INFO  http.HttpServer2 (HttpServer2.java:bindListener(1191)) - Jetty bound to port 37735
2019-06-13 06:13:39,618 INFO  server.Server (Server.java:doStart(351)) - jetty-9.3.24.v20180605, build timestamp: 2018-06-05T17:11:56Z, git hash: 84205aa28f11a4f31f2a3b86d1bba2cc8ab69827
2019-06-13 06:13:39,630 INFO  handler.ContextHandler (ContextHandler.java:doStart(781)) - Started o.e.j.s.ServletContextHandler@2443abd6{/logs,file:///opt/src/hadoop-ozone/integration-test/target/log,AVAILABLE}
2019-06-13 06:13:39,631 INFO  handler.ContextHandler (ContextHandler.java:doStart(781)) - Started o.e.j.s.ServletContextHandler@bd3eff4{/static,jar:file:/root/.m2/repository/org/apache/hadoop/hadoop-hdds-container-service/0.5.0-SNAPSHOT/hadoop-hdds-container-service-0.5.0-SNAPSHOT.jar!/webapps/static,AVAILABLE}
2019-06-13 06:13:39,650 INFO  handler.ContextHandler (ContextHandler.java:doStart(781)) - Started o.e.j.w.WebAppContext@4e80a001{/,file:///tmp/jetty-0.0.0.0-37735-hddsDatanode-_-any-654502845231239898.dir/webapp/,AVAILABLE}{/hddsDatanode}
2019-06-13 06:13:39,651 INFO  server.AbstractConnector (AbstractConnector.java:doStart(278)) - Started ServerConnector@624b523{HTTP/1.1,[http/1.1]}{0.0.0.0:37735}
2019-06-13 06:13:39,652 INFO  server.Server (Server.java:doStart(419)) - Started @4224ms
2019-06-13 06:13:39,653 INFO  server.BaseHttpServer (BaseHttpServer.java:updateConnectorAddress(207)) - HTTP server of HDDSDATANODE is listening at http://0.0.0.0:37735
2019-06-13 06:13:39,801 INFO  ozone.HddsDatanodeService (HddsDatanodeService.java:startPlugins(396)) - Started plug-in org.apache.hadoop.ozone.web.OzoneHddsDatanodeService@11c78080
2019-06-13 06:13:39,802 INFO  impl.MetricsSystemImpl (MetricsSystemImpl.java:init(158)) - HddsDatanode metrics system started (again)
2019-06-13 06:13:39,802 INFO  ozone.HddsDatanodeService (HddsDatanodeService.java:start(185)) - HddsDatanodeService host:ozone-5hd7b-1940671811 ip:192.168.134.113
2019-06-13 06:13:39,827 INFO  util.JvmPauseMonitor (JvmPauseMonitor.java:run(188)) - Starting JVM pause monitor
2019-06-13 06:13:39,829 INFO  datanode.InitDatanodeState (InitDatanodeState.java:persistContainerDatanodeDetails(140)) - DatanodeDetails is persisted to /opt/src/hadoop-ozone/integration-test/target/test-dir/MiniOzoneClusterImpl-1553a449-c590-4e8d-b93e-f642de5e93d0/datanode-2/meta/datanode.id
2019-06-13 06:13:39,834 INFO  volume.HddsVolume (HddsVolume.java:<init>(176)) - Creating Volume: /opt/src/hadoop-ozone/integration-test/target/test-dir/MiniOzoneClusterImpl-1553a449-c590-4e8d-b93e-f642de5e93d0/datanode-3/data/containers/hdds of  storage type : DISK and capacity : 104021790720
2019-06-13 06:13:39,834 INFO  volume.VolumeSet (VolumeSet.java:initializeVolumeSet(170)) - Added Volume : /opt/src/hadoop-ozone/integration-test/target/test-dir/MiniOzoneClusterImpl-1553a449-c590-4e8d-b93e-f642de5e93d0/datanode-3/data/containers/hdds to VolumeSet
2019-06-13 06:13:39,834 INFO  volume.ThrottledAsyncChecker (ThrottledAsyncChecker.java:schedule(140)) - Scheduling a check for org.apache.hadoop.ozone.container.common.volume.HddsVolume@7c11d32
2019-06-13 06:13:39,835 INFO  volume.HddsVolumeChecker (HddsVolumeChecker.java:checkAllVolumes(203)) - Scheduled health check for volume org.apache.hadoop.ozone.container.common.volume.HddsVolume@7c11d32
2019-06-13 06:13:39,849 INFO  ratis.XceiverServerRatis (XceiverServerRatis.java:newXceiverServerRatis(401)) - Found a free port for the server : 45717
2019-06-13 06:13:39,851 INFO  impl.RaftServerProxy (ConfUtils.java:logGet(43)) - raft.rpc.type = GRPC (default)
2019-06-13 06:13:39,851 INFO  grpc.GrpcConfigKeys$Server (ConfUtils.java:logGet(43)) - raft.grpc.server.port = 45717 (custom)
2019-06-13 06:13:39,851 INFO  server.GrpcService (ConfUtils.java:logGet(43)) - raft.grpc.message.size.max = 33570816 (custom)
2019-06-13 06:13:39,852 INFO  server.RaftServerConfigKeys (ConfUtils.java:logGet(43)) - raft.server.log.appender.buffer.byte-limit = 33554432 (custom)
2019-06-13 06:13:39,852 INFO  server.GrpcService (ConfUtils.java:logGet(43)) - raft.grpc.flow.control.window = 1MB (=1048576) (default)
2019-06-13 06:13:39,852 INFO  server.RaftServerConfigKeys (ConfUtils.java:logGet(43)) - raft.server.rpc.request.timeout = 3000ms (default)
2019-06-13 06:13:39,853 INFO  server.RaftServerConfigKeys (ConfUtils.java:logGet(43)) - raft.server.storage.dir = [/opt/src/hadoop-ozone/integration-test/target/test-dir/MiniOzoneClusterImpl-1553a449-c590-4e8d-b93e-f642de5e93d0/datanode-3/data/ratis] (custom)
2019-06-13 06:13:39,853 INFO  server.XceiverServerGrpc (XceiverServerGrpc.java:<init>(97)) - Found a free port for the server : 40129
2019-06-13 06:13:39,853 INFO  replication.SimpleContainerDownloader (SimpleContainerDownloader.java:<init>(72)) - Starting container downloader service to copy containers to replicate.
2019-06-13 06:13:39,862 INFO  hdfs.DFSUtil (DFSUtil.java:httpServerTemplateForNNAndJN(1641)) - Starting Web-server for hddsDatanode at: http://0.0.0.0:0
2019-06-13 06:13:39,863 INFO  server.AuthenticationFilter (AuthenticationFilter.java:constructSecretProvider(240)) - Unable to initialize FileSignerSecretProvider, falling back to use random secrets.
2019-06-13 06:13:39,864 WARN  http.HttpRequestLog (HttpRequestLog.java:getRequestLog(97)) - Jetty request log can only be enabled using Log4j
2019-06-13 06:13:39,865 INFO  http.HttpServer2 (HttpServer2.java:addGlobalFilter(975)) - Added global filter 'safety' (class=org.apache.hadoop.http.HttpServer2$QuotingInputFilter)
2019-06-13 06:13:39,867 INFO  http.HttpServer2 (HttpServer2.java:addFilter(948)) - Added filter static_user_filter (class=org.apache.hadoop.http.lib.StaticUserWebFilter$StaticUserFilter) to context hddsDatanode
2019-06-13 06:13:39,868 INFO  http.HttpServer2 (HttpServer2.java:addFilter(958)) - Added filter static_user_filter (class=org.apache.hadoop.http.lib.StaticUserWebFilter$StaticUserFilter) to context logs
2019-06-13 06:13:39,868 INFO  http.HttpServer2 (HttpServer2.java:addFilter(958)) - Added filter static_user_filter (class=org.apache.hadoop.http.lib.StaticUserWebFilter$StaticUserFilter) to context static
2019-06-13 06:13:39,868 INFO  http.HttpServer2 (HttpServer2.java:bindListener(1191)) - Jetty bound to port 43811
2019-06-13 06:13:39,869 INFO  server.Server (Server.java:doStart(351)) - jetty-9.3.24.v20180605, build timestamp: 2018-06-05T17:11:56Z, git hash: 84205aa28f11a4f31f2a3b86d1bba2cc8ab69827
2019-06-13 06:13:39,886 INFO  handler.ContextHandler (ContextHandler.java:doStart(781)) - Started o.e.j.s.ServletContextHandler@25974207{/logs,file:///opt/src/hadoop-ozone/integration-test/target/log,AVAILABLE}
2019-06-13 06:13:39,887 INFO  handler.ContextHandler (ContextHandler.java:doStart(781)) - Started o.e.j.s.ServletContextHandler@195113de{/static,jar:file:/root/.m2/repository/org/apache/hadoop/hadoop-hdds-container-service/0.5.0-SNAPSHOT/hadoop-hdds-container-service-0.5.0-SNAPSHOT.jar!/webapps/static,AVAILABLE}
2019-06-13 06:13:39,917 INFO  handler.ContextHandler (ContextHandler.java:doStart(781)) - Started o.e.j.w.WebAppContext@74c9e11{/,file:///tmp/jetty-0.0.0.0-43811-hddsDatanode-_-any-5250813472502073318.dir/webapp/,AVAILABLE}{/hddsDatanode}
2019-06-13 06:13:39,919 INFO  server.AbstractConnector (AbstractConnector.java:doStart(278)) - Started ServerConnector@9fe720a{HTTP/1.1,[http/1.1]}{0.0.0.0:43811}
2019-06-13 06:13:39,921 INFO  server.Server (Server.java:doStart(419)) - Started @4493ms
2019-06-13 06:13:39,926 INFO  server.BaseHttpServer (BaseHttpServer.java:updateConnectorAddress(207)) - HTTP server of HDDSDATANODE is listening at http://0.0.0.0:43811
2019-06-13 06:13:40,072 INFO  ozone.HddsDatanodeService (HddsDatanodeService.java:startPlugins(396)) - Started plug-in org.apache.hadoop.ozone.web.OzoneHddsDatanodeService@76216830
2019-06-13 06:13:40,074 INFO  impl.MetricsSystemImpl (MetricsSystemImpl.java:init(158)) - HddsDatanode metrics system started (again)
2019-06-13 06:13:40,074 INFO  ozone.HddsDatanodeService (HddsDatanodeService.java:start(185)) - HddsDatanodeService host:ozone-5hd7b-1940671811 ip:192.168.134.113
2019-06-13 06:13:40,098 INFO  util.JvmPauseMonitor (JvmPauseMonitor.java:run(188)) - Starting JVM pause monitor
2019-06-13 06:13:40,110 INFO  datanode.InitDatanodeState (InitDatanodeState.java:persistContainerDatanodeDetails(140)) - DatanodeDetails is persisted to /opt/src/hadoop-ozone/integration-test/target/test-dir/MiniOzoneClusterImpl-1553a449-c590-4e8d-b93e-f642de5e93d0/datanode-3/meta/datanode.id
2019-06-13 06:13:40,110 INFO  volume.HddsVolume (HddsVolume.java:<init>(176)) - Creating Volume: /opt/src/hadoop-ozone/integration-test/target/test-dir/MiniOzoneClusterImpl-1553a449-c590-4e8d-b93e-f642de5e93d0/datanode-4/data/containers/hdds of  storage type : DISK and capacity : 104021790720
2019-06-13 06:13:40,111 INFO  volume.VolumeSet (VolumeSet.java:initializeVolumeSet(170)) - Added Volume : /opt/src/hadoop-ozone/integration-test/target/test-dir/MiniOzoneClusterImpl-1553a449-c590-4e8d-b93e-f642de5e93d0/datanode-4/data/containers/hdds to VolumeSet
2019-06-13 06:13:40,111 INFO  volume.ThrottledAsyncChecker (ThrottledAsyncChecker.java:schedule(140)) - Scheduling a check for org.apache.hadoop.ozone.container.common.volume.HddsVolume@391d1e33
2019-06-13 06:13:40,118 INFO  volume.HddsVolumeChecker (HddsVolumeChecker.java:checkAllVolumes(203)) - Scheduled health check for volume org.apache.hadoop.ozone.container.common.volume.HddsVolume@391d1e33
2019-06-13 06:13:40,133 INFO  ratis.XceiverServerRatis (XceiverServerRatis.java:newXceiverServerRatis(401)) - Found a free port for the server : 44213
2019-06-13 06:13:40,139 INFO  impl.RaftServerProxy (ConfUtils.java:logGet(43)) - raft.rpc.type = GRPC (default)
2019-06-13 06:13:40,140 INFO  grpc.GrpcConfigKeys$Server (ConfUtils.java:logGet(43)) - raft.grpc.server.port = 44213 (custom)
2019-06-13 06:13:40,140 INFO  server.GrpcService (ConfUtils.java:logGet(43)) - raft.grpc.message.size.max = 33570816 (custom)
2019-06-13 06:13:40,140 INFO  server.RaftServerConfigKeys (ConfUtils.java:logGet(43)) - raft.server.log.appender.buffer.byte-limit = 33554432 (custom)
2019-06-13 06:13:40,140 INFO  server.GrpcService (ConfUtils.java:logGet(43)) - raft.grpc.flow.control.window = 1MB (=1048576) (default)
2019-06-13 06:13:40,140 INFO  server.RaftServerConfigKeys (ConfUtils.java:logGet(43)) - raft.server.rpc.request.timeout = 3000ms (default)
2019-06-13 06:13:40,141 INFO  server.RaftServerConfigKeys (ConfUtils.java:logGet(43)) - raft.server.storage.dir = [/opt/src/hadoop-ozone/integration-test/target/test-dir/MiniOzoneClusterImpl-1553a449-c590-4e8d-b93e-f642de5e93d0/datanode-4/data/ratis] (custom)
2019-06-13 06:13:40,142 INFO  server.XceiverServerGrpc (XceiverServerGrpc.java:<init>(97)) - Found a free port for the server : 36265
2019-06-13 06:13:40,142 INFO  replication.SimpleContainerDownloader (SimpleContainerDownloader.java:<init>(72)) - Starting container downloader service to copy containers to replicate.
2019-06-13 06:13:40,143 INFO  hdfs.DFSUtil (DFSUtil.java:httpServerTemplateForNNAndJN(1641)) - Starting Web-server for hddsDatanode at: http://0.0.0.0:0
2019-06-13 06:13:40,144 INFO  server.AuthenticationFilter (AuthenticationFilter.java:constructSecretProvider(240)) - Unable to initialize FileSignerSecretProvider, falling back to use random secrets.
2019-06-13 06:13:40,146 WARN  http.HttpRequestLog (HttpRequestLog.java:getRequestLog(97)) - Jetty request log can only be enabled using Log4j
2019-06-13 06:13:40,147 INFO  http.HttpServer2 (HttpServer2.java:addGlobalFilter(975)) - Added global filter 'safety' (class=org.apache.hadoop.http.HttpServer2$QuotingInputFilter)
2019-06-13 06:13:40,148 INFO  http.HttpServer2 (HttpServer2.java:addFilter(948)) - Added filter static_user_filter (class=org.apache.hadoop.http.lib.StaticUserWebFilter$StaticUserFilter) to context hddsDatanode
2019-06-13 06:13:40,148 INFO  http.HttpServer2 (HttpServer2.java:addFilter(958)) - Added filter static_user_filter (class=org.apache.hadoop.http.lib.StaticUserWebFilter$StaticUserFilter) to context static
2019-06-13 06:13:40,148 INFO  http.HttpServer2 (HttpServer2.java:addFilter(958)) - Added filter static_user_filter (class=org.apache.hadoop.http.lib.StaticUserWebFilter$StaticUserFilter) to context logs
2019-06-13 06:13:40,149 INFO  http.HttpServer2 (HttpServer2.java:bindListener(1191)) - Jetty bound to port 45987
2019-06-13 06:13:40,149 INFO  server.Server (Server.java:doStart(351)) - jetty-9.3.24.v20180605, build timestamp: 2018-06-05T17:11:56Z, git hash: 84205aa28f11a4f31f2a3b86d1bba2cc8ab69827
2019-06-13 06:13:40,154 INFO  handler.ContextHandler (ContextHandler.java:doStart(781)) - Started o.e.j.s.ServletContextHandler@6f38f084{/logs,file:///opt/src/hadoop-ozone/integration-test/target/log,AVAILABLE}
2019-06-13 06:13:40,155 INFO  handler.ContextHandler (ContextHandler.java:doStart(781)) - Started o.e.j.s.ServletContextHandler@372f0a99{/static,jar:file:/root/.m2/repository/org/apache/hadoop/hadoop-hdds-container-service/0.5.0-SNAPSHOT/hadoop-hdds-container-service-0.5.0-SNAPSHOT.jar!/webapps/static,AVAILABLE}
2019-06-13 06:13:40,187 INFO  handler.ContextHandler (ContextHandler.java:doStart(781)) - Started o.e.j.w.WebAppContext@6b2fdffc{/,file:///tmp/jetty-0.0.0.0-45987-hddsDatanode-_-any-6577125336981313372.dir/webapp/,AVAILABLE}{/hddsDatanode}
2019-06-13 06:13:40,189 INFO  server.AbstractConnector (AbstractConnector.java:doStart(278)) - Started ServerConnector@2ed84ca5{HTTP/1.1,[http/1.1]}{0.0.0.0:45987}
2019-06-13 06:13:40,189 INFO  server.Server (Server.java:doStart(419)) - Started @4761ms
2019-06-13 06:13:40,190 INFO  server.BaseHttpServer (BaseHttpServer.java:updateConnectorAddress(207)) - HTTP server of HDDSDATANODE is listening at http://0.0.0.0:45987
2019-06-13 06:13:40,291 INFO  ozone.HddsDatanodeService (HddsDatanodeService.java:startPlugins(396)) - Started plug-in org.apache.hadoop.ozone.web.OzoneHddsDatanodeService@20256a0b
2019-06-13 06:13:40,292 INFO  impl.MetricsSystemImpl (MetricsSystemImpl.java:init(158)) - HddsDatanode metrics system started (again)
2019-06-13 06:13:40,292 INFO  ozone.HddsDatanodeService (HddsDatanodeService.java:start(185)) - HddsDatanodeService host:ozone-5hd7b-1940671811 ip:192.168.134.113
2019-06-13 06:13:40,299 INFO  util.JvmPauseMonitor (JvmPauseMonitor.java:run(188)) - Starting JVM pause monitor
2019-06-13 06:13:40,304 INFO  datanode.InitDatanodeState (InitDatanodeState.java:persistContainerDatanodeDetails(140)) - DatanodeDetails is persisted to /opt/src/hadoop-ozone/integration-test/target/test-dir/MiniOzoneClusterImpl-1553a449-c590-4e8d-b93e-f642de5e93d0/datanode-4/meta/datanode.id
2019-06-13 06:13:40,306 INFO  volume.HddsVolume (HddsVolume.java:<init>(176)) - Creating Volume: /opt/src/hadoop-ozone/integration-test/target/test-dir/MiniOzoneClusterImpl-1553a449-c590-4e8d-b93e-f642de5e93d0/datanode-5/data/containers/hdds of  storage type : DISK and capacity : 104021790720
2019-06-13 06:13:40,306 INFO  volume.VolumeSet (VolumeSet.java:initializeVolumeSet(170)) - Added Volume : /opt/src/hadoop-ozone/integration-test/target/test-dir/MiniOzoneClusterImpl-1553a449-c590-4e8d-b93e-f642de5e93d0/datanode-5/data/containers/hdds to VolumeSet
2019-06-13 06:13:40,307 INFO  volume.ThrottledAsyncChecker (ThrottledAsyncChecker.java:schedule(140)) - Scheduling a check for org.apache.hadoop.ozone.container.common.volume.HddsVolume@7364f68
2019-06-13 06:13:40,307 INFO  volume.HddsVolumeChecker (HddsVolumeChecker.java:checkAllVolumes(203)) - Scheduled health check for volume org.apache.hadoop.ozone.container.common.volume.HddsVolume@7364f68
2019-06-13 06:13:40,318 INFO  ratis.XceiverServerRatis (XceiverServerRatis.java:newXceiverServerRatis(401)) - Found a free port for the server : 41747
2019-06-13 06:13:40,319 INFO  impl.RaftServerProxy (ConfUtils.java:logGet(43)) - raft.rpc.type = GRPC (default)
2019-06-13 06:13:40,319 INFO  grpc.GrpcConfigKeys$Server (ConfUtils.java:logGet(43)) - raft.grpc.server.port = 41747 (custom)
2019-06-13 06:13:40,319 INFO  server.GrpcService (ConfUtils.java:logGet(43)) - raft.grpc.message.size.max = 33570816 (custom)
2019-06-13 06:13:40,320 INFO  server.RaftServerConfigKeys (ConfUtils.java:logGet(43)) - raft.server.log.appender.buffer.byte-limit = 33554432 (custom)
2019-06-13 06:13:40,320 INFO  server.GrpcService (ConfUtils.java:logGet(43)) - raft.grpc.flow.control.window = 1MB (=1048576) (default)
2019-06-13 06:13:40,320 INFO  server.RaftServerConfigKeys (ConfUtils.java:logGet(43)) - raft.server.rpc.request.timeout = 3000ms (default)
2019-06-13 06:13:40,321 INFO  server.RaftServerConfigKeys (ConfUtils.java:logGet(43)) - raft.server.storage.dir = [/opt/src/hadoop-ozone/integration-test/target/test-dir/MiniOzoneClusterImpl-1553a449-c590-4e8d-b93e-f642de5e93d0/datanode-5/data/ratis] (custom)
2019-06-13 06:13:40,321 INFO  server.XceiverServerGrpc (XceiverServerGrpc.java:<init>(97)) - Found a free port for the server : 43033
2019-06-13 06:13:40,322 INFO  replication.SimpleContainerDownloader (SimpleContainerDownloader.java:<init>(72)) - Starting container downloader service to copy containers to replicate.
2019-06-13 06:13:40,322 INFO  hdfs.DFSUtil (DFSUtil.java:httpServerTemplateForNNAndJN(1641)) - Starting Web-server for hddsDatanode at: http://0.0.0.0:0
2019-06-13 06:13:40,324 INFO  server.AuthenticationFilter (AuthenticationFilter.java:constructSecretProvider(240)) - Unable to initialize FileSignerSecretProvider, falling back to use random secrets.
2019-06-13 06:13:40,324 WARN  http.HttpRequestLog (HttpRequestLog.java:getRequestLog(97)) - Jetty request log can only be enabled using Log4j
2019-06-13 06:13:40,325 INFO  http.HttpServer2 (HttpServer2.java:addGlobalFilter(975)) - Added global filter 'safety' (class=org.apache.hadoop.http.HttpServer2$QuotingInputFilter)
2019-06-13 06:13:40,326 INFO  http.HttpServer2 (HttpServer2.java:addFilter(948)) - Added filter static_user_filter (class=org.apache.hadoop.http.lib.StaticUserWebFilter$StaticUserFilter) to context hddsDatanode
2019-06-13 06:13:40,326 INFO  http.HttpServer2 (HttpServer2.java:addFilter(958)) - Added filter static_user_filter (class=org.apache.hadoop.http.lib.StaticUserWebFilter$StaticUserFilter) to context logs
2019-06-13 06:13:40,326 INFO  http.HttpServer2 (HttpServer2.java:addFilter(958)) - Added filter static_user_filter (class=org.apache.hadoop.http.lib.StaticUserWebFilter$StaticUserFilter) to context static
2019-06-13 06:13:40,326 INFO  http.HttpServer2 (HttpServer2.java:bindListener(1191)) - Jetty bound to port 43185
2019-06-13 06:13:40,327 INFO  server.Server (Server.java:doStart(351)) - jetty-9.3.24.v20180605, build timestamp: 2018-06-05T17:11:56Z, git hash: 84205aa28f11a4f31f2a3b86d1bba2cc8ab69827
2019-06-13 06:13:40,338 INFO  handler.ContextHandler (ContextHandler.java:doStart(781)) - Started o.e.j.s.ServletContextHandler@5122e4bf{/logs,file:///opt/src/hadoop-ozone/integration-test/target/log,AVAILABLE}
2019-06-13 06:13:40,339 INFO  handler.ContextHandler (ContextHandler.java:doStart(781)) - Started o.e.j.s.ServletContextHandler@58a7dc4{/static,jar:file:/root/.m2/repository/org/apache/hadoop/hadoop-hdds-container-service/0.5.0-SNAPSHOT/hadoop-hdds-container-service-0.5.0-SNAPSHOT.jar!/webapps/static,AVAILABLE}
2019-06-13 06:13:40,361 INFO  handler.ContextHandler (ContextHandler.java:doStart(781)) - Started o.e.j.w.WebAppContext@578c3fd9{/,file:///tmp/jetty-0.0.0.0-43185-hddsDatanode-_-any-1104850476250769151.dir/webapp/,AVAILABLE}{/hddsDatanode}
2019-06-13 06:13:40,361 INFO  server.AbstractConnector (AbstractConnector.java:doStart(278)) - Started ServerConnector@245cb8df{HTTP/1.1,[http/1.1]}{0.0.0.0:43185}
2019-06-13 06:13:40,364 INFO  server.Server (Server.java:doStart(419)) - Started @4936ms
2019-06-13 06:13:40,364 INFO  server.BaseHttpServer (BaseHttpServer.java:updateConnectorAddress(207)) - HTTP server of HDDSDATANODE is listening at http://0.0.0.0:43185
2019-06-13 06:13:40,464 INFO  ozone.HddsDatanodeService (HddsDatanodeService.java:startPlugins(396)) - Started plug-in org.apache.hadoop.ozone.web.OzoneHddsDatanodeService@28daf506
2019-06-13 06:13:40,465 INFO  ozone.MiniOzoneClusterImpl (MiniOzoneClusterImpl.java:lambda$waitForClusterToBeReady$0(142)) - Waiting for cluster to be ready. Got 0 of 6 DN Heartbeats.
2019-06-13 06:13:40,470 INFO  util.JvmPauseMonitor (JvmPauseMonitor.java:run(188)) - Starting JVM pause monitor
2019-06-13 06:13:40,472 INFO  datanode.InitDatanodeState (InitDatanodeState.java:persistContainerDatanodeDetails(140)) - DatanodeDetails is persisted to /opt/src/hadoop-ozone/integration-test/target/test-dir/MiniOzoneClusterImpl-1553a449-c590-4e8d-b93e-f642de5e93d0/datanode-5/meta/datanode.id
2019-06-13 06:13:41,407 INFO  ozoneimpl.OzoneContainer (OzoneContainer.java:start(186)) - Attempting to start container services.
2019-06-13 06:13:41,407 INFO  ozoneimpl.OzoneContainer (OzoneContainer.java:startContainerScrub(160)) - Background container scrubber has been disabled by hdds.containerscrub.enabled
2019-06-13 06:13:41,407 INFO  ratis.XceiverServerRatis (XceiverServerRatis.java:start(418)) - Starting XceiverServerRatis 7289d1ce-3e1f-42df-a3bf-a6e5c1790767 at port 36713
2019-06-13 06:13:41,419 INFO  impl.RaftServerProxy (RaftServerProxy.java:lambda$start$3(299)) - 7289d1ce-3e1f-42df-a3bf-a6e5c1790767: start RPC server
2019-06-13 06:13:41,465 INFO  ozone.MiniOzoneClusterImpl (MiniOzoneClusterImpl.java:lambda$waitForClusterToBeReady$0(142)) - Waiting for cluster to be ready. Got 0 of 6 DN Heartbeats.
2019-06-13 06:13:41,530 INFO  server.GrpcService (GrpcService.java:startImpl(148)) - 7289d1ce-3e1f-42df-a3bf-a6e5c1790767: GrpcService started, listening on 0.0.0.0/0.0.0.0:36713
2019-06-13 06:13:41,594 INFO  ozoneimpl.OzoneContainer (OzoneContainer.java:start(186)) - Attempting to start container services.
2019-06-13 06:13:41,594 INFO  ozoneimpl.OzoneContainer (OzoneContainer.java:startContainerScrub(160)) - Background container scrubber has been disabled by hdds.containerscrub.enabled
2019-06-13 06:13:41,594 INFO  ratis.XceiverServerRatis (XceiverServerRatis.java:start(418)) - Starting XceiverServerRatis 46f463e5-d632-4c09-a0b7-adb09d060010 at port 46689
2019-06-13 06:13:41,600 INFO  impl.RaftServerProxy (RaftServerProxy.java:lambda$start$3(299)) - 46f463e5-d632-4c09-a0b7-adb09d060010: start RPC server
2019-06-13 06:13:41,603 INFO  server.GrpcService (GrpcService.java:startImpl(148)) - 46f463e5-d632-4c09-a0b7-adb09d060010: GrpcService started, listening on 0.0.0.0/0.0.0.0:46689
2019-06-13 06:13:41,827 INFO  ozoneimpl.OzoneContainer (OzoneContainer.java:start(186)) - Attempting to start container services.
2019-06-13 06:13:41,828 INFO  ozoneimpl.OzoneContainer (OzoneContainer.java:startContainerScrub(160)) - Background container scrubber has been disabled by hdds.containerscrub.enabled
2019-06-13 06:13:41,828 INFO  ratis.XceiverServerRatis (XceiverServerRatis.java:start(418)) - Starting XceiverServerRatis 91140bc3-a447-4085-bc7c-0117c8b2ed50 at port 40939
2019-06-13 06:13:41,835 INFO  impl.RaftServerProxy (RaftServerProxy.java:lambda$start$3(299)) - 91140bc3-a447-4085-bc7c-0117c8b2ed50: start RPC server
2019-06-13 06:13:41,837 INFO  server.GrpcService (GrpcService.java:startImpl(148)) - 91140bc3-a447-4085-bc7c-0117c8b2ed50: GrpcService started, listening on 0.0.0.0/0.0.0.0:40939
2019-06-13 06:13:42,101 INFO  ozoneimpl.OzoneContainer (OzoneContainer.java:start(186)) - Attempting to start container services.
2019-06-13 06:13:42,103 INFO  ozoneimpl.OzoneContainer (OzoneContainer.java:startContainerScrub(160)) - Background container scrubber has been disabled by hdds.containerscrub.enabled
2019-06-13 06:13:42,103 INFO  ratis.XceiverServerRatis (XceiverServerRatis.java:start(418)) - Starting XceiverServerRatis 66f892df-a9c8-4e39-8431-f35745b79f6d at port 45717
2019-06-13 06:13:42,108 INFO  impl.RaftServerProxy (RaftServerProxy.java:lambda$start$3(299)) - 66f892df-a9c8-4e39-8431-f35745b79f6d: start RPC server
2019-06-13 06:13:42,110 INFO  server.GrpcService (GrpcService.java:startImpl(148)) - 66f892df-a9c8-4e39-8431-f35745b79f6d: GrpcService started, listening on 0.0.0.0/0.0.0.0:45717
2019-06-13 06:13:42,303 INFO  ozoneimpl.OzoneContainer (OzoneContainer.java:start(186)) - Attempting to start container services.
2019-06-13 06:13:42,304 INFO  ozoneimpl.OzoneContainer (OzoneContainer.java:startContainerScrub(160)) - Background container scrubber has been disabled by hdds.containerscrub.enabled
2019-06-13 06:13:42,304 INFO  ratis.XceiverServerRatis (XceiverServerRatis.java:start(418)) - Starting XceiverServerRatis 3caa791d-1d43-40e7-9014-149b1f466201 at port 44213
2019-06-13 06:13:42,308 INFO  impl.RaftServerProxy (RaftServerProxy.java:lambda$start$3(299)) - 3caa791d-1d43-40e7-9014-149b1f466201: start RPC server
2019-06-13 06:13:42,310 INFO  server.GrpcService (GrpcService.java:startImpl(148)) - 3caa791d-1d43-40e7-9014-149b1f466201: GrpcService started, listening on 0.0.0.0/0.0.0.0:44213
2019-06-13 06:13:42,465 INFO  ozone.MiniOzoneClusterImpl (MiniOzoneClusterImpl.java:lambda$waitForClusterToBeReady$0(142)) - Waiting for cluster to be ready. Got 0 of 6 DN Heartbeats.
2019-06-13 06:13:42,475 INFO  ozoneimpl.OzoneContainer (OzoneContainer.java:start(186)) - Attempting to start container services.
2019-06-13 06:13:42,476 INFO  ozoneimpl.OzoneContainer (OzoneContainer.java:startContainerScrub(160)) - Background container scrubber has been disabled by hdds.containerscrub.enabled
2019-06-13 06:13:42,476 INFO  ratis.XceiverServerRatis (XceiverServerRatis.java:start(418)) - Starting XceiverServerRatis e5c418c9-a5d3-49e1-8722-7f583e9033c9 at port 41747
2019-06-13 06:13:42,481 INFO  impl.RaftServerProxy (RaftServerProxy.java:lambda$start$3(299)) - e5c418c9-a5d3-49e1-8722-7f583e9033c9: start RPC server
2019-06-13 06:13:42,483 INFO  server.GrpcService (GrpcService.java:startImpl(148)) - e5c418c9-a5d3-49e1-8722-7f583e9033c9: GrpcService started, listening on 0.0.0.0/0.0.0.0:41747
2019-06-13 06:13:43,407 INFO  node.SCMNodeManager (SCMNodeManager.java:register(234)) - Registered Data node : 7289d1ce-3e1f-42df-a3bf-a6e5c1790767{ip: 192.168.134.113, host: ozone-5hd7b-1940671811, networkLocation: /default-rack, certSerialId: null}
2019-06-13 06:13:43,411 INFO  safemode.SCMSafeModeManager (DataNodeSafeModeRule.java:process(71)) - SCM in safe mode. 1 DataNodes registered, 1 required.
2019-06-13 06:13:43,411 INFO  safemode.SCMSafeModeManager (SCMSafeModeManager.java:validateSafeModeExitRules(177)) - ScmSafeModeManager, all rules are successfully validated
2019-06-13 06:13:43,411 INFO  safemode.SCMSafeModeManager (SCMSafeModeManager.java:exitSafeMode(193)) - SCM exiting safe mode.
2019-06-13 06:13:43,466 INFO  ozone.MiniOzoneClusterImpl (MiniOzoneClusterImpl.java:lambda$waitForClusterToBeReady$0(142)) - Waiting for cluster to be ready. Got 1 of 6 DN Heartbeats.
2019-06-13 06:13:43,591 INFO  node.SCMNodeManager (SCMNodeManager.java:register(234)) - Registered Data node : 46f463e5-d632-4c09-a0b7-adb09d060010{ip: 192.168.134.113, host: ozone-5hd7b-1940671811, networkLocation: /default-rack, certSerialId: null}
2019-06-13 06:13:43,741 INFO  impl.RaftServerProxy (RaftServerProxy.java:addNew(89)) - 7289d1ce-3e1f-42df-a3bf-a6e5c1790767: addNew group-C4016F68C9BA:[7289d1ce-3e1f-42df-a3bf-a6e5c1790767:192.168.134.113:36713] returns group-C4016F68C9BA:java.util.concurrent.CompletableFuture@7cc57488[Not completed]
2019-06-13 06:13:43,746 INFO  impl.RaftServerImpl (RaftServerImpl.java:<init>(91)) - 7289d1ce-3e1f-42df-a3bf-a6e5c1790767: new RaftServerImpl for group-C4016F68C9BA:[7289d1ce-3e1f-42df-a3bf-a6e5c1790767:192.168.134.113:36713] with ContainerStateMachine:uninitialized
2019-06-13 06:13:43,748 INFO  server.RaftServerConfigKeys (ConfUtils.java:logGet(43)) - raft.server.rpc.timeout.min = 1s (custom)
2019-06-13 06:13:43,748 INFO  server.RaftServerConfigKeys (ConfUtils.java:logGet(43)) - raft.server.rpc.timeout.max = 1200ms (custom)
2019-06-13 06:13:43,748 INFO  server.RaftServerConfigKeys (ConfUtils.java:logGet(43)) - raft.server.rpcslowness.timeout = 10s (custom)
2019-06-13 06:13:43,749 INFO  server.RaftServerConfigKeys (ConfUtils.java:logGet(43)) - raft.server.log.appender.install.snapshot.enabled = true (default)
2019-06-13 06:13:43,754 INFO  impl.RaftServerImpl (ServerState.java:<init>(101)) - 7289d1ce-3e1f-42df-a3bf-a6e5c1790767:group-C4016F68C9BA ConfigurationManager, init=-1: [7289d1ce-3e1f-42df-a3bf-a6e5c1790767:192.168.134.113:36713], old=null, confs=<EMPTY_MAP>
2019-06-13 06:13:43,754 INFO  server.RaftServerConfigKeys (ConfUtils.java:logGet(43)) - raft.server.storage.dir = [/opt/src/hadoop-ozone/integration-test/target/test-dir/MiniOzoneClusterImpl-1553a449-c590-4e8d-b93e-f642de5e93d0/datanode-0/data/ratis] (custom)
2019-06-13 06:13:43,762 INFO  storage.RaftStorageDirectory (RaftStorageDirectory.java:analyzeStorage(246)) - The storage directory /opt/src/hadoop-ozone/integration-test/target/test-dir/MiniOzoneClusterImpl-1553a449-c590-4e8d-b93e-f642de5e93d0/datanode-0/data/ratis/c5cc7876-eb49-4874-8b12-c4016f68c9ba does not exist. Creating ...
2019-06-13 06:13:43,767 INFO  storage.RaftStorageDirectory (RaftStorageDirectory.java:tryLock(328)) - Lock on /opt/src/hadoop-ozone/integration-test/target/test-dir/MiniOzoneClusterImpl-1553a449-c590-4e8d-b93e-f642de5e93d0/datanode-0/data/ratis/c5cc7876-eb49-4874-8b12-c4016f68c9ba/in_use.lock acquired by nodename 10164@ozone-5hd7b-1940671811
2019-06-13 06:13:43,770 INFO  storage.RaftStorage (RaftStorage.java:format(75)) - Storage directory /opt/src/hadoop-ozone/integration-test/target/test-dir/MiniOzoneClusterImpl-1553a449-c590-4e8d-b93e-f642de5e93d0/datanode-0/data/ratis/c5cc7876-eb49-4874-8b12-c4016f68c9ba has been successfully formatted.
2019-06-13 06:13:43,771 INFO  ratis.ContainerStateMachine (ContainerStateMachine.java:loadSnapshot(199)) - The snapshot info is null.Setting the last applied index to:(t:0, i:~)
2019-06-13 06:13:43,772 INFO  server.RaftServerConfigKeys (ConfUtils.java:logGet(43)) - raft.server.leader.election.timeout = 10s (custom)
2019-06-13 06:13:43,773 INFO  server.RaftServerConfigKeys (ConfUtils.java:logGet(43)) - raft.server.log.use.memory = false (default)
2019-06-13 06:13:43,903 INFO  server.RaftServerConfigKeys (ConfUtils.java:logGet(43)) - raft.server.log.appender.buffer.byte-limit = 33554432 (custom)
2019-06-13 06:13:43,903 INFO  node.SCMNodeManager (SCMNodeManager.java:register(234)) - Registered Data node : 91140bc3-a447-4085-bc7c-0117c8b2ed50{ip: 192.168.134.113, host: ozone-5hd7b-1940671811, networkLocation: /default-rack, certSerialId: null}
2019-06-13 06:13:43,907 INFO  server.RaftServerConfigKeys (ConfUtils.java:logGet(43)) - raft.server.log.segment.size.max = 16384 (custom)
2019-06-13 06:13:43,911 INFO  server.RaftServerConfigKeys (ConfUtils.java:logGet(43)) - raft.server.log.segment.cache.num.max = 2 (custom)
2019-06-13 06:13:43,914 INFO  storage.RaftLogWorker (RaftLogWorker.java:<init>(123)) - new 7289d1ce-3e1f-42df-a3bf-a6e5c1790767-RaftLogWorker for Storage Directory /opt/src/hadoop-ozone/integration-test/target/test-dir/MiniOzoneClusterImpl-1553a449-c590-4e8d-b93e-f642de5e93d0/datanode-0/data/ratis/c5cc7876-eb49-4874-8b12-c4016f68c9ba
2019-06-13 06:13:43,915 INFO  server.RaftServerConfigKeys (ConfUtils.java:logGet(43)) - raft.server.log.queue.byte-limit = 2147483647 (custom)
2019-06-13 06:13:43,915 INFO  server.RaftServerConfigKeys (ConfUtils.java:logGet(43)) - raft.server.log.queue.element-limit = 1024 (custom)
2019-06-13 06:13:43,917 INFO  server.RaftServerConfigKeys (ConfUtils.java:logGet(43)) - raft.server.log.segment.size.max = 16384 (custom)
2019-06-13 06:13:43,917 INFO  server.RaftServerConfigKeys (ConfUtils.java:logGet(43)) - raft.server.log.preallocated.size = 16384 (custom)
2019-06-13 06:13:43,918 INFO  server.RaftServerConfigKeys (ConfUtils.java:logGet(43)) - raft.server.log.write.buffer.size = 33554432 (custom)
2019-06-13 06:13:43,918 INFO  server.RaftServerConfigKeys (ConfUtils.java:logGet(43)) - raft.server.log.force.sync.num = 128 (default)
2019-06-13 06:13:43,919 INFO  server.RaftServerConfigKeys (ConfUtils.java:logGet(43)) - raft.server.log.statemachine.data.sync = true (default)
2019-06-13 06:13:43,920 INFO  server.RaftServerConfigKeys (ConfUtils.java:logGet(43)) - raft.server.log.statemachine.data.sync.timeout = 10s (default)
2019-06-13 06:13:43,920 INFO  server.RaftServerConfigKeys (ConfUtils.java:logGet(43)) - raft.server.log.statemachine.data.sync.timeout.retry = -1 (default)
2019-06-13 06:13:43,923 INFO  server.RaftServerConfigKeys (ConfUtils.java:logGet(43)) - raft.server.log.statemachine.data.caching.enabled = true (custom)
2019-06-13 06:13:43,928 INFO  server.RaftServerConfigKeys (ConfUtils.java:logGet(43)) - raft.server.snapshot.auto.trigger.enabled = true (custom)
2019-06-13 06:13:43,929 INFO  server.RaftServerConfigKeys (ConfUtils.java:logGet(43)) - raft.server.snapshot.auto.trigger.threshold = 10000 (custom)
2019-06-13 06:13:43,929 INFO  server.RaftServerConfigKeys (ConfUtils.java:logGet(43)) - raft.server.retrycache.expirytime = 600000ms (custom)
2019-06-13 06:13:43,948 INFO  impl.RaftServerImpl (RaftServerImpl.java:start(173)) - 7289d1ce-3e1f-42df-a3bf-a6e5c1790767: start group-C4016F68C9BA
2019-06-13 06:13:43,949 INFO  impl.RaftServerImpl (RaftServerImpl.java:setRole(164)) - 7289d1ce-3e1f-42df-a3bf-a6e5c1790767:group-C4016F68C9BA changes role from null to FOLLOWER at term 0 for startAsFollower
2019-06-13 06:13:43,950 INFO  impl.RoleInfo (RoleInfo.java:updateAndGet(143)) - 7289d1ce-3e1f-42df-a3bf-a6e5c1790767: start FollowerState
2019-06-13 06:13:43,952 INFO  util.JmxRegister (JmxRegister.java:tryRegister(44)) - Successfully registered JMX Bean with object name Ratis:service=RaftServer,group=group-C4016F68C9BA,id=7289d1ce-3e1f-42df-a3bf-a6e5c1790767
2019-06-13 06:13:43,992 INFO  pipeline.PipelineStateManager (PipelineStateManager.java:addPipeline(56)) - Created pipeline Pipeline[ Id: c5cc7876-eb49-4874-8b12-c4016f68c9ba, Nodes: 7289d1ce-3e1f-42df-a3bf-a6e5c1790767{ip: 192.168.134.113, host: ozone-5hd7b-1940671811, networkLocation: /default-rack, certSerialId: null}, Type:RATIS, Factor:ONE, State:OPEN]
2019-06-13 06:13:44,010 INFO  impl.RaftServerProxy (RaftServerProxy.java:addNew(89)) - 46f463e5-d632-4c09-a0b7-adb09d060010: addNew group-24B84521B437:[46f463e5-d632-4c09-a0b7-adb09d060010:192.168.134.113:46689] returns group-24B84521B437:java.util.concurrent.CompletableFuture@2f79352e[Not completed]
2019-06-13 06:13:44,010 INFO  impl.RaftServerImpl (RaftServerImpl.java:<init>(91)) - 46f463e5-d632-4c09-a0b7-adb09d060010: new RaftServerImpl for group-24B84521B437:[46f463e5-d632-4c09-a0b7-adb09d060010:192.168.134.113:46689] with ContainerStateMachine:uninitialized
2019-06-13 06:13:44,011 INFO  server.RaftServerConfigKeys (ConfUtils.java:logGet(43)) - raft.server.rpc.timeout.min = 1s (custom)
2019-06-13 06:13:44,011 INFO  server.RaftServerConfigKeys (ConfUtils.java:logGet(43)) - raft.server.rpc.timeout.max = 1200ms (custom)
2019-06-13 06:13:44,012 INFO  server.RaftServerConfigKeys (ConfUtils.java:logGet(43)) - raft.server.rpcslowness.timeout = 10s (custom)
2019-06-13 06:13:44,012 INFO  server.RaftServerConfigKeys (ConfUtils.java:logGet(43)) - raft.server.log.appender.install.snapshot.enabled = true (default)
2019-06-13 06:13:44,012 INFO  impl.RaftServerImpl (ServerState.java:<init>(101)) - 46f463e5-d632-4c09-a0b7-adb09d060010:group-24B84521B437 ConfigurationManager, init=-1: [46f463e5-d632-4c09-a0b7-adb09d060010:192.168.134.113:46689], old=null, confs=<EMPTY_MAP>
2019-06-13 06:13:44,012 INFO  server.RaftServerConfigKeys (ConfUtils.java:logGet(43)) - raft.server.storage.dir = [/opt/src/hadoop-ozone/integration-test/target/test-dir/MiniOzoneClusterImpl-1553a449-c590-4e8d-b93e-f642de5e93d0/datanode-1/data/ratis] (custom)
2019-06-13 06:13:44,012 INFO  storage.RaftStorageDirectory (RaftStorageDirectory.java:analyzeStorage(246)) - The storage directory /opt/src/hadoop-ozone/integration-test/target/test-dir/MiniOzoneClusterImpl-1553a449-c590-4e8d-b93e-f642de5e93d0/datanode-1/data/ratis/84e3c6df-1acd-4eb3-aec0-24b84521b437 does not exist. Creating ...
2019-06-13 06:13:44,014 INFO  storage.RaftStorageDirectory (RaftStorageDirectory.java:tryLock(328)) - Lock on /opt/src/hadoop-ozone/integration-test/target/test-dir/MiniOzoneClusterImpl-1553a449-c590-4e8d-b93e-f642de5e93d0/datanode-1/data/ratis/84e3c6df-1acd-4eb3-aec0-24b84521b437/in_use.lock acquired by nodename 10164@ozone-5hd7b-1940671811
2019-06-13 06:13:44,016 INFO  storage.RaftStorage (RaftStorage.java:format(75)) - Storage directory /opt/src/hadoop-ozone/integration-test/target/test-dir/MiniOzoneClusterImpl-1553a449-c590-4e8d-b93e-f642de5e93d0/datanode-1/data/ratis/84e3c6df-1acd-4eb3-aec0-24b84521b437 has been successfully formatted.
2019-06-13 06:13:44,016 INFO  ratis.ContainerStateMachine (ContainerStateMachine.java:loadSnapshot(199)) - The snapshot info is null.Setting the last applied index to:(t:0, i:~)
2019-06-13 06:13:44,017 INFO  server.RaftServerConfigKeys (ConfUtils.java:logGet(43)) - raft.server.leader.election.timeout = 10s (custom)
2019-06-13 06:13:44,017 INFO  server.RaftServerConfigKeys (ConfUtils.java:logGet(43)) - raft.server.log.use.memory = false (default)
2019-06-13 06:13:44,017 INFO  server.RaftServerConfigKeys (ConfUtils.java:logGet(43)) - raft.server.log.appender.buffer.byte-limit = 33554432 (custom)
2019-06-13 06:13:44,017 INFO  server.RaftServerConfigKeys (ConfUtils.java:logGet(43)) - raft.server.log.segment.size.max = 16384 (custom)
2019-06-13 06:13:44,017 INFO  server.RaftServerConfigKeys (ConfUtils.java:logGet(43)) - raft.server.log.segment.cache.num.max = 2 (custom)
2019-06-13 06:13:44,017 INFO  storage.RaftLogWorker (RaftLogWorker.java:<init>(123)) - new 46f463e5-d632-4c09-a0b7-adb09d060010-RaftLogWorker for Storage Directory /opt/src/hadoop-ozone/integration-test/target/test-dir/MiniOzoneClusterImpl-1553a449-c590-4e8d-b93e-f642de5e93d0/datanode-1/data/ratis/84e3c6df-1acd-4eb3-aec0-24b84521b437
2019-06-13 06:13:44,018 INFO  server.RaftServerConfigKeys (ConfUtils.java:logGet(43)) - raft.server.log.queue.byte-limit = 2147483647 (custom)
2019-06-13 06:13:44,018 INFO  server.RaftServerConfigKeys (ConfUtils.java:logGet(43)) - raft.server.log.queue.element-limit = 1024 (custom)
2019-06-13 06:13:44,018 INFO  server.RaftServerConfigKeys (ConfUtils.java:logGet(43)) - raft.server.log.segment.size.max = 16384 (custom)
2019-06-13 06:13:44,018 INFO  server.RaftServerConfigKeys (ConfUtils.java:logGet(43)) - raft.server.log.preallocated.size = 16384 (custom)
2019-06-13 06:13:44,018 INFO  server.RaftServerConfigKeys (ConfUtils.java:logGet(43)) - raft.server.log.write.buffer.size = 33554432 (custom)
2019-06-13 06:13:44,018 INFO  server.RaftServerConfigKeys (ConfUtils.java:logGet(43)) - raft.server.log.force.sync.num = 128 (default)
2019-06-13 06:13:44,018 INFO  server.RaftServerConfigKeys (ConfUtils.java:logGet(43)) - raft.server.log.statemachine.data.sync = true (default)
2019-06-13 06:13:44,019 INFO  server.RaftServerConfigKeys (ConfUtils.java:logGet(43)) - raft.server.log.statemachine.data.sync.timeout = 10s (default)
2019-06-13 06:13:44,019 INFO  server.RaftServerConfigKeys (ConfUtils.java:logGet(43)) - raft.server.log.statemachine.data.sync.timeout.retry = -1 (default)
2019-06-13 06:13:44,019 INFO  server.RaftServerConfigKeys (ConfUtils.java:logGet(43)) - raft.server.log.statemachine.data.caching.enabled = true (custom)
2019-06-13 06:13:44,019 INFO  server.RaftServerConfigKeys (ConfUtils.java:logGet(43)) - raft.server.snapshot.auto.trigger.enabled = true (custom)
2019-06-13 06:13:44,019 INFO  server.RaftServerConfigKeys (ConfUtils.java:logGet(43)) - raft.server.snapshot.auto.trigger.threshold = 10000 (custom)
2019-06-13 06:13:44,019 INFO  server.RaftServerConfigKeys (ConfUtils.java:logGet(43)) - raft.server.retrycache.expirytime = 600000ms (custom)
2019-06-13 06:13:44,020 INFO  impl.RaftServerImpl (RaftServerImpl.java:start(173)) - 46f463e5-d632-4c09-a0b7-adb09d060010: start group-24B84521B437
2019-06-13 06:13:44,020 INFO  impl.RaftServerImpl (RaftServerImpl.java:setRole(164)) - 46f463e5-d632-4c09-a0b7-adb09d060010:group-24B84521B437 changes role from null to FOLLOWER at term 0 for startAsFollower
2019-06-13 06:13:44,020 INFO  impl.RoleInfo (RoleInfo.java:updateAndGet(143)) - 46f463e5-d632-4c09-a0b7-adb09d060010: start FollowerState
2019-06-13 06:13:44,021 INFO  util.JmxRegister (JmxRegister.java:tryRegister(44)) - Successfully registered JMX Bean with object name Ratis:service=RaftServer,group=group-24B84521B437,id=46f463e5-d632-4c09-a0b7-adb09d060010
2019-06-13 06:13:44,032 INFO  pipeline.PipelineStateManager (PipelineStateManager.java:addPipeline(56)) - Created pipeline Pipeline[ Id: 84e3c6df-1acd-4eb3-aec0-24b84521b437, Nodes: 46f463e5-d632-4c09-a0b7-adb09d060010{ip: 192.168.134.113, host: ozone-5hd7b-1940671811, networkLocation: /default-rack, certSerialId: null}, Type:RATIS, Factor:ONE, State:OPEN]
2019-06-13 06:13:44,046 INFO  impl.RaftServerProxy (RaftServerProxy.java:addNew(89)) - 91140bc3-a447-4085-bc7c-0117c8b2ed50: addNew group-5F735443A09B:[91140bc3-a447-4085-bc7c-0117c8b2ed50:192.168.134.113:40939] returns group-5F735443A09B:java.util.concurrent.CompletableFuture@356c9dac[Not completed]
2019-06-13 06:13:44,085 INFO  impl.RaftServerImpl (RaftServerImpl.java:<init>(91)) - 91140bc3-a447-4085-bc7c-0117c8b2ed50: new RaftServerImpl for group-5F735443A09B:[91140bc3-a447-4085-bc7c-0117c8b2ed50:192.168.134.113:40939] with ContainerStateMachine:uninitialized
2019-06-13 06:13:44,085 INFO  server.RaftServerConfigKeys (ConfUtils.java:logGet(43)) - raft.server.rpc.timeout.min = 1s (custom)
2019-06-13 06:13:44,085 INFO  server.RaftServerConfigKeys (ConfUtils.java:logGet(43)) - raft.server.rpc.timeout.max = 1200ms (custom)
2019-06-13 06:13:44,085 INFO  server.RaftServerConfigKeys (ConfUtils.java:logGet(43)) - raft.server.rpcslowness.timeout = 10s (custom)
2019-06-13 06:13:44,085 INFO  server.RaftServerConfigKeys (ConfUtils.java:logGet(43)) - raft.server.log.appender.install.snapshot.enabled = true (default)
2019-06-13 06:13:44,085 INFO  impl.RaftServerImpl (ServerState.java:<init>(101)) - 91140bc3-a447-4085-bc7c-0117c8b2ed50:group-5F735443A09B ConfigurationManager, init=-1: [91140bc3-a447-4085-bc7c-0117c8b2ed50:192.168.134.113:40939], old=null, confs=<EMPTY_MAP>
2019-06-13 06:13:44,086 INFO  server.RaftServerConfigKeys (ConfUtils.java:logGet(43)) - raft.server.storage.dir = [/opt/src/hadoop-ozone/integration-test/target/test-dir/MiniOzoneClusterImpl-1553a449-c590-4e8d-b93e-f642de5e93d0/datanode-2/data/ratis] (custom)
2019-06-13 06:13:44,086 INFO  storage.RaftStorageDirectory (RaftStorageDirectory.java:analyzeStorage(246)) - The storage directory /opt/src/hadoop-ozone/integration-test/target/test-dir/MiniOzoneClusterImpl-1553a449-c590-4e8d-b93e-f642de5e93d0/datanode-2/data/ratis/9ca527f5-8781-4afd-9b3b-5f735443a09b does not exist. Creating ...
2019-06-13 06:13:44,089 INFO  storage.RaftStorageDirectory (RaftStorageDirectory.java:tryLock(328)) - Lock on /opt/src/hadoop-ozone/integration-test/target/test-dir/MiniOzoneClusterImpl-1553a449-c590-4e8d-b93e-f642de5e93d0/datanode-2/data/ratis/9ca527f5-8781-4afd-9b3b-5f735443a09b/in_use.lock acquired by nodename 10164@ozone-5hd7b-1940671811
2019-06-13 06:13:44,091 INFO  storage.RaftStorage (RaftStorage.java:format(75)) - Storage directory /opt/src/hadoop-ozone/integration-test/target/test-dir/MiniOzoneClusterImpl-1553a449-c590-4e8d-b93e-f642de5e93d0/datanode-2/data/ratis/9ca527f5-8781-4afd-9b3b-5f735443a09b has been successfully formatted.
2019-06-13 06:13:44,092 INFO  ratis.ContainerStateMachine (ContainerStateMachine.java:loadSnapshot(199)) - The snapshot info is null.Setting the last applied index to:(t:0, i:~)
2019-06-13 06:13:44,093 INFO  server.RaftServerConfigKeys (ConfUtils.java:logGet(43)) - raft.server.leader.election.timeout = 10s (custom)
2019-06-13 06:13:44,093 INFO  server.RaftServerConfigKeys (ConfUtils.java:logGet(43)) - raft.server.log.use.memory = false (default)
2019-06-13 06:13:44,094 INFO  server.RaftServerConfigKeys (ConfUtils.java:logGet(43)) - raft.server.log.appender.buffer.byte-limit = 33554432 (custom)
2019-06-13 06:13:44,094 INFO  server.RaftServerConfigKeys (ConfUtils.java:logGet(43)) - raft.server.log.segment.size.max = 16384 (custom)
2019-06-13 06:13:44,094 INFO  server.RaftServerConfigKeys (ConfUtils.java:logGet(43)) - raft.server.log.segment.cache.num.max = 2 (custom)
2019-06-13 06:13:44,094 INFO  storage.RaftLogWorker (RaftLogWorker.java:<init>(123)) - new 91140bc3-a447-4085-bc7c-0117c8b2ed50-RaftLogWorker for Storage Directory /opt/src/hadoop-ozone/integration-test/target/test-dir/MiniOzoneClusterImpl-1553a449-c590-4e8d-b93e-f642de5e93d0/datanode-2/data/ratis/9ca527f5-8781-4afd-9b3b-5f735443a09b
2019-06-13 06:13:44,094 INFO  server.RaftServerConfigKeys (ConfUtils.java:logGet(43)) - raft.server.log.queue.byte-limit = 2147483647 (custom)
2019-06-13 06:13:44,094 INFO  server.RaftServerConfigKeys (ConfUtils.java:logGet(43)) - raft.server.log.queue.element-limit = 1024 (custom)
2019-06-13 06:13:44,094 INFO  server.RaftServerConfigKeys (ConfUtils.java:logGet(43)) - raft.server.log.segment.size.max = 16384 (custom)
2019-06-13 06:13:44,094 INFO  server.RaftServerConfigKeys (ConfUtils.java:logGet(43)) - raft.server.log.preallocated.size = 16384 (custom)
2019-06-13 06:13:44,094 INFO  server.RaftServerConfigKeys (ConfUtils.java:logGet(43)) - raft.server.log.write.buffer.size = 33554432 (custom)
2019-06-13 06:13:44,094 INFO  server.RaftServerConfigKeys (ConfUtils.java:logGet(43)) - raft.server.log.force.sync.num = 128 (default)
2019-06-13 06:13:44,094 INFO  server.RaftServerConfigKeys (ConfUtils.java:logGet(43)) - raft.server.log.statemachine.data.sync = true (default)
2019-06-13 06:13:44,095 INFO  server.RaftServerConfigKeys (ConfUtils.java:logGet(43)) - raft.server.log.statemachine.data.sync.timeout = 10s (default)
2019-06-13 06:13:44,095 INFO  server.RaftServerConfigKeys (ConfUtils.java:logGet(43)) - raft.server.log.statemachine.data.sync.timeout.retry = -1 (default)
2019-06-13 06:13:44,095 INFO  server.RaftServerConfigKeys (ConfUtils.java:logGet(43)) - raft.server.log.statemachine.data.caching.enabled = true (custom)
2019-06-13 06:13:44,095 INFO  server.RaftServerConfigKeys (ConfUtils.java:logGet(43)) - raft.server.snapshot.auto.trigger.enabled = true (custom)
2019-06-13 06:13:44,095 INFO  server.RaftServerConfigKeys (ConfUtils.java:logGet(43)) - raft.server.snapshot.auto.trigger.threshold = 10000 (custom)
2019-06-13 06:13:44,095 INFO  server.RaftServerConfigKeys (ConfUtils.java:logGet(43)) - raft.server.retrycache.expirytime = 600000ms (custom)
2019-06-13 06:13:44,095 INFO  impl.RaftServerImpl (RaftServerImpl.java:start(173)) - 91140bc3-a447-4085-bc7c-0117c8b2ed50: start group-5F735443A09B
2019-06-13 06:13:44,096 INFO  impl.RaftServerImpl (RaftServerImpl.java:setRole(164)) - 91140bc3-a447-4085-bc7c-0117c8b2ed50:group-5F735443A09B changes role from null to FOLLOWER at term 0 for startAsFollower
2019-06-13 06:13:44,096 INFO  impl.RoleInfo (RoleInfo.java:updateAndGet(143)) - 91140bc3-a447-4085-bc7c-0117c8b2ed50: start FollowerState
2019-06-13 06:13:44,096 INFO  util.JmxRegister (JmxRegister.java:tryRegister(44)) - Successfully registered JMX Bean with object name Ratis:service=RaftServer,group=group-5F735443A09B,id=91140bc3-a447-4085-bc7c-0117c8b2ed50
2019-06-13 06:13:44,103 INFO  node.SCMNodeManager (SCMNodeManager.java:register(234)) - Registered Data node : 66f892df-a9c8-4e39-8431-f35745b79f6d{ip: 192.168.134.113, host: ozone-5hd7b-1940671811, networkLocation: /default-rack, certSerialId: null}
2019-06-13 06:13:44,109 INFO  pipeline.PipelineStateManager (PipelineStateManager.java:addPipeline(56)) - Created pipeline Pipeline[ Id: 9ca527f5-8781-4afd-9b3b-5f735443a09b, Nodes: 91140bc3-a447-4085-bc7c-0117c8b2ed50{ip: 192.168.134.113, host: ozone-5hd7b-1940671811, networkLocation: /default-rack, certSerialId: null}, Type:RATIS, Factor:ONE, State:OPEN]
2019-06-13 06:13:44,125 INFO  impl.RaftServerProxy (RaftServerProxy.java:addNew(89)) - 66f892df-a9c8-4e39-8431-f35745b79f6d: addNew group-5C995AEF1569:[66f892df-a9c8-4e39-8431-f35745b79f6d:192.168.134.113:45717] returns group-5C995AEF1569:java.util.concurrent.CompletableFuture@6fcea146[Not completed]
2019-06-13 06:13:44,128 INFO  impl.RaftServerImpl (RaftServerImpl.java:<init>(91)) - 66f892df-a9c8-4e39-8431-f35745b79f6d: new RaftServerImpl for group-5C995AEF1569:[66f892df-a9c8-4e39-8431-f35745b79f6d:192.168.134.113:45717] with ContainerStateMachine:uninitialized
2019-06-13 06:13:44,128 INFO  server.RaftServerConfigKeys (ConfUtils.java:logGet(43)) - raft.server.rpc.timeout.min = 1s (custom)
2019-06-13 06:13:44,128 INFO  server.RaftServerConfigKeys (ConfUtils.java:logGet(43)) - raft.server.rpc.timeout.max = 1200ms (custom)
2019-06-13 06:13:44,128 INFO  server.RaftServerConfigKeys (ConfUtils.java:logGet(43)) - raft.server.rpcslowness.timeout = 10s (custom)
2019-06-13 06:13:44,128 INFO  server.RaftServerConfigKeys (ConfUtils.java:logGet(43)) - raft.server.log.appender.install.snapshot.enabled = true (default)
2019-06-13 06:13:44,128 INFO  impl.RaftServerImpl (ServerState.java:<init>(101)) - 66f892df-a9c8-4e39-8431-f35745b79f6d:group-5C995AEF1569 ConfigurationManager, init=-1: [66f892df-a9c8-4e39-8431-f35745b79f6d:192.168.134.113:45717], old=null, confs=<EMPTY_MAP>
2019-06-13 06:13:44,129 INFO  server.RaftServerConfigKeys (ConfUtils.java:logGet(43)) - raft.server.storage.dir = [/opt/src/hadoop-ozone/integration-test/target/test-dir/MiniOzoneClusterImpl-1553a449-c590-4e8d-b93e-f642de5e93d0/datanode-3/data/ratis] (custom)
2019-06-13 06:13:44,129 INFO  storage.RaftStorageDirectory (RaftStorageDirectory.java:analyzeStorage(246)) - The storage directory /opt/src/hadoop-ozone/integration-test/target/test-dir/MiniOzoneClusterImpl-1553a449-c590-4e8d-b93e-f642de5e93d0/datanode-3/data/ratis/188cd135-7aaa-4e17-a698-5c995aef1569 does not exist. Creating ...
2019-06-13 06:13:44,131 INFO  storage.RaftStorageDirectory (RaftStorageDirectory.java:tryLock(328)) - Lock on /opt/src/hadoop-ozone/integration-test/target/test-dir/MiniOzoneClusterImpl-1553a449-c590-4e8d-b93e-f642de5e93d0/datanode-3/data/ratis/188cd135-7aaa-4e17-a698-5c995aef1569/in_use.lock acquired by nodename 10164@ozone-5hd7b-1940671811
2019-06-13 06:13:44,133 INFO  storage.RaftStorage (RaftStorage.java:format(75)) - Storage directory /opt/src/hadoop-ozone/integration-test/target/test-dir/MiniOzoneClusterImpl-1553a449-c590-4e8d-b93e-f642de5e93d0/datanode-3/data/ratis/188cd135-7aaa-4e17-a698-5c995aef1569 has been successfully formatted.
2019-06-13 06:13:44,133 INFO  ratis.ContainerStateMachine (ContainerStateMachine.java:loadSnapshot(199)) - The snapshot info is null.Setting the last applied index to:(t:0, i:~)
2019-06-13 06:13:44,133 INFO  server.RaftServerConfigKeys (ConfUtils.java:logGet(43)) - raft.server.leader.election.timeout = 10s (custom)
2019-06-13 06:13:44,133 INFO  server.RaftServerConfigKeys (ConfUtils.java:logGet(43)) - raft.server.log.use.memory = false (default)
2019-06-13 06:13:44,133 INFO  server.RaftServerConfigKeys (ConfUtils.java:logGet(43)) - raft.server.log.appender.buffer.byte-limit = 33554432 (custom)
2019-06-13 06:13:44,133 INFO  server.RaftServerConfigKeys (ConfUtils.java:logGet(43)) - raft.server.log.segment.size.max = 16384 (custom)
2019-06-13 06:13:44,133 INFO  server.RaftServerConfigKeys (ConfUtils.java:logGet(43)) - raft.server.log.segment.cache.num.max = 2 (custom)
2019-06-13 06:13:44,133 INFO  storage.RaftLogWorker (RaftLogWorker.java:<init>(123)) - new 66f892df-a9c8-4e39-8431-f35745b79f6d-RaftLogWorker for Storage Directory /opt/src/hadoop-ozone/integration-test/target/test-dir/MiniOzoneClusterImpl-1553a449-c590-4e8d-b93e-f642de5e93d0/datanode-3/data/ratis/188cd135-7aaa-4e17-a698-5c995aef1569
2019-06-13 06:13:44,133 INFO  server.RaftServerConfigKeys (ConfUtils.java:logGet(43)) - raft.server.log.queue.byte-limit = 2147483647 (custom)
2019-06-13 06:13:44,134 INFO  server.RaftServerConfigKeys (ConfUtils.java:logGet(43)) - raft.server.log.queue.element-limit = 1024 (custom)
2019-06-13 06:13:44,134 INFO  server.RaftServerConfigKeys (ConfUtils.java:logGet(43)) - raft.server.log.segment.size.max = 16384 (custom)
2019-06-13 06:13:44,134 INFO  server.RaftServerConfigKeys (ConfUtils.java:logGet(43)) - raft.server.log.preallocated.size = 16384 (custom)
2019-06-13 06:13:44,134 INFO  server.RaftServerConfigKeys (ConfUtils.java:logGet(43)) - raft.server.log.write.buffer.size = 33554432 (custom)
2019-06-13 06:13:44,134 INFO  server.RaftServerConfigKeys (ConfUtils.java:logGet(43)) - raft.server.log.force.sync.num = 128 (default)
2019-06-13 06:13:44,134 INFO  server.RaftServerConfigKeys (ConfUtils.java:logGet(43)) - raft.server.log.statemachine.data.sync = true (default)
2019-06-13 06:13:44,134 INFO  server.RaftServerConfigKeys (ConfUtils.java:logGet(43)) - raft.server.log.statemachine.data.sync.timeout = 10s (default)
2019-06-13 06:13:44,134 INFO  server.RaftServerConfigKeys (ConfUtils.java:logGet(43)) - raft.server.log.statemachine.data.sync.timeout.retry = -1 (default)
2019-06-13 06:13:44,134 INFO  server.RaftServerConfigKeys (ConfUtils.java:logGet(43)) - raft.server.log.statemachine.data.caching.enabled = true (custom)
2019-06-13 06:13:44,135 INFO  server.RaftServerConfigKeys (ConfUtils.java:logGet(43)) - raft.server.snapshot.auto.trigger.enabled = true (custom)
2019-06-13 06:13:44,135 INFO  server.RaftServerConfigKeys (ConfUtils.java:logGet(43)) - raft.server.snapshot.auto.trigger.threshold = 10000 (custom)
2019-06-13 06:13:44,135 INFO  server.RaftServerConfigKeys (ConfUtils.java:logGet(43)) - raft.server.retrycache.expirytime = 600000ms (custom)
2019-06-13 06:13:44,135 INFO  impl.RaftServerImpl (RaftServerImpl.java:start(173)) - 66f892df-a9c8-4e39-8431-f35745b79f6d: start group-5C995AEF1569
2019-06-13 06:13:44,135 INFO  impl.RaftServerImpl (RaftServerImpl.java:setRole(164)) - 66f892df-a9c8-4e39-8431-f35745b79f6d:group-5C995AEF1569 changes role from null to FOLLOWER at term 0 for startAsFollower
2019-06-13 06:13:44,135 INFO  impl.RoleInfo (RoleInfo.java:updateAndGet(143)) - 66f892df-a9c8-4e39-8431-f35745b79f6d: start FollowerState
2019-06-13 06:13:44,135 INFO  util.JmxRegister (JmxRegister.java:tryRegister(44)) - Successfully registered JMX Bean with object name Ratis:service=RaftServer,group=group-5C995AEF1569,id=66f892df-a9c8-4e39-8431-f35745b79f6d
2019-06-13 06:13:44,145 INFO  pipeline.PipelineStateManager (PipelineStateManager.java:addPipeline(56)) - Created pipeline Pipeline[ Id: 188cd135-7aaa-4e17-a698-5c995aef1569, Nodes: 66f892df-a9c8-4e39-8431-f35745b79f6d{ip: 192.168.134.113, host: ozone-5hd7b-1940671811, networkLocation: /default-rack, certSerialId: null}, Type:RATIS, Factor:ONE, State:OPEN]
2019-06-13 06:13:44,167 INFO  impl.RaftServerProxy (RaftServerProxy.java:addNew(89)) - 7289d1ce-3e1f-42df-a3bf-a6e5c1790767: addNew group-4DBC40204B6B:[7289d1ce-3e1f-42df-a3bf-a6e5c1790767:192.168.134.113:36713, 46f463e5-d632-4c09-a0b7-adb09d060010:192.168.134.113:46689, 66f892df-a9c8-4e39-8431-f35745b79f6d:192.168.134.113:45717] returns group-4DBC40204B6B:java.util.concurrent.CompletableFuture@78fb9df5[Not completed]
2019-06-13 06:13:44,168 INFO  impl.RaftServerImpl (RaftServerImpl.java:<init>(91)) - 7289d1ce-3e1f-42df-a3bf-a6e5c1790767: new RaftServerImpl for group-4DBC40204B6B:[7289d1ce-3e1f-42df-a3bf-a6e5c1790767:192.168.134.113:36713, 46f463e5-d632-4c09-a0b7-adb09d060010:192.168.134.113:46689, 66f892df-a9c8-4e39-8431-f35745b79f6d:192.168.134.113:45717] with ContainerStateMachine:uninitialized
2019-06-13 06:13:44,168 INFO  server.RaftServerConfigKeys (ConfUtils.java:logGet(43)) - raft.server.rpc.timeout.min = 1s (custom)
2019-06-13 06:13:44,168 INFO  server.RaftServerConfigKeys (ConfUtils.java:logGet(43)) - raft.server.rpc.timeout.max = 1200ms (custom)
2019-06-13 06:13:44,168 INFO  server.RaftServerConfigKeys (ConfUtils.java:logGet(43)) - raft.server.rpcslowness.timeout = 10s (custom)
2019-06-13 06:13:44,168 INFO  server.RaftServerConfigKeys (ConfUtils.java:logGet(43)) - raft.server.log.appender.install.snapshot.enabled = true (default)
2019-06-13 06:13:44,168 INFO  impl.RaftServerImpl (ServerState.java:<init>(101)) - 7289d1ce-3e1f-42df-a3bf-a6e5c1790767:group-4DBC40204B6B ConfigurationManager, init=-1: [7289d1ce-3e1f-42df-a3bf-a6e5c1790767:192.168.134.113:36713, 46f463e5-d632-4c09-a0b7-adb09d060010:192.168.134.113:46689, 66f892df-a9c8-4e39-8431-f35745b79f6d:192.168.134.113:45717], old=null, confs=<EMPTY_MAP>
2019-06-13 06:13:44,168 INFO  server.RaftServerConfigKeys (ConfUtils.java:logGet(43)) - raft.server.storage.dir = [/opt/src/hadoop-ozone/integration-test/target/test-dir/MiniOzoneClusterImpl-1553a449-c590-4e8d-b93e-f642de5e93d0/datanode-0/data/ratis] (custom)
2019-06-13 06:13:44,172 INFO  storage.RaftStorageDirectory (RaftStorageDirectory.java:analyzeStorage(246)) - The storage directory /opt/src/hadoop-ozone/integration-test/target/test-dir/MiniOzoneClusterImpl-1553a449-c590-4e8d-b93e-f642de5e93d0/datanode-0/data/ratis/0b212017-a59c-46bf-8104-4dbc40204b6b does not exist. Creating ...
2019-06-13 06:13:44,176 INFO  storage.RaftStorageDirectory (RaftStorageDirectory.java:tryLock(328)) - Lock on /opt/src/hadoop-ozone/integration-test/target/test-dir/MiniOzoneClusterImpl-1553a449-c590-4e8d-b93e-f642de5e93d0/datanode-0/data/ratis/0b212017-a59c-46bf-8104-4dbc40204b6b/in_use.lock acquired by nodename 10164@ozone-5hd7b-1940671811
2019-06-13 06:13:44,176 INFO  impl.RaftServerProxy (RaftServerProxy.java:addNew(89)) - 66f892df-a9c8-4e39-8431-f35745b79f6d: addNew group-4DBC40204B6B:[7289d1ce-3e1f-42df-a3bf-a6e5c1790767:192.168.134.113:36713, 46f463e5-d632-4c09-a0b7-adb09d060010:192.168.134.113:46689, 66f892df-a9c8-4e39-8431-f35745b79f6d:192.168.134.113:45717] returns group-4DBC40204B6B:java.util.concurrent.CompletableFuture@6225d73d[Not completed]
2019-06-13 06:13:44,176 INFO  impl.RaftServerProxy (RaftServerProxy.java:addNew(89)) - 46f463e5-d632-4c09-a0b7-adb09d060010: addNew group-4DBC40204B6B:[7289d1ce-3e1f-42df-a3bf-a6e5c1790767:192.168.134.113:36713, 46f463e5-d632-4c09-a0b7-adb09d060010:192.168.134.113:46689, 66f892df-a9c8-4e39-8431-f35745b79f6d:192.168.134.113:45717] returns group-4DBC40204B6B:java.util.concurrent.CompletableFuture@67ad57[Not completed]
2019-06-13 06:13:44,177 INFO  impl.RaftServerImpl (RaftServerImpl.java:<init>(91)) - 66f892df-a9c8-4e39-8431-f35745b79f6d: new RaftServerImpl for group-4DBC40204B6B:[7289d1ce-3e1f-42df-a3bf-a6e5c1790767:192.168.134.113:36713, 46f463e5-d632-4c09-a0b7-adb09d060010:192.168.134.113:46689, 66f892df-a9c8-4e39-8431-f35745b79f6d:192.168.134.113:45717] with ContainerStateMachine:uninitialized
2019-06-13 06:13:44,177 INFO  server.RaftServerConfigKeys (ConfUtils.java:logGet(43)) - raft.server.rpc.timeout.min = 1s (custom)
2019-06-13 06:13:44,177 INFO  server.RaftServerConfigKeys (ConfUtils.java:logGet(43)) - raft.server.rpc.timeout.max = 1200ms (custom)
2019-06-13 06:13:44,177 INFO  impl.RaftServerImpl (RaftServerImpl.java:<init>(91)) - 46f463e5-d632-4c09-a0b7-adb09d060010: new RaftServerImpl for group-4DBC40204B6B:[7289d1ce-3e1f-42df-a3bf-a6e5c1790767:192.168.134.113:36713, 46f463e5-d632-4c09-a0b7-adb09d060010:192.168.134.113:46689, 66f892df-a9c8-4e39-8431-f35745b79f6d:192.168.134.113:45717] with ContainerStateMachine:uninitialized
2019-06-13 06:13:44,177 INFO  server.RaftServerConfigKeys (ConfUtils.java:logGet(43)) - raft.server.rpcslowness.timeout = 10s (custom)
2019-06-13 06:13:44,177 INFO  server.RaftServerConfigKeys (ConfUtils.java:logGet(43)) - raft.server.rpc.timeout.min = 1s (custom)
2019-06-13 06:13:44,178 INFO  server.RaftServerConfigKeys (ConfUtils.java:logGet(43)) - raft.server.log.appender.install.snapshot.enabled = true (default)
2019-06-13 06:13:44,178 INFO  impl.RaftServerImpl (ServerState.java:<init>(101)) - 66f892df-a9c8-4e39-8431-f35745b79f6d:group-4DBC40204B6B ConfigurationManager, init=-1: [7289d1ce-3e1f-42df-a3bf-a6e5c1790767:192.168.134.113:36713, 46f463e5-d632-4c09-a0b7-adb09d060010:192.168.134.113:46689, 66f892df-a9c8-4e39-8431-f35745b79f6d:192.168.134.113:45717], old=null, confs=<EMPTY_MAP>
2019-06-13 06:13:44,178 INFO  server.RaftServerConfigKeys (ConfUtils.java:logGet(43)) - raft.server.storage.dir = [/opt/src/hadoop-ozone/integration-test/target/test-dir/MiniOzoneClusterImpl-1553a449-c590-4e8d-b93e-f642de5e93d0/datanode-3/data/ratis] (custom)
2019-06-13 06:13:44,178 INFO  storage.RaftStorageDirectory (RaftStorageDirectory.java:analyzeStorage(246)) - The storage directory /opt/src/hadoop-ozone/integration-test/target/test-dir/MiniOzoneClusterImpl-1553a449-c590-4e8d-b93e-f642de5e93d0/datanode-3/data/ratis/0b212017-a59c-46bf-8104-4dbc40204b6b does not exist. Creating ...
2019-06-13 06:13:44,178 INFO  server.RaftServerConfigKeys (ConfUtils.java:logGet(43)) - raft.server.rpc.timeout.max = 1200ms (custom)
2019-06-13 06:13:44,178 INFO  storage.RaftStorage (RaftStorage.java:format(75)) - Storage directory /opt/src/hadoop-ozone/integration-test/target/test-dir/MiniOzoneClusterImpl-1553a449-c590-4e8d-b93e-f642de5e93d0/datanode-0/data/ratis/0b212017-a59c-46bf-8104-4dbc40204b6b has been successfully formatted.
2019-06-13 06:13:44,179 INFO  server.RaftServerConfigKeys (ConfUtils.java:logGet(43)) - raft.server.rpcslowness.timeout = 10s (custom)
2019-06-13 06:13:44,179 INFO  server.RaftServerConfigKeys (ConfUtils.java:logGet(43)) - raft.server.log.appender.install.snapshot.enabled = true (default)
2019-06-13 06:13:44,179 INFO  ratis.ContainerStateMachine (ContainerStateMachine.java:loadSnapshot(199)) - The snapshot info is null.Setting the last applied index to:(t:0, i:~)
2019-06-13 06:13:44,179 INFO  impl.RaftServerImpl (ServerState.java:<init>(101)) - 46f463e5-d632-4c09-a0b7-adb09d060010:group-4DBC40204B6B ConfigurationManager, init=-1: [7289d1ce-3e1f-42df-a3bf-a6e5c1790767:192.168.134.113:36713, 46f463e5-d632-4c09-a0b7-adb09d060010:192.168.134.113:46689, 66f892df-a9c8-4e39-8431-f35745b79f6d:192.168.134.113:45717], old=null, confs=<EMPTY_MAP>
2019-06-13 06:13:44,179 INFO  server.RaftServerConfigKeys (ConfUtils.java:logGet(43)) - raft.server.leader.election.timeout = 10s (custom)
2019-06-13 06:13:44,179 INFO  server.RaftServerConfigKeys (ConfUtils.java:logGet(43)) - raft.server.storage.dir = [/opt/src/hadoop-ozone/integration-test/target/test-dir/MiniOzoneClusterImpl-1553a449-c590-4e8d-b93e-f642de5e93d0/datanode-1/data/ratis] (custom)
2019-06-13 06:13:44,179 INFO  server.RaftServerConfigKeys (ConfUtils.java:logGet(43)) - raft.server.log.use.memory = false (default)
2019-06-13 06:13:44,180 INFO  server.RaftServerConfigKeys (ConfUtils.java:logGet(43)) - raft.server.log.appender.buffer.byte-limit = 33554432 (custom)
2019-06-13 06:13:44,180 INFO  storage.RaftStorageDirectory (RaftStorageDirectory.java:analyzeStorage(246)) - The storage directory /opt/src/hadoop-ozone/integration-test/target/test-dir/MiniOzoneClusterImpl-1553a449-c590-4e8d-b93e-f642de5e93d0/datanode-1/data/ratis/0b212017-a59c-46bf-8104-4dbc40204b6b does not exist. Creating ...
2019-06-13 06:13:44,180 INFO  server.RaftServerConfigKeys (ConfUtils.java:logGet(43)) - raft.server.log.segment.size.max = 16384 (custom)
2019-06-13 06:13:44,180 INFO  server.RaftServerConfigKeys (ConfUtils.java:logGet(43)) - raft.server.log.segment.cache.num.max = 2 (custom)
2019-06-13 06:13:44,180 INFO  storage.RaftLogWorker (RaftLogWorker.java:<init>(123)) - new 7289d1ce-3e1f-42df-a3bf-a6e5c1790767-RaftLogWorker for Storage Directory /opt/src/hadoop-ozone/integration-test/target/test-dir/MiniOzoneClusterImpl-1553a449-c590-4e8d-b93e-f642de5e93d0/datanode-0/data/ratis/0b212017-a59c-46bf-8104-4dbc40204b6b
2019-06-13 06:13:44,180 INFO  server.RaftServerConfigKeys (ConfUtils.java:logGet(43)) - raft.server.log.queue.byte-limit = 2147483647 (custom)
2019-06-13 06:13:44,180 INFO  server.RaftServerConfigKeys (ConfUtils.java:logGet(43)) - raft.server.log.queue.element-limit = 1024 (custom)
2019-06-13 06:13:44,180 INFO  storage.RaftStorageDirectory (RaftStorageDirectory.java:tryLock(328)) - Lock on /opt/src/hadoop-ozone/integration-test/target/test-dir/MiniOzoneClusterImpl-1553a449-c590-4e8d-b93e-f642de5e93d0/datanode-3/data/ratis/0b212017-a59c-46bf-8104-4dbc40204b6b/in_use.lock acquired by nodename 10164@ozone-5hd7b-1940671811
2019-06-13 06:13:44,180 INFO  server.RaftServerConfigKeys (ConfUtils.java:logGet(43)) - raft.server.log.segment.size.max = 16384 (custom)
2019-06-13 06:13:44,181 INFO  server.RaftServerConfigKeys (ConfUtils.java:logGet(43)) - raft.server.log.preallocated.size = 16384 (custom)
2019-06-13 06:13:44,181 INFO  server.RaftServerConfigKeys (ConfUtils.java:logGet(43)) - raft.server.log.write.buffer.size = 33554432 (custom)
2019-06-13 06:13:44,181 INFO  server.RaftServerConfigKeys (ConfUtils.java:logGet(43)) - raft.server.log.force.sync.num = 128 (default)
2019-06-13 06:13:44,181 INFO  server.RaftServerConfigKeys (ConfUtils.java:logGet(43)) - raft.server.log.statemachine.data.sync = true (default)
2019-06-13 06:13:44,181 INFO  server.RaftServerConfigKeys (ConfUtils.java:logGet(43)) - raft.server.log.statemachine.data.sync.timeout = 10s (default)
2019-06-13 06:13:44,181 INFO  server.RaftServerConfigKeys (ConfUtils.java:logGet(43)) - raft.server.log.statemachine.data.sync.timeout.retry = -1 (default)
2019-06-13 06:13:44,181 INFO  server.RaftServerConfigKeys (ConfUtils.java:logGet(43)) - raft.server.log.statemachine.data.caching.enabled = true (custom)
2019-06-13 06:13:44,182 INFO  server.RaftServerConfigKeys (ConfUtils.java:logGet(43)) - raft.server.snapshot.auto.trigger.enabled = true (custom)
2019-06-13 06:13:44,182 INFO  server.RaftServerConfigKeys (ConfUtils.java:logGet(43)) - raft.server.snapshot.auto.trigger.threshold = 10000 (custom)
2019-06-13 06:13:44,182 INFO  server.RaftServerConfigKeys (ConfUtils.java:logGet(43)) - raft.server.retrycache.expirytime = 600000ms (custom)
2019-06-13 06:13:44,182 INFO  impl.RaftServerImpl (RaftServerImpl.java:start(173)) - 7289d1ce-3e1f-42df-a3bf-a6e5c1790767: start group-4DBC40204B6B
2019-06-13 06:13:44,182 INFO  storage.RaftStorageDirectory (RaftStorageDirectory.java:tryLock(328)) - Lock on /opt/src/hadoop-ozone/integration-test/target/test-dir/MiniOzoneClusterImpl-1553a449-c590-4e8d-b93e-f642de5e93d0/datanode-1/data/ratis/0b212017-a59c-46bf-8104-4dbc40204b6b/in_use.lock acquired by nodename 10164@ozone-5hd7b-1940671811
2019-06-13 06:13:44,182 INFO  storage.RaftStorage (RaftStorage.java:format(75)) - Storage directory /opt/src/hadoop-ozone/integration-test/target/test-dir/MiniOzoneClusterImpl-1553a449-c590-4e8d-b93e-f642de5e93d0/datanode-3/data/ratis/0b212017-a59c-46bf-8104-4dbc40204b6b has been successfully formatted.
2019-06-13 06:13:44,183 INFO  ratis.ContainerStateMachine (ContainerStateMachine.java:loadSnapshot(199)) - The snapshot info is null.Setting the last applied index to:(t:0, i:~)
2019-06-13 06:13:44,183 INFO  server.RaftServerConfigKeys (ConfUtils.java:logGet(43)) - raft.server.leader.election.timeout = 10s (custom)
2019-06-13 06:13:44,184 INFO  server.RaftServerConfigKeys (ConfUtils.java:logGet(43)) - raft.server.log.use.memory = false (default)
2019-06-13 06:13:44,184 INFO  server.RaftServerConfigKeys (ConfUtils.java:logGet(43)) - raft.server.log.appender.buffer.byte-limit = 33554432 (custom)
2019-06-13 06:13:44,184 INFO  server.RaftServerConfigKeys (ConfUtils.java:logGet(43)) - raft.server.log.segment.size.max = 16384 (custom)
2019-06-13 06:13:44,184 INFO  server.RaftServerConfigKeys (ConfUtils.java:logGet(43)) - raft.server.log.segment.cache.num.max = 2 (custom)
2019-06-13 06:13:44,184 INFO  storage.RaftLogWorker (RaftLogWorker.java:<init>(123)) - new 66f892df-a9c8-4e39-8431-f35745b79f6d-RaftLogWorker for Storage Directory /opt/src/hadoop-ozone/integration-test/target/test-dir/MiniOzoneClusterImpl-1553a449-c590-4e8d-b93e-f642de5e93d0/datanode-3/data/ratis/0b212017-a59c-46bf-8104-4dbc40204b6b
2019-06-13 06:13:44,184 INFO  server.RaftServerConfigKeys (ConfUtils.java:logGet(43)) - raft.server.log.queue.byte-limit = 2147483647 (custom)
2019-06-13 06:13:44,184 INFO  server.RaftServerConfigKeys (ConfUtils.java:logGet(43)) - raft.server.log.queue.element-limit = 1024 (custom)
2019-06-13 06:13:44,184 INFO  server.RaftServerConfigKeys (ConfUtils.java:logGet(43)) - raft.server.log.segment.size.max = 16384 (custom)
2019-06-13 06:13:44,184 INFO  server.RaftServerConfigKeys (ConfUtils.java:logGet(43)) - raft.server.log.preallocated.size = 16384 (custom)
2019-06-13 06:13:44,185 INFO  server.RaftServerConfigKeys (ConfUtils.java:logGet(43)) - raft.server.log.write.buffer.size = 33554432 (custom)
2019-06-13 06:13:44,185 INFO  server.RaftServerConfigKeys (ConfUtils.java:logGet(43)) - raft.server.log.force.sync.num = 128 (default)
2019-06-13 06:13:44,185 INFO  server.RaftServerConfigKeys (ConfUtils.java:logGet(43)) - raft.server.log.statemachine.data.sync = true (default)
2019-06-13 06:13:44,185 INFO  server.RaftServerConfigKeys (ConfUtils.java:logGet(43)) - raft.server.log.statemachine.data.sync.timeout = 10s (default)
2019-06-13 06:13:44,185 INFO  server.RaftServerConfigKeys (ConfUtils.java:logGet(43)) - raft.server.log.statemachine.data.sync.timeout.retry = -1 (default)
2019-06-13 06:13:44,185 INFO  server.RaftServerConfigKeys (ConfUtils.java:logGet(43)) - raft.server.log.statemachine.data.caching.enabled = true (custom)
2019-06-13 06:13:44,185 INFO  impl.RaftServerImpl (RaftServerImpl.java:setRole(164)) - 7289d1ce-3e1f-42df-a3bf-a6e5c1790767:group-4DBC40204B6B changes role from null to FOLLOWER at term 0 for startAsFollower
2019-06-13 06:13:44,185 INFO  server.RaftServerConfigKeys (ConfUtils.java:logGet(43)) - raft.server.snapshot.auto.trigger.enabled = true (custom)
2019-06-13 06:13:44,186 INFO  impl.RoleInfo (RoleInfo.java:updateAndGet(143)) - 7289d1ce-3e1f-42df-a3bf-a6e5c1790767: start FollowerState
2019-06-13 06:13:44,186 INFO  server.RaftServerConfigKeys (ConfUtils.java:logGet(43)) - raft.server.snapshot.auto.trigger.threshold = 10000 (custom)
2019-06-13 06:13:44,187 INFO  storage.RaftStorage (RaftStorage.java:format(75)) - Storage directory /opt/src/hadoop-ozone/integration-test/target/test-dir/MiniOzoneClusterImpl-1553a449-c590-4e8d-b93e-f642de5e93d0/datanode-1/data/ratis/0b212017-a59c-46bf-8104-4dbc40204b6b has been successfully formatted.
2019-06-13 06:13:44,187 INFO  ratis.ContainerStateMachine (ContainerStateMachine.java:loadSnapshot(199)) - The snapshot info is null.Setting the last applied index to:(t:0, i:~)
2019-06-13 06:13:44,187 INFO  server.RaftServerConfigKeys (ConfUtils.java:logGet(43)) - raft.server.leader.election.timeout = 10s (custom)
2019-06-13 06:13:44,187 INFO  server.RaftServerConfigKeys (ConfUtils.java:logGet(43)) - raft.server.log.use.memory = false (default)
2019-06-13 06:13:44,187 INFO  server.RaftServerConfigKeys (ConfUtils.java:logGet(43)) - raft.server.log.appender.buffer.byte-limit = 33554432 (custom)
2019-06-13 06:13:44,187 INFO  server.RaftServerConfigKeys (ConfUtils.java:logGet(43)) - raft.server.log.segment.size.max = 16384 (custom)
2019-06-13 06:13:44,187 INFO  server.RaftServerConfigKeys (ConfUtils.java:logGet(43)) - raft.server.log.segment.cache.num.max = 2 (custom)
2019-06-13 06:13:44,187 INFO  storage.RaftLogWorker (RaftLogWorker.java:<init>(123)) - new 46f463e5-d632-4c09-a0b7-adb09d060010-RaftLogWorker for Storage Directory /opt/src/hadoop-ozone/integration-test/target/test-dir/MiniOzoneClusterImpl-1553a449-c590-4e8d-b93e-f642de5e93d0/datanode-1/data/ratis/0b212017-a59c-46bf-8104-4dbc40204b6b
2019-06-13 06:13:44,187 INFO  server.RaftServerConfigKeys (ConfUtils.java:logGet(43)) - raft.server.log.queue.byte-limit = 2147483647 (custom)
2019-06-13 06:13:44,188 INFO  server.RaftServerConfigKeys (ConfUtils.java:logGet(43)) - raft.server.log.queue.element-limit = 1024 (custom)
2019-06-13 06:13:44,188 INFO  server.RaftServerConfigKeys (ConfUtils.java:logGet(43)) - raft.server.log.segment.size.max = 16384 (custom)
2019-06-13 06:13:44,188 INFO  server.RaftServerConfigKeys (ConfUtils.java:logGet(43)) - raft.server.log.preallocated.size = 16384 (custom)
2019-06-13 06:13:44,188 INFO  server.RaftServerConfigKeys (ConfUtils.java:logGet(43)) - raft.server.log.write.buffer.size = 33554432 (custom)
2019-06-13 06:13:44,188 INFO  server.RaftServerConfigKeys (ConfUtils.java:logGet(43)) - raft.server.log.force.sync.num = 128 (default)
2019-06-13 06:13:44,188 INFO  server.RaftServerConfigKeys (ConfUtils.java:logGet(43)) - raft.server.log.statemachine.data.sync = true (default)
2019-06-13 06:13:44,188 INFO  server.RaftServerConfigKeys (ConfUtils.java:logGet(43)) - raft.server.log.statemachine.data.sync.timeout = 10s (default)
2019-06-13 06:13:44,188 INFO  server.RaftServerConfigKeys (ConfUtils.java:logGet(43)) - raft.server.log.statemachine.data.sync.timeout.retry = -1 (default)
2019-06-13 06:13:44,190 INFO  server.RaftServerConfigKeys (ConfUtils.java:logGet(43)) - raft.server.log.statemachine.data.caching.enabled = true (custom)
2019-06-13 06:13:44,190 INFO  server.RaftServerConfigKeys (ConfUtils.java:logGet(43)) - raft.server.retrycache.expirytime = 600000ms (custom)
2019-06-13 06:13:44,190 INFO  util.JmxRegister (JmxRegister.java:tryRegister(44)) - Successfully registered JMX Bean with object name Ratis:service=RaftServer,group=group-4DBC40204B6B,id=7289d1ce-3e1f-42df-a3bf-a6e5c1790767
2019-06-13 06:13:44,190 INFO  server.RaftServerConfigKeys (ConfUtils.java:logGet(43)) - raft.server.snapshot.auto.trigger.enabled = true (custom)
2019-06-13 06:13:44,190 INFO  impl.RaftServerImpl (RaftServerImpl.java:start(173)) - 66f892df-a9c8-4e39-8431-f35745b79f6d: start group-4DBC40204B6B
2019-06-13 06:13:44,190 INFO  impl.RaftServerImpl (RaftServerImpl.java:setRole(164)) - 66f892df-a9c8-4e39-8431-f35745b79f6d:group-4DBC40204B6B changes role from null to FOLLOWER at term 0 for startAsFollower
2019-06-13 06:13:44,190 INFO  server.RaftServerConfigKeys (ConfUtils.java:logGet(43)) - raft.server.snapshot.auto.trigger.threshold = 10000 (custom)
2019-06-13 06:13:44,194 INFO  impl.RoleInfo (RoleInfo.java:updateAndGet(143)) - 66f892df-a9c8-4e39-8431-f35745b79f6d: start FollowerState
2019-06-13 06:13:44,194 INFO  server.RaftServerConfigKeys (ConfUtils.java:logGet(43)) - raft.server.retrycache.expirytime = 600000ms (custom)
2019-06-13 06:13:44,194 INFO  impl.RaftServerImpl (RaftServerImpl.java:start(173)) - 46f463e5-d632-4c09-a0b7-adb09d060010: start group-4DBC40204B6B
2019-06-13 06:13:44,194 INFO  impl.RaftServerImpl (RaftServerImpl.java:setRole(164)) - 46f463e5-d632-4c09-a0b7-adb09d060010:group-4DBC40204B6B changes role from null to FOLLOWER at term 0 for startAsFollower
2019-06-13 06:13:44,194 INFO  util.JmxRegister (JmxRegister.java:tryRegister(44)) - Successfully registered JMX Bean with object name Ratis:service=RaftServer,group=group-4DBC40204B6B,id=66f892df-a9c8-4e39-8431-f35745b79f6d
2019-06-13 06:13:44,195 INFO  impl.RoleInfo (RoleInfo.java:updateAndGet(143)) - 46f463e5-d632-4c09-a0b7-adb09d060010: start FollowerState
2019-06-13 06:13:44,195 INFO  util.JmxRegister (JmxRegister.java:tryRegister(44)) - Successfully registered JMX Bean with object name Ratis:service=RaftServer,group=group-4DBC40204B6B,id=46f463e5-d632-4c09-a0b7-adb09d060010
2019-06-13 06:13:44,223 INFO  pipeline.PipelineStateManager (PipelineStateManager.java:addPipeline(56)) - Created pipeline Pipeline[ Id: 0b212017-a59c-46bf-8104-4dbc40204b6b, Nodes: 7289d1ce-3e1f-42df-a3bf-a6e5c1790767{ip: 192.168.134.113, host: ozone-5hd7b-1940671811, networkLocation: /default-rack, certSerialId: null}66f892df-a9c8-4e39-8431-f35745b79f6d{ip: 192.168.134.113, host: ozone-5hd7b-1940671811, networkLocation: /default-rack, certSerialId: null}46f463e5-d632-4c09-a0b7-adb09d060010{ip: 192.168.134.113, host: ozone-5hd7b-1940671811, networkLocation: /default-rack, certSerialId: null}, Type:RATIS, Factor:THREE, State:OPEN]
2019-06-13 06:13:44,301 INFO  node.SCMNodeManager (SCMNodeManager.java:register(234)) - Registered Data node : 3caa791d-1d43-40e7-9014-149b1f466201{ip: 192.168.134.113, host: ozone-5hd7b-1940671811, networkLocation: /default-rack, certSerialId: null}
2019-06-13 06:13:44,314 INFO  impl.RaftServerProxy (RaftServerProxy.java:addNew(89)) - 3caa791d-1d43-40e7-9014-149b1f466201: addNew group-0AF97EA8A6C3:[3caa791d-1d43-40e7-9014-149b1f466201:192.168.134.113:44213] returns group-0AF97EA8A6C3:java.util.concurrent.CompletableFuture@4d61c26e[Not completed]
2019-06-13 06:13:44,316 INFO  impl.RaftServerImpl (RaftServerImpl.java:<init>(91)) - 3caa791d-1d43-40e7-9014-149b1f466201: new RaftServerImpl for group-0AF97EA8A6C3:[3caa791d-1d43-40e7-9014-149b1f466201:192.168.134.113:44213] with ContainerStateMachine:uninitialized
2019-06-13 06:13:44,316 INFO  server.RaftServerConfigKeys (ConfUtils.java:logGet(43)) - raft.server.rpc.timeout.min = 1s (custom)
2019-06-13 06:13:44,316 INFO  server.RaftServerConfigKeys (ConfUtils.java:logGet(43)) - raft.server.rpc.timeout.max = 1200ms (custom)
2019-06-13 06:13:44,316 INFO  server.RaftServerConfigKeys (ConfUtils.java:logGet(43)) - raft.server.rpcslowness.timeout = 10s (custom)
2019-06-13 06:13:44,316 INFO  server.RaftServerConfigKeys (ConfUtils.java:logGet(43)) - raft.server.log.appender.install.snapshot.enabled = true (default)
2019-06-13 06:13:44,316 INFO  impl.RaftServerImpl (ServerState.java:<init>(101)) - 3caa791d-1d43-40e7-9014-149b1f466201:group-0AF97EA8A6C3 ConfigurationManager, init=-1: [3caa791d-1d43-40e7-9014-149b1f466201:192.168.134.113:44213], old=null, confs=<EMPTY_MAP>
2019-06-13 06:13:44,317 INFO  server.RaftServerConfigKeys (ConfUtils.java:logGet(43)) - raft.server.storage.dir = [/opt/src/hadoop-ozone/integration-test/target/test-dir/MiniOzoneClusterImpl-1553a449-c590-4e8d-b93e-f642de5e93d0/datanode-4/data/ratis] (custom)
2019-06-13 06:13:44,317 INFO  storage.RaftStorageDirectory (RaftStorageDirectory.java:analyzeStorage(246)) - The storage directory /opt/src/hadoop-ozone/integration-test/target/test-dir/MiniOzoneClusterImpl-1553a449-c590-4e8d-b93e-f642de5e93d0/datanode-4/data/ratis/90f225e4-93a6-4772-8de5-0af97ea8a6c3 does not exist. Creating ...
2019-06-13 06:13:44,319 INFO  storage.RaftStorageDirectory (RaftStorageDirectory.java:tryLock(328)) - Lock on /opt/src/hadoop-ozone/integration-test/target/test-dir/MiniOzoneClusterImpl-1553a449-c590-4e8d-b93e-f642de5e93d0/datanode-4/data/ratis/90f225e4-93a6-4772-8de5-0af97ea8a6c3/in_use.lock acquired by nodename 10164@ozone-5hd7b-1940671811
2019-06-13 06:13:44,322 INFO  storage.RaftStorage (RaftStorage.java:format(75)) - Storage directory /opt/src/hadoop-ozone/integration-test/target/test-dir/MiniOzoneClusterImpl-1553a449-c590-4e8d-b93e-f642de5e93d0/datanode-4/data/ratis/90f225e4-93a6-4772-8de5-0af97ea8a6c3 has been successfully formatted.
2019-06-13 06:13:44,322 INFO  ratis.ContainerStateMachine (ContainerStateMachine.java:loadSnapshot(199)) - The snapshot info is null.Setting the last applied index to:(t:0, i:~)
2019-06-13 06:13:44,322 INFO  server.RaftServerConfigKeys (ConfUtils.java:logGet(43)) - raft.server.leader.election.timeout = 10s (custom)
2019-06-13 06:13:44,322 INFO  server.RaftServerConfigKeys (ConfUtils.java:logGet(43)) - raft.server.log.use.memory = false (default)
2019-06-13 06:13:44,322 INFO  server.RaftServerConfigKeys (ConfUtils.java:logGet(43)) - raft.server.log.appender.buffer.byte-limit = 33554432 (custom)
2019-06-13 06:13:44,322 INFO  server.RaftServerConfigKeys (ConfUtils.java:logGet(43)) - raft.server.log.segment.size.max = 16384 (custom)
2019-06-13 06:13:44,322 INFO  server.RaftServerConfigKeys (ConfUtils.java:logGet(43)) - raft.server.log.segment.cache.num.max = 2 (custom)
2019-06-13 06:13:44,323 INFO  storage.RaftLogWorker (RaftLogWorker.java:<init>(123)) - new 3caa791d-1d43-40e7-9014-149b1f466201-RaftLogWorker for Storage Directory /opt/src/hadoop-ozone/integration-test/target/test-dir/MiniOzoneClusterImpl-1553a449-c590-4e8d-b93e-f642de5e93d0/datanode-4/data/ratis/90f225e4-93a6-4772-8de5-0af97ea8a6c3
2019-06-13 06:13:44,323 INFO  server.RaftServerConfigKeys (ConfUtils.java:logGet(43)) - raft.server.log.queue.byte-limit = 2147483647 (custom)
2019-06-13 06:13:44,323 INFO  server.RaftServerConfigKeys (ConfUtils.java:logGet(43)) - raft.server.log.queue.element-limit = 1024 (custom)
2019-06-13 06:13:44,323 INFO  server.RaftServerConfigKeys (ConfUtils.java:logGet(43)) - raft.server.log.segment.size.max = 16384 (custom)
2019-06-13 06:13:44,323 INFO  server.RaftServerConfigKeys (ConfUtils.java:logGet(43)) - raft.server.log.preallocated.size = 16384 (custom)
2019-06-13 06:13:44,323 INFO  server.RaftServerConfigKeys (ConfUtils.java:logGet(43)) - raft.server.log.write.buffer.size = 33554432 (custom)
2019-06-13 06:13:44,323 INFO  server.RaftServerConfigKeys (ConfUtils.java:logGet(43)) - raft.server.log.force.sync.num = 128 (default)
2019-06-13 06:13:44,323 INFO  server.RaftServerConfigKeys (ConfUtils.java:logGet(43)) - raft.server.log.statemachine.data.sync = true (default)
2019-06-13 06:13:44,323 INFO  server.RaftServerConfigKeys (ConfUtils.java:logGet(43)) - raft.server.log.statemachine.data.sync.timeout = 10s (default)
2019-06-13 06:13:44,324 INFO  server.RaftServerConfigKeys (ConfUtils.java:logGet(43)) - raft.server.log.statemachine.data.sync.timeout.retry = -1 (default)
2019-06-13 06:13:44,324 INFO  server.RaftServerConfigKeys (ConfUtils.java:logGet(43)) - raft.server.log.statemachine.data.caching.enabled = true (custom)
2019-06-13 06:13:44,324 INFO  server.RaftServerConfigKeys (ConfUtils.java:logGet(43)) - raft.server.snapshot.auto.trigger.enabled = true (custom)
2019-06-13 06:13:44,324 INFO  server.RaftServerConfigKeys (ConfUtils.java:logGet(43)) - raft.server.snapshot.auto.trigger.threshold = 10000 (custom)
2019-06-13 06:13:44,324 INFO  server.RaftServerConfigKeys (ConfUtils.java:logGet(43)) - raft.server.retrycache.expirytime = 600000ms (custom)
2019-06-13 06:13:44,325 INFO  impl.RaftServerImpl (RaftServerImpl.java:start(173)) - 3caa791d-1d43-40e7-9014-149b1f466201: start group-0AF97EA8A6C3
2019-06-13 06:13:44,325 INFO  impl.RaftServerImpl (RaftServerImpl.java:setRole(164)) - 3caa791d-1d43-40e7-9014-149b1f466201:group-0AF97EA8A6C3 changes role from null to FOLLOWER at term 0 for startAsFollower
2019-06-13 06:13:44,325 INFO  impl.RoleInfo (RoleInfo.java:updateAndGet(143)) - 3caa791d-1d43-40e7-9014-149b1f466201: start FollowerState
2019-06-13 06:13:44,325 INFO  util.JmxRegister (JmxRegister.java:tryRegister(44)) - Successfully registered JMX Bean with object name Ratis:service=RaftServer,group=group-0AF97EA8A6C3,id=3caa791d-1d43-40e7-9014-149b1f466201
2019-06-13 06:13:44,332 INFO  pipeline.PipelineStateManager (PipelineStateManager.java:addPipeline(56)) - Created pipeline Pipeline[ Id: 90f225e4-93a6-4772-8de5-0af97ea8a6c3, Nodes: 3caa791d-1d43-40e7-9014-149b1f466201{ip: 192.168.134.113, host: ozone-5hd7b-1940671811, networkLocation: /default-rack, certSerialId: null}, Type:RATIS, Factor:ONE, State:OPEN]
2019-06-13 06:13:44,466 INFO  ozone.MiniOzoneClusterImpl (MiniOzoneClusterImpl.java:lambda$waitForClusterToBeReady$0(142)) - Waiting for cluster to be ready. Got 5 of 6 DN Heartbeats.
2019-06-13 06:13:44,473 INFO  node.SCMNodeManager (SCMNodeManager.java:register(234)) - Registered Data node : e5c418c9-a5d3-49e1-8722-7f583e9033c9{ip: 192.168.134.113, host: ozone-5hd7b-1940671811, networkLocation: /default-rack, certSerialId: null}
2019-06-13 06:13:44,483 INFO  impl.RaftServerProxy (RaftServerProxy.java:addNew(89)) - e5c418c9-a5d3-49e1-8722-7f583e9033c9: addNew group-13B776BCB432:[e5c418c9-a5d3-49e1-8722-7f583e9033c9:192.168.134.113:41747] returns group-13B776BCB432:java.util.concurrent.CompletableFuture@21755823[Not completed]
2019-06-13 06:13:44,484 INFO  impl.RaftServerImpl (RaftServerImpl.java:<init>(91)) - e5c418c9-a5d3-49e1-8722-7f583e9033c9: new RaftServerImpl for group-13B776BCB432:[e5c418c9-a5d3-49e1-8722-7f583e9033c9:192.168.134.113:41747] with ContainerStateMachine:uninitialized
2019-06-13 06:13:44,484 INFO  server.RaftServerConfigKeys (ConfUtils.java:logGet(43)) - raft.server.rpc.timeout.min = 1s (custom)
2019-06-13 06:13:44,484 INFO  server.RaftServerConfigKeys (ConfUtils.java:logGet(43)) - raft.server.rpc.timeout.max = 1200ms (custom)
2019-06-13 06:13:44,484 INFO  server.RaftServerConfigKeys (ConfUtils.java:logGet(43)) - raft.server.rpcslowness.timeout = 10s (custom)
2019-06-13 06:13:44,484 INFO  server.RaftServerConfigKeys (ConfUtils.java:logGet(43)) - raft.server.log.appender.install.snapshot.enabled = true (default)
2019-06-13 06:13:44,484 INFO  impl.RaftServerImpl (ServerState.java:<init>(101)) - e5c418c9-a5d3-49e1-8722-7f583e9033c9:group-13B776BCB432 ConfigurationManager, init=-1: [e5c418c9-a5d3-49e1-8722-7f583e9033c9:192.168.134.113:41747], old=null, confs=<EMPTY_MAP>
2019-06-13 06:13:44,484 INFO  server.RaftServerConfigKeys (ConfUtils.java:logGet(43)) - raft.server.storage.dir = [/opt/src/hadoop-ozone/integration-test/target/test-dir/MiniOzoneClusterImpl-1553a449-c590-4e8d-b93e-f642de5e93d0/datanode-5/data/ratis] (custom)
2019-06-13 06:13:44,485 INFO  storage.RaftStorageDirectory (RaftStorageDirectory.java:analyzeStorage(246)) - The storage directory /opt/src/hadoop-ozone/integration-test/target/test-dir/MiniOzoneClusterImpl-1553a449-c590-4e8d-b93e-f642de5e93d0/datanode-5/data/ratis/ff71570a-1883-41e9-83f9-13b776bcb432 does not exist. Creating ...
2019-06-13 06:13:44,487 INFO  storage.RaftStorageDirectory (RaftStorageDirectory.java:tryLock(328)) - Lock on /opt/src/hadoop-ozone/integration-test/target/test-dir/MiniOzoneClusterImpl-1553a449-c590-4e8d-b93e-f642de5e93d0/datanode-5/data/ratis/ff71570a-1883-41e9-83f9-13b776bcb432/in_use.lock acquired by nodename 10164@ozone-5hd7b-1940671811
2019-06-13 06:13:44,489 INFO  storage.RaftStorage (RaftStorage.java:format(75)) - Storage directory /opt/src/hadoop-ozone/integration-test/target/test-dir/MiniOzoneClusterImpl-1553a449-c590-4e8d-b93e-f642de5e93d0/datanode-5/data/ratis/ff71570a-1883-41e9-83f9-13b776bcb432 has been successfully formatted.
2019-06-13 06:13:44,489 INFO  ratis.ContainerStateMachine (ContainerStateMachine.java:loadSnapshot(199)) - The snapshot info is null.Setting the last applied index to:(t:0, i:~)
2019-06-13 06:13:44,489 INFO  server.RaftServerConfigKeys (ConfUtils.java:logGet(43)) - raft.server.leader.election.timeout = 10s (custom)
2019-06-13 06:13:44,489 INFO  server.RaftServerConfigKeys (ConfUtils.java:logGet(43)) - raft.server.log.use.memory = false (default)
2019-06-13 06:13:44,489 INFO  server.RaftServerConfigKeys (ConfUtils.java:logGet(43)) - raft.server.log.appender.buffer.byte-limit = 33554432 (custom)
2019-06-13 06:13:44,489 INFO  server.RaftServerConfigKeys (ConfUtils.java:logGet(43)) - raft.server.log.segment.size.max = 16384 (custom)
2019-06-13 06:13:44,489 INFO  server.RaftServerConfigKeys (ConfUtils.java:logGet(43)) - raft.server.log.segment.cache.num.max = 2 (custom)
2019-06-13 06:13:44,490 INFO  storage.RaftLogWorker (RaftLogWorker.java:<init>(123)) - new e5c418c9-a5d3-49e1-8722-7f583e9033c9-RaftLogWorker for Storage Directory /opt/src/hadoop-ozone/integration-test/target/test-dir/MiniOzoneClusterImpl-1553a449-c590-4e8d-b93e-f642de5e93d0/datanode-5/data/ratis/ff71570a-1883-41e9-83f9-13b776bcb432
2019-06-13 06:13:44,490 INFO  server.RaftServerConfigKeys (ConfUtils.java:logGet(43)) - raft.server.log.queue.byte-limit = 2147483647 (custom)
2019-06-13 06:13:44,490 INFO  server.RaftServerConfigKeys (ConfUtils.java:logGet(43)) - raft.server.log.queue.element-limit = 1024 (custom)
2019-06-13 06:13:44,490 INFO  server.RaftServerConfigKeys (ConfUtils.java:logGet(43)) - raft.server.log.segment.size.max = 16384 (custom)
2019-06-13 06:13:44,490 INFO  server.RaftServerConfigKeys (ConfUtils.java:logGet(43)) - raft.server.log.preallocated.size = 16384 (custom)
2019-06-13 06:13:44,490 INFO  server.RaftServerConfigKeys (ConfUtils.java:logGet(43)) - raft.server.log.write.buffer.size = 33554432 (custom)
2019-06-13 06:13:44,490 INFO  server.RaftServerConfigKeys (ConfUtils.java:logGet(43)) - raft.server.log.force.sync.num = 128 (default)
2019-06-13 06:13:44,490 INFO  server.RaftServerConfigKeys (ConfUtils.java:logGet(43)) - raft.server.log.statemachine.data.sync = true (default)
2019-06-13 06:13:44,490 INFO  server.RaftServerConfigKeys (ConfUtils.java:logGet(43)) - raft.server.log.statemachine.data.sync.timeout = 10s (default)
2019-06-13 06:13:44,490 INFO  server.RaftServerConfigKeys (ConfUtils.java:logGet(43)) - raft.server.log.statemachine.data.sync.timeout.retry = -1 (default)
2019-06-13 06:13:44,490 INFO  server.RaftServerConfigKeys (ConfUtils.java:logGet(43)) - raft.server.log.statemachine.data.caching.enabled = true (custom)
2019-06-13 06:13:44,491 INFO  server.RaftServerConfigKeys (ConfUtils.java:logGet(43)) - raft.server.snapshot.auto.trigger.enabled = true (custom)
2019-06-13 06:13:44,491 INFO  server.RaftServerConfigKeys (ConfUtils.java:logGet(43)) - raft.server.snapshot.auto.trigger.threshold = 10000 (custom)
2019-06-13 06:13:44,491 INFO  server.RaftServerConfigKeys (ConfUtils.java:logGet(43)) - raft.server.retrycache.expirytime = 600000ms (custom)
2019-06-13 06:13:44,491 INFO  impl.RaftServerImpl (RaftServerImpl.java:start(173)) - e5c418c9-a5d3-49e1-8722-7f583e9033c9: start group-13B776BCB432
2019-06-13 06:13:44,491 INFO  impl.RaftServerImpl (RaftServerImpl.java:setRole(164)) - e5c418c9-a5d3-49e1-8722-7f583e9033c9:group-13B776BCB432 changes role from null to FOLLOWER at term 0 for startAsFollower
2019-06-13 06:13:44,491 INFO  impl.RoleInfo (RoleInfo.java:updateAndGet(143)) - e5c418c9-a5d3-49e1-8722-7f583e9033c9: start FollowerState
2019-06-13 06:13:44,491 INFO  util.JmxRegister (JmxRegister.java:tryRegister(44)) - Successfully registered JMX Bean with object name Ratis:service=RaftServer,group=group-13B776BCB432,id=e5c418c9-a5d3-49e1-8722-7f583e9033c9
2019-06-13 06:13:44,498 INFO  pipeline.PipelineStateManager (PipelineStateManager.java:addPipeline(56)) - Created pipeline Pipeline[ Id: ff71570a-1883-41e9-83f9-13b776bcb432, Nodes: e5c418c9-a5d3-49e1-8722-7f583e9033c9{ip: 192.168.134.113, host: ozone-5hd7b-1940671811, networkLocation: /default-rack, certSerialId: null}, Type:RATIS, Factor:ONE, State:OPEN]
2019-06-13 06:13:44,518 INFO  impl.RaftServerProxy (RaftServerProxy.java:addNew(89)) - 91140bc3-a447-4085-bc7c-0117c8b2ed50: addNew group-CC69C14D1F06:[e5c418c9-a5d3-49e1-8722-7f583e9033c9:192.168.134.113:41747, 3caa791d-1d43-40e7-9014-149b1f466201:192.168.134.113:44213, 91140bc3-a447-4085-bc7c-0117c8b2ed50:192.168.134.113:40939] returns group-CC69C14D1F06:java.util.concurrent.CompletableFuture@32d8ab08[Not completed]
2019-06-13 06:13:44,520 INFO  impl.RaftServerImpl (RaftServerImpl.java:<init>(91)) - 91140bc3-a447-4085-bc7c-0117c8b2ed50: new RaftServerImpl for group-CC69C14D1F06:[e5c418c9-a5d3-49e1-8722-7f583e9033c9:192.168.134.113:41747, 3caa791d-1d43-40e7-9014-149b1f466201:192.168.134.113:44213, 91140bc3-a447-4085-bc7c-0117c8b2ed50:192.168.134.113:40939] with ContainerStateMachine:uninitialized
2019-06-13 06:13:44,520 INFO  server.RaftServerConfigKeys (ConfUtils.java:logGet(43)) - raft.server.rpc.timeout.min = 1s (custom)
2019-06-13 06:13:44,520 INFO  server.RaftServerConfigKeys (ConfUtils.java:logGet(43)) - raft.server.rpc.timeout.max = 1200ms (custom)
2019-06-13 06:13:44,520 INFO  impl.RaftServerImpl (RaftServerImpl.java:<init>(91)) - e5c418c9-a5d3-49e1-8722-7f583e9033c9: new RaftServerImpl for group-CC69C14D1F06:[e5c418c9-a5d3-49e1-8722-7f583e9033c9:192.168.134.113:41747, 3caa791d-1d43-40e7-9014-149b1f466201:192.168.134.113:44213, 91140bc3-a447-4085-bc7c-0117c8b2ed50:192.168.134.113:40939] with ContainerStateMachine:uninitialized
2019-06-13 06:13:44,520 INFO  server.RaftServerConfigKeys (ConfUtils.java:logGet(43)) - raft.server.rpcslowness.timeout = 10s (custom)
2019-06-13 06:13:44,520 INFO  impl.RaftServerProxy (RaftServerProxy.java:addNew(89)) - e5c418c9-a5d3-49e1-8722-7f583e9033c9: addNew group-CC69C14D1F06:[e5c418c9-a5d3-49e1-8722-7f583e9033c9:192.168.134.113:41747, 3caa791d-1d43-40e7-9014-149b1f466201:192.168.134.113:44213, 91140bc3-a447-4085-bc7c-0117c8b2ed50:192.168.134.113:40939] returns group-CC69C14D1F06:java.util.concurrent.CompletableFuture@5d2b58e4[Not completed]
2019-06-13 06:13:44,520 INFO  server.RaftServerConfigKeys (ConfUtils.java:logGet(43)) - raft.server.rpc.timeout.min = 1s (custom)
2019-06-13 06:13:44,521 INFO  impl.RaftServerProxy (RaftServerProxy.java:addNew(89)) - 3caa791d-1d43-40e7-9014-149b1f466201: addNew group-CC69C14D1F06:[e5c418c9-a5d3-49e1-8722-7f583e9033c9:192.168.134.113:41747, 3caa791d-1d43-40e7-9014-149b1f466201:192.168.134.113:44213, 91140bc3-a447-4085-bc7c-0117c8b2ed50:192.168.134.113:40939] returns group-CC69C14D1F06:java.util.concurrent.CompletableFuture@1cf70eca[Not completed]
2019-06-13 06:13:44,520 INFO  server.RaftServerConfigKeys (ConfUtils.java:logGet(43)) - raft.server.log.appender.install.snapshot.enabled = true (default)
2019-06-13 06:13:44,522 INFO  impl.RaftServerImpl (ServerState.java:<init>(101)) - 91140bc3-a447-4085-bc7c-0117c8b2ed50:group-CC69C14D1F06 ConfigurationManager, init=-1: [e5c418c9-a5d3-49e1-8722-7f583e9033c9:192.168.134.113:41747, 3caa791d-1d43-40e7-9014-149b1f466201:192.168.134.113:44213, 91140bc3-a447-4085-bc7c-0117c8b2ed50:192.168.134.113:40939], old=null, confs=<EMPTY_MAP>
2019-06-13 06:13:44,522 INFO  server.RaftServerConfigKeys (ConfUtils.java:logGet(43)) - raft.server.storage.dir = [/opt/src/hadoop-ozone/integration-test/target/test-dir/MiniOzoneClusterImpl-1553a449-c590-4e8d-b93e-f642de5e93d0/datanode-2/data/ratis] (custom)
2019-06-13 06:13:44,522 INFO  impl.RaftServerImpl (RaftServerImpl.java:<init>(91)) - 3caa791d-1d43-40e7-9014-149b1f466201: new RaftServerImpl for group-CC69C14D1F06:[e5c418c9-a5d3-49e1-8722-7f583e9033c9:192.168.134.113:41747, 3caa791d-1d43-40e7-9014-149b1f466201:192.168.134.113:44213, 91140bc3-a447-4085-bc7c-0117c8b2ed50:192.168.134.113:40939] with ContainerStateMachine:uninitialized
2019-06-13 06:13:44,522 INFO  server.RaftServerConfigKeys (ConfUtils.java:logGet(43)) - raft.server.rpc.timeout.min = 1s (custom)
2019-06-13 06:13:44,522 INFO  storage.RaftStorageDirectory (RaftStorageDirectory.java:analyzeStorage(246)) - The storage directory /opt/src/hadoop-ozone/integration-test/target/test-dir/MiniOzoneClusterImpl-1553a449-c590-4e8d-b93e-f642de5e93d0/datanode-2/data/ratis/2db50be7-07f8-421d-acde-cc69c14d1f06 does not exist. Creating ...
2019-06-13 06:13:44,522 INFO  server.RaftServerConfigKeys (ConfUtils.java:logGet(43)) - raft.server.rpc.timeout.max = 1200ms (custom)
2019-06-13 06:13:44,522 INFO  server.RaftServerConfigKeys (ConfUtils.java:logGet(43)) - raft.server.rpcslowness.timeout = 10s (custom)
2019-06-13 06:13:44,523 INFO  server.RaftServerConfigKeys (ConfUtils.java:logGet(43)) - raft.server.log.appender.install.snapshot.enabled = true (default)
2019-06-13 06:13:44,523 INFO  server.RaftServerConfigKeys (ConfUtils.java:logGet(43)) - raft.server.rpc.timeout.max = 1200ms (custom)
2019-06-13 06:13:44,523 INFO  server.RaftServerConfigKeys (ConfUtils.java:logGet(43)) - raft.server.rpcslowness.timeout = 10s (custom)
2019-06-13 06:13:44,523 INFO  server.RaftServerConfigKeys (ConfUtils.java:logGet(43)) - raft.server.log.appender.install.snapshot.enabled = true (default)
2019-06-13 06:13:44,523 INFO  impl.RaftServerImpl (ServerState.java:<init>(101)) - 3caa791d-1d43-40e7-9014-149b1f466201:group-CC69C14D1F06 ConfigurationManager, init=-1: [e5c418c9-a5d3-49e1-8722-7f583e9033c9:192.168.134.113:41747, 3caa791d-1d43-40e7-9014-149b1f466201:192.168.134.113:44213, 91140bc3-a447-4085-bc7c-0117c8b2ed50:192.168.134.113:40939], old=null, confs=<EMPTY_MAP>
2019-06-13 06:13:44,523 INFO  impl.RaftServerImpl (ServerState.java:<init>(101)) - e5c418c9-a5d3-49e1-8722-7f583e9033c9:group-CC69C14D1F06 ConfigurationManager, init=-1: [e5c418c9-a5d3-49e1-8722-7f583e9033c9:192.168.134.113:41747, 3caa791d-1d43-40e7-9014-149b1f466201:192.168.134.113:44213, 91140bc3-a447-4085-bc7c-0117c8b2ed50:192.168.134.113:40939], old=null, confs=<EMPTY_MAP>
2019-06-13 06:13:44,523 INFO  server.RaftServerConfigKeys (ConfUtils.java:logGet(43)) - raft.server.storage.dir = [/opt/src/hadoop-ozone/integration-test/target/test-dir/MiniOzoneClusterImpl-1553a449-c590-4e8d-b93e-f642de5e93d0/datanode-4/data/ratis] (custom)
2019-06-13 06:13:44,523 INFO  server.RaftServerConfigKeys (ConfUtils.java:logGet(43)) - raft.server.storage.dir = [/opt/src/hadoop-ozone/integration-test/target/test-dir/MiniOzoneClusterImpl-1553a449-c590-4e8d-b93e-f642de5e93d0/datanode-5/data/ratis] (custom)
2019-06-13 06:13:44,523 INFO  storage.RaftStorageDirectory (RaftStorageDirectory.java:analyzeStorage(246)) - The storage directory /opt/src/hadoop-ozone/integration-test/target/test-dir/MiniOzoneClusterImpl-1553a449-c590-4e8d-b93e-f642de5e93d0/datanode-4/data/ratis/2db50be7-07f8-421d-acde-cc69c14d1f06 does not exist. Creating ...
2019-06-13 06:13:44,523 INFO  storage.RaftStorageDirectory (RaftStorageDirectory.java:analyzeStorage(246)) - The storage directory /opt/src/hadoop-ozone/integration-test/target/test-dir/MiniOzoneClusterImpl-1553a449-c590-4e8d-b93e-f642de5e93d0/datanode-5/data/ratis/2db50be7-07f8-421d-acde-cc69c14d1f06 does not exist. Creating ...
2019-06-13 06:13:44,525 INFO  storage.RaftStorageDirectory (RaftStorageDirectory.java:tryLock(328)) - Lock on /opt/src/hadoop-ozone/integration-test/target/test-dir/MiniOzoneClusterImpl-1553a449-c590-4e8d-b93e-f642de5e93d0/datanode-2/data/ratis/2db50be7-07f8-421d-acde-cc69c14d1f06/in_use.lock acquired by nodename 10164@ozone-5hd7b-1940671811
2019-06-13 06:13:44,526 INFO  storage.RaftStorageDirectory (RaftStorageDirectory.java:tryLock(328)) - Lock on /opt/src/hadoop-ozone/integration-test/target/test-dir/MiniOzoneClusterImpl-1553a449-c590-4e8d-b93e-f642de5e93d0/datanode-4/data/ratis/2db50be7-07f8-421d-acde-cc69c14d1f06/in_use.lock acquired by nodename 10164@ozone-5hd7b-1940671811
2019-06-13 06:13:44,526 INFO  storage.RaftStorageDirectory (RaftStorageDirectory.java:tryLock(328)) - Lock on /opt/src/hadoop-ozone/integration-test/target/test-dir/MiniOzoneClusterImpl-1553a449-c590-4e8d-b93e-f642de5e93d0/datanode-5/data/ratis/2db50be7-07f8-421d-acde-cc69c14d1f06/in_use.lock acquired by nodename 10164@ozone-5hd7b-1940671811
2019-06-13 06:13:44,528 INFO  storage.RaftStorage (RaftStorage.java:format(75)) - Storage directory /opt/src/hadoop-ozone/integration-test/target/test-dir/MiniOzoneClusterImpl-1553a449-c590-4e8d-b93e-f642de5e93d0/datanode-2/data/ratis/2db50be7-07f8-421d-acde-cc69c14d1f06 has been successfully formatted.
2019-06-13 06:13:44,529 INFO  ratis.ContainerStateMachine (ContainerStateMachine.java:loadSnapshot(199)) - The snapshot info is null.Setting the last applied index to:(t:0, i:~)
2019-06-13 06:13:44,529 INFO  server.RaftServerConfigKeys (ConfUtils.java:logGet(43)) - raft.server.leader.election.timeout = 10s (custom)
2019-06-13 06:13:44,529 INFO  server.RaftServerConfigKeys (ConfUtils.java:logGet(43)) - raft.server.log.use.memory = false (default)
2019-06-13 06:13:44,529 INFO  server.RaftServerConfigKeys (ConfUtils.java:logGet(43)) - raft.server.log.appender.buffer.byte-limit = 33554432 (custom)
2019-06-13 06:13:44,529 INFO  server.RaftServerConfigKeys (ConfUtils.java:logGet(43)) - raft.server.log.segment.size.max = 16384 (custom)
2019-06-13 06:13:44,529 INFO  server.RaftServerConfigKeys (ConfUtils.java:logGet(43)) - raft.server.log.segment.cache.num.max = 2 (custom)
2019-06-13 06:13:44,529 INFO  storage.RaftLogWorker (RaftLogWorker.java:<init>(123)) - new 91140bc3-a447-4085-bc7c-0117c8b2ed50-RaftLogWorker for Storage Directory /opt/src/hadoop-ozone/integration-test/target/test-dir/MiniOzoneClusterImpl-1553a449-c590-4e8d-b93e-f642de5e93d0/datanode-2/data/ratis/2db50be7-07f8-421d-acde-cc69c14d1f06
2019-06-13 06:13:44,529 INFO  storage.RaftStorage (RaftStorage.java:format(75)) - Storage directory /opt/src/hadoop-ozone/integration-test/target/test-dir/MiniOzoneClusterImpl-1553a449-c590-4e8d-b93e-f642de5e93d0/datanode-5/data/ratis/2db50be7-07f8-421d-acde-cc69c14d1f06 has been successfully formatted.
2019-06-13 06:13:44,529 INFO  storage.RaftStorage (RaftStorage.java:format(75)) - Storage directory /opt/src/hadoop-ozone/integration-test/target/test-dir/MiniOzoneClusterImpl-1553a449-c590-4e8d-b93e-f642de5e93d0/datanode-4/data/ratis/2db50be7-07f8-421d-acde-cc69c14d1f06 has been successfully formatted.
2019-06-13 06:13:44,529 INFO  server.RaftServerConfigKeys (ConfUtils.java:logGet(43)) - raft.server.log.queue.byte-limit = 2147483647 (custom)
2019-06-13 06:13:44,530 INFO  server.RaftServerConfigKeys (ConfUtils.java:logGet(43)) - raft.server.log.queue.element-limit = 1024 (custom)
2019-06-13 06:13:44,530 INFO  server.RaftServerConfigKeys (ConfUtils.java:logGet(43)) - raft.server.log.segment.size.max = 16384 (custom)
2019-06-13 06:13:44,530 INFO  server.RaftServerConfigKeys (ConfUtils.java:logGet(43)) - raft.server.log.preallocated.size = 16384 (custom)
2019-06-13 06:13:44,530 INFO  server.RaftServerConfigKeys (ConfUtils.java:logGet(43)) - raft.server.log.write.buffer.size = 33554432 (custom)
2019-06-13 06:13:44,530 INFO  server.RaftServerConfigKeys (ConfUtils.java:logGet(43)) - raft.server.log.force.sync.num = 128 (default)
2019-06-13 06:13:44,530 INFO  server.RaftServerConfigKeys (ConfUtils.java:logGet(43)) - raft.server.log.statemachine.data.sync = true (default)
2019-06-13 06:13:44,530 INFO  server.RaftServerConfigKeys (ConfUtils.java:logGet(43)) - raft.server.log.statemachine.data.sync.timeout = 10s (default)
2019-06-13 06:13:44,530 INFO  server.RaftServerConfigKeys (ConfUtils.java:logGet(43)) - raft.server.log.statemachine.data.sync.timeout.retry = -1 (default)
2019-06-13 06:13:44,530 INFO  server.RaftServerConfigKeys (ConfUtils.java:logGet(43)) - raft.server.log.statemachine.data.caching.enabled = true (custom)
2019-06-13 06:13:44,529 INFO  ratis.ContainerStateMachine (ContainerStateMachine.java:loadSnapshot(199)) - The snapshot info is null.Setting the last applied index to:(t:0, i:~)
2019-06-13 06:13:44,530 INFO  server.RaftServerConfigKeys (ConfUtils.java:logGet(43)) - raft.server.snapshot.auto.trigger.enabled = true (custom)
2019-06-13 06:13:44,531 INFO  server.RaftServerConfigKeys (ConfUtils.java:logGet(43)) - raft.server.snapshot.auto.trigger.threshold = 10000 (custom)
2019-06-13 06:13:44,531 INFO  server.RaftServerConfigKeys (ConfUtils.java:logGet(43)) - raft.server.retrycache.expirytime = 600000ms (custom)
2019-06-13 06:13:44,531 INFO  impl.RaftServerImpl (RaftServerImpl.java:start(173)) - 91140bc3-a447-4085-bc7c-0117c8b2ed50: start group-CC69C14D1F06
2019-06-13 06:13:44,531 INFO  impl.RaftServerImpl (RaftServerImpl.java:setRole(164)) - 91140bc3-a447-4085-bc7c-0117c8b2ed50:group-CC69C14D1F06 changes role from null to FOLLOWER at term 0 for startAsFollower
2019-06-13 06:13:44,531 INFO  impl.RoleInfo (RoleInfo.java:updateAndGet(143)) - 91140bc3-a447-4085-bc7c-0117c8b2ed50: start FollowerState
2019-06-13 06:13:44,529 INFO  ratis.ContainerStateMachine (ContainerStateMachine.java:loadSnapshot(199)) - The snapshot info is null.Setting the last applied index to:(t:0, i:~)
2019-06-13 06:13:44,530 INFO  server.RaftServerConfigKeys (ConfUtils.java:logGet(43)) - raft.server.leader.election.timeout = 10s (custom)
2019-06-13 06:13:44,531 INFO  util.JmxRegister (JmxRegister.java:tryRegister(44)) - Successfully registered JMX Bean with object name Ratis:service=RaftServer,group=group-CC69C14D1F06,id=91140bc3-a447-4085-bc7c-0117c8b2ed50
2019-06-13 06:13:44,532 INFO  server.RaftServerConfigKeys (ConfUtils.java:logGet(43)) - raft.server.log.use.memory = false (default)
2019-06-13 06:13:44,532 INFO  server.RaftServerConfigKeys (ConfUtils.java:logGet(43)) - raft.server.log.appender.buffer.byte-limit = 33554432 (custom)
2019-06-13 06:13:44,532 INFO  server.RaftServerConfigKeys (ConfUtils.java:logGet(43)) - raft.server.log.segment.size.max = 16384 (custom)
2019-06-13 06:13:44,532 INFO  server.RaftServerConfigKeys (ConfUtils.java:logGet(43)) - raft.server.log.segment.cache.num.max = 2 (custom)
2019-06-13 06:13:44,532 INFO  storage.RaftLogWorker (RaftLogWorker.java:<init>(123)) - new 3caa791d-1d43-40e7-9014-149b1f466201-RaftLogWorker for Storage Directory /opt/src/hadoop-ozone/integration-test/target/test-dir/MiniOzoneClusterImpl-1553a449-c590-4e8d-b93e-f642de5e93d0/datanode-4/data/ratis/2db50be7-07f8-421d-acde-cc69c14d1f06
2019-06-13 06:13:44,532 INFO  server.RaftServerConfigKeys (ConfUtils.java:logGet(43)) - raft.server.log.queue.byte-limit = 2147483647 (custom)
2019-06-13 06:13:44,532 INFO  server.RaftServerConfigKeys (ConfUtils.java:logGet(43)) - raft.server.log.queue.element-limit = 1024 (custom)
2019-06-13 06:13:44,532 INFO  server.RaftServerConfigKeys (ConfUtils.java:logGet(43)) - raft.server.log.segment.size.max = 16384 (custom)
2019-06-13 06:13:44,532 INFO  server.RaftServerConfigKeys (ConfUtils.java:logGet(43)) - raft.server.log.preallocated.size = 16384 (custom)
2019-06-13 06:13:44,533 INFO  server.RaftServerConfigKeys (ConfUtils.java:logGet(43)) - raft.server.log.write.buffer.size = 33554432 (custom)
2019-06-13 06:13:44,533 INFO  server.RaftServerConfigKeys (ConfUtils.java:logGet(43)) - raft.server.log.force.sync.num = 128 (default)
2019-06-13 06:13:44,533 INFO  server.RaftServerConfigKeys (ConfUtils.java:logGet(43)) - raft.server.log.statemachine.data.sync = true (default)
2019-06-13 06:13:44,534 INFO  server.RaftServerConfigKeys (ConfUtils.java:logGet(43)) - raft.server.log.statemachine.data.sync.timeout = 10s (default)
2019-06-13 06:13:44,534 INFO  server.RaftServerConfigKeys (ConfUtils.java:logGet(43)) - raft.server.log.statemachine.data.sync.timeout.retry = -1 (default)
2019-06-13 06:13:44,534 INFO  server.RaftServerConfigKeys (ConfUtils.java:logGet(43)) - raft.server.log.statemachine.data.caching.enabled = true (custom)
2019-06-13 06:13:44,534 INFO  server.RaftServerConfigKeys (ConfUtils.java:logGet(43)) - raft.server.snapshot.auto.trigger.enabled = true (custom)
2019-06-13 06:13:44,534 INFO  server.RaftServerConfigKeys (ConfUtils.java:logGet(43)) - raft.server.snapshot.auto.trigger.threshold = 10000 (custom)
2019-06-13 06:13:44,535 INFO  server.RaftServerConfigKeys (ConfUtils.java:logGet(43)) - raft.server.retrycache.expirytime = 600000ms (custom)
2019-06-13 06:13:44,536 INFO  impl.RaftServerImpl (RaftServerImpl.java:start(173)) - 3caa791d-1d43-40e7-9014-149b1f466201: start group-CC69C14D1F06
2019-06-13 06:13:44,536 INFO  impl.RaftServerImpl (RaftServerImpl.java:setRole(164)) - 3caa791d-1d43-40e7-9014-149b1f466201:group-CC69C14D1F06 changes role from null to FOLLOWER at term 0 for startAsFollower
2019-06-13 06:13:44,536 INFO  impl.RoleInfo (RoleInfo.java:updateAndGet(143)) - 3caa791d-1d43-40e7-9014-149b1f466201: start FollowerState
2019-06-13 06:13:44,534 INFO  server.RaftServerConfigKeys (ConfUtils.java:logGet(43)) - raft.server.leader.election.timeout = 10s (custom)
2019-06-13 06:13:44,536 INFO  server.RaftServerConfigKeys (ConfUtils.java:logGet(43)) - raft.server.log.use.memory = false (default)
2019-06-13 06:13:44,536 INFO  server.RaftServerConfigKeys (ConfUtils.java:logGet(43)) - raft.server.log.appender.buffer.byte-limit = 33554432 (custom)
2019-06-13 06:13:44,536 INFO  server.RaftServerConfigKeys (ConfUtils.java:logGet(43)) - raft.server.log.segment.size.max = 16384 (custom)
2019-06-13 06:13:44,537 INFO  server.RaftServerConfigKeys (ConfUtils.java:logGet(43)) - raft.server.log.segment.cache.num.max = 2 (custom)
2019-06-13 06:13:44,537 INFO  storage.RaftLogWorker (RaftLogWorker.java:<init>(123)) - new e5c418c9-a5d3-49e1-8722-7f583e9033c9-RaftLogWorker for Storage Directory /opt/src/hadoop-ozone/integration-test/target/test-dir/MiniOzoneClusterImpl-1553a449-c590-4e8d-b93e-f642de5e93d0/datanode-5/data/ratis/2db50be7-07f8-421d-acde-cc69c14d1f06
2019-06-13 06:13:44,537 INFO  server.RaftServerConfigKeys (ConfUtils.java:logGet(43)) - raft.server.log.queue.byte-limit = 2147483647 (custom)
2019-06-13 06:13:44,537 INFO  server.RaftServerConfigKeys (ConfUtils.java:logGet(43)) - raft.server.log.queue.element-limit = 1024 (custom)
2019-06-13 06:13:44,537 INFO  server.RaftServerConfigKeys (ConfUtils.java:logGet(43)) - raft.server.log.segment.size.max = 16384 (custom)
2019-06-13 06:13:44,537 INFO  server.RaftServerConfigKeys (ConfUtils.java:logGet(43)) - raft.server.log.preallocated.size = 16384 (custom)
2019-06-13 06:13:44,537 INFO  server.RaftServerConfigKeys (ConfUtils.java:logGet(43)) - raft.server.log.write.buffer.size = 33554432 (custom)
2019-06-13 06:13:44,537 INFO  server.RaftServerConfigKeys (ConfUtils.java:logGet(43)) - raft.server.log.force.sync.num = 128 (default)
2019-06-13 06:13:44,537 INFO  server.RaftServerConfigKeys (ConfUtils.java:logGet(43)) - raft.server.log.statemachine.data.sync = true (default)
2019-06-13 06:13:44,537 INFO  server.RaftServerConfigKeys (ConfUtils.java:logGet(43)) - raft.server.log.statemachine.data.sync.timeout = 10s (default)
2019-06-13 06:13:44,538 INFO  server.RaftServerConfigKeys (ConfUtils.java:logGet(43)) - raft.server.log.statemachine.data.sync.timeout.retry = -1 (default)
2019-06-13 06:13:44,542 INFO  server.RaftServerConfigKeys (ConfUtils.java:logGet(43)) - raft.server.log.statemachine.data.caching.enabled = true (custom)
2019-06-13 06:13:44,542 INFO  util.JmxRegister (JmxRegister.java:tryRegister(44)) - Successfully registered JMX Bean with object name Ratis:service=RaftServer,group=group-CC69C14D1F06,id=3caa791d-1d43-40e7-9014-149b1f466201
2019-06-13 06:13:44,545 INFO  server.RaftServerConfigKeys (ConfUtils.java:logGet(43)) - raft.server.snapshot.auto.trigger.enabled = true (custom)
2019-06-13 06:13:44,545 INFO  server.RaftServerConfigKeys (ConfUtils.java:logGet(43)) - raft.server.snapshot.auto.trigger.threshold = 10000 (custom)
2019-06-13 06:13:44,546 INFO  server.RaftServerConfigKeys (ConfUtils.java:logGet(43)) - raft.server.retrycache.expirytime = 600000ms (custom)
2019-06-13 06:13:44,546 INFO  impl.RaftServerImpl (RaftServerImpl.java:start(173)) - e5c418c9-a5d3-49e1-8722-7f583e9033c9: start group-CC69C14D1F06
2019-06-13 06:13:44,546 INFO  impl.RaftServerImpl (RaftServerImpl.java:setRole(164)) - e5c418c9-a5d3-49e1-8722-7f583e9033c9:group-CC69C14D1F06 changes role from null to FOLLOWER at term 0 for startAsFollower
2019-06-13 06:13:44,547 INFO  impl.RoleInfo (RoleInfo.java:updateAndGet(143)) - e5c418c9-a5d3-49e1-8722-7f583e9033c9: start FollowerState
2019-06-13 06:13:44,547 INFO  util.JmxRegister (JmxRegister.java:tryRegister(44)) - Successfully registered JMX Bean with object name Ratis:service=RaftServer,group=group-CC69C14D1F06,id=e5c418c9-a5d3-49e1-8722-7f583e9033c9
2019-06-13 06:13:44,565 INFO  pipeline.PipelineStateManager (PipelineStateManager.java:addPipeline(56)) - Created pipeline Pipeline[ Id: 2db50be7-07f8-421d-acde-cc69c14d1f06, Nodes: 3caa791d-1d43-40e7-9014-149b1f466201{ip: 192.168.134.113, host: ozone-5hd7b-1940671811, networkLocation: /default-rack, certSerialId: null}91140bc3-a447-4085-bc7c-0117c8b2ed50{ip: 192.168.134.113, host: ozone-5hd7b-1940671811, networkLocation: /default-rack, certSerialId: null}e5c418c9-a5d3-49e1-8722-7f583e9033c9{ip: 192.168.134.113, host: ozone-5hd7b-1940671811, networkLocation: /default-rack, certSerialId: null}, Type:RATIS, Factor:THREE, State:OPEN]
2019-06-13 06:13:45,106 INFO  impl.FollowerState (FollowerState.java:run(101)) - 91140bc3-a447-4085-bc7c-0117c8b2ed50:group-5F735443A09B changes to CANDIDATE, lastRpcTime:1010, electionTimeout:1010ms
2019-06-13 06:13:45,106 INFO  impl.RoleInfo (RoleInfo.java:shutdownFollowerState(121)) - 91140bc3-a447-4085-bc7c-0117c8b2ed50: shutdown FollowerState
2019-06-13 06:13:45,106 INFO  impl.RaftServerImpl (RaftServerImpl.java:setRole(164)) - 91140bc3-a447-4085-bc7c-0117c8b2ed50:group-5F735443A09B changes role from FOLLOWER to CANDIDATE at term 0 for changeToCandidate
2019-06-13 06:13:45,108 INFO  impl.RoleInfo (RoleInfo.java:updateAndGet(143)) - 91140bc3-a447-4085-bc7c-0117c8b2ed50: start LeaderElection
2019-06-13 06:13:45,115 INFO  impl.LeaderElection (LeaderElection.java:askForVotes(181)) - 91140bc3-a447-4085-bc7c-0117c8b2ed50:group-5F735443A09B:LeaderElection1: begin an election at term 1 for -1: [91140bc3-a447-4085-bc7c-0117c8b2ed50:192.168.134.113:40939], old=null
2019-06-13 06:13:45,116 INFO  impl.RoleInfo (RoleInfo.java:shutdownLeaderElection(134)) - 91140bc3-a447-4085-bc7c-0117c8b2ed50: shutdown LeaderElection
2019-06-13 06:13:45,117 INFO  impl.RaftServerImpl (RaftServerImpl.java:setRole(164)) - 91140bc3-a447-4085-bc7c-0117c8b2ed50:group-5F735443A09B changes role from CANDIDATE to LEADER at term 1 for changeToLeader
2019-06-13 06:13:45,117 INFO  impl.RaftServerImpl (ServerState.java:setLeader(263)) - 91140bc3-a447-4085-bc7c-0117c8b2ed50:group-5F735443A09B change Leader from null to 91140bc3-a447-4085-bc7c-0117c8b2ed50 at term 1 for becomeLeader, leader elected after 1023ms
2019-06-13 06:13:45,121 INFO  server.RaftServerConfigKeys (ConfUtils.java:logGet(43)) - raft.server.staging.catchup.gap = 1000 (default)
2019-06-13 06:13:45,121 INFO  server.RaftServerConfigKeys (ConfUtils.java:logGet(43)) - raft.server.rpc.sleep.time = 25ms (default)
2019-06-13 06:13:45,123 INFO  server.RaftServerConfigKeys (ConfUtils.java:logGet(43)) - raft.server.watch.timeout = 10s (default)
2019-06-13 06:13:45,123 INFO  server.RaftServerConfigKeys (ConfUtils.java:logGet(43)) - raft.server.watch.timeout.denomination = 1s (default)
2019-06-13 06:13:45,128 INFO  impl.RoleInfo (RoleInfo.java:updateAndGet(143)) - 91140bc3-a447-4085-bc7c-0117c8b2ed50: start LeaderState
2019-06-13 06:13:45,140 INFO  impl.FollowerState (FollowerState.java:run(101)) - 7289d1ce-3e1f-42df-a3bf-a6e5c1790767:group-C4016F68C9BA changes to CANDIDATE, lastRpcTime:1189, electionTimeout:1189ms
2019-06-13 06:13:45,140 INFO  impl.RoleInfo (RoleInfo.java:shutdownFollowerState(121)) - 7289d1ce-3e1f-42df-a3bf-a6e5c1790767: shutdown FollowerState
2019-06-13 06:13:45,141 INFO  impl.RaftServerImpl (RaftServerImpl.java:setRole(164)) - 7289d1ce-3e1f-42df-a3bf-a6e5c1790767:group-C4016F68C9BA changes role from FOLLOWER to CANDIDATE at term 0 for changeToCandidate
2019-06-13 06:13:45,141 INFO  impl.RoleInfo (RoleInfo.java:updateAndGet(143)) - 7289d1ce-3e1f-42df-a3bf-a6e5c1790767: start LeaderElection
2019-06-13 06:13:45,144 INFO  storage.RaftLogWorker (RaftLogWorker.java:startLogSegment(298)) - 91140bc3-a447-4085-bc7c-0117c8b2ed50-RaftLogWorker: Starting segment from index:0
2019-06-13 06:13:45,146 INFO  impl.LeaderElection (LeaderElection.java:askForVotes(181)) - 7289d1ce-3e1f-42df-a3bf-a6e5c1790767:group-C4016F68C9BA:LeaderElection2: begin an election at term 1 for -1: [7289d1ce-3e1f-42df-a3bf-a6e5c1790767:192.168.134.113:36713], old=null
2019-06-13 06:13:45,147 INFO  impl.RoleInfo (RoleInfo.java:shutdownLeaderElection(134)) - 7289d1ce-3e1f-42df-a3bf-a6e5c1790767: shutdown LeaderElection
2019-06-13 06:13:45,147 INFO  impl.RaftServerImpl (RaftServerImpl.java:setRole(164)) - 7289d1ce-3e1f-42df-a3bf-a6e5c1790767:group-C4016F68C9BA changes role from CANDIDATE to LEADER at term 1 for changeToLeader
2019-06-13 06:13:45,147 INFO  impl.RaftServerImpl (ServerState.java:setLeader(263)) - 7289d1ce-3e1f-42df-a3bf-a6e5c1790767:group-C4016F68C9BA change Leader from null to 7289d1ce-3e1f-42df-a3bf-a6e5c1790767 at term 1 for becomeLeader, leader elected after 1375ms
2019-06-13 06:13:45,147 INFO  server.RaftServerConfigKeys (ConfUtils.java:logGet(43)) - raft.server.staging.catchup.gap = 1000 (default)
2019-06-13 06:13:45,147 INFO  server.RaftServerConfigKeys (ConfUtils.java:logGet(43)) - raft.server.rpc.sleep.time = 25ms (default)
2019-06-13 06:13:45,147 INFO  server.RaftServerConfigKeys (ConfUtils.java:logGet(43)) - raft.server.watch.timeout = 10s (default)
2019-06-13 06:13:45,147 INFO  server.RaftServerConfigKeys (ConfUtils.java:logGet(43)) - raft.server.watch.timeout.denomination = 1s (default)
2019-06-13 06:13:45,148 INFO  impl.RoleInfo (RoleInfo.java:updateAndGet(143)) - 7289d1ce-3e1f-42df-a3bf-a6e5c1790767: start LeaderState
2019-06-13 06:13:45,148 INFO  storage.RaftLogWorker (RaftLogWorker.java:startLogSegment(298)) - 7289d1ce-3e1f-42df-a3bf-a6e5c1790767-RaftLogWorker: Starting segment from index:0
2019-06-13 06:13:45,153 INFO  impl.RaftServerImpl (ServerState.java:setRaftConf(361)) - 7289d1ce-3e1f-42df-a3bf-a6e5c1790767:group-C4016F68C9BA set configuration 0: [7289d1ce-3e1f-42df-a3bf-a6e5c1790767:192.168.134.113:36713], old=null at 0
2019-06-13 06:13:45,159 INFO  impl.RaftServerImpl (ServerState.java:setRaftConf(361)) - 91140bc3-a447-4085-bc7c-0117c8b2ed50:group-5F735443A09B set configuration 0: [91140bc3-a447-4085-bc7c-0117c8b2ed50:192.168.134.113:40939], old=null at 0
2019-06-13 06:13:45,176 INFO  impl.FollowerState (FollowerState.java:run(101)) - 46f463e5-d632-4c09-a0b7-adb09d060010:group-24B84521B437 changes to CANDIDATE, lastRpcTime:1156, electionTimeout:1155ms
2019-06-13 06:13:45,176 INFO  impl.RoleInfo (RoleInfo.java:shutdownFollowerState(121)) - 46f463e5-d632-4c09-a0b7-adb09d060010: shutdown FollowerState
2019-06-13 06:13:45,176 INFO  impl.RaftServerImpl (RaftServerImpl.java:setRole(164)) - 46f463e5-d632-4c09-a0b7-adb09d060010:group-24B84521B437 changes role from FOLLOWER to CANDIDATE at term 0 for changeToCandidate
2019-06-13 06:13:45,176 INFO  impl.RoleInfo (RoleInfo.java:updateAndGet(143)) - 46f463e5-d632-4c09-a0b7-adb09d060010: start LeaderElection
2019-06-13 06:13:45,181 INFO  impl.LeaderElection (LeaderElection.java:askForVotes(181)) - 46f463e5-d632-4c09-a0b7-adb09d060010:group-24B84521B437:LeaderElection3: begin an election at term 1 for -1: [46f463e5-d632-4c09-a0b7-adb09d060010:192.168.134.113:46689], old=null
2019-06-13 06:13:45,181 INFO  impl.RoleInfo (RoleInfo.java:shutdownLeaderElection(134)) - 46f463e5-d632-4c09-a0b7-adb09d060010: shutdown LeaderElection
2019-06-13 06:13:45,181 INFO  impl.RaftServerImpl (RaftServerImpl.java:setRole(164)) - 46f463e5-d632-4c09-a0b7-adb09d060010:group-24B84521B437 changes role from CANDIDATE to LEADER at term 1 for changeToLeader
2019-06-13 06:13:45,181 INFO  impl.RaftServerImpl (ServerState.java:setLeader(263)) - 46f463e5-d632-4c09-a0b7-adb09d060010:group-24B84521B437 change Leader from null to 46f463e5-d632-4c09-a0b7-adb09d060010 at term 1 for becomeLeader, leader elected after 1164ms
2019-06-13 06:13:45,181 INFO  server.RaftServerConfigKeys (ConfUtils.java:logGet(43)) - raft.server.staging.catchup.gap = 1000 (default)
2019-06-13 06:13:45,182 INFO  server.RaftServerConfigKeys (ConfUtils.java:logGet(43)) - raft.server.rpc.sleep.time = 25ms (default)
2019-06-13 06:13:45,182 INFO  server.RaftServerConfigKeys (ConfUtils.java:logGet(43)) - raft.server.watch.timeout = 10s (default)
2019-06-13 06:13:45,182 INFO  server.RaftServerConfigKeys (ConfUtils.java:logGet(43)) - raft.server.watch.timeout.denomination = 1s (default)
2019-06-13 06:13:45,182 INFO  impl.RoleInfo (RoleInfo.java:updateAndGet(143)) - 46f463e5-d632-4c09-a0b7-adb09d060010: start LeaderState
2019-06-13 06:13:45,182 INFO  storage.RaftLogWorker (RaftLogWorker.java:startLogSegment(298)) - 46f463e5-d632-4c09-a0b7-adb09d060010-RaftLogWorker: Starting segment from index:0
2019-06-13 06:13:45,186 INFO  impl.RaftServerImpl (ServerState.java:setRaftConf(361)) - 46f463e5-d632-4c09-a0b7-adb09d060010:group-24B84521B437 set configuration 0: [46f463e5-d632-4c09-a0b7-adb09d060010:192.168.134.113:46689], old=null at 0
2019-06-13 06:13:45,290 INFO  storage.RaftLogWorker (RaftLogWorker.java:execute(469)) - 91140bc3-a447-4085-bc7c-0117c8b2ed50-RaftLogWorker: created new log segment /opt/src/hadoop-ozone/integration-test/target/test-dir/MiniOzoneClusterImpl-1553a449-c590-4e8d-b93e-f642de5e93d0/datanode-2/data/ratis/9ca527f5-8781-4afd-9b3b-5f735443a09b/current/log_inprogress_0
2019-06-13 06:13:45,296 INFO  storage.RaftLogWorker (RaftLogWorker.java:execute(469)) - 46f463e5-d632-4c09-a0b7-adb09d060010-RaftLogWorker: created new log segment /opt/src/hadoop-ozone/integration-test/target/test-dir/MiniOzoneClusterImpl-1553a449-c590-4e8d-b93e-f642de5e93d0/datanode-1/data/ratis/84e3c6df-1acd-4eb3-aec0-24b84521b437/current/log_inprogress_0
2019-06-13 06:13:45,296 INFO  storage.RaftLogWorker (RaftLogWorker.java:execute(469)) - 7289d1ce-3e1f-42df-a3bf-a6e5c1790767-RaftLogWorker: created new log segment /opt/src/hadoop-ozone/integration-test/target/test-dir/MiniOzoneClusterImpl-1553a449-c590-4e8d-b93e-f642de5e93d0/datanode-0/data/ratis/c5cc7876-eb49-4874-8b12-c4016f68c9ba/current/log_inprogress_0
2019-06-13 06:13:45,299 INFO  impl.FollowerState (FollowerState.java:run(101)) - 66f892df-a9c8-4e39-8431-f35745b79f6d:group-5C995AEF1569 changes to CANDIDATE, lastRpcTime:1163, electionTimeout:1163ms
2019-06-13 06:13:45,299 INFO  impl.RoleInfo (RoleInfo.java:shutdownFollowerState(121)) - 66f892df-a9c8-4e39-8431-f35745b79f6d: shutdown FollowerState
2019-06-13 06:13:45,299 INFO  impl.RaftServerImpl (RaftServerImpl.java:setRole(164)) - 66f892df-a9c8-4e39-8431-f35745b79f6d:group-5C995AEF1569 changes role from FOLLOWER to CANDIDATE at term 0 for changeToCandidate
2019-06-13 06:13:45,299 INFO  impl.RoleInfo (RoleInfo.java:updateAndGet(143)) - 66f892df-a9c8-4e39-8431-f35745b79f6d: start LeaderElection
2019-06-13 06:13:45,304 INFO  impl.LeaderElection (LeaderElection.java:askForVotes(181)) - 66f892df-a9c8-4e39-8431-f35745b79f6d:group-5C995AEF1569:LeaderElection4: begin an election at term 1 for -1: [66f892df-a9c8-4e39-8431-f35745b79f6d:192.168.134.113:45717], old=null
2019-06-13 06:13:45,304 INFO  impl.RoleInfo (RoleInfo.java:shutdownLeaderElection(134)) - 66f892df-a9c8-4e39-8431-f35745b79f6d: shutdown LeaderElection
2019-06-13 06:13:45,305 INFO  impl.RaftServerImpl (RaftServerImpl.java:setRole(164)) - 66f892df-a9c8-4e39-8431-f35745b79f6d:group-5C995AEF1569 changes role from CANDIDATE to LEADER at term 1 for changeToLeader
2019-06-13 06:13:45,306 INFO  impl.RaftServerImpl (ServerState.java:setLeader(263)) - 66f892df-a9c8-4e39-8431-f35745b79f6d:group-5C995AEF1569 change Leader from null to 66f892df-a9c8-4e39-8431-f35745b79f6d at term 1 for becomeLeader, leader elected after 1173ms
2019-06-13 06:13:45,307 INFO  server.RaftServerConfigKeys (ConfUtils.java:logGet(43)) - raft.server.staging.catchup.gap = 1000 (default)
2019-06-13 06:13:45,307 INFO  server.RaftServerConfigKeys (ConfUtils.java:logGet(43)) - raft.server.rpc.sleep.time = 25ms (default)
2019-06-13 06:13:45,308 INFO  server.RaftServerConfigKeys (ConfUtils.java:logGet(43)) - raft.server.watch.timeout = 10s (default)
2019-06-13 06:13:45,308 INFO  server.RaftServerConfigKeys (ConfUtils.java:logGet(43)) - raft.server.watch.timeout.denomination = 1s (default)
2019-06-13 06:13:45,308 INFO  impl.RoleInfo (RoleInfo.java:updateAndGet(143)) - 66f892df-a9c8-4e39-8431-f35745b79f6d: start LeaderState
2019-06-13 06:13:45,308 INFO  storage.RaftLogWorker (RaftLogWorker.java:startLogSegment(298)) - 66f892df-a9c8-4e39-8431-f35745b79f6d-RaftLogWorker: Starting segment from index:0
2019-06-13 06:13:45,310 INFO  impl.RaftServerImpl (ServerState.java:setRaftConf(361)) - 66f892df-a9c8-4e39-8431-f35745b79f6d:group-5C995AEF1569 set configuration 0: [66f892df-a9c8-4e39-8431-f35745b79f6d:192.168.134.113:45717], old=null at 0
2019-06-13 06:13:45,325 INFO  impl.FollowerState (FollowerState.java:run(101)) - 7289d1ce-3e1f-42df-a3bf-a6e5c1790767:group-4DBC40204B6B changes to CANDIDATE, lastRpcTime:1139, electionTimeout:1130ms
2019-06-13 06:13:45,326 INFO  impl.RoleInfo (RoleInfo.java:shutdownFollowerState(121)) - 7289d1ce-3e1f-42df-a3bf-a6e5c1790767: shutdown FollowerState
2019-06-13 06:13:45,326 INFO  impl.RaftServerImpl (RaftServerImpl.java:setRole(164)) - 7289d1ce-3e1f-42df-a3bf-a6e5c1790767:group-4DBC40204B6B changes role from FOLLOWER to CANDIDATE at term 0 for changeToCandidate
2019-06-13 06:13:45,326 INFO  impl.RoleInfo (RoleInfo.java:updateAndGet(143)) - 7289d1ce-3e1f-42df-a3bf-a6e5c1790767: start LeaderElection
2019-06-13 06:13:45,347 INFO  impl.FollowerState (FollowerState.java:run(101)) - 3caa791d-1d43-40e7-9014-149b1f466201:group-0AF97EA8A6C3 changes to CANDIDATE, lastRpcTime:1021, electionTimeout:1011ms
2019-06-13 06:13:45,347 INFO  impl.RoleInfo (RoleInfo.java:shutdownFollowerState(121)) - 3caa791d-1d43-40e7-9014-149b1f466201: shutdown FollowerState
2019-06-13 06:13:45,347 INFO  impl.RaftServerImpl (RaftServerImpl.java:setRole(164)) - 3caa791d-1d43-40e7-9014-149b1f466201:group-0AF97EA8A6C3 changes role from FOLLOWER to CANDIDATE at term 0 for changeToCandidate
2019-06-13 06:13:45,347 INFO  impl.RoleInfo (RoleInfo.java:updateAndGet(143)) - 3caa791d-1d43-40e7-9014-149b1f466201: start LeaderElection
2019-06-13 06:13:45,349 INFO  storage.RaftLogWorker (RaftLogWorker.java:execute(469)) - 66f892df-a9c8-4e39-8431-f35745b79f6d-RaftLogWorker: created new log segment /opt/src/hadoop-ozone/integration-test/target/test-dir/MiniOzoneClusterImpl-1553a449-c590-4e8d-b93e-f642de5e93d0/datanode-3/data/ratis/188cd135-7aaa-4e17-a698-5c995aef1569/current/log_inprogress_0
2019-06-13 06:13:45,353 INFO  impl.LeaderElection (LeaderElection.java:askForVotes(181)) - 3caa791d-1d43-40e7-9014-149b1f466201:group-0AF97EA8A6C3:LeaderElection6: begin an election at term 1 for -1: [3caa791d-1d43-40e7-9014-149b1f466201:192.168.134.113:44213], old=null
2019-06-13 06:13:45,354 INFO  impl.RoleInfo (RoleInfo.java:shutdownLeaderElection(134)) - 3caa791d-1d43-40e7-9014-149b1f466201: shutdown LeaderElection
2019-06-13 06:13:45,354 INFO  impl.RaftServerImpl (RaftServerImpl.java:setRole(164)) - 3caa791d-1d43-40e7-9014-149b1f466201:group-0AF97EA8A6C3 changes role from CANDIDATE to LEADER at term 1 for changeToLeader
2019-06-13 06:13:45,354 INFO  impl.RaftServerImpl (ServerState.java:setLeader(263)) - 3caa791d-1d43-40e7-9014-149b1f466201:group-0AF97EA8A6C3 change Leader from null to 3caa791d-1d43-40e7-9014-149b1f466201 at term 1 for becomeLeader, leader elected after 1032ms
2019-06-13 06:13:45,356 INFO  server.RaftServerConfigKeys (ConfUtils.java:logGet(43)) - raft.server.staging.catchup.gap = 1000 (default)
2019-06-13 06:13:45,356 INFO  server.RaftServerConfigKeys (ConfUtils.java:logGet(43)) - raft.server.rpc.sleep.time = 25ms (default)
2019-06-13 06:13:45,356 INFO  server.RaftServerConfigKeys (ConfUtils.java:logGet(43)) - raft.server.watch.timeout = 10s (default)
2019-06-13 06:13:45,356 INFO  server.RaftServerConfigKeys (ConfUtils.java:logGet(43)) - raft.server.watch.timeout.denomination = 1s (default)
2019-06-13 06:13:45,356 INFO  impl.LeaderElection (LeaderElection.java:askForVotes(181)) - 7289d1ce-3e1f-42df-a3bf-a6e5c1790767:group-4DBC40204B6B:LeaderElection5: begin an election at term 1 for -1: [7289d1ce-3e1f-42df-a3bf-a6e5c1790767:192.168.134.113:36713, 46f463e5-d632-4c09-a0b7-adb09d060010:192.168.134.113:46689, 66f892df-a9c8-4e39-8431-f35745b79f6d:192.168.134.113:45717], old=null
2019-06-13 06:13:45,361 INFO  impl.FollowerState (FollowerState.java:run(101)) - 66f892df-a9c8-4e39-8431-f35745b79f6d:group-4DBC40204B6B changes to CANDIDATE, lastRpcTime:1166, electionTimeout:1163ms
2019-06-13 06:13:45,361 INFO  impl.RoleInfo (RoleInfo.java:shutdownFollowerState(121)) - 66f892df-a9c8-4e39-8431-f35745b79f6d: shutdown FollowerState
2019-06-13 06:13:45,361 INFO  impl.RaftServerImpl (RaftServerImpl.java:setRole(164)) - 66f892df-a9c8-4e39-8431-f35745b79f6d:group-4DBC40204B6B changes role from FOLLOWER to CANDIDATE at term 0 for changeToCandidate
2019-06-13 06:13:45,361 INFO  impl.RoleInfo (RoleInfo.java:updateAndGet(143)) - 66f892df-a9c8-4e39-8431-f35745b79f6d: start LeaderElection
2019-06-13 06:13:45,361 INFO  impl.RoleInfo (RoleInfo.java:updateAndGet(143)) - 3caa791d-1d43-40e7-9014-149b1f466201: start LeaderState
2019-06-13 06:13:45,361 INFO  storage.RaftLogWorker (RaftLogWorker.java:startLogSegment(298)) - 3caa791d-1d43-40e7-9014-149b1f466201-RaftLogWorker: Starting segment from index:0
2019-06-13 06:13:45,366 INFO  impl.RaftServerImpl (ServerState.java:setRaftConf(361)) - 3caa791d-1d43-40e7-9014-149b1f466201:group-0AF97EA8A6C3 set configuration 0: [3caa791d-1d43-40e7-9014-149b1f466201:192.168.134.113:44213], old=null at 0
2019-06-13 06:13:45,397 INFO  impl.FollowerState (FollowerState.java:run(101)) - 46f463e5-d632-4c09-a0b7-adb09d060010:group-4DBC40204B6B changes to CANDIDATE, lastRpcTime:1202, electionTimeout:1196ms
2019-06-13 06:13:45,397 INFO  impl.RoleInfo (RoleInfo.java:shutdownFollowerState(121)) - 46f463e5-d632-4c09-a0b7-adb09d060010: shutdown FollowerState
2019-06-13 06:13:45,397 INFO  impl.RaftServerImpl (RaftServerImpl.java:setRole(164)) - 46f463e5-d632-4c09-a0b7-adb09d060010:group-4DBC40204B6B changes role from FOLLOWER to CANDIDATE at term 0 for changeToCandidate
2019-06-13 06:13:45,398 INFO  impl.RoleInfo (RoleInfo.java:updateAndGet(143)) - 46f463e5-d632-4c09-a0b7-adb09d060010: start LeaderElection
2019-06-13 06:13:45,400 INFO  storage.RaftLogWorker (RaftLogWorker.java:execute(469)) - 3caa791d-1d43-40e7-9014-149b1f466201-RaftLogWorker: created new log segment /opt/src/hadoop-ozone/integration-test/target/test-dir/MiniOzoneClusterImpl-1553a449-c590-4e8d-b93e-f642de5e93d0/datanode-4/data/ratis/90f225e4-93a6-4772-8de5-0af97ea8a6c3/current/log_inprogress_0
2019-06-13 06:13:45,401 INFO  impl.LeaderElection (LeaderElection.java:askForVotes(181)) - 66f892df-a9c8-4e39-8431-f35745b79f6d:group-4DBC40204B6B:LeaderElection7: begin an election at term 1 for -1: [7289d1ce-3e1f-42df-a3bf-a6e5c1790767:192.168.134.113:36713, 46f463e5-d632-4c09-a0b7-adb09d060010:192.168.134.113:46689, 66f892df-a9c8-4e39-8431-f35745b79f6d:192.168.134.113:45717], old=null
2019-06-13 06:13:45,405 INFO  impl.LeaderElection (LeaderElection.java:askForVotes(181)) - 46f463e5-d632-4c09-a0b7-adb09d060010:group-4DBC40204B6B:LeaderElection8: begin an election at term 1 for -1: [7289d1ce-3e1f-42df-a3bf-a6e5c1790767:192.168.134.113:36713, 46f463e5-d632-4c09-a0b7-adb09d060010:192.168.134.113:46689, 66f892df-a9c8-4e39-8431-f35745b79f6d:192.168.134.113:45717], old=null
2019-06-13 06:13:45,454 INFO  impl.LeaderElection (LeaderElection.java:logAndReturn(56)) - 66f892df-a9c8-4e39-8431-f35745b79f6d:group-4DBC40204B6B:LeaderElection7: Election REJECTED; received 2 response(s) [66f892df-a9c8-4e39-8431-f35745b79f6d->7289d1ce-3e1f-42df-a3bf-a6e5c1790767,false-t1, 66f892df-a9c8-4e39-8431-f35745b79f6d->46f463e5-d632-4c09-a0b7-adb09d060010,false-t1] and 0 exception(s); 66f892df-a9c8-4e39-8431-f35745b79f6d:t1, leader=null, voted=66f892df-a9c8-4e39-8431-f35745b79f6d, raftlog=66f892df-a9c8-4e39-8431-f35745b79f6d-SegmentedRaftLog:OPENED:c-1,f-1,i0, conf=-1: [7289d1ce-3e1f-42df-a3bf-a6e5c1790767:192.168.134.113:36713, 46f463e5-d632-4c09-a0b7-adb09d060010:192.168.134.113:46689, 66f892df-a9c8-4e39-8431-f35745b79f6d:192.168.134.113:45717], old=null
2019-06-13 06:13:45,455 INFO  impl.RaftServerImpl (RaftServerImpl.java:setRole(164)) - 66f892df-a9c8-4e39-8431-f35745b79f6d:group-4DBC40204B6B changes role from CANDIDATE to FOLLOWER at term 1 for DISCOVERED_A_NEW_TERM
2019-06-13 06:13:45,455 INFO  impl.RoleInfo (RoleInfo.java:shutdownLeaderElection(134)) - 66f892df-a9c8-4e39-8431-f35745b79f6d: shutdown LeaderElection
2019-06-13 06:13:45,455 INFO  impl.RoleInfo (RoleInfo.java:updateAndGet(143)) - 66f892df-a9c8-4e39-8431-f35745b79f6d: start FollowerState
2019-06-13 06:13:45,457 INFO  impl.LeaderElection (LeaderElection.java:logAndReturn(56)) - 46f463e5-d632-4c09-a0b7-adb09d060010:group-4DBC40204B6B:LeaderElection8: Election REJECTED; received 2 response(s) [46f463e5-d632-4c09-a0b7-adb09d060010->7289d1ce-3e1f-42df-a3bf-a6e5c1790767,false-t1, 46f463e5-d632-4c09-a0b7-adb09d060010->66f892df-a9c8-4e39-8431-f35745b79f6d,false-t1] and 0 exception(s); 46f463e5-d632-4c09-a0b7-adb09d060010:t1, leader=null, voted=46f463e5-d632-4c09-a0b7-adb09d060010, raftlog=46f463e5-d632-4c09-a0b7-adb09d060010-SegmentedRaftLog:OPENED:c-1,f-1,i0, conf=-1: [7289d1ce-3e1f-42df-a3bf-a6e5c1790767:192.168.134.113:36713, 46f463e5-d632-4c09-a0b7-adb09d060010:192.168.134.113:46689, 66f892df-a9c8-4e39-8431-f35745b79f6d:192.168.134.113:45717], old=null
2019-06-13 06:13:45,458 INFO  impl.RaftServerImpl (RaftServerImpl.java:setRole(164)) - 46f463e5-d632-4c09-a0b7-adb09d060010:group-4DBC40204B6B changes role from CANDIDATE to FOLLOWER at term 1 for DISCOVERED_A_NEW_TERM
2019-06-13 06:13:45,459 INFO  impl.RoleInfo (RoleInfo.java:shutdownLeaderElection(134)) - 46f463e5-d632-4c09-a0b7-adb09d060010: shutdown LeaderElection
2019-06-13 06:13:45,459 INFO  impl.RoleInfo (RoleInfo.java:updateAndGet(143)) - 46f463e5-d632-4c09-a0b7-adb09d060010: start FollowerState
2019-06-13 06:13:45,463 INFO  impl.LeaderElection (LeaderElection.java:logAndReturn(56)) - 7289d1ce-3e1f-42df-a3bf-a6e5c1790767:group-4DBC40204B6B:LeaderElection5: Election REJECTED; received 2 response(s) [7289d1ce-3e1f-42df-a3bf-a6e5c1790767->46f463e5-d632-4c09-a0b7-adb09d060010,false-t1, 7289d1ce-3e1f-42df-a3bf-a6e5c1790767->66f892df-a9c8-4e39-8431-f35745b79f6d,false-t1] and 0 exception(s); 7289d1ce-3e1f-42df-a3bf-a6e5c1790767:t1, leader=null, voted=7289d1ce-3e1f-42df-a3bf-a6e5c1790767, raftlog=7289d1ce-3e1f-42df-a3bf-a6e5c1790767-SegmentedRaftLog:OPENED:c-1,f-1,i0, conf=-1: [7289d1ce-3e1f-42df-a3bf-a6e5c1790767:192.168.134.113:36713, 46f463e5-d632-4c09-a0b7-adb09d060010:192.168.134.113:46689, 66f892df-a9c8-4e39-8431-f35745b79f6d:192.168.134.113:45717], old=null
2019-06-13 06:13:45,464 INFO  impl.RaftServerImpl (RaftServerImpl.java:setRole(164)) - 7289d1ce-3e1f-42df-a3bf-a6e5c1790767:group-4DBC40204B6B changes role from CANDIDATE to FOLLOWER at term 1 for DISCOVERED_A_NEW_TERM
2019-06-13 06:13:45,465 INFO  impl.RoleInfo (RoleInfo.java:shutdownLeaderElection(134)) - 7289d1ce-3e1f-42df-a3bf-a6e5c1790767: shutdown LeaderElection
2019-06-13 06:13:45,466 INFO  impl.RoleInfo (RoleInfo.java:updateAndGet(143)) - 7289d1ce-3e1f-42df-a3bf-a6e5c1790767: start FollowerState
2019-06-13 06:13:45,467 INFO  ozone.MiniOzoneClusterImpl (MiniOzoneClusterImpl.java:lambda$waitForClusterToBeReady$0(142)) - Cluster is ready. Got 6 of 6 DN Heartbeats.
]]></system-out>
    <system-err><![CDATA[ERROR StatusLogger No Log4j 2 configuration file found. Using default configuration (logging only errors to the console), or user programmatically provided configurations. Set system property 'log4j2.debug' to show Log4j 2 internal initialization logging. See https://logging.apache.org/log4j/2.x/manual/configuration.html for instructions on how to configure Log4j 2
Jun 13, 2019 6:13:38 AM com.sun.jersey.server.impl.application.WebApplicationImpl _initiate
INFO: Initiating Jersey application, version 'Jersey: 1.19 02/11/2015 03:25 AM'
Jun 13, 2019 6:13:39 AM com.sun.jersey.server.impl.application.WebApplicationImpl _initiate
INFO: Initiating Jersey application, version 'Jersey: 1.19 02/11/2015 03:25 AM'
Jun 13, 2019 6:13:39 AM com.sun.jersey.server.impl.application.WebApplicationImpl _initiate
INFO: Initiating Jersey application, version 'Jersey: 1.19 02/11/2015 03:25 AM'
Jun 13, 2019 6:13:39 AM com.sun.jersey.server.impl.application.WebApplicationImpl _initiate
INFO: Initiating Jersey application, version 'Jersey: 1.19 02/11/2015 03:25 AM'
Jun 13, 2019 6:13:40 AM com.sun.jersey.server.impl.application.WebApplicationImpl _initiate
INFO: Initiating Jersey application, version 'Jersey: 1.19 02/11/2015 03:25 AM'
Jun 13, 2019 6:13:40 AM com.sun.jersey.server.impl.application.WebApplicationImpl _initiate
INFO: Initiating Jersey application, version 'Jersey: 1.19 02/11/2015 03:25 AM'
]]></system-err>
  </testcase>
</testsuite>