<?xml version="1.0" encoding="UTF-8"?>
<testsuite xmlns:xsi="http://www.w3.org/2001/XMLSchema-instance" xsi:noNamespaceSchemaLocation="https://maven.apache.org/surefire/maven-surefire-plugin/xsd/surefire-test-report.xsd" name="org.apache.hadoop.ozone.client.rpc.TestWatchForCommit" time="123.015" tests="6" errors="1" skipped="0" failures="1">
  <properties>
    <property name="awt.toolkit" value="sun.awt.X11.XToolkit"/>
    <property name="file.encoding.pkg" value="sun.io"/>
    <property name="java.specification.version" value="1.8"/>
    <property name="sun.cpu.isalist" value=""/>
    <property name="sun.jnu.encoding" value="UTF-8"/>
    <property name="java.class.path" value="/opt/src/hadoop-ozone/integration-test/target/test-classes:/opt/src/hadoop-ozone/integration-test/target/classes:/root/.m2/repository/org/apache/hadoop/hadoop-ozone-common/0.5.0-SNAPSHOT/hadoop-ozone-common-0.5.0-SNAPSHOT.jar:/root/.m2/repository/org/apache/commons/commons-compress/1.4.1/commons-compress-1.4.1.jar:/root/.m2/repository/org/tukaani/xz/1.0/xz-1.0.jar:/root/.m2/repository/org/apache/hadoop/hadoop-common/3.2.0/hadoop-common-3.2.0.jar:/root/.m2/repository/org/apache/hadoop/hadoop-hdfs/3.2.0/hadoop-hdfs-3.2.0.jar:/root/.m2/repository/org/apache/hadoop/hadoop-hdfs-client/3.2.0/hadoop-hdfs-client-3.2.0.jar:/root/.m2/repository/com/fasterxml/jackson/core/jackson-annotations/2.9.5/jackson-annotations-2.9.5.jar:/root/.m2/repository/org/apache/hadoop/hadoop-hdds-common/0.5.0-SNAPSHOT/hadoop-hdds-common-0.5.0-SNAPSHOT.jar:/root/.m2/repository/javax/annotation/javax.annotation-api/1.2/javax.annotation-api-1.2.jar:/root/.m2/repository/org/apache/ratis/ratis-server/0.4.0-fe2b15d-SNAPSHOT/ratis-server-0.4.0-fe2b15d-SNAPSHOT.jar:/root/.m2/repository/org/apache/ratis/ratis-thirdparty-misc/0.2.0/ratis-thirdparty-misc-0.2.0.jar:/root/.m2/repository/org/apache/ratis/ratis-proto/0.4.0-fe2b15d-SNAPSHOT/ratis-proto-0.4.0-fe2b15d-SNAPSHOT.jar:/root/.m2/repository/org/apache/ratis/ratis-common/0.4.0-fe2b15d-SNAPSHOT/ratis-common-0.4.0-fe2b15d-SNAPSHOT.jar:/root/.m2/repository/org/apache/ratis/ratis-client/0.4.0-fe2b15d-SNAPSHOT/ratis-client-0.4.0-fe2b15d-SNAPSHOT.jar:/root/.m2/repository/org/apache/ratis/ratis-netty/0.4.0-fe2b15d-SNAPSHOT/ratis-netty-0.4.0-fe2b15d-SNAPSHOT.jar:/root/.m2/repository/org/apache/ratis/ratis-grpc/0.4.0-fe2b15d-SNAPSHOT/ratis-grpc-0.4.0-fe2b15d-SNAPSHOT.jar:/root/.m2/repository/org/rocksdb/rocksdbjni/5.14.2/rocksdbjni-5.14.2.jar:/root/.m2/repository/org/apache/logging/log4j/log4j-api/2.11.0/log4j-api-2.11.0.jar:/root/.m2/repository/org/apache/logging/log4j/log4j-core/2.11.0/log4j-core-2.11.0.jar:/root/.m2/repository/com/lmax/disruptor/3.4.2/disruptor-3.4.2.jar:/root/.m2/repository/org/apache/commons/commons-pool2/2.6.0/commons-pool2-2.6.0.jar:/root/.m2/repository/org/bouncycastle/bcpkix-jdk15on/1.60/bcpkix-jdk15on-1.60.jar:/root/.m2/repository/commons-validator/commons-validator/1.6/commons-validator-1.6.jar:/root/.m2/repository/commons-digester/commons-digester/1.8.1/commons-digester-1.8.1.jar:/root/.m2/repository/io/jaegertracing/jaeger-client/0.33.1/jaeger-client-0.33.1.jar:/root/.m2/repository/io/jaegertracing/jaeger-thrift/0.33.1/jaeger-thrift-0.33.1.jar:/root/.m2/repository/org/apache/thrift/libthrift/0.11.0/libthrift-0.11.0.jar:/root/.m2/repository/com/squareup/okhttp3/okhttp/3.9.0/okhttp-3.9.0.jar:/root/.m2/repository/com/squareup/okio/okio/1.13.0/okio-1.13.0.jar:/root/.m2/repository/io/jaegertracing/jaeger-core/0.33.1/jaeger-core-0.33.1.jar:/root/.m2/repository/io/jaegertracing/jaeger-tracerresolver/0.33.1/jaeger-tracerresolver-0.33.1.jar:/root/.m2/repository/io/opentracing/contrib/opentracing-tracerresolver/0.1.5/opentracing-tracerresolver-0.1.5.jar:/root/.m2/repository/io/opentracing/opentracing-util/0.31.0/opentracing-util-0.31.0.jar:/root/.m2/repository/io/opentracing/opentracing-api/0.31.0/opentracing-api-0.31.0.jar:/root/.m2/repository/io/opentracing/opentracing-noop/0.31.0/opentracing-noop-0.31.0.jar:/root/.m2/repository/org/apache/hadoop/hadoop-hdds-server-framework/0.5.0-SNAPSHOT/hadoop-hdds-server-framework-0.5.0-SNAPSHOT.jar:/root/.m2/repository/org/apache/hadoop/hadoop-hdds-server-scm/0.5.0-SNAPSHOT/hadoop-hdds-server-scm-0.5.0-SNAPSHOT.jar:/root/.m2/repository/org/apache/hadoop/hadoop-hdds-container-service/0.5.0-SNAPSHOT/hadoop-hdds-container-service-0.5.0-SNAPSHOT.jar:/root/.m2/repository/org/apache/hadoop/hadoop-hdds-client/0.5.0-SNAPSHOT/hadoop-hdds-client-0.5.0-SNAPSHOT.jar:/root/.m2/repository/org/apache/hadoop/hadoop-hdds-tools/0.5.0-SNAPSHOT/hadoop-hdds-tools-0.5.0-SNAPSHOT.jar:/root/.m2/repository/org/apache/hadoop/hadoop-ozone-ozone-manager/0.5.0-SNAPSHOT/hadoop-ozone-ozone-manager-0.5.0-SNAPSHOT.jar:/root/.m2/repository/org/apache/hadoop/hadoop-hdds-docs/0.5.0-SNAPSHOT/hadoop-hdds-docs-0.5.0-SNAPSHOT.jar:/root/.m2/repository/org/bouncycastle/bcprov-jdk15on/1.60/bcprov-jdk15on-1.60.jar:/root/.m2/repository/org/apache/hadoop/hadoop-minikdc/3.2.0/hadoop-minikdc-3.2.0.jar:/root/.m2/repository/commons-io/commons-io/2.5/commons-io-2.5.jar:/root/.m2/repository/org/apache/kerby/kerb-simplekdc/1.0.1/kerb-simplekdc-1.0.1.jar:/root/.m2/repository/org/apache/kerby/kerb-client/1.0.1/kerb-client-1.0.1.jar:/root/.m2/repository/org/apache/kerby/kerby-config/1.0.1/kerby-config-1.0.1.jar:/root/.m2/repository/org/apache/kerby/kerb-core/1.0.1/kerb-core-1.0.1.jar:/root/.m2/repository/org/apache/kerby/kerby-pkix/1.0.1/kerby-pkix-1.0.1.jar:/root/.m2/repository/org/apache/kerby/kerby-asn1/1.0.1/kerby-asn1-1.0.1.jar:/root/.m2/repository/org/apache/kerby/kerby-util/1.0.1/kerby-util-1.0.1.jar:/root/.m2/repository/org/apache/kerby/kerb-common/1.0.1/kerb-common-1.0.1.jar:/root/.m2/repository/org/apache/kerby/kerb-crypto/1.0.1/kerb-crypto-1.0.1.jar:/root/.m2/repository/org/apache/kerby/kerb-util/1.0.1/kerb-util-1.0.1.jar:/root/.m2/repository/org/apache/kerby/token-provider/1.0.1/token-provider-1.0.1.jar:/root/.m2/repository/org/apache/kerby/kerb-admin/1.0.1/kerb-admin-1.0.1.jar:/root/.m2/repository/org/apache/kerby/kerb-server/1.0.1/kerb-server-1.0.1.jar:/root/.m2/repository/org/apache/kerby/kerb-identity/1.0.1/kerb-identity-1.0.1.jar:/root/.m2/repository/org/apache/kerby/kerby-xdr/1.0.1/kerby-xdr-1.0.1.jar:/root/.m2/repository/org/slf4j/slf4j-log4j12/1.7.25/slf4j-log4j12-1.7.25.jar:/root/.m2/repository/org/apache/hadoop/hadoop-ozone-objectstore-service/0.5.0-SNAPSHOT/hadoop-ozone-objectstore-service-0.5.0-SNAPSHOT.jar:/root/.m2/repository/org/apache/hadoop/hadoop-ozone-s3gateway/0.5.0-SNAPSHOT/hadoop-ozone-s3gateway-0.5.0-SNAPSHOT.jar:/root/.m2/repository/org/jboss/weld/servlet/weld-servlet/2.4.7.Final/weld-servlet-2.4.7.Final.jar:/root/.m2/repository/org/glassfish/jersey/containers/jersey-container-servlet-core/2.27/jersey-container-servlet-core-2.27.jar:/root/.m2/repository/org/glassfish/hk2/external/javax.inject/2.5.0-b42/javax.inject-2.5.0-b42.jar:/root/.m2/repository/org/glassfish/jersey/core/jersey-common/2.27/jersey-common-2.27.jar:/root/.m2/repository/org/glassfish/hk2/osgi-resource-locator/1.0.1/osgi-resource-locator-1.0.1.jar:/root/.m2/repository/javax/ws/rs/javax.ws.rs-api/2.1/javax.ws.rs-api-2.1.jar:/root/.m2/repository/org/glassfish/jersey/ext/cdi/jersey-cdi1x/2.27/jersey-cdi1x-2.27.jar:/root/.m2/repository/org/glassfish/jersey/inject/jersey-hk2/2.27/jersey-hk2-2.27.jar:/root/.m2/repository/org/glassfish/hk2/hk2-locator/2.5.0-b42/hk2-locator-2.5.0-b42.jar:/root/.m2/repository/org/javassist/javassist/3.22.0-CR2/javassist-3.22.0-CR2.jar:/root/.m2/repository/org/glassfish/hk2/hk2-api/2.5.0/hk2-api-2.5.0.jar:/root/.m2/repository/org/glassfish/hk2/external/jakarta.inject/2.5.0/jakarta.inject-2.5.0.jar:/root/.m2/repository/org/glassfish/hk2/hk2-utils/2.5.0/hk2-utils-2.5.0.jar:/root/.m2/repository/jakarta/annotation/jakarta.annotation-api/1.3.4/jakarta.annotation-api-1.3.4.jar:/root/.m2/repository/org/glassfish/hk2/external/aopalliance-repackaged/2.5.0/aopalliance-repackaged-2.5.0.jar:/root/.m2/repository/com/fasterxml/jackson/dataformat/jackson-dataformat-xml/2.9.0/jackson-dataformat-xml-2.9.0.jar:/root/.m2/repository/com/fasterxml/jackson/core/jackson-core/2.9.5/jackson-core-2.9.5.jar:/root/.m2/repository/com/fasterxml/jackson/module/jackson-module-jaxb-annotations/2.9.5/jackson-module-jaxb-annotations-2.9.5.jar:/root/.m2/repository/javax/enterprise/cdi-api/1.2/cdi-api-1.2.jar:/root/.m2/repository/javax/el/javax.el-api/3.0.0/javax.el-api-3.0.0.jar:/root/.m2/repository/javax/interceptor/javax.interceptor-api/1.2/javax.interceptor-api-1.2.jar:/root/.m2/repository/javax/inject/javax.inject/1/javax.inject-1.jar:/root/.m2/repository/com/sun/xml/bind/jaxb-impl/2.3.0.1/jaxb-impl-2.3.0.1.jar:/root/.m2/repository/com/sun/xml/bind/jaxb-core/2.3.0.1/jaxb-core-2.3.0.1.jar:/root/.m2/repository/javax/xml/bind/jaxb-api/2.3.0/jaxb-api-2.3.0.jar:/root/.m2/repository/javax/activation/activation/1.1.1/activation-1.1.1.jar:/root/.m2/repository/org/apache/hadoop/hadoop-ozone-csi/0.5.0-SNAPSHOT/hadoop-ozone-csi-0.5.0-SNAPSHOT.jar:/root/.m2/repository/com/google/protobuf/protobuf-java-util/3.5.1/protobuf-java-util-3.5.1.jar:/root/.m2/repository/org/apache/hadoop/hadoop-hdds-config/0.5.0-SNAPSHOT/hadoop-hdds-config-0.5.0-SNAPSHOT.jar:/root/.m2/repository/com/google/guava/guava/11.0.2/guava-11.0.2.jar:/root/.m2/repository/com/google/protobuf/protobuf-java/2.5.0/protobuf-java-2.5.0.jar:/root/.m2/repository/io/grpc/grpc-netty/1.17.1/grpc-netty-1.17.1.jar:/root/.m2/repository/io/grpc/grpc-core/1.17.1/grpc-core-1.17.1.jar:/root/.m2/repository/io/grpc/grpc-context/1.17.1/grpc-context-1.17.1.jar:/root/.m2/repository/com/google/errorprone/error_prone_annotations/2.2.0/error_prone_annotations-2.2.0.jar:/root/.m2/repository/org/codehaus/mojo/animal-sniffer-annotations/1.17/animal-sniffer-annotations-1.17.jar:/root/.m2/repository/io/opencensus/opencensus-api/0.17.0/opencensus-api-0.17.0.jar:/root/.m2/repository/io/opencensus/opencensus-contrib-grpc-metrics/0.17.0/opencensus-contrib-grpc-metrics-0.17.0.jar:/root/.m2/repository/io/netty/netty-codec-http2/4.1.30.Final/netty-codec-http2-4.1.30.Final.jar:/root/.m2/repository/io/netty/netty-codec-http/4.1.30.Final/netty-codec-http-4.1.30.Final.jar:/root/.m2/repository/io/netty/netty-codec/4.1.30.Final/netty-codec-4.1.30.Final.jar:/root/.m2/repository/io/netty/netty-handler/4.1.30.Final/netty-handler-4.1.30.Final.jar:/root/.m2/repository/io/netty/netty-handler-proxy/4.1.30.Final/netty-handler-proxy-4.1.30.Final.jar:/root/.m2/repository/io/netty/netty-codec-socks/4.1.30.Final/netty-codec-socks-4.1.30.Final.jar:/root/.m2/repository/io/netty/netty-transport-native-epoll/4.1.30.Final/netty-transport-native-epoll-4.1.30.Final.jar:/root/.m2/repository/io/netty/netty-common/4.1.30.Final/netty-common-4.1.30.Final.jar:/root/.m2/repository/io/netty/netty-buffer/4.1.30.Final/netty-buffer-4.1.30.Final.jar:/root/.m2/repository/io/netty/netty-transport/4.1.30.Final/netty-transport-4.1.30.Final.jar:/root/.m2/repository/io/netty/netty-resolver/4.1.30.Final/netty-resolver-4.1.30.Final.jar:/root/.m2/repository/io/netty/netty-transport-native-unix-common/4.1.30.Final/netty-transport-native-unix-common-4.1.30.Final.jar:/root/.m2/repository/io/grpc/grpc-protobuf/1.17.1/grpc-protobuf-1.17.1.jar:/root/.m2/repository/com/google/api/grpc/proto-google-common-protos/1.0.0/proto-google-common-protos-1.0.0.jar:/root/.m2/repository/io/grpc/grpc-protobuf-lite/1.17.1/grpc-protobuf-lite-1.17.1.jar:/root/.m2/repository/io/grpc/grpc-stub/1.17.1/grpc-stub-1.17.1.jar:/root/.m2/repository/org/apache/hadoop/hadoop-ozone-recon/0.5.0-SNAPSHOT/hadoop-ozone-recon-0.5.0-SNAPSHOT.jar:/root/.m2/repository/org/apache/hadoop/hadoop-ozone-reconcodegen/0.5.0-SNAPSHOT/hadoop-ozone-reconcodegen-0.5.0-SNAPSHOT.jar:/root/.m2/repository/com/google/inject/extensions/guice-multibindings/4.0/guice-multibindings-4.0.jar:/root/.m2/repository/com/google/inject/guice/4.0/guice-4.0.jar:/root/.m2/repository/aopalliance/aopalliance/1.0/aopalliance-1.0.jar:/root/.m2/repository/com/google/inject/extensions/guice-servlet/4.0/guice-servlet-4.0.jar:/root/.m2/repository/org/glassfish/jersey/containers/jersey-container-servlet/2.27/jersey-container-servlet-2.27.jar:/root/.m2/repository/org/glassfish/hk2/guice-bridge/2.5.0/guice-bridge-2.5.0.jar:/root/.m2/repository/org/glassfish/jersey/core/jersey-server/2.27/jersey-server-2.27.jar:/root/.m2/repository/org/glassfish/jersey/core/jersey-client/2.27/jersey-client-2.27.jar:/root/.m2/repository/org/glassfish/jersey/media/jersey-media-jaxb/2.27/jersey-media-jaxb-2.27.jar:/root/.m2/repository/javax/validation/validation-api/1.1.0.Final/validation-api-1.1.0.Final.jar:/root/.m2/repository/org/glassfish/jersey/media/jersey-media-json-jackson/2.27/jersey-media-json-jackson-2.27.jar:/root/.m2/repository/org/glassfish/jersey/ext/jersey-entity-filtering/2.27/jersey-entity-filtering-2.27.jar:/root/.m2/repository/com/google/inject/extensions/guice-assistedinject/4.0/guice-assistedinject-4.0.jar:/root/.m2/repository/org/jooq/jooq/3.11.10/jooq-3.11.10.jar:/root/.m2/repository/org/jooq/jooq-meta/3.11.10/jooq-meta-3.11.10.jar:/root/.m2/repository/org/jooq/jooq-codegen/3.11.10/jooq-codegen-3.11.10.jar:/root/.m2/repository/com/jolbox/bonecp/0.8.0.RELEASE/bonecp-0.8.0.RELEASE.jar:/root/.m2/repository/org/xerial/sqlite-jdbc/3.25.2/sqlite-jdbc-3.25.2.jar:/root/.m2/repository/org/springframework/spring-jdbc/5.1.3.RELEASE/spring-jdbc-5.1.3.RELEASE.jar:/root/.m2/repository/org/springframework/spring-beans/5.1.3.RELEASE/spring-beans-5.1.3.RELEASE.jar:/root/.m2/repository/org/springframework/spring-core/5.1.3.RELEASE/spring-core-5.1.3.RELEASE.jar:/root/.m2/repository/org/springframework/spring-jcl/5.1.3.RELEASE/spring-jcl-5.1.3.RELEASE.jar:/root/.m2/repository/org/springframework/spring-tx/5.1.3.RELEASE/spring-tx-5.1.3.RELEASE.jar:/root/.m2/repository/org/apache/hadoop/hadoop-ozone-client/0.5.0-SNAPSHOT/hadoop-ozone-client-0.5.0-SNAPSHOT.jar:/root/.m2/repository/org/apache/hadoop/hadoop-ozone-ozone-manager/0.5.0-SNAPSHOT/hadoop-ozone-ozone-manager-0.5.0-SNAPSHOT-tests.jar:/root/.m2/repository/junit/junit/4.11/junit-4.11.jar:/root/.m2/repository/org/hamcrest/hamcrest-core/1.3/hamcrest-core-1.3.jar:/root/.m2/repository/org/openjdk/jmh/jmh-core/1.19/jmh-core-1.19.jar:/root/.m2/repository/net/sf/jopt-simple/jopt-simple/4.6/jopt-simple-4.6.jar:/root/.m2/repository/org/apache/commons/commons-math3/3.1.1/commons-math3-3.1.1.jar:/root/.m2/repository/org/openjdk/jmh/jmh-generator-annprocess/1.19/jmh-generator-annprocess-1.19.jar:/root/.m2/repository/org/mockito/mockito-all/1.8.5/mockito-all-1.8.5.jar:/root/.m2/repository/org/apache/hadoop/hadoop-kms/3.2.0/hadoop-kms-3.2.0.jar:/root/.m2/repository/org/apache/hadoop/hadoop-auth/3.2.0/hadoop-auth-3.2.0.jar:/root/.m2/repository/com/nimbusds/nimbus-jose-jwt/4.41.1/nimbus-jose-jwt-4.41.1.jar:/root/.m2/repository/com/github/stephenc/jcip/jcip-annotations/1.0-1/jcip-annotations-1.0-1.jar:/root/.m2/repository/net/minidev/json-smart/2.3/json-smart-2.3.jar:/root/.m2/repository/net/minidev/accessors-smart/1.2/accessors-smart-1.2.jar:/root/.m2/repository/org/ow2/asm/asm/5.0.4/asm-5.0.4.jar:/root/.m2/repository/org/apache/curator/curator-framework/2.12.0/curator-framework-2.12.0.jar:/root/.m2/repository/com/sun/jersey/jersey-core/1.19/jersey-core-1.19.jar:/root/.m2/repository/javax/ws/rs/jsr311-api/1.1.1/jsr311-api-1.1.1.jar:/root/.m2/repository/com/sun/jersey/jersey-server/1.19/jersey-server-1.19.jar:/root/.m2/repository/javax/servlet/javax.servlet-api/3.1.0/javax.servlet-api-3.1.0.jar:/root/.m2/repository/org/eclipse/jetty/jetty-server/9.3.24.v20180605/jetty-server-9.3.24.v20180605.jar:/root/.m2/repository/org/eclipse/jetty/jetty-http/9.3.24.v20180605/jetty-http-9.3.24.v20180605.jar:/root/.m2/repository/org/eclipse/jetty/jetty-io/9.3.24.v20180605/jetty-io-9.3.24.v20180605.jar:/root/.m2/repository/org/eclipse/jetty/jetty-webapp/9.3.24.v20180605/jetty-webapp-9.3.24.v20180605.jar:/root/.m2/repository/org/eclipse/jetty/jetty-xml/9.3.24.v20180605/jetty-xml-9.3.24.v20180605.jar:/root/.m2/repository/log4j/log4j/1.2.17/log4j-1.2.17.jar:/root/.m2/repository/org/slf4j/slf4j-api/1.7.25/slf4j-api-1.7.25.jar:/root/.m2/repository/org/slf4j/jul-to-slf4j/1.7.25/jul-to-slf4j-1.7.25.jar:/root/.m2/repository/org/eclipse/jetty/jetty-util/9.3.24.v20180605/jetty-util-9.3.24.v20180605.jar:/root/.m2/repository/io/dropwizard/metrics/metrics-core/3.2.4/metrics-core-3.2.4.jar:/root/.m2/repository/com/fasterxml/jackson/core/jackson-databind/2.9.5/jackson-databind-2.9.5.jar:/root/.m2/repository/org/apache/hadoop/hadoop-kms/3.2.0/hadoop-kms-3.2.0-tests.jar:/root/.m2/repository/org/apache/hadoop/hadoop-hdds-server-scm/0.5.0-SNAPSHOT/hadoop-hdds-server-scm-0.5.0-SNAPSHOT-tests.jar:/root/.m2/repository/org/hamcrest/hamcrest-all/1.3/hamcrest-all-1.3.jar:/root/.m2/repository/info/picocli/picocli/3.9.6/picocli-3.9.6.jar:/root/.m2/repository/org/apache/hadoop/hadoop-hdds-container-service/0.5.0-SNAPSHOT/hadoop-hdds-container-service-0.5.0-SNAPSHOT-tests.jar:/root/.m2/repository/org/yaml/snakeyaml/1.16/snakeyaml-1.16.jar:/root/.m2/repository/org/apache/hadoop/hadoop-common/3.2.0/hadoop-common-3.2.0-tests.jar:/root/.m2/repository/org/apache/hadoop/hadoop-annotations/3.2.0/hadoop-annotations-3.2.0.jar:/usr/lib/jvm/java-1.8-openjdk/jre/../lib/tools.jar:/root/.m2/repository/commons-cli/commons-cli/1.2/commons-cli-1.2.jar:/root/.m2/repository/org/apache/httpcomponents/httpclient/4.5.2/httpclient-4.5.2.jar:/root/.m2/repository/org/apache/httpcomponents/httpcore/4.4.4/httpcore-4.4.4.jar:/root/.m2/repository/commons-codec/commons-codec/1.11/commons-codec-1.11.jar:/root/.m2/repository/commons-net/commons-net/3.6/commons-net-3.6.jar:/root/.m2/repository/commons-collections/commons-collections/3.2.2/commons-collections-3.2.2.jar:/root/.m2/repository/org/eclipse/jetty/jetty-servlet/9.3.24.v20180605/jetty-servlet-9.3.24.v20180605.jar:/root/.m2/repository/org/eclipse/jetty/jetty-security/9.3.24.v20180605/jetty-security-9.3.24.v20180605.jar:/root/.m2/repository/javax/servlet/jsp/jsp-api/2.1/jsp-api-2.1.jar:/root/.m2/repository/com/sun/jersey/jersey-servlet/1.19/jersey-servlet-1.19.jar:/root/.m2/repository/com/sun/jersey/jersey-json/1.19/jersey-json-1.19.jar:/root/.m2/repository/org/codehaus/jettison/jettison/1.1/jettison-1.1.jar:/root/.m2/repository/org/codehaus/jackson/jackson-core-asl/1.9.13/jackson-core-asl-1.9.13.jar:/root/.m2/repository/org/codehaus/jackson/jackson-mapper-asl/1.9.13/jackson-mapper-asl-1.9.13.jar:/root/.m2/repository/org/codehaus/jackson/jackson-jaxrs/1.9.13/jackson-jaxrs-1.9.13.jar:/root/.m2/repository/org/codehaus/jackson/jackson-xc/1.9.13/jackson-xc-1.9.13.jar:/root/.m2/repository/commons-logging/commons-logging/1.1.3/commons-logging-1.1.3.jar:/root/.m2/repository/commons-beanutils/commons-beanutils/1.9.3/commons-beanutils-1.9.3.jar:/root/.m2/repository/org/apache/commons/commons-configuration2/2.1.1/commons-configuration2-2.1.1.jar:/root/.m2/repository/org/apache/commons/commons-lang3/3.7/commons-lang3-3.7.jar:/root/.m2/repository/org/apache/commons/commons-text/1.4/commons-text-1.4.jar:/root/.m2/repository/org/apache/avro/avro/1.7.7/avro-1.7.7.jar:/root/.m2/repository/com/thoughtworks/paranamer/paranamer/2.3/paranamer-2.3.jar:/root/.m2/repository/org/xerial/snappy/snappy-java/1.0.5/snappy-java-1.0.5.jar:/root/.m2/repository/com/google/re2j/re2j/1.1/re2j-1.1.jar:/root/.m2/repository/com/google/code/gson/gson/2.2.4/gson-2.2.4.jar:/root/.m2/repository/com/jcraft/jsch/0.1.54/jsch-0.1.54.jar:/root/.m2/repository/org/apache/curator/curator-client/2.12.0/curator-client-2.12.0.jar:/root/.m2/repository/org/apache/curator/curator-recipes/2.12.0/curator-recipes-2.12.0.jar:/root/.m2/repository/com/google/code/findbugs/jsr305/3.0.0/jsr305-3.0.0.jar:/root/.m2/repository/org/apache/htrace/htrace-core4/4.1.0-incubating/htrace-core4-4.1.0-incubating.jar:/root/.m2/repository/org/apache/zookeeper/zookeeper/3.4.13/zookeeper-3.4.13.jar:/root/.m2/repository/org/apache/yetus/audience-annotations/0.5.0/audience-annotations-0.5.0.jar:/root/.m2/repository/org/codehaus/woodstox/stax2-api/3.1.4/stax2-api-3.1.4.jar:/root/.m2/repository/com/fasterxml/woodstox/woodstox-core/5.0.3/woodstox-core-5.0.3.jar:/root/.m2/repository/dnsjava/dnsjava/2.1.7/dnsjava-2.1.7.jar:/root/.m2/repository/org/apache/hadoop/hadoop-hdfs/3.2.0/hadoop-hdfs-3.2.0-tests.jar:/root/.m2/repository/org/eclipse/jetty/jetty-util-ajax/9.3.24.v20180605/jetty-util-ajax-9.3.24.v20180605.jar:/root/.m2/repository/commons-daemon/commons-daemon/1.0.13/commons-daemon-1.0.13.jar:/root/.m2/repository/io/netty/netty/3.10.5.Final/netty-3.10.5.Final.jar:/root/.m2/repository/io/netty/netty-all/4.0.52.Final/netty-all-4.0.52.Final.jar:/root/.m2/repository/org/fusesource/leveldbjni/leveldbjni-all/1.8/leveldbjni-all-1.8.jar:"/>
    <property name="java.vm.vendor" value="IcedTea"/>
    <property name="sun.arch.data.model" value="64"/>
    <property name="test.build.dir" value="/opt/src/hadoop-ozone/integration-test/target/test-dir"/>
    <property name="test.cache.data" value=""/>
    <property name="java.vendor.url" value="https://icedtea.classpath.org"/>
    <property name="user.timezone" value=""/>
    <property name="java.vm.specification.version" value="1.8"/>
    <property name="os.name" value="Linux"/>
    <property name="test.build.data" value="/opt/src/hadoop-ozone/integration-test/target/test-dir"/>
    <property name="user.country" value="US"/>
    <property name="sun.java.launcher" value="SUN_STANDARD"/>
    <property name="sun.boot.library.path" value="/usr/lib/jvm/java-1.8-openjdk/jre/lib/amd64"/>
    <property name="sun.java.command" value="/opt/src/hadoop-ozone/integration-test/target/surefire/surefirebooter4743514725097588681.jar /opt/src/hadoop-ozone/integration-test/target/surefire 2019-06-13T23-11-12_654-jvmRun1 surefire6308233293105933124tmp surefire_21331666470557653767tmp"/>
    <property name="surefire.test.class.path" value="/opt/src/hadoop-ozone/integration-test/target/test-classes:/opt/src/hadoop-ozone/integration-test/target/classes:/root/.m2/repository/org/apache/hadoop/hadoop-ozone-common/0.5.0-SNAPSHOT/hadoop-ozone-common-0.5.0-SNAPSHOT.jar:/root/.m2/repository/org/apache/commons/commons-compress/1.4.1/commons-compress-1.4.1.jar:/root/.m2/repository/org/tukaani/xz/1.0/xz-1.0.jar:/root/.m2/repository/org/apache/hadoop/hadoop-common/3.2.0/hadoop-common-3.2.0.jar:/root/.m2/repository/org/apache/hadoop/hadoop-hdfs/3.2.0/hadoop-hdfs-3.2.0.jar:/root/.m2/repository/org/apache/hadoop/hadoop-hdfs-client/3.2.0/hadoop-hdfs-client-3.2.0.jar:/root/.m2/repository/com/fasterxml/jackson/core/jackson-annotations/2.9.5/jackson-annotations-2.9.5.jar:/root/.m2/repository/org/apache/hadoop/hadoop-hdds-common/0.5.0-SNAPSHOT/hadoop-hdds-common-0.5.0-SNAPSHOT.jar:/root/.m2/repository/javax/annotation/javax.annotation-api/1.2/javax.annotation-api-1.2.jar:/root/.m2/repository/org/apache/ratis/ratis-server/0.4.0-fe2b15d-SNAPSHOT/ratis-server-0.4.0-fe2b15d-SNAPSHOT.jar:/root/.m2/repository/org/apache/ratis/ratis-thirdparty-misc/0.2.0/ratis-thirdparty-misc-0.2.0.jar:/root/.m2/repository/org/apache/ratis/ratis-proto/0.4.0-fe2b15d-SNAPSHOT/ratis-proto-0.4.0-fe2b15d-SNAPSHOT.jar:/root/.m2/repository/org/apache/ratis/ratis-common/0.4.0-fe2b15d-SNAPSHOT/ratis-common-0.4.0-fe2b15d-SNAPSHOT.jar:/root/.m2/repository/org/apache/ratis/ratis-client/0.4.0-fe2b15d-SNAPSHOT/ratis-client-0.4.0-fe2b15d-SNAPSHOT.jar:/root/.m2/repository/org/apache/ratis/ratis-netty/0.4.0-fe2b15d-SNAPSHOT/ratis-netty-0.4.0-fe2b15d-SNAPSHOT.jar:/root/.m2/repository/org/apache/ratis/ratis-grpc/0.4.0-fe2b15d-SNAPSHOT/ratis-grpc-0.4.0-fe2b15d-SNAPSHOT.jar:/root/.m2/repository/org/rocksdb/rocksdbjni/5.14.2/rocksdbjni-5.14.2.jar:/root/.m2/repository/org/apache/logging/log4j/log4j-api/2.11.0/log4j-api-2.11.0.jar:/root/.m2/repository/org/apache/logging/log4j/log4j-core/2.11.0/log4j-core-2.11.0.jar:/root/.m2/repository/com/lmax/disruptor/3.4.2/disruptor-3.4.2.jar:/root/.m2/repository/org/apache/commons/commons-pool2/2.6.0/commons-pool2-2.6.0.jar:/root/.m2/repository/org/bouncycastle/bcpkix-jdk15on/1.60/bcpkix-jdk15on-1.60.jar:/root/.m2/repository/commons-validator/commons-validator/1.6/commons-validator-1.6.jar:/root/.m2/repository/commons-digester/commons-digester/1.8.1/commons-digester-1.8.1.jar:/root/.m2/repository/io/jaegertracing/jaeger-client/0.33.1/jaeger-client-0.33.1.jar:/root/.m2/repository/io/jaegertracing/jaeger-thrift/0.33.1/jaeger-thrift-0.33.1.jar:/root/.m2/repository/org/apache/thrift/libthrift/0.11.0/libthrift-0.11.0.jar:/root/.m2/repository/com/squareup/okhttp3/okhttp/3.9.0/okhttp-3.9.0.jar:/root/.m2/repository/com/squareup/okio/okio/1.13.0/okio-1.13.0.jar:/root/.m2/repository/io/jaegertracing/jaeger-core/0.33.1/jaeger-core-0.33.1.jar:/root/.m2/repository/io/jaegertracing/jaeger-tracerresolver/0.33.1/jaeger-tracerresolver-0.33.1.jar:/root/.m2/repository/io/opentracing/contrib/opentracing-tracerresolver/0.1.5/opentracing-tracerresolver-0.1.5.jar:/root/.m2/repository/io/opentracing/opentracing-util/0.31.0/opentracing-util-0.31.0.jar:/root/.m2/repository/io/opentracing/opentracing-api/0.31.0/opentracing-api-0.31.0.jar:/root/.m2/repository/io/opentracing/opentracing-noop/0.31.0/opentracing-noop-0.31.0.jar:/root/.m2/repository/org/apache/hadoop/hadoop-hdds-server-framework/0.5.0-SNAPSHOT/hadoop-hdds-server-framework-0.5.0-SNAPSHOT.jar:/root/.m2/repository/org/apache/hadoop/hadoop-hdds-server-scm/0.5.0-SNAPSHOT/hadoop-hdds-server-scm-0.5.0-SNAPSHOT.jar:/root/.m2/repository/org/apache/hadoop/hadoop-hdds-container-service/0.5.0-SNAPSHOT/hadoop-hdds-container-service-0.5.0-SNAPSHOT.jar:/root/.m2/repository/org/apache/hadoop/hadoop-hdds-client/0.5.0-SNAPSHOT/hadoop-hdds-client-0.5.0-SNAPSHOT.jar:/root/.m2/repository/org/apache/hadoop/hadoop-hdds-tools/0.5.0-SNAPSHOT/hadoop-hdds-tools-0.5.0-SNAPSHOT.jar:/root/.m2/repository/org/apache/hadoop/hadoop-ozone-ozone-manager/0.5.0-SNAPSHOT/hadoop-ozone-ozone-manager-0.5.0-SNAPSHOT.jar:/root/.m2/repository/org/apache/hadoop/hadoop-hdds-docs/0.5.0-SNAPSHOT/hadoop-hdds-docs-0.5.0-SNAPSHOT.jar:/root/.m2/repository/org/bouncycastle/bcprov-jdk15on/1.60/bcprov-jdk15on-1.60.jar:/root/.m2/repository/org/apache/hadoop/hadoop-minikdc/3.2.0/hadoop-minikdc-3.2.0.jar:/root/.m2/repository/commons-io/commons-io/2.5/commons-io-2.5.jar:/root/.m2/repository/org/apache/kerby/kerb-simplekdc/1.0.1/kerb-simplekdc-1.0.1.jar:/root/.m2/repository/org/apache/kerby/kerb-client/1.0.1/kerb-client-1.0.1.jar:/root/.m2/repository/org/apache/kerby/kerby-config/1.0.1/kerby-config-1.0.1.jar:/root/.m2/repository/org/apache/kerby/kerb-core/1.0.1/kerb-core-1.0.1.jar:/root/.m2/repository/org/apache/kerby/kerby-pkix/1.0.1/kerby-pkix-1.0.1.jar:/root/.m2/repository/org/apache/kerby/kerby-asn1/1.0.1/kerby-asn1-1.0.1.jar:/root/.m2/repository/org/apache/kerby/kerby-util/1.0.1/kerby-util-1.0.1.jar:/root/.m2/repository/org/apache/kerby/kerb-common/1.0.1/kerb-common-1.0.1.jar:/root/.m2/repository/org/apache/kerby/kerb-crypto/1.0.1/kerb-crypto-1.0.1.jar:/root/.m2/repository/org/apache/kerby/kerb-util/1.0.1/kerb-util-1.0.1.jar:/root/.m2/repository/org/apache/kerby/token-provider/1.0.1/token-provider-1.0.1.jar:/root/.m2/repository/org/apache/kerby/kerb-admin/1.0.1/kerb-admin-1.0.1.jar:/root/.m2/repository/org/apache/kerby/kerb-server/1.0.1/kerb-server-1.0.1.jar:/root/.m2/repository/org/apache/kerby/kerb-identity/1.0.1/kerb-identity-1.0.1.jar:/root/.m2/repository/org/apache/kerby/kerby-xdr/1.0.1/kerby-xdr-1.0.1.jar:/root/.m2/repository/org/slf4j/slf4j-log4j12/1.7.25/slf4j-log4j12-1.7.25.jar:/root/.m2/repository/org/apache/hadoop/hadoop-ozone-objectstore-service/0.5.0-SNAPSHOT/hadoop-ozone-objectstore-service-0.5.0-SNAPSHOT.jar:/root/.m2/repository/org/apache/hadoop/hadoop-ozone-s3gateway/0.5.0-SNAPSHOT/hadoop-ozone-s3gateway-0.5.0-SNAPSHOT.jar:/root/.m2/repository/org/jboss/weld/servlet/weld-servlet/2.4.7.Final/weld-servlet-2.4.7.Final.jar:/root/.m2/repository/org/glassfish/jersey/containers/jersey-container-servlet-core/2.27/jersey-container-servlet-core-2.27.jar:/root/.m2/repository/org/glassfish/hk2/external/javax.inject/2.5.0-b42/javax.inject-2.5.0-b42.jar:/root/.m2/repository/org/glassfish/jersey/core/jersey-common/2.27/jersey-common-2.27.jar:/root/.m2/repository/org/glassfish/hk2/osgi-resource-locator/1.0.1/osgi-resource-locator-1.0.1.jar:/root/.m2/repository/javax/ws/rs/javax.ws.rs-api/2.1/javax.ws.rs-api-2.1.jar:/root/.m2/repository/org/glassfish/jersey/ext/cdi/jersey-cdi1x/2.27/jersey-cdi1x-2.27.jar:/root/.m2/repository/org/glassfish/jersey/inject/jersey-hk2/2.27/jersey-hk2-2.27.jar:/root/.m2/repository/org/glassfish/hk2/hk2-locator/2.5.0-b42/hk2-locator-2.5.0-b42.jar:/root/.m2/repository/org/javassist/javassist/3.22.0-CR2/javassist-3.22.0-CR2.jar:/root/.m2/repository/org/glassfish/hk2/hk2-api/2.5.0/hk2-api-2.5.0.jar:/root/.m2/repository/org/glassfish/hk2/external/jakarta.inject/2.5.0/jakarta.inject-2.5.0.jar:/root/.m2/repository/org/glassfish/hk2/hk2-utils/2.5.0/hk2-utils-2.5.0.jar:/root/.m2/repository/jakarta/annotation/jakarta.annotation-api/1.3.4/jakarta.annotation-api-1.3.4.jar:/root/.m2/repository/org/glassfish/hk2/external/aopalliance-repackaged/2.5.0/aopalliance-repackaged-2.5.0.jar:/root/.m2/repository/com/fasterxml/jackson/dataformat/jackson-dataformat-xml/2.9.0/jackson-dataformat-xml-2.9.0.jar:/root/.m2/repository/com/fasterxml/jackson/core/jackson-core/2.9.5/jackson-core-2.9.5.jar:/root/.m2/repository/com/fasterxml/jackson/module/jackson-module-jaxb-annotations/2.9.5/jackson-module-jaxb-annotations-2.9.5.jar:/root/.m2/repository/javax/enterprise/cdi-api/1.2/cdi-api-1.2.jar:/root/.m2/repository/javax/el/javax.el-api/3.0.0/javax.el-api-3.0.0.jar:/root/.m2/repository/javax/interceptor/javax.interceptor-api/1.2/javax.interceptor-api-1.2.jar:/root/.m2/repository/javax/inject/javax.inject/1/javax.inject-1.jar:/root/.m2/repository/com/sun/xml/bind/jaxb-impl/2.3.0.1/jaxb-impl-2.3.0.1.jar:/root/.m2/repository/com/sun/xml/bind/jaxb-core/2.3.0.1/jaxb-core-2.3.0.1.jar:/root/.m2/repository/javax/xml/bind/jaxb-api/2.3.0/jaxb-api-2.3.0.jar:/root/.m2/repository/javax/activation/activation/1.1.1/activation-1.1.1.jar:/root/.m2/repository/org/apache/hadoop/hadoop-ozone-csi/0.5.0-SNAPSHOT/hadoop-ozone-csi-0.5.0-SNAPSHOT.jar:/root/.m2/repository/com/google/protobuf/protobuf-java-util/3.5.1/protobuf-java-util-3.5.1.jar:/root/.m2/repository/org/apache/hadoop/hadoop-hdds-config/0.5.0-SNAPSHOT/hadoop-hdds-config-0.5.0-SNAPSHOT.jar:/root/.m2/repository/com/google/guava/guava/11.0.2/guava-11.0.2.jar:/root/.m2/repository/com/google/protobuf/protobuf-java/2.5.0/protobuf-java-2.5.0.jar:/root/.m2/repository/io/grpc/grpc-netty/1.17.1/grpc-netty-1.17.1.jar:/root/.m2/repository/io/grpc/grpc-core/1.17.1/grpc-core-1.17.1.jar:/root/.m2/repository/io/grpc/grpc-context/1.17.1/grpc-context-1.17.1.jar:/root/.m2/repository/com/google/errorprone/error_prone_annotations/2.2.0/error_prone_annotations-2.2.0.jar:/root/.m2/repository/org/codehaus/mojo/animal-sniffer-annotations/1.17/animal-sniffer-annotations-1.17.jar:/root/.m2/repository/io/opencensus/opencensus-api/0.17.0/opencensus-api-0.17.0.jar:/root/.m2/repository/io/opencensus/opencensus-contrib-grpc-metrics/0.17.0/opencensus-contrib-grpc-metrics-0.17.0.jar:/root/.m2/repository/io/netty/netty-codec-http2/4.1.30.Final/netty-codec-http2-4.1.30.Final.jar:/root/.m2/repository/io/netty/netty-codec-http/4.1.30.Final/netty-codec-http-4.1.30.Final.jar:/root/.m2/repository/io/netty/netty-codec/4.1.30.Final/netty-codec-4.1.30.Final.jar:/root/.m2/repository/io/netty/netty-handler/4.1.30.Final/netty-handler-4.1.30.Final.jar:/root/.m2/repository/io/netty/netty-handler-proxy/4.1.30.Final/netty-handler-proxy-4.1.30.Final.jar:/root/.m2/repository/io/netty/netty-codec-socks/4.1.30.Final/netty-codec-socks-4.1.30.Final.jar:/root/.m2/repository/io/netty/netty-transport-native-epoll/4.1.30.Final/netty-transport-native-epoll-4.1.30.Final.jar:/root/.m2/repository/io/netty/netty-common/4.1.30.Final/netty-common-4.1.30.Final.jar:/root/.m2/repository/io/netty/netty-buffer/4.1.30.Final/netty-buffer-4.1.30.Final.jar:/root/.m2/repository/io/netty/netty-transport/4.1.30.Final/netty-transport-4.1.30.Final.jar:/root/.m2/repository/io/netty/netty-resolver/4.1.30.Final/netty-resolver-4.1.30.Final.jar:/root/.m2/repository/io/netty/netty-transport-native-unix-common/4.1.30.Final/netty-transport-native-unix-common-4.1.30.Final.jar:/root/.m2/repository/io/grpc/grpc-protobuf/1.17.1/grpc-protobuf-1.17.1.jar:/root/.m2/repository/com/google/api/grpc/proto-google-common-protos/1.0.0/proto-google-common-protos-1.0.0.jar:/root/.m2/repository/io/grpc/grpc-protobuf-lite/1.17.1/grpc-protobuf-lite-1.17.1.jar:/root/.m2/repository/io/grpc/grpc-stub/1.17.1/grpc-stub-1.17.1.jar:/root/.m2/repository/org/apache/hadoop/hadoop-ozone-recon/0.5.0-SNAPSHOT/hadoop-ozone-recon-0.5.0-SNAPSHOT.jar:/root/.m2/repository/org/apache/hadoop/hadoop-ozone-reconcodegen/0.5.0-SNAPSHOT/hadoop-ozone-reconcodegen-0.5.0-SNAPSHOT.jar:/root/.m2/repository/com/google/inject/extensions/guice-multibindings/4.0/guice-multibindings-4.0.jar:/root/.m2/repository/com/google/inject/guice/4.0/guice-4.0.jar:/root/.m2/repository/aopalliance/aopalliance/1.0/aopalliance-1.0.jar:/root/.m2/repository/com/google/inject/extensions/guice-servlet/4.0/guice-servlet-4.0.jar:/root/.m2/repository/org/glassfish/jersey/containers/jersey-container-servlet/2.27/jersey-container-servlet-2.27.jar:/root/.m2/repository/org/glassfish/hk2/guice-bridge/2.5.0/guice-bridge-2.5.0.jar:/root/.m2/repository/org/glassfish/jersey/core/jersey-server/2.27/jersey-server-2.27.jar:/root/.m2/repository/org/glassfish/jersey/core/jersey-client/2.27/jersey-client-2.27.jar:/root/.m2/repository/org/glassfish/jersey/media/jersey-media-jaxb/2.27/jersey-media-jaxb-2.27.jar:/root/.m2/repository/javax/validation/validation-api/1.1.0.Final/validation-api-1.1.0.Final.jar:/root/.m2/repository/org/glassfish/jersey/media/jersey-media-json-jackson/2.27/jersey-media-json-jackson-2.27.jar:/root/.m2/repository/org/glassfish/jersey/ext/jersey-entity-filtering/2.27/jersey-entity-filtering-2.27.jar:/root/.m2/repository/com/google/inject/extensions/guice-assistedinject/4.0/guice-assistedinject-4.0.jar:/root/.m2/repository/org/jooq/jooq/3.11.10/jooq-3.11.10.jar:/root/.m2/repository/org/jooq/jooq-meta/3.11.10/jooq-meta-3.11.10.jar:/root/.m2/repository/org/jooq/jooq-codegen/3.11.10/jooq-codegen-3.11.10.jar:/root/.m2/repository/com/jolbox/bonecp/0.8.0.RELEASE/bonecp-0.8.0.RELEASE.jar:/root/.m2/repository/org/xerial/sqlite-jdbc/3.25.2/sqlite-jdbc-3.25.2.jar:/root/.m2/repository/org/springframework/spring-jdbc/5.1.3.RELEASE/spring-jdbc-5.1.3.RELEASE.jar:/root/.m2/repository/org/springframework/spring-beans/5.1.3.RELEASE/spring-beans-5.1.3.RELEASE.jar:/root/.m2/repository/org/springframework/spring-core/5.1.3.RELEASE/spring-core-5.1.3.RELEASE.jar:/root/.m2/repository/org/springframework/spring-jcl/5.1.3.RELEASE/spring-jcl-5.1.3.RELEASE.jar:/root/.m2/repository/org/springframework/spring-tx/5.1.3.RELEASE/spring-tx-5.1.3.RELEASE.jar:/root/.m2/repository/org/apache/hadoop/hadoop-ozone-client/0.5.0-SNAPSHOT/hadoop-ozone-client-0.5.0-SNAPSHOT.jar:/root/.m2/repository/org/apache/hadoop/hadoop-ozone-ozone-manager/0.5.0-SNAPSHOT/hadoop-ozone-ozone-manager-0.5.0-SNAPSHOT-tests.jar:/root/.m2/repository/junit/junit/4.11/junit-4.11.jar:/root/.m2/repository/org/hamcrest/hamcrest-core/1.3/hamcrest-core-1.3.jar:/root/.m2/repository/org/openjdk/jmh/jmh-core/1.19/jmh-core-1.19.jar:/root/.m2/repository/net/sf/jopt-simple/jopt-simple/4.6/jopt-simple-4.6.jar:/root/.m2/repository/org/apache/commons/commons-math3/3.1.1/commons-math3-3.1.1.jar:/root/.m2/repository/org/openjdk/jmh/jmh-generator-annprocess/1.19/jmh-generator-annprocess-1.19.jar:/root/.m2/repository/org/mockito/mockito-all/1.8.5/mockito-all-1.8.5.jar:/root/.m2/repository/org/apache/hadoop/hadoop-kms/3.2.0/hadoop-kms-3.2.0.jar:/root/.m2/repository/org/apache/hadoop/hadoop-auth/3.2.0/hadoop-auth-3.2.0.jar:/root/.m2/repository/com/nimbusds/nimbus-jose-jwt/4.41.1/nimbus-jose-jwt-4.41.1.jar:/root/.m2/repository/com/github/stephenc/jcip/jcip-annotations/1.0-1/jcip-annotations-1.0-1.jar:/root/.m2/repository/net/minidev/json-smart/2.3/json-smart-2.3.jar:/root/.m2/repository/net/minidev/accessors-smart/1.2/accessors-smart-1.2.jar:/root/.m2/repository/org/ow2/asm/asm/5.0.4/asm-5.0.4.jar:/root/.m2/repository/org/apache/curator/curator-framework/2.12.0/curator-framework-2.12.0.jar:/root/.m2/repository/com/sun/jersey/jersey-core/1.19/jersey-core-1.19.jar:/root/.m2/repository/javax/ws/rs/jsr311-api/1.1.1/jsr311-api-1.1.1.jar:/root/.m2/repository/com/sun/jersey/jersey-server/1.19/jersey-server-1.19.jar:/root/.m2/repository/javax/servlet/javax.servlet-api/3.1.0/javax.servlet-api-3.1.0.jar:/root/.m2/repository/org/eclipse/jetty/jetty-server/9.3.24.v20180605/jetty-server-9.3.24.v20180605.jar:/root/.m2/repository/org/eclipse/jetty/jetty-http/9.3.24.v20180605/jetty-http-9.3.24.v20180605.jar:/root/.m2/repository/org/eclipse/jetty/jetty-io/9.3.24.v20180605/jetty-io-9.3.24.v20180605.jar:/root/.m2/repository/org/eclipse/jetty/jetty-webapp/9.3.24.v20180605/jetty-webapp-9.3.24.v20180605.jar:/root/.m2/repository/org/eclipse/jetty/jetty-xml/9.3.24.v20180605/jetty-xml-9.3.24.v20180605.jar:/root/.m2/repository/log4j/log4j/1.2.17/log4j-1.2.17.jar:/root/.m2/repository/org/slf4j/slf4j-api/1.7.25/slf4j-api-1.7.25.jar:/root/.m2/repository/org/slf4j/jul-to-slf4j/1.7.25/jul-to-slf4j-1.7.25.jar:/root/.m2/repository/org/eclipse/jetty/jetty-util/9.3.24.v20180605/jetty-util-9.3.24.v20180605.jar:/root/.m2/repository/io/dropwizard/metrics/metrics-core/3.2.4/metrics-core-3.2.4.jar:/root/.m2/repository/com/fasterxml/jackson/core/jackson-databind/2.9.5/jackson-databind-2.9.5.jar:/root/.m2/repository/org/apache/hadoop/hadoop-kms/3.2.0/hadoop-kms-3.2.0-tests.jar:/root/.m2/repository/org/apache/hadoop/hadoop-hdds-server-scm/0.5.0-SNAPSHOT/hadoop-hdds-server-scm-0.5.0-SNAPSHOT-tests.jar:/root/.m2/repository/org/hamcrest/hamcrest-all/1.3/hamcrest-all-1.3.jar:/root/.m2/repository/info/picocli/picocli/3.9.6/picocli-3.9.6.jar:/root/.m2/repository/org/apache/hadoop/hadoop-hdds-container-service/0.5.0-SNAPSHOT/hadoop-hdds-container-service-0.5.0-SNAPSHOT-tests.jar:/root/.m2/repository/org/yaml/snakeyaml/1.16/snakeyaml-1.16.jar:/root/.m2/repository/org/apache/hadoop/hadoop-common/3.2.0/hadoop-common-3.2.0-tests.jar:/root/.m2/repository/org/apache/hadoop/hadoop-annotations/3.2.0/hadoop-annotations-3.2.0.jar:/usr/lib/jvm/java-1.8-openjdk/jre/../lib/tools.jar:/root/.m2/repository/commons-cli/commons-cli/1.2/commons-cli-1.2.jar:/root/.m2/repository/org/apache/httpcomponents/httpclient/4.5.2/httpclient-4.5.2.jar:/root/.m2/repository/org/apache/httpcomponents/httpcore/4.4.4/httpcore-4.4.4.jar:/root/.m2/repository/commons-codec/commons-codec/1.11/commons-codec-1.11.jar:/root/.m2/repository/commons-net/commons-net/3.6/commons-net-3.6.jar:/root/.m2/repository/commons-collections/commons-collections/3.2.2/commons-collections-3.2.2.jar:/root/.m2/repository/org/eclipse/jetty/jetty-servlet/9.3.24.v20180605/jetty-servlet-9.3.24.v20180605.jar:/root/.m2/repository/org/eclipse/jetty/jetty-security/9.3.24.v20180605/jetty-security-9.3.24.v20180605.jar:/root/.m2/repository/javax/servlet/jsp/jsp-api/2.1/jsp-api-2.1.jar:/root/.m2/repository/com/sun/jersey/jersey-servlet/1.19/jersey-servlet-1.19.jar:/root/.m2/repository/com/sun/jersey/jersey-json/1.19/jersey-json-1.19.jar:/root/.m2/repository/org/codehaus/jettison/jettison/1.1/jettison-1.1.jar:/root/.m2/repository/org/codehaus/jackson/jackson-core-asl/1.9.13/jackson-core-asl-1.9.13.jar:/root/.m2/repository/org/codehaus/jackson/jackson-mapper-asl/1.9.13/jackson-mapper-asl-1.9.13.jar:/root/.m2/repository/org/codehaus/jackson/jackson-jaxrs/1.9.13/jackson-jaxrs-1.9.13.jar:/root/.m2/repository/org/codehaus/jackson/jackson-xc/1.9.13/jackson-xc-1.9.13.jar:/root/.m2/repository/commons-logging/commons-logging/1.1.3/commons-logging-1.1.3.jar:/root/.m2/repository/commons-beanutils/commons-beanutils/1.9.3/commons-beanutils-1.9.3.jar:/root/.m2/repository/org/apache/commons/commons-configuration2/2.1.1/commons-configuration2-2.1.1.jar:/root/.m2/repository/org/apache/commons/commons-lang3/3.7/commons-lang3-3.7.jar:/root/.m2/repository/org/apache/commons/commons-text/1.4/commons-text-1.4.jar:/root/.m2/repository/org/apache/avro/avro/1.7.7/avro-1.7.7.jar:/root/.m2/repository/com/thoughtworks/paranamer/paranamer/2.3/paranamer-2.3.jar:/root/.m2/repository/org/xerial/snappy/snappy-java/1.0.5/snappy-java-1.0.5.jar:/root/.m2/repository/com/google/re2j/re2j/1.1/re2j-1.1.jar:/root/.m2/repository/com/google/code/gson/gson/2.2.4/gson-2.2.4.jar:/root/.m2/repository/com/jcraft/jsch/0.1.54/jsch-0.1.54.jar:/root/.m2/repository/org/apache/curator/curator-client/2.12.0/curator-client-2.12.0.jar:/root/.m2/repository/org/apache/curator/curator-recipes/2.12.0/curator-recipes-2.12.0.jar:/root/.m2/repository/com/google/code/findbugs/jsr305/3.0.0/jsr305-3.0.0.jar:/root/.m2/repository/org/apache/htrace/htrace-core4/4.1.0-incubating/htrace-core4-4.1.0-incubating.jar:/root/.m2/repository/org/apache/zookeeper/zookeeper/3.4.13/zookeeper-3.4.13.jar:/root/.m2/repository/org/apache/yetus/audience-annotations/0.5.0/audience-annotations-0.5.0.jar:/root/.m2/repository/org/codehaus/woodstox/stax2-api/3.1.4/stax2-api-3.1.4.jar:/root/.m2/repository/com/fasterxml/woodstox/woodstox-core/5.0.3/woodstox-core-5.0.3.jar:/root/.m2/repository/dnsjava/dnsjava/2.1.7/dnsjava-2.1.7.jar:/root/.m2/repository/org/apache/hadoop/hadoop-hdfs/3.2.0/hadoop-hdfs-3.2.0-tests.jar:/root/.m2/repository/org/eclipse/jetty/jetty-util-ajax/9.3.24.v20180605/jetty-util-ajax-9.3.24.v20180605.jar:/root/.m2/repository/commons-daemon/commons-daemon/1.0.13/commons-daemon-1.0.13.jar:/root/.m2/repository/io/netty/netty/3.10.5.Final/netty-3.10.5.Final.jar:/root/.m2/repository/io/netty/netty-all/4.0.52.Final/netty-all-4.0.52.Final.jar:/root/.m2/repository/org/fusesource/leveldbjni/leveldbjni-all/1.8/leveldbjni-all-1.8.jar:"/>
    <property name="sun.cpu.endian" value="little"/>
    <property name="user.home" value="/root"/>
    <property name="user.language" value="en"/>
    <property name="java.specification.vendor" value="Oracle Corporation"/>
    <property name="java.home" value="/usr/lib/jvm/java-1.8-openjdk/jre"/>
    <property name="java.security.krb5.conf" value="/opt/src/hadoop-ozone/integration-test/target/test-classes/krb5.conf"/>
    <property name="basedir" value="/opt/src/hadoop-ozone/integration-test"/>
    <property name="file.separator" value="/"/>
    <property name="line.separator" value="&#10;"/>
    <property name="java.vm.specification.vendor" value="Oracle Corporation"/>
    <property name="java.specification.name" value="Java Platform API Specification"/>
    <property name="java.awt.graphicsenv" value="sun.awt.X11GraphicsEnvironment"/>
    <property name="surefire.real.class.path" value="/opt/src/hadoop-ozone/integration-test/target/surefire/surefirebooter4743514725097588681.jar"/>
    <property name="hadoop.log.dir" value="/opt/src/hadoop-ozone/integration-test/target/log"/>
    <property name="sun.boot.class.path" value="/usr/lib/jvm/java-1.8-openjdk/jre/lib/resources.jar:/usr/lib/jvm/java-1.8-openjdk/jre/lib/rt.jar:/usr/lib/jvm/java-1.8-openjdk/jre/lib/sunrsasign.jar:/usr/lib/jvm/java-1.8-openjdk/jre/lib/jsse.jar:/usr/lib/jvm/java-1.8-openjdk/jre/lib/jce.jar:/usr/lib/jvm/java-1.8-openjdk/jre/lib/charsets.jar:/usr/lib/jvm/java-1.8-openjdk/jre/lib/jfr.jar:/usr/lib/jvm/java-1.8-openjdk/jre/classes"/>
    <property name="sun.management.compiler" value="HotSpot 64-Bit Tiered Compilers"/>
    <property name="java.runtime.version" value="1.8.0_212-b04"/>
    <property name="java.net.preferIPv4Stack" value="true"/>
    <property name="user.name" value="root"/>
    <property name="path.separator" value=":"/>
    <property name="java.security.egd" value="file:///dev/urandom"/>
    <property name="os.version" value="4.15.0-1021-aws"/>
    <property name="java.endorsed.dirs" value="/usr/lib/jvm/java-1.8-openjdk/jre/lib/endorsed"/>
    <property name="java.runtime.name" value="OpenJDK Runtime Environment"/>
    <property name="file.encoding" value="UTF-8"/>
    <property name="java.vm.name" value="OpenJDK 64-Bit Server VM"/>
    <property name="test.build.webapps" value=""/>
    <property name="localRepository" value="/root/.m2/repository"/>
    <property name="java.vendor.url.bug" value="https://icedtea.classpath.org/bugzilla"/>
    <property name="java.io.tmpdir" value="/tmp"/>
    <property name="require.test.libhadoop" value=""/>
    <property name="java.version" value="1.8.0_212"/>
    <property name="user.dir" value="/opt/src/hadoop-ozone/integration-test"/>
    <property name="os.arch" value="amd64"/>
    <property name="java.vm.specification.name" value="Java Virtual Machine Specification"/>
    <property name="test.build.classes" value="/opt/src/hadoop-ozone/integration-test/target/test-classes"/>
    <property name="java.awt.printerjob" value="sun.print.PSPrinterJob"/>
    <property name="sun.os.patch.level" value="unknown"/>
    <property name="hadoop.tmp.dir" value="/opt/src/hadoop-ozone/integration-test/target/tmp"/>
    <property name="java.library.path" value="/usr/lib/jvm/java-1.8-openjdk/jre/lib/amd64/server:/usr/lib/jvm/java-1.8-openjdk/jre/lib/amd64:/usr/lib/jvm/java-1.8-openjdk/jre/../lib/amd64:/opt/src/hadoop-ozone/integration-test/target/native/target/usr/local/lib:/opt/src/hadoop-ozone/integration-test/../../hadoop-common-project/hadoop-common/target/native/target/usr/local/lib:/usr/java/packages/lib/amd64:/usr/lib64:/lib64:/lib:/usr/lib"/>
    <property name="java.vm.info" value="mixed mode"/>
    <property name="java.vendor" value="IcedTea"/>
    <property name="java.vm.version" value="25.212-b04"/>
    <property name="java.ext.dirs" value="/usr/lib/jvm/java-1.8-openjdk/jre/lib/ext:/usr/java/packages/lib/ext"/>
    <property name="sun.io.unicode.encoding" value="UnicodeLittle"/>
    <property name="java.class.version" value="52.0"/>
  </properties>
  <testcase name="testWatchForCommitWithKeyWrite" classname="org.apache.hadoop.ozone.client.rpc.TestWatchForCommit" time="22.973"/>
  <testcase name="testWatchForCommitWithSmallerTimeoutValue" classname="org.apache.hadoop.ozone.client.rpc.TestWatchForCommit" time="17.304"/>
  <testcase name="testWatchForCommitForRetryfailure" classname="org.apache.hadoop.ozone.client.rpc.TestWatchForCommit" time="28.715">
    <failure message="expected exception not thrown" type="java.lang.AssertionError">java.lang.AssertionError: expected exception not thrown
	at org.junit.Assert.fail(Assert.java:88)
	at org.apache.hadoop.ozone.client.rpc.TestWatchForCommit.testWatchForCommitForRetryfailure(TestWatchForCommit.java:348)
	at sun.reflect.NativeMethodAccessorImpl.invoke0(Native Method)
	at sun.reflect.NativeMethodAccessorImpl.invoke(NativeMethodAccessorImpl.java:62)
	at sun.reflect.DelegatingMethodAccessorImpl.invoke(DelegatingMethodAccessorImpl.java:43)
	at java.lang.reflect.Method.invoke(Method.java:498)
	at org.junit.runners.model.FrameworkMethod$1.runReflectiveCall(FrameworkMethod.java:47)
	at org.junit.internal.runners.model.ReflectiveCallable.run(ReflectiveCallable.java:12)
	at org.junit.runners.model.FrameworkMethod.invokeExplosively(FrameworkMethod.java:44)
	at org.junit.internal.runners.statements.InvokeMethod.evaluate(InvokeMethod.java:17)
	at org.junit.runners.ParentRunner.runLeaf(ParentRunner.java:271)
	at org.junit.runners.BlockJUnit4ClassRunner.runChild(BlockJUnit4ClassRunner.java:70)
	at org.junit.runners.BlockJUnit4ClassRunner.runChild(BlockJUnit4ClassRunner.java:50)
	at org.junit.runners.ParentRunner$3.run(ParentRunner.java:238)
	at org.junit.runners.ParentRunner$1.schedule(ParentRunner.java:63)
	at org.junit.runners.ParentRunner.runChildren(ParentRunner.java:236)
	at org.junit.runners.ParentRunner.access$000(ParentRunner.java:53)
	at org.junit.runners.ParentRunner$2.evaluate(ParentRunner.java:229)
	at org.junit.runners.ParentRunner.run(ParentRunner.java:309)
	at org.apache.maven.surefire.junit4.JUnit4Provider.execute(JUnit4Provider.java:365)
	at org.apache.maven.surefire.junit4.JUnit4Provider.executeWithRerun(JUnit4Provider.java:273)
	at org.apache.maven.surefire.junit4.JUnit4Provider.executeTestSet(JUnit4Provider.java:238)
	at org.apache.maven.surefire.junit4.JUnit4Provider.invoke(JUnit4Provider.java:159)
	at org.apache.maven.surefire.booter.ForkedBooter.invokeProviderInSameClassLoader(ForkedBooter.java:384)
	at org.apache.maven.surefire.booter.ForkedBooter.runSuitesInProcess(ForkedBooter.java:345)
	at org.apache.maven.surefire.booter.ForkedBooter.execute(ForkedBooter.java:126)
	at org.apache.maven.surefire.booter.ForkedBooter.main(ForkedBooter.java:418)
</failure>
    <system-out><![CDATA[2019-06-13 23:39:49,262 WARN  server.ServerUtils (ServerUtils.java:getScmDbDir(145)) - ozone.scm.db.dirs is not configured. We recommend adding this setting. Falling back to ozone.metadata.dirs instead.
2019-06-13 23:39:49,266 WARN  server.ServerUtils (ServerUtils.java:getScmDbDir(145)) - ozone.scm.db.dirs is not configured. We recommend adding this setting. Falling back to ozone.metadata.dirs instead.
2019-06-13 23:39:49,267 WARN  server.ServerUtils (ServerUtils.java:getScmDbDir(145)) - ozone.scm.db.dirs is not configured. We recommend adding this setting. Falling back to ozone.metadata.dirs instead.
2019-06-13 23:39:49,267 INFO  db.DBStoreBuilder (DBStoreBuilder.java:addTable(110)) - using custom profile for table: deletedBlocks
2019-06-13 23:39:49,267 INFO  db.DBStoreBuilder (DBStoreBuilder.java:processTables(161)) - Using default column profile:DBProfile.DISK for Table:deletedBlocks
2019-06-13 23:39:49,268 INFO  db.DBStoreBuilder (DBStoreBuilder.java:addTable(110)) - using custom profile for table: validCerts
2019-06-13 23:39:49,268 INFO  db.DBStoreBuilder (DBStoreBuilder.java:processTables(161)) - Using default column profile:DBProfile.DISK for Table:validCerts
2019-06-13 23:39:49,268 INFO  db.DBStoreBuilder (DBStoreBuilder.java:addTable(110)) - using custom profile for table: revokedCerts
2019-06-13 23:39:49,268 INFO  db.DBStoreBuilder (DBStoreBuilder.java:processTables(161)) - Using default column profile:DBProfile.DISK for Table:revokedCerts
2019-06-13 23:39:49,268 INFO  db.DBStoreBuilder (DBStoreBuilder.java:addTable(110)) - using custom profile for table: default
2019-06-13 23:39:49,269 INFO  db.DBStoreBuilder (DBStoreBuilder.java:processTables(167)) - Using default column profile:DBProfile.DISK for Table:default
2019-06-13 23:39:49,269 INFO  db.DBStoreBuilder (DBStoreBuilder.java:getDbProfile(198)) - Using default options. DBProfile.DISK
2019-06-13 23:39:49,330 WARN  server.ServerUtils (ServerUtils.java:sanitizeUserArgs(70)) - ozone.scm.stale.node.interval value = 300000 is larger than max = 100000 based on the key value of ozone.scm.heartbeat.thread.interval, reset to the max value 100000.
2019-06-13 23:39:49,331 WARN  server.ServerUtils (ServerUtils.java:sanitizeUserArgs(70)) - ozone.scm.stale.node.interval value = 300000 is larger than max = 100000 based on the key value of ozone.scm.heartbeat.thread.interval, reset to the max value 100000.
2019-06-13 23:39:49,331 INFO  node.SCMNodeManager (SCMNodeManager.java:<init>(108)) - Entering startup safe mode.
2019-06-13 23:39:49,332 INFO  net.NodeSchemaLoader (NodeSchemaLoader.java:loadSchemaFromFile(125)) - Loading file from sun.misc.CompoundEnumeration@7a247711
2019-06-13 23:39:49,332 INFO  net.NodeSchemaLoader (NodeSchemaLoader.java:loadSchema(171)) - Loading network topology layer schema file
2019-06-13 23:39:49,336 WARN  server.ServerUtils (ServerUtils.java:getScmDbDir(145)) - ozone.scm.db.dirs is not configured. We recommend adding this setting. Falling back to ozone.metadata.dirs instead.
2019-06-13 23:39:49,364 INFO  pipeline.SCMPipelineManager (SCMPipelineManager.java:initializePipelineState(126)) - No pipeline exists in current db
2019-06-13 23:39:49,364 WARN  server.ServerUtils (ServerUtils.java:getScmDbDir(145)) - ozone.scm.db.dirs is not configured. We recommend adding this setting. Falling back to ozone.metadata.dirs instead.
2019-06-13 23:39:49,397 WARN  events.EventQueue (EventQueue.java:fireEvent(175)) - No event handler registered for event TypedEvent{payloadType=SafeModeStatus, name='SafeModeStatus'}
2019-06-13 23:39:49,398 INFO  ipc.CallQueueManager (CallQueueManager.java:<init>(84)) - Using callQueue: class java.util.concurrent.LinkedBlockingQueue, queueCapacity: 2000, scheduler: class org.apache.hadoop.ipc.DefaultRpcScheduler, ipcBackoff: false.
2019-06-13 23:39:49,401 INFO  ipc.Server (Server.java:run(1074)) - Starting Socket Reader #1 for port 35769
2019-06-13 23:39:49,413 INFO  ipc.CallQueueManager (CallQueueManager.java:<init>(84)) - Using callQueue: class java.util.concurrent.LinkedBlockingQueue, queueCapacity: 2000, scheduler: class org.apache.hadoop.ipc.DefaultRpcScheduler, ipcBackoff: false.
2019-06-13 23:39:49,417 INFO  ipc.Server (Server.java:run(1074)) - Starting Socket Reader #1 for port 39337
2019-06-13 23:39:49,423 INFO  ipc.CallQueueManager (CallQueueManager.java:<init>(84)) - Using callQueue: class java.util.concurrent.LinkedBlockingQueue, queueCapacity: 2000, scheduler: class org.apache.hadoop.ipc.DefaultRpcScheduler, ipcBackoff: false.
2019-06-13 23:39:49,427 INFO  ipc.Server (Server.java:run(1074)) - Starting Socket Reader #1 for port 40329
2019-06-13 23:39:49,427 INFO  hdfs.DFSUtil (DFSUtil.java:httpServerTemplateForNNAndJN(1641)) - Starting Web-server for scm at: http://0.0.0.0:0
2019-06-13 23:39:49,430 INFO  server.AuthenticationFilter (AuthenticationFilter.java:constructSecretProvider(240)) - Unable to initialize FileSignerSecretProvider, falling back to use random secrets.
2019-06-13 23:39:49,431 WARN  http.HttpRequestLog (HttpRequestLog.java:getRequestLog(97)) - Jetty request log can only be enabled using Log4j
2019-06-13 23:39:49,433 INFO  http.HttpServer2 (HttpServer2.java:addGlobalFilter(975)) - Added global filter 'safety' (class=org.apache.hadoop.http.HttpServer2$QuotingInputFilter)
2019-06-13 23:39:49,433 INFO  http.HttpServer2 (HttpServer2.java:addFilter(948)) - Added filter static_user_filter (class=org.apache.hadoop.http.lib.StaticUserWebFilter$StaticUserFilter) to context scm
2019-06-13 23:39:49,433 INFO  http.HttpServer2 (HttpServer2.java:addFilter(958)) - Added filter static_user_filter (class=org.apache.hadoop.http.lib.StaticUserWebFilter$StaticUserFilter) to context logs
2019-06-13 23:39:49,434 INFO  http.HttpServer2 (HttpServer2.java:addFilter(958)) - Added filter static_user_filter (class=org.apache.hadoop.http.lib.StaticUserWebFilter$StaticUserFilter) to context static
2019-06-13 23:39:49,438 INFO  server.StorageContainerManager (StorageContainerManager.java:start(752)) - StorageContainerLocationProtocol RPC server is listening at /0.0.0.0:40329
2019-06-13 23:39:49,438 INFO  impl.MetricsSystemImpl (MetricsSystemImpl.java:init(158)) - StorageContainerManager metrics system started (again)
2019-06-13 23:39:49,438 INFO  server.SCMClientProtocolServer (SCMClientProtocolServer.java:start(149)) - RPC server for Client  is listening at /0.0.0.0:40329
2019-06-13 23:39:49,438 INFO  ipc.Server (Server.java:run(1314)) - IPC Server Responder: starting
2019-06-13 23:39:49,439 INFO  ipc.Server (Server.java:run(1153)) - IPC Server listener on 40329: starting
2019-06-13 23:39:49,452 INFO  server.StorageContainerManager (StorageContainerManager.java:start(761)) - ScmBlockLocationProtocol RPC server is listening at /0.0.0.0:39337
2019-06-13 23:39:49,452 INFO  server.SCMBlockProtocolServer (SCMBlockProtocolServer.java:start(137)) - RPC server for Block Protocol is listening at /0.0.0.0:39337
2019-06-13 23:39:49,453 INFO  ipc.Server (Server.java:run(1314)) - IPC Server Responder: starting
2019-06-13 23:39:49,454 INFO  ipc.Server (Server.java:run(1153)) - IPC Server listener on 39337: starting
2019-06-13 23:39:49,469 INFO  server.StorageContainerManager (StorageContainerManager.java:start(765)) - ScmDatanodeProtocl RPC server is listening at /0.0.0.0:35769
2019-06-13 23:39:49,470 INFO  server.SCMDatanodeProtocolServer (SCMDatanodeProtocolServer.java:start(191)) - RPC server for DataNodes is listening at /0.0.0.0:35769
2019-06-13 23:39:49,470 INFO  ipc.Server (Server.java:run(1153)) - IPC Server listener on 35769: starting
2019-06-13 23:39:49,470 INFO  ipc.Server (Server.java:run(1314)) - IPC Server Responder: starting
2019-06-13 23:39:49,480 INFO  http.HttpServer2 (HttpServer2.java:bindListener(1191)) - Jetty bound to port 33835
2019-06-13 23:39:49,480 INFO  server.Server (Server.java:doStart(351)) - jetty-9.3.24.v20180605, build timestamp: 2018-06-05T17:11:56Z, git hash: 84205aa28f11a4f31f2a3b86d1bba2cc8ab69827
2019-06-13 23:39:49,482 INFO  handler.ContextHandler (ContextHandler.java:doStart(781)) - Started o.e.j.s.ServletContextHandler@69ab2d6a{/logs,file:///opt/src/hadoop-ozone/integration-test/target/log,AVAILABLE}
2019-06-13 23:39:49,482 INFO  handler.ContextHandler (ContextHandler.java:doStart(781)) - Started o.e.j.s.ServletContextHandler@57afe44b{/static,file:///opt/src/hadoop-ozone/integration-test/target/test-classes/webapps/static,AVAILABLE}
2019-06-13 23:39:49,486 INFO  handler.ContextHandler (ContextHandler.java:doStart(781)) - Started o.e.j.w.WebAppContext@4ff0706c{/,file:///opt/src/hadoop-ozone/integration-test/target/test-classes/webapps/scm/,AVAILABLE}{/scm}
2019-06-13 23:39:49,486 INFO  server.AbstractConnector (AbstractConnector.java:doStart(278)) - Started ServerConnector@6968bb65{HTTP/1.1,[http/1.1]}{0.0.0.0:33835}
2019-06-13 23:39:49,486 INFO  server.Server (Server.java:doStart(419)) - Started @40848ms
2019-06-13 23:39:49,487 INFO  server.BaseHttpServer (BaseHttpServer.java:updateConnectorAddress(207)) - HTTP server of SCM is listening at http://0.0.0.0:33835
2019-06-13 23:39:49,487 WARN  scm.ScmUtils (ScmUtils.java:getDBPath(63)) - ozone.om.db.dirs is not configured. We recommend adding this setting. Falling back to ozone.metadata.dirs instead.
2019-06-13 23:39:49,488 INFO  util.JvmPauseMonitor (JvmPauseMonitor.java:run(188)) - Starting JVM pause monitor
2019-06-13 23:39:49,490 WARN  scm.ScmUtils (ScmUtils.java:getDBPath(63)) - ozone.om.db.dirs is not configured. We recommend adding this setting. Falling back to ozone.metadata.dirs instead.
2019-06-13 23:39:49,490 INFO  om.OzoneManager (OzoneManager.java:setOMNodeDetails(519)) - OM Service ID is not set. Setting it to the default ID: omServiceIdDefault
2019-06-13 23:39:49,491 INFO  om.OzoneManager (OzoneManager.java:setOMNodeDetails(525)) - OM Node ID is not set. Setting it to the OmStorage's OmID: b395549c-7bda-4afd-af3a-64ef8b93e871
2019-06-13 23:39:49,491 WARN  scm.HddsServerUtil (HddsServerUtil.java:getDefaultRatisDirectory(354)) - Storage directory for Ratis is not configured. It is a good idea to map this to an SSD disk. Falling back to ozone.metadata.dirs
2019-06-13 23:39:49,491 WARN  scm.HddsServerUtil (HddsServerUtil.java:getDefaultRatisDirectory(354)) - Storage directory for Ratis is not configured. It is a good idea to map this to an SSD disk. Falling back to ozone.metadata.dirs
2019-06-13 23:39:49,491 INFO  om.OzoneManager (OzoneManager.java:loadOMHAConfigs(476)) - Found matching OM address with OMServiceId: null, OMNodeId: null, RPC Address: localhost:0 and Ratis port: 9872
2019-06-13 23:39:49,503 WARN  scm.ScmUtils (ScmUtils.java:getDBPath(63)) - ozone.om.db.dirs is not configured. We recommend adding this setting. Falling back to ozone.metadata.dirs instead.
2019-06-13 23:39:49,503 INFO  db.DBStoreBuilder (DBStoreBuilder.java:addTable(110)) - using custom profile for table: userTable
2019-06-13 23:39:49,504 INFO  db.DBStoreBuilder (DBStoreBuilder.java:processTables(161)) - Using default column profile:DBProfile.DISK for Table:userTable
2019-06-13 23:39:49,504 INFO  db.DBStoreBuilder (DBStoreBuilder.java:addTable(110)) - using custom profile for table: volumeTable
2019-06-13 23:39:49,504 INFO  db.DBStoreBuilder (DBStoreBuilder.java:processTables(161)) - Using default column profile:DBProfile.DISK for Table:volumeTable
2019-06-13 23:39:49,504 INFO  db.DBStoreBuilder (DBStoreBuilder.java:addTable(110)) - using custom profile for table: bucketTable
2019-06-13 23:39:49,504 INFO  db.DBStoreBuilder (DBStoreBuilder.java:processTables(161)) - Using default column profile:DBProfile.DISK for Table:bucketTable
2019-06-13 23:39:49,504 INFO  db.DBStoreBuilder (DBStoreBuilder.java:addTable(110)) - using custom profile for table: keyTable
2019-06-13 23:39:49,505 INFO  db.DBStoreBuilder (DBStoreBuilder.java:processTables(161)) - Using default column profile:DBProfile.DISK for Table:keyTable
2019-06-13 23:39:49,505 INFO  db.DBStoreBuilder (DBStoreBuilder.java:addTable(110)) - using custom profile for table: deletedTable
2019-06-13 23:39:49,505 INFO  db.DBStoreBuilder (DBStoreBuilder.java:processTables(161)) - Using default column profile:DBProfile.DISK for Table:deletedTable
2019-06-13 23:39:49,505 INFO  db.DBStoreBuilder (DBStoreBuilder.java:addTable(110)) - using custom profile for table: openKeyTable
2019-06-13 23:39:49,505 INFO  db.DBStoreBuilder (DBStoreBuilder.java:processTables(161)) - Using default column profile:DBProfile.DISK for Table:openKeyTable
2019-06-13 23:39:49,506 INFO  db.DBStoreBuilder (DBStoreBuilder.java:addTable(110)) - using custom profile for table: s3Table
2019-06-13 23:39:49,506 INFO  db.DBStoreBuilder (DBStoreBuilder.java:processTables(161)) - Using default column profile:DBProfile.DISK for Table:s3Table
2019-06-13 23:39:49,506 INFO  db.DBStoreBuilder (DBStoreBuilder.java:addTable(110)) - using custom profile for table: multipartInfoTable
2019-06-13 23:39:49,506 INFO  db.DBStoreBuilder (DBStoreBuilder.java:processTables(161)) - Using default column profile:DBProfile.DISK for Table:multipartInfoTable
2019-06-13 23:39:49,506 INFO  db.DBStoreBuilder (DBStoreBuilder.java:addTable(110)) - using custom profile for table: dTokenTable
2019-06-13 23:39:49,506 INFO  db.DBStoreBuilder (DBStoreBuilder.java:processTables(161)) - Using default column profile:DBProfile.DISK for Table:dTokenTable
2019-06-13 23:39:49,507 INFO  db.DBStoreBuilder (DBStoreBuilder.java:addTable(110)) - using custom profile for table: s3SecretTable
2019-06-13 23:39:49,507 INFO  db.DBStoreBuilder (DBStoreBuilder.java:processTables(161)) - Using default column profile:DBProfile.DISK for Table:s3SecretTable
2019-06-13 23:39:49,507 INFO  db.DBStoreBuilder (DBStoreBuilder.java:addTable(110)) - using custom profile for table: prefixTable
2019-06-13 23:39:49,507 INFO  db.DBStoreBuilder (DBStoreBuilder.java:processTables(161)) - Using default column profile:DBProfile.DISK for Table:prefixTable
2019-06-13 23:39:49,507 INFO  db.DBStoreBuilder (DBStoreBuilder.java:addTable(110)) - using custom profile for table: default
2019-06-13 23:39:49,507 INFO  db.DBStoreBuilder (DBStoreBuilder.java:processTables(167)) - Using default column profile:DBProfile.DISK for Table:default
2019-06-13 23:39:49,507 INFO  db.DBStoreBuilder (DBStoreBuilder.java:getDbProfile(198)) - Using default options. DBProfile.DISK
2019-06-13 23:39:49,650 INFO  ipc.CallQueueManager (CallQueueManager.java:<init>(84)) - Using callQueue: class java.util.concurrent.LinkedBlockingQueue, queueCapacity: 2000, scheduler: class org.apache.hadoop.ipc.DefaultRpcScheduler, ipcBackoff: false.
2019-06-13 23:39:49,651 INFO  ipc.Server (Server.java:run(1074)) - Starting Socket Reader #1 for port 42285
2019-06-13 23:39:49,670 WARN  scm.ScmUtils (ScmUtils.java:getDBPath(63)) - ozone.om.db.dirs is not configured. We recommend adding this setting. Falling back to ozone.metadata.dirs instead.
2019-06-13 23:39:49,671 INFO  om.OzoneManager (OzoneManager.java:start(1217)) - OzoneManager RPC server is listening at localhost/127.0.0.1:42285
2019-06-13 23:39:49,671 INFO  impl.MetricsSystemImpl (MetricsSystemImpl.java:init(158)) - OzoneManager metrics system started (again)
2019-06-13 23:39:49,672 INFO  ipc.Server (Server.java:run(1314)) - IPC Server Responder: starting
2019-06-13 23:39:49,685 INFO  ipc.Server (Server.java:run(1153)) - IPC Server listener on 42285: starting
2019-06-13 23:39:49,689 INFO  hdfs.DFSUtil (DFSUtil.java:httpServerTemplateForNNAndJN(1641)) - Starting Web-server for ozoneManager at: http://0.0.0.0:0
2019-06-13 23:39:49,694 INFO  server.AuthenticationFilter (AuthenticationFilter.java:constructSecretProvider(240)) - Unable to initialize FileSignerSecretProvider, falling back to use random secrets.
2019-06-13 23:39:49,694 WARN  http.HttpRequestLog (HttpRequestLog.java:getRequestLog(97)) - Jetty request log can only be enabled using Log4j
2019-06-13 23:39:49,696 INFO  http.HttpServer2 (HttpServer2.java:addGlobalFilter(975)) - Added global filter 'safety' (class=org.apache.hadoop.http.HttpServer2$QuotingInputFilter)
2019-06-13 23:39:49,697 INFO  http.HttpServer2 (HttpServer2.java:addFilter(948)) - Added filter static_user_filter (class=org.apache.hadoop.http.lib.StaticUserWebFilter$StaticUserFilter) to context ozoneManager
2019-06-13 23:39:49,697 INFO  http.HttpServer2 (HttpServer2.java:addFilter(958)) - Added filter static_user_filter (class=org.apache.hadoop.http.lib.StaticUserWebFilter$StaticUserFilter) to context logs
2019-06-13 23:39:49,697 INFO  http.HttpServer2 (HttpServer2.java:addFilter(958)) - Added filter static_user_filter (class=org.apache.hadoop.http.lib.StaticUserWebFilter$StaticUserFilter) to context static
2019-06-13 23:39:49,697 INFO  http.HttpServer2 (HttpServer2.java:bindListener(1191)) - Jetty bound to port 34127
2019-06-13 23:39:49,697 INFO  server.Server (Server.java:doStart(351)) - jetty-9.3.24.v20180605, build timestamp: 2018-06-05T17:11:56Z, git hash: 84205aa28f11a4f31f2a3b86d1bba2cc8ab69827
2019-06-13 23:39:49,710 INFO  handler.ContextHandler (ContextHandler.java:doStart(781)) - Started o.e.j.s.ServletContextHandler@53079ae6{/logs,file:///opt/src/hadoop-ozone/integration-test/target/log,AVAILABLE}
2019-06-13 23:39:49,712 INFO  handler.ContextHandler (ContextHandler.java:doStart(781)) - Started o.e.j.s.ServletContextHandler@603c2dee{/static,file:///opt/src/hadoop-ozone/integration-test/target/test-classes/webapps/static,AVAILABLE}
2019-06-13 23:39:49,718 INFO  handler.ContextHandler (ContextHandler.java:doStart(781)) - Started o.e.j.w.WebAppContext@7dd7ec56{/,file:///opt/src/hadoop-ozone/integration-test/target/test-classes/webapps/ozoneManager/,AVAILABLE}{/ozoneManager}
2019-06-13 23:39:49,718 INFO  server.AbstractConnector (AbstractConnector.java:doStart(278)) - Started ServerConnector@6528d339{HTTP/1.1,[http/1.1]}{0.0.0.0:34127}
2019-06-13 23:39:49,719 INFO  server.Server (Server.java:doStart(419)) - Started @41081ms
2019-06-13 23:39:49,720 INFO  server.BaseHttpServer (BaseHttpServer.java:updateConnectorAddress(207)) - HTTP server of OZONEMANAGER is listening at http://0.0.0.0:34127
2019-06-13 23:39:49,731 INFO  impl.MetricsSystemImpl (MetricsSystemImpl.java:init(158)) - HddsDatanode metrics system started (again)
2019-06-13 23:39:49,732 INFO  ozone.HddsDatanodeService (HddsDatanodeService.java:start(185)) - HddsDatanodeService host:ozone-g79bc-2755786375 ip:192.168.105.138
2019-06-13 23:39:49,742 INFO  volume.HddsVolume (HddsVolume.java:<init>(176)) - Creating Volume: /opt/src/hadoop-ozone/integration-test/target/test-dir/MiniOzoneClusterImpl-1d9e95da-22ba-4a50-8191-63453bbdd52f/datanode-0/data/containers/hdds of  storage type : DISK and capacity : 104021790720
2019-06-13 23:39:49,742 INFO  volume.VolumeSet (VolumeSet.java:initializeVolumeSet(170)) - Added Volume : /opt/src/hadoop-ozone/integration-test/target/test-dir/MiniOzoneClusterImpl-1d9e95da-22ba-4a50-8191-63453bbdd52f/datanode-0/data/containers/hdds to VolumeSet
2019-06-13 23:39:49,743 INFO  volume.ThrottledAsyncChecker (ThrottledAsyncChecker.java:schedule(140)) - Scheduling a check for org.apache.hadoop.ozone.container.common.volume.HddsVolume@22f80e36
2019-06-13 23:39:49,746 INFO  volume.HddsVolumeChecker (HddsVolumeChecker.java:checkAllVolumes(203)) - Scheduled health check for volume org.apache.hadoop.ozone.container.common.volume.HddsVolume@22f80e36
2019-06-13 23:39:49,757 INFO  ratis.XceiverServerRatis (XceiverServerRatis.java:newXceiverServerRatis(401)) - Found a free port for the server : 39229
2019-06-13 23:39:49,766 INFO  impl.RaftServerProxy (ConfUtils.java:logGet(43)) - raft.rpc.type = GRPC (default)
2019-06-13 23:39:49,766 INFO  grpc.GrpcConfigKeys$Server (ConfUtils.java:logGet(43)) - raft.grpc.server.port = 39229 (custom)
2019-06-13 23:39:49,766 INFO  server.GrpcService (ConfUtils.java:logGet(43)) - raft.grpc.message.size.max = 33570816 (custom)
2019-06-13 23:39:49,766 INFO  server.RaftServerConfigKeys (ConfUtils.java:logGet(43)) - raft.server.log.appender.buffer.byte-limit = 33554432 (custom)
2019-06-13 23:39:49,767 INFO  server.GrpcService (ConfUtils.java:logGet(43)) - raft.grpc.flow.control.window = 1MB (=1048576) (default)
2019-06-13 23:39:49,767 INFO  server.RaftServerConfigKeys (ConfUtils.java:logGet(43)) - raft.server.rpc.request.timeout = 3000ms (default)
2019-06-13 23:39:49,768 INFO  server.RaftServerConfigKeys (ConfUtils.java:logGet(43)) - raft.server.storage.dir = [/opt/src/hadoop-ozone/integration-test/target/test-dir/MiniOzoneClusterImpl-1d9e95da-22ba-4a50-8191-63453bbdd52f/datanode-0/data/ratis] (custom)
2019-06-13 23:39:49,769 INFO  server.XceiverServerGrpc (XceiverServerGrpc.java:<init>(97)) - Found a free port for the server : 35651
2019-06-13 23:39:49,769 INFO  replication.SimpleContainerDownloader (SimpleContainerDownloader.java:<init>(72)) - Starting container downloader service to copy containers to replicate.
2019-06-13 23:39:49,773 INFO  hdfs.DFSUtil (DFSUtil.java:httpServerTemplateForNNAndJN(1641)) - Starting Web-server for hddsDatanode at: http://0.0.0.0:0
2019-06-13 23:39:49,774 INFO  server.AuthenticationFilter (AuthenticationFilter.java:constructSecretProvider(240)) - Unable to initialize FileSignerSecretProvider, falling back to use random secrets.
2019-06-13 23:39:49,774 WARN  http.HttpRequestLog (HttpRequestLog.java:getRequestLog(97)) - Jetty request log can only be enabled using Log4j
2019-06-13 23:39:49,776 INFO  http.HttpServer2 (HttpServer2.java:addGlobalFilter(975)) - Added global filter 'safety' (class=org.apache.hadoop.http.HttpServer2$QuotingInputFilter)
2019-06-13 23:39:49,777 INFO  http.HttpServer2 (HttpServer2.java:addFilter(948)) - Added filter static_user_filter (class=org.apache.hadoop.http.lib.StaticUserWebFilter$StaticUserFilter) to context hddsDatanode
2019-06-13 23:39:49,777 INFO  http.HttpServer2 (HttpServer2.java:addFilter(958)) - Added filter static_user_filter (class=org.apache.hadoop.http.lib.StaticUserWebFilter$StaticUserFilter) to context static
2019-06-13 23:39:49,777 INFO  http.HttpServer2 (HttpServer2.java:addFilter(958)) - Added filter static_user_filter (class=org.apache.hadoop.http.lib.StaticUserWebFilter$StaticUserFilter) to context logs
2019-06-13 23:39:49,778 INFO  http.HttpServer2 (HttpServer2.java:bindListener(1191)) - Jetty bound to port 39499
2019-06-13 23:39:49,778 INFO  server.Server (Server.java:doStart(351)) - jetty-9.3.24.v20180605, build timestamp: 2018-06-05T17:11:56Z, git hash: 84205aa28f11a4f31f2a3b86d1bba2cc8ab69827
2019-06-13 23:39:49,780 INFO  handler.ContextHandler (ContextHandler.java:doStart(781)) - Started o.e.j.s.ServletContextHandler@43ee1cf7{/logs,file:///opt/src/hadoop-ozone/integration-test/target/log,AVAILABLE}
2019-06-13 23:39:49,780 INFO  handler.ContextHandler (ContextHandler.java:doStart(781)) - Started o.e.j.s.ServletContextHandler@5b1f5fcc{/static,jar:file:/root/.m2/repository/org/apache/hadoop/hadoop-hdds-container-service/0.5.0-SNAPSHOT/hadoop-hdds-container-service-0.5.0-SNAPSHOT.jar!/webapps/static,AVAILABLE}
2019-06-13 23:39:49,810 INFO  handler.ContextHandler (ContextHandler.java:doStart(781)) - Started o.e.j.w.WebAppContext@35555145{/,file:///tmp/jetty-0.0.0.0-39499-hddsDatanode-_-any-7984958519836258800.dir/webapp/,AVAILABLE}{/hddsDatanode}
2019-06-13 23:39:49,811 INFO  server.AbstractConnector (AbstractConnector.java:doStart(278)) - Started ServerConnector@70bc3a9c{HTTP/1.1,[http/1.1]}{0.0.0.0:39499}
2019-06-13 23:39:49,811 INFO  server.Server (Server.java:doStart(419)) - Started @41172ms
2019-06-13 23:39:49,813 INFO  server.BaseHttpServer (BaseHttpServer.java:updateConnectorAddress(207)) - HTTP server of HDDSDATANODE is listening at http://0.0.0.0:39499
2019-06-13 23:39:50,114 INFO  ozone.HddsDatanodeService (HddsDatanodeService.java:startPlugins(396)) - Started plug-in org.apache.hadoop.ozone.web.OzoneHddsDatanodeService@2358443e
2019-06-13 23:39:50,114 INFO  impl.MetricsSystemImpl (MetricsSystemImpl.java:init(158)) - HddsDatanode metrics system started (again)
2019-06-13 23:39:50,114 INFO  ozone.HddsDatanodeService (HddsDatanodeService.java:start(185)) - HddsDatanodeService host:ozone-g79bc-2755786375 ip:192.168.105.138
2019-06-13 23:39:50,141 INFO  util.JvmPauseMonitor (JvmPauseMonitor.java:run(188)) - Starting JVM pause monitor
2019-06-13 23:39:50,143 INFO  datanode.InitDatanodeState (InitDatanodeState.java:persistContainerDatanodeDetails(140)) - DatanodeDetails is persisted to /opt/src/hadoop-ozone/integration-test/target/test-dir/MiniOzoneClusterImpl-1d9e95da-22ba-4a50-8191-63453bbdd52f/datanode-0/meta/datanode.id
2019-06-13 23:39:50,145 INFO  volume.HddsVolume (HddsVolume.java:<init>(176)) - Creating Volume: /opt/src/hadoop-ozone/integration-test/target/test-dir/MiniOzoneClusterImpl-1d9e95da-22ba-4a50-8191-63453bbdd52f/datanode-1/data/containers/hdds of  storage type : DISK and capacity : 104021790720
2019-06-13 23:39:50,146 INFO  volume.VolumeSet (VolumeSet.java:initializeVolumeSet(170)) - Added Volume : /opt/src/hadoop-ozone/integration-test/target/test-dir/MiniOzoneClusterImpl-1d9e95da-22ba-4a50-8191-63453bbdd52f/datanode-1/data/containers/hdds to VolumeSet
2019-06-13 23:39:50,146 INFO  volume.ThrottledAsyncChecker (ThrottledAsyncChecker.java:schedule(140)) - Scheduling a check for org.apache.hadoop.ozone.container.common.volume.HddsVolume@608eb42e
2019-06-13 23:39:50,150 INFO  volume.HddsVolumeChecker (HddsVolumeChecker.java:checkAllVolumes(203)) - Scheduled health check for volume org.apache.hadoop.ozone.container.common.volume.HddsVolume@608eb42e
2019-06-13 23:39:50,162 INFO  ratis.XceiverServerRatis (XceiverServerRatis.java:newXceiverServerRatis(401)) - Found a free port for the server : 33305
2019-06-13 23:39:50,163 INFO  impl.RaftServerProxy (ConfUtils.java:logGet(43)) - raft.rpc.type = GRPC (default)
2019-06-13 23:39:50,163 INFO  grpc.GrpcConfigKeys$Server (ConfUtils.java:logGet(43)) - raft.grpc.server.port = 33305 (custom)
2019-06-13 23:39:50,163 INFO  server.GrpcService (ConfUtils.java:logGet(43)) - raft.grpc.message.size.max = 33570816 (custom)
2019-06-13 23:39:50,163 INFO  server.RaftServerConfigKeys (ConfUtils.java:logGet(43)) - raft.server.log.appender.buffer.byte-limit = 33554432 (custom)
2019-06-13 23:39:50,163 INFO  server.GrpcService (ConfUtils.java:logGet(43)) - raft.grpc.flow.control.window = 1MB (=1048576) (default)
2019-06-13 23:39:50,164 INFO  server.RaftServerConfigKeys (ConfUtils.java:logGet(43)) - raft.server.rpc.request.timeout = 3000ms (default)
2019-06-13 23:39:50,164 INFO  server.RaftServerConfigKeys (ConfUtils.java:logGet(43)) - raft.server.storage.dir = [/opt/src/hadoop-ozone/integration-test/target/test-dir/MiniOzoneClusterImpl-1d9e95da-22ba-4a50-8191-63453bbdd52f/datanode-1/data/ratis] (custom)
2019-06-13 23:39:50,164 INFO  server.XceiverServerGrpc (XceiverServerGrpc.java:<init>(97)) - Found a free port for the server : 40035
2019-06-13 23:39:50,165 INFO  replication.SimpleContainerDownloader (SimpleContainerDownloader.java:<init>(72)) - Starting container downloader service to copy containers to replicate.
2019-06-13 23:39:50,168 INFO  hdfs.DFSUtil (DFSUtil.java:httpServerTemplateForNNAndJN(1641)) - Starting Web-server for hddsDatanode at: http://0.0.0.0:0
2019-06-13 23:39:50,169 INFO  server.AuthenticationFilter (AuthenticationFilter.java:constructSecretProvider(240)) - Unable to initialize FileSignerSecretProvider, falling back to use random secrets.
2019-06-13 23:39:50,172 WARN  http.HttpRequestLog (HttpRequestLog.java:getRequestLog(97)) - Jetty request log can only be enabled using Log4j
2019-06-13 23:39:50,174 INFO  http.HttpServer2 (HttpServer2.java:addGlobalFilter(975)) - Added global filter 'safety' (class=org.apache.hadoop.http.HttpServer2$QuotingInputFilter)
2019-06-13 23:39:50,174 INFO  http.HttpServer2 (HttpServer2.java:addFilter(948)) - Added filter static_user_filter (class=org.apache.hadoop.http.lib.StaticUserWebFilter$StaticUserFilter) to context hddsDatanode
2019-06-13 23:39:50,174 INFO  http.HttpServer2 (HttpServer2.java:addFilter(958)) - Added filter static_user_filter (class=org.apache.hadoop.http.lib.StaticUserWebFilter$StaticUserFilter) to context logs
2019-06-13 23:39:50,174 INFO  http.HttpServer2 (HttpServer2.java:addFilter(958)) - Added filter static_user_filter (class=org.apache.hadoop.http.lib.StaticUserWebFilter$StaticUserFilter) to context static
2019-06-13 23:39:50,175 INFO  http.HttpServer2 (HttpServer2.java:bindListener(1191)) - Jetty bound to port 41355
2019-06-13 23:39:50,175 INFO  server.Server (Server.java:doStart(351)) - jetty-9.3.24.v20180605, build timestamp: 2018-06-05T17:11:56Z, git hash: 84205aa28f11a4f31f2a3b86d1bba2cc8ab69827
2019-06-13 23:39:50,179 INFO  handler.ContextHandler (ContextHandler.java:doStart(781)) - Started o.e.j.s.ServletContextHandler@23954300{/logs,file:///opt/src/hadoop-ozone/integration-test/target/log,AVAILABLE}
2019-06-13 23:39:50,185 INFO  handler.ContextHandler (ContextHandler.java:doStart(781)) - Started o.e.j.s.ServletContextHandler@7a587e84{/static,jar:file:/root/.m2/repository/org/apache/hadoop/hadoop-hdds-container-service/0.5.0-SNAPSHOT/hadoop-hdds-container-service-0.5.0-SNAPSHOT.jar!/webapps/static,AVAILABLE}
2019-06-13 23:39:50,230 INFO  handler.ContextHandler (ContextHandler.java:doStart(781)) - Started o.e.j.w.WebAppContext@eb695e8{/,file:///tmp/jetty-0.0.0.0-41355-hddsDatanode-_-any-2980712884318052664.dir/webapp/,AVAILABLE}{/hddsDatanode}
2019-06-13 23:39:50,231 INFO  server.AbstractConnector (AbstractConnector.java:doStart(278)) - Started ServerConnector@7eebb316{HTTP/1.1,[http/1.1]}{0.0.0.0:41355}
2019-06-13 23:39:50,231 INFO  server.Server (Server.java:doStart(419)) - Started @41593ms
2019-06-13 23:39:50,243 INFO  server.BaseHttpServer (BaseHttpServer.java:updateConnectorAddress(207)) - HTTP server of HDDSDATANODE is listening at http://0.0.0.0:41355
2019-06-13 23:39:50,410 INFO  ozone.HddsDatanodeService (HddsDatanodeService.java:startPlugins(396)) - Started plug-in org.apache.hadoop.ozone.web.OzoneHddsDatanodeService@2d3eb1ea
2019-06-13 23:39:50,410 INFO  impl.MetricsSystemImpl (MetricsSystemImpl.java:init(158)) - HddsDatanode metrics system started (again)
2019-06-13 23:39:50,411 INFO  ozone.HddsDatanodeService (HddsDatanodeService.java:start(185)) - HddsDatanodeService host:ozone-g79bc-2755786375 ip:192.168.105.138
2019-06-13 23:39:50,417 INFO  util.JvmPauseMonitor (JvmPauseMonitor.java:run(188)) - Starting JVM pause monitor
2019-06-13 23:39:50,421 INFO  datanode.InitDatanodeState (InitDatanodeState.java:persistContainerDatanodeDetails(140)) - DatanodeDetails is persisted to /opt/src/hadoop-ozone/integration-test/target/test-dir/MiniOzoneClusterImpl-1d9e95da-22ba-4a50-8191-63453bbdd52f/datanode-1/meta/datanode.id
2019-06-13 23:39:50,423 INFO  volume.HddsVolume (HddsVolume.java:<init>(176)) - Creating Volume: /opt/src/hadoop-ozone/integration-test/target/test-dir/MiniOzoneClusterImpl-1d9e95da-22ba-4a50-8191-63453bbdd52f/datanode-2/data/containers/hdds of  storage type : DISK and capacity : 104021790720
2019-06-13 23:39:50,423 INFO  volume.VolumeSet (VolumeSet.java:initializeVolumeSet(170)) - Added Volume : /opt/src/hadoop-ozone/integration-test/target/test-dir/MiniOzoneClusterImpl-1d9e95da-22ba-4a50-8191-63453bbdd52f/datanode-2/data/containers/hdds to VolumeSet
2019-06-13 23:39:50,423 INFO  volume.ThrottledAsyncChecker (ThrottledAsyncChecker.java:schedule(140)) - Scheduling a check for org.apache.hadoop.ozone.container.common.volume.HddsVolume@671f545b
2019-06-13 23:39:50,424 INFO  volume.HddsVolumeChecker (HddsVolumeChecker.java:checkAllVolumes(203)) - Scheduled health check for volume org.apache.hadoop.ozone.container.common.volume.HddsVolume@671f545b
2019-06-13 23:39:50,433 INFO  ratis.XceiverServerRatis (XceiverServerRatis.java:newXceiverServerRatis(401)) - Found a free port for the server : 45495
2019-06-13 23:39:50,434 INFO  impl.RaftServerProxy (ConfUtils.java:logGet(43)) - raft.rpc.type = GRPC (default)
2019-06-13 23:39:50,434 INFO  grpc.GrpcConfigKeys$Server (ConfUtils.java:logGet(43)) - raft.grpc.server.port = 45495 (custom)
2019-06-13 23:39:50,434 INFO  server.GrpcService (ConfUtils.java:logGet(43)) - raft.grpc.message.size.max = 33570816 (custom)
2019-06-13 23:39:50,434 INFO  server.RaftServerConfigKeys (ConfUtils.java:logGet(43)) - raft.server.log.appender.buffer.byte-limit = 33554432 (custom)
2019-06-13 23:39:50,434 INFO  server.GrpcService (ConfUtils.java:logGet(43)) - raft.grpc.flow.control.window = 1MB (=1048576) (default)
2019-06-13 23:39:50,434 INFO  server.RaftServerConfigKeys (ConfUtils.java:logGet(43)) - raft.server.rpc.request.timeout = 3000ms (default)
2019-06-13 23:39:50,435 INFO  server.RaftServerConfigKeys (ConfUtils.java:logGet(43)) - raft.server.storage.dir = [/opt/src/hadoop-ozone/integration-test/target/test-dir/MiniOzoneClusterImpl-1d9e95da-22ba-4a50-8191-63453bbdd52f/datanode-2/data/ratis] (custom)
2019-06-13 23:39:50,435 INFO  server.XceiverServerGrpc (XceiverServerGrpc.java:<init>(97)) - Found a free port for the server : 45871
2019-06-13 23:39:50,435 INFO  replication.SimpleContainerDownloader (SimpleContainerDownloader.java:<init>(72)) - Starting container downloader service to copy containers to replicate.
2019-06-13 23:39:50,440 INFO  hdfs.DFSUtil (DFSUtil.java:httpServerTemplateForNNAndJN(1641)) - Starting Web-server for hddsDatanode at: http://0.0.0.0:0
2019-06-13 23:39:50,443 INFO  server.AuthenticationFilter (AuthenticationFilter.java:constructSecretProvider(240)) - Unable to initialize FileSignerSecretProvider, falling back to use random secrets.
2019-06-13 23:39:50,444 WARN  http.HttpRequestLog (HttpRequestLog.java:getRequestLog(97)) - Jetty request log can only be enabled using Log4j
2019-06-13 23:39:50,445 INFO  http.HttpServer2 (HttpServer2.java:addGlobalFilter(975)) - Added global filter 'safety' (class=org.apache.hadoop.http.HttpServer2$QuotingInputFilter)
2019-06-13 23:39:50,445 INFO  http.HttpServer2 (HttpServer2.java:addFilter(948)) - Added filter static_user_filter (class=org.apache.hadoop.http.lib.StaticUserWebFilter$StaticUserFilter) to context hddsDatanode
2019-06-13 23:39:50,445 INFO  http.HttpServer2 (HttpServer2.java:addFilter(958)) - Added filter static_user_filter (class=org.apache.hadoop.http.lib.StaticUserWebFilter$StaticUserFilter) to context static
2019-06-13 23:39:50,445 INFO  http.HttpServer2 (HttpServer2.java:addFilter(958)) - Added filter static_user_filter (class=org.apache.hadoop.http.lib.StaticUserWebFilter$StaticUserFilter) to context logs
2019-06-13 23:39:50,446 INFO  http.HttpServer2 (HttpServer2.java:bindListener(1191)) - Jetty bound to port 41777
2019-06-13 23:39:50,446 INFO  server.Server (Server.java:doStart(351)) - jetty-9.3.24.v20180605, build timestamp: 2018-06-05T17:11:56Z, git hash: 84205aa28f11a4f31f2a3b86d1bba2cc8ab69827
2019-06-13 23:39:50,448 INFO  handler.ContextHandler (ContextHandler.java:doStart(781)) - Started o.e.j.s.ServletContextHandler@788a0513{/logs,file:///opt/src/hadoop-ozone/integration-test/target/log,AVAILABLE}
2019-06-13 23:39:50,448 INFO  handler.ContextHandler (ContextHandler.java:doStart(781)) - Started o.e.j.s.ServletContextHandler@44de3b46{/static,jar:file:/root/.m2/repository/org/apache/hadoop/hadoop-hdds-container-service/0.5.0-SNAPSHOT/hadoop-hdds-container-service-0.5.0-SNAPSHOT.jar!/webapps/static,AVAILABLE}
2019-06-13 23:39:50,481 INFO  handler.ContextHandler (ContextHandler.java:doStart(781)) - Started o.e.j.w.WebAppContext@20c283b4{/,file:///tmp/jetty-0.0.0.0-41777-hddsDatanode-_-any-7146925571949018889.dir/webapp/,AVAILABLE}{/hddsDatanode}
2019-06-13 23:39:50,482 INFO  server.AbstractConnector (AbstractConnector.java:doStart(278)) - Started ServerConnector@366b4a7b{HTTP/1.1,[http/1.1]}{0.0.0.0:41777}
2019-06-13 23:39:50,482 INFO  server.Server (Server.java:doStart(419)) - Started @41844ms
2019-06-13 23:39:50,495 INFO  server.BaseHttpServer (BaseHttpServer.java:updateConnectorAddress(207)) - HTTP server of HDDSDATANODE is listening at http://0.0.0.0:41777
2019-06-13 23:39:50,597 INFO  ozone.HddsDatanodeService (HddsDatanodeService.java:startPlugins(396)) - Started plug-in org.apache.hadoop.ozone.web.OzoneHddsDatanodeService@2651e783
2019-06-13 23:39:50,599 INFO  impl.MetricsSystemImpl (MetricsSystemImpl.java:init(158)) - HddsDatanode metrics system started (again)
2019-06-13 23:39:50,600 INFO  ozone.HddsDatanodeService (HddsDatanodeService.java:start(185)) - HddsDatanodeService host:ozone-g79bc-2755786375 ip:192.168.105.138
2019-06-13 23:39:50,615 INFO  util.JvmPauseMonitor (JvmPauseMonitor.java:run(188)) - Starting JVM pause monitor
2019-06-13 23:39:50,618 INFO  datanode.InitDatanodeState (InitDatanodeState.java:persistContainerDatanodeDetails(140)) - DatanodeDetails is persisted to /opt/src/hadoop-ozone/integration-test/target/test-dir/MiniOzoneClusterImpl-1d9e95da-22ba-4a50-8191-63453bbdd52f/datanode-2/meta/datanode.id
2019-06-13 23:39:50,622 INFO  volume.HddsVolume (HddsVolume.java:<init>(176)) - Creating Volume: /opt/src/hadoop-ozone/integration-test/target/test-dir/MiniOzoneClusterImpl-1d9e95da-22ba-4a50-8191-63453bbdd52f/datanode-3/data/containers/hdds of  storage type : DISK and capacity : 104021790720
2019-06-13 23:39:50,623 INFO  volume.VolumeSet (VolumeSet.java:initializeVolumeSet(170)) - Added Volume : /opt/src/hadoop-ozone/integration-test/target/test-dir/MiniOzoneClusterImpl-1d9e95da-22ba-4a50-8191-63453bbdd52f/datanode-3/data/containers/hdds to VolumeSet
2019-06-13 23:39:50,623 INFO  volume.ThrottledAsyncChecker (ThrottledAsyncChecker.java:schedule(140)) - Scheduling a check for org.apache.hadoop.ozone.container.common.volume.HddsVolume@535be281
2019-06-13 23:39:50,633 INFO  volume.HddsVolumeChecker (HddsVolumeChecker.java:checkAllVolumes(203)) - Scheduled health check for volume org.apache.hadoop.ozone.container.common.volume.HddsVolume@535be281
2019-06-13 23:39:50,648 INFO  ratis.XceiverServerRatis (XceiverServerRatis.java:newXceiverServerRatis(401)) - Found a free port for the server : 40757
2019-06-13 23:39:50,648 INFO  impl.RaftServerProxy (ConfUtils.java:logGet(43)) - raft.rpc.type = GRPC (default)
2019-06-13 23:39:50,649 INFO  grpc.GrpcConfigKeys$Server (ConfUtils.java:logGet(43)) - raft.grpc.server.port = 40757 (custom)
2019-06-13 23:39:50,649 INFO  server.GrpcService (ConfUtils.java:logGet(43)) - raft.grpc.message.size.max = 33570816 (custom)
2019-06-13 23:39:50,649 INFO  server.RaftServerConfigKeys (ConfUtils.java:logGet(43)) - raft.server.log.appender.buffer.byte-limit = 33554432 (custom)
2019-06-13 23:39:50,649 INFO  server.GrpcService (ConfUtils.java:logGet(43)) - raft.grpc.flow.control.window = 1MB (=1048576) (default)
2019-06-13 23:39:50,649 INFO  server.RaftServerConfigKeys (ConfUtils.java:logGet(43)) - raft.server.rpc.request.timeout = 3000ms (default)
2019-06-13 23:39:50,650 INFO  server.RaftServerConfigKeys (ConfUtils.java:logGet(43)) - raft.server.storage.dir = [/opt/src/hadoop-ozone/integration-test/target/test-dir/MiniOzoneClusterImpl-1d9e95da-22ba-4a50-8191-63453bbdd52f/datanode-3/data/ratis] (custom)
2019-06-13 23:39:50,650 INFO  server.XceiverServerGrpc (XceiverServerGrpc.java:<init>(97)) - Found a free port for the server : 43089
2019-06-13 23:39:50,653 INFO  replication.SimpleContainerDownloader (SimpleContainerDownloader.java:<init>(72)) - Starting container downloader service to copy containers to replicate.
2019-06-13 23:39:50,655 INFO  hdfs.DFSUtil (DFSUtil.java:httpServerTemplateForNNAndJN(1641)) - Starting Web-server for hddsDatanode at: http://0.0.0.0:0
2019-06-13 23:39:50,656 INFO  server.AuthenticationFilter (AuthenticationFilter.java:constructSecretProvider(240)) - Unable to initialize FileSignerSecretProvider, falling back to use random secrets.
2019-06-13 23:39:50,658 WARN  http.HttpRequestLog (HttpRequestLog.java:getRequestLog(97)) - Jetty request log can only be enabled using Log4j
2019-06-13 23:39:50,659 INFO  http.HttpServer2 (HttpServer2.java:addGlobalFilter(975)) - Added global filter 'safety' (class=org.apache.hadoop.http.HttpServer2$QuotingInputFilter)
2019-06-13 23:39:50,659 INFO  http.HttpServer2 (HttpServer2.java:addFilter(948)) - Added filter static_user_filter (class=org.apache.hadoop.http.lib.StaticUserWebFilter$StaticUserFilter) to context hddsDatanode
2019-06-13 23:39:50,660 INFO  http.HttpServer2 (HttpServer2.java:addFilter(958)) - Added filter static_user_filter (class=org.apache.hadoop.http.lib.StaticUserWebFilter$StaticUserFilter) to context static
2019-06-13 23:39:50,660 INFO  http.HttpServer2 (HttpServer2.java:addFilter(958)) - Added filter static_user_filter (class=org.apache.hadoop.http.lib.StaticUserWebFilter$StaticUserFilter) to context logs
2019-06-13 23:39:50,660 INFO  http.HttpServer2 (HttpServer2.java:bindListener(1191)) - Jetty bound to port 34459
2019-06-13 23:39:50,661 INFO  server.Server (Server.java:doStart(351)) - jetty-9.3.24.v20180605, build timestamp: 2018-06-05T17:11:56Z, git hash: 84205aa28f11a4f31f2a3b86d1bba2cc8ab69827
2019-06-13 23:39:50,667 INFO  handler.ContextHandler (ContextHandler.java:doStart(781)) - Started o.e.j.s.ServletContextHandler@64af5454{/logs,file:///opt/src/hadoop-ozone/integration-test/target/log,AVAILABLE}
2019-06-13 23:39:50,669 INFO  handler.ContextHandler (ContextHandler.java:doStart(781)) - Started o.e.j.s.ServletContextHandler@f6cde7e{/static,jar:file:/root/.m2/repository/org/apache/hadoop/hadoop-hdds-container-service/0.5.0-SNAPSHOT/hadoop-hdds-container-service-0.5.0-SNAPSHOT.jar!/webapps/static,AVAILABLE}
2019-06-13 23:39:50,712 INFO  handler.ContextHandler (ContextHandler.java:doStart(781)) - Started o.e.j.w.WebAppContext@2a60981c{/,file:///tmp/jetty-0.0.0.0-34459-hddsDatanode-_-any-6571151036031116013.dir/webapp/,AVAILABLE}{/hddsDatanode}
2019-06-13 23:39:50,712 INFO  server.AbstractConnector (AbstractConnector.java:doStart(278)) - Started ServerConnector@3f1fb139{HTTP/1.1,[http/1.1]}{0.0.0.0:34459}
2019-06-13 23:39:50,713 INFO  server.Server (Server.java:doStart(419)) - Started @42074ms
2019-06-13 23:39:50,717 INFO  server.BaseHttpServer (BaseHttpServer.java:updateConnectorAddress(207)) - HTTP server of HDDSDATANODE is listening at http://0.0.0.0:34459
2019-06-13 23:39:50,833 INFO  ozone.HddsDatanodeService (HddsDatanodeService.java:startPlugins(396)) - Started plug-in org.apache.hadoop.ozone.web.OzoneHddsDatanodeService@1c66cd02
2019-06-13 23:39:50,839 INFO  impl.MetricsSystemImpl (MetricsSystemImpl.java:init(158)) - HddsDatanode metrics system started (again)
2019-06-13 23:39:50,839 INFO  ozone.HddsDatanodeService (HddsDatanodeService.java:start(185)) - HddsDatanodeService host:ozone-g79bc-2755786375 ip:192.168.105.138
2019-06-13 23:39:50,849 INFO  util.JvmPauseMonitor (JvmPauseMonitor.java:run(188)) - Starting JVM pause monitor
2019-06-13 23:39:50,853 INFO  volume.HddsVolume (HddsVolume.java:<init>(176)) - Creating Volume: /opt/src/hadoop-ozone/integration-test/target/test-dir/MiniOzoneClusterImpl-1d9e95da-22ba-4a50-8191-63453bbdd52f/datanode-4/data/containers/hdds of  storage type : DISK and capacity : 104021790720
2019-06-13 23:39:50,853 INFO  volume.VolumeSet (VolumeSet.java:initializeVolumeSet(170)) - Added Volume : /opt/src/hadoop-ozone/integration-test/target/test-dir/MiniOzoneClusterImpl-1d9e95da-22ba-4a50-8191-63453bbdd52f/datanode-4/data/containers/hdds to VolumeSet
2019-06-13 23:39:50,853 INFO  volume.ThrottledAsyncChecker (ThrottledAsyncChecker.java:schedule(140)) - Scheduling a check for org.apache.hadoop.ozone.container.common.volume.HddsVolume@31859960
2019-06-13 23:39:50,854 INFO  datanode.InitDatanodeState (InitDatanodeState.java:persistContainerDatanodeDetails(140)) - DatanodeDetails is persisted to /opt/src/hadoop-ozone/integration-test/target/test-dir/MiniOzoneClusterImpl-1d9e95da-22ba-4a50-8191-63453bbdd52f/datanode-3/meta/datanode.id
2019-06-13 23:39:50,857 INFO  volume.HddsVolumeChecker (HddsVolumeChecker.java:checkAllVolumes(203)) - Scheduled health check for volume org.apache.hadoop.ozone.container.common.volume.HddsVolume@31859960
2019-06-13 23:39:50,875 INFO  ratis.XceiverServerRatis (XceiverServerRatis.java:newXceiverServerRatis(401)) - Found a free port for the server : 38873
2019-06-13 23:39:50,883 INFO  impl.RaftServerProxy (ConfUtils.java:logGet(43)) - raft.rpc.type = GRPC (default)
2019-06-13 23:39:50,883 INFO  grpc.GrpcConfigKeys$Server (ConfUtils.java:logGet(43)) - raft.grpc.server.port = 38873 (custom)
2019-06-13 23:39:50,883 INFO  server.GrpcService (ConfUtils.java:logGet(43)) - raft.grpc.message.size.max = 33570816 (custom)
2019-06-13 23:39:50,883 INFO  server.RaftServerConfigKeys (ConfUtils.java:logGet(43)) - raft.server.log.appender.buffer.byte-limit = 33554432 (custom)
2019-06-13 23:39:50,884 INFO  server.GrpcService (ConfUtils.java:logGet(43)) - raft.grpc.flow.control.window = 1MB (=1048576) (default)
2019-06-13 23:39:50,884 INFO  server.RaftServerConfigKeys (ConfUtils.java:logGet(43)) - raft.server.rpc.request.timeout = 3000ms (default)
2019-06-13 23:39:50,884 INFO  server.RaftServerConfigKeys (ConfUtils.java:logGet(43)) - raft.server.storage.dir = [/opt/src/hadoop-ozone/integration-test/target/test-dir/MiniOzoneClusterImpl-1d9e95da-22ba-4a50-8191-63453bbdd52f/datanode-4/data/ratis] (custom)
2019-06-13 23:39:50,885 INFO  server.XceiverServerGrpc (XceiverServerGrpc.java:<init>(97)) - Found a free port for the server : 33879
2019-06-13 23:39:50,885 INFO  replication.SimpleContainerDownloader (SimpleContainerDownloader.java:<init>(72)) - Starting container downloader service to copy containers to replicate.
2019-06-13 23:39:50,895 INFO  hdfs.DFSUtil (DFSUtil.java:httpServerTemplateForNNAndJN(1641)) - Starting Web-server for hddsDatanode at: http://0.0.0.0:0
2019-06-13 23:39:50,897 INFO  server.AuthenticationFilter (AuthenticationFilter.java:constructSecretProvider(240)) - Unable to initialize FileSignerSecretProvider, falling back to use random secrets.
2019-06-13 23:39:50,897 WARN  http.HttpRequestLog (HttpRequestLog.java:getRequestLog(97)) - Jetty request log can only be enabled using Log4j
2019-06-13 23:39:50,899 INFO  http.HttpServer2 (HttpServer2.java:addGlobalFilter(975)) - Added global filter 'safety' (class=org.apache.hadoop.http.HttpServer2$QuotingInputFilter)
2019-06-13 23:39:50,899 INFO  http.HttpServer2 (HttpServer2.java:addFilter(948)) - Added filter static_user_filter (class=org.apache.hadoop.http.lib.StaticUserWebFilter$StaticUserFilter) to context hddsDatanode
2019-06-13 23:39:50,899 INFO  http.HttpServer2 (HttpServer2.java:addFilter(958)) - Added filter static_user_filter (class=org.apache.hadoop.http.lib.StaticUserWebFilter$StaticUserFilter) to context logs
2019-06-13 23:39:50,899 INFO  http.HttpServer2 (HttpServer2.java:addFilter(958)) - Added filter static_user_filter (class=org.apache.hadoop.http.lib.StaticUserWebFilter$StaticUserFilter) to context static
2019-06-13 23:39:50,900 INFO  http.HttpServer2 (HttpServer2.java:bindListener(1191)) - Jetty bound to port 38915
2019-06-13 23:39:50,900 INFO  server.Server (Server.java:doStart(351)) - jetty-9.3.24.v20180605, build timestamp: 2018-06-05T17:11:56Z, git hash: 84205aa28f11a4f31f2a3b86d1bba2cc8ab69827
2019-06-13 23:39:50,930 INFO  handler.ContextHandler (ContextHandler.java:doStart(781)) - Started o.e.j.s.ServletContextHandler@60484429{/logs,file:///opt/src/hadoop-ozone/integration-test/target/log,AVAILABLE}
2019-06-13 23:39:50,931 INFO  handler.ContextHandler (ContextHandler.java:doStart(781)) - Started o.e.j.s.ServletContextHandler@690e4b00{/static,jar:file:/root/.m2/repository/org/apache/hadoop/hadoop-hdds-container-service/0.5.0-SNAPSHOT/hadoop-hdds-container-service-0.5.0-SNAPSHOT.jar!/webapps/static,AVAILABLE}
2019-06-13 23:39:50,963 INFO  handler.ContextHandler (ContextHandler.java:doStart(781)) - Started o.e.j.w.WebAppContext@7ee02968{/,file:///tmp/jetty-0.0.0.0-38915-hddsDatanode-_-any-381097390780036983.dir/webapp/,AVAILABLE}{/hddsDatanode}
2019-06-13 23:39:50,963 INFO  server.AbstractConnector (AbstractConnector.java:doStart(278)) - Started ServerConnector@2993cc80{HTTP/1.1,[http/1.1]}{0.0.0.0:38915}
2019-06-13 23:39:50,964 INFO  server.Server (Server.java:doStart(419)) - Started @42325ms
2019-06-13 23:39:50,966 INFO  server.BaseHttpServer (BaseHttpServer.java:updateConnectorAddress(207)) - HTTP server of HDDSDATANODE is listening at http://0.0.0.0:38915
2019-06-13 23:39:51,166 INFO  ozone.HddsDatanodeService (HddsDatanodeService.java:startPlugins(396)) - Started plug-in org.apache.hadoop.ozone.web.OzoneHddsDatanodeService@520ec7a7
2019-06-13 23:39:51,166 INFO  impl.MetricsSystemImpl (MetricsSystemImpl.java:init(158)) - HddsDatanode metrics system started (again)
2019-06-13 23:39:51,167 INFO  ozone.HddsDatanodeService (HddsDatanodeService.java:start(185)) - HddsDatanodeService host:ozone-g79bc-2755786375 ip:192.168.105.138
2019-06-13 23:39:51,174 INFO  util.JvmPauseMonitor (JvmPauseMonitor.java:run(188)) - Starting JVM pause monitor
2019-06-13 23:39:51,177 INFO  datanode.InitDatanodeState (InitDatanodeState.java:persistContainerDatanodeDetails(140)) - DatanodeDetails is persisted to /opt/src/hadoop-ozone/integration-test/target/test-dir/MiniOzoneClusterImpl-1d9e95da-22ba-4a50-8191-63453bbdd52f/datanode-4/meta/datanode.id
2019-06-13 23:39:51,199 INFO  volume.HddsVolume (HddsVolume.java:<init>(176)) - Creating Volume: /opt/src/hadoop-ozone/integration-test/target/test-dir/MiniOzoneClusterImpl-1d9e95da-22ba-4a50-8191-63453bbdd52f/datanode-5/data/containers/hdds of  storage type : DISK and capacity : 104021790720
2019-06-13 23:39:51,199 INFO  volume.VolumeSet (VolumeSet.java:initializeVolumeSet(170)) - Added Volume : /opt/src/hadoop-ozone/integration-test/target/test-dir/MiniOzoneClusterImpl-1d9e95da-22ba-4a50-8191-63453bbdd52f/datanode-5/data/containers/hdds to VolumeSet
2019-06-13 23:39:51,199 INFO  volume.ThrottledAsyncChecker (ThrottledAsyncChecker.java:schedule(140)) - Scheduling a check for org.apache.hadoop.ozone.container.common.volume.HddsVolume@38874eb5
2019-06-13 23:39:51,201 INFO  volume.HddsVolumeChecker (HddsVolumeChecker.java:checkAllVolumes(203)) - Scheduled health check for volume org.apache.hadoop.ozone.container.common.volume.HddsVolume@38874eb5
2019-06-13 23:39:51,216 INFO  ratis.XceiverServerRatis (XceiverServerRatis.java:newXceiverServerRatis(401)) - Found a free port for the server : 46229
2019-06-13 23:39:51,217 INFO  impl.RaftServerProxy (ConfUtils.java:logGet(43)) - raft.rpc.type = GRPC (default)
2019-06-13 23:39:51,218 INFO  grpc.GrpcConfigKeys$Server (ConfUtils.java:logGet(43)) - raft.grpc.server.port = 46229 (custom)
2019-06-13 23:39:51,218 INFO  server.GrpcService (ConfUtils.java:logGet(43)) - raft.grpc.message.size.max = 33570816 (custom)
2019-06-13 23:39:51,218 INFO  server.RaftServerConfigKeys (ConfUtils.java:logGet(43)) - raft.server.log.appender.buffer.byte-limit = 33554432 (custom)
2019-06-13 23:39:51,218 INFO  server.GrpcService (ConfUtils.java:logGet(43)) - raft.grpc.flow.control.window = 1MB (=1048576) (default)
2019-06-13 23:39:51,218 INFO  server.RaftServerConfigKeys (ConfUtils.java:logGet(43)) - raft.server.rpc.request.timeout = 3000ms (default)
2019-06-13 23:39:51,219 INFO  server.RaftServerConfigKeys (ConfUtils.java:logGet(43)) - raft.server.storage.dir = [/opt/src/hadoop-ozone/integration-test/target/test-dir/MiniOzoneClusterImpl-1d9e95da-22ba-4a50-8191-63453bbdd52f/datanode-5/data/ratis] (custom)
2019-06-13 23:39:51,219 INFO  server.XceiverServerGrpc (XceiverServerGrpc.java:<init>(97)) - Found a free port for the server : 44815
2019-06-13 23:39:51,220 INFO  replication.SimpleContainerDownloader (SimpleContainerDownloader.java:<init>(72)) - Starting container downloader service to copy containers to replicate.
2019-06-13 23:39:51,221 INFO  hdfs.DFSUtil (DFSUtil.java:httpServerTemplateForNNAndJN(1641)) - Starting Web-server for hddsDatanode at: http://0.0.0.0:0
2019-06-13 23:39:51,223 INFO  server.AuthenticationFilter (AuthenticationFilter.java:constructSecretProvider(240)) - Unable to initialize FileSignerSecretProvider, falling back to use random secrets.
2019-06-13 23:39:51,225 WARN  http.HttpRequestLog (HttpRequestLog.java:getRequestLog(97)) - Jetty request log can only be enabled using Log4j
2019-06-13 23:39:51,226 INFO  http.HttpServer2 (HttpServer2.java:addGlobalFilter(975)) - Added global filter 'safety' (class=org.apache.hadoop.http.HttpServer2$QuotingInputFilter)
2019-06-13 23:39:51,227 INFO  http.HttpServer2 (HttpServer2.java:addFilter(948)) - Added filter static_user_filter (class=org.apache.hadoop.http.lib.StaticUserWebFilter$StaticUserFilter) to context hddsDatanode
2019-06-13 23:39:51,227 INFO  http.HttpServer2 (HttpServer2.java:addFilter(958)) - Added filter static_user_filter (class=org.apache.hadoop.http.lib.StaticUserWebFilter$StaticUserFilter) to context static
2019-06-13 23:39:51,227 INFO  http.HttpServer2 (HttpServer2.java:addFilter(958)) - Added filter static_user_filter (class=org.apache.hadoop.http.lib.StaticUserWebFilter$StaticUserFilter) to context logs
2019-06-13 23:39:51,227 INFO  http.HttpServer2 (HttpServer2.java:bindListener(1191)) - Jetty bound to port 40009
2019-06-13 23:39:51,227 INFO  server.Server (Server.java:doStart(351)) - jetty-9.3.24.v20180605, build timestamp: 2018-06-05T17:11:56Z, git hash: 84205aa28f11a4f31f2a3b86d1bba2cc8ab69827
2019-06-13 23:39:51,234 INFO  handler.ContextHandler (ContextHandler.java:doStart(781)) - Started o.e.j.s.ServletContextHandler@1002b06d{/logs,file:///opt/src/hadoop-ozone/integration-test/target/log,AVAILABLE}
2019-06-13 23:39:51,234 INFO  handler.ContextHandler (ContextHandler.java:doStart(781)) - Started o.e.j.s.ServletContextHandler@5008559a{/static,jar:file:/root/.m2/repository/org/apache/hadoop/hadoop-hdds-container-service/0.5.0-SNAPSHOT/hadoop-hdds-container-service-0.5.0-SNAPSHOT.jar!/webapps/static,AVAILABLE}
2019-06-13 23:39:51,261 INFO  handler.ContextHandler (ContextHandler.java:doStart(781)) - Started o.e.j.w.WebAppContext@49f41c2e{/,file:///tmp/jetty-0.0.0.0-40009-hddsDatanode-_-any-6411966364362335349.dir/webapp/,AVAILABLE}{/hddsDatanode}
2019-06-13 23:39:51,261 INFO  server.AbstractConnector (AbstractConnector.java:doStart(278)) - Started ServerConnector@194eae3e{HTTP/1.1,[http/1.1]}{0.0.0.0:40009}
2019-06-13 23:39:51,262 INFO  server.Server (Server.java:doStart(419)) - Started @42623ms
2019-06-13 23:39:51,262 INFO  server.BaseHttpServer (BaseHttpServer.java:updateConnectorAddress(207)) - HTTP server of HDDSDATANODE is listening at http://0.0.0.0:40009
2019-06-13 23:39:51,396 INFO  ozone.HddsDatanodeService (HddsDatanodeService.java:startPlugins(396)) - Started plug-in org.apache.hadoop.ozone.web.OzoneHddsDatanodeService@32b1e906
2019-06-13 23:39:51,396 INFO  impl.MetricsSystemImpl (MetricsSystemImpl.java:init(158)) - HddsDatanode metrics system started (again)
2019-06-13 23:39:51,397 INFO  ozone.HddsDatanodeService (HddsDatanodeService.java:start(185)) - HddsDatanodeService host:ozone-g79bc-2755786375 ip:192.168.105.138
2019-06-13 23:39:51,405 INFO  util.JvmPauseMonitor (JvmPauseMonitor.java:run(188)) - Starting JVM pause monitor
2019-06-13 23:39:51,407 INFO  volume.HddsVolume (HddsVolume.java:<init>(176)) - Creating Volume: /opt/src/hadoop-ozone/integration-test/target/test-dir/MiniOzoneClusterImpl-1d9e95da-22ba-4a50-8191-63453bbdd52f/datanode-6/data/containers/hdds of  storage type : DISK and capacity : 104021790720
2019-06-13 23:39:51,407 INFO  volume.VolumeSet (VolumeSet.java:initializeVolumeSet(170)) - Added Volume : /opt/src/hadoop-ozone/integration-test/target/test-dir/MiniOzoneClusterImpl-1d9e95da-22ba-4a50-8191-63453bbdd52f/datanode-6/data/containers/hdds to VolumeSet
2019-06-13 23:39:51,407 INFO  volume.ThrottledAsyncChecker (ThrottledAsyncChecker.java:schedule(140)) - Scheduling a check for org.apache.hadoop.ozone.container.common.volume.HddsVolume@14bd523b
2019-06-13 23:39:51,408 INFO  datanode.InitDatanodeState (InitDatanodeState.java:persistContainerDatanodeDetails(140)) - DatanodeDetails is persisted to /opt/src/hadoop-ozone/integration-test/target/test-dir/MiniOzoneClusterImpl-1d9e95da-22ba-4a50-8191-63453bbdd52f/datanode-5/meta/datanode.id
2019-06-13 23:39:51,410 INFO  volume.HddsVolumeChecker (HddsVolumeChecker.java:checkAllVolumes(203)) - Scheduled health check for volume org.apache.hadoop.ozone.container.common.volume.HddsVolume@14bd523b
2019-06-13 23:39:51,420 INFO  ratis.XceiverServerRatis (XceiverServerRatis.java:newXceiverServerRatis(401)) - Found a free port for the server : 44765
2019-06-13 23:39:51,422 INFO  impl.RaftServerProxy (ConfUtils.java:logGet(43)) - raft.rpc.type = GRPC (default)
2019-06-13 23:39:51,423 INFO  grpc.GrpcConfigKeys$Server (ConfUtils.java:logGet(43)) - raft.grpc.server.port = 44765 (custom)
2019-06-13 23:39:51,423 INFO  server.GrpcService (ConfUtils.java:logGet(43)) - raft.grpc.message.size.max = 33570816 (custom)
2019-06-13 23:39:51,423 INFO  server.RaftServerConfigKeys (ConfUtils.java:logGet(43)) - raft.server.log.appender.buffer.byte-limit = 33554432 (custom)
2019-06-13 23:39:51,423 INFO  server.GrpcService (ConfUtils.java:logGet(43)) - raft.grpc.flow.control.window = 1MB (=1048576) (default)
2019-06-13 23:39:51,423 INFO  server.RaftServerConfigKeys (ConfUtils.java:logGet(43)) - raft.server.rpc.request.timeout = 3000ms (default)
2019-06-13 23:39:51,424 INFO  server.RaftServerConfigKeys (ConfUtils.java:logGet(43)) - raft.server.storage.dir = [/opt/src/hadoop-ozone/integration-test/target/test-dir/MiniOzoneClusterImpl-1d9e95da-22ba-4a50-8191-63453bbdd52f/datanode-6/data/ratis] (custom)
2019-06-13 23:39:51,424 INFO  server.XceiverServerGrpc (XceiverServerGrpc.java:<init>(97)) - Found a free port for the server : 36077
2019-06-13 23:39:51,424 INFO  replication.SimpleContainerDownloader (SimpleContainerDownloader.java:<init>(72)) - Starting container downloader service to copy containers to replicate.
2019-06-13 23:39:51,425 INFO  hdfs.DFSUtil (DFSUtil.java:httpServerTemplateForNNAndJN(1641)) - Starting Web-server for hddsDatanode at: http://0.0.0.0:0
2019-06-13 23:39:51,426 INFO  server.AuthenticationFilter (AuthenticationFilter.java:constructSecretProvider(240)) - Unable to initialize FileSignerSecretProvider, falling back to use random secrets.
2019-06-13 23:39:51,427 WARN  http.HttpRequestLog (HttpRequestLog.java:getRequestLog(97)) - Jetty request log can only be enabled using Log4j
2019-06-13 23:39:51,428 INFO  http.HttpServer2 (HttpServer2.java:addGlobalFilter(975)) - Added global filter 'safety' (class=org.apache.hadoop.http.HttpServer2$QuotingInputFilter)
2019-06-13 23:39:51,428 INFO  http.HttpServer2 (HttpServer2.java:addFilter(948)) - Added filter static_user_filter (class=org.apache.hadoop.http.lib.StaticUserWebFilter$StaticUserFilter) to context hddsDatanode
2019-06-13 23:39:51,428 INFO  http.HttpServer2 (HttpServer2.java:addFilter(958)) - Added filter static_user_filter (class=org.apache.hadoop.http.lib.StaticUserWebFilter$StaticUserFilter) to context static
2019-06-13 23:39:51,428 INFO  http.HttpServer2 (HttpServer2.java:addFilter(958)) - Added filter static_user_filter (class=org.apache.hadoop.http.lib.StaticUserWebFilter$StaticUserFilter) to context logs
2019-06-13 23:39:51,429 INFO  http.HttpServer2 (HttpServer2.java:bindListener(1191)) - Jetty bound to port 37723
2019-06-13 23:39:51,429 INFO  server.Server (Server.java:doStart(351)) - jetty-9.3.24.v20180605, build timestamp: 2018-06-05T17:11:56Z, git hash: 84205aa28f11a4f31f2a3b86d1bba2cc8ab69827
2019-06-13 23:39:51,430 INFO  handler.ContextHandler (ContextHandler.java:doStart(781)) - Started o.e.j.s.ServletContextHandler@6655f3cd{/logs,file:///opt/src/hadoop-ozone/integration-test/target/log,AVAILABLE}
2019-06-13 23:39:51,431 INFO  handler.ContextHandler (ContextHandler.java:doStart(781)) - Started o.e.j.s.ServletContextHandler@19d13d04{/static,jar:file:/root/.m2/repository/org/apache/hadoop/hadoop-hdds-container-service/0.5.0-SNAPSHOT/hadoop-hdds-container-service-0.5.0-SNAPSHOT.jar!/webapps/static,AVAILABLE}
2019-06-13 23:39:51,458 INFO  handler.ContextHandler (ContextHandler.java:doStart(781)) - Started o.e.j.w.WebAppContext@244268a8{/,file:///tmp/jetty-0.0.0.0-37723-hddsDatanode-_-any-5909309459000285149.dir/webapp/,AVAILABLE}{/hddsDatanode}
2019-06-13 23:39:51,458 INFO  server.AbstractConnector (AbstractConnector.java:doStart(278)) - Started ServerConnector@563ab6d5{HTTP/1.1,[http/1.1]}{0.0.0.0:37723}
2019-06-13 23:39:51,458 INFO  server.Server (Server.java:doStart(419)) - Started @42820ms
2019-06-13 23:39:51,461 INFO  server.BaseHttpServer (BaseHttpServer.java:updateConnectorAddress(207)) - HTTP server of HDDSDATANODE is listening at http://0.0.0.0:37723
2019-06-13 23:39:51,573 INFO  ozone.HddsDatanodeService (HddsDatanodeService.java:startPlugins(396)) - Started plug-in org.apache.hadoop.ozone.web.OzoneHddsDatanodeService@153d14e3
2019-06-13 23:39:51,573 INFO  ozone.MiniOzoneClusterImpl (MiniOzoneClusterImpl.java:lambda$waitForClusterToBeReady$0(142)) - Waiting for cluster to be ready. Got 0 of 7 DN Heartbeats.
2019-06-13 23:39:51,577 INFO  util.JvmPauseMonitor (JvmPauseMonitor.java:run(188)) - Starting JVM pause monitor
2019-06-13 23:39:51,578 INFO  datanode.InitDatanodeState (InitDatanodeState.java:persistContainerDatanodeDetails(140)) - DatanodeDetails is persisted to /opt/src/hadoop-ozone/integration-test/target/test-dir/MiniOzoneClusterImpl-1d9e95da-22ba-4a50-8191-63453bbdd52f/datanode-6/meta/datanode.id
2019-06-13 23:39:52,150 INFO  ozoneimpl.OzoneContainer (OzoneContainer.java:start(186)) - Attempting to start container services.
2019-06-13 23:39:52,150 INFO  ozoneimpl.OzoneContainer (OzoneContainer.java:startContainerScrub(160)) - Background container scrubber has been disabled by hdds.containerscrub.enabled
2019-06-13 23:39:52,150 INFO  ratis.XceiverServerRatis (XceiverServerRatis.java:start(418)) - Starting XceiverServerRatis cb89d4f8-1878-4ef8-9b04-c29334c05cac at port 39229
2019-06-13 23:39:52,153 INFO  impl.RaftServerProxy (RaftServerProxy.java:lambda$start$3(299)) - cb89d4f8-1878-4ef8-9b04-c29334c05cac: start RPC server
2019-06-13 23:39:52,154 INFO  server.GrpcService (GrpcService.java:startImpl(148)) - cb89d4f8-1878-4ef8-9b04-c29334c05cac: GrpcService started, listening on 0.0.0.0/0.0.0.0:39229
2019-06-13 23:39:52,424 INFO  ozoneimpl.OzoneContainer (OzoneContainer.java:start(186)) - Attempting to start container services.
2019-06-13 23:39:52,424 INFO  ozoneimpl.OzoneContainer (OzoneContainer.java:startContainerScrub(160)) - Background container scrubber has been disabled by hdds.containerscrub.enabled
2019-06-13 23:39:52,424 INFO  ratis.XceiverServerRatis (XceiverServerRatis.java:start(418)) - Starting XceiverServerRatis 47bcbdc1-c7e9-4920-9a84-4aada272adfe at port 33305
2019-06-13 23:39:52,427 INFO  impl.RaftServerProxy (RaftServerProxy.java:lambda$start$3(299)) - 47bcbdc1-c7e9-4920-9a84-4aada272adfe: start RPC server
2019-06-13 23:39:52,428 INFO  server.GrpcService (GrpcService.java:startImpl(148)) - 47bcbdc1-c7e9-4920-9a84-4aada272adfe: GrpcService started, listening on 0.0.0.0/0.0.0.0:33305
2019-06-13 23:39:52,574 INFO  ozone.MiniOzoneClusterImpl (MiniOzoneClusterImpl.java:lambda$waitForClusterToBeReady$0(142)) - Waiting for cluster to be ready. Got 0 of 7 DN Heartbeats.
2019-06-13 23:39:52,616 INFO  ozoneimpl.OzoneContainer (OzoneContainer.java:start(186)) - Attempting to start container services.
2019-06-13 23:39:52,617 INFO  ozoneimpl.OzoneContainer (OzoneContainer.java:startContainerScrub(160)) - Background container scrubber has been disabled by hdds.containerscrub.enabled
2019-06-13 23:39:52,617 INFO  ratis.XceiverServerRatis (XceiverServerRatis.java:start(418)) - Starting XceiverServerRatis 1ea106d7-9b98-4cee-8ff6-7d75b64b893d at port 45495
2019-06-13 23:39:52,622 INFO  impl.RaftServerProxy (RaftServerProxy.java:lambda$start$3(299)) - 1ea106d7-9b98-4cee-8ff6-7d75b64b893d: start RPC server
2019-06-13 23:39:52,622 INFO  server.GrpcService (GrpcService.java:startImpl(148)) - 1ea106d7-9b98-4cee-8ff6-7d75b64b893d: GrpcService started, listening on 0.0.0.0/0.0.0.0:45495
2019-06-13 23:39:52,853 INFO  ozoneimpl.OzoneContainer (OzoneContainer.java:start(186)) - Attempting to start container services.
2019-06-13 23:39:52,853 INFO  ozoneimpl.OzoneContainer (OzoneContainer.java:startContainerScrub(160)) - Background container scrubber has been disabled by hdds.containerscrub.enabled
2019-06-13 23:39:52,853 INFO  ratis.XceiverServerRatis (XceiverServerRatis.java:start(418)) - Starting XceiverServerRatis 9299f815-1407-4742-8c3f-0f3b78768541 at port 40757
2019-06-13 23:39:52,857 INFO  impl.RaftServerProxy (RaftServerProxy.java:lambda$start$3(299)) - 9299f815-1407-4742-8c3f-0f3b78768541: start RPC server
2019-06-13 23:39:52,857 INFO  server.GrpcService (GrpcService.java:startImpl(148)) - 9299f815-1407-4742-8c3f-0f3b78768541: GrpcService started, listening on 0.0.0.0/0.0.0.0:40757
2019-06-13 23:39:53,178 INFO  ozoneimpl.OzoneContainer (OzoneContainer.java:start(186)) - Attempting to start container services.
2019-06-13 23:39:53,178 INFO  ozoneimpl.OzoneContainer (OzoneContainer.java:startContainerScrub(160)) - Background container scrubber has been disabled by hdds.containerscrub.enabled
2019-06-13 23:39:53,178 INFO  ratis.XceiverServerRatis (XceiverServerRatis.java:start(418)) - Starting XceiverServerRatis fb6ed8da-7ce5-4b0e-b083-ea535ec7a85a at port 38873
2019-06-13 23:39:53,183 INFO  impl.RaftServerProxy (RaftServerProxy.java:lambda$start$3(299)) - fb6ed8da-7ce5-4b0e-b083-ea535ec7a85a: start RPC server
2019-06-13 23:39:53,184 INFO  server.GrpcService (GrpcService.java:startImpl(148)) - fb6ed8da-7ce5-4b0e-b083-ea535ec7a85a: GrpcService started, listening on 0.0.0.0/0.0.0.0:38873
2019-06-13 23:39:53,409 INFO  ozoneimpl.OzoneContainer (OzoneContainer.java:start(186)) - Attempting to start container services.
2019-06-13 23:39:53,410 INFO  ozoneimpl.OzoneContainer (OzoneContainer.java:startContainerScrub(160)) - Background container scrubber has been disabled by hdds.containerscrub.enabled
2019-06-13 23:39:53,410 INFO  ratis.XceiverServerRatis (XceiverServerRatis.java:start(418)) - Starting XceiverServerRatis 1f314dbf-d5e5-4b58-bcc1-1a1f388fbd2b at port 46229
2019-06-13 23:39:53,416 INFO  impl.RaftServerProxy (RaftServerProxy.java:lambda$start$3(299)) - 1f314dbf-d5e5-4b58-bcc1-1a1f388fbd2b: start RPC server
2019-06-13 23:39:53,417 INFO  server.GrpcService (GrpcService.java:startImpl(148)) - 1f314dbf-d5e5-4b58-bcc1-1a1f388fbd2b: GrpcService started, listening on 0.0.0.0/0.0.0.0:46229
2019-06-13 23:39:53,574 INFO  ozone.MiniOzoneClusterImpl (MiniOzoneClusterImpl.java:lambda$waitForClusterToBeReady$0(142)) - Waiting for cluster to be ready. Got 0 of 7 DN Heartbeats.
2019-06-13 23:39:53,580 INFO  ozoneimpl.OzoneContainer (OzoneContainer.java:start(186)) - Attempting to start container services.
2019-06-13 23:39:53,581 INFO  ozoneimpl.OzoneContainer (OzoneContainer.java:startContainerScrub(160)) - Background container scrubber has been disabled by hdds.containerscrub.enabled
2019-06-13 23:39:53,581 INFO  ratis.XceiverServerRatis (XceiverServerRatis.java:start(418)) - Starting XceiverServerRatis 621a7293-9e5a-4c1f-b927-eb0b44186d3c at port 44765
2019-06-13 23:39:53,584 INFO  impl.RaftServerProxy (RaftServerProxy.java:lambda$start$3(299)) - 621a7293-9e5a-4c1f-b927-eb0b44186d3c: start RPC server
2019-06-13 23:39:53,585 INFO  server.GrpcService (GrpcService.java:startImpl(148)) - 621a7293-9e5a-4c1f-b927-eb0b44186d3c: GrpcService started, listening on 0.0.0.0/0.0.0.0:44765
2019-06-13 23:39:54,144 INFO  node.SCMNodeManager (SCMNodeManager.java:register(234)) - Registered Data node : cb89d4f8-1878-4ef8-9b04-c29334c05cac{ip: 192.168.105.138, host: ozone-g79bc-2755786375, networkLocation: /default-rack, certSerialId: null}
2019-06-13 23:39:54,146 INFO  safemode.SCMSafeModeManager (DataNodeSafeModeRule.java:process(71)) - SCM in safe mode. 1 DataNodes registered, 1 required.
2019-06-13 23:39:54,148 INFO  safemode.SCMSafeModeManager (SCMSafeModeManager.java:validateSafeModeExitRules(177)) - ScmSafeModeManager, all rules are successfully validated
2019-06-13 23:39:54,148 INFO  safemode.SCMSafeModeManager (SCMSafeModeManager.java:exitSafeMode(193)) - SCM exiting safe mode.
2019-06-13 23:39:54,152 INFO  impl.RaftServerProxy (RaftServerProxy.java:addNew(89)) - cb89d4f8-1878-4ef8-9b04-c29334c05cac: addNew group-FBA2FFBD4033:[cb89d4f8-1878-4ef8-9b04-c29334c05cac:192.168.105.138:39229] returns group-FBA2FFBD4033:java.util.concurrent.CompletableFuture@6ade73b2[Not completed]
2019-06-13 23:39:54,153 INFO  impl.RaftServerImpl (RaftServerImpl.java:<init>(91)) - cb89d4f8-1878-4ef8-9b04-c29334c05cac: new RaftServerImpl for group-FBA2FFBD4033:[cb89d4f8-1878-4ef8-9b04-c29334c05cac:192.168.105.138:39229] with ContainerStateMachine:uninitialized
2019-06-13 23:39:54,153 INFO  server.RaftServerConfigKeys (ConfUtils.java:logGet(43)) - raft.server.rpc.timeout.min = 1s (custom)
2019-06-13 23:39:54,153 INFO  server.RaftServerConfigKeys (ConfUtils.java:logGet(43)) - raft.server.rpc.timeout.max = 1200ms (custom)
2019-06-13 23:39:54,153 INFO  server.RaftServerConfigKeys (ConfUtils.java:logGet(43)) - raft.server.rpcslowness.timeout = 120s (custom)
2019-06-13 23:39:54,153 INFO  server.RaftServerConfigKeys (ConfUtils.java:logGet(43)) - raft.server.log.appender.install.snapshot.enabled = true (default)
2019-06-13 23:39:54,153 INFO  impl.RaftServerImpl (ServerState.java:<init>(101)) - cb89d4f8-1878-4ef8-9b04-c29334c05cac:group-FBA2FFBD4033 ConfigurationManager, init=-1: [cb89d4f8-1878-4ef8-9b04-c29334c05cac:192.168.105.138:39229], old=null, confs=<EMPTY_MAP>
2019-06-13 23:39:54,153 INFO  server.RaftServerConfigKeys (ConfUtils.java:logGet(43)) - raft.server.storage.dir = [/opt/src/hadoop-ozone/integration-test/target/test-dir/MiniOzoneClusterImpl-1d9e95da-22ba-4a50-8191-63453bbdd52f/datanode-0/data/ratis] (custom)
2019-06-13 23:39:54,154 INFO  storage.RaftStorageDirectory (RaftStorageDirectory.java:analyzeStorage(246)) - The storage directory /opt/src/hadoop-ozone/integration-test/target/test-dir/MiniOzoneClusterImpl-1d9e95da-22ba-4a50-8191-63453bbdd52f/datanode-0/data/ratis/f83fcc70-9c41-4769-8a36-fba2ffbd4033 does not exist. Creating ...
2019-06-13 23:39:54,156 INFO  storage.RaftStorageDirectory (RaftStorageDirectory.java:tryLock(328)) - Lock on /opt/src/hadoop-ozone/integration-test/target/test-dir/MiniOzoneClusterImpl-1d9e95da-22ba-4a50-8191-63453bbdd52f/datanode-0/data/ratis/f83fcc70-9c41-4769-8a36-fba2ffbd4033/in_use.lock acquired by nodename 18810@ozone-g79bc-2755786375
2019-06-13 23:39:54,158 INFO  storage.RaftStorage (RaftStorage.java:format(75)) - Storage directory /opt/src/hadoop-ozone/integration-test/target/test-dir/MiniOzoneClusterImpl-1d9e95da-22ba-4a50-8191-63453bbdd52f/datanode-0/data/ratis/f83fcc70-9c41-4769-8a36-fba2ffbd4033 has been successfully formatted.
2019-06-13 23:39:54,158 INFO  ratis.ContainerStateMachine (ContainerStateMachine.java:loadSnapshot(199)) - The snapshot info is null.Setting the last applied index to:(t:0, i:~)
2019-06-13 23:39:54,158 INFO  server.RaftServerConfigKeys (ConfUtils.java:logGet(43)) - raft.server.leader.election.timeout = 120s (custom)
2019-06-13 23:39:54,158 INFO  server.RaftServerConfigKeys (ConfUtils.java:logGet(43)) - raft.server.log.use.memory = false (default)
2019-06-13 23:39:54,158 INFO  server.RaftServerConfigKeys (ConfUtils.java:logGet(43)) - raft.server.log.appender.buffer.byte-limit = 33554432 (custom)
2019-06-13 23:39:54,158 INFO  server.RaftServerConfigKeys (ConfUtils.java:logGet(43)) - raft.server.log.segment.size.max = 16384 (custom)
2019-06-13 23:39:54,158 INFO  server.RaftServerConfigKeys (ConfUtils.java:logGet(43)) - raft.server.log.segment.cache.num.max = 2 (custom)
2019-06-13 23:39:54,158 INFO  storage.RaftLogWorker (RaftLogWorker.java:<init>(123)) - new cb89d4f8-1878-4ef8-9b04-c29334c05cac-RaftLogWorker for Storage Directory /opt/src/hadoop-ozone/integration-test/target/test-dir/MiniOzoneClusterImpl-1d9e95da-22ba-4a50-8191-63453bbdd52f/datanode-0/data/ratis/f83fcc70-9c41-4769-8a36-fba2ffbd4033
2019-06-13 23:39:54,158 INFO  server.RaftServerConfigKeys (ConfUtils.java:logGet(43)) - raft.server.log.queue.byte-limit = 2147483647 (custom)
2019-06-13 23:39:54,158 INFO  server.RaftServerConfigKeys (ConfUtils.java:logGet(43)) - raft.server.log.queue.element-limit = 1024 (custom)
2019-06-13 23:39:54,159 INFO  server.RaftServerConfigKeys (ConfUtils.java:logGet(43)) - raft.server.log.segment.size.max = 16384 (custom)
2019-06-13 23:39:54,159 INFO  server.RaftServerConfigKeys (ConfUtils.java:logGet(43)) - raft.server.log.preallocated.size = 16384 (custom)
2019-06-13 23:39:54,159 INFO  server.RaftServerConfigKeys (ConfUtils.java:logGet(43)) - raft.server.log.write.buffer.size = 33554432 (custom)
2019-06-13 23:39:54,159 INFO  server.RaftServerConfigKeys (ConfUtils.java:logGet(43)) - raft.server.log.force.sync.num = 128 (default)
2019-06-13 23:39:54,159 INFO  server.RaftServerConfigKeys (ConfUtils.java:logGet(43)) - raft.server.log.statemachine.data.sync = true (default)
2019-06-13 23:39:54,159 INFO  server.RaftServerConfigKeys (ConfUtils.java:logGet(43)) - raft.server.log.statemachine.data.sync.timeout = 10s (default)
2019-06-13 23:39:54,159 INFO  server.RaftServerConfigKeys (ConfUtils.java:logGet(43)) - raft.server.log.statemachine.data.sync.timeout.retry = -1 (default)
2019-06-13 23:39:54,159 INFO  server.RaftServerConfigKeys (ConfUtils.java:logGet(43)) - raft.server.log.statemachine.data.caching.enabled = true (custom)
2019-06-13 23:39:54,159 INFO  server.RaftServerConfigKeys (ConfUtils.java:logGet(43)) - raft.server.snapshot.auto.trigger.enabled = true (custom)
2019-06-13 23:39:54,159 INFO  server.RaftServerConfigKeys (ConfUtils.java:logGet(43)) - raft.server.snapshot.auto.trigger.threshold = 10000 (custom)
2019-06-13 23:39:54,160 INFO  server.RaftServerConfigKeys (ConfUtils.java:logGet(43)) - raft.server.retrycache.expirytime = 600000ms (custom)
2019-06-13 23:39:54,160 INFO  impl.RaftServerImpl (RaftServerImpl.java:start(173)) - cb89d4f8-1878-4ef8-9b04-c29334c05cac: start group-FBA2FFBD4033
2019-06-13 23:39:54,160 INFO  impl.RaftServerImpl (RaftServerImpl.java:setRole(164)) - cb89d4f8-1878-4ef8-9b04-c29334c05cac:group-FBA2FFBD4033 changes role from null to FOLLOWER at term 0 for startAsFollower
2019-06-13 23:39:54,160 INFO  impl.RoleInfo (RoleInfo.java:updateAndGet(143)) - cb89d4f8-1878-4ef8-9b04-c29334c05cac: start FollowerState
2019-06-13 23:39:54,160 INFO  util.JmxRegister (JmxRegister.java:tryRegister(44)) - Successfully registered JMX Bean with object name Ratis:service=RaftServer,group=group-FBA2FFBD4033,id=cb89d4f8-1878-4ef8-9b04-c29334c05cac
2019-06-13 23:39:54,161 INFO  pipeline.PipelineStateManager (PipelineStateManager.java:addPipeline(56)) - Created pipeline Pipeline[ Id: f83fcc70-9c41-4769-8a36-fba2ffbd4033, Nodes: cb89d4f8-1878-4ef8-9b04-c29334c05cac{ip: 192.168.105.138, host: ozone-g79bc-2755786375, networkLocation: /default-rack, certSerialId: null}, Type:RATIS, Factor:ONE, State:OPEN]
2019-06-13 23:39:54,419 INFO  node.SCMNodeManager (SCMNodeManager.java:register(234)) - Registered Data node : 47bcbdc1-c7e9-4920-9a84-4aada272adfe{ip: 192.168.105.138, host: ozone-g79bc-2755786375, networkLocation: /default-rack, certSerialId: null}
2019-06-13 23:39:54,433 INFO  impl.RaftServerProxy (RaftServerProxy.java:addNew(89)) - 47bcbdc1-c7e9-4920-9a84-4aada272adfe: addNew group-ACC6DF8556C1:[47bcbdc1-c7e9-4920-9a84-4aada272adfe:192.168.105.138:33305] returns group-ACC6DF8556C1:java.util.concurrent.CompletableFuture@677aee88[Not completed]
2019-06-13 23:39:54,434 INFO  impl.RaftServerImpl (RaftServerImpl.java:<init>(91)) - 47bcbdc1-c7e9-4920-9a84-4aada272adfe: new RaftServerImpl for group-ACC6DF8556C1:[47bcbdc1-c7e9-4920-9a84-4aada272adfe:192.168.105.138:33305] with ContainerStateMachine:uninitialized
2019-06-13 23:39:54,434 INFO  server.RaftServerConfigKeys (ConfUtils.java:logGet(43)) - raft.server.rpc.timeout.min = 1s (custom)
2019-06-13 23:39:54,434 INFO  server.RaftServerConfigKeys (ConfUtils.java:logGet(43)) - raft.server.rpc.timeout.max = 1200ms (custom)
2019-06-13 23:39:54,434 INFO  server.RaftServerConfigKeys (ConfUtils.java:logGet(43)) - raft.server.rpcslowness.timeout = 120s (custom)
2019-06-13 23:39:54,434 INFO  server.RaftServerConfigKeys (ConfUtils.java:logGet(43)) - raft.server.log.appender.install.snapshot.enabled = true (default)
2019-06-13 23:39:54,434 INFO  impl.RaftServerImpl (ServerState.java:<init>(101)) - 47bcbdc1-c7e9-4920-9a84-4aada272adfe:group-ACC6DF8556C1 ConfigurationManager, init=-1: [47bcbdc1-c7e9-4920-9a84-4aada272adfe:192.168.105.138:33305], old=null, confs=<EMPTY_MAP>
2019-06-13 23:39:54,435 INFO  server.RaftServerConfigKeys (ConfUtils.java:logGet(43)) - raft.server.storage.dir = [/opt/src/hadoop-ozone/integration-test/target/test-dir/MiniOzoneClusterImpl-1d9e95da-22ba-4a50-8191-63453bbdd52f/datanode-1/data/ratis] (custom)
2019-06-13 23:39:54,435 INFO  storage.RaftStorageDirectory (RaftStorageDirectory.java:analyzeStorage(246)) - The storage directory /opt/src/hadoop-ozone/integration-test/target/test-dir/MiniOzoneClusterImpl-1d9e95da-22ba-4a50-8191-63453bbdd52f/datanode-1/data/ratis/18ee7e8a-0c65-4b2f-a46d-acc6df8556c1 does not exist. Creating ...
2019-06-13 23:39:54,437 INFO  storage.RaftStorageDirectory (RaftStorageDirectory.java:tryLock(328)) - Lock on /opt/src/hadoop-ozone/integration-test/target/test-dir/MiniOzoneClusterImpl-1d9e95da-22ba-4a50-8191-63453bbdd52f/datanode-1/data/ratis/18ee7e8a-0c65-4b2f-a46d-acc6df8556c1/in_use.lock acquired by nodename 18810@ozone-g79bc-2755786375
2019-06-13 23:39:54,439 INFO  storage.RaftStorage (RaftStorage.java:format(75)) - Storage directory /opt/src/hadoop-ozone/integration-test/target/test-dir/MiniOzoneClusterImpl-1d9e95da-22ba-4a50-8191-63453bbdd52f/datanode-1/data/ratis/18ee7e8a-0c65-4b2f-a46d-acc6df8556c1 has been successfully formatted.
2019-06-13 23:39:54,439 INFO  ratis.ContainerStateMachine (ContainerStateMachine.java:loadSnapshot(199)) - The snapshot info is null.Setting the last applied index to:(t:0, i:~)
2019-06-13 23:39:54,439 INFO  server.RaftServerConfigKeys (ConfUtils.java:logGet(43)) - raft.server.leader.election.timeout = 120s (custom)
2019-06-13 23:39:54,440 INFO  server.RaftServerConfigKeys (ConfUtils.java:logGet(43)) - raft.server.log.use.memory = false (default)
2019-06-13 23:39:54,440 INFO  server.RaftServerConfigKeys (ConfUtils.java:logGet(43)) - raft.server.log.appender.buffer.byte-limit = 33554432 (custom)
2019-06-13 23:39:54,440 INFO  server.RaftServerConfigKeys (ConfUtils.java:logGet(43)) - raft.server.log.segment.size.max = 16384 (custom)
2019-06-13 23:39:54,440 INFO  server.RaftServerConfigKeys (ConfUtils.java:logGet(43)) - raft.server.log.segment.cache.num.max = 2 (custom)
2019-06-13 23:39:54,440 INFO  storage.RaftLogWorker (RaftLogWorker.java:<init>(123)) - new 47bcbdc1-c7e9-4920-9a84-4aada272adfe-RaftLogWorker for Storage Directory /opt/src/hadoop-ozone/integration-test/target/test-dir/MiniOzoneClusterImpl-1d9e95da-22ba-4a50-8191-63453bbdd52f/datanode-1/data/ratis/18ee7e8a-0c65-4b2f-a46d-acc6df8556c1
2019-06-13 23:39:54,440 INFO  server.RaftServerConfigKeys (ConfUtils.java:logGet(43)) - raft.server.log.queue.byte-limit = 2147483647 (custom)
2019-06-13 23:39:54,440 INFO  server.RaftServerConfigKeys (ConfUtils.java:logGet(43)) - raft.server.log.queue.element-limit = 1024 (custom)
2019-06-13 23:39:54,440 INFO  server.RaftServerConfigKeys (ConfUtils.java:logGet(43)) - raft.server.log.segment.size.max = 16384 (custom)
2019-06-13 23:39:54,440 INFO  server.RaftServerConfigKeys (ConfUtils.java:logGet(43)) - raft.server.log.preallocated.size = 16384 (custom)
2019-06-13 23:39:54,440 INFO  server.RaftServerConfigKeys (ConfUtils.java:logGet(43)) - raft.server.log.write.buffer.size = 33554432 (custom)
2019-06-13 23:39:54,440 INFO  server.RaftServerConfigKeys (ConfUtils.java:logGet(43)) - raft.server.log.force.sync.num = 128 (default)
2019-06-13 23:39:54,440 INFO  server.RaftServerConfigKeys (ConfUtils.java:logGet(43)) - raft.server.log.statemachine.data.sync = true (default)
2019-06-13 23:39:54,440 INFO  server.RaftServerConfigKeys (ConfUtils.java:logGet(43)) - raft.server.log.statemachine.data.sync.timeout = 10s (default)
2019-06-13 23:39:54,440 INFO  server.RaftServerConfigKeys (ConfUtils.java:logGet(43)) - raft.server.log.statemachine.data.sync.timeout.retry = -1 (default)
2019-06-13 23:39:54,440 INFO  server.RaftServerConfigKeys (ConfUtils.java:logGet(43)) - raft.server.log.statemachine.data.caching.enabled = true (custom)
2019-06-13 23:39:54,441 INFO  server.RaftServerConfigKeys (ConfUtils.java:logGet(43)) - raft.server.snapshot.auto.trigger.enabled = true (custom)
2019-06-13 23:39:54,441 INFO  server.RaftServerConfigKeys (ConfUtils.java:logGet(43)) - raft.server.snapshot.auto.trigger.threshold = 10000 (custom)
2019-06-13 23:39:54,441 INFO  server.RaftServerConfigKeys (ConfUtils.java:logGet(43)) - raft.server.retrycache.expirytime = 600000ms (custom)
2019-06-13 23:39:54,441 INFO  impl.RaftServerImpl (RaftServerImpl.java:start(173)) - 47bcbdc1-c7e9-4920-9a84-4aada272adfe: start group-ACC6DF8556C1
2019-06-13 23:39:54,441 INFO  impl.RaftServerImpl (RaftServerImpl.java:setRole(164)) - 47bcbdc1-c7e9-4920-9a84-4aada272adfe:group-ACC6DF8556C1 changes role from null to FOLLOWER at term 0 for startAsFollower
2019-06-13 23:39:54,441 INFO  impl.RoleInfo (RoleInfo.java:updateAndGet(143)) - 47bcbdc1-c7e9-4920-9a84-4aada272adfe: start FollowerState
2019-06-13 23:39:54,442 INFO  util.JmxRegister (JmxRegister.java:tryRegister(44)) - Successfully registered JMX Bean with object name Ratis:service=RaftServer,group=group-ACC6DF8556C1,id=47bcbdc1-c7e9-4920-9a84-4aada272adfe
2019-06-13 23:39:54,443 INFO  pipeline.PipelineStateManager (PipelineStateManager.java:addPipeline(56)) - Created pipeline Pipeline[ Id: 18ee7e8a-0c65-4b2f-a46d-acc6df8556c1, Nodes: 47bcbdc1-c7e9-4920-9a84-4aada272adfe{ip: 192.168.105.138, host: ozone-g79bc-2755786375, networkLocation: /default-rack, certSerialId: null}, Type:RATIS, Factor:ONE, State:OPEN]
2019-06-13 23:39:54,574 INFO  ozone.MiniOzoneClusterImpl (MiniOzoneClusterImpl.java:lambda$waitForClusterToBeReady$0(142)) - Waiting for cluster to be ready. Got 2 of 7 DN Heartbeats.
2019-06-13 23:39:54,614 INFO  node.SCMNodeManager (SCMNodeManager.java:register(234)) - Registered Data node : 1ea106d7-9b98-4cee-8ff6-7d75b64b893d{ip: 192.168.105.138, host: ozone-g79bc-2755786375, networkLocation: /default-rack, certSerialId: null}
2019-06-13 23:39:54,622 INFO  impl.RaftServerProxy (RaftServerProxy.java:addNew(89)) - 1ea106d7-9b98-4cee-8ff6-7d75b64b893d: addNew group-7CE3B2606FAF:[1ea106d7-9b98-4cee-8ff6-7d75b64b893d:192.168.105.138:45495] returns group-7CE3B2606FAF:java.util.concurrent.CompletableFuture@1ca40e63[Not completed]
2019-06-13 23:39:54,623 INFO  impl.RaftServerImpl (RaftServerImpl.java:<init>(91)) - 1ea106d7-9b98-4cee-8ff6-7d75b64b893d: new RaftServerImpl for group-7CE3B2606FAF:[1ea106d7-9b98-4cee-8ff6-7d75b64b893d:192.168.105.138:45495] with ContainerStateMachine:uninitialized
2019-06-13 23:39:54,623 INFO  server.RaftServerConfigKeys (ConfUtils.java:logGet(43)) - raft.server.rpc.timeout.min = 1s (custom)
2019-06-13 23:39:54,623 INFO  server.RaftServerConfigKeys (ConfUtils.java:logGet(43)) - raft.server.rpc.timeout.max = 1200ms (custom)
2019-06-13 23:39:54,623 INFO  server.RaftServerConfigKeys (ConfUtils.java:logGet(43)) - raft.server.rpcslowness.timeout = 120s (custom)
2019-06-13 23:39:54,623 INFO  server.RaftServerConfigKeys (ConfUtils.java:logGet(43)) - raft.server.log.appender.install.snapshot.enabled = true (default)
2019-06-13 23:39:54,623 INFO  impl.RaftServerImpl (ServerState.java:<init>(101)) - 1ea106d7-9b98-4cee-8ff6-7d75b64b893d:group-7CE3B2606FAF ConfigurationManager, init=-1: [1ea106d7-9b98-4cee-8ff6-7d75b64b893d:192.168.105.138:45495], old=null, confs=<EMPTY_MAP>
2019-06-13 23:39:54,623 INFO  server.RaftServerConfigKeys (ConfUtils.java:logGet(43)) - raft.server.storage.dir = [/opt/src/hadoop-ozone/integration-test/target/test-dir/MiniOzoneClusterImpl-1d9e95da-22ba-4a50-8191-63453bbdd52f/datanode-2/data/ratis] (custom)
2019-06-13 23:39:54,624 INFO  storage.RaftStorageDirectory (RaftStorageDirectory.java:analyzeStorage(246)) - The storage directory /opt/src/hadoop-ozone/integration-test/target/test-dir/MiniOzoneClusterImpl-1d9e95da-22ba-4a50-8191-63453bbdd52f/datanode-2/data/ratis/48012678-7b38-448d-932e-7ce3b2606faf does not exist. Creating ...
2019-06-13 23:39:54,626 INFO  storage.RaftStorageDirectory (RaftStorageDirectory.java:tryLock(328)) - Lock on /opt/src/hadoop-ozone/integration-test/target/test-dir/MiniOzoneClusterImpl-1d9e95da-22ba-4a50-8191-63453bbdd52f/datanode-2/data/ratis/48012678-7b38-448d-932e-7ce3b2606faf/in_use.lock acquired by nodename 18810@ozone-g79bc-2755786375
2019-06-13 23:39:54,628 INFO  storage.RaftStorage (RaftStorage.java:format(75)) - Storage directory /opt/src/hadoop-ozone/integration-test/target/test-dir/MiniOzoneClusterImpl-1d9e95da-22ba-4a50-8191-63453bbdd52f/datanode-2/data/ratis/48012678-7b38-448d-932e-7ce3b2606faf has been successfully formatted.
2019-06-13 23:39:54,628 INFO  ratis.ContainerStateMachine (ContainerStateMachine.java:loadSnapshot(199)) - The snapshot info is null.Setting the last applied index to:(t:0, i:~)
2019-06-13 23:39:54,628 INFO  server.RaftServerConfigKeys (ConfUtils.java:logGet(43)) - raft.server.leader.election.timeout = 120s (custom)
2019-06-13 23:39:54,628 INFO  server.RaftServerConfigKeys (ConfUtils.java:logGet(43)) - raft.server.log.use.memory = false (default)
2019-06-13 23:39:54,628 INFO  server.RaftServerConfigKeys (ConfUtils.java:logGet(43)) - raft.server.log.appender.buffer.byte-limit = 33554432 (custom)
2019-06-13 23:39:54,629 INFO  server.RaftServerConfigKeys (ConfUtils.java:logGet(43)) - raft.server.log.segment.size.max = 16384 (custom)
2019-06-13 23:39:54,629 INFO  server.RaftServerConfigKeys (ConfUtils.java:logGet(43)) - raft.server.log.segment.cache.num.max = 2 (custom)
2019-06-13 23:39:54,629 INFO  storage.RaftLogWorker (RaftLogWorker.java:<init>(123)) - new 1ea106d7-9b98-4cee-8ff6-7d75b64b893d-RaftLogWorker for Storage Directory /opt/src/hadoop-ozone/integration-test/target/test-dir/MiniOzoneClusterImpl-1d9e95da-22ba-4a50-8191-63453bbdd52f/datanode-2/data/ratis/48012678-7b38-448d-932e-7ce3b2606faf
2019-06-13 23:39:54,629 INFO  server.RaftServerConfigKeys (ConfUtils.java:logGet(43)) - raft.server.log.queue.byte-limit = 2147483647 (custom)
2019-06-13 23:39:54,629 INFO  server.RaftServerConfigKeys (ConfUtils.java:logGet(43)) - raft.server.log.queue.element-limit = 1024 (custom)
2019-06-13 23:39:54,629 INFO  server.RaftServerConfigKeys (ConfUtils.java:logGet(43)) - raft.server.log.segment.size.max = 16384 (custom)
2019-06-13 23:39:54,629 INFO  server.RaftServerConfigKeys (ConfUtils.java:logGet(43)) - raft.server.log.preallocated.size = 16384 (custom)
2019-06-13 23:39:54,629 INFO  server.RaftServerConfigKeys (ConfUtils.java:logGet(43)) - raft.server.log.write.buffer.size = 33554432 (custom)
2019-06-13 23:39:54,629 INFO  server.RaftServerConfigKeys (ConfUtils.java:logGet(43)) - raft.server.log.force.sync.num = 128 (default)
2019-06-13 23:39:54,629 INFO  server.RaftServerConfigKeys (ConfUtils.java:logGet(43)) - raft.server.log.statemachine.data.sync = true (default)
2019-06-13 23:39:54,629 INFO  server.RaftServerConfigKeys (ConfUtils.java:logGet(43)) - raft.server.log.statemachine.data.sync.timeout = 10s (default)
2019-06-13 23:39:54,629 INFO  server.RaftServerConfigKeys (ConfUtils.java:logGet(43)) - raft.server.log.statemachine.data.sync.timeout.retry = -1 (default)
2019-06-13 23:39:54,629 INFO  server.RaftServerConfigKeys (ConfUtils.java:logGet(43)) - raft.server.log.statemachine.data.caching.enabled = true (custom)
2019-06-13 23:39:54,630 INFO  server.RaftServerConfigKeys (ConfUtils.java:logGet(43)) - raft.server.snapshot.auto.trigger.enabled = true (custom)
2019-06-13 23:39:54,630 INFO  server.RaftServerConfigKeys (ConfUtils.java:logGet(43)) - raft.server.snapshot.auto.trigger.threshold = 10000 (custom)
2019-06-13 23:39:54,630 INFO  server.RaftServerConfigKeys (ConfUtils.java:logGet(43)) - raft.server.retrycache.expirytime = 600000ms (custom)
2019-06-13 23:39:54,630 INFO  impl.RaftServerImpl (RaftServerImpl.java:start(173)) - 1ea106d7-9b98-4cee-8ff6-7d75b64b893d: start group-7CE3B2606FAF
2019-06-13 23:39:54,630 INFO  impl.RaftServerImpl (RaftServerImpl.java:setRole(164)) - 1ea106d7-9b98-4cee-8ff6-7d75b64b893d:group-7CE3B2606FAF changes role from null to FOLLOWER at term 0 for startAsFollower
2019-06-13 23:39:54,630 INFO  impl.RoleInfo (RoleInfo.java:updateAndGet(143)) - 1ea106d7-9b98-4cee-8ff6-7d75b64b893d: start FollowerState
2019-06-13 23:39:54,630 INFO  util.JmxRegister (JmxRegister.java:tryRegister(44)) - Successfully registered JMX Bean with object name Ratis:service=RaftServer,group=group-7CE3B2606FAF,id=1ea106d7-9b98-4cee-8ff6-7d75b64b893d
2019-06-13 23:39:54,632 INFO  pipeline.PipelineStateManager (PipelineStateManager.java:addPipeline(56)) - Created pipeline Pipeline[ Id: 48012678-7b38-448d-932e-7ce3b2606faf, Nodes: 1ea106d7-9b98-4cee-8ff6-7d75b64b893d{ip: 192.168.105.138, host: ozone-g79bc-2755786375, networkLocation: /default-rack, certSerialId: null}, Type:RATIS, Factor:ONE, State:OPEN]
2019-06-13 23:39:54,644 INFO  impl.RaftServerProxy (RaftServerProxy.java:addNew(89)) - 1ea106d7-9b98-4cee-8ff6-7d75b64b893d: addNew group-EBBCCC61E3CC:[cb89d4f8-1878-4ef8-9b04-c29334c05cac:192.168.105.138:39229, 1ea106d7-9b98-4cee-8ff6-7d75b64b893d:192.168.105.138:45495, 47bcbdc1-c7e9-4920-9a84-4aada272adfe:192.168.105.138:33305] returns group-EBBCCC61E3CC:java.util.concurrent.CompletableFuture@4d6a584b[Not completed]
2019-06-13 23:39:54,645 INFO  impl.RaftServerImpl (RaftServerImpl.java:<init>(91)) - 1ea106d7-9b98-4cee-8ff6-7d75b64b893d: new RaftServerImpl for group-EBBCCC61E3CC:[cb89d4f8-1878-4ef8-9b04-c29334c05cac:192.168.105.138:39229, 1ea106d7-9b98-4cee-8ff6-7d75b64b893d:192.168.105.138:45495, 47bcbdc1-c7e9-4920-9a84-4aada272adfe:192.168.105.138:33305] with ContainerStateMachine:uninitialized
2019-06-13 23:39:54,645 INFO  server.RaftServerConfigKeys (ConfUtils.java:logGet(43)) - raft.server.rpc.timeout.min = 1s (custom)
2019-06-13 23:39:54,645 INFO  impl.RaftServerProxy (RaftServerProxy.java:addNew(89)) - 47bcbdc1-c7e9-4920-9a84-4aada272adfe: addNew group-EBBCCC61E3CC:[cb89d4f8-1878-4ef8-9b04-c29334c05cac:192.168.105.138:39229, 1ea106d7-9b98-4cee-8ff6-7d75b64b893d:192.168.105.138:45495, 47bcbdc1-c7e9-4920-9a84-4aada272adfe:192.168.105.138:33305] returns group-EBBCCC61E3CC:java.util.concurrent.CompletableFuture@322dec71[Not completed]
2019-06-13 23:39:54,645 INFO  server.RaftServerConfigKeys (ConfUtils.java:logGet(43)) - raft.server.rpc.timeout.max = 1200ms (custom)
2019-06-13 23:39:54,646 INFO  server.RaftServerConfigKeys (ConfUtils.java:logGet(43)) - raft.server.rpcslowness.timeout = 120s (custom)
2019-06-13 23:39:54,646 INFO  server.RaftServerConfigKeys (ConfUtils.java:logGet(43)) - raft.server.log.appender.install.snapshot.enabled = true (default)
2019-06-13 23:39:54,646 INFO  impl.RaftServerImpl (ServerState.java:<init>(101)) - 1ea106d7-9b98-4cee-8ff6-7d75b64b893d:group-EBBCCC61E3CC ConfigurationManager, init=-1: [cb89d4f8-1878-4ef8-9b04-c29334c05cac:192.168.105.138:39229, 1ea106d7-9b98-4cee-8ff6-7d75b64b893d:192.168.105.138:45495, 47bcbdc1-c7e9-4920-9a84-4aada272adfe:192.168.105.138:33305], old=null, confs=<EMPTY_MAP>
2019-06-13 23:39:54,646 INFO  server.RaftServerConfigKeys (ConfUtils.java:logGet(43)) - raft.server.storage.dir = [/opt/src/hadoop-ozone/integration-test/target/test-dir/MiniOzoneClusterImpl-1d9e95da-22ba-4a50-8191-63453bbdd52f/datanode-2/data/ratis] (custom)
2019-06-13 23:39:54,646 INFO  impl.RaftServerImpl (RaftServerImpl.java:<init>(91)) - 47bcbdc1-c7e9-4920-9a84-4aada272adfe: new RaftServerImpl for group-EBBCCC61E3CC:[cb89d4f8-1878-4ef8-9b04-c29334c05cac:192.168.105.138:39229, 1ea106d7-9b98-4cee-8ff6-7d75b64b893d:192.168.105.138:45495, 47bcbdc1-c7e9-4920-9a84-4aada272adfe:192.168.105.138:33305] with ContainerStateMachine:uninitialized
2019-06-13 23:39:54,646 INFO  server.RaftServerConfigKeys (ConfUtils.java:logGet(43)) - raft.server.rpc.timeout.min = 1s (custom)
2019-06-13 23:39:54,646 INFO  storage.RaftStorageDirectory (RaftStorageDirectory.java:analyzeStorage(246)) - The storage directory /opt/src/hadoop-ozone/integration-test/target/test-dir/MiniOzoneClusterImpl-1d9e95da-22ba-4a50-8191-63453bbdd52f/datanode-2/data/ratis/15fd50c9-ba40-4150-9b3b-ebbccc61e3cc does not exist. Creating ...
2019-06-13 23:39:54,646 INFO  server.RaftServerConfigKeys (ConfUtils.java:logGet(43)) - raft.server.rpc.timeout.max = 1200ms (custom)
2019-06-13 23:39:54,646 INFO  server.RaftServerConfigKeys (ConfUtils.java:logGet(43)) - raft.server.rpcslowness.timeout = 120s (custom)
2019-06-13 23:39:54,646 INFO  server.RaftServerConfigKeys (ConfUtils.java:logGet(43)) - raft.server.log.appender.install.snapshot.enabled = true (default)
2019-06-13 23:39:54,647 INFO  impl.RaftServerImpl (ServerState.java:<init>(101)) - 47bcbdc1-c7e9-4920-9a84-4aada272adfe:group-EBBCCC61E3CC ConfigurationManager, init=-1: [cb89d4f8-1878-4ef8-9b04-c29334c05cac:192.168.105.138:39229, 1ea106d7-9b98-4cee-8ff6-7d75b64b893d:192.168.105.138:45495, 47bcbdc1-c7e9-4920-9a84-4aada272adfe:192.168.105.138:33305], old=null, confs=<EMPTY_MAP>
2019-06-13 23:39:54,647 INFO  server.RaftServerConfigKeys (ConfUtils.java:logGet(43)) - raft.server.storage.dir = [/opt/src/hadoop-ozone/integration-test/target/test-dir/MiniOzoneClusterImpl-1d9e95da-22ba-4a50-8191-63453bbdd52f/datanode-1/data/ratis] (custom)
2019-06-13 23:39:54,647 INFO  storage.RaftStorageDirectory (RaftStorageDirectory.java:analyzeStorage(246)) - The storage directory /opt/src/hadoop-ozone/integration-test/target/test-dir/MiniOzoneClusterImpl-1d9e95da-22ba-4a50-8191-63453bbdd52f/datanode-1/data/ratis/15fd50c9-ba40-4150-9b3b-ebbccc61e3cc does not exist. Creating ...
2019-06-13 23:39:54,648 INFO  impl.RaftServerProxy (RaftServerProxy.java:addNew(89)) - cb89d4f8-1878-4ef8-9b04-c29334c05cac: addNew group-EBBCCC61E3CC:[cb89d4f8-1878-4ef8-9b04-c29334c05cac:192.168.105.138:39229, 1ea106d7-9b98-4cee-8ff6-7d75b64b893d:192.168.105.138:45495, 47bcbdc1-c7e9-4920-9a84-4aada272adfe:192.168.105.138:33305] returns group-EBBCCC61E3CC:java.util.concurrent.CompletableFuture@2b774a65[Not completed]
2019-06-13 23:39:54,648 INFO  impl.RaftServerImpl (RaftServerImpl.java:<init>(91)) - cb89d4f8-1878-4ef8-9b04-c29334c05cac: new RaftServerImpl for group-EBBCCC61E3CC:[cb89d4f8-1878-4ef8-9b04-c29334c05cac:192.168.105.138:39229, 1ea106d7-9b98-4cee-8ff6-7d75b64b893d:192.168.105.138:45495, 47bcbdc1-c7e9-4920-9a84-4aada272adfe:192.168.105.138:33305] with ContainerStateMachine:uninitialized
2019-06-13 23:39:54,648 INFO  server.RaftServerConfigKeys (ConfUtils.java:logGet(43)) - raft.server.rpc.timeout.min = 1s (custom)
2019-06-13 23:39:54,648 INFO  storage.RaftStorageDirectory (RaftStorageDirectory.java:tryLock(328)) - Lock on /opt/src/hadoop-ozone/integration-test/target/test-dir/MiniOzoneClusterImpl-1d9e95da-22ba-4a50-8191-63453bbdd52f/datanode-1/data/ratis/15fd50c9-ba40-4150-9b3b-ebbccc61e3cc/in_use.lock acquired by nodename 18810@ozone-g79bc-2755786375
2019-06-13 23:39:54,648 INFO  storage.RaftStorageDirectory (RaftStorageDirectory.java:tryLock(328)) - Lock on /opt/src/hadoop-ozone/integration-test/target/test-dir/MiniOzoneClusterImpl-1d9e95da-22ba-4a50-8191-63453bbdd52f/datanode-2/data/ratis/15fd50c9-ba40-4150-9b3b-ebbccc61e3cc/in_use.lock acquired by nodename 18810@ozone-g79bc-2755786375
2019-06-13 23:39:54,648 INFO  server.RaftServerConfigKeys (ConfUtils.java:logGet(43)) - raft.server.rpc.timeout.max = 1200ms (custom)
2019-06-13 23:39:54,649 INFO  server.RaftServerConfigKeys (ConfUtils.java:logGet(43)) - raft.server.rpcslowness.timeout = 120s (custom)
2019-06-13 23:39:54,649 INFO  server.RaftServerConfigKeys (ConfUtils.java:logGet(43)) - raft.server.log.appender.install.snapshot.enabled = true (default)
2019-06-13 23:39:54,649 INFO  impl.RaftServerImpl (ServerState.java:<init>(101)) - cb89d4f8-1878-4ef8-9b04-c29334c05cac:group-EBBCCC61E3CC ConfigurationManager, init=-1: [cb89d4f8-1878-4ef8-9b04-c29334c05cac:192.168.105.138:39229, 1ea106d7-9b98-4cee-8ff6-7d75b64b893d:192.168.105.138:45495, 47bcbdc1-c7e9-4920-9a84-4aada272adfe:192.168.105.138:33305], old=null, confs=<EMPTY_MAP>
2019-06-13 23:39:54,649 INFO  server.RaftServerConfigKeys (ConfUtils.java:logGet(43)) - raft.server.storage.dir = [/opt/src/hadoop-ozone/integration-test/target/test-dir/MiniOzoneClusterImpl-1d9e95da-22ba-4a50-8191-63453bbdd52f/datanode-0/data/ratis] (custom)
2019-06-13 23:39:54,649 INFO  storage.RaftStorageDirectory (RaftStorageDirectory.java:analyzeStorage(246)) - The storage directory /opt/src/hadoop-ozone/integration-test/target/test-dir/MiniOzoneClusterImpl-1d9e95da-22ba-4a50-8191-63453bbdd52f/datanode-0/data/ratis/15fd50c9-ba40-4150-9b3b-ebbccc61e3cc does not exist. Creating ...
2019-06-13 23:39:54,651 INFO  storage.RaftStorage (RaftStorage.java:format(75)) - Storage directory /opt/src/hadoop-ozone/integration-test/target/test-dir/MiniOzoneClusterImpl-1d9e95da-22ba-4a50-8191-63453bbdd52f/datanode-2/data/ratis/15fd50c9-ba40-4150-9b3b-ebbccc61e3cc has been successfully formatted.
2019-06-13 23:39:54,651 INFO  ratis.ContainerStateMachine (ContainerStateMachine.java:loadSnapshot(199)) - The snapshot info is null.Setting the last applied index to:(t:0, i:~)
2019-06-13 23:39:54,651 INFO  server.RaftServerConfigKeys (ConfUtils.java:logGet(43)) - raft.server.leader.election.timeout = 120s (custom)
2019-06-13 23:39:54,651 INFO  server.RaftServerConfigKeys (ConfUtils.java:logGet(43)) - raft.server.log.use.memory = false (default)
2019-06-13 23:39:54,651 INFO  server.RaftServerConfigKeys (ConfUtils.java:logGet(43)) - raft.server.log.appender.buffer.byte-limit = 33554432 (custom)
2019-06-13 23:39:54,651 INFO  server.RaftServerConfigKeys (ConfUtils.java:logGet(43)) - raft.server.log.segment.size.max = 16384 (custom)
2019-06-13 23:39:54,651 INFO  server.RaftServerConfigKeys (ConfUtils.java:logGet(43)) - raft.server.log.segment.cache.num.max = 2 (custom)
2019-06-13 23:39:54,651 INFO  storage.RaftLogWorker (RaftLogWorker.java:<init>(123)) - new 1ea106d7-9b98-4cee-8ff6-7d75b64b893d-RaftLogWorker for Storage Directory /opt/src/hadoop-ozone/integration-test/target/test-dir/MiniOzoneClusterImpl-1d9e95da-22ba-4a50-8191-63453bbdd52f/datanode-2/data/ratis/15fd50c9-ba40-4150-9b3b-ebbccc61e3cc
2019-06-13 23:39:54,651 INFO  server.RaftServerConfigKeys (ConfUtils.java:logGet(43)) - raft.server.log.queue.byte-limit = 2147483647 (custom)
2019-06-13 23:39:54,651 INFO  server.RaftServerConfigKeys (ConfUtils.java:logGet(43)) - raft.server.log.queue.element-limit = 1024 (custom)
2019-06-13 23:39:54,652 INFO  server.RaftServerConfigKeys (ConfUtils.java:logGet(43)) - raft.server.log.segment.size.max = 16384 (custom)
2019-06-13 23:39:54,652 INFO  server.RaftServerConfigKeys (ConfUtils.java:logGet(43)) - raft.server.log.preallocated.size = 16384 (custom)
2019-06-13 23:39:54,652 INFO  server.RaftServerConfigKeys (ConfUtils.java:logGet(43)) - raft.server.log.write.buffer.size = 33554432 (custom)
2019-06-13 23:39:54,652 INFO  server.RaftServerConfigKeys (ConfUtils.java:logGet(43)) - raft.server.log.force.sync.num = 128 (default)
2019-06-13 23:39:54,652 INFO  server.RaftServerConfigKeys (ConfUtils.java:logGet(43)) - raft.server.log.statemachine.data.sync = true (default)
2019-06-13 23:39:54,652 INFO  server.RaftServerConfigKeys (ConfUtils.java:logGet(43)) - raft.server.log.statemachine.data.sync.timeout = 10s (default)
2019-06-13 23:39:54,652 INFO  server.RaftServerConfigKeys (ConfUtils.java:logGet(43)) - raft.server.log.statemachine.data.sync.timeout.retry = -1 (default)
2019-06-13 23:39:54,652 INFO  storage.RaftStorageDirectory (RaftStorageDirectory.java:tryLock(328)) - Lock on /opt/src/hadoop-ozone/integration-test/target/test-dir/MiniOzoneClusterImpl-1d9e95da-22ba-4a50-8191-63453bbdd52f/datanode-0/data/ratis/15fd50c9-ba40-4150-9b3b-ebbccc61e3cc/in_use.lock acquired by nodename 18810@ozone-g79bc-2755786375
2019-06-13 23:39:54,652 INFO  storage.RaftStorage (RaftStorage.java:format(75)) - Storage directory /opt/src/hadoop-ozone/integration-test/target/test-dir/MiniOzoneClusterImpl-1d9e95da-22ba-4a50-8191-63453bbdd52f/datanode-1/data/ratis/15fd50c9-ba40-4150-9b3b-ebbccc61e3cc has been successfully formatted.
2019-06-13 23:39:54,652 INFO  ratis.ContainerStateMachine (ContainerStateMachine.java:loadSnapshot(199)) - The snapshot info is null.Setting the last applied index to:(t:0, i:~)
2019-06-13 23:39:54,652 INFO  server.RaftServerConfigKeys (ConfUtils.java:logGet(43)) - raft.server.leader.election.timeout = 120s (custom)
2019-06-13 23:39:54,652 INFO  server.RaftServerConfigKeys (ConfUtils.java:logGet(43)) - raft.server.log.use.memory = false (default)
2019-06-13 23:39:54,653 INFO  server.RaftServerConfigKeys (ConfUtils.java:logGet(43)) - raft.server.log.appender.buffer.byte-limit = 33554432 (custom)
2019-06-13 23:39:54,653 INFO  server.RaftServerConfigKeys (ConfUtils.java:logGet(43)) - raft.server.log.segment.size.max = 16384 (custom)
2019-06-13 23:39:54,653 INFO  server.RaftServerConfigKeys (ConfUtils.java:logGet(43)) - raft.server.log.segment.cache.num.max = 2 (custom)
2019-06-13 23:39:54,653 INFO  storage.RaftLogWorker (RaftLogWorker.java:<init>(123)) - new 47bcbdc1-c7e9-4920-9a84-4aada272adfe-RaftLogWorker for Storage Directory /opt/src/hadoop-ozone/integration-test/target/test-dir/MiniOzoneClusterImpl-1d9e95da-22ba-4a50-8191-63453bbdd52f/datanode-1/data/ratis/15fd50c9-ba40-4150-9b3b-ebbccc61e3cc
2019-06-13 23:39:54,653 INFO  server.RaftServerConfigKeys (ConfUtils.java:logGet(43)) - raft.server.log.queue.byte-limit = 2147483647 (custom)
2019-06-13 23:39:54,653 INFO  server.RaftServerConfigKeys (ConfUtils.java:logGet(43)) - raft.server.log.queue.element-limit = 1024 (custom)
2019-06-13 23:39:54,653 INFO  server.RaftServerConfigKeys (ConfUtils.java:logGet(43)) - raft.server.log.segment.size.max = 16384 (custom)
2019-06-13 23:39:54,653 INFO  server.RaftServerConfigKeys (ConfUtils.java:logGet(43)) - raft.server.log.preallocated.size = 16384 (custom)
2019-06-13 23:39:54,653 INFO  server.RaftServerConfigKeys (ConfUtils.java:logGet(43)) - raft.server.log.write.buffer.size = 33554432 (custom)
2019-06-13 23:39:54,653 INFO  server.RaftServerConfigKeys (ConfUtils.java:logGet(43)) - raft.server.log.force.sync.num = 128 (default)
2019-06-13 23:39:54,652 INFO  server.RaftServerConfigKeys (ConfUtils.java:logGet(43)) - raft.server.log.statemachine.data.caching.enabled = true (custom)
2019-06-13 23:39:54,653 INFO  server.RaftServerConfigKeys (ConfUtils.java:logGet(43)) - raft.server.log.statemachine.data.sync = true (default)
2019-06-13 23:39:54,653 INFO  server.RaftServerConfigKeys (ConfUtils.java:logGet(43)) - raft.server.log.statemachine.data.sync.timeout = 10s (default)
2019-06-13 23:39:54,654 INFO  server.RaftServerConfigKeys (ConfUtils.java:logGet(43)) - raft.server.log.statemachine.data.sync.timeout.retry = -1 (default)
2019-06-13 23:39:54,654 INFO  server.RaftServerConfigKeys (ConfUtils.java:logGet(43)) - raft.server.log.statemachine.data.caching.enabled = true (custom)
2019-06-13 23:39:54,654 INFO  server.RaftServerConfigKeys (ConfUtils.java:logGet(43)) - raft.server.snapshot.auto.trigger.enabled = true (custom)
2019-06-13 23:39:54,654 INFO  server.RaftServerConfigKeys (ConfUtils.java:logGet(43)) - raft.server.snapshot.auto.trigger.threshold = 10000 (custom)
2019-06-13 23:39:54,654 INFO  server.RaftServerConfigKeys (ConfUtils.java:logGet(43)) - raft.server.snapshot.auto.trigger.enabled = true (custom)
2019-06-13 23:39:54,654 INFO  server.RaftServerConfigKeys (ConfUtils.java:logGet(43)) - raft.server.retrycache.expirytime = 600000ms (custom)
2019-06-13 23:39:54,654 INFO  storage.RaftStorage (RaftStorage.java:format(75)) - Storage directory /opt/src/hadoop-ozone/integration-test/target/test-dir/MiniOzoneClusterImpl-1d9e95da-22ba-4a50-8191-63453bbdd52f/datanode-0/data/ratis/15fd50c9-ba40-4150-9b3b-ebbccc61e3cc has been successfully formatted.
2019-06-13 23:39:54,654 INFO  server.RaftServerConfigKeys (ConfUtils.java:logGet(43)) - raft.server.snapshot.auto.trigger.threshold = 10000 (custom)
2019-06-13 23:39:54,655 INFO  ratis.ContainerStateMachine (ContainerStateMachine.java:loadSnapshot(199)) - The snapshot info is null.Setting the last applied index to:(t:0, i:~)
2019-06-13 23:39:54,654 INFO  impl.RaftServerImpl (RaftServerImpl.java:start(173)) - 47bcbdc1-c7e9-4920-9a84-4aada272adfe: start group-EBBCCC61E3CC
2019-06-13 23:39:54,655 INFO  server.RaftServerConfigKeys (ConfUtils.java:logGet(43)) - raft.server.leader.election.timeout = 120s (custom)
2019-06-13 23:39:54,655 INFO  server.RaftServerConfigKeys (ConfUtils.java:logGet(43)) - raft.server.retrycache.expirytime = 600000ms (custom)
2019-06-13 23:39:54,655 INFO  server.RaftServerConfigKeys (ConfUtils.java:logGet(43)) - raft.server.log.use.memory = false (default)
2019-06-13 23:39:54,655 INFO  impl.RaftServerImpl (RaftServerImpl.java:setRole(164)) - 47bcbdc1-c7e9-4920-9a84-4aada272adfe:group-EBBCCC61E3CC changes role from null to FOLLOWER at term 0 for startAsFollower
2019-06-13 23:39:54,655 INFO  server.RaftServerConfigKeys (ConfUtils.java:logGet(43)) - raft.server.log.appender.buffer.byte-limit = 33554432 (custom)
2019-06-13 23:39:54,655 INFO  impl.RaftServerImpl (RaftServerImpl.java:start(173)) - 1ea106d7-9b98-4cee-8ff6-7d75b64b893d: start group-EBBCCC61E3CC
2019-06-13 23:39:54,655 INFO  server.RaftServerConfigKeys (ConfUtils.java:logGet(43)) - raft.server.log.segment.size.max = 16384 (custom)
2019-06-13 23:39:54,655 INFO  impl.RoleInfo (RoleInfo.java:updateAndGet(143)) - 47bcbdc1-c7e9-4920-9a84-4aada272adfe: start FollowerState
2019-06-13 23:39:54,655 INFO  server.RaftServerConfigKeys (ConfUtils.java:logGet(43)) - raft.server.log.segment.cache.num.max = 2 (custom)
2019-06-13 23:39:54,656 INFO  storage.RaftLogWorker (RaftLogWorker.java:<init>(123)) - new cb89d4f8-1878-4ef8-9b04-c29334c05cac-RaftLogWorker for Storage Directory /opt/src/hadoop-ozone/integration-test/target/test-dir/MiniOzoneClusterImpl-1d9e95da-22ba-4a50-8191-63453bbdd52f/datanode-0/data/ratis/15fd50c9-ba40-4150-9b3b-ebbccc61e3cc
2019-06-13 23:39:54,656 INFO  server.RaftServerConfigKeys (ConfUtils.java:logGet(43)) - raft.server.log.queue.byte-limit = 2147483647 (custom)
2019-06-13 23:39:54,655 INFO  impl.RaftServerImpl (RaftServerImpl.java:setRole(164)) - 1ea106d7-9b98-4cee-8ff6-7d75b64b893d:group-EBBCCC61E3CC changes role from null to FOLLOWER at term 0 for startAsFollower
2019-06-13 23:39:54,656 INFO  server.RaftServerConfigKeys (ConfUtils.java:logGet(43)) - raft.server.log.queue.element-limit = 1024 (custom)
2019-06-13 23:39:54,656 INFO  util.JmxRegister (JmxRegister.java:tryRegister(44)) - Successfully registered JMX Bean with object name Ratis:service=RaftServer,group=group-EBBCCC61E3CC,id=47bcbdc1-c7e9-4920-9a84-4aada272adfe
2019-06-13 23:39:54,656 INFO  server.RaftServerConfigKeys (ConfUtils.java:logGet(43)) - raft.server.log.segment.size.max = 16384 (custom)
2019-06-13 23:39:54,656 INFO  server.RaftServerConfigKeys (ConfUtils.java:logGet(43)) - raft.server.log.preallocated.size = 16384 (custom)
2019-06-13 23:39:54,656 INFO  server.RaftServerConfigKeys (ConfUtils.java:logGet(43)) - raft.server.log.write.buffer.size = 33554432 (custom)
2019-06-13 23:39:54,656 INFO  impl.RoleInfo (RoleInfo.java:updateAndGet(143)) - 1ea106d7-9b98-4cee-8ff6-7d75b64b893d: start FollowerState
2019-06-13 23:39:54,656 INFO  server.RaftServerConfigKeys (ConfUtils.java:logGet(43)) - raft.server.log.force.sync.num = 128 (default)
2019-06-13 23:39:54,656 INFO  server.RaftServerConfigKeys (ConfUtils.java:logGet(43)) - raft.server.log.statemachine.data.sync = true (default)
2019-06-13 23:39:54,657 INFO  server.RaftServerConfigKeys (ConfUtils.java:logGet(43)) - raft.server.log.statemachine.data.sync.timeout = 10s (default)
2019-06-13 23:39:54,657 INFO  server.RaftServerConfigKeys (ConfUtils.java:logGet(43)) - raft.server.log.statemachine.data.sync.timeout.retry = -1 (default)
2019-06-13 23:39:54,657 INFO  server.RaftServerConfigKeys (ConfUtils.java:logGet(43)) - raft.server.log.statemachine.data.caching.enabled = true (custom)
2019-06-13 23:39:54,658 INFO  server.RaftServerConfigKeys (ConfUtils.java:logGet(43)) - raft.server.snapshot.auto.trigger.enabled = true (custom)
2019-06-13 23:39:54,658 INFO  server.RaftServerConfigKeys (ConfUtils.java:logGet(43)) - raft.server.snapshot.auto.trigger.threshold = 10000 (custom)
2019-06-13 23:39:54,658 INFO  server.RaftServerConfigKeys (ConfUtils.java:logGet(43)) - raft.server.retrycache.expirytime = 600000ms (custom)
2019-06-13 23:39:54,658 INFO  impl.RaftServerImpl (RaftServerImpl.java:start(173)) - cb89d4f8-1878-4ef8-9b04-c29334c05cac: start group-EBBCCC61E3CC
2019-06-13 23:39:54,658 INFO  impl.RaftServerImpl (RaftServerImpl.java:setRole(164)) - cb89d4f8-1878-4ef8-9b04-c29334c05cac:group-EBBCCC61E3CC changes role from null to FOLLOWER at term 0 for startAsFollower
2019-06-13 23:39:54,657 INFO  util.JmxRegister (JmxRegister.java:tryRegister(44)) - Successfully registered JMX Bean with object name Ratis:service=RaftServer,group=group-EBBCCC61E3CC,id=1ea106d7-9b98-4cee-8ff6-7d75b64b893d
2019-06-13 23:39:54,658 INFO  impl.RoleInfo (RoleInfo.java:updateAndGet(143)) - cb89d4f8-1878-4ef8-9b04-c29334c05cac: start FollowerState
2019-06-13 23:39:54,659 INFO  util.JmxRegister (JmxRegister.java:tryRegister(44)) - Successfully registered JMX Bean with object name Ratis:service=RaftServer,group=group-EBBCCC61E3CC,id=cb89d4f8-1878-4ef8-9b04-c29334c05cac
2019-06-13 23:39:54,665 INFO  pipeline.PipelineStateManager (PipelineStateManager.java:addPipeline(56)) - Created pipeline Pipeline[ Id: 15fd50c9-ba40-4150-9b3b-ebbccc61e3cc, Nodes: 47bcbdc1-c7e9-4920-9a84-4aada272adfe{ip: 192.168.105.138, host: ozone-g79bc-2755786375, networkLocation: /default-rack, certSerialId: null}1ea106d7-9b98-4cee-8ff6-7d75b64b893d{ip: 192.168.105.138, host: ozone-g79bc-2755786375, networkLocation: /default-rack, certSerialId: null}cb89d4f8-1878-4ef8-9b04-c29334c05cac{ip: 192.168.105.138, host: ozone-g79bc-2755786375, networkLocation: /default-rack, certSerialId: null}, Type:RATIS, Factor:THREE, State:OPEN]
2019-06-13 23:39:54,851 INFO  node.SCMNodeManager (SCMNodeManager.java:register(234)) - Registered Data node : 9299f815-1407-4742-8c3f-0f3b78768541{ip: 192.168.105.138, host: ozone-g79bc-2755786375, networkLocation: /default-rack, certSerialId: null}
2019-06-13 23:39:54,859 INFO  impl.RaftServerProxy (RaftServerProxy.java:addNew(89)) - 9299f815-1407-4742-8c3f-0f3b78768541: addNew group-4E528DCB9BB0:[9299f815-1407-4742-8c3f-0f3b78768541:192.168.105.138:40757] returns group-4E528DCB9BB0:java.util.concurrent.CompletableFuture@450a1514[Not completed]
2019-06-13 23:39:54,859 INFO  impl.RaftServerImpl (RaftServerImpl.java:<init>(91)) - 9299f815-1407-4742-8c3f-0f3b78768541: new RaftServerImpl for group-4E528DCB9BB0:[9299f815-1407-4742-8c3f-0f3b78768541:192.168.105.138:40757] with ContainerStateMachine:uninitialized
2019-06-13 23:39:54,859 INFO  server.RaftServerConfigKeys (ConfUtils.java:logGet(43)) - raft.server.rpc.timeout.min = 1s (custom)
2019-06-13 23:39:54,859 INFO  server.RaftServerConfigKeys (ConfUtils.java:logGet(43)) - raft.server.rpc.timeout.max = 1200ms (custom)
2019-06-13 23:39:54,859 INFO  server.RaftServerConfigKeys (ConfUtils.java:logGet(43)) - raft.server.rpcslowness.timeout = 120s (custom)
2019-06-13 23:39:54,859 INFO  server.RaftServerConfigKeys (ConfUtils.java:logGet(43)) - raft.server.log.appender.install.snapshot.enabled = true (default)
2019-06-13 23:39:54,859 INFO  impl.RaftServerImpl (ServerState.java:<init>(101)) - 9299f815-1407-4742-8c3f-0f3b78768541:group-4E528DCB9BB0 ConfigurationManager, init=-1: [9299f815-1407-4742-8c3f-0f3b78768541:192.168.105.138:40757], old=null, confs=<EMPTY_MAP>
2019-06-13 23:39:54,860 INFO  server.RaftServerConfigKeys (ConfUtils.java:logGet(43)) - raft.server.storage.dir = [/opt/src/hadoop-ozone/integration-test/target/test-dir/MiniOzoneClusterImpl-1d9e95da-22ba-4a50-8191-63453bbdd52f/datanode-3/data/ratis] (custom)
2019-06-13 23:39:54,860 INFO  storage.RaftStorageDirectory (RaftStorageDirectory.java:analyzeStorage(246)) - The storage directory /opt/src/hadoop-ozone/integration-test/target/test-dir/MiniOzoneClusterImpl-1d9e95da-22ba-4a50-8191-63453bbdd52f/datanode-3/data/ratis/00bd7bbb-9e90-4928-81f0-4e528dcb9bb0 does not exist. Creating ...
2019-06-13 23:39:54,862 INFO  storage.RaftStorageDirectory (RaftStorageDirectory.java:tryLock(328)) - Lock on /opt/src/hadoop-ozone/integration-test/target/test-dir/MiniOzoneClusterImpl-1d9e95da-22ba-4a50-8191-63453bbdd52f/datanode-3/data/ratis/00bd7bbb-9e90-4928-81f0-4e528dcb9bb0/in_use.lock acquired by nodename 18810@ozone-g79bc-2755786375
2019-06-13 23:39:54,865 INFO  storage.RaftStorage (RaftStorage.java:format(75)) - Storage directory /opt/src/hadoop-ozone/integration-test/target/test-dir/MiniOzoneClusterImpl-1d9e95da-22ba-4a50-8191-63453bbdd52f/datanode-3/data/ratis/00bd7bbb-9e90-4928-81f0-4e528dcb9bb0 has been successfully formatted.
2019-06-13 23:39:54,865 INFO  ratis.ContainerStateMachine (ContainerStateMachine.java:loadSnapshot(199)) - The snapshot info is null.Setting the last applied index to:(t:0, i:~)
2019-06-13 23:39:54,865 INFO  server.RaftServerConfigKeys (ConfUtils.java:logGet(43)) - raft.server.leader.election.timeout = 120s (custom)
2019-06-13 23:39:54,865 INFO  server.RaftServerConfigKeys (ConfUtils.java:logGet(43)) - raft.server.log.use.memory = false (default)
2019-06-13 23:39:54,865 INFO  server.RaftServerConfigKeys (ConfUtils.java:logGet(43)) - raft.server.log.appender.buffer.byte-limit = 33554432 (custom)
2019-06-13 23:39:54,865 INFO  server.RaftServerConfigKeys (ConfUtils.java:logGet(43)) - raft.server.log.segment.size.max = 16384 (custom)
2019-06-13 23:39:54,865 INFO  server.RaftServerConfigKeys (ConfUtils.java:logGet(43)) - raft.server.log.segment.cache.num.max = 2 (custom)
2019-06-13 23:39:54,865 INFO  storage.RaftLogWorker (RaftLogWorker.java:<init>(123)) - new 9299f815-1407-4742-8c3f-0f3b78768541-RaftLogWorker for Storage Directory /opt/src/hadoop-ozone/integration-test/target/test-dir/MiniOzoneClusterImpl-1d9e95da-22ba-4a50-8191-63453bbdd52f/datanode-3/data/ratis/00bd7bbb-9e90-4928-81f0-4e528dcb9bb0
2019-06-13 23:39:54,865 INFO  server.RaftServerConfigKeys (ConfUtils.java:logGet(43)) - raft.server.log.queue.byte-limit = 2147483647 (custom)
2019-06-13 23:39:54,865 INFO  server.RaftServerConfigKeys (ConfUtils.java:logGet(43)) - raft.server.log.queue.element-limit = 1024 (custom)
2019-06-13 23:39:54,866 INFO  server.RaftServerConfigKeys (ConfUtils.java:logGet(43)) - raft.server.log.segment.size.max = 16384 (custom)
2019-06-13 23:39:54,866 INFO  server.RaftServerConfigKeys (ConfUtils.java:logGet(43)) - raft.server.log.preallocated.size = 16384 (custom)
2019-06-13 23:39:54,866 INFO  server.RaftServerConfigKeys (ConfUtils.java:logGet(43)) - raft.server.log.write.buffer.size = 33554432 (custom)
2019-06-13 23:39:54,866 INFO  server.RaftServerConfigKeys (ConfUtils.java:logGet(43)) - raft.server.log.force.sync.num = 128 (default)
2019-06-13 23:39:54,866 INFO  server.RaftServerConfigKeys (ConfUtils.java:logGet(43)) - raft.server.log.statemachine.data.sync = true (default)
2019-06-13 23:39:54,866 INFO  server.RaftServerConfigKeys (ConfUtils.java:logGet(43)) - raft.server.log.statemachine.data.sync.timeout = 10s (default)
2019-06-13 23:39:54,866 INFO  server.RaftServerConfigKeys (ConfUtils.java:logGet(43)) - raft.server.log.statemachine.data.sync.timeout.retry = -1 (default)
2019-06-13 23:39:54,866 INFO  server.RaftServerConfigKeys (ConfUtils.java:logGet(43)) - raft.server.log.statemachine.data.caching.enabled = true (custom)
2019-06-13 23:39:54,867 INFO  server.RaftServerConfigKeys (ConfUtils.java:logGet(43)) - raft.server.snapshot.auto.trigger.enabled = true (custom)
2019-06-13 23:39:54,867 INFO  server.RaftServerConfigKeys (ConfUtils.java:logGet(43)) - raft.server.snapshot.auto.trigger.threshold = 10000 (custom)
2019-06-13 23:39:54,867 INFO  server.RaftServerConfigKeys (ConfUtils.java:logGet(43)) - raft.server.retrycache.expirytime = 600000ms (custom)
2019-06-13 23:39:54,867 INFO  impl.RaftServerImpl (RaftServerImpl.java:start(173)) - 9299f815-1407-4742-8c3f-0f3b78768541: start group-4E528DCB9BB0
2019-06-13 23:39:54,867 INFO  impl.RaftServerImpl (RaftServerImpl.java:setRole(164)) - 9299f815-1407-4742-8c3f-0f3b78768541:group-4E528DCB9BB0 changes role from null to FOLLOWER at term 0 for startAsFollower
2019-06-13 23:39:54,867 INFO  impl.RoleInfo (RoleInfo.java:updateAndGet(143)) - 9299f815-1407-4742-8c3f-0f3b78768541: start FollowerState
2019-06-13 23:39:54,867 INFO  util.JmxRegister (JmxRegister.java:tryRegister(44)) - Successfully registered JMX Bean with object name Ratis:service=RaftServer,group=group-4E528DCB9BB0,id=9299f815-1407-4742-8c3f-0f3b78768541
2019-06-13 23:39:54,869 INFO  pipeline.PipelineStateManager (PipelineStateManager.java:addPipeline(56)) - Created pipeline Pipeline[ Id: 00bd7bbb-9e90-4928-81f0-4e528dcb9bb0, Nodes: 9299f815-1407-4742-8c3f-0f3b78768541{ip: 192.168.105.138, host: ozone-g79bc-2755786375, networkLocation: /default-rack, certSerialId: null}, Type:RATIS, Factor:ONE, State:OPEN]
2019-06-13 23:39:55,176 INFO  node.SCMNodeManager (SCMNodeManager.java:register(234)) - Registered Data node : fb6ed8da-7ce5-4b0e-b083-ea535ec7a85a{ip: 192.168.105.138, host: ozone-g79bc-2755786375, networkLocation: /default-rack, certSerialId: null}
2019-06-13 23:39:55,183 INFO  impl.RaftServerProxy (RaftServerProxy.java:addNew(89)) - fb6ed8da-7ce5-4b0e-b083-ea535ec7a85a: addNew group-3EEF25FDFE24:[fb6ed8da-7ce5-4b0e-b083-ea535ec7a85a:192.168.105.138:38873] returns group-3EEF25FDFE24:java.util.concurrent.CompletableFuture@76efff3b[Not completed]
2019-06-13 23:39:55,184 INFO  impl.RaftServerImpl (RaftServerImpl.java:<init>(91)) - fb6ed8da-7ce5-4b0e-b083-ea535ec7a85a: new RaftServerImpl for group-3EEF25FDFE24:[fb6ed8da-7ce5-4b0e-b083-ea535ec7a85a:192.168.105.138:38873] with ContainerStateMachine:uninitialized
2019-06-13 23:39:55,184 INFO  server.RaftServerConfigKeys (ConfUtils.java:logGet(43)) - raft.server.rpc.timeout.min = 1s (custom)
2019-06-13 23:39:55,184 INFO  server.RaftServerConfigKeys (ConfUtils.java:logGet(43)) - raft.server.rpc.timeout.max = 1200ms (custom)
2019-06-13 23:39:55,184 INFO  server.RaftServerConfigKeys (ConfUtils.java:logGet(43)) - raft.server.rpcslowness.timeout = 120s (custom)
2019-06-13 23:39:55,184 INFO  server.RaftServerConfigKeys (ConfUtils.java:logGet(43)) - raft.server.log.appender.install.snapshot.enabled = true (default)
2019-06-13 23:39:55,185 INFO  impl.RaftServerImpl (ServerState.java:<init>(101)) - fb6ed8da-7ce5-4b0e-b083-ea535ec7a85a:group-3EEF25FDFE24 ConfigurationManager, init=-1: [fb6ed8da-7ce5-4b0e-b083-ea535ec7a85a:192.168.105.138:38873], old=null, confs=<EMPTY_MAP>
2019-06-13 23:39:55,185 INFO  server.RaftServerConfigKeys (ConfUtils.java:logGet(43)) - raft.server.storage.dir = [/opt/src/hadoop-ozone/integration-test/target/test-dir/MiniOzoneClusterImpl-1d9e95da-22ba-4a50-8191-63453bbdd52f/datanode-4/data/ratis] (custom)
2019-06-13 23:39:55,187 INFO  storage.RaftStorageDirectory (RaftStorageDirectory.java:analyzeStorage(246)) - The storage directory /opt/src/hadoop-ozone/integration-test/target/test-dir/MiniOzoneClusterImpl-1d9e95da-22ba-4a50-8191-63453bbdd52f/datanode-4/data/ratis/72598c4f-2fbe-47e4-84b6-3eef25fdfe24 does not exist. Creating ...
2019-06-13 23:39:55,191 INFO  storage.RaftStorageDirectory (RaftStorageDirectory.java:tryLock(328)) - Lock on /opt/src/hadoop-ozone/integration-test/target/test-dir/MiniOzoneClusterImpl-1d9e95da-22ba-4a50-8191-63453bbdd52f/datanode-4/data/ratis/72598c4f-2fbe-47e4-84b6-3eef25fdfe24/in_use.lock acquired by nodename 18810@ozone-g79bc-2755786375
2019-06-13 23:39:55,193 INFO  storage.RaftStorage (RaftStorage.java:format(75)) - Storage directory /opt/src/hadoop-ozone/integration-test/target/test-dir/MiniOzoneClusterImpl-1d9e95da-22ba-4a50-8191-63453bbdd52f/datanode-4/data/ratis/72598c4f-2fbe-47e4-84b6-3eef25fdfe24 has been successfully formatted.
2019-06-13 23:39:55,193 INFO  ratis.ContainerStateMachine (ContainerStateMachine.java:loadSnapshot(199)) - The snapshot info is null.Setting the last applied index to:(t:0, i:~)
2019-06-13 23:39:55,193 INFO  server.RaftServerConfigKeys (ConfUtils.java:logGet(43)) - raft.server.leader.election.timeout = 120s (custom)
2019-06-13 23:39:55,193 INFO  server.RaftServerConfigKeys (ConfUtils.java:logGet(43)) - raft.server.log.use.memory = false (default)
2019-06-13 23:39:55,194 INFO  server.RaftServerConfigKeys (ConfUtils.java:logGet(43)) - raft.server.log.appender.buffer.byte-limit = 33554432 (custom)
2019-06-13 23:39:55,194 INFO  server.RaftServerConfigKeys (ConfUtils.java:logGet(43)) - raft.server.log.segment.size.max = 16384 (custom)
2019-06-13 23:39:55,194 INFO  server.RaftServerConfigKeys (ConfUtils.java:logGet(43)) - raft.server.log.segment.cache.num.max = 2 (custom)
2019-06-13 23:39:55,194 INFO  storage.RaftLogWorker (RaftLogWorker.java:<init>(123)) - new fb6ed8da-7ce5-4b0e-b083-ea535ec7a85a-RaftLogWorker for Storage Directory /opt/src/hadoop-ozone/integration-test/target/test-dir/MiniOzoneClusterImpl-1d9e95da-22ba-4a50-8191-63453bbdd52f/datanode-4/data/ratis/72598c4f-2fbe-47e4-84b6-3eef25fdfe24
2019-06-13 23:39:55,194 INFO  server.RaftServerConfigKeys (ConfUtils.java:logGet(43)) - raft.server.log.queue.byte-limit = 2147483647 (custom)
2019-06-13 23:39:55,194 INFO  server.RaftServerConfigKeys (ConfUtils.java:logGet(43)) - raft.server.log.queue.element-limit = 1024 (custom)
2019-06-13 23:39:55,194 INFO  server.RaftServerConfigKeys (ConfUtils.java:logGet(43)) - raft.server.log.segment.size.max = 16384 (custom)
2019-06-13 23:39:55,194 INFO  server.RaftServerConfigKeys (ConfUtils.java:logGet(43)) - raft.server.log.preallocated.size = 16384 (custom)
2019-06-13 23:39:55,194 INFO  server.RaftServerConfigKeys (ConfUtils.java:logGet(43)) - raft.server.log.write.buffer.size = 33554432 (custom)
2019-06-13 23:39:55,194 INFO  server.RaftServerConfigKeys (ConfUtils.java:logGet(43)) - raft.server.log.force.sync.num = 128 (default)
2019-06-13 23:39:55,194 INFO  server.RaftServerConfigKeys (ConfUtils.java:logGet(43)) - raft.server.log.statemachine.data.sync = true (default)
2019-06-13 23:39:55,194 INFO  server.RaftServerConfigKeys (ConfUtils.java:logGet(43)) - raft.server.log.statemachine.data.sync.timeout = 10s (default)
2019-06-13 23:39:55,195 INFO  server.RaftServerConfigKeys (ConfUtils.java:logGet(43)) - raft.server.log.statemachine.data.sync.timeout.retry = -1 (default)
2019-06-13 23:39:55,195 INFO  server.RaftServerConfigKeys (ConfUtils.java:logGet(43)) - raft.server.log.statemachine.data.caching.enabled = true (custom)
2019-06-13 23:39:55,195 INFO  server.RaftServerConfigKeys (ConfUtils.java:logGet(43)) - raft.server.snapshot.auto.trigger.enabled = true (custom)
2019-06-13 23:39:55,195 INFO  server.RaftServerConfigKeys (ConfUtils.java:logGet(43)) - raft.server.snapshot.auto.trigger.threshold = 10000 (custom)
2019-06-13 23:39:55,195 INFO  server.RaftServerConfigKeys (ConfUtils.java:logGet(43)) - raft.server.retrycache.expirytime = 600000ms (custom)
2019-06-13 23:39:55,195 INFO  impl.RaftServerImpl (RaftServerImpl.java:start(173)) - fb6ed8da-7ce5-4b0e-b083-ea535ec7a85a: start group-3EEF25FDFE24
2019-06-13 23:39:55,195 INFO  impl.RaftServerImpl (RaftServerImpl.java:setRole(164)) - fb6ed8da-7ce5-4b0e-b083-ea535ec7a85a:group-3EEF25FDFE24 changes role from null to FOLLOWER at term 0 for startAsFollower
2019-06-13 23:39:55,195 INFO  impl.RoleInfo (RoleInfo.java:updateAndGet(143)) - fb6ed8da-7ce5-4b0e-b083-ea535ec7a85a: start FollowerState
2019-06-13 23:39:55,196 INFO  util.JmxRegister (JmxRegister.java:tryRegister(44)) - Successfully registered JMX Bean with object name Ratis:service=RaftServer,group=group-3EEF25FDFE24,id=fb6ed8da-7ce5-4b0e-b083-ea535ec7a85a
2019-06-13 23:39:55,197 INFO  pipeline.PipelineStateManager (PipelineStateManager.java:addPipeline(56)) - Created pipeline Pipeline[ Id: 72598c4f-2fbe-47e4-84b6-3eef25fdfe24, Nodes: fb6ed8da-7ce5-4b0e-b083-ea535ec7a85a{ip: 192.168.105.138, host: ozone-g79bc-2755786375, networkLocation: /default-rack, certSerialId: null}, Type:RATIS, Factor:ONE, State:OPEN]
2019-06-13 23:39:55,214 INFO  impl.FollowerState (FollowerState.java:run(101)) - cb89d4f8-1878-4ef8-9b04-c29334c05cac:group-FBA2FFBD4033 changes to CANDIDATE, lastRpcTime:1054, electionTimeout:1054ms
2019-06-13 23:39:55,214 INFO  impl.RoleInfo (RoleInfo.java:shutdownFollowerState(121)) - cb89d4f8-1878-4ef8-9b04-c29334c05cac: shutdown FollowerState
2019-06-13 23:39:55,214 INFO  impl.RaftServerImpl (RaftServerImpl.java:setRole(164)) - cb89d4f8-1878-4ef8-9b04-c29334c05cac:group-FBA2FFBD4033 changes role from FOLLOWER to CANDIDATE at term 0 for changeToCandidate
2019-06-13 23:39:55,214 INFO  impl.RoleInfo (RoleInfo.java:updateAndGet(143)) - cb89d4f8-1878-4ef8-9b04-c29334c05cac: start LeaderElection
2019-06-13 23:39:55,220 INFO  impl.LeaderElection (LeaderElection.java:askForVotes(181)) - cb89d4f8-1878-4ef8-9b04-c29334c05cac:group-FBA2FFBD4033:LeaderElection38: begin an election at term 1 for -1: [cb89d4f8-1878-4ef8-9b04-c29334c05cac:192.168.105.138:39229], old=null
2019-06-13 23:39:55,220 INFO  impl.RoleInfo (RoleInfo.java:shutdownLeaderElection(134)) - cb89d4f8-1878-4ef8-9b04-c29334c05cac: shutdown LeaderElection
2019-06-13 23:39:55,220 INFO  impl.RaftServerImpl (RaftServerImpl.java:setRole(164)) - cb89d4f8-1878-4ef8-9b04-c29334c05cac:group-FBA2FFBD4033 changes role from CANDIDATE to LEADER at term 1 for changeToLeader
2019-06-13 23:39:55,221 INFO  impl.RaftServerImpl (ServerState.java:setLeader(263)) - cb89d4f8-1878-4ef8-9b04-c29334c05cac:group-FBA2FFBD4033 change Leader from null to cb89d4f8-1878-4ef8-9b04-c29334c05cac at term 1 for becomeLeader, leader elected after 1062ms
2019-06-13 23:39:55,221 INFO  server.RaftServerConfigKeys (ConfUtils.java:logGet(43)) - raft.server.staging.catchup.gap = 1000 (default)
2019-06-13 23:39:55,221 INFO  server.RaftServerConfigKeys (ConfUtils.java:logGet(43)) - raft.server.rpc.sleep.time = 25ms (default)
2019-06-13 23:39:55,221 INFO  server.RaftServerConfigKeys (ConfUtils.java:logGet(43)) - raft.server.watch.timeout = 10s (default)
2019-06-13 23:39:55,221 INFO  server.RaftServerConfigKeys (ConfUtils.java:logGet(43)) - raft.server.watch.timeout.denomination = 1s (default)
2019-06-13 23:39:55,221 INFO  impl.RoleInfo (RoleInfo.java:updateAndGet(143)) - cb89d4f8-1878-4ef8-9b04-c29334c05cac: start LeaderState
2019-06-13 23:39:55,221 INFO  storage.RaftLogWorker (RaftLogWorker.java:startLogSegment(298)) - cb89d4f8-1878-4ef8-9b04-c29334c05cac-RaftLogWorker: Starting segment from index:0
2019-06-13 23:39:55,222 INFO  impl.RaftServerImpl (ServerState.java:setRaftConf(361)) - cb89d4f8-1878-4ef8-9b04-c29334c05cac:group-FBA2FFBD4033 set configuration 0: [cb89d4f8-1878-4ef8-9b04-c29334c05cac:192.168.105.138:39229], old=null at 0
2019-06-13 23:39:55,261 INFO  storage.RaftLogWorker (RaftLogWorker.java:execute(469)) - cb89d4f8-1878-4ef8-9b04-c29334c05cac-RaftLogWorker: created new log segment /opt/src/hadoop-ozone/integration-test/target/test-dir/MiniOzoneClusterImpl-1d9e95da-22ba-4a50-8191-63453bbdd52f/datanode-0/data/ratis/f83fcc70-9c41-4769-8a36-fba2ffbd4033/current/log_inprogress_0
2019-06-13 23:39:55,406 INFO  node.SCMNodeManager (SCMNodeManager.java:register(234)) - Registered Data node : 1f314dbf-d5e5-4b58-bcc1-1a1f388fbd2b{ip: 192.168.105.138, host: ozone-g79bc-2755786375, networkLocation: /default-rack, certSerialId: null}
2019-06-13 23:39:55,415 INFO  impl.RaftServerProxy (RaftServerProxy.java:addNew(89)) - 1f314dbf-d5e5-4b58-bcc1-1a1f388fbd2b: addNew group-C39021B41436:[1f314dbf-d5e5-4b58-bcc1-1a1f388fbd2b:192.168.105.138:46229] returns group-C39021B41436:java.util.concurrent.CompletableFuture@4ec8ef8b[Not completed]
2019-06-13 23:39:55,416 INFO  impl.RaftServerImpl (RaftServerImpl.java:<init>(91)) - 1f314dbf-d5e5-4b58-bcc1-1a1f388fbd2b: new RaftServerImpl for group-C39021B41436:[1f314dbf-d5e5-4b58-bcc1-1a1f388fbd2b:192.168.105.138:46229] with ContainerStateMachine:uninitialized
2019-06-13 23:39:55,416 INFO  server.RaftServerConfigKeys (ConfUtils.java:logGet(43)) - raft.server.rpc.timeout.min = 1s (custom)
2019-06-13 23:39:55,417 INFO  server.RaftServerConfigKeys (ConfUtils.java:logGet(43)) - raft.server.rpc.timeout.max = 1200ms (custom)
2019-06-13 23:39:55,417 INFO  server.RaftServerConfigKeys (ConfUtils.java:logGet(43)) - raft.server.rpcslowness.timeout = 120s (custom)
2019-06-13 23:39:55,417 INFO  server.RaftServerConfigKeys (ConfUtils.java:logGet(43)) - raft.server.log.appender.install.snapshot.enabled = true (default)
2019-06-13 23:39:55,417 INFO  impl.RaftServerImpl (ServerState.java:<init>(101)) - 1f314dbf-d5e5-4b58-bcc1-1a1f388fbd2b:group-C39021B41436 ConfigurationManager, init=-1: [1f314dbf-d5e5-4b58-bcc1-1a1f388fbd2b:192.168.105.138:46229], old=null, confs=<EMPTY_MAP>
2019-06-13 23:39:55,417 INFO  server.RaftServerConfigKeys (ConfUtils.java:logGet(43)) - raft.server.storage.dir = [/opt/src/hadoop-ozone/integration-test/target/test-dir/MiniOzoneClusterImpl-1d9e95da-22ba-4a50-8191-63453bbdd52f/datanode-5/data/ratis] (custom)
2019-06-13 23:39:55,417 INFO  storage.RaftStorageDirectory (RaftStorageDirectory.java:analyzeStorage(246)) - The storage directory /opt/src/hadoop-ozone/integration-test/target/test-dir/MiniOzoneClusterImpl-1d9e95da-22ba-4a50-8191-63453bbdd52f/datanode-5/data/ratis/2dfee805-713e-4480-af37-c39021b41436 does not exist. Creating ...
2019-06-13 23:39:55,420 INFO  storage.RaftStorageDirectory (RaftStorageDirectory.java:tryLock(328)) - Lock on /opt/src/hadoop-ozone/integration-test/target/test-dir/MiniOzoneClusterImpl-1d9e95da-22ba-4a50-8191-63453bbdd52f/datanode-5/data/ratis/2dfee805-713e-4480-af37-c39021b41436/in_use.lock acquired by nodename 18810@ozone-g79bc-2755786375
2019-06-13 23:39:55,422 INFO  storage.RaftStorage (RaftStorage.java:format(75)) - Storage directory /opt/src/hadoop-ozone/integration-test/target/test-dir/MiniOzoneClusterImpl-1d9e95da-22ba-4a50-8191-63453bbdd52f/datanode-5/data/ratis/2dfee805-713e-4480-af37-c39021b41436 has been successfully formatted.
2019-06-13 23:39:55,422 INFO  ratis.ContainerStateMachine (ContainerStateMachine.java:loadSnapshot(199)) - The snapshot info is null.Setting the last applied index to:(t:0, i:~)
2019-06-13 23:39:55,422 INFO  server.RaftServerConfigKeys (ConfUtils.java:logGet(43)) - raft.server.leader.election.timeout = 120s (custom)
2019-06-13 23:39:55,423 INFO  server.RaftServerConfigKeys (ConfUtils.java:logGet(43)) - raft.server.log.use.memory = false (default)
2019-06-13 23:39:55,423 INFO  server.RaftServerConfigKeys (ConfUtils.java:logGet(43)) - raft.server.log.appender.buffer.byte-limit = 33554432 (custom)
2019-06-13 23:39:55,423 INFO  server.RaftServerConfigKeys (ConfUtils.java:logGet(43)) - raft.server.log.segment.size.max = 16384 (custom)
2019-06-13 23:39:55,423 INFO  server.RaftServerConfigKeys (ConfUtils.java:logGet(43)) - raft.server.log.segment.cache.num.max = 2 (custom)
2019-06-13 23:39:55,423 INFO  storage.RaftLogWorker (RaftLogWorker.java:<init>(123)) - new 1f314dbf-d5e5-4b58-bcc1-1a1f388fbd2b-RaftLogWorker for Storage Directory /opt/src/hadoop-ozone/integration-test/target/test-dir/MiniOzoneClusterImpl-1d9e95da-22ba-4a50-8191-63453bbdd52f/datanode-5/data/ratis/2dfee805-713e-4480-af37-c39021b41436
2019-06-13 23:39:55,423 INFO  server.RaftServerConfigKeys (ConfUtils.java:logGet(43)) - raft.server.log.queue.byte-limit = 2147483647 (custom)
2019-06-13 23:39:55,423 INFO  server.RaftServerConfigKeys (ConfUtils.java:logGet(43)) - raft.server.log.queue.element-limit = 1024 (custom)
2019-06-13 23:39:55,423 INFO  server.RaftServerConfigKeys (ConfUtils.java:logGet(43)) - raft.server.log.segment.size.max = 16384 (custom)
2019-06-13 23:39:55,423 INFO  server.RaftServerConfigKeys (ConfUtils.java:logGet(43)) - raft.server.log.preallocated.size = 16384 (custom)
2019-06-13 23:39:55,424 INFO  server.RaftServerConfigKeys (ConfUtils.java:logGet(43)) - raft.server.log.write.buffer.size = 33554432 (custom)
2019-06-13 23:39:55,424 INFO  server.RaftServerConfigKeys (ConfUtils.java:logGet(43)) - raft.server.log.force.sync.num = 128 (default)
2019-06-13 23:39:55,424 INFO  server.RaftServerConfigKeys (ConfUtils.java:logGet(43)) - raft.server.log.statemachine.data.sync = true (default)
2019-06-13 23:39:55,424 INFO  server.RaftServerConfigKeys (ConfUtils.java:logGet(43)) - raft.server.log.statemachine.data.sync.timeout = 10s (default)
2019-06-13 23:39:55,424 INFO  server.RaftServerConfigKeys (ConfUtils.java:logGet(43)) - raft.server.log.statemachine.data.sync.timeout.retry = -1 (default)
2019-06-13 23:39:55,424 INFO  server.RaftServerConfigKeys (ConfUtils.java:logGet(43)) - raft.server.log.statemachine.data.caching.enabled = true (custom)
2019-06-13 23:39:55,425 INFO  server.RaftServerConfigKeys (ConfUtils.java:logGet(43)) - raft.server.snapshot.auto.trigger.enabled = true (custom)
2019-06-13 23:39:55,425 INFO  server.RaftServerConfigKeys (ConfUtils.java:logGet(43)) - raft.server.snapshot.auto.trigger.threshold = 10000 (custom)
2019-06-13 23:39:55,425 INFO  server.RaftServerConfigKeys (ConfUtils.java:logGet(43)) - raft.server.retrycache.expirytime = 600000ms (custom)
2019-06-13 23:39:55,425 INFO  impl.RaftServerImpl (RaftServerImpl.java:start(173)) - 1f314dbf-d5e5-4b58-bcc1-1a1f388fbd2b: start group-C39021B41436
2019-06-13 23:39:55,425 INFO  impl.RaftServerImpl (RaftServerImpl.java:setRole(164)) - 1f314dbf-d5e5-4b58-bcc1-1a1f388fbd2b:group-C39021B41436 changes role from null to FOLLOWER at term 0 for startAsFollower
2019-06-13 23:39:55,425 INFO  impl.RoleInfo (RoleInfo.java:updateAndGet(143)) - 1f314dbf-d5e5-4b58-bcc1-1a1f388fbd2b: start FollowerState
2019-06-13 23:39:55,426 INFO  util.JmxRegister (JmxRegister.java:tryRegister(44)) - Successfully registered JMX Bean with object name Ratis:service=RaftServer,group=group-C39021B41436,id=1f314dbf-d5e5-4b58-bcc1-1a1f388fbd2b
2019-06-13 23:39:55,428 INFO  pipeline.PipelineStateManager (PipelineStateManager.java:addPipeline(56)) - Created pipeline Pipeline[ Id: 2dfee805-713e-4480-af37-c39021b41436, Nodes: 1f314dbf-d5e5-4b58-bcc1-1a1f388fbd2b{ip: 192.168.105.138, host: ozone-g79bc-2755786375, networkLocation: /default-rack, certSerialId: null}, Type:RATIS, Factor:ONE, State:OPEN]
2019-06-13 23:39:55,440 INFO  impl.RaftServerProxy (RaftServerProxy.java:addNew(89)) - 1f314dbf-d5e5-4b58-bcc1-1a1f388fbd2b: addNew group-178D2B32A734:[1f314dbf-d5e5-4b58-bcc1-1a1f388fbd2b:192.168.105.138:46229, 9299f815-1407-4742-8c3f-0f3b78768541:192.168.105.138:40757, fb6ed8da-7ce5-4b0e-b083-ea535ec7a85a:192.168.105.138:38873] returns group-178D2B32A734:java.util.concurrent.CompletableFuture@2f003d1f[Not completed]
2019-06-13 23:39:55,440 INFO  impl.RaftServerImpl (RaftServerImpl.java:<init>(91)) - 1f314dbf-d5e5-4b58-bcc1-1a1f388fbd2b: new RaftServerImpl for group-178D2B32A734:[1f314dbf-d5e5-4b58-bcc1-1a1f388fbd2b:192.168.105.138:46229, 9299f815-1407-4742-8c3f-0f3b78768541:192.168.105.138:40757, fb6ed8da-7ce5-4b0e-b083-ea535ec7a85a:192.168.105.138:38873] with ContainerStateMachine:uninitialized
2019-06-13 23:39:55,440 INFO  server.RaftServerConfigKeys (ConfUtils.java:logGet(43)) - raft.server.rpc.timeout.min = 1s (custom)
2019-06-13 23:39:55,441 INFO  server.RaftServerConfigKeys (ConfUtils.java:logGet(43)) - raft.server.rpc.timeout.max = 1200ms (custom)
2019-06-13 23:39:55,441 INFO  server.RaftServerConfigKeys (ConfUtils.java:logGet(43)) - raft.server.rpcslowness.timeout = 120s (custom)
2019-06-13 23:39:55,441 INFO  server.RaftServerConfigKeys (ConfUtils.java:logGet(43)) - raft.server.log.appender.install.snapshot.enabled = true (default)
2019-06-13 23:39:55,441 INFO  impl.RaftServerImpl (ServerState.java:<init>(101)) - 1f314dbf-d5e5-4b58-bcc1-1a1f388fbd2b:group-178D2B32A734 ConfigurationManager, init=-1: [1f314dbf-d5e5-4b58-bcc1-1a1f388fbd2b:192.168.105.138:46229, 9299f815-1407-4742-8c3f-0f3b78768541:192.168.105.138:40757, fb6ed8da-7ce5-4b0e-b083-ea535ec7a85a:192.168.105.138:38873], old=null, confs=<EMPTY_MAP>
2019-06-13 23:39:55,441 INFO  server.RaftServerConfigKeys (ConfUtils.java:logGet(43)) - raft.server.storage.dir = [/opt/src/hadoop-ozone/integration-test/target/test-dir/MiniOzoneClusterImpl-1d9e95da-22ba-4a50-8191-63453bbdd52f/datanode-5/data/ratis] (custom)
2019-06-13 23:39:55,441 INFO  storage.RaftStorageDirectory (RaftStorageDirectory.java:analyzeStorage(246)) - The storage directory /opt/src/hadoop-ozone/integration-test/target/test-dir/MiniOzoneClusterImpl-1d9e95da-22ba-4a50-8191-63453bbdd52f/datanode-5/data/ratis/c76c6ebb-3752-41bd-8403-178d2b32a734 does not exist. Creating ...
2019-06-13 23:39:55,442 INFO  impl.RaftServerProxy (RaftServerProxy.java:addNew(89)) - 9299f815-1407-4742-8c3f-0f3b78768541: addNew group-178D2B32A734:[1f314dbf-d5e5-4b58-bcc1-1a1f388fbd2b:192.168.105.138:46229, 9299f815-1407-4742-8c3f-0f3b78768541:192.168.105.138:40757, fb6ed8da-7ce5-4b0e-b083-ea535ec7a85a:192.168.105.138:38873] returns group-178D2B32A734:java.util.concurrent.CompletableFuture@263d3bc3[Not completed]
2019-06-13 23:39:55,442 INFO  impl.RaftServerImpl (RaftServerImpl.java:<init>(91)) - 9299f815-1407-4742-8c3f-0f3b78768541: new RaftServerImpl for group-178D2B32A734:[1f314dbf-d5e5-4b58-bcc1-1a1f388fbd2b:192.168.105.138:46229, 9299f815-1407-4742-8c3f-0f3b78768541:192.168.105.138:40757, fb6ed8da-7ce5-4b0e-b083-ea535ec7a85a:192.168.105.138:38873] with ContainerStateMachine:uninitialized
2019-06-13 23:39:55,443 INFO  server.RaftServerConfigKeys (ConfUtils.java:logGet(43)) - raft.server.rpc.timeout.min = 1s (custom)
2019-06-13 23:39:55,443 INFO  server.RaftServerConfigKeys (ConfUtils.java:logGet(43)) - raft.server.rpc.timeout.max = 1200ms (custom)
2019-06-13 23:39:55,443 INFO  server.RaftServerConfigKeys (ConfUtils.java:logGet(43)) - raft.server.rpcslowness.timeout = 120s (custom)
2019-06-13 23:39:55,443 INFO  server.RaftServerConfigKeys (ConfUtils.java:logGet(43)) - raft.server.log.appender.install.snapshot.enabled = true (default)
2019-06-13 23:39:55,443 INFO  impl.RaftServerImpl (ServerState.java:<init>(101)) - 9299f815-1407-4742-8c3f-0f3b78768541:group-178D2B32A734 ConfigurationManager, init=-1: [1f314dbf-d5e5-4b58-bcc1-1a1f388fbd2b:192.168.105.138:46229, 9299f815-1407-4742-8c3f-0f3b78768541:192.168.105.138:40757, fb6ed8da-7ce5-4b0e-b083-ea535ec7a85a:192.168.105.138:38873], old=null, confs=<EMPTY_MAP>
2019-06-13 23:39:55,443 INFO  server.RaftServerConfigKeys (ConfUtils.java:logGet(43)) - raft.server.storage.dir = [/opt/src/hadoop-ozone/integration-test/target/test-dir/MiniOzoneClusterImpl-1d9e95da-22ba-4a50-8191-63453bbdd52f/datanode-3/data/ratis] (custom)
2019-06-13 23:39:55,443 INFO  storage.RaftStorageDirectory (RaftStorageDirectory.java:analyzeStorage(246)) - The storage directory /opt/src/hadoop-ozone/integration-test/target/test-dir/MiniOzoneClusterImpl-1d9e95da-22ba-4a50-8191-63453bbdd52f/datanode-3/data/ratis/c76c6ebb-3752-41bd-8403-178d2b32a734 does not exist. Creating ...
2019-06-13 23:39:55,445 INFO  impl.RaftServerProxy (RaftServerProxy.java:addNew(89)) - fb6ed8da-7ce5-4b0e-b083-ea535ec7a85a: addNew group-178D2B32A734:[1f314dbf-d5e5-4b58-bcc1-1a1f388fbd2b:192.168.105.138:46229, 9299f815-1407-4742-8c3f-0f3b78768541:192.168.105.138:40757, fb6ed8da-7ce5-4b0e-b083-ea535ec7a85a:192.168.105.138:38873] returns group-178D2B32A734:java.util.concurrent.CompletableFuture@385bd035[Not completed]
2019-06-13 23:39:55,445 INFO  impl.RaftServerImpl (RaftServerImpl.java:<init>(91)) - fb6ed8da-7ce5-4b0e-b083-ea535ec7a85a: new RaftServerImpl for group-178D2B32A734:[1f314dbf-d5e5-4b58-bcc1-1a1f388fbd2b:192.168.105.138:46229, 9299f815-1407-4742-8c3f-0f3b78768541:192.168.105.138:40757, fb6ed8da-7ce5-4b0e-b083-ea535ec7a85a:192.168.105.138:38873] with ContainerStateMachine:uninitialized
2019-06-13 23:39:55,445 INFO  storage.RaftStorageDirectory (RaftStorageDirectory.java:tryLock(328)) - Lock on /opt/src/hadoop-ozone/integration-test/target/test-dir/MiniOzoneClusterImpl-1d9e95da-22ba-4a50-8191-63453bbdd52f/datanode-3/data/ratis/c76c6ebb-3752-41bd-8403-178d2b32a734/in_use.lock acquired by nodename 18810@ozone-g79bc-2755786375
2019-06-13 23:39:55,445 INFO  storage.RaftStorageDirectory (RaftStorageDirectory.java:tryLock(328)) - Lock on /opt/src/hadoop-ozone/integration-test/target/test-dir/MiniOzoneClusterImpl-1d9e95da-22ba-4a50-8191-63453bbdd52f/datanode-5/data/ratis/c76c6ebb-3752-41bd-8403-178d2b32a734/in_use.lock acquired by nodename 18810@ozone-g79bc-2755786375
2019-06-13 23:39:55,445 INFO  server.RaftServerConfigKeys (ConfUtils.java:logGet(43)) - raft.server.rpc.timeout.min = 1s (custom)
2019-06-13 23:39:55,446 INFO  server.RaftServerConfigKeys (ConfUtils.java:logGet(43)) - raft.server.rpc.timeout.max = 1200ms (custom)
2019-06-13 23:39:55,446 INFO  server.RaftServerConfigKeys (ConfUtils.java:logGet(43)) - raft.server.rpcslowness.timeout = 120s (custom)
2019-06-13 23:39:55,446 INFO  server.RaftServerConfigKeys (ConfUtils.java:logGet(43)) - raft.server.log.appender.install.snapshot.enabled = true (default)
2019-06-13 23:39:55,447 INFO  impl.RaftServerImpl (ServerState.java:<init>(101)) - fb6ed8da-7ce5-4b0e-b083-ea535ec7a85a:group-178D2B32A734 ConfigurationManager, init=-1: [1f314dbf-d5e5-4b58-bcc1-1a1f388fbd2b:192.168.105.138:46229, 9299f815-1407-4742-8c3f-0f3b78768541:192.168.105.138:40757, fb6ed8da-7ce5-4b0e-b083-ea535ec7a85a:192.168.105.138:38873], old=null, confs=<EMPTY_MAP>
2019-06-13 23:39:55,447 INFO  server.RaftServerConfigKeys (ConfUtils.java:logGet(43)) - raft.server.storage.dir = [/opt/src/hadoop-ozone/integration-test/target/test-dir/MiniOzoneClusterImpl-1d9e95da-22ba-4a50-8191-63453bbdd52f/datanode-4/data/ratis] (custom)
2019-06-13 23:39:55,447 INFO  storage.RaftStorageDirectory (RaftStorageDirectory.java:analyzeStorage(246)) - The storage directory /opt/src/hadoop-ozone/integration-test/target/test-dir/MiniOzoneClusterImpl-1d9e95da-22ba-4a50-8191-63453bbdd52f/datanode-4/data/ratis/c76c6ebb-3752-41bd-8403-178d2b32a734 does not exist. Creating ...
2019-06-13 23:39:55,448 INFO  storage.RaftStorage (RaftStorage.java:format(75)) - Storage directory /opt/src/hadoop-ozone/integration-test/target/test-dir/MiniOzoneClusterImpl-1d9e95da-22ba-4a50-8191-63453bbdd52f/datanode-3/data/ratis/c76c6ebb-3752-41bd-8403-178d2b32a734 has been successfully formatted.
2019-06-13 23:39:55,448 INFO  ratis.ContainerStateMachine (ContainerStateMachine.java:loadSnapshot(199)) - The snapshot info is null.Setting the last applied index to:(t:0, i:~)
2019-06-13 23:39:55,448 INFO  server.RaftServerConfigKeys (ConfUtils.java:logGet(43)) - raft.server.leader.election.timeout = 120s (custom)
2019-06-13 23:39:55,448 INFO  server.RaftServerConfigKeys (ConfUtils.java:logGet(43)) - raft.server.log.use.memory = false (default)
2019-06-13 23:39:55,448 INFO  server.RaftServerConfigKeys (ConfUtils.java:logGet(43)) - raft.server.log.appender.buffer.byte-limit = 33554432 (custom)
2019-06-13 23:39:55,448 INFO  server.RaftServerConfigKeys (ConfUtils.java:logGet(43)) - raft.server.log.segment.size.max = 16384 (custom)
2019-06-13 23:39:55,448 INFO  server.RaftServerConfigKeys (ConfUtils.java:logGet(43)) - raft.server.log.segment.cache.num.max = 2 (custom)
2019-06-13 23:39:55,448 INFO  storage.RaftLogWorker (RaftLogWorker.java:<init>(123)) - new 9299f815-1407-4742-8c3f-0f3b78768541-RaftLogWorker for Storage Directory /opt/src/hadoop-ozone/integration-test/target/test-dir/MiniOzoneClusterImpl-1d9e95da-22ba-4a50-8191-63453bbdd52f/datanode-3/data/ratis/c76c6ebb-3752-41bd-8403-178d2b32a734
2019-06-13 23:39:55,449 INFO  server.RaftServerConfigKeys (ConfUtils.java:logGet(43)) - raft.server.log.queue.byte-limit = 2147483647 (custom)
2019-06-13 23:39:55,449 INFO  server.RaftServerConfigKeys (ConfUtils.java:logGet(43)) - raft.server.log.queue.element-limit = 1024 (custom)
2019-06-13 23:39:55,449 INFO  server.RaftServerConfigKeys (ConfUtils.java:logGet(43)) - raft.server.log.segment.size.max = 16384 (custom)
2019-06-13 23:39:55,449 INFO  server.RaftServerConfigKeys (ConfUtils.java:logGet(43)) - raft.server.log.preallocated.size = 16384 (custom)
2019-06-13 23:39:55,449 INFO  server.RaftServerConfigKeys (ConfUtils.java:logGet(43)) - raft.server.log.write.buffer.size = 33554432 (custom)
2019-06-13 23:39:55,449 INFO  server.RaftServerConfigKeys (ConfUtils.java:logGet(43)) - raft.server.log.force.sync.num = 128 (default)
2019-06-13 23:39:55,449 INFO  server.RaftServerConfigKeys (ConfUtils.java:logGet(43)) - raft.server.log.statemachine.data.sync = true (default)
2019-06-13 23:39:55,449 INFO  storage.RaftStorageDirectory (RaftStorageDirectory.java:tryLock(328)) - Lock on /opt/src/hadoop-ozone/integration-test/target/test-dir/MiniOzoneClusterImpl-1d9e95da-22ba-4a50-8191-63453bbdd52f/datanode-4/data/ratis/c76c6ebb-3752-41bd-8403-178d2b32a734/in_use.lock acquired by nodename 18810@ozone-g79bc-2755786375
2019-06-13 23:39:55,449 INFO  server.RaftServerConfigKeys (ConfUtils.java:logGet(43)) - raft.server.log.statemachine.data.sync.timeout = 10s (default)
2019-06-13 23:39:55,450 INFO  server.RaftServerConfigKeys (ConfUtils.java:logGet(43)) - raft.server.log.statemachine.data.sync.timeout.retry = -1 (default)
2019-06-13 23:39:55,450 INFO  server.RaftServerConfigKeys (ConfUtils.java:logGet(43)) - raft.server.log.statemachine.data.caching.enabled = true (custom)
2019-06-13 23:39:55,450 INFO  storage.RaftStorage (RaftStorage.java:format(75)) - Storage directory /opt/src/hadoop-ozone/integration-test/target/test-dir/MiniOzoneClusterImpl-1d9e95da-22ba-4a50-8191-63453bbdd52f/datanode-5/data/ratis/c76c6ebb-3752-41bd-8403-178d2b32a734 has been successfully formatted.
2019-06-13 23:39:55,450 INFO  server.RaftServerConfigKeys (ConfUtils.java:logGet(43)) - raft.server.snapshot.auto.trigger.enabled = true (custom)
2019-06-13 23:39:55,451 INFO  server.RaftServerConfigKeys (ConfUtils.java:logGet(43)) - raft.server.snapshot.auto.trigger.threshold = 10000 (custom)
2019-06-13 23:39:55,451 INFO  server.RaftServerConfigKeys (ConfUtils.java:logGet(43)) - raft.server.retrycache.expirytime = 600000ms (custom)
2019-06-13 23:39:55,451 INFO  impl.RaftServerImpl (RaftServerImpl.java:start(173)) - 9299f815-1407-4742-8c3f-0f3b78768541: start group-178D2B32A734
2019-06-13 23:39:55,451 INFO  impl.RaftServerImpl (RaftServerImpl.java:setRole(164)) - 9299f815-1407-4742-8c3f-0f3b78768541:group-178D2B32A734 changes role from null to FOLLOWER at term 0 for startAsFollower
2019-06-13 23:39:55,451 INFO  impl.RoleInfo (RoleInfo.java:updateAndGet(143)) - 9299f815-1407-4742-8c3f-0f3b78768541: start FollowerState
2019-06-13 23:39:55,451 INFO  ratis.ContainerStateMachine (ContainerStateMachine.java:loadSnapshot(199)) - The snapshot info is null.Setting the last applied index to:(t:0, i:~)
2019-06-13 23:39:55,451 INFO  storage.RaftStorage (RaftStorage.java:format(75)) - Storage directory /opt/src/hadoop-ozone/integration-test/target/test-dir/MiniOzoneClusterImpl-1d9e95da-22ba-4a50-8191-63453bbdd52f/datanode-4/data/ratis/c76c6ebb-3752-41bd-8403-178d2b32a734 has been successfully formatted.
2019-06-13 23:39:55,451 INFO  server.RaftServerConfigKeys (ConfUtils.java:logGet(43)) - raft.server.leader.election.timeout = 120s (custom)
2019-06-13 23:39:55,452 INFO  ratis.ContainerStateMachine (ContainerStateMachine.java:loadSnapshot(199)) - The snapshot info is null.Setting the last applied index to:(t:0, i:~)
2019-06-13 23:39:55,452 INFO  server.RaftServerConfigKeys (ConfUtils.java:logGet(43)) - raft.server.log.use.memory = false (default)
2019-06-13 23:39:55,452 INFO  server.RaftServerConfigKeys (ConfUtils.java:logGet(43)) - raft.server.leader.election.timeout = 120s (custom)
2019-06-13 23:39:55,452 INFO  server.RaftServerConfigKeys (ConfUtils.java:logGet(43)) - raft.server.log.appender.buffer.byte-limit = 33554432 (custom)
2019-06-13 23:39:55,452 INFO  util.JmxRegister (JmxRegister.java:tryRegister(44)) - Successfully registered JMX Bean with object name Ratis:service=RaftServer,group=group-178D2B32A734,id=9299f815-1407-4742-8c3f-0f3b78768541
2019-06-13 23:39:55,452 INFO  server.RaftServerConfigKeys (ConfUtils.java:logGet(43)) - raft.server.log.use.memory = false (default)
2019-06-13 23:39:55,452 INFO  server.RaftServerConfigKeys (ConfUtils.java:logGet(43)) - raft.server.log.segment.size.max = 16384 (custom)
2019-06-13 23:39:55,453 INFO  server.RaftServerConfigKeys (ConfUtils.java:logGet(43)) - raft.server.log.segment.cache.num.max = 2 (custom)
2019-06-13 23:39:55,453 INFO  storage.RaftLogWorker (RaftLogWorker.java:<init>(123)) - new 1f314dbf-d5e5-4b58-bcc1-1a1f388fbd2b-RaftLogWorker for Storage Directory /opt/src/hadoop-ozone/integration-test/target/test-dir/MiniOzoneClusterImpl-1d9e95da-22ba-4a50-8191-63453bbdd52f/datanode-5/data/ratis/c76c6ebb-3752-41bd-8403-178d2b32a734
2019-06-13 23:39:55,453 INFO  server.RaftServerConfigKeys (ConfUtils.java:logGet(43)) - raft.server.log.queue.byte-limit = 2147483647 (custom)
2019-06-13 23:39:55,453 INFO  server.RaftServerConfigKeys (ConfUtils.java:logGet(43)) - raft.server.log.queue.element-limit = 1024 (custom)
2019-06-13 23:39:55,452 INFO  server.RaftServerConfigKeys (ConfUtils.java:logGet(43)) - raft.server.log.appender.buffer.byte-limit = 33554432 (custom)
2019-06-13 23:39:55,453 INFO  server.RaftServerConfigKeys (ConfUtils.java:logGet(43)) - raft.server.log.segment.size.max = 16384 (custom)
2019-06-13 23:39:55,453 INFO  server.RaftServerConfigKeys (ConfUtils.java:logGet(43)) - raft.server.log.segment.size.max = 16384 (custom)
2019-06-13 23:39:55,454 INFO  server.RaftServerConfigKeys (ConfUtils.java:logGet(43)) - raft.server.log.segment.cache.num.max = 2 (custom)
2019-06-13 23:39:55,454 INFO  storage.RaftLogWorker (RaftLogWorker.java:<init>(123)) - new fb6ed8da-7ce5-4b0e-b083-ea535ec7a85a-RaftLogWorker for Storage Directory /opt/src/hadoop-ozone/integration-test/target/test-dir/MiniOzoneClusterImpl-1d9e95da-22ba-4a50-8191-63453bbdd52f/datanode-4/data/ratis/c76c6ebb-3752-41bd-8403-178d2b32a734
2019-06-13 23:39:55,454 INFO  server.RaftServerConfigKeys (ConfUtils.java:logGet(43)) - raft.server.log.queue.byte-limit = 2147483647 (custom)
2019-06-13 23:39:55,454 INFO  server.RaftServerConfigKeys (ConfUtils.java:logGet(43)) - raft.server.log.queue.element-limit = 1024 (custom)
2019-06-13 23:39:55,454 INFO  server.RaftServerConfigKeys (ConfUtils.java:logGet(43)) - raft.server.log.segment.size.max = 16384 (custom)
2019-06-13 23:39:55,454 INFO  server.RaftServerConfigKeys (ConfUtils.java:logGet(43)) - raft.server.log.preallocated.size = 16384 (custom)
2019-06-13 23:39:55,454 INFO  server.RaftServerConfigKeys (ConfUtils.java:logGet(43)) - raft.server.log.write.buffer.size = 33554432 (custom)
2019-06-13 23:39:55,454 INFO  server.RaftServerConfigKeys (ConfUtils.java:logGet(43)) - raft.server.log.force.sync.num = 128 (default)
2019-06-13 23:39:55,454 INFO  server.RaftServerConfigKeys (ConfUtils.java:logGet(43)) - raft.server.log.statemachine.data.sync = true (default)
2019-06-13 23:39:55,454 INFO  server.RaftServerConfigKeys (ConfUtils.java:logGet(43)) - raft.server.log.statemachine.data.sync.timeout = 10s (default)
2019-06-13 23:39:55,454 INFO  server.RaftServerConfigKeys (ConfUtils.java:logGet(43)) - raft.server.log.statemachine.data.sync.timeout.retry = -1 (default)
2019-06-13 23:39:55,455 INFO  server.RaftServerConfigKeys (ConfUtils.java:logGet(43)) - raft.server.log.statemachine.data.caching.enabled = true (custom)
2019-06-13 23:39:55,455 INFO  server.RaftServerConfigKeys (ConfUtils.java:logGet(43)) - raft.server.log.preallocated.size = 16384 (custom)
2019-06-13 23:39:55,455 INFO  server.RaftServerConfigKeys (ConfUtils.java:logGet(43)) - raft.server.log.write.buffer.size = 33554432 (custom)
2019-06-13 23:39:55,455 INFO  server.RaftServerConfigKeys (ConfUtils.java:logGet(43)) - raft.server.log.force.sync.num = 128 (default)
2019-06-13 23:39:55,455 INFO  server.RaftServerConfigKeys (ConfUtils.java:logGet(43)) - raft.server.log.statemachine.data.sync = true (default)
2019-06-13 23:39:55,455 INFO  server.RaftServerConfigKeys (ConfUtils.java:logGet(43)) - raft.server.log.statemachine.data.sync.timeout = 10s (default)
2019-06-13 23:39:55,455 INFO  server.RaftServerConfigKeys (ConfUtils.java:logGet(43)) - raft.server.log.statemachine.data.sync.timeout.retry = -1 (default)
2019-06-13 23:39:55,465 INFO  server.RaftServerConfigKeys (ConfUtils.java:logGet(43)) - raft.server.snapshot.auto.trigger.enabled = true (custom)
2019-06-13 23:39:55,466 INFO  server.RaftServerConfigKeys (ConfUtils.java:logGet(43)) - raft.server.snapshot.auto.trigger.threshold = 10000 (custom)
2019-06-13 23:39:55,466 INFO  server.RaftServerConfigKeys (ConfUtils.java:logGet(43)) - raft.server.retrycache.expirytime = 600000ms (custom)
2019-06-13 23:39:55,466 INFO  impl.RaftServerImpl (RaftServerImpl.java:start(173)) - fb6ed8da-7ce5-4b0e-b083-ea535ec7a85a: start group-178D2B32A734
2019-06-13 23:39:55,466 INFO  server.RaftServerConfigKeys (ConfUtils.java:logGet(43)) - raft.server.log.statemachine.data.caching.enabled = true (custom)
2019-06-13 23:39:55,466 INFO  impl.RaftServerImpl (RaftServerImpl.java:setRole(164)) - fb6ed8da-7ce5-4b0e-b083-ea535ec7a85a:group-178D2B32A734 changes role from null to FOLLOWER at term 0 for startAsFollower
2019-06-13 23:39:55,466 INFO  impl.RoleInfo (RoleInfo.java:updateAndGet(143)) - fb6ed8da-7ce5-4b0e-b083-ea535ec7a85a: start FollowerState
2019-06-13 23:39:55,469 INFO  server.RaftServerConfigKeys (ConfUtils.java:logGet(43)) - raft.server.snapshot.auto.trigger.enabled = true (custom)
2019-06-13 23:39:55,469 INFO  server.RaftServerConfigKeys (ConfUtils.java:logGet(43)) - raft.server.snapshot.auto.trigger.threshold = 10000 (custom)
2019-06-13 23:39:55,469 INFO  server.RaftServerConfigKeys (ConfUtils.java:logGet(43)) - raft.server.retrycache.expirytime = 600000ms (custom)
2019-06-13 23:39:55,469 INFO  util.JmxRegister (JmxRegister.java:tryRegister(44)) - Successfully registered JMX Bean with object name Ratis:service=RaftServer,group=group-178D2B32A734,id=fb6ed8da-7ce5-4b0e-b083-ea535ec7a85a
2019-06-13 23:39:55,469 INFO  impl.RaftServerImpl (RaftServerImpl.java:start(173)) - 1f314dbf-d5e5-4b58-bcc1-1a1f388fbd2b: start group-178D2B32A734
2019-06-13 23:39:55,469 INFO  impl.RaftServerImpl (RaftServerImpl.java:setRole(164)) - 1f314dbf-d5e5-4b58-bcc1-1a1f388fbd2b:group-178D2B32A734 changes role from null to FOLLOWER at term 0 for startAsFollower
2019-06-13 23:39:55,469 INFO  impl.RoleInfo (RoleInfo.java:updateAndGet(143)) - 1f314dbf-d5e5-4b58-bcc1-1a1f388fbd2b: start FollowerState
2019-06-13 23:39:55,470 INFO  util.JmxRegister (JmxRegister.java:tryRegister(44)) - Successfully registered JMX Bean with object name Ratis:service=RaftServer,group=group-178D2B32A734,id=1f314dbf-d5e5-4b58-bcc1-1a1f388fbd2b
2019-06-13 23:39:55,472 INFO  pipeline.PipelineStateManager (PipelineStateManager.java:addPipeline(56)) - Created pipeline Pipeline[ Id: c76c6ebb-3752-41bd-8403-178d2b32a734, Nodes: fb6ed8da-7ce5-4b0e-b083-ea535ec7a85a{ip: 192.168.105.138, host: ozone-g79bc-2755786375, networkLocation: /default-rack, certSerialId: null}1f314dbf-d5e5-4b58-bcc1-1a1f388fbd2b{ip: 192.168.105.138, host: ozone-g79bc-2755786375, networkLocation: /default-rack, certSerialId: null}9299f815-1407-4742-8c3f-0f3b78768541{ip: 192.168.105.138, host: ozone-g79bc-2755786375, networkLocation: /default-rack, certSerialId: null}, Type:RATIS, Factor:THREE, State:OPEN]
2019-06-13 23:39:55,575 INFO  ozone.MiniOzoneClusterImpl (MiniOzoneClusterImpl.java:lambda$waitForClusterToBeReady$0(142)) - Waiting for cluster to be ready. Got 6 of 7 DN Heartbeats.
2019-06-13 23:39:55,579 INFO  node.SCMNodeManager (SCMNodeManager.java:register(234)) - Registered Data node : 621a7293-9e5a-4c1f-b927-eb0b44186d3c{ip: 192.168.105.138, host: ozone-g79bc-2755786375, networkLocation: /default-rack, certSerialId: null}
2019-06-13 23:39:55,602 INFO  impl.RaftServerProxy (RaftServerProxy.java:addNew(89)) - 621a7293-9e5a-4c1f-b927-eb0b44186d3c: addNew group-FFCBC89751E1:[621a7293-9e5a-4c1f-b927-eb0b44186d3c:192.168.105.138:44765] returns group-FFCBC89751E1:java.util.concurrent.CompletableFuture@72cdfb83[Not completed]
2019-06-13 23:39:55,602 INFO  impl.RaftServerImpl (RaftServerImpl.java:<init>(91)) - 621a7293-9e5a-4c1f-b927-eb0b44186d3c: new RaftServerImpl for group-FFCBC89751E1:[621a7293-9e5a-4c1f-b927-eb0b44186d3c:192.168.105.138:44765] with ContainerStateMachine:uninitialized
2019-06-13 23:39:55,603 INFO  server.RaftServerConfigKeys (ConfUtils.java:logGet(43)) - raft.server.rpc.timeout.min = 1s (custom)
2019-06-13 23:39:55,603 INFO  server.RaftServerConfigKeys (ConfUtils.java:logGet(43)) - raft.server.rpc.timeout.max = 1200ms (custom)
2019-06-13 23:39:55,603 INFO  server.RaftServerConfigKeys (ConfUtils.java:logGet(43)) - raft.server.rpcslowness.timeout = 120s (custom)
2019-06-13 23:39:55,603 INFO  server.RaftServerConfigKeys (ConfUtils.java:logGet(43)) - raft.server.log.appender.install.snapshot.enabled = true (default)
2019-06-13 23:39:55,603 INFO  impl.RaftServerImpl (ServerState.java:<init>(101)) - 621a7293-9e5a-4c1f-b927-eb0b44186d3c:group-FFCBC89751E1 ConfigurationManager, init=-1: [621a7293-9e5a-4c1f-b927-eb0b44186d3c:192.168.105.138:44765], old=null, confs=<EMPTY_MAP>
2019-06-13 23:39:55,603 INFO  server.RaftServerConfigKeys (ConfUtils.java:logGet(43)) - raft.server.storage.dir = [/opt/src/hadoop-ozone/integration-test/target/test-dir/MiniOzoneClusterImpl-1d9e95da-22ba-4a50-8191-63453bbdd52f/datanode-6/data/ratis] (custom)
2019-06-13 23:39:55,603 INFO  storage.RaftStorageDirectory (RaftStorageDirectory.java:analyzeStorage(246)) - The storage directory /opt/src/hadoop-ozone/integration-test/target/test-dir/MiniOzoneClusterImpl-1d9e95da-22ba-4a50-8191-63453bbdd52f/datanode-6/data/ratis/f73ee066-0a34-4cd0-89c0-ffcbc89751e1 does not exist. Creating ...
2019-06-13 23:39:55,606 INFO  storage.RaftStorageDirectory (RaftStorageDirectory.java:tryLock(328)) - Lock on /opt/src/hadoop-ozone/integration-test/target/test-dir/MiniOzoneClusterImpl-1d9e95da-22ba-4a50-8191-63453bbdd52f/datanode-6/data/ratis/f73ee066-0a34-4cd0-89c0-ffcbc89751e1/in_use.lock acquired by nodename 18810@ozone-g79bc-2755786375
2019-06-13 23:39:55,608 INFO  storage.RaftStorage (RaftStorage.java:format(75)) - Storage directory /opt/src/hadoop-ozone/integration-test/target/test-dir/MiniOzoneClusterImpl-1d9e95da-22ba-4a50-8191-63453bbdd52f/datanode-6/data/ratis/f73ee066-0a34-4cd0-89c0-ffcbc89751e1 has been successfully formatted.
2019-06-13 23:39:55,608 INFO  ratis.ContainerStateMachine (ContainerStateMachine.java:loadSnapshot(199)) - The snapshot info is null.Setting the last applied index to:(t:0, i:~)
2019-06-13 23:39:55,608 INFO  server.RaftServerConfigKeys (ConfUtils.java:logGet(43)) - raft.server.leader.election.timeout = 120s (custom)
2019-06-13 23:39:55,608 INFO  server.RaftServerConfigKeys (ConfUtils.java:logGet(43)) - raft.server.log.use.memory = false (default)
2019-06-13 23:39:55,609 INFO  server.RaftServerConfigKeys (ConfUtils.java:logGet(43)) - raft.server.log.appender.buffer.byte-limit = 33554432 (custom)
2019-06-13 23:39:55,609 INFO  server.RaftServerConfigKeys (ConfUtils.java:logGet(43)) - raft.server.log.segment.size.max = 16384 (custom)
2019-06-13 23:39:55,609 INFO  server.RaftServerConfigKeys (ConfUtils.java:logGet(43)) - raft.server.log.segment.cache.num.max = 2 (custom)
2019-06-13 23:39:55,609 INFO  storage.RaftLogWorker (RaftLogWorker.java:<init>(123)) - new 621a7293-9e5a-4c1f-b927-eb0b44186d3c-RaftLogWorker for Storage Directory /opt/src/hadoop-ozone/integration-test/target/test-dir/MiniOzoneClusterImpl-1d9e95da-22ba-4a50-8191-63453bbdd52f/datanode-6/data/ratis/f73ee066-0a34-4cd0-89c0-ffcbc89751e1
2019-06-13 23:39:55,609 INFO  server.RaftServerConfigKeys (ConfUtils.java:logGet(43)) - raft.server.log.queue.byte-limit = 2147483647 (custom)
2019-06-13 23:39:55,609 INFO  server.RaftServerConfigKeys (ConfUtils.java:logGet(43)) - raft.server.log.queue.element-limit = 1024 (custom)
2019-06-13 23:39:55,609 INFO  server.RaftServerConfigKeys (ConfUtils.java:logGet(43)) - raft.server.log.segment.size.max = 16384 (custom)
2019-06-13 23:39:55,610 INFO  server.RaftServerConfigKeys (ConfUtils.java:logGet(43)) - raft.server.log.preallocated.size = 16384 (custom)
2019-06-13 23:39:55,610 INFO  server.RaftServerConfigKeys (ConfUtils.java:logGet(43)) - raft.server.log.write.buffer.size = 33554432 (custom)
2019-06-13 23:39:55,610 INFO  server.RaftServerConfigKeys (ConfUtils.java:logGet(43)) - raft.server.log.force.sync.num = 128 (default)
2019-06-13 23:39:55,610 INFO  server.RaftServerConfigKeys (ConfUtils.java:logGet(43)) - raft.server.log.statemachine.data.sync = true (default)
2019-06-13 23:39:55,610 INFO  server.RaftServerConfigKeys (ConfUtils.java:logGet(43)) - raft.server.log.statemachine.data.sync.timeout = 10s (default)
2019-06-13 23:39:55,610 INFO  server.RaftServerConfigKeys (ConfUtils.java:logGet(43)) - raft.server.log.statemachine.data.sync.timeout.retry = -1 (default)
2019-06-13 23:39:55,610 INFO  server.RaftServerConfigKeys (ConfUtils.java:logGet(43)) - raft.server.log.statemachine.data.caching.enabled = true (custom)
2019-06-13 23:39:55,616 INFO  server.RaftServerConfigKeys (ConfUtils.java:logGet(43)) - raft.server.snapshot.auto.trigger.enabled = true (custom)
2019-06-13 23:39:55,616 INFO  server.RaftServerConfigKeys (ConfUtils.java:logGet(43)) - raft.server.snapshot.auto.trigger.threshold = 10000 (custom)
2019-06-13 23:39:55,616 INFO  server.RaftServerConfigKeys (ConfUtils.java:logGet(43)) - raft.server.retrycache.expirytime = 600000ms (custom)
2019-06-13 23:39:55,616 INFO  impl.RaftServerImpl (RaftServerImpl.java:start(173)) - 621a7293-9e5a-4c1f-b927-eb0b44186d3c: start group-FFCBC89751E1
2019-06-13 23:39:55,617 INFO  impl.RaftServerImpl (RaftServerImpl.java:setRole(164)) - 621a7293-9e5a-4c1f-b927-eb0b44186d3c:group-FFCBC89751E1 changes role from null to FOLLOWER at term 0 for startAsFollower
2019-06-13 23:39:55,617 INFO  impl.RoleInfo (RoleInfo.java:updateAndGet(143)) - 621a7293-9e5a-4c1f-b927-eb0b44186d3c: start FollowerState
2019-06-13 23:39:55,619 INFO  impl.FollowerState (FollowerState.java:run(101)) - 47bcbdc1-c7e9-4920-9a84-4aada272adfe:group-ACC6DF8556C1 changes to CANDIDATE, lastRpcTime:1177, electionTimeout:1177ms
2019-06-13 23:39:55,619 INFO  impl.RoleInfo (RoleInfo.java:shutdownFollowerState(121)) - 47bcbdc1-c7e9-4920-9a84-4aada272adfe: shutdown FollowerState
2019-06-13 23:39:55,619 INFO  impl.RaftServerImpl (RaftServerImpl.java:setRole(164)) - 47bcbdc1-c7e9-4920-9a84-4aada272adfe:group-ACC6DF8556C1 changes role from FOLLOWER to CANDIDATE at term 0 for changeToCandidate
2019-06-13 23:39:55,623 INFO  impl.RoleInfo (RoleInfo.java:updateAndGet(143)) - 47bcbdc1-c7e9-4920-9a84-4aada272adfe: start LeaderElection
2019-06-13 23:39:55,624 INFO  util.JmxRegister (JmxRegister.java:tryRegister(44)) - Successfully registered JMX Bean with object name Ratis:service=RaftServer,group=group-FFCBC89751E1,id=621a7293-9e5a-4c1f-b927-eb0b44186d3c
2019-06-13 23:39:55,641 INFO  impl.LeaderElection (LeaderElection.java:askForVotes(181)) - 47bcbdc1-c7e9-4920-9a84-4aada272adfe:group-ACC6DF8556C1:LeaderElection39: begin an election at term 1 for -1: [47bcbdc1-c7e9-4920-9a84-4aada272adfe:192.168.105.138:33305], old=null
2019-06-13 23:39:55,641 INFO  impl.RoleInfo (RoleInfo.java:shutdownLeaderElection(134)) - 47bcbdc1-c7e9-4920-9a84-4aada272adfe: shutdown LeaderElection
2019-06-13 23:39:55,641 INFO  impl.RaftServerImpl (RaftServerImpl.java:setRole(164)) - 47bcbdc1-c7e9-4920-9a84-4aada272adfe:group-ACC6DF8556C1 changes role from CANDIDATE to LEADER at term 1 for changeToLeader
2019-06-13 23:39:55,641 INFO  impl.RaftServerImpl (ServerState.java:setLeader(263)) - 47bcbdc1-c7e9-4920-9a84-4aada272adfe:group-ACC6DF8556C1 change Leader from null to 47bcbdc1-c7e9-4920-9a84-4aada272adfe at term 1 for becomeLeader, leader elected after 1201ms
2019-06-13 23:39:55,641 INFO  server.RaftServerConfigKeys (ConfUtils.java:logGet(43)) - raft.server.staging.catchup.gap = 1000 (default)
2019-06-13 23:39:55,641 INFO  server.RaftServerConfigKeys (ConfUtils.java:logGet(43)) - raft.server.rpc.sleep.time = 25ms (default)
2019-06-13 23:39:55,641 INFO  server.RaftServerConfigKeys (ConfUtils.java:logGet(43)) - raft.server.watch.timeout = 10s (default)
2019-06-13 23:39:55,641 INFO  server.RaftServerConfigKeys (ConfUtils.java:logGet(43)) - raft.server.watch.timeout.denomination = 1s (default)
2019-06-13 23:39:55,642 INFO  impl.RoleInfo (RoleInfo.java:updateAndGet(143)) - 47bcbdc1-c7e9-4920-9a84-4aada272adfe: start LeaderState
2019-06-13 23:39:55,642 INFO  storage.RaftLogWorker (RaftLogWorker.java:startLogSegment(298)) - 47bcbdc1-c7e9-4920-9a84-4aada272adfe-RaftLogWorker: Starting segment from index:0
2019-06-13 23:39:55,644 INFO  impl.FollowerState (FollowerState.java:run(101)) - 1ea106d7-9b98-4cee-8ff6-7d75b64b893d:group-7CE3B2606FAF changes to CANDIDATE, lastRpcTime:1013, electionTimeout:1012ms
2019-06-13 23:39:55,644 INFO  impl.RoleInfo (RoleInfo.java:shutdownFollowerState(121)) - 1ea106d7-9b98-4cee-8ff6-7d75b64b893d: shutdown FollowerState
2019-06-13 23:39:55,644 INFO  impl.RaftServerImpl (RaftServerImpl.java:setRole(164)) - 1ea106d7-9b98-4cee-8ff6-7d75b64b893d:group-7CE3B2606FAF changes role from FOLLOWER to CANDIDATE at term 0 for changeToCandidate
2019-06-13 23:39:55,644 INFO  impl.RoleInfo (RoleInfo.java:updateAndGet(143)) - 1ea106d7-9b98-4cee-8ff6-7d75b64b893d: start LeaderElection
2019-06-13 23:39:55,645 INFO  pipeline.PipelineStateManager (PipelineStateManager.java:addPipeline(56)) - Created pipeline Pipeline[ Id: f73ee066-0a34-4cd0-89c0-ffcbc89751e1, Nodes: 621a7293-9e5a-4c1f-b927-eb0b44186d3c{ip: 192.168.105.138, host: ozone-g79bc-2755786375, networkLocation: /default-rack, certSerialId: null}, Type:RATIS, Factor:ONE, State:OPEN]
2019-06-13 23:39:55,672 INFO  impl.RaftServerImpl (ServerState.java:setRaftConf(361)) - 47bcbdc1-c7e9-4920-9a84-4aada272adfe:group-ACC6DF8556C1 set configuration 0: [47bcbdc1-c7e9-4920-9a84-4aada272adfe:192.168.105.138:33305], old=null at 0
2019-06-13 23:39:55,695 INFO  storage.RaftLogWorker (RaftLogWorker.java:execute(469)) - 47bcbdc1-c7e9-4920-9a84-4aada272adfe-RaftLogWorker: created new log segment /opt/src/hadoop-ozone/integration-test/target/test-dir/MiniOzoneClusterImpl-1d9e95da-22ba-4a50-8191-63453bbdd52f/datanode-1/data/ratis/18ee7e8a-0c65-4b2f-a46d-acc6df8556c1/current/log_inprogress_0
2019-06-13 23:39:55,696 INFO  impl.LeaderElection (LeaderElection.java:askForVotes(181)) - 1ea106d7-9b98-4cee-8ff6-7d75b64b893d:group-7CE3B2606FAF:LeaderElection40: begin an election at term 1 for -1: [1ea106d7-9b98-4cee-8ff6-7d75b64b893d:192.168.105.138:45495], old=null
2019-06-13 23:39:55,698 INFO  impl.RoleInfo (RoleInfo.java:shutdownLeaderElection(134)) - 1ea106d7-9b98-4cee-8ff6-7d75b64b893d: shutdown LeaderElection
2019-06-13 23:39:55,699 INFO  impl.RaftServerImpl (RaftServerImpl.java:setRole(164)) - 1ea106d7-9b98-4cee-8ff6-7d75b64b893d:group-7CE3B2606FAF changes role from CANDIDATE to LEADER at term 1 for changeToLeader
2019-06-13 23:39:55,699 INFO  impl.RaftServerImpl (ServerState.java:setLeader(263)) - 1ea106d7-9b98-4cee-8ff6-7d75b64b893d:group-7CE3B2606FAF change Leader from null to 1ea106d7-9b98-4cee-8ff6-7d75b64b893d at term 1 for becomeLeader, leader elected after 1070ms
2019-06-13 23:39:55,699 INFO  server.RaftServerConfigKeys (ConfUtils.java:logGet(43)) - raft.server.staging.catchup.gap = 1000 (default)
2019-06-13 23:39:55,699 INFO  server.RaftServerConfigKeys (ConfUtils.java:logGet(43)) - raft.server.rpc.sleep.time = 25ms (default)
2019-06-13 23:39:55,699 INFO  server.RaftServerConfigKeys (ConfUtils.java:logGet(43)) - raft.server.watch.timeout = 10s (default)
2019-06-13 23:39:55,699 INFO  server.RaftServerConfigKeys (ConfUtils.java:logGet(43)) - raft.server.watch.timeout.denomination = 1s (default)
2019-06-13 23:39:55,699 INFO  impl.RoleInfo (RoleInfo.java:updateAndGet(143)) - 1ea106d7-9b98-4cee-8ff6-7d75b64b893d: start LeaderState
2019-06-13 23:39:55,700 INFO  storage.RaftLogWorker (RaftLogWorker.java:startLogSegment(298)) - 1ea106d7-9b98-4cee-8ff6-7d75b64b893d-RaftLogWorker: Starting segment from index:0
2019-06-13 23:39:55,713 INFO  impl.RaftServerImpl (ServerState.java:setRaftConf(361)) - 1ea106d7-9b98-4cee-8ff6-7d75b64b893d:group-7CE3B2606FAF set configuration 0: [1ea106d7-9b98-4cee-8ff6-7d75b64b893d:192.168.105.138:45495], old=null at 0
2019-06-13 23:39:55,737 INFO  storage.RaftLogWorker (RaftLogWorker.java:execute(469)) - 1ea106d7-9b98-4cee-8ff6-7d75b64b893d-RaftLogWorker: created new log segment /opt/src/hadoop-ozone/integration-test/target/test-dir/MiniOzoneClusterImpl-1d9e95da-22ba-4a50-8191-63453bbdd52f/datanode-2/data/ratis/48012678-7b38-448d-932e-7ce3b2606faf/current/log_inprogress_0
2019-06-13 23:39:55,742 INFO  impl.FollowerState (FollowerState.java:run(101)) - cb89d4f8-1878-4ef8-9b04-c29334c05cac:group-EBBCCC61E3CC changes to CANDIDATE, lastRpcTime:1084, electionTimeout:1083ms
2019-06-13 23:39:55,742 INFO  impl.RoleInfo (RoleInfo.java:shutdownFollowerState(121)) - cb89d4f8-1878-4ef8-9b04-c29334c05cac: shutdown FollowerState
2019-06-13 23:39:55,742 INFO  impl.RaftServerImpl (RaftServerImpl.java:setRole(164)) - cb89d4f8-1878-4ef8-9b04-c29334c05cac:group-EBBCCC61E3CC changes role from FOLLOWER to CANDIDATE at term 0 for changeToCandidate
2019-06-13 23:39:55,742 INFO  impl.RoleInfo (RoleInfo.java:updateAndGet(143)) - cb89d4f8-1878-4ef8-9b04-c29334c05cac: start LeaderElection
2019-06-13 23:39:55,749 INFO  impl.LeaderElection (LeaderElection.java:askForVotes(181)) - cb89d4f8-1878-4ef8-9b04-c29334c05cac:group-EBBCCC61E3CC:LeaderElection41: begin an election at term 1 for -1: [cb89d4f8-1878-4ef8-9b04-c29334c05cac:192.168.105.138:39229, 1ea106d7-9b98-4cee-8ff6-7d75b64b893d:192.168.105.138:45495, 47bcbdc1-c7e9-4920-9a84-4aada272adfe:192.168.105.138:33305], old=null
2019-06-13 23:39:55,759 INFO  impl.RaftServerImpl (RaftServerImpl.java:setRole(164)) - 47bcbdc1-c7e9-4920-9a84-4aada272adfe:group-EBBCCC61E3CC changes role from FOLLOWER to FOLLOWER at term 1 for recognizeCandidate:cb89d4f8-1878-4ef8-9b04-c29334c05cac
2019-06-13 23:39:55,759 INFO  impl.RoleInfo (RoleInfo.java:shutdownFollowerState(121)) - 47bcbdc1-c7e9-4920-9a84-4aada272adfe: shutdown FollowerState
2019-06-13 23:39:55,759 INFO  impl.RoleInfo (RoleInfo.java:updateAndGet(143)) - 47bcbdc1-c7e9-4920-9a84-4aada272adfe: start FollowerState
2019-06-13 23:39:55,759 INFO  impl.FollowerState (FollowerState.java:run(109)) - 47bcbdc1-c7e9-4920-9a84-4aada272adfe: FollowerState was interrupted: java.lang.InterruptedException: sleep interrupted
2019-06-13 23:39:55,763 INFO  impl.RaftServerImpl (RaftServerImpl.java:setRole(164)) - 1ea106d7-9b98-4cee-8ff6-7d75b64b893d:group-EBBCCC61E3CC changes role from FOLLOWER to FOLLOWER at term 1 for recognizeCandidate:cb89d4f8-1878-4ef8-9b04-c29334c05cac
2019-06-13 23:39:55,763 INFO  impl.RoleInfo (RoleInfo.java:shutdownFollowerState(121)) - 1ea106d7-9b98-4cee-8ff6-7d75b64b893d: shutdown FollowerState
2019-06-13 23:39:55,763 INFO  impl.RoleInfo (RoleInfo.java:updateAndGet(143)) - 1ea106d7-9b98-4cee-8ff6-7d75b64b893d: start FollowerState
2019-06-13 23:39:55,763 INFO  impl.FollowerState (FollowerState.java:run(109)) - 1ea106d7-9b98-4cee-8ff6-7d75b64b893d: FollowerState was interrupted: java.lang.InterruptedException: sleep interrupted
2019-06-13 23:39:55,767 INFO  impl.LeaderElection (LeaderElection.java:logAndReturn(56)) - cb89d4f8-1878-4ef8-9b04-c29334c05cac:group-EBBCCC61E3CC:LeaderElection41: Election PASSED; received 1 response(s) [cb89d4f8-1878-4ef8-9b04-c29334c05cac->47bcbdc1-c7e9-4920-9a84-4aada272adfe,true-t1] and 0 exception(s); cb89d4f8-1878-4ef8-9b04-c29334c05cac:t1, leader=null, voted=cb89d4f8-1878-4ef8-9b04-c29334c05cac, raftlog=cb89d4f8-1878-4ef8-9b04-c29334c05cac-SegmentedRaftLog:OPENED:c-1,f-1,i0, conf=-1: [cb89d4f8-1878-4ef8-9b04-c29334c05cac:192.168.105.138:39229, 1ea106d7-9b98-4cee-8ff6-7d75b64b893d:192.168.105.138:45495, 47bcbdc1-c7e9-4920-9a84-4aada272adfe:192.168.105.138:33305], old=null
2019-06-13 23:39:55,767 INFO  impl.RoleInfo (RoleInfo.java:shutdownLeaderElection(134)) - cb89d4f8-1878-4ef8-9b04-c29334c05cac: shutdown LeaderElection
2019-06-13 23:39:55,767 INFO  impl.RaftServerImpl (RaftServerImpl.java:setRole(164)) - cb89d4f8-1878-4ef8-9b04-c29334c05cac:group-EBBCCC61E3CC changes role from CANDIDATE to LEADER at term 1 for changeToLeader
2019-06-13 23:39:55,767 INFO  impl.RaftServerImpl (ServerState.java:setLeader(263)) - cb89d4f8-1878-4ef8-9b04-c29334c05cac:group-EBBCCC61E3CC change Leader from null to cb89d4f8-1878-4ef8-9b04-c29334c05cac at term 1 for becomeLeader, leader elected after 1112ms
2019-06-13 23:39:55,767 INFO  server.RaftServerConfigKeys (ConfUtils.java:logGet(43)) - raft.server.staging.catchup.gap = 1000 (default)
2019-06-13 23:39:55,767 INFO  server.RaftServerConfigKeys (ConfUtils.java:logGet(43)) - raft.server.rpc.sleep.time = 25ms (default)
2019-06-13 23:39:55,767 INFO  server.RaftServerConfigKeys (ConfUtils.java:logGet(43)) - raft.server.watch.timeout = 10s (default)
2019-06-13 23:39:55,767 INFO  server.RaftServerConfigKeys (ConfUtils.java:logGet(43)) - raft.server.watch.timeout.denomination = 1s (default)
2019-06-13 23:39:55,767 INFO  server.RaftServerConfigKeys (ConfUtils.java:logGet(43)) - raft.server.log.appender.snapshot.chunk.size.max = 16MB (=16777216) (default)
2019-06-13 23:39:55,767 INFO  server.RaftServerConfigKeys (ConfUtils.java:logGet(43)) - raft.server.log.appender.buffer.byte-limit = 33554432 (custom)
2019-06-13 23:39:55,767 INFO  server.RaftServerConfigKeys (ConfUtils.java:logGet(43)) - raft.server.log.appender.buffer.element-limit = 1 (custom)
2019-06-13 23:39:55,768 INFO  grpc.GrpcConfigKeys$Server (ConfUtils.java:logGet(43)) - raft.grpc.server.leader.outstanding.appends.max = 128 (default)
2019-06-13 23:39:55,768 INFO  server.RaftServerConfigKeys (ConfUtils.java:logGet(43)) - raft.server.rpc.request.timeout = 3000ms (default)
2019-06-13 23:39:55,768 INFO  server.RaftServerConfigKeys (ConfUtils.java:logGet(43)) - raft.server.log.appender.install.snapshot.enabled = true (default)
2019-06-13 23:39:55,768 INFO  server.RaftServerConfigKeys (ConfUtils.java:logGet(43)) - raft.server.log.appender.snapshot.chunk.size.max = 16MB (=16777216) (default)
2019-06-13 23:39:55,768 INFO  server.RaftServerConfigKeys (ConfUtils.java:logGet(43)) - raft.server.log.appender.buffer.byte-limit = 33554432 (custom)
2019-06-13 23:39:55,768 INFO  server.RaftServerConfigKeys (ConfUtils.java:logGet(43)) - raft.server.log.appender.buffer.element-limit = 1 (custom)
2019-06-13 23:39:55,768 INFO  grpc.GrpcConfigKeys$Server (ConfUtils.java:logGet(43)) - raft.grpc.server.leader.outstanding.appends.max = 128 (default)
2019-06-13 23:39:55,768 INFO  server.RaftServerConfigKeys (ConfUtils.java:logGet(43)) - raft.server.rpc.request.timeout = 3000ms (default)
2019-06-13 23:39:55,768 INFO  server.RaftServerConfigKeys (ConfUtils.java:logGet(43)) - raft.server.log.appender.install.snapshot.enabled = true (default)
2019-06-13 23:39:55,768 INFO  impl.RoleInfo (RoleInfo.java:updateAndGet(143)) - cb89d4f8-1878-4ef8-9b04-c29334c05cac: start LeaderState
2019-06-13 23:39:55,768 INFO  storage.RaftLogWorker (RaftLogWorker.java:startLogSegment(298)) - cb89d4f8-1878-4ef8-9b04-c29334c05cac-RaftLogWorker: Starting segment from index:0
2019-06-13 23:39:55,769 INFO  impl.RaftServerImpl (ServerState.java:setRaftConf(361)) - cb89d4f8-1878-4ef8-9b04-c29334c05cac:group-EBBCCC61E3CC set configuration 0: [cb89d4f8-1878-4ef8-9b04-c29334c05cac:192.168.105.138:39229, 1ea106d7-9b98-4cee-8ff6-7d75b64b893d:192.168.105.138:45495, 47bcbdc1-c7e9-4920-9a84-4aada272adfe:192.168.105.138:33305], old=null at 0
2019-06-13 23:39:55,791 INFO  impl.RaftServerImpl (ServerState.java:setLeader(263)) - 47bcbdc1-c7e9-4920-9a84-4aada272adfe:group-EBBCCC61E3CC change Leader from null to cb89d4f8-1878-4ef8-9b04-c29334c05cac at term 1 for appendEntries, leader elected after 1138ms
2019-06-13 23:39:55,814 INFO  impl.RaftServerImpl (ServerState.java:setLeader(263)) - 1ea106d7-9b98-4cee-8ff6-7d75b64b893d:group-EBBCCC61E3CC change Leader from null to cb89d4f8-1878-4ef8-9b04-c29334c05cac at term 1 for appendEntries, leader elected after 1163ms
2019-06-13 23:39:55,820 INFO  impl.RaftServerImpl (ServerState.java:setRaftConf(361)) - 1ea106d7-9b98-4cee-8ff6-7d75b64b893d:group-EBBCCC61E3CC set configuration 0: [cb89d4f8-1878-4ef8-9b04-c29334c05cac:192.168.105.138:39229, 1ea106d7-9b98-4cee-8ff6-7d75b64b893d:192.168.105.138:45495, 47bcbdc1-c7e9-4920-9a84-4aada272adfe:192.168.105.138:33305], old=null at 0
2019-06-13 23:39:55,820 INFO  storage.RaftLogWorker (RaftLogWorker.java:startLogSegment(298)) - 1ea106d7-9b98-4cee-8ff6-7d75b64b893d-RaftLogWorker: Starting segment from index:0
2019-06-13 23:39:55,820 INFO  impl.RaftServerImpl (ServerState.java:setRaftConf(361)) - 47bcbdc1-c7e9-4920-9a84-4aada272adfe:group-EBBCCC61E3CC set configuration 0: [cb89d4f8-1878-4ef8-9b04-c29334c05cac:192.168.105.138:39229, 1ea106d7-9b98-4cee-8ff6-7d75b64b893d:192.168.105.138:45495, 47bcbdc1-c7e9-4920-9a84-4aada272adfe:192.168.105.138:33305], old=null at 0
2019-06-13 23:39:55,821 INFO  storage.RaftLogWorker (RaftLogWorker.java:startLogSegment(298)) - 47bcbdc1-c7e9-4920-9a84-4aada272adfe-RaftLogWorker: Starting segment from index:0
2019-06-13 23:39:55,820 INFO  storage.RaftLogWorker (RaftLogWorker.java:execute(469)) - cb89d4f8-1878-4ef8-9b04-c29334c05cac-RaftLogWorker: created new log segment /opt/src/hadoop-ozone/integration-test/target/test-dir/MiniOzoneClusterImpl-1d9e95da-22ba-4a50-8191-63453bbdd52f/datanode-0/data/ratis/15fd50c9-ba40-4150-9b3b-ebbccc61e3cc/current/log_inprogress_0
2019-06-13 23:39:55,867 INFO  storage.RaftLogWorker (RaftLogWorker.java:execute(469)) - 47bcbdc1-c7e9-4920-9a84-4aada272adfe-RaftLogWorker: created new log segment /opt/src/hadoop-ozone/integration-test/target/test-dir/MiniOzoneClusterImpl-1d9e95da-22ba-4a50-8191-63453bbdd52f/datanode-1/data/ratis/15fd50c9-ba40-4150-9b3b-ebbccc61e3cc/current/log_inprogress_0
2019-06-13 23:39:55,868 INFO  storage.RaftLogWorker (RaftLogWorker.java:execute(469)) - 1ea106d7-9b98-4cee-8ff6-7d75b64b893d-RaftLogWorker: created new log segment /opt/src/hadoop-ozone/integration-test/target/test-dir/MiniOzoneClusterImpl-1d9e95da-22ba-4a50-8191-63453bbdd52f/datanode-2/data/ratis/15fd50c9-ba40-4150-9b3b-ebbccc61e3cc/current/log_inprogress_0
2019-06-13 23:39:55,909 INFO  impl.FollowerState (FollowerState.java:run(101)) - 9299f815-1407-4742-8c3f-0f3b78768541:group-4E528DCB9BB0 changes to CANDIDATE, lastRpcTime:1042, electionTimeout:1042ms
2019-06-13 23:39:55,910 INFO  impl.RoleInfo (RoleInfo.java:shutdownFollowerState(121)) - 9299f815-1407-4742-8c3f-0f3b78768541: shutdown FollowerState
2019-06-13 23:39:55,910 INFO  impl.RaftServerImpl (RaftServerImpl.java:setRole(164)) - 9299f815-1407-4742-8c3f-0f3b78768541:group-4E528DCB9BB0 changes role from FOLLOWER to CANDIDATE at term 0 for changeToCandidate
2019-06-13 23:39:55,910 INFO  impl.RoleInfo (RoleInfo.java:updateAndGet(143)) - 9299f815-1407-4742-8c3f-0f3b78768541: start LeaderElection
2019-06-13 23:39:55,924 INFO  impl.LeaderElection (LeaderElection.java:askForVotes(181)) - 9299f815-1407-4742-8c3f-0f3b78768541:group-4E528DCB9BB0:LeaderElection42: begin an election at term 1 for -1: [9299f815-1407-4742-8c3f-0f3b78768541:192.168.105.138:40757], old=null
2019-06-13 23:39:55,924 INFO  impl.RoleInfo (RoleInfo.java:shutdownLeaderElection(134)) - 9299f815-1407-4742-8c3f-0f3b78768541: shutdown LeaderElection
2019-06-13 23:39:55,924 INFO  impl.RaftServerImpl (RaftServerImpl.java:setRole(164)) - 9299f815-1407-4742-8c3f-0f3b78768541:group-4E528DCB9BB0 changes role from CANDIDATE to LEADER at term 1 for changeToLeader
2019-06-13 23:39:55,924 INFO  impl.RaftServerImpl (ServerState.java:setLeader(263)) - 9299f815-1407-4742-8c3f-0f3b78768541:group-4E528DCB9BB0 change Leader from null to 9299f815-1407-4742-8c3f-0f3b78768541 at term 1 for becomeLeader, leader elected after 1059ms
2019-06-13 23:39:55,925 INFO  server.RaftServerConfigKeys (ConfUtils.java:logGet(43)) - raft.server.staging.catchup.gap = 1000 (default)
2019-06-13 23:39:55,925 INFO  server.RaftServerConfigKeys (ConfUtils.java:logGet(43)) - raft.server.rpc.sleep.time = 25ms (default)
2019-06-13 23:39:55,925 INFO  server.RaftServerConfigKeys (ConfUtils.java:logGet(43)) - raft.server.watch.timeout = 10s (default)
2019-06-13 23:39:55,925 INFO  server.RaftServerConfigKeys (ConfUtils.java:logGet(43)) - raft.server.watch.timeout.denomination = 1s (default)
2019-06-13 23:39:55,925 INFO  impl.RoleInfo (RoleInfo.java:updateAndGet(143)) - 9299f815-1407-4742-8c3f-0f3b78768541: start LeaderState
2019-06-13 23:39:55,925 INFO  storage.RaftLogWorker (RaftLogWorker.java:startLogSegment(298)) - 9299f815-1407-4742-8c3f-0f3b78768541-RaftLogWorker: Starting segment from index:0
2019-06-13 23:39:55,933 INFO  impl.RaftServerImpl (ServerState.java:setRaftConf(361)) - 9299f815-1407-4742-8c3f-0f3b78768541:group-4E528DCB9BB0 set configuration 0: [9299f815-1407-4742-8c3f-0f3b78768541:192.168.105.138:40757], old=null at 0
2019-06-13 23:39:55,969 INFO  storage.RaftLogWorker (RaftLogWorker.java:execute(469)) - 9299f815-1407-4742-8c3f-0f3b78768541-RaftLogWorker: created new log segment /opt/src/hadoop-ozone/integration-test/target/test-dir/MiniOzoneClusterImpl-1d9e95da-22ba-4a50-8191-63453bbdd52f/datanode-3/data/ratis/00bd7bbb-9e90-4928-81f0-4e528dcb9bb0/current/log_inprogress_0
2019-06-13 23:39:56,311 INFO  impl.FollowerState (FollowerState.java:run(101)) - fb6ed8da-7ce5-4b0e-b083-ea535ec7a85a:group-3EEF25FDFE24 changes to CANDIDATE, lastRpcTime:1115, electionTimeout:1115ms
2019-06-13 23:39:56,311 INFO  impl.RoleInfo (RoleInfo.java:shutdownFollowerState(121)) - fb6ed8da-7ce5-4b0e-b083-ea535ec7a85a: shutdown FollowerState
2019-06-13 23:39:56,311 INFO  impl.RaftServerImpl (RaftServerImpl.java:setRole(164)) - fb6ed8da-7ce5-4b0e-b083-ea535ec7a85a:group-3EEF25FDFE24 changes role from FOLLOWER to CANDIDATE at term 0 for changeToCandidate
2019-06-13 23:39:56,311 INFO  impl.RoleInfo (RoleInfo.java:updateAndGet(143)) - fb6ed8da-7ce5-4b0e-b083-ea535ec7a85a: start LeaderElection
2019-06-13 23:39:56,317 INFO  impl.LeaderElection (LeaderElection.java:askForVotes(181)) - fb6ed8da-7ce5-4b0e-b083-ea535ec7a85a:group-3EEF25FDFE24:LeaderElection43: begin an election at term 1 for -1: [fb6ed8da-7ce5-4b0e-b083-ea535ec7a85a:192.168.105.138:38873], old=null
2019-06-13 23:39:56,318 INFO  impl.RoleInfo (RoleInfo.java:shutdownLeaderElection(134)) - fb6ed8da-7ce5-4b0e-b083-ea535ec7a85a: shutdown LeaderElection
2019-06-13 23:39:56,318 INFO  impl.RaftServerImpl (RaftServerImpl.java:setRole(164)) - fb6ed8da-7ce5-4b0e-b083-ea535ec7a85a:group-3EEF25FDFE24 changes role from CANDIDATE to LEADER at term 1 for changeToLeader
2019-06-13 23:39:56,318 INFO  impl.RaftServerImpl (ServerState.java:setLeader(263)) - fb6ed8da-7ce5-4b0e-b083-ea535ec7a85a:group-3EEF25FDFE24 change Leader from null to fb6ed8da-7ce5-4b0e-b083-ea535ec7a85a at term 1 for becomeLeader, leader elected after 1124ms
2019-06-13 23:39:56,318 INFO  server.RaftServerConfigKeys (ConfUtils.java:logGet(43)) - raft.server.staging.catchup.gap = 1000 (default)
2019-06-13 23:39:56,318 INFO  server.RaftServerConfigKeys (ConfUtils.java:logGet(43)) - raft.server.rpc.sleep.time = 25ms (default)
2019-06-13 23:39:56,318 INFO  server.RaftServerConfigKeys (ConfUtils.java:logGet(43)) - raft.server.watch.timeout = 10s (default)
2019-06-13 23:39:56,318 INFO  server.RaftServerConfigKeys (ConfUtils.java:logGet(43)) - raft.server.watch.timeout.denomination = 1s (default)
2019-06-13 23:39:56,318 INFO  impl.RoleInfo (RoleInfo.java:updateAndGet(143)) - fb6ed8da-7ce5-4b0e-b083-ea535ec7a85a: start LeaderState
2019-06-13 23:39:56,318 INFO  storage.RaftLogWorker (RaftLogWorker.java:startLogSegment(298)) - fb6ed8da-7ce5-4b0e-b083-ea535ec7a85a-RaftLogWorker: Starting segment from index:0
2019-06-13 23:39:56,321 INFO  impl.RaftServerImpl (ServerState.java:setRaftConf(361)) - fb6ed8da-7ce5-4b0e-b083-ea535ec7a85a:group-3EEF25FDFE24 set configuration 0: [fb6ed8da-7ce5-4b0e-b083-ea535ec7a85a:192.168.105.138:38873], old=null at 0
2019-06-13 23:39:56,355 INFO  storage.RaftLogWorker (RaftLogWorker.java:execute(469)) - fb6ed8da-7ce5-4b0e-b083-ea535ec7a85a-RaftLogWorker: created new log segment /opt/src/hadoop-ozone/integration-test/target/test-dir/MiniOzoneClusterImpl-1d9e95da-22ba-4a50-8191-63453bbdd52f/datanode-4/data/ratis/72598c4f-2fbe-47e4-84b6-3eef25fdfe24/current/log_inprogress_0
2019-06-13 23:39:56,495 INFO  impl.FollowerState (FollowerState.java:run(101)) - 1f314dbf-d5e5-4b58-bcc1-1a1f388fbd2b:group-C39021B41436 changes to CANDIDATE, lastRpcTime:1069, electionTimeout:1069ms
2019-06-13 23:39:56,495 INFO  impl.RoleInfo (RoleInfo.java:shutdownFollowerState(121)) - 1f314dbf-d5e5-4b58-bcc1-1a1f388fbd2b: shutdown FollowerState
2019-06-13 23:39:56,495 INFO  impl.RaftServerImpl (RaftServerImpl.java:setRole(164)) - 1f314dbf-d5e5-4b58-bcc1-1a1f388fbd2b:group-C39021B41436 changes role from FOLLOWER to CANDIDATE at term 0 for changeToCandidate
2019-06-13 23:39:56,495 INFO  impl.RoleInfo (RoleInfo.java:updateAndGet(143)) - 1f314dbf-d5e5-4b58-bcc1-1a1f388fbd2b: start LeaderElection
2019-06-13 23:39:56,502 INFO  impl.LeaderElection (LeaderElection.java:askForVotes(181)) - 1f314dbf-d5e5-4b58-bcc1-1a1f388fbd2b:group-C39021B41436:LeaderElection44: begin an election at term 1 for -1: [1f314dbf-d5e5-4b58-bcc1-1a1f388fbd2b:192.168.105.138:46229], old=null
2019-06-13 23:39:56,502 INFO  impl.RoleInfo (RoleInfo.java:shutdownLeaderElection(134)) - 1f314dbf-d5e5-4b58-bcc1-1a1f388fbd2b: shutdown LeaderElection
2019-06-13 23:39:56,502 INFO  impl.RaftServerImpl (RaftServerImpl.java:setRole(164)) - 1f314dbf-d5e5-4b58-bcc1-1a1f388fbd2b:group-C39021B41436 changes role from CANDIDATE to LEADER at term 1 for changeToLeader
2019-06-13 23:39:56,502 INFO  impl.RaftServerImpl (ServerState.java:setLeader(263)) - 1f314dbf-d5e5-4b58-bcc1-1a1f388fbd2b:group-C39021B41436 change Leader from null to 1f314dbf-d5e5-4b58-bcc1-1a1f388fbd2b at term 1 for becomeLeader, leader elected after 1079ms
2019-06-13 23:39:56,502 INFO  server.RaftServerConfigKeys (ConfUtils.java:logGet(43)) - raft.server.staging.catchup.gap = 1000 (default)
2019-06-13 23:39:56,502 INFO  server.RaftServerConfigKeys (ConfUtils.java:logGet(43)) - raft.server.rpc.sleep.time = 25ms (default)
2019-06-13 23:39:56,503 INFO  server.RaftServerConfigKeys (ConfUtils.java:logGet(43)) - raft.server.watch.timeout = 10s (default)
2019-06-13 23:39:56,503 INFO  server.RaftServerConfigKeys (ConfUtils.java:logGet(43)) - raft.server.watch.timeout.denomination = 1s (default)
2019-06-13 23:39:56,503 INFO  impl.RoleInfo (RoleInfo.java:updateAndGet(143)) - 1f314dbf-d5e5-4b58-bcc1-1a1f388fbd2b: start LeaderState
2019-06-13 23:39:56,503 INFO  storage.RaftLogWorker (RaftLogWorker.java:startLogSegment(298)) - 1f314dbf-d5e5-4b58-bcc1-1a1f388fbd2b-RaftLogWorker: Starting segment from index:0
2019-06-13 23:39:56,504 INFO  impl.RaftServerImpl (ServerState.java:setRaftConf(361)) - 1f314dbf-d5e5-4b58-bcc1-1a1f388fbd2b:group-C39021B41436 set configuration 0: [1f314dbf-d5e5-4b58-bcc1-1a1f388fbd2b:192.168.105.138:46229], old=null at 0
2019-06-13 23:39:56,543 INFO  storage.RaftLogWorker (RaftLogWorker.java:execute(469)) - 1f314dbf-d5e5-4b58-bcc1-1a1f388fbd2b-RaftLogWorker: created new log segment /opt/src/hadoop-ozone/integration-test/target/test-dir/MiniOzoneClusterImpl-1d9e95da-22ba-4a50-8191-63453bbdd52f/datanode-5/data/ratis/2dfee805-713e-4480-af37-c39021b41436/current/log_inprogress_0
2019-06-13 23:39:56,555 INFO  impl.FollowerState (FollowerState.java:run(101)) - 1f314dbf-d5e5-4b58-bcc1-1a1f388fbd2b:group-178D2B32A734 changes to CANDIDATE, lastRpcTime:1085, electionTimeout:1085ms
2019-06-13 23:39:56,555 INFO  impl.RoleInfo (RoleInfo.java:shutdownFollowerState(121)) - 1f314dbf-d5e5-4b58-bcc1-1a1f388fbd2b: shutdown FollowerState
2019-06-13 23:39:56,555 INFO  impl.RaftServerImpl (RaftServerImpl.java:setRole(164)) - 1f314dbf-d5e5-4b58-bcc1-1a1f388fbd2b:group-178D2B32A734 changes role from FOLLOWER to CANDIDATE at term 0 for changeToCandidate
2019-06-13 23:39:56,555 INFO  impl.RoleInfo (RoleInfo.java:updateAndGet(143)) - 1f314dbf-d5e5-4b58-bcc1-1a1f388fbd2b: start LeaderElection
2019-06-13 23:39:56,561 INFO  impl.LeaderElection (LeaderElection.java:askForVotes(181)) - 1f314dbf-d5e5-4b58-bcc1-1a1f388fbd2b:group-178D2B32A734:LeaderElection45: begin an election at term 1 for -1: [1f314dbf-d5e5-4b58-bcc1-1a1f388fbd2b:192.168.105.138:46229, 9299f815-1407-4742-8c3f-0f3b78768541:192.168.105.138:40757, fb6ed8da-7ce5-4b0e-b083-ea535ec7a85a:192.168.105.138:38873], old=null
2019-06-13 23:39:56,575 INFO  ozone.MiniOzoneClusterImpl (MiniOzoneClusterImpl.java:lambda$waitForClusterToBeReady$0(142)) - Cluster is ready. Got 7 of 7 DN Heartbeats.
2019-06-13 23:39:56,582 INFO  impl.RaftServerImpl (RaftServerImpl.java:setRole(164)) - fb6ed8da-7ce5-4b0e-b083-ea535ec7a85a:group-178D2B32A734 changes role from FOLLOWER to FOLLOWER at term 1 for recognizeCandidate:1f314dbf-d5e5-4b58-bcc1-1a1f388fbd2b
2019-06-13 23:39:56,582 INFO  impl.RoleInfo (RoleInfo.java:shutdownFollowerState(121)) - fb6ed8da-7ce5-4b0e-b083-ea535ec7a85a: shutdown FollowerState
2019-06-13 23:39:56,583 INFO  impl.RoleInfo (RoleInfo.java:updateAndGet(143)) - fb6ed8da-7ce5-4b0e-b083-ea535ec7a85a: start FollowerState
2019-06-13 23:39:56,583 INFO  impl.FollowerState (FollowerState.java:run(109)) - fb6ed8da-7ce5-4b0e-b083-ea535ec7a85a: FollowerState was interrupted: java.lang.InterruptedException: sleep interrupted
2019-06-13 23:39:56,586 INFO  impl.RaftServerImpl (RaftServerImpl.java:setRole(164)) - 9299f815-1407-4742-8c3f-0f3b78768541:group-178D2B32A734 changes role from FOLLOWER to FOLLOWER at term 1 for recognizeCandidate:1f314dbf-d5e5-4b58-bcc1-1a1f388fbd2b
2019-06-13 23:39:56,586 INFO  impl.RoleInfo (RoleInfo.java:shutdownFollowerState(121)) - 9299f815-1407-4742-8c3f-0f3b78768541: shutdown FollowerState
2019-06-13 23:39:56,586 INFO  impl.RoleInfo (RoleInfo.java:updateAndGet(143)) - 9299f815-1407-4742-8c3f-0f3b78768541: start FollowerState
2019-06-13 23:39:56,586 INFO  impl.FollowerState (FollowerState.java:run(109)) - 9299f815-1407-4742-8c3f-0f3b78768541: FollowerState was interrupted: java.lang.InterruptedException: sleep interrupted
2019-06-13 23:39:56,587 INFO  impl.LeaderElection (LeaderElection.java:logAndReturn(56)) - 1f314dbf-d5e5-4b58-bcc1-1a1f388fbd2b:group-178D2B32A734:LeaderElection45: Election PASSED; received 1 response(s) [1f314dbf-d5e5-4b58-bcc1-1a1f388fbd2b->fb6ed8da-7ce5-4b0e-b083-ea535ec7a85a,true-t1] and 0 exception(s); 1f314dbf-d5e5-4b58-bcc1-1a1f388fbd2b:t1, leader=null, voted=1f314dbf-d5e5-4b58-bcc1-1a1f388fbd2b, raftlog=1f314dbf-d5e5-4b58-bcc1-1a1f388fbd2b-SegmentedRaftLog:OPENED:c-1,f-1,i0, conf=-1: [1f314dbf-d5e5-4b58-bcc1-1a1f388fbd2b:192.168.105.138:46229, 9299f815-1407-4742-8c3f-0f3b78768541:192.168.105.138:40757, fb6ed8da-7ce5-4b0e-b083-ea535ec7a85a:192.168.105.138:38873], old=null
2019-06-13 23:39:56,587 INFO  impl.RoleInfo (RoleInfo.java:shutdownLeaderElection(134)) - 1f314dbf-d5e5-4b58-bcc1-1a1f388fbd2b: shutdown LeaderElection
2019-06-13 23:39:56,587 INFO  impl.RaftServerImpl (RaftServerImpl.java:setRole(164)) - 1f314dbf-d5e5-4b58-bcc1-1a1f388fbd2b:group-178D2B32A734 changes role from CANDIDATE to LEADER at term 1 for changeToLeader
2019-06-13 23:39:56,587 INFO  impl.RaftServerImpl (ServerState.java:setLeader(263)) - 1f314dbf-d5e5-4b58-bcc1-1a1f388fbd2b:group-178D2B32A734 change Leader from null to 1f314dbf-d5e5-4b58-bcc1-1a1f388fbd2b at term 1 for becomeLeader, leader elected after 1135ms
2019-06-13 23:39:56,587 INFO  server.RaftServerConfigKeys (ConfUtils.java:logGet(43)) - raft.server.staging.catchup.gap = 1000 (default)
2019-06-13 23:39:56,587 INFO  server.RaftServerConfigKeys (ConfUtils.java:logGet(43)) - raft.server.rpc.sleep.time = 25ms (default)
2019-06-13 23:39:56,587 INFO  server.RaftServerConfigKeys (ConfUtils.java:logGet(43)) - raft.server.watch.timeout = 10s (default)
2019-06-13 23:39:56,587 INFO  server.RaftServerConfigKeys (ConfUtils.java:logGet(43)) - raft.server.watch.timeout.denomination = 1s (default)
2019-06-13 23:39:56,588 INFO  server.RaftServerConfigKeys (ConfUtils.java:logGet(43)) - raft.server.log.appender.snapshot.chunk.size.max = 16MB (=16777216) (default)
2019-06-13 23:39:56,588 INFO  server.RaftServerConfigKeys (ConfUtils.java:logGet(43)) - raft.server.log.appender.buffer.byte-limit = 33554432 (custom)
2019-06-13 23:39:56,588 INFO  server.RaftServerConfigKeys (ConfUtils.java:logGet(43)) - raft.server.log.appender.buffer.element-limit = 1 (custom)
2019-06-13 23:39:56,588 INFO  grpc.GrpcConfigKeys$Server (ConfUtils.java:logGet(43)) - raft.grpc.server.leader.outstanding.appends.max = 128 (default)
2019-06-13 23:39:56,588 INFO  server.RaftServerConfigKeys (ConfUtils.java:logGet(43)) - raft.server.rpc.request.timeout = 3000ms (default)
2019-06-13 23:39:56,588 INFO  server.RaftServerConfigKeys (ConfUtils.java:logGet(43)) - raft.server.log.appender.install.snapshot.enabled = true (default)
2019-06-13 23:39:56,588 INFO  server.RaftServerConfigKeys (ConfUtils.java:logGet(43)) - raft.server.log.appender.snapshot.chunk.size.max = 16MB (=16777216) (default)
2019-06-13 23:39:56,589 INFO  server.RaftServerConfigKeys (ConfUtils.java:logGet(43)) - raft.server.log.appender.buffer.byte-limit = 33554432 (custom)
2019-06-13 23:39:56,589 INFO  server.RaftServerConfigKeys (ConfUtils.java:logGet(43)) - raft.server.log.appender.buffer.element-limit = 1 (custom)
2019-06-13 23:39:56,589 INFO  grpc.GrpcConfigKeys$Server (ConfUtils.java:logGet(43)) - raft.grpc.server.leader.outstanding.appends.max = 128 (default)
2019-06-13 23:39:56,589 INFO  server.RaftServerConfigKeys (ConfUtils.java:logGet(43)) - raft.server.rpc.request.timeout = 3000ms (default)
2019-06-13 23:39:56,589 INFO  server.RaftServerConfigKeys (ConfUtils.java:logGet(43)) - raft.server.log.appender.install.snapshot.enabled = true (default)
2019-06-13 23:39:56,589 INFO  impl.RoleInfo (RoleInfo.java:updateAndGet(143)) - 1f314dbf-d5e5-4b58-bcc1-1a1f388fbd2b: start LeaderState
2019-06-13 23:39:56,589 INFO  storage.RaftLogWorker (RaftLogWorker.java:startLogSegment(298)) - 1f314dbf-d5e5-4b58-bcc1-1a1f388fbd2b-RaftLogWorker: Starting segment from index:0
2019-06-13 23:39:56,610 INFO  impl.RaftServerImpl (ServerState.java:setRaftConf(361)) - 1f314dbf-d5e5-4b58-bcc1-1a1f388fbd2b:group-178D2B32A734 set configuration 0: [1f314dbf-d5e5-4b58-bcc1-1a1f388fbd2b:192.168.105.138:46229, 9299f815-1407-4742-8c3f-0f3b78768541:192.168.105.138:40757, fb6ed8da-7ce5-4b0e-b083-ea535ec7a85a:192.168.105.138:38873], old=null at 0
2019-06-13 23:39:56,645 INFO  impl.RaftServerImpl (ServerState.java:setLeader(263)) - 9299f815-1407-4742-8c3f-0f3b78768541:group-178D2B32A734 change Leader from null to 1f314dbf-d5e5-4b58-bcc1-1a1f388fbd2b at term 1 for appendEntries, leader elected after 1196ms
2019-06-13 23:39:56,645 INFO  storage.RaftLogWorker (RaftLogWorker.java:execute(469)) - 1f314dbf-d5e5-4b58-bcc1-1a1f388fbd2b-RaftLogWorker: created new log segment /opt/src/hadoop-ozone/integration-test/target/test-dir/MiniOzoneClusterImpl-1d9e95da-22ba-4a50-8191-63453bbdd52f/datanode-5/data/ratis/c76c6ebb-3752-41bd-8403-178d2b32a734/current/log_inprogress_0
2019-06-13 23:39:56,645 INFO  impl.RaftServerImpl (ServerState.java:setLeader(263)) - fb6ed8da-7ce5-4b0e-b083-ea535ec7a85a:group-178D2B32A734 change Leader from null to 1f314dbf-d5e5-4b58-bcc1-1a1f388fbd2b at term 1 for appendEntries, leader elected after 1193ms
2019-06-13 23:39:56,648 INFO  impl.RaftServerImpl (ServerState.java:setRaftConf(361)) - 9299f815-1407-4742-8c3f-0f3b78768541:group-178D2B32A734 set configuration 0: [1f314dbf-d5e5-4b58-bcc1-1a1f388fbd2b:192.168.105.138:46229, 9299f815-1407-4742-8c3f-0f3b78768541:192.168.105.138:40757, fb6ed8da-7ce5-4b0e-b083-ea535ec7a85a:192.168.105.138:38873], old=null at 0
2019-06-13 23:39:56,648 INFO  storage.RaftLogWorker (RaftLogWorker.java:startLogSegment(298)) - 9299f815-1407-4742-8c3f-0f3b78768541-RaftLogWorker: Starting segment from index:0
2019-06-13 23:39:56,679 INFO  impl.FollowerState (FollowerState.java:run(101)) - 621a7293-9e5a-4c1f-b927-eb0b44186d3c:group-FFCBC89751E1 changes to CANDIDATE, lastRpcTime:1062, electionTimeout:1052ms
2019-06-13 23:39:56,679 INFO  impl.RoleInfo (RoleInfo.java:shutdownFollowerState(121)) - 621a7293-9e5a-4c1f-b927-eb0b44186d3c: shutdown FollowerState
2019-06-13 23:39:56,679 INFO  impl.RaftServerImpl (RaftServerImpl.java:setRole(164)) - 621a7293-9e5a-4c1f-b927-eb0b44186d3c:group-FFCBC89751E1 changes role from FOLLOWER to CANDIDATE at term 0 for changeToCandidate
2019-06-13 23:39:56,679 INFO  impl.RoleInfo (RoleInfo.java:updateAndGet(143)) - 621a7293-9e5a-4c1f-b927-eb0b44186d3c: start LeaderElection
2019-06-13 23:39:56,706 INFO  impl.RaftServerImpl (ServerState.java:setRaftConf(361)) - fb6ed8da-7ce5-4b0e-b083-ea535ec7a85a:group-178D2B32A734 set configuration 0: [1f314dbf-d5e5-4b58-bcc1-1a1f388fbd2b:192.168.105.138:46229, 9299f815-1407-4742-8c3f-0f3b78768541:192.168.105.138:40757, fb6ed8da-7ce5-4b0e-b083-ea535ec7a85a:192.168.105.138:38873], old=null at 0
2019-06-13 23:39:56,706 INFO  storage.RaftLogWorker (RaftLogWorker.java:startLogSegment(298)) - fb6ed8da-7ce5-4b0e-b083-ea535ec7a85a-RaftLogWorker: Starting segment from index:0
2019-06-13 23:39:56,711 INFO  storage.RaftLogWorker (RaftLogWorker.java:execute(469)) - 9299f815-1407-4742-8c3f-0f3b78768541-RaftLogWorker: created new log segment /opt/src/hadoop-ozone/integration-test/target/test-dir/MiniOzoneClusterImpl-1d9e95da-22ba-4a50-8191-63453bbdd52f/datanode-3/data/ratis/c76c6ebb-3752-41bd-8403-178d2b32a734/current/log_inprogress_0
2019-06-13 23:39:56,712 INFO  rpc.RpcClient (RpcClient.java:createVolume(289)) - Creating Volume: watchforcommithandlingtest, with root as owner.
2019-06-13 23:39:56,714 INFO  impl.LeaderElection (LeaderElection.java:askForVotes(181)) - 621a7293-9e5a-4c1f-b927-eb0b44186d3c:group-FFCBC89751E1:LeaderElection46: begin an election at term 1 for -1: [621a7293-9e5a-4c1f-b927-eb0b44186d3c:192.168.105.138:44765], old=null
2019-06-13 23:39:56,714 INFO  impl.RoleInfo (RoleInfo.java:shutdownLeaderElection(134)) - 621a7293-9e5a-4c1f-b927-eb0b44186d3c: shutdown LeaderElection
2019-06-13 23:39:56,714 INFO  impl.RaftServerImpl (RaftServerImpl.java:setRole(164)) - 621a7293-9e5a-4c1f-b927-eb0b44186d3c:group-FFCBC89751E1 changes role from CANDIDATE to LEADER at term 1 for changeToLeader
2019-06-13 23:39:56,714 INFO  impl.RaftServerImpl (ServerState.java:setLeader(263)) - 621a7293-9e5a-4c1f-b927-eb0b44186d3c:group-FFCBC89751E1 change Leader from null to 621a7293-9e5a-4c1f-b927-eb0b44186d3c at term 1 for becomeLeader, leader elected after 1105ms
2019-06-13 23:39:56,714 INFO  server.RaftServerConfigKeys (ConfUtils.java:logGet(43)) - raft.server.staging.catchup.gap = 1000 (default)
2019-06-13 23:39:56,714 INFO  server.RaftServerConfigKeys (ConfUtils.java:logGet(43)) - raft.server.rpc.sleep.time = 25ms (default)
2019-06-13 23:39:56,714 INFO  server.RaftServerConfigKeys (ConfUtils.java:logGet(43)) - raft.server.watch.timeout = 10s (default)
2019-06-13 23:39:56,715 INFO  server.RaftServerConfigKeys (ConfUtils.java:logGet(43)) - raft.server.watch.timeout.denomination = 1s (default)
2019-06-13 23:39:56,731 INFO  impl.RoleInfo (RoleInfo.java:updateAndGet(143)) - 621a7293-9e5a-4c1f-b927-eb0b44186d3c: start LeaderState
2019-06-13 23:39:56,732 INFO  storage.RaftLogWorker (RaftLogWorker.java:startLogSegment(298)) - 621a7293-9e5a-4c1f-b927-eb0b44186d3c-RaftLogWorker: Starting segment from index:0
2019-06-13 23:39:56,733 INFO  impl.RaftServerImpl (ServerState.java:setRaftConf(361)) - 621a7293-9e5a-4c1f-b927-eb0b44186d3c:group-FFCBC89751E1 set configuration 0: [621a7293-9e5a-4c1f-b927-eb0b44186d3c:192.168.105.138:44765], old=null at 0
2019-06-13 23:39:56,775 INFO  storage.RaftLogWorker (RaftLogWorker.java:execute(469)) - fb6ed8da-7ce5-4b0e-b083-ea535ec7a85a-RaftLogWorker: created new log segment /opt/src/hadoop-ozone/integration-test/target/test-dir/MiniOzoneClusterImpl-1d9e95da-22ba-4a50-8191-63453bbdd52f/datanode-4/data/ratis/c76c6ebb-3752-41bd-8403-178d2b32a734/current/log_inprogress_0
2019-06-13 23:39:56,775 INFO  storage.RaftLogWorker (RaftLogWorker.java:execute(469)) - 621a7293-9e5a-4c1f-b927-eb0b44186d3c-RaftLogWorker: created new log segment /opt/src/hadoop-ozone/integration-test/target/test-dir/MiniOzoneClusterImpl-1d9e95da-22ba-4a50-8191-63453bbdd52f/datanode-6/data/ratis/f73ee066-0a34-4cd0-89c0-ffcbc89751e1/current/log_inprogress_0
2019-06-13 23:39:56,776 INFO  rpc.RpcClient (RpcClient.java:createBucket(426)) - Creating Bucket: watchforcommithandlingtest/watchforcommithandlingtest, with Versioning false and Storage Type set to DISK and Encryption set to false 
2019-06-13 23:39:56,780 INFO  ozone.MiniOzoneClusterImpl (MiniOzoneClusterImpl.java:getStorageContainerLocationClient(241)) - Creating StorageContainerLocationProtocol RPC client with address /0.0.0.0:40329
2019-06-13 23:39:56,794 INFO  client.GrpcClientProtocolClient (GrpcClientProtocolClient.java:onNext(254)) - client-2E657361B150->47bcbdc1-c7e9-4920-9a84-4aada272adfe: receive RaftClientReply:client-2E657361B150->47bcbdc1-c7e9-4920-9a84-4aada272adfe@group-EBBCCC61E3CC, cid=66, FAILED org.apache.ratis.protocol.NotLeaderException: Server 47bcbdc1-c7e9-4920-9a84-4aada272adfe is not the leader (cb89d4f8-1878-4ef8-9b04-c29334c05cac:192.168.105.138:39229). Request must be sent to leader., logIndex=0, commits[47bcbdc1-c7e9-4920-9a84-4aada272adfe:c0, cb89d4f8-1878-4ef8-9b04-c29334c05cac:c0, 1ea106d7-9b98-4cee-8ff6-7d75b64b893d:c0]
2019-06-13 23:39:56,798 WARN  client.GrpcClientProtocolService (LogUtils.java:warn(134)) - 0-OrderedRequestStreamObserver0: onError: org.apache.ratis.thirdparty.io.grpc.StatusRuntimeException: CANCELLED: cancelled before receiving half close
2019-06-13 23:39:57,864 INFO  client.GrpcClientProtocolClient (GrpcClientProtocolClient.java:onNext(254)) - client-2E657361B150->cb89d4f8-1878-4ef8-9b04-c29334c05cac: receive RaftClientReply:client-2E657361B150->cb89d4f8-1878-4ef8-9b04-c29334c05cac@group-EBBCCC61E3CC, cid=66, SUCCESS, logIndex=1, commits[cb89d4f8-1878-4ef8-9b04-c29334c05cac:c2, 1ea106d7-9b98-4cee-8ff6-7d75b64b893d:c2, 47bcbdc1-c7e9-4920-9a84-4aada272adfe:c1]
2019-06-13 23:39:57,867 INFO  datanode.ObjectStoreHandler (ObjectStoreHandler.java:close(155)) - Closing ObjectStoreHandler.
2019-06-13 23:39:57,867 INFO  ozone.HddsDatanodeService (HddsDatanodeService.java:stop(452)) - Stopped plug-in org.apache.hadoop.ozone.web.OzoneHddsDatanodeService@2d3eb1ea
2019-06-13 23:39:57,867 INFO  statemachine.DatanodeStateMachine (DatanodeStateMachine.java:lambda$startDaemon$0(350)) - Ozone container server started.
2019-06-13 23:39:57,868 INFO  ozoneimpl.OzoneContainer (OzoneContainer.java:stop(199)) - Attempting to stop container services.
2019-06-13 23:39:57,868 INFO  impl.RaftServerProxy (RaftServerProxy.java:lambda$close$4(314)) - 47bcbdc1-c7e9-4920-9a84-4aada272adfe: close
2019-06-13 23:39:57,868 INFO  impl.RaftServerImpl (RaftServerImpl.java:lambda$shutdown$3(238)) - 47bcbdc1-c7e9-4920-9a84-4aada272adfe: shutdown group-ACC6DF8556C1
2019-06-13 23:39:57,868 INFO  util.JmxRegister (JmxRegister.java:unregister(73)) - Successfully un-registered JMX Bean with object name Ratis:service=RaftServer,group=group-ACC6DF8556C1,id=47bcbdc1-c7e9-4920-9a84-4aada272adfe
2019-06-13 23:39:57,869 INFO  impl.RoleInfo (RoleInfo.java:shutdownLeaderState(104)) - 47bcbdc1-c7e9-4920-9a84-4aada272adfe: shutdown LeaderState
2019-06-13 23:39:57,869 INFO  impl.PendingRequests (PendingRequests.java:sendNotLeaderResponses(140)) - 47bcbdc1-c7e9-4920-9a84-4aada272adfe-PendingRequests: sendNotLeaderResponses
2019-06-13 23:39:57,875 INFO  impl.RaftServerImpl (RaftServerImpl.java:lambda$shutdown$3(238)) - 47bcbdc1-c7e9-4920-9a84-4aada272adfe: shutdown group-EBBCCC61E3CC
2019-06-13 23:39:57,877 INFO  impl.StateMachineUpdater (StateMachineUpdater.java:stopAndJoin(109)) - StateMachineUpdater-47bcbdc1-c7e9-4920-9a84-4aada272adfe-group-ACC6DF8556C1: set stopIndex = 0
2019-06-13 23:39:57,877 INFO  util.JmxRegister (JmxRegister.java:unregister(73)) - Successfully un-registered JMX Bean with object name Ratis:service=RaftServer,group=group-EBBCCC61E3CC,id=47bcbdc1-c7e9-4920-9a84-4aada272adfe
2019-06-13 23:39:57,877 INFO  ratis.ContainerStateMachine (ContainerStateMachine.java:takeSnapshot(245)) - Taking snapshot at termIndex:(t:0, i:~)
2019-06-13 23:39:57,877 INFO  impl.RoleInfo (RoleInfo.java:shutdownFollowerState(121)) - 47bcbdc1-c7e9-4920-9a84-4aada272adfe: shutdown FollowerState
2019-06-13 23:39:57,878 INFO  impl.RaftServerImpl (ServerState.java:close(394)) - 47bcbdc1-c7e9-4920-9a84-4aada272adfe:group-ACC6DF8556C1 closes. The last applied log index is 0
2019-06-13 23:39:57,878 INFO  ratis.ContainerStateMachine (ContainerStateMachine.java:takeSnapshot(245)) - Taking snapshot at termIndex:(t:1, i:1)
2019-06-13 23:39:57,878 INFO  ratis.ContainerStateMachine (ContainerStateMachine.java:takeSnapshot(249)) - Taking a snapshot to file /opt/src/hadoop-ozone/integration-test/target/test-dir/MiniOzoneClusterImpl-1d9e95da-22ba-4a50-8191-63453bbdd52f/datanode-1/data/ratis/15fd50c9-ba40-4150-9b3b-ebbccc61e3cc/sm/snapshot.1_1
2019-06-13 23:39:57,878 INFO  impl.StateMachineUpdater (StateMachineUpdater.java:stopAndJoin(109)) - StateMachineUpdater-47bcbdc1-c7e9-4920-9a84-4aada272adfe-group-EBBCCC61E3CC: set stopIndex = 1
2019-06-13 23:39:57,879 INFO  impl.RaftServerImpl (ServerState.java:close(394)) - 47bcbdc1-c7e9-4920-9a84-4aada272adfe:group-EBBCCC61E3CC closes. The last applied log index is 1
2019-06-13 23:39:57,881 INFO  storage.RaftLogWorker (RaftLogWorker.java:run(236)) - 47bcbdc1-c7e9-4920-9a84-4aada272adfe-RaftLogWorker was interrupted, exiting. There are 0 tasks remaining in the queue.
2019-06-13 23:39:57,878 INFO  impl.FollowerState (FollowerState.java:run(109)) - 47bcbdc1-c7e9-4920-9a84-4aada272adfe: FollowerState was interrupted: java.lang.InterruptedException: sleep interrupted
2019-06-13 23:39:57,878 INFO  storage.RaftLogWorker (RaftLogWorker.java:run(236)) - 47bcbdc1-c7e9-4920-9a84-4aada272adfe-RaftLogWorker was interrupted, exiting. There are 0 tasks remaining in the queue.
2019-06-13 23:39:57,884 INFO  storage.RaftLogWorker (RaftLogWorker.java:close(168)) - 47bcbdc1-c7e9-4920-9a84-4aada272adfe-RaftLogWorker close()
2019-06-13 23:39:57,884 INFO  storage.RaftLogWorker (RaftLogWorker.java:close(168)) - 47bcbdc1-c7e9-4920-9a84-4aada272adfe-RaftLogWorker close()
2019-06-13 23:39:57,886 INFO  server.GrpcService (GrpcService.java:closeImpl(154)) - 47bcbdc1-c7e9-4920-9a84-4aada272adfe: shutdown server with port 33305 now
2019-06-13 23:39:57,887 INFO  server.GrpcService (GrpcService.java:closeImpl(162)) - 47bcbdc1-c7e9-4920-9a84-4aada272adfe: shutdown server with port 33305 successfully
2019-06-13 23:39:57,887 WARN  server.GrpcServerProtocolService (LogUtils.java:warn(134)) - 47bcbdc1-c7e9-4920-9a84-4aada272adfe: appendEntries onError: org.apache.ratis.thirdparty.io.grpc.StatusRuntimeException: CANCELLED: cancelled before receiving half close
2019-06-13 23:39:57,887 WARN  server.GrpcLogAppender (LogUtils.java:warn(134)) - cb89d4f8-1878-4ef8-9b04-c29334c05cac: Failed appendEntries to 47bcbdc1-c7e9-4920-9a84-4aada272adfe:192.168.105.138:33305: org.apache.ratis.thirdparty.io.grpc.StatusRuntimeException: CANCELLED: HTTP/2 error code: CANCEL
Received Rst Stream
2019-06-13 23:39:57,888 INFO  impl.FollowerInfo (FollowerInfo.java:lambda$new$0(50)) - cb89d4f8-1878-4ef8-9b04-c29334c05cac->47bcbdc1-c7e9-4920-9a84-4aada272adfe: nextIndex: updateUnconditionally 3 -> 0
2019-06-13 23:39:57,889 WARN  fs.CachingGetSpaceUsed (CachingGetSpaceUsed.java:run(183)) - Thread Interrupted waiting to refresh disk information: sleep interrupted
2019-06-13 23:39:57,907 INFO  statemachine.DatanodeStateMachine (DatanodeStateMachine.java:stopDaemon(395)) - Ozone container server stopped.
2019-06-13 23:39:57,908 INFO  handler.ContextHandler (ContextHandler.java:doStop(910)) - Stopped o.e.j.w.WebAppContext@eb695e8{/,null,UNAVAILABLE}{/hddsDatanode}
2019-06-13 23:39:57,908 INFO  server.AbstractConnector (AbstractConnector.java:doStop(318)) - Stopped ServerConnector@7eebb316{HTTP/1.1,[http/1.1]}{0.0.0.0:0}
2019-06-13 23:39:57,908 INFO  handler.ContextHandler (ContextHandler.java:doStop(910)) - Stopped o.e.j.s.ServletContextHandler@7a587e84{/static,jar:file:/root/.m2/repository/org/apache/hadoop/hadoop-hdds-container-service/0.5.0-SNAPSHOT/hadoop-hdds-container-service-0.5.0-SNAPSHOT.jar!/webapps/static,UNAVAILABLE}
2019-06-13 23:39:57,909 INFO  handler.ContextHandler (ContextHandler.java:doStop(910)) - Stopped o.e.j.s.ServletContextHandler@23954300{/logs,file:///opt/src/hadoop-ozone/integration-test/target/log,UNAVAILABLE}
2019-06-13 23:39:57,909 INFO  datanode.ObjectStoreHandler (ObjectStoreHandler.java:close(155)) - Closing ObjectStoreHandler.
2019-06-13 23:39:57,910 INFO  ozone.HddsDatanodeService (HddsDatanodeService.java:stop(452)) - Stopped plug-in org.apache.hadoop.ozone.web.OzoneHddsDatanodeService@2651e783
2019-06-13 23:39:57,910 INFO  statemachine.DatanodeStateMachine (DatanodeStateMachine.java:lambda$startDaemon$0(350)) - Ozone container server started.
2019-06-13 23:39:57,910 INFO  ozoneimpl.OzoneContainer (OzoneContainer.java:stop(199)) - Attempting to stop container services.
2019-06-13 23:39:57,911 INFO  impl.RaftServerProxy (RaftServerProxy.java:lambda$close$4(314)) - 1ea106d7-9b98-4cee-8ff6-7d75b64b893d: close
2019-06-13 23:39:57,911 INFO  impl.RaftServerImpl (RaftServerImpl.java:lambda$shutdown$3(238)) - 1ea106d7-9b98-4cee-8ff6-7d75b64b893d: shutdown group-7CE3B2606FAF
2019-06-13 23:39:57,913 INFO  util.JmxRegister (JmxRegister.java:unregister(73)) - Successfully un-registered JMX Bean with object name Ratis:service=RaftServer,group=group-7CE3B2606FAF,id=1ea106d7-9b98-4cee-8ff6-7d75b64b893d
2019-06-13 23:39:57,913 INFO  impl.RoleInfo (RoleInfo.java:shutdownLeaderState(104)) - 1ea106d7-9b98-4cee-8ff6-7d75b64b893d: shutdown LeaderState
2019-06-13 23:39:57,913 INFO  impl.PendingRequests (PendingRequests.java:sendNotLeaderResponses(140)) - 1ea106d7-9b98-4cee-8ff6-7d75b64b893d-PendingRequests: sendNotLeaderResponses
2019-06-13 23:39:57,914 INFO  impl.StateMachineUpdater (StateMachineUpdater.java:stopAndJoin(109)) - StateMachineUpdater-1ea106d7-9b98-4cee-8ff6-7d75b64b893d-group-7CE3B2606FAF: set stopIndex = 0
2019-06-13 23:39:57,914 INFO  ratis.ContainerStateMachine (ContainerStateMachine.java:takeSnapshot(245)) - Taking snapshot at termIndex:(t:0, i:~)
2019-06-13 23:39:57,914 INFO  impl.RaftServerImpl (ServerState.java:close(394)) - 1ea106d7-9b98-4cee-8ff6-7d75b64b893d:group-7CE3B2606FAF closes. The last applied log index is 0
2019-06-13 23:39:57,915 INFO  storage.RaftLogWorker (RaftLogWorker.java:run(236)) - 1ea106d7-9b98-4cee-8ff6-7d75b64b893d-RaftLogWorker was interrupted, exiting. There are 0 tasks remaining in the queue.
2019-06-13 23:39:57,917 INFO  storage.RaftLogWorker (RaftLogWorker.java:close(168)) - 1ea106d7-9b98-4cee-8ff6-7d75b64b893d-RaftLogWorker close()
2019-06-13 23:39:57,919 INFO  impl.RaftServerImpl (RaftServerImpl.java:lambda$shutdown$3(238)) - 1ea106d7-9b98-4cee-8ff6-7d75b64b893d: shutdown group-EBBCCC61E3CC
2019-06-13 23:39:57,919 INFO  util.JmxRegister (JmxRegister.java:unregister(73)) - Successfully un-registered JMX Bean with object name Ratis:service=RaftServer,group=group-EBBCCC61E3CC,id=1ea106d7-9b98-4cee-8ff6-7d75b64b893d
2019-06-13 23:39:57,920 INFO  impl.RoleInfo (RoleInfo.java:shutdownFollowerState(121)) - 1ea106d7-9b98-4cee-8ff6-7d75b64b893d: shutdown FollowerState
2019-06-13 23:39:57,920 INFO  ratis.ContainerStateMachine (ContainerStateMachine.java:takeSnapshot(245)) - Taking snapshot at termIndex:(t:1, i:2)
2019-06-13 23:39:57,920 INFO  impl.FollowerState (FollowerState.java:run(109)) - 1ea106d7-9b98-4cee-8ff6-7d75b64b893d: FollowerState was interrupted: java.lang.InterruptedException: sleep interrupted
2019-06-13 23:39:57,920 INFO  impl.StateMachineUpdater (StateMachineUpdater.java:stopAndJoin(109)) - StateMachineUpdater-1ea106d7-9b98-4cee-8ff6-7d75b64b893d-group-EBBCCC61E3CC: set stopIndex = 2
2019-06-13 23:39:57,920 INFO  ratis.ContainerStateMachine (ContainerStateMachine.java:takeSnapshot(249)) - Taking a snapshot to file /opt/src/hadoop-ozone/integration-test/target/test-dir/MiniOzoneClusterImpl-1d9e95da-22ba-4a50-8191-63453bbdd52f/datanode-2/data/ratis/15fd50c9-ba40-4150-9b3b-ebbccc61e3cc/sm/snapshot.1_2
2019-06-13 23:39:57,921 INFO  impl.RaftServerImpl (ServerState.java:close(394)) - 1ea106d7-9b98-4cee-8ff6-7d75b64b893d:group-EBBCCC61E3CC closes. The last applied log index is 2
2019-06-13 23:39:57,922 INFO  storage.RaftLogWorker (RaftLogWorker.java:run(236)) - 1ea106d7-9b98-4cee-8ff6-7d75b64b893d-RaftLogWorker was interrupted, exiting. There are 0 tasks remaining in the queue.
2019-06-13 23:39:57,924 INFO  storage.RaftLogWorker (RaftLogWorker.java:close(168)) - 1ea106d7-9b98-4cee-8ff6-7d75b64b893d-RaftLogWorker close()
2019-06-13 23:39:57,925 INFO  server.GrpcService (GrpcService.java:closeImpl(154)) - 1ea106d7-9b98-4cee-8ff6-7d75b64b893d: shutdown server with port 45495 now
2019-06-13 23:39:57,926 INFO  server.GrpcService (GrpcService.java:closeImpl(162)) - 1ea106d7-9b98-4cee-8ff6-7d75b64b893d: shutdown server with port 45495 successfully
2019-06-13 23:39:57,927 WARN  server.GrpcServerProtocolService (LogUtils.java:warn(134)) - 1ea106d7-9b98-4cee-8ff6-7d75b64b893d: appendEntries onError: org.apache.ratis.thirdparty.io.grpc.StatusRuntimeException: CANCELLED: cancelled before receiving half close
2019-06-13 23:39:57,927 WARN  server.GrpcLogAppender (LogUtils.java:warn(134)) - cb89d4f8-1878-4ef8-9b04-c29334c05cac: Failed appendEntries to 1ea106d7-9b98-4cee-8ff6-7d75b64b893d:192.168.105.138:45495: org.apache.ratis.thirdparty.io.grpc.StatusRuntimeException: CANCELLED: HTTP/2 error code: CANCEL
Received Rst Stream
2019-06-13 23:39:57,927 INFO  impl.FollowerInfo (FollowerInfo.java:lambda$new$0(50)) - cb89d4f8-1878-4ef8-9b04-c29334c05cac->1ea106d7-9b98-4cee-8ff6-7d75b64b893d: nextIndex: updateUnconditionally 3 -> 0
2019-06-13 23:39:57,928 WARN  fs.CachingGetSpaceUsed (CachingGetSpaceUsed.java:run(183)) - Thread Interrupted waiting to refresh disk information: sleep interrupted
2019-06-13 23:39:57,941 INFO  statemachine.DatanodeStateMachine (DatanodeStateMachine.java:stopDaemon(395)) - Ozone container server stopped.
2019-06-13 23:39:57,942 INFO  handler.ContextHandler (ContextHandler.java:doStop(910)) - Stopped o.e.j.w.WebAppContext@20c283b4{/,null,UNAVAILABLE}{/hddsDatanode}
2019-06-13 23:39:57,944 INFO  server.AbstractConnector (AbstractConnector.java:doStop(318)) - Stopped ServerConnector@366b4a7b{HTTP/1.1,[http/1.1]}{0.0.0.0:0}
2019-06-13 23:39:57,945 INFO  handler.ContextHandler (ContextHandler.java:doStop(910)) - Stopped o.e.j.s.ServletContextHandler@44de3b46{/static,jar:file:/root/.m2/repository/org/apache/hadoop/hadoop-hdds-container-service/0.5.0-SNAPSHOT/hadoop-hdds-container-service-0.5.0-SNAPSHOT.jar!/webapps/static,UNAVAILABLE}
2019-06-13 23:39:57,945 INFO  handler.ContextHandler (ContextHandler.java:doStop(910)) - Stopped o.e.j.s.ServletContextHandler@788a0513{/logs,file:///opt/src/hadoop-ozone/integration-test/target/log,UNAVAILABLE}
2019-06-13 23:39:58,318 WARN  server.GrpcLogAppender (LogUtils.java:warn(134)) - cb89d4f8-1878-4ef8-9b04-c29334c05cac: Failed appendEntries to 47bcbdc1-c7e9-4920-9a84-4aada272adfe:192.168.105.138:33305: org.apache.ratis.thirdparty.io.grpc.StatusRuntimeException: UNAVAILABLE: io exception
2019-06-13 23:39:58,318 INFO  impl.FollowerInfo (FollowerInfo.java:lambda$new$0(50)) - cb89d4f8-1878-4ef8-9b04-c29334c05cac->47bcbdc1-c7e9-4920-9a84-4aada272adfe: nextIndex: updateUnconditionally 0 -> 0
2019-06-13 23:39:58,324 WARN  server.GrpcLogAppender (LogUtils.java:warn(134)) - cb89d4f8-1878-4ef8-9b04-c29334c05cac: Failed appendEntries to 1ea106d7-9b98-4cee-8ff6-7d75b64b893d:192.168.105.138:45495: org.apache.ratis.thirdparty.io.grpc.StatusRuntimeException: UNAVAILABLE: io exception
2019-06-13 23:39:58,325 INFO  impl.FollowerInfo (FollowerInfo.java:lambda$new$0(50)) - cb89d4f8-1878-4ef8-9b04-c29334c05cac->1ea106d7-9b98-4cee-8ff6-7d75b64b893d: nextIndex: updateUnconditionally 0 -> 0
2019-06-13 23:39:58,818 WARN  server.GrpcLogAppender (LogUtils.java:warn(134)) - cb89d4f8-1878-4ef8-9b04-c29334c05cac: Failed appendEntries to 47bcbdc1-c7e9-4920-9a84-4aada272adfe:192.168.105.138:33305: org.apache.ratis.thirdparty.io.grpc.StatusRuntimeException: UNAVAILABLE: io exception
2019-06-13 23:39:58,819 INFO  impl.FollowerInfo (FollowerInfo.java:lambda$new$0(50)) - cb89d4f8-1878-4ef8-9b04-c29334c05cac->47bcbdc1-c7e9-4920-9a84-4aada272adfe: nextIndex: updateUnconditionally 0 -> 0
2019-06-13 23:39:58,829 WARN  server.GrpcLogAppender (LogUtils.java:warn(134)) - cb89d4f8-1878-4ef8-9b04-c29334c05cac: Failed appendEntries to 1ea106d7-9b98-4cee-8ff6-7d75b64b893d:192.168.105.138:45495: org.apache.ratis.thirdparty.io.grpc.StatusRuntimeException: UNAVAILABLE: io exception
2019-06-13 23:39:58,830 INFO  impl.FollowerInfo (FollowerInfo.java:lambda$new$0(50)) - cb89d4f8-1878-4ef8-9b04-c29334c05cac->1ea106d7-9b98-4cee-8ff6-7d75b64b893d: nextIndex: updateUnconditionally 0 -> 0
2019-06-13 23:39:59,320 WARN  server.GrpcLogAppender (LogUtils.java:warn(134)) - cb89d4f8-1878-4ef8-9b04-c29334c05cac: Failed appendEntries to 47bcbdc1-c7e9-4920-9a84-4aada272adfe:192.168.105.138:33305: org.apache.ratis.thirdparty.io.grpc.StatusRuntimeException: UNAVAILABLE: io exception
2019-06-13 23:39:59,320 INFO  impl.FollowerInfo (FollowerInfo.java:lambda$new$0(50)) - cb89d4f8-1878-4ef8-9b04-c29334c05cac->47bcbdc1-c7e9-4920-9a84-4aada272adfe: nextIndex: updateUnconditionally 0 -> 0
2019-06-13 23:39:59,326 WARN  server.GrpcLogAppender (LogUtils.java:warn(134)) - cb89d4f8-1878-4ef8-9b04-c29334c05cac: Failed appendEntries to 1ea106d7-9b98-4cee-8ff6-7d75b64b893d:192.168.105.138:45495: org.apache.ratis.thirdparty.io.grpc.StatusRuntimeException: UNAVAILABLE: io exception
2019-06-13 23:39:59,327 INFO  impl.FollowerInfo (FollowerInfo.java:lambda$new$0(50)) - cb89d4f8-1878-4ef8-9b04-c29334c05cac->1ea106d7-9b98-4cee-8ff6-7d75b64b893d: nextIndex: updateUnconditionally 0 -> 0
2019-06-13 23:39:59,822 WARN  server.GrpcLogAppender (LogUtils.java:warn(134)) - cb89d4f8-1878-4ef8-9b04-c29334c05cac: Failed appendEntries to 47bcbdc1-c7e9-4920-9a84-4aada272adfe:192.168.105.138:33305: org.apache.ratis.thirdparty.io.grpc.StatusRuntimeException: UNAVAILABLE: io exception
2019-06-13 23:39:59,822 INFO  impl.FollowerInfo (FollowerInfo.java:lambda$new$0(50)) - cb89d4f8-1878-4ef8-9b04-c29334c05cac->47bcbdc1-c7e9-4920-9a84-4aada272adfe: nextIndex: updateUnconditionally 0 -> 0
2019-06-13 23:39:59,826 WARN  server.GrpcLogAppender (LogUtils.java:warn(134)) - cb89d4f8-1878-4ef8-9b04-c29334c05cac: Failed appendEntries to 1ea106d7-9b98-4cee-8ff6-7d75b64b893d:192.168.105.138:45495: org.apache.ratis.thirdparty.io.grpc.StatusRuntimeException: UNAVAILABLE: io exception
2019-06-13 23:39:59,827 INFO  impl.FollowerInfo (FollowerInfo.java:lambda$new$0(50)) - cb89d4f8-1878-4ef8-9b04-c29334c05cac->1ea106d7-9b98-4cee-8ff6-7d75b64b893d: nextIndex: updateUnconditionally 0 -> 0
2019-06-13 23:40:00,323 WARN  server.GrpcLogAppender (LogUtils.java:warn(134)) - cb89d4f8-1878-4ef8-9b04-c29334c05cac: Failed appendEntries to 47bcbdc1-c7e9-4920-9a84-4aada272adfe:192.168.105.138:33305: org.apache.ratis.thirdparty.io.grpc.StatusRuntimeException: UNAVAILABLE: io exception
2019-06-13 23:40:00,323 INFO  impl.FollowerInfo (FollowerInfo.java:lambda$new$0(50)) - cb89d4f8-1878-4ef8-9b04-c29334c05cac->47bcbdc1-c7e9-4920-9a84-4aada272adfe: nextIndex: updateUnconditionally 0 -> 0
2019-06-13 23:40:00,327 WARN  server.GrpcLogAppender (LogUtils.java:warn(134)) - cb89d4f8-1878-4ef8-9b04-c29334c05cac: Failed appendEntries to 1ea106d7-9b98-4cee-8ff6-7d75b64b893d:192.168.105.138:45495: org.apache.ratis.thirdparty.io.grpc.StatusRuntimeException: UNAVAILABLE: io exception
2019-06-13 23:40:00,327 INFO  impl.FollowerInfo (FollowerInfo.java:lambda$new$0(50)) - cb89d4f8-1878-4ef8-9b04-c29334c05cac->1ea106d7-9b98-4cee-8ff6-7d75b64b893d: nextIndex: updateUnconditionally 0 -> 0
2019-06-13 23:40:00,823 WARN  server.GrpcLogAppender (LogUtils.java:warn(134)) - cb89d4f8-1878-4ef8-9b04-c29334c05cac: Failed appendEntries to 47bcbdc1-c7e9-4920-9a84-4aada272adfe:192.168.105.138:33305: org.apache.ratis.thirdparty.io.grpc.StatusRuntimeException: UNAVAILABLE: io exception
2019-06-13 23:40:00,824 INFO  impl.FollowerInfo (FollowerInfo.java:lambda$new$0(50)) - cb89d4f8-1878-4ef8-9b04-c29334c05cac->47bcbdc1-c7e9-4920-9a84-4aada272adfe: nextIndex: updateUnconditionally 0 -> 0
2019-06-13 23:40:00,827 WARN  server.GrpcLogAppender (LogUtils.java:warn(134)) - cb89d4f8-1878-4ef8-9b04-c29334c05cac: Failed appendEntries to 1ea106d7-9b98-4cee-8ff6-7d75b64b893d:192.168.105.138:45495: org.apache.ratis.thirdparty.io.grpc.StatusRuntimeException: UNAVAILABLE: io exception
2019-06-13 23:40:00,828 INFO  impl.FollowerInfo (FollowerInfo.java:lambda$new$0(50)) - cb89d4f8-1878-4ef8-9b04-c29334c05cac->1ea106d7-9b98-4cee-8ff6-7d75b64b893d: nextIndex: updateUnconditionally 0 -> 0
2019-06-13 23:40:01,324 WARN  server.GrpcLogAppender (LogUtils.java:warn(134)) - cb89d4f8-1878-4ef8-9b04-c29334c05cac: Failed appendEntries to 47bcbdc1-c7e9-4920-9a84-4aada272adfe:192.168.105.138:33305: org.apache.ratis.thirdparty.io.grpc.StatusRuntimeException: UNAVAILABLE: io exception
2019-06-13 23:40:01,324 INFO  impl.FollowerInfo (FollowerInfo.java:lambda$new$0(50)) - cb89d4f8-1878-4ef8-9b04-c29334c05cac->47bcbdc1-c7e9-4920-9a84-4aada272adfe: nextIndex: updateUnconditionally 0 -> 0
2019-06-13 23:40:01,328 WARN  server.GrpcLogAppender (LogUtils.java:warn(134)) - cb89d4f8-1878-4ef8-9b04-c29334c05cac: Failed appendEntries to 1ea106d7-9b98-4cee-8ff6-7d75b64b893d:192.168.105.138:45495: org.apache.ratis.thirdparty.io.grpc.StatusRuntimeException: UNAVAILABLE: io exception
2019-06-13 23:40:01,328 INFO  impl.FollowerInfo (FollowerInfo.java:lambda$new$0(50)) - cb89d4f8-1878-4ef8-9b04-c29334c05cac->1ea106d7-9b98-4cee-8ff6-7d75b64b893d: nextIndex: updateUnconditionally 0 -> 0
2019-06-13 23:40:01,825 WARN  server.GrpcLogAppender (LogUtils.java:warn(134)) - cb89d4f8-1878-4ef8-9b04-c29334c05cac: Failed appendEntries to 47bcbdc1-c7e9-4920-9a84-4aada272adfe:192.168.105.138:33305: org.apache.ratis.thirdparty.io.grpc.StatusRuntimeException: UNAVAILABLE: io exception
2019-06-13 23:40:01,825 INFO  impl.FollowerInfo (FollowerInfo.java:lambda$new$0(50)) - cb89d4f8-1878-4ef8-9b04-c29334c05cac->47bcbdc1-c7e9-4920-9a84-4aada272adfe: nextIndex: updateUnconditionally 0 -> 0
2019-06-13 23:40:01,828 WARN  server.GrpcLogAppender (LogUtils.java:warn(134)) - cb89d4f8-1878-4ef8-9b04-c29334c05cac: Failed appendEntries to 1ea106d7-9b98-4cee-8ff6-7d75b64b893d:192.168.105.138:45495: org.apache.ratis.thirdparty.io.grpc.StatusRuntimeException: UNAVAILABLE: io exception
2019-06-13 23:40:01,829 INFO  impl.FollowerInfo (FollowerInfo.java:lambda$new$0(50)) - cb89d4f8-1878-4ef8-9b04-c29334c05cac->1ea106d7-9b98-4cee-8ff6-7d75b64b893d: nextIndex: updateUnconditionally 0 -> 0
2019-06-13 23:40:02,325 WARN  server.GrpcLogAppender (LogUtils.java:warn(134)) - cb89d4f8-1878-4ef8-9b04-c29334c05cac: Failed appendEntries to 47bcbdc1-c7e9-4920-9a84-4aada272adfe:192.168.105.138:33305: org.apache.ratis.thirdparty.io.grpc.StatusRuntimeException: UNAVAILABLE: io exception
2019-06-13 23:40:02,325 INFO  impl.FollowerInfo (FollowerInfo.java:lambda$new$0(50)) - cb89d4f8-1878-4ef8-9b04-c29334c05cac->47bcbdc1-c7e9-4920-9a84-4aada272adfe: nextIndex: updateUnconditionally 0 -> 0
2019-06-13 23:40:02,329 WARN  server.GrpcLogAppender (LogUtils.java:warn(134)) - cb89d4f8-1878-4ef8-9b04-c29334c05cac: Failed appendEntries to 1ea106d7-9b98-4cee-8ff6-7d75b64b893d:192.168.105.138:45495: org.apache.ratis.thirdparty.io.grpc.StatusRuntimeException: UNAVAILABLE: io exception
2019-06-13 23:40:02,329 INFO  impl.FollowerInfo (FollowerInfo.java:lambda$new$0(50)) - cb89d4f8-1878-4ef8-9b04-c29334c05cac->1ea106d7-9b98-4cee-8ff6-7d75b64b893d: nextIndex: updateUnconditionally 0 -> 0
2019-06-13 23:40:02,826 WARN  server.GrpcLogAppender (LogUtils.java:warn(134)) - cb89d4f8-1878-4ef8-9b04-c29334c05cac: Failed appendEntries to 47bcbdc1-c7e9-4920-9a84-4aada272adfe:192.168.105.138:33305: org.apache.ratis.thirdparty.io.grpc.StatusRuntimeException: UNAVAILABLE: io exception
2019-06-13 23:40:02,826 INFO  impl.FollowerInfo (FollowerInfo.java:lambda$new$0(50)) - cb89d4f8-1878-4ef8-9b04-c29334c05cac->47bcbdc1-c7e9-4920-9a84-4aada272adfe: nextIndex: updateUnconditionally 0 -> 0
2019-06-13 23:40:02,829 WARN  server.GrpcLogAppender (LogUtils.java:warn(134)) - cb89d4f8-1878-4ef8-9b04-c29334c05cac: Failed appendEntries to 1ea106d7-9b98-4cee-8ff6-7d75b64b893d:192.168.105.138:45495: org.apache.ratis.thirdparty.io.grpc.StatusRuntimeException: UNAVAILABLE: io exception
2019-06-13 23:40:02,829 INFO  impl.FollowerInfo (FollowerInfo.java:lambda$new$0(50)) - cb89d4f8-1878-4ef8-9b04-c29334c05cac->1ea106d7-9b98-4cee-8ff6-7d75b64b893d: nextIndex: updateUnconditionally 0 -> 0
2019-06-13 23:40:03,326 WARN  server.GrpcLogAppender (LogUtils.java:warn(134)) - cb89d4f8-1878-4ef8-9b04-c29334c05cac: Failed appendEntries to 47bcbdc1-c7e9-4920-9a84-4aada272adfe:192.168.105.138:33305: org.apache.ratis.thirdparty.io.grpc.StatusRuntimeException: UNAVAILABLE: io exception
2019-06-13 23:40:03,327 INFO  impl.FollowerInfo (FollowerInfo.java:lambda$new$0(50)) - cb89d4f8-1878-4ef8-9b04-c29334c05cac->47bcbdc1-c7e9-4920-9a84-4aada272adfe: nextIndex: updateUnconditionally 0 -> 0
2019-06-13 23:40:03,330 WARN  server.GrpcLogAppender (LogUtils.java:warn(134)) - cb89d4f8-1878-4ef8-9b04-c29334c05cac: Failed appendEntries to 1ea106d7-9b98-4cee-8ff6-7d75b64b893d:192.168.105.138:45495: org.apache.ratis.thirdparty.io.grpc.StatusRuntimeException: UNAVAILABLE: io exception
2019-06-13 23:40:03,330 INFO  impl.FollowerInfo (FollowerInfo.java:lambda$new$0(50)) - cb89d4f8-1878-4ef8-9b04-c29334c05cac->1ea106d7-9b98-4cee-8ff6-7d75b64b893d: nextIndex: updateUnconditionally 0 -> 0
2019-06-13 23:40:03,827 WARN  server.GrpcLogAppender (LogUtils.java:warn(134)) - cb89d4f8-1878-4ef8-9b04-c29334c05cac: Failed appendEntries to 47bcbdc1-c7e9-4920-9a84-4aada272adfe:192.168.105.138:33305: org.apache.ratis.thirdparty.io.grpc.StatusRuntimeException: UNAVAILABLE: io exception
2019-06-13 23:40:03,827 INFO  impl.FollowerInfo (FollowerInfo.java:lambda$new$0(50)) - cb89d4f8-1878-4ef8-9b04-c29334c05cac->47bcbdc1-c7e9-4920-9a84-4aada272adfe: nextIndex: updateUnconditionally 0 -> 0
2019-06-13 23:40:03,830 WARN  server.GrpcLogAppender (LogUtils.java:warn(134)) - cb89d4f8-1878-4ef8-9b04-c29334c05cac: Failed appendEntries to 1ea106d7-9b98-4cee-8ff6-7d75b64b893d:192.168.105.138:45495: org.apache.ratis.thirdparty.io.grpc.StatusRuntimeException: UNAVAILABLE: io exception
2019-06-13 23:40:03,831 INFO  impl.FollowerInfo (FollowerInfo.java:lambda$new$0(50)) - cb89d4f8-1878-4ef8-9b04-c29334c05cac->1ea106d7-9b98-4cee-8ff6-7d75b64b893d: nextIndex: updateUnconditionally 0 -> 0
2019-06-13 23:40:04,328 WARN  server.GrpcLogAppender (LogUtils.java:warn(134)) - cb89d4f8-1878-4ef8-9b04-c29334c05cac: Failed appendEntries to 47bcbdc1-c7e9-4920-9a84-4aada272adfe:192.168.105.138:33305: org.apache.ratis.thirdparty.io.grpc.StatusRuntimeException: UNAVAILABLE: io exception
2019-06-13 23:40:04,328 INFO  impl.FollowerInfo (FollowerInfo.java:lambda$new$0(50)) - cb89d4f8-1878-4ef8-9b04-c29334c05cac->47bcbdc1-c7e9-4920-9a84-4aada272adfe: nextIndex: updateUnconditionally 0 -> 0
2019-06-13 23:40:04,331 WARN  server.GrpcLogAppender (LogUtils.java:warn(134)) - cb89d4f8-1878-4ef8-9b04-c29334c05cac: Failed appendEntries to 1ea106d7-9b98-4cee-8ff6-7d75b64b893d:192.168.105.138:45495: org.apache.ratis.thirdparty.io.grpc.StatusRuntimeException: UNAVAILABLE: io exception
2019-06-13 23:40:04,331 INFO  impl.FollowerInfo (FollowerInfo.java:lambda$new$0(50)) - cb89d4f8-1878-4ef8-9b04-c29334c05cac->1ea106d7-9b98-4cee-8ff6-7d75b64b893d: nextIndex: updateUnconditionally 0 -> 0
2019-06-13 23:40:04,828 WARN  server.GrpcLogAppender (LogUtils.java:warn(134)) - cb89d4f8-1878-4ef8-9b04-c29334c05cac: Failed appendEntries to 47bcbdc1-c7e9-4920-9a84-4aada272adfe:192.168.105.138:33305: org.apache.ratis.thirdparty.io.grpc.StatusRuntimeException: UNAVAILABLE: io exception
2019-06-13 23:40:04,829 INFO  impl.FollowerInfo (FollowerInfo.java:lambda$new$0(50)) - cb89d4f8-1878-4ef8-9b04-c29334c05cac->47bcbdc1-c7e9-4920-9a84-4aada272adfe: nextIndex: updateUnconditionally 0 -> 0
2019-06-13 23:40:04,832 WARN  server.GrpcLogAppender (LogUtils.java:warn(134)) - cb89d4f8-1878-4ef8-9b04-c29334c05cac: Failed appendEntries to 1ea106d7-9b98-4cee-8ff6-7d75b64b893d:192.168.105.138:45495: org.apache.ratis.thirdparty.io.grpc.StatusRuntimeException: UNAVAILABLE: io exception
2019-06-13 23:40:04,832 INFO  impl.FollowerInfo (FollowerInfo.java:lambda$new$0(50)) - cb89d4f8-1878-4ef8-9b04-c29334c05cac->1ea106d7-9b98-4cee-8ff6-7d75b64b893d: nextIndex: updateUnconditionally 0 -> 0
2019-06-13 23:40:05,330 WARN  server.GrpcLogAppender (LogUtils.java:warn(134)) - cb89d4f8-1878-4ef8-9b04-c29334c05cac: Failed appendEntries to 47bcbdc1-c7e9-4920-9a84-4aada272adfe:192.168.105.138:33305: org.apache.ratis.thirdparty.io.grpc.StatusRuntimeException: UNAVAILABLE: io exception
2019-06-13 23:40:05,330 INFO  impl.FollowerInfo (FollowerInfo.java:lambda$new$0(50)) - cb89d4f8-1878-4ef8-9b04-c29334c05cac->47bcbdc1-c7e9-4920-9a84-4aada272adfe: nextIndex: updateUnconditionally 0 -> 0
2019-06-13 23:40:05,332 WARN  server.GrpcLogAppender (LogUtils.java:warn(134)) - cb89d4f8-1878-4ef8-9b04-c29334c05cac: Failed appendEntries to 1ea106d7-9b98-4cee-8ff6-7d75b64b893d:192.168.105.138:45495: org.apache.ratis.thirdparty.io.grpc.StatusRuntimeException: UNAVAILABLE: io exception
2019-06-13 23:40:05,332 INFO  impl.FollowerInfo (FollowerInfo.java:lambda$new$0(50)) - cb89d4f8-1878-4ef8-9b04-c29334c05cac->1ea106d7-9b98-4cee-8ff6-7d75b64b893d: nextIndex: updateUnconditionally 0 -> 0
2019-06-13 23:40:05,830 WARN  server.GrpcLogAppender (LogUtils.java:warn(134)) - cb89d4f8-1878-4ef8-9b04-c29334c05cac: Failed appendEntries to 47bcbdc1-c7e9-4920-9a84-4aada272adfe:192.168.105.138:33305: org.apache.ratis.thirdparty.io.grpc.StatusRuntimeException: UNAVAILABLE: io exception
2019-06-13 23:40:05,830 INFO  impl.FollowerInfo (FollowerInfo.java:lambda$new$0(50)) - cb89d4f8-1878-4ef8-9b04-c29334c05cac->47bcbdc1-c7e9-4920-9a84-4aada272adfe: nextIndex: updateUnconditionally 0 -> 0
2019-06-13 23:40:05,833 WARN  server.GrpcLogAppender (LogUtils.java:warn(134)) - cb89d4f8-1878-4ef8-9b04-c29334c05cac: Failed appendEntries to 1ea106d7-9b98-4cee-8ff6-7d75b64b893d:192.168.105.138:45495: org.apache.ratis.thirdparty.io.grpc.StatusRuntimeException: UNAVAILABLE: io exception
2019-06-13 23:40:05,833 INFO  impl.FollowerInfo (FollowerInfo.java:lambda$new$0(50)) - cb89d4f8-1878-4ef8-9b04-c29334c05cac->1ea106d7-9b98-4cee-8ff6-7d75b64b893d: nextIndex: updateUnconditionally 0 -> 0
2019-06-13 23:40:06,330 WARN  server.GrpcLogAppender (LogUtils.java:warn(134)) - cb89d4f8-1878-4ef8-9b04-c29334c05cac: Failed appendEntries to 47bcbdc1-c7e9-4920-9a84-4aada272adfe:192.168.105.138:33305: org.apache.ratis.thirdparty.io.grpc.StatusRuntimeException: UNAVAILABLE: io exception
2019-06-13 23:40:06,330 INFO  impl.FollowerInfo (FollowerInfo.java:lambda$new$0(50)) - cb89d4f8-1878-4ef8-9b04-c29334c05cac->47bcbdc1-c7e9-4920-9a84-4aada272adfe: nextIndex: updateUnconditionally 0 -> 0
2019-06-13 23:40:06,333 WARN  server.GrpcLogAppender (LogUtils.java:warn(134)) - cb89d4f8-1878-4ef8-9b04-c29334c05cac: Failed appendEntries to 1ea106d7-9b98-4cee-8ff6-7d75b64b893d:192.168.105.138:45495: org.apache.ratis.thirdparty.io.grpc.StatusRuntimeException: UNAVAILABLE: io exception
2019-06-13 23:40:06,333 INFO  impl.FollowerInfo (FollowerInfo.java:lambda$new$0(50)) - cb89d4f8-1878-4ef8-9b04-c29334c05cac->1ea106d7-9b98-4cee-8ff6-7d75b64b893d: nextIndex: updateUnconditionally 0 -> 0
2019-06-13 23:40:06,831 WARN  server.GrpcLogAppender (LogUtils.java:warn(134)) - cb89d4f8-1878-4ef8-9b04-c29334c05cac: Failed appendEntries to 47bcbdc1-c7e9-4920-9a84-4aada272adfe:192.168.105.138:33305: org.apache.ratis.thirdparty.io.grpc.StatusRuntimeException: UNAVAILABLE: io exception
2019-06-13 23:40:06,831 INFO  impl.FollowerInfo (FollowerInfo.java:lambda$new$0(50)) - cb89d4f8-1878-4ef8-9b04-c29334c05cac->47bcbdc1-c7e9-4920-9a84-4aada272adfe: nextIndex: updateUnconditionally 0 -> 0
2019-06-13 23:40:06,833 WARN  server.GrpcLogAppender (LogUtils.java:warn(134)) - cb89d4f8-1878-4ef8-9b04-c29334c05cac: Failed appendEntries to 1ea106d7-9b98-4cee-8ff6-7d75b64b893d:192.168.105.138:45495: org.apache.ratis.thirdparty.io.grpc.StatusRuntimeException: UNAVAILABLE: io exception
2019-06-13 23:40:06,833 INFO  impl.FollowerInfo (FollowerInfo.java:lambda$new$0(50)) - cb89d4f8-1878-4ef8-9b04-c29334c05cac->1ea106d7-9b98-4cee-8ff6-7d75b64b893d: nextIndex: updateUnconditionally 0 -> 0
2019-06-13 23:40:07,332 WARN  server.GrpcLogAppender (LogUtils.java:warn(134)) - cb89d4f8-1878-4ef8-9b04-c29334c05cac: Failed appendEntries to 47bcbdc1-c7e9-4920-9a84-4aada272adfe:192.168.105.138:33305: org.apache.ratis.thirdparty.io.grpc.StatusRuntimeException: UNAVAILABLE: io exception
2019-06-13 23:40:07,332 INFO  impl.FollowerInfo (FollowerInfo.java:lambda$new$0(50)) - cb89d4f8-1878-4ef8-9b04-c29334c05cac->47bcbdc1-c7e9-4920-9a84-4aada272adfe: nextIndex: updateUnconditionally 0 -> 0
2019-06-13 23:40:07,334 WARN  server.GrpcLogAppender (LogUtils.java:warn(134)) - cb89d4f8-1878-4ef8-9b04-c29334c05cac: Failed appendEntries to 1ea106d7-9b98-4cee-8ff6-7d75b64b893d:192.168.105.138:45495: org.apache.ratis.thirdparty.io.grpc.StatusRuntimeException: UNAVAILABLE: io exception
2019-06-13 23:40:07,334 INFO  impl.FollowerInfo (FollowerInfo.java:lambda$new$0(50)) - cb89d4f8-1878-4ef8-9b04-c29334c05cac->1ea106d7-9b98-4cee-8ff6-7d75b64b893d: nextIndex: updateUnconditionally 0 -> 0
2019-06-13 23:40:07,833 WARN  server.GrpcLogAppender (LogUtils.java:warn(134)) - cb89d4f8-1878-4ef8-9b04-c29334c05cac: Failed appendEntries to 47bcbdc1-c7e9-4920-9a84-4aada272adfe:192.168.105.138:33305: org.apache.ratis.thirdparty.io.grpc.StatusRuntimeException: UNAVAILABLE: io exception
2019-06-13 23:40:07,833 INFO  impl.FollowerInfo (FollowerInfo.java:lambda$new$0(50)) - cb89d4f8-1878-4ef8-9b04-c29334c05cac->47bcbdc1-c7e9-4920-9a84-4aada272adfe: nextIndex: updateUnconditionally 0 -> 0
2019-06-13 23:40:07,834 WARN  server.GrpcLogAppender (LogUtils.java:warn(134)) - cb89d4f8-1878-4ef8-9b04-c29334c05cac: Failed appendEntries to 1ea106d7-9b98-4cee-8ff6-7d75b64b893d:192.168.105.138:45495: org.apache.ratis.thirdparty.io.grpc.StatusRuntimeException: UNAVAILABLE: io exception
2019-06-13 23:40:07,835 INFO  impl.FollowerInfo (FollowerInfo.java:lambda$new$0(50)) - cb89d4f8-1878-4ef8-9b04-c29334c05cac->1ea106d7-9b98-4cee-8ff6-7d75b64b893d: nextIndex: updateUnconditionally 0 -> 0
2019-06-13 23:40:08,055 INFO  client.GrpcClientProtocolService (GrpcClientProtocolService.java:lambda$processClientRequest$0(264)) - Failed RaftClientRequest:client-2E657361B150->cb89d4f8-1878-4ef8-9b04-c29334c05cac@group-EBBCCC61E3CC, cid=67, seq=0, Watch-ALL_COMMITTED(2), Message:<EMPTY>, reply=RaftClientReply:client-2E657361B150->cb89d4f8-1878-4ef8-9b04-c29334c05cac@group-EBBCCC61E3CC, cid=67, FAILED org.apache.ratis.protocol.NotReplicatedException: Request with call Id 67 and log index 2 is not yet replicated to ALL_COMMITTED, logIndex=2, commits[cb89d4f8-1878-4ef8-9b04-c29334c05cac:c2, 1ea106d7-9b98-4cee-8ff6-7d75b64b893d:c2, 47bcbdc1-c7e9-4920-9a84-4aada272adfe:c1]
2019-06-13 23:40:08,334 WARN  server.GrpcLogAppender (LogUtils.java:warn(134)) - cb89d4f8-1878-4ef8-9b04-c29334c05cac: Failed appendEntries to 47bcbdc1-c7e9-4920-9a84-4aada272adfe:192.168.105.138:33305: org.apache.ratis.thirdparty.io.grpc.StatusRuntimeException: UNAVAILABLE: io exception
2019-06-13 23:40:08,334 INFO  impl.FollowerInfo (FollowerInfo.java:lambda$new$0(50)) - cb89d4f8-1878-4ef8-9b04-c29334c05cac->47bcbdc1-c7e9-4920-9a84-4aada272adfe: nextIndex: updateUnconditionally 0 -> 0
2019-06-13 23:40:08,336 WARN  server.GrpcLogAppender (LogUtils.java:warn(134)) - cb89d4f8-1878-4ef8-9b04-c29334c05cac: Failed appendEntries to 1ea106d7-9b98-4cee-8ff6-7d75b64b893d:192.168.105.138:45495: org.apache.ratis.thirdparty.io.grpc.StatusRuntimeException: UNAVAILABLE: io exception
2019-06-13 23:40:08,336 INFO  impl.FollowerInfo (FollowerInfo.java:lambda$new$0(50)) - cb89d4f8-1878-4ef8-9b04-c29334c05cac->1ea106d7-9b98-4cee-8ff6-7d75b64b893d: nextIndex: updateUnconditionally 0 -> 0
2019-06-13 23:40:08,834 WARN  server.GrpcLogAppender (LogUtils.java:warn(134)) - cb89d4f8-1878-4ef8-9b04-c29334c05cac: Failed appendEntries to 47bcbdc1-c7e9-4920-9a84-4aada272adfe:192.168.105.138:33305: org.apache.ratis.thirdparty.io.grpc.StatusRuntimeException: UNAVAILABLE: io exception
2019-06-13 23:40:08,835 INFO  impl.FollowerInfo (FollowerInfo.java:lambda$new$0(50)) - cb89d4f8-1878-4ef8-9b04-c29334c05cac->47bcbdc1-c7e9-4920-9a84-4aada272adfe: nextIndex: updateUnconditionally 0 -> 0
2019-06-13 23:40:08,835 WARN  server.GrpcLogAppender (LogUtils.java:warn(134)) - cb89d4f8-1878-4ef8-9b04-c29334c05cac: Failed appendEntries to 1ea106d7-9b98-4cee-8ff6-7d75b64b893d:192.168.105.138:45495: org.apache.ratis.thirdparty.io.grpc.StatusRuntimeException: UNAVAILABLE: io exception
2019-06-13 23:40:08,836 INFO  impl.FollowerInfo (FollowerInfo.java:lambda$new$0(50)) - cb89d4f8-1878-4ef8-9b04-c29334c05cac->1ea106d7-9b98-4cee-8ff6-7d75b64b893d: nextIndex: updateUnconditionally 0 -> 0
2019-06-13 23:40:09,334 WARN  server.GrpcLogAppender (LogUtils.java:warn(134)) - cb89d4f8-1878-4ef8-9b04-c29334c05cac: Failed appendEntries to 47bcbdc1-c7e9-4920-9a84-4aada272adfe:192.168.105.138:33305: org.apache.ratis.thirdparty.io.grpc.StatusRuntimeException: UNAVAILABLE: io exception
2019-06-13 23:40:09,335 INFO  impl.FollowerInfo (FollowerInfo.java:lambda$new$0(50)) - cb89d4f8-1878-4ef8-9b04-c29334c05cac->47bcbdc1-c7e9-4920-9a84-4aada272adfe: nextIndex: updateUnconditionally 0 -> 0
2019-06-13 23:40:09,338 WARN  server.GrpcLogAppender (LogUtils.java:warn(134)) - cb89d4f8-1878-4ef8-9b04-c29334c05cac: Failed appendEntries to 1ea106d7-9b98-4cee-8ff6-7d75b64b893d:192.168.105.138:45495: org.apache.ratis.thirdparty.io.grpc.StatusRuntimeException: UNAVAILABLE: io exception
2019-06-13 23:40:09,338 INFO  impl.FollowerInfo (FollowerInfo.java:lambda$new$0(50)) - cb89d4f8-1878-4ef8-9b04-c29334c05cac->1ea106d7-9b98-4cee-8ff6-7d75b64b893d: nextIndex: updateUnconditionally 0 -> 0
2019-06-13 23:40:09,835 WARN  server.GrpcLogAppender (LogUtils.java:warn(134)) - cb89d4f8-1878-4ef8-9b04-c29334c05cac: Failed appendEntries to 47bcbdc1-c7e9-4920-9a84-4aada272adfe:192.168.105.138:33305: org.apache.ratis.thirdparty.io.grpc.StatusRuntimeException: UNAVAILABLE: io exception
2019-06-13 23:40:09,835 INFO  impl.FollowerInfo (FollowerInfo.java:lambda$new$0(50)) - cb89d4f8-1878-4ef8-9b04-c29334c05cac->47bcbdc1-c7e9-4920-9a84-4aada272adfe: nextIndex: updateUnconditionally 0 -> 0
2019-06-13 23:40:09,839 WARN  server.GrpcLogAppender (LogUtils.java:warn(134)) - cb89d4f8-1878-4ef8-9b04-c29334c05cac: Failed appendEntries to 1ea106d7-9b98-4cee-8ff6-7d75b64b893d:192.168.105.138:45495: org.apache.ratis.thirdparty.io.grpc.StatusRuntimeException: UNAVAILABLE: io exception
2019-06-13 23:40:09,839 INFO  impl.FollowerInfo (FollowerInfo.java:lambda$new$0(50)) - cb89d4f8-1878-4ef8-9b04-c29334c05cac->1ea106d7-9b98-4cee-8ff6-7d75b64b893d: nextIndex: updateUnconditionally 0 -> 0
2019-06-13 23:40:10,335 WARN  server.GrpcLogAppender (LogUtils.java:warn(134)) - cb89d4f8-1878-4ef8-9b04-c29334c05cac: Failed appendEntries to 47bcbdc1-c7e9-4920-9a84-4aada272adfe:192.168.105.138:33305: org.apache.ratis.thirdparty.io.grpc.StatusRuntimeException: UNAVAILABLE: io exception
2019-06-13 23:40:10,336 INFO  impl.FollowerInfo (FollowerInfo.java:lambda$new$0(50)) - cb89d4f8-1878-4ef8-9b04-c29334c05cac->47bcbdc1-c7e9-4920-9a84-4aada272adfe: nextIndex: updateUnconditionally 0 -> 0
2019-06-13 23:40:10,339 WARN  server.GrpcLogAppender (LogUtils.java:warn(134)) - cb89d4f8-1878-4ef8-9b04-c29334c05cac: Failed appendEntries to 1ea106d7-9b98-4cee-8ff6-7d75b64b893d:192.168.105.138:45495: org.apache.ratis.thirdparty.io.grpc.StatusRuntimeException: UNAVAILABLE: io exception
2019-06-13 23:40:10,339 INFO  impl.FollowerInfo (FollowerInfo.java:lambda$new$0(50)) - cb89d4f8-1878-4ef8-9b04-c29334c05cac->1ea106d7-9b98-4cee-8ff6-7d75b64b893d: nextIndex: updateUnconditionally 0 -> 0
2019-06-13 23:40:10,836 WARN  server.GrpcLogAppender (LogUtils.java:warn(134)) - cb89d4f8-1878-4ef8-9b04-c29334c05cac: Failed appendEntries to 47bcbdc1-c7e9-4920-9a84-4aada272adfe:192.168.105.138:33305: org.apache.ratis.thirdparty.io.grpc.StatusRuntimeException: UNAVAILABLE: io exception
2019-06-13 23:40:10,836 INFO  impl.FollowerInfo (FollowerInfo.java:lambda$new$0(50)) - cb89d4f8-1878-4ef8-9b04-c29334c05cac->47bcbdc1-c7e9-4920-9a84-4aada272adfe: nextIndex: updateUnconditionally 0 -> 0
2019-06-13 23:40:10,840 WARN  server.GrpcLogAppender (LogUtils.java:warn(134)) - cb89d4f8-1878-4ef8-9b04-c29334c05cac: Failed appendEntries to 1ea106d7-9b98-4cee-8ff6-7d75b64b893d:192.168.105.138:45495: org.apache.ratis.thirdparty.io.grpc.StatusRuntimeException: UNAVAILABLE: io exception
2019-06-13 23:40:10,840 INFO  impl.FollowerInfo (FollowerInfo.java:lambda$new$0(50)) - cb89d4f8-1878-4ef8-9b04-c29334c05cac->1ea106d7-9b98-4cee-8ff6-7d75b64b893d: nextIndex: updateUnconditionally 0 -> 0
2019-06-13 23:40:11,337 WARN  server.GrpcLogAppender (LogUtils.java:warn(134)) - cb89d4f8-1878-4ef8-9b04-c29334c05cac: Failed appendEntries to 47bcbdc1-c7e9-4920-9a84-4aada272adfe:192.168.105.138:33305: org.apache.ratis.thirdparty.io.grpc.StatusRuntimeException: UNAVAILABLE: io exception
2019-06-13 23:40:11,337 INFO  impl.FollowerInfo (FollowerInfo.java:lambda$new$0(50)) - cb89d4f8-1878-4ef8-9b04-c29334c05cac->47bcbdc1-c7e9-4920-9a84-4aada272adfe: nextIndex: updateUnconditionally 0 -> 0
2019-06-13 23:40:11,340 WARN  server.GrpcLogAppender (LogUtils.java:warn(134)) - cb89d4f8-1878-4ef8-9b04-c29334c05cac: Failed appendEntries to 1ea106d7-9b98-4cee-8ff6-7d75b64b893d:192.168.105.138:45495: org.apache.ratis.thirdparty.io.grpc.StatusRuntimeException: UNAVAILABLE: io exception
2019-06-13 23:40:11,340 INFO  impl.FollowerInfo (FollowerInfo.java:lambda$new$0(50)) - cb89d4f8-1878-4ef8-9b04-c29334c05cac->1ea106d7-9b98-4cee-8ff6-7d75b64b893d: nextIndex: updateUnconditionally 0 -> 0
2019-06-13 23:40:11,837 WARN  server.GrpcLogAppender (LogUtils.java:warn(134)) - cb89d4f8-1878-4ef8-9b04-c29334c05cac: Failed appendEntries to 47bcbdc1-c7e9-4920-9a84-4aada272adfe:192.168.105.138:33305: org.apache.ratis.thirdparty.io.grpc.StatusRuntimeException: UNAVAILABLE: io exception
2019-06-13 23:40:11,838 INFO  impl.FollowerInfo (FollowerInfo.java:lambda$new$0(50)) - cb89d4f8-1878-4ef8-9b04-c29334c05cac->47bcbdc1-c7e9-4920-9a84-4aada272adfe: nextIndex: updateUnconditionally 0 -> 0
2019-06-13 23:40:11,840 WARN  server.GrpcLogAppender (LogUtils.java:warn(134)) - cb89d4f8-1878-4ef8-9b04-c29334c05cac: Failed appendEntries to 1ea106d7-9b98-4cee-8ff6-7d75b64b893d:192.168.105.138:45495: org.apache.ratis.thirdparty.io.grpc.StatusRuntimeException: UNAVAILABLE: io exception
2019-06-13 23:40:11,841 INFO  impl.FollowerInfo (FollowerInfo.java:lambda$new$0(50)) - cb89d4f8-1878-4ef8-9b04-c29334c05cac->1ea106d7-9b98-4cee-8ff6-7d75b64b893d: nextIndex: updateUnconditionally 0 -> 0
2019-06-13 23:40:12,340 WARN  server.GrpcLogAppender (LogUtils.java:warn(134)) - cb89d4f8-1878-4ef8-9b04-c29334c05cac: Failed appendEntries to 47bcbdc1-c7e9-4920-9a84-4aada272adfe:192.168.105.138:33305: org.apache.ratis.thirdparty.io.grpc.StatusRuntimeException: UNAVAILABLE: io exception
2019-06-13 23:40:12,341 INFO  impl.FollowerInfo (FollowerInfo.java:lambda$new$0(50)) - cb89d4f8-1878-4ef8-9b04-c29334c05cac->47bcbdc1-c7e9-4920-9a84-4aada272adfe: nextIndex: updateUnconditionally 0 -> 0
2019-06-13 23:40:12,342 WARN  server.GrpcLogAppender (LogUtils.java:warn(134)) - cb89d4f8-1878-4ef8-9b04-c29334c05cac: Failed appendEntries to 1ea106d7-9b98-4cee-8ff6-7d75b64b893d:192.168.105.138:45495: org.apache.ratis.thirdparty.io.grpc.StatusRuntimeException: UNAVAILABLE: io exception
2019-06-13 23:40:12,342 INFO  impl.FollowerInfo (FollowerInfo.java:lambda$new$0(50)) - cb89d4f8-1878-4ef8-9b04-c29334c05cac->1ea106d7-9b98-4cee-8ff6-7d75b64b893d: nextIndex: updateUnconditionally 0 -> 0
2019-06-13 23:40:12,838 WARN  server.GrpcLogAppender (LogUtils.java:warn(134)) - cb89d4f8-1878-4ef8-9b04-c29334c05cac: Failed appendEntries to 47bcbdc1-c7e9-4920-9a84-4aada272adfe:192.168.105.138:33305: org.apache.ratis.thirdparty.io.grpc.StatusRuntimeException: UNAVAILABLE: io exception
2019-06-13 23:40:12,839 INFO  impl.FollowerInfo (FollowerInfo.java:lambda$new$0(50)) - cb89d4f8-1878-4ef8-9b04-c29334c05cac->47bcbdc1-c7e9-4920-9a84-4aada272adfe: nextIndex: updateUnconditionally 0 -> 0
2019-06-13 23:40:12,841 WARN  server.GrpcLogAppender (LogUtils.java:warn(134)) - cb89d4f8-1878-4ef8-9b04-c29334c05cac: Failed appendEntries to 1ea106d7-9b98-4cee-8ff6-7d75b64b893d:192.168.105.138:45495: org.apache.ratis.thirdparty.io.grpc.StatusRuntimeException: UNAVAILABLE: io exception
2019-06-13 23:40:12,841 INFO  impl.FollowerInfo (FollowerInfo.java:lambda$new$0(50)) - cb89d4f8-1878-4ef8-9b04-c29334c05cac->1ea106d7-9b98-4cee-8ff6-7d75b64b893d: nextIndex: updateUnconditionally 0 -> 0
2019-06-13 23:40:13,054 INFO  client.GrpcClientProtocolService (GrpcClientProtocolService.java:lambda$processClientRequest$0(264)) - Failed RaftClientRequest:client-2E657361B150->cb89d4f8-1878-4ef8-9b04-c29334c05cac@group-EBBCCC61E3CC, cid=67, seq=0, Watch-ALL_COMMITTED(2), Message:<EMPTY>, reply=RaftClientReply:client-2E657361B150->cb89d4f8-1878-4ef8-9b04-c29334c05cac@group-EBBCCC61E3CC, cid=67, FAILED org.apache.ratis.protocol.NotReplicatedException: Request with call Id 67 and log index 2 is not yet replicated to ALL_COMMITTED, logIndex=2, commits[cb89d4f8-1878-4ef8-9b04-c29334c05cac:c2, 1ea106d7-9b98-4cee-8ff6-7d75b64b893d:c2, 47bcbdc1-c7e9-4920-9a84-4aada272adfe:c1]
2019-06-13 23:40:13,339 WARN  server.GrpcLogAppender (LogUtils.java:warn(134)) - cb89d4f8-1878-4ef8-9b04-c29334c05cac: Failed appendEntries to 47bcbdc1-c7e9-4920-9a84-4aada272adfe:192.168.105.138:33305: org.apache.ratis.thirdparty.io.grpc.StatusRuntimeException: UNAVAILABLE: io exception
2019-06-13 23:40:13,339 INFO  impl.FollowerInfo (FollowerInfo.java:lambda$new$0(50)) - cb89d4f8-1878-4ef8-9b04-c29334c05cac->47bcbdc1-c7e9-4920-9a84-4aada272adfe: nextIndex: updateUnconditionally 0 -> 0
2019-06-13 23:40:13,342 WARN  server.GrpcLogAppender (LogUtils.java:warn(134)) - cb89d4f8-1878-4ef8-9b04-c29334c05cac: Failed appendEntries to 1ea106d7-9b98-4cee-8ff6-7d75b64b893d:192.168.105.138:45495: org.apache.ratis.thirdparty.io.grpc.StatusRuntimeException: UNAVAILABLE: io exception
2019-06-13 23:40:13,342 INFO  impl.FollowerInfo (FollowerInfo.java:lambda$new$0(50)) - cb89d4f8-1878-4ef8-9b04-c29334c05cac->1ea106d7-9b98-4cee-8ff6-7d75b64b893d: nextIndex: updateUnconditionally 0 -> 0
2019-06-13 23:40:13,840 WARN  server.GrpcLogAppender (LogUtils.java:warn(134)) - cb89d4f8-1878-4ef8-9b04-c29334c05cac: Failed appendEntries to 47bcbdc1-c7e9-4920-9a84-4aada272adfe:192.168.105.138:33305: org.apache.ratis.thirdparty.io.grpc.StatusRuntimeException: UNAVAILABLE: io exception
2019-06-13 23:40:13,840 INFO  impl.FollowerInfo (FollowerInfo.java:lambda$new$0(50)) - cb89d4f8-1878-4ef8-9b04-c29334c05cac->47bcbdc1-c7e9-4920-9a84-4aada272adfe: nextIndex: updateUnconditionally 0 -> 0
2019-06-13 23:40:13,842 WARN  server.GrpcLogAppender (LogUtils.java:warn(134)) - cb89d4f8-1878-4ef8-9b04-c29334c05cac: Failed appendEntries to 1ea106d7-9b98-4cee-8ff6-7d75b64b893d:192.168.105.138:45495: org.apache.ratis.thirdparty.io.grpc.StatusRuntimeException: UNAVAILABLE: io exception
2019-06-13 23:40:13,842 INFO  impl.FollowerInfo (FollowerInfo.java:lambda$new$0(50)) - cb89d4f8-1878-4ef8-9b04-c29334c05cac->1ea106d7-9b98-4cee-8ff6-7d75b64b893d: nextIndex: updateUnconditionally 0 -> 0
2019-06-13 23:40:14,340 WARN  server.GrpcLogAppender (LogUtils.java:warn(134)) - cb89d4f8-1878-4ef8-9b04-c29334c05cac: Failed appendEntries to 47bcbdc1-c7e9-4920-9a84-4aada272adfe:192.168.105.138:33305: org.apache.ratis.thirdparty.io.grpc.StatusRuntimeException: UNAVAILABLE: io exception
2019-06-13 23:40:14,340 INFO  impl.FollowerInfo (FollowerInfo.java:lambda$new$0(50)) - cb89d4f8-1878-4ef8-9b04-c29334c05cac->47bcbdc1-c7e9-4920-9a84-4aada272adfe: nextIndex: updateUnconditionally 0 -> 0
2019-06-13 23:40:14,343 WARN  server.GrpcLogAppender (LogUtils.java:warn(134)) - cb89d4f8-1878-4ef8-9b04-c29334c05cac: Failed appendEntries to 1ea106d7-9b98-4cee-8ff6-7d75b64b893d:192.168.105.138:45495: org.apache.ratis.thirdparty.io.grpc.StatusRuntimeException: UNAVAILABLE: io exception
2019-06-13 23:40:14,343 INFO  impl.FollowerInfo (FollowerInfo.java:lambda$new$0(50)) - cb89d4f8-1878-4ef8-9b04-c29334c05cac->1ea106d7-9b98-4cee-8ff6-7d75b64b893d: nextIndex: updateUnconditionally 0 -> 0
2019-06-13 23:40:14,841 WARN  server.GrpcLogAppender (LogUtils.java:warn(134)) - cb89d4f8-1878-4ef8-9b04-c29334c05cac: Failed appendEntries to 47bcbdc1-c7e9-4920-9a84-4aada272adfe:192.168.105.138:33305: org.apache.ratis.thirdparty.io.grpc.StatusRuntimeException: UNAVAILABLE: io exception
2019-06-13 23:40:14,841 INFO  impl.FollowerInfo (FollowerInfo.java:lambda$new$0(50)) - cb89d4f8-1878-4ef8-9b04-c29334c05cac->47bcbdc1-c7e9-4920-9a84-4aada272adfe: nextIndex: updateUnconditionally 0 -> 0
2019-06-13 23:40:14,843 WARN  server.GrpcLogAppender (LogUtils.java:warn(134)) - cb89d4f8-1878-4ef8-9b04-c29334c05cac: Failed appendEntries to 1ea106d7-9b98-4cee-8ff6-7d75b64b893d:192.168.105.138:45495: org.apache.ratis.thirdparty.io.grpc.StatusRuntimeException: UNAVAILABLE: io exception
2019-06-13 23:40:14,843 INFO  impl.FollowerInfo (FollowerInfo.java:lambda$new$0(50)) - cb89d4f8-1878-4ef8-9b04-c29334c05cac->1ea106d7-9b98-4cee-8ff6-7d75b64b893d: nextIndex: updateUnconditionally 0 -> 0
2019-06-13 23:40:15,342 WARN  server.GrpcLogAppender (LogUtils.java:warn(134)) - cb89d4f8-1878-4ef8-9b04-c29334c05cac: Failed appendEntries to 47bcbdc1-c7e9-4920-9a84-4aada272adfe:192.168.105.138:33305: org.apache.ratis.thirdparty.io.grpc.StatusRuntimeException: UNAVAILABLE: io exception
2019-06-13 23:40:15,342 INFO  impl.FollowerInfo (FollowerInfo.java:lambda$new$0(50)) - cb89d4f8-1878-4ef8-9b04-c29334c05cac->47bcbdc1-c7e9-4920-9a84-4aada272adfe: nextIndex: updateUnconditionally 0 -> 0
2019-06-13 23:40:15,344 WARN  server.GrpcLogAppender (LogUtils.java:warn(134)) - cb89d4f8-1878-4ef8-9b04-c29334c05cac: Failed appendEntries to 1ea106d7-9b98-4cee-8ff6-7d75b64b893d:192.168.105.138:45495: org.apache.ratis.thirdparty.io.grpc.StatusRuntimeException: UNAVAILABLE: io exception
2019-06-13 23:40:15,344 INFO  impl.FollowerInfo (FollowerInfo.java:lambda$new$0(50)) - cb89d4f8-1878-4ef8-9b04-c29334c05cac->1ea106d7-9b98-4cee-8ff6-7d75b64b893d: nextIndex: updateUnconditionally 0 -> 0
2019-06-13 23:40:15,843 WARN  server.GrpcLogAppender (LogUtils.java:warn(134)) - cb89d4f8-1878-4ef8-9b04-c29334c05cac: Failed appendEntries to 47bcbdc1-c7e9-4920-9a84-4aada272adfe:192.168.105.138:33305: org.apache.ratis.thirdparty.io.grpc.StatusRuntimeException: UNAVAILABLE: io exception
2019-06-13 23:40:15,843 INFO  impl.FollowerInfo (FollowerInfo.java:lambda$new$0(50)) - cb89d4f8-1878-4ef8-9b04-c29334c05cac->47bcbdc1-c7e9-4920-9a84-4aada272adfe: nextIndex: updateUnconditionally 0 -> 0
2019-06-13 23:40:15,844 WARN  server.GrpcLogAppender (LogUtils.java:warn(134)) - cb89d4f8-1878-4ef8-9b04-c29334c05cac: Failed appendEntries to 1ea106d7-9b98-4cee-8ff6-7d75b64b893d:192.168.105.138:45495: org.apache.ratis.thirdparty.io.grpc.StatusRuntimeException: UNAVAILABLE: io exception
2019-06-13 23:40:15,844 INFO  impl.FollowerInfo (FollowerInfo.java:lambda$new$0(50)) - cb89d4f8-1878-4ef8-9b04-c29334c05cac->1ea106d7-9b98-4cee-8ff6-7d75b64b893d: nextIndex: updateUnconditionally 0 -> 0
2019-06-13 23:40:16,343 WARN  server.GrpcLogAppender (LogUtils.java:warn(134)) - cb89d4f8-1878-4ef8-9b04-c29334c05cac: Failed appendEntries to 47bcbdc1-c7e9-4920-9a84-4aada272adfe:192.168.105.138:33305: org.apache.ratis.thirdparty.io.grpc.StatusRuntimeException: UNAVAILABLE: io exception
2019-06-13 23:40:16,343 INFO  impl.FollowerInfo (FollowerInfo.java:lambda$new$0(50)) - cb89d4f8-1878-4ef8-9b04-c29334c05cac->47bcbdc1-c7e9-4920-9a84-4aada272adfe: nextIndex: updateUnconditionally 0 -> 0
2019-06-13 23:40:16,344 WARN  server.GrpcLogAppender (LogUtils.java:warn(134)) - cb89d4f8-1878-4ef8-9b04-c29334c05cac: Failed appendEntries to 1ea106d7-9b98-4cee-8ff6-7d75b64b893d:192.168.105.138:45495: org.apache.ratis.thirdparty.io.grpc.StatusRuntimeException: UNAVAILABLE: io exception
2019-06-13 23:40:16,345 INFO  impl.FollowerInfo (FollowerInfo.java:lambda$new$0(50)) - cb89d4f8-1878-4ef8-9b04-c29334c05cac->1ea106d7-9b98-4cee-8ff6-7d75b64b893d: nextIndex: updateUnconditionally 0 -> 0
2019-06-13 23:40:16,844 WARN  server.GrpcLogAppender (LogUtils.java:warn(134)) - cb89d4f8-1878-4ef8-9b04-c29334c05cac: Failed appendEntries to 47bcbdc1-c7e9-4920-9a84-4aada272adfe:192.168.105.138:33305: org.apache.ratis.thirdparty.io.grpc.StatusRuntimeException: UNAVAILABLE: io exception
2019-06-13 23:40:16,844 INFO  impl.FollowerInfo (FollowerInfo.java:lambda$new$0(50)) - cb89d4f8-1878-4ef8-9b04-c29334c05cac->47bcbdc1-c7e9-4920-9a84-4aada272adfe: nextIndex: updateUnconditionally 0 -> 0
2019-06-13 23:40:16,845 WARN  server.GrpcLogAppender (LogUtils.java:warn(134)) - cb89d4f8-1878-4ef8-9b04-c29334c05cac: Failed appendEntries to 1ea106d7-9b98-4cee-8ff6-7d75b64b893d:192.168.105.138:45495: org.apache.ratis.thirdparty.io.grpc.StatusRuntimeException: UNAVAILABLE: io exception
2019-06-13 23:40:16,845 INFO  impl.FollowerInfo (FollowerInfo.java:lambda$new$0(50)) - cb89d4f8-1878-4ef8-9b04-c29334c05cac->1ea106d7-9b98-4cee-8ff6-7d75b64b893d: nextIndex: updateUnconditionally 0 -> 0
2019-06-13 23:40:17,344 WARN  server.GrpcLogAppender (LogUtils.java:warn(134)) - cb89d4f8-1878-4ef8-9b04-c29334c05cac: Failed appendEntries to 47bcbdc1-c7e9-4920-9a84-4aada272adfe:192.168.105.138:33305: org.apache.ratis.thirdparty.io.grpc.StatusRuntimeException: UNAVAILABLE: io exception
2019-06-13 23:40:17,345 INFO  impl.FollowerInfo (FollowerInfo.java:lambda$new$0(50)) - cb89d4f8-1878-4ef8-9b04-c29334c05cac->47bcbdc1-c7e9-4920-9a84-4aada272adfe: nextIndex: updateUnconditionally 0 -> 0
2019-06-13 23:40:17,346 WARN  server.GrpcLogAppender (LogUtils.java:warn(134)) - cb89d4f8-1878-4ef8-9b04-c29334c05cac: Failed appendEntries to 1ea106d7-9b98-4cee-8ff6-7d75b64b893d:192.168.105.138:45495: org.apache.ratis.thirdparty.io.grpc.StatusRuntimeException: UNAVAILABLE: io exception
2019-06-13 23:40:17,346 INFO  impl.FollowerInfo (FollowerInfo.java:lambda$new$0(50)) - cb89d4f8-1878-4ef8-9b04-c29334c05cac->1ea106d7-9b98-4cee-8ff6-7d75b64b893d: nextIndex: updateUnconditionally 0 -> 0
2019-06-13 23:40:17,846 WARN  server.GrpcLogAppender (LogUtils.java:warn(134)) - cb89d4f8-1878-4ef8-9b04-c29334c05cac: Failed appendEntries to 47bcbdc1-c7e9-4920-9a84-4aada272adfe:192.168.105.138:33305: org.apache.ratis.thirdparty.io.grpc.StatusRuntimeException: UNAVAILABLE: io exception
2019-06-13 23:40:17,846 INFO  impl.FollowerInfo (FollowerInfo.java:lambda$new$0(50)) - cb89d4f8-1878-4ef8-9b04-c29334c05cac->47bcbdc1-c7e9-4920-9a84-4aada272adfe: nextIndex: updateUnconditionally 0 -> 0
2019-06-13 23:40:17,847 WARN  server.GrpcLogAppender (LogUtils.java:warn(134)) - cb89d4f8-1878-4ef8-9b04-c29334c05cac: Failed appendEntries to 1ea106d7-9b98-4cee-8ff6-7d75b64b893d:192.168.105.138:45495: org.apache.ratis.thirdparty.io.grpc.StatusRuntimeException: UNAVAILABLE: io exception
2019-06-13 23:40:17,847 INFO  impl.FollowerInfo (FollowerInfo.java:lambda$new$0(50)) - cb89d4f8-1878-4ef8-9b04-c29334c05cac->1ea106d7-9b98-4cee-8ff6-7d75b64b893d: nextIndex: updateUnconditionally 0 -> 0
2019-06-13 23:40:17,948 WARN  scm.XceiverClientRatis (XceiverClientRatis.java:watchForCommit(260)) - 3 way commit failed 
java.util.concurrent.TimeoutException
	at java.util.concurrent.CompletableFuture.timedGet(CompletableFuture.java:1771)
	at java.util.concurrent.CompletableFuture.get(CompletableFuture.java:1915)
	at org.apache.hadoop.hdds.scm.XceiverClientRatis.watchForCommit(XceiverClientRatis.java:257)
	at org.apache.hadoop.ozone.client.rpc.TestWatchForCommit.testWatchForCommitForRetryfailure(TestWatchForCommit.java:347)
	at sun.reflect.NativeMethodAccessorImpl.invoke0(Native Method)
	at sun.reflect.NativeMethodAccessorImpl.invoke(NativeMethodAccessorImpl.java:62)
	at sun.reflect.DelegatingMethodAccessorImpl.invoke(DelegatingMethodAccessorImpl.java:43)
	at java.lang.reflect.Method.invoke(Method.java:498)
	at org.junit.runners.model.FrameworkMethod$1.runReflectiveCall(FrameworkMethod.java:47)
	at org.junit.internal.runners.model.ReflectiveCallable.run(ReflectiveCallable.java:12)
	at org.junit.runners.model.FrameworkMethod.invokeExplosively(FrameworkMethod.java:44)
	at org.junit.internal.runners.statements.InvokeMethod.evaluate(InvokeMethod.java:17)
	at org.junit.runners.ParentRunner.runLeaf(ParentRunner.java:271)
	at org.junit.runners.BlockJUnit4ClassRunner.runChild(BlockJUnit4ClassRunner.java:70)
	at org.junit.runners.BlockJUnit4ClassRunner.runChild(BlockJUnit4ClassRunner.java:50)
	at org.junit.runners.ParentRunner$3.run(ParentRunner.java:238)
	at org.junit.runners.ParentRunner$1.schedule(ParentRunner.java:63)
	at org.junit.runners.ParentRunner.runChildren(ParentRunner.java:236)
	at org.junit.runners.ParentRunner.access$000(ParentRunner.java:53)
	at org.junit.runners.ParentRunner$2.evaluate(ParentRunner.java:229)
	at org.junit.runners.ParentRunner.run(ParentRunner.java:309)
	at org.apache.maven.surefire.junit4.JUnit4Provider.execute(JUnit4Provider.java:365)
	at org.apache.maven.surefire.junit4.JUnit4Provider.executeWithRerun(JUnit4Provider.java:273)
	at org.apache.maven.surefire.junit4.JUnit4Provider.executeTestSet(JUnit4Provider.java:238)
	at org.apache.maven.surefire.junit4.JUnit4Provider.invoke(JUnit4Provider.java:159)
	at org.apache.maven.surefire.booter.ForkedBooter.invokeProviderInSameClassLoader(ForkedBooter.java:384)
	at org.apache.maven.surefire.booter.ForkedBooter.runSuitesInProcess(ForkedBooter.java:345)
	at org.apache.maven.surefire.booter.ForkedBooter.execute(ForkedBooter.java:126)
	at org.apache.maven.surefire.booter.ForkedBooter.main(ForkedBooter.java:418)
2019-06-13 23:40:17,957 INFO  client.GrpcClientProtocolClient (GrpcClientProtocolClient.java:onNext(254)) - client-2E657361B150->cb89d4f8-1878-4ef8-9b04-c29334c05cac: receive RaftClientReply:client-2E657361B150->cb89d4f8-1878-4ef8-9b04-c29334c05cac@group-EBBCCC61E3CC, cid=68, SUCCESS, logIndex=0, commits[cb89d4f8-1878-4ef8-9b04-c29334c05cac:c2, 1ea106d7-9b98-4cee-8ff6-7d75b64b893d:c2, 47bcbdc1-c7e9-4920-9a84-4aada272adfe:c1]
2019-06-13 23:40:17,960 INFO  scm.XceiverClientRatis (XceiverClientRatis.java:lambda$watchForCommit$7(278)) - Could not commit 2 to all the nodes. Server 47bcbdc1-c7e9-4920-9a84-4aada272adfe has failed. Committed by majority.
]]></system-out>
    <system-err><![CDATA[Jun 13, 2019 11:39:49 PM com.sun.jersey.server.impl.application.WebApplicationImpl _initiate
INFO: Initiating Jersey application, version 'Jersey: 1.19 02/11/2015 03:25 AM'
Jun 13, 2019 11:39:50 PM com.sun.jersey.server.impl.application.WebApplicationImpl _initiate
INFO: Initiating Jersey application, version 'Jersey: 1.19 02/11/2015 03:25 AM'
Jun 13, 2019 11:39:50 PM com.sun.jersey.server.impl.application.WebApplicationImpl _initiate
INFO: Initiating Jersey application, version 'Jersey: 1.19 02/11/2015 03:25 AM'
Jun 13, 2019 11:39:50 PM com.sun.jersey.server.impl.application.WebApplicationImpl _initiate
INFO: Initiating Jersey application, version 'Jersey: 1.19 02/11/2015 03:25 AM'
Jun 13, 2019 11:39:50 PM com.sun.jersey.server.impl.application.WebApplicationImpl _initiate
INFO: Initiating Jersey application, version 'Jersey: 1.19 02/11/2015 03:25 AM'
Jun 13, 2019 11:39:51 PM com.sun.jersey.server.impl.application.WebApplicationImpl _initiate
INFO: Initiating Jersey application, version 'Jersey: 1.19 02/11/2015 03:25 AM'
Jun 13, 2019 11:39:51 PM com.sun.jersey.server.impl.application.WebApplicationImpl _initiate
INFO: Initiating Jersey application, version 'Jersey: 1.19 02/11/2015 03:25 AM'
]]></system-err>
  </testcase>
  <testcase name="testWatchForCommitForGroupMismatchException" classname="org.apache.hadoop.ozone.client.rpc.TestWatchForCommit" time="25.038"/>
  <testcase name="test2WayCommitForTimeoutException" classname="org.apache.hadoop.ozone.client.rpc.TestWatchForCommit" time="13.83"/>
  <testcase name="test2WayCommitForRetryfailure" classname="org.apache.hadoop.ozone.client.rpc.TestWatchForCommit" time="15.076">
    <error message="org.apache.ratis.protocol.RaftRetryFailureException: Failed RaftClientRequest:client-C607AA09F92D-&gt;081ad964-3376-460f-bd95-735c4a840bc5@group-DE815C153D36, cid=121, seq=2*, RW, org.apache.hadoop.hdds.scm.XceiverClientRatis$$Lambda$417/1172170412@4e9d5dc0 for 8 attempts with RetryLimited(maxAttempts=8, sleepTime=1000ms)" type="java.util.concurrent.ExecutionException">java.util.concurrent.ExecutionException: org.apache.ratis.protocol.RaftRetryFailureException: Failed RaftClientRequest:client-C607AA09F92D->081ad964-3376-460f-bd95-735c4a840bc5@group-DE815C153D36, cid=121, seq=2*, RW, org.apache.hadoop.hdds.scm.XceiverClientRatis$$Lambda$417/1172170412@4e9d5dc0 for 8 attempts with RetryLimited(maxAttempts=8, sleepTime=1000ms)
	at java.util.concurrent.CompletableFuture.reportGet(CompletableFuture.java:357)
	at java.util.concurrent.CompletableFuture.get(CompletableFuture.java:1895)
	at org.apache.hadoop.ozone.client.rpc.TestWatchForCommit.test2WayCommitForRetryfailure(TestWatchForCommit.java:388)
	at sun.reflect.NativeMethodAccessorImpl.invoke0(Native Method)
	at sun.reflect.NativeMethodAccessorImpl.invoke(NativeMethodAccessorImpl.java:62)
	at sun.reflect.DelegatingMethodAccessorImpl.invoke(DelegatingMethodAccessorImpl.java:43)
	at java.lang.reflect.Method.invoke(Method.java:498)
	at org.junit.runners.model.FrameworkMethod$1.runReflectiveCall(FrameworkMethod.java:47)
	at org.junit.internal.runners.model.ReflectiveCallable.run(ReflectiveCallable.java:12)
	at org.junit.runners.model.FrameworkMethod.invokeExplosively(FrameworkMethod.java:44)
	at org.junit.internal.runners.statements.InvokeMethod.evaluate(InvokeMethod.java:17)
	at org.junit.runners.ParentRunner.runLeaf(ParentRunner.java:271)
	at org.junit.runners.BlockJUnit4ClassRunner.runChild(BlockJUnit4ClassRunner.java:70)
	at org.junit.runners.BlockJUnit4ClassRunner.runChild(BlockJUnit4ClassRunner.java:50)
	at org.junit.runners.ParentRunner$3.run(ParentRunner.java:238)
	at org.junit.runners.ParentRunner$1.schedule(ParentRunner.java:63)
	at org.junit.runners.ParentRunner.runChildren(ParentRunner.java:236)
	at org.junit.runners.ParentRunner.access$000(ParentRunner.java:53)
	at org.junit.runners.ParentRunner$2.evaluate(ParentRunner.java:229)
	at org.junit.runners.ParentRunner.run(ParentRunner.java:309)
	at org.apache.maven.surefire.junit4.JUnit4Provider.execute(JUnit4Provider.java:365)
	at org.apache.maven.surefire.junit4.JUnit4Provider.executeWithRerun(JUnit4Provider.java:273)
	at org.apache.maven.surefire.junit4.JUnit4Provider.executeTestSet(JUnit4Provider.java:238)
	at org.apache.maven.surefire.junit4.JUnit4Provider.invoke(JUnit4Provider.java:159)
	at org.apache.maven.surefire.booter.ForkedBooter.invokeProviderInSameClassLoader(ForkedBooter.java:384)
	at org.apache.maven.surefire.booter.ForkedBooter.runSuitesInProcess(ForkedBooter.java:345)
	at org.apache.maven.surefire.booter.ForkedBooter.execute(ForkedBooter.java:126)
	at org.apache.maven.surefire.booter.ForkedBooter.main(ForkedBooter.java:418)
Caused by: org.apache.ratis.protocol.RaftRetryFailureException: Failed RaftClientRequest:client-C607AA09F92D->081ad964-3376-460f-bd95-735c4a840bc5@group-DE815C153D36, cid=121, seq=2*, RW, org.apache.hadoop.hdds.scm.XceiverClientRatis$$Lambda$417/1172170412@4e9d5dc0 for 8 attempts with RetryLimited(maxAttempts=8, sleepTime=1000ms)
	at org.apache.ratis.client.impl.RaftClientImpl.newRaftRetryFailureException(RaftClientImpl.java:383)
	at org.apache.ratis.client.impl.RaftClientImpl.handleAsyncRetryFailure(RaftClientImpl.java:388)
	at org.apache.ratis.client.impl.RaftClientImpl.lambda$sendRequestAsync$14(RaftClientImpl.java:370)
	at java.util.concurrent.CompletableFuture.uniExceptionally(CompletableFuture.java:870)
	at java.util.concurrent.CompletableFuture$UniExceptionally.tryFire(CompletableFuture.java:852)
	at java.util.concurrent.CompletableFuture.postComplete(CompletableFuture.java:474)
	at java.util.concurrent.CompletableFuture.completeExceptionally(CompletableFuture.java:1977)
	at org.apache.ratis.grpc.client.GrpcClientProtocolClient$AsyncStreamObservers.completeReplyExceptionally(GrpcClientProtocolClient.java:329)
	at org.apache.ratis.grpc.client.GrpcClientProtocolClient$AsyncStreamObservers.access$000(GrpcClientProtocolClient.java:245)
	at org.apache.ratis.grpc.client.GrpcClientProtocolClient$AsyncStreamObservers$1.onNext(GrpcClientProtocolClient.java:257)
	at org.apache.ratis.grpc.client.GrpcClientProtocolClient$AsyncStreamObservers$1.onNext(GrpcClientProtocolClient.java:248)
	at org.apache.ratis.thirdparty.io.grpc.stub.ClientCalls$StreamObserverToCallListenerAdapter.onMessage(ClientCalls.java:421)
	at org.apache.ratis.thirdparty.io.grpc.ForwardingClientCallListener.onMessage(ForwardingClientCallListener.java:33)
	at org.apache.ratis.thirdparty.io.grpc.ForwardingClientCallListener.onMessage(ForwardingClientCallListener.java:33)
	at org.apache.ratis.thirdparty.io.grpc.internal.ClientCallImpl$ClientStreamListenerImpl$1MessagesAvailable.runInContext(ClientCallImpl.java:519)
	at org.apache.ratis.thirdparty.io.grpc.internal.ContextRunnable.run(ContextRunnable.java:37)
	at org.apache.ratis.thirdparty.io.grpc.internal.SerializingExecutor.run(SerializingExecutor.java:123)
	at java.util.concurrent.ThreadPoolExecutor.runWorker(ThreadPoolExecutor.java:1149)
	at java.util.concurrent.ThreadPoolExecutor$Worker.run(ThreadPoolExecutor.java:624)
	at java.lang.Thread.run(Thread.java:748)
</error>
    <system-out><![CDATA[2019-06-13 23:40:56,848 WARN  server.ServerUtils (ServerUtils.java:getScmDbDir(145)) - ozone.scm.db.dirs is not configured. We recommend adding this setting. Falling back to ozone.metadata.dirs instead.
2019-06-13 23:40:56,852 WARN  server.ServerUtils (ServerUtils.java:getScmDbDir(145)) - ozone.scm.db.dirs is not configured. We recommend adding this setting. Falling back to ozone.metadata.dirs instead.
2019-06-13 23:40:56,853 WARN  server.ServerUtils (ServerUtils.java:getScmDbDir(145)) - ozone.scm.db.dirs is not configured. We recommend adding this setting. Falling back to ozone.metadata.dirs instead.
2019-06-13 23:40:56,853 INFO  db.DBStoreBuilder (DBStoreBuilder.java:addTable(110)) - using custom profile for table: deletedBlocks
2019-06-13 23:40:56,853 INFO  db.DBStoreBuilder (DBStoreBuilder.java:processTables(161)) - Using default column profile:DBProfile.DISK for Table:deletedBlocks
2019-06-13 23:40:56,854 INFO  db.DBStoreBuilder (DBStoreBuilder.java:addTable(110)) - using custom profile for table: validCerts
2019-06-13 23:40:56,854 INFO  db.DBStoreBuilder (DBStoreBuilder.java:processTables(161)) - Using default column profile:DBProfile.DISK for Table:validCerts
2019-06-13 23:40:56,854 INFO  db.DBStoreBuilder (DBStoreBuilder.java:addTable(110)) - using custom profile for table: revokedCerts
2019-06-13 23:40:56,854 INFO  db.DBStoreBuilder (DBStoreBuilder.java:processTables(161)) - Using default column profile:DBProfile.DISK for Table:revokedCerts
2019-06-13 23:40:56,854 INFO  db.DBStoreBuilder (DBStoreBuilder.java:addTable(110)) - using custom profile for table: default
2019-06-13 23:40:56,855 INFO  db.DBStoreBuilder (DBStoreBuilder.java:processTables(167)) - Using default column profile:DBProfile.DISK for Table:default
2019-06-13 23:40:56,855 INFO  db.DBStoreBuilder (DBStoreBuilder.java:getDbProfile(198)) - Using default options. DBProfile.DISK
2019-06-13 23:40:56,898 WARN  server.ServerUtils (ServerUtils.java:sanitizeUserArgs(70)) - ozone.scm.stale.node.interval value = 300000 is larger than max = 100000 based on the key value of ozone.scm.heartbeat.thread.interval, reset to the max value 100000.
2019-06-13 23:40:56,898 WARN  server.ServerUtils (ServerUtils.java:sanitizeUserArgs(70)) - ozone.scm.stale.node.interval value = 300000 is larger than max = 100000 based on the key value of ozone.scm.heartbeat.thread.interval, reset to the max value 100000.
2019-06-13 23:40:56,898 INFO  node.SCMNodeManager (SCMNodeManager.java:<init>(108)) - Entering startup safe mode.
2019-06-13 23:40:56,899 INFO  net.NodeSchemaLoader (NodeSchemaLoader.java:loadSchemaFromFile(125)) - Loading file from sun.misc.CompoundEnumeration@352288bc
2019-06-13 23:40:56,899 INFO  net.NodeSchemaLoader (NodeSchemaLoader.java:loadSchema(171)) - Loading network topology layer schema file
2019-06-13 23:40:56,902 WARN  server.ServerUtils (ServerUtils.java:getScmDbDir(145)) - ozone.scm.db.dirs is not configured. We recommend adding this setting. Falling back to ozone.metadata.dirs instead.
2019-06-13 23:40:56,915 INFO  pipeline.SCMPipelineManager (SCMPipelineManager.java:initializePipelineState(126)) - No pipeline exists in current db
2019-06-13 23:40:56,915 WARN  server.ServerUtils (ServerUtils.java:getScmDbDir(145)) - ozone.scm.db.dirs is not configured. We recommend adding this setting. Falling back to ozone.metadata.dirs instead.
2019-06-13 23:40:56,929 WARN  events.EventQueue (EventQueue.java:fireEvent(175)) - No event handler registered for event TypedEvent{payloadType=SafeModeStatus, name='SafeModeStatus'}
2019-06-13 23:40:56,930 INFO  ipc.CallQueueManager (CallQueueManager.java:<init>(84)) - Using callQueue: class java.util.concurrent.LinkedBlockingQueue, queueCapacity: 2000, scheduler: class org.apache.hadoop.ipc.DefaultRpcScheduler, ipcBackoff: false.
2019-06-13 23:40:56,930 INFO  ipc.Server (Server.java:run(1074)) - Starting Socket Reader #1 for port 44347
2019-06-13 23:40:56,934 INFO  ipc.CallQueueManager (CallQueueManager.java:<init>(84)) - Using callQueue: class java.util.concurrent.LinkedBlockingQueue, queueCapacity: 2000, scheduler: class org.apache.hadoop.ipc.DefaultRpcScheduler, ipcBackoff: false.
2019-06-13 23:40:56,934 INFO  ipc.Server (Server.java:run(1074)) - Starting Socket Reader #1 for port 43101
2019-06-13 23:40:56,938 INFO  ipc.CallQueueManager (CallQueueManager.java:<init>(84)) - Using callQueue: class java.util.concurrent.LinkedBlockingQueue, queueCapacity: 2000, scheduler: class org.apache.hadoop.ipc.DefaultRpcScheduler, ipcBackoff: false.
2019-06-13 23:40:56,938 INFO  ipc.Server (Server.java:run(1074)) - Starting Socket Reader #1 for port 40717
2019-06-13 23:40:56,940 INFO  hdfs.DFSUtil (DFSUtil.java:httpServerTemplateForNNAndJN(1641)) - Starting Web-server for scm at: http://0.0.0.0:0
2019-06-13 23:40:56,941 INFO  server.AuthenticationFilter (AuthenticationFilter.java:constructSecretProvider(240)) - Unable to initialize FileSignerSecretProvider, falling back to use random secrets.
2019-06-13 23:40:56,941 WARN  http.HttpRequestLog (HttpRequestLog.java:getRequestLog(97)) - Jetty request log can only be enabled using Log4j
2019-06-13 23:40:56,944 INFO  http.HttpServer2 (HttpServer2.java:addGlobalFilter(975)) - Added global filter 'safety' (class=org.apache.hadoop.http.HttpServer2$QuotingInputFilter)
2019-06-13 23:40:56,944 INFO  http.HttpServer2 (HttpServer2.java:addFilter(948)) - Added filter static_user_filter (class=org.apache.hadoop.http.lib.StaticUserWebFilter$StaticUserFilter) to context scm
2019-06-13 23:40:56,944 INFO  http.HttpServer2 (HttpServer2.java:addFilter(958)) - Added filter static_user_filter (class=org.apache.hadoop.http.lib.StaticUserWebFilter$StaticUserFilter) to context static
2019-06-13 23:40:56,944 INFO  http.HttpServer2 (HttpServer2.java:addFilter(958)) - Added filter static_user_filter (class=org.apache.hadoop.http.lib.StaticUserWebFilter$StaticUserFilter) to context logs
2019-06-13 23:40:56,947 INFO  server.StorageContainerManager (StorageContainerManager.java:start(752)) - StorageContainerLocationProtocol RPC server is listening at /0.0.0.0:40717
2019-06-13 23:40:56,947 INFO  impl.MetricsSystemImpl (MetricsSystemImpl.java:init(158)) - StorageContainerManager metrics system started (again)
2019-06-13 23:40:56,947 INFO  server.SCMClientProtocolServer (SCMClientProtocolServer.java:start(149)) - RPC server for Client  is listening at /0.0.0.0:40717
2019-06-13 23:40:56,948 INFO  ipc.Server (Server.java:run(1314)) - IPC Server Responder: starting
2019-06-13 23:40:56,948 INFO  ipc.Server (Server.java:run(1153)) - IPC Server listener on 40717: starting
2019-06-13 23:40:56,955 INFO  server.StorageContainerManager (StorageContainerManager.java:start(761)) - ScmBlockLocationProtocol RPC server is listening at /0.0.0.0:43101
2019-06-13 23:40:56,956 INFO  server.SCMBlockProtocolServer (SCMBlockProtocolServer.java:start(137)) - RPC server for Block Protocol is listening at /0.0.0.0:43101
2019-06-13 23:40:56,956 INFO  ipc.Server (Server.java:run(1314)) - IPC Server Responder: starting
2019-06-13 23:40:56,956 INFO  ipc.Server (Server.java:run(1153)) - IPC Server listener on 43101: starting
2019-06-13 23:40:56,961 WARN  server.GrpcLogAppender (LogUtils.java:warn(134)) - cb89d4f8-1878-4ef8-9b04-c29334c05cac: Failed appendEntries to 1ea106d7-9b98-4cee-8ff6-7d75b64b893d:192.168.105.138:45495: org.apache.ratis.thirdparty.io.grpc.StatusRuntimeException: UNAVAILABLE: io exception
2019-06-13 23:40:56,961 INFO  impl.FollowerInfo (FollowerInfo.java:lambda$new$0(50)) - cb89d4f8-1878-4ef8-9b04-c29334c05cac->1ea106d7-9b98-4cee-8ff6-7d75b64b893d: nextIndex: updateUnconditionally 0 -> 0
2019-06-13 23:40:56,962 INFO  server.StorageContainerManager (StorageContainerManager.java:start(765)) - ScmDatanodeProtocl RPC server is listening at /0.0.0.0:44347
2019-06-13 23:40:56,962 INFO  server.SCMDatanodeProtocolServer (SCMDatanodeProtocolServer.java:start(191)) - RPC server for DataNodes is listening at /0.0.0.0:44347
2019-06-13 23:40:56,962 INFO  ipc.Server (Server.java:run(1314)) - IPC Server Responder: starting
2019-06-13 23:40:56,962 INFO  ipc.Server (Server.java:run(1153)) - IPC Server listener on 44347: starting
2019-06-13 23:40:56,967 INFO  http.HttpServer2 (HttpServer2.java:bindListener(1191)) - Jetty bound to port 33641
2019-06-13 23:40:56,967 INFO  server.Server (Server.java:doStart(351)) - jetty-9.3.24.v20180605, build timestamp: 2018-06-05T17:11:56Z, git hash: 84205aa28f11a4f31f2a3b86d1bba2cc8ab69827
2019-06-13 23:40:56,968 INFO  handler.ContextHandler (ContextHandler.java:doStart(781)) - Started o.e.j.s.ServletContextHandler@3d056418{/logs,file:///opt/src/hadoop-ozone/integration-test/target/log,AVAILABLE}
2019-06-13 23:40:56,968 INFO  handler.ContextHandler (ContextHandler.java:doStart(781)) - Started o.e.j.s.ServletContextHandler@6d58ed12{/static,file:///opt/src/hadoop-ozone/integration-test/target/test-classes/webapps/static,AVAILABLE}
2019-06-13 23:40:56,970 INFO  handler.ContextHandler (ContextHandler.java:doStart(781)) - Started o.e.j.w.WebAppContext@76d654{/,file:///opt/src/hadoop-ozone/integration-test/target/test-classes/webapps/scm/,AVAILABLE}{/scm}
2019-06-13 23:40:56,971 INFO  server.AbstractConnector (AbstractConnector.java:doStart(278)) - Started ServerConnector@32180efb{HTTP/1.1,[http/1.1]}{0.0.0.0:33641}
2019-06-13 23:40:56,972 INFO  server.Server (Server.java:doStart(419)) - Started @108334ms
2019-06-13 23:40:56,973 INFO  server.BaseHttpServer (BaseHttpServer.java:updateConnectorAddress(207)) - HTTP server of SCM is listening at http://0.0.0.0:33641
2019-06-13 23:40:56,973 WARN  scm.ScmUtils (ScmUtils.java:getDBPath(63)) - ozone.om.db.dirs is not configured. We recommend adding this setting. Falling back to ozone.metadata.dirs instead.
2019-06-13 23:40:56,975 INFO  util.JvmPauseMonitor (JvmPauseMonitor.java:run(188)) - Starting JVM pause monitor
2019-06-13 23:40:56,978 WARN  scm.ScmUtils (ScmUtils.java:getDBPath(63)) - ozone.om.db.dirs is not configured. We recommend adding this setting. Falling back to ozone.metadata.dirs instead.
2019-06-13 23:40:56,979 INFO  om.OzoneManager (OzoneManager.java:setOMNodeDetails(519)) - OM Service ID is not set. Setting it to the default ID: omServiceIdDefault
2019-06-13 23:40:56,979 INFO  om.OzoneManager (OzoneManager.java:setOMNodeDetails(525)) - OM Node ID is not set. Setting it to the OmStorage's OmID: 958ab487-a577-443e-a928-3f806e8ad89a
2019-06-13 23:40:56,979 WARN  scm.HddsServerUtil (HddsServerUtil.java:getDefaultRatisDirectory(354)) - Storage directory for Ratis is not configured. It is a good idea to map this to an SSD disk. Falling back to ozone.metadata.dirs
2019-06-13 23:40:56,979 WARN  scm.HddsServerUtil (HddsServerUtil.java:getDefaultRatisDirectory(354)) - Storage directory for Ratis is not configured. It is a good idea to map this to an SSD disk. Falling back to ozone.metadata.dirs
2019-06-13 23:40:56,980 INFO  om.OzoneManager (OzoneManager.java:loadOMHAConfigs(476)) - Found matching OM address with OMServiceId: null, OMNodeId: null, RPC Address: localhost:0 and Ratis port: 9872
2019-06-13 23:40:56,985 WARN  server.GrpcLogAppender (LogUtils.java:warn(134)) - cb89d4f8-1878-4ef8-9b04-c29334c05cac: Failed appendEntries to 47bcbdc1-c7e9-4920-9a84-4aada272adfe:192.168.105.138:33305: org.apache.ratis.thirdparty.io.grpc.StatusRuntimeException: UNAVAILABLE: io exception
2019-06-13 23:40:56,985 INFO  impl.FollowerInfo (FollowerInfo.java:lambda$new$0(50)) - cb89d4f8-1878-4ef8-9b04-c29334c05cac->47bcbdc1-c7e9-4920-9a84-4aada272adfe: nextIndex: updateUnconditionally 0 -> 0
2019-06-13 23:40:56,989 WARN  scm.ScmUtils (ScmUtils.java:getDBPath(63)) - ozone.om.db.dirs is not configured. We recommend adding this setting. Falling back to ozone.metadata.dirs instead.
2019-06-13 23:40:56,989 INFO  db.DBStoreBuilder (DBStoreBuilder.java:addTable(110)) - using custom profile for table: userTable
2019-06-13 23:40:56,989 INFO  db.DBStoreBuilder (DBStoreBuilder.java:processTables(161)) - Using default column profile:DBProfile.DISK for Table:userTable
2019-06-13 23:40:56,989 INFO  db.DBStoreBuilder (DBStoreBuilder.java:addTable(110)) - using custom profile for table: volumeTable
2019-06-13 23:40:56,989 INFO  db.DBStoreBuilder (DBStoreBuilder.java:processTables(161)) - Using default column profile:DBProfile.DISK for Table:volumeTable
2019-06-13 23:40:56,989 INFO  db.DBStoreBuilder (DBStoreBuilder.java:addTable(110)) - using custom profile for table: bucketTable
2019-06-13 23:40:56,989 INFO  db.DBStoreBuilder (DBStoreBuilder.java:processTables(161)) - Using default column profile:DBProfile.DISK for Table:bucketTable
2019-06-13 23:40:56,990 INFO  db.DBStoreBuilder (DBStoreBuilder.java:addTable(110)) - using custom profile for table: keyTable
2019-06-13 23:40:56,990 INFO  db.DBStoreBuilder (DBStoreBuilder.java:processTables(161)) - Using default column profile:DBProfile.DISK for Table:keyTable
2019-06-13 23:40:56,990 INFO  db.DBStoreBuilder (DBStoreBuilder.java:addTable(110)) - using custom profile for table: deletedTable
2019-06-13 23:40:56,990 INFO  db.DBStoreBuilder (DBStoreBuilder.java:processTables(161)) - Using default column profile:DBProfile.DISK for Table:deletedTable
2019-06-13 23:40:56,990 INFO  db.DBStoreBuilder (DBStoreBuilder.java:addTable(110)) - using custom profile for table: openKeyTable
2019-06-13 23:40:56,990 INFO  db.DBStoreBuilder (DBStoreBuilder.java:processTables(161)) - Using default column profile:DBProfile.DISK for Table:openKeyTable
2019-06-13 23:40:56,990 INFO  db.DBStoreBuilder (DBStoreBuilder.java:addTable(110)) - using custom profile for table: s3Table
2019-06-13 23:40:56,990 INFO  db.DBStoreBuilder (DBStoreBuilder.java:processTables(161)) - Using default column profile:DBProfile.DISK for Table:s3Table
2019-06-13 23:40:56,990 INFO  db.DBStoreBuilder (DBStoreBuilder.java:addTable(110)) - using custom profile for table: multipartInfoTable
2019-06-13 23:40:56,991 INFO  db.DBStoreBuilder (DBStoreBuilder.java:processTables(161)) - Using default column profile:DBProfile.DISK for Table:multipartInfoTable
2019-06-13 23:40:56,991 INFO  db.DBStoreBuilder (DBStoreBuilder.java:addTable(110)) - using custom profile for table: dTokenTable
2019-06-13 23:40:56,991 INFO  db.DBStoreBuilder (DBStoreBuilder.java:processTables(161)) - Using default column profile:DBProfile.DISK for Table:dTokenTable
2019-06-13 23:40:56,991 INFO  db.DBStoreBuilder (DBStoreBuilder.java:addTable(110)) - using custom profile for table: s3SecretTable
2019-06-13 23:40:56,991 INFO  db.DBStoreBuilder (DBStoreBuilder.java:processTables(161)) - Using default column profile:DBProfile.DISK for Table:s3SecretTable
2019-06-13 23:40:56,991 INFO  db.DBStoreBuilder (DBStoreBuilder.java:addTable(110)) - using custom profile for table: prefixTable
2019-06-13 23:40:56,991 INFO  db.DBStoreBuilder (DBStoreBuilder.java:processTables(161)) - Using default column profile:DBProfile.DISK for Table:prefixTable
2019-06-13 23:40:56,991 INFO  db.DBStoreBuilder (DBStoreBuilder.java:addTable(110)) - using custom profile for table: default
2019-06-13 23:40:56,991 INFO  db.DBStoreBuilder (DBStoreBuilder.java:processTables(167)) - Using default column profile:DBProfile.DISK for Table:default
2019-06-13 23:40:56,992 INFO  db.DBStoreBuilder (DBStoreBuilder.java:getDbProfile(198)) - Using default options. DBProfile.DISK
2019-06-13 23:40:57,118 INFO  ipc.CallQueueManager (CallQueueManager.java:<init>(84)) - Using callQueue: class java.util.concurrent.LinkedBlockingQueue, queueCapacity: 2000, scheduler: class org.apache.hadoop.ipc.DefaultRpcScheduler, ipcBackoff: false.
2019-06-13 23:40:57,119 INFO  ipc.Server (Server.java:run(1074)) - Starting Socket Reader #1 for port 43333
2019-06-13 23:40:57,138 WARN  scm.ScmUtils (ScmUtils.java:getDBPath(63)) - ozone.om.db.dirs is not configured. We recommend adding this setting. Falling back to ozone.metadata.dirs instead.
2019-06-13 23:40:57,139 INFO  om.OzoneManager (OzoneManager.java:start(1217)) - OzoneManager RPC server is listening at localhost/127.0.0.1:43333
2019-06-13 23:40:57,139 INFO  impl.MetricsSystemImpl (MetricsSystemImpl.java:init(158)) - OzoneManager metrics system started (again)
2019-06-13 23:40:57,139 INFO  ipc.Server (Server.java:run(1153)) - IPC Server listener on 43333: starting
2019-06-13 23:40:57,139 INFO  ipc.Server (Server.java:run(1314)) - IPC Server Responder: starting
2019-06-13 23:40:57,154 INFO  hdfs.DFSUtil (DFSUtil.java:httpServerTemplateForNNAndJN(1641)) - Starting Web-server for ozoneManager at: http://0.0.0.0:0
2019-06-13 23:40:57,161 INFO  server.AuthenticationFilter (AuthenticationFilter.java:constructSecretProvider(240)) - Unable to initialize FileSignerSecretProvider, falling back to use random secrets.
2019-06-13 23:40:57,161 WARN  http.HttpRequestLog (HttpRequestLog.java:getRequestLog(97)) - Jetty request log can only be enabled using Log4j
2019-06-13 23:40:57,162 INFO  http.HttpServer2 (HttpServer2.java:addGlobalFilter(975)) - Added global filter 'safety' (class=org.apache.hadoop.http.HttpServer2$QuotingInputFilter)
2019-06-13 23:40:57,163 INFO  http.HttpServer2 (HttpServer2.java:addFilter(948)) - Added filter static_user_filter (class=org.apache.hadoop.http.lib.StaticUserWebFilter$StaticUserFilter) to context ozoneManager
2019-06-13 23:40:57,163 INFO  http.HttpServer2 (HttpServer2.java:addFilter(958)) - Added filter static_user_filter (class=org.apache.hadoop.http.lib.StaticUserWebFilter$StaticUserFilter) to context static
2019-06-13 23:40:57,163 INFO  http.HttpServer2 (HttpServer2.java:addFilter(958)) - Added filter static_user_filter (class=org.apache.hadoop.http.lib.StaticUserWebFilter$StaticUserFilter) to context logs
2019-06-13 23:40:57,163 INFO  http.HttpServer2 (HttpServer2.java:bindListener(1191)) - Jetty bound to port 33845
2019-06-13 23:40:57,163 INFO  server.Server (Server.java:doStart(351)) - jetty-9.3.24.v20180605, build timestamp: 2018-06-05T17:11:56Z, git hash: 84205aa28f11a4f31f2a3b86d1bba2cc8ab69827
2019-06-13 23:40:57,165 INFO  handler.ContextHandler (ContextHandler.java:doStart(781)) - Started o.e.j.s.ServletContextHandler@2f32fe68{/logs,file:///opt/src/hadoop-ozone/integration-test/target/log,AVAILABLE}
2019-06-13 23:40:57,165 INFO  handler.ContextHandler (ContextHandler.java:doStart(781)) - Started o.e.j.s.ServletContextHandler@10770c1{/static,file:///opt/src/hadoop-ozone/integration-test/target/test-classes/webapps/static,AVAILABLE}
2019-06-13 23:40:57,168 INFO  handler.ContextHandler (ContextHandler.java:doStart(781)) - Started o.e.j.w.WebAppContext@bda4cbe{/,file:///opt/src/hadoop-ozone/integration-test/target/test-classes/webapps/ozoneManager/,AVAILABLE}{/ozoneManager}
2019-06-13 23:40:57,168 INFO  server.AbstractConnector (AbstractConnector.java:doStart(278)) - Started ServerConnector@24df4805{HTTP/1.1,[http/1.1]}{0.0.0.0:33845}
2019-06-13 23:40:57,190 INFO  server.Server (Server.java:doStart(419)) - Started @108551ms
2019-06-13 23:40:57,190 INFO  server.BaseHttpServer (BaseHttpServer.java:updateConnectorAddress(207)) - HTTP server of OZONEMANAGER is listening at http://0.0.0.0:33845
2019-06-13 23:40:57,204 INFO  impl.MetricsSystemImpl (MetricsSystemImpl.java:init(158)) - HddsDatanode metrics system started (again)
2019-06-13 23:40:57,204 INFO  ozone.HddsDatanodeService (HddsDatanodeService.java:start(185)) - HddsDatanodeService host:ozone-g79bc-2755786375 ip:192.168.105.138
2019-06-13 23:40:57,213 INFO  volume.HddsVolume (HddsVolume.java:<init>(176)) - Creating Volume: /opt/src/hadoop-ozone/integration-test/target/test-dir/MiniOzoneClusterImpl-39435e09-9bd2-47ed-bc44-da526d475d5e/datanode-0/data/containers/hdds of  storage type : DISK and capacity : 104021790720
2019-06-13 23:40:57,213 INFO  volume.VolumeSet (VolumeSet.java:initializeVolumeSet(170)) - Added Volume : /opt/src/hadoop-ozone/integration-test/target/test-dir/MiniOzoneClusterImpl-39435e09-9bd2-47ed-bc44-da526d475d5e/datanode-0/data/containers/hdds to VolumeSet
2019-06-13 23:40:57,213 INFO  volume.ThrottledAsyncChecker (ThrottledAsyncChecker.java:schedule(140)) - Scheduling a check for org.apache.hadoop.ozone.container.common.volume.HddsVolume@768d8a25
2019-06-13 23:40:57,214 INFO  volume.HddsVolumeChecker (HddsVolumeChecker.java:checkAllVolumes(203)) - Scheduled health check for volume org.apache.hadoop.ozone.container.common.volume.HddsVolume@768d8a25
2019-06-13 23:40:57,222 INFO  ratis.XceiverServerRatis (XceiverServerRatis.java:newXceiverServerRatis(401)) - Found a free port for the server : 45737
2019-06-13 23:40:57,224 INFO  impl.RaftServerProxy (ConfUtils.java:logGet(43)) - raft.rpc.type = GRPC (default)
2019-06-13 23:40:57,224 INFO  grpc.GrpcConfigKeys$Server (ConfUtils.java:logGet(43)) - raft.grpc.server.port = 45737 (custom)
2019-06-13 23:40:57,224 INFO  server.GrpcService (ConfUtils.java:logGet(43)) - raft.grpc.message.size.max = 33570816 (custom)
2019-06-13 23:40:57,224 INFO  server.RaftServerConfigKeys (ConfUtils.java:logGet(43)) - raft.server.log.appender.buffer.byte-limit = 33554432 (custom)
2019-06-13 23:40:57,225 INFO  server.GrpcService (ConfUtils.java:logGet(43)) - raft.grpc.flow.control.window = 1MB (=1048576) (default)
2019-06-13 23:40:57,225 INFO  server.RaftServerConfigKeys (ConfUtils.java:logGet(43)) - raft.server.rpc.request.timeout = 3000ms (default)
2019-06-13 23:40:57,225 INFO  server.RaftServerConfigKeys (ConfUtils.java:logGet(43)) - raft.server.storage.dir = [/opt/src/hadoop-ozone/integration-test/target/test-dir/MiniOzoneClusterImpl-39435e09-9bd2-47ed-bc44-da526d475d5e/datanode-0/data/ratis] (custom)
2019-06-13 23:40:57,226 INFO  server.XceiverServerGrpc (XceiverServerGrpc.java:<init>(97)) - Found a free port for the server : 46207
2019-06-13 23:40:57,226 INFO  replication.SimpleContainerDownloader (SimpleContainerDownloader.java:<init>(72)) - Starting container downloader service to copy containers to replicate.
2019-06-13 23:40:57,227 INFO  hdfs.DFSUtil (DFSUtil.java:httpServerTemplateForNNAndJN(1641)) - Starting Web-server for hddsDatanode at: http://0.0.0.0:0
2019-06-13 23:40:57,228 INFO  server.AuthenticationFilter (AuthenticationFilter.java:constructSecretProvider(240)) - Unable to initialize FileSignerSecretProvider, falling back to use random secrets.
2019-06-13 23:40:57,228 WARN  http.HttpRequestLog (HttpRequestLog.java:getRequestLog(97)) - Jetty request log can only be enabled using Log4j
2019-06-13 23:40:57,229 INFO  http.HttpServer2 (HttpServer2.java:addGlobalFilter(975)) - Added global filter 'safety' (class=org.apache.hadoop.http.HttpServer2$QuotingInputFilter)
2019-06-13 23:40:57,229 INFO  http.HttpServer2 (HttpServer2.java:addFilter(948)) - Added filter static_user_filter (class=org.apache.hadoop.http.lib.StaticUserWebFilter$StaticUserFilter) to context hddsDatanode
2019-06-13 23:40:57,229 INFO  http.HttpServer2 (HttpServer2.java:addFilter(958)) - Added filter static_user_filter (class=org.apache.hadoop.http.lib.StaticUserWebFilter$StaticUserFilter) to context static
2019-06-13 23:40:57,230 INFO  http.HttpServer2 (HttpServer2.java:addFilter(958)) - Added filter static_user_filter (class=org.apache.hadoop.http.lib.StaticUserWebFilter$StaticUserFilter) to context logs
2019-06-13 23:40:57,230 INFO  http.HttpServer2 (HttpServer2.java:bindListener(1191)) - Jetty bound to port 41813
2019-06-13 23:40:57,230 INFO  server.Server (Server.java:doStart(351)) - jetty-9.3.24.v20180605, build timestamp: 2018-06-05T17:11:56Z, git hash: 84205aa28f11a4f31f2a3b86d1bba2cc8ab69827
2019-06-13 23:40:57,233 INFO  handler.ContextHandler (ContextHandler.java:doStart(781)) - Started o.e.j.s.ServletContextHandler@f8b6743{/logs,file:///opt/src/hadoop-ozone/integration-test/target/log,AVAILABLE}
2019-06-13 23:40:57,234 INFO  handler.ContextHandler (ContextHandler.java:doStart(781)) - Started o.e.j.s.ServletContextHandler@253a8bdb{/static,jar:file:/root/.m2/repository/org/apache/hadoop/hadoop-hdds-container-service/0.5.0-SNAPSHOT/hadoop-hdds-container-service-0.5.0-SNAPSHOT.jar!/webapps/static,AVAILABLE}
2019-06-13 23:40:57,255 INFO  handler.ContextHandler (ContextHandler.java:doStart(781)) - Started o.e.j.w.WebAppContext@1f5aac08{/,file:///tmp/jetty-0.0.0.0-41813-hddsDatanode-_-any-477862810958548163.dir/webapp/,AVAILABLE}{/hddsDatanode}
2019-06-13 23:40:57,255 INFO  server.AbstractConnector (AbstractConnector.java:doStart(278)) - Started ServerConnector@3747877{HTTP/1.1,[http/1.1]}{0.0.0.0:41813}
2019-06-13 23:40:57,258 INFO  server.Server (Server.java:doStart(419)) - Started @108620ms
2019-06-13 23:40:57,259 INFO  server.BaseHttpServer (BaseHttpServer.java:updateConnectorAddress(207)) - HTTP server of HDDSDATANODE is listening at http://0.0.0.0:41813
2019-06-13 23:40:57,340 INFO  ozone.HddsDatanodeService (HddsDatanodeService.java:startPlugins(396)) - Started plug-in org.apache.hadoop.ozone.web.OzoneHddsDatanodeService@4781bb01
2019-06-13 23:40:57,340 INFO  impl.MetricsSystemImpl (MetricsSystemImpl.java:init(158)) - HddsDatanode metrics system started (again)
2019-06-13 23:40:57,340 INFO  ozone.HddsDatanodeService (HddsDatanodeService.java:start(185)) - HddsDatanodeService host:ozone-g79bc-2755786375 ip:192.168.105.138
2019-06-13 23:40:57,341 INFO  util.JvmPauseMonitor (JvmPauseMonitor.java:run(188)) - Starting JVM pause monitor
2019-06-13 23:40:57,342 INFO  datanode.InitDatanodeState (InitDatanodeState.java:persistContainerDatanodeDetails(140)) - DatanodeDetails is persisted to /opt/src/hadoop-ozone/integration-test/target/test-dir/MiniOzoneClusterImpl-39435e09-9bd2-47ed-bc44-da526d475d5e/datanode-0/meta/datanode.id
2019-06-13 23:40:57,348 INFO  volume.HddsVolume (HddsVolume.java:<init>(176)) - Creating Volume: /opt/src/hadoop-ozone/integration-test/target/test-dir/MiniOzoneClusterImpl-39435e09-9bd2-47ed-bc44-da526d475d5e/datanode-1/data/containers/hdds of  storage type : DISK and capacity : 104021790720
2019-06-13 23:40:57,349 INFO  volume.VolumeSet (VolumeSet.java:initializeVolumeSet(170)) - Added Volume : /opt/src/hadoop-ozone/integration-test/target/test-dir/MiniOzoneClusterImpl-39435e09-9bd2-47ed-bc44-da526d475d5e/datanode-1/data/containers/hdds to VolumeSet
2019-06-13 23:40:57,349 INFO  volume.ThrottledAsyncChecker (ThrottledAsyncChecker.java:schedule(140)) - Scheduling a check for org.apache.hadoop.ozone.container.common.volume.HddsVolume@3c2d4274
2019-06-13 23:40:57,350 INFO  volume.HddsVolumeChecker (HddsVolumeChecker.java:checkAllVolumes(203)) - Scheduled health check for volume org.apache.hadoop.ozone.container.common.volume.HddsVolume@3c2d4274
2019-06-13 23:40:57,361 INFO  ratis.XceiverServerRatis (XceiverServerRatis.java:newXceiverServerRatis(401)) - Found a free port for the server : 37507
2019-06-13 23:40:57,365 INFO  impl.RaftServerProxy (ConfUtils.java:logGet(43)) - raft.rpc.type = GRPC (default)
2019-06-13 23:40:57,365 INFO  grpc.GrpcConfigKeys$Server (ConfUtils.java:logGet(43)) - raft.grpc.server.port = 37507 (custom)
2019-06-13 23:40:57,366 INFO  server.GrpcService (ConfUtils.java:logGet(43)) - raft.grpc.message.size.max = 33570816 (custom)
2019-06-13 23:40:57,366 INFO  server.RaftServerConfigKeys (ConfUtils.java:logGet(43)) - raft.server.log.appender.buffer.byte-limit = 33554432 (custom)
2019-06-13 23:40:57,366 INFO  server.GrpcService (ConfUtils.java:logGet(43)) - raft.grpc.flow.control.window = 1MB (=1048576) (default)
2019-06-13 23:40:57,366 INFO  server.RaftServerConfigKeys (ConfUtils.java:logGet(43)) - raft.server.rpc.request.timeout = 3000ms (default)
2019-06-13 23:40:57,366 INFO  server.RaftServerConfigKeys (ConfUtils.java:logGet(43)) - raft.server.storage.dir = [/opt/src/hadoop-ozone/integration-test/target/test-dir/MiniOzoneClusterImpl-39435e09-9bd2-47ed-bc44-da526d475d5e/datanode-1/data/ratis] (custom)
2019-06-13 23:40:57,367 INFO  server.XceiverServerGrpc (XceiverServerGrpc.java:<init>(97)) - Found a free port for the server : 35099
2019-06-13 23:40:57,367 INFO  replication.SimpleContainerDownloader (SimpleContainerDownloader.java:<init>(72)) - Starting container downloader service to copy containers to replicate.
2019-06-13 23:40:57,368 INFO  hdfs.DFSUtil (DFSUtil.java:httpServerTemplateForNNAndJN(1641)) - Starting Web-server for hddsDatanode at: http://0.0.0.0:0
2019-06-13 23:40:57,369 INFO  server.AuthenticationFilter (AuthenticationFilter.java:constructSecretProvider(240)) - Unable to initialize FileSignerSecretProvider, falling back to use random secrets.
2019-06-13 23:40:57,370 WARN  http.HttpRequestLog (HttpRequestLog.java:getRequestLog(97)) - Jetty request log can only be enabled using Log4j
2019-06-13 23:40:57,371 INFO  http.HttpServer2 (HttpServer2.java:addGlobalFilter(975)) - Added global filter 'safety' (class=org.apache.hadoop.http.HttpServer2$QuotingInputFilter)
2019-06-13 23:40:57,371 INFO  http.HttpServer2 (HttpServer2.java:addFilter(948)) - Added filter static_user_filter (class=org.apache.hadoop.http.lib.StaticUserWebFilter$StaticUserFilter) to context hddsDatanode
2019-06-13 23:40:57,371 INFO  http.HttpServer2 (HttpServer2.java:addFilter(958)) - Added filter static_user_filter (class=org.apache.hadoop.http.lib.StaticUserWebFilter$StaticUserFilter) to context static
2019-06-13 23:40:57,371 INFO  http.HttpServer2 (HttpServer2.java:addFilter(958)) - Added filter static_user_filter (class=org.apache.hadoop.http.lib.StaticUserWebFilter$StaticUserFilter) to context logs
2019-06-13 23:40:57,372 INFO  http.HttpServer2 (HttpServer2.java:bindListener(1191)) - Jetty bound to port 34341
2019-06-13 23:40:57,372 INFO  server.Server (Server.java:doStart(351)) - jetty-9.3.24.v20180605, build timestamp: 2018-06-05T17:11:56Z, git hash: 84205aa28f11a4f31f2a3b86d1bba2cc8ab69827
2019-06-13 23:40:57,373 INFO  handler.ContextHandler (ContextHandler.java:doStart(781)) - Started o.e.j.s.ServletContextHandler@11c68269{/logs,file:///opt/src/hadoop-ozone/integration-test/target/log,AVAILABLE}
2019-06-13 23:40:57,374 INFO  handler.ContextHandler (ContextHandler.java:doStart(781)) - Started o.e.j.s.ServletContextHandler@6018a6a2{/static,jar:file:/root/.m2/repository/org/apache/hadoop/hadoop-hdds-container-service/0.5.0-SNAPSHOT/hadoop-hdds-container-service-0.5.0-SNAPSHOT.jar!/webapps/static,AVAILABLE}
2019-06-13 23:40:57,393 INFO  handler.ContextHandler (ContextHandler.java:doStart(781)) - Started o.e.j.w.WebAppContext@588b02a0{/,file:///tmp/jetty-0.0.0.0-34341-hddsDatanode-_-any-2371166985417985944.dir/webapp/,AVAILABLE}{/hddsDatanode}
2019-06-13 23:40:57,394 INFO  server.AbstractConnector (AbstractConnector.java:doStart(278)) - Started ServerConnector@2100b770{HTTP/1.1,[http/1.1]}{0.0.0.0:34341}
2019-06-13 23:40:57,396 INFO  server.Server (Server.java:doStart(419)) - Started @108758ms
2019-06-13 23:40:57,397 INFO  server.BaseHttpServer (BaseHttpServer.java:updateConnectorAddress(207)) - HTTP server of HDDSDATANODE is listening at http://0.0.0.0:34341
2019-06-13 23:40:57,461 WARN  server.GrpcLogAppender (LogUtils.java:warn(134)) - cb89d4f8-1878-4ef8-9b04-c29334c05cac: Failed appendEntries to 1ea106d7-9b98-4cee-8ff6-7d75b64b893d:192.168.105.138:45495: org.apache.ratis.thirdparty.io.grpc.StatusRuntimeException: UNAVAILABLE: io exception
2019-06-13 23:40:57,462 INFO  impl.FollowerInfo (FollowerInfo.java:lambda$new$0(50)) - cb89d4f8-1878-4ef8-9b04-c29334c05cac->1ea106d7-9b98-4cee-8ff6-7d75b64b893d: nextIndex: updateUnconditionally 0 -> 0
2019-06-13 23:40:57,482 WARN  server.GrpcLogAppender (LogUtils.java:warn(134)) - cb89d4f8-1878-4ef8-9b04-c29334c05cac: Failed appendEntries to 47bcbdc1-c7e9-4920-9a84-4aada272adfe:192.168.105.138:33305: org.apache.ratis.thirdparty.io.grpc.StatusRuntimeException: UNAVAILABLE: io exception
2019-06-13 23:40:57,482 INFO  impl.FollowerInfo (FollowerInfo.java:lambda$new$0(50)) - cb89d4f8-1878-4ef8-9b04-c29334c05cac->47bcbdc1-c7e9-4920-9a84-4aada272adfe: nextIndex: updateUnconditionally 0 -> 0
2019-06-13 23:40:57,493 INFO  ozone.HddsDatanodeService (HddsDatanodeService.java:startPlugins(396)) - Started plug-in org.apache.hadoop.ozone.web.OzoneHddsDatanodeService@99ace98
2019-06-13 23:40:57,493 INFO  impl.MetricsSystemImpl (MetricsSystemImpl.java:init(158)) - HddsDatanode metrics system started (again)
2019-06-13 23:40:57,493 INFO  ozone.HddsDatanodeService (HddsDatanodeService.java:start(185)) - HddsDatanodeService host:ozone-g79bc-2755786375 ip:192.168.105.138
2019-06-13 23:40:57,494 INFO  util.JvmPauseMonitor (JvmPauseMonitor.java:run(188)) - Starting JVM pause monitor
2019-06-13 23:40:57,495 INFO  datanode.InitDatanodeState (InitDatanodeState.java:persistContainerDatanodeDetails(140)) - DatanodeDetails is persisted to /opt/src/hadoop-ozone/integration-test/target/test-dir/MiniOzoneClusterImpl-39435e09-9bd2-47ed-bc44-da526d475d5e/datanode-1/meta/datanode.id
2019-06-13 23:40:57,507 INFO  volume.HddsVolume (HddsVolume.java:<init>(176)) - Creating Volume: /opt/src/hadoop-ozone/integration-test/target/test-dir/MiniOzoneClusterImpl-39435e09-9bd2-47ed-bc44-da526d475d5e/datanode-2/data/containers/hdds of  storage type : DISK and capacity : 104021790720
2019-06-13 23:40:57,507 INFO  volume.VolumeSet (VolumeSet.java:initializeVolumeSet(170)) - Added Volume : /opt/src/hadoop-ozone/integration-test/target/test-dir/MiniOzoneClusterImpl-39435e09-9bd2-47ed-bc44-da526d475d5e/datanode-2/data/containers/hdds to VolumeSet
2019-06-13 23:40:57,507 INFO  volume.ThrottledAsyncChecker (ThrottledAsyncChecker.java:schedule(140)) - Scheduling a check for org.apache.hadoop.ozone.container.common.volume.HddsVolume@41a18b54
2019-06-13 23:40:57,507 INFO  volume.HddsVolumeChecker (HddsVolumeChecker.java:checkAllVolumes(203)) - Scheduled health check for volume org.apache.hadoop.ozone.container.common.volume.HddsVolume@41a18b54
2019-06-13 23:40:57,516 INFO  ratis.XceiverServerRatis (XceiverServerRatis.java:newXceiverServerRatis(401)) - Found a free port for the server : 36581
2019-06-13 23:40:57,519 INFO  impl.RaftServerProxy (ConfUtils.java:logGet(43)) - raft.rpc.type = GRPC (default)
2019-06-13 23:40:57,519 INFO  grpc.GrpcConfigKeys$Server (ConfUtils.java:logGet(43)) - raft.grpc.server.port = 36581 (custom)
2019-06-13 23:40:57,520 INFO  server.GrpcService (ConfUtils.java:logGet(43)) - raft.grpc.message.size.max = 33570816 (custom)
2019-06-13 23:40:57,520 INFO  server.RaftServerConfigKeys (ConfUtils.java:logGet(43)) - raft.server.log.appender.buffer.byte-limit = 33554432 (custom)
2019-06-13 23:40:57,520 INFO  server.GrpcService (ConfUtils.java:logGet(43)) - raft.grpc.flow.control.window = 1MB (=1048576) (default)
2019-06-13 23:40:57,520 INFO  server.RaftServerConfigKeys (ConfUtils.java:logGet(43)) - raft.server.rpc.request.timeout = 3000ms (default)
2019-06-13 23:40:57,520 INFO  server.RaftServerConfigKeys (ConfUtils.java:logGet(43)) - raft.server.storage.dir = [/opt/src/hadoop-ozone/integration-test/target/test-dir/MiniOzoneClusterImpl-39435e09-9bd2-47ed-bc44-da526d475d5e/datanode-2/data/ratis] (custom)
2019-06-13 23:40:57,521 INFO  server.XceiverServerGrpc (XceiverServerGrpc.java:<init>(97)) - Found a free port for the server : 45919
2019-06-13 23:40:57,521 INFO  replication.SimpleContainerDownloader (SimpleContainerDownloader.java:<init>(72)) - Starting container downloader service to copy containers to replicate.
2019-06-13 23:40:57,522 INFO  hdfs.DFSUtil (DFSUtil.java:httpServerTemplateForNNAndJN(1641)) - Starting Web-server for hddsDatanode at: http://0.0.0.0:0
2019-06-13 23:40:57,522 INFO  server.AuthenticationFilter (AuthenticationFilter.java:constructSecretProvider(240)) - Unable to initialize FileSignerSecretProvider, falling back to use random secrets.
2019-06-13 23:40:57,523 WARN  http.HttpRequestLog (HttpRequestLog.java:getRequestLog(97)) - Jetty request log can only be enabled using Log4j
2019-06-13 23:40:57,524 INFO  http.HttpServer2 (HttpServer2.java:addGlobalFilter(975)) - Added global filter 'safety' (class=org.apache.hadoop.http.HttpServer2$QuotingInputFilter)
2019-06-13 23:40:57,524 INFO  http.HttpServer2 (HttpServer2.java:addFilter(948)) - Added filter static_user_filter (class=org.apache.hadoop.http.lib.StaticUserWebFilter$StaticUserFilter) to context hddsDatanode
2019-06-13 23:40:57,524 INFO  http.HttpServer2 (HttpServer2.java:addFilter(958)) - Added filter static_user_filter (class=org.apache.hadoop.http.lib.StaticUserWebFilter$StaticUserFilter) to context static
2019-06-13 23:40:57,524 INFO  http.HttpServer2 (HttpServer2.java:addFilter(958)) - Added filter static_user_filter (class=org.apache.hadoop.http.lib.StaticUserWebFilter$StaticUserFilter) to context logs
2019-06-13 23:40:57,525 INFO  http.HttpServer2 (HttpServer2.java:bindListener(1191)) - Jetty bound to port 45633
2019-06-13 23:40:57,525 INFO  server.Server (Server.java:doStart(351)) - jetty-9.3.24.v20180605, build timestamp: 2018-06-05T17:11:56Z, git hash: 84205aa28f11a4f31f2a3b86d1bba2cc8ab69827
2019-06-13 23:40:57,526 INFO  handler.ContextHandler (ContextHandler.java:doStart(781)) - Started o.e.j.s.ServletContextHandler@50479c2b{/logs,file:///opt/src/hadoop-ozone/integration-test/target/log,AVAILABLE}
2019-06-13 23:40:57,526 INFO  handler.ContextHandler (ContextHandler.java:doStart(781)) - Started o.e.j.s.ServletContextHandler@318d69ea{/static,jar:file:/root/.m2/repository/org/apache/hadoop/hadoop-hdds-container-service/0.5.0-SNAPSHOT/hadoop-hdds-container-service-0.5.0-SNAPSHOT.jar!/webapps/static,AVAILABLE}
2019-06-13 23:40:57,548 INFO  handler.ContextHandler (ContextHandler.java:doStart(781)) - Started o.e.j.w.WebAppContext@1e8fd198{/,file:///tmp/jetty-0.0.0.0-45633-hddsDatanode-_-any-8327841683684663306.dir/webapp/,AVAILABLE}{/hddsDatanode}
2019-06-13 23:40:57,548 INFO  server.AbstractConnector (AbstractConnector.java:doStart(278)) - Started ServerConnector@4f75c627{HTTP/1.1,[http/1.1]}{0.0.0.0:45633}
2019-06-13 23:40:57,548 INFO  server.Server (Server.java:doStart(419)) - Started @108910ms
2019-06-13 23:40:57,549 INFO  server.BaseHttpServer (BaseHttpServer.java:updateConnectorAddress(207)) - HTTP server of HDDSDATANODE is listening at http://0.0.0.0:45633
2019-06-13 23:40:57,654 INFO  ozone.HddsDatanodeService (HddsDatanodeService.java:startPlugins(396)) - Started plug-in org.apache.hadoop.ozone.web.OzoneHddsDatanodeService@6b0aa757
2019-06-13 23:40:57,654 INFO  impl.MetricsSystemImpl (MetricsSystemImpl.java:init(158)) - HddsDatanode metrics system started (again)
2019-06-13 23:40:57,655 INFO  ozone.HddsDatanodeService (HddsDatanodeService.java:start(185)) - HddsDatanodeService host:ozone-g79bc-2755786375 ip:192.168.105.138
2019-06-13 23:40:57,655 INFO  util.JvmPauseMonitor (JvmPauseMonitor.java:run(188)) - Starting JVM pause monitor
2019-06-13 23:40:57,656 INFO  datanode.InitDatanodeState (InitDatanodeState.java:persistContainerDatanodeDetails(140)) - DatanodeDetails is persisted to /opt/src/hadoop-ozone/integration-test/target/test-dir/MiniOzoneClusterImpl-39435e09-9bd2-47ed-bc44-da526d475d5e/datanode-2/meta/datanode.id
2019-06-13 23:40:57,662 INFO  volume.HddsVolume (HddsVolume.java:<init>(176)) - Creating Volume: /opt/src/hadoop-ozone/integration-test/target/test-dir/MiniOzoneClusterImpl-39435e09-9bd2-47ed-bc44-da526d475d5e/datanode-3/data/containers/hdds of  storage type : DISK and capacity : 104021790720
2019-06-13 23:40:57,663 INFO  volume.VolumeSet (VolumeSet.java:initializeVolumeSet(170)) - Added Volume : /opt/src/hadoop-ozone/integration-test/target/test-dir/MiniOzoneClusterImpl-39435e09-9bd2-47ed-bc44-da526d475d5e/datanode-3/data/containers/hdds to VolumeSet
2019-06-13 23:40:57,663 INFO  volume.ThrottledAsyncChecker (ThrottledAsyncChecker.java:schedule(140)) - Scheduling a check for org.apache.hadoop.ozone.container.common.volume.HddsVolume@3208e15
2019-06-13 23:40:57,663 INFO  volume.HddsVolumeChecker (HddsVolumeChecker.java:checkAllVolumes(203)) - Scheduled health check for volume org.apache.hadoop.ozone.container.common.volume.HddsVolume@3208e15
2019-06-13 23:40:57,671 INFO  ratis.XceiverServerRatis (XceiverServerRatis.java:newXceiverServerRatis(401)) - Found a free port for the server : 38149
2019-06-13 23:40:57,673 INFO  impl.RaftServerProxy (ConfUtils.java:logGet(43)) - raft.rpc.type = GRPC (default)
2019-06-13 23:40:57,673 INFO  grpc.GrpcConfigKeys$Server (ConfUtils.java:logGet(43)) - raft.grpc.server.port = 38149 (custom)
2019-06-13 23:40:57,673 INFO  server.GrpcService (ConfUtils.java:logGet(43)) - raft.grpc.message.size.max = 33570816 (custom)
2019-06-13 23:40:57,674 INFO  server.RaftServerConfigKeys (ConfUtils.java:logGet(43)) - raft.server.log.appender.buffer.byte-limit = 33554432 (custom)
2019-06-13 23:40:57,674 INFO  server.GrpcService (ConfUtils.java:logGet(43)) - raft.grpc.flow.control.window = 1MB (=1048576) (default)
2019-06-13 23:40:57,674 INFO  server.RaftServerConfigKeys (ConfUtils.java:logGet(43)) - raft.server.rpc.request.timeout = 3000ms (default)
2019-06-13 23:40:57,674 INFO  server.RaftServerConfigKeys (ConfUtils.java:logGet(43)) - raft.server.storage.dir = [/opt/src/hadoop-ozone/integration-test/target/test-dir/MiniOzoneClusterImpl-39435e09-9bd2-47ed-bc44-da526d475d5e/datanode-3/data/ratis] (custom)
2019-06-13 23:40:57,674 INFO  server.XceiverServerGrpc (XceiverServerGrpc.java:<init>(97)) - Found a free port for the server : 42183
2019-06-13 23:40:57,675 INFO  replication.SimpleContainerDownloader (SimpleContainerDownloader.java:<init>(72)) - Starting container downloader service to copy containers to replicate.
2019-06-13 23:40:57,675 INFO  hdfs.DFSUtil (DFSUtil.java:httpServerTemplateForNNAndJN(1641)) - Starting Web-server for hddsDatanode at: http://0.0.0.0:0
2019-06-13 23:40:57,676 INFO  server.AuthenticationFilter (AuthenticationFilter.java:constructSecretProvider(240)) - Unable to initialize FileSignerSecretProvider, falling back to use random secrets.
2019-06-13 23:40:57,676 WARN  http.HttpRequestLog (HttpRequestLog.java:getRequestLog(97)) - Jetty request log can only be enabled using Log4j
2019-06-13 23:40:57,677 INFO  http.HttpServer2 (HttpServer2.java:addGlobalFilter(975)) - Added global filter 'safety' (class=org.apache.hadoop.http.HttpServer2$QuotingInputFilter)
2019-06-13 23:40:57,678 INFO  http.HttpServer2 (HttpServer2.java:addFilter(948)) - Added filter static_user_filter (class=org.apache.hadoop.http.lib.StaticUserWebFilter$StaticUserFilter) to context hddsDatanode
2019-06-13 23:40:57,678 INFO  http.HttpServer2 (HttpServer2.java:addFilter(958)) - Added filter static_user_filter (class=org.apache.hadoop.http.lib.StaticUserWebFilter$StaticUserFilter) to context logs
2019-06-13 23:40:57,678 INFO  http.HttpServer2 (HttpServer2.java:addFilter(958)) - Added filter static_user_filter (class=org.apache.hadoop.http.lib.StaticUserWebFilter$StaticUserFilter) to context static
2019-06-13 23:40:57,678 INFO  http.HttpServer2 (HttpServer2.java:bindListener(1191)) - Jetty bound to port 37251
2019-06-13 23:40:57,678 INFO  server.Server (Server.java:doStart(351)) - jetty-9.3.24.v20180605, build timestamp: 2018-06-05T17:11:56Z, git hash: 84205aa28f11a4f31f2a3b86d1bba2cc8ab69827
2019-06-13 23:40:57,679 INFO  handler.ContextHandler (ContextHandler.java:doStart(781)) - Started o.e.j.s.ServletContextHandler@71c9c7f3{/logs,file:///opt/src/hadoop-ozone/integration-test/target/log,AVAILABLE}
2019-06-13 23:40:57,680 INFO  handler.ContextHandler (ContextHandler.java:doStart(781)) - Started o.e.j.s.ServletContextHandler@771deee6{/static,jar:file:/root/.m2/repository/org/apache/hadoop/hadoop-hdds-container-service/0.5.0-SNAPSHOT/hadoop-hdds-container-service-0.5.0-SNAPSHOT.jar!/webapps/static,AVAILABLE}
2019-06-13 23:40:57,699 INFO  handler.ContextHandler (ContextHandler.java:doStart(781)) - Started o.e.j.w.WebAppContext@3de8e614{/,file:///tmp/jetty-0.0.0.0-37251-hddsDatanode-_-any-1436087514056384720.dir/webapp/,AVAILABLE}{/hddsDatanode}
2019-06-13 23:40:57,699 INFO  server.AbstractConnector (AbstractConnector.java:doStart(278)) - Started ServerConnector@1a819769{HTTP/1.1,[http/1.1]}{0.0.0.0:37251}
2019-06-13 23:40:57,702 INFO  server.Server (Server.java:doStart(419)) - Started @109063ms
2019-06-13 23:40:57,702 INFO  server.BaseHttpServer (BaseHttpServer.java:updateConnectorAddress(207)) - HTTP server of HDDSDATANODE is listening at http://0.0.0.0:37251
2019-06-13 23:40:57,832 INFO  ozone.HddsDatanodeService (HddsDatanodeService.java:startPlugins(396)) - Started plug-in org.apache.hadoop.ozone.web.OzoneHddsDatanodeService@5697f801
2019-06-13 23:40:57,833 INFO  impl.MetricsSystemImpl (MetricsSystemImpl.java:init(158)) - HddsDatanode metrics system started (again)
2019-06-13 23:40:57,833 INFO  ozone.HddsDatanodeService (HddsDatanodeService.java:start(185)) - HddsDatanodeService host:ozone-g79bc-2755786375 ip:192.168.105.138
2019-06-13 23:40:57,838 INFO  util.JvmPauseMonitor (JvmPauseMonitor.java:run(188)) - Starting JVM pause monitor
2019-06-13 23:40:57,838 INFO  datanode.InitDatanodeState (InitDatanodeState.java:persistContainerDatanodeDetails(140)) - DatanodeDetails is persisted to /opt/src/hadoop-ozone/integration-test/target/test-dir/MiniOzoneClusterImpl-39435e09-9bd2-47ed-bc44-da526d475d5e/datanode-3/meta/datanode.id
2019-06-13 23:40:57,843 INFO  volume.HddsVolume (HddsVolume.java:<init>(176)) - Creating Volume: /opt/src/hadoop-ozone/integration-test/target/test-dir/MiniOzoneClusterImpl-39435e09-9bd2-47ed-bc44-da526d475d5e/datanode-4/data/containers/hdds of  storage type : DISK and capacity : 104021790720
2019-06-13 23:40:57,844 INFO  volume.VolumeSet (VolumeSet.java:initializeVolumeSet(170)) - Added Volume : /opt/src/hadoop-ozone/integration-test/target/test-dir/MiniOzoneClusterImpl-39435e09-9bd2-47ed-bc44-da526d475d5e/datanode-4/data/containers/hdds to VolumeSet
2019-06-13 23:40:57,844 INFO  volume.ThrottledAsyncChecker (ThrottledAsyncChecker.java:schedule(140)) - Scheduling a check for org.apache.hadoop.ozone.container.common.volume.HddsVolume@3bc00359
2019-06-13 23:40:57,844 INFO  volume.HddsVolumeChecker (HddsVolumeChecker.java:checkAllVolumes(203)) - Scheduled health check for volume org.apache.hadoop.ozone.container.common.volume.HddsVolume@3bc00359
2019-06-13 23:40:57,855 INFO  ratis.XceiverServerRatis (XceiverServerRatis.java:newXceiverServerRatis(401)) - Found a free port for the server : 41779
2019-06-13 23:40:57,859 INFO  impl.RaftServerProxy (ConfUtils.java:logGet(43)) - raft.rpc.type = GRPC (default)
2019-06-13 23:40:57,859 INFO  grpc.GrpcConfigKeys$Server (ConfUtils.java:logGet(43)) - raft.grpc.server.port = 41779 (custom)
2019-06-13 23:40:57,860 INFO  server.GrpcService (ConfUtils.java:logGet(43)) - raft.grpc.message.size.max = 33570816 (custom)
2019-06-13 23:40:57,860 INFO  server.RaftServerConfigKeys (ConfUtils.java:logGet(43)) - raft.server.log.appender.buffer.byte-limit = 33554432 (custom)
2019-06-13 23:40:57,860 INFO  server.GrpcService (ConfUtils.java:logGet(43)) - raft.grpc.flow.control.window = 1MB (=1048576) (default)
2019-06-13 23:40:57,860 INFO  server.RaftServerConfigKeys (ConfUtils.java:logGet(43)) - raft.server.rpc.request.timeout = 3000ms (default)
2019-06-13 23:40:57,861 INFO  server.RaftServerConfigKeys (ConfUtils.java:logGet(43)) - raft.server.storage.dir = [/opt/src/hadoop-ozone/integration-test/target/test-dir/MiniOzoneClusterImpl-39435e09-9bd2-47ed-bc44-da526d475d5e/datanode-4/data/ratis] (custom)
2019-06-13 23:40:57,861 INFO  server.XceiverServerGrpc (XceiverServerGrpc.java:<init>(97)) - Found a free port for the server : 40553
2019-06-13 23:40:57,861 INFO  replication.SimpleContainerDownloader (SimpleContainerDownloader.java:<init>(72)) - Starting container downloader service to copy containers to replicate.
2019-06-13 23:40:57,862 INFO  hdfs.DFSUtil (DFSUtil.java:httpServerTemplateForNNAndJN(1641)) - Starting Web-server for hddsDatanode at: http://0.0.0.0:0
2019-06-13 23:40:57,863 INFO  server.AuthenticationFilter (AuthenticationFilter.java:constructSecretProvider(240)) - Unable to initialize FileSignerSecretProvider, falling back to use random secrets.
2019-06-13 23:40:57,864 WARN  http.HttpRequestLog (HttpRequestLog.java:getRequestLog(97)) - Jetty request log can only be enabled using Log4j
2019-06-13 23:40:57,865 INFO  http.HttpServer2 (HttpServer2.java:addGlobalFilter(975)) - Added global filter 'safety' (class=org.apache.hadoop.http.HttpServer2$QuotingInputFilter)
2019-06-13 23:40:57,865 INFO  http.HttpServer2 (HttpServer2.java:addFilter(948)) - Added filter static_user_filter (class=org.apache.hadoop.http.lib.StaticUserWebFilter$StaticUserFilter) to context hddsDatanode
2019-06-13 23:40:57,866 INFO  http.HttpServer2 (HttpServer2.java:addFilter(958)) - Added filter static_user_filter (class=org.apache.hadoop.http.lib.StaticUserWebFilter$StaticUserFilter) to context static
2019-06-13 23:40:57,866 INFO  http.HttpServer2 (HttpServer2.java:addFilter(958)) - Added filter static_user_filter (class=org.apache.hadoop.http.lib.StaticUserWebFilter$StaticUserFilter) to context logs
2019-06-13 23:40:57,866 INFO  http.HttpServer2 (HttpServer2.java:bindListener(1191)) - Jetty bound to port 44507
2019-06-13 23:40:57,866 INFO  server.Server (Server.java:doStart(351)) - jetty-9.3.24.v20180605, build timestamp: 2018-06-05T17:11:56Z, git hash: 84205aa28f11a4f31f2a3b86d1bba2cc8ab69827
2019-06-13 23:40:57,868 INFO  handler.ContextHandler (ContextHandler.java:doStart(781)) - Started o.e.j.s.ServletContextHandler@12db2921{/logs,file:///opt/src/hadoop-ozone/integration-test/target/log,AVAILABLE}
2019-06-13 23:40:57,868 INFO  handler.ContextHandler (ContextHandler.java:doStart(781)) - Started o.e.j.s.ServletContextHandler@75225415{/static,jar:file:/root/.m2/repository/org/apache/hadoop/hadoop-hdds-container-service/0.5.0-SNAPSHOT/hadoop-hdds-container-service-0.5.0-SNAPSHOT.jar!/webapps/static,AVAILABLE}
2019-06-13 23:40:57,896 INFO  handler.ContextHandler (ContextHandler.java:doStart(781)) - Started o.e.j.w.WebAppContext@708f4d81{/,file:///tmp/jetty-0.0.0.0-44507-hddsDatanode-_-any-5459314752428714095.dir/webapp/,AVAILABLE}{/hddsDatanode}
2019-06-13 23:40:57,896 INFO  server.AbstractConnector (AbstractConnector.java:doStart(278)) - Started ServerConnector@23cf78f9{HTTP/1.1,[http/1.1]}{0.0.0.0:44507}
2019-06-13 23:40:57,899 INFO  server.Server (Server.java:doStart(419)) - Started @109261ms
2019-06-13 23:40:57,900 INFO  server.BaseHttpServer (BaseHttpServer.java:updateConnectorAddress(207)) - HTTP server of HDDSDATANODE is listening at http://0.0.0.0:44507
2019-06-13 23:40:57,962 WARN  server.GrpcLogAppender (LogUtils.java:warn(134)) - cb89d4f8-1878-4ef8-9b04-c29334c05cac: Failed appendEntries to 1ea106d7-9b98-4cee-8ff6-7d75b64b893d:192.168.105.138:45495: org.apache.ratis.thirdparty.io.grpc.StatusRuntimeException: UNAVAILABLE: io exception
2019-06-13 23:40:57,962 INFO  impl.FollowerInfo (FollowerInfo.java:lambda$new$0(50)) - cb89d4f8-1878-4ef8-9b04-c29334c05cac->1ea106d7-9b98-4cee-8ff6-7d75b64b893d: nextIndex: updateUnconditionally 0 -> 0
2019-06-13 23:40:57,979 INFO  ozone.HddsDatanodeService (HddsDatanodeService.java:startPlugins(396)) - Started plug-in org.apache.hadoop.ozone.web.OzoneHddsDatanodeService@5304cee
2019-06-13 23:40:57,980 INFO  impl.MetricsSystemImpl (MetricsSystemImpl.java:init(158)) - HddsDatanode metrics system started (again)
2019-06-13 23:40:57,980 INFO  ozone.HddsDatanodeService (HddsDatanodeService.java:start(185)) - HddsDatanodeService host:ozone-g79bc-2755786375 ip:192.168.105.138
2019-06-13 23:40:57,982 WARN  server.GrpcLogAppender (LogUtils.java:warn(134)) - cb89d4f8-1878-4ef8-9b04-c29334c05cac: Failed appendEntries to 47bcbdc1-c7e9-4920-9a84-4aada272adfe:192.168.105.138:33305: org.apache.ratis.thirdparty.io.grpc.StatusRuntimeException: UNAVAILABLE: io exception
2019-06-13 23:40:57,982 INFO  impl.FollowerInfo (FollowerInfo.java:lambda$new$0(50)) - cb89d4f8-1878-4ef8-9b04-c29334c05cac->47bcbdc1-c7e9-4920-9a84-4aada272adfe: nextIndex: updateUnconditionally 0 -> 0
2019-06-13 23:40:57,983 INFO  util.JvmPauseMonitor (JvmPauseMonitor.java:run(188)) - Starting JVM pause monitor
2019-06-13 23:40:57,983 INFO  datanode.InitDatanodeState (InitDatanodeState.java:persistContainerDatanodeDetails(140)) - DatanodeDetails is persisted to /opt/src/hadoop-ozone/integration-test/target/test-dir/MiniOzoneClusterImpl-39435e09-9bd2-47ed-bc44-da526d475d5e/datanode-4/meta/datanode.id
2019-06-13 23:40:58,005 INFO  volume.HddsVolume (HddsVolume.java:<init>(176)) - Creating Volume: /opt/src/hadoop-ozone/integration-test/target/test-dir/MiniOzoneClusterImpl-39435e09-9bd2-47ed-bc44-da526d475d5e/datanode-5/data/containers/hdds of  storage type : DISK and capacity : 104021790720
2019-06-13 23:40:58,005 INFO  volume.VolumeSet (VolumeSet.java:initializeVolumeSet(170)) - Added Volume : /opt/src/hadoop-ozone/integration-test/target/test-dir/MiniOzoneClusterImpl-39435e09-9bd2-47ed-bc44-da526d475d5e/datanode-5/data/containers/hdds to VolumeSet
2019-06-13 23:40:58,006 INFO  volume.ThrottledAsyncChecker (ThrottledAsyncChecker.java:schedule(140)) - Scheduling a check for org.apache.hadoop.ozone.container.common.volume.HddsVolume@36f93ea3
2019-06-13 23:40:58,006 INFO  volume.HddsVolumeChecker (HddsVolumeChecker.java:checkAllVolumes(203)) - Scheduled health check for volume org.apache.hadoop.ozone.container.common.volume.HddsVolume@36f93ea3
2019-06-13 23:40:58,017 INFO  ratis.XceiverServerRatis (XceiverServerRatis.java:newXceiverServerRatis(401)) - Found a free port for the server : 46315
2019-06-13 23:40:58,020 INFO  impl.RaftServerProxy (ConfUtils.java:logGet(43)) - raft.rpc.type = GRPC (default)
2019-06-13 23:40:58,021 INFO  grpc.GrpcConfigKeys$Server (ConfUtils.java:logGet(43)) - raft.grpc.server.port = 46315 (custom)
2019-06-13 23:40:58,021 INFO  server.GrpcService (ConfUtils.java:logGet(43)) - raft.grpc.message.size.max = 33570816 (custom)
2019-06-13 23:40:58,021 INFO  server.RaftServerConfigKeys (ConfUtils.java:logGet(43)) - raft.server.log.appender.buffer.byte-limit = 33554432 (custom)
2019-06-13 23:40:58,021 INFO  server.GrpcService (ConfUtils.java:logGet(43)) - raft.grpc.flow.control.window = 1MB (=1048576) (default)
2019-06-13 23:40:58,021 INFO  server.RaftServerConfigKeys (ConfUtils.java:logGet(43)) - raft.server.rpc.request.timeout = 3000ms (default)
2019-06-13 23:40:58,022 INFO  server.RaftServerConfigKeys (ConfUtils.java:logGet(43)) - raft.server.storage.dir = [/opt/src/hadoop-ozone/integration-test/target/test-dir/MiniOzoneClusterImpl-39435e09-9bd2-47ed-bc44-da526d475d5e/datanode-5/data/ratis] (custom)
2019-06-13 23:40:58,022 INFO  server.XceiverServerGrpc (XceiverServerGrpc.java:<init>(97)) - Found a free port for the server : 40057
2019-06-13 23:40:58,023 INFO  replication.SimpleContainerDownloader (SimpleContainerDownloader.java:<init>(72)) - Starting container downloader service to copy containers to replicate.
2019-06-13 23:40:58,023 INFO  hdfs.DFSUtil (DFSUtil.java:httpServerTemplateForNNAndJN(1641)) - Starting Web-server for hddsDatanode at: http://0.0.0.0:0
2019-06-13 23:40:58,025 INFO  server.AuthenticationFilter (AuthenticationFilter.java:constructSecretProvider(240)) - Unable to initialize FileSignerSecretProvider, falling back to use random secrets.
2019-06-13 23:40:58,025 WARN  http.HttpRequestLog (HttpRequestLog.java:getRequestLog(97)) - Jetty request log can only be enabled using Log4j
2019-06-13 23:40:58,026 INFO  http.HttpServer2 (HttpServer2.java:addGlobalFilter(975)) - Added global filter 'safety' (class=org.apache.hadoop.http.HttpServer2$QuotingInputFilter)
2019-06-13 23:40:58,027 INFO  http.HttpServer2 (HttpServer2.java:addFilter(948)) - Added filter static_user_filter (class=org.apache.hadoop.http.lib.StaticUserWebFilter$StaticUserFilter) to context hddsDatanode
2019-06-13 23:40:58,027 INFO  http.HttpServer2 (HttpServer2.java:addFilter(958)) - Added filter static_user_filter (class=org.apache.hadoop.http.lib.StaticUserWebFilter$StaticUserFilter) to context logs
2019-06-13 23:40:58,027 INFO  http.HttpServer2 (HttpServer2.java:addFilter(958)) - Added filter static_user_filter (class=org.apache.hadoop.http.lib.StaticUserWebFilter$StaticUserFilter) to context static
2019-06-13 23:40:58,027 INFO  http.HttpServer2 (HttpServer2.java:bindListener(1191)) - Jetty bound to port 32827
2019-06-13 23:40:58,028 INFO  server.Server (Server.java:doStart(351)) - jetty-9.3.24.v20180605, build timestamp: 2018-06-05T17:11:56Z, git hash: 84205aa28f11a4f31f2a3b86d1bba2cc8ab69827
2019-06-13 23:40:58,029 INFO  handler.ContextHandler (ContextHandler.java:doStart(781)) - Started o.e.j.s.ServletContextHandler@557ed49a{/logs,file:///opt/src/hadoop-ozone/integration-test/target/log,AVAILABLE}
2019-06-13 23:40:58,029 INFO  handler.ContextHandler (ContextHandler.java:doStart(781)) - Started o.e.j.s.ServletContextHandler@2c2c1790{/static,jar:file:/root/.m2/repository/org/apache/hadoop/hadoop-hdds-container-service/0.5.0-SNAPSHOT/hadoop-hdds-container-service-0.5.0-SNAPSHOT.jar!/webapps/static,AVAILABLE}
2019-06-13 23:40:58,057 INFO  handler.ContextHandler (ContextHandler.java:doStart(781)) - Started o.e.j.w.WebAppContext@4f1150f5{/,file:///tmp/jetty-0.0.0.0-32827-hddsDatanode-_-any-2635988508198477579.dir/webapp/,AVAILABLE}{/hddsDatanode}
2019-06-13 23:40:58,058 INFO  server.AbstractConnector (AbstractConnector.java:doStart(278)) - Started ServerConnector@6cfa20c1{HTTP/1.1,[http/1.1]}{0.0.0.0:32827}
2019-06-13 23:40:58,061 INFO  server.Server (Server.java:doStart(419)) - Started @109422ms
2019-06-13 23:40:58,062 INFO  server.BaseHttpServer (BaseHttpServer.java:updateConnectorAddress(207)) - HTTP server of HDDSDATANODE is listening at http://0.0.0.0:32827
2019-06-13 23:40:58,171 INFO  ozone.HddsDatanodeService (HddsDatanodeService.java:startPlugins(396)) - Started plug-in org.apache.hadoop.ozone.web.OzoneHddsDatanodeService@1ccf1819
2019-06-13 23:40:58,171 INFO  impl.MetricsSystemImpl (MetricsSystemImpl.java:init(158)) - HddsDatanode metrics system started (again)
2019-06-13 23:40:58,171 INFO  ozone.HddsDatanodeService (HddsDatanodeService.java:start(185)) - HddsDatanodeService host:ozone-g79bc-2755786375 ip:192.168.105.138
2019-06-13 23:40:58,172 INFO  util.JvmPauseMonitor (JvmPauseMonitor.java:run(188)) - Starting JVM pause monitor
2019-06-13 23:40:58,172 INFO  datanode.InitDatanodeState (InitDatanodeState.java:persistContainerDatanodeDetails(140)) - DatanodeDetails is persisted to /opt/src/hadoop-ozone/integration-test/target/test-dir/MiniOzoneClusterImpl-39435e09-9bd2-47ed-bc44-da526d475d5e/datanode-5/meta/datanode.id
2019-06-13 23:40:58,180 INFO  volume.HddsVolume (HddsVolume.java:<init>(176)) - Creating Volume: /opt/src/hadoop-ozone/integration-test/target/test-dir/MiniOzoneClusterImpl-39435e09-9bd2-47ed-bc44-da526d475d5e/datanode-6/data/containers/hdds of  storage type : DISK and capacity : 104021790720
2019-06-13 23:40:58,180 INFO  volume.VolumeSet (VolumeSet.java:initializeVolumeSet(170)) - Added Volume : /opt/src/hadoop-ozone/integration-test/target/test-dir/MiniOzoneClusterImpl-39435e09-9bd2-47ed-bc44-da526d475d5e/datanode-6/data/containers/hdds to VolumeSet
2019-06-13 23:40:58,181 INFO  volume.ThrottledAsyncChecker (ThrottledAsyncChecker.java:schedule(140)) - Scheduling a check for org.apache.hadoop.ozone.container.common.volume.HddsVolume@6da5cb1
2019-06-13 23:40:58,181 INFO  volume.HddsVolumeChecker (HddsVolumeChecker.java:checkAllVolumes(203)) - Scheduled health check for volume org.apache.hadoop.ozone.container.common.volume.HddsVolume@6da5cb1
2019-06-13 23:40:58,193 INFO  ratis.XceiverServerRatis (XceiverServerRatis.java:newXceiverServerRatis(401)) - Found a free port for the server : 37509
2019-06-13 23:40:58,196 INFO  impl.RaftServerProxy (ConfUtils.java:logGet(43)) - raft.rpc.type = GRPC (default)
2019-06-13 23:40:58,196 INFO  grpc.GrpcConfigKeys$Server (ConfUtils.java:logGet(43)) - raft.grpc.server.port = 37509 (custom)
2019-06-13 23:40:58,196 INFO  server.GrpcService (ConfUtils.java:logGet(43)) - raft.grpc.message.size.max = 33570816 (custom)
2019-06-13 23:40:58,197 INFO  server.RaftServerConfigKeys (ConfUtils.java:logGet(43)) - raft.server.log.appender.buffer.byte-limit = 33554432 (custom)
2019-06-13 23:40:58,197 INFO  server.GrpcService (ConfUtils.java:logGet(43)) - raft.grpc.flow.control.window = 1MB (=1048576) (default)
2019-06-13 23:40:58,197 INFO  server.RaftServerConfigKeys (ConfUtils.java:logGet(43)) - raft.server.rpc.request.timeout = 3000ms (default)
2019-06-13 23:40:58,197 INFO  server.RaftServerConfigKeys (ConfUtils.java:logGet(43)) - raft.server.storage.dir = [/opt/src/hadoop-ozone/integration-test/target/test-dir/MiniOzoneClusterImpl-39435e09-9bd2-47ed-bc44-da526d475d5e/datanode-6/data/ratis] (custom)
2019-06-13 23:40:58,198 INFO  server.XceiverServerGrpc (XceiverServerGrpc.java:<init>(97)) - Found a free port for the server : 46631
2019-06-13 23:40:58,198 INFO  replication.SimpleContainerDownloader (SimpleContainerDownloader.java:<init>(72)) - Starting container downloader service to copy containers to replicate.
2019-06-13 23:40:58,199 INFO  hdfs.DFSUtil (DFSUtil.java:httpServerTemplateForNNAndJN(1641)) - Starting Web-server for hddsDatanode at: http://0.0.0.0:0
2019-06-13 23:40:58,200 INFO  server.AuthenticationFilter (AuthenticationFilter.java:constructSecretProvider(240)) - Unable to initialize FileSignerSecretProvider, falling back to use random secrets.
2019-06-13 23:40:58,200 WARN  http.HttpRequestLog (HttpRequestLog.java:getRequestLog(97)) - Jetty request log can only be enabled using Log4j
2019-06-13 23:40:58,201 INFO  http.HttpServer2 (HttpServer2.java:addGlobalFilter(975)) - Added global filter 'safety' (class=org.apache.hadoop.http.HttpServer2$QuotingInputFilter)
2019-06-13 23:40:58,202 INFO  http.HttpServer2 (HttpServer2.java:addFilter(948)) - Added filter static_user_filter (class=org.apache.hadoop.http.lib.StaticUserWebFilter$StaticUserFilter) to context hddsDatanode
2019-06-13 23:40:58,202 INFO  http.HttpServer2 (HttpServer2.java:addFilter(958)) - Added filter static_user_filter (class=org.apache.hadoop.http.lib.StaticUserWebFilter$StaticUserFilter) to context logs
2019-06-13 23:40:58,202 INFO  http.HttpServer2 (HttpServer2.java:addFilter(958)) - Added filter static_user_filter (class=org.apache.hadoop.http.lib.StaticUserWebFilter$StaticUserFilter) to context static
2019-06-13 23:40:58,202 INFO  http.HttpServer2 (HttpServer2.java:bindListener(1191)) - Jetty bound to port 44773
2019-06-13 23:40:58,202 INFO  server.Server (Server.java:doStart(351)) - jetty-9.3.24.v20180605, build timestamp: 2018-06-05T17:11:56Z, git hash: 84205aa28f11a4f31f2a3b86d1bba2cc8ab69827
2019-06-13 23:40:58,206 INFO  handler.ContextHandler (ContextHandler.java:doStart(781)) - Started o.e.j.s.ServletContextHandler@23c3f787{/logs,file:///opt/src/hadoop-ozone/integration-test/target/log,AVAILABLE}
2019-06-13 23:40:58,206 INFO  handler.ContextHandler (ContextHandler.java:doStart(781)) - Started o.e.j.s.ServletContextHandler@776ae580{/static,jar:file:/root/.m2/repository/org/apache/hadoop/hadoop-hdds-container-service/0.5.0-SNAPSHOT/hadoop-hdds-container-service-0.5.0-SNAPSHOT.jar!/webapps/static,AVAILABLE}
2019-06-13 23:40:58,226 INFO  handler.ContextHandler (ContextHandler.java:doStart(781)) - Started o.e.j.w.WebAppContext@2fc2d1f0{/,file:///tmp/jetty-0.0.0.0-44773-hddsDatanode-_-any-8706997354232936838.dir/webapp/,AVAILABLE}{/hddsDatanode}
2019-06-13 23:40:58,227 INFO  server.AbstractConnector (AbstractConnector.java:doStart(278)) - Started ServerConnector@57b4fc1e{HTTP/1.1,[http/1.1]}{0.0.0.0:44773}
2019-06-13 23:40:58,230 INFO  server.Server (Server.java:doStart(419)) - Started @109591ms
2019-06-13 23:40:58,230 INFO  server.BaseHttpServer (BaseHttpServer.java:updateConnectorAddress(207)) - HTTP server of HDDSDATANODE is listening at http://0.0.0.0:44773
2019-06-13 23:40:58,308 INFO  ozone.HddsDatanodeService (HddsDatanodeService.java:startPlugins(396)) - Started plug-in org.apache.hadoop.ozone.web.OzoneHddsDatanodeService@4f355321
2019-06-13 23:40:58,308 INFO  ozone.MiniOzoneClusterImpl (MiniOzoneClusterImpl.java:lambda$waitForClusterToBeReady$0(142)) - Waiting for cluster to be ready. Got 0 of 7 DN Heartbeats.
2019-06-13 23:40:58,314 INFO  util.JvmPauseMonitor (JvmPauseMonitor.java:run(188)) - Starting JVM pause monitor
2019-06-13 23:40:58,314 INFO  datanode.InitDatanodeState (InitDatanodeState.java:persistContainerDatanodeDetails(140)) - DatanodeDetails is persisted to /opt/src/hadoop-ozone/integration-test/target/test-dir/MiniOzoneClusterImpl-39435e09-9bd2-47ed-bc44-da526d475d5e/datanode-6/meta/datanode.id
2019-06-13 23:40:58,462 WARN  server.GrpcLogAppender (LogUtils.java:warn(134)) - cb89d4f8-1878-4ef8-9b04-c29334c05cac: Failed appendEntries to 1ea106d7-9b98-4cee-8ff6-7d75b64b893d:192.168.105.138:45495: org.apache.ratis.thirdparty.io.grpc.StatusRuntimeException: UNAVAILABLE: io exception
2019-06-13 23:40:58,462 INFO  impl.FollowerInfo (FollowerInfo.java:lambda$new$0(50)) - cb89d4f8-1878-4ef8-9b04-c29334c05cac->1ea106d7-9b98-4cee-8ff6-7d75b64b893d: nextIndex: updateUnconditionally 0 -> 0
2019-06-13 23:40:58,482 WARN  server.GrpcLogAppender (LogUtils.java:warn(134)) - cb89d4f8-1878-4ef8-9b04-c29334c05cac: Failed appendEntries to 47bcbdc1-c7e9-4920-9a84-4aada272adfe:192.168.105.138:33305: org.apache.ratis.thirdparty.io.grpc.StatusRuntimeException: UNAVAILABLE: io exception
2019-06-13 23:40:58,482 INFO  impl.FollowerInfo (FollowerInfo.java:lambda$new$0(50)) - cb89d4f8-1878-4ef8-9b04-c29334c05cac->47bcbdc1-c7e9-4920-9a84-4aada272adfe: nextIndex: updateUnconditionally 0 -> 0
2019-06-13 23:40:58,963 WARN  server.GrpcLogAppender (LogUtils.java:warn(134)) - cb89d4f8-1878-4ef8-9b04-c29334c05cac: Failed appendEntries to 1ea106d7-9b98-4cee-8ff6-7d75b64b893d:192.168.105.138:45495: org.apache.ratis.thirdparty.io.grpc.StatusRuntimeException: UNAVAILABLE: io exception
2019-06-13 23:40:58,963 INFO  impl.FollowerInfo (FollowerInfo.java:lambda$new$0(50)) - cb89d4f8-1878-4ef8-9b04-c29334c05cac->1ea106d7-9b98-4cee-8ff6-7d75b64b893d: nextIndex: updateUnconditionally 0 -> 0
2019-06-13 23:40:58,983 WARN  server.GrpcLogAppender (LogUtils.java:warn(134)) - cb89d4f8-1878-4ef8-9b04-c29334c05cac: Failed appendEntries to 47bcbdc1-c7e9-4920-9a84-4aada272adfe:192.168.105.138:33305: org.apache.ratis.thirdparty.io.grpc.StatusRuntimeException: UNAVAILABLE: io exception
2019-06-13 23:40:58,983 INFO  impl.FollowerInfo (FollowerInfo.java:lambda$new$0(50)) - cb89d4f8-1878-4ef8-9b04-c29334c05cac->47bcbdc1-c7e9-4920-9a84-4aada272adfe: nextIndex: updateUnconditionally 0 -> 0
2019-06-13 23:40:59,309 INFO  ozone.MiniOzoneClusterImpl (MiniOzoneClusterImpl.java:lambda$waitForClusterToBeReady$0(142)) - Waiting for cluster to be ready. Got 0 of 7 DN Heartbeats.
2019-06-13 23:40:59,375 INFO  ozoneimpl.OzoneContainer (OzoneContainer.java:start(186)) - Attempting to start container services.
2019-06-13 23:40:59,375 INFO  ozoneimpl.OzoneContainer (OzoneContainer.java:startContainerScrub(160)) - Background container scrubber has been disabled by hdds.containerscrub.enabled
2019-06-13 23:40:59,375 INFO  ratis.XceiverServerRatis (XceiverServerRatis.java:start(418)) - Starting XceiverServerRatis eec977c4-3ffc-4dd0-aac2-8f7a7c7db7cb at port 45737
2019-06-13 23:40:59,379 INFO  impl.RaftServerProxy (RaftServerProxy.java:lambda$start$3(299)) - eec977c4-3ffc-4dd0-aac2-8f7a7c7db7cb: start RPC server
2019-06-13 23:40:59,380 INFO  server.GrpcService (GrpcService.java:startImpl(148)) - eec977c4-3ffc-4dd0-aac2-8f7a7c7db7cb: GrpcService started, listening on 0.0.0.0/0.0.0.0:45737
2019-06-13 23:40:59,464 WARN  server.GrpcLogAppender (LogUtils.java:warn(134)) - cb89d4f8-1878-4ef8-9b04-c29334c05cac: Failed appendEntries to 1ea106d7-9b98-4cee-8ff6-7d75b64b893d:192.168.105.138:45495: org.apache.ratis.thirdparty.io.grpc.StatusRuntimeException: UNAVAILABLE: io exception
2019-06-13 23:40:59,464 INFO  impl.FollowerInfo (FollowerInfo.java:lambda$new$0(50)) - cb89d4f8-1878-4ef8-9b04-c29334c05cac->1ea106d7-9b98-4cee-8ff6-7d75b64b893d: nextIndex: updateUnconditionally 0 -> 0
2019-06-13 23:40:59,483 WARN  server.GrpcLogAppender (LogUtils.java:warn(134)) - cb89d4f8-1878-4ef8-9b04-c29334c05cac: Failed appendEntries to 47bcbdc1-c7e9-4920-9a84-4aada272adfe:192.168.105.138:33305: org.apache.ratis.thirdparty.io.grpc.StatusRuntimeException: UNAVAILABLE: io exception
2019-06-13 23:40:59,484 INFO  impl.FollowerInfo (FollowerInfo.java:lambda$new$0(50)) - cb89d4f8-1878-4ef8-9b04-c29334c05cac->47bcbdc1-c7e9-4920-9a84-4aada272adfe: nextIndex: updateUnconditionally 0 -> 0
2019-06-13 23:40:59,496 INFO  ozoneimpl.OzoneContainer (OzoneContainer.java:start(186)) - Attempting to start container services.
2019-06-13 23:40:59,497 INFO  ozoneimpl.OzoneContainer (OzoneContainer.java:startContainerScrub(160)) - Background container scrubber has been disabled by hdds.containerscrub.enabled
2019-06-13 23:40:59,497 INFO  ratis.XceiverServerRatis (XceiverServerRatis.java:start(418)) - Starting XceiverServerRatis 22918fc1-5b1d-4bd8-8927-0ac0fde58b39 at port 37507
2019-06-13 23:40:59,500 INFO  impl.RaftServerProxy (RaftServerProxy.java:lambda$start$3(299)) - 22918fc1-5b1d-4bd8-8927-0ac0fde58b39: start RPC server
2019-06-13 23:40:59,501 INFO  server.GrpcService (GrpcService.java:startImpl(148)) - 22918fc1-5b1d-4bd8-8927-0ac0fde58b39: GrpcService started, listening on 0.0.0.0/0.0.0.0:37507
2019-06-13 23:40:59,658 INFO  ozoneimpl.OzoneContainer (OzoneContainer.java:start(186)) - Attempting to start container services.
2019-06-13 23:40:59,658 INFO  ozoneimpl.OzoneContainer (OzoneContainer.java:startContainerScrub(160)) - Background container scrubber has been disabled by hdds.containerscrub.enabled
2019-06-13 23:40:59,658 INFO  ratis.XceiverServerRatis (XceiverServerRatis.java:start(418)) - Starting XceiverServerRatis 081ad964-3376-460f-bd95-735c4a840bc5 at port 36581
2019-06-13 23:40:59,662 INFO  impl.RaftServerProxy (RaftServerProxy.java:lambda$start$3(299)) - 081ad964-3376-460f-bd95-735c4a840bc5: start RPC server
2019-06-13 23:40:59,662 INFO  server.GrpcService (GrpcService.java:startImpl(148)) - 081ad964-3376-460f-bd95-735c4a840bc5: GrpcService started, listening on 0.0.0.0/0.0.0.0:36581
2019-06-13 23:40:59,841 INFO  ozoneimpl.OzoneContainer (OzoneContainer.java:start(186)) - Attempting to start container services.
2019-06-13 23:40:59,841 INFO  ozoneimpl.OzoneContainer (OzoneContainer.java:startContainerScrub(160)) - Background container scrubber has been disabled by hdds.containerscrub.enabled
2019-06-13 23:40:59,841 INFO  ratis.XceiverServerRatis (XceiverServerRatis.java:start(418)) - Starting XceiverServerRatis f989c141-8cb8-4eea-8bf0-035b2f862262 at port 38149
2019-06-13 23:40:59,845 INFO  impl.RaftServerProxy (RaftServerProxy.java:lambda$start$3(299)) - f989c141-8cb8-4eea-8bf0-035b2f862262: start RPC server
2019-06-13 23:40:59,845 INFO  server.GrpcService (GrpcService.java:startImpl(148)) - f989c141-8cb8-4eea-8bf0-035b2f862262: GrpcService started, listening on 0.0.0.0/0.0.0.0:38149
2019-06-13 23:40:59,964 WARN  server.GrpcLogAppender (LogUtils.java:warn(134)) - cb89d4f8-1878-4ef8-9b04-c29334c05cac: Failed appendEntries to 1ea106d7-9b98-4cee-8ff6-7d75b64b893d:192.168.105.138:45495: org.apache.ratis.thirdparty.io.grpc.StatusRuntimeException: UNAVAILABLE: io exception
2019-06-13 23:40:59,964 INFO  impl.FollowerInfo (FollowerInfo.java:lambda$new$0(50)) - cb89d4f8-1878-4ef8-9b04-c29334c05cac->1ea106d7-9b98-4cee-8ff6-7d75b64b893d: nextIndex: updateUnconditionally 0 -> 0
2019-06-13 23:40:59,984 WARN  server.GrpcLogAppender (LogUtils.java:warn(134)) - cb89d4f8-1878-4ef8-9b04-c29334c05cac: Failed appendEntries to 47bcbdc1-c7e9-4920-9a84-4aada272adfe:192.168.105.138:33305: org.apache.ratis.thirdparty.io.grpc.StatusRuntimeException: UNAVAILABLE: io exception
2019-06-13 23:40:59,984 INFO  impl.FollowerInfo (FollowerInfo.java:lambda$new$0(50)) - cb89d4f8-1878-4ef8-9b04-c29334c05cac->47bcbdc1-c7e9-4920-9a84-4aada272adfe: nextIndex: updateUnconditionally 0 -> 0
2019-06-13 23:40:59,987 INFO  ozoneimpl.OzoneContainer (OzoneContainer.java:start(186)) - Attempting to start container services.
2019-06-13 23:40:59,987 INFO  ozoneimpl.OzoneContainer (OzoneContainer.java:startContainerScrub(160)) - Background container scrubber has been disabled by hdds.containerscrub.enabled
2019-06-13 23:40:59,987 INFO  ratis.XceiverServerRatis (XceiverServerRatis.java:start(418)) - Starting XceiverServerRatis ccc374d2-2ea2-4ad0-b5ff-cc678d2ac5d1 at port 41779
2019-06-13 23:40:59,990 INFO  impl.RaftServerProxy (RaftServerProxy.java:lambda$start$3(299)) - ccc374d2-2ea2-4ad0-b5ff-cc678d2ac5d1: start RPC server
2019-06-13 23:40:59,991 INFO  server.GrpcService (GrpcService.java:startImpl(148)) - ccc374d2-2ea2-4ad0-b5ff-cc678d2ac5d1: GrpcService started, listening on 0.0.0.0/0.0.0.0:41779
2019-06-13 23:41:00,176 INFO  ozoneimpl.OzoneContainer (OzoneContainer.java:start(186)) - Attempting to start container services.
2019-06-13 23:41:00,176 INFO  ozoneimpl.OzoneContainer (OzoneContainer.java:startContainerScrub(160)) - Background container scrubber has been disabled by hdds.containerscrub.enabled
2019-06-13 23:41:00,176 INFO  ratis.XceiverServerRatis (XceiverServerRatis.java:start(418)) - Starting XceiverServerRatis 0ec5173b-ef5d-473b-afb6-d56f2902e44d at port 46315
2019-06-13 23:41:00,180 INFO  impl.RaftServerProxy (RaftServerProxy.java:lambda$start$3(299)) - 0ec5173b-ef5d-473b-afb6-d56f2902e44d: start RPC server
2019-06-13 23:41:00,180 INFO  server.GrpcService (GrpcService.java:startImpl(148)) - 0ec5173b-ef5d-473b-afb6-d56f2902e44d: GrpcService started, listening on 0.0.0.0/0.0.0.0:46315
2019-06-13 23:41:00,309 INFO  ozone.MiniOzoneClusterImpl (MiniOzoneClusterImpl.java:lambda$waitForClusterToBeReady$0(142)) - Waiting for cluster to be ready. Got 0 of 7 DN Heartbeats.
2019-06-13 23:41:00,317 INFO  ozoneimpl.OzoneContainer (OzoneContainer.java:start(186)) - Attempting to start container services.
2019-06-13 23:41:00,317 INFO  ozoneimpl.OzoneContainer (OzoneContainer.java:startContainerScrub(160)) - Background container scrubber has been disabled by hdds.containerscrub.enabled
2019-06-13 23:41:00,317 INFO  ratis.XceiverServerRatis (XceiverServerRatis.java:start(418)) - Starting XceiverServerRatis a1a96adf-3730-4e7b-994c-e3bd0ef71f1d at port 37509
2019-06-13 23:41:00,321 INFO  impl.RaftServerProxy (RaftServerProxy.java:lambda$start$3(299)) - a1a96adf-3730-4e7b-994c-e3bd0ef71f1d: start RPC server
2019-06-13 23:41:00,321 INFO  server.GrpcService (GrpcService.java:startImpl(148)) - a1a96adf-3730-4e7b-994c-e3bd0ef71f1d: GrpcService started, listening on 0.0.0.0/0.0.0.0:37509
2019-06-13 23:41:00,466 WARN  server.GrpcLogAppender (LogUtils.java:warn(134)) - cb89d4f8-1878-4ef8-9b04-c29334c05cac: Failed appendEntries to 1ea106d7-9b98-4cee-8ff6-7d75b64b893d:192.168.105.138:45495: org.apache.ratis.thirdparty.io.grpc.StatusRuntimeException: UNAVAILABLE: io exception
2019-06-13 23:41:00,466 INFO  impl.FollowerInfo (FollowerInfo.java:lambda$new$0(50)) - cb89d4f8-1878-4ef8-9b04-c29334c05cac->1ea106d7-9b98-4cee-8ff6-7d75b64b893d: nextIndex: updateUnconditionally 0 -> 0
2019-06-13 23:41:00,484 WARN  server.GrpcLogAppender (LogUtils.java:warn(134)) - cb89d4f8-1878-4ef8-9b04-c29334c05cac: Failed appendEntries to 47bcbdc1-c7e9-4920-9a84-4aada272adfe:192.168.105.138:33305: org.apache.ratis.thirdparty.io.grpc.StatusRuntimeException: UNAVAILABLE: io exception
2019-06-13 23:41:00,484 INFO  impl.FollowerInfo (FollowerInfo.java:lambda$new$0(50)) - cb89d4f8-1878-4ef8-9b04-c29334c05cac->47bcbdc1-c7e9-4920-9a84-4aada272adfe: nextIndex: updateUnconditionally 0 -> 0
2019-06-13 23:41:00,967 WARN  server.GrpcLogAppender (LogUtils.java:warn(134)) - cb89d4f8-1878-4ef8-9b04-c29334c05cac: Failed appendEntries to 1ea106d7-9b98-4cee-8ff6-7d75b64b893d:192.168.105.138:45495: org.apache.ratis.thirdparty.io.grpc.StatusRuntimeException: UNAVAILABLE: io exception
2019-06-13 23:41:00,967 INFO  impl.FollowerInfo (FollowerInfo.java:lambda$new$0(50)) - cb89d4f8-1878-4ef8-9b04-c29334c05cac->1ea106d7-9b98-4cee-8ff6-7d75b64b893d: nextIndex: updateUnconditionally 0 -> 0
2019-06-13 23:41:00,984 WARN  server.GrpcLogAppender (LogUtils.java:warn(134)) - cb89d4f8-1878-4ef8-9b04-c29334c05cac: Failed appendEntries to 47bcbdc1-c7e9-4920-9a84-4aada272adfe:192.168.105.138:33305: org.apache.ratis.thirdparty.io.grpc.StatusRuntimeException: UNAVAILABLE: io exception
2019-06-13 23:41:00,985 INFO  impl.FollowerInfo (FollowerInfo.java:lambda$new$0(50)) - cb89d4f8-1878-4ef8-9b04-c29334c05cac->47bcbdc1-c7e9-4920-9a84-4aada272adfe: nextIndex: updateUnconditionally 0 -> 0
2019-06-13 23:41:01,310 INFO  ozone.MiniOzoneClusterImpl (MiniOzoneClusterImpl.java:lambda$waitForClusterToBeReady$0(142)) - Waiting for cluster to be ready. Got 0 of 7 DN Heartbeats.
2019-06-13 23:41:01,345 INFO  node.SCMNodeManager (SCMNodeManager.java:register(234)) - Registered Data node : eec977c4-3ffc-4dd0-aac2-8f7a7c7db7cb{ip: 192.168.105.138, host: ozone-g79bc-2755786375, networkLocation: /default-rack, certSerialId: null}
2019-06-13 23:41:01,364 INFO  safemode.SCMSafeModeManager (DataNodeSafeModeRule.java:process(71)) - SCM in safe mode. 1 DataNodes registered, 1 required.
2019-06-13 23:41:01,375 INFO  safemode.SCMSafeModeManager (SCMSafeModeManager.java:validateSafeModeExitRules(177)) - ScmSafeModeManager, all rules are successfully validated
2019-06-13 23:41:01,375 INFO  safemode.SCMSafeModeManager (SCMSafeModeManager.java:exitSafeMode(193)) - SCM exiting safe mode.
2019-06-13 23:41:01,388 INFO  impl.RaftServerProxy (RaftServerProxy.java:addNew(89)) - eec977c4-3ffc-4dd0-aac2-8f7a7c7db7cb: addNew group-25B37C875887:[eec977c4-3ffc-4dd0-aac2-8f7a7c7db7cb:192.168.105.138:45737] returns group-25B37C875887:java.util.concurrent.CompletableFuture@7964dc90[Not completed]
2019-06-13 23:41:01,388 INFO  impl.RaftServerImpl (RaftServerImpl.java:<init>(91)) - eec977c4-3ffc-4dd0-aac2-8f7a7c7db7cb: new RaftServerImpl for group-25B37C875887:[eec977c4-3ffc-4dd0-aac2-8f7a7c7db7cb:192.168.105.138:45737] with ContainerStateMachine:uninitialized
2019-06-13 23:41:01,389 INFO  server.RaftServerConfigKeys (ConfUtils.java:logGet(43)) - raft.server.rpc.timeout.min = 1s (custom)
2019-06-13 23:41:01,389 INFO  server.RaftServerConfigKeys (ConfUtils.java:logGet(43)) - raft.server.rpc.timeout.max = 1200ms (custom)
2019-06-13 23:41:01,389 INFO  server.RaftServerConfigKeys (ConfUtils.java:logGet(43)) - raft.server.rpcslowness.timeout = 120s (custom)
2019-06-13 23:41:01,389 INFO  server.RaftServerConfigKeys (ConfUtils.java:logGet(43)) - raft.server.log.appender.install.snapshot.enabled = true (default)
2019-06-13 23:41:01,389 INFO  impl.RaftServerImpl (ServerState.java:<init>(101)) - eec977c4-3ffc-4dd0-aac2-8f7a7c7db7cb:group-25B37C875887 ConfigurationManager, init=-1: [eec977c4-3ffc-4dd0-aac2-8f7a7c7db7cb:192.168.105.138:45737], old=null, confs=<EMPTY_MAP>
2019-06-13 23:41:01,389 INFO  server.RaftServerConfigKeys (ConfUtils.java:logGet(43)) - raft.server.storage.dir = [/opt/src/hadoop-ozone/integration-test/target/test-dir/MiniOzoneClusterImpl-39435e09-9bd2-47ed-bc44-da526d475d5e/datanode-0/data/ratis] (custom)
2019-06-13 23:41:01,389 INFO  storage.RaftStorageDirectory (RaftStorageDirectory.java:analyzeStorage(246)) - The storage directory /opt/src/hadoop-ozone/integration-test/target/test-dir/MiniOzoneClusterImpl-39435e09-9bd2-47ed-bc44-da526d475d5e/datanode-0/data/ratis/d2a1b3a4-d6db-4ff1-89b2-25b37c875887 does not exist. Creating ...
2019-06-13 23:41:01,392 INFO  storage.RaftStorageDirectory (RaftStorageDirectory.java:tryLock(328)) - Lock on /opt/src/hadoop-ozone/integration-test/target/test-dir/MiniOzoneClusterImpl-39435e09-9bd2-47ed-bc44-da526d475d5e/datanode-0/data/ratis/d2a1b3a4-d6db-4ff1-89b2-25b37c875887/in_use.lock acquired by nodename 18810@ozone-g79bc-2755786375
2019-06-13 23:41:01,394 INFO  storage.RaftStorage (RaftStorage.java:format(75)) - Storage directory /opt/src/hadoop-ozone/integration-test/target/test-dir/MiniOzoneClusterImpl-39435e09-9bd2-47ed-bc44-da526d475d5e/datanode-0/data/ratis/d2a1b3a4-d6db-4ff1-89b2-25b37c875887 has been successfully formatted.
2019-06-13 23:41:01,395 INFO  ratis.ContainerStateMachine (ContainerStateMachine.java:loadSnapshot(199)) - The snapshot info is null.Setting the last applied index to:(t:0, i:~)
2019-06-13 23:41:01,395 INFO  server.RaftServerConfigKeys (ConfUtils.java:logGet(43)) - raft.server.leader.election.timeout = 120s (custom)
2019-06-13 23:41:01,395 INFO  server.RaftServerConfigKeys (ConfUtils.java:logGet(43)) - raft.server.log.use.memory = false (default)
2019-06-13 23:41:01,395 INFO  server.RaftServerConfigKeys (ConfUtils.java:logGet(43)) - raft.server.log.appender.buffer.byte-limit = 33554432 (custom)
2019-06-13 23:41:01,395 INFO  server.RaftServerConfigKeys (ConfUtils.java:logGet(43)) - raft.server.log.segment.size.max = 16384 (custom)
2019-06-13 23:41:01,395 INFO  server.RaftServerConfigKeys (ConfUtils.java:logGet(43)) - raft.server.log.segment.cache.num.max = 2 (custom)
2019-06-13 23:41:01,395 INFO  storage.RaftLogWorker (RaftLogWorker.java:<init>(123)) - new eec977c4-3ffc-4dd0-aac2-8f7a7c7db7cb-RaftLogWorker for Storage Directory /opt/src/hadoop-ozone/integration-test/target/test-dir/MiniOzoneClusterImpl-39435e09-9bd2-47ed-bc44-da526d475d5e/datanode-0/data/ratis/d2a1b3a4-d6db-4ff1-89b2-25b37c875887
2019-06-13 23:41:01,395 INFO  server.RaftServerConfigKeys (ConfUtils.java:logGet(43)) - raft.server.log.queue.byte-limit = 2147483647 (custom)
2019-06-13 23:41:01,395 INFO  server.RaftServerConfigKeys (ConfUtils.java:logGet(43)) - raft.server.log.queue.element-limit = 1024 (custom)
2019-06-13 23:41:01,395 INFO  server.RaftServerConfigKeys (ConfUtils.java:logGet(43)) - raft.server.log.segment.size.max = 16384 (custom)
2019-06-13 23:41:01,395 INFO  server.RaftServerConfigKeys (ConfUtils.java:logGet(43)) - raft.server.log.preallocated.size = 16384 (custom)
2019-06-13 23:41:01,396 INFO  server.RaftServerConfigKeys (ConfUtils.java:logGet(43)) - raft.server.log.write.buffer.size = 33554432 (custom)
2019-06-13 23:41:01,396 INFO  server.RaftServerConfigKeys (ConfUtils.java:logGet(43)) - raft.server.log.force.sync.num = 128 (default)
2019-06-13 23:41:01,396 INFO  server.RaftServerConfigKeys (ConfUtils.java:logGet(43)) - raft.server.log.statemachine.data.sync = true (default)
2019-06-13 23:41:01,396 INFO  server.RaftServerConfigKeys (ConfUtils.java:logGet(43)) - raft.server.log.statemachine.data.sync.timeout = 10s (default)
2019-06-13 23:41:01,396 INFO  server.RaftServerConfigKeys (ConfUtils.java:logGet(43)) - raft.server.log.statemachine.data.sync.timeout.retry = -1 (default)
2019-06-13 23:41:01,396 INFO  server.RaftServerConfigKeys (ConfUtils.java:logGet(43)) - raft.server.log.statemachine.data.caching.enabled = true (custom)
2019-06-13 23:41:01,396 INFO  server.RaftServerConfigKeys (ConfUtils.java:logGet(43)) - raft.server.snapshot.auto.trigger.enabled = true (custom)
2019-06-13 23:41:01,396 INFO  server.RaftServerConfigKeys (ConfUtils.java:logGet(43)) - raft.server.snapshot.auto.trigger.threshold = 10000 (custom)
2019-06-13 23:41:01,396 INFO  server.RaftServerConfigKeys (ConfUtils.java:logGet(43)) - raft.server.retrycache.expirytime = 600000ms (custom)
2019-06-13 23:41:01,396 INFO  impl.RaftServerImpl (RaftServerImpl.java:start(173)) - eec977c4-3ffc-4dd0-aac2-8f7a7c7db7cb: start group-25B37C875887
2019-06-13 23:41:01,396 INFO  impl.RaftServerImpl (RaftServerImpl.java:setRole(164)) - eec977c4-3ffc-4dd0-aac2-8f7a7c7db7cb:group-25B37C875887 changes role from null to FOLLOWER at term 0 for startAsFollower
2019-06-13 23:41:01,397 INFO  impl.RoleInfo (RoleInfo.java:updateAndGet(143)) - eec977c4-3ffc-4dd0-aac2-8f7a7c7db7cb: start FollowerState
2019-06-13 23:41:01,397 INFO  util.JmxRegister (JmxRegister.java:tryRegister(44)) - Successfully registered JMX Bean with object name Ratis:service=RaftServer,group=group-25B37C875887,id=eec977c4-3ffc-4dd0-aac2-8f7a7c7db7cb
2019-06-13 23:41:01,398 INFO  pipeline.PipelineStateManager (PipelineStateManager.java:addPipeline(56)) - Created pipeline Pipeline[ Id: d2a1b3a4-d6db-4ff1-89b2-25b37c875887, Nodes: eec977c4-3ffc-4dd0-aac2-8f7a7c7db7cb{ip: 192.168.105.138, host: ozone-g79bc-2755786375, networkLocation: /default-rack, certSerialId: null}, Type:RATIS, Factor:ONE, State:OPEN]
2019-06-13 23:41:01,467 WARN  server.GrpcLogAppender (LogUtils.java:warn(134)) - cb89d4f8-1878-4ef8-9b04-c29334c05cac: Failed appendEntries to 1ea106d7-9b98-4cee-8ff6-7d75b64b893d:192.168.105.138:45495: org.apache.ratis.thirdparty.io.grpc.StatusRuntimeException: UNAVAILABLE: io exception
2019-06-13 23:41:01,467 INFO  impl.FollowerInfo (FollowerInfo.java:lambda$new$0(50)) - cb89d4f8-1878-4ef8-9b04-c29334c05cac->1ea106d7-9b98-4cee-8ff6-7d75b64b893d: nextIndex: updateUnconditionally 0 -> 0
2019-06-13 23:41:01,485 WARN  server.GrpcLogAppender (LogUtils.java:warn(134)) - cb89d4f8-1878-4ef8-9b04-c29334c05cac: Failed appendEntries to 47bcbdc1-c7e9-4920-9a84-4aada272adfe:192.168.105.138:33305: org.apache.ratis.thirdparty.io.grpc.StatusRuntimeException: UNAVAILABLE: io exception
2019-06-13 23:41:01,486 INFO  impl.FollowerInfo (FollowerInfo.java:lambda$new$0(50)) - cb89d4f8-1878-4ef8-9b04-c29334c05cac->47bcbdc1-c7e9-4920-9a84-4aada272adfe: nextIndex: updateUnconditionally 0 -> 0
2019-06-13 23:41:01,494 INFO  node.SCMNodeManager (SCMNodeManager.java:register(234)) - Registered Data node : 22918fc1-5b1d-4bd8-8927-0ac0fde58b39{ip: 192.168.105.138, host: ozone-g79bc-2755786375, networkLocation: /default-rack, certSerialId: null}
2019-06-13 23:41:01,505 INFO  impl.RaftServerProxy (RaftServerProxy.java:addNew(89)) - 22918fc1-5b1d-4bd8-8927-0ac0fde58b39: addNew group-354DE7580A57:[22918fc1-5b1d-4bd8-8927-0ac0fde58b39:192.168.105.138:37507] returns group-354DE7580A57:java.util.concurrent.CompletableFuture@200c61e7[Not completed]
2019-06-13 23:41:01,505 INFO  impl.RaftServerImpl (RaftServerImpl.java:<init>(91)) - 22918fc1-5b1d-4bd8-8927-0ac0fde58b39: new RaftServerImpl for group-354DE7580A57:[22918fc1-5b1d-4bd8-8927-0ac0fde58b39:192.168.105.138:37507] with ContainerStateMachine:uninitialized
2019-06-13 23:41:01,505 INFO  server.RaftServerConfigKeys (ConfUtils.java:logGet(43)) - raft.server.rpc.timeout.min = 1s (custom)
2019-06-13 23:41:01,505 INFO  server.RaftServerConfigKeys (ConfUtils.java:logGet(43)) - raft.server.rpc.timeout.max = 1200ms (custom)
2019-06-13 23:41:01,506 INFO  server.RaftServerConfigKeys (ConfUtils.java:logGet(43)) - raft.server.rpcslowness.timeout = 120s (custom)
2019-06-13 23:41:01,506 INFO  server.RaftServerConfigKeys (ConfUtils.java:logGet(43)) - raft.server.log.appender.install.snapshot.enabled = true (default)
2019-06-13 23:41:01,506 INFO  impl.RaftServerImpl (ServerState.java:<init>(101)) - 22918fc1-5b1d-4bd8-8927-0ac0fde58b39:group-354DE7580A57 ConfigurationManager, init=-1: [22918fc1-5b1d-4bd8-8927-0ac0fde58b39:192.168.105.138:37507], old=null, confs=<EMPTY_MAP>
2019-06-13 23:41:01,506 INFO  server.RaftServerConfigKeys (ConfUtils.java:logGet(43)) - raft.server.storage.dir = [/opt/src/hadoop-ozone/integration-test/target/test-dir/MiniOzoneClusterImpl-39435e09-9bd2-47ed-bc44-da526d475d5e/datanode-1/data/ratis] (custom)
2019-06-13 23:41:01,506 INFO  storage.RaftStorageDirectory (RaftStorageDirectory.java:analyzeStorage(246)) - The storage directory /opt/src/hadoop-ozone/integration-test/target/test-dir/MiniOzoneClusterImpl-39435e09-9bd2-47ed-bc44-da526d475d5e/datanode-1/data/ratis/1f64eb43-a3ac-4048-8201-354de7580a57 does not exist. Creating ...
2019-06-13 23:41:01,517 INFO  storage.RaftStorageDirectory (RaftStorageDirectory.java:tryLock(328)) - Lock on /opt/src/hadoop-ozone/integration-test/target/test-dir/MiniOzoneClusterImpl-39435e09-9bd2-47ed-bc44-da526d475d5e/datanode-1/data/ratis/1f64eb43-a3ac-4048-8201-354de7580a57/in_use.lock acquired by nodename 18810@ozone-g79bc-2755786375
2019-06-13 23:41:01,540 INFO  storage.RaftStorage (RaftStorage.java:format(75)) - Storage directory /opt/src/hadoop-ozone/integration-test/target/test-dir/MiniOzoneClusterImpl-39435e09-9bd2-47ed-bc44-da526d475d5e/datanode-1/data/ratis/1f64eb43-a3ac-4048-8201-354de7580a57 has been successfully formatted.
2019-06-13 23:41:01,540 INFO  ratis.ContainerStateMachine (ContainerStateMachine.java:loadSnapshot(199)) - The snapshot info is null.Setting the last applied index to:(t:0, i:~)
2019-06-13 23:41:01,540 INFO  server.RaftServerConfigKeys (ConfUtils.java:logGet(43)) - raft.server.leader.election.timeout = 120s (custom)
2019-06-13 23:41:01,540 INFO  server.RaftServerConfigKeys (ConfUtils.java:logGet(43)) - raft.server.log.use.memory = false (default)
2019-06-13 23:41:01,540 INFO  server.RaftServerConfigKeys (ConfUtils.java:logGet(43)) - raft.server.log.appender.buffer.byte-limit = 33554432 (custom)
2019-06-13 23:41:01,540 INFO  server.RaftServerConfigKeys (ConfUtils.java:logGet(43)) - raft.server.log.segment.size.max = 16384 (custom)
2019-06-13 23:41:01,540 INFO  server.RaftServerConfigKeys (ConfUtils.java:logGet(43)) - raft.server.log.segment.cache.num.max = 2 (custom)
2019-06-13 23:41:01,541 INFO  storage.RaftLogWorker (RaftLogWorker.java:<init>(123)) - new 22918fc1-5b1d-4bd8-8927-0ac0fde58b39-RaftLogWorker for Storage Directory /opt/src/hadoop-ozone/integration-test/target/test-dir/MiniOzoneClusterImpl-39435e09-9bd2-47ed-bc44-da526d475d5e/datanode-1/data/ratis/1f64eb43-a3ac-4048-8201-354de7580a57
2019-06-13 23:41:01,541 INFO  server.RaftServerConfigKeys (ConfUtils.java:logGet(43)) - raft.server.log.queue.byte-limit = 2147483647 (custom)
2019-06-13 23:41:01,541 INFO  server.RaftServerConfigKeys (ConfUtils.java:logGet(43)) - raft.server.log.queue.element-limit = 1024 (custom)
2019-06-13 23:41:01,541 INFO  server.RaftServerConfigKeys (ConfUtils.java:logGet(43)) - raft.server.log.segment.size.max = 16384 (custom)
2019-06-13 23:41:01,541 INFO  server.RaftServerConfigKeys (ConfUtils.java:logGet(43)) - raft.server.log.preallocated.size = 16384 (custom)
2019-06-13 23:41:01,541 INFO  server.RaftServerConfigKeys (ConfUtils.java:logGet(43)) - raft.server.log.write.buffer.size = 33554432 (custom)
2019-06-13 23:41:01,541 INFO  server.RaftServerConfigKeys (ConfUtils.java:logGet(43)) - raft.server.log.force.sync.num = 128 (default)
2019-06-13 23:41:01,541 INFO  server.RaftServerConfigKeys (ConfUtils.java:logGet(43)) - raft.server.log.statemachine.data.sync = true (default)
2019-06-13 23:41:01,541 INFO  server.RaftServerConfigKeys (ConfUtils.java:logGet(43)) - raft.server.log.statemachine.data.sync.timeout = 10s (default)
2019-06-13 23:41:01,541 INFO  server.RaftServerConfigKeys (ConfUtils.java:logGet(43)) - raft.server.log.statemachine.data.sync.timeout.retry = -1 (default)
2019-06-13 23:41:01,542 INFO  server.RaftServerConfigKeys (ConfUtils.java:logGet(43)) - raft.server.log.statemachine.data.caching.enabled = true (custom)
2019-06-13 23:41:01,542 INFO  server.RaftServerConfigKeys (ConfUtils.java:logGet(43)) - raft.server.snapshot.auto.trigger.enabled = true (custom)
2019-06-13 23:41:01,542 INFO  server.RaftServerConfigKeys (ConfUtils.java:logGet(43)) - raft.server.snapshot.auto.trigger.threshold = 10000 (custom)
2019-06-13 23:41:01,542 INFO  server.RaftServerConfigKeys (ConfUtils.java:logGet(43)) - raft.server.retrycache.expirytime = 600000ms (custom)
2019-06-13 23:41:01,542 INFO  impl.RaftServerImpl (RaftServerImpl.java:start(173)) - 22918fc1-5b1d-4bd8-8927-0ac0fde58b39: start group-354DE7580A57
2019-06-13 23:41:01,542 INFO  impl.RaftServerImpl (RaftServerImpl.java:setRole(164)) - 22918fc1-5b1d-4bd8-8927-0ac0fde58b39:group-354DE7580A57 changes role from null to FOLLOWER at term 0 for startAsFollower
2019-06-13 23:41:01,543 INFO  impl.RoleInfo (RoleInfo.java:updateAndGet(143)) - 22918fc1-5b1d-4bd8-8927-0ac0fde58b39: start FollowerState
2019-06-13 23:41:01,543 INFO  util.JmxRegister (JmxRegister.java:tryRegister(44)) - Successfully registered JMX Bean with object name Ratis:service=RaftServer,group=group-354DE7580A57,id=22918fc1-5b1d-4bd8-8927-0ac0fde58b39
2019-06-13 23:41:01,544 INFO  pipeline.PipelineStateManager (PipelineStateManager.java:addPipeline(56)) - Created pipeline Pipeline[ Id: 1f64eb43-a3ac-4048-8201-354de7580a57, Nodes: 22918fc1-5b1d-4bd8-8927-0ac0fde58b39{ip: 192.168.105.138, host: ozone-g79bc-2755786375, networkLocation: /default-rack, certSerialId: null}, Type:RATIS, Factor:ONE, State:OPEN]
2019-06-13 23:41:01,655 INFO  node.SCMNodeManager (SCMNodeManager.java:register(234)) - Registered Data node : 081ad964-3376-460f-bd95-735c4a840bc5{ip: 192.168.105.138, host: ozone-g79bc-2755786375, networkLocation: /default-rack, certSerialId: null}
2019-06-13 23:41:01,664 INFO  impl.RaftServerProxy (RaftServerProxy.java:addNew(89)) - 081ad964-3376-460f-bd95-735c4a840bc5: addNew group-F96BD650F935:[081ad964-3376-460f-bd95-735c4a840bc5:192.168.105.138:36581] returns group-F96BD650F935:java.util.concurrent.CompletableFuture@1ce57772[Not completed]
2019-06-13 23:41:01,664 INFO  impl.RaftServerImpl (RaftServerImpl.java:<init>(91)) - 081ad964-3376-460f-bd95-735c4a840bc5: new RaftServerImpl for group-F96BD650F935:[081ad964-3376-460f-bd95-735c4a840bc5:192.168.105.138:36581] with ContainerStateMachine:uninitialized
2019-06-13 23:41:01,664 INFO  server.RaftServerConfigKeys (ConfUtils.java:logGet(43)) - raft.server.rpc.timeout.min = 1s (custom)
2019-06-13 23:41:01,664 INFO  server.RaftServerConfigKeys (ConfUtils.java:logGet(43)) - raft.server.rpc.timeout.max = 1200ms (custom)
2019-06-13 23:41:01,664 INFO  server.RaftServerConfigKeys (ConfUtils.java:logGet(43)) - raft.server.rpcslowness.timeout = 120s (custom)
2019-06-13 23:41:01,664 INFO  server.RaftServerConfigKeys (ConfUtils.java:logGet(43)) - raft.server.log.appender.install.snapshot.enabled = true (default)
2019-06-13 23:41:01,664 INFO  impl.RaftServerImpl (ServerState.java:<init>(101)) - 081ad964-3376-460f-bd95-735c4a840bc5:group-F96BD650F935 ConfigurationManager, init=-1: [081ad964-3376-460f-bd95-735c4a840bc5:192.168.105.138:36581], old=null, confs=<EMPTY_MAP>
2019-06-13 23:41:01,665 INFO  server.RaftServerConfigKeys (ConfUtils.java:logGet(43)) - raft.server.storage.dir = [/opt/src/hadoop-ozone/integration-test/target/test-dir/MiniOzoneClusterImpl-39435e09-9bd2-47ed-bc44-da526d475d5e/datanode-2/data/ratis] (custom)
2019-06-13 23:41:01,665 INFO  storage.RaftStorageDirectory (RaftStorageDirectory.java:analyzeStorage(246)) - The storage directory /opt/src/hadoop-ozone/integration-test/target/test-dir/MiniOzoneClusterImpl-39435e09-9bd2-47ed-bc44-da526d475d5e/datanode-2/data/ratis/073bfb1d-1cc1-4e46-82f7-f96bd650f935 does not exist. Creating ...
2019-06-13 23:41:01,702 INFO  storage.RaftStorageDirectory (RaftStorageDirectory.java:tryLock(328)) - Lock on /opt/src/hadoop-ozone/integration-test/target/test-dir/MiniOzoneClusterImpl-39435e09-9bd2-47ed-bc44-da526d475d5e/datanode-2/data/ratis/073bfb1d-1cc1-4e46-82f7-f96bd650f935/in_use.lock acquired by nodename 18810@ozone-g79bc-2755786375
2019-06-13 23:41:01,724 INFO  storage.RaftStorage (RaftStorage.java:format(75)) - Storage directory /opt/src/hadoop-ozone/integration-test/target/test-dir/MiniOzoneClusterImpl-39435e09-9bd2-47ed-bc44-da526d475d5e/datanode-2/data/ratis/073bfb1d-1cc1-4e46-82f7-f96bd650f935 has been successfully formatted.
2019-06-13 23:41:01,724 INFO  ratis.ContainerStateMachine (ContainerStateMachine.java:loadSnapshot(199)) - The snapshot info is null.Setting the last applied index to:(t:0, i:~)
2019-06-13 23:41:01,724 INFO  server.RaftServerConfigKeys (ConfUtils.java:logGet(43)) - raft.server.leader.election.timeout = 120s (custom)
2019-06-13 23:41:01,724 INFO  server.RaftServerConfigKeys (ConfUtils.java:logGet(43)) - raft.server.log.use.memory = false (default)
2019-06-13 23:41:01,724 INFO  server.RaftServerConfigKeys (ConfUtils.java:logGet(43)) - raft.server.log.appender.buffer.byte-limit = 33554432 (custom)
2019-06-13 23:41:01,724 INFO  server.RaftServerConfigKeys (ConfUtils.java:logGet(43)) - raft.server.log.segment.size.max = 16384 (custom)
2019-06-13 23:41:01,724 INFO  server.RaftServerConfigKeys (ConfUtils.java:logGet(43)) - raft.server.log.segment.cache.num.max = 2 (custom)
2019-06-13 23:41:01,724 INFO  storage.RaftLogWorker (RaftLogWorker.java:<init>(123)) - new 081ad964-3376-460f-bd95-735c4a840bc5-RaftLogWorker for Storage Directory /opt/src/hadoop-ozone/integration-test/target/test-dir/MiniOzoneClusterImpl-39435e09-9bd2-47ed-bc44-da526d475d5e/datanode-2/data/ratis/073bfb1d-1cc1-4e46-82f7-f96bd650f935
2019-06-13 23:41:01,724 INFO  server.RaftServerConfigKeys (ConfUtils.java:logGet(43)) - raft.server.log.queue.byte-limit = 2147483647 (custom)
2019-06-13 23:41:01,724 INFO  server.RaftServerConfigKeys (ConfUtils.java:logGet(43)) - raft.server.log.queue.element-limit = 1024 (custom)
2019-06-13 23:41:01,725 INFO  server.RaftServerConfigKeys (ConfUtils.java:logGet(43)) - raft.server.log.segment.size.max = 16384 (custom)
2019-06-13 23:41:01,725 INFO  server.RaftServerConfigKeys (ConfUtils.java:logGet(43)) - raft.server.log.preallocated.size = 16384 (custom)
2019-06-13 23:41:01,725 INFO  server.RaftServerConfigKeys (ConfUtils.java:logGet(43)) - raft.server.log.write.buffer.size = 33554432 (custom)
2019-06-13 23:41:01,725 INFO  server.RaftServerConfigKeys (ConfUtils.java:logGet(43)) - raft.server.log.force.sync.num = 128 (default)
2019-06-13 23:41:01,725 INFO  server.RaftServerConfigKeys (ConfUtils.java:logGet(43)) - raft.server.log.statemachine.data.sync = true (default)
2019-06-13 23:41:01,725 INFO  server.RaftServerConfigKeys (ConfUtils.java:logGet(43)) - raft.server.log.statemachine.data.sync.timeout = 10s (default)
2019-06-13 23:41:01,725 INFO  server.RaftServerConfigKeys (ConfUtils.java:logGet(43)) - raft.server.log.statemachine.data.sync.timeout.retry = -1 (default)
2019-06-13 23:41:01,725 INFO  server.RaftServerConfigKeys (ConfUtils.java:logGet(43)) - raft.server.log.statemachine.data.caching.enabled = true (custom)
2019-06-13 23:41:01,725 INFO  server.RaftServerConfigKeys (ConfUtils.java:logGet(43)) - raft.server.snapshot.auto.trigger.enabled = true (custom)
2019-06-13 23:41:01,726 INFO  server.RaftServerConfigKeys (ConfUtils.java:logGet(43)) - raft.server.snapshot.auto.trigger.threshold = 10000 (custom)
2019-06-13 23:41:01,726 INFO  server.RaftServerConfigKeys (ConfUtils.java:logGet(43)) - raft.server.retrycache.expirytime = 600000ms (custom)
2019-06-13 23:41:01,726 INFO  impl.RaftServerImpl (RaftServerImpl.java:start(173)) - 081ad964-3376-460f-bd95-735c4a840bc5: start group-F96BD650F935
2019-06-13 23:41:01,726 INFO  impl.RaftServerImpl (RaftServerImpl.java:setRole(164)) - 081ad964-3376-460f-bd95-735c4a840bc5:group-F96BD650F935 changes role from null to FOLLOWER at term 0 for startAsFollower
2019-06-13 23:41:01,726 INFO  impl.RoleInfo (RoleInfo.java:updateAndGet(143)) - 081ad964-3376-460f-bd95-735c4a840bc5: start FollowerState
2019-06-13 23:41:01,726 INFO  util.JmxRegister (JmxRegister.java:tryRegister(44)) - Successfully registered JMX Bean with object name Ratis:service=RaftServer,group=group-F96BD650F935,id=081ad964-3376-460f-bd95-735c4a840bc5
2019-06-13 23:41:01,728 INFO  pipeline.PipelineStateManager (PipelineStateManager.java:addPipeline(56)) - Created pipeline Pipeline[ Id: 073bfb1d-1cc1-4e46-82f7-f96bd650f935, Nodes: 081ad964-3376-460f-bd95-735c4a840bc5{ip: 192.168.105.138, host: ozone-g79bc-2755786375, networkLocation: /default-rack, certSerialId: null}, Type:RATIS, Factor:ONE, State:OPEN]
2019-06-13 23:41:01,743 INFO  impl.RaftServerProxy (RaftServerProxy.java:addNew(89)) - 22918fc1-5b1d-4bd8-8927-0ac0fde58b39: addNew group-DE815C153D36:[22918fc1-5b1d-4bd8-8927-0ac0fde58b39:192.168.105.138:37507, 081ad964-3376-460f-bd95-735c4a840bc5:192.168.105.138:36581, eec977c4-3ffc-4dd0-aac2-8f7a7c7db7cb:192.168.105.138:45737] returns group-DE815C153D36:java.util.concurrent.CompletableFuture@1ace1bd[Not completed]
2019-06-13 23:41:01,749 INFO  impl.RaftServerImpl (RaftServerImpl.java:<init>(91)) - 22918fc1-5b1d-4bd8-8927-0ac0fde58b39: new RaftServerImpl for group-DE815C153D36:[22918fc1-5b1d-4bd8-8927-0ac0fde58b39:192.168.105.138:37507, 081ad964-3376-460f-bd95-735c4a840bc5:192.168.105.138:36581, eec977c4-3ffc-4dd0-aac2-8f7a7c7db7cb:192.168.105.138:45737] with ContainerStateMachine:uninitialized
2019-06-13 23:41:01,749 INFO  server.RaftServerConfigKeys (ConfUtils.java:logGet(43)) - raft.server.rpc.timeout.min = 1s (custom)
2019-06-13 23:41:01,750 INFO  server.RaftServerConfigKeys (ConfUtils.java:logGet(43)) - raft.server.rpc.timeout.max = 1200ms (custom)
2019-06-13 23:41:01,750 INFO  server.RaftServerConfigKeys (ConfUtils.java:logGet(43)) - raft.server.rpcslowness.timeout = 120s (custom)
2019-06-13 23:41:01,751 INFO  impl.RaftServerProxy (RaftServerProxy.java:addNew(89)) - eec977c4-3ffc-4dd0-aac2-8f7a7c7db7cb: addNew group-DE815C153D36:[22918fc1-5b1d-4bd8-8927-0ac0fde58b39:192.168.105.138:37507, 081ad964-3376-460f-bd95-735c4a840bc5:192.168.105.138:36581, eec977c4-3ffc-4dd0-aac2-8f7a7c7db7cb:192.168.105.138:45737] returns group-DE815C153D36:java.util.concurrent.CompletableFuture@40e4273b[Not completed]
2019-06-13 23:41:01,751 INFO  server.RaftServerConfigKeys (ConfUtils.java:logGet(43)) - raft.server.log.appender.install.snapshot.enabled = true (default)
2019-06-13 23:41:01,751 INFO  impl.RaftServerImpl (ServerState.java:<init>(101)) - 22918fc1-5b1d-4bd8-8927-0ac0fde58b39:group-DE815C153D36 ConfigurationManager, init=-1: [22918fc1-5b1d-4bd8-8927-0ac0fde58b39:192.168.105.138:37507, 081ad964-3376-460f-bd95-735c4a840bc5:192.168.105.138:36581, eec977c4-3ffc-4dd0-aac2-8f7a7c7db7cb:192.168.105.138:45737], old=null, confs=<EMPTY_MAP>
2019-06-13 23:41:01,751 INFO  impl.RaftServerImpl (RaftServerImpl.java:<init>(91)) - eec977c4-3ffc-4dd0-aac2-8f7a7c7db7cb: new RaftServerImpl for group-DE815C153D36:[22918fc1-5b1d-4bd8-8927-0ac0fde58b39:192.168.105.138:37507, 081ad964-3376-460f-bd95-735c4a840bc5:192.168.105.138:36581, eec977c4-3ffc-4dd0-aac2-8f7a7c7db7cb:192.168.105.138:45737] with ContainerStateMachine:uninitialized
2019-06-13 23:41:01,751 INFO  server.RaftServerConfigKeys (ConfUtils.java:logGet(43)) - raft.server.storage.dir = [/opt/src/hadoop-ozone/integration-test/target/test-dir/MiniOzoneClusterImpl-39435e09-9bd2-47ed-bc44-da526d475d5e/datanode-1/data/ratis] (custom)
2019-06-13 23:41:01,751 INFO  server.RaftServerConfigKeys (ConfUtils.java:logGet(43)) - raft.server.rpc.timeout.min = 1s (custom)
2019-06-13 23:41:01,752 INFO  server.RaftServerConfigKeys (ConfUtils.java:logGet(43)) - raft.server.rpc.timeout.max = 1200ms (custom)
2019-06-13 23:41:01,752 INFO  storage.RaftStorageDirectory (RaftStorageDirectory.java:analyzeStorage(246)) - The storage directory /opt/src/hadoop-ozone/integration-test/target/test-dir/MiniOzoneClusterImpl-39435e09-9bd2-47ed-bc44-da526d475d5e/datanode-1/data/ratis/1954906f-aa49-43d8-9d79-de815c153d36 does not exist. Creating ...
2019-06-13 23:41:01,752 INFO  server.RaftServerConfigKeys (ConfUtils.java:logGet(43)) - raft.server.rpcslowness.timeout = 120s (custom)
2019-06-13 23:41:01,752 INFO  server.RaftServerConfigKeys (ConfUtils.java:logGet(43)) - raft.server.log.appender.install.snapshot.enabled = true (default)
2019-06-13 23:41:01,752 INFO  impl.RaftServerImpl (ServerState.java:<init>(101)) - eec977c4-3ffc-4dd0-aac2-8f7a7c7db7cb:group-DE815C153D36 ConfigurationManager, init=-1: [22918fc1-5b1d-4bd8-8927-0ac0fde58b39:192.168.105.138:37507, 081ad964-3376-460f-bd95-735c4a840bc5:192.168.105.138:36581, eec977c4-3ffc-4dd0-aac2-8f7a7c7db7cb:192.168.105.138:45737], old=null, confs=<EMPTY_MAP>
2019-06-13 23:41:01,752 INFO  server.RaftServerConfigKeys (ConfUtils.java:logGet(43)) - raft.server.storage.dir = [/opt/src/hadoop-ozone/integration-test/target/test-dir/MiniOzoneClusterImpl-39435e09-9bd2-47ed-bc44-da526d475d5e/datanode-0/data/ratis] (custom)
2019-06-13 23:41:01,752 INFO  storage.RaftStorageDirectory (RaftStorageDirectory.java:analyzeStorage(246)) - The storage directory /opt/src/hadoop-ozone/integration-test/target/test-dir/MiniOzoneClusterImpl-39435e09-9bd2-47ed-bc44-da526d475d5e/datanode-0/data/ratis/1954906f-aa49-43d8-9d79-de815c153d36 does not exist. Creating ...
2019-06-13 23:41:01,753 INFO  impl.RaftServerProxy (RaftServerProxy.java:addNew(89)) - 081ad964-3376-460f-bd95-735c4a840bc5: addNew group-DE815C153D36:[22918fc1-5b1d-4bd8-8927-0ac0fde58b39:192.168.105.138:37507, 081ad964-3376-460f-bd95-735c4a840bc5:192.168.105.138:36581, eec977c4-3ffc-4dd0-aac2-8f7a7c7db7cb:192.168.105.138:45737] returns group-DE815C153D36:java.util.concurrent.CompletableFuture@1ebd02e9[Not completed]
2019-06-13 23:41:01,754 INFO  impl.RaftServerImpl (RaftServerImpl.java:<init>(91)) - 081ad964-3376-460f-bd95-735c4a840bc5: new RaftServerImpl for group-DE815C153D36:[22918fc1-5b1d-4bd8-8927-0ac0fde58b39:192.168.105.138:37507, 081ad964-3376-460f-bd95-735c4a840bc5:192.168.105.138:36581, eec977c4-3ffc-4dd0-aac2-8f7a7c7db7cb:192.168.105.138:45737] with ContainerStateMachine:uninitialized
2019-06-13 23:41:01,754 INFO  server.RaftServerConfigKeys (ConfUtils.java:logGet(43)) - raft.server.rpc.timeout.min = 1s (custom)
2019-06-13 23:41:01,754 INFO  server.RaftServerConfigKeys (ConfUtils.java:logGet(43)) - raft.server.rpc.timeout.max = 1200ms (custom)
2019-06-13 23:41:01,754 INFO  server.RaftServerConfigKeys (ConfUtils.java:logGet(43)) - raft.server.rpcslowness.timeout = 120s (custom)
2019-06-13 23:41:01,754 INFO  server.RaftServerConfigKeys (ConfUtils.java:logGet(43)) - raft.server.log.appender.install.snapshot.enabled = true (default)
2019-06-13 23:41:01,754 INFO  impl.RaftServerImpl (ServerState.java:<init>(101)) - 081ad964-3376-460f-bd95-735c4a840bc5:group-DE815C153D36 ConfigurationManager, init=-1: [22918fc1-5b1d-4bd8-8927-0ac0fde58b39:192.168.105.138:37507, 081ad964-3376-460f-bd95-735c4a840bc5:192.168.105.138:36581, eec977c4-3ffc-4dd0-aac2-8f7a7c7db7cb:192.168.105.138:45737], old=null, confs=<EMPTY_MAP>
2019-06-13 23:41:01,754 INFO  server.RaftServerConfigKeys (ConfUtils.java:logGet(43)) - raft.server.storage.dir = [/opt/src/hadoop-ozone/integration-test/target/test-dir/MiniOzoneClusterImpl-39435e09-9bd2-47ed-bc44-da526d475d5e/datanode-2/data/ratis] (custom)
2019-06-13 23:41:01,754 INFO  storage.RaftStorageDirectory (RaftStorageDirectory.java:analyzeStorage(246)) - The storage directory /opt/src/hadoop-ozone/integration-test/target/test-dir/MiniOzoneClusterImpl-39435e09-9bd2-47ed-bc44-da526d475d5e/datanode-2/data/ratis/1954906f-aa49-43d8-9d79-de815c153d36 does not exist. Creating ...
2019-06-13 23:41:01,761 INFO  storage.RaftStorageDirectory (RaftStorageDirectory.java:tryLock(328)) - Lock on /opt/src/hadoop-ozone/integration-test/target/test-dir/MiniOzoneClusterImpl-39435e09-9bd2-47ed-bc44-da526d475d5e/datanode-2/data/ratis/1954906f-aa49-43d8-9d79-de815c153d36/in_use.lock acquired by nodename 18810@ozone-g79bc-2755786375
2019-06-13 23:41:01,761 INFO  storage.RaftStorageDirectory (RaftStorageDirectory.java:tryLock(328)) - Lock on /opt/src/hadoop-ozone/integration-test/target/test-dir/MiniOzoneClusterImpl-39435e09-9bd2-47ed-bc44-da526d475d5e/datanode-1/data/ratis/1954906f-aa49-43d8-9d79-de815c153d36/in_use.lock acquired by nodename 18810@ozone-g79bc-2755786375
2019-06-13 23:41:01,761 INFO  storage.RaftStorageDirectory (RaftStorageDirectory.java:tryLock(328)) - Lock on /opt/src/hadoop-ozone/integration-test/target/test-dir/MiniOzoneClusterImpl-39435e09-9bd2-47ed-bc44-da526d475d5e/datanode-0/data/ratis/1954906f-aa49-43d8-9d79-de815c153d36/in_use.lock acquired by nodename 18810@ozone-g79bc-2755786375
2019-06-13 23:41:01,780 INFO  storage.RaftStorage (RaftStorage.java:format(75)) - Storage directory /opt/src/hadoop-ozone/integration-test/target/test-dir/MiniOzoneClusterImpl-39435e09-9bd2-47ed-bc44-da526d475d5e/datanode-2/data/ratis/1954906f-aa49-43d8-9d79-de815c153d36 has been successfully formatted.
2019-06-13 23:41:01,780 INFO  storage.RaftStorage (RaftStorage.java:format(75)) - Storage directory /opt/src/hadoop-ozone/integration-test/target/test-dir/MiniOzoneClusterImpl-39435e09-9bd2-47ed-bc44-da526d475d5e/datanode-1/data/ratis/1954906f-aa49-43d8-9d79-de815c153d36 has been successfully formatted.
2019-06-13 23:41:01,780 INFO  ratis.ContainerStateMachine (ContainerStateMachine.java:loadSnapshot(199)) - The snapshot info is null.Setting the last applied index to:(t:0, i:~)
2019-06-13 23:41:01,780 INFO  ratis.ContainerStateMachine (ContainerStateMachine.java:loadSnapshot(199)) - The snapshot info is null.Setting the last applied index to:(t:0, i:~)
2019-06-13 23:41:01,780 INFO  storage.RaftStorage (RaftStorage.java:format(75)) - Storage directory /opt/src/hadoop-ozone/integration-test/target/test-dir/MiniOzoneClusterImpl-39435e09-9bd2-47ed-bc44-da526d475d5e/datanode-0/data/ratis/1954906f-aa49-43d8-9d79-de815c153d36 has been successfully formatted.
2019-06-13 23:41:01,780 INFO  server.RaftServerConfigKeys (ConfUtils.java:logGet(43)) - raft.server.leader.election.timeout = 120s (custom)
2019-06-13 23:41:01,780 INFO  server.RaftServerConfigKeys (ConfUtils.java:logGet(43)) - raft.server.leader.election.timeout = 120s (custom)
2019-06-13 23:41:01,780 INFO  server.RaftServerConfigKeys (ConfUtils.java:logGet(43)) - raft.server.log.use.memory = false (default)
2019-06-13 23:41:01,780 INFO  ratis.ContainerStateMachine (ContainerStateMachine.java:loadSnapshot(199)) - The snapshot info is null.Setting the last applied index to:(t:0, i:~)
2019-06-13 23:41:01,781 INFO  server.RaftServerConfigKeys (ConfUtils.java:logGet(43)) - raft.server.log.appender.buffer.byte-limit = 33554432 (custom)
2019-06-13 23:41:01,781 INFO  server.RaftServerConfigKeys (ConfUtils.java:logGet(43)) - raft.server.log.segment.size.max = 16384 (custom)
2019-06-13 23:41:01,781 INFO  server.RaftServerConfigKeys (ConfUtils.java:logGet(43)) - raft.server.log.segment.cache.num.max = 2 (custom)
2019-06-13 23:41:01,781 INFO  storage.RaftLogWorker (RaftLogWorker.java:<init>(123)) - new 22918fc1-5b1d-4bd8-8927-0ac0fde58b39-RaftLogWorker for Storage Directory /opt/src/hadoop-ozone/integration-test/target/test-dir/MiniOzoneClusterImpl-39435e09-9bd2-47ed-bc44-da526d475d5e/datanode-1/data/ratis/1954906f-aa49-43d8-9d79-de815c153d36
2019-06-13 23:41:01,781 INFO  server.RaftServerConfigKeys (ConfUtils.java:logGet(43)) - raft.server.log.queue.byte-limit = 2147483647 (custom)
2019-06-13 23:41:01,781 INFO  server.RaftServerConfigKeys (ConfUtils.java:logGet(43)) - raft.server.log.queue.element-limit = 1024 (custom)
2019-06-13 23:41:01,780 INFO  server.RaftServerConfigKeys (ConfUtils.java:logGet(43)) - raft.server.log.use.memory = false (default)
2019-06-13 23:41:01,781 INFO  server.RaftServerConfigKeys (ConfUtils.java:logGet(43)) - raft.server.log.segment.size.max = 16384 (custom)
2019-06-13 23:41:01,781 INFO  server.RaftServerConfigKeys (ConfUtils.java:logGet(43)) - raft.server.leader.election.timeout = 120s (custom)
2019-06-13 23:41:01,781 INFO  server.RaftServerConfigKeys (ConfUtils.java:logGet(43)) - raft.server.log.preallocated.size = 16384 (custom)
2019-06-13 23:41:01,781 INFO  server.RaftServerConfigKeys (ConfUtils.java:logGet(43)) - raft.server.log.appender.buffer.byte-limit = 33554432 (custom)
2019-06-13 23:41:01,782 INFO  server.RaftServerConfigKeys (ConfUtils.java:logGet(43)) - raft.server.log.write.buffer.size = 33554432 (custom)
2019-06-13 23:41:01,781 INFO  server.RaftServerConfigKeys (ConfUtils.java:logGet(43)) - raft.server.log.use.memory = false (default)
2019-06-13 23:41:01,782 INFO  server.RaftServerConfigKeys (ConfUtils.java:logGet(43)) - raft.server.log.force.sync.num = 128 (default)
2019-06-13 23:41:01,782 INFO  server.RaftServerConfigKeys (ConfUtils.java:logGet(43)) - raft.server.log.segment.size.max = 16384 (custom)
2019-06-13 23:41:01,782 INFO  server.RaftServerConfigKeys (ConfUtils.java:logGet(43)) - raft.server.log.statemachine.data.sync = true (default)
2019-06-13 23:41:01,782 INFO  server.RaftServerConfigKeys (ConfUtils.java:logGet(43)) - raft.server.log.appender.buffer.byte-limit = 33554432 (custom)
2019-06-13 23:41:01,782 INFO  server.RaftServerConfigKeys (ConfUtils.java:logGet(43)) - raft.server.log.statemachine.data.sync.timeout = 10s (default)
2019-06-13 23:41:01,782 INFO  server.RaftServerConfigKeys (ConfUtils.java:logGet(43)) - raft.server.log.segment.cache.num.max = 2 (custom)
2019-06-13 23:41:01,782 INFO  server.RaftServerConfigKeys (ConfUtils.java:logGet(43)) - raft.server.log.statemachine.data.sync.timeout.retry = -1 (default)
2019-06-13 23:41:01,782 INFO  server.RaftServerConfigKeys (ConfUtils.java:logGet(43)) - raft.server.log.segment.size.max = 16384 (custom)
2019-06-13 23:41:01,782 INFO  server.RaftServerConfigKeys (ConfUtils.java:logGet(43)) - raft.server.log.statemachine.data.caching.enabled = true (custom)
2019-06-13 23:41:01,782 INFO  storage.RaftLogWorker (RaftLogWorker.java:<init>(123)) - new 081ad964-3376-460f-bd95-735c4a840bc5-RaftLogWorker for Storage Directory /opt/src/hadoop-ozone/integration-test/target/test-dir/MiniOzoneClusterImpl-39435e09-9bd2-47ed-bc44-da526d475d5e/datanode-2/data/ratis/1954906f-aa49-43d8-9d79-de815c153d36
2019-06-13 23:41:01,783 INFO  server.RaftServerConfigKeys (ConfUtils.java:logGet(43)) - raft.server.log.queue.byte-limit = 2147483647 (custom)
2019-06-13 23:41:01,783 INFO  server.RaftServerConfigKeys (ConfUtils.java:logGet(43)) - raft.server.log.queue.element-limit = 1024 (custom)
2019-06-13 23:41:01,782 INFO  server.RaftServerConfigKeys (ConfUtils.java:logGet(43)) - raft.server.log.segment.cache.num.max = 2 (custom)
2019-06-13 23:41:01,784 INFO  server.RaftServerConfigKeys (ConfUtils.java:logGet(43)) - raft.server.log.segment.size.max = 16384 (custom)
2019-06-13 23:41:01,783 INFO  server.RaftServerConfigKeys (ConfUtils.java:logGet(43)) - raft.server.snapshot.auto.trigger.enabled = true (custom)
2019-06-13 23:41:01,784 INFO  server.RaftServerConfigKeys (ConfUtils.java:logGet(43)) - raft.server.log.preallocated.size = 16384 (custom)
2019-06-13 23:41:01,784 INFO  server.RaftServerConfigKeys (ConfUtils.java:logGet(43)) - raft.server.log.write.buffer.size = 33554432 (custom)
2019-06-13 23:41:01,784 INFO  storage.RaftLogWorker (RaftLogWorker.java:<init>(123)) - new eec977c4-3ffc-4dd0-aac2-8f7a7c7db7cb-RaftLogWorker for Storage Directory /opt/src/hadoop-ozone/integration-test/target/test-dir/MiniOzoneClusterImpl-39435e09-9bd2-47ed-bc44-da526d475d5e/datanode-0/data/ratis/1954906f-aa49-43d8-9d79-de815c153d36
2019-06-13 23:41:01,784 INFO  server.RaftServerConfigKeys (ConfUtils.java:logGet(43)) - raft.server.log.queue.byte-limit = 2147483647 (custom)
2019-06-13 23:41:01,784 INFO  server.RaftServerConfigKeys (ConfUtils.java:logGet(43)) - raft.server.log.queue.element-limit = 1024 (custom)
2019-06-13 23:41:01,784 INFO  server.RaftServerConfigKeys (ConfUtils.java:logGet(43)) - raft.server.log.segment.size.max = 16384 (custom)
2019-06-13 23:41:01,785 INFO  server.RaftServerConfigKeys (ConfUtils.java:logGet(43)) - raft.server.log.preallocated.size = 16384 (custom)
2019-06-13 23:41:01,785 INFO  server.RaftServerConfigKeys (ConfUtils.java:logGet(43)) - raft.server.log.write.buffer.size = 33554432 (custom)
2019-06-13 23:41:01,785 INFO  server.RaftServerConfigKeys (ConfUtils.java:logGet(43)) - raft.server.log.force.sync.num = 128 (default)
2019-06-13 23:41:01,785 INFO  server.RaftServerConfigKeys (ConfUtils.java:logGet(43)) - raft.server.log.statemachine.data.sync = true (default)
2019-06-13 23:41:01,785 INFO  server.RaftServerConfigKeys (ConfUtils.java:logGet(43)) - raft.server.log.statemachine.data.sync.timeout = 10s (default)
2019-06-13 23:41:01,785 INFO  server.RaftServerConfigKeys (ConfUtils.java:logGet(43)) - raft.server.log.statemachine.data.sync.timeout.retry = -1 (default)
2019-06-13 23:41:01,785 INFO  server.RaftServerConfigKeys (ConfUtils.java:logGet(43)) - raft.server.log.statemachine.data.caching.enabled = true (custom)
2019-06-13 23:41:01,784 INFO  server.RaftServerConfigKeys (ConfUtils.java:logGet(43)) - raft.server.log.force.sync.num = 128 (default)
2019-06-13 23:41:01,784 INFO  server.RaftServerConfigKeys (ConfUtils.java:logGet(43)) - raft.server.snapshot.auto.trigger.threshold = 10000 (custom)
2019-06-13 23:41:01,785 INFO  server.RaftServerConfigKeys (ConfUtils.java:logGet(43)) - raft.server.snapshot.auto.trigger.enabled = true (custom)
2019-06-13 23:41:01,785 INFO  server.RaftServerConfigKeys (ConfUtils.java:logGet(43)) - raft.server.log.statemachine.data.sync = true (default)
2019-06-13 23:41:01,786 INFO  server.RaftServerConfigKeys (ConfUtils.java:logGet(43)) - raft.server.retrycache.expirytime = 600000ms (custom)
2019-06-13 23:41:01,786 INFO  server.RaftServerConfigKeys (ConfUtils.java:logGet(43)) - raft.server.snapshot.auto.trigger.threshold = 10000 (custom)
2019-06-13 23:41:01,786 INFO  impl.RaftServerImpl (RaftServerImpl.java:start(173)) - 22918fc1-5b1d-4bd8-8927-0ac0fde58b39: start group-DE815C153D36
2019-06-13 23:41:01,786 INFO  server.RaftServerConfigKeys (ConfUtils.java:logGet(43)) - raft.server.log.statemachine.data.sync.timeout = 10s (default)
2019-06-13 23:41:01,786 INFO  impl.RaftServerImpl (RaftServerImpl.java:setRole(164)) - 22918fc1-5b1d-4bd8-8927-0ac0fde58b39:group-DE815C153D36 changes role from null to FOLLOWER at term 0 for startAsFollower
2019-06-13 23:41:01,786 INFO  server.RaftServerConfigKeys (ConfUtils.java:logGet(43)) - raft.server.retrycache.expirytime = 600000ms (custom)
2019-06-13 23:41:01,786 INFO  impl.RoleInfo (RoleInfo.java:updateAndGet(143)) - 22918fc1-5b1d-4bd8-8927-0ac0fde58b39: start FollowerState
2019-06-13 23:41:01,786 INFO  server.RaftServerConfigKeys (ConfUtils.java:logGet(43)) - raft.server.log.statemachine.data.sync.timeout.retry = -1 (default)
2019-06-13 23:41:01,786 INFO  server.RaftServerConfigKeys (ConfUtils.java:logGet(43)) - raft.server.log.statemachine.data.caching.enabled = true (custom)
2019-06-13 23:41:01,787 INFO  util.JmxRegister (JmxRegister.java:tryRegister(44)) - Successfully registered JMX Bean with object name Ratis:service=RaftServer,group=group-DE815C153D36,id=22918fc1-5b1d-4bd8-8927-0ac0fde58b39
2019-06-13 23:41:01,786 INFO  impl.RaftServerImpl (RaftServerImpl.java:start(173)) - eec977c4-3ffc-4dd0-aac2-8f7a7c7db7cb: start group-DE815C153D36
2019-06-13 23:41:01,787 INFO  server.RaftServerConfigKeys (ConfUtils.java:logGet(43)) - raft.server.snapshot.auto.trigger.enabled = true (custom)
2019-06-13 23:41:01,787 INFO  server.RaftServerConfigKeys (ConfUtils.java:logGet(43)) - raft.server.snapshot.auto.trigger.threshold = 10000 (custom)
2019-06-13 23:41:01,787 INFO  server.RaftServerConfigKeys (ConfUtils.java:logGet(43)) - raft.server.retrycache.expirytime = 600000ms (custom)
2019-06-13 23:41:01,787 INFO  impl.RaftServerImpl (RaftServerImpl.java:start(173)) - 081ad964-3376-460f-bd95-735c4a840bc5: start group-DE815C153D36
2019-06-13 23:41:01,787 INFO  impl.RaftServerImpl (RaftServerImpl.java:setRole(164)) - 081ad964-3376-460f-bd95-735c4a840bc5:group-DE815C153D36 changes role from null to FOLLOWER at term 0 for startAsFollower
2019-06-13 23:41:01,787 INFO  impl.RoleInfo (RoleInfo.java:updateAndGet(143)) - 081ad964-3376-460f-bd95-735c4a840bc5: start FollowerState
2019-06-13 23:41:01,787 INFO  impl.RaftServerImpl (RaftServerImpl.java:setRole(164)) - eec977c4-3ffc-4dd0-aac2-8f7a7c7db7cb:group-DE815C153D36 changes role from null to FOLLOWER at term 0 for startAsFollower
2019-06-13 23:41:01,788 INFO  util.JmxRegister (JmxRegister.java:tryRegister(44)) - Successfully registered JMX Bean with object name Ratis:service=RaftServer,group=group-DE815C153D36,id=081ad964-3376-460f-bd95-735c4a840bc5
2019-06-13 23:41:01,789 INFO  impl.RoleInfo (RoleInfo.java:updateAndGet(143)) - eec977c4-3ffc-4dd0-aac2-8f7a7c7db7cb: start FollowerState
2019-06-13 23:41:01,791 INFO  util.JmxRegister (JmxRegister.java:tryRegister(44)) - Successfully registered JMX Bean with object name Ratis:service=RaftServer,group=group-DE815C153D36,id=eec977c4-3ffc-4dd0-aac2-8f7a7c7db7cb
2019-06-13 23:41:01,792 INFO  pipeline.PipelineStateManager (PipelineStateManager.java:addPipeline(56)) - Created pipeline Pipeline[ Id: 1954906f-aa49-43d8-9d79-de815c153d36, Nodes: 22918fc1-5b1d-4bd8-8927-0ac0fde58b39{ip: 192.168.105.138, host: ozone-g79bc-2755786375, networkLocation: /default-rack, certSerialId: null}eec977c4-3ffc-4dd0-aac2-8f7a7c7db7cb{ip: 192.168.105.138, host: ozone-g79bc-2755786375, networkLocation: /default-rack, certSerialId: null}081ad964-3376-460f-bd95-735c4a840bc5{ip: 192.168.105.138, host: ozone-g79bc-2755786375, networkLocation: /default-rack, certSerialId: null}, Type:RATIS, Factor:THREE, State:OPEN]
2019-06-13 23:41:01,839 INFO  node.SCMNodeManager (SCMNodeManager.java:register(234)) - Registered Data node : f989c141-8cb8-4eea-8bf0-035b2f862262{ip: 192.168.105.138, host: ozone-g79bc-2755786375, networkLocation: /default-rack, certSerialId: null}
2019-06-13 23:41:01,846 INFO  impl.RaftServerProxy (RaftServerProxy.java:addNew(89)) - f989c141-8cb8-4eea-8bf0-035b2f862262: addNew group-D97787F72A5E:[f989c141-8cb8-4eea-8bf0-035b2f862262:192.168.105.138:38149] returns group-D97787F72A5E:java.util.concurrent.CompletableFuture@55fad60[Not completed]
2019-06-13 23:41:01,850 INFO  impl.RaftServerImpl (RaftServerImpl.java:<init>(91)) - f989c141-8cb8-4eea-8bf0-035b2f862262: new RaftServerImpl for group-D97787F72A5E:[f989c141-8cb8-4eea-8bf0-035b2f862262:192.168.105.138:38149] with ContainerStateMachine:uninitialized
2019-06-13 23:41:01,850 INFO  server.RaftServerConfigKeys (ConfUtils.java:logGet(43)) - raft.server.rpc.timeout.min = 1s (custom)
2019-06-13 23:41:01,850 INFO  server.RaftServerConfigKeys (ConfUtils.java:logGet(43)) - raft.server.rpc.timeout.max = 1200ms (custom)
2019-06-13 23:41:01,850 INFO  server.RaftServerConfigKeys (ConfUtils.java:logGet(43)) - raft.server.rpcslowness.timeout = 120s (custom)
2019-06-13 23:41:01,850 INFO  server.RaftServerConfigKeys (ConfUtils.java:logGet(43)) - raft.server.log.appender.install.snapshot.enabled = true (default)
2019-06-13 23:41:01,850 INFO  impl.RaftServerImpl (ServerState.java:<init>(101)) - f989c141-8cb8-4eea-8bf0-035b2f862262:group-D97787F72A5E ConfigurationManager, init=-1: [f989c141-8cb8-4eea-8bf0-035b2f862262:192.168.105.138:38149], old=null, confs=<EMPTY_MAP>
2019-06-13 23:41:01,850 INFO  server.RaftServerConfigKeys (ConfUtils.java:logGet(43)) - raft.server.storage.dir = [/opt/src/hadoop-ozone/integration-test/target/test-dir/MiniOzoneClusterImpl-39435e09-9bd2-47ed-bc44-da526d475d5e/datanode-3/data/ratis] (custom)
2019-06-13 23:41:01,850 INFO  storage.RaftStorageDirectory (RaftStorageDirectory.java:analyzeStorage(246)) - The storage directory /opt/src/hadoop-ozone/integration-test/target/test-dir/MiniOzoneClusterImpl-39435e09-9bd2-47ed-bc44-da526d475d5e/datanode-3/data/ratis/32da64ff-f233-4360-9f0a-d97787f72a5e does not exist. Creating ...
2019-06-13 23:41:01,864 INFO  storage.RaftStorageDirectory (RaftStorageDirectory.java:tryLock(328)) - Lock on /opt/src/hadoop-ozone/integration-test/target/test-dir/MiniOzoneClusterImpl-39435e09-9bd2-47ed-bc44-da526d475d5e/datanode-3/data/ratis/32da64ff-f233-4360-9f0a-d97787f72a5e/in_use.lock acquired by nodename 18810@ozone-g79bc-2755786375
2019-06-13 23:41:01,886 INFO  storage.RaftStorage (RaftStorage.java:format(75)) - Storage directory /opt/src/hadoop-ozone/integration-test/target/test-dir/MiniOzoneClusterImpl-39435e09-9bd2-47ed-bc44-da526d475d5e/datanode-3/data/ratis/32da64ff-f233-4360-9f0a-d97787f72a5e has been successfully formatted.
2019-06-13 23:41:01,886 INFO  ratis.ContainerStateMachine (ContainerStateMachine.java:loadSnapshot(199)) - The snapshot info is null.Setting the last applied index to:(t:0, i:~)
2019-06-13 23:41:01,886 INFO  server.RaftServerConfigKeys (ConfUtils.java:logGet(43)) - raft.server.leader.election.timeout = 120s (custom)
2019-06-13 23:41:01,886 INFO  server.RaftServerConfigKeys (ConfUtils.java:logGet(43)) - raft.server.log.use.memory = false (default)
2019-06-13 23:41:01,886 INFO  server.RaftServerConfigKeys (ConfUtils.java:logGet(43)) - raft.server.log.appender.buffer.byte-limit = 33554432 (custom)
2019-06-13 23:41:01,887 INFO  server.RaftServerConfigKeys (ConfUtils.java:logGet(43)) - raft.server.log.segment.size.max = 16384 (custom)
2019-06-13 23:41:01,887 INFO  server.RaftServerConfigKeys (ConfUtils.java:logGet(43)) - raft.server.log.segment.cache.num.max = 2 (custom)
2019-06-13 23:41:01,887 INFO  storage.RaftLogWorker (RaftLogWorker.java:<init>(123)) - new f989c141-8cb8-4eea-8bf0-035b2f862262-RaftLogWorker for Storage Directory /opt/src/hadoop-ozone/integration-test/target/test-dir/MiniOzoneClusterImpl-39435e09-9bd2-47ed-bc44-da526d475d5e/datanode-3/data/ratis/32da64ff-f233-4360-9f0a-d97787f72a5e
2019-06-13 23:41:01,887 INFO  server.RaftServerConfigKeys (ConfUtils.java:logGet(43)) - raft.server.log.queue.byte-limit = 2147483647 (custom)
2019-06-13 23:41:01,887 INFO  server.RaftServerConfigKeys (ConfUtils.java:logGet(43)) - raft.server.log.queue.element-limit = 1024 (custom)
2019-06-13 23:41:01,887 INFO  server.RaftServerConfigKeys (ConfUtils.java:logGet(43)) - raft.server.log.segment.size.max = 16384 (custom)
2019-06-13 23:41:01,887 INFO  server.RaftServerConfigKeys (ConfUtils.java:logGet(43)) - raft.server.log.preallocated.size = 16384 (custom)
2019-06-13 23:41:01,887 INFO  server.RaftServerConfigKeys (ConfUtils.java:logGet(43)) - raft.server.log.write.buffer.size = 33554432 (custom)
2019-06-13 23:41:01,887 INFO  server.RaftServerConfigKeys (ConfUtils.java:logGet(43)) - raft.server.log.force.sync.num = 128 (default)
2019-06-13 23:41:01,887 INFO  server.RaftServerConfigKeys (ConfUtils.java:logGet(43)) - raft.server.log.statemachine.data.sync = true (default)
2019-06-13 23:41:01,887 INFO  server.RaftServerConfigKeys (ConfUtils.java:logGet(43)) - raft.server.log.statemachine.data.sync.timeout = 10s (default)
2019-06-13 23:41:01,887 INFO  server.RaftServerConfigKeys (ConfUtils.java:logGet(43)) - raft.server.log.statemachine.data.sync.timeout.retry = -1 (default)
2019-06-13 23:41:01,888 INFO  server.RaftServerConfigKeys (ConfUtils.java:logGet(43)) - raft.server.log.statemachine.data.caching.enabled = true (custom)
2019-06-13 23:41:01,888 INFO  server.RaftServerConfigKeys (ConfUtils.java:logGet(43)) - raft.server.snapshot.auto.trigger.enabled = true (custom)
2019-06-13 23:41:01,888 INFO  server.RaftServerConfigKeys (ConfUtils.java:logGet(43)) - raft.server.snapshot.auto.trigger.threshold = 10000 (custom)
2019-06-13 23:41:01,888 INFO  server.RaftServerConfigKeys (ConfUtils.java:logGet(43)) - raft.server.retrycache.expirytime = 600000ms (custom)
2019-06-13 23:41:01,888 INFO  impl.RaftServerImpl (RaftServerImpl.java:start(173)) - f989c141-8cb8-4eea-8bf0-035b2f862262: start group-D97787F72A5E
2019-06-13 23:41:01,888 INFO  impl.RaftServerImpl (RaftServerImpl.java:setRole(164)) - f989c141-8cb8-4eea-8bf0-035b2f862262:group-D97787F72A5E changes role from null to FOLLOWER at term 0 for startAsFollower
2019-06-13 23:41:01,888 INFO  impl.RoleInfo (RoleInfo.java:updateAndGet(143)) - f989c141-8cb8-4eea-8bf0-035b2f862262: start FollowerState
2019-06-13 23:41:01,889 INFO  util.JmxRegister (JmxRegister.java:tryRegister(44)) - Successfully registered JMX Bean with object name Ratis:service=RaftServer,group=group-D97787F72A5E,id=f989c141-8cb8-4eea-8bf0-035b2f862262
2019-06-13 23:41:01,890 INFO  pipeline.PipelineStateManager (PipelineStateManager.java:addPipeline(56)) - Created pipeline Pipeline[ Id: 32da64ff-f233-4360-9f0a-d97787f72a5e, Nodes: f989c141-8cb8-4eea-8bf0-035b2f862262{ip: 192.168.105.138, host: ozone-g79bc-2755786375, networkLocation: /default-rack, certSerialId: null}, Type:RATIS, Factor:ONE, State:OPEN]
2019-06-13 23:41:01,968 WARN  server.GrpcLogAppender (LogUtils.java:warn(134)) - cb89d4f8-1878-4ef8-9b04-c29334c05cac: Failed appendEntries to 1ea106d7-9b98-4cee-8ff6-7d75b64b893d:192.168.105.138:45495: org.apache.ratis.thirdparty.io.grpc.StatusRuntimeException: UNAVAILABLE: io exception
2019-06-13 23:41:01,968 INFO  impl.FollowerInfo (FollowerInfo.java:lambda$new$0(50)) - cb89d4f8-1878-4ef8-9b04-c29334c05cac->1ea106d7-9b98-4cee-8ff6-7d75b64b893d: nextIndex: updateUnconditionally 0 -> 0
2019-06-13 23:41:01,984 INFO  node.SCMNodeManager (SCMNodeManager.java:register(234)) - Registered Data node : ccc374d2-2ea2-4ad0-b5ff-cc678d2ac5d1{ip: 192.168.105.138, host: ozone-g79bc-2755786375, networkLocation: /default-rack, certSerialId: null}
2019-06-13 23:41:01,987 WARN  server.GrpcLogAppender (LogUtils.java:warn(134)) - cb89d4f8-1878-4ef8-9b04-c29334c05cac: Failed appendEntries to 47bcbdc1-c7e9-4920-9a84-4aada272adfe:192.168.105.138:33305: org.apache.ratis.thirdparty.io.grpc.StatusRuntimeException: UNAVAILABLE: io exception
2019-06-13 23:41:01,987 INFO  impl.FollowerInfo (FollowerInfo.java:lambda$new$0(50)) - cb89d4f8-1878-4ef8-9b04-c29334c05cac->47bcbdc1-c7e9-4920-9a84-4aada272adfe: nextIndex: updateUnconditionally 0 -> 0
2019-06-13 23:41:01,992 INFO  impl.RaftServerProxy (RaftServerProxy.java:addNew(89)) - ccc374d2-2ea2-4ad0-b5ff-cc678d2ac5d1: addNew group-AE472425767C:[ccc374d2-2ea2-4ad0-b5ff-cc678d2ac5d1:192.168.105.138:41779] returns group-AE472425767C:java.util.concurrent.CompletableFuture@1a751c29[Not completed]
2019-06-13 23:41:01,993 INFO  impl.RaftServerImpl (RaftServerImpl.java:<init>(91)) - ccc374d2-2ea2-4ad0-b5ff-cc678d2ac5d1: new RaftServerImpl for group-AE472425767C:[ccc374d2-2ea2-4ad0-b5ff-cc678d2ac5d1:192.168.105.138:41779] with ContainerStateMachine:uninitialized
2019-06-13 23:41:01,993 INFO  server.RaftServerConfigKeys (ConfUtils.java:logGet(43)) - raft.server.rpc.timeout.min = 1s (custom)
2019-06-13 23:41:01,993 INFO  server.RaftServerConfigKeys (ConfUtils.java:logGet(43)) - raft.server.rpc.timeout.max = 1200ms (custom)
2019-06-13 23:41:01,993 INFO  server.RaftServerConfigKeys (ConfUtils.java:logGet(43)) - raft.server.rpcslowness.timeout = 120s (custom)
2019-06-13 23:41:01,993 INFO  server.RaftServerConfigKeys (ConfUtils.java:logGet(43)) - raft.server.log.appender.install.snapshot.enabled = true (default)
2019-06-13 23:41:01,994 INFO  impl.RaftServerImpl (ServerState.java:<init>(101)) - ccc374d2-2ea2-4ad0-b5ff-cc678d2ac5d1:group-AE472425767C ConfigurationManager, init=-1: [ccc374d2-2ea2-4ad0-b5ff-cc678d2ac5d1:192.168.105.138:41779], old=null, confs=<EMPTY_MAP>
2019-06-13 23:41:01,994 INFO  server.RaftServerConfigKeys (ConfUtils.java:logGet(43)) - raft.server.storage.dir = [/opt/src/hadoop-ozone/integration-test/target/test-dir/MiniOzoneClusterImpl-39435e09-9bd2-47ed-bc44-da526d475d5e/datanode-4/data/ratis] (custom)
2019-06-13 23:41:01,994 INFO  storage.RaftStorageDirectory (RaftStorageDirectory.java:analyzeStorage(246)) - The storage directory /opt/src/hadoop-ozone/integration-test/target/test-dir/MiniOzoneClusterImpl-39435e09-9bd2-47ed-bc44-da526d475d5e/datanode-4/data/ratis/c1ee31cf-489b-4efd-b3f2-ae472425767c does not exist. Creating ...
2019-06-13 23:41:02,113 INFO  storage.RaftStorageDirectory (RaftStorageDirectory.java:tryLock(328)) - Lock on /opt/src/hadoop-ozone/integration-test/target/test-dir/MiniOzoneClusterImpl-39435e09-9bd2-47ed-bc44-da526d475d5e/datanode-4/data/ratis/c1ee31cf-489b-4efd-b3f2-ae472425767c/in_use.lock acquired by nodename 18810@ozone-g79bc-2755786375
2019-06-13 23:41:02,130 INFO  storage.RaftStorage (RaftStorage.java:format(75)) - Storage directory /opt/src/hadoop-ozone/integration-test/target/test-dir/MiniOzoneClusterImpl-39435e09-9bd2-47ed-bc44-da526d475d5e/datanode-4/data/ratis/c1ee31cf-489b-4efd-b3f2-ae472425767c has been successfully formatted.
2019-06-13 23:41:02,130 INFO  ratis.ContainerStateMachine (ContainerStateMachine.java:loadSnapshot(199)) - The snapshot info is null.Setting the last applied index to:(t:0, i:~)
2019-06-13 23:41:02,130 INFO  server.RaftServerConfigKeys (ConfUtils.java:logGet(43)) - raft.server.leader.election.timeout = 120s (custom)
2019-06-13 23:41:02,130 INFO  server.RaftServerConfigKeys (ConfUtils.java:logGet(43)) - raft.server.log.use.memory = false (default)
2019-06-13 23:41:02,130 INFO  server.RaftServerConfigKeys (ConfUtils.java:logGet(43)) - raft.server.log.appender.buffer.byte-limit = 33554432 (custom)
2019-06-13 23:41:02,131 INFO  server.RaftServerConfigKeys (ConfUtils.java:logGet(43)) - raft.server.log.segment.size.max = 16384 (custom)
2019-06-13 23:41:02,131 INFO  server.RaftServerConfigKeys (ConfUtils.java:logGet(43)) - raft.server.log.segment.cache.num.max = 2 (custom)
2019-06-13 23:41:02,131 INFO  storage.RaftLogWorker (RaftLogWorker.java:<init>(123)) - new ccc374d2-2ea2-4ad0-b5ff-cc678d2ac5d1-RaftLogWorker for Storage Directory /opt/src/hadoop-ozone/integration-test/target/test-dir/MiniOzoneClusterImpl-39435e09-9bd2-47ed-bc44-da526d475d5e/datanode-4/data/ratis/c1ee31cf-489b-4efd-b3f2-ae472425767c
2019-06-13 23:41:02,131 INFO  server.RaftServerConfigKeys (ConfUtils.java:logGet(43)) - raft.server.log.queue.byte-limit = 2147483647 (custom)
2019-06-13 23:41:02,131 INFO  server.RaftServerConfigKeys (ConfUtils.java:logGet(43)) - raft.server.log.queue.element-limit = 1024 (custom)
2019-06-13 23:41:02,131 INFO  server.RaftServerConfigKeys (ConfUtils.java:logGet(43)) - raft.server.log.segment.size.max = 16384 (custom)
2019-06-13 23:41:02,131 INFO  server.RaftServerConfigKeys (ConfUtils.java:logGet(43)) - raft.server.log.preallocated.size = 16384 (custom)
2019-06-13 23:41:02,131 INFO  server.RaftServerConfigKeys (ConfUtils.java:logGet(43)) - raft.server.log.write.buffer.size = 33554432 (custom)
2019-06-13 23:41:02,131 INFO  server.RaftServerConfigKeys (ConfUtils.java:logGet(43)) - raft.server.log.force.sync.num = 128 (default)
2019-06-13 23:41:02,131 INFO  server.RaftServerConfigKeys (ConfUtils.java:logGet(43)) - raft.server.log.statemachine.data.sync = true (default)
2019-06-13 23:41:02,131 INFO  server.RaftServerConfigKeys (ConfUtils.java:logGet(43)) - raft.server.log.statemachine.data.sync.timeout = 10s (default)
2019-06-13 23:41:02,131 INFO  server.RaftServerConfigKeys (ConfUtils.java:logGet(43)) - raft.server.log.statemachine.data.sync.timeout.retry = -1 (default)
2019-06-13 23:41:02,131 INFO  server.RaftServerConfigKeys (ConfUtils.java:logGet(43)) - raft.server.log.statemachine.data.caching.enabled = true (custom)
2019-06-13 23:41:02,132 INFO  server.RaftServerConfigKeys (ConfUtils.java:logGet(43)) - raft.server.snapshot.auto.trigger.enabled = true (custom)
2019-06-13 23:41:02,132 INFO  server.RaftServerConfigKeys (ConfUtils.java:logGet(43)) - raft.server.snapshot.auto.trigger.threshold = 10000 (custom)
2019-06-13 23:41:02,132 INFO  server.RaftServerConfigKeys (ConfUtils.java:logGet(43)) - raft.server.retrycache.expirytime = 600000ms (custom)
2019-06-13 23:41:02,132 INFO  impl.RaftServerImpl (RaftServerImpl.java:start(173)) - ccc374d2-2ea2-4ad0-b5ff-cc678d2ac5d1: start group-AE472425767C
2019-06-13 23:41:02,132 INFO  impl.RaftServerImpl (RaftServerImpl.java:setRole(164)) - ccc374d2-2ea2-4ad0-b5ff-cc678d2ac5d1:group-AE472425767C changes role from null to FOLLOWER at term 0 for startAsFollower
2019-06-13 23:41:02,132 INFO  impl.RoleInfo (RoleInfo.java:updateAndGet(143)) - ccc374d2-2ea2-4ad0-b5ff-cc678d2ac5d1: start FollowerState
2019-06-13 23:41:02,132 INFO  util.JmxRegister (JmxRegister.java:tryRegister(44)) - Successfully registered JMX Bean with object name Ratis:service=RaftServer,group=group-AE472425767C,id=ccc374d2-2ea2-4ad0-b5ff-cc678d2ac5d1
2019-06-13 23:41:02,134 INFO  pipeline.PipelineStateManager (PipelineStateManager.java:addPipeline(56)) - Created pipeline Pipeline[ Id: c1ee31cf-489b-4efd-b3f2-ae472425767c, Nodes: ccc374d2-2ea2-4ad0-b5ff-cc678d2ac5d1{ip: 192.168.105.138, host: ozone-g79bc-2755786375, networkLocation: /default-rack, certSerialId: null}, Type:RATIS, Factor:ONE, State:OPEN]
2019-06-13 23:41:02,172 INFO  node.SCMNodeManager (SCMNodeManager.java:register(234)) - Registered Data node : 0ec5173b-ef5d-473b-afb6-d56f2902e44d{ip: 192.168.105.138, host: ozone-g79bc-2755786375, networkLocation: /default-rack, certSerialId: null}
2019-06-13 23:41:02,186 INFO  impl.RaftServerProxy (RaftServerProxy.java:addNew(89)) - 0ec5173b-ef5d-473b-afb6-d56f2902e44d: addNew group-5B7E2755549A:[0ec5173b-ef5d-473b-afb6-d56f2902e44d:192.168.105.138:46315] returns group-5B7E2755549A:java.util.concurrent.CompletableFuture@42272346[Not completed]
2019-06-13 23:41:02,186 INFO  impl.RaftServerImpl (RaftServerImpl.java:<init>(91)) - 0ec5173b-ef5d-473b-afb6-d56f2902e44d: new RaftServerImpl for group-5B7E2755549A:[0ec5173b-ef5d-473b-afb6-d56f2902e44d:192.168.105.138:46315] with ContainerStateMachine:uninitialized
2019-06-13 23:41:02,186 INFO  server.RaftServerConfigKeys (ConfUtils.java:logGet(43)) - raft.server.rpc.timeout.min = 1s (custom)
2019-06-13 23:41:02,186 INFO  server.RaftServerConfigKeys (ConfUtils.java:logGet(43)) - raft.server.rpc.timeout.max = 1200ms (custom)
2019-06-13 23:41:02,186 INFO  server.RaftServerConfigKeys (ConfUtils.java:logGet(43)) - raft.server.rpcslowness.timeout = 120s (custom)
2019-06-13 23:41:02,186 INFO  server.RaftServerConfigKeys (ConfUtils.java:logGet(43)) - raft.server.log.appender.install.snapshot.enabled = true (default)
2019-06-13 23:41:02,186 INFO  impl.RaftServerImpl (ServerState.java:<init>(101)) - 0ec5173b-ef5d-473b-afb6-d56f2902e44d:group-5B7E2755549A ConfigurationManager, init=-1: [0ec5173b-ef5d-473b-afb6-d56f2902e44d:192.168.105.138:46315], old=null, confs=<EMPTY_MAP>
2019-06-13 23:41:02,187 INFO  server.RaftServerConfigKeys (ConfUtils.java:logGet(43)) - raft.server.storage.dir = [/opt/src/hadoop-ozone/integration-test/target/test-dir/MiniOzoneClusterImpl-39435e09-9bd2-47ed-bc44-da526d475d5e/datanode-5/data/ratis] (custom)
2019-06-13 23:41:02,187 INFO  storage.RaftStorageDirectory (RaftStorageDirectory.java:analyzeStorage(246)) - The storage directory /opt/src/hadoop-ozone/integration-test/target/test-dir/MiniOzoneClusterImpl-39435e09-9bd2-47ed-bc44-da526d475d5e/datanode-5/data/ratis/05efd13f-dbb5-452b-9f50-5b7e2755549a does not exist. Creating ...
2019-06-13 23:41:02,189 INFO  storage.RaftStorageDirectory (RaftStorageDirectory.java:tryLock(328)) - Lock on /opt/src/hadoop-ozone/integration-test/target/test-dir/MiniOzoneClusterImpl-39435e09-9bd2-47ed-bc44-da526d475d5e/datanode-5/data/ratis/05efd13f-dbb5-452b-9f50-5b7e2755549a/in_use.lock acquired by nodename 18810@ozone-g79bc-2755786375
2019-06-13 23:41:02,193 INFO  storage.RaftStorage (RaftStorage.java:format(75)) - Storage directory /opt/src/hadoop-ozone/integration-test/target/test-dir/MiniOzoneClusterImpl-39435e09-9bd2-47ed-bc44-da526d475d5e/datanode-5/data/ratis/05efd13f-dbb5-452b-9f50-5b7e2755549a has been successfully formatted.
2019-06-13 23:41:02,193 INFO  ratis.ContainerStateMachine (ContainerStateMachine.java:loadSnapshot(199)) - The snapshot info is null.Setting the last applied index to:(t:0, i:~)
2019-06-13 23:41:02,193 INFO  server.RaftServerConfigKeys (ConfUtils.java:logGet(43)) - raft.server.leader.election.timeout = 120s (custom)
2019-06-13 23:41:02,194 INFO  server.RaftServerConfigKeys (ConfUtils.java:logGet(43)) - raft.server.log.use.memory = false (default)
2019-06-13 23:41:02,194 INFO  server.RaftServerConfigKeys (ConfUtils.java:logGet(43)) - raft.server.log.appender.buffer.byte-limit = 33554432 (custom)
2019-06-13 23:41:02,194 INFO  server.RaftServerConfigKeys (ConfUtils.java:logGet(43)) - raft.server.log.segment.size.max = 16384 (custom)
2019-06-13 23:41:02,194 INFO  server.RaftServerConfigKeys (ConfUtils.java:logGet(43)) - raft.server.log.segment.cache.num.max = 2 (custom)
2019-06-13 23:41:02,194 INFO  storage.RaftLogWorker (RaftLogWorker.java:<init>(123)) - new 0ec5173b-ef5d-473b-afb6-d56f2902e44d-RaftLogWorker for Storage Directory /opt/src/hadoop-ozone/integration-test/target/test-dir/MiniOzoneClusterImpl-39435e09-9bd2-47ed-bc44-da526d475d5e/datanode-5/data/ratis/05efd13f-dbb5-452b-9f50-5b7e2755549a
2019-06-13 23:41:02,194 INFO  server.RaftServerConfigKeys (ConfUtils.java:logGet(43)) - raft.server.log.queue.byte-limit = 2147483647 (custom)
2019-06-13 23:41:02,194 INFO  server.RaftServerConfigKeys (ConfUtils.java:logGet(43)) - raft.server.log.queue.element-limit = 1024 (custom)
2019-06-13 23:41:02,194 INFO  server.RaftServerConfigKeys (ConfUtils.java:logGet(43)) - raft.server.log.segment.size.max = 16384 (custom)
2019-06-13 23:41:02,194 INFO  server.RaftServerConfigKeys (ConfUtils.java:logGet(43)) - raft.server.log.preallocated.size = 16384 (custom)
2019-06-13 23:41:02,194 INFO  server.RaftServerConfigKeys (ConfUtils.java:logGet(43)) - raft.server.log.write.buffer.size = 33554432 (custom)
2019-06-13 23:41:02,194 INFO  server.RaftServerConfigKeys (ConfUtils.java:logGet(43)) - raft.server.log.force.sync.num = 128 (default)
2019-06-13 23:41:02,195 INFO  server.RaftServerConfigKeys (ConfUtils.java:logGet(43)) - raft.server.log.statemachine.data.sync = true (default)
2019-06-13 23:41:02,195 INFO  server.RaftServerConfigKeys (ConfUtils.java:logGet(43)) - raft.server.log.statemachine.data.sync.timeout = 10s (default)
2019-06-13 23:41:02,195 INFO  server.RaftServerConfigKeys (ConfUtils.java:logGet(43)) - raft.server.log.statemachine.data.sync.timeout.retry = -1 (default)
2019-06-13 23:41:02,195 INFO  server.RaftServerConfigKeys (ConfUtils.java:logGet(43)) - raft.server.log.statemachine.data.caching.enabled = true (custom)
2019-06-13 23:41:02,195 INFO  server.RaftServerConfigKeys (ConfUtils.java:logGet(43)) - raft.server.snapshot.auto.trigger.enabled = true (custom)
2019-06-13 23:41:02,195 INFO  server.RaftServerConfigKeys (ConfUtils.java:logGet(43)) - raft.server.snapshot.auto.trigger.threshold = 10000 (custom)
2019-06-13 23:41:02,195 INFO  server.RaftServerConfigKeys (ConfUtils.java:logGet(43)) - raft.server.retrycache.expirytime = 600000ms (custom)
2019-06-13 23:41:02,196 INFO  impl.RaftServerImpl (RaftServerImpl.java:start(173)) - 0ec5173b-ef5d-473b-afb6-d56f2902e44d: start group-5B7E2755549A
2019-06-13 23:41:02,196 INFO  impl.RaftServerImpl (RaftServerImpl.java:setRole(164)) - 0ec5173b-ef5d-473b-afb6-d56f2902e44d:group-5B7E2755549A changes role from null to FOLLOWER at term 0 for startAsFollower
2019-06-13 23:41:02,196 INFO  impl.RoleInfo (RoleInfo.java:updateAndGet(143)) - 0ec5173b-ef5d-473b-afb6-d56f2902e44d: start FollowerState
2019-06-13 23:41:02,196 INFO  util.JmxRegister (JmxRegister.java:tryRegister(44)) - Successfully registered JMX Bean with object name Ratis:service=RaftServer,group=group-5B7E2755549A,id=0ec5173b-ef5d-473b-afb6-d56f2902e44d
2019-06-13 23:41:02,198 INFO  pipeline.PipelineStateManager (PipelineStateManager.java:addPipeline(56)) - Created pipeline Pipeline[ Id: 05efd13f-dbb5-452b-9f50-5b7e2755549a, Nodes: 0ec5173b-ef5d-473b-afb6-d56f2902e44d{ip: 192.168.105.138, host: ozone-g79bc-2755786375, networkLocation: /default-rack, certSerialId: null}, Type:RATIS, Factor:ONE, State:OPEN]
2019-06-13 23:41:02,216 INFO  impl.RaftServerProxy (RaftServerProxy.java:addNew(89)) - ccc374d2-2ea2-4ad0-b5ff-cc678d2ac5d1: addNew group-280D45797B4A:[ccc374d2-2ea2-4ad0-b5ff-cc678d2ac5d1:192.168.105.138:41779, 0ec5173b-ef5d-473b-afb6-d56f2902e44d:192.168.105.138:46315, f989c141-8cb8-4eea-8bf0-035b2f862262:192.168.105.138:38149] returns group-280D45797B4A:java.util.concurrent.CompletableFuture@70dc7d62[Not completed]
2019-06-13 23:41:02,216 INFO  impl.RaftServerProxy (RaftServerProxy.java:addNew(89)) - f989c141-8cb8-4eea-8bf0-035b2f862262: addNew group-280D45797B4A:[ccc374d2-2ea2-4ad0-b5ff-cc678d2ac5d1:192.168.105.138:41779, 0ec5173b-ef5d-473b-afb6-d56f2902e44d:192.168.105.138:46315, f989c141-8cb8-4eea-8bf0-035b2f862262:192.168.105.138:38149] returns group-280D45797B4A:java.util.concurrent.CompletableFuture@a4e913b[Not completed]
2019-06-13 23:41:02,220 INFO  impl.RaftServerProxy (RaftServerProxy.java:addNew(89)) - 0ec5173b-ef5d-473b-afb6-d56f2902e44d: addNew group-280D45797B4A:[ccc374d2-2ea2-4ad0-b5ff-cc678d2ac5d1:192.168.105.138:41779, 0ec5173b-ef5d-473b-afb6-d56f2902e44d:192.168.105.138:46315, f989c141-8cb8-4eea-8bf0-035b2f862262:192.168.105.138:38149] returns group-280D45797B4A:java.util.concurrent.CompletableFuture@5e56334d[Not completed]
2019-06-13 23:41:02,220 INFO  impl.RaftServerImpl (RaftServerImpl.java:<init>(91)) - ccc374d2-2ea2-4ad0-b5ff-cc678d2ac5d1: new RaftServerImpl for group-280D45797B4A:[ccc374d2-2ea2-4ad0-b5ff-cc678d2ac5d1:192.168.105.138:41779, 0ec5173b-ef5d-473b-afb6-d56f2902e44d:192.168.105.138:46315, f989c141-8cb8-4eea-8bf0-035b2f862262:192.168.105.138:38149] with ContainerStateMachine:uninitialized
2019-06-13 23:41:02,220 INFO  server.RaftServerConfigKeys (ConfUtils.java:logGet(43)) - raft.server.rpc.timeout.min = 1s (custom)
2019-06-13 23:41:02,220 INFO  impl.RaftServerImpl (RaftServerImpl.java:<init>(91)) - 0ec5173b-ef5d-473b-afb6-d56f2902e44d: new RaftServerImpl for group-280D45797B4A:[ccc374d2-2ea2-4ad0-b5ff-cc678d2ac5d1:192.168.105.138:41779, 0ec5173b-ef5d-473b-afb6-d56f2902e44d:192.168.105.138:46315, f989c141-8cb8-4eea-8bf0-035b2f862262:192.168.105.138:38149] with ContainerStateMachine:uninitialized
2019-06-13 23:41:02,220 INFO  server.RaftServerConfigKeys (ConfUtils.java:logGet(43)) - raft.server.rpc.timeout.max = 1200ms (custom)
2019-06-13 23:41:02,220 INFO  server.RaftServerConfigKeys (ConfUtils.java:logGet(43)) - raft.server.rpc.timeout.min = 1s (custom)
2019-06-13 23:41:02,220 INFO  server.RaftServerConfigKeys (ConfUtils.java:logGet(43)) - raft.server.rpcslowness.timeout = 120s (custom)
2019-06-13 23:41:02,220 INFO  impl.RaftServerImpl (RaftServerImpl.java:<init>(91)) - f989c141-8cb8-4eea-8bf0-035b2f862262: new RaftServerImpl for group-280D45797B4A:[ccc374d2-2ea2-4ad0-b5ff-cc678d2ac5d1:192.168.105.138:41779, 0ec5173b-ef5d-473b-afb6-d56f2902e44d:192.168.105.138:46315, f989c141-8cb8-4eea-8bf0-035b2f862262:192.168.105.138:38149] with ContainerStateMachine:uninitialized
2019-06-13 23:41:02,220 INFO  server.RaftServerConfigKeys (ConfUtils.java:logGet(43)) - raft.server.log.appender.install.snapshot.enabled = true (default)
2019-06-13 23:41:02,221 INFO  impl.RaftServerImpl (ServerState.java:<init>(101)) - ccc374d2-2ea2-4ad0-b5ff-cc678d2ac5d1:group-280D45797B4A ConfigurationManager, init=-1: [ccc374d2-2ea2-4ad0-b5ff-cc678d2ac5d1:192.168.105.138:41779, 0ec5173b-ef5d-473b-afb6-d56f2902e44d:192.168.105.138:46315, f989c141-8cb8-4eea-8bf0-035b2f862262:192.168.105.138:38149], old=null, confs=<EMPTY_MAP>
2019-06-13 23:41:02,221 INFO  server.RaftServerConfigKeys (ConfUtils.java:logGet(43)) - raft.server.storage.dir = [/opt/src/hadoop-ozone/integration-test/target/test-dir/MiniOzoneClusterImpl-39435e09-9bd2-47ed-bc44-da526d475d5e/datanode-4/data/ratis] (custom)
2019-06-13 23:41:02,221 INFO  storage.RaftStorageDirectory (RaftStorageDirectory.java:analyzeStorage(246)) - The storage directory /opt/src/hadoop-ozone/integration-test/target/test-dir/MiniOzoneClusterImpl-39435e09-9bd2-47ed-bc44-da526d475d5e/datanode-4/data/ratis/15adad86-5202-4d6f-8a42-280d45797b4a does not exist. Creating ...
2019-06-13 23:41:02,220 INFO  server.RaftServerConfigKeys (ConfUtils.java:logGet(43)) - raft.server.rpc.timeout.max = 1200ms (custom)
2019-06-13 23:41:02,220 INFO  server.RaftServerConfigKeys (ConfUtils.java:logGet(43)) - raft.server.rpc.timeout.min = 1s (custom)
2019-06-13 23:41:02,222 INFO  server.RaftServerConfigKeys (ConfUtils.java:logGet(43)) - raft.server.rpcslowness.timeout = 120s (custom)
2019-06-13 23:41:02,222 INFO  server.RaftServerConfigKeys (ConfUtils.java:logGet(43)) - raft.server.log.appender.install.snapshot.enabled = true (default)
2019-06-13 23:41:02,222 INFO  server.RaftServerConfigKeys (ConfUtils.java:logGet(43)) - raft.server.rpc.timeout.max = 1200ms (custom)
2019-06-13 23:41:02,222 INFO  impl.RaftServerImpl (ServerState.java:<init>(101)) - 0ec5173b-ef5d-473b-afb6-d56f2902e44d:group-280D45797B4A ConfigurationManager, init=-1: [ccc374d2-2ea2-4ad0-b5ff-cc678d2ac5d1:192.168.105.138:41779, 0ec5173b-ef5d-473b-afb6-d56f2902e44d:192.168.105.138:46315, f989c141-8cb8-4eea-8bf0-035b2f862262:192.168.105.138:38149], old=null, confs=<EMPTY_MAP>
2019-06-13 23:41:02,222 INFO  server.RaftServerConfigKeys (ConfUtils.java:logGet(43)) - raft.server.rpcslowness.timeout = 120s (custom)
2019-06-13 23:41:02,222 INFO  server.RaftServerConfigKeys (ConfUtils.java:logGet(43)) - raft.server.storage.dir = [/opt/src/hadoop-ozone/integration-test/target/test-dir/MiniOzoneClusterImpl-39435e09-9bd2-47ed-bc44-da526d475d5e/datanode-5/data/ratis] (custom)
2019-06-13 23:41:02,222 INFO  server.RaftServerConfigKeys (ConfUtils.java:logGet(43)) - raft.server.log.appender.install.snapshot.enabled = true (default)
2019-06-13 23:41:02,222 INFO  impl.RaftServerImpl (ServerState.java:<init>(101)) - f989c141-8cb8-4eea-8bf0-035b2f862262:group-280D45797B4A ConfigurationManager, init=-1: [ccc374d2-2ea2-4ad0-b5ff-cc678d2ac5d1:192.168.105.138:41779, 0ec5173b-ef5d-473b-afb6-d56f2902e44d:192.168.105.138:46315, f989c141-8cb8-4eea-8bf0-035b2f862262:192.168.105.138:38149], old=null, confs=<EMPTY_MAP>
2019-06-13 23:41:02,222 INFO  storage.RaftStorageDirectory (RaftStorageDirectory.java:analyzeStorage(246)) - The storage directory /opt/src/hadoop-ozone/integration-test/target/test-dir/MiniOzoneClusterImpl-39435e09-9bd2-47ed-bc44-da526d475d5e/datanode-5/data/ratis/15adad86-5202-4d6f-8a42-280d45797b4a does not exist. Creating ...
2019-06-13 23:41:02,223 INFO  server.RaftServerConfigKeys (ConfUtils.java:logGet(43)) - raft.server.storage.dir = [/opt/src/hadoop-ozone/integration-test/target/test-dir/MiniOzoneClusterImpl-39435e09-9bd2-47ed-bc44-da526d475d5e/datanode-3/data/ratis] (custom)
2019-06-13 23:41:02,261 INFO  storage.RaftStorageDirectory (RaftStorageDirectory.java:tryLock(328)) - Lock on /opt/src/hadoop-ozone/integration-test/target/test-dir/MiniOzoneClusterImpl-39435e09-9bd2-47ed-bc44-da526d475d5e/datanode-5/data/ratis/15adad86-5202-4d6f-8a42-280d45797b4a/in_use.lock acquired by nodename 18810@ozone-g79bc-2755786375
2019-06-13 23:41:02,261 INFO  storage.RaftStorageDirectory (RaftStorageDirectory.java:tryLock(328)) - Lock on /opt/src/hadoop-ozone/integration-test/target/test-dir/MiniOzoneClusterImpl-39435e09-9bd2-47ed-bc44-da526d475d5e/datanode-4/data/ratis/15adad86-5202-4d6f-8a42-280d45797b4a/in_use.lock acquired by nodename 18810@ozone-g79bc-2755786375
2019-06-13 23:41:02,262 INFO  storage.RaftStorageDirectory (RaftStorageDirectory.java:analyzeStorage(246)) - The storage directory /opt/src/hadoop-ozone/integration-test/target/test-dir/MiniOzoneClusterImpl-39435e09-9bd2-47ed-bc44-da526d475d5e/datanode-3/data/ratis/15adad86-5202-4d6f-8a42-280d45797b4a does not exist. Creating ...
2019-06-13 23:41:02,267 INFO  storage.RaftStorageDirectory (RaftStorageDirectory.java:tryLock(328)) - Lock on /opt/src/hadoop-ozone/integration-test/target/test-dir/MiniOzoneClusterImpl-39435e09-9bd2-47ed-bc44-da526d475d5e/datanode-3/data/ratis/15adad86-5202-4d6f-8a42-280d45797b4a/in_use.lock acquired by nodename 18810@ozone-g79bc-2755786375
2019-06-13 23:41:02,267 INFO  storage.RaftStorage (RaftStorage.java:format(75)) - Storage directory /opt/src/hadoop-ozone/integration-test/target/test-dir/MiniOzoneClusterImpl-39435e09-9bd2-47ed-bc44-da526d475d5e/datanode-4/data/ratis/15adad86-5202-4d6f-8a42-280d45797b4a has been successfully formatted.
2019-06-13 23:41:02,268 INFO  ratis.ContainerStateMachine (ContainerStateMachine.java:loadSnapshot(199)) - The snapshot info is null.Setting the last applied index to:(t:0, i:~)
2019-06-13 23:41:02,268 INFO  server.RaftServerConfigKeys (ConfUtils.java:logGet(43)) - raft.server.leader.election.timeout = 120s (custom)
2019-06-13 23:41:02,268 INFO  storage.RaftStorage (RaftStorage.java:format(75)) - Storage directory /opt/src/hadoop-ozone/integration-test/target/test-dir/MiniOzoneClusterImpl-39435e09-9bd2-47ed-bc44-da526d475d5e/datanode-5/data/ratis/15adad86-5202-4d6f-8a42-280d45797b4a has been successfully formatted.
2019-06-13 23:41:02,272 INFO  storage.RaftStorage (RaftStorage.java:format(75)) - Storage directory /opt/src/hadoop-ozone/integration-test/target/test-dir/MiniOzoneClusterImpl-39435e09-9bd2-47ed-bc44-da526d475d5e/datanode-3/data/ratis/15adad86-5202-4d6f-8a42-280d45797b4a has been successfully formatted.
2019-06-13 23:41:02,277 INFO  ratis.ContainerStateMachine (ContainerStateMachine.java:loadSnapshot(199)) - The snapshot info is null.Setting the last applied index to:(t:0, i:~)
2019-06-13 23:41:02,277 INFO  server.RaftServerConfigKeys (ConfUtils.java:logGet(43)) - raft.server.leader.election.timeout = 120s (custom)
2019-06-13 23:41:02,277 INFO  server.RaftServerConfigKeys (ConfUtils.java:logGet(43)) - raft.server.log.use.memory = false (default)
2019-06-13 23:41:02,277 INFO  server.RaftServerConfigKeys (ConfUtils.java:logGet(43)) - raft.server.log.appender.buffer.byte-limit = 33554432 (custom)
2019-06-13 23:41:02,277 INFO  server.RaftServerConfigKeys (ConfUtils.java:logGet(43)) - raft.server.log.segment.size.max = 16384 (custom)
2019-06-13 23:41:02,277 INFO  server.RaftServerConfigKeys (ConfUtils.java:logGet(43)) - raft.server.log.segment.cache.num.max = 2 (custom)
2019-06-13 23:41:02,277 INFO  storage.RaftLogWorker (RaftLogWorker.java:<init>(123)) - new f989c141-8cb8-4eea-8bf0-035b2f862262-RaftLogWorker for Storage Directory /opt/src/hadoop-ozone/integration-test/target/test-dir/MiniOzoneClusterImpl-39435e09-9bd2-47ed-bc44-da526d475d5e/datanode-3/data/ratis/15adad86-5202-4d6f-8a42-280d45797b4a
2019-06-13 23:41:02,277 INFO  server.RaftServerConfigKeys (ConfUtils.java:logGet(43)) - raft.server.log.queue.byte-limit = 2147483647 (custom)
2019-06-13 23:41:02,277 INFO  server.RaftServerConfigKeys (ConfUtils.java:logGet(43)) - raft.server.log.queue.element-limit = 1024 (custom)
2019-06-13 23:41:02,277 INFO  server.RaftServerConfigKeys (ConfUtils.java:logGet(43)) - raft.server.log.segment.size.max = 16384 (custom)
2019-06-13 23:41:02,278 INFO  server.RaftServerConfigKeys (ConfUtils.java:logGet(43)) - raft.server.log.preallocated.size = 16384 (custom)
2019-06-13 23:41:02,278 INFO  server.RaftServerConfigKeys (ConfUtils.java:logGet(43)) - raft.server.log.write.buffer.size = 33554432 (custom)
2019-06-13 23:41:02,278 INFO  server.RaftServerConfigKeys (ConfUtils.java:logGet(43)) - raft.server.log.force.sync.num = 128 (default)
2019-06-13 23:41:02,278 INFO  server.RaftServerConfigKeys (ConfUtils.java:logGet(43)) - raft.server.log.statemachine.data.sync = true (default)
2019-06-13 23:41:02,278 INFO  server.RaftServerConfigKeys (ConfUtils.java:logGet(43)) - raft.server.log.statemachine.data.sync.timeout = 10s (default)
2019-06-13 23:41:02,278 INFO  server.RaftServerConfigKeys (ConfUtils.java:logGet(43)) - raft.server.log.statemachine.data.sync.timeout.retry = -1 (default)
2019-06-13 23:41:02,278 INFO  server.RaftServerConfigKeys (ConfUtils.java:logGet(43)) - raft.server.log.statemachine.data.caching.enabled = true (custom)
2019-06-13 23:41:02,268 INFO  server.RaftServerConfigKeys (ConfUtils.java:logGet(43)) - raft.server.log.use.memory = false (default)
2019-06-13 23:41:02,278 INFO  server.RaftServerConfigKeys (ConfUtils.java:logGet(43)) - raft.server.snapshot.auto.trigger.enabled = true (custom)
2019-06-13 23:41:02,278 INFO  ratis.ContainerStateMachine (ContainerStateMachine.java:loadSnapshot(199)) - The snapshot info is null.Setting the last applied index to:(t:0, i:~)
2019-06-13 23:41:02,279 INFO  server.RaftServerConfigKeys (ConfUtils.java:logGet(43)) - raft.server.snapshot.auto.trigger.threshold = 10000 (custom)
2019-06-13 23:41:02,278 INFO  server.RaftServerConfigKeys (ConfUtils.java:logGet(43)) - raft.server.log.appender.buffer.byte-limit = 33554432 (custom)
2019-06-13 23:41:02,279 INFO  server.RaftServerConfigKeys (ConfUtils.java:logGet(43)) - raft.server.retrycache.expirytime = 600000ms (custom)
2019-06-13 23:41:02,279 INFO  server.RaftServerConfigKeys (ConfUtils.java:logGet(43)) - raft.server.leader.election.timeout = 120s (custom)
2019-06-13 23:41:02,279 INFO  server.RaftServerConfigKeys (ConfUtils.java:logGet(43)) - raft.server.log.segment.size.max = 16384 (custom)
2019-06-13 23:41:02,279 INFO  server.RaftServerConfigKeys (ConfUtils.java:logGet(43)) - raft.server.log.use.memory = false (default)
2019-06-13 23:41:02,279 INFO  impl.RaftServerImpl (RaftServerImpl.java:start(173)) - f989c141-8cb8-4eea-8bf0-035b2f862262: start group-280D45797B4A
2019-06-13 23:41:02,279 INFO  server.RaftServerConfigKeys (ConfUtils.java:logGet(43)) - raft.server.log.appender.buffer.byte-limit = 33554432 (custom)
2019-06-13 23:41:02,279 INFO  server.RaftServerConfigKeys (ConfUtils.java:logGet(43)) - raft.server.log.segment.cache.num.max = 2 (custom)
2019-06-13 23:41:02,279 INFO  server.RaftServerConfigKeys (ConfUtils.java:logGet(43)) - raft.server.log.segment.size.max = 16384 (custom)
2019-06-13 23:41:02,279 INFO  impl.RaftServerImpl (RaftServerImpl.java:setRole(164)) - f989c141-8cb8-4eea-8bf0-035b2f862262:group-280D45797B4A changes role from null to FOLLOWER at term 0 for startAsFollower
2019-06-13 23:41:02,279 INFO  server.RaftServerConfigKeys (ConfUtils.java:logGet(43)) - raft.server.log.segment.cache.num.max = 2 (custom)
2019-06-13 23:41:02,279 INFO  storage.RaftLogWorker (RaftLogWorker.java:<init>(123)) - new ccc374d2-2ea2-4ad0-b5ff-cc678d2ac5d1-RaftLogWorker for Storage Directory /opt/src/hadoop-ozone/integration-test/target/test-dir/MiniOzoneClusterImpl-39435e09-9bd2-47ed-bc44-da526d475d5e/datanode-4/data/ratis/15adad86-5202-4d6f-8a42-280d45797b4a
2019-06-13 23:41:02,280 INFO  storage.RaftLogWorker (RaftLogWorker.java:<init>(123)) - new 0ec5173b-ef5d-473b-afb6-d56f2902e44d-RaftLogWorker for Storage Directory /opt/src/hadoop-ozone/integration-test/target/test-dir/MiniOzoneClusterImpl-39435e09-9bd2-47ed-bc44-da526d475d5e/datanode-5/data/ratis/15adad86-5202-4d6f-8a42-280d45797b4a
2019-06-13 23:41:02,279 INFO  impl.RoleInfo (RoleInfo.java:updateAndGet(143)) - f989c141-8cb8-4eea-8bf0-035b2f862262: start FollowerState
2019-06-13 23:41:02,280 INFO  server.RaftServerConfigKeys (ConfUtils.java:logGet(43)) - raft.server.log.queue.byte-limit = 2147483647 (custom)
2019-06-13 23:41:02,280 INFO  server.RaftServerConfigKeys (ConfUtils.java:logGet(43)) - raft.server.log.queue.byte-limit = 2147483647 (custom)
2019-06-13 23:41:02,280 INFO  server.RaftServerConfigKeys (ConfUtils.java:logGet(43)) - raft.server.log.queue.element-limit = 1024 (custom)
2019-06-13 23:41:02,280 INFO  server.RaftServerConfigKeys (ConfUtils.java:logGet(43)) - raft.server.log.queue.element-limit = 1024 (custom)
2019-06-13 23:41:02,280 INFO  server.RaftServerConfigKeys (ConfUtils.java:logGet(43)) - raft.server.log.segment.size.max = 16384 (custom)
2019-06-13 23:41:02,280 INFO  server.RaftServerConfigKeys (ConfUtils.java:logGet(43)) - raft.server.log.segment.size.max = 16384 (custom)
2019-06-13 23:41:02,280 INFO  server.RaftServerConfigKeys (ConfUtils.java:logGet(43)) - raft.server.log.preallocated.size = 16384 (custom)
2019-06-13 23:41:02,280 INFO  server.RaftServerConfigKeys (ConfUtils.java:logGet(43)) - raft.server.log.preallocated.size = 16384 (custom)
2019-06-13 23:41:02,280 INFO  server.RaftServerConfigKeys (ConfUtils.java:logGet(43)) - raft.server.log.write.buffer.size = 33554432 (custom)
2019-06-13 23:41:02,280 INFO  util.JmxRegister (JmxRegister.java:tryRegister(44)) - Successfully registered JMX Bean with object name Ratis:service=RaftServer,group=group-280D45797B4A,id=f989c141-8cb8-4eea-8bf0-035b2f862262
2019-06-13 23:41:02,280 INFO  server.RaftServerConfigKeys (ConfUtils.java:logGet(43)) - raft.server.log.write.buffer.size = 33554432 (custom)
2019-06-13 23:41:02,280 INFO  server.RaftServerConfigKeys (ConfUtils.java:logGet(43)) - raft.server.log.force.sync.num = 128 (default)
2019-06-13 23:41:02,281 INFO  server.RaftServerConfigKeys (ConfUtils.java:logGet(43)) - raft.server.log.force.sync.num = 128 (default)
2019-06-13 23:41:02,281 INFO  server.RaftServerConfigKeys (ConfUtils.java:logGet(43)) - raft.server.log.statemachine.data.sync = true (default)
2019-06-13 23:41:02,281 INFO  server.RaftServerConfigKeys (ConfUtils.java:logGet(43)) - raft.server.log.statemachine.data.sync = true (default)
2019-06-13 23:41:02,281 INFO  server.RaftServerConfigKeys (ConfUtils.java:logGet(43)) - raft.server.log.statemachine.data.sync.timeout = 10s (default)
2019-06-13 23:41:02,281 INFO  server.RaftServerConfigKeys (ConfUtils.java:logGet(43)) - raft.server.log.statemachine.data.sync.timeout = 10s (default)
2019-06-13 23:41:02,281 INFO  server.RaftServerConfigKeys (ConfUtils.java:logGet(43)) - raft.server.log.statemachine.data.sync.timeout.retry = -1 (default)
2019-06-13 23:41:02,281 INFO  server.RaftServerConfigKeys (ConfUtils.java:logGet(43)) - raft.server.log.statemachine.data.sync.timeout.retry = -1 (default)
2019-06-13 23:41:02,282 INFO  server.RaftServerConfigKeys (ConfUtils.java:logGet(43)) - raft.server.log.statemachine.data.caching.enabled = true (custom)
2019-06-13 23:41:02,282 INFO  server.RaftServerConfigKeys (ConfUtils.java:logGet(43)) - raft.server.log.statemachine.data.caching.enabled = true (custom)
2019-06-13 23:41:02,282 INFO  server.RaftServerConfigKeys (ConfUtils.java:logGet(43)) - raft.server.snapshot.auto.trigger.enabled = true (custom)
2019-06-13 23:41:02,282 INFO  server.RaftServerConfigKeys (ConfUtils.java:logGet(43)) - raft.server.snapshot.auto.trigger.threshold = 10000 (custom)
2019-06-13 23:41:02,283 INFO  server.RaftServerConfigKeys (ConfUtils.java:logGet(43)) - raft.server.retrycache.expirytime = 600000ms (custom)
2019-06-13 23:41:02,283 INFO  impl.RaftServerImpl (RaftServerImpl.java:start(173)) - ccc374d2-2ea2-4ad0-b5ff-cc678d2ac5d1: start group-280D45797B4A
2019-06-13 23:41:02,283 INFO  impl.RaftServerImpl (RaftServerImpl.java:setRole(164)) - ccc374d2-2ea2-4ad0-b5ff-cc678d2ac5d1:group-280D45797B4A changes role from null to FOLLOWER at term 0 for startAsFollower
2019-06-13 23:41:02,283 INFO  server.RaftServerConfigKeys (ConfUtils.java:logGet(43)) - raft.server.snapshot.auto.trigger.enabled = true (custom)
2019-06-13 23:41:02,283 INFO  server.RaftServerConfigKeys (ConfUtils.java:logGet(43)) - raft.server.snapshot.auto.trigger.threshold = 10000 (custom)
2019-06-13 23:41:02,283 INFO  server.RaftServerConfigKeys (ConfUtils.java:logGet(43)) - raft.server.retrycache.expirytime = 600000ms (custom)
2019-06-13 23:41:02,283 INFO  impl.RaftServerImpl (RaftServerImpl.java:start(173)) - 0ec5173b-ef5d-473b-afb6-d56f2902e44d: start group-280D45797B4A
2019-06-13 23:41:02,283 INFO  impl.RaftServerImpl (RaftServerImpl.java:setRole(164)) - 0ec5173b-ef5d-473b-afb6-d56f2902e44d:group-280D45797B4A changes role from null to FOLLOWER at term 0 for startAsFollower
2019-06-13 23:41:02,283 INFO  impl.RoleInfo (RoleInfo.java:updateAndGet(143)) - 0ec5173b-ef5d-473b-afb6-d56f2902e44d: start FollowerState
2019-06-13 23:41:02,284 INFO  impl.RoleInfo (RoleInfo.java:updateAndGet(143)) - ccc374d2-2ea2-4ad0-b5ff-cc678d2ac5d1: start FollowerState
2019-06-13 23:41:02,294 INFO  util.JmxRegister (JmxRegister.java:tryRegister(44)) - Successfully registered JMX Bean with object name Ratis:service=RaftServer,group=group-280D45797B4A,id=0ec5173b-ef5d-473b-afb6-d56f2902e44d
2019-06-13 23:41:02,294 INFO  util.JmxRegister (JmxRegister.java:tryRegister(44)) - Successfully registered JMX Bean with object name Ratis:service=RaftServer,group=group-280D45797B4A,id=ccc374d2-2ea2-4ad0-b5ff-cc678d2ac5d1
2019-06-13 23:41:02,305 INFO  pipeline.PipelineStateManager (PipelineStateManager.java:addPipeline(56)) - Created pipeline Pipeline[ Id: 15adad86-5202-4d6f-8a42-280d45797b4a, Nodes: ccc374d2-2ea2-4ad0-b5ff-cc678d2ac5d1{ip: 192.168.105.138, host: ozone-g79bc-2755786375, networkLocation: /default-rack, certSerialId: null}f989c141-8cb8-4eea-8bf0-035b2f862262{ip: 192.168.105.138, host: ozone-g79bc-2755786375, networkLocation: /default-rack, certSerialId: null}0ec5173b-ef5d-473b-afb6-d56f2902e44d{ip: 192.168.105.138, host: ozone-g79bc-2755786375, networkLocation: /default-rack, certSerialId: null}, Type:RATIS, Factor:THREE, State:OPEN]
2019-06-13 23:41:02,310 INFO  ozone.MiniOzoneClusterImpl (MiniOzoneClusterImpl.java:lambda$waitForClusterToBeReady$0(142)) - Waiting for cluster to be ready. Got 6 of 7 DN Heartbeats.
2019-06-13 23:41:02,314 INFO  node.SCMNodeManager (SCMNodeManager.java:register(234)) - Registered Data node : a1a96adf-3730-4e7b-994c-e3bd0ef71f1d{ip: 192.168.105.138, host: ozone-g79bc-2755786375, networkLocation: /default-rack, certSerialId: null}
2019-06-13 23:41:02,322 INFO  impl.RaftServerProxy (RaftServerProxy.java:addNew(89)) - a1a96adf-3730-4e7b-994c-e3bd0ef71f1d: addNew group-DDD04DC9417E:[a1a96adf-3730-4e7b-994c-e3bd0ef71f1d:192.168.105.138:37509] returns group-DDD04DC9417E:java.util.concurrent.CompletableFuture@5e2d3ff4[Not completed]
2019-06-13 23:41:02,322 INFO  impl.RaftServerImpl (RaftServerImpl.java:<init>(91)) - a1a96adf-3730-4e7b-994c-e3bd0ef71f1d: new RaftServerImpl for group-DDD04DC9417E:[a1a96adf-3730-4e7b-994c-e3bd0ef71f1d:192.168.105.138:37509] with ContainerStateMachine:uninitialized
2019-06-13 23:41:02,322 INFO  server.RaftServerConfigKeys (ConfUtils.java:logGet(43)) - raft.server.rpc.timeout.min = 1s (custom)
2019-06-13 23:41:02,322 INFO  server.RaftServerConfigKeys (ConfUtils.java:logGet(43)) - raft.server.rpc.timeout.max = 1200ms (custom)
2019-06-13 23:41:02,322 INFO  server.RaftServerConfigKeys (ConfUtils.java:logGet(43)) - raft.server.rpcslowness.timeout = 120s (custom)
2019-06-13 23:41:02,322 INFO  server.RaftServerConfigKeys (ConfUtils.java:logGet(43)) - raft.server.log.appender.install.snapshot.enabled = true (default)
2019-06-13 23:41:02,322 INFO  impl.RaftServerImpl (ServerState.java:<init>(101)) - a1a96adf-3730-4e7b-994c-e3bd0ef71f1d:group-DDD04DC9417E ConfigurationManager, init=-1: [a1a96adf-3730-4e7b-994c-e3bd0ef71f1d:192.168.105.138:37509], old=null, confs=<EMPTY_MAP>
2019-06-13 23:41:02,322 INFO  server.RaftServerConfigKeys (ConfUtils.java:logGet(43)) - raft.server.storage.dir = [/opt/src/hadoop-ozone/integration-test/target/test-dir/MiniOzoneClusterImpl-39435e09-9bd2-47ed-bc44-da526d475d5e/datanode-6/data/ratis] (custom)
2019-06-13 23:41:02,323 INFO  storage.RaftStorageDirectory (RaftStorageDirectory.java:analyzeStorage(246)) - The storage directory /opt/src/hadoop-ozone/integration-test/target/test-dir/MiniOzoneClusterImpl-39435e09-9bd2-47ed-bc44-da526d475d5e/datanode-6/data/ratis/7f5892f0-bc56-4ce8-a33f-ddd04dc9417e does not exist. Creating ...
2019-06-13 23:41:02,325 INFO  storage.RaftStorageDirectory (RaftStorageDirectory.java:tryLock(328)) - Lock on /opt/src/hadoop-ozone/integration-test/target/test-dir/MiniOzoneClusterImpl-39435e09-9bd2-47ed-bc44-da526d475d5e/datanode-6/data/ratis/7f5892f0-bc56-4ce8-a33f-ddd04dc9417e/in_use.lock acquired by nodename 18810@ozone-g79bc-2755786375
2019-06-13 23:41:02,328 INFO  storage.RaftStorage (RaftStorage.java:format(75)) - Storage directory /opt/src/hadoop-ozone/integration-test/target/test-dir/MiniOzoneClusterImpl-39435e09-9bd2-47ed-bc44-da526d475d5e/datanode-6/data/ratis/7f5892f0-bc56-4ce8-a33f-ddd04dc9417e has been successfully formatted.
2019-06-13 23:41:02,328 INFO  ratis.ContainerStateMachine (ContainerStateMachine.java:loadSnapshot(199)) - The snapshot info is null.Setting the last applied index to:(t:0, i:~)
2019-06-13 23:41:02,328 INFO  server.RaftServerConfigKeys (ConfUtils.java:logGet(43)) - raft.server.leader.election.timeout = 120s (custom)
2019-06-13 23:41:02,328 INFO  server.RaftServerConfigKeys (ConfUtils.java:logGet(43)) - raft.server.log.use.memory = false (default)
2019-06-13 23:41:02,328 INFO  server.RaftServerConfigKeys (ConfUtils.java:logGet(43)) - raft.server.log.appender.buffer.byte-limit = 33554432 (custom)
2019-06-13 23:41:02,328 INFO  server.RaftServerConfigKeys (ConfUtils.java:logGet(43)) - raft.server.log.segment.size.max = 16384 (custom)
2019-06-13 23:41:02,328 INFO  server.RaftServerConfigKeys (ConfUtils.java:logGet(43)) - raft.server.log.segment.cache.num.max = 2 (custom)
2019-06-13 23:41:02,328 INFO  storage.RaftLogWorker (RaftLogWorker.java:<init>(123)) - new a1a96adf-3730-4e7b-994c-e3bd0ef71f1d-RaftLogWorker for Storage Directory /opt/src/hadoop-ozone/integration-test/target/test-dir/MiniOzoneClusterImpl-39435e09-9bd2-47ed-bc44-da526d475d5e/datanode-6/data/ratis/7f5892f0-bc56-4ce8-a33f-ddd04dc9417e
2019-06-13 23:41:02,329 INFO  server.RaftServerConfigKeys (ConfUtils.java:logGet(43)) - raft.server.log.queue.byte-limit = 2147483647 (custom)
2019-06-13 23:41:02,329 INFO  server.RaftServerConfigKeys (ConfUtils.java:logGet(43)) - raft.server.log.queue.element-limit = 1024 (custom)
2019-06-13 23:41:02,329 INFO  server.RaftServerConfigKeys (ConfUtils.java:logGet(43)) - raft.server.log.segment.size.max = 16384 (custom)
2019-06-13 23:41:02,329 INFO  server.RaftServerConfigKeys (ConfUtils.java:logGet(43)) - raft.server.log.preallocated.size = 16384 (custom)
2019-06-13 23:41:02,329 INFO  server.RaftServerConfigKeys (ConfUtils.java:logGet(43)) - raft.server.log.write.buffer.size = 33554432 (custom)
2019-06-13 23:41:02,329 INFO  server.RaftServerConfigKeys (ConfUtils.java:logGet(43)) - raft.server.log.force.sync.num = 128 (default)
2019-06-13 23:41:02,329 INFO  server.RaftServerConfigKeys (ConfUtils.java:logGet(43)) - raft.server.log.statemachine.data.sync = true (default)
2019-06-13 23:41:02,329 INFO  server.RaftServerConfigKeys (ConfUtils.java:logGet(43)) - raft.server.log.statemachine.data.sync.timeout = 10s (default)
2019-06-13 23:41:02,329 INFO  server.RaftServerConfigKeys (ConfUtils.java:logGet(43)) - raft.server.log.statemachine.data.sync.timeout.retry = -1 (default)
2019-06-13 23:41:02,329 INFO  server.RaftServerConfigKeys (ConfUtils.java:logGet(43)) - raft.server.log.statemachine.data.caching.enabled = true (custom)
2019-06-13 23:41:02,330 INFO  server.RaftServerConfigKeys (ConfUtils.java:logGet(43)) - raft.server.snapshot.auto.trigger.enabled = true (custom)
2019-06-13 23:41:02,330 INFO  server.RaftServerConfigKeys (ConfUtils.java:logGet(43)) - raft.server.snapshot.auto.trigger.threshold = 10000 (custom)
2019-06-13 23:41:02,330 INFO  server.RaftServerConfigKeys (ConfUtils.java:logGet(43)) - raft.server.retrycache.expirytime = 600000ms (custom)
2019-06-13 23:41:02,330 INFO  impl.RaftServerImpl (RaftServerImpl.java:start(173)) - a1a96adf-3730-4e7b-994c-e3bd0ef71f1d: start group-DDD04DC9417E
2019-06-13 23:41:02,330 INFO  impl.RaftServerImpl (RaftServerImpl.java:setRole(164)) - a1a96adf-3730-4e7b-994c-e3bd0ef71f1d:group-DDD04DC9417E changes role from null to FOLLOWER at term 0 for startAsFollower
2019-06-13 23:41:02,331 INFO  impl.RoleInfo (RoleInfo.java:updateAndGet(143)) - a1a96adf-3730-4e7b-994c-e3bd0ef71f1d: start FollowerState
2019-06-13 23:41:02,331 INFO  util.JmxRegister (JmxRegister.java:tryRegister(44)) - Successfully registered JMX Bean with object name Ratis:service=RaftServer,group=group-DDD04DC9417E,id=a1a96adf-3730-4e7b-994c-e3bd0ef71f1d
2019-06-13 23:41:02,333 INFO  pipeline.PipelineStateManager (PipelineStateManager.java:addPipeline(56)) - Created pipeline Pipeline[ Id: 7f5892f0-bc56-4ce8-a33f-ddd04dc9417e, Nodes: a1a96adf-3730-4e7b-994c-e3bd0ef71f1d{ip: 192.168.105.138, host: ozone-g79bc-2755786375, networkLocation: /default-rack, certSerialId: null}, Type:RATIS, Factor:ONE, State:OPEN]
2019-06-13 23:41:02,409 INFO  impl.FollowerState (FollowerState.java:run(101)) - eec977c4-3ffc-4dd0-aac2-8f7a7c7db7cb:group-25B37C875887 changes to CANDIDATE, lastRpcTime:1012, electionTimeout:1012ms
2019-06-13 23:41:02,409 INFO  impl.RoleInfo (RoleInfo.java:shutdownFollowerState(121)) - eec977c4-3ffc-4dd0-aac2-8f7a7c7db7cb: shutdown FollowerState
2019-06-13 23:41:02,409 INFO  impl.RaftServerImpl (RaftServerImpl.java:setRole(164)) - eec977c4-3ffc-4dd0-aac2-8f7a7c7db7cb:group-25B37C875887 changes role from FOLLOWER to CANDIDATE at term 0 for changeToCandidate
2019-06-13 23:41:02,409 INFO  impl.RoleInfo (RoleInfo.java:updateAndGet(143)) - eec977c4-3ffc-4dd0-aac2-8f7a7c7db7cb: start LeaderElection
2019-06-13 23:41:02,412 INFO  impl.LeaderElection (LeaderElection.java:askForVotes(181)) - eec977c4-3ffc-4dd0-aac2-8f7a7c7db7cb:group-25B37C875887:LeaderElection74: begin an election at term 1 for -1: [eec977c4-3ffc-4dd0-aac2-8f7a7c7db7cb:192.168.105.138:45737], old=null
2019-06-13 23:41:02,412 INFO  impl.RoleInfo (RoleInfo.java:shutdownLeaderElection(134)) - eec977c4-3ffc-4dd0-aac2-8f7a7c7db7cb: shutdown LeaderElection
2019-06-13 23:41:02,413 INFO  impl.RaftServerImpl (RaftServerImpl.java:setRole(164)) - eec977c4-3ffc-4dd0-aac2-8f7a7c7db7cb:group-25B37C875887 changes role from CANDIDATE to LEADER at term 1 for changeToLeader
2019-06-13 23:41:02,413 INFO  impl.RaftServerImpl (ServerState.java:setLeader(263)) - eec977c4-3ffc-4dd0-aac2-8f7a7c7db7cb:group-25B37C875887 change Leader from null to eec977c4-3ffc-4dd0-aac2-8f7a7c7db7cb at term 1 for becomeLeader, leader elected after 1017ms
2019-06-13 23:41:02,413 INFO  server.RaftServerConfigKeys (ConfUtils.java:logGet(43)) - raft.server.staging.catchup.gap = 1000 (default)
2019-06-13 23:41:02,413 INFO  server.RaftServerConfigKeys (ConfUtils.java:logGet(43)) - raft.server.rpc.sleep.time = 25ms (default)
2019-06-13 23:41:02,413 INFO  server.RaftServerConfigKeys (ConfUtils.java:logGet(43)) - raft.server.watch.timeout = 10s (default)
2019-06-13 23:41:02,413 INFO  server.RaftServerConfigKeys (ConfUtils.java:logGet(43)) - raft.server.watch.timeout.denomination = 1s (default)
2019-06-13 23:41:02,413 INFO  impl.RoleInfo (RoleInfo.java:updateAndGet(143)) - eec977c4-3ffc-4dd0-aac2-8f7a7c7db7cb: start LeaderState
2019-06-13 23:41:02,413 INFO  storage.RaftLogWorker (RaftLogWorker.java:startLogSegment(298)) - eec977c4-3ffc-4dd0-aac2-8f7a7c7db7cb-RaftLogWorker: Starting segment from index:0
2019-06-13 23:41:02,417 INFO  impl.RaftServerImpl (ServerState.java:setRaftConf(361)) - eec977c4-3ffc-4dd0-aac2-8f7a7c7db7cb:group-25B37C875887 set configuration 0: [eec977c4-3ffc-4dd0-aac2-8f7a7c7db7cb:192.168.105.138:45737], old=null at 0
2019-06-13 23:41:02,451 INFO  storage.RaftLogWorker (RaftLogWorker.java:execute(469)) - eec977c4-3ffc-4dd0-aac2-8f7a7c7db7cb-RaftLogWorker: created new log segment /opt/src/hadoop-ozone/integration-test/target/test-dir/MiniOzoneClusterImpl-39435e09-9bd2-47ed-bc44-da526d475d5e/datanode-0/data/ratis/d2a1b3a4-d6db-4ff1-89b2-25b37c875887/current/log_inprogress_0
2019-06-13 23:41:02,468 WARN  server.GrpcLogAppender (LogUtils.java:warn(134)) - cb89d4f8-1878-4ef8-9b04-c29334c05cac: Failed appendEntries to 1ea106d7-9b98-4cee-8ff6-7d75b64b893d:192.168.105.138:45495: org.apache.ratis.thirdparty.io.grpc.StatusRuntimeException: UNAVAILABLE: io exception
2019-06-13 23:41:02,468 INFO  impl.FollowerInfo (FollowerInfo.java:lambda$new$0(50)) - cb89d4f8-1878-4ef8-9b04-c29334c05cac->1ea106d7-9b98-4cee-8ff6-7d75b64b893d: nextIndex: updateUnconditionally 0 -> 0
2019-06-13 23:41:02,486 WARN  server.GrpcLogAppender (LogUtils.java:warn(134)) - cb89d4f8-1878-4ef8-9b04-c29334c05cac: Failed appendEntries to 47bcbdc1-c7e9-4920-9a84-4aada272adfe:192.168.105.138:33305: org.apache.ratis.thirdparty.io.grpc.StatusRuntimeException: UNAVAILABLE: io exception
2019-06-13 23:41:02,486 INFO  impl.FollowerInfo (FollowerInfo.java:lambda$new$0(50)) - cb89d4f8-1878-4ef8-9b04-c29334c05cac->47bcbdc1-c7e9-4920-9a84-4aada272adfe: nextIndex: updateUnconditionally 0 -> 0
2019-06-13 23:41:02,595 INFO  impl.FollowerState (FollowerState.java:run(101)) - 22918fc1-5b1d-4bd8-8927-0ac0fde58b39:group-354DE7580A57 changes to CANDIDATE, lastRpcTime:1052, electionTimeout:1052ms
2019-06-13 23:41:02,595 INFO  impl.RoleInfo (RoleInfo.java:shutdownFollowerState(121)) - 22918fc1-5b1d-4bd8-8927-0ac0fde58b39: shutdown FollowerState
2019-06-13 23:41:02,595 INFO  impl.RaftServerImpl (RaftServerImpl.java:setRole(164)) - 22918fc1-5b1d-4bd8-8927-0ac0fde58b39:group-354DE7580A57 changes role from FOLLOWER to CANDIDATE at term 0 for changeToCandidate
2019-06-13 23:41:02,595 INFO  impl.RoleInfo (RoleInfo.java:updateAndGet(143)) - 22918fc1-5b1d-4bd8-8927-0ac0fde58b39: start LeaderElection
2019-06-13 23:41:02,599 INFO  impl.LeaderElection (LeaderElection.java:askForVotes(181)) - 22918fc1-5b1d-4bd8-8927-0ac0fde58b39:group-354DE7580A57:LeaderElection75: begin an election at term 1 for -1: [22918fc1-5b1d-4bd8-8927-0ac0fde58b39:192.168.105.138:37507], old=null
2019-06-13 23:41:02,599 INFO  impl.RoleInfo (RoleInfo.java:shutdownLeaderElection(134)) - 22918fc1-5b1d-4bd8-8927-0ac0fde58b39: shutdown LeaderElection
2019-06-13 23:41:02,599 INFO  impl.RaftServerImpl (RaftServerImpl.java:setRole(164)) - 22918fc1-5b1d-4bd8-8927-0ac0fde58b39:group-354DE7580A57 changes role from CANDIDATE to LEADER at term 1 for changeToLeader
2019-06-13 23:41:02,599 INFO  impl.RaftServerImpl (ServerState.java:setLeader(263)) - 22918fc1-5b1d-4bd8-8927-0ac0fde58b39:group-354DE7580A57 change Leader from null to 22918fc1-5b1d-4bd8-8927-0ac0fde58b39 at term 1 for becomeLeader, leader elected after 1058ms
2019-06-13 23:41:02,599 INFO  server.RaftServerConfigKeys (ConfUtils.java:logGet(43)) - raft.server.staging.catchup.gap = 1000 (default)
2019-06-13 23:41:02,599 INFO  server.RaftServerConfigKeys (ConfUtils.java:logGet(43)) - raft.server.rpc.sleep.time = 25ms (default)
2019-06-13 23:41:02,599 INFO  server.RaftServerConfigKeys (ConfUtils.java:logGet(43)) - raft.server.watch.timeout = 10s (default)
2019-06-13 23:41:02,599 INFO  server.RaftServerConfigKeys (ConfUtils.java:logGet(43)) - raft.server.watch.timeout.denomination = 1s (default)
2019-06-13 23:41:02,599 INFO  impl.RoleInfo (RoleInfo.java:updateAndGet(143)) - 22918fc1-5b1d-4bd8-8927-0ac0fde58b39: start LeaderState
2019-06-13 23:41:02,600 INFO  storage.RaftLogWorker (RaftLogWorker.java:startLogSegment(298)) - 22918fc1-5b1d-4bd8-8927-0ac0fde58b39-RaftLogWorker: Starting segment from index:0
2019-06-13 23:41:02,605 INFO  impl.RaftServerImpl (ServerState.java:setRaftConf(361)) - 22918fc1-5b1d-4bd8-8927-0ac0fde58b39:group-354DE7580A57 set configuration 0: [22918fc1-5b1d-4bd8-8927-0ac0fde58b39:192.168.105.138:37507], old=null at 0
2019-06-13 23:41:02,642 INFO  storage.RaftLogWorker (RaftLogWorker.java:execute(469)) - 22918fc1-5b1d-4bd8-8927-0ac0fde58b39-RaftLogWorker: created new log segment /opt/src/hadoop-ozone/integration-test/target/test-dir/MiniOzoneClusterImpl-39435e09-9bd2-47ed-bc44-da526d475d5e/datanode-1/data/ratis/1f64eb43-a3ac-4048-8201-354de7580a57/current/log_inprogress_0
2019-06-13 23:41:02,813 INFO  impl.FollowerState (FollowerState.java:run(101)) - 22918fc1-5b1d-4bd8-8927-0ac0fde58b39:group-DE815C153D36 changes to CANDIDATE, lastRpcTime:1026, electionTimeout:1026ms
2019-06-13 23:41:02,813 INFO  impl.RoleInfo (RoleInfo.java:shutdownFollowerState(121)) - 22918fc1-5b1d-4bd8-8927-0ac0fde58b39: shutdown FollowerState
2019-06-13 23:41:02,813 INFO  impl.RaftServerImpl (RaftServerImpl.java:setRole(164)) - 22918fc1-5b1d-4bd8-8927-0ac0fde58b39:group-DE815C153D36 changes role from FOLLOWER to CANDIDATE at term 0 for changeToCandidate
2019-06-13 23:41:02,813 INFO  impl.RoleInfo (RoleInfo.java:updateAndGet(143)) - 22918fc1-5b1d-4bd8-8927-0ac0fde58b39: start LeaderElection
2019-06-13 23:41:02,816 INFO  impl.LeaderElection (LeaderElection.java:askForVotes(181)) - 22918fc1-5b1d-4bd8-8927-0ac0fde58b39:group-DE815C153D36:LeaderElection76: begin an election at term 1 for -1: [22918fc1-5b1d-4bd8-8927-0ac0fde58b39:192.168.105.138:37507, 081ad964-3376-460f-bd95-735c4a840bc5:192.168.105.138:36581, eec977c4-3ffc-4dd0-aac2-8f7a7c7db7cb:192.168.105.138:45737], old=null
2019-06-13 23:41:02,820 INFO  impl.RaftServerImpl (RaftServerImpl.java:setRole(164)) - 081ad964-3376-460f-bd95-735c4a840bc5:group-DE815C153D36 changes role from FOLLOWER to FOLLOWER at term 1 for recognizeCandidate:22918fc1-5b1d-4bd8-8927-0ac0fde58b39
2019-06-13 23:41:02,820 INFO  impl.RoleInfo (RoleInfo.java:shutdownFollowerState(121)) - 081ad964-3376-460f-bd95-735c4a840bc5: shutdown FollowerState
2019-06-13 23:41:02,820 INFO  impl.RoleInfo (RoleInfo.java:updateAndGet(143)) - 081ad964-3376-460f-bd95-735c4a840bc5: start FollowerState
2019-06-13 23:41:02,821 INFO  impl.RaftServerImpl (RaftServerImpl.java:setRole(164)) - eec977c4-3ffc-4dd0-aac2-8f7a7c7db7cb:group-DE815C153D36 changes role from FOLLOWER to FOLLOWER at term 1 for recognizeCandidate:22918fc1-5b1d-4bd8-8927-0ac0fde58b39
2019-06-13 23:41:02,822 INFO  impl.RoleInfo (RoleInfo.java:shutdownFollowerState(121)) - eec977c4-3ffc-4dd0-aac2-8f7a7c7db7cb: shutdown FollowerState
2019-06-13 23:41:02,822 INFO  impl.RoleInfo (RoleInfo.java:updateAndGet(143)) - eec977c4-3ffc-4dd0-aac2-8f7a7c7db7cb: start FollowerState
2019-06-13 23:41:02,822 INFO  impl.FollowerState (FollowerState.java:run(109)) - 081ad964-3376-460f-bd95-735c4a840bc5: FollowerState was interrupted: java.lang.InterruptedException: sleep interrupted
2019-06-13 23:41:02,822 INFO  impl.FollowerState (FollowerState.java:run(109)) - eec977c4-3ffc-4dd0-aac2-8f7a7c7db7cb: FollowerState was interrupted: java.lang.InterruptedException: sleep interrupted
2019-06-13 23:41:02,825 INFO  impl.LeaderElection (LeaderElection.java:logAndReturn(56)) - 22918fc1-5b1d-4bd8-8927-0ac0fde58b39:group-DE815C153D36:LeaderElection76: Election PASSED; received 1 response(s) [22918fc1-5b1d-4bd8-8927-0ac0fde58b39->eec977c4-3ffc-4dd0-aac2-8f7a7c7db7cb,true-t1] and 0 exception(s); 22918fc1-5b1d-4bd8-8927-0ac0fde58b39:t1, leader=null, voted=22918fc1-5b1d-4bd8-8927-0ac0fde58b39, raftlog=22918fc1-5b1d-4bd8-8927-0ac0fde58b39-SegmentedRaftLog:OPENED:c-1,f-1,i0, conf=-1: [22918fc1-5b1d-4bd8-8927-0ac0fde58b39:192.168.105.138:37507, 081ad964-3376-460f-bd95-735c4a840bc5:192.168.105.138:36581, eec977c4-3ffc-4dd0-aac2-8f7a7c7db7cb:192.168.105.138:45737], old=null
2019-06-13 23:41:02,825 INFO  impl.RoleInfo (RoleInfo.java:shutdownLeaderElection(134)) - 22918fc1-5b1d-4bd8-8927-0ac0fde58b39: shutdown LeaderElection
2019-06-13 23:41:02,825 INFO  impl.RaftServerImpl (RaftServerImpl.java:setRole(164)) - 22918fc1-5b1d-4bd8-8927-0ac0fde58b39:group-DE815C153D36 changes role from CANDIDATE to LEADER at term 1 for changeToLeader
2019-06-13 23:41:02,825 INFO  impl.RaftServerImpl (ServerState.java:setLeader(263)) - 22918fc1-5b1d-4bd8-8927-0ac0fde58b39:group-DE815C153D36 change Leader from null to 22918fc1-5b1d-4bd8-8927-0ac0fde58b39 at term 1 for becomeLeader, leader elected after 1044ms
2019-06-13 23:41:02,825 INFO  server.RaftServerConfigKeys (ConfUtils.java:logGet(43)) - raft.server.staging.catchup.gap = 1000 (default)
2019-06-13 23:41:02,825 INFO  server.RaftServerConfigKeys (ConfUtils.java:logGet(43)) - raft.server.rpc.sleep.time = 25ms (default)
2019-06-13 23:41:02,825 INFO  server.RaftServerConfigKeys (ConfUtils.java:logGet(43)) - raft.server.watch.timeout = 10s (default)
2019-06-13 23:41:02,825 INFO  server.RaftServerConfigKeys (ConfUtils.java:logGet(43)) - raft.server.watch.timeout.denomination = 1s (default)
2019-06-13 23:41:02,826 INFO  server.RaftServerConfigKeys (ConfUtils.java:logGet(43)) - raft.server.log.appender.snapshot.chunk.size.max = 16MB (=16777216) (default)
2019-06-13 23:41:02,826 INFO  server.RaftServerConfigKeys (ConfUtils.java:logGet(43)) - raft.server.log.appender.buffer.byte-limit = 33554432 (custom)
2019-06-13 23:41:02,826 INFO  server.RaftServerConfigKeys (ConfUtils.java:logGet(43)) - raft.server.log.appender.buffer.element-limit = 1 (custom)
2019-06-13 23:41:02,826 INFO  grpc.GrpcConfigKeys$Server (ConfUtils.java:logGet(43)) - raft.grpc.server.leader.outstanding.appends.max = 128 (default)
2019-06-13 23:41:02,826 INFO  server.RaftServerConfigKeys (ConfUtils.java:logGet(43)) - raft.server.rpc.request.timeout = 3000ms (default)
2019-06-13 23:41:02,826 INFO  server.RaftServerConfigKeys (ConfUtils.java:logGet(43)) - raft.server.log.appender.install.snapshot.enabled = true (default)
2019-06-13 23:41:02,826 INFO  server.RaftServerConfigKeys (ConfUtils.java:logGet(43)) - raft.server.log.appender.snapshot.chunk.size.max = 16MB (=16777216) (default)
2019-06-13 23:41:02,826 INFO  server.RaftServerConfigKeys (ConfUtils.java:logGet(43)) - raft.server.log.appender.buffer.byte-limit = 33554432 (custom)
2019-06-13 23:41:02,827 INFO  server.RaftServerConfigKeys (ConfUtils.java:logGet(43)) - raft.server.log.appender.buffer.element-limit = 1 (custom)
2019-06-13 23:41:02,827 INFO  grpc.GrpcConfigKeys$Server (ConfUtils.java:logGet(43)) - raft.grpc.server.leader.outstanding.appends.max = 128 (default)
2019-06-13 23:41:02,827 INFO  server.RaftServerConfigKeys (ConfUtils.java:logGet(43)) - raft.server.rpc.request.timeout = 3000ms (default)
2019-06-13 23:41:02,827 INFO  server.RaftServerConfigKeys (ConfUtils.java:logGet(43)) - raft.server.log.appender.install.snapshot.enabled = true (default)
2019-06-13 23:41:02,827 INFO  impl.RoleInfo (RoleInfo.java:updateAndGet(143)) - 22918fc1-5b1d-4bd8-8927-0ac0fde58b39: start LeaderState
2019-06-13 23:41:02,827 INFO  storage.RaftLogWorker (RaftLogWorker.java:startLogSegment(298)) - 22918fc1-5b1d-4bd8-8927-0ac0fde58b39-RaftLogWorker: Starting segment from index:0
2019-06-13 23:41:02,833 INFO  impl.RaftServerImpl (ServerState.java:setRaftConf(361)) - 22918fc1-5b1d-4bd8-8927-0ac0fde58b39:group-DE815C153D36 set configuration 0: [22918fc1-5b1d-4bd8-8927-0ac0fde58b39:192.168.105.138:37507, 081ad964-3376-460f-bd95-735c4a840bc5:192.168.105.138:36581, eec977c4-3ffc-4dd0-aac2-8f7a7c7db7cb:192.168.105.138:45737], old=null at 0
2019-06-13 23:41:02,835 INFO  impl.RaftServerImpl (ServerState.java:setLeader(263)) - 081ad964-3376-460f-bd95-735c4a840bc5:group-DE815C153D36 change Leader from null to 22918fc1-5b1d-4bd8-8927-0ac0fde58b39 at term 1 for appendEntries, leader elected after 1055ms
2019-06-13 23:41:02,836 INFO  impl.RaftServerImpl (ServerState.java:setLeader(263)) - eec977c4-3ffc-4dd0-aac2-8f7a7c7db7cb:group-DE815C153D36 change Leader from null to 22918fc1-5b1d-4bd8-8927-0ac0fde58b39 at term 1 for appendEntries, leader elected after 1055ms
2019-06-13 23:41:02,879 INFO  impl.RaftServerImpl (ServerState.java:setRaftConf(361)) - eec977c4-3ffc-4dd0-aac2-8f7a7c7db7cb:group-DE815C153D36 set configuration 0: [22918fc1-5b1d-4bd8-8927-0ac0fde58b39:192.168.105.138:37507, 081ad964-3376-460f-bd95-735c4a840bc5:192.168.105.138:36581, eec977c4-3ffc-4dd0-aac2-8f7a7c7db7cb:192.168.105.138:45737], old=null at 0
2019-06-13 23:41:02,879 INFO  storage.RaftLogWorker (RaftLogWorker.java:startLogSegment(298)) - eec977c4-3ffc-4dd0-aac2-8f7a7c7db7cb-RaftLogWorker: Starting segment from index:0
2019-06-13 23:41:02,880 INFO  storage.RaftLogWorker (RaftLogWorker.java:execute(469)) - 22918fc1-5b1d-4bd8-8927-0ac0fde58b39-RaftLogWorker: created new log segment /opt/src/hadoop-ozone/integration-test/target/test-dir/MiniOzoneClusterImpl-39435e09-9bd2-47ed-bc44-da526d475d5e/datanode-1/data/ratis/1954906f-aa49-43d8-9d79-de815c153d36/current/log_inprogress_0
2019-06-13 23:41:02,888 INFO  impl.RaftServerImpl (ServerState.java:setRaftConf(361)) - 081ad964-3376-460f-bd95-735c4a840bc5:group-DE815C153D36 set configuration 0: [22918fc1-5b1d-4bd8-8927-0ac0fde58b39:192.168.105.138:37507, 081ad964-3376-460f-bd95-735c4a840bc5:192.168.105.138:36581, eec977c4-3ffc-4dd0-aac2-8f7a7c7db7cb:192.168.105.138:45737], old=null at 0
2019-06-13 23:41:02,888 INFO  storage.RaftLogWorker (RaftLogWorker.java:startLogSegment(298)) - 081ad964-3376-460f-bd95-735c4a840bc5-RaftLogWorker: Starting segment from index:0
2019-06-13 23:41:02,921 INFO  impl.FollowerState (FollowerState.java:run(101)) - 081ad964-3376-460f-bd95-735c4a840bc5:group-F96BD650F935 changes to CANDIDATE, lastRpcTime:1195, electionTimeout:1195ms
2019-06-13 23:41:02,921 INFO  impl.RoleInfo (RoleInfo.java:shutdownFollowerState(121)) - 081ad964-3376-460f-bd95-735c4a840bc5: shutdown FollowerState
2019-06-13 23:41:02,921 INFO  impl.RaftServerImpl (RaftServerImpl.java:setRole(164)) - 081ad964-3376-460f-bd95-735c4a840bc5:group-F96BD650F935 changes role from FOLLOWER to CANDIDATE at term 0 for changeToCandidate
2019-06-13 23:41:02,922 INFO  impl.RoleInfo (RoleInfo.java:updateAndGet(143)) - 081ad964-3376-460f-bd95-735c4a840bc5: start LeaderElection
2019-06-13 23:41:02,924 INFO  impl.LeaderElection (LeaderElection.java:askForVotes(181)) - 081ad964-3376-460f-bd95-735c4a840bc5:group-F96BD650F935:LeaderElection77: begin an election at term 1 for -1: [081ad964-3376-460f-bd95-735c4a840bc5:192.168.105.138:36581], old=null
2019-06-13 23:41:02,924 INFO  impl.RoleInfo (RoleInfo.java:shutdownLeaderElection(134)) - 081ad964-3376-460f-bd95-735c4a840bc5: shutdown LeaderElection
2019-06-13 23:41:02,925 INFO  impl.RaftServerImpl (RaftServerImpl.java:setRole(164)) - 081ad964-3376-460f-bd95-735c4a840bc5:group-F96BD650F935 changes role from CANDIDATE to LEADER at term 1 for changeToLeader
2019-06-13 23:41:02,925 INFO  impl.RaftServerImpl (ServerState.java:setLeader(263)) - 081ad964-3376-460f-bd95-735c4a840bc5:group-F96BD650F935 change Leader from null to 081ad964-3376-460f-bd95-735c4a840bc5 at term 1 for becomeLeader, leader elected after 1200ms
2019-06-13 23:41:02,925 INFO  server.RaftServerConfigKeys (ConfUtils.java:logGet(43)) - raft.server.staging.catchup.gap = 1000 (default)
2019-06-13 23:41:02,925 INFO  server.RaftServerConfigKeys (ConfUtils.java:logGet(43)) - raft.server.rpc.sleep.time = 25ms (default)
2019-06-13 23:41:02,925 INFO  server.RaftServerConfigKeys (ConfUtils.java:logGet(43)) - raft.server.watch.timeout = 10s (default)
2019-06-13 23:41:02,925 INFO  server.RaftServerConfigKeys (ConfUtils.java:logGet(43)) - raft.server.watch.timeout.denomination = 1s (default)
2019-06-13 23:41:02,925 INFO  impl.RoleInfo (RoleInfo.java:updateAndGet(143)) - 081ad964-3376-460f-bd95-735c4a840bc5: start LeaderState
2019-06-13 23:41:02,926 INFO  storage.RaftLogWorker (RaftLogWorker.java:startLogSegment(298)) - 081ad964-3376-460f-bd95-735c4a840bc5-RaftLogWorker: Starting segment from index:0
2019-06-13 23:41:02,926 INFO  impl.RaftServerImpl (ServerState.java:setRaftConf(361)) - 081ad964-3376-460f-bd95-735c4a840bc5:group-F96BD650F935 set configuration 0: [081ad964-3376-460f-bd95-735c4a840bc5:192.168.105.138:36581], old=null at 0
2019-06-13 23:41:02,932 INFO  storage.RaftLogWorker (RaftLogWorker.java:execute(469)) - eec977c4-3ffc-4dd0-aac2-8f7a7c7db7cb-RaftLogWorker: created new log segment /opt/src/hadoop-ozone/integration-test/target/test-dir/MiniOzoneClusterImpl-39435e09-9bd2-47ed-bc44-da526d475d5e/datanode-0/data/ratis/1954906f-aa49-43d8-9d79-de815c153d36/current/log_inprogress_0
2019-06-13 23:41:02,937 INFO  storage.RaftLogWorker (RaftLogWorker.java:execute(469)) - 081ad964-3376-460f-bd95-735c4a840bc5-RaftLogWorker: created new log segment /opt/src/hadoop-ozone/integration-test/target/test-dir/MiniOzoneClusterImpl-39435e09-9bd2-47ed-bc44-da526d475d5e/datanode-2/data/ratis/1954906f-aa49-43d8-9d79-de815c153d36/current/log_inprogress_0
2019-06-13 23:41:02,968 INFO  storage.RaftLogWorker (RaftLogWorker.java:execute(469)) - 081ad964-3376-460f-bd95-735c4a840bc5-RaftLogWorker: created new log segment /opt/src/hadoop-ozone/integration-test/target/test-dir/MiniOzoneClusterImpl-39435e09-9bd2-47ed-bc44-da526d475d5e/datanode-2/data/ratis/073bfb1d-1cc1-4e46-82f7-f96bd650f935/current/log_inprogress_0
2019-06-13 23:41:02,968 WARN  server.GrpcLogAppender (LogUtils.java:warn(134)) - cb89d4f8-1878-4ef8-9b04-c29334c05cac: Failed appendEntries to 1ea106d7-9b98-4cee-8ff6-7d75b64b893d:192.168.105.138:45495: org.apache.ratis.thirdparty.io.grpc.StatusRuntimeException: UNAVAILABLE: io exception
2019-06-13 23:41:02,969 INFO  impl.FollowerInfo (FollowerInfo.java:lambda$new$0(50)) - cb89d4f8-1878-4ef8-9b04-c29334c05cac->1ea106d7-9b98-4cee-8ff6-7d75b64b893d: nextIndex: updateUnconditionally 0 -> 0
2019-06-13 23:41:02,983 INFO  impl.FollowerState (FollowerState.java:run(101)) - f989c141-8cb8-4eea-8bf0-035b2f862262:group-D97787F72A5E changes to CANDIDATE, lastRpcTime:1094, electionTimeout:1094ms
2019-06-13 23:41:02,983 INFO  impl.RoleInfo (RoleInfo.java:shutdownFollowerState(121)) - f989c141-8cb8-4eea-8bf0-035b2f862262: shutdown FollowerState
2019-06-13 23:41:02,983 INFO  impl.RaftServerImpl (RaftServerImpl.java:setRole(164)) - f989c141-8cb8-4eea-8bf0-035b2f862262:group-D97787F72A5E changes role from FOLLOWER to CANDIDATE at term 0 for changeToCandidate
2019-06-13 23:41:02,983 INFO  impl.RoleInfo (RoleInfo.java:updateAndGet(143)) - f989c141-8cb8-4eea-8bf0-035b2f862262: start LeaderElection
2019-06-13 23:41:02,986 INFO  impl.LeaderElection (LeaderElection.java:askForVotes(181)) - f989c141-8cb8-4eea-8bf0-035b2f862262:group-D97787F72A5E:LeaderElection78: begin an election at term 1 for -1: [f989c141-8cb8-4eea-8bf0-035b2f862262:192.168.105.138:38149], old=null
2019-06-13 23:41:02,986 INFO  impl.RoleInfo (RoleInfo.java:shutdownLeaderElection(134)) - f989c141-8cb8-4eea-8bf0-035b2f862262: shutdown LeaderElection
2019-06-13 23:41:02,986 INFO  impl.RaftServerImpl (RaftServerImpl.java:setRole(164)) - f989c141-8cb8-4eea-8bf0-035b2f862262:group-D97787F72A5E changes role from CANDIDATE to LEADER at term 1 for changeToLeader
2019-06-13 23:41:02,986 INFO  impl.RaftServerImpl (ServerState.java:setLeader(263)) - f989c141-8cb8-4eea-8bf0-035b2f862262:group-D97787F72A5E change Leader from null to f989c141-8cb8-4eea-8bf0-035b2f862262 at term 1 for becomeLeader, leader elected after 1099ms
2019-06-13 23:41:02,986 INFO  server.RaftServerConfigKeys (ConfUtils.java:logGet(43)) - raft.server.staging.catchup.gap = 1000 (default)
2019-06-13 23:41:02,986 WARN  server.GrpcLogAppender (LogUtils.java:warn(134)) - cb89d4f8-1878-4ef8-9b04-c29334c05cac: Failed appendEntries to 47bcbdc1-c7e9-4920-9a84-4aada272adfe:192.168.105.138:33305: org.apache.ratis.thirdparty.io.grpc.StatusRuntimeException: UNAVAILABLE: io exception
2019-06-13 23:41:02,986 INFO  server.RaftServerConfigKeys (ConfUtils.java:logGet(43)) - raft.server.rpc.sleep.time = 25ms (default)
2019-06-13 23:41:02,987 INFO  impl.FollowerInfo (FollowerInfo.java:lambda$new$0(50)) - cb89d4f8-1878-4ef8-9b04-c29334c05cac->47bcbdc1-c7e9-4920-9a84-4aada272adfe: nextIndex: updateUnconditionally 0 -> 0
2019-06-13 23:41:02,987 INFO  server.RaftServerConfigKeys (ConfUtils.java:logGet(43)) - raft.server.watch.timeout = 10s (default)
2019-06-13 23:41:02,987 INFO  server.RaftServerConfigKeys (ConfUtils.java:logGet(43)) - raft.server.watch.timeout.denomination = 1s (default)
2019-06-13 23:41:02,987 INFO  impl.RoleInfo (RoleInfo.java:updateAndGet(143)) - f989c141-8cb8-4eea-8bf0-035b2f862262: start LeaderState
2019-06-13 23:41:02,987 INFO  storage.RaftLogWorker (RaftLogWorker.java:startLogSegment(298)) - f989c141-8cb8-4eea-8bf0-035b2f862262-RaftLogWorker: Starting segment from index:0
2019-06-13 23:41:02,987 INFO  impl.RaftServerImpl (ServerState.java:setRaftConf(361)) - f989c141-8cb8-4eea-8bf0-035b2f862262:group-D97787F72A5E set configuration 0: [f989c141-8cb8-4eea-8bf0-035b2f862262:192.168.105.138:38149], old=null at 0
2019-06-13 23:41:03,031 INFO  storage.RaftLogWorker (RaftLogWorker.java:execute(469)) - f989c141-8cb8-4eea-8bf0-035b2f862262-RaftLogWorker: created new log segment /opt/src/hadoop-ozone/integration-test/target/test-dir/MiniOzoneClusterImpl-39435e09-9bd2-47ed-bc44-da526d475d5e/datanode-3/data/ratis/32da64ff-f233-4360-9f0a-d97787f72a5e/current/log_inprogress_0
2019-06-13 23:41:03,159 INFO  impl.FollowerState (FollowerState.java:run(101)) - ccc374d2-2ea2-4ad0-b5ff-cc678d2ac5d1:group-AE472425767C changes to CANDIDATE, lastRpcTime:1026, electionTimeout:1026ms
2019-06-13 23:41:03,159 INFO  impl.RoleInfo (RoleInfo.java:shutdownFollowerState(121)) - ccc374d2-2ea2-4ad0-b5ff-cc678d2ac5d1: shutdown FollowerState
2019-06-13 23:41:03,159 INFO  impl.RaftServerImpl (RaftServerImpl.java:setRole(164)) - ccc374d2-2ea2-4ad0-b5ff-cc678d2ac5d1:group-AE472425767C changes role from FOLLOWER to CANDIDATE at term 0 for changeToCandidate
2019-06-13 23:41:03,159 INFO  impl.RoleInfo (RoleInfo.java:updateAndGet(143)) - ccc374d2-2ea2-4ad0-b5ff-cc678d2ac5d1: start LeaderElection
2019-06-13 23:41:03,161 INFO  impl.LeaderElection (LeaderElection.java:askForVotes(181)) - ccc374d2-2ea2-4ad0-b5ff-cc678d2ac5d1:group-AE472425767C:LeaderElection79: begin an election at term 1 for -1: [ccc374d2-2ea2-4ad0-b5ff-cc678d2ac5d1:192.168.105.138:41779], old=null
2019-06-13 23:41:03,162 INFO  impl.RoleInfo (RoleInfo.java:shutdownLeaderElection(134)) - ccc374d2-2ea2-4ad0-b5ff-cc678d2ac5d1: shutdown LeaderElection
2019-06-13 23:41:03,162 INFO  impl.RaftServerImpl (RaftServerImpl.java:setRole(164)) - ccc374d2-2ea2-4ad0-b5ff-cc678d2ac5d1:group-AE472425767C changes role from CANDIDATE to LEADER at term 1 for changeToLeader
2019-06-13 23:41:03,162 INFO  impl.RaftServerImpl (ServerState.java:setLeader(263)) - ccc374d2-2ea2-4ad0-b5ff-cc678d2ac5d1:group-AE472425767C change Leader from null to ccc374d2-2ea2-4ad0-b5ff-cc678d2ac5d1 at term 1 for becomeLeader, leader elected after 1031ms
2019-06-13 23:41:03,162 INFO  server.RaftServerConfigKeys (ConfUtils.java:logGet(43)) - raft.server.staging.catchup.gap = 1000 (default)
2019-06-13 23:41:03,162 INFO  server.RaftServerConfigKeys (ConfUtils.java:logGet(43)) - raft.server.rpc.sleep.time = 25ms (default)
2019-06-13 23:41:03,162 INFO  server.RaftServerConfigKeys (ConfUtils.java:logGet(43)) - raft.server.watch.timeout = 10s (default)
2019-06-13 23:41:03,162 INFO  server.RaftServerConfigKeys (ConfUtils.java:logGet(43)) - raft.server.watch.timeout.denomination = 1s (default)
2019-06-13 23:41:03,162 INFO  impl.RoleInfo (RoleInfo.java:updateAndGet(143)) - ccc374d2-2ea2-4ad0-b5ff-cc678d2ac5d1: start LeaderState
2019-06-13 23:41:03,163 INFO  storage.RaftLogWorker (RaftLogWorker.java:startLogSegment(298)) - ccc374d2-2ea2-4ad0-b5ff-cc678d2ac5d1-RaftLogWorker: Starting segment from index:0
2019-06-13 23:41:03,163 INFO  impl.RaftServerImpl (ServerState.java:setRaftConf(361)) - ccc374d2-2ea2-4ad0-b5ff-cc678d2ac5d1:group-AE472425767C set configuration 0: [ccc374d2-2ea2-4ad0-b5ff-cc678d2ac5d1:192.168.105.138:41779], old=null at 0
2019-06-13 23:41:03,206 INFO  storage.RaftLogWorker (RaftLogWorker.java:execute(469)) - ccc374d2-2ea2-4ad0-b5ff-cc678d2ac5d1-RaftLogWorker: created new log segment /opt/src/hadoop-ozone/integration-test/target/test-dir/MiniOzoneClusterImpl-39435e09-9bd2-47ed-bc44-da526d475d5e/datanode-4/data/ratis/c1ee31cf-489b-4efd-b3f2-ae472425767c/current/log_inprogress_0
2019-06-13 23:41:03,308 INFO  impl.FollowerState (FollowerState.java:run(101)) - 0ec5173b-ef5d-473b-afb6-d56f2902e44d:group-5B7E2755549A changes to CANDIDATE, lastRpcTime:1112, electionTimeout:1112ms
2019-06-13 23:41:03,308 INFO  impl.RoleInfo (RoleInfo.java:shutdownFollowerState(121)) - 0ec5173b-ef5d-473b-afb6-d56f2902e44d: shutdown FollowerState
2019-06-13 23:41:03,308 INFO  impl.RaftServerImpl (RaftServerImpl.java:setRole(164)) - 0ec5173b-ef5d-473b-afb6-d56f2902e44d:group-5B7E2755549A changes role from FOLLOWER to CANDIDATE at term 0 for changeToCandidate
2019-06-13 23:41:03,308 INFO  impl.RoleInfo (RoleInfo.java:updateAndGet(143)) - 0ec5173b-ef5d-473b-afb6-d56f2902e44d: start LeaderElection
2019-06-13 23:41:03,310 INFO  ozone.MiniOzoneClusterImpl (MiniOzoneClusterImpl.java:lambda$waitForClusterToBeReady$0(142)) - Cluster is ready. Got 7 of 7 DN Heartbeats.
2019-06-13 23:41:03,312 INFO  impl.LeaderElection (LeaderElection.java:askForVotes(181)) - 0ec5173b-ef5d-473b-afb6-d56f2902e44d:group-5B7E2755549A:LeaderElection80: begin an election at term 1 for -1: [0ec5173b-ef5d-473b-afb6-d56f2902e44d:192.168.105.138:46315], old=null
2019-06-13 23:41:03,312 INFO  impl.RoleInfo (RoleInfo.java:shutdownLeaderElection(134)) - 0ec5173b-ef5d-473b-afb6-d56f2902e44d: shutdown LeaderElection
2019-06-13 23:41:03,312 INFO  impl.RaftServerImpl (RaftServerImpl.java:setRole(164)) - 0ec5173b-ef5d-473b-afb6-d56f2902e44d:group-5B7E2755549A changes role from CANDIDATE to LEADER at term 1 for changeToLeader
2019-06-13 23:41:03,312 INFO  impl.RaftServerImpl (ServerState.java:setLeader(263)) - 0ec5173b-ef5d-473b-afb6-d56f2902e44d:group-5B7E2755549A change Leader from null to 0ec5173b-ef5d-473b-afb6-d56f2902e44d at term 1 for becomeLeader, leader elected after 1118ms
2019-06-13 23:41:03,312 INFO  server.RaftServerConfigKeys (ConfUtils.java:logGet(43)) - raft.server.staging.catchup.gap = 1000 (default)
2019-06-13 23:41:03,312 INFO  server.RaftServerConfigKeys (ConfUtils.java:logGet(43)) - raft.server.rpc.sleep.time = 25ms (default)
2019-06-13 23:41:03,314 INFO  server.RaftServerConfigKeys (ConfUtils.java:logGet(43)) - raft.server.watch.timeout = 10s (default)
2019-06-13 23:41:03,314 INFO  server.RaftServerConfigKeys (ConfUtils.java:logGet(43)) - raft.server.watch.timeout.denomination = 1s (default)
2019-06-13 23:41:03,314 INFO  impl.RoleInfo (RoleInfo.java:updateAndGet(143)) - 0ec5173b-ef5d-473b-afb6-d56f2902e44d: start LeaderState
2019-06-13 23:41:03,314 INFO  storage.RaftLogWorker (RaftLogWorker.java:startLogSegment(298)) - 0ec5173b-ef5d-473b-afb6-d56f2902e44d-RaftLogWorker: Starting segment from index:0
2019-06-13 23:41:03,333 INFO  impl.RaftServerImpl (ServerState.java:setRaftConf(361)) - 0ec5173b-ef5d-473b-afb6-d56f2902e44d:group-5B7E2755549A set configuration 0: [0ec5173b-ef5d-473b-afb6-d56f2902e44d:192.168.105.138:46315], old=null at 0
2019-06-13 23:41:03,389 INFO  impl.FollowerState (FollowerState.java:run(101)) - ccc374d2-2ea2-4ad0-b5ff-cc678d2ac5d1:group-280D45797B4A changes to CANDIDATE, lastRpcTime:1105, electionTimeout:1093ms
2019-06-13 23:41:03,393 INFO  impl.RoleInfo (RoleInfo.java:shutdownFollowerState(121)) - ccc374d2-2ea2-4ad0-b5ff-cc678d2ac5d1: shutdown FollowerState
2019-06-13 23:41:03,397 INFO  impl.RaftServerImpl (RaftServerImpl.java:setRole(164)) - ccc374d2-2ea2-4ad0-b5ff-cc678d2ac5d1:group-280D45797B4A changes role from FOLLOWER to CANDIDATE at term 0 for changeToCandidate
2019-06-13 23:41:03,393 INFO  storage.RaftLogWorker (RaftLogWorker.java:execute(469)) - 0ec5173b-ef5d-473b-afb6-d56f2902e44d-RaftLogWorker: created new log segment /opt/src/hadoop-ozone/integration-test/target/test-dir/MiniOzoneClusterImpl-39435e09-9bd2-47ed-bc44-da526d475d5e/datanode-5/data/ratis/05efd13f-dbb5-452b-9f50-5b7e2755549a/current/log_inprogress_0
2019-06-13 23:41:03,401 INFO  impl.RoleInfo (RoleInfo.java:updateAndGet(143)) - ccc374d2-2ea2-4ad0-b5ff-cc678d2ac5d1: start LeaderElection
2019-06-13 23:41:03,405 INFO  impl.FollowerState (FollowerState.java:run(101)) - a1a96adf-3730-4e7b-994c-e3bd0ef71f1d:group-DDD04DC9417E changes to CANDIDATE, lastRpcTime:1074, electionTimeout:1070ms
2019-06-13 23:41:03,405 INFO  impl.RoleInfo (RoleInfo.java:shutdownFollowerState(121)) - a1a96adf-3730-4e7b-994c-e3bd0ef71f1d: shutdown FollowerState
2019-06-13 23:41:03,405 INFO  impl.RaftServerImpl (RaftServerImpl.java:setRole(164)) - a1a96adf-3730-4e7b-994c-e3bd0ef71f1d:group-DDD04DC9417E changes role from FOLLOWER to CANDIDATE at term 0 for changeToCandidate
2019-06-13 23:41:03,405 INFO  impl.RoleInfo (RoleInfo.java:updateAndGet(143)) - a1a96adf-3730-4e7b-994c-e3bd0ef71f1d: start LeaderElection
2019-06-13 23:41:03,414 INFO  impl.LeaderElection (LeaderElection.java:askForVotes(181)) - ccc374d2-2ea2-4ad0-b5ff-cc678d2ac5d1:group-280D45797B4A:LeaderElection81: begin an election at term 1 for -1: [ccc374d2-2ea2-4ad0-b5ff-cc678d2ac5d1:192.168.105.138:41779, 0ec5173b-ef5d-473b-afb6-d56f2902e44d:192.168.105.138:46315, f989c141-8cb8-4eea-8bf0-035b2f862262:192.168.105.138:38149], old=null
2019-06-13 23:41:03,426 INFO  impl.FollowerState (FollowerState.java:run(101)) - 0ec5173b-ef5d-473b-afb6-d56f2902e44d:group-280D45797B4A changes to CANDIDATE, lastRpcTime:1142, electionTimeout:1137ms
2019-06-13 23:41:03,426 INFO  impl.RoleInfo (RoleInfo.java:shutdownFollowerState(121)) - 0ec5173b-ef5d-473b-afb6-d56f2902e44d: shutdown FollowerState
2019-06-13 23:41:03,426 INFO  impl.RaftServerImpl (RaftServerImpl.java:setRole(164)) - 0ec5173b-ef5d-473b-afb6-d56f2902e44d:group-280D45797B4A changes role from FOLLOWER to CANDIDATE at term 0 for changeToCandidate
2019-06-13 23:41:03,426 INFO  impl.RoleInfo (RoleInfo.java:updateAndGet(143)) - 0ec5173b-ef5d-473b-afb6-d56f2902e44d: start LeaderElection
2019-06-13 23:41:03,427 INFO  rpc.RpcClient (RpcClient.java:createVolume(289)) - Creating Volume: watchforcommithandlingtest, with root as owner.
2019-06-13 23:41:03,429 INFO  impl.LeaderElection (LeaderElection.java:askForVotes(181)) - 0ec5173b-ef5d-473b-afb6-d56f2902e44d:group-280D45797B4A:LeaderElection83: begin an election at term 1 for -1: [ccc374d2-2ea2-4ad0-b5ff-cc678d2ac5d1:192.168.105.138:41779, 0ec5173b-ef5d-473b-afb6-d56f2902e44d:192.168.105.138:46315, f989c141-8cb8-4eea-8bf0-035b2f862262:192.168.105.138:38149], old=null
2019-06-13 23:41:03,441 INFO  impl.FollowerState (FollowerState.java:run(101)) - f989c141-8cb8-4eea-8bf0-035b2f862262:group-280D45797B4A changes to CANDIDATE, lastRpcTime:1161, electionTimeout:1158ms
2019-06-13 23:41:03,441 INFO  impl.RoleInfo (RoleInfo.java:shutdownFollowerState(121)) - f989c141-8cb8-4eea-8bf0-035b2f862262: shutdown FollowerState
2019-06-13 23:41:03,441 INFO  impl.RaftServerImpl (RaftServerImpl.java:setRole(164)) - f989c141-8cb8-4eea-8bf0-035b2f862262:group-280D45797B4A changes role from FOLLOWER to CANDIDATE at term 0 for changeToCandidate
2019-06-13 23:41:03,442 INFO  impl.RoleInfo (RoleInfo.java:updateAndGet(143)) - f989c141-8cb8-4eea-8bf0-035b2f862262: start LeaderElection
2019-06-13 23:41:03,449 INFO  impl.LeaderElection (LeaderElection.java:askForVotes(181)) - a1a96adf-3730-4e7b-994c-e3bd0ef71f1d:group-DDD04DC9417E:LeaderElection82: begin an election at term 1 for -1: [a1a96adf-3730-4e7b-994c-e3bd0ef71f1d:192.168.105.138:37509], old=null
2019-06-13 23:41:03,449 INFO  impl.RoleInfo (RoleInfo.java:shutdownLeaderElection(134)) - a1a96adf-3730-4e7b-994c-e3bd0ef71f1d: shutdown LeaderElection
2019-06-13 23:41:03,450 INFO  impl.RaftServerImpl (RaftServerImpl.java:setRole(164)) - a1a96adf-3730-4e7b-994c-e3bd0ef71f1d:group-DDD04DC9417E changes role from CANDIDATE to LEADER at term 1 for changeToLeader
2019-06-13 23:41:03,450 INFO  impl.RaftServerImpl (ServerState.java:setLeader(263)) - a1a96adf-3730-4e7b-994c-e3bd0ef71f1d:group-DDD04DC9417E change Leader from null to a1a96adf-3730-4e7b-994c-e3bd0ef71f1d at term 1 for becomeLeader, leader elected after 1121ms
2019-06-13 23:41:03,450 INFO  server.RaftServerConfigKeys (ConfUtils.java:logGet(43)) - raft.server.staging.catchup.gap = 1000 (default)
2019-06-13 23:41:03,450 INFO  server.RaftServerConfigKeys (ConfUtils.java:logGet(43)) - raft.server.rpc.sleep.time = 25ms (default)
2019-06-13 23:41:03,450 INFO  server.RaftServerConfigKeys (ConfUtils.java:logGet(43)) - raft.server.watch.timeout = 10s (default)
2019-06-13 23:41:03,450 INFO  server.RaftServerConfigKeys (ConfUtils.java:logGet(43)) - raft.server.watch.timeout.denomination = 1s (default)
2019-06-13 23:41:03,450 INFO  impl.RoleInfo (RoleInfo.java:updateAndGet(143)) - a1a96adf-3730-4e7b-994c-e3bd0ef71f1d: start LeaderState
2019-06-13 23:41:03,450 INFO  storage.RaftLogWorker (RaftLogWorker.java:startLogSegment(298)) - a1a96adf-3730-4e7b-994c-e3bd0ef71f1d-RaftLogWorker: Starting segment from index:0
2019-06-13 23:41:03,481 INFO  impl.RaftServerImpl (ServerState.java:setRaftConf(361)) - a1a96adf-3730-4e7b-994c-e3bd0ef71f1d:group-DDD04DC9417E set configuration 0: [a1a96adf-3730-4e7b-994c-e3bd0ef71f1d:192.168.105.138:37509], old=null at 0
2019-06-13 23:41:03,510 INFO  storage.RaftLogWorker (RaftLogWorker.java:execute(469)) - a1a96adf-3730-4e7b-994c-e3bd0ef71f1d-RaftLogWorker: created new log segment /opt/src/hadoop-ozone/integration-test/target/test-dir/MiniOzoneClusterImpl-39435e09-9bd2-47ed-bc44-da526d475d5e/datanode-6/data/ratis/7f5892f0-bc56-4ce8-a33f-ddd04dc9417e/current/log_inprogress_0
2019-06-13 23:41:03,527 INFO  impl.RaftServerImpl (RaftServerImpl.java:setRole(164)) - f989c141-8cb8-4eea-8bf0-035b2f862262:group-280D45797B4A changes role from CANDIDATE to FOLLOWER at term 1 for recognizeCandidate:ccc374d2-2ea2-4ad0-b5ff-cc678d2ac5d1
2019-06-13 23:41:03,527 INFO  impl.RoleInfo (RoleInfo.java:shutdownLeaderElection(134)) - f989c141-8cb8-4eea-8bf0-035b2f862262: shutdown LeaderElection
2019-06-13 23:41:03,534 WARN  server.GrpcLogAppender (LogUtils.java:warn(134)) - cb89d4f8-1878-4ef8-9b04-c29334c05cac: Failed appendEntries to 1ea106d7-9b98-4cee-8ff6-7d75b64b893d:192.168.105.138:45495: org.apache.ratis.thirdparty.io.grpc.StatusRuntimeException: UNAVAILABLE: io exception
2019-06-13 23:41:03,534 INFO  impl.FollowerInfo (FollowerInfo.java:lambda$new$0(50)) - cb89d4f8-1878-4ef8-9b04-c29334c05cac->1ea106d7-9b98-4cee-8ff6-7d75b64b893d: nextIndex: updateUnconditionally 0 -> 0
2019-06-13 23:41:03,540 INFO  rpc.RpcClient (RpcClient.java:createBucket(426)) - Creating Bucket: watchforcommithandlingtest/watchforcommithandlingtest, with Versioning false and Storage Type set to DISK and Encryption set to false 
2019-06-13 23:41:03,546 WARN  server.GrpcLogAppender (LogUtils.java:warn(134)) - cb89d4f8-1878-4ef8-9b04-c29334c05cac: Failed appendEntries to 47bcbdc1-c7e9-4920-9a84-4aada272adfe:192.168.105.138:33305: org.apache.ratis.thirdparty.io.grpc.StatusRuntimeException: UNAVAILABLE: io exception
2019-06-13 23:41:03,547 INFO  impl.FollowerInfo (FollowerInfo.java:lambda$new$0(50)) - cb89d4f8-1878-4ef8-9b04-c29334c05cac->47bcbdc1-c7e9-4920-9a84-4aada272adfe: nextIndex: updateUnconditionally 0 -> 0
2019-06-13 23:41:03,549 INFO  impl.RoleInfo (RoleInfo.java:updateAndGet(143)) - f989c141-8cb8-4eea-8bf0-035b2f862262: start FollowerState
2019-06-13 23:41:03,556 INFO  ozone.MiniOzoneClusterImpl (MiniOzoneClusterImpl.java:getStorageContainerLocationClient(241)) - Creating StorageContainerLocationProtocol RPC client with address /0.0.0.0:40717
2019-06-13 23:41:03,563 INFO  impl.LeaderElection (LeaderElection.java:logAndReturn(56)) - ccc374d2-2ea2-4ad0-b5ff-cc678d2ac5d1:group-280D45797B4A:LeaderElection81: Election REJECTED; received 2 response(s) [ccc374d2-2ea2-4ad0-b5ff-cc678d2ac5d1->0ec5173b-ef5d-473b-afb6-d56f2902e44d,false-t1, ccc374d2-2ea2-4ad0-b5ff-cc678d2ac5d1->f989c141-8cb8-4eea-8bf0-035b2f862262,false-t1] and 0 exception(s); ccc374d2-2ea2-4ad0-b5ff-cc678d2ac5d1:t1, leader=null, voted=ccc374d2-2ea2-4ad0-b5ff-cc678d2ac5d1, raftlog=ccc374d2-2ea2-4ad0-b5ff-cc678d2ac5d1-SegmentedRaftLog:OPENED:c-1,f-1,i0, conf=-1: [ccc374d2-2ea2-4ad0-b5ff-cc678d2ac5d1:192.168.105.138:41779, 0ec5173b-ef5d-473b-afb6-d56f2902e44d:192.168.105.138:46315, f989c141-8cb8-4eea-8bf0-035b2f862262:192.168.105.138:38149], old=null
2019-06-13 23:41:03,563 INFO  impl.RaftServerImpl (RaftServerImpl.java:setRole(164)) - ccc374d2-2ea2-4ad0-b5ff-cc678d2ac5d1:group-280D45797B4A changes role from CANDIDATE to FOLLOWER at term 1 for DISCOVERED_A_NEW_TERM
2019-06-13 23:41:03,564 INFO  impl.RoleInfo (RoleInfo.java:shutdownLeaderElection(134)) - ccc374d2-2ea2-4ad0-b5ff-cc678d2ac5d1: shutdown LeaderElection
2019-06-13 23:41:03,564 INFO  impl.RoleInfo (RoleInfo.java:updateAndGet(143)) - ccc374d2-2ea2-4ad0-b5ff-cc678d2ac5d1: start FollowerState
2019-06-13 23:41:03,567 INFO  impl.RaftServerImpl (RaftServerImpl.java:setRole(164)) - f989c141-8cb8-4eea-8bf0-035b2f862262:group-280D45797B4A changes role from FOLLOWER to FOLLOWER at term 1 for recognizeCandidate:0ec5173b-ef5d-473b-afb6-d56f2902e44d
2019-06-13 23:41:03,567 INFO  impl.RoleInfo (RoleInfo.java:shutdownFollowerState(121)) - f989c141-8cb8-4eea-8bf0-035b2f862262: shutdown FollowerState
2019-06-13 23:41:03,567 INFO  impl.RoleInfo (RoleInfo.java:updateAndGet(143)) - f989c141-8cb8-4eea-8bf0-035b2f862262: start FollowerState
2019-06-13 23:41:03,568 INFO  impl.FollowerState (FollowerState.java:run(109)) - f989c141-8cb8-4eea-8bf0-035b2f862262: FollowerState was interrupted: java.lang.InterruptedException: sleep interrupted
2019-06-13 23:41:03,579 INFO  impl.LeaderElection (LeaderElection.java:logAndReturn(56)) - 0ec5173b-ef5d-473b-afb6-d56f2902e44d:group-280D45797B4A:LeaderElection83: Election PASSED; received 2 response(s) [0ec5173b-ef5d-473b-afb6-d56f2902e44d->ccc374d2-2ea2-4ad0-b5ff-cc678d2ac5d1,false-t1, 0ec5173b-ef5d-473b-afb6-d56f2902e44d->f989c141-8cb8-4eea-8bf0-035b2f862262,true-t1] and 0 exception(s); 0ec5173b-ef5d-473b-afb6-d56f2902e44d:t1, leader=null, voted=0ec5173b-ef5d-473b-afb6-d56f2902e44d, raftlog=0ec5173b-ef5d-473b-afb6-d56f2902e44d-SegmentedRaftLog:OPENED:c-1,f-1,i0, conf=-1: [ccc374d2-2ea2-4ad0-b5ff-cc678d2ac5d1:192.168.105.138:41779, 0ec5173b-ef5d-473b-afb6-d56f2902e44d:192.168.105.138:46315, f989c141-8cb8-4eea-8bf0-035b2f862262:192.168.105.138:38149], old=null
2019-06-13 23:41:03,579 INFO  impl.RoleInfo (RoleInfo.java:shutdownLeaderElection(134)) - 0ec5173b-ef5d-473b-afb6-d56f2902e44d: shutdown LeaderElection
2019-06-13 23:41:03,579 INFO  impl.RaftServerImpl (RaftServerImpl.java:setRole(164)) - 0ec5173b-ef5d-473b-afb6-d56f2902e44d:group-280D45797B4A changes role from CANDIDATE to LEADER at term 1 for changeToLeader
2019-06-13 23:41:03,579 INFO  impl.RaftServerImpl (ServerState.java:setLeader(263)) - 0ec5173b-ef5d-473b-afb6-d56f2902e44d:group-280D45797B4A change Leader from null to 0ec5173b-ef5d-473b-afb6-d56f2902e44d at term 1 for becomeLeader, leader elected after 1300ms
2019-06-13 23:41:03,579 INFO  server.RaftServerConfigKeys (ConfUtils.java:logGet(43)) - raft.server.staging.catchup.gap = 1000 (default)
2019-06-13 23:41:03,579 INFO  server.RaftServerConfigKeys (ConfUtils.java:logGet(43)) - raft.server.rpc.sleep.time = 25ms (default)
2019-06-13 23:41:03,579 INFO  server.RaftServerConfigKeys (ConfUtils.java:logGet(43)) - raft.server.watch.timeout = 10s (default)
2019-06-13 23:41:03,579 INFO  server.RaftServerConfigKeys (ConfUtils.java:logGet(43)) - raft.server.watch.timeout.denomination = 1s (default)
2019-06-13 23:41:03,579 INFO  server.RaftServerConfigKeys (ConfUtils.java:logGet(43)) - raft.server.log.appender.snapshot.chunk.size.max = 16MB (=16777216) (default)
2019-06-13 23:41:03,580 INFO  server.RaftServerConfigKeys (ConfUtils.java:logGet(43)) - raft.server.log.appender.buffer.byte-limit = 33554432 (custom)
2019-06-13 23:41:03,580 INFO  server.RaftServerConfigKeys (ConfUtils.java:logGet(43)) - raft.server.log.appender.buffer.element-limit = 1 (custom)
2019-06-13 23:41:03,580 INFO  grpc.GrpcConfigKeys$Server (ConfUtils.java:logGet(43)) - raft.grpc.server.leader.outstanding.appends.max = 128 (default)
2019-06-13 23:41:03,580 INFO  server.RaftServerConfigKeys (ConfUtils.java:logGet(43)) - raft.server.rpc.request.timeout = 3000ms (default)
2019-06-13 23:41:03,580 INFO  server.RaftServerConfigKeys (ConfUtils.java:logGet(43)) - raft.server.log.appender.install.snapshot.enabled = true (default)
2019-06-13 23:41:03,580 INFO  server.RaftServerConfigKeys (ConfUtils.java:logGet(43)) - raft.server.log.appender.snapshot.chunk.size.max = 16MB (=16777216) (default)
2019-06-13 23:41:03,580 INFO  server.RaftServerConfigKeys (ConfUtils.java:logGet(43)) - raft.server.log.appender.buffer.byte-limit = 33554432 (custom)
2019-06-13 23:41:03,580 INFO  server.RaftServerConfigKeys (ConfUtils.java:logGet(43)) - raft.server.log.appender.buffer.element-limit = 1 (custom)
2019-06-13 23:41:03,580 INFO  grpc.GrpcConfigKeys$Server (ConfUtils.java:logGet(43)) - raft.grpc.server.leader.outstanding.appends.max = 128 (default)
2019-06-13 23:41:03,581 INFO  server.RaftServerConfigKeys (ConfUtils.java:logGet(43)) - raft.server.rpc.request.timeout = 3000ms (default)
2019-06-13 23:41:03,581 INFO  server.RaftServerConfigKeys (ConfUtils.java:logGet(43)) - raft.server.log.appender.install.snapshot.enabled = true (default)
2019-06-13 23:41:03,581 INFO  impl.RoleInfo (RoleInfo.java:updateAndGet(143)) - 0ec5173b-ef5d-473b-afb6-d56f2902e44d: start LeaderState
2019-06-13 23:41:03,581 INFO  storage.RaftLogWorker (RaftLogWorker.java:startLogSegment(298)) - 0ec5173b-ef5d-473b-afb6-d56f2902e44d-RaftLogWorker: Starting segment from index:0
2019-06-13 23:41:03,587 INFO  impl.RaftServerImpl (ServerState.java:setRaftConf(361)) - 0ec5173b-ef5d-473b-afb6-d56f2902e44d:group-280D45797B4A set configuration 0: [ccc374d2-2ea2-4ad0-b5ff-cc678d2ac5d1:192.168.105.138:41779, 0ec5173b-ef5d-473b-afb6-d56f2902e44d:192.168.105.138:46315, f989c141-8cb8-4eea-8bf0-035b2f862262:192.168.105.138:38149], old=null at 0
2019-06-13 23:41:03,588 INFO  impl.RaftServerImpl (ServerState.java:setLeader(263)) - ccc374d2-2ea2-4ad0-b5ff-cc678d2ac5d1:group-280D45797B4A change Leader from null to 0ec5173b-ef5d-473b-afb6-d56f2902e44d at term 1 for appendEntries, leader elected after 1320ms
2019-06-13 23:41:03,596 INFO  impl.RaftServerImpl (ServerState.java:setLeader(263)) - f989c141-8cb8-4eea-8bf0-035b2f862262:group-280D45797B4A change Leader from null to 0ec5173b-ef5d-473b-afb6-d56f2902e44d at term 1 for appendEntries, leader elected after 1319ms
2019-06-13 23:41:03,602 INFO  impl.RaftServerImpl (ServerState.java:setRaftConf(361)) - ccc374d2-2ea2-4ad0-b5ff-cc678d2ac5d1:group-280D45797B4A set configuration 0: [ccc374d2-2ea2-4ad0-b5ff-cc678d2ac5d1:192.168.105.138:41779, 0ec5173b-ef5d-473b-afb6-d56f2902e44d:192.168.105.138:46315, f989c141-8cb8-4eea-8bf0-035b2f862262:192.168.105.138:38149], old=null at 0
2019-06-13 23:41:03,602 INFO  storage.RaftLogWorker (RaftLogWorker.java:startLogSegment(298)) - ccc374d2-2ea2-4ad0-b5ff-cc678d2ac5d1-RaftLogWorker: Starting segment from index:0
2019-06-13 23:41:03,634 INFO  impl.RaftServerImpl (ServerState.java:setRaftConf(361)) - f989c141-8cb8-4eea-8bf0-035b2f862262:group-280D45797B4A set configuration 0: [ccc374d2-2ea2-4ad0-b5ff-cc678d2ac5d1:192.168.105.138:41779, 0ec5173b-ef5d-473b-afb6-d56f2902e44d:192.168.105.138:46315, f989c141-8cb8-4eea-8bf0-035b2f862262:192.168.105.138:38149], old=null at 0
2019-06-13 23:41:03,634 INFO  storage.RaftLogWorker (RaftLogWorker.java:startLogSegment(298)) - f989c141-8cb8-4eea-8bf0-035b2f862262-RaftLogWorker: Starting segment from index:0
2019-06-13 23:41:03,693 INFO  storage.RaftLogWorker (RaftLogWorker.java:execute(469)) - 0ec5173b-ef5d-473b-afb6-d56f2902e44d-RaftLogWorker: created new log segment /opt/src/hadoop-ozone/integration-test/target/test-dir/MiniOzoneClusterImpl-39435e09-9bd2-47ed-bc44-da526d475d5e/datanode-5/data/ratis/15adad86-5202-4d6f-8a42-280d45797b4a/current/log_inprogress_0
2019-06-13 23:41:03,754 INFO  client.GrpcClientProtocolClient (GrpcClientProtocolClient.java:onNext(254)) - client-C607AA09F92D->22918fc1-5b1d-4bd8-8927-0ac0fde58b39: receive RaftClientReply:client-C607AA09F92D->22918fc1-5b1d-4bd8-8927-0ac0fde58b39@group-DE815C153D36, cid=120, SUCCESS, logIndex=1, commits[22918fc1-5b1d-4bd8-8927-0ac0fde58b39:c2, 081ad964-3376-460f-bd95-735c4a840bc5:c1, eec977c4-3ffc-4dd0-aac2-8f7a7c7db7cb:c1]
2019-06-13 23:41:03,754 INFO  storage.RaftLogWorker (RaftLogWorker.java:execute(469)) - f989c141-8cb8-4eea-8bf0-035b2f862262-RaftLogWorker: created new log segment /opt/src/hadoop-ozone/integration-test/target/test-dir/MiniOzoneClusterImpl-39435e09-9bd2-47ed-bc44-da526d475d5e/datanode-3/data/ratis/15adad86-5202-4d6f-8a42-280d45797b4a/current/log_inprogress_0
2019-06-13 23:41:03,760 INFO  datanode.ObjectStoreHandler (ObjectStoreHandler.java:close(155)) - Closing ObjectStoreHandler.
2019-06-13 23:41:03,760 INFO  ozone.HddsDatanodeService (HddsDatanodeService.java:stop(452)) - Stopped plug-in org.apache.hadoop.ozone.web.OzoneHddsDatanodeService@99ace98
2019-06-13 23:41:03,760 INFO  statemachine.DatanodeStateMachine (DatanodeStateMachine.java:lambda$startDaemon$0(350)) - Ozone container server started.
2019-06-13 23:41:03,761 INFO  ozoneimpl.OzoneContainer (OzoneContainer.java:stop(199)) - Attempting to stop container services.
2019-06-13 23:41:03,761 INFO  impl.RaftServerProxy (RaftServerProxy.java:lambda$close$4(314)) - 22918fc1-5b1d-4bd8-8927-0ac0fde58b39: close
2019-06-13 23:41:03,762 INFO  impl.RaftServerImpl (RaftServerImpl.java:lambda$shutdown$3(238)) - 22918fc1-5b1d-4bd8-8927-0ac0fde58b39: shutdown group-354DE7580A57
2019-06-13 23:41:03,762 INFO  util.JmxRegister (JmxRegister.java:unregister(73)) - Successfully un-registered JMX Bean with object name Ratis:service=RaftServer,group=group-354DE7580A57,id=22918fc1-5b1d-4bd8-8927-0ac0fde58b39
2019-06-13 23:41:03,762 INFO  impl.RoleInfo (RoleInfo.java:shutdownLeaderState(104)) - 22918fc1-5b1d-4bd8-8927-0ac0fde58b39: shutdown LeaderState
2019-06-13 23:41:03,762 INFO  impl.PendingRequests (PendingRequests.java:sendNotLeaderResponses(140)) - 22918fc1-5b1d-4bd8-8927-0ac0fde58b39-PendingRequests: sendNotLeaderResponses
2019-06-13 23:41:03,772 INFO  storage.RaftLogWorker (RaftLogWorker.java:execute(469)) - ccc374d2-2ea2-4ad0-b5ff-cc678d2ac5d1-RaftLogWorker: created new log segment /opt/src/hadoop-ozone/integration-test/target/test-dir/MiniOzoneClusterImpl-39435e09-9bd2-47ed-bc44-da526d475d5e/datanode-4/data/ratis/15adad86-5202-4d6f-8a42-280d45797b4a/current/log_inprogress_0
2019-06-13 23:41:03,772 INFO  ratis.ContainerStateMachine (ContainerStateMachine.java:takeSnapshot(245)) - Taking snapshot at termIndex:(t:0, i:~)
2019-06-13 23:41:03,772 INFO  impl.StateMachineUpdater (StateMachineUpdater.java:stopAndJoin(109)) - StateMachineUpdater-22918fc1-5b1d-4bd8-8927-0ac0fde58b39-group-354DE7580A57: set stopIndex = 0
2019-06-13 23:41:03,774 INFO  impl.RaftServerImpl (ServerState.java:close(394)) - 22918fc1-5b1d-4bd8-8927-0ac0fde58b39:group-354DE7580A57 closes. The last applied log index is 0
2019-06-13 23:41:03,785 INFO  storage.RaftLogWorker (RaftLogWorker.java:run(236)) - 22918fc1-5b1d-4bd8-8927-0ac0fde58b39-RaftLogWorker was interrupted, exiting. There are 0 tasks remaining in the queue.
2019-06-13 23:41:03,792 INFO  storage.RaftLogWorker (RaftLogWorker.java:close(168)) - 22918fc1-5b1d-4bd8-8927-0ac0fde58b39-RaftLogWorker close()
2019-06-13 23:41:03,797 INFO  impl.RaftServerImpl (RaftServerImpl.java:lambda$shutdown$3(238)) - 22918fc1-5b1d-4bd8-8927-0ac0fde58b39: shutdown group-DE815C153D36
2019-06-13 23:41:03,798 INFO  util.JmxRegister (JmxRegister.java:unregister(73)) - Successfully un-registered JMX Bean with object name Ratis:service=RaftServer,group=group-DE815C153D36,id=22918fc1-5b1d-4bd8-8927-0ac0fde58b39
2019-06-13 23:41:03,798 INFO  impl.RoleInfo (RoleInfo.java:shutdownLeaderState(104)) - 22918fc1-5b1d-4bd8-8927-0ac0fde58b39: shutdown LeaderState
2019-06-13 23:41:03,798 INFO  impl.PendingRequests (PendingRequests.java:sendNotLeaderResponses(140)) - 22918fc1-5b1d-4bd8-8927-0ac0fde58b39-PendingRequests: sendNotLeaderResponses
2019-06-13 23:41:03,798 WARN  server.GrpcLogAppender (GrpcLogAppender.java:mayWait(142)) - GrpcLogAppender(22918fc1-5b1d-4bd8-8927-0ac0fde58b39 -> eec977c4-3ffc-4dd0-aac2-8f7a7c7db7cb): Wait interrupted by java.lang.InterruptedException
2019-06-13 23:41:03,799 INFO  server.GrpcServerProtocolService (GrpcServerProtocolService.java:onCompleted(104)) - eec977c4-3ffc-4dd0-aac2-8f7a7c7db7cb: appendEntries completed
2019-06-13 23:41:03,798 WARN  server.GrpcLogAppender (GrpcLogAppender.java:mayWait(142)) - GrpcLogAppender(22918fc1-5b1d-4bd8-8927-0ac0fde58b39 -> 081ad964-3376-460f-bd95-735c4a840bc5): Wait interrupted by java.lang.InterruptedException
2019-06-13 23:41:03,799 INFO  server.GrpcServerProtocolService (GrpcServerProtocolService.java:onCompleted(104)) - 081ad964-3376-460f-bd95-735c4a840bc5: appendEntries completed
2019-06-13 23:41:03,800 INFO  server.GrpcLogAppender (GrpcLogAppender.java:onCompleted(277)) - 22918fc1-5b1d-4bd8-8927-0ac0fde58b39: follower 22918fc1-5b1d-4bd8-8927-0ac0fde58b39->081ad964-3376-460f-bd95-735c4a840bc5(c1,m2,n3, attendVote=true, lastRpcSendTime=205, lastRpcResponseTime=167) response Completed
2019-06-13 23:41:03,800 INFO  server.GrpcLogAppender (GrpcLogAppender.java:onCompleted(277)) - 22918fc1-5b1d-4bd8-8927-0ac0fde58b39: follower 22918fc1-5b1d-4bd8-8927-0ac0fde58b39->eec977c4-3ffc-4dd0-aac2-8f7a7c7db7cb(c1,m2,n3, attendVote=true, lastRpcSendTime=205, lastRpcResponseTime=169) response Completed
2019-06-13 23:41:03,800 INFO  impl.FollowerInfo (FollowerInfo.java:lambda$new$0(50)) - 22918fc1-5b1d-4bd8-8927-0ac0fde58b39->eec977c4-3ffc-4dd0-aac2-8f7a7c7db7cb: nextIndex: updateUnconditionally 3 -> 0
2019-06-13 23:41:03,800 INFO  impl.FollowerInfo (FollowerInfo.java:lambda$new$0(50)) - 22918fc1-5b1d-4bd8-8927-0ac0fde58b39->081ad964-3376-460f-bd95-735c4a840bc5: nextIndex: updateUnconditionally 3 -> 0
2019-06-13 23:41:03,817 INFO  impl.StateMachineUpdater (StateMachineUpdater.java:stopAndJoin(109)) - StateMachineUpdater-22918fc1-5b1d-4bd8-8927-0ac0fde58b39-group-DE815C153D36: set stopIndex = 2
2019-06-13 23:41:03,817 INFO  ratis.ContainerStateMachine (ContainerStateMachine.java:takeSnapshot(245)) - Taking snapshot at termIndex:(t:1, i:2)
2019-06-13 23:41:03,818 INFO  ratis.ContainerStateMachine (ContainerStateMachine.java:takeSnapshot(249)) - Taking a snapshot to file /opt/src/hadoop-ozone/integration-test/target/test-dir/MiniOzoneClusterImpl-39435e09-9bd2-47ed-bc44-da526d475d5e/datanode-1/data/ratis/1954906f-aa49-43d8-9d79-de815c153d36/sm/snapshot.1_2
2019-06-13 23:41:03,818 INFO  impl.RaftServerImpl (ServerState.java:close(394)) - 22918fc1-5b1d-4bd8-8927-0ac0fde58b39:group-DE815C153D36 closes. The last applied log index is 2
2019-06-13 23:41:03,819 INFO  storage.RaftLogWorker (RaftLogWorker.java:run(236)) - 22918fc1-5b1d-4bd8-8927-0ac0fde58b39-RaftLogWorker was interrupted, exiting. There are 0 tasks remaining in the queue.
2019-06-13 23:41:03,823 INFO  storage.RaftLogWorker (RaftLogWorker.java:close(168)) - 22918fc1-5b1d-4bd8-8927-0ac0fde58b39-RaftLogWorker close()
2019-06-13 23:41:03,827 INFO  server.GrpcService (GrpcService.java:closeImpl(154)) - 22918fc1-5b1d-4bd8-8927-0ac0fde58b39: shutdown server with port 37507 now
2019-06-13 23:41:03,828 INFO  server.GrpcService (GrpcService.java:closeImpl(162)) - 22918fc1-5b1d-4bd8-8927-0ac0fde58b39: shutdown server with port 37507 successfully
2019-06-13 23:41:03,835 WARN  fs.CachingGetSpaceUsed (CachingGetSpaceUsed.java:run(183)) - Thread Interrupted waiting to refresh disk information: sleep interrupted
2019-06-13 23:41:03,850 INFO  statemachine.DatanodeStateMachine (DatanodeStateMachine.java:stopDaemon(395)) - Ozone container server stopped.
2019-06-13 23:41:03,851 INFO  handler.ContextHandler (ContextHandler.java:doStop(910)) - Stopped o.e.j.w.WebAppContext@588b02a0{/,null,UNAVAILABLE}{/hddsDatanode}
2019-06-13 23:41:03,852 INFO  server.AbstractConnector (AbstractConnector.java:doStop(318)) - Stopped ServerConnector@2100b770{HTTP/1.1,[http/1.1]}{0.0.0.0:0}
2019-06-13 23:41:03,852 INFO  handler.ContextHandler (ContextHandler.java:doStop(910)) - Stopped o.e.j.s.ServletContextHandler@6018a6a2{/static,jar:file:/root/.m2/repository/org/apache/hadoop/hadoop-hdds-container-service/0.5.0-SNAPSHOT/hadoop-hdds-container-service-0.5.0-SNAPSHOT.jar!/webapps/static,UNAVAILABLE}
2019-06-13 23:41:03,853 INFO  handler.ContextHandler (ContextHandler.java:doStop(910)) - Stopped o.e.j.s.ServletContextHandler@11c68269{/logs,file:///opt/src/hadoop-ozone/integration-test/target/log,UNAVAILABLE}
2019-06-13 23:41:03,983 WARN  server.GrpcLogAppender (LogUtils.java:warn(134)) - cb89d4f8-1878-4ef8-9b04-c29334c05cac: Failed appendEntries to 1ea106d7-9b98-4cee-8ff6-7d75b64b893d:192.168.105.138:45495: org.apache.ratis.thirdparty.io.grpc.StatusRuntimeException: UNAVAILABLE: io exception
2019-06-13 23:41:03,983 INFO  impl.FollowerInfo (FollowerInfo.java:lambda$new$0(50)) - cb89d4f8-1878-4ef8-9b04-c29334c05cac->1ea106d7-9b98-4cee-8ff6-7d75b64b893d: nextIndex: updateUnconditionally 0 -> 0
2019-06-13 23:41:04,010 WARN  server.GrpcLogAppender (LogUtils.java:warn(134)) - cb89d4f8-1878-4ef8-9b04-c29334c05cac: Failed appendEntries to 47bcbdc1-c7e9-4920-9a84-4aada272adfe:192.168.105.138:33305: org.apache.ratis.thirdparty.io.grpc.StatusRuntimeException: UNAVAILABLE: io exception
2019-06-13 23:41:04,010 INFO  impl.FollowerInfo (FollowerInfo.java:lambda$new$0(50)) - cb89d4f8-1878-4ef8-9b04-c29334c05cac->47bcbdc1-c7e9-4920-9a84-4aada272adfe: nextIndex: updateUnconditionally 0 -> 0
2019-06-13 23:41:04,483 WARN  server.GrpcLogAppender (LogUtils.java:warn(134)) - cb89d4f8-1878-4ef8-9b04-c29334c05cac: Failed appendEntries to 1ea106d7-9b98-4cee-8ff6-7d75b64b893d:192.168.105.138:45495: org.apache.ratis.thirdparty.io.grpc.StatusRuntimeException: UNAVAILABLE: io exception
2019-06-13 23:41:04,483 INFO  impl.FollowerInfo (FollowerInfo.java:lambda$new$0(50)) - cb89d4f8-1878-4ef8-9b04-c29334c05cac->1ea106d7-9b98-4cee-8ff6-7d75b64b893d: nextIndex: updateUnconditionally 0 -> 0
2019-06-13 23:41:04,510 WARN  server.GrpcLogAppender (LogUtils.java:warn(134)) - cb89d4f8-1878-4ef8-9b04-c29334c05cac: Failed appendEntries to 47bcbdc1-c7e9-4920-9a84-4aada272adfe:192.168.105.138:33305: org.apache.ratis.thirdparty.io.grpc.StatusRuntimeException: UNAVAILABLE: io exception
2019-06-13 23:41:04,510 INFO  impl.FollowerInfo (FollowerInfo.java:lambda$new$0(50)) - cb89d4f8-1878-4ef8-9b04-c29334c05cac->47bcbdc1-c7e9-4920-9a84-4aada272adfe: nextIndex: updateUnconditionally 0 -> 0
2019-06-13 23:41:04,832 INFO  impl.FollowerState (FollowerState.java:run(101)) - eec977c4-3ffc-4dd0-aac2-8f7a7c7db7cb:group-DE815C153D36 changes to CANDIDATE, lastRpcTime:1202, electionTimeout:1005ms
2019-06-13 23:41:04,848 INFO  impl.RoleInfo (RoleInfo.java:shutdownFollowerState(121)) - eec977c4-3ffc-4dd0-aac2-8f7a7c7db7cb: shutdown FollowerState
2019-06-13 23:41:04,848 INFO  impl.RaftServerImpl (RaftServerImpl.java:setRole(164)) - eec977c4-3ffc-4dd0-aac2-8f7a7c7db7cb:group-DE815C153D36 changes role from FOLLOWER to CANDIDATE at term 1 for changeToCandidate
2019-06-13 23:41:04,849 INFO  impl.RoleInfo (RoleInfo.java:updateAndGet(143)) - eec977c4-3ffc-4dd0-aac2-8f7a7c7db7cb: start LeaderElection
2019-06-13 23:41:04,849 INFO  impl.RaftServerImpl (ServerState.java:setLeader(263)) - eec977c4-3ffc-4dd0-aac2-8f7a7c7db7cb:group-DE815C153D36 change Leader from 22918fc1-5b1d-4bd8-8927-0ac0fde58b39 to null at term 1 for initElection
2019-06-13 23:41:04,852 INFO  impl.LeaderElection (LeaderElection.java:askForVotes(181)) - eec977c4-3ffc-4dd0-aac2-8f7a7c7db7cb:group-DE815C153D36:LeaderElection85: begin an election at term 2 for 0: [22918fc1-5b1d-4bd8-8927-0ac0fde58b39:192.168.105.138:37507, 081ad964-3376-460f-bd95-735c4a840bc5:192.168.105.138:36581, eec977c4-3ffc-4dd0-aac2-8f7a7c7db7cb:192.168.105.138:45737], old=null
2019-06-13 23:41:04,859 INFO  impl.LeaderElection (LogUtils.java:infoOrTrace(149)) - eec977c4-3ffc-4dd0-aac2-8f7a7c7db7cb:group-DE815C153D36:LeaderElection85 got exception when requesting votes: {}
java.util.concurrent.ExecutionException: org.apache.ratis.thirdparty.io.grpc.StatusRuntimeException: UNAVAILABLE: io exception
	at java.util.concurrent.FutureTask.report(FutureTask.java:122)
	at java.util.concurrent.FutureTask.get(FutureTask.java:192)
	at org.apache.ratis.server.impl.LeaderElection.waitForResults(LeaderElection.java:262)
	at org.apache.ratis.server.impl.LeaderElection.askForVotes(LeaderElection.java:200)
	at org.apache.ratis.server.impl.LeaderElection.run(LeaderElection.java:130)
	at java.lang.Thread.run(Thread.java:748)
Caused by: org.apache.ratis.thirdparty.io.grpc.StatusRuntimeException: UNAVAILABLE: io exception
	at org.apache.ratis.thirdparty.io.grpc.stub.ClientCalls.toStatusRuntimeException(ClientCalls.java:233)
	at org.apache.ratis.thirdparty.io.grpc.stub.ClientCalls.getUnchecked(ClientCalls.java:214)
	at org.apache.ratis.thirdparty.io.grpc.stub.ClientCalls.blockingUnaryCall(ClientCalls.java:139)
	at org.apache.ratis.proto.grpc.RaftServerProtocolServiceGrpc$RaftServerProtocolServiceBlockingStub.requestVote(RaftServerProtocolServiceGrpc.java:265)
	at org.apache.ratis.grpc.server.GrpcServerProtocolClient.requestVote(GrpcServerProtocolClient.java:83)
	at org.apache.ratis.grpc.server.GrpcService.requestVote(GrpcService.java:194)
	at org.apache.ratis.server.impl.LeaderElection.lambda$submitRequests$1(LeaderElection.java:237)
	at java.util.concurrent.FutureTask.run(FutureTask.java:266)
	at java.util.concurrent.Executors$RunnableAdapter.call(Executors.java:511)
	at java.util.concurrent.FutureTask.run(FutureTask.java:266)
	at java.util.concurrent.ThreadPoolExecutor.runWorker(ThreadPoolExecutor.java:1149)
	at java.util.concurrent.ThreadPoolExecutor$Worker.run(ThreadPoolExecutor.java:624)
	... 1 more
Caused by: org.apache.ratis.thirdparty.io.netty.channel.AbstractChannel$AnnotatedConnectException: Connection refused: /192.168.105.138:37507
	at sun.nio.ch.SocketChannelImpl.checkConnect(Native Method)
	at sun.nio.ch.SocketChannelImpl.finishConnect(SocketChannelImpl.java:717)
	at org.apache.ratis.thirdparty.io.netty.channel.socket.nio.NioSocketChannel.doFinishConnect(NioSocketChannel.java:327)
	at org.apache.ratis.thirdparty.io.netty.channel.nio.AbstractNioChannel$AbstractNioUnsafe.finishConnect(AbstractNioChannel.java:340)
	at org.apache.ratis.thirdparty.io.netty.channel.nio.NioEventLoop.processSelectedKey(NioEventLoop.java:632)
	at org.apache.ratis.thirdparty.io.netty.channel.nio.NioEventLoop.processSelectedKeysOptimized(NioEventLoop.java:579)
	at org.apache.ratis.thirdparty.io.netty.channel.nio.NioEventLoop.processSelectedKeys(NioEventLoop.java:496)
	at org.apache.ratis.thirdparty.io.netty.channel.nio.NioEventLoop.run(NioEventLoop.java:458)
	at org.apache.ratis.thirdparty.io.netty.util.concurrent.SingleThreadEventExecutor$5.run(SingleThreadEventExecutor.java:897)
	at org.apache.ratis.thirdparty.io.netty.util.concurrent.FastThreadLocalRunnable.run(FastThreadLocalRunnable.java:30)
	... 1 more
Caused by: java.net.ConnectException: Connection refused
	... 11 more
2019-06-13 23:41:04,864 INFO  client.GrpcClientProtocolClient (GrpcClientProtocolClient.java:onNext(254)) - client-C607AA09F92D->eec977c4-3ffc-4dd0-aac2-8f7a7c7db7cb: receive RaftClientReply:client-C607AA09F92D->eec977c4-3ffc-4dd0-aac2-8f7a7c7db7cb@group-DE815C153D36, cid=121, FAILED org.apache.ratis.protocol.NotLeaderException: Server eec977c4-3ffc-4dd0-aac2-8f7a7c7db7cb is not the leader (081ad964-3376-460f-bd95-735c4a840bc5:192.168.105.138:36581). Request must be sent to leader., logIndex=0, commits[eec977c4-3ffc-4dd0-aac2-8f7a7c7db7cb:c1, 22918fc1-5b1d-4bd8-8927-0ac0fde58b39:c1, 081ad964-3376-460f-bd95-735c4a840bc5:c0]
2019-06-13 23:41:04,865 INFO  impl.RaftServerImpl (ServerState.java:setLeader(263)) - 081ad964-3376-460f-bd95-735c4a840bc5:group-DE815C153D36 change Leader from 22918fc1-5b1d-4bd8-8927-0ac0fde58b39 to null at term 2 for updateCurrentTerm
2019-06-13 23:41:04,865 WARN  client.GrpcClientProtocolService (LogUtils.java:warn(134)) - 0-OrderedRequestStreamObserver0: onError: org.apache.ratis.thirdparty.io.grpc.StatusRuntimeException: CANCELLED: cancelled before receiving half close
2019-06-13 23:41:04,865 INFO  impl.RaftServerImpl (RaftServerImpl.java:setRole(164)) - 081ad964-3376-460f-bd95-735c4a840bc5:group-DE815C153D36 changes role from FOLLOWER to FOLLOWER at term 2 for recognizeCandidate:eec977c4-3ffc-4dd0-aac2-8f7a7c7db7cb
2019-06-13 23:41:04,865 INFO  impl.RoleInfo (RoleInfo.java:shutdownFollowerState(121)) - 081ad964-3376-460f-bd95-735c4a840bc5: shutdown FollowerState
2019-06-13 23:41:04,866 INFO  impl.RoleInfo (RoleInfo.java:updateAndGet(143)) - 081ad964-3376-460f-bd95-735c4a840bc5: start FollowerState
2019-06-13 23:41:04,866 INFO  impl.FollowerState (FollowerState.java:run(109)) - 081ad964-3376-460f-bd95-735c4a840bc5: FollowerState was interrupted: java.lang.InterruptedException: sleep interrupted
2019-06-13 23:41:04,868 INFO  impl.LeaderElection (LeaderElection.java:logAndReturn(56)) - eec977c4-3ffc-4dd0-aac2-8f7a7c7db7cb:group-DE815C153D36:LeaderElection85: Election PASSED; received 1 response(s) [eec977c4-3ffc-4dd0-aac2-8f7a7c7db7cb->081ad964-3376-460f-bd95-735c4a840bc5,true-t2] and 1 exception(s); eec977c4-3ffc-4dd0-aac2-8f7a7c7db7cb:t2, leader=null, voted=eec977c4-3ffc-4dd0-aac2-8f7a7c7db7cb, raftlog=eec977c4-3ffc-4dd0-aac2-8f7a7c7db7cb-SegmentedRaftLog:OPENED:c1,f2,i2, conf=0: [22918fc1-5b1d-4bd8-8927-0ac0fde58b39:192.168.105.138:37507, 081ad964-3376-460f-bd95-735c4a840bc5:192.168.105.138:36581, eec977c4-3ffc-4dd0-aac2-8f7a7c7db7cb:192.168.105.138:45737], old=null
2019-06-13 23:41:04,869 INFO  impl.LeaderElection (LogUtils.java:infoOrTrace(149)) -   Exception 0: {}
java.util.concurrent.ExecutionException: org.apache.ratis.thirdparty.io.grpc.StatusRuntimeException: UNAVAILABLE: io exception
	at java.util.concurrent.FutureTask.report(FutureTask.java:122)
	at java.util.concurrent.FutureTask.get(FutureTask.java:192)
	at org.apache.ratis.server.impl.LeaderElection.waitForResults(LeaderElection.java:262)
	at org.apache.ratis.server.impl.LeaderElection.askForVotes(LeaderElection.java:200)
	at org.apache.ratis.server.impl.LeaderElection.run(LeaderElection.java:130)
	at java.lang.Thread.run(Thread.java:748)
Caused by: org.apache.ratis.thirdparty.io.grpc.StatusRuntimeException: UNAVAILABLE: io exception
	at org.apache.ratis.thirdparty.io.grpc.stub.ClientCalls.toStatusRuntimeException(ClientCalls.java:233)
	at org.apache.ratis.thirdparty.io.grpc.stub.ClientCalls.getUnchecked(ClientCalls.java:214)
	at org.apache.ratis.thirdparty.io.grpc.stub.ClientCalls.blockingUnaryCall(ClientCalls.java:139)
	at org.apache.ratis.proto.grpc.RaftServerProtocolServiceGrpc$RaftServerProtocolServiceBlockingStub.requestVote(RaftServerProtocolServiceGrpc.java:265)
	at org.apache.ratis.grpc.server.GrpcServerProtocolClient.requestVote(GrpcServerProtocolClient.java:83)
	at org.apache.ratis.grpc.server.GrpcService.requestVote(GrpcService.java:194)
	at org.apache.ratis.server.impl.LeaderElection.lambda$submitRequests$1(LeaderElection.java:237)
	at java.util.concurrent.FutureTask.run(FutureTask.java:266)
	at java.util.concurrent.Executors$RunnableAdapter.call(Executors.java:511)
	at java.util.concurrent.FutureTask.run(FutureTask.java:266)
	at java.util.concurrent.ThreadPoolExecutor.runWorker(ThreadPoolExecutor.java:1149)
	at java.util.concurrent.ThreadPoolExecutor$Worker.run(ThreadPoolExecutor.java:624)
	... 1 more
Caused by: org.apache.ratis.thirdparty.io.netty.channel.AbstractChannel$AnnotatedConnectException: Connection refused: /192.168.105.138:37507
	at sun.nio.ch.SocketChannelImpl.checkConnect(Native Method)
	at sun.nio.ch.SocketChannelImpl.finishConnect(SocketChannelImpl.java:717)
	at org.apache.ratis.thirdparty.io.netty.channel.socket.nio.NioSocketChannel.doFinishConnect(NioSocketChannel.java:327)
	at org.apache.ratis.thirdparty.io.netty.channel.nio.AbstractNioChannel$AbstractNioUnsafe.finishConnect(AbstractNioChannel.java:340)
	at org.apache.ratis.thirdparty.io.netty.channel.nio.NioEventLoop.processSelectedKey(NioEventLoop.java:632)
	at org.apache.ratis.thirdparty.io.netty.channel.nio.NioEventLoop.processSelectedKeysOptimized(NioEventLoop.java:579)
	at org.apache.ratis.thirdparty.io.netty.channel.nio.NioEventLoop.processSelectedKeys(NioEventLoop.java:496)
	at org.apache.ratis.thirdparty.io.netty.channel.nio.NioEventLoop.run(NioEventLoop.java:458)
	at org.apache.ratis.thirdparty.io.netty.util.concurrent.SingleThreadEventExecutor$5.run(SingleThreadEventExecutor.java:897)
	at org.apache.ratis.thirdparty.io.netty.util.concurrent.FastThreadLocalRunnable.run(FastThreadLocalRunnable.java:30)
	... 1 more
Caused by: java.net.ConnectException: Connection refused
	... 11 more
2019-06-13 23:41:04,869 INFO  impl.RoleInfo (RoleInfo.java:shutdownLeaderElection(134)) - eec977c4-3ffc-4dd0-aac2-8f7a7c7db7cb: shutdown LeaderElection
2019-06-13 23:41:04,869 INFO  impl.RaftServerImpl (RaftServerImpl.java:setRole(164)) - eec977c4-3ffc-4dd0-aac2-8f7a7c7db7cb:group-DE815C153D36 changes role from CANDIDATE to LEADER at term 2 for changeToLeader
2019-06-13 23:41:04,869 INFO  impl.RaftServerImpl (ServerState.java:setLeader(263)) - eec977c4-3ffc-4dd0-aac2-8f7a7c7db7cb:group-DE815C153D36 change Leader from null to eec977c4-3ffc-4dd0-aac2-8f7a7c7db7cb at term 2 for becomeLeader, leader elected after 19ms
2019-06-13 23:41:04,869 INFO  server.RaftServerConfigKeys (ConfUtils.java:logGet(43)) - raft.server.staging.catchup.gap = 1000 (default)
2019-06-13 23:41:04,869 INFO  server.RaftServerConfigKeys (ConfUtils.java:logGet(43)) - raft.server.rpc.sleep.time = 25ms (default)
2019-06-13 23:41:04,869 INFO  server.RaftServerConfigKeys (ConfUtils.java:logGet(43)) - raft.server.watch.timeout = 10s (default)
2019-06-13 23:41:04,869 INFO  server.RaftServerConfigKeys (ConfUtils.java:logGet(43)) - raft.server.watch.timeout.denomination = 1s (default)
2019-06-13 23:41:04,869 INFO  server.RaftServerConfigKeys (ConfUtils.java:logGet(43)) - raft.server.log.appender.snapshot.chunk.size.max = 16MB (=16777216) (default)
2019-06-13 23:41:04,869 INFO  server.RaftServerConfigKeys (ConfUtils.java:logGet(43)) - raft.server.log.appender.buffer.byte-limit = 33554432 (custom)
2019-06-13 23:41:04,869 INFO  server.RaftServerConfigKeys (ConfUtils.java:logGet(43)) - raft.server.log.appender.buffer.element-limit = 1 (custom)
2019-06-13 23:41:04,870 INFO  grpc.GrpcConfigKeys$Server (ConfUtils.java:logGet(43)) - raft.grpc.server.leader.outstanding.appends.max = 128 (default)
2019-06-13 23:41:04,870 INFO  server.RaftServerConfigKeys (ConfUtils.java:logGet(43)) - raft.server.rpc.request.timeout = 3000ms (default)
2019-06-13 23:41:04,870 INFO  server.RaftServerConfigKeys (ConfUtils.java:logGet(43)) - raft.server.log.appender.install.snapshot.enabled = true (default)
2019-06-13 23:41:04,870 INFO  server.RaftServerConfigKeys (ConfUtils.java:logGet(43)) - raft.server.log.appender.snapshot.chunk.size.max = 16MB (=16777216) (default)
2019-06-13 23:41:04,870 INFO  server.RaftServerConfigKeys (ConfUtils.java:logGet(43)) - raft.server.log.appender.buffer.byte-limit = 33554432 (custom)
2019-06-13 23:41:04,870 INFO  server.RaftServerConfigKeys (ConfUtils.java:logGet(43)) - raft.server.log.appender.buffer.element-limit = 1 (custom)
2019-06-13 23:41:04,870 INFO  grpc.GrpcConfigKeys$Server (ConfUtils.java:logGet(43)) - raft.grpc.server.leader.outstanding.appends.max = 128 (default)
2019-06-13 23:41:04,870 INFO  server.RaftServerConfigKeys (ConfUtils.java:logGet(43)) - raft.server.rpc.request.timeout = 3000ms (default)
2019-06-13 23:41:04,870 INFO  server.RaftServerConfigKeys (ConfUtils.java:logGet(43)) - raft.server.log.appender.install.snapshot.enabled = true (default)
2019-06-13 23:41:04,870 INFO  impl.RoleInfo (RoleInfo.java:updateAndGet(143)) - eec977c4-3ffc-4dd0-aac2-8f7a7c7db7cb: start LeaderState
2019-06-13 23:41:04,870 INFO  storage.RaftLogWorker (RaftLogWorker.java:rollLogSegment(303)) - eec977c4-3ffc-4dd0-aac2-8f7a7c7db7cb-RaftLogWorker: Rolling segment log-0_2 to index:2
2019-06-13 23:41:04,872 INFO  storage.RaftLogWorker (RaftLogWorker.java:execute(433)) - eec977c4-3ffc-4dd0-aac2-8f7a7c7db7cb-RaftLogWorker: Rolled log segment from /opt/src/hadoop-ozone/integration-test/target/test-dir/MiniOzoneClusterImpl-39435e09-9bd2-47ed-bc44-da526d475d5e/datanode-0/data/ratis/1954906f-aa49-43d8-9d79-de815c153d36/current/log_inprogress_0 to /opt/src/hadoop-ozone/integration-test/target/test-dir/MiniOzoneClusterImpl-39435e09-9bd2-47ed-bc44-da526d475d5e/datanode-0/data/ratis/1954906f-aa49-43d8-9d79-de815c153d36/current/log_0-2
2019-06-13 23:41:04,872 WARN  server.GrpcLogAppender (LogUtils.java:warn(134)) - eec977c4-3ffc-4dd0-aac2-8f7a7c7db7cb: Failed appendEntries to 22918fc1-5b1d-4bd8-8927-0ac0fde58b39:192.168.105.138:37507: org.apache.ratis.thirdparty.io.grpc.StatusRuntimeException: UNAVAILABLE: io exception
2019-06-13 23:41:04,872 INFO  impl.RaftServerImpl (ServerState.java:setRaftConf(361)) - eec977c4-3ffc-4dd0-aac2-8f7a7c7db7cb:group-DE815C153D36 set configuration 3: [22918fc1-5b1d-4bd8-8927-0ac0fde58b39:192.168.105.138:37507, 081ad964-3376-460f-bd95-735c4a840bc5:192.168.105.138:36581, eec977c4-3ffc-4dd0-aac2-8f7a7c7db7cb:192.168.105.138:45737], old=null at 3
2019-06-13 23:41:04,892 INFO  impl.FollowerInfo (FollowerInfo.java:lambda$new$0(50)) - eec977c4-3ffc-4dd0-aac2-8f7a7c7db7cb->22918fc1-5b1d-4bd8-8927-0ac0fde58b39: nextIndex: updateUnconditionally 3 -> 0
2019-06-13 23:41:04,894 INFO  impl.RaftServerImpl (ServerState.java:setLeader(263)) - 081ad964-3376-460f-bd95-735c4a840bc5:group-DE815C153D36 change Leader from null to eec977c4-3ffc-4dd0-aac2-8f7a7c7db7cb at term 2 for appendEntries, leader elected after 29ms
2019-06-13 23:41:04,896 INFO  impl.RaftServerImpl (ServerState.java:setRaftConf(361)) - 081ad964-3376-460f-bd95-735c4a840bc5:group-DE815C153D36 set configuration 3: [22918fc1-5b1d-4bd8-8927-0ac0fde58b39:192.168.105.138:37507, 081ad964-3376-460f-bd95-735c4a840bc5:192.168.105.138:36581, eec977c4-3ffc-4dd0-aac2-8f7a7c7db7cb:192.168.105.138:45737], old=null at 3
2019-06-13 23:41:04,896 INFO  storage.RaftLogWorker (RaftLogWorker.java:rollLogSegment(303)) - 081ad964-3376-460f-bd95-735c4a840bc5-RaftLogWorker: Rolling segment log-0_2 to index:2
2019-06-13 23:41:04,896 INFO  storage.RaftLogWorker (RaftLogWorker.java:execute(433)) - 081ad964-3376-460f-bd95-735c4a840bc5-RaftLogWorker: Rolled log segment from /opt/src/hadoop-ozone/integration-test/target/test-dir/MiniOzoneClusterImpl-39435e09-9bd2-47ed-bc44-da526d475d5e/datanode-2/data/ratis/1954906f-aa49-43d8-9d79-de815c153d36/current/log_inprogress_0 to /opt/src/hadoop-ozone/integration-test/target/test-dir/MiniOzoneClusterImpl-39435e09-9bd2-47ed-bc44-da526d475d5e/datanode-2/data/ratis/1954906f-aa49-43d8-9d79-de815c153d36/current/log_0-2
2019-06-13 23:41:04,914 INFO  storage.RaftLogWorker (RaftLogWorker.java:execute(469)) - eec977c4-3ffc-4dd0-aac2-8f7a7c7db7cb-RaftLogWorker: created new log segment /opt/src/hadoop-ozone/integration-test/target/test-dir/MiniOzoneClusterImpl-39435e09-9bd2-47ed-bc44-da526d475d5e/datanode-0/data/ratis/1954906f-aa49-43d8-9d79-de815c153d36/current/log_inprogress_3
2019-06-13 23:41:04,933 INFO  storage.RaftLogWorker (RaftLogWorker.java:execute(469)) - 081ad964-3376-460f-bd95-735c4a840bc5-RaftLogWorker: created new log segment /opt/src/hadoop-ozone/integration-test/target/test-dir/MiniOzoneClusterImpl-39435e09-9bd2-47ed-bc44-da526d475d5e/datanode-2/data/ratis/1954906f-aa49-43d8-9d79-de815c153d36/current/log_inprogress_3
2019-06-13 23:41:04,939 WARN  server.GrpcLogAppender (LogUtils.java:warn(134)) - eec977c4-3ffc-4dd0-aac2-8f7a7c7db7cb: Failed appendEntries to 22918fc1-5b1d-4bd8-8927-0ac0fde58b39:192.168.105.138:37507: org.apache.ratis.thirdparty.io.grpc.StatusRuntimeException: UNAVAILABLE: io exception
2019-06-13 23:41:04,939 INFO  impl.FollowerInfo (FollowerInfo.java:lambda$new$0(50)) - eec977c4-3ffc-4dd0-aac2-8f7a7c7db7cb->22918fc1-5b1d-4bd8-8927-0ac0fde58b39: nextIndex: updateUnconditionally 1 -> 0
2019-06-13 23:41:04,944 WARN  server.GrpcLogAppender (LogUtils.java:warn(134)) - eec977c4-3ffc-4dd0-aac2-8f7a7c7db7cb: Failed appendEntries to 22918fc1-5b1d-4bd8-8927-0ac0fde58b39:192.168.105.138:37507: org.apache.ratis.thirdparty.io.grpc.StatusRuntimeException: UNAVAILABLE: io exception
2019-06-13 23:41:04,945 INFO  impl.FollowerInfo (FollowerInfo.java:lambda$new$0(50)) - eec977c4-3ffc-4dd0-aac2-8f7a7c7db7cb->22918fc1-5b1d-4bd8-8927-0ac0fde58b39: nextIndex: updateUnconditionally 1 -> 0
2019-06-13 23:41:04,983 WARN  server.GrpcLogAppender (LogUtils.java:warn(134)) - cb89d4f8-1878-4ef8-9b04-c29334c05cac: Failed appendEntries to 1ea106d7-9b98-4cee-8ff6-7d75b64b893d:192.168.105.138:45495: org.apache.ratis.thirdparty.io.grpc.StatusRuntimeException: UNAVAILABLE: io exception
2019-06-13 23:41:04,984 INFO  impl.FollowerInfo (FollowerInfo.java:lambda$new$0(50)) - cb89d4f8-1878-4ef8-9b04-c29334c05cac->1ea106d7-9b98-4cee-8ff6-7d75b64b893d: nextIndex: updateUnconditionally 0 -> 0
2019-06-13 23:41:05,011 WARN  server.GrpcLogAppender (LogUtils.java:warn(134)) - cb89d4f8-1878-4ef8-9b04-c29334c05cac: Failed appendEntries to 47bcbdc1-c7e9-4920-9a84-4aada272adfe:192.168.105.138:33305: org.apache.ratis.thirdparty.io.grpc.StatusRuntimeException: UNAVAILABLE: io exception
2019-06-13 23:41:05,011 INFO  impl.FollowerInfo (FollowerInfo.java:lambda$new$0(50)) - cb89d4f8-1878-4ef8-9b04-c29334c05cac->47bcbdc1-c7e9-4920-9a84-4aada272adfe: nextIndex: updateUnconditionally 0 -> 0
2019-06-13 23:41:05,445 WARN  server.GrpcLogAppender (LogUtils.java:warn(134)) - eec977c4-3ffc-4dd0-aac2-8f7a7c7db7cb: Failed appendEntries to 22918fc1-5b1d-4bd8-8927-0ac0fde58b39:192.168.105.138:37507: org.apache.ratis.thirdparty.io.grpc.StatusRuntimeException: UNAVAILABLE: io exception
2019-06-13 23:41:05,445 INFO  impl.FollowerInfo (FollowerInfo.java:lambda$new$0(50)) - eec977c4-3ffc-4dd0-aac2-8f7a7c7db7cb->22918fc1-5b1d-4bd8-8927-0ac0fde58b39: nextIndex: updateUnconditionally 0 -> 0
2019-06-13 23:41:05,484 WARN  server.GrpcLogAppender (LogUtils.java:warn(134)) - cb89d4f8-1878-4ef8-9b04-c29334c05cac: Failed appendEntries to 1ea106d7-9b98-4cee-8ff6-7d75b64b893d:192.168.105.138:45495: org.apache.ratis.thirdparty.io.grpc.StatusRuntimeException: UNAVAILABLE: io exception
2019-06-13 23:41:05,484 INFO  impl.FollowerInfo (FollowerInfo.java:lambda$new$0(50)) - cb89d4f8-1878-4ef8-9b04-c29334c05cac->1ea106d7-9b98-4cee-8ff6-7d75b64b893d: nextIndex: updateUnconditionally 0 -> 0
2019-06-13 23:41:05,511 WARN  server.GrpcLogAppender (LogUtils.java:warn(134)) - cb89d4f8-1878-4ef8-9b04-c29334c05cac: Failed appendEntries to 47bcbdc1-c7e9-4920-9a84-4aada272adfe:192.168.105.138:33305: org.apache.ratis.thirdparty.io.grpc.StatusRuntimeException: UNAVAILABLE: io exception
2019-06-13 23:41:05,511 INFO  impl.FollowerInfo (FollowerInfo.java:lambda$new$0(50)) - cb89d4f8-1878-4ef8-9b04-c29334c05cac->47bcbdc1-c7e9-4920-9a84-4aada272adfe: nextIndex: updateUnconditionally 0 -> 0
2019-06-13 23:41:05,658 WARN  events.EventQueue (EventQueue.java:fireEvent(147)) - Processing of TypedEvent{payloadType=DatanodeDetails, name='Stale_Node'} is skipped, EventQueue is not running
2019-06-13 23:41:05,758 WARN  events.EventQueue (EventQueue.java:fireEvent(147)) - Processing of TypedEvent{payloadType=DatanodeDetails, name='Stale_Node'} is skipped, EventQueue is not running
2019-06-13 23:41:05,870 INFO  client.GrpcClientProtocolClient (GrpcClientProtocolClient.java:onNext(254)) - client-C607AA09F92D->081ad964-3376-460f-bd95-735c4a840bc5: receive RaftClientReply:client-C607AA09F92D->081ad964-3376-460f-bd95-735c4a840bc5@group-DE815C153D36, cid=121, FAILED org.apache.ratis.protocol.NotLeaderException: Server 081ad964-3376-460f-bd95-735c4a840bc5 is not the leader (eec977c4-3ffc-4dd0-aac2-8f7a7c7db7cb:192.168.105.138:45737). Request must be sent to leader., logIndex=0, commits[081ad964-3376-460f-bd95-735c4a840bc5:c4, 22918fc1-5b1d-4bd8-8927-0ac0fde58b39:c1, eec977c4-3ffc-4dd0-aac2-8f7a7c7db7cb:c4]
2019-06-13 23:41:05,871 WARN  client.GrpcClientProtocolService (LogUtils.java:warn(134)) - 0-OrderedRequestStreamObserver0: onError: org.apache.ratis.thirdparty.io.grpc.StatusRuntimeException: CANCELLED: cancelled before receiving half close
2019-06-13 23:41:05,945 WARN  server.GrpcLogAppender (LogUtils.java:warn(134)) - eec977c4-3ffc-4dd0-aac2-8f7a7c7db7cb: Failed appendEntries to 22918fc1-5b1d-4bd8-8927-0ac0fde58b39:192.168.105.138:37507: org.apache.ratis.thirdparty.io.grpc.StatusRuntimeException: UNAVAILABLE: io exception
2019-06-13 23:41:05,945 INFO  impl.FollowerInfo (FollowerInfo.java:lambda$new$0(50)) - eec977c4-3ffc-4dd0-aac2-8f7a7c7db7cb->22918fc1-5b1d-4bd8-8927-0ac0fde58b39: nextIndex: updateUnconditionally 0 -> 0
2019-06-13 23:41:05,984 WARN  server.GrpcLogAppender (LogUtils.java:warn(134)) - cb89d4f8-1878-4ef8-9b04-c29334c05cac: Failed appendEntries to 1ea106d7-9b98-4cee-8ff6-7d75b64b893d:192.168.105.138:45495: org.apache.ratis.thirdparty.io.grpc.StatusRuntimeException: UNAVAILABLE: io exception
2019-06-13 23:41:05,985 INFO  impl.FollowerInfo (FollowerInfo.java:lambda$new$0(50)) - cb89d4f8-1878-4ef8-9b04-c29334c05cac->1ea106d7-9b98-4cee-8ff6-7d75b64b893d: nextIndex: updateUnconditionally 0 -> 0
2019-06-13 23:41:06,011 WARN  server.GrpcLogAppender (LogUtils.java:warn(134)) - cb89d4f8-1878-4ef8-9b04-c29334c05cac: Failed appendEntries to 47bcbdc1-c7e9-4920-9a84-4aada272adfe:192.168.105.138:33305: org.apache.ratis.thirdparty.io.grpc.StatusRuntimeException: UNAVAILABLE: io exception
2019-06-13 23:41:06,012 INFO  impl.FollowerInfo (FollowerInfo.java:lambda$new$0(50)) - cb89d4f8-1878-4ef8-9b04-c29334c05cac->47bcbdc1-c7e9-4920-9a84-4aada272adfe: nextIndex: updateUnconditionally 0 -> 0
2019-06-13 23:41:06,446 WARN  server.GrpcLogAppender (LogUtils.java:warn(134)) - eec977c4-3ffc-4dd0-aac2-8f7a7c7db7cb: Failed appendEntries to 22918fc1-5b1d-4bd8-8927-0ac0fde58b39:192.168.105.138:37507: org.apache.ratis.thirdparty.io.grpc.StatusRuntimeException: UNAVAILABLE: io exception
2019-06-13 23:41:06,446 INFO  impl.FollowerInfo (FollowerInfo.java:lambda$new$0(50)) - eec977c4-3ffc-4dd0-aac2-8f7a7c7db7cb->22918fc1-5b1d-4bd8-8927-0ac0fde58b39: nextIndex: updateUnconditionally 0 -> 0
2019-06-13 23:41:06,485 WARN  server.GrpcLogAppender (LogUtils.java:warn(134)) - cb89d4f8-1878-4ef8-9b04-c29334c05cac: Failed appendEntries to 1ea106d7-9b98-4cee-8ff6-7d75b64b893d:192.168.105.138:45495: org.apache.ratis.thirdparty.io.grpc.StatusRuntimeException: UNAVAILABLE: io exception
2019-06-13 23:41:06,485 INFO  impl.FollowerInfo (FollowerInfo.java:lambda$new$0(50)) - cb89d4f8-1878-4ef8-9b04-c29334c05cac->1ea106d7-9b98-4cee-8ff6-7d75b64b893d: nextIndex: updateUnconditionally 0 -> 0
2019-06-13 23:41:06,512 WARN  server.GrpcLogAppender (LogUtils.java:warn(134)) - cb89d4f8-1878-4ef8-9b04-c29334c05cac: Failed appendEntries to 47bcbdc1-c7e9-4920-9a84-4aada272adfe:192.168.105.138:33305: org.apache.ratis.thirdparty.io.grpc.StatusRuntimeException: UNAVAILABLE: io exception
2019-06-13 23:41:06,512 INFO  impl.FollowerInfo (FollowerInfo.java:lambda$new$0(50)) - cb89d4f8-1878-4ef8-9b04-c29334c05cac->47bcbdc1-c7e9-4920-9a84-4aada272adfe: nextIndex: updateUnconditionally 0 -> 0
2019-06-13 23:41:06,946 WARN  server.GrpcLogAppender (LogUtils.java:warn(134)) - eec977c4-3ffc-4dd0-aac2-8f7a7c7db7cb: Failed appendEntries to 22918fc1-5b1d-4bd8-8927-0ac0fde58b39:192.168.105.138:37507: org.apache.ratis.thirdparty.io.grpc.StatusRuntimeException: UNAVAILABLE: io exception
2019-06-13 23:41:06,946 INFO  impl.FollowerInfo (FollowerInfo.java:lambda$new$0(50)) - eec977c4-3ffc-4dd0-aac2-8f7a7c7db7cb->22918fc1-5b1d-4bd8-8927-0ac0fde58b39: nextIndex: updateUnconditionally 0 -> 0
2019-06-13 23:41:06,985 WARN  server.GrpcLogAppender (LogUtils.java:warn(134)) - cb89d4f8-1878-4ef8-9b04-c29334c05cac: Failed appendEntries to 1ea106d7-9b98-4cee-8ff6-7d75b64b893d:192.168.105.138:45495: org.apache.ratis.thirdparty.io.grpc.StatusRuntimeException: UNAVAILABLE: io exception
2019-06-13 23:41:06,985 INFO  impl.FollowerInfo (FollowerInfo.java:lambda$new$0(50)) - cb89d4f8-1878-4ef8-9b04-c29334c05cac->1ea106d7-9b98-4cee-8ff6-7d75b64b893d: nextIndex: updateUnconditionally 0 -> 0
2019-06-13 23:41:07,012 WARN  server.GrpcLogAppender (LogUtils.java:warn(134)) - cb89d4f8-1878-4ef8-9b04-c29334c05cac: Failed appendEntries to 47bcbdc1-c7e9-4920-9a84-4aada272adfe:192.168.105.138:33305: org.apache.ratis.thirdparty.io.grpc.StatusRuntimeException: UNAVAILABLE: io exception
2019-06-13 23:41:07,013 INFO  impl.FollowerInfo (FollowerInfo.java:lambda$new$0(50)) - cb89d4f8-1878-4ef8-9b04-c29334c05cac->47bcbdc1-c7e9-4920-9a84-4aada272adfe: nextIndex: updateUnconditionally 0 -> 0
2019-06-13 23:41:07,447 WARN  server.GrpcLogAppender (LogUtils.java:warn(134)) - eec977c4-3ffc-4dd0-aac2-8f7a7c7db7cb: Failed appendEntries to 22918fc1-5b1d-4bd8-8927-0ac0fde58b39:192.168.105.138:37507: org.apache.ratis.thirdparty.io.grpc.StatusRuntimeException: UNAVAILABLE: io exception
2019-06-13 23:41:07,447 INFO  impl.FollowerInfo (FollowerInfo.java:lambda$new$0(50)) - eec977c4-3ffc-4dd0-aac2-8f7a7c7db7cb->22918fc1-5b1d-4bd8-8927-0ac0fde58b39: nextIndex: updateUnconditionally 0 -> 0
2019-06-13 23:41:07,486 WARN  server.GrpcLogAppender (LogUtils.java:warn(134)) - cb89d4f8-1878-4ef8-9b04-c29334c05cac: Failed appendEntries to 1ea106d7-9b98-4cee-8ff6-7d75b64b893d:192.168.105.138:45495: org.apache.ratis.thirdparty.io.grpc.StatusRuntimeException: UNAVAILABLE: io exception
2019-06-13 23:41:07,486 INFO  impl.FollowerInfo (FollowerInfo.java:lambda$new$0(50)) - cb89d4f8-1878-4ef8-9b04-c29334c05cac->1ea106d7-9b98-4cee-8ff6-7d75b64b893d: nextIndex: updateUnconditionally 0 -> 0
2019-06-13 23:41:07,513 WARN  server.GrpcLogAppender (LogUtils.java:warn(134)) - cb89d4f8-1878-4ef8-9b04-c29334c05cac: Failed appendEntries to 47bcbdc1-c7e9-4920-9a84-4aada272adfe:192.168.105.138:33305: org.apache.ratis.thirdparty.io.grpc.StatusRuntimeException: UNAVAILABLE: io exception
2019-06-13 23:41:07,513 INFO  impl.FollowerInfo (FollowerInfo.java:lambda$new$0(50)) - cb89d4f8-1878-4ef8-9b04-c29334c05cac->47bcbdc1-c7e9-4920-9a84-4aada272adfe: nextIndex: updateUnconditionally 0 -> 0
2019-06-13 23:41:07,883 INFO  client.GrpcClientProtocolClient (GrpcClientProtocolClient.java:onNext(254)) - client-C607AA09F92D->081ad964-3376-460f-bd95-735c4a840bc5: receive RaftClientReply:client-C607AA09F92D->081ad964-3376-460f-bd95-735c4a840bc5@group-DE815C153D36, cid=121, FAILED org.apache.ratis.protocol.NotLeaderException: Server 081ad964-3376-460f-bd95-735c4a840bc5 is not the leader (eec977c4-3ffc-4dd0-aac2-8f7a7c7db7cb:192.168.105.138:45737). Request must be sent to leader., logIndex=0, commits[081ad964-3376-460f-bd95-735c4a840bc5:c4, 22918fc1-5b1d-4bd8-8927-0ac0fde58b39:c1, eec977c4-3ffc-4dd0-aac2-8f7a7c7db7cb:c4]
2019-06-13 23:41:07,883 WARN  client.GrpcClientProtocolService (LogUtils.java:warn(134)) - 1-OrderedRequestStreamObserver1: onError: org.apache.ratis.thirdparty.io.grpc.StatusRuntimeException: CANCELLED: cancelled before receiving half close
2019-06-13 23:41:07,947 WARN  server.GrpcLogAppender (LogUtils.java:warn(134)) - eec977c4-3ffc-4dd0-aac2-8f7a7c7db7cb: Failed appendEntries to 22918fc1-5b1d-4bd8-8927-0ac0fde58b39:192.168.105.138:37507: org.apache.ratis.thirdparty.io.grpc.StatusRuntimeException: UNAVAILABLE: io exception
2019-06-13 23:41:07,947 INFO  impl.FollowerInfo (FollowerInfo.java:lambda$new$0(50)) - eec977c4-3ffc-4dd0-aac2-8f7a7c7db7cb->22918fc1-5b1d-4bd8-8927-0ac0fde58b39: nextIndex: updateUnconditionally 0 -> 0
2019-06-13 23:41:07,986 WARN  server.GrpcLogAppender (LogUtils.java:warn(134)) - cb89d4f8-1878-4ef8-9b04-c29334c05cac: Failed appendEntries to 1ea106d7-9b98-4cee-8ff6-7d75b64b893d:192.168.105.138:45495: org.apache.ratis.thirdparty.io.grpc.StatusRuntimeException: UNAVAILABLE: io exception
2019-06-13 23:41:07,986 INFO  impl.FollowerInfo (FollowerInfo.java:lambda$new$0(50)) - cb89d4f8-1878-4ef8-9b04-c29334c05cac->1ea106d7-9b98-4cee-8ff6-7d75b64b893d: nextIndex: updateUnconditionally 0 -> 0
2019-06-13 23:41:08,013 WARN  server.GrpcLogAppender (LogUtils.java:warn(134)) - cb89d4f8-1878-4ef8-9b04-c29334c05cac: Failed appendEntries to 47bcbdc1-c7e9-4920-9a84-4aada272adfe:192.168.105.138:33305: org.apache.ratis.thirdparty.io.grpc.StatusRuntimeException: UNAVAILABLE: io exception
2019-06-13 23:41:08,013 INFO  impl.FollowerInfo (FollowerInfo.java:lambda$new$0(50)) - cb89d4f8-1878-4ef8-9b04-c29334c05cac->47bcbdc1-c7e9-4920-9a84-4aada272adfe: nextIndex: updateUnconditionally 0 -> 0
2019-06-13 23:41:08,447 WARN  server.GrpcLogAppender (LogUtils.java:warn(134)) - eec977c4-3ffc-4dd0-aac2-8f7a7c7db7cb: Failed appendEntries to 22918fc1-5b1d-4bd8-8927-0ac0fde58b39:192.168.105.138:37507: org.apache.ratis.thirdparty.io.grpc.StatusRuntimeException: UNAVAILABLE: io exception
2019-06-13 23:41:08,448 INFO  impl.FollowerInfo (FollowerInfo.java:lambda$new$0(50)) - eec977c4-3ffc-4dd0-aac2-8f7a7c7db7cb->22918fc1-5b1d-4bd8-8927-0ac0fde58b39: nextIndex: updateUnconditionally 0 -> 0
2019-06-13 23:41:08,486 WARN  server.GrpcLogAppender (LogUtils.java:warn(134)) - cb89d4f8-1878-4ef8-9b04-c29334c05cac: Failed appendEntries to 1ea106d7-9b98-4cee-8ff6-7d75b64b893d:192.168.105.138:45495: org.apache.ratis.thirdparty.io.grpc.StatusRuntimeException: UNAVAILABLE: io exception
2019-06-13 23:41:08,486 INFO  impl.FollowerInfo (FollowerInfo.java:lambda$new$0(50)) - cb89d4f8-1878-4ef8-9b04-c29334c05cac->1ea106d7-9b98-4cee-8ff6-7d75b64b893d: nextIndex: updateUnconditionally 0 -> 0
2019-06-13 23:41:08,513 WARN  server.GrpcLogAppender (LogUtils.java:warn(134)) - cb89d4f8-1878-4ef8-9b04-c29334c05cac: Failed appendEntries to 47bcbdc1-c7e9-4920-9a84-4aada272adfe:192.168.105.138:33305: org.apache.ratis.thirdparty.io.grpc.StatusRuntimeException: UNAVAILABLE: io exception
2019-06-13 23:41:08,514 INFO  impl.FollowerInfo (FollowerInfo.java:lambda$new$0(50)) - cb89d4f8-1878-4ef8-9b04-c29334c05cac->47bcbdc1-c7e9-4920-9a84-4aada272adfe: nextIndex: updateUnconditionally 0 -> 0
2019-06-13 23:41:08,948 WARN  server.GrpcLogAppender (LogUtils.java:warn(134)) - eec977c4-3ffc-4dd0-aac2-8f7a7c7db7cb: Failed appendEntries to 22918fc1-5b1d-4bd8-8927-0ac0fde58b39:192.168.105.138:37507: org.apache.ratis.thirdparty.io.grpc.StatusRuntimeException: UNAVAILABLE: io exception
2019-06-13 23:41:08,948 INFO  impl.FollowerInfo (FollowerInfo.java:lambda$new$0(50)) - eec977c4-3ffc-4dd0-aac2-8f7a7c7db7cb->22918fc1-5b1d-4bd8-8927-0ac0fde58b39: nextIndex: updateUnconditionally 0 -> 0
2019-06-13 23:41:08,986 WARN  server.GrpcLogAppender (LogUtils.java:warn(134)) - cb89d4f8-1878-4ef8-9b04-c29334c05cac: Failed appendEntries to 1ea106d7-9b98-4cee-8ff6-7d75b64b893d:192.168.105.138:45495: org.apache.ratis.thirdparty.io.grpc.StatusRuntimeException: UNAVAILABLE: io exception
2019-06-13 23:41:08,987 INFO  impl.FollowerInfo (FollowerInfo.java:lambda$new$0(50)) - cb89d4f8-1878-4ef8-9b04-c29334c05cac->1ea106d7-9b98-4cee-8ff6-7d75b64b893d: nextIndex: updateUnconditionally 0 -> 0
2019-06-13 23:41:09,014 WARN  server.GrpcLogAppender (LogUtils.java:warn(134)) - cb89d4f8-1878-4ef8-9b04-c29334c05cac: Failed appendEntries to 47bcbdc1-c7e9-4920-9a84-4aada272adfe:192.168.105.138:33305: org.apache.ratis.thirdparty.io.grpc.StatusRuntimeException: UNAVAILABLE: io exception
2019-06-13 23:41:09,014 INFO  impl.FollowerInfo (FollowerInfo.java:lambda$new$0(50)) - cb89d4f8-1878-4ef8-9b04-c29334c05cac->47bcbdc1-c7e9-4920-9a84-4aada272adfe: nextIndex: updateUnconditionally 0 -> 0
2019-06-13 23:41:09,448 WARN  server.GrpcLogAppender (LogUtils.java:warn(134)) - eec977c4-3ffc-4dd0-aac2-8f7a7c7db7cb: Failed appendEntries to 22918fc1-5b1d-4bd8-8927-0ac0fde58b39:192.168.105.138:37507: org.apache.ratis.thirdparty.io.grpc.StatusRuntimeException: UNAVAILABLE: io exception
2019-06-13 23:41:09,449 INFO  impl.FollowerInfo (FollowerInfo.java:lambda$new$0(50)) - eec977c4-3ffc-4dd0-aac2-8f7a7c7db7cb->22918fc1-5b1d-4bd8-8927-0ac0fde58b39: nextIndex: updateUnconditionally 0 -> 0
2019-06-13 23:41:09,487 WARN  server.GrpcLogAppender (LogUtils.java:warn(134)) - cb89d4f8-1878-4ef8-9b04-c29334c05cac: Failed appendEntries to 1ea106d7-9b98-4cee-8ff6-7d75b64b893d:192.168.105.138:45495: org.apache.ratis.thirdparty.io.grpc.StatusRuntimeException: UNAVAILABLE: io exception
2019-06-13 23:41:09,487 INFO  impl.FollowerInfo (FollowerInfo.java:lambda$new$0(50)) - cb89d4f8-1878-4ef8-9b04-c29334c05cac->1ea106d7-9b98-4cee-8ff6-7d75b64b893d: nextIndex: updateUnconditionally 0 -> 0
2019-06-13 23:41:09,514 WARN  server.GrpcLogAppender (LogUtils.java:warn(134)) - cb89d4f8-1878-4ef8-9b04-c29334c05cac: Failed appendEntries to 47bcbdc1-c7e9-4920-9a84-4aada272adfe:192.168.105.138:33305: org.apache.ratis.thirdparty.io.grpc.StatusRuntimeException: UNAVAILABLE: io exception
2019-06-13 23:41:09,515 INFO  impl.FollowerInfo (FollowerInfo.java:lambda$new$0(50)) - cb89d4f8-1878-4ef8-9b04-c29334c05cac->47bcbdc1-c7e9-4920-9a84-4aada272adfe: nextIndex: updateUnconditionally 0 -> 0
2019-06-13 23:41:09,891 INFO  client.GrpcClientProtocolClient (GrpcClientProtocolClient.java:onNext(254)) - client-C607AA09F92D->081ad964-3376-460f-bd95-735c4a840bc5: receive RaftClientReply:client-C607AA09F92D->081ad964-3376-460f-bd95-735c4a840bc5@group-DE815C153D36, cid=121, FAILED org.apache.ratis.protocol.NotLeaderException: Server 081ad964-3376-460f-bd95-735c4a840bc5 is not the leader (eec977c4-3ffc-4dd0-aac2-8f7a7c7db7cb:192.168.105.138:45737). Request must be sent to leader., logIndex=0, commits[081ad964-3376-460f-bd95-735c4a840bc5:c4, 22918fc1-5b1d-4bd8-8927-0ac0fde58b39:c1, eec977c4-3ffc-4dd0-aac2-8f7a7c7db7cb:c4]
2019-06-13 23:41:09,891 WARN  client.GrpcClientProtocolService (LogUtils.java:warn(134)) - 2-OrderedRequestStreamObserver2: onError: org.apache.ratis.thirdparty.io.grpc.StatusRuntimeException: CANCELLED: cancelled before receiving half close
2019-06-13 23:41:09,949 WARN  server.GrpcLogAppender (LogUtils.java:warn(134)) - eec977c4-3ffc-4dd0-aac2-8f7a7c7db7cb: Failed appendEntries to 22918fc1-5b1d-4bd8-8927-0ac0fde58b39:192.168.105.138:37507: org.apache.ratis.thirdparty.io.grpc.StatusRuntimeException: UNAVAILABLE: io exception
2019-06-13 23:41:09,949 INFO  impl.FollowerInfo (FollowerInfo.java:lambda$new$0(50)) - eec977c4-3ffc-4dd0-aac2-8f7a7c7db7cb->22918fc1-5b1d-4bd8-8927-0ac0fde58b39: nextIndex: updateUnconditionally 0 -> 0
2019-06-13 23:41:09,987 WARN  server.GrpcLogAppender (LogUtils.java:warn(134)) - cb89d4f8-1878-4ef8-9b04-c29334c05cac: Failed appendEntries to 1ea106d7-9b98-4cee-8ff6-7d75b64b893d:192.168.105.138:45495: org.apache.ratis.thirdparty.io.grpc.StatusRuntimeException: UNAVAILABLE: io exception
2019-06-13 23:41:09,988 INFO  impl.FollowerInfo (FollowerInfo.java:lambda$new$0(50)) - cb89d4f8-1878-4ef8-9b04-c29334c05cac->1ea106d7-9b98-4cee-8ff6-7d75b64b893d: nextIndex: updateUnconditionally 0 -> 0
2019-06-13 23:41:10,015 WARN  server.GrpcLogAppender (LogUtils.java:warn(134)) - cb89d4f8-1878-4ef8-9b04-c29334c05cac: Failed appendEntries to 47bcbdc1-c7e9-4920-9a84-4aada272adfe:192.168.105.138:33305: org.apache.ratis.thirdparty.io.grpc.StatusRuntimeException: UNAVAILABLE: io exception
2019-06-13 23:41:10,015 INFO  impl.FollowerInfo (FollowerInfo.java:lambda$new$0(50)) - cb89d4f8-1878-4ef8-9b04-c29334c05cac->47bcbdc1-c7e9-4920-9a84-4aada272adfe: nextIndex: updateUnconditionally 0 -> 0
2019-06-13 23:41:10,449 WARN  server.GrpcLogAppender (LogUtils.java:warn(134)) - eec977c4-3ffc-4dd0-aac2-8f7a7c7db7cb: Failed appendEntries to 22918fc1-5b1d-4bd8-8927-0ac0fde58b39:192.168.105.138:37507: org.apache.ratis.thirdparty.io.grpc.StatusRuntimeException: UNAVAILABLE: io exception
2019-06-13 23:41:10,449 INFO  impl.FollowerInfo (FollowerInfo.java:lambda$new$0(50)) - eec977c4-3ffc-4dd0-aac2-8f7a7c7db7cb->22918fc1-5b1d-4bd8-8927-0ac0fde58b39: nextIndex: updateUnconditionally 0 -> 0
2019-06-13 23:41:10,488 WARN  server.GrpcLogAppender (LogUtils.java:warn(134)) - cb89d4f8-1878-4ef8-9b04-c29334c05cac: Failed appendEntries to 1ea106d7-9b98-4cee-8ff6-7d75b64b893d:192.168.105.138:45495: org.apache.ratis.thirdparty.io.grpc.StatusRuntimeException: UNAVAILABLE: io exception
2019-06-13 23:41:10,488 INFO  impl.FollowerInfo (FollowerInfo.java:lambda$new$0(50)) - cb89d4f8-1878-4ef8-9b04-c29334c05cac->1ea106d7-9b98-4cee-8ff6-7d75b64b893d: nextIndex: updateUnconditionally 0 -> 0
2019-06-13 23:41:10,515 WARN  server.GrpcLogAppender (LogUtils.java:warn(134)) - cb89d4f8-1878-4ef8-9b04-c29334c05cac: Failed appendEntries to 47bcbdc1-c7e9-4920-9a84-4aada272adfe:192.168.105.138:33305: org.apache.ratis.thirdparty.io.grpc.StatusRuntimeException: UNAVAILABLE: io exception
2019-06-13 23:41:10,515 INFO  impl.FollowerInfo (FollowerInfo.java:lambda$new$0(50)) - cb89d4f8-1878-4ef8-9b04-c29334c05cac->47bcbdc1-c7e9-4920-9a84-4aada272adfe: nextIndex: updateUnconditionally 0 -> 0
2019-06-13 23:41:10,949 WARN  server.GrpcLogAppender (LogUtils.java:warn(134)) - eec977c4-3ffc-4dd0-aac2-8f7a7c7db7cb: Failed appendEntries to 22918fc1-5b1d-4bd8-8927-0ac0fde58b39:192.168.105.138:37507: org.apache.ratis.thirdparty.io.grpc.StatusRuntimeException: UNAVAILABLE: io exception
2019-06-13 23:41:10,950 INFO  impl.FollowerInfo (FollowerInfo.java:lambda$new$0(50)) - eec977c4-3ffc-4dd0-aac2-8f7a7c7db7cb->22918fc1-5b1d-4bd8-8927-0ac0fde58b39: nextIndex: updateUnconditionally 0 -> 0
2019-06-13 23:41:10,963 WARN  events.EventQueue (EventQueue.java:fireEvent(147)) - Processing of TypedEvent{payloadType=DatanodeDetails, name='Stale_Node'} is skipped, EventQueue is not running
2019-06-13 23:41:10,988 WARN  server.GrpcLogAppender (LogUtils.java:warn(134)) - cb89d4f8-1878-4ef8-9b04-c29334c05cac: Failed appendEntries to 1ea106d7-9b98-4cee-8ff6-7d75b64b893d:192.168.105.138:45495: org.apache.ratis.thirdparty.io.grpc.StatusRuntimeException: UNAVAILABLE: io exception
2019-06-13 23:41:10,988 INFO  impl.FollowerInfo (FollowerInfo.java:lambda$new$0(50)) - cb89d4f8-1878-4ef8-9b04-c29334c05cac->1ea106d7-9b98-4cee-8ff6-7d75b64b893d: nextIndex: updateUnconditionally 0 -> 0
2019-06-13 23:41:11,015 WARN  server.GrpcLogAppender (LogUtils.java:warn(134)) - cb89d4f8-1878-4ef8-9b04-c29334c05cac: Failed appendEntries to 47bcbdc1-c7e9-4920-9a84-4aada272adfe:192.168.105.138:33305: org.apache.ratis.thirdparty.io.grpc.StatusRuntimeException: UNAVAILABLE: io exception
2019-06-13 23:41:11,016 INFO  impl.FollowerInfo (FollowerInfo.java:lambda$new$0(50)) - cb89d4f8-1878-4ef8-9b04-c29334c05cac->47bcbdc1-c7e9-4920-9a84-4aada272adfe: nextIndex: updateUnconditionally 0 -> 0
2019-06-13 23:41:11,163 WARN  events.EventQueue (EventQueue.java:fireEvent(147)) - Processing of TypedEvent{payloadType=DatanodeDetails, name='Stale_Node'} is skipped, EventQueue is not running
2019-06-13 23:41:11,163 WARN  events.EventQueue (EventQueue.java:fireEvent(147)) - Processing of TypedEvent{payloadType=DatanodeDetails, name='Stale_Node'} is skipped, EventQueue is not running
2019-06-13 23:41:11,163 WARN  events.EventQueue (EventQueue.java:fireEvent(147)) - Processing of TypedEvent{payloadType=DatanodeDetails, name='Stale_Node'} is skipped, EventQueue is not running
2019-06-13 23:41:11,450 WARN  server.GrpcLogAppender (LogUtils.java:warn(134)) - eec977c4-3ffc-4dd0-aac2-8f7a7c7db7cb: Failed appendEntries to 22918fc1-5b1d-4bd8-8927-0ac0fde58b39:192.168.105.138:37507: org.apache.ratis.thirdparty.io.grpc.StatusRuntimeException: UNAVAILABLE: io exception
2019-06-13 23:41:11,450 INFO  impl.FollowerInfo (FollowerInfo.java:lambda$new$0(50)) - eec977c4-3ffc-4dd0-aac2-8f7a7c7db7cb->22918fc1-5b1d-4bd8-8927-0ac0fde58b39: nextIndex: updateUnconditionally 0 -> 0
2019-06-13 23:41:11,488 WARN  server.GrpcLogAppender (LogUtils.java:warn(134)) - cb89d4f8-1878-4ef8-9b04-c29334c05cac: Failed appendEntries to 1ea106d7-9b98-4cee-8ff6-7d75b64b893d:192.168.105.138:45495: org.apache.ratis.thirdparty.io.grpc.StatusRuntimeException: UNAVAILABLE: io exception
2019-06-13 23:41:11,489 INFO  impl.FollowerInfo (FollowerInfo.java:lambda$new$0(50)) - cb89d4f8-1878-4ef8-9b04-c29334c05cac->1ea106d7-9b98-4cee-8ff6-7d75b64b893d: nextIndex: updateUnconditionally 0 -> 0
2019-06-13 23:41:11,516 WARN  server.GrpcLogAppender (LogUtils.java:warn(134)) - cb89d4f8-1878-4ef8-9b04-c29334c05cac: Failed appendEntries to 47bcbdc1-c7e9-4920-9a84-4aada272adfe:192.168.105.138:33305: org.apache.ratis.thirdparty.io.grpc.StatusRuntimeException: UNAVAILABLE: io exception
2019-06-13 23:41:11,516 INFO  impl.FollowerInfo (FollowerInfo.java:lambda$new$0(50)) - cb89d4f8-1878-4ef8-9b04-c29334c05cac->47bcbdc1-c7e9-4920-9a84-4aada272adfe: nextIndex: updateUnconditionally 0 -> 0
2019-06-13 23:41:11,764 WARN  events.EventQueue (EventQueue.java:fireEvent(147)) - Processing of TypedEvent{payloadType=DatanodeDetails, name='Stale_Node'} is skipped, EventQueue is not running
2019-06-13 23:41:11,904 INFO  client.GrpcClientProtocolClient (GrpcClientProtocolClient.java:onNext(254)) - client-C607AA09F92D->081ad964-3376-460f-bd95-735c4a840bc5: receive RaftClientReply:client-C607AA09F92D->081ad964-3376-460f-bd95-735c4a840bc5@group-DE815C153D36, cid=121, FAILED org.apache.ratis.protocol.NotLeaderException: Server 081ad964-3376-460f-bd95-735c4a840bc5 is not the leader (eec977c4-3ffc-4dd0-aac2-8f7a7c7db7cb:192.168.105.138:45737). Request must be sent to leader., logIndex=0, commits[081ad964-3376-460f-bd95-735c4a840bc5:c4, 22918fc1-5b1d-4bd8-8927-0ac0fde58b39:c1, eec977c4-3ffc-4dd0-aac2-8f7a7c7db7cb:c4]
]]></system-out>
    <system-err><![CDATA[Jun 13, 2019 11:40:57 PM com.sun.jersey.server.impl.application.WebApplicationImpl _initiate
INFO: Initiating Jersey application, version 'Jersey: 1.19 02/11/2015 03:25 AM'
Jun 13, 2019 11:40:57 PM com.sun.jersey.server.impl.application.WebApplicationImpl _initiate
INFO: Initiating Jersey application, version 'Jersey: 1.19 02/11/2015 03:25 AM'
Jun 13, 2019 11:40:57 PM com.sun.jersey.server.impl.application.WebApplicationImpl _initiate
INFO: Initiating Jersey application, version 'Jersey: 1.19 02/11/2015 03:25 AM'
Jun 13, 2019 11:40:57 PM com.sun.jersey.server.impl.application.WebApplicationImpl _initiate
INFO: Initiating Jersey application, version 'Jersey: 1.19 02/11/2015 03:25 AM'
Jun 13, 2019 11:40:57 PM com.sun.jersey.server.impl.application.WebApplicationImpl _initiate
INFO: Initiating Jersey application, version 'Jersey: 1.19 02/11/2015 03:25 AM'
Jun 13, 2019 11:40:58 PM com.sun.jersey.server.impl.application.WebApplicationImpl _initiate
INFO: Initiating Jersey application, version 'Jersey: 1.19 02/11/2015 03:25 AM'
Jun 13, 2019 11:40:58 PM com.sun.jersey.server.impl.application.WebApplicationImpl _initiate
INFO: Initiating Jersey application, version 'Jersey: 1.19 02/11/2015 03:25 AM'
]]></system-err>
  </testcase>
</testsuite>