<?xml version="1.0" encoding="UTF-8"?>
<testsuite xmlns:xsi="http://www.w3.org/2001/XMLSchema-instance" xsi:noNamespaceSchemaLocation="https://maven.apache.org/surefire/maven-surefire-plugin/xsd/surefire-test-report.xsd" name="org.apache.hadoop.hdds.scm.pipeline.TestNodeFailure" time="12.158" tests="1" errors="0" skipped="1" failures="0">
  <properties>
    <property name="awt.toolkit" value="sun.awt.X11.XToolkit"/>
    <property name="file.encoding.pkg" value="sun.io"/>
    <property name="java.specification.version" value="1.8"/>
    <property name="sun.cpu.isalist" value=""/>
    <property name="sun.jnu.encoding" value="UTF-8"/>
    <property name="java.class.path" value="/opt/src/hadoop-ozone/integration-test/target/test-classes:/opt/src/hadoop-ozone/integration-test/target/classes:/root/.m2/repository/org/apache/hadoop/hadoop-ozone-common/0.5.0-SNAPSHOT/hadoop-ozone-common-0.5.0-SNAPSHOT.jar:/root/.m2/repository/org/apache/commons/commons-compress/1.4.1/commons-compress-1.4.1.jar:/root/.m2/repository/org/tukaani/xz/1.0/xz-1.0.jar:/root/.m2/repository/org/apache/hadoop/hadoop-common/3.2.0/hadoop-common-3.2.0.jar:/root/.m2/repository/org/apache/hadoop/hadoop-hdfs/3.2.0/hadoop-hdfs-3.2.0.jar:/root/.m2/repository/org/apache/hadoop/hadoop-hdfs-client/3.2.0/hadoop-hdfs-client-3.2.0.jar:/root/.m2/repository/com/fasterxml/jackson/core/jackson-annotations/2.9.5/jackson-annotations-2.9.5.jar:/root/.m2/repository/org/apache/hadoop/hadoop-hdds-common/0.5.0-SNAPSHOT/hadoop-hdds-common-0.5.0-SNAPSHOT.jar:/root/.m2/repository/javax/annotation/javax.annotation-api/1.2/javax.annotation-api-1.2.jar:/root/.m2/repository/org/apache/ratis/ratis-server/0.4.0-fe2b15d-SNAPSHOT/ratis-server-0.4.0-fe2b15d-SNAPSHOT.jar:/root/.m2/repository/org/apache/ratis/ratis-thirdparty-misc/0.2.0/ratis-thirdparty-misc-0.2.0.jar:/root/.m2/repository/org/apache/ratis/ratis-proto/0.4.0-fe2b15d-SNAPSHOT/ratis-proto-0.4.0-fe2b15d-SNAPSHOT.jar:/root/.m2/repository/org/apache/ratis/ratis-common/0.4.0-fe2b15d-SNAPSHOT/ratis-common-0.4.0-fe2b15d-SNAPSHOT.jar:/root/.m2/repository/org/apache/ratis/ratis-client/0.4.0-fe2b15d-SNAPSHOT/ratis-client-0.4.0-fe2b15d-SNAPSHOT.jar:/root/.m2/repository/org/apache/ratis/ratis-netty/0.4.0-fe2b15d-SNAPSHOT/ratis-netty-0.4.0-fe2b15d-SNAPSHOT.jar:/root/.m2/repository/org/apache/ratis/ratis-grpc/0.4.0-fe2b15d-SNAPSHOT/ratis-grpc-0.4.0-fe2b15d-SNAPSHOT.jar:/root/.m2/repository/org/rocksdb/rocksdbjni/5.14.2/rocksdbjni-5.14.2.jar:/root/.m2/repository/org/apache/logging/log4j/log4j-api/2.11.0/log4j-api-2.11.0.jar:/root/.m2/repository/org/apache/logging/log4j/log4j-core/2.11.0/log4j-core-2.11.0.jar:/root/.m2/repository/com/lmax/disruptor/3.4.2/disruptor-3.4.2.jar:/root/.m2/repository/org/apache/commons/commons-pool2/2.6.0/commons-pool2-2.6.0.jar:/root/.m2/repository/org/bouncycastle/bcpkix-jdk15on/1.60/bcpkix-jdk15on-1.60.jar:/root/.m2/repository/commons-validator/commons-validator/1.6/commons-validator-1.6.jar:/root/.m2/repository/commons-digester/commons-digester/1.8.1/commons-digester-1.8.1.jar:/root/.m2/repository/io/jaegertracing/jaeger-client/0.33.1/jaeger-client-0.33.1.jar:/root/.m2/repository/io/jaegertracing/jaeger-thrift/0.33.1/jaeger-thrift-0.33.1.jar:/root/.m2/repository/org/apache/thrift/libthrift/0.11.0/libthrift-0.11.0.jar:/root/.m2/repository/com/squareup/okhttp3/okhttp/3.9.0/okhttp-3.9.0.jar:/root/.m2/repository/com/squareup/okio/okio/1.13.0/okio-1.13.0.jar:/root/.m2/repository/io/jaegertracing/jaeger-core/0.33.1/jaeger-core-0.33.1.jar:/root/.m2/repository/io/jaegertracing/jaeger-tracerresolver/0.33.1/jaeger-tracerresolver-0.33.1.jar:/root/.m2/repository/io/opentracing/contrib/opentracing-tracerresolver/0.1.5/opentracing-tracerresolver-0.1.5.jar:/root/.m2/repository/io/opentracing/opentracing-util/0.31.0/opentracing-util-0.31.0.jar:/root/.m2/repository/io/opentracing/opentracing-api/0.31.0/opentracing-api-0.31.0.jar:/root/.m2/repository/io/opentracing/opentracing-noop/0.31.0/opentracing-noop-0.31.0.jar:/root/.m2/repository/org/apache/hadoop/hadoop-hdds-server-framework/0.5.0-SNAPSHOT/hadoop-hdds-server-framework-0.5.0-SNAPSHOT.jar:/root/.m2/repository/org/apache/hadoop/hadoop-hdds-server-scm/0.5.0-SNAPSHOT/hadoop-hdds-server-scm-0.5.0-SNAPSHOT.jar:/root/.m2/repository/org/apache/hadoop/hadoop-hdds-container-service/0.5.0-SNAPSHOT/hadoop-hdds-container-service-0.5.0-SNAPSHOT.jar:/root/.m2/repository/org/apache/hadoop/hadoop-hdds-client/0.5.0-SNAPSHOT/hadoop-hdds-client-0.5.0-SNAPSHOT.jar:/root/.m2/repository/org/apache/hadoop/hadoop-hdds-tools/0.5.0-SNAPSHOT/hadoop-hdds-tools-0.5.0-SNAPSHOT.jar:/root/.m2/repository/org/apache/hadoop/hadoop-ozone-ozone-manager/0.5.0-SNAPSHOT/hadoop-ozone-ozone-manager-0.5.0-SNAPSHOT.jar:/root/.m2/repository/org/apache/hadoop/hadoop-hdds-docs/0.5.0-SNAPSHOT/hadoop-hdds-docs-0.5.0-SNAPSHOT.jar:/root/.m2/repository/org/bouncycastle/bcprov-jdk15on/1.60/bcprov-jdk15on-1.60.jar:/root/.m2/repository/org/apache/hadoop/hadoop-minikdc/3.2.0/hadoop-minikdc-3.2.0.jar:/root/.m2/repository/commons-io/commons-io/2.5/commons-io-2.5.jar:/root/.m2/repository/org/apache/kerby/kerb-simplekdc/1.0.1/kerb-simplekdc-1.0.1.jar:/root/.m2/repository/org/apache/kerby/kerb-client/1.0.1/kerb-client-1.0.1.jar:/root/.m2/repository/org/apache/kerby/kerby-config/1.0.1/kerby-config-1.0.1.jar:/root/.m2/repository/org/apache/kerby/kerb-core/1.0.1/kerb-core-1.0.1.jar:/root/.m2/repository/org/apache/kerby/kerby-pkix/1.0.1/kerby-pkix-1.0.1.jar:/root/.m2/repository/org/apache/kerby/kerby-asn1/1.0.1/kerby-asn1-1.0.1.jar:/root/.m2/repository/org/apache/kerby/kerby-util/1.0.1/kerby-util-1.0.1.jar:/root/.m2/repository/org/apache/kerby/kerb-common/1.0.1/kerb-common-1.0.1.jar:/root/.m2/repository/org/apache/kerby/kerb-crypto/1.0.1/kerb-crypto-1.0.1.jar:/root/.m2/repository/org/apache/kerby/kerb-util/1.0.1/kerb-util-1.0.1.jar:/root/.m2/repository/org/apache/kerby/token-provider/1.0.1/token-provider-1.0.1.jar:/root/.m2/repository/org/apache/kerby/kerb-admin/1.0.1/kerb-admin-1.0.1.jar:/root/.m2/repository/org/apache/kerby/kerb-server/1.0.1/kerb-server-1.0.1.jar:/root/.m2/repository/org/apache/kerby/kerb-identity/1.0.1/kerb-identity-1.0.1.jar:/root/.m2/repository/org/apache/kerby/kerby-xdr/1.0.1/kerby-xdr-1.0.1.jar:/root/.m2/repository/org/slf4j/slf4j-log4j12/1.7.25/slf4j-log4j12-1.7.25.jar:/root/.m2/repository/org/apache/hadoop/hadoop-ozone-objectstore-service/0.5.0-SNAPSHOT/hadoop-ozone-objectstore-service-0.5.0-SNAPSHOT.jar:/root/.m2/repository/org/apache/hadoop/hadoop-ozone-s3gateway/0.5.0-SNAPSHOT/hadoop-ozone-s3gateway-0.5.0-SNAPSHOT.jar:/root/.m2/repository/org/jboss/weld/servlet/weld-servlet/2.4.7.Final/weld-servlet-2.4.7.Final.jar:/root/.m2/repository/org/glassfish/jersey/containers/jersey-container-servlet-core/2.27/jersey-container-servlet-core-2.27.jar:/root/.m2/repository/org/glassfish/hk2/external/javax.inject/2.5.0-b42/javax.inject-2.5.0-b42.jar:/root/.m2/repository/org/glassfish/jersey/core/jersey-common/2.27/jersey-common-2.27.jar:/root/.m2/repository/org/glassfish/hk2/osgi-resource-locator/1.0.1/osgi-resource-locator-1.0.1.jar:/root/.m2/repository/javax/ws/rs/javax.ws.rs-api/2.1/javax.ws.rs-api-2.1.jar:/root/.m2/repository/org/glassfish/jersey/ext/cdi/jersey-cdi1x/2.27/jersey-cdi1x-2.27.jar:/root/.m2/repository/org/glassfish/jersey/inject/jersey-hk2/2.27/jersey-hk2-2.27.jar:/root/.m2/repository/org/glassfish/hk2/hk2-locator/2.5.0-b42/hk2-locator-2.5.0-b42.jar:/root/.m2/repository/org/javassist/javassist/3.22.0-CR2/javassist-3.22.0-CR2.jar:/root/.m2/repository/org/glassfish/hk2/hk2-api/2.5.0/hk2-api-2.5.0.jar:/root/.m2/repository/org/glassfish/hk2/external/jakarta.inject/2.5.0/jakarta.inject-2.5.0.jar:/root/.m2/repository/org/glassfish/hk2/hk2-utils/2.5.0/hk2-utils-2.5.0.jar:/root/.m2/repository/jakarta/annotation/jakarta.annotation-api/1.3.4/jakarta.annotation-api-1.3.4.jar:/root/.m2/repository/org/glassfish/hk2/external/aopalliance-repackaged/2.5.0/aopalliance-repackaged-2.5.0.jar:/root/.m2/repository/com/fasterxml/jackson/dataformat/jackson-dataformat-xml/2.9.0/jackson-dataformat-xml-2.9.0.jar:/root/.m2/repository/com/fasterxml/jackson/core/jackson-core/2.9.5/jackson-core-2.9.5.jar:/root/.m2/repository/com/fasterxml/jackson/module/jackson-module-jaxb-annotations/2.9.5/jackson-module-jaxb-annotations-2.9.5.jar:/root/.m2/repository/javax/enterprise/cdi-api/1.2/cdi-api-1.2.jar:/root/.m2/repository/javax/el/javax.el-api/3.0.0/javax.el-api-3.0.0.jar:/root/.m2/repository/javax/interceptor/javax.interceptor-api/1.2/javax.interceptor-api-1.2.jar:/root/.m2/repository/javax/inject/javax.inject/1/javax.inject-1.jar:/root/.m2/repository/com/sun/xml/bind/jaxb-impl/2.3.0.1/jaxb-impl-2.3.0.1.jar:/root/.m2/repository/com/sun/xml/bind/jaxb-core/2.3.0.1/jaxb-core-2.3.0.1.jar:/root/.m2/repository/javax/xml/bind/jaxb-api/2.3.0/jaxb-api-2.3.0.jar:/root/.m2/repository/javax/activation/activation/1.1.1/activation-1.1.1.jar:/root/.m2/repository/org/apache/hadoop/hadoop-ozone-csi/0.5.0-SNAPSHOT/hadoop-ozone-csi-0.5.0-SNAPSHOT.jar:/root/.m2/repository/com/google/protobuf/protobuf-java-util/3.5.1/protobuf-java-util-3.5.1.jar:/root/.m2/repository/org/apache/hadoop/hadoop-hdds-config/0.5.0-SNAPSHOT/hadoop-hdds-config-0.5.0-SNAPSHOT.jar:/root/.m2/repository/com/google/guava/guava/11.0.2/guava-11.0.2.jar:/root/.m2/repository/com/google/protobuf/protobuf-java/2.5.0/protobuf-java-2.5.0.jar:/root/.m2/repository/io/grpc/grpc-netty/1.17.1/grpc-netty-1.17.1.jar:/root/.m2/repository/io/grpc/grpc-core/1.17.1/grpc-core-1.17.1.jar:/root/.m2/repository/io/grpc/grpc-context/1.17.1/grpc-context-1.17.1.jar:/root/.m2/repository/com/google/errorprone/error_prone_annotations/2.2.0/error_prone_annotations-2.2.0.jar:/root/.m2/repository/org/codehaus/mojo/animal-sniffer-annotations/1.17/animal-sniffer-annotations-1.17.jar:/root/.m2/repository/io/opencensus/opencensus-api/0.17.0/opencensus-api-0.17.0.jar:/root/.m2/repository/io/opencensus/opencensus-contrib-grpc-metrics/0.17.0/opencensus-contrib-grpc-metrics-0.17.0.jar:/root/.m2/repository/io/netty/netty-codec-http2/4.1.30.Final/netty-codec-http2-4.1.30.Final.jar:/root/.m2/repository/io/netty/netty-codec-http/4.1.30.Final/netty-codec-http-4.1.30.Final.jar:/root/.m2/repository/io/netty/netty-codec/4.1.30.Final/netty-codec-4.1.30.Final.jar:/root/.m2/repository/io/netty/netty-handler/4.1.30.Final/netty-handler-4.1.30.Final.jar:/root/.m2/repository/io/netty/netty-handler-proxy/4.1.30.Final/netty-handler-proxy-4.1.30.Final.jar:/root/.m2/repository/io/netty/netty-codec-socks/4.1.30.Final/netty-codec-socks-4.1.30.Final.jar:/root/.m2/repository/io/netty/netty-transport-native-epoll/4.1.30.Final/netty-transport-native-epoll-4.1.30.Final.jar:/root/.m2/repository/io/netty/netty-common/4.1.30.Final/netty-common-4.1.30.Final.jar:/root/.m2/repository/io/netty/netty-buffer/4.1.30.Final/netty-buffer-4.1.30.Final.jar:/root/.m2/repository/io/netty/netty-transport/4.1.30.Final/netty-transport-4.1.30.Final.jar:/root/.m2/repository/io/netty/netty-resolver/4.1.30.Final/netty-resolver-4.1.30.Final.jar:/root/.m2/repository/io/netty/netty-transport-native-unix-common/4.1.30.Final/netty-transport-native-unix-common-4.1.30.Final.jar:/root/.m2/repository/io/grpc/grpc-protobuf/1.17.1/grpc-protobuf-1.17.1.jar:/root/.m2/repository/com/google/api/grpc/proto-google-common-protos/1.0.0/proto-google-common-protos-1.0.0.jar:/root/.m2/repository/io/grpc/grpc-protobuf-lite/1.17.1/grpc-protobuf-lite-1.17.1.jar:/root/.m2/repository/io/grpc/grpc-stub/1.17.1/grpc-stub-1.17.1.jar:/root/.m2/repository/org/apache/hadoop/hadoop-ozone-recon/0.5.0-SNAPSHOT/hadoop-ozone-recon-0.5.0-SNAPSHOT.jar:/root/.m2/repository/org/apache/hadoop/hadoop-ozone-reconcodegen/0.5.0-SNAPSHOT/hadoop-ozone-reconcodegen-0.5.0-SNAPSHOT.jar:/root/.m2/repository/com/google/inject/extensions/guice-multibindings/4.0/guice-multibindings-4.0.jar:/root/.m2/repository/com/google/inject/guice/4.0/guice-4.0.jar:/root/.m2/repository/aopalliance/aopalliance/1.0/aopalliance-1.0.jar:/root/.m2/repository/com/google/inject/extensions/guice-servlet/4.0/guice-servlet-4.0.jar:/root/.m2/repository/org/glassfish/jersey/containers/jersey-container-servlet/2.27/jersey-container-servlet-2.27.jar:/root/.m2/repository/org/glassfish/hk2/guice-bridge/2.5.0/guice-bridge-2.5.0.jar:/root/.m2/repository/org/glassfish/jersey/core/jersey-server/2.27/jersey-server-2.27.jar:/root/.m2/repository/org/glassfish/jersey/core/jersey-client/2.27/jersey-client-2.27.jar:/root/.m2/repository/org/glassfish/jersey/media/jersey-media-jaxb/2.27/jersey-media-jaxb-2.27.jar:/root/.m2/repository/javax/validation/validation-api/1.1.0.Final/validation-api-1.1.0.Final.jar:/root/.m2/repository/org/glassfish/jersey/media/jersey-media-json-jackson/2.27/jersey-media-json-jackson-2.27.jar:/root/.m2/repository/org/glassfish/jersey/ext/jersey-entity-filtering/2.27/jersey-entity-filtering-2.27.jar:/root/.m2/repository/com/google/inject/extensions/guice-assistedinject/4.0/guice-assistedinject-4.0.jar:/root/.m2/repository/org/jooq/jooq/3.11.10/jooq-3.11.10.jar:/root/.m2/repository/org/jooq/jooq-meta/3.11.10/jooq-meta-3.11.10.jar:/root/.m2/repository/org/jooq/jooq-codegen/3.11.10/jooq-codegen-3.11.10.jar:/root/.m2/repository/com/jolbox/bonecp/0.8.0.RELEASE/bonecp-0.8.0.RELEASE.jar:/root/.m2/repository/org/xerial/sqlite-jdbc/3.25.2/sqlite-jdbc-3.25.2.jar:/root/.m2/repository/org/springframework/spring-jdbc/5.1.3.RELEASE/spring-jdbc-5.1.3.RELEASE.jar:/root/.m2/repository/org/springframework/spring-beans/5.1.3.RELEASE/spring-beans-5.1.3.RELEASE.jar:/root/.m2/repository/org/springframework/spring-core/5.1.3.RELEASE/spring-core-5.1.3.RELEASE.jar:/root/.m2/repository/org/springframework/spring-jcl/5.1.3.RELEASE/spring-jcl-5.1.3.RELEASE.jar:/root/.m2/repository/org/springframework/spring-tx/5.1.3.RELEASE/spring-tx-5.1.3.RELEASE.jar:/root/.m2/repository/org/apache/hadoop/hadoop-ozone-client/0.5.0-SNAPSHOT/hadoop-ozone-client-0.5.0-SNAPSHOT.jar:/root/.m2/repository/org/apache/hadoop/hadoop-ozone-ozone-manager/0.5.0-SNAPSHOT/hadoop-ozone-ozone-manager-0.5.0-SNAPSHOT-tests.jar:/root/.m2/repository/junit/junit/4.11/junit-4.11.jar:/root/.m2/repository/org/hamcrest/hamcrest-core/1.3/hamcrest-core-1.3.jar:/root/.m2/repository/org/openjdk/jmh/jmh-core/1.19/jmh-core-1.19.jar:/root/.m2/repository/net/sf/jopt-simple/jopt-simple/4.6/jopt-simple-4.6.jar:/root/.m2/repository/org/apache/commons/commons-math3/3.1.1/commons-math3-3.1.1.jar:/root/.m2/repository/org/openjdk/jmh/jmh-generator-annprocess/1.19/jmh-generator-annprocess-1.19.jar:/root/.m2/repository/org/mockito/mockito-all/1.8.5/mockito-all-1.8.5.jar:/root/.m2/repository/org/apache/hadoop/hadoop-kms/3.2.0/hadoop-kms-3.2.0.jar:/root/.m2/repository/org/apache/hadoop/hadoop-auth/3.2.0/hadoop-auth-3.2.0.jar:/root/.m2/repository/com/nimbusds/nimbus-jose-jwt/4.41.1/nimbus-jose-jwt-4.41.1.jar:/root/.m2/repository/com/github/stephenc/jcip/jcip-annotations/1.0-1/jcip-annotations-1.0-1.jar:/root/.m2/repository/net/minidev/json-smart/2.3/json-smart-2.3.jar:/root/.m2/repository/net/minidev/accessors-smart/1.2/accessors-smart-1.2.jar:/root/.m2/repository/org/ow2/asm/asm/5.0.4/asm-5.0.4.jar:/root/.m2/repository/org/apache/curator/curator-framework/2.12.0/curator-framework-2.12.0.jar:/root/.m2/repository/com/sun/jersey/jersey-core/1.19/jersey-core-1.19.jar:/root/.m2/repository/javax/ws/rs/jsr311-api/1.1.1/jsr311-api-1.1.1.jar:/root/.m2/repository/com/sun/jersey/jersey-server/1.19/jersey-server-1.19.jar:/root/.m2/repository/javax/servlet/javax.servlet-api/3.1.0/javax.servlet-api-3.1.0.jar:/root/.m2/repository/org/eclipse/jetty/jetty-server/9.3.24.v20180605/jetty-server-9.3.24.v20180605.jar:/root/.m2/repository/org/eclipse/jetty/jetty-http/9.3.24.v20180605/jetty-http-9.3.24.v20180605.jar:/root/.m2/repository/org/eclipse/jetty/jetty-io/9.3.24.v20180605/jetty-io-9.3.24.v20180605.jar:/root/.m2/repository/org/eclipse/jetty/jetty-webapp/9.3.24.v20180605/jetty-webapp-9.3.24.v20180605.jar:/root/.m2/repository/org/eclipse/jetty/jetty-xml/9.3.24.v20180605/jetty-xml-9.3.24.v20180605.jar:/root/.m2/repository/log4j/log4j/1.2.17/log4j-1.2.17.jar:/root/.m2/repository/org/slf4j/slf4j-api/1.7.25/slf4j-api-1.7.25.jar:/root/.m2/repository/org/slf4j/jul-to-slf4j/1.7.25/jul-to-slf4j-1.7.25.jar:/root/.m2/repository/org/eclipse/jetty/jetty-util/9.3.24.v20180605/jetty-util-9.3.24.v20180605.jar:/root/.m2/repository/io/dropwizard/metrics/metrics-core/3.2.4/metrics-core-3.2.4.jar:/root/.m2/repository/com/fasterxml/jackson/core/jackson-databind/2.9.5/jackson-databind-2.9.5.jar:/root/.m2/repository/org/apache/hadoop/hadoop-kms/3.2.0/hadoop-kms-3.2.0-tests.jar:/root/.m2/repository/org/apache/hadoop/hadoop-hdds-server-scm/0.5.0-SNAPSHOT/hadoop-hdds-server-scm-0.5.0-SNAPSHOT-tests.jar:/root/.m2/repository/org/hamcrest/hamcrest-all/1.3/hamcrest-all-1.3.jar:/root/.m2/repository/info/picocli/picocli/3.9.6/picocli-3.9.6.jar:/root/.m2/repository/org/apache/hadoop/hadoop-hdds-container-service/0.5.0-SNAPSHOT/hadoop-hdds-container-service-0.5.0-SNAPSHOT-tests.jar:/root/.m2/repository/org/yaml/snakeyaml/1.16/snakeyaml-1.16.jar:/root/.m2/repository/org/apache/hadoop/hadoop-common/3.2.0/hadoop-common-3.2.0-tests.jar:/root/.m2/repository/org/apache/hadoop/hadoop-annotations/3.2.0/hadoop-annotations-3.2.0.jar:/usr/lib/jvm/java-1.8-openjdk/jre/../lib/tools.jar:/root/.m2/repository/commons-cli/commons-cli/1.2/commons-cli-1.2.jar:/root/.m2/repository/org/apache/httpcomponents/httpclient/4.5.2/httpclient-4.5.2.jar:/root/.m2/repository/org/apache/httpcomponents/httpcore/4.4.4/httpcore-4.4.4.jar:/root/.m2/repository/commons-codec/commons-codec/1.11/commons-codec-1.11.jar:/root/.m2/repository/commons-net/commons-net/3.6/commons-net-3.6.jar:/root/.m2/repository/commons-collections/commons-collections/3.2.2/commons-collections-3.2.2.jar:/root/.m2/repository/org/eclipse/jetty/jetty-servlet/9.3.24.v20180605/jetty-servlet-9.3.24.v20180605.jar:/root/.m2/repository/org/eclipse/jetty/jetty-security/9.3.24.v20180605/jetty-security-9.3.24.v20180605.jar:/root/.m2/repository/javax/servlet/jsp/jsp-api/2.1/jsp-api-2.1.jar:/root/.m2/repository/com/sun/jersey/jersey-servlet/1.19/jersey-servlet-1.19.jar:/root/.m2/repository/com/sun/jersey/jersey-json/1.19/jersey-json-1.19.jar:/root/.m2/repository/org/codehaus/jettison/jettison/1.1/jettison-1.1.jar:/root/.m2/repository/org/codehaus/jackson/jackson-core-asl/1.9.13/jackson-core-asl-1.9.13.jar:/root/.m2/repository/org/codehaus/jackson/jackson-mapper-asl/1.9.13/jackson-mapper-asl-1.9.13.jar:/root/.m2/repository/org/codehaus/jackson/jackson-jaxrs/1.9.13/jackson-jaxrs-1.9.13.jar:/root/.m2/repository/org/codehaus/jackson/jackson-xc/1.9.13/jackson-xc-1.9.13.jar:/root/.m2/repository/commons-logging/commons-logging/1.1.3/commons-logging-1.1.3.jar:/root/.m2/repository/commons-beanutils/commons-beanutils/1.9.3/commons-beanutils-1.9.3.jar:/root/.m2/repository/org/apache/commons/commons-configuration2/2.1.1/commons-configuration2-2.1.1.jar:/root/.m2/repository/org/apache/commons/commons-lang3/3.7/commons-lang3-3.7.jar:/root/.m2/repository/org/apache/commons/commons-text/1.4/commons-text-1.4.jar:/root/.m2/repository/org/apache/avro/avro/1.7.7/avro-1.7.7.jar:/root/.m2/repository/com/thoughtworks/paranamer/paranamer/2.3/paranamer-2.3.jar:/root/.m2/repository/org/xerial/snappy/snappy-java/1.0.5/snappy-java-1.0.5.jar:/root/.m2/repository/com/google/re2j/re2j/1.1/re2j-1.1.jar:/root/.m2/repository/com/google/code/gson/gson/2.2.4/gson-2.2.4.jar:/root/.m2/repository/com/jcraft/jsch/0.1.54/jsch-0.1.54.jar:/root/.m2/repository/org/apache/curator/curator-client/2.12.0/curator-client-2.12.0.jar:/root/.m2/repository/org/apache/curator/curator-recipes/2.12.0/curator-recipes-2.12.0.jar:/root/.m2/repository/com/google/code/findbugs/jsr305/3.0.0/jsr305-3.0.0.jar:/root/.m2/repository/org/apache/htrace/htrace-core4/4.1.0-incubating/htrace-core4-4.1.0-incubating.jar:/root/.m2/repository/org/apache/zookeeper/zookeeper/3.4.13/zookeeper-3.4.13.jar:/root/.m2/repository/org/apache/yetus/audience-annotations/0.5.0/audience-annotations-0.5.0.jar:/root/.m2/repository/org/codehaus/woodstox/stax2-api/3.1.4/stax2-api-3.1.4.jar:/root/.m2/repository/com/fasterxml/woodstox/woodstox-core/5.0.3/woodstox-core-5.0.3.jar:/root/.m2/repository/dnsjava/dnsjava/2.1.7/dnsjava-2.1.7.jar:/root/.m2/repository/org/apache/hadoop/hadoop-hdfs/3.2.0/hadoop-hdfs-3.2.0-tests.jar:/root/.m2/repository/org/eclipse/jetty/jetty-util-ajax/9.3.24.v20180605/jetty-util-ajax-9.3.24.v20180605.jar:/root/.m2/repository/commons-daemon/commons-daemon/1.0.13/commons-daemon-1.0.13.jar:/root/.m2/repository/io/netty/netty/3.10.5.Final/netty-3.10.5.Final.jar:/root/.m2/repository/io/netty/netty-all/4.0.52.Final/netty-all-4.0.52.Final.jar:/root/.m2/repository/org/fusesource/leveldbjni/leveldbjni-all/1.8/leveldbjni-all-1.8.jar:"/>
    <property name="java.vm.vendor" value="IcedTea"/>
    <property name="sun.arch.data.model" value="64"/>
    <property name="test.build.dir" value="/opt/src/hadoop-ozone/integration-test/target/test-dir"/>
    <property name="test.cache.data" value=""/>
    <property name="java.vendor.url" value="https://icedtea.classpath.org"/>
    <property name="user.timezone" value=""/>
    <property name="java.vm.specification.version" value="1.8"/>
    <property name="os.name" value="Linux"/>
    <property name="test.build.data" value="/opt/src/hadoop-ozone/integration-test/target/test-dir"/>
    <property name="user.country" value="US"/>
    <property name="sun.java.launcher" value="SUN_STANDARD"/>
    <property name="sun.boot.library.path" value="/usr/lib/jvm/java-1.8-openjdk/jre/lib/amd64"/>
    <property name="sun.java.command" value="/opt/src/hadoop-ozone/integration-test/target/surefire/surefirebooter3663915604687105216.jar /opt/src/hadoop-ozone/integration-test/target/surefire 2019-06-13T23-11-12_654-jvmRun1 surefire492175535487655119tmp surefire_84000968870959048tmp"/>
    <property name="surefire.test.class.path" value="/opt/src/hadoop-ozone/integration-test/target/test-classes:/opt/src/hadoop-ozone/integration-test/target/classes:/root/.m2/repository/org/apache/hadoop/hadoop-ozone-common/0.5.0-SNAPSHOT/hadoop-ozone-common-0.5.0-SNAPSHOT.jar:/root/.m2/repository/org/apache/commons/commons-compress/1.4.1/commons-compress-1.4.1.jar:/root/.m2/repository/org/tukaani/xz/1.0/xz-1.0.jar:/root/.m2/repository/org/apache/hadoop/hadoop-common/3.2.0/hadoop-common-3.2.0.jar:/root/.m2/repository/org/apache/hadoop/hadoop-hdfs/3.2.0/hadoop-hdfs-3.2.0.jar:/root/.m2/repository/org/apache/hadoop/hadoop-hdfs-client/3.2.0/hadoop-hdfs-client-3.2.0.jar:/root/.m2/repository/com/fasterxml/jackson/core/jackson-annotations/2.9.5/jackson-annotations-2.9.5.jar:/root/.m2/repository/org/apache/hadoop/hadoop-hdds-common/0.5.0-SNAPSHOT/hadoop-hdds-common-0.5.0-SNAPSHOT.jar:/root/.m2/repository/javax/annotation/javax.annotation-api/1.2/javax.annotation-api-1.2.jar:/root/.m2/repository/org/apache/ratis/ratis-server/0.4.0-fe2b15d-SNAPSHOT/ratis-server-0.4.0-fe2b15d-SNAPSHOT.jar:/root/.m2/repository/org/apache/ratis/ratis-thirdparty-misc/0.2.0/ratis-thirdparty-misc-0.2.0.jar:/root/.m2/repository/org/apache/ratis/ratis-proto/0.4.0-fe2b15d-SNAPSHOT/ratis-proto-0.4.0-fe2b15d-SNAPSHOT.jar:/root/.m2/repository/org/apache/ratis/ratis-common/0.4.0-fe2b15d-SNAPSHOT/ratis-common-0.4.0-fe2b15d-SNAPSHOT.jar:/root/.m2/repository/org/apache/ratis/ratis-client/0.4.0-fe2b15d-SNAPSHOT/ratis-client-0.4.0-fe2b15d-SNAPSHOT.jar:/root/.m2/repository/org/apache/ratis/ratis-netty/0.4.0-fe2b15d-SNAPSHOT/ratis-netty-0.4.0-fe2b15d-SNAPSHOT.jar:/root/.m2/repository/org/apache/ratis/ratis-grpc/0.4.0-fe2b15d-SNAPSHOT/ratis-grpc-0.4.0-fe2b15d-SNAPSHOT.jar:/root/.m2/repository/org/rocksdb/rocksdbjni/5.14.2/rocksdbjni-5.14.2.jar:/root/.m2/repository/org/apache/logging/log4j/log4j-api/2.11.0/log4j-api-2.11.0.jar:/root/.m2/repository/org/apache/logging/log4j/log4j-core/2.11.0/log4j-core-2.11.0.jar:/root/.m2/repository/com/lmax/disruptor/3.4.2/disruptor-3.4.2.jar:/root/.m2/repository/org/apache/commons/commons-pool2/2.6.0/commons-pool2-2.6.0.jar:/root/.m2/repository/org/bouncycastle/bcpkix-jdk15on/1.60/bcpkix-jdk15on-1.60.jar:/root/.m2/repository/commons-validator/commons-validator/1.6/commons-validator-1.6.jar:/root/.m2/repository/commons-digester/commons-digester/1.8.1/commons-digester-1.8.1.jar:/root/.m2/repository/io/jaegertracing/jaeger-client/0.33.1/jaeger-client-0.33.1.jar:/root/.m2/repository/io/jaegertracing/jaeger-thrift/0.33.1/jaeger-thrift-0.33.1.jar:/root/.m2/repository/org/apache/thrift/libthrift/0.11.0/libthrift-0.11.0.jar:/root/.m2/repository/com/squareup/okhttp3/okhttp/3.9.0/okhttp-3.9.0.jar:/root/.m2/repository/com/squareup/okio/okio/1.13.0/okio-1.13.0.jar:/root/.m2/repository/io/jaegertracing/jaeger-core/0.33.1/jaeger-core-0.33.1.jar:/root/.m2/repository/io/jaegertracing/jaeger-tracerresolver/0.33.1/jaeger-tracerresolver-0.33.1.jar:/root/.m2/repository/io/opentracing/contrib/opentracing-tracerresolver/0.1.5/opentracing-tracerresolver-0.1.5.jar:/root/.m2/repository/io/opentracing/opentracing-util/0.31.0/opentracing-util-0.31.0.jar:/root/.m2/repository/io/opentracing/opentracing-api/0.31.0/opentracing-api-0.31.0.jar:/root/.m2/repository/io/opentracing/opentracing-noop/0.31.0/opentracing-noop-0.31.0.jar:/root/.m2/repository/org/apache/hadoop/hadoop-hdds-server-framework/0.5.0-SNAPSHOT/hadoop-hdds-server-framework-0.5.0-SNAPSHOT.jar:/root/.m2/repository/org/apache/hadoop/hadoop-hdds-server-scm/0.5.0-SNAPSHOT/hadoop-hdds-server-scm-0.5.0-SNAPSHOT.jar:/root/.m2/repository/org/apache/hadoop/hadoop-hdds-container-service/0.5.0-SNAPSHOT/hadoop-hdds-container-service-0.5.0-SNAPSHOT.jar:/root/.m2/repository/org/apache/hadoop/hadoop-hdds-client/0.5.0-SNAPSHOT/hadoop-hdds-client-0.5.0-SNAPSHOT.jar:/root/.m2/repository/org/apache/hadoop/hadoop-hdds-tools/0.5.0-SNAPSHOT/hadoop-hdds-tools-0.5.0-SNAPSHOT.jar:/root/.m2/repository/org/apache/hadoop/hadoop-ozone-ozone-manager/0.5.0-SNAPSHOT/hadoop-ozone-ozone-manager-0.5.0-SNAPSHOT.jar:/root/.m2/repository/org/apache/hadoop/hadoop-hdds-docs/0.5.0-SNAPSHOT/hadoop-hdds-docs-0.5.0-SNAPSHOT.jar:/root/.m2/repository/org/bouncycastle/bcprov-jdk15on/1.60/bcprov-jdk15on-1.60.jar:/root/.m2/repository/org/apache/hadoop/hadoop-minikdc/3.2.0/hadoop-minikdc-3.2.0.jar:/root/.m2/repository/commons-io/commons-io/2.5/commons-io-2.5.jar:/root/.m2/repository/org/apache/kerby/kerb-simplekdc/1.0.1/kerb-simplekdc-1.0.1.jar:/root/.m2/repository/org/apache/kerby/kerb-client/1.0.1/kerb-client-1.0.1.jar:/root/.m2/repository/org/apache/kerby/kerby-config/1.0.1/kerby-config-1.0.1.jar:/root/.m2/repository/org/apache/kerby/kerb-core/1.0.1/kerb-core-1.0.1.jar:/root/.m2/repository/org/apache/kerby/kerby-pkix/1.0.1/kerby-pkix-1.0.1.jar:/root/.m2/repository/org/apache/kerby/kerby-asn1/1.0.1/kerby-asn1-1.0.1.jar:/root/.m2/repository/org/apache/kerby/kerby-util/1.0.1/kerby-util-1.0.1.jar:/root/.m2/repository/org/apache/kerby/kerb-common/1.0.1/kerb-common-1.0.1.jar:/root/.m2/repository/org/apache/kerby/kerb-crypto/1.0.1/kerb-crypto-1.0.1.jar:/root/.m2/repository/org/apache/kerby/kerb-util/1.0.1/kerb-util-1.0.1.jar:/root/.m2/repository/org/apache/kerby/token-provider/1.0.1/token-provider-1.0.1.jar:/root/.m2/repository/org/apache/kerby/kerb-admin/1.0.1/kerb-admin-1.0.1.jar:/root/.m2/repository/org/apache/kerby/kerb-server/1.0.1/kerb-server-1.0.1.jar:/root/.m2/repository/org/apache/kerby/kerb-identity/1.0.1/kerb-identity-1.0.1.jar:/root/.m2/repository/org/apache/kerby/kerby-xdr/1.0.1/kerby-xdr-1.0.1.jar:/root/.m2/repository/org/slf4j/slf4j-log4j12/1.7.25/slf4j-log4j12-1.7.25.jar:/root/.m2/repository/org/apache/hadoop/hadoop-ozone-objectstore-service/0.5.0-SNAPSHOT/hadoop-ozone-objectstore-service-0.5.0-SNAPSHOT.jar:/root/.m2/repository/org/apache/hadoop/hadoop-ozone-s3gateway/0.5.0-SNAPSHOT/hadoop-ozone-s3gateway-0.5.0-SNAPSHOT.jar:/root/.m2/repository/org/jboss/weld/servlet/weld-servlet/2.4.7.Final/weld-servlet-2.4.7.Final.jar:/root/.m2/repository/org/glassfish/jersey/containers/jersey-container-servlet-core/2.27/jersey-container-servlet-core-2.27.jar:/root/.m2/repository/org/glassfish/hk2/external/javax.inject/2.5.0-b42/javax.inject-2.5.0-b42.jar:/root/.m2/repository/org/glassfish/jersey/core/jersey-common/2.27/jersey-common-2.27.jar:/root/.m2/repository/org/glassfish/hk2/osgi-resource-locator/1.0.1/osgi-resource-locator-1.0.1.jar:/root/.m2/repository/javax/ws/rs/javax.ws.rs-api/2.1/javax.ws.rs-api-2.1.jar:/root/.m2/repository/org/glassfish/jersey/ext/cdi/jersey-cdi1x/2.27/jersey-cdi1x-2.27.jar:/root/.m2/repository/org/glassfish/jersey/inject/jersey-hk2/2.27/jersey-hk2-2.27.jar:/root/.m2/repository/org/glassfish/hk2/hk2-locator/2.5.0-b42/hk2-locator-2.5.0-b42.jar:/root/.m2/repository/org/javassist/javassist/3.22.0-CR2/javassist-3.22.0-CR2.jar:/root/.m2/repository/org/glassfish/hk2/hk2-api/2.5.0/hk2-api-2.5.0.jar:/root/.m2/repository/org/glassfish/hk2/external/jakarta.inject/2.5.0/jakarta.inject-2.5.0.jar:/root/.m2/repository/org/glassfish/hk2/hk2-utils/2.5.0/hk2-utils-2.5.0.jar:/root/.m2/repository/jakarta/annotation/jakarta.annotation-api/1.3.4/jakarta.annotation-api-1.3.4.jar:/root/.m2/repository/org/glassfish/hk2/external/aopalliance-repackaged/2.5.0/aopalliance-repackaged-2.5.0.jar:/root/.m2/repository/com/fasterxml/jackson/dataformat/jackson-dataformat-xml/2.9.0/jackson-dataformat-xml-2.9.0.jar:/root/.m2/repository/com/fasterxml/jackson/core/jackson-core/2.9.5/jackson-core-2.9.5.jar:/root/.m2/repository/com/fasterxml/jackson/module/jackson-module-jaxb-annotations/2.9.5/jackson-module-jaxb-annotations-2.9.5.jar:/root/.m2/repository/javax/enterprise/cdi-api/1.2/cdi-api-1.2.jar:/root/.m2/repository/javax/el/javax.el-api/3.0.0/javax.el-api-3.0.0.jar:/root/.m2/repository/javax/interceptor/javax.interceptor-api/1.2/javax.interceptor-api-1.2.jar:/root/.m2/repository/javax/inject/javax.inject/1/javax.inject-1.jar:/root/.m2/repository/com/sun/xml/bind/jaxb-impl/2.3.0.1/jaxb-impl-2.3.0.1.jar:/root/.m2/repository/com/sun/xml/bind/jaxb-core/2.3.0.1/jaxb-core-2.3.0.1.jar:/root/.m2/repository/javax/xml/bind/jaxb-api/2.3.0/jaxb-api-2.3.0.jar:/root/.m2/repository/javax/activation/activation/1.1.1/activation-1.1.1.jar:/root/.m2/repository/org/apache/hadoop/hadoop-ozone-csi/0.5.0-SNAPSHOT/hadoop-ozone-csi-0.5.0-SNAPSHOT.jar:/root/.m2/repository/com/google/protobuf/protobuf-java-util/3.5.1/protobuf-java-util-3.5.1.jar:/root/.m2/repository/org/apache/hadoop/hadoop-hdds-config/0.5.0-SNAPSHOT/hadoop-hdds-config-0.5.0-SNAPSHOT.jar:/root/.m2/repository/com/google/guava/guava/11.0.2/guava-11.0.2.jar:/root/.m2/repository/com/google/protobuf/protobuf-java/2.5.0/protobuf-java-2.5.0.jar:/root/.m2/repository/io/grpc/grpc-netty/1.17.1/grpc-netty-1.17.1.jar:/root/.m2/repository/io/grpc/grpc-core/1.17.1/grpc-core-1.17.1.jar:/root/.m2/repository/io/grpc/grpc-context/1.17.1/grpc-context-1.17.1.jar:/root/.m2/repository/com/google/errorprone/error_prone_annotations/2.2.0/error_prone_annotations-2.2.0.jar:/root/.m2/repository/org/codehaus/mojo/animal-sniffer-annotations/1.17/animal-sniffer-annotations-1.17.jar:/root/.m2/repository/io/opencensus/opencensus-api/0.17.0/opencensus-api-0.17.0.jar:/root/.m2/repository/io/opencensus/opencensus-contrib-grpc-metrics/0.17.0/opencensus-contrib-grpc-metrics-0.17.0.jar:/root/.m2/repository/io/netty/netty-codec-http2/4.1.30.Final/netty-codec-http2-4.1.30.Final.jar:/root/.m2/repository/io/netty/netty-codec-http/4.1.30.Final/netty-codec-http-4.1.30.Final.jar:/root/.m2/repository/io/netty/netty-codec/4.1.30.Final/netty-codec-4.1.30.Final.jar:/root/.m2/repository/io/netty/netty-handler/4.1.30.Final/netty-handler-4.1.30.Final.jar:/root/.m2/repository/io/netty/netty-handler-proxy/4.1.30.Final/netty-handler-proxy-4.1.30.Final.jar:/root/.m2/repository/io/netty/netty-codec-socks/4.1.30.Final/netty-codec-socks-4.1.30.Final.jar:/root/.m2/repository/io/netty/netty-transport-native-epoll/4.1.30.Final/netty-transport-native-epoll-4.1.30.Final.jar:/root/.m2/repository/io/netty/netty-common/4.1.30.Final/netty-common-4.1.30.Final.jar:/root/.m2/repository/io/netty/netty-buffer/4.1.30.Final/netty-buffer-4.1.30.Final.jar:/root/.m2/repository/io/netty/netty-transport/4.1.30.Final/netty-transport-4.1.30.Final.jar:/root/.m2/repository/io/netty/netty-resolver/4.1.30.Final/netty-resolver-4.1.30.Final.jar:/root/.m2/repository/io/netty/netty-transport-native-unix-common/4.1.30.Final/netty-transport-native-unix-common-4.1.30.Final.jar:/root/.m2/repository/io/grpc/grpc-protobuf/1.17.1/grpc-protobuf-1.17.1.jar:/root/.m2/repository/com/google/api/grpc/proto-google-common-protos/1.0.0/proto-google-common-protos-1.0.0.jar:/root/.m2/repository/io/grpc/grpc-protobuf-lite/1.17.1/grpc-protobuf-lite-1.17.1.jar:/root/.m2/repository/io/grpc/grpc-stub/1.17.1/grpc-stub-1.17.1.jar:/root/.m2/repository/org/apache/hadoop/hadoop-ozone-recon/0.5.0-SNAPSHOT/hadoop-ozone-recon-0.5.0-SNAPSHOT.jar:/root/.m2/repository/org/apache/hadoop/hadoop-ozone-reconcodegen/0.5.0-SNAPSHOT/hadoop-ozone-reconcodegen-0.5.0-SNAPSHOT.jar:/root/.m2/repository/com/google/inject/extensions/guice-multibindings/4.0/guice-multibindings-4.0.jar:/root/.m2/repository/com/google/inject/guice/4.0/guice-4.0.jar:/root/.m2/repository/aopalliance/aopalliance/1.0/aopalliance-1.0.jar:/root/.m2/repository/com/google/inject/extensions/guice-servlet/4.0/guice-servlet-4.0.jar:/root/.m2/repository/org/glassfish/jersey/containers/jersey-container-servlet/2.27/jersey-container-servlet-2.27.jar:/root/.m2/repository/org/glassfish/hk2/guice-bridge/2.5.0/guice-bridge-2.5.0.jar:/root/.m2/repository/org/glassfish/jersey/core/jersey-server/2.27/jersey-server-2.27.jar:/root/.m2/repository/org/glassfish/jersey/core/jersey-client/2.27/jersey-client-2.27.jar:/root/.m2/repository/org/glassfish/jersey/media/jersey-media-jaxb/2.27/jersey-media-jaxb-2.27.jar:/root/.m2/repository/javax/validation/validation-api/1.1.0.Final/validation-api-1.1.0.Final.jar:/root/.m2/repository/org/glassfish/jersey/media/jersey-media-json-jackson/2.27/jersey-media-json-jackson-2.27.jar:/root/.m2/repository/org/glassfish/jersey/ext/jersey-entity-filtering/2.27/jersey-entity-filtering-2.27.jar:/root/.m2/repository/com/google/inject/extensions/guice-assistedinject/4.0/guice-assistedinject-4.0.jar:/root/.m2/repository/org/jooq/jooq/3.11.10/jooq-3.11.10.jar:/root/.m2/repository/org/jooq/jooq-meta/3.11.10/jooq-meta-3.11.10.jar:/root/.m2/repository/org/jooq/jooq-codegen/3.11.10/jooq-codegen-3.11.10.jar:/root/.m2/repository/com/jolbox/bonecp/0.8.0.RELEASE/bonecp-0.8.0.RELEASE.jar:/root/.m2/repository/org/xerial/sqlite-jdbc/3.25.2/sqlite-jdbc-3.25.2.jar:/root/.m2/repository/org/springframework/spring-jdbc/5.1.3.RELEASE/spring-jdbc-5.1.3.RELEASE.jar:/root/.m2/repository/org/springframework/spring-beans/5.1.3.RELEASE/spring-beans-5.1.3.RELEASE.jar:/root/.m2/repository/org/springframework/spring-core/5.1.3.RELEASE/spring-core-5.1.3.RELEASE.jar:/root/.m2/repository/org/springframework/spring-jcl/5.1.3.RELEASE/spring-jcl-5.1.3.RELEASE.jar:/root/.m2/repository/org/springframework/spring-tx/5.1.3.RELEASE/spring-tx-5.1.3.RELEASE.jar:/root/.m2/repository/org/apache/hadoop/hadoop-ozone-client/0.5.0-SNAPSHOT/hadoop-ozone-client-0.5.0-SNAPSHOT.jar:/root/.m2/repository/org/apache/hadoop/hadoop-ozone-ozone-manager/0.5.0-SNAPSHOT/hadoop-ozone-ozone-manager-0.5.0-SNAPSHOT-tests.jar:/root/.m2/repository/junit/junit/4.11/junit-4.11.jar:/root/.m2/repository/org/hamcrest/hamcrest-core/1.3/hamcrest-core-1.3.jar:/root/.m2/repository/org/openjdk/jmh/jmh-core/1.19/jmh-core-1.19.jar:/root/.m2/repository/net/sf/jopt-simple/jopt-simple/4.6/jopt-simple-4.6.jar:/root/.m2/repository/org/apache/commons/commons-math3/3.1.1/commons-math3-3.1.1.jar:/root/.m2/repository/org/openjdk/jmh/jmh-generator-annprocess/1.19/jmh-generator-annprocess-1.19.jar:/root/.m2/repository/org/mockito/mockito-all/1.8.5/mockito-all-1.8.5.jar:/root/.m2/repository/org/apache/hadoop/hadoop-kms/3.2.0/hadoop-kms-3.2.0.jar:/root/.m2/repository/org/apache/hadoop/hadoop-auth/3.2.0/hadoop-auth-3.2.0.jar:/root/.m2/repository/com/nimbusds/nimbus-jose-jwt/4.41.1/nimbus-jose-jwt-4.41.1.jar:/root/.m2/repository/com/github/stephenc/jcip/jcip-annotations/1.0-1/jcip-annotations-1.0-1.jar:/root/.m2/repository/net/minidev/json-smart/2.3/json-smart-2.3.jar:/root/.m2/repository/net/minidev/accessors-smart/1.2/accessors-smart-1.2.jar:/root/.m2/repository/org/ow2/asm/asm/5.0.4/asm-5.0.4.jar:/root/.m2/repository/org/apache/curator/curator-framework/2.12.0/curator-framework-2.12.0.jar:/root/.m2/repository/com/sun/jersey/jersey-core/1.19/jersey-core-1.19.jar:/root/.m2/repository/javax/ws/rs/jsr311-api/1.1.1/jsr311-api-1.1.1.jar:/root/.m2/repository/com/sun/jersey/jersey-server/1.19/jersey-server-1.19.jar:/root/.m2/repository/javax/servlet/javax.servlet-api/3.1.0/javax.servlet-api-3.1.0.jar:/root/.m2/repository/org/eclipse/jetty/jetty-server/9.3.24.v20180605/jetty-server-9.3.24.v20180605.jar:/root/.m2/repository/org/eclipse/jetty/jetty-http/9.3.24.v20180605/jetty-http-9.3.24.v20180605.jar:/root/.m2/repository/org/eclipse/jetty/jetty-io/9.3.24.v20180605/jetty-io-9.3.24.v20180605.jar:/root/.m2/repository/org/eclipse/jetty/jetty-webapp/9.3.24.v20180605/jetty-webapp-9.3.24.v20180605.jar:/root/.m2/repository/org/eclipse/jetty/jetty-xml/9.3.24.v20180605/jetty-xml-9.3.24.v20180605.jar:/root/.m2/repository/log4j/log4j/1.2.17/log4j-1.2.17.jar:/root/.m2/repository/org/slf4j/slf4j-api/1.7.25/slf4j-api-1.7.25.jar:/root/.m2/repository/org/slf4j/jul-to-slf4j/1.7.25/jul-to-slf4j-1.7.25.jar:/root/.m2/repository/org/eclipse/jetty/jetty-util/9.3.24.v20180605/jetty-util-9.3.24.v20180605.jar:/root/.m2/repository/io/dropwizard/metrics/metrics-core/3.2.4/metrics-core-3.2.4.jar:/root/.m2/repository/com/fasterxml/jackson/core/jackson-databind/2.9.5/jackson-databind-2.9.5.jar:/root/.m2/repository/org/apache/hadoop/hadoop-kms/3.2.0/hadoop-kms-3.2.0-tests.jar:/root/.m2/repository/org/apache/hadoop/hadoop-hdds-server-scm/0.5.0-SNAPSHOT/hadoop-hdds-server-scm-0.5.0-SNAPSHOT-tests.jar:/root/.m2/repository/org/hamcrest/hamcrest-all/1.3/hamcrest-all-1.3.jar:/root/.m2/repository/info/picocli/picocli/3.9.6/picocli-3.9.6.jar:/root/.m2/repository/org/apache/hadoop/hadoop-hdds-container-service/0.5.0-SNAPSHOT/hadoop-hdds-container-service-0.5.0-SNAPSHOT-tests.jar:/root/.m2/repository/org/yaml/snakeyaml/1.16/snakeyaml-1.16.jar:/root/.m2/repository/org/apache/hadoop/hadoop-common/3.2.0/hadoop-common-3.2.0-tests.jar:/root/.m2/repository/org/apache/hadoop/hadoop-annotations/3.2.0/hadoop-annotations-3.2.0.jar:/usr/lib/jvm/java-1.8-openjdk/jre/../lib/tools.jar:/root/.m2/repository/commons-cli/commons-cli/1.2/commons-cli-1.2.jar:/root/.m2/repository/org/apache/httpcomponents/httpclient/4.5.2/httpclient-4.5.2.jar:/root/.m2/repository/org/apache/httpcomponents/httpcore/4.4.4/httpcore-4.4.4.jar:/root/.m2/repository/commons-codec/commons-codec/1.11/commons-codec-1.11.jar:/root/.m2/repository/commons-net/commons-net/3.6/commons-net-3.6.jar:/root/.m2/repository/commons-collections/commons-collections/3.2.2/commons-collections-3.2.2.jar:/root/.m2/repository/org/eclipse/jetty/jetty-servlet/9.3.24.v20180605/jetty-servlet-9.3.24.v20180605.jar:/root/.m2/repository/org/eclipse/jetty/jetty-security/9.3.24.v20180605/jetty-security-9.3.24.v20180605.jar:/root/.m2/repository/javax/servlet/jsp/jsp-api/2.1/jsp-api-2.1.jar:/root/.m2/repository/com/sun/jersey/jersey-servlet/1.19/jersey-servlet-1.19.jar:/root/.m2/repository/com/sun/jersey/jersey-json/1.19/jersey-json-1.19.jar:/root/.m2/repository/org/codehaus/jettison/jettison/1.1/jettison-1.1.jar:/root/.m2/repository/org/codehaus/jackson/jackson-core-asl/1.9.13/jackson-core-asl-1.9.13.jar:/root/.m2/repository/org/codehaus/jackson/jackson-mapper-asl/1.9.13/jackson-mapper-asl-1.9.13.jar:/root/.m2/repository/org/codehaus/jackson/jackson-jaxrs/1.9.13/jackson-jaxrs-1.9.13.jar:/root/.m2/repository/org/codehaus/jackson/jackson-xc/1.9.13/jackson-xc-1.9.13.jar:/root/.m2/repository/commons-logging/commons-logging/1.1.3/commons-logging-1.1.3.jar:/root/.m2/repository/commons-beanutils/commons-beanutils/1.9.3/commons-beanutils-1.9.3.jar:/root/.m2/repository/org/apache/commons/commons-configuration2/2.1.1/commons-configuration2-2.1.1.jar:/root/.m2/repository/org/apache/commons/commons-lang3/3.7/commons-lang3-3.7.jar:/root/.m2/repository/org/apache/commons/commons-text/1.4/commons-text-1.4.jar:/root/.m2/repository/org/apache/avro/avro/1.7.7/avro-1.7.7.jar:/root/.m2/repository/com/thoughtworks/paranamer/paranamer/2.3/paranamer-2.3.jar:/root/.m2/repository/org/xerial/snappy/snappy-java/1.0.5/snappy-java-1.0.5.jar:/root/.m2/repository/com/google/re2j/re2j/1.1/re2j-1.1.jar:/root/.m2/repository/com/google/code/gson/gson/2.2.4/gson-2.2.4.jar:/root/.m2/repository/com/jcraft/jsch/0.1.54/jsch-0.1.54.jar:/root/.m2/repository/org/apache/curator/curator-client/2.12.0/curator-client-2.12.0.jar:/root/.m2/repository/org/apache/curator/curator-recipes/2.12.0/curator-recipes-2.12.0.jar:/root/.m2/repository/com/google/code/findbugs/jsr305/3.0.0/jsr305-3.0.0.jar:/root/.m2/repository/org/apache/htrace/htrace-core4/4.1.0-incubating/htrace-core4-4.1.0-incubating.jar:/root/.m2/repository/org/apache/zookeeper/zookeeper/3.4.13/zookeeper-3.4.13.jar:/root/.m2/repository/org/apache/yetus/audience-annotations/0.5.0/audience-annotations-0.5.0.jar:/root/.m2/repository/org/codehaus/woodstox/stax2-api/3.1.4/stax2-api-3.1.4.jar:/root/.m2/repository/com/fasterxml/woodstox/woodstox-core/5.0.3/woodstox-core-5.0.3.jar:/root/.m2/repository/dnsjava/dnsjava/2.1.7/dnsjava-2.1.7.jar:/root/.m2/repository/org/apache/hadoop/hadoop-hdfs/3.2.0/hadoop-hdfs-3.2.0-tests.jar:/root/.m2/repository/org/eclipse/jetty/jetty-util-ajax/9.3.24.v20180605/jetty-util-ajax-9.3.24.v20180605.jar:/root/.m2/repository/commons-daemon/commons-daemon/1.0.13/commons-daemon-1.0.13.jar:/root/.m2/repository/io/netty/netty/3.10.5.Final/netty-3.10.5.Final.jar:/root/.m2/repository/io/netty/netty-all/4.0.52.Final/netty-all-4.0.52.Final.jar:/root/.m2/repository/org/fusesource/leveldbjni/leveldbjni-all/1.8/leveldbjni-all-1.8.jar:"/>
    <property name="sun.cpu.endian" value="little"/>
    <property name="user.home" value="/root"/>
    <property name="user.language" value="en"/>
    <property name="java.specification.vendor" value="Oracle Corporation"/>
    <property name="java.home" value="/usr/lib/jvm/java-1.8-openjdk/jre"/>
    <property name="java.security.krb5.conf" value="/opt/src/hadoop-ozone/integration-test/target/test-classes/krb5.conf"/>
    <property name="basedir" value="/opt/src/hadoop-ozone/integration-test"/>
    <property name="file.separator" value="/"/>
    <property name="line.separator" value="&#10;"/>
    <property name="java.vm.specification.vendor" value="Oracle Corporation"/>
    <property name="java.specification.name" value="Java Platform API Specification"/>
    <property name="java.awt.graphicsenv" value="sun.awt.X11GraphicsEnvironment"/>
    <property name="surefire.real.class.path" value="/opt/src/hadoop-ozone/integration-test/target/surefire/surefirebooter3663915604687105216.jar"/>
    <property name="hadoop.log.dir" value="/opt/src/hadoop-ozone/integration-test/target/log"/>
    <property name="sun.boot.class.path" value="/usr/lib/jvm/java-1.8-openjdk/jre/lib/resources.jar:/usr/lib/jvm/java-1.8-openjdk/jre/lib/rt.jar:/usr/lib/jvm/java-1.8-openjdk/jre/lib/sunrsasign.jar:/usr/lib/jvm/java-1.8-openjdk/jre/lib/jsse.jar:/usr/lib/jvm/java-1.8-openjdk/jre/lib/jce.jar:/usr/lib/jvm/java-1.8-openjdk/jre/lib/charsets.jar:/usr/lib/jvm/java-1.8-openjdk/jre/lib/jfr.jar:/usr/lib/jvm/java-1.8-openjdk/jre/classes"/>
    <property name="sun.management.compiler" value="HotSpot 64-Bit Tiered Compilers"/>
    <property name="java.runtime.version" value="1.8.0_212-b04"/>
    <property name="java.net.preferIPv4Stack" value="true"/>
    <property name="user.name" value="root"/>
    <property name="path.separator" value=":"/>
    <property name="java.security.egd" value="file:///dev/urandom"/>
    <property name="os.version" value="4.15.0-1021-aws"/>
    <property name="java.endorsed.dirs" value="/usr/lib/jvm/java-1.8-openjdk/jre/lib/endorsed"/>
    <property name="java.runtime.name" value="OpenJDK Runtime Environment"/>
    <property name="file.encoding" value="UTF-8"/>
    <property name="java.vm.name" value="OpenJDK 64-Bit Server VM"/>
    <property name="test.build.webapps" value=""/>
    <property name="localRepository" value="/root/.m2/repository"/>
    <property name="java.vendor.url.bug" value="https://icedtea.classpath.org/bugzilla"/>
    <property name="java.io.tmpdir" value="/tmp"/>
    <property name="require.test.libhadoop" value=""/>
    <property name="java.version" value="1.8.0_212"/>
    <property name="user.dir" value="/opt/src/hadoop-ozone/integration-test"/>
    <property name="os.arch" value="amd64"/>
    <property name="java.vm.specification.name" value="Java Virtual Machine Specification"/>
    <property name="test.build.classes" value="/opt/src/hadoop-ozone/integration-test/target/test-classes"/>
    <property name="java.awt.printerjob" value="sun.print.PSPrinterJob"/>
    <property name="sun.os.patch.level" value="unknown"/>
    <property name="hadoop.tmp.dir" value="/opt/src/hadoop-ozone/integration-test/target/tmp"/>
    <property name="java.library.path" value="/usr/lib/jvm/java-1.8-openjdk/jre/lib/amd64/server:/usr/lib/jvm/java-1.8-openjdk/jre/lib/amd64:/usr/lib/jvm/java-1.8-openjdk/jre/../lib/amd64:/opt/src/hadoop-ozone/integration-test/target/native/target/usr/local/lib:/opt/src/hadoop-ozone/integration-test/../../hadoop-common-project/hadoop-common/target/native/target/usr/local/lib:/usr/java/packages/lib/amd64:/usr/lib64:/lib64:/lib:/usr/lib"/>
    <property name="java.vm.info" value="mixed mode"/>
    <property name="java.vendor" value="IcedTea"/>
    <property name="java.vm.version" value="25.212-b04"/>
    <property name="java.ext.dirs" value="/usr/lib/jvm/java-1.8-openjdk/jre/lib/ext:/usr/java/packages/lib/ext"/>
    <property name="sun.io.unicode.encoding" value="UnicodeLittle"/>
    <property name="java.class.version" value="52.0"/>
  </properties>
  <testcase name="testPipelineFail" classname="org.apache.hadoop.hdds.scm.pipeline.TestNodeFailure" time="0">
    <skipped/>
    <system-out><![CDATA[2019-06-13 23:15:04,004 WARN  server.ServerUtils (ServerUtils.java:getScmDbDir(145)) - ozone.scm.db.dirs is not configured. We recommend adding this setting. Falling back to ozone.metadata.dirs instead.
2019-06-13 23:15:04,149 WARN  server.ServerUtils (ServerUtils.java:getScmDbDir(145)) - ozone.scm.db.dirs is not configured. We recommend adding this setting. Falling back to ozone.metadata.dirs instead.
2019-06-13 23:15:04,152 WARN  server.ServerUtils (ServerUtils.java:getScmDbDir(145)) - ozone.scm.db.dirs is not configured. We recommend adding this setting. Falling back to ozone.metadata.dirs instead.
2019-06-13 23:15:04,173 INFO  util.log (Log.java:initialized(192)) - Logging initialized @1033ms
2019-06-13 23:15:04,278 INFO  db.DBStoreBuilder (DBStoreBuilder.java:addTable(110)) - using custom profile for table: deletedBlocks
2019-06-13 23:15:04,278 INFO  db.DBStoreBuilder (DBStoreBuilder.java:processTables(161)) - Using default column profile:DBProfile.DISK for Table:deletedBlocks
2019-06-13 23:15:04,279 INFO  db.DBStoreBuilder (DBStoreBuilder.java:addTable(110)) - using custom profile for table: validCerts
2019-06-13 23:15:04,279 INFO  db.DBStoreBuilder (DBStoreBuilder.java:processTables(161)) - Using default column profile:DBProfile.DISK for Table:validCerts
2019-06-13 23:15:04,279 INFO  db.DBStoreBuilder (DBStoreBuilder.java:addTable(110)) - using custom profile for table: revokedCerts
2019-06-13 23:15:04,280 INFO  db.DBStoreBuilder (DBStoreBuilder.java:processTables(161)) - Using default column profile:DBProfile.DISK for Table:revokedCerts
2019-06-13 23:15:04,292 INFO  db.DBStoreBuilder (DBStoreBuilder.java:addTable(110)) - using custom profile for table: default
2019-06-13 23:15:04,292 INFO  db.DBStoreBuilder (DBStoreBuilder.java:processTables(167)) - Using default column profile:DBProfile.DISK for Table:default
2019-06-13 23:15:04,294 INFO  db.DBStoreBuilder (DBStoreBuilder.java:getDbProfile(198)) - Using default options. DBProfile.DISK
2019-06-13 23:15:04,442 INFO  node.SCMNodeManager (SCMNodeManager.java:<init>(108)) - Entering startup safe mode.
2019-06-13 23:15:04,523 INFO  net.NodeSchemaLoader (NodeSchemaLoader.java:loadSchemaFromFile(125)) - Loading file from sun.misc.CompoundEnumeration@443118b0
2019-06-13 23:15:04,525 INFO  net.NodeSchemaLoader (NodeSchemaLoader.java:loadSchema(171)) - Loading network topology layer schema file
2019-06-13 23:15:04,594 WARN  server.ServerUtils (ServerUtils.java:getScmDbDir(145)) - ozone.scm.db.dirs is not configured. We recommend adding this setting. Falling back to ozone.metadata.dirs instead.
2019-06-13 23:15:04,628 INFO  pipeline.SCMPipelineManager (SCMPipelineManager.java:initializePipelineState(126)) - No pipeline exists in current db
2019-06-13 23:15:04,631 WARN  server.ServerUtils (ServerUtils.java:getScmDbDir(145)) - ozone.scm.db.dirs is not configured. We recommend adding this setting. Falling back to ozone.metadata.dirs instead.
2019-06-13 23:15:04,711 WARN  events.EventQueue (EventQueue.java:fireEvent(175)) - No event handler registered for event TypedEvent{payloadType=SafeModeStatus, name='SafeModeStatus'}
2019-06-13 23:15:05,016 INFO  ipc.CallQueueManager (CallQueueManager.java:<init>(84)) - Using callQueue: class java.util.concurrent.LinkedBlockingQueue, queueCapacity: 2000, scheduler: class org.apache.hadoop.ipc.DefaultRpcScheduler, ipcBackoff: false.
2019-06-13 23:15:05,040 INFO  ipc.Server (Server.java:run(1074)) - Starting Socket Reader #1 for port 39833
2019-06-13 23:15:05,067 INFO  ipc.CallQueueManager (CallQueueManager.java:<init>(84)) - Using callQueue: class java.util.concurrent.LinkedBlockingQueue, queueCapacity: 2000, scheduler: class org.apache.hadoop.ipc.DefaultRpcScheduler, ipcBackoff: false.
2019-06-13 23:15:05,068 INFO  ipc.Server (Server.java:run(1074)) - Starting Socket Reader #1 for port 42701
2019-06-13 23:15:05,075 INFO  ipc.CallQueueManager (CallQueueManager.java:<init>(84)) - Using callQueue: class java.util.concurrent.LinkedBlockingQueue, queueCapacity: 2000, scheduler: class org.apache.hadoop.ipc.DefaultRpcScheduler, ipcBackoff: false.
2019-06-13 23:15:05,105 INFO  ipc.Server (Server.java:run(1074)) - Starting Socket Reader #1 for port 46607
2019-06-13 23:15:05,125 INFO  hdfs.DFSUtil (DFSUtil.java:httpServerTemplateForNNAndJN(1641)) - Starting Web-server for scm at: http://0.0.0.0:0
2019-06-13 23:15:05,294 INFO  server.AuthenticationFilter (AuthenticationFilter.java:constructSecretProvider(240)) - Unable to initialize FileSignerSecretProvider, falling back to use random secrets.
2019-06-13 23:15:05,300 WARN  http.HttpRequestLog (HttpRequestLog.java:getRequestLog(97)) - Jetty request log can only be enabled using Log4j
2019-06-13 23:15:05,308 INFO  http.HttpServer2 (HttpServer2.java:addGlobalFilter(975)) - Added global filter 'safety' (class=org.apache.hadoop.http.HttpServer2$QuotingInputFilter)
2019-06-13 23:15:05,311 INFO  http.HttpServer2 (HttpServer2.java:addFilter(948)) - Added filter static_user_filter (class=org.apache.hadoop.http.lib.StaticUserWebFilter$StaticUserFilter) to context scm
2019-06-13 23:15:05,311 INFO  http.HttpServer2 (HttpServer2.java:addFilter(958)) - Added filter static_user_filter (class=org.apache.hadoop.http.lib.StaticUserWebFilter$StaticUserFilter) to context logs
2019-06-13 23:15:05,311 INFO  http.HttpServer2 (HttpServer2.java:addFilter(958)) - Added filter static_user_filter (class=org.apache.hadoop.http.lib.StaticUserWebFilter$StaticUserFilter) to context static
2019-06-13 23:15:05,336 INFO  server.StorageContainerManager (StorageContainerManager.java:start(752)) - StorageContainerLocationProtocol RPC server is listening at /0.0.0.0:46607
2019-06-13 23:15:05,382 WARN  impl.MetricsConfig (MetricsConfig.java:loadFirst(134)) - Cannot locate configuration: tried hadoop-metrics2-storagecontainermanager.properties,hadoop-metrics2.properties
2019-06-13 23:15:05,392 INFO  impl.MetricsSystemImpl (MetricsSystemImpl.java:startTimer(374)) - Scheduled Metric snapshot period at 10 second(s).
2019-06-13 23:15:05,392 INFO  impl.MetricsSystemImpl (MetricsSystemImpl.java:start(191)) - StorageContainerManager metrics system started
2019-06-13 23:15:05,570 INFO  server.SCMClientProtocolServer (SCMClientProtocolServer.java:start(149)) - RPC server for Client  is listening at /0.0.0.0:46607
2019-06-13 23:15:05,571 INFO  ipc.Server (Server.java:run(1314)) - IPC Server Responder: starting
2019-06-13 23:15:05,571 INFO  ipc.Server (Server.java:run(1153)) - IPC Server listener on 46607: starting
2019-06-13 23:15:05,574 INFO  server.StorageContainerManager (StorageContainerManager.java:start(761)) - ScmBlockLocationProtocol RPC server is listening at /0.0.0.0:42701
2019-06-13 23:15:05,574 INFO  server.SCMBlockProtocolServer (SCMBlockProtocolServer.java:start(137)) - RPC server for Block Protocol is listening at /0.0.0.0:42701
2019-06-13 23:15:05,574 INFO  ipc.Server (Server.java:run(1314)) - IPC Server Responder: starting
2019-06-13 23:15:05,574 INFO  ipc.Server (Server.java:run(1153)) - IPC Server listener on 42701: starting
2019-06-13 23:15:05,576 INFO  server.StorageContainerManager (StorageContainerManager.java:start(765)) - ScmDatanodeProtocl RPC server is listening at /0.0.0.0:39833
2019-06-13 23:15:05,577 INFO  server.SCMDatanodeProtocolServer (SCMDatanodeProtocolServer.java:start(191)) - RPC server for DataNodes is listening at /0.0.0.0:39833
2019-06-13 23:15:05,577 INFO  ipc.Server (Server.java:run(1314)) - IPC Server Responder: starting
2019-06-13 23:15:05,577 INFO  ipc.Server (Server.java:run(1153)) - IPC Server listener on 39833: starting
2019-06-13 23:15:05,584 INFO  http.HttpServer2 (HttpServer2.java:bindListener(1191)) - Jetty bound to port 38469
2019-06-13 23:15:05,587 INFO  server.Server (Server.java:doStart(351)) - jetty-9.3.24.v20180605, build timestamp: 2018-06-05T17:11:56Z, git hash: 84205aa28f11a4f31f2a3b86d1bba2cc8ab69827
2019-06-13 23:15:05,633 INFO  handler.ContextHandler (ContextHandler.java:doStart(781)) - Started o.e.j.s.ServletContextHandler@2df6226d{/logs,file:///opt/src/hadoop-ozone/integration-test/target/log,AVAILABLE}
2019-06-13 23:15:05,634 INFO  handler.ContextHandler (ContextHandler.java:doStart(781)) - Started o.e.j.s.ServletContextHandler@4ff4357f{/static,file:///opt/src/hadoop-ozone/integration-test/target/test-classes/webapps/static,AVAILABLE}
2019-06-13 23:15:05,674 INFO  handler.ContextHandler (ContextHandler.java:doStart(781)) - Started o.e.j.w.WebAppContext@2484f433{/,file:///opt/src/hadoop-ozone/integration-test/target/test-classes/webapps/scm/,AVAILABLE}{/scm}
2019-06-13 23:15:05,681 INFO  server.AbstractConnector (AbstractConnector.java:doStart(278)) - Started ServerConnector@841e575{HTTP/1.1,[http/1.1]}{0.0.0.0:38469}
2019-06-13 23:15:05,681 INFO  server.Server (Server.java:doStart(419)) - Started @2542ms
2019-06-13 23:15:05,683 INFO  server.BaseHttpServer (BaseHttpServer.java:updateConnectorAddress(207)) - HTTP server of SCM is listening at http://0.0.0.0:38469
2019-06-13 23:15:05,719 INFO  util.JvmPauseMonitor (JvmPauseMonitor.java:run(188)) - Starting JVM pause monitor
2019-06-13 23:15:05,722 WARN  scm.ScmUtils (ScmUtils.java:getDBPath(63)) - ozone.om.db.dirs is not configured. We recommend adding this setting. Falling back to ozone.metadata.dirs instead.
2019-06-13 23:15:05,822 WARN  scm.ScmUtils (ScmUtils.java:getDBPath(63)) - ozone.om.db.dirs is not configured. We recommend adding this setting. Falling back to ozone.metadata.dirs instead.
2019-06-13 23:15:05,823 INFO  om.OzoneManager (OzoneManager.java:setOMNodeDetails(519)) - OM Service ID is not set. Setting it to the default ID: omServiceIdDefault
2019-06-13 23:15:05,823 INFO  om.OzoneManager (OzoneManager.java:setOMNodeDetails(525)) - OM Node ID is not set. Setting it to the OmStorage's OmID: 75420396-56d9-4d7c-b10a-6696557e29ad
2019-06-13 23:15:05,824 WARN  scm.HddsServerUtil (HddsServerUtil.java:getDefaultRatisDirectory(354)) - Storage directory for Ratis is not configured. It is a good idea to map this to an SSD disk. Falling back to ozone.metadata.dirs
2019-06-13 23:15:05,825 WARN  scm.HddsServerUtil (HddsServerUtil.java:getDefaultRatisDirectory(354)) - Storage directory for Ratis is not configured. It is a good idea to map this to an SSD disk. Falling back to ozone.metadata.dirs
2019-06-13 23:15:05,825 INFO  om.OzoneManager (OzoneManager.java:loadOMHAConfigs(476)) - Found matching OM address with OMServiceId: null, OMNodeId: null, RPC Address: localhost:0 and Ratis port: 9872
2019-06-13 23:15:06,012 WARN  scm.ScmUtils (ScmUtils.java:getDBPath(63)) - ozone.om.db.dirs is not configured. We recommend adding this setting. Falling back to ozone.metadata.dirs instead.
2019-06-13 23:15:06,019 INFO  db.DBStoreBuilder (DBStoreBuilder.java:addTable(110)) - using custom profile for table: userTable
2019-06-13 23:15:06,019 INFO  db.DBStoreBuilder (DBStoreBuilder.java:processTables(161)) - Using default column profile:DBProfile.DISK for Table:userTable
2019-06-13 23:15:06,020 INFO  db.DBStoreBuilder (DBStoreBuilder.java:addTable(110)) - using custom profile for table: volumeTable
2019-06-13 23:15:06,020 INFO  db.DBStoreBuilder (DBStoreBuilder.java:processTables(161)) - Using default column profile:DBProfile.DISK for Table:volumeTable
2019-06-13 23:15:06,020 INFO  db.DBStoreBuilder (DBStoreBuilder.java:addTable(110)) - using custom profile for table: bucketTable
2019-06-13 23:15:06,020 INFO  db.DBStoreBuilder (DBStoreBuilder.java:processTables(161)) - Using default column profile:DBProfile.DISK for Table:bucketTable
2019-06-13 23:15:06,021 INFO  db.DBStoreBuilder (DBStoreBuilder.java:addTable(110)) - using custom profile for table: keyTable
2019-06-13 23:15:06,021 INFO  db.DBStoreBuilder (DBStoreBuilder.java:processTables(161)) - Using default column profile:DBProfile.DISK for Table:keyTable
2019-06-13 23:15:06,021 INFO  db.DBStoreBuilder (DBStoreBuilder.java:addTable(110)) - using custom profile for table: deletedTable
2019-06-13 23:15:06,022 INFO  db.DBStoreBuilder (DBStoreBuilder.java:processTables(161)) - Using default column profile:DBProfile.DISK for Table:deletedTable
2019-06-13 23:15:06,022 INFO  db.DBStoreBuilder (DBStoreBuilder.java:addTable(110)) - using custom profile for table: openKeyTable
2019-06-13 23:15:06,022 INFO  db.DBStoreBuilder (DBStoreBuilder.java:processTables(161)) - Using default column profile:DBProfile.DISK for Table:openKeyTable
2019-06-13 23:15:06,022 INFO  db.DBStoreBuilder (DBStoreBuilder.java:addTable(110)) - using custom profile for table: s3Table
2019-06-13 23:15:06,023 INFO  db.DBStoreBuilder (DBStoreBuilder.java:processTables(161)) - Using default column profile:DBProfile.DISK for Table:s3Table
2019-06-13 23:15:06,023 INFO  db.DBStoreBuilder (DBStoreBuilder.java:addTable(110)) - using custom profile for table: multipartInfoTable
2019-06-13 23:15:06,023 INFO  db.DBStoreBuilder (DBStoreBuilder.java:processTables(161)) - Using default column profile:DBProfile.DISK for Table:multipartInfoTable
2019-06-13 23:15:06,023 INFO  db.DBStoreBuilder (DBStoreBuilder.java:addTable(110)) - using custom profile for table: dTokenTable
2019-06-13 23:15:06,024 INFO  db.DBStoreBuilder (DBStoreBuilder.java:processTables(161)) - Using default column profile:DBProfile.DISK for Table:dTokenTable
2019-06-13 23:15:06,024 INFO  db.DBStoreBuilder (DBStoreBuilder.java:addTable(110)) - using custom profile for table: s3SecretTable
2019-06-13 23:15:06,024 INFO  db.DBStoreBuilder (DBStoreBuilder.java:processTables(161)) - Using default column profile:DBProfile.DISK for Table:s3SecretTable
2019-06-13 23:15:06,024 INFO  db.DBStoreBuilder (DBStoreBuilder.java:addTable(110)) - using custom profile for table: prefixTable
2019-06-13 23:15:06,025 INFO  db.DBStoreBuilder (DBStoreBuilder.java:processTables(161)) - Using default column profile:DBProfile.DISK for Table:prefixTable
2019-06-13 23:15:06,025 INFO  db.DBStoreBuilder (DBStoreBuilder.java:addTable(110)) - using custom profile for table: default
2019-06-13 23:15:06,025 INFO  db.DBStoreBuilder (DBStoreBuilder.java:processTables(167)) - Using default column profile:DBProfile.DISK for Table:default
2019-06-13 23:15:06,025 INFO  db.DBStoreBuilder (DBStoreBuilder.java:getDbProfile(198)) - Using default options. DBProfile.DISK
2019-06-13 23:15:06,671 INFO  ipc.CallQueueManager (CallQueueManager.java:<init>(84)) - Using callQueue: class java.util.concurrent.LinkedBlockingQueue, queueCapacity: 2000, scheduler: class org.apache.hadoop.ipc.DefaultRpcScheduler, ipcBackoff: false.
2019-06-13 23:15:06,672 INFO  ipc.Server (Server.java:run(1074)) - Starting Socket Reader #1 for port 33375
2019-06-13 23:15:06,705 WARN  scm.ScmUtils (ScmUtils.java:getDBPath(63)) - ozone.om.db.dirs is not configured. We recommend adding this setting. Falling back to ozone.metadata.dirs instead.
2019-06-13 23:15:06,705 INFO  om.OzoneManager (OzoneManager.java:start(1217)) - OzoneManager RPC server is listening at localhost/127.0.0.1:33375
2019-06-13 23:15:06,706 INFO  impl.MetricsSystemImpl (MetricsSystemImpl.java:init(158)) - OzoneManager metrics system started (again)
2019-06-13 23:15:06,725 INFO  ipc.Server (Server.java:run(1314)) - IPC Server Responder: starting
2019-06-13 23:15:06,729 INFO  ipc.Server (Server.java:run(1153)) - IPC Server listener on 33375: starting
2019-06-13 23:15:06,777 INFO  hdfs.DFSUtil (DFSUtil.java:httpServerTemplateForNNAndJN(1641)) - Starting Web-server for ozoneManager at: http://0.0.0.0:0
2019-06-13 23:15:06,779 INFO  server.AuthenticationFilter (AuthenticationFilter.java:constructSecretProvider(240)) - Unable to initialize FileSignerSecretProvider, falling back to use random secrets.
2019-06-13 23:15:06,785 WARN  http.HttpRequestLog (HttpRequestLog.java:getRequestLog(97)) - Jetty request log can only be enabled using Log4j
2019-06-13 23:15:06,789 INFO  http.HttpServer2 (HttpServer2.java:addGlobalFilter(975)) - Added global filter 'safety' (class=org.apache.hadoop.http.HttpServer2$QuotingInputFilter)
2019-06-13 23:15:06,790 INFO  http.HttpServer2 (HttpServer2.java:addFilter(948)) - Added filter static_user_filter (class=org.apache.hadoop.http.lib.StaticUserWebFilter$StaticUserFilter) to context ozoneManager
2019-06-13 23:15:06,791 INFO  http.HttpServer2 (HttpServer2.java:addFilter(958)) - Added filter static_user_filter (class=org.apache.hadoop.http.lib.StaticUserWebFilter$StaticUserFilter) to context logs
2019-06-13 23:15:06,791 INFO  http.HttpServer2 (HttpServer2.java:addFilter(958)) - Added filter static_user_filter (class=org.apache.hadoop.http.lib.StaticUserWebFilter$StaticUserFilter) to context static
2019-06-13 23:15:06,795 INFO  http.HttpServer2 (HttpServer2.java:bindListener(1191)) - Jetty bound to port 37863
2019-06-13 23:15:06,795 INFO  server.Server (Server.java:doStart(351)) - jetty-9.3.24.v20180605, build timestamp: 2018-06-05T17:11:56Z, git hash: 84205aa28f11a4f31f2a3b86d1bba2cc8ab69827
2019-06-13 23:15:06,797 INFO  handler.ContextHandler (ContextHandler.java:doStart(781)) - Started o.e.j.s.ServletContextHandler@7c2a69b4{/logs,file:///opt/src/hadoop-ozone/integration-test/target/log,AVAILABLE}
2019-06-13 23:15:06,799 INFO  handler.ContextHandler (ContextHandler.java:doStart(781)) - Started o.e.j.s.ServletContextHandler@648ee871{/static,file:///opt/src/hadoop-ozone/integration-test/target/test-classes/webapps/static,AVAILABLE}
2019-06-13 23:15:06,809 INFO  handler.ContextHandler (ContextHandler.java:doStart(781)) - Started o.e.j.w.WebAppContext@6f012914{/,file:///opt/src/hadoop-ozone/integration-test/target/test-classes/webapps/ozoneManager/,AVAILABLE}{/ozoneManager}
2019-06-13 23:15:06,810 INFO  server.AbstractConnector (AbstractConnector.java:doStart(278)) - Started ServerConnector@18fdb6cf{HTTP/1.1,[http/1.1]}{0.0.0.0:37863}
2019-06-13 23:15:06,810 INFO  server.Server (Server.java:doStart(419)) - Started @3671ms
2019-06-13 23:15:06,811 INFO  server.BaseHttpServer (BaseHttpServer.java:updateConnectorAddress(207)) - HTTP server of OZONEMANAGER is listening at http://0.0.0.0:37863
2019-06-13 23:15:07,023 INFO  impl.MetricsSystemImpl (MetricsSystemImpl.java:init(158)) - HddsDatanode metrics system started (again)
2019-06-13 23:15:07,221 INFO  ozone.HddsDatanodeService (HddsDatanodeService.java:start(185)) - HddsDatanodeService host:ozone-g79bc-2755786375 ip:192.168.105.138
2019-06-13 23:15:07,259 INFO  volume.HddsVolume (HddsVolume.java:<init>(176)) - Creating Volume: /opt/src/hadoop-ozone/integration-test/target/test-dir/MiniOzoneClusterImpl-5033b618-a738-471e-a9c2-283f34c50f71/datanode-0/data/containers/hdds of  storage type : DISK and capacity : 104021790720
2019-06-13 23:15:07,261 INFO  volume.VolumeSet (VolumeSet.java:initializeVolumeSet(170)) - Added Volume : /opt/src/hadoop-ozone/integration-test/target/test-dir/MiniOzoneClusterImpl-5033b618-a738-471e-a9c2-283f34c50f71/datanode-0/data/containers/hdds to VolumeSet
2019-06-13 23:15:07,264 INFO  volume.ThrottledAsyncChecker (ThrottledAsyncChecker.java:schedule(140)) - Scheduling a check for org.apache.hadoop.ozone.container.common.volume.HddsVolume@4a6c18ad
2019-06-13 23:15:07,289 INFO  volume.HddsVolumeChecker (HddsVolumeChecker.java:checkAllVolumes(203)) - Scheduled health check for volume org.apache.hadoop.ozone.container.common.volume.HddsVolume@4a6c18ad
2019-06-13 23:15:07,342 INFO  ratis.XceiverServerRatis (XceiverServerRatis.java:newXceiverServerRatis(401)) - Found a free port for the server : 42077
2019-06-13 23:15:07,417 INFO  impl.RaftServerProxy (ConfUtils.java:logGet(43)) - raft.rpc.type = GRPC (default)
2019-06-13 23:15:07,426 INFO  grpc.GrpcConfigKeys$Server (ConfUtils.java:logGet(43)) - raft.grpc.server.port = 42077 (custom)
2019-06-13 23:15:07,427 INFO  server.GrpcService (ConfUtils.java:logGet(43)) - raft.grpc.message.size.max = 33570816 (custom)
2019-06-13 23:15:07,429 INFO  server.RaftServerConfigKeys (ConfUtils.java:logGet(43)) - raft.server.log.appender.buffer.byte-limit = 33554432 (custom)
2019-06-13 23:15:07,430 INFO  server.GrpcService (ConfUtils.java:logGet(43)) - raft.grpc.flow.control.window = 1MB (=1048576) (default)
2019-06-13 23:15:07,431 INFO  server.RaftServerConfigKeys (ConfUtils.java:logGet(43)) - raft.server.rpc.request.timeout = 3000ms (default)
2019-06-13 23:15:07,596 INFO  server.RaftServerConfigKeys (ConfUtils.java:logGet(43)) - raft.server.storage.dir = [/opt/src/hadoop-ozone/integration-test/target/test-dir/MiniOzoneClusterImpl-5033b618-a738-471e-a9c2-283f34c50f71/datanode-0/data/ratis] (custom)
2019-06-13 23:15:07,603 INFO  server.XceiverServerGrpc (XceiverServerGrpc.java:<init>(97)) - Found a free port for the server : 45779
2019-06-13 23:15:07,635 INFO  replication.SimpleContainerDownloader (SimpleContainerDownloader.java:<init>(72)) - Starting container downloader service to copy containers to replicate.
2019-06-13 23:15:07,649 INFO  hdfs.DFSUtil (DFSUtil.java:httpServerTemplateForNNAndJN(1641)) - Starting Web-server for hddsDatanode at: http://0.0.0.0:0
2019-06-13 23:15:07,651 INFO  server.AuthenticationFilter (AuthenticationFilter.java:constructSecretProvider(240)) - Unable to initialize FileSignerSecretProvider, falling back to use random secrets.
2019-06-13 23:15:07,653 WARN  http.HttpRequestLog (HttpRequestLog.java:getRequestLog(97)) - Jetty request log can only be enabled using Log4j
2019-06-13 23:15:07,656 INFO  http.HttpServer2 (HttpServer2.java:addGlobalFilter(975)) - Added global filter 'safety' (class=org.apache.hadoop.http.HttpServer2$QuotingInputFilter)
2019-06-13 23:15:07,657 INFO  http.HttpServer2 (HttpServer2.java:addFilter(948)) - Added filter static_user_filter (class=org.apache.hadoop.http.lib.StaticUserWebFilter$StaticUserFilter) to context hddsDatanode
2019-06-13 23:15:07,657 INFO  http.HttpServer2 (HttpServer2.java:addFilter(958)) - Added filter static_user_filter (class=org.apache.hadoop.http.lib.StaticUserWebFilter$StaticUserFilter) to context logs
2019-06-13 23:15:07,657 INFO  http.HttpServer2 (HttpServer2.java:addFilter(958)) - Added filter static_user_filter (class=org.apache.hadoop.http.lib.StaticUserWebFilter$StaticUserFilter) to context static
2019-06-13 23:15:07,658 INFO  http.HttpServer2 (HttpServer2.java:bindListener(1191)) - Jetty bound to port 37617
2019-06-13 23:15:07,658 INFO  server.Server (Server.java:doStart(351)) - jetty-9.3.24.v20180605, build timestamp: 2018-06-05T17:11:56Z, git hash: 84205aa28f11a4f31f2a3b86d1bba2cc8ab69827
2019-06-13 23:15:07,683 INFO  handler.ContextHandler (ContextHandler.java:doStart(781)) - Started o.e.j.s.ServletContextHandler@2e51d054{/logs,file:///opt/src/hadoop-ozone/integration-test/target/log,AVAILABLE}
2019-06-13 23:15:07,684 INFO  handler.ContextHandler (ContextHandler.java:doStart(781)) - Started o.e.j.s.ServletContextHandler@615e3f51{/static,jar:file:/root/.m2/repository/org/apache/hadoop/hadoop-hdds-container-service/0.5.0-SNAPSHOT/hadoop-hdds-container-service-0.5.0-SNAPSHOT.jar!/webapps/static,AVAILABLE}
2019-06-13 23:15:07,732 INFO  handler.ContextHandler (ContextHandler.java:doStart(781)) - Started o.e.j.w.WebAppContext@5e1fc2aa{/,file:///tmp/jetty-0.0.0.0-37617-hddsDatanode-_-any-6011915851480545108.dir/webapp/,AVAILABLE}{/hddsDatanode}
2019-06-13 23:15:07,734 INFO  server.AbstractConnector (AbstractConnector.java:doStart(278)) - Started ServerConnector@688d411b{HTTP/1.1,[http/1.1]}{0.0.0.0:37617}
2019-06-13 23:15:07,734 INFO  server.Server (Server.java:doStart(419)) - Started @4595ms
2019-06-13 23:15:07,735 INFO  server.BaseHttpServer (BaseHttpServer.java:updateConnectorAddress(207)) - HTTP server of HDDSDATANODE is listening at http://0.0.0.0:37617
2019-06-13 23:15:08,883 INFO  ozone.HddsDatanodeService (HddsDatanodeService.java:startPlugins(396)) - Started plug-in org.apache.hadoop.ozone.web.OzoneHddsDatanodeService@30bf26df
2019-06-13 23:15:08,884 INFO  impl.MetricsSystemImpl (MetricsSystemImpl.java:init(158)) - HddsDatanode metrics system started (again)
2019-06-13 23:15:08,885 INFO  ozone.HddsDatanodeService (HddsDatanodeService.java:start(185)) - HddsDatanodeService host:ozone-g79bc-2755786375 ip:192.168.105.138
2019-06-13 23:15:08,913 INFO  util.JvmPauseMonitor (JvmPauseMonitor.java:run(188)) - Starting JVM pause monitor
2019-06-13 23:15:08,923 INFO  volume.HddsVolume (HddsVolume.java:<init>(176)) - Creating Volume: /opt/src/hadoop-ozone/integration-test/target/test-dir/MiniOzoneClusterImpl-5033b618-a738-471e-a9c2-283f34c50f71/datanode-1/data/containers/hdds of  storage type : DISK and capacity : 104021790720
2019-06-13 23:15:08,925 INFO  volume.VolumeSet (VolumeSet.java:initializeVolumeSet(170)) - Added Volume : /opt/src/hadoop-ozone/integration-test/target/test-dir/MiniOzoneClusterImpl-5033b618-a738-471e-a9c2-283f34c50f71/datanode-1/data/containers/hdds to VolumeSet
2019-06-13 23:15:08,925 INFO  volume.ThrottledAsyncChecker (ThrottledAsyncChecker.java:schedule(140)) - Scheduling a check for org.apache.hadoop.ozone.container.common.volume.HddsVolume@f171912
2019-06-13 23:15:08,927 INFO  volume.HddsVolumeChecker (HddsVolumeChecker.java:checkAllVolumes(203)) - Scheduled health check for volume org.apache.hadoop.ozone.container.common.volume.HddsVolume@f171912
2019-06-13 23:15:08,955 INFO  ratis.XceiverServerRatis (XceiverServerRatis.java:newXceiverServerRatis(401)) - Found a free port for the server : 41085
2019-06-13 23:15:08,958 INFO  impl.RaftServerProxy (ConfUtils.java:logGet(43)) - raft.rpc.type = GRPC (default)
2019-06-13 23:15:08,959 INFO  grpc.GrpcConfigKeys$Server (ConfUtils.java:logGet(43)) - raft.grpc.server.port = 41085 (custom)
2019-06-13 23:15:08,959 INFO  server.GrpcService (ConfUtils.java:logGet(43)) - raft.grpc.message.size.max = 33570816 (custom)
2019-06-13 23:15:08,959 INFO  server.RaftServerConfigKeys (ConfUtils.java:logGet(43)) - raft.server.log.appender.buffer.byte-limit = 33554432 (custom)
2019-06-13 23:15:08,960 INFO  server.GrpcService (ConfUtils.java:logGet(43)) - raft.grpc.flow.control.window = 1MB (=1048576) (default)
2019-06-13 23:15:08,960 INFO  server.RaftServerConfigKeys (ConfUtils.java:logGet(43)) - raft.server.rpc.request.timeout = 3000ms (default)
2019-06-13 23:15:08,961 INFO  server.RaftServerConfigKeys (ConfUtils.java:logGet(43)) - raft.server.storage.dir = [/opt/src/hadoop-ozone/integration-test/target/test-dir/MiniOzoneClusterImpl-5033b618-a738-471e-a9c2-283f34c50f71/datanode-1/data/ratis] (custom)
2019-06-13 23:15:08,961 INFO  server.XceiverServerGrpc (XceiverServerGrpc.java:<init>(97)) - Found a free port for the server : 36201
2019-06-13 23:15:08,962 INFO  replication.SimpleContainerDownloader (SimpleContainerDownloader.java:<init>(72)) - Starting container downloader service to copy containers to replicate.
2019-06-13 23:15:08,964 INFO  hdfs.DFSUtil (DFSUtil.java:httpServerTemplateForNNAndJN(1641)) - Starting Web-server for hddsDatanode at: http://0.0.0.0:0
2019-06-13 23:15:08,965 INFO  server.AuthenticationFilter (AuthenticationFilter.java:constructSecretProvider(240)) - Unable to initialize FileSignerSecretProvider, falling back to use random secrets.
2019-06-13 23:15:08,969 WARN  http.HttpRequestLog (HttpRequestLog.java:getRequestLog(97)) - Jetty request log can only be enabled using Log4j
2019-06-13 23:15:08,971 INFO  http.HttpServer2 (HttpServer2.java:addGlobalFilter(975)) - Added global filter 'safety' (class=org.apache.hadoop.http.HttpServer2$QuotingInputFilter)
2019-06-13 23:15:08,972 INFO  http.HttpServer2 (HttpServer2.java:addFilter(948)) - Added filter static_user_filter (class=org.apache.hadoop.http.lib.StaticUserWebFilter$StaticUserFilter) to context hddsDatanode
2019-06-13 23:15:08,972 INFO  http.HttpServer2 (HttpServer2.java:addFilter(958)) - Added filter static_user_filter (class=org.apache.hadoop.http.lib.StaticUserWebFilter$StaticUserFilter) to context logs
2019-06-13 23:15:08,972 INFO  http.HttpServer2 (HttpServer2.java:addFilter(958)) - Added filter static_user_filter (class=org.apache.hadoop.http.lib.StaticUserWebFilter$StaticUserFilter) to context static
2019-06-13 23:15:08,973 INFO  http.HttpServer2 (HttpServer2.java:bindListener(1191)) - Jetty bound to port 38561
2019-06-13 23:15:08,973 INFO  server.Server (Server.java:doStart(351)) - jetty-9.3.24.v20180605, build timestamp: 2018-06-05T17:11:56Z, git hash: 84205aa28f11a4f31f2a3b86d1bba2cc8ab69827
2019-06-13 23:15:08,982 INFO  handler.ContextHandler (ContextHandler.java:doStart(781)) - Started o.e.j.s.ServletContextHandler@18b6d3c1{/logs,file:///opt/src/hadoop-ozone/integration-test/target/log,AVAILABLE}
2019-06-13 23:15:08,985 INFO  handler.ContextHandler (ContextHandler.java:doStart(781)) - Started o.e.j.s.ServletContextHandler@3fe512d2{/static,jar:file:/root/.m2/repository/org/apache/hadoop/hadoop-hdds-container-service/0.5.0-SNAPSHOT/hadoop-hdds-container-service-0.5.0-SNAPSHOT.jar!/webapps/static,AVAILABLE}
2019-06-13 23:15:09,022 INFO  handler.ContextHandler (ContextHandler.java:doStart(781)) - Started o.e.j.w.WebAppContext@e7b265e{/,file:///tmp/jetty-0.0.0.0-38561-hddsDatanode-_-any-601411567056298610.dir/webapp/,AVAILABLE}{/hddsDatanode}
2019-06-13 23:15:09,023 INFO  server.AbstractConnector (AbstractConnector.java:doStart(278)) - Started ServerConnector@51da32e5{HTTP/1.1,[http/1.1]}{0.0.0.0:38561}
2019-06-13 23:15:09,023 INFO  server.Server (Server.java:doStart(419)) - Started @5884ms
2019-06-13 23:15:09,024 INFO  server.BaseHttpServer (BaseHttpServer.java:updateConnectorAddress(207)) - HTTP server of HDDSDATANODE is listening at http://0.0.0.0:38561
2019-06-13 23:15:09,066 INFO  datanode.InitDatanodeState (InitDatanodeState.java:persistContainerDatanodeDetails(140)) - DatanodeDetails is persisted to /opt/src/hadoop-ozone/integration-test/target/test-dir/MiniOzoneClusterImpl-5033b618-a738-471e-a9c2-283f34c50f71/datanode-0/meta/datanode.id
2019-06-13 23:15:09,185 INFO  ozone.HddsDatanodeService (HddsDatanodeService.java:startPlugins(396)) - Started plug-in org.apache.hadoop.ozone.web.OzoneHddsDatanodeService@1d6751e3
2019-06-13 23:15:09,185 INFO  impl.MetricsSystemImpl (MetricsSystemImpl.java:init(158)) - HddsDatanode metrics system started (again)
2019-06-13 23:15:09,186 INFO  ozone.HddsDatanodeService (HddsDatanodeService.java:start(185)) - HddsDatanodeService host:ozone-g79bc-2755786375 ip:192.168.105.138
2019-06-13 23:15:09,206 INFO  util.JvmPauseMonitor (JvmPauseMonitor.java:run(188)) - Starting JVM pause monitor
2019-06-13 23:15:09,241 INFO  volume.HddsVolume (HddsVolume.java:<init>(176)) - Creating Volume: /opt/src/hadoop-ozone/integration-test/target/test-dir/MiniOzoneClusterImpl-5033b618-a738-471e-a9c2-283f34c50f71/datanode-2/data/containers/hdds of  storage type : DISK and capacity : 104021790720
2019-06-13 23:15:09,241 INFO  volume.VolumeSet (VolumeSet.java:initializeVolumeSet(170)) - Added Volume : /opt/src/hadoop-ozone/integration-test/target/test-dir/MiniOzoneClusterImpl-5033b618-a738-471e-a9c2-283f34c50f71/datanode-2/data/containers/hdds to VolumeSet
2019-06-13 23:15:09,242 INFO  volume.ThrottledAsyncChecker (ThrottledAsyncChecker.java:schedule(140)) - Scheduling a check for org.apache.hadoop.ozone.container.common.volume.HddsVolume@2e7af36e
2019-06-13 23:15:09,242 INFO  datanode.InitDatanodeState (InitDatanodeState.java:persistContainerDatanodeDetails(140)) - DatanodeDetails is persisted to /opt/src/hadoop-ozone/integration-test/target/test-dir/MiniOzoneClusterImpl-5033b618-a738-471e-a9c2-283f34c50f71/datanode-1/meta/datanode.id
2019-06-13 23:15:09,243 INFO  volume.HddsVolumeChecker (HddsVolumeChecker.java:checkAllVolumes(203)) - Scheduled health check for volume org.apache.hadoop.ozone.container.common.volume.HddsVolume@2e7af36e
2019-06-13 23:15:09,265 INFO  ratis.XceiverServerRatis (XceiverServerRatis.java:newXceiverServerRatis(401)) - Found a free port for the server : 38515
2019-06-13 23:15:09,267 INFO  impl.RaftServerProxy (ConfUtils.java:logGet(43)) - raft.rpc.type = GRPC (default)
2019-06-13 23:15:09,267 INFO  grpc.GrpcConfigKeys$Server (ConfUtils.java:logGet(43)) - raft.grpc.server.port = 38515 (custom)
2019-06-13 23:15:09,267 INFO  server.GrpcService (ConfUtils.java:logGet(43)) - raft.grpc.message.size.max = 33570816 (custom)
2019-06-13 23:15:09,268 INFO  server.RaftServerConfigKeys (ConfUtils.java:logGet(43)) - raft.server.log.appender.buffer.byte-limit = 33554432 (custom)
2019-06-13 23:15:09,268 INFO  server.GrpcService (ConfUtils.java:logGet(43)) - raft.grpc.flow.control.window = 1MB (=1048576) (default)
2019-06-13 23:15:09,268 INFO  server.RaftServerConfigKeys (ConfUtils.java:logGet(43)) - raft.server.rpc.request.timeout = 3000ms (default)
2019-06-13 23:15:09,269 INFO  server.RaftServerConfigKeys (ConfUtils.java:logGet(43)) - raft.server.storage.dir = [/opt/src/hadoop-ozone/integration-test/target/test-dir/MiniOzoneClusterImpl-5033b618-a738-471e-a9c2-283f34c50f71/datanode-2/data/ratis] (custom)
2019-06-13 23:15:09,269 INFO  server.XceiverServerGrpc (XceiverServerGrpc.java:<init>(97)) - Found a free port for the server : 38903
2019-06-13 23:15:09,270 INFO  replication.SimpleContainerDownloader (SimpleContainerDownloader.java:<init>(72)) - Starting container downloader service to copy containers to replicate.
2019-06-13 23:15:09,271 INFO  hdfs.DFSUtil (DFSUtil.java:httpServerTemplateForNNAndJN(1641)) - Starting Web-server for hddsDatanode at: http://0.0.0.0:0
2019-06-13 23:15:09,272 INFO  server.AuthenticationFilter (AuthenticationFilter.java:constructSecretProvider(240)) - Unable to initialize FileSignerSecretProvider, falling back to use random secrets.
2019-06-13 23:15:09,273 WARN  http.HttpRequestLog (HttpRequestLog.java:getRequestLog(97)) - Jetty request log can only be enabled using Log4j
2019-06-13 23:15:09,275 INFO  http.HttpServer2 (HttpServer2.java:addGlobalFilter(975)) - Added global filter 'safety' (class=org.apache.hadoop.http.HttpServer2$QuotingInputFilter)
2019-06-13 23:15:09,275 INFO  http.HttpServer2 (HttpServer2.java:addFilter(948)) - Added filter static_user_filter (class=org.apache.hadoop.http.lib.StaticUserWebFilter$StaticUserFilter) to context hddsDatanode
2019-06-13 23:15:09,275 INFO  http.HttpServer2 (HttpServer2.java:addFilter(958)) - Added filter static_user_filter (class=org.apache.hadoop.http.lib.StaticUserWebFilter$StaticUserFilter) to context static
2019-06-13 23:15:09,276 INFO  http.HttpServer2 (HttpServer2.java:addFilter(958)) - Added filter static_user_filter (class=org.apache.hadoop.http.lib.StaticUserWebFilter$StaticUserFilter) to context logs
2019-06-13 23:15:09,276 INFO  http.HttpServer2 (HttpServer2.java:bindListener(1191)) - Jetty bound to port 40755
2019-06-13 23:15:09,277 INFO  server.Server (Server.java:doStart(351)) - jetty-9.3.24.v20180605, build timestamp: 2018-06-05T17:11:56Z, git hash: 84205aa28f11a4f31f2a3b86d1bba2cc8ab69827
2019-06-13 23:15:09,280 INFO  handler.ContextHandler (ContextHandler.java:doStart(781)) - Started o.e.j.s.ServletContextHandler@674da77b{/logs,file:///opt/src/hadoop-ozone/integration-test/target/log,AVAILABLE}
2019-06-13 23:15:09,280 INFO  handler.ContextHandler (ContextHandler.java:doStart(781)) - Started o.e.j.s.ServletContextHandler@6010d0d1{/static,jar:file:/root/.m2/repository/org/apache/hadoop/hadoop-hdds-container-service/0.5.0-SNAPSHOT/hadoop-hdds-container-service-0.5.0-SNAPSHOT.jar!/webapps/static,AVAILABLE}
2019-06-13 23:15:09,309 INFO  handler.ContextHandler (ContextHandler.java:doStart(781)) - Started o.e.j.w.WebAppContext@624b523{/,file:///tmp/jetty-0.0.0.0-40755-hddsDatanode-_-any-9087760344225745257.dir/webapp/,AVAILABLE}{/hddsDatanode}
2019-06-13 23:15:09,312 INFO  server.AbstractConnector (AbstractConnector.java:doStart(278)) - Started ServerConnector@50b46e24{HTTP/1.1,[http/1.1]}{0.0.0.0:40755}
2019-06-13 23:15:09,313 INFO  server.Server (Server.java:doStart(419)) - Started @6174ms
2019-06-13 23:15:09,314 INFO  server.BaseHttpServer (BaseHttpServer.java:updateConnectorAddress(207)) - HTTP server of HDDSDATANODE is listening at http://0.0.0.0:40755
2019-06-13 23:15:09,522 INFO  ozone.HddsDatanodeService (HddsDatanodeService.java:startPlugins(396)) - Started plug-in org.apache.hadoop.ozone.web.OzoneHddsDatanodeService@662be9f7
2019-06-13 23:15:09,523 INFO  impl.MetricsSystemImpl (MetricsSystemImpl.java:init(158)) - HddsDatanode metrics system started (again)
2019-06-13 23:15:09,524 INFO  ozone.HddsDatanodeService (HddsDatanodeService.java:start(185)) - HddsDatanodeService host:ozone-g79bc-2755786375 ip:192.168.105.138
2019-06-13 23:15:09,532 INFO  util.JvmPauseMonitor (JvmPauseMonitor.java:run(188)) - Starting JVM pause monitor
2019-06-13 23:15:09,540 INFO  datanode.InitDatanodeState (InitDatanodeState.java:persistContainerDatanodeDetails(140)) - DatanodeDetails is persisted to /opt/src/hadoop-ozone/integration-test/target/test-dir/MiniOzoneClusterImpl-5033b618-a738-471e-a9c2-283f34c50f71/datanode-2/meta/datanode.id
2019-06-13 23:15:09,551 INFO  volume.HddsVolume (HddsVolume.java:<init>(176)) - Creating Volume: /opt/src/hadoop-ozone/integration-test/target/test-dir/MiniOzoneClusterImpl-5033b618-a738-471e-a9c2-283f34c50f71/datanode-3/data/containers/hdds of  storage type : DISK and capacity : 104021790720
2019-06-13 23:15:09,551 INFO  volume.VolumeSet (VolumeSet.java:initializeVolumeSet(170)) - Added Volume : /opt/src/hadoop-ozone/integration-test/target/test-dir/MiniOzoneClusterImpl-5033b618-a738-471e-a9c2-283f34c50f71/datanode-3/data/containers/hdds to VolumeSet
2019-06-13 23:15:09,552 INFO  volume.ThrottledAsyncChecker (ThrottledAsyncChecker.java:schedule(140)) - Scheduling a check for org.apache.hadoop.ozone.container.common.volume.HddsVolume@2f9dda71
2019-06-13 23:15:09,558 INFO  volume.HddsVolumeChecker (HddsVolumeChecker.java:checkAllVolumes(203)) - Scheduled health check for volume org.apache.hadoop.ozone.container.common.volume.HddsVolume@2f9dda71
2019-06-13 23:15:09,577 INFO  ratis.XceiverServerRatis (XceiverServerRatis.java:newXceiverServerRatis(401)) - Found a free port for the server : 42135
2019-06-13 23:15:09,579 INFO  impl.RaftServerProxy (ConfUtils.java:logGet(43)) - raft.rpc.type = GRPC (default)
2019-06-13 23:15:09,580 INFO  grpc.GrpcConfigKeys$Server (ConfUtils.java:logGet(43)) - raft.grpc.server.port = 42135 (custom)
2019-06-13 23:15:09,580 INFO  server.GrpcService (ConfUtils.java:logGet(43)) - raft.grpc.message.size.max = 33570816 (custom)
2019-06-13 23:15:09,580 INFO  server.RaftServerConfigKeys (ConfUtils.java:logGet(43)) - raft.server.log.appender.buffer.byte-limit = 33554432 (custom)
2019-06-13 23:15:09,580 INFO  server.GrpcService (ConfUtils.java:logGet(43)) - raft.grpc.flow.control.window = 1MB (=1048576) (default)
2019-06-13 23:15:09,581 INFO  server.RaftServerConfigKeys (ConfUtils.java:logGet(43)) - raft.server.rpc.request.timeout = 3000ms (default)
2019-06-13 23:15:09,581 INFO  server.RaftServerConfigKeys (ConfUtils.java:logGet(43)) - raft.server.storage.dir = [/opt/src/hadoop-ozone/integration-test/target/test-dir/MiniOzoneClusterImpl-5033b618-a738-471e-a9c2-283f34c50f71/datanode-3/data/ratis] (custom)
2019-06-13 23:15:09,582 INFO  server.XceiverServerGrpc (XceiverServerGrpc.java:<init>(97)) - Found a free port for the server : 44333
2019-06-13 23:15:09,582 INFO  replication.SimpleContainerDownloader (SimpleContainerDownloader.java:<init>(72)) - Starting container downloader service to copy containers to replicate.
2019-06-13 23:15:09,583 INFO  hdfs.DFSUtil (DFSUtil.java:httpServerTemplateForNNAndJN(1641)) - Starting Web-server for hddsDatanode at: http://0.0.0.0:0
2019-06-13 23:15:09,585 INFO  server.AuthenticationFilter (AuthenticationFilter.java:constructSecretProvider(240)) - Unable to initialize FileSignerSecretProvider, falling back to use random secrets.
2019-06-13 23:15:09,586 WARN  http.HttpRequestLog (HttpRequestLog.java:getRequestLog(97)) - Jetty request log can only be enabled using Log4j
2019-06-13 23:15:09,587 INFO  http.HttpServer2 (HttpServer2.java:addGlobalFilter(975)) - Added global filter 'safety' (class=org.apache.hadoop.http.HttpServer2$QuotingInputFilter)
2019-06-13 23:15:09,588 INFO  http.HttpServer2 (HttpServer2.java:addFilter(948)) - Added filter static_user_filter (class=org.apache.hadoop.http.lib.StaticUserWebFilter$StaticUserFilter) to context hddsDatanode
2019-06-13 23:15:09,588 INFO  http.HttpServer2 (HttpServer2.java:addFilter(958)) - Added filter static_user_filter (class=org.apache.hadoop.http.lib.StaticUserWebFilter$StaticUserFilter) to context static
2019-06-13 23:15:09,588 INFO  http.HttpServer2 (HttpServer2.java:addFilter(958)) - Added filter static_user_filter (class=org.apache.hadoop.http.lib.StaticUserWebFilter$StaticUserFilter) to context logs
2019-06-13 23:15:09,589 INFO  http.HttpServer2 (HttpServer2.java:bindListener(1191)) - Jetty bound to port 41441
2019-06-13 23:15:09,589 INFO  server.Server (Server.java:doStart(351)) - jetty-9.3.24.v20180605, build timestamp: 2018-06-05T17:11:56Z, git hash: 84205aa28f11a4f31f2a3b86d1bba2cc8ab69827
2019-06-13 23:15:09,595 INFO  handler.ContextHandler (ContextHandler.java:doStart(781)) - Started o.e.j.s.ServletContextHandler@1f15e689{/logs,file:///opt/src/hadoop-ozone/integration-test/target/log,AVAILABLE}
2019-06-13 23:15:09,597 INFO  handler.ContextHandler (ContextHandler.java:doStart(781)) - Started o.e.j.s.ServletContextHandler@3ebc955b{/static,jar:file:/root/.m2/repository/org/apache/hadoop/hadoop-hdds-container-service/0.5.0-SNAPSHOT/hadoop-hdds-container-service-0.5.0-SNAPSHOT.jar!/webapps/static,AVAILABLE}
2019-06-13 23:15:09,630 INFO  handler.ContextHandler (ContextHandler.java:doStart(781)) - Started o.e.j.w.WebAppContext@9fe720a{/,file:///tmp/jetty-0.0.0.0-41441-hddsDatanode-_-any-825066316190106478.dir/webapp/,AVAILABLE}{/hddsDatanode}
2019-06-13 23:15:09,630 INFO  server.AbstractConnector (AbstractConnector.java:doStart(278)) - Started ServerConnector@2aed6949{HTTP/1.1,[http/1.1]}{0.0.0.0:41441}
2019-06-13 23:15:09,631 INFO  server.Server (Server.java:doStart(419)) - Started @6491ms
2019-06-13 23:15:09,632 INFO  server.BaseHttpServer (BaseHttpServer.java:updateConnectorAddress(207)) - HTTP server of HDDSDATANODE is listening at http://0.0.0.0:41441
2019-06-13 23:15:09,794 INFO  ozone.HddsDatanodeService (HddsDatanodeService.java:startPlugins(396)) - Started plug-in org.apache.hadoop.ozone.web.OzoneHddsDatanodeService@76216830
2019-06-13 23:15:09,797 INFO  impl.MetricsSystemImpl (MetricsSystemImpl.java:init(158)) - HddsDatanode metrics system started (again)
2019-06-13 23:15:09,798 INFO  ozone.HddsDatanodeService (HddsDatanodeService.java:start(185)) - HddsDatanodeService host:ozone-g79bc-2755786375 ip:192.168.105.138
2019-06-13 23:15:09,802 INFO  util.JvmPauseMonitor (JvmPauseMonitor.java:run(188)) - Starting JVM pause monitor
2019-06-13 23:15:09,804 INFO  datanode.InitDatanodeState (InitDatanodeState.java:persistContainerDatanodeDetails(140)) - DatanodeDetails is persisted to /opt/src/hadoop-ozone/integration-test/target/test-dir/MiniOzoneClusterImpl-5033b618-a738-471e-a9c2-283f34c50f71/datanode-3/meta/datanode.id
2019-06-13 23:15:09,811 INFO  volume.HddsVolume (HddsVolume.java:<init>(176)) - Creating Volume: /opt/src/hadoop-ozone/integration-test/target/test-dir/MiniOzoneClusterImpl-5033b618-a738-471e-a9c2-283f34c50f71/datanode-4/data/containers/hdds of  storage type : DISK and capacity : 104021790720
2019-06-13 23:15:09,811 INFO  volume.VolumeSet (VolumeSet.java:initializeVolumeSet(170)) - Added Volume : /opt/src/hadoop-ozone/integration-test/target/test-dir/MiniOzoneClusterImpl-5033b618-a738-471e-a9c2-283f34c50f71/datanode-4/data/containers/hdds to VolumeSet
2019-06-13 23:15:09,812 INFO  volume.ThrottledAsyncChecker (ThrottledAsyncChecker.java:schedule(140)) - Scheduling a check for org.apache.hadoop.ozone.container.common.volume.HddsVolume@391d1e33
2019-06-13 23:15:09,817 INFO  volume.HddsVolumeChecker (HddsVolumeChecker.java:checkAllVolumes(203)) - Scheduled health check for volume org.apache.hadoop.ozone.container.common.volume.HddsVolume@391d1e33
2019-06-13 23:15:09,831 INFO  ratis.XceiverServerRatis (XceiverServerRatis.java:newXceiverServerRatis(401)) - Found a free port for the server : 35277
2019-06-13 23:15:09,833 INFO  impl.RaftServerProxy (ConfUtils.java:logGet(43)) - raft.rpc.type = GRPC (default)
2019-06-13 23:15:09,833 INFO  grpc.GrpcConfigKeys$Server (ConfUtils.java:logGet(43)) - raft.grpc.server.port = 35277 (custom)
2019-06-13 23:15:09,833 INFO  server.GrpcService (ConfUtils.java:logGet(43)) - raft.grpc.message.size.max = 33570816 (custom)
2019-06-13 23:15:09,833 INFO  server.RaftServerConfigKeys (ConfUtils.java:logGet(43)) - raft.server.log.appender.buffer.byte-limit = 33554432 (custom)
2019-06-13 23:15:09,834 INFO  server.GrpcService (ConfUtils.java:logGet(43)) - raft.grpc.flow.control.window = 1MB (=1048576) (default)
2019-06-13 23:15:09,834 INFO  server.RaftServerConfigKeys (ConfUtils.java:logGet(43)) - raft.server.rpc.request.timeout = 3000ms (default)
2019-06-13 23:15:09,834 INFO  server.RaftServerConfigKeys (ConfUtils.java:logGet(43)) - raft.server.storage.dir = [/opt/src/hadoop-ozone/integration-test/target/test-dir/MiniOzoneClusterImpl-5033b618-a738-471e-a9c2-283f34c50f71/datanode-4/data/ratis] (custom)
2019-06-13 23:15:09,835 INFO  server.XceiverServerGrpc (XceiverServerGrpc.java:<init>(97)) - Found a free port for the server : 45673
2019-06-13 23:15:09,835 INFO  replication.SimpleContainerDownloader (SimpleContainerDownloader.java:<init>(72)) - Starting container downloader service to copy containers to replicate.
2019-06-13 23:15:09,836 INFO  hdfs.DFSUtil (DFSUtil.java:httpServerTemplateForNNAndJN(1641)) - Starting Web-server for hddsDatanode at: http://0.0.0.0:0
2019-06-13 23:15:09,838 INFO  server.AuthenticationFilter (AuthenticationFilter.java:constructSecretProvider(240)) - Unable to initialize FileSignerSecretProvider, falling back to use random secrets.
2019-06-13 23:15:09,838 WARN  http.HttpRequestLog (HttpRequestLog.java:getRequestLog(97)) - Jetty request log can only be enabled using Log4j
2019-06-13 23:15:09,840 INFO  http.HttpServer2 (HttpServer2.java:addGlobalFilter(975)) - Added global filter 'safety' (class=org.apache.hadoop.http.HttpServer2$QuotingInputFilter)
2019-06-13 23:15:09,840 INFO  http.HttpServer2 (HttpServer2.java:addFilter(948)) - Added filter static_user_filter (class=org.apache.hadoop.http.lib.StaticUserWebFilter$StaticUserFilter) to context hddsDatanode
2019-06-13 23:15:09,840 INFO  http.HttpServer2 (HttpServer2.java:addFilter(958)) - Added filter static_user_filter (class=org.apache.hadoop.http.lib.StaticUserWebFilter$StaticUserFilter) to context static
2019-06-13 23:15:09,841 INFO  http.HttpServer2 (HttpServer2.java:addFilter(958)) - Added filter static_user_filter (class=org.apache.hadoop.http.lib.StaticUserWebFilter$StaticUserFilter) to context logs
2019-06-13 23:15:09,841 INFO  http.HttpServer2 (HttpServer2.java:bindListener(1191)) - Jetty bound to port 41111
2019-06-13 23:15:09,841 INFO  server.Server (Server.java:doStart(351)) - jetty-9.3.24.v20180605, build timestamp: 2018-06-05T17:11:56Z, git hash: 84205aa28f11a4f31f2a3b86d1bba2cc8ab69827
2019-06-13 23:15:09,847 INFO  handler.ContextHandler (ContextHandler.java:doStart(781)) - Started o.e.j.s.ServletContextHandler@6f38f084{/logs,file:///opt/src/hadoop-ozone/integration-test/target/log,AVAILABLE}
2019-06-13 23:15:09,847 INFO  handler.ContextHandler (ContextHandler.java:doStart(781)) - Started o.e.j.s.ServletContextHandler@372f0a99{/static,jar:file:/root/.m2/repository/org/apache/hadoop/hadoop-hdds-container-service/0.5.0-SNAPSHOT/hadoop-hdds-container-service-0.5.0-SNAPSHOT.jar!/webapps/static,AVAILABLE}
2019-06-13 23:15:09,877 INFO  handler.ContextHandler (ContextHandler.java:doStart(781)) - Started o.e.j.w.WebAppContext@6b2fdffc{/,file:///tmp/jetty-0.0.0.0-41111-hddsDatanode-_-any-3842059349025336892.dir/webapp/,AVAILABLE}{/hddsDatanode}
2019-06-13 23:15:09,878 INFO  server.AbstractConnector (AbstractConnector.java:doStart(278)) - Started ServerConnector@2ca3d826{HTTP/1.1,[http/1.1]}{0.0.0.0:41111}
2019-06-13 23:15:09,879 INFO  server.Server (Server.java:doStart(419)) - Started @6739ms
2019-06-13 23:15:09,880 INFO  server.BaseHttpServer (BaseHttpServer.java:updateConnectorAddress(207)) - HTTP server of HDDSDATANODE is listening at http://0.0.0.0:41111
2019-06-13 23:15:10,031 INFO  ozone.HddsDatanodeService (HddsDatanodeService.java:startPlugins(396)) - Started plug-in org.apache.hadoop.ozone.web.OzoneHddsDatanodeService@624b3544
2019-06-13 23:15:10,031 INFO  impl.MetricsSystemImpl (MetricsSystemImpl.java:init(158)) - HddsDatanode metrics system started (again)
2019-06-13 23:15:10,032 INFO  ozone.HddsDatanodeService (HddsDatanodeService.java:start(185)) - HddsDatanodeService host:ozone-g79bc-2755786375 ip:192.168.105.138
2019-06-13 23:15:10,032 INFO  util.JvmPauseMonitor (JvmPauseMonitor.java:run(188)) - Starting JVM pause monitor
2019-06-13 23:15:10,053 INFO  datanode.InitDatanodeState (InitDatanodeState.java:persistContainerDatanodeDetails(140)) - DatanodeDetails is persisted to /opt/src/hadoop-ozone/integration-test/target/test-dir/MiniOzoneClusterImpl-5033b618-a738-471e-a9c2-283f34c50f71/datanode-4/meta/datanode.id
2019-06-13 23:15:10,055 INFO  volume.HddsVolume (HddsVolume.java:<init>(176)) - Creating Volume: /opt/src/hadoop-ozone/integration-test/target/test-dir/MiniOzoneClusterImpl-5033b618-a738-471e-a9c2-283f34c50f71/datanode-5/data/containers/hdds of  storage type : DISK and capacity : 104021790720
2019-06-13 23:15:10,056 INFO  volume.VolumeSet (VolumeSet.java:initializeVolumeSet(170)) - Added Volume : /opt/src/hadoop-ozone/integration-test/target/test-dir/MiniOzoneClusterImpl-5033b618-a738-471e-a9c2-283f34c50f71/datanode-5/data/containers/hdds to VolumeSet
2019-06-13 23:15:10,056 INFO  volume.ThrottledAsyncChecker (ThrottledAsyncChecker.java:schedule(140)) - Scheduling a check for org.apache.hadoop.ozone.container.common.volume.HddsVolume@55a0f011
2019-06-13 23:15:10,056 INFO  volume.HddsVolumeChecker (HddsVolumeChecker.java:checkAllVolumes(203)) - Scheduled health check for volume org.apache.hadoop.ozone.container.common.volume.HddsVolume@55a0f011
2019-06-13 23:15:10,071 INFO  ratis.XceiverServerRatis (XceiverServerRatis.java:newXceiverServerRatis(401)) - Found a free port for the server : 41443
2019-06-13 23:15:10,072 INFO  impl.RaftServerProxy (ConfUtils.java:logGet(43)) - raft.rpc.type = GRPC (default)
2019-06-13 23:15:10,072 INFO  grpc.GrpcConfigKeys$Server (ConfUtils.java:logGet(43)) - raft.grpc.server.port = 41443 (custom)
2019-06-13 23:15:10,073 INFO  server.GrpcService (ConfUtils.java:logGet(43)) - raft.grpc.message.size.max = 33570816 (custom)
2019-06-13 23:15:10,073 INFO  server.RaftServerConfigKeys (ConfUtils.java:logGet(43)) - raft.server.log.appender.buffer.byte-limit = 33554432 (custom)
2019-06-13 23:15:10,073 INFO  server.GrpcService (ConfUtils.java:logGet(43)) - raft.grpc.flow.control.window = 1MB (=1048576) (default)
2019-06-13 23:15:10,073 INFO  server.RaftServerConfigKeys (ConfUtils.java:logGet(43)) - raft.server.rpc.request.timeout = 3000ms (default)
2019-06-13 23:15:10,074 INFO  server.RaftServerConfigKeys (ConfUtils.java:logGet(43)) - raft.server.storage.dir = [/opt/src/hadoop-ozone/integration-test/target/test-dir/MiniOzoneClusterImpl-5033b618-a738-471e-a9c2-283f34c50f71/datanode-5/data/ratis] (custom)
2019-06-13 23:15:10,074 INFO  server.XceiverServerGrpc (XceiverServerGrpc.java:<init>(97)) - Found a free port for the server : 42143
2019-06-13 23:15:10,074 INFO  replication.SimpleContainerDownloader (SimpleContainerDownloader.java:<init>(72)) - Starting container downloader service to copy containers to replicate.
2019-06-13 23:15:10,075 INFO  hdfs.DFSUtil (DFSUtil.java:httpServerTemplateForNNAndJN(1641)) - Starting Web-server for hddsDatanode at: http://0.0.0.0:0
2019-06-13 23:15:10,077 INFO  server.AuthenticationFilter (AuthenticationFilter.java:constructSecretProvider(240)) - Unable to initialize FileSignerSecretProvider, falling back to use random secrets.
2019-06-13 23:15:10,077 WARN  http.HttpRequestLog (HttpRequestLog.java:getRequestLog(97)) - Jetty request log can only be enabled using Log4j
2019-06-13 23:15:10,079 INFO  http.HttpServer2 (HttpServer2.java:addGlobalFilter(975)) - Added global filter 'safety' (class=org.apache.hadoop.http.HttpServer2$QuotingInputFilter)
2019-06-13 23:15:10,080 INFO  http.HttpServer2 (HttpServer2.java:addFilter(948)) - Added filter static_user_filter (class=org.apache.hadoop.http.lib.StaticUserWebFilter$StaticUserFilter) to context hddsDatanode
2019-06-13 23:15:10,080 INFO  http.HttpServer2 (HttpServer2.java:addFilter(958)) - Added filter static_user_filter (class=org.apache.hadoop.http.lib.StaticUserWebFilter$StaticUserFilter) to context logs
2019-06-13 23:15:10,080 INFO  http.HttpServer2 (HttpServer2.java:addFilter(958)) - Added filter static_user_filter (class=org.apache.hadoop.http.lib.StaticUserWebFilter$StaticUserFilter) to context static
2019-06-13 23:15:10,081 INFO  http.HttpServer2 (HttpServer2.java:bindListener(1191)) - Jetty bound to port 35879
2019-06-13 23:15:10,081 INFO  server.Server (Server.java:doStart(351)) - jetty-9.3.24.v20180605, build timestamp: 2018-06-05T17:11:56Z, git hash: 84205aa28f11a4f31f2a3b86d1bba2cc8ab69827
2019-06-13 23:15:10,083 INFO  handler.ContextHandler (ContextHandler.java:doStart(781)) - Started o.e.j.s.ServletContextHandler@23e61112{/logs,file:///opt/src/hadoop-ozone/integration-test/target/log,AVAILABLE}
2019-06-13 23:15:10,084 INFO  handler.ContextHandler (ContextHandler.java:doStart(781)) - Started o.e.j.s.ServletContextHandler@61b60600{/static,jar:file:/root/.m2/repository/org/apache/hadoop/hadoop-hdds-container-service/0.5.0-SNAPSHOT/hadoop-hdds-container-service-0.5.0-SNAPSHOT.jar!/webapps/static,AVAILABLE}
2019-06-13 23:15:10,108 INFO  handler.ContextHandler (ContextHandler.java:doStart(781)) - Started o.e.j.w.WebAppContext@245cb8df{/,file:///tmp/jetty-0.0.0.0-35879-hddsDatanode-_-any-7283888646367719384.dir/webapp/,AVAILABLE}{/hddsDatanode}
2019-06-13 23:15:10,109 INFO  server.AbstractConnector (AbstractConnector.java:doStart(278)) - Started ServerConnector@26b3c9a2{HTTP/1.1,[http/1.1]}{0.0.0.0:35879}
2019-06-13 23:15:10,109 INFO  server.Server (Server.java:doStart(419)) - Started @6970ms
2019-06-13 23:15:10,110 INFO  server.BaseHttpServer (BaseHttpServer.java:updateConnectorAddress(207)) - HTTP server of HDDSDATANODE is listening at http://0.0.0.0:35879
2019-06-13 23:15:10,255 INFO  ozone.HddsDatanodeService (HddsDatanodeService.java:startPlugins(396)) - Started plug-in org.apache.hadoop.ozone.web.OzoneHddsDatanodeService@4662752a
2019-06-13 23:15:10,257 INFO  ozone.MiniOzoneClusterImpl (MiniOzoneClusterImpl.java:lambda$waitForClusterToBeReady$0(142)) - Waiting for cluster to be ready. Got 0 of 6 DN Heartbeats.
2019-06-13 23:15:10,260 INFO  util.JvmPauseMonitor (JvmPauseMonitor.java:run(188)) - Starting JVM pause monitor
2019-06-13 23:15:10,262 INFO  datanode.InitDatanodeState (InitDatanodeState.java:persistContainerDatanodeDetails(140)) - DatanodeDetails is persisted to /opt/src/hadoop-ozone/integration-test/target/test-dir/MiniOzoneClusterImpl-5033b618-a738-471e-a9c2-283f34c50f71/datanode-5/meta/datanode.id
2019-06-13 23:15:10,957 INFO  ozoneimpl.OzoneContainer (OzoneContainer.java:start(186)) - Attempting to start container services.
2019-06-13 23:15:10,957 INFO  ozoneimpl.OzoneContainer (OzoneContainer.java:startContainerScrub(160)) - Background container scrubber has been disabled by hdds.containerscrub.enabled
2019-06-13 23:15:10,957 INFO  ratis.XceiverServerRatis (XceiverServerRatis.java:start(418)) - Starting XceiverServerRatis 2ce3ecd0-c9ba-410d-8ace-b9841bd0871e at port 42077
2019-06-13 23:15:11,000 INFO  impl.RaftServerProxy (RaftServerProxy.java:lambda$start$3(299)) - 2ce3ecd0-c9ba-410d-8ace-b9841bd0871e: start RPC server
2019-06-13 23:15:11,170 INFO  server.GrpcService (GrpcService.java:startImpl(148)) - 2ce3ecd0-c9ba-410d-8ace-b9841bd0871e: GrpcService started, listening on 0.0.0.0/0.0.0.0:42077
2019-06-13 23:15:11,258 INFO  ozone.MiniOzoneClusterImpl (MiniOzoneClusterImpl.java:lambda$waitForClusterToBeReady$0(142)) - Waiting for cluster to be ready. Got 0 of 6 DN Heartbeats.
2019-06-13 23:15:11,384 INFO  ozoneimpl.OzoneContainer (OzoneContainer.java:start(186)) - Attempting to start container services.
2019-06-13 23:15:11,386 INFO  ozoneimpl.OzoneContainer (OzoneContainer.java:startContainerScrub(160)) - Background container scrubber has been disabled by hdds.containerscrub.enabled
2019-06-13 23:15:11,386 INFO  ratis.XceiverServerRatis (XceiverServerRatis.java:start(418)) - Starting XceiverServerRatis da973886-4694-4a25-bab4-cc61e7a46859 at port 41085
2019-06-13 23:15:11,393 INFO  impl.RaftServerProxy (RaftServerProxy.java:lambda$start$3(299)) - da973886-4694-4a25-bab4-cc61e7a46859: start RPC server
2019-06-13 23:15:11,395 INFO  server.GrpcService (GrpcService.java:startImpl(148)) - da973886-4694-4a25-bab4-cc61e7a46859: GrpcService started, listening on 0.0.0.0/0.0.0.0:41085
2019-06-13 23:15:11,555 INFO  ozoneimpl.OzoneContainer (OzoneContainer.java:start(186)) - Attempting to start container services.
2019-06-13 23:15:11,556 INFO  ozoneimpl.OzoneContainer (OzoneContainer.java:startContainerScrub(160)) - Background container scrubber has been disabled by hdds.containerscrub.enabled
2019-06-13 23:15:11,557 INFO  ratis.XceiverServerRatis (XceiverServerRatis.java:start(418)) - Starting XceiverServerRatis 70068589-cc9b-47e1-97e4-c3d1390e5473 at port 38515
2019-06-13 23:15:11,562 INFO  impl.RaftServerProxy (RaftServerProxy.java:lambda$start$3(299)) - 70068589-cc9b-47e1-97e4-c3d1390e5473: start RPC server
2019-06-13 23:15:11,565 INFO  server.GrpcService (GrpcService.java:startImpl(148)) - 70068589-cc9b-47e1-97e4-c3d1390e5473: GrpcService started, listening on 0.0.0.0/0.0.0.0:38515
2019-06-13 23:15:12,096 INFO  ozoneimpl.OzoneContainer (OzoneContainer.java:start(186)) - Attempting to start container services.
2019-06-13 23:15:12,098 INFO  ozoneimpl.OzoneContainer (OzoneContainer.java:startContainerScrub(160)) - Background container scrubber has been disabled by hdds.containerscrub.enabled
2019-06-13 23:15:12,098 INFO  ratis.XceiverServerRatis (XceiverServerRatis.java:start(418)) - Starting XceiverServerRatis da37df7c-971a-4610-9bb3-6c11cb6e9240 at port 42135
2019-06-13 23:15:12,100 INFO  ozoneimpl.OzoneContainer (OzoneContainer.java:start(186)) - Attempting to start container services.
2019-06-13 23:15:12,103 INFO  ozoneimpl.OzoneContainer (OzoneContainer.java:startContainerScrub(160)) - Background container scrubber has been disabled by hdds.containerscrub.enabled
2019-06-13 23:15:12,103 INFO  ratis.XceiverServerRatis (XceiverServerRatis.java:start(418)) - Starting XceiverServerRatis fd800470-9ae8-40a7-bb28-2dddf5af8520 at port 35277
2019-06-13 23:15:12,113 INFO  impl.RaftServerProxy (RaftServerProxy.java:lambda$start$3(299)) - da37df7c-971a-4610-9bb3-6c11cb6e9240: start RPC server
2019-06-13 23:15:12,117 INFO  server.GrpcService (GrpcService.java:startImpl(148)) - da37df7c-971a-4610-9bb3-6c11cb6e9240: GrpcService started, listening on 0.0.0.0/0.0.0.0:42135
2019-06-13 23:15:12,122 INFO  impl.RaftServerProxy (RaftServerProxy.java:lambda$start$3(299)) - fd800470-9ae8-40a7-bb28-2dddf5af8520: start RPC server
2019-06-13 23:15:12,125 INFO  server.GrpcService (GrpcService.java:startImpl(148)) - fd800470-9ae8-40a7-bb28-2dddf5af8520: GrpcService started, listening on 0.0.0.0/0.0.0.0:35277
2019-06-13 23:15:12,258 INFO  ozone.MiniOzoneClusterImpl (MiniOzoneClusterImpl.java:lambda$waitForClusterToBeReady$0(142)) - Waiting for cluster to be ready. Got 0 of 6 DN Heartbeats.
2019-06-13 23:15:12,432 INFO  ozoneimpl.OzoneContainer (OzoneContainer.java:start(186)) - Attempting to start container services.
2019-06-13 23:15:12,434 INFO  ozoneimpl.OzoneContainer (OzoneContainer.java:startContainerScrub(160)) - Background container scrubber has been disabled by hdds.containerscrub.enabled
2019-06-13 23:15:12,434 INFO  ratis.XceiverServerRatis (XceiverServerRatis.java:start(418)) - Starting XceiverServerRatis 1b3b9ecb-a3e2-491c-90f4-b30a68124217 at port 41443
2019-06-13 23:15:12,441 INFO  impl.RaftServerProxy (RaftServerProxy.java:lambda$start$3(299)) - 1b3b9ecb-a3e2-491c-90f4-b30a68124217: start RPC server
2019-06-13 23:15:12,444 INFO  server.GrpcService (GrpcService.java:startImpl(148)) - 1b3b9ecb-a3e2-491c-90f4-b30a68124217: GrpcService started, listening on 0.0.0.0/0.0.0.0:41443
2019-06-13 23:15:12,934 INFO  node.SCMNodeManager (SCMNodeManager.java:register(234)) - Registered Data node : 2ce3ecd0-c9ba-410d-8ace-b9841bd0871e{ip: 192.168.105.138, host: ozone-g79bc-2755786375, networkLocation: /default-rack, certSerialId: null}
2019-06-13 23:15:12,939 INFO  safemode.SCMSafeModeManager (DataNodeSafeModeRule.java:process(71)) - SCM in safe mode. 1 DataNodes registered, 1 required.
2019-06-13 23:15:12,939 INFO  safemode.SCMSafeModeManager (SCMSafeModeManager.java:validateSafeModeExitRules(177)) - ScmSafeModeManager, all rules are successfully validated
2019-06-13 23:15:12,939 INFO  safemode.SCMSafeModeManager (SCMSafeModeManager.java:exitSafeMode(193)) - SCM exiting safe mode.
2019-06-13 23:15:13,208 INFO  node.SCMNodeManager (SCMNodeManager.java:register(234)) - Registered Data node : da973886-4694-4a25-bab4-cc61e7a46859{ip: 192.168.105.138, host: ozone-g79bc-2755786375, networkLocation: /default-rack, certSerialId: null}
2019-06-13 23:15:13,259 INFO  ozone.MiniOzoneClusterImpl (MiniOzoneClusterImpl.java:lambda$waitForClusterToBeReady$0(142)) - Waiting for cluster to be ready. Got 2 of 6 DN Heartbeats.
2019-06-13 23:15:13,398 INFO  impl.RaftServerProxy (RaftServerProxy.java:addNew(89)) - 2ce3ecd0-c9ba-410d-8ace-b9841bd0871e: addNew group-9AE386D2A6D5:[2ce3ecd0-c9ba-410d-8ace-b9841bd0871e:192.168.105.138:42077] returns group-9AE386D2A6D5:java.util.concurrent.CompletableFuture@41b7d719[Not completed]
2019-06-13 23:15:13,412 INFO  impl.RaftServerImpl (RaftServerImpl.java:<init>(91)) - 2ce3ecd0-c9ba-410d-8ace-b9841bd0871e: new RaftServerImpl for group-9AE386D2A6D5:[2ce3ecd0-c9ba-410d-8ace-b9841bd0871e:192.168.105.138:42077] with ContainerStateMachine:uninitialized
2019-06-13 23:15:13,414 INFO  server.RaftServerConfigKeys (ConfUtils.java:logGet(43)) - raft.server.rpc.timeout.min = 1s (custom)
2019-06-13 23:15:13,415 INFO  server.RaftServerConfigKeys (ConfUtils.java:logGet(43)) - raft.server.rpc.timeout.max = 1200ms (custom)
2019-06-13 23:15:13,415 INFO  server.RaftServerConfigKeys (ConfUtils.java:logGet(43)) - raft.server.rpcslowness.timeout = 10s (custom)
2019-06-13 23:15:13,416 INFO  server.RaftServerConfigKeys (ConfUtils.java:logGet(43)) - raft.server.log.appender.install.snapshot.enabled = true (default)
2019-06-13 23:15:13,423 INFO  impl.RaftServerImpl (ServerState.java:<init>(101)) - 2ce3ecd0-c9ba-410d-8ace-b9841bd0871e:group-9AE386D2A6D5 ConfigurationManager, init=-1: [2ce3ecd0-c9ba-410d-8ace-b9841bd0871e:192.168.105.138:42077], old=null, confs=<EMPTY_MAP>
2019-06-13 23:15:13,423 INFO  server.RaftServerConfigKeys (ConfUtils.java:logGet(43)) - raft.server.storage.dir = [/opt/src/hadoop-ozone/integration-test/target/test-dir/MiniOzoneClusterImpl-5033b618-a738-471e-a9c2-283f34c50f71/datanode-0/data/ratis] (custom)
2019-06-13 23:15:13,428 INFO  storage.RaftStorageDirectory (RaftStorageDirectory.java:analyzeStorage(246)) - The storage directory /opt/src/hadoop-ozone/integration-test/target/test-dir/MiniOzoneClusterImpl-5033b618-a738-471e-a9c2-283f34c50f71/datanode-0/data/ratis/598f093e-d22d-428d-b896-9ae386d2a6d5 does not exist. Creating ...
2019-06-13 23:15:13,433 INFO  storage.RaftStorageDirectory (RaftStorageDirectory.java:tryLock(328)) - Lock on /opt/src/hadoop-ozone/integration-test/target/test-dir/MiniOzoneClusterImpl-5033b618-a738-471e-a9c2-283f34c50f71/datanode-0/data/ratis/598f093e-d22d-428d-b896-9ae386d2a6d5/in_use.lock acquired by nodename 10081@ozone-g79bc-2755786375
2019-06-13 23:15:13,437 INFO  storage.RaftStorage (RaftStorage.java:format(75)) - Storage directory /opt/src/hadoop-ozone/integration-test/target/test-dir/MiniOzoneClusterImpl-5033b618-a738-471e-a9c2-283f34c50f71/datanode-0/data/ratis/598f093e-d22d-428d-b896-9ae386d2a6d5 has been successfully formatted.
2019-06-13 23:15:13,439 INFO  ratis.ContainerStateMachine (ContainerStateMachine.java:loadSnapshot(199)) - The snapshot info is null.Setting the last applied index to:(t:0, i:~)
2019-06-13 23:15:13,439 INFO  server.RaftServerConfigKeys (ConfUtils.java:logGet(43)) - raft.server.leader.election.timeout = 10s (custom)
2019-06-13 23:15:13,440 INFO  server.RaftServerConfigKeys (ConfUtils.java:logGet(43)) - raft.server.log.use.memory = false (default)
2019-06-13 23:15:13,569 INFO  server.RaftServerConfigKeys (ConfUtils.java:logGet(43)) - raft.server.log.appender.buffer.byte-limit = 33554432 (custom)
2019-06-13 23:15:13,571 INFO  node.SCMNodeManager (SCMNodeManager.java:register(234)) - Registered Data node : 70068589-cc9b-47e1-97e4-c3d1390e5473{ip: 192.168.105.138, host: ozone-g79bc-2755786375, networkLocation: /default-rack, certSerialId: null}
2019-06-13 23:15:13,575 INFO  server.RaftServerConfigKeys (ConfUtils.java:logGet(43)) - raft.server.log.segment.size.max = 16384 (custom)
2019-06-13 23:15:13,580 INFO  server.RaftServerConfigKeys (ConfUtils.java:logGet(43)) - raft.server.log.segment.cache.num.max = 2 (custom)
2019-06-13 23:15:13,583 INFO  storage.RaftLogWorker (RaftLogWorker.java:<init>(123)) - new 2ce3ecd0-c9ba-410d-8ace-b9841bd0871e-RaftLogWorker for Storage Directory /opt/src/hadoop-ozone/integration-test/target/test-dir/MiniOzoneClusterImpl-5033b618-a738-471e-a9c2-283f34c50f71/datanode-0/data/ratis/598f093e-d22d-428d-b896-9ae386d2a6d5
2019-06-13 23:15:13,584 INFO  server.RaftServerConfigKeys (ConfUtils.java:logGet(43)) - raft.server.log.queue.byte-limit = 2147483647 (custom)
2019-06-13 23:15:13,584 INFO  server.RaftServerConfigKeys (ConfUtils.java:logGet(43)) - raft.server.log.queue.element-limit = 1024 (custom)
2019-06-13 23:15:13,586 INFO  server.RaftServerConfigKeys (ConfUtils.java:logGet(43)) - raft.server.log.segment.size.max = 16384 (custom)
2019-06-13 23:15:13,587 INFO  server.RaftServerConfigKeys (ConfUtils.java:logGet(43)) - raft.server.log.preallocated.size = 16384 (custom)
2019-06-13 23:15:13,587 INFO  server.RaftServerConfigKeys (ConfUtils.java:logGet(43)) - raft.server.log.write.buffer.size = 33554432 (custom)
2019-06-13 23:15:13,588 INFO  server.RaftServerConfigKeys (ConfUtils.java:logGet(43)) - raft.server.log.force.sync.num = 128 (default)
2019-06-13 23:15:13,589 INFO  server.RaftServerConfigKeys (ConfUtils.java:logGet(43)) - raft.server.log.statemachine.data.sync = true (default)
2019-06-13 23:15:13,589 INFO  server.RaftServerConfigKeys (ConfUtils.java:logGet(43)) - raft.server.log.statemachine.data.sync.timeout = 10s (default)
2019-06-13 23:15:13,589 INFO  server.RaftServerConfigKeys (ConfUtils.java:logGet(43)) - raft.server.log.statemachine.data.sync.timeout.retry = -1 (default)
2019-06-13 23:15:13,592 INFO  server.RaftServerConfigKeys (ConfUtils.java:logGet(43)) - raft.server.log.statemachine.data.caching.enabled = true (custom)
2019-06-13 23:15:13,604 INFO  server.RaftServerConfigKeys (ConfUtils.java:logGet(43)) - raft.server.snapshot.auto.trigger.enabled = true (custom)
2019-06-13 23:15:13,605 INFO  server.RaftServerConfigKeys (ConfUtils.java:logGet(43)) - raft.server.snapshot.auto.trigger.threshold = 10000 (custom)
2019-06-13 23:15:13,606 INFO  server.RaftServerConfigKeys (ConfUtils.java:logGet(43)) - raft.server.retrycache.expirytime = 600000ms (custom)
2019-06-13 23:15:13,625 INFO  impl.RaftServerImpl (RaftServerImpl.java:start(173)) - 2ce3ecd0-c9ba-410d-8ace-b9841bd0871e: start group-9AE386D2A6D5
2019-06-13 23:15:13,626 INFO  impl.RaftServerImpl (RaftServerImpl.java:setRole(164)) - 2ce3ecd0-c9ba-410d-8ace-b9841bd0871e:group-9AE386D2A6D5 changes role from null to FOLLOWER at term 0 for startAsFollower
2019-06-13 23:15:13,627 INFO  impl.RoleInfo (RoleInfo.java:updateAndGet(143)) - 2ce3ecd0-c9ba-410d-8ace-b9841bd0871e: start FollowerState
2019-06-13 23:15:13,630 INFO  util.JmxRegister (JmxRegister.java:tryRegister(44)) - Successfully registered JMX Bean with object name Ratis:service=RaftServer,group=group-9AE386D2A6D5,id=2ce3ecd0-c9ba-410d-8ace-b9841bd0871e
2019-06-13 23:15:13,681 INFO  pipeline.PipelineStateManager (PipelineStateManager.java:addPipeline(56)) - Created pipeline Pipeline[ Id: 598f093e-d22d-428d-b896-9ae386d2a6d5, Nodes: 2ce3ecd0-c9ba-410d-8ace-b9841bd0871e{ip: 192.168.105.138, host: ozone-g79bc-2755786375, networkLocation: /default-rack, certSerialId: null}, Type:RATIS, Factor:ONE, State:OPEN]
2019-06-13 23:15:13,702 INFO  impl.RaftServerProxy (RaftServerProxy.java:addNew(89)) - da973886-4694-4a25-bab4-cc61e7a46859: addNew group-CC3B36AA1DE6:[da973886-4694-4a25-bab4-cc61e7a46859:192.168.105.138:41085] returns group-CC3B36AA1DE6:java.util.concurrent.CompletableFuture@199f0bcb[Not completed]
2019-06-13 23:15:13,703 INFO  impl.RaftServerImpl (RaftServerImpl.java:<init>(91)) - da973886-4694-4a25-bab4-cc61e7a46859: new RaftServerImpl for group-CC3B36AA1DE6:[da973886-4694-4a25-bab4-cc61e7a46859:192.168.105.138:41085] with ContainerStateMachine:uninitialized
2019-06-13 23:15:13,705 INFO  server.RaftServerConfigKeys (ConfUtils.java:logGet(43)) - raft.server.rpc.timeout.min = 1s (custom)
2019-06-13 23:15:13,705 INFO  server.RaftServerConfigKeys (ConfUtils.java:logGet(43)) - raft.server.rpc.timeout.max = 1200ms (custom)
2019-06-13 23:15:13,705 INFO  server.RaftServerConfigKeys (ConfUtils.java:logGet(43)) - raft.server.rpcslowness.timeout = 10s (custom)
2019-06-13 23:15:13,705 INFO  server.RaftServerConfigKeys (ConfUtils.java:logGet(43)) - raft.server.log.appender.install.snapshot.enabled = true (default)
2019-06-13 23:15:13,705 INFO  impl.RaftServerImpl (ServerState.java:<init>(101)) - da973886-4694-4a25-bab4-cc61e7a46859:group-CC3B36AA1DE6 ConfigurationManager, init=-1: [da973886-4694-4a25-bab4-cc61e7a46859:192.168.105.138:41085], old=null, confs=<EMPTY_MAP>
2019-06-13 23:15:13,705 INFO  server.RaftServerConfigKeys (ConfUtils.java:logGet(43)) - raft.server.storage.dir = [/opt/src/hadoop-ozone/integration-test/target/test-dir/MiniOzoneClusterImpl-5033b618-a738-471e-a9c2-283f34c50f71/datanode-1/data/ratis] (custom)
2019-06-13 23:15:13,706 INFO  storage.RaftStorageDirectory (RaftStorageDirectory.java:analyzeStorage(246)) - The storage directory /opt/src/hadoop-ozone/integration-test/target/test-dir/MiniOzoneClusterImpl-5033b618-a738-471e-a9c2-283f34c50f71/datanode-1/data/ratis/4b61184a-e44c-4daa-a01f-cc3b36aa1de6 does not exist. Creating ...
2019-06-13 23:15:13,717 INFO  storage.RaftStorageDirectory (RaftStorageDirectory.java:tryLock(328)) - Lock on /opt/src/hadoop-ozone/integration-test/target/test-dir/MiniOzoneClusterImpl-5033b618-a738-471e-a9c2-283f34c50f71/datanode-1/data/ratis/4b61184a-e44c-4daa-a01f-cc3b36aa1de6/in_use.lock acquired by nodename 10081@ozone-g79bc-2755786375
2019-06-13 23:15:13,725 INFO  storage.RaftStorage (RaftStorage.java:format(75)) - Storage directory /opt/src/hadoop-ozone/integration-test/target/test-dir/MiniOzoneClusterImpl-5033b618-a738-471e-a9c2-283f34c50f71/datanode-1/data/ratis/4b61184a-e44c-4daa-a01f-cc3b36aa1de6 has been successfully formatted.
2019-06-13 23:15:13,725 INFO  ratis.ContainerStateMachine (ContainerStateMachine.java:loadSnapshot(199)) - The snapshot info is null.Setting the last applied index to:(t:0, i:~)
2019-06-13 23:15:13,725 INFO  server.RaftServerConfigKeys (ConfUtils.java:logGet(43)) - raft.server.leader.election.timeout = 10s (custom)
2019-06-13 23:15:13,725 INFO  server.RaftServerConfigKeys (ConfUtils.java:logGet(43)) - raft.server.log.use.memory = false (default)
2019-06-13 23:15:13,725 INFO  server.RaftServerConfigKeys (ConfUtils.java:logGet(43)) - raft.server.log.appender.buffer.byte-limit = 33554432 (custom)
2019-06-13 23:15:13,725 INFO  server.RaftServerConfigKeys (ConfUtils.java:logGet(43)) - raft.server.log.segment.size.max = 16384 (custom)
2019-06-13 23:15:13,726 INFO  server.RaftServerConfigKeys (ConfUtils.java:logGet(43)) - raft.server.log.segment.cache.num.max = 2 (custom)
2019-06-13 23:15:13,726 INFO  storage.RaftLogWorker (RaftLogWorker.java:<init>(123)) - new da973886-4694-4a25-bab4-cc61e7a46859-RaftLogWorker for Storage Directory /opt/src/hadoop-ozone/integration-test/target/test-dir/MiniOzoneClusterImpl-5033b618-a738-471e-a9c2-283f34c50f71/datanode-1/data/ratis/4b61184a-e44c-4daa-a01f-cc3b36aa1de6
2019-06-13 23:15:13,727 INFO  server.RaftServerConfigKeys (ConfUtils.java:logGet(43)) - raft.server.log.queue.byte-limit = 2147483647 (custom)
2019-06-13 23:15:13,728 INFO  server.RaftServerConfigKeys (ConfUtils.java:logGet(43)) - raft.server.log.queue.element-limit = 1024 (custom)
2019-06-13 23:15:13,728 INFO  server.RaftServerConfigKeys (ConfUtils.java:logGet(43)) - raft.server.log.segment.size.max = 16384 (custom)
2019-06-13 23:15:13,728 INFO  server.RaftServerConfigKeys (ConfUtils.java:logGet(43)) - raft.server.log.preallocated.size = 16384 (custom)
2019-06-13 23:15:13,728 INFO  server.RaftServerConfigKeys (ConfUtils.java:logGet(43)) - raft.server.log.write.buffer.size = 33554432 (custom)
2019-06-13 23:15:13,728 INFO  server.RaftServerConfigKeys (ConfUtils.java:logGet(43)) - raft.server.log.force.sync.num = 128 (default)
2019-06-13 23:15:13,728 INFO  server.RaftServerConfigKeys (ConfUtils.java:logGet(43)) - raft.server.log.statemachine.data.sync = true (default)
2019-06-13 23:15:13,728 INFO  server.RaftServerConfigKeys (ConfUtils.java:logGet(43)) - raft.server.log.statemachine.data.sync.timeout = 10s (default)
2019-06-13 23:15:13,728 INFO  server.RaftServerConfigKeys (ConfUtils.java:logGet(43)) - raft.server.log.statemachine.data.sync.timeout.retry = -1 (default)
2019-06-13 23:15:13,728 INFO  server.RaftServerConfigKeys (ConfUtils.java:logGet(43)) - raft.server.log.statemachine.data.caching.enabled = true (custom)
2019-06-13 23:15:13,729 INFO  server.RaftServerConfigKeys (ConfUtils.java:logGet(43)) - raft.server.snapshot.auto.trigger.enabled = true (custom)
2019-06-13 23:15:13,729 INFO  server.RaftServerConfigKeys (ConfUtils.java:logGet(43)) - raft.server.snapshot.auto.trigger.threshold = 10000 (custom)
2019-06-13 23:15:13,729 INFO  server.RaftServerConfigKeys (ConfUtils.java:logGet(43)) - raft.server.retrycache.expirytime = 600000ms (custom)
2019-06-13 23:15:13,729 INFO  impl.RaftServerImpl (RaftServerImpl.java:start(173)) - da973886-4694-4a25-bab4-cc61e7a46859: start group-CC3B36AA1DE6
2019-06-13 23:15:13,729 INFO  impl.RaftServerImpl (RaftServerImpl.java:setRole(164)) - da973886-4694-4a25-bab4-cc61e7a46859:group-CC3B36AA1DE6 changes role from null to FOLLOWER at term 0 for startAsFollower
2019-06-13 23:15:13,729 INFO  impl.RoleInfo (RoleInfo.java:updateAndGet(143)) - da973886-4694-4a25-bab4-cc61e7a46859: start FollowerState
2019-06-13 23:15:13,731 INFO  util.JmxRegister (JmxRegister.java:tryRegister(44)) - Successfully registered JMX Bean with object name Ratis:service=RaftServer,group=group-CC3B36AA1DE6,id=da973886-4694-4a25-bab4-cc61e7a46859
2019-06-13 23:15:13,748 INFO  pipeline.PipelineStateManager (PipelineStateManager.java:addPipeline(56)) - Created pipeline Pipeline[ Id: 4b61184a-e44c-4daa-a01f-cc3b36aa1de6, Nodes: da973886-4694-4a25-bab4-cc61e7a46859{ip: 192.168.105.138, host: ozone-g79bc-2755786375, networkLocation: /default-rack, certSerialId: null}, Type:RATIS, Factor:ONE, State:OPEN]
2019-06-13 23:15:13,767 INFO  impl.RaftServerProxy (RaftServerProxy.java:addNew(89)) - 70068589-cc9b-47e1-97e4-c3d1390e5473: addNew group-E7EA8CECFDF3:[70068589-cc9b-47e1-97e4-c3d1390e5473:192.168.105.138:38515] returns group-E7EA8CECFDF3:java.util.concurrent.CompletableFuture@7753f93f[Not completed]
2019-06-13 23:15:13,796 INFO  impl.RaftServerImpl (RaftServerImpl.java:<init>(91)) - 70068589-cc9b-47e1-97e4-c3d1390e5473: new RaftServerImpl for group-E7EA8CECFDF3:[70068589-cc9b-47e1-97e4-c3d1390e5473:192.168.105.138:38515] with ContainerStateMachine:uninitialized
2019-06-13 23:15:13,797 INFO  server.RaftServerConfigKeys (ConfUtils.java:logGet(43)) - raft.server.rpc.timeout.min = 1s (custom)
2019-06-13 23:15:13,797 INFO  server.RaftServerConfigKeys (ConfUtils.java:logGet(43)) - raft.server.rpc.timeout.max = 1200ms (custom)
2019-06-13 23:15:13,797 INFO  server.RaftServerConfigKeys (ConfUtils.java:logGet(43)) - raft.server.rpcslowness.timeout = 10s (custom)
2019-06-13 23:15:13,797 INFO  server.RaftServerConfigKeys (ConfUtils.java:logGet(43)) - raft.server.log.appender.install.snapshot.enabled = true (default)
2019-06-13 23:15:13,797 INFO  impl.RaftServerImpl (ServerState.java:<init>(101)) - 70068589-cc9b-47e1-97e4-c3d1390e5473:group-E7EA8CECFDF3 ConfigurationManager, init=-1: [70068589-cc9b-47e1-97e4-c3d1390e5473:192.168.105.138:38515], old=null, confs=<EMPTY_MAP>
2019-06-13 23:15:13,797 INFO  server.RaftServerConfigKeys (ConfUtils.java:logGet(43)) - raft.server.storage.dir = [/opt/src/hadoop-ozone/integration-test/target/test-dir/MiniOzoneClusterImpl-5033b618-a738-471e-a9c2-283f34c50f71/datanode-2/data/ratis] (custom)
2019-06-13 23:15:13,797 INFO  storage.RaftStorageDirectory (RaftStorageDirectory.java:analyzeStorage(246)) - The storage directory /opt/src/hadoop-ozone/integration-test/target/test-dir/MiniOzoneClusterImpl-5033b618-a738-471e-a9c2-283f34c50f71/datanode-2/data/ratis/8425aa74-d3bf-4b3a-9ba9-e7ea8cecfdf3 does not exist. Creating ...
2019-06-13 23:15:13,802 INFO  storage.RaftStorageDirectory (RaftStorageDirectory.java:tryLock(328)) - Lock on /opt/src/hadoop-ozone/integration-test/target/test-dir/MiniOzoneClusterImpl-5033b618-a738-471e-a9c2-283f34c50f71/datanode-2/data/ratis/8425aa74-d3bf-4b3a-9ba9-e7ea8cecfdf3/in_use.lock acquired by nodename 10081@ozone-g79bc-2755786375
2019-06-13 23:15:13,803 INFO  node.SCMNodeManager (SCMNodeManager.java:register(234)) - Registered Data node : da37df7c-971a-4610-9bb3-6c11cb6e9240{ip: 192.168.105.138, host: ozone-g79bc-2755786375, networkLocation: /default-rack, certSerialId: null}
2019-06-13 23:15:13,809 INFO  storage.RaftStorage (RaftStorage.java:format(75)) - Storage directory /opt/src/hadoop-ozone/integration-test/target/test-dir/MiniOzoneClusterImpl-5033b618-a738-471e-a9c2-283f34c50f71/datanode-2/data/ratis/8425aa74-d3bf-4b3a-9ba9-e7ea8cecfdf3 has been successfully formatted.
2019-06-13 23:15:13,811 INFO  ratis.ContainerStateMachine (ContainerStateMachine.java:loadSnapshot(199)) - The snapshot info is null.Setting the last applied index to:(t:0, i:~)
2019-06-13 23:15:13,813 INFO  server.RaftServerConfigKeys (ConfUtils.java:logGet(43)) - raft.server.leader.election.timeout = 10s (custom)
2019-06-13 23:15:13,814 INFO  server.RaftServerConfigKeys (ConfUtils.java:logGet(43)) - raft.server.log.use.memory = false (default)
2019-06-13 23:15:13,814 INFO  server.RaftServerConfigKeys (ConfUtils.java:logGet(43)) - raft.server.log.appender.buffer.byte-limit = 33554432 (custom)
2019-06-13 23:15:13,814 INFO  server.RaftServerConfigKeys (ConfUtils.java:logGet(43)) - raft.server.log.segment.size.max = 16384 (custom)
2019-06-13 23:15:13,814 INFO  server.RaftServerConfigKeys (ConfUtils.java:logGet(43)) - raft.server.log.segment.cache.num.max = 2 (custom)
2019-06-13 23:15:13,814 INFO  storage.RaftLogWorker (RaftLogWorker.java:<init>(123)) - new 70068589-cc9b-47e1-97e4-c3d1390e5473-RaftLogWorker for Storage Directory /opt/src/hadoop-ozone/integration-test/target/test-dir/MiniOzoneClusterImpl-5033b618-a738-471e-a9c2-283f34c50f71/datanode-2/data/ratis/8425aa74-d3bf-4b3a-9ba9-e7ea8cecfdf3
2019-06-13 23:15:13,814 INFO  server.RaftServerConfigKeys (ConfUtils.java:logGet(43)) - raft.server.log.queue.byte-limit = 2147483647 (custom)
2019-06-13 23:15:13,814 INFO  server.RaftServerConfigKeys (ConfUtils.java:logGet(43)) - raft.server.log.queue.element-limit = 1024 (custom)
2019-06-13 23:15:13,814 INFO  server.RaftServerConfigKeys (ConfUtils.java:logGet(43)) - raft.server.log.segment.size.max = 16384 (custom)
2019-06-13 23:15:13,814 INFO  server.RaftServerConfigKeys (ConfUtils.java:logGet(43)) - raft.server.log.preallocated.size = 16384 (custom)
2019-06-13 23:15:13,814 INFO  server.RaftServerConfigKeys (ConfUtils.java:logGet(43)) - raft.server.log.write.buffer.size = 33554432 (custom)
2019-06-13 23:15:13,814 INFO  server.RaftServerConfigKeys (ConfUtils.java:logGet(43)) - raft.server.log.force.sync.num = 128 (default)
2019-06-13 23:15:13,814 INFO  server.RaftServerConfigKeys (ConfUtils.java:logGet(43)) - raft.server.log.statemachine.data.sync = true (default)
2019-06-13 23:15:13,815 INFO  server.RaftServerConfigKeys (ConfUtils.java:logGet(43)) - raft.server.log.statemachine.data.sync.timeout = 10s (default)
2019-06-13 23:15:13,815 INFO  server.RaftServerConfigKeys (ConfUtils.java:logGet(43)) - raft.server.log.statemachine.data.sync.timeout.retry = -1 (default)
2019-06-13 23:15:13,815 INFO  server.RaftServerConfigKeys (ConfUtils.java:logGet(43)) - raft.server.log.statemachine.data.caching.enabled = true (custom)
2019-06-13 23:15:13,815 INFO  server.RaftServerConfigKeys (ConfUtils.java:logGet(43)) - raft.server.snapshot.auto.trigger.enabled = true (custom)
2019-06-13 23:15:13,815 INFO  server.RaftServerConfigKeys (ConfUtils.java:logGet(43)) - raft.server.snapshot.auto.trigger.threshold = 10000 (custom)
2019-06-13 23:15:13,815 INFO  server.RaftServerConfigKeys (ConfUtils.java:logGet(43)) - raft.server.retrycache.expirytime = 600000ms (custom)
2019-06-13 23:15:13,816 INFO  impl.RaftServerImpl (RaftServerImpl.java:start(173)) - 70068589-cc9b-47e1-97e4-c3d1390e5473: start group-E7EA8CECFDF3
2019-06-13 23:15:13,816 INFO  impl.RaftServerImpl (RaftServerImpl.java:setRole(164)) - 70068589-cc9b-47e1-97e4-c3d1390e5473:group-E7EA8CECFDF3 changes role from null to FOLLOWER at term 0 for startAsFollower
2019-06-13 23:15:13,816 INFO  impl.RoleInfo (RoleInfo.java:updateAndGet(143)) - 70068589-cc9b-47e1-97e4-c3d1390e5473: start FollowerState
2019-06-13 23:15:13,816 INFO  util.JmxRegister (JmxRegister.java:tryRegister(44)) - Successfully registered JMX Bean with object name Ratis:service=RaftServer,group=group-E7EA8CECFDF3,id=70068589-cc9b-47e1-97e4-c3d1390e5473
2019-06-13 23:15:13,831 INFO  pipeline.PipelineStateManager (PipelineStateManager.java:addPipeline(56)) - Created pipeline Pipeline[ Id: 8425aa74-d3bf-4b3a-9ba9-e7ea8cecfdf3, Nodes: 70068589-cc9b-47e1-97e4-c3d1390e5473{ip: 192.168.105.138, host: ozone-g79bc-2755786375, networkLocation: /default-rack, certSerialId: null}, Type:RATIS, Factor:ONE, State:OPEN]
2019-06-13 23:15:13,862 INFO  impl.RaftServerProxy (RaftServerProxy.java:addNew(89)) - da37df7c-971a-4610-9bb3-6c11cb6e9240: addNew group-A29AD08C6400:[da37df7c-971a-4610-9bb3-6c11cb6e9240:192.168.105.138:42135] returns group-A29AD08C6400:java.util.concurrent.CompletableFuture@5062bdbe[Not completed]
2019-06-13 23:15:13,868 INFO  impl.RaftServerImpl (RaftServerImpl.java:<init>(91)) - da37df7c-971a-4610-9bb3-6c11cb6e9240: new RaftServerImpl for group-A29AD08C6400:[da37df7c-971a-4610-9bb3-6c11cb6e9240:192.168.105.138:42135] with ContainerStateMachine:uninitialized
2019-06-13 23:15:13,868 INFO  server.RaftServerConfigKeys (ConfUtils.java:logGet(43)) - raft.server.rpc.timeout.min = 1s (custom)
2019-06-13 23:15:13,869 INFO  server.RaftServerConfigKeys (ConfUtils.java:logGet(43)) - raft.server.rpc.timeout.max = 1200ms (custom)
2019-06-13 23:15:13,869 INFO  server.RaftServerConfigKeys (ConfUtils.java:logGet(43)) - raft.server.rpcslowness.timeout = 10s (custom)
2019-06-13 23:15:13,869 INFO  server.RaftServerConfigKeys (ConfUtils.java:logGet(43)) - raft.server.log.appender.install.snapshot.enabled = true (default)
2019-06-13 23:15:13,869 INFO  impl.RaftServerImpl (ServerState.java:<init>(101)) - da37df7c-971a-4610-9bb3-6c11cb6e9240:group-A29AD08C6400 ConfigurationManager, init=-1: [da37df7c-971a-4610-9bb3-6c11cb6e9240:192.168.105.138:42135], old=null, confs=<EMPTY_MAP>
2019-06-13 23:15:13,869 INFO  server.RaftServerConfigKeys (ConfUtils.java:logGet(43)) - raft.server.storage.dir = [/opt/src/hadoop-ozone/integration-test/target/test-dir/MiniOzoneClusterImpl-5033b618-a738-471e-a9c2-283f34c50f71/datanode-3/data/ratis] (custom)
2019-06-13 23:15:13,869 INFO  storage.RaftStorageDirectory (RaftStorageDirectory.java:analyzeStorage(246)) - The storage directory /opt/src/hadoop-ozone/integration-test/target/test-dir/MiniOzoneClusterImpl-5033b618-a738-471e-a9c2-283f34c50f71/datanode-3/data/ratis/7285de08-6154-49ce-b6ee-a29ad08c6400 does not exist. Creating ...
2019-06-13 23:15:13,874 INFO  storage.RaftStorageDirectory (RaftStorageDirectory.java:tryLock(328)) - Lock on /opt/src/hadoop-ozone/integration-test/target/test-dir/MiniOzoneClusterImpl-5033b618-a738-471e-a9c2-283f34c50f71/datanode-3/data/ratis/7285de08-6154-49ce-b6ee-a29ad08c6400/in_use.lock acquired by nodename 10081@ozone-g79bc-2755786375
2019-06-13 23:15:13,877 INFO  storage.RaftStorage (RaftStorage.java:format(75)) - Storage directory /opt/src/hadoop-ozone/integration-test/target/test-dir/MiniOzoneClusterImpl-5033b618-a738-471e-a9c2-283f34c50f71/datanode-3/data/ratis/7285de08-6154-49ce-b6ee-a29ad08c6400 has been successfully formatted.
2019-06-13 23:15:13,877 INFO  ratis.ContainerStateMachine (ContainerStateMachine.java:loadSnapshot(199)) - The snapshot info is null.Setting the last applied index to:(t:0, i:~)
2019-06-13 23:15:13,877 INFO  server.RaftServerConfigKeys (ConfUtils.java:logGet(43)) - raft.server.leader.election.timeout = 10s (custom)
2019-06-13 23:15:13,877 INFO  server.RaftServerConfigKeys (ConfUtils.java:logGet(43)) - raft.server.log.use.memory = false (default)
2019-06-13 23:15:13,878 INFO  server.RaftServerConfigKeys (ConfUtils.java:logGet(43)) - raft.server.log.appender.buffer.byte-limit = 33554432 (custom)
2019-06-13 23:15:13,878 INFO  server.RaftServerConfigKeys (ConfUtils.java:logGet(43)) - raft.server.log.segment.size.max = 16384 (custom)
2019-06-13 23:15:13,878 INFO  server.RaftServerConfigKeys (ConfUtils.java:logGet(43)) - raft.server.log.segment.cache.num.max = 2 (custom)
2019-06-13 23:15:13,878 INFO  storage.RaftLogWorker (RaftLogWorker.java:<init>(123)) - new da37df7c-971a-4610-9bb3-6c11cb6e9240-RaftLogWorker for Storage Directory /opt/src/hadoop-ozone/integration-test/target/test-dir/MiniOzoneClusterImpl-5033b618-a738-471e-a9c2-283f34c50f71/datanode-3/data/ratis/7285de08-6154-49ce-b6ee-a29ad08c6400
2019-06-13 23:15:13,878 INFO  server.RaftServerConfigKeys (ConfUtils.java:logGet(43)) - raft.server.log.queue.byte-limit = 2147483647 (custom)
2019-06-13 23:15:13,878 INFO  server.RaftServerConfigKeys (ConfUtils.java:logGet(43)) - raft.server.log.queue.element-limit = 1024 (custom)
2019-06-13 23:15:13,878 INFO  server.RaftServerConfigKeys (ConfUtils.java:logGet(43)) - raft.server.log.segment.size.max = 16384 (custom)
2019-06-13 23:15:13,878 INFO  server.RaftServerConfigKeys (ConfUtils.java:logGet(43)) - raft.server.log.preallocated.size = 16384 (custom)
2019-06-13 23:15:13,878 INFO  server.RaftServerConfigKeys (ConfUtils.java:logGet(43)) - raft.server.log.write.buffer.size = 33554432 (custom)
2019-06-13 23:15:13,879 INFO  server.RaftServerConfigKeys (ConfUtils.java:logGet(43)) - raft.server.log.force.sync.num = 128 (default)
2019-06-13 23:15:13,879 INFO  server.RaftServerConfigKeys (ConfUtils.java:logGet(43)) - raft.server.log.statemachine.data.sync = true (default)
2019-06-13 23:15:13,879 INFO  server.RaftServerConfigKeys (ConfUtils.java:logGet(43)) - raft.server.log.statemachine.data.sync.timeout = 10s (default)
2019-06-13 23:15:13,879 INFO  server.RaftServerConfigKeys (ConfUtils.java:logGet(43)) - raft.server.log.statemachine.data.sync.timeout.retry = -1 (default)
2019-06-13 23:15:13,879 INFO  server.RaftServerConfigKeys (ConfUtils.java:logGet(43)) - raft.server.log.statemachine.data.caching.enabled = true (custom)
2019-06-13 23:15:13,880 INFO  server.RaftServerConfigKeys (ConfUtils.java:logGet(43)) - raft.server.snapshot.auto.trigger.enabled = true (custom)
2019-06-13 23:15:13,880 INFO  server.RaftServerConfigKeys (ConfUtils.java:logGet(43)) - raft.server.snapshot.auto.trigger.threshold = 10000 (custom)
2019-06-13 23:15:13,880 INFO  server.RaftServerConfigKeys (ConfUtils.java:logGet(43)) - raft.server.retrycache.expirytime = 600000ms (custom)
2019-06-13 23:15:13,880 INFO  impl.RaftServerImpl (RaftServerImpl.java:start(173)) - da37df7c-971a-4610-9bb3-6c11cb6e9240: start group-A29AD08C6400
2019-06-13 23:15:13,880 INFO  impl.RaftServerImpl (RaftServerImpl.java:setRole(164)) - da37df7c-971a-4610-9bb3-6c11cb6e9240:group-A29AD08C6400 changes role from null to FOLLOWER at term 0 for startAsFollower
2019-06-13 23:15:13,881 INFO  impl.RoleInfo (RoleInfo.java:updateAndGet(143)) - da37df7c-971a-4610-9bb3-6c11cb6e9240: start FollowerState
2019-06-13 23:15:13,881 INFO  util.JmxRegister (JmxRegister.java:tryRegister(44)) - Successfully registered JMX Bean with object name Ratis:service=RaftServer,group=group-A29AD08C6400,id=da37df7c-971a-4610-9bb3-6c11cb6e9240
2019-06-13 23:15:13,892 INFO  pipeline.PipelineStateManager (PipelineStateManager.java:addPipeline(56)) - Created pipeline Pipeline[ Id: 7285de08-6154-49ce-b6ee-a29ad08c6400, Nodes: da37df7c-971a-4610-9bb3-6c11cb6e9240{ip: 192.168.105.138, host: ozone-g79bc-2755786375, networkLocation: /default-rack, certSerialId: null}, Type:RATIS, Factor:ONE, State:OPEN]
2019-06-13 23:15:13,935 INFO  impl.RaftServerProxy (RaftServerProxy.java:addNew(89)) - 2ce3ecd0-c9ba-410d-8ace-b9841bd0871e: addNew group-9A03D5DA3CAB:[70068589-cc9b-47e1-97e4-c3d1390e5473:192.168.105.138:38515, da973886-4694-4a25-bab4-cc61e7a46859:192.168.105.138:41085, 2ce3ecd0-c9ba-410d-8ace-b9841bd0871e:192.168.105.138:42077] returns group-9A03D5DA3CAB:java.util.concurrent.CompletableFuture@5a511960[Not completed]
2019-06-13 23:15:13,936 INFO  impl.RaftServerImpl (RaftServerImpl.java:<init>(91)) - 2ce3ecd0-c9ba-410d-8ace-b9841bd0871e: new RaftServerImpl for group-9A03D5DA3CAB:[70068589-cc9b-47e1-97e4-c3d1390e5473:192.168.105.138:38515, da973886-4694-4a25-bab4-cc61e7a46859:192.168.105.138:41085, 2ce3ecd0-c9ba-410d-8ace-b9841bd0871e:192.168.105.138:42077] with ContainerStateMachine:uninitialized
2019-06-13 23:15:13,936 INFO  server.RaftServerConfigKeys (ConfUtils.java:logGet(43)) - raft.server.rpc.timeout.min = 1s (custom)
2019-06-13 23:15:13,937 INFO  server.RaftServerConfigKeys (ConfUtils.java:logGet(43)) - raft.server.rpc.timeout.max = 1200ms (custom)
2019-06-13 23:15:13,937 INFO  server.RaftServerConfigKeys (ConfUtils.java:logGet(43)) - raft.server.rpcslowness.timeout = 10s (custom)
2019-06-13 23:15:13,937 INFO  server.RaftServerConfigKeys (ConfUtils.java:logGet(43)) - raft.server.log.appender.install.snapshot.enabled = true (default)
2019-06-13 23:15:13,937 INFO  impl.RaftServerImpl (ServerState.java:<init>(101)) - 2ce3ecd0-c9ba-410d-8ace-b9841bd0871e:group-9A03D5DA3CAB ConfigurationManager, init=-1: [70068589-cc9b-47e1-97e4-c3d1390e5473:192.168.105.138:38515, da973886-4694-4a25-bab4-cc61e7a46859:192.168.105.138:41085, 2ce3ecd0-c9ba-410d-8ace-b9841bd0871e:192.168.105.138:42077], old=null, confs=<EMPTY_MAP>
2019-06-13 23:15:13,937 INFO  server.RaftServerConfigKeys (ConfUtils.java:logGet(43)) - raft.server.storage.dir = [/opt/src/hadoop-ozone/integration-test/target/test-dir/MiniOzoneClusterImpl-5033b618-a738-471e-a9c2-283f34c50f71/datanode-0/data/ratis] (custom)
2019-06-13 23:15:13,939 INFO  storage.RaftStorageDirectory (RaftStorageDirectory.java:analyzeStorage(246)) - The storage directory /opt/src/hadoop-ozone/integration-test/target/test-dir/MiniOzoneClusterImpl-5033b618-a738-471e-a9c2-283f34c50f71/datanode-0/data/ratis/265d015e-5a65-4c50-bf51-9a03d5da3cab does not exist. Creating ...
2019-06-13 23:15:13,940 INFO  impl.RaftServerProxy (RaftServerProxy.java:addNew(89)) - 70068589-cc9b-47e1-97e4-c3d1390e5473: addNew group-9A03D5DA3CAB:[70068589-cc9b-47e1-97e4-c3d1390e5473:192.168.105.138:38515, da973886-4694-4a25-bab4-cc61e7a46859:192.168.105.138:41085, 2ce3ecd0-c9ba-410d-8ace-b9841bd0871e:192.168.105.138:42077] returns group-9A03D5DA3CAB:java.util.concurrent.CompletableFuture@5e6e86f2[Not completed]
2019-06-13 23:15:13,941 INFO  impl.RaftServerImpl (RaftServerImpl.java:<init>(91)) - da973886-4694-4a25-bab4-cc61e7a46859: new RaftServerImpl for group-9A03D5DA3CAB:[70068589-cc9b-47e1-97e4-c3d1390e5473:192.168.105.138:38515, da973886-4694-4a25-bab4-cc61e7a46859:192.168.105.138:41085, 2ce3ecd0-c9ba-410d-8ace-b9841bd0871e:192.168.105.138:42077] with ContainerStateMachine:uninitialized
2019-06-13 23:15:13,941 INFO  server.RaftServerConfigKeys (ConfUtils.java:logGet(43)) - raft.server.rpc.timeout.min = 1s (custom)
2019-06-13 23:15:13,941 INFO  server.RaftServerConfigKeys (ConfUtils.java:logGet(43)) - raft.server.rpc.timeout.max = 1200ms (custom)
2019-06-13 23:15:13,941 INFO  server.RaftServerConfigKeys (ConfUtils.java:logGet(43)) - raft.server.rpcslowness.timeout = 10s (custom)
2019-06-13 23:15:13,941 INFO  server.RaftServerConfigKeys (ConfUtils.java:logGet(43)) - raft.server.log.appender.install.snapshot.enabled = true (default)
2019-06-13 23:15:13,941 INFO  impl.RaftServerImpl (ServerState.java:<init>(101)) - da973886-4694-4a25-bab4-cc61e7a46859:group-9A03D5DA3CAB ConfigurationManager, init=-1: [70068589-cc9b-47e1-97e4-c3d1390e5473:192.168.105.138:38515, da973886-4694-4a25-bab4-cc61e7a46859:192.168.105.138:41085, 2ce3ecd0-c9ba-410d-8ace-b9841bd0871e:192.168.105.138:42077], old=null, confs=<EMPTY_MAP>
2019-06-13 23:15:13,941 INFO  server.RaftServerConfigKeys (ConfUtils.java:logGet(43)) - raft.server.storage.dir = [/opt/src/hadoop-ozone/integration-test/target/test-dir/MiniOzoneClusterImpl-5033b618-a738-471e-a9c2-283f34c50f71/datanode-1/data/ratis] (custom)
2019-06-13 23:15:13,940 INFO  impl.RaftServerProxy (RaftServerProxy.java:addNew(89)) - da973886-4694-4a25-bab4-cc61e7a46859: addNew group-9A03D5DA3CAB:[70068589-cc9b-47e1-97e4-c3d1390e5473:192.168.105.138:38515, da973886-4694-4a25-bab4-cc61e7a46859:192.168.105.138:41085, 2ce3ecd0-c9ba-410d-8ace-b9841bd0871e:192.168.105.138:42077] returns group-9A03D5DA3CAB:java.util.concurrent.CompletableFuture@1e337fbd[Not completed]
2019-06-13 23:15:13,942 INFO  storage.RaftStorageDirectory (RaftStorageDirectory.java:analyzeStorage(246)) - The storage directory /opt/src/hadoop-ozone/integration-test/target/test-dir/MiniOzoneClusterImpl-5033b618-a738-471e-a9c2-283f34c50f71/datanode-1/data/ratis/265d015e-5a65-4c50-bf51-9a03d5da3cab does not exist. Creating ...
2019-06-13 23:15:13,941 INFO  impl.RaftServerImpl (RaftServerImpl.java:<init>(91)) - 70068589-cc9b-47e1-97e4-c3d1390e5473: new RaftServerImpl for group-9A03D5DA3CAB:[70068589-cc9b-47e1-97e4-c3d1390e5473:192.168.105.138:38515, da973886-4694-4a25-bab4-cc61e7a46859:192.168.105.138:41085, 2ce3ecd0-c9ba-410d-8ace-b9841bd0871e:192.168.105.138:42077] with ContainerStateMachine:uninitialized
2019-06-13 23:15:13,942 INFO  server.RaftServerConfigKeys (ConfUtils.java:logGet(43)) - raft.server.rpc.timeout.min = 1s (custom)
2019-06-13 23:15:13,942 INFO  server.RaftServerConfigKeys (ConfUtils.java:logGet(43)) - raft.server.rpc.timeout.max = 1200ms (custom)
2019-06-13 23:15:13,942 INFO  server.RaftServerConfigKeys (ConfUtils.java:logGet(43)) - raft.server.rpcslowness.timeout = 10s (custom)
2019-06-13 23:15:13,943 INFO  server.RaftServerConfigKeys (ConfUtils.java:logGet(43)) - raft.server.log.appender.install.snapshot.enabled = true (default)
2019-06-13 23:15:13,943 INFO  impl.RaftServerImpl (ServerState.java:<init>(101)) - 70068589-cc9b-47e1-97e4-c3d1390e5473:group-9A03D5DA3CAB ConfigurationManager, init=-1: [70068589-cc9b-47e1-97e4-c3d1390e5473:192.168.105.138:38515, da973886-4694-4a25-bab4-cc61e7a46859:192.168.105.138:41085, 2ce3ecd0-c9ba-410d-8ace-b9841bd0871e:192.168.105.138:42077], old=null, confs=<EMPTY_MAP>
2019-06-13 23:15:13,944 INFO  server.RaftServerConfigKeys (ConfUtils.java:logGet(43)) - raft.server.storage.dir = [/opt/src/hadoop-ozone/integration-test/target/test-dir/MiniOzoneClusterImpl-5033b618-a738-471e-a9c2-283f34c50f71/datanode-2/data/ratis] (custom)
2019-06-13 23:15:13,947 INFO  storage.RaftStorageDirectory (RaftStorageDirectory.java:analyzeStorage(246)) - The storage directory /opt/src/hadoop-ozone/integration-test/target/test-dir/MiniOzoneClusterImpl-5033b618-a738-471e-a9c2-283f34c50f71/datanode-2/data/ratis/265d015e-5a65-4c50-bf51-9a03d5da3cab does not exist. Creating ...
2019-06-13 23:15:13,948 INFO  storage.RaftStorageDirectory (RaftStorageDirectory.java:tryLock(328)) - Lock on /opt/src/hadoop-ozone/integration-test/target/test-dir/MiniOzoneClusterImpl-5033b618-a738-471e-a9c2-283f34c50f71/datanode-1/data/ratis/265d015e-5a65-4c50-bf51-9a03d5da3cab/in_use.lock acquired by nodename 10081@ozone-g79bc-2755786375
2019-06-13 23:15:13,948 INFO  storage.RaftStorageDirectory (RaftStorageDirectory.java:tryLock(328)) - Lock on /opt/src/hadoop-ozone/integration-test/target/test-dir/MiniOzoneClusterImpl-5033b618-a738-471e-a9c2-283f34c50f71/datanode-0/data/ratis/265d015e-5a65-4c50-bf51-9a03d5da3cab/in_use.lock acquired by nodename 10081@ozone-g79bc-2755786375
2019-06-13 23:15:13,949 INFO  storage.RaftStorageDirectory (RaftStorageDirectory.java:tryLock(328)) - Lock on /opt/src/hadoop-ozone/integration-test/target/test-dir/MiniOzoneClusterImpl-5033b618-a738-471e-a9c2-283f34c50f71/datanode-2/data/ratis/265d015e-5a65-4c50-bf51-9a03d5da3cab/in_use.lock acquired by nodename 10081@ozone-g79bc-2755786375
2019-06-13 23:15:13,951 INFO  storage.RaftStorage (RaftStorage.java:format(75)) - Storage directory /opt/src/hadoop-ozone/integration-test/target/test-dir/MiniOzoneClusterImpl-5033b618-a738-471e-a9c2-283f34c50f71/datanode-1/data/ratis/265d015e-5a65-4c50-bf51-9a03d5da3cab has been successfully formatted.
2019-06-13 23:15:13,952 INFO  ratis.ContainerStateMachine (ContainerStateMachine.java:loadSnapshot(199)) - The snapshot info is null.Setting the last applied index to:(t:0, i:~)
2019-06-13 23:15:13,952 INFO  server.RaftServerConfigKeys (ConfUtils.java:logGet(43)) - raft.server.leader.election.timeout = 10s (custom)
2019-06-13 23:15:13,952 INFO  server.RaftServerConfigKeys (ConfUtils.java:logGet(43)) - raft.server.log.use.memory = false (default)
2019-06-13 23:15:13,952 INFO  server.RaftServerConfigKeys (ConfUtils.java:logGet(43)) - raft.server.log.appender.buffer.byte-limit = 33554432 (custom)
2019-06-13 23:15:13,952 INFO  server.RaftServerConfigKeys (ConfUtils.java:logGet(43)) - raft.server.log.segment.size.max = 16384 (custom)
2019-06-13 23:15:13,952 INFO  server.RaftServerConfigKeys (ConfUtils.java:logGet(43)) - raft.server.log.segment.cache.num.max = 2 (custom)
2019-06-13 23:15:13,953 INFO  storage.RaftLogWorker (RaftLogWorker.java:<init>(123)) - new da973886-4694-4a25-bab4-cc61e7a46859-RaftLogWorker for Storage Directory /opt/src/hadoop-ozone/integration-test/target/test-dir/MiniOzoneClusterImpl-5033b618-a738-471e-a9c2-283f34c50f71/datanode-1/data/ratis/265d015e-5a65-4c50-bf51-9a03d5da3cab
2019-06-13 23:15:13,953 INFO  server.RaftServerConfigKeys (ConfUtils.java:logGet(43)) - raft.server.log.queue.byte-limit = 2147483647 (custom)
2019-06-13 23:15:13,953 INFO  server.RaftServerConfigKeys (ConfUtils.java:logGet(43)) - raft.server.log.queue.element-limit = 1024 (custom)
2019-06-13 23:15:13,953 INFO  server.RaftServerConfigKeys (ConfUtils.java:logGet(43)) - raft.server.log.segment.size.max = 16384 (custom)
2019-06-13 23:15:13,953 INFO  server.RaftServerConfigKeys (ConfUtils.java:logGet(43)) - raft.server.log.preallocated.size = 16384 (custom)
2019-06-13 23:15:13,953 INFO  server.RaftServerConfigKeys (ConfUtils.java:logGet(43)) - raft.server.log.write.buffer.size = 33554432 (custom)
2019-06-13 23:15:13,951 INFO  storage.RaftStorage (RaftStorage.java:format(75)) - Storage directory /opt/src/hadoop-ozone/integration-test/target/test-dir/MiniOzoneClusterImpl-5033b618-a738-471e-a9c2-283f34c50f71/datanode-0/data/ratis/265d015e-5a65-4c50-bf51-9a03d5da3cab has been successfully formatted.
2019-06-13 23:15:13,954 INFO  server.RaftServerConfigKeys (ConfUtils.java:logGet(43)) - raft.server.log.force.sync.num = 128 (default)
2019-06-13 23:15:13,954 INFO  server.RaftServerConfigKeys (ConfUtils.java:logGet(43)) - raft.server.log.statemachine.data.sync = true (default)
2019-06-13 23:15:13,954 INFO  server.RaftServerConfigKeys (ConfUtils.java:logGet(43)) - raft.server.log.statemachine.data.sync.timeout = 10s (default)
2019-06-13 23:15:13,954 INFO  server.RaftServerConfigKeys (ConfUtils.java:logGet(43)) - raft.server.log.statemachine.data.sync.timeout.retry = -1 (default)
2019-06-13 23:15:13,954 INFO  server.RaftServerConfigKeys (ConfUtils.java:logGet(43)) - raft.server.log.statemachine.data.caching.enabled = true (custom)
2019-06-13 23:15:13,955 INFO  ratis.ContainerStateMachine (ContainerStateMachine.java:loadSnapshot(199)) - The snapshot info is null.Setting the last applied index to:(t:0, i:~)
2019-06-13 23:15:13,955 INFO  server.RaftServerConfigKeys (ConfUtils.java:logGet(43)) - raft.server.leader.election.timeout = 10s (custom)
2019-06-13 23:15:13,955 INFO  server.RaftServerConfigKeys (ConfUtils.java:logGet(43)) - raft.server.log.use.memory = false (default)
2019-06-13 23:15:13,955 INFO  server.RaftServerConfigKeys (ConfUtils.java:logGet(43)) - raft.server.snapshot.auto.trigger.enabled = true (custom)
2019-06-13 23:15:13,955 INFO  server.RaftServerConfigKeys (ConfUtils.java:logGet(43)) - raft.server.log.appender.buffer.byte-limit = 33554432 (custom)
2019-06-13 23:15:13,955 INFO  server.RaftServerConfigKeys (ConfUtils.java:logGet(43)) - raft.server.snapshot.auto.trigger.threshold = 10000 (custom)
2019-06-13 23:15:13,955 INFO  server.RaftServerConfigKeys (ConfUtils.java:logGet(43)) - raft.server.log.segment.size.max = 16384 (custom)
2019-06-13 23:15:13,955 INFO  server.RaftServerConfigKeys (ConfUtils.java:logGet(43)) - raft.server.retrycache.expirytime = 600000ms (custom)
2019-06-13 23:15:13,955 INFO  server.RaftServerConfigKeys (ConfUtils.java:logGet(43)) - raft.server.log.segment.cache.num.max = 2 (custom)
2019-06-13 23:15:13,955 INFO  impl.RaftServerImpl (RaftServerImpl.java:start(173)) - da973886-4694-4a25-bab4-cc61e7a46859: start group-9A03D5DA3CAB
2019-06-13 23:15:13,955 INFO  storage.RaftLogWorker (RaftLogWorker.java:<init>(123)) - new 2ce3ecd0-c9ba-410d-8ace-b9841bd0871e-RaftLogWorker for Storage Directory /opt/src/hadoop-ozone/integration-test/target/test-dir/MiniOzoneClusterImpl-5033b618-a738-471e-a9c2-283f34c50f71/datanode-0/data/ratis/265d015e-5a65-4c50-bf51-9a03d5da3cab
2019-06-13 23:15:13,956 INFO  storage.RaftStorage (RaftStorage.java:format(75)) - Storage directory /opt/src/hadoop-ozone/integration-test/target/test-dir/MiniOzoneClusterImpl-5033b618-a738-471e-a9c2-283f34c50f71/datanode-2/data/ratis/265d015e-5a65-4c50-bf51-9a03d5da3cab has been successfully formatted.
2019-06-13 23:15:13,956 INFO  impl.RaftServerImpl (RaftServerImpl.java:setRole(164)) - da973886-4694-4a25-bab4-cc61e7a46859:group-9A03D5DA3CAB changes role from null to FOLLOWER at term 0 for startAsFollower
2019-06-13 23:15:13,956 INFO  ratis.ContainerStateMachine (ContainerStateMachine.java:loadSnapshot(199)) - The snapshot info is null.Setting the last applied index to:(t:0, i:~)
2019-06-13 23:15:13,956 INFO  server.RaftServerConfigKeys (ConfUtils.java:logGet(43)) - raft.server.log.queue.byte-limit = 2147483647 (custom)
2019-06-13 23:15:13,956 INFO  server.RaftServerConfigKeys (ConfUtils.java:logGet(43)) - raft.server.leader.election.timeout = 10s (custom)
2019-06-13 23:15:13,956 INFO  server.RaftServerConfigKeys (ConfUtils.java:logGet(43)) - raft.server.log.use.memory = false (default)
2019-06-13 23:15:13,956 INFO  server.RaftServerConfigKeys (ConfUtils.java:logGet(43)) - raft.server.log.appender.buffer.byte-limit = 33554432 (custom)
2019-06-13 23:15:13,956 INFO  server.RaftServerConfigKeys (ConfUtils.java:logGet(43)) - raft.server.log.segment.size.max = 16384 (custom)
2019-06-13 23:15:13,956 INFO  server.RaftServerConfigKeys (ConfUtils.java:logGet(43)) - raft.server.log.segment.cache.num.max = 2 (custom)
2019-06-13 23:15:13,956 INFO  storage.RaftLogWorker (RaftLogWorker.java:<init>(123)) - new 70068589-cc9b-47e1-97e4-c3d1390e5473-RaftLogWorker for Storage Directory /opt/src/hadoop-ozone/integration-test/target/test-dir/MiniOzoneClusterImpl-5033b618-a738-471e-a9c2-283f34c50f71/datanode-2/data/ratis/265d015e-5a65-4c50-bf51-9a03d5da3cab
2019-06-13 23:15:13,956 INFO  server.RaftServerConfigKeys (ConfUtils.java:logGet(43)) - raft.server.log.queue.byte-limit = 2147483647 (custom)
2019-06-13 23:15:13,957 INFO  server.RaftServerConfigKeys (ConfUtils.java:logGet(43)) - raft.server.log.queue.element-limit = 1024 (custom)
2019-06-13 23:15:13,957 INFO  server.RaftServerConfigKeys (ConfUtils.java:logGet(43)) - raft.server.log.segment.size.max = 16384 (custom)
2019-06-13 23:15:13,957 INFO  server.RaftServerConfigKeys (ConfUtils.java:logGet(43)) - raft.server.log.preallocated.size = 16384 (custom)
2019-06-13 23:15:13,957 INFO  server.RaftServerConfigKeys (ConfUtils.java:logGet(43)) - raft.server.log.write.buffer.size = 33554432 (custom)
2019-06-13 23:15:13,957 INFO  server.RaftServerConfigKeys (ConfUtils.java:logGet(43)) - raft.server.log.force.sync.num = 128 (default)
2019-06-13 23:15:13,957 INFO  server.RaftServerConfigKeys (ConfUtils.java:logGet(43)) - raft.server.log.statemachine.data.sync = true (default)
2019-06-13 23:15:13,957 INFO  server.RaftServerConfigKeys (ConfUtils.java:logGet(43)) - raft.server.log.statemachine.data.sync.timeout = 10s (default)
2019-06-13 23:15:13,957 INFO  server.RaftServerConfigKeys (ConfUtils.java:logGet(43)) - raft.server.log.statemachine.data.sync.timeout.retry = -1 (default)
2019-06-13 23:15:13,957 INFO  server.RaftServerConfigKeys (ConfUtils.java:logGet(43)) - raft.server.log.statemachine.data.caching.enabled = true (custom)
2019-06-13 23:15:13,956 INFO  impl.RoleInfo (RoleInfo.java:updateAndGet(143)) - da973886-4694-4a25-bab4-cc61e7a46859: start FollowerState
2019-06-13 23:15:13,956 INFO  server.RaftServerConfigKeys (ConfUtils.java:logGet(43)) - raft.server.log.queue.element-limit = 1024 (custom)
2019-06-13 23:15:13,958 INFO  server.RaftServerConfigKeys (ConfUtils.java:logGet(43)) - raft.server.log.segment.size.max = 16384 (custom)
2019-06-13 23:15:13,958 INFO  server.RaftServerConfigKeys (ConfUtils.java:logGet(43)) - raft.server.log.preallocated.size = 16384 (custom)
2019-06-13 23:15:13,958 INFO  server.RaftServerConfigKeys (ConfUtils.java:logGet(43)) - raft.server.log.write.buffer.size = 33554432 (custom)
2019-06-13 23:15:13,958 INFO  server.RaftServerConfigKeys (ConfUtils.java:logGet(43)) - raft.server.log.force.sync.num = 128 (default)
2019-06-13 23:15:13,958 INFO  server.RaftServerConfigKeys (ConfUtils.java:logGet(43)) - raft.server.log.statemachine.data.sync = true (default)
2019-06-13 23:15:13,958 INFO  server.RaftServerConfigKeys (ConfUtils.java:logGet(43)) - raft.server.log.statemachine.data.sync.timeout = 10s (default)
2019-06-13 23:15:13,958 INFO  server.RaftServerConfigKeys (ConfUtils.java:logGet(43)) - raft.server.log.statemachine.data.sync.timeout.retry = -1 (default)
2019-06-13 23:15:13,958 INFO  server.RaftServerConfigKeys (ConfUtils.java:logGet(43)) - raft.server.log.statemachine.data.caching.enabled = true (custom)
2019-06-13 23:15:13,958 INFO  util.JmxRegister (JmxRegister.java:tryRegister(44)) - Successfully registered JMX Bean with object name Ratis:service=RaftServer,group=group-9A03D5DA3CAB,id=da973886-4694-4a25-bab4-cc61e7a46859
2019-06-13 23:15:13,958 INFO  server.RaftServerConfigKeys (ConfUtils.java:logGet(43)) - raft.server.snapshot.auto.trigger.enabled = true (custom)
2019-06-13 23:15:13,958 INFO  server.RaftServerConfigKeys (ConfUtils.java:logGet(43)) - raft.server.snapshot.auto.trigger.threshold = 10000 (custom)
2019-06-13 23:15:13,959 INFO  server.RaftServerConfigKeys (ConfUtils.java:logGet(43)) - raft.server.retrycache.expirytime = 600000ms (custom)
2019-06-13 23:15:13,959 INFO  impl.RaftServerImpl (RaftServerImpl.java:start(173)) - 2ce3ecd0-c9ba-410d-8ace-b9841bd0871e: start group-9A03D5DA3CAB
2019-06-13 23:15:13,959 INFO  impl.RaftServerImpl (RaftServerImpl.java:setRole(164)) - 2ce3ecd0-c9ba-410d-8ace-b9841bd0871e:group-9A03D5DA3CAB changes role from null to FOLLOWER at term 0 for startAsFollower
2019-06-13 23:15:13,959 INFO  impl.RoleInfo (RoleInfo.java:updateAndGet(143)) - 2ce3ecd0-c9ba-410d-8ace-b9841bd0871e: start FollowerState
2019-06-13 23:15:13,959 INFO  server.RaftServerConfigKeys (ConfUtils.java:logGet(43)) - raft.server.snapshot.auto.trigger.enabled = true (custom)
2019-06-13 23:15:13,959 INFO  util.JmxRegister (JmxRegister.java:tryRegister(44)) - Successfully registered JMX Bean with object name Ratis:service=RaftServer,group=group-9A03D5DA3CAB,id=2ce3ecd0-c9ba-410d-8ace-b9841bd0871e
2019-06-13 23:15:13,959 INFO  server.RaftServerConfigKeys (ConfUtils.java:logGet(43)) - raft.server.snapshot.auto.trigger.threshold = 10000 (custom)
2019-06-13 23:15:13,959 INFO  server.RaftServerConfigKeys (ConfUtils.java:logGet(43)) - raft.server.retrycache.expirytime = 600000ms (custom)
2019-06-13 23:15:13,960 INFO  impl.RaftServerImpl (RaftServerImpl.java:start(173)) - 70068589-cc9b-47e1-97e4-c3d1390e5473: start group-9A03D5DA3CAB
2019-06-13 23:15:13,960 INFO  impl.RaftServerImpl (RaftServerImpl.java:setRole(164)) - 70068589-cc9b-47e1-97e4-c3d1390e5473:group-9A03D5DA3CAB changes role from null to FOLLOWER at term 0 for startAsFollower
2019-06-13 23:15:13,960 INFO  impl.RoleInfo (RoleInfo.java:updateAndGet(143)) - 70068589-cc9b-47e1-97e4-c3d1390e5473: start FollowerState
2019-06-13 23:15:13,960 INFO  util.JmxRegister (JmxRegister.java:tryRegister(44)) - Successfully registered JMX Bean with object name Ratis:service=RaftServer,group=group-9A03D5DA3CAB,id=70068589-cc9b-47e1-97e4-c3d1390e5473
2019-06-13 23:15:13,993 INFO  pipeline.PipelineStateManager (PipelineStateManager.java:addPipeline(56)) - Created pipeline Pipeline[ Id: 265d015e-5a65-4c50-bf51-9a03d5da3cab, Nodes: 2ce3ecd0-c9ba-410d-8ace-b9841bd0871e{ip: 192.168.105.138, host: ozone-g79bc-2755786375, networkLocation: /default-rack, certSerialId: null}da973886-4694-4a25-bab4-cc61e7a46859{ip: 192.168.105.138, host: ozone-g79bc-2755786375, networkLocation: /default-rack, certSerialId: null}70068589-cc9b-47e1-97e4-c3d1390e5473{ip: 192.168.105.138, host: ozone-g79bc-2755786375, networkLocation: /default-rack, certSerialId: null}, Type:RATIS, Factor:THREE, State:OPEN]
2019-06-13 23:15:14,036 INFO  node.SCMNodeManager (SCMNodeManager.java:register(234)) - Registered Data node : fd800470-9ae8-40a7-bb28-2dddf5af8520{ip: 192.168.105.138, host: ozone-g79bc-2755786375, networkLocation: /default-rack, certSerialId: null}
2019-06-13 23:15:14,096 INFO  impl.RaftServerProxy (RaftServerProxy.java:addNew(89)) - fd800470-9ae8-40a7-bb28-2dddf5af8520: addNew group-803D94E717A1:[fd800470-9ae8-40a7-bb28-2dddf5af8520:192.168.105.138:35277] returns group-803D94E717A1:java.util.concurrent.CompletableFuture@6b509faf[Not completed]
2019-06-13 23:15:14,102 INFO  impl.RaftServerImpl (RaftServerImpl.java:<init>(91)) - fd800470-9ae8-40a7-bb28-2dddf5af8520: new RaftServerImpl for group-803D94E717A1:[fd800470-9ae8-40a7-bb28-2dddf5af8520:192.168.105.138:35277] with ContainerStateMachine:uninitialized
2019-06-13 23:15:14,102 INFO  server.RaftServerConfigKeys (ConfUtils.java:logGet(43)) - raft.server.rpc.timeout.min = 1s (custom)
2019-06-13 23:15:14,102 INFO  server.RaftServerConfigKeys (ConfUtils.java:logGet(43)) - raft.server.rpc.timeout.max = 1200ms (custom)
2019-06-13 23:15:14,103 INFO  server.RaftServerConfigKeys (ConfUtils.java:logGet(43)) - raft.server.rpcslowness.timeout = 10s (custom)
2019-06-13 23:15:14,103 INFO  server.RaftServerConfigKeys (ConfUtils.java:logGet(43)) - raft.server.log.appender.install.snapshot.enabled = true (default)
2019-06-13 23:15:14,103 INFO  impl.RaftServerImpl (ServerState.java:<init>(101)) - fd800470-9ae8-40a7-bb28-2dddf5af8520:group-803D94E717A1 ConfigurationManager, init=-1: [fd800470-9ae8-40a7-bb28-2dddf5af8520:192.168.105.138:35277], old=null, confs=<EMPTY_MAP>
2019-06-13 23:15:14,103 INFO  server.RaftServerConfigKeys (ConfUtils.java:logGet(43)) - raft.server.storage.dir = [/opt/src/hadoop-ozone/integration-test/target/test-dir/MiniOzoneClusterImpl-5033b618-a738-471e-a9c2-283f34c50f71/datanode-4/data/ratis] (custom)
2019-06-13 23:15:14,103 INFO  storage.RaftStorageDirectory (RaftStorageDirectory.java:analyzeStorage(246)) - The storage directory /opt/src/hadoop-ozone/integration-test/target/test-dir/MiniOzoneClusterImpl-5033b618-a738-471e-a9c2-283f34c50f71/datanode-4/data/ratis/4eb47c7e-0085-4243-b147-803d94e717a1 does not exist. Creating ...
2019-06-13 23:15:14,112 INFO  storage.RaftStorageDirectory (RaftStorageDirectory.java:tryLock(328)) - Lock on /opt/src/hadoop-ozone/integration-test/target/test-dir/MiniOzoneClusterImpl-5033b618-a738-471e-a9c2-283f34c50f71/datanode-4/data/ratis/4eb47c7e-0085-4243-b147-803d94e717a1/in_use.lock acquired by nodename 10081@ozone-g79bc-2755786375
2019-06-13 23:15:14,116 INFO  storage.RaftStorage (RaftStorage.java:format(75)) - Storage directory /opt/src/hadoop-ozone/integration-test/target/test-dir/MiniOzoneClusterImpl-5033b618-a738-471e-a9c2-283f34c50f71/datanode-4/data/ratis/4eb47c7e-0085-4243-b147-803d94e717a1 has been successfully formatted.
2019-06-13 23:15:14,116 INFO  ratis.ContainerStateMachine (ContainerStateMachine.java:loadSnapshot(199)) - The snapshot info is null.Setting the last applied index to:(t:0, i:~)
2019-06-13 23:15:14,116 INFO  server.RaftServerConfigKeys (ConfUtils.java:logGet(43)) - raft.server.leader.election.timeout = 10s (custom)
2019-06-13 23:15:14,116 INFO  server.RaftServerConfigKeys (ConfUtils.java:logGet(43)) - raft.server.log.use.memory = false (default)
2019-06-13 23:15:14,116 INFO  server.RaftServerConfigKeys (ConfUtils.java:logGet(43)) - raft.server.log.appender.buffer.byte-limit = 33554432 (custom)
2019-06-13 23:15:14,117 INFO  server.RaftServerConfigKeys (ConfUtils.java:logGet(43)) - raft.server.log.segment.size.max = 16384 (custom)
2019-06-13 23:15:14,117 INFO  server.RaftServerConfigKeys (ConfUtils.java:logGet(43)) - raft.server.log.segment.cache.num.max = 2 (custom)
2019-06-13 23:15:14,117 INFO  storage.RaftLogWorker (RaftLogWorker.java:<init>(123)) - new fd800470-9ae8-40a7-bb28-2dddf5af8520-RaftLogWorker for Storage Directory /opt/src/hadoop-ozone/integration-test/target/test-dir/MiniOzoneClusterImpl-5033b618-a738-471e-a9c2-283f34c50f71/datanode-4/data/ratis/4eb47c7e-0085-4243-b147-803d94e717a1
2019-06-13 23:15:14,117 INFO  server.RaftServerConfigKeys (ConfUtils.java:logGet(43)) - raft.server.log.queue.byte-limit = 2147483647 (custom)
2019-06-13 23:15:14,117 INFO  server.RaftServerConfigKeys (ConfUtils.java:logGet(43)) - raft.server.log.queue.element-limit = 1024 (custom)
2019-06-13 23:15:14,117 INFO  server.RaftServerConfigKeys (ConfUtils.java:logGet(43)) - raft.server.log.segment.size.max = 16384 (custom)
2019-06-13 23:15:14,118 INFO  server.RaftServerConfigKeys (ConfUtils.java:logGet(43)) - raft.server.log.preallocated.size = 16384 (custom)
2019-06-13 23:15:14,118 INFO  server.RaftServerConfigKeys (ConfUtils.java:logGet(43)) - raft.server.log.write.buffer.size = 33554432 (custom)
2019-06-13 23:15:14,118 INFO  server.RaftServerConfigKeys (ConfUtils.java:logGet(43)) - raft.server.log.force.sync.num = 128 (default)
2019-06-13 23:15:14,118 INFO  server.RaftServerConfigKeys (ConfUtils.java:logGet(43)) - raft.server.log.statemachine.data.sync = true (default)
2019-06-13 23:15:14,118 INFO  server.RaftServerConfigKeys (ConfUtils.java:logGet(43)) - raft.server.log.statemachine.data.sync.timeout = 10s (default)
2019-06-13 23:15:14,118 INFO  server.RaftServerConfigKeys (ConfUtils.java:logGet(43)) - raft.server.log.statemachine.data.sync.timeout.retry = -1 (default)
2019-06-13 23:15:14,118 INFO  server.RaftServerConfigKeys (ConfUtils.java:logGet(43)) - raft.server.log.statemachine.data.caching.enabled = true (custom)
2019-06-13 23:15:14,123 INFO  server.RaftServerConfigKeys (ConfUtils.java:logGet(43)) - raft.server.snapshot.auto.trigger.enabled = true (custom)
2019-06-13 23:15:14,123 INFO  server.RaftServerConfigKeys (ConfUtils.java:logGet(43)) - raft.server.snapshot.auto.trigger.threshold = 10000 (custom)
2019-06-13 23:15:14,123 INFO  server.RaftServerConfigKeys (ConfUtils.java:logGet(43)) - raft.server.retrycache.expirytime = 600000ms (custom)
2019-06-13 23:15:14,124 INFO  impl.RaftServerImpl (RaftServerImpl.java:start(173)) - fd800470-9ae8-40a7-bb28-2dddf5af8520: start group-803D94E717A1
2019-06-13 23:15:14,131 INFO  impl.RaftServerImpl (RaftServerImpl.java:setRole(164)) - fd800470-9ae8-40a7-bb28-2dddf5af8520:group-803D94E717A1 changes role from null to FOLLOWER at term 0 for startAsFollower
2019-06-13 23:15:14,132 INFO  impl.RoleInfo (RoleInfo.java:updateAndGet(143)) - fd800470-9ae8-40a7-bb28-2dddf5af8520: start FollowerState
2019-06-13 23:15:14,133 INFO  util.JmxRegister (JmxRegister.java:tryRegister(44)) - Successfully registered JMX Bean with object name Ratis:service=RaftServer,group=group-803D94E717A1,id=fd800470-9ae8-40a7-bb28-2dddf5af8520
2019-06-13 23:15:14,149 INFO  pipeline.PipelineStateManager (PipelineStateManager.java:addPipeline(56)) - Created pipeline Pipeline[ Id: 4eb47c7e-0085-4243-b147-803d94e717a1, Nodes: fd800470-9ae8-40a7-bb28-2dddf5af8520{ip: 192.168.105.138, host: ozone-g79bc-2755786375, networkLocation: /default-rack, certSerialId: null}, Type:RATIS, Factor:ONE, State:OPEN]
2019-06-13 23:15:14,259 INFO  ozone.MiniOzoneClusterImpl (MiniOzoneClusterImpl.java:lambda$waitForClusterToBeReady$0(142)) - Waiting for cluster to be ready. Got 5 of 6 DN Heartbeats.
2019-06-13 23:15:14,263 INFO  node.SCMNodeManager (SCMNodeManager.java:register(234)) - Registered Data node : 1b3b9ecb-a3e2-491c-90f4-b30a68124217{ip: 192.168.105.138, host: ozone-g79bc-2755786375, networkLocation: /default-rack, certSerialId: null}
2019-06-13 23:15:14,274 INFO  impl.RaftServerProxy (RaftServerProxy.java:addNew(89)) - 1b3b9ecb-a3e2-491c-90f4-b30a68124217: addNew group-BCD55AFCA2F1:[1b3b9ecb-a3e2-491c-90f4-b30a68124217:192.168.105.138:41443] returns group-BCD55AFCA2F1:java.util.concurrent.CompletableFuture@3f218ac9[Not completed]
2019-06-13 23:15:14,275 INFO  impl.RaftServerImpl (RaftServerImpl.java:<init>(91)) - 1b3b9ecb-a3e2-491c-90f4-b30a68124217: new RaftServerImpl for group-BCD55AFCA2F1:[1b3b9ecb-a3e2-491c-90f4-b30a68124217:192.168.105.138:41443] with ContainerStateMachine:uninitialized
2019-06-13 23:15:14,275 INFO  server.RaftServerConfigKeys (ConfUtils.java:logGet(43)) - raft.server.rpc.timeout.min = 1s (custom)
2019-06-13 23:15:14,275 INFO  server.RaftServerConfigKeys (ConfUtils.java:logGet(43)) - raft.server.rpc.timeout.max = 1200ms (custom)
2019-06-13 23:15:14,276 INFO  server.RaftServerConfigKeys (ConfUtils.java:logGet(43)) - raft.server.rpcslowness.timeout = 10s (custom)
2019-06-13 23:15:14,276 INFO  server.RaftServerConfigKeys (ConfUtils.java:logGet(43)) - raft.server.log.appender.install.snapshot.enabled = true (default)
2019-06-13 23:15:14,276 INFO  impl.RaftServerImpl (ServerState.java:<init>(101)) - 1b3b9ecb-a3e2-491c-90f4-b30a68124217:group-BCD55AFCA2F1 ConfigurationManager, init=-1: [1b3b9ecb-a3e2-491c-90f4-b30a68124217:192.168.105.138:41443], old=null, confs=<EMPTY_MAP>
2019-06-13 23:15:14,276 INFO  server.RaftServerConfigKeys (ConfUtils.java:logGet(43)) - raft.server.storage.dir = [/opt/src/hadoop-ozone/integration-test/target/test-dir/MiniOzoneClusterImpl-5033b618-a738-471e-a9c2-283f34c50f71/datanode-5/data/ratis] (custom)
2019-06-13 23:15:14,276 INFO  storage.RaftStorageDirectory (RaftStorageDirectory.java:analyzeStorage(246)) - The storage directory /opt/src/hadoop-ozone/integration-test/target/test-dir/MiniOzoneClusterImpl-5033b618-a738-471e-a9c2-283f34c50f71/datanode-5/data/ratis/06e612ad-4892-49e5-95e4-bcd55afca2f1 does not exist. Creating ...
2019-06-13 23:15:14,285 INFO  storage.RaftStorageDirectory (RaftStorageDirectory.java:tryLock(328)) - Lock on /opt/src/hadoop-ozone/integration-test/target/test-dir/MiniOzoneClusterImpl-5033b618-a738-471e-a9c2-283f34c50f71/datanode-5/data/ratis/06e612ad-4892-49e5-95e4-bcd55afca2f1/in_use.lock acquired by nodename 10081@ozone-g79bc-2755786375
2019-06-13 23:15:14,288 INFO  storage.RaftStorage (RaftStorage.java:format(75)) - Storage directory /opt/src/hadoop-ozone/integration-test/target/test-dir/MiniOzoneClusterImpl-5033b618-a738-471e-a9c2-283f34c50f71/datanode-5/data/ratis/06e612ad-4892-49e5-95e4-bcd55afca2f1 has been successfully formatted.
2019-06-13 23:15:14,288 INFO  ratis.ContainerStateMachine (ContainerStateMachine.java:loadSnapshot(199)) - The snapshot info is null.Setting the last applied index to:(t:0, i:~)
2019-06-13 23:15:14,289 INFO  server.RaftServerConfigKeys (ConfUtils.java:logGet(43)) - raft.server.leader.election.timeout = 10s (custom)
2019-06-13 23:15:14,289 INFO  server.RaftServerConfigKeys (ConfUtils.java:logGet(43)) - raft.server.log.use.memory = false (default)
2019-06-13 23:15:14,289 INFO  server.RaftServerConfigKeys (ConfUtils.java:logGet(43)) - raft.server.log.appender.buffer.byte-limit = 33554432 (custom)
2019-06-13 23:15:14,289 INFO  server.RaftServerConfigKeys (ConfUtils.java:logGet(43)) - raft.server.log.segment.size.max = 16384 (custom)
2019-06-13 23:15:14,289 INFO  server.RaftServerConfigKeys (ConfUtils.java:logGet(43)) - raft.server.log.segment.cache.num.max = 2 (custom)
2019-06-13 23:15:14,289 INFO  storage.RaftLogWorker (RaftLogWorker.java:<init>(123)) - new 1b3b9ecb-a3e2-491c-90f4-b30a68124217-RaftLogWorker for Storage Directory /opt/src/hadoop-ozone/integration-test/target/test-dir/MiniOzoneClusterImpl-5033b618-a738-471e-a9c2-283f34c50f71/datanode-5/data/ratis/06e612ad-4892-49e5-95e4-bcd55afca2f1
2019-06-13 23:15:14,289 INFO  server.RaftServerConfigKeys (ConfUtils.java:logGet(43)) - raft.server.log.queue.byte-limit = 2147483647 (custom)
2019-06-13 23:15:14,289 INFO  server.RaftServerConfigKeys (ConfUtils.java:logGet(43)) - raft.server.log.queue.element-limit = 1024 (custom)
2019-06-13 23:15:14,289 INFO  server.RaftServerConfigKeys (ConfUtils.java:logGet(43)) - raft.server.log.segment.size.max = 16384 (custom)
2019-06-13 23:15:14,289 INFO  server.RaftServerConfigKeys (ConfUtils.java:logGet(43)) - raft.server.log.preallocated.size = 16384 (custom)
2019-06-13 23:15:14,289 INFO  server.RaftServerConfigKeys (ConfUtils.java:logGet(43)) - raft.server.log.write.buffer.size = 33554432 (custom)
2019-06-13 23:15:14,290 INFO  server.RaftServerConfigKeys (ConfUtils.java:logGet(43)) - raft.server.log.force.sync.num = 128 (default)
2019-06-13 23:15:14,290 INFO  server.RaftServerConfigKeys (ConfUtils.java:logGet(43)) - raft.server.log.statemachine.data.sync = true (default)
2019-06-13 23:15:14,290 INFO  server.RaftServerConfigKeys (ConfUtils.java:logGet(43)) - raft.server.log.statemachine.data.sync.timeout = 10s (default)
2019-06-13 23:15:14,290 INFO  server.RaftServerConfigKeys (ConfUtils.java:logGet(43)) - raft.server.log.statemachine.data.sync.timeout.retry = -1 (default)
2019-06-13 23:15:14,290 INFO  server.RaftServerConfigKeys (ConfUtils.java:logGet(43)) - raft.server.log.statemachine.data.caching.enabled = true (custom)
2019-06-13 23:15:14,291 INFO  server.RaftServerConfigKeys (ConfUtils.java:logGet(43)) - raft.server.snapshot.auto.trigger.enabled = true (custom)
2019-06-13 23:15:14,291 INFO  server.RaftServerConfigKeys (ConfUtils.java:logGet(43)) - raft.server.snapshot.auto.trigger.threshold = 10000 (custom)
2019-06-13 23:15:14,291 INFO  server.RaftServerConfigKeys (ConfUtils.java:logGet(43)) - raft.server.retrycache.expirytime = 600000ms (custom)
2019-06-13 23:15:14,292 INFO  impl.RaftServerImpl (RaftServerImpl.java:start(173)) - 1b3b9ecb-a3e2-491c-90f4-b30a68124217: start group-BCD55AFCA2F1
2019-06-13 23:15:14,292 INFO  impl.RaftServerImpl (RaftServerImpl.java:setRole(164)) - 1b3b9ecb-a3e2-491c-90f4-b30a68124217:group-BCD55AFCA2F1 changes role from null to FOLLOWER at term 0 for startAsFollower
2019-06-13 23:15:14,292 INFO  impl.RoleInfo (RoleInfo.java:updateAndGet(143)) - 1b3b9ecb-a3e2-491c-90f4-b30a68124217: start FollowerState
2019-06-13 23:15:14,292 INFO  util.JmxRegister (JmxRegister.java:tryRegister(44)) - Successfully registered JMX Bean with object name Ratis:service=RaftServer,group=group-BCD55AFCA2F1,id=1b3b9ecb-a3e2-491c-90f4-b30a68124217
2019-06-13 23:15:14,303 INFO  pipeline.PipelineStateManager (PipelineStateManager.java:addPipeline(56)) - Created pipeline Pipeline[ Id: 06e612ad-4892-49e5-95e4-bcd55afca2f1, Nodes: 1b3b9ecb-a3e2-491c-90f4-b30a68124217{ip: 192.168.105.138, host: ozone-g79bc-2755786375, networkLocation: /default-rack, certSerialId: null}, Type:RATIS, Factor:ONE, State:OPEN]
2019-06-13 23:15:14,327 INFO  impl.RaftServerProxy (RaftServerProxy.java:addNew(89)) - fd800470-9ae8-40a7-bb28-2dddf5af8520: addNew group-BE0F8AADF091:[1b3b9ecb-a3e2-491c-90f4-b30a68124217:192.168.105.138:41443, fd800470-9ae8-40a7-bb28-2dddf5af8520:192.168.105.138:35277, da37df7c-971a-4610-9bb3-6c11cb6e9240:192.168.105.138:42135] returns group-BE0F8AADF091:java.util.concurrent.CompletableFuture@82b755f[Not completed]
2019-06-13 23:15:14,330 INFO  impl.RaftServerImpl (RaftServerImpl.java:<init>(91)) - fd800470-9ae8-40a7-bb28-2dddf5af8520: new RaftServerImpl for group-BE0F8AADF091:[1b3b9ecb-a3e2-491c-90f4-b30a68124217:192.168.105.138:41443, fd800470-9ae8-40a7-bb28-2dddf5af8520:192.168.105.138:35277, da37df7c-971a-4610-9bb3-6c11cb6e9240:192.168.105.138:42135] with ContainerStateMachine:uninitialized
2019-06-13 23:15:14,330 INFO  server.RaftServerConfigKeys (ConfUtils.java:logGet(43)) - raft.server.rpc.timeout.min = 1s (custom)
2019-06-13 23:15:14,330 INFO  server.RaftServerConfigKeys (ConfUtils.java:logGet(43)) - raft.server.rpc.timeout.max = 1200ms (custom)
2019-06-13 23:15:14,330 INFO  server.RaftServerConfigKeys (ConfUtils.java:logGet(43)) - raft.server.rpcslowness.timeout = 10s (custom)
2019-06-13 23:15:14,330 INFO  server.RaftServerConfigKeys (ConfUtils.java:logGet(43)) - raft.server.log.appender.install.snapshot.enabled = true (default)
2019-06-13 23:15:14,330 INFO  impl.RaftServerImpl (ServerState.java:<init>(101)) - fd800470-9ae8-40a7-bb28-2dddf5af8520:group-BE0F8AADF091 ConfigurationManager, init=-1: [1b3b9ecb-a3e2-491c-90f4-b30a68124217:192.168.105.138:41443, fd800470-9ae8-40a7-bb28-2dddf5af8520:192.168.105.138:35277, da37df7c-971a-4610-9bb3-6c11cb6e9240:192.168.105.138:42135], old=null, confs=<EMPTY_MAP>
2019-06-13 23:15:14,331 INFO  server.RaftServerConfigKeys (ConfUtils.java:logGet(43)) - raft.server.storage.dir = [/opt/src/hadoop-ozone/integration-test/target/test-dir/MiniOzoneClusterImpl-5033b618-a738-471e-a9c2-283f34c50f71/datanode-4/data/ratis] (custom)
2019-06-13 23:15:14,331 INFO  storage.RaftStorageDirectory (RaftStorageDirectory.java:analyzeStorage(246)) - The storage directory /opt/src/hadoop-ozone/integration-test/target/test-dir/MiniOzoneClusterImpl-5033b618-a738-471e-a9c2-283f34c50f71/datanode-4/data/ratis/ddc04c18-b189-43a4-9654-be0f8aadf091 does not exist. Creating ...
2019-06-13 23:15:14,338 INFO  storage.RaftStorageDirectory (RaftStorageDirectory.java:tryLock(328)) - Lock on /opt/src/hadoop-ozone/integration-test/target/test-dir/MiniOzoneClusterImpl-5033b618-a738-471e-a9c2-283f34c50f71/datanode-4/data/ratis/ddc04c18-b189-43a4-9654-be0f8aadf091/in_use.lock acquired by nodename 10081@ozone-g79bc-2755786375
2019-06-13 23:15:14,339 INFO  impl.RaftServerProxy (RaftServerProxy.java:addNew(89)) - 1b3b9ecb-a3e2-491c-90f4-b30a68124217: addNew group-BE0F8AADF091:[1b3b9ecb-a3e2-491c-90f4-b30a68124217:192.168.105.138:41443, fd800470-9ae8-40a7-bb28-2dddf5af8520:192.168.105.138:35277, da37df7c-971a-4610-9bb3-6c11cb6e9240:192.168.105.138:42135] returns group-BE0F8AADF091:java.util.concurrent.CompletableFuture@3b6fd151[Not completed]
2019-06-13 23:15:14,340 INFO  impl.RaftServerImpl (RaftServerImpl.java:<init>(91)) - da37df7c-971a-4610-9bb3-6c11cb6e9240: new RaftServerImpl for group-BE0F8AADF091:[1b3b9ecb-a3e2-491c-90f4-b30a68124217:192.168.105.138:41443, fd800470-9ae8-40a7-bb28-2dddf5af8520:192.168.105.138:35277, da37df7c-971a-4610-9bb3-6c11cb6e9240:192.168.105.138:42135] with ContainerStateMachine:uninitialized
2019-06-13 23:15:14,340 INFO  server.RaftServerConfigKeys (ConfUtils.java:logGet(43)) - raft.server.rpc.timeout.min = 1s (custom)
2019-06-13 23:15:14,341 INFO  server.RaftServerConfigKeys (ConfUtils.java:logGet(43)) - raft.server.rpc.timeout.max = 1200ms (custom)
2019-06-13 23:15:14,341 INFO  server.RaftServerConfigKeys (ConfUtils.java:logGet(43)) - raft.server.rpcslowness.timeout = 10s (custom)
2019-06-13 23:15:14,341 INFO  server.RaftServerConfigKeys (ConfUtils.java:logGet(43)) - raft.server.log.appender.install.snapshot.enabled = true (default)
2019-06-13 23:15:14,341 INFO  impl.RaftServerImpl (ServerState.java:<init>(101)) - da37df7c-971a-4610-9bb3-6c11cb6e9240:group-BE0F8AADF091 ConfigurationManager, init=-1: [1b3b9ecb-a3e2-491c-90f4-b30a68124217:192.168.105.138:41443, fd800470-9ae8-40a7-bb28-2dddf5af8520:192.168.105.138:35277, da37df7c-971a-4610-9bb3-6c11cb6e9240:192.168.105.138:42135], old=null, confs=<EMPTY_MAP>
2019-06-13 23:15:14,341 INFO  server.RaftServerConfigKeys (ConfUtils.java:logGet(43)) - raft.server.storage.dir = [/opt/src/hadoop-ozone/integration-test/target/test-dir/MiniOzoneClusterImpl-5033b618-a738-471e-a9c2-283f34c50f71/datanode-3/data/ratis] (custom)
2019-06-13 23:15:14,342 INFO  storage.RaftStorageDirectory (RaftStorageDirectory.java:analyzeStorage(246)) - The storage directory /opt/src/hadoop-ozone/integration-test/target/test-dir/MiniOzoneClusterImpl-5033b618-a738-471e-a9c2-283f34c50f71/datanode-3/data/ratis/ddc04c18-b189-43a4-9654-be0f8aadf091 does not exist. Creating ...
2019-06-13 23:15:14,339 INFO  impl.RaftServerProxy (RaftServerProxy.java:addNew(89)) - da37df7c-971a-4610-9bb3-6c11cb6e9240: addNew group-BE0F8AADF091:[1b3b9ecb-a3e2-491c-90f4-b30a68124217:192.168.105.138:41443, fd800470-9ae8-40a7-bb28-2dddf5af8520:192.168.105.138:35277, da37df7c-971a-4610-9bb3-6c11cb6e9240:192.168.105.138:42135] returns group-BE0F8AADF091:java.util.concurrent.CompletableFuture@78750749[Not completed]
2019-06-13 23:15:14,343 INFO  impl.RaftServerImpl (RaftServerImpl.java:<init>(91)) - 1b3b9ecb-a3e2-491c-90f4-b30a68124217: new RaftServerImpl for group-BE0F8AADF091:[1b3b9ecb-a3e2-491c-90f4-b30a68124217:192.168.105.138:41443, fd800470-9ae8-40a7-bb28-2dddf5af8520:192.168.105.138:35277, da37df7c-971a-4610-9bb3-6c11cb6e9240:192.168.105.138:42135] with ContainerStateMachine:uninitialized
2019-06-13 23:15:14,343 INFO  server.RaftServerConfigKeys (ConfUtils.java:logGet(43)) - raft.server.rpc.timeout.min = 1s (custom)
2019-06-13 23:15:14,343 INFO  server.RaftServerConfigKeys (ConfUtils.java:logGet(43)) - raft.server.rpc.timeout.max = 1200ms (custom)
2019-06-13 23:15:14,343 INFO  server.RaftServerConfigKeys (ConfUtils.java:logGet(43)) - raft.server.rpcslowness.timeout = 10s (custom)
2019-06-13 23:15:14,344 INFO  server.RaftServerConfigKeys (ConfUtils.java:logGet(43)) - raft.server.log.appender.install.snapshot.enabled = true (default)
2019-06-13 23:15:14,344 INFO  impl.RaftServerImpl (ServerState.java:<init>(101)) - 1b3b9ecb-a3e2-491c-90f4-b30a68124217:group-BE0F8AADF091 ConfigurationManager, init=-1: [1b3b9ecb-a3e2-491c-90f4-b30a68124217:192.168.105.138:41443, fd800470-9ae8-40a7-bb28-2dddf5af8520:192.168.105.138:35277, da37df7c-971a-4610-9bb3-6c11cb6e9240:192.168.105.138:42135], old=null, confs=<EMPTY_MAP>
2019-06-13 23:15:14,344 INFO  server.RaftServerConfigKeys (ConfUtils.java:logGet(43)) - raft.server.storage.dir = [/opt/src/hadoop-ozone/integration-test/target/test-dir/MiniOzoneClusterImpl-5033b618-a738-471e-a9c2-283f34c50f71/datanode-5/data/ratis] (custom)
2019-06-13 23:15:14,344 INFO  storage.RaftStorageDirectory (RaftStorageDirectory.java:analyzeStorage(246)) - The storage directory /opt/src/hadoop-ozone/integration-test/target/test-dir/MiniOzoneClusterImpl-5033b618-a738-471e-a9c2-283f34c50f71/datanode-5/data/ratis/ddc04c18-b189-43a4-9654-be0f8aadf091 does not exist. Creating ...
2019-06-13 23:15:14,345 INFO  storage.RaftStorage (RaftStorage.java:format(75)) - Storage directory /opt/src/hadoop-ozone/integration-test/target/test-dir/MiniOzoneClusterImpl-5033b618-a738-471e-a9c2-283f34c50f71/datanode-4/data/ratis/ddc04c18-b189-43a4-9654-be0f8aadf091 has been successfully formatted.
2019-06-13 23:15:14,345 INFO  ratis.ContainerStateMachine (ContainerStateMachine.java:loadSnapshot(199)) - The snapshot info is null.Setting the last applied index to:(t:0, i:~)
2019-06-13 23:15:14,346 INFO  server.RaftServerConfigKeys (ConfUtils.java:logGet(43)) - raft.server.leader.election.timeout = 10s (custom)
2019-06-13 23:15:14,346 INFO  server.RaftServerConfigKeys (ConfUtils.java:logGet(43)) - raft.server.log.use.memory = false (default)
2019-06-13 23:15:14,346 INFO  server.RaftServerConfigKeys (ConfUtils.java:logGet(43)) - raft.server.log.appender.buffer.byte-limit = 33554432 (custom)
2019-06-13 23:15:14,346 INFO  server.RaftServerConfigKeys (ConfUtils.java:logGet(43)) - raft.server.log.segment.size.max = 16384 (custom)
2019-06-13 23:15:14,346 INFO  server.RaftServerConfigKeys (ConfUtils.java:logGet(43)) - raft.server.log.segment.cache.num.max = 2 (custom)
2019-06-13 23:15:14,346 INFO  storage.RaftLogWorker (RaftLogWorker.java:<init>(123)) - new fd800470-9ae8-40a7-bb28-2dddf5af8520-RaftLogWorker for Storage Directory /opt/src/hadoop-ozone/integration-test/target/test-dir/MiniOzoneClusterImpl-5033b618-a738-471e-a9c2-283f34c50f71/datanode-4/data/ratis/ddc04c18-b189-43a4-9654-be0f8aadf091
2019-06-13 23:15:14,346 INFO  server.RaftServerConfigKeys (ConfUtils.java:logGet(43)) - raft.server.log.queue.byte-limit = 2147483647 (custom)
2019-06-13 23:15:14,346 INFO  server.RaftServerConfigKeys (ConfUtils.java:logGet(43)) - raft.server.log.queue.element-limit = 1024 (custom)
2019-06-13 23:15:14,347 INFO  server.RaftServerConfigKeys (ConfUtils.java:logGet(43)) - raft.server.log.segment.size.max = 16384 (custom)
2019-06-13 23:15:14,347 INFO  server.RaftServerConfigKeys (ConfUtils.java:logGet(43)) - raft.server.log.preallocated.size = 16384 (custom)
2019-06-13 23:15:14,347 INFO  server.RaftServerConfigKeys (ConfUtils.java:logGet(43)) - raft.server.log.write.buffer.size = 33554432 (custom)
2019-06-13 23:15:14,347 INFO  server.RaftServerConfigKeys (ConfUtils.java:logGet(43)) - raft.server.log.force.sync.num = 128 (default)
2019-06-13 23:15:14,347 INFO  server.RaftServerConfigKeys (ConfUtils.java:logGet(43)) - raft.server.log.statemachine.data.sync = true (default)
2019-06-13 23:15:14,347 INFO  server.RaftServerConfigKeys (ConfUtils.java:logGet(43)) - raft.server.log.statemachine.data.sync.timeout = 10s (default)
2019-06-13 23:15:14,347 INFO  server.RaftServerConfigKeys (ConfUtils.java:logGet(43)) - raft.server.log.statemachine.data.sync.timeout.retry = -1 (default)
2019-06-13 23:15:14,347 INFO  server.RaftServerConfigKeys (ConfUtils.java:logGet(43)) - raft.server.log.statemachine.data.caching.enabled = true (custom)
2019-06-13 23:15:14,347 INFO  storage.RaftStorageDirectory (RaftStorageDirectory.java:tryLock(328)) - Lock on /opt/src/hadoop-ozone/integration-test/target/test-dir/MiniOzoneClusterImpl-5033b618-a738-471e-a9c2-283f34c50f71/datanode-3/data/ratis/ddc04c18-b189-43a4-9654-be0f8aadf091/in_use.lock acquired by nodename 10081@ozone-g79bc-2755786375
2019-06-13 23:15:14,348 INFO  server.RaftServerConfigKeys (ConfUtils.java:logGet(43)) - raft.server.snapshot.auto.trigger.enabled = true (custom)
2019-06-13 23:15:14,349 INFO  server.RaftServerConfigKeys (ConfUtils.java:logGet(43)) - raft.server.snapshot.auto.trigger.threshold = 10000 (custom)
2019-06-13 23:15:14,349 INFO  server.RaftServerConfigKeys (ConfUtils.java:logGet(43)) - raft.server.retrycache.expirytime = 600000ms (custom)
2019-06-13 23:15:14,349 INFO  impl.RaftServerImpl (RaftServerImpl.java:start(173)) - fd800470-9ae8-40a7-bb28-2dddf5af8520: start group-BE0F8AADF091
2019-06-13 23:15:14,349 INFO  impl.RaftServerImpl (RaftServerImpl.java:setRole(164)) - fd800470-9ae8-40a7-bb28-2dddf5af8520:group-BE0F8AADF091 changes role from null to FOLLOWER at term 0 for startAsFollower
2019-06-13 23:15:14,349 INFO  impl.RoleInfo (RoleInfo.java:updateAndGet(143)) - fd800470-9ae8-40a7-bb28-2dddf5af8520: start FollowerState
2019-06-13 23:15:14,352 INFO  storage.RaftStorageDirectory (RaftStorageDirectory.java:tryLock(328)) - Lock on /opt/src/hadoop-ozone/integration-test/target/test-dir/MiniOzoneClusterImpl-5033b618-a738-471e-a9c2-283f34c50f71/datanode-5/data/ratis/ddc04c18-b189-43a4-9654-be0f8aadf091/in_use.lock acquired by nodename 10081@ozone-g79bc-2755786375
2019-06-13 23:15:14,352 INFO  storage.RaftStorage (RaftStorage.java:format(75)) - Storage directory /opt/src/hadoop-ozone/integration-test/target/test-dir/MiniOzoneClusterImpl-5033b618-a738-471e-a9c2-283f34c50f71/datanode-3/data/ratis/ddc04c18-b189-43a4-9654-be0f8aadf091 has been successfully formatted.
2019-06-13 23:15:14,352 INFO  ratis.ContainerStateMachine (ContainerStateMachine.java:loadSnapshot(199)) - The snapshot info is null.Setting the last applied index to:(t:0, i:~)
2019-06-13 23:15:14,352 INFO  server.RaftServerConfigKeys (ConfUtils.java:logGet(43)) - raft.server.leader.election.timeout = 10s (custom)
2019-06-13 23:15:14,353 INFO  server.RaftServerConfigKeys (ConfUtils.java:logGet(43)) - raft.server.log.use.memory = false (default)
2019-06-13 23:15:14,353 INFO  server.RaftServerConfigKeys (ConfUtils.java:logGet(43)) - raft.server.log.appender.buffer.byte-limit = 33554432 (custom)
2019-06-13 23:15:14,353 INFO  server.RaftServerConfigKeys (ConfUtils.java:logGet(43)) - raft.server.log.segment.size.max = 16384 (custom)
2019-06-13 23:15:14,353 INFO  server.RaftServerConfigKeys (ConfUtils.java:logGet(43)) - raft.server.log.segment.cache.num.max = 2 (custom)
2019-06-13 23:15:14,353 INFO  storage.RaftLogWorker (RaftLogWorker.java:<init>(123)) - new da37df7c-971a-4610-9bb3-6c11cb6e9240-RaftLogWorker for Storage Directory /opt/src/hadoop-ozone/integration-test/target/test-dir/MiniOzoneClusterImpl-5033b618-a738-471e-a9c2-283f34c50f71/datanode-3/data/ratis/ddc04c18-b189-43a4-9654-be0f8aadf091
2019-06-13 23:15:14,353 INFO  server.RaftServerConfigKeys (ConfUtils.java:logGet(43)) - raft.server.log.queue.byte-limit = 2147483647 (custom)
2019-06-13 23:15:14,353 INFO  server.RaftServerConfigKeys (ConfUtils.java:logGet(43)) - raft.server.log.queue.element-limit = 1024 (custom)
2019-06-13 23:15:14,353 INFO  server.RaftServerConfigKeys (ConfUtils.java:logGet(43)) - raft.server.log.segment.size.max = 16384 (custom)
2019-06-13 23:15:14,353 INFO  server.RaftServerConfigKeys (ConfUtils.java:logGet(43)) - raft.server.log.preallocated.size = 16384 (custom)
2019-06-13 23:15:14,353 INFO  server.RaftServerConfigKeys (ConfUtils.java:logGet(43)) - raft.server.log.write.buffer.size = 33554432 (custom)
2019-06-13 23:15:14,354 INFO  server.RaftServerConfigKeys (ConfUtils.java:logGet(43)) - raft.server.log.force.sync.num = 128 (default)
2019-06-13 23:15:14,354 INFO  server.RaftServerConfigKeys (ConfUtils.java:logGet(43)) - raft.server.log.statemachine.data.sync = true (default)
2019-06-13 23:15:14,354 INFO  server.RaftServerConfigKeys (ConfUtils.java:logGet(43)) - raft.server.log.statemachine.data.sync.timeout = 10s (default)
2019-06-13 23:15:14,354 INFO  server.RaftServerConfigKeys (ConfUtils.java:logGet(43)) - raft.server.log.statemachine.data.sync.timeout.retry = -1 (default)
2019-06-13 23:15:14,354 INFO  server.RaftServerConfigKeys (ConfUtils.java:logGet(43)) - raft.server.log.statemachine.data.caching.enabled = true (custom)
2019-06-13 23:15:14,355 INFO  util.JmxRegister (JmxRegister.java:tryRegister(44)) - Successfully registered JMX Bean with object name Ratis:service=RaftServer,group=group-BE0F8AADF091,id=fd800470-9ae8-40a7-bb28-2dddf5af8520
2019-06-13 23:15:14,355 INFO  server.RaftServerConfigKeys (ConfUtils.java:logGet(43)) - raft.server.snapshot.auto.trigger.enabled = true (custom)
2019-06-13 23:15:14,355 INFO  storage.RaftStorage (RaftStorage.java:format(75)) - Storage directory /opt/src/hadoop-ozone/integration-test/target/test-dir/MiniOzoneClusterImpl-5033b618-a738-471e-a9c2-283f34c50f71/datanode-5/data/ratis/ddc04c18-b189-43a4-9654-be0f8aadf091 has been successfully formatted.
2019-06-13 23:15:14,355 INFO  ratis.ContainerStateMachine (ContainerStateMachine.java:loadSnapshot(199)) - The snapshot info is null.Setting the last applied index to:(t:0, i:~)
2019-06-13 23:15:14,355 INFO  server.RaftServerConfigKeys (ConfUtils.java:logGet(43)) - raft.server.snapshot.auto.trigger.threshold = 10000 (custom)
2019-06-13 23:15:14,355 INFO  server.RaftServerConfigKeys (ConfUtils.java:logGet(43)) - raft.server.leader.election.timeout = 10s (custom)
2019-06-13 23:15:14,355 INFO  server.RaftServerConfigKeys (ConfUtils.java:logGet(43)) - raft.server.retrycache.expirytime = 600000ms (custom)
2019-06-13 23:15:14,356 INFO  impl.RaftServerImpl (RaftServerImpl.java:start(173)) - da37df7c-971a-4610-9bb3-6c11cb6e9240: start group-BE0F8AADF091
2019-06-13 23:15:14,356 INFO  impl.RaftServerImpl (RaftServerImpl.java:setRole(164)) - da37df7c-971a-4610-9bb3-6c11cb6e9240:group-BE0F8AADF091 changes role from null to FOLLOWER at term 0 for startAsFollower
2019-06-13 23:15:14,355 INFO  server.RaftServerConfigKeys (ConfUtils.java:logGet(43)) - raft.server.log.use.memory = false (default)
2019-06-13 23:15:14,356 INFO  server.RaftServerConfigKeys (ConfUtils.java:logGet(43)) - raft.server.log.appender.buffer.byte-limit = 33554432 (custom)
2019-06-13 23:15:14,356 INFO  server.RaftServerConfigKeys (ConfUtils.java:logGet(43)) - raft.server.log.segment.size.max = 16384 (custom)
2019-06-13 23:15:14,356 INFO  server.RaftServerConfigKeys (ConfUtils.java:logGet(43)) - raft.server.log.segment.cache.num.max = 2 (custom)
2019-06-13 23:15:14,356 INFO  storage.RaftLogWorker (RaftLogWorker.java:<init>(123)) - new 1b3b9ecb-a3e2-491c-90f4-b30a68124217-RaftLogWorker for Storage Directory /opt/src/hadoop-ozone/integration-test/target/test-dir/MiniOzoneClusterImpl-5033b618-a738-471e-a9c2-283f34c50f71/datanode-5/data/ratis/ddc04c18-b189-43a4-9654-be0f8aadf091
2019-06-13 23:15:14,356 INFO  server.RaftServerConfigKeys (ConfUtils.java:logGet(43)) - raft.server.log.queue.byte-limit = 2147483647 (custom)
2019-06-13 23:15:14,356 INFO  server.RaftServerConfigKeys (ConfUtils.java:logGet(43)) - raft.server.log.queue.element-limit = 1024 (custom)
2019-06-13 23:15:14,356 INFO  server.RaftServerConfigKeys (ConfUtils.java:logGet(43)) - raft.server.log.segment.size.max = 16384 (custom)
2019-06-13 23:15:14,356 INFO  server.RaftServerConfigKeys (ConfUtils.java:logGet(43)) - raft.server.log.preallocated.size = 16384 (custom)
2019-06-13 23:15:14,357 INFO  server.RaftServerConfigKeys (ConfUtils.java:logGet(43)) - raft.server.log.write.buffer.size = 33554432 (custom)
2019-06-13 23:15:14,357 INFO  server.RaftServerConfigKeys (ConfUtils.java:logGet(43)) - raft.server.log.force.sync.num = 128 (default)
2019-06-13 23:15:14,357 INFO  server.RaftServerConfigKeys (ConfUtils.java:logGet(43)) - raft.server.log.statemachine.data.sync = true (default)
2019-06-13 23:15:14,357 INFO  server.RaftServerConfigKeys (ConfUtils.java:logGet(43)) - raft.server.log.statemachine.data.sync.timeout = 10s (default)
2019-06-13 23:15:14,357 INFO  server.RaftServerConfigKeys (ConfUtils.java:logGet(43)) - raft.server.log.statemachine.data.sync.timeout.retry = -1 (default)
2019-06-13 23:15:14,356 INFO  impl.RoleInfo (RoleInfo.java:updateAndGet(143)) - da37df7c-971a-4610-9bb3-6c11cb6e9240: start FollowerState
2019-06-13 23:15:14,366 INFO  server.RaftServerConfigKeys (ConfUtils.java:logGet(43)) - raft.server.log.statemachine.data.caching.enabled = true (custom)
2019-06-13 23:15:14,369 INFO  util.JmxRegister (JmxRegister.java:tryRegister(44)) - Successfully registered JMX Bean with object name Ratis:service=RaftServer,group=group-BE0F8AADF091,id=da37df7c-971a-4610-9bb3-6c11cb6e9240
2019-06-13 23:15:14,369 INFO  server.RaftServerConfigKeys (ConfUtils.java:logGet(43)) - raft.server.snapshot.auto.trigger.enabled = true (custom)
2019-06-13 23:15:14,369 INFO  server.RaftServerConfigKeys (ConfUtils.java:logGet(43)) - raft.server.snapshot.auto.trigger.threshold = 10000 (custom)
2019-06-13 23:15:14,369 INFO  server.RaftServerConfigKeys (ConfUtils.java:logGet(43)) - raft.server.retrycache.expirytime = 600000ms (custom)
2019-06-13 23:15:14,369 INFO  impl.RaftServerImpl (RaftServerImpl.java:start(173)) - 1b3b9ecb-a3e2-491c-90f4-b30a68124217: start group-BE0F8AADF091
2019-06-13 23:15:14,370 INFO  impl.RaftServerImpl (RaftServerImpl.java:setRole(164)) - 1b3b9ecb-a3e2-491c-90f4-b30a68124217:group-BE0F8AADF091 changes role from null to FOLLOWER at term 0 for startAsFollower
2019-06-13 23:15:14,370 INFO  impl.RoleInfo (RoleInfo.java:updateAndGet(143)) - 1b3b9ecb-a3e2-491c-90f4-b30a68124217: start FollowerState
2019-06-13 23:15:14,371 INFO  util.JmxRegister (JmxRegister.java:tryRegister(44)) - Successfully registered JMX Bean with object name Ratis:service=RaftServer,group=group-BE0F8AADF091,id=1b3b9ecb-a3e2-491c-90f4-b30a68124217
2019-06-13 23:15:14,391 INFO  pipeline.PipelineStateManager (PipelineStateManager.java:addPipeline(56)) - Created pipeline Pipeline[ Id: ddc04c18-b189-43a4-9654-be0f8aadf091, Nodes: fd800470-9ae8-40a7-bb28-2dddf5af8520{ip: 192.168.105.138, host: ozone-g79bc-2755786375, networkLocation: /default-rack, certSerialId: null}1b3b9ecb-a3e2-491c-90f4-b30a68124217{ip: 192.168.105.138, host: ozone-g79bc-2755786375, networkLocation: /default-rack, certSerialId: null}da37df7c-971a-4610-9bb3-6c11cb6e9240{ip: 192.168.105.138, host: ozone-g79bc-2755786375, networkLocation: /default-rack, certSerialId: null}, Type:RATIS, Factor:THREE, State:OPEN]
2019-06-13 23:15:14,769 INFO  impl.FollowerState (FollowerState.java:run(101)) - da973886-4694-4a25-bab4-cc61e7a46859:group-CC3B36AA1DE6 changes to CANDIDATE, lastRpcTime:1039, electionTimeout:1038ms
2019-06-13 23:15:14,769 INFO  impl.RoleInfo (RoleInfo.java:shutdownFollowerState(121)) - da973886-4694-4a25-bab4-cc61e7a46859: shutdown FollowerState
2019-06-13 23:15:14,769 INFO  impl.RaftServerImpl (RaftServerImpl.java:setRole(164)) - da973886-4694-4a25-bab4-cc61e7a46859:group-CC3B36AA1DE6 changes role from FOLLOWER to CANDIDATE at term 0 for changeToCandidate
2019-06-13 23:15:14,771 INFO  impl.RoleInfo (RoleInfo.java:updateAndGet(143)) - da973886-4694-4a25-bab4-cc61e7a46859: start LeaderElection
2019-06-13 23:15:14,778 INFO  impl.LeaderElection (LeaderElection.java:askForVotes(181)) - da973886-4694-4a25-bab4-cc61e7a46859:group-CC3B36AA1DE6:LeaderElection1: begin an election at term 1 for -1: [da973886-4694-4a25-bab4-cc61e7a46859:192.168.105.138:41085], old=null
2019-06-13 23:15:14,780 INFO  impl.RoleInfo (RoleInfo.java:shutdownLeaderElection(134)) - da973886-4694-4a25-bab4-cc61e7a46859: shutdown LeaderElection
2019-06-13 23:15:14,780 INFO  impl.RaftServerImpl (RaftServerImpl.java:setRole(164)) - da973886-4694-4a25-bab4-cc61e7a46859:group-CC3B36AA1DE6 changes role from CANDIDATE to LEADER at term 1 for changeToLeader
2019-06-13 23:15:14,780 INFO  impl.RaftServerImpl (ServerState.java:setLeader(263)) - da973886-4694-4a25-bab4-cc61e7a46859:group-CC3B36AA1DE6 change Leader from null to da973886-4694-4a25-bab4-cc61e7a46859 at term 1 for becomeLeader, leader elected after 1055ms
2019-06-13 23:15:14,785 INFO  server.RaftServerConfigKeys (ConfUtils.java:logGet(43)) - raft.server.staging.catchup.gap = 1000 (default)
2019-06-13 23:15:14,785 INFO  server.RaftServerConfigKeys (ConfUtils.java:logGet(43)) - raft.server.rpc.sleep.time = 25ms (default)
2019-06-13 23:15:14,787 INFO  server.RaftServerConfigKeys (ConfUtils.java:logGet(43)) - raft.server.watch.timeout = 10s (default)
2019-06-13 23:15:14,787 INFO  server.RaftServerConfigKeys (ConfUtils.java:logGet(43)) - raft.server.watch.timeout.denomination = 1s (default)
2019-06-13 23:15:14,792 INFO  impl.RoleInfo (RoleInfo.java:updateAndGet(143)) - da973886-4694-4a25-bab4-cc61e7a46859: start LeaderState
2019-06-13 23:15:14,805 INFO  storage.RaftLogWorker (RaftLogWorker.java:startLogSegment(298)) - da973886-4694-4a25-bab4-cc61e7a46859-RaftLogWorker: Starting segment from index:0
2019-06-13 23:15:14,815 INFO  impl.RaftServerImpl (ServerState.java:setRaftConf(361)) - da973886-4694-4a25-bab4-cc61e7a46859:group-CC3B36AA1DE6 set configuration 0: [da973886-4694-4a25-bab4-cc61e7a46859:192.168.105.138:41085], old=null at 0
2019-06-13 23:15:14,816 INFO  impl.FollowerState (FollowerState.java:run(101)) - 2ce3ecd0-c9ba-410d-8ace-b9841bd0871e:group-9AE386D2A6D5 changes to CANDIDATE, lastRpcTime:1189, electionTimeout:1187ms
2019-06-13 23:15:14,817 INFO  impl.RoleInfo (RoleInfo.java:shutdownFollowerState(121)) - 2ce3ecd0-c9ba-410d-8ace-b9841bd0871e: shutdown FollowerState
2019-06-13 23:15:14,817 INFO  impl.RaftServerImpl (RaftServerImpl.java:setRole(164)) - 2ce3ecd0-c9ba-410d-8ace-b9841bd0871e:group-9AE386D2A6D5 changes role from FOLLOWER to CANDIDATE at term 0 for changeToCandidate
2019-06-13 23:15:14,817 INFO  impl.RoleInfo (RoleInfo.java:updateAndGet(143)) - 2ce3ecd0-c9ba-410d-8ace-b9841bd0871e: start LeaderElection
2019-06-13 23:15:14,822 INFO  impl.LeaderElection (LeaderElection.java:askForVotes(181)) - 2ce3ecd0-c9ba-410d-8ace-b9841bd0871e:group-9AE386D2A6D5:LeaderElection2: begin an election at term 1 for -1: [2ce3ecd0-c9ba-410d-8ace-b9841bd0871e:192.168.105.138:42077], old=null
2019-06-13 23:15:14,822 INFO  impl.RoleInfo (RoleInfo.java:shutdownLeaderElection(134)) - 2ce3ecd0-c9ba-410d-8ace-b9841bd0871e: shutdown LeaderElection
2019-06-13 23:15:14,822 INFO  impl.RaftServerImpl (RaftServerImpl.java:setRole(164)) - 2ce3ecd0-c9ba-410d-8ace-b9841bd0871e:group-9AE386D2A6D5 changes role from CANDIDATE to LEADER at term 1 for changeToLeader
2019-06-13 23:15:14,822 INFO  impl.RaftServerImpl (ServerState.java:setLeader(263)) - 2ce3ecd0-c9ba-410d-8ace-b9841bd0871e:group-9AE386D2A6D5 change Leader from null to 2ce3ecd0-c9ba-410d-8ace-b9841bd0871e at term 1 for becomeLeader, leader elected after 1383ms
2019-06-13 23:15:14,822 INFO  server.RaftServerConfigKeys (ConfUtils.java:logGet(43)) - raft.server.staging.catchup.gap = 1000 (default)
2019-06-13 23:15:14,822 INFO  server.RaftServerConfigKeys (ConfUtils.java:logGet(43)) - raft.server.rpc.sleep.time = 25ms (default)
2019-06-13 23:15:14,822 INFO  server.RaftServerConfigKeys (ConfUtils.java:logGet(43)) - raft.server.watch.timeout = 10s (default)
2019-06-13 23:15:14,823 INFO  server.RaftServerConfigKeys (ConfUtils.java:logGet(43)) - raft.server.watch.timeout.denomination = 1s (default)
2019-06-13 23:15:14,823 INFO  impl.RoleInfo (RoleInfo.java:updateAndGet(143)) - 2ce3ecd0-c9ba-410d-8ace-b9841bd0871e: start LeaderState
2019-06-13 23:15:14,823 INFO  storage.RaftLogWorker (RaftLogWorker.java:startLogSegment(298)) - 2ce3ecd0-c9ba-410d-8ace-b9841bd0871e-RaftLogWorker: Starting segment from index:0
2019-06-13 23:15:14,825 INFO  impl.RaftServerImpl (ServerState.java:setRaftConf(361)) - 2ce3ecd0-c9ba-410d-8ace-b9841bd0871e:group-9AE386D2A6D5 set configuration 0: [2ce3ecd0-c9ba-410d-8ace-b9841bd0871e:192.168.105.138:42077], old=null at 0
2019-06-13 23:15:14,884 INFO  impl.FollowerState (FollowerState.java:run(101)) - da37df7c-971a-4610-9bb3-6c11cb6e9240:group-A29AD08C6400 changes to CANDIDATE, lastRpcTime:1003, electionTimeout:1003ms
2019-06-13 23:15:14,884 INFO  impl.RoleInfo (RoleInfo.java:shutdownFollowerState(121)) - da37df7c-971a-4610-9bb3-6c11cb6e9240: shutdown FollowerState
2019-06-13 23:15:14,884 INFO  impl.RaftServerImpl (RaftServerImpl.java:setRole(164)) - da37df7c-971a-4610-9bb3-6c11cb6e9240:group-A29AD08C6400 changes role from FOLLOWER to CANDIDATE at term 0 for changeToCandidate
2019-06-13 23:15:14,884 INFO  impl.RoleInfo (RoleInfo.java:updateAndGet(143)) - da37df7c-971a-4610-9bb3-6c11cb6e9240: start LeaderElection
2019-06-13 23:15:14,892 INFO  impl.LeaderElection (LeaderElection.java:askForVotes(181)) - da37df7c-971a-4610-9bb3-6c11cb6e9240:group-A29AD08C6400:LeaderElection3: begin an election at term 1 for -1: [da37df7c-971a-4610-9bb3-6c11cb6e9240:192.168.105.138:42135], old=null
2019-06-13 23:15:14,893 INFO  impl.RoleInfo (RoleInfo.java:shutdownLeaderElection(134)) - da37df7c-971a-4610-9bb3-6c11cb6e9240: shutdown LeaderElection
2019-06-13 23:15:14,893 INFO  impl.RaftServerImpl (RaftServerImpl.java:setRole(164)) - da37df7c-971a-4610-9bb3-6c11cb6e9240:group-A29AD08C6400 changes role from CANDIDATE to LEADER at term 1 for changeToLeader
2019-06-13 23:15:14,893 INFO  impl.RaftServerImpl (ServerState.java:setLeader(263)) - da37df7c-971a-4610-9bb3-6c11cb6e9240:group-A29AD08C6400 change Leader from null to da37df7c-971a-4610-9bb3-6c11cb6e9240 at term 1 for becomeLeader, leader elected after 1015ms
2019-06-13 23:15:14,894 INFO  server.RaftServerConfigKeys (ConfUtils.java:logGet(43)) - raft.server.staging.catchup.gap = 1000 (default)
2019-06-13 23:15:14,894 INFO  server.RaftServerConfigKeys (ConfUtils.java:logGet(43)) - raft.server.rpc.sleep.time = 25ms (default)
2019-06-13 23:15:14,894 INFO  server.RaftServerConfigKeys (ConfUtils.java:logGet(43)) - raft.server.watch.timeout = 10s (default)
2019-06-13 23:15:14,894 INFO  server.RaftServerConfigKeys (ConfUtils.java:logGet(43)) - raft.server.watch.timeout.denomination = 1s (default)
2019-06-13 23:15:14,894 INFO  impl.RoleInfo (RoleInfo.java:updateAndGet(143)) - da37df7c-971a-4610-9bb3-6c11cb6e9240: start LeaderState
2019-06-13 23:15:14,895 INFO  storage.RaftLogWorker (RaftLogWorker.java:startLogSegment(298)) - da37df7c-971a-4610-9bb3-6c11cb6e9240-RaftLogWorker: Starting segment from index:0
2019-06-13 23:15:14,895 INFO  impl.RaftServerImpl (ServerState.java:setRaftConf(361)) - da37df7c-971a-4610-9bb3-6c11cb6e9240:group-A29AD08C6400 set configuration 0: [da37df7c-971a-4610-9bb3-6c11cb6e9240:192.168.105.138:42135], old=null at 0
2019-06-13 23:15:14,905 INFO  impl.FollowerState (FollowerState.java:run(101)) - 70068589-cc9b-47e1-97e4-c3d1390e5473:group-E7EA8CECFDF3 changes to CANDIDATE, lastRpcTime:1089, electionTimeout:1089ms
2019-06-13 23:15:14,905 INFO  impl.RoleInfo (RoleInfo.java:shutdownFollowerState(121)) - 70068589-cc9b-47e1-97e4-c3d1390e5473: shutdown FollowerState
2019-06-13 23:15:14,905 INFO  impl.RaftServerImpl (RaftServerImpl.java:setRole(164)) - 70068589-cc9b-47e1-97e4-c3d1390e5473:group-E7EA8CECFDF3 changes role from FOLLOWER to CANDIDATE at term 0 for changeToCandidate
2019-06-13 23:15:14,905 INFO  impl.RoleInfo (RoleInfo.java:updateAndGet(143)) - 70068589-cc9b-47e1-97e4-c3d1390e5473: start LeaderElection
2019-06-13 23:15:14,913 INFO  impl.LeaderElection (LeaderElection.java:askForVotes(181)) - 70068589-cc9b-47e1-97e4-c3d1390e5473:group-E7EA8CECFDF3:LeaderElection4: begin an election at term 1 for -1: [70068589-cc9b-47e1-97e4-c3d1390e5473:192.168.105.138:38515], old=null
2019-06-13 23:15:14,913 INFO  impl.RoleInfo (RoleInfo.java:shutdownLeaderElection(134)) - 70068589-cc9b-47e1-97e4-c3d1390e5473: shutdown LeaderElection
2019-06-13 23:15:14,913 INFO  impl.RaftServerImpl (RaftServerImpl.java:setRole(164)) - 70068589-cc9b-47e1-97e4-c3d1390e5473:group-E7EA8CECFDF3 changes role from CANDIDATE to LEADER at term 1 for changeToLeader
2019-06-13 23:15:14,913 INFO  impl.RaftServerImpl (ServerState.java:setLeader(263)) - 70068589-cc9b-47e1-97e4-c3d1390e5473:group-E7EA8CECFDF3 change Leader from null to 70068589-cc9b-47e1-97e4-c3d1390e5473 at term 1 for becomeLeader, leader elected after 1100ms
2019-06-13 23:15:14,916 INFO  server.RaftServerConfigKeys (ConfUtils.java:logGet(43)) - raft.server.staging.catchup.gap = 1000 (default)
2019-06-13 23:15:14,917 INFO  server.RaftServerConfigKeys (ConfUtils.java:logGet(43)) - raft.server.rpc.sleep.time = 25ms (default)
2019-06-13 23:15:14,917 INFO  server.RaftServerConfigKeys (ConfUtils.java:logGet(43)) - raft.server.watch.timeout = 10s (default)
2019-06-13 23:15:14,917 INFO  server.RaftServerConfigKeys (ConfUtils.java:logGet(43)) - raft.server.watch.timeout.denomination = 1s (default)
2019-06-13 23:15:14,917 INFO  impl.RoleInfo (RoleInfo.java:updateAndGet(143)) - 70068589-cc9b-47e1-97e4-c3d1390e5473: start LeaderState
2019-06-13 23:15:14,917 INFO  storage.RaftLogWorker (RaftLogWorker.java:startLogSegment(298)) - 70068589-cc9b-47e1-97e4-c3d1390e5473-RaftLogWorker: Starting segment from index:0
2019-06-13 23:15:14,922 INFO  impl.RaftServerImpl (ServerState.java:setRaftConf(361)) - 70068589-cc9b-47e1-97e4-c3d1390e5473:group-E7EA8CECFDF3 set configuration 0: [70068589-cc9b-47e1-97e4-c3d1390e5473:192.168.105.138:38515], old=null at 0
2019-06-13 23:15:14,980 INFO  impl.FollowerState (FollowerState.java:run(101)) - 2ce3ecd0-c9ba-410d-8ace-b9841bd0871e:group-9A03D5DA3CAB changes to CANDIDATE, lastRpcTime:1021, electionTimeout:1021ms
2019-06-13 23:15:14,981 INFO  impl.RoleInfo (RoleInfo.java:shutdownFollowerState(121)) - 2ce3ecd0-c9ba-410d-8ace-b9841bd0871e: shutdown FollowerState
2019-06-13 23:15:14,981 INFO  impl.RaftServerImpl (RaftServerImpl.java:setRole(164)) - 2ce3ecd0-c9ba-410d-8ace-b9841bd0871e:group-9A03D5DA3CAB changes role from FOLLOWER to CANDIDATE at term 0 for changeToCandidate
2019-06-13 23:15:14,981 INFO  impl.RoleInfo (RoleInfo.java:updateAndGet(143)) - 2ce3ecd0-c9ba-410d-8ace-b9841bd0871e: start LeaderElection
2019-06-13 23:15:15,010 INFO  impl.LeaderElection (LeaderElection.java:askForVotes(181)) - 2ce3ecd0-c9ba-410d-8ace-b9841bd0871e:group-9A03D5DA3CAB:LeaderElection5: begin an election at term 1 for -1: [70068589-cc9b-47e1-97e4-c3d1390e5473:192.168.105.138:38515, da973886-4694-4a25-bab4-cc61e7a46859:192.168.105.138:41085, 2ce3ecd0-c9ba-410d-8ace-b9841bd0871e:192.168.105.138:42077], old=null
2019-06-13 23:15:15,015 INFO  storage.RaftLogWorker (RaftLogWorker.java:execute(469)) - 2ce3ecd0-c9ba-410d-8ace-b9841bd0871e-RaftLogWorker: created new log segment /opt/src/hadoop-ozone/integration-test/target/test-dir/MiniOzoneClusterImpl-5033b618-a738-471e-a9c2-283f34c50f71/datanode-0/data/ratis/598f093e-d22d-428d-b896-9ae386d2a6d5/current/log_inprogress_0
2019-06-13 23:15:15,030 INFO  storage.RaftLogWorker (RaftLogWorker.java:execute(469)) - da37df7c-971a-4610-9bb3-6c11cb6e9240-RaftLogWorker: created new log segment /opt/src/hadoop-ozone/integration-test/target/test-dir/MiniOzoneClusterImpl-5033b618-a738-471e-a9c2-283f34c50f71/datanode-3/data/ratis/7285de08-6154-49ce-b6ee-a29ad08c6400/current/log_inprogress_0
2019-06-13 23:15:15,032 INFO  storage.RaftLogWorker (RaftLogWorker.java:execute(469)) - da973886-4694-4a25-bab4-cc61e7a46859-RaftLogWorker: created new log segment /opt/src/hadoop-ozone/integration-test/target/test-dir/MiniOzoneClusterImpl-5033b618-a738-471e-a9c2-283f34c50f71/datanode-1/data/ratis/4b61184a-e44c-4daa-a01f-cc3b36aa1de6/current/log_inprogress_0
2019-06-13 23:15:15,045 INFO  storage.RaftLogWorker (RaftLogWorker.java:execute(469)) - 70068589-cc9b-47e1-97e4-c3d1390e5473-RaftLogWorker: created new log segment /opt/src/hadoop-ozone/integration-test/target/test-dir/MiniOzoneClusterImpl-5033b618-a738-471e-a9c2-283f34c50f71/datanode-2/data/ratis/8425aa74-d3bf-4b3a-9ba9-e7ea8cecfdf3/current/log_inprogress_0
2019-06-13 23:15:15,059 INFO  impl.RaftServerImpl (RaftServerImpl.java:setRole(164)) - 70068589-cc9b-47e1-97e4-c3d1390e5473:group-9A03D5DA3CAB changes role from FOLLOWER to FOLLOWER at term 1 for recognizeCandidate:2ce3ecd0-c9ba-410d-8ace-b9841bd0871e
2019-06-13 23:15:15,059 INFO  impl.RoleInfo (RoleInfo.java:shutdownFollowerState(121)) - 70068589-cc9b-47e1-97e4-c3d1390e5473: shutdown FollowerState
2019-06-13 23:15:15,060 INFO  impl.RoleInfo (RoleInfo.java:updateAndGet(143)) - 70068589-cc9b-47e1-97e4-c3d1390e5473: start FollowerState
2019-06-13 23:15:15,060 INFO  impl.FollowerState (FollowerState.java:run(109)) - 70068589-cc9b-47e1-97e4-c3d1390e5473: FollowerState was interrupted: java.lang.InterruptedException: sleep interrupted
2019-06-13 23:15:15,065 INFO  impl.RaftServerImpl (RaftServerImpl.java:setRole(164)) - da973886-4694-4a25-bab4-cc61e7a46859:group-9A03D5DA3CAB changes role from FOLLOWER to FOLLOWER at term 1 for recognizeCandidate:2ce3ecd0-c9ba-410d-8ace-b9841bd0871e
2019-06-13 23:15:15,065 INFO  impl.RoleInfo (RoleInfo.java:shutdownFollowerState(121)) - da973886-4694-4a25-bab4-cc61e7a46859: shutdown FollowerState
2019-06-13 23:15:15,065 INFO  impl.RoleInfo (RoleInfo.java:updateAndGet(143)) - da973886-4694-4a25-bab4-cc61e7a46859: start FollowerState
2019-06-13 23:15:15,065 INFO  impl.FollowerState (FollowerState.java:run(109)) - da973886-4694-4a25-bab4-cc61e7a46859: FollowerState was interrupted: java.lang.InterruptedException: sleep interrupted
2019-06-13 23:15:15,082 INFO  impl.LeaderElection (LeaderElection.java:logAndReturn(56)) - 2ce3ecd0-c9ba-410d-8ace-b9841bd0871e:group-9A03D5DA3CAB:LeaderElection5: Election PASSED; received 1 response(s) [2ce3ecd0-c9ba-410d-8ace-b9841bd0871e->70068589-cc9b-47e1-97e4-c3d1390e5473,true-t1] and 0 exception(s); 2ce3ecd0-c9ba-410d-8ace-b9841bd0871e:t1, leader=null, voted=2ce3ecd0-c9ba-410d-8ace-b9841bd0871e, raftlog=2ce3ecd0-c9ba-410d-8ace-b9841bd0871e-SegmentedRaftLog:OPENED:c-1,f-1,i0, conf=-1: [70068589-cc9b-47e1-97e4-c3d1390e5473:192.168.105.138:38515, da973886-4694-4a25-bab4-cc61e7a46859:192.168.105.138:41085, 2ce3ecd0-c9ba-410d-8ace-b9841bd0871e:192.168.105.138:42077], old=null
2019-06-13 23:15:15,083 INFO  impl.RoleInfo (RoleInfo.java:shutdownLeaderElection(134)) - 2ce3ecd0-c9ba-410d-8ace-b9841bd0871e: shutdown LeaderElection
2019-06-13 23:15:15,083 INFO  impl.RaftServerImpl (RaftServerImpl.java:setRole(164)) - 2ce3ecd0-c9ba-410d-8ace-b9841bd0871e:group-9A03D5DA3CAB changes role from CANDIDATE to LEADER at term 1 for changeToLeader
2019-06-13 23:15:15,085 INFO  impl.RaftServerImpl (ServerState.java:setLeader(263)) - 2ce3ecd0-c9ba-410d-8ace-b9841bd0871e:group-9A03D5DA3CAB change Leader from null to 2ce3ecd0-c9ba-410d-8ace-b9841bd0871e at term 1 for becomeLeader, leader elected after 1130ms
2019-06-13 23:15:15,085 INFO  server.RaftServerConfigKeys (ConfUtils.java:logGet(43)) - raft.server.staging.catchup.gap = 1000 (default)
2019-06-13 23:15:15,085 INFO  server.RaftServerConfigKeys (ConfUtils.java:logGet(43)) - raft.server.rpc.sleep.time = 25ms (default)
2019-06-13 23:15:15,085 INFO  server.RaftServerConfigKeys (ConfUtils.java:logGet(43)) - raft.server.watch.timeout = 10s (default)
2019-06-13 23:15:15,085 INFO  server.RaftServerConfigKeys (ConfUtils.java:logGet(43)) - raft.server.watch.timeout.denomination = 1s (default)
2019-06-13 23:15:15,088 INFO  server.RaftServerConfigKeys (ConfUtils.java:logGet(43)) - raft.server.log.appender.snapshot.chunk.size.max = 16MB (=16777216) (default)
2019-06-13 23:15:15,089 INFO  server.RaftServerConfigKeys (ConfUtils.java:logGet(43)) - raft.server.log.appender.buffer.byte-limit = 33554432 (custom)
2019-06-13 23:15:15,089 INFO  server.RaftServerConfigKeys (ConfUtils.java:logGet(43)) - raft.server.log.appender.buffer.element-limit = 1 (custom)
2019-06-13 23:15:15,092 INFO  grpc.GrpcConfigKeys$Server (ConfUtils.java:logGet(43)) - raft.grpc.server.leader.outstanding.appends.max = 128 (default)
2019-06-13 23:15:15,092 INFO  server.RaftServerConfigKeys (ConfUtils.java:logGet(43)) - raft.server.rpc.request.timeout = 3000ms (default)
2019-06-13 23:15:15,093 INFO  server.RaftServerConfigKeys (ConfUtils.java:logGet(43)) - raft.server.log.appender.install.snapshot.enabled = true (default)
2019-06-13 23:15:15,093 INFO  server.RaftServerConfigKeys (ConfUtils.java:logGet(43)) - raft.server.log.appender.snapshot.chunk.size.max = 16MB (=16777216) (default)
2019-06-13 23:15:15,093 INFO  server.RaftServerConfigKeys (ConfUtils.java:logGet(43)) - raft.server.log.appender.buffer.byte-limit = 33554432 (custom)
2019-06-13 23:15:15,093 INFO  server.RaftServerConfigKeys (ConfUtils.java:logGet(43)) - raft.server.log.appender.buffer.element-limit = 1 (custom)
2019-06-13 23:15:15,093 INFO  grpc.GrpcConfigKeys$Server (ConfUtils.java:logGet(43)) - raft.grpc.server.leader.outstanding.appends.max = 128 (default)
2019-06-13 23:15:15,093 INFO  server.RaftServerConfigKeys (ConfUtils.java:logGet(43)) - raft.server.rpc.request.timeout = 3000ms (default)
2019-06-13 23:15:15,093 INFO  server.RaftServerConfigKeys (ConfUtils.java:logGet(43)) - raft.server.log.appender.install.snapshot.enabled = true (default)
2019-06-13 23:15:15,093 INFO  impl.RoleInfo (RoleInfo.java:updateAndGet(143)) - 2ce3ecd0-c9ba-410d-8ace-b9841bd0871e: start LeaderState
2019-06-13 23:15:15,094 INFO  storage.RaftLogWorker (RaftLogWorker.java:startLogSegment(298)) - 2ce3ecd0-c9ba-410d-8ace-b9841bd0871e-RaftLogWorker: Starting segment from index:0
2019-06-13 23:15:15,099 INFO  impl.RaftServerImpl (ServerState.java:setRaftConf(361)) - 2ce3ecd0-c9ba-410d-8ace-b9841bd0871e:group-9A03D5DA3CAB set configuration 0: [70068589-cc9b-47e1-97e4-c3d1390e5473:192.168.105.138:38515, da973886-4694-4a25-bab4-cc61e7a46859:192.168.105.138:41085, 2ce3ecd0-c9ba-410d-8ace-b9841bd0871e:192.168.105.138:42077], old=null at 0
2019-06-13 23:15:15,137 INFO  storage.RaftLogWorker (RaftLogWorker.java:execute(469)) - 2ce3ecd0-c9ba-410d-8ace-b9841bd0871e-RaftLogWorker: created new log segment /opt/src/hadoop-ozone/integration-test/target/test-dir/MiniOzoneClusterImpl-5033b618-a738-471e-a9c2-283f34c50f71/datanode-0/data/ratis/265d015e-5a65-4c50-bf51-9a03d5da3cab/current/log_inprogress_0
2019-06-13 23:15:15,137 INFO  impl.RaftServerImpl (ServerState.java:setLeader(263)) - 70068589-cc9b-47e1-97e4-c3d1390e5473:group-9A03D5DA3CAB change Leader from null to 2ce3ecd0-c9ba-410d-8ace-b9841bd0871e at term 1 for appendEntries, leader elected after 1181ms
2019-06-13 23:15:15,138 INFO  impl.RaftServerImpl (ServerState.java:setLeader(263)) - da973886-4694-4a25-bab4-cc61e7a46859:group-9A03D5DA3CAB change Leader from null to 2ce3ecd0-c9ba-410d-8ace-b9841bd0871e at term 1 for appendEntries, leader elected after 1186ms
2019-06-13 23:15:15,166 INFO  impl.RaftServerImpl (ServerState.java:setRaftConf(361)) - 70068589-cc9b-47e1-97e4-c3d1390e5473:group-9A03D5DA3CAB set configuration 0: [70068589-cc9b-47e1-97e4-c3d1390e5473:192.168.105.138:38515, da973886-4694-4a25-bab4-cc61e7a46859:192.168.105.138:41085, 2ce3ecd0-c9ba-410d-8ace-b9841bd0871e:192.168.105.138:42077], old=null at 0
2019-06-13 23:15:15,166 INFO  impl.RaftServerImpl (ServerState.java:setRaftConf(361)) - da973886-4694-4a25-bab4-cc61e7a46859:group-9A03D5DA3CAB set configuration 0: [70068589-cc9b-47e1-97e4-c3d1390e5473:192.168.105.138:38515, da973886-4694-4a25-bab4-cc61e7a46859:192.168.105.138:41085, 2ce3ecd0-c9ba-410d-8ace-b9841bd0871e:192.168.105.138:42077], old=null at 0
2019-06-13 23:15:15,166 INFO  storage.RaftLogWorker (RaftLogWorker.java:startLogSegment(298)) - 70068589-cc9b-47e1-97e4-c3d1390e5473-RaftLogWorker: Starting segment from index:0
2019-06-13 23:15:15,166 INFO  storage.RaftLogWorker (RaftLogWorker.java:startLogSegment(298)) - da973886-4694-4a25-bab4-cc61e7a46859-RaftLogWorker: Starting segment from index:0
2019-06-13 23:15:15,218 INFO  storage.RaftLogWorker (RaftLogWorker.java:execute(469)) - da973886-4694-4a25-bab4-cc61e7a46859-RaftLogWorker: created new log segment /opt/src/hadoop-ozone/integration-test/target/test-dir/MiniOzoneClusterImpl-5033b618-a738-471e-a9c2-283f34c50f71/datanode-1/data/ratis/265d015e-5a65-4c50-bf51-9a03d5da3cab/current/log_inprogress_0
2019-06-13 23:15:15,218 INFO  storage.RaftLogWorker (RaftLogWorker.java:execute(469)) - 70068589-cc9b-47e1-97e4-c3d1390e5473-RaftLogWorker: created new log segment /opt/src/hadoop-ozone/integration-test/target/test-dir/MiniOzoneClusterImpl-5033b618-a738-471e-a9c2-283f34c50f71/datanode-2/data/ratis/265d015e-5a65-4c50-bf51-9a03d5da3cab/current/log_inprogress_0
2019-06-13 23:15:15,257 INFO  impl.FollowerState (FollowerState.java:run(101)) - fd800470-9ae8-40a7-bb28-2dddf5af8520:group-803D94E717A1 changes to CANDIDATE, lastRpcTime:1125, electionTimeout:1116ms
2019-06-13 23:15:15,258 INFO  impl.RoleInfo (RoleInfo.java:shutdownFollowerState(121)) - fd800470-9ae8-40a7-bb28-2dddf5af8520: shutdown FollowerState
2019-06-13 23:15:15,258 INFO  impl.RaftServerImpl (RaftServerImpl.java:setRole(164)) - fd800470-9ae8-40a7-bb28-2dddf5af8520:group-803D94E717A1 changes role from FOLLOWER to CANDIDATE at term 0 for changeToCandidate
2019-06-13 23:15:15,258 INFO  impl.RoleInfo (RoleInfo.java:updateAndGet(143)) - fd800470-9ae8-40a7-bb28-2dddf5af8520: start LeaderElection
2019-06-13 23:15:15,259 INFO  ozone.MiniOzoneClusterImpl (MiniOzoneClusterImpl.java:lambda$waitForClusterToBeReady$0(142)) - Cluster is ready. Got 6 of 6 DN Heartbeats.
2019-06-13 23:15:15,273 INFO  impl.LeaderElection (LeaderElection.java:askForVotes(181)) - fd800470-9ae8-40a7-bb28-2dddf5af8520:group-803D94E717A1:LeaderElection6: begin an election at term 1 for -1: [fd800470-9ae8-40a7-bb28-2dddf5af8520:192.168.105.138:35277], old=null
2019-06-13 23:15:15,273 INFO  impl.RoleInfo (RoleInfo.java:shutdownLeaderElection(134)) - fd800470-9ae8-40a7-bb28-2dddf5af8520: shutdown LeaderElection
2019-06-13 23:15:15,273 INFO  impl.RaftServerImpl (RaftServerImpl.java:setRole(164)) - fd800470-9ae8-40a7-bb28-2dddf5af8520:group-803D94E717A1 changes role from CANDIDATE to LEADER at term 1 for changeToLeader
2019-06-13 23:15:15,273 INFO  impl.RaftServerImpl (ServerState.java:setLeader(263)) - fd800470-9ae8-40a7-bb28-2dddf5af8520:group-803D94E717A1 change Leader from null to fd800470-9ae8-40a7-bb28-2dddf5af8520 at term 1 for becomeLeader, leader elected after 1157ms
2019-06-13 23:15:15,275 INFO  server.RaftServerConfigKeys (ConfUtils.java:logGet(43)) - raft.server.staging.catchup.gap = 1000 (default)
2019-06-13 23:15:15,275 INFO  server.RaftServerConfigKeys (ConfUtils.java:logGet(43)) - raft.server.rpc.sleep.time = 25ms (default)
2019-06-13 23:15:15,276 INFO  server.RaftServerConfigKeys (ConfUtils.java:logGet(43)) - raft.server.watch.timeout = 10s (default)
2019-06-13 23:15:15,276 INFO  server.RaftServerConfigKeys (ConfUtils.java:logGet(43)) - raft.server.watch.timeout.denomination = 1s (default)
2019-06-13 23:15:15,276 INFO  impl.RoleInfo (RoleInfo.java:updateAndGet(143)) - fd800470-9ae8-40a7-bb28-2dddf5af8520: start LeaderState
2019-06-13 23:15:15,276 INFO  storage.RaftLogWorker (RaftLogWorker.java:startLogSegment(298)) - fd800470-9ae8-40a7-bb28-2dddf5af8520-RaftLogWorker: Starting segment from index:0
2019-06-13 23:15:15,277 INFO  impl.RaftServerImpl (ServerState.java:setRaftConf(361)) - fd800470-9ae8-40a7-bb28-2dddf5af8520:group-803D94E717A1 set configuration 0: [fd800470-9ae8-40a7-bb28-2dddf5af8520:192.168.105.138:35277], old=null at 0
]]></system-out>
    <system-err><![CDATA[ERROR StatusLogger No Log4j 2 configuration file found. Using default configuration (logging only errors to the console), or user programmatically provided configurations. Set system property 'log4j2.debug' to show Log4j 2 internal initialization logging. See https://logging.apache.org/log4j/2.x/manual/configuration.html for instructions on how to configure Log4j 2
Jun 13, 2019 11:15:07 PM com.sun.jersey.server.impl.application.WebApplicationImpl _initiate
INFO: Initiating Jersey application, version 'Jersey: 1.19 02/11/2015 03:25 AM'
Jun 13, 2019 11:15:09 PM com.sun.jersey.server.impl.application.WebApplicationImpl _initiate
INFO: Initiating Jersey application, version 'Jersey: 1.19 02/11/2015 03:25 AM'
Jun 13, 2019 11:15:09 PM com.sun.jersey.server.impl.application.WebApplicationImpl _initiate
INFO: Initiating Jersey application, version 'Jersey: 1.19 02/11/2015 03:25 AM'
Jun 13, 2019 11:15:09 PM com.sun.jersey.server.impl.application.WebApplicationImpl _initiate
INFO: Initiating Jersey application, version 'Jersey: 1.19 02/11/2015 03:25 AM'
Jun 13, 2019 11:15:09 PM com.sun.jersey.server.impl.application.WebApplicationImpl _initiate
INFO: Initiating Jersey application, version 'Jersey: 1.19 02/11/2015 03:25 AM'
Jun 13, 2019 11:15:10 PM com.sun.jersey.server.impl.application.WebApplicationImpl _initiate
INFO: Initiating Jersey application, version 'Jersey: 1.19 02/11/2015 03:25 AM'
]]></system-err>
  </testcase>
</testsuite>