<?xml version="1.0" encoding="UTF-8"?>
<testsuite xmlns:xsi="http://www.w3.org/2001/XMLSchema-instance" xsi:noNamespaceSchemaLocation="https://maven.apache.org/surefire/maven-surefire-plugin/xsd/surefire-test-report.xsd" name="org.apache.hadoop.hdds.scm.pipeline.TestNodeFailure" time="10.617" tests="1" errors="0" skipped="1" failures="0">
  <properties>
    <property name="awt.toolkit" value="sun.awt.X11.XToolkit"/>
    <property name="file.encoding.pkg" value="sun.io"/>
    <property name="java.specification.version" value="1.8"/>
    <property name="sun.cpu.isalist" value=""/>
    <property name="sun.jnu.encoding" value="UTF-8"/>
    <property name="java.class.path" value="/opt/src/hadoop-ozone/integration-test/target/test-classes:/opt/src/hadoop-ozone/integration-test/target/classes:/home/user/.m2/repository/org/apache/hadoop/hadoop-ozone-common/0.5.0-SNAPSHOT/hadoop-ozone-common-0.5.0-SNAPSHOT.jar:/home/user/.m2/repository/org/apache/commons/commons-compress/1.4.1/commons-compress-1.4.1.jar:/home/user/.m2/repository/org/tukaani/xz/1.0/xz-1.0.jar:/home/user/.m2/repository/org/apache/hadoop/hadoop-common/3.2.0/hadoop-common-3.2.0.jar:/home/user/.m2/repository/org/apache/hadoop/hadoop-hdfs/3.2.0/hadoop-hdfs-3.2.0.jar:/home/user/.m2/repository/org/apache/hadoop/hadoop-hdfs-client/3.2.0/hadoop-hdfs-client-3.2.0.jar:/home/user/.m2/repository/com/fasterxml/jackson/core/jackson-annotations/2.9.5/jackson-annotations-2.9.5.jar:/home/user/.m2/repository/org/apache/hadoop/hadoop-hdds-common/0.5.0-SNAPSHOT/hadoop-hdds-common-0.5.0-SNAPSHOT.jar:/home/user/.m2/repository/javax/annotation/javax.annotation-api/1.2/javax.annotation-api-1.2.jar:/home/user/.m2/repository/org/apache/ratis/ratis-server/0.4.0-fe2b15d-SNAPSHOT/ratis-server-0.4.0-fe2b15d-SNAPSHOT.jar:/home/user/.m2/repository/org/apache/ratis/ratis-thirdparty-misc/0.2.0/ratis-thirdparty-misc-0.2.0.jar:/home/user/.m2/repository/org/apache/ratis/ratis-proto/0.4.0-fe2b15d-SNAPSHOT/ratis-proto-0.4.0-fe2b15d-SNAPSHOT.jar:/home/user/.m2/repository/org/apache/ratis/ratis-common/0.4.0-fe2b15d-SNAPSHOT/ratis-common-0.4.0-fe2b15d-SNAPSHOT.jar:/home/user/.m2/repository/org/apache/ratis/ratis-client/0.4.0-fe2b15d-SNAPSHOT/ratis-client-0.4.0-fe2b15d-SNAPSHOT.jar:/home/user/.m2/repository/org/apache/ratis/ratis-netty/0.4.0-fe2b15d-SNAPSHOT/ratis-netty-0.4.0-fe2b15d-SNAPSHOT.jar:/home/user/.m2/repository/org/apache/ratis/ratis-grpc/0.4.0-fe2b15d-SNAPSHOT/ratis-grpc-0.4.0-fe2b15d-SNAPSHOT.jar:/home/user/.m2/repository/org/rocksdb/rocksdbjni/5.14.2/rocksdbjni-5.14.2.jar:/home/user/.m2/repository/org/apache/logging/log4j/log4j-api/2.11.0/log4j-api-2.11.0.jar:/home/user/.m2/repository/org/apache/logging/log4j/log4j-core/2.11.0/log4j-core-2.11.0.jar:/home/user/.m2/repository/com/lmax/disruptor/3.4.2/disruptor-3.4.2.jar:/home/user/.m2/repository/org/apache/commons/commons-pool2/2.6.0/commons-pool2-2.6.0.jar:/home/user/.m2/repository/org/bouncycastle/bcpkix-jdk15on/1.60/bcpkix-jdk15on-1.60.jar:/home/user/.m2/repository/commons-validator/commons-validator/1.6/commons-validator-1.6.jar:/home/user/.m2/repository/commons-digester/commons-digester/1.8.1/commons-digester-1.8.1.jar:/home/user/.m2/repository/io/jaegertracing/jaeger-client/0.33.1/jaeger-client-0.33.1.jar:/home/user/.m2/repository/io/jaegertracing/jaeger-thrift/0.33.1/jaeger-thrift-0.33.1.jar:/home/user/.m2/repository/org/apache/thrift/libthrift/0.11.0/libthrift-0.11.0.jar:/home/user/.m2/repository/com/squareup/okhttp3/okhttp/3.9.0/okhttp-3.9.0.jar:/home/user/.m2/repository/com/squareup/okio/okio/1.13.0/okio-1.13.0.jar:/home/user/.m2/repository/io/jaegertracing/jaeger-core/0.33.1/jaeger-core-0.33.1.jar:/home/user/.m2/repository/io/jaegertracing/jaeger-tracerresolver/0.33.1/jaeger-tracerresolver-0.33.1.jar:/home/user/.m2/repository/io/opentracing/contrib/opentracing-tracerresolver/0.1.5/opentracing-tracerresolver-0.1.5.jar:/home/user/.m2/repository/io/opentracing/opentracing-util/0.31.0/opentracing-util-0.31.0.jar:/home/user/.m2/repository/io/opentracing/opentracing-api/0.31.0/opentracing-api-0.31.0.jar:/home/user/.m2/repository/io/opentracing/opentracing-noop/0.31.0/opentracing-noop-0.31.0.jar:/home/user/.m2/repository/org/apache/hadoop/hadoop-hdds-server-framework/0.5.0-SNAPSHOT/hadoop-hdds-server-framework-0.5.0-SNAPSHOT.jar:/home/user/.m2/repository/org/apache/hadoop/hadoop-hdds-server-scm/0.5.0-SNAPSHOT/hadoop-hdds-server-scm-0.5.0-SNAPSHOT.jar:/home/user/.m2/repository/org/apache/hadoop/hadoop-hdds-container-service/0.5.0-SNAPSHOT/hadoop-hdds-container-service-0.5.0-SNAPSHOT.jar:/home/user/.m2/repository/org/apache/hadoop/hadoop-hdds-client/0.5.0-SNAPSHOT/hadoop-hdds-client-0.5.0-SNAPSHOT.jar:/home/user/.m2/repository/org/apache/hadoop/hadoop-hdds-tools/0.5.0-SNAPSHOT/hadoop-hdds-tools-0.5.0-SNAPSHOT.jar:/home/user/.m2/repository/org/apache/hadoop/hadoop-ozone-ozone-manager/0.5.0-SNAPSHOT/hadoop-ozone-ozone-manager-0.5.0-SNAPSHOT.jar:/home/user/.m2/repository/org/apache/hadoop/hadoop-hdds-docs/0.5.0-SNAPSHOT/hadoop-hdds-docs-0.5.0-SNAPSHOT.jar:/home/user/.m2/repository/org/bouncycastle/bcprov-jdk15on/1.60/bcprov-jdk15on-1.60.jar:/home/user/.m2/repository/org/apache/hadoop/hadoop-minikdc/3.2.0/hadoop-minikdc-3.2.0.jar:/home/user/.m2/repository/commons-io/commons-io/2.5/commons-io-2.5.jar:/home/user/.m2/repository/org/apache/kerby/kerb-simplekdc/1.0.1/kerb-simplekdc-1.0.1.jar:/home/user/.m2/repository/org/apache/kerby/kerb-client/1.0.1/kerb-client-1.0.1.jar:/home/user/.m2/repository/org/apache/kerby/kerby-config/1.0.1/kerby-config-1.0.1.jar:/home/user/.m2/repository/org/apache/kerby/kerb-core/1.0.1/kerb-core-1.0.1.jar:/home/user/.m2/repository/org/apache/kerby/kerby-pkix/1.0.1/kerby-pkix-1.0.1.jar:/home/user/.m2/repository/org/apache/kerby/kerby-asn1/1.0.1/kerby-asn1-1.0.1.jar:/home/user/.m2/repository/org/apache/kerby/kerby-util/1.0.1/kerby-util-1.0.1.jar:/home/user/.m2/repository/org/apache/kerby/kerb-common/1.0.1/kerb-common-1.0.1.jar:/home/user/.m2/repository/org/apache/kerby/kerb-crypto/1.0.1/kerb-crypto-1.0.1.jar:/home/user/.m2/repository/org/apache/kerby/kerb-util/1.0.1/kerb-util-1.0.1.jar:/home/user/.m2/repository/org/apache/kerby/token-provider/1.0.1/token-provider-1.0.1.jar:/home/user/.m2/repository/org/apache/kerby/kerb-admin/1.0.1/kerb-admin-1.0.1.jar:/home/user/.m2/repository/org/apache/kerby/kerb-server/1.0.1/kerb-server-1.0.1.jar:/home/user/.m2/repository/org/apache/kerby/kerb-identity/1.0.1/kerb-identity-1.0.1.jar:/home/user/.m2/repository/org/apache/kerby/kerby-xdr/1.0.1/kerby-xdr-1.0.1.jar:/home/user/.m2/repository/org/slf4j/slf4j-log4j12/1.7.25/slf4j-log4j12-1.7.25.jar:/home/user/.m2/repository/org/apache/hadoop/hadoop-ozone-objectstore-service/0.5.0-SNAPSHOT/hadoop-ozone-objectstore-service-0.5.0-SNAPSHOT.jar:/home/user/.m2/repository/org/apache/hadoop/hadoop-ozone-s3gateway/0.5.0-SNAPSHOT/hadoop-ozone-s3gateway-0.5.0-SNAPSHOT.jar:/home/user/.m2/repository/org/jboss/weld/servlet/weld-servlet/2.4.7.Final/weld-servlet-2.4.7.Final.jar:/home/user/.m2/repository/org/glassfish/jersey/containers/jersey-container-servlet-core/2.27/jersey-container-servlet-core-2.27.jar:/home/user/.m2/repository/org/glassfish/hk2/external/javax.inject/2.5.0-b42/javax.inject-2.5.0-b42.jar:/home/user/.m2/repository/org/glassfish/jersey/core/jersey-common/2.27/jersey-common-2.27.jar:/home/user/.m2/repository/org/glassfish/hk2/osgi-resource-locator/1.0.1/osgi-resource-locator-1.0.1.jar:/home/user/.m2/repository/javax/ws/rs/javax.ws.rs-api/2.1/javax.ws.rs-api-2.1.jar:/home/user/.m2/repository/org/glassfish/jersey/ext/cdi/jersey-cdi1x/2.27/jersey-cdi1x-2.27.jar:/home/user/.m2/repository/org/glassfish/jersey/inject/jersey-hk2/2.27/jersey-hk2-2.27.jar:/home/user/.m2/repository/org/glassfish/hk2/hk2-locator/2.5.0-b42/hk2-locator-2.5.0-b42.jar:/home/user/.m2/repository/org/javassist/javassist/3.22.0-CR2/javassist-3.22.0-CR2.jar:/home/user/.m2/repository/org/glassfish/hk2/hk2-api/2.5.0/hk2-api-2.5.0.jar:/home/user/.m2/repository/org/glassfish/hk2/external/jakarta.inject/2.5.0/jakarta.inject-2.5.0.jar:/home/user/.m2/repository/org/glassfish/hk2/hk2-utils/2.5.0/hk2-utils-2.5.0.jar:/home/user/.m2/repository/jakarta/annotation/jakarta.annotation-api/1.3.4/jakarta.annotation-api-1.3.4.jar:/home/user/.m2/repository/org/glassfish/hk2/external/aopalliance-repackaged/2.5.0/aopalliance-repackaged-2.5.0.jar:/home/user/.m2/repository/com/fasterxml/jackson/dataformat/jackson-dataformat-xml/2.9.0/jackson-dataformat-xml-2.9.0.jar:/home/user/.m2/repository/com/fasterxml/jackson/core/jackson-core/2.9.5/jackson-core-2.9.5.jar:/home/user/.m2/repository/com/fasterxml/jackson/module/jackson-module-jaxb-annotations/2.9.5/jackson-module-jaxb-annotations-2.9.5.jar:/home/user/.m2/repository/javax/enterprise/cdi-api/1.2/cdi-api-1.2.jar:/home/user/.m2/repository/javax/el/javax.el-api/3.0.0/javax.el-api-3.0.0.jar:/home/user/.m2/repository/javax/interceptor/javax.interceptor-api/1.2/javax.interceptor-api-1.2.jar:/home/user/.m2/repository/javax/inject/javax.inject/1/javax.inject-1.jar:/home/user/.m2/repository/com/sun/xml/bind/jaxb-impl/2.3.0.1/jaxb-impl-2.3.0.1.jar:/home/user/.m2/repository/com/sun/xml/bind/jaxb-core/2.3.0.1/jaxb-core-2.3.0.1.jar:/home/user/.m2/repository/javax/xml/bind/jaxb-api/2.3.0/jaxb-api-2.3.0.jar:/home/user/.m2/repository/javax/activation/activation/1.1.1/activation-1.1.1.jar:/home/user/.m2/repository/org/apache/hadoop/hadoop-ozone-csi/0.5.0-SNAPSHOT/hadoop-ozone-csi-0.5.0-SNAPSHOT.jar:/home/user/.m2/repository/com/google/protobuf/protobuf-java-util/3.5.1/protobuf-java-util-3.5.1.jar:/home/user/.m2/repository/org/apache/hadoop/hadoop-hdds-config/0.5.0-SNAPSHOT/hadoop-hdds-config-0.5.0-SNAPSHOT.jar:/home/user/.m2/repository/com/google/guava/guava/11.0.2/guava-11.0.2.jar:/home/user/.m2/repository/com/google/protobuf/protobuf-java/2.5.0/protobuf-java-2.5.0.jar:/home/user/.m2/repository/io/grpc/grpc-netty/1.17.1/grpc-netty-1.17.1.jar:/home/user/.m2/repository/io/grpc/grpc-core/1.17.1/grpc-core-1.17.1.jar:/home/user/.m2/repository/io/grpc/grpc-context/1.17.1/grpc-context-1.17.1.jar:/home/user/.m2/repository/com/google/errorprone/error_prone_annotations/2.2.0/error_prone_annotations-2.2.0.jar:/home/user/.m2/repository/org/codehaus/mojo/animal-sniffer-annotations/1.17/animal-sniffer-annotations-1.17.jar:/home/user/.m2/repository/io/opencensus/opencensus-api/0.17.0/opencensus-api-0.17.0.jar:/home/user/.m2/repository/io/opencensus/opencensus-contrib-grpc-metrics/0.17.0/opencensus-contrib-grpc-metrics-0.17.0.jar:/home/user/.m2/repository/io/netty/netty-codec-http2/4.1.30.Final/netty-codec-http2-4.1.30.Final.jar:/home/user/.m2/repository/io/netty/netty-codec-http/4.1.30.Final/netty-codec-http-4.1.30.Final.jar:/home/user/.m2/repository/io/netty/netty-codec/4.1.30.Final/netty-codec-4.1.30.Final.jar:/home/user/.m2/repository/io/netty/netty-handler/4.1.30.Final/netty-handler-4.1.30.Final.jar:/home/user/.m2/repository/io/netty/netty-handler-proxy/4.1.30.Final/netty-handler-proxy-4.1.30.Final.jar:/home/user/.m2/repository/io/netty/netty-codec-socks/4.1.30.Final/netty-codec-socks-4.1.30.Final.jar:/home/user/.m2/repository/io/netty/netty-transport-native-epoll/4.1.30.Final/netty-transport-native-epoll-4.1.30.Final.jar:/home/user/.m2/repository/io/netty/netty-common/4.1.30.Final/netty-common-4.1.30.Final.jar:/home/user/.m2/repository/io/netty/netty-buffer/4.1.30.Final/netty-buffer-4.1.30.Final.jar:/home/user/.m2/repository/io/netty/netty-transport/4.1.30.Final/netty-transport-4.1.30.Final.jar:/home/user/.m2/repository/io/netty/netty-resolver/4.1.30.Final/netty-resolver-4.1.30.Final.jar:/home/user/.m2/repository/io/netty/netty-transport-native-unix-common/4.1.30.Final/netty-transport-native-unix-common-4.1.30.Final.jar:/home/user/.m2/repository/io/grpc/grpc-protobuf/1.17.1/grpc-protobuf-1.17.1.jar:/home/user/.m2/repository/com/google/api/grpc/proto-google-common-protos/1.0.0/proto-google-common-protos-1.0.0.jar:/home/user/.m2/repository/io/grpc/grpc-protobuf-lite/1.17.1/grpc-protobuf-lite-1.17.1.jar:/home/user/.m2/repository/io/grpc/grpc-stub/1.17.1/grpc-stub-1.17.1.jar:/home/user/.m2/repository/org/apache/hadoop/hadoop-ozone-recon/0.5.0-SNAPSHOT/hadoop-ozone-recon-0.5.0-SNAPSHOT.jar:/home/user/.m2/repository/org/apache/hadoop/hadoop-ozone-reconcodegen/0.5.0-SNAPSHOT/hadoop-ozone-reconcodegen-0.5.0-SNAPSHOT.jar:/home/user/.m2/repository/com/google/inject/extensions/guice-multibindings/4.0/guice-multibindings-4.0.jar:/home/user/.m2/repository/com/google/inject/guice/4.0/guice-4.0.jar:/home/user/.m2/repository/aopalliance/aopalliance/1.0/aopalliance-1.0.jar:/home/user/.m2/repository/com/google/inject/extensions/guice-servlet/4.0/guice-servlet-4.0.jar:/home/user/.m2/repository/org/glassfish/jersey/containers/jersey-container-servlet/2.27/jersey-container-servlet-2.27.jar:/home/user/.m2/repository/org/glassfish/hk2/guice-bridge/2.5.0/guice-bridge-2.5.0.jar:/home/user/.m2/repository/org/glassfish/jersey/core/jersey-server/2.27/jersey-server-2.27.jar:/home/user/.m2/repository/org/glassfish/jersey/core/jersey-client/2.27/jersey-client-2.27.jar:/home/user/.m2/repository/org/glassfish/jersey/media/jersey-media-jaxb/2.27/jersey-media-jaxb-2.27.jar:/home/user/.m2/repository/javax/validation/validation-api/1.1.0.Final/validation-api-1.1.0.Final.jar:/home/user/.m2/repository/org/glassfish/jersey/media/jersey-media-json-jackson/2.27/jersey-media-json-jackson-2.27.jar:/home/user/.m2/repository/org/glassfish/jersey/ext/jersey-entity-filtering/2.27/jersey-entity-filtering-2.27.jar:/home/user/.m2/repository/com/google/inject/extensions/guice-assistedinject/4.0/guice-assistedinject-4.0.jar:/home/user/.m2/repository/org/jooq/jooq/3.11.10/jooq-3.11.10.jar:/home/user/.m2/repository/org/jooq/jooq-meta/3.11.10/jooq-meta-3.11.10.jar:/home/user/.m2/repository/org/jooq/jooq-codegen/3.11.10/jooq-codegen-3.11.10.jar:/home/user/.m2/repository/com/jolbox/bonecp/0.8.0.RELEASE/bonecp-0.8.0.RELEASE.jar:/home/user/.m2/repository/org/xerial/sqlite-jdbc/3.25.2/sqlite-jdbc-3.25.2.jar:/home/user/.m2/repository/org/springframework/spring-jdbc/5.1.3.RELEASE/spring-jdbc-5.1.3.RELEASE.jar:/home/user/.m2/repository/org/springframework/spring-beans/5.1.3.RELEASE/spring-beans-5.1.3.RELEASE.jar:/home/user/.m2/repository/org/springframework/spring-core/5.1.3.RELEASE/spring-core-5.1.3.RELEASE.jar:/home/user/.m2/repository/org/springframework/spring-jcl/5.1.3.RELEASE/spring-jcl-5.1.3.RELEASE.jar:/home/user/.m2/repository/org/springframework/spring-tx/5.1.3.RELEASE/spring-tx-5.1.3.RELEASE.jar:/home/user/.m2/repository/org/apache/hadoop/hadoop-ozone-client/0.5.0-SNAPSHOT/hadoop-ozone-client-0.5.0-SNAPSHOT.jar:/home/user/.m2/repository/org/apache/hadoop/hadoop-ozone-ozone-manager/0.5.0-SNAPSHOT/hadoop-ozone-ozone-manager-0.5.0-SNAPSHOT-tests.jar:/home/user/.m2/repository/junit/junit/4.11/junit-4.11.jar:/home/user/.m2/repository/org/hamcrest/hamcrest-core/1.3/hamcrest-core-1.3.jar:/home/user/.m2/repository/org/openjdk/jmh/jmh-core/1.19/jmh-core-1.19.jar:/home/user/.m2/repository/net/sf/jopt-simple/jopt-simple/4.6/jopt-simple-4.6.jar:/home/user/.m2/repository/org/apache/commons/commons-math3/3.1.1/commons-math3-3.1.1.jar:/home/user/.m2/repository/org/openjdk/jmh/jmh-generator-annprocess/1.19/jmh-generator-annprocess-1.19.jar:/home/user/.m2/repository/org/mockito/mockito-all/1.8.5/mockito-all-1.8.5.jar:/home/user/.m2/repository/org/apache/hadoop/hadoop-kms/3.2.0/hadoop-kms-3.2.0.jar:/home/user/.m2/repository/org/apache/hadoop/hadoop-auth/3.2.0/hadoop-auth-3.2.0.jar:/home/user/.m2/repository/com/nimbusds/nimbus-jose-jwt/4.41.1/nimbus-jose-jwt-4.41.1.jar:/home/user/.m2/repository/com/github/stephenc/jcip/jcip-annotations/1.0-1/jcip-annotations-1.0-1.jar:/home/user/.m2/repository/net/minidev/json-smart/2.3/json-smart-2.3.jar:/home/user/.m2/repository/net/minidev/accessors-smart/1.2/accessors-smart-1.2.jar:/home/user/.m2/repository/org/ow2/asm/asm/5.0.4/asm-5.0.4.jar:/home/user/.m2/repository/org/apache/curator/curator-framework/2.12.0/curator-framework-2.12.0.jar:/home/user/.m2/repository/com/sun/jersey/jersey-core/1.19/jersey-core-1.19.jar:/home/user/.m2/repository/javax/ws/rs/jsr311-api/1.1.1/jsr311-api-1.1.1.jar:/home/user/.m2/repository/com/sun/jersey/jersey-server/1.19/jersey-server-1.19.jar:/home/user/.m2/repository/javax/servlet/javax.servlet-api/3.1.0/javax.servlet-api-3.1.0.jar:/home/user/.m2/repository/org/eclipse/jetty/jetty-server/9.3.24.v20180605/jetty-server-9.3.24.v20180605.jar:/home/user/.m2/repository/org/eclipse/jetty/jetty-http/9.3.24.v20180605/jetty-http-9.3.24.v20180605.jar:/home/user/.m2/repository/org/eclipse/jetty/jetty-io/9.3.24.v20180605/jetty-io-9.3.24.v20180605.jar:/home/user/.m2/repository/org/eclipse/jetty/jetty-webapp/9.3.24.v20180605/jetty-webapp-9.3.24.v20180605.jar:/home/user/.m2/repository/org/eclipse/jetty/jetty-xml/9.3.24.v20180605/jetty-xml-9.3.24.v20180605.jar:/home/user/.m2/repository/log4j/log4j/1.2.17/log4j-1.2.17.jar:/home/user/.m2/repository/org/slf4j/slf4j-api/1.7.25/slf4j-api-1.7.25.jar:/home/user/.m2/repository/org/slf4j/jul-to-slf4j/1.7.25/jul-to-slf4j-1.7.25.jar:/home/user/.m2/repository/org/eclipse/jetty/jetty-util/9.3.24.v20180605/jetty-util-9.3.24.v20180605.jar:/home/user/.m2/repository/io/dropwizard/metrics/metrics-core/3.2.4/metrics-core-3.2.4.jar:/home/user/.m2/repository/com/fasterxml/jackson/core/jackson-databind/2.9.5/jackson-databind-2.9.5.jar:/home/user/.m2/repository/org/apache/hadoop/hadoop-kms/3.2.0/hadoop-kms-3.2.0-tests.jar:/home/user/.m2/repository/org/apache/hadoop/hadoop-hdds-server-scm/0.5.0-SNAPSHOT/hadoop-hdds-server-scm-0.5.0-SNAPSHOT-tests.jar:/home/user/.m2/repository/org/hamcrest/hamcrest-all/1.3/hamcrest-all-1.3.jar:/home/user/.m2/repository/info/picocli/picocli/3.9.6/picocli-3.9.6.jar:/home/user/.m2/repository/org/apache/hadoop/hadoop-hdds-container-service/0.5.0-SNAPSHOT/hadoop-hdds-container-service-0.5.0-SNAPSHOT-tests.jar:/home/user/.m2/repository/org/yaml/snakeyaml/1.16/snakeyaml-1.16.jar:/home/user/.m2/repository/org/apache/hadoop/hadoop-common/3.2.0/hadoop-common-3.2.0-tests.jar:/home/user/.m2/repository/org/apache/hadoop/hadoop-annotations/3.2.0/hadoop-annotations-3.2.0.jar:/usr/lib/jvm/java-1.8-openjdk/jre/../lib/tools.jar:/home/user/.m2/repository/commons-cli/commons-cli/1.2/commons-cli-1.2.jar:/home/user/.m2/repository/org/apache/httpcomponents/httpclient/4.5.2/httpclient-4.5.2.jar:/home/user/.m2/repository/org/apache/httpcomponents/httpcore/4.4.4/httpcore-4.4.4.jar:/home/user/.m2/repository/commons-codec/commons-codec/1.11/commons-codec-1.11.jar:/home/user/.m2/repository/commons-net/commons-net/3.6/commons-net-3.6.jar:/home/user/.m2/repository/commons-collections/commons-collections/3.2.2/commons-collections-3.2.2.jar:/home/user/.m2/repository/org/eclipse/jetty/jetty-servlet/9.3.24.v20180605/jetty-servlet-9.3.24.v20180605.jar:/home/user/.m2/repository/org/eclipse/jetty/jetty-security/9.3.24.v20180605/jetty-security-9.3.24.v20180605.jar:/home/user/.m2/repository/javax/servlet/jsp/jsp-api/2.1/jsp-api-2.1.jar:/home/user/.m2/repository/com/sun/jersey/jersey-servlet/1.19/jersey-servlet-1.19.jar:/home/user/.m2/repository/com/sun/jersey/jersey-json/1.19/jersey-json-1.19.jar:/home/user/.m2/repository/org/codehaus/jettison/jettison/1.1/jettison-1.1.jar:/home/user/.m2/repository/org/codehaus/jackson/jackson-core-asl/1.9.13/jackson-core-asl-1.9.13.jar:/home/user/.m2/repository/org/codehaus/jackson/jackson-mapper-asl/1.9.13/jackson-mapper-asl-1.9.13.jar:/home/user/.m2/repository/org/codehaus/jackson/jackson-jaxrs/1.9.13/jackson-jaxrs-1.9.13.jar:/home/user/.m2/repository/org/codehaus/jackson/jackson-xc/1.9.13/jackson-xc-1.9.13.jar:/home/user/.m2/repository/commons-logging/commons-logging/1.1.3/commons-logging-1.1.3.jar:/home/user/.m2/repository/commons-beanutils/commons-beanutils/1.9.3/commons-beanutils-1.9.3.jar:/home/user/.m2/repository/org/apache/commons/commons-configuration2/2.1.1/commons-configuration2-2.1.1.jar:/home/user/.m2/repository/org/apache/commons/commons-lang3/3.7/commons-lang3-3.7.jar:/home/user/.m2/repository/org/apache/commons/commons-text/1.4/commons-text-1.4.jar:/home/user/.m2/repository/org/apache/avro/avro/1.7.7/avro-1.7.7.jar:/home/user/.m2/repository/com/thoughtworks/paranamer/paranamer/2.3/paranamer-2.3.jar:/home/user/.m2/repository/org/xerial/snappy/snappy-java/1.0.5/snappy-java-1.0.5.jar:/home/user/.m2/repository/com/google/re2j/re2j/1.1/re2j-1.1.jar:/home/user/.m2/repository/com/google/code/gson/gson/2.2.4/gson-2.2.4.jar:/home/user/.m2/repository/com/jcraft/jsch/0.1.54/jsch-0.1.54.jar:/home/user/.m2/repository/org/apache/curator/curator-client/2.12.0/curator-client-2.12.0.jar:/home/user/.m2/repository/org/apache/curator/curator-recipes/2.12.0/curator-recipes-2.12.0.jar:/home/user/.m2/repository/com/google/code/findbugs/jsr305/3.0.0/jsr305-3.0.0.jar:/home/user/.m2/repository/org/apache/htrace/htrace-core4/4.1.0-incubating/htrace-core4-4.1.0-incubating.jar:/home/user/.m2/repository/org/apache/zookeeper/zookeeper/3.4.13/zookeeper-3.4.13.jar:/home/user/.m2/repository/org/apache/yetus/audience-annotations/0.5.0/audience-annotations-0.5.0.jar:/home/user/.m2/repository/org/codehaus/woodstox/stax2-api/3.1.4/stax2-api-3.1.4.jar:/home/user/.m2/repository/com/fasterxml/woodstox/woodstox-core/5.0.3/woodstox-core-5.0.3.jar:/home/user/.m2/repository/dnsjava/dnsjava/2.1.7/dnsjava-2.1.7.jar:/home/user/.m2/repository/org/apache/hadoop/hadoop-hdfs/3.2.0/hadoop-hdfs-3.2.0-tests.jar:/home/user/.m2/repository/org/eclipse/jetty/jetty-util-ajax/9.3.24.v20180605/jetty-util-ajax-9.3.24.v20180605.jar:/home/user/.m2/repository/commons-daemon/commons-daemon/1.0.13/commons-daemon-1.0.13.jar:/home/user/.m2/repository/io/netty/netty/3.10.5.Final/netty-3.10.5.Final.jar:/home/user/.m2/repository/io/netty/netty-all/4.0.52.Final/netty-all-4.0.52.Final.jar:/home/user/.m2/repository/org/fusesource/leveldbjni/leveldbjni-all/1.8/leveldbjni-all-1.8.jar:"/>
    <property name="java.vm.vendor" value="IcedTea"/>
    <property name="sun.arch.data.model" value="64"/>
    <property name="test.build.dir" value="/opt/src/hadoop-ozone/integration-test/target/test-dir"/>
    <property name="test.cache.data" value=""/>
    <property name="java.vendor.url" value="https://icedtea.classpath.org"/>
    <property name="user.timezone" value=""/>
    <property name="java.vm.specification.version" value="1.8"/>
    <property name="os.name" value="Linux"/>
    <property name="test.build.data" value="/opt/src/hadoop-ozone/integration-test/target/test-dir"/>
    <property name="user.country" value="US"/>
    <property name="sun.java.launcher" value="SUN_STANDARD"/>
    <property name="sun.boot.library.path" value="/usr/lib/jvm/java-1.8-openjdk/jre/lib/amd64"/>
    <property name="sun.java.command" value="/opt/src/hadoop-ozone/integration-test/target/surefire/surefirebooter3838686622900262710.jar /opt/src/hadoop-ozone/integration-test/target/surefire 2019-06-15T14-39-27_455-jvmRun1 surefire6928216463914864982tmp surefire_8105901861614946868tmp"/>
    <property name="surefire.test.class.path" value="/opt/src/hadoop-ozone/integration-test/target/test-classes:/opt/src/hadoop-ozone/integration-test/target/classes:/home/user/.m2/repository/org/apache/hadoop/hadoop-ozone-common/0.5.0-SNAPSHOT/hadoop-ozone-common-0.5.0-SNAPSHOT.jar:/home/user/.m2/repository/org/apache/commons/commons-compress/1.4.1/commons-compress-1.4.1.jar:/home/user/.m2/repository/org/tukaani/xz/1.0/xz-1.0.jar:/home/user/.m2/repository/org/apache/hadoop/hadoop-common/3.2.0/hadoop-common-3.2.0.jar:/home/user/.m2/repository/org/apache/hadoop/hadoop-hdfs/3.2.0/hadoop-hdfs-3.2.0.jar:/home/user/.m2/repository/org/apache/hadoop/hadoop-hdfs-client/3.2.0/hadoop-hdfs-client-3.2.0.jar:/home/user/.m2/repository/com/fasterxml/jackson/core/jackson-annotations/2.9.5/jackson-annotations-2.9.5.jar:/home/user/.m2/repository/org/apache/hadoop/hadoop-hdds-common/0.5.0-SNAPSHOT/hadoop-hdds-common-0.5.0-SNAPSHOT.jar:/home/user/.m2/repository/javax/annotation/javax.annotation-api/1.2/javax.annotation-api-1.2.jar:/home/user/.m2/repository/org/apache/ratis/ratis-server/0.4.0-fe2b15d-SNAPSHOT/ratis-server-0.4.0-fe2b15d-SNAPSHOT.jar:/home/user/.m2/repository/org/apache/ratis/ratis-thirdparty-misc/0.2.0/ratis-thirdparty-misc-0.2.0.jar:/home/user/.m2/repository/org/apache/ratis/ratis-proto/0.4.0-fe2b15d-SNAPSHOT/ratis-proto-0.4.0-fe2b15d-SNAPSHOT.jar:/home/user/.m2/repository/org/apache/ratis/ratis-common/0.4.0-fe2b15d-SNAPSHOT/ratis-common-0.4.0-fe2b15d-SNAPSHOT.jar:/home/user/.m2/repository/org/apache/ratis/ratis-client/0.4.0-fe2b15d-SNAPSHOT/ratis-client-0.4.0-fe2b15d-SNAPSHOT.jar:/home/user/.m2/repository/org/apache/ratis/ratis-netty/0.4.0-fe2b15d-SNAPSHOT/ratis-netty-0.4.0-fe2b15d-SNAPSHOT.jar:/home/user/.m2/repository/org/apache/ratis/ratis-grpc/0.4.0-fe2b15d-SNAPSHOT/ratis-grpc-0.4.0-fe2b15d-SNAPSHOT.jar:/home/user/.m2/repository/org/rocksdb/rocksdbjni/5.14.2/rocksdbjni-5.14.2.jar:/home/user/.m2/repository/org/apache/logging/log4j/log4j-api/2.11.0/log4j-api-2.11.0.jar:/home/user/.m2/repository/org/apache/logging/log4j/log4j-core/2.11.0/log4j-core-2.11.0.jar:/home/user/.m2/repository/com/lmax/disruptor/3.4.2/disruptor-3.4.2.jar:/home/user/.m2/repository/org/apache/commons/commons-pool2/2.6.0/commons-pool2-2.6.0.jar:/home/user/.m2/repository/org/bouncycastle/bcpkix-jdk15on/1.60/bcpkix-jdk15on-1.60.jar:/home/user/.m2/repository/commons-validator/commons-validator/1.6/commons-validator-1.6.jar:/home/user/.m2/repository/commons-digester/commons-digester/1.8.1/commons-digester-1.8.1.jar:/home/user/.m2/repository/io/jaegertracing/jaeger-client/0.33.1/jaeger-client-0.33.1.jar:/home/user/.m2/repository/io/jaegertracing/jaeger-thrift/0.33.1/jaeger-thrift-0.33.1.jar:/home/user/.m2/repository/org/apache/thrift/libthrift/0.11.0/libthrift-0.11.0.jar:/home/user/.m2/repository/com/squareup/okhttp3/okhttp/3.9.0/okhttp-3.9.0.jar:/home/user/.m2/repository/com/squareup/okio/okio/1.13.0/okio-1.13.0.jar:/home/user/.m2/repository/io/jaegertracing/jaeger-core/0.33.1/jaeger-core-0.33.1.jar:/home/user/.m2/repository/io/jaegertracing/jaeger-tracerresolver/0.33.1/jaeger-tracerresolver-0.33.1.jar:/home/user/.m2/repository/io/opentracing/contrib/opentracing-tracerresolver/0.1.5/opentracing-tracerresolver-0.1.5.jar:/home/user/.m2/repository/io/opentracing/opentracing-util/0.31.0/opentracing-util-0.31.0.jar:/home/user/.m2/repository/io/opentracing/opentracing-api/0.31.0/opentracing-api-0.31.0.jar:/home/user/.m2/repository/io/opentracing/opentracing-noop/0.31.0/opentracing-noop-0.31.0.jar:/home/user/.m2/repository/org/apache/hadoop/hadoop-hdds-server-framework/0.5.0-SNAPSHOT/hadoop-hdds-server-framework-0.5.0-SNAPSHOT.jar:/home/user/.m2/repository/org/apache/hadoop/hadoop-hdds-server-scm/0.5.0-SNAPSHOT/hadoop-hdds-server-scm-0.5.0-SNAPSHOT.jar:/home/user/.m2/repository/org/apache/hadoop/hadoop-hdds-container-service/0.5.0-SNAPSHOT/hadoop-hdds-container-service-0.5.0-SNAPSHOT.jar:/home/user/.m2/repository/org/apache/hadoop/hadoop-hdds-client/0.5.0-SNAPSHOT/hadoop-hdds-client-0.5.0-SNAPSHOT.jar:/home/user/.m2/repository/org/apache/hadoop/hadoop-hdds-tools/0.5.0-SNAPSHOT/hadoop-hdds-tools-0.5.0-SNAPSHOT.jar:/home/user/.m2/repository/org/apache/hadoop/hadoop-ozone-ozone-manager/0.5.0-SNAPSHOT/hadoop-ozone-ozone-manager-0.5.0-SNAPSHOT.jar:/home/user/.m2/repository/org/apache/hadoop/hadoop-hdds-docs/0.5.0-SNAPSHOT/hadoop-hdds-docs-0.5.0-SNAPSHOT.jar:/home/user/.m2/repository/org/bouncycastle/bcprov-jdk15on/1.60/bcprov-jdk15on-1.60.jar:/home/user/.m2/repository/org/apache/hadoop/hadoop-minikdc/3.2.0/hadoop-minikdc-3.2.0.jar:/home/user/.m2/repository/commons-io/commons-io/2.5/commons-io-2.5.jar:/home/user/.m2/repository/org/apache/kerby/kerb-simplekdc/1.0.1/kerb-simplekdc-1.0.1.jar:/home/user/.m2/repository/org/apache/kerby/kerb-client/1.0.1/kerb-client-1.0.1.jar:/home/user/.m2/repository/org/apache/kerby/kerby-config/1.0.1/kerby-config-1.0.1.jar:/home/user/.m2/repository/org/apache/kerby/kerb-core/1.0.1/kerb-core-1.0.1.jar:/home/user/.m2/repository/org/apache/kerby/kerby-pkix/1.0.1/kerby-pkix-1.0.1.jar:/home/user/.m2/repository/org/apache/kerby/kerby-asn1/1.0.1/kerby-asn1-1.0.1.jar:/home/user/.m2/repository/org/apache/kerby/kerby-util/1.0.1/kerby-util-1.0.1.jar:/home/user/.m2/repository/org/apache/kerby/kerb-common/1.0.1/kerb-common-1.0.1.jar:/home/user/.m2/repository/org/apache/kerby/kerb-crypto/1.0.1/kerb-crypto-1.0.1.jar:/home/user/.m2/repository/org/apache/kerby/kerb-util/1.0.1/kerb-util-1.0.1.jar:/home/user/.m2/repository/org/apache/kerby/token-provider/1.0.1/token-provider-1.0.1.jar:/home/user/.m2/repository/org/apache/kerby/kerb-admin/1.0.1/kerb-admin-1.0.1.jar:/home/user/.m2/repository/org/apache/kerby/kerb-server/1.0.1/kerb-server-1.0.1.jar:/home/user/.m2/repository/org/apache/kerby/kerb-identity/1.0.1/kerb-identity-1.0.1.jar:/home/user/.m2/repository/org/apache/kerby/kerby-xdr/1.0.1/kerby-xdr-1.0.1.jar:/home/user/.m2/repository/org/slf4j/slf4j-log4j12/1.7.25/slf4j-log4j12-1.7.25.jar:/home/user/.m2/repository/org/apache/hadoop/hadoop-ozone-objectstore-service/0.5.0-SNAPSHOT/hadoop-ozone-objectstore-service-0.5.0-SNAPSHOT.jar:/home/user/.m2/repository/org/apache/hadoop/hadoop-ozone-s3gateway/0.5.0-SNAPSHOT/hadoop-ozone-s3gateway-0.5.0-SNAPSHOT.jar:/home/user/.m2/repository/org/jboss/weld/servlet/weld-servlet/2.4.7.Final/weld-servlet-2.4.7.Final.jar:/home/user/.m2/repository/org/glassfish/jersey/containers/jersey-container-servlet-core/2.27/jersey-container-servlet-core-2.27.jar:/home/user/.m2/repository/org/glassfish/hk2/external/javax.inject/2.5.0-b42/javax.inject-2.5.0-b42.jar:/home/user/.m2/repository/org/glassfish/jersey/core/jersey-common/2.27/jersey-common-2.27.jar:/home/user/.m2/repository/org/glassfish/hk2/osgi-resource-locator/1.0.1/osgi-resource-locator-1.0.1.jar:/home/user/.m2/repository/javax/ws/rs/javax.ws.rs-api/2.1/javax.ws.rs-api-2.1.jar:/home/user/.m2/repository/org/glassfish/jersey/ext/cdi/jersey-cdi1x/2.27/jersey-cdi1x-2.27.jar:/home/user/.m2/repository/org/glassfish/jersey/inject/jersey-hk2/2.27/jersey-hk2-2.27.jar:/home/user/.m2/repository/org/glassfish/hk2/hk2-locator/2.5.0-b42/hk2-locator-2.5.0-b42.jar:/home/user/.m2/repository/org/javassist/javassist/3.22.0-CR2/javassist-3.22.0-CR2.jar:/home/user/.m2/repository/org/glassfish/hk2/hk2-api/2.5.0/hk2-api-2.5.0.jar:/home/user/.m2/repository/org/glassfish/hk2/external/jakarta.inject/2.5.0/jakarta.inject-2.5.0.jar:/home/user/.m2/repository/org/glassfish/hk2/hk2-utils/2.5.0/hk2-utils-2.5.0.jar:/home/user/.m2/repository/jakarta/annotation/jakarta.annotation-api/1.3.4/jakarta.annotation-api-1.3.4.jar:/home/user/.m2/repository/org/glassfish/hk2/external/aopalliance-repackaged/2.5.0/aopalliance-repackaged-2.5.0.jar:/home/user/.m2/repository/com/fasterxml/jackson/dataformat/jackson-dataformat-xml/2.9.0/jackson-dataformat-xml-2.9.0.jar:/home/user/.m2/repository/com/fasterxml/jackson/core/jackson-core/2.9.5/jackson-core-2.9.5.jar:/home/user/.m2/repository/com/fasterxml/jackson/module/jackson-module-jaxb-annotations/2.9.5/jackson-module-jaxb-annotations-2.9.5.jar:/home/user/.m2/repository/javax/enterprise/cdi-api/1.2/cdi-api-1.2.jar:/home/user/.m2/repository/javax/el/javax.el-api/3.0.0/javax.el-api-3.0.0.jar:/home/user/.m2/repository/javax/interceptor/javax.interceptor-api/1.2/javax.interceptor-api-1.2.jar:/home/user/.m2/repository/javax/inject/javax.inject/1/javax.inject-1.jar:/home/user/.m2/repository/com/sun/xml/bind/jaxb-impl/2.3.0.1/jaxb-impl-2.3.0.1.jar:/home/user/.m2/repository/com/sun/xml/bind/jaxb-core/2.3.0.1/jaxb-core-2.3.0.1.jar:/home/user/.m2/repository/javax/xml/bind/jaxb-api/2.3.0/jaxb-api-2.3.0.jar:/home/user/.m2/repository/javax/activation/activation/1.1.1/activation-1.1.1.jar:/home/user/.m2/repository/org/apache/hadoop/hadoop-ozone-csi/0.5.0-SNAPSHOT/hadoop-ozone-csi-0.5.0-SNAPSHOT.jar:/home/user/.m2/repository/com/google/protobuf/protobuf-java-util/3.5.1/protobuf-java-util-3.5.1.jar:/home/user/.m2/repository/org/apache/hadoop/hadoop-hdds-config/0.5.0-SNAPSHOT/hadoop-hdds-config-0.5.0-SNAPSHOT.jar:/home/user/.m2/repository/com/google/guava/guava/11.0.2/guava-11.0.2.jar:/home/user/.m2/repository/com/google/protobuf/protobuf-java/2.5.0/protobuf-java-2.5.0.jar:/home/user/.m2/repository/io/grpc/grpc-netty/1.17.1/grpc-netty-1.17.1.jar:/home/user/.m2/repository/io/grpc/grpc-core/1.17.1/grpc-core-1.17.1.jar:/home/user/.m2/repository/io/grpc/grpc-context/1.17.1/grpc-context-1.17.1.jar:/home/user/.m2/repository/com/google/errorprone/error_prone_annotations/2.2.0/error_prone_annotations-2.2.0.jar:/home/user/.m2/repository/org/codehaus/mojo/animal-sniffer-annotations/1.17/animal-sniffer-annotations-1.17.jar:/home/user/.m2/repository/io/opencensus/opencensus-api/0.17.0/opencensus-api-0.17.0.jar:/home/user/.m2/repository/io/opencensus/opencensus-contrib-grpc-metrics/0.17.0/opencensus-contrib-grpc-metrics-0.17.0.jar:/home/user/.m2/repository/io/netty/netty-codec-http2/4.1.30.Final/netty-codec-http2-4.1.30.Final.jar:/home/user/.m2/repository/io/netty/netty-codec-http/4.1.30.Final/netty-codec-http-4.1.30.Final.jar:/home/user/.m2/repository/io/netty/netty-codec/4.1.30.Final/netty-codec-4.1.30.Final.jar:/home/user/.m2/repository/io/netty/netty-handler/4.1.30.Final/netty-handler-4.1.30.Final.jar:/home/user/.m2/repository/io/netty/netty-handler-proxy/4.1.30.Final/netty-handler-proxy-4.1.30.Final.jar:/home/user/.m2/repository/io/netty/netty-codec-socks/4.1.30.Final/netty-codec-socks-4.1.30.Final.jar:/home/user/.m2/repository/io/netty/netty-transport-native-epoll/4.1.30.Final/netty-transport-native-epoll-4.1.30.Final.jar:/home/user/.m2/repository/io/netty/netty-common/4.1.30.Final/netty-common-4.1.30.Final.jar:/home/user/.m2/repository/io/netty/netty-buffer/4.1.30.Final/netty-buffer-4.1.30.Final.jar:/home/user/.m2/repository/io/netty/netty-transport/4.1.30.Final/netty-transport-4.1.30.Final.jar:/home/user/.m2/repository/io/netty/netty-resolver/4.1.30.Final/netty-resolver-4.1.30.Final.jar:/home/user/.m2/repository/io/netty/netty-transport-native-unix-common/4.1.30.Final/netty-transport-native-unix-common-4.1.30.Final.jar:/home/user/.m2/repository/io/grpc/grpc-protobuf/1.17.1/grpc-protobuf-1.17.1.jar:/home/user/.m2/repository/com/google/api/grpc/proto-google-common-protos/1.0.0/proto-google-common-protos-1.0.0.jar:/home/user/.m2/repository/io/grpc/grpc-protobuf-lite/1.17.1/grpc-protobuf-lite-1.17.1.jar:/home/user/.m2/repository/io/grpc/grpc-stub/1.17.1/grpc-stub-1.17.1.jar:/home/user/.m2/repository/org/apache/hadoop/hadoop-ozone-recon/0.5.0-SNAPSHOT/hadoop-ozone-recon-0.5.0-SNAPSHOT.jar:/home/user/.m2/repository/org/apache/hadoop/hadoop-ozone-reconcodegen/0.5.0-SNAPSHOT/hadoop-ozone-reconcodegen-0.5.0-SNAPSHOT.jar:/home/user/.m2/repository/com/google/inject/extensions/guice-multibindings/4.0/guice-multibindings-4.0.jar:/home/user/.m2/repository/com/google/inject/guice/4.0/guice-4.0.jar:/home/user/.m2/repository/aopalliance/aopalliance/1.0/aopalliance-1.0.jar:/home/user/.m2/repository/com/google/inject/extensions/guice-servlet/4.0/guice-servlet-4.0.jar:/home/user/.m2/repository/org/glassfish/jersey/containers/jersey-container-servlet/2.27/jersey-container-servlet-2.27.jar:/home/user/.m2/repository/org/glassfish/hk2/guice-bridge/2.5.0/guice-bridge-2.5.0.jar:/home/user/.m2/repository/org/glassfish/jersey/core/jersey-server/2.27/jersey-server-2.27.jar:/home/user/.m2/repository/org/glassfish/jersey/core/jersey-client/2.27/jersey-client-2.27.jar:/home/user/.m2/repository/org/glassfish/jersey/media/jersey-media-jaxb/2.27/jersey-media-jaxb-2.27.jar:/home/user/.m2/repository/javax/validation/validation-api/1.1.0.Final/validation-api-1.1.0.Final.jar:/home/user/.m2/repository/org/glassfish/jersey/media/jersey-media-json-jackson/2.27/jersey-media-json-jackson-2.27.jar:/home/user/.m2/repository/org/glassfish/jersey/ext/jersey-entity-filtering/2.27/jersey-entity-filtering-2.27.jar:/home/user/.m2/repository/com/google/inject/extensions/guice-assistedinject/4.0/guice-assistedinject-4.0.jar:/home/user/.m2/repository/org/jooq/jooq/3.11.10/jooq-3.11.10.jar:/home/user/.m2/repository/org/jooq/jooq-meta/3.11.10/jooq-meta-3.11.10.jar:/home/user/.m2/repository/org/jooq/jooq-codegen/3.11.10/jooq-codegen-3.11.10.jar:/home/user/.m2/repository/com/jolbox/bonecp/0.8.0.RELEASE/bonecp-0.8.0.RELEASE.jar:/home/user/.m2/repository/org/xerial/sqlite-jdbc/3.25.2/sqlite-jdbc-3.25.2.jar:/home/user/.m2/repository/org/springframework/spring-jdbc/5.1.3.RELEASE/spring-jdbc-5.1.3.RELEASE.jar:/home/user/.m2/repository/org/springframework/spring-beans/5.1.3.RELEASE/spring-beans-5.1.3.RELEASE.jar:/home/user/.m2/repository/org/springframework/spring-core/5.1.3.RELEASE/spring-core-5.1.3.RELEASE.jar:/home/user/.m2/repository/org/springframework/spring-jcl/5.1.3.RELEASE/spring-jcl-5.1.3.RELEASE.jar:/home/user/.m2/repository/org/springframework/spring-tx/5.1.3.RELEASE/spring-tx-5.1.3.RELEASE.jar:/home/user/.m2/repository/org/apache/hadoop/hadoop-ozone-client/0.5.0-SNAPSHOT/hadoop-ozone-client-0.5.0-SNAPSHOT.jar:/home/user/.m2/repository/org/apache/hadoop/hadoop-ozone-ozone-manager/0.5.0-SNAPSHOT/hadoop-ozone-ozone-manager-0.5.0-SNAPSHOT-tests.jar:/home/user/.m2/repository/junit/junit/4.11/junit-4.11.jar:/home/user/.m2/repository/org/hamcrest/hamcrest-core/1.3/hamcrest-core-1.3.jar:/home/user/.m2/repository/org/openjdk/jmh/jmh-core/1.19/jmh-core-1.19.jar:/home/user/.m2/repository/net/sf/jopt-simple/jopt-simple/4.6/jopt-simple-4.6.jar:/home/user/.m2/repository/org/apache/commons/commons-math3/3.1.1/commons-math3-3.1.1.jar:/home/user/.m2/repository/org/openjdk/jmh/jmh-generator-annprocess/1.19/jmh-generator-annprocess-1.19.jar:/home/user/.m2/repository/org/mockito/mockito-all/1.8.5/mockito-all-1.8.5.jar:/home/user/.m2/repository/org/apache/hadoop/hadoop-kms/3.2.0/hadoop-kms-3.2.0.jar:/home/user/.m2/repository/org/apache/hadoop/hadoop-auth/3.2.0/hadoop-auth-3.2.0.jar:/home/user/.m2/repository/com/nimbusds/nimbus-jose-jwt/4.41.1/nimbus-jose-jwt-4.41.1.jar:/home/user/.m2/repository/com/github/stephenc/jcip/jcip-annotations/1.0-1/jcip-annotations-1.0-1.jar:/home/user/.m2/repository/net/minidev/json-smart/2.3/json-smart-2.3.jar:/home/user/.m2/repository/net/minidev/accessors-smart/1.2/accessors-smart-1.2.jar:/home/user/.m2/repository/org/ow2/asm/asm/5.0.4/asm-5.0.4.jar:/home/user/.m2/repository/org/apache/curator/curator-framework/2.12.0/curator-framework-2.12.0.jar:/home/user/.m2/repository/com/sun/jersey/jersey-core/1.19/jersey-core-1.19.jar:/home/user/.m2/repository/javax/ws/rs/jsr311-api/1.1.1/jsr311-api-1.1.1.jar:/home/user/.m2/repository/com/sun/jersey/jersey-server/1.19/jersey-server-1.19.jar:/home/user/.m2/repository/javax/servlet/javax.servlet-api/3.1.0/javax.servlet-api-3.1.0.jar:/home/user/.m2/repository/org/eclipse/jetty/jetty-server/9.3.24.v20180605/jetty-server-9.3.24.v20180605.jar:/home/user/.m2/repository/org/eclipse/jetty/jetty-http/9.3.24.v20180605/jetty-http-9.3.24.v20180605.jar:/home/user/.m2/repository/org/eclipse/jetty/jetty-io/9.3.24.v20180605/jetty-io-9.3.24.v20180605.jar:/home/user/.m2/repository/org/eclipse/jetty/jetty-webapp/9.3.24.v20180605/jetty-webapp-9.3.24.v20180605.jar:/home/user/.m2/repository/org/eclipse/jetty/jetty-xml/9.3.24.v20180605/jetty-xml-9.3.24.v20180605.jar:/home/user/.m2/repository/log4j/log4j/1.2.17/log4j-1.2.17.jar:/home/user/.m2/repository/org/slf4j/slf4j-api/1.7.25/slf4j-api-1.7.25.jar:/home/user/.m2/repository/org/slf4j/jul-to-slf4j/1.7.25/jul-to-slf4j-1.7.25.jar:/home/user/.m2/repository/org/eclipse/jetty/jetty-util/9.3.24.v20180605/jetty-util-9.3.24.v20180605.jar:/home/user/.m2/repository/io/dropwizard/metrics/metrics-core/3.2.4/metrics-core-3.2.4.jar:/home/user/.m2/repository/com/fasterxml/jackson/core/jackson-databind/2.9.5/jackson-databind-2.9.5.jar:/home/user/.m2/repository/org/apache/hadoop/hadoop-kms/3.2.0/hadoop-kms-3.2.0-tests.jar:/home/user/.m2/repository/org/apache/hadoop/hadoop-hdds-server-scm/0.5.0-SNAPSHOT/hadoop-hdds-server-scm-0.5.0-SNAPSHOT-tests.jar:/home/user/.m2/repository/org/hamcrest/hamcrest-all/1.3/hamcrest-all-1.3.jar:/home/user/.m2/repository/info/picocli/picocli/3.9.6/picocli-3.9.6.jar:/home/user/.m2/repository/org/apache/hadoop/hadoop-hdds-container-service/0.5.0-SNAPSHOT/hadoop-hdds-container-service-0.5.0-SNAPSHOT-tests.jar:/home/user/.m2/repository/org/yaml/snakeyaml/1.16/snakeyaml-1.16.jar:/home/user/.m2/repository/org/apache/hadoop/hadoop-common/3.2.0/hadoop-common-3.2.0-tests.jar:/home/user/.m2/repository/org/apache/hadoop/hadoop-annotations/3.2.0/hadoop-annotations-3.2.0.jar:/usr/lib/jvm/java-1.8-openjdk/jre/../lib/tools.jar:/home/user/.m2/repository/commons-cli/commons-cli/1.2/commons-cli-1.2.jar:/home/user/.m2/repository/org/apache/httpcomponents/httpclient/4.5.2/httpclient-4.5.2.jar:/home/user/.m2/repository/org/apache/httpcomponents/httpcore/4.4.4/httpcore-4.4.4.jar:/home/user/.m2/repository/commons-codec/commons-codec/1.11/commons-codec-1.11.jar:/home/user/.m2/repository/commons-net/commons-net/3.6/commons-net-3.6.jar:/home/user/.m2/repository/commons-collections/commons-collections/3.2.2/commons-collections-3.2.2.jar:/home/user/.m2/repository/org/eclipse/jetty/jetty-servlet/9.3.24.v20180605/jetty-servlet-9.3.24.v20180605.jar:/home/user/.m2/repository/org/eclipse/jetty/jetty-security/9.3.24.v20180605/jetty-security-9.3.24.v20180605.jar:/home/user/.m2/repository/javax/servlet/jsp/jsp-api/2.1/jsp-api-2.1.jar:/home/user/.m2/repository/com/sun/jersey/jersey-servlet/1.19/jersey-servlet-1.19.jar:/home/user/.m2/repository/com/sun/jersey/jersey-json/1.19/jersey-json-1.19.jar:/home/user/.m2/repository/org/codehaus/jettison/jettison/1.1/jettison-1.1.jar:/home/user/.m2/repository/org/codehaus/jackson/jackson-core-asl/1.9.13/jackson-core-asl-1.9.13.jar:/home/user/.m2/repository/org/codehaus/jackson/jackson-mapper-asl/1.9.13/jackson-mapper-asl-1.9.13.jar:/home/user/.m2/repository/org/codehaus/jackson/jackson-jaxrs/1.9.13/jackson-jaxrs-1.9.13.jar:/home/user/.m2/repository/org/codehaus/jackson/jackson-xc/1.9.13/jackson-xc-1.9.13.jar:/home/user/.m2/repository/commons-logging/commons-logging/1.1.3/commons-logging-1.1.3.jar:/home/user/.m2/repository/commons-beanutils/commons-beanutils/1.9.3/commons-beanutils-1.9.3.jar:/home/user/.m2/repository/org/apache/commons/commons-configuration2/2.1.1/commons-configuration2-2.1.1.jar:/home/user/.m2/repository/org/apache/commons/commons-lang3/3.7/commons-lang3-3.7.jar:/home/user/.m2/repository/org/apache/commons/commons-text/1.4/commons-text-1.4.jar:/home/user/.m2/repository/org/apache/avro/avro/1.7.7/avro-1.7.7.jar:/home/user/.m2/repository/com/thoughtworks/paranamer/paranamer/2.3/paranamer-2.3.jar:/home/user/.m2/repository/org/xerial/snappy/snappy-java/1.0.5/snappy-java-1.0.5.jar:/home/user/.m2/repository/com/google/re2j/re2j/1.1/re2j-1.1.jar:/home/user/.m2/repository/com/google/code/gson/gson/2.2.4/gson-2.2.4.jar:/home/user/.m2/repository/com/jcraft/jsch/0.1.54/jsch-0.1.54.jar:/home/user/.m2/repository/org/apache/curator/curator-client/2.12.0/curator-client-2.12.0.jar:/home/user/.m2/repository/org/apache/curator/curator-recipes/2.12.0/curator-recipes-2.12.0.jar:/home/user/.m2/repository/com/google/code/findbugs/jsr305/3.0.0/jsr305-3.0.0.jar:/home/user/.m2/repository/org/apache/htrace/htrace-core4/4.1.0-incubating/htrace-core4-4.1.0-incubating.jar:/home/user/.m2/repository/org/apache/zookeeper/zookeeper/3.4.13/zookeeper-3.4.13.jar:/home/user/.m2/repository/org/apache/yetus/audience-annotations/0.5.0/audience-annotations-0.5.0.jar:/home/user/.m2/repository/org/codehaus/woodstox/stax2-api/3.1.4/stax2-api-3.1.4.jar:/home/user/.m2/repository/com/fasterxml/woodstox/woodstox-core/5.0.3/woodstox-core-5.0.3.jar:/home/user/.m2/repository/dnsjava/dnsjava/2.1.7/dnsjava-2.1.7.jar:/home/user/.m2/repository/org/apache/hadoop/hadoop-hdfs/3.2.0/hadoop-hdfs-3.2.0-tests.jar:/home/user/.m2/repository/org/eclipse/jetty/jetty-util-ajax/9.3.24.v20180605/jetty-util-ajax-9.3.24.v20180605.jar:/home/user/.m2/repository/commons-daemon/commons-daemon/1.0.13/commons-daemon-1.0.13.jar:/home/user/.m2/repository/io/netty/netty/3.10.5.Final/netty-3.10.5.Final.jar:/home/user/.m2/repository/io/netty/netty-all/4.0.52.Final/netty-all-4.0.52.Final.jar:/home/user/.m2/repository/org/fusesource/leveldbjni/leveldbjni-all/1.8/leveldbjni-all-1.8.jar:"/>
    <property name="sun.cpu.endian" value="little"/>
    <property name="user.home" value="/home/user"/>
    <property name="user.language" value="en"/>
    <property name="java.specification.vendor" value="Oracle Corporation"/>
    <property name="java.home" value="/usr/lib/jvm/java-1.8-openjdk/jre"/>
    <property name="java.security.krb5.conf" value="/opt/src/hadoop-ozone/integration-test/target/test-classes/krb5.conf"/>
    <property name="basedir" value="/opt/src/hadoop-ozone/integration-test"/>
    <property name="file.separator" value="/"/>
    <property name="line.separator" value="&#10;"/>
    <property name="java.vm.specification.vendor" value="Oracle Corporation"/>
    <property name="java.specification.name" value="Java Platform API Specification"/>
    <property name="java.awt.graphicsenv" value="sun.awt.X11GraphicsEnvironment"/>
    <property name="surefire.real.class.path" value="/opt/src/hadoop-ozone/integration-test/target/surefire/surefirebooter3838686622900262710.jar"/>
    <property name="hadoop.log.dir" value="/opt/src/hadoop-ozone/integration-test/target/log"/>
    <property name="sun.boot.class.path" value="/usr/lib/jvm/java-1.8-openjdk/jre/lib/resources.jar:/usr/lib/jvm/java-1.8-openjdk/jre/lib/rt.jar:/usr/lib/jvm/java-1.8-openjdk/jre/lib/sunrsasign.jar:/usr/lib/jvm/java-1.8-openjdk/jre/lib/jsse.jar:/usr/lib/jvm/java-1.8-openjdk/jre/lib/jce.jar:/usr/lib/jvm/java-1.8-openjdk/jre/lib/charsets.jar:/usr/lib/jvm/java-1.8-openjdk/jre/lib/jfr.jar:/usr/lib/jvm/java-1.8-openjdk/jre/classes"/>
    <property name="sun.management.compiler" value="HotSpot 64-Bit Tiered Compilers"/>
    <property name="java.runtime.version" value="1.8.0_212-b04"/>
    <property name="java.net.preferIPv4Stack" value="true"/>
    <property name="user.name" value="jenkins1000"/>
    <property name="path.separator" value=":"/>
    <property name="java.security.egd" value="file:///dev/urandom"/>
    <property name="os.version" value="4.15.0-1021-aws"/>
    <property name="java.endorsed.dirs" value="/usr/lib/jvm/java-1.8-openjdk/jre/lib/endorsed"/>
    <property name="java.runtime.name" value="OpenJDK Runtime Environment"/>
    <property name="file.encoding" value="UTF-8"/>
    <property name="java.vm.name" value="OpenJDK 64-Bit Server VM"/>
    <property name="test.build.webapps" value=""/>
    <property name="localRepository" value="/home/user/.m2/repository"/>
    <property name="java.vendor.url.bug" value="https://icedtea.classpath.org/bugzilla"/>
    <property name="java.io.tmpdir" value="/tmp"/>
    <property name="require.test.libhadoop" value=""/>
    <property name="java.version" value="1.8.0_212"/>
    <property name="user.dir" value="/opt/src/hadoop-ozone/integration-test"/>
    <property name="os.arch" value="amd64"/>
    <property name="java.vm.specification.name" value="Java Virtual Machine Specification"/>
    <property name="test.build.classes" value="/opt/src/hadoop-ozone/integration-test/target/test-classes"/>
    <property name="java.awt.printerjob" value="sun.print.PSPrinterJob"/>
    <property name="sun.os.patch.level" value="unknown"/>
    <property name="hadoop.tmp.dir" value="/opt/src/hadoop-ozone/integration-test/target/tmp"/>
    <property name="java.library.path" value="/usr/lib/jvm/java-1.8-openjdk/jre/lib/amd64/server:/usr/lib/jvm/java-1.8-openjdk/jre/lib/amd64:/usr/lib/jvm/java-1.8-openjdk/jre/../lib/amd64:/opt/src/hadoop-ozone/integration-test/target/native/target/usr/local/lib:/opt/src/hadoop-ozone/integration-test/../../hadoop-common-project/hadoop-common/target/native/target/usr/local/lib:/usr/java/packages/lib/amd64:/usr/lib64:/lib64:/lib:/usr/lib"/>
    <property name="java.vm.info" value="mixed mode"/>
    <property name="java.vendor" value="IcedTea"/>
    <property name="java.vm.version" value="25.212-b04"/>
    <property name="java.ext.dirs" value="/usr/lib/jvm/java-1.8-openjdk/jre/lib/ext:/usr/java/packages/lib/ext"/>
    <property name="sun.io.unicode.encoding" value="UnicodeLittle"/>
    <property name="java.class.version" value="52.0"/>
  </properties>
  <testcase name="testPipelineFail" classname="org.apache.hadoop.hdds.scm.pipeline.TestNodeFailure" time="0">
    <skipped/>
    <system-out><![CDATA[2019-06-15 14:43:49,993 WARN  server.ServerUtils (ServerUtils.java:getScmDbDir(145)) - ozone.scm.db.dirs is not configured. We recommend adding this setting. Falling back to ozone.metadata.dirs instead.
2019-06-15 14:43:50,058 WARN  server.ServerUtils (ServerUtils.java:getScmDbDir(145)) - ozone.scm.db.dirs is not configured. We recommend adding this setting. Falling back to ozone.metadata.dirs instead.
2019-06-15 14:43:50,060 WARN  server.ServerUtils (ServerUtils.java:getScmDbDir(145)) - ozone.scm.db.dirs is not configured. We recommend adding this setting. Falling back to ozone.metadata.dirs instead.
2019-06-15 14:43:50,075 INFO  util.log (Log.java:initialized(192)) - Logging initialized @667ms
2019-06-15 14:43:50,163 INFO  db.DBStoreBuilder (DBStoreBuilder.java:addTable(110)) - using custom profile for table: deletedBlocks
2019-06-15 14:43:50,163 INFO  db.DBStoreBuilder (DBStoreBuilder.java:processTables(161)) - Using default column profile:DBProfile.DISK for Table:deletedBlocks
2019-06-15 14:43:50,163 INFO  db.DBStoreBuilder (DBStoreBuilder.java:addTable(110)) - using custom profile for table: validCerts
2019-06-15 14:43:50,164 INFO  db.DBStoreBuilder (DBStoreBuilder.java:processTables(161)) - Using default column profile:DBProfile.DISK for Table:validCerts
2019-06-15 14:43:50,164 INFO  db.DBStoreBuilder (DBStoreBuilder.java:addTable(110)) - using custom profile for table: revokedCerts
2019-06-15 14:43:50,164 INFO  db.DBStoreBuilder (DBStoreBuilder.java:processTables(161)) - Using default column profile:DBProfile.DISK for Table:revokedCerts
2019-06-15 14:43:50,174 INFO  db.DBStoreBuilder (DBStoreBuilder.java:addTable(110)) - using custom profile for table: default
2019-06-15 14:43:50,174 INFO  db.DBStoreBuilder (DBStoreBuilder.java:processTables(167)) - Using default column profile:DBProfile.DISK for Table:default
2019-06-15 14:43:50,175 INFO  db.DBStoreBuilder (DBStoreBuilder.java:getDbProfile(198)) - Using default options. DBProfile.DISK
2019-06-15 14:43:50,229 INFO  net.NodeSchemaLoader (NodeSchemaLoader.java:loadSchemaFromFile(125)) - Loading file from sun.misc.CompoundEnumeration@27ce24aa
2019-06-15 14:43:50,230 INFO  net.NodeSchemaLoader (NodeSchemaLoader.java:loadSchema(171)) - Loading network topology layer schema file
2019-06-15 14:43:50,282 INFO  node.SCMNodeManager (SCMNodeManager.java:<init>(119)) - Entering startup safe mode.
2019-06-15 14:43:50,353 WARN  server.ServerUtils (ServerUtils.java:getScmDbDir(145)) - ozone.scm.db.dirs is not configured. We recommend adding this setting. Falling back to ozone.metadata.dirs instead.
2019-06-15 14:43:50,371 INFO  pipeline.SCMPipelineManager (SCMPipelineManager.java:initializePipelineState(126)) - No pipeline exists in current db
2019-06-15 14:43:50,373 WARN  server.ServerUtils (ServerUtils.java:getScmDbDir(145)) - ozone.scm.db.dirs is not configured. We recommend adding this setting. Falling back to ozone.metadata.dirs instead.
2019-06-15 14:43:50,422 WARN  events.EventQueue (EventQueue.java:fireEvent(175)) - No event handler registered for event TypedEvent{payloadType=SafeModeStatus, name='SafeModeStatus'}
2019-06-15 14:43:50,694 INFO  ipc.CallQueueManager (CallQueueManager.java:<init>(84)) - Using callQueue: class java.util.concurrent.LinkedBlockingQueue, queueCapacity: 2000, scheduler: class org.apache.hadoop.ipc.DefaultRpcScheduler, ipcBackoff: false.
2019-06-15 14:43:50,733 INFO  ipc.Server (Server.java:run(1074)) - Starting Socket Reader #1 for port 35715
2019-06-15 14:43:50,752 INFO  ipc.CallQueueManager (CallQueueManager.java:<init>(84)) - Using callQueue: class java.util.concurrent.LinkedBlockingQueue, queueCapacity: 2000, scheduler: class org.apache.hadoop.ipc.DefaultRpcScheduler, ipcBackoff: false.
2019-06-15 14:43:50,752 INFO  ipc.Server (Server.java:run(1074)) - Starting Socket Reader #1 for port 42717
2019-06-15 14:43:50,758 INFO  ipc.CallQueueManager (CallQueueManager.java:<init>(84)) - Using callQueue: class java.util.concurrent.LinkedBlockingQueue, queueCapacity: 2000, scheduler: class org.apache.hadoop.ipc.DefaultRpcScheduler, ipcBackoff: false.
2019-06-15 14:43:50,758 INFO  ipc.Server (Server.java:run(1074)) - Starting Socket Reader #1 for port 36837
2019-06-15 14:43:50,773 INFO  hdfs.DFSUtil (DFSUtil.java:httpServerTemplateForNNAndJN(1641)) - Starting Web-server for scm at: http://0.0.0.0:0
2019-06-15 14:43:50,917 INFO  server.AuthenticationFilter (AuthenticationFilter.java:constructSecretProvider(240)) - Unable to initialize FileSignerSecretProvider, falling back to use random secrets.
2019-06-15 14:43:50,922 WARN  http.HttpRequestLog (HttpRequestLog.java:getRequestLog(97)) - Jetty request log can only be enabled using Log4j
2019-06-15 14:43:50,928 INFO  http.HttpServer2 (HttpServer2.java:addGlobalFilter(975)) - Added global filter 'safety' (class=org.apache.hadoop.http.HttpServer2$QuotingInputFilter)
2019-06-15 14:43:50,930 INFO  http.HttpServer2 (HttpServer2.java:addFilter(948)) - Added filter static_user_filter (class=org.apache.hadoop.http.lib.StaticUserWebFilter$StaticUserFilter) to context scm
2019-06-15 14:43:50,930 INFO  http.HttpServer2 (HttpServer2.java:addFilter(958)) - Added filter static_user_filter (class=org.apache.hadoop.http.lib.StaticUserWebFilter$StaticUserFilter) to context logs
2019-06-15 14:43:50,930 INFO  http.HttpServer2 (HttpServer2.java:addFilter(958)) - Added filter static_user_filter (class=org.apache.hadoop.http.lib.StaticUserWebFilter$StaticUserFilter) to context static
2019-06-15 14:43:50,950 INFO  server.StorageContainerManager (StorageContainerManager.java:start(753)) - StorageContainerLocationProtocol RPC server is listening at /0.0.0.0:36837
2019-06-15 14:43:50,994 WARN  impl.MetricsConfig (MetricsConfig.java:loadFirst(134)) - Cannot locate configuration: tried hadoop-metrics2-storagecontainermanager.properties,hadoop-metrics2.properties
2019-06-15 14:43:51,004 INFO  impl.MetricsSystemImpl (MetricsSystemImpl.java:startTimer(374)) - Scheduled Metric snapshot period at 10 second(s).
2019-06-15 14:43:51,004 INFO  impl.MetricsSystemImpl (MetricsSystemImpl.java:start(191)) - StorageContainerManager metrics system started
2019-06-15 14:43:51,176 INFO  server.SCMClientProtocolServer (SCMClientProtocolServer.java:start(149)) - RPC server for Client  is listening at /0.0.0.0:36837
2019-06-15 14:43:51,177 INFO  ipc.Server (Server.java:run(1314)) - IPC Server Responder: starting
2019-06-15 14:43:51,178 INFO  ipc.Server (Server.java:run(1153)) - IPC Server listener on 36837: starting
2019-06-15 14:43:51,187 INFO  server.StorageContainerManager (StorageContainerManager.java:start(762)) - ScmBlockLocationProtocol RPC server is listening at /0.0.0.0:42717
2019-06-15 14:43:51,188 INFO  server.SCMBlockProtocolServer (SCMBlockProtocolServer.java:start(137)) - RPC server for Block Protocol is listening at /0.0.0.0:42717
2019-06-15 14:43:51,188 INFO  ipc.Server (Server.java:run(1314)) - IPC Server Responder: starting
2019-06-15 14:43:51,188 INFO  ipc.Server (Server.java:run(1153)) - IPC Server listener on 42717: starting
2019-06-15 14:43:51,190 INFO  server.StorageContainerManager (StorageContainerManager.java:start(766)) - ScmDatanodeProtocl RPC server is listening at /0.0.0.0:35715
2019-06-15 14:43:51,190 INFO  server.SCMDatanodeProtocolServer (SCMDatanodeProtocolServer.java:start(191)) - RPC server for DataNodes is listening at /0.0.0.0:35715
2019-06-15 14:43:51,191 INFO  ipc.Server (Server.java:run(1314)) - IPC Server Responder: starting
2019-06-15 14:43:51,191 INFO  ipc.Server (Server.java:run(1153)) - IPC Server listener on 35715: starting
2019-06-15 14:43:51,194 INFO  http.HttpServer2 (HttpServer2.java:bindListener(1191)) - Jetty bound to port 39015
2019-06-15 14:43:51,196 INFO  server.Server (Server.java:doStart(351)) - jetty-9.3.24.v20180605, build timestamp: 2018-06-05T17:11:56Z, git hash: 84205aa28f11a4f31f2a3b86d1bba2cc8ab69827
2019-06-15 14:43:51,235 INFO  handler.ContextHandler (ContextHandler.java:doStart(781)) - Started o.e.j.s.ServletContextHandler@16c63f5{/logs,file:///opt/src/hadoop-ozone/integration-test/target/log,AVAILABLE}
2019-06-15 14:43:51,236 INFO  handler.ContextHandler (ContextHandler.java:doStart(781)) - Started o.e.j.s.ServletContextHandler@6d3c5255{/static,file:///opt/src/hadoop-ozone/integration-test/target/test-classes/webapps/static,AVAILABLE}
2019-06-15 14:43:51,263 INFO  handler.ContextHandler (ContextHandler.java:doStart(781)) - Started o.e.j.w.WebAppContext@2b62442c{/,file:///opt/src/hadoop-ozone/integration-test/target/test-classes/webapps/scm/,AVAILABLE}{/scm}
2019-06-15 14:43:51,268 INFO  server.AbstractConnector (AbstractConnector.java:doStart(278)) - Started ServerConnector@6e521c1e{HTTP/1.1,[http/1.1]}{0.0.0.0:39015}
2019-06-15 14:43:51,268 INFO  server.Server (Server.java:doStart(419)) - Started @1861ms
2019-06-15 14:43:51,269 INFO  server.BaseHttpServer (BaseHttpServer.java:updateConnectorAddress(207)) - HTTP server of SCM is listening at http://0.0.0.0:39015
2019-06-15 14:43:51,274 INFO  util.JvmPauseMonitor (JvmPauseMonitor.java:run(188)) - Starting JVM pause monitor
2019-06-15 14:43:51,277 WARN  scm.ScmUtils (ScmUtils.java:getDBPath(63)) - ozone.om.db.dirs is not configured. We recommend adding this setting. Falling back to ozone.metadata.dirs instead.
2019-06-15 14:43:51,349 WARN  scm.ScmUtils (ScmUtils.java:getDBPath(63)) - ozone.om.db.dirs is not configured. We recommend adding this setting. Falling back to ozone.metadata.dirs instead.
2019-06-15 14:43:51,350 INFO  om.OzoneManager (OzoneManager.java:setOMNodeDetails(532)) - OM Service ID is not set. Setting it to the default ID: omServiceIdDefault
2019-06-15 14:43:51,350 INFO  om.OzoneManager (OzoneManager.java:setOMNodeDetails(538)) - OM Node ID is not set. Setting it to the OmStorage's OmID: fd306097-3a4b-4167-aad8-b5d4353e231e
2019-06-15 14:43:51,351 WARN  scm.HddsServerUtil (HddsServerUtil.java:getDefaultRatisDirectory(354)) - Storage directory for Ratis is not configured. It is a good idea to map this to an SSD disk. Falling back to ozone.metadata.dirs
2019-06-15 14:43:51,352 WARN  scm.HddsServerUtil (HddsServerUtil.java:getDefaultRatisDirectory(354)) - Storage directory for Ratis is not configured. It is a good idea to map this to an SSD disk. Falling back to ozone.metadata.dirs
2019-06-15 14:43:51,352 INFO  om.OzoneManager (OzoneManager.java:loadOMHAConfigs(489)) - Found matching OM address with OMServiceId: null, OMNodeId: null, RPC Address: localhost:0 and Ratis port: 9872
2019-06-15 14:43:51,518 WARN  scm.ScmUtils (ScmUtils.java:getDBPath(63)) - ozone.om.db.dirs is not configured. We recommend adding this setting. Falling back to ozone.metadata.dirs instead.
2019-06-15 14:43:51,524 INFO  db.DBStoreBuilder (DBStoreBuilder.java:addTable(110)) - using custom profile for table: userTable
2019-06-15 14:43:51,524 INFO  db.DBStoreBuilder (DBStoreBuilder.java:processTables(161)) - Using default column profile:DBProfile.DISK for Table:userTable
2019-06-15 14:43:51,524 INFO  db.DBStoreBuilder (DBStoreBuilder.java:addTable(110)) - using custom profile for table: volumeTable
2019-06-15 14:43:51,524 INFO  db.DBStoreBuilder (DBStoreBuilder.java:processTables(161)) - Using default column profile:DBProfile.DISK for Table:volumeTable
2019-06-15 14:43:51,524 INFO  db.DBStoreBuilder (DBStoreBuilder.java:addTable(110)) - using custom profile for table: bucketTable
2019-06-15 14:43:51,524 INFO  db.DBStoreBuilder (DBStoreBuilder.java:processTables(161)) - Using default column profile:DBProfile.DISK for Table:bucketTable
2019-06-15 14:43:51,525 INFO  db.DBStoreBuilder (DBStoreBuilder.java:addTable(110)) - using custom profile for table: keyTable
2019-06-15 14:43:51,525 INFO  db.DBStoreBuilder (DBStoreBuilder.java:processTables(161)) - Using default column profile:DBProfile.DISK for Table:keyTable
2019-06-15 14:43:51,525 INFO  db.DBStoreBuilder (DBStoreBuilder.java:addTable(110)) - using custom profile for table: deletedTable
2019-06-15 14:43:51,525 INFO  db.DBStoreBuilder (DBStoreBuilder.java:processTables(161)) - Using default column profile:DBProfile.DISK for Table:deletedTable
2019-06-15 14:43:51,526 INFO  db.DBStoreBuilder (DBStoreBuilder.java:addTable(110)) - using custom profile for table: openKeyTable
2019-06-15 14:43:51,526 INFO  db.DBStoreBuilder (DBStoreBuilder.java:processTables(161)) - Using default column profile:DBProfile.DISK for Table:openKeyTable
2019-06-15 14:43:51,526 INFO  db.DBStoreBuilder (DBStoreBuilder.java:addTable(110)) - using custom profile for table: s3Table
2019-06-15 14:43:51,526 INFO  db.DBStoreBuilder (DBStoreBuilder.java:processTables(161)) - Using default column profile:DBProfile.DISK for Table:s3Table
2019-06-15 14:43:51,527 INFO  db.DBStoreBuilder (DBStoreBuilder.java:addTable(110)) - using custom profile for table: multipartInfoTable
2019-06-15 14:43:51,527 INFO  db.DBStoreBuilder (DBStoreBuilder.java:processTables(161)) - Using default column profile:DBProfile.DISK for Table:multipartInfoTable
2019-06-15 14:43:51,527 INFO  db.DBStoreBuilder (DBStoreBuilder.java:addTable(110)) - using custom profile for table: dTokenTable
2019-06-15 14:43:51,527 INFO  db.DBStoreBuilder (DBStoreBuilder.java:processTables(161)) - Using default column profile:DBProfile.DISK for Table:dTokenTable
2019-06-15 14:43:51,528 INFO  db.DBStoreBuilder (DBStoreBuilder.java:addTable(110)) - using custom profile for table: s3SecretTable
2019-06-15 14:43:51,528 INFO  db.DBStoreBuilder (DBStoreBuilder.java:processTables(161)) - Using default column profile:DBProfile.DISK for Table:s3SecretTable
2019-06-15 14:43:51,528 INFO  db.DBStoreBuilder (DBStoreBuilder.java:addTable(110)) - using custom profile for table: prefixTable
2019-06-15 14:43:51,528 INFO  db.DBStoreBuilder (DBStoreBuilder.java:processTables(161)) - Using default column profile:DBProfile.DISK for Table:prefixTable
2019-06-15 14:43:51,529 INFO  db.DBStoreBuilder (DBStoreBuilder.java:addTable(110)) - using custom profile for table: default
2019-06-15 14:43:51,529 INFO  db.DBStoreBuilder (DBStoreBuilder.java:processTables(167)) - Using default column profile:DBProfile.DISK for Table:default
2019-06-15 14:43:51,529 INFO  db.DBStoreBuilder (DBStoreBuilder.java:getDbProfile(198)) - Using default options. DBProfile.DISK
2019-06-15 14:43:52,025 INFO  ipc.CallQueueManager (CallQueueManager.java:<init>(84)) - Using callQueue: class java.util.concurrent.LinkedBlockingQueue, queueCapacity: 2000, scheduler: class org.apache.hadoop.ipc.DefaultRpcScheduler, ipcBackoff: false.
2019-06-15 14:43:52,048 INFO  ipc.Server (Server.java:run(1074)) - Starting Socket Reader #1 for port 46529
2019-06-15 14:43:52,073 WARN  scm.ScmUtils (ScmUtils.java:getDBPath(63)) - ozone.om.db.dirs is not configured. We recommend adding this setting. Falling back to ozone.metadata.dirs instead.
2019-06-15 14:43:52,074 INFO  om.OzoneManager (OzoneManager.java:start(1230)) - OzoneManager RPC server is listening at localhost/127.0.0.1:46529
2019-06-15 14:43:52,074 INFO  impl.MetricsSystemImpl (MetricsSystemImpl.java:init(158)) - OzoneManager metrics system started (again)
2019-06-15 14:43:52,075 INFO  ipc.Server (Server.java:run(1314)) - IPC Server Responder: starting
2019-06-15 14:43:52,075 INFO  ipc.Server (Server.java:run(1153)) - IPC Server listener on 46529: starting
2019-06-15 14:43:52,092 INFO  hdfs.DFSUtil (DFSUtil.java:httpServerTemplateForNNAndJN(1641)) - Starting Web-server for ozoneManager at: http://0.0.0.0:0
2019-06-15 14:43:52,093 INFO  server.AuthenticationFilter (AuthenticationFilter.java:constructSecretProvider(240)) - Unable to initialize FileSignerSecretProvider, falling back to use random secrets.
2019-06-15 14:43:52,093 WARN  http.HttpRequestLog (HttpRequestLog.java:getRequestLog(97)) - Jetty request log can only be enabled using Log4j
2019-06-15 14:43:52,095 INFO  http.HttpServer2 (HttpServer2.java:addGlobalFilter(975)) - Added global filter 'safety' (class=org.apache.hadoop.http.HttpServer2$QuotingInputFilter)
2019-06-15 14:43:52,095 INFO  http.HttpServer2 (HttpServer2.java:addFilter(948)) - Added filter static_user_filter (class=org.apache.hadoop.http.lib.StaticUserWebFilter$StaticUserFilter) to context ozoneManager
2019-06-15 14:43:52,096 INFO  http.HttpServer2 (HttpServer2.java:addFilter(958)) - Added filter static_user_filter (class=org.apache.hadoop.http.lib.StaticUserWebFilter$StaticUserFilter) to context logs
2019-06-15 14:43:52,096 INFO  http.HttpServer2 (HttpServer2.java:addFilter(958)) - Added filter static_user_filter (class=org.apache.hadoop.http.lib.StaticUserWebFilter$StaticUserFilter) to context static
2019-06-15 14:43:52,098 INFO  http.HttpServer2 (HttpServer2.java:bindListener(1191)) - Jetty bound to port 36059
2019-06-15 14:43:52,098 INFO  server.Server (Server.java:doStart(351)) - jetty-9.3.24.v20180605, build timestamp: 2018-06-05T17:11:56Z, git hash: 84205aa28f11a4f31f2a3b86d1bba2cc8ab69827
2019-06-15 14:43:52,099 INFO  handler.ContextHandler (ContextHandler.java:doStart(781)) - Started o.e.j.s.ServletContextHandler@3d7fa3ae{/logs,file:///opt/src/hadoop-ozone/integration-test/target/log,AVAILABLE}
2019-06-15 14:43:52,100 INFO  handler.ContextHandler (ContextHandler.java:doStart(781)) - Started o.e.j.s.ServletContextHandler@3605c4d3{/static,file:///opt/src/hadoop-ozone/integration-test/target/test-classes/webapps/static,AVAILABLE}
2019-06-15 14:43:52,104 INFO  handler.ContextHandler (ContextHandler.java:doStart(781)) - Started o.e.j.w.WebAppContext@7b60c3e{/,file:///opt/src/hadoop-ozone/integration-test/target/test-classes/webapps/ozoneManager/,AVAILABLE}{/ozoneManager}
2019-06-15 14:43:52,105 INFO  server.AbstractConnector (AbstractConnector.java:doStart(278)) - Started ServerConnector@3fbfa96{HTTP/1.1,[http/1.1]}{0.0.0.0:36059}
2019-06-15 14:43:52,105 INFO  server.Server (Server.java:doStart(419)) - Started @2697ms
2019-06-15 14:43:52,106 INFO  server.BaseHttpServer (BaseHttpServer.java:updateConnectorAddress(207)) - HTTP server of OZONEMANAGER is listening at http://0.0.0.0:36059
2019-06-15 14:43:52,255 INFO  impl.MetricsSystemImpl (MetricsSystemImpl.java:init(158)) - HddsDatanode metrics system started (again)
2019-06-15 14:43:52,418 INFO  ozone.HddsDatanodeService (HddsDatanodeService.java:start(185)) - HddsDatanodeService host:ozone-unit-076618677d3-4xtgz-810526965 ip:192.168.11.227
2019-06-15 14:43:52,440 INFO  volume.HddsVolume (HddsVolume.java:<init>(176)) - Creating Volume: /opt/src/hadoop-ozone/integration-test/target/test-dir/MiniOzoneClusterImpl-e082ae51-afbe-444c-8e57-1bcdb22f819c/datanode-0/data/containers/hdds of  storage type : DISK and capacity : 104021790720
2019-06-15 14:43:52,442 INFO  volume.VolumeSet (VolumeSet.java:initializeVolumeSet(170)) - Added Volume : /opt/src/hadoop-ozone/integration-test/target/test-dir/MiniOzoneClusterImpl-e082ae51-afbe-444c-8e57-1bcdb22f819c/datanode-0/data/containers/hdds to VolumeSet
2019-06-15 14:43:52,444 INFO  volume.ThrottledAsyncChecker (ThrottledAsyncChecker.java:schedule(140)) - Scheduling a check for org.apache.hadoop.ozone.container.common.volume.HddsVolume@5fb7183b
2019-06-15 14:43:52,458 INFO  volume.HddsVolumeChecker (HddsVolumeChecker.java:checkAllVolumes(203)) - Scheduled health check for volume org.apache.hadoop.ozone.container.common.volume.HddsVolume@5fb7183b
2019-06-15 14:43:52,493 INFO  ratis.XceiverServerRatis (XceiverServerRatis.java:newXceiverServerRatis(401)) - Found a free port for the server : 38745
2019-06-15 14:43:52,551 INFO  impl.RaftServerProxy (ConfUtils.java:logGet(43)) - raft.rpc.type = GRPC (default)
2019-06-15 14:43:52,560 INFO  grpc.GrpcConfigKeys$Server (ConfUtils.java:logGet(43)) - raft.grpc.server.port = 38745 (custom)
2019-06-15 14:43:52,561 INFO  server.GrpcService (ConfUtils.java:logGet(43)) - raft.grpc.message.size.max = 33570816 (custom)
2019-06-15 14:43:52,562 INFO  server.RaftServerConfigKeys (ConfUtils.java:logGet(43)) - raft.server.log.appender.buffer.byte-limit = 33554432 (custom)
2019-06-15 14:43:52,563 INFO  server.GrpcService (ConfUtils.java:logGet(43)) - raft.grpc.flow.control.window = 1MB (=1048576) (default)
2019-06-15 14:43:52,563 INFO  server.RaftServerConfigKeys (ConfUtils.java:logGet(43)) - raft.server.rpc.request.timeout = 3000ms (default)
2019-06-15 14:43:52,685 INFO  server.RaftServerConfigKeys (ConfUtils.java:logGet(43)) - raft.server.storage.dir = [/opt/src/hadoop-ozone/integration-test/target/test-dir/MiniOzoneClusterImpl-e082ae51-afbe-444c-8e57-1bcdb22f819c/datanode-0/data/ratis] (custom)
2019-06-15 14:43:52,691 INFO  server.XceiverServerGrpc (XceiverServerGrpc.java:<init>(97)) - Found a free port for the server : 45967
2019-06-15 14:43:52,714 INFO  replication.SimpleContainerDownloader (SimpleContainerDownloader.java:<init>(72)) - Starting container downloader service to copy containers to replicate.
2019-06-15 14:43:52,725 INFO  hdfs.DFSUtil (DFSUtil.java:httpServerTemplateForNNAndJN(1641)) - Starting Web-server for hddsDatanode at: http://0.0.0.0:0
2019-06-15 14:43:52,726 INFO  server.AuthenticationFilter (AuthenticationFilter.java:constructSecretProvider(240)) - Unable to initialize FileSignerSecretProvider, falling back to use random secrets.
2019-06-15 14:43:52,726 WARN  http.HttpRequestLog (HttpRequestLog.java:getRequestLog(97)) - Jetty request log can only be enabled using Log4j
2019-06-15 14:43:52,728 INFO  http.HttpServer2 (HttpServer2.java:addGlobalFilter(975)) - Added global filter 'safety' (class=org.apache.hadoop.http.HttpServer2$QuotingInputFilter)
2019-06-15 14:43:52,728 INFO  http.HttpServer2 (HttpServer2.java:addFilter(948)) - Added filter static_user_filter (class=org.apache.hadoop.http.lib.StaticUserWebFilter$StaticUserFilter) to context hddsDatanode
2019-06-15 14:43:52,729 INFO  http.HttpServer2 (HttpServer2.java:addFilter(958)) - Added filter static_user_filter (class=org.apache.hadoop.http.lib.StaticUserWebFilter$StaticUserFilter) to context static
2019-06-15 14:43:52,729 INFO  http.HttpServer2 (HttpServer2.java:addFilter(958)) - Added filter static_user_filter (class=org.apache.hadoop.http.lib.StaticUserWebFilter$StaticUserFilter) to context logs
2019-06-15 14:43:52,729 INFO  http.HttpServer2 (HttpServer2.java:bindListener(1191)) - Jetty bound to port 44325
2019-06-15 14:43:52,729 INFO  server.Server (Server.java:doStart(351)) - jetty-9.3.24.v20180605, build timestamp: 2018-06-05T17:11:56Z, git hash: 84205aa28f11a4f31f2a3b86d1bba2cc8ab69827
2019-06-15 14:43:52,734 INFO  handler.ContextHandler (ContextHandler.java:doStart(781)) - Started o.e.j.s.ServletContextHandler@4cdb8504{/logs,file:///opt/src/hadoop-ozone/integration-test/target/log,AVAILABLE}
2019-06-15 14:43:52,734 INFO  handler.ContextHandler (ContextHandler.java:doStart(781)) - Started o.e.j.s.ServletContextHandler@10358c32{/static,jar:file:/home/user/.m2/repository/org/apache/hadoop/hadoop-hdds-container-service/0.5.0-SNAPSHOT/hadoop-hdds-container-service-0.5.0-SNAPSHOT.jar!/webapps/static,AVAILABLE}
2019-06-15 14:43:52,759 INFO  handler.ContextHandler (ContextHandler.java:doStart(781)) - Started o.e.j.w.WebAppContext@53830483{/,file:///tmp/jetty-0.0.0.0-44325-hddsDatanode-_-any-3388514005398582291.dir/webapp/,AVAILABLE}{/hddsDatanode}
2019-06-15 14:43:52,759 INFO  server.AbstractConnector (AbstractConnector.java:doStart(278)) - Started ServerConnector@29f85fe1{HTTP/1.1,[http/1.1]}{0.0.0.0:44325}
2019-06-15 14:43:52,759 INFO  server.Server (Server.java:doStart(419)) - Started @3352ms
2019-06-15 14:43:52,760 INFO  server.BaseHttpServer (BaseHttpServer.java:updateConnectorAddress(207)) - HTTP server of HDDSDATANODE is listening at http://0.0.0.0:44325
2019-06-15 14:43:53,606 INFO  ozone.HddsDatanodeService (HddsDatanodeService.java:startPlugins(396)) - Started plug-in org.apache.hadoop.ozone.web.OzoneHddsDatanodeService@1c34365c
2019-06-15 14:43:53,607 INFO  impl.MetricsSystemImpl (MetricsSystemImpl.java:init(158)) - HddsDatanode metrics system started (again)
2019-06-15 14:43:53,607 INFO  ozone.HddsDatanodeService (HddsDatanodeService.java:start(185)) - HddsDatanodeService host:ozone-unit-076618677d3-4xtgz-810526965 ip:192.168.11.227
2019-06-15 14:43:53,616 INFO  util.JvmPauseMonitor (JvmPauseMonitor.java:run(188)) - Starting JVM pause monitor
2019-06-15 14:43:53,619 INFO  volume.HddsVolume (HddsVolume.java:<init>(176)) - Creating Volume: /opt/src/hadoop-ozone/integration-test/target/test-dir/MiniOzoneClusterImpl-e082ae51-afbe-444c-8e57-1bcdb22f819c/datanode-1/data/containers/hdds of  storage type : DISK and capacity : 104021790720
2019-06-15 14:43:53,619 INFO  volume.VolumeSet (VolumeSet.java:initializeVolumeSet(170)) - Added Volume : /opt/src/hadoop-ozone/integration-test/target/test-dir/MiniOzoneClusterImpl-e082ae51-afbe-444c-8e57-1bcdb22f819c/datanode-1/data/containers/hdds to VolumeSet
2019-06-15 14:43:53,619 INFO  volume.ThrottledAsyncChecker (ThrottledAsyncChecker.java:schedule(140)) - Scheduling a check for org.apache.hadoop.ozone.container.common.volume.HddsVolume@3fde8f7c
2019-06-15 14:43:53,623 INFO  volume.HddsVolumeChecker (HddsVolumeChecker.java:checkAllVolumes(203)) - Scheduled health check for volume org.apache.hadoop.ozone.container.common.volume.HddsVolume@3fde8f7c
2019-06-15 14:43:53,635 INFO  ratis.XceiverServerRatis (XceiverServerRatis.java:newXceiverServerRatis(401)) - Found a free port for the server : 42291
2019-06-15 14:43:53,636 INFO  impl.RaftServerProxy (ConfUtils.java:logGet(43)) - raft.rpc.type = GRPC (default)
2019-06-15 14:43:53,636 INFO  grpc.GrpcConfigKeys$Server (ConfUtils.java:logGet(43)) - raft.grpc.server.port = 42291 (custom)
2019-06-15 14:43:53,636 INFO  server.GrpcService (ConfUtils.java:logGet(43)) - raft.grpc.message.size.max = 33570816 (custom)
2019-06-15 14:43:53,636 INFO  server.RaftServerConfigKeys (ConfUtils.java:logGet(43)) - raft.server.log.appender.buffer.byte-limit = 33554432 (custom)
2019-06-15 14:43:53,637 INFO  server.GrpcService (ConfUtils.java:logGet(43)) - raft.grpc.flow.control.window = 1MB (=1048576) (default)
2019-06-15 14:43:53,637 INFO  server.RaftServerConfigKeys (ConfUtils.java:logGet(43)) - raft.server.rpc.request.timeout = 3000ms (default)
2019-06-15 14:43:53,637 INFO  server.RaftServerConfigKeys (ConfUtils.java:logGet(43)) - raft.server.storage.dir = [/opt/src/hadoop-ozone/integration-test/target/test-dir/MiniOzoneClusterImpl-e082ae51-afbe-444c-8e57-1bcdb22f819c/datanode-1/data/ratis] (custom)
2019-06-15 14:43:53,638 INFO  server.XceiverServerGrpc (XceiverServerGrpc.java:<init>(97)) - Found a free port for the server : 39641
2019-06-15 14:43:53,638 INFO  replication.SimpleContainerDownloader (SimpleContainerDownloader.java:<init>(72)) - Starting container downloader service to copy containers to replicate.
2019-06-15 14:43:53,639 INFO  hdfs.DFSUtil (DFSUtil.java:httpServerTemplateForNNAndJN(1641)) - Starting Web-server for hddsDatanode at: http://0.0.0.0:0
2019-06-15 14:43:53,641 INFO  server.AuthenticationFilter (AuthenticationFilter.java:constructSecretProvider(240)) - Unable to initialize FileSignerSecretProvider, falling back to use random secrets.
2019-06-15 14:43:53,644 WARN  http.HttpRequestLog (HttpRequestLog.java:getRequestLog(97)) - Jetty request log can only be enabled using Log4j
2019-06-15 14:43:53,645 INFO  http.HttpServer2 (HttpServer2.java:addGlobalFilter(975)) - Added global filter 'safety' (class=org.apache.hadoop.http.HttpServer2$QuotingInputFilter)
2019-06-15 14:43:53,645 INFO  http.HttpServer2 (HttpServer2.java:addFilter(948)) - Added filter static_user_filter (class=org.apache.hadoop.http.lib.StaticUserWebFilter$StaticUserFilter) to context hddsDatanode
2019-06-15 14:43:53,646 INFO  http.HttpServer2 (HttpServer2.java:addFilter(958)) - Added filter static_user_filter (class=org.apache.hadoop.http.lib.StaticUserWebFilter$StaticUserFilter) to context logs
2019-06-15 14:43:53,646 INFO  http.HttpServer2 (HttpServer2.java:addFilter(958)) - Added filter static_user_filter (class=org.apache.hadoop.http.lib.StaticUserWebFilter$StaticUserFilter) to context static
2019-06-15 14:43:53,646 INFO  http.HttpServer2 (HttpServer2.java:bindListener(1191)) - Jetty bound to port 43639
2019-06-15 14:43:53,646 INFO  server.Server (Server.java:doStart(351)) - jetty-9.3.24.v20180605, build timestamp: 2018-06-05T17:11:56Z, git hash: 84205aa28f11a4f31f2a3b86d1bba2cc8ab69827
2019-06-15 14:43:53,655 INFO  handler.ContextHandler (ContextHandler.java:doStart(781)) - Started o.e.j.s.ServletContextHandler@1e01b133{/logs,file:///opt/src/hadoop-ozone/integration-test/target/log,AVAILABLE}
2019-06-15 14:43:53,656 INFO  handler.ContextHandler (ContextHandler.java:doStart(781)) - Started o.e.j.s.ServletContextHandler@6be6931f{/static,jar:file:/home/user/.m2/repository/org/apache/hadoop/hadoop-hdds-container-service/0.5.0-SNAPSHOT/hadoop-hdds-container-service-0.5.0-SNAPSHOT.jar!/webapps/static,AVAILABLE}
2019-06-15 14:43:53,691 INFO  handler.ContextHandler (ContextHandler.java:doStart(781)) - Started o.e.j.w.WebAppContext@4d705112{/,file:///tmp/jetty-0.0.0.0-43639-hddsDatanode-_-any-4768128370034642996.dir/webapp/,AVAILABLE}{/hddsDatanode}
2019-06-15 14:43:53,692 INFO  server.AbstractConnector (AbstractConnector.java:doStart(278)) - Started ServerConnector@590765c4{HTTP/1.1,[http/1.1]}{0.0.0.0:43639}
2019-06-15 14:43:53,692 INFO  server.Server (Server.java:doStart(419)) - Started @4284ms
2019-06-15 14:43:53,693 INFO  server.BaseHttpServer (BaseHttpServer.java:updateConnectorAddress(207)) - HTTP server of HDDSDATANODE is listening at http://0.0.0.0:43639
2019-06-15 14:43:53,709 INFO  datanode.InitDatanodeState (InitDatanodeState.java:persistContainerDatanodeDetails(140)) - DatanodeDetails is persisted to /opt/src/hadoop-ozone/integration-test/target/test-dir/MiniOzoneClusterImpl-e082ae51-afbe-444c-8e57-1bcdb22f819c/datanode-0/meta/datanode.id
2019-06-15 14:43:53,828 INFO  ozone.HddsDatanodeService (HddsDatanodeService.java:startPlugins(396)) - Started plug-in org.apache.hadoop.ozone.web.OzoneHddsDatanodeService@bd3eff4
2019-06-15 14:43:53,828 INFO  impl.MetricsSystemImpl (MetricsSystemImpl.java:init(158)) - HddsDatanode metrics system started (again)
2019-06-15 14:43:53,828 INFO  ozone.HddsDatanodeService (HddsDatanodeService.java:start(185)) - HddsDatanodeService host:ozone-unit-076618677d3-4xtgz-810526965 ip:192.168.11.227
2019-06-15 14:43:53,833 INFO  util.JvmPauseMonitor (JvmPauseMonitor.java:run(188)) - Starting JVM pause monitor
2019-06-15 14:43:53,843 INFO  volume.HddsVolume (HddsVolume.java:<init>(176)) - Creating Volume: /opt/src/hadoop-ozone/integration-test/target/test-dir/MiniOzoneClusterImpl-e082ae51-afbe-444c-8e57-1bcdb22f819c/datanode-2/data/containers/hdds of  storage type : DISK and capacity : 104021790720
2019-06-15 14:43:53,843 INFO  volume.VolumeSet (VolumeSet.java:initializeVolumeSet(170)) - Added Volume : /opt/src/hadoop-ozone/integration-test/target/test-dir/MiniOzoneClusterImpl-e082ae51-afbe-444c-8e57-1bcdb22f819c/datanode-2/data/containers/hdds to VolumeSet
2019-06-15 14:43:53,843 INFO  datanode.InitDatanodeState (InitDatanodeState.java:persistContainerDatanodeDetails(140)) - DatanodeDetails is persisted to /opt/src/hadoop-ozone/integration-test/target/test-dir/MiniOzoneClusterImpl-e082ae51-afbe-444c-8e57-1bcdb22f819c/datanode-1/meta/datanode.id
2019-06-15 14:43:53,844 INFO  volume.ThrottledAsyncChecker (ThrottledAsyncChecker.java:schedule(140)) - Scheduling a check for org.apache.hadoop.ozone.container.common.volume.HddsVolume@5e9bbd9d
2019-06-15 14:43:53,844 INFO  volume.HddsVolumeChecker (HddsVolumeChecker.java:checkAllVolumes(203)) - Scheduled health check for volume org.apache.hadoop.ozone.container.common.volume.HddsVolume@5e9bbd9d
2019-06-15 14:43:53,858 INFO  ratis.XceiverServerRatis (XceiverServerRatis.java:newXceiverServerRatis(401)) - Found a free port for the server : 36027
2019-06-15 14:43:53,860 INFO  impl.RaftServerProxy (ConfUtils.java:logGet(43)) - raft.rpc.type = GRPC (default)
2019-06-15 14:43:53,860 INFO  grpc.GrpcConfigKeys$Server (ConfUtils.java:logGet(43)) - raft.grpc.server.port = 36027 (custom)
2019-06-15 14:43:53,860 INFO  server.GrpcService (ConfUtils.java:logGet(43)) - raft.grpc.message.size.max = 33570816 (custom)
2019-06-15 14:43:53,860 INFO  server.RaftServerConfigKeys (ConfUtils.java:logGet(43)) - raft.server.log.appender.buffer.byte-limit = 33554432 (custom)
2019-06-15 14:43:53,861 INFO  server.GrpcService (ConfUtils.java:logGet(43)) - raft.grpc.flow.control.window = 1MB (=1048576) (default)
2019-06-15 14:43:53,861 INFO  server.RaftServerConfigKeys (ConfUtils.java:logGet(43)) - raft.server.rpc.request.timeout = 3000ms (default)
2019-06-15 14:43:53,861 INFO  server.RaftServerConfigKeys (ConfUtils.java:logGet(43)) - raft.server.storage.dir = [/opt/src/hadoop-ozone/integration-test/target/test-dir/MiniOzoneClusterImpl-e082ae51-afbe-444c-8e57-1bcdb22f819c/datanode-2/data/ratis] (custom)
2019-06-15 14:43:53,862 INFO  server.XceiverServerGrpc (XceiverServerGrpc.java:<init>(97)) - Found a free port for the server : 41273
2019-06-15 14:43:53,863 INFO  replication.SimpleContainerDownloader (SimpleContainerDownloader.java:<init>(72)) - Starting container downloader service to copy containers to replicate.
2019-06-15 14:43:53,864 INFO  hdfs.DFSUtil (DFSUtil.java:httpServerTemplateForNNAndJN(1641)) - Starting Web-server for hddsDatanode at: http://0.0.0.0:0
2019-06-15 14:43:53,865 INFO  server.AuthenticationFilter (AuthenticationFilter.java:constructSecretProvider(240)) - Unable to initialize FileSignerSecretProvider, falling back to use random secrets.
2019-06-15 14:43:53,866 WARN  http.HttpRequestLog (HttpRequestLog.java:getRequestLog(97)) - Jetty request log can only be enabled using Log4j
2019-06-15 14:43:53,867 INFO  http.HttpServer2 (HttpServer2.java:addGlobalFilter(975)) - Added global filter 'safety' (class=org.apache.hadoop.http.HttpServer2$QuotingInputFilter)
2019-06-15 14:43:53,868 INFO  http.HttpServer2 (HttpServer2.java:addFilter(948)) - Added filter static_user_filter (class=org.apache.hadoop.http.lib.StaticUserWebFilter$StaticUserFilter) to context hddsDatanode
2019-06-15 14:43:53,868 INFO  http.HttpServer2 (HttpServer2.java:addFilter(958)) - Added filter static_user_filter (class=org.apache.hadoop.http.lib.StaticUserWebFilter$StaticUserFilter) to context static
2019-06-15 14:43:53,868 INFO  http.HttpServer2 (HttpServer2.java:addFilter(958)) - Added filter static_user_filter (class=org.apache.hadoop.http.lib.StaticUserWebFilter$StaticUserFilter) to context logs
2019-06-15 14:43:53,869 INFO  http.HttpServer2 (HttpServer2.java:bindListener(1191)) - Jetty bound to port 33851
2019-06-15 14:43:53,869 INFO  server.Server (Server.java:doStart(351)) - jetty-9.3.24.v20180605, build timestamp: 2018-06-05T17:11:56Z, git hash: 84205aa28f11a4f31f2a3b86d1bba2cc8ab69827
2019-06-15 14:43:53,871 INFO  handler.ContextHandler (ContextHandler.java:doStart(781)) - Started o.e.j.s.ServletContextHandler@4e80a001{/logs,file:///opt/src/hadoop-ozone/integration-test/target/log,AVAILABLE}
2019-06-15 14:43:53,871 INFO  handler.ContextHandler (ContextHandler.java:doStart(781)) - Started o.e.j.s.ServletContextHandler@50b46e24{/static,jar:file:/home/user/.m2/repository/org/apache/hadoop/hadoop-hdds-container-service/0.5.0-SNAPSHOT/hadoop-hdds-container-service-0.5.0-SNAPSHOT.jar!/webapps/static,AVAILABLE}
2019-06-15 14:43:53,892 INFO  handler.ContextHandler (ContextHandler.java:doStart(781)) - Started o.e.j.w.WebAppContext@10980560{/,file:///tmp/jetty-0.0.0.0-33851-hddsDatanode-_-any-2689644025530592549.dir/webapp/,AVAILABLE}{/hddsDatanode}
2019-06-15 14:43:53,893 INFO  server.AbstractConnector (AbstractConnector.java:doStart(278)) - Started ServerConnector@739e8b96{HTTP/1.1,[http/1.1]}{0.0.0.0:33851}
2019-06-15 14:43:53,893 INFO  server.Server (Server.java:doStart(419)) - Started @4486ms
2019-06-15 14:43:53,894 INFO  server.BaseHttpServer (BaseHttpServer.java:updateConnectorAddress(207)) - HTTP server of HDDSDATANODE is listening at http://0.0.0.0:33851
2019-06-15 14:43:53,996 INFO  ozone.HddsDatanodeService (HddsDatanodeService.java:startPlugins(396)) - Started plug-in org.apache.hadoop.ozone.web.OzoneHddsDatanodeService@601eb4af
2019-06-15 14:43:53,996 INFO  impl.MetricsSystemImpl (MetricsSystemImpl.java:init(158)) - HddsDatanode metrics system started (again)
2019-06-15 14:43:53,997 INFO  ozone.HddsDatanodeService (HddsDatanodeService.java:start(185)) - HddsDatanodeService host:ozone-unit-076618677d3-4xtgz-810526965 ip:192.168.11.227
2019-06-15 14:43:53,999 INFO  util.JvmPauseMonitor (JvmPauseMonitor.java:run(188)) - Starting JVM pause monitor
2019-06-15 14:43:54,010 INFO  volume.HddsVolume (HddsVolume.java:<init>(176)) - Creating Volume: /opt/src/hadoop-ozone/integration-test/target/test-dir/MiniOzoneClusterImpl-e082ae51-afbe-444c-8e57-1bcdb22f819c/datanode-3/data/containers/hdds of  storage type : DISK and capacity : 104021790720
2019-06-15 14:43:54,010 INFO  volume.VolumeSet (VolumeSet.java:initializeVolumeSet(170)) - Added Volume : /opt/src/hadoop-ozone/integration-test/target/test-dir/MiniOzoneClusterImpl-e082ae51-afbe-444c-8e57-1bcdb22f819c/datanode-3/data/containers/hdds to VolumeSet
2019-06-15 14:43:54,010 INFO  volume.ThrottledAsyncChecker (ThrottledAsyncChecker.java:schedule(140)) - Scheduling a check for org.apache.hadoop.ozone.container.common.volume.HddsVolume@773c2214
2019-06-15 14:43:54,011 INFO  datanode.InitDatanodeState (InitDatanodeState.java:persistContainerDatanodeDetails(140)) - DatanodeDetails is persisted to /opt/src/hadoop-ozone/integration-test/target/test-dir/MiniOzoneClusterImpl-e082ae51-afbe-444c-8e57-1bcdb22f819c/datanode-2/meta/datanode.id
2019-06-15 14:43:54,013 INFO  volume.HddsVolumeChecker (HddsVolumeChecker.java:checkAllVolumes(203)) - Scheduled health check for volume org.apache.hadoop.ozone.container.common.volume.HddsVolume@773c2214
2019-06-15 14:43:54,027 INFO  ratis.XceiverServerRatis (XceiverServerRatis.java:newXceiverServerRatis(401)) - Found a free port for the server : 38013
2019-06-15 14:43:54,028 INFO  impl.RaftServerProxy (ConfUtils.java:logGet(43)) - raft.rpc.type = GRPC (default)
2019-06-15 14:43:54,029 INFO  grpc.GrpcConfigKeys$Server (ConfUtils.java:logGet(43)) - raft.grpc.server.port = 38013 (custom)
2019-06-15 14:43:54,029 INFO  server.GrpcService (ConfUtils.java:logGet(43)) - raft.grpc.message.size.max = 33570816 (custom)
2019-06-15 14:43:54,029 INFO  server.RaftServerConfigKeys (ConfUtils.java:logGet(43)) - raft.server.log.appender.buffer.byte-limit = 33554432 (custom)
2019-06-15 14:43:54,029 INFO  server.GrpcService (ConfUtils.java:logGet(43)) - raft.grpc.flow.control.window = 1MB (=1048576) (default)
2019-06-15 14:43:54,030 INFO  server.RaftServerConfigKeys (ConfUtils.java:logGet(43)) - raft.server.rpc.request.timeout = 3000ms (default)
2019-06-15 14:43:54,030 INFO  server.RaftServerConfigKeys (ConfUtils.java:logGet(43)) - raft.server.storage.dir = [/opt/src/hadoop-ozone/integration-test/target/test-dir/MiniOzoneClusterImpl-e082ae51-afbe-444c-8e57-1bcdb22f819c/datanode-3/data/ratis] (custom)
2019-06-15 14:43:54,031 INFO  server.XceiverServerGrpc (XceiverServerGrpc.java:<init>(97)) - Found a free port for the server : 33067
2019-06-15 14:43:54,031 INFO  replication.SimpleContainerDownloader (SimpleContainerDownloader.java:<init>(72)) - Starting container downloader service to copy containers to replicate.
2019-06-15 14:43:54,032 INFO  hdfs.DFSUtil (DFSUtil.java:httpServerTemplateForNNAndJN(1641)) - Starting Web-server for hddsDatanode at: http://0.0.0.0:0
2019-06-15 14:43:54,033 INFO  server.AuthenticationFilter (AuthenticationFilter.java:constructSecretProvider(240)) - Unable to initialize FileSignerSecretProvider, falling back to use random secrets.
2019-06-15 14:43:54,034 WARN  http.HttpRequestLog (HttpRequestLog.java:getRequestLog(97)) - Jetty request log can only be enabled using Log4j
2019-06-15 14:43:54,035 INFO  http.HttpServer2 (HttpServer2.java:addGlobalFilter(975)) - Added global filter 'safety' (class=org.apache.hadoop.http.HttpServer2$QuotingInputFilter)
2019-06-15 14:43:54,036 INFO  http.HttpServer2 (HttpServer2.java:addFilter(948)) - Added filter static_user_filter (class=org.apache.hadoop.http.lib.StaticUserWebFilter$StaticUserFilter) to context hddsDatanode
2019-06-15 14:43:54,036 INFO  http.HttpServer2 (HttpServer2.java:addFilter(958)) - Added filter static_user_filter (class=org.apache.hadoop.http.lib.StaticUserWebFilter$StaticUserFilter) to context static
2019-06-15 14:43:54,036 INFO  http.HttpServer2 (HttpServer2.java:addFilter(958)) - Added filter static_user_filter (class=org.apache.hadoop.http.lib.StaticUserWebFilter$StaticUserFilter) to context logs
2019-06-15 14:43:54,037 INFO  http.HttpServer2 (HttpServer2.java:bindListener(1191)) - Jetty bound to port 36249
2019-06-15 14:43:54,037 INFO  server.Server (Server.java:doStart(351)) - jetty-9.3.24.v20180605, build timestamp: 2018-06-05T17:11:56Z, git hash: 84205aa28f11a4f31f2a3b86d1bba2cc8ab69827
2019-06-15 14:43:54,041 INFO  handler.ContextHandler (ContextHandler.java:doStart(781)) - Started o.e.j.s.ServletContextHandler@22a260ff{/logs,file:///opt/src/hadoop-ozone/integration-test/target/log,AVAILABLE}
2019-06-15 14:43:54,043 INFO  handler.ContextHandler (ContextHandler.java:doStart(781)) - Started o.e.j.s.ServletContextHandler@50b734c4{/static,jar:file:/home/user/.m2/repository/org/apache/hadoop/hadoop-hdds-container-service/0.5.0-SNAPSHOT/hadoop-hdds-container-service-0.5.0-SNAPSHOT.jar!/webapps/static,AVAILABLE}
2019-06-15 14:43:54,065 INFO  handler.ContextHandler (ContextHandler.java:doStart(781)) - Started o.e.j.w.WebAppContext@6c3f1658{/,file:///tmp/jetty-0.0.0.0-36249-hddsDatanode-_-any-5783354899168758833.dir/webapp/,AVAILABLE}{/hddsDatanode}
2019-06-15 14:43:54,066 INFO  server.AbstractConnector (AbstractConnector.java:doStart(278)) - Started ServerConnector@110e9982{HTTP/1.1,[http/1.1]}{0.0.0.0:36249}
2019-06-15 14:43:54,067 INFO  server.Server (Server.java:doStart(419)) - Started @4659ms
2019-06-15 14:43:54,068 INFO  server.BaseHttpServer (BaseHttpServer.java:updateConnectorAddress(207)) - HTTP server of HDDSDATANODE is listening at http://0.0.0.0:36249
2019-06-15 14:43:54,192 INFO  ozone.HddsDatanodeService (HddsDatanodeService.java:startPlugins(396)) - Started plug-in org.apache.hadoop.ozone.web.OzoneHddsDatanodeService@72ecbcb3
2019-06-15 14:43:54,192 INFO  impl.MetricsSystemImpl (MetricsSystemImpl.java:init(158)) - HddsDatanode metrics system started (again)
2019-06-15 14:43:54,192 INFO  ozone.HddsDatanodeService (HddsDatanodeService.java:start(185)) - HddsDatanodeService host:ozone-unit-076618677d3-4xtgz-810526965 ip:192.168.11.227
2019-06-15 14:43:54,199 INFO  util.JvmPauseMonitor (JvmPauseMonitor.java:run(188)) - Starting JVM pause monitor
2019-06-15 14:43:54,205 INFO  volume.HddsVolume (HddsVolume.java:<init>(176)) - Creating Volume: /opt/src/hadoop-ozone/integration-test/target/test-dir/MiniOzoneClusterImpl-e082ae51-afbe-444c-8e57-1bcdb22f819c/datanode-4/data/containers/hdds of  storage type : DISK and capacity : 104021790720
2019-06-15 14:43:54,205 INFO  volume.VolumeSet (VolumeSet.java:initializeVolumeSet(170)) - Added Volume : /opt/src/hadoop-ozone/integration-test/target/test-dir/MiniOzoneClusterImpl-e082ae51-afbe-444c-8e57-1bcdb22f819c/datanode-4/data/containers/hdds to VolumeSet
2019-06-15 14:43:54,206 INFO  volume.ThrottledAsyncChecker (ThrottledAsyncChecker.java:schedule(140)) - Scheduling a check for org.apache.hadoop.ozone.container.common.volume.HddsVolume@5e85c21b
2019-06-15 14:43:54,206 INFO  datanode.InitDatanodeState (InitDatanodeState.java:persistContainerDatanodeDetails(140)) - DatanodeDetails is persisted to /opt/src/hadoop-ozone/integration-test/target/test-dir/MiniOzoneClusterImpl-e082ae51-afbe-444c-8e57-1bcdb22f819c/datanode-3/meta/datanode.id
2019-06-15 14:43:54,215 INFO  volume.HddsVolumeChecker (HddsVolumeChecker.java:checkAllVolumes(203)) - Scheduled health check for volume org.apache.hadoop.ozone.container.common.volume.HddsVolume@5e85c21b
2019-06-15 14:43:54,228 INFO  ratis.XceiverServerRatis (XceiverServerRatis.java:newXceiverServerRatis(401)) - Found a free port for the server : 36359
2019-06-15 14:43:54,230 INFO  impl.RaftServerProxy (ConfUtils.java:logGet(43)) - raft.rpc.type = GRPC (default)
2019-06-15 14:43:54,231 INFO  grpc.GrpcConfigKeys$Server (ConfUtils.java:logGet(43)) - raft.grpc.server.port = 36359 (custom)
2019-06-15 14:43:54,231 INFO  server.GrpcService (ConfUtils.java:logGet(43)) - raft.grpc.message.size.max = 33570816 (custom)
2019-06-15 14:43:54,231 INFO  server.RaftServerConfigKeys (ConfUtils.java:logGet(43)) - raft.server.log.appender.buffer.byte-limit = 33554432 (custom)
2019-06-15 14:43:54,231 INFO  server.GrpcService (ConfUtils.java:logGet(43)) - raft.grpc.flow.control.window = 1MB (=1048576) (default)
2019-06-15 14:43:54,232 INFO  server.RaftServerConfigKeys (ConfUtils.java:logGet(43)) - raft.server.rpc.request.timeout = 3000ms (default)
2019-06-15 14:43:54,232 INFO  server.RaftServerConfigKeys (ConfUtils.java:logGet(43)) - raft.server.storage.dir = [/opt/src/hadoop-ozone/integration-test/target/test-dir/MiniOzoneClusterImpl-e082ae51-afbe-444c-8e57-1bcdb22f819c/datanode-4/data/ratis] (custom)
2019-06-15 14:43:54,233 INFO  server.XceiverServerGrpc (XceiverServerGrpc.java:<init>(97)) - Found a free port for the server : 37507
2019-06-15 14:43:54,233 INFO  replication.SimpleContainerDownloader (SimpleContainerDownloader.java:<init>(72)) - Starting container downloader service to copy containers to replicate.
2019-06-15 14:43:54,234 INFO  hdfs.DFSUtil (DFSUtil.java:httpServerTemplateForNNAndJN(1641)) - Starting Web-server for hddsDatanode at: http://0.0.0.0:0
2019-06-15 14:43:54,235 INFO  server.AuthenticationFilter (AuthenticationFilter.java:constructSecretProvider(240)) - Unable to initialize FileSignerSecretProvider, falling back to use random secrets.
2019-06-15 14:43:54,235 WARN  http.HttpRequestLog (HttpRequestLog.java:getRequestLog(97)) - Jetty request log can only be enabled using Log4j
2019-06-15 14:43:54,237 INFO  http.HttpServer2 (HttpServer2.java:addGlobalFilter(975)) - Added global filter 'safety' (class=org.apache.hadoop.http.HttpServer2$QuotingInputFilter)
2019-06-15 14:43:54,237 INFO  http.HttpServer2 (HttpServer2.java:addFilter(948)) - Added filter static_user_filter (class=org.apache.hadoop.http.lib.StaticUserWebFilter$StaticUserFilter) to context hddsDatanode
2019-06-15 14:43:54,238 INFO  http.HttpServer2 (HttpServer2.java:addFilter(958)) - Added filter static_user_filter (class=org.apache.hadoop.http.lib.StaticUserWebFilter$StaticUserFilter) to context logs
2019-06-15 14:43:54,238 INFO  http.HttpServer2 (HttpServer2.java:addFilter(958)) - Added filter static_user_filter (class=org.apache.hadoop.http.lib.StaticUserWebFilter$StaticUserFilter) to context static
2019-06-15 14:43:54,238 INFO  http.HttpServer2 (HttpServer2.java:bindListener(1191)) - Jetty bound to port 34799
2019-06-15 14:43:54,239 INFO  server.Server (Server.java:doStart(351)) - jetty-9.3.24.v20180605, build timestamp: 2018-06-05T17:11:56Z, git hash: 84205aa28f11a4f31f2a3b86d1bba2cc8ab69827
2019-06-15 14:43:54,284 INFO  handler.ContextHandler (ContextHandler.java:doStart(781)) - Started o.e.j.s.ServletContextHandler@5a4dda2{/logs,file:///opt/src/hadoop-ozone/integration-test/target/log,AVAILABLE}
2019-06-15 14:43:54,290 INFO  handler.ContextHandler (ContextHandler.java:doStart(781)) - Started o.e.j.s.ServletContextHandler@34045582{/static,jar:file:/home/user/.m2/repository/org/apache/hadoop/hadoop-hdds-container-service/0.5.0-SNAPSHOT/hadoop-hdds-container-service-0.5.0-SNAPSHOT.jar!/webapps/static,AVAILABLE}
2019-06-15 14:43:54,317 INFO  handler.ContextHandler (ContextHandler.java:doStart(781)) - Started o.e.j.w.WebAppContext@3b11620a{/,file:///tmp/jetty-0.0.0.0-34799-hddsDatanode-_-any-4016418460087088119.dir/webapp/,AVAILABLE}{/hddsDatanode}
2019-06-15 14:43:54,318 INFO  server.AbstractConnector (AbstractConnector.java:doStart(278)) - Started ServerConnector@2bf8ac9d{HTTP/1.1,[http/1.1]}{0.0.0.0:34799}
2019-06-15 14:43:54,318 INFO  server.Server (Server.java:doStart(419)) - Started @4910ms
2019-06-15 14:43:54,319 INFO  server.BaseHttpServer (BaseHttpServer.java:updateConnectorAddress(207)) - HTTP server of HDDSDATANODE is listening at http://0.0.0.0:34799
2019-06-15 14:43:54,424 INFO  ozone.HddsDatanodeService (HddsDatanodeService.java:startPlugins(396)) - Started plug-in org.apache.hadoop.ozone.web.OzoneHddsDatanodeService@546ed2a0
2019-06-15 14:43:54,424 INFO  impl.MetricsSystemImpl (MetricsSystemImpl.java:init(158)) - HddsDatanode metrics system started (again)
2019-06-15 14:43:54,425 INFO  ozone.HddsDatanodeService (HddsDatanodeService.java:start(185)) - HddsDatanodeService host:ozone-unit-076618677d3-4xtgz-810526965 ip:192.168.11.227
2019-06-15 14:43:54,427 INFO  util.JvmPauseMonitor (JvmPauseMonitor.java:run(188)) - Starting JVM pause monitor
2019-06-15 14:43:54,428 INFO  datanode.InitDatanodeState (InitDatanodeState.java:persistContainerDatanodeDetails(140)) - DatanodeDetails is persisted to /opt/src/hadoop-ozone/integration-test/target/test-dir/MiniOzoneClusterImpl-e082ae51-afbe-444c-8e57-1bcdb22f819c/datanode-4/meta/datanode.id
2019-06-15 14:43:54,432 INFO  volume.HddsVolume (HddsVolume.java:<init>(176)) - Creating Volume: /opt/src/hadoop-ozone/integration-test/target/test-dir/MiniOzoneClusterImpl-e082ae51-afbe-444c-8e57-1bcdb22f819c/datanode-5/data/containers/hdds of  storage type : DISK and capacity : 104021790720
2019-06-15 14:43:54,432 INFO  volume.VolumeSet (VolumeSet.java:initializeVolumeSet(170)) - Added Volume : /opt/src/hadoop-ozone/integration-test/target/test-dir/MiniOzoneClusterImpl-e082ae51-afbe-444c-8e57-1bcdb22f819c/datanode-5/data/containers/hdds to VolumeSet
2019-06-15 14:43:54,432 INFO  volume.ThrottledAsyncChecker (ThrottledAsyncChecker.java:schedule(140)) - Scheduling a check for org.apache.hadoop.ozone.container.common.volume.HddsVolume@62f9c790
2019-06-15 14:43:54,435 INFO  volume.HddsVolumeChecker (HddsVolumeChecker.java:checkAllVolumes(203)) - Scheduled health check for volume org.apache.hadoop.ozone.container.common.volume.HddsVolume@62f9c790
2019-06-15 14:43:54,446 INFO  ratis.XceiverServerRatis (XceiverServerRatis.java:newXceiverServerRatis(401)) - Found a free port for the server : 34941
2019-06-15 14:43:54,447 INFO  impl.RaftServerProxy (ConfUtils.java:logGet(43)) - raft.rpc.type = GRPC (default)
2019-06-15 14:43:54,447 INFO  grpc.GrpcConfigKeys$Server (ConfUtils.java:logGet(43)) - raft.grpc.server.port = 34941 (custom)
2019-06-15 14:43:54,447 INFO  server.GrpcService (ConfUtils.java:logGet(43)) - raft.grpc.message.size.max = 33570816 (custom)
2019-06-15 14:43:54,448 INFO  server.RaftServerConfigKeys (ConfUtils.java:logGet(43)) - raft.server.log.appender.buffer.byte-limit = 33554432 (custom)
2019-06-15 14:43:54,448 INFO  server.GrpcService (ConfUtils.java:logGet(43)) - raft.grpc.flow.control.window = 1MB (=1048576) (default)
2019-06-15 14:43:54,448 INFO  server.RaftServerConfigKeys (ConfUtils.java:logGet(43)) - raft.server.rpc.request.timeout = 3000ms (default)
2019-06-15 14:43:54,449 INFO  server.RaftServerConfigKeys (ConfUtils.java:logGet(43)) - raft.server.storage.dir = [/opt/src/hadoop-ozone/integration-test/target/test-dir/MiniOzoneClusterImpl-e082ae51-afbe-444c-8e57-1bcdb22f819c/datanode-5/data/ratis] (custom)
2019-06-15 14:43:54,449 INFO  server.XceiverServerGrpc (XceiverServerGrpc.java:<init>(97)) - Found a free port for the server : 39453
2019-06-15 14:43:54,449 INFO  replication.SimpleContainerDownloader (SimpleContainerDownloader.java:<init>(72)) - Starting container downloader service to copy containers to replicate.
2019-06-15 14:43:54,450 INFO  hdfs.DFSUtil (DFSUtil.java:httpServerTemplateForNNAndJN(1641)) - Starting Web-server for hddsDatanode at: http://0.0.0.0:0
2019-06-15 14:43:54,451 INFO  server.AuthenticationFilter (AuthenticationFilter.java:constructSecretProvider(240)) - Unable to initialize FileSignerSecretProvider, falling back to use random secrets.
2019-06-15 14:43:54,452 WARN  http.HttpRequestLog (HttpRequestLog.java:getRequestLog(97)) - Jetty request log can only be enabled using Log4j
2019-06-15 14:43:54,453 INFO  http.HttpServer2 (HttpServer2.java:addGlobalFilter(975)) - Added global filter 'safety' (class=org.apache.hadoop.http.HttpServer2$QuotingInputFilter)
2019-06-15 14:43:54,453 INFO  http.HttpServer2 (HttpServer2.java:addFilter(948)) - Added filter static_user_filter (class=org.apache.hadoop.http.lib.StaticUserWebFilter$StaticUserFilter) to context hddsDatanode
2019-06-15 14:43:54,454 INFO  http.HttpServer2 (HttpServer2.java:addFilter(958)) - Added filter static_user_filter (class=org.apache.hadoop.http.lib.StaticUserWebFilter$StaticUserFilter) to context logs
2019-06-15 14:43:54,454 INFO  http.HttpServer2 (HttpServer2.java:addFilter(958)) - Added filter static_user_filter (class=org.apache.hadoop.http.lib.StaticUserWebFilter$StaticUserFilter) to context static
2019-06-15 14:43:54,454 INFO  http.HttpServer2 (HttpServer2.java:bindListener(1191)) - Jetty bound to port 40675
2019-06-15 14:43:54,455 INFO  server.Server (Server.java:doStart(351)) - jetty-9.3.24.v20180605, build timestamp: 2018-06-05T17:11:56Z, git hash: 84205aa28f11a4f31f2a3b86d1bba2cc8ab69827
2019-06-15 14:43:54,457 INFO  handler.ContextHandler (ContextHandler.java:doStart(781)) - Started o.e.j.s.ServletContextHandler@52f8a6f4{/logs,file:///opt/src/hadoop-ozone/integration-test/target/log,AVAILABLE}
2019-06-15 14:43:54,458 INFO  handler.ContextHandler (ContextHandler.java:doStart(781)) - Started o.e.j.s.ServletContextHandler@6486fe7b{/static,jar:file:/home/user/.m2/repository/org/apache/hadoop/hadoop-hdds-container-service/0.5.0-SNAPSHOT/hadoop-hdds-container-service-0.5.0-SNAPSHOT.jar!/webapps/static,AVAILABLE}
2019-06-15 14:43:54,487 INFO  handler.ContextHandler (ContextHandler.java:doStart(781)) - Started o.e.j.w.WebAppContext@2c06b113{/,file:///tmp/jetty-0.0.0.0-40675-hddsDatanode-_-any-2650393351205759295.dir/webapp/,AVAILABLE}{/hddsDatanode}
2019-06-15 14:43:54,488 INFO  server.AbstractConnector (AbstractConnector.java:doStart(278)) - Started ServerConnector@7a64cb0c{HTTP/1.1,[http/1.1]}{0.0.0.0:40675}
2019-06-15 14:43:54,488 INFO  server.Server (Server.java:doStart(419)) - Started @5081ms
2019-06-15 14:43:54,489 INFO  server.BaseHttpServer (BaseHttpServer.java:updateConnectorAddress(207)) - HTTP server of HDDSDATANODE is listening at http://0.0.0.0:40675
2019-06-15 14:43:54,621 INFO  ozone.HddsDatanodeService (HddsDatanodeService.java:startPlugins(396)) - Started plug-in org.apache.hadoop.ozone.web.OzoneHddsDatanodeService@433ef204
2019-06-15 14:43:54,622 INFO  ozone.MiniOzoneClusterImpl (MiniOzoneClusterImpl.java:lambda$waitForClusterToBeReady$0(142)) - Waiting for cluster to be ready. Got 0 of 6 DN Heartbeats.
2019-06-15 14:43:54,625 INFO  util.JvmPauseMonitor (JvmPauseMonitor.java:run(188)) - Starting JVM pause monitor
2019-06-15 14:43:54,626 INFO  datanode.InitDatanodeState (InitDatanodeState.java:persistContainerDatanodeDetails(140)) - DatanodeDetails is persisted to /opt/src/hadoop-ozone/integration-test/target/test-dir/MiniOzoneClusterImpl-e082ae51-afbe-444c-8e57-1bcdb22f819c/datanode-5/meta/datanode.id
2019-06-15 14:43:55,622 INFO  ozone.MiniOzoneClusterImpl (MiniOzoneClusterImpl.java:lambda$waitForClusterToBeReady$0(142)) - Waiting for cluster to be ready. Got 0 of 6 DN Heartbeats.
2019-06-15 14:43:55,635 INFO  ozoneimpl.OzoneContainer (OzoneContainer.java:start(186)) - Attempting to start container services.
2019-06-15 14:43:55,635 INFO  ozoneimpl.OzoneContainer (OzoneContainer.java:startContainerScrub(160)) - Background container scrubber has been disabled by hdds.containerscrub.enabled
2019-06-15 14:43:55,635 INFO  ratis.XceiverServerRatis (XceiverServerRatis.java:start(418)) - Starting XceiverServerRatis 3ac5a647-eaa5-4963-9522-4bd691a2e10b at port 38745
2019-06-15 14:43:55,649 INFO  impl.RaftServerProxy (RaftServerProxy.java:lambda$start$3(299)) - 3ac5a647-eaa5-4963-9522-4bd691a2e10b: start RPC server
2019-06-15 14:43:55,792 INFO  server.GrpcService (GrpcService.java:startImpl(148)) - 3ac5a647-eaa5-4963-9522-4bd691a2e10b: GrpcService started, listening on 0.0.0.0/0.0.0.0:38745
2019-06-15 14:43:55,837 INFO  ozoneimpl.OzoneContainer (OzoneContainer.java:start(186)) - Attempting to start container services.
2019-06-15 14:43:55,838 INFO  ozoneimpl.OzoneContainer (OzoneContainer.java:startContainerScrub(160)) - Background container scrubber has been disabled by hdds.containerscrub.enabled
2019-06-15 14:43:55,838 INFO  ratis.XceiverServerRatis (XceiverServerRatis.java:start(418)) - Starting XceiverServerRatis 185f813e-fb91-4d2c-ac43-346046248432 at port 42291
2019-06-15 14:43:55,859 INFO  impl.RaftServerProxy (RaftServerProxy.java:lambda$start$3(299)) - 185f813e-fb91-4d2c-ac43-346046248432: start RPC server
2019-06-15 14:43:55,861 INFO  server.GrpcService (GrpcService.java:startImpl(148)) - 185f813e-fb91-4d2c-ac43-346046248432: GrpcService started, listening on 0.0.0.0/0.0.0.0:42291
2019-06-15 14:43:56,003 INFO  ozoneimpl.OzoneContainer (OzoneContainer.java:start(186)) - Attempting to start container services.
2019-06-15 14:43:56,005 INFO  ozoneimpl.OzoneContainer (OzoneContainer.java:startContainerScrub(160)) - Background container scrubber has been disabled by hdds.containerscrub.enabled
2019-06-15 14:43:56,005 INFO  ratis.XceiverServerRatis (XceiverServerRatis.java:start(418)) - Starting XceiverServerRatis b526f07d-f9ab-4544-9873-d0d6c95fe9cb at port 36027
2019-06-15 14:43:56,035 INFO  impl.RaftServerProxy (RaftServerProxy.java:lambda$start$3(299)) - b526f07d-f9ab-4544-9873-d0d6c95fe9cb: start RPC server
2019-06-15 14:43:56,037 INFO  server.GrpcService (GrpcService.java:startImpl(148)) - b526f07d-f9ab-4544-9873-d0d6c95fe9cb: GrpcService started, listening on 0.0.0.0/0.0.0.0:36027
2019-06-15 14:43:56,203 INFO  ozoneimpl.OzoneContainer (OzoneContainer.java:start(186)) - Attempting to start container services.
2019-06-15 14:43:56,205 INFO  ozoneimpl.OzoneContainer (OzoneContainer.java:startContainerScrub(160)) - Background container scrubber has been disabled by hdds.containerscrub.enabled
2019-06-15 14:43:56,205 INFO  ratis.XceiverServerRatis (XceiverServerRatis.java:start(418)) - Starting XceiverServerRatis 8b7399cc-3239-4a0e-a789-6e81b6213009 at port 38013
2019-06-15 14:43:56,213 INFO  impl.RaftServerProxy (RaftServerProxy.java:lambda$start$3(299)) - 8b7399cc-3239-4a0e-a789-6e81b6213009: start RPC server
2019-06-15 14:43:56,216 INFO  server.GrpcService (GrpcService.java:startImpl(148)) - 8b7399cc-3239-4a0e-a789-6e81b6213009: GrpcService started, listening on 0.0.0.0/0.0.0.0:38013
2019-06-15 14:43:56,431 INFO  ozoneimpl.OzoneContainer (OzoneContainer.java:start(186)) - Attempting to start container services.
2019-06-15 14:43:56,433 INFO  ozoneimpl.OzoneContainer (OzoneContainer.java:startContainerScrub(160)) - Background container scrubber has been disabled by hdds.containerscrub.enabled
2019-06-15 14:43:56,433 INFO  ratis.XceiverServerRatis (XceiverServerRatis.java:start(418)) - Starting XceiverServerRatis cb96f3a2-ebbc-4371-9672-c496a5de7aad at port 36359
2019-06-15 14:43:56,438 INFO  impl.RaftServerProxy (RaftServerProxy.java:lambda$start$3(299)) - cb96f3a2-ebbc-4371-9672-c496a5de7aad: start RPC server
2019-06-15 14:43:56,440 INFO  server.GrpcService (GrpcService.java:startImpl(148)) - cb96f3a2-ebbc-4371-9672-c496a5de7aad: GrpcService started, listening on 0.0.0.0/0.0.0.0:36359
2019-06-15 14:43:56,623 INFO  ozone.MiniOzoneClusterImpl (MiniOzoneClusterImpl.java:lambda$waitForClusterToBeReady$0(142)) - Waiting for cluster to be ready. Got 0 of 6 DN Heartbeats.
2019-06-15 14:43:56,630 INFO  ozoneimpl.OzoneContainer (OzoneContainer.java:start(186)) - Attempting to start container services.
2019-06-15 14:43:56,632 INFO  ozoneimpl.OzoneContainer (OzoneContainer.java:startContainerScrub(160)) - Background container scrubber has been disabled by hdds.containerscrub.enabled
2019-06-15 14:43:56,632 INFO  ratis.XceiverServerRatis (XceiverServerRatis.java:start(418)) - Starting XceiverServerRatis 4482d4be-0d23-4959-b109-e8e637015e6e at port 34941
2019-06-15 14:43:56,636 INFO  impl.RaftServerProxy (RaftServerProxy.java:lambda$start$3(299)) - 4482d4be-0d23-4959-b109-e8e637015e6e: start RPC server
2019-06-15 14:43:56,638 INFO  server.GrpcService (GrpcService.java:startImpl(148)) - 4482d4be-0d23-4959-b109-e8e637015e6e: GrpcService started, listening on 0.0.0.0/0.0.0.0:34941
2019-06-15 14:43:57,623 INFO  ozone.MiniOzoneClusterImpl (MiniOzoneClusterImpl.java:lambda$waitForClusterToBeReady$0(142)) - Waiting for cluster to be ready. Got 0 of 6 DN Heartbeats.
2019-06-15 14:43:57,635 INFO  net.NetworkTopology (NetworkTopologyImpl.java:add(109)) - Added a new node: /default-rack/192.168.11.227
2019-06-15 14:43:57,635 INFO  node.SCMNodeManager (SCMNodeManager.java:register(269)) - Registered Data node : 3ac5a647-eaa5-4963-9522-4bd691a2e10b{ip: 192.168.11.227, host: ozone-unit-076618677d3-4xtgz-810526965, networkLocation: /default-rack, certSerialId: null}
2019-06-15 14:43:57,639 INFO  safemode.SCMSafeModeManager (DataNodeSafeModeRule.java:process(71)) - SCM in safe mode. 1 DataNodes registered, 1 required.
2019-06-15 14:43:57,639 INFO  safemode.SCMSafeModeManager (SCMSafeModeManager.java:validateSafeModeExitRules(177)) - ScmSafeModeManager, all rules are successfully validated
2019-06-15 14:43:57,639 INFO  safemode.SCMSafeModeManager (SCMSafeModeManager.java:exitSafeMode(193)) - SCM exiting safe mode.
2019-06-15 14:43:57,835 INFO  node.SCMNodeManager (SCMNodeManager.java:register(269)) - Registered Data node : 185f813e-fb91-4d2c-ac43-346046248432{ip: 192.168.11.227, host: ozone-unit-076618677d3-4xtgz-810526965, networkLocation: /default-rack, certSerialId: null}
2019-06-15 14:43:57,959 INFO  impl.RaftServerProxy (RaftServerProxy.java:addNew(89)) - 3ac5a647-eaa5-4963-9522-4bd691a2e10b: addNew group-973EDAA1AC9E:[3ac5a647-eaa5-4963-9522-4bd691a2e10b:192.168.11.227:38745] returns group-973EDAA1AC9E:java.util.concurrent.CompletableFuture@28fbb0ff[Not completed]
2019-06-15 14:43:57,965 INFO  impl.RaftServerImpl (RaftServerImpl.java:<init>(91)) - 3ac5a647-eaa5-4963-9522-4bd691a2e10b: new RaftServerImpl for group-973EDAA1AC9E:[3ac5a647-eaa5-4963-9522-4bd691a2e10b:192.168.11.227:38745] with ContainerStateMachine:uninitialized
2019-06-15 14:43:57,966 INFO  server.RaftServerConfigKeys (ConfUtils.java:logGet(43)) - raft.server.rpc.timeout.min = 1s (custom)
2019-06-15 14:43:57,966 INFO  server.RaftServerConfigKeys (ConfUtils.java:logGet(43)) - raft.server.rpc.timeout.max = 1200ms (custom)
2019-06-15 14:43:57,966 INFO  server.RaftServerConfigKeys (ConfUtils.java:logGet(43)) - raft.server.rpcslowness.timeout = 10s (custom)
2019-06-15 14:43:57,967 INFO  server.RaftServerConfigKeys (ConfUtils.java:logGet(43)) - raft.server.log.appender.install.snapshot.enabled = true (default)
2019-06-15 14:43:57,973 INFO  impl.RaftServerImpl (ServerState.java:<init>(101)) - 3ac5a647-eaa5-4963-9522-4bd691a2e10b:group-973EDAA1AC9E ConfigurationManager, init=-1: [3ac5a647-eaa5-4963-9522-4bd691a2e10b:192.168.11.227:38745], old=null, confs=<EMPTY_MAP>
2019-06-15 14:43:57,973 INFO  server.RaftServerConfigKeys (ConfUtils.java:logGet(43)) - raft.server.storage.dir = [/opt/src/hadoop-ozone/integration-test/target/test-dir/MiniOzoneClusterImpl-e082ae51-afbe-444c-8e57-1bcdb22f819c/datanode-0/data/ratis] (custom)
2019-06-15 14:43:57,978 INFO  storage.RaftStorageDirectory (RaftStorageDirectory.java:analyzeStorage(246)) - The storage directory /opt/src/hadoop-ozone/integration-test/target/test-dir/MiniOzoneClusterImpl-e082ae51-afbe-444c-8e57-1bcdb22f819c/datanode-0/data/ratis/0fd7a1fd-71e4-4070-ab6d-973edaa1ac9e does not exist. Creating ...
2019-06-15 14:43:57,983 INFO  storage.RaftStorageDirectory (RaftStorageDirectory.java:tryLock(328)) - Lock on /opt/src/hadoop-ozone/integration-test/target/test-dir/MiniOzoneClusterImpl-e082ae51-afbe-444c-8e57-1bcdb22f819c/datanode-0/data/ratis/0fd7a1fd-71e4-4070-ab6d-973edaa1ac9e/in_use.lock acquired by nodename 10337@ozone-unit-076618677d3-4xtgz-810526965
2019-06-15 14:43:58,189 INFO  node.SCMNodeManager (SCMNodeManager.java:register(269)) - Registered Data node : b526f07d-f9ab-4544-9873-d0d6c95fe9cb{ip: 192.168.11.227, host: ozone-unit-076618677d3-4xtgz-810526965, networkLocation: /default-rack, certSerialId: null}
2019-06-15 14:43:58,189 INFO  storage.RaftStorage (RaftStorage.java:format(75)) - Storage directory /opt/src/hadoop-ozone/integration-test/target/test-dir/MiniOzoneClusterImpl-e082ae51-afbe-444c-8e57-1bcdb22f819c/datanode-0/data/ratis/0fd7a1fd-71e4-4070-ab6d-973edaa1ac9e has been successfully formatted.
2019-06-15 14:43:58,208 INFO  node.SCMNodeManager (SCMNodeManager.java:register(269)) - Registered Data node : 8b7399cc-3239-4a0e-a789-6e81b6213009{ip: 192.168.11.227, host: ozone-unit-076618677d3-4xtgz-810526965, networkLocation: /default-rack, certSerialId: null}
2019-06-15 14:43:58,209 INFO  ratis.ContainerStateMachine (ContainerStateMachine.java:loadSnapshot(199)) - The snapshot info is null.Setting the last applied index to:(t:0, i:~)
2019-06-15 14:43:58,209 INFO  server.RaftServerConfigKeys (ConfUtils.java:logGet(43)) - raft.server.leader.election.timeout = 10s (custom)
2019-06-15 14:43:58,211 INFO  server.RaftServerConfigKeys (ConfUtils.java:logGet(43)) - raft.server.log.use.memory = false (default)
2019-06-15 14:43:58,212 INFO  server.RaftServerConfigKeys (ConfUtils.java:logGet(43)) - raft.server.log.appender.buffer.byte-limit = 33554432 (custom)
2019-06-15 14:43:58,215 INFO  server.RaftServerConfigKeys (ConfUtils.java:logGet(43)) - raft.server.log.segment.size.max = 16384 (custom)
2019-06-15 14:43:58,218 INFO  server.RaftServerConfigKeys (ConfUtils.java:logGet(43)) - raft.server.log.segment.cache.num.max = 2 (custom)
2019-06-15 14:43:58,220 INFO  storage.RaftLogWorker (RaftLogWorker.java:<init>(123)) - new 3ac5a647-eaa5-4963-9522-4bd691a2e10b-RaftLogWorker for Storage Directory /opt/src/hadoop-ozone/integration-test/target/test-dir/MiniOzoneClusterImpl-e082ae51-afbe-444c-8e57-1bcdb22f819c/datanode-0/data/ratis/0fd7a1fd-71e4-4070-ab6d-973edaa1ac9e
2019-06-15 14:43:58,220 INFO  server.RaftServerConfigKeys (ConfUtils.java:logGet(43)) - raft.server.log.queue.byte-limit = 2147483647 (custom)
2019-06-15 14:43:58,221 INFO  server.RaftServerConfigKeys (ConfUtils.java:logGet(43)) - raft.server.log.queue.element-limit = 1024 (custom)
2019-06-15 14:43:58,222 INFO  server.RaftServerConfigKeys (ConfUtils.java:logGet(43)) - raft.server.log.segment.size.max = 16384 (custom)
2019-06-15 14:43:58,222 INFO  server.RaftServerConfigKeys (ConfUtils.java:logGet(43)) - raft.server.log.preallocated.size = 16384 (custom)
2019-06-15 14:43:58,223 INFO  server.RaftServerConfigKeys (ConfUtils.java:logGet(43)) - raft.server.log.write.buffer.size = 33554432 (custom)
2019-06-15 14:43:58,223 INFO  server.RaftServerConfigKeys (ConfUtils.java:logGet(43)) - raft.server.log.force.sync.num = 128 (default)
2019-06-15 14:43:58,224 INFO  server.RaftServerConfigKeys (ConfUtils.java:logGet(43)) - raft.server.log.statemachine.data.sync = true (default)
2019-06-15 14:43:58,224 INFO  server.RaftServerConfigKeys (ConfUtils.java:logGet(43)) - raft.server.log.statemachine.data.sync.timeout = 10s (default)
2019-06-15 14:43:58,224 INFO  server.RaftServerConfigKeys (ConfUtils.java:logGet(43)) - raft.server.log.statemachine.data.sync.timeout.retry = -1 (default)
2019-06-15 14:43:58,227 INFO  server.RaftServerConfigKeys (ConfUtils.java:logGet(43)) - raft.server.log.statemachine.data.caching.enabled = true (custom)
2019-06-15 14:43:58,232 INFO  server.RaftServerConfigKeys (ConfUtils.java:logGet(43)) - raft.server.snapshot.auto.trigger.enabled = true (custom)
2019-06-15 14:43:58,233 INFO  server.RaftServerConfigKeys (ConfUtils.java:logGet(43)) - raft.server.snapshot.auto.trigger.threshold = 10000 (custom)
2019-06-15 14:43:58,233 INFO  server.RaftServerConfigKeys (ConfUtils.java:logGet(43)) - raft.server.retrycache.expirytime = 600000ms (custom)
2019-06-15 14:43:58,246 INFO  impl.RaftServerImpl (RaftServerImpl.java:start(173)) - 3ac5a647-eaa5-4963-9522-4bd691a2e10b: start group-973EDAA1AC9E
2019-06-15 14:43:58,247 INFO  impl.RaftServerImpl (RaftServerImpl.java:setRole(164)) - 3ac5a647-eaa5-4963-9522-4bd691a2e10b:group-973EDAA1AC9E changes role from null to FOLLOWER at term 0 for startAsFollower
2019-06-15 14:43:58,248 INFO  impl.RoleInfo (RoleInfo.java:updateAndGet(143)) - 3ac5a647-eaa5-4963-9522-4bd691a2e10b: start FollowerState
2019-06-15 14:43:58,251 INFO  util.JmxRegister (JmxRegister.java:tryRegister(44)) - Successfully registered JMX Bean with object name Ratis:service=RaftServer,group=group-973EDAA1AC9E,id=3ac5a647-eaa5-4963-9522-4bd691a2e10b
2019-06-15 14:43:58,295 INFO  pipeline.PipelineStateManager (PipelineStateManager.java:addPipeline(56)) - Created pipeline Pipeline[ Id: 0fd7a1fd-71e4-4070-ab6d-973edaa1ac9e, Nodes: 3ac5a647-eaa5-4963-9522-4bd691a2e10b{ip: 192.168.11.227, host: ozone-unit-076618677d3-4xtgz-810526965, networkLocation: /default-rack, certSerialId: null}, Type:RATIS, Factor:ONE, State:OPEN]
2019-06-15 14:43:58,313 INFO  impl.RaftServerProxy (RaftServerProxy.java:addNew(89)) - b526f07d-f9ab-4544-9873-d0d6c95fe9cb: addNew group-F74397A1EB67:[b526f07d-f9ab-4544-9873-d0d6c95fe9cb:192.168.11.227:36027] returns group-F74397A1EB67:java.util.concurrent.CompletableFuture@263ca3d2[Not completed]
2019-06-15 14:43:58,338 INFO  impl.RaftServerImpl (RaftServerImpl.java:<init>(91)) - b526f07d-f9ab-4544-9873-d0d6c95fe9cb: new RaftServerImpl for group-F74397A1EB67:[b526f07d-f9ab-4544-9873-d0d6c95fe9cb:192.168.11.227:36027] with ContainerStateMachine:uninitialized
2019-06-15 14:43:58,340 INFO  server.RaftServerConfigKeys (ConfUtils.java:logGet(43)) - raft.server.rpc.timeout.min = 1s (custom)
2019-06-15 14:43:58,340 INFO  server.RaftServerConfigKeys (ConfUtils.java:logGet(43)) - raft.server.rpc.timeout.max = 1200ms (custom)
2019-06-15 14:43:58,340 INFO  server.RaftServerConfigKeys (ConfUtils.java:logGet(43)) - raft.server.rpcslowness.timeout = 10s (custom)
2019-06-15 14:43:58,340 INFO  server.RaftServerConfigKeys (ConfUtils.java:logGet(43)) - raft.server.log.appender.install.snapshot.enabled = true (default)
2019-06-15 14:43:58,340 INFO  impl.RaftServerImpl (ServerState.java:<init>(101)) - b526f07d-f9ab-4544-9873-d0d6c95fe9cb:group-F74397A1EB67 ConfigurationManager, init=-1: [b526f07d-f9ab-4544-9873-d0d6c95fe9cb:192.168.11.227:36027], old=null, confs=<EMPTY_MAP>
2019-06-15 14:43:58,340 INFO  server.RaftServerConfigKeys (ConfUtils.java:logGet(43)) - raft.server.storage.dir = [/opt/src/hadoop-ozone/integration-test/target/test-dir/MiniOzoneClusterImpl-e082ae51-afbe-444c-8e57-1bcdb22f819c/datanode-2/data/ratis] (custom)
2019-06-15 14:43:58,341 INFO  storage.RaftStorageDirectory (RaftStorageDirectory.java:analyzeStorage(246)) - The storage directory /opt/src/hadoop-ozone/integration-test/target/test-dir/MiniOzoneClusterImpl-e082ae51-afbe-444c-8e57-1bcdb22f819c/datanode-2/data/ratis/5ea49d61-1620-4858-bff2-f74397a1eb67 does not exist. Creating ...
2019-06-15 14:43:58,345 INFO  storage.RaftStorageDirectory (RaftStorageDirectory.java:tryLock(328)) - Lock on /opt/src/hadoop-ozone/integration-test/target/test-dir/MiniOzoneClusterImpl-e082ae51-afbe-444c-8e57-1bcdb22f819c/datanode-2/data/ratis/5ea49d61-1620-4858-bff2-f74397a1eb67/in_use.lock acquired by nodename 10337@ozone-unit-076618677d3-4xtgz-810526965
2019-06-15 14:43:58,347 INFO  storage.RaftStorage (RaftStorage.java:format(75)) - Storage directory /opt/src/hadoop-ozone/integration-test/target/test-dir/MiniOzoneClusterImpl-e082ae51-afbe-444c-8e57-1bcdb22f819c/datanode-2/data/ratis/5ea49d61-1620-4858-bff2-f74397a1eb67 has been successfully formatted.
2019-06-15 14:43:58,348 INFO  ratis.ContainerStateMachine (ContainerStateMachine.java:loadSnapshot(199)) - The snapshot info is null.Setting the last applied index to:(t:0, i:~)
2019-06-15 14:43:58,349 INFO  server.RaftServerConfigKeys (ConfUtils.java:logGet(43)) - raft.server.leader.election.timeout = 10s (custom)
2019-06-15 14:43:58,349 INFO  server.RaftServerConfigKeys (ConfUtils.java:logGet(43)) - raft.server.log.use.memory = false (default)
2019-06-15 14:43:58,349 INFO  server.RaftServerConfigKeys (ConfUtils.java:logGet(43)) - raft.server.log.appender.buffer.byte-limit = 33554432 (custom)
2019-06-15 14:43:58,349 INFO  server.RaftServerConfigKeys (ConfUtils.java:logGet(43)) - raft.server.log.segment.size.max = 16384 (custom)
2019-06-15 14:43:58,349 INFO  server.RaftServerConfigKeys (ConfUtils.java:logGet(43)) - raft.server.log.segment.cache.num.max = 2 (custom)
2019-06-15 14:43:58,349 INFO  storage.RaftLogWorker (RaftLogWorker.java:<init>(123)) - new b526f07d-f9ab-4544-9873-d0d6c95fe9cb-RaftLogWorker for Storage Directory /opt/src/hadoop-ozone/integration-test/target/test-dir/MiniOzoneClusterImpl-e082ae51-afbe-444c-8e57-1bcdb22f819c/datanode-2/data/ratis/5ea49d61-1620-4858-bff2-f74397a1eb67
2019-06-15 14:43:58,350 INFO  server.RaftServerConfigKeys (ConfUtils.java:logGet(43)) - raft.server.log.queue.byte-limit = 2147483647 (custom)
2019-06-15 14:43:58,350 INFO  server.RaftServerConfigKeys (ConfUtils.java:logGet(43)) - raft.server.log.queue.element-limit = 1024 (custom)
2019-06-15 14:43:58,350 INFO  server.RaftServerConfigKeys (ConfUtils.java:logGet(43)) - raft.server.log.segment.size.max = 16384 (custom)
2019-06-15 14:43:58,350 INFO  server.RaftServerConfigKeys (ConfUtils.java:logGet(43)) - raft.server.log.preallocated.size = 16384 (custom)
2019-06-15 14:43:58,350 INFO  server.RaftServerConfigKeys (ConfUtils.java:logGet(43)) - raft.server.log.write.buffer.size = 33554432 (custom)
2019-06-15 14:43:58,351 INFO  server.RaftServerConfigKeys (ConfUtils.java:logGet(43)) - raft.server.log.force.sync.num = 128 (default)
2019-06-15 14:43:58,351 INFO  server.RaftServerConfigKeys (ConfUtils.java:logGet(43)) - raft.server.log.statemachine.data.sync = true (default)
2019-06-15 14:43:58,351 INFO  server.RaftServerConfigKeys (ConfUtils.java:logGet(43)) - raft.server.log.statemachine.data.sync.timeout = 10s (default)
2019-06-15 14:43:58,351 INFO  server.RaftServerConfigKeys (ConfUtils.java:logGet(43)) - raft.server.log.statemachine.data.sync.timeout.retry = -1 (default)
2019-06-15 14:43:58,351 INFO  server.RaftServerConfigKeys (ConfUtils.java:logGet(43)) - raft.server.log.statemachine.data.caching.enabled = true (custom)
2019-06-15 14:43:58,351 INFO  server.RaftServerConfigKeys (ConfUtils.java:logGet(43)) - raft.server.snapshot.auto.trigger.enabled = true (custom)
2019-06-15 14:43:58,351 INFO  server.RaftServerConfigKeys (ConfUtils.java:logGet(43)) - raft.server.snapshot.auto.trigger.threshold = 10000 (custom)
2019-06-15 14:43:58,351 INFO  server.RaftServerConfigKeys (ConfUtils.java:logGet(43)) - raft.server.retrycache.expirytime = 600000ms (custom)
2019-06-15 14:43:58,352 INFO  impl.RaftServerImpl (RaftServerImpl.java:start(173)) - b526f07d-f9ab-4544-9873-d0d6c95fe9cb: start group-F74397A1EB67
2019-06-15 14:43:58,352 INFO  impl.RaftServerImpl (RaftServerImpl.java:setRole(164)) - b526f07d-f9ab-4544-9873-d0d6c95fe9cb:group-F74397A1EB67 changes role from null to FOLLOWER at term 0 for startAsFollower
2019-06-15 14:43:58,352 INFO  impl.RoleInfo (RoleInfo.java:updateAndGet(143)) - b526f07d-f9ab-4544-9873-d0d6c95fe9cb: start FollowerState
2019-06-15 14:43:58,353 INFO  util.JmxRegister (JmxRegister.java:tryRegister(44)) - Successfully registered JMX Bean with object name Ratis:service=RaftServer,group=group-F74397A1EB67,id=b526f07d-f9ab-4544-9873-d0d6c95fe9cb
2019-06-15 14:43:58,364 INFO  pipeline.PipelineStateManager (PipelineStateManager.java:addPipeline(56)) - Created pipeline Pipeline[ Id: 5ea49d61-1620-4858-bff2-f74397a1eb67, Nodes: b526f07d-f9ab-4544-9873-d0d6c95fe9cb{ip: 192.168.11.227, host: ozone-unit-076618677d3-4xtgz-810526965, networkLocation: /default-rack, certSerialId: null}, Type:RATIS, Factor:ONE, State:OPEN]
2019-06-15 14:43:58,377 INFO  impl.RaftServerProxy (RaftServerProxy.java:addNew(89)) - 8b7399cc-3239-4a0e-a789-6e81b6213009: addNew group-407CBF4D3EA7:[8b7399cc-3239-4a0e-a789-6e81b6213009:192.168.11.227:38013] returns group-407CBF4D3EA7:java.util.concurrent.CompletableFuture@459318bd[Not completed]
2019-06-15 14:43:58,380 INFO  impl.RaftServerImpl (RaftServerImpl.java:<init>(91)) - 8b7399cc-3239-4a0e-a789-6e81b6213009: new RaftServerImpl for group-407CBF4D3EA7:[8b7399cc-3239-4a0e-a789-6e81b6213009:192.168.11.227:38013] with ContainerStateMachine:uninitialized
2019-06-15 14:43:58,381 INFO  server.RaftServerConfigKeys (ConfUtils.java:logGet(43)) - raft.server.rpc.timeout.min = 1s (custom)
2019-06-15 14:43:58,381 INFO  server.RaftServerConfigKeys (ConfUtils.java:logGet(43)) - raft.server.rpc.timeout.max = 1200ms (custom)
2019-06-15 14:43:58,381 INFO  server.RaftServerConfigKeys (ConfUtils.java:logGet(43)) - raft.server.rpcslowness.timeout = 10s (custom)
2019-06-15 14:43:58,381 INFO  server.RaftServerConfigKeys (ConfUtils.java:logGet(43)) - raft.server.log.appender.install.snapshot.enabled = true (default)
2019-06-15 14:43:58,381 INFO  impl.RaftServerImpl (ServerState.java:<init>(101)) - 8b7399cc-3239-4a0e-a789-6e81b6213009:group-407CBF4D3EA7 ConfigurationManager, init=-1: [8b7399cc-3239-4a0e-a789-6e81b6213009:192.168.11.227:38013], old=null, confs=<EMPTY_MAP>
2019-06-15 14:43:58,382 INFO  server.RaftServerConfigKeys (ConfUtils.java:logGet(43)) - raft.server.storage.dir = [/opt/src/hadoop-ozone/integration-test/target/test-dir/MiniOzoneClusterImpl-e082ae51-afbe-444c-8e57-1bcdb22f819c/datanode-3/data/ratis] (custom)
2019-06-15 14:43:58,382 INFO  storage.RaftStorageDirectory (RaftStorageDirectory.java:analyzeStorage(246)) - The storage directory /opt/src/hadoop-ozone/integration-test/target/test-dir/MiniOzoneClusterImpl-e082ae51-afbe-444c-8e57-1bcdb22f819c/datanode-3/data/ratis/a0df7dc3-2bf8-4621-b6ac-407cbf4d3ea7 does not exist. Creating ...
2019-06-15 14:43:58,384 INFO  storage.RaftStorageDirectory (RaftStorageDirectory.java:tryLock(328)) - Lock on /opt/src/hadoop-ozone/integration-test/target/test-dir/MiniOzoneClusterImpl-e082ae51-afbe-444c-8e57-1bcdb22f819c/datanode-3/data/ratis/a0df7dc3-2bf8-4621-b6ac-407cbf4d3ea7/in_use.lock acquired by nodename 10337@ozone-unit-076618677d3-4xtgz-810526965
2019-06-15 14:43:58,386 INFO  storage.RaftStorage (RaftStorage.java:format(75)) - Storage directory /opt/src/hadoop-ozone/integration-test/target/test-dir/MiniOzoneClusterImpl-e082ae51-afbe-444c-8e57-1bcdb22f819c/datanode-3/data/ratis/a0df7dc3-2bf8-4621-b6ac-407cbf4d3ea7 has been successfully formatted.
2019-06-15 14:43:58,386 INFO  ratis.ContainerStateMachine (ContainerStateMachine.java:loadSnapshot(199)) - The snapshot info is null.Setting the last applied index to:(t:0, i:~)
2019-06-15 14:43:58,386 INFO  server.RaftServerConfigKeys (ConfUtils.java:logGet(43)) - raft.server.leader.election.timeout = 10s (custom)
2019-06-15 14:43:58,386 INFO  server.RaftServerConfigKeys (ConfUtils.java:logGet(43)) - raft.server.log.use.memory = false (default)
2019-06-15 14:43:58,387 INFO  server.RaftServerConfigKeys (ConfUtils.java:logGet(43)) - raft.server.log.appender.buffer.byte-limit = 33554432 (custom)
2019-06-15 14:43:58,387 INFO  server.RaftServerConfigKeys (ConfUtils.java:logGet(43)) - raft.server.log.segment.size.max = 16384 (custom)
2019-06-15 14:43:58,387 INFO  server.RaftServerConfigKeys (ConfUtils.java:logGet(43)) - raft.server.log.segment.cache.num.max = 2 (custom)
2019-06-15 14:43:58,387 INFO  storage.RaftLogWorker (RaftLogWorker.java:<init>(123)) - new 8b7399cc-3239-4a0e-a789-6e81b6213009-RaftLogWorker for Storage Directory /opt/src/hadoop-ozone/integration-test/target/test-dir/MiniOzoneClusterImpl-e082ae51-afbe-444c-8e57-1bcdb22f819c/datanode-3/data/ratis/a0df7dc3-2bf8-4621-b6ac-407cbf4d3ea7
2019-06-15 14:43:58,387 INFO  server.RaftServerConfigKeys (ConfUtils.java:logGet(43)) - raft.server.log.queue.byte-limit = 2147483647 (custom)
2019-06-15 14:43:58,387 INFO  server.RaftServerConfigKeys (ConfUtils.java:logGet(43)) - raft.server.log.queue.element-limit = 1024 (custom)
2019-06-15 14:43:58,387 INFO  server.RaftServerConfigKeys (ConfUtils.java:logGet(43)) - raft.server.log.segment.size.max = 16384 (custom)
2019-06-15 14:43:58,387 INFO  server.RaftServerConfigKeys (ConfUtils.java:logGet(43)) - raft.server.log.preallocated.size = 16384 (custom)
2019-06-15 14:43:58,387 INFO  server.RaftServerConfigKeys (ConfUtils.java:logGet(43)) - raft.server.log.write.buffer.size = 33554432 (custom)
2019-06-15 14:43:58,387 INFO  server.RaftServerConfigKeys (ConfUtils.java:logGet(43)) - raft.server.log.force.sync.num = 128 (default)
2019-06-15 14:43:58,387 INFO  server.RaftServerConfigKeys (ConfUtils.java:logGet(43)) - raft.server.log.statemachine.data.sync = true (default)
2019-06-15 14:43:58,387 INFO  server.RaftServerConfigKeys (ConfUtils.java:logGet(43)) - raft.server.log.statemachine.data.sync.timeout = 10s (default)
2019-06-15 14:43:58,388 INFO  server.RaftServerConfigKeys (ConfUtils.java:logGet(43)) - raft.server.log.statemachine.data.sync.timeout.retry = -1 (default)
2019-06-15 14:43:58,388 INFO  server.RaftServerConfigKeys (ConfUtils.java:logGet(43)) - raft.server.log.statemachine.data.caching.enabled = true (custom)
2019-06-15 14:43:58,388 INFO  server.RaftServerConfigKeys (ConfUtils.java:logGet(43)) - raft.server.snapshot.auto.trigger.enabled = true (custom)
2019-06-15 14:43:58,388 INFO  server.RaftServerConfigKeys (ConfUtils.java:logGet(43)) - raft.server.snapshot.auto.trigger.threshold = 10000 (custom)
2019-06-15 14:43:58,388 INFO  server.RaftServerConfigKeys (ConfUtils.java:logGet(43)) - raft.server.retrycache.expirytime = 600000ms (custom)
2019-06-15 14:43:58,388 INFO  impl.RaftServerImpl (RaftServerImpl.java:start(173)) - 8b7399cc-3239-4a0e-a789-6e81b6213009: start group-407CBF4D3EA7
2019-06-15 14:43:58,388 INFO  impl.RaftServerImpl (RaftServerImpl.java:setRole(164)) - 8b7399cc-3239-4a0e-a789-6e81b6213009:group-407CBF4D3EA7 changes role from null to FOLLOWER at term 0 for startAsFollower
2019-06-15 14:43:58,388 INFO  impl.RoleInfo (RoleInfo.java:updateAndGet(143)) - 8b7399cc-3239-4a0e-a789-6e81b6213009: start FollowerState
2019-06-15 14:43:58,389 INFO  util.JmxRegister (JmxRegister.java:tryRegister(44)) - Successfully registered JMX Bean with object name Ratis:service=RaftServer,group=group-407CBF4D3EA7,id=8b7399cc-3239-4a0e-a789-6e81b6213009
2019-06-15 14:43:58,395 INFO  pipeline.PipelineStateManager (PipelineStateManager.java:addPipeline(56)) - Created pipeline Pipeline[ Id: a0df7dc3-2bf8-4621-b6ac-407cbf4d3ea7, Nodes: 8b7399cc-3239-4a0e-a789-6e81b6213009{ip: 192.168.11.227, host: ozone-unit-076618677d3-4xtgz-810526965, networkLocation: /default-rack, certSerialId: null}, Type:RATIS, Factor:ONE, State:OPEN]
2019-06-15 14:43:58,411 INFO  impl.RaftServerProxy (RaftServerProxy.java:addNew(89)) - 185f813e-fb91-4d2c-ac43-346046248432: addNew group-73A678FABD18:[185f813e-fb91-4d2c-ac43-346046248432:192.168.11.227:42291] returns group-73A678FABD18:java.util.concurrent.CompletableFuture@b21c044[Not completed]
2019-06-15 14:43:58,412 INFO  impl.RaftServerImpl (RaftServerImpl.java:<init>(91)) - 185f813e-fb91-4d2c-ac43-346046248432: new RaftServerImpl for group-73A678FABD18:[185f813e-fb91-4d2c-ac43-346046248432:192.168.11.227:42291] with ContainerStateMachine:uninitialized
2019-06-15 14:43:58,413 INFO  server.RaftServerConfigKeys (ConfUtils.java:logGet(43)) - raft.server.rpc.timeout.min = 1s (custom)
2019-06-15 14:43:58,413 INFO  server.RaftServerConfigKeys (ConfUtils.java:logGet(43)) - raft.server.rpc.timeout.max = 1200ms (custom)
2019-06-15 14:43:58,413 INFO  server.RaftServerConfigKeys (ConfUtils.java:logGet(43)) - raft.server.rpcslowness.timeout = 10s (custom)
2019-06-15 14:43:58,413 INFO  server.RaftServerConfigKeys (ConfUtils.java:logGet(43)) - raft.server.log.appender.install.snapshot.enabled = true (default)
2019-06-15 14:43:58,413 INFO  impl.RaftServerImpl (ServerState.java:<init>(101)) - 185f813e-fb91-4d2c-ac43-346046248432:group-73A678FABD18 ConfigurationManager, init=-1: [185f813e-fb91-4d2c-ac43-346046248432:192.168.11.227:42291], old=null, confs=<EMPTY_MAP>
2019-06-15 14:43:58,413 INFO  server.RaftServerConfigKeys (ConfUtils.java:logGet(43)) - raft.server.storage.dir = [/opt/src/hadoop-ozone/integration-test/target/test-dir/MiniOzoneClusterImpl-e082ae51-afbe-444c-8e57-1bcdb22f819c/datanode-1/data/ratis] (custom)
2019-06-15 14:43:58,414 INFO  storage.RaftStorageDirectory (RaftStorageDirectory.java:analyzeStorage(246)) - The storage directory /opt/src/hadoop-ozone/integration-test/target/test-dir/MiniOzoneClusterImpl-e082ae51-afbe-444c-8e57-1bcdb22f819c/datanode-1/data/ratis/05b2f20c-30f7-4010-9fc1-73a678fabd18 does not exist. Creating ...
2019-06-15 14:43:58,416 INFO  storage.RaftStorageDirectory (RaftStorageDirectory.java:tryLock(328)) - Lock on /opt/src/hadoop-ozone/integration-test/target/test-dir/MiniOzoneClusterImpl-e082ae51-afbe-444c-8e57-1bcdb22f819c/datanode-1/data/ratis/05b2f20c-30f7-4010-9fc1-73a678fabd18/in_use.lock acquired by nodename 10337@ozone-unit-076618677d3-4xtgz-810526965
2019-06-15 14:43:58,418 INFO  storage.RaftStorage (RaftStorage.java:format(75)) - Storage directory /opt/src/hadoop-ozone/integration-test/target/test-dir/MiniOzoneClusterImpl-e082ae51-afbe-444c-8e57-1bcdb22f819c/datanode-1/data/ratis/05b2f20c-30f7-4010-9fc1-73a678fabd18 has been successfully formatted.
2019-06-15 14:43:58,418 INFO  ratis.ContainerStateMachine (ContainerStateMachine.java:loadSnapshot(199)) - The snapshot info is null.Setting the last applied index to:(t:0, i:~)
2019-06-15 14:43:58,418 INFO  server.RaftServerConfigKeys (ConfUtils.java:logGet(43)) - raft.server.leader.election.timeout = 10s (custom)
2019-06-15 14:43:58,418 INFO  server.RaftServerConfigKeys (ConfUtils.java:logGet(43)) - raft.server.log.use.memory = false (default)
2019-06-15 14:43:58,418 INFO  server.RaftServerConfigKeys (ConfUtils.java:logGet(43)) - raft.server.log.appender.buffer.byte-limit = 33554432 (custom)
2019-06-15 14:43:58,418 INFO  server.RaftServerConfigKeys (ConfUtils.java:logGet(43)) - raft.server.log.segment.size.max = 16384 (custom)
2019-06-15 14:43:58,419 INFO  server.RaftServerConfigKeys (ConfUtils.java:logGet(43)) - raft.server.log.segment.cache.num.max = 2 (custom)
2019-06-15 14:43:58,419 INFO  storage.RaftLogWorker (RaftLogWorker.java:<init>(123)) - new 185f813e-fb91-4d2c-ac43-346046248432-RaftLogWorker for Storage Directory /opt/src/hadoop-ozone/integration-test/target/test-dir/MiniOzoneClusterImpl-e082ae51-afbe-444c-8e57-1bcdb22f819c/datanode-1/data/ratis/05b2f20c-30f7-4010-9fc1-73a678fabd18
2019-06-15 14:43:58,419 INFO  server.RaftServerConfigKeys (ConfUtils.java:logGet(43)) - raft.server.log.queue.byte-limit = 2147483647 (custom)
2019-06-15 14:43:58,419 INFO  server.RaftServerConfigKeys (ConfUtils.java:logGet(43)) - raft.server.log.queue.element-limit = 1024 (custom)
2019-06-15 14:43:58,419 INFO  server.RaftServerConfigKeys (ConfUtils.java:logGet(43)) - raft.server.log.segment.size.max = 16384 (custom)
2019-06-15 14:43:58,419 INFO  server.RaftServerConfigKeys (ConfUtils.java:logGet(43)) - raft.server.log.preallocated.size = 16384 (custom)
2019-06-15 14:43:58,419 INFO  server.RaftServerConfigKeys (ConfUtils.java:logGet(43)) - raft.server.log.write.buffer.size = 33554432 (custom)
2019-06-15 14:43:58,419 INFO  server.RaftServerConfigKeys (ConfUtils.java:logGet(43)) - raft.server.log.force.sync.num = 128 (default)
2019-06-15 14:43:58,419 INFO  server.RaftServerConfigKeys (ConfUtils.java:logGet(43)) - raft.server.log.statemachine.data.sync = true (default)
2019-06-15 14:43:58,419 INFO  server.RaftServerConfigKeys (ConfUtils.java:logGet(43)) - raft.server.log.statemachine.data.sync.timeout = 10s (default)
2019-06-15 14:43:58,419 INFO  server.RaftServerConfigKeys (ConfUtils.java:logGet(43)) - raft.server.log.statemachine.data.sync.timeout.retry = -1 (default)
2019-06-15 14:43:58,419 INFO  server.RaftServerConfigKeys (ConfUtils.java:logGet(43)) - raft.server.log.statemachine.data.caching.enabled = true (custom)
2019-06-15 14:43:58,420 INFO  server.RaftServerConfigKeys (ConfUtils.java:logGet(43)) - raft.server.snapshot.auto.trigger.enabled = true (custom)
2019-06-15 14:43:58,420 INFO  server.RaftServerConfigKeys (ConfUtils.java:logGet(43)) - raft.server.snapshot.auto.trigger.threshold = 10000 (custom)
2019-06-15 14:43:58,420 INFO  server.RaftServerConfigKeys (ConfUtils.java:logGet(43)) - raft.server.retrycache.expirytime = 600000ms (custom)
2019-06-15 14:43:58,420 INFO  impl.RaftServerImpl (RaftServerImpl.java:start(173)) - 185f813e-fb91-4d2c-ac43-346046248432: start group-73A678FABD18
2019-06-15 14:43:58,420 INFO  impl.RaftServerImpl (RaftServerImpl.java:setRole(164)) - 185f813e-fb91-4d2c-ac43-346046248432:group-73A678FABD18 changes role from null to FOLLOWER at term 0 for startAsFollower
2019-06-15 14:43:58,420 INFO  impl.RoleInfo (RoleInfo.java:updateAndGet(143)) - 185f813e-fb91-4d2c-ac43-346046248432: start FollowerState
2019-06-15 14:43:58,420 INFO  util.JmxRegister (JmxRegister.java:tryRegister(44)) - Successfully registered JMX Bean with object name Ratis:service=RaftServer,group=group-73A678FABD18,id=185f813e-fb91-4d2c-ac43-346046248432
2019-06-15 14:43:58,427 INFO  pipeline.PipelineStateManager (PipelineStateManager.java:addPipeline(56)) - Created pipeline Pipeline[ Id: 05b2f20c-30f7-4010-9fc1-73a678fabd18, Nodes: 185f813e-fb91-4d2c-ac43-346046248432{ip: 192.168.11.227, host: ozone-unit-076618677d3-4xtgz-810526965, networkLocation: /default-rack, certSerialId: null}, Type:RATIS, Factor:ONE, State:OPEN]
2019-06-15 14:43:58,441 INFO  node.SCMNodeManager (SCMNodeManager.java:register(269)) - Registered Data node : cb96f3a2-ebbc-4371-9672-c496a5de7aad{ip: 192.168.11.227, host: ozone-unit-076618677d3-4xtgz-810526965, networkLocation: /default-rack, certSerialId: null}
2019-06-15 14:43:58,456 INFO  impl.RaftServerProxy (RaftServerProxy.java:addNew(89)) - b526f07d-f9ab-4544-9873-d0d6c95fe9cb: addNew group-E60735BB1988:[3ac5a647-eaa5-4963-9522-4bd691a2e10b:192.168.11.227:38745, 8b7399cc-3239-4a0e-a789-6e81b6213009:192.168.11.227:38013, b526f07d-f9ab-4544-9873-d0d6c95fe9cb:192.168.11.227:36027] returns group-E60735BB1988:java.util.concurrent.CompletableFuture@5c46ce00[Not completed]
2019-06-15 14:43:58,457 INFO  impl.RaftServerImpl (RaftServerImpl.java:<init>(91)) - b526f07d-f9ab-4544-9873-d0d6c95fe9cb: new RaftServerImpl for group-E60735BB1988:[3ac5a647-eaa5-4963-9522-4bd691a2e10b:192.168.11.227:38745, 8b7399cc-3239-4a0e-a789-6e81b6213009:192.168.11.227:38013, b526f07d-f9ab-4544-9873-d0d6c95fe9cb:192.168.11.227:36027] with ContainerStateMachine:uninitialized
2019-06-15 14:43:58,457 INFO  server.RaftServerConfigKeys (ConfUtils.java:logGet(43)) - raft.server.rpc.timeout.min = 1s (custom)
2019-06-15 14:43:58,457 INFO  server.RaftServerConfigKeys (ConfUtils.java:logGet(43)) - raft.server.rpc.timeout.max = 1200ms (custom)
2019-06-15 14:43:58,458 INFO  server.RaftServerConfigKeys (ConfUtils.java:logGet(43)) - raft.server.rpcslowness.timeout = 10s (custom)
2019-06-15 14:43:58,458 INFO  server.RaftServerConfigKeys (ConfUtils.java:logGet(43)) - raft.server.log.appender.install.snapshot.enabled = true (default)
2019-06-15 14:43:58,458 INFO  impl.RaftServerImpl (ServerState.java:<init>(101)) - b526f07d-f9ab-4544-9873-d0d6c95fe9cb:group-E60735BB1988 ConfigurationManager, init=-1: [3ac5a647-eaa5-4963-9522-4bd691a2e10b:192.168.11.227:38745, 8b7399cc-3239-4a0e-a789-6e81b6213009:192.168.11.227:38013, b526f07d-f9ab-4544-9873-d0d6c95fe9cb:192.168.11.227:36027], old=null, confs=<EMPTY_MAP>
2019-06-15 14:43:58,458 INFO  server.RaftServerConfigKeys (ConfUtils.java:logGet(43)) - raft.server.storage.dir = [/opt/src/hadoop-ozone/integration-test/target/test-dir/MiniOzoneClusterImpl-e082ae51-afbe-444c-8e57-1bcdb22f819c/datanode-2/data/ratis] (custom)
2019-06-15 14:43:58,458 INFO  storage.RaftStorageDirectory (RaftStorageDirectory.java:analyzeStorage(246)) - The storage directory /opt/src/hadoop-ozone/integration-test/target/test-dir/MiniOzoneClusterImpl-e082ae51-afbe-444c-8e57-1bcdb22f819c/datanode-2/data/ratis/b882c30d-9c1c-4c60-97da-e60735bb1988 does not exist. Creating ...
2019-06-15 14:43:58,461 INFO  storage.RaftStorageDirectory (RaftStorageDirectory.java:tryLock(328)) - Lock on /opt/src/hadoop-ozone/integration-test/target/test-dir/MiniOzoneClusterImpl-e082ae51-afbe-444c-8e57-1bcdb22f819c/datanode-2/data/ratis/b882c30d-9c1c-4c60-97da-e60735bb1988/in_use.lock acquired by nodename 10337@ozone-unit-076618677d3-4xtgz-810526965
2019-06-15 14:43:58,464 INFO  impl.RaftServerProxy (RaftServerProxy.java:addNew(89)) - 8b7399cc-3239-4a0e-a789-6e81b6213009: addNew group-E60735BB1988:[3ac5a647-eaa5-4963-9522-4bd691a2e10b:192.168.11.227:38745, 8b7399cc-3239-4a0e-a789-6e81b6213009:192.168.11.227:38013, b526f07d-f9ab-4544-9873-d0d6c95fe9cb:192.168.11.227:36027] returns group-E60735BB1988:java.util.concurrent.CompletableFuture@5c741362[Not completed]
2019-06-15 14:43:58,466 INFO  impl.RaftServerImpl (RaftServerImpl.java:<init>(91)) - 8b7399cc-3239-4a0e-a789-6e81b6213009: new RaftServerImpl for group-E60735BB1988:[3ac5a647-eaa5-4963-9522-4bd691a2e10b:192.168.11.227:38745, 8b7399cc-3239-4a0e-a789-6e81b6213009:192.168.11.227:38013, b526f07d-f9ab-4544-9873-d0d6c95fe9cb:192.168.11.227:36027] with ContainerStateMachine:uninitialized
2019-06-15 14:43:58,466 INFO  server.RaftServerConfigKeys (ConfUtils.java:logGet(43)) - raft.server.rpc.timeout.min = 1s (custom)
2019-06-15 14:43:58,466 INFO  server.RaftServerConfigKeys (ConfUtils.java:logGet(43)) - raft.server.rpc.timeout.max = 1200ms (custom)
2019-06-15 14:43:58,466 INFO  server.RaftServerConfigKeys (ConfUtils.java:logGet(43)) - raft.server.rpcslowness.timeout = 10s (custom)
2019-06-15 14:43:58,466 INFO  server.RaftServerConfigKeys (ConfUtils.java:logGet(43)) - raft.server.log.appender.install.snapshot.enabled = true (default)
2019-06-15 14:43:58,467 INFO  storage.RaftStorage (RaftStorage.java:format(75)) - Storage directory /opt/src/hadoop-ozone/integration-test/target/test-dir/MiniOzoneClusterImpl-e082ae51-afbe-444c-8e57-1bcdb22f819c/datanode-2/data/ratis/b882c30d-9c1c-4c60-97da-e60735bb1988 has been successfully formatted.
2019-06-15 14:43:58,467 INFO  impl.RaftServerImpl (ServerState.java:<init>(101)) - 8b7399cc-3239-4a0e-a789-6e81b6213009:group-E60735BB1988 ConfigurationManager, init=-1: [3ac5a647-eaa5-4963-9522-4bd691a2e10b:192.168.11.227:38745, 8b7399cc-3239-4a0e-a789-6e81b6213009:192.168.11.227:38013, b526f07d-f9ab-4544-9873-d0d6c95fe9cb:192.168.11.227:36027], old=null, confs=<EMPTY_MAP>
2019-06-15 14:43:58,467 INFO  ratis.ContainerStateMachine (ContainerStateMachine.java:loadSnapshot(199)) - The snapshot info is null.Setting the last applied index to:(t:0, i:~)
2019-06-15 14:43:58,467 INFO  server.RaftServerConfigKeys (ConfUtils.java:logGet(43)) - raft.server.storage.dir = [/opt/src/hadoop-ozone/integration-test/target/test-dir/MiniOzoneClusterImpl-e082ae51-afbe-444c-8e57-1bcdb22f819c/datanode-3/data/ratis] (custom)
2019-06-15 14:43:58,467 INFO  storage.RaftStorageDirectory (RaftStorageDirectory.java:analyzeStorage(246)) - The storage directory /opt/src/hadoop-ozone/integration-test/target/test-dir/MiniOzoneClusterImpl-e082ae51-afbe-444c-8e57-1bcdb22f819c/datanode-3/data/ratis/b882c30d-9c1c-4c60-97da-e60735bb1988 does not exist. Creating ...
2019-06-15 14:43:58,467 INFO  server.RaftServerConfigKeys (ConfUtils.java:logGet(43)) - raft.server.leader.election.timeout = 10s (custom)
2019-06-15 14:43:58,468 INFO  server.RaftServerConfigKeys (ConfUtils.java:logGet(43)) - raft.server.log.use.memory = false (default)
2019-06-15 14:43:58,468 INFO  server.RaftServerConfigKeys (ConfUtils.java:logGet(43)) - raft.server.log.appender.buffer.byte-limit = 33554432 (custom)
2019-06-15 14:43:58,468 INFO  server.RaftServerConfigKeys (ConfUtils.java:logGet(43)) - raft.server.log.segment.size.max = 16384 (custom)
2019-06-15 14:43:58,468 INFO  server.RaftServerConfigKeys (ConfUtils.java:logGet(43)) - raft.server.log.segment.cache.num.max = 2 (custom)
2019-06-15 14:43:58,468 INFO  storage.RaftLogWorker (RaftLogWorker.java:<init>(123)) - new b526f07d-f9ab-4544-9873-d0d6c95fe9cb-RaftLogWorker for Storage Directory /opt/src/hadoop-ozone/integration-test/target/test-dir/MiniOzoneClusterImpl-e082ae51-afbe-444c-8e57-1bcdb22f819c/datanode-2/data/ratis/b882c30d-9c1c-4c60-97da-e60735bb1988
2019-06-15 14:43:58,468 INFO  server.RaftServerConfigKeys (ConfUtils.java:logGet(43)) - raft.server.log.queue.byte-limit = 2147483647 (custom)
2019-06-15 14:43:58,468 INFO  server.RaftServerConfigKeys (ConfUtils.java:logGet(43)) - raft.server.log.queue.element-limit = 1024 (custom)
2019-06-15 14:43:58,468 INFO  server.RaftServerConfigKeys (ConfUtils.java:logGet(43)) - raft.server.log.segment.size.max = 16384 (custom)
2019-06-15 14:43:58,468 INFO  server.RaftServerConfigKeys (ConfUtils.java:logGet(43)) - raft.server.log.preallocated.size = 16384 (custom)
2019-06-15 14:43:58,468 INFO  server.RaftServerConfigKeys (ConfUtils.java:logGet(43)) - raft.server.log.write.buffer.size = 33554432 (custom)
2019-06-15 14:43:58,469 INFO  server.RaftServerConfigKeys (ConfUtils.java:logGet(43)) - raft.server.log.force.sync.num = 128 (default)
2019-06-15 14:43:58,469 INFO  server.RaftServerConfigKeys (ConfUtils.java:logGet(43)) - raft.server.log.statemachine.data.sync = true (default)
2019-06-15 14:43:58,469 INFO  server.RaftServerConfigKeys (ConfUtils.java:logGet(43)) - raft.server.log.statemachine.data.sync.timeout = 10s (default)
2019-06-15 14:43:58,469 INFO  server.RaftServerConfigKeys (ConfUtils.java:logGet(43)) - raft.server.log.statemachine.data.sync.timeout.retry = -1 (default)
2019-06-15 14:43:58,469 INFO  server.RaftServerConfigKeys (ConfUtils.java:logGet(43)) - raft.server.log.statemachine.data.caching.enabled = true (custom)
2019-06-15 14:43:58,475 INFO  storage.RaftStorageDirectory (RaftStorageDirectory.java:tryLock(328)) - Lock on /opt/src/hadoop-ozone/integration-test/target/test-dir/MiniOzoneClusterImpl-e082ae51-afbe-444c-8e57-1bcdb22f819c/datanode-3/data/ratis/b882c30d-9c1c-4c60-97da-e60735bb1988/in_use.lock acquired by nodename 10337@ozone-unit-076618677d3-4xtgz-810526965
2019-06-15 14:43:58,475 INFO  server.RaftServerConfigKeys (ConfUtils.java:logGet(43)) - raft.server.snapshot.auto.trigger.enabled = true (custom)
2019-06-15 14:43:58,476 INFO  server.RaftServerConfigKeys (ConfUtils.java:logGet(43)) - raft.server.snapshot.auto.trigger.threshold = 10000 (custom)
2019-06-15 14:43:58,476 INFO  server.RaftServerConfigKeys (ConfUtils.java:logGet(43)) - raft.server.retrycache.expirytime = 600000ms (custom)
2019-06-15 14:43:58,476 INFO  impl.RaftServerImpl (RaftServerImpl.java:start(173)) - b526f07d-f9ab-4544-9873-d0d6c95fe9cb: start group-E60735BB1988
2019-06-15 14:43:58,476 INFO  impl.RaftServerImpl (RaftServerImpl.java:setRole(164)) - b526f07d-f9ab-4544-9873-d0d6c95fe9cb:group-E60735BB1988 changes role from null to FOLLOWER at term 0 for startAsFollower
2019-06-15 14:43:58,476 INFO  impl.RoleInfo (RoleInfo.java:updateAndGet(143)) - b526f07d-f9ab-4544-9873-d0d6c95fe9cb: start FollowerState
2019-06-15 14:43:58,476 INFO  util.JmxRegister (JmxRegister.java:tryRegister(44)) - Successfully registered JMX Bean with object name Ratis:service=RaftServer,group=group-E60735BB1988,id=b526f07d-f9ab-4544-9873-d0d6c95fe9cb
2019-06-15 14:43:58,478 INFO  storage.RaftStorage (RaftStorage.java:format(75)) - Storage directory /opt/src/hadoop-ozone/integration-test/target/test-dir/MiniOzoneClusterImpl-e082ae51-afbe-444c-8e57-1bcdb22f819c/datanode-3/data/ratis/b882c30d-9c1c-4c60-97da-e60735bb1988 has been successfully formatted.
2019-06-15 14:43:58,478 INFO  ratis.ContainerStateMachine (ContainerStateMachine.java:loadSnapshot(199)) - The snapshot info is null.Setting the last applied index to:(t:0, i:~)
2019-06-15 14:43:58,478 INFO  server.RaftServerConfigKeys (ConfUtils.java:logGet(43)) - raft.server.leader.election.timeout = 10s (custom)
2019-06-15 14:43:58,478 INFO  server.RaftServerConfigKeys (ConfUtils.java:logGet(43)) - raft.server.log.use.memory = false (default)
2019-06-15 14:43:58,478 INFO  server.RaftServerConfigKeys (ConfUtils.java:logGet(43)) - raft.server.log.appender.buffer.byte-limit = 33554432 (custom)
2019-06-15 14:43:58,479 INFO  server.RaftServerConfigKeys (ConfUtils.java:logGet(43)) - raft.server.log.segment.size.max = 16384 (custom)
2019-06-15 14:43:58,479 INFO  server.RaftServerConfigKeys (ConfUtils.java:logGet(43)) - raft.server.log.segment.cache.num.max = 2 (custom)
2019-06-15 14:43:58,479 INFO  storage.RaftLogWorker (RaftLogWorker.java:<init>(123)) - new 8b7399cc-3239-4a0e-a789-6e81b6213009-RaftLogWorker for Storage Directory /opt/src/hadoop-ozone/integration-test/target/test-dir/MiniOzoneClusterImpl-e082ae51-afbe-444c-8e57-1bcdb22f819c/datanode-3/data/ratis/b882c30d-9c1c-4c60-97da-e60735bb1988
2019-06-15 14:43:58,479 INFO  server.RaftServerConfigKeys (ConfUtils.java:logGet(43)) - raft.server.log.queue.byte-limit = 2147483647 (custom)
2019-06-15 14:43:58,479 INFO  server.RaftServerConfigKeys (ConfUtils.java:logGet(43)) - raft.server.log.queue.element-limit = 1024 (custom)
2019-06-15 14:43:58,479 INFO  server.RaftServerConfigKeys (ConfUtils.java:logGet(43)) - raft.server.log.segment.size.max = 16384 (custom)
2019-06-15 14:43:58,479 INFO  server.RaftServerConfigKeys (ConfUtils.java:logGet(43)) - raft.server.log.preallocated.size = 16384 (custom)
2019-06-15 14:43:58,479 INFO  server.RaftServerConfigKeys (ConfUtils.java:logGet(43)) - raft.server.log.write.buffer.size = 33554432 (custom)
2019-06-15 14:43:58,479 INFO  server.RaftServerConfigKeys (ConfUtils.java:logGet(43)) - raft.server.log.force.sync.num = 128 (default)
2019-06-15 14:43:58,480 INFO  server.RaftServerConfigKeys (ConfUtils.java:logGet(43)) - raft.server.log.statemachine.data.sync = true (default)
2019-06-15 14:43:58,480 INFO  server.RaftServerConfigKeys (ConfUtils.java:logGet(43)) - raft.server.log.statemachine.data.sync.timeout = 10s (default)
2019-06-15 14:43:58,480 INFO  server.RaftServerConfigKeys (ConfUtils.java:logGet(43)) - raft.server.log.statemachine.data.sync.timeout.retry = -1 (default)
2019-06-15 14:43:58,480 INFO  server.RaftServerConfigKeys (ConfUtils.java:logGet(43)) - raft.server.log.statemachine.data.caching.enabled = true (custom)
2019-06-15 14:43:58,480 INFO  server.RaftServerConfigKeys (ConfUtils.java:logGet(43)) - raft.server.snapshot.auto.trigger.enabled = true (custom)
2019-06-15 14:43:58,480 INFO  server.RaftServerConfigKeys (ConfUtils.java:logGet(43)) - raft.server.snapshot.auto.trigger.threshold = 10000 (custom)
2019-06-15 14:43:58,481 INFO  server.RaftServerConfigKeys (ConfUtils.java:logGet(43)) - raft.server.retrycache.expirytime = 600000ms (custom)
2019-06-15 14:43:58,481 INFO  impl.RaftServerImpl (RaftServerImpl.java:start(173)) - 8b7399cc-3239-4a0e-a789-6e81b6213009: start group-E60735BB1988
2019-06-15 14:43:58,482 INFO  impl.RaftServerImpl (RaftServerImpl.java:setRole(164)) - 8b7399cc-3239-4a0e-a789-6e81b6213009:group-E60735BB1988 changes role from null to FOLLOWER at term 0 for startAsFollower
2019-06-15 14:43:58,482 INFO  impl.RoleInfo (RoleInfo.java:updateAndGet(143)) - 8b7399cc-3239-4a0e-a789-6e81b6213009: start FollowerState
2019-06-15 14:43:58,483 INFO  util.JmxRegister (JmxRegister.java:tryRegister(44)) - Successfully registered JMX Bean with object name Ratis:service=RaftServer,group=group-E60735BB1988,id=8b7399cc-3239-4a0e-a789-6e81b6213009
2019-06-15 14:43:58,483 INFO  impl.RaftServerProxy (RaftServerProxy.java:addNew(89)) - 3ac5a647-eaa5-4963-9522-4bd691a2e10b: addNew group-E60735BB1988:[3ac5a647-eaa5-4963-9522-4bd691a2e10b:192.168.11.227:38745, 8b7399cc-3239-4a0e-a789-6e81b6213009:192.168.11.227:38013, b526f07d-f9ab-4544-9873-d0d6c95fe9cb:192.168.11.227:36027] returns group-E60735BB1988:java.util.concurrent.CompletableFuture@17f79982[Not completed]
2019-06-15 14:43:58,484 INFO  impl.RaftServerImpl (RaftServerImpl.java:<init>(91)) - 3ac5a647-eaa5-4963-9522-4bd691a2e10b: new RaftServerImpl for group-E60735BB1988:[3ac5a647-eaa5-4963-9522-4bd691a2e10b:192.168.11.227:38745, 8b7399cc-3239-4a0e-a789-6e81b6213009:192.168.11.227:38013, b526f07d-f9ab-4544-9873-d0d6c95fe9cb:192.168.11.227:36027] with ContainerStateMachine:uninitialized
2019-06-15 14:43:58,484 INFO  server.RaftServerConfigKeys (ConfUtils.java:logGet(43)) - raft.server.rpc.timeout.min = 1s (custom)
2019-06-15 14:43:58,484 INFO  server.RaftServerConfigKeys (ConfUtils.java:logGet(43)) - raft.server.rpc.timeout.max = 1200ms (custom)
2019-06-15 14:43:58,484 INFO  server.RaftServerConfigKeys (ConfUtils.java:logGet(43)) - raft.server.rpcslowness.timeout = 10s (custom)
2019-06-15 14:43:58,484 INFO  server.RaftServerConfigKeys (ConfUtils.java:logGet(43)) - raft.server.log.appender.install.snapshot.enabled = true (default)
2019-06-15 14:43:58,484 INFO  impl.RaftServerImpl (ServerState.java:<init>(101)) - 3ac5a647-eaa5-4963-9522-4bd691a2e10b:group-E60735BB1988 ConfigurationManager, init=-1: [3ac5a647-eaa5-4963-9522-4bd691a2e10b:192.168.11.227:38745, 8b7399cc-3239-4a0e-a789-6e81b6213009:192.168.11.227:38013, b526f07d-f9ab-4544-9873-d0d6c95fe9cb:192.168.11.227:36027], old=null, confs=<EMPTY_MAP>
2019-06-15 14:43:58,484 INFO  server.RaftServerConfigKeys (ConfUtils.java:logGet(43)) - raft.server.storage.dir = [/opt/src/hadoop-ozone/integration-test/target/test-dir/MiniOzoneClusterImpl-e082ae51-afbe-444c-8e57-1bcdb22f819c/datanode-0/data/ratis] (custom)
2019-06-15 14:43:58,484 INFO  storage.RaftStorageDirectory (RaftStorageDirectory.java:analyzeStorage(246)) - The storage directory /opt/src/hadoop-ozone/integration-test/target/test-dir/MiniOzoneClusterImpl-e082ae51-afbe-444c-8e57-1bcdb22f819c/datanode-0/data/ratis/b882c30d-9c1c-4c60-97da-e60735bb1988 does not exist. Creating ...
2019-06-15 14:43:58,486 INFO  storage.RaftStorageDirectory (RaftStorageDirectory.java:tryLock(328)) - Lock on /opt/src/hadoop-ozone/integration-test/target/test-dir/MiniOzoneClusterImpl-e082ae51-afbe-444c-8e57-1bcdb22f819c/datanode-0/data/ratis/b882c30d-9c1c-4c60-97da-e60735bb1988/in_use.lock acquired by nodename 10337@ozone-unit-076618677d3-4xtgz-810526965
2019-06-15 14:43:58,490 INFO  storage.RaftStorage (RaftStorage.java:format(75)) - Storage directory /opt/src/hadoop-ozone/integration-test/target/test-dir/MiniOzoneClusterImpl-e082ae51-afbe-444c-8e57-1bcdb22f819c/datanode-0/data/ratis/b882c30d-9c1c-4c60-97da-e60735bb1988 has been successfully formatted.
2019-06-15 14:43:58,492 INFO  ratis.ContainerStateMachine (ContainerStateMachine.java:loadSnapshot(199)) - The snapshot info is null.Setting the last applied index to:(t:0, i:~)
2019-06-15 14:43:58,492 INFO  server.RaftServerConfigKeys (ConfUtils.java:logGet(43)) - raft.server.leader.election.timeout = 10s (custom)
2019-06-15 14:43:58,492 INFO  server.RaftServerConfigKeys (ConfUtils.java:logGet(43)) - raft.server.log.use.memory = false (default)
2019-06-15 14:43:58,492 INFO  server.RaftServerConfigKeys (ConfUtils.java:logGet(43)) - raft.server.log.appender.buffer.byte-limit = 33554432 (custom)
2019-06-15 14:43:58,492 INFO  server.RaftServerConfigKeys (ConfUtils.java:logGet(43)) - raft.server.log.segment.size.max = 16384 (custom)
2019-06-15 14:43:58,492 INFO  server.RaftServerConfigKeys (ConfUtils.java:logGet(43)) - raft.server.log.segment.cache.num.max = 2 (custom)
2019-06-15 14:43:58,492 INFO  storage.RaftLogWorker (RaftLogWorker.java:<init>(123)) - new 3ac5a647-eaa5-4963-9522-4bd691a2e10b-RaftLogWorker for Storage Directory /opt/src/hadoop-ozone/integration-test/target/test-dir/MiniOzoneClusterImpl-e082ae51-afbe-444c-8e57-1bcdb22f819c/datanode-0/data/ratis/b882c30d-9c1c-4c60-97da-e60735bb1988
2019-06-15 14:43:58,492 INFO  server.RaftServerConfigKeys (ConfUtils.java:logGet(43)) - raft.server.log.queue.byte-limit = 2147483647 (custom)
2019-06-15 14:43:58,493 INFO  server.RaftServerConfigKeys (ConfUtils.java:logGet(43)) - raft.server.log.queue.element-limit = 1024 (custom)
2019-06-15 14:43:58,493 INFO  server.RaftServerConfigKeys (ConfUtils.java:logGet(43)) - raft.server.log.segment.size.max = 16384 (custom)
2019-06-15 14:43:58,493 INFO  server.RaftServerConfigKeys (ConfUtils.java:logGet(43)) - raft.server.log.preallocated.size = 16384 (custom)
2019-06-15 14:43:58,493 INFO  server.RaftServerConfigKeys (ConfUtils.java:logGet(43)) - raft.server.log.write.buffer.size = 33554432 (custom)
2019-06-15 14:43:58,493 INFO  server.RaftServerConfigKeys (ConfUtils.java:logGet(43)) - raft.server.log.force.sync.num = 128 (default)
2019-06-15 14:43:58,493 INFO  server.RaftServerConfigKeys (ConfUtils.java:logGet(43)) - raft.server.log.statemachine.data.sync = true (default)
2019-06-15 14:43:58,493 INFO  server.RaftServerConfigKeys (ConfUtils.java:logGet(43)) - raft.server.log.statemachine.data.sync.timeout = 10s (default)
2019-06-15 14:43:58,495 INFO  server.RaftServerConfigKeys (ConfUtils.java:logGet(43)) - raft.server.log.statemachine.data.sync.timeout.retry = -1 (default)
2019-06-15 14:43:58,495 INFO  server.RaftServerConfigKeys (ConfUtils.java:logGet(43)) - raft.server.log.statemachine.data.caching.enabled = true (custom)
2019-06-15 14:43:58,495 INFO  server.RaftServerConfigKeys (ConfUtils.java:logGet(43)) - raft.server.snapshot.auto.trigger.enabled = true (custom)
2019-06-15 14:43:58,495 INFO  server.RaftServerConfigKeys (ConfUtils.java:logGet(43)) - raft.server.snapshot.auto.trigger.threshold = 10000 (custom)
2019-06-15 14:43:58,496 INFO  server.RaftServerConfigKeys (ConfUtils.java:logGet(43)) - raft.server.retrycache.expirytime = 600000ms (custom)
2019-06-15 14:43:58,496 INFO  impl.RaftServerImpl (RaftServerImpl.java:start(173)) - 3ac5a647-eaa5-4963-9522-4bd691a2e10b: start group-E60735BB1988
2019-06-15 14:43:58,496 INFO  impl.RaftServerImpl (RaftServerImpl.java:setRole(164)) - 3ac5a647-eaa5-4963-9522-4bd691a2e10b:group-E60735BB1988 changes role from null to FOLLOWER at term 0 for startAsFollower
2019-06-15 14:43:58,496 INFO  impl.RoleInfo (RoleInfo.java:updateAndGet(143)) - 3ac5a647-eaa5-4963-9522-4bd691a2e10b: start FollowerState
2019-06-15 14:43:58,496 INFO  util.JmxRegister (JmxRegister.java:tryRegister(44)) - Successfully registered JMX Bean with object name Ratis:service=RaftServer,group=group-E60735BB1988,id=3ac5a647-eaa5-4963-9522-4bd691a2e10b
2019-06-15 14:43:58,504 INFO  pipeline.PipelineStateManager (PipelineStateManager.java:addPipeline(56)) - Created pipeline Pipeline[ Id: b882c30d-9c1c-4c60-97da-e60735bb1988, Nodes: b526f07d-f9ab-4544-9873-d0d6c95fe9cb{ip: 192.168.11.227, host: ozone-unit-076618677d3-4xtgz-810526965, networkLocation: /default-rack, certSerialId: null}8b7399cc-3239-4a0e-a789-6e81b6213009{ip: 192.168.11.227, host: ozone-unit-076618677d3-4xtgz-810526965, networkLocation: /default-rack, certSerialId: null}3ac5a647-eaa5-4963-9522-4bd691a2e10b{ip: 192.168.11.227, host: ozone-unit-076618677d3-4xtgz-810526965, networkLocation: /default-rack, certSerialId: null}, Type:RATIS, Factor:THREE, State:OPEN]
2019-06-15 14:43:58,515 INFO  impl.RaftServerProxy (RaftServerProxy.java:addNew(89)) - cb96f3a2-ebbc-4371-9672-c496a5de7aad: addNew group-5715B9ABCBA9:[cb96f3a2-ebbc-4371-9672-c496a5de7aad:192.168.11.227:36359] returns group-5715B9ABCBA9:java.util.concurrent.CompletableFuture@58b0b3b8[Not completed]
2019-06-15 14:43:58,515 INFO  impl.RaftServerImpl (RaftServerImpl.java:<init>(91)) - cb96f3a2-ebbc-4371-9672-c496a5de7aad: new RaftServerImpl for group-5715B9ABCBA9:[cb96f3a2-ebbc-4371-9672-c496a5de7aad:192.168.11.227:36359] with ContainerStateMachine:uninitialized
2019-06-15 14:43:58,517 INFO  server.RaftServerConfigKeys (ConfUtils.java:logGet(43)) - raft.server.rpc.timeout.min = 1s (custom)
2019-06-15 14:43:58,517 INFO  server.RaftServerConfigKeys (ConfUtils.java:logGet(43)) - raft.server.rpc.timeout.max = 1200ms (custom)
2019-06-15 14:43:58,517 INFO  server.RaftServerConfigKeys (ConfUtils.java:logGet(43)) - raft.server.rpcslowness.timeout = 10s (custom)
2019-06-15 14:43:58,517 INFO  server.RaftServerConfigKeys (ConfUtils.java:logGet(43)) - raft.server.log.appender.install.snapshot.enabled = true (default)
2019-06-15 14:43:58,517 INFO  impl.RaftServerImpl (ServerState.java:<init>(101)) - cb96f3a2-ebbc-4371-9672-c496a5de7aad:group-5715B9ABCBA9 ConfigurationManager, init=-1: [cb96f3a2-ebbc-4371-9672-c496a5de7aad:192.168.11.227:36359], old=null, confs=<EMPTY_MAP>
2019-06-15 14:43:58,517 INFO  server.RaftServerConfigKeys (ConfUtils.java:logGet(43)) - raft.server.storage.dir = [/opt/src/hadoop-ozone/integration-test/target/test-dir/MiniOzoneClusterImpl-e082ae51-afbe-444c-8e57-1bcdb22f819c/datanode-4/data/ratis] (custom)
2019-06-15 14:43:58,517 INFO  storage.RaftStorageDirectory (RaftStorageDirectory.java:analyzeStorage(246)) - The storage directory /opt/src/hadoop-ozone/integration-test/target/test-dir/MiniOzoneClusterImpl-e082ae51-afbe-444c-8e57-1bcdb22f819c/datanode-4/data/ratis/51a8e836-b67a-4aa0-b408-5715b9abcba9 does not exist. Creating ...
2019-06-15 14:43:58,520 INFO  storage.RaftStorageDirectory (RaftStorageDirectory.java:tryLock(328)) - Lock on /opt/src/hadoop-ozone/integration-test/target/test-dir/MiniOzoneClusterImpl-e082ae51-afbe-444c-8e57-1bcdb22f819c/datanode-4/data/ratis/51a8e836-b67a-4aa0-b408-5715b9abcba9/in_use.lock acquired by nodename 10337@ozone-unit-076618677d3-4xtgz-810526965
2019-06-15 14:43:58,522 INFO  storage.RaftStorage (RaftStorage.java:format(75)) - Storage directory /opt/src/hadoop-ozone/integration-test/target/test-dir/MiniOzoneClusterImpl-e082ae51-afbe-444c-8e57-1bcdb22f819c/datanode-4/data/ratis/51a8e836-b67a-4aa0-b408-5715b9abcba9 has been successfully formatted.
2019-06-15 14:43:58,522 INFO  ratis.ContainerStateMachine (ContainerStateMachine.java:loadSnapshot(199)) - The snapshot info is null.Setting the last applied index to:(t:0, i:~)
2019-06-15 14:43:58,522 INFO  server.RaftServerConfigKeys (ConfUtils.java:logGet(43)) - raft.server.leader.election.timeout = 10s (custom)
2019-06-15 14:43:58,522 INFO  server.RaftServerConfigKeys (ConfUtils.java:logGet(43)) - raft.server.log.use.memory = false (default)
2019-06-15 14:43:58,522 INFO  server.RaftServerConfigKeys (ConfUtils.java:logGet(43)) - raft.server.log.appender.buffer.byte-limit = 33554432 (custom)
2019-06-15 14:43:58,523 INFO  server.RaftServerConfigKeys (ConfUtils.java:logGet(43)) - raft.server.log.segment.size.max = 16384 (custom)
2019-06-15 14:43:58,523 INFO  server.RaftServerConfigKeys (ConfUtils.java:logGet(43)) - raft.server.log.segment.cache.num.max = 2 (custom)
2019-06-15 14:43:58,523 INFO  storage.RaftLogWorker (RaftLogWorker.java:<init>(123)) - new cb96f3a2-ebbc-4371-9672-c496a5de7aad-RaftLogWorker for Storage Directory /opt/src/hadoop-ozone/integration-test/target/test-dir/MiniOzoneClusterImpl-e082ae51-afbe-444c-8e57-1bcdb22f819c/datanode-4/data/ratis/51a8e836-b67a-4aa0-b408-5715b9abcba9
2019-06-15 14:43:58,523 INFO  server.RaftServerConfigKeys (ConfUtils.java:logGet(43)) - raft.server.log.queue.byte-limit = 2147483647 (custom)
2019-06-15 14:43:58,523 INFO  server.RaftServerConfigKeys (ConfUtils.java:logGet(43)) - raft.server.log.queue.element-limit = 1024 (custom)
2019-06-15 14:43:58,523 INFO  server.RaftServerConfigKeys (ConfUtils.java:logGet(43)) - raft.server.log.segment.size.max = 16384 (custom)
2019-06-15 14:43:58,523 INFO  server.RaftServerConfigKeys (ConfUtils.java:logGet(43)) - raft.server.log.preallocated.size = 16384 (custom)
2019-06-15 14:43:58,523 INFO  server.RaftServerConfigKeys (ConfUtils.java:logGet(43)) - raft.server.log.write.buffer.size = 33554432 (custom)
2019-06-15 14:43:58,523 INFO  server.RaftServerConfigKeys (ConfUtils.java:logGet(43)) - raft.server.log.force.sync.num = 128 (default)
2019-06-15 14:43:58,524 INFO  server.RaftServerConfigKeys (ConfUtils.java:logGet(43)) - raft.server.log.statemachine.data.sync = true (default)
2019-06-15 14:43:58,524 INFO  server.RaftServerConfigKeys (ConfUtils.java:logGet(43)) - raft.server.log.statemachine.data.sync.timeout = 10s (default)
2019-06-15 14:43:58,524 INFO  server.RaftServerConfigKeys (ConfUtils.java:logGet(43)) - raft.server.log.statemachine.data.sync.timeout.retry = -1 (default)
2019-06-15 14:43:58,524 INFO  server.RaftServerConfigKeys (ConfUtils.java:logGet(43)) - raft.server.log.statemachine.data.caching.enabled = true (custom)
2019-06-15 14:43:58,524 INFO  server.RaftServerConfigKeys (ConfUtils.java:logGet(43)) - raft.server.snapshot.auto.trigger.enabled = true (custom)
2019-06-15 14:43:58,524 INFO  server.RaftServerConfigKeys (ConfUtils.java:logGet(43)) - raft.server.snapshot.auto.trigger.threshold = 10000 (custom)
2019-06-15 14:43:58,524 INFO  server.RaftServerConfigKeys (ConfUtils.java:logGet(43)) - raft.server.retrycache.expirytime = 600000ms (custom)
2019-06-15 14:43:58,525 INFO  impl.RaftServerImpl (RaftServerImpl.java:start(173)) - cb96f3a2-ebbc-4371-9672-c496a5de7aad: start group-5715B9ABCBA9
2019-06-15 14:43:58,525 INFO  impl.RaftServerImpl (RaftServerImpl.java:setRole(164)) - cb96f3a2-ebbc-4371-9672-c496a5de7aad:group-5715B9ABCBA9 changes role from null to FOLLOWER at term 0 for startAsFollower
2019-06-15 14:43:58,525 INFO  impl.RoleInfo (RoleInfo.java:updateAndGet(143)) - cb96f3a2-ebbc-4371-9672-c496a5de7aad: start FollowerState
2019-06-15 14:43:58,525 INFO  util.JmxRegister (JmxRegister.java:tryRegister(44)) - Successfully registered JMX Bean with object name Ratis:service=RaftServer,group=group-5715B9ABCBA9,id=cb96f3a2-ebbc-4371-9672-c496a5de7aad
2019-06-15 14:43:58,530 INFO  pipeline.PipelineStateManager (PipelineStateManager.java:addPipeline(56)) - Created pipeline Pipeline[ Id: 51a8e836-b67a-4aa0-b408-5715b9abcba9, Nodes: cb96f3a2-ebbc-4371-9672-c496a5de7aad{ip: 192.168.11.227, host: ozone-unit-076618677d3-4xtgz-810526965, networkLocation: /default-rack, certSerialId: null}, Type:RATIS, Factor:ONE, State:OPEN]
2019-06-15 14:43:58,623 INFO  ozone.MiniOzoneClusterImpl (MiniOzoneClusterImpl.java:lambda$waitForClusterToBeReady$0(142)) - Waiting for cluster to be ready. Got 5 of 6 DN Heartbeats.
2019-06-15 14:43:58,628 INFO  node.SCMNodeManager (SCMNodeManager.java:register(269)) - Registered Data node : 4482d4be-0d23-4959-b109-e8e637015e6e{ip: 192.168.11.227, host: ozone-unit-076618677d3-4xtgz-810526965, networkLocation: /default-rack, certSerialId: null}
2019-06-15 14:43:58,639 INFO  impl.RaftServerProxy (RaftServerProxy.java:addNew(89)) - 4482d4be-0d23-4959-b109-e8e637015e6e: addNew group-7E0C236D0D47:[4482d4be-0d23-4959-b109-e8e637015e6e:192.168.11.227:34941] returns group-7E0C236D0D47:java.util.concurrent.CompletableFuture@6bf71148[Not completed]
2019-06-15 14:43:58,640 INFO  impl.RaftServerImpl (RaftServerImpl.java:<init>(91)) - 4482d4be-0d23-4959-b109-e8e637015e6e: new RaftServerImpl for group-7E0C236D0D47:[4482d4be-0d23-4959-b109-e8e637015e6e:192.168.11.227:34941] with ContainerStateMachine:uninitialized
2019-06-15 14:43:58,642 INFO  server.RaftServerConfigKeys (ConfUtils.java:logGet(43)) - raft.server.rpc.timeout.min = 1s (custom)
2019-06-15 14:43:58,642 INFO  server.RaftServerConfigKeys (ConfUtils.java:logGet(43)) - raft.server.rpc.timeout.max = 1200ms (custom)
2019-06-15 14:43:58,642 INFO  server.RaftServerConfigKeys (ConfUtils.java:logGet(43)) - raft.server.rpcslowness.timeout = 10s (custom)
2019-06-15 14:43:58,642 INFO  server.RaftServerConfigKeys (ConfUtils.java:logGet(43)) - raft.server.log.appender.install.snapshot.enabled = true (default)
2019-06-15 14:43:58,642 INFO  impl.RaftServerImpl (ServerState.java:<init>(101)) - 4482d4be-0d23-4959-b109-e8e637015e6e:group-7E0C236D0D47 ConfigurationManager, init=-1: [4482d4be-0d23-4959-b109-e8e637015e6e:192.168.11.227:34941], old=null, confs=<EMPTY_MAP>
2019-06-15 14:43:58,642 INFO  server.RaftServerConfigKeys (ConfUtils.java:logGet(43)) - raft.server.storage.dir = [/opt/src/hadoop-ozone/integration-test/target/test-dir/MiniOzoneClusterImpl-e082ae51-afbe-444c-8e57-1bcdb22f819c/datanode-5/data/ratis] (custom)
2019-06-15 14:43:58,642 INFO  storage.RaftStorageDirectory (RaftStorageDirectory.java:analyzeStorage(246)) - The storage directory /opt/src/hadoop-ozone/integration-test/target/test-dir/MiniOzoneClusterImpl-e082ae51-afbe-444c-8e57-1bcdb22f819c/datanode-5/data/ratis/436f389a-f2b3-437e-acc0-7e0c236d0d47 does not exist. Creating ...
2019-06-15 14:43:58,645 INFO  storage.RaftStorageDirectory (RaftStorageDirectory.java:tryLock(328)) - Lock on /opt/src/hadoop-ozone/integration-test/target/test-dir/MiniOzoneClusterImpl-e082ae51-afbe-444c-8e57-1bcdb22f819c/datanode-5/data/ratis/436f389a-f2b3-437e-acc0-7e0c236d0d47/in_use.lock acquired by nodename 10337@ozone-unit-076618677d3-4xtgz-810526965
2019-06-15 14:43:58,647 INFO  storage.RaftStorage (RaftStorage.java:format(75)) - Storage directory /opt/src/hadoop-ozone/integration-test/target/test-dir/MiniOzoneClusterImpl-e082ae51-afbe-444c-8e57-1bcdb22f819c/datanode-5/data/ratis/436f389a-f2b3-437e-acc0-7e0c236d0d47 has been successfully formatted.
2019-06-15 14:43:58,647 INFO  ratis.ContainerStateMachine (ContainerStateMachine.java:loadSnapshot(199)) - The snapshot info is null.Setting the last applied index to:(t:0, i:~)
2019-06-15 14:43:58,647 INFO  server.RaftServerConfigKeys (ConfUtils.java:logGet(43)) - raft.server.leader.election.timeout = 10s (custom)
2019-06-15 14:43:58,647 INFO  server.RaftServerConfigKeys (ConfUtils.java:logGet(43)) - raft.server.log.use.memory = false (default)
2019-06-15 14:43:58,647 INFO  server.RaftServerConfigKeys (ConfUtils.java:logGet(43)) - raft.server.log.appender.buffer.byte-limit = 33554432 (custom)
2019-06-15 14:43:58,647 INFO  server.RaftServerConfigKeys (ConfUtils.java:logGet(43)) - raft.server.log.segment.size.max = 16384 (custom)
2019-06-15 14:43:58,647 INFO  server.RaftServerConfigKeys (ConfUtils.java:logGet(43)) - raft.server.log.segment.cache.num.max = 2 (custom)
2019-06-15 14:43:58,647 INFO  storage.RaftLogWorker (RaftLogWorker.java:<init>(123)) - new 4482d4be-0d23-4959-b109-e8e637015e6e-RaftLogWorker for Storage Directory /opt/src/hadoop-ozone/integration-test/target/test-dir/MiniOzoneClusterImpl-e082ae51-afbe-444c-8e57-1bcdb22f819c/datanode-5/data/ratis/436f389a-f2b3-437e-acc0-7e0c236d0d47
2019-06-15 14:43:58,648 INFO  server.RaftServerConfigKeys (ConfUtils.java:logGet(43)) - raft.server.log.queue.byte-limit = 2147483647 (custom)
2019-06-15 14:43:58,648 INFO  server.RaftServerConfigKeys (ConfUtils.java:logGet(43)) - raft.server.log.queue.element-limit = 1024 (custom)
2019-06-15 14:43:58,648 INFO  server.RaftServerConfigKeys (ConfUtils.java:logGet(43)) - raft.server.log.segment.size.max = 16384 (custom)
2019-06-15 14:43:58,648 INFO  server.RaftServerConfigKeys (ConfUtils.java:logGet(43)) - raft.server.log.preallocated.size = 16384 (custom)
2019-06-15 14:43:58,648 INFO  server.RaftServerConfigKeys (ConfUtils.java:logGet(43)) - raft.server.log.write.buffer.size = 33554432 (custom)
2019-06-15 14:43:58,648 INFO  server.RaftServerConfigKeys (ConfUtils.java:logGet(43)) - raft.server.log.force.sync.num = 128 (default)
2019-06-15 14:43:58,648 INFO  server.RaftServerConfigKeys (ConfUtils.java:logGet(43)) - raft.server.log.statemachine.data.sync = true (default)
2019-06-15 14:43:58,648 INFO  server.RaftServerConfigKeys (ConfUtils.java:logGet(43)) - raft.server.log.statemachine.data.sync.timeout = 10s (default)
2019-06-15 14:43:58,648 INFO  server.RaftServerConfigKeys (ConfUtils.java:logGet(43)) - raft.server.log.statemachine.data.sync.timeout.retry = -1 (default)
2019-06-15 14:43:58,648 INFO  server.RaftServerConfigKeys (ConfUtils.java:logGet(43)) - raft.server.log.statemachine.data.caching.enabled = true (custom)
2019-06-15 14:43:58,649 INFO  server.RaftServerConfigKeys (ConfUtils.java:logGet(43)) - raft.server.snapshot.auto.trigger.enabled = true (custom)
2019-06-15 14:43:58,649 INFO  server.RaftServerConfigKeys (ConfUtils.java:logGet(43)) - raft.server.snapshot.auto.trigger.threshold = 10000 (custom)
2019-06-15 14:43:58,649 INFO  server.RaftServerConfigKeys (ConfUtils.java:logGet(43)) - raft.server.retrycache.expirytime = 600000ms (custom)
2019-06-15 14:43:58,649 INFO  impl.RaftServerImpl (RaftServerImpl.java:start(173)) - 4482d4be-0d23-4959-b109-e8e637015e6e: start group-7E0C236D0D47
2019-06-15 14:43:58,649 INFO  impl.RaftServerImpl (RaftServerImpl.java:setRole(164)) - 4482d4be-0d23-4959-b109-e8e637015e6e:group-7E0C236D0D47 changes role from null to FOLLOWER at term 0 for startAsFollower
2019-06-15 14:43:58,649 INFO  impl.RoleInfo (RoleInfo.java:updateAndGet(143)) - 4482d4be-0d23-4959-b109-e8e637015e6e: start FollowerState
2019-06-15 14:43:58,649 INFO  util.JmxRegister (JmxRegister.java:tryRegister(44)) - Successfully registered JMX Bean with object name Ratis:service=RaftServer,group=group-7E0C236D0D47,id=4482d4be-0d23-4959-b109-e8e637015e6e
2019-06-15 14:43:58,656 INFO  pipeline.PipelineStateManager (PipelineStateManager.java:addPipeline(56)) - Created pipeline Pipeline[ Id: 436f389a-f2b3-437e-acc0-7e0c236d0d47, Nodes: 4482d4be-0d23-4959-b109-e8e637015e6e{ip: 192.168.11.227, host: ozone-unit-076618677d3-4xtgz-810526965, networkLocation: /default-rack, certSerialId: null}, Type:RATIS, Factor:ONE, State:OPEN]
2019-06-15 14:43:58,674 INFO  impl.RaftServerProxy (RaftServerProxy.java:addNew(89)) - 4482d4be-0d23-4959-b109-e8e637015e6e: addNew group-5EB43F5F7FEF:[cb96f3a2-ebbc-4371-9672-c496a5de7aad:192.168.11.227:36359, 4482d4be-0d23-4959-b109-e8e637015e6e:192.168.11.227:34941, 185f813e-fb91-4d2c-ac43-346046248432:192.168.11.227:42291] returns group-5EB43F5F7FEF:java.util.concurrent.CompletableFuture@450183ba[Not completed]
2019-06-15 14:43:58,674 INFO  impl.RaftServerProxy (RaftServerProxy.java:addNew(89)) - 185f813e-fb91-4d2c-ac43-346046248432: addNew group-5EB43F5F7FEF:[cb96f3a2-ebbc-4371-9672-c496a5de7aad:192.168.11.227:36359, 4482d4be-0d23-4959-b109-e8e637015e6e:192.168.11.227:34941, 185f813e-fb91-4d2c-ac43-346046248432:192.168.11.227:42291] returns group-5EB43F5F7FEF:java.util.concurrent.CompletableFuture@2664bbcf[Not completed]
2019-06-15 14:43:58,675 INFO  impl.RaftServerImpl (RaftServerImpl.java:<init>(91)) - 185f813e-fb91-4d2c-ac43-346046248432: new RaftServerImpl for group-5EB43F5F7FEF:[cb96f3a2-ebbc-4371-9672-c496a5de7aad:192.168.11.227:36359, 4482d4be-0d23-4959-b109-e8e637015e6e:192.168.11.227:34941, 185f813e-fb91-4d2c-ac43-346046248432:192.168.11.227:42291] with ContainerStateMachine:uninitialized
2019-06-15 14:43:58,676 INFO  server.RaftServerConfigKeys (ConfUtils.java:logGet(43)) - raft.server.rpc.timeout.min = 1s (custom)
2019-06-15 14:43:58,676 INFO  server.RaftServerConfigKeys (ConfUtils.java:logGet(43)) - raft.server.rpc.timeout.max = 1200ms (custom)
2019-06-15 14:43:58,676 INFO  server.RaftServerConfigKeys (ConfUtils.java:logGet(43)) - raft.server.rpcslowness.timeout = 10s (custom)
2019-06-15 14:43:58,676 INFO  server.RaftServerConfigKeys (ConfUtils.java:logGet(43)) - raft.server.log.appender.install.snapshot.enabled = true (default)
2019-06-15 14:43:58,676 INFO  impl.RaftServerImpl (ServerState.java:<init>(101)) - 185f813e-fb91-4d2c-ac43-346046248432:group-5EB43F5F7FEF ConfigurationManager, init=-1: [cb96f3a2-ebbc-4371-9672-c496a5de7aad:192.168.11.227:36359, 4482d4be-0d23-4959-b109-e8e637015e6e:192.168.11.227:34941, 185f813e-fb91-4d2c-ac43-346046248432:192.168.11.227:42291], old=null, confs=<EMPTY_MAP>
2019-06-15 14:43:58,677 INFO  server.RaftServerConfigKeys (ConfUtils.java:logGet(43)) - raft.server.storage.dir = [/opt/src/hadoop-ozone/integration-test/target/test-dir/MiniOzoneClusterImpl-e082ae51-afbe-444c-8e57-1bcdb22f819c/datanode-1/data/ratis] (custom)
2019-06-15 14:43:58,677 INFO  storage.RaftStorageDirectory (RaftStorageDirectory.java:analyzeStorage(246)) - The storage directory /opt/src/hadoop-ozone/integration-test/target/test-dir/MiniOzoneClusterImpl-e082ae51-afbe-444c-8e57-1bcdb22f819c/datanode-1/data/ratis/797301bd-293d-4f61-967c-5eb43f5f7fef does not exist. Creating ...
2019-06-15 14:43:58,677 INFO  impl.RaftServerImpl (RaftServerImpl.java:<init>(91)) - 4482d4be-0d23-4959-b109-e8e637015e6e: new RaftServerImpl for group-5EB43F5F7FEF:[cb96f3a2-ebbc-4371-9672-c496a5de7aad:192.168.11.227:36359, 4482d4be-0d23-4959-b109-e8e637015e6e:192.168.11.227:34941, 185f813e-fb91-4d2c-ac43-346046248432:192.168.11.227:42291] with ContainerStateMachine:uninitialized
2019-06-15 14:43:58,677 INFO  server.RaftServerConfigKeys (ConfUtils.java:logGet(43)) - raft.server.rpc.timeout.min = 1s (custom)
2019-06-15 14:43:58,677 INFO  server.RaftServerConfigKeys (ConfUtils.java:logGet(43)) - raft.server.rpc.timeout.max = 1200ms (custom)
2019-06-15 14:43:58,678 INFO  server.RaftServerConfigKeys (ConfUtils.java:logGet(43)) - raft.server.rpcslowness.timeout = 10s (custom)
2019-06-15 14:43:58,678 INFO  server.RaftServerConfigKeys (ConfUtils.java:logGet(43)) - raft.server.log.appender.install.snapshot.enabled = true (default)
2019-06-15 14:43:58,678 INFO  impl.RaftServerImpl (ServerState.java:<init>(101)) - 4482d4be-0d23-4959-b109-e8e637015e6e:group-5EB43F5F7FEF ConfigurationManager, init=-1: [cb96f3a2-ebbc-4371-9672-c496a5de7aad:192.168.11.227:36359, 4482d4be-0d23-4959-b109-e8e637015e6e:192.168.11.227:34941, 185f813e-fb91-4d2c-ac43-346046248432:192.168.11.227:42291], old=null, confs=<EMPTY_MAP>
2019-06-15 14:43:58,678 INFO  server.RaftServerConfigKeys (ConfUtils.java:logGet(43)) - raft.server.storage.dir = [/opt/src/hadoop-ozone/integration-test/target/test-dir/MiniOzoneClusterImpl-e082ae51-afbe-444c-8e57-1bcdb22f819c/datanode-5/data/ratis] (custom)
2019-06-15 14:43:58,678 INFO  storage.RaftStorageDirectory (RaftStorageDirectory.java:analyzeStorage(246)) - The storage directory /opt/src/hadoop-ozone/integration-test/target/test-dir/MiniOzoneClusterImpl-e082ae51-afbe-444c-8e57-1bcdb22f819c/datanode-5/data/ratis/797301bd-293d-4f61-967c-5eb43f5f7fef does not exist. Creating ...
2019-06-15 14:43:58,679 INFO  storage.RaftStorageDirectory (RaftStorageDirectory.java:tryLock(328)) - Lock on /opt/src/hadoop-ozone/integration-test/target/test-dir/MiniOzoneClusterImpl-e082ae51-afbe-444c-8e57-1bcdb22f819c/datanode-1/data/ratis/797301bd-293d-4f61-967c-5eb43f5f7fef/in_use.lock acquired by nodename 10337@ozone-unit-076618677d3-4xtgz-810526965
2019-06-15 14:43:58,681 INFO  impl.RaftServerProxy (RaftServerProxy.java:addNew(89)) - cb96f3a2-ebbc-4371-9672-c496a5de7aad: addNew group-5EB43F5F7FEF:[cb96f3a2-ebbc-4371-9672-c496a5de7aad:192.168.11.227:36359, 4482d4be-0d23-4959-b109-e8e637015e6e:192.168.11.227:34941, 185f813e-fb91-4d2c-ac43-346046248432:192.168.11.227:42291] returns group-5EB43F5F7FEF:java.util.concurrent.CompletableFuture@3d74de4e[Not completed]
2019-06-15 14:43:58,681 INFO  storage.RaftStorageDirectory (RaftStorageDirectory.java:tryLock(328)) - Lock on /opt/src/hadoop-ozone/integration-test/target/test-dir/MiniOzoneClusterImpl-e082ae51-afbe-444c-8e57-1bcdb22f819c/datanode-5/data/ratis/797301bd-293d-4f61-967c-5eb43f5f7fef/in_use.lock acquired by nodename 10337@ozone-unit-076618677d3-4xtgz-810526965
2019-06-15 14:43:58,682 INFO  storage.RaftStorage (RaftStorage.java:format(75)) - Storage directory /opt/src/hadoop-ozone/integration-test/target/test-dir/MiniOzoneClusterImpl-e082ae51-afbe-444c-8e57-1bcdb22f819c/datanode-1/data/ratis/797301bd-293d-4f61-967c-5eb43f5f7fef has been successfully formatted.
2019-06-15 14:43:58,683 INFO  ratis.ContainerStateMachine (ContainerStateMachine.java:loadSnapshot(199)) - The snapshot info is null.Setting the last applied index to:(t:0, i:~)
2019-06-15 14:43:58,683 INFO  server.RaftServerConfigKeys (ConfUtils.java:logGet(43)) - raft.server.leader.election.timeout = 10s (custom)
2019-06-15 14:43:58,683 INFO  server.RaftServerConfigKeys (ConfUtils.java:logGet(43)) - raft.server.log.use.memory = false (default)
2019-06-15 14:43:58,683 INFO  server.RaftServerConfigKeys (ConfUtils.java:logGet(43)) - raft.server.log.appender.buffer.byte-limit = 33554432 (custom)
2019-06-15 14:43:58,683 INFO  server.RaftServerConfigKeys (ConfUtils.java:logGet(43)) - raft.server.log.segment.size.max = 16384 (custom)
2019-06-15 14:43:58,683 INFO  server.RaftServerConfigKeys (ConfUtils.java:logGet(43)) - raft.server.log.segment.cache.num.max = 2 (custom)
2019-06-15 14:43:58,683 INFO  storage.RaftLogWorker (RaftLogWorker.java:<init>(123)) - new 185f813e-fb91-4d2c-ac43-346046248432-RaftLogWorker for Storage Directory /opt/src/hadoop-ozone/integration-test/target/test-dir/MiniOzoneClusterImpl-e082ae51-afbe-444c-8e57-1bcdb22f819c/datanode-1/data/ratis/797301bd-293d-4f61-967c-5eb43f5f7fef
2019-06-15 14:43:58,683 INFO  server.RaftServerConfigKeys (ConfUtils.java:logGet(43)) - raft.server.log.queue.byte-limit = 2147483647 (custom)
2019-06-15 14:43:58,683 INFO  server.RaftServerConfigKeys (ConfUtils.java:logGet(43)) - raft.server.log.queue.element-limit = 1024 (custom)
2019-06-15 14:43:58,684 INFO  server.RaftServerConfigKeys (ConfUtils.java:logGet(43)) - raft.server.log.segment.size.max = 16384 (custom)
2019-06-15 14:43:58,684 INFO  server.RaftServerConfigKeys (ConfUtils.java:logGet(43)) - raft.server.log.preallocated.size = 16384 (custom)
2019-06-15 14:43:58,684 INFO  server.RaftServerConfigKeys (ConfUtils.java:logGet(43)) - raft.server.log.write.buffer.size = 33554432 (custom)
2019-06-15 14:43:58,684 INFO  server.RaftServerConfigKeys (ConfUtils.java:logGet(43)) - raft.server.log.force.sync.num = 128 (default)
2019-06-15 14:43:58,684 INFO  server.RaftServerConfigKeys (ConfUtils.java:logGet(43)) - raft.server.log.statemachine.data.sync = true (default)
2019-06-15 14:43:58,684 INFO  server.RaftServerConfigKeys (ConfUtils.java:logGet(43)) - raft.server.log.statemachine.data.sync.timeout = 10s (default)
2019-06-15 14:43:58,684 INFO  server.RaftServerConfigKeys (ConfUtils.java:logGet(43)) - raft.server.log.statemachine.data.sync.timeout.retry = -1 (default)
2019-06-15 14:43:58,684 INFO  server.RaftServerConfigKeys (ConfUtils.java:logGet(43)) - raft.server.log.statemachine.data.caching.enabled = true (custom)
2019-06-15 14:43:58,681 INFO  impl.RaftServerImpl (RaftServerImpl.java:<init>(91)) - cb96f3a2-ebbc-4371-9672-c496a5de7aad: new RaftServerImpl for group-5EB43F5F7FEF:[cb96f3a2-ebbc-4371-9672-c496a5de7aad:192.168.11.227:36359, 4482d4be-0d23-4959-b109-e8e637015e6e:192.168.11.227:34941, 185f813e-fb91-4d2c-ac43-346046248432:192.168.11.227:42291] with ContainerStateMachine:uninitialized
2019-06-15 14:43:58,684 INFO  server.RaftServerConfigKeys (ConfUtils.java:logGet(43)) - raft.server.rpc.timeout.min = 1s (custom)
2019-06-15 14:43:58,685 INFO  server.RaftServerConfigKeys (ConfUtils.java:logGet(43)) - raft.server.rpc.timeout.max = 1200ms (custom)
2019-06-15 14:43:58,685 INFO  server.RaftServerConfigKeys (ConfUtils.java:logGet(43)) - raft.server.rpcslowness.timeout = 10s (custom)
2019-06-15 14:43:58,685 INFO  server.RaftServerConfigKeys (ConfUtils.java:logGet(43)) - raft.server.log.appender.install.snapshot.enabled = true (default)
2019-06-15 14:43:58,685 INFO  storage.RaftStorage (RaftStorage.java:format(75)) - Storage directory /opt/src/hadoop-ozone/integration-test/target/test-dir/MiniOzoneClusterImpl-e082ae51-afbe-444c-8e57-1bcdb22f819c/datanode-5/data/ratis/797301bd-293d-4f61-967c-5eb43f5f7fef has been successfully formatted.
2019-06-15 14:43:58,685 INFO  impl.RaftServerImpl (ServerState.java:<init>(101)) - cb96f3a2-ebbc-4371-9672-c496a5de7aad:group-5EB43F5F7FEF ConfigurationManager, init=-1: [cb96f3a2-ebbc-4371-9672-c496a5de7aad:192.168.11.227:36359, 4482d4be-0d23-4959-b109-e8e637015e6e:192.168.11.227:34941, 185f813e-fb91-4d2c-ac43-346046248432:192.168.11.227:42291], old=null, confs=<EMPTY_MAP>
2019-06-15 14:43:58,685 INFO  server.RaftServerConfigKeys (ConfUtils.java:logGet(43)) - raft.server.snapshot.auto.trigger.enabled = true (custom)
2019-06-15 14:43:58,685 INFO  server.RaftServerConfigKeys (ConfUtils.java:logGet(43)) - raft.server.storage.dir = [/opt/src/hadoop-ozone/integration-test/target/test-dir/MiniOzoneClusterImpl-e082ae51-afbe-444c-8e57-1bcdb22f819c/datanode-4/data/ratis] (custom)
2019-06-15 14:43:58,685 INFO  server.RaftServerConfigKeys (ConfUtils.java:logGet(43)) - raft.server.snapshot.auto.trigger.threshold = 10000 (custom)
2019-06-15 14:43:58,685 INFO  storage.RaftStorageDirectory (RaftStorageDirectory.java:analyzeStorage(246)) - The storage directory /opt/src/hadoop-ozone/integration-test/target/test-dir/MiniOzoneClusterImpl-e082ae51-afbe-444c-8e57-1bcdb22f819c/datanode-4/data/ratis/797301bd-293d-4f61-967c-5eb43f5f7fef does not exist. Creating ...
2019-06-15 14:43:58,685 INFO  server.RaftServerConfigKeys (ConfUtils.java:logGet(43)) - raft.server.retrycache.expirytime = 600000ms (custom)
2019-06-15 14:43:58,685 INFO  impl.RaftServerImpl (RaftServerImpl.java:start(173)) - 185f813e-fb91-4d2c-ac43-346046248432: start group-5EB43F5F7FEF
2019-06-15 14:43:58,687 INFO  impl.RaftServerImpl (RaftServerImpl.java:setRole(164)) - 185f813e-fb91-4d2c-ac43-346046248432:group-5EB43F5F7FEF changes role from null to FOLLOWER at term 0 for startAsFollower
2019-06-15 14:43:58,688 INFO  impl.RoleInfo (RoleInfo.java:updateAndGet(143)) - 185f813e-fb91-4d2c-ac43-346046248432: start FollowerState
2019-06-15 14:43:58,688 INFO  util.JmxRegister (JmxRegister.java:tryRegister(44)) - Successfully registered JMX Bean with object name Ratis:service=RaftServer,group=group-5EB43F5F7FEF,id=185f813e-fb91-4d2c-ac43-346046248432
2019-06-15 14:43:58,689 INFO  ratis.ContainerStateMachine (ContainerStateMachine.java:loadSnapshot(199)) - The snapshot info is null.Setting the last applied index to:(t:0, i:~)
2019-06-15 14:43:58,689 INFO  server.RaftServerConfigKeys (ConfUtils.java:logGet(43)) - raft.server.leader.election.timeout = 10s (custom)
2019-06-15 14:43:58,689 INFO  server.RaftServerConfigKeys (ConfUtils.java:logGet(43)) - raft.server.log.use.memory = false (default)
2019-06-15 14:43:58,689 INFO  storage.RaftStorageDirectory (RaftStorageDirectory.java:tryLock(328)) - Lock on /opt/src/hadoop-ozone/integration-test/target/test-dir/MiniOzoneClusterImpl-e082ae51-afbe-444c-8e57-1bcdb22f819c/datanode-4/data/ratis/797301bd-293d-4f61-967c-5eb43f5f7fef/in_use.lock acquired by nodename 10337@ozone-unit-076618677d3-4xtgz-810526965
2019-06-15 14:43:58,690 INFO  server.RaftServerConfigKeys (ConfUtils.java:logGet(43)) - raft.server.log.appender.buffer.byte-limit = 33554432 (custom)
2019-06-15 14:43:58,690 INFO  server.RaftServerConfigKeys (ConfUtils.java:logGet(43)) - raft.server.log.segment.size.max = 16384 (custom)
2019-06-15 14:43:58,690 INFO  server.RaftServerConfigKeys (ConfUtils.java:logGet(43)) - raft.server.log.segment.cache.num.max = 2 (custom)
2019-06-15 14:43:58,690 INFO  storage.RaftLogWorker (RaftLogWorker.java:<init>(123)) - new 4482d4be-0d23-4959-b109-e8e637015e6e-RaftLogWorker for Storage Directory /opt/src/hadoop-ozone/integration-test/target/test-dir/MiniOzoneClusterImpl-e082ae51-afbe-444c-8e57-1bcdb22f819c/datanode-5/data/ratis/797301bd-293d-4f61-967c-5eb43f5f7fef
2019-06-15 14:43:58,690 INFO  server.RaftServerConfigKeys (ConfUtils.java:logGet(43)) - raft.server.log.queue.byte-limit = 2147483647 (custom)
2019-06-15 14:43:58,690 INFO  server.RaftServerConfigKeys (ConfUtils.java:logGet(43)) - raft.server.log.queue.element-limit = 1024 (custom)
2019-06-15 14:43:58,691 INFO  server.RaftServerConfigKeys (ConfUtils.java:logGet(43)) - raft.server.log.segment.size.max = 16384 (custom)
2019-06-15 14:43:58,691 INFO  server.RaftServerConfigKeys (ConfUtils.java:logGet(43)) - raft.server.log.preallocated.size = 16384 (custom)
2019-06-15 14:43:58,692 INFO  storage.RaftStorage (RaftStorage.java:format(75)) - Storage directory /opt/src/hadoop-ozone/integration-test/target/test-dir/MiniOzoneClusterImpl-e082ae51-afbe-444c-8e57-1bcdb22f819c/datanode-4/data/ratis/797301bd-293d-4f61-967c-5eb43f5f7fef has been successfully formatted.
2019-06-15 14:43:58,693 INFO  ratis.ContainerStateMachine (ContainerStateMachine.java:loadSnapshot(199)) - The snapshot info is null.Setting the last applied index to:(t:0, i:~)
2019-06-15 14:43:58,693 INFO  server.RaftServerConfigKeys (ConfUtils.java:logGet(43)) - raft.server.leader.election.timeout = 10s (custom)
2019-06-15 14:43:58,693 INFO  server.RaftServerConfigKeys (ConfUtils.java:logGet(43)) - raft.server.log.use.memory = false (default)
2019-06-15 14:43:58,693 INFO  server.RaftServerConfigKeys (ConfUtils.java:logGet(43)) - raft.server.log.appender.buffer.byte-limit = 33554432 (custom)
2019-06-15 14:43:58,693 INFO  server.RaftServerConfigKeys (ConfUtils.java:logGet(43)) - raft.server.log.segment.size.max = 16384 (custom)
2019-06-15 14:43:58,693 INFO  server.RaftServerConfigKeys (ConfUtils.java:logGet(43)) - raft.server.log.segment.cache.num.max = 2 (custom)
2019-06-15 14:43:58,693 INFO  storage.RaftLogWorker (RaftLogWorker.java:<init>(123)) - new cb96f3a2-ebbc-4371-9672-c496a5de7aad-RaftLogWorker for Storage Directory /opt/src/hadoop-ozone/integration-test/target/test-dir/MiniOzoneClusterImpl-e082ae51-afbe-444c-8e57-1bcdb22f819c/datanode-4/data/ratis/797301bd-293d-4f61-967c-5eb43f5f7fef
2019-06-15 14:43:58,694 INFO  server.RaftServerConfigKeys (ConfUtils.java:logGet(43)) - raft.server.log.queue.byte-limit = 2147483647 (custom)
2019-06-15 14:43:58,694 INFO  server.RaftServerConfigKeys (ConfUtils.java:logGet(43)) - raft.server.log.queue.element-limit = 1024 (custom)
2019-06-15 14:43:58,694 INFO  server.RaftServerConfigKeys (ConfUtils.java:logGet(43)) - raft.server.log.segment.size.max = 16384 (custom)
2019-06-15 14:43:58,694 INFO  server.RaftServerConfigKeys (ConfUtils.java:logGet(43)) - raft.server.log.preallocated.size = 16384 (custom)
2019-06-15 14:43:58,694 INFO  server.RaftServerConfigKeys (ConfUtils.java:logGet(43)) - raft.server.log.write.buffer.size = 33554432 (custom)
2019-06-15 14:43:58,694 INFO  server.RaftServerConfigKeys (ConfUtils.java:logGet(43)) - raft.server.log.force.sync.num = 128 (default)
2019-06-15 14:43:58,694 INFO  server.RaftServerConfigKeys (ConfUtils.java:logGet(43)) - raft.server.log.statemachine.data.sync = true (default)
2019-06-15 14:43:58,694 INFO  server.RaftServerConfigKeys (ConfUtils.java:logGet(43)) - raft.server.log.statemachine.data.sync.timeout = 10s (default)
2019-06-15 14:43:58,694 INFO  server.RaftServerConfigKeys (ConfUtils.java:logGet(43)) - raft.server.log.statemachine.data.sync.timeout.retry = -1 (default)
2019-06-15 14:43:58,694 INFO  server.RaftServerConfigKeys (ConfUtils.java:logGet(43)) - raft.server.log.statemachine.data.caching.enabled = true (custom)
2019-06-15 14:43:58,695 INFO  server.RaftServerConfigKeys (ConfUtils.java:logGet(43)) - raft.server.log.write.buffer.size = 33554432 (custom)
2019-06-15 14:43:58,695 INFO  server.RaftServerConfigKeys (ConfUtils.java:logGet(43)) - raft.server.log.force.sync.num = 128 (default)
2019-06-15 14:43:58,695 INFO  server.RaftServerConfigKeys (ConfUtils.java:logGet(43)) - raft.server.log.statemachine.data.sync = true (default)
2019-06-15 14:43:58,695 INFO  server.RaftServerConfigKeys (ConfUtils.java:logGet(43)) - raft.server.log.statemachine.data.sync.timeout = 10s (default)
2019-06-15 14:43:58,695 INFO  server.RaftServerConfigKeys (ConfUtils.java:logGet(43)) - raft.server.log.statemachine.data.sync.timeout.retry = -1 (default)
2019-06-15 14:43:58,695 INFO  server.RaftServerConfigKeys (ConfUtils.java:logGet(43)) - raft.server.log.statemachine.data.caching.enabled = true (custom)
2019-06-15 14:43:58,695 INFO  server.RaftServerConfigKeys (ConfUtils.java:logGet(43)) - raft.server.snapshot.auto.trigger.enabled = true (custom)
2019-06-15 14:43:58,695 INFO  server.RaftServerConfigKeys (ConfUtils.java:logGet(43)) - raft.server.snapshot.auto.trigger.threshold = 10000 (custom)
2019-06-15 14:43:58,699 INFO  server.RaftServerConfigKeys (ConfUtils.java:logGet(43)) - raft.server.retrycache.expirytime = 600000ms (custom)
2019-06-15 14:43:58,700 INFO  server.RaftServerConfigKeys (ConfUtils.java:logGet(43)) - raft.server.snapshot.auto.trigger.enabled = true (custom)
2019-06-15 14:43:58,700 INFO  impl.RaftServerImpl (RaftServerImpl.java:start(173)) - cb96f3a2-ebbc-4371-9672-c496a5de7aad: start group-5EB43F5F7FEF
2019-06-15 14:43:58,700 INFO  server.RaftServerConfigKeys (ConfUtils.java:logGet(43)) - raft.server.snapshot.auto.trigger.threshold = 10000 (custom)
2019-06-15 14:43:58,700 INFO  impl.RaftServerImpl (RaftServerImpl.java:setRole(164)) - cb96f3a2-ebbc-4371-9672-c496a5de7aad:group-5EB43F5F7FEF changes role from null to FOLLOWER at term 0 for startAsFollower
2019-06-15 14:43:58,700 INFO  server.RaftServerConfigKeys (ConfUtils.java:logGet(43)) - raft.server.retrycache.expirytime = 600000ms (custom)
2019-06-15 14:43:58,700 INFO  impl.RoleInfo (RoleInfo.java:updateAndGet(143)) - cb96f3a2-ebbc-4371-9672-c496a5de7aad: start FollowerState
2019-06-15 14:43:58,700 INFO  impl.RaftServerImpl (RaftServerImpl.java:start(173)) - 4482d4be-0d23-4959-b109-e8e637015e6e: start group-5EB43F5F7FEF
2019-06-15 14:43:58,700 INFO  impl.RaftServerImpl (RaftServerImpl.java:setRole(164)) - 4482d4be-0d23-4959-b109-e8e637015e6e:group-5EB43F5F7FEF changes role from null to FOLLOWER at term 0 for startAsFollower
2019-06-15 14:43:58,700 INFO  impl.RoleInfo (RoleInfo.java:updateAndGet(143)) - 4482d4be-0d23-4959-b109-e8e637015e6e: start FollowerState
2019-06-15 14:43:58,701 INFO  util.JmxRegister (JmxRegister.java:tryRegister(44)) - Successfully registered JMX Bean with object name Ratis:service=RaftServer,group=group-5EB43F5F7FEF,id=cb96f3a2-ebbc-4371-9672-c496a5de7aad
2019-06-15 14:43:58,703 INFO  util.JmxRegister (JmxRegister.java:tryRegister(44)) - Successfully registered JMX Bean with object name Ratis:service=RaftServer,group=group-5EB43F5F7FEF,id=4482d4be-0d23-4959-b109-e8e637015e6e
2019-06-15 14:43:58,715 INFO  pipeline.PipelineStateManager (PipelineStateManager.java:addPipeline(56)) - Created pipeline Pipeline[ Id: 797301bd-293d-4f61-967c-5eb43f5f7fef, Nodes: 4482d4be-0d23-4959-b109-e8e637015e6e{ip: 192.168.11.227, host: ozone-unit-076618677d3-4xtgz-810526965, networkLocation: /default-rack, certSerialId: null}185f813e-fb91-4d2c-ac43-346046248432{ip: 192.168.11.227, host: ozone-unit-076618677d3-4xtgz-810526965, networkLocation: /default-rack, certSerialId: null}cb96f3a2-ebbc-4371-9672-c496a5de7aad{ip: 192.168.11.227, host: ozone-unit-076618677d3-4xtgz-810526965, networkLocation: /default-rack, certSerialId: null}, Type:RATIS, Factor:THREE, State:OPEN]
2019-06-15 14:43:59,271 INFO  impl.FollowerState (FollowerState.java:run(101)) - 3ac5a647-eaa5-4963-9522-4bd691a2e10b:group-973EDAA1AC9E changes to CANDIDATE, lastRpcTime:1022, electionTimeout:1020ms
2019-06-15 14:43:59,271 INFO  impl.RoleInfo (RoleInfo.java:shutdownFollowerState(121)) - 3ac5a647-eaa5-4963-9522-4bd691a2e10b: shutdown FollowerState
2019-06-15 14:43:59,271 INFO  impl.RaftServerImpl (RaftServerImpl.java:setRole(164)) - 3ac5a647-eaa5-4963-9522-4bd691a2e10b:group-973EDAA1AC9E changes role from FOLLOWER to CANDIDATE at term 0 for changeToCandidate
2019-06-15 14:43:59,273 INFO  impl.RoleInfo (RoleInfo.java:updateAndGet(143)) - 3ac5a647-eaa5-4963-9522-4bd691a2e10b: start LeaderElection
2019-06-15 14:43:59,279 INFO  impl.LeaderElection (LeaderElection.java:askForVotes(181)) - 3ac5a647-eaa5-4963-9522-4bd691a2e10b:group-973EDAA1AC9E:LeaderElection1: begin an election at term 1 for -1: [3ac5a647-eaa5-4963-9522-4bd691a2e10b:192.168.11.227:38745], old=null
2019-06-15 14:43:59,280 INFO  impl.RoleInfo (RoleInfo.java:shutdownLeaderElection(134)) - 3ac5a647-eaa5-4963-9522-4bd691a2e10b: shutdown LeaderElection
2019-06-15 14:43:59,281 INFO  impl.RaftServerImpl (RaftServerImpl.java:setRole(164)) - 3ac5a647-eaa5-4963-9522-4bd691a2e10b:group-973EDAA1AC9E changes role from CANDIDATE to LEADER at term 1 for changeToLeader
2019-06-15 14:43:59,281 INFO  impl.RaftServerImpl (ServerState.java:setLeader(263)) - 3ac5a647-eaa5-4963-9522-4bd691a2e10b:group-973EDAA1AC9E change Leader from null to 3ac5a647-eaa5-4963-9522-4bd691a2e10b at term 1 for becomeLeader, leader elected after 1071ms
2019-06-15 14:43:59,286 INFO  server.RaftServerConfigKeys (ConfUtils.java:logGet(43)) - raft.server.staging.catchup.gap = 1000 (default)
2019-06-15 14:43:59,286 INFO  server.RaftServerConfigKeys (ConfUtils.java:logGet(43)) - raft.server.rpc.sleep.time = 25ms (default)
2019-06-15 14:43:59,288 INFO  server.RaftServerConfigKeys (ConfUtils.java:logGet(43)) - raft.server.watch.timeout = 10s (default)
2019-06-15 14:43:59,288 INFO  server.RaftServerConfigKeys (ConfUtils.java:logGet(43)) - raft.server.watch.timeout.denomination = 1s (default)
2019-06-15 14:43:59,294 INFO  impl.RoleInfo (RoleInfo.java:updateAndGet(143)) - 3ac5a647-eaa5-4963-9522-4bd691a2e10b: start LeaderState
2019-06-15 14:43:59,311 INFO  storage.RaftLogWorker (RaftLogWorker.java:startLogSegment(298)) - 3ac5a647-eaa5-4963-9522-4bd691a2e10b-RaftLogWorker: Starting segment from index:0
2019-06-15 14:43:59,322 INFO  impl.RaftServerImpl (ServerState.java:setRaftConf(361)) - 3ac5a647-eaa5-4963-9522-4bd691a2e10b:group-973EDAA1AC9E set configuration 0: [3ac5a647-eaa5-4963-9522-4bd691a2e10b:192.168.11.227:38745], old=null at 0
2019-06-15 14:43:59,445 INFO  storage.RaftLogWorker (RaftLogWorker.java:execute(469)) - 3ac5a647-eaa5-4963-9522-4bd691a2e10b-RaftLogWorker: created new log segment /opt/src/hadoop-ozone/integration-test/target/test-dir/MiniOzoneClusterImpl-e082ae51-afbe-444c-8e57-1bcdb22f819c/datanode-0/data/ratis/0fd7a1fd-71e4-4070-ab6d-973edaa1ac9e/current/log_inprogress_0
2019-06-15 14:43:59,474 INFO  impl.FollowerState (FollowerState.java:run(101)) - 8b7399cc-3239-4a0e-a789-6e81b6213009:group-407CBF4D3EA7 changes to CANDIDATE, lastRpcTime:1085, electionTimeout:1085ms
2019-06-15 14:43:59,475 INFO  impl.RoleInfo (RoleInfo.java:shutdownFollowerState(121)) - 8b7399cc-3239-4a0e-a789-6e81b6213009: shutdown FollowerState
2019-06-15 14:43:59,475 INFO  impl.RaftServerImpl (RaftServerImpl.java:setRole(164)) - 8b7399cc-3239-4a0e-a789-6e81b6213009:group-407CBF4D3EA7 changes role from FOLLOWER to CANDIDATE at term 0 for changeToCandidate
2019-06-15 14:43:59,476 INFO  impl.RoleInfo (RoleInfo.java:updateAndGet(143)) - 8b7399cc-3239-4a0e-a789-6e81b6213009: start LeaderElection
2019-06-15 14:43:59,480 INFO  impl.LeaderElection (LeaderElection.java:askForVotes(181)) - 8b7399cc-3239-4a0e-a789-6e81b6213009:group-407CBF4D3EA7:LeaderElection2: begin an election at term 1 for -1: [8b7399cc-3239-4a0e-a789-6e81b6213009:192.168.11.227:38013], old=null
2019-06-15 14:43:59,481 INFO  impl.RoleInfo (RoleInfo.java:shutdownLeaderElection(134)) - 8b7399cc-3239-4a0e-a789-6e81b6213009: shutdown LeaderElection
2019-06-15 14:43:59,482 INFO  impl.RaftServerImpl (RaftServerImpl.java:setRole(164)) - 8b7399cc-3239-4a0e-a789-6e81b6213009:group-407CBF4D3EA7 changes role from CANDIDATE to LEADER at term 1 for changeToLeader
2019-06-15 14:43:59,482 INFO  impl.RaftServerImpl (ServerState.java:setLeader(263)) - 8b7399cc-3239-4a0e-a789-6e81b6213009:group-407CBF4D3EA7 change Leader from null to 8b7399cc-3239-4a0e-a789-6e81b6213009 at term 1 for becomeLeader, leader elected after 1095ms
2019-06-15 14:43:59,482 INFO  server.RaftServerConfigKeys (ConfUtils.java:logGet(43)) - raft.server.staging.catchup.gap = 1000 (default)
2019-06-15 14:43:59,482 INFO  server.RaftServerConfigKeys (ConfUtils.java:logGet(43)) - raft.server.rpc.sleep.time = 25ms (default)
2019-06-15 14:43:59,482 INFO  server.RaftServerConfigKeys (ConfUtils.java:logGet(43)) - raft.server.watch.timeout = 10s (default)
2019-06-15 14:43:59,482 INFO  server.RaftServerConfigKeys (ConfUtils.java:logGet(43)) - raft.server.watch.timeout.denomination = 1s (default)
2019-06-15 14:43:59,482 INFO  impl.RoleInfo (RoleInfo.java:updateAndGet(143)) - 8b7399cc-3239-4a0e-a789-6e81b6213009: start LeaderState
2019-06-15 14:43:59,482 INFO  storage.RaftLogWorker (RaftLogWorker.java:startLogSegment(298)) - 8b7399cc-3239-4a0e-a789-6e81b6213009-RaftLogWorker: Starting segment from index:0
2019-06-15 14:43:59,483 INFO  impl.RaftServerImpl (ServerState.java:setRaftConf(361)) - 8b7399cc-3239-4a0e-a789-6e81b6213009:group-407CBF4D3EA7 set configuration 0: [8b7399cc-3239-4a0e-a789-6e81b6213009:192.168.11.227:38013], old=null at 0
2019-06-15 14:43:59,506 INFO  impl.FollowerState (FollowerState.java:run(101)) - b526f07d-f9ab-4544-9873-d0d6c95fe9cb:group-F74397A1EB67 changes to CANDIDATE, lastRpcTime:1153, electionTimeout:1153ms
2019-06-15 14:43:59,506 INFO  impl.RoleInfo (RoleInfo.java:shutdownFollowerState(121)) - b526f07d-f9ab-4544-9873-d0d6c95fe9cb: shutdown FollowerState
2019-06-15 14:43:59,506 INFO  impl.RaftServerImpl (RaftServerImpl.java:setRole(164)) - b526f07d-f9ab-4544-9873-d0d6c95fe9cb:group-F74397A1EB67 changes role from FOLLOWER to CANDIDATE at term 0 for changeToCandidate
2019-06-15 14:43:59,506 INFO  impl.RoleInfo (RoleInfo.java:updateAndGet(143)) - b526f07d-f9ab-4544-9873-d0d6c95fe9cb: start LeaderElection
2019-06-15 14:43:59,523 INFO  impl.FollowerState (FollowerState.java:run(101)) - 8b7399cc-3239-4a0e-a789-6e81b6213009:group-E60735BB1988 changes to CANDIDATE, lastRpcTime:1041, electionTimeout:1033ms
2019-06-15 14:43:59,523 INFO  impl.RoleInfo (RoleInfo.java:shutdownFollowerState(121)) - 8b7399cc-3239-4a0e-a789-6e81b6213009: shutdown FollowerState
2019-06-15 14:43:59,523 INFO  impl.RaftServerImpl (RaftServerImpl.java:setRole(164)) - 8b7399cc-3239-4a0e-a789-6e81b6213009:group-E60735BB1988 changes role from FOLLOWER to CANDIDATE at term 0 for changeToCandidate
2019-06-15 14:43:59,523 INFO  impl.RoleInfo (RoleInfo.java:updateAndGet(143)) - 8b7399cc-3239-4a0e-a789-6e81b6213009: start LeaderElection
2019-06-15 14:43:59,527 INFO  storage.RaftLogWorker (RaftLogWorker.java:execute(469)) - 8b7399cc-3239-4a0e-a789-6e81b6213009-RaftLogWorker: created new log segment /opt/src/hadoop-ozone/integration-test/target/test-dir/MiniOzoneClusterImpl-e082ae51-afbe-444c-8e57-1bcdb22f819c/datanode-3/data/ratis/a0df7dc3-2bf8-4621-b6ac-407cbf4d3ea7/current/log_inprogress_0
2019-06-15 14:43:59,529 INFO  impl.LeaderElection (LeaderElection.java:askForVotes(181)) - b526f07d-f9ab-4544-9873-d0d6c95fe9cb:group-F74397A1EB67:LeaderElection3: begin an election at term 1 for -1: [b526f07d-f9ab-4544-9873-d0d6c95fe9cb:192.168.11.227:36027], old=null
2019-06-15 14:43:59,530 INFO  impl.RoleInfo (RoleInfo.java:shutdownLeaderElection(134)) - b526f07d-f9ab-4544-9873-d0d6c95fe9cb: shutdown LeaderElection
2019-06-15 14:43:59,530 INFO  impl.RaftServerImpl (RaftServerImpl.java:setRole(164)) - b526f07d-f9ab-4544-9873-d0d6c95fe9cb:group-F74397A1EB67 changes role from CANDIDATE to LEADER at term 1 for changeToLeader
2019-06-15 14:43:59,530 INFO  impl.RaftServerImpl (ServerState.java:setLeader(263)) - b526f07d-f9ab-4544-9873-d0d6c95fe9cb:group-F74397A1EB67 change Leader from null to b526f07d-f9ab-4544-9873-d0d6c95fe9cb at term 1 for becomeLeader, leader elected after 1181ms
2019-06-15 14:43:59,530 INFO  server.RaftServerConfigKeys (ConfUtils.java:logGet(43)) - raft.server.staging.catchup.gap = 1000 (default)
2019-06-15 14:43:59,530 INFO  server.RaftServerConfigKeys (ConfUtils.java:logGet(43)) - raft.server.rpc.sleep.time = 25ms (default)
2019-06-15 14:43:59,530 INFO  server.RaftServerConfigKeys (ConfUtils.java:logGet(43)) - raft.server.watch.timeout = 10s (default)
2019-06-15 14:43:59,530 INFO  server.RaftServerConfigKeys (ConfUtils.java:logGet(43)) - raft.server.watch.timeout.denomination = 1s (default)
2019-06-15 14:43:59,530 INFO  impl.RoleInfo (RoleInfo.java:updateAndGet(143)) - b526f07d-f9ab-4544-9873-d0d6c95fe9cb: start LeaderState
2019-06-15 14:43:59,531 INFO  storage.RaftLogWorker (RaftLogWorker.java:startLogSegment(298)) - b526f07d-f9ab-4544-9873-d0d6c95fe9cb-RaftLogWorker: Starting segment from index:0
2019-06-15 14:43:59,551 INFO  impl.RaftServerImpl (ServerState.java:setRaftConf(361)) - b526f07d-f9ab-4544-9873-d0d6c95fe9cb:group-F74397A1EB67 set configuration 0: [b526f07d-f9ab-4544-9873-d0d6c95fe9cb:192.168.11.227:36027], old=null at 0
2019-06-15 14:43:59,569 INFO  impl.LeaderElection (LeaderElection.java:askForVotes(181)) - 8b7399cc-3239-4a0e-a789-6e81b6213009:group-E60735BB1988:LeaderElection4: begin an election at term 1 for -1: [3ac5a647-eaa5-4963-9522-4bd691a2e10b:192.168.11.227:38745, 8b7399cc-3239-4a0e-a789-6e81b6213009:192.168.11.227:38013, b526f07d-f9ab-4544-9873-d0d6c95fe9cb:192.168.11.227:36027], old=null
2019-06-15 14:43:59,571 INFO  storage.RaftLogWorker (RaftLogWorker.java:execute(469)) - b526f07d-f9ab-4544-9873-d0d6c95fe9cb-RaftLogWorker: created new log segment /opt/src/hadoop-ozone/integration-test/target/test-dir/MiniOzoneClusterImpl-e082ae51-afbe-444c-8e57-1bcdb22f819c/datanode-2/data/ratis/5ea49d61-1620-4858-bff2-f74397a1eb67/current/log_inprogress_0
2019-06-15 14:43:59,578 INFO  impl.FollowerState (FollowerState.java:run(101)) - b526f07d-f9ab-4544-9873-d0d6c95fe9cb:group-E60735BB1988 changes to CANDIDATE, lastRpcTime:1101, electionTimeout:1101ms
2019-06-15 14:43:59,578 INFO  impl.RoleInfo (RoleInfo.java:shutdownFollowerState(121)) - b526f07d-f9ab-4544-9873-d0d6c95fe9cb: shutdown FollowerState
2019-06-15 14:43:59,578 INFO  impl.RaftServerImpl (RaftServerImpl.java:setRole(164)) - b526f07d-f9ab-4544-9873-d0d6c95fe9cb:group-E60735BB1988 changes role from FOLLOWER to CANDIDATE at term 0 for changeToCandidate
2019-06-15 14:43:59,578 INFO  impl.RoleInfo (RoleInfo.java:updateAndGet(143)) - b526f07d-f9ab-4544-9873-d0d6c95fe9cb: start LeaderElection
2019-06-15 14:43:59,595 INFO  impl.FollowerState (FollowerState.java:run(101)) - 185f813e-fb91-4d2c-ac43-346046248432:group-73A678FABD18 changes to CANDIDATE, lastRpcTime:1175, electionTimeout:1175ms
2019-06-15 14:43:59,596 INFO  impl.RoleInfo (RoleInfo.java:shutdownFollowerState(121)) - 185f813e-fb91-4d2c-ac43-346046248432: shutdown FollowerState
2019-06-15 14:43:59,596 INFO  impl.RaftServerImpl (RaftServerImpl.java:setRole(164)) - 185f813e-fb91-4d2c-ac43-346046248432:group-73A678FABD18 changes role from FOLLOWER to CANDIDATE at term 0 for changeToCandidate
2019-06-15 14:43:59,596 INFO  impl.RoleInfo (RoleInfo.java:updateAndGet(143)) - 185f813e-fb91-4d2c-ac43-346046248432: start LeaderElection
2019-06-15 14:43:59,598 INFO  impl.LeaderElection (LeaderElection.java:askForVotes(181)) - b526f07d-f9ab-4544-9873-d0d6c95fe9cb:group-E60735BB1988:LeaderElection5: begin an election at term 1 for -1: [3ac5a647-eaa5-4963-9522-4bd691a2e10b:192.168.11.227:38745, 8b7399cc-3239-4a0e-a789-6e81b6213009:192.168.11.227:38013, b526f07d-f9ab-4544-9873-d0d6c95fe9cb:192.168.11.227:36027], old=null
2019-06-15 14:43:59,606 INFO  impl.LeaderElection (LeaderElection.java:askForVotes(181)) - 185f813e-fb91-4d2c-ac43-346046248432:group-73A678FABD18:LeaderElection6: begin an election at term 1 for -1: [185f813e-fb91-4d2c-ac43-346046248432:192.168.11.227:42291], old=null
2019-06-15 14:43:59,606 INFO  impl.RaftServerImpl (RaftServerImpl.java:setRole(164)) - 3ac5a647-eaa5-4963-9522-4bd691a2e10b:group-E60735BB1988 changes role from FOLLOWER to FOLLOWER at term 1 for recognizeCandidate:8b7399cc-3239-4a0e-a789-6e81b6213009
2019-06-15 14:43:59,606 INFO  impl.RoleInfo (RoleInfo.java:shutdownFollowerState(121)) - 3ac5a647-eaa5-4963-9522-4bd691a2e10b: shutdown FollowerState
2019-06-15 14:43:59,607 INFO  impl.RoleInfo (RoleInfo.java:updateAndGet(143)) - 3ac5a647-eaa5-4963-9522-4bd691a2e10b: start FollowerState
2019-06-15 14:43:59,607 INFO  impl.RoleInfo (RoleInfo.java:shutdownLeaderElection(134)) - 185f813e-fb91-4d2c-ac43-346046248432: shutdown LeaderElection
2019-06-15 14:43:59,607 INFO  impl.FollowerState (FollowerState.java:run(109)) - 3ac5a647-eaa5-4963-9522-4bd691a2e10b: FollowerState was interrupted: java.lang.InterruptedException: sleep interrupted
2019-06-15 14:43:59,618 INFO  impl.RaftServerImpl (RaftServerImpl.java:setRole(164)) - 185f813e-fb91-4d2c-ac43-346046248432:group-73A678FABD18 changes role from CANDIDATE to LEADER at term 1 for changeToLeader
2019-06-15 14:43:59,618 INFO  impl.RaftServerImpl (ServerState.java:setLeader(263)) - 185f813e-fb91-4d2c-ac43-346046248432:group-73A678FABD18 change Leader from null to 185f813e-fb91-4d2c-ac43-346046248432 at term 1 for becomeLeader, leader elected after 1199ms
2019-06-15 14:43:59,618 INFO  server.RaftServerConfigKeys (ConfUtils.java:logGet(43)) - raft.server.staging.catchup.gap = 1000 (default)
2019-06-15 14:43:59,618 INFO  server.RaftServerConfigKeys (ConfUtils.java:logGet(43)) - raft.server.rpc.sleep.time = 25ms (default)
2019-06-15 14:43:59,624 INFO  ozone.MiniOzoneClusterImpl (MiniOzoneClusterImpl.java:lambda$waitForClusterToBeReady$0(142)) - Cluster is ready. Got 6 of 6 DN Heartbeats.
2019-06-15 14:43:59,624 INFO  server.RaftServerConfigKeys (ConfUtils.java:logGet(43)) - raft.server.watch.timeout = 10s (default)
2019-06-15 14:43:59,624 INFO  server.RaftServerConfigKeys (ConfUtils.java:logGet(43)) - raft.server.watch.timeout.denomination = 1s (default)
2019-06-15 14:43:59,624 INFO  impl.RoleInfo (RoleInfo.java:updateAndGet(143)) - 185f813e-fb91-4d2c-ac43-346046248432: start LeaderState
2019-06-15 14:43:59,627 INFO  storage.RaftLogWorker (RaftLogWorker.java:startLogSegment(298)) - 185f813e-fb91-4d2c-ac43-346046248432-RaftLogWorker: Starting segment from index:0
2019-06-15 14:43:59,652 INFO  impl.LeaderElection (LeaderElection.java:logAndReturn(56)) - 8b7399cc-3239-4a0e-a789-6e81b6213009:group-E60735BB1988:LeaderElection4: Election PASSED; received 2 response(s) [8b7399cc-3239-4a0e-a789-6e81b6213009->3ac5a647-eaa5-4963-9522-4bd691a2e10b,true-t1, 8b7399cc-3239-4a0e-a789-6e81b6213009->b526f07d-f9ab-4544-9873-d0d6c95fe9cb,false-t1] and 0 exception(s); 8b7399cc-3239-4a0e-a789-6e81b6213009:t1, leader=null, voted=8b7399cc-3239-4a0e-a789-6e81b6213009, raftlog=8b7399cc-3239-4a0e-a789-6e81b6213009-SegmentedRaftLog:OPENED:c-1,f-1,i0, conf=-1: [3ac5a647-eaa5-4963-9522-4bd691a2e10b:192.168.11.227:38745, 8b7399cc-3239-4a0e-a789-6e81b6213009:192.168.11.227:38013, b526f07d-f9ab-4544-9873-d0d6c95fe9cb:192.168.11.227:36027], old=null
2019-06-15 14:43:59,654 INFO  impl.RaftServerImpl (ServerState.java:setRaftConf(361)) - 185f813e-fb91-4d2c-ac43-346046248432:group-73A678FABD18 set configuration 0: [185f813e-fb91-4d2c-ac43-346046248432:192.168.11.227:42291], old=null at 0
2019-06-15 14:43:59,673 INFO  impl.FollowerState (FollowerState.java:run(101)) - cb96f3a2-ebbc-4371-9672-c496a5de7aad:group-5715B9ABCBA9 changes to CANDIDATE, lastRpcTime:1147, electionTimeout:1138ms
2019-06-15 14:43:59,675 INFO  impl.RoleInfo (RoleInfo.java:shutdownFollowerState(121)) - cb96f3a2-ebbc-4371-9672-c496a5de7aad: shutdown FollowerState
2019-06-15 14:43:59,680 INFO  impl.RaftServerImpl (RaftServerImpl.java:setRole(164)) - cb96f3a2-ebbc-4371-9672-c496a5de7aad:group-5715B9ABCBA9 changes role from FOLLOWER to CANDIDATE at term 0 for changeToCandidate
2019-06-15 14:43:59,680 INFO  impl.RoleInfo (RoleInfo.java:updateAndGet(143)) - cb96f3a2-ebbc-4371-9672-c496a5de7aad: start LeaderElection
2019-06-15 14:43:59,654 INFO  impl.RoleInfo (RoleInfo.java:shutdownLeaderElection(134)) - 8b7399cc-3239-4a0e-a789-6e81b6213009: shutdown LeaderElection
2019-06-15 14:43:59,675 INFO  storage.RaftLogWorker (RaftLogWorker.java:execute(469)) - 185f813e-fb91-4d2c-ac43-346046248432-RaftLogWorker: created new log segment /opt/src/hadoop-ozone/integration-test/target/test-dir/MiniOzoneClusterImpl-e082ae51-afbe-444c-8e57-1bcdb22f819c/datanode-1/data/ratis/05b2f20c-30f7-4010-9fc1-73a678fabd18/current/log_inprogress_0
2019-06-15 14:43:59,680 INFO  impl.RaftServerImpl (RaftServerImpl.java:setRole(164)) - 8b7399cc-3239-4a0e-a789-6e81b6213009:group-E60735BB1988 changes role from CANDIDATE to LEADER at term 1 for changeToLeader
2019-06-15 14:43:59,680 INFO  impl.RaftServerImpl (ServerState.java:setLeader(263)) - 8b7399cc-3239-4a0e-a789-6e81b6213009:group-E60735BB1988 change Leader from null to 8b7399cc-3239-4a0e-a789-6e81b6213009 at term 1 for becomeLeader, leader elected after 1202ms
2019-06-15 14:43:59,681 INFO  server.RaftServerConfigKeys (ConfUtils.java:logGet(43)) - raft.server.staging.catchup.gap = 1000 (default)
2019-06-15 14:43:59,683 INFO  server.RaftServerConfigKeys (ConfUtils.java:logGet(43)) - raft.server.rpc.sleep.time = 25ms (default)
2019-06-15 14:43:59,683 INFO  server.RaftServerConfigKeys (ConfUtils.java:logGet(43)) - raft.server.watch.timeout = 10s (default)
2019-06-15 14:43:59,683 INFO  server.RaftServerConfigKeys (ConfUtils.java:logGet(43)) - raft.server.watch.timeout.denomination = 1s (default)
2019-06-15 14:43:59,685 INFO  server.RaftServerConfigKeys (ConfUtils.java:logGet(43)) - raft.server.log.appender.snapshot.chunk.size.max = 16MB (=16777216) (default)
2019-06-15 14:43:59,685 INFO  server.RaftServerConfigKeys (ConfUtils.java:logGet(43)) - raft.server.log.appender.buffer.byte-limit = 33554432 (custom)
2019-06-15 14:43:59,686 INFO  server.RaftServerConfigKeys (ConfUtils.java:logGet(43)) - raft.server.log.appender.buffer.element-limit = 1 (custom)
]]></system-out>
    <system-err><![CDATA[ERROR StatusLogger No Log4j 2 configuration file found. Using default configuration (logging only errors to the console), or user programmatically provided configurations. Set system property 'log4j2.debug' to show Log4j 2 internal initialization logging. See https://logging.apache.org/log4j/2.x/manual/configuration.html for instructions on how to configure Log4j 2
Jun 15, 2019 2:43:52 PM com.sun.jersey.server.impl.application.WebApplicationImpl _initiate
INFO: Initiating Jersey application, version 'Jersey: 1.19 02/11/2015 03:25 AM'
Jun 15, 2019 2:43:53 PM com.sun.jersey.server.impl.application.WebApplicationImpl _initiate
INFO: Initiating Jersey application, version 'Jersey: 1.19 02/11/2015 03:25 AM'
Jun 15, 2019 2:43:53 PM com.sun.jersey.server.impl.application.WebApplicationImpl _initiate
INFO: Initiating Jersey application, version 'Jersey: 1.19 02/11/2015 03:25 AM'
Jun 15, 2019 2:43:54 PM com.sun.jersey.server.impl.application.WebApplicationImpl _initiate
INFO: Initiating Jersey application, version 'Jersey: 1.19 02/11/2015 03:25 AM'
Jun 15, 2019 2:43:54 PM com.sun.jersey.server.impl.application.WebApplicationImpl _initiate
INFO: Initiating Jersey application, version 'Jersey: 1.19 02/11/2015 03:25 AM'
Jun 15, 2019 2:43:54 PM com.sun.jersey.server.impl.application.WebApplicationImpl _initiate
INFO: Initiating Jersey application, version 'Jersey: 1.19 02/11/2015 03:25 AM'
]]></system-err>
  </testcase>
</testsuite>