<?xml version="1.0" encoding="UTF-8"?>
<testsuite xmlns:xsi="http://www.w3.org/2001/XMLSchema-instance" xsi:noNamespaceSchemaLocation="https://maven.apache.org/surefire/maven-surefire-plugin/xsd/surefire-test-report.xsd" name="org.apache.hadoop.ozone.client.rpc.TestFailureHandlingByClient" time="100.368" tests="7" errors="0" skipped="0" failures="1">
  <properties>
    <property name="awt.toolkit" value="sun.awt.X11.XToolkit"/>
    <property name="file.encoding.pkg" value="sun.io"/>
    <property name="java.specification.version" value="1.8"/>
    <property name="sun.cpu.isalist" value=""/>
    <property name="sun.jnu.encoding" value="UTF-8"/>
    <property name="java.class.path" value="/opt/src/hadoop-ozone/integration-test/target/test-classes:/opt/src/hadoop-ozone/integration-test/target/classes:/home/user/.m2/repository/org/apache/hadoop/hadoop-ozone-common/0.5.0-SNAPSHOT/hadoop-ozone-common-0.5.0-SNAPSHOT.jar:/home/user/.m2/repository/org/apache/commons/commons-compress/1.4.1/commons-compress-1.4.1.jar:/home/user/.m2/repository/org/tukaani/xz/1.0/xz-1.0.jar:/home/user/.m2/repository/org/apache/hadoop/hadoop-common/3.2.0/hadoop-common-3.2.0.jar:/home/user/.m2/repository/org/apache/hadoop/hadoop-hdfs/3.2.0/hadoop-hdfs-3.2.0.jar:/home/user/.m2/repository/org/apache/hadoop/hadoop-hdfs-client/3.2.0/hadoop-hdfs-client-3.2.0.jar:/home/user/.m2/repository/com/fasterxml/jackson/core/jackson-annotations/2.9.5/jackson-annotations-2.9.5.jar:/home/user/.m2/repository/org/apache/hadoop/hadoop-hdds-common/0.5.0-SNAPSHOT/hadoop-hdds-common-0.5.0-SNAPSHOT.jar:/home/user/.m2/repository/javax/annotation/javax.annotation-api/1.2/javax.annotation-api-1.2.jar:/home/user/.m2/repository/org/apache/ratis/ratis-server/0.4.0-fe2b15d-SNAPSHOT/ratis-server-0.4.0-fe2b15d-SNAPSHOT.jar:/home/user/.m2/repository/org/apache/ratis/ratis-thirdparty-misc/0.2.0/ratis-thirdparty-misc-0.2.0.jar:/home/user/.m2/repository/org/apache/ratis/ratis-proto/0.4.0-fe2b15d-SNAPSHOT/ratis-proto-0.4.0-fe2b15d-SNAPSHOT.jar:/home/user/.m2/repository/org/apache/ratis/ratis-common/0.4.0-fe2b15d-SNAPSHOT/ratis-common-0.4.0-fe2b15d-SNAPSHOT.jar:/home/user/.m2/repository/org/apache/ratis/ratis-client/0.4.0-fe2b15d-SNAPSHOT/ratis-client-0.4.0-fe2b15d-SNAPSHOT.jar:/home/user/.m2/repository/org/apache/ratis/ratis-netty/0.4.0-fe2b15d-SNAPSHOT/ratis-netty-0.4.0-fe2b15d-SNAPSHOT.jar:/home/user/.m2/repository/org/apache/ratis/ratis-grpc/0.4.0-fe2b15d-SNAPSHOT/ratis-grpc-0.4.0-fe2b15d-SNAPSHOT.jar:/home/user/.m2/repository/org/rocksdb/rocksdbjni/5.14.2/rocksdbjni-5.14.2.jar:/home/user/.m2/repository/org/apache/logging/log4j/log4j-api/2.11.0/log4j-api-2.11.0.jar:/home/user/.m2/repository/org/apache/logging/log4j/log4j-core/2.11.0/log4j-core-2.11.0.jar:/home/user/.m2/repository/com/lmax/disruptor/3.4.2/disruptor-3.4.2.jar:/home/user/.m2/repository/org/apache/commons/commons-pool2/2.6.0/commons-pool2-2.6.0.jar:/home/user/.m2/repository/org/bouncycastle/bcpkix-jdk15on/1.60/bcpkix-jdk15on-1.60.jar:/home/user/.m2/repository/commons-validator/commons-validator/1.6/commons-validator-1.6.jar:/home/user/.m2/repository/commons-digester/commons-digester/1.8.1/commons-digester-1.8.1.jar:/home/user/.m2/repository/io/jaegertracing/jaeger-client/0.33.1/jaeger-client-0.33.1.jar:/home/user/.m2/repository/io/jaegertracing/jaeger-thrift/0.33.1/jaeger-thrift-0.33.1.jar:/home/user/.m2/repository/org/apache/thrift/libthrift/0.11.0/libthrift-0.11.0.jar:/home/user/.m2/repository/com/squareup/okhttp3/okhttp/3.9.0/okhttp-3.9.0.jar:/home/user/.m2/repository/com/squareup/okio/okio/1.13.0/okio-1.13.0.jar:/home/user/.m2/repository/io/jaegertracing/jaeger-core/0.33.1/jaeger-core-0.33.1.jar:/home/user/.m2/repository/io/jaegertracing/jaeger-tracerresolver/0.33.1/jaeger-tracerresolver-0.33.1.jar:/home/user/.m2/repository/io/opentracing/contrib/opentracing-tracerresolver/0.1.5/opentracing-tracerresolver-0.1.5.jar:/home/user/.m2/repository/io/opentracing/opentracing-util/0.31.0/opentracing-util-0.31.0.jar:/home/user/.m2/repository/io/opentracing/opentracing-api/0.31.0/opentracing-api-0.31.0.jar:/home/user/.m2/repository/io/opentracing/opentracing-noop/0.31.0/opentracing-noop-0.31.0.jar:/home/user/.m2/repository/org/apache/hadoop/hadoop-hdds-server-framework/0.5.0-SNAPSHOT/hadoop-hdds-server-framework-0.5.0-SNAPSHOT.jar:/home/user/.m2/repository/org/apache/hadoop/hadoop-hdds-server-scm/0.5.0-SNAPSHOT/hadoop-hdds-server-scm-0.5.0-SNAPSHOT.jar:/home/user/.m2/repository/org/apache/hadoop/hadoop-hdds-container-service/0.5.0-SNAPSHOT/hadoop-hdds-container-service-0.5.0-SNAPSHOT.jar:/home/user/.m2/repository/org/apache/hadoop/hadoop-hdds-client/0.5.0-SNAPSHOT/hadoop-hdds-client-0.5.0-SNAPSHOT.jar:/home/user/.m2/repository/org/apache/hadoop/hadoop-hdds-tools/0.5.0-SNAPSHOT/hadoop-hdds-tools-0.5.0-SNAPSHOT.jar:/home/user/.m2/repository/org/apache/hadoop/hadoop-ozone-ozone-manager/0.5.0-SNAPSHOT/hadoop-ozone-ozone-manager-0.5.0-SNAPSHOT.jar:/home/user/.m2/repository/org/apache/hadoop/hadoop-hdds-docs/0.5.0-SNAPSHOT/hadoop-hdds-docs-0.5.0-SNAPSHOT.jar:/home/user/.m2/repository/org/bouncycastle/bcprov-jdk15on/1.60/bcprov-jdk15on-1.60.jar:/home/user/.m2/repository/org/apache/hadoop/hadoop-minikdc/3.2.0/hadoop-minikdc-3.2.0.jar:/home/user/.m2/repository/commons-io/commons-io/2.5/commons-io-2.5.jar:/home/user/.m2/repository/org/apache/kerby/kerb-simplekdc/1.0.1/kerb-simplekdc-1.0.1.jar:/home/user/.m2/repository/org/apache/kerby/kerb-client/1.0.1/kerb-client-1.0.1.jar:/home/user/.m2/repository/org/apache/kerby/kerby-config/1.0.1/kerby-config-1.0.1.jar:/home/user/.m2/repository/org/apache/kerby/kerb-core/1.0.1/kerb-core-1.0.1.jar:/home/user/.m2/repository/org/apache/kerby/kerby-pkix/1.0.1/kerby-pkix-1.0.1.jar:/home/user/.m2/repository/org/apache/kerby/kerby-asn1/1.0.1/kerby-asn1-1.0.1.jar:/home/user/.m2/repository/org/apache/kerby/kerby-util/1.0.1/kerby-util-1.0.1.jar:/home/user/.m2/repository/org/apache/kerby/kerb-common/1.0.1/kerb-common-1.0.1.jar:/home/user/.m2/repository/org/apache/kerby/kerb-crypto/1.0.1/kerb-crypto-1.0.1.jar:/home/user/.m2/repository/org/apache/kerby/kerb-util/1.0.1/kerb-util-1.0.1.jar:/home/user/.m2/repository/org/apache/kerby/token-provider/1.0.1/token-provider-1.0.1.jar:/home/user/.m2/repository/org/apache/kerby/kerb-admin/1.0.1/kerb-admin-1.0.1.jar:/home/user/.m2/repository/org/apache/kerby/kerb-server/1.0.1/kerb-server-1.0.1.jar:/home/user/.m2/repository/org/apache/kerby/kerb-identity/1.0.1/kerb-identity-1.0.1.jar:/home/user/.m2/repository/org/apache/kerby/kerby-xdr/1.0.1/kerby-xdr-1.0.1.jar:/home/user/.m2/repository/org/slf4j/slf4j-log4j12/1.7.25/slf4j-log4j12-1.7.25.jar:/home/user/.m2/repository/org/apache/hadoop/hadoop-ozone-objectstore-service/0.5.0-SNAPSHOT/hadoop-ozone-objectstore-service-0.5.0-SNAPSHOT.jar:/home/user/.m2/repository/org/apache/hadoop/hadoop-ozone-s3gateway/0.5.0-SNAPSHOT/hadoop-ozone-s3gateway-0.5.0-SNAPSHOT.jar:/home/user/.m2/repository/org/jboss/weld/servlet/weld-servlet/2.4.7.Final/weld-servlet-2.4.7.Final.jar:/home/user/.m2/repository/org/glassfish/jersey/containers/jersey-container-servlet-core/2.27/jersey-container-servlet-core-2.27.jar:/home/user/.m2/repository/org/glassfish/hk2/external/javax.inject/2.5.0-b42/javax.inject-2.5.0-b42.jar:/home/user/.m2/repository/org/glassfish/jersey/core/jersey-common/2.27/jersey-common-2.27.jar:/home/user/.m2/repository/org/glassfish/hk2/osgi-resource-locator/1.0.1/osgi-resource-locator-1.0.1.jar:/home/user/.m2/repository/javax/ws/rs/javax.ws.rs-api/2.1/javax.ws.rs-api-2.1.jar:/home/user/.m2/repository/org/glassfish/jersey/ext/cdi/jersey-cdi1x/2.27/jersey-cdi1x-2.27.jar:/home/user/.m2/repository/org/glassfish/jersey/inject/jersey-hk2/2.27/jersey-hk2-2.27.jar:/home/user/.m2/repository/org/glassfish/hk2/hk2-locator/2.5.0-b42/hk2-locator-2.5.0-b42.jar:/home/user/.m2/repository/org/javassist/javassist/3.22.0-CR2/javassist-3.22.0-CR2.jar:/home/user/.m2/repository/org/glassfish/hk2/hk2-api/2.5.0/hk2-api-2.5.0.jar:/home/user/.m2/repository/org/glassfish/hk2/external/jakarta.inject/2.5.0/jakarta.inject-2.5.0.jar:/home/user/.m2/repository/org/glassfish/hk2/hk2-utils/2.5.0/hk2-utils-2.5.0.jar:/home/user/.m2/repository/jakarta/annotation/jakarta.annotation-api/1.3.4/jakarta.annotation-api-1.3.4.jar:/home/user/.m2/repository/org/glassfish/hk2/external/aopalliance-repackaged/2.5.0/aopalliance-repackaged-2.5.0.jar:/home/user/.m2/repository/com/fasterxml/jackson/dataformat/jackson-dataformat-xml/2.9.0/jackson-dataformat-xml-2.9.0.jar:/home/user/.m2/repository/com/fasterxml/jackson/core/jackson-core/2.9.5/jackson-core-2.9.5.jar:/home/user/.m2/repository/com/fasterxml/jackson/module/jackson-module-jaxb-annotations/2.9.5/jackson-module-jaxb-annotations-2.9.5.jar:/home/user/.m2/repository/javax/enterprise/cdi-api/1.2/cdi-api-1.2.jar:/home/user/.m2/repository/javax/el/javax.el-api/3.0.0/javax.el-api-3.0.0.jar:/home/user/.m2/repository/javax/interceptor/javax.interceptor-api/1.2/javax.interceptor-api-1.2.jar:/home/user/.m2/repository/javax/inject/javax.inject/1/javax.inject-1.jar:/home/user/.m2/repository/com/sun/xml/bind/jaxb-impl/2.3.0.1/jaxb-impl-2.3.0.1.jar:/home/user/.m2/repository/com/sun/xml/bind/jaxb-core/2.3.0.1/jaxb-core-2.3.0.1.jar:/home/user/.m2/repository/javax/xml/bind/jaxb-api/2.3.0/jaxb-api-2.3.0.jar:/home/user/.m2/repository/javax/activation/activation/1.1.1/activation-1.1.1.jar:/home/user/.m2/repository/org/apache/hadoop/hadoop-ozone-csi/0.5.0-SNAPSHOT/hadoop-ozone-csi-0.5.0-SNAPSHOT.jar:/home/user/.m2/repository/com/google/protobuf/protobuf-java-util/3.5.1/protobuf-java-util-3.5.1.jar:/home/user/.m2/repository/org/apache/hadoop/hadoop-hdds-config/0.5.0-SNAPSHOT/hadoop-hdds-config-0.5.0-SNAPSHOT.jar:/home/user/.m2/repository/com/google/guava/guava/11.0.2/guava-11.0.2.jar:/home/user/.m2/repository/com/google/protobuf/protobuf-java/2.5.0/protobuf-java-2.5.0.jar:/home/user/.m2/repository/io/grpc/grpc-netty/1.17.1/grpc-netty-1.17.1.jar:/home/user/.m2/repository/io/grpc/grpc-core/1.17.1/grpc-core-1.17.1.jar:/home/user/.m2/repository/io/grpc/grpc-context/1.17.1/grpc-context-1.17.1.jar:/home/user/.m2/repository/com/google/errorprone/error_prone_annotations/2.2.0/error_prone_annotations-2.2.0.jar:/home/user/.m2/repository/org/codehaus/mojo/animal-sniffer-annotations/1.17/animal-sniffer-annotations-1.17.jar:/home/user/.m2/repository/io/opencensus/opencensus-api/0.17.0/opencensus-api-0.17.0.jar:/home/user/.m2/repository/io/opencensus/opencensus-contrib-grpc-metrics/0.17.0/opencensus-contrib-grpc-metrics-0.17.0.jar:/home/user/.m2/repository/io/netty/netty-codec-http2/4.1.30.Final/netty-codec-http2-4.1.30.Final.jar:/home/user/.m2/repository/io/netty/netty-codec-http/4.1.30.Final/netty-codec-http-4.1.30.Final.jar:/home/user/.m2/repository/io/netty/netty-codec/4.1.30.Final/netty-codec-4.1.30.Final.jar:/home/user/.m2/repository/io/netty/netty-handler/4.1.30.Final/netty-handler-4.1.30.Final.jar:/home/user/.m2/repository/io/netty/netty-handler-proxy/4.1.30.Final/netty-handler-proxy-4.1.30.Final.jar:/home/user/.m2/repository/io/netty/netty-codec-socks/4.1.30.Final/netty-codec-socks-4.1.30.Final.jar:/home/user/.m2/repository/io/netty/netty-transport-native-epoll/4.1.30.Final/netty-transport-native-epoll-4.1.30.Final.jar:/home/user/.m2/repository/io/netty/netty-common/4.1.30.Final/netty-common-4.1.30.Final.jar:/home/user/.m2/repository/io/netty/netty-buffer/4.1.30.Final/netty-buffer-4.1.30.Final.jar:/home/user/.m2/repository/io/netty/netty-transport/4.1.30.Final/netty-transport-4.1.30.Final.jar:/home/user/.m2/repository/io/netty/netty-resolver/4.1.30.Final/netty-resolver-4.1.30.Final.jar:/home/user/.m2/repository/io/netty/netty-transport-native-unix-common/4.1.30.Final/netty-transport-native-unix-common-4.1.30.Final.jar:/home/user/.m2/repository/io/grpc/grpc-protobuf/1.17.1/grpc-protobuf-1.17.1.jar:/home/user/.m2/repository/com/google/api/grpc/proto-google-common-protos/1.0.0/proto-google-common-protos-1.0.0.jar:/home/user/.m2/repository/io/grpc/grpc-protobuf-lite/1.17.1/grpc-protobuf-lite-1.17.1.jar:/home/user/.m2/repository/io/grpc/grpc-stub/1.17.1/grpc-stub-1.17.1.jar:/home/user/.m2/repository/org/apache/hadoop/hadoop-ozone-recon/0.5.0-SNAPSHOT/hadoop-ozone-recon-0.5.0-SNAPSHOT.jar:/home/user/.m2/repository/org/apache/hadoop/hadoop-ozone-reconcodegen/0.5.0-SNAPSHOT/hadoop-ozone-reconcodegen-0.5.0-SNAPSHOT.jar:/home/user/.m2/repository/com/google/inject/extensions/guice-multibindings/4.0/guice-multibindings-4.0.jar:/home/user/.m2/repository/com/google/inject/guice/4.0/guice-4.0.jar:/home/user/.m2/repository/aopalliance/aopalliance/1.0/aopalliance-1.0.jar:/home/user/.m2/repository/com/google/inject/extensions/guice-servlet/4.0/guice-servlet-4.0.jar:/home/user/.m2/repository/org/glassfish/jersey/containers/jersey-container-servlet/2.27/jersey-container-servlet-2.27.jar:/home/user/.m2/repository/org/glassfish/hk2/guice-bridge/2.5.0/guice-bridge-2.5.0.jar:/home/user/.m2/repository/org/glassfish/jersey/core/jersey-server/2.27/jersey-server-2.27.jar:/home/user/.m2/repository/org/glassfish/jersey/core/jersey-client/2.27/jersey-client-2.27.jar:/home/user/.m2/repository/org/glassfish/jersey/media/jersey-media-jaxb/2.27/jersey-media-jaxb-2.27.jar:/home/user/.m2/repository/javax/validation/validation-api/1.1.0.Final/validation-api-1.1.0.Final.jar:/home/user/.m2/repository/org/glassfish/jersey/media/jersey-media-json-jackson/2.27/jersey-media-json-jackson-2.27.jar:/home/user/.m2/repository/org/glassfish/jersey/ext/jersey-entity-filtering/2.27/jersey-entity-filtering-2.27.jar:/home/user/.m2/repository/com/google/inject/extensions/guice-assistedinject/4.0/guice-assistedinject-4.0.jar:/home/user/.m2/repository/org/jooq/jooq/3.11.10/jooq-3.11.10.jar:/home/user/.m2/repository/org/jooq/jooq-meta/3.11.10/jooq-meta-3.11.10.jar:/home/user/.m2/repository/org/jooq/jooq-codegen/3.11.10/jooq-codegen-3.11.10.jar:/home/user/.m2/repository/com/jolbox/bonecp/0.8.0.RELEASE/bonecp-0.8.0.RELEASE.jar:/home/user/.m2/repository/org/xerial/sqlite-jdbc/3.25.2/sqlite-jdbc-3.25.2.jar:/home/user/.m2/repository/org/springframework/spring-jdbc/5.1.3.RELEASE/spring-jdbc-5.1.3.RELEASE.jar:/home/user/.m2/repository/org/springframework/spring-beans/5.1.3.RELEASE/spring-beans-5.1.3.RELEASE.jar:/home/user/.m2/repository/org/springframework/spring-core/5.1.3.RELEASE/spring-core-5.1.3.RELEASE.jar:/home/user/.m2/repository/org/springframework/spring-jcl/5.1.3.RELEASE/spring-jcl-5.1.3.RELEASE.jar:/home/user/.m2/repository/org/springframework/spring-tx/5.1.3.RELEASE/spring-tx-5.1.3.RELEASE.jar:/home/user/.m2/repository/org/apache/hadoop/hadoop-ozone-client/0.5.0-SNAPSHOT/hadoop-ozone-client-0.5.0-SNAPSHOT.jar:/home/user/.m2/repository/org/apache/hadoop/hadoop-ozone-ozone-manager/0.5.0-SNAPSHOT/hadoop-ozone-ozone-manager-0.5.0-SNAPSHOT-tests.jar:/home/user/.m2/repository/junit/junit/4.11/junit-4.11.jar:/home/user/.m2/repository/org/hamcrest/hamcrest-core/1.3/hamcrest-core-1.3.jar:/home/user/.m2/repository/org/openjdk/jmh/jmh-core/1.19/jmh-core-1.19.jar:/home/user/.m2/repository/net/sf/jopt-simple/jopt-simple/4.6/jopt-simple-4.6.jar:/home/user/.m2/repository/org/apache/commons/commons-math3/3.1.1/commons-math3-3.1.1.jar:/home/user/.m2/repository/org/openjdk/jmh/jmh-generator-annprocess/1.19/jmh-generator-annprocess-1.19.jar:/home/user/.m2/repository/org/mockito/mockito-all/1.8.5/mockito-all-1.8.5.jar:/home/user/.m2/repository/org/apache/hadoop/hadoop-kms/3.2.0/hadoop-kms-3.2.0.jar:/home/user/.m2/repository/org/apache/hadoop/hadoop-auth/3.2.0/hadoop-auth-3.2.0.jar:/home/user/.m2/repository/com/nimbusds/nimbus-jose-jwt/4.41.1/nimbus-jose-jwt-4.41.1.jar:/home/user/.m2/repository/com/github/stephenc/jcip/jcip-annotations/1.0-1/jcip-annotations-1.0-1.jar:/home/user/.m2/repository/net/minidev/json-smart/2.3/json-smart-2.3.jar:/home/user/.m2/repository/net/minidev/accessors-smart/1.2/accessors-smart-1.2.jar:/home/user/.m2/repository/org/ow2/asm/asm/5.0.4/asm-5.0.4.jar:/home/user/.m2/repository/org/apache/curator/curator-framework/2.12.0/curator-framework-2.12.0.jar:/home/user/.m2/repository/com/sun/jersey/jersey-core/1.19/jersey-core-1.19.jar:/home/user/.m2/repository/javax/ws/rs/jsr311-api/1.1.1/jsr311-api-1.1.1.jar:/home/user/.m2/repository/com/sun/jersey/jersey-server/1.19/jersey-server-1.19.jar:/home/user/.m2/repository/javax/servlet/javax.servlet-api/3.1.0/javax.servlet-api-3.1.0.jar:/home/user/.m2/repository/org/eclipse/jetty/jetty-server/9.3.24.v20180605/jetty-server-9.3.24.v20180605.jar:/home/user/.m2/repository/org/eclipse/jetty/jetty-http/9.3.24.v20180605/jetty-http-9.3.24.v20180605.jar:/home/user/.m2/repository/org/eclipse/jetty/jetty-io/9.3.24.v20180605/jetty-io-9.3.24.v20180605.jar:/home/user/.m2/repository/org/eclipse/jetty/jetty-webapp/9.3.24.v20180605/jetty-webapp-9.3.24.v20180605.jar:/home/user/.m2/repository/org/eclipse/jetty/jetty-xml/9.3.24.v20180605/jetty-xml-9.3.24.v20180605.jar:/home/user/.m2/repository/log4j/log4j/1.2.17/log4j-1.2.17.jar:/home/user/.m2/repository/org/slf4j/slf4j-api/1.7.25/slf4j-api-1.7.25.jar:/home/user/.m2/repository/org/slf4j/jul-to-slf4j/1.7.25/jul-to-slf4j-1.7.25.jar:/home/user/.m2/repository/org/eclipse/jetty/jetty-util/9.3.24.v20180605/jetty-util-9.3.24.v20180605.jar:/home/user/.m2/repository/io/dropwizard/metrics/metrics-core/3.2.4/metrics-core-3.2.4.jar:/home/user/.m2/repository/com/fasterxml/jackson/core/jackson-databind/2.9.5/jackson-databind-2.9.5.jar:/home/user/.m2/repository/org/apache/hadoop/hadoop-kms/3.2.0/hadoop-kms-3.2.0-tests.jar:/home/user/.m2/repository/org/apache/hadoop/hadoop-hdds-server-scm/0.5.0-SNAPSHOT/hadoop-hdds-server-scm-0.5.0-SNAPSHOT-tests.jar:/home/user/.m2/repository/org/hamcrest/hamcrest-all/1.3/hamcrest-all-1.3.jar:/home/user/.m2/repository/info/picocli/picocli/3.9.6/picocli-3.9.6.jar:/home/user/.m2/repository/org/apache/hadoop/hadoop-hdds-container-service/0.5.0-SNAPSHOT/hadoop-hdds-container-service-0.5.0-SNAPSHOT-tests.jar:/home/user/.m2/repository/org/yaml/snakeyaml/1.16/snakeyaml-1.16.jar:/home/user/.m2/repository/org/apache/hadoop/hadoop-common/3.2.0/hadoop-common-3.2.0-tests.jar:/home/user/.m2/repository/org/apache/hadoop/hadoop-annotations/3.2.0/hadoop-annotations-3.2.0.jar:/usr/lib/jvm/java-1.8-openjdk/jre/../lib/tools.jar:/home/user/.m2/repository/commons-cli/commons-cli/1.2/commons-cli-1.2.jar:/home/user/.m2/repository/org/apache/httpcomponents/httpclient/4.5.2/httpclient-4.5.2.jar:/home/user/.m2/repository/org/apache/httpcomponents/httpcore/4.4.4/httpcore-4.4.4.jar:/home/user/.m2/repository/commons-codec/commons-codec/1.11/commons-codec-1.11.jar:/home/user/.m2/repository/commons-net/commons-net/3.6/commons-net-3.6.jar:/home/user/.m2/repository/commons-collections/commons-collections/3.2.2/commons-collections-3.2.2.jar:/home/user/.m2/repository/org/eclipse/jetty/jetty-servlet/9.3.24.v20180605/jetty-servlet-9.3.24.v20180605.jar:/home/user/.m2/repository/org/eclipse/jetty/jetty-security/9.3.24.v20180605/jetty-security-9.3.24.v20180605.jar:/home/user/.m2/repository/javax/servlet/jsp/jsp-api/2.1/jsp-api-2.1.jar:/home/user/.m2/repository/com/sun/jersey/jersey-servlet/1.19/jersey-servlet-1.19.jar:/home/user/.m2/repository/com/sun/jersey/jersey-json/1.19/jersey-json-1.19.jar:/home/user/.m2/repository/org/codehaus/jettison/jettison/1.1/jettison-1.1.jar:/home/user/.m2/repository/org/codehaus/jackson/jackson-core-asl/1.9.13/jackson-core-asl-1.9.13.jar:/home/user/.m2/repository/org/codehaus/jackson/jackson-mapper-asl/1.9.13/jackson-mapper-asl-1.9.13.jar:/home/user/.m2/repository/org/codehaus/jackson/jackson-jaxrs/1.9.13/jackson-jaxrs-1.9.13.jar:/home/user/.m2/repository/org/codehaus/jackson/jackson-xc/1.9.13/jackson-xc-1.9.13.jar:/home/user/.m2/repository/commons-logging/commons-logging/1.1.3/commons-logging-1.1.3.jar:/home/user/.m2/repository/commons-beanutils/commons-beanutils/1.9.3/commons-beanutils-1.9.3.jar:/home/user/.m2/repository/org/apache/commons/commons-configuration2/2.1.1/commons-configuration2-2.1.1.jar:/home/user/.m2/repository/org/apache/commons/commons-lang3/3.7/commons-lang3-3.7.jar:/home/user/.m2/repository/org/apache/commons/commons-text/1.4/commons-text-1.4.jar:/home/user/.m2/repository/org/apache/avro/avro/1.7.7/avro-1.7.7.jar:/home/user/.m2/repository/com/thoughtworks/paranamer/paranamer/2.3/paranamer-2.3.jar:/home/user/.m2/repository/org/xerial/snappy/snappy-java/1.0.5/snappy-java-1.0.5.jar:/home/user/.m2/repository/com/google/re2j/re2j/1.1/re2j-1.1.jar:/home/user/.m2/repository/com/google/code/gson/gson/2.2.4/gson-2.2.4.jar:/home/user/.m2/repository/com/jcraft/jsch/0.1.54/jsch-0.1.54.jar:/home/user/.m2/repository/org/apache/curator/curator-client/2.12.0/curator-client-2.12.0.jar:/home/user/.m2/repository/org/apache/curator/curator-recipes/2.12.0/curator-recipes-2.12.0.jar:/home/user/.m2/repository/com/google/code/findbugs/jsr305/3.0.0/jsr305-3.0.0.jar:/home/user/.m2/repository/org/apache/htrace/htrace-core4/4.1.0-incubating/htrace-core4-4.1.0-incubating.jar:/home/user/.m2/repository/org/apache/zookeeper/zookeeper/3.4.13/zookeeper-3.4.13.jar:/home/user/.m2/repository/org/apache/yetus/audience-annotations/0.5.0/audience-annotations-0.5.0.jar:/home/user/.m2/repository/org/codehaus/woodstox/stax2-api/3.1.4/stax2-api-3.1.4.jar:/home/user/.m2/repository/com/fasterxml/woodstox/woodstox-core/5.0.3/woodstox-core-5.0.3.jar:/home/user/.m2/repository/dnsjava/dnsjava/2.1.7/dnsjava-2.1.7.jar:/home/user/.m2/repository/org/apache/hadoop/hadoop-hdfs/3.2.0/hadoop-hdfs-3.2.0-tests.jar:/home/user/.m2/repository/org/eclipse/jetty/jetty-util-ajax/9.3.24.v20180605/jetty-util-ajax-9.3.24.v20180605.jar:/home/user/.m2/repository/commons-daemon/commons-daemon/1.0.13/commons-daemon-1.0.13.jar:/home/user/.m2/repository/io/netty/netty/3.10.5.Final/netty-3.10.5.Final.jar:/home/user/.m2/repository/io/netty/netty-all/4.0.52.Final/netty-all-4.0.52.Final.jar:/home/user/.m2/repository/org/fusesource/leveldbjni/leveldbjni-all/1.8/leveldbjni-all-1.8.jar:"/>
    <property name="java.vm.vendor" value="IcedTea"/>
    <property name="sun.arch.data.model" value="64"/>
    <property name="test.build.dir" value="/opt/src/hadoop-ozone/integration-test/target/test-dir"/>
    <property name="test.cache.data" value=""/>
    <property name="java.vendor.url" value="https://icedtea.classpath.org"/>
    <property name="user.timezone" value=""/>
    <property name="java.vm.specification.version" value="1.8"/>
    <property name="os.name" value="Linux"/>
    <property name="test.build.data" value="/opt/src/hadoop-ozone/integration-test/target/test-dir"/>
    <property name="user.country" value="US"/>
    <property name="sun.java.launcher" value="SUN_STANDARD"/>
    <property name="sun.boot.library.path" value="/usr/lib/jvm/java-1.8-openjdk/jre/lib/amd64"/>
    <property name="sun.java.command" value="/opt/src/hadoop-ozone/integration-test/target/surefire/surefirebooter1940978274418336199.jar /opt/src/hadoop-ozone/integration-test/target/surefire 2019-06-15T14-39-27_455-jvmRun1 surefire6750585748476342572tmp surefire_126040734364182809081tmp"/>
    <property name="surefire.test.class.path" value="/opt/src/hadoop-ozone/integration-test/target/test-classes:/opt/src/hadoop-ozone/integration-test/target/classes:/home/user/.m2/repository/org/apache/hadoop/hadoop-ozone-common/0.5.0-SNAPSHOT/hadoop-ozone-common-0.5.0-SNAPSHOT.jar:/home/user/.m2/repository/org/apache/commons/commons-compress/1.4.1/commons-compress-1.4.1.jar:/home/user/.m2/repository/org/tukaani/xz/1.0/xz-1.0.jar:/home/user/.m2/repository/org/apache/hadoop/hadoop-common/3.2.0/hadoop-common-3.2.0.jar:/home/user/.m2/repository/org/apache/hadoop/hadoop-hdfs/3.2.0/hadoop-hdfs-3.2.0.jar:/home/user/.m2/repository/org/apache/hadoop/hadoop-hdfs-client/3.2.0/hadoop-hdfs-client-3.2.0.jar:/home/user/.m2/repository/com/fasterxml/jackson/core/jackson-annotations/2.9.5/jackson-annotations-2.9.5.jar:/home/user/.m2/repository/org/apache/hadoop/hadoop-hdds-common/0.5.0-SNAPSHOT/hadoop-hdds-common-0.5.0-SNAPSHOT.jar:/home/user/.m2/repository/javax/annotation/javax.annotation-api/1.2/javax.annotation-api-1.2.jar:/home/user/.m2/repository/org/apache/ratis/ratis-server/0.4.0-fe2b15d-SNAPSHOT/ratis-server-0.4.0-fe2b15d-SNAPSHOT.jar:/home/user/.m2/repository/org/apache/ratis/ratis-thirdparty-misc/0.2.0/ratis-thirdparty-misc-0.2.0.jar:/home/user/.m2/repository/org/apache/ratis/ratis-proto/0.4.0-fe2b15d-SNAPSHOT/ratis-proto-0.4.0-fe2b15d-SNAPSHOT.jar:/home/user/.m2/repository/org/apache/ratis/ratis-common/0.4.0-fe2b15d-SNAPSHOT/ratis-common-0.4.0-fe2b15d-SNAPSHOT.jar:/home/user/.m2/repository/org/apache/ratis/ratis-client/0.4.0-fe2b15d-SNAPSHOT/ratis-client-0.4.0-fe2b15d-SNAPSHOT.jar:/home/user/.m2/repository/org/apache/ratis/ratis-netty/0.4.0-fe2b15d-SNAPSHOT/ratis-netty-0.4.0-fe2b15d-SNAPSHOT.jar:/home/user/.m2/repository/org/apache/ratis/ratis-grpc/0.4.0-fe2b15d-SNAPSHOT/ratis-grpc-0.4.0-fe2b15d-SNAPSHOT.jar:/home/user/.m2/repository/org/rocksdb/rocksdbjni/5.14.2/rocksdbjni-5.14.2.jar:/home/user/.m2/repository/org/apache/logging/log4j/log4j-api/2.11.0/log4j-api-2.11.0.jar:/home/user/.m2/repository/org/apache/logging/log4j/log4j-core/2.11.0/log4j-core-2.11.0.jar:/home/user/.m2/repository/com/lmax/disruptor/3.4.2/disruptor-3.4.2.jar:/home/user/.m2/repository/org/apache/commons/commons-pool2/2.6.0/commons-pool2-2.6.0.jar:/home/user/.m2/repository/org/bouncycastle/bcpkix-jdk15on/1.60/bcpkix-jdk15on-1.60.jar:/home/user/.m2/repository/commons-validator/commons-validator/1.6/commons-validator-1.6.jar:/home/user/.m2/repository/commons-digester/commons-digester/1.8.1/commons-digester-1.8.1.jar:/home/user/.m2/repository/io/jaegertracing/jaeger-client/0.33.1/jaeger-client-0.33.1.jar:/home/user/.m2/repository/io/jaegertracing/jaeger-thrift/0.33.1/jaeger-thrift-0.33.1.jar:/home/user/.m2/repository/org/apache/thrift/libthrift/0.11.0/libthrift-0.11.0.jar:/home/user/.m2/repository/com/squareup/okhttp3/okhttp/3.9.0/okhttp-3.9.0.jar:/home/user/.m2/repository/com/squareup/okio/okio/1.13.0/okio-1.13.0.jar:/home/user/.m2/repository/io/jaegertracing/jaeger-core/0.33.1/jaeger-core-0.33.1.jar:/home/user/.m2/repository/io/jaegertracing/jaeger-tracerresolver/0.33.1/jaeger-tracerresolver-0.33.1.jar:/home/user/.m2/repository/io/opentracing/contrib/opentracing-tracerresolver/0.1.5/opentracing-tracerresolver-0.1.5.jar:/home/user/.m2/repository/io/opentracing/opentracing-util/0.31.0/opentracing-util-0.31.0.jar:/home/user/.m2/repository/io/opentracing/opentracing-api/0.31.0/opentracing-api-0.31.0.jar:/home/user/.m2/repository/io/opentracing/opentracing-noop/0.31.0/opentracing-noop-0.31.0.jar:/home/user/.m2/repository/org/apache/hadoop/hadoop-hdds-server-framework/0.5.0-SNAPSHOT/hadoop-hdds-server-framework-0.5.0-SNAPSHOT.jar:/home/user/.m2/repository/org/apache/hadoop/hadoop-hdds-server-scm/0.5.0-SNAPSHOT/hadoop-hdds-server-scm-0.5.0-SNAPSHOT.jar:/home/user/.m2/repository/org/apache/hadoop/hadoop-hdds-container-service/0.5.0-SNAPSHOT/hadoop-hdds-container-service-0.5.0-SNAPSHOT.jar:/home/user/.m2/repository/org/apache/hadoop/hadoop-hdds-client/0.5.0-SNAPSHOT/hadoop-hdds-client-0.5.0-SNAPSHOT.jar:/home/user/.m2/repository/org/apache/hadoop/hadoop-hdds-tools/0.5.0-SNAPSHOT/hadoop-hdds-tools-0.5.0-SNAPSHOT.jar:/home/user/.m2/repository/org/apache/hadoop/hadoop-ozone-ozone-manager/0.5.0-SNAPSHOT/hadoop-ozone-ozone-manager-0.5.0-SNAPSHOT.jar:/home/user/.m2/repository/org/apache/hadoop/hadoop-hdds-docs/0.5.0-SNAPSHOT/hadoop-hdds-docs-0.5.0-SNAPSHOT.jar:/home/user/.m2/repository/org/bouncycastle/bcprov-jdk15on/1.60/bcprov-jdk15on-1.60.jar:/home/user/.m2/repository/org/apache/hadoop/hadoop-minikdc/3.2.0/hadoop-minikdc-3.2.0.jar:/home/user/.m2/repository/commons-io/commons-io/2.5/commons-io-2.5.jar:/home/user/.m2/repository/org/apache/kerby/kerb-simplekdc/1.0.1/kerb-simplekdc-1.0.1.jar:/home/user/.m2/repository/org/apache/kerby/kerb-client/1.0.1/kerb-client-1.0.1.jar:/home/user/.m2/repository/org/apache/kerby/kerby-config/1.0.1/kerby-config-1.0.1.jar:/home/user/.m2/repository/org/apache/kerby/kerb-core/1.0.1/kerb-core-1.0.1.jar:/home/user/.m2/repository/org/apache/kerby/kerby-pkix/1.0.1/kerby-pkix-1.0.1.jar:/home/user/.m2/repository/org/apache/kerby/kerby-asn1/1.0.1/kerby-asn1-1.0.1.jar:/home/user/.m2/repository/org/apache/kerby/kerby-util/1.0.1/kerby-util-1.0.1.jar:/home/user/.m2/repository/org/apache/kerby/kerb-common/1.0.1/kerb-common-1.0.1.jar:/home/user/.m2/repository/org/apache/kerby/kerb-crypto/1.0.1/kerb-crypto-1.0.1.jar:/home/user/.m2/repository/org/apache/kerby/kerb-util/1.0.1/kerb-util-1.0.1.jar:/home/user/.m2/repository/org/apache/kerby/token-provider/1.0.1/token-provider-1.0.1.jar:/home/user/.m2/repository/org/apache/kerby/kerb-admin/1.0.1/kerb-admin-1.0.1.jar:/home/user/.m2/repository/org/apache/kerby/kerb-server/1.0.1/kerb-server-1.0.1.jar:/home/user/.m2/repository/org/apache/kerby/kerb-identity/1.0.1/kerb-identity-1.0.1.jar:/home/user/.m2/repository/org/apache/kerby/kerby-xdr/1.0.1/kerby-xdr-1.0.1.jar:/home/user/.m2/repository/org/slf4j/slf4j-log4j12/1.7.25/slf4j-log4j12-1.7.25.jar:/home/user/.m2/repository/org/apache/hadoop/hadoop-ozone-objectstore-service/0.5.0-SNAPSHOT/hadoop-ozone-objectstore-service-0.5.0-SNAPSHOT.jar:/home/user/.m2/repository/org/apache/hadoop/hadoop-ozone-s3gateway/0.5.0-SNAPSHOT/hadoop-ozone-s3gateway-0.5.0-SNAPSHOT.jar:/home/user/.m2/repository/org/jboss/weld/servlet/weld-servlet/2.4.7.Final/weld-servlet-2.4.7.Final.jar:/home/user/.m2/repository/org/glassfish/jersey/containers/jersey-container-servlet-core/2.27/jersey-container-servlet-core-2.27.jar:/home/user/.m2/repository/org/glassfish/hk2/external/javax.inject/2.5.0-b42/javax.inject-2.5.0-b42.jar:/home/user/.m2/repository/org/glassfish/jersey/core/jersey-common/2.27/jersey-common-2.27.jar:/home/user/.m2/repository/org/glassfish/hk2/osgi-resource-locator/1.0.1/osgi-resource-locator-1.0.1.jar:/home/user/.m2/repository/javax/ws/rs/javax.ws.rs-api/2.1/javax.ws.rs-api-2.1.jar:/home/user/.m2/repository/org/glassfish/jersey/ext/cdi/jersey-cdi1x/2.27/jersey-cdi1x-2.27.jar:/home/user/.m2/repository/org/glassfish/jersey/inject/jersey-hk2/2.27/jersey-hk2-2.27.jar:/home/user/.m2/repository/org/glassfish/hk2/hk2-locator/2.5.0-b42/hk2-locator-2.5.0-b42.jar:/home/user/.m2/repository/org/javassist/javassist/3.22.0-CR2/javassist-3.22.0-CR2.jar:/home/user/.m2/repository/org/glassfish/hk2/hk2-api/2.5.0/hk2-api-2.5.0.jar:/home/user/.m2/repository/org/glassfish/hk2/external/jakarta.inject/2.5.0/jakarta.inject-2.5.0.jar:/home/user/.m2/repository/org/glassfish/hk2/hk2-utils/2.5.0/hk2-utils-2.5.0.jar:/home/user/.m2/repository/jakarta/annotation/jakarta.annotation-api/1.3.4/jakarta.annotation-api-1.3.4.jar:/home/user/.m2/repository/org/glassfish/hk2/external/aopalliance-repackaged/2.5.0/aopalliance-repackaged-2.5.0.jar:/home/user/.m2/repository/com/fasterxml/jackson/dataformat/jackson-dataformat-xml/2.9.0/jackson-dataformat-xml-2.9.0.jar:/home/user/.m2/repository/com/fasterxml/jackson/core/jackson-core/2.9.5/jackson-core-2.9.5.jar:/home/user/.m2/repository/com/fasterxml/jackson/module/jackson-module-jaxb-annotations/2.9.5/jackson-module-jaxb-annotations-2.9.5.jar:/home/user/.m2/repository/javax/enterprise/cdi-api/1.2/cdi-api-1.2.jar:/home/user/.m2/repository/javax/el/javax.el-api/3.0.0/javax.el-api-3.0.0.jar:/home/user/.m2/repository/javax/interceptor/javax.interceptor-api/1.2/javax.interceptor-api-1.2.jar:/home/user/.m2/repository/javax/inject/javax.inject/1/javax.inject-1.jar:/home/user/.m2/repository/com/sun/xml/bind/jaxb-impl/2.3.0.1/jaxb-impl-2.3.0.1.jar:/home/user/.m2/repository/com/sun/xml/bind/jaxb-core/2.3.0.1/jaxb-core-2.3.0.1.jar:/home/user/.m2/repository/javax/xml/bind/jaxb-api/2.3.0/jaxb-api-2.3.0.jar:/home/user/.m2/repository/javax/activation/activation/1.1.1/activation-1.1.1.jar:/home/user/.m2/repository/org/apache/hadoop/hadoop-ozone-csi/0.5.0-SNAPSHOT/hadoop-ozone-csi-0.5.0-SNAPSHOT.jar:/home/user/.m2/repository/com/google/protobuf/protobuf-java-util/3.5.1/protobuf-java-util-3.5.1.jar:/home/user/.m2/repository/org/apache/hadoop/hadoop-hdds-config/0.5.0-SNAPSHOT/hadoop-hdds-config-0.5.0-SNAPSHOT.jar:/home/user/.m2/repository/com/google/guava/guava/11.0.2/guava-11.0.2.jar:/home/user/.m2/repository/com/google/protobuf/protobuf-java/2.5.0/protobuf-java-2.5.0.jar:/home/user/.m2/repository/io/grpc/grpc-netty/1.17.1/grpc-netty-1.17.1.jar:/home/user/.m2/repository/io/grpc/grpc-core/1.17.1/grpc-core-1.17.1.jar:/home/user/.m2/repository/io/grpc/grpc-context/1.17.1/grpc-context-1.17.1.jar:/home/user/.m2/repository/com/google/errorprone/error_prone_annotations/2.2.0/error_prone_annotations-2.2.0.jar:/home/user/.m2/repository/org/codehaus/mojo/animal-sniffer-annotations/1.17/animal-sniffer-annotations-1.17.jar:/home/user/.m2/repository/io/opencensus/opencensus-api/0.17.0/opencensus-api-0.17.0.jar:/home/user/.m2/repository/io/opencensus/opencensus-contrib-grpc-metrics/0.17.0/opencensus-contrib-grpc-metrics-0.17.0.jar:/home/user/.m2/repository/io/netty/netty-codec-http2/4.1.30.Final/netty-codec-http2-4.1.30.Final.jar:/home/user/.m2/repository/io/netty/netty-codec-http/4.1.30.Final/netty-codec-http-4.1.30.Final.jar:/home/user/.m2/repository/io/netty/netty-codec/4.1.30.Final/netty-codec-4.1.30.Final.jar:/home/user/.m2/repository/io/netty/netty-handler/4.1.30.Final/netty-handler-4.1.30.Final.jar:/home/user/.m2/repository/io/netty/netty-handler-proxy/4.1.30.Final/netty-handler-proxy-4.1.30.Final.jar:/home/user/.m2/repository/io/netty/netty-codec-socks/4.1.30.Final/netty-codec-socks-4.1.30.Final.jar:/home/user/.m2/repository/io/netty/netty-transport-native-epoll/4.1.30.Final/netty-transport-native-epoll-4.1.30.Final.jar:/home/user/.m2/repository/io/netty/netty-common/4.1.30.Final/netty-common-4.1.30.Final.jar:/home/user/.m2/repository/io/netty/netty-buffer/4.1.30.Final/netty-buffer-4.1.30.Final.jar:/home/user/.m2/repository/io/netty/netty-transport/4.1.30.Final/netty-transport-4.1.30.Final.jar:/home/user/.m2/repository/io/netty/netty-resolver/4.1.30.Final/netty-resolver-4.1.30.Final.jar:/home/user/.m2/repository/io/netty/netty-transport-native-unix-common/4.1.30.Final/netty-transport-native-unix-common-4.1.30.Final.jar:/home/user/.m2/repository/io/grpc/grpc-protobuf/1.17.1/grpc-protobuf-1.17.1.jar:/home/user/.m2/repository/com/google/api/grpc/proto-google-common-protos/1.0.0/proto-google-common-protos-1.0.0.jar:/home/user/.m2/repository/io/grpc/grpc-protobuf-lite/1.17.1/grpc-protobuf-lite-1.17.1.jar:/home/user/.m2/repository/io/grpc/grpc-stub/1.17.1/grpc-stub-1.17.1.jar:/home/user/.m2/repository/org/apache/hadoop/hadoop-ozone-recon/0.5.0-SNAPSHOT/hadoop-ozone-recon-0.5.0-SNAPSHOT.jar:/home/user/.m2/repository/org/apache/hadoop/hadoop-ozone-reconcodegen/0.5.0-SNAPSHOT/hadoop-ozone-reconcodegen-0.5.0-SNAPSHOT.jar:/home/user/.m2/repository/com/google/inject/extensions/guice-multibindings/4.0/guice-multibindings-4.0.jar:/home/user/.m2/repository/com/google/inject/guice/4.0/guice-4.0.jar:/home/user/.m2/repository/aopalliance/aopalliance/1.0/aopalliance-1.0.jar:/home/user/.m2/repository/com/google/inject/extensions/guice-servlet/4.0/guice-servlet-4.0.jar:/home/user/.m2/repository/org/glassfish/jersey/containers/jersey-container-servlet/2.27/jersey-container-servlet-2.27.jar:/home/user/.m2/repository/org/glassfish/hk2/guice-bridge/2.5.0/guice-bridge-2.5.0.jar:/home/user/.m2/repository/org/glassfish/jersey/core/jersey-server/2.27/jersey-server-2.27.jar:/home/user/.m2/repository/org/glassfish/jersey/core/jersey-client/2.27/jersey-client-2.27.jar:/home/user/.m2/repository/org/glassfish/jersey/media/jersey-media-jaxb/2.27/jersey-media-jaxb-2.27.jar:/home/user/.m2/repository/javax/validation/validation-api/1.1.0.Final/validation-api-1.1.0.Final.jar:/home/user/.m2/repository/org/glassfish/jersey/media/jersey-media-json-jackson/2.27/jersey-media-json-jackson-2.27.jar:/home/user/.m2/repository/org/glassfish/jersey/ext/jersey-entity-filtering/2.27/jersey-entity-filtering-2.27.jar:/home/user/.m2/repository/com/google/inject/extensions/guice-assistedinject/4.0/guice-assistedinject-4.0.jar:/home/user/.m2/repository/org/jooq/jooq/3.11.10/jooq-3.11.10.jar:/home/user/.m2/repository/org/jooq/jooq-meta/3.11.10/jooq-meta-3.11.10.jar:/home/user/.m2/repository/org/jooq/jooq-codegen/3.11.10/jooq-codegen-3.11.10.jar:/home/user/.m2/repository/com/jolbox/bonecp/0.8.0.RELEASE/bonecp-0.8.0.RELEASE.jar:/home/user/.m2/repository/org/xerial/sqlite-jdbc/3.25.2/sqlite-jdbc-3.25.2.jar:/home/user/.m2/repository/org/springframework/spring-jdbc/5.1.3.RELEASE/spring-jdbc-5.1.3.RELEASE.jar:/home/user/.m2/repository/org/springframework/spring-beans/5.1.3.RELEASE/spring-beans-5.1.3.RELEASE.jar:/home/user/.m2/repository/org/springframework/spring-core/5.1.3.RELEASE/spring-core-5.1.3.RELEASE.jar:/home/user/.m2/repository/org/springframework/spring-jcl/5.1.3.RELEASE/spring-jcl-5.1.3.RELEASE.jar:/home/user/.m2/repository/org/springframework/spring-tx/5.1.3.RELEASE/spring-tx-5.1.3.RELEASE.jar:/home/user/.m2/repository/org/apache/hadoop/hadoop-ozone-client/0.5.0-SNAPSHOT/hadoop-ozone-client-0.5.0-SNAPSHOT.jar:/home/user/.m2/repository/org/apache/hadoop/hadoop-ozone-ozone-manager/0.5.0-SNAPSHOT/hadoop-ozone-ozone-manager-0.5.0-SNAPSHOT-tests.jar:/home/user/.m2/repository/junit/junit/4.11/junit-4.11.jar:/home/user/.m2/repository/org/hamcrest/hamcrest-core/1.3/hamcrest-core-1.3.jar:/home/user/.m2/repository/org/openjdk/jmh/jmh-core/1.19/jmh-core-1.19.jar:/home/user/.m2/repository/net/sf/jopt-simple/jopt-simple/4.6/jopt-simple-4.6.jar:/home/user/.m2/repository/org/apache/commons/commons-math3/3.1.1/commons-math3-3.1.1.jar:/home/user/.m2/repository/org/openjdk/jmh/jmh-generator-annprocess/1.19/jmh-generator-annprocess-1.19.jar:/home/user/.m2/repository/org/mockito/mockito-all/1.8.5/mockito-all-1.8.5.jar:/home/user/.m2/repository/org/apache/hadoop/hadoop-kms/3.2.0/hadoop-kms-3.2.0.jar:/home/user/.m2/repository/org/apache/hadoop/hadoop-auth/3.2.0/hadoop-auth-3.2.0.jar:/home/user/.m2/repository/com/nimbusds/nimbus-jose-jwt/4.41.1/nimbus-jose-jwt-4.41.1.jar:/home/user/.m2/repository/com/github/stephenc/jcip/jcip-annotations/1.0-1/jcip-annotations-1.0-1.jar:/home/user/.m2/repository/net/minidev/json-smart/2.3/json-smart-2.3.jar:/home/user/.m2/repository/net/minidev/accessors-smart/1.2/accessors-smart-1.2.jar:/home/user/.m2/repository/org/ow2/asm/asm/5.0.4/asm-5.0.4.jar:/home/user/.m2/repository/org/apache/curator/curator-framework/2.12.0/curator-framework-2.12.0.jar:/home/user/.m2/repository/com/sun/jersey/jersey-core/1.19/jersey-core-1.19.jar:/home/user/.m2/repository/javax/ws/rs/jsr311-api/1.1.1/jsr311-api-1.1.1.jar:/home/user/.m2/repository/com/sun/jersey/jersey-server/1.19/jersey-server-1.19.jar:/home/user/.m2/repository/javax/servlet/javax.servlet-api/3.1.0/javax.servlet-api-3.1.0.jar:/home/user/.m2/repository/org/eclipse/jetty/jetty-server/9.3.24.v20180605/jetty-server-9.3.24.v20180605.jar:/home/user/.m2/repository/org/eclipse/jetty/jetty-http/9.3.24.v20180605/jetty-http-9.3.24.v20180605.jar:/home/user/.m2/repository/org/eclipse/jetty/jetty-io/9.3.24.v20180605/jetty-io-9.3.24.v20180605.jar:/home/user/.m2/repository/org/eclipse/jetty/jetty-webapp/9.3.24.v20180605/jetty-webapp-9.3.24.v20180605.jar:/home/user/.m2/repository/org/eclipse/jetty/jetty-xml/9.3.24.v20180605/jetty-xml-9.3.24.v20180605.jar:/home/user/.m2/repository/log4j/log4j/1.2.17/log4j-1.2.17.jar:/home/user/.m2/repository/org/slf4j/slf4j-api/1.7.25/slf4j-api-1.7.25.jar:/home/user/.m2/repository/org/slf4j/jul-to-slf4j/1.7.25/jul-to-slf4j-1.7.25.jar:/home/user/.m2/repository/org/eclipse/jetty/jetty-util/9.3.24.v20180605/jetty-util-9.3.24.v20180605.jar:/home/user/.m2/repository/io/dropwizard/metrics/metrics-core/3.2.4/metrics-core-3.2.4.jar:/home/user/.m2/repository/com/fasterxml/jackson/core/jackson-databind/2.9.5/jackson-databind-2.9.5.jar:/home/user/.m2/repository/org/apache/hadoop/hadoop-kms/3.2.0/hadoop-kms-3.2.0-tests.jar:/home/user/.m2/repository/org/apache/hadoop/hadoop-hdds-server-scm/0.5.0-SNAPSHOT/hadoop-hdds-server-scm-0.5.0-SNAPSHOT-tests.jar:/home/user/.m2/repository/org/hamcrest/hamcrest-all/1.3/hamcrest-all-1.3.jar:/home/user/.m2/repository/info/picocli/picocli/3.9.6/picocli-3.9.6.jar:/home/user/.m2/repository/org/apache/hadoop/hadoop-hdds-container-service/0.5.0-SNAPSHOT/hadoop-hdds-container-service-0.5.0-SNAPSHOT-tests.jar:/home/user/.m2/repository/org/yaml/snakeyaml/1.16/snakeyaml-1.16.jar:/home/user/.m2/repository/org/apache/hadoop/hadoop-common/3.2.0/hadoop-common-3.2.0-tests.jar:/home/user/.m2/repository/org/apache/hadoop/hadoop-annotations/3.2.0/hadoop-annotations-3.2.0.jar:/usr/lib/jvm/java-1.8-openjdk/jre/../lib/tools.jar:/home/user/.m2/repository/commons-cli/commons-cli/1.2/commons-cli-1.2.jar:/home/user/.m2/repository/org/apache/httpcomponents/httpclient/4.5.2/httpclient-4.5.2.jar:/home/user/.m2/repository/org/apache/httpcomponents/httpcore/4.4.4/httpcore-4.4.4.jar:/home/user/.m2/repository/commons-codec/commons-codec/1.11/commons-codec-1.11.jar:/home/user/.m2/repository/commons-net/commons-net/3.6/commons-net-3.6.jar:/home/user/.m2/repository/commons-collections/commons-collections/3.2.2/commons-collections-3.2.2.jar:/home/user/.m2/repository/org/eclipse/jetty/jetty-servlet/9.3.24.v20180605/jetty-servlet-9.3.24.v20180605.jar:/home/user/.m2/repository/org/eclipse/jetty/jetty-security/9.3.24.v20180605/jetty-security-9.3.24.v20180605.jar:/home/user/.m2/repository/javax/servlet/jsp/jsp-api/2.1/jsp-api-2.1.jar:/home/user/.m2/repository/com/sun/jersey/jersey-servlet/1.19/jersey-servlet-1.19.jar:/home/user/.m2/repository/com/sun/jersey/jersey-json/1.19/jersey-json-1.19.jar:/home/user/.m2/repository/org/codehaus/jettison/jettison/1.1/jettison-1.1.jar:/home/user/.m2/repository/org/codehaus/jackson/jackson-core-asl/1.9.13/jackson-core-asl-1.9.13.jar:/home/user/.m2/repository/org/codehaus/jackson/jackson-mapper-asl/1.9.13/jackson-mapper-asl-1.9.13.jar:/home/user/.m2/repository/org/codehaus/jackson/jackson-jaxrs/1.9.13/jackson-jaxrs-1.9.13.jar:/home/user/.m2/repository/org/codehaus/jackson/jackson-xc/1.9.13/jackson-xc-1.9.13.jar:/home/user/.m2/repository/commons-logging/commons-logging/1.1.3/commons-logging-1.1.3.jar:/home/user/.m2/repository/commons-beanutils/commons-beanutils/1.9.3/commons-beanutils-1.9.3.jar:/home/user/.m2/repository/org/apache/commons/commons-configuration2/2.1.1/commons-configuration2-2.1.1.jar:/home/user/.m2/repository/org/apache/commons/commons-lang3/3.7/commons-lang3-3.7.jar:/home/user/.m2/repository/org/apache/commons/commons-text/1.4/commons-text-1.4.jar:/home/user/.m2/repository/org/apache/avro/avro/1.7.7/avro-1.7.7.jar:/home/user/.m2/repository/com/thoughtworks/paranamer/paranamer/2.3/paranamer-2.3.jar:/home/user/.m2/repository/org/xerial/snappy/snappy-java/1.0.5/snappy-java-1.0.5.jar:/home/user/.m2/repository/com/google/re2j/re2j/1.1/re2j-1.1.jar:/home/user/.m2/repository/com/google/code/gson/gson/2.2.4/gson-2.2.4.jar:/home/user/.m2/repository/com/jcraft/jsch/0.1.54/jsch-0.1.54.jar:/home/user/.m2/repository/org/apache/curator/curator-client/2.12.0/curator-client-2.12.0.jar:/home/user/.m2/repository/org/apache/curator/curator-recipes/2.12.0/curator-recipes-2.12.0.jar:/home/user/.m2/repository/com/google/code/findbugs/jsr305/3.0.0/jsr305-3.0.0.jar:/home/user/.m2/repository/org/apache/htrace/htrace-core4/4.1.0-incubating/htrace-core4-4.1.0-incubating.jar:/home/user/.m2/repository/org/apache/zookeeper/zookeeper/3.4.13/zookeeper-3.4.13.jar:/home/user/.m2/repository/org/apache/yetus/audience-annotations/0.5.0/audience-annotations-0.5.0.jar:/home/user/.m2/repository/org/codehaus/woodstox/stax2-api/3.1.4/stax2-api-3.1.4.jar:/home/user/.m2/repository/com/fasterxml/woodstox/woodstox-core/5.0.3/woodstox-core-5.0.3.jar:/home/user/.m2/repository/dnsjava/dnsjava/2.1.7/dnsjava-2.1.7.jar:/home/user/.m2/repository/org/apache/hadoop/hadoop-hdfs/3.2.0/hadoop-hdfs-3.2.0-tests.jar:/home/user/.m2/repository/org/eclipse/jetty/jetty-util-ajax/9.3.24.v20180605/jetty-util-ajax-9.3.24.v20180605.jar:/home/user/.m2/repository/commons-daemon/commons-daemon/1.0.13/commons-daemon-1.0.13.jar:/home/user/.m2/repository/io/netty/netty/3.10.5.Final/netty-3.10.5.Final.jar:/home/user/.m2/repository/io/netty/netty-all/4.0.52.Final/netty-all-4.0.52.Final.jar:/home/user/.m2/repository/org/fusesource/leveldbjni/leveldbjni-all/1.8/leveldbjni-all-1.8.jar:"/>
    <property name="sun.cpu.endian" value="little"/>
    <property name="user.home" value="/home/user"/>
    <property name="user.language" value="en"/>
    <property name="java.specification.vendor" value="Oracle Corporation"/>
    <property name="java.home" value="/usr/lib/jvm/java-1.8-openjdk/jre"/>
    <property name="java.security.krb5.conf" value="/opt/src/hadoop-ozone/integration-test/target/test-classes/krb5.conf"/>
    <property name="basedir" value="/opt/src/hadoop-ozone/integration-test"/>
    <property name="file.separator" value="/"/>
    <property name="line.separator" value="&#10;"/>
    <property name="java.vm.specification.vendor" value="Oracle Corporation"/>
    <property name="java.specification.name" value="Java Platform API Specification"/>
    <property name="java.awt.graphicsenv" value="sun.awt.X11GraphicsEnvironment"/>
    <property name="surefire.real.class.path" value="/opt/src/hadoop-ozone/integration-test/target/surefire/surefirebooter1940978274418336199.jar"/>
    <property name="hadoop.log.dir" value="/opt/src/hadoop-ozone/integration-test/target/log"/>
    <property name="sun.boot.class.path" value="/usr/lib/jvm/java-1.8-openjdk/jre/lib/resources.jar:/usr/lib/jvm/java-1.8-openjdk/jre/lib/rt.jar:/usr/lib/jvm/java-1.8-openjdk/jre/lib/sunrsasign.jar:/usr/lib/jvm/java-1.8-openjdk/jre/lib/jsse.jar:/usr/lib/jvm/java-1.8-openjdk/jre/lib/jce.jar:/usr/lib/jvm/java-1.8-openjdk/jre/lib/charsets.jar:/usr/lib/jvm/java-1.8-openjdk/jre/lib/jfr.jar:/usr/lib/jvm/java-1.8-openjdk/jre/classes"/>
    <property name="sun.management.compiler" value="HotSpot 64-Bit Tiered Compilers"/>
    <property name="java.runtime.version" value="1.8.0_212-b04"/>
    <property name="java.net.preferIPv4Stack" value="true"/>
    <property name="user.name" value="jenkins1000"/>
    <property name="path.separator" value=":"/>
    <property name="java.security.egd" value="file:///dev/urandom"/>
    <property name="os.version" value="4.15.0-1021-aws"/>
    <property name="java.endorsed.dirs" value="/usr/lib/jvm/java-1.8-openjdk/jre/lib/endorsed"/>
    <property name="java.runtime.name" value="OpenJDK Runtime Environment"/>
    <property name="file.encoding" value="UTF-8"/>
    <property name="java.vm.name" value="OpenJDK 64-Bit Server VM"/>
    <property name="test.build.webapps" value=""/>
    <property name="localRepository" value="/home/user/.m2/repository"/>
    <property name="java.vendor.url.bug" value="https://icedtea.classpath.org/bugzilla"/>
    <property name="java.io.tmpdir" value="/tmp"/>
    <property name="require.test.libhadoop" value=""/>
    <property name="java.version" value="1.8.0_212"/>
    <property name="user.dir" value="/opt/src/hadoop-ozone/integration-test"/>
    <property name="os.arch" value="amd64"/>
    <property name="java.vm.specification.name" value="Java Virtual Machine Specification"/>
    <property name="test.build.classes" value="/opt/src/hadoop-ozone/integration-test/target/test-classes"/>
    <property name="java.awt.printerjob" value="sun.print.PSPrinterJob"/>
    <property name="sun.os.patch.level" value="unknown"/>
    <property name="hadoop.tmp.dir" value="/opt/src/hadoop-ozone/integration-test/target/tmp"/>
    <property name="java.library.path" value="/usr/lib/jvm/java-1.8-openjdk/jre/lib/amd64/server:/usr/lib/jvm/java-1.8-openjdk/jre/lib/amd64:/usr/lib/jvm/java-1.8-openjdk/jre/../lib/amd64:/opt/src/hadoop-ozone/integration-test/target/native/target/usr/local/lib:/opt/src/hadoop-ozone/integration-test/../../hadoop-common-project/hadoop-common/target/native/target/usr/local/lib:/usr/java/packages/lib/amd64:/usr/lib64:/lib64:/lib:/usr/lib"/>
    <property name="java.vm.info" value="mixed mode"/>
    <property name="java.vendor" value="IcedTea"/>
    <property name="java.vm.version" value="25.212-b04"/>
    <property name="java.ext.dirs" value="/usr/lib/jvm/java-1.8-openjdk/jre/lib/ext:/usr/java/packages/lib/ext"/>
    <property name="sun.io.unicode.encoding" value="UnicodeLittle"/>
    <property name="java.class.version" value="52.0"/>
  </properties>
  <testcase name="testPipelineExclusionWithPipelineFailure" classname="org.apache.hadoop.ozone.client.rpc.TestFailureHandlingByClient" time="27.55"/>
  <testcase name="testContainerExclusionWithClosedContainerException" classname="org.apache.hadoop.ozone.client.rpc.TestFailureHandlingByClient" time="10.072"/>
  <testcase name="testWriteSmallFile" classname="org.apache.hadoop.ozone.client.rpc.TestFailureHandlingByClient" time="13.648"/>
  <testcase name="testMultiBlockWritesWithIntermittentDnFailures" classname="org.apache.hadoop.ozone.client.rpc.TestFailureHandlingByClient" time="12.04"/>
  <testcase name="testBlockWritesWithDnFailures" classname="org.apache.hadoop.ozone.client.rpc.TestFailureHandlingByClient" time="11.527"/>
  <testcase name="testDatanodeExclusionWithMajorityCommit" classname="org.apache.hadoop.ozone.client.rpc.TestFailureHandlingByClient" time="11.474">
    <failure type="java.lang.AssertionError">java.lang.AssertionError
	at org.junit.Assert.fail(Assert.java:86)
	at org.junit.Assert.assertTrue(Assert.java:41)
	at org.junit.Assert.assertTrue(Assert.java:52)
	at org.apache.hadoop.ozone.client.rpc.TestFailureHandlingByClient.testDatanodeExclusionWithMajorityCommit(TestFailureHandlingByClient.java:400)
	at sun.reflect.NativeMethodAccessorImpl.invoke0(Native Method)
	at sun.reflect.NativeMethodAccessorImpl.invoke(NativeMethodAccessorImpl.java:62)
	at sun.reflect.DelegatingMethodAccessorImpl.invoke(DelegatingMethodAccessorImpl.java:43)
	at java.lang.reflect.Method.invoke(Method.java:498)
	at org.junit.runners.model.FrameworkMethod$1.runReflectiveCall(FrameworkMethod.java:47)
	at org.junit.internal.runners.model.ReflectiveCallable.run(ReflectiveCallable.java:12)
	at org.junit.runners.model.FrameworkMethod.invokeExplosively(FrameworkMethod.java:44)
	at org.junit.internal.runners.statements.InvokeMethod.evaluate(InvokeMethod.java:17)
	at org.junit.runners.ParentRunner.runLeaf(ParentRunner.java:271)
	at org.junit.runners.BlockJUnit4ClassRunner.runChild(BlockJUnit4ClassRunner.java:70)
	at org.junit.runners.BlockJUnit4ClassRunner.runChild(BlockJUnit4ClassRunner.java:50)
	at org.junit.runners.ParentRunner$3.run(ParentRunner.java:238)
	at org.junit.runners.ParentRunner$1.schedule(ParentRunner.java:63)
	at org.junit.runners.ParentRunner.runChildren(ParentRunner.java:236)
	at org.junit.runners.ParentRunner.access$000(ParentRunner.java:53)
	at org.junit.runners.ParentRunner$2.evaluate(ParentRunner.java:229)
	at org.junit.runners.ParentRunner.run(ParentRunner.java:309)
	at org.apache.maven.surefire.junit4.JUnit4Provider.execute(JUnit4Provider.java:365)
	at org.apache.maven.surefire.junit4.JUnit4Provider.executeWithRerun(JUnit4Provider.java:273)
	at org.apache.maven.surefire.junit4.JUnit4Provider.executeTestSet(JUnit4Provider.java:238)
	at org.apache.maven.surefire.junit4.JUnit4Provider.invoke(JUnit4Provider.java:159)
	at org.apache.maven.surefire.booter.ForkedBooter.invokeProviderInSameClassLoader(ForkedBooter.java:384)
	at org.apache.maven.surefire.booter.ForkedBooter.runSuitesInProcess(ForkedBooter.java:345)
	at org.apache.maven.surefire.booter.ForkedBooter.execute(ForkedBooter.java:126)
	at org.apache.maven.surefire.booter.ForkedBooter.main(ForkedBooter.java:418)
</failure>
    <system-out><![CDATA[2019-06-15 14:45:46,609 WARN  server.ServerUtils (ServerUtils.java:getScmDbDir(145)) - ozone.scm.db.dirs is not configured. We recommend adding this setting. Falling back to ozone.metadata.dirs instead.
2019-06-15 14:45:46,614 WARN  server.ServerUtils (ServerUtils.java:getScmDbDir(145)) - ozone.scm.db.dirs is not configured. We recommend adding this setting. Falling back to ozone.metadata.dirs instead.
2019-06-15 14:45:46,614 WARN  server.ServerUtils (ServerUtils.java:getScmDbDir(145)) - ozone.scm.db.dirs is not configured. We recommend adding this setting. Falling back to ozone.metadata.dirs instead.
2019-06-15 14:45:46,614 INFO  db.DBStoreBuilder (DBStoreBuilder.java:addTable(110)) - using custom profile for table: deletedBlocks
2019-06-15 14:45:46,615 INFO  db.DBStoreBuilder (DBStoreBuilder.java:processTables(161)) - Using default column profile:DBProfile.DISK for Table:deletedBlocks
2019-06-15 14:45:46,615 INFO  db.DBStoreBuilder (DBStoreBuilder.java:addTable(110)) - using custom profile for table: validCerts
2019-06-15 14:45:46,615 INFO  db.DBStoreBuilder (DBStoreBuilder.java:processTables(161)) - Using default column profile:DBProfile.DISK for Table:validCerts
2019-06-15 14:45:46,615 INFO  db.DBStoreBuilder (DBStoreBuilder.java:addTable(110)) - using custom profile for table: revokedCerts
2019-06-15 14:45:46,615 INFO  db.DBStoreBuilder (DBStoreBuilder.java:processTables(161)) - Using default column profile:DBProfile.DISK for Table:revokedCerts
2019-06-15 14:45:46,616 INFO  db.DBStoreBuilder (DBStoreBuilder.java:addTable(110)) - using custom profile for table: default
2019-06-15 14:45:46,616 INFO  db.DBStoreBuilder (DBStoreBuilder.java:processTables(167)) - Using default column profile:DBProfile.DISK for Table:default
2019-06-15 14:45:46,616 INFO  db.DBStoreBuilder (DBStoreBuilder.java:getDbProfile(198)) - Using default options. DBProfile.DISK
2019-06-15 14:45:46,654 INFO  net.NodeSchemaLoader (NodeSchemaLoader.java:loadSchemaFromFile(125)) - Loading file from sun.misc.CompoundEnumeration@506d7fed
2019-06-15 14:45:46,654 INFO  net.NodeSchemaLoader (NodeSchemaLoader.java:loadSchema(171)) - Loading network topology layer schema file
2019-06-15 14:45:46,657 INFO  node.SCMNodeManager (SCMNodeManager.java:<init>(119)) - Entering startup safe mode.
2019-06-15 14:45:46,657 WARN  server.ServerUtils (ServerUtils.java:getScmDbDir(145)) - ozone.scm.db.dirs is not configured. We recommend adding this setting. Falling back to ozone.metadata.dirs instead.
2019-06-15 14:45:46,668 INFO  pipeline.SCMPipelineManager (SCMPipelineManager.java:initializePipelineState(126)) - No pipeline exists in current db
2019-06-15 14:45:46,668 WARN  server.ServerUtils (ServerUtils.java:getScmDbDir(145)) - ozone.scm.db.dirs is not configured. We recommend adding this setting. Falling back to ozone.metadata.dirs instead.
2019-06-15 14:45:46,681 WARN  events.EventQueue (EventQueue.java:fireEvent(175)) - No event handler registered for event TypedEvent{payloadType=SafeModeStatus, name='SafeModeStatus'}
2019-06-15 14:45:46,682 INFO  ipc.CallQueueManager (CallQueueManager.java:<init>(84)) - Using callQueue: class java.util.concurrent.LinkedBlockingQueue, queueCapacity: 2000, scheduler: class org.apache.hadoop.ipc.DefaultRpcScheduler, ipcBackoff: false.
2019-06-15 14:45:46,682 INFO  ipc.Server (Server.java:run(1074)) - Starting Socket Reader #1 for port 41877
2019-06-15 14:45:46,686 INFO  ipc.CallQueueManager (CallQueueManager.java:<init>(84)) - Using callQueue: class java.util.concurrent.LinkedBlockingQueue, queueCapacity: 2000, scheduler: class org.apache.hadoop.ipc.DefaultRpcScheduler, ipcBackoff: false.
2019-06-15 14:45:46,686 INFO  ipc.Server (Server.java:run(1074)) - Starting Socket Reader #1 for port 42211
2019-06-15 14:45:46,688 INFO  ipc.CallQueueManager (CallQueueManager.java:<init>(84)) - Using callQueue: class java.util.concurrent.LinkedBlockingQueue, queueCapacity: 2000, scheduler: class org.apache.hadoop.ipc.DefaultRpcScheduler, ipcBackoff: false.
2019-06-15 14:45:46,689 INFO  ipc.Server (Server.java:run(1074)) - Starting Socket Reader #1 for port 35843
2019-06-15 14:45:46,691 INFO  hdfs.DFSUtil (DFSUtil.java:httpServerTemplateForNNAndJN(1641)) - Starting Web-server for scm at: http://0.0.0.0:0
2019-06-15 14:45:46,692 INFO  server.AuthenticationFilter (AuthenticationFilter.java:constructSecretProvider(240)) - Unable to initialize FileSignerSecretProvider, falling back to use random secrets.
2019-06-15 14:45:46,692 WARN  http.HttpRequestLog (HttpRequestLog.java:getRequestLog(97)) - Jetty request log can only be enabled using Log4j
2019-06-15 14:45:46,693 INFO  http.HttpServer2 (HttpServer2.java:addGlobalFilter(975)) - Added global filter 'safety' (class=org.apache.hadoop.http.HttpServer2$QuotingInputFilter)
2019-06-15 14:45:46,693 INFO  http.HttpServer2 (HttpServer2.java:addFilter(948)) - Added filter static_user_filter (class=org.apache.hadoop.http.lib.StaticUserWebFilter$StaticUserFilter) to context scm
2019-06-15 14:45:46,693 INFO  http.HttpServer2 (HttpServer2.java:addFilter(958)) - Added filter static_user_filter (class=org.apache.hadoop.http.lib.StaticUserWebFilter$StaticUserFilter) to context static
2019-06-15 14:45:46,693 INFO  http.HttpServer2 (HttpServer2.java:addFilter(958)) - Added filter static_user_filter (class=org.apache.hadoop.http.lib.StaticUserWebFilter$StaticUserFilter) to context logs
2019-06-15 14:45:46,696 INFO  server.StorageContainerManager (StorageContainerManager.java:start(753)) - StorageContainerLocationProtocol RPC server is listening at /0.0.0.0:35843
2019-06-15 14:45:46,696 INFO  impl.MetricsSystemImpl (MetricsSystemImpl.java:init(158)) - StorageContainerManager metrics system started (again)
2019-06-15 14:45:46,696 INFO  server.SCMClientProtocolServer (SCMClientProtocolServer.java:start(149)) - RPC server for Client  is listening at /0.0.0.0:35843
2019-06-15 14:45:46,698 INFO  ipc.Server (Server.java:run(1314)) - IPC Server Responder: starting
2019-06-15 14:45:46,698 INFO  ipc.Server (Server.java:run(1153)) - IPC Server listener on 35843: starting
2019-06-15 14:45:46,701 INFO  server.StorageContainerManager (StorageContainerManager.java:start(762)) - ScmBlockLocationProtocol RPC server is listening at /0.0.0.0:42211
2019-06-15 14:45:46,701 INFO  server.SCMBlockProtocolServer (SCMBlockProtocolServer.java:start(137)) - RPC server for Block Protocol is listening at /0.0.0.0:42211
2019-06-15 14:45:46,701 INFO  ipc.Server (Server.java:run(1314)) - IPC Server Responder: starting
2019-06-15 14:45:46,701 INFO  ipc.Server (Server.java:run(1153)) - IPC Server listener on 42211: starting
2019-06-15 14:45:46,705 INFO  server.StorageContainerManager (StorageContainerManager.java:start(766)) - ScmDatanodeProtocl RPC server is listening at /0.0.0.0:41877
2019-06-15 14:45:46,706 INFO  server.SCMDatanodeProtocolServer (SCMDatanodeProtocolServer.java:start(191)) - RPC server for DataNodes is listening at /0.0.0.0:41877
2019-06-15 14:45:46,706 INFO  ipc.Server (Server.java:run(1314)) - IPC Server Responder: starting
2019-06-15 14:45:46,706 INFO  ipc.Server (Server.java:run(1153)) - IPC Server listener on 41877: starting
2019-06-15 14:45:46,708 INFO  http.HttpServer2 (HttpServer2.java:bindListener(1191)) - Jetty bound to port 35671
2019-06-15 14:45:46,708 INFO  server.Server (Server.java:doStart(351)) - jetty-9.3.24.v20180605, build timestamp: 2018-06-05T17:11:56Z, git hash: 84205aa28f11a4f31f2a3b86d1bba2cc8ab69827
2019-06-15 14:45:46,711 INFO  handler.ContextHandler (ContextHandler.java:doStart(781)) - Started o.e.j.s.ServletContextHandler@7d43c89f{/logs,file:///opt/src/hadoop-ozone/integration-test/target/log,AVAILABLE}
2019-06-15 14:45:46,712 INFO  handler.ContextHandler (ContextHandler.java:doStart(781)) - Started o.e.j.s.ServletContextHandler@67201eeb{/static,file:///opt/src/hadoop-ozone/integration-test/target/test-classes/webapps/static,AVAILABLE}
2019-06-15 14:45:46,715 INFO  handler.ContextHandler (ContextHandler.java:doStart(781)) - Started o.e.j.w.WebAppContext@25bd68ea{/,file:///opt/src/hadoop-ozone/integration-test/target/test-classes/webapps/scm/,AVAILABLE}{/scm}
2019-06-15 14:45:46,715 INFO  server.AbstractConnector (AbstractConnector.java:doStart(278)) - Started ServerConnector@7915111a{HTTP/1.1,[http/1.1]}{0.0.0.0:35671}
2019-06-15 14:45:46,715 INFO  server.Server (Server.java:doStart(419)) - Started @75268ms
2019-06-15 14:45:46,716 INFO  server.BaseHttpServer (BaseHttpServer.java:updateConnectorAddress(207)) - HTTP server of SCM is listening at http://0.0.0.0:35671
2019-06-15 14:45:46,720 WARN  scm.ScmUtils (ScmUtils.java:getDBPath(63)) - ozone.om.db.dirs is not configured. We recommend adding this setting. Falling back to ozone.metadata.dirs instead.
2019-06-15 14:45:46,720 INFO  util.JvmPauseMonitor (JvmPauseMonitor.java:run(188)) - Starting JVM pause monitor
2019-06-15 14:45:46,722 WARN  scm.ScmUtils (ScmUtils.java:getDBPath(63)) - ozone.om.db.dirs is not configured. We recommend adding this setting. Falling back to ozone.metadata.dirs instead.
2019-06-15 14:45:46,722 INFO  om.OzoneManager (OzoneManager.java:setOMNodeDetails(532)) - OM Service ID is not set. Setting it to the default ID: omServiceIdDefault
2019-06-15 14:45:46,722 INFO  om.OzoneManager (OzoneManager.java:setOMNodeDetails(538)) - OM Node ID is not set. Setting it to the OmStorage's OmID: c8b88076-b163-49f3-a0a9-78195bcdec45
2019-06-15 14:45:46,723 WARN  scm.HddsServerUtil (HddsServerUtil.java:getDefaultRatisDirectory(354)) - Storage directory for Ratis is not configured. It is a good idea to map this to an SSD disk. Falling back to ozone.metadata.dirs
2019-06-15 14:45:46,723 WARN  scm.HddsServerUtil (HddsServerUtil.java:getDefaultRatisDirectory(354)) - Storage directory for Ratis is not configured. It is a good idea to map this to an SSD disk. Falling back to ozone.metadata.dirs
2019-06-15 14:45:46,723 INFO  om.OzoneManager (OzoneManager.java:loadOMHAConfigs(489)) - Found matching OM address with OMServiceId: null, OMNodeId: null, RPC Address: localhost:0 and Ratis port: 9872
2019-06-15 14:45:46,729 WARN  scm.ScmUtils (ScmUtils.java:getDBPath(63)) - ozone.om.db.dirs is not configured. We recommend adding this setting. Falling back to ozone.metadata.dirs instead.
2019-06-15 14:45:46,729 INFO  db.DBStoreBuilder (DBStoreBuilder.java:addTable(110)) - using custom profile for table: userTable
2019-06-15 14:45:46,730 INFO  db.DBStoreBuilder (DBStoreBuilder.java:processTables(161)) - Using default column profile:DBProfile.DISK for Table:userTable
2019-06-15 14:45:46,730 INFO  db.DBStoreBuilder (DBStoreBuilder.java:addTable(110)) - using custom profile for table: volumeTable
2019-06-15 14:45:46,730 INFO  db.DBStoreBuilder (DBStoreBuilder.java:processTables(161)) - Using default column profile:DBProfile.DISK for Table:volumeTable
2019-06-15 14:45:46,730 INFO  db.DBStoreBuilder (DBStoreBuilder.java:addTable(110)) - using custom profile for table: bucketTable
2019-06-15 14:45:46,730 INFO  db.DBStoreBuilder (DBStoreBuilder.java:processTables(161)) - Using default column profile:DBProfile.DISK for Table:bucketTable
2019-06-15 14:45:46,731 INFO  db.DBStoreBuilder (DBStoreBuilder.java:addTable(110)) - using custom profile for table: keyTable
2019-06-15 14:45:46,731 INFO  db.DBStoreBuilder (DBStoreBuilder.java:processTables(161)) - Using default column profile:DBProfile.DISK for Table:keyTable
2019-06-15 14:45:46,731 INFO  db.DBStoreBuilder (DBStoreBuilder.java:addTable(110)) - using custom profile for table: deletedTable
2019-06-15 14:45:46,731 INFO  db.DBStoreBuilder (DBStoreBuilder.java:processTables(161)) - Using default column profile:DBProfile.DISK for Table:deletedTable
2019-06-15 14:45:46,732 INFO  db.DBStoreBuilder (DBStoreBuilder.java:addTable(110)) - using custom profile for table: openKeyTable
2019-06-15 14:45:46,732 INFO  db.DBStoreBuilder (DBStoreBuilder.java:processTables(161)) - Using default column profile:DBProfile.DISK for Table:openKeyTable
2019-06-15 14:45:46,732 INFO  db.DBStoreBuilder (DBStoreBuilder.java:addTable(110)) - using custom profile for table: s3Table
2019-06-15 14:45:46,732 INFO  db.DBStoreBuilder (DBStoreBuilder.java:processTables(161)) - Using default column profile:DBProfile.DISK for Table:s3Table
2019-06-15 14:45:46,732 INFO  db.DBStoreBuilder (DBStoreBuilder.java:addTable(110)) - using custom profile for table: multipartInfoTable
2019-06-15 14:45:46,732 INFO  db.DBStoreBuilder (DBStoreBuilder.java:processTables(161)) - Using default column profile:DBProfile.DISK for Table:multipartInfoTable
2019-06-15 14:45:46,733 INFO  db.DBStoreBuilder (DBStoreBuilder.java:addTable(110)) - using custom profile for table: dTokenTable
2019-06-15 14:45:46,733 INFO  db.DBStoreBuilder (DBStoreBuilder.java:processTables(161)) - Using default column profile:DBProfile.DISK for Table:dTokenTable
2019-06-15 14:45:46,733 INFO  db.DBStoreBuilder (DBStoreBuilder.java:addTable(110)) - using custom profile for table: s3SecretTable
2019-06-15 14:45:46,733 INFO  db.DBStoreBuilder (DBStoreBuilder.java:processTables(161)) - Using default column profile:DBProfile.DISK for Table:s3SecretTable
2019-06-15 14:45:46,733 INFO  db.DBStoreBuilder (DBStoreBuilder.java:addTable(110)) - using custom profile for table: prefixTable
2019-06-15 14:45:46,734 INFO  db.DBStoreBuilder (DBStoreBuilder.java:processTables(161)) - Using default column profile:DBProfile.DISK for Table:prefixTable
2019-06-15 14:45:46,734 INFO  db.DBStoreBuilder (DBStoreBuilder.java:addTable(110)) - using custom profile for table: default
2019-06-15 14:45:46,734 INFO  db.DBStoreBuilder (DBStoreBuilder.java:processTables(167)) - Using default column profile:DBProfile.DISK for Table:default
2019-06-15 14:45:46,734 INFO  db.DBStoreBuilder (DBStoreBuilder.java:getDbProfile(198)) - Using default options. DBProfile.DISK
2019-06-15 14:45:46,862 INFO  ipc.CallQueueManager (CallQueueManager.java:<init>(84)) - Using callQueue: class java.util.concurrent.LinkedBlockingQueue, queueCapacity: 2000, scheduler: class org.apache.hadoop.ipc.DefaultRpcScheduler, ipcBackoff: false.
2019-06-15 14:45:46,863 INFO  ipc.Server (Server.java:run(1074)) - Starting Socket Reader #1 for port 37349
2019-06-15 14:45:46,874 WARN  scm.ScmUtils (ScmUtils.java:getDBPath(63)) - ozone.om.db.dirs is not configured. We recommend adding this setting. Falling back to ozone.metadata.dirs instead.
2019-06-15 14:45:46,875 INFO  om.OzoneManager (OzoneManager.java:start(1230)) - OzoneManager RPC server is listening at localhost/127.0.0.1:37349
2019-06-15 14:45:46,875 INFO  impl.MetricsSystemImpl (MetricsSystemImpl.java:init(158)) - OzoneManager metrics system started (again)
2019-06-15 14:45:46,875 INFO  ipc.Server (Server.java:run(1314)) - IPC Server Responder: starting
2019-06-15 14:45:46,875 INFO  ipc.Server (Server.java:run(1153)) - IPC Server listener on 37349: starting
2019-06-15 14:45:46,883 INFO  hdfs.DFSUtil (DFSUtil.java:httpServerTemplateForNNAndJN(1641)) - Starting Web-server for ozoneManager at: http://0.0.0.0:0
2019-06-15 14:45:46,884 INFO  server.AuthenticationFilter (AuthenticationFilter.java:constructSecretProvider(240)) - Unable to initialize FileSignerSecretProvider, falling back to use random secrets.
2019-06-15 14:45:46,884 WARN  http.HttpRequestLog (HttpRequestLog.java:getRequestLog(97)) - Jetty request log can only be enabled using Log4j
2019-06-15 14:45:46,886 INFO  http.HttpServer2 (HttpServer2.java:addGlobalFilter(975)) - Added global filter 'safety' (class=org.apache.hadoop.http.HttpServer2$QuotingInputFilter)
2019-06-15 14:45:46,886 INFO  http.HttpServer2 (HttpServer2.java:addFilter(948)) - Added filter static_user_filter (class=org.apache.hadoop.http.lib.StaticUserWebFilter$StaticUserFilter) to context ozoneManager
2019-06-15 14:45:46,886 INFO  http.HttpServer2 (HttpServer2.java:addFilter(958)) - Added filter static_user_filter (class=org.apache.hadoop.http.lib.StaticUserWebFilter$StaticUserFilter) to context static
2019-06-15 14:45:46,886 INFO  http.HttpServer2 (HttpServer2.java:addFilter(958)) - Added filter static_user_filter (class=org.apache.hadoop.http.lib.StaticUserWebFilter$StaticUserFilter) to context logs
2019-06-15 14:45:46,887 INFO  http.HttpServer2 (HttpServer2.java:bindListener(1191)) - Jetty bound to port 44035
2019-06-15 14:45:46,887 INFO  server.Server (Server.java:doStart(351)) - jetty-9.3.24.v20180605, build timestamp: 2018-06-05T17:11:56Z, git hash: 84205aa28f11a4f31f2a3b86d1bba2cc8ab69827
2019-06-15 14:45:46,888 INFO  handler.ContextHandler (ContextHandler.java:doStart(781)) - Started o.e.j.s.ServletContextHandler@7859fc7{/logs,file:///opt/src/hadoop-ozone/integration-test/target/log,AVAILABLE}
2019-06-15 14:45:46,891 INFO  handler.ContextHandler (ContextHandler.java:doStart(781)) - Started o.e.j.s.ServletContextHandler@10ab976b{/static,file:///opt/src/hadoop-ozone/integration-test/target/test-classes/webapps/static,AVAILABLE}
2019-06-15 14:45:46,893 INFO  handler.ContextHandler (ContextHandler.java:doStart(781)) - Started o.e.j.w.WebAppContext@18876fa9{/,file:///opt/src/hadoop-ozone/integration-test/target/test-classes/webapps/ozoneManager/,AVAILABLE}{/ozoneManager}
2019-06-15 14:45:46,893 INFO  server.AbstractConnector (AbstractConnector.java:doStart(278)) - Started ServerConnector@5a110e7d{HTTP/1.1,[http/1.1]}{0.0.0.0:44035}
2019-06-15 14:45:46,894 INFO  server.Server (Server.java:doStart(419)) - Started @75447ms
2019-06-15 14:45:46,895 INFO  server.BaseHttpServer (BaseHttpServer.java:updateConnectorAddress(207)) - HTTP server of OZONEMANAGER is listening at http://0.0.0.0:44035
2019-06-15 14:45:46,901 INFO  impl.MetricsSystemImpl (MetricsSystemImpl.java:init(158)) - HddsDatanode metrics system started (again)
2019-06-15 14:45:46,901 INFO  ozone.HddsDatanodeService (HddsDatanodeService.java:start(185)) - HddsDatanodeService host:ozone-unit-076618677d3-4xtgz-810526965 ip:192.168.11.227
2019-06-15 14:45:46,906 INFO  volume.HddsVolume (HddsVolume.java:<init>(176)) - Creating Volume: /opt/src/hadoop-ozone/integration-test/target/test-dir/MiniOzoneClusterImpl-95d9c4c0-945b-4a99-8fe3-81641a0eec15/datanode-0/data/containers/hdds of  storage type : DISK and capacity : 104021790720
2019-06-15 14:45:46,907 INFO  volume.VolumeSet (VolumeSet.java:initializeVolumeSet(170)) - Added Volume : /opt/src/hadoop-ozone/integration-test/target/test-dir/MiniOzoneClusterImpl-95d9c4c0-945b-4a99-8fe3-81641a0eec15/datanode-0/data/containers/hdds to VolumeSet
2019-06-15 14:45:46,907 INFO  volume.ThrottledAsyncChecker (ThrottledAsyncChecker.java:schedule(140)) - Scheduling a check for org.apache.hadoop.ozone.container.common.volume.HddsVolume@1609ed55
2019-06-15 14:45:46,907 INFO  volume.HddsVolumeChecker (HddsVolumeChecker.java:checkAllVolumes(203)) - Scheduled health check for volume org.apache.hadoop.ozone.container.common.volume.HddsVolume@1609ed55
2019-06-15 14:45:46,914 INFO  ratis.XceiverServerRatis (XceiverServerRatis.java:newXceiverServerRatis(401)) - Found a free port for the server : 33055
2019-06-15 14:45:46,915 INFO  impl.RaftServerProxy (ConfUtils.java:logGet(43)) - raft.rpc.type = GRPC (default)
2019-06-15 14:45:46,915 INFO  grpc.GrpcConfigKeys$Server (ConfUtils.java:logGet(43)) - raft.grpc.server.port = 33055 (custom)
2019-06-15 14:45:46,916 INFO  server.GrpcService (ConfUtils.java:logGet(43)) - raft.grpc.message.size.max = 33570816 (custom)
2019-06-15 14:45:46,916 INFO  server.RaftServerConfigKeys (ConfUtils.java:logGet(43)) - raft.server.log.appender.buffer.byte-limit = 33554432 (custom)
2019-06-15 14:45:46,916 INFO  server.GrpcService (ConfUtils.java:logGet(43)) - raft.grpc.flow.control.window = 1MB (=1048576) (default)
2019-06-15 14:45:46,916 INFO  server.RaftServerConfigKeys (ConfUtils.java:logGet(43)) - raft.server.rpc.request.timeout = 3000ms (default)
2019-06-15 14:45:46,916 INFO  server.RaftServerConfigKeys (ConfUtils.java:logGet(43)) - raft.server.storage.dir = [/opt/src/hadoop-ozone/integration-test/target/test-dir/MiniOzoneClusterImpl-95d9c4c0-945b-4a99-8fe3-81641a0eec15/datanode-0/data/ratis] (custom)
2019-06-15 14:45:46,917 INFO  server.XceiverServerGrpc (XceiverServerGrpc.java:<init>(97)) - Found a free port for the server : 45713
2019-06-15 14:45:46,917 INFO  replication.SimpleContainerDownloader (SimpleContainerDownloader.java:<init>(72)) - Starting container downloader service to copy containers to replicate.
2019-06-15 14:45:46,918 INFO  hdfs.DFSUtil (DFSUtil.java:httpServerTemplateForNNAndJN(1641)) - Starting Web-server for hddsDatanode at: http://0.0.0.0:0
2019-06-15 14:45:46,918 INFO  server.AuthenticationFilter (AuthenticationFilter.java:constructSecretProvider(240)) - Unable to initialize FileSignerSecretProvider, falling back to use random secrets.
2019-06-15 14:45:46,919 WARN  http.HttpRequestLog (HttpRequestLog.java:getRequestLog(97)) - Jetty request log can only be enabled using Log4j
2019-06-15 14:45:46,920 INFO  http.HttpServer2 (HttpServer2.java:addGlobalFilter(975)) - Added global filter 'safety' (class=org.apache.hadoop.http.HttpServer2$QuotingInputFilter)
2019-06-15 14:45:46,920 INFO  http.HttpServer2 (HttpServer2.java:addFilter(948)) - Added filter static_user_filter (class=org.apache.hadoop.http.lib.StaticUserWebFilter$StaticUserFilter) to context hddsDatanode
2019-06-15 14:45:46,920 INFO  http.HttpServer2 (HttpServer2.java:addFilter(958)) - Added filter static_user_filter (class=org.apache.hadoop.http.lib.StaticUserWebFilter$StaticUserFilter) to context static
2019-06-15 14:45:46,921 INFO  http.HttpServer2 (HttpServer2.java:addFilter(958)) - Added filter static_user_filter (class=org.apache.hadoop.http.lib.StaticUserWebFilter$StaticUserFilter) to context logs
2019-06-15 14:45:46,921 INFO  http.HttpServer2 (HttpServer2.java:bindListener(1191)) - Jetty bound to port 39993
2019-06-15 14:45:46,921 INFO  server.Server (Server.java:doStart(351)) - jetty-9.3.24.v20180605, build timestamp: 2018-06-05T17:11:56Z, git hash: 84205aa28f11a4f31f2a3b86d1bba2cc8ab69827
2019-06-15 14:45:46,923 INFO  handler.ContextHandler (ContextHandler.java:doStart(781)) - Started o.e.j.s.ServletContextHandler@696a6506{/logs,file:///opt/src/hadoop-ozone/integration-test/target/log,AVAILABLE}
2019-06-15 14:45:46,923 INFO  handler.ContextHandler (ContextHandler.java:doStart(781)) - Started o.e.j.s.ServletContextHandler@2cbd855e{/static,jar:file:/home/user/.m2/repository/org/apache/hadoop/hadoop-hdds-container-service/0.5.0-SNAPSHOT/hadoop-hdds-container-service-0.5.0-SNAPSHOT.jar!/webapps/static,AVAILABLE}
2019-06-15 14:45:46,943 INFO  handler.ContextHandler (ContextHandler.java:doStart(781)) - Started o.e.j.w.WebAppContext@22db12f6{/,file:///tmp/jetty-0.0.0.0-39993-hddsDatanode-_-any-2007289457340602133.dir/webapp/,AVAILABLE}{/hddsDatanode}
2019-06-15 14:45:46,943 INFO  server.AbstractConnector (AbstractConnector.java:doStart(278)) - Started ServerConnector@68e6856c{HTTP/1.1,[http/1.1]}{0.0.0.0:39993}
2019-06-15 14:45:46,944 INFO  server.Server (Server.java:doStart(419)) - Started @75497ms
2019-06-15 14:45:46,945 INFO  server.BaseHttpServer (BaseHttpServer.java:updateConnectorAddress(207)) - HTTP server of HDDSDATANODE is listening at http://0.0.0.0:39993
2019-06-15 14:45:47,014 INFO  ozone.HddsDatanodeService (HddsDatanodeService.java:startPlugins(396)) - Started plug-in org.apache.hadoop.ozone.web.OzoneHddsDatanodeService@19412eef
2019-06-15 14:45:47,015 INFO  impl.MetricsSystemImpl (MetricsSystemImpl.java:init(158)) - HddsDatanode metrics system started (again)
2019-06-15 14:45:47,015 INFO  ozone.HddsDatanodeService (HddsDatanodeService.java:start(185)) - HddsDatanodeService host:ozone-unit-076618677d3-4xtgz-810526965 ip:192.168.11.227
2019-06-15 14:45:47,016 INFO  util.JvmPauseMonitor (JvmPauseMonitor.java:run(188)) - Starting JVM pause monitor
2019-06-15 14:45:47,017 INFO  datanode.InitDatanodeState (InitDatanodeState.java:persistContainerDatanodeDetails(140)) - DatanodeDetails is persisted to /opt/src/hadoop-ozone/integration-test/target/test-dir/MiniOzoneClusterImpl-95d9c4c0-945b-4a99-8fe3-81641a0eec15/datanode-0/meta/datanode.id
2019-06-15 14:45:47,021 INFO  volume.HddsVolume (HddsVolume.java:<init>(176)) - Creating Volume: /opt/src/hadoop-ozone/integration-test/target/test-dir/MiniOzoneClusterImpl-95d9c4c0-945b-4a99-8fe3-81641a0eec15/datanode-1/data/containers/hdds of  storage type : DISK and capacity : 104021790720
2019-06-15 14:45:47,021 INFO  volume.VolumeSet (VolumeSet.java:initializeVolumeSet(170)) - Added Volume : /opt/src/hadoop-ozone/integration-test/target/test-dir/MiniOzoneClusterImpl-95d9c4c0-945b-4a99-8fe3-81641a0eec15/datanode-1/data/containers/hdds to VolumeSet
2019-06-15 14:45:47,021 INFO  volume.ThrottledAsyncChecker (ThrottledAsyncChecker.java:schedule(140)) - Scheduling a check for org.apache.hadoop.ozone.container.common.volume.HddsVolume@6421e9e7
2019-06-15 14:45:47,021 INFO  volume.HddsVolumeChecker (HddsVolumeChecker.java:checkAllVolumes(203)) - Scheduled health check for volume org.apache.hadoop.ozone.container.common.volume.HddsVolume@6421e9e7
2019-06-15 14:45:47,028 INFO  ratis.XceiverServerRatis (XceiverServerRatis.java:newXceiverServerRatis(401)) - Found a free port for the server : 40847
2019-06-15 14:45:47,029 INFO  impl.RaftServerProxy (ConfUtils.java:logGet(43)) - raft.rpc.type = GRPC (default)
2019-06-15 14:45:47,030 INFO  grpc.GrpcConfigKeys$Server (ConfUtils.java:logGet(43)) - raft.grpc.server.port = 40847 (custom)
2019-06-15 14:45:47,030 INFO  server.GrpcService (ConfUtils.java:logGet(43)) - raft.grpc.message.size.max = 33570816 (custom)
2019-06-15 14:45:47,030 INFO  server.RaftServerConfigKeys (ConfUtils.java:logGet(43)) - raft.server.log.appender.buffer.byte-limit = 33554432 (custom)
2019-06-15 14:45:47,030 INFO  server.GrpcService (ConfUtils.java:logGet(43)) - raft.grpc.flow.control.window = 1MB (=1048576) (default)
2019-06-15 14:45:47,030 INFO  server.RaftServerConfigKeys (ConfUtils.java:logGet(43)) - raft.server.rpc.request.timeout = 3000ms (default)
2019-06-15 14:45:47,030 INFO  server.RaftServerConfigKeys (ConfUtils.java:logGet(43)) - raft.server.storage.dir = [/opt/src/hadoop-ozone/integration-test/target/test-dir/MiniOzoneClusterImpl-95d9c4c0-945b-4a99-8fe3-81641a0eec15/datanode-1/data/ratis] (custom)
2019-06-15 14:45:47,031 INFO  server.XceiverServerGrpc (XceiverServerGrpc.java:<init>(97)) - Found a free port for the server : 40233
2019-06-15 14:45:47,031 INFO  replication.SimpleContainerDownloader (SimpleContainerDownloader.java:<init>(72)) - Starting container downloader service to copy containers to replicate.
2019-06-15 14:45:47,032 INFO  hdfs.DFSUtil (DFSUtil.java:httpServerTemplateForNNAndJN(1641)) - Starting Web-server for hddsDatanode at: http://0.0.0.0:0
2019-06-15 14:45:47,032 INFO  server.AuthenticationFilter (AuthenticationFilter.java:constructSecretProvider(240)) - Unable to initialize FileSignerSecretProvider, falling back to use random secrets.
2019-06-15 14:45:47,033 WARN  http.HttpRequestLog (HttpRequestLog.java:getRequestLog(97)) - Jetty request log can only be enabled using Log4j
2019-06-15 14:45:47,033 INFO  http.HttpServer2 (HttpServer2.java:addGlobalFilter(975)) - Added global filter 'safety' (class=org.apache.hadoop.http.HttpServer2$QuotingInputFilter)
2019-06-15 14:45:47,034 INFO  http.HttpServer2 (HttpServer2.java:addFilter(948)) - Added filter static_user_filter (class=org.apache.hadoop.http.lib.StaticUserWebFilter$StaticUserFilter) to context hddsDatanode
2019-06-15 14:45:47,034 INFO  http.HttpServer2 (HttpServer2.java:addFilter(958)) - Added filter static_user_filter (class=org.apache.hadoop.http.lib.StaticUserWebFilter$StaticUserFilter) to context static
2019-06-15 14:45:47,034 INFO  http.HttpServer2 (HttpServer2.java:addFilter(958)) - Added filter static_user_filter (class=org.apache.hadoop.http.lib.StaticUserWebFilter$StaticUserFilter) to context logs
2019-06-15 14:45:47,035 INFO  http.HttpServer2 (HttpServer2.java:bindListener(1191)) - Jetty bound to port 35303
2019-06-15 14:45:47,035 INFO  server.Server (Server.java:doStart(351)) - jetty-9.3.24.v20180605, build timestamp: 2018-06-05T17:11:56Z, git hash: 84205aa28f11a4f31f2a3b86d1bba2cc8ab69827
2019-06-15 14:45:47,036 INFO  handler.ContextHandler (ContextHandler.java:doStart(781)) - Started o.e.j.s.ServletContextHandler@38447073{/logs,file:///opt/src/hadoop-ozone/integration-test/target/log,AVAILABLE}
2019-06-15 14:45:47,036 INFO  handler.ContextHandler (ContextHandler.java:doStart(781)) - Started o.e.j.s.ServletContextHandler@6b9b9cb9{/static,jar:file:/home/user/.m2/repository/org/apache/hadoop/hadoop-hdds-container-service/0.5.0-SNAPSHOT/hadoop-hdds-container-service-0.5.0-SNAPSHOT.jar!/webapps/static,AVAILABLE}
2019-06-15 14:45:47,057 INFO  handler.ContextHandler (ContextHandler.java:doStart(781)) - Started o.e.j.w.WebAppContext@18a349cb{/,file:///tmp/jetty-0.0.0.0-35303-hddsDatanode-_-any-861706634202149353.dir/webapp/,AVAILABLE}{/hddsDatanode}
2019-06-15 14:45:47,057 INFO  server.AbstractConnector (AbstractConnector.java:doStart(278)) - Started ServerConnector@ea3491d{HTTP/1.1,[http/1.1]}{0.0.0.0:35303}
2019-06-15 14:45:47,058 INFO  server.Server (Server.java:doStart(419)) - Started @75611ms
2019-06-15 14:45:47,059 INFO  server.BaseHttpServer (BaseHttpServer.java:updateConnectorAddress(207)) - HTTP server of HDDSDATANODE is listening at http://0.0.0.0:35303
2019-06-15 14:45:47,128 INFO  ozone.HddsDatanodeService (HddsDatanodeService.java:startPlugins(396)) - Started plug-in org.apache.hadoop.ozone.web.OzoneHddsDatanodeService@3bd5dff5
2019-06-15 14:45:47,132 INFO  impl.MetricsSystemImpl (MetricsSystemImpl.java:init(158)) - HddsDatanode metrics system started (again)
2019-06-15 14:45:47,132 INFO  ozone.HddsDatanodeService (HddsDatanodeService.java:start(185)) - HddsDatanodeService host:ozone-unit-076618677d3-4xtgz-810526965 ip:192.168.11.227
2019-06-15 14:45:47,133 INFO  util.JvmPauseMonitor (JvmPauseMonitor.java:run(188)) - Starting JVM pause monitor
2019-06-15 14:45:47,134 INFO  datanode.InitDatanodeState (InitDatanodeState.java:persistContainerDatanodeDetails(140)) - DatanodeDetails is persisted to /opt/src/hadoop-ozone/integration-test/target/test-dir/MiniOzoneClusterImpl-95d9c4c0-945b-4a99-8fe3-81641a0eec15/datanode-1/meta/datanode.id
2019-06-15 14:45:47,140 INFO  volume.HddsVolume (HddsVolume.java:<init>(176)) - Creating Volume: /opt/src/hadoop-ozone/integration-test/target/test-dir/MiniOzoneClusterImpl-95d9c4c0-945b-4a99-8fe3-81641a0eec15/datanode-2/data/containers/hdds of  storage type : DISK and capacity : 104021790720
2019-06-15 14:45:47,141 INFO  volume.VolumeSet (VolumeSet.java:initializeVolumeSet(170)) - Added Volume : /opt/src/hadoop-ozone/integration-test/target/test-dir/MiniOzoneClusterImpl-95d9c4c0-945b-4a99-8fe3-81641a0eec15/datanode-2/data/containers/hdds to VolumeSet
2019-06-15 14:45:47,141 INFO  volume.ThrottledAsyncChecker (ThrottledAsyncChecker.java:schedule(140)) - Scheduling a check for org.apache.hadoop.ozone.container.common.volume.HddsVolume@2be83e7e
2019-06-15 14:45:47,143 INFO  volume.HddsVolumeChecker (HddsVolumeChecker.java:checkAllVolumes(203)) - Scheduled health check for volume org.apache.hadoop.ozone.container.common.volume.HddsVolume@2be83e7e
2019-06-15 14:45:47,150 INFO  ratis.XceiverServerRatis (XceiverServerRatis.java:newXceiverServerRatis(401)) - Found a free port for the server : 33191
2019-06-15 14:45:47,151 INFO  impl.RaftServerProxy (ConfUtils.java:logGet(43)) - raft.rpc.type = GRPC (default)
2019-06-15 14:45:47,152 INFO  grpc.GrpcConfigKeys$Server (ConfUtils.java:logGet(43)) - raft.grpc.server.port = 33191 (custom)
2019-06-15 14:45:47,152 INFO  server.GrpcService (ConfUtils.java:logGet(43)) - raft.grpc.message.size.max = 33570816 (custom)
2019-06-15 14:45:47,152 INFO  server.RaftServerConfigKeys (ConfUtils.java:logGet(43)) - raft.server.log.appender.buffer.byte-limit = 33554432 (custom)
2019-06-15 14:45:47,152 INFO  server.GrpcService (ConfUtils.java:logGet(43)) - raft.grpc.flow.control.window = 1MB (=1048576) (default)
2019-06-15 14:45:47,152 INFO  server.RaftServerConfigKeys (ConfUtils.java:logGet(43)) - raft.server.rpc.request.timeout = 3000ms (default)
2019-06-15 14:45:47,152 INFO  server.RaftServerConfigKeys (ConfUtils.java:logGet(43)) - raft.server.storage.dir = [/opt/src/hadoop-ozone/integration-test/target/test-dir/MiniOzoneClusterImpl-95d9c4c0-945b-4a99-8fe3-81641a0eec15/datanode-2/data/ratis] (custom)
2019-06-15 14:45:47,153 INFO  server.XceiverServerGrpc (XceiverServerGrpc.java:<init>(97)) - Found a free port for the server : 39809
2019-06-15 14:45:47,153 INFO  replication.SimpleContainerDownloader (SimpleContainerDownloader.java:<init>(72)) - Starting container downloader service to copy containers to replicate.
2019-06-15 14:45:47,154 INFO  hdfs.DFSUtil (DFSUtil.java:httpServerTemplateForNNAndJN(1641)) - Starting Web-server for hddsDatanode at: http://0.0.0.0:0
2019-06-15 14:45:47,154 INFO  server.AuthenticationFilter (AuthenticationFilter.java:constructSecretProvider(240)) - Unable to initialize FileSignerSecretProvider, falling back to use random secrets.
2019-06-15 14:45:47,155 WARN  http.HttpRequestLog (HttpRequestLog.java:getRequestLog(97)) - Jetty request log can only be enabled using Log4j
2019-06-15 14:45:47,156 INFO  http.HttpServer2 (HttpServer2.java:addGlobalFilter(975)) - Added global filter 'safety' (class=org.apache.hadoop.http.HttpServer2$QuotingInputFilter)
2019-06-15 14:45:47,156 INFO  http.HttpServer2 (HttpServer2.java:addFilter(948)) - Added filter static_user_filter (class=org.apache.hadoop.http.lib.StaticUserWebFilter$StaticUserFilter) to context hddsDatanode
2019-06-15 14:45:47,156 INFO  http.HttpServer2 (HttpServer2.java:addFilter(958)) - Added filter static_user_filter (class=org.apache.hadoop.http.lib.StaticUserWebFilter$StaticUserFilter) to context static
2019-06-15 14:45:47,156 INFO  http.HttpServer2 (HttpServer2.java:addFilter(958)) - Added filter static_user_filter (class=org.apache.hadoop.http.lib.StaticUserWebFilter$StaticUserFilter) to context logs
2019-06-15 14:45:47,157 INFO  http.HttpServer2 (HttpServer2.java:bindListener(1191)) - Jetty bound to port 41797
2019-06-15 14:45:47,157 INFO  server.Server (Server.java:doStart(351)) - jetty-9.3.24.v20180605, build timestamp: 2018-06-05T17:11:56Z, git hash: 84205aa28f11a4f31f2a3b86d1bba2cc8ab69827
2019-06-15 14:45:47,165 INFO  handler.ContextHandler (ContextHandler.java:doStart(781)) - Started o.e.j.s.ServletContextHandler@11c372e9{/logs,file:///opt/src/hadoop-ozone/integration-test/target/log,AVAILABLE}
2019-06-15 14:45:47,167 INFO  handler.ContextHandler (ContextHandler.java:doStart(781)) - Started o.e.j.s.ServletContextHandler@73418044{/static,jar:file:/home/user/.m2/repository/org/apache/hadoop/hadoop-hdds-container-service/0.5.0-SNAPSHOT/hadoop-hdds-container-service-0.5.0-SNAPSHOT.jar!/webapps/static,AVAILABLE}
2019-06-15 14:45:47,188 INFO  handler.ContextHandler (ContextHandler.java:doStart(781)) - Started o.e.j.w.WebAppContext@452ea8f0{/,file:///tmp/jetty-0.0.0.0-41797-hddsDatanode-_-any-7911640749547831233.dir/webapp/,AVAILABLE}{/hddsDatanode}
2019-06-15 14:45:47,189 INFO  server.AbstractConnector (AbstractConnector.java:doStart(278)) - Started ServerConnector@e417628{HTTP/1.1,[http/1.1]}{0.0.0.0:41797}
2019-06-15 14:45:47,190 INFO  server.Server (Server.java:doStart(419)) - Started @75743ms
2019-06-15 14:45:47,191 INFO  server.BaseHttpServer (BaseHttpServer.java:updateConnectorAddress(207)) - HTTP server of HDDSDATANODE is listening at http://0.0.0.0:41797
2019-06-15 14:45:47,271 INFO  ozone.HddsDatanodeService (HddsDatanodeService.java:startPlugins(396)) - Started plug-in org.apache.hadoop.ozone.web.OzoneHddsDatanodeService@31e5d408
2019-06-15 14:45:47,271 INFO  impl.MetricsSystemImpl (MetricsSystemImpl.java:init(158)) - HddsDatanode metrics system started (again)
2019-06-15 14:45:47,271 INFO  ozone.HddsDatanodeService (HddsDatanodeService.java:start(185)) - HddsDatanodeService host:ozone-unit-076618677d3-4xtgz-810526965 ip:192.168.11.227
2019-06-15 14:45:47,275 INFO  util.JvmPauseMonitor (JvmPauseMonitor.java:run(188)) - Starting JVM pause monitor
2019-06-15 14:45:47,275 INFO  datanode.InitDatanodeState (InitDatanodeState.java:persistContainerDatanodeDetails(140)) - DatanodeDetails is persisted to /opt/src/hadoop-ozone/integration-test/target/test-dir/MiniOzoneClusterImpl-95d9c4c0-945b-4a99-8fe3-81641a0eec15/datanode-2/meta/datanode.id
2019-06-15 14:45:47,280 INFO  volume.HddsVolume (HddsVolume.java:<init>(176)) - Creating Volume: /opt/src/hadoop-ozone/integration-test/target/test-dir/MiniOzoneClusterImpl-95d9c4c0-945b-4a99-8fe3-81641a0eec15/datanode-3/data/containers/hdds of  storage type : DISK and capacity : 104021790720
2019-06-15 14:45:47,280 INFO  volume.VolumeSet (VolumeSet.java:initializeVolumeSet(170)) - Added Volume : /opt/src/hadoop-ozone/integration-test/target/test-dir/MiniOzoneClusterImpl-95d9c4c0-945b-4a99-8fe3-81641a0eec15/datanode-3/data/containers/hdds to VolumeSet
2019-06-15 14:45:47,281 INFO  volume.ThrottledAsyncChecker (ThrottledAsyncChecker.java:schedule(140)) - Scheduling a check for org.apache.hadoop.ozone.container.common.volume.HddsVolume@51f412e6
2019-06-15 14:45:47,281 INFO  volume.HddsVolumeChecker (HddsVolumeChecker.java:checkAllVolumes(203)) - Scheduled health check for volume org.apache.hadoop.ozone.container.common.volume.HddsVolume@51f412e6
2019-06-15 14:45:47,289 INFO  ratis.XceiverServerRatis (XceiverServerRatis.java:newXceiverServerRatis(401)) - Found a free port for the server : 36245
2019-06-15 14:45:47,291 INFO  impl.RaftServerProxy (ConfUtils.java:logGet(43)) - raft.rpc.type = GRPC (default)
2019-06-15 14:45:47,291 INFO  grpc.GrpcConfigKeys$Server (ConfUtils.java:logGet(43)) - raft.grpc.server.port = 36245 (custom)
2019-06-15 14:45:47,291 INFO  server.GrpcService (ConfUtils.java:logGet(43)) - raft.grpc.message.size.max = 33570816 (custom)
2019-06-15 14:45:47,291 INFO  server.RaftServerConfigKeys (ConfUtils.java:logGet(43)) - raft.server.log.appender.buffer.byte-limit = 33554432 (custom)
2019-06-15 14:45:47,291 INFO  server.GrpcService (ConfUtils.java:logGet(43)) - raft.grpc.flow.control.window = 1MB (=1048576) (default)
2019-06-15 14:45:47,291 INFO  server.RaftServerConfigKeys (ConfUtils.java:logGet(43)) - raft.server.rpc.request.timeout = 3000ms (default)
2019-06-15 14:45:47,292 INFO  server.RaftServerConfigKeys (ConfUtils.java:logGet(43)) - raft.server.storage.dir = [/opt/src/hadoop-ozone/integration-test/target/test-dir/MiniOzoneClusterImpl-95d9c4c0-945b-4a99-8fe3-81641a0eec15/datanode-3/data/ratis] (custom)
2019-06-15 14:45:47,292 INFO  server.XceiverServerGrpc (XceiverServerGrpc.java:<init>(97)) - Found a free port for the server : 42565
2019-06-15 14:45:47,292 INFO  replication.SimpleContainerDownloader (SimpleContainerDownloader.java:<init>(72)) - Starting container downloader service to copy containers to replicate.
2019-06-15 14:45:47,293 INFO  hdfs.DFSUtil (DFSUtil.java:httpServerTemplateForNNAndJN(1641)) - Starting Web-server for hddsDatanode at: http://0.0.0.0:0
2019-06-15 14:45:47,294 INFO  server.AuthenticationFilter (AuthenticationFilter.java:constructSecretProvider(240)) - Unable to initialize FileSignerSecretProvider, falling back to use random secrets.
2019-06-15 14:45:47,295 WARN  http.HttpRequestLog (HttpRequestLog.java:getRequestLog(97)) - Jetty request log can only be enabled using Log4j
2019-06-15 14:45:47,295 INFO  http.HttpServer2 (HttpServer2.java:addGlobalFilter(975)) - Added global filter 'safety' (class=org.apache.hadoop.http.HttpServer2$QuotingInputFilter)
2019-06-15 14:45:47,296 INFO  http.HttpServer2 (HttpServer2.java:addFilter(948)) - Added filter static_user_filter (class=org.apache.hadoop.http.lib.StaticUserWebFilter$StaticUserFilter) to context hddsDatanode
2019-06-15 14:45:47,296 INFO  http.HttpServer2 (HttpServer2.java:addFilter(958)) - Added filter static_user_filter (class=org.apache.hadoop.http.lib.StaticUserWebFilter$StaticUserFilter) to context logs
2019-06-15 14:45:47,296 INFO  http.HttpServer2 (HttpServer2.java:addFilter(958)) - Added filter static_user_filter (class=org.apache.hadoop.http.lib.StaticUserWebFilter$StaticUserFilter) to context static
2019-06-15 14:45:47,296 INFO  http.HttpServer2 (HttpServer2.java:bindListener(1191)) - Jetty bound to port 45079
2019-06-15 14:45:47,296 INFO  server.Server (Server.java:doStart(351)) - jetty-9.3.24.v20180605, build timestamp: 2018-06-05T17:11:56Z, git hash: 84205aa28f11a4f31f2a3b86d1bba2cc8ab69827
2019-06-15 14:45:47,297 INFO  handler.ContextHandler (ContextHandler.java:doStart(781)) - Started o.e.j.s.ServletContextHandler@36b86248{/logs,file:///opt/src/hadoop-ozone/integration-test/target/log,AVAILABLE}
2019-06-15 14:45:47,298 INFO  handler.ContextHandler (ContextHandler.java:doStart(781)) - Started o.e.j.s.ServletContextHandler@45594dfe{/static,jar:file:/home/user/.m2/repository/org/apache/hadoop/hadoop-hdds-container-service/0.5.0-SNAPSHOT/hadoop-hdds-container-service-0.5.0-SNAPSHOT.jar!/webapps/static,AVAILABLE}
2019-06-15 14:45:47,319 INFO  handler.ContextHandler (ContextHandler.java:doStart(781)) - Started o.e.j.w.WebAppContext@508de524{/,file:///tmp/jetty-0.0.0.0-45079-hddsDatanode-_-any-6746909173855690307.dir/webapp/,AVAILABLE}{/hddsDatanode}
2019-06-15 14:45:47,319 INFO  server.AbstractConnector (AbstractConnector.java:doStart(278)) - Started ServerConnector@617d697{HTTP/1.1,[http/1.1]}{0.0.0.0:45079}
2019-06-15 14:45:47,321 INFO  server.Server (Server.java:doStart(419)) - Started @75874ms
2019-06-15 14:45:47,322 INFO  server.BaseHttpServer (BaseHttpServer.java:updateConnectorAddress(207)) - HTTP server of HDDSDATANODE is listening at http://0.0.0.0:45079
2019-06-15 14:45:47,399 INFO  ozone.HddsDatanodeService (HddsDatanodeService.java:startPlugins(396)) - Started plug-in org.apache.hadoop.ozone.web.OzoneHddsDatanodeService@2801ccb3
2019-06-15 14:45:47,400 INFO  impl.MetricsSystemImpl (MetricsSystemImpl.java:init(158)) - HddsDatanode metrics system started (again)
2019-06-15 14:45:47,400 INFO  ozone.HddsDatanodeService (HddsDatanodeService.java:start(185)) - HddsDatanodeService host:ozone-unit-076618677d3-4xtgz-810526965 ip:192.168.11.227
2019-06-15 14:45:47,401 INFO  util.JvmPauseMonitor (JvmPauseMonitor.java:run(188)) - Starting JVM pause monitor
2019-06-15 14:45:47,401 INFO  datanode.InitDatanodeState (InitDatanodeState.java:persistContainerDatanodeDetails(140)) - DatanodeDetails is persisted to /opt/src/hadoop-ozone/integration-test/target/test-dir/MiniOzoneClusterImpl-95d9c4c0-945b-4a99-8fe3-81641a0eec15/datanode-3/meta/datanode.id
2019-06-15 14:45:47,406 INFO  volume.HddsVolume (HddsVolume.java:<init>(176)) - Creating Volume: /opt/src/hadoop-ozone/integration-test/target/test-dir/MiniOzoneClusterImpl-95d9c4c0-945b-4a99-8fe3-81641a0eec15/datanode-4/data/containers/hdds of  storage type : DISK and capacity : 104021790720
2019-06-15 14:45:47,406 INFO  volume.VolumeSet (VolumeSet.java:initializeVolumeSet(170)) - Added Volume : /opt/src/hadoop-ozone/integration-test/target/test-dir/MiniOzoneClusterImpl-95d9c4c0-945b-4a99-8fe3-81641a0eec15/datanode-4/data/containers/hdds to VolumeSet
2019-06-15 14:45:47,406 INFO  volume.ThrottledAsyncChecker (ThrottledAsyncChecker.java:schedule(140)) - Scheduling a check for org.apache.hadoop.ozone.container.common.volume.HddsVolume@6426ad0b
2019-06-15 14:45:47,407 INFO  volume.HddsVolumeChecker (HddsVolumeChecker.java:checkAllVolumes(203)) - Scheduled health check for volume org.apache.hadoop.ozone.container.common.volume.HddsVolume@6426ad0b
2019-06-15 14:45:47,414 INFO  ratis.XceiverServerRatis (XceiverServerRatis.java:newXceiverServerRatis(401)) - Found a free port for the server : 37369
2019-06-15 14:45:47,416 INFO  impl.RaftServerProxy (ConfUtils.java:logGet(43)) - raft.rpc.type = GRPC (default)
2019-06-15 14:45:47,416 INFO  grpc.GrpcConfigKeys$Server (ConfUtils.java:logGet(43)) - raft.grpc.server.port = 37369 (custom)
2019-06-15 14:45:47,416 INFO  server.GrpcService (ConfUtils.java:logGet(43)) - raft.grpc.message.size.max = 33570816 (custom)
2019-06-15 14:45:47,416 INFO  server.RaftServerConfigKeys (ConfUtils.java:logGet(43)) - raft.server.log.appender.buffer.byte-limit = 33554432 (custom)
2019-06-15 14:45:47,416 INFO  server.GrpcService (ConfUtils.java:logGet(43)) - raft.grpc.flow.control.window = 1MB (=1048576) (default)
2019-06-15 14:45:47,416 INFO  server.RaftServerConfigKeys (ConfUtils.java:logGet(43)) - raft.server.rpc.request.timeout = 3000ms (default)
2019-06-15 14:45:47,417 INFO  server.RaftServerConfigKeys (ConfUtils.java:logGet(43)) - raft.server.storage.dir = [/opt/src/hadoop-ozone/integration-test/target/test-dir/MiniOzoneClusterImpl-95d9c4c0-945b-4a99-8fe3-81641a0eec15/datanode-4/data/ratis] (custom)
2019-06-15 14:45:47,417 INFO  server.XceiverServerGrpc (XceiverServerGrpc.java:<init>(97)) - Found a free port for the server : 36073
2019-06-15 14:45:47,417 INFO  replication.SimpleContainerDownloader (SimpleContainerDownloader.java:<init>(72)) - Starting container downloader service to copy containers to replicate.
2019-06-15 14:45:47,418 INFO  hdfs.DFSUtil (DFSUtil.java:httpServerTemplateForNNAndJN(1641)) - Starting Web-server for hddsDatanode at: http://0.0.0.0:0
2019-06-15 14:45:47,419 INFO  server.AuthenticationFilter (AuthenticationFilter.java:constructSecretProvider(240)) - Unable to initialize FileSignerSecretProvider, falling back to use random secrets.
2019-06-15 14:45:47,419 WARN  http.HttpRequestLog (HttpRequestLog.java:getRequestLog(97)) - Jetty request log can only be enabled using Log4j
2019-06-15 14:45:47,420 INFO  http.HttpServer2 (HttpServer2.java:addGlobalFilter(975)) - Added global filter 'safety' (class=org.apache.hadoop.http.HttpServer2$QuotingInputFilter)
2019-06-15 14:45:47,420 INFO  http.HttpServer2 (HttpServer2.java:addFilter(948)) - Added filter static_user_filter (class=org.apache.hadoop.http.lib.StaticUserWebFilter$StaticUserFilter) to context hddsDatanode
2019-06-15 14:45:47,420 INFO  http.HttpServer2 (HttpServer2.java:addFilter(958)) - Added filter static_user_filter (class=org.apache.hadoop.http.lib.StaticUserWebFilter$StaticUserFilter) to context static
2019-06-15 14:45:47,420 INFO  http.HttpServer2 (HttpServer2.java:addFilter(958)) - Added filter static_user_filter (class=org.apache.hadoop.http.lib.StaticUserWebFilter$StaticUserFilter) to context logs
2019-06-15 14:45:47,421 INFO  http.HttpServer2 (HttpServer2.java:bindListener(1191)) - Jetty bound to port 44329
2019-06-15 14:45:47,421 INFO  server.Server (Server.java:doStart(351)) - jetty-9.3.24.v20180605, build timestamp: 2018-06-05T17:11:56Z, git hash: 84205aa28f11a4f31f2a3b86d1bba2cc8ab69827
2019-06-15 14:45:47,422 INFO  handler.ContextHandler (ContextHandler.java:doStart(781)) - Started o.e.j.s.ServletContextHandler@25d6ae3{/logs,file:///opt/src/hadoop-ozone/integration-test/target/log,AVAILABLE}
2019-06-15 14:45:47,422 INFO  handler.ContextHandler (ContextHandler.java:doStart(781)) - Started o.e.j.s.ServletContextHandler@56d189d0{/static,jar:file:/home/user/.m2/repository/org/apache/hadoop/hadoop-hdds-container-service/0.5.0-SNAPSHOT/hadoop-hdds-container-service-0.5.0-SNAPSHOT.jar!/webapps/static,AVAILABLE}
2019-06-15 14:45:47,443 INFO  handler.ContextHandler (ContextHandler.java:doStart(781)) - Started o.e.j.w.WebAppContext@14997cb9{/,file:///tmp/jetty-0.0.0.0-44329-hddsDatanode-_-any-6053867868259591462.dir/webapp/,AVAILABLE}{/hddsDatanode}
2019-06-15 14:45:47,443 INFO  server.AbstractConnector (AbstractConnector.java:doStart(278)) - Started ServerConnector@701153c1{HTTP/1.1,[http/1.1]}{0.0.0.0:44329}
2019-06-15 14:45:47,444 INFO  server.Server (Server.java:doStart(419)) - Started @75997ms
2019-06-15 14:45:47,445 INFO  server.BaseHttpServer (BaseHttpServer.java:updateConnectorAddress(207)) - HTTP server of HDDSDATANODE is listening at http://0.0.0.0:44329
2019-06-15 14:45:47,519 INFO  ozone.HddsDatanodeService (HddsDatanodeService.java:startPlugins(396)) - Started plug-in org.apache.hadoop.ozone.web.OzoneHddsDatanodeService@6d13cd6d
2019-06-15 14:45:47,519 INFO  impl.MetricsSystemImpl (MetricsSystemImpl.java:init(158)) - HddsDatanode metrics system started (again)
2019-06-15 14:45:47,520 INFO  ozone.HddsDatanodeService (HddsDatanodeService.java:start(185)) - HddsDatanodeService host:ozone-unit-076618677d3-4xtgz-810526965 ip:192.168.11.227
2019-06-15 14:45:47,531 INFO  util.JvmPauseMonitor (JvmPauseMonitor.java:run(188)) - Starting JVM pause monitor
2019-06-15 14:45:47,533 INFO  volume.HddsVolume (HddsVolume.java:<init>(176)) - Creating Volume: /opt/src/hadoop-ozone/integration-test/target/test-dir/MiniOzoneClusterImpl-95d9c4c0-945b-4a99-8fe3-81641a0eec15/datanode-5/data/containers/hdds of  storage type : DISK and capacity : 104021790720
2019-06-15 14:45:47,533 INFO  datanode.InitDatanodeState (InitDatanodeState.java:persistContainerDatanodeDetails(140)) - DatanodeDetails is persisted to /opt/src/hadoop-ozone/integration-test/target/test-dir/MiniOzoneClusterImpl-95d9c4c0-945b-4a99-8fe3-81641a0eec15/datanode-4/meta/datanode.id
2019-06-15 14:45:47,534 INFO  volume.VolumeSet (VolumeSet.java:initializeVolumeSet(170)) - Added Volume : /opt/src/hadoop-ozone/integration-test/target/test-dir/MiniOzoneClusterImpl-95d9c4c0-945b-4a99-8fe3-81641a0eec15/datanode-5/data/containers/hdds to VolumeSet
2019-06-15 14:45:47,534 INFO  volume.ThrottledAsyncChecker (ThrottledAsyncChecker.java:schedule(140)) - Scheduling a check for org.apache.hadoop.ozone.container.common.volume.HddsVolume@6c4f48e2
2019-06-15 14:45:47,542 INFO  volume.HddsVolumeChecker (HddsVolumeChecker.java:checkAllVolumes(203)) - Scheduled health check for volume org.apache.hadoop.ozone.container.common.volume.HddsVolume@6c4f48e2
2019-06-15 14:45:47,554 INFO  ratis.XceiverServerRatis (XceiverServerRatis.java:newXceiverServerRatis(401)) - Found a free port for the server : 37527
2019-06-15 14:45:47,555 INFO  impl.RaftServerProxy (ConfUtils.java:logGet(43)) - raft.rpc.type = GRPC (default)
2019-06-15 14:45:47,555 INFO  grpc.GrpcConfigKeys$Server (ConfUtils.java:logGet(43)) - raft.grpc.server.port = 37527 (custom)
2019-06-15 14:45:47,556 INFO  server.GrpcService (ConfUtils.java:logGet(43)) - raft.grpc.message.size.max = 33570816 (custom)
2019-06-15 14:45:47,556 INFO  server.RaftServerConfigKeys (ConfUtils.java:logGet(43)) - raft.server.log.appender.buffer.byte-limit = 33554432 (custom)
2019-06-15 14:45:47,556 INFO  server.GrpcService (ConfUtils.java:logGet(43)) - raft.grpc.flow.control.window = 1MB (=1048576) (default)
2019-06-15 14:45:47,556 INFO  server.RaftServerConfigKeys (ConfUtils.java:logGet(43)) - raft.server.rpc.request.timeout = 3000ms (default)
2019-06-15 14:45:47,556 INFO  server.RaftServerConfigKeys (ConfUtils.java:logGet(43)) - raft.server.storage.dir = [/opt/src/hadoop-ozone/integration-test/target/test-dir/MiniOzoneClusterImpl-95d9c4c0-945b-4a99-8fe3-81641a0eec15/datanode-5/data/ratis] (custom)
2019-06-15 14:45:47,556 INFO  server.XceiverServerGrpc (XceiverServerGrpc.java:<init>(97)) - Found a free port for the server : 34631
2019-06-15 14:45:47,557 INFO  replication.SimpleContainerDownloader (SimpleContainerDownloader.java:<init>(72)) - Starting container downloader service to copy containers to replicate.
2019-06-15 14:45:47,557 INFO  hdfs.DFSUtil (DFSUtil.java:httpServerTemplateForNNAndJN(1641)) - Starting Web-server for hddsDatanode at: http://0.0.0.0:0
2019-06-15 14:45:47,558 INFO  server.AuthenticationFilter (AuthenticationFilter.java:constructSecretProvider(240)) - Unable to initialize FileSignerSecretProvider, falling back to use random secrets.
2019-06-15 14:45:47,559 WARN  http.HttpRequestLog (HttpRequestLog.java:getRequestLog(97)) - Jetty request log can only be enabled using Log4j
2019-06-15 14:45:47,559 INFO  http.HttpServer2 (HttpServer2.java:addGlobalFilter(975)) - Added global filter 'safety' (class=org.apache.hadoop.http.HttpServer2$QuotingInputFilter)
2019-06-15 14:45:47,560 INFO  http.HttpServer2 (HttpServer2.java:addFilter(948)) - Added filter static_user_filter (class=org.apache.hadoop.http.lib.StaticUserWebFilter$StaticUserFilter) to context hddsDatanode
2019-06-15 14:45:47,560 INFO  http.HttpServer2 (HttpServer2.java:addFilter(958)) - Added filter static_user_filter (class=org.apache.hadoop.http.lib.StaticUserWebFilter$StaticUserFilter) to context static
2019-06-15 14:45:47,560 INFO  http.HttpServer2 (HttpServer2.java:addFilter(958)) - Added filter static_user_filter (class=org.apache.hadoop.http.lib.StaticUserWebFilter$StaticUserFilter) to context logs
2019-06-15 14:45:47,560 INFO  http.HttpServer2 (HttpServer2.java:bindListener(1191)) - Jetty bound to port 34419
2019-06-15 14:45:47,561 INFO  server.Server (Server.java:doStart(351)) - jetty-9.3.24.v20180605, build timestamp: 2018-06-05T17:11:56Z, git hash: 84205aa28f11a4f31f2a3b86d1bba2cc8ab69827
2019-06-15 14:45:47,562 INFO  handler.ContextHandler (ContextHandler.java:doStart(781)) - Started o.e.j.s.ServletContextHandler@4fec93d0{/logs,file:///opt/src/hadoop-ozone/integration-test/target/log,AVAILABLE}
2019-06-15 14:45:47,562 INFO  handler.ContextHandler (ContextHandler.java:doStart(781)) - Started o.e.j.s.ServletContextHandler@4c1c134{/static,jar:file:/home/user/.m2/repository/org/apache/hadoop/hadoop-hdds-container-service/0.5.0-SNAPSHOT/hadoop-hdds-container-service-0.5.0-SNAPSHOT.jar!/webapps/static,AVAILABLE}
2019-06-15 14:45:47,584 INFO  handler.ContextHandler (ContextHandler.java:doStart(781)) - Started o.e.j.w.WebAppContext@37ecc472{/,file:///tmp/jetty-0.0.0.0-34419-hddsDatanode-_-any-428331292775441919.dir/webapp/,AVAILABLE}{/hddsDatanode}
2019-06-15 14:45:47,584 INFO  server.AbstractConnector (AbstractConnector.java:doStart(278)) - Started ServerConnector@27311c99{HTTP/1.1,[http/1.1]}{0.0.0.0:34419}
2019-06-15 14:45:47,585 INFO  server.Server (Server.java:doStart(419)) - Started @76138ms
2019-06-15 14:45:47,586 INFO  server.BaseHttpServer (BaseHttpServer.java:updateConnectorAddress(207)) - HTTP server of HDDSDATANODE is listening at http://0.0.0.0:34419
2019-06-15 14:45:47,658 INFO  ozone.HddsDatanodeService (HddsDatanodeService.java:startPlugins(396)) - Started plug-in org.apache.hadoop.ozone.web.OzoneHddsDatanodeService@363751f2
2019-06-15 14:45:47,658 INFO  ozone.MiniOzoneClusterImpl (MiniOzoneClusterImpl.java:lambda$waitForClusterToBeReady$0(142)) - Waiting for cluster to be ready. Got 0 of 6 DN Heartbeats.
2019-06-15 14:45:47,659 INFO  util.JvmPauseMonitor (JvmPauseMonitor.java:run(188)) - Starting JVM pause monitor
2019-06-15 14:45:47,660 INFO  datanode.InitDatanodeState (InitDatanodeState.java:persistContainerDatanodeDetails(140)) - DatanodeDetails is persisted to /opt/src/hadoop-ozone/integration-test/target/test-dir/MiniOzoneClusterImpl-95d9c4c0-945b-4a99-8fe3-81641a0eec15/datanode-5/meta/datanode.id
2019-06-15 14:45:48,658 INFO  ozone.MiniOzoneClusterImpl (MiniOzoneClusterImpl.java:lambda$waitForClusterToBeReady$0(142)) - Waiting for cluster to be ready. Got 0 of 6 DN Heartbeats.
2019-06-15 14:45:49,024 INFO  ozoneimpl.OzoneContainer (OzoneContainer.java:start(186)) - Attempting to start container services.
2019-06-15 14:45:49,024 INFO  ozoneimpl.OzoneContainer (OzoneContainer.java:startContainerScrub(160)) - Background container scrubber has been disabled by hdds.containerscrub.enabled
2019-06-15 14:45:49,024 INFO  ratis.XceiverServerRatis (XceiverServerRatis.java:start(418)) - Starting XceiverServerRatis 0a6df178-cea4-4e1d-bff5-419ff8df5a6d at port 33055
2019-06-15 14:45:49,028 INFO  impl.RaftServerProxy (RaftServerProxy.java:lambda$start$3(299)) - 0a6df178-cea4-4e1d-bff5-419ff8df5a6d: start RPC server
2019-06-15 14:45:49,028 INFO  server.GrpcService (GrpcService.java:startImpl(148)) - 0a6df178-cea4-4e1d-bff5-419ff8df5a6d: GrpcService started, listening on 0.0.0.0/0.0.0.0:33055
2019-06-15 14:45:49,136 INFO  ozoneimpl.OzoneContainer (OzoneContainer.java:start(186)) - Attempting to start container services.
2019-06-15 14:45:49,136 INFO  ozoneimpl.OzoneContainer (OzoneContainer.java:startContainerScrub(160)) - Background container scrubber has been disabled by hdds.containerscrub.enabled
2019-06-15 14:45:49,136 INFO  ratis.XceiverServerRatis (XceiverServerRatis.java:start(418)) - Starting XceiverServerRatis 5b2a4769-c38b-411d-93d4-a0e0a59b602f at port 40847
2019-06-15 14:45:49,140 INFO  impl.RaftServerProxy (RaftServerProxy.java:lambda$start$3(299)) - 5b2a4769-c38b-411d-93d4-a0e0a59b602f: start RPC server
2019-06-15 14:45:49,140 INFO  server.GrpcService (GrpcService.java:startImpl(148)) - 5b2a4769-c38b-411d-93d4-a0e0a59b602f: GrpcService started, listening on 0.0.0.0/0.0.0.0:40847
2019-06-15 14:45:49,254 WARN  events.EventQueue (EventQueue.java:fireEvent(147)) - Processing of TypedEvent{payloadType=DatanodeDetails, name='Stale_Node'} is skipped, EventQueue is not running
2019-06-15 14:45:49,278 INFO  ozoneimpl.OzoneContainer (OzoneContainer.java:start(186)) - Attempting to start container services.
2019-06-15 14:45:49,278 INFO  ozoneimpl.OzoneContainer (OzoneContainer.java:startContainerScrub(160)) - Background container scrubber has been disabled by hdds.containerscrub.enabled
2019-06-15 14:45:49,278 INFO  ratis.XceiverServerRatis (XceiverServerRatis.java:start(418)) - Starting XceiverServerRatis 510376b1-7521-4643-9224-c210e1838e3c at port 33191
2019-06-15 14:45:49,281 INFO  impl.RaftServerProxy (RaftServerProxy.java:lambda$start$3(299)) - 510376b1-7521-4643-9224-c210e1838e3c: start RPC server
2019-06-15 14:45:49,282 INFO  server.GrpcService (GrpcService.java:startImpl(148)) - 510376b1-7521-4643-9224-c210e1838e3c: GrpcService started, listening on 0.0.0.0/0.0.0.0:33191
2019-06-15 14:45:49,403 INFO  ozoneimpl.OzoneContainer (OzoneContainer.java:start(186)) - Attempting to start container services.
2019-06-15 14:45:49,403 INFO  ozoneimpl.OzoneContainer (OzoneContainer.java:startContainerScrub(160)) - Background container scrubber has been disabled by hdds.containerscrub.enabled
2019-06-15 14:45:49,404 INFO  ratis.XceiverServerRatis (XceiverServerRatis.java:start(418)) - Starting XceiverServerRatis 5bc9eae0-8a3b-4bd4-ac37-c0f192cbe433 at port 36245
2019-06-15 14:45:49,407 INFO  impl.RaftServerProxy (RaftServerProxy.java:lambda$start$3(299)) - 5bc9eae0-8a3b-4bd4-ac37-c0f192cbe433: start RPC server
2019-06-15 14:45:49,407 INFO  server.GrpcService (GrpcService.java:startImpl(148)) - 5bc9eae0-8a3b-4bd4-ac37-c0f192cbe433: GrpcService started, listening on 0.0.0.0/0.0.0.0:36245
2019-06-15 14:45:49,455 WARN  events.EventQueue (EventQueue.java:fireEvent(147)) - Processing of TypedEvent{payloadType=DatanodeDetails, name='Stale_Node'} is skipped, EventQueue is not running
2019-06-15 14:45:49,455 WARN  events.EventQueue (EventQueue.java:fireEvent(147)) - Processing of TypedEvent{payloadType=DatanodeDetails, name='Stale_Node'} is skipped, EventQueue is not running
2019-06-15 14:45:49,455 WARN  events.EventQueue (EventQueue.java:fireEvent(147)) - Processing of TypedEvent{payloadType=DatanodeDetails, name='Stale_Node'} is skipped, EventQueue is not running
2019-06-15 14:45:49,534 INFO  ozoneimpl.OzoneContainer (OzoneContainer.java:start(186)) - Attempting to start container services.
2019-06-15 14:45:49,534 INFO  ozoneimpl.OzoneContainer (OzoneContainer.java:startContainerScrub(160)) - Background container scrubber has been disabled by hdds.containerscrub.enabled
2019-06-15 14:45:49,534 INFO  ratis.XceiverServerRatis (XceiverServerRatis.java:start(418)) - Starting XceiverServerRatis 90cdac30-2265-4707-89d1-9c40023d64ad at port 37369
2019-06-15 14:45:49,540 INFO  impl.RaftServerProxy (RaftServerProxy.java:lambda$start$3(299)) - 90cdac30-2265-4707-89d1-9c40023d64ad: start RPC server
2019-06-15 14:45:49,541 INFO  server.GrpcService (GrpcService.java:startImpl(148)) - 90cdac30-2265-4707-89d1-9c40023d64ad: GrpcService started, listening on 0.0.0.0/0.0.0.0:37369
2019-06-15 14:45:49,659 INFO  ozone.MiniOzoneClusterImpl (MiniOzoneClusterImpl.java:lambda$waitForClusterToBeReady$0(142)) - Waiting for cluster to be ready. Got 0 of 6 DN Heartbeats.
2019-06-15 14:45:49,662 INFO  ozoneimpl.OzoneContainer (OzoneContainer.java:start(186)) - Attempting to start container services.
2019-06-15 14:45:49,662 INFO  ozoneimpl.OzoneContainer (OzoneContainer.java:startContainerScrub(160)) - Background container scrubber has been disabled by hdds.containerscrub.enabled
2019-06-15 14:45:49,662 INFO  ratis.XceiverServerRatis (XceiverServerRatis.java:start(418)) - Starting XceiverServerRatis 8f11b167-0845-4e99-a28a-cc709fce1b32 at port 37527
2019-06-15 14:45:49,665 INFO  impl.RaftServerProxy (RaftServerProxy.java:lambda$start$3(299)) - 8f11b167-0845-4e99-a28a-cc709fce1b32: start RPC server
2019-06-15 14:45:49,666 INFO  server.GrpcService (GrpcService.java:startImpl(148)) - 8f11b167-0845-4e99-a28a-cc709fce1b32: GrpcService started, listening on 0.0.0.0/0.0.0.0:37527
2019-06-15 14:45:50,659 INFO  ozone.MiniOzoneClusterImpl (MiniOzoneClusterImpl.java:lambda$waitForClusterToBeReady$0(142)) - Waiting for cluster to be ready. Got 0 of 6 DN Heartbeats.
2019-06-15 14:45:51,019 INFO  net.NetworkTopology (NetworkTopologyImpl.java:add(109)) - Added a new node: /default-rack/192.168.11.227
2019-06-15 14:45:51,020 INFO  node.SCMNodeManager (SCMNodeManager.java:register(269)) - Registered Data node : 0a6df178-cea4-4e1d-bff5-419ff8df5a6d{ip: 192.168.11.227, host: ozone-unit-076618677d3-4xtgz-810526965, networkLocation: /default-rack, certSerialId: null}
2019-06-15 14:45:51,021 INFO  safemode.SCMSafeModeManager (DataNodeSafeModeRule.java:process(71)) - SCM in safe mode. 1 DataNodes registered, 1 required.
2019-06-15 14:45:51,022 INFO  safemode.SCMSafeModeManager (SCMSafeModeManager.java:validateSafeModeExitRules(177)) - ScmSafeModeManager, all rules are successfully validated
2019-06-15 14:45:51,023 INFO  safemode.SCMSafeModeManager (SCMSafeModeManager.java:exitSafeMode(193)) - SCM exiting safe mode.
2019-06-15 14:45:51,027 INFO  impl.RaftServerProxy (RaftServerProxy.java:addNew(89)) - 0a6df178-cea4-4e1d-bff5-419ff8df5a6d: addNew group-03CECD66D9F5:[0a6df178-cea4-4e1d-bff5-419ff8df5a6d:192.168.11.227:33055] returns group-03CECD66D9F5:java.util.concurrent.CompletableFuture@1ac715a1[Not completed]
2019-06-15 14:45:51,027 INFO  impl.RaftServerImpl (RaftServerImpl.java:<init>(91)) - 0a6df178-cea4-4e1d-bff5-419ff8df5a6d: new RaftServerImpl for group-03CECD66D9F5:[0a6df178-cea4-4e1d-bff5-419ff8df5a6d:192.168.11.227:33055] with ContainerStateMachine:uninitialized
2019-06-15 14:45:51,027 INFO  server.RaftServerConfigKeys (ConfUtils.java:logGet(43)) - raft.server.rpc.timeout.min = 1s (custom)
2019-06-15 14:45:51,027 INFO  server.RaftServerConfigKeys (ConfUtils.java:logGet(43)) - raft.server.rpc.timeout.max = 1200ms (custom)
2019-06-15 14:45:51,027 INFO  server.RaftServerConfigKeys (ConfUtils.java:logGet(43)) - raft.server.rpcslowness.timeout = 120s (custom)
2019-06-15 14:45:51,027 INFO  server.RaftServerConfigKeys (ConfUtils.java:logGet(43)) - raft.server.log.appender.install.snapshot.enabled = true (default)
2019-06-15 14:45:51,027 INFO  impl.RaftServerImpl (ServerState.java:<init>(101)) - 0a6df178-cea4-4e1d-bff5-419ff8df5a6d:group-03CECD66D9F5 ConfigurationManager, init=-1: [0a6df178-cea4-4e1d-bff5-419ff8df5a6d:192.168.11.227:33055], old=null, confs=<EMPTY_MAP>
2019-06-15 14:45:51,027 INFO  server.RaftServerConfigKeys (ConfUtils.java:logGet(43)) - raft.server.storage.dir = [/opt/src/hadoop-ozone/integration-test/target/test-dir/MiniOzoneClusterImpl-95d9c4c0-945b-4a99-8fe3-81641a0eec15/datanode-0/data/ratis] (custom)
2019-06-15 14:45:51,028 INFO  storage.RaftStorageDirectory (RaftStorageDirectory.java:analyzeStorage(246)) - The storage directory /opt/src/hadoop-ozone/integration-test/target/test-dir/MiniOzoneClusterImpl-95d9c4c0-945b-4a99-8fe3-81641a0eec15/datanode-0/data/ratis/89dbbc36-e574-4917-a151-03cecd66d9f5 does not exist. Creating ...
2019-06-15 14:45:51,030 INFO  storage.RaftStorageDirectory (RaftStorageDirectory.java:tryLock(328)) - Lock on /opt/src/hadoop-ozone/integration-test/target/test-dir/MiniOzoneClusterImpl-95d9c4c0-945b-4a99-8fe3-81641a0eec15/datanode-0/data/ratis/89dbbc36-e574-4917-a151-03cecd66d9f5/in_use.lock acquired by nodename 14777@ozone-unit-076618677d3-4xtgz-810526965
2019-06-15 14:45:51,031 INFO  storage.RaftStorage (RaftStorage.java:format(75)) - Storage directory /opt/src/hadoop-ozone/integration-test/target/test-dir/MiniOzoneClusterImpl-95d9c4c0-945b-4a99-8fe3-81641a0eec15/datanode-0/data/ratis/89dbbc36-e574-4917-a151-03cecd66d9f5 has been successfully formatted.
2019-06-15 14:45:51,032 INFO  ratis.ContainerStateMachine (ContainerStateMachine.java:loadSnapshot(199)) - The snapshot info is null.Setting the last applied index to:(t:0, i:~)
2019-06-15 14:45:51,032 INFO  server.RaftServerConfigKeys (ConfUtils.java:logGet(43)) - raft.server.leader.election.timeout = 120s (custom)
2019-06-15 14:45:51,032 INFO  server.RaftServerConfigKeys (ConfUtils.java:logGet(43)) - raft.server.log.use.memory = false (default)
2019-06-15 14:45:51,032 INFO  server.RaftServerConfigKeys (ConfUtils.java:logGet(43)) - raft.server.log.appender.buffer.byte-limit = 33554432 (custom)
2019-06-15 14:45:51,032 INFO  server.RaftServerConfigKeys (ConfUtils.java:logGet(43)) - raft.server.log.segment.size.max = 16384 (custom)
2019-06-15 14:45:51,032 INFO  server.RaftServerConfigKeys (ConfUtils.java:logGet(43)) - raft.server.log.segment.cache.num.max = 2 (custom)
2019-06-15 14:45:51,032 INFO  storage.RaftLogWorker (RaftLogWorker.java:<init>(123)) - new 0a6df178-cea4-4e1d-bff5-419ff8df5a6d-RaftLogWorker for Storage Directory /opt/src/hadoop-ozone/integration-test/target/test-dir/MiniOzoneClusterImpl-95d9c4c0-945b-4a99-8fe3-81641a0eec15/datanode-0/data/ratis/89dbbc36-e574-4917-a151-03cecd66d9f5
2019-06-15 14:45:51,032 INFO  server.RaftServerConfigKeys (ConfUtils.java:logGet(43)) - raft.server.log.queue.byte-limit = 2147483647 (custom)
2019-06-15 14:45:51,032 INFO  server.RaftServerConfigKeys (ConfUtils.java:logGet(43)) - raft.server.log.queue.element-limit = 1024 (custom)
2019-06-15 14:45:51,032 INFO  server.RaftServerConfigKeys (ConfUtils.java:logGet(43)) - raft.server.log.segment.size.max = 16384 (custom)
2019-06-15 14:45:51,032 INFO  server.RaftServerConfigKeys (ConfUtils.java:logGet(43)) - raft.server.log.preallocated.size = 16384 (custom)
2019-06-15 14:45:51,032 INFO  server.RaftServerConfigKeys (ConfUtils.java:logGet(43)) - raft.server.log.write.buffer.size = 33554432 (custom)
2019-06-15 14:45:51,032 INFO  server.RaftServerConfigKeys (ConfUtils.java:logGet(43)) - raft.server.log.force.sync.num = 128 (default)
2019-06-15 14:45:51,032 INFO  server.RaftServerConfigKeys (ConfUtils.java:logGet(43)) - raft.server.log.statemachine.data.sync = true (default)
2019-06-15 14:45:51,032 INFO  server.RaftServerConfigKeys (ConfUtils.java:logGet(43)) - raft.server.log.statemachine.data.sync.timeout = 10s (default)
2019-06-15 14:45:51,032 INFO  server.RaftServerConfigKeys (ConfUtils.java:logGet(43)) - raft.server.log.statemachine.data.sync.timeout.retry = -1 (default)
2019-06-15 14:45:51,033 INFO  server.RaftServerConfigKeys (ConfUtils.java:logGet(43)) - raft.server.log.statemachine.data.caching.enabled = true (custom)
2019-06-15 14:45:51,033 INFO  server.RaftServerConfigKeys (ConfUtils.java:logGet(43)) - raft.server.snapshot.auto.trigger.enabled = true (custom)
2019-06-15 14:45:51,033 INFO  server.RaftServerConfigKeys (ConfUtils.java:logGet(43)) - raft.server.snapshot.auto.trigger.threshold = 10000 (custom)
2019-06-15 14:45:51,033 INFO  server.RaftServerConfigKeys (ConfUtils.java:logGet(43)) - raft.server.retrycache.expirytime = 600000ms (custom)
2019-06-15 14:45:51,033 INFO  impl.RaftServerImpl (RaftServerImpl.java:start(173)) - 0a6df178-cea4-4e1d-bff5-419ff8df5a6d: start group-03CECD66D9F5
2019-06-15 14:45:51,033 INFO  impl.RaftServerImpl (RaftServerImpl.java:setRole(164)) - 0a6df178-cea4-4e1d-bff5-419ff8df5a6d:group-03CECD66D9F5 changes role from null to FOLLOWER at term 0 for startAsFollower
2019-06-15 14:45:51,033 INFO  impl.RoleInfo (RoleInfo.java:updateAndGet(143)) - 0a6df178-cea4-4e1d-bff5-419ff8df5a6d: start FollowerState
2019-06-15 14:45:51,033 INFO  util.JmxRegister (JmxRegister.java:tryRegister(44)) - Successfully registered JMX Bean with object name Ratis:service=RaftServer,group=group-03CECD66D9F5,id=0a6df178-cea4-4e1d-bff5-419ff8df5a6d
2019-06-15 14:45:51,035 INFO  pipeline.PipelineStateManager (PipelineStateManager.java:addPipeline(56)) - Created pipeline Pipeline[ Id: 89dbbc36-e574-4917-a151-03cecd66d9f5, Nodes: 0a6df178-cea4-4e1d-bff5-419ff8df5a6d{ip: 192.168.11.227, host: ozone-unit-076618677d3-4xtgz-810526965, networkLocation: /default-rack, certSerialId: null}, Type:RATIS, Factor:ONE, State:OPEN]
2019-06-15 14:45:51,134 INFO  node.SCMNodeManager (SCMNodeManager.java:register(269)) - Registered Data node : 5b2a4769-c38b-411d-93d4-a0e0a59b602f{ip: 192.168.11.227, host: ozone-unit-076618677d3-4xtgz-810526965, networkLocation: /default-rack, certSerialId: null}
2019-06-15 14:45:51,139 INFO  impl.RaftServerProxy (RaftServerProxy.java:addNew(89)) - 5b2a4769-c38b-411d-93d4-a0e0a59b602f: addNew group-A3660B4D4CD3:[5b2a4769-c38b-411d-93d4-a0e0a59b602f:192.168.11.227:40847] returns group-A3660B4D4CD3:java.util.concurrent.CompletableFuture@6e50569c[Not completed]
2019-06-15 14:45:51,139 INFO  impl.RaftServerImpl (RaftServerImpl.java:<init>(91)) - 5b2a4769-c38b-411d-93d4-a0e0a59b602f: new RaftServerImpl for group-A3660B4D4CD3:[5b2a4769-c38b-411d-93d4-a0e0a59b602f:192.168.11.227:40847] with ContainerStateMachine:uninitialized
2019-06-15 14:45:51,139 INFO  server.RaftServerConfigKeys (ConfUtils.java:logGet(43)) - raft.server.rpc.timeout.min = 1s (custom)
2019-06-15 14:45:51,139 INFO  server.RaftServerConfigKeys (ConfUtils.java:logGet(43)) - raft.server.rpc.timeout.max = 1200ms (custom)
2019-06-15 14:45:51,139 INFO  server.RaftServerConfigKeys (ConfUtils.java:logGet(43)) - raft.server.rpcslowness.timeout = 120s (custom)
2019-06-15 14:45:51,139 INFO  server.RaftServerConfigKeys (ConfUtils.java:logGet(43)) - raft.server.log.appender.install.snapshot.enabled = true (default)
2019-06-15 14:45:51,140 INFO  impl.RaftServerImpl (ServerState.java:<init>(101)) - 5b2a4769-c38b-411d-93d4-a0e0a59b602f:group-A3660B4D4CD3 ConfigurationManager, init=-1: [5b2a4769-c38b-411d-93d4-a0e0a59b602f:192.168.11.227:40847], old=null, confs=<EMPTY_MAP>
2019-06-15 14:45:51,140 INFO  server.RaftServerConfigKeys (ConfUtils.java:logGet(43)) - raft.server.storage.dir = [/opt/src/hadoop-ozone/integration-test/target/test-dir/MiniOzoneClusterImpl-95d9c4c0-945b-4a99-8fe3-81641a0eec15/datanode-1/data/ratis] (custom)
2019-06-15 14:45:51,140 INFO  storage.RaftStorageDirectory (RaftStorageDirectory.java:analyzeStorage(246)) - The storage directory /opt/src/hadoop-ozone/integration-test/target/test-dir/MiniOzoneClusterImpl-95d9c4c0-945b-4a99-8fe3-81641a0eec15/datanode-1/data/ratis/7696abdf-b4b9-4fa4-aa40-a3660b4d4cd3 does not exist. Creating ...
2019-06-15 14:45:51,142 INFO  storage.RaftStorageDirectory (RaftStorageDirectory.java:tryLock(328)) - Lock on /opt/src/hadoop-ozone/integration-test/target/test-dir/MiniOzoneClusterImpl-95d9c4c0-945b-4a99-8fe3-81641a0eec15/datanode-1/data/ratis/7696abdf-b4b9-4fa4-aa40-a3660b4d4cd3/in_use.lock acquired by nodename 14777@ozone-unit-076618677d3-4xtgz-810526965
2019-06-15 14:45:51,144 INFO  storage.RaftStorage (RaftStorage.java:format(75)) - Storage directory /opt/src/hadoop-ozone/integration-test/target/test-dir/MiniOzoneClusterImpl-95d9c4c0-945b-4a99-8fe3-81641a0eec15/datanode-1/data/ratis/7696abdf-b4b9-4fa4-aa40-a3660b4d4cd3 has been successfully formatted.
2019-06-15 14:45:51,144 INFO  ratis.ContainerStateMachine (ContainerStateMachine.java:loadSnapshot(199)) - The snapshot info is null.Setting the last applied index to:(t:0, i:~)
2019-06-15 14:45:51,144 INFO  server.RaftServerConfigKeys (ConfUtils.java:logGet(43)) - raft.server.leader.election.timeout = 120s (custom)
2019-06-15 14:45:51,144 INFO  server.RaftServerConfigKeys (ConfUtils.java:logGet(43)) - raft.server.log.use.memory = false (default)
2019-06-15 14:45:51,144 INFO  server.RaftServerConfigKeys (ConfUtils.java:logGet(43)) - raft.server.log.appender.buffer.byte-limit = 33554432 (custom)
2019-06-15 14:45:51,144 INFO  server.RaftServerConfigKeys (ConfUtils.java:logGet(43)) - raft.server.log.segment.size.max = 16384 (custom)
2019-06-15 14:45:51,144 INFO  server.RaftServerConfigKeys (ConfUtils.java:logGet(43)) - raft.server.log.segment.cache.num.max = 2 (custom)
2019-06-15 14:45:51,145 INFO  storage.RaftLogWorker (RaftLogWorker.java:<init>(123)) - new 5b2a4769-c38b-411d-93d4-a0e0a59b602f-RaftLogWorker for Storage Directory /opt/src/hadoop-ozone/integration-test/target/test-dir/MiniOzoneClusterImpl-95d9c4c0-945b-4a99-8fe3-81641a0eec15/datanode-1/data/ratis/7696abdf-b4b9-4fa4-aa40-a3660b4d4cd3
2019-06-15 14:45:51,145 INFO  server.RaftServerConfigKeys (ConfUtils.java:logGet(43)) - raft.server.log.queue.byte-limit = 2147483647 (custom)
2019-06-15 14:45:51,145 INFO  server.RaftServerConfigKeys (ConfUtils.java:logGet(43)) - raft.server.log.queue.element-limit = 1024 (custom)
2019-06-15 14:45:51,145 INFO  server.RaftServerConfigKeys (ConfUtils.java:logGet(43)) - raft.server.log.segment.size.max = 16384 (custom)
2019-06-15 14:45:51,145 INFO  server.RaftServerConfigKeys (ConfUtils.java:logGet(43)) - raft.server.log.preallocated.size = 16384 (custom)
2019-06-15 14:45:51,145 INFO  server.RaftServerConfigKeys (ConfUtils.java:logGet(43)) - raft.server.log.write.buffer.size = 33554432 (custom)
2019-06-15 14:45:51,145 INFO  server.RaftServerConfigKeys (ConfUtils.java:logGet(43)) - raft.server.log.force.sync.num = 128 (default)
2019-06-15 14:45:51,145 INFO  server.RaftServerConfigKeys (ConfUtils.java:logGet(43)) - raft.server.log.statemachine.data.sync = true (default)
2019-06-15 14:45:51,145 INFO  server.RaftServerConfigKeys (ConfUtils.java:logGet(43)) - raft.server.log.statemachine.data.sync.timeout = 10s (default)
2019-06-15 14:45:51,145 INFO  server.RaftServerConfigKeys (ConfUtils.java:logGet(43)) - raft.server.log.statemachine.data.sync.timeout.retry = -1 (default)
2019-06-15 14:45:51,145 INFO  server.RaftServerConfigKeys (ConfUtils.java:logGet(43)) - raft.server.log.statemachine.data.caching.enabled = true (custom)
2019-06-15 14:45:51,145 INFO  server.RaftServerConfigKeys (ConfUtils.java:logGet(43)) - raft.server.snapshot.auto.trigger.enabled = true (custom)
2019-06-15 14:45:51,145 INFO  server.RaftServerConfigKeys (ConfUtils.java:logGet(43)) - raft.server.snapshot.auto.trigger.threshold = 10000 (custom)
2019-06-15 14:45:51,146 INFO  server.RaftServerConfigKeys (ConfUtils.java:logGet(43)) - raft.server.retrycache.expirytime = 600000ms (custom)
2019-06-15 14:45:51,146 INFO  impl.RaftServerImpl (RaftServerImpl.java:start(173)) - 5b2a4769-c38b-411d-93d4-a0e0a59b602f: start group-A3660B4D4CD3
2019-06-15 14:45:51,146 INFO  impl.RaftServerImpl (RaftServerImpl.java:setRole(164)) - 5b2a4769-c38b-411d-93d4-a0e0a59b602f:group-A3660B4D4CD3 changes role from null to FOLLOWER at term 0 for startAsFollower
2019-06-15 14:45:51,146 INFO  impl.RoleInfo (RoleInfo.java:updateAndGet(143)) - 5b2a4769-c38b-411d-93d4-a0e0a59b602f: start FollowerState
2019-06-15 14:45:51,146 INFO  util.JmxRegister (JmxRegister.java:tryRegister(44)) - Successfully registered JMX Bean with object name Ratis:service=RaftServer,group=group-A3660B4D4CD3,id=5b2a4769-c38b-411d-93d4-a0e0a59b602f
2019-06-15 14:45:51,147 INFO  pipeline.PipelineStateManager (PipelineStateManager.java:addPipeline(56)) - Created pipeline Pipeline[ Id: 7696abdf-b4b9-4fa4-aa40-a3660b4d4cd3, Nodes: 5b2a4769-c38b-411d-93d4-a0e0a59b602f{ip: 192.168.11.227, host: ozone-unit-076618677d3-4xtgz-810526965, networkLocation: /default-rack, certSerialId: null}, Type:RATIS, Factor:ONE, State:OPEN]
2019-06-15 14:45:51,276 INFO  node.SCMNodeManager (SCMNodeManager.java:register(269)) - Registered Data node : 510376b1-7521-4643-9224-c210e1838e3c{ip: 192.168.11.227, host: ozone-unit-076618677d3-4xtgz-810526965, networkLocation: /default-rack, certSerialId: null}
2019-06-15 14:45:51,281 INFO  impl.RaftServerProxy (RaftServerProxy.java:addNew(89)) - 510376b1-7521-4643-9224-c210e1838e3c: addNew group-3B6EA9EC0F41:[510376b1-7521-4643-9224-c210e1838e3c:192.168.11.227:33191] returns group-3B6EA9EC0F41:java.util.concurrent.CompletableFuture@12593d38[Not completed]
2019-06-15 14:45:51,281 INFO  impl.RaftServerImpl (RaftServerImpl.java:<init>(91)) - 510376b1-7521-4643-9224-c210e1838e3c: new RaftServerImpl for group-3B6EA9EC0F41:[510376b1-7521-4643-9224-c210e1838e3c:192.168.11.227:33191] with ContainerStateMachine:uninitialized
2019-06-15 14:45:51,281 INFO  server.RaftServerConfigKeys (ConfUtils.java:logGet(43)) - raft.server.rpc.timeout.min = 1s (custom)
2019-06-15 14:45:51,281 INFO  server.RaftServerConfigKeys (ConfUtils.java:logGet(43)) - raft.server.rpc.timeout.max = 1200ms (custom)
2019-06-15 14:45:51,281 INFO  server.RaftServerConfigKeys (ConfUtils.java:logGet(43)) - raft.server.rpcslowness.timeout = 120s (custom)
2019-06-15 14:45:51,281 INFO  server.RaftServerConfigKeys (ConfUtils.java:logGet(43)) - raft.server.log.appender.install.snapshot.enabled = true (default)
2019-06-15 14:45:51,281 INFO  impl.RaftServerImpl (ServerState.java:<init>(101)) - 510376b1-7521-4643-9224-c210e1838e3c:group-3B6EA9EC0F41 ConfigurationManager, init=-1: [510376b1-7521-4643-9224-c210e1838e3c:192.168.11.227:33191], old=null, confs=<EMPTY_MAP>
2019-06-15 14:45:51,282 INFO  server.RaftServerConfigKeys (ConfUtils.java:logGet(43)) - raft.server.storage.dir = [/opt/src/hadoop-ozone/integration-test/target/test-dir/MiniOzoneClusterImpl-95d9c4c0-945b-4a99-8fe3-81641a0eec15/datanode-2/data/ratis] (custom)
2019-06-15 14:45:51,282 INFO  storage.RaftStorageDirectory (RaftStorageDirectory.java:analyzeStorage(246)) - The storage directory /opt/src/hadoop-ozone/integration-test/target/test-dir/MiniOzoneClusterImpl-95d9c4c0-945b-4a99-8fe3-81641a0eec15/datanode-2/data/ratis/660cf946-493a-4137-856f-3b6ea9ec0f41 does not exist. Creating ...
2019-06-15 14:45:51,284 INFO  storage.RaftStorageDirectory (RaftStorageDirectory.java:tryLock(328)) - Lock on /opt/src/hadoop-ozone/integration-test/target/test-dir/MiniOzoneClusterImpl-95d9c4c0-945b-4a99-8fe3-81641a0eec15/datanode-2/data/ratis/660cf946-493a-4137-856f-3b6ea9ec0f41/in_use.lock acquired by nodename 14777@ozone-unit-076618677d3-4xtgz-810526965
2019-06-15 14:45:51,286 INFO  storage.RaftStorage (RaftStorage.java:format(75)) - Storage directory /opt/src/hadoop-ozone/integration-test/target/test-dir/MiniOzoneClusterImpl-95d9c4c0-945b-4a99-8fe3-81641a0eec15/datanode-2/data/ratis/660cf946-493a-4137-856f-3b6ea9ec0f41 has been successfully formatted.
2019-06-15 14:45:51,286 INFO  ratis.ContainerStateMachine (ContainerStateMachine.java:loadSnapshot(199)) - The snapshot info is null.Setting the last applied index to:(t:0, i:~)
2019-06-15 14:45:51,286 INFO  server.RaftServerConfigKeys (ConfUtils.java:logGet(43)) - raft.server.leader.election.timeout = 120s (custom)
2019-06-15 14:45:51,286 INFO  server.RaftServerConfigKeys (ConfUtils.java:logGet(43)) - raft.server.log.use.memory = false (default)
2019-06-15 14:45:51,286 INFO  server.RaftServerConfigKeys (ConfUtils.java:logGet(43)) - raft.server.log.appender.buffer.byte-limit = 33554432 (custom)
2019-06-15 14:45:51,286 INFO  server.RaftServerConfigKeys (ConfUtils.java:logGet(43)) - raft.server.log.segment.size.max = 16384 (custom)
2019-06-15 14:45:51,286 INFO  server.RaftServerConfigKeys (ConfUtils.java:logGet(43)) - raft.server.log.segment.cache.num.max = 2 (custom)
2019-06-15 14:45:51,286 INFO  storage.RaftLogWorker (RaftLogWorker.java:<init>(123)) - new 510376b1-7521-4643-9224-c210e1838e3c-RaftLogWorker for Storage Directory /opt/src/hadoop-ozone/integration-test/target/test-dir/MiniOzoneClusterImpl-95d9c4c0-945b-4a99-8fe3-81641a0eec15/datanode-2/data/ratis/660cf946-493a-4137-856f-3b6ea9ec0f41
2019-06-15 14:45:51,286 INFO  server.RaftServerConfigKeys (ConfUtils.java:logGet(43)) - raft.server.log.queue.byte-limit = 2147483647 (custom)
2019-06-15 14:45:51,286 INFO  server.RaftServerConfigKeys (ConfUtils.java:logGet(43)) - raft.server.log.queue.element-limit = 1024 (custom)
2019-06-15 14:45:51,286 INFO  server.RaftServerConfigKeys (ConfUtils.java:logGet(43)) - raft.server.log.segment.size.max = 16384 (custom)
2019-06-15 14:45:51,286 INFO  server.RaftServerConfigKeys (ConfUtils.java:logGet(43)) - raft.server.log.preallocated.size = 16384 (custom)
2019-06-15 14:45:51,286 INFO  server.RaftServerConfigKeys (ConfUtils.java:logGet(43)) - raft.server.log.write.buffer.size = 33554432 (custom)
2019-06-15 14:45:51,287 INFO  server.RaftServerConfigKeys (ConfUtils.java:logGet(43)) - raft.server.log.force.sync.num = 128 (default)
2019-06-15 14:45:51,287 INFO  server.RaftServerConfigKeys (ConfUtils.java:logGet(43)) - raft.server.log.statemachine.data.sync = true (default)
2019-06-15 14:45:51,287 INFO  server.RaftServerConfigKeys (ConfUtils.java:logGet(43)) - raft.server.log.statemachine.data.sync.timeout = 10s (default)
2019-06-15 14:45:51,287 INFO  server.RaftServerConfigKeys (ConfUtils.java:logGet(43)) - raft.server.log.statemachine.data.sync.timeout.retry = -1 (default)
2019-06-15 14:45:51,287 INFO  server.RaftServerConfigKeys (ConfUtils.java:logGet(43)) - raft.server.log.statemachine.data.caching.enabled = true (custom)
2019-06-15 14:45:51,287 INFO  server.RaftServerConfigKeys (ConfUtils.java:logGet(43)) - raft.server.snapshot.auto.trigger.enabled = true (custom)
2019-06-15 14:45:51,287 INFO  server.RaftServerConfigKeys (ConfUtils.java:logGet(43)) - raft.server.snapshot.auto.trigger.threshold = 10000 (custom)
2019-06-15 14:45:51,287 INFO  server.RaftServerConfigKeys (ConfUtils.java:logGet(43)) - raft.server.retrycache.expirytime = 600000ms (custom)
2019-06-15 14:45:51,287 INFO  impl.RaftServerImpl (RaftServerImpl.java:start(173)) - 510376b1-7521-4643-9224-c210e1838e3c: start group-3B6EA9EC0F41
2019-06-15 14:45:51,287 INFO  impl.RaftServerImpl (RaftServerImpl.java:setRole(164)) - 510376b1-7521-4643-9224-c210e1838e3c:group-3B6EA9EC0F41 changes role from null to FOLLOWER at term 0 for startAsFollower
2019-06-15 14:45:51,287 INFO  impl.RoleInfo (RoleInfo.java:updateAndGet(143)) - 510376b1-7521-4643-9224-c210e1838e3c: start FollowerState
2019-06-15 14:45:51,288 INFO  util.JmxRegister (JmxRegister.java:tryRegister(44)) - Successfully registered JMX Bean with object name Ratis:service=RaftServer,group=group-3B6EA9EC0F41,id=510376b1-7521-4643-9224-c210e1838e3c
2019-06-15 14:45:51,289 INFO  pipeline.PipelineStateManager (PipelineStateManager.java:addPipeline(56)) - Created pipeline Pipeline[ Id: 660cf946-493a-4137-856f-3b6ea9ec0f41, Nodes: 510376b1-7521-4643-9224-c210e1838e3c{ip: 192.168.11.227, host: ozone-unit-076618677d3-4xtgz-810526965, networkLocation: /default-rack, certSerialId: null}, Type:RATIS, Factor:ONE, State:OPEN]
2019-06-15 14:45:51,296 INFO  impl.RaftServerProxy (RaftServerProxy.java:addNew(89)) - 5b2a4769-c38b-411d-93d4-a0e0a59b602f: addNew group-D7930A7C0B5E:[0a6df178-cea4-4e1d-bff5-419ff8df5a6d:192.168.11.227:33055, 5b2a4769-c38b-411d-93d4-a0e0a59b602f:192.168.11.227:40847, 510376b1-7521-4643-9224-c210e1838e3c:192.168.11.227:33191] returns group-D7930A7C0B5E:java.util.concurrent.CompletableFuture@18ff87dd[Not completed]
2019-06-15 14:45:51,296 INFO  impl.RaftServerProxy (RaftServerProxy.java:addNew(89)) - 510376b1-7521-4643-9224-c210e1838e3c: addNew group-D7930A7C0B5E:[0a6df178-cea4-4e1d-bff5-419ff8df5a6d:192.168.11.227:33055, 5b2a4769-c38b-411d-93d4-a0e0a59b602f:192.168.11.227:40847, 510376b1-7521-4643-9224-c210e1838e3c:192.168.11.227:33191] returns group-D7930A7C0B5E:java.util.concurrent.CompletableFuture@7323f105[Not completed]
2019-06-15 14:45:51,296 INFO  impl.RaftServerImpl (RaftServerImpl.java:<init>(91)) - 5b2a4769-c38b-411d-93d4-a0e0a59b602f: new RaftServerImpl for group-D7930A7C0B5E:[0a6df178-cea4-4e1d-bff5-419ff8df5a6d:192.168.11.227:33055, 5b2a4769-c38b-411d-93d4-a0e0a59b602f:192.168.11.227:40847, 510376b1-7521-4643-9224-c210e1838e3c:192.168.11.227:33191] with ContainerStateMachine:uninitialized
2019-06-15 14:45:51,296 INFO  server.RaftServerConfigKeys (ConfUtils.java:logGet(43)) - raft.server.rpc.timeout.min = 1s (custom)
2019-06-15 14:45:51,296 INFO  server.RaftServerConfigKeys (ConfUtils.java:logGet(43)) - raft.server.rpc.timeout.max = 1200ms (custom)
2019-06-15 14:45:51,296 INFO  server.RaftServerConfigKeys (ConfUtils.java:logGet(43)) - raft.server.rpcslowness.timeout = 120s (custom)
2019-06-15 14:45:51,297 INFO  server.RaftServerConfigKeys (ConfUtils.java:logGet(43)) - raft.server.log.appender.install.snapshot.enabled = true (default)
2019-06-15 14:45:51,297 INFO  impl.RaftServerImpl (ServerState.java:<init>(101)) - 5b2a4769-c38b-411d-93d4-a0e0a59b602f:group-D7930A7C0B5E ConfigurationManager, init=-1: [0a6df178-cea4-4e1d-bff5-419ff8df5a6d:192.168.11.227:33055, 5b2a4769-c38b-411d-93d4-a0e0a59b602f:192.168.11.227:40847, 510376b1-7521-4643-9224-c210e1838e3c:192.168.11.227:33191], old=null, confs=<EMPTY_MAP>
2019-06-15 14:45:51,297 INFO  server.RaftServerConfigKeys (ConfUtils.java:logGet(43)) - raft.server.storage.dir = [/opt/src/hadoop-ozone/integration-test/target/test-dir/MiniOzoneClusterImpl-95d9c4c0-945b-4a99-8fe3-81641a0eec15/datanode-1/data/ratis] (custom)
2019-06-15 14:45:51,297 INFO  storage.RaftStorageDirectory (RaftStorageDirectory.java:analyzeStorage(246)) - The storage directory /opt/src/hadoop-ozone/integration-test/target/test-dir/MiniOzoneClusterImpl-95d9c4c0-945b-4a99-8fe3-81641a0eec15/datanode-1/data/ratis/bd504de7-5ce7-4b30-bb79-d7930a7c0b5e does not exist. Creating ...
2019-06-15 14:45:51,298 INFO  impl.RaftServerProxy (RaftServerProxy.java:addNew(89)) - 0a6df178-cea4-4e1d-bff5-419ff8df5a6d: addNew group-D7930A7C0B5E:[0a6df178-cea4-4e1d-bff5-419ff8df5a6d:192.168.11.227:33055, 5b2a4769-c38b-411d-93d4-a0e0a59b602f:192.168.11.227:40847, 510376b1-7521-4643-9224-c210e1838e3c:192.168.11.227:33191] returns group-D7930A7C0B5E:java.util.concurrent.CompletableFuture@19dc32ba[Not completed]
2019-06-15 14:45:51,298 INFO  impl.RaftServerImpl (RaftServerImpl.java:<init>(91)) - 510376b1-7521-4643-9224-c210e1838e3c: new RaftServerImpl for group-D7930A7C0B5E:[0a6df178-cea4-4e1d-bff5-419ff8df5a6d:192.168.11.227:33055, 5b2a4769-c38b-411d-93d4-a0e0a59b602f:192.168.11.227:40847, 510376b1-7521-4643-9224-c210e1838e3c:192.168.11.227:33191] with ContainerStateMachine:uninitialized
2019-06-15 14:45:51,298 INFO  impl.RaftServerImpl (RaftServerImpl.java:<init>(91)) - 0a6df178-cea4-4e1d-bff5-419ff8df5a6d: new RaftServerImpl for group-D7930A7C0B5E:[0a6df178-cea4-4e1d-bff5-419ff8df5a6d:192.168.11.227:33055, 5b2a4769-c38b-411d-93d4-a0e0a59b602f:192.168.11.227:40847, 510376b1-7521-4643-9224-c210e1838e3c:192.168.11.227:33191] with ContainerStateMachine:uninitialized
2019-06-15 14:45:51,298 INFO  server.RaftServerConfigKeys (ConfUtils.java:logGet(43)) - raft.server.rpc.timeout.min = 1s (custom)
2019-06-15 14:45:51,298 INFO  server.RaftServerConfigKeys (ConfUtils.java:logGet(43)) - raft.server.rpc.timeout.min = 1s (custom)
2019-06-15 14:45:51,298 INFO  server.RaftServerConfigKeys (ConfUtils.java:logGet(43)) - raft.server.rpc.timeout.max = 1200ms (custom)
2019-06-15 14:45:51,298 INFO  server.RaftServerConfigKeys (ConfUtils.java:logGet(43)) - raft.server.rpc.timeout.max = 1200ms (custom)
2019-06-15 14:45:51,298 INFO  server.RaftServerConfigKeys (ConfUtils.java:logGet(43)) - raft.server.rpcslowness.timeout = 120s (custom)
2019-06-15 14:45:51,298 INFO  server.RaftServerConfigKeys (ConfUtils.java:logGet(43)) - raft.server.rpcslowness.timeout = 120s (custom)
2019-06-15 14:45:51,298 INFO  server.RaftServerConfigKeys (ConfUtils.java:logGet(43)) - raft.server.log.appender.install.snapshot.enabled = true (default)
2019-06-15 14:45:51,298 INFO  server.RaftServerConfigKeys (ConfUtils.java:logGet(43)) - raft.server.log.appender.install.snapshot.enabled = true (default)
2019-06-15 14:45:51,298 INFO  impl.RaftServerImpl (ServerState.java:<init>(101)) - 510376b1-7521-4643-9224-c210e1838e3c:group-D7930A7C0B5E ConfigurationManager, init=-1: [0a6df178-cea4-4e1d-bff5-419ff8df5a6d:192.168.11.227:33055, 5b2a4769-c38b-411d-93d4-a0e0a59b602f:192.168.11.227:40847, 510376b1-7521-4643-9224-c210e1838e3c:192.168.11.227:33191], old=null, confs=<EMPTY_MAP>
2019-06-15 14:45:51,298 INFO  impl.RaftServerImpl (ServerState.java:<init>(101)) - 0a6df178-cea4-4e1d-bff5-419ff8df5a6d:group-D7930A7C0B5E ConfigurationManager, init=-1: [0a6df178-cea4-4e1d-bff5-419ff8df5a6d:192.168.11.227:33055, 5b2a4769-c38b-411d-93d4-a0e0a59b602f:192.168.11.227:40847, 510376b1-7521-4643-9224-c210e1838e3c:192.168.11.227:33191], old=null, confs=<EMPTY_MAP>
2019-06-15 14:45:51,298 INFO  server.RaftServerConfigKeys (ConfUtils.java:logGet(43)) - raft.server.storage.dir = [/opt/src/hadoop-ozone/integration-test/target/test-dir/MiniOzoneClusterImpl-95d9c4c0-945b-4a99-8fe3-81641a0eec15/datanode-2/data/ratis] (custom)
2019-06-15 14:45:51,299 INFO  server.RaftServerConfigKeys (ConfUtils.java:logGet(43)) - raft.server.storage.dir = [/opt/src/hadoop-ozone/integration-test/target/test-dir/MiniOzoneClusterImpl-95d9c4c0-945b-4a99-8fe3-81641a0eec15/datanode-0/data/ratis] (custom)
2019-06-15 14:45:51,299 INFO  storage.RaftStorageDirectory (RaftStorageDirectory.java:analyzeStorage(246)) - The storage directory /opt/src/hadoop-ozone/integration-test/target/test-dir/MiniOzoneClusterImpl-95d9c4c0-945b-4a99-8fe3-81641a0eec15/datanode-2/data/ratis/bd504de7-5ce7-4b30-bb79-d7930a7c0b5e does not exist. Creating ...
2019-06-15 14:45:51,299 INFO  storage.RaftStorageDirectory (RaftStorageDirectory.java:analyzeStorage(246)) - The storage directory /opt/src/hadoop-ozone/integration-test/target/test-dir/MiniOzoneClusterImpl-95d9c4c0-945b-4a99-8fe3-81641a0eec15/datanode-0/data/ratis/bd504de7-5ce7-4b30-bb79-d7930a7c0b5e does not exist. Creating ...
2019-06-15 14:45:51,299 INFO  storage.RaftStorageDirectory (RaftStorageDirectory.java:tryLock(328)) - Lock on /opt/src/hadoop-ozone/integration-test/target/test-dir/MiniOzoneClusterImpl-95d9c4c0-945b-4a99-8fe3-81641a0eec15/datanode-1/data/ratis/bd504de7-5ce7-4b30-bb79-d7930a7c0b5e/in_use.lock acquired by nodename 14777@ozone-unit-076618677d3-4xtgz-810526965
2019-06-15 14:45:51,301 INFO  storage.RaftStorageDirectory (RaftStorageDirectory.java:tryLock(328)) - Lock on /opt/src/hadoop-ozone/integration-test/target/test-dir/MiniOzoneClusterImpl-95d9c4c0-945b-4a99-8fe3-81641a0eec15/datanode-2/data/ratis/bd504de7-5ce7-4b30-bb79-d7930a7c0b5e/in_use.lock acquired by nodename 14777@ozone-unit-076618677d3-4xtgz-810526965
2019-06-15 14:45:51,301 INFO  storage.RaftStorage (RaftStorage.java:format(75)) - Storage directory /opt/src/hadoop-ozone/integration-test/target/test-dir/MiniOzoneClusterImpl-95d9c4c0-945b-4a99-8fe3-81641a0eec15/datanode-1/data/ratis/bd504de7-5ce7-4b30-bb79-d7930a7c0b5e has been successfully formatted.
2019-06-15 14:45:51,301 INFO  storage.RaftStorageDirectory (RaftStorageDirectory.java:tryLock(328)) - Lock on /opt/src/hadoop-ozone/integration-test/target/test-dir/MiniOzoneClusterImpl-95d9c4c0-945b-4a99-8fe3-81641a0eec15/datanode-0/data/ratis/bd504de7-5ce7-4b30-bb79-d7930a7c0b5e/in_use.lock acquired by nodename 14777@ozone-unit-076618677d3-4xtgz-810526965
2019-06-15 14:45:51,301 INFO  ratis.ContainerStateMachine (ContainerStateMachine.java:loadSnapshot(199)) - The snapshot info is null.Setting the last applied index to:(t:0, i:~)
2019-06-15 14:45:51,301 INFO  server.RaftServerConfigKeys (ConfUtils.java:logGet(43)) - raft.server.leader.election.timeout = 120s (custom)
2019-06-15 14:45:51,301 INFO  server.RaftServerConfigKeys (ConfUtils.java:logGet(43)) - raft.server.log.use.memory = false (default)
2019-06-15 14:45:51,301 INFO  server.RaftServerConfigKeys (ConfUtils.java:logGet(43)) - raft.server.log.appender.buffer.byte-limit = 33554432 (custom)
2019-06-15 14:45:51,301 INFO  server.RaftServerConfigKeys (ConfUtils.java:logGet(43)) - raft.server.log.segment.size.max = 16384 (custom)
2019-06-15 14:45:51,301 INFO  server.RaftServerConfigKeys (ConfUtils.java:logGet(43)) - raft.server.log.segment.cache.num.max = 2 (custom)
2019-06-15 14:45:51,301 INFO  storage.RaftLogWorker (RaftLogWorker.java:<init>(123)) - new 5b2a4769-c38b-411d-93d4-a0e0a59b602f-RaftLogWorker for Storage Directory /opt/src/hadoop-ozone/integration-test/target/test-dir/MiniOzoneClusterImpl-95d9c4c0-945b-4a99-8fe3-81641a0eec15/datanode-1/data/ratis/bd504de7-5ce7-4b30-bb79-d7930a7c0b5e
2019-06-15 14:45:51,301 INFO  server.RaftServerConfigKeys (ConfUtils.java:logGet(43)) - raft.server.log.queue.byte-limit = 2147483647 (custom)
2019-06-15 14:45:51,301 INFO  server.RaftServerConfigKeys (ConfUtils.java:logGet(43)) - raft.server.log.queue.element-limit = 1024 (custom)
2019-06-15 14:45:51,301 INFO  server.RaftServerConfigKeys (ConfUtils.java:logGet(43)) - raft.server.log.segment.size.max = 16384 (custom)
2019-06-15 14:45:51,302 INFO  server.RaftServerConfigKeys (ConfUtils.java:logGet(43)) - raft.server.log.preallocated.size = 16384 (custom)
2019-06-15 14:45:51,302 INFO  server.RaftServerConfigKeys (ConfUtils.java:logGet(43)) - raft.server.log.write.buffer.size = 33554432 (custom)
2019-06-15 14:45:51,302 INFO  server.RaftServerConfigKeys (ConfUtils.java:logGet(43)) - raft.server.log.force.sync.num = 128 (default)
2019-06-15 14:45:51,302 INFO  server.RaftServerConfigKeys (ConfUtils.java:logGet(43)) - raft.server.log.statemachine.data.sync = true (default)
2019-06-15 14:45:51,302 INFO  server.RaftServerConfigKeys (ConfUtils.java:logGet(43)) - raft.server.log.statemachine.data.sync.timeout = 10s (default)
2019-06-15 14:45:51,302 INFO  server.RaftServerConfigKeys (ConfUtils.java:logGet(43)) - raft.server.log.statemachine.data.sync.timeout.retry = -1 (default)
2019-06-15 14:45:51,302 INFO  server.RaftServerConfigKeys (ConfUtils.java:logGet(43)) - raft.server.log.statemachine.data.caching.enabled = true (custom)
2019-06-15 14:45:51,302 INFO  server.RaftServerConfigKeys (ConfUtils.java:logGet(43)) - raft.server.snapshot.auto.trigger.enabled = true (custom)
2019-06-15 14:45:51,302 INFO  server.RaftServerConfigKeys (ConfUtils.java:logGet(43)) - raft.server.snapshot.auto.trigger.threshold = 10000 (custom)
2019-06-15 14:45:51,302 INFO  server.RaftServerConfigKeys (ConfUtils.java:logGet(43)) - raft.server.retrycache.expirytime = 600000ms (custom)
2019-06-15 14:45:51,302 INFO  impl.RaftServerImpl (RaftServerImpl.java:start(173)) - 5b2a4769-c38b-411d-93d4-a0e0a59b602f: start group-D7930A7C0B5E
2019-06-15 14:45:51,303 INFO  impl.RaftServerImpl (RaftServerImpl.java:setRole(164)) - 5b2a4769-c38b-411d-93d4-a0e0a59b602f:group-D7930A7C0B5E changes role from null to FOLLOWER at term 0 for startAsFollower
2019-06-15 14:45:51,303 INFO  impl.RoleInfo (RoleInfo.java:updateAndGet(143)) - 5b2a4769-c38b-411d-93d4-a0e0a59b602f: start FollowerState
2019-06-15 14:45:51,303 INFO  util.JmxRegister (JmxRegister.java:tryRegister(44)) - Successfully registered JMX Bean with object name Ratis:service=RaftServer,group=group-D7930A7C0B5E,id=5b2a4769-c38b-411d-93d4-a0e0a59b602f
2019-06-15 14:45:51,303 INFO  storage.RaftStorage (RaftStorage.java:format(75)) - Storage directory /opt/src/hadoop-ozone/integration-test/target/test-dir/MiniOzoneClusterImpl-95d9c4c0-945b-4a99-8fe3-81641a0eec15/datanode-0/data/ratis/bd504de7-5ce7-4b30-bb79-d7930a7c0b5e has been successfully formatted.
2019-06-15 14:45:51,303 INFO  ratis.ContainerStateMachine (ContainerStateMachine.java:loadSnapshot(199)) - The snapshot info is null.Setting the last applied index to:(t:0, i:~)
2019-06-15 14:45:51,303 INFO  server.RaftServerConfigKeys (ConfUtils.java:logGet(43)) - raft.server.leader.election.timeout = 120s (custom)
2019-06-15 14:45:51,303 INFO  server.RaftServerConfigKeys (ConfUtils.java:logGet(43)) - raft.server.log.use.memory = false (default)
2019-06-15 14:45:51,303 INFO  server.RaftServerConfigKeys (ConfUtils.java:logGet(43)) - raft.server.log.appender.buffer.byte-limit = 33554432 (custom)
2019-06-15 14:45:51,303 INFO  server.RaftServerConfigKeys (ConfUtils.java:logGet(43)) - raft.server.log.segment.size.max = 16384 (custom)
2019-06-15 14:45:51,303 INFO  server.RaftServerConfigKeys (ConfUtils.java:logGet(43)) - raft.server.log.segment.cache.num.max = 2 (custom)
2019-06-15 14:45:51,304 INFO  storage.RaftLogWorker (RaftLogWorker.java:<init>(123)) - new 0a6df178-cea4-4e1d-bff5-419ff8df5a6d-RaftLogWorker for Storage Directory /opt/src/hadoop-ozone/integration-test/target/test-dir/MiniOzoneClusterImpl-95d9c4c0-945b-4a99-8fe3-81641a0eec15/datanode-0/data/ratis/bd504de7-5ce7-4b30-bb79-d7930a7c0b5e
2019-06-15 14:45:51,304 INFO  server.RaftServerConfigKeys (ConfUtils.java:logGet(43)) - raft.server.log.queue.byte-limit = 2147483647 (custom)
2019-06-15 14:45:51,304 INFO  server.RaftServerConfigKeys (ConfUtils.java:logGet(43)) - raft.server.log.queue.element-limit = 1024 (custom)
2019-06-15 14:45:51,304 INFO  server.RaftServerConfigKeys (ConfUtils.java:logGet(43)) - raft.server.log.segment.size.max = 16384 (custom)
2019-06-15 14:45:51,304 INFO  server.RaftServerConfigKeys (ConfUtils.java:logGet(43)) - raft.server.log.preallocated.size = 16384 (custom)
2019-06-15 14:45:51,304 INFO  server.RaftServerConfigKeys (ConfUtils.java:logGet(43)) - raft.server.log.write.buffer.size = 33554432 (custom)
2019-06-15 14:45:51,304 INFO  server.RaftServerConfigKeys (ConfUtils.java:logGet(43)) - raft.server.log.force.sync.num = 128 (default)
2019-06-15 14:45:51,304 INFO  server.RaftServerConfigKeys (ConfUtils.java:logGet(43)) - raft.server.log.statemachine.data.sync = true (default)
2019-06-15 14:45:51,304 INFO  server.RaftServerConfigKeys (ConfUtils.java:logGet(43)) - raft.server.log.statemachine.data.sync.timeout = 10s (default)
2019-06-15 14:45:51,304 INFO  server.RaftServerConfigKeys (ConfUtils.java:logGet(43)) - raft.server.log.statemachine.data.sync.timeout.retry = -1 (default)
2019-06-15 14:45:51,304 INFO  server.RaftServerConfigKeys (ConfUtils.java:logGet(43)) - raft.server.log.statemachine.data.caching.enabled = true (custom)
2019-06-15 14:45:51,304 INFO  storage.RaftStorage (RaftStorage.java:format(75)) - Storage directory /opt/src/hadoop-ozone/integration-test/target/test-dir/MiniOzoneClusterImpl-95d9c4c0-945b-4a99-8fe3-81641a0eec15/datanode-2/data/ratis/bd504de7-5ce7-4b30-bb79-d7930a7c0b5e has been successfully formatted.
2019-06-15 14:45:51,304 INFO  ratis.ContainerStateMachine (ContainerStateMachine.java:loadSnapshot(199)) - The snapshot info is null.Setting the last applied index to:(t:0, i:~)
2019-06-15 14:45:51,304 INFO  server.RaftServerConfigKeys (ConfUtils.java:logGet(43)) - raft.server.leader.election.timeout = 120s (custom)
2019-06-15 14:45:51,305 INFO  server.RaftServerConfigKeys (ConfUtils.java:logGet(43)) - raft.server.log.use.memory = false (default)
2019-06-15 14:45:51,305 INFO  server.RaftServerConfigKeys (ConfUtils.java:logGet(43)) - raft.server.log.appender.buffer.byte-limit = 33554432 (custom)
2019-06-15 14:45:51,305 INFO  server.RaftServerConfigKeys (ConfUtils.java:logGet(43)) - raft.server.log.segment.size.max = 16384 (custom)
2019-06-15 14:45:51,305 INFO  server.RaftServerConfigKeys (ConfUtils.java:logGet(43)) - raft.server.log.segment.cache.num.max = 2 (custom)
2019-06-15 14:45:51,305 INFO  storage.RaftLogWorker (RaftLogWorker.java:<init>(123)) - new 510376b1-7521-4643-9224-c210e1838e3c-RaftLogWorker for Storage Directory /opt/src/hadoop-ozone/integration-test/target/test-dir/MiniOzoneClusterImpl-95d9c4c0-945b-4a99-8fe3-81641a0eec15/datanode-2/data/ratis/bd504de7-5ce7-4b30-bb79-d7930a7c0b5e
2019-06-15 14:45:51,305 INFO  server.RaftServerConfigKeys (ConfUtils.java:logGet(43)) - raft.server.log.queue.byte-limit = 2147483647 (custom)
2019-06-15 14:45:51,305 INFO  server.RaftServerConfigKeys (ConfUtils.java:logGet(43)) - raft.server.log.queue.element-limit = 1024 (custom)
2019-06-15 14:45:51,305 INFO  server.RaftServerConfigKeys (ConfUtils.java:logGet(43)) - raft.server.log.segment.size.max = 16384 (custom)
2019-06-15 14:45:51,305 INFO  server.RaftServerConfigKeys (ConfUtils.java:logGet(43)) - raft.server.log.preallocated.size = 16384 (custom)
2019-06-15 14:45:51,305 INFO  server.RaftServerConfigKeys (ConfUtils.java:logGet(43)) - raft.server.log.write.buffer.size = 33554432 (custom)
2019-06-15 14:45:51,305 INFO  server.RaftServerConfigKeys (ConfUtils.java:logGet(43)) - raft.server.log.force.sync.num = 128 (default)
2019-06-15 14:45:51,305 INFO  server.RaftServerConfigKeys (ConfUtils.java:logGet(43)) - raft.server.log.statemachine.data.sync = true (default)
2019-06-15 14:45:51,305 INFO  server.RaftServerConfigKeys (ConfUtils.java:logGet(43)) - raft.server.log.statemachine.data.sync.timeout = 10s (default)
2019-06-15 14:45:51,305 INFO  server.RaftServerConfigKeys (ConfUtils.java:logGet(43)) - raft.server.snapshot.auto.trigger.enabled = true (custom)
2019-06-15 14:45:51,305 INFO  server.RaftServerConfigKeys (ConfUtils.java:logGet(43)) - raft.server.log.statemachine.data.sync.timeout.retry = -1 (default)
2019-06-15 14:45:51,305 INFO  server.RaftServerConfigKeys (ConfUtils.java:logGet(43)) - raft.server.snapshot.auto.trigger.threshold = 10000 (custom)
2019-06-15 14:45:51,306 INFO  server.RaftServerConfigKeys (ConfUtils.java:logGet(43)) - raft.server.log.statemachine.data.caching.enabled = true (custom)
2019-06-15 14:45:51,306 INFO  server.RaftServerConfigKeys (ConfUtils.java:logGet(43)) - raft.server.retrycache.expirytime = 600000ms (custom)
2019-06-15 14:45:51,306 INFO  impl.RaftServerImpl (RaftServerImpl.java:start(173)) - 0a6df178-cea4-4e1d-bff5-419ff8df5a6d: start group-D7930A7C0B5E
2019-06-15 14:45:51,306 INFO  impl.RaftServerImpl (RaftServerImpl.java:setRole(164)) - 0a6df178-cea4-4e1d-bff5-419ff8df5a6d:group-D7930A7C0B5E changes role from null to FOLLOWER at term 0 for startAsFollower
2019-06-15 14:45:51,306 INFO  server.RaftServerConfigKeys (ConfUtils.java:logGet(43)) - raft.server.snapshot.auto.trigger.enabled = true (custom)
2019-06-15 14:45:51,306 INFO  server.RaftServerConfigKeys (ConfUtils.java:logGet(43)) - raft.server.snapshot.auto.trigger.threshold = 10000 (custom)
2019-06-15 14:45:51,306 INFO  impl.RoleInfo (RoleInfo.java:updateAndGet(143)) - 0a6df178-cea4-4e1d-bff5-419ff8df5a6d: start FollowerState
2019-06-15 14:45:51,306 INFO  server.RaftServerConfigKeys (ConfUtils.java:logGet(43)) - raft.server.retrycache.expirytime = 600000ms (custom)
2019-06-15 14:45:51,306 INFO  impl.RaftServerImpl (RaftServerImpl.java:start(173)) - 510376b1-7521-4643-9224-c210e1838e3c: start group-D7930A7C0B5E
2019-06-15 14:45:51,306 INFO  impl.RaftServerImpl (RaftServerImpl.java:setRole(164)) - 510376b1-7521-4643-9224-c210e1838e3c:group-D7930A7C0B5E changes role from null to FOLLOWER at term 0 for startAsFollower
2019-06-15 14:45:51,307 INFO  impl.RoleInfo (RoleInfo.java:updateAndGet(143)) - 510376b1-7521-4643-9224-c210e1838e3c: start FollowerState
2019-06-15 14:45:51,307 INFO  util.JmxRegister (JmxRegister.java:tryRegister(44)) - Successfully registered JMX Bean with object name Ratis:service=RaftServer,group=group-D7930A7C0B5E,id=0a6df178-cea4-4e1d-bff5-419ff8df5a6d
2019-06-15 14:45:51,311 INFO  util.JmxRegister (JmxRegister.java:tryRegister(44)) - Successfully registered JMX Bean with object name Ratis:service=RaftServer,group=group-D7930A7C0B5E,id=510376b1-7521-4643-9224-c210e1838e3c
2019-06-15 14:45:51,312 INFO  pipeline.PipelineStateManager (PipelineStateManager.java:addPipeline(56)) - Created pipeline Pipeline[ Id: bd504de7-5ce7-4b30-bb79-d7930a7c0b5e, Nodes: 0a6df178-cea4-4e1d-bff5-419ff8df5a6d{ip: 192.168.11.227, host: ozone-unit-076618677d3-4xtgz-810526965, networkLocation: /default-rack, certSerialId: null}5b2a4769-c38b-411d-93d4-a0e0a59b602f{ip: 192.168.11.227, host: ozone-unit-076618677d3-4xtgz-810526965, networkLocation: /default-rack, certSerialId: null}510376b1-7521-4643-9224-c210e1838e3c{ip: 192.168.11.227, host: ozone-unit-076618677d3-4xtgz-810526965, networkLocation: /default-rack, certSerialId: null}, Type:RATIS, Factor:THREE, State:OPEN]
2019-06-15 14:45:51,401 INFO  node.SCMNodeManager (SCMNodeManager.java:register(269)) - Registered Data node : 5bc9eae0-8a3b-4bd4-ac37-c0f192cbe433{ip: 192.168.11.227, host: ozone-unit-076618677d3-4xtgz-810526965, networkLocation: /default-rack, certSerialId: null}
2019-06-15 14:45:51,407 INFO  impl.RaftServerProxy (RaftServerProxy.java:addNew(89)) - 5bc9eae0-8a3b-4bd4-ac37-c0f192cbe433: addNew group-84DC5EA48150:[5bc9eae0-8a3b-4bd4-ac37-c0f192cbe433:192.168.11.227:36245] returns group-84DC5EA48150:java.util.concurrent.CompletableFuture@5b3e9edd[Not completed]
2019-06-15 14:45:51,407 INFO  impl.RaftServerImpl (RaftServerImpl.java:<init>(91)) - 5bc9eae0-8a3b-4bd4-ac37-c0f192cbe433: new RaftServerImpl for group-84DC5EA48150:[5bc9eae0-8a3b-4bd4-ac37-c0f192cbe433:192.168.11.227:36245] with ContainerStateMachine:uninitialized
2019-06-15 14:45:51,407 INFO  server.RaftServerConfigKeys (ConfUtils.java:logGet(43)) - raft.server.rpc.timeout.min = 1s (custom)
2019-06-15 14:45:51,407 INFO  server.RaftServerConfigKeys (ConfUtils.java:logGet(43)) - raft.server.rpc.timeout.max = 1200ms (custom)
2019-06-15 14:45:51,407 INFO  server.RaftServerConfigKeys (ConfUtils.java:logGet(43)) - raft.server.rpcslowness.timeout = 120s (custom)
2019-06-15 14:45:51,407 INFO  server.RaftServerConfigKeys (ConfUtils.java:logGet(43)) - raft.server.log.appender.install.snapshot.enabled = true (default)
2019-06-15 14:45:51,407 INFO  impl.RaftServerImpl (ServerState.java:<init>(101)) - 5bc9eae0-8a3b-4bd4-ac37-c0f192cbe433:group-84DC5EA48150 ConfigurationManager, init=-1: [5bc9eae0-8a3b-4bd4-ac37-c0f192cbe433:192.168.11.227:36245], old=null, confs=<EMPTY_MAP>
2019-06-15 14:45:51,407 INFO  server.RaftServerConfigKeys (ConfUtils.java:logGet(43)) - raft.server.storage.dir = [/opt/src/hadoop-ozone/integration-test/target/test-dir/MiniOzoneClusterImpl-95d9c4c0-945b-4a99-8fe3-81641a0eec15/datanode-3/data/ratis] (custom)
2019-06-15 14:45:51,408 INFO  storage.RaftStorageDirectory (RaftStorageDirectory.java:analyzeStorage(246)) - The storage directory /opt/src/hadoop-ozone/integration-test/target/test-dir/MiniOzoneClusterImpl-95d9c4c0-945b-4a99-8fe3-81641a0eec15/datanode-3/data/ratis/9013967e-1327-4213-a9dc-84dc5ea48150 does not exist. Creating ...
2019-06-15 14:45:51,410 INFO  storage.RaftStorageDirectory (RaftStorageDirectory.java:tryLock(328)) - Lock on /opt/src/hadoop-ozone/integration-test/target/test-dir/MiniOzoneClusterImpl-95d9c4c0-945b-4a99-8fe3-81641a0eec15/datanode-3/data/ratis/9013967e-1327-4213-a9dc-84dc5ea48150/in_use.lock acquired by nodename 14777@ozone-unit-076618677d3-4xtgz-810526965
2019-06-15 14:45:51,411 INFO  storage.RaftStorage (RaftStorage.java:format(75)) - Storage directory /opt/src/hadoop-ozone/integration-test/target/test-dir/MiniOzoneClusterImpl-95d9c4c0-945b-4a99-8fe3-81641a0eec15/datanode-3/data/ratis/9013967e-1327-4213-a9dc-84dc5ea48150 has been successfully formatted.
2019-06-15 14:45:51,412 INFO  ratis.ContainerStateMachine (ContainerStateMachine.java:loadSnapshot(199)) - The snapshot info is null.Setting the last applied index to:(t:0, i:~)
2019-06-15 14:45:51,412 INFO  server.RaftServerConfigKeys (ConfUtils.java:logGet(43)) - raft.server.leader.election.timeout = 120s (custom)
2019-06-15 14:45:51,412 INFO  server.RaftServerConfigKeys (ConfUtils.java:logGet(43)) - raft.server.log.use.memory = false (default)
2019-06-15 14:45:51,412 INFO  server.RaftServerConfigKeys (ConfUtils.java:logGet(43)) - raft.server.log.appender.buffer.byte-limit = 33554432 (custom)
2019-06-15 14:45:51,412 INFO  server.RaftServerConfigKeys (ConfUtils.java:logGet(43)) - raft.server.log.segment.size.max = 16384 (custom)
2019-06-15 14:45:51,412 INFO  server.RaftServerConfigKeys (ConfUtils.java:logGet(43)) - raft.server.log.segment.cache.num.max = 2 (custom)
2019-06-15 14:45:51,412 INFO  storage.RaftLogWorker (RaftLogWorker.java:<init>(123)) - new 5bc9eae0-8a3b-4bd4-ac37-c0f192cbe433-RaftLogWorker for Storage Directory /opt/src/hadoop-ozone/integration-test/target/test-dir/MiniOzoneClusterImpl-95d9c4c0-945b-4a99-8fe3-81641a0eec15/datanode-3/data/ratis/9013967e-1327-4213-a9dc-84dc5ea48150
2019-06-15 14:45:51,412 INFO  server.RaftServerConfigKeys (ConfUtils.java:logGet(43)) - raft.server.log.queue.byte-limit = 2147483647 (custom)
2019-06-15 14:45:51,412 INFO  server.RaftServerConfigKeys (ConfUtils.java:logGet(43)) - raft.server.log.queue.element-limit = 1024 (custom)
2019-06-15 14:45:51,412 INFO  server.RaftServerConfigKeys (ConfUtils.java:logGet(43)) - raft.server.log.segment.size.max = 16384 (custom)
2019-06-15 14:45:51,412 INFO  server.RaftServerConfigKeys (ConfUtils.java:logGet(43)) - raft.server.log.preallocated.size = 16384 (custom)
2019-06-15 14:45:51,412 INFO  server.RaftServerConfigKeys (ConfUtils.java:logGet(43)) - raft.server.log.write.buffer.size = 33554432 (custom)
2019-06-15 14:45:51,412 INFO  server.RaftServerConfigKeys (ConfUtils.java:logGet(43)) - raft.server.log.force.sync.num = 128 (default)
2019-06-15 14:45:51,412 INFO  server.RaftServerConfigKeys (ConfUtils.java:logGet(43)) - raft.server.log.statemachine.data.sync = true (default)
2019-06-15 14:45:51,413 INFO  server.RaftServerConfigKeys (ConfUtils.java:logGet(43)) - raft.server.log.statemachine.data.sync.timeout = 10s (default)
2019-06-15 14:45:51,413 INFO  server.RaftServerConfigKeys (ConfUtils.java:logGet(43)) - raft.server.log.statemachine.data.sync.timeout.retry = -1 (default)
2019-06-15 14:45:51,413 INFO  server.RaftServerConfigKeys (ConfUtils.java:logGet(43)) - raft.server.log.statemachine.data.caching.enabled = true (custom)
2019-06-15 14:45:51,413 INFO  server.RaftServerConfigKeys (ConfUtils.java:logGet(43)) - raft.server.snapshot.auto.trigger.enabled = true (custom)
2019-06-15 14:45:51,413 INFO  server.RaftServerConfigKeys (ConfUtils.java:logGet(43)) - raft.server.snapshot.auto.trigger.threshold = 10000 (custom)
2019-06-15 14:45:51,413 INFO  server.RaftServerConfigKeys (ConfUtils.java:logGet(43)) - raft.server.retrycache.expirytime = 600000ms (custom)
2019-06-15 14:45:51,413 INFO  impl.RaftServerImpl (RaftServerImpl.java:start(173)) - 5bc9eae0-8a3b-4bd4-ac37-c0f192cbe433: start group-84DC5EA48150
2019-06-15 14:45:51,413 INFO  impl.RaftServerImpl (RaftServerImpl.java:setRole(164)) - 5bc9eae0-8a3b-4bd4-ac37-c0f192cbe433:group-84DC5EA48150 changes role from null to FOLLOWER at term 0 for startAsFollower
2019-06-15 14:45:51,413 INFO  impl.RoleInfo (RoleInfo.java:updateAndGet(143)) - 5bc9eae0-8a3b-4bd4-ac37-c0f192cbe433: start FollowerState
2019-06-15 14:45:51,413 INFO  util.JmxRegister (JmxRegister.java:tryRegister(44)) - Successfully registered JMX Bean with object name Ratis:service=RaftServer,group=group-84DC5EA48150,id=5bc9eae0-8a3b-4bd4-ac37-c0f192cbe433
2019-06-15 14:45:51,415 INFO  pipeline.PipelineStateManager (PipelineStateManager.java:addPipeline(56)) - Created pipeline Pipeline[ Id: 9013967e-1327-4213-a9dc-84dc5ea48150, Nodes: 5bc9eae0-8a3b-4bd4-ac37-c0f192cbe433{ip: 192.168.11.227, host: ozone-unit-076618677d3-4xtgz-810526965, networkLocation: /default-rack, certSerialId: null}, Type:RATIS, Factor:ONE, State:OPEN]
2019-06-15 14:45:51,532 INFO  node.SCMNodeManager (SCMNodeManager.java:register(269)) - Registered Data node : 90cdac30-2265-4707-89d1-9c40023d64ad{ip: 192.168.11.227, host: ozone-unit-076618677d3-4xtgz-810526965, networkLocation: /default-rack, certSerialId: null}
2019-06-15 14:45:51,537 INFO  impl.RaftServerProxy (RaftServerProxy.java:addNew(89)) - 90cdac30-2265-4707-89d1-9c40023d64ad: addNew group-F805435B7FFE:[90cdac30-2265-4707-89d1-9c40023d64ad:192.168.11.227:37369] returns group-F805435B7FFE:java.util.concurrent.CompletableFuture@22f50cab[Not completed]
2019-06-15 14:45:51,538 INFO  impl.RaftServerImpl (RaftServerImpl.java:<init>(91)) - 90cdac30-2265-4707-89d1-9c40023d64ad: new RaftServerImpl for group-F805435B7FFE:[90cdac30-2265-4707-89d1-9c40023d64ad:192.168.11.227:37369] with ContainerStateMachine:uninitialized
2019-06-15 14:45:51,538 INFO  server.RaftServerConfigKeys (ConfUtils.java:logGet(43)) - raft.server.rpc.timeout.min = 1s (custom)
2019-06-15 14:45:51,538 INFO  server.RaftServerConfigKeys (ConfUtils.java:logGet(43)) - raft.server.rpc.timeout.max = 1200ms (custom)
2019-06-15 14:45:51,538 INFO  server.RaftServerConfigKeys (ConfUtils.java:logGet(43)) - raft.server.rpcslowness.timeout = 120s (custom)
2019-06-15 14:45:51,538 INFO  server.RaftServerConfigKeys (ConfUtils.java:logGet(43)) - raft.server.log.appender.install.snapshot.enabled = true (default)
2019-06-15 14:45:51,538 INFO  impl.RaftServerImpl (ServerState.java:<init>(101)) - 90cdac30-2265-4707-89d1-9c40023d64ad:group-F805435B7FFE ConfigurationManager, init=-1: [90cdac30-2265-4707-89d1-9c40023d64ad:192.168.11.227:37369], old=null, confs=<EMPTY_MAP>
2019-06-15 14:45:51,538 INFO  server.RaftServerConfigKeys (ConfUtils.java:logGet(43)) - raft.server.storage.dir = [/opt/src/hadoop-ozone/integration-test/target/test-dir/MiniOzoneClusterImpl-95d9c4c0-945b-4a99-8fe3-81641a0eec15/datanode-4/data/ratis] (custom)
2019-06-15 14:45:51,539 INFO  storage.RaftStorageDirectory (RaftStorageDirectory.java:analyzeStorage(246)) - The storage directory /opt/src/hadoop-ozone/integration-test/target/test-dir/MiniOzoneClusterImpl-95d9c4c0-945b-4a99-8fe3-81641a0eec15/datanode-4/data/ratis/bd35cb00-214b-4ae4-b308-f805435b7ffe does not exist. Creating ...
2019-06-15 14:45:51,541 INFO  storage.RaftStorageDirectory (RaftStorageDirectory.java:tryLock(328)) - Lock on /opt/src/hadoop-ozone/integration-test/target/test-dir/MiniOzoneClusterImpl-95d9c4c0-945b-4a99-8fe3-81641a0eec15/datanode-4/data/ratis/bd35cb00-214b-4ae4-b308-f805435b7ffe/in_use.lock acquired by nodename 14777@ozone-unit-076618677d3-4xtgz-810526965
2019-06-15 14:45:51,542 INFO  storage.RaftStorage (RaftStorage.java:format(75)) - Storage directory /opt/src/hadoop-ozone/integration-test/target/test-dir/MiniOzoneClusterImpl-95d9c4c0-945b-4a99-8fe3-81641a0eec15/datanode-4/data/ratis/bd35cb00-214b-4ae4-b308-f805435b7ffe has been successfully formatted.
2019-06-15 14:45:51,543 INFO  ratis.ContainerStateMachine (ContainerStateMachine.java:loadSnapshot(199)) - The snapshot info is null.Setting the last applied index to:(t:0, i:~)
2019-06-15 14:45:51,543 INFO  server.RaftServerConfigKeys (ConfUtils.java:logGet(43)) - raft.server.leader.election.timeout = 120s (custom)
2019-06-15 14:45:51,543 INFO  server.RaftServerConfigKeys (ConfUtils.java:logGet(43)) - raft.server.log.use.memory = false (default)
2019-06-15 14:45:51,543 INFO  server.RaftServerConfigKeys (ConfUtils.java:logGet(43)) - raft.server.log.appender.buffer.byte-limit = 33554432 (custom)
2019-06-15 14:45:51,543 INFO  server.RaftServerConfigKeys (ConfUtils.java:logGet(43)) - raft.server.log.segment.size.max = 16384 (custom)
2019-06-15 14:45:51,543 INFO  server.RaftServerConfigKeys (ConfUtils.java:logGet(43)) - raft.server.log.segment.cache.num.max = 2 (custom)
2019-06-15 14:45:51,543 INFO  storage.RaftLogWorker (RaftLogWorker.java:<init>(123)) - new 90cdac30-2265-4707-89d1-9c40023d64ad-RaftLogWorker for Storage Directory /opt/src/hadoop-ozone/integration-test/target/test-dir/MiniOzoneClusterImpl-95d9c4c0-945b-4a99-8fe3-81641a0eec15/datanode-4/data/ratis/bd35cb00-214b-4ae4-b308-f805435b7ffe
2019-06-15 14:45:51,543 INFO  server.RaftServerConfigKeys (ConfUtils.java:logGet(43)) - raft.server.log.queue.byte-limit = 2147483647 (custom)
2019-06-15 14:45:51,543 INFO  server.RaftServerConfigKeys (ConfUtils.java:logGet(43)) - raft.server.log.queue.element-limit = 1024 (custom)
2019-06-15 14:45:51,543 INFO  server.RaftServerConfigKeys (ConfUtils.java:logGet(43)) - raft.server.log.segment.size.max = 16384 (custom)
2019-06-15 14:45:51,543 INFO  server.RaftServerConfigKeys (ConfUtils.java:logGet(43)) - raft.server.log.preallocated.size = 16384 (custom)
2019-06-15 14:45:51,543 INFO  server.RaftServerConfigKeys (ConfUtils.java:logGet(43)) - raft.server.log.write.buffer.size = 33554432 (custom)
2019-06-15 14:45:51,544 INFO  server.RaftServerConfigKeys (ConfUtils.java:logGet(43)) - raft.server.log.force.sync.num = 128 (default)
2019-06-15 14:45:51,544 INFO  server.RaftServerConfigKeys (ConfUtils.java:logGet(43)) - raft.server.log.statemachine.data.sync = true (default)
2019-06-15 14:45:51,544 INFO  server.RaftServerConfigKeys (ConfUtils.java:logGet(43)) - raft.server.log.statemachine.data.sync.timeout = 10s (default)
2019-06-15 14:45:51,544 INFO  server.RaftServerConfigKeys (ConfUtils.java:logGet(43)) - raft.server.log.statemachine.data.sync.timeout.retry = -1 (default)
2019-06-15 14:45:51,544 INFO  server.RaftServerConfigKeys (ConfUtils.java:logGet(43)) - raft.server.log.statemachine.data.caching.enabled = true (custom)
2019-06-15 14:45:51,544 INFO  server.RaftServerConfigKeys (ConfUtils.java:logGet(43)) - raft.server.snapshot.auto.trigger.enabled = true (custom)
2019-06-15 14:45:51,544 INFO  server.RaftServerConfigKeys (ConfUtils.java:logGet(43)) - raft.server.snapshot.auto.trigger.threshold = 10000 (custom)
2019-06-15 14:45:51,544 INFO  server.RaftServerConfigKeys (ConfUtils.java:logGet(43)) - raft.server.retrycache.expirytime = 600000ms (custom)
2019-06-15 14:45:51,544 INFO  impl.RaftServerImpl (RaftServerImpl.java:start(173)) - 90cdac30-2265-4707-89d1-9c40023d64ad: start group-F805435B7FFE
2019-06-15 14:45:51,544 INFO  impl.RaftServerImpl (RaftServerImpl.java:setRole(164)) - 90cdac30-2265-4707-89d1-9c40023d64ad:group-F805435B7FFE changes role from null to FOLLOWER at term 0 for startAsFollower
2019-06-15 14:45:51,545 INFO  impl.RoleInfo (RoleInfo.java:updateAndGet(143)) - 90cdac30-2265-4707-89d1-9c40023d64ad: start FollowerState
2019-06-15 14:45:51,545 INFO  util.JmxRegister (JmxRegister.java:tryRegister(44)) - Successfully registered JMX Bean with object name Ratis:service=RaftServer,group=group-F805435B7FFE,id=90cdac30-2265-4707-89d1-9c40023d64ad
2019-06-15 14:45:51,546 INFO  pipeline.PipelineStateManager (PipelineStateManager.java:addPipeline(56)) - Created pipeline Pipeline[ Id: bd35cb00-214b-4ae4-b308-f805435b7ffe, Nodes: 90cdac30-2265-4707-89d1-9c40023d64ad{ip: 192.168.11.227, host: ozone-unit-076618677d3-4xtgz-810526965, networkLocation: /default-rack, certSerialId: null}, Type:RATIS, Factor:ONE, State:OPEN]
2019-06-15 14:45:51,659 INFO  ozone.MiniOzoneClusterImpl (MiniOzoneClusterImpl.java:lambda$waitForClusterToBeReady$0(142)) - Waiting for cluster to be ready. Got 5 of 6 DN Heartbeats.
2019-06-15 14:45:51,660 INFO  node.SCMNodeManager (SCMNodeManager.java:register(269)) - Registered Data node : 8f11b167-0845-4e99-a28a-cc709fce1b32{ip: 192.168.11.227, host: ozone-unit-076618677d3-4xtgz-810526965, networkLocation: /default-rack, certSerialId: null}
2019-06-15 14:45:51,665 INFO  impl.RaftServerProxy (RaftServerProxy.java:addNew(89)) - 8f11b167-0845-4e99-a28a-cc709fce1b32: addNew group-97BF6DABBC86:[8f11b167-0845-4e99-a28a-cc709fce1b32:192.168.11.227:37527] returns group-97BF6DABBC86:java.util.concurrent.CompletableFuture@144c2f36[Not completed]
2019-06-15 14:45:51,666 INFO  impl.RaftServerImpl (RaftServerImpl.java:<init>(91)) - 8f11b167-0845-4e99-a28a-cc709fce1b32: new RaftServerImpl for group-97BF6DABBC86:[8f11b167-0845-4e99-a28a-cc709fce1b32:192.168.11.227:37527] with ContainerStateMachine:uninitialized
2019-06-15 14:45:51,666 INFO  server.RaftServerConfigKeys (ConfUtils.java:logGet(43)) - raft.server.rpc.timeout.min = 1s (custom)
2019-06-15 14:45:51,666 INFO  server.RaftServerConfigKeys (ConfUtils.java:logGet(43)) - raft.server.rpc.timeout.max = 1200ms (custom)
2019-06-15 14:45:51,666 INFO  server.RaftServerConfigKeys (ConfUtils.java:logGet(43)) - raft.server.rpcslowness.timeout = 120s (custom)
2019-06-15 14:45:51,666 INFO  server.RaftServerConfigKeys (ConfUtils.java:logGet(43)) - raft.server.log.appender.install.snapshot.enabled = true (default)
2019-06-15 14:45:51,666 INFO  impl.RaftServerImpl (ServerState.java:<init>(101)) - 8f11b167-0845-4e99-a28a-cc709fce1b32:group-97BF6DABBC86 ConfigurationManager, init=-1: [8f11b167-0845-4e99-a28a-cc709fce1b32:192.168.11.227:37527], old=null, confs=<EMPTY_MAP>
2019-06-15 14:45:51,666 INFO  server.RaftServerConfigKeys (ConfUtils.java:logGet(43)) - raft.server.storage.dir = [/opt/src/hadoop-ozone/integration-test/target/test-dir/MiniOzoneClusterImpl-95d9c4c0-945b-4a99-8fe3-81641a0eec15/datanode-5/data/ratis] (custom)
2019-06-15 14:45:51,666 INFO  storage.RaftStorageDirectory (RaftStorageDirectory.java:analyzeStorage(246)) - The storage directory /opt/src/hadoop-ozone/integration-test/target/test-dir/MiniOzoneClusterImpl-95d9c4c0-945b-4a99-8fe3-81641a0eec15/datanode-5/data/ratis/f107e7f7-831d-47a2-9636-97bf6dabbc86 does not exist. Creating ...
2019-06-15 14:45:51,668 INFO  storage.RaftStorageDirectory (RaftStorageDirectory.java:tryLock(328)) - Lock on /opt/src/hadoop-ozone/integration-test/target/test-dir/MiniOzoneClusterImpl-95d9c4c0-945b-4a99-8fe3-81641a0eec15/datanode-5/data/ratis/f107e7f7-831d-47a2-9636-97bf6dabbc86/in_use.lock acquired by nodename 14777@ozone-unit-076618677d3-4xtgz-810526965
2019-06-15 14:45:51,670 INFO  storage.RaftStorage (RaftStorage.java:format(75)) - Storage directory /opt/src/hadoop-ozone/integration-test/target/test-dir/MiniOzoneClusterImpl-95d9c4c0-945b-4a99-8fe3-81641a0eec15/datanode-5/data/ratis/f107e7f7-831d-47a2-9636-97bf6dabbc86 has been successfully formatted.
2019-06-15 14:45:51,671 INFO  ratis.ContainerStateMachine (ContainerStateMachine.java:loadSnapshot(199)) - The snapshot info is null.Setting the last applied index to:(t:0, i:~)
2019-06-15 14:45:51,671 INFO  server.RaftServerConfigKeys (ConfUtils.java:logGet(43)) - raft.server.leader.election.timeout = 120s (custom)
2019-06-15 14:45:51,671 INFO  server.RaftServerConfigKeys (ConfUtils.java:logGet(43)) - raft.server.log.use.memory = false (default)
2019-06-15 14:45:51,671 INFO  server.RaftServerConfigKeys (ConfUtils.java:logGet(43)) - raft.server.log.appender.buffer.byte-limit = 33554432 (custom)
2019-06-15 14:45:51,671 INFO  server.RaftServerConfigKeys (ConfUtils.java:logGet(43)) - raft.server.log.segment.size.max = 16384 (custom)
2019-06-15 14:45:51,671 INFO  server.RaftServerConfigKeys (ConfUtils.java:logGet(43)) - raft.server.log.segment.cache.num.max = 2 (custom)
2019-06-15 14:45:51,671 INFO  storage.RaftLogWorker (RaftLogWorker.java:<init>(123)) - new 8f11b167-0845-4e99-a28a-cc709fce1b32-RaftLogWorker for Storage Directory /opt/src/hadoop-ozone/integration-test/target/test-dir/MiniOzoneClusterImpl-95d9c4c0-945b-4a99-8fe3-81641a0eec15/datanode-5/data/ratis/f107e7f7-831d-47a2-9636-97bf6dabbc86
2019-06-15 14:45:51,671 INFO  server.RaftServerConfigKeys (ConfUtils.java:logGet(43)) - raft.server.log.queue.byte-limit = 2147483647 (custom)
2019-06-15 14:45:51,671 INFO  server.RaftServerConfigKeys (ConfUtils.java:logGet(43)) - raft.server.log.queue.element-limit = 1024 (custom)
2019-06-15 14:45:51,671 INFO  server.RaftServerConfigKeys (ConfUtils.java:logGet(43)) - raft.server.log.segment.size.max = 16384 (custom)
2019-06-15 14:45:51,671 INFO  server.RaftServerConfigKeys (ConfUtils.java:logGet(43)) - raft.server.log.preallocated.size = 16384 (custom)
2019-06-15 14:45:51,671 INFO  server.RaftServerConfigKeys (ConfUtils.java:logGet(43)) - raft.server.log.write.buffer.size = 33554432 (custom)
2019-06-15 14:45:51,671 INFO  server.RaftServerConfigKeys (ConfUtils.java:logGet(43)) - raft.server.log.force.sync.num = 128 (default)
2019-06-15 14:45:51,671 INFO  server.RaftServerConfigKeys (ConfUtils.java:logGet(43)) - raft.server.log.statemachine.data.sync = true (default)
2019-06-15 14:45:51,671 INFO  server.RaftServerConfigKeys (ConfUtils.java:logGet(43)) - raft.server.log.statemachine.data.sync.timeout = 10s (default)
2019-06-15 14:45:51,672 INFO  server.RaftServerConfigKeys (ConfUtils.java:logGet(43)) - raft.server.log.statemachine.data.sync.timeout.retry = -1 (default)
2019-06-15 14:45:51,672 INFO  server.RaftServerConfigKeys (ConfUtils.java:logGet(43)) - raft.server.log.statemachine.data.caching.enabled = true (custom)
2019-06-15 14:45:51,672 INFO  server.RaftServerConfigKeys (ConfUtils.java:logGet(43)) - raft.server.snapshot.auto.trigger.enabled = true (custom)
2019-06-15 14:45:51,672 INFO  server.RaftServerConfigKeys (ConfUtils.java:logGet(43)) - raft.server.snapshot.auto.trigger.threshold = 10000 (custom)
2019-06-15 14:45:51,672 INFO  server.RaftServerConfigKeys (ConfUtils.java:logGet(43)) - raft.server.retrycache.expirytime = 600000ms (custom)
2019-06-15 14:45:51,672 INFO  impl.RaftServerImpl (RaftServerImpl.java:start(173)) - 8f11b167-0845-4e99-a28a-cc709fce1b32: start group-97BF6DABBC86
2019-06-15 14:45:51,672 INFO  impl.RaftServerImpl (RaftServerImpl.java:setRole(164)) - 8f11b167-0845-4e99-a28a-cc709fce1b32:group-97BF6DABBC86 changes role from null to FOLLOWER at term 0 for startAsFollower
2019-06-15 14:45:51,672 INFO  impl.RoleInfo (RoleInfo.java:updateAndGet(143)) - 8f11b167-0845-4e99-a28a-cc709fce1b32: start FollowerState
2019-06-15 14:45:51,672 INFO  util.JmxRegister (JmxRegister.java:tryRegister(44)) - Successfully registered JMX Bean with object name Ratis:service=RaftServer,group=group-97BF6DABBC86,id=8f11b167-0845-4e99-a28a-cc709fce1b32
2019-06-15 14:45:51,674 INFO  pipeline.PipelineStateManager (PipelineStateManager.java:addPipeline(56)) - Created pipeline Pipeline[ Id: f107e7f7-831d-47a2-9636-97bf6dabbc86, Nodes: 8f11b167-0845-4e99-a28a-cc709fce1b32{ip: 192.168.11.227, host: ozone-unit-076618677d3-4xtgz-810526965, networkLocation: /default-rack, certSerialId: null}, Type:RATIS, Factor:ONE, State:OPEN]
2019-06-15 14:45:51,684 INFO  impl.RaftServerProxy (RaftServerProxy.java:addNew(89)) - 5bc9eae0-8a3b-4bd4-ac37-c0f192cbe433: addNew group-9BAF564BD1F3:[90cdac30-2265-4707-89d1-9c40023d64ad:192.168.11.227:37369, 8f11b167-0845-4e99-a28a-cc709fce1b32:192.168.11.227:37527, 5bc9eae0-8a3b-4bd4-ac37-c0f192cbe433:192.168.11.227:36245] returns group-9BAF564BD1F3:java.util.concurrent.CompletableFuture@66e9c92[Not completed]
2019-06-15 14:45:51,684 INFO  impl.RaftServerProxy (RaftServerProxy.java:addNew(89)) - 90cdac30-2265-4707-89d1-9c40023d64ad: addNew group-9BAF564BD1F3:[90cdac30-2265-4707-89d1-9c40023d64ad:192.168.11.227:37369, 8f11b167-0845-4e99-a28a-cc709fce1b32:192.168.11.227:37527, 5bc9eae0-8a3b-4bd4-ac37-c0f192cbe433:192.168.11.227:36245] returns group-9BAF564BD1F3:java.util.concurrent.CompletableFuture@63f18dea[Not completed]
2019-06-15 14:45:51,684 INFO  impl.RaftServerImpl (RaftServerImpl.java:<init>(91)) - 5bc9eae0-8a3b-4bd4-ac37-c0f192cbe433: new RaftServerImpl for group-9BAF564BD1F3:[90cdac30-2265-4707-89d1-9c40023d64ad:192.168.11.227:37369, 8f11b167-0845-4e99-a28a-cc709fce1b32:192.168.11.227:37527, 5bc9eae0-8a3b-4bd4-ac37-c0f192cbe433:192.168.11.227:36245] with ContainerStateMachine:uninitialized
2019-06-15 14:45:51,684 INFO  server.RaftServerConfigKeys (ConfUtils.java:logGet(43)) - raft.server.rpc.timeout.min = 1s (custom)
2019-06-15 14:45:51,685 INFO  server.RaftServerConfigKeys (ConfUtils.java:logGet(43)) - raft.server.rpc.timeout.max = 1200ms (custom)
2019-06-15 14:45:51,685 INFO  server.RaftServerConfigKeys (ConfUtils.java:logGet(43)) - raft.server.rpcslowness.timeout = 120s (custom)
2019-06-15 14:45:51,685 INFO  server.RaftServerConfigKeys (ConfUtils.java:logGet(43)) - raft.server.log.appender.install.snapshot.enabled = true (default)
2019-06-15 14:45:51,685 INFO  impl.RaftServerImpl (ServerState.java:<init>(101)) - 5bc9eae0-8a3b-4bd4-ac37-c0f192cbe433:group-9BAF564BD1F3 ConfigurationManager, init=-1: [90cdac30-2265-4707-89d1-9c40023d64ad:192.168.11.227:37369, 8f11b167-0845-4e99-a28a-cc709fce1b32:192.168.11.227:37527, 5bc9eae0-8a3b-4bd4-ac37-c0f192cbe433:192.168.11.227:36245], old=null, confs=<EMPTY_MAP>
2019-06-15 14:45:51,685 INFO  server.RaftServerConfigKeys (ConfUtils.java:logGet(43)) - raft.server.storage.dir = [/opt/src/hadoop-ozone/integration-test/target/test-dir/MiniOzoneClusterImpl-95d9c4c0-945b-4a99-8fe3-81641a0eec15/datanode-3/data/ratis] (custom)
2019-06-15 14:45:51,685 INFO  storage.RaftStorageDirectory (RaftStorageDirectory.java:analyzeStorage(246)) - The storage directory /opt/src/hadoop-ozone/integration-test/target/test-dir/MiniOzoneClusterImpl-95d9c4c0-945b-4a99-8fe3-81641a0eec15/datanode-3/data/ratis/1c0ae1c7-a6fb-4169-ae5b-9baf564bd1f3 does not exist. Creating ...
2019-06-15 14:45:51,685 INFO  impl.RaftServerImpl (RaftServerImpl.java:<init>(91)) - 90cdac30-2265-4707-89d1-9c40023d64ad: new RaftServerImpl for group-9BAF564BD1F3:[90cdac30-2265-4707-89d1-9c40023d64ad:192.168.11.227:37369, 8f11b167-0845-4e99-a28a-cc709fce1b32:192.168.11.227:37527, 5bc9eae0-8a3b-4bd4-ac37-c0f192cbe433:192.168.11.227:36245] with ContainerStateMachine:uninitialized
2019-06-15 14:45:51,686 INFO  server.RaftServerConfigKeys (ConfUtils.java:logGet(43)) - raft.server.rpc.timeout.min = 1s (custom)
2019-06-15 14:45:51,686 INFO  server.RaftServerConfigKeys (ConfUtils.java:logGet(43)) - raft.server.rpc.timeout.max = 1200ms (custom)
2019-06-15 14:45:51,686 INFO  server.RaftServerConfigKeys (ConfUtils.java:logGet(43)) - raft.server.rpcslowness.timeout = 120s (custom)
2019-06-15 14:45:51,686 INFO  server.RaftServerConfigKeys (ConfUtils.java:logGet(43)) - raft.server.log.appender.install.snapshot.enabled = true (default)
2019-06-15 14:45:51,686 INFO  impl.RaftServerImpl (ServerState.java:<init>(101)) - 90cdac30-2265-4707-89d1-9c40023d64ad:group-9BAF564BD1F3 ConfigurationManager, init=-1: [90cdac30-2265-4707-89d1-9c40023d64ad:192.168.11.227:37369, 8f11b167-0845-4e99-a28a-cc709fce1b32:192.168.11.227:37527, 5bc9eae0-8a3b-4bd4-ac37-c0f192cbe433:192.168.11.227:36245], old=null, confs=<EMPTY_MAP>
2019-06-15 14:45:51,686 INFO  server.RaftServerConfigKeys (ConfUtils.java:logGet(43)) - raft.server.storage.dir = [/opt/src/hadoop-ozone/integration-test/target/test-dir/MiniOzoneClusterImpl-95d9c4c0-945b-4a99-8fe3-81641a0eec15/datanode-4/data/ratis] (custom)
2019-06-15 14:45:51,686 INFO  storage.RaftStorageDirectory (RaftStorageDirectory.java:analyzeStorage(246)) - The storage directory /opt/src/hadoop-ozone/integration-test/target/test-dir/MiniOzoneClusterImpl-95d9c4c0-945b-4a99-8fe3-81641a0eec15/datanode-4/data/ratis/1c0ae1c7-a6fb-4169-ae5b-9baf564bd1f3 does not exist. Creating ...
2019-06-15 14:45:51,687 INFO  storage.RaftStorageDirectory (RaftStorageDirectory.java:tryLock(328)) - Lock on /opt/src/hadoop-ozone/integration-test/target/test-dir/MiniOzoneClusterImpl-95d9c4c0-945b-4a99-8fe3-81641a0eec15/datanode-3/data/ratis/1c0ae1c7-a6fb-4169-ae5b-9baf564bd1f3/in_use.lock acquired by nodename 14777@ozone-unit-076618677d3-4xtgz-810526965
2019-06-15 14:45:51,688 INFO  impl.RaftServerProxy (RaftServerProxy.java:addNew(89)) - 8f11b167-0845-4e99-a28a-cc709fce1b32: addNew group-9BAF564BD1F3:[90cdac30-2265-4707-89d1-9c40023d64ad:192.168.11.227:37369, 8f11b167-0845-4e99-a28a-cc709fce1b32:192.168.11.227:37527, 5bc9eae0-8a3b-4bd4-ac37-c0f192cbe433:192.168.11.227:36245] returns group-9BAF564BD1F3:java.util.concurrent.CompletableFuture@ad2db03[Not completed]
2019-06-15 14:45:51,688 INFO  impl.RaftServerImpl (RaftServerImpl.java:<init>(91)) - 8f11b167-0845-4e99-a28a-cc709fce1b32: new RaftServerImpl for group-9BAF564BD1F3:[90cdac30-2265-4707-89d1-9c40023d64ad:192.168.11.227:37369, 8f11b167-0845-4e99-a28a-cc709fce1b32:192.168.11.227:37527, 5bc9eae0-8a3b-4bd4-ac37-c0f192cbe433:192.168.11.227:36245] with ContainerStateMachine:uninitialized
2019-06-15 14:45:51,688 INFO  server.RaftServerConfigKeys (ConfUtils.java:logGet(43)) - raft.server.rpc.timeout.min = 1s (custom)
2019-06-15 14:45:51,688 INFO  server.RaftServerConfigKeys (ConfUtils.java:logGet(43)) - raft.server.rpc.timeout.max = 1200ms (custom)
2019-06-15 14:45:51,688 INFO  server.RaftServerConfigKeys (ConfUtils.java:logGet(43)) - raft.server.rpcslowness.timeout = 120s (custom)
2019-06-15 14:45:51,688 INFO  server.RaftServerConfigKeys (ConfUtils.java:logGet(43)) - raft.server.log.appender.install.snapshot.enabled = true (default)
2019-06-15 14:45:51,688 INFO  impl.RaftServerImpl (ServerState.java:<init>(101)) - 8f11b167-0845-4e99-a28a-cc709fce1b32:group-9BAF564BD1F3 ConfigurationManager, init=-1: [90cdac30-2265-4707-89d1-9c40023d64ad:192.168.11.227:37369, 8f11b167-0845-4e99-a28a-cc709fce1b32:192.168.11.227:37527, 5bc9eae0-8a3b-4bd4-ac37-c0f192cbe433:192.168.11.227:36245], old=null, confs=<EMPTY_MAP>
2019-06-15 14:45:51,688 INFO  server.RaftServerConfigKeys (ConfUtils.java:logGet(43)) - raft.server.storage.dir = [/opt/src/hadoop-ozone/integration-test/target/test-dir/MiniOzoneClusterImpl-95d9c4c0-945b-4a99-8fe3-81641a0eec15/datanode-5/data/ratis] (custom)
2019-06-15 14:45:51,689 INFO  storage.RaftStorageDirectory (RaftStorageDirectory.java:analyzeStorage(246)) - The storage directory /opt/src/hadoop-ozone/integration-test/target/test-dir/MiniOzoneClusterImpl-95d9c4c0-945b-4a99-8fe3-81641a0eec15/datanode-5/data/ratis/1c0ae1c7-a6fb-4169-ae5b-9baf564bd1f3 does not exist. Creating ...
2019-06-15 14:45:51,689 INFO  storage.RaftStorageDirectory (RaftStorageDirectory.java:tryLock(328)) - Lock on /opt/src/hadoop-ozone/integration-test/target/test-dir/MiniOzoneClusterImpl-95d9c4c0-945b-4a99-8fe3-81641a0eec15/datanode-4/data/ratis/1c0ae1c7-a6fb-4169-ae5b-9baf564bd1f3/in_use.lock acquired by nodename 14777@ozone-unit-076618677d3-4xtgz-810526965
2019-06-15 14:45:51,690 INFO  storage.RaftStorageDirectory (RaftStorageDirectory.java:tryLock(328)) - Lock on /opt/src/hadoop-ozone/integration-test/target/test-dir/MiniOzoneClusterImpl-95d9c4c0-945b-4a99-8fe3-81641a0eec15/datanode-5/data/ratis/1c0ae1c7-a6fb-4169-ae5b-9baf564bd1f3/in_use.lock acquired by nodename 14777@ozone-unit-076618677d3-4xtgz-810526965
2019-06-15 14:45:51,690 INFO  storage.RaftStorage (RaftStorage.java:format(75)) - Storage directory /opt/src/hadoop-ozone/integration-test/target/test-dir/MiniOzoneClusterImpl-95d9c4c0-945b-4a99-8fe3-81641a0eec15/datanode-3/data/ratis/1c0ae1c7-a6fb-4169-ae5b-9baf564bd1f3 has been successfully formatted.
2019-06-15 14:45:51,691 INFO  ratis.ContainerStateMachine (ContainerStateMachine.java:loadSnapshot(199)) - The snapshot info is null.Setting the last applied index to:(t:0, i:~)
2019-06-15 14:45:51,691 INFO  server.RaftServerConfigKeys (ConfUtils.java:logGet(43)) - raft.server.leader.election.timeout = 120s (custom)
2019-06-15 14:45:51,691 INFO  server.RaftServerConfigKeys (ConfUtils.java:logGet(43)) - raft.server.log.use.memory = false (default)
2019-06-15 14:45:51,691 INFO  server.RaftServerConfigKeys (ConfUtils.java:logGet(43)) - raft.server.log.appender.buffer.byte-limit = 33554432 (custom)
2019-06-15 14:45:51,691 INFO  server.RaftServerConfigKeys (ConfUtils.java:logGet(43)) - raft.server.log.segment.size.max = 16384 (custom)
2019-06-15 14:45:51,691 INFO  server.RaftServerConfigKeys (ConfUtils.java:logGet(43)) - raft.server.log.segment.cache.num.max = 2 (custom)
2019-06-15 14:45:51,691 INFO  storage.RaftLogWorker (RaftLogWorker.java:<init>(123)) - new 5bc9eae0-8a3b-4bd4-ac37-c0f192cbe433-RaftLogWorker for Storage Directory /opt/src/hadoop-ozone/integration-test/target/test-dir/MiniOzoneClusterImpl-95d9c4c0-945b-4a99-8fe3-81641a0eec15/datanode-3/data/ratis/1c0ae1c7-a6fb-4169-ae5b-9baf564bd1f3
2019-06-15 14:45:51,691 INFO  server.RaftServerConfigKeys (ConfUtils.java:logGet(43)) - raft.server.log.queue.byte-limit = 2147483647 (custom)
2019-06-15 14:45:51,691 INFO  server.RaftServerConfigKeys (ConfUtils.java:logGet(43)) - raft.server.log.queue.element-limit = 1024 (custom)
2019-06-15 14:45:51,691 INFO  server.RaftServerConfigKeys (ConfUtils.java:logGet(43)) - raft.server.log.segment.size.max = 16384 (custom)
2019-06-15 14:45:51,691 INFO  server.RaftServerConfigKeys (ConfUtils.java:logGet(43)) - raft.server.log.preallocated.size = 16384 (custom)
2019-06-15 14:45:51,691 INFO  server.RaftServerConfigKeys (ConfUtils.java:logGet(43)) - raft.server.log.write.buffer.size = 33554432 (custom)
2019-06-15 14:45:51,691 INFO  server.RaftServerConfigKeys (ConfUtils.java:logGet(43)) - raft.server.log.force.sync.num = 128 (default)
2019-06-15 14:45:51,691 INFO  server.RaftServerConfigKeys (ConfUtils.java:logGet(43)) - raft.server.log.statemachine.data.sync = true (default)
2019-06-15 14:45:51,691 INFO  server.RaftServerConfigKeys (ConfUtils.java:logGet(43)) - raft.server.log.statemachine.data.sync.timeout = 10s (default)
2019-06-15 14:45:51,691 INFO  server.RaftServerConfigKeys (ConfUtils.java:logGet(43)) - raft.server.log.statemachine.data.sync.timeout.retry = -1 (default)
2019-06-15 14:45:51,692 INFO  server.RaftServerConfigKeys (ConfUtils.java:logGet(43)) - raft.server.log.statemachine.data.caching.enabled = true (custom)
2019-06-15 14:45:51,690 INFO  storage.RaftStorage (RaftStorage.java:format(75)) - Storage directory /opt/src/hadoop-ozone/integration-test/target/test-dir/MiniOzoneClusterImpl-95d9c4c0-945b-4a99-8fe3-81641a0eec15/datanode-4/data/ratis/1c0ae1c7-a6fb-4169-ae5b-9baf564bd1f3 has been successfully formatted.
2019-06-15 14:45:51,692 INFO  ratis.ContainerStateMachine (ContainerStateMachine.java:loadSnapshot(199)) - The snapshot info is null.Setting the last applied index to:(t:0, i:~)
2019-06-15 14:45:51,692 INFO  server.RaftServerConfigKeys (ConfUtils.java:logGet(43)) - raft.server.leader.election.timeout = 120s (custom)
2019-06-15 14:45:51,692 INFO  server.RaftServerConfigKeys (ConfUtils.java:logGet(43)) - raft.server.log.use.memory = false (default)
2019-06-15 14:45:51,692 INFO  server.RaftServerConfigKeys (ConfUtils.java:logGet(43)) - raft.server.log.appender.buffer.byte-limit = 33554432 (custom)
2019-06-15 14:45:51,692 INFO  server.RaftServerConfigKeys (ConfUtils.java:logGet(43)) - raft.server.snapshot.auto.trigger.enabled = true (custom)
2019-06-15 14:45:51,692 INFO  server.RaftServerConfigKeys (ConfUtils.java:logGet(43)) - raft.server.log.segment.size.max = 16384 (custom)
2019-06-15 14:45:51,692 INFO  server.RaftServerConfigKeys (ConfUtils.java:logGet(43)) - raft.server.snapshot.auto.trigger.threshold = 10000 (custom)
2019-06-15 14:45:51,693 INFO  server.RaftServerConfigKeys (ConfUtils.java:logGet(43)) - raft.server.log.segment.cache.num.max = 2 (custom)
2019-06-15 14:45:51,693 INFO  server.RaftServerConfigKeys (ConfUtils.java:logGet(43)) - raft.server.retrycache.expirytime = 600000ms (custom)
2019-06-15 14:45:51,693 INFO  storage.RaftStorage (RaftStorage.java:format(75)) - Storage directory /opt/src/hadoop-ozone/integration-test/target/test-dir/MiniOzoneClusterImpl-95d9c4c0-945b-4a99-8fe3-81641a0eec15/datanode-5/data/ratis/1c0ae1c7-a6fb-4169-ae5b-9baf564bd1f3 has been successfully formatted.
2019-06-15 14:45:51,693 INFO  storage.RaftLogWorker (RaftLogWorker.java:<init>(123)) - new 90cdac30-2265-4707-89d1-9c40023d64ad-RaftLogWorker for Storage Directory /opt/src/hadoop-ozone/integration-test/target/test-dir/MiniOzoneClusterImpl-95d9c4c0-945b-4a99-8fe3-81641a0eec15/datanode-4/data/ratis/1c0ae1c7-a6fb-4169-ae5b-9baf564bd1f3
2019-06-15 14:45:51,693 INFO  impl.RaftServerImpl (RaftServerImpl.java:start(173)) - 5bc9eae0-8a3b-4bd4-ac37-c0f192cbe433: start group-9BAF564BD1F3
2019-06-15 14:45:51,693 INFO  impl.RaftServerImpl (RaftServerImpl.java:setRole(164)) - 5bc9eae0-8a3b-4bd4-ac37-c0f192cbe433:group-9BAF564BD1F3 changes role from null to FOLLOWER at term 0 for startAsFollower
2019-06-15 14:45:51,693 INFO  impl.RoleInfo (RoleInfo.java:updateAndGet(143)) - 5bc9eae0-8a3b-4bd4-ac37-c0f192cbe433: start FollowerState
2019-06-15 14:45:51,693 INFO  server.RaftServerConfigKeys (ConfUtils.java:logGet(43)) - raft.server.log.queue.byte-limit = 2147483647 (custom)
2019-06-15 14:45:51,693 INFO  ratis.ContainerStateMachine (ContainerStateMachine.java:loadSnapshot(199)) - The snapshot info is null.Setting the last applied index to:(t:0, i:~)
2019-06-15 14:45:51,693 INFO  server.RaftServerConfigKeys (ConfUtils.java:logGet(43)) - raft.server.leader.election.timeout = 120s (custom)
2019-06-15 14:45:51,693 INFO  server.RaftServerConfigKeys (ConfUtils.java:logGet(43)) - raft.server.log.queue.element-limit = 1024 (custom)
2019-06-15 14:45:51,693 INFO  server.RaftServerConfigKeys (ConfUtils.java:logGet(43)) - raft.server.log.use.memory = false (default)
2019-06-15 14:45:51,693 INFO  util.JmxRegister (JmxRegister.java:tryRegister(44)) - Successfully registered JMX Bean with object name Ratis:service=RaftServer,group=group-9BAF564BD1F3,id=5bc9eae0-8a3b-4bd4-ac37-c0f192cbe433
2019-06-15 14:45:51,694 INFO  server.RaftServerConfigKeys (ConfUtils.java:logGet(43)) - raft.server.log.appender.buffer.byte-limit = 33554432 (custom)
2019-06-15 14:45:51,694 INFO  server.RaftServerConfigKeys (ConfUtils.java:logGet(43)) - raft.server.log.segment.size.max = 16384 (custom)
2019-06-15 14:45:51,693 INFO  server.RaftServerConfigKeys (ConfUtils.java:logGet(43)) - raft.server.log.segment.size.max = 16384 (custom)
2019-06-15 14:45:51,694 INFO  server.RaftServerConfigKeys (ConfUtils.java:logGet(43)) - raft.server.log.segment.cache.num.max = 2 (custom)
2019-06-15 14:45:51,694 INFO  server.RaftServerConfigKeys (ConfUtils.java:logGet(43)) - raft.server.log.preallocated.size = 16384 (custom)
2019-06-15 14:45:51,694 INFO  storage.RaftLogWorker (RaftLogWorker.java:<init>(123)) - new 8f11b167-0845-4e99-a28a-cc709fce1b32-RaftLogWorker for Storage Directory /opt/src/hadoop-ozone/integration-test/target/test-dir/MiniOzoneClusterImpl-95d9c4c0-945b-4a99-8fe3-81641a0eec15/datanode-5/data/ratis/1c0ae1c7-a6fb-4169-ae5b-9baf564bd1f3
2019-06-15 14:45:51,694 INFO  server.RaftServerConfigKeys (ConfUtils.java:logGet(43)) - raft.server.log.write.buffer.size = 33554432 (custom)
2019-06-15 14:45:51,694 INFO  server.RaftServerConfigKeys (ConfUtils.java:logGet(43)) - raft.server.log.queue.byte-limit = 2147483647 (custom)
2019-06-15 14:45:51,694 INFO  server.RaftServerConfigKeys (ConfUtils.java:logGet(43)) - raft.server.log.force.sync.num = 128 (default)
2019-06-15 14:45:51,694 INFO  server.RaftServerConfigKeys (ConfUtils.java:logGet(43)) - raft.server.log.queue.element-limit = 1024 (custom)
2019-06-15 14:45:51,694 INFO  server.RaftServerConfigKeys (ConfUtils.java:logGet(43)) - raft.server.log.segment.size.max = 16384 (custom)
2019-06-15 14:45:51,694 INFO  server.RaftServerConfigKeys (ConfUtils.java:logGet(43)) - raft.server.log.preallocated.size = 16384 (custom)
2019-06-15 14:45:51,695 INFO  server.RaftServerConfigKeys (ConfUtils.java:logGet(43)) - raft.server.log.write.buffer.size = 33554432 (custom)
2019-06-15 14:45:51,694 INFO  server.RaftServerConfigKeys (ConfUtils.java:logGet(43)) - raft.server.log.statemachine.data.sync = true (default)
2019-06-15 14:45:51,695 INFO  server.RaftServerConfigKeys (ConfUtils.java:logGet(43)) - raft.server.log.statemachine.data.sync.timeout = 10s (default)
2019-06-15 14:45:51,695 INFO  server.RaftServerConfigKeys (ConfUtils.java:logGet(43)) - raft.server.log.statemachine.data.sync.timeout.retry = -1 (default)
2019-06-15 14:45:51,695 INFO  server.RaftServerConfigKeys (ConfUtils.java:logGet(43)) - raft.server.log.force.sync.num = 128 (default)
2019-06-15 14:45:51,695 INFO  server.RaftServerConfigKeys (ConfUtils.java:logGet(43)) - raft.server.log.statemachine.data.sync = true (default)
2019-06-15 14:45:51,695 INFO  server.RaftServerConfigKeys (ConfUtils.java:logGet(43)) - raft.server.log.statemachine.data.sync.timeout = 10s (default)
2019-06-15 14:45:51,695 INFO  server.RaftServerConfigKeys (ConfUtils.java:logGet(43)) - raft.server.log.statemachine.data.caching.enabled = true (custom)
2019-06-15 14:45:51,695 INFO  server.RaftServerConfigKeys (ConfUtils.java:logGet(43)) - raft.server.log.statemachine.data.sync.timeout.retry = -1 (default)
2019-06-15 14:45:51,695 INFO  server.RaftServerConfigKeys (ConfUtils.java:logGet(43)) - raft.server.log.statemachine.data.caching.enabled = true (custom)
2019-06-15 14:45:51,695 INFO  server.RaftServerConfigKeys (ConfUtils.java:logGet(43)) - raft.server.snapshot.auto.trigger.enabled = true (custom)
2019-06-15 14:45:51,696 INFO  server.RaftServerConfigKeys (ConfUtils.java:logGet(43)) - raft.server.snapshot.auto.trigger.threshold = 10000 (custom)
2019-06-15 14:45:51,698 INFO  server.RaftServerConfigKeys (ConfUtils.java:logGet(43)) - raft.server.snapshot.auto.trigger.enabled = true (custom)
2019-06-15 14:45:51,698 INFO  server.RaftServerConfigKeys (ConfUtils.java:logGet(43)) - raft.server.retrycache.expirytime = 600000ms (custom)
2019-06-15 14:45:51,698 INFO  server.RaftServerConfigKeys (ConfUtils.java:logGet(43)) - raft.server.snapshot.auto.trigger.threshold = 10000 (custom)
2019-06-15 14:45:51,699 INFO  impl.RaftServerImpl (RaftServerImpl.java:start(173)) - 90cdac30-2265-4707-89d1-9c40023d64ad: start group-9BAF564BD1F3
2019-06-15 14:45:51,699 INFO  server.RaftServerConfigKeys (ConfUtils.java:logGet(43)) - raft.server.retrycache.expirytime = 600000ms (custom)
2019-06-15 14:45:51,699 INFO  impl.RaftServerImpl (RaftServerImpl.java:setRole(164)) - 90cdac30-2265-4707-89d1-9c40023d64ad:group-9BAF564BD1F3 changes role from null to FOLLOWER at term 0 for startAsFollower
2019-06-15 14:45:51,699 INFO  impl.RaftServerImpl (RaftServerImpl.java:start(173)) - 8f11b167-0845-4e99-a28a-cc709fce1b32: start group-9BAF564BD1F3
2019-06-15 14:45:51,699 INFO  impl.RoleInfo (RoleInfo.java:updateAndGet(143)) - 90cdac30-2265-4707-89d1-9c40023d64ad: start FollowerState
2019-06-15 14:45:51,699 INFO  impl.RaftServerImpl (RaftServerImpl.java:setRole(164)) - 8f11b167-0845-4e99-a28a-cc709fce1b32:group-9BAF564BD1F3 changes role from null to FOLLOWER at term 0 for startAsFollower
2019-06-15 14:45:51,699 INFO  impl.RoleInfo (RoleInfo.java:updateAndGet(143)) - 8f11b167-0845-4e99-a28a-cc709fce1b32: start FollowerState
2019-06-15 14:45:51,699 INFO  util.JmxRegister (JmxRegister.java:tryRegister(44)) - Successfully registered JMX Bean with object name Ratis:service=RaftServer,group=group-9BAF564BD1F3,id=90cdac30-2265-4707-89d1-9c40023d64ad
2019-06-15 14:45:51,699 INFO  util.JmxRegister (JmxRegister.java:tryRegister(44)) - Successfully registered JMX Bean with object name Ratis:service=RaftServer,group=group-9BAF564BD1F3,id=8f11b167-0845-4e99-a28a-cc709fce1b32
2019-06-15 14:45:51,701 INFO  pipeline.PipelineStateManager (PipelineStateManager.java:addPipeline(56)) - Created pipeline Pipeline[ Id: 1c0ae1c7-a6fb-4169-ae5b-9baf564bd1f3, Nodes: 5bc9eae0-8a3b-4bd4-ac37-c0f192cbe433{ip: 192.168.11.227, host: ozone-unit-076618677d3-4xtgz-810526965, networkLocation: /default-rack, certSerialId: null}8f11b167-0845-4e99-a28a-cc709fce1b32{ip: 192.168.11.227, host: ozone-unit-076618677d3-4xtgz-810526965, networkLocation: /default-rack, certSerialId: null}90cdac30-2265-4707-89d1-9c40023d64ad{ip: 192.168.11.227, host: ozone-unit-076618677d3-4xtgz-810526965, networkLocation: /default-rack, certSerialId: null}, Type:RATIS, Factor:THREE, State:OPEN]
2019-06-15 14:45:52,076 INFO  impl.FollowerState (FollowerState.java:run(101)) - 0a6df178-cea4-4e1d-bff5-419ff8df5a6d:group-03CECD66D9F5 changes to CANDIDATE, lastRpcTime:1043, electionTimeout:1043ms
2019-06-15 14:45:52,077 INFO  impl.RoleInfo (RoleInfo.java:shutdownFollowerState(121)) - 0a6df178-cea4-4e1d-bff5-419ff8df5a6d: shutdown FollowerState
2019-06-15 14:45:52,077 INFO  impl.RaftServerImpl (RaftServerImpl.java:setRole(164)) - 0a6df178-cea4-4e1d-bff5-419ff8df5a6d:group-03CECD66D9F5 changes role from FOLLOWER to CANDIDATE at term 0 for changeToCandidate
2019-06-15 14:45:52,077 INFO  impl.RoleInfo (RoleInfo.java:updateAndGet(143)) - 0a6df178-cea4-4e1d-bff5-419ff8df5a6d: start LeaderElection
2019-06-15 14:45:52,079 INFO  impl.LeaderElection (LeaderElection.java:askForVotes(181)) - 0a6df178-cea4-4e1d-bff5-419ff8df5a6d:group-03CECD66D9F5:LeaderElection52: begin an election at term 1 for -1: [0a6df178-cea4-4e1d-bff5-419ff8df5a6d:192.168.11.227:33055], old=null
2019-06-15 14:45:52,079 INFO  impl.RoleInfo (RoleInfo.java:shutdownLeaderElection(134)) - 0a6df178-cea4-4e1d-bff5-419ff8df5a6d: shutdown LeaderElection
2019-06-15 14:45:52,079 INFO  impl.RaftServerImpl (RaftServerImpl.java:setRole(164)) - 0a6df178-cea4-4e1d-bff5-419ff8df5a6d:group-03CECD66D9F5 changes role from CANDIDATE to LEADER at term 1 for changeToLeader
2019-06-15 14:45:52,079 INFO  impl.RaftServerImpl (ServerState.java:setLeader(263)) - 0a6df178-cea4-4e1d-bff5-419ff8df5a6d:group-03CECD66D9F5 change Leader from null to 0a6df178-cea4-4e1d-bff5-419ff8df5a6d at term 1 for becomeLeader, leader elected after 1047ms
2019-06-15 14:45:52,079 INFO  server.RaftServerConfigKeys (ConfUtils.java:logGet(43)) - raft.server.staging.catchup.gap = 1000 (default)
2019-06-15 14:45:52,079 INFO  server.RaftServerConfigKeys (ConfUtils.java:logGet(43)) - raft.server.rpc.sleep.time = 25ms (default)
2019-06-15 14:45:52,080 INFO  server.RaftServerConfigKeys (ConfUtils.java:logGet(43)) - raft.server.watch.timeout = 10s (default)
2019-06-15 14:45:52,080 INFO  server.RaftServerConfigKeys (ConfUtils.java:logGet(43)) - raft.server.watch.timeout.denomination = 1s (default)
2019-06-15 14:45:52,080 INFO  impl.RoleInfo (RoleInfo.java:updateAndGet(143)) - 0a6df178-cea4-4e1d-bff5-419ff8df5a6d: start LeaderState
2019-06-15 14:45:52,080 INFO  storage.RaftLogWorker (RaftLogWorker.java:startLogSegment(298)) - 0a6df178-cea4-4e1d-bff5-419ff8df5a6d-RaftLogWorker: Starting segment from index:0
2019-06-15 14:45:52,080 INFO  impl.RaftServerImpl (ServerState.java:setRaftConf(361)) - 0a6df178-cea4-4e1d-bff5-419ff8df5a6d:group-03CECD66D9F5 set configuration 0: [0a6df178-cea4-4e1d-bff5-419ff8df5a6d:192.168.11.227:33055], old=null at 0
2019-06-15 14:45:52,116 INFO  storage.RaftLogWorker (RaftLogWorker.java:execute(469)) - 0a6df178-cea4-4e1d-bff5-419ff8df5a6d-RaftLogWorker: created new log segment /opt/src/hadoop-ozone/integration-test/target/test-dir/MiniOzoneClusterImpl-95d9c4c0-945b-4a99-8fe3-81641a0eec15/datanode-0/data/ratis/89dbbc36-e574-4917-a151-03cecd66d9f5/current/log_inprogress_0
2019-06-15 14:45:52,219 INFO  impl.FollowerState (FollowerState.java:run(101)) - 5b2a4769-c38b-411d-93d4-a0e0a59b602f:group-A3660B4D4CD3 changes to CANDIDATE, lastRpcTime:1073, electionTimeout:1073ms
2019-06-15 14:45:52,219 INFO  impl.RoleInfo (RoleInfo.java:shutdownFollowerState(121)) - 5b2a4769-c38b-411d-93d4-a0e0a59b602f: shutdown FollowerState
2019-06-15 14:45:52,219 INFO  impl.RaftServerImpl (RaftServerImpl.java:setRole(164)) - 5b2a4769-c38b-411d-93d4-a0e0a59b602f:group-A3660B4D4CD3 changes role from FOLLOWER to CANDIDATE at term 0 for changeToCandidate
2019-06-15 14:45:52,219 INFO  impl.RoleInfo (RoleInfo.java:updateAndGet(143)) - 5b2a4769-c38b-411d-93d4-a0e0a59b602f: start LeaderElection
2019-06-15 14:45:52,221 INFO  impl.LeaderElection (LeaderElection.java:askForVotes(181)) - 5b2a4769-c38b-411d-93d4-a0e0a59b602f:group-A3660B4D4CD3:LeaderElection53: begin an election at term 1 for -1: [5b2a4769-c38b-411d-93d4-a0e0a59b602f:192.168.11.227:40847], old=null
2019-06-15 14:45:52,222 INFO  impl.RoleInfo (RoleInfo.java:shutdownLeaderElection(134)) - 5b2a4769-c38b-411d-93d4-a0e0a59b602f: shutdown LeaderElection
2019-06-15 14:45:52,222 INFO  impl.RaftServerImpl (RaftServerImpl.java:setRole(164)) - 5b2a4769-c38b-411d-93d4-a0e0a59b602f:group-A3660B4D4CD3 changes role from CANDIDATE to LEADER at term 1 for changeToLeader
2019-06-15 14:45:52,222 INFO  impl.RaftServerImpl (ServerState.java:setLeader(263)) - 5b2a4769-c38b-411d-93d4-a0e0a59b602f:group-A3660B4D4CD3 change Leader from null to 5b2a4769-c38b-411d-93d4-a0e0a59b602f at term 1 for becomeLeader, leader elected after 1077ms
2019-06-15 14:45:52,222 INFO  server.RaftServerConfigKeys (ConfUtils.java:logGet(43)) - raft.server.staging.catchup.gap = 1000 (default)
2019-06-15 14:45:52,222 INFO  server.RaftServerConfigKeys (ConfUtils.java:logGet(43)) - raft.server.rpc.sleep.time = 25ms (default)
2019-06-15 14:45:52,222 INFO  server.RaftServerConfigKeys (ConfUtils.java:logGet(43)) - raft.server.watch.timeout = 10s (default)
2019-06-15 14:45:52,222 INFO  server.RaftServerConfigKeys (ConfUtils.java:logGet(43)) - raft.server.watch.timeout.denomination = 1s (default)
2019-06-15 14:45:52,222 INFO  impl.RoleInfo (RoleInfo.java:updateAndGet(143)) - 5b2a4769-c38b-411d-93d4-a0e0a59b602f: start LeaderState
2019-06-15 14:45:52,222 INFO  storage.RaftLogWorker (RaftLogWorker.java:startLogSegment(298)) - 5b2a4769-c38b-411d-93d4-a0e0a59b602f-RaftLogWorker: Starting segment from index:0
2019-06-15 14:45:52,223 INFO  impl.RaftServerImpl (ServerState.java:setRaftConf(361)) - 5b2a4769-c38b-411d-93d4-a0e0a59b602f:group-A3660B4D4CD3 set configuration 0: [5b2a4769-c38b-411d-93d4-a0e0a59b602f:192.168.11.227:40847], old=null at 0
2019-06-15 14:45:52,258 INFO  storage.RaftLogWorker (RaftLogWorker.java:execute(469)) - 5b2a4769-c38b-411d-93d4-a0e0a59b602f-RaftLogWorker: created new log segment /opt/src/hadoop-ozone/integration-test/target/test-dir/MiniOzoneClusterImpl-95d9c4c0-945b-4a99-8fe3-81641a0eec15/datanode-1/data/ratis/7696abdf-b4b9-4fa4-aa40-a3660b4d4cd3/current/log_inprogress_0
2019-06-15 14:45:52,357 INFO  impl.FollowerState (FollowerState.java:run(101)) - 510376b1-7521-4643-9224-c210e1838e3c:group-3B6EA9EC0F41 changes to CANDIDATE, lastRpcTime:1069, electionTimeout:1069ms
2019-06-15 14:45:52,357 INFO  impl.RoleInfo (RoleInfo.java:shutdownFollowerState(121)) - 510376b1-7521-4643-9224-c210e1838e3c: shutdown FollowerState
2019-06-15 14:45:52,357 INFO  impl.RaftServerImpl (RaftServerImpl.java:setRole(164)) - 510376b1-7521-4643-9224-c210e1838e3c:group-3B6EA9EC0F41 changes role from FOLLOWER to CANDIDATE at term 0 for changeToCandidate
2019-06-15 14:45:52,357 INFO  impl.RoleInfo (RoleInfo.java:updateAndGet(143)) - 510376b1-7521-4643-9224-c210e1838e3c: start LeaderElection
2019-06-15 14:45:52,359 INFO  impl.LeaderElection (LeaderElection.java:askForVotes(181)) - 510376b1-7521-4643-9224-c210e1838e3c:group-3B6EA9EC0F41:LeaderElection54: begin an election at term 1 for -1: [510376b1-7521-4643-9224-c210e1838e3c:192.168.11.227:33191], old=null
2019-06-15 14:45:52,359 INFO  impl.RoleInfo (RoleInfo.java:shutdownLeaderElection(134)) - 510376b1-7521-4643-9224-c210e1838e3c: shutdown LeaderElection
2019-06-15 14:45:52,359 INFO  impl.RaftServerImpl (RaftServerImpl.java:setRole(164)) - 510376b1-7521-4643-9224-c210e1838e3c:group-3B6EA9EC0F41 changes role from CANDIDATE to LEADER at term 1 for changeToLeader
2019-06-15 14:45:52,359 INFO  impl.RaftServerImpl (ServerState.java:setLeader(263)) - 510376b1-7521-4643-9224-c210e1838e3c:group-3B6EA9EC0F41 change Leader from null to 510376b1-7521-4643-9224-c210e1838e3c at term 1 for becomeLeader, leader elected after 1073ms
2019-06-15 14:45:52,359 INFO  server.RaftServerConfigKeys (ConfUtils.java:logGet(43)) - raft.server.staging.catchup.gap = 1000 (default)
2019-06-15 14:45:52,359 INFO  server.RaftServerConfigKeys (ConfUtils.java:logGet(43)) - raft.server.rpc.sleep.time = 25ms (default)
2019-06-15 14:45:52,360 INFO  server.RaftServerConfigKeys (ConfUtils.java:logGet(43)) - raft.server.watch.timeout = 10s (default)
2019-06-15 14:45:52,360 INFO  server.RaftServerConfigKeys (ConfUtils.java:logGet(43)) - raft.server.watch.timeout.denomination = 1s (default)
2019-06-15 14:45:52,360 INFO  impl.RoleInfo (RoleInfo.java:updateAndGet(143)) - 510376b1-7521-4643-9224-c210e1838e3c: start LeaderState
2019-06-15 14:45:52,360 INFO  storage.RaftLogWorker (RaftLogWorker.java:startLogSegment(298)) - 510376b1-7521-4643-9224-c210e1838e3c-RaftLogWorker: Starting segment from index:0
2019-06-15 14:45:52,361 INFO  impl.RaftServerImpl (ServerState.java:setRaftConf(361)) - 510376b1-7521-4643-9224-c210e1838e3c:group-3B6EA9EC0F41 set configuration 0: [510376b1-7521-4643-9224-c210e1838e3c:192.168.11.227:33191], old=null at 0
2019-06-15 14:45:52,396 INFO  storage.RaftLogWorker (RaftLogWorker.java:execute(469)) - 510376b1-7521-4643-9224-c210e1838e3c-RaftLogWorker: created new log segment /opt/src/hadoop-ozone/integration-test/target/test-dir/MiniOzoneClusterImpl-95d9c4c0-945b-4a99-8fe3-81641a0eec15/datanode-2/data/ratis/660cf946-493a-4137-856f-3b6ea9ec0f41/current/log_inprogress_0
2019-06-15 14:45:52,446 INFO  impl.FollowerState (FollowerState.java:run(101)) - 0a6df178-cea4-4e1d-bff5-419ff8df5a6d:group-D7930A7C0B5E changes to CANDIDATE, lastRpcTime:1139, electionTimeout:1139ms
2019-06-15 14:45:52,446 INFO  impl.RoleInfo (RoleInfo.java:shutdownFollowerState(121)) - 0a6df178-cea4-4e1d-bff5-419ff8df5a6d: shutdown FollowerState
2019-06-15 14:45:52,446 INFO  impl.RaftServerImpl (RaftServerImpl.java:setRole(164)) - 0a6df178-cea4-4e1d-bff5-419ff8df5a6d:group-D7930A7C0B5E changes role from FOLLOWER to CANDIDATE at term 0 for changeToCandidate
2019-06-15 14:45:52,446 INFO  impl.RoleInfo (RoleInfo.java:updateAndGet(143)) - 0a6df178-cea4-4e1d-bff5-419ff8df5a6d: start LeaderElection
2019-06-15 14:45:52,448 INFO  impl.LeaderElection (LeaderElection.java:askForVotes(181)) - 0a6df178-cea4-4e1d-bff5-419ff8df5a6d:group-D7930A7C0B5E:LeaderElection55: begin an election at term 1 for -1: [0a6df178-cea4-4e1d-bff5-419ff8df5a6d:192.168.11.227:33055, 5b2a4769-c38b-411d-93d4-a0e0a59b602f:192.168.11.227:40847, 510376b1-7521-4643-9224-c210e1838e3c:192.168.11.227:33191], old=null
2019-06-15 14:45:52,453 INFO  impl.RaftServerImpl (RaftServerImpl.java:setRole(164)) - 510376b1-7521-4643-9224-c210e1838e3c:group-D7930A7C0B5E changes role from FOLLOWER to FOLLOWER at term 1 for recognizeCandidate:0a6df178-cea4-4e1d-bff5-419ff8df5a6d
2019-06-15 14:45:52,454 INFO  impl.RaftServerImpl (RaftServerImpl.java:setRole(164)) - 5b2a4769-c38b-411d-93d4-a0e0a59b602f:group-D7930A7C0B5E changes role from FOLLOWER to FOLLOWER at term 1 for recognizeCandidate:0a6df178-cea4-4e1d-bff5-419ff8df5a6d
2019-06-15 14:45:52,454 INFO  impl.RoleInfo (RoleInfo.java:shutdownFollowerState(121)) - 510376b1-7521-4643-9224-c210e1838e3c: shutdown FollowerState
2019-06-15 14:45:52,454 INFO  impl.RoleInfo (RoleInfo.java:shutdownFollowerState(121)) - 5b2a4769-c38b-411d-93d4-a0e0a59b602f: shutdown FollowerState
2019-06-15 14:45:52,454 INFO  impl.FollowerState (FollowerState.java:run(109)) - 510376b1-7521-4643-9224-c210e1838e3c: FollowerState was interrupted: java.lang.InterruptedException: sleep interrupted
2019-06-15 14:45:52,454 INFO  impl.RoleInfo (RoleInfo.java:updateAndGet(143)) - 5b2a4769-c38b-411d-93d4-a0e0a59b602f: start FollowerState
2019-06-15 14:45:52,454 INFO  impl.RoleInfo (RoleInfo.java:updateAndGet(143)) - 510376b1-7521-4643-9224-c210e1838e3c: start FollowerState
2019-06-15 14:45:52,456 INFO  impl.FollowerState (FollowerState.java:run(109)) - 5b2a4769-c38b-411d-93d4-a0e0a59b602f: FollowerState was interrupted: java.lang.InterruptedException: sleep interrupted
2019-06-15 14:45:52,457 INFO  impl.LeaderElection (LeaderElection.java:logAndReturn(56)) - 0a6df178-cea4-4e1d-bff5-419ff8df5a6d:group-D7930A7C0B5E:LeaderElection55: Election PASSED; received 1 response(s) [0a6df178-cea4-4e1d-bff5-419ff8df5a6d->5b2a4769-c38b-411d-93d4-a0e0a59b602f,true-t1] and 0 exception(s); 0a6df178-cea4-4e1d-bff5-419ff8df5a6d:t1, leader=null, voted=0a6df178-cea4-4e1d-bff5-419ff8df5a6d, raftlog=0a6df178-cea4-4e1d-bff5-419ff8df5a6d-SegmentedRaftLog:OPENED:c-1,f-1,i0, conf=-1: [0a6df178-cea4-4e1d-bff5-419ff8df5a6d:192.168.11.227:33055, 5b2a4769-c38b-411d-93d4-a0e0a59b602f:192.168.11.227:40847, 510376b1-7521-4643-9224-c210e1838e3c:192.168.11.227:33191], old=null
2019-06-15 14:45:52,457 INFO  impl.RoleInfo (RoleInfo.java:shutdownLeaderElection(134)) - 0a6df178-cea4-4e1d-bff5-419ff8df5a6d: shutdown LeaderElection
2019-06-15 14:45:52,457 INFO  impl.RaftServerImpl (RaftServerImpl.java:setRole(164)) - 0a6df178-cea4-4e1d-bff5-419ff8df5a6d:group-D7930A7C0B5E changes role from CANDIDATE to LEADER at term 1 for changeToLeader
2019-06-15 14:45:52,457 INFO  impl.RaftServerImpl (ServerState.java:setLeader(263)) - 0a6df178-cea4-4e1d-bff5-419ff8df5a6d:group-D7930A7C0B5E change Leader from null to 0a6df178-cea4-4e1d-bff5-419ff8df5a6d at term 1 for becomeLeader, leader elected after 1153ms
2019-06-15 14:45:52,457 INFO  server.RaftServerConfigKeys (ConfUtils.java:logGet(43)) - raft.server.staging.catchup.gap = 1000 (default)
2019-06-15 14:45:52,457 INFO  server.RaftServerConfigKeys (ConfUtils.java:logGet(43)) - raft.server.rpc.sleep.time = 25ms (default)
2019-06-15 14:45:52,457 INFO  server.RaftServerConfigKeys (ConfUtils.java:logGet(43)) - raft.server.watch.timeout = 10s (default)
2019-06-15 14:45:52,457 INFO  server.RaftServerConfigKeys (ConfUtils.java:logGet(43)) - raft.server.watch.timeout.denomination = 1s (default)
2019-06-15 14:45:52,457 INFO  server.RaftServerConfigKeys (ConfUtils.java:logGet(43)) - raft.server.log.appender.snapshot.chunk.size.max = 16MB (=16777216) (default)
2019-06-15 14:45:52,458 INFO  server.RaftServerConfigKeys (ConfUtils.java:logGet(43)) - raft.server.log.appender.buffer.byte-limit = 33554432 (custom)
2019-06-15 14:45:52,458 INFO  server.RaftServerConfigKeys (ConfUtils.java:logGet(43)) - raft.server.log.appender.buffer.element-limit = 1 (custom)
2019-06-15 14:45:52,458 INFO  grpc.GrpcConfigKeys$Server (ConfUtils.java:logGet(43)) - raft.grpc.server.leader.outstanding.appends.max = 128 (default)
2019-06-15 14:45:52,458 INFO  server.RaftServerConfigKeys (ConfUtils.java:logGet(43)) - raft.server.rpc.request.timeout = 3000ms (default)
2019-06-15 14:45:52,458 INFO  server.RaftServerConfigKeys (ConfUtils.java:logGet(43)) - raft.server.log.appender.install.snapshot.enabled = true (default)
2019-06-15 14:45:52,458 INFO  server.RaftServerConfigKeys (ConfUtils.java:logGet(43)) - raft.server.log.appender.snapshot.chunk.size.max = 16MB (=16777216) (default)
2019-06-15 14:45:52,458 INFO  server.RaftServerConfigKeys (ConfUtils.java:logGet(43)) - raft.server.log.appender.buffer.byte-limit = 33554432 (custom)
2019-06-15 14:45:52,458 INFO  server.RaftServerConfigKeys (ConfUtils.java:logGet(43)) - raft.server.log.appender.buffer.element-limit = 1 (custom)
2019-06-15 14:45:52,458 INFO  grpc.GrpcConfigKeys$Server (ConfUtils.java:logGet(43)) - raft.grpc.server.leader.outstanding.appends.max = 128 (default)
2019-06-15 14:45:52,458 INFO  server.RaftServerConfigKeys (ConfUtils.java:logGet(43)) - raft.server.rpc.request.timeout = 3000ms (default)
2019-06-15 14:45:52,458 INFO  server.RaftServerConfigKeys (ConfUtils.java:logGet(43)) - raft.server.log.appender.install.snapshot.enabled = true (default)
2019-06-15 14:45:52,459 INFO  impl.RoleInfo (RoleInfo.java:updateAndGet(143)) - 0a6df178-cea4-4e1d-bff5-419ff8df5a6d: start LeaderState
2019-06-15 14:45:52,459 INFO  storage.RaftLogWorker (RaftLogWorker.java:startLogSegment(298)) - 0a6df178-cea4-4e1d-bff5-419ff8df5a6d-RaftLogWorker: Starting segment from index:0
2019-06-15 14:45:52,464 INFO  impl.RaftServerImpl (ServerState.java:setRaftConf(361)) - 0a6df178-cea4-4e1d-bff5-419ff8df5a6d:group-D7930A7C0B5E set configuration 0: [0a6df178-cea4-4e1d-bff5-419ff8df5a6d:192.168.11.227:33055, 5b2a4769-c38b-411d-93d4-a0e0a59b602f:192.168.11.227:40847, 510376b1-7521-4643-9224-c210e1838e3c:192.168.11.227:33191], old=null at 0
2019-06-15 14:45:52,465 INFO  impl.RaftServerImpl (ServerState.java:setLeader(263)) - 5b2a4769-c38b-411d-93d4-a0e0a59b602f:group-D7930A7C0B5E change Leader from null to 0a6df178-cea4-4e1d-bff5-419ff8df5a6d at term 1 for appendEntries, leader elected after 1163ms
2019-06-15 14:45:52,465 INFO  impl.RaftServerImpl (ServerState.java:setLeader(263)) - 510376b1-7521-4643-9224-c210e1838e3c:group-D7930A7C0B5E change Leader from null to 0a6df178-cea4-4e1d-bff5-419ff8df5a6d at term 1 for appendEntries, leader elected after 1160ms
2019-06-15 14:45:52,472 INFO  impl.RaftServerImpl (ServerState.java:setRaftConf(361)) - 5b2a4769-c38b-411d-93d4-a0e0a59b602f:group-D7930A7C0B5E set configuration 0: [0a6df178-cea4-4e1d-bff5-419ff8df5a6d:192.168.11.227:33055, 5b2a4769-c38b-411d-93d4-a0e0a59b602f:192.168.11.227:40847, 510376b1-7521-4643-9224-c210e1838e3c:192.168.11.227:33191], old=null at 0
2019-06-15 14:45:52,472 INFO  storage.RaftLogWorker (RaftLogWorker.java:startLogSegment(298)) - 5b2a4769-c38b-411d-93d4-a0e0a59b602f-RaftLogWorker: Starting segment from index:0
2019-06-15 14:45:52,484 INFO  impl.RaftServerImpl (ServerState.java:setRaftConf(361)) - 510376b1-7521-4643-9224-c210e1838e3c:group-D7930A7C0B5E set configuration 0: [0a6df178-cea4-4e1d-bff5-419ff8df5a6d:192.168.11.227:33055, 5b2a4769-c38b-411d-93d4-a0e0a59b602f:192.168.11.227:40847, 510376b1-7521-4643-9224-c210e1838e3c:192.168.11.227:33191], old=null at 0
2019-06-15 14:45:52,485 INFO  storage.RaftLogWorker (RaftLogWorker.java:startLogSegment(298)) - 510376b1-7521-4643-9224-c210e1838e3c-RaftLogWorker: Starting segment from index:0
2019-06-15 14:45:52,516 INFO  storage.RaftLogWorker (RaftLogWorker.java:execute(469)) - 0a6df178-cea4-4e1d-bff5-419ff8df5a6d-RaftLogWorker: created new log segment /opt/src/hadoop-ozone/integration-test/target/test-dir/MiniOzoneClusterImpl-95d9c4c0-945b-4a99-8fe3-81641a0eec15/datanode-0/data/ratis/bd504de7-5ce7-4b30-bb79-d7930a7c0b5e/current/log_inprogress_0
2019-06-15 14:45:52,531 INFO  impl.FollowerState (FollowerState.java:run(101)) - 5bc9eae0-8a3b-4bd4-ac37-c0f192cbe433:group-84DC5EA48150 changes to CANDIDATE, lastRpcTime:1117, electionTimeout:1117ms
2019-06-15 14:45:52,531 INFO  impl.RoleInfo (RoleInfo.java:shutdownFollowerState(121)) - 5bc9eae0-8a3b-4bd4-ac37-c0f192cbe433: shutdown FollowerState
2019-06-15 14:45:52,531 INFO  impl.RaftServerImpl (RaftServerImpl.java:setRole(164)) - 5bc9eae0-8a3b-4bd4-ac37-c0f192cbe433:group-84DC5EA48150 changes role from FOLLOWER to CANDIDATE at term 0 for changeToCandidate
2019-06-15 14:45:52,531 INFO  impl.RoleInfo (RoleInfo.java:updateAndGet(143)) - 5bc9eae0-8a3b-4bd4-ac37-c0f192cbe433: start LeaderElection
2019-06-15 14:45:52,534 INFO  storage.RaftLogWorker (RaftLogWorker.java:execute(469)) - 510376b1-7521-4643-9224-c210e1838e3c-RaftLogWorker: created new log segment /opt/src/hadoop-ozone/integration-test/target/test-dir/MiniOzoneClusterImpl-95d9c4c0-945b-4a99-8fe3-81641a0eec15/datanode-2/data/ratis/bd504de7-5ce7-4b30-bb79-d7930a7c0b5e/current/log_inprogress_0
2019-06-15 14:45:52,534 INFO  storage.RaftLogWorker (RaftLogWorker.java:execute(469)) - 5b2a4769-c38b-411d-93d4-a0e0a59b602f-RaftLogWorker: created new log segment /opt/src/hadoop-ozone/integration-test/target/test-dir/MiniOzoneClusterImpl-95d9c4c0-945b-4a99-8fe3-81641a0eec15/datanode-1/data/ratis/bd504de7-5ce7-4b30-bb79-d7930a7c0b5e/current/log_inprogress_0
2019-06-15 14:45:52,534 INFO  impl.LeaderElection (LeaderElection.java:askForVotes(181)) - 5bc9eae0-8a3b-4bd4-ac37-c0f192cbe433:group-84DC5EA48150:LeaderElection56: begin an election at term 1 for -1: [5bc9eae0-8a3b-4bd4-ac37-c0f192cbe433:192.168.11.227:36245], old=null
2019-06-15 14:45:52,534 INFO  impl.RoleInfo (RoleInfo.java:shutdownLeaderElection(134)) - 5bc9eae0-8a3b-4bd4-ac37-c0f192cbe433: shutdown LeaderElection
2019-06-15 14:45:52,534 INFO  impl.RaftServerImpl (RaftServerImpl.java:setRole(164)) - 5bc9eae0-8a3b-4bd4-ac37-c0f192cbe433:group-84DC5EA48150 changes role from CANDIDATE to LEADER at term 1 for changeToLeader
2019-06-15 14:45:52,534 INFO  impl.RaftServerImpl (ServerState.java:setLeader(263)) - 5bc9eae0-8a3b-4bd4-ac37-c0f192cbe433:group-84DC5EA48150 change Leader from null to 5bc9eae0-8a3b-4bd4-ac37-c0f192cbe433 at term 1 for becomeLeader, leader elected after 1122ms
2019-06-15 14:45:52,534 INFO  server.RaftServerConfigKeys (ConfUtils.java:logGet(43)) - raft.server.staging.catchup.gap = 1000 (default)
2019-06-15 14:45:52,534 INFO  server.RaftServerConfigKeys (ConfUtils.java:logGet(43)) - raft.server.rpc.sleep.time = 25ms (default)
2019-06-15 14:45:52,534 INFO  server.RaftServerConfigKeys (ConfUtils.java:logGet(43)) - raft.server.watch.timeout = 10s (default)
2019-06-15 14:45:52,534 INFO  server.RaftServerConfigKeys (ConfUtils.java:logGet(43)) - raft.server.watch.timeout.denomination = 1s (default)
2019-06-15 14:45:52,535 INFO  impl.RoleInfo (RoleInfo.java:updateAndGet(143)) - 5bc9eae0-8a3b-4bd4-ac37-c0f192cbe433: start LeaderState
2019-06-15 14:45:52,535 INFO  storage.RaftLogWorker (RaftLogWorker.java:startLogSegment(298)) - 5bc9eae0-8a3b-4bd4-ac37-c0f192cbe433-RaftLogWorker: Starting segment from index:0
2019-06-15 14:45:52,535 INFO  impl.RaftServerImpl (ServerState.java:setRaftConf(361)) - 5bc9eae0-8a3b-4bd4-ac37-c0f192cbe433:group-84DC5EA48150 set configuration 0: [5bc9eae0-8a3b-4bd4-ac37-c0f192cbe433:192.168.11.227:36245], old=null at 0
2019-06-15 14:45:52,570 INFO  storage.RaftLogWorker (RaftLogWorker.java:execute(469)) - 5bc9eae0-8a3b-4bd4-ac37-c0f192cbe433-RaftLogWorker: created new log segment /opt/src/hadoop-ozone/integration-test/target/test-dir/MiniOzoneClusterImpl-95d9c4c0-945b-4a99-8fe3-81641a0eec15/datanode-3/data/ratis/9013967e-1327-4213-a9dc-84dc5ea48150/current/log_inprogress_0
2019-06-15 14:45:52,591 INFO  impl.FollowerState (FollowerState.java:run(101)) - 90cdac30-2265-4707-89d1-9c40023d64ad:group-F805435B7FFE changes to CANDIDATE, lastRpcTime:1046, electionTimeout:1046ms
2019-06-15 14:45:52,591 INFO  impl.RoleInfo (RoleInfo.java:shutdownFollowerState(121)) - 90cdac30-2265-4707-89d1-9c40023d64ad: shutdown FollowerState
2019-06-15 14:45:52,591 INFO  impl.RaftServerImpl (RaftServerImpl.java:setRole(164)) - 90cdac30-2265-4707-89d1-9c40023d64ad:group-F805435B7FFE changes role from FOLLOWER to CANDIDATE at term 0 for changeToCandidate
2019-06-15 14:45:52,591 INFO  impl.RoleInfo (RoleInfo.java:updateAndGet(143)) - 90cdac30-2265-4707-89d1-9c40023d64ad: start LeaderElection
2019-06-15 14:45:52,594 INFO  impl.LeaderElection (LeaderElection.java:askForVotes(181)) - 90cdac30-2265-4707-89d1-9c40023d64ad:group-F805435B7FFE:LeaderElection57: begin an election at term 1 for -1: [90cdac30-2265-4707-89d1-9c40023d64ad:192.168.11.227:37369], old=null
2019-06-15 14:45:52,594 INFO  impl.RoleInfo (RoleInfo.java:shutdownLeaderElection(134)) - 90cdac30-2265-4707-89d1-9c40023d64ad: shutdown LeaderElection
2019-06-15 14:45:52,594 INFO  impl.RaftServerImpl (RaftServerImpl.java:setRole(164)) - 90cdac30-2265-4707-89d1-9c40023d64ad:group-F805435B7FFE changes role from CANDIDATE to LEADER at term 1 for changeToLeader
2019-06-15 14:45:52,594 INFO  impl.RaftServerImpl (ServerState.java:setLeader(263)) - 90cdac30-2265-4707-89d1-9c40023d64ad:group-F805435B7FFE change Leader from null to 90cdac30-2265-4707-89d1-9c40023d64ad at term 1 for becomeLeader, leader elected after 1051ms
2019-06-15 14:45:52,594 INFO  server.RaftServerConfigKeys (ConfUtils.java:logGet(43)) - raft.server.staging.catchup.gap = 1000 (default)
2019-06-15 14:45:52,594 INFO  server.RaftServerConfigKeys (ConfUtils.java:logGet(43)) - raft.server.rpc.sleep.time = 25ms (default)
2019-06-15 14:45:52,594 INFO  server.RaftServerConfigKeys (ConfUtils.java:logGet(43)) - raft.server.watch.timeout = 10s (default)
2019-06-15 14:45:52,594 INFO  server.RaftServerConfigKeys (ConfUtils.java:logGet(43)) - raft.server.watch.timeout.denomination = 1s (default)
2019-06-15 14:45:52,594 INFO  impl.RoleInfo (RoleInfo.java:updateAndGet(143)) - 90cdac30-2265-4707-89d1-9c40023d64ad: start LeaderState
2019-06-15 14:45:52,594 INFO  storage.RaftLogWorker (RaftLogWorker.java:startLogSegment(298)) - 90cdac30-2265-4707-89d1-9c40023d64ad-RaftLogWorker: Starting segment from index:0
2019-06-15 14:45:52,597 INFO  impl.RaftServerImpl (ServerState.java:setRaftConf(361)) - 90cdac30-2265-4707-89d1-9c40023d64ad:group-F805435B7FFE set configuration 0: [90cdac30-2265-4707-89d1-9c40023d64ad:192.168.11.227:37369], old=null at 0
2019-06-15 14:45:52,629 INFO  storage.RaftLogWorker (RaftLogWorker.java:execute(469)) - 90cdac30-2265-4707-89d1-9c40023d64ad-RaftLogWorker: created new log segment /opt/src/hadoop-ozone/integration-test/target/test-dir/MiniOzoneClusterImpl-95d9c4c0-945b-4a99-8fe3-81641a0eec15/datanode-4/data/ratis/bd35cb00-214b-4ae4-b308-f805435b7ffe/current/log_inprogress_0
2019-06-15 14:45:52,659 INFO  ozone.MiniOzoneClusterImpl (MiniOzoneClusterImpl.java:lambda$waitForClusterToBeReady$0(142)) - Cluster is ready. Got 6 of 6 DN Heartbeats.
2019-06-15 14:45:52,674 INFO  rpc.RpcClient (RpcClient.java:createVolume(289)) - Creating Volume: datanodefailurehandlingtest, with jenkins1000 as owner.
2019-06-15 14:45:52,682 INFO  rpc.RpcClient (RpcClient.java:createBucket(426)) - Creating Bucket: datanodefailurehandlingtest/datanodefailurehandlingtest, with Versioning false and Storage Type set to DISK and Encryption set to false 
2019-06-15 14:45:52,685 INFO  impl.FollowerState (FollowerState.java:run(101)) - 8f11b167-0845-4e99-a28a-cc709fce1b32:group-97BF6DABBC86 changes to CANDIDATE, lastRpcTime:1013, electionTimeout:1013ms
2019-06-15 14:45:52,686 INFO  impl.RoleInfo (RoleInfo.java:shutdownFollowerState(121)) - 8f11b167-0845-4e99-a28a-cc709fce1b32: shutdown FollowerState
2019-06-15 14:45:52,686 INFO  impl.RaftServerImpl (RaftServerImpl.java:setRole(164)) - 8f11b167-0845-4e99-a28a-cc709fce1b32:group-97BF6DABBC86 changes role from FOLLOWER to CANDIDATE at term 0 for changeToCandidate
2019-06-15 14:45:52,686 INFO  impl.RoleInfo (RoleInfo.java:updateAndGet(143)) - 8f11b167-0845-4e99-a28a-cc709fce1b32: start LeaderElection
2019-06-15 14:45:52,689 INFO  impl.LeaderElection (LeaderElection.java:askForVotes(181)) - 8f11b167-0845-4e99-a28a-cc709fce1b32:group-97BF6DABBC86:LeaderElection58: begin an election at term 1 for -1: [8f11b167-0845-4e99-a28a-cc709fce1b32:192.168.11.227:37527], old=null
2019-06-15 14:45:52,690 INFO  impl.RoleInfo (RoleInfo.java:shutdownLeaderElection(134)) - 8f11b167-0845-4e99-a28a-cc709fce1b32: shutdown LeaderElection
2019-06-15 14:45:52,690 INFO  impl.RaftServerImpl (RaftServerImpl.java:setRole(164)) - 8f11b167-0845-4e99-a28a-cc709fce1b32:group-97BF6DABBC86 changes role from CANDIDATE to LEADER at term 1 for changeToLeader
2019-06-15 14:45:52,690 INFO  impl.RaftServerImpl (ServerState.java:setLeader(263)) - 8f11b167-0845-4e99-a28a-cc709fce1b32:group-97BF6DABBC86 change Leader from null to 8f11b167-0845-4e99-a28a-cc709fce1b32 at term 1 for becomeLeader, leader elected after 1019ms
2019-06-15 14:45:52,690 INFO  server.RaftServerConfigKeys (ConfUtils.java:logGet(43)) - raft.server.staging.catchup.gap = 1000 (default)
2019-06-15 14:45:52,690 INFO  server.RaftServerConfigKeys (ConfUtils.java:logGet(43)) - raft.server.rpc.sleep.time = 25ms (default)
2019-06-15 14:45:52,690 INFO  server.RaftServerConfigKeys (ConfUtils.java:logGet(43)) - raft.server.watch.timeout = 10s (default)
2019-06-15 14:45:52,690 INFO  server.RaftServerConfigKeys (ConfUtils.java:logGet(43)) - raft.server.watch.timeout.denomination = 1s (default)
2019-06-15 14:45:52,690 INFO  impl.RoleInfo (RoleInfo.java:updateAndGet(143)) - 8f11b167-0845-4e99-a28a-cc709fce1b32: start LeaderState
2019-06-15 14:45:52,691 INFO  storage.RaftLogWorker (RaftLogWorker.java:startLogSegment(298)) - 8f11b167-0845-4e99-a28a-cc709fce1b32-RaftLogWorker: Starting segment from index:0
2019-06-15 14:45:52,696 INFO  impl.RaftServerImpl (ServerState.java:setRaftConf(361)) - 8f11b167-0845-4e99-a28a-cc709fce1b32:group-97BF6DABBC86 set configuration 0: [8f11b167-0845-4e99-a28a-cc709fce1b32:192.168.11.227:37527], old=null at 0
2019-06-15 14:45:52,719 INFO  impl.FollowerState (FollowerState.java:run(101)) - 5bc9eae0-8a3b-4bd4-ac37-c0f192cbe433:group-9BAF564BD1F3 changes to CANDIDATE, lastRpcTime:1026, electionTimeout:1026ms
2019-06-15 14:45:52,720 INFO  impl.RoleInfo (RoleInfo.java:shutdownFollowerState(121)) - 5bc9eae0-8a3b-4bd4-ac37-c0f192cbe433: shutdown FollowerState
2019-06-15 14:45:52,720 INFO  impl.RaftServerImpl (RaftServerImpl.java:setRole(164)) - 5bc9eae0-8a3b-4bd4-ac37-c0f192cbe433:group-9BAF564BD1F3 changes role from FOLLOWER to CANDIDATE at term 0 for changeToCandidate
2019-06-15 14:45:52,720 INFO  impl.RoleInfo (RoleInfo.java:updateAndGet(143)) - 5bc9eae0-8a3b-4bd4-ac37-c0f192cbe433: start LeaderElection
2019-06-15 14:45:52,723 INFO  impl.LeaderElection (LeaderElection.java:askForVotes(181)) - 5bc9eae0-8a3b-4bd4-ac37-c0f192cbe433:group-9BAF564BD1F3:LeaderElection59: begin an election at term 1 for -1: [90cdac30-2265-4707-89d1-9c40023d64ad:192.168.11.227:37369, 8f11b167-0845-4e99-a28a-cc709fce1b32:192.168.11.227:37527, 5bc9eae0-8a3b-4bd4-ac37-c0f192cbe433:192.168.11.227:36245], old=null
2019-06-15 14:45:52,747 INFO  storage.RaftLogWorker (RaftLogWorker.java:execute(469)) - 8f11b167-0845-4e99-a28a-cc709fce1b32-RaftLogWorker: created new log segment /opt/src/hadoop-ozone/integration-test/target/test-dir/MiniOzoneClusterImpl-95d9c4c0-945b-4a99-8fe3-81641a0eec15/datanode-5/data/ratis/f107e7f7-831d-47a2-9636-97bf6dabbc86/current/log_inprogress_0
2019-06-15 14:45:52,750 INFO  impl.RaftServerImpl (RaftServerImpl.java:setRole(164)) - 90cdac30-2265-4707-89d1-9c40023d64ad:group-9BAF564BD1F3 changes role from FOLLOWER to FOLLOWER at term 1 for recognizeCandidate:5bc9eae0-8a3b-4bd4-ac37-c0f192cbe433
2019-06-15 14:45:52,750 INFO  impl.RoleInfo (RoleInfo.java:shutdownFollowerState(121)) - 90cdac30-2265-4707-89d1-9c40023d64ad: shutdown FollowerState
2019-06-15 14:45:52,750 INFO  impl.RoleInfo (RoleInfo.java:updateAndGet(143)) - 90cdac30-2265-4707-89d1-9c40023d64ad: start FollowerState
2019-06-15 14:45:52,751 INFO  impl.FollowerState (FollowerState.java:run(109)) - 90cdac30-2265-4707-89d1-9c40023d64ad: FollowerState was interrupted: java.lang.InterruptedException: sleep interrupted
2019-06-15 14:45:52,751 INFO  impl.RaftServerImpl (RaftServerImpl.java:setRole(164)) - 8f11b167-0845-4e99-a28a-cc709fce1b32:group-9BAF564BD1F3 changes role from FOLLOWER to FOLLOWER at term 1 for recognizeCandidate:5bc9eae0-8a3b-4bd4-ac37-c0f192cbe433
2019-06-15 14:45:52,751 INFO  impl.RoleInfo (RoleInfo.java:shutdownFollowerState(121)) - 8f11b167-0845-4e99-a28a-cc709fce1b32: shutdown FollowerState
2019-06-15 14:45:52,752 INFO  impl.RoleInfo (RoleInfo.java:updateAndGet(143)) - 8f11b167-0845-4e99-a28a-cc709fce1b32: start FollowerState
2019-06-15 14:45:52,752 INFO  impl.FollowerState (FollowerState.java:run(109)) - 8f11b167-0845-4e99-a28a-cc709fce1b32: FollowerState was interrupted: java.lang.InterruptedException: sleep interrupted
2019-06-15 14:45:52,755 INFO  impl.LeaderElection (LeaderElection.java:logAndReturn(56)) - 5bc9eae0-8a3b-4bd4-ac37-c0f192cbe433:group-9BAF564BD1F3:LeaderElection59: Election PASSED; received 1 response(s) [5bc9eae0-8a3b-4bd4-ac37-c0f192cbe433->90cdac30-2265-4707-89d1-9c40023d64ad,true-t1] and 0 exception(s); 5bc9eae0-8a3b-4bd4-ac37-c0f192cbe433:t1, leader=null, voted=5bc9eae0-8a3b-4bd4-ac37-c0f192cbe433, raftlog=5bc9eae0-8a3b-4bd4-ac37-c0f192cbe433-SegmentedRaftLog:OPENED:c-1,f-1,i0, conf=-1: [90cdac30-2265-4707-89d1-9c40023d64ad:192.168.11.227:37369, 8f11b167-0845-4e99-a28a-cc709fce1b32:192.168.11.227:37527, 5bc9eae0-8a3b-4bd4-ac37-c0f192cbe433:192.168.11.227:36245], old=null
2019-06-15 14:45:52,755 INFO  impl.RoleInfo (RoleInfo.java:shutdownLeaderElection(134)) - 5bc9eae0-8a3b-4bd4-ac37-c0f192cbe433: shutdown LeaderElection
2019-06-15 14:45:52,755 INFO  impl.RaftServerImpl (RaftServerImpl.java:setRole(164)) - 5bc9eae0-8a3b-4bd4-ac37-c0f192cbe433:group-9BAF564BD1F3 changes role from CANDIDATE to LEADER at term 1 for changeToLeader
2019-06-15 14:45:52,755 INFO  impl.RaftServerImpl (ServerState.java:setLeader(263)) - 5bc9eae0-8a3b-4bd4-ac37-c0f192cbe433:group-9BAF564BD1F3 change Leader from null to 5bc9eae0-8a3b-4bd4-ac37-c0f192cbe433 at term 1 for becomeLeader, leader elected after 1064ms
2019-06-15 14:45:52,755 INFO  server.RaftServerConfigKeys (ConfUtils.java:logGet(43)) - raft.server.staging.catchup.gap = 1000 (default)
2019-06-15 14:45:52,755 INFO  server.RaftServerConfigKeys (ConfUtils.java:logGet(43)) - raft.server.rpc.sleep.time = 25ms (default)
2019-06-15 14:45:52,755 INFO  server.RaftServerConfigKeys (ConfUtils.java:logGet(43)) - raft.server.watch.timeout = 10s (default)
2019-06-15 14:45:52,756 INFO  server.RaftServerConfigKeys (ConfUtils.java:logGet(43)) - raft.server.watch.timeout.denomination = 1s (default)
2019-06-15 14:45:52,756 INFO  server.RaftServerConfigKeys (ConfUtils.java:logGet(43)) - raft.server.log.appender.snapshot.chunk.size.max = 16MB (=16777216) (default)
2019-06-15 14:45:52,756 INFO  server.RaftServerConfigKeys (ConfUtils.java:logGet(43)) - raft.server.log.appender.buffer.byte-limit = 33554432 (custom)
2019-06-15 14:45:52,756 INFO  server.RaftServerConfigKeys (ConfUtils.java:logGet(43)) - raft.server.log.appender.buffer.element-limit = 1 (custom)
2019-06-15 14:45:52,756 INFO  grpc.GrpcConfigKeys$Server (ConfUtils.java:logGet(43)) - raft.grpc.server.leader.outstanding.appends.max = 128 (default)
2019-06-15 14:45:52,756 INFO  server.RaftServerConfigKeys (ConfUtils.java:logGet(43)) - raft.server.rpc.request.timeout = 3000ms (default)
2019-06-15 14:45:52,756 INFO  server.RaftServerConfigKeys (ConfUtils.java:logGet(43)) - raft.server.log.appender.install.snapshot.enabled = true (default)
2019-06-15 14:45:52,759 INFO  server.RaftServerConfigKeys (ConfUtils.java:logGet(43)) - raft.server.log.appender.snapshot.chunk.size.max = 16MB (=16777216) (default)
2019-06-15 14:45:52,759 INFO  server.RaftServerConfigKeys (ConfUtils.java:logGet(43)) - raft.server.log.appender.buffer.byte-limit = 33554432 (custom)
2019-06-15 14:45:52,759 INFO  server.RaftServerConfigKeys (ConfUtils.java:logGet(43)) - raft.server.log.appender.buffer.element-limit = 1 (custom)
2019-06-15 14:45:52,759 INFO  grpc.GrpcConfigKeys$Server (ConfUtils.java:logGet(43)) - raft.grpc.server.leader.outstanding.appends.max = 128 (default)
2019-06-15 14:45:52,759 INFO  server.RaftServerConfigKeys (ConfUtils.java:logGet(43)) - raft.server.rpc.request.timeout = 3000ms (default)
2019-06-15 14:45:52,759 INFO  server.RaftServerConfigKeys (ConfUtils.java:logGet(43)) - raft.server.log.appender.install.snapshot.enabled = true (default)
2019-06-15 14:45:52,759 INFO  impl.RoleInfo (RoleInfo.java:updateAndGet(143)) - 5bc9eae0-8a3b-4bd4-ac37-c0f192cbe433: start LeaderState
2019-06-15 14:45:52,759 INFO  storage.RaftLogWorker (RaftLogWorker.java:startLogSegment(298)) - 5bc9eae0-8a3b-4bd4-ac37-c0f192cbe433-RaftLogWorker: Starting segment from index:0
2019-06-15 14:45:52,760 INFO  impl.RaftServerImpl (ServerState.java:setLeader(263)) - 90cdac30-2265-4707-89d1-9c40023d64ad:group-9BAF564BD1F3 change Leader from null to 5bc9eae0-8a3b-4bd4-ac37-c0f192cbe433 at term 1 for appendEntries, leader elected after 1068ms
2019-06-15 14:45:52,763 INFO  impl.RaftServerImpl (ServerState.java:setRaftConf(361)) - 5bc9eae0-8a3b-4bd4-ac37-c0f192cbe433:group-9BAF564BD1F3 set configuration 0: [90cdac30-2265-4707-89d1-9c40023d64ad:192.168.11.227:37369, 8f11b167-0845-4e99-a28a-cc709fce1b32:192.168.11.227:37527, 5bc9eae0-8a3b-4bd4-ac37-c0f192cbe433:192.168.11.227:36245], old=null at 0
2019-06-15 14:45:52,763 INFO  impl.RaftServerImpl (ServerState.java:setLeader(263)) - 8f11b167-0845-4e99-a28a-cc709fce1b32:group-9BAF564BD1F3 change Leader from null to 5bc9eae0-8a3b-4bd4-ac37-c0f192cbe433 at term 1 for appendEntries, leader elected after 1070ms
2019-06-15 14:45:52,767 INFO  impl.RaftServerImpl (ServerState.java:setRaftConf(361)) - 90cdac30-2265-4707-89d1-9c40023d64ad:group-9BAF564BD1F3 set configuration 0: [90cdac30-2265-4707-89d1-9c40023d64ad:192.168.11.227:37369, 8f11b167-0845-4e99-a28a-cc709fce1b32:192.168.11.227:37527, 5bc9eae0-8a3b-4bd4-ac37-c0f192cbe433:192.168.11.227:36245], old=null at 0
2019-06-15 14:45:52,767 INFO  storage.RaftLogWorker (RaftLogWorker.java:startLogSegment(298)) - 90cdac30-2265-4707-89d1-9c40023d64ad-RaftLogWorker: Starting segment from index:0
2019-06-15 14:45:52,799 INFO  client.GrpcClientProtocolClient (GrpcClientProtocolClient.java:onNext(254)) - client-3EA0E6DA9596->0a6df178-cea4-4e1d-bff5-419ff8df5a6d: receive RaftClientReply:client-3EA0E6DA9596->0a6df178-cea4-4e1d-bff5-419ff8df5a6d@group-D7930A7C0B5E, cid=151, SUCCESS, logIndex=1, commits[0a6df178-cea4-4e1d-bff5-419ff8df5a6d:c1, 5b2a4769-c38b-411d-93d4-a0e0a59b602f:c0, 510376b1-7521-4643-9224-c210e1838e3c:c0]
2019-06-15 14:45:52,823 INFO  storage.RaftLogWorker (RaftLogWorker.java:execute(469)) - 5bc9eae0-8a3b-4bd4-ac37-c0f192cbe433-RaftLogWorker: created new log segment /opt/src/hadoop-ozone/integration-test/target/test-dir/MiniOzoneClusterImpl-95d9c4c0-945b-4a99-8fe3-81641a0eec15/datanode-3/data/ratis/1c0ae1c7-a6fb-4169-ae5b-9baf564bd1f3/current/log_inprogress_0
2019-06-15 14:45:52,823 INFO  storage.RaftLogWorker (RaftLogWorker.java:execute(469)) - 90cdac30-2265-4707-89d1-9c40023d64ad-RaftLogWorker: created new log segment /opt/src/hadoop-ozone/integration-test/target/test-dir/MiniOzoneClusterImpl-95d9c4c0-945b-4a99-8fe3-81641a0eec15/datanode-4/data/ratis/1c0ae1c7-a6fb-4169-ae5b-9baf564bd1f3/current/log_inprogress_0
2019-06-15 14:45:52,823 INFO  impl.RaftServerImpl (ServerState.java:setRaftConf(361)) - 8f11b167-0845-4e99-a28a-cc709fce1b32:group-9BAF564BD1F3 set configuration 0: [90cdac30-2265-4707-89d1-9c40023d64ad:192.168.11.227:37369, 8f11b167-0845-4e99-a28a-cc709fce1b32:192.168.11.227:37527, 5bc9eae0-8a3b-4bd4-ac37-c0f192cbe433:192.168.11.227:36245], old=null at 0
2019-06-15 14:45:52,824 INFO  storage.RaftLogWorker (RaftLogWorker.java:startLogSegment(298)) - 8f11b167-0845-4e99-a28a-cc709fce1b32-RaftLogWorker: Starting segment from index:0
2019-06-15 14:45:52,869 INFO  client.GrpcClientProtocolClient (GrpcClientProtocolClient.java:onNext(254)) - client-3EA0E6DA9596->0a6df178-cea4-4e1d-bff5-419ff8df5a6d: receive RaftClientReply:client-3EA0E6DA9596->0a6df178-cea4-4e1d-bff5-419ff8df5a6d@group-D7930A7C0B5E, cid=152, SUCCESS, logIndex=3, commits[0a6df178-cea4-4e1d-bff5-419ff8df5a6d:c4, 5b2a4769-c38b-411d-93d4-a0e0a59b602f:c3, 510376b1-7521-4643-9224-c210e1838e3c:c3]
2019-06-15 14:45:52,871 INFO  datanode.ObjectStoreHandler (ObjectStoreHandler.java:close(155)) - Closing ObjectStoreHandler.
2019-06-15 14:45:52,871 INFO  ozone.HddsDatanodeService (HddsDatanodeService.java:stop(452)) - Stopped plug-in org.apache.hadoop.ozone.web.OzoneHddsDatanodeService@19412eef
2019-06-15 14:45:52,871 INFO  statemachine.DatanodeStateMachine (DatanodeStateMachine.java:lambda$startDaemon$0(350)) - Ozone container server started.
2019-06-15 14:45:52,871 INFO  ozoneimpl.OzoneContainer (OzoneContainer.java:stop(199)) - Attempting to stop container services.
2019-06-15 14:45:52,872 INFO  impl.RaftServerProxy (RaftServerProxy.java:lambda$close$4(314)) - 0a6df178-cea4-4e1d-bff5-419ff8df5a6d: close
2019-06-15 14:45:52,872 INFO  impl.RaftServerImpl (RaftServerImpl.java:lambda$shutdown$3(238)) - 0a6df178-cea4-4e1d-bff5-419ff8df5a6d: shutdown group-03CECD66D9F5
2019-06-15 14:45:52,872 INFO  util.JmxRegister (JmxRegister.java:unregister(73)) - Successfully un-registered JMX Bean with object name Ratis:service=RaftServer,group=group-03CECD66D9F5,id=0a6df178-cea4-4e1d-bff5-419ff8df5a6d
2019-06-15 14:45:52,872 INFO  impl.RoleInfo (RoleInfo.java:shutdownLeaderState(104)) - 0a6df178-cea4-4e1d-bff5-419ff8df5a6d: shutdown LeaderState
2019-06-15 14:45:52,873 INFO  impl.PendingRequests (PendingRequests.java:sendNotLeaderResponses(140)) - 0a6df178-cea4-4e1d-bff5-419ff8df5a6d-PendingRequests: sendNotLeaderResponses
2019-06-15 14:45:52,873 INFO  impl.RaftServerImpl (RaftServerImpl.java:lambda$shutdown$3(238)) - 0a6df178-cea4-4e1d-bff5-419ff8df5a6d: shutdown group-D7930A7C0B5E
2019-06-15 14:45:52,873 INFO  util.JmxRegister (JmxRegister.java:unregister(73)) - Successfully un-registered JMX Bean with object name Ratis:service=RaftServer,group=group-D7930A7C0B5E,id=0a6df178-cea4-4e1d-bff5-419ff8df5a6d
2019-06-15 14:45:52,873 INFO  impl.RoleInfo (RoleInfo.java:shutdownLeaderState(104)) - 0a6df178-cea4-4e1d-bff5-419ff8df5a6d: shutdown LeaderState
2019-06-15 14:45:52,873 INFO  ratis.ContainerStateMachine (ContainerStateMachine.java:takeSnapshot(245)) - Taking snapshot at termIndex:(t:0, i:~)
2019-06-15 14:45:52,874 WARN  server.GrpcLogAppender (GrpcLogAppender.java:mayWait(142)) - GrpcLogAppender(0a6df178-cea4-4e1d-bff5-419ff8df5a6d -> 5b2a4769-c38b-411d-93d4-a0e0a59b602f): Wait interrupted by java.lang.InterruptedException
2019-06-15 14:45:52,874 WARN  server.GrpcLogAppender (GrpcLogAppender.java:mayWait(142)) - GrpcLogAppender(0a6df178-cea4-4e1d-bff5-419ff8df5a6d -> 510376b1-7521-4643-9224-c210e1838e3c): Wait interrupted by java.lang.InterruptedException
2019-06-15 14:45:52,874 INFO  impl.PendingRequests (PendingRequests.java:sendNotLeaderResponses(140)) - 0a6df178-cea4-4e1d-bff5-419ff8df5a6d-PendingRequests: sendNotLeaderResponses
2019-06-15 14:45:52,873 INFO  impl.StateMachineUpdater (StateMachineUpdater.java:stopAndJoin(109)) - StateMachineUpdater-0a6df178-cea4-4e1d-bff5-419ff8df5a6d-group-03CECD66D9F5: set stopIndex = 0
2019-06-15 14:45:52,881 INFO  ratis.ContainerStateMachine (ContainerStateMachine.java:takeSnapshot(245)) - Taking snapshot at termIndex:(t:1, i:4)
2019-06-15 14:45:52,883 INFO  ratis.ContainerStateMachine (ContainerStateMachine.java:takeSnapshot(249)) - Taking a snapshot to file /opt/src/hadoop-ozone/integration-test/target/test-dir/MiniOzoneClusterImpl-95d9c4c0-945b-4a99-8fe3-81641a0eec15/datanode-0/data/ratis/bd504de7-5ce7-4b30-bb79-d7930a7c0b5e/sm/snapshot.1_4
2019-06-15 14:45:52,881 INFO  impl.StateMachineUpdater (StateMachineUpdater.java:stopAndJoin(109)) - StateMachineUpdater-0a6df178-cea4-4e1d-bff5-419ff8df5a6d-group-D7930A7C0B5E: set stopIndex = 4
2019-06-15 14:45:52,884 INFO  impl.RaftServerImpl (ServerState.java:close(394)) - 0a6df178-cea4-4e1d-bff5-419ff8df5a6d:group-D7930A7C0B5E closes. The last applied log index is 4
2019-06-15 14:45:52,884 INFO  storage.RaftLogWorker (RaftLogWorker.java:run(236)) - 0a6df178-cea4-4e1d-bff5-419ff8df5a6d-RaftLogWorker was interrupted, exiting. There are 0 tasks remaining in the queue.
2019-06-15 14:45:52,877 INFO  server.GrpcServerProtocolService (GrpcServerProtocolService.java:onCompleted(104)) - 510376b1-7521-4643-9224-c210e1838e3c: appendEntries completed
2019-06-15 14:45:52,874 INFO  storage.RaftLogWorker (RaftLogWorker.java:execute(469)) - 8f11b167-0845-4e99-a28a-cc709fce1b32-RaftLogWorker: created new log segment /opt/src/hadoop-ozone/integration-test/target/test-dir/MiniOzoneClusterImpl-95d9c4c0-945b-4a99-8fe3-81641a0eec15/datanode-5/data/ratis/1c0ae1c7-a6fb-4169-ae5b-9baf564bd1f3/current/log_inprogress_0
2019-06-15 14:45:52,874 INFO  server.GrpcServerProtocolService (GrpcServerProtocolService.java:onCompleted(104)) - 5b2a4769-c38b-411d-93d4-a0e0a59b602f: appendEntries completed
2019-06-15 14:45:52,886 INFO  storage.RaftLogWorker (RaftLogWorker.java:close(168)) - 0a6df178-cea4-4e1d-bff5-419ff8df5a6d-RaftLogWorker close()
2019-06-15 14:45:52,882 INFO  impl.RaftServerImpl (ServerState.java:close(394)) - 0a6df178-cea4-4e1d-bff5-419ff8df5a6d:group-03CECD66D9F5 closes. The last applied log index is 0
2019-06-15 14:45:52,887 INFO  server.GrpcLogAppender (GrpcLogAppender.java:onCompleted(277)) - 0a6df178-cea4-4e1d-bff5-419ff8df5a6d: follower 0a6df178-cea4-4e1d-bff5-419ff8df5a6d->510376b1-7521-4643-9224-c210e1838e3c(c3,m4,n5, attendVote=true, lastRpcSendTime=42, lastRpcResponseTime=39) response Completed
2019-06-15 14:45:52,887 INFO  server.GrpcLogAppender (GrpcLogAppender.java:onCompleted(277)) - 0a6df178-cea4-4e1d-bff5-419ff8df5a6d: follower 0a6df178-cea4-4e1d-bff5-419ff8df5a6d->5b2a4769-c38b-411d-93d4-a0e0a59b602f(c3,m4,n5, attendVote=true, lastRpcSendTime=42, lastRpcResponseTime=37) response Completed
2019-06-15 14:45:52,889 INFO  impl.FollowerInfo (FollowerInfo.java:lambda$new$0(50)) - 0a6df178-cea4-4e1d-bff5-419ff8df5a6d->510376b1-7521-4643-9224-c210e1838e3c: nextIndex: updateUnconditionally 5 -> -1
2019-06-15 14:45:52,889 INFO  impl.FollowerInfo (FollowerInfo.java:lambda$new$0(50)) - 0a6df178-cea4-4e1d-bff5-419ff8df5a6d->5b2a4769-c38b-411d-93d4-a0e0a59b602f: nextIndex: updateUnconditionally 5 -> -1
2019-06-15 14:45:52,888 INFO  storage.RaftLogWorker (RaftLogWorker.java:run(236)) - 0a6df178-cea4-4e1d-bff5-419ff8df5a6d-RaftLogWorker was interrupted, exiting. There are 0 tasks remaining in the queue.
2019-06-15 14:45:52,891 INFO  storage.RaftLogWorker (RaftLogWorker.java:close(168)) - 0a6df178-cea4-4e1d-bff5-419ff8df5a6d-RaftLogWorker close()
2019-06-15 14:45:52,893 INFO  server.GrpcService (GrpcService.java:closeImpl(154)) - 0a6df178-cea4-4e1d-bff5-419ff8df5a6d: shutdown server with port 33055 now
2019-06-15 14:45:52,893 INFO  server.GrpcService (GrpcService.java:closeImpl(162)) - 0a6df178-cea4-4e1d-bff5-419ff8df5a6d: shutdown server with port 33055 successfully
2019-06-15 14:45:52,894 WARN  fs.CachingGetSpaceUsed (CachingGetSpaceUsed.java:run(183)) - Thread Interrupted waiting to refresh disk information: sleep interrupted
2019-06-15 14:45:52,909 INFO  statemachine.DatanodeStateMachine (DatanodeStateMachine.java:stopDaemon(395)) - Ozone container server stopped.
2019-06-15 14:45:52,909 INFO  handler.ContextHandler (ContextHandler.java:doStop(910)) - Stopped o.e.j.w.WebAppContext@22db12f6{/,null,UNAVAILABLE}{/hddsDatanode}
2019-06-15 14:45:52,910 INFO  server.AbstractConnector (AbstractConnector.java:doStop(318)) - Stopped ServerConnector@68e6856c{HTTP/1.1,[http/1.1]}{0.0.0.0:0}
2019-06-15 14:45:52,910 INFO  handler.ContextHandler (ContextHandler.java:doStop(910)) - Stopped o.e.j.s.ServletContextHandler@2cbd855e{/static,jar:file:/home/user/.m2/repository/org/apache/hadoop/hadoop-hdds-container-service/0.5.0-SNAPSHOT/hadoop-hdds-container-service-0.5.0-SNAPSHOT.jar!/webapps/static,UNAVAILABLE}
2019-06-15 14:45:52,910 INFO  handler.ContextHandler (ContextHandler.java:doStop(910)) - Stopped o.e.j.s.ServletContextHandler@696a6506{/logs,file:///opt/src/hadoop-ozone/integration-test/target/log,UNAVAILABLE}
2019-06-15 14:45:53,922 INFO  client.GrpcClientProtocolClient (GrpcClientProtocolClient.java:onNext(254)) - client-3EA0E6DA9596->5b2a4769-c38b-411d-93d4-a0e0a59b602f: receive RaftClientReply:client-3EA0E6DA9596->5b2a4769-c38b-411d-93d4-a0e0a59b602f@group-D7930A7C0B5E, cid=153, FAILED org.apache.ratis.protocol.NotLeaderException: Server 5b2a4769-c38b-411d-93d4-a0e0a59b602f is not the leader (0a6df178-cea4-4e1d-bff5-419ff8df5a6d:192.168.11.227:33055). Request must be sent to leader., logIndex=0, commits[5b2a4769-c38b-411d-93d4-a0e0a59b602f:c3, 0a6df178-cea4-4e1d-bff5-419ff8df5a6d:c3, 510376b1-7521-4643-9224-c210e1838e3c:c2]
2019-06-15 14:45:53,925 WARN  client.GrpcClientProtocolService (LogUtils.java:warn(134)) - 0-OrderedRequestStreamObserver0: onError: org.apache.ratis.thirdparty.io.grpc.StatusRuntimeException: CANCELLED: cancelled before receiving half close
2019-06-15 14:45:54,467 INFO  impl.FollowerState (FollowerState.java:run(101)) - 5b2a4769-c38b-411d-93d4-a0e0a59b602f:group-D7930A7C0B5E changes to CANDIDATE, lastRpcTime:1621, electionTimeout:1003ms
2019-06-15 14:45:54,468 INFO  impl.RoleInfo (RoleInfo.java:shutdownFollowerState(121)) - 5b2a4769-c38b-411d-93d4-a0e0a59b602f: shutdown FollowerState
2019-06-15 14:45:54,468 INFO  impl.RaftServerImpl (RaftServerImpl.java:setRole(164)) - 5b2a4769-c38b-411d-93d4-a0e0a59b602f:group-D7930A7C0B5E changes role from FOLLOWER to CANDIDATE at term 1 for changeToCandidate
2019-06-15 14:45:54,468 INFO  impl.RoleInfo (RoleInfo.java:updateAndGet(143)) - 5b2a4769-c38b-411d-93d4-a0e0a59b602f: start LeaderElection
2019-06-15 14:45:54,468 INFO  impl.RaftServerImpl (ServerState.java:setLeader(263)) - 5b2a4769-c38b-411d-93d4-a0e0a59b602f:group-D7930A7C0B5E change Leader from 0a6df178-cea4-4e1d-bff5-419ff8df5a6d to null at term 1 for initElection
2019-06-15 14:45:54,470 INFO  impl.LeaderElection (LeaderElection.java:askForVotes(181)) - 5b2a4769-c38b-411d-93d4-a0e0a59b602f:group-D7930A7C0B5E:LeaderElection60: begin an election at term 2 for 0: [0a6df178-cea4-4e1d-bff5-419ff8df5a6d:192.168.11.227:33055, 5b2a4769-c38b-411d-93d4-a0e0a59b602f:192.168.11.227:40847, 510376b1-7521-4643-9224-c210e1838e3c:192.168.11.227:33191], old=null
2019-06-15 14:45:54,472 INFO  impl.LeaderElection (LogUtils.java:infoOrTrace(149)) - 5b2a4769-c38b-411d-93d4-a0e0a59b602f:group-D7930A7C0B5E:LeaderElection60 got exception when requesting votes: {}
java.util.concurrent.ExecutionException: org.apache.ratis.thirdparty.io.grpc.StatusRuntimeException: UNAVAILABLE: io exception
	at java.util.concurrent.FutureTask.report(FutureTask.java:122)
	at java.util.concurrent.FutureTask.get(FutureTask.java:192)
	at org.apache.ratis.server.impl.LeaderElection.waitForResults(LeaderElection.java:262)
	at org.apache.ratis.server.impl.LeaderElection.askForVotes(LeaderElection.java:200)
	at org.apache.ratis.server.impl.LeaderElection.run(LeaderElection.java:130)
	at java.lang.Thread.run(Thread.java:748)
Caused by: org.apache.ratis.thirdparty.io.grpc.StatusRuntimeException: UNAVAILABLE: io exception
	at org.apache.ratis.thirdparty.io.grpc.stub.ClientCalls.toStatusRuntimeException(ClientCalls.java:233)
	at org.apache.ratis.thirdparty.io.grpc.stub.ClientCalls.getUnchecked(ClientCalls.java:214)
	at org.apache.ratis.thirdparty.io.grpc.stub.ClientCalls.blockingUnaryCall(ClientCalls.java:139)
	at org.apache.ratis.proto.grpc.RaftServerProtocolServiceGrpc$RaftServerProtocolServiceBlockingStub.requestVote(RaftServerProtocolServiceGrpc.java:265)
	at org.apache.ratis.grpc.server.GrpcServerProtocolClient.requestVote(GrpcServerProtocolClient.java:83)
	at org.apache.ratis.grpc.server.GrpcService.requestVote(GrpcService.java:194)
	at org.apache.ratis.server.impl.LeaderElection.lambda$submitRequests$1(LeaderElection.java:237)
	at java.util.concurrent.FutureTask.run(FutureTask.java:266)
	at java.util.concurrent.Executors$RunnableAdapter.call(Executors.java:511)
	at java.util.concurrent.FutureTask.run(FutureTask.java:266)
	at java.util.concurrent.ThreadPoolExecutor.runWorker(ThreadPoolExecutor.java:1149)
	at java.util.concurrent.ThreadPoolExecutor$Worker.run(ThreadPoolExecutor.java:624)
	... 1 more
Caused by: org.apache.ratis.thirdparty.io.netty.channel.AbstractChannel$AnnotatedConnectException: Connection refused: /192.168.11.227:33055
	at sun.nio.ch.SocketChannelImpl.checkConnect(Native Method)
	at sun.nio.ch.SocketChannelImpl.finishConnect(SocketChannelImpl.java:717)
	at org.apache.ratis.thirdparty.io.netty.channel.socket.nio.NioSocketChannel.doFinishConnect(NioSocketChannel.java:327)
	at org.apache.ratis.thirdparty.io.netty.channel.nio.AbstractNioChannel$AbstractNioUnsafe.finishConnect(AbstractNioChannel.java:340)
	at org.apache.ratis.thirdparty.io.netty.channel.nio.NioEventLoop.processSelectedKey(NioEventLoop.java:632)
	at org.apache.ratis.thirdparty.io.netty.channel.nio.NioEventLoop.processSelectedKeysOptimized(NioEventLoop.java:579)
	at org.apache.ratis.thirdparty.io.netty.channel.nio.NioEventLoop.processSelectedKeys(NioEventLoop.java:496)
	at org.apache.ratis.thirdparty.io.netty.channel.nio.NioEventLoop.run(NioEventLoop.java:458)
	at org.apache.ratis.thirdparty.io.netty.util.concurrent.SingleThreadEventExecutor$5.run(SingleThreadEventExecutor.java:897)
	at org.apache.ratis.thirdparty.io.netty.util.concurrent.FastThreadLocalRunnable.run(FastThreadLocalRunnable.java:30)
	... 1 more
Caused by: java.net.ConnectException: Connection refused
	... 11 more
2019-06-15 14:45:54,476 INFO  impl.RaftServerImpl (ServerState.java:setLeader(263)) - 510376b1-7521-4643-9224-c210e1838e3c:group-D7930A7C0B5E change Leader from 0a6df178-cea4-4e1d-bff5-419ff8df5a6d to null at term 2 for updateCurrentTerm
2019-06-15 14:45:54,476 INFO  impl.RaftServerImpl (RaftServerImpl.java:setRole(164)) - 510376b1-7521-4643-9224-c210e1838e3c:group-D7930A7C0B5E changes role from FOLLOWER to FOLLOWER at term 2 for recognizeCandidate:5b2a4769-c38b-411d-93d4-a0e0a59b602f
2019-06-15 14:45:54,476 INFO  impl.RoleInfo (RoleInfo.java:shutdownFollowerState(121)) - 510376b1-7521-4643-9224-c210e1838e3c: shutdown FollowerState
2019-06-15 14:45:54,476 INFO  impl.RoleInfo (RoleInfo.java:updateAndGet(143)) - 510376b1-7521-4643-9224-c210e1838e3c: start FollowerState
2019-06-15 14:45:54,476 INFO  impl.FollowerState (FollowerState.java:run(109)) - 510376b1-7521-4643-9224-c210e1838e3c: FollowerState was interrupted: java.lang.InterruptedException: sleep interrupted
2019-06-15 14:45:54,479 INFO  impl.LeaderElection (LeaderElection.java:logAndReturn(56)) - 5b2a4769-c38b-411d-93d4-a0e0a59b602f:group-D7930A7C0B5E:LeaderElection60: Election PASSED; received 1 response(s) [5b2a4769-c38b-411d-93d4-a0e0a59b602f->510376b1-7521-4643-9224-c210e1838e3c,true-t2] and 1 exception(s); 5b2a4769-c38b-411d-93d4-a0e0a59b602f:t2, leader=null, voted=5b2a4769-c38b-411d-93d4-a0e0a59b602f, raftlog=5b2a4769-c38b-411d-93d4-a0e0a59b602f-SegmentedRaftLog:OPENED:c3,f4,i4, conf=0: [0a6df178-cea4-4e1d-bff5-419ff8df5a6d:192.168.11.227:33055, 5b2a4769-c38b-411d-93d4-a0e0a59b602f:192.168.11.227:40847, 510376b1-7521-4643-9224-c210e1838e3c:192.168.11.227:33191], old=null
2019-06-15 14:45:54,479 INFO  impl.LeaderElection (LogUtils.java:infoOrTrace(149)) -   Exception 0: {}
java.util.concurrent.ExecutionException: org.apache.ratis.thirdparty.io.grpc.StatusRuntimeException: UNAVAILABLE: io exception
	at java.util.concurrent.FutureTask.report(FutureTask.java:122)
	at java.util.concurrent.FutureTask.get(FutureTask.java:192)
	at org.apache.ratis.server.impl.LeaderElection.waitForResults(LeaderElection.java:262)
	at org.apache.ratis.server.impl.LeaderElection.askForVotes(LeaderElection.java:200)
	at org.apache.ratis.server.impl.LeaderElection.run(LeaderElection.java:130)
	at java.lang.Thread.run(Thread.java:748)
Caused by: org.apache.ratis.thirdparty.io.grpc.StatusRuntimeException: UNAVAILABLE: io exception
	at org.apache.ratis.thirdparty.io.grpc.stub.ClientCalls.toStatusRuntimeException(ClientCalls.java:233)
	at org.apache.ratis.thirdparty.io.grpc.stub.ClientCalls.getUnchecked(ClientCalls.java:214)
	at org.apache.ratis.thirdparty.io.grpc.stub.ClientCalls.blockingUnaryCall(ClientCalls.java:139)
	at org.apache.ratis.proto.grpc.RaftServerProtocolServiceGrpc$RaftServerProtocolServiceBlockingStub.requestVote(RaftServerProtocolServiceGrpc.java:265)
	at org.apache.ratis.grpc.server.GrpcServerProtocolClient.requestVote(GrpcServerProtocolClient.java:83)
	at org.apache.ratis.grpc.server.GrpcService.requestVote(GrpcService.java:194)
	at org.apache.ratis.server.impl.LeaderElection.lambda$submitRequests$1(LeaderElection.java:237)
	at java.util.concurrent.FutureTask.run(FutureTask.java:266)
	at java.util.concurrent.Executors$RunnableAdapter.call(Executors.java:511)
	at java.util.concurrent.FutureTask.run(FutureTask.java:266)
	at java.util.concurrent.ThreadPoolExecutor.runWorker(ThreadPoolExecutor.java:1149)
	at java.util.concurrent.ThreadPoolExecutor$Worker.run(ThreadPoolExecutor.java:624)
	... 1 more
Caused by: org.apache.ratis.thirdparty.io.netty.channel.AbstractChannel$AnnotatedConnectException: Connection refused: /192.168.11.227:33055
	at sun.nio.ch.SocketChannelImpl.checkConnect(Native Method)
	at sun.nio.ch.SocketChannelImpl.finishConnect(SocketChannelImpl.java:717)
	at org.apache.ratis.thirdparty.io.netty.channel.socket.nio.NioSocketChannel.doFinishConnect(NioSocketChannel.java:327)
	at org.apache.ratis.thirdparty.io.netty.channel.nio.AbstractNioChannel$AbstractNioUnsafe.finishConnect(AbstractNioChannel.java:340)
	at org.apache.ratis.thirdparty.io.netty.channel.nio.NioEventLoop.processSelectedKey(NioEventLoop.java:632)
	at org.apache.ratis.thirdparty.io.netty.channel.nio.NioEventLoop.processSelectedKeysOptimized(NioEventLoop.java:579)
	at org.apache.ratis.thirdparty.io.netty.channel.nio.NioEventLoop.processSelectedKeys(NioEventLoop.java:496)
	at org.apache.ratis.thirdparty.io.netty.channel.nio.NioEventLoop.run(NioEventLoop.java:458)
	at org.apache.ratis.thirdparty.io.netty.util.concurrent.SingleThreadEventExecutor$5.run(SingleThreadEventExecutor.java:897)
	at org.apache.ratis.thirdparty.io.netty.util.concurrent.FastThreadLocalRunnable.run(FastThreadLocalRunnable.java:30)
	... 1 more
Caused by: java.net.ConnectException: Connection refused
	... 11 more
2019-06-15 14:45:54,479 INFO  impl.RoleInfo (RoleInfo.java:shutdownLeaderElection(134)) - 5b2a4769-c38b-411d-93d4-a0e0a59b602f: shutdown LeaderElection
2019-06-15 14:45:54,479 INFO  impl.RaftServerImpl (RaftServerImpl.java:setRole(164)) - 5b2a4769-c38b-411d-93d4-a0e0a59b602f:group-D7930A7C0B5E changes role from CANDIDATE to LEADER at term 2 for changeToLeader
2019-06-15 14:45:54,479 INFO  impl.RaftServerImpl (ServerState.java:setLeader(263)) - 5b2a4769-c38b-411d-93d4-a0e0a59b602f:group-D7930A7C0B5E change Leader from null to 5b2a4769-c38b-411d-93d4-a0e0a59b602f at term 2 for becomeLeader, leader elected after 11ms
2019-06-15 14:45:54,479 INFO  server.RaftServerConfigKeys (ConfUtils.java:logGet(43)) - raft.server.staging.catchup.gap = 1000 (default)
2019-06-15 14:45:54,479 INFO  server.RaftServerConfigKeys (ConfUtils.java:logGet(43)) - raft.server.rpc.sleep.time = 25ms (default)
2019-06-15 14:45:54,479 INFO  server.RaftServerConfigKeys (ConfUtils.java:logGet(43)) - raft.server.watch.timeout = 10s (default)
2019-06-15 14:45:54,479 INFO  server.RaftServerConfigKeys (ConfUtils.java:logGet(43)) - raft.server.watch.timeout.denomination = 1s (default)
2019-06-15 14:45:54,479 INFO  server.RaftServerConfigKeys (ConfUtils.java:logGet(43)) - raft.server.log.appender.snapshot.chunk.size.max = 16MB (=16777216) (default)
2019-06-15 14:45:54,480 INFO  server.RaftServerConfigKeys (ConfUtils.java:logGet(43)) - raft.server.log.appender.buffer.byte-limit = 33554432 (custom)
2019-06-15 14:45:54,480 INFO  server.RaftServerConfigKeys (ConfUtils.java:logGet(43)) - raft.server.log.appender.buffer.element-limit = 1 (custom)
2019-06-15 14:45:54,480 INFO  grpc.GrpcConfigKeys$Server (ConfUtils.java:logGet(43)) - raft.grpc.server.leader.outstanding.appends.max = 128 (default)
2019-06-15 14:45:54,480 INFO  server.RaftServerConfigKeys (ConfUtils.java:logGet(43)) - raft.server.rpc.request.timeout = 3000ms (default)
2019-06-15 14:45:54,480 INFO  server.RaftServerConfigKeys (ConfUtils.java:logGet(43)) - raft.server.log.appender.install.snapshot.enabled = true (default)
2019-06-15 14:45:54,480 INFO  server.RaftServerConfigKeys (ConfUtils.java:logGet(43)) - raft.server.log.appender.snapshot.chunk.size.max = 16MB (=16777216) (default)
2019-06-15 14:45:54,480 INFO  server.RaftServerConfigKeys (ConfUtils.java:logGet(43)) - raft.server.log.appender.buffer.byte-limit = 33554432 (custom)
2019-06-15 14:45:54,480 INFO  server.RaftServerConfigKeys (ConfUtils.java:logGet(43)) - raft.server.log.appender.buffer.element-limit = 1 (custom)
2019-06-15 14:45:54,480 INFO  grpc.GrpcConfigKeys$Server (ConfUtils.java:logGet(43)) - raft.grpc.server.leader.outstanding.appends.max = 128 (default)
2019-06-15 14:45:54,480 INFO  server.RaftServerConfigKeys (ConfUtils.java:logGet(43)) - raft.server.rpc.request.timeout = 3000ms (default)
2019-06-15 14:45:54,480 INFO  server.RaftServerConfigKeys (ConfUtils.java:logGet(43)) - raft.server.log.appender.install.snapshot.enabled = true (default)
2019-06-15 14:45:54,480 INFO  impl.RoleInfo (RoleInfo.java:updateAndGet(143)) - 5b2a4769-c38b-411d-93d4-a0e0a59b602f: start LeaderState
2019-06-15 14:45:54,481 INFO  storage.RaftLogWorker (RaftLogWorker.java:rollLogSegment(303)) - 5b2a4769-c38b-411d-93d4-a0e0a59b602f-RaftLogWorker: Rolling segment log-0_4 to index:4
2019-06-15 14:45:54,482 WARN  server.GrpcLogAppender (LogUtils.java:warn(134)) - 5b2a4769-c38b-411d-93d4-a0e0a59b602f: Failed appendEntries to 0a6df178-cea4-4e1d-bff5-419ff8df5a6d:192.168.11.227:33055: org.apache.ratis.thirdparty.io.grpc.StatusRuntimeException: UNAVAILABLE: io exception
2019-06-15 14:45:54,482 INFO  storage.RaftLogWorker (RaftLogWorker.java:execute(433)) - 5b2a4769-c38b-411d-93d4-a0e0a59b602f-RaftLogWorker: Rolled log segment from /opt/src/hadoop-ozone/integration-test/target/test-dir/MiniOzoneClusterImpl-95d9c4c0-945b-4a99-8fe3-81641a0eec15/datanode-1/data/ratis/bd504de7-5ce7-4b30-bb79-d7930a7c0b5e/current/log_inprogress_0 to /opt/src/hadoop-ozone/integration-test/target/test-dir/MiniOzoneClusterImpl-95d9c4c0-945b-4a99-8fe3-81641a0eec15/datanode-1/data/ratis/bd504de7-5ce7-4b30-bb79-d7930a7c0b5e/current/log_0-4
2019-06-15 14:45:54,484 INFO  impl.FollowerInfo (FollowerInfo.java:lambda$new$0(50)) - 5b2a4769-c38b-411d-93d4-a0e0a59b602f->0a6df178-cea4-4e1d-bff5-419ff8df5a6d: nextIndex: updateUnconditionally 5 -> 0
2019-06-15 14:45:54,484 INFO  impl.RaftServerImpl (ServerState.java:setRaftConf(361)) - 5b2a4769-c38b-411d-93d4-a0e0a59b602f:group-D7930A7C0B5E set configuration 5: [0a6df178-cea4-4e1d-bff5-419ff8df5a6d:192.168.11.227:33055, 5b2a4769-c38b-411d-93d4-a0e0a59b602f:192.168.11.227:40847, 510376b1-7521-4643-9224-c210e1838e3c:192.168.11.227:33191], old=null at 5
2019-06-15 14:45:54,487 INFO  impl.RaftServerImpl (ServerState.java:setLeader(263)) - 510376b1-7521-4643-9224-c210e1838e3c:group-D7930A7C0B5E change Leader from null to 5b2a4769-c38b-411d-93d4-a0e0a59b602f at term 2 for appendEntries, leader elected after 11ms
2019-06-15 14:45:54,493 INFO  impl.RaftServerImpl (ServerState.java:setRaftConf(361)) - 510376b1-7521-4643-9224-c210e1838e3c:group-D7930A7C0B5E set configuration 5: [0a6df178-cea4-4e1d-bff5-419ff8df5a6d:192.168.11.227:33055, 5b2a4769-c38b-411d-93d4-a0e0a59b602f:192.168.11.227:40847, 510376b1-7521-4643-9224-c210e1838e3c:192.168.11.227:33191], old=null at 5
2019-06-15 14:45:54,494 INFO  storage.RaftLogWorker (RaftLogWorker.java:rollLogSegment(303)) - 510376b1-7521-4643-9224-c210e1838e3c-RaftLogWorker: Rolling segment log-0_4 to index:4
2019-06-15 14:45:54,494 INFO  storage.RaftLogWorker (RaftLogWorker.java:execute(433)) - 510376b1-7521-4643-9224-c210e1838e3c-RaftLogWorker: Rolled log segment from /opt/src/hadoop-ozone/integration-test/target/test-dir/MiniOzoneClusterImpl-95d9c4c0-945b-4a99-8fe3-81641a0eec15/datanode-2/data/ratis/bd504de7-5ce7-4b30-bb79-d7930a7c0b5e/current/log_inprogress_0 to /opt/src/hadoop-ozone/integration-test/target/test-dir/MiniOzoneClusterImpl-95d9c4c0-945b-4a99-8fe3-81641a0eec15/datanode-2/data/ratis/bd504de7-5ce7-4b30-bb79-d7930a7c0b5e/current/log_0-4
2019-06-15 14:45:54,528 INFO  storage.RaftLogWorker (RaftLogWorker.java:execute(469)) - 5b2a4769-c38b-411d-93d4-a0e0a59b602f-RaftLogWorker: created new log segment /opt/src/hadoop-ozone/integration-test/target/test-dir/MiniOzoneClusterImpl-95d9c4c0-945b-4a99-8fe3-81641a0eec15/datanode-1/data/ratis/bd504de7-5ce7-4b30-bb79-d7930a7c0b5e/current/log_inprogress_5
2019-06-15 14:45:54,537 INFO  storage.RaftLogWorker (RaftLogWorker.java:execute(469)) - 510376b1-7521-4643-9224-c210e1838e3c-RaftLogWorker: created new log segment /opt/src/hadoop-ozone/integration-test/target/test-dir/MiniOzoneClusterImpl-95d9c4c0-945b-4a99-8fe3-81641a0eec15/datanode-2/data/ratis/bd504de7-5ce7-4b30-bb79-d7930a7c0b5e/current/log_inprogress_5
2019-06-15 14:45:54,547 WARN  server.GrpcLogAppender (LogUtils.java:warn(134)) - 5b2a4769-c38b-411d-93d4-a0e0a59b602f: Failed appendEntries to 0a6df178-cea4-4e1d-bff5-419ff8df5a6d:192.168.11.227:33055: org.apache.ratis.thirdparty.io.grpc.StatusRuntimeException: UNAVAILABLE: io exception
2019-06-15 14:45:54,547 INFO  impl.FollowerInfo (FollowerInfo.java:lambda$new$0(50)) - 5b2a4769-c38b-411d-93d4-a0e0a59b602f->0a6df178-cea4-4e1d-bff5-419ff8df5a6d: nextIndex: updateUnconditionally 1 -> 0
2019-06-15 14:45:54,550 WARN  server.GrpcLogAppender (LogUtils.java:warn(134)) - 5b2a4769-c38b-411d-93d4-a0e0a59b602f: Failed appendEntries to 0a6df178-cea4-4e1d-bff5-419ff8df5a6d:192.168.11.227:33055: org.apache.ratis.thirdparty.io.grpc.StatusRuntimeException: UNAVAILABLE: io exception
2019-06-15 14:45:54,550 INFO  impl.FollowerInfo (FollowerInfo.java:lambda$new$0(50)) - 5b2a4769-c38b-411d-93d4-a0e0a59b602f->0a6df178-cea4-4e1d-bff5-419ff8df5a6d: nextIndex: updateUnconditionally 1 -> 0
2019-06-15 14:45:55,053 WARN  server.GrpcLogAppender (LogUtils.java:warn(134)) - 5b2a4769-c38b-411d-93d4-a0e0a59b602f: Failed appendEntries to 0a6df178-cea4-4e1d-bff5-419ff8df5a6d:192.168.11.227:33055: org.apache.ratis.thirdparty.io.grpc.StatusRuntimeException: UNAVAILABLE: io exception
2019-06-15 14:45:55,053 INFO  impl.FollowerInfo (FollowerInfo.java:lambda$new$0(50)) - 5b2a4769-c38b-411d-93d4-a0e0a59b602f->0a6df178-cea4-4e1d-bff5-419ff8df5a6d: nextIndex: updateUnconditionally 0 -> 0
2019-06-15 14:45:55,552 WARN  server.GrpcLogAppender (LogUtils.java:warn(134)) - 5b2a4769-c38b-411d-93d4-a0e0a59b602f: Failed appendEntries to 0a6df178-cea4-4e1d-bff5-419ff8df5a6d:192.168.11.227:33055: org.apache.ratis.thirdparty.io.grpc.StatusRuntimeException: UNAVAILABLE: io exception
2019-06-15 14:45:55,552 INFO  impl.FollowerInfo (FollowerInfo.java:lambda$new$0(50)) - 5b2a4769-c38b-411d-93d4-a0e0a59b602f->0a6df178-cea4-4e1d-bff5-419ff8df5a6d: nextIndex: updateUnconditionally 0 -> 0
2019-06-15 14:45:55,771 INFO  node.StaleNodeHandler (StaleNodeHandler.java:onMessage(58)) - Datanode 0a6df178-cea4-4e1d-bff5-419ff8df5a6d{ip: 192.168.11.227, host: ozone-unit-076618677d3-4xtgz-810526965, networkLocation: /default-rack, certSerialId: null} moved to stale state. Finalizing its pipelines [PipelineID=89dbbc36-e574-4917-a151-03cecd66d9f5, PipelineID=bd504de7-5ce7-4b30-bb79-d7930a7c0b5e]
2019-06-15 14:45:55,772 INFO  pipeline.SCMPipelineManager (SCMPipelineManager.java:finalizeAndDestroyPipeline(307)) - destroying pipeline:Pipeline[ Id: 89dbbc36-e574-4917-a151-03cecd66d9f5, Nodes: 0a6df178-cea4-4e1d-bff5-419ff8df5a6d{ip: 192.168.11.227, host: ozone-unit-076618677d3-4xtgz-810526965, networkLocation: /default-rack, certSerialId: null}, Type:RATIS, Factor:ONE, State:OPEN]
2019-06-15 14:45:55,772 INFO  pipeline.PipelineStateManager (PipelineStateManager.java:finalizePipeline(123)) - Pipeline Pipeline[ Id: 89dbbc36-e574-4917-a151-03cecd66d9f5, Nodes: 0a6df178-cea4-4e1d-bff5-419ff8df5a6d{ip: 192.168.11.227, host: ozone-unit-076618677d3-4xtgz-810526965, networkLocation: /default-rack, certSerialId: null}, Type:RATIS, Factor:ONE, State:CLOSED] moved to CLOSED state
2019-06-15 14:45:55,772 INFO  pipeline.SCMPipelineManager (SCMPipelineManager.java:finalizeAndDestroyPipeline(307)) - destroying pipeline:Pipeline[ Id: bd504de7-5ce7-4b30-bb79-d7930a7c0b5e, Nodes: 0a6df178-cea4-4e1d-bff5-419ff8df5a6d{ip: 192.168.11.227, host: ozone-unit-076618677d3-4xtgz-810526965, networkLocation: /default-rack, certSerialId: null}5b2a4769-c38b-411d-93d4-a0e0a59b602f{ip: 192.168.11.227, host: ozone-unit-076618677d3-4xtgz-810526965, networkLocation: /default-rack, certSerialId: null}510376b1-7521-4643-9224-c210e1838e3c{ip: 192.168.11.227, host: ozone-unit-076618677d3-4xtgz-810526965, networkLocation: /default-rack, certSerialId: null}, Type:RATIS, Factor:THREE, State:OPEN]
2019-06-15 14:45:55,772 INFO  pipeline.PipelineStateManager (PipelineStateManager.java:finalizePipeline(123)) - Pipeline Pipeline[ Id: bd504de7-5ce7-4b30-bb79-d7930a7c0b5e, Nodes: 0a6df178-cea4-4e1d-bff5-419ff8df5a6d{ip: 192.168.11.227, host: ozone-unit-076618677d3-4xtgz-810526965, networkLocation: /default-rack, certSerialId: null}5b2a4769-c38b-411d-93d4-a0e0a59b602f{ip: 192.168.11.227, host: ozone-unit-076618677d3-4xtgz-810526965, networkLocation: /default-rack, certSerialId: null}510376b1-7521-4643-9224-c210e1838e3c{ip: 192.168.11.227, host: ozone-unit-076618677d3-4xtgz-810526965, networkLocation: /default-rack, certSerialId: null}, Type:RATIS, Factor:THREE, State:CLOSED] moved to CLOSED state
2019-06-15 14:45:55,772 INFO  container.CloseContainerEventHandler (CloseContainerEventHandler.java:onMessage(61)) - Close container Event triggered for container : #1
2019-06-15 14:45:55,935 INFO  client.GrpcClientProtocolClient (GrpcClientProtocolClient.java:onNext(254)) - client-3EA0E6DA9596->510376b1-7521-4643-9224-c210e1838e3c: receive RaftClientReply:client-3EA0E6DA9596->510376b1-7521-4643-9224-c210e1838e3c@group-D7930A7C0B5E, cid=153, FAILED org.apache.ratis.protocol.NotLeaderException: Server 510376b1-7521-4643-9224-c210e1838e3c is not the leader (5b2a4769-c38b-411d-93d4-a0e0a59b602f:192.168.11.227:40847). Request must be sent to leader., logIndex=0, commits[510376b1-7521-4643-9224-c210e1838e3c:c6, 0a6df178-cea4-4e1d-bff5-419ff8df5a6d:c3, 5b2a4769-c38b-411d-93d4-a0e0a59b602f:c6]
2019-06-15 14:45:55,937 WARN  client.GrpcClientProtocolService (LogUtils.java:warn(134)) - 0-OrderedRequestStreamObserver0: onError: org.apache.ratis.thirdparty.io.grpc.StatusRuntimeException: CANCELLED: cancelled before receiving half close
2019-06-15 14:45:56,052 WARN  server.GrpcLogAppender (LogUtils.java:warn(134)) - 5b2a4769-c38b-411d-93d4-a0e0a59b602f: Failed appendEntries to 0a6df178-cea4-4e1d-bff5-419ff8df5a6d:192.168.11.227:33055: org.apache.ratis.thirdparty.io.grpc.StatusRuntimeException: UNAVAILABLE: io exception
2019-06-15 14:45:56,052 INFO  impl.FollowerInfo (FollowerInfo.java:lambda$new$0(50)) - 5b2a4769-c38b-411d-93d4-a0e0a59b602f->0a6df178-cea4-4e1d-bff5-419ff8df5a6d: nextIndex: updateUnconditionally 0 -> 0
2019-06-15 14:45:56,552 WARN  server.GrpcLogAppender (LogUtils.java:warn(134)) - 5b2a4769-c38b-411d-93d4-a0e0a59b602f: Failed appendEntries to 0a6df178-cea4-4e1d-bff5-419ff8df5a6d:192.168.11.227:33055: org.apache.ratis.thirdparty.io.grpc.StatusRuntimeException: UNAVAILABLE: io exception
2019-06-15 14:45:56,552 INFO  impl.FollowerInfo (FollowerInfo.java:lambda$new$0(50)) - 5b2a4769-c38b-411d-93d4-a0e0a59b602f->0a6df178-cea4-4e1d-bff5-419ff8df5a6d: nextIndex: updateUnconditionally 0 -> 0
2019-06-15 14:45:57,053 WARN  server.GrpcLogAppender (LogUtils.java:warn(134)) - 5b2a4769-c38b-411d-93d4-a0e0a59b602f: Failed appendEntries to 0a6df178-cea4-4e1d-bff5-419ff8df5a6d:192.168.11.227:33055: org.apache.ratis.thirdparty.io.grpc.StatusRuntimeException: UNAVAILABLE: io exception
2019-06-15 14:45:57,053 INFO  impl.FollowerInfo (FollowerInfo.java:lambda$new$0(50)) - 5b2a4769-c38b-411d-93d4-a0e0a59b602f->0a6df178-cea4-4e1d-bff5-419ff8df5a6d: nextIndex: updateUnconditionally 0 -> 0
2019-06-15 14:45:57,553 WARN  server.GrpcLogAppender (LogUtils.java:warn(134)) - 5b2a4769-c38b-411d-93d4-a0e0a59b602f: Failed appendEntries to 0a6df178-cea4-4e1d-bff5-419ff8df5a6d:192.168.11.227:33055: org.apache.ratis.thirdparty.io.grpc.StatusRuntimeException: UNAVAILABLE: io exception
2019-06-15 14:45:57,553 INFO  impl.FollowerInfo (FollowerInfo.java:lambda$new$0(50)) - 5b2a4769-c38b-411d-93d4-a0e0a59b602f->0a6df178-cea4-4e1d-bff5-419ff8df5a6d: nextIndex: updateUnconditionally 0 -> 0
2019-06-15 14:45:57,750 WARN  server.GrpcLogAppender (LogUtils.java:warn(134)) - 5b2a4769-c38b-411d-93d4-a0e0a59b602f: Failed appendEntries to 0a6df178-cea4-4e1d-bff5-419ff8df5a6d:192.168.11.227:33055: org.apache.ratis.thirdparty.io.grpc.StatusRuntimeException: UNAVAILABLE: io exception
2019-06-15 14:45:57,750 INFO  impl.FollowerInfo (FollowerInfo.java:lambda$new$0(50)) - 5b2a4769-c38b-411d-93d4-a0e0a59b602f->0a6df178-cea4-4e1d-bff5-419ff8df5a6d: nextIndex: updateUnconditionally 1 -> 0
2019-06-15 14:45:57,754 WARN  server.GrpcLogAppender (LogUtils.java:warn(134)) - 5b2a4769-c38b-411d-93d4-a0e0a59b602f: Failed appendEntries to 0a6df178-cea4-4e1d-bff5-419ff8df5a6d:192.168.11.227:33055: org.apache.ratis.thirdparty.io.grpc.StatusRuntimeException: UNAVAILABLE: io exception
2019-06-15 14:45:57,755 INFO  impl.FollowerInfo (FollowerInfo.java:lambda$new$0(50)) - 5b2a4769-c38b-411d-93d4-a0e0a59b602f->0a6df178-cea4-4e1d-bff5-419ff8df5a6d: nextIndex: updateUnconditionally 1 -> 0
2019-06-15 14:45:57,762 INFO  interfaces.Container (KeyValueContainer.java:compactDB(356)) - Container 1 is closed with bcsId 3.
2019-06-15 14:45:57,764 INFO  interfaces.Container (KeyValueContainer.java:compactDB(356)) - Container 1 is closed with bcsId 3.
14:45:57.945 [grpc-default-executor-2] ERROR DNAudit - user=null | ip=null | op=WRITE_CHUNK {blockData=conID: 1 locID: 102276133859491860 bcsId: 3} | ret=FAILURE
org.apache.hadoop.hdds.scm.container.common.helpers.ContainerNotOpenException: Container 1 in CLOSED state
	at org.apache.hadoop.ozone.container.common.impl.HddsDispatcher.validateContainerCommand(HddsDispatcher.java:408) ~[hadoop-hdds-container-service-0.5.0-SNAPSHOT.jar:?]
	at org.apache.hadoop.ozone.container.common.transport.server.ratis.ContainerStateMachine.startTransaction(ContainerStateMachine.java:269) ~[hadoop-hdds-container-service-0.5.0-SNAPSHOT.jar:?]
	at org.apache.ratis.server.impl.RaftServerImpl.submitClientRequestAsync(RaftServerImpl.java:550) ~[ratis-server-0.4.0-fe2b15d-SNAPSHOT.jar:0.4.0-fe2b15d-SNAPSHOT]
	at org.apache.ratis.server.impl.RaftServerProxy.lambda$submitClientRequestAsync$7(RaftServerProxy.java:333) ~[ratis-server-0.4.0-fe2b15d-SNAPSHOT.jar:0.4.0-fe2b15d-SNAPSHOT]
	at org.apache.ratis.server.impl.RaftServerProxy.lambda$null$5(RaftServerProxy.java:328) ~[ratis-server-0.4.0-fe2b15d-SNAPSHOT.jar:0.4.0-fe2b15d-SNAPSHOT]
	at org.apache.ratis.util.JavaUtils.callAsUnchecked(JavaUtils.java:109) ~[ratis-common-0.4.0-fe2b15d-SNAPSHOT.jar:0.4.0-fe2b15d-SNAPSHOT]
	at org.apache.ratis.server.impl.RaftServerProxy.lambda$submitRequest$6(RaftServerProxy.java:328) ~[ratis-server-0.4.0-fe2b15d-SNAPSHOT.jar:0.4.0-fe2b15d-SNAPSHOT]
	at java.util.concurrent.CompletableFuture.uniComposeStage(CompletableFuture.java:981) ~[?:1.8.0_212]
	at java.util.concurrent.CompletableFuture.thenCompose(CompletableFuture.java:2124) ~[?:1.8.0_212]
	at org.apache.ratis.server.impl.RaftServerProxy.submitRequest(RaftServerProxy.java:327) ~[ratis-server-0.4.0-fe2b15d-SNAPSHOT.jar:0.4.0-fe2b15d-SNAPSHOT]
	at org.apache.ratis.server.impl.RaftServerProxy.submitClientRequestAsync(RaftServerProxy.java:333) ~[ratis-server-0.4.0-fe2b15d-SNAPSHOT.jar:0.4.0-fe2b15d-SNAPSHOT]
	at org.apache.ratis.grpc.client.GrpcClientProtocolService$RequestStreamObserver.processClientRequest(GrpcClientProtocolService.java:206) ~[ratis-grpc-0.4.0-fe2b15d-SNAPSHOT.jar:0.4.0-fe2b15d-SNAPSHOT]
	at org.apache.ratis.grpc.client.GrpcClientProtocolService$OrderedRequestStreamObserver.processClientRequest(GrpcClientProtocolService.java:306) ~[ratis-grpc-0.4.0-fe2b15d-SNAPSHOT.jar:0.4.0-fe2b15d-SNAPSHOT]
	at org.apache.ratis.util.SlidingWindow$Server.processRequestsFromHead(SlidingWindow.java:399) [ratis-common-0.4.0-fe2b15d-SNAPSHOT.jar:0.4.0-fe2b15d-SNAPSHOT]
	at org.apache.ratis.util.SlidingWindow$Server.receivedRequest(SlidingWindow.java:391) [ratis-common-0.4.0-fe2b15d-SNAPSHOT.jar:0.4.0-fe2b15d-SNAPSHOT]
	at org.apache.ratis.grpc.client.GrpcClientProtocolService$OrderedRequestStreamObserver.processClientRequest(GrpcClientProtocolService.java:312) [ratis-grpc-0.4.0-fe2b15d-SNAPSHOT.jar:0.4.0-fe2b15d-SNAPSHOT]
	at org.apache.ratis.grpc.client.GrpcClientProtocolService$RequestStreamObserver.onNext(GrpcClientProtocolService.java:226) [ratis-grpc-0.4.0-fe2b15d-SNAPSHOT.jar:0.4.0-fe2b15d-SNAPSHOT]
	at org.apache.ratis.grpc.client.GrpcClientProtocolService$RequestStreamObserver.onNext(GrpcClientProtocolService.java:154) [ratis-grpc-0.4.0-fe2b15d-SNAPSHOT.jar:0.4.0-fe2b15d-SNAPSHOT]
	at org.apache.ratis.thirdparty.io.grpc.stub.ServerCalls$StreamingServerCallHandler$StreamingServerCallListener.onMessage(ServerCalls.java:248) [ratis-thirdparty-misc-0.2.0.jar:0.2.0]
	at org.apache.ratis.thirdparty.io.grpc.internal.ServerCallImpl$ServerStreamListenerImpl.messagesAvailable(ServerCallImpl.java:263) [ratis-thirdparty-misc-0.2.0.jar:0.2.0]
	at org.apache.ratis.thirdparty.io.grpc.internal.ServerImpl$JumpToApplicationThreadServerStreamListener$1MessagesAvailable.runInContext(ServerImpl.java:686) [ratis-thirdparty-misc-0.2.0.jar:0.2.0]
	at org.apache.ratis.thirdparty.io.grpc.internal.ContextRunnable.run(ContextRunnable.java:37) [ratis-thirdparty-misc-0.2.0.jar:0.2.0]
	at org.apache.ratis.thirdparty.io.grpc.internal.SerializingExecutor.run(SerializingExecutor.java:123) [ratis-thirdparty-misc-0.2.0.jar:0.2.0]
	at java.util.concurrent.ThreadPoolExecutor.runWorker(ThreadPoolExecutor.java:1149) [?:1.8.0_212]
	at java.util.concurrent.ThreadPoolExecutor$Worker.run(ThreadPoolExecutor.java:624) [?:1.8.0_212]
	at java.lang.Thread.run(Thread.java:748) [?:1.8.0_212]
2019-06-15 14:45:57,955 INFO  client.GrpcClientProtocolClient (GrpcClientProtocolClient.java:onNext(254)) - client-3EA0E6DA9596->5b2a4769-c38b-411d-93d4-a0e0a59b602f: receive RaftClientReply:client-3EA0E6DA9596->5b2a4769-c38b-411d-93d4-a0e0a59b602f@group-D7930A7C0B5E, cid=153, FAILED org.apache.ratis.protocol.StateMachineException: org.apache.hadoop.hdds.scm.container.common.helpers.ContainerNotOpenException from Server 5b2a4769-c38b-411d-93d4-a0e0a59b602f: Container 1 in CLOSED state, logIndex=0, commits[5b2a4769-c38b-411d-93d4-a0e0a59b602f:c8, 0a6df178-cea4-4e1d-bff5-419ff8df5a6d:c3, 510376b1-7521-4643-9224-c210e1838e3c:c7]
14:45:57.958 [grpc-default-executor-4] ERROR DNAudit - user=null | ip=null | op=PUT_BLOCK {blockData=[blockId=conID: 1 locID: 102276133859491860 bcsId: 0,size=2097152]} | ret=FAILURE
org.apache.hadoop.hdds.scm.container.common.helpers.ContainerNotOpenException: Container 1 in CLOSED state
	at org.apache.hadoop.ozone.container.common.impl.HddsDispatcher.validateContainerCommand(HddsDispatcher.java:408) ~[hadoop-hdds-container-service-0.5.0-SNAPSHOT.jar:?]
	at org.apache.hadoop.ozone.container.common.transport.server.ratis.ContainerStateMachine.startTransaction(ContainerStateMachine.java:269) ~[hadoop-hdds-container-service-0.5.0-SNAPSHOT.jar:?]
	at org.apache.ratis.server.impl.RaftServerImpl.submitClientRequestAsync(RaftServerImpl.java:550) ~[ratis-server-0.4.0-fe2b15d-SNAPSHOT.jar:0.4.0-fe2b15d-SNAPSHOT]
	at org.apache.ratis.server.impl.RaftServerProxy.lambda$submitClientRequestAsync$7(RaftServerProxy.java:333) ~[ratis-server-0.4.0-fe2b15d-SNAPSHOT.jar:0.4.0-fe2b15d-SNAPSHOT]
	at org.apache.ratis.server.impl.RaftServerProxy.lambda$null$5(RaftServerProxy.java:328) ~[ratis-server-0.4.0-fe2b15d-SNAPSHOT.jar:0.4.0-fe2b15d-SNAPSHOT]
	at org.apache.ratis.util.JavaUtils.callAsUnchecked(JavaUtils.java:109) ~[ratis-common-0.4.0-fe2b15d-SNAPSHOT.jar:0.4.0-fe2b15d-SNAPSHOT]
	at org.apache.ratis.server.impl.RaftServerProxy.lambda$submitRequest$6(RaftServerProxy.java:328) ~[ratis-server-0.4.0-fe2b15d-SNAPSHOT.jar:0.4.0-fe2b15d-SNAPSHOT]
	at java.util.concurrent.CompletableFuture.uniComposeStage(CompletableFuture.java:981) ~[?:1.8.0_212]
	at java.util.concurrent.CompletableFuture.thenCompose(CompletableFuture.java:2124) ~[?:1.8.0_212]
	at org.apache.ratis.server.impl.RaftServerProxy.submitRequest(RaftServerProxy.java:327) ~[ratis-server-0.4.0-fe2b15d-SNAPSHOT.jar:0.4.0-fe2b15d-SNAPSHOT]
	at org.apache.ratis.server.impl.RaftServerProxy.submitClientRequestAsync(RaftServerProxy.java:333) ~[ratis-server-0.4.0-fe2b15d-SNAPSHOT.jar:0.4.0-fe2b15d-SNAPSHOT]
	at org.apache.ratis.grpc.client.GrpcClientProtocolService$RequestStreamObserver.processClientRequest(GrpcClientProtocolService.java:206) ~[ratis-grpc-0.4.0-fe2b15d-SNAPSHOT.jar:0.4.0-fe2b15d-SNAPSHOT]
	at org.apache.ratis.grpc.client.GrpcClientProtocolService$OrderedRequestStreamObserver.processClientRequest(GrpcClientProtocolService.java:306) ~[ratis-grpc-0.4.0-fe2b15d-SNAPSHOT.jar:0.4.0-fe2b15d-SNAPSHOT]
	at org.apache.ratis.util.SlidingWindow$Server.processRequestsFromHead(SlidingWindow.java:399) [ratis-common-0.4.0-fe2b15d-SNAPSHOT.jar:0.4.0-fe2b15d-SNAPSHOT]
	at org.apache.ratis.util.SlidingWindow$Server.receivedRequest(SlidingWindow.java:391) [ratis-common-0.4.0-fe2b15d-SNAPSHOT.jar:0.4.0-fe2b15d-SNAPSHOT]
	at org.apache.ratis.grpc.client.GrpcClientProtocolService$OrderedRequestStreamObserver.processClientRequest(GrpcClientProtocolService.java:312) [ratis-grpc-0.4.0-fe2b15d-SNAPSHOT.jar:0.4.0-fe2b15d-SNAPSHOT]
	at org.apache.ratis.grpc.client.GrpcClientProtocolService$RequestStreamObserver.onNext(GrpcClientProtocolService.java:226) [ratis-grpc-0.4.0-fe2b15d-SNAPSHOT.jar:0.4.0-fe2b15d-SNAPSHOT]
	at org.apache.ratis.grpc.client.GrpcClientProtocolService$RequestStreamObserver.onNext(GrpcClientProtocolService.java:154) [ratis-grpc-0.4.0-fe2b15d-SNAPSHOT.jar:0.4.0-fe2b15d-SNAPSHOT]
	at org.apache.ratis.thirdparty.io.grpc.stub.ServerCalls$StreamingServerCallHandler$StreamingServerCallListener.onMessage(ServerCalls.java:248) [ratis-thirdparty-misc-0.2.0.jar:0.2.0]
	at org.apache.ratis.thirdparty.io.grpc.internal.ServerCallImpl$ServerStreamListenerImpl.messagesAvailable(ServerCallImpl.java:263) [ratis-thirdparty-misc-0.2.0.jar:0.2.0]
	at org.apache.ratis.thirdparty.io.grpc.internal.ServerImpl$JumpToApplicationThreadServerStreamListener$1MessagesAvailable.runInContext(ServerImpl.java:686) [ratis-thirdparty-misc-0.2.0.jar:0.2.0]
	at org.apache.ratis.thirdparty.io.grpc.internal.ContextRunnable.run(ContextRunnable.java:37) [ratis-thirdparty-misc-0.2.0.jar:0.2.0]
	at org.apache.ratis.thirdparty.io.grpc.internal.SerializingExecutor.run(SerializingExecutor.java:123) [ratis-thirdparty-misc-0.2.0.jar:0.2.0]
	at java.util.concurrent.ThreadPoolExecutor.runWorker(ThreadPoolExecutor.java:1149) [?:1.8.0_212]
	at java.util.concurrent.ThreadPoolExecutor$Worker.run(ThreadPoolExecutor.java:624) [?:1.8.0_212]
	at java.lang.Thread.run(Thread.java:748) [?:1.8.0_212]
2019-06-15 14:45:57,968 INFO  client.GrpcClientProtocolClient (GrpcClientProtocolClient.java:onNext(254)) - client-3EA0E6DA9596->5b2a4769-c38b-411d-93d4-a0e0a59b602f: receive RaftClientReply:client-3EA0E6DA9596->5b2a4769-c38b-411d-93d4-a0e0a59b602f@group-D7930A7C0B5E, cid=154, FAILED org.apache.ratis.protocol.StateMachineException: org.apache.hadoop.hdds.scm.container.common.helpers.ContainerNotOpenException from Server 5b2a4769-c38b-411d-93d4-a0e0a59b602f: Container 1 in CLOSED state, logIndex=0, commits[5b2a4769-c38b-411d-93d4-a0e0a59b602f:c8, 0a6df178-cea4-4e1d-bff5-419ff8df5a6d:c3, 510376b1-7521-4643-9224-c210e1838e3c:c7]
14:45:57.968 [grpc-default-executor-2] ERROR DNAudit - user=null | ip=null | op=WRITE_CHUNK {blockData=conID: 1 locID: 102276133859491860 bcsId: 3} | ret=FAILURE
org.apache.hadoop.hdds.scm.container.common.helpers.ContainerNotOpenException: Container 1 in CLOSED state
	at org.apache.hadoop.ozone.container.common.impl.HddsDispatcher.validateContainerCommand(HddsDispatcher.java:408) ~[hadoop-hdds-container-service-0.5.0-SNAPSHOT.jar:?]
	at org.apache.hadoop.ozone.container.common.transport.server.ratis.ContainerStateMachine.startTransaction(ContainerStateMachine.java:269) ~[hadoop-hdds-container-service-0.5.0-SNAPSHOT.jar:?]
	at org.apache.ratis.server.impl.RaftServerImpl.submitClientRequestAsync(RaftServerImpl.java:550) ~[ratis-server-0.4.0-fe2b15d-SNAPSHOT.jar:0.4.0-fe2b15d-SNAPSHOT]
	at org.apache.ratis.server.impl.RaftServerProxy.lambda$submitClientRequestAsync$7(RaftServerProxy.java:333) ~[ratis-server-0.4.0-fe2b15d-SNAPSHOT.jar:0.4.0-fe2b15d-SNAPSHOT]
	at org.apache.ratis.server.impl.RaftServerProxy.lambda$null$5(RaftServerProxy.java:328) ~[ratis-server-0.4.0-fe2b15d-SNAPSHOT.jar:0.4.0-fe2b15d-SNAPSHOT]
	at org.apache.ratis.util.JavaUtils.callAsUnchecked(JavaUtils.java:109) ~[ratis-common-0.4.0-fe2b15d-SNAPSHOT.jar:0.4.0-fe2b15d-SNAPSHOT]
	at org.apache.ratis.server.impl.RaftServerProxy.lambda$submitRequest$6(RaftServerProxy.java:328) ~[ratis-server-0.4.0-fe2b15d-SNAPSHOT.jar:0.4.0-fe2b15d-SNAPSHOT]
	at java.util.concurrent.CompletableFuture.uniComposeStage(CompletableFuture.java:981) ~[?:1.8.0_212]
	at java.util.concurrent.CompletableFuture.thenCompose(CompletableFuture.java:2124) ~[?:1.8.0_212]
	at org.apache.ratis.server.impl.RaftServerProxy.submitRequest(RaftServerProxy.java:327) ~[ratis-server-0.4.0-fe2b15d-SNAPSHOT.jar:0.4.0-fe2b15d-SNAPSHOT]
	at org.apache.ratis.server.impl.RaftServerProxy.submitClientRequestAsync(RaftServerProxy.java:333) ~[ratis-server-0.4.0-fe2b15d-SNAPSHOT.jar:0.4.0-fe2b15d-SNAPSHOT]
	at org.apache.ratis.grpc.client.GrpcClientProtocolService$RequestStreamObserver.processClientRequest(GrpcClientProtocolService.java:206) ~[ratis-grpc-0.4.0-fe2b15d-SNAPSHOT.jar:0.4.0-fe2b15d-SNAPSHOT]
	at org.apache.ratis.grpc.client.GrpcClientProtocolService$OrderedRequestStreamObserver.processClientRequest(GrpcClientProtocolService.java:306) ~[ratis-grpc-0.4.0-fe2b15d-SNAPSHOT.jar:0.4.0-fe2b15d-SNAPSHOT]
	at org.apache.ratis.util.SlidingWindow$Server.processRequestsFromHead(SlidingWindow.java:399) [ratis-common-0.4.0-fe2b15d-SNAPSHOT.jar:0.4.0-fe2b15d-SNAPSHOT]
	at org.apache.ratis.util.SlidingWindow$Server.receivedRequest(SlidingWindow.java:391) [ratis-common-0.4.0-fe2b15d-SNAPSHOT.jar:0.4.0-fe2b15d-SNAPSHOT]
	at org.apache.ratis.grpc.client.GrpcClientProtocolService$OrderedRequestStreamObserver.processClientRequest(GrpcClientProtocolService.java:312) [ratis-grpc-0.4.0-fe2b15d-SNAPSHOT.jar:0.4.0-fe2b15d-SNAPSHOT]
	at org.apache.ratis.grpc.client.GrpcClientProtocolService$RequestStreamObserver.onNext(GrpcClientProtocolService.java:226) [ratis-grpc-0.4.0-fe2b15d-SNAPSHOT.jar:0.4.0-fe2b15d-SNAPSHOT]
	at org.apache.ratis.grpc.client.GrpcClientProtocolService$RequestStreamObserver.onNext(GrpcClientProtocolService.java:154) [ratis-grpc-0.4.0-fe2b15d-SNAPSHOT.jar:0.4.0-fe2b15d-SNAPSHOT]
	at org.apache.ratis.thirdparty.io.grpc.stub.ServerCalls$StreamingServerCallHandler$StreamingServerCallListener.onMessage(ServerCalls.java:248) [ratis-thirdparty-misc-0.2.0.jar:0.2.0]
	at org.apache.ratis.thirdparty.io.grpc.internal.ServerCallImpl$ServerStreamListenerImpl.messagesAvailable(ServerCallImpl.java:263) [ratis-thirdparty-misc-0.2.0.jar:0.2.0]
	at org.apache.ratis.thirdparty.io.grpc.internal.ServerImpl$JumpToApplicationThreadServerStreamListener$1MessagesAvailable.runInContext(ServerImpl.java:686) [ratis-thirdparty-misc-0.2.0.jar:0.2.0]
	at org.apache.ratis.thirdparty.io.grpc.internal.ContextRunnable.run(ContextRunnable.java:37) [ratis-thirdparty-misc-0.2.0.jar:0.2.0]
	at org.apache.ratis.thirdparty.io.grpc.internal.SerializingExecutor.run(SerializingExecutor.java:123) [ratis-thirdparty-misc-0.2.0.jar:0.2.0]
	at java.util.concurrent.ThreadPoolExecutor.runWorker(ThreadPoolExecutor.java:1149) [?:1.8.0_212]
	at java.util.concurrent.ThreadPoolExecutor$Worker.run(ThreadPoolExecutor.java:624) [?:1.8.0_212]
	at java.lang.Thread.run(Thread.java:748) [?:1.8.0_212]
14:45:57.972 [grpc-default-executor-2] ERROR DNAudit - user=null | ip=null | op=PUT_BLOCK {blockData=[blockId=conID: 1 locID: 102276133859491860 bcsId: 0,size=3145728]} | ret=FAILURE
org.apache.hadoop.hdds.scm.container.common.helpers.ContainerNotOpenException: Container 1 in CLOSED state
	at org.apache.hadoop.ozone.container.common.impl.HddsDispatcher.validateContainerCommand(HddsDispatcher.java:408) ~[hadoop-hdds-container-service-0.5.0-SNAPSHOT.jar:?]
	at org.apache.hadoop.ozone.container.common.transport.server.ratis.ContainerStateMachine.startTransaction(ContainerStateMachine.java:269) ~[hadoop-hdds-container-service-0.5.0-SNAPSHOT.jar:?]
	at org.apache.ratis.server.impl.RaftServerImpl.submitClientRequestAsync(RaftServerImpl.java:550) ~[ratis-server-0.4.0-fe2b15d-SNAPSHOT.jar:0.4.0-fe2b15d-SNAPSHOT]
	at org.apache.ratis.server.impl.RaftServerProxy.lambda$submitClientRequestAsync$7(RaftServerProxy.java:333) ~[ratis-server-0.4.0-fe2b15d-SNAPSHOT.jar:0.4.0-fe2b15d-SNAPSHOT]
	at org.apache.ratis.server.impl.RaftServerProxy.lambda$null$5(RaftServerProxy.java:328) ~[ratis-server-0.4.0-fe2b15d-SNAPSHOT.jar:0.4.0-fe2b15d-SNAPSHOT]
	at org.apache.ratis.util.JavaUtils.callAsUnchecked(JavaUtils.java:109) ~[ratis-common-0.4.0-fe2b15d-SNAPSHOT.jar:0.4.0-fe2b15d-SNAPSHOT]
	at org.apache.ratis.server.impl.RaftServerProxy.lambda$submitRequest$6(RaftServerProxy.java:328) ~[ratis-server-0.4.0-fe2b15d-SNAPSHOT.jar:0.4.0-fe2b15d-SNAPSHOT]
	at java.util.concurrent.CompletableFuture.uniComposeStage(CompletableFuture.java:981) ~[?:1.8.0_212]
	at java.util.concurrent.CompletableFuture.thenCompose(CompletableFuture.java:2124) ~[?:1.8.0_212]
	at org.apache.ratis.server.impl.RaftServerProxy.submitRequest(RaftServerProxy.java:327) ~[ratis-server-0.4.0-fe2b15d-SNAPSHOT.jar:0.4.0-fe2b15d-SNAPSHOT]
	at org.apache.ratis.server.impl.RaftServerProxy.submitClientRequestAsync(RaftServerProxy.java:333) ~[ratis-server-0.4.0-fe2b15d-SNAPSHOT.jar:0.4.0-fe2b15d-SNAPSHOT]
	at org.apache.ratis.grpc.client.GrpcClientProtocolService$RequestStreamObserver.processClientRequest(GrpcClientProtocolService.java:206) ~[ratis-grpc-0.4.0-fe2b15d-SNAPSHOT.jar:0.4.0-fe2b15d-SNAPSHOT]
	at org.apache.ratis.grpc.client.GrpcClientProtocolService$OrderedRequestStreamObserver.processClientRequest(GrpcClientProtocolService.java:306) ~[ratis-grpc-0.4.0-fe2b15d-SNAPSHOT.jar:0.4.0-fe2b15d-SNAPSHOT]
	at org.apache.ratis.util.SlidingWindow$Server.processRequestsFromHead(SlidingWindow.java:399) [ratis-common-0.4.0-fe2b15d-SNAPSHOT.jar:0.4.0-fe2b15d-SNAPSHOT]
	at org.apache.ratis.util.SlidingWindow$Server.receivedRequest(SlidingWindow.java:391) [ratis-common-0.4.0-fe2b15d-SNAPSHOT.jar:0.4.0-fe2b15d-SNAPSHOT]
	at org.apache.ratis.grpc.client.GrpcClientProtocolService$OrderedRequestStreamObserver.processClientRequest(GrpcClientProtocolService.java:312) [ratis-grpc-0.4.0-fe2b15d-SNAPSHOT.jar:0.4.0-fe2b15d-SNAPSHOT]
	at org.apache.ratis.grpc.client.GrpcClientProtocolService$RequestStreamObserver.onNext(GrpcClientProtocolService.java:226) [ratis-grpc-0.4.0-fe2b15d-SNAPSHOT.jar:0.4.0-fe2b15d-SNAPSHOT]
	at org.apache.ratis.grpc.client.GrpcClientProtocolService$RequestStreamObserver.onNext(GrpcClientProtocolService.java:154) [ratis-grpc-0.4.0-fe2b15d-SNAPSHOT.jar:0.4.0-fe2b15d-SNAPSHOT]
	at org.apache.ratis.thirdparty.io.grpc.stub.ServerCalls$StreamingServerCallHandler$StreamingServerCallListener.onMessage(ServerCalls.java:248) [ratis-thirdparty-misc-0.2.0.jar:0.2.0]
	at org.apache.ratis.thirdparty.io.grpc.internal.ServerCallImpl$ServerStreamListenerImpl.messagesAvailable(ServerCallImpl.java:263) [ratis-thirdparty-misc-0.2.0.jar:0.2.0]
	at org.apache.ratis.thirdparty.io.grpc.internal.ServerImpl$JumpToApplicationThreadServerStreamListener$1MessagesAvailable.runInContext(ServerImpl.java:686) [ratis-thirdparty-misc-0.2.0.jar:0.2.0]
	at org.apache.ratis.thirdparty.io.grpc.internal.ContextRunnable.run(ContextRunnable.java:37) [ratis-thirdparty-misc-0.2.0.jar:0.2.0]
	at org.apache.ratis.thirdparty.io.grpc.internal.SerializingExecutor.run(SerializingExecutor.java:123) [ratis-thirdparty-misc-0.2.0.jar:0.2.0]
	at java.util.concurrent.ThreadPoolExecutor.runWorker(ThreadPoolExecutor.java:1149) [?:1.8.0_212]
	at java.util.concurrent.ThreadPoolExecutor$Worker.run(ThreadPoolExecutor.java:624) [?:1.8.0_212]
	at java.lang.Thread.run(Thread.java:748) [?:1.8.0_212]
2019-06-15 14:45:57,975 INFO  client.GrpcClientProtocolClient (GrpcClientProtocolClient.java:onNext(254)) - client-3EA0E6DA9596->5b2a4769-c38b-411d-93d4-a0e0a59b602f: receive RaftClientReply:client-3EA0E6DA9596->5b2a4769-c38b-411d-93d4-a0e0a59b602f@group-D7930A7C0B5E, cid=155, FAILED org.apache.ratis.protocol.StateMachineException: org.apache.hadoop.hdds.scm.container.common.helpers.ContainerNotOpenException from Server 5b2a4769-c38b-411d-93d4-a0e0a59b602f: Container 1 in CLOSED state, logIndex=0, commits[5b2a4769-c38b-411d-93d4-a0e0a59b602f:c8, 0a6df178-cea4-4e1d-bff5-419ff8df5a6d:c3, 510376b1-7521-4643-9224-c210e1838e3c:c7]
2019-06-15 14:45:57,978 INFO  client.GrpcClientProtocolClient (GrpcClientProtocolClient.java:onNext(254)) - client-3EA0E6DA9596->5b2a4769-c38b-411d-93d4-a0e0a59b602f: receive RaftClientReply:client-3EA0E6DA9596->5b2a4769-c38b-411d-93d4-a0e0a59b602f@group-D7930A7C0B5E, cid=156, FAILED org.apache.ratis.protocol.StateMachineException: org.apache.hadoop.hdds.scm.container.common.helpers.ContainerNotOpenException from Server 5b2a4769-c38b-411d-93d4-a0e0a59b602f: Container 1 in CLOSED state, logIndex=0, commits[5b2a4769-c38b-411d-93d4-a0e0a59b602f:c8, 0a6df178-cea4-4e1d-bff5-419ff8df5a6d:c3, 510376b1-7521-4643-9224-c210e1838e3c:c7]
2019-06-15 14:45:58,024 INFO  client.GrpcClientProtocolClient (GrpcClientProtocolClient.java:onNext(254)) - client-C4F509E41489->5bc9eae0-8a3b-4bd4-ac37-c0f192cbe433: receive RaftClientReply:client-C4F509E41489->5bc9eae0-8a3b-4bd4-ac37-c0f192cbe433@group-9BAF564BD1F3, cid=157, SUCCESS, logIndex=1, commits[5bc9eae0-8a3b-4bd4-ac37-c0f192cbe433:c2, 90cdac30-2265-4707-89d1-9c40023d64ad:c0, 8f11b167-0845-4e99-a28a-cc709fce1b32:c1]
2019-06-15 14:45:58,044 INFO  client.GrpcClientProtocolClient (GrpcClientProtocolClient.java:onNext(254)) - client-C4F509E41489->5bc9eae0-8a3b-4bd4-ac37-c0f192cbe433: receive RaftClientReply:client-C4F509E41489->5bc9eae0-8a3b-4bd4-ac37-c0f192cbe433@group-9BAF564BD1F3, cid=158, SUCCESS, logIndex=3, commits[5bc9eae0-8a3b-4bd4-ac37-c0f192cbe433:c4, 90cdac30-2265-4707-89d1-9c40023d64ad:c3, 8f11b167-0845-4e99-a28a-cc709fce1b32:c3]
2019-06-15 14:45:58,058 INFO  client.GrpcClientProtocolClient (GrpcClientProtocolClient.java:onNext(254)) - client-C4F509E41489->5bc9eae0-8a3b-4bd4-ac37-c0f192cbe433: receive RaftClientReply:client-C4F509E41489->5bc9eae0-8a3b-4bd4-ac37-c0f192cbe433@group-9BAF564BD1F3, cid=159, SUCCESS, logIndex=5, commits[5bc9eae0-8a3b-4bd4-ac37-c0f192cbe433:c6, 90cdac30-2265-4707-89d1-9c40023d64ad:c4, 8f11b167-0845-4e99-a28a-cc709fce1b32:c3]
2019-06-15 14:45:58,066 INFO  client.GrpcClientProtocolClient (GrpcClientProtocolClient.java:onNext(254)) - client-C4F509E41489->5bc9eae0-8a3b-4bd4-ac37-c0f192cbe433: receive RaftClientReply:client-C4F509E41489->5bc9eae0-8a3b-4bd4-ac37-c0f192cbe433@group-9BAF564BD1F3, cid=160, SUCCESS, logIndex=6, commits[5bc9eae0-8a3b-4bd4-ac37-c0f192cbe433:c8, 90cdac30-2265-4707-89d1-9c40023d64ad:c6, 8f11b167-0845-4e99-a28a-cc709fce1b32:c6]
]]></system-out>
    <system-err><![CDATA[Jun 15, 2019 2:45:46 PM com.sun.jersey.server.impl.application.WebApplicationImpl _initiate
INFO: Initiating Jersey application, version 'Jersey: 1.19 02/11/2015 03:25 AM'
Jun 15, 2019 2:45:47 PM com.sun.jersey.server.impl.application.WebApplicationImpl _initiate
INFO: Initiating Jersey application, version 'Jersey: 1.19 02/11/2015 03:25 AM'
Jun 15, 2019 2:45:47 PM com.sun.jersey.server.impl.application.WebApplicationImpl _initiate
INFO: Initiating Jersey application, version 'Jersey: 1.19 02/11/2015 03:25 AM'
Jun 15, 2019 2:45:47 PM com.sun.jersey.server.impl.application.WebApplicationImpl _initiate
INFO: Initiating Jersey application, version 'Jersey: 1.19 02/11/2015 03:25 AM'
Jun 15, 2019 2:45:47 PM com.sun.jersey.server.impl.application.WebApplicationImpl _initiate
INFO: Initiating Jersey application, version 'Jersey: 1.19 02/11/2015 03:25 AM'
Jun 15, 2019 2:45:47 PM com.sun.jersey.server.impl.application.WebApplicationImpl _initiate
INFO: Initiating Jersey application, version 'Jersey: 1.19 02/11/2015 03:25 AM'
]]></system-err>
  </testcase>
  <testcase name="testMultiBlockWritesWithDnFailures" classname="org.apache.hadoop.ozone.client.rpc.TestFailureHandlingByClient" time="13.993"/>
</testsuite>