<?xml version="1.0" encoding="UTF-8"?>
<testsuite xmlns:xsi="http://www.w3.org/2001/XMLSchema-instance" xsi:noNamespaceSchemaLocation="https://maven.apache.org/surefire/maven-surefire-plugin/xsd/surefire-test-report.xsd" name="org.apache.hadoop.ozone.container.common.statemachine.commandhandler.TestBlockDeletion" time="74.221" tests="1" errors="0" skipped="0" failures="1">
  <properties>
    <property name="awt.toolkit" value="sun.awt.X11.XToolkit"/>
    <property name="file.encoding.pkg" value="sun.io"/>
    <property name="java.specification.version" value="1.8"/>
    <property name="sun.cpu.isalist" value=""/>
    <property name="sun.jnu.encoding" value="UTF-8"/>
    <property name="java.class.path" value="/opt/src/hadoop-ozone/integration-test/target/test-classes:/opt/src/hadoop-ozone/integration-test/target/classes:/root/.m2/repository/org/apache/hadoop/hadoop-ozone-common/0.5.0-SNAPSHOT/hadoop-ozone-common-0.5.0-SNAPSHOT.jar:/root/.m2/repository/org/apache/commons/commons-compress/1.4.1/commons-compress-1.4.1.jar:/root/.m2/repository/org/tukaani/xz/1.0/xz-1.0.jar:/root/.m2/repository/org/apache/hadoop/hadoop-common/3.2.0/hadoop-common-3.2.0.jar:/root/.m2/repository/org/apache/hadoop/hadoop-hdfs/3.2.0/hadoop-hdfs-3.2.0.jar:/root/.m2/repository/org/apache/hadoop/hadoop-hdfs-client/3.2.0/hadoop-hdfs-client-3.2.0.jar:/root/.m2/repository/com/fasterxml/jackson/core/jackson-annotations/2.9.5/jackson-annotations-2.9.5.jar:/root/.m2/repository/org/apache/hadoop/hadoop-hdds-common/0.5.0-SNAPSHOT/hadoop-hdds-common-0.5.0-SNAPSHOT.jar:/root/.m2/repository/javax/annotation/javax.annotation-api/1.2/javax.annotation-api-1.2.jar:/root/.m2/repository/org/apache/ratis/ratis-server/0.4.0-fe2b15d-SNAPSHOT/ratis-server-0.4.0-fe2b15d-SNAPSHOT.jar:/root/.m2/repository/org/apache/ratis/ratis-thirdparty-misc/0.2.0/ratis-thirdparty-misc-0.2.0.jar:/root/.m2/repository/org/apache/ratis/ratis-proto/0.4.0-fe2b15d-SNAPSHOT/ratis-proto-0.4.0-fe2b15d-SNAPSHOT.jar:/root/.m2/repository/org/apache/ratis/ratis-common/0.4.0-fe2b15d-SNAPSHOT/ratis-common-0.4.0-fe2b15d-SNAPSHOT.jar:/root/.m2/repository/org/apache/ratis/ratis-client/0.4.0-fe2b15d-SNAPSHOT/ratis-client-0.4.0-fe2b15d-SNAPSHOT.jar:/root/.m2/repository/org/apache/ratis/ratis-netty/0.4.0-fe2b15d-SNAPSHOT/ratis-netty-0.4.0-fe2b15d-SNAPSHOT.jar:/root/.m2/repository/org/apache/ratis/ratis-grpc/0.4.0-fe2b15d-SNAPSHOT/ratis-grpc-0.4.0-fe2b15d-SNAPSHOT.jar:/root/.m2/repository/org/rocksdb/rocksdbjni/5.14.2/rocksdbjni-5.14.2.jar:/root/.m2/repository/org/apache/logging/log4j/log4j-api/2.11.0/log4j-api-2.11.0.jar:/root/.m2/repository/org/apache/logging/log4j/log4j-core/2.11.0/log4j-core-2.11.0.jar:/root/.m2/repository/com/lmax/disruptor/3.4.2/disruptor-3.4.2.jar:/root/.m2/repository/org/apache/commons/commons-pool2/2.6.0/commons-pool2-2.6.0.jar:/root/.m2/repository/org/bouncycastle/bcpkix-jdk15on/1.60/bcpkix-jdk15on-1.60.jar:/root/.m2/repository/commons-validator/commons-validator/1.6/commons-validator-1.6.jar:/root/.m2/repository/commons-digester/commons-digester/1.8.1/commons-digester-1.8.1.jar:/root/.m2/repository/io/jaegertracing/jaeger-client/0.33.1/jaeger-client-0.33.1.jar:/root/.m2/repository/io/jaegertracing/jaeger-thrift/0.33.1/jaeger-thrift-0.33.1.jar:/root/.m2/repository/org/apache/thrift/libthrift/0.11.0/libthrift-0.11.0.jar:/root/.m2/repository/com/squareup/okhttp3/okhttp/3.9.0/okhttp-3.9.0.jar:/root/.m2/repository/com/squareup/okio/okio/1.13.0/okio-1.13.0.jar:/root/.m2/repository/io/jaegertracing/jaeger-core/0.33.1/jaeger-core-0.33.1.jar:/root/.m2/repository/io/jaegertracing/jaeger-tracerresolver/0.33.1/jaeger-tracerresolver-0.33.1.jar:/root/.m2/repository/io/opentracing/contrib/opentracing-tracerresolver/0.1.5/opentracing-tracerresolver-0.1.5.jar:/root/.m2/repository/io/opentracing/opentracing-util/0.31.0/opentracing-util-0.31.0.jar:/root/.m2/repository/io/opentracing/opentracing-api/0.31.0/opentracing-api-0.31.0.jar:/root/.m2/repository/io/opentracing/opentracing-noop/0.31.0/opentracing-noop-0.31.0.jar:/root/.m2/repository/org/apache/hadoop/hadoop-hdds-server-framework/0.5.0-SNAPSHOT/hadoop-hdds-server-framework-0.5.0-SNAPSHOT.jar:/root/.m2/repository/org/apache/hadoop/hadoop-hdds-server-scm/0.5.0-SNAPSHOT/hadoop-hdds-server-scm-0.5.0-SNAPSHOT.jar:/root/.m2/repository/org/apache/hadoop/hadoop-hdds-container-service/0.5.0-SNAPSHOT/hadoop-hdds-container-service-0.5.0-SNAPSHOT.jar:/root/.m2/repository/org/apache/hadoop/hadoop-hdds-client/0.5.0-SNAPSHOT/hadoop-hdds-client-0.5.0-SNAPSHOT.jar:/root/.m2/repository/org/apache/hadoop/hadoop-hdds-tools/0.5.0-SNAPSHOT/hadoop-hdds-tools-0.5.0-SNAPSHOT.jar:/root/.m2/repository/org/apache/hadoop/hadoop-ozone-ozone-manager/0.5.0-SNAPSHOT/hadoop-ozone-ozone-manager-0.5.0-SNAPSHOT.jar:/root/.m2/repository/org/apache/hadoop/hadoop-hdds-docs/0.5.0-SNAPSHOT/hadoop-hdds-docs-0.5.0-SNAPSHOT.jar:/root/.m2/repository/org/bouncycastle/bcprov-jdk15on/1.60/bcprov-jdk15on-1.60.jar:/root/.m2/repository/org/apache/hadoop/hadoop-minikdc/3.2.0/hadoop-minikdc-3.2.0.jar:/root/.m2/repository/commons-io/commons-io/2.5/commons-io-2.5.jar:/root/.m2/repository/org/apache/kerby/kerb-simplekdc/1.0.1/kerb-simplekdc-1.0.1.jar:/root/.m2/repository/org/apache/kerby/kerb-client/1.0.1/kerb-client-1.0.1.jar:/root/.m2/repository/org/apache/kerby/kerby-config/1.0.1/kerby-config-1.0.1.jar:/root/.m2/repository/org/apache/kerby/kerb-core/1.0.1/kerb-core-1.0.1.jar:/root/.m2/repository/org/apache/kerby/kerby-pkix/1.0.1/kerby-pkix-1.0.1.jar:/root/.m2/repository/org/apache/kerby/kerby-asn1/1.0.1/kerby-asn1-1.0.1.jar:/root/.m2/repository/org/apache/kerby/kerby-util/1.0.1/kerby-util-1.0.1.jar:/root/.m2/repository/org/apache/kerby/kerb-common/1.0.1/kerb-common-1.0.1.jar:/root/.m2/repository/org/apache/kerby/kerb-crypto/1.0.1/kerb-crypto-1.0.1.jar:/root/.m2/repository/org/apache/kerby/kerb-util/1.0.1/kerb-util-1.0.1.jar:/root/.m2/repository/org/apache/kerby/token-provider/1.0.1/token-provider-1.0.1.jar:/root/.m2/repository/org/apache/kerby/kerb-admin/1.0.1/kerb-admin-1.0.1.jar:/root/.m2/repository/org/apache/kerby/kerb-server/1.0.1/kerb-server-1.0.1.jar:/root/.m2/repository/org/apache/kerby/kerb-identity/1.0.1/kerb-identity-1.0.1.jar:/root/.m2/repository/org/apache/kerby/kerby-xdr/1.0.1/kerby-xdr-1.0.1.jar:/root/.m2/repository/org/slf4j/slf4j-log4j12/1.7.25/slf4j-log4j12-1.7.25.jar:/root/.m2/repository/org/apache/hadoop/hadoop-ozone-objectstore-service/0.5.0-SNAPSHOT/hadoop-ozone-objectstore-service-0.5.0-SNAPSHOT.jar:/root/.m2/repository/org/apache/hadoop/hadoop-ozone-s3gateway/0.5.0-SNAPSHOT/hadoop-ozone-s3gateway-0.5.0-SNAPSHOT.jar:/root/.m2/repository/org/jboss/weld/servlet/weld-servlet/2.4.7.Final/weld-servlet-2.4.7.Final.jar:/root/.m2/repository/org/glassfish/jersey/containers/jersey-container-servlet-core/2.27/jersey-container-servlet-core-2.27.jar:/root/.m2/repository/org/glassfish/hk2/external/javax.inject/2.5.0-b42/javax.inject-2.5.0-b42.jar:/root/.m2/repository/org/glassfish/jersey/core/jersey-common/2.27/jersey-common-2.27.jar:/root/.m2/repository/org/glassfish/hk2/osgi-resource-locator/1.0.1/osgi-resource-locator-1.0.1.jar:/root/.m2/repository/javax/ws/rs/javax.ws.rs-api/2.1/javax.ws.rs-api-2.1.jar:/root/.m2/repository/org/glassfish/jersey/ext/cdi/jersey-cdi1x/2.27/jersey-cdi1x-2.27.jar:/root/.m2/repository/org/glassfish/jersey/inject/jersey-hk2/2.27/jersey-hk2-2.27.jar:/root/.m2/repository/org/glassfish/hk2/hk2-locator/2.5.0-b42/hk2-locator-2.5.0-b42.jar:/root/.m2/repository/org/javassist/javassist/3.22.0-CR2/javassist-3.22.0-CR2.jar:/root/.m2/repository/org/glassfish/hk2/hk2-api/2.5.0/hk2-api-2.5.0.jar:/root/.m2/repository/org/glassfish/hk2/external/jakarta.inject/2.5.0/jakarta.inject-2.5.0.jar:/root/.m2/repository/org/glassfish/hk2/hk2-utils/2.5.0/hk2-utils-2.5.0.jar:/root/.m2/repository/jakarta/annotation/jakarta.annotation-api/1.3.4/jakarta.annotation-api-1.3.4.jar:/root/.m2/repository/org/glassfish/hk2/external/aopalliance-repackaged/2.5.0/aopalliance-repackaged-2.5.0.jar:/root/.m2/repository/com/fasterxml/jackson/dataformat/jackson-dataformat-xml/2.9.0/jackson-dataformat-xml-2.9.0.jar:/root/.m2/repository/com/fasterxml/jackson/core/jackson-core/2.9.5/jackson-core-2.9.5.jar:/root/.m2/repository/com/fasterxml/jackson/module/jackson-module-jaxb-annotations/2.9.5/jackson-module-jaxb-annotations-2.9.5.jar:/root/.m2/repository/javax/enterprise/cdi-api/1.2/cdi-api-1.2.jar:/root/.m2/repository/javax/el/javax.el-api/3.0.0/javax.el-api-3.0.0.jar:/root/.m2/repository/javax/interceptor/javax.interceptor-api/1.2/javax.interceptor-api-1.2.jar:/root/.m2/repository/javax/inject/javax.inject/1/javax.inject-1.jar:/root/.m2/repository/com/sun/xml/bind/jaxb-impl/2.3.0.1/jaxb-impl-2.3.0.1.jar:/root/.m2/repository/com/sun/xml/bind/jaxb-core/2.3.0.1/jaxb-core-2.3.0.1.jar:/root/.m2/repository/javax/xml/bind/jaxb-api/2.3.0/jaxb-api-2.3.0.jar:/root/.m2/repository/javax/activation/activation/1.1.1/activation-1.1.1.jar:/root/.m2/repository/org/apache/hadoop/hadoop-ozone-csi/0.5.0-SNAPSHOT/hadoop-ozone-csi-0.5.0-SNAPSHOT.jar:/root/.m2/repository/com/google/protobuf/protobuf-java-util/3.5.1/protobuf-java-util-3.5.1.jar:/root/.m2/repository/org/apache/hadoop/hadoop-hdds-config/0.5.0-SNAPSHOT/hadoop-hdds-config-0.5.0-SNAPSHOT.jar:/root/.m2/repository/com/google/guava/guava/11.0.2/guava-11.0.2.jar:/root/.m2/repository/com/google/protobuf/protobuf-java/2.5.0/protobuf-java-2.5.0.jar:/root/.m2/repository/io/grpc/grpc-netty/1.17.1/grpc-netty-1.17.1.jar:/root/.m2/repository/io/grpc/grpc-core/1.17.1/grpc-core-1.17.1.jar:/root/.m2/repository/io/grpc/grpc-context/1.17.1/grpc-context-1.17.1.jar:/root/.m2/repository/com/google/errorprone/error_prone_annotations/2.2.0/error_prone_annotations-2.2.0.jar:/root/.m2/repository/org/codehaus/mojo/animal-sniffer-annotations/1.17/animal-sniffer-annotations-1.17.jar:/root/.m2/repository/io/opencensus/opencensus-api/0.17.0/opencensus-api-0.17.0.jar:/root/.m2/repository/io/opencensus/opencensus-contrib-grpc-metrics/0.17.0/opencensus-contrib-grpc-metrics-0.17.0.jar:/root/.m2/repository/io/netty/netty-codec-http2/4.1.30.Final/netty-codec-http2-4.1.30.Final.jar:/root/.m2/repository/io/netty/netty-codec-http/4.1.30.Final/netty-codec-http-4.1.30.Final.jar:/root/.m2/repository/io/netty/netty-codec/4.1.30.Final/netty-codec-4.1.30.Final.jar:/root/.m2/repository/io/netty/netty-handler/4.1.30.Final/netty-handler-4.1.30.Final.jar:/root/.m2/repository/io/netty/netty-handler-proxy/4.1.30.Final/netty-handler-proxy-4.1.30.Final.jar:/root/.m2/repository/io/netty/netty-codec-socks/4.1.30.Final/netty-codec-socks-4.1.30.Final.jar:/root/.m2/repository/io/netty/netty-transport-native-epoll/4.1.30.Final/netty-transport-native-epoll-4.1.30.Final.jar:/root/.m2/repository/io/netty/netty-common/4.1.30.Final/netty-common-4.1.30.Final.jar:/root/.m2/repository/io/netty/netty-buffer/4.1.30.Final/netty-buffer-4.1.30.Final.jar:/root/.m2/repository/io/netty/netty-transport/4.1.30.Final/netty-transport-4.1.30.Final.jar:/root/.m2/repository/io/netty/netty-resolver/4.1.30.Final/netty-resolver-4.1.30.Final.jar:/root/.m2/repository/io/netty/netty-transport-native-unix-common/4.1.30.Final/netty-transport-native-unix-common-4.1.30.Final.jar:/root/.m2/repository/io/grpc/grpc-protobuf/1.17.1/grpc-protobuf-1.17.1.jar:/root/.m2/repository/com/google/api/grpc/proto-google-common-protos/1.0.0/proto-google-common-protos-1.0.0.jar:/root/.m2/repository/io/grpc/grpc-protobuf-lite/1.17.1/grpc-protobuf-lite-1.17.1.jar:/root/.m2/repository/io/grpc/grpc-stub/1.17.1/grpc-stub-1.17.1.jar:/root/.m2/repository/org/apache/hadoop/hadoop-ozone-recon/0.5.0-SNAPSHOT/hadoop-ozone-recon-0.5.0-SNAPSHOT.jar:/root/.m2/repository/org/apache/hadoop/hadoop-ozone-reconcodegen/0.5.0-SNAPSHOT/hadoop-ozone-reconcodegen-0.5.0-SNAPSHOT.jar:/root/.m2/repository/com/google/inject/extensions/guice-multibindings/4.0/guice-multibindings-4.0.jar:/root/.m2/repository/com/google/inject/guice/4.0/guice-4.0.jar:/root/.m2/repository/aopalliance/aopalliance/1.0/aopalliance-1.0.jar:/root/.m2/repository/com/google/inject/extensions/guice-servlet/4.0/guice-servlet-4.0.jar:/root/.m2/repository/org/glassfish/jersey/containers/jersey-container-servlet/2.27/jersey-container-servlet-2.27.jar:/root/.m2/repository/org/glassfish/hk2/guice-bridge/2.5.0/guice-bridge-2.5.0.jar:/root/.m2/repository/org/glassfish/jersey/core/jersey-server/2.27/jersey-server-2.27.jar:/root/.m2/repository/org/glassfish/jersey/core/jersey-client/2.27/jersey-client-2.27.jar:/root/.m2/repository/org/glassfish/jersey/media/jersey-media-jaxb/2.27/jersey-media-jaxb-2.27.jar:/root/.m2/repository/javax/validation/validation-api/1.1.0.Final/validation-api-1.1.0.Final.jar:/root/.m2/repository/org/glassfish/jersey/media/jersey-media-json-jackson/2.27/jersey-media-json-jackson-2.27.jar:/root/.m2/repository/org/glassfish/jersey/ext/jersey-entity-filtering/2.27/jersey-entity-filtering-2.27.jar:/root/.m2/repository/com/google/inject/extensions/guice-assistedinject/4.0/guice-assistedinject-4.0.jar:/root/.m2/repository/org/jooq/jooq/3.11.10/jooq-3.11.10.jar:/root/.m2/repository/org/jooq/jooq-meta/3.11.10/jooq-meta-3.11.10.jar:/root/.m2/repository/org/jooq/jooq-codegen/3.11.10/jooq-codegen-3.11.10.jar:/root/.m2/repository/com/jolbox/bonecp/0.8.0.RELEASE/bonecp-0.8.0.RELEASE.jar:/root/.m2/repository/org/xerial/sqlite-jdbc/3.25.2/sqlite-jdbc-3.25.2.jar:/root/.m2/repository/org/springframework/spring-jdbc/5.1.3.RELEASE/spring-jdbc-5.1.3.RELEASE.jar:/root/.m2/repository/org/springframework/spring-beans/5.1.3.RELEASE/spring-beans-5.1.3.RELEASE.jar:/root/.m2/repository/org/springframework/spring-core/5.1.3.RELEASE/spring-core-5.1.3.RELEASE.jar:/root/.m2/repository/org/springframework/spring-jcl/5.1.3.RELEASE/spring-jcl-5.1.3.RELEASE.jar:/root/.m2/repository/org/springframework/spring-tx/5.1.3.RELEASE/spring-tx-5.1.3.RELEASE.jar:/root/.m2/repository/org/apache/hadoop/hadoop-ozone-client/0.5.0-SNAPSHOT/hadoop-ozone-client-0.5.0-SNAPSHOT.jar:/root/.m2/repository/org/apache/hadoop/hadoop-ozone-ozone-manager/0.5.0-SNAPSHOT/hadoop-ozone-ozone-manager-0.5.0-SNAPSHOT-tests.jar:/root/.m2/repository/junit/junit/4.11/junit-4.11.jar:/root/.m2/repository/org/hamcrest/hamcrest-core/1.3/hamcrest-core-1.3.jar:/root/.m2/repository/org/openjdk/jmh/jmh-core/1.19/jmh-core-1.19.jar:/root/.m2/repository/net/sf/jopt-simple/jopt-simple/4.6/jopt-simple-4.6.jar:/root/.m2/repository/org/apache/commons/commons-math3/3.1.1/commons-math3-3.1.1.jar:/root/.m2/repository/org/openjdk/jmh/jmh-generator-annprocess/1.19/jmh-generator-annprocess-1.19.jar:/root/.m2/repository/org/mockito/mockito-all/1.8.5/mockito-all-1.8.5.jar:/root/.m2/repository/org/apache/hadoop/hadoop-kms/3.2.0/hadoop-kms-3.2.0.jar:/root/.m2/repository/org/apache/hadoop/hadoop-auth/3.2.0/hadoop-auth-3.2.0.jar:/root/.m2/repository/com/nimbusds/nimbus-jose-jwt/4.41.1/nimbus-jose-jwt-4.41.1.jar:/root/.m2/repository/com/github/stephenc/jcip/jcip-annotations/1.0-1/jcip-annotations-1.0-1.jar:/root/.m2/repository/net/minidev/json-smart/2.3/json-smart-2.3.jar:/root/.m2/repository/net/minidev/accessors-smart/1.2/accessors-smart-1.2.jar:/root/.m2/repository/org/ow2/asm/asm/5.0.4/asm-5.0.4.jar:/root/.m2/repository/org/apache/curator/curator-framework/2.12.0/curator-framework-2.12.0.jar:/root/.m2/repository/com/sun/jersey/jersey-core/1.19/jersey-core-1.19.jar:/root/.m2/repository/javax/ws/rs/jsr311-api/1.1.1/jsr311-api-1.1.1.jar:/root/.m2/repository/com/sun/jersey/jersey-server/1.19/jersey-server-1.19.jar:/root/.m2/repository/javax/servlet/javax.servlet-api/3.1.0/javax.servlet-api-3.1.0.jar:/root/.m2/repository/org/eclipse/jetty/jetty-server/9.3.24.v20180605/jetty-server-9.3.24.v20180605.jar:/root/.m2/repository/org/eclipse/jetty/jetty-http/9.3.24.v20180605/jetty-http-9.3.24.v20180605.jar:/root/.m2/repository/org/eclipse/jetty/jetty-io/9.3.24.v20180605/jetty-io-9.3.24.v20180605.jar:/root/.m2/repository/org/eclipse/jetty/jetty-webapp/9.3.24.v20180605/jetty-webapp-9.3.24.v20180605.jar:/root/.m2/repository/org/eclipse/jetty/jetty-xml/9.3.24.v20180605/jetty-xml-9.3.24.v20180605.jar:/root/.m2/repository/log4j/log4j/1.2.17/log4j-1.2.17.jar:/root/.m2/repository/org/slf4j/slf4j-api/1.7.25/slf4j-api-1.7.25.jar:/root/.m2/repository/org/slf4j/jul-to-slf4j/1.7.25/jul-to-slf4j-1.7.25.jar:/root/.m2/repository/org/eclipse/jetty/jetty-util/9.3.24.v20180605/jetty-util-9.3.24.v20180605.jar:/root/.m2/repository/io/dropwizard/metrics/metrics-core/3.2.4/metrics-core-3.2.4.jar:/root/.m2/repository/com/fasterxml/jackson/core/jackson-databind/2.9.5/jackson-databind-2.9.5.jar:/root/.m2/repository/org/apache/hadoop/hadoop-kms/3.2.0/hadoop-kms-3.2.0-tests.jar:/root/.m2/repository/org/apache/hadoop/hadoop-hdds-server-scm/0.5.0-SNAPSHOT/hadoop-hdds-server-scm-0.5.0-SNAPSHOT-tests.jar:/root/.m2/repository/org/hamcrest/hamcrest-all/1.3/hamcrest-all-1.3.jar:/root/.m2/repository/info/picocli/picocli/3.9.6/picocli-3.9.6.jar:/root/.m2/repository/org/apache/hadoop/hadoop-hdds-container-service/0.5.0-SNAPSHOT/hadoop-hdds-container-service-0.5.0-SNAPSHOT-tests.jar:/root/.m2/repository/org/yaml/snakeyaml/1.16/snakeyaml-1.16.jar:/root/.m2/repository/org/apache/hadoop/hadoop-common/3.2.0/hadoop-common-3.2.0-tests.jar:/root/.m2/repository/org/apache/hadoop/hadoop-annotations/3.2.0/hadoop-annotations-3.2.0.jar:/usr/lib/jvm/java-1.8-openjdk/jre/../lib/tools.jar:/root/.m2/repository/commons-cli/commons-cli/1.2/commons-cli-1.2.jar:/root/.m2/repository/org/apache/httpcomponents/httpclient/4.5.2/httpclient-4.5.2.jar:/root/.m2/repository/org/apache/httpcomponents/httpcore/4.4.4/httpcore-4.4.4.jar:/root/.m2/repository/commons-codec/commons-codec/1.11/commons-codec-1.11.jar:/root/.m2/repository/commons-net/commons-net/3.6/commons-net-3.6.jar:/root/.m2/repository/commons-collections/commons-collections/3.2.2/commons-collections-3.2.2.jar:/root/.m2/repository/org/eclipse/jetty/jetty-servlet/9.3.24.v20180605/jetty-servlet-9.3.24.v20180605.jar:/root/.m2/repository/org/eclipse/jetty/jetty-security/9.3.24.v20180605/jetty-security-9.3.24.v20180605.jar:/root/.m2/repository/javax/servlet/jsp/jsp-api/2.1/jsp-api-2.1.jar:/root/.m2/repository/com/sun/jersey/jersey-servlet/1.19/jersey-servlet-1.19.jar:/root/.m2/repository/com/sun/jersey/jersey-json/1.19/jersey-json-1.19.jar:/root/.m2/repository/org/codehaus/jettison/jettison/1.1/jettison-1.1.jar:/root/.m2/repository/org/codehaus/jackson/jackson-core-asl/1.9.13/jackson-core-asl-1.9.13.jar:/root/.m2/repository/org/codehaus/jackson/jackson-mapper-asl/1.9.13/jackson-mapper-asl-1.9.13.jar:/root/.m2/repository/org/codehaus/jackson/jackson-jaxrs/1.9.13/jackson-jaxrs-1.9.13.jar:/root/.m2/repository/org/codehaus/jackson/jackson-xc/1.9.13/jackson-xc-1.9.13.jar:/root/.m2/repository/commons-logging/commons-logging/1.1.3/commons-logging-1.1.3.jar:/root/.m2/repository/commons-beanutils/commons-beanutils/1.9.3/commons-beanutils-1.9.3.jar:/root/.m2/repository/org/apache/commons/commons-configuration2/2.1.1/commons-configuration2-2.1.1.jar:/root/.m2/repository/org/apache/commons/commons-lang3/3.7/commons-lang3-3.7.jar:/root/.m2/repository/org/apache/commons/commons-text/1.4/commons-text-1.4.jar:/root/.m2/repository/org/apache/avro/avro/1.7.7/avro-1.7.7.jar:/root/.m2/repository/com/thoughtworks/paranamer/paranamer/2.3/paranamer-2.3.jar:/root/.m2/repository/org/xerial/snappy/snappy-java/1.0.5/snappy-java-1.0.5.jar:/root/.m2/repository/com/google/re2j/re2j/1.1/re2j-1.1.jar:/root/.m2/repository/com/google/code/gson/gson/2.2.4/gson-2.2.4.jar:/root/.m2/repository/com/jcraft/jsch/0.1.54/jsch-0.1.54.jar:/root/.m2/repository/org/apache/curator/curator-client/2.12.0/curator-client-2.12.0.jar:/root/.m2/repository/org/apache/curator/curator-recipes/2.12.0/curator-recipes-2.12.0.jar:/root/.m2/repository/com/google/code/findbugs/jsr305/3.0.0/jsr305-3.0.0.jar:/root/.m2/repository/org/apache/htrace/htrace-core4/4.1.0-incubating/htrace-core4-4.1.0-incubating.jar:/root/.m2/repository/org/apache/zookeeper/zookeeper/3.4.13/zookeeper-3.4.13.jar:/root/.m2/repository/org/apache/yetus/audience-annotations/0.5.0/audience-annotations-0.5.0.jar:/root/.m2/repository/org/codehaus/woodstox/stax2-api/3.1.4/stax2-api-3.1.4.jar:/root/.m2/repository/com/fasterxml/woodstox/woodstox-core/5.0.3/woodstox-core-5.0.3.jar:/root/.m2/repository/dnsjava/dnsjava/2.1.7/dnsjava-2.1.7.jar:/root/.m2/repository/org/apache/hadoop/hadoop-hdfs/3.2.0/hadoop-hdfs-3.2.0-tests.jar:/root/.m2/repository/org/eclipse/jetty/jetty-util-ajax/9.3.24.v20180605/jetty-util-ajax-9.3.24.v20180605.jar:/root/.m2/repository/commons-daemon/commons-daemon/1.0.13/commons-daemon-1.0.13.jar:/root/.m2/repository/io/netty/netty/3.10.5.Final/netty-3.10.5.Final.jar:/root/.m2/repository/io/netty/netty-all/4.0.52.Final/netty-all-4.0.52.Final.jar:/root/.m2/repository/org/fusesource/leveldbjni/leveldbjni-all/1.8/leveldbjni-all-1.8.jar:"/>
    <property name="java.vm.vendor" value="IcedTea"/>
    <property name="sun.arch.data.model" value="64"/>
    <property name="test.build.dir" value="/opt/src/hadoop-ozone/integration-test/target/test-dir"/>
    <property name="test.cache.data" value=""/>
    <property name="java.vendor.url" value="https://icedtea.classpath.org"/>
    <property name="user.timezone" value=""/>
    <property name="java.vm.specification.version" value="1.8"/>
    <property name="os.name" value="Linux"/>
    <property name="test.build.data" value="/opt/src/hadoop-ozone/integration-test/target/test-dir"/>
    <property name="user.country" value="US"/>
    <property name="sun.java.launcher" value="SUN_STANDARD"/>
    <property name="sun.boot.library.path" value="/usr/lib/jvm/java-1.8-openjdk/jre/lib/amd64"/>
    <property name="sun.java.command" value="/opt/src/hadoop-ozone/integration-test/target/surefire/surefirebooter8022383896828324500.jar /opt/src/hadoop-ozone/integration-test/target/surefire 2019-06-13T21-57-04_384-jvmRun1 surefire4869809395827604577tmp surefire_387138887184796374332tmp"/>
    <property name="surefire.test.class.path" value="/opt/src/hadoop-ozone/integration-test/target/test-classes:/opt/src/hadoop-ozone/integration-test/target/classes:/root/.m2/repository/org/apache/hadoop/hadoop-ozone-common/0.5.0-SNAPSHOT/hadoop-ozone-common-0.5.0-SNAPSHOT.jar:/root/.m2/repository/org/apache/commons/commons-compress/1.4.1/commons-compress-1.4.1.jar:/root/.m2/repository/org/tukaani/xz/1.0/xz-1.0.jar:/root/.m2/repository/org/apache/hadoop/hadoop-common/3.2.0/hadoop-common-3.2.0.jar:/root/.m2/repository/org/apache/hadoop/hadoop-hdfs/3.2.0/hadoop-hdfs-3.2.0.jar:/root/.m2/repository/org/apache/hadoop/hadoop-hdfs-client/3.2.0/hadoop-hdfs-client-3.2.0.jar:/root/.m2/repository/com/fasterxml/jackson/core/jackson-annotations/2.9.5/jackson-annotations-2.9.5.jar:/root/.m2/repository/org/apache/hadoop/hadoop-hdds-common/0.5.0-SNAPSHOT/hadoop-hdds-common-0.5.0-SNAPSHOT.jar:/root/.m2/repository/javax/annotation/javax.annotation-api/1.2/javax.annotation-api-1.2.jar:/root/.m2/repository/org/apache/ratis/ratis-server/0.4.0-fe2b15d-SNAPSHOT/ratis-server-0.4.0-fe2b15d-SNAPSHOT.jar:/root/.m2/repository/org/apache/ratis/ratis-thirdparty-misc/0.2.0/ratis-thirdparty-misc-0.2.0.jar:/root/.m2/repository/org/apache/ratis/ratis-proto/0.4.0-fe2b15d-SNAPSHOT/ratis-proto-0.4.0-fe2b15d-SNAPSHOT.jar:/root/.m2/repository/org/apache/ratis/ratis-common/0.4.0-fe2b15d-SNAPSHOT/ratis-common-0.4.0-fe2b15d-SNAPSHOT.jar:/root/.m2/repository/org/apache/ratis/ratis-client/0.4.0-fe2b15d-SNAPSHOT/ratis-client-0.4.0-fe2b15d-SNAPSHOT.jar:/root/.m2/repository/org/apache/ratis/ratis-netty/0.4.0-fe2b15d-SNAPSHOT/ratis-netty-0.4.0-fe2b15d-SNAPSHOT.jar:/root/.m2/repository/org/apache/ratis/ratis-grpc/0.4.0-fe2b15d-SNAPSHOT/ratis-grpc-0.4.0-fe2b15d-SNAPSHOT.jar:/root/.m2/repository/org/rocksdb/rocksdbjni/5.14.2/rocksdbjni-5.14.2.jar:/root/.m2/repository/org/apache/logging/log4j/log4j-api/2.11.0/log4j-api-2.11.0.jar:/root/.m2/repository/org/apache/logging/log4j/log4j-core/2.11.0/log4j-core-2.11.0.jar:/root/.m2/repository/com/lmax/disruptor/3.4.2/disruptor-3.4.2.jar:/root/.m2/repository/org/apache/commons/commons-pool2/2.6.0/commons-pool2-2.6.0.jar:/root/.m2/repository/org/bouncycastle/bcpkix-jdk15on/1.60/bcpkix-jdk15on-1.60.jar:/root/.m2/repository/commons-validator/commons-validator/1.6/commons-validator-1.6.jar:/root/.m2/repository/commons-digester/commons-digester/1.8.1/commons-digester-1.8.1.jar:/root/.m2/repository/io/jaegertracing/jaeger-client/0.33.1/jaeger-client-0.33.1.jar:/root/.m2/repository/io/jaegertracing/jaeger-thrift/0.33.1/jaeger-thrift-0.33.1.jar:/root/.m2/repository/org/apache/thrift/libthrift/0.11.0/libthrift-0.11.0.jar:/root/.m2/repository/com/squareup/okhttp3/okhttp/3.9.0/okhttp-3.9.0.jar:/root/.m2/repository/com/squareup/okio/okio/1.13.0/okio-1.13.0.jar:/root/.m2/repository/io/jaegertracing/jaeger-core/0.33.1/jaeger-core-0.33.1.jar:/root/.m2/repository/io/jaegertracing/jaeger-tracerresolver/0.33.1/jaeger-tracerresolver-0.33.1.jar:/root/.m2/repository/io/opentracing/contrib/opentracing-tracerresolver/0.1.5/opentracing-tracerresolver-0.1.5.jar:/root/.m2/repository/io/opentracing/opentracing-util/0.31.0/opentracing-util-0.31.0.jar:/root/.m2/repository/io/opentracing/opentracing-api/0.31.0/opentracing-api-0.31.0.jar:/root/.m2/repository/io/opentracing/opentracing-noop/0.31.0/opentracing-noop-0.31.0.jar:/root/.m2/repository/org/apache/hadoop/hadoop-hdds-server-framework/0.5.0-SNAPSHOT/hadoop-hdds-server-framework-0.5.0-SNAPSHOT.jar:/root/.m2/repository/org/apache/hadoop/hadoop-hdds-server-scm/0.5.0-SNAPSHOT/hadoop-hdds-server-scm-0.5.0-SNAPSHOT.jar:/root/.m2/repository/org/apache/hadoop/hadoop-hdds-container-service/0.5.0-SNAPSHOT/hadoop-hdds-container-service-0.5.0-SNAPSHOT.jar:/root/.m2/repository/org/apache/hadoop/hadoop-hdds-client/0.5.0-SNAPSHOT/hadoop-hdds-client-0.5.0-SNAPSHOT.jar:/root/.m2/repository/org/apache/hadoop/hadoop-hdds-tools/0.5.0-SNAPSHOT/hadoop-hdds-tools-0.5.0-SNAPSHOT.jar:/root/.m2/repository/org/apache/hadoop/hadoop-ozone-ozone-manager/0.5.0-SNAPSHOT/hadoop-ozone-ozone-manager-0.5.0-SNAPSHOT.jar:/root/.m2/repository/org/apache/hadoop/hadoop-hdds-docs/0.5.0-SNAPSHOT/hadoop-hdds-docs-0.5.0-SNAPSHOT.jar:/root/.m2/repository/org/bouncycastle/bcprov-jdk15on/1.60/bcprov-jdk15on-1.60.jar:/root/.m2/repository/org/apache/hadoop/hadoop-minikdc/3.2.0/hadoop-minikdc-3.2.0.jar:/root/.m2/repository/commons-io/commons-io/2.5/commons-io-2.5.jar:/root/.m2/repository/org/apache/kerby/kerb-simplekdc/1.0.1/kerb-simplekdc-1.0.1.jar:/root/.m2/repository/org/apache/kerby/kerb-client/1.0.1/kerb-client-1.0.1.jar:/root/.m2/repository/org/apache/kerby/kerby-config/1.0.1/kerby-config-1.0.1.jar:/root/.m2/repository/org/apache/kerby/kerb-core/1.0.1/kerb-core-1.0.1.jar:/root/.m2/repository/org/apache/kerby/kerby-pkix/1.0.1/kerby-pkix-1.0.1.jar:/root/.m2/repository/org/apache/kerby/kerby-asn1/1.0.1/kerby-asn1-1.0.1.jar:/root/.m2/repository/org/apache/kerby/kerby-util/1.0.1/kerby-util-1.0.1.jar:/root/.m2/repository/org/apache/kerby/kerb-common/1.0.1/kerb-common-1.0.1.jar:/root/.m2/repository/org/apache/kerby/kerb-crypto/1.0.1/kerb-crypto-1.0.1.jar:/root/.m2/repository/org/apache/kerby/kerb-util/1.0.1/kerb-util-1.0.1.jar:/root/.m2/repository/org/apache/kerby/token-provider/1.0.1/token-provider-1.0.1.jar:/root/.m2/repository/org/apache/kerby/kerb-admin/1.0.1/kerb-admin-1.0.1.jar:/root/.m2/repository/org/apache/kerby/kerb-server/1.0.1/kerb-server-1.0.1.jar:/root/.m2/repository/org/apache/kerby/kerb-identity/1.0.1/kerb-identity-1.0.1.jar:/root/.m2/repository/org/apache/kerby/kerby-xdr/1.0.1/kerby-xdr-1.0.1.jar:/root/.m2/repository/org/slf4j/slf4j-log4j12/1.7.25/slf4j-log4j12-1.7.25.jar:/root/.m2/repository/org/apache/hadoop/hadoop-ozone-objectstore-service/0.5.0-SNAPSHOT/hadoop-ozone-objectstore-service-0.5.0-SNAPSHOT.jar:/root/.m2/repository/org/apache/hadoop/hadoop-ozone-s3gateway/0.5.0-SNAPSHOT/hadoop-ozone-s3gateway-0.5.0-SNAPSHOT.jar:/root/.m2/repository/org/jboss/weld/servlet/weld-servlet/2.4.7.Final/weld-servlet-2.4.7.Final.jar:/root/.m2/repository/org/glassfish/jersey/containers/jersey-container-servlet-core/2.27/jersey-container-servlet-core-2.27.jar:/root/.m2/repository/org/glassfish/hk2/external/javax.inject/2.5.0-b42/javax.inject-2.5.0-b42.jar:/root/.m2/repository/org/glassfish/jersey/core/jersey-common/2.27/jersey-common-2.27.jar:/root/.m2/repository/org/glassfish/hk2/osgi-resource-locator/1.0.1/osgi-resource-locator-1.0.1.jar:/root/.m2/repository/javax/ws/rs/javax.ws.rs-api/2.1/javax.ws.rs-api-2.1.jar:/root/.m2/repository/org/glassfish/jersey/ext/cdi/jersey-cdi1x/2.27/jersey-cdi1x-2.27.jar:/root/.m2/repository/org/glassfish/jersey/inject/jersey-hk2/2.27/jersey-hk2-2.27.jar:/root/.m2/repository/org/glassfish/hk2/hk2-locator/2.5.0-b42/hk2-locator-2.5.0-b42.jar:/root/.m2/repository/org/javassist/javassist/3.22.0-CR2/javassist-3.22.0-CR2.jar:/root/.m2/repository/org/glassfish/hk2/hk2-api/2.5.0/hk2-api-2.5.0.jar:/root/.m2/repository/org/glassfish/hk2/external/jakarta.inject/2.5.0/jakarta.inject-2.5.0.jar:/root/.m2/repository/org/glassfish/hk2/hk2-utils/2.5.0/hk2-utils-2.5.0.jar:/root/.m2/repository/jakarta/annotation/jakarta.annotation-api/1.3.4/jakarta.annotation-api-1.3.4.jar:/root/.m2/repository/org/glassfish/hk2/external/aopalliance-repackaged/2.5.0/aopalliance-repackaged-2.5.0.jar:/root/.m2/repository/com/fasterxml/jackson/dataformat/jackson-dataformat-xml/2.9.0/jackson-dataformat-xml-2.9.0.jar:/root/.m2/repository/com/fasterxml/jackson/core/jackson-core/2.9.5/jackson-core-2.9.5.jar:/root/.m2/repository/com/fasterxml/jackson/module/jackson-module-jaxb-annotations/2.9.5/jackson-module-jaxb-annotations-2.9.5.jar:/root/.m2/repository/javax/enterprise/cdi-api/1.2/cdi-api-1.2.jar:/root/.m2/repository/javax/el/javax.el-api/3.0.0/javax.el-api-3.0.0.jar:/root/.m2/repository/javax/interceptor/javax.interceptor-api/1.2/javax.interceptor-api-1.2.jar:/root/.m2/repository/javax/inject/javax.inject/1/javax.inject-1.jar:/root/.m2/repository/com/sun/xml/bind/jaxb-impl/2.3.0.1/jaxb-impl-2.3.0.1.jar:/root/.m2/repository/com/sun/xml/bind/jaxb-core/2.3.0.1/jaxb-core-2.3.0.1.jar:/root/.m2/repository/javax/xml/bind/jaxb-api/2.3.0/jaxb-api-2.3.0.jar:/root/.m2/repository/javax/activation/activation/1.1.1/activation-1.1.1.jar:/root/.m2/repository/org/apache/hadoop/hadoop-ozone-csi/0.5.0-SNAPSHOT/hadoop-ozone-csi-0.5.0-SNAPSHOT.jar:/root/.m2/repository/com/google/protobuf/protobuf-java-util/3.5.1/protobuf-java-util-3.5.1.jar:/root/.m2/repository/org/apache/hadoop/hadoop-hdds-config/0.5.0-SNAPSHOT/hadoop-hdds-config-0.5.0-SNAPSHOT.jar:/root/.m2/repository/com/google/guava/guava/11.0.2/guava-11.0.2.jar:/root/.m2/repository/com/google/protobuf/protobuf-java/2.5.0/protobuf-java-2.5.0.jar:/root/.m2/repository/io/grpc/grpc-netty/1.17.1/grpc-netty-1.17.1.jar:/root/.m2/repository/io/grpc/grpc-core/1.17.1/grpc-core-1.17.1.jar:/root/.m2/repository/io/grpc/grpc-context/1.17.1/grpc-context-1.17.1.jar:/root/.m2/repository/com/google/errorprone/error_prone_annotations/2.2.0/error_prone_annotations-2.2.0.jar:/root/.m2/repository/org/codehaus/mojo/animal-sniffer-annotations/1.17/animal-sniffer-annotations-1.17.jar:/root/.m2/repository/io/opencensus/opencensus-api/0.17.0/opencensus-api-0.17.0.jar:/root/.m2/repository/io/opencensus/opencensus-contrib-grpc-metrics/0.17.0/opencensus-contrib-grpc-metrics-0.17.0.jar:/root/.m2/repository/io/netty/netty-codec-http2/4.1.30.Final/netty-codec-http2-4.1.30.Final.jar:/root/.m2/repository/io/netty/netty-codec-http/4.1.30.Final/netty-codec-http-4.1.30.Final.jar:/root/.m2/repository/io/netty/netty-codec/4.1.30.Final/netty-codec-4.1.30.Final.jar:/root/.m2/repository/io/netty/netty-handler/4.1.30.Final/netty-handler-4.1.30.Final.jar:/root/.m2/repository/io/netty/netty-handler-proxy/4.1.30.Final/netty-handler-proxy-4.1.30.Final.jar:/root/.m2/repository/io/netty/netty-codec-socks/4.1.30.Final/netty-codec-socks-4.1.30.Final.jar:/root/.m2/repository/io/netty/netty-transport-native-epoll/4.1.30.Final/netty-transport-native-epoll-4.1.30.Final.jar:/root/.m2/repository/io/netty/netty-common/4.1.30.Final/netty-common-4.1.30.Final.jar:/root/.m2/repository/io/netty/netty-buffer/4.1.30.Final/netty-buffer-4.1.30.Final.jar:/root/.m2/repository/io/netty/netty-transport/4.1.30.Final/netty-transport-4.1.30.Final.jar:/root/.m2/repository/io/netty/netty-resolver/4.1.30.Final/netty-resolver-4.1.30.Final.jar:/root/.m2/repository/io/netty/netty-transport-native-unix-common/4.1.30.Final/netty-transport-native-unix-common-4.1.30.Final.jar:/root/.m2/repository/io/grpc/grpc-protobuf/1.17.1/grpc-protobuf-1.17.1.jar:/root/.m2/repository/com/google/api/grpc/proto-google-common-protos/1.0.0/proto-google-common-protos-1.0.0.jar:/root/.m2/repository/io/grpc/grpc-protobuf-lite/1.17.1/grpc-protobuf-lite-1.17.1.jar:/root/.m2/repository/io/grpc/grpc-stub/1.17.1/grpc-stub-1.17.1.jar:/root/.m2/repository/org/apache/hadoop/hadoop-ozone-recon/0.5.0-SNAPSHOT/hadoop-ozone-recon-0.5.0-SNAPSHOT.jar:/root/.m2/repository/org/apache/hadoop/hadoop-ozone-reconcodegen/0.5.0-SNAPSHOT/hadoop-ozone-reconcodegen-0.5.0-SNAPSHOT.jar:/root/.m2/repository/com/google/inject/extensions/guice-multibindings/4.0/guice-multibindings-4.0.jar:/root/.m2/repository/com/google/inject/guice/4.0/guice-4.0.jar:/root/.m2/repository/aopalliance/aopalliance/1.0/aopalliance-1.0.jar:/root/.m2/repository/com/google/inject/extensions/guice-servlet/4.0/guice-servlet-4.0.jar:/root/.m2/repository/org/glassfish/jersey/containers/jersey-container-servlet/2.27/jersey-container-servlet-2.27.jar:/root/.m2/repository/org/glassfish/hk2/guice-bridge/2.5.0/guice-bridge-2.5.0.jar:/root/.m2/repository/org/glassfish/jersey/core/jersey-server/2.27/jersey-server-2.27.jar:/root/.m2/repository/org/glassfish/jersey/core/jersey-client/2.27/jersey-client-2.27.jar:/root/.m2/repository/org/glassfish/jersey/media/jersey-media-jaxb/2.27/jersey-media-jaxb-2.27.jar:/root/.m2/repository/javax/validation/validation-api/1.1.0.Final/validation-api-1.1.0.Final.jar:/root/.m2/repository/org/glassfish/jersey/media/jersey-media-json-jackson/2.27/jersey-media-json-jackson-2.27.jar:/root/.m2/repository/org/glassfish/jersey/ext/jersey-entity-filtering/2.27/jersey-entity-filtering-2.27.jar:/root/.m2/repository/com/google/inject/extensions/guice-assistedinject/4.0/guice-assistedinject-4.0.jar:/root/.m2/repository/org/jooq/jooq/3.11.10/jooq-3.11.10.jar:/root/.m2/repository/org/jooq/jooq-meta/3.11.10/jooq-meta-3.11.10.jar:/root/.m2/repository/org/jooq/jooq-codegen/3.11.10/jooq-codegen-3.11.10.jar:/root/.m2/repository/com/jolbox/bonecp/0.8.0.RELEASE/bonecp-0.8.0.RELEASE.jar:/root/.m2/repository/org/xerial/sqlite-jdbc/3.25.2/sqlite-jdbc-3.25.2.jar:/root/.m2/repository/org/springframework/spring-jdbc/5.1.3.RELEASE/spring-jdbc-5.1.3.RELEASE.jar:/root/.m2/repository/org/springframework/spring-beans/5.1.3.RELEASE/spring-beans-5.1.3.RELEASE.jar:/root/.m2/repository/org/springframework/spring-core/5.1.3.RELEASE/spring-core-5.1.3.RELEASE.jar:/root/.m2/repository/org/springframework/spring-jcl/5.1.3.RELEASE/spring-jcl-5.1.3.RELEASE.jar:/root/.m2/repository/org/springframework/spring-tx/5.1.3.RELEASE/spring-tx-5.1.3.RELEASE.jar:/root/.m2/repository/org/apache/hadoop/hadoop-ozone-client/0.5.0-SNAPSHOT/hadoop-ozone-client-0.5.0-SNAPSHOT.jar:/root/.m2/repository/org/apache/hadoop/hadoop-ozone-ozone-manager/0.5.0-SNAPSHOT/hadoop-ozone-ozone-manager-0.5.0-SNAPSHOT-tests.jar:/root/.m2/repository/junit/junit/4.11/junit-4.11.jar:/root/.m2/repository/org/hamcrest/hamcrest-core/1.3/hamcrest-core-1.3.jar:/root/.m2/repository/org/openjdk/jmh/jmh-core/1.19/jmh-core-1.19.jar:/root/.m2/repository/net/sf/jopt-simple/jopt-simple/4.6/jopt-simple-4.6.jar:/root/.m2/repository/org/apache/commons/commons-math3/3.1.1/commons-math3-3.1.1.jar:/root/.m2/repository/org/openjdk/jmh/jmh-generator-annprocess/1.19/jmh-generator-annprocess-1.19.jar:/root/.m2/repository/org/mockito/mockito-all/1.8.5/mockito-all-1.8.5.jar:/root/.m2/repository/org/apache/hadoop/hadoop-kms/3.2.0/hadoop-kms-3.2.0.jar:/root/.m2/repository/org/apache/hadoop/hadoop-auth/3.2.0/hadoop-auth-3.2.0.jar:/root/.m2/repository/com/nimbusds/nimbus-jose-jwt/4.41.1/nimbus-jose-jwt-4.41.1.jar:/root/.m2/repository/com/github/stephenc/jcip/jcip-annotations/1.0-1/jcip-annotations-1.0-1.jar:/root/.m2/repository/net/minidev/json-smart/2.3/json-smart-2.3.jar:/root/.m2/repository/net/minidev/accessors-smart/1.2/accessors-smart-1.2.jar:/root/.m2/repository/org/ow2/asm/asm/5.0.4/asm-5.0.4.jar:/root/.m2/repository/org/apache/curator/curator-framework/2.12.0/curator-framework-2.12.0.jar:/root/.m2/repository/com/sun/jersey/jersey-core/1.19/jersey-core-1.19.jar:/root/.m2/repository/javax/ws/rs/jsr311-api/1.1.1/jsr311-api-1.1.1.jar:/root/.m2/repository/com/sun/jersey/jersey-server/1.19/jersey-server-1.19.jar:/root/.m2/repository/javax/servlet/javax.servlet-api/3.1.0/javax.servlet-api-3.1.0.jar:/root/.m2/repository/org/eclipse/jetty/jetty-server/9.3.24.v20180605/jetty-server-9.3.24.v20180605.jar:/root/.m2/repository/org/eclipse/jetty/jetty-http/9.3.24.v20180605/jetty-http-9.3.24.v20180605.jar:/root/.m2/repository/org/eclipse/jetty/jetty-io/9.3.24.v20180605/jetty-io-9.3.24.v20180605.jar:/root/.m2/repository/org/eclipse/jetty/jetty-webapp/9.3.24.v20180605/jetty-webapp-9.3.24.v20180605.jar:/root/.m2/repository/org/eclipse/jetty/jetty-xml/9.3.24.v20180605/jetty-xml-9.3.24.v20180605.jar:/root/.m2/repository/log4j/log4j/1.2.17/log4j-1.2.17.jar:/root/.m2/repository/org/slf4j/slf4j-api/1.7.25/slf4j-api-1.7.25.jar:/root/.m2/repository/org/slf4j/jul-to-slf4j/1.7.25/jul-to-slf4j-1.7.25.jar:/root/.m2/repository/org/eclipse/jetty/jetty-util/9.3.24.v20180605/jetty-util-9.3.24.v20180605.jar:/root/.m2/repository/io/dropwizard/metrics/metrics-core/3.2.4/metrics-core-3.2.4.jar:/root/.m2/repository/com/fasterxml/jackson/core/jackson-databind/2.9.5/jackson-databind-2.9.5.jar:/root/.m2/repository/org/apache/hadoop/hadoop-kms/3.2.0/hadoop-kms-3.2.0-tests.jar:/root/.m2/repository/org/apache/hadoop/hadoop-hdds-server-scm/0.5.0-SNAPSHOT/hadoop-hdds-server-scm-0.5.0-SNAPSHOT-tests.jar:/root/.m2/repository/org/hamcrest/hamcrest-all/1.3/hamcrest-all-1.3.jar:/root/.m2/repository/info/picocli/picocli/3.9.6/picocli-3.9.6.jar:/root/.m2/repository/org/apache/hadoop/hadoop-hdds-container-service/0.5.0-SNAPSHOT/hadoop-hdds-container-service-0.5.0-SNAPSHOT-tests.jar:/root/.m2/repository/org/yaml/snakeyaml/1.16/snakeyaml-1.16.jar:/root/.m2/repository/org/apache/hadoop/hadoop-common/3.2.0/hadoop-common-3.2.0-tests.jar:/root/.m2/repository/org/apache/hadoop/hadoop-annotations/3.2.0/hadoop-annotations-3.2.0.jar:/usr/lib/jvm/java-1.8-openjdk/jre/../lib/tools.jar:/root/.m2/repository/commons-cli/commons-cli/1.2/commons-cli-1.2.jar:/root/.m2/repository/org/apache/httpcomponents/httpclient/4.5.2/httpclient-4.5.2.jar:/root/.m2/repository/org/apache/httpcomponents/httpcore/4.4.4/httpcore-4.4.4.jar:/root/.m2/repository/commons-codec/commons-codec/1.11/commons-codec-1.11.jar:/root/.m2/repository/commons-net/commons-net/3.6/commons-net-3.6.jar:/root/.m2/repository/commons-collections/commons-collections/3.2.2/commons-collections-3.2.2.jar:/root/.m2/repository/org/eclipse/jetty/jetty-servlet/9.3.24.v20180605/jetty-servlet-9.3.24.v20180605.jar:/root/.m2/repository/org/eclipse/jetty/jetty-security/9.3.24.v20180605/jetty-security-9.3.24.v20180605.jar:/root/.m2/repository/javax/servlet/jsp/jsp-api/2.1/jsp-api-2.1.jar:/root/.m2/repository/com/sun/jersey/jersey-servlet/1.19/jersey-servlet-1.19.jar:/root/.m2/repository/com/sun/jersey/jersey-json/1.19/jersey-json-1.19.jar:/root/.m2/repository/org/codehaus/jettison/jettison/1.1/jettison-1.1.jar:/root/.m2/repository/org/codehaus/jackson/jackson-core-asl/1.9.13/jackson-core-asl-1.9.13.jar:/root/.m2/repository/org/codehaus/jackson/jackson-mapper-asl/1.9.13/jackson-mapper-asl-1.9.13.jar:/root/.m2/repository/org/codehaus/jackson/jackson-jaxrs/1.9.13/jackson-jaxrs-1.9.13.jar:/root/.m2/repository/org/codehaus/jackson/jackson-xc/1.9.13/jackson-xc-1.9.13.jar:/root/.m2/repository/commons-logging/commons-logging/1.1.3/commons-logging-1.1.3.jar:/root/.m2/repository/commons-beanutils/commons-beanutils/1.9.3/commons-beanutils-1.9.3.jar:/root/.m2/repository/org/apache/commons/commons-configuration2/2.1.1/commons-configuration2-2.1.1.jar:/root/.m2/repository/org/apache/commons/commons-lang3/3.7/commons-lang3-3.7.jar:/root/.m2/repository/org/apache/commons/commons-text/1.4/commons-text-1.4.jar:/root/.m2/repository/org/apache/avro/avro/1.7.7/avro-1.7.7.jar:/root/.m2/repository/com/thoughtworks/paranamer/paranamer/2.3/paranamer-2.3.jar:/root/.m2/repository/org/xerial/snappy/snappy-java/1.0.5/snappy-java-1.0.5.jar:/root/.m2/repository/com/google/re2j/re2j/1.1/re2j-1.1.jar:/root/.m2/repository/com/google/code/gson/gson/2.2.4/gson-2.2.4.jar:/root/.m2/repository/com/jcraft/jsch/0.1.54/jsch-0.1.54.jar:/root/.m2/repository/org/apache/curator/curator-client/2.12.0/curator-client-2.12.0.jar:/root/.m2/repository/org/apache/curator/curator-recipes/2.12.0/curator-recipes-2.12.0.jar:/root/.m2/repository/com/google/code/findbugs/jsr305/3.0.0/jsr305-3.0.0.jar:/root/.m2/repository/org/apache/htrace/htrace-core4/4.1.0-incubating/htrace-core4-4.1.0-incubating.jar:/root/.m2/repository/org/apache/zookeeper/zookeeper/3.4.13/zookeeper-3.4.13.jar:/root/.m2/repository/org/apache/yetus/audience-annotations/0.5.0/audience-annotations-0.5.0.jar:/root/.m2/repository/org/codehaus/woodstox/stax2-api/3.1.4/stax2-api-3.1.4.jar:/root/.m2/repository/com/fasterxml/woodstox/woodstox-core/5.0.3/woodstox-core-5.0.3.jar:/root/.m2/repository/dnsjava/dnsjava/2.1.7/dnsjava-2.1.7.jar:/root/.m2/repository/org/apache/hadoop/hadoop-hdfs/3.2.0/hadoop-hdfs-3.2.0-tests.jar:/root/.m2/repository/org/eclipse/jetty/jetty-util-ajax/9.3.24.v20180605/jetty-util-ajax-9.3.24.v20180605.jar:/root/.m2/repository/commons-daemon/commons-daemon/1.0.13/commons-daemon-1.0.13.jar:/root/.m2/repository/io/netty/netty/3.10.5.Final/netty-3.10.5.Final.jar:/root/.m2/repository/io/netty/netty-all/4.0.52.Final/netty-all-4.0.52.Final.jar:/root/.m2/repository/org/fusesource/leveldbjni/leveldbjni-all/1.8/leveldbjni-all-1.8.jar:"/>
    <property name="sun.cpu.endian" value="little"/>
    <property name="user.home" value="/root"/>
    <property name="user.language" value="en"/>
    <property name="java.specification.vendor" value="Oracle Corporation"/>
    <property name="java.home" value="/usr/lib/jvm/java-1.8-openjdk/jre"/>
    <property name="java.security.krb5.conf" value="/opt/src/hadoop-ozone/integration-test/target/test-classes/krb5.conf"/>
    <property name="basedir" value="/opt/src/hadoop-ozone/integration-test"/>
    <property name="file.separator" value="/"/>
    <property name="line.separator" value="&#10;"/>
    <property name="java.vm.specification.vendor" value="Oracle Corporation"/>
    <property name="java.specification.name" value="Java Platform API Specification"/>
    <property name="java.awt.graphicsenv" value="sun.awt.X11GraphicsEnvironment"/>
    <property name="surefire.real.class.path" value="/opt/src/hadoop-ozone/integration-test/target/surefire/surefirebooter8022383896828324500.jar"/>
    <property name="hadoop.log.dir" value="/opt/src/hadoop-ozone/integration-test/target/log"/>
    <property name="sun.boot.class.path" value="/usr/lib/jvm/java-1.8-openjdk/jre/lib/resources.jar:/usr/lib/jvm/java-1.8-openjdk/jre/lib/rt.jar:/usr/lib/jvm/java-1.8-openjdk/jre/lib/sunrsasign.jar:/usr/lib/jvm/java-1.8-openjdk/jre/lib/jsse.jar:/usr/lib/jvm/java-1.8-openjdk/jre/lib/jce.jar:/usr/lib/jvm/java-1.8-openjdk/jre/lib/charsets.jar:/usr/lib/jvm/java-1.8-openjdk/jre/lib/jfr.jar:/usr/lib/jvm/java-1.8-openjdk/jre/classes"/>
    <property name="sun.management.compiler" value="HotSpot 64-Bit Tiered Compilers"/>
    <property name="java.runtime.version" value="1.8.0_212-b04"/>
    <property name="java.net.preferIPv4Stack" value="true"/>
    <property name="user.name" value="root"/>
    <property name="path.separator" value=":"/>
    <property name="java.security.egd" value="file:///dev/urandom"/>
    <property name="os.version" value="4.15.0-1021-aws"/>
    <property name="java.endorsed.dirs" value="/usr/lib/jvm/java-1.8-openjdk/jre/lib/endorsed"/>
    <property name="java.runtime.name" value="OpenJDK Runtime Environment"/>
    <property name="file.encoding" value="UTF-8"/>
    <property name="java.vm.name" value="OpenJDK 64-Bit Server VM"/>
    <property name="test.build.webapps" value=""/>
    <property name="localRepository" value="/root/.m2/repository"/>
    <property name="java.vendor.url.bug" value="https://icedtea.classpath.org/bugzilla"/>
    <property name="java.io.tmpdir" value="/tmp"/>
    <property name="require.test.libhadoop" value=""/>
    <property name="java.version" value="1.8.0_212"/>
    <property name="user.dir" value="/opt/src/hadoop-ozone/integration-test"/>
    <property name="os.arch" value="amd64"/>
    <property name="java.vm.specification.name" value="Java Virtual Machine Specification"/>
    <property name="test.build.classes" value="/opt/src/hadoop-ozone/integration-test/target/test-classes"/>
    <property name="java.awt.printerjob" value="sun.print.PSPrinterJob"/>
    <property name="sun.os.patch.level" value="unknown"/>
    <property name="hadoop.tmp.dir" value="/opt/src/hadoop-ozone/integration-test/target/tmp"/>
    <property name="java.library.path" value="/usr/lib/jvm/java-1.8-openjdk/jre/lib/amd64/server:/usr/lib/jvm/java-1.8-openjdk/jre/lib/amd64:/usr/lib/jvm/java-1.8-openjdk/jre/../lib/amd64:/opt/src/hadoop-ozone/integration-test/target/native/target/usr/local/lib:/opt/src/hadoop-ozone/integration-test/../../hadoop-common-project/hadoop-common/target/native/target/usr/local/lib:/usr/java/packages/lib/amd64:/usr/lib64:/lib64:/lib:/usr/lib"/>
    <property name="java.vm.info" value="mixed mode"/>
    <property name="java.vendor" value="IcedTea"/>
    <property name="java.vm.version" value="25.212-b04"/>
    <property name="java.ext.dirs" value="/usr/lib/jvm/java-1.8-openjdk/jre/lib/ext:/usr/java/packages/lib/ext"/>
    <property name="sun.io.unicode.encoding" value="UnicodeLittle"/>
    <property name="java.class.version" value="52.0"/>
  </properties>
  <testcase name="testBlockDeletion" classname="org.apache.hadoop.ozone.container.common.statemachine.commandhandler.TestBlockDeletion" time="63.613">
    <failure message="expected null, but was:&lt;[B@118041c7&gt;" type="java.lang.AssertionError"><![CDATA[java.lang.AssertionError: expected null, but was:<[B@118041c7>
	at org.junit.Assert.fail(Assert.java:88)
	at org.junit.Assert.failNotNull(Assert.java:664)
	at org.junit.Assert.assertNull(Assert.java:646)
	at org.junit.Assert.assertNull(Assert.java:656)
	at org.apache.hadoop.ozone.container.common.statemachine.commandhandler.TestBlockDeletion.lambda$verifyBlocksDeleted$3(TestBlockDeletion.java:323)
	at org.apache.hadoop.ozone.OzoneTestUtils.performOperationOnKeyContainers(OzoneTestUtils.java:96)
	at org.apache.hadoop.ozone.container.common.statemachine.commandhandler.TestBlockDeletion.verifyBlocksDeleted(TestBlockDeletion.java:317)
	at org.apache.hadoop.ozone.container.common.statemachine.commandhandler.TestBlockDeletion.testBlockDeletion(TestBlockDeletion.java:177)
	at sun.reflect.NativeMethodAccessorImpl.invoke0(Native Method)
	at sun.reflect.NativeMethodAccessorImpl.invoke(NativeMethodAccessorImpl.java:62)
	at sun.reflect.DelegatingMethodAccessorImpl.invoke(DelegatingMethodAccessorImpl.java:43)
	at java.lang.reflect.Method.invoke(Method.java:498)
	at org.junit.runners.model.FrameworkMethod$1.runReflectiveCall(FrameworkMethod.java:47)
	at org.junit.internal.runners.model.ReflectiveCallable.run(ReflectiveCallable.java:12)
	at org.junit.runners.model.FrameworkMethod.invokeExplosively(FrameworkMethod.java:44)
	at org.junit.internal.runners.statements.InvokeMethod.evaluate(InvokeMethod.java:17)
	at org.junit.runners.ParentRunner.runLeaf(ParentRunner.java:271)
	at org.junit.runners.BlockJUnit4ClassRunner.runChild(BlockJUnit4ClassRunner.java:70)
	at org.junit.runners.BlockJUnit4ClassRunner.runChild(BlockJUnit4ClassRunner.java:50)
	at org.junit.runners.ParentRunner$3.run(ParentRunner.java:238)
	at org.junit.runners.ParentRunner$1.schedule(ParentRunner.java:63)
	at org.junit.runners.ParentRunner.runChildren(ParentRunner.java:236)
	at org.junit.runners.ParentRunner.access$000(ParentRunner.java:53)
	at org.junit.runners.ParentRunner$2.evaluate(ParentRunner.java:229)
	at org.junit.internal.runners.statements.RunBefores.evaluate(RunBefores.java:26)
	at org.junit.runners.ParentRunner.run(ParentRunner.java:309)
	at org.apache.maven.surefire.junit4.JUnit4Provider.execute(JUnit4Provider.java:365)
	at org.apache.maven.surefire.junit4.JUnit4Provider.executeWithRerun(JUnit4Provider.java:273)
	at org.apache.maven.surefire.junit4.JUnit4Provider.executeTestSet(JUnit4Provider.java:238)
	at org.apache.maven.surefire.junit4.JUnit4Provider.invoke(JUnit4Provider.java:159)
	at org.apache.maven.surefire.booter.ForkedBooter.invokeProviderInSameClassLoader(ForkedBooter.java:384)
	at org.apache.maven.surefire.booter.ForkedBooter.runSuitesInProcess(ForkedBooter.java:345)
	at org.apache.maven.surefire.booter.ForkedBooter.execute(ForkedBooter.java:126)
	at org.apache.maven.surefire.booter.ForkedBooter.main(ForkedBooter.java:418)
]]></failure>
    <system-out><![CDATA[2019-06-13 22:26:15,022 WARN  server.ServerUtils (ServerUtils.java:getScmDbDir(145)) - ozone.scm.db.dirs is not configured. We recommend adding this setting. Falling back to ozone.metadata.dirs instead.
2019-06-13 22:26:15,120 WARN  server.ServerUtils (ServerUtils.java:getScmDbDir(145)) - ozone.scm.db.dirs is not configured. We recommend adding this setting. Falling back to ozone.metadata.dirs instead.
2019-06-13 22:26:15,123 WARN  server.ServerUtils (ServerUtils.java:getScmDbDir(145)) - ozone.scm.db.dirs is not configured. We recommend adding this setting. Falling back to ozone.metadata.dirs instead.
2019-06-13 22:26:15,138 INFO  util.log (Log.java:initialized(192)) - Logging initialized @891ms
2019-06-13 22:26:15,233 INFO  db.DBStoreBuilder (DBStoreBuilder.java:addTable(110)) - using custom profile for table: deletedBlocks
2019-06-13 22:26:15,233 INFO  db.DBStoreBuilder (DBStoreBuilder.java:processTables(161)) - Using default column profile:DBProfile.DISK for Table:deletedBlocks
2019-06-13 22:26:15,234 INFO  db.DBStoreBuilder (DBStoreBuilder.java:addTable(110)) - using custom profile for table: validCerts
2019-06-13 22:26:15,234 INFO  db.DBStoreBuilder (DBStoreBuilder.java:processTables(161)) - Using default column profile:DBProfile.DISK for Table:validCerts
2019-06-13 22:26:15,234 INFO  db.DBStoreBuilder (DBStoreBuilder.java:addTable(110)) - using custom profile for table: revokedCerts
2019-06-13 22:26:15,234 INFO  db.DBStoreBuilder (DBStoreBuilder.java:processTables(161)) - Using default column profile:DBProfile.DISK for Table:revokedCerts
2019-06-13 22:26:15,247 INFO  db.DBStoreBuilder (DBStoreBuilder.java:addTable(110)) - using custom profile for table: default
2019-06-13 22:26:15,247 INFO  db.DBStoreBuilder (DBStoreBuilder.java:processTables(167)) - Using default column profile:DBProfile.DISK for Table:default
2019-06-13 22:26:15,248 INFO  db.DBStoreBuilder (DBStoreBuilder.java:getDbProfile(198)) - Using default options. DBProfile.DISK
2019-06-13 22:26:15,330 INFO  node.SCMNodeManager (SCMNodeManager.java:<init>(108)) - Entering startup safe mode.
2019-06-13 22:26:15,388 INFO  net.NodeSchemaLoader (NodeSchemaLoader.java:loadSchemaFromFile(125)) - Loading file from sun.misc.CompoundEnumeration@702657cc
2019-06-13 22:26:15,390 INFO  net.NodeSchemaLoader (NodeSchemaLoader.java:loadSchema(171)) - Loading network topology layer schema file
2019-06-13 22:26:15,450 WARN  server.ServerUtils (ServerUtils.java:getScmDbDir(145)) - ozone.scm.db.dirs is not configured. We recommend adding this setting. Falling back to ozone.metadata.dirs instead.
2019-06-13 22:26:15,473 INFO  pipeline.SCMPipelineManager (SCMPipelineManager.java:initializePipelineState(126)) - No pipeline exists in current db
2019-06-13 22:26:15,475 WARN  server.ServerUtils (ServerUtils.java:getScmDbDir(145)) - ozone.scm.db.dirs is not configured. We recommend adding this setting. Falling back to ozone.metadata.dirs instead.
2019-06-13 22:26:15,542 WARN  events.EventQueue (EventQueue.java:fireEvent(175)) - No event handler registered for event TypedEvent{payloadType=SafeModeStatus, name='SafeModeStatus'}
2019-06-13 22:26:15,882 INFO  ipc.CallQueueManager (CallQueueManager.java:<init>(84)) - Using callQueue: class java.util.concurrent.LinkedBlockingQueue, queueCapacity: 2000, scheduler: class org.apache.hadoop.ipc.DefaultRpcScheduler, ipcBackoff: false.
2019-06-13 22:26:15,909 INFO  ipc.Server (Server.java:run(1074)) - Starting Socket Reader #1 for port 33103
2019-06-13 22:26:15,932 INFO  ipc.CallQueueManager (CallQueueManager.java:<init>(84)) - Using callQueue: class java.util.concurrent.LinkedBlockingQueue, queueCapacity: 2000, scheduler: class org.apache.hadoop.ipc.DefaultRpcScheduler, ipcBackoff: false.
2019-06-13 22:26:15,963 INFO  ipc.Server (Server.java:run(1074)) - Starting Socket Reader #1 for port 43229
2019-06-13 22:26:15,974 INFO  ipc.CallQueueManager (CallQueueManager.java:<init>(84)) - Using callQueue: class java.util.concurrent.LinkedBlockingQueue, queueCapacity: 2000, scheduler: class org.apache.hadoop.ipc.DefaultRpcScheduler, ipcBackoff: false.
2019-06-13 22:26:15,975 INFO  ipc.Server (Server.java:run(1074)) - Starting Socket Reader #1 for port 42939
2019-06-13 22:26:16,060 INFO  hdfs.DFSUtil (DFSUtil.java:httpServerTemplateForNNAndJN(1641)) - Starting Web-server for scm at: http://0.0.0.0:0
2019-06-13 22:26:16,208 INFO  server.AuthenticationFilter (AuthenticationFilter.java:constructSecretProvider(240)) - Unable to initialize FileSignerSecretProvider, falling back to use random secrets.
2019-06-13 22:26:16,214 WARN  http.HttpRequestLog (HttpRequestLog.java:getRequestLog(97)) - Jetty request log can only be enabled using Log4j
2019-06-13 22:26:16,221 INFO  http.HttpServer2 (HttpServer2.java:addGlobalFilter(975)) - Added global filter 'safety' (class=org.apache.hadoop.http.HttpServer2$QuotingInputFilter)
2019-06-13 22:26:16,223 INFO  http.HttpServer2 (HttpServer2.java:addFilter(948)) - Added filter static_user_filter (class=org.apache.hadoop.http.lib.StaticUserWebFilter$StaticUserFilter) to context scm
2019-06-13 22:26:16,224 INFO  http.HttpServer2 (HttpServer2.java:addFilter(958)) - Added filter static_user_filter (class=org.apache.hadoop.http.lib.StaticUserWebFilter$StaticUserFilter) to context static
2019-06-13 22:26:16,224 INFO  http.HttpServer2 (HttpServer2.java:addFilter(958)) - Added filter static_user_filter (class=org.apache.hadoop.http.lib.StaticUserWebFilter$StaticUserFilter) to context logs
2019-06-13 22:26:16,248 INFO  server.StorageContainerManager (StorageContainerManager.java:start(752)) - StorageContainerLocationProtocol RPC server is listening at /0.0.0.0:42939
2019-06-13 22:26:16,304 WARN  impl.MetricsConfig (MetricsConfig.java:loadFirst(134)) - Cannot locate configuration: tried hadoop-metrics2-storagecontainermanager.properties,hadoop-metrics2.properties
2019-06-13 22:26:16,319 INFO  impl.MetricsSystemImpl (MetricsSystemImpl.java:startTimer(374)) - Scheduled Metric snapshot period at 10 second(s).
2019-06-13 22:26:16,319 INFO  impl.MetricsSystemImpl (MetricsSystemImpl.java:start(191)) - StorageContainerManager metrics system started
2019-06-13 22:26:16,605 INFO  server.SCMClientProtocolServer (SCMClientProtocolServer.java:start(149)) - RPC server for Client  is listening at /0.0.0.0:42939
2019-06-13 22:26:16,606 INFO  ipc.Server (Server.java:run(1314)) - IPC Server Responder: starting
2019-06-13 22:26:16,607 INFO  ipc.Server (Server.java:run(1153)) - IPC Server listener on 42939: starting
2019-06-13 22:26:16,640 INFO  server.StorageContainerManager (StorageContainerManager.java:start(761)) - ScmBlockLocationProtocol RPC server is listening at /0.0.0.0:43229
2019-06-13 22:26:16,640 INFO  server.SCMBlockProtocolServer (SCMBlockProtocolServer.java:start(137)) - RPC server for Block Protocol is listening at /0.0.0.0:43229
2019-06-13 22:26:16,640 INFO  ipc.Server (Server.java:run(1314)) - IPC Server Responder: starting
2019-06-13 22:26:16,641 INFO  ipc.Server (Server.java:run(1153)) - IPC Server listener on 43229: starting
2019-06-13 22:26:16,643 INFO  server.StorageContainerManager (StorageContainerManager.java:start(765)) - ScmDatanodeProtocl RPC server is listening at /0.0.0.0:33103
2019-06-13 22:26:16,643 INFO  server.SCMDatanodeProtocolServer (SCMDatanodeProtocolServer.java:start(191)) - RPC server for DataNodes is listening at /0.0.0.0:33103
2019-06-13 22:26:16,643 INFO  ipc.Server (Server.java:run(1153)) - IPC Server listener on 33103: starting
2019-06-13 22:26:16,649 INFO  ipc.Server (Server.java:run(1314)) - IPC Server Responder: starting
2019-06-13 22:26:16,655 INFO  http.HttpServer2 (HttpServer2.java:bindListener(1191)) - Jetty bound to port 41567
2019-06-13 22:26:16,656 INFO  server.Server (Server.java:doStart(351)) - jetty-9.3.24.v20180605, build timestamp: 2018-06-05T17:11:56Z, git hash: 84205aa28f11a4f31f2a3b86d1bba2cc8ab69827
2019-06-13 22:26:16,696 INFO  handler.ContextHandler (ContextHandler.java:doStart(781)) - Started o.e.j.s.ServletContextHandler@12c7a01b{/logs,file:///opt/src/hadoop-ozone/integration-test/target/log,AVAILABLE}
2019-06-13 22:26:16,698 INFO  handler.ContextHandler (ContextHandler.java:doStart(781)) - Started o.e.j.s.ServletContextHandler@2826f61{/static,file:///opt/src/hadoop-ozone/integration-test/target/test-classes/webapps/static,AVAILABLE}
2019-06-13 22:26:16,773 INFO  handler.ContextHandler (ContextHandler.java:doStart(781)) - Started o.e.j.w.WebAppContext@37f21974{/,file:///opt/src/hadoop-ozone/integration-test/target/test-classes/webapps/scm/,AVAILABLE}{/scm}
2019-06-13 22:26:16,779 INFO  server.AbstractConnector (AbstractConnector.java:doStart(278)) - Started ServerConnector@7d679c3f{HTTP/1.1,[http/1.1]}{0.0.0.0:41567}
2019-06-13 22:26:16,780 INFO  server.Server (Server.java:doStart(419)) - Started @2534ms
2019-06-13 22:26:16,813 INFO  server.BaseHttpServer (BaseHttpServer.java:updateConnectorAddress(207)) - HTTP server of SCM is listening at http://0.0.0.0:41567
2019-06-13 22:26:16,820 DEBUG block.SCMBlockDeletingService (SCMBlockDeletingService.java:call(138)) - Running DeletedBlockTransactionScanner
2019-06-13 22:26:16,822 WARN  scm.ScmUtils (ScmUtils.java:getDBPath(63)) - ozone.om.db.dirs is not configured. We recommend adding this setting. Falling back to ozone.metadata.dirs instead.
2019-06-13 22:26:16,824 INFO  util.JvmPauseMonitor (JvmPauseMonitor.java:run(188)) - Starting JVM pause monitor
2019-06-13 22:26:16,828 DEBUG block.SCMBlockDeletingService (SCMBlockDeletingService.java:call(155)) - Scanned deleted blocks log and got 0 delTX to process.
2019-06-13 22:26:16,931 DEBUG block.SCMBlockDeletingService (SCMBlockDeletingService.java:call(138)) - Running DeletedBlockTransactionScanner
2019-06-13 22:26:16,931 DEBUG block.SCMBlockDeletingService (SCMBlockDeletingService.java:call(155)) - Scanned deleted blocks log and got 0 delTX to process.
2019-06-13 22:26:16,944 WARN  scm.ScmUtils (ScmUtils.java:getDBPath(63)) - ozone.om.db.dirs is not configured. We recommend adding this setting. Falling back to ozone.metadata.dirs instead.
2019-06-13 22:26:16,946 INFO  om.OzoneManager (OzoneManager.java:setOMNodeDetails(519)) - OM Service ID is not set. Setting it to the default ID: omServiceIdDefault
2019-06-13 22:26:16,946 INFO  om.OzoneManager (OzoneManager.java:setOMNodeDetails(525)) - OM Node ID is not set. Setting it to the OmStorage's OmID: b92f8642-865f-4134-be38-7f8471a27ae4
2019-06-13 22:26:16,948 WARN  scm.HddsServerUtil (HddsServerUtil.java:getDefaultRatisDirectory(354)) - Storage directory for Ratis is not configured. It is a good idea to map this to an SSD disk. Falling back to ozone.metadata.dirs
2019-06-13 22:26:16,949 WARN  scm.HddsServerUtil (HddsServerUtil.java:getDefaultRatisDirectory(354)) - Storage directory for Ratis is not configured. It is a good idea to map this to an SSD disk. Falling back to ozone.metadata.dirs
2019-06-13 22:26:16,949 INFO  om.OzoneManager (OzoneManager.java:loadOMHAConfigs(476)) - Found matching OM address with OMServiceId: null, OMNodeId: null, RPC Address: localhost:0 and Ratis port: 9872
2019-06-13 22:26:17,032 DEBUG block.SCMBlockDeletingService (SCMBlockDeletingService.java:call(138)) - Running DeletedBlockTransactionScanner
2019-06-13 22:26:17,032 DEBUG block.SCMBlockDeletingService (SCMBlockDeletingService.java:call(155)) - Scanned deleted blocks log and got 0 delTX to process.
2019-06-13 22:26:17,133 DEBUG block.SCMBlockDeletingService (SCMBlockDeletingService.java:call(138)) - Running DeletedBlockTransactionScanner
2019-06-13 22:26:17,133 DEBUG block.SCMBlockDeletingService (SCMBlockDeletingService.java:call(155)) - Scanned deleted blocks log and got 0 delTX to process.
2019-06-13 22:26:17,233 DEBUG block.SCMBlockDeletingService (SCMBlockDeletingService.java:call(138)) - Running DeletedBlockTransactionScanner
2019-06-13 22:26:17,234 DEBUG block.SCMBlockDeletingService (SCMBlockDeletingService.java:call(155)) - Scanned deleted blocks log and got 0 delTX to process.
2019-06-13 22:26:17,254 WARN  scm.ScmUtils (ScmUtils.java:getDBPath(63)) - ozone.om.db.dirs is not configured. We recommend adding this setting. Falling back to ozone.metadata.dirs instead.
2019-06-13 22:26:17,261 INFO  db.DBStoreBuilder (DBStoreBuilder.java:addTable(110)) - using custom profile for table: userTable
2019-06-13 22:26:17,261 INFO  db.DBStoreBuilder (DBStoreBuilder.java:processTables(161)) - Using default column profile:DBProfile.DISK for Table:userTable
2019-06-13 22:26:17,262 INFO  db.DBStoreBuilder (DBStoreBuilder.java:addTable(110)) - using custom profile for table: volumeTable
2019-06-13 22:26:17,262 INFO  db.DBStoreBuilder (DBStoreBuilder.java:processTables(161)) - Using default column profile:DBProfile.DISK for Table:volumeTable
2019-06-13 22:26:17,262 INFO  db.DBStoreBuilder (DBStoreBuilder.java:addTable(110)) - using custom profile for table: bucketTable
2019-06-13 22:26:17,262 INFO  db.DBStoreBuilder (DBStoreBuilder.java:processTables(161)) - Using default column profile:DBProfile.DISK for Table:bucketTable
2019-06-13 22:26:17,263 INFO  db.DBStoreBuilder (DBStoreBuilder.java:addTable(110)) - using custom profile for table: keyTable
2019-06-13 22:26:17,264 INFO  db.DBStoreBuilder (DBStoreBuilder.java:processTables(161)) - Using default column profile:DBProfile.DISK for Table:keyTable
2019-06-13 22:26:17,264 INFO  db.DBStoreBuilder (DBStoreBuilder.java:addTable(110)) - using custom profile for table: deletedTable
2019-06-13 22:26:17,264 INFO  db.DBStoreBuilder (DBStoreBuilder.java:processTables(161)) - Using default column profile:DBProfile.DISK for Table:deletedTable
2019-06-13 22:26:17,264 INFO  db.DBStoreBuilder (DBStoreBuilder.java:addTable(110)) - using custom profile for table: openKeyTable
2019-06-13 22:26:17,265 INFO  db.DBStoreBuilder (DBStoreBuilder.java:processTables(161)) - Using default column profile:DBProfile.DISK for Table:openKeyTable
2019-06-13 22:26:17,266 INFO  db.DBStoreBuilder (DBStoreBuilder.java:addTable(110)) - using custom profile for table: s3Table
2019-06-13 22:26:17,269 INFO  db.DBStoreBuilder (DBStoreBuilder.java:processTables(161)) - Using default column profile:DBProfile.DISK for Table:s3Table
2019-06-13 22:26:17,269 INFO  db.DBStoreBuilder (DBStoreBuilder.java:addTable(110)) - using custom profile for table: multipartInfoTable
2019-06-13 22:26:17,270 INFO  db.DBStoreBuilder (DBStoreBuilder.java:processTables(161)) - Using default column profile:DBProfile.DISK for Table:multipartInfoTable
2019-06-13 22:26:17,272 INFO  db.DBStoreBuilder (DBStoreBuilder.java:addTable(110)) - using custom profile for table: dTokenTable
2019-06-13 22:26:17,272 INFO  db.DBStoreBuilder (DBStoreBuilder.java:processTables(161)) - Using default column profile:DBProfile.DISK for Table:dTokenTable
2019-06-13 22:26:17,273 INFO  db.DBStoreBuilder (DBStoreBuilder.java:addTable(110)) - using custom profile for table: s3SecretTable
2019-06-13 22:26:17,273 INFO  db.DBStoreBuilder (DBStoreBuilder.java:processTables(161)) - Using default column profile:DBProfile.DISK for Table:s3SecretTable
2019-06-13 22:26:17,273 INFO  db.DBStoreBuilder (DBStoreBuilder.java:addTable(110)) - using custom profile for table: prefixTable
2019-06-13 22:26:17,274 INFO  db.DBStoreBuilder (DBStoreBuilder.java:processTables(161)) - Using default column profile:DBProfile.DISK for Table:prefixTable
2019-06-13 22:26:17,274 INFO  db.DBStoreBuilder (DBStoreBuilder.java:addTable(110)) - using custom profile for table: default
2019-06-13 22:26:17,274 INFO  db.DBStoreBuilder (DBStoreBuilder.java:processTables(167)) - Using default column profile:DBProfile.DISK for Table:default
2019-06-13 22:26:17,274 INFO  db.DBStoreBuilder (DBStoreBuilder.java:getDbProfile(198)) - Using default options. DBProfile.DISK
2019-06-13 22:26:17,336 DEBUG block.SCMBlockDeletingService (SCMBlockDeletingService.java:call(138)) - Running DeletedBlockTransactionScanner
2019-06-13 22:26:17,337 DEBUG block.SCMBlockDeletingService (SCMBlockDeletingService.java:call(155)) - Scanned deleted blocks log and got 0 delTX to process.
2019-06-13 22:26:17,441 DEBUG block.SCMBlockDeletingService (SCMBlockDeletingService.java:call(138)) - Running DeletedBlockTransactionScanner
2019-06-13 22:26:17,442 DEBUG block.SCMBlockDeletingService (SCMBlockDeletingService.java:call(155)) - Scanned deleted blocks log and got 0 delTX to process.
2019-06-13 22:26:17,543 DEBUG block.SCMBlockDeletingService (SCMBlockDeletingService.java:call(138)) - Running DeletedBlockTransactionScanner
2019-06-13 22:26:17,543 DEBUG block.SCMBlockDeletingService (SCMBlockDeletingService.java:call(155)) - Scanned deleted blocks log and got 0 delTX to process.
2019-06-13 22:26:17,644 DEBUG block.SCMBlockDeletingService (SCMBlockDeletingService.java:call(138)) - Running DeletedBlockTransactionScanner
2019-06-13 22:26:17,644 DEBUG block.SCMBlockDeletingService (SCMBlockDeletingService.java:call(155)) - Scanned deleted blocks log and got 0 delTX to process.
2019-06-13 22:26:17,744 DEBUG block.SCMBlockDeletingService (SCMBlockDeletingService.java:call(138)) - Running DeletedBlockTransactionScanner
2019-06-13 22:26:17,745 DEBUG block.SCMBlockDeletingService (SCMBlockDeletingService.java:call(155)) - Scanned deleted blocks log and got 0 delTX to process.
2019-06-13 22:26:17,845 DEBUG block.SCMBlockDeletingService (SCMBlockDeletingService.java:call(138)) - Running DeletedBlockTransactionScanner
2019-06-13 22:26:17,846 DEBUG block.SCMBlockDeletingService (SCMBlockDeletingService.java:call(155)) - Scanned deleted blocks log and got 0 delTX to process.
2019-06-13 22:26:17,864 INFO  ipc.CallQueueManager (CallQueueManager.java:<init>(84)) - Using callQueue: class java.util.concurrent.LinkedBlockingQueue, queueCapacity: 2000, scheduler: class org.apache.hadoop.ipc.DefaultRpcScheduler, ipcBackoff: false.
2019-06-13 22:26:17,864 INFO  ipc.Server (Server.java:run(1074)) - Starting Socket Reader #1 for port 46127
2019-06-13 22:26:17,896 WARN  scm.ScmUtils (ScmUtils.java:getDBPath(63)) - ozone.om.db.dirs is not configured. We recommend adding this setting. Falling back to ozone.metadata.dirs instead.
2019-06-13 22:26:17,897 INFO  om.OzoneManager (OzoneManager.java:start(1217)) - OzoneManager RPC server is listening at localhost/127.0.0.1:46127
2019-06-13 22:26:17,897 INFO  impl.MetricsSystemImpl (MetricsSystemImpl.java:init(158)) - OzoneManager metrics system started (again)
2019-06-13 22:26:17,901 INFO  ipc.Server (Server.java:run(1314)) - IPC Server Responder: starting
2019-06-13 22:26:17,903 INFO  ipc.Server (Server.java:run(1153)) - IPC Server listener on 46127: starting
2019-06-13 22:26:17,911 INFO  hdfs.DFSUtil (DFSUtil.java:httpServerTemplateForNNAndJN(1641)) - Starting Web-server for ozoneManager at: http://0.0.0.0:0
2019-06-13 22:26:17,913 INFO  server.AuthenticationFilter (AuthenticationFilter.java:constructSecretProvider(240)) - Unable to initialize FileSignerSecretProvider, falling back to use random secrets.
2019-06-13 22:26:17,913 WARN  http.HttpRequestLog (HttpRequestLog.java:getRequestLog(97)) - Jetty request log can only be enabled using Log4j
2019-06-13 22:26:17,915 INFO  http.HttpServer2 (HttpServer2.java:addGlobalFilter(975)) - Added global filter 'safety' (class=org.apache.hadoop.http.HttpServer2$QuotingInputFilter)
2019-06-13 22:26:17,916 INFO  http.HttpServer2 (HttpServer2.java:addFilter(948)) - Added filter static_user_filter (class=org.apache.hadoop.http.lib.StaticUserWebFilter$StaticUserFilter) to context ozoneManager
2019-06-13 22:26:17,917 INFO  http.HttpServer2 (HttpServer2.java:addFilter(958)) - Added filter static_user_filter (class=org.apache.hadoop.http.lib.StaticUserWebFilter$StaticUserFilter) to context static
2019-06-13 22:26:17,917 INFO  http.HttpServer2 (HttpServer2.java:addFilter(958)) - Added filter static_user_filter (class=org.apache.hadoop.http.lib.StaticUserWebFilter$StaticUserFilter) to context logs
2019-06-13 22:26:17,918 INFO  http.HttpServer2 (HttpServer2.java:bindListener(1191)) - Jetty bound to port 34503
2019-06-13 22:26:17,919 INFO  server.Server (Server.java:doStart(351)) - jetty-9.3.24.v20180605, build timestamp: 2018-06-05T17:11:56Z, git hash: 84205aa28f11a4f31f2a3b86d1bba2cc8ab69827
2019-06-13 22:26:17,926 INFO  handler.ContextHandler (ContextHandler.java:doStart(781)) - Started o.e.j.s.ServletContextHandler@56781d96{/logs,file:///opt/src/hadoop-ozone/integration-test/target/log,AVAILABLE}
2019-06-13 22:26:17,927 INFO  handler.ContextHandler (ContextHandler.java:doStart(781)) - Started o.e.j.s.ServletContextHandler@25c5e994{/static,file:///opt/src/hadoop-ozone/integration-test/target/test-classes/webapps/static,AVAILABLE}
2019-06-13 22:26:17,931 INFO  handler.ContextHandler (ContextHandler.java:doStart(781)) - Started o.e.j.w.WebAppContext@45f24169{/,file:///opt/src/hadoop-ozone/integration-test/target/test-classes/webapps/ozoneManager/,AVAILABLE}{/ozoneManager}
2019-06-13 22:26:17,932 INFO  server.AbstractConnector (AbstractConnector.java:doStart(278)) - Started ServerConnector@6ad5923a{HTTP/1.1,[http/1.1]}{0.0.0.0:34503}
2019-06-13 22:26:17,932 INFO  server.Server (Server.java:doStart(419)) - Started @3686ms
2019-06-13 22:26:17,933 INFO  server.BaseHttpServer (BaseHttpServer.java:updateConnectorAddress(207)) - HTTP server of OZONEMANAGER is listening at http://0.0.0.0:34503
2019-06-13 22:26:17,946 DEBUG block.SCMBlockDeletingService (SCMBlockDeletingService.java:call(138)) - Running DeletedBlockTransactionScanner
2019-06-13 22:26:17,946 DEBUG block.SCMBlockDeletingService (SCMBlockDeletingService.java:call(155)) - Scanned deleted blocks log and got 0 delTX to process.
2019-06-13 22:26:18,047 DEBUG block.SCMBlockDeletingService (SCMBlockDeletingService.java:call(138)) - Running DeletedBlockTransactionScanner
2019-06-13 22:26:18,048 DEBUG block.SCMBlockDeletingService (SCMBlockDeletingService.java:call(155)) - Scanned deleted blocks log and got 0 delTX to process.
2019-06-13 22:26:18,122 INFO  impl.MetricsSystemImpl (MetricsSystemImpl.java:init(158)) - HddsDatanode metrics system started (again)
2019-06-13 22:26:18,149 DEBUG block.SCMBlockDeletingService (SCMBlockDeletingService.java:call(138)) - Running DeletedBlockTransactionScanner
2019-06-13 22:26:18,149 DEBUG block.SCMBlockDeletingService (SCMBlockDeletingService.java:call(155)) - Scanned deleted blocks log and got 0 delTX to process.
2019-06-13 22:26:18,251 DEBUG block.SCMBlockDeletingService (SCMBlockDeletingService.java:call(138)) - Running DeletedBlockTransactionScanner
2019-06-13 22:26:18,251 DEBUG block.SCMBlockDeletingService (SCMBlockDeletingService.java:call(155)) - Scanned deleted blocks log and got 0 delTX to process.
2019-06-13 22:26:18,321 INFO  ozone.HddsDatanodeService (HddsDatanodeService.java:start(185)) - HddsDatanodeService host:ozone-mzc6g-2359123782 ip:192.168.105.169
2019-06-13 22:26:18,358 DEBUG block.SCMBlockDeletingService (SCMBlockDeletingService.java:call(138)) - Running DeletedBlockTransactionScanner
2019-06-13 22:26:18,359 DEBUG block.SCMBlockDeletingService (SCMBlockDeletingService.java:call(155)) - Scanned deleted blocks log and got 0 delTX to process.
2019-06-13 22:26:18,363 INFO  volume.HddsVolume (HddsVolume.java:<init>(176)) - Creating Volume: /opt/src/hadoop-ozone/integration-test/target/test-dir/MiniOzoneClusterImpl-e9ea07bb-4900-4b53-96c1-68f0ab556a80/datanode-0/data/containers/hdds of  storage type : DISK and capacity : 104021790720
2019-06-13 22:26:18,366 INFO  volume.VolumeSet (VolumeSet.java:initializeVolumeSet(170)) - Added Volume : /opt/src/hadoop-ozone/integration-test/target/test-dir/MiniOzoneClusterImpl-e9ea07bb-4900-4b53-96c1-68f0ab556a80/datanode-0/data/containers/hdds to VolumeSet
2019-06-13 22:26:18,369 INFO  volume.ThrottledAsyncChecker (ThrottledAsyncChecker.java:schedule(140)) - Scheduling a check for org.apache.hadoop.ozone.container.common.volume.HddsVolume@20095ab4
2019-06-13 22:26:18,389 INFO  volume.HddsVolumeChecker (HddsVolumeChecker.java:checkAllVolumes(203)) - Scheduled health check for volume org.apache.hadoop.ozone.container.common.volume.HddsVolume@20095ab4
2019-06-13 22:26:18,440 INFO  ratis.XceiverServerRatis (XceiverServerRatis.java:newXceiverServerRatis(401)) - Found a free port for the server : 33565
2019-06-13 22:26:18,460 DEBUG block.SCMBlockDeletingService (SCMBlockDeletingService.java:call(138)) - Running DeletedBlockTransactionScanner
2019-06-13 22:26:18,461 DEBUG block.SCMBlockDeletingService (SCMBlockDeletingService.java:call(155)) - Scanned deleted blocks log and got 0 delTX to process.
2019-06-13 22:26:18,555 INFO  impl.RaftServerProxy (ConfUtils.java:logGet(43)) - raft.rpc.type = GRPC (default)
2019-06-13 22:26:18,561 DEBUG block.SCMBlockDeletingService (SCMBlockDeletingService.java:call(138)) - Running DeletedBlockTransactionScanner
2019-06-13 22:26:18,561 DEBUG block.SCMBlockDeletingService (SCMBlockDeletingService.java:call(155)) - Scanned deleted blocks log and got 0 delTX to process.
2019-06-13 22:26:18,568 INFO  grpc.GrpcConfigKeys$Server (ConfUtils.java:logGet(43)) - raft.grpc.server.port = 33565 (custom)
2019-06-13 22:26:18,569 INFO  server.GrpcService (ConfUtils.java:logGet(43)) - raft.grpc.message.size.max = 33570816 (custom)
2019-06-13 22:26:18,571 INFO  server.RaftServerConfigKeys (ConfUtils.java:logGet(43)) - raft.server.log.appender.buffer.byte-limit = 33554432 (custom)
2019-06-13 22:26:18,572 INFO  server.GrpcService (ConfUtils.java:logGet(43)) - raft.grpc.flow.control.window = 1MB (=1048576) (default)
2019-06-13 22:26:18,573 INFO  server.RaftServerConfigKeys (ConfUtils.java:logGet(43)) - raft.server.rpc.request.timeout = 3000ms (default)
2019-06-13 22:26:18,662 DEBUG block.SCMBlockDeletingService (SCMBlockDeletingService.java:call(138)) - Running DeletedBlockTransactionScanner
2019-06-13 22:26:18,662 DEBUG block.SCMBlockDeletingService (SCMBlockDeletingService.java:call(155)) - Scanned deleted blocks log and got 0 delTX to process.
2019-06-13 22:26:18,763 DEBUG block.SCMBlockDeletingService (SCMBlockDeletingService.java:call(138)) - Running DeletedBlockTransactionScanner
2019-06-13 22:26:18,763 DEBUG block.SCMBlockDeletingService (SCMBlockDeletingService.java:call(155)) - Scanned deleted blocks log and got 0 delTX to process.
2019-06-13 22:26:18,767 INFO  server.RaftServerConfigKeys (ConfUtils.java:logGet(43)) - raft.server.storage.dir = [/opt/src/hadoop-ozone/integration-test/target/test-dir/MiniOzoneClusterImpl-e9ea07bb-4900-4b53-96c1-68f0ab556a80/datanode-0/data/ratis] (custom)
2019-06-13 22:26:18,776 INFO  server.XceiverServerGrpc (XceiverServerGrpc.java:<init>(97)) - Found a free port for the server : 41225
2019-06-13 22:26:18,806 INFO  replication.SimpleContainerDownloader (SimpleContainerDownloader.java:<init>(72)) - Starting container downloader service to copy containers to replicate.
2019-06-13 22:26:18,816 INFO  hdfs.DFSUtil (DFSUtil.java:httpServerTemplateForNNAndJN(1641)) - Starting Web-server for hddsDatanode at: http://0.0.0.0:0
2019-06-13 22:26:18,818 INFO  server.AuthenticationFilter (AuthenticationFilter.java:constructSecretProvider(240)) - Unable to initialize FileSignerSecretProvider, falling back to use random secrets.
2019-06-13 22:26:18,819 WARN  http.HttpRequestLog (HttpRequestLog.java:getRequestLog(97)) - Jetty request log can only be enabled using Log4j
2019-06-13 22:26:18,821 INFO  http.HttpServer2 (HttpServer2.java:addGlobalFilter(975)) - Added global filter 'safety' (class=org.apache.hadoop.http.HttpServer2$QuotingInputFilter)
2019-06-13 22:26:18,822 INFO  http.HttpServer2 (HttpServer2.java:addFilter(948)) - Added filter static_user_filter (class=org.apache.hadoop.http.lib.StaticUserWebFilter$StaticUserFilter) to context hddsDatanode
2019-06-13 22:26:18,822 INFO  http.HttpServer2 (HttpServer2.java:addFilter(958)) - Added filter static_user_filter (class=org.apache.hadoop.http.lib.StaticUserWebFilter$StaticUserFilter) to context logs
2019-06-13 22:26:18,822 INFO  http.HttpServer2 (HttpServer2.java:addFilter(958)) - Added filter static_user_filter (class=org.apache.hadoop.http.lib.StaticUserWebFilter$StaticUserFilter) to context static
2019-06-13 22:26:18,823 INFO  http.HttpServer2 (HttpServer2.java:bindListener(1191)) - Jetty bound to port 32903
2019-06-13 22:26:18,823 INFO  server.Server (Server.java:doStart(351)) - jetty-9.3.24.v20180605, build timestamp: 2018-06-05T17:11:56Z, git hash: 84205aa28f11a4f31f2a3b86d1bba2cc8ab69827
2019-06-13 22:26:18,838 INFO  handler.ContextHandler (ContextHandler.java:doStart(781)) - Started o.e.j.s.ServletContextHandler@44550792{/logs,file:///opt/src/hadoop-ozone/integration-test/target/log,AVAILABLE}
2019-06-13 22:26:18,838 INFO  handler.ContextHandler (ContextHandler.java:doStart(781)) - Started o.e.j.s.ServletContextHandler@474c9131{/static,jar:file:/root/.m2/repository/org/apache/hadoop/hadoop-hdds-container-service/0.5.0-SNAPSHOT/hadoop-hdds-container-service-0.5.0-SNAPSHOT.jar!/webapps/static,AVAILABLE}
2019-06-13 22:26:18,864 DEBUG block.SCMBlockDeletingService (SCMBlockDeletingService.java:call(138)) - Running DeletedBlockTransactionScanner
2019-06-13 22:26:18,864 DEBUG block.SCMBlockDeletingService (SCMBlockDeletingService.java:call(155)) - Scanned deleted blocks log and got 0 delTX to process.
2019-06-13 22:26:18,873 INFO  handler.ContextHandler (ContextHandler.java:doStart(781)) - Started o.e.j.w.WebAppContext@4d62f4c6{/,file:///tmp/jetty-0.0.0.0-32903-hddsDatanode-_-any-4568860913829520518.dir/webapp/,AVAILABLE}{/hddsDatanode}
2019-06-13 22:26:18,873 INFO  server.AbstractConnector (AbstractConnector.java:doStart(278)) - Started ServerConnector@7569ea63{HTTP/1.1,[http/1.1]}{0.0.0.0:32903}
2019-06-13 22:26:18,873 INFO  server.Server (Server.java:doStart(419)) - Started @4627ms
2019-06-13 22:26:18,874 INFO  server.BaseHttpServer (BaseHttpServer.java:updateConnectorAddress(207)) - HTTP server of HDDSDATANODE is listening at http://0.0.0.0:32903
2019-06-13 22:26:18,965 DEBUG block.SCMBlockDeletingService (SCMBlockDeletingService.java:call(138)) - Running DeletedBlockTransactionScanner
2019-06-13 22:26:18,965 DEBUG block.SCMBlockDeletingService (SCMBlockDeletingService.java:call(155)) - Scanned deleted blocks log and got 0 delTX to process.
2019-06-13 22:26:19,065 DEBUG block.SCMBlockDeletingService (SCMBlockDeletingService.java:call(138)) - Running DeletedBlockTransactionScanner
2019-06-13 22:26:19,066 DEBUG block.SCMBlockDeletingService (SCMBlockDeletingService.java:call(155)) - Scanned deleted blocks log and got 0 delTX to process.
2019-06-13 22:26:19,167 DEBUG block.SCMBlockDeletingService (SCMBlockDeletingService.java:call(138)) - Running DeletedBlockTransactionScanner
2019-06-13 22:26:19,168 DEBUG block.SCMBlockDeletingService (SCMBlockDeletingService.java:call(155)) - Scanned deleted blocks log and got 0 delTX to process.
2019-06-13 22:26:19,268 DEBUG block.SCMBlockDeletingService (SCMBlockDeletingService.java:call(138)) - Running DeletedBlockTransactionScanner
2019-06-13 22:26:19,268 DEBUG block.SCMBlockDeletingService (SCMBlockDeletingService.java:call(155)) - Scanned deleted blocks log and got 0 delTX to process.
2019-06-13 22:26:19,369 DEBUG block.SCMBlockDeletingService (SCMBlockDeletingService.java:call(138)) - Running DeletedBlockTransactionScanner
2019-06-13 22:26:19,369 DEBUG block.SCMBlockDeletingService (SCMBlockDeletingService.java:call(155)) - Scanned deleted blocks log and got 0 delTX to process.
2019-06-13 22:26:19,469 DEBUG block.SCMBlockDeletingService (SCMBlockDeletingService.java:call(138)) - Running DeletedBlockTransactionScanner
2019-06-13 22:26:19,470 DEBUG block.SCMBlockDeletingService (SCMBlockDeletingService.java:call(155)) - Scanned deleted blocks log and got 0 delTX to process.
2019-06-13 22:26:19,570 DEBUG block.SCMBlockDeletingService (SCMBlockDeletingService.java:call(138)) - Running DeletedBlockTransactionScanner
2019-06-13 22:26:19,571 DEBUG block.SCMBlockDeletingService (SCMBlockDeletingService.java:call(155)) - Scanned deleted blocks log and got 0 delTX to process.
2019-06-13 22:26:19,674 DEBUG block.SCMBlockDeletingService (SCMBlockDeletingService.java:call(138)) - Running DeletedBlockTransactionScanner
2019-06-13 22:26:19,674 DEBUG block.SCMBlockDeletingService (SCMBlockDeletingService.java:call(155)) - Scanned deleted blocks log and got 0 delTX to process.
2019-06-13 22:26:19,777 DEBUG block.SCMBlockDeletingService (SCMBlockDeletingService.java:call(138)) - Running DeletedBlockTransactionScanner
2019-06-13 22:26:19,778 DEBUG block.SCMBlockDeletingService (SCMBlockDeletingService.java:call(155)) - Scanned deleted blocks log and got 0 delTX to process.
2019-06-13 22:26:19,879 DEBUG block.SCMBlockDeletingService (SCMBlockDeletingService.java:call(138)) - Running DeletedBlockTransactionScanner
2019-06-13 22:26:19,879 DEBUG block.SCMBlockDeletingService (SCMBlockDeletingService.java:call(155)) - Scanned deleted blocks log and got 0 delTX to process.
2019-06-13 22:26:19,980 DEBUG block.SCMBlockDeletingService (SCMBlockDeletingService.java:call(138)) - Running DeletedBlockTransactionScanner
2019-06-13 22:26:19,980 DEBUG block.SCMBlockDeletingService (SCMBlockDeletingService.java:call(155)) - Scanned deleted blocks log and got 0 delTX to process.
2019-06-13 22:26:20,000 INFO  ozone.HddsDatanodeService (HddsDatanodeService.java:startPlugins(396)) - Started plug-in org.apache.hadoop.ozone.web.OzoneHddsDatanodeService@2b73bd6b
2019-06-13 22:26:20,007 INFO  ozone.MiniOzoneClusterImpl (MiniOzoneClusterImpl.java:lambda$waitForClusterToBeReady$0(142)) - Waiting for cluster to be ready. Got 0 of 1 DN Heartbeats.
2019-06-13 22:26:20,027 INFO  util.JvmPauseMonitor (JvmPauseMonitor.java:run(188)) - Starting JVM pause monitor
2019-06-13 22:26:20,080 DEBUG block.SCMBlockDeletingService (SCMBlockDeletingService.java:call(138)) - Running DeletedBlockTransactionScanner
2019-06-13 22:26:20,081 DEBUG block.SCMBlockDeletingService (SCMBlockDeletingService.java:call(155)) - Scanned deleted blocks log and got 0 delTX to process.
2019-06-13 22:26:20,141 INFO  datanode.InitDatanodeState (InitDatanodeState.java:persistContainerDatanodeDetails(140)) - DatanodeDetails is persisted to /opt/src/hadoop-ozone/integration-test/target/test-dir/MiniOzoneClusterImpl-e9ea07bb-4900-4b53-96c1-68f0ab556a80/datanode-0/meta/datanode.id
2019-06-13 22:26:20,181 DEBUG block.SCMBlockDeletingService (SCMBlockDeletingService.java:call(138)) - Running DeletedBlockTransactionScanner
2019-06-13 22:26:20,182 DEBUG block.SCMBlockDeletingService (SCMBlockDeletingService.java:call(155)) - Scanned deleted blocks log and got 0 delTX to process.
2019-06-13 22:26:20,282 DEBUG block.SCMBlockDeletingService (SCMBlockDeletingService.java:call(138)) - Running DeletedBlockTransactionScanner
2019-06-13 22:26:20,282 DEBUG block.SCMBlockDeletingService (SCMBlockDeletingService.java:call(155)) - Scanned deleted blocks log and got 0 delTX to process.
2019-06-13 22:26:20,382 DEBUG block.SCMBlockDeletingService (SCMBlockDeletingService.java:call(138)) - Running DeletedBlockTransactionScanner
2019-06-13 22:26:20,383 DEBUG block.SCMBlockDeletingService (SCMBlockDeletingService.java:call(155)) - Scanned deleted blocks log and got 0 delTX to process.
2019-06-13 22:26:20,483 DEBUG block.SCMBlockDeletingService (SCMBlockDeletingService.java:call(138)) - Running DeletedBlockTransactionScanner
2019-06-13 22:26:20,483 DEBUG block.SCMBlockDeletingService (SCMBlockDeletingService.java:call(155)) - Scanned deleted blocks log and got 0 delTX to process.
2019-06-13 22:26:20,584 DEBUG block.SCMBlockDeletingService (SCMBlockDeletingService.java:call(138)) - Running DeletedBlockTransactionScanner
2019-06-13 22:26:20,584 DEBUG block.SCMBlockDeletingService (SCMBlockDeletingService.java:call(155)) - Scanned deleted blocks log and got 0 delTX to process.
2019-06-13 22:26:20,684 DEBUG block.SCMBlockDeletingService (SCMBlockDeletingService.java:call(138)) - Running DeletedBlockTransactionScanner
2019-06-13 22:26:20,685 DEBUG block.SCMBlockDeletingService (SCMBlockDeletingService.java:call(155)) - Scanned deleted blocks log and got 0 delTX to process.
2019-06-13 22:26:20,785 DEBUG block.SCMBlockDeletingService (SCMBlockDeletingService.java:call(138)) - Running DeletedBlockTransactionScanner
2019-06-13 22:26:20,785 DEBUG block.SCMBlockDeletingService (SCMBlockDeletingService.java:call(155)) - Scanned deleted blocks log and got 0 delTX to process.
2019-06-13 22:26:20,886 DEBUG block.SCMBlockDeletingService (SCMBlockDeletingService.java:call(138)) - Running DeletedBlockTransactionScanner
2019-06-13 22:26:20,886 DEBUG block.SCMBlockDeletingService (SCMBlockDeletingService.java:call(155)) - Scanned deleted blocks log and got 0 delTX to process.
2019-06-13 22:26:20,987 DEBUG block.SCMBlockDeletingService (SCMBlockDeletingService.java:call(138)) - Running DeletedBlockTransactionScanner
2019-06-13 22:26:20,988 DEBUG block.SCMBlockDeletingService (SCMBlockDeletingService.java:call(155)) - Scanned deleted blocks log and got 0 delTX to process.
2019-06-13 22:26:21,007 INFO  ozone.MiniOzoneClusterImpl (MiniOzoneClusterImpl.java:lambda$waitForClusterToBeReady$0(142)) - Waiting for cluster to be ready. Got 0 of 1 DN Heartbeats.
2019-06-13 22:26:21,088 DEBUG block.SCMBlockDeletingService (SCMBlockDeletingService.java:call(138)) - Running DeletedBlockTransactionScanner
2019-06-13 22:26:21,088 DEBUG block.SCMBlockDeletingService (SCMBlockDeletingService.java:call(155)) - Scanned deleted blocks log and got 0 delTX to process.
2019-06-13 22:26:21,189 DEBUG block.SCMBlockDeletingService (SCMBlockDeletingService.java:call(138)) - Running DeletedBlockTransactionScanner
2019-06-13 22:26:21,189 DEBUG block.SCMBlockDeletingService (SCMBlockDeletingService.java:call(155)) - Scanned deleted blocks log and got 0 delTX to process.
2019-06-13 22:26:21,289 DEBUG block.SCMBlockDeletingService (SCMBlockDeletingService.java:call(138)) - Running DeletedBlockTransactionScanner
2019-06-13 22:26:21,290 DEBUG block.SCMBlockDeletingService (SCMBlockDeletingService.java:call(155)) - Scanned deleted blocks log and got 0 delTX to process.
2019-06-13 22:26:21,390 DEBUG block.SCMBlockDeletingService (SCMBlockDeletingService.java:call(138)) - Running DeletedBlockTransactionScanner
2019-06-13 22:26:21,390 DEBUG block.SCMBlockDeletingService (SCMBlockDeletingService.java:call(155)) - Scanned deleted blocks log and got 0 delTX to process.
2019-06-13 22:26:21,491 DEBUG block.SCMBlockDeletingService (SCMBlockDeletingService.java:call(138)) - Running DeletedBlockTransactionScanner
2019-06-13 22:26:21,491 DEBUG block.SCMBlockDeletingService (SCMBlockDeletingService.java:call(155)) - Scanned deleted blocks log and got 0 delTX to process.
2019-06-13 22:26:21,591 DEBUG block.SCMBlockDeletingService (SCMBlockDeletingService.java:call(138)) - Running DeletedBlockTransactionScanner
2019-06-13 22:26:21,592 DEBUG block.SCMBlockDeletingService (SCMBlockDeletingService.java:call(155)) - Scanned deleted blocks log and got 0 delTX to process.
2019-06-13 22:26:21,692 DEBUG block.SCMBlockDeletingService (SCMBlockDeletingService.java:call(138)) - Running DeletedBlockTransactionScanner
2019-06-13 22:26:21,693 DEBUG block.SCMBlockDeletingService (SCMBlockDeletingService.java:call(155)) - Scanned deleted blocks log and got 0 delTX to process.
2019-06-13 22:26:21,793 DEBUG block.SCMBlockDeletingService (SCMBlockDeletingService.java:call(138)) - Running DeletedBlockTransactionScanner
2019-06-13 22:26:21,794 DEBUG block.SCMBlockDeletingService (SCMBlockDeletingService.java:call(155)) - Scanned deleted blocks log and got 0 delTX to process.
2019-06-13 22:26:21,894 DEBUG block.SCMBlockDeletingService (SCMBlockDeletingService.java:call(138)) - Running DeletedBlockTransactionScanner
2019-06-13 22:26:21,894 DEBUG block.SCMBlockDeletingService (SCMBlockDeletingService.java:call(155)) - Scanned deleted blocks log and got 0 delTX to process.
2019-06-13 22:26:21,995 DEBUG block.SCMBlockDeletingService (SCMBlockDeletingService.java:call(138)) - Running DeletedBlockTransactionScanner
2019-06-13 22:26:21,995 DEBUG block.SCMBlockDeletingService (SCMBlockDeletingService.java:call(155)) - Scanned deleted blocks log and got 0 delTX to process.
2019-06-13 22:26:22,007 INFO  ozone.MiniOzoneClusterImpl (MiniOzoneClusterImpl.java:lambda$waitForClusterToBeReady$0(142)) - Waiting for cluster to be ready. Got 0 of 1 DN Heartbeats.
2019-06-13 22:26:22,068 INFO  ozoneimpl.OzoneContainer (OzoneContainer.java:start(186)) - Attempting to start container services.
2019-06-13 22:26:22,069 INFO  ozoneimpl.OzoneContainer (OzoneContainer.java:startContainerScrub(160)) - Background container scrubber has been disabled by hdds.containerscrub.enabled
2019-06-13 22:26:22,070 INFO  ratis.XceiverServerRatis (XceiverServerRatis.java:start(418)) - Starting XceiverServerRatis d5132e6f-def8-45c0-b0d2-c5ba43d86628 at port 33565
2019-06-13 22:26:22,092 INFO  impl.RaftServerProxy (RaftServerProxy.java:lambda$start$3(299)) - d5132e6f-def8-45c0-b0d2-c5ba43d86628: start RPC server
2019-06-13 22:26:22,095 DEBUG block.SCMBlockDeletingService (SCMBlockDeletingService.java:call(138)) - Running DeletedBlockTransactionScanner
2019-06-13 22:26:22,096 DEBUG block.SCMBlockDeletingService (SCMBlockDeletingService.java:call(155)) - Scanned deleted blocks log and got 0 delTX to process.
2019-06-13 22:26:22,196 DEBUG block.SCMBlockDeletingService (SCMBlockDeletingService.java:call(138)) - Running DeletedBlockTransactionScanner
2019-06-13 22:26:22,196 DEBUG block.SCMBlockDeletingService (SCMBlockDeletingService.java:call(155)) - Scanned deleted blocks log and got 0 delTX to process.
2019-06-13 22:26:22,271 INFO  server.GrpcService (GrpcService.java:startImpl(148)) - d5132e6f-def8-45c0-b0d2-c5ba43d86628: GrpcService started, listening on 0.0.0.0/0.0.0.0:33565
2019-06-13 22:26:22,297 DEBUG block.SCMBlockDeletingService (SCMBlockDeletingService.java:call(138)) - Running DeletedBlockTransactionScanner
2019-06-13 22:26:22,297 DEBUG block.SCMBlockDeletingService (SCMBlockDeletingService.java:call(155)) - Scanned deleted blocks log and got 0 delTX to process.
2019-06-13 22:26:22,398 DEBUG block.SCMBlockDeletingService (SCMBlockDeletingService.java:call(138)) - Running DeletedBlockTransactionScanner
2019-06-13 22:26:22,398 DEBUG block.SCMBlockDeletingService (SCMBlockDeletingService.java:call(155)) - Scanned deleted blocks log and got 0 delTX to process.
2019-06-13 22:26:22,498 DEBUG block.SCMBlockDeletingService (SCMBlockDeletingService.java:call(138)) - Running DeletedBlockTransactionScanner
2019-06-13 22:26:22,499 DEBUG block.SCMBlockDeletingService (SCMBlockDeletingService.java:call(155)) - Scanned deleted blocks log and got 0 delTX to process.
2019-06-13 22:26:22,599 DEBUG block.SCMBlockDeletingService (SCMBlockDeletingService.java:call(138)) - Running DeletedBlockTransactionScanner
2019-06-13 22:26:22,599 DEBUG block.SCMBlockDeletingService (SCMBlockDeletingService.java:call(155)) - Scanned deleted blocks log and got 0 delTX to process.
2019-06-13 22:26:22,700 DEBUG block.SCMBlockDeletingService (SCMBlockDeletingService.java:call(138)) - Running DeletedBlockTransactionScanner
2019-06-13 22:26:22,701 DEBUG block.SCMBlockDeletingService (SCMBlockDeletingService.java:call(155)) - Scanned deleted blocks log and got 0 delTX to process.
2019-06-13 22:26:22,802 DEBUG block.SCMBlockDeletingService (SCMBlockDeletingService.java:call(138)) - Running DeletedBlockTransactionScanner
2019-06-13 22:26:22,802 DEBUG block.SCMBlockDeletingService (SCMBlockDeletingService.java:call(155)) - Scanned deleted blocks log and got 0 delTX to process.
2019-06-13 22:26:22,902 DEBUG block.SCMBlockDeletingService (SCMBlockDeletingService.java:call(138)) - Running DeletedBlockTransactionScanner
2019-06-13 22:26:22,903 DEBUG block.SCMBlockDeletingService (SCMBlockDeletingService.java:call(155)) - Scanned deleted blocks log and got 0 delTX to process.
2019-06-13 22:26:23,003 DEBUG block.SCMBlockDeletingService (SCMBlockDeletingService.java:call(138)) - Running DeletedBlockTransactionScanner
2019-06-13 22:26:23,003 DEBUG block.SCMBlockDeletingService (SCMBlockDeletingService.java:call(155)) - Scanned deleted blocks log and got 0 delTX to process.
2019-06-13 22:26:23,008 INFO  ozone.MiniOzoneClusterImpl (MiniOzoneClusterImpl.java:lambda$waitForClusterToBeReady$0(142)) - Waiting for cluster to be ready. Got 0 of 1 DN Heartbeats.
2019-06-13 22:26:23,104 DEBUG block.SCMBlockDeletingService (SCMBlockDeletingService.java:call(138)) - Running DeletedBlockTransactionScanner
2019-06-13 22:26:23,104 DEBUG block.SCMBlockDeletingService (SCMBlockDeletingService.java:call(155)) - Scanned deleted blocks log and got 0 delTX to process.
2019-06-13 22:26:23,204 DEBUG block.SCMBlockDeletingService (SCMBlockDeletingService.java:call(138)) - Running DeletedBlockTransactionScanner
2019-06-13 22:26:23,205 DEBUG block.SCMBlockDeletingService (SCMBlockDeletingService.java:call(155)) - Scanned deleted blocks log and got 0 delTX to process.
2019-06-13 22:26:23,305 DEBUG block.SCMBlockDeletingService (SCMBlockDeletingService.java:call(138)) - Running DeletedBlockTransactionScanner
2019-06-13 22:26:23,306 DEBUG block.SCMBlockDeletingService (SCMBlockDeletingService.java:call(155)) - Scanned deleted blocks log and got 0 delTX to process.
2019-06-13 22:26:23,406 DEBUG block.SCMBlockDeletingService (SCMBlockDeletingService.java:call(138)) - Running DeletedBlockTransactionScanner
2019-06-13 22:26:23,406 DEBUG block.SCMBlockDeletingService (SCMBlockDeletingService.java:call(155)) - Scanned deleted blocks log and got 0 delTX to process.
2019-06-13 22:26:23,507 DEBUG block.SCMBlockDeletingService (SCMBlockDeletingService.java:call(138)) - Running DeletedBlockTransactionScanner
2019-06-13 22:26:23,507 DEBUG block.SCMBlockDeletingService (SCMBlockDeletingService.java:call(155)) - Scanned deleted blocks log and got 0 delTX to process.
2019-06-13 22:26:23,607 DEBUG block.SCMBlockDeletingService (SCMBlockDeletingService.java:call(138)) - Running DeletedBlockTransactionScanner
2019-06-13 22:26:23,608 DEBUG block.SCMBlockDeletingService (SCMBlockDeletingService.java:call(155)) - Scanned deleted blocks log and got 0 delTX to process.
2019-06-13 22:26:23,708 DEBUG block.SCMBlockDeletingService (SCMBlockDeletingService.java:call(138)) - Running DeletedBlockTransactionScanner
2019-06-13 22:26:23,708 DEBUG block.SCMBlockDeletingService (SCMBlockDeletingService.java:call(155)) - Scanned deleted blocks log and got 0 delTX to process.
2019-06-13 22:26:23,808 DEBUG block.SCMBlockDeletingService (SCMBlockDeletingService.java:call(138)) - Running DeletedBlockTransactionScanner
2019-06-13 22:26:23,809 DEBUG block.SCMBlockDeletingService (SCMBlockDeletingService.java:call(155)) - Scanned deleted blocks log and got 0 delTX to process.
2019-06-13 22:26:23,909 DEBUG block.SCMBlockDeletingService (SCMBlockDeletingService.java:call(138)) - Running DeletedBlockTransactionScanner
2019-06-13 22:26:23,909 DEBUG block.SCMBlockDeletingService (SCMBlockDeletingService.java:call(155)) - Scanned deleted blocks log and got 0 delTX to process.
2019-06-13 22:26:24,008 INFO  ozone.MiniOzoneClusterImpl (MiniOzoneClusterImpl.java:lambda$waitForClusterToBeReady$0(142)) - Waiting for cluster to be ready. Got 0 of 1 DN Heartbeats.
2019-06-13 22:26:24,010 DEBUG block.SCMBlockDeletingService (SCMBlockDeletingService.java:call(138)) - Running DeletedBlockTransactionScanner
2019-06-13 22:26:24,010 DEBUG block.SCMBlockDeletingService (SCMBlockDeletingService.java:call(155)) - Scanned deleted blocks log and got 0 delTX to process.
2019-06-13 22:26:24,036 INFO  node.SCMNodeManager (SCMNodeManager.java:register(234)) - Registered Data node : d5132e6f-def8-45c0-b0d2-c5ba43d86628{ip: 192.168.105.169, host: ozone-mzc6g-2359123782, networkLocation: /default-rack, certSerialId: null}
2019-06-13 22:26:24,083 INFO  safemode.SCMSafeModeManager (DataNodeSafeModeRule.java:process(71)) - SCM in safe mode. 1 DataNodes registered, 1 required.
2019-06-13 22:26:24,083 INFO  safemode.SCMSafeModeManager (SCMSafeModeManager.java:validateSafeModeExitRules(177)) - ScmSafeModeManager, all rules are successfully validated
2019-06-13 22:26:24,083 INFO  safemode.SCMSafeModeManager (SCMSafeModeManager.java:exitSafeMode(193)) - SCM exiting safe mode.
2019-06-13 22:26:24,110 DEBUG block.SCMBlockDeletingService (SCMBlockDeletingService.java:call(138)) - Running DeletedBlockTransactionScanner
2019-06-13 22:26:24,111 DEBUG block.SCMBlockDeletingService (SCMBlockDeletingService.java:call(155)) - Scanned deleted blocks log and got 0 delTX to process.
2019-06-13 22:26:24,211 DEBUG block.SCMBlockDeletingService (SCMBlockDeletingService.java:call(138)) - Running DeletedBlockTransactionScanner
2019-06-13 22:26:24,211 DEBUG block.SCMBlockDeletingService (SCMBlockDeletingService.java:call(155)) - Scanned deleted blocks log and got 0 delTX to process.
2019-06-13 22:26:24,313 DEBUG block.SCMBlockDeletingService (SCMBlockDeletingService.java:call(138)) - Running DeletedBlockTransactionScanner
2019-06-13 22:26:24,314 DEBUG block.SCMBlockDeletingService (SCMBlockDeletingService.java:call(155)) - Scanned deleted blocks log and got 0 delTX to process.
2019-06-13 22:26:24,416 DEBUG block.SCMBlockDeletingService (SCMBlockDeletingService.java:call(138)) - Running DeletedBlockTransactionScanner
2019-06-13 22:26:24,419 DEBUG block.SCMBlockDeletingService (SCMBlockDeletingService.java:call(155)) - Scanned deleted blocks log and got 0 delTX to process.
2019-06-13 22:26:24,519 DEBUG block.SCMBlockDeletingService (SCMBlockDeletingService.java:call(138)) - Running DeletedBlockTransactionScanner
2019-06-13 22:26:24,520 DEBUG block.SCMBlockDeletingService (SCMBlockDeletingService.java:call(155)) - Scanned deleted blocks log and got 0 delTX to process.
2019-06-13 22:26:24,569 INFO  impl.RaftServerProxy (RaftServerProxy.java:addNew(89)) - d5132e6f-def8-45c0-b0d2-c5ba43d86628: addNew group-C29775A8E805:[d5132e6f-def8-45c0-b0d2-c5ba43d86628:192.168.105.169:33565] returns group-C29775A8E805:java.util.concurrent.CompletableFuture@6000879b[Not completed]
2019-06-13 22:26:24,577 INFO  impl.RaftServerImpl (RaftServerImpl.java:<init>(91)) - d5132e6f-def8-45c0-b0d2-c5ba43d86628: new RaftServerImpl for group-C29775A8E805:[d5132e6f-def8-45c0-b0d2-c5ba43d86628:192.168.105.169:33565] with ContainerStateMachine:uninitialized
2019-06-13 22:26:24,579 INFO  server.RaftServerConfigKeys (ConfUtils.java:logGet(43)) - raft.server.rpc.timeout.min = 1s (custom)
2019-06-13 22:26:24,580 INFO  server.RaftServerConfigKeys (ConfUtils.java:logGet(43)) - raft.server.rpc.timeout.max = 1200ms (custom)
2019-06-13 22:26:24,580 INFO  server.RaftServerConfigKeys (ConfUtils.java:logGet(43)) - raft.server.rpcslowness.timeout = 120s (custom)
2019-06-13 22:26:24,581 INFO  server.RaftServerConfigKeys (ConfUtils.java:logGet(43)) - raft.server.log.appender.install.snapshot.enabled = true (default)
2019-06-13 22:26:24,587 INFO  impl.RaftServerImpl (ServerState.java:<init>(101)) - d5132e6f-def8-45c0-b0d2-c5ba43d86628:group-C29775A8E805 ConfigurationManager, init=-1: [d5132e6f-def8-45c0-b0d2-c5ba43d86628:192.168.105.169:33565], old=null, confs=<EMPTY_MAP>
2019-06-13 22:26:24,587 INFO  server.RaftServerConfigKeys (ConfUtils.java:logGet(43)) - raft.server.storage.dir = [/opt/src/hadoop-ozone/integration-test/target/test-dir/MiniOzoneClusterImpl-e9ea07bb-4900-4b53-96c1-68f0ab556a80/datanode-0/data/ratis] (custom)
2019-06-13 22:26:24,593 INFO  storage.RaftStorageDirectory (RaftStorageDirectory.java:analyzeStorage(246)) - The storage directory /opt/src/hadoop-ozone/integration-test/target/test-dir/MiniOzoneClusterImpl-e9ea07bb-4900-4b53-96c1-68f0ab556a80/datanode-0/data/ratis/c7035dd3-cd4a-42fb-880d-c29775a8e805 does not exist. Creating ...
2019-06-13 22:26:24,620 DEBUG block.SCMBlockDeletingService (SCMBlockDeletingService.java:call(138)) - Running DeletedBlockTransactionScanner
2019-06-13 22:26:24,621 DEBUG block.SCMBlockDeletingService (SCMBlockDeletingService.java:call(155)) - Scanned deleted blocks log and got 0 delTX to process.
2019-06-13 22:26:24,721 DEBUG block.SCMBlockDeletingService (SCMBlockDeletingService.java:call(138)) - Running DeletedBlockTransactionScanner
2019-06-13 22:26:24,721 DEBUG block.SCMBlockDeletingService (SCMBlockDeletingService.java:call(155)) - Scanned deleted blocks log and got 0 delTX to process.
2019-06-13 22:26:24,754 INFO  storage.RaftStorageDirectory (RaftStorageDirectory.java:tryLock(328)) - Lock on /opt/src/hadoop-ozone/integration-test/target/test-dir/MiniOzoneClusterImpl-e9ea07bb-4900-4b53-96c1-68f0ab556a80/datanode-0/data/ratis/c7035dd3-cd4a-42fb-880d-c29775a8e805/in_use.lock acquired by nodename 6051@ozone-mzc6g-2359123782
2019-06-13 22:26:24,777 INFO  storage.RaftStorage (RaftStorage.java:format(75)) - Storage directory /opt/src/hadoop-ozone/integration-test/target/test-dir/MiniOzoneClusterImpl-e9ea07bb-4900-4b53-96c1-68f0ab556a80/datanode-0/data/ratis/c7035dd3-cd4a-42fb-880d-c29775a8e805 has been successfully formatted.
2019-06-13 22:26:24,779 INFO  ratis.ContainerStateMachine (ContainerStateMachine.java:loadSnapshot(199)) - The snapshot info is null.Setting the last applied index to:(t:0, i:~)
2019-06-13 22:26:24,779 INFO  server.RaftServerConfigKeys (ConfUtils.java:logGet(43)) - raft.server.leader.election.timeout = 120s (custom)
2019-06-13 22:26:24,781 INFO  server.RaftServerConfigKeys (ConfUtils.java:logGet(43)) - raft.server.log.use.memory = false (default)
2019-06-13 22:26:24,784 INFO  server.RaftServerConfigKeys (ConfUtils.java:logGet(43)) - raft.server.log.appender.buffer.byte-limit = 33554432 (custom)
2019-06-13 22:26:24,788 INFO  server.RaftServerConfigKeys (ConfUtils.java:logGet(43)) - raft.server.log.segment.size.max = 16384 (custom)
2019-06-13 22:26:24,792 INFO  server.RaftServerConfigKeys (ConfUtils.java:logGet(43)) - raft.server.log.segment.cache.num.max = 2 (custom)
2019-06-13 22:26:24,794 INFO  storage.RaftLogWorker (RaftLogWorker.java:<init>(123)) - new d5132e6f-def8-45c0-b0d2-c5ba43d86628-RaftLogWorker for Storage Directory /opt/src/hadoop-ozone/integration-test/target/test-dir/MiniOzoneClusterImpl-e9ea07bb-4900-4b53-96c1-68f0ab556a80/datanode-0/data/ratis/c7035dd3-cd4a-42fb-880d-c29775a8e805
2019-06-13 22:26:24,795 INFO  server.RaftServerConfigKeys (ConfUtils.java:logGet(43)) - raft.server.log.queue.byte-limit = 2147483647 (custom)
2019-06-13 22:26:24,795 INFO  server.RaftServerConfigKeys (ConfUtils.java:logGet(43)) - raft.server.log.queue.element-limit = 1024 (custom)
2019-06-13 22:26:24,797 INFO  server.RaftServerConfigKeys (ConfUtils.java:logGet(43)) - raft.server.log.segment.size.max = 16384 (custom)
2019-06-13 22:26:24,797 INFO  server.RaftServerConfigKeys (ConfUtils.java:logGet(43)) - raft.server.log.preallocated.size = 16384 (custom)
2019-06-13 22:26:24,798 INFO  server.RaftServerConfigKeys (ConfUtils.java:logGet(43)) - raft.server.log.write.buffer.size = 33554432 (custom)
2019-06-13 22:26:24,798 INFO  server.RaftServerConfigKeys (ConfUtils.java:logGet(43)) - raft.server.log.force.sync.num = 128 (default)
2019-06-13 22:26:24,799 INFO  server.RaftServerConfigKeys (ConfUtils.java:logGet(43)) - raft.server.log.statemachine.data.sync = true (default)
2019-06-13 22:26:24,799 INFO  server.RaftServerConfigKeys (ConfUtils.java:logGet(43)) - raft.server.log.statemachine.data.sync.timeout = 10s (default)
2019-06-13 22:26:24,800 INFO  server.RaftServerConfigKeys (ConfUtils.java:logGet(43)) - raft.server.log.statemachine.data.sync.timeout.retry = -1 (default)
2019-06-13 22:26:24,802 INFO  server.RaftServerConfigKeys (ConfUtils.java:logGet(43)) - raft.server.log.statemachine.data.caching.enabled = true (custom)
2019-06-13 22:26:24,807 INFO  server.RaftServerConfigKeys (ConfUtils.java:logGet(43)) - raft.server.snapshot.auto.trigger.enabled = true (custom)
2019-06-13 22:26:24,808 INFO  server.RaftServerConfigKeys (ConfUtils.java:logGet(43)) - raft.server.snapshot.auto.trigger.threshold = 10000 (custom)
2019-06-13 22:26:24,808 INFO  server.RaftServerConfigKeys (ConfUtils.java:logGet(43)) - raft.server.retrycache.expirytime = 600000ms (custom)
2019-06-13 22:26:24,921 DEBUG block.SCMBlockDeletingService (SCMBlockDeletingService.java:call(138)) - Running DeletedBlockTransactionScanner
2019-06-13 22:26:24,922 DEBUG block.SCMBlockDeletingService (SCMBlockDeletingService.java:call(155)) - Scanned deleted blocks log and got 0 delTX to process.
2019-06-13 22:26:24,930 INFO  impl.RaftServerImpl (RaftServerImpl.java:start(173)) - d5132e6f-def8-45c0-b0d2-c5ba43d86628: start group-C29775A8E805
2019-06-13 22:26:24,931 INFO  impl.RaftServerImpl (RaftServerImpl.java:setRole(164)) - d5132e6f-def8-45c0-b0d2-c5ba43d86628:group-C29775A8E805 changes role from null to FOLLOWER at term 0 for startAsFollower
2019-06-13 22:26:24,932 INFO  impl.RoleInfo (RoleInfo.java:updateAndGet(143)) - d5132e6f-def8-45c0-b0d2-c5ba43d86628: start FollowerState
2019-06-13 22:26:24,938 INFO  util.JmxRegister (JmxRegister.java:tryRegister(44)) - Successfully registered JMX Bean with object name Ratis:service=RaftServer,group=group-C29775A8E805,id=d5132e6f-def8-45c0-b0d2-c5ba43d86628
2019-06-13 22:26:24,982 INFO  pipeline.PipelineStateManager (PipelineStateManager.java:addPipeline(56)) - Created pipeline Pipeline[ Id: c7035dd3-cd4a-42fb-880d-c29775a8e805, Nodes: d5132e6f-def8-45c0-b0d2-c5ba43d86628{ip: 192.168.105.169, host: ozone-mzc6g-2359123782, networkLocation: /default-rack, certSerialId: null}, Type:RATIS, Factor:ONE, State:OPEN]
2019-06-13 22:26:25,009 INFO  ozone.MiniOzoneClusterImpl (MiniOzoneClusterImpl.java:lambda$waitForClusterToBeReady$0(142)) - Cluster is ready. Got 1 of 1 DN Heartbeats.
2019-06-13 22:26:25,022 DEBUG block.SCMBlockDeletingService (SCMBlockDeletingService.java:call(138)) - Running DeletedBlockTransactionScanner
2019-06-13 22:26:25,022 DEBUG block.SCMBlockDeletingService (SCMBlockDeletingService.java:call(155)) - Scanned deleted blocks log and got 0 delTX to process.
2019-06-13 22:26:25,122 DEBUG block.SCMBlockDeletingService (SCMBlockDeletingService.java:call(138)) - Running DeletedBlockTransactionScanner
2019-06-13 22:26:25,123 DEBUG block.SCMBlockDeletingService (SCMBlockDeletingService.java:call(155)) - Scanned deleted blocks log and got 0 delTX to process.
2019-06-13 22:26:25,223 DEBUG block.SCMBlockDeletingService (SCMBlockDeletingService.java:call(138)) - Running DeletedBlockTransactionScanner
2019-06-13 22:26:25,223 DEBUG block.SCMBlockDeletingService (SCMBlockDeletingService.java:call(155)) - Scanned deleted blocks log and got 0 delTX to process.
2019-06-13 22:26:25,324 DEBUG block.SCMBlockDeletingService (SCMBlockDeletingService.java:call(138)) - Running DeletedBlockTransactionScanner
2019-06-13 22:26:25,324 DEBUG block.SCMBlockDeletingService (SCMBlockDeletingService.java:call(155)) - Scanned deleted blocks log and got 0 delTX to process.
2019-06-13 22:26:25,425 DEBUG block.SCMBlockDeletingService (SCMBlockDeletingService.java:call(138)) - Running DeletedBlockTransactionScanner
2019-06-13 22:26:25,426 DEBUG block.SCMBlockDeletingService (SCMBlockDeletingService.java:call(155)) - Scanned deleted blocks log and got 0 delTX to process.
2019-06-13 22:26:25,526 DEBUG block.SCMBlockDeletingService (SCMBlockDeletingService.java:call(138)) - Running DeletedBlockTransactionScanner
2019-06-13 22:26:25,526 DEBUG block.SCMBlockDeletingService (SCMBlockDeletingService.java:call(155)) - Scanned deleted blocks log and got 0 delTX to process.
2019-06-13 22:26:25,627 DEBUG block.SCMBlockDeletingService (SCMBlockDeletingService.java:call(138)) - Running DeletedBlockTransactionScanner
2019-06-13 22:26:25,627 DEBUG block.SCMBlockDeletingService (SCMBlockDeletingService.java:call(155)) - Scanned deleted blocks log and got 0 delTX to process.
2019-06-13 22:26:25,727 DEBUG block.SCMBlockDeletingService (SCMBlockDeletingService.java:call(138)) - Running DeletedBlockTransactionScanner
2019-06-13 22:26:25,728 DEBUG block.SCMBlockDeletingService (SCMBlockDeletingService.java:call(155)) - Scanned deleted blocks log and got 0 delTX to process.
2019-06-13 22:26:25,829 DEBUG block.SCMBlockDeletingService (SCMBlockDeletingService.java:call(138)) - Running DeletedBlockTransactionScanner
2019-06-13 22:26:25,829 DEBUG block.SCMBlockDeletingService (SCMBlockDeletingService.java:call(155)) - Scanned deleted blocks log and got 0 delTX to process.
2019-06-13 22:26:25,930 DEBUG block.SCMBlockDeletingService (SCMBlockDeletingService.java:call(138)) - Running DeletedBlockTransactionScanner
2019-06-13 22:26:25,930 DEBUG block.SCMBlockDeletingService (SCMBlockDeletingService.java:call(155)) - Scanned deleted blocks log and got 0 delTX to process.
2019-06-13 22:26:26,033 DEBUG block.SCMBlockDeletingService (SCMBlockDeletingService.java:call(138)) - Running DeletedBlockTransactionScanner
2019-06-13 22:26:26,034 DEBUG block.SCMBlockDeletingService (SCMBlockDeletingService.java:call(155)) - Scanned deleted blocks log and got 0 delTX to process.
2019-06-13 22:26:26,074 INFO  impl.FollowerState (FollowerState.java:run(101)) - d5132e6f-def8-45c0-b0d2-c5ba43d86628:group-C29775A8E805 changes to CANDIDATE, lastRpcTime:1142, electionTimeout:1141ms
2019-06-13 22:26:26,074 INFO  impl.RoleInfo (RoleInfo.java:shutdownFollowerState(121)) - d5132e6f-def8-45c0-b0d2-c5ba43d86628: shutdown FollowerState
2019-06-13 22:26:26,075 INFO  impl.RaftServerImpl (RaftServerImpl.java:setRole(164)) - d5132e6f-def8-45c0-b0d2-c5ba43d86628:group-C29775A8E805 changes role from FOLLOWER to CANDIDATE at term 0 for changeToCandidate
2019-06-13 22:26:26,078 INFO  impl.RoleInfo (RoleInfo.java:updateAndGet(143)) - d5132e6f-def8-45c0-b0d2-c5ba43d86628: start LeaderElection
2019-06-13 22:26:26,127 INFO  impl.LeaderElection (LeaderElection.java:askForVotes(181)) - d5132e6f-def8-45c0-b0d2-c5ba43d86628:group-C29775A8E805:LeaderElection1: begin an election at term 1 for -1: [d5132e6f-def8-45c0-b0d2-c5ba43d86628:192.168.105.169:33565], old=null
2019-06-13 22:26:26,131 INFO  impl.RoleInfo (RoleInfo.java:shutdownLeaderElection(134)) - d5132e6f-def8-45c0-b0d2-c5ba43d86628: shutdown LeaderElection
2019-06-13 22:26:26,134 INFO  impl.RaftServerImpl (RaftServerImpl.java:setRole(164)) - d5132e6f-def8-45c0-b0d2-c5ba43d86628:group-C29775A8E805 changes role from CANDIDATE to LEADER at term 1 for changeToLeader
2019-06-13 22:26:26,134 INFO  impl.RaftServerImpl (ServerState.java:setLeader(263)) - d5132e6f-def8-45c0-b0d2-c5ba43d86628:group-C29775A8E805 change Leader from null to d5132e6f-def8-45c0-b0d2-c5ba43d86628 at term 1 for becomeLeader, leader elected after 1355ms
2019-06-13 22:26:26,137 DEBUG block.SCMBlockDeletingService (SCMBlockDeletingService.java:call(138)) - Running DeletedBlockTransactionScanner
2019-06-13 22:26:26,138 DEBUG block.SCMBlockDeletingService (SCMBlockDeletingService.java:call(155)) - Scanned deleted blocks log and got 0 delTX to process.
2019-06-13 22:26:26,142 INFO  server.RaftServerConfigKeys (ConfUtils.java:logGet(43)) - raft.server.staging.catchup.gap = 1000 (default)
2019-06-13 22:26:26,145 INFO  server.RaftServerConfigKeys (ConfUtils.java:logGet(43)) - raft.server.rpc.sleep.time = 25ms (default)
2019-06-13 22:26:26,148 INFO  server.RaftServerConfigKeys (ConfUtils.java:logGet(43)) - raft.server.watch.timeout = 10s (default)
2019-06-13 22:26:26,150 INFO  server.RaftServerConfigKeys (ConfUtils.java:logGet(43)) - raft.server.watch.timeout.denomination = 1s (default)
2019-06-13 22:26:26,158 INFO  impl.RoleInfo (RoleInfo.java:updateAndGet(143)) - d5132e6f-def8-45c0-b0d2-c5ba43d86628: start LeaderState
2019-06-13 22:26:26,199 INFO  storage.RaftLogWorker (RaftLogWorker.java:startLogSegment(298)) - d5132e6f-def8-45c0-b0d2-c5ba43d86628-RaftLogWorker: Starting segment from index:0
2019-06-13 22:26:26,220 INFO  impl.RaftServerImpl (ServerState.java:setRaftConf(361)) - d5132e6f-def8-45c0-b0d2-c5ba43d86628:group-C29775A8E805 set configuration 0: [d5132e6f-def8-45c0-b0d2-c5ba43d86628:192.168.105.169:33565], old=null at 0
2019-06-13 22:26:26,241 DEBUG block.SCMBlockDeletingService (SCMBlockDeletingService.java:call(138)) - Running DeletedBlockTransactionScanner
2019-06-13 22:26:26,242 DEBUG block.SCMBlockDeletingService (SCMBlockDeletingService.java:call(155)) - Scanned deleted blocks log and got 0 delTX to process.
2019-06-13 22:26:26,345 DEBUG block.SCMBlockDeletingService (SCMBlockDeletingService.java:call(138)) - Running DeletedBlockTransactionScanner
2019-06-13 22:26:26,346 DEBUG block.SCMBlockDeletingService (SCMBlockDeletingService.java:call(155)) - Scanned deleted blocks log and got 0 delTX to process.
2019-06-13 22:26:26,396 INFO  storage.RaftLogWorker (RaftLogWorker.java:execute(469)) - d5132e6f-def8-45c0-b0d2-c5ba43d86628-RaftLogWorker: created new log segment /opt/src/hadoop-ozone/integration-test/target/test-dir/MiniOzoneClusterImpl-e9ea07bb-4900-4b53-96c1-68f0ab556a80/datanode-0/data/ratis/c7035dd3-cd4a-42fb-880d-c29775a8e805/current/log_inprogress_0
2019-06-13 22:26:26,449 DEBUG block.SCMBlockDeletingService (SCMBlockDeletingService.java:call(138)) - Running DeletedBlockTransactionScanner
2019-06-13 22:26:26,450 DEBUG block.SCMBlockDeletingService (SCMBlockDeletingService.java:call(155)) - Scanned deleted blocks log and got 0 delTX to process.
2019-06-13 22:26:26,561 DEBUG block.SCMBlockDeletingService (SCMBlockDeletingService.java:call(138)) - Running DeletedBlockTransactionScanner
2019-06-13 22:26:26,561 DEBUG block.SCMBlockDeletingService (SCMBlockDeletingService.java:call(155)) - Scanned deleted blocks log and got 0 delTX to process.
2019-06-13 22:26:26,661 DEBUG block.SCMBlockDeletingService (SCMBlockDeletingService.java:call(138)) - Running DeletedBlockTransactionScanner
2019-06-13 22:26:26,662 DEBUG block.SCMBlockDeletingService (SCMBlockDeletingService.java:call(155)) - Scanned deleted blocks log and got 0 delTX to process.
2019-06-13 22:26:26,762 DEBUG block.SCMBlockDeletingService (SCMBlockDeletingService.java:call(138)) - Running DeletedBlockTransactionScanner
2019-06-13 22:26:26,762 DEBUG block.SCMBlockDeletingService (SCMBlockDeletingService.java:call(155)) - Scanned deleted blocks log and got 0 delTX to process.
2019-06-13 22:26:26,865 DEBUG block.SCMBlockDeletingService (SCMBlockDeletingService.java:call(138)) - Running DeletedBlockTransactionScanner
2019-06-13 22:26:26,870 DEBUG block.SCMBlockDeletingService (SCMBlockDeletingService.java:call(155)) - Scanned deleted blocks log and got 0 delTX to process.
2019-06-13 22:26:26,977 DEBUG block.SCMBlockDeletingService (SCMBlockDeletingService.java:call(138)) - Running DeletedBlockTransactionScanner
2019-06-13 22:26:26,978 DEBUG block.SCMBlockDeletingService (SCMBlockDeletingService.java:call(155)) - Scanned deleted blocks log and got 0 delTX to process.
2019-06-13 22:26:27,020 INFO  rpc.RpcClient (RpcClient.java:createVolume(289)) - Creating Volume: 610d025f-098a-423f-b54a-f808610a1101, with root as owner.
2019-06-13 22:26:27,057 INFO  rpc.RpcClient (RpcClient.java:createBucket(426)) - Creating Bucket: 610d025f-098a-423f-b54a-f808610a1101/234872d5-d5c5-471b-b0bb-96ef41634d4c, with Versioning false and Storage Type set to DISK and Encryption set to false 
2019-06-13 22:26:27,078 DEBUG block.SCMBlockDeletingService (SCMBlockDeletingService.java:call(138)) - Running DeletedBlockTransactionScanner
2019-06-13 22:26:27,079 DEBUG block.SCMBlockDeletingService (SCMBlockDeletingService.java:call(155)) - Scanned deleted blocks log and got 0 delTX to process.
2019-06-13 22:26:27,179 DEBUG block.SCMBlockDeletingService (SCMBlockDeletingService.java:call(138)) - Running DeletedBlockTransactionScanner
2019-06-13 22:26:27,179 DEBUG block.SCMBlockDeletingService (SCMBlockDeletingService.java:call(155)) - Scanned deleted blocks log and got 0 delTX to process.
2019-06-13 22:26:27,280 DEBUG block.SCMBlockDeletingService (SCMBlockDeletingService.java:call(138)) - Running DeletedBlockTransactionScanner
2019-06-13 22:26:27,280 DEBUG block.SCMBlockDeletingService (SCMBlockDeletingService.java:call(155)) - Scanned deleted blocks log and got 0 delTX to process.
2019-06-13 22:26:27,381 DEBUG block.SCMBlockDeletingService (SCMBlockDeletingService.java:call(138)) - Running DeletedBlockTransactionScanner
2019-06-13 22:26:27,381 DEBUG block.SCMBlockDeletingService (SCMBlockDeletingService.java:call(155)) - Scanned deleted blocks log and got 0 delTX to process.
2019-06-13 22:26:27,481 DEBUG block.SCMBlockDeletingService (SCMBlockDeletingService.java:call(138)) - Running DeletedBlockTransactionScanner
2019-06-13 22:26:27,482 DEBUG block.SCMBlockDeletingService (SCMBlockDeletingService.java:call(155)) - Scanned deleted blocks log and got 0 delTX to process.
2019-06-13 22:26:27,582 DEBUG block.SCMBlockDeletingService (SCMBlockDeletingService.java:call(138)) - Running DeletedBlockTransactionScanner
2019-06-13 22:26:27,583 DEBUG block.SCMBlockDeletingService (SCMBlockDeletingService.java:call(155)) - Scanned deleted blocks log and got 0 delTX to process.
2019-06-13 22:26:27,668 INFO  client.GrpcClientProtocolClient (GrpcClientProtocolClient.java:onNext(254)) - client-43E682E1E07B->d5132e6f-def8-45c0-b0d2-c5ba43d86628: receive RaftClientReply:client-43E682E1E07B->d5132e6f-def8-45c0-b0d2-c5ba43d86628@group-C29775A8E805, cid=1, SUCCESS, logIndex=1, commits[d5132e6f-def8-45c0-b0d2-c5ba43d86628:c2]
2019-06-13 22:26:27,683 DEBUG block.SCMBlockDeletingService (SCMBlockDeletingService.java:call(138)) - Running DeletedBlockTransactionScanner
2019-06-13 22:26:27,683 DEBUG block.SCMBlockDeletingService (SCMBlockDeletingService.java:call(155)) - Scanned deleted blocks log and got 0 delTX to process.
2019-06-13 22:26:27,734 INFO  client.GrpcClientProtocolClient (GrpcClientProtocolClient.java:onNext(254)) - client-43E682E1E07B->d5132e6f-def8-45c0-b0d2-c5ba43d86628: receive RaftClientReply:client-43E682E1E07B->d5132e6f-def8-45c0-b0d2-c5ba43d86628@group-C29775A8E805, cid=2, SUCCESS, logIndex=3, commits[d5132e6f-def8-45c0-b0d2-c5ba43d86628:c4]
2019-06-13 22:26:27,753 INFO  client.GrpcClientProtocolClient (GrpcClientProtocolClient.java:onNext(254)) - client-43E682E1E07B->d5132e6f-def8-45c0-b0d2-c5ba43d86628: receive RaftClientReply:client-43E682E1E07B->d5132e6f-def8-45c0-b0d2-c5ba43d86628@group-C29775A8E805, cid=3, SUCCESS, logIndex=5, commits[d5132e6f-def8-45c0-b0d2-c5ba43d86628:c5]
2019-06-13 22:26:27,765 INFO  client.GrpcClientProtocolClient (GrpcClientProtocolClient.java:onNext(254)) - client-43E682E1E07B->d5132e6f-def8-45c0-b0d2-c5ba43d86628: receive RaftClientReply:client-43E682E1E07B->d5132e6f-def8-45c0-b0d2-c5ba43d86628@group-C29775A8E805, cid=4, SUCCESS, logIndex=7, commits[d5132e6f-def8-45c0-b0d2-c5ba43d86628:c8]
2019-06-13 22:26:27,785 DEBUG block.SCMBlockDeletingService (SCMBlockDeletingService.java:call(138)) - Running DeletedBlockTransactionScanner
2019-06-13 22:26:27,785 DEBUG block.SCMBlockDeletingService (SCMBlockDeletingService.java:call(155)) - Scanned deleted blocks log and got 0 delTX to process.
2019-06-13 22:26:27,806 INFO  client.GrpcClientProtocolClient (GrpcClientProtocolClient.java:onNext(254)) - client-43E682E1E07B->d5132e6f-def8-45c0-b0d2-c5ba43d86628: receive RaftClientReply:client-43E682E1E07B->d5132e6f-def8-45c0-b0d2-c5ba43d86628@group-C29775A8E805, cid=5, SUCCESS, logIndex=9, commits[d5132e6f-def8-45c0-b0d2-c5ba43d86628:c9]
2019-06-13 22:26:27,812 INFO  client.GrpcClientProtocolClient (GrpcClientProtocolClient.java:onNext(254)) - client-43E682E1E07B->d5132e6f-def8-45c0-b0d2-c5ba43d86628: receive RaftClientReply:client-43E682E1E07B->d5132e6f-def8-45c0-b0d2-c5ba43d86628@group-C29775A8E805, cid=6, SUCCESS, logIndex=11, commits[d5132e6f-def8-45c0-b0d2-c5ba43d86628:c11]
2019-06-13 22:26:27,817 INFO  client.GrpcClientProtocolClient (GrpcClientProtocolClient.java:onNext(254)) - client-43E682E1E07B->d5132e6f-def8-45c0-b0d2-c5ba43d86628: receive RaftClientReply:client-43E682E1E07B->d5132e6f-def8-45c0-b0d2-c5ba43d86628@group-C29775A8E805, cid=7, SUCCESS, logIndex=13, commits[d5132e6f-def8-45c0-b0d2-c5ba43d86628:c13]
2019-06-13 22:26:27,823 INFO  client.GrpcClientProtocolClient (GrpcClientProtocolClient.java:onNext(254)) - client-43E682E1E07B->d5132e6f-def8-45c0-b0d2-c5ba43d86628: receive RaftClientReply:client-43E682E1E07B->d5132e6f-def8-45c0-b0d2-c5ba43d86628@group-C29775A8E805, cid=8, SUCCESS, logIndex=14, commits[d5132e6f-def8-45c0-b0d2-c5ba43d86628:c15]
2019-06-13 22:26:27,891 DEBUG block.SCMBlockDeletingService (SCMBlockDeletingService.java:call(138)) - Running DeletedBlockTransactionScanner
2019-06-13 22:26:27,892 DEBUG block.SCMBlockDeletingService (SCMBlockDeletingService.java:call(155)) - Scanned deleted blocks log and got 0 delTX to process.
2019-06-13 22:26:27,892 INFO  client.GrpcClientProtocolClient (GrpcClientProtocolClient.java:onNext(254)) - client-43E682E1E07B->d5132e6f-def8-45c0-b0d2-c5ba43d86628: receive RaftClientReply:client-43E682E1E07B->d5132e6f-def8-45c0-b0d2-c5ba43d86628@group-C29775A8E805, cid=9, SUCCESS, logIndex=17, commits[d5132e6f-def8-45c0-b0d2-c5ba43d86628:c18]
2019-06-13 22:26:27,923 INFO  client.GrpcClientProtocolClient (GrpcClientProtocolClient.java:onNext(254)) - client-43E682E1E07B->d5132e6f-def8-45c0-b0d2-c5ba43d86628: receive RaftClientReply:client-43E682E1E07B->d5132e6f-def8-45c0-b0d2-c5ba43d86628@group-C29775A8E805, cid=10, SUCCESS, logIndex=19, commits[d5132e6f-def8-45c0-b0d2-c5ba43d86628:c23]
2019-06-13 22:26:27,930 INFO  client.GrpcClientProtocolClient (GrpcClientProtocolClient.java:onNext(254)) - client-43E682E1E07B->d5132e6f-def8-45c0-b0d2-c5ba43d86628: receive RaftClientReply:client-43E682E1E07B->d5132e6f-def8-45c0-b0d2-c5ba43d86628@group-C29775A8E805, cid=11, SUCCESS, logIndex=21, commits[d5132e6f-def8-45c0-b0d2-c5ba43d86628:c23]
2019-06-13 22:26:27,933 INFO  client.GrpcClientProtocolClient (GrpcClientProtocolClient.java:onNext(254)) - client-43E682E1E07B->d5132e6f-def8-45c0-b0d2-c5ba43d86628: receive RaftClientReply:client-43E682E1E07B->d5132e6f-def8-45c0-b0d2-c5ba43d86628@group-C29775A8E805, cid=12, SUCCESS, logIndex=22, commits[d5132e6f-def8-45c0-b0d2-c5ba43d86628:c23]
2019-06-13 22:26:27,971 INFO  client.GrpcClientProtocolClient (GrpcClientProtocolClient.java:onNext(254)) - client-43E682E1E07B->d5132e6f-def8-45c0-b0d2-c5ba43d86628: receive RaftClientReply:client-43E682E1E07B->d5132e6f-def8-45c0-b0d2-c5ba43d86628@group-C29775A8E805, cid=13, SUCCESS, logIndex=24, commits[d5132e6f-def8-45c0-b0d2-c5ba43d86628:c24]
2019-06-13 22:26:27,997 DEBUG block.SCMBlockDeletingService (SCMBlockDeletingService.java:call(138)) - Running DeletedBlockTransactionScanner
2019-06-13 22:26:27,998 DEBUG block.SCMBlockDeletingService (SCMBlockDeletingService.java:call(155)) - Scanned deleted blocks log and got 0 delTX to process.
2019-06-13 22:26:27,998 INFO  client.GrpcClientProtocolClient (GrpcClientProtocolClient.java:onNext(254)) - client-43E682E1E07B->d5132e6f-def8-45c0-b0d2-c5ba43d86628: receive RaftClientReply:client-43E682E1E07B->d5132e6f-def8-45c0-b0d2-c5ba43d86628@group-C29775A8E805, cid=14, SUCCESS, logIndex=26, commits[d5132e6f-def8-45c0-b0d2-c5ba43d86628:c26]
2019-06-13 22:26:27,999 INFO  client.GrpcClientProtocolClient (GrpcClientProtocolClient.java:onNext(254)) - client-43E682E1E07B->d5132e6f-def8-45c0-b0d2-c5ba43d86628: receive RaftClientReply:client-43E682E1E07B->d5132e6f-def8-45c0-b0d2-c5ba43d86628@group-C29775A8E805, cid=15, SUCCESS, logIndex=28, commits[d5132e6f-def8-45c0-b0d2-c5ba43d86628:c28]
2019-06-13 22:26:28,000 INFO  client.GrpcClientProtocolClient (GrpcClientProtocolClient.java:onNext(254)) - client-43E682E1E07B->d5132e6f-def8-45c0-b0d2-c5ba43d86628: receive RaftClientReply:client-43E682E1E07B->d5132e6f-def8-45c0-b0d2-c5ba43d86628@group-C29775A8E805, cid=16, SUCCESS, logIndex=30, commits[d5132e6f-def8-45c0-b0d2-c5ba43d86628:c30]
2019-06-13 22:26:28,051 INFO  client.GrpcClientProtocolClient (GrpcClientProtocolClient.java:onNext(254)) - client-43E682E1E07B->d5132e6f-def8-45c0-b0d2-c5ba43d86628: receive RaftClientReply:client-43E682E1E07B->d5132e6f-def8-45c0-b0d2-c5ba43d86628@group-C29775A8E805, cid=17, SUCCESS, logIndex=32, commits[d5132e6f-def8-45c0-b0d2-c5ba43d86628:c33]
2019-06-13 22:26:28,074 INFO  client.GrpcClientProtocolClient (GrpcClientProtocolClient.java:onNext(254)) - client-43E682E1E07B->d5132e6f-def8-45c0-b0d2-c5ba43d86628: receive RaftClientReply:client-43E682E1E07B->d5132e6f-def8-45c0-b0d2-c5ba43d86628@group-C29775A8E805, cid=18, SUCCESS, logIndex=34, commits[d5132e6f-def8-45c0-b0d2-c5ba43d86628:c38]
2019-06-13 22:26:28,078 INFO  client.GrpcClientProtocolClient (GrpcClientProtocolClient.java:onNext(254)) - client-43E682E1E07B->d5132e6f-def8-45c0-b0d2-c5ba43d86628: receive RaftClientReply:client-43E682E1E07B->d5132e6f-def8-45c0-b0d2-c5ba43d86628@group-C29775A8E805, cid=19, SUCCESS, logIndex=36, commits[d5132e6f-def8-45c0-b0d2-c5ba43d86628:c38]
2019-06-13 22:26:28,082 INFO  client.GrpcClientProtocolClient (GrpcClientProtocolClient.java:onNext(254)) - client-43E682E1E07B->d5132e6f-def8-45c0-b0d2-c5ba43d86628: receive RaftClientReply:client-43E682E1E07B->d5132e6f-def8-45c0-b0d2-c5ba43d86628@group-C29775A8E805, cid=20, SUCCESS, logIndex=37, commits[d5132e6f-def8-45c0-b0d2-c5ba43d86628:c38]
2019-06-13 22:26:28,098 DEBUG block.SCMBlockDeletingService (SCMBlockDeletingService.java:call(138)) - Running DeletedBlockTransactionScanner
2019-06-13 22:26:28,099 DEBUG block.SCMBlockDeletingService (SCMBlockDeletingService.java:call(155)) - Scanned deleted blocks log and got 0 delTX to process.
2019-06-13 22:26:28,104 INFO  client.GrpcClientProtocolClient (GrpcClientProtocolClient.java:onNext(254)) - client-43E682E1E07B->d5132e6f-def8-45c0-b0d2-c5ba43d86628: receive RaftClientReply:client-43E682E1E07B->d5132e6f-def8-45c0-b0d2-c5ba43d86628@group-C29775A8E805, cid=21, SUCCESS, logIndex=39, commits[d5132e6f-def8-45c0-b0d2-c5ba43d86628:c39]
2019-06-13 22:26:28,113 INFO  client.GrpcClientProtocolClient (GrpcClientProtocolClient.java:onNext(254)) - client-43E682E1E07B->d5132e6f-def8-45c0-b0d2-c5ba43d86628: receive RaftClientReply:client-43E682E1E07B->d5132e6f-def8-45c0-b0d2-c5ba43d86628@group-C29775A8E805, cid=22, SUCCESS, logIndex=41, commits[d5132e6f-def8-45c0-b0d2-c5ba43d86628:c41]
2019-06-13 22:26:28,119 INFO  client.GrpcClientProtocolClient (GrpcClientProtocolClient.java:onNext(254)) - client-43E682E1E07B->d5132e6f-def8-45c0-b0d2-c5ba43d86628: receive RaftClientReply:client-43E682E1E07B->d5132e6f-def8-45c0-b0d2-c5ba43d86628@group-C29775A8E805, cid=23, SUCCESS, logIndex=42, commits[d5132e6f-def8-45c0-b0d2-c5ba43d86628:c44]
2019-06-13 22:26:28,123 INFO  client.GrpcClientProtocolClient (GrpcClientProtocolClient.java:onNext(254)) - client-43E682E1E07B->d5132e6f-def8-45c0-b0d2-c5ba43d86628: receive RaftClientReply:client-43E682E1E07B->d5132e6f-def8-45c0-b0d2-c5ba43d86628@group-C29775A8E805, cid=24, SUCCESS, logIndex=44, commits[d5132e6f-def8-45c0-b0d2-c5ba43d86628:c45]
2019-06-13 22:26:28,203 DEBUG block.SCMBlockDeletingService (SCMBlockDeletingService.java:call(138)) - Running DeletedBlockTransactionScanner
2019-06-13 22:26:28,203 DEBUG block.SCMBlockDeletingService (SCMBlockDeletingService.java:call(155)) - Scanned deleted blocks log and got 0 delTX to process.
2019-06-13 22:26:28,214 INFO  client.GrpcClientProtocolClient (GrpcClientProtocolClient.java:onNext(254)) - client-43E682E1E07B->d5132e6f-def8-45c0-b0d2-c5ba43d86628: receive RaftClientReply:client-43E682E1E07B->d5132e6f-def8-45c0-b0d2-c5ba43d86628@group-C29775A8E805, cid=25, SUCCESS, logIndex=46, commits[d5132e6f-def8-45c0-b0d2-c5ba43d86628:c47]
2019-06-13 22:26:28,228 INFO  client.GrpcClientProtocolClient (GrpcClientProtocolClient.java:onNext(254)) - client-43E682E1E07B->d5132e6f-def8-45c0-b0d2-c5ba43d86628: receive RaftClientReply:client-43E682E1E07B->d5132e6f-def8-45c0-b0d2-c5ba43d86628@group-C29775A8E805, cid=26, SUCCESS, logIndex=48, commits[d5132e6f-def8-45c0-b0d2-c5ba43d86628:c48]
2019-06-13 22:26:28,230 INFO  client.GrpcClientProtocolClient (GrpcClientProtocolClient.java:onNext(254)) - client-43E682E1E07B->d5132e6f-def8-45c0-b0d2-c5ba43d86628: receive RaftClientReply:client-43E682E1E07B->d5132e6f-def8-45c0-b0d2-c5ba43d86628@group-C29775A8E805, cid=27, SUCCESS, logIndex=49, commits[d5132e6f-def8-45c0-b0d2-c5ba43d86628:c50]
2019-06-13 22:26:28,234 INFO  client.GrpcClientProtocolClient (GrpcClientProtocolClient.java:onNext(254)) - client-43E682E1E07B->d5132e6f-def8-45c0-b0d2-c5ba43d86628: receive RaftClientReply:client-43E682E1E07B->d5132e6f-def8-45c0-b0d2-c5ba43d86628@group-C29775A8E805, cid=28, SUCCESS, logIndex=51, commits[d5132e6f-def8-45c0-b0d2-c5ba43d86628:c51]
2019-06-13 22:26:28,264 INFO  client.GrpcClientProtocolClient (GrpcClientProtocolClient.java:onNext(254)) - client-43E682E1E07B->d5132e6f-def8-45c0-b0d2-c5ba43d86628: receive RaftClientReply:client-43E682E1E07B->d5132e6f-def8-45c0-b0d2-c5ba43d86628@group-C29775A8E805, cid=29, SUCCESS, logIndex=53, commits[d5132e6f-def8-45c0-b0d2-c5ba43d86628:c53]
2019-06-13 22:26:28,278 INFO  client.GrpcClientProtocolClient (GrpcClientProtocolClient.java:onNext(254)) - client-43E682E1E07B->d5132e6f-def8-45c0-b0d2-c5ba43d86628: receive RaftClientReply:client-43E682E1E07B->d5132e6f-def8-45c0-b0d2-c5ba43d86628@group-C29775A8E805, cid=30, SUCCESS, logIndex=55, commits[d5132e6f-def8-45c0-b0d2-c5ba43d86628:c55]
2019-06-13 22:26:28,287 INFO  client.GrpcClientProtocolClient (GrpcClientProtocolClient.java:onNext(254)) - client-43E682E1E07B->d5132e6f-def8-45c0-b0d2-c5ba43d86628: receive RaftClientReply:client-43E682E1E07B->d5132e6f-def8-45c0-b0d2-c5ba43d86628@group-C29775A8E805, cid=31, SUCCESS, logIndex=56, commits[d5132e6f-def8-45c0-b0d2-c5ba43d86628:c58]
2019-06-13 22:26:28,293 INFO  client.GrpcClientProtocolClient (GrpcClientProtocolClient.java:onNext(254)) - client-43E682E1E07B->d5132e6f-def8-45c0-b0d2-c5ba43d86628: receive RaftClientReply:client-43E682E1E07B->d5132e6f-def8-45c0-b0d2-c5ba43d86628@group-C29775A8E805, cid=32, SUCCESS, logIndex=58, commits[d5132e6f-def8-45c0-b0d2-c5ba43d86628:c58]
2019-06-13 22:26:28,304 DEBUG block.SCMBlockDeletingService (SCMBlockDeletingService.java:call(138)) - Running DeletedBlockTransactionScanner
2019-06-13 22:26:28,304 DEBUG block.SCMBlockDeletingService (SCMBlockDeletingService.java:call(155)) - Scanned deleted blocks log and got 0 delTX to process.
2019-06-13 22:26:28,318 INFO  client.GrpcClientProtocolClient (GrpcClientProtocolClient.java:onNext(254)) - client-43E682E1E07B->d5132e6f-def8-45c0-b0d2-c5ba43d86628: receive RaftClientReply:client-43E682E1E07B->d5132e6f-def8-45c0-b0d2-c5ba43d86628@group-C29775A8E805, cid=33, SUCCESS, logIndex=60, commits[d5132e6f-def8-45c0-b0d2-c5ba43d86628:c60]
2019-06-13 22:26:28,334 INFO  client.GrpcClientProtocolClient (GrpcClientProtocolClient.java:onNext(254)) - client-43E682E1E07B->d5132e6f-def8-45c0-b0d2-c5ba43d86628: receive RaftClientReply:client-43E682E1E07B->d5132e6f-def8-45c0-b0d2-c5ba43d86628@group-C29775A8E805, cid=34, SUCCESS, logIndex=62, commits[d5132e6f-def8-45c0-b0d2-c5ba43d86628:c62]
2019-06-13 22:26:28,341 INFO  client.GrpcClientProtocolClient (GrpcClientProtocolClient.java:onNext(254)) - client-43E682E1E07B->d5132e6f-def8-45c0-b0d2-c5ba43d86628: receive RaftClientReply:client-43E682E1E07B->d5132e6f-def8-45c0-b0d2-c5ba43d86628@group-C29775A8E805, cid=35, SUCCESS, logIndex=63, commits[d5132e6f-def8-45c0-b0d2-c5ba43d86628:c65]
2019-06-13 22:26:28,342 INFO  client.GrpcClientProtocolClient (GrpcClientProtocolClient.java:onNext(254)) - client-43E682E1E07B->d5132e6f-def8-45c0-b0d2-c5ba43d86628: receive RaftClientReply:client-43E682E1E07B->d5132e6f-def8-45c0-b0d2-c5ba43d86628@group-C29775A8E805, cid=36, SUCCESS, logIndex=65, commits[d5132e6f-def8-45c0-b0d2-c5ba43d86628:c65]
2019-06-13 22:26:28,360 INFO  client.GrpcClientProtocolClient (GrpcClientProtocolClient.java:onNext(254)) - client-43E682E1E07B->d5132e6f-def8-45c0-b0d2-c5ba43d86628: receive RaftClientReply:client-43E682E1E07B->d5132e6f-def8-45c0-b0d2-c5ba43d86628@group-C29775A8E805, cid=37, SUCCESS, logIndex=67, commits[d5132e6f-def8-45c0-b0d2-c5ba43d86628:c67]
2019-06-13 22:26:28,370 INFO  client.GrpcClientProtocolClient (GrpcClientProtocolClient.java:onNext(254)) - client-43E682E1E07B->d5132e6f-def8-45c0-b0d2-c5ba43d86628: receive RaftClientReply:client-43E682E1E07B->d5132e6f-def8-45c0-b0d2-c5ba43d86628@group-C29775A8E805, cid=38, SUCCESS, logIndex=69, commits[d5132e6f-def8-45c0-b0d2-c5ba43d86628:c69]
2019-06-13 22:26:28,387 INFO  client.GrpcClientProtocolClient (GrpcClientProtocolClient.java:onNext(254)) - client-43E682E1E07B->d5132e6f-def8-45c0-b0d2-c5ba43d86628: receive RaftClientReply:client-43E682E1E07B->d5132e6f-def8-45c0-b0d2-c5ba43d86628@group-C29775A8E805, cid=39, SUCCESS, logIndex=71, commits[d5132e6f-def8-45c0-b0d2-c5ba43d86628:c71]
2019-06-13 22:26:28,391 INFO  client.GrpcClientProtocolClient (GrpcClientProtocolClient.java:onNext(254)) - client-43E682E1E07B->d5132e6f-def8-45c0-b0d2-c5ba43d86628: receive RaftClientReply:client-43E682E1E07B->d5132e6f-def8-45c0-b0d2-c5ba43d86628@group-C29775A8E805, cid=40, SUCCESS, logIndex=72, commits[d5132e6f-def8-45c0-b0d2-c5ba43d86628:c73]
2019-06-13 22:26:28,406 DEBUG block.SCMBlockDeletingService (SCMBlockDeletingService.java:call(138)) - Running DeletedBlockTransactionScanner
2019-06-13 22:26:28,407 DEBUG block.SCMBlockDeletingService (SCMBlockDeletingService.java:call(155)) - Scanned deleted blocks log and got 0 delTX to process.
2019-06-13 22:26:28,414 INFO  client.GrpcClientProtocolClient (GrpcClientProtocolClient.java:onNext(254)) - client-43E682E1E07B->d5132e6f-def8-45c0-b0d2-c5ba43d86628: receive RaftClientReply:client-43E682E1E07B->d5132e6f-def8-45c0-b0d2-c5ba43d86628@group-C29775A8E805, cid=41, SUCCESS, logIndex=74, commits[d5132e6f-def8-45c0-b0d2-c5ba43d86628:c74]
2019-06-13 22:26:28,437 INFO  client.GrpcClientProtocolClient (GrpcClientProtocolClient.java:onNext(254)) - client-43E682E1E07B->d5132e6f-def8-45c0-b0d2-c5ba43d86628: receive RaftClientReply:client-43E682E1E07B->d5132e6f-def8-45c0-b0d2-c5ba43d86628@group-C29775A8E805, cid=42, SUCCESS, logIndex=76, commits[d5132e6f-def8-45c0-b0d2-c5ba43d86628:c76]
2019-06-13 22:26:28,438 INFO  client.GrpcClientProtocolClient (GrpcClientProtocolClient.java:onNext(254)) - client-43E682E1E07B->d5132e6f-def8-45c0-b0d2-c5ba43d86628: receive RaftClientReply:client-43E682E1E07B->d5132e6f-def8-45c0-b0d2-c5ba43d86628@group-C29775A8E805, cid=43, SUCCESS, logIndex=78, commits[d5132e6f-def8-45c0-b0d2-c5ba43d86628:c78]
2019-06-13 22:26:28,452 INFO  client.GrpcClientProtocolClient (GrpcClientProtocolClient.java:onNext(254)) - client-43E682E1E07B->d5132e6f-def8-45c0-b0d2-c5ba43d86628: receive RaftClientReply:client-43E682E1E07B->d5132e6f-def8-45c0-b0d2-c5ba43d86628@group-C29775A8E805, cid=44, SUCCESS, logIndex=80, commits[d5132e6f-def8-45c0-b0d2-c5ba43d86628:c81]
2019-06-13 22:26:28,507 DEBUG block.SCMBlockDeletingService (SCMBlockDeletingService.java:call(138)) - Running DeletedBlockTransactionScanner
2019-06-13 22:26:28,507 DEBUG block.SCMBlockDeletingService (SCMBlockDeletingService.java:call(155)) - Scanned deleted blocks log and got 0 delTX to process.
2019-06-13 22:26:28,563 INFO  storage.RaftLogWorker (RaftLogWorker.java:rollLogSegment(303)) - d5132e6f-def8-45c0-b0d2-c5ba43d86628-RaftLogWorker: Rolling segment log-0_81 to index:81
2019-06-13 22:26:28,567 INFO  storage.RaftLogWorker (RaftLogWorker.java:execute(433)) - d5132e6f-def8-45c0-b0d2-c5ba43d86628-RaftLogWorker: Rolled log segment from /opt/src/hadoop-ozone/integration-test/target/test-dir/MiniOzoneClusterImpl-e9ea07bb-4900-4b53-96c1-68f0ab556a80/datanode-0/data/ratis/c7035dd3-cd4a-42fb-880d-c29775a8e805/current/log_inprogress_0 to /opt/src/hadoop-ozone/integration-test/target/test-dir/MiniOzoneClusterImpl-e9ea07bb-4900-4b53-96c1-68f0ab556a80/datanode-0/data/ratis/c7035dd3-cd4a-42fb-880d-c29775a8e805/current/log_0-81
2019-06-13 22:26:28,608 DEBUG block.SCMBlockDeletingService (SCMBlockDeletingService.java:call(138)) - Running DeletedBlockTransactionScanner
2019-06-13 22:26:28,608 DEBUG block.SCMBlockDeletingService (SCMBlockDeletingService.java:call(155)) - Scanned deleted blocks log and got 0 delTX to process.
2019-06-13 22:26:28,622 INFO  storage.RaftLogWorker (RaftLogWorker.java:execute(469)) - d5132e6f-def8-45c0-b0d2-c5ba43d86628-RaftLogWorker: created new log segment /opt/src/hadoop-ozone/integration-test/target/test-dir/MiniOzoneClusterImpl-e9ea07bb-4900-4b53-96c1-68f0ab556a80/datanode-0/data/ratis/c7035dd3-cd4a-42fb-880d-c29775a8e805/current/log_inprogress_82
2019-06-13 22:26:28,627 INFO  client.GrpcClientProtocolClient (GrpcClientProtocolClient.java:onNext(254)) - client-43E682E1E07B->d5132e6f-def8-45c0-b0d2-c5ba43d86628: receive RaftClientReply:client-43E682E1E07B->d5132e6f-def8-45c0-b0d2-c5ba43d86628@group-C29775A8E805, cid=45, SUCCESS, logIndex=82, commits[d5132e6f-def8-45c0-b0d2-c5ba43d86628:c82]
2019-06-13 22:26:28,635 INFO  client.GrpcClientProtocolClient (GrpcClientProtocolClient.java:onNext(254)) - client-43E682E1E07B->d5132e6f-def8-45c0-b0d2-c5ba43d86628: receive RaftClientReply:client-43E682E1E07B->d5132e6f-def8-45c0-b0d2-c5ba43d86628@group-C29775A8E805, cid=46, SUCCESS, logIndex=84, commits[d5132e6f-def8-45c0-b0d2-c5ba43d86628:c84]
2019-06-13 22:26:28,636 INFO  client.GrpcClientProtocolClient (GrpcClientProtocolClient.java:onNext(254)) - client-43E682E1E07B->d5132e6f-def8-45c0-b0d2-c5ba43d86628: receive RaftClientReply:client-43E682E1E07B->d5132e6f-def8-45c0-b0d2-c5ba43d86628@group-C29775A8E805, cid=47, SUCCESS, logIndex=85, commits[d5132e6f-def8-45c0-b0d2-c5ba43d86628:c85]
2019-06-13 22:26:28,660 INFO  client.GrpcClientProtocolClient (GrpcClientProtocolClient.java:onNext(254)) - client-43E682E1E07B->d5132e6f-def8-45c0-b0d2-c5ba43d86628: receive RaftClientReply:client-43E682E1E07B->d5132e6f-def8-45c0-b0d2-c5ba43d86628@group-C29775A8E805, cid=48, SUCCESS, logIndex=87, commits[d5132e6f-def8-45c0-b0d2-c5ba43d86628:c88]
2019-06-13 22:26:28,699 INFO  client.GrpcClientProtocolClient (GrpcClientProtocolClient.java:onNext(254)) - client-43E682E1E07B->d5132e6f-def8-45c0-b0d2-c5ba43d86628: receive RaftClientReply:client-43E682E1E07B->d5132e6f-def8-45c0-b0d2-c5ba43d86628@group-C29775A8E805, cid=49, SUCCESS, logIndex=89, commits[d5132e6f-def8-45c0-b0d2-c5ba43d86628:c89]
2019-06-13 22:26:28,707 INFO  client.GrpcClientProtocolClient (GrpcClientProtocolClient.java:onNext(254)) - client-43E682E1E07B->d5132e6f-def8-45c0-b0d2-c5ba43d86628: receive RaftClientReply:client-43E682E1E07B->d5132e6f-def8-45c0-b0d2-c5ba43d86628@group-C29775A8E805, cid=50, SUCCESS, logIndex=91, commits[d5132e6f-def8-45c0-b0d2-c5ba43d86628:c91]
2019-06-13 22:26:28,709 DEBUG block.SCMBlockDeletingService (SCMBlockDeletingService.java:call(138)) - Running DeletedBlockTransactionScanner
2019-06-13 22:26:28,709 DEBUG block.SCMBlockDeletingService (SCMBlockDeletingService.java:call(155)) - Scanned deleted blocks log and got 0 delTX to process.
2019-06-13 22:26:28,715 INFO  client.GrpcClientProtocolClient (GrpcClientProtocolClient.java:onNext(254)) - client-43E682E1E07B->d5132e6f-def8-45c0-b0d2-c5ba43d86628: receive RaftClientReply:client-43E682E1E07B->d5132e6f-def8-45c0-b0d2-c5ba43d86628@group-C29775A8E805, cid=51, SUCCESS, logIndex=93, commits[d5132e6f-def8-45c0-b0d2-c5ba43d86628:c93]
2019-06-13 22:26:28,725 INFO  client.GrpcClientProtocolClient (GrpcClientProtocolClient.java:onNext(254)) - client-43E682E1E07B->d5132e6f-def8-45c0-b0d2-c5ba43d86628: receive RaftClientReply:client-43E682E1E07B->d5132e6f-def8-45c0-b0d2-c5ba43d86628@group-C29775A8E805, cid=52, SUCCESS, logIndex=95, commits[d5132e6f-def8-45c0-b0d2-c5ba43d86628:c95]
2019-06-13 22:26:28,756 INFO  client.GrpcClientProtocolClient (GrpcClientProtocolClient.java:onNext(254)) - client-43E682E1E07B->d5132e6f-def8-45c0-b0d2-c5ba43d86628: receive RaftClientReply:client-43E682E1E07B->d5132e6f-def8-45c0-b0d2-c5ba43d86628@group-C29775A8E805, cid=53, SUCCESS, logIndex=97, commits[d5132e6f-def8-45c0-b0d2-c5ba43d86628:c97]
2019-06-13 22:26:28,769 INFO  client.GrpcClientProtocolClient (GrpcClientProtocolClient.java:onNext(254)) - client-43E682E1E07B->d5132e6f-def8-45c0-b0d2-c5ba43d86628: receive RaftClientReply:client-43E682E1E07B->d5132e6f-def8-45c0-b0d2-c5ba43d86628@group-C29775A8E805, cid=54, SUCCESS, logIndex=99, commits[d5132e6f-def8-45c0-b0d2-c5ba43d86628:c101]
2019-06-13 22:26:28,773 INFO  client.GrpcClientProtocolClient (GrpcClientProtocolClient.java:onNext(254)) - client-43E682E1E07B->d5132e6f-def8-45c0-b0d2-c5ba43d86628: receive RaftClientReply:client-43E682E1E07B->d5132e6f-def8-45c0-b0d2-c5ba43d86628@group-C29775A8E805, cid=55, SUCCESS, logIndex=100, commits[d5132e6f-def8-45c0-b0d2-c5ba43d86628:c102]
2019-06-13 22:26:28,774 INFO  client.GrpcClientProtocolClient (GrpcClientProtocolClient.java:onNext(254)) - client-43E682E1E07B->d5132e6f-def8-45c0-b0d2-c5ba43d86628: receive RaftClientReply:client-43E682E1E07B->d5132e6f-def8-45c0-b0d2-c5ba43d86628@group-C29775A8E805, cid=56, SUCCESS, logIndex=101, commits[d5132e6f-def8-45c0-b0d2-c5ba43d86628:c102]
2019-06-13 22:26:28,796 INFO  client.GrpcClientProtocolClient (GrpcClientProtocolClient.java:onNext(254)) - client-43E682E1E07B->d5132e6f-def8-45c0-b0d2-c5ba43d86628: receive RaftClientReply:client-43E682E1E07B->d5132e6f-def8-45c0-b0d2-c5ba43d86628@group-C29775A8E805, cid=57, SUCCESS, logIndex=103, commits[d5132e6f-def8-45c0-b0d2-c5ba43d86628:c103]
2019-06-13 22:26:28,806 INFO  client.GrpcClientProtocolClient (GrpcClientProtocolClient.java:onNext(254)) - client-43E682E1E07B->d5132e6f-def8-45c0-b0d2-c5ba43d86628: receive RaftClientReply:client-43E682E1E07B->d5132e6f-def8-45c0-b0d2-c5ba43d86628@group-C29775A8E805, cid=58, SUCCESS, logIndex=105, commits[d5132e6f-def8-45c0-b0d2-c5ba43d86628:c106]
2019-06-13 22:26:28,809 DEBUG block.SCMBlockDeletingService (SCMBlockDeletingService.java:call(138)) - Running DeletedBlockTransactionScanner
2019-06-13 22:26:28,810 DEBUG block.SCMBlockDeletingService (SCMBlockDeletingService.java:call(155)) - Scanned deleted blocks log and got 0 delTX to process.
2019-06-13 22:26:28,819 INFO  client.GrpcClientProtocolClient (GrpcClientProtocolClient.java:onNext(254)) - client-43E682E1E07B->d5132e6f-def8-45c0-b0d2-c5ba43d86628: receive RaftClientReply:client-43E682E1E07B->d5132e6f-def8-45c0-b0d2-c5ba43d86628@group-C29775A8E805, cid=59, SUCCESS, logIndex=107, commits[d5132e6f-def8-45c0-b0d2-c5ba43d86628:c107]
2019-06-13 22:26:28,827 INFO  client.GrpcClientProtocolClient (GrpcClientProtocolClient.java:onNext(254)) - client-43E682E1E07B->d5132e6f-def8-45c0-b0d2-c5ba43d86628: receive RaftClientReply:client-43E682E1E07B->d5132e6f-def8-45c0-b0d2-c5ba43d86628@group-C29775A8E805, cid=60, SUCCESS, logIndex=109, commits[d5132e6f-def8-45c0-b0d2-c5ba43d86628:c109]
2019-06-13 22:26:28,854 INFO  client.GrpcClientProtocolClient (GrpcClientProtocolClient.java:onNext(254)) - client-43E682E1E07B->d5132e6f-def8-45c0-b0d2-c5ba43d86628: receive RaftClientReply:client-43E682E1E07B->d5132e6f-def8-45c0-b0d2-c5ba43d86628@group-C29775A8E805, cid=61, SUCCESS, logIndex=111, commits[d5132e6f-def8-45c0-b0d2-c5ba43d86628:c111]
2019-06-13 22:26:28,867 INFO  client.GrpcClientProtocolClient (GrpcClientProtocolClient.java:onNext(254)) - client-43E682E1E07B->d5132e6f-def8-45c0-b0d2-c5ba43d86628: receive RaftClientReply:client-43E682E1E07B->d5132e6f-def8-45c0-b0d2-c5ba43d86628@group-C29775A8E805, cid=62, SUCCESS, logIndex=113, commits[d5132e6f-def8-45c0-b0d2-c5ba43d86628:c113]
2019-06-13 22:26:28,872 INFO  client.GrpcClientProtocolClient (GrpcClientProtocolClient.java:onNext(254)) - client-43E682E1E07B->d5132e6f-def8-45c0-b0d2-c5ba43d86628: receive RaftClientReply:client-43E682E1E07B->d5132e6f-def8-45c0-b0d2-c5ba43d86628@group-C29775A8E805, cid=63, SUCCESS, logIndex=115, commits[d5132e6f-def8-45c0-b0d2-c5ba43d86628:c115]
2019-06-13 22:26:28,874 INFO  client.GrpcClientProtocolClient (GrpcClientProtocolClient.java:onNext(254)) - client-43E682E1E07B->d5132e6f-def8-45c0-b0d2-c5ba43d86628: receive RaftClientReply:client-43E682E1E07B->d5132e6f-def8-45c0-b0d2-c5ba43d86628@group-C29775A8E805, cid=64, SUCCESS, logIndex=117, commits[d5132e6f-def8-45c0-b0d2-c5ba43d86628:c118]
2019-06-13 22:26:28,969 DEBUG block.SCMBlockDeletingService (SCMBlockDeletingService.java:call(138)) - Running DeletedBlockTransactionScanner
2019-06-13 22:26:28,970 DEBUG block.SCMBlockDeletingService (SCMBlockDeletingService.java:call(155)) - Scanned deleted blocks log and got 0 delTX to process.
2019-06-13 22:26:28,981 INFO  client.GrpcClientProtocolClient (GrpcClientProtocolClient.java:onNext(254)) - client-43E682E1E07B->d5132e6f-def8-45c0-b0d2-c5ba43d86628: receive RaftClientReply:client-43E682E1E07B->d5132e6f-def8-45c0-b0d2-c5ba43d86628@group-C29775A8E805, cid=65, SUCCESS, logIndex=119, commits[d5132e6f-def8-45c0-b0d2-c5ba43d86628:c119]
2019-06-13 22:26:28,989 INFO  client.GrpcClientProtocolClient (GrpcClientProtocolClient.java:onNext(254)) - client-43E682E1E07B->d5132e6f-def8-45c0-b0d2-c5ba43d86628: receive RaftClientReply:client-43E682E1E07B->d5132e6f-def8-45c0-b0d2-c5ba43d86628@group-C29775A8E805, cid=66, SUCCESS, logIndex=121, commits[d5132e6f-def8-45c0-b0d2-c5ba43d86628:c121]
2019-06-13 22:26:28,993 INFO  client.GrpcClientProtocolClient (GrpcClientProtocolClient.java:onNext(254)) - client-43E682E1E07B->d5132e6f-def8-45c0-b0d2-c5ba43d86628: receive RaftClientReply:client-43E682E1E07B->d5132e6f-def8-45c0-b0d2-c5ba43d86628@group-C29775A8E805, cid=67, SUCCESS, logIndex=122, commits[d5132e6f-def8-45c0-b0d2-c5ba43d86628:c124]
2019-06-13 22:26:28,995 INFO  client.GrpcClientProtocolClient (GrpcClientProtocolClient.java:onNext(254)) - client-43E682E1E07B->d5132e6f-def8-45c0-b0d2-c5ba43d86628: receive RaftClientReply:client-43E682E1E07B->d5132e6f-def8-45c0-b0d2-c5ba43d86628@group-C29775A8E805, cid=68, SUCCESS, logIndex=123, commits[d5132e6f-def8-45c0-b0d2-c5ba43d86628:c124]
2019-06-13 22:26:29,020 INFO  client.GrpcClientProtocolClient (GrpcClientProtocolClient.java:onNext(254)) - client-43E682E1E07B->d5132e6f-def8-45c0-b0d2-c5ba43d86628: receive RaftClientReply:client-43E682E1E07B->d5132e6f-def8-45c0-b0d2-c5ba43d86628@group-C29775A8E805, cid=69, SUCCESS, logIndex=125, commits[d5132e6f-def8-45c0-b0d2-c5ba43d86628:c125]
2019-06-13 22:26:29,029 INFO  client.GrpcClientProtocolClient (GrpcClientProtocolClient.java:onNext(254)) - client-43E682E1E07B->d5132e6f-def8-45c0-b0d2-c5ba43d86628: receive RaftClientReply:client-43E682E1E07B->d5132e6f-def8-45c0-b0d2-c5ba43d86628@group-C29775A8E805, cid=70, SUCCESS, logIndex=127, commits[d5132e6f-def8-45c0-b0d2-c5ba43d86628:c127]
2019-06-13 22:26:29,035 INFO  client.GrpcClientProtocolClient (GrpcClientProtocolClient.java:onNext(254)) - client-43E682E1E07B->d5132e6f-def8-45c0-b0d2-c5ba43d86628: receive RaftClientReply:client-43E682E1E07B->d5132e6f-def8-45c0-b0d2-c5ba43d86628@group-C29775A8E805, cid=71, SUCCESS, logIndex=129, commits[d5132e6f-def8-45c0-b0d2-c5ba43d86628:c129]
2019-06-13 22:26:29,039 INFO  client.GrpcClientProtocolClient (GrpcClientProtocolClient.java:onNext(254)) - client-43E682E1E07B->d5132e6f-def8-45c0-b0d2-c5ba43d86628: receive RaftClientReply:client-43E682E1E07B->d5132e6f-def8-45c0-b0d2-c5ba43d86628@group-C29775A8E805, cid=72, SUCCESS, logIndex=131, commits[d5132e6f-def8-45c0-b0d2-c5ba43d86628:c132]
2019-06-13 22:26:29,070 DEBUG block.SCMBlockDeletingService (SCMBlockDeletingService.java:call(138)) - Running DeletedBlockTransactionScanner
2019-06-13 22:26:29,070 DEBUG block.SCMBlockDeletingService (SCMBlockDeletingService.java:call(155)) - Scanned deleted blocks log and got 0 delTX to process.
2019-06-13 22:26:29,071 INFO  client.GrpcClientProtocolClient (GrpcClientProtocolClient.java:onNext(254)) - client-43E682E1E07B->d5132e6f-def8-45c0-b0d2-c5ba43d86628: receive RaftClientReply:client-43E682E1E07B->d5132e6f-def8-45c0-b0d2-c5ba43d86628@group-C29775A8E805, cid=73, SUCCESS, logIndex=133, commits[d5132e6f-def8-45c0-b0d2-c5ba43d86628:c133]
2019-06-13 22:26:29,082 INFO  client.GrpcClientProtocolClient (GrpcClientProtocolClient.java:onNext(254)) - client-43E682E1E07B->d5132e6f-def8-45c0-b0d2-c5ba43d86628: receive RaftClientReply:client-43E682E1E07B->d5132e6f-def8-45c0-b0d2-c5ba43d86628@group-C29775A8E805, cid=74, SUCCESS, logIndex=135, commits[d5132e6f-def8-45c0-b0d2-c5ba43d86628:c135]
2019-06-13 22:26:29,085 INFO  client.GrpcClientProtocolClient (GrpcClientProtocolClient.java:onNext(254)) - client-43E682E1E07B->d5132e6f-def8-45c0-b0d2-c5ba43d86628: receive RaftClientReply:client-43E682E1E07B->d5132e6f-def8-45c0-b0d2-c5ba43d86628@group-C29775A8E805, cid=75, SUCCESS, logIndex=137, commits[d5132e6f-def8-45c0-b0d2-c5ba43d86628:c138]
2019-06-13 22:26:29,086 INFO  client.GrpcClientProtocolClient (GrpcClientProtocolClient.java:onNext(254)) - client-43E682E1E07B->d5132e6f-def8-45c0-b0d2-c5ba43d86628: receive RaftClientReply:client-43E682E1E07B->d5132e6f-def8-45c0-b0d2-c5ba43d86628@group-C29775A8E805, cid=76, SUCCESS, logIndex=138, commits[d5132e6f-def8-45c0-b0d2-c5ba43d86628:c139]
2019-06-13 22:26:29,103 INFO  client.GrpcClientProtocolClient (GrpcClientProtocolClient.java:onNext(254)) - client-43E682E1E07B->d5132e6f-def8-45c0-b0d2-c5ba43d86628: receive RaftClientReply:client-43E682E1E07B->d5132e6f-def8-45c0-b0d2-c5ba43d86628@group-C29775A8E805, cid=77, SUCCESS, logIndex=140, commits[d5132e6f-def8-45c0-b0d2-c5ba43d86628:c140]
2019-06-13 22:26:29,109 INFO  client.GrpcClientProtocolClient (GrpcClientProtocolClient.java:onNext(254)) - client-43E682E1E07B->d5132e6f-def8-45c0-b0d2-c5ba43d86628: receive RaftClientReply:client-43E682E1E07B->d5132e6f-def8-45c0-b0d2-c5ba43d86628@group-C29775A8E805, cid=78, SUCCESS, logIndex=142, commits[d5132e6f-def8-45c0-b0d2-c5ba43d86628:c142]
2019-06-13 22:26:29,111 INFO  client.GrpcClientProtocolClient (GrpcClientProtocolClient.java:onNext(254)) - client-43E682E1E07B->d5132e6f-def8-45c0-b0d2-c5ba43d86628: receive RaftClientReply:client-43E682E1E07B->d5132e6f-def8-45c0-b0d2-c5ba43d86628@group-C29775A8E805, cid=79, SUCCESS, logIndex=143, commits[d5132e6f-def8-45c0-b0d2-c5ba43d86628:c145]
2019-06-13 22:26:29,112 INFO  client.GrpcClientProtocolClient (GrpcClientProtocolClient.java:onNext(254)) - client-43E682E1E07B->d5132e6f-def8-45c0-b0d2-c5ba43d86628: receive RaftClientReply:client-43E682E1E07B->d5132e6f-def8-45c0-b0d2-c5ba43d86628@group-C29775A8E805, cid=80, SUCCESS, logIndex=144, commits[d5132e6f-def8-45c0-b0d2-c5ba43d86628:c145]
2019-06-13 22:26:29,143 INFO  client.GrpcClientProtocolClient (GrpcClientProtocolClient.java:onNext(254)) - client-43E682E1E07B->d5132e6f-def8-45c0-b0d2-c5ba43d86628: receive RaftClientReply:client-43E682E1E07B->d5132e6f-def8-45c0-b0d2-c5ba43d86628@group-C29775A8E805, cid=81, SUCCESS, logIndex=146, commits[d5132e6f-def8-45c0-b0d2-c5ba43d86628:c147]
2019-06-13 22:26:29,151 INFO  client.GrpcClientProtocolClient (GrpcClientProtocolClient.java:onNext(254)) - client-43E682E1E07B->d5132e6f-def8-45c0-b0d2-c5ba43d86628: receive RaftClientReply:client-43E682E1E07B->d5132e6f-def8-45c0-b0d2-c5ba43d86628@group-C29775A8E805, cid=82, SUCCESS, logIndex=148, commits[d5132e6f-def8-45c0-b0d2-c5ba43d86628:c148]
2019-06-13 22:26:29,163 INFO  client.GrpcClientProtocolClient (GrpcClientProtocolClient.java:onNext(254)) - client-43E682E1E07B->d5132e6f-def8-45c0-b0d2-c5ba43d86628: receive RaftClientReply:client-43E682E1E07B->d5132e6f-def8-45c0-b0d2-c5ba43d86628@group-C29775A8E805, cid=83, SUCCESS, logIndex=149, commits[d5132e6f-def8-45c0-b0d2-c5ba43d86628:c150]
2019-06-13 22:26:29,164 INFO  client.GrpcClientProtocolClient (GrpcClientProtocolClient.java:onNext(254)) - client-43E682E1E07B->d5132e6f-def8-45c0-b0d2-c5ba43d86628: receive RaftClientReply:client-43E682E1E07B->d5132e6f-def8-45c0-b0d2-c5ba43d86628@group-C29775A8E805, cid=84, SUCCESS, logIndex=151, commits[d5132e6f-def8-45c0-b0d2-c5ba43d86628:c152]
2019-06-13 22:26:29,173 DEBUG block.SCMBlockDeletingService (SCMBlockDeletingService.java:call(138)) - Running DeletedBlockTransactionScanner
2019-06-13 22:26:29,174 DEBUG block.SCMBlockDeletingService (SCMBlockDeletingService.java:call(155)) - Scanned deleted blocks log and got 0 delTX to process.
2019-06-13 22:26:29,199 INFO  client.GrpcClientProtocolClient (GrpcClientProtocolClient.java:onNext(254)) - client-43E682E1E07B->d5132e6f-def8-45c0-b0d2-c5ba43d86628: receive RaftClientReply:client-43E682E1E07B->d5132e6f-def8-45c0-b0d2-c5ba43d86628@group-C29775A8E805, cid=85, SUCCESS, logIndex=153, commits[d5132e6f-def8-45c0-b0d2-c5ba43d86628:c153]
2019-06-13 22:26:29,203 INFO  storage.RaftLogWorker (RaftLogWorker.java:rollLogSegment(303)) - d5132e6f-def8-45c0-b0d2-c5ba43d86628-RaftLogWorker: Rolling segment log-82_157 to index:157
2019-06-13 22:26:29,206 INFO  storage.RaftLogWorker (RaftLogWorker.java:execute(433)) - d5132e6f-def8-45c0-b0d2-c5ba43d86628-RaftLogWorker: Rolled log segment from /opt/src/hadoop-ozone/integration-test/target/test-dir/MiniOzoneClusterImpl-e9ea07bb-4900-4b53-96c1-68f0ab556a80/datanode-0/data/ratis/c7035dd3-cd4a-42fb-880d-c29775a8e805/current/log_inprogress_82 to /opt/src/hadoop-ozone/integration-test/target/test-dir/MiniOzoneClusterImpl-e9ea07bb-4900-4b53-96c1-68f0ab556a80/datanode-0/data/ratis/c7035dd3-cd4a-42fb-880d-c29775a8e805/current/log_82-157
2019-06-13 22:26:29,207 INFO  client.GrpcClientProtocolClient (GrpcClientProtocolClient.java:onNext(254)) - client-43E682E1E07B->d5132e6f-def8-45c0-b0d2-c5ba43d86628: receive RaftClientReply:client-43E682E1E07B->d5132e6f-def8-45c0-b0d2-c5ba43d86628@group-C29775A8E805, cid=86, SUCCESS, logIndex=155, commits[d5132e6f-def8-45c0-b0d2-c5ba43d86628:c155]
2019-06-13 22:26:29,210 INFO  client.GrpcClientProtocolClient (GrpcClientProtocolClient.java:onNext(254)) - client-43E682E1E07B->d5132e6f-def8-45c0-b0d2-c5ba43d86628: receive RaftClientReply:client-43E682E1E07B->d5132e6f-def8-45c0-b0d2-c5ba43d86628@group-C29775A8E805, cid=87, SUCCESS, logIndex=156, commits[d5132e6f-def8-45c0-b0d2-c5ba43d86628:c157]
2019-06-13 22:26:29,242 INFO  storage.RaftLogWorker (RaftLogWorker.java:execute(469)) - d5132e6f-def8-45c0-b0d2-c5ba43d86628-RaftLogWorker: created new log segment /opt/src/hadoop-ozone/integration-test/target/test-dir/MiniOzoneClusterImpl-e9ea07bb-4900-4b53-96c1-68f0ab556a80/datanode-0/data/ratis/c7035dd3-cd4a-42fb-880d-c29775a8e805/current/log_inprogress_158
2019-06-13 22:26:29,246 INFO  client.GrpcClientProtocolClient (GrpcClientProtocolClient.java:onNext(254)) - client-43E682E1E07B->d5132e6f-def8-45c0-b0d2-c5ba43d86628: receive RaftClientReply:client-43E682E1E07B->d5132e6f-def8-45c0-b0d2-c5ba43d86628@group-C29775A8E805, cid=88, SUCCESS, logIndex=158, commits[d5132e6f-def8-45c0-b0d2-c5ba43d86628:c158]
2019-06-13 22:26:29,274 DEBUG block.SCMBlockDeletingService (SCMBlockDeletingService.java:call(138)) - Running DeletedBlockTransactionScanner
2019-06-13 22:26:29,274 DEBUG block.SCMBlockDeletingService (SCMBlockDeletingService.java:call(155)) - Scanned deleted blocks log and got 0 delTX to process.
2019-06-13 22:26:29,338 INFO  client.GrpcClientProtocolClient (GrpcClientProtocolClient.java:onNext(254)) - client-43E682E1E07B->d5132e6f-def8-45c0-b0d2-c5ba43d86628: receive RaftClientReply:client-43E682E1E07B->d5132e6f-def8-45c0-b0d2-c5ba43d86628@group-C29775A8E805, cid=89, SUCCESS, logIndex=160, commits[d5132e6f-def8-45c0-b0d2-c5ba43d86628:c160]
2019-06-13 22:26:29,344 INFO  client.GrpcClientProtocolClient (GrpcClientProtocolClient.java:onNext(254)) - client-43E682E1E07B->d5132e6f-def8-45c0-b0d2-c5ba43d86628: receive RaftClientReply:client-43E682E1E07B->d5132e6f-def8-45c0-b0d2-c5ba43d86628@group-C29775A8E805, cid=90, SUCCESS, logIndex=162, commits[d5132e6f-def8-45c0-b0d2-c5ba43d86628:c162]
2019-06-13 22:26:29,346 INFO  client.GrpcClientProtocolClient (GrpcClientProtocolClient.java:onNext(254)) - client-43E682E1E07B->d5132e6f-def8-45c0-b0d2-c5ba43d86628: receive RaftClientReply:client-43E682E1E07B->d5132e6f-def8-45c0-b0d2-c5ba43d86628@group-C29775A8E805, cid=91, SUCCESS, logIndex=163, commits[d5132e6f-def8-45c0-b0d2-c5ba43d86628:c165]
2019-06-13 22:26:29,350 INFO  client.GrpcClientProtocolClient (GrpcClientProtocolClient.java:onNext(254)) - client-43E682E1E07B->d5132e6f-def8-45c0-b0d2-c5ba43d86628: receive RaftClientReply:client-43E682E1E07B->d5132e6f-def8-45c0-b0d2-c5ba43d86628@group-C29775A8E805, cid=92, SUCCESS, logIndex=164, commits[d5132e6f-def8-45c0-b0d2-c5ba43d86628:c165]
2019-06-13 22:26:29,360 INFO  client.GrpcClientProtocolClient (GrpcClientProtocolClient.java:onNext(254)) - client-43E682E1E07B->d5132e6f-def8-45c0-b0d2-c5ba43d86628: receive RaftClientReply:client-43E682E1E07B->d5132e6f-def8-45c0-b0d2-c5ba43d86628@group-C29775A8E805, cid=93, SUCCESS, logIndex=166, commits[d5132e6f-def8-45c0-b0d2-c5ba43d86628:c166]
2019-06-13 22:26:29,363 INFO  client.GrpcClientProtocolClient (GrpcClientProtocolClient.java:onNext(254)) - client-43E682E1E07B->d5132e6f-def8-45c0-b0d2-c5ba43d86628: receive RaftClientReply:client-43E682E1E07B->d5132e6f-def8-45c0-b0d2-c5ba43d86628@group-C29775A8E805, cid=94, SUCCESS, logIndex=168, commits[d5132e6f-def8-45c0-b0d2-c5ba43d86628:c168]
2019-06-13 22:26:29,371 INFO  client.GrpcClientProtocolClient (GrpcClientProtocolClient.java:onNext(254)) - client-43E682E1E07B->d5132e6f-def8-45c0-b0d2-c5ba43d86628: receive RaftClientReply:client-43E682E1E07B->d5132e6f-def8-45c0-b0d2-c5ba43d86628@group-C29775A8E805, cid=95, SUCCESS, logIndex=170, commits[d5132e6f-def8-45c0-b0d2-c5ba43d86628:c170]
2019-06-13 22:26:29,374 DEBUG block.SCMBlockDeletingService (SCMBlockDeletingService.java:call(138)) - Running DeletedBlockTransactionScanner
2019-06-13 22:26:29,375 DEBUG block.SCMBlockDeletingService (SCMBlockDeletingService.java:call(155)) - Scanned deleted blocks log and got 0 delTX to process.
2019-06-13 22:26:29,375 INFO  client.GrpcClientProtocolClient (GrpcClientProtocolClient.java:onNext(254)) - client-43E682E1E07B->d5132e6f-def8-45c0-b0d2-c5ba43d86628: receive RaftClientReply:client-43E682E1E07B->d5132e6f-def8-45c0-b0d2-c5ba43d86628@group-C29775A8E805, cid=96, SUCCESS, logIndex=171, commits[d5132e6f-def8-45c0-b0d2-c5ba43d86628:c171]
2019-06-13 22:26:29,395 INFO  client.GrpcClientProtocolClient (GrpcClientProtocolClient.java:onNext(254)) - client-43E682E1E07B->d5132e6f-def8-45c0-b0d2-c5ba43d86628: receive RaftClientReply:client-43E682E1E07B->d5132e6f-def8-45c0-b0d2-c5ba43d86628@group-C29775A8E805, cid=97, SUCCESS, logIndex=174, commits[d5132e6f-def8-45c0-b0d2-c5ba43d86628:c174]
2019-06-13 22:26:29,409 INFO  client.GrpcClientProtocolClient (GrpcClientProtocolClient.java:onNext(254)) - client-43E682E1E07B->d5132e6f-def8-45c0-b0d2-c5ba43d86628: receive RaftClientReply:client-43E682E1E07B->d5132e6f-def8-45c0-b0d2-c5ba43d86628@group-C29775A8E805, cid=98, SUCCESS, logIndex=176, commits[d5132e6f-def8-45c0-b0d2-c5ba43d86628:c178]
2019-06-13 22:26:29,414 INFO  client.GrpcClientProtocolClient (GrpcClientProtocolClient.java:onNext(254)) - client-43E682E1E07B->d5132e6f-def8-45c0-b0d2-c5ba43d86628: receive RaftClientReply:client-43E682E1E07B->d5132e6f-def8-45c0-b0d2-c5ba43d86628@group-C29775A8E805, cid=99, SUCCESS, logIndex=177, commits[d5132e6f-def8-45c0-b0d2-c5ba43d86628:c178]
2019-06-13 22:26:29,414 INFO  client.GrpcClientProtocolClient (GrpcClientProtocolClient.java:onNext(254)) - client-43E682E1E07B->d5132e6f-def8-45c0-b0d2-c5ba43d86628: receive RaftClientReply:client-43E682E1E07B->d5132e6f-def8-45c0-b0d2-c5ba43d86628@group-C29775A8E805, cid=100, SUCCESS, logIndex=178, commits[d5132e6f-def8-45c0-b0d2-c5ba43d86628:c178]
2019-06-13 22:26:29,441 INFO  client.GrpcClientProtocolClient (GrpcClientProtocolClient.java:onNext(254)) - client-43E682E1E07B->d5132e6f-def8-45c0-b0d2-c5ba43d86628: receive RaftClientReply:client-43E682E1E07B->d5132e6f-def8-45c0-b0d2-c5ba43d86628@group-C29775A8E805, cid=101, SUCCESS, logIndex=180, commits[d5132e6f-def8-45c0-b0d2-c5ba43d86628:c180]
2019-06-13 22:26:29,451 INFO  client.GrpcClientProtocolClient (GrpcClientProtocolClient.java:onNext(254)) - client-43E682E1E07B->d5132e6f-def8-45c0-b0d2-c5ba43d86628: receive RaftClientReply:client-43E682E1E07B->d5132e6f-def8-45c0-b0d2-c5ba43d86628@group-C29775A8E805, cid=102, SUCCESS, logIndex=182, commits[d5132e6f-def8-45c0-b0d2-c5ba43d86628:c182]
2019-06-13 22:26:29,452 INFO  client.GrpcClientProtocolClient (GrpcClientProtocolClient.java:onNext(254)) - client-43E682E1E07B->d5132e6f-def8-45c0-b0d2-c5ba43d86628: receive RaftClientReply:client-43E682E1E07B->d5132e6f-def8-45c0-b0d2-c5ba43d86628@group-C29775A8E805, cid=103, SUCCESS, logIndex=183, commits[d5132e6f-def8-45c0-b0d2-c5ba43d86628:c184]
2019-06-13 22:26:29,454 INFO  client.GrpcClientProtocolClient (GrpcClientProtocolClient.java:onNext(254)) - client-43E682E1E07B->d5132e6f-def8-45c0-b0d2-c5ba43d86628: receive RaftClientReply:client-43E682E1E07B->d5132e6f-def8-45c0-b0d2-c5ba43d86628@group-C29775A8E805, cid=104, SUCCESS, logIndex=185, commits[d5132e6f-def8-45c0-b0d2-c5ba43d86628:c185]
2019-06-13 22:26:29,544 DEBUG block.SCMBlockDeletingService (SCMBlockDeletingService.java:call(138)) - Running DeletedBlockTransactionScanner
2019-06-13 22:26:29,544 DEBUG block.SCMBlockDeletingService (SCMBlockDeletingService.java:call(155)) - Scanned deleted blocks log and got 0 delTX to process.
2019-06-13 22:26:29,545 INFO  client.GrpcClientProtocolClient (GrpcClientProtocolClient.java:onNext(254)) - client-43E682E1E07B->d5132e6f-def8-45c0-b0d2-c5ba43d86628: receive RaftClientReply:client-43E682E1E07B->d5132e6f-def8-45c0-b0d2-c5ba43d86628@group-C29775A8E805, cid=105, SUCCESS, logIndex=187, commits[d5132e6f-def8-45c0-b0d2-c5ba43d86628:c187]
2019-06-13 22:26:29,571 INFO  client.GrpcClientProtocolClient (GrpcClientProtocolClient.java:onNext(254)) - client-43E682E1E07B->d5132e6f-def8-45c0-b0d2-c5ba43d86628: receive RaftClientReply:client-43E682E1E07B->d5132e6f-def8-45c0-b0d2-c5ba43d86628@group-C29775A8E805, cid=106, SUCCESS, logIndex=189, commits[d5132e6f-def8-45c0-b0d2-c5ba43d86628:c189]
2019-06-13 22:26:29,591 INFO  client.GrpcClientProtocolClient (GrpcClientProtocolClient.java:onNext(254)) - client-43E682E1E07B->d5132e6f-def8-45c0-b0d2-c5ba43d86628: receive RaftClientReply:client-43E682E1E07B->d5132e6f-def8-45c0-b0d2-c5ba43d86628@group-C29775A8E805, cid=107, SUCCESS, logIndex=191, commits[d5132e6f-def8-45c0-b0d2-c5ba43d86628:c192]
2019-06-13 22:26:29,594 INFO  client.GrpcClientProtocolClient (GrpcClientProtocolClient.java:onNext(254)) - client-43E682E1E07B->d5132e6f-def8-45c0-b0d2-c5ba43d86628: receive RaftClientReply:client-43E682E1E07B->d5132e6f-def8-45c0-b0d2-c5ba43d86628@group-C29775A8E805, cid=108, SUCCESS, logIndex=192, commits[d5132e6f-def8-45c0-b0d2-c5ba43d86628:c192]
2019-06-13 22:26:29,614 INFO  client.GrpcClientProtocolClient (GrpcClientProtocolClient.java:onNext(254)) - client-43E682E1E07B->d5132e6f-def8-45c0-b0d2-c5ba43d86628: receive RaftClientReply:client-43E682E1E07B->d5132e6f-def8-45c0-b0d2-c5ba43d86628@group-C29775A8E805, cid=109, SUCCESS, logIndex=194, commits[d5132e6f-def8-45c0-b0d2-c5ba43d86628:c194]
2019-06-13 22:26:29,621 INFO  client.GrpcClientProtocolClient (GrpcClientProtocolClient.java:onNext(254)) - client-43E682E1E07B->d5132e6f-def8-45c0-b0d2-c5ba43d86628: receive RaftClientReply:client-43E682E1E07B->d5132e6f-def8-45c0-b0d2-c5ba43d86628@group-C29775A8E805, cid=110, SUCCESS, logIndex=196, commits[d5132e6f-def8-45c0-b0d2-c5ba43d86628:c196]
2019-06-13 22:26:29,623 INFO  client.GrpcClientProtocolClient (GrpcClientProtocolClient.java:onNext(254)) - client-43E682E1E07B->d5132e6f-def8-45c0-b0d2-c5ba43d86628: receive RaftClientReply:client-43E682E1E07B->d5132e6f-def8-45c0-b0d2-c5ba43d86628@group-C29775A8E805, cid=111, SUCCESS, logIndex=198, commits[d5132e6f-def8-45c0-b0d2-c5ba43d86628:c199]
2019-06-13 22:26:29,624 INFO  client.GrpcClientProtocolClient (GrpcClientProtocolClient.java:onNext(254)) - client-43E682E1E07B->d5132e6f-def8-45c0-b0d2-c5ba43d86628: receive RaftClientReply:client-43E682E1E07B->d5132e6f-def8-45c0-b0d2-c5ba43d86628@group-C29775A8E805, cid=112, SUCCESS, logIndex=199, commits[d5132e6f-def8-45c0-b0d2-c5ba43d86628:c200]
2019-06-13 22:26:29,641 INFO  client.GrpcClientProtocolClient (GrpcClientProtocolClient.java:onNext(254)) - client-43E682E1E07B->d5132e6f-def8-45c0-b0d2-c5ba43d86628: receive RaftClientReply:client-43E682E1E07B->d5132e6f-def8-45c0-b0d2-c5ba43d86628@group-C29775A8E805, cid=113, SUCCESS, logIndex=201, commits[d5132e6f-def8-45c0-b0d2-c5ba43d86628:c201]
2019-06-13 22:26:29,645 INFO  client.GrpcClientProtocolClient (GrpcClientProtocolClient.java:onNext(254)) - client-43E682E1E07B->d5132e6f-def8-45c0-b0d2-c5ba43d86628: receive RaftClientReply:client-43E682E1E07B->d5132e6f-def8-45c0-b0d2-c5ba43d86628@group-C29775A8E805, cid=114, SUCCESS, logIndex=203, commits[d5132e6f-def8-45c0-b0d2-c5ba43d86628:c203]
2019-06-13 22:26:29,645 DEBUG block.SCMBlockDeletingService (SCMBlockDeletingService.java:call(138)) - Running DeletedBlockTransactionScanner
2019-06-13 22:26:29,646 DEBUG block.SCMBlockDeletingService (SCMBlockDeletingService.java:call(155)) - Scanned deleted blocks log and got 0 delTX to process.
2019-06-13 22:26:29,649 INFO  client.GrpcClientProtocolClient (GrpcClientProtocolClient.java:onNext(254)) - client-43E682E1E07B->d5132e6f-def8-45c0-b0d2-c5ba43d86628: receive RaftClientReply:client-43E682E1E07B->d5132e6f-def8-45c0-b0d2-c5ba43d86628@group-C29775A8E805, cid=115, SUCCESS, logIndex=205, commits[d5132e6f-def8-45c0-b0d2-c5ba43d86628:c206]
2019-06-13 22:26:29,650 INFO  client.GrpcClientProtocolClient (GrpcClientProtocolClient.java:onNext(254)) - client-43E682E1E07B->d5132e6f-def8-45c0-b0d2-c5ba43d86628: receive RaftClientReply:client-43E682E1E07B->d5132e6f-def8-45c0-b0d2-c5ba43d86628@group-C29775A8E805, cid=116, SUCCESS, logIndex=206, commits[d5132e6f-def8-45c0-b0d2-c5ba43d86628:c206]
2019-06-13 22:26:29,663 INFO  client.GrpcClientProtocolClient (GrpcClientProtocolClient.java:onNext(254)) - client-43E682E1E07B->d5132e6f-def8-45c0-b0d2-c5ba43d86628: receive RaftClientReply:client-43E682E1E07B->d5132e6f-def8-45c0-b0d2-c5ba43d86628@group-C29775A8E805, cid=117, SUCCESS, logIndex=208, commits[d5132e6f-def8-45c0-b0d2-c5ba43d86628:c208]
2019-06-13 22:26:29,670 INFO  client.GrpcClientProtocolClient (GrpcClientProtocolClient.java:onNext(254)) - client-43E682E1E07B->d5132e6f-def8-45c0-b0d2-c5ba43d86628: receive RaftClientReply:client-43E682E1E07B->d5132e6f-def8-45c0-b0d2-c5ba43d86628@group-C29775A8E805, cid=118, SUCCESS, logIndex=210, commits[d5132e6f-def8-45c0-b0d2-c5ba43d86628:c210]
2019-06-13 22:26:29,680 INFO  client.GrpcClientProtocolClient (GrpcClientProtocolClient.java:onNext(254)) - client-43E682E1E07B->d5132e6f-def8-45c0-b0d2-c5ba43d86628: receive RaftClientReply:client-43E682E1E07B->d5132e6f-def8-45c0-b0d2-c5ba43d86628@group-C29775A8E805, cid=119, SUCCESS, logIndex=212, commits[d5132e6f-def8-45c0-b0d2-c5ba43d86628:c213]
2019-06-13 22:26:29,683 INFO  client.GrpcClientProtocolClient (GrpcClientProtocolClient.java:onNext(254)) - client-43E682E1E07B->d5132e6f-def8-45c0-b0d2-c5ba43d86628: receive RaftClientReply:client-43E682E1E07B->d5132e6f-def8-45c0-b0d2-c5ba43d86628@group-C29775A8E805, cid=120, SUCCESS, logIndex=213, commits[d5132e6f-def8-45c0-b0d2-c5ba43d86628:c214]
2019-06-13 22:26:29,700 INFO  client.GrpcClientProtocolClient (GrpcClientProtocolClient.java:onNext(254)) - client-43E682E1E07B->d5132e6f-def8-45c0-b0d2-c5ba43d86628: receive RaftClientReply:client-43E682E1E07B->d5132e6f-def8-45c0-b0d2-c5ba43d86628@group-C29775A8E805, cid=121, SUCCESS, logIndex=215, commits[d5132e6f-def8-45c0-b0d2-c5ba43d86628:c215]
2019-06-13 22:26:29,712 INFO  client.GrpcClientProtocolClient (GrpcClientProtocolClient.java:onNext(254)) - client-43E682E1E07B->d5132e6f-def8-45c0-b0d2-c5ba43d86628: receive RaftClientReply:client-43E682E1E07B->d5132e6f-def8-45c0-b0d2-c5ba43d86628@group-C29775A8E805, cid=122, SUCCESS, logIndex=217, commits[d5132e6f-def8-45c0-b0d2-c5ba43d86628:c217]
2019-06-13 22:26:29,746 DEBUG block.SCMBlockDeletingService (SCMBlockDeletingService.java:call(138)) - Running DeletedBlockTransactionScanner
2019-06-13 22:26:29,746 DEBUG block.SCMBlockDeletingService (SCMBlockDeletingService.java:call(155)) - Scanned deleted blocks log and got 0 delTX to process.
2019-06-13 22:26:29,763 INFO  client.GrpcClientProtocolClient (GrpcClientProtocolClient.java:onNext(254)) - client-43E682E1E07B->d5132e6f-def8-45c0-b0d2-c5ba43d86628: receive RaftClientReply:client-43E682E1E07B->d5132e6f-def8-45c0-b0d2-c5ba43d86628@group-C29775A8E805, cid=123, SUCCESS, logIndex=219, commits[d5132e6f-def8-45c0-b0d2-c5ba43d86628:c219]
2019-06-13 22:26:29,765 INFO  client.GrpcClientProtocolClient (GrpcClientProtocolClient.java:onNext(254)) - client-43E682E1E07B->d5132e6f-def8-45c0-b0d2-c5ba43d86628: receive RaftClientReply:client-43E682E1E07B->d5132e6f-def8-45c0-b0d2-c5ba43d86628@group-C29775A8E805, cid=124, SUCCESS, logIndex=221, commits[d5132e6f-def8-45c0-b0d2-c5ba43d86628:c221]
2019-06-13 22:26:29,784 INFO  client.GrpcClientProtocolClient (GrpcClientProtocolClient.java:onNext(254)) - client-43E682E1E07B->d5132e6f-def8-45c0-b0d2-c5ba43d86628: receive RaftClientReply:client-43E682E1E07B->d5132e6f-def8-45c0-b0d2-c5ba43d86628@group-C29775A8E805, cid=125, SUCCESS, logIndex=223, commits[d5132e6f-def8-45c0-b0d2-c5ba43d86628:c223]
2019-06-13 22:26:29,794 INFO  client.GrpcClientProtocolClient (GrpcClientProtocolClient.java:onNext(254)) - client-43E682E1E07B->d5132e6f-def8-45c0-b0d2-c5ba43d86628: receive RaftClientReply:client-43E682E1E07B->d5132e6f-def8-45c0-b0d2-c5ba43d86628@group-C29775A8E805, cid=126, SUCCESS, logIndex=225, commits[d5132e6f-def8-45c0-b0d2-c5ba43d86628:c225]
2019-06-13 22:26:29,795 INFO  client.GrpcClientProtocolClient (GrpcClientProtocolClient.java:onNext(254)) - client-43E682E1E07B->d5132e6f-def8-45c0-b0d2-c5ba43d86628: receive RaftClientReply:client-43E682E1E07B->d5132e6f-def8-45c0-b0d2-c5ba43d86628@group-C29775A8E805, cid=127, SUCCESS, logIndex=227, commits[d5132e6f-def8-45c0-b0d2-c5ba43d86628:c227]
2019-06-13 22:26:29,797 INFO  client.GrpcClientProtocolClient (GrpcClientProtocolClient.java:onNext(254)) - client-43E682E1E07B->d5132e6f-def8-45c0-b0d2-c5ba43d86628: receive RaftClientReply:client-43E682E1E07B->d5132e6f-def8-45c0-b0d2-c5ba43d86628@group-C29775A8E805, cid=128, SUCCESS, logIndex=229, commits[d5132e6f-def8-45c0-b0d2-c5ba43d86628:c229]
2019-06-13 22:26:29,821 INFO  client.GrpcClientProtocolClient (GrpcClientProtocolClient.java:onNext(254)) - client-43E682E1E07B->d5132e6f-def8-45c0-b0d2-c5ba43d86628: receive RaftClientReply:client-43E682E1E07B->d5132e6f-def8-45c0-b0d2-c5ba43d86628@group-C29775A8E805, cid=129, SUCCESS, logIndex=231, commits[d5132e6f-def8-45c0-b0d2-c5ba43d86628:c231]
2019-06-13 22:26:29,830 INFO  storage.RaftLogWorker (RaftLogWorker.java:rollLogSegment(303)) - d5132e6f-def8-45c0-b0d2-c5ba43d86628-RaftLogWorker: Rolling segment log-158_234 to index:234
2019-06-13 22:26:29,830 INFO  storage.RaftLogWorker (RaftLogWorker.java:execute(433)) - d5132e6f-def8-45c0-b0d2-c5ba43d86628-RaftLogWorker: Rolled log segment from /opt/src/hadoop-ozone/integration-test/target/test-dir/MiniOzoneClusterImpl-e9ea07bb-4900-4b53-96c1-68f0ab556a80/datanode-0/data/ratis/c7035dd3-cd4a-42fb-880d-c29775a8e805/current/log_inprogress_158 to /opt/src/hadoop-ozone/integration-test/target/test-dir/MiniOzoneClusterImpl-e9ea07bb-4900-4b53-96c1-68f0ab556a80/datanode-0/data/ratis/c7035dd3-cd4a-42fb-880d-c29775a8e805/current/log_158-234
2019-06-13 22:26:29,835 INFO  client.GrpcClientProtocolClient (GrpcClientProtocolClient.java:onNext(254)) - client-43E682E1E07B->d5132e6f-def8-45c0-b0d2-c5ba43d86628: receive RaftClientReply:client-43E682E1E07B->d5132e6f-def8-45c0-b0d2-c5ba43d86628@group-C29775A8E805, cid=130, SUCCESS, logIndex=233, commits[d5132e6f-def8-45c0-b0d2-c5ba43d86628:c233]
2019-06-13 22:26:29,847 DEBUG block.SCMBlockDeletingService (SCMBlockDeletingService.java:call(138)) - Running DeletedBlockTransactionScanner
2019-06-13 22:26:29,855 DEBUG block.SCMBlockDeletingService (SCMBlockDeletingService.java:call(155)) - Scanned deleted blocks log and got 0 delTX to process.
2019-06-13 22:26:29,879 INFO  storage.RaftLogWorker (RaftLogWorker.java:execute(469)) - d5132e6f-def8-45c0-b0d2-c5ba43d86628-RaftLogWorker: created new log segment /opt/src/hadoop-ozone/integration-test/target/test-dir/MiniOzoneClusterImpl-e9ea07bb-4900-4b53-96c1-68f0ab556a80/datanode-0/data/ratis/c7035dd3-cd4a-42fb-880d-c29775a8e805/current/log_inprogress_235
2019-06-13 22:26:29,884 INFO  client.GrpcClientProtocolClient (GrpcClientProtocolClient.java:onNext(254)) - client-43E682E1E07B->d5132e6f-def8-45c0-b0d2-c5ba43d86628: receive RaftClientReply:client-43E682E1E07B->d5132e6f-def8-45c0-b0d2-c5ba43d86628@group-C29775A8E805, cid=131, SUCCESS, logIndex=235, commits[d5132e6f-def8-45c0-b0d2-c5ba43d86628:c236]
2019-06-13 22:26:29,888 INFO  client.GrpcClientProtocolClient (GrpcClientProtocolClient.java:onNext(254)) - client-43E682E1E07B->d5132e6f-def8-45c0-b0d2-c5ba43d86628: receive RaftClientReply:client-43E682E1E07B->d5132e6f-def8-45c0-b0d2-c5ba43d86628@group-C29775A8E805, cid=132, SUCCESS, logIndex=236, commits[d5132e6f-def8-45c0-b0d2-c5ba43d86628:c236]
2019-06-13 22:26:29,957 DEBUG block.SCMBlockDeletingService (SCMBlockDeletingService.java:call(138)) - Running DeletedBlockTransactionScanner
2019-06-13 22:26:29,957 DEBUG block.SCMBlockDeletingService (SCMBlockDeletingService.java:call(155)) - Scanned deleted blocks log and got 0 delTX to process.
2019-06-13 22:26:30,016 INFO  client.GrpcClientProtocolClient (GrpcClientProtocolClient.java:onNext(254)) - client-43E682E1E07B->d5132e6f-def8-45c0-b0d2-c5ba43d86628: receive RaftClientReply:client-43E682E1E07B->d5132e6f-def8-45c0-b0d2-c5ba43d86628@group-C29775A8E805, cid=133, SUCCESS, logIndex=238, commits[d5132e6f-def8-45c0-b0d2-c5ba43d86628:c238]
2019-06-13 22:26:30,023 INFO  client.GrpcClientProtocolClient (GrpcClientProtocolClient.java:onNext(254)) - client-43E682E1E07B->d5132e6f-def8-45c0-b0d2-c5ba43d86628: receive RaftClientReply:client-43E682E1E07B->d5132e6f-def8-45c0-b0d2-c5ba43d86628@group-C29775A8E805, cid=134, SUCCESS, logIndex=240, commits[d5132e6f-def8-45c0-b0d2-c5ba43d86628:c240]
2019-06-13 22:26:30,023 INFO  client.GrpcClientProtocolClient (GrpcClientProtocolClient.java:onNext(254)) - client-43E682E1E07B->d5132e6f-def8-45c0-b0d2-c5ba43d86628: receive RaftClientReply:client-43E682E1E07B->d5132e6f-def8-45c0-b0d2-c5ba43d86628@group-C29775A8E805, cid=135, SUCCESS, logIndex=241, commits[d5132e6f-def8-45c0-b0d2-c5ba43d86628:c243]
2019-06-13 22:26:30,026 INFO  client.GrpcClientProtocolClient (GrpcClientProtocolClient.java:onNext(254)) - client-43E682E1E07B->d5132e6f-def8-45c0-b0d2-c5ba43d86628: receive RaftClientReply:client-43E682E1E07B->d5132e6f-def8-45c0-b0d2-c5ba43d86628@group-C29775A8E805, cid=136, SUCCESS, logIndex=242, commits[d5132e6f-def8-45c0-b0d2-c5ba43d86628:c243]
2019-06-13 22:26:30,047 INFO  client.GrpcClientProtocolClient (GrpcClientProtocolClient.java:onNext(254)) - client-43E682E1E07B->d5132e6f-def8-45c0-b0d2-c5ba43d86628: receive RaftClientReply:client-43E682E1E07B->d5132e6f-def8-45c0-b0d2-c5ba43d86628@group-C29775A8E805, cid=137, SUCCESS, logIndex=244, commits[d5132e6f-def8-45c0-b0d2-c5ba43d86628:c244]
2019-06-13 22:26:30,058 DEBUG block.SCMBlockDeletingService (SCMBlockDeletingService.java:call(138)) - Running DeletedBlockTransactionScanner
2019-06-13 22:26:30,058 DEBUG block.SCMBlockDeletingService (SCMBlockDeletingService.java:call(155)) - Scanned deleted blocks log and got 0 delTX to process.
2019-06-13 22:26:30,060 INFO  client.GrpcClientProtocolClient (GrpcClientProtocolClient.java:onNext(254)) - client-43E682E1E07B->d5132e6f-def8-45c0-b0d2-c5ba43d86628: receive RaftClientReply:client-43E682E1E07B->d5132e6f-def8-45c0-b0d2-c5ba43d86628@group-C29775A8E805, cid=138, SUCCESS, logIndex=246, commits[d5132e6f-def8-45c0-b0d2-c5ba43d86628:c246]
2019-06-13 22:26:30,062 INFO  client.GrpcClientProtocolClient (GrpcClientProtocolClient.java:onNext(254)) - client-43E682E1E07B->d5132e6f-def8-45c0-b0d2-c5ba43d86628: receive RaftClientReply:client-43E682E1E07B->d5132e6f-def8-45c0-b0d2-c5ba43d86628@group-C29775A8E805, cid=139, SUCCESS, logIndex=248, commits[d5132e6f-def8-45c0-b0d2-c5ba43d86628:c248]
2019-06-13 22:26:30,063 INFO  client.GrpcClientProtocolClient (GrpcClientProtocolClient.java:onNext(254)) - client-43E682E1E07B->d5132e6f-def8-45c0-b0d2-c5ba43d86628: receive RaftClientReply:client-43E682E1E07B->d5132e6f-def8-45c0-b0d2-c5ba43d86628@group-C29775A8E805, cid=140, SUCCESS, logIndex=249, commits[d5132e6f-def8-45c0-b0d2-c5ba43d86628:c250]
2019-06-13 22:26:30,076 INFO  client.GrpcClientProtocolClient (GrpcClientProtocolClient.java:onNext(254)) - client-43E682E1E07B->d5132e6f-def8-45c0-b0d2-c5ba43d86628: receive RaftClientReply:client-43E682E1E07B->d5132e6f-def8-45c0-b0d2-c5ba43d86628@group-C29775A8E805, cid=141, SUCCESS, logIndex=251, commits[d5132e6f-def8-45c0-b0d2-c5ba43d86628:c251]
2019-06-13 22:26:30,081 INFO  client.GrpcClientProtocolClient (GrpcClientProtocolClient.java:onNext(254)) - client-43E682E1E07B->d5132e6f-def8-45c0-b0d2-c5ba43d86628: receive RaftClientReply:client-43E682E1E07B->d5132e6f-def8-45c0-b0d2-c5ba43d86628@group-C29775A8E805, cid=142, SUCCESS, logIndex=253, commits[d5132e6f-def8-45c0-b0d2-c5ba43d86628:c254]
2019-06-13 22:26:30,082 INFO  client.GrpcClientProtocolClient (GrpcClientProtocolClient.java:onNext(254)) - client-43E682E1E07B->d5132e6f-def8-45c0-b0d2-c5ba43d86628: receive RaftClientReply:client-43E682E1E07B->d5132e6f-def8-45c0-b0d2-c5ba43d86628@group-C29775A8E805, cid=143, SUCCESS, logIndex=254, commits[d5132e6f-def8-45c0-b0d2-c5ba43d86628:c254]
2019-06-13 22:26:30,085 INFO  client.GrpcClientProtocolClient (GrpcClientProtocolClient.java:onNext(254)) - client-43E682E1E07B->d5132e6f-def8-45c0-b0d2-c5ba43d86628: receive RaftClientReply:client-43E682E1E07B->d5132e6f-def8-45c0-b0d2-c5ba43d86628@group-C29775A8E805, cid=144, SUCCESS, logIndex=257, commits[d5132e6f-def8-45c0-b0d2-c5ba43d86628:c257]
2019-06-13 22:26:30,158 DEBUG block.SCMBlockDeletingService (SCMBlockDeletingService.java:call(138)) - Running DeletedBlockTransactionScanner
2019-06-13 22:26:30,158 DEBUG block.SCMBlockDeletingService (SCMBlockDeletingService.java:call(155)) - Scanned deleted blocks log and got 0 delTX to process.
2019-06-13 22:26:30,165 INFO  client.GrpcClientProtocolClient (GrpcClientProtocolClient.java:onNext(254)) - client-43E682E1E07B->d5132e6f-def8-45c0-b0d2-c5ba43d86628: receive RaftClientReply:client-43E682E1E07B->d5132e6f-def8-45c0-b0d2-c5ba43d86628@group-C29775A8E805, cid=145, SUCCESS, logIndex=259, commits[d5132e6f-def8-45c0-b0d2-c5ba43d86628:c259]
2019-06-13 22:26:30,178 INFO  client.GrpcClientProtocolClient (GrpcClientProtocolClient.java:onNext(254)) - client-43E682E1E07B->d5132e6f-def8-45c0-b0d2-c5ba43d86628: receive RaftClientReply:client-43E682E1E07B->d5132e6f-def8-45c0-b0d2-c5ba43d86628@group-C29775A8E805, cid=146, SUCCESS, logIndex=261, commits[d5132e6f-def8-45c0-b0d2-c5ba43d86628:c263]
2019-06-13 22:26:30,179 INFO  client.GrpcClientProtocolClient (GrpcClientProtocolClient.java:onNext(254)) - client-43E682E1E07B->d5132e6f-def8-45c0-b0d2-c5ba43d86628: receive RaftClientReply:client-43E682E1E07B->d5132e6f-def8-45c0-b0d2-c5ba43d86628@group-C29775A8E805, cid=147, SUCCESS, logIndex=262, commits[d5132e6f-def8-45c0-b0d2-c5ba43d86628:c263]
2019-06-13 22:26:30,180 INFO  client.GrpcClientProtocolClient (GrpcClientProtocolClient.java:onNext(254)) - client-43E682E1E07B->d5132e6f-def8-45c0-b0d2-c5ba43d86628: receive RaftClientReply:client-43E682E1E07B->d5132e6f-def8-45c0-b0d2-c5ba43d86628@group-C29775A8E805, cid=148, SUCCESS, logIndex=263, commits[d5132e6f-def8-45c0-b0d2-c5ba43d86628:c263]
2019-06-13 22:26:30,197 INFO  client.GrpcClientProtocolClient (GrpcClientProtocolClient.java:onNext(254)) - client-43E682E1E07B->d5132e6f-def8-45c0-b0d2-c5ba43d86628: receive RaftClientReply:client-43E682E1E07B->d5132e6f-def8-45c0-b0d2-c5ba43d86628@group-C29775A8E805, cid=149, SUCCESS, logIndex=265, commits[d5132e6f-def8-45c0-b0d2-c5ba43d86628:c265]
2019-06-13 22:26:30,213 INFO  client.GrpcClientProtocolClient (GrpcClientProtocolClient.java:onNext(254)) - client-43E682E1E07B->d5132e6f-def8-45c0-b0d2-c5ba43d86628: receive RaftClientReply:client-43E682E1E07B->d5132e6f-def8-45c0-b0d2-c5ba43d86628@group-C29775A8E805, cid=150, SUCCESS, logIndex=267, commits[d5132e6f-def8-45c0-b0d2-c5ba43d86628:c269]
2019-06-13 22:26:30,214 INFO  client.GrpcClientProtocolClient (GrpcClientProtocolClient.java:onNext(254)) - client-43E682E1E07B->d5132e6f-def8-45c0-b0d2-c5ba43d86628: receive RaftClientReply:client-43E682E1E07B->d5132e6f-def8-45c0-b0d2-c5ba43d86628@group-C29775A8E805, cid=151, SUCCESS, logIndex=268, commits[d5132e6f-def8-45c0-b0d2-c5ba43d86628:c269]
2019-06-13 22:26:30,214 INFO  client.GrpcClientProtocolClient (GrpcClientProtocolClient.java:onNext(254)) - client-43E682E1E07B->d5132e6f-def8-45c0-b0d2-c5ba43d86628: receive RaftClientReply:client-43E682E1E07B->d5132e6f-def8-45c0-b0d2-c5ba43d86628@group-C29775A8E805, cid=152, SUCCESS, logIndex=269, commits[d5132e6f-def8-45c0-b0d2-c5ba43d86628:c270]
2019-06-13 22:26:30,247 INFO  client.GrpcClientProtocolClient (GrpcClientProtocolClient.java:onNext(254)) - client-43E682E1E07B->d5132e6f-def8-45c0-b0d2-c5ba43d86628: receive RaftClientReply:client-43E682E1E07B->d5132e6f-def8-45c0-b0d2-c5ba43d86628@group-C29775A8E805, cid=153, SUCCESS, logIndex=271, commits[d5132e6f-def8-45c0-b0d2-c5ba43d86628:c271]
2019-06-13 22:26:30,258 INFO  client.GrpcClientProtocolClient (GrpcClientProtocolClient.java:onNext(254)) - client-43E682E1E07B->d5132e6f-def8-45c0-b0d2-c5ba43d86628: receive RaftClientReply:client-43E682E1E07B->d5132e6f-def8-45c0-b0d2-c5ba43d86628@group-C29775A8E805, cid=154, SUCCESS, logIndex=273, commits[d5132e6f-def8-45c0-b0d2-c5ba43d86628:c275]
2019-06-13 22:26:30,259 DEBUG block.SCMBlockDeletingService (SCMBlockDeletingService.java:call(138)) - Running DeletedBlockTransactionScanner
2019-06-13 22:26:30,259 DEBUG block.SCMBlockDeletingService (SCMBlockDeletingService.java:call(155)) - Scanned deleted blocks log and got 0 delTX to process.
2019-06-13 22:26:30,266 INFO  client.GrpcClientProtocolClient (GrpcClientProtocolClient.java:onNext(254)) - client-43E682E1E07B->d5132e6f-def8-45c0-b0d2-c5ba43d86628: receive RaftClientReply:client-43E682E1E07B->d5132e6f-def8-45c0-b0d2-c5ba43d86628@group-C29775A8E805, cid=155, SUCCESS, logIndex=274, commits[d5132e6f-def8-45c0-b0d2-c5ba43d86628:c275]
2019-06-13 22:26:30,266 INFO  client.GrpcClientProtocolClient (GrpcClientProtocolClient.java:onNext(254)) - client-43E682E1E07B->d5132e6f-def8-45c0-b0d2-c5ba43d86628: receive RaftClientReply:client-43E682E1E07B->d5132e6f-def8-45c0-b0d2-c5ba43d86628@group-C29775A8E805, cid=156, SUCCESS, logIndex=275, commits[d5132e6f-def8-45c0-b0d2-c5ba43d86628:c275]
2019-06-13 22:26:30,287 INFO  client.GrpcClientProtocolClient (GrpcClientProtocolClient.java:onNext(254)) - client-43E682E1E07B->d5132e6f-def8-45c0-b0d2-c5ba43d86628: receive RaftClientReply:client-43E682E1E07B->d5132e6f-def8-45c0-b0d2-c5ba43d86628@group-C29775A8E805, cid=157, SUCCESS, logIndex=277, commits[d5132e6f-def8-45c0-b0d2-c5ba43d86628:c277]
2019-06-13 22:26:30,318 INFO  client.GrpcClientProtocolClient (GrpcClientProtocolClient.java:onNext(254)) - client-43E682E1E07B->d5132e6f-def8-45c0-b0d2-c5ba43d86628: receive RaftClientReply:client-43E682E1E07B->d5132e6f-def8-45c0-b0d2-c5ba43d86628@group-C29775A8E805, cid=158, SUCCESS, logIndex=279, commits[d5132e6f-def8-45c0-b0d2-c5ba43d86628:c281]
2019-06-13 22:26:30,319 INFO  client.GrpcClientProtocolClient (GrpcClientProtocolClient.java:onNext(254)) - client-43E682E1E07B->d5132e6f-def8-45c0-b0d2-c5ba43d86628: receive RaftClientReply:client-43E682E1E07B->d5132e6f-def8-45c0-b0d2-c5ba43d86628@group-C29775A8E805, cid=159, SUCCESS, logIndex=280, commits[d5132e6f-def8-45c0-b0d2-c5ba43d86628:c281]
2019-06-13 22:26:30,319 INFO  client.GrpcClientProtocolClient (GrpcClientProtocolClient.java:onNext(254)) - client-43E682E1E07B->d5132e6f-def8-45c0-b0d2-c5ba43d86628: receive RaftClientReply:client-43E682E1E07B->d5132e6f-def8-45c0-b0d2-c5ba43d86628@group-C29775A8E805, cid=160, SUCCESS, logIndex=281, commits[d5132e6f-def8-45c0-b0d2-c5ba43d86628:c281]
2019-06-13 22:26:30,349 INFO  client.GrpcClientProtocolClient (GrpcClientProtocolClient.java:onNext(254)) - client-43E682E1E07B->d5132e6f-def8-45c0-b0d2-c5ba43d86628: receive RaftClientReply:client-43E682E1E07B->d5132e6f-def8-45c0-b0d2-c5ba43d86628@group-C29775A8E805, cid=161, SUCCESS, logIndex=283, commits[d5132e6f-def8-45c0-b0d2-c5ba43d86628:c283]
2019-06-13 22:26:30,359 DEBUG block.SCMBlockDeletingService (SCMBlockDeletingService.java:call(138)) - Running DeletedBlockTransactionScanner
2019-06-13 22:26:30,360 DEBUG block.SCMBlockDeletingService (SCMBlockDeletingService.java:call(155)) - Scanned deleted blocks log and got 0 delTX to process.
2019-06-13 22:26:30,370 INFO  client.GrpcClientProtocolClient (GrpcClientProtocolClient.java:onNext(254)) - client-43E682E1E07B->d5132e6f-def8-45c0-b0d2-c5ba43d86628: receive RaftClientReply:client-43E682E1E07B->d5132e6f-def8-45c0-b0d2-c5ba43d86628@group-C29775A8E805, cid=162, SUCCESS, logIndex=285, commits[d5132e6f-def8-45c0-b0d2-c5ba43d86628:c287]
2019-06-13 22:26:30,371 INFO  client.GrpcClientProtocolClient (GrpcClientProtocolClient.java:onNext(254)) - client-43E682E1E07B->d5132e6f-def8-45c0-b0d2-c5ba43d86628: receive RaftClientReply:client-43E682E1E07B->d5132e6f-def8-45c0-b0d2-c5ba43d86628@group-C29775A8E805, cid=163, SUCCESS, logIndex=286, commits[d5132e6f-def8-45c0-b0d2-c5ba43d86628:c287]
2019-06-13 22:26:30,372 INFO  client.GrpcClientProtocolClient (GrpcClientProtocolClient.java:onNext(254)) - client-43E682E1E07B->d5132e6f-def8-45c0-b0d2-c5ba43d86628: receive RaftClientReply:client-43E682E1E07B->d5132e6f-def8-45c0-b0d2-c5ba43d86628@group-C29775A8E805, cid=164, SUCCESS, logIndex=287, commits[d5132e6f-def8-45c0-b0d2-c5ba43d86628:c287]
2019-06-13 22:26:30,389 INFO  client.GrpcClientProtocolClient (GrpcClientProtocolClient.java:onNext(254)) - client-43E682E1E07B->d5132e6f-def8-45c0-b0d2-c5ba43d86628: receive RaftClientReply:client-43E682E1E07B->d5132e6f-def8-45c0-b0d2-c5ba43d86628@group-C29775A8E805, cid=165, SUCCESS, logIndex=289, commits[d5132e6f-def8-45c0-b0d2-c5ba43d86628:c289]
2019-06-13 22:26:30,399 INFO  client.GrpcClientProtocolClient (GrpcClientProtocolClient.java:onNext(254)) - client-43E682E1E07B->d5132e6f-def8-45c0-b0d2-c5ba43d86628: receive RaftClientReply:client-43E682E1E07B->d5132e6f-def8-45c0-b0d2-c5ba43d86628@group-C29775A8E805, cid=166, SUCCESS, logIndex=291, commits[d5132e6f-def8-45c0-b0d2-c5ba43d86628:c291]
2019-06-13 22:26:30,407 INFO  client.GrpcClientProtocolClient (GrpcClientProtocolClient.java:onNext(254)) - client-43E682E1E07B->d5132e6f-def8-45c0-b0d2-c5ba43d86628: receive RaftClientReply:client-43E682E1E07B->d5132e6f-def8-45c0-b0d2-c5ba43d86628@group-C29775A8E805, cid=167, SUCCESS, logIndex=292, commits[d5132e6f-def8-45c0-b0d2-c5ba43d86628:c293]
2019-06-13 22:26:30,414 INFO  client.GrpcClientProtocolClient (GrpcClientProtocolClient.java:onNext(254)) - client-43E682E1E07B->d5132e6f-def8-45c0-b0d2-c5ba43d86628: receive RaftClientReply:client-43E682E1E07B->d5132e6f-def8-45c0-b0d2-c5ba43d86628@group-C29775A8E805, cid=168, SUCCESS, logIndex=293, commits[d5132e6f-def8-45c0-b0d2-c5ba43d86628:c293]
2019-06-13 22:26:30,432 INFO  client.GrpcClientProtocolClient (GrpcClientProtocolClient.java:onNext(254)) - client-43E682E1E07B->d5132e6f-def8-45c0-b0d2-c5ba43d86628: receive RaftClientReply:client-43E682E1E07B->d5132e6f-def8-45c0-b0d2-c5ba43d86628@group-C29775A8E805, cid=169, SUCCESS, logIndex=296, commits[d5132e6f-def8-45c0-b0d2-c5ba43d86628:c296]
2019-06-13 22:26:30,445 INFO  client.GrpcClientProtocolClient (GrpcClientProtocolClient.java:onNext(254)) - client-43E682E1E07B->d5132e6f-def8-45c0-b0d2-c5ba43d86628: receive RaftClientReply:client-43E682E1E07B->d5132e6f-def8-45c0-b0d2-c5ba43d86628@group-C29775A8E805, cid=170, SUCCESS, logIndex=298, commits[d5132e6f-def8-45c0-b0d2-c5ba43d86628:c298]
2019-06-13 22:26:30,453 INFO  client.GrpcClientProtocolClient (GrpcClientProtocolClient.java:onNext(254)) - client-43E682E1E07B->d5132e6f-def8-45c0-b0d2-c5ba43d86628: receive RaftClientReply:client-43E682E1E07B->d5132e6f-def8-45c0-b0d2-c5ba43d86628@group-C29775A8E805, cid=171, SUCCESS, logIndex=300, commits[d5132e6f-def8-45c0-b0d2-c5ba43d86628:c301]
2019-06-13 22:26:30,455 INFO  client.GrpcClientProtocolClient (GrpcClientProtocolClient.java:onNext(254)) - client-43E682E1E07B->d5132e6f-def8-45c0-b0d2-c5ba43d86628: receive RaftClientReply:client-43E682E1E07B->d5132e6f-def8-45c0-b0d2-c5ba43d86628@group-C29775A8E805, cid=172, SUCCESS, logIndex=301, commits[d5132e6f-def8-45c0-b0d2-c5ba43d86628:c301]
2019-06-13 22:26:30,460 DEBUG block.SCMBlockDeletingService (SCMBlockDeletingService.java:call(138)) - Running DeletedBlockTransactionScanner
2019-06-13 22:26:30,460 DEBUG block.SCMBlockDeletingService (SCMBlockDeletingService.java:call(155)) - Scanned deleted blocks log and got 0 delTX to process.
2019-06-13 22:26:30,470 INFO  client.GrpcClientProtocolClient (GrpcClientProtocolClient.java:onNext(254)) - client-43E682E1E07B->d5132e6f-def8-45c0-b0d2-c5ba43d86628: receive RaftClientReply:client-43E682E1E07B->d5132e6f-def8-45c0-b0d2-c5ba43d86628@group-C29775A8E805, cid=173, SUCCESS, logIndex=303, commits[d5132e6f-def8-45c0-b0d2-c5ba43d86628:c303]
2019-06-13 22:26:30,470 INFO  storage.RaftLogWorker (RaftLogWorker.java:rollLogSegment(303)) - d5132e6f-def8-45c0-b0d2-c5ba43d86628-RaftLogWorker: Rolling segment log-235_304 to index:304
2019-06-13 22:26:30,473 INFO  storage.RaftLogWorker (RaftLogWorker.java:execute(433)) - d5132e6f-def8-45c0-b0d2-c5ba43d86628-RaftLogWorker: Rolled log segment from /opt/src/hadoop-ozone/integration-test/target/test-dir/MiniOzoneClusterImpl-e9ea07bb-4900-4b53-96c1-68f0ab556a80/datanode-0/data/ratis/c7035dd3-cd4a-42fb-880d-c29775a8e805/current/log_inprogress_235 to /opt/src/hadoop-ozone/integration-test/target/test-dir/MiniOzoneClusterImpl-e9ea07bb-4900-4b53-96c1-68f0ab556a80/datanode-0/data/ratis/c7035dd3-cd4a-42fb-880d-c29775a8e805/current/log_235-304
2019-06-13 22:26:30,522 INFO  storage.RaftLogWorker (RaftLogWorker.java:execute(469)) - d5132e6f-def8-45c0-b0d2-c5ba43d86628-RaftLogWorker: created new log segment /opt/src/hadoop-ozone/integration-test/target/test-dir/MiniOzoneClusterImpl-e9ea07bb-4900-4b53-96c1-68f0ab556a80/datanode-0/data/ratis/c7035dd3-cd4a-42fb-880d-c29775a8e805/current/log_inprogress_305
2019-06-13 22:26:30,526 INFO  client.GrpcClientProtocolClient (GrpcClientProtocolClient.java:onNext(254)) - client-43E682E1E07B->d5132e6f-def8-45c0-b0d2-c5ba43d86628: receive RaftClientReply:client-43E682E1E07B->d5132e6f-def8-45c0-b0d2-c5ba43d86628@group-C29775A8E805, cid=174, SUCCESS, logIndex=305, commits[d5132e6f-def8-45c0-b0d2-c5ba43d86628:c307]
2019-06-13 22:26:30,536 INFO  client.GrpcClientProtocolClient (GrpcClientProtocolClient.java:onNext(254)) - client-43E682E1E07B->d5132e6f-def8-45c0-b0d2-c5ba43d86628: receive RaftClientReply:client-43E682E1E07B->d5132e6f-def8-45c0-b0d2-c5ba43d86628@group-C29775A8E805, cid=175, SUCCESS, logIndex=306, commits[d5132e6f-def8-45c0-b0d2-c5ba43d86628:c307]
2019-06-13 22:26:30,536 INFO  client.GrpcClientProtocolClient (GrpcClientProtocolClient.java:onNext(254)) - client-43E682E1E07B->d5132e6f-def8-45c0-b0d2-c5ba43d86628: receive RaftClientReply:client-43E682E1E07B->d5132e6f-def8-45c0-b0d2-c5ba43d86628@group-C29775A8E805, cid=176, SUCCESS, logIndex=307, commits[d5132e6f-def8-45c0-b0d2-c5ba43d86628:c307]
2019-06-13 22:26:30,561 DEBUG block.SCMBlockDeletingService (SCMBlockDeletingService.java:call(138)) - Running DeletedBlockTransactionScanner
2019-06-13 22:26:30,561 DEBUG block.SCMBlockDeletingService (SCMBlockDeletingService.java:call(155)) - Scanned deleted blocks log and got 0 delTX to process.
2019-06-13 22:26:30,628 INFO  client.GrpcClientProtocolClient (GrpcClientProtocolClient.java:onNext(254)) - client-43E682E1E07B->d5132e6f-def8-45c0-b0d2-c5ba43d86628: receive RaftClientReply:client-43E682E1E07B->d5132e6f-def8-45c0-b0d2-c5ba43d86628@group-C29775A8E805, cid=177, SUCCESS, logIndex=309, commits[d5132e6f-def8-45c0-b0d2-c5ba43d86628:c309]
2019-06-13 22:26:30,634 INFO  client.GrpcClientProtocolClient (GrpcClientProtocolClient.java:onNext(254)) - client-43E682E1E07B->d5132e6f-def8-45c0-b0d2-c5ba43d86628: receive RaftClientReply:client-43E682E1E07B->d5132e6f-def8-45c0-b0d2-c5ba43d86628@group-C29775A8E805, cid=178, SUCCESS, logIndex=311, commits[d5132e6f-def8-45c0-b0d2-c5ba43d86628:c312]
2019-06-13 22:26:30,637 INFO  client.GrpcClientProtocolClient (GrpcClientProtocolClient.java:onNext(254)) - client-43E682E1E07B->d5132e6f-def8-45c0-b0d2-c5ba43d86628: receive RaftClientReply:client-43E682E1E07B->d5132e6f-def8-45c0-b0d2-c5ba43d86628@group-C29775A8E805, cid=179, SUCCESS, logIndex=312, commits[d5132e6f-def8-45c0-b0d2-c5ba43d86628:c312]
2019-06-13 22:26:30,638 INFO  client.GrpcClientProtocolClient (GrpcClientProtocolClient.java:onNext(254)) - client-43E682E1E07B->d5132e6f-def8-45c0-b0d2-c5ba43d86628: receive RaftClientReply:client-43E682E1E07B->d5132e6f-def8-45c0-b0d2-c5ba43d86628@group-C29775A8E805, cid=180, SUCCESS, logIndex=314, commits[d5132e6f-def8-45c0-b0d2-c5ba43d86628:c314]
2019-06-13 22:26:30,654 INFO  client.GrpcClientProtocolClient (GrpcClientProtocolClient.java:onNext(254)) - client-43E682E1E07B->d5132e6f-def8-45c0-b0d2-c5ba43d86628: receive RaftClientReply:client-43E682E1E07B->d5132e6f-def8-45c0-b0d2-c5ba43d86628@group-C29775A8E805, cid=181, SUCCESS, logIndex=316, commits[d5132e6f-def8-45c0-b0d2-c5ba43d86628:c316]
2019-06-13 22:26:30,659 INFO  client.GrpcClientProtocolClient (GrpcClientProtocolClient.java:onNext(254)) - client-43E682E1E07B->d5132e6f-def8-45c0-b0d2-c5ba43d86628: receive RaftClientReply:client-43E682E1E07B->d5132e6f-def8-45c0-b0d2-c5ba43d86628@group-C29775A8E805, cid=182, SUCCESS, logIndex=318, commits[d5132e6f-def8-45c0-b0d2-c5ba43d86628:c318]
2019-06-13 22:26:30,661 INFO  client.GrpcClientProtocolClient (GrpcClientProtocolClient.java:onNext(254)) - client-43E682E1E07B->d5132e6f-def8-45c0-b0d2-c5ba43d86628: receive RaftClientReply:client-43E682E1E07B->d5132e6f-def8-45c0-b0d2-c5ba43d86628@group-C29775A8E805, cid=183, SUCCESS, logIndex=319, commits[d5132e6f-def8-45c0-b0d2-c5ba43d86628:c319]
2019-06-13 22:26:30,662 DEBUG block.SCMBlockDeletingService (SCMBlockDeletingService.java:call(138)) - Running DeletedBlockTransactionScanner
2019-06-13 22:26:30,662 DEBUG block.SCMBlockDeletingService (SCMBlockDeletingService.java:call(155)) - Scanned deleted blocks log and got 0 delTX to process.
2019-06-13 22:26:30,670 INFO  client.GrpcClientProtocolClient (GrpcClientProtocolClient.java:onNext(254)) - client-43E682E1E07B->d5132e6f-def8-45c0-b0d2-c5ba43d86628: receive RaftClientReply:client-43E682E1E07B->d5132e6f-def8-45c0-b0d2-c5ba43d86628@group-C29775A8E805, cid=184, SUCCESS, logIndex=321, commits[d5132e6f-def8-45c0-b0d2-c5ba43d86628:c321]
2019-06-13 22:26:30,938 DEBUG block.SCMBlockDeletingService (SCMBlockDeletingService.java:call(138)) - Running DeletedBlockTransactionScanner
2019-06-13 22:26:30,938 DEBUG block.SCMBlockDeletingService (SCMBlockDeletingService.java:call(155)) - Scanned deleted blocks log and got 0 delTX to process.
2019-06-13 22:26:30,942 INFO  client.GrpcClientProtocolClient (GrpcClientProtocolClient.java:onNext(254)) - client-43E682E1E07B->d5132e6f-def8-45c0-b0d2-c5ba43d86628: receive RaftClientReply:client-43E682E1E07B->d5132e6f-def8-45c0-b0d2-c5ba43d86628@group-C29775A8E805, cid=185, SUCCESS, logIndex=324, commits[d5132e6f-def8-45c0-b0d2-c5ba43d86628:c324]
2019-06-13 22:26:30,955 INFO  client.GrpcClientProtocolClient (GrpcClientProtocolClient.java:onNext(254)) - client-43E682E1E07B->d5132e6f-def8-45c0-b0d2-c5ba43d86628: receive RaftClientReply:client-43E682E1E07B->d5132e6f-def8-45c0-b0d2-c5ba43d86628@group-C29775A8E805, cid=186, SUCCESS, logIndex=326, commits[d5132e6f-def8-45c0-b0d2-c5ba43d86628:c326]
2019-06-13 22:26:30,962 INFO  client.GrpcClientProtocolClient (GrpcClientProtocolClient.java:onNext(254)) - client-43E682E1E07B->d5132e6f-def8-45c0-b0d2-c5ba43d86628: receive RaftClientReply:client-43E682E1E07B->d5132e6f-def8-45c0-b0d2-c5ba43d86628@group-C29775A8E805, cid=187, SUCCESS, logIndex=328, commits[d5132e6f-def8-45c0-b0d2-c5ba43d86628:c329]
2019-06-13 22:26:30,963 INFO  client.GrpcClientProtocolClient (GrpcClientProtocolClient.java:onNext(254)) - client-43E682E1E07B->d5132e6f-def8-45c0-b0d2-c5ba43d86628: receive RaftClientReply:client-43E682E1E07B->d5132e6f-def8-45c0-b0d2-c5ba43d86628@group-C29775A8E805, cid=188, SUCCESS, logIndex=329, commits[d5132e6f-def8-45c0-b0d2-c5ba43d86628:c330]
2019-06-13 22:26:30,980 INFO  client.GrpcClientProtocolClient (GrpcClientProtocolClient.java:onNext(254)) - client-43E682E1E07B->d5132e6f-def8-45c0-b0d2-c5ba43d86628: receive RaftClientReply:client-43E682E1E07B->d5132e6f-def8-45c0-b0d2-c5ba43d86628@group-C29775A8E805, cid=189, SUCCESS, logIndex=331, commits[d5132e6f-def8-45c0-b0d2-c5ba43d86628:c331]
2019-06-13 22:26:30,987 INFO  client.GrpcClientProtocolClient (GrpcClientProtocolClient.java:onNext(254)) - client-43E682E1E07B->d5132e6f-def8-45c0-b0d2-c5ba43d86628: receive RaftClientReply:client-43E682E1E07B->d5132e6f-def8-45c0-b0d2-c5ba43d86628@group-C29775A8E805, cid=190, SUCCESS, logIndex=333, commits[d5132e6f-def8-45c0-b0d2-c5ba43d86628:c333]
2019-06-13 22:26:30,991 INFO  client.GrpcClientProtocolClient (GrpcClientProtocolClient.java:onNext(254)) - client-43E682E1E07B->d5132e6f-def8-45c0-b0d2-c5ba43d86628: receive RaftClientReply:client-43E682E1E07B->d5132e6f-def8-45c0-b0d2-c5ba43d86628@group-C29775A8E805, cid=191, SUCCESS, logIndex=335, commits[d5132e6f-def8-45c0-b0d2-c5ba43d86628:c335]
2019-06-13 22:26:30,994 INFO  client.GrpcClientProtocolClient (GrpcClientProtocolClient.java:onNext(254)) - client-43E682E1E07B->d5132e6f-def8-45c0-b0d2-c5ba43d86628: receive RaftClientReply:client-43E682E1E07B->d5132e6f-def8-45c0-b0d2-c5ba43d86628@group-C29775A8E805, cid=192, SUCCESS, logIndex=337, commits[d5132e6f-def8-45c0-b0d2-c5ba43d86628:c338]
2019-06-13 22:26:31,013 INFO  client.GrpcClientProtocolClient (GrpcClientProtocolClient.java:onNext(254)) - client-43E682E1E07B->d5132e6f-def8-45c0-b0d2-c5ba43d86628: receive RaftClientReply:client-43E682E1E07B->d5132e6f-def8-45c0-b0d2-c5ba43d86628@group-C29775A8E805, cid=193, SUCCESS, logIndex=339, commits[d5132e6f-def8-45c0-b0d2-c5ba43d86628:c339]
2019-06-13 22:26:31,016 INFO  client.GrpcClientProtocolClient (GrpcClientProtocolClient.java:onNext(254)) - client-43E682E1E07B->d5132e6f-def8-45c0-b0d2-c5ba43d86628: receive RaftClientReply:client-43E682E1E07B->d5132e6f-def8-45c0-b0d2-c5ba43d86628@group-C29775A8E805, cid=194, SUCCESS, logIndex=341, commits[d5132e6f-def8-45c0-b0d2-c5ba43d86628:c341]
2019-06-13 22:26:31,019 INFO  client.GrpcClientProtocolClient (GrpcClientProtocolClient.java:onNext(254)) - client-43E682E1E07B->d5132e6f-def8-45c0-b0d2-c5ba43d86628: receive RaftClientReply:client-43E682E1E07B->d5132e6f-def8-45c0-b0d2-c5ba43d86628@group-C29775A8E805, cid=195, SUCCESS, logIndex=342, commits[d5132e6f-def8-45c0-b0d2-c5ba43d86628:c344]
2019-06-13 22:26:31,019 INFO  client.GrpcClientProtocolClient (GrpcClientProtocolClient.java:onNext(254)) - client-43E682E1E07B->d5132e6f-def8-45c0-b0d2-c5ba43d86628: receive RaftClientReply:client-43E682E1E07B->d5132e6f-def8-45c0-b0d2-c5ba43d86628@group-C29775A8E805, cid=196, SUCCESS, logIndex=344, commits[d5132e6f-def8-45c0-b0d2-c5ba43d86628:c344]
2019-06-13 22:26:31,031 INFO  client.GrpcClientProtocolClient (GrpcClientProtocolClient.java:onNext(254)) - client-43E682E1E07B->d5132e6f-def8-45c0-b0d2-c5ba43d86628: receive RaftClientReply:client-43E682E1E07B->d5132e6f-def8-45c0-b0d2-c5ba43d86628@group-C29775A8E805, cid=197, SUCCESS, logIndex=346, commits[d5132e6f-def8-45c0-b0d2-c5ba43d86628:c346]
2019-06-13 22:26:31,033 INFO  client.GrpcClientProtocolClient (GrpcClientProtocolClient.java:onNext(254)) - client-43E682E1E07B->d5132e6f-def8-45c0-b0d2-c5ba43d86628: receive RaftClientReply:client-43E682E1E07B->d5132e6f-def8-45c0-b0d2-c5ba43d86628@group-C29775A8E805, cid=198, SUCCESS, logIndex=348, commits[d5132e6f-def8-45c0-b0d2-c5ba43d86628:c348]
2019-06-13 22:26:31,036 INFO  client.GrpcClientProtocolClient (GrpcClientProtocolClient.java:onNext(254)) - client-43E682E1E07B->d5132e6f-def8-45c0-b0d2-c5ba43d86628: receive RaftClientReply:client-43E682E1E07B->d5132e6f-def8-45c0-b0d2-c5ba43d86628@group-C29775A8E805, cid=199, SUCCESS, logIndex=349, commits[d5132e6f-def8-45c0-b0d2-c5ba43d86628:c351]
2019-06-13 22:26:31,037 INFO  client.GrpcClientProtocolClient (GrpcClientProtocolClient.java:onNext(254)) - client-43E682E1E07B->d5132e6f-def8-45c0-b0d2-c5ba43d86628: receive RaftClientReply:client-43E682E1E07B->d5132e6f-def8-45c0-b0d2-c5ba43d86628@group-C29775A8E805, cid=200, SUCCESS, logIndex=351, commits[d5132e6f-def8-45c0-b0d2-c5ba43d86628:c351]
2019-06-13 22:26:31,039 DEBUG block.SCMBlockDeletingService (SCMBlockDeletingService.java:call(138)) - Running DeletedBlockTransactionScanner
2019-06-13 22:26:31,040 DEBUG block.SCMBlockDeletingService (SCMBlockDeletingService.java:call(155)) - Scanned deleted blocks log and got 0 delTX to process.
2019-06-13 22:26:31,054 INFO  client.GrpcClientProtocolClient (GrpcClientProtocolClient.java:onNext(254)) - client-43E682E1E07B->d5132e6f-def8-45c0-b0d2-c5ba43d86628: receive RaftClientReply:client-43E682E1E07B->d5132e6f-def8-45c0-b0d2-c5ba43d86628@group-C29775A8E805, cid=201, SUCCESS, logIndex=353, commits[d5132e6f-def8-45c0-b0d2-c5ba43d86628:c353]
2019-06-13 22:26:31,061 INFO  client.GrpcClientProtocolClient (GrpcClientProtocolClient.java:onNext(254)) - client-43E682E1E07B->d5132e6f-def8-45c0-b0d2-c5ba43d86628: receive RaftClientReply:client-43E682E1E07B->d5132e6f-def8-45c0-b0d2-c5ba43d86628@group-C29775A8E805, cid=202, SUCCESS, logIndex=355, commits[d5132e6f-def8-45c0-b0d2-c5ba43d86628:c355]
2019-06-13 22:26:31,062 INFO  client.GrpcClientProtocolClient (GrpcClientProtocolClient.java:onNext(254)) - client-43E682E1E07B->d5132e6f-def8-45c0-b0d2-c5ba43d86628: receive RaftClientReply:client-43E682E1E07B->d5132e6f-def8-45c0-b0d2-c5ba43d86628@group-C29775A8E805, cid=203, SUCCESS, logIndex=356, commits[d5132e6f-def8-45c0-b0d2-c5ba43d86628:c358]
2019-06-13 22:26:31,063 INFO  client.GrpcClientProtocolClient (GrpcClientProtocolClient.java:onNext(254)) - client-43E682E1E07B->d5132e6f-def8-45c0-b0d2-c5ba43d86628: receive RaftClientReply:client-43E682E1E07B->d5132e6f-def8-45c0-b0d2-c5ba43d86628@group-C29775A8E805, cid=204, SUCCESS, logIndex=358, commits[d5132e6f-def8-45c0-b0d2-c5ba43d86628:c358]
2019-06-13 22:26:31,078 INFO  client.GrpcClientProtocolClient (GrpcClientProtocolClient.java:onNext(254)) - client-43E682E1E07B->d5132e6f-def8-45c0-b0d2-c5ba43d86628: receive RaftClientReply:client-43E682E1E07B->d5132e6f-def8-45c0-b0d2-c5ba43d86628@group-C29775A8E805, cid=205, SUCCESS, logIndex=360, commits[d5132e6f-def8-45c0-b0d2-c5ba43d86628:c360]
2019-06-13 22:26:31,086 INFO  client.GrpcClientProtocolClient (GrpcClientProtocolClient.java:onNext(254)) - client-43E682E1E07B->d5132e6f-def8-45c0-b0d2-c5ba43d86628: receive RaftClientReply:client-43E682E1E07B->d5132e6f-def8-45c0-b0d2-c5ba43d86628@group-C29775A8E805, cid=206, SUCCESS, logIndex=362, commits[d5132e6f-def8-45c0-b0d2-c5ba43d86628:c363]
2019-06-13 22:26:31,087 INFO  client.GrpcClientProtocolClient (GrpcClientProtocolClient.java:onNext(254)) - client-43E682E1E07B->d5132e6f-def8-45c0-b0d2-c5ba43d86628: receive RaftClientReply:client-43E682E1E07B->d5132e6f-def8-45c0-b0d2-c5ba43d86628@group-C29775A8E805, cid=207, SUCCESS, logIndex=363, commits[d5132e6f-def8-45c0-b0d2-c5ba43d86628:c364]
2019-06-13 22:26:31,094 INFO  client.GrpcClientProtocolClient (GrpcClientProtocolClient.java:onNext(254)) - client-43E682E1E07B->d5132e6f-def8-45c0-b0d2-c5ba43d86628: receive RaftClientReply:client-43E682E1E07B->d5132e6f-def8-45c0-b0d2-c5ba43d86628@group-C29775A8E805, cid=208, SUCCESS, logIndex=366, commits[d5132e6f-def8-45c0-b0d2-c5ba43d86628:c366]
2019-06-13 22:26:31,112 INFO  client.GrpcClientProtocolClient (GrpcClientProtocolClient.java:onNext(254)) - client-43E682E1E07B->d5132e6f-def8-45c0-b0d2-c5ba43d86628: receive RaftClientReply:client-43E682E1E07B->d5132e6f-def8-45c0-b0d2-c5ba43d86628@group-C29775A8E805, cid=209, SUCCESS, logIndex=368, commits[d5132e6f-def8-45c0-b0d2-c5ba43d86628:c368]
2019-06-13 22:26:31,115 INFO  client.GrpcClientProtocolClient (GrpcClientProtocolClient.java:onNext(254)) - client-43E682E1E07B->d5132e6f-def8-45c0-b0d2-c5ba43d86628: receive RaftClientReply:client-43E682E1E07B->d5132e6f-def8-45c0-b0d2-c5ba43d86628@group-C29775A8E805, cid=210, SUCCESS, logIndex=370, commits[d5132e6f-def8-45c0-b0d2-c5ba43d86628:c370]
2019-06-13 22:26:31,123 INFO  client.GrpcClientProtocolClient (GrpcClientProtocolClient.java:onNext(254)) - client-43E682E1E07B->d5132e6f-def8-45c0-b0d2-c5ba43d86628: receive RaftClientReply:client-43E682E1E07B->d5132e6f-def8-45c0-b0d2-c5ba43d86628@group-C29775A8E805, cid=211, SUCCESS, logIndex=372, commits[d5132e6f-def8-45c0-b0d2-c5ba43d86628:c374]
2019-06-13 22:26:31,123 INFO  client.GrpcClientProtocolClient (GrpcClientProtocolClient.java:onNext(254)) - client-43E682E1E07B->d5132e6f-def8-45c0-b0d2-c5ba43d86628: receive RaftClientReply:client-43E682E1E07B->d5132e6f-def8-45c0-b0d2-c5ba43d86628@group-C29775A8E805, cid=212, SUCCESS, logIndex=373, commits[d5132e6f-def8-45c0-b0d2-c5ba43d86628:c374]
2019-06-13 22:26:31,133 INFO  client.GrpcClientProtocolClient (GrpcClientProtocolClient.java:onNext(254)) - client-43E682E1E07B->d5132e6f-def8-45c0-b0d2-c5ba43d86628: receive RaftClientReply:client-43E682E1E07B->d5132e6f-def8-45c0-b0d2-c5ba43d86628@group-C29775A8E805, cid=213, SUCCESS, logIndex=375, commits[d5132e6f-def8-45c0-b0d2-c5ba43d86628:c375]
2019-06-13 22:26:31,135 INFO  client.GrpcClientProtocolClient (GrpcClientProtocolClient.java:onNext(254)) - client-43E682E1E07B->d5132e6f-def8-45c0-b0d2-c5ba43d86628: receive RaftClientReply:client-43E682E1E07B->d5132e6f-def8-45c0-b0d2-c5ba43d86628@group-C29775A8E805, cid=214, SUCCESS, logIndex=377, commits[d5132e6f-def8-45c0-b0d2-c5ba43d86628:c377]
2019-06-13 22:26:31,136 INFO  storage.RaftLogWorker (RaftLogWorker.java:rollLogSegment(303)) - d5132e6f-def8-45c0-b0d2-c5ba43d86628-RaftLogWorker: Rolling segment log-305_379 to index:379
2019-06-13 22:26:31,137 INFO  storage.RaftLogWorker (RaftLogWorker.java:execute(433)) - d5132e6f-def8-45c0-b0d2-c5ba43d86628-RaftLogWorker: Rolled log segment from /opt/src/hadoop-ozone/integration-test/target/test-dir/MiniOzoneClusterImpl-e9ea07bb-4900-4b53-96c1-68f0ab556a80/datanode-0/data/ratis/c7035dd3-cd4a-42fb-880d-c29775a8e805/current/log_inprogress_305 to /opt/src/hadoop-ozone/integration-test/target/test-dir/MiniOzoneClusterImpl-e9ea07bb-4900-4b53-96c1-68f0ab556a80/datanode-0/data/ratis/c7035dd3-cd4a-42fb-880d-c29775a8e805/current/log_305-379
2019-06-13 22:26:31,140 DEBUG block.SCMBlockDeletingService (SCMBlockDeletingService.java:call(138)) - Running DeletedBlockTransactionScanner
2019-06-13 22:26:31,140 DEBUG block.SCMBlockDeletingService (SCMBlockDeletingService.java:call(155)) - Scanned deleted blocks log and got 0 delTX to process.
2019-06-13 22:26:31,146 INFO  client.GrpcClientProtocolClient (GrpcClientProtocolClient.java:onNext(254)) - client-43E682E1E07B->d5132e6f-def8-45c0-b0d2-c5ba43d86628: receive RaftClientReply:client-43E682E1E07B->d5132e6f-def8-45c0-b0d2-c5ba43d86628@group-C29775A8E805, cid=215, SUCCESS, logIndex=379, commits[d5132e6f-def8-45c0-b0d2-c5ba43d86628:c379]
2019-06-13 22:26:31,185 INFO  storage.RaftLogWorker (RaftLogWorker.java:execute(469)) - d5132e6f-def8-45c0-b0d2-c5ba43d86628-RaftLogWorker: created new log segment /opt/src/hadoop-ozone/integration-test/target/test-dir/MiniOzoneClusterImpl-e9ea07bb-4900-4b53-96c1-68f0ab556a80/datanode-0/data/ratis/c7035dd3-cd4a-42fb-880d-c29775a8e805/current/log_inprogress_380
2019-06-13 22:26:31,191 INFO  client.GrpcClientProtocolClient (GrpcClientProtocolClient.java:onNext(254)) - client-43E682E1E07B->d5132e6f-def8-45c0-b0d2-c5ba43d86628: receive RaftClientReply:client-43E682E1E07B->d5132e6f-def8-45c0-b0d2-c5ba43d86628@group-C29775A8E805, cid=216, SUCCESS, logIndex=380, commits[d5132e6f-def8-45c0-b0d2-c5ba43d86628:c381]
2019-06-13 22:26:31,208 INFO  client.GrpcClientProtocolClient (GrpcClientProtocolClient.java:onNext(254)) - client-43E682E1E07B->d5132e6f-def8-45c0-b0d2-c5ba43d86628: receive RaftClientReply:client-43E682E1E07B->d5132e6f-def8-45c0-b0d2-c5ba43d86628@group-C29775A8E805, cid=217, SUCCESS, logIndex=382, commits[d5132e6f-def8-45c0-b0d2-c5ba43d86628:c382]
2019-06-13 22:26:31,210 INFO  client.GrpcClientProtocolClient (GrpcClientProtocolClient.java:onNext(254)) - client-43E682E1E07B->d5132e6f-def8-45c0-b0d2-c5ba43d86628: receive RaftClientReply:client-43E682E1E07B->d5132e6f-def8-45c0-b0d2-c5ba43d86628@group-C29775A8E805, cid=218, SUCCESS, logIndex=384, commits[d5132e6f-def8-45c0-b0d2-c5ba43d86628:c384]
2019-06-13 22:26:31,213 INFO  client.GrpcClientProtocolClient (GrpcClientProtocolClient.java:onNext(254)) - client-43E682E1E07B->d5132e6f-def8-45c0-b0d2-c5ba43d86628: receive RaftClientReply:client-43E682E1E07B->d5132e6f-def8-45c0-b0d2-c5ba43d86628@group-C29775A8E805, cid=219, SUCCESS, logIndex=386, commits[d5132e6f-def8-45c0-b0d2-c5ba43d86628:c387]
2019-06-13 22:26:31,214 INFO  client.GrpcClientProtocolClient (GrpcClientProtocolClient.java:onNext(254)) - client-43E682E1E07B->d5132e6f-def8-45c0-b0d2-c5ba43d86628: receive RaftClientReply:client-43E682E1E07B->d5132e6f-def8-45c0-b0d2-c5ba43d86628@group-C29775A8E805, cid=220, SUCCESS, logIndex=387, commits[d5132e6f-def8-45c0-b0d2-c5ba43d86628:c387]
2019-06-13 22:26:31,240 DEBUG block.SCMBlockDeletingService (SCMBlockDeletingService.java:call(138)) - Running DeletedBlockTransactionScanner
2019-06-13 22:26:31,241 DEBUG block.SCMBlockDeletingService (SCMBlockDeletingService.java:call(155)) - Scanned deleted blocks log and got 0 delTX to process.
2019-06-13 22:26:31,293 INFO  client.GrpcClientProtocolClient (GrpcClientProtocolClient.java:onNext(254)) - client-43E682E1E07B->d5132e6f-def8-45c0-b0d2-c5ba43d86628: receive RaftClientReply:client-43E682E1E07B->d5132e6f-def8-45c0-b0d2-c5ba43d86628@group-C29775A8E805, cid=221, SUCCESS, logIndex=389, commits[d5132e6f-def8-45c0-b0d2-c5ba43d86628:c389]
2019-06-13 22:26:31,300 INFO  client.GrpcClientProtocolClient (GrpcClientProtocolClient.java:onNext(254)) - client-43E682E1E07B->d5132e6f-def8-45c0-b0d2-c5ba43d86628: receive RaftClientReply:client-43E682E1E07B->d5132e6f-def8-45c0-b0d2-c5ba43d86628@group-C29775A8E805, cid=222, SUCCESS, logIndex=391, commits[d5132e6f-def8-45c0-b0d2-c5ba43d86628:c394]
2019-06-13 22:26:31,303 INFO  client.GrpcClientProtocolClient (GrpcClientProtocolClient.java:onNext(254)) - client-43E682E1E07B->d5132e6f-def8-45c0-b0d2-c5ba43d86628: receive RaftClientReply:client-43E682E1E07B->d5132e6f-def8-45c0-b0d2-c5ba43d86628@group-C29775A8E805, cid=223, SUCCESS, logIndex=392, commits[d5132e6f-def8-45c0-b0d2-c5ba43d86628:c395]
2019-06-13 22:26:31,303 INFO  client.GrpcClientProtocolClient (GrpcClientProtocolClient.java:onNext(254)) - client-43E682E1E07B->d5132e6f-def8-45c0-b0d2-c5ba43d86628: receive RaftClientReply:client-43E682E1E07B->d5132e6f-def8-45c0-b0d2-c5ba43d86628@group-C29775A8E805, cid=224, SUCCESS, logIndex=393, commits[d5132e6f-def8-45c0-b0d2-c5ba43d86628:c395]
2019-06-13 22:26:31,324 INFO  client.GrpcClientProtocolClient (GrpcClientProtocolClient.java:onNext(254)) - client-43E682E1E07B->d5132e6f-def8-45c0-b0d2-c5ba43d86628: receive RaftClientReply:client-43E682E1E07B->d5132e6f-def8-45c0-b0d2-c5ba43d86628@group-C29775A8E805, cid=225, SUCCESS, logIndex=396, commits[d5132e6f-def8-45c0-b0d2-c5ba43d86628:c396]
2019-06-13 22:26:31,330 INFO  client.GrpcClientProtocolClient (GrpcClientProtocolClient.java:onNext(254)) - client-43E682E1E07B->d5132e6f-def8-45c0-b0d2-c5ba43d86628: receive RaftClientReply:client-43E682E1E07B->d5132e6f-def8-45c0-b0d2-c5ba43d86628@group-C29775A8E805, cid=226, SUCCESS, logIndex=398, commits[d5132e6f-def8-45c0-b0d2-c5ba43d86628:c398]
2019-06-13 22:26:31,332 INFO  client.GrpcClientProtocolClient (GrpcClientProtocolClient.java:onNext(254)) - client-43E682E1E07B->d5132e6f-def8-45c0-b0d2-c5ba43d86628: receive RaftClientReply:client-43E682E1E07B->d5132e6f-def8-45c0-b0d2-c5ba43d86628@group-C29775A8E805, cid=227, SUCCESS, logIndex=399, commits[d5132e6f-def8-45c0-b0d2-c5ba43d86628:c401]
2019-06-13 22:26:31,333 INFO  client.GrpcClientProtocolClient (GrpcClientProtocolClient.java:onNext(254)) - client-43E682E1E07B->d5132e6f-def8-45c0-b0d2-c5ba43d86628: receive RaftClientReply:client-43E682E1E07B->d5132e6f-def8-45c0-b0d2-c5ba43d86628@group-C29775A8E805, cid=228, SUCCESS, logIndex=400, commits[d5132e6f-def8-45c0-b0d2-c5ba43d86628:c401]
2019-06-13 22:26:31,341 DEBUG block.SCMBlockDeletingService (SCMBlockDeletingService.java:call(138)) - Running DeletedBlockTransactionScanner
2019-06-13 22:26:31,341 DEBUG block.SCMBlockDeletingService (SCMBlockDeletingService.java:call(155)) - Scanned deleted blocks log and got 0 delTX to process.
2019-06-13 22:26:31,343 INFO  client.GrpcClientProtocolClient (GrpcClientProtocolClient.java:onNext(254)) - client-43E682E1E07B->d5132e6f-def8-45c0-b0d2-c5ba43d86628: receive RaftClientReply:client-43E682E1E07B->d5132e6f-def8-45c0-b0d2-c5ba43d86628@group-C29775A8E805, cid=229, SUCCESS, logIndex=402, commits[d5132e6f-def8-45c0-b0d2-c5ba43d86628:c402]
2019-06-13 22:26:31,347 INFO  client.GrpcClientProtocolClient (GrpcClientProtocolClient.java:onNext(254)) - client-43E682E1E07B->d5132e6f-def8-45c0-b0d2-c5ba43d86628: receive RaftClientReply:client-43E682E1E07B->d5132e6f-def8-45c0-b0d2-c5ba43d86628@group-C29775A8E805, cid=230, SUCCESS, logIndex=404, commits[d5132e6f-def8-45c0-b0d2-c5ba43d86628:c404]
2019-06-13 22:26:31,348 INFO  client.GrpcClientProtocolClient (GrpcClientProtocolClient.java:onNext(254)) - client-43E682E1E07B->d5132e6f-def8-45c0-b0d2-c5ba43d86628: receive RaftClientReply:client-43E682E1E07B->d5132e6f-def8-45c0-b0d2-c5ba43d86628@group-C29775A8E805, cid=231, SUCCESS, logIndex=405, commits[d5132e6f-def8-45c0-b0d2-c5ba43d86628:c407]
2019-06-13 22:26:31,349 INFO  client.GrpcClientProtocolClient (GrpcClientProtocolClient.java:onNext(254)) - client-43E682E1E07B->d5132e6f-def8-45c0-b0d2-c5ba43d86628: receive RaftClientReply:client-43E682E1E07B->d5132e6f-def8-45c0-b0d2-c5ba43d86628@group-C29775A8E805, cid=232, SUCCESS, logIndex=407, commits[d5132e6f-def8-45c0-b0d2-c5ba43d86628:c408]
2019-06-13 22:26:31,367 INFO  client.GrpcClientProtocolClient (GrpcClientProtocolClient.java:onNext(254)) - client-43E682E1E07B->d5132e6f-def8-45c0-b0d2-c5ba43d86628: receive RaftClientReply:client-43E682E1E07B->d5132e6f-def8-45c0-b0d2-c5ba43d86628@group-C29775A8E805, cid=233, SUCCESS, logIndex=409, commits[d5132e6f-def8-45c0-b0d2-c5ba43d86628:c409]
2019-06-13 22:26:31,369 INFO  client.GrpcClientProtocolClient (GrpcClientProtocolClient.java:onNext(254)) - client-43E682E1E07B->d5132e6f-def8-45c0-b0d2-c5ba43d86628: receive RaftClientReply:client-43E682E1E07B->d5132e6f-def8-45c0-b0d2-c5ba43d86628@group-C29775A8E805, cid=234, SUCCESS, logIndex=411, commits[d5132e6f-def8-45c0-b0d2-c5ba43d86628:c411]
2019-06-13 22:26:31,373 INFO  client.GrpcClientProtocolClient (GrpcClientProtocolClient.java:onNext(254)) - client-43E682E1E07B->d5132e6f-def8-45c0-b0d2-c5ba43d86628: receive RaftClientReply:client-43E682E1E07B->d5132e6f-def8-45c0-b0d2-c5ba43d86628@group-C29775A8E805, cid=235, SUCCESS, logIndex=413, commits[d5132e6f-def8-45c0-b0d2-c5ba43d86628:c414]
2019-06-13 22:26:31,375 INFO  client.GrpcClientProtocolClient (GrpcClientProtocolClient.java:onNext(254)) - client-43E682E1E07B->d5132e6f-def8-45c0-b0d2-c5ba43d86628: receive RaftClientReply:client-43E682E1E07B->d5132e6f-def8-45c0-b0d2-c5ba43d86628@group-C29775A8E805, cid=236, SUCCESS, logIndex=414, commits[d5132e6f-def8-45c0-b0d2-c5ba43d86628:c414]
2019-06-13 22:26:31,426 INFO  client.GrpcClientProtocolClient (GrpcClientProtocolClient.java:onNext(254)) - client-43E682E1E07B->d5132e6f-def8-45c0-b0d2-c5ba43d86628: receive RaftClientReply:client-43E682E1E07B->d5132e6f-def8-45c0-b0d2-c5ba43d86628@group-C29775A8E805, cid=237, SUCCESS, logIndex=416, commits[d5132e6f-def8-45c0-b0d2-c5ba43d86628:c416]
2019-06-13 22:26:31,432 INFO  client.GrpcClientProtocolClient (GrpcClientProtocolClient.java:onNext(254)) - client-43E682E1E07B->d5132e6f-def8-45c0-b0d2-c5ba43d86628: receive RaftClientReply:client-43E682E1E07B->d5132e6f-def8-45c0-b0d2-c5ba43d86628@group-C29775A8E805, cid=238, SUCCESS, logIndex=418, commits[d5132e6f-def8-45c0-b0d2-c5ba43d86628:c418]
2019-06-13 22:26:31,432 INFO  client.GrpcClientProtocolClient (GrpcClientProtocolClient.java:onNext(254)) - client-43E682E1E07B->d5132e6f-def8-45c0-b0d2-c5ba43d86628: receive RaftClientReply:client-43E682E1E07B->d5132e6f-def8-45c0-b0d2-c5ba43d86628@group-C29775A8E805, cid=239, SUCCESS, logIndex=419, commits[d5132e6f-def8-45c0-b0d2-c5ba43d86628:c419]
2019-06-13 22:26:31,435 INFO  client.GrpcClientProtocolClient (GrpcClientProtocolClient.java:onNext(254)) - client-43E682E1E07B->d5132e6f-def8-45c0-b0d2-c5ba43d86628: receive RaftClientReply:client-43E682E1E07B->d5132e6f-def8-45c0-b0d2-c5ba43d86628@group-C29775A8E805, cid=240, SUCCESS, logIndex=422, commits[d5132e6f-def8-45c0-b0d2-c5ba43d86628:c422]
2019-06-13 22:26:31,442 DEBUG block.SCMBlockDeletingService (SCMBlockDeletingService.java:call(138)) - Running DeletedBlockTransactionScanner
2019-06-13 22:26:31,442 DEBUG block.SCMBlockDeletingService (SCMBlockDeletingService.java:call(155)) - Scanned deleted blocks log and got 0 delTX to process.
2019-06-13 22:26:31,451 INFO  client.GrpcClientProtocolClient (GrpcClientProtocolClient.java:onNext(254)) - client-43E682E1E07B->d5132e6f-def8-45c0-b0d2-c5ba43d86628: receive RaftClientReply:client-43E682E1E07B->d5132e6f-def8-45c0-b0d2-c5ba43d86628@group-C29775A8E805, cid=241, SUCCESS, logIndex=424, commits[d5132e6f-def8-45c0-b0d2-c5ba43d86628:c424]
2019-06-13 22:26:31,456 INFO  client.GrpcClientProtocolClient (GrpcClientProtocolClient.java:onNext(254)) - client-43E682E1E07B->d5132e6f-def8-45c0-b0d2-c5ba43d86628: receive RaftClientReply:client-43E682E1E07B->d5132e6f-def8-45c0-b0d2-c5ba43d86628@group-C29775A8E805, cid=242, SUCCESS, logIndex=426, commits[d5132e6f-def8-45c0-b0d2-c5ba43d86628:c426]
2019-06-13 22:26:31,460 INFO  client.GrpcClientProtocolClient (GrpcClientProtocolClient.java:onNext(254)) - client-43E682E1E07B->d5132e6f-def8-45c0-b0d2-c5ba43d86628: receive RaftClientReply:client-43E682E1E07B->d5132e6f-def8-45c0-b0d2-c5ba43d86628@group-C29775A8E805, cid=243, SUCCESS, logIndex=427, commits[d5132e6f-def8-45c0-b0d2-c5ba43d86628:c428]
2019-06-13 22:26:31,460 INFO  client.GrpcClientProtocolClient (GrpcClientProtocolClient.java:onNext(254)) - client-43E682E1E07B->d5132e6f-def8-45c0-b0d2-c5ba43d86628: receive RaftClientReply:client-43E682E1E07B->d5132e6f-def8-45c0-b0d2-c5ba43d86628@group-C29775A8E805, cid=244, SUCCESS, logIndex=428, commits[d5132e6f-def8-45c0-b0d2-c5ba43d86628:c429]
2019-06-13 22:26:31,472 INFO  client.GrpcClientProtocolClient (GrpcClientProtocolClient.java:onNext(254)) - client-43E682E1E07B->d5132e6f-def8-45c0-b0d2-c5ba43d86628: receive RaftClientReply:client-43E682E1E07B->d5132e6f-def8-45c0-b0d2-c5ba43d86628@group-C29775A8E805, cid=245, SUCCESS, logIndex=431, commits[d5132e6f-def8-45c0-b0d2-c5ba43d86628:c431]
2019-06-13 22:26:31,478 INFO  client.GrpcClientProtocolClient (GrpcClientProtocolClient.java:onNext(254)) - client-43E682E1E07B->d5132e6f-def8-45c0-b0d2-c5ba43d86628: receive RaftClientReply:client-43E682E1E07B->d5132e6f-def8-45c0-b0d2-c5ba43d86628@group-C29775A8E805, cid=246, SUCCESS, logIndex=433, commits[d5132e6f-def8-45c0-b0d2-c5ba43d86628:c433]
2019-06-13 22:26:31,481 INFO  client.GrpcClientProtocolClient (GrpcClientProtocolClient.java:onNext(254)) - client-43E682E1E07B->d5132e6f-def8-45c0-b0d2-c5ba43d86628: receive RaftClientReply:client-43E682E1E07B->d5132e6f-def8-45c0-b0d2-c5ba43d86628@group-C29775A8E805, cid=247, SUCCESS, logIndex=434, commits[d5132e6f-def8-45c0-b0d2-c5ba43d86628:c435]
2019-06-13 22:26:31,487 INFO  client.GrpcClientProtocolClient (GrpcClientProtocolClient.java:onNext(254)) - client-43E682E1E07B->d5132e6f-def8-45c0-b0d2-c5ba43d86628: receive RaftClientReply:client-43E682E1E07B->d5132e6f-def8-45c0-b0d2-c5ba43d86628@group-C29775A8E805, cid=248, SUCCESS, logIndex=436, commits[d5132e6f-def8-45c0-b0d2-c5ba43d86628:c436]
2019-06-13 22:26:31,504 INFO  client.GrpcClientProtocolClient (GrpcClientProtocolClient.java:onNext(254)) - client-43E682E1E07B->d5132e6f-def8-45c0-b0d2-c5ba43d86628: receive RaftClientReply:client-43E682E1E07B->d5132e6f-def8-45c0-b0d2-c5ba43d86628@group-C29775A8E805, cid=249, SUCCESS, logIndex=438, commits[d5132e6f-def8-45c0-b0d2-c5ba43d86628:c438]
2019-06-13 22:26:31,510 INFO  client.GrpcClientProtocolClient (GrpcClientProtocolClient.java:onNext(254)) - client-43E682E1E07B->d5132e6f-def8-45c0-b0d2-c5ba43d86628: receive RaftClientReply:client-43E682E1E07B->d5132e6f-def8-45c0-b0d2-c5ba43d86628@group-C29775A8E805, cid=250, SUCCESS, logIndex=440, commits[d5132e6f-def8-45c0-b0d2-c5ba43d86628:c440]
2019-06-13 22:26:31,510 INFO  client.GrpcClientProtocolClient (GrpcClientProtocolClient.java:onNext(254)) - client-43E682E1E07B->d5132e6f-def8-45c0-b0d2-c5ba43d86628: receive RaftClientReply:client-43E682E1E07B->d5132e6f-def8-45c0-b0d2-c5ba43d86628@group-C29775A8E805, cid=251, SUCCESS, logIndex=441, commits[d5132e6f-def8-45c0-b0d2-c5ba43d86628:c443]
2019-06-13 22:26:31,511 INFO  client.GrpcClientProtocolClient (GrpcClientProtocolClient.java:onNext(254)) - client-43E682E1E07B->d5132e6f-def8-45c0-b0d2-c5ba43d86628: receive RaftClientReply:client-43E682E1E07B->d5132e6f-def8-45c0-b0d2-c5ba43d86628@group-C29775A8E805, cid=252, SUCCESS, logIndex=443, commits[d5132e6f-def8-45c0-b0d2-c5ba43d86628:c444]
2019-06-13 22:26:31,525 INFO  client.GrpcClientProtocolClient (GrpcClientProtocolClient.java:onNext(254)) - client-43E682E1E07B->d5132e6f-def8-45c0-b0d2-c5ba43d86628: receive RaftClientReply:client-43E682E1E07B->d5132e6f-def8-45c0-b0d2-c5ba43d86628@group-C29775A8E805, cid=253, SUCCESS, logIndex=445, commits[d5132e6f-def8-45c0-b0d2-c5ba43d86628:c445]
2019-06-13 22:26:31,534 INFO  client.GrpcClientProtocolClient (GrpcClientProtocolClient.java:onNext(254)) - client-43E682E1E07B->d5132e6f-def8-45c0-b0d2-c5ba43d86628: receive RaftClientReply:client-43E682E1E07B->d5132e6f-def8-45c0-b0d2-c5ba43d86628@group-C29775A8E805, cid=254, SUCCESS, logIndex=447, commits[d5132e6f-def8-45c0-b0d2-c5ba43d86628:c447]
2019-06-13 22:26:31,539 INFO  client.GrpcClientProtocolClient (GrpcClientProtocolClient.java:onNext(254)) - client-43E682E1E07B->d5132e6f-def8-45c0-b0d2-c5ba43d86628: receive RaftClientReply:client-43E682E1E07B->d5132e6f-def8-45c0-b0d2-c5ba43d86628@group-C29775A8E805, cid=255, SUCCESS, logIndex=448, commits[d5132e6f-def8-45c0-b0d2-c5ba43d86628:c450]
2019-06-13 22:26:31,540 INFO  client.GrpcClientProtocolClient (GrpcClientProtocolClient.java:onNext(254)) - client-43E682E1E07B->d5132e6f-def8-45c0-b0d2-c5ba43d86628: receive RaftClientReply:client-43E682E1E07B->d5132e6f-def8-45c0-b0d2-c5ba43d86628@group-C29775A8E805, cid=256, SUCCESS, logIndex=450, commits[d5132e6f-def8-45c0-b0d2-c5ba43d86628:c451]
2019-06-13 22:26:31,542 DEBUG block.SCMBlockDeletingService (SCMBlockDeletingService.java:call(138)) - Running DeletedBlockTransactionScanner
2019-06-13 22:26:31,542 DEBUG block.SCMBlockDeletingService (SCMBlockDeletingService.java:call(155)) - Scanned deleted blocks log and got 0 delTX to process.
2019-06-13 22:26:31,558 INFO  client.GrpcClientProtocolClient (GrpcClientProtocolClient.java:onNext(254)) - client-43E682E1E07B->d5132e6f-def8-45c0-b0d2-c5ba43d86628: receive RaftClientReply:client-43E682E1E07B->d5132e6f-def8-45c0-b0d2-c5ba43d86628@group-C29775A8E805, cid=257, SUCCESS, logIndex=452, commits[d5132e6f-def8-45c0-b0d2-c5ba43d86628:c452]
2019-06-13 22:26:31,566 INFO  storage.RaftLogWorker (RaftLogWorker.java:rollLogSegment(303)) - d5132e6f-def8-45c0-b0d2-c5ba43d86628-RaftLogWorker: Rolling segment log-380_455 to index:455
2019-06-13 22:26:31,566 INFO  storage.RaftLogWorker (RaftLogWorker.java:execute(433)) - d5132e6f-def8-45c0-b0d2-c5ba43d86628-RaftLogWorker: Rolled log segment from /opt/src/hadoop-ozone/integration-test/target/test-dir/MiniOzoneClusterImpl-e9ea07bb-4900-4b53-96c1-68f0ab556a80/datanode-0/data/ratis/c7035dd3-cd4a-42fb-880d-c29775a8e805/current/log_inprogress_380 to /opt/src/hadoop-ozone/integration-test/target/test-dir/MiniOzoneClusterImpl-e9ea07bb-4900-4b53-96c1-68f0ab556a80/datanode-0/data/ratis/c7035dd3-cd4a-42fb-880d-c29775a8e805/current/log_380-455
2019-06-13 22:26:31,574 INFO  client.GrpcClientProtocolClient (GrpcClientProtocolClient.java:onNext(254)) - client-43E682E1E07B->d5132e6f-def8-45c0-b0d2-c5ba43d86628: receive RaftClientReply:client-43E682E1E07B->d5132e6f-def8-45c0-b0d2-c5ba43d86628@group-C29775A8E805, cid=258, SUCCESS, logIndex=454, commits[d5132e6f-def8-45c0-b0d2-c5ba43d86628:c454]
2019-06-13 22:26:31,615 INFO  storage.RaftLogWorker (RaftLogWorker.java:execute(469)) - d5132e6f-def8-45c0-b0d2-c5ba43d86628-RaftLogWorker: created new log segment /opt/src/hadoop-ozone/integration-test/target/test-dir/MiniOzoneClusterImpl-e9ea07bb-4900-4b53-96c1-68f0ab556a80/datanode-0/data/ratis/c7035dd3-cd4a-42fb-880d-c29775a8e805/current/log_inprogress_456
2019-06-13 22:26:31,620 INFO  client.GrpcClientProtocolClient (GrpcClientProtocolClient.java:onNext(254)) - client-43E682E1E07B->d5132e6f-def8-45c0-b0d2-c5ba43d86628: receive RaftClientReply:client-43E682E1E07B->d5132e6f-def8-45c0-b0d2-c5ba43d86628@group-C29775A8E805, cid=259, SUCCESS, logIndex=456, commits[d5132e6f-def8-45c0-b0d2-c5ba43d86628:c457]
2019-06-13 22:26:31,623 INFO  client.GrpcClientProtocolClient (GrpcClientProtocolClient.java:onNext(254)) - client-43E682E1E07B->d5132e6f-def8-45c0-b0d2-c5ba43d86628: receive RaftClientReply:client-43E682E1E07B->d5132e6f-def8-45c0-b0d2-c5ba43d86628@group-C29775A8E805, cid=260, SUCCESS, logIndex=457, commits[d5132e6f-def8-45c0-b0d2-c5ba43d86628:c457]
2019-06-13 22:26:31,639 INFO  client.GrpcClientProtocolClient (GrpcClientProtocolClient.java:onNext(254)) - client-43E682E1E07B->d5132e6f-def8-45c0-b0d2-c5ba43d86628: receive RaftClientReply:client-43E682E1E07B->d5132e6f-def8-45c0-b0d2-c5ba43d86628@group-C29775A8E805, cid=261, SUCCESS, logIndex=459, commits[d5132e6f-def8-45c0-b0d2-c5ba43d86628:c459]
2019-06-13 22:26:31,643 DEBUG block.SCMBlockDeletingService (SCMBlockDeletingService.java:call(138)) - Running DeletedBlockTransactionScanner
2019-06-13 22:26:31,643 DEBUG block.SCMBlockDeletingService (SCMBlockDeletingService.java:call(155)) - Scanned deleted blocks log and got 0 delTX to process.
2019-06-13 22:26:31,647 INFO  client.GrpcClientProtocolClient (GrpcClientProtocolClient.java:onNext(254)) - client-43E682E1E07B->d5132e6f-def8-45c0-b0d2-c5ba43d86628: receive RaftClientReply:client-43E682E1E07B->d5132e6f-def8-45c0-b0d2-c5ba43d86628@group-C29775A8E805, cid=262, SUCCESS, logIndex=461, commits[d5132e6f-def8-45c0-b0d2-c5ba43d86628:c461]
2019-06-13 22:26:31,647 INFO  client.GrpcClientProtocolClient (GrpcClientProtocolClient.java:onNext(254)) - client-43E682E1E07B->d5132e6f-def8-45c0-b0d2-c5ba43d86628: receive RaftClientReply:client-43E682E1E07B->d5132e6f-def8-45c0-b0d2-c5ba43d86628@group-C29775A8E805, cid=263, SUCCESS, logIndex=462, commits[d5132e6f-def8-45c0-b0d2-c5ba43d86628:c463]
2019-06-13 22:26:31,650 INFO  client.GrpcClientProtocolClient (GrpcClientProtocolClient.java:onNext(254)) - client-43E682E1E07B->d5132e6f-def8-45c0-b0d2-c5ba43d86628: receive RaftClientReply:client-43E682E1E07B->d5132e6f-def8-45c0-b0d2-c5ba43d86628@group-C29775A8E805, cid=264, SUCCESS, logIndex=464, commits[d5132e6f-def8-45c0-b0d2-c5ba43d86628:c464]
2019-06-13 22:26:31,744 DEBUG block.SCMBlockDeletingService (SCMBlockDeletingService.java:call(138)) - Running DeletedBlockTransactionScanner
2019-06-13 22:26:31,744 DEBUG block.SCMBlockDeletingService (SCMBlockDeletingService.java:call(155)) - Scanned deleted blocks log and got 0 delTX to process.
2019-06-13 22:26:31,749 INFO  client.GrpcClientProtocolClient (GrpcClientProtocolClient.java:onNext(254)) - client-43E682E1E07B->d5132e6f-def8-45c0-b0d2-c5ba43d86628: receive RaftClientReply:client-43E682E1E07B->d5132e6f-def8-45c0-b0d2-c5ba43d86628@group-C29775A8E805, cid=265, SUCCESS, logIndex=466, commits[d5132e6f-def8-45c0-b0d2-c5ba43d86628:c466]
2019-06-13 22:26:31,753 INFO  client.GrpcClientProtocolClient (GrpcClientProtocolClient.java:onNext(254)) - client-43E682E1E07B->d5132e6f-def8-45c0-b0d2-c5ba43d86628: receive RaftClientReply:client-43E682E1E07B->d5132e6f-def8-45c0-b0d2-c5ba43d86628@group-C29775A8E805, cid=266, SUCCESS, logIndex=468, commits[d5132e6f-def8-45c0-b0d2-c5ba43d86628:c468]
2019-06-13 22:26:31,754 INFO  client.GrpcClientProtocolClient (GrpcClientProtocolClient.java:onNext(254)) - client-43E682E1E07B->d5132e6f-def8-45c0-b0d2-c5ba43d86628: receive RaftClientReply:client-43E682E1E07B->d5132e6f-def8-45c0-b0d2-c5ba43d86628@group-C29775A8E805, cid=267, SUCCESS, logIndex=469, commits[d5132e6f-def8-45c0-b0d2-c5ba43d86628:c469]
2019-06-13 22:26:31,756 INFO  client.GrpcClientProtocolClient (GrpcClientProtocolClient.java:onNext(254)) - client-43E682E1E07B->d5132e6f-def8-45c0-b0d2-c5ba43d86628: receive RaftClientReply:client-43E682E1E07B->d5132e6f-def8-45c0-b0d2-c5ba43d86628@group-C29775A8E805, cid=268, SUCCESS, logIndex=472, commits[d5132e6f-def8-45c0-b0d2-c5ba43d86628:c472]
2019-06-13 22:26:31,769 INFO  client.GrpcClientProtocolClient (GrpcClientProtocolClient.java:onNext(254)) - client-43E682E1E07B->d5132e6f-def8-45c0-b0d2-c5ba43d86628: receive RaftClientReply:client-43E682E1E07B->d5132e6f-def8-45c0-b0d2-c5ba43d86628@group-C29775A8E805, cid=269, SUCCESS, logIndex=474, commits[d5132e6f-def8-45c0-b0d2-c5ba43d86628:c474]
2019-06-13 22:26:31,771 INFO  client.GrpcClientProtocolClient (GrpcClientProtocolClient.java:onNext(254)) - client-43E682E1E07B->d5132e6f-def8-45c0-b0d2-c5ba43d86628: receive RaftClientReply:client-43E682E1E07B->d5132e6f-def8-45c0-b0d2-c5ba43d86628@group-C29775A8E805, cid=270, SUCCESS, logIndex=476, commits[d5132e6f-def8-45c0-b0d2-c5ba43d86628:c476]
2019-06-13 22:26:31,771 INFO  client.GrpcClientProtocolClient (GrpcClientProtocolClient.java:onNext(254)) - client-43E682E1E07B->d5132e6f-def8-45c0-b0d2-c5ba43d86628: receive RaftClientReply:client-43E682E1E07B->d5132e6f-def8-45c0-b0d2-c5ba43d86628@group-C29775A8E805, cid=271, SUCCESS, logIndex=477, commits[d5132e6f-def8-45c0-b0d2-c5ba43d86628:c478]
2019-06-13 22:26:31,773 INFO  client.GrpcClientProtocolClient (GrpcClientProtocolClient.java:onNext(254)) - client-43E682E1E07B->d5132e6f-def8-45c0-b0d2-c5ba43d86628: receive RaftClientReply:client-43E682E1E07B->d5132e6f-def8-45c0-b0d2-c5ba43d86628@group-C29775A8E805, cid=272, SUCCESS, logIndex=479, commits[d5132e6f-def8-45c0-b0d2-c5ba43d86628:c479]
2019-06-13 22:26:31,794 INFO  client.GrpcClientProtocolClient (GrpcClientProtocolClient.java:onNext(254)) - client-43E682E1E07B->d5132e6f-def8-45c0-b0d2-c5ba43d86628: receive RaftClientReply:client-43E682E1E07B->d5132e6f-def8-45c0-b0d2-c5ba43d86628@group-C29775A8E805, cid=273, SUCCESS, logIndex=481, commits[d5132e6f-def8-45c0-b0d2-c5ba43d86628:c481]
2019-06-13 22:26:31,801 INFO  client.GrpcClientProtocolClient (GrpcClientProtocolClient.java:onNext(254)) - client-43E682E1E07B->d5132e6f-def8-45c0-b0d2-c5ba43d86628: receive RaftClientReply:client-43E682E1E07B->d5132e6f-def8-45c0-b0d2-c5ba43d86628@group-C29775A8E805, cid=274, SUCCESS, logIndex=483, commits[d5132e6f-def8-45c0-b0d2-c5ba43d86628:c483]
2019-06-13 22:26:31,801 INFO  client.GrpcClientProtocolClient (GrpcClientProtocolClient.java:onNext(254)) - client-43E682E1E07B->d5132e6f-def8-45c0-b0d2-c5ba43d86628: receive RaftClientReply:client-43E682E1E07B->d5132e6f-def8-45c0-b0d2-c5ba43d86628@group-C29775A8E805, cid=275, SUCCESS, logIndex=484, commits[d5132e6f-def8-45c0-b0d2-c5ba43d86628:c486]
2019-06-13 22:26:31,802 INFO  client.GrpcClientProtocolClient (GrpcClientProtocolClient.java:onNext(254)) - client-43E682E1E07B->d5132e6f-def8-45c0-b0d2-c5ba43d86628: receive RaftClientReply:client-43E682E1E07B->d5132e6f-def8-45c0-b0d2-c5ba43d86628@group-C29775A8E805, cid=276, SUCCESS, logIndex=485, commits[d5132e6f-def8-45c0-b0d2-c5ba43d86628:c486]
2019-06-13 22:26:31,811 INFO  client.GrpcClientProtocolClient (GrpcClientProtocolClient.java:onNext(254)) - client-43E682E1E07B->d5132e6f-def8-45c0-b0d2-c5ba43d86628: receive RaftClientReply:client-43E682E1E07B->d5132e6f-def8-45c0-b0d2-c5ba43d86628@group-C29775A8E805, cid=277, SUCCESS, logIndex=487, commits[d5132e6f-def8-45c0-b0d2-c5ba43d86628:c487]
2019-06-13 22:26:31,814 INFO  client.GrpcClientProtocolClient (GrpcClientProtocolClient.java:onNext(254)) - client-43E682E1E07B->d5132e6f-def8-45c0-b0d2-c5ba43d86628: receive RaftClientReply:client-43E682E1E07B->d5132e6f-def8-45c0-b0d2-c5ba43d86628@group-C29775A8E805, cid=278, SUCCESS, logIndex=489, commits[d5132e6f-def8-45c0-b0d2-c5ba43d86628:c489]
2019-06-13 22:26:31,819 INFO  client.GrpcClientProtocolClient (GrpcClientProtocolClient.java:onNext(254)) - client-43E682E1E07B->d5132e6f-def8-45c0-b0d2-c5ba43d86628: receive RaftClientReply:client-43E682E1E07B->d5132e6f-def8-45c0-b0d2-c5ba43d86628@group-C29775A8E805, cid=279, SUCCESS, logIndex=491, commits[d5132e6f-def8-45c0-b0d2-c5ba43d86628:c491]
2019-06-13 22:26:31,820 INFO  client.GrpcClientProtocolClient (GrpcClientProtocolClient.java:onNext(254)) - client-43E682E1E07B->d5132e6f-def8-45c0-b0d2-c5ba43d86628: receive RaftClientReply:client-43E682E1E07B->d5132e6f-def8-45c0-b0d2-c5ba43d86628@group-C29775A8E805, cid=280, SUCCESS, logIndex=492, commits[d5132e6f-def8-45c0-b0d2-c5ba43d86628:c492]
2019-06-13 22:26:31,834 INFO  client.GrpcClientProtocolClient (GrpcClientProtocolClient.java:onNext(254)) - client-43E682E1E07B->d5132e6f-def8-45c0-b0d2-c5ba43d86628: receive RaftClientReply:client-43E682E1E07B->d5132e6f-def8-45c0-b0d2-c5ba43d86628@group-C29775A8E805, cid=281, SUCCESS, logIndex=495, commits[d5132e6f-def8-45c0-b0d2-c5ba43d86628:c495]
2019-06-13 22:26:31,836 INFO  client.GrpcClientProtocolClient (GrpcClientProtocolClient.java:onNext(254)) - client-43E682E1E07B->d5132e6f-def8-45c0-b0d2-c5ba43d86628: receive RaftClientReply:client-43E682E1E07B->d5132e6f-def8-45c0-b0d2-c5ba43d86628@group-C29775A8E805, cid=282, SUCCESS, logIndex=497, commits[d5132e6f-def8-45c0-b0d2-c5ba43d86628:c497]
2019-06-13 22:26:31,840 INFO  client.GrpcClientProtocolClient (GrpcClientProtocolClient.java:onNext(254)) - client-43E682E1E07B->d5132e6f-def8-45c0-b0d2-c5ba43d86628: receive RaftClientReply:client-43E682E1E07B->d5132e6f-def8-45c0-b0d2-c5ba43d86628@group-C29775A8E805, cid=283, SUCCESS, logIndex=499, commits[d5132e6f-def8-45c0-b0d2-c5ba43d86628:c500]
2019-06-13 22:26:31,841 INFO  client.GrpcClientProtocolClient (GrpcClientProtocolClient.java:onNext(254)) - client-43E682E1E07B->d5132e6f-def8-45c0-b0d2-c5ba43d86628: receive RaftClientReply:client-43E682E1E07B->d5132e6f-def8-45c0-b0d2-c5ba43d86628@group-C29775A8E805, cid=284, SUCCESS, logIndex=500, commits[d5132e6f-def8-45c0-b0d2-c5ba43d86628:c500]
2019-06-13 22:26:31,845 DEBUG block.SCMBlockDeletingService (SCMBlockDeletingService.java:call(138)) - Running DeletedBlockTransactionScanner
2019-06-13 22:26:31,845 DEBUG block.SCMBlockDeletingService (SCMBlockDeletingService.java:call(155)) - Scanned deleted blocks log and got 0 delTX to process.
2019-06-13 22:26:31,849 INFO  client.GrpcClientProtocolClient (GrpcClientProtocolClient.java:onNext(254)) - client-43E682E1E07B->d5132e6f-def8-45c0-b0d2-c5ba43d86628: receive RaftClientReply:client-43E682E1E07B->d5132e6f-def8-45c0-b0d2-c5ba43d86628@group-C29775A8E805, cid=285, SUCCESS, logIndex=502, commits[d5132e6f-def8-45c0-b0d2-c5ba43d86628:c502]
2019-06-13 22:26:31,853 INFO  client.GrpcClientProtocolClient (GrpcClientProtocolClient.java:onNext(254)) - client-43E682E1E07B->d5132e6f-def8-45c0-b0d2-c5ba43d86628: receive RaftClientReply:client-43E682E1E07B->d5132e6f-def8-45c0-b0d2-c5ba43d86628@group-C29775A8E805, cid=286, SUCCESS, logIndex=504, commits[d5132e6f-def8-45c0-b0d2-c5ba43d86628:c504]
2019-06-13 22:26:31,854 INFO  client.GrpcClientProtocolClient (GrpcClientProtocolClient.java:onNext(254)) - client-43E682E1E07B->d5132e6f-def8-45c0-b0d2-c5ba43d86628: receive RaftClientReply:client-43E682E1E07B->d5132e6f-def8-45c0-b0d2-c5ba43d86628@group-C29775A8E805, cid=287, SUCCESS, logIndex=505, commits[d5132e6f-def8-45c0-b0d2-c5ba43d86628:c507]
2019-06-13 22:26:31,855 INFO  client.GrpcClientProtocolClient (GrpcClientProtocolClient.java:onNext(254)) - client-43E682E1E07B->d5132e6f-def8-45c0-b0d2-c5ba43d86628: receive RaftClientReply:client-43E682E1E07B->d5132e6f-def8-45c0-b0d2-c5ba43d86628@group-C29775A8E805, cid=288, SUCCESS, logIndex=506, commits[d5132e6f-def8-45c0-b0d2-c5ba43d86628:c507]
2019-06-13 22:26:31,918 INFO  client.GrpcClientProtocolClient (GrpcClientProtocolClient.java:onNext(254)) - client-43E682E1E07B->d5132e6f-def8-45c0-b0d2-c5ba43d86628: receive RaftClientReply:client-43E682E1E07B->d5132e6f-def8-45c0-b0d2-c5ba43d86628@group-C29775A8E805, cid=289, SUCCESS, logIndex=509, commits[d5132e6f-def8-45c0-b0d2-c5ba43d86628:c509]
2019-06-13 22:26:31,926 INFO  client.GrpcClientProtocolClient (GrpcClientProtocolClient.java:onNext(254)) - client-43E682E1E07B->d5132e6f-def8-45c0-b0d2-c5ba43d86628: receive RaftClientReply:client-43E682E1E07B->d5132e6f-def8-45c0-b0d2-c5ba43d86628@group-C29775A8E805, cid=290, SUCCESS, logIndex=511, commits[d5132e6f-def8-45c0-b0d2-c5ba43d86628:c511]
2019-06-13 22:26:31,935 INFO  client.GrpcClientProtocolClient (GrpcClientProtocolClient.java:onNext(254)) - client-43E682E1E07B->d5132e6f-def8-45c0-b0d2-c5ba43d86628: receive RaftClientReply:client-43E682E1E07B->d5132e6f-def8-45c0-b0d2-c5ba43d86628@group-C29775A8E805, cid=291, SUCCESS, logIndex=513, commits[d5132e6f-def8-45c0-b0d2-c5ba43d86628:c514]
2019-06-13 22:26:31,935 INFO  client.GrpcClientProtocolClient (GrpcClientProtocolClient.java:onNext(254)) - client-43E682E1E07B->d5132e6f-def8-45c0-b0d2-c5ba43d86628: receive RaftClientReply:client-43E682E1E07B->d5132e6f-def8-45c0-b0d2-c5ba43d86628@group-C29775A8E805, cid=292, SUCCESS, logIndex=514, commits[d5132e6f-def8-45c0-b0d2-c5ba43d86628:c515]
2019-06-13 22:26:31,944 INFO  client.GrpcClientProtocolClient (GrpcClientProtocolClient.java:onNext(254)) - client-43E682E1E07B->d5132e6f-def8-45c0-b0d2-c5ba43d86628: receive RaftClientReply:client-43E682E1E07B->d5132e6f-def8-45c0-b0d2-c5ba43d86628@group-C29775A8E805, cid=293, SUCCESS, logIndex=516, commits[d5132e6f-def8-45c0-b0d2-c5ba43d86628:c516]
2019-06-13 22:26:31,945 DEBUG block.SCMBlockDeletingService (SCMBlockDeletingService.java:call(138)) - Running DeletedBlockTransactionScanner
2019-06-13 22:26:31,945 DEBUG block.SCMBlockDeletingService (SCMBlockDeletingService.java:call(155)) - Scanned deleted blocks log and got 0 delTX to process.
2019-06-13 22:26:31,951 INFO  client.GrpcClientProtocolClient (GrpcClientProtocolClient.java:onNext(254)) - client-43E682E1E07B->d5132e6f-def8-45c0-b0d2-c5ba43d86628: receive RaftClientReply:client-43E682E1E07B->d5132e6f-def8-45c0-b0d2-c5ba43d86628@group-C29775A8E805, cid=294, SUCCESS, logIndex=518, commits[d5132e6f-def8-45c0-b0d2-c5ba43d86628:c518]
2019-06-13 22:26:31,962 INFO  client.GrpcClientProtocolClient (GrpcClientProtocolClient.java:onNext(254)) - client-43E682E1E07B->d5132e6f-def8-45c0-b0d2-c5ba43d86628: receive RaftClientReply:client-43E682E1E07B->d5132e6f-def8-45c0-b0d2-c5ba43d86628@group-C29775A8E805, cid=295, SUCCESS, logIndex=519, commits[d5132e6f-def8-45c0-b0d2-c5ba43d86628:c520]
2019-06-13 22:26:31,962 INFO  client.GrpcClientProtocolClient (GrpcClientProtocolClient.java:onNext(254)) - client-43E682E1E07B->d5132e6f-def8-45c0-b0d2-c5ba43d86628: receive RaftClientReply:client-43E682E1E07B->d5132e6f-def8-45c0-b0d2-c5ba43d86628@group-C29775A8E805, cid=296, SUCCESS, logIndex=521, commits[d5132e6f-def8-45c0-b0d2-c5ba43d86628:c521]
2019-06-13 22:26:31,978 INFO  client.GrpcClientProtocolClient (GrpcClientProtocolClient.java:onNext(254)) - client-43E682E1E07B->d5132e6f-def8-45c0-b0d2-c5ba43d86628: receive RaftClientReply:client-43E682E1E07B->d5132e6f-def8-45c0-b0d2-c5ba43d86628@group-C29775A8E805, cid=297, SUCCESS, logIndex=523, commits[d5132e6f-def8-45c0-b0d2-c5ba43d86628:c523]
2019-06-13 22:26:31,982 INFO  client.GrpcClientProtocolClient (GrpcClientProtocolClient.java:onNext(254)) - client-43E682E1E07B->d5132e6f-def8-45c0-b0d2-c5ba43d86628: receive RaftClientReply:client-43E682E1E07B->d5132e6f-def8-45c0-b0d2-c5ba43d86628@group-C29775A8E805, cid=298, SUCCESS, logIndex=525, commits[d5132e6f-def8-45c0-b0d2-c5ba43d86628:c525]
2019-06-13 22:26:31,983 INFO  client.GrpcClientProtocolClient (GrpcClientProtocolClient.java:onNext(254)) - client-43E682E1E07B->d5132e6f-def8-45c0-b0d2-c5ba43d86628: receive RaftClientReply:client-43E682E1E07B->d5132e6f-def8-45c0-b0d2-c5ba43d86628@group-C29775A8E805, cid=299, SUCCESS, logIndex=526, commits[d5132e6f-def8-45c0-b0d2-c5ba43d86628:c526]
2019-06-13 22:26:31,984 INFO  client.GrpcClientProtocolClient (GrpcClientProtocolClient.java:onNext(254)) - client-43E682E1E07B->d5132e6f-def8-45c0-b0d2-c5ba43d86628: receive RaftClientReply:client-43E682E1E07B->d5132e6f-def8-45c0-b0d2-c5ba43d86628@group-C29775A8E805, cid=300, SUCCESS, logIndex=528, commits[d5132e6f-def8-45c0-b0d2-c5ba43d86628:c529]
2019-06-13 22:26:31,992 INFO  client.GrpcClientProtocolClient (GrpcClientProtocolClient.java:onNext(254)) - client-43E682E1E07B->d5132e6f-def8-45c0-b0d2-c5ba43d86628: receive RaftClientReply:client-43E682E1E07B->d5132e6f-def8-45c0-b0d2-c5ba43d86628@group-C29775A8E805, cid=301, SUCCESS, logIndex=531, commits[d5132e6f-def8-45c0-b0d2-c5ba43d86628:c531]
2019-06-13 22:26:31,993 INFO  storage.RaftLogWorker (RaftLogWorker.java:rollLogSegment(303)) - d5132e6f-def8-45c0-b0d2-c5ba43d86628-RaftLogWorker: Rolling segment log-456_532 to index:532
2019-06-13 22:26:31,994 INFO  storage.RaftLogWorker (RaftLogWorker.java:execute(433)) - d5132e6f-def8-45c0-b0d2-c5ba43d86628-RaftLogWorker: Rolled log segment from /opt/src/hadoop-ozone/integration-test/target/test-dir/MiniOzoneClusterImpl-e9ea07bb-4900-4b53-96c1-68f0ab556a80/datanode-0/data/ratis/c7035dd3-cd4a-42fb-880d-c29775a8e805/current/log_inprogress_456 to /opt/src/hadoop-ozone/integration-test/target/test-dir/MiniOzoneClusterImpl-e9ea07bb-4900-4b53-96c1-68f0ab556a80/datanode-0/data/ratis/c7035dd3-cd4a-42fb-880d-c29775a8e805/current/log_456-532
2019-06-13 22:26:32,032 INFO  storage.RaftLogWorker (RaftLogWorker.java:execute(469)) - d5132e6f-def8-45c0-b0d2-c5ba43d86628-RaftLogWorker: created new log segment /opt/src/hadoop-ozone/integration-test/target/test-dir/MiniOzoneClusterImpl-e9ea07bb-4900-4b53-96c1-68f0ab556a80/datanode-0/data/ratis/c7035dd3-cd4a-42fb-880d-c29775a8e805/current/log_inprogress_533
2019-06-13 22:26:32,034 INFO  client.GrpcClientProtocolClient (GrpcClientProtocolClient.java:onNext(254)) - client-43E682E1E07B->d5132e6f-def8-45c0-b0d2-c5ba43d86628: receive RaftClientReply:client-43E682E1E07B->d5132e6f-def8-45c0-b0d2-c5ba43d86628@group-C29775A8E805, cid=302, SUCCESS, logIndex=533, commits[d5132e6f-def8-45c0-b0d2-c5ba43d86628:c535]
2019-06-13 22:26:32,036 INFO  client.GrpcClientProtocolClient (GrpcClientProtocolClient.java:onNext(254)) - client-43E682E1E07B->d5132e6f-def8-45c0-b0d2-c5ba43d86628: receive RaftClientReply:client-43E682E1E07B->d5132e6f-def8-45c0-b0d2-c5ba43d86628@group-C29775A8E805, cid=303, SUCCESS, logIndex=534, commits[d5132e6f-def8-45c0-b0d2-c5ba43d86628:c535]
2019-06-13 22:26:32,037 INFO  client.GrpcClientProtocolClient (GrpcClientProtocolClient.java:onNext(254)) - client-43E682E1E07B->d5132e6f-def8-45c0-b0d2-c5ba43d86628: receive RaftClientReply:client-43E682E1E07B->d5132e6f-def8-45c0-b0d2-c5ba43d86628@group-C29775A8E805, cid=304, SUCCESS, logIndex=535, commits[d5132e6f-def8-45c0-b0d2-c5ba43d86628:c536]
2019-06-13 22:26:32,046 DEBUG block.SCMBlockDeletingService (SCMBlockDeletingService.java:call(138)) - Running DeletedBlockTransactionScanner
2019-06-13 22:26:32,046 DEBUG block.SCMBlockDeletingService (SCMBlockDeletingService.java:call(155)) - Scanned deleted blocks log and got 0 delTX to process.
2019-06-13 22:26:32,052 INFO  client.GrpcClientProtocolClient (GrpcClientProtocolClient.java:onNext(254)) - client-43E682E1E07B->d5132e6f-def8-45c0-b0d2-c5ba43d86628: receive RaftClientReply:client-43E682E1E07B->d5132e6f-def8-45c0-b0d2-c5ba43d86628@group-C29775A8E805, cid=305, SUCCESS, logIndex=537, commits[d5132e6f-def8-45c0-b0d2-c5ba43d86628:c537]
2019-06-13 22:26:32,057 INFO  client.GrpcClientProtocolClient (GrpcClientProtocolClient.java:onNext(254)) - client-43E682E1E07B->d5132e6f-def8-45c0-b0d2-c5ba43d86628: receive RaftClientReply:client-43E682E1E07B->d5132e6f-def8-45c0-b0d2-c5ba43d86628@group-C29775A8E805, cid=306, SUCCESS, logIndex=539, commits[d5132e6f-def8-45c0-b0d2-c5ba43d86628:c539]
2019-06-13 22:26:32,059 INFO  client.GrpcClientProtocolClient (GrpcClientProtocolClient.java:onNext(254)) - client-43E682E1E07B->d5132e6f-def8-45c0-b0d2-c5ba43d86628: receive RaftClientReply:client-43E682E1E07B->d5132e6f-def8-45c0-b0d2-c5ba43d86628@group-C29775A8E805, cid=307, SUCCESS, logIndex=540, commits[d5132e6f-def8-45c0-b0d2-c5ba43d86628:c541]
2019-06-13 22:26:32,059 INFO  client.GrpcClientProtocolClient (GrpcClientProtocolClient.java:onNext(254)) - client-43E682E1E07B->d5132e6f-def8-45c0-b0d2-c5ba43d86628: receive RaftClientReply:client-43E682E1E07B->d5132e6f-def8-45c0-b0d2-c5ba43d86628@group-C29775A8E805, cid=308, SUCCESS, logIndex=541, commits[d5132e6f-def8-45c0-b0d2-c5ba43d86628:c542]
2019-06-13 22:26:32,137 INFO  client.GrpcClientProtocolClient (GrpcClientProtocolClient.java:onNext(254)) - client-43E682E1E07B->d5132e6f-def8-45c0-b0d2-c5ba43d86628: receive RaftClientReply:client-43E682E1E07B->d5132e6f-def8-45c0-b0d2-c5ba43d86628@group-C29775A8E805, cid=309, SUCCESS, logIndex=544, commits[d5132e6f-def8-45c0-b0d2-c5ba43d86628:c544]
2019-06-13 22:26:32,139 INFO  client.GrpcClientProtocolClient (GrpcClientProtocolClient.java:onNext(254)) - client-43E682E1E07B->d5132e6f-def8-45c0-b0d2-c5ba43d86628: receive RaftClientReply:client-43E682E1E07B->d5132e6f-def8-45c0-b0d2-c5ba43d86628@group-C29775A8E805, cid=310, SUCCESS, logIndex=546, commits[d5132e6f-def8-45c0-b0d2-c5ba43d86628:c546]
2019-06-13 22:26:32,143 INFO  client.GrpcClientProtocolClient (GrpcClientProtocolClient.java:onNext(254)) - client-43E682E1E07B->d5132e6f-def8-45c0-b0d2-c5ba43d86628: receive RaftClientReply:client-43E682E1E07B->d5132e6f-def8-45c0-b0d2-c5ba43d86628@group-C29775A8E805, cid=311, SUCCESS, logIndex=548, commits[d5132e6f-def8-45c0-b0d2-c5ba43d86628:c548]
2019-06-13 22:26:32,146 INFO  client.GrpcClientProtocolClient (GrpcClientProtocolClient.java:onNext(254)) - client-43E682E1E07B->d5132e6f-def8-45c0-b0d2-c5ba43d86628: receive RaftClientReply:client-43E682E1E07B->d5132e6f-def8-45c0-b0d2-c5ba43d86628@group-C29775A8E805, cid=312, SUCCESS, logIndex=549, commits[d5132e6f-def8-45c0-b0d2-c5ba43d86628:c549]
2019-06-13 22:26:32,149 DEBUG block.SCMBlockDeletingService (SCMBlockDeletingService.java:call(138)) - Running DeletedBlockTransactionScanner
2019-06-13 22:26:32,149 DEBUG block.SCMBlockDeletingService (SCMBlockDeletingService.java:call(155)) - Scanned deleted blocks log and got 0 delTX to process.
2019-06-13 22:26:32,163 INFO  client.GrpcClientProtocolClient (GrpcClientProtocolClient.java:onNext(254)) - client-43E682E1E07B->d5132e6f-def8-45c0-b0d2-c5ba43d86628: receive RaftClientReply:client-43E682E1E07B->d5132e6f-def8-45c0-b0d2-c5ba43d86628@group-C29775A8E805, cid=313, SUCCESS, logIndex=552, commits[d5132e6f-def8-45c0-b0d2-c5ba43d86628:c552]
2019-06-13 22:26:32,166 INFO  client.GrpcClientProtocolClient (GrpcClientProtocolClient.java:onNext(254)) - client-43E682E1E07B->d5132e6f-def8-45c0-b0d2-c5ba43d86628: receive RaftClientReply:client-43E682E1E07B->d5132e6f-def8-45c0-b0d2-c5ba43d86628@group-C29775A8E805, cid=314, SUCCESS, logIndex=554, commits[d5132e6f-def8-45c0-b0d2-c5ba43d86628:c554]
2019-06-13 22:26:32,167 INFO  client.GrpcClientProtocolClient (GrpcClientProtocolClient.java:onNext(254)) - client-43E682E1E07B->d5132e6f-def8-45c0-b0d2-c5ba43d86628: receive RaftClientReply:client-43E682E1E07B->d5132e6f-def8-45c0-b0d2-c5ba43d86628@group-C29775A8E805, cid=315, SUCCESS, logIndex=555, commits[d5132e6f-def8-45c0-b0d2-c5ba43d86628:c555]
2019-06-13 22:26:32,171 INFO  client.GrpcClientProtocolClient (GrpcClientProtocolClient.java:onNext(254)) - client-43E682E1E07B->d5132e6f-def8-45c0-b0d2-c5ba43d86628: receive RaftClientReply:client-43E682E1E07B->d5132e6f-def8-45c0-b0d2-c5ba43d86628@group-C29775A8E805, cid=316, SUCCESS, logIndex=558, commits[d5132e6f-def8-45c0-b0d2-c5ba43d86628:c558]
2019-06-13 22:26:32,182 INFO  client.GrpcClientProtocolClient (GrpcClientProtocolClient.java:onNext(254)) - client-43E682E1E07B->d5132e6f-def8-45c0-b0d2-c5ba43d86628: receive RaftClientReply:client-43E682E1E07B->d5132e6f-def8-45c0-b0d2-c5ba43d86628@group-C29775A8E805, cid=317, SUCCESS, logIndex=560, commits[d5132e6f-def8-45c0-b0d2-c5ba43d86628:c560]
2019-06-13 22:26:32,195 INFO  client.GrpcClientProtocolClient (GrpcClientProtocolClient.java:onNext(254)) - client-43E682E1E07B->d5132e6f-def8-45c0-b0d2-c5ba43d86628: receive RaftClientReply:client-43E682E1E07B->d5132e6f-def8-45c0-b0d2-c5ba43d86628@group-C29775A8E805, cid=318, SUCCESS, logIndex=562, commits[d5132e6f-def8-45c0-b0d2-c5ba43d86628:c562]
2019-06-13 22:26:32,199 INFO  client.GrpcClientProtocolClient (GrpcClientProtocolClient.java:onNext(254)) - client-43E682E1E07B->d5132e6f-def8-45c0-b0d2-c5ba43d86628: receive RaftClientReply:client-43E682E1E07B->d5132e6f-def8-45c0-b0d2-c5ba43d86628@group-C29775A8E805, cid=319, SUCCESS, logIndex=563, commits[d5132e6f-def8-45c0-b0d2-c5ba43d86628:c565]
2019-06-13 22:26:32,202 INFO  client.GrpcClientProtocolClient (GrpcClientProtocolClient.java:onNext(254)) - client-43E682E1E07B->d5132e6f-def8-45c0-b0d2-c5ba43d86628: receive RaftClientReply:client-43E682E1E07B->d5132e6f-def8-45c0-b0d2-c5ba43d86628@group-C29775A8E805, cid=320, SUCCESS, logIndex=565, commits[d5132e6f-def8-45c0-b0d2-c5ba43d86628:c565]
2019-06-13 22:26:32,217 INFO  client.GrpcClientProtocolClient (GrpcClientProtocolClient.java:onNext(254)) - client-43E682E1E07B->d5132e6f-def8-45c0-b0d2-c5ba43d86628: receive RaftClientReply:client-43E682E1E07B->d5132e6f-def8-45c0-b0d2-c5ba43d86628@group-C29775A8E805, cid=321, SUCCESS, logIndex=567, commits[d5132e6f-def8-45c0-b0d2-c5ba43d86628:c567]
2019-06-13 22:26:32,226 INFO  client.GrpcClientProtocolClient (GrpcClientProtocolClient.java:onNext(254)) - client-43E682E1E07B->d5132e6f-def8-45c0-b0d2-c5ba43d86628: receive RaftClientReply:client-43E682E1E07B->d5132e6f-def8-45c0-b0d2-c5ba43d86628@group-C29775A8E805, cid=322, SUCCESS, logIndex=569, commits[d5132e6f-def8-45c0-b0d2-c5ba43d86628:c569]
2019-06-13 22:26:32,230 INFO  client.GrpcClientProtocolClient (GrpcClientProtocolClient.java:onNext(254)) - client-43E682E1E07B->d5132e6f-def8-45c0-b0d2-c5ba43d86628: receive RaftClientReply:client-43E682E1E07B->d5132e6f-def8-45c0-b0d2-c5ba43d86628@group-C29775A8E805, cid=323, SUCCESS, logIndex=570, commits[d5132e6f-def8-45c0-b0d2-c5ba43d86628:c571]
2019-06-13 22:26:32,230 INFO  client.GrpcClientProtocolClient (GrpcClientProtocolClient.java:onNext(254)) - client-43E682E1E07B->d5132e6f-def8-45c0-b0d2-c5ba43d86628: receive RaftClientReply:client-43E682E1E07B->d5132e6f-def8-45c0-b0d2-c5ba43d86628@group-C29775A8E805, cid=324, SUCCESS, logIndex=572, commits[d5132e6f-def8-45c0-b0d2-c5ba43d86628:c572]
2019-06-13 22:26:32,247 INFO  client.GrpcClientProtocolClient (GrpcClientProtocolClient.java:onNext(254)) - client-43E682E1E07B->d5132e6f-def8-45c0-b0d2-c5ba43d86628: receive RaftClientReply:client-43E682E1E07B->d5132e6f-def8-45c0-b0d2-c5ba43d86628@group-C29775A8E805, cid=325, SUCCESS, logIndex=574, commits[d5132e6f-def8-45c0-b0d2-c5ba43d86628:c574]
2019-06-13 22:26:32,250 DEBUG block.SCMBlockDeletingService (SCMBlockDeletingService.java:call(138)) - Running DeletedBlockTransactionScanner
2019-06-13 22:26:32,250 DEBUG block.SCMBlockDeletingService (SCMBlockDeletingService.java:call(155)) - Scanned deleted blocks log and got 0 delTX to process.
2019-06-13 22:26:32,251 INFO  client.GrpcClientProtocolClient (GrpcClientProtocolClient.java:onNext(254)) - client-43E682E1E07B->d5132e6f-def8-45c0-b0d2-c5ba43d86628: receive RaftClientReply:client-43E682E1E07B->d5132e6f-def8-45c0-b0d2-c5ba43d86628@group-C29775A8E805, cid=326, SUCCESS, logIndex=576, commits[d5132e6f-def8-45c0-b0d2-c5ba43d86628:c576]
2019-06-13 22:26:32,252 INFO  client.GrpcClientProtocolClient (GrpcClientProtocolClient.java:onNext(254)) - client-43E682E1E07B->d5132e6f-def8-45c0-b0d2-c5ba43d86628: receive RaftClientReply:client-43E682E1E07B->d5132e6f-def8-45c0-b0d2-c5ba43d86628@group-C29775A8E805, cid=327, SUCCESS, logIndex=577, commits[d5132e6f-def8-45c0-b0d2-c5ba43d86628:c579]
2019-06-13 22:26:32,253 INFO  client.GrpcClientProtocolClient (GrpcClientProtocolClient.java:onNext(254)) - client-43E682E1E07B->d5132e6f-def8-45c0-b0d2-c5ba43d86628: receive RaftClientReply:client-43E682E1E07B->d5132e6f-def8-45c0-b0d2-c5ba43d86628@group-C29775A8E805, cid=328, SUCCESS, logIndex=579, commits[d5132e6f-def8-45c0-b0d2-c5ba43d86628:c580]
2019-06-13 22:26:32,269 INFO  client.GrpcClientProtocolClient (GrpcClientProtocolClient.java:onNext(254)) - client-43E682E1E07B->d5132e6f-def8-45c0-b0d2-c5ba43d86628: receive RaftClientReply:client-43E682E1E07B->d5132e6f-def8-45c0-b0d2-c5ba43d86628@group-C29775A8E805, cid=329, SUCCESS, logIndex=581, commits[d5132e6f-def8-45c0-b0d2-c5ba43d86628:c582]
2019-06-13 22:26:32,279 INFO  client.GrpcClientProtocolClient (GrpcClientProtocolClient.java:onNext(254)) - client-43E682E1E07B->d5132e6f-def8-45c0-b0d2-c5ba43d86628: receive RaftClientReply:client-43E682E1E07B->d5132e6f-def8-45c0-b0d2-c5ba43d86628@group-C29775A8E805, cid=330, SUCCESS, logIndex=583, commits[d5132e6f-def8-45c0-b0d2-c5ba43d86628:c583]
2019-06-13 22:26:32,285 INFO  client.GrpcClientProtocolClient (GrpcClientProtocolClient.java:onNext(254)) - client-43E682E1E07B->d5132e6f-def8-45c0-b0d2-c5ba43d86628: receive RaftClientReply:client-43E682E1E07B->d5132e6f-def8-45c0-b0d2-c5ba43d86628@group-C29775A8E805, cid=331, SUCCESS, logIndex=584, commits[d5132e6f-def8-45c0-b0d2-c5ba43d86628:c586]
2019-06-13 22:26:32,286 INFO  client.GrpcClientProtocolClient (GrpcClientProtocolClient.java:onNext(254)) - client-43E682E1E07B->d5132e6f-def8-45c0-b0d2-c5ba43d86628: receive RaftClientReply:client-43E682E1E07B->d5132e6f-def8-45c0-b0d2-c5ba43d86628@group-C29775A8E805, cid=332, SUCCESS, logIndex=587, commits[d5132e6f-def8-45c0-b0d2-c5ba43d86628:c587]
2019-06-13 22:26:32,299 INFO  client.GrpcClientProtocolClient (GrpcClientProtocolClient.java:onNext(254)) - client-43E682E1E07B->d5132e6f-def8-45c0-b0d2-c5ba43d86628: receive RaftClientReply:client-43E682E1E07B->d5132e6f-def8-45c0-b0d2-c5ba43d86628@group-C29775A8E805, cid=333, SUCCESS, logIndex=589, commits[d5132e6f-def8-45c0-b0d2-c5ba43d86628:c589]
2019-06-13 22:26:32,304 INFO  client.GrpcClientProtocolClient (GrpcClientProtocolClient.java:onNext(254)) - client-43E682E1E07B->d5132e6f-def8-45c0-b0d2-c5ba43d86628: receive RaftClientReply:client-43E682E1E07B->d5132e6f-def8-45c0-b0d2-c5ba43d86628@group-C29775A8E805, cid=334, SUCCESS, logIndex=591, commits[d5132e6f-def8-45c0-b0d2-c5ba43d86628:c591]
2019-06-13 22:26:32,306 INFO  client.GrpcClientProtocolClient (GrpcClientProtocolClient.java:onNext(254)) - client-43E682E1E07B->d5132e6f-def8-45c0-b0d2-c5ba43d86628: receive RaftClientReply:client-43E682E1E07B->d5132e6f-def8-45c0-b0d2-c5ba43d86628@group-C29775A8E805, cid=335, SUCCESS, logIndex=592, commits[d5132e6f-def8-45c0-b0d2-c5ba43d86628:c592]
2019-06-13 22:26:32,307 INFO  client.GrpcClientProtocolClient (GrpcClientProtocolClient.java:onNext(254)) - client-43E682E1E07B->d5132e6f-def8-45c0-b0d2-c5ba43d86628: receive RaftClientReply:client-43E682E1E07B->d5132e6f-def8-45c0-b0d2-c5ba43d86628@group-C29775A8E805, cid=336, SUCCESS, logIndex=594, commits[d5132e6f-def8-45c0-b0d2-c5ba43d86628:c595]
2019-06-13 22:26:32,321 INFO  client.GrpcClientProtocolClient (GrpcClientProtocolClient.java:onNext(254)) - client-43E682E1E07B->d5132e6f-def8-45c0-b0d2-c5ba43d86628: receive RaftClientReply:client-43E682E1E07B->d5132e6f-def8-45c0-b0d2-c5ba43d86628@group-C29775A8E805, cid=337, SUCCESS, logIndex=596, commits[d5132e6f-def8-45c0-b0d2-c5ba43d86628:c596]
2019-06-13 22:26:32,324 INFO  client.GrpcClientProtocolClient (GrpcClientProtocolClient.java:onNext(254)) - client-43E682E1E07B->d5132e6f-def8-45c0-b0d2-c5ba43d86628: receive RaftClientReply:client-43E682E1E07B->d5132e6f-def8-45c0-b0d2-c5ba43d86628@group-C29775A8E805, cid=338, SUCCESS, logIndex=598, commits[d5132e6f-def8-45c0-b0d2-c5ba43d86628:c598]
2019-06-13 22:26:32,338 INFO  client.GrpcClientProtocolClient (GrpcClientProtocolClient.java:onNext(254)) - client-43E682E1E07B->d5132e6f-def8-45c0-b0d2-c5ba43d86628: receive RaftClientReply:client-43E682E1E07B->d5132e6f-def8-45c0-b0d2-c5ba43d86628@group-C29775A8E805, cid=339, SUCCESS, logIndex=600, commits[d5132e6f-def8-45c0-b0d2-c5ba43d86628:c600]
2019-06-13 22:26:32,342 INFO  client.GrpcClientProtocolClient (GrpcClientProtocolClient.java:onNext(254)) - client-43E682E1E07B->d5132e6f-def8-45c0-b0d2-c5ba43d86628: receive RaftClientReply:client-43E682E1E07B->d5132e6f-def8-45c0-b0d2-c5ba43d86628@group-C29775A8E805, cid=340, SUCCESS, logIndex=601, commits[d5132e6f-def8-45c0-b0d2-c5ba43d86628:c602]
2019-06-13 22:26:32,351 DEBUG block.SCMBlockDeletingService (SCMBlockDeletingService.java:call(138)) - Running DeletedBlockTransactionScanner
2019-06-13 22:26:32,351 DEBUG block.SCMBlockDeletingService (SCMBlockDeletingService.java:call(155)) - Scanned deleted blocks log and got 0 delTX to process.
2019-06-13 22:26:32,358 INFO  client.GrpcClientProtocolClient (GrpcClientProtocolClient.java:onNext(254)) - client-43E682E1E07B->d5132e6f-def8-45c0-b0d2-c5ba43d86628: receive RaftClientReply:client-43E682E1E07B->d5132e6f-def8-45c0-b0d2-c5ba43d86628@group-C29775A8E805, cid=341, SUCCESS, logIndex=603, commits[d5132e6f-def8-45c0-b0d2-c5ba43d86628:c603]
2019-06-13 22:26:32,362 INFO  storage.RaftLogWorker (RaftLogWorker.java:rollLogSegment(303)) - d5132e6f-def8-45c0-b0d2-c5ba43d86628-RaftLogWorker: Rolling segment log-533_607 to index:607
2019-06-13 22:26:32,363 INFO  storage.RaftLogWorker (RaftLogWorker.java:execute(433)) - d5132e6f-def8-45c0-b0d2-c5ba43d86628-RaftLogWorker: Rolled log segment from /opt/src/hadoop-ozone/integration-test/target/test-dir/MiniOzoneClusterImpl-e9ea07bb-4900-4b53-96c1-68f0ab556a80/datanode-0/data/ratis/c7035dd3-cd4a-42fb-880d-c29775a8e805/current/log_inprogress_533 to /opt/src/hadoop-ozone/integration-test/target/test-dir/MiniOzoneClusterImpl-e9ea07bb-4900-4b53-96c1-68f0ab556a80/datanode-0/data/ratis/c7035dd3-cd4a-42fb-880d-c29775a8e805/current/log_533-607
2019-06-13 22:26:32,378 INFO  client.GrpcClientProtocolClient (GrpcClientProtocolClient.java:onNext(254)) - client-43E682E1E07B->d5132e6f-def8-45c0-b0d2-c5ba43d86628: receive RaftClientReply:client-43E682E1E07B->d5132e6f-def8-45c0-b0d2-c5ba43d86628@group-C29775A8E805, cid=342, SUCCESS, logIndex=605, commits[d5132e6f-def8-45c0-b0d2-c5ba43d86628:c605]
2019-06-13 22:26:32,379 INFO  client.GrpcClientProtocolClient (GrpcClientProtocolClient.java:onNext(254)) - client-43E682E1E07B->d5132e6f-def8-45c0-b0d2-c5ba43d86628: receive RaftClientReply:client-43E682E1E07B->d5132e6f-def8-45c0-b0d2-c5ba43d86628@group-C29775A8E805, cid=343, SUCCESS, logIndex=606, commits[d5132e6f-def8-45c0-b0d2-c5ba43d86628:c607]
2019-06-13 22:26:32,410 INFO  storage.RaftLogWorker (RaftLogWorker.java:execute(469)) - d5132e6f-def8-45c0-b0d2-c5ba43d86628-RaftLogWorker: created new log segment /opt/src/hadoop-ozone/integration-test/target/test-dir/MiniOzoneClusterImpl-e9ea07bb-4900-4b53-96c1-68f0ab556a80/datanode-0/data/ratis/c7035dd3-cd4a-42fb-880d-c29775a8e805/current/log_inprogress_608
2019-06-13 22:26:32,413 INFO  client.GrpcClientProtocolClient (GrpcClientProtocolClient.java:onNext(254)) - client-43E682E1E07B->d5132e6f-def8-45c0-b0d2-c5ba43d86628: receive RaftClientReply:client-43E682E1E07B->d5132e6f-def8-45c0-b0d2-c5ba43d86628@group-C29775A8E805, cid=344, SUCCESS, logIndex=608, commits[d5132e6f-def8-45c0-b0d2-c5ba43d86628:c609]
2019-06-13 22:26:32,643 DEBUG block.SCMBlockDeletingService (SCMBlockDeletingService.java:call(138)) - Running DeletedBlockTransactionScanner
2019-06-13 22:26:32,643 DEBUG block.SCMBlockDeletingService (SCMBlockDeletingService.java:call(155)) - Scanned deleted blocks log and got 0 delTX to process.
2019-06-13 22:26:32,651 INFO  client.GrpcClientProtocolClient (GrpcClientProtocolClient.java:onNext(254)) - client-43E682E1E07B->d5132e6f-def8-45c0-b0d2-c5ba43d86628: receive RaftClientReply:client-43E682E1E07B->d5132e6f-def8-45c0-b0d2-c5ba43d86628@group-C29775A8E805, cid=345, SUCCESS, logIndex=610, commits[d5132e6f-def8-45c0-b0d2-c5ba43d86628:c610]
2019-06-13 22:26:32,659 INFO  client.GrpcClientProtocolClient (GrpcClientProtocolClient.java:onNext(254)) - client-43E682E1E07B->d5132e6f-def8-45c0-b0d2-c5ba43d86628: receive RaftClientReply:client-43E682E1E07B->d5132e6f-def8-45c0-b0d2-c5ba43d86628@group-C29775A8E805, cid=346, SUCCESS, logIndex=612, commits[d5132e6f-def8-45c0-b0d2-c5ba43d86628:c615]
2019-06-13 22:26:32,660 INFO  client.GrpcClientProtocolClient (GrpcClientProtocolClient.java:onNext(254)) - client-43E682E1E07B->d5132e6f-def8-45c0-b0d2-c5ba43d86628: receive RaftClientReply:client-43E682E1E07B->d5132e6f-def8-45c0-b0d2-c5ba43d86628@group-C29775A8E805, cid=347, SUCCESS, logIndex=613, commits[d5132e6f-def8-45c0-b0d2-c5ba43d86628:c615]
2019-06-13 22:26:32,660 INFO  client.GrpcClientProtocolClient (GrpcClientProtocolClient.java:onNext(254)) - client-43E682E1E07B->d5132e6f-def8-45c0-b0d2-c5ba43d86628: receive RaftClientReply:client-43E682E1E07B->d5132e6f-def8-45c0-b0d2-c5ba43d86628@group-C29775A8E805, cid=348, SUCCESS, logIndex=614, commits[d5132e6f-def8-45c0-b0d2-c5ba43d86628:c615]
2019-06-13 22:26:32,671 INFO  client.GrpcClientProtocolClient (GrpcClientProtocolClient.java:onNext(254)) - client-43E682E1E07B->d5132e6f-def8-45c0-b0d2-c5ba43d86628: receive RaftClientReply:client-43E682E1E07B->d5132e6f-def8-45c0-b0d2-c5ba43d86628@group-C29775A8E805, cid=349, SUCCESS, logIndex=616, commits[d5132e6f-def8-45c0-b0d2-c5ba43d86628:c616]
2019-06-13 22:26:32,674 INFO  client.GrpcClientProtocolClient (GrpcClientProtocolClient.java:onNext(254)) - client-43E682E1E07B->d5132e6f-def8-45c0-b0d2-c5ba43d86628: receive RaftClientReply:client-43E682E1E07B->d5132e6f-def8-45c0-b0d2-c5ba43d86628@group-C29775A8E805, cid=350, SUCCESS, logIndex=618, commits[d5132e6f-def8-45c0-b0d2-c5ba43d86628:c618]
2019-06-13 22:26:32,676 INFO  client.GrpcClientProtocolClient (GrpcClientProtocolClient.java:onNext(254)) - client-43E682E1E07B->d5132e6f-def8-45c0-b0d2-c5ba43d86628: receive RaftClientReply:client-43E682E1E07B->d5132e6f-def8-45c0-b0d2-c5ba43d86628@group-C29775A8E805, cid=351, SUCCESS, logIndex=619, commits[d5132e6f-def8-45c0-b0d2-c5ba43d86628:c621]
2019-06-13 22:26:32,677 INFO  client.GrpcClientProtocolClient (GrpcClientProtocolClient.java:onNext(254)) - client-43E682E1E07B->d5132e6f-def8-45c0-b0d2-c5ba43d86628: receive RaftClientReply:client-43E682E1E07B->d5132e6f-def8-45c0-b0d2-c5ba43d86628@group-C29775A8E805, cid=352, SUCCESS, logIndex=621, commits[d5132e6f-def8-45c0-b0d2-c5ba43d86628:c621]
2019-06-13 22:26:32,744 DEBUG block.SCMBlockDeletingService (SCMBlockDeletingService.java:call(138)) - Running DeletedBlockTransactionScanner
2019-06-13 22:26:32,744 DEBUG block.SCMBlockDeletingService (SCMBlockDeletingService.java:call(155)) - Scanned deleted blocks log and got 0 delTX to process.
2019-06-13 22:26:32,758 INFO  client.GrpcClientProtocolClient (GrpcClientProtocolClient.java:onNext(254)) - client-43E682E1E07B->d5132e6f-def8-45c0-b0d2-c5ba43d86628: receive RaftClientReply:client-43E682E1E07B->d5132e6f-def8-45c0-b0d2-c5ba43d86628@group-C29775A8E805, cid=353, SUCCESS, logIndex=623, commits[d5132e6f-def8-45c0-b0d2-c5ba43d86628:c623]
2019-06-13 22:26:32,763 INFO  client.GrpcClientProtocolClient (GrpcClientProtocolClient.java:onNext(254)) - client-43E682E1E07B->d5132e6f-def8-45c0-b0d2-c5ba43d86628: receive RaftClientReply:client-43E682E1E07B->d5132e6f-def8-45c0-b0d2-c5ba43d86628@group-C29775A8E805, cid=354, SUCCESS, logIndex=625, commits[d5132e6f-def8-45c0-b0d2-c5ba43d86628:c625]
2019-06-13 22:26:32,765 INFO  client.GrpcClientProtocolClient (GrpcClientProtocolClient.java:onNext(254)) - client-43E682E1E07B->d5132e6f-def8-45c0-b0d2-c5ba43d86628: receive RaftClientReply:client-43E682E1E07B->d5132e6f-def8-45c0-b0d2-c5ba43d86628@group-C29775A8E805, cid=355, SUCCESS, logIndex=626, commits[d5132e6f-def8-45c0-b0d2-c5ba43d86628:c627]
2019-06-13 22:26:32,766 INFO  client.GrpcClientProtocolClient (GrpcClientProtocolClient.java:onNext(254)) - client-43E682E1E07B->d5132e6f-def8-45c0-b0d2-c5ba43d86628: receive RaftClientReply:client-43E682E1E07B->d5132e6f-def8-45c0-b0d2-c5ba43d86628@group-C29775A8E805, cid=356, SUCCESS, logIndex=627, commits[d5132e6f-def8-45c0-b0d2-c5ba43d86628:c629]
2019-06-13 22:26:32,776 INFO  client.GrpcClientProtocolClient (GrpcClientProtocolClient.java:onNext(254)) - client-43E682E1E07B->d5132e6f-def8-45c0-b0d2-c5ba43d86628: receive RaftClientReply:client-43E682E1E07B->d5132e6f-def8-45c0-b0d2-c5ba43d86628@group-C29775A8E805, cid=357, SUCCESS, logIndex=630, commits[d5132e6f-def8-45c0-b0d2-c5ba43d86628:c630]
2019-06-13 22:26:32,779 INFO  client.GrpcClientProtocolClient (GrpcClientProtocolClient.java:onNext(254)) - client-43E682E1E07B->d5132e6f-def8-45c0-b0d2-c5ba43d86628: receive RaftClientReply:client-43E682E1E07B->d5132e6f-def8-45c0-b0d2-c5ba43d86628@group-C29775A8E805, cid=358, SUCCESS, logIndex=632, commits[d5132e6f-def8-45c0-b0d2-c5ba43d86628:c632]
2019-06-13 22:26:32,780 INFO  client.GrpcClientProtocolClient (GrpcClientProtocolClient.java:onNext(254)) - client-43E682E1E07B->d5132e6f-def8-45c0-b0d2-c5ba43d86628: receive RaftClientReply:client-43E682E1E07B->d5132e6f-def8-45c0-b0d2-c5ba43d86628@group-C29775A8E805, cid=359, SUCCESS, logIndex=633, commits[d5132e6f-def8-45c0-b0d2-c5ba43d86628:c634]
2019-06-13 22:26:32,786 INFO  client.GrpcClientProtocolClient (GrpcClientProtocolClient.java:onNext(254)) - client-43E682E1E07B->d5132e6f-def8-45c0-b0d2-c5ba43d86628: receive RaftClientReply:client-43E682E1E07B->d5132e6f-def8-45c0-b0d2-c5ba43d86628@group-C29775A8E805, cid=360, SUCCESS, logIndex=635, commits[d5132e6f-def8-45c0-b0d2-c5ba43d86628:c635]
2019-06-13 22:26:32,805 INFO  client.GrpcClientProtocolClient (GrpcClientProtocolClient.java:onNext(254)) - client-43E682E1E07B->d5132e6f-def8-45c0-b0d2-c5ba43d86628: receive RaftClientReply:client-43E682E1E07B->d5132e6f-def8-45c0-b0d2-c5ba43d86628@group-C29775A8E805, cid=361, SUCCESS, logIndex=637, commits[d5132e6f-def8-45c0-b0d2-c5ba43d86628:c637]
2019-06-13 22:26:32,810 INFO  client.GrpcClientProtocolClient (GrpcClientProtocolClient.java:onNext(254)) - client-43E682E1E07B->d5132e6f-def8-45c0-b0d2-c5ba43d86628: receive RaftClientReply:client-43E682E1E07B->d5132e6f-def8-45c0-b0d2-c5ba43d86628@group-C29775A8E805, cid=362, SUCCESS, logIndex=639, commits[d5132e6f-def8-45c0-b0d2-c5ba43d86628:c639]
2019-06-13 22:26:32,811 INFO  client.GrpcClientProtocolClient (GrpcClientProtocolClient.java:onNext(254)) - client-43E682E1E07B->d5132e6f-def8-45c0-b0d2-c5ba43d86628: receive RaftClientReply:client-43E682E1E07B->d5132e6f-def8-45c0-b0d2-c5ba43d86628@group-C29775A8E805, cid=363, SUCCESS, logIndex=641, commits[d5132e6f-def8-45c0-b0d2-c5ba43d86628:c641]
2019-06-13 22:26:32,812 INFO  client.GrpcClientProtocolClient (GrpcClientProtocolClient.java:onNext(254)) - client-43E682E1E07B->d5132e6f-def8-45c0-b0d2-c5ba43d86628: receive RaftClientReply:client-43E682E1E07B->d5132e6f-def8-45c0-b0d2-c5ba43d86628@group-C29775A8E805, cid=364, SUCCESS, logIndex=642, commits[d5132e6f-def8-45c0-b0d2-c5ba43d86628:c642]
2019-06-13 22:26:32,820 INFO  client.GrpcClientProtocolClient (GrpcClientProtocolClient.java:onNext(254)) - client-43E682E1E07B->d5132e6f-def8-45c0-b0d2-c5ba43d86628: receive RaftClientReply:client-43E682E1E07B->d5132e6f-def8-45c0-b0d2-c5ba43d86628@group-C29775A8E805, cid=365, SUCCESS, logIndex=645, commits[d5132e6f-def8-45c0-b0d2-c5ba43d86628:c645]
2019-06-13 22:26:32,825 INFO  client.GrpcClientProtocolClient (GrpcClientProtocolClient.java:onNext(254)) - client-43E682E1E07B->d5132e6f-def8-45c0-b0d2-c5ba43d86628: receive RaftClientReply:client-43E682E1E07B->d5132e6f-def8-45c0-b0d2-c5ba43d86628@group-C29775A8E805, cid=366, SUCCESS, logIndex=647, commits[d5132e6f-def8-45c0-b0d2-c5ba43d86628:c647]
2019-06-13 22:26:32,826 INFO  client.GrpcClientProtocolClient (GrpcClientProtocolClient.java:onNext(254)) - client-43E682E1E07B->d5132e6f-def8-45c0-b0d2-c5ba43d86628: receive RaftClientReply:client-43E682E1E07B->d5132e6f-def8-45c0-b0d2-c5ba43d86628@group-C29775A8E805, cid=367, SUCCESS, logIndex=648, commits[d5132e6f-def8-45c0-b0d2-c5ba43d86628:c649]
2019-06-13 22:26:32,827 INFO  client.GrpcClientProtocolClient (GrpcClientProtocolClient.java:onNext(254)) - client-43E682E1E07B->d5132e6f-def8-45c0-b0d2-c5ba43d86628: receive RaftClientReply:client-43E682E1E07B->d5132e6f-def8-45c0-b0d2-c5ba43d86628@group-C29775A8E805, cid=368, SUCCESS, logIndex=649, commits[d5132e6f-def8-45c0-b0d2-c5ba43d86628:c650]
2019-06-13 22:26:32,842 INFO  client.GrpcClientProtocolClient (GrpcClientProtocolClient.java:onNext(254)) - client-43E682E1E07B->d5132e6f-def8-45c0-b0d2-c5ba43d86628: receive RaftClientReply:client-43E682E1E07B->d5132e6f-def8-45c0-b0d2-c5ba43d86628@group-C29775A8E805, cid=369, SUCCESS, logIndex=652, commits[d5132e6f-def8-45c0-b0d2-c5ba43d86628:c652]
2019-06-13 22:26:32,845 DEBUG block.SCMBlockDeletingService (SCMBlockDeletingService.java:call(138)) - Running DeletedBlockTransactionScanner
2019-06-13 22:26:32,845 DEBUG block.SCMBlockDeletingService (SCMBlockDeletingService.java:call(155)) - Scanned deleted blocks log and got 0 delTX to process.
2019-06-13 22:26:32,852 INFO  client.GrpcClientProtocolClient (GrpcClientProtocolClient.java:onNext(254)) - client-43E682E1E07B->d5132e6f-def8-45c0-b0d2-c5ba43d86628: receive RaftClientReply:client-43E682E1E07B->d5132e6f-def8-45c0-b0d2-c5ba43d86628@group-C29775A8E805, cid=370, SUCCESS, logIndex=654, commits[d5132e6f-def8-45c0-b0d2-c5ba43d86628:c655]
2019-06-13 22:26:32,855 INFO  client.GrpcClientProtocolClient (GrpcClientProtocolClient.java:onNext(254)) - client-43E682E1E07B->d5132e6f-def8-45c0-b0d2-c5ba43d86628: receive RaftClientReply:client-43E682E1E07B->d5132e6f-def8-45c0-b0d2-c5ba43d86628@group-C29775A8E805, cid=371, SUCCESS, logIndex=655, commits[d5132e6f-def8-45c0-b0d2-c5ba43d86628:c657]
2019-06-13 22:26:32,856 INFO  client.GrpcClientProtocolClient (GrpcClientProtocolClient.java:onNext(254)) - client-43E682E1E07B->d5132e6f-def8-45c0-b0d2-c5ba43d86628: receive RaftClientReply:client-43E682E1E07B->d5132e6f-def8-45c0-b0d2-c5ba43d86628@group-C29775A8E805, cid=372, SUCCESS, logIndex=656, commits[d5132e6f-def8-45c0-b0d2-c5ba43d86628:c657]
2019-06-13 22:26:32,864 INFO  client.GrpcClientProtocolClient (GrpcClientProtocolClient.java:onNext(254)) - client-43E682E1E07B->d5132e6f-def8-45c0-b0d2-c5ba43d86628: receive RaftClientReply:client-43E682E1E07B->d5132e6f-def8-45c0-b0d2-c5ba43d86628@group-C29775A8E805, cid=373, SUCCESS, logIndex=658, commits[d5132e6f-def8-45c0-b0d2-c5ba43d86628:c658]
2019-06-13 22:26:32,874 INFO  client.GrpcClientProtocolClient (GrpcClientProtocolClient.java:onNext(254)) - client-43E682E1E07B->d5132e6f-def8-45c0-b0d2-c5ba43d86628: receive RaftClientReply:client-43E682E1E07B->d5132e6f-def8-45c0-b0d2-c5ba43d86628@group-C29775A8E805, cid=374, SUCCESS, logIndex=660, commits[d5132e6f-def8-45c0-b0d2-c5ba43d86628:c662]
2019-06-13 22:26:32,876 INFO  client.GrpcClientProtocolClient (GrpcClientProtocolClient.java:onNext(254)) - client-43E682E1E07B->d5132e6f-def8-45c0-b0d2-c5ba43d86628: receive RaftClientReply:client-43E682E1E07B->d5132e6f-def8-45c0-b0d2-c5ba43d86628@group-C29775A8E805, cid=375, SUCCESS, logIndex=661, commits[d5132e6f-def8-45c0-b0d2-c5ba43d86628:c662]
2019-06-13 22:26:32,877 INFO  client.GrpcClientProtocolClient (GrpcClientProtocolClient.java:onNext(254)) - client-43E682E1E07B->d5132e6f-def8-45c0-b0d2-c5ba43d86628: receive RaftClientReply:client-43E682E1E07B->d5132e6f-def8-45c0-b0d2-c5ba43d86628@group-C29775A8E805, cid=376, SUCCESS, logIndex=662, commits[d5132e6f-def8-45c0-b0d2-c5ba43d86628:c662]
2019-06-13 22:26:32,890 INFO  client.GrpcClientProtocolClient (GrpcClientProtocolClient.java:onNext(254)) - client-43E682E1E07B->d5132e6f-def8-45c0-b0d2-c5ba43d86628: receive RaftClientReply:client-43E682E1E07B->d5132e6f-def8-45c0-b0d2-c5ba43d86628@group-C29775A8E805, cid=377, SUCCESS, logIndex=664, commits[d5132e6f-def8-45c0-b0d2-c5ba43d86628:c664]
2019-06-13 22:26:32,895 INFO  client.GrpcClientProtocolClient (GrpcClientProtocolClient.java:onNext(254)) - client-43E682E1E07B->d5132e6f-def8-45c0-b0d2-c5ba43d86628: receive RaftClientReply:client-43E682E1E07B->d5132e6f-def8-45c0-b0d2-c5ba43d86628@group-C29775A8E805, cid=378, SUCCESS, logIndex=666, commits[d5132e6f-def8-45c0-b0d2-c5ba43d86628:c666]
2019-06-13 22:26:32,899 INFO  client.GrpcClientProtocolClient (GrpcClientProtocolClient.java:onNext(254)) - client-43E682E1E07B->d5132e6f-def8-45c0-b0d2-c5ba43d86628: receive RaftClientReply:client-43E682E1E07B->d5132e6f-def8-45c0-b0d2-c5ba43d86628@group-C29775A8E805, cid=379, SUCCESS, logIndex=667, commits[d5132e6f-def8-45c0-b0d2-c5ba43d86628:c668]
2019-06-13 22:26:32,900 INFO  client.GrpcClientProtocolClient (GrpcClientProtocolClient.java:onNext(254)) - client-43E682E1E07B->d5132e6f-def8-45c0-b0d2-c5ba43d86628: receive RaftClientReply:client-43E682E1E07B->d5132e6f-def8-45c0-b0d2-c5ba43d86628@group-C29775A8E805, cid=380, SUCCESS, logIndex=668, commits[d5132e6f-def8-45c0-b0d2-c5ba43d86628:c668]
2019-06-13 22:26:32,909 INFO  client.GrpcClientProtocolClient (GrpcClientProtocolClient.java:onNext(254)) - client-43E682E1E07B->d5132e6f-def8-45c0-b0d2-c5ba43d86628: receive RaftClientReply:client-43E682E1E07B->d5132e6f-def8-45c0-b0d2-c5ba43d86628@group-C29775A8E805, cid=381, SUCCESS, logIndex=671, commits[d5132e6f-def8-45c0-b0d2-c5ba43d86628:c671]
2019-06-13 22:26:32,917 INFO  client.GrpcClientProtocolClient (GrpcClientProtocolClient.java:onNext(254)) - client-43E682E1E07B->d5132e6f-def8-45c0-b0d2-c5ba43d86628: receive RaftClientReply:client-43E682E1E07B->d5132e6f-def8-45c0-b0d2-c5ba43d86628@group-C29775A8E805, cid=382, SUCCESS, logIndex=673, commits[d5132e6f-def8-45c0-b0d2-c5ba43d86628:c674]
2019-06-13 22:26:32,919 INFO  client.GrpcClientProtocolClient (GrpcClientProtocolClient.java:onNext(254)) - client-43E682E1E07B->d5132e6f-def8-45c0-b0d2-c5ba43d86628: receive RaftClientReply:client-43E682E1E07B->d5132e6f-def8-45c0-b0d2-c5ba43d86628@group-C29775A8E805, cid=383, SUCCESS, logIndex=674, commits[d5132e6f-def8-45c0-b0d2-c5ba43d86628:c675]
2019-06-13 22:26:32,922 INFO  client.GrpcClientProtocolClient (GrpcClientProtocolClient.java:onNext(254)) - client-43E682E1E07B->d5132e6f-def8-45c0-b0d2-c5ba43d86628: receive RaftClientReply:client-43E682E1E07B->d5132e6f-def8-45c0-b0d2-c5ba43d86628@group-C29775A8E805, cid=384, SUCCESS, logIndex=677, commits[d5132e6f-def8-45c0-b0d2-c5ba43d86628:c677]
2019-06-13 22:26:32,937 INFO  client.GrpcClientProtocolClient (GrpcClientProtocolClient.java:onNext(254)) - client-43E682E1E07B->d5132e6f-def8-45c0-b0d2-c5ba43d86628: receive RaftClientReply:client-43E682E1E07B->d5132e6f-def8-45c0-b0d2-c5ba43d86628@group-C29775A8E805, cid=385, SUCCESS, logIndex=679, commits[d5132e6f-def8-45c0-b0d2-c5ba43d86628:c679]
2019-06-13 22:26:32,941 INFO  storage.RaftLogWorker (RaftLogWorker.java:rollLogSegment(303)) - d5132e6f-def8-45c0-b0d2-c5ba43d86628-RaftLogWorker: Rolling segment log-608_682 to index:682
2019-06-13 22:26:32,941 INFO  storage.RaftLogWorker (RaftLogWorker.java:execute(433)) - d5132e6f-def8-45c0-b0d2-c5ba43d86628-RaftLogWorker: Rolled log segment from /opt/src/hadoop-ozone/integration-test/target/test-dir/MiniOzoneClusterImpl-e9ea07bb-4900-4b53-96c1-68f0ab556a80/datanode-0/data/ratis/c7035dd3-cd4a-42fb-880d-c29775a8e805/current/log_inprogress_608 to /opt/src/hadoop-ozone/integration-test/target/test-dir/MiniOzoneClusterImpl-e9ea07bb-4900-4b53-96c1-68f0ab556a80/datanode-0/data/ratis/c7035dd3-cd4a-42fb-880d-c29775a8e805/current/log_608-682
2019-06-13 22:26:32,943 INFO  client.GrpcClientProtocolClient (GrpcClientProtocolClient.java:onNext(254)) - client-43E682E1E07B->d5132e6f-def8-45c0-b0d2-c5ba43d86628: receive RaftClientReply:client-43E682E1E07B->d5132e6f-def8-45c0-b0d2-c5ba43d86628@group-C29775A8E805, cid=386, SUCCESS, logIndex=681, commits[d5132e6f-def8-45c0-b0d2-c5ba43d86628:c681]
2019-06-13 22:26:32,945 DEBUG block.SCMBlockDeletingService (SCMBlockDeletingService.java:call(138)) - Running DeletedBlockTransactionScanner
2019-06-13 22:26:32,960 DEBUG block.SCMBlockDeletingService (SCMBlockDeletingService.java:call(155)) - Scanned deleted blocks log and got 0 delTX to process.
2019-06-13 22:26:32,980 INFO  storage.RaftLogWorker (RaftLogWorker.java:execute(469)) - d5132e6f-def8-45c0-b0d2-c5ba43d86628-RaftLogWorker: created new log segment /opt/src/hadoop-ozone/integration-test/target/test-dir/MiniOzoneClusterImpl-e9ea07bb-4900-4b53-96c1-68f0ab556a80/datanode-0/data/ratis/c7035dd3-cd4a-42fb-880d-c29775a8e805/current/log_inprogress_683
2019-06-13 22:26:32,983 INFO  client.GrpcClientProtocolClient (GrpcClientProtocolClient.java:onNext(254)) - client-43E682E1E07B->d5132e6f-def8-45c0-b0d2-c5ba43d86628: receive RaftClientReply:client-43E682E1E07B->d5132e6f-def8-45c0-b0d2-c5ba43d86628@group-C29775A8E805, cid=387, SUCCESS, logIndex=683, commits[d5132e6f-def8-45c0-b0d2-c5ba43d86628:c684]
2019-06-13 22:26:32,984 INFO  client.GrpcClientProtocolClient (GrpcClientProtocolClient.java:onNext(254)) - client-43E682E1E07B->d5132e6f-def8-45c0-b0d2-c5ba43d86628: receive RaftClientReply:client-43E682E1E07B->d5132e6f-def8-45c0-b0d2-c5ba43d86628@group-C29775A8E805, cid=388, SUCCESS, logIndex=684, commits[d5132e6f-def8-45c0-b0d2-c5ba43d86628:c684]
2019-06-13 22:26:33,001 INFO  client.GrpcClientProtocolClient (GrpcClientProtocolClient.java:onNext(254)) - client-43E682E1E07B->d5132e6f-def8-45c0-b0d2-c5ba43d86628: receive RaftClientReply:client-43E682E1E07B->d5132e6f-def8-45c0-b0d2-c5ba43d86628@group-C29775A8E805, cid=389, SUCCESS, logIndex=686, commits[d5132e6f-def8-45c0-b0d2-c5ba43d86628:c686]
2019-06-13 22:26:33,009 INFO  client.GrpcClientProtocolClient (GrpcClientProtocolClient.java:onNext(254)) - client-43E682E1E07B->d5132e6f-def8-45c0-b0d2-c5ba43d86628: receive RaftClientReply:client-43E682E1E07B->d5132e6f-def8-45c0-b0d2-c5ba43d86628@group-C29775A8E805, cid=390, SUCCESS, logIndex=688, commits[d5132e6f-def8-45c0-b0d2-c5ba43d86628:c688]
2019-06-13 22:26:33,013 INFO  client.GrpcClientProtocolClient (GrpcClientProtocolClient.java:onNext(254)) - client-43E682E1E07B->d5132e6f-def8-45c0-b0d2-c5ba43d86628: receive RaftClientReply:client-43E682E1E07B->d5132e6f-def8-45c0-b0d2-c5ba43d86628@group-C29775A8E805, cid=391, SUCCESS, logIndex=689, commits[d5132e6f-def8-45c0-b0d2-c5ba43d86628:c690]
2019-06-13 22:26:33,013 INFO  client.GrpcClientProtocolClient (GrpcClientProtocolClient.java:onNext(254)) - client-43E682E1E07B->d5132e6f-def8-45c0-b0d2-c5ba43d86628: receive RaftClientReply:client-43E682E1E07B->d5132e6f-def8-45c0-b0d2-c5ba43d86628@group-C29775A8E805, cid=392, SUCCESS, logIndex=691, commits[d5132e6f-def8-45c0-b0d2-c5ba43d86628:c691]
2019-06-13 22:26:33,034 INFO  client.GrpcClientProtocolClient (GrpcClientProtocolClient.java:onNext(254)) - client-43E682E1E07B->d5132e6f-def8-45c0-b0d2-c5ba43d86628: receive RaftClientReply:client-43E682E1E07B->d5132e6f-def8-45c0-b0d2-c5ba43d86628@group-C29775A8E805, cid=393, SUCCESS, logIndex=693, commits[d5132e6f-def8-45c0-b0d2-c5ba43d86628:c693]
2019-06-13 22:26:33,038 INFO  client.GrpcClientProtocolClient (GrpcClientProtocolClient.java:onNext(254)) - client-43E682E1E07B->d5132e6f-def8-45c0-b0d2-c5ba43d86628: receive RaftClientReply:client-43E682E1E07B->d5132e6f-def8-45c0-b0d2-c5ba43d86628@group-C29775A8E805, cid=394, SUCCESS, logIndex=695, commits[d5132e6f-def8-45c0-b0d2-c5ba43d86628:c695]
2019-06-13 22:26:33,040 INFO  client.GrpcClientProtocolClient (GrpcClientProtocolClient.java:onNext(254)) - client-43E682E1E07B->d5132e6f-def8-45c0-b0d2-c5ba43d86628: receive RaftClientReply:client-43E682E1E07B->d5132e6f-def8-45c0-b0d2-c5ba43d86628@group-C29775A8E805, cid=395, SUCCESS, logIndex=696, commits[d5132e6f-def8-45c0-b0d2-c5ba43d86628:c698]
2019-06-13 22:26:33,042 INFO  client.GrpcClientProtocolClient (GrpcClientProtocolClient.java:onNext(254)) - client-43E682E1E07B->d5132e6f-def8-45c0-b0d2-c5ba43d86628: receive RaftClientReply:client-43E682E1E07B->d5132e6f-def8-45c0-b0d2-c5ba43d86628@group-C29775A8E805, cid=396, SUCCESS, logIndex=698, commits[d5132e6f-def8-45c0-b0d2-c5ba43d86628:c699]
2019-06-13 22:26:33,061 DEBUG block.SCMBlockDeletingService (SCMBlockDeletingService.java:call(138)) - Running DeletedBlockTransactionScanner
2019-06-13 22:26:33,062 DEBUG block.SCMBlockDeletingService (SCMBlockDeletingService.java:call(155)) - Scanned deleted blocks log and got 0 delTX to process.
2019-06-13 22:26:33,185 DEBUG block.SCMBlockDeletingService (SCMBlockDeletingService.java:call(138)) - Running DeletedBlockTransactionScanner
2019-06-13 22:26:33,186 DEBUG block.SCMBlockDeletingService (SCMBlockDeletingService.java:call(155)) - Scanned deleted blocks log and got 0 delTX to process.
2019-06-13 22:26:33,197 INFO  client.GrpcClientProtocolClient (GrpcClientProtocolClient.java:onNext(254)) - client-43E682E1E07B->d5132e6f-def8-45c0-b0d2-c5ba43d86628: receive RaftClientReply:client-43E682E1E07B->d5132e6f-def8-45c0-b0d2-c5ba43d86628@group-C29775A8E805, cid=397, SUCCESS, logIndex=700, commits[d5132e6f-def8-45c0-b0d2-c5ba43d86628:c700]
2019-06-13 22:26:33,201 INFO  client.GrpcClientProtocolClient (GrpcClientProtocolClient.java:onNext(254)) - client-43E682E1E07B->d5132e6f-def8-45c0-b0d2-c5ba43d86628: receive RaftClientReply:client-43E682E1E07B->d5132e6f-def8-45c0-b0d2-c5ba43d86628@group-C29775A8E805, cid=398, SUCCESS, logIndex=702, commits[d5132e6f-def8-45c0-b0d2-c5ba43d86628:c702]
2019-06-13 22:26:33,202 INFO  client.GrpcClientProtocolClient (GrpcClientProtocolClient.java:onNext(254)) - client-43E682E1E07B->d5132e6f-def8-45c0-b0d2-c5ba43d86628: receive RaftClientReply:client-43E682E1E07B->d5132e6f-def8-45c0-b0d2-c5ba43d86628@group-C29775A8E805, cid=399, SUCCESS, logIndex=703, commits[d5132e6f-def8-45c0-b0d2-c5ba43d86628:c704]
2019-06-13 22:26:33,202 INFO  client.GrpcClientProtocolClient (GrpcClientProtocolClient.java:onNext(254)) - client-43E682E1E07B->d5132e6f-def8-45c0-b0d2-c5ba43d86628: receive RaftClientReply:client-43E682E1E07B->d5132e6f-def8-45c0-b0d2-c5ba43d86628@group-C29775A8E805, cid=400, SUCCESS, logIndex=704, commits[d5132e6f-def8-45c0-b0d2-c5ba43d86628:c704]
2019-06-13 22:26:33,222 INFO  client.GrpcClientProtocolClient (GrpcClientProtocolClient.java:onNext(254)) - client-43E682E1E07B->d5132e6f-def8-45c0-b0d2-c5ba43d86628: receive RaftClientReply:client-43E682E1E07B->d5132e6f-def8-45c0-b0d2-c5ba43d86628@group-C29775A8E805, cid=401, SUCCESS, logIndex=707, commits[d5132e6f-def8-45c0-b0d2-c5ba43d86628:c707]
2019-06-13 22:26:33,224 INFO  client.GrpcClientProtocolClient (GrpcClientProtocolClient.java:onNext(254)) - client-43E682E1E07B->d5132e6f-def8-45c0-b0d2-c5ba43d86628: receive RaftClientReply:client-43E682E1E07B->d5132e6f-def8-45c0-b0d2-c5ba43d86628@group-C29775A8E805, cid=402, SUCCESS, logIndex=709, commits[d5132e6f-def8-45c0-b0d2-c5ba43d86628:c709]
2019-06-13 22:26:33,226 INFO  client.GrpcClientProtocolClient (GrpcClientProtocolClient.java:onNext(254)) - client-43E682E1E07B->d5132e6f-def8-45c0-b0d2-c5ba43d86628: receive RaftClientReply:client-43E682E1E07B->d5132e6f-def8-45c0-b0d2-c5ba43d86628@group-C29775A8E805, cid=403, SUCCESS, logIndex=710, commits[d5132e6f-def8-45c0-b0d2-c5ba43d86628:c712]
2019-06-13 22:26:33,229 INFO  client.GrpcClientProtocolClient (GrpcClientProtocolClient.java:onNext(254)) - client-43E682E1E07B->d5132e6f-def8-45c0-b0d2-c5ba43d86628: receive RaftClientReply:client-43E682E1E07B->d5132e6f-def8-45c0-b0d2-c5ba43d86628@group-C29775A8E805, cid=404, SUCCESS, logIndex=711, commits[d5132e6f-def8-45c0-b0d2-c5ba43d86628:c712]
2019-06-13 22:26:33,244 INFO  client.GrpcClientProtocolClient (GrpcClientProtocolClient.java:onNext(254)) - client-43E682E1E07B->d5132e6f-def8-45c0-b0d2-c5ba43d86628: receive RaftClientReply:client-43E682E1E07B->d5132e6f-def8-45c0-b0d2-c5ba43d86628@group-C29775A8E805, cid=405, SUCCESS, logIndex=713, commits[d5132e6f-def8-45c0-b0d2-c5ba43d86628:c714]
2019-06-13 22:26:33,248 INFO  client.GrpcClientProtocolClient (GrpcClientProtocolClient.java:onNext(254)) - client-43E682E1E07B->d5132e6f-def8-45c0-b0d2-c5ba43d86628: receive RaftClientReply:client-43E682E1E07B->d5132e6f-def8-45c0-b0d2-c5ba43d86628@group-C29775A8E805, cid=406, SUCCESS, logIndex=715, commits[d5132e6f-def8-45c0-b0d2-c5ba43d86628:c715]
2019-06-13 22:26:33,250 INFO  client.GrpcClientProtocolClient (GrpcClientProtocolClient.java:onNext(254)) - client-43E682E1E07B->d5132e6f-def8-45c0-b0d2-c5ba43d86628: receive RaftClientReply:client-43E682E1E07B->d5132e6f-def8-45c0-b0d2-c5ba43d86628@group-C29775A8E805, cid=407, SUCCESS, logIndex=716, commits[d5132e6f-def8-45c0-b0d2-c5ba43d86628:c718]
2019-06-13 22:26:33,251 INFO  client.GrpcClientProtocolClient (GrpcClientProtocolClient.java:onNext(254)) - client-43E682E1E07B->d5132e6f-def8-45c0-b0d2-c5ba43d86628: receive RaftClientReply:client-43E682E1E07B->d5132e6f-def8-45c0-b0d2-c5ba43d86628@group-C29775A8E805, cid=408, SUCCESS, logIndex=718, commits[d5132e6f-def8-45c0-b0d2-c5ba43d86628:c718]
2019-06-13 22:26:33,271 INFO  client.GrpcClientProtocolClient (GrpcClientProtocolClient.java:onNext(254)) - client-43E682E1E07B->d5132e6f-def8-45c0-b0d2-c5ba43d86628: receive RaftClientReply:client-43E682E1E07B->d5132e6f-def8-45c0-b0d2-c5ba43d86628@group-C29775A8E805, cid=409, SUCCESS, logIndex=720, commits[d5132e6f-def8-45c0-b0d2-c5ba43d86628:c721]
2019-06-13 22:26:33,283 INFO  client.GrpcClientProtocolClient (GrpcClientProtocolClient.java:onNext(254)) - client-43E682E1E07B->d5132e6f-def8-45c0-b0d2-c5ba43d86628: receive RaftClientReply:client-43E682E1E07B->d5132e6f-def8-45c0-b0d2-c5ba43d86628@group-C29775A8E805, cid=410, SUCCESS, logIndex=722, commits[d5132e6f-def8-45c0-b0d2-c5ba43d86628:c722]
2019-06-13 22:26:33,285 INFO  client.GrpcClientProtocolClient (GrpcClientProtocolClient.java:onNext(254)) - client-43E682E1E07B->d5132e6f-def8-45c0-b0d2-c5ba43d86628: receive RaftClientReply:client-43E682E1E07B->d5132e6f-def8-45c0-b0d2-c5ba43d86628@group-C29775A8E805, cid=411, SUCCESS, logIndex=724, commits[d5132e6f-def8-45c0-b0d2-c5ba43d86628:c725]
2019-06-13 22:26:33,286 DEBUG block.SCMBlockDeletingService (SCMBlockDeletingService.java:call(138)) - Running DeletedBlockTransactionScanner
2019-06-13 22:26:33,287 DEBUG block.SCMBlockDeletingService (SCMBlockDeletingService.java:call(155)) - Scanned deleted blocks log and got 0 delTX to process.
2019-06-13 22:26:33,289 INFO  client.GrpcClientProtocolClient (GrpcClientProtocolClient.java:onNext(254)) - client-43E682E1E07B->d5132e6f-def8-45c0-b0d2-c5ba43d86628: receive RaftClientReply:client-43E682E1E07B->d5132e6f-def8-45c0-b0d2-c5ba43d86628@group-C29775A8E805, cid=412, SUCCESS, logIndex=725, commits[d5132e6f-def8-45c0-b0d2-c5ba43d86628:c725]
2019-06-13 22:26:33,311 INFO  client.GrpcClientProtocolClient (GrpcClientProtocolClient.java:onNext(254)) - client-43E682E1E07B->d5132e6f-def8-45c0-b0d2-c5ba43d86628: receive RaftClientReply:client-43E682E1E07B->d5132e6f-def8-45c0-b0d2-c5ba43d86628@group-C29775A8E805, cid=413, SUCCESS, logIndex=727, commits[d5132e6f-def8-45c0-b0d2-c5ba43d86628:c727]
2019-06-13 22:26:33,316 INFO  client.GrpcClientProtocolClient (GrpcClientProtocolClient.java:onNext(254)) - client-43E682E1E07B->d5132e6f-def8-45c0-b0d2-c5ba43d86628: receive RaftClientReply:client-43E682E1E07B->d5132e6f-def8-45c0-b0d2-c5ba43d86628@group-C29775A8E805, cid=414, SUCCESS, logIndex=729, commits[d5132e6f-def8-45c0-b0d2-c5ba43d86628:c730]
2019-06-13 22:26:33,317 INFO  client.GrpcClientProtocolClient (GrpcClientProtocolClient.java:onNext(254)) - client-43E682E1E07B->d5132e6f-def8-45c0-b0d2-c5ba43d86628: receive RaftClientReply:client-43E682E1E07B->d5132e6f-def8-45c0-b0d2-c5ba43d86628@group-C29775A8E805, cid=415, SUCCESS, logIndex=730, commits[d5132e6f-def8-45c0-b0d2-c5ba43d86628:c730]
2019-06-13 22:26:33,318 INFO  client.GrpcClientProtocolClient (GrpcClientProtocolClient.java:onNext(254)) - client-43E682E1E07B->d5132e6f-def8-45c0-b0d2-c5ba43d86628: receive RaftClientReply:client-43E682E1E07B->d5132e6f-def8-45c0-b0d2-c5ba43d86628@group-C29775A8E805, cid=416, SUCCESS, logIndex=733, commits[d5132e6f-def8-45c0-b0d2-c5ba43d86628:c733]
2019-06-13 22:26:33,338 INFO  client.GrpcClientProtocolClient (GrpcClientProtocolClient.java:onNext(254)) - client-43E682E1E07B->d5132e6f-def8-45c0-b0d2-c5ba43d86628: receive RaftClientReply:client-43E682E1E07B->d5132e6f-def8-45c0-b0d2-c5ba43d86628@group-C29775A8E805, cid=417, SUCCESS, logIndex=735, commits[d5132e6f-def8-45c0-b0d2-c5ba43d86628:c735]
2019-06-13 22:26:33,342 INFO  client.GrpcClientProtocolClient (GrpcClientProtocolClient.java:onNext(254)) - client-43E682E1E07B->d5132e6f-def8-45c0-b0d2-c5ba43d86628: receive RaftClientReply:client-43E682E1E07B->d5132e6f-def8-45c0-b0d2-c5ba43d86628@group-C29775A8E805, cid=418, SUCCESS, logIndex=737, commits[d5132e6f-def8-45c0-b0d2-c5ba43d86628:c737]
2019-06-13 22:26:33,349 INFO  client.GrpcClientProtocolClient (GrpcClientProtocolClient.java:onNext(254)) - client-43E682E1E07B->d5132e6f-def8-45c0-b0d2-c5ba43d86628: receive RaftClientReply:client-43E682E1E07B->d5132e6f-def8-45c0-b0d2-c5ba43d86628@group-C29775A8E805, cid=419, SUCCESS, logIndex=738, commits[d5132e6f-def8-45c0-b0d2-c5ba43d86628:c738]
2019-06-13 22:26:33,356 INFO  client.GrpcClientProtocolClient (GrpcClientProtocolClient.java:onNext(254)) - client-43E682E1E07B->d5132e6f-def8-45c0-b0d2-c5ba43d86628: receive RaftClientReply:client-43E682E1E07B->d5132e6f-def8-45c0-b0d2-c5ba43d86628@group-C29775A8E805, cid=420, SUCCESS, logIndex=741, commits[d5132e6f-def8-45c0-b0d2-c5ba43d86628:c741]
2019-06-13 22:26:33,367 INFO  client.GrpcClientProtocolClient (GrpcClientProtocolClient.java:onNext(254)) - client-43E682E1E07B->d5132e6f-def8-45c0-b0d2-c5ba43d86628: receive RaftClientReply:client-43E682E1E07B->d5132e6f-def8-45c0-b0d2-c5ba43d86628@group-C29775A8E805, cid=421, SUCCESS, logIndex=743, commits[d5132e6f-def8-45c0-b0d2-c5ba43d86628:c743]
2019-06-13 22:26:33,371 INFO  client.GrpcClientProtocolClient (GrpcClientProtocolClient.java:onNext(254)) - client-43E682E1E07B->d5132e6f-def8-45c0-b0d2-c5ba43d86628: receive RaftClientReply:client-43E682E1E07B->d5132e6f-def8-45c0-b0d2-c5ba43d86628@group-C29775A8E805, cid=422, SUCCESS, logIndex=745, commits[d5132e6f-def8-45c0-b0d2-c5ba43d86628:c745]
2019-06-13 22:26:33,374 INFO  client.GrpcClientProtocolClient (GrpcClientProtocolClient.java:onNext(254)) - client-43E682E1E07B->d5132e6f-def8-45c0-b0d2-c5ba43d86628: receive RaftClientReply:client-43E682E1E07B->d5132e6f-def8-45c0-b0d2-c5ba43d86628@group-C29775A8E805, cid=423, SUCCESS, logIndex=746, commits[d5132e6f-def8-45c0-b0d2-c5ba43d86628:c747]
2019-06-13 22:26:33,380 INFO  client.GrpcClientProtocolClient (GrpcClientProtocolClient.java:onNext(254)) - client-43E682E1E07B->d5132e6f-def8-45c0-b0d2-c5ba43d86628: receive RaftClientReply:client-43E682E1E07B->d5132e6f-def8-45c0-b0d2-c5ba43d86628@group-C29775A8E805, cid=424, SUCCESS, logIndex=748, commits[d5132e6f-def8-45c0-b0d2-c5ba43d86628:c748]
2019-06-13 22:26:33,387 DEBUG block.SCMBlockDeletingService (SCMBlockDeletingService.java:call(138)) - Running DeletedBlockTransactionScanner
2019-06-13 22:26:33,387 DEBUG block.SCMBlockDeletingService (SCMBlockDeletingService.java:call(155)) - Scanned deleted blocks log and got 0 delTX to process.
2019-06-13 22:26:33,394 INFO  client.GrpcClientProtocolClient (GrpcClientProtocolClient.java:onNext(254)) - client-43E682E1E07B->d5132e6f-def8-45c0-b0d2-c5ba43d86628: receive RaftClientReply:client-43E682E1E07B->d5132e6f-def8-45c0-b0d2-c5ba43d86628@group-C29775A8E805, cid=425, SUCCESS, logIndex=750, commits[d5132e6f-def8-45c0-b0d2-c5ba43d86628:c750]
2019-06-13 22:26:33,411 INFO  client.GrpcClientProtocolClient (GrpcClientProtocolClient.java:onNext(254)) - client-43E682E1E07B->d5132e6f-def8-45c0-b0d2-c5ba43d86628: receive RaftClientReply:client-43E682E1E07B->d5132e6f-def8-45c0-b0d2-c5ba43d86628@group-C29775A8E805, cid=426, SUCCESS, logIndex=752, commits[d5132e6f-def8-45c0-b0d2-c5ba43d86628:c752]
2019-06-13 22:26:33,411 INFO  client.GrpcClientProtocolClient (GrpcClientProtocolClient.java:onNext(254)) - client-43E682E1E07B->d5132e6f-def8-45c0-b0d2-c5ba43d86628: receive RaftClientReply:client-43E682E1E07B->d5132e6f-def8-45c0-b0d2-c5ba43d86628@group-C29775A8E805, cid=427, SUCCESS, logIndex=753, commits[d5132e6f-def8-45c0-b0d2-c5ba43d86628:c754]
2019-06-13 22:26:33,413 INFO  client.GrpcClientProtocolClient (GrpcClientProtocolClient.java:onNext(254)) - client-43E682E1E07B->d5132e6f-def8-45c0-b0d2-c5ba43d86628: receive RaftClientReply:client-43E682E1E07B->d5132e6f-def8-45c0-b0d2-c5ba43d86628@group-C29775A8E805, cid=428, SUCCESS, logIndex=755, commits[d5132e6f-def8-45c0-b0d2-c5ba43d86628:c756]
2019-06-13 22:26:33,427 INFO  client.GrpcClientProtocolClient (GrpcClientProtocolClient.java:onNext(254)) - client-43E682E1E07B->d5132e6f-def8-45c0-b0d2-c5ba43d86628: receive RaftClientReply:client-43E682E1E07B->d5132e6f-def8-45c0-b0d2-c5ba43d86628@group-C29775A8E805, cid=429, SUCCESS, logIndex=757, commits[d5132e6f-def8-45c0-b0d2-c5ba43d86628:c757]
2019-06-13 22:26:33,427 INFO  storage.RaftLogWorker (RaftLogWorker.java:rollLogSegment(303)) - d5132e6f-def8-45c0-b0d2-c5ba43d86628-RaftLogWorker: Rolling segment log-683_758 to index:758
2019-06-13 22:26:33,427 INFO  storage.RaftLogWorker (RaftLogWorker.java:execute(433)) - d5132e6f-def8-45c0-b0d2-c5ba43d86628-RaftLogWorker: Rolled log segment from /opt/src/hadoop-ozone/integration-test/target/test-dir/MiniOzoneClusterImpl-e9ea07bb-4900-4b53-96c1-68f0ab556a80/datanode-0/data/ratis/c7035dd3-cd4a-42fb-880d-c29775a8e805/current/log_inprogress_683 to /opt/src/hadoop-ozone/integration-test/target/test-dir/MiniOzoneClusterImpl-e9ea07bb-4900-4b53-96c1-68f0ab556a80/datanode-0/data/ratis/c7035dd3-cd4a-42fb-880d-c29775a8e805/current/log_683-758
2019-06-13 22:26:33,472 INFO  storage.RaftLogWorker (RaftLogWorker.java:execute(469)) - d5132e6f-def8-45c0-b0d2-c5ba43d86628-RaftLogWorker: created new log segment /opt/src/hadoop-ozone/integration-test/target/test-dir/MiniOzoneClusterImpl-e9ea07bb-4900-4b53-96c1-68f0ab556a80/datanode-0/data/ratis/c7035dd3-cd4a-42fb-880d-c29775a8e805/current/log_inprogress_759
2019-06-13 22:26:33,478 INFO  client.GrpcClientProtocolClient (GrpcClientProtocolClient.java:onNext(254)) - client-43E682E1E07B->d5132e6f-def8-45c0-b0d2-c5ba43d86628: receive RaftClientReply:client-43E682E1E07B->d5132e6f-def8-45c0-b0d2-c5ba43d86628@group-C29775A8E805, cid=430, SUCCESS, logIndex=759, commits[d5132e6f-def8-45c0-b0d2-c5ba43d86628:c762]
2019-06-13 22:26:33,480 INFO  client.GrpcClientProtocolClient (GrpcClientProtocolClient.java:onNext(254)) - client-43E682E1E07B->d5132e6f-def8-45c0-b0d2-c5ba43d86628: receive RaftClientReply:client-43E682E1E07B->d5132e6f-def8-45c0-b0d2-c5ba43d86628@group-C29775A8E805, cid=431, SUCCESS, logIndex=760, commits[d5132e6f-def8-45c0-b0d2-c5ba43d86628:c762]
2019-06-13 22:26:33,480 INFO  client.GrpcClientProtocolClient (GrpcClientProtocolClient.java:onNext(254)) - client-43E682E1E07B->d5132e6f-def8-45c0-b0d2-c5ba43d86628: receive RaftClientReply:client-43E682E1E07B->d5132e6f-def8-45c0-b0d2-c5ba43d86628@group-C29775A8E805, cid=432, SUCCESS, logIndex=761, commits[d5132e6f-def8-45c0-b0d2-c5ba43d86628:c762]
2019-06-13 22:26:33,488 DEBUG block.SCMBlockDeletingService (SCMBlockDeletingService.java:call(138)) - Running DeletedBlockTransactionScanner
2019-06-13 22:26:33,488 DEBUG block.SCMBlockDeletingService (SCMBlockDeletingService.java:call(155)) - Scanned deleted blocks log and got 0 delTX to process.
2019-06-13 22:26:33,493 INFO  client.GrpcClientProtocolClient (GrpcClientProtocolClient.java:onNext(254)) - client-43E682E1E07B->d5132e6f-def8-45c0-b0d2-c5ba43d86628: receive RaftClientReply:client-43E682E1E07B->d5132e6f-def8-45c0-b0d2-c5ba43d86628@group-C29775A8E805, cid=433, SUCCESS, logIndex=763, commits[d5132e6f-def8-45c0-b0d2-c5ba43d86628:c763]
2019-06-13 22:26:33,495 INFO  client.GrpcClientProtocolClient (GrpcClientProtocolClient.java:onNext(254)) - client-43E682E1E07B->d5132e6f-def8-45c0-b0d2-c5ba43d86628: receive RaftClientReply:client-43E682E1E07B->d5132e6f-def8-45c0-b0d2-c5ba43d86628@group-C29775A8E805, cid=434, SUCCESS, logIndex=765, commits[d5132e6f-def8-45c0-b0d2-c5ba43d86628:c765]
2019-06-13 22:26:33,497 INFO  client.GrpcClientProtocolClient (GrpcClientProtocolClient.java:onNext(254)) - client-43E682E1E07B->d5132e6f-def8-45c0-b0d2-c5ba43d86628: receive RaftClientReply:client-43E682E1E07B->d5132e6f-def8-45c0-b0d2-c5ba43d86628@group-C29775A8E805, cid=435, SUCCESS, logIndex=766, commits[d5132e6f-def8-45c0-b0d2-c5ba43d86628:c768]
2019-06-13 22:26:33,498 INFO  client.GrpcClientProtocolClient (GrpcClientProtocolClient.java:onNext(254)) - client-43E682E1E07B->d5132e6f-def8-45c0-b0d2-c5ba43d86628: receive RaftClientReply:client-43E682E1E07B->d5132e6f-def8-45c0-b0d2-c5ba43d86628@group-C29775A8E805, cid=436, SUCCESS, logIndex=768, commits[d5132e6f-def8-45c0-b0d2-c5ba43d86628:c769]
2019-06-13 22:26:33,506 INFO  client.GrpcClientProtocolClient (GrpcClientProtocolClient.java:onNext(254)) - client-43E682E1E07B->d5132e6f-def8-45c0-b0d2-c5ba43d86628: receive RaftClientReply:client-43E682E1E07B->d5132e6f-def8-45c0-b0d2-c5ba43d86628@group-C29775A8E805, cid=437, SUCCESS, logIndex=770, commits[d5132e6f-def8-45c0-b0d2-c5ba43d86628:c770]
2019-06-13 22:26:33,509 INFO  client.GrpcClientProtocolClient (GrpcClientProtocolClient.java:onNext(254)) - client-43E682E1E07B->d5132e6f-def8-45c0-b0d2-c5ba43d86628: receive RaftClientReply:client-43E682E1E07B->d5132e6f-def8-45c0-b0d2-c5ba43d86628@group-C29775A8E805, cid=438, SUCCESS, logIndex=772, commits[d5132e6f-def8-45c0-b0d2-c5ba43d86628:c772]
2019-06-13 22:26:33,512 INFO  client.GrpcClientProtocolClient (GrpcClientProtocolClient.java:onNext(254)) - client-43E682E1E07B->d5132e6f-def8-45c0-b0d2-c5ba43d86628: receive RaftClientReply:client-43E682E1E07B->d5132e6f-def8-45c0-b0d2-c5ba43d86628@group-C29775A8E805, cid=439, SUCCESS, logIndex=773, commits[d5132e6f-def8-45c0-b0d2-c5ba43d86628:c773]
2019-06-13 22:26:33,514 INFO  client.GrpcClientProtocolClient (GrpcClientProtocolClient.java:onNext(254)) - client-43E682E1E07B->d5132e6f-def8-45c0-b0d2-c5ba43d86628: receive RaftClientReply:client-43E682E1E07B->d5132e6f-def8-45c0-b0d2-c5ba43d86628@group-C29775A8E805, cid=440, SUCCESS, logIndex=776, commits[d5132e6f-def8-45c0-b0d2-c5ba43d86628:c776]
2019-06-13 22:26:33,530 INFO  client.GrpcClientProtocolClient (GrpcClientProtocolClient.java:onNext(254)) - client-43E682E1E07B->d5132e6f-def8-45c0-b0d2-c5ba43d86628: receive RaftClientReply:client-43E682E1E07B->d5132e6f-def8-45c0-b0d2-c5ba43d86628@group-C29775A8E805, cid=441, SUCCESS, logIndex=778, commits[d5132e6f-def8-45c0-b0d2-c5ba43d86628:c778]
2019-06-13 22:26:33,533 INFO  client.GrpcClientProtocolClient (GrpcClientProtocolClient.java:onNext(254)) - client-43E682E1E07B->d5132e6f-def8-45c0-b0d2-c5ba43d86628: receive RaftClientReply:client-43E682E1E07B->d5132e6f-def8-45c0-b0d2-c5ba43d86628@group-C29775A8E805, cid=442, SUCCESS, logIndex=780, commits[d5132e6f-def8-45c0-b0d2-c5ba43d86628:c780]
2019-06-13 22:26:33,588 DEBUG block.SCMBlockDeletingService (SCMBlockDeletingService.java:call(138)) - Running DeletedBlockTransactionScanner
2019-06-13 22:26:33,589 DEBUG block.SCMBlockDeletingService (SCMBlockDeletingService.java:call(155)) - Scanned deleted blocks log and got 0 delTX to process.
2019-06-13 22:26:33,618 INFO  client.GrpcClientProtocolClient (GrpcClientProtocolClient.java:onNext(254)) - client-43E682E1E07B->d5132e6f-def8-45c0-b0d2-c5ba43d86628: receive RaftClientReply:client-43E682E1E07B->d5132e6f-def8-45c0-b0d2-c5ba43d86628@group-C29775A8E805, cid=443, SUCCESS, logIndex=782, commits[d5132e6f-def8-45c0-b0d2-c5ba43d86628:c782]
2019-06-13 22:26:33,621 INFO  client.GrpcClientProtocolClient (GrpcClientProtocolClient.java:onNext(254)) - client-43E682E1E07B->d5132e6f-def8-45c0-b0d2-c5ba43d86628: receive RaftClientReply:client-43E682E1E07B->d5132e6f-def8-45c0-b0d2-c5ba43d86628@group-C29775A8E805, cid=444, SUCCESS, logIndex=784, commits[d5132e6f-def8-45c0-b0d2-c5ba43d86628:c784]
2019-06-13 22:26:33,632 INFO  client.GrpcClientProtocolClient (GrpcClientProtocolClient.java:onNext(254)) - client-43E682E1E07B->d5132e6f-def8-45c0-b0d2-c5ba43d86628: receive RaftClientReply:client-43E682E1E07B->d5132e6f-def8-45c0-b0d2-c5ba43d86628@group-C29775A8E805, cid=445, SUCCESS, logIndex=786, commits[d5132e6f-def8-45c0-b0d2-c5ba43d86628:c786]
2019-06-13 22:26:33,639 INFO  client.GrpcClientProtocolClient (GrpcClientProtocolClient.java:onNext(254)) - client-43E682E1E07B->d5132e6f-def8-45c0-b0d2-c5ba43d86628: receive RaftClientReply:client-43E682E1E07B->d5132e6f-def8-45c0-b0d2-c5ba43d86628@group-C29775A8E805, cid=446, SUCCESS, logIndex=788, commits[d5132e6f-def8-45c0-b0d2-c5ba43d86628:c788]
2019-06-13 22:26:33,639 INFO  client.GrpcClientProtocolClient (GrpcClientProtocolClient.java:onNext(254)) - client-43E682E1E07B->d5132e6f-def8-45c0-b0d2-c5ba43d86628: receive RaftClientReply:client-43E682E1E07B->d5132e6f-def8-45c0-b0d2-c5ba43d86628@group-C29775A8E805, cid=447, SUCCESS, logIndex=789, commits[d5132e6f-def8-45c0-b0d2-c5ba43d86628:c790]
2019-06-13 22:26:33,646 INFO  client.GrpcClientProtocolClient (GrpcClientProtocolClient.java:onNext(254)) - client-43E682E1E07B->d5132e6f-def8-45c0-b0d2-c5ba43d86628: receive RaftClientReply:client-43E682E1E07B->d5132e6f-def8-45c0-b0d2-c5ba43d86628@group-C29775A8E805, cid=448, SUCCESS, logIndex=791, commits[d5132e6f-def8-45c0-b0d2-c5ba43d86628:c792]
2019-06-13 22:26:33,661 INFO  client.GrpcClientProtocolClient (GrpcClientProtocolClient.java:onNext(254)) - client-43E682E1E07B->d5132e6f-def8-45c0-b0d2-c5ba43d86628: receive RaftClientReply:client-43E682E1E07B->d5132e6f-def8-45c0-b0d2-c5ba43d86628@group-C29775A8E805, cid=449, SUCCESS, logIndex=793, commits[d5132e6f-def8-45c0-b0d2-c5ba43d86628:c793]
2019-06-13 22:26:33,665 INFO  client.GrpcClientProtocolClient (GrpcClientProtocolClient.java:onNext(254)) - client-43E682E1E07B->d5132e6f-def8-45c0-b0d2-c5ba43d86628: receive RaftClientReply:client-43E682E1E07B->d5132e6f-def8-45c0-b0d2-c5ba43d86628@group-C29775A8E805, cid=450, SUCCESS, logIndex=795, commits[d5132e6f-def8-45c0-b0d2-c5ba43d86628:c795]
2019-06-13 22:26:33,679 INFO  client.GrpcClientProtocolClient (GrpcClientProtocolClient.java:onNext(254)) - client-43E682E1E07B->d5132e6f-def8-45c0-b0d2-c5ba43d86628: receive RaftClientReply:client-43E682E1E07B->d5132e6f-def8-45c0-b0d2-c5ba43d86628@group-C29775A8E805, cid=451, SUCCESS, logIndex=796, commits[d5132e6f-def8-45c0-b0d2-c5ba43d86628:c798]
2019-06-13 22:26:33,680 INFO  client.GrpcClientProtocolClient (GrpcClientProtocolClient.java:onNext(254)) - client-43E682E1E07B->d5132e6f-def8-45c0-b0d2-c5ba43d86628: receive RaftClientReply:client-43E682E1E07B->d5132e6f-def8-45c0-b0d2-c5ba43d86628@group-C29775A8E805, cid=452, SUCCESS, logIndex=798, commits[d5132e6f-def8-45c0-b0d2-c5ba43d86628:c800]
2019-06-13 22:26:33,726 DEBUG block.SCMBlockDeletingService (SCMBlockDeletingService.java:call(138)) - Running DeletedBlockTransactionScanner
2019-06-13 22:26:33,726 DEBUG block.SCMBlockDeletingService (SCMBlockDeletingService.java:call(155)) - Scanned deleted blocks log and got 0 delTX to process.
2019-06-13 22:26:33,732 INFO  client.GrpcClientProtocolClient (GrpcClientProtocolClient.java:onNext(254)) - client-43E682E1E07B->d5132e6f-def8-45c0-b0d2-c5ba43d86628: receive RaftClientReply:client-43E682E1E07B->d5132e6f-def8-45c0-b0d2-c5ba43d86628@group-C29775A8E805, cid=453, SUCCESS, logIndex=801, commits[d5132e6f-def8-45c0-b0d2-c5ba43d86628:c801]
2019-06-13 22:26:33,735 INFO  client.GrpcClientProtocolClient (GrpcClientProtocolClient.java:onNext(254)) - client-43E682E1E07B->d5132e6f-def8-45c0-b0d2-c5ba43d86628: receive RaftClientReply:client-43E682E1E07B->d5132e6f-def8-45c0-b0d2-c5ba43d86628@group-C29775A8E805, cid=454, SUCCESS, logIndex=803, commits[d5132e6f-def8-45c0-b0d2-c5ba43d86628:c803]
2019-06-13 22:26:33,739 INFO  client.GrpcClientProtocolClient (GrpcClientProtocolClient.java:onNext(254)) - client-43E682E1E07B->d5132e6f-def8-45c0-b0d2-c5ba43d86628: receive RaftClientReply:client-43E682E1E07B->d5132e6f-def8-45c0-b0d2-c5ba43d86628@group-C29775A8E805, cid=455, SUCCESS, logIndex=805, commits[d5132e6f-def8-45c0-b0d2-c5ba43d86628:c805]
2019-06-13 22:26:33,740 INFO  client.GrpcClientProtocolClient (GrpcClientProtocolClient.java:onNext(254)) - client-43E682E1E07B->d5132e6f-def8-45c0-b0d2-c5ba43d86628: receive RaftClientReply:client-43E682E1E07B->d5132e6f-def8-45c0-b0d2-c5ba43d86628@group-C29775A8E805, cid=456, SUCCESS, logIndex=806, commits[d5132e6f-def8-45c0-b0d2-c5ba43d86628:c807]
2019-06-13 22:26:33,761 INFO  client.GrpcClientProtocolClient (GrpcClientProtocolClient.java:onNext(254)) - client-43E682E1E07B->d5132e6f-def8-45c0-b0d2-c5ba43d86628: receive RaftClientReply:client-43E682E1E07B->d5132e6f-def8-45c0-b0d2-c5ba43d86628@group-C29775A8E805, cid=457, SUCCESS, logIndex=809, commits[d5132e6f-def8-45c0-b0d2-c5ba43d86628:c809]
2019-06-13 22:26:33,764 INFO  client.GrpcClientProtocolClient (GrpcClientProtocolClient.java:onNext(254)) - client-43E682E1E07B->d5132e6f-def8-45c0-b0d2-c5ba43d86628: receive RaftClientReply:client-43E682E1E07B->d5132e6f-def8-45c0-b0d2-c5ba43d86628@group-C29775A8E805, cid=458, SUCCESS, logIndex=811, commits[d5132e6f-def8-45c0-b0d2-c5ba43d86628:c811]
2019-06-13 22:26:33,766 INFO  client.GrpcClientProtocolClient (GrpcClientProtocolClient.java:onNext(254)) - client-43E682E1E07B->d5132e6f-def8-45c0-b0d2-c5ba43d86628: receive RaftClientReply:client-43E682E1E07B->d5132e6f-def8-45c0-b0d2-c5ba43d86628@group-C29775A8E805, cid=459, SUCCESS, logIndex=812, commits[d5132e6f-def8-45c0-b0d2-c5ba43d86628:c812]
2019-06-13 22:26:33,767 INFO  client.GrpcClientProtocolClient (GrpcClientProtocolClient.java:onNext(254)) - client-43E682E1E07B->d5132e6f-def8-45c0-b0d2-c5ba43d86628: receive RaftClientReply:client-43E682E1E07B->d5132e6f-def8-45c0-b0d2-c5ba43d86628@group-C29775A8E805, cid=460, SUCCESS, logIndex=814, commits[d5132e6f-def8-45c0-b0d2-c5ba43d86628:c815]
2019-06-13 22:26:33,776 INFO  client.GrpcClientProtocolClient (GrpcClientProtocolClient.java:onNext(254)) - client-43E682E1E07B->d5132e6f-def8-45c0-b0d2-c5ba43d86628: receive RaftClientReply:client-43E682E1E07B->d5132e6f-def8-45c0-b0d2-c5ba43d86628@group-C29775A8E805, cid=461, SUCCESS, logIndex=816, commits[d5132e6f-def8-45c0-b0d2-c5ba43d86628:c816]
2019-06-13 22:26:33,780 INFO  client.GrpcClientProtocolClient (GrpcClientProtocolClient.java:onNext(254)) - client-43E682E1E07B->d5132e6f-def8-45c0-b0d2-c5ba43d86628: receive RaftClientReply:client-43E682E1E07B->d5132e6f-def8-45c0-b0d2-c5ba43d86628@group-C29775A8E805, cid=462, SUCCESS, logIndex=818, commits[d5132e6f-def8-45c0-b0d2-c5ba43d86628:c818]
2019-06-13 22:26:33,781 INFO  client.GrpcClientProtocolClient (GrpcClientProtocolClient.java:onNext(254)) - client-43E682E1E07B->d5132e6f-def8-45c0-b0d2-c5ba43d86628: receive RaftClientReply:client-43E682E1E07B->d5132e6f-def8-45c0-b0d2-c5ba43d86628@group-C29775A8E805, cid=463, SUCCESS, logIndex=819, commits[d5132e6f-def8-45c0-b0d2-c5ba43d86628:c819]
2019-06-13 22:26:33,782 INFO  client.GrpcClientProtocolClient (GrpcClientProtocolClient.java:onNext(254)) - client-43E682E1E07B->d5132e6f-def8-45c0-b0d2-c5ba43d86628: receive RaftClientReply:client-43E682E1E07B->d5132e6f-def8-45c0-b0d2-c5ba43d86628@group-C29775A8E805, cid=464, SUCCESS, logIndex=822, commits[d5132e6f-def8-45c0-b0d2-c5ba43d86628:c822]
2019-06-13 22:26:33,796 INFO  client.GrpcClientProtocolClient (GrpcClientProtocolClient.java:onNext(254)) - client-43E682E1E07B->d5132e6f-def8-45c0-b0d2-c5ba43d86628: receive RaftClientReply:client-43E682E1E07B->d5132e6f-def8-45c0-b0d2-c5ba43d86628@group-C29775A8E805, cid=465, SUCCESS, logIndex=824, commits[d5132e6f-def8-45c0-b0d2-c5ba43d86628:c824]
2019-06-13 22:26:33,802 INFO  client.GrpcClientProtocolClient (GrpcClientProtocolClient.java:onNext(254)) - client-43E682E1E07B->d5132e6f-def8-45c0-b0d2-c5ba43d86628: receive RaftClientReply:client-43E682E1E07B->d5132e6f-def8-45c0-b0d2-c5ba43d86628@group-C29775A8E805, cid=466, SUCCESS, logIndex=826, commits[d5132e6f-def8-45c0-b0d2-c5ba43d86628:c826]
2019-06-13 22:26:33,806 INFO  client.GrpcClientProtocolClient (GrpcClientProtocolClient.java:onNext(254)) - client-43E682E1E07B->d5132e6f-def8-45c0-b0d2-c5ba43d86628: receive RaftClientReply:client-43E682E1E07B->d5132e6f-def8-45c0-b0d2-c5ba43d86628@group-C29775A8E805, cid=467, SUCCESS, logIndex=828, commits[d5132e6f-def8-45c0-b0d2-c5ba43d86628:c828]
2019-06-13 22:26:33,807 INFO  client.GrpcClientProtocolClient (GrpcClientProtocolClient.java:onNext(254)) - client-43E682E1E07B->d5132e6f-def8-45c0-b0d2-c5ba43d86628: receive RaftClientReply:client-43E682E1E07B->d5132e6f-def8-45c0-b0d2-c5ba43d86628@group-C29775A8E805, cid=468, SUCCESS, logIndex=829, commits[d5132e6f-def8-45c0-b0d2-c5ba43d86628:c830]
2019-06-13 22:26:33,817 INFO  client.GrpcClientProtocolClient (GrpcClientProtocolClient.java:onNext(254)) - client-43E682E1E07B->d5132e6f-def8-45c0-b0d2-c5ba43d86628: receive RaftClientReply:client-43E682E1E07B->d5132e6f-def8-45c0-b0d2-c5ba43d86628@group-C29775A8E805, cid=469, SUCCESS, logIndex=832, commits[d5132e6f-def8-45c0-b0d2-c5ba43d86628:c832]
2019-06-13 22:26:33,820 INFO  storage.RaftLogWorker (RaftLogWorker.java:rollLogSegment(303)) - d5132e6f-def8-45c0-b0d2-c5ba43d86628-RaftLogWorker: Rolling segment log-759_836 to index:836
2019-06-13 22:26:33,821 INFO  storage.RaftLogWorker (RaftLogWorker.java:execute(433)) - d5132e6f-def8-45c0-b0d2-c5ba43d86628-RaftLogWorker: Rolled log segment from /opt/src/hadoop-ozone/integration-test/target/test-dir/MiniOzoneClusterImpl-e9ea07bb-4900-4b53-96c1-68f0ab556a80/datanode-0/data/ratis/c7035dd3-cd4a-42fb-880d-c29775a8e805/current/log_inprogress_759 to /opt/src/hadoop-ozone/integration-test/target/test-dir/MiniOzoneClusterImpl-e9ea07bb-4900-4b53-96c1-68f0ab556a80/datanode-0/data/ratis/c7035dd3-cd4a-42fb-880d-c29775a8e805/current/log_759-836
2019-06-13 22:26:33,826 INFO  client.GrpcClientProtocolClient (GrpcClientProtocolClient.java:onNext(254)) - client-43E682E1E07B->d5132e6f-def8-45c0-b0d2-c5ba43d86628: receive RaftClientReply:client-43E682E1E07B->d5132e6f-def8-45c0-b0d2-c5ba43d86628@group-C29775A8E805, cid=470, SUCCESS, logIndex=834, commits[d5132e6f-def8-45c0-b0d2-c5ba43d86628:c834]
2019-06-13 22:26:33,827 DEBUG block.SCMBlockDeletingService (SCMBlockDeletingService.java:call(138)) - Running DeletedBlockTransactionScanner
2019-06-13 22:26:33,843 DEBUG block.SCMBlockDeletingService (SCMBlockDeletingService.java:call(155)) - Scanned deleted blocks log and got 0 delTX to process.
2019-06-13 22:26:33,844 INFO  client.GrpcClientProtocolClient (GrpcClientProtocolClient.java:onNext(254)) - client-43E682E1E07B->d5132e6f-def8-45c0-b0d2-c5ba43d86628: receive RaftClientReply:client-43E682E1E07B->d5132e6f-def8-45c0-b0d2-c5ba43d86628@group-C29775A8E805, cid=471, SUCCESS, logIndex=835, commits[d5132e6f-def8-45c0-b0d2-c5ba43d86628:c835]
2019-06-13 22:26:33,865 INFO  storage.RaftLogWorker (RaftLogWorker.java:execute(469)) - d5132e6f-def8-45c0-b0d2-c5ba43d86628-RaftLogWorker: created new log segment /opt/src/hadoop-ozone/integration-test/target/test-dir/MiniOzoneClusterImpl-e9ea07bb-4900-4b53-96c1-68f0ab556a80/datanode-0/data/ratis/c7035dd3-cd4a-42fb-880d-c29775a8e805/current/log_inprogress_837
2019-06-13 22:26:33,867 INFO  client.GrpcClientProtocolClient (GrpcClientProtocolClient.java:onNext(254)) - client-43E682E1E07B->d5132e6f-def8-45c0-b0d2-c5ba43d86628: receive RaftClientReply:client-43E682E1E07B->d5132e6f-def8-45c0-b0d2-c5ba43d86628@group-C29775A8E805, cid=472, SUCCESS, logIndex=837, commits[d5132e6f-def8-45c0-b0d2-c5ba43d86628:c838]
2019-06-13 22:26:33,884 INFO  client.GrpcClientProtocolClient (GrpcClientProtocolClient.java:onNext(254)) - client-43E682E1E07B->d5132e6f-def8-45c0-b0d2-c5ba43d86628: receive RaftClientReply:client-43E682E1E07B->d5132e6f-def8-45c0-b0d2-c5ba43d86628@group-C29775A8E805, cid=473, SUCCESS, logIndex=839, commits[d5132e6f-def8-45c0-b0d2-c5ba43d86628:c839]
2019-06-13 22:26:33,887 INFO  client.GrpcClientProtocolClient (GrpcClientProtocolClient.java:onNext(254)) - client-43E682E1E07B->d5132e6f-def8-45c0-b0d2-c5ba43d86628: receive RaftClientReply:client-43E682E1E07B->d5132e6f-def8-45c0-b0d2-c5ba43d86628@group-C29775A8E805, cid=474, SUCCESS, logIndex=841, commits[d5132e6f-def8-45c0-b0d2-c5ba43d86628:c841]
2019-06-13 22:26:33,889 INFO  client.GrpcClientProtocolClient (GrpcClientProtocolClient.java:onNext(254)) - client-43E682E1E07B->d5132e6f-def8-45c0-b0d2-c5ba43d86628: receive RaftClientReply:client-43E682E1E07B->d5132e6f-def8-45c0-b0d2-c5ba43d86628@group-C29775A8E805, cid=475, SUCCESS, logIndex=842, commits[d5132e6f-def8-45c0-b0d2-c5ba43d86628:c843]
2019-06-13 22:26:33,890 INFO  client.GrpcClientProtocolClient (GrpcClientProtocolClient.java:onNext(254)) - client-43E682E1E07B->d5132e6f-def8-45c0-b0d2-c5ba43d86628: receive RaftClientReply:client-43E682E1E07B->d5132e6f-def8-45c0-b0d2-c5ba43d86628@group-C29775A8E805, cid=476, SUCCESS, logIndex=843, commits[d5132e6f-def8-45c0-b0d2-c5ba43d86628:c844]
2019-06-13 22:26:33,900 INFO  client.GrpcClientProtocolClient (GrpcClientProtocolClient.java:onNext(254)) - client-43E682E1E07B->d5132e6f-def8-45c0-b0d2-c5ba43d86628: receive RaftClientReply:client-43E682E1E07B->d5132e6f-def8-45c0-b0d2-c5ba43d86628@group-C29775A8E805, cid=477, SUCCESS, logIndex=846, commits[d5132e6f-def8-45c0-b0d2-c5ba43d86628:c846]
2019-06-13 22:26:33,903 INFO  client.GrpcClientProtocolClient (GrpcClientProtocolClient.java:onNext(254)) - client-43E682E1E07B->d5132e6f-def8-45c0-b0d2-c5ba43d86628: receive RaftClientReply:client-43E682E1E07B->d5132e6f-def8-45c0-b0d2-c5ba43d86628@group-C29775A8E805, cid=478, SUCCESS, logIndex=848, commits[d5132e6f-def8-45c0-b0d2-c5ba43d86628:c848]
2019-06-13 22:26:33,904 INFO  client.GrpcClientProtocolClient (GrpcClientProtocolClient.java:onNext(254)) - client-43E682E1E07B->d5132e6f-def8-45c0-b0d2-c5ba43d86628: receive RaftClientReply:client-43E682E1E07B->d5132e6f-def8-45c0-b0d2-c5ba43d86628@group-C29775A8E805, cid=479, SUCCESS, logIndex=849, commits[d5132e6f-def8-45c0-b0d2-c5ba43d86628:c851]
2019-06-13 22:26:33,905 INFO  client.GrpcClientProtocolClient (GrpcClientProtocolClient.java:onNext(254)) - client-43E682E1E07B->d5132e6f-def8-45c0-b0d2-c5ba43d86628: receive RaftClientReply:client-43E682E1E07B->d5132e6f-def8-45c0-b0d2-c5ba43d86628@group-C29775A8E805, cid=480, SUCCESS, logIndex=851, commits[d5132e6f-def8-45c0-b0d2-c5ba43d86628:c851]
2019-06-13 22:26:33,919 INFO  client.GrpcClientProtocolClient (GrpcClientProtocolClient.java:onNext(254)) - client-43E682E1E07B->d5132e6f-def8-45c0-b0d2-c5ba43d86628: receive RaftClientReply:client-43E682E1E07B->d5132e6f-def8-45c0-b0d2-c5ba43d86628@group-C29775A8E805, cid=481, SUCCESS, logIndex=853, commits[d5132e6f-def8-45c0-b0d2-c5ba43d86628:c853]
2019-06-13 22:26:33,923 INFO  client.GrpcClientProtocolClient (GrpcClientProtocolClient.java:onNext(254)) - client-43E682E1E07B->d5132e6f-def8-45c0-b0d2-c5ba43d86628: receive RaftClientReply:client-43E682E1E07B->d5132e6f-def8-45c0-b0d2-c5ba43d86628@group-C29775A8E805, cid=482, SUCCESS, logIndex=855, commits[d5132e6f-def8-45c0-b0d2-c5ba43d86628:c855]
2019-06-13 22:26:33,930 INFO  client.GrpcClientProtocolClient (GrpcClientProtocolClient.java:onNext(254)) - client-43E682E1E07B->d5132e6f-def8-45c0-b0d2-c5ba43d86628: receive RaftClientReply:client-43E682E1E07B->d5132e6f-def8-45c0-b0d2-c5ba43d86628@group-C29775A8E805, cid=483, SUCCESS, logIndex=856, commits[d5132e6f-def8-45c0-b0d2-c5ba43d86628:c857]
2019-06-13 22:26:33,930 INFO  client.GrpcClientProtocolClient (GrpcClientProtocolClient.java:onNext(254)) - client-43E682E1E07B->d5132e6f-def8-45c0-b0d2-c5ba43d86628: receive RaftClientReply:client-43E682E1E07B->d5132e6f-def8-45c0-b0d2-c5ba43d86628@group-C29775A8E805, cid=484, SUCCESS, logIndex=857, commits[d5132e6f-def8-45c0-b0d2-c5ba43d86628:c857]
2019-06-13 22:26:33,942 INFO  client.GrpcClientProtocolClient (GrpcClientProtocolClient.java:onNext(254)) - client-43E682E1E07B->d5132e6f-def8-45c0-b0d2-c5ba43d86628: receive RaftClientReply:client-43E682E1E07B->d5132e6f-def8-45c0-b0d2-c5ba43d86628@group-C29775A8E805, cid=485, SUCCESS, logIndex=860, commits[d5132e6f-def8-45c0-b0d2-c5ba43d86628:c860]
2019-06-13 22:26:33,944 DEBUG block.SCMBlockDeletingService (SCMBlockDeletingService.java:call(138)) - Running DeletedBlockTransactionScanner
2019-06-13 22:26:33,944 DEBUG block.SCMBlockDeletingService (SCMBlockDeletingService.java:call(155)) - Scanned deleted blocks log and got 0 delTX to process.
2019-06-13 22:26:33,950 INFO  client.GrpcClientProtocolClient (GrpcClientProtocolClient.java:onNext(254)) - client-43E682E1E07B->d5132e6f-def8-45c0-b0d2-c5ba43d86628: receive RaftClientReply:client-43E682E1E07B->d5132e6f-def8-45c0-b0d2-c5ba43d86628@group-C29775A8E805, cid=486, SUCCESS, logIndex=862, commits[d5132e6f-def8-45c0-b0d2-c5ba43d86628:c862]
2019-06-13 22:26:34,029 INFO  client.GrpcClientProtocolClient (GrpcClientProtocolClient.java:onNext(254)) - client-43E682E1E07B->d5132e6f-def8-45c0-b0d2-c5ba43d86628: receive RaftClientReply:client-43E682E1E07B->d5132e6f-def8-45c0-b0d2-c5ba43d86628@group-C29775A8E805, cid=487, SUCCESS, logIndex=864, commits[d5132e6f-def8-45c0-b0d2-c5ba43d86628:c864]
2019-06-13 22:26:34,031 INFO  client.GrpcClientProtocolClient (GrpcClientProtocolClient.java:onNext(254)) - client-43E682E1E07B->d5132e6f-def8-45c0-b0d2-c5ba43d86628: receive RaftClientReply:client-43E682E1E07B->d5132e6f-def8-45c0-b0d2-c5ba43d86628@group-C29775A8E805, cid=488, SUCCESS, logIndex=866, commits[d5132e6f-def8-45c0-b0d2-c5ba43d86628:c866]
2019-06-13 22:26:34,045 DEBUG block.SCMBlockDeletingService (SCMBlockDeletingService.java:call(138)) - Running DeletedBlockTransactionScanner
2019-06-13 22:26:34,045 DEBUG block.SCMBlockDeletingService (SCMBlockDeletingService.java:call(155)) - Scanned deleted blocks log and got 0 delTX to process.
2019-06-13 22:26:34,049 INFO  client.GrpcClientProtocolClient (GrpcClientProtocolClient.java:onNext(254)) - client-43E682E1E07B->d5132e6f-def8-45c0-b0d2-c5ba43d86628: receive RaftClientReply:client-43E682E1E07B->d5132e6f-def8-45c0-b0d2-c5ba43d86628@group-C29775A8E805, cid=489, SUCCESS, logIndex=868, commits[d5132e6f-def8-45c0-b0d2-c5ba43d86628:c868]
2019-06-13 22:26:34,052 INFO  client.GrpcClientProtocolClient (GrpcClientProtocolClient.java:onNext(254)) - client-43E682E1E07B->d5132e6f-def8-45c0-b0d2-c5ba43d86628: receive RaftClientReply:client-43E682E1E07B->d5132e6f-def8-45c0-b0d2-c5ba43d86628@group-C29775A8E805, cid=490, SUCCESS, logIndex=870, commits[d5132e6f-def8-45c0-b0d2-c5ba43d86628:c870]
2019-06-13 22:26:34,056 INFO  client.GrpcClientProtocolClient (GrpcClientProtocolClient.java:onNext(254)) - client-43E682E1E07B->d5132e6f-def8-45c0-b0d2-c5ba43d86628: receive RaftClientReply:client-43E682E1E07B->d5132e6f-def8-45c0-b0d2-c5ba43d86628@group-C29775A8E805, cid=491, SUCCESS, logIndex=872, commits[d5132e6f-def8-45c0-b0d2-c5ba43d86628:c873]
2019-06-13 22:26:34,057 INFO  client.GrpcClientProtocolClient (GrpcClientProtocolClient.java:onNext(254)) - client-43E682E1E07B->d5132e6f-def8-45c0-b0d2-c5ba43d86628: receive RaftClientReply:client-43E682E1E07B->d5132e6f-def8-45c0-b0d2-c5ba43d86628@group-C29775A8E805, cid=492, SUCCESS, logIndex=873, commits[d5132e6f-def8-45c0-b0d2-c5ba43d86628:c873]
2019-06-13 22:26:34,070 INFO  client.GrpcClientProtocolClient (GrpcClientProtocolClient.java:onNext(254)) - client-43E682E1E07B->d5132e6f-def8-45c0-b0d2-c5ba43d86628: receive RaftClientReply:client-43E682E1E07B->d5132e6f-def8-45c0-b0d2-c5ba43d86628@group-C29775A8E805, cid=493, SUCCESS, logIndex=875, commits[d5132e6f-def8-45c0-b0d2-c5ba43d86628:c875]
2019-06-13 22:26:34,079 INFO  client.GrpcClientProtocolClient (GrpcClientProtocolClient.java:onNext(254)) - client-43E682E1E07B->d5132e6f-def8-45c0-b0d2-c5ba43d86628: receive RaftClientReply:client-43E682E1E07B->d5132e6f-def8-45c0-b0d2-c5ba43d86628@group-C29775A8E805, cid=494, SUCCESS, logIndex=877, commits[d5132e6f-def8-45c0-b0d2-c5ba43d86628:c877]
2019-06-13 22:26:34,079 INFO  client.GrpcClientProtocolClient (GrpcClientProtocolClient.java:onNext(254)) - client-43E682E1E07B->d5132e6f-def8-45c0-b0d2-c5ba43d86628: receive RaftClientReply:client-43E682E1E07B->d5132e6f-def8-45c0-b0d2-c5ba43d86628@group-C29775A8E805, cid=495, SUCCESS, logIndex=878, commits[d5132e6f-def8-45c0-b0d2-c5ba43d86628:c879]
2019-06-13 22:26:34,080 INFO  client.GrpcClientProtocolClient (GrpcClientProtocolClient.java:onNext(254)) - client-43E682E1E07B->d5132e6f-def8-45c0-b0d2-c5ba43d86628: receive RaftClientReply:client-43E682E1E07B->d5132e6f-def8-45c0-b0d2-c5ba43d86628@group-C29775A8E805, cid=496, SUCCESS, logIndex=880, commits[d5132e6f-def8-45c0-b0d2-c5ba43d86628:c880]
2019-06-13 22:26:34,095 INFO  client.GrpcClientProtocolClient (GrpcClientProtocolClient.java:onNext(254)) - client-43E682E1E07B->d5132e6f-def8-45c0-b0d2-c5ba43d86628: receive RaftClientReply:client-43E682E1E07B->d5132e6f-def8-45c0-b0d2-c5ba43d86628@group-C29775A8E805, cid=497, SUCCESS, logIndex=882, commits[d5132e6f-def8-45c0-b0d2-c5ba43d86628:c882]
2019-06-13 22:26:34,099 INFO  client.GrpcClientProtocolClient (GrpcClientProtocolClient.java:onNext(254)) - client-43E682E1E07B->d5132e6f-def8-45c0-b0d2-c5ba43d86628: receive RaftClientReply:client-43E682E1E07B->d5132e6f-def8-45c0-b0d2-c5ba43d86628@group-C29775A8E805, cid=498, SUCCESS, logIndex=884, commits[d5132e6f-def8-45c0-b0d2-c5ba43d86628:c884]
2019-06-13 22:26:34,102 INFO  client.GrpcClientProtocolClient (GrpcClientProtocolClient.java:onNext(254)) - client-43E682E1E07B->d5132e6f-def8-45c0-b0d2-c5ba43d86628: receive RaftClientReply:client-43E682E1E07B->d5132e6f-def8-45c0-b0d2-c5ba43d86628@group-C29775A8E805, cid=499, SUCCESS, logIndex=885, commits[d5132e6f-def8-45c0-b0d2-c5ba43d86628:c887]
2019-06-13 22:26:34,106 INFO  client.GrpcClientProtocolClient (GrpcClientProtocolClient.java:onNext(254)) - client-43E682E1E07B->d5132e6f-def8-45c0-b0d2-c5ba43d86628: receive RaftClientReply:client-43E682E1E07B->d5132e6f-def8-45c0-b0d2-c5ba43d86628@group-C29775A8E805, cid=500, SUCCESS, logIndex=887, commits[d5132e6f-def8-45c0-b0d2-c5ba43d86628:c887]
2019-06-13 22:26:34,114 INFO  client.GrpcClientProtocolClient (GrpcClientProtocolClient.java:onNext(254)) - client-43E682E1E07B->d5132e6f-def8-45c0-b0d2-c5ba43d86628: receive RaftClientReply:client-43E682E1E07B->d5132e6f-def8-45c0-b0d2-c5ba43d86628@group-C29775A8E805, cid=501, SUCCESS, logIndex=889, commits[d5132e6f-def8-45c0-b0d2-c5ba43d86628:c889]
2019-06-13 22:26:34,124 INFO  client.GrpcClientProtocolClient (GrpcClientProtocolClient.java:onNext(254)) - client-43E682E1E07B->d5132e6f-def8-45c0-b0d2-c5ba43d86628: receive RaftClientReply:client-43E682E1E07B->d5132e6f-def8-45c0-b0d2-c5ba43d86628@group-C29775A8E805, cid=502, SUCCESS, logIndex=891, commits[d5132e6f-def8-45c0-b0d2-c5ba43d86628:c891]
2019-06-13 22:26:34,138 INFO  client.GrpcClientProtocolClient (GrpcClientProtocolClient.java:onNext(254)) - client-43E682E1E07B->d5132e6f-def8-45c0-b0d2-c5ba43d86628: receive RaftClientReply:client-43E682E1E07B->d5132e6f-def8-45c0-b0d2-c5ba43d86628@group-C29775A8E805, cid=503, SUCCESS, logIndex=893, commits[d5132e6f-def8-45c0-b0d2-c5ba43d86628:c895]
2019-06-13 22:26:34,138 INFO  client.GrpcClientProtocolClient (GrpcClientProtocolClient.java:onNext(254)) - client-43E682E1E07B->d5132e6f-def8-45c0-b0d2-c5ba43d86628: receive RaftClientReply:client-43E682E1E07B->d5132e6f-def8-45c0-b0d2-c5ba43d86628@group-C29775A8E805, cid=504, SUCCESS, logIndex=894, commits[d5132e6f-def8-45c0-b0d2-c5ba43d86628:c895]
2019-06-13 22:26:34,146 DEBUG block.SCMBlockDeletingService (SCMBlockDeletingService.java:call(138)) - Running DeletedBlockTransactionScanner
2019-06-13 22:26:34,146 DEBUG block.SCMBlockDeletingService (SCMBlockDeletingService.java:call(155)) - Scanned deleted blocks log and got 0 delTX to process.
2019-06-13 22:26:34,171 INFO  client.GrpcClientProtocolClient (GrpcClientProtocolClient.java:onNext(254)) - client-43E682E1E07B->d5132e6f-def8-45c0-b0d2-c5ba43d86628: receive RaftClientReply:client-43E682E1E07B->d5132e6f-def8-45c0-b0d2-c5ba43d86628@group-C29775A8E805, cid=505, SUCCESS, logIndex=896, commits[d5132e6f-def8-45c0-b0d2-c5ba43d86628:c897]
2019-06-13 22:26:34,177 INFO  client.GrpcClientProtocolClient (GrpcClientProtocolClient.java:onNext(254)) - client-43E682E1E07B->d5132e6f-def8-45c0-b0d2-c5ba43d86628: receive RaftClientReply:client-43E682E1E07B->d5132e6f-def8-45c0-b0d2-c5ba43d86628@group-C29775A8E805, cid=506, SUCCESS, logIndex=898, commits[d5132e6f-def8-45c0-b0d2-c5ba43d86628:c898]
2019-06-13 22:26:34,181 INFO  client.GrpcClientProtocolClient (GrpcClientProtocolClient.java:onNext(254)) - client-43E682E1E07B->d5132e6f-def8-45c0-b0d2-c5ba43d86628: receive RaftClientReply:client-43E682E1E07B->d5132e6f-def8-45c0-b0d2-c5ba43d86628@group-C29775A8E805, cid=507, SUCCESS, logIndex=899, commits[d5132e6f-def8-45c0-b0d2-c5ba43d86628:c899]
2019-06-13 22:26:34,183 INFO  client.GrpcClientProtocolClient (GrpcClientProtocolClient.java:onNext(254)) - client-43E682E1E07B->d5132e6f-def8-45c0-b0d2-c5ba43d86628: receive RaftClientReply:client-43E682E1E07B->d5132e6f-def8-45c0-b0d2-c5ba43d86628@group-C29775A8E805, cid=508, SUCCESS, logIndex=901, commits[d5132e6f-def8-45c0-b0d2-c5ba43d86628:c901]
2019-06-13 22:26:34,197 INFO  client.GrpcClientProtocolClient (GrpcClientProtocolClient.java:onNext(254)) - client-43E682E1E07B->d5132e6f-def8-45c0-b0d2-c5ba43d86628: receive RaftClientReply:client-43E682E1E07B->d5132e6f-def8-45c0-b0d2-c5ba43d86628@group-C29775A8E805, cid=509, SUCCESS, logIndex=904, commits[d5132e6f-def8-45c0-b0d2-c5ba43d86628:c904]
2019-06-13 22:26:34,208 INFO  client.GrpcClientProtocolClient (GrpcClientProtocolClient.java:onNext(254)) - client-43E682E1E07B->d5132e6f-def8-45c0-b0d2-c5ba43d86628: receive RaftClientReply:client-43E682E1E07B->d5132e6f-def8-45c0-b0d2-c5ba43d86628@group-C29775A8E805, cid=510, SUCCESS, logIndex=906, commits[d5132e6f-def8-45c0-b0d2-c5ba43d86628:c906]
2019-06-13 22:26:34,211 INFO  client.GrpcClientProtocolClient (GrpcClientProtocolClient.java:onNext(254)) - client-43E682E1E07B->d5132e6f-def8-45c0-b0d2-c5ba43d86628: receive RaftClientReply:client-43E682E1E07B->d5132e6f-def8-45c0-b0d2-c5ba43d86628@group-C29775A8E805, cid=511, SUCCESS, logIndex=907, commits[d5132e6f-def8-45c0-b0d2-c5ba43d86628:c908]
2019-06-13 22:26:34,218 INFO  client.GrpcClientProtocolClient (GrpcClientProtocolClient.java:onNext(254)) - client-43E682E1E07B->d5132e6f-def8-45c0-b0d2-c5ba43d86628: receive RaftClientReply:client-43E682E1E07B->d5132e6f-def8-45c0-b0d2-c5ba43d86628@group-C29775A8E805, cid=512, SUCCESS, logIndex=909, commits[d5132e6f-def8-45c0-b0d2-c5ba43d86628:c909]
2019-06-13 22:26:34,241 INFO  client.GrpcClientProtocolClient (GrpcClientProtocolClient.java:onNext(254)) - client-43E682E1E07B->d5132e6f-def8-45c0-b0d2-c5ba43d86628: receive RaftClientReply:client-43E682E1E07B->d5132e6f-def8-45c0-b0d2-c5ba43d86628@group-C29775A8E805, cid=513, SUCCESS, logIndex=911, commits[d5132e6f-def8-45c0-b0d2-c5ba43d86628:c911]
2019-06-13 22:26:34,247 DEBUG block.SCMBlockDeletingService (SCMBlockDeletingService.java:call(138)) - Running DeletedBlockTransactionScanner
2019-06-13 22:26:34,247 DEBUG block.SCMBlockDeletingService (SCMBlockDeletingService.java:call(155)) - Scanned deleted blocks log and got 0 delTX to process.
2019-06-13 22:26:34,248 INFO  storage.RaftLogWorker (RaftLogWorker.java:rollLogSegment(303)) - d5132e6f-def8-45c0-b0d2-c5ba43d86628-RaftLogWorker: Rolling segment log-837_914 to index:914
2019-06-13 22:26:34,248 INFO  storage.RaftLogWorker (RaftLogWorker.java:execute(433)) - d5132e6f-def8-45c0-b0d2-c5ba43d86628-RaftLogWorker: Rolled log segment from /opt/src/hadoop-ozone/integration-test/target/test-dir/MiniOzoneClusterImpl-e9ea07bb-4900-4b53-96c1-68f0ab556a80/datanode-0/data/ratis/c7035dd3-cd4a-42fb-880d-c29775a8e805/current/log_inprogress_837 to /opt/src/hadoop-ozone/integration-test/target/test-dir/MiniOzoneClusterImpl-e9ea07bb-4900-4b53-96c1-68f0ab556a80/datanode-0/data/ratis/c7035dd3-cd4a-42fb-880d-c29775a8e805/current/log_837-914
2019-06-13 22:26:34,258 INFO  client.GrpcClientProtocolClient (GrpcClientProtocolClient.java:onNext(254)) - client-43E682E1E07B->d5132e6f-def8-45c0-b0d2-c5ba43d86628: receive RaftClientReply:client-43E682E1E07B->d5132e6f-def8-45c0-b0d2-c5ba43d86628@group-C29775A8E805, cid=514, SUCCESS, logIndex=913, commits[d5132e6f-def8-45c0-b0d2-c5ba43d86628:c913]
2019-06-13 22:26:34,293 INFO  storage.RaftLogWorker (RaftLogWorker.java:execute(469)) - d5132e6f-def8-45c0-b0d2-c5ba43d86628-RaftLogWorker: created new log segment /opt/src/hadoop-ozone/integration-test/target/test-dir/MiniOzoneClusterImpl-e9ea07bb-4900-4b53-96c1-68f0ab556a80/datanode-0/data/ratis/c7035dd3-cd4a-42fb-880d-c29775a8e805/current/log_inprogress_915
2019-06-13 22:26:34,297 INFO  client.GrpcClientProtocolClient (GrpcClientProtocolClient.java:onNext(254)) - client-43E682E1E07B->d5132e6f-def8-45c0-b0d2-c5ba43d86628: receive RaftClientReply:client-43E682E1E07B->d5132e6f-def8-45c0-b0d2-c5ba43d86628@group-C29775A8E805, cid=515, SUCCESS, logIndex=915, commits[d5132e6f-def8-45c0-b0d2-c5ba43d86628:c916]
2019-06-13 22:26:34,298 INFO  client.GrpcClientProtocolClient (GrpcClientProtocolClient.java:onNext(254)) - client-43E682E1E07B->d5132e6f-def8-45c0-b0d2-c5ba43d86628: receive RaftClientReply:client-43E682E1E07B->d5132e6f-def8-45c0-b0d2-c5ba43d86628@group-C29775A8E805, cid=516, SUCCESS, logIndex=916, commits[d5132e6f-def8-45c0-b0d2-c5ba43d86628:c916]
2019-06-13 22:26:34,308 INFO  client.GrpcClientProtocolClient (GrpcClientProtocolClient.java:onNext(254)) - client-43E682E1E07B->d5132e6f-def8-45c0-b0d2-c5ba43d86628: receive RaftClientReply:client-43E682E1E07B->d5132e6f-def8-45c0-b0d2-c5ba43d86628@group-C29775A8E805, cid=517, SUCCESS, logIndex=918, commits[d5132e6f-def8-45c0-b0d2-c5ba43d86628:c918]
2019-06-13 22:26:34,312 INFO  client.GrpcClientProtocolClient (GrpcClientProtocolClient.java:onNext(254)) - client-43E682E1E07B->d5132e6f-def8-45c0-b0d2-c5ba43d86628: receive RaftClientReply:client-43E682E1E07B->d5132e6f-def8-45c0-b0d2-c5ba43d86628@group-C29775A8E805, cid=518, SUCCESS, logIndex=920, commits[d5132e6f-def8-45c0-b0d2-c5ba43d86628:c920]
2019-06-13 22:26:34,321 INFO  client.GrpcClientProtocolClient (GrpcClientProtocolClient.java:onNext(254)) - client-43E682E1E07B->d5132e6f-def8-45c0-b0d2-c5ba43d86628: receive RaftClientReply:client-43E682E1E07B->d5132e6f-def8-45c0-b0d2-c5ba43d86628@group-C29775A8E805, cid=519, SUCCESS, logIndex=921, commits[d5132e6f-def8-45c0-b0d2-c5ba43d86628:c921]
2019-06-13 22:26:34,321 INFO  client.GrpcClientProtocolClient (GrpcClientProtocolClient.java:onNext(254)) - client-43E682E1E07B->d5132e6f-def8-45c0-b0d2-c5ba43d86628: receive RaftClientReply:client-43E682E1E07B->d5132e6f-def8-45c0-b0d2-c5ba43d86628@group-C29775A8E805, cid=520, SUCCESS, logIndex=923, commits[d5132e6f-def8-45c0-b0d2-c5ba43d86628:c924]
2019-06-13 22:26:34,601 DEBUG block.SCMBlockDeletingService (SCMBlockDeletingService.java:call(138)) - Running DeletedBlockTransactionScanner
2019-06-13 22:26:34,601 DEBUG block.SCMBlockDeletingService (SCMBlockDeletingService.java:call(155)) - Scanned deleted blocks log and got 0 delTX to process.
2019-06-13 22:26:34,614 INFO  client.GrpcClientProtocolClient (GrpcClientProtocolClient.java:onNext(254)) - client-43E682E1E07B->d5132e6f-def8-45c0-b0d2-c5ba43d86628: receive RaftClientReply:client-43E682E1E07B->d5132e6f-def8-45c0-b0d2-c5ba43d86628@group-C29775A8E805, cid=521, SUCCESS, logIndex=925, commits[d5132e6f-def8-45c0-b0d2-c5ba43d86628:c926]
2019-06-13 22:26:34,616 INFO  client.GrpcClientProtocolClient (GrpcClientProtocolClient.java:onNext(254)) - client-43E682E1E07B->d5132e6f-def8-45c0-b0d2-c5ba43d86628: receive RaftClientReply:client-43E682E1E07B->d5132e6f-def8-45c0-b0d2-c5ba43d86628@group-C29775A8E805, cid=522, SUCCESS, logIndex=927, commits[d5132e6f-def8-45c0-b0d2-c5ba43d86628:c927]
2019-06-13 22:26:34,620 INFO  client.GrpcClientProtocolClient (GrpcClientProtocolClient.java:onNext(254)) - client-43E682E1E07B->d5132e6f-def8-45c0-b0d2-c5ba43d86628: receive RaftClientReply:client-43E682E1E07B->d5132e6f-def8-45c0-b0d2-c5ba43d86628@group-C29775A8E805, cid=523, SUCCESS, logIndex=928, commits[d5132e6f-def8-45c0-b0d2-c5ba43d86628:c930]
2019-06-13 22:26:34,621 INFO  client.GrpcClientProtocolClient (GrpcClientProtocolClient.java:onNext(254)) - client-43E682E1E07B->d5132e6f-def8-45c0-b0d2-c5ba43d86628: receive RaftClientReply:client-43E682E1E07B->d5132e6f-def8-45c0-b0d2-c5ba43d86628@group-C29775A8E805, cid=524, SUCCESS, logIndex=929, commits[d5132e6f-def8-45c0-b0d2-c5ba43d86628:c930]
2019-06-13 22:26:34,628 INFO  client.GrpcClientProtocolClient (GrpcClientProtocolClient.java:onNext(254)) - client-43E682E1E07B->d5132e6f-def8-45c0-b0d2-c5ba43d86628: receive RaftClientReply:client-43E682E1E07B->d5132e6f-def8-45c0-b0d2-c5ba43d86628@group-C29775A8E805, cid=525, SUCCESS, logIndex=931, commits[d5132e6f-def8-45c0-b0d2-c5ba43d86628:c931]
2019-06-13 22:26:34,630 INFO  client.GrpcClientProtocolClient (GrpcClientProtocolClient.java:onNext(254)) - client-43E682E1E07B->d5132e6f-def8-45c0-b0d2-c5ba43d86628: receive RaftClientReply:client-43E682E1E07B->d5132e6f-def8-45c0-b0d2-c5ba43d86628@group-C29775A8E805, cid=526, SUCCESS, logIndex=933, commits[d5132e6f-def8-45c0-b0d2-c5ba43d86628:c933]
2019-06-13 22:26:34,631 INFO  client.GrpcClientProtocolClient (GrpcClientProtocolClient.java:onNext(254)) - client-43E682E1E07B->d5132e6f-def8-45c0-b0d2-c5ba43d86628: receive RaftClientReply:client-43E682E1E07B->d5132e6f-def8-45c0-b0d2-c5ba43d86628@group-C29775A8E805, cid=527, SUCCESS, logIndex=934, commits[d5132e6f-def8-45c0-b0d2-c5ba43d86628:c936]
2019-06-13 22:26:34,632 INFO  client.GrpcClientProtocolClient (GrpcClientProtocolClient.java:onNext(254)) - client-43E682E1E07B->d5132e6f-def8-45c0-b0d2-c5ba43d86628: receive RaftClientReply:client-43E682E1E07B->d5132e6f-def8-45c0-b0d2-c5ba43d86628@group-C29775A8E805, cid=528, SUCCESS, logIndex=936, commits[d5132e6f-def8-45c0-b0d2-c5ba43d86628:c936]
2019-06-13 22:26:34,644 INFO  client.GrpcClientProtocolClient (GrpcClientProtocolClient.java:onNext(254)) - client-43E682E1E07B->d5132e6f-def8-45c0-b0d2-c5ba43d86628: receive RaftClientReply:client-43E682E1E07B->d5132e6f-def8-45c0-b0d2-c5ba43d86628@group-C29775A8E805, cid=529, SUCCESS, logIndex=938, commits[d5132e6f-def8-45c0-b0d2-c5ba43d86628:c938]
2019-06-13 22:26:34,647 INFO  client.GrpcClientProtocolClient (GrpcClientProtocolClient.java:onNext(254)) - client-43E682E1E07B->d5132e6f-def8-45c0-b0d2-c5ba43d86628: receive RaftClientReply:client-43E682E1E07B->d5132e6f-def8-45c0-b0d2-c5ba43d86628@group-C29775A8E805, cid=530, SUCCESS, logIndex=940, commits[d5132e6f-def8-45c0-b0d2-c5ba43d86628:c940]
2019-06-13 22:26:34,701 DEBUG block.SCMBlockDeletingService (SCMBlockDeletingService.java:call(138)) - Running DeletedBlockTransactionScanner
2019-06-13 22:26:34,701 DEBUG block.SCMBlockDeletingService (SCMBlockDeletingService.java:call(155)) - Scanned deleted blocks log and got 0 delTX to process.
2019-06-13 22:26:34,721 INFO  client.GrpcClientProtocolClient (GrpcClientProtocolClient.java:onNext(254)) - client-43E682E1E07B->d5132e6f-def8-45c0-b0d2-c5ba43d86628: receive RaftClientReply:client-43E682E1E07B->d5132e6f-def8-45c0-b0d2-c5ba43d86628@group-C29775A8E805, cid=531, SUCCESS, logIndex=942, commits[d5132e6f-def8-45c0-b0d2-c5ba43d86628:c942]
2019-06-13 22:26:34,723 INFO  client.GrpcClientProtocolClient (GrpcClientProtocolClient.java:onNext(254)) - client-43E682E1E07B->d5132e6f-def8-45c0-b0d2-c5ba43d86628: receive RaftClientReply:client-43E682E1E07B->d5132e6f-def8-45c0-b0d2-c5ba43d86628@group-C29775A8E805, cid=532, SUCCESS, logIndex=944, commits[d5132e6f-def8-45c0-b0d2-c5ba43d86628:c944]
2019-06-13 22:26:34,731 INFO  client.GrpcClientProtocolClient (GrpcClientProtocolClient.java:onNext(254)) - client-43E682E1E07B->d5132e6f-def8-45c0-b0d2-c5ba43d86628: receive RaftClientReply:client-43E682E1E07B->d5132e6f-def8-45c0-b0d2-c5ba43d86628@group-C29775A8E805, cid=533, SUCCESS, logIndex=946, commits[d5132e6f-def8-45c0-b0d2-c5ba43d86628:c946]
2019-06-13 22:26:34,732 INFO  client.GrpcClientProtocolClient (GrpcClientProtocolClient.java:onNext(254)) - client-43E682E1E07B->d5132e6f-def8-45c0-b0d2-c5ba43d86628: receive RaftClientReply:client-43E682E1E07B->d5132e6f-def8-45c0-b0d2-c5ba43d86628@group-C29775A8E805, cid=534, SUCCESS, logIndex=948, commits[d5132e6f-def8-45c0-b0d2-c5ba43d86628:c948]
2019-06-13 22:26:34,734 INFO  client.GrpcClientProtocolClient (GrpcClientProtocolClient.java:onNext(254)) - client-43E682E1E07B->d5132e6f-def8-45c0-b0d2-c5ba43d86628: receive RaftClientReply:client-43E682E1E07B->d5132e6f-def8-45c0-b0d2-c5ba43d86628@group-C29775A8E805, cid=535, SUCCESS, logIndex=949, commits[d5132e6f-def8-45c0-b0d2-c5ba43d86628:c951]
2019-06-13 22:26:34,735 INFO  client.GrpcClientProtocolClient (GrpcClientProtocolClient.java:onNext(254)) - client-43E682E1E07B->d5132e6f-def8-45c0-b0d2-c5ba43d86628: receive RaftClientReply:client-43E682E1E07B->d5132e6f-def8-45c0-b0d2-c5ba43d86628@group-C29775A8E805, cid=536, SUCCESS, logIndex=950, commits[d5132e6f-def8-45c0-b0d2-c5ba43d86628:c951]
2019-06-13 22:26:34,750 INFO  client.GrpcClientProtocolClient (GrpcClientProtocolClient.java:onNext(254)) - client-43E682E1E07B->d5132e6f-def8-45c0-b0d2-c5ba43d86628: receive RaftClientReply:client-43E682E1E07B->d5132e6f-def8-45c0-b0d2-c5ba43d86628@group-C29775A8E805, cid=537, SUCCESS, logIndex=952, commits[d5132e6f-def8-45c0-b0d2-c5ba43d86628:c952]
2019-06-13 22:26:34,764 INFO  client.GrpcClientProtocolClient (GrpcClientProtocolClient.java:onNext(254)) - client-43E682E1E07B->d5132e6f-def8-45c0-b0d2-c5ba43d86628: receive RaftClientReply:client-43E682E1E07B->d5132e6f-def8-45c0-b0d2-c5ba43d86628@group-C29775A8E805, cid=538, SUCCESS, logIndex=954, commits[d5132e6f-def8-45c0-b0d2-c5ba43d86628:c955]
2019-06-13 22:26:34,767 INFO  client.GrpcClientProtocolClient (GrpcClientProtocolClient.java:onNext(254)) - client-43E682E1E07B->d5132e6f-def8-45c0-b0d2-c5ba43d86628: receive RaftClientReply:client-43E682E1E07B->d5132e6f-def8-45c0-b0d2-c5ba43d86628@group-C29775A8E805, cid=539, SUCCESS, logIndex=955, commits[d5132e6f-def8-45c0-b0d2-c5ba43d86628:c958]
2019-06-13 22:26:34,768 INFO  client.GrpcClientProtocolClient (GrpcClientProtocolClient.java:onNext(254)) - client-43E682E1E07B->d5132e6f-def8-45c0-b0d2-c5ba43d86628: receive RaftClientReply:client-43E682E1E07B->d5132e6f-def8-45c0-b0d2-c5ba43d86628@group-C29775A8E805, cid=540, SUCCESS, logIndex=957, commits[d5132e6f-def8-45c0-b0d2-c5ba43d86628:c958]
2019-06-13 22:26:34,778 INFO  client.GrpcClientProtocolClient (GrpcClientProtocolClient.java:onNext(254)) - client-43E682E1E07B->d5132e6f-def8-45c0-b0d2-c5ba43d86628: receive RaftClientReply:client-43E682E1E07B->d5132e6f-def8-45c0-b0d2-c5ba43d86628@group-C29775A8E805, cid=541, SUCCESS, logIndex=959, commits[d5132e6f-def8-45c0-b0d2-c5ba43d86628:c959]
2019-06-13 22:26:34,782 INFO  client.GrpcClientProtocolClient (GrpcClientProtocolClient.java:onNext(254)) - client-43E682E1E07B->d5132e6f-def8-45c0-b0d2-c5ba43d86628: receive RaftClientReply:client-43E682E1E07B->d5132e6f-def8-45c0-b0d2-c5ba43d86628@group-C29775A8E805, cid=542, SUCCESS, logIndex=961, commits[d5132e6f-def8-45c0-b0d2-c5ba43d86628:c961]
2019-06-13 22:26:34,786 INFO  client.GrpcClientProtocolClient (GrpcClientProtocolClient.java:onNext(254)) - client-43E682E1E07B->d5132e6f-def8-45c0-b0d2-c5ba43d86628: receive RaftClientReply:client-43E682E1E07B->d5132e6f-def8-45c0-b0d2-c5ba43d86628@group-C29775A8E805, cid=543, SUCCESS, logIndex=962, commits[d5132e6f-def8-45c0-b0d2-c5ba43d86628:c962]
2019-06-13 22:26:34,788 INFO  client.GrpcClientProtocolClient (GrpcClientProtocolClient.java:onNext(254)) - client-43E682E1E07B->d5132e6f-def8-45c0-b0d2-c5ba43d86628: receive RaftClientReply:client-43E682E1E07B->d5132e6f-def8-45c0-b0d2-c5ba43d86628@group-C29775A8E805, cid=544, SUCCESS, logIndex=965, commits[d5132e6f-def8-45c0-b0d2-c5ba43d86628:c965]
2019-06-13 22:26:34,802 DEBUG block.SCMBlockDeletingService (SCMBlockDeletingService.java:call(138)) - Running DeletedBlockTransactionScanner
2019-06-13 22:26:34,802 DEBUG block.SCMBlockDeletingService (SCMBlockDeletingService.java:call(155)) - Scanned deleted blocks log and got 0 delTX to process.
2019-06-13 22:26:34,802 INFO  client.GrpcClientProtocolClient (GrpcClientProtocolClient.java:onNext(254)) - client-43E682E1E07B->d5132e6f-def8-45c0-b0d2-c5ba43d86628: receive RaftClientReply:client-43E682E1E07B->d5132e6f-def8-45c0-b0d2-c5ba43d86628@group-C29775A8E805, cid=545, SUCCESS, logIndex=967, commits[d5132e6f-def8-45c0-b0d2-c5ba43d86628:c967]
2019-06-13 22:26:34,814 INFO  client.GrpcClientProtocolClient (GrpcClientProtocolClient.java:onNext(254)) - client-43E682E1E07B->d5132e6f-def8-45c0-b0d2-c5ba43d86628: receive RaftClientReply:client-43E682E1E07B->d5132e6f-def8-45c0-b0d2-c5ba43d86628@group-C29775A8E805, cid=546, SUCCESS, logIndex=969, commits[d5132e6f-def8-45c0-b0d2-c5ba43d86628:c969]
2019-06-13 22:26:34,818 INFO  client.GrpcClientProtocolClient (GrpcClientProtocolClient.java:onNext(254)) - client-43E682E1E07B->d5132e6f-def8-45c0-b0d2-c5ba43d86628: receive RaftClientReply:client-43E682E1E07B->d5132e6f-def8-45c0-b0d2-c5ba43d86628@group-C29775A8E805, cid=547, SUCCESS, logIndex=971, commits[d5132e6f-def8-45c0-b0d2-c5ba43d86628:c971]
2019-06-13 22:26:34,819 INFO  client.GrpcClientProtocolClient (GrpcClientProtocolClient.java:onNext(254)) - client-43E682E1E07B->d5132e6f-def8-45c0-b0d2-c5ba43d86628: receive RaftClientReply:client-43E682E1E07B->d5132e6f-def8-45c0-b0d2-c5ba43d86628@group-C29775A8E805, cid=548, SUCCESS, logIndex=973, commits[d5132e6f-def8-45c0-b0d2-c5ba43d86628:c973]
2019-06-13 22:26:34,828 INFO  client.GrpcClientProtocolClient (GrpcClientProtocolClient.java:onNext(254)) - client-43E682E1E07B->d5132e6f-def8-45c0-b0d2-c5ba43d86628: receive RaftClientReply:client-43E682E1E07B->d5132e6f-def8-45c0-b0d2-c5ba43d86628@group-C29775A8E805, cid=549, SUCCESS, logIndex=975, commits[d5132e6f-def8-45c0-b0d2-c5ba43d86628:c975]
2019-06-13 22:26:34,831 INFO  client.GrpcClientProtocolClient (GrpcClientProtocolClient.java:onNext(254)) - client-43E682E1E07B->d5132e6f-def8-45c0-b0d2-c5ba43d86628: receive RaftClientReply:client-43E682E1E07B->d5132e6f-def8-45c0-b0d2-c5ba43d86628@group-C29775A8E805, cid=550, SUCCESS, logIndex=977, commits[d5132e6f-def8-45c0-b0d2-c5ba43d86628:c977]
2019-06-13 22:26:34,833 INFO  client.GrpcClientProtocolClient (GrpcClientProtocolClient.java:onNext(254)) - client-43E682E1E07B->d5132e6f-def8-45c0-b0d2-c5ba43d86628: receive RaftClientReply:client-43E682E1E07B->d5132e6f-def8-45c0-b0d2-c5ba43d86628@group-C29775A8E805, cid=551, SUCCESS, logIndex=978, commits[d5132e6f-def8-45c0-b0d2-c5ba43d86628:c980]
2019-06-13 22:26:34,833 INFO  client.GrpcClientProtocolClient (GrpcClientProtocolClient.java:onNext(254)) - client-43E682E1E07B->d5132e6f-def8-45c0-b0d2-c5ba43d86628: receive RaftClientReply:client-43E682E1E07B->d5132e6f-def8-45c0-b0d2-c5ba43d86628@group-C29775A8E805, cid=552, SUCCESS, logIndex=979, commits[d5132e6f-def8-45c0-b0d2-c5ba43d86628:c980]
2019-06-13 22:26:34,850 INFO  client.GrpcClientProtocolClient (GrpcClientProtocolClient.java:onNext(254)) - client-43E682E1E07B->d5132e6f-def8-45c0-b0d2-c5ba43d86628: receive RaftClientReply:client-43E682E1E07B->d5132e6f-def8-45c0-b0d2-c5ba43d86628@group-C29775A8E805, cid=553, SUCCESS, logIndex=981, commits[d5132e6f-def8-45c0-b0d2-c5ba43d86628:c981]
2019-06-13 22:26:34,855 INFO  client.GrpcClientProtocolClient (GrpcClientProtocolClient.java:onNext(254)) - client-43E682E1E07B->d5132e6f-def8-45c0-b0d2-c5ba43d86628: receive RaftClientReply:client-43E682E1E07B->d5132e6f-def8-45c0-b0d2-c5ba43d86628@group-C29775A8E805, cid=554, SUCCESS, logIndex=983, commits[d5132e6f-def8-45c0-b0d2-c5ba43d86628:c983]
2019-06-13 22:26:34,855 INFO  client.GrpcClientProtocolClient (GrpcClientProtocolClient.java:onNext(254)) - client-43E682E1E07B->d5132e6f-def8-45c0-b0d2-c5ba43d86628: receive RaftClientReply:client-43E682E1E07B->d5132e6f-def8-45c0-b0d2-c5ba43d86628@group-C29775A8E805, cid=555, SUCCESS, logIndex=984, commits[d5132e6f-def8-45c0-b0d2-c5ba43d86628:c984]
2019-06-13 22:26:34,856 INFO  client.GrpcClientProtocolClient (GrpcClientProtocolClient.java:onNext(254)) - client-43E682E1E07B->d5132e6f-def8-45c0-b0d2-c5ba43d86628: receive RaftClientReply:client-43E682E1E07B->d5132e6f-def8-45c0-b0d2-c5ba43d86628@group-C29775A8E805, cid=556, SUCCESS, logIndex=986, commits[d5132e6f-def8-45c0-b0d2-c5ba43d86628:c986]
2019-06-13 22:26:34,866 INFO  client.GrpcClientProtocolClient (GrpcClientProtocolClient.java:onNext(254)) - client-43E682E1E07B->d5132e6f-def8-45c0-b0d2-c5ba43d86628: receive RaftClientReply:client-43E682E1E07B->d5132e6f-def8-45c0-b0d2-c5ba43d86628@group-C29775A8E805, cid=557, SUCCESS, logIndex=989, commits[d5132e6f-def8-45c0-b0d2-c5ba43d86628:c989]
2019-06-13 22:26:34,866 INFO  storage.RaftLogWorker (RaftLogWorker.java:rollLogSegment(303)) - d5132e6f-def8-45c0-b0d2-c5ba43d86628-RaftLogWorker: Rolling segment log-915_990 to index:990
2019-06-13 22:26:34,866 INFO  storage.RaftLogWorker (RaftLogWorker.java:execute(433)) - d5132e6f-def8-45c0-b0d2-c5ba43d86628-RaftLogWorker: Rolled log segment from /opt/src/hadoop-ozone/integration-test/target/test-dir/MiniOzoneClusterImpl-e9ea07bb-4900-4b53-96c1-68f0ab556a80/datanode-0/data/ratis/c7035dd3-cd4a-42fb-880d-c29775a8e805/current/log_inprogress_915 to /opt/src/hadoop-ozone/integration-test/target/test-dir/MiniOzoneClusterImpl-e9ea07bb-4900-4b53-96c1-68f0ab556a80/datanode-0/data/ratis/c7035dd3-cd4a-42fb-880d-c29775a8e805/current/log_915-990
2019-06-13 22:26:34,902 DEBUG block.SCMBlockDeletingService (SCMBlockDeletingService.java:call(138)) - Running DeletedBlockTransactionScanner
2019-06-13 22:26:34,902 DEBUG block.SCMBlockDeletingService (SCMBlockDeletingService.java:call(155)) - Scanned deleted blocks log and got 0 delTX to process.
2019-06-13 22:26:34,903 INFO  storage.RaftLogWorker (RaftLogWorker.java:execute(469)) - d5132e6f-def8-45c0-b0d2-c5ba43d86628-RaftLogWorker: created new log segment /opt/src/hadoop-ozone/integration-test/target/test-dir/MiniOzoneClusterImpl-e9ea07bb-4900-4b53-96c1-68f0ab556a80/datanode-0/data/ratis/c7035dd3-cd4a-42fb-880d-c29775a8e805/current/log_inprogress_991
2019-06-13 22:26:34,906 INFO  client.GrpcClientProtocolClient (GrpcClientProtocolClient.java:onNext(254)) - client-43E682E1E07B->d5132e6f-def8-45c0-b0d2-c5ba43d86628: receive RaftClientReply:client-43E682E1E07B->d5132e6f-def8-45c0-b0d2-c5ba43d86628@group-C29775A8E805, cid=558, SUCCESS, logIndex=991, commits[d5132e6f-def8-45c0-b0d2-c5ba43d86628:c991]
2019-06-13 22:26:34,909 INFO  client.GrpcClientProtocolClient (GrpcClientProtocolClient.java:onNext(254)) - client-43E682E1E07B->d5132e6f-def8-45c0-b0d2-c5ba43d86628: receive RaftClientReply:client-43E682E1E07B->d5132e6f-def8-45c0-b0d2-c5ba43d86628@group-C29775A8E805, cid=559, SUCCESS, logIndex=993, commits[d5132e6f-def8-45c0-b0d2-c5ba43d86628:c994]
2019-06-13 22:26:34,910 INFO  client.GrpcClientProtocolClient (GrpcClientProtocolClient.java:onNext(254)) - client-43E682E1E07B->d5132e6f-def8-45c0-b0d2-c5ba43d86628: receive RaftClientReply:client-43E682E1E07B->d5132e6f-def8-45c0-b0d2-c5ba43d86628@group-C29775A8E805, cid=560, SUCCESS, logIndex=994, commits[d5132e6f-def8-45c0-b0d2-c5ba43d86628:c995]
2019-06-13 22:26:34,925 INFO  client.GrpcClientProtocolClient (GrpcClientProtocolClient.java:onNext(254)) - client-43E682E1E07B->d5132e6f-def8-45c0-b0d2-c5ba43d86628: receive RaftClientReply:client-43E682E1E07B->d5132e6f-def8-45c0-b0d2-c5ba43d86628@group-C29775A8E805, cid=561, SUCCESS, logIndex=996, commits[d5132e6f-def8-45c0-b0d2-c5ba43d86628:c996]
2019-06-13 22:26:34,929 INFO  client.GrpcClientProtocolClient (GrpcClientProtocolClient.java:onNext(254)) - client-43E682E1E07B->d5132e6f-def8-45c0-b0d2-c5ba43d86628: receive RaftClientReply:client-43E682E1E07B->d5132e6f-def8-45c0-b0d2-c5ba43d86628@group-C29775A8E805, cid=562, SUCCESS, logIndex=998, commits[d5132e6f-def8-45c0-b0d2-c5ba43d86628:c998]
2019-06-13 22:26:34,930 INFO  client.GrpcClientProtocolClient (GrpcClientProtocolClient.java:onNext(254)) - client-43E682E1E07B->d5132e6f-def8-45c0-b0d2-c5ba43d86628: receive RaftClientReply:client-43E682E1E07B->d5132e6f-def8-45c0-b0d2-c5ba43d86628@group-C29775A8E805, cid=563, SUCCESS, logIndex=999, commits[d5132e6f-def8-45c0-b0d2-c5ba43d86628:c1000]
2019-06-13 22:26:34,931 INFO  client.GrpcClientProtocolClient (GrpcClientProtocolClient.java:onNext(254)) - client-43E682E1E07B->d5132e6f-def8-45c0-b0d2-c5ba43d86628: receive RaftClientReply:client-43E682E1E07B->d5132e6f-def8-45c0-b0d2-c5ba43d86628@group-C29775A8E805, cid=564, SUCCESS, logIndex=1001, commits[d5132e6f-def8-45c0-b0d2-c5ba43d86628:c1002]
2019-06-13 22:26:34,942 INFO  client.GrpcClientProtocolClient (GrpcClientProtocolClient.java:onNext(254)) - client-43E682E1E07B->d5132e6f-def8-45c0-b0d2-c5ba43d86628: receive RaftClientReply:client-43E682E1E07B->d5132e6f-def8-45c0-b0d2-c5ba43d86628@group-C29775A8E805, cid=565, SUCCESS, logIndex=1003, commits[d5132e6f-def8-45c0-b0d2-c5ba43d86628:c1003]
2019-06-13 22:26:34,944 INFO  client.GrpcClientProtocolClient (GrpcClientProtocolClient.java:onNext(254)) - client-43E682E1E07B->d5132e6f-def8-45c0-b0d2-c5ba43d86628: receive RaftClientReply:client-43E682E1E07B->d5132e6f-def8-45c0-b0d2-c5ba43d86628@group-C29775A8E805, cid=566, SUCCESS, logIndex=1005, commits[d5132e6f-def8-45c0-b0d2-c5ba43d86628:c1005]
2019-06-13 22:26:34,945 INFO  client.GrpcClientProtocolClient (GrpcClientProtocolClient.java:onNext(254)) - client-43E682E1E07B->d5132e6f-def8-45c0-b0d2-c5ba43d86628: receive RaftClientReply:client-43E682E1E07B->d5132e6f-def8-45c0-b0d2-c5ba43d86628@group-C29775A8E805, cid=567, SUCCESS, logIndex=1006, commits[d5132e6f-def8-45c0-b0d2-c5ba43d86628:c1008]
2019-06-13 22:26:34,945 INFO  client.GrpcClientProtocolClient (GrpcClientProtocolClient.java:onNext(254)) - client-43E682E1E07B->d5132e6f-def8-45c0-b0d2-c5ba43d86628: receive RaftClientReply:client-43E682E1E07B->d5132e6f-def8-45c0-b0d2-c5ba43d86628@group-C29775A8E805, cid=568, SUCCESS, logIndex=1008, commits[d5132e6f-def8-45c0-b0d2-c5ba43d86628:c1009]
2019-06-13 22:26:34,959 INFO  client.GrpcClientProtocolClient (GrpcClientProtocolClient.java:onNext(254)) - client-43E682E1E07B->d5132e6f-def8-45c0-b0d2-c5ba43d86628: receive RaftClientReply:client-43E682E1E07B->d5132e6f-def8-45c0-b0d2-c5ba43d86628@group-C29775A8E805, cid=569, SUCCESS, logIndex=1010, commits[d5132e6f-def8-45c0-b0d2-c5ba43d86628:c1010]
2019-06-13 22:26:34,963 INFO  client.GrpcClientProtocolClient (GrpcClientProtocolClient.java:onNext(254)) - client-43E682E1E07B->d5132e6f-def8-45c0-b0d2-c5ba43d86628: receive RaftClientReply:client-43E682E1E07B->d5132e6f-def8-45c0-b0d2-c5ba43d86628@group-C29775A8E805, cid=570, SUCCESS, logIndex=1012, commits[d5132e6f-def8-45c0-b0d2-c5ba43d86628:c1012]
2019-06-13 22:26:34,966 INFO  client.GrpcClientProtocolClient (GrpcClientProtocolClient.java:onNext(254)) - client-43E682E1E07B->d5132e6f-def8-45c0-b0d2-c5ba43d86628: receive RaftClientReply:client-43E682E1E07B->d5132e6f-def8-45c0-b0d2-c5ba43d86628@group-C29775A8E805, cid=571, SUCCESS, logIndex=1013, commits[d5132e6f-def8-45c0-b0d2-c5ba43d86628:c1015]
2019-06-13 22:26:34,966 INFO  client.GrpcClientProtocolClient (GrpcClientProtocolClient.java:onNext(254)) - client-43E682E1E07B->d5132e6f-def8-45c0-b0d2-c5ba43d86628: receive RaftClientReply:client-43E682E1E07B->d5132e6f-def8-45c0-b0d2-c5ba43d86628@group-C29775A8E805, cid=572, SUCCESS, logIndex=1015, commits[d5132e6f-def8-45c0-b0d2-c5ba43d86628:c1015]
2019-06-13 22:26:34,979 INFO  client.GrpcClientProtocolClient (GrpcClientProtocolClient.java:onNext(254)) - client-43E682E1E07B->d5132e6f-def8-45c0-b0d2-c5ba43d86628: receive RaftClientReply:client-43E682E1E07B->d5132e6f-def8-45c0-b0d2-c5ba43d86628@group-C29775A8E805, cid=573, SUCCESS, logIndex=1018, commits[d5132e6f-def8-45c0-b0d2-c5ba43d86628:c1018]
2019-06-13 22:26:34,982 INFO  client.GrpcClientProtocolClient (GrpcClientProtocolClient.java:onNext(254)) - client-43E682E1E07B->d5132e6f-def8-45c0-b0d2-c5ba43d86628: receive RaftClientReply:client-43E682E1E07B->d5132e6f-def8-45c0-b0d2-c5ba43d86628@group-C29775A8E805, cid=574, SUCCESS, logIndex=1020, commits[d5132e6f-def8-45c0-b0d2-c5ba43d86628:c1020]
2019-06-13 22:26:35,003 DEBUG block.SCMBlockDeletingService (SCMBlockDeletingService.java:call(138)) - Running DeletedBlockTransactionScanner
2019-06-13 22:26:35,003 DEBUG block.SCMBlockDeletingService (SCMBlockDeletingService.java:call(155)) - Scanned deleted blocks log and got 0 delTX to process.
2019-06-13 22:26:35,120 DEBUG block.SCMBlockDeletingService (SCMBlockDeletingService.java:call(138)) - Running DeletedBlockTransactionScanner
2019-06-13 22:26:35,120 DEBUG block.SCMBlockDeletingService (SCMBlockDeletingService.java:call(155)) - Scanned deleted blocks log and got 0 delTX to process.
2019-06-13 22:26:35,132 INFO  client.GrpcClientProtocolClient (GrpcClientProtocolClient.java:onNext(254)) - client-43E682E1E07B->d5132e6f-def8-45c0-b0d2-c5ba43d86628: receive RaftClientReply:client-43E682E1E07B->d5132e6f-def8-45c0-b0d2-c5ba43d86628@group-C29775A8E805, cid=575, SUCCESS, logIndex=1022, commits[d5132e6f-def8-45c0-b0d2-c5ba43d86628:c1022]
2019-06-13 22:26:35,151 INFO  client.GrpcClientProtocolClient (GrpcClientProtocolClient.java:onNext(254)) - client-43E682E1E07B->d5132e6f-def8-45c0-b0d2-c5ba43d86628: receive RaftClientReply:client-43E682E1E07B->d5132e6f-def8-45c0-b0d2-c5ba43d86628@group-C29775A8E805, cid=576, SUCCESS, logIndex=1024, commits[d5132e6f-def8-45c0-b0d2-c5ba43d86628:c1024]
2019-06-13 22:26:35,206 INFO  client.GrpcClientProtocolClient (GrpcClientProtocolClient.java:onNext(254)) - client-43E682E1E07B->d5132e6f-def8-45c0-b0d2-c5ba43d86628: receive RaftClientReply:client-43E682E1E07B->d5132e6f-def8-45c0-b0d2-c5ba43d86628@group-C29775A8E805, cid=577, SUCCESS, logIndex=1026, commits[d5132e6f-def8-45c0-b0d2-c5ba43d86628:c1026]
2019-06-13 22:26:35,216 INFO  client.GrpcClientProtocolClient (GrpcClientProtocolClient.java:onNext(254)) - client-43E682E1E07B->d5132e6f-def8-45c0-b0d2-c5ba43d86628: receive RaftClientReply:client-43E682E1E07B->d5132e6f-def8-45c0-b0d2-c5ba43d86628@group-C29775A8E805, cid=578, SUCCESS, logIndex=1028, commits[d5132e6f-def8-45c0-b0d2-c5ba43d86628:c1028]
2019-06-13 22:26:35,217 INFO  client.GrpcClientProtocolClient (GrpcClientProtocolClient.java:onNext(254)) - client-43E682E1E07B->d5132e6f-def8-45c0-b0d2-c5ba43d86628: receive RaftClientReply:client-43E682E1E07B->d5132e6f-def8-45c0-b0d2-c5ba43d86628@group-C29775A8E805, cid=579, SUCCESS, logIndex=1029, commits[d5132e6f-def8-45c0-b0d2-c5ba43d86628:c1031]
2019-06-13 22:26:35,217 INFO  client.GrpcClientProtocolClient (GrpcClientProtocolClient.java:onNext(254)) - client-43E682E1E07B->d5132e6f-def8-45c0-b0d2-c5ba43d86628: receive RaftClientReply:client-43E682E1E07B->d5132e6f-def8-45c0-b0d2-c5ba43d86628@group-C29775A8E805, cid=580, SUCCESS, logIndex=1031, commits[d5132e6f-def8-45c0-b0d2-c5ba43d86628:c1031]
2019-06-13 22:26:35,227 DEBUG block.SCMBlockDeletingService (SCMBlockDeletingService.java:call(138)) - Running DeletedBlockTransactionScanner
2019-06-13 22:26:35,227 DEBUG block.SCMBlockDeletingService (SCMBlockDeletingService.java:call(155)) - Scanned deleted blocks log and got 0 delTX to process.
2019-06-13 22:26:35,229 INFO  client.GrpcClientProtocolClient (GrpcClientProtocolClient.java:onNext(254)) - client-43E682E1E07B->d5132e6f-def8-45c0-b0d2-c5ba43d86628: receive RaftClientReply:client-43E682E1E07B->d5132e6f-def8-45c0-b0d2-c5ba43d86628@group-C29775A8E805, cid=581, SUCCESS, logIndex=1033, commits[d5132e6f-def8-45c0-b0d2-c5ba43d86628:c1033]
2019-06-13 22:26:35,234 INFO  client.GrpcClientProtocolClient (GrpcClientProtocolClient.java:onNext(254)) - client-43E682E1E07B->d5132e6f-def8-45c0-b0d2-c5ba43d86628: receive RaftClientReply:client-43E682E1E07B->d5132e6f-def8-45c0-b0d2-c5ba43d86628@group-C29775A8E805, cid=582, SUCCESS, logIndex=1035, commits[d5132e6f-def8-45c0-b0d2-c5ba43d86628:c1035]
2019-06-13 22:26:35,242 INFO  client.GrpcClientProtocolClient (GrpcClientProtocolClient.java:onNext(254)) - client-43E682E1E07B->d5132e6f-def8-45c0-b0d2-c5ba43d86628: receive RaftClientReply:client-43E682E1E07B->d5132e6f-def8-45c0-b0d2-c5ba43d86628@group-C29775A8E805, cid=583, SUCCESS, logIndex=1036, commits[d5132e6f-def8-45c0-b0d2-c5ba43d86628:c1038]
2019-06-13 22:26:35,242 INFO  client.GrpcClientProtocolClient (GrpcClientProtocolClient.java:onNext(254)) - client-43E682E1E07B->d5132e6f-def8-45c0-b0d2-c5ba43d86628: receive RaftClientReply:client-43E682E1E07B->d5132e6f-def8-45c0-b0d2-c5ba43d86628@group-C29775A8E805, cid=584, SUCCESS, logIndex=1038, commits[d5132e6f-def8-45c0-b0d2-c5ba43d86628:c1039]
2019-06-13 22:26:35,262 INFO  client.GrpcClientProtocolClient (GrpcClientProtocolClient.java:onNext(254)) - client-43E682E1E07B->d5132e6f-def8-45c0-b0d2-c5ba43d86628: receive RaftClientReply:client-43E682E1E07B->d5132e6f-def8-45c0-b0d2-c5ba43d86628@group-C29775A8E805, cid=585, SUCCESS, logIndex=1040, commits[d5132e6f-def8-45c0-b0d2-c5ba43d86628:c1040]
2019-06-13 22:26:35,265 INFO  client.GrpcClientProtocolClient (GrpcClientProtocolClient.java:onNext(254)) - client-43E682E1E07B->d5132e6f-def8-45c0-b0d2-c5ba43d86628: receive RaftClientReply:client-43E682E1E07B->d5132e6f-def8-45c0-b0d2-c5ba43d86628@group-C29775A8E805, cid=586, SUCCESS, logIndex=1042, commits[d5132e6f-def8-45c0-b0d2-c5ba43d86628:c1042]
2019-06-13 22:26:35,267 INFO  client.GrpcClientProtocolClient (GrpcClientProtocolClient.java:onNext(254)) - client-43E682E1E07B->d5132e6f-def8-45c0-b0d2-c5ba43d86628: receive RaftClientReply:client-43E682E1E07B->d5132e6f-def8-45c0-b0d2-c5ba43d86628@group-C29775A8E805, cid=587, SUCCESS, logIndex=1043, commits[d5132e6f-def8-45c0-b0d2-c5ba43d86628:c1043]
2019-06-13 22:26:35,267 INFO  client.GrpcClientProtocolClient (GrpcClientProtocolClient.java:onNext(254)) - client-43E682E1E07B->d5132e6f-def8-45c0-b0d2-c5ba43d86628: receive RaftClientReply:client-43E682E1E07B->d5132e6f-def8-45c0-b0d2-c5ba43d86628@group-C29775A8E805, cid=588, SUCCESS, logIndex=1045, commits[d5132e6f-def8-45c0-b0d2-c5ba43d86628:c1046]
2019-06-13 22:26:35,276 INFO  client.GrpcClientProtocolClient (GrpcClientProtocolClient.java:onNext(254)) - client-43E682E1E07B->d5132e6f-def8-45c0-b0d2-c5ba43d86628: receive RaftClientReply:client-43E682E1E07B->d5132e6f-def8-45c0-b0d2-c5ba43d86628@group-C29775A8E805, cid=589, SUCCESS, logIndex=1047, commits[d5132e6f-def8-45c0-b0d2-c5ba43d86628:c1047]
2019-06-13 22:26:35,280 INFO  client.GrpcClientProtocolClient (GrpcClientProtocolClient.java:onNext(254)) - client-43E682E1E07B->d5132e6f-def8-45c0-b0d2-c5ba43d86628: receive RaftClientReply:client-43E682E1E07B->d5132e6f-def8-45c0-b0d2-c5ba43d86628@group-C29775A8E805, cid=590, SUCCESS, logIndex=1049, commits[d5132e6f-def8-45c0-b0d2-c5ba43d86628:c1049]
2019-06-13 22:26:35,280 INFO  client.GrpcClientProtocolClient (GrpcClientProtocolClient.java:onNext(254)) - client-43E682E1E07B->d5132e6f-def8-45c0-b0d2-c5ba43d86628: receive RaftClientReply:client-43E682E1E07B->d5132e6f-def8-45c0-b0d2-c5ba43d86628@group-C29775A8E805, cid=591, SUCCESS, logIndex=1050, commits[d5132e6f-def8-45c0-b0d2-c5ba43d86628:c1050]
2019-06-13 22:26:35,283 INFO  client.GrpcClientProtocolClient (GrpcClientProtocolClient.java:onNext(254)) - client-43E682E1E07B->d5132e6f-def8-45c0-b0d2-c5ba43d86628: receive RaftClientReply:client-43E682E1E07B->d5132e6f-def8-45c0-b0d2-c5ba43d86628@group-C29775A8E805, cid=592, SUCCESS, logIndex=1053, commits[d5132e6f-def8-45c0-b0d2-c5ba43d86628:c1053]
2019-06-13 22:26:35,303 INFO  client.GrpcClientProtocolClient (GrpcClientProtocolClient.java:onNext(254)) - client-43E682E1E07B->d5132e6f-def8-45c0-b0d2-c5ba43d86628: receive RaftClientReply:client-43E682E1E07B->d5132e6f-def8-45c0-b0d2-c5ba43d86628@group-C29775A8E805, cid=593, SUCCESS, logIndex=1055, commits[d5132e6f-def8-45c0-b0d2-c5ba43d86628:c1055]
2019-06-13 22:26:35,308 INFO  client.GrpcClientProtocolClient (GrpcClientProtocolClient.java:onNext(254)) - client-43E682E1E07B->d5132e6f-def8-45c0-b0d2-c5ba43d86628: receive RaftClientReply:client-43E682E1E07B->d5132e6f-def8-45c0-b0d2-c5ba43d86628@group-C29775A8E805, cid=594, SUCCESS, logIndex=1057, commits[d5132e6f-def8-45c0-b0d2-c5ba43d86628:c1057]
2019-06-13 22:26:35,308 INFO  client.GrpcClientProtocolClient (GrpcClientProtocolClient.java:onNext(254)) - client-43E682E1E07B->d5132e6f-def8-45c0-b0d2-c5ba43d86628: receive RaftClientReply:client-43E682E1E07B->d5132e6f-def8-45c0-b0d2-c5ba43d86628@group-C29775A8E805, cid=595, SUCCESS, logIndex=1058, commits[d5132e6f-def8-45c0-b0d2-c5ba43d86628:c1059]
2019-06-13 22:26:35,309 INFO  client.GrpcClientProtocolClient (GrpcClientProtocolClient.java:onNext(254)) - client-43E682E1E07B->d5132e6f-def8-45c0-b0d2-c5ba43d86628: receive RaftClientReply:client-43E682E1E07B->d5132e6f-def8-45c0-b0d2-c5ba43d86628@group-C29775A8E805, cid=596, SUCCESS, logIndex=1059, commits[d5132e6f-def8-45c0-b0d2-c5ba43d86628:c1059]
2019-06-13 22:26:35,326 INFO  client.GrpcClientProtocolClient (GrpcClientProtocolClient.java:onNext(254)) - client-43E682E1E07B->d5132e6f-def8-45c0-b0d2-c5ba43d86628: receive RaftClientReply:client-43E682E1E07B->d5132e6f-def8-45c0-b0d2-c5ba43d86628@group-C29775A8E805, cid=597, SUCCESS, logIndex=1062, commits[d5132e6f-def8-45c0-b0d2-c5ba43d86628:c1062]
2019-06-13 22:26:35,328 DEBUG block.SCMBlockDeletingService (SCMBlockDeletingService.java:call(138)) - Running DeletedBlockTransactionScanner
2019-06-13 22:26:35,328 DEBUG block.SCMBlockDeletingService (SCMBlockDeletingService.java:call(155)) - Scanned deleted blocks log and got 0 delTX to process.
2019-06-13 22:26:35,332 INFO  storage.RaftLogWorker (RaftLogWorker.java:rollLogSegment(303)) - d5132e6f-def8-45c0-b0d2-c5ba43d86628-RaftLogWorker: Rolling segment log-991_1066 to index:1066
2019-06-13 22:26:35,333 INFO  storage.RaftLogWorker (RaftLogWorker.java:execute(433)) - d5132e6f-def8-45c0-b0d2-c5ba43d86628-RaftLogWorker: Rolled log segment from /opt/src/hadoop-ozone/integration-test/target/test-dir/MiniOzoneClusterImpl-e9ea07bb-4900-4b53-96c1-68f0ab556a80/datanode-0/data/ratis/c7035dd3-cd4a-42fb-880d-c29775a8e805/current/log_inprogress_991 to /opt/src/hadoop-ozone/integration-test/target/test-dir/MiniOzoneClusterImpl-e9ea07bb-4900-4b53-96c1-68f0ab556a80/datanode-0/data/ratis/c7035dd3-cd4a-42fb-880d-c29775a8e805/current/log_991-1066
2019-06-13 22:26:35,338 INFO  client.GrpcClientProtocolClient (GrpcClientProtocolClient.java:onNext(254)) - client-43E682E1E07B->d5132e6f-def8-45c0-b0d2-c5ba43d86628: receive RaftClientReply:client-43E682E1E07B->d5132e6f-def8-45c0-b0d2-c5ba43d86628@group-C29775A8E805, cid=598, SUCCESS, logIndex=1064, commits[d5132e6f-def8-45c0-b0d2-c5ba43d86628:c1064]
2019-06-13 22:26:35,344 INFO  client.GrpcClientProtocolClient (GrpcClientProtocolClient.java:onNext(254)) - client-43E682E1E07B->d5132e6f-def8-45c0-b0d2-c5ba43d86628: receive RaftClientReply:client-43E682E1E07B->d5132e6f-def8-45c0-b0d2-c5ba43d86628@group-C29775A8E805, cid=599, SUCCESS, logIndex=1065, commits[d5132e6f-def8-45c0-b0d2-c5ba43d86628:c1066]
2019-06-13 22:26:35,369 INFO  storage.RaftLogWorker (RaftLogWorker.java:execute(469)) - d5132e6f-def8-45c0-b0d2-c5ba43d86628-RaftLogWorker: created new log segment /opt/src/hadoop-ozone/integration-test/target/test-dir/MiniOzoneClusterImpl-e9ea07bb-4900-4b53-96c1-68f0ab556a80/datanode-0/data/ratis/c7035dd3-cd4a-42fb-880d-c29775a8e805/current/log_inprogress_1067
2019-06-13 22:26:35,373 INFO  client.GrpcClientProtocolClient (GrpcClientProtocolClient.java:onNext(254)) - client-43E682E1E07B->d5132e6f-def8-45c0-b0d2-c5ba43d86628: receive RaftClientReply:client-43E682E1E07B->d5132e6f-def8-45c0-b0d2-c5ba43d86628@group-C29775A8E805, cid=600, SUCCESS, logIndex=1067, commits[d5132e6f-def8-45c0-b0d2-c5ba43d86628:c1067]
2019-06-13 22:26:35,392 INFO  client.GrpcClientProtocolClient (GrpcClientProtocolClient.java:onNext(254)) - client-43E682E1E07B->d5132e6f-def8-45c0-b0d2-c5ba43d86628: receive RaftClientReply:client-43E682E1E07B->d5132e6f-def8-45c0-b0d2-c5ba43d86628@group-C29775A8E805, cid=601, SUCCESS, logIndex=1069, commits[d5132e6f-def8-45c0-b0d2-c5ba43d86628:c1069]
2019-06-13 22:26:35,395 INFO  client.GrpcClientProtocolClient (GrpcClientProtocolClient.java:onNext(254)) - client-43E682E1E07B->d5132e6f-def8-45c0-b0d2-c5ba43d86628: receive RaftClientReply:client-43E682E1E07B->d5132e6f-def8-45c0-b0d2-c5ba43d86628@group-C29775A8E805, cid=602, SUCCESS, logIndex=1071, commits[d5132e6f-def8-45c0-b0d2-c5ba43d86628:c1071]
2019-06-13 22:26:35,403 INFO  client.GrpcClientProtocolClient (GrpcClientProtocolClient.java:onNext(254)) - client-43E682E1E07B->d5132e6f-def8-45c0-b0d2-c5ba43d86628: receive RaftClientReply:client-43E682E1E07B->d5132e6f-def8-45c0-b0d2-c5ba43d86628@group-C29775A8E805, cid=603, SUCCESS, logIndex=1072, commits[d5132e6f-def8-45c0-b0d2-c5ba43d86628:c1074]
2019-06-13 22:26:35,404 INFO  client.GrpcClientProtocolClient (GrpcClientProtocolClient.java:onNext(254)) - client-43E682E1E07B->d5132e6f-def8-45c0-b0d2-c5ba43d86628: receive RaftClientReply:client-43E682E1E07B->d5132e6f-def8-45c0-b0d2-c5ba43d86628@group-C29775A8E805, cid=604, SUCCESS, logIndex=1073, commits[d5132e6f-def8-45c0-b0d2-c5ba43d86628:c1074]
2019-06-13 22:26:35,413 INFO  client.GrpcClientProtocolClient (GrpcClientProtocolClient.java:onNext(254)) - client-43E682E1E07B->d5132e6f-def8-45c0-b0d2-c5ba43d86628: receive RaftClientReply:client-43E682E1E07B->d5132e6f-def8-45c0-b0d2-c5ba43d86628@group-C29775A8E805, cid=605, SUCCESS, logIndex=1075, commits[d5132e6f-def8-45c0-b0d2-c5ba43d86628:c1075]
2019-06-13 22:26:35,422 INFO  client.GrpcClientProtocolClient (GrpcClientProtocolClient.java:onNext(254)) - client-43E682E1E07B->d5132e6f-def8-45c0-b0d2-c5ba43d86628: receive RaftClientReply:client-43E682E1E07B->d5132e6f-def8-45c0-b0d2-c5ba43d86628@group-C29775A8E805, cid=606, SUCCESS, logIndex=1077, commits[d5132e6f-def8-45c0-b0d2-c5ba43d86628:c1077]
2019-06-13 22:26:35,429 DEBUG block.SCMBlockDeletingService (SCMBlockDeletingService.java:call(138)) - Running DeletedBlockTransactionScanner
2019-06-13 22:26:35,429 DEBUG block.SCMBlockDeletingService (SCMBlockDeletingService.java:call(155)) - Scanned deleted blocks log and got 0 delTX to process.
2019-06-13 22:26:35,430 INFO  client.GrpcClientProtocolClient (GrpcClientProtocolClient.java:onNext(254)) - client-43E682E1E07B->d5132e6f-def8-45c0-b0d2-c5ba43d86628: receive RaftClientReply:client-43E682E1E07B->d5132e6f-def8-45c0-b0d2-c5ba43d86628@group-C29775A8E805, cid=607, SUCCESS, logIndex=1079, commits[d5132e6f-def8-45c0-b0d2-c5ba43d86628:c1079]
2019-06-13 22:26:35,431 INFO  client.GrpcClientProtocolClient (GrpcClientProtocolClient.java:onNext(254)) - client-43E682E1E07B->d5132e6f-def8-45c0-b0d2-c5ba43d86628: receive RaftClientReply:client-43E682E1E07B->d5132e6f-def8-45c0-b0d2-c5ba43d86628@group-C29775A8E805, cid=608, SUCCESS, logIndex=1081, commits[d5132e6f-def8-45c0-b0d2-c5ba43d86628:c1081]
2019-06-13 22:26:35,457 INFO  client.GrpcClientProtocolClient (GrpcClientProtocolClient.java:onNext(254)) - client-43E682E1E07B->d5132e6f-def8-45c0-b0d2-c5ba43d86628: receive RaftClientReply:client-43E682E1E07B->d5132e6f-def8-45c0-b0d2-c5ba43d86628@group-C29775A8E805, cid=609, SUCCESS, logIndex=1083, commits[d5132e6f-def8-45c0-b0d2-c5ba43d86628:c1083]
2019-06-13 22:26:35,462 INFO  client.GrpcClientProtocolClient (GrpcClientProtocolClient.java:onNext(254)) - client-43E682E1E07B->d5132e6f-def8-45c0-b0d2-c5ba43d86628: receive RaftClientReply:client-43E682E1E07B->d5132e6f-def8-45c0-b0d2-c5ba43d86628@group-C29775A8E805, cid=610, SUCCESS, logIndex=1085, commits[d5132e6f-def8-45c0-b0d2-c5ba43d86628:c1085]
2019-06-13 22:26:35,465 INFO  client.GrpcClientProtocolClient (GrpcClientProtocolClient.java:onNext(254)) - client-43E682E1E07B->d5132e6f-def8-45c0-b0d2-c5ba43d86628: receive RaftClientReply:client-43E682E1E07B->d5132e6f-def8-45c0-b0d2-c5ba43d86628@group-C29775A8E805, cid=611, SUCCESS, logIndex=1086, commits[d5132e6f-def8-45c0-b0d2-c5ba43d86628:c1088]
2019-06-13 22:26:35,474 INFO  client.GrpcClientProtocolClient (GrpcClientProtocolClient.java:onNext(254)) - client-43E682E1E07B->d5132e6f-def8-45c0-b0d2-c5ba43d86628: receive RaftClientReply:client-43E682E1E07B->d5132e6f-def8-45c0-b0d2-c5ba43d86628@group-C29775A8E805, cid=612, SUCCESS, logIndex=1088, commits[d5132e6f-def8-45c0-b0d2-c5ba43d86628:c1088]
2019-06-13 22:26:35,484 INFO  client.GrpcClientProtocolClient (GrpcClientProtocolClient.java:onNext(254)) - client-43E682E1E07B->d5132e6f-def8-45c0-b0d2-c5ba43d86628: receive RaftClientReply:client-43E682E1E07B->d5132e6f-def8-45c0-b0d2-c5ba43d86628@group-C29775A8E805, cid=613, SUCCESS, logIndex=1090, commits[d5132e6f-def8-45c0-b0d2-c5ba43d86628:c1090]
2019-06-13 22:26:35,494 INFO  client.GrpcClientProtocolClient (GrpcClientProtocolClient.java:onNext(254)) - client-43E682E1E07B->d5132e6f-def8-45c0-b0d2-c5ba43d86628: receive RaftClientReply:client-43E682E1E07B->d5132e6f-def8-45c0-b0d2-c5ba43d86628@group-C29775A8E805, cid=614, SUCCESS, logIndex=1092, commits[d5132e6f-def8-45c0-b0d2-c5ba43d86628:c1094]
2019-06-13 22:26:35,495 INFO  client.GrpcClientProtocolClient (GrpcClientProtocolClient.java:onNext(254)) - client-43E682E1E07B->d5132e6f-def8-45c0-b0d2-c5ba43d86628: receive RaftClientReply:client-43E682E1E07B->d5132e6f-def8-45c0-b0d2-c5ba43d86628@group-C29775A8E805, cid=615, SUCCESS, logIndex=1093, commits[d5132e6f-def8-45c0-b0d2-c5ba43d86628:c1094]
2019-06-13 22:26:35,495 INFO  client.GrpcClientProtocolClient (GrpcClientProtocolClient.java:onNext(254)) - client-43E682E1E07B->d5132e6f-def8-45c0-b0d2-c5ba43d86628: receive RaftClientReply:client-43E682E1E07B->d5132e6f-def8-45c0-b0d2-c5ba43d86628@group-C29775A8E805, cid=616, SUCCESS, logIndex=1094, commits[d5132e6f-def8-45c0-b0d2-c5ba43d86628:c1094]
2019-06-13 22:26:35,526 INFO  client.GrpcClientProtocolClient (GrpcClientProtocolClient.java:onNext(254)) - client-43E682E1E07B->d5132e6f-def8-45c0-b0d2-c5ba43d86628: receive RaftClientReply:client-43E682E1E07B->d5132e6f-def8-45c0-b0d2-c5ba43d86628@group-C29775A8E805, cid=617, SUCCESS, logIndex=1096, commits[d5132e6f-def8-45c0-b0d2-c5ba43d86628:c1096]
2019-06-13 22:26:35,537 DEBUG block.SCMBlockDeletingService (SCMBlockDeletingService.java:call(138)) - Running DeletedBlockTransactionScanner
2019-06-13 22:26:35,538 DEBUG block.SCMBlockDeletingService (SCMBlockDeletingService.java:call(155)) - Scanned deleted blocks log and got 0 delTX to process.
2019-06-13 22:26:35,546 INFO  client.GrpcClientProtocolClient (GrpcClientProtocolClient.java:onNext(254)) - client-43E682E1E07B->d5132e6f-def8-45c0-b0d2-c5ba43d86628: receive RaftClientReply:client-43E682E1E07B->d5132e6f-def8-45c0-b0d2-c5ba43d86628@group-C29775A8E805, cid=618, SUCCESS, logIndex=1098, commits[d5132e6f-def8-45c0-b0d2-c5ba43d86628:c1098]
2019-06-13 22:26:35,611 INFO  client.GrpcClientProtocolClient (GrpcClientProtocolClient.java:onNext(254)) - client-43E682E1E07B->d5132e6f-def8-45c0-b0d2-c5ba43d86628: receive RaftClientReply:client-43E682E1E07B->d5132e6f-def8-45c0-b0d2-c5ba43d86628@group-C29775A8E805, cid=619, SUCCESS, logIndex=1100, commits[d5132e6f-def8-45c0-b0d2-c5ba43d86628:c1100]
2019-06-13 22:26:35,613 INFO  client.GrpcClientProtocolClient (GrpcClientProtocolClient.java:onNext(254)) - client-43E682E1E07B->d5132e6f-def8-45c0-b0d2-c5ba43d86628: receive RaftClientReply:client-43E682E1E07B->d5132e6f-def8-45c0-b0d2-c5ba43d86628@group-C29775A8E805, cid=620, SUCCESS, logIndex=1102, commits[d5132e6f-def8-45c0-b0d2-c5ba43d86628:c1102]
2019-06-13 22:26:35,633 INFO  client.GrpcClientProtocolClient (GrpcClientProtocolClient.java:onNext(254)) - client-43E682E1E07B->d5132e6f-def8-45c0-b0d2-c5ba43d86628: receive RaftClientReply:client-43E682E1E07B->d5132e6f-def8-45c0-b0d2-c5ba43d86628@group-C29775A8E805, cid=621, SUCCESS, logIndex=1104, commits[d5132e6f-def8-45c0-b0d2-c5ba43d86628:c1104]
2019-06-13 22:26:35,636 INFO  client.GrpcClientProtocolClient (GrpcClientProtocolClient.java:onNext(254)) - client-43E682E1E07B->d5132e6f-def8-45c0-b0d2-c5ba43d86628: receive RaftClientReply:client-43E682E1E07B->d5132e6f-def8-45c0-b0d2-c5ba43d86628@group-C29775A8E805, cid=622, SUCCESS, logIndex=1106, commits[d5132e6f-def8-45c0-b0d2-c5ba43d86628:c1106]
2019-06-13 22:26:35,639 DEBUG block.SCMBlockDeletingService (SCMBlockDeletingService.java:call(138)) - Running DeletedBlockTransactionScanner
2019-06-13 22:26:35,639 DEBUG block.SCMBlockDeletingService (SCMBlockDeletingService.java:call(155)) - Scanned deleted blocks log and got 0 delTX to process.
2019-06-13 22:26:35,645 INFO  client.GrpcClientProtocolClient (GrpcClientProtocolClient.java:onNext(254)) - client-43E682E1E07B->d5132e6f-def8-45c0-b0d2-c5ba43d86628: receive RaftClientReply:client-43E682E1E07B->d5132e6f-def8-45c0-b0d2-c5ba43d86628@group-C29775A8E805, cid=623, SUCCESS, logIndex=1107, commits[d5132e6f-def8-45c0-b0d2-c5ba43d86628:c1107]
2019-06-13 22:26:35,645 INFO  client.GrpcClientProtocolClient (GrpcClientProtocolClient.java:onNext(254)) - client-43E682E1E07B->d5132e6f-def8-45c0-b0d2-c5ba43d86628: receive RaftClientReply:client-43E682E1E07B->d5132e6f-def8-45c0-b0d2-c5ba43d86628@group-C29775A8E805, cid=624, SUCCESS, logIndex=1110, commits[d5132e6f-def8-45c0-b0d2-c5ba43d86628:c1110]
2019-06-13 22:26:35,667 INFO  client.GrpcClientProtocolClient (GrpcClientProtocolClient.java:onNext(254)) - client-43E682E1E07B->d5132e6f-def8-45c0-b0d2-c5ba43d86628: receive RaftClientReply:client-43E682E1E07B->d5132e6f-def8-45c0-b0d2-c5ba43d86628@group-C29775A8E805, cid=625, SUCCESS, logIndex=1112, commits[d5132e6f-def8-45c0-b0d2-c5ba43d86628:c1112]
2019-06-13 22:26:35,673 INFO  client.GrpcClientProtocolClient (GrpcClientProtocolClient.java:onNext(254)) - client-43E682E1E07B->d5132e6f-def8-45c0-b0d2-c5ba43d86628: receive RaftClientReply:client-43E682E1E07B->d5132e6f-def8-45c0-b0d2-c5ba43d86628@group-C29775A8E805, cid=626, SUCCESS, logIndex=1114, commits[d5132e6f-def8-45c0-b0d2-c5ba43d86628:c1114]
2019-06-13 22:26:35,675 INFO  client.GrpcClientProtocolClient (GrpcClientProtocolClient.java:onNext(254)) - client-43E682E1E07B->d5132e6f-def8-45c0-b0d2-c5ba43d86628: receive RaftClientReply:client-43E682E1E07B->d5132e6f-def8-45c0-b0d2-c5ba43d86628@group-C29775A8E805, cid=627, SUCCESS, logIndex=1115, commits[d5132e6f-def8-45c0-b0d2-c5ba43d86628:c1116]
2019-06-13 22:26:35,675 INFO  client.GrpcClientProtocolClient (GrpcClientProtocolClient.java:onNext(254)) - client-43E682E1E07B->d5132e6f-def8-45c0-b0d2-c5ba43d86628: receive RaftClientReply:client-43E682E1E07B->d5132e6f-def8-45c0-b0d2-c5ba43d86628@group-C29775A8E805, cid=628, SUCCESS, logIndex=1117, commits[d5132e6f-def8-45c0-b0d2-c5ba43d86628:c1117]
2019-06-13 22:26:35,689 INFO  client.GrpcClientProtocolClient (GrpcClientProtocolClient.java:onNext(254)) - client-43E682E1E07B->d5132e6f-def8-45c0-b0d2-c5ba43d86628: receive RaftClientReply:client-43E682E1E07B->d5132e6f-def8-45c0-b0d2-c5ba43d86628@group-C29775A8E805, cid=629, SUCCESS, logIndex=1119, commits[d5132e6f-def8-45c0-b0d2-c5ba43d86628:c1119]
2019-06-13 22:26:35,698 INFO  client.GrpcClientProtocolClient (GrpcClientProtocolClient.java:onNext(254)) - client-43E682E1E07B->d5132e6f-def8-45c0-b0d2-c5ba43d86628: receive RaftClientReply:client-43E682E1E07B->d5132e6f-def8-45c0-b0d2-c5ba43d86628@group-C29775A8E805, cid=630, SUCCESS, logIndex=1121, commits[d5132e6f-def8-45c0-b0d2-c5ba43d86628:c1121]
2019-06-13 22:26:35,714 INFO  client.GrpcClientProtocolClient (GrpcClientProtocolClient.java:onNext(254)) - client-43E682E1E07B->d5132e6f-def8-45c0-b0d2-c5ba43d86628: receive RaftClientReply:client-43E682E1E07B->d5132e6f-def8-45c0-b0d2-c5ba43d86628@group-C29775A8E805, cid=631, SUCCESS, logIndex=1122, commits[d5132e6f-def8-45c0-b0d2-c5ba43d86628:c1122]
2019-06-13 22:26:35,722 INFO  client.GrpcClientProtocolClient (GrpcClientProtocolClient.java:onNext(254)) - client-43E682E1E07B->d5132e6f-def8-45c0-b0d2-c5ba43d86628: receive RaftClientReply:client-43E682E1E07B->d5132e6f-def8-45c0-b0d2-c5ba43d86628@group-C29775A8E805, cid=632, SUCCESS, logIndex=1124, commits[d5132e6f-def8-45c0-b0d2-c5ba43d86628:c1125]
2019-06-13 22:26:35,740 DEBUG block.SCMBlockDeletingService (SCMBlockDeletingService.java:call(138)) - Running DeletedBlockTransactionScanner
2019-06-13 22:26:35,740 DEBUG block.SCMBlockDeletingService (SCMBlockDeletingService.java:call(155)) - Scanned deleted blocks log and got 0 delTX to process.
2019-06-13 22:26:35,742 INFO  client.GrpcClientProtocolClient (GrpcClientProtocolClient.java:onNext(254)) - client-43E682E1E07B->d5132e6f-def8-45c0-b0d2-c5ba43d86628: receive RaftClientReply:client-43E682E1E07B->d5132e6f-def8-45c0-b0d2-c5ba43d86628@group-C29775A8E805, cid=633, SUCCESS, logIndex=1126, commits[d5132e6f-def8-45c0-b0d2-c5ba43d86628:c1126]
2019-06-13 22:26:35,748 INFO  client.GrpcClientProtocolClient (GrpcClientProtocolClient.java:onNext(254)) - client-43E682E1E07B->d5132e6f-def8-45c0-b0d2-c5ba43d86628: receive RaftClientReply:client-43E682E1E07B->d5132e6f-def8-45c0-b0d2-c5ba43d86628@group-C29775A8E805, cid=634, SUCCESS, logIndex=1128, commits[d5132e6f-def8-45c0-b0d2-c5ba43d86628:c1128]
2019-06-13 22:26:35,750 INFO  client.GrpcClientProtocolClient (GrpcClientProtocolClient.java:onNext(254)) - client-43E682E1E07B->d5132e6f-def8-45c0-b0d2-c5ba43d86628: receive RaftClientReply:client-43E682E1E07B->d5132e6f-def8-45c0-b0d2-c5ba43d86628@group-C29775A8E805, cid=635, SUCCESS, logIndex=1129, commits[d5132e6f-def8-45c0-b0d2-c5ba43d86628:c1130]
2019-06-13 22:26:35,751 INFO  client.GrpcClientProtocolClient (GrpcClientProtocolClient.java:onNext(254)) - client-43E682E1E07B->d5132e6f-def8-45c0-b0d2-c5ba43d86628: receive RaftClientReply:client-43E682E1E07B->d5132e6f-def8-45c0-b0d2-c5ba43d86628@group-C29775A8E805, cid=636, SUCCESS, logIndex=1131, commits[d5132e6f-def8-45c0-b0d2-c5ba43d86628:c1131]
2019-06-13 22:26:35,774 INFO  client.GrpcClientProtocolClient (GrpcClientProtocolClient.java:onNext(254)) - client-43E682E1E07B->d5132e6f-def8-45c0-b0d2-c5ba43d86628: receive RaftClientReply:client-43E682E1E07B->d5132e6f-def8-45c0-b0d2-c5ba43d86628@group-C29775A8E805, cid=637, SUCCESS, logIndex=1133, commits[d5132e6f-def8-45c0-b0d2-c5ba43d86628:c1133]
2019-06-13 22:26:35,786 INFO  client.GrpcClientProtocolClient (GrpcClientProtocolClient.java:onNext(254)) - client-43E682E1E07B->d5132e6f-def8-45c0-b0d2-c5ba43d86628: receive RaftClientReply:client-43E682E1E07B->d5132e6f-def8-45c0-b0d2-c5ba43d86628@group-C29775A8E805, cid=638, SUCCESS, logIndex=1135, commits[d5132e6f-def8-45c0-b0d2-c5ba43d86628:c1135]
2019-06-13 22:26:35,796 INFO  client.GrpcClientProtocolClient (GrpcClientProtocolClient.java:onNext(254)) - client-43E682E1E07B->d5132e6f-def8-45c0-b0d2-c5ba43d86628: receive RaftClientReply:client-43E682E1E07B->d5132e6f-def8-45c0-b0d2-c5ba43d86628@group-C29775A8E805, cid=639, SUCCESS, logIndex=1137, commits[d5132e6f-def8-45c0-b0d2-c5ba43d86628:c1137]
2019-06-13 22:26:35,806 INFO  client.GrpcClientProtocolClient (GrpcClientProtocolClient.java:onNext(254)) - client-43E682E1E07B->d5132e6f-def8-45c0-b0d2-c5ba43d86628: receive RaftClientReply:client-43E682E1E07B->d5132e6f-def8-45c0-b0d2-c5ba43d86628@group-C29775A8E805, cid=640, SUCCESS, logIndex=1139, commits[d5132e6f-def8-45c0-b0d2-c5ba43d86628:c1139]
2019-06-13 22:26:35,838 INFO  client.GrpcClientProtocolClient (GrpcClientProtocolClient.java:onNext(254)) - client-43E682E1E07B->d5132e6f-def8-45c0-b0d2-c5ba43d86628: receive RaftClientReply:client-43E682E1E07B->d5132e6f-def8-45c0-b0d2-c5ba43d86628@group-C29775A8E805, cid=641, SUCCESS, logIndex=1141, commits[d5132e6f-def8-45c0-b0d2-c5ba43d86628:c1141]
2019-06-13 22:26:35,839 INFO  storage.RaftLogWorker (RaftLogWorker.java:rollLogSegment(303)) - d5132e6f-def8-45c0-b0d2-c5ba43d86628-RaftLogWorker: Rolling segment log-1067_1143 to index:1143
2019-06-13 22:26:35,839 INFO  storage.RaftLogWorker (RaftLogWorker.java:execute(433)) - d5132e6f-def8-45c0-b0d2-c5ba43d86628-RaftLogWorker: Rolled log segment from /opt/src/hadoop-ozone/integration-test/target/test-dir/MiniOzoneClusterImpl-e9ea07bb-4900-4b53-96c1-68f0ab556a80/datanode-0/data/ratis/c7035dd3-cd4a-42fb-880d-c29775a8e805/current/log_inprogress_1067 to /opt/src/hadoop-ozone/integration-test/target/test-dir/MiniOzoneClusterImpl-e9ea07bb-4900-4b53-96c1-68f0ab556a80/datanode-0/data/ratis/c7035dd3-cd4a-42fb-880d-c29775a8e805/current/log_1067-1143
2019-06-13 22:26:35,840 DEBUG block.SCMBlockDeletingService (SCMBlockDeletingService.java:call(138)) - Running DeletedBlockTransactionScanner
2019-06-13 22:26:35,840 DEBUG block.SCMBlockDeletingService (SCMBlockDeletingService.java:call(155)) - Scanned deleted blocks log and got 0 delTX to process.
2019-06-13 22:26:35,849 INFO  client.GrpcClientProtocolClient (GrpcClientProtocolClient.java:onNext(254)) - client-43E682E1E07B->d5132e6f-def8-45c0-b0d2-c5ba43d86628: receive RaftClientReply:client-43E682E1E07B->d5132e6f-def8-45c0-b0d2-c5ba43d86628@group-C29775A8E805, cid=642, SUCCESS, logIndex=1143, commits[d5132e6f-def8-45c0-b0d2-c5ba43d86628:c1143]
2019-06-13 22:26:35,877 INFO  storage.RaftLogWorker (RaftLogWorker.java:execute(469)) - d5132e6f-def8-45c0-b0d2-c5ba43d86628-RaftLogWorker: created new log segment /opt/src/hadoop-ozone/integration-test/target/test-dir/MiniOzoneClusterImpl-e9ea07bb-4900-4b53-96c1-68f0ab556a80/datanode-0/data/ratis/c7035dd3-cd4a-42fb-880d-c29775a8e805/current/log_inprogress_1144
2019-06-13 22:26:35,879 INFO  client.GrpcClientProtocolClient (GrpcClientProtocolClient.java:onNext(254)) - client-43E682E1E07B->d5132e6f-def8-45c0-b0d2-c5ba43d86628: receive RaftClientReply:client-43E682E1E07B->d5132e6f-def8-45c0-b0d2-c5ba43d86628@group-C29775A8E805, cid=643, SUCCESS, logIndex=1144, commits[d5132e6f-def8-45c0-b0d2-c5ba43d86628:c1146]
2019-06-13 22:26:35,880 INFO  client.GrpcClientProtocolClient (GrpcClientProtocolClient.java:onNext(254)) - client-43E682E1E07B->d5132e6f-def8-45c0-b0d2-c5ba43d86628: receive RaftClientReply:client-43E682E1E07B->d5132e6f-def8-45c0-b0d2-c5ba43d86628@group-C29775A8E805, cid=644, SUCCESS, logIndex=1146, commits[d5132e6f-def8-45c0-b0d2-c5ba43d86628:c1147]
2019-06-13 22:26:35,890 INFO  client.GrpcClientProtocolClient (GrpcClientProtocolClient.java:onNext(254)) - client-43E682E1E07B->d5132e6f-def8-45c0-b0d2-c5ba43d86628: receive RaftClientReply:client-43E682E1E07B->d5132e6f-def8-45c0-b0d2-c5ba43d86628@group-C29775A8E805, cid=645, SUCCESS, logIndex=1148, commits[d5132e6f-def8-45c0-b0d2-c5ba43d86628:c1148]
2019-06-13 22:26:35,894 INFO  client.GrpcClientProtocolClient (GrpcClientProtocolClient.java:onNext(254)) - client-43E682E1E07B->d5132e6f-def8-45c0-b0d2-c5ba43d86628: receive RaftClientReply:client-43E682E1E07B->d5132e6f-def8-45c0-b0d2-c5ba43d86628@group-C29775A8E805, cid=646, SUCCESS, logIndex=1150, commits[d5132e6f-def8-45c0-b0d2-c5ba43d86628:c1150]
2019-06-13 22:26:35,901 INFO  client.GrpcClientProtocolClient (GrpcClientProtocolClient.java:onNext(254)) - client-43E682E1E07B->d5132e6f-def8-45c0-b0d2-c5ba43d86628: receive RaftClientReply:client-43E682E1E07B->d5132e6f-def8-45c0-b0d2-c5ba43d86628@group-C29775A8E805, cid=647, SUCCESS, logIndex=1151, commits[d5132e6f-def8-45c0-b0d2-c5ba43d86628:c1152]
2019-06-13 22:26:35,903 INFO  client.GrpcClientProtocolClient (GrpcClientProtocolClient.java:onNext(254)) - client-43E682E1E07B->d5132e6f-def8-45c0-b0d2-c5ba43d86628: receive RaftClientReply:client-43E682E1E07B->d5132e6f-def8-45c0-b0d2-c5ba43d86628@group-C29775A8E805, cid=648, SUCCESS, logIndex=1152, commits[d5132e6f-def8-45c0-b0d2-c5ba43d86628:c1154]
2019-06-13 22:26:35,920 INFO  client.GrpcClientProtocolClient (GrpcClientProtocolClient.java:onNext(254)) - client-43E682E1E07B->d5132e6f-def8-45c0-b0d2-c5ba43d86628: receive RaftClientReply:client-43E682E1E07B->d5132e6f-def8-45c0-b0d2-c5ba43d86628@group-C29775A8E805, cid=649, SUCCESS, logIndex=1155, commits[d5132e6f-def8-45c0-b0d2-c5ba43d86628:c1155]
2019-06-13 22:26:35,926 INFO  client.GrpcClientProtocolClient (GrpcClientProtocolClient.java:onNext(254)) - client-43E682E1E07B->d5132e6f-def8-45c0-b0d2-c5ba43d86628: receive RaftClientReply:client-43E682E1E07B->d5132e6f-def8-45c0-b0d2-c5ba43d86628@group-C29775A8E805, cid=650, SUCCESS, logIndex=1157, commits[d5132e6f-def8-45c0-b0d2-c5ba43d86628:c1157]
2019-06-13 22:26:35,927 INFO  client.GrpcClientProtocolClient (GrpcClientProtocolClient.java:onNext(254)) - client-43E682E1E07B->d5132e6f-def8-45c0-b0d2-c5ba43d86628: receive RaftClientReply:client-43E682E1E07B->d5132e6f-def8-45c0-b0d2-c5ba43d86628@group-C29775A8E805, cid=651, SUCCESS, logIndex=1158, commits[d5132e6f-def8-45c0-b0d2-c5ba43d86628:c1159]
2019-06-13 22:26:35,930 INFO  client.GrpcClientProtocolClient (GrpcClientProtocolClient.java:onNext(254)) - client-43E682E1E07B->d5132e6f-def8-45c0-b0d2-c5ba43d86628: receive RaftClientReply:client-43E682E1E07B->d5132e6f-def8-45c0-b0d2-c5ba43d86628@group-C29775A8E805, cid=652, SUCCESS, logIndex=1160, commits[d5132e6f-def8-45c0-b0d2-c5ba43d86628:c1160]
2019-06-13 22:26:35,981 DEBUG block.SCMBlockDeletingService (SCMBlockDeletingService.java:call(138)) - Running DeletedBlockTransactionScanner
2019-06-13 22:26:35,981 DEBUG block.SCMBlockDeletingService (SCMBlockDeletingService.java:call(155)) - Scanned deleted blocks log and got 0 delTX to process.
2019-06-13 22:26:35,994 INFO  client.GrpcClientProtocolClient (GrpcClientProtocolClient.java:onNext(254)) - client-43E682E1E07B->d5132e6f-def8-45c0-b0d2-c5ba43d86628: receive RaftClientReply:client-43E682E1E07B->d5132e6f-def8-45c0-b0d2-c5ba43d86628@group-C29775A8E805, cid=653, SUCCESS, logIndex=1162, commits[d5132e6f-def8-45c0-b0d2-c5ba43d86628:c1162]
2019-06-13 22:26:36,002 INFO  client.GrpcClientProtocolClient (GrpcClientProtocolClient.java:onNext(254)) - client-43E682E1E07B->d5132e6f-def8-45c0-b0d2-c5ba43d86628: receive RaftClientReply:client-43E682E1E07B->d5132e6f-def8-45c0-b0d2-c5ba43d86628@group-C29775A8E805, cid=654, SUCCESS, logIndex=1164, commits[d5132e6f-def8-45c0-b0d2-c5ba43d86628:c1164]
2019-06-13 22:26:36,003 INFO  client.GrpcClientProtocolClient (GrpcClientProtocolClient.java:onNext(254)) - client-43E682E1E07B->d5132e6f-def8-45c0-b0d2-c5ba43d86628: receive RaftClientReply:client-43E682E1E07B->d5132e6f-def8-45c0-b0d2-c5ba43d86628@group-C29775A8E805, cid=655, SUCCESS, logIndex=1165, commits[d5132e6f-def8-45c0-b0d2-c5ba43d86628:c1167]
2019-06-13 22:26:36,012 INFO  client.GrpcClientProtocolClient (GrpcClientProtocolClient.java:onNext(254)) - client-43E682E1E07B->d5132e6f-def8-45c0-b0d2-c5ba43d86628: receive RaftClientReply:client-43E682E1E07B->d5132e6f-def8-45c0-b0d2-c5ba43d86628@group-C29775A8E805, cid=656, SUCCESS, logIndex=1166, commits[d5132e6f-def8-45c0-b0d2-c5ba43d86628:c1167]
2019-06-13 22:26:36,046 INFO  client.GrpcClientProtocolClient (GrpcClientProtocolClient.java:onNext(254)) - client-43E682E1E07B->d5132e6f-def8-45c0-b0d2-c5ba43d86628: receive RaftClientReply:client-43E682E1E07B->d5132e6f-def8-45c0-b0d2-c5ba43d86628@group-C29775A8E805, cid=657, SUCCESS, logIndex=1169, commits[d5132e6f-def8-45c0-b0d2-c5ba43d86628:c1169]
2019-06-13 22:26:36,048 INFO  client.GrpcClientProtocolClient (GrpcClientProtocolClient.java:onNext(254)) - client-43E682E1E07B->d5132e6f-def8-45c0-b0d2-c5ba43d86628: receive RaftClientReply:client-43E682E1E07B->d5132e6f-def8-45c0-b0d2-c5ba43d86628@group-C29775A8E805, cid=658, SUCCESS, logIndex=1171, commits[d5132e6f-def8-45c0-b0d2-c5ba43d86628:c1171]
2019-06-13 22:26:36,062 INFO  client.GrpcClientProtocolClient (GrpcClientProtocolClient.java:onNext(254)) - client-43E682E1E07B->d5132e6f-def8-45c0-b0d2-c5ba43d86628: receive RaftClientReply:client-43E682E1E07B->d5132e6f-def8-45c0-b0d2-c5ba43d86628@group-C29775A8E805, cid=659, SUCCESS, logIndex=1173, commits[d5132e6f-def8-45c0-b0d2-c5ba43d86628:c1174]
2019-06-13 22:26:36,063 INFO  client.GrpcClientProtocolClient (GrpcClientProtocolClient.java:onNext(254)) - client-43E682E1E07B->d5132e6f-def8-45c0-b0d2-c5ba43d86628: receive RaftClientReply:client-43E682E1E07B->d5132e6f-def8-45c0-b0d2-c5ba43d86628@group-C29775A8E805, cid=660, SUCCESS, logIndex=1174, commits[d5132e6f-def8-45c0-b0d2-c5ba43d86628:c1174]
2019-06-13 22:26:36,082 DEBUG block.SCMBlockDeletingService (SCMBlockDeletingService.java:call(138)) - Running DeletedBlockTransactionScanner
2019-06-13 22:26:36,082 DEBUG block.SCMBlockDeletingService (SCMBlockDeletingService.java:call(155)) - Scanned deleted blocks log and got 0 delTX to process.
2019-06-13 22:26:36,083 INFO  client.GrpcClientProtocolClient (GrpcClientProtocolClient.java:onNext(254)) - client-43E682E1E07B->d5132e6f-def8-45c0-b0d2-c5ba43d86628: receive RaftClientReply:client-43E682E1E07B->d5132e6f-def8-45c0-b0d2-c5ba43d86628@group-C29775A8E805, cid=661, SUCCESS, logIndex=1176, commits[d5132e6f-def8-45c0-b0d2-c5ba43d86628:c1176]
2019-06-13 22:26:36,094 INFO  client.GrpcClientProtocolClient (GrpcClientProtocolClient.java:onNext(254)) - client-43E682E1E07B->d5132e6f-def8-45c0-b0d2-c5ba43d86628: receive RaftClientReply:client-43E682E1E07B->d5132e6f-def8-45c0-b0d2-c5ba43d86628@group-C29775A8E805, cid=662, SUCCESS, logIndex=1178, commits[d5132e6f-def8-45c0-b0d2-c5ba43d86628:c1178]
2019-06-13 22:26:36,178 INFO  client.GrpcClientProtocolClient (GrpcClientProtocolClient.java:onNext(254)) - client-43E682E1E07B->d5132e6f-def8-45c0-b0d2-c5ba43d86628: receive RaftClientReply:client-43E682E1E07B->d5132e6f-def8-45c0-b0d2-c5ba43d86628@group-C29775A8E805, cid=663, SUCCESS, logIndex=1180, commits[d5132e6f-def8-45c0-b0d2-c5ba43d86628:c1180]
2019-06-13 22:26:36,182 DEBUG block.SCMBlockDeletingService (SCMBlockDeletingService.java:call(138)) - Running DeletedBlockTransactionScanner
2019-06-13 22:26:36,182 DEBUG block.SCMBlockDeletingService (SCMBlockDeletingService.java:call(155)) - Scanned deleted blocks log and got 0 delTX to process.
2019-06-13 22:26:36,186 INFO  client.GrpcClientProtocolClient (GrpcClientProtocolClient.java:onNext(254)) - client-43E682E1E07B->d5132e6f-def8-45c0-b0d2-c5ba43d86628: receive RaftClientReply:client-43E682E1E07B->d5132e6f-def8-45c0-b0d2-c5ba43d86628@group-C29775A8E805, cid=664, SUCCESS, logIndex=1182, commits[d5132e6f-def8-45c0-b0d2-c5ba43d86628:c1182]
2019-06-13 22:26:36,201 INFO  client.GrpcClientProtocolClient (GrpcClientProtocolClient.java:onNext(254)) - client-43E682E1E07B->d5132e6f-def8-45c0-b0d2-c5ba43d86628: receive RaftClientReply:client-43E682E1E07B->d5132e6f-def8-45c0-b0d2-c5ba43d86628@group-C29775A8E805, cid=665, SUCCESS, logIndex=1184, commits[d5132e6f-def8-45c0-b0d2-c5ba43d86628:c1184]
2019-06-13 22:26:36,214 INFO  client.GrpcClientProtocolClient (GrpcClientProtocolClient.java:onNext(254)) - client-43E682E1E07B->d5132e6f-def8-45c0-b0d2-c5ba43d86628: receive RaftClientReply:client-43E682E1E07B->d5132e6f-def8-45c0-b0d2-c5ba43d86628@group-C29775A8E805, cid=666, SUCCESS, logIndex=1186, commits[d5132e6f-def8-45c0-b0d2-c5ba43d86628:c1186]
2019-06-13 22:26:36,216 INFO  client.GrpcClientProtocolClient (GrpcClientProtocolClient.java:onNext(254)) - client-43E682E1E07B->d5132e6f-def8-45c0-b0d2-c5ba43d86628: receive RaftClientReply:client-43E682E1E07B->d5132e6f-def8-45c0-b0d2-c5ba43d86628@group-C29775A8E805, cid=667, SUCCESS, logIndex=1187, commits[d5132e6f-def8-45c0-b0d2-c5ba43d86628:c1189]
2019-06-13 22:26:36,217 INFO  client.GrpcClientProtocolClient (GrpcClientProtocolClient.java:onNext(254)) - client-43E682E1E07B->d5132e6f-def8-45c0-b0d2-c5ba43d86628: receive RaftClientReply:client-43E682E1E07B->d5132e6f-def8-45c0-b0d2-c5ba43d86628@group-C29775A8E805, cid=668, SUCCESS, logIndex=1189, commits[d5132e6f-def8-45c0-b0d2-c5ba43d86628:c1189]
2019-06-13 22:26:36,225 INFO  client.GrpcClientProtocolClient (GrpcClientProtocolClient.java:onNext(254)) - client-43E682E1E07B->d5132e6f-def8-45c0-b0d2-c5ba43d86628: receive RaftClientReply:client-43E682E1E07B->d5132e6f-def8-45c0-b0d2-c5ba43d86628@group-C29775A8E805, cid=669, SUCCESS, logIndex=1191, commits[d5132e6f-def8-45c0-b0d2-c5ba43d86628:c1191]
2019-06-13 22:26:36,234 INFO  client.GrpcClientProtocolClient (GrpcClientProtocolClient.java:onNext(254)) - client-43E682E1E07B->d5132e6f-def8-45c0-b0d2-c5ba43d86628: receive RaftClientReply:client-43E682E1E07B->d5132e6f-def8-45c0-b0d2-c5ba43d86628@group-C29775A8E805, cid=670, SUCCESS, logIndex=1193, commits[d5132e6f-def8-45c0-b0d2-c5ba43d86628:c1193]
2019-06-13 22:26:36,243 INFO  client.GrpcClientProtocolClient (GrpcClientProtocolClient.java:onNext(254)) - client-43E682E1E07B->d5132e6f-def8-45c0-b0d2-c5ba43d86628: receive RaftClientReply:client-43E682E1E07B->d5132e6f-def8-45c0-b0d2-c5ba43d86628@group-C29775A8E805, cid=671, SUCCESS, logIndex=1195, commits[d5132e6f-def8-45c0-b0d2-c5ba43d86628:c1195]
2019-06-13 22:26:36,246 INFO  client.GrpcClientProtocolClient (GrpcClientProtocolClient.java:onNext(254)) - client-43E682E1E07B->d5132e6f-def8-45c0-b0d2-c5ba43d86628: receive RaftClientReply:client-43E682E1E07B->d5132e6f-def8-45c0-b0d2-c5ba43d86628@group-C29775A8E805, cid=672, SUCCESS, logIndex=1196, commits[d5132e6f-def8-45c0-b0d2-c5ba43d86628:c1197]
2019-06-13 22:26:36,264 INFO  client.GrpcClientProtocolClient (GrpcClientProtocolClient.java:onNext(254)) - client-43E682E1E07B->d5132e6f-def8-45c0-b0d2-c5ba43d86628: receive RaftClientReply:client-43E682E1E07B->d5132e6f-def8-45c0-b0d2-c5ba43d86628@group-C29775A8E805, cid=673, SUCCESS, logIndex=1198, commits[d5132e6f-def8-45c0-b0d2-c5ba43d86628:c1198]
2019-06-13 22:26:36,267 INFO  client.GrpcClientProtocolClient (GrpcClientProtocolClient.java:onNext(254)) - client-43E682E1E07B->d5132e6f-def8-45c0-b0d2-c5ba43d86628: receive RaftClientReply:client-43E682E1E07B->d5132e6f-def8-45c0-b0d2-c5ba43d86628@group-C29775A8E805, cid=674, SUCCESS, logIndex=1200, commits[d5132e6f-def8-45c0-b0d2-c5ba43d86628:c1200]
2019-06-13 22:26:36,268 INFO  client.GrpcClientProtocolClient (GrpcClientProtocolClient.java:onNext(254)) - client-43E682E1E07B->d5132e6f-def8-45c0-b0d2-c5ba43d86628: receive RaftClientReply:client-43E682E1E07B->d5132e6f-def8-45c0-b0d2-c5ba43d86628@group-C29775A8E805, cid=675, SUCCESS, logIndex=1201, commits[d5132e6f-def8-45c0-b0d2-c5ba43d86628:c1203]
2019-06-13 22:26:36,269 INFO  client.GrpcClientProtocolClient (GrpcClientProtocolClient.java:onNext(254)) - client-43E682E1E07B->d5132e6f-def8-45c0-b0d2-c5ba43d86628: receive RaftClientReply:client-43E682E1E07B->d5132e6f-def8-45c0-b0d2-c5ba43d86628@group-C29775A8E805, cid=676, SUCCESS, logIndex=1202, commits[d5132e6f-def8-45c0-b0d2-c5ba43d86628:c1203]
2019-06-13 22:26:36,283 DEBUG block.SCMBlockDeletingService (SCMBlockDeletingService.java:call(138)) - Running DeletedBlockTransactionScanner
2019-06-13 22:26:36,283 DEBUG block.SCMBlockDeletingService (SCMBlockDeletingService.java:call(155)) - Scanned deleted blocks log and got 0 delTX to process.
2019-06-13 22:26:36,286 INFO  client.GrpcClientProtocolClient (GrpcClientProtocolClient.java:onNext(254)) - client-43E682E1E07B->d5132e6f-def8-45c0-b0d2-c5ba43d86628: receive RaftClientReply:client-43E682E1E07B->d5132e6f-def8-45c0-b0d2-c5ba43d86628@group-C29775A8E805, cid=677, SUCCESS, logIndex=1204, commits[d5132e6f-def8-45c0-b0d2-c5ba43d86628:c1204]
2019-06-13 22:26:36,292 INFO  client.GrpcClientProtocolClient (GrpcClientProtocolClient.java:onNext(254)) - client-43E682E1E07B->d5132e6f-def8-45c0-b0d2-c5ba43d86628: receive RaftClientReply:client-43E682E1E07B->d5132e6f-def8-45c0-b0d2-c5ba43d86628@group-C29775A8E805, cid=678, SUCCESS, logIndex=1206, commits[d5132e6f-def8-45c0-b0d2-c5ba43d86628:c1206]
2019-06-13 22:26:36,296 INFO  client.GrpcClientProtocolClient (GrpcClientProtocolClient.java:onNext(254)) - client-43E682E1E07B->d5132e6f-def8-45c0-b0d2-c5ba43d86628: receive RaftClientReply:client-43E682E1E07B->d5132e6f-def8-45c0-b0d2-c5ba43d86628@group-C29775A8E805, cid=679, SUCCESS, logIndex=1207, commits[d5132e6f-def8-45c0-b0d2-c5ba43d86628:c1209]
2019-06-13 22:26:36,297 INFO  client.GrpcClientProtocolClient (GrpcClientProtocolClient.java:onNext(254)) - client-43E682E1E07B->d5132e6f-def8-45c0-b0d2-c5ba43d86628: receive RaftClientReply:client-43E682E1E07B->d5132e6f-def8-45c0-b0d2-c5ba43d86628@group-C29775A8E805, cid=680, SUCCESS, logIndex=1208, commits[d5132e6f-def8-45c0-b0d2-c5ba43d86628:c1209]
2019-06-13 22:26:36,313 INFO  client.GrpcClientProtocolClient (GrpcClientProtocolClient.java:onNext(254)) - client-43E682E1E07B->d5132e6f-def8-45c0-b0d2-c5ba43d86628: receive RaftClientReply:client-43E682E1E07B->d5132e6f-def8-45c0-b0d2-c5ba43d86628@group-C29775A8E805, cid=681, SUCCESS, logIndex=1210, commits[d5132e6f-def8-45c0-b0d2-c5ba43d86628:c1210]
2019-06-13 22:26:36,318 INFO  client.GrpcClientProtocolClient (GrpcClientProtocolClient.java:onNext(254)) - client-43E682E1E07B->d5132e6f-def8-45c0-b0d2-c5ba43d86628: receive RaftClientReply:client-43E682E1E07B->d5132e6f-def8-45c0-b0d2-c5ba43d86628@group-C29775A8E805, cid=682, SUCCESS, logIndex=1212, commits[d5132e6f-def8-45c0-b0d2-c5ba43d86628:c1212]
2019-06-13 22:26:36,319 INFO  client.GrpcClientProtocolClient (GrpcClientProtocolClient.java:onNext(254)) - client-43E682E1E07B->d5132e6f-def8-45c0-b0d2-c5ba43d86628: receive RaftClientReply:client-43E682E1E07B->d5132e6f-def8-45c0-b0d2-c5ba43d86628@group-C29775A8E805, cid=683, SUCCESS, logIndex=1213, commits[d5132e6f-def8-45c0-b0d2-c5ba43d86628:c1214]
2019-06-13 22:26:36,319 INFO  client.GrpcClientProtocolClient (GrpcClientProtocolClient.java:onNext(254)) - client-43E682E1E07B->d5132e6f-def8-45c0-b0d2-c5ba43d86628: receive RaftClientReply:client-43E682E1E07B->d5132e6f-def8-45c0-b0d2-c5ba43d86628@group-C29775A8E805, cid=684, SUCCESS, logIndex=1215, commits[d5132e6f-def8-45c0-b0d2-c5ba43d86628:c1215]
2019-06-13 22:26:36,332 INFO  client.GrpcClientProtocolClient (GrpcClientProtocolClient.java:onNext(254)) - client-43E682E1E07B->d5132e6f-def8-45c0-b0d2-c5ba43d86628: receive RaftClientReply:client-43E682E1E07B->d5132e6f-def8-45c0-b0d2-c5ba43d86628@group-C29775A8E805, cid=685, SUCCESS, logIndex=1217, commits[d5132e6f-def8-45c0-b0d2-c5ba43d86628:c1217]
2019-06-13 22:26:36,332 INFO  storage.RaftLogWorker (RaftLogWorker.java:rollLogSegment(303)) - d5132e6f-def8-45c0-b0d2-c5ba43d86628-RaftLogWorker: Rolling segment log-1144_1218 to index:1218
2019-06-13 22:26:36,333 INFO  storage.RaftLogWorker (RaftLogWorker.java:execute(433)) - d5132e6f-def8-45c0-b0d2-c5ba43d86628-RaftLogWorker: Rolled log segment from /opt/src/hadoop-ozone/integration-test/target/test-dir/MiniOzoneClusterImpl-e9ea07bb-4900-4b53-96c1-68f0ab556a80/datanode-0/data/ratis/c7035dd3-cd4a-42fb-880d-c29775a8e805/current/log_inprogress_1144 to /opt/src/hadoop-ozone/integration-test/target/test-dir/MiniOzoneClusterImpl-e9ea07bb-4900-4b53-96c1-68f0ab556a80/datanode-0/data/ratis/c7035dd3-cd4a-42fb-880d-c29775a8e805/current/log_1144-1218
2019-06-13 22:26:36,374 INFO  storage.RaftLogWorker (RaftLogWorker.java:execute(469)) - d5132e6f-def8-45c0-b0d2-c5ba43d86628-RaftLogWorker: created new log segment /opt/src/hadoop-ozone/integration-test/target/test-dir/MiniOzoneClusterImpl-e9ea07bb-4900-4b53-96c1-68f0ab556a80/datanode-0/data/ratis/c7035dd3-cd4a-42fb-880d-c29775a8e805/current/log_inprogress_1219
2019-06-13 22:26:36,377 INFO  client.GrpcClientProtocolClient (GrpcClientProtocolClient.java:onNext(254)) - client-43E682E1E07B->d5132e6f-def8-45c0-b0d2-c5ba43d86628: receive RaftClientReply:client-43E682E1E07B->d5132e6f-def8-45c0-b0d2-c5ba43d86628@group-C29775A8E805, cid=686, SUCCESS, logIndex=1219, commits[d5132e6f-def8-45c0-b0d2-c5ba43d86628:c1222]
2019-06-13 22:26:36,382 INFO  client.GrpcClientProtocolClient (GrpcClientProtocolClient.java:onNext(254)) - client-43E682E1E07B->d5132e6f-def8-45c0-b0d2-c5ba43d86628: receive RaftClientReply:client-43E682E1E07B->d5132e6f-def8-45c0-b0d2-c5ba43d86628@group-C29775A8E805, cid=687, SUCCESS, logIndex=1220, commits[d5132e6f-def8-45c0-b0d2-c5ba43d86628:c1222]
2019-06-13 22:26:36,383 DEBUG block.SCMBlockDeletingService (SCMBlockDeletingService.java:call(138)) - Running DeletedBlockTransactionScanner
2019-06-13 22:26:36,383 DEBUG block.SCMBlockDeletingService (SCMBlockDeletingService.java:call(155)) - Scanned deleted blocks log and got 0 delTX to process.
2019-06-13 22:26:36,386 INFO  client.GrpcClientProtocolClient (GrpcClientProtocolClient.java:onNext(254)) - client-43E682E1E07B->d5132e6f-def8-45c0-b0d2-c5ba43d86628: receive RaftClientReply:client-43E682E1E07B->d5132e6f-def8-45c0-b0d2-c5ba43d86628@group-C29775A8E805, cid=688, SUCCESS, logIndex=1221, commits[d5132e6f-def8-45c0-b0d2-c5ba43d86628:c1222]
2019-06-13 22:26:36,400 INFO  client.GrpcClientProtocolClient (GrpcClientProtocolClient.java:onNext(254)) - client-43E682E1E07B->d5132e6f-def8-45c0-b0d2-c5ba43d86628: receive RaftClientReply:client-43E682E1E07B->d5132e6f-def8-45c0-b0d2-c5ba43d86628@group-C29775A8E805, cid=689, SUCCESS, logIndex=1223, commits[d5132e6f-def8-45c0-b0d2-c5ba43d86628:c1223]
2019-06-13 22:26:36,404 INFO  client.GrpcClientProtocolClient (GrpcClientProtocolClient.java:onNext(254)) - client-43E682E1E07B->d5132e6f-def8-45c0-b0d2-c5ba43d86628: receive RaftClientReply:client-43E682E1E07B->d5132e6f-def8-45c0-b0d2-c5ba43d86628@group-C29775A8E805, cid=690, SUCCESS, logIndex=1225, commits[d5132e6f-def8-45c0-b0d2-c5ba43d86628:c1225]
2019-06-13 22:26:36,406 INFO  client.GrpcClientProtocolClient (GrpcClientProtocolClient.java:onNext(254)) - client-43E682E1E07B->d5132e6f-def8-45c0-b0d2-c5ba43d86628: receive RaftClientReply:client-43E682E1E07B->d5132e6f-def8-45c0-b0d2-c5ba43d86628@group-C29775A8E805, cid=691, SUCCESS, logIndex=1226, commits[d5132e6f-def8-45c0-b0d2-c5ba43d86628:c1227]
2019-06-13 22:26:36,406 INFO  client.GrpcClientProtocolClient (GrpcClientProtocolClient.java:onNext(254)) - client-43E682E1E07B->d5132e6f-def8-45c0-b0d2-c5ba43d86628: receive RaftClientReply:client-43E682E1E07B->d5132e6f-def8-45c0-b0d2-c5ba43d86628@group-C29775A8E805, cid=692, SUCCESS, logIndex=1227, commits[d5132e6f-def8-45c0-b0d2-c5ba43d86628:c1227]
2019-06-13 22:26:36,415 INFO  client.GrpcClientProtocolClient (GrpcClientProtocolClient.java:onNext(254)) - client-43E682E1E07B->d5132e6f-def8-45c0-b0d2-c5ba43d86628: receive RaftClientReply:client-43E682E1E07B->d5132e6f-def8-45c0-b0d2-c5ba43d86628@group-C29775A8E805, cid=693, SUCCESS, logIndex=1230, commits[d5132e6f-def8-45c0-b0d2-c5ba43d86628:c1230]
2019-06-13 22:26:36,417 INFO  client.GrpcClientProtocolClient (GrpcClientProtocolClient.java:onNext(254)) - client-43E682E1E07B->d5132e6f-def8-45c0-b0d2-c5ba43d86628: receive RaftClientReply:client-43E682E1E07B->d5132e6f-def8-45c0-b0d2-c5ba43d86628@group-C29775A8E805, cid=694, SUCCESS, logIndex=1232, commits[d5132e6f-def8-45c0-b0d2-c5ba43d86628:c1232]
2019-06-13 22:26:36,421 INFO  client.GrpcClientProtocolClient (GrpcClientProtocolClient.java:onNext(254)) - client-43E682E1E07B->d5132e6f-def8-45c0-b0d2-c5ba43d86628: receive RaftClientReply:client-43E682E1E07B->d5132e6f-def8-45c0-b0d2-c5ba43d86628@group-C29775A8E805, cid=695, SUCCESS, logIndex=1233, commits[d5132e6f-def8-45c0-b0d2-c5ba43d86628:c1233]
2019-06-13 22:26:36,422 INFO  client.GrpcClientProtocolClient (GrpcClientProtocolClient.java:onNext(254)) - client-43E682E1E07B->d5132e6f-def8-45c0-b0d2-c5ba43d86628: receive RaftClientReply:client-43E682E1E07B->d5132e6f-def8-45c0-b0d2-c5ba43d86628@group-C29775A8E805, cid=696, SUCCESS, logIndex=1235, commits[d5132e6f-def8-45c0-b0d2-c5ba43d86628:c1235]
2019-06-13 22:26:36,440 INFO  client.GrpcClientProtocolClient (GrpcClientProtocolClient.java:onNext(254)) - client-43E682E1E07B->d5132e6f-def8-45c0-b0d2-c5ba43d86628: receive RaftClientReply:client-43E682E1E07B->d5132e6f-def8-45c0-b0d2-c5ba43d86628@group-C29775A8E805, cid=697, SUCCESS, logIndex=1238, commits[d5132e6f-def8-45c0-b0d2-c5ba43d86628:c1238]
2019-06-13 22:26:36,442 INFO  client.GrpcClientProtocolClient (GrpcClientProtocolClient.java:onNext(254)) - client-43E682E1E07B->d5132e6f-def8-45c0-b0d2-c5ba43d86628: receive RaftClientReply:client-43E682E1E07B->d5132e6f-def8-45c0-b0d2-c5ba43d86628@group-C29775A8E805, cid=698, SUCCESS, logIndex=1240, commits[d5132e6f-def8-45c0-b0d2-c5ba43d86628:c1240]
2019-06-13 22:26:36,444 INFO  client.GrpcClientProtocolClient (GrpcClientProtocolClient.java:onNext(254)) - client-43E682E1E07B->d5132e6f-def8-45c0-b0d2-c5ba43d86628: receive RaftClientReply:client-43E682E1E07B->d5132e6f-def8-45c0-b0d2-c5ba43d86628@group-C29775A8E805, cid=699, SUCCESS, logIndex=1241, commits[d5132e6f-def8-45c0-b0d2-c5ba43d86628:c1243]
2019-06-13 22:26:36,444 INFO  client.GrpcClientProtocolClient (GrpcClientProtocolClient.java:onNext(254)) - client-43E682E1E07B->d5132e6f-def8-45c0-b0d2-c5ba43d86628: receive RaftClientReply:client-43E682E1E07B->d5132e6f-def8-45c0-b0d2-c5ba43d86628@group-C29775A8E805, cid=700, SUCCESS, logIndex=1243, commits[d5132e6f-def8-45c0-b0d2-c5ba43d86628:c1243]
2019-06-13 22:26:36,458 INFO  client.GrpcClientProtocolClient (GrpcClientProtocolClient.java:onNext(254)) - client-43E682E1E07B->d5132e6f-def8-45c0-b0d2-c5ba43d86628: receive RaftClientReply:client-43E682E1E07B->d5132e6f-def8-45c0-b0d2-c5ba43d86628@group-C29775A8E805, cid=701, SUCCESS, logIndex=1245, commits[d5132e6f-def8-45c0-b0d2-c5ba43d86628:c1245]
2019-06-13 22:26:36,460 INFO  client.GrpcClientProtocolClient (GrpcClientProtocolClient.java:onNext(254)) - client-43E682E1E07B->d5132e6f-def8-45c0-b0d2-c5ba43d86628: receive RaftClientReply:client-43E682E1E07B->d5132e6f-def8-45c0-b0d2-c5ba43d86628@group-C29775A8E805, cid=702, SUCCESS, logIndex=1247, commits[d5132e6f-def8-45c0-b0d2-c5ba43d86628:c1247]
2019-06-13 22:26:36,466 INFO  client.GrpcClientProtocolClient (GrpcClientProtocolClient.java:onNext(254)) - client-43E682E1E07B->d5132e6f-def8-45c0-b0d2-c5ba43d86628: receive RaftClientReply:client-43E682E1E07B->d5132e6f-def8-45c0-b0d2-c5ba43d86628@group-C29775A8E805, cid=703, SUCCESS, logIndex=1248, commits[d5132e6f-def8-45c0-b0d2-c5ba43d86628:c1250]
2019-06-13 22:26:36,467 INFO  client.GrpcClientProtocolClient (GrpcClientProtocolClient.java:onNext(254)) - client-43E682E1E07B->d5132e6f-def8-45c0-b0d2-c5ba43d86628: receive RaftClientReply:client-43E682E1E07B->d5132e6f-def8-45c0-b0d2-c5ba43d86628@group-C29775A8E805, cid=704, SUCCESS, logIndex=1249, commits[d5132e6f-def8-45c0-b0d2-c5ba43d86628:c1250]
2019-06-13 22:26:36,487 DEBUG block.SCMBlockDeletingService (SCMBlockDeletingService.java:call(138)) - Running DeletedBlockTransactionScanner
2019-06-13 22:26:36,487 DEBUG block.SCMBlockDeletingService (SCMBlockDeletingService.java:call(155)) - Scanned deleted blocks log and got 0 delTX to process.
2019-06-13 22:26:36,503 INFO  client.GrpcClientProtocolClient (GrpcClientProtocolClient.java:onNext(254)) - client-43E682E1E07B->d5132e6f-def8-45c0-b0d2-c5ba43d86628: receive RaftClientReply:client-43E682E1E07B->d5132e6f-def8-45c0-b0d2-c5ba43d86628@group-C29775A8E805, cid=705, SUCCESS, logIndex=1251, commits[d5132e6f-def8-45c0-b0d2-c5ba43d86628:c1252]
2019-06-13 22:26:36,518 INFO  client.GrpcClientProtocolClient (GrpcClientProtocolClient.java:onNext(254)) - client-43E682E1E07B->d5132e6f-def8-45c0-b0d2-c5ba43d86628: receive RaftClientReply:client-43E682E1E07B->d5132e6f-def8-45c0-b0d2-c5ba43d86628@group-C29775A8E805, cid=706, SUCCESS, logIndex=1253, commits[d5132e6f-def8-45c0-b0d2-c5ba43d86628:c1253]
2019-06-13 22:26:36,770 DEBUG block.SCMBlockDeletingService (SCMBlockDeletingService.java:call(138)) - Running DeletedBlockTransactionScanner
2019-06-13 22:26:36,770 DEBUG block.SCMBlockDeletingService (SCMBlockDeletingService.java:call(155)) - Scanned deleted blocks log and got 0 delTX to process.
2019-06-13 22:26:36,779 INFO  client.GrpcClientProtocolClient (GrpcClientProtocolClient.java:onNext(254)) - client-43E682E1E07B->d5132e6f-def8-45c0-b0d2-c5ba43d86628: receive RaftClientReply:client-43E682E1E07B->d5132e6f-def8-45c0-b0d2-c5ba43d86628@group-C29775A8E805, cid=707, SUCCESS, logIndex=1255, commits[d5132e6f-def8-45c0-b0d2-c5ba43d86628:c1255]
2019-06-13 22:26:36,781 INFO  client.GrpcClientProtocolClient (GrpcClientProtocolClient.java:onNext(254)) - client-43E682E1E07B->d5132e6f-def8-45c0-b0d2-c5ba43d86628: receive RaftClientReply:client-43E682E1E07B->d5132e6f-def8-45c0-b0d2-c5ba43d86628@group-C29775A8E805, cid=708, SUCCESS, logIndex=1257, commits[d5132e6f-def8-45c0-b0d2-c5ba43d86628:c1257]
2019-06-13 22:26:36,788 INFO  client.GrpcClientProtocolClient (GrpcClientProtocolClient.java:onNext(254)) - client-43E682E1E07B->d5132e6f-def8-45c0-b0d2-c5ba43d86628: receive RaftClientReply:client-43E682E1E07B->d5132e6f-def8-45c0-b0d2-c5ba43d86628@group-C29775A8E805, cid=709, SUCCESS, logIndex=1259, commits[d5132e6f-def8-45c0-b0d2-c5ba43d86628:c1259]
2019-06-13 22:26:36,791 INFO  client.GrpcClientProtocolClient (GrpcClientProtocolClient.java:onNext(254)) - client-43E682E1E07B->d5132e6f-def8-45c0-b0d2-c5ba43d86628: receive RaftClientReply:client-43E682E1E07B->d5132e6f-def8-45c0-b0d2-c5ba43d86628@group-C29775A8E805, cid=710, SUCCESS, logIndex=1261, commits[d5132e6f-def8-45c0-b0d2-c5ba43d86628:c1261]
2019-06-13 22:26:36,793 INFO  client.GrpcClientProtocolClient (GrpcClientProtocolClient.java:onNext(254)) - client-43E682E1E07B->d5132e6f-def8-45c0-b0d2-c5ba43d86628: receive RaftClientReply:client-43E682E1E07B->d5132e6f-def8-45c0-b0d2-c5ba43d86628@group-C29775A8E805, cid=711, SUCCESS, logIndex=1262, commits[d5132e6f-def8-45c0-b0d2-c5ba43d86628:c1264]
2019-06-13 22:26:36,794 INFO  client.GrpcClientProtocolClient (GrpcClientProtocolClient.java:onNext(254)) - client-43E682E1E07B->d5132e6f-def8-45c0-b0d2-c5ba43d86628: receive RaftClientReply:client-43E682E1E07B->d5132e6f-def8-45c0-b0d2-c5ba43d86628@group-C29775A8E805, cid=712, SUCCESS, logIndex=1264, commits[d5132e6f-def8-45c0-b0d2-c5ba43d86628:c1264]
2019-06-13 22:26:36,811 INFO  client.GrpcClientProtocolClient (GrpcClientProtocolClient.java:onNext(254)) - client-43E682E1E07B->d5132e6f-def8-45c0-b0d2-c5ba43d86628: receive RaftClientReply:client-43E682E1E07B->d5132e6f-def8-45c0-b0d2-c5ba43d86628@group-C29775A8E805, cid=713, SUCCESS, logIndex=1266, commits[d5132e6f-def8-45c0-b0d2-c5ba43d86628:c1266]
2019-06-13 22:26:36,814 INFO  client.GrpcClientProtocolClient (GrpcClientProtocolClient.java:onNext(254)) - client-43E682E1E07B->d5132e6f-def8-45c0-b0d2-c5ba43d86628: receive RaftClientReply:client-43E682E1E07B->d5132e6f-def8-45c0-b0d2-c5ba43d86628@group-C29775A8E805, cid=714, SUCCESS, logIndex=1268, commits[d5132e6f-def8-45c0-b0d2-c5ba43d86628:c1268]
2019-06-13 22:26:36,816 INFO  client.GrpcClientProtocolClient (GrpcClientProtocolClient.java:onNext(254)) - client-43E682E1E07B->d5132e6f-def8-45c0-b0d2-c5ba43d86628: receive RaftClientReply:client-43E682E1E07B->d5132e6f-def8-45c0-b0d2-c5ba43d86628@group-C29775A8E805, cid=715, SUCCESS, logIndex=1269, commits[d5132e6f-def8-45c0-b0d2-c5ba43d86628:c1271]
2019-06-13 22:26:36,818 INFO  client.GrpcClientProtocolClient (GrpcClientProtocolClient.java:onNext(254)) - client-43E682E1E07B->d5132e6f-def8-45c0-b0d2-c5ba43d86628: receive RaftClientReply:client-43E682E1E07B->d5132e6f-def8-45c0-b0d2-c5ba43d86628@group-C29775A8E805, cid=716, SUCCESS, logIndex=1270, commits[d5132e6f-def8-45c0-b0d2-c5ba43d86628:c1271]
2019-06-13 22:26:36,826 INFO  client.GrpcClientProtocolClient (GrpcClientProtocolClient.java:onNext(254)) - client-43E682E1E07B->d5132e6f-def8-45c0-b0d2-c5ba43d86628: receive RaftClientReply:client-43E682E1E07B->d5132e6f-def8-45c0-b0d2-c5ba43d86628@group-C29775A8E805, cid=717, SUCCESS, logIndex=1272, commits[d5132e6f-def8-45c0-b0d2-c5ba43d86628:c1272]
2019-06-13 22:26:36,829 INFO  client.GrpcClientProtocolClient (GrpcClientProtocolClient.java:onNext(254)) - client-43E682E1E07B->d5132e6f-def8-45c0-b0d2-c5ba43d86628: receive RaftClientReply:client-43E682E1E07B->d5132e6f-def8-45c0-b0d2-c5ba43d86628@group-C29775A8E805, cid=718, SUCCESS, logIndex=1274, commits[d5132e6f-def8-45c0-b0d2-c5ba43d86628:c1274]
2019-06-13 22:26:36,830 INFO  client.GrpcClientProtocolClient (GrpcClientProtocolClient.java:onNext(254)) - client-43E682E1E07B->d5132e6f-def8-45c0-b0d2-c5ba43d86628: receive RaftClientReply:client-43E682E1E07B->d5132e6f-def8-45c0-b0d2-c5ba43d86628@group-C29775A8E805, cid=719, SUCCESS, logIndex=1275, commits[d5132e6f-def8-45c0-b0d2-c5ba43d86628:c1275]
2019-06-13 22:26:36,830 INFO  client.GrpcClientProtocolClient (GrpcClientProtocolClient.java:onNext(254)) - client-43E682E1E07B->d5132e6f-def8-45c0-b0d2-c5ba43d86628: receive RaftClientReply:client-43E682E1E07B->d5132e6f-def8-45c0-b0d2-c5ba43d86628@group-C29775A8E805, cid=720, SUCCESS, logIndex=1277, commits[d5132e6f-def8-45c0-b0d2-c5ba43d86628:c1277]
2019-06-13 22:26:36,847 INFO  client.GrpcClientProtocolClient (GrpcClientProtocolClient.java:onNext(254)) - client-43E682E1E07B->d5132e6f-def8-45c0-b0d2-c5ba43d86628: receive RaftClientReply:client-43E682E1E07B->d5132e6f-def8-45c0-b0d2-c5ba43d86628@group-C29775A8E805, cid=721, SUCCESS, logIndex=1280, commits[d5132e6f-def8-45c0-b0d2-c5ba43d86628:c1280]
2019-06-13 22:26:36,848 INFO  client.GrpcClientProtocolClient (GrpcClientProtocolClient.java:onNext(254)) - client-43E682E1E07B->d5132e6f-def8-45c0-b0d2-c5ba43d86628: receive RaftClientReply:client-43E682E1E07B->d5132e6f-def8-45c0-b0d2-c5ba43d86628@group-C29775A8E805, cid=722, SUCCESS, logIndex=1282, commits[d5132e6f-def8-45c0-b0d2-c5ba43d86628:c1282]
2019-06-13 22:26:36,854 INFO  client.GrpcClientProtocolClient (GrpcClientProtocolClient.java:onNext(254)) - client-43E682E1E07B->d5132e6f-def8-45c0-b0d2-c5ba43d86628: receive RaftClientReply:client-43E682E1E07B->d5132e6f-def8-45c0-b0d2-c5ba43d86628@group-C29775A8E805, cid=723, SUCCESS, logIndex=1284, commits[d5132e6f-def8-45c0-b0d2-c5ba43d86628:c1285]
2019-06-13 22:26:36,854 INFO  client.GrpcClientProtocolClient (GrpcClientProtocolClient.java:onNext(254)) - client-43E682E1E07B->d5132e6f-def8-45c0-b0d2-c5ba43d86628: receive RaftClientReply:client-43E682E1E07B->d5132e6f-def8-45c0-b0d2-c5ba43d86628@group-C29775A8E805, cid=724, SUCCESS, logIndex=1285, commits[d5132e6f-def8-45c0-b0d2-c5ba43d86628:c1285]
2019-06-13 22:26:36,864 INFO  client.GrpcClientProtocolClient (GrpcClientProtocolClient.java:onNext(254)) - client-43E682E1E07B->d5132e6f-def8-45c0-b0d2-c5ba43d86628: receive RaftClientReply:client-43E682E1E07B->d5132e6f-def8-45c0-b0d2-c5ba43d86628@group-C29775A8E805, cid=725, SUCCESS, logIndex=1287, commits[d5132e6f-def8-45c0-b0d2-c5ba43d86628:c1287]
2019-06-13 22:26:36,865 INFO  storage.RaftLogWorker (RaftLogWorker.java:rollLogSegment(303)) - d5132e6f-def8-45c0-b0d2-c5ba43d86628-RaftLogWorker: Rolling segment log-1219_1290 to index:1290
2019-06-13 22:26:36,867 INFO  storage.RaftLogWorker (RaftLogWorker.java:execute(433)) - d5132e6f-def8-45c0-b0d2-c5ba43d86628-RaftLogWorker: Rolled log segment from /opt/src/hadoop-ozone/integration-test/target/test-dir/MiniOzoneClusterImpl-e9ea07bb-4900-4b53-96c1-68f0ab556a80/datanode-0/data/ratis/c7035dd3-cd4a-42fb-880d-c29775a8e805/current/log_inprogress_1219 to /opt/src/hadoop-ozone/integration-test/target/test-dir/MiniOzoneClusterImpl-e9ea07bb-4900-4b53-96c1-68f0ab556a80/datanode-0/data/ratis/c7035dd3-cd4a-42fb-880d-c29775a8e805/current/log_1219-1290
2019-06-13 22:26:36,868 INFO  client.GrpcClientProtocolClient (GrpcClientProtocolClient.java:onNext(254)) - client-43E682E1E07B->d5132e6f-def8-45c0-b0d2-c5ba43d86628: receive RaftClientReply:client-43E682E1E07B->d5132e6f-def8-45c0-b0d2-c5ba43d86628@group-C29775A8E805, cid=726, SUCCESS, logIndex=1289, commits[d5132e6f-def8-45c0-b0d2-c5ba43d86628:c1289]
2019-06-13 22:26:36,869 INFO  client.GrpcClientProtocolClient (GrpcClientProtocolClient.java:onNext(254)) - client-43E682E1E07B->d5132e6f-def8-45c0-b0d2-c5ba43d86628: receive RaftClientReply:client-43E682E1E07B->d5132e6f-def8-45c0-b0d2-c5ba43d86628@group-C29775A8E805, cid=727, SUCCESS, logIndex=1290, commits[d5132e6f-def8-45c0-b0d2-c5ba43d86628:c1290]
2019-06-13 22:26:36,871 DEBUG block.SCMBlockDeletingService (SCMBlockDeletingService.java:call(138)) - Running DeletedBlockTransactionScanner
2019-06-13 22:26:36,886 DEBUG block.SCMBlockDeletingService (SCMBlockDeletingService.java:call(155)) - Scanned deleted blocks log and got 0 delTX to process.
2019-06-13 22:26:36,905 INFO  storage.RaftLogWorker (RaftLogWorker.java:execute(469)) - d5132e6f-def8-45c0-b0d2-c5ba43d86628-RaftLogWorker: created new log segment /opt/src/hadoop-ozone/integration-test/target/test-dir/MiniOzoneClusterImpl-e9ea07bb-4900-4b53-96c1-68f0ab556a80/datanode-0/data/ratis/c7035dd3-cd4a-42fb-880d-c29775a8e805/current/log_inprogress_1291
2019-06-13 22:26:36,908 INFO  client.GrpcClientProtocolClient (GrpcClientProtocolClient.java:onNext(254)) - client-43E682E1E07B->d5132e6f-def8-45c0-b0d2-c5ba43d86628: receive RaftClientReply:client-43E682E1E07B->d5132e6f-def8-45c0-b0d2-c5ba43d86628@group-C29775A8E805, cid=728, SUCCESS, logIndex=1291, commits[d5132e6f-def8-45c0-b0d2-c5ba43d86628:c1293]
2019-06-13 22:26:36,942 INFO  client.GrpcClientProtocolClient (GrpcClientProtocolClient.java:onNext(254)) - client-43E682E1E07B->d5132e6f-def8-45c0-b0d2-c5ba43d86628: receive RaftClientReply:client-43E682E1E07B->d5132e6f-def8-45c0-b0d2-c5ba43d86628@group-C29775A8E805, cid=729, SUCCESS, logIndex=1294, commits[d5132e6f-def8-45c0-b0d2-c5ba43d86628:c1294]
2019-06-13 22:26:36,959 INFO  client.GrpcClientProtocolClient (GrpcClientProtocolClient.java:onNext(254)) - client-43E682E1E07B->d5132e6f-def8-45c0-b0d2-c5ba43d86628: receive RaftClientReply:client-43E682E1E07B->d5132e6f-def8-45c0-b0d2-c5ba43d86628@group-C29775A8E805, cid=730, SUCCESS, logIndex=1296, commits[d5132e6f-def8-45c0-b0d2-c5ba43d86628:c1298]
2019-06-13 22:26:36,959 INFO  client.GrpcClientProtocolClient (GrpcClientProtocolClient.java:onNext(254)) - client-43E682E1E07B->d5132e6f-def8-45c0-b0d2-c5ba43d86628: receive RaftClientReply:client-43E682E1E07B->d5132e6f-def8-45c0-b0d2-c5ba43d86628@group-C29775A8E805, cid=731, SUCCESS, logIndex=1297, commits[d5132e6f-def8-45c0-b0d2-c5ba43d86628:c1298]
2019-06-13 22:26:36,960 INFO  client.GrpcClientProtocolClient (GrpcClientProtocolClient.java:onNext(254)) - client-43E682E1E07B->d5132e6f-def8-45c0-b0d2-c5ba43d86628: receive RaftClientReply:client-43E682E1E07B->d5132e6f-def8-45c0-b0d2-c5ba43d86628@group-C29775A8E805, cid=732, SUCCESS, logIndex=1298, commits[d5132e6f-def8-45c0-b0d2-c5ba43d86628:c1298]
2019-06-13 22:26:36,989 DEBUG block.SCMBlockDeletingService (SCMBlockDeletingService.java:call(138)) - Running DeletedBlockTransactionScanner
2019-06-13 22:26:36,990 DEBUG block.SCMBlockDeletingService (SCMBlockDeletingService.java:call(155)) - Scanned deleted blocks log and got 0 delTX to process.
2019-06-13 22:26:36,990 INFO  client.GrpcClientProtocolClient (GrpcClientProtocolClient.java:onNext(254)) - client-43E682E1E07B->d5132e6f-def8-45c0-b0d2-c5ba43d86628: receive RaftClientReply:client-43E682E1E07B->d5132e6f-def8-45c0-b0d2-c5ba43d86628@group-C29775A8E805, cid=733, SUCCESS, logIndex=1300, commits[d5132e6f-def8-45c0-b0d2-c5ba43d86628:c1300]
2019-06-13 22:26:36,995 INFO  client.GrpcClientProtocolClient (GrpcClientProtocolClient.java:onNext(254)) - client-43E682E1E07B->d5132e6f-def8-45c0-b0d2-c5ba43d86628: receive RaftClientReply:client-43E682E1E07B->d5132e6f-def8-45c0-b0d2-c5ba43d86628@group-C29775A8E805, cid=734, SUCCESS, logIndex=1302, commits[d5132e6f-def8-45c0-b0d2-c5ba43d86628:c1302]
2019-06-13 22:26:36,995 INFO  client.GrpcClientProtocolClient (GrpcClientProtocolClient.java:onNext(254)) - client-43E682E1E07B->d5132e6f-def8-45c0-b0d2-c5ba43d86628: receive RaftClientReply:client-43E682E1E07B->d5132e6f-def8-45c0-b0d2-c5ba43d86628@group-C29775A8E805, cid=735, SUCCESS, logIndex=1303, commits[d5132e6f-def8-45c0-b0d2-c5ba43d86628:c1304]
2019-06-13 22:26:37,006 INFO  client.GrpcClientProtocolClient (GrpcClientProtocolClient.java:onNext(254)) - client-43E682E1E07B->d5132e6f-def8-45c0-b0d2-c5ba43d86628: receive RaftClientReply:client-43E682E1E07B->d5132e6f-def8-45c0-b0d2-c5ba43d86628@group-C29775A8E805, cid=736, SUCCESS, logIndex=1304, commits[d5132e6f-def8-45c0-b0d2-c5ba43d86628:c1305]
2019-06-13 22:26:37,033 INFO  client.GrpcClientProtocolClient (GrpcClientProtocolClient.java:onNext(254)) - client-43E682E1E07B->d5132e6f-def8-45c0-b0d2-c5ba43d86628: receive RaftClientReply:client-43E682E1E07B->d5132e6f-def8-45c0-b0d2-c5ba43d86628@group-C29775A8E805, cid=737, SUCCESS, logIndex=1307, commits[d5132e6f-def8-45c0-b0d2-c5ba43d86628:c1307]
2019-06-13 22:26:37,042 INFO  client.GrpcClientProtocolClient (GrpcClientProtocolClient.java:onNext(254)) - client-43E682E1E07B->d5132e6f-def8-45c0-b0d2-c5ba43d86628: receive RaftClientReply:client-43E682E1E07B->d5132e6f-def8-45c0-b0d2-c5ba43d86628@group-C29775A8E805, cid=738, SUCCESS, logIndex=1309, commits[d5132e6f-def8-45c0-b0d2-c5ba43d86628:c1311]
2019-06-13 22:26:37,046 INFO  client.GrpcClientProtocolClient (GrpcClientProtocolClient.java:onNext(254)) - client-43E682E1E07B->d5132e6f-def8-45c0-b0d2-c5ba43d86628: receive RaftClientReply:client-43E682E1E07B->d5132e6f-def8-45c0-b0d2-c5ba43d86628@group-C29775A8E805, cid=739, SUCCESS, logIndex=1310, commits[d5132e6f-def8-45c0-b0d2-c5ba43d86628:c1311]
2019-06-13 22:26:37,047 INFO  client.GrpcClientProtocolClient (GrpcClientProtocolClient.java:onNext(254)) - client-43E682E1E07B->d5132e6f-def8-45c0-b0d2-c5ba43d86628: receive RaftClientReply:client-43E682E1E07B->d5132e6f-def8-45c0-b0d2-c5ba43d86628@group-C29775A8E805, cid=740, SUCCESS, logIndex=1311, commits[d5132e6f-def8-45c0-b0d2-c5ba43d86628:c1311]
2019-06-13 22:26:37,066 INFO  client.GrpcClientProtocolClient (GrpcClientProtocolClient.java:onNext(254)) - client-43E682E1E07B->d5132e6f-def8-45c0-b0d2-c5ba43d86628: receive RaftClientReply:client-43E682E1E07B->d5132e6f-def8-45c0-b0d2-c5ba43d86628@group-C29775A8E805, cid=741, SUCCESS, logIndex=1313, commits[d5132e6f-def8-45c0-b0d2-c5ba43d86628:c1313]
2019-06-13 22:26:37,083 INFO  client.GrpcClientProtocolClient (GrpcClientProtocolClient.java:onNext(254)) - client-43E682E1E07B->d5132e6f-def8-45c0-b0d2-c5ba43d86628: receive RaftClientReply:client-43E682E1E07B->d5132e6f-def8-45c0-b0d2-c5ba43d86628@group-C29775A8E805, cid=742, SUCCESS, logIndex=1315, commits[d5132e6f-def8-45c0-b0d2-c5ba43d86628:c1315]
2019-06-13 22:26:37,084 INFO  client.GrpcClientProtocolClient (GrpcClientProtocolClient.java:onNext(254)) - client-43E682E1E07B->d5132e6f-def8-45c0-b0d2-c5ba43d86628: receive RaftClientReply:client-43E682E1E07B->d5132e6f-def8-45c0-b0d2-c5ba43d86628@group-C29775A8E805, cid=743, SUCCESS, logIndex=1316, commits[d5132e6f-def8-45c0-b0d2-c5ba43d86628:c1317]
2019-06-13 22:26:37,085 INFO  client.GrpcClientProtocolClient (GrpcClientProtocolClient.java:onNext(254)) - client-43E682E1E07B->d5132e6f-def8-45c0-b0d2-c5ba43d86628: receive RaftClientReply:client-43E682E1E07B->d5132e6f-def8-45c0-b0d2-c5ba43d86628@group-C29775A8E805, cid=744, SUCCESS, logIndex=1318, commits[d5132e6f-def8-45c0-b0d2-c5ba43d86628:c1318]
2019-06-13 22:26:37,093 DEBUG block.SCMBlockDeletingService (SCMBlockDeletingService.java:call(138)) - Running DeletedBlockTransactionScanner
2019-06-13 22:26:37,094 DEBUG block.SCMBlockDeletingService (SCMBlockDeletingService.java:call(155)) - Scanned deleted blocks log and got 0 delTX to process.
2019-06-13 22:26:37,103 INFO  client.GrpcClientProtocolClient (GrpcClientProtocolClient.java:onNext(254)) - client-43E682E1E07B->d5132e6f-def8-45c0-b0d2-c5ba43d86628: receive RaftClientReply:client-43E682E1E07B->d5132e6f-def8-45c0-b0d2-c5ba43d86628@group-C29775A8E805, cid=745, SUCCESS, logIndex=1320, commits[d5132e6f-def8-45c0-b0d2-c5ba43d86628:c1320]
2019-06-13 22:26:37,108 INFO  client.GrpcClientProtocolClient (GrpcClientProtocolClient.java:onNext(254)) - client-43E682E1E07B->d5132e6f-def8-45c0-b0d2-c5ba43d86628: receive RaftClientReply:client-43E682E1E07B->d5132e6f-def8-45c0-b0d2-c5ba43d86628@group-C29775A8E805, cid=746, SUCCESS, logIndex=1322, commits[d5132e6f-def8-45c0-b0d2-c5ba43d86628:c1322]
2019-06-13 22:26:37,110 INFO  client.GrpcClientProtocolClient (GrpcClientProtocolClient.java:onNext(254)) - client-43E682E1E07B->d5132e6f-def8-45c0-b0d2-c5ba43d86628: receive RaftClientReply:client-43E682E1E07B->d5132e6f-def8-45c0-b0d2-c5ba43d86628@group-C29775A8E805, cid=747, SUCCESS, logIndex=1323, commits[d5132e6f-def8-45c0-b0d2-c5ba43d86628:c1324]
2019-06-13 22:26:37,111 INFO  client.GrpcClientProtocolClient (GrpcClientProtocolClient.java:onNext(254)) - client-43E682E1E07B->d5132e6f-def8-45c0-b0d2-c5ba43d86628: receive RaftClientReply:client-43E682E1E07B->d5132e6f-def8-45c0-b0d2-c5ba43d86628@group-C29775A8E805, cid=748, SUCCESS, logIndex=1325, commits[d5132e6f-def8-45c0-b0d2-c5ba43d86628:c1325]
2019-06-13 22:26:37,130 INFO  client.GrpcClientProtocolClient (GrpcClientProtocolClient.java:onNext(254)) - client-43E682E1E07B->d5132e6f-def8-45c0-b0d2-c5ba43d86628: receive RaftClientReply:client-43E682E1E07B->d5132e6f-def8-45c0-b0d2-c5ba43d86628@group-C29775A8E805, cid=749, SUCCESS, logIndex=1327, commits[d5132e6f-def8-45c0-b0d2-c5ba43d86628:c1327]
2019-06-13 22:26:37,132 INFO  client.GrpcClientProtocolClient (GrpcClientProtocolClient.java:onNext(254)) - client-43E682E1E07B->d5132e6f-def8-45c0-b0d2-c5ba43d86628: receive RaftClientReply:client-43E682E1E07B->d5132e6f-def8-45c0-b0d2-c5ba43d86628@group-C29775A8E805, cid=750, SUCCESS, logIndex=1329, commits[d5132e6f-def8-45c0-b0d2-c5ba43d86628:c1329]
2019-06-13 22:26:37,194 DEBUG block.SCMBlockDeletingService (SCMBlockDeletingService.java:call(138)) - Running DeletedBlockTransactionScanner
2019-06-13 22:26:37,194 DEBUG block.SCMBlockDeletingService (SCMBlockDeletingService.java:call(155)) - Scanned deleted blocks log and got 0 delTX to process.
2019-06-13 22:26:37,231 INFO  client.GrpcClientProtocolClient (GrpcClientProtocolClient.java:onNext(254)) - client-43E682E1E07B->d5132e6f-def8-45c0-b0d2-c5ba43d86628: receive RaftClientReply:client-43E682E1E07B->d5132e6f-def8-45c0-b0d2-c5ba43d86628@group-C29775A8E805, cid=751, SUCCESS, logIndex=1331, commits[d5132e6f-def8-45c0-b0d2-c5ba43d86628:c1331]
2019-06-13 22:26:37,234 INFO  client.GrpcClientProtocolClient (GrpcClientProtocolClient.java:onNext(254)) - client-43E682E1E07B->d5132e6f-def8-45c0-b0d2-c5ba43d86628: receive RaftClientReply:client-43E682E1E07B->d5132e6f-def8-45c0-b0d2-c5ba43d86628@group-C29775A8E805, cid=752, SUCCESS, logIndex=1333, commits[d5132e6f-def8-45c0-b0d2-c5ba43d86628:c1333]
2019-06-13 22:26:37,254 INFO  client.GrpcClientProtocolClient (GrpcClientProtocolClient.java:onNext(254)) - client-43E682E1E07B->d5132e6f-def8-45c0-b0d2-c5ba43d86628: receive RaftClientReply:client-43E682E1E07B->d5132e6f-def8-45c0-b0d2-c5ba43d86628@group-C29775A8E805, cid=753, SUCCESS, logIndex=1335, commits[d5132e6f-def8-45c0-b0d2-c5ba43d86628:c1335]
2019-06-13 22:26:37,257 INFO  client.GrpcClientProtocolClient (GrpcClientProtocolClient.java:onNext(254)) - client-43E682E1E07B->d5132e6f-def8-45c0-b0d2-c5ba43d86628: receive RaftClientReply:client-43E682E1E07B->d5132e6f-def8-45c0-b0d2-c5ba43d86628@group-C29775A8E805, cid=754, SUCCESS, logIndex=1337, commits[d5132e6f-def8-45c0-b0d2-c5ba43d86628:c1337]
2019-06-13 22:26:37,261 INFO  client.GrpcClientProtocolClient (GrpcClientProtocolClient.java:onNext(254)) - client-43E682E1E07B->d5132e6f-def8-45c0-b0d2-c5ba43d86628: receive RaftClientReply:client-43E682E1E07B->d5132e6f-def8-45c0-b0d2-c5ba43d86628@group-C29775A8E805, cid=755, SUCCESS, logIndex=1338, commits[d5132e6f-def8-45c0-b0d2-c5ba43d86628:c1339]
2019-06-13 22:26:37,262 INFO  client.GrpcClientProtocolClient (GrpcClientProtocolClient.java:onNext(254)) - client-43E682E1E07B->d5132e6f-def8-45c0-b0d2-c5ba43d86628: receive RaftClientReply:client-43E682E1E07B->d5132e6f-def8-45c0-b0d2-c5ba43d86628@group-C29775A8E805, cid=756, SUCCESS, logIndex=1339, commits[d5132e6f-def8-45c0-b0d2-c5ba43d86628:c1339]
2019-06-13 22:26:37,270 INFO  client.GrpcClientProtocolClient (GrpcClientProtocolClient.java:onNext(254)) - client-43E682E1E07B->d5132e6f-def8-45c0-b0d2-c5ba43d86628: receive RaftClientReply:client-43E682E1E07B->d5132e6f-def8-45c0-b0d2-c5ba43d86628@group-C29775A8E805, cid=757, SUCCESS, logIndex=1342, commits[d5132e6f-def8-45c0-b0d2-c5ba43d86628:c1342]
2019-06-13 22:26:37,273 INFO  client.GrpcClientProtocolClient (GrpcClientProtocolClient.java:onNext(254)) - client-43E682E1E07B->d5132e6f-def8-45c0-b0d2-c5ba43d86628: receive RaftClientReply:client-43E682E1E07B->d5132e6f-def8-45c0-b0d2-c5ba43d86628@group-C29775A8E805, cid=758, SUCCESS, logIndex=1344, commits[d5132e6f-def8-45c0-b0d2-c5ba43d86628:c1344]
2019-06-13 22:26:37,278 INFO  client.GrpcClientProtocolClient (GrpcClientProtocolClient.java:onNext(254)) - client-43E682E1E07B->d5132e6f-def8-45c0-b0d2-c5ba43d86628: receive RaftClientReply:client-43E682E1E07B->d5132e6f-def8-45c0-b0d2-c5ba43d86628@group-C29775A8E805, cid=759, SUCCESS, logIndex=1345, commits[d5132e6f-def8-45c0-b0d2-c5ba43d86628:c1346]
2019-06-13 22:26:37,278 INFO  client.GrpcClientProtocolClient (GrpcClientProtocolClient.java:onNext(254)) - client-43E682E1E07B->d5132e6f-def8-45c0-b0d2-c5ba43d86628: receive RaftClientReply:client-43E682E1E07B->d5132e6f-def8-45c0-b0d2-c5ba43d86628@group-C29775A8E805, cid=760, SUCCESS, logIndex=1346, commits[d5132e6f-def8-45c0-b0d2-c5ba43d86628:c1348]
2019-06-13 22:26:37,295 DEBUG block.SCMBlockDeletingService (SCMBlockDeletingService.java:call(138)) - Running DeletedBlockTransactionScanner
2019-06-13 22:26:37,295 DEBUG block.SCMBlockDeletingService (SCMBlockDeletingService.java:call(155)) - Scanned deleted blocks log and got 0 delTX to process.
2019-06-13 22:26:37,296 INFO  client.GrpcClientProtocolClient (GrpcClientProtocolClient.java:onNext(254)) - client-43E682E1E07B->d5132e6f-def8-45c0-b0d2-c5ba43d86628: receive RaftClientReply:client-43E682E1E07B->d5132e6f-def8-45c0-b0d2-c5ba43d86628@group-C29775A8E805, cid=761, SUCCESS, logIndex=1349, commits[d5132e6f-def8-45c0-b0d2-c5ba43d86628:c1349]
2019-06-13 22:26:37,298 INFO  client.GrpcClientProtocolClient (GrpcClientProtocolClient.java:onNext(254)) - client-43E682E1E07B->d5132e6f-def8-45c0-b0d2-c5ba43d86628: receive RaftClientReply:client-43E682E1E07B->d5132e6f-def8-45c0-b0d2-c5ba43d86628@group-C29775A8E805, cid=762, SUCCESS, logIndex=1351, commits[d5132e6f-def8-45c0-b0d2-c5ba43d86628:c1351]
2019-06-13 22:26:37,300 INFO  client.GrpcClientProtocolClient (GrpcClientProtocolClient.java:onNext(254)) - client-43E682E1E07B->d5132e6f-def8-45c0-b0d2-c5ba43d86628: receive RaftClientReply:client-43E682E1E07B->d5132e6f-def8-45c0-b0d2-c5ba43d86628@group-C29775A8E805, cid=763, SUCCESS, logIndex=1352, commits[d5132e6f-def8-45c0-b0d2-c5ba43d86628:c1354]
2019-06-13 22:26:37,300 INFO  client.GrpcClientProtocolClient (GrpcClientProtocolClient.java:onNext(254)) - client-43E682E1E07B->d5132e6f-def8-45c0-b0d2-c5ba43d86628: receive RaftClientReply:client-43E682E1E07B->d5132e6f-def8-45c0-b0d2-c5ba43d86628@group-C29775A8E805, cid=764, SUCCESS, logIndex=1354, commits[d5132e6f-def8-45c0-b0d2-c5ba43d86628:c1355]
2019-06-13 22:26:37,320 INFO  client.GrpcClientProtocolClient (GrpcClientProtocolClient.java:onNext(254)) - client-43E682E1E07B->d5132e6f-def8-45c0-b0d2-c5ba43d86628: receive RaftClientReply:client-43E682E1E07B->d5132e6f-def8-45c0-b0d2-c5ba43d86628@group-C29775A8E805, cid=765, SUCCESS, logIndex=1356, commits[d5132e6f-def8-45c0-b0d2-c5ba43d86628:c1356]
2019-06-13 22:26:37,323 INFO  client.GrpcClientProtocolClient (GrpcClientProtocolClient.java:onNext(254)) - client-43E682E1E07B->d5132e6f-def8-45c0-b0d2-c5ba43d86628: receive RaftClientReply:client-43E682E1E07B->d5132e6f-def8-45c0-b0d2-c5ba43d86628@group-C29775A8E805, cid=766, SUCCESS, logIndex=1358, commits[d5132e6f-def8-45c0-b0d2-c5ba43d86628:c1358]
2019-06-13 22:26:37,326 INFO  client.GrpcClientProtocolClient (GrpcClientProtocolClient.java:onNext(254)) - client-43E682E1E07B->d5132e6f-def8-45c0-b0d2-c5ba43d86628: receive RaftClientReply:client-43E682E1E07B->d5132e6f-def8-45c0-b0d2-c5ba43d86628@group-C29775A8E805, cid=767, SUCCESS, logIndex=1359, commits[d5132e6f-def8-45c0-b0d2-c5ba43d86628:c1361]
2019-06-13 22:26:37,330 INFO  client.GrpcClientProtocolClient (GrpcClientProtocolClient.java:onNext(254)) - client-43E682E1E07B->d5132e6f-def8-45c0-b0d2-c5ba43d86628: receive RaftClientReply:client-43E682E1E07B->d5132e6f-def8-45c0-b0d2-c5ba43d86628@group-C29775A8E805, cid=768, SUCCESS, logIndex=1361, commits[d5132e6f-def8-45c0-b0d2-c5ba43d86628:c1362]
2019-06-13 22:26:37,343 INFO  client.GrpcClientProtocolClient (GrpcClientProtocolClient.java:onNext(254)) - client-43E682E1E07B->d5132e6f-def8-45c0-b0d2-c5ba43d86628: receive RaftClientReply:client-43E682E1E07B->d5132e6f-def8-45c0-b0d2-c5ba43d86628@group-C29775A8E805, cid=769, SUCCESS, logIndex=1363, commits[d5132e6f-def8-45c0-b0d2-c5ba43d86628:c1363]
2019-06-13 22:26:37,345 INFO  client.GrpcClientProtocolClient (GrpcClientProtocolClient.java:onNext(254)) - client-43E682E1E07B->d5132e6f-def8-45c0-b0d2-c5ba43d86628: receive RaftClientReply:client-43E682E1E07B->d5132e6f-def8-45c0-b0d2-c5ba43d86628@group-C29775A8E805, cid=770, SUCCESS, logIndex=1365, commits[d5132e6f-def8-45c0-b0d2-c5ba43d86628:c1365]
2019-06-13 22:26:37,346 INFO  storage.RaftLogWorker (RaftLogWorker.java:rollLogSegment(303)) - d5132e6f-def8-45c0-b0d2-c5ba43d86628-RaftLogWorker: Rolling segment log-1291_1366 to index:1366
2019-06-13 22:26:37,346 INFO  storage.RaftLogWorker (RaftLogWorker.java:execute(433)) - d5132e6f-def8-45c0-b0d2-c5ba43d86628-RaftLogWorker: Rolled log segment from /opt/src/hadoop-ozone/integration-test/target/test-dir/MiniOzoneClusterImpl-e9ea07bb-4900-4b53-96c1-68f0ab556a80/datanode-0/data/ratis/c7035dd3-cd4a-42fb-880d-c29775a8e805/current/log_inprogress_1291 to /opt/src/hadoop-ozone/integration-test/target/test-dir/MiniOzoneClusterImpl-e9ea07bb-4900-4b53-96c1-68f0ab556a80/datanode-0/data/ratis/c7035dd3-cd4a-42fb-880d-c29775a8e805/current/log_1291-1366
2019-06-13 22:26:37,387 INFO  storage.RaftLogWorker (RaftLogWorker.java:execute(469)) - d5132e6f-def8-45c0-b0d2-c5ba43d86628-RaftLogWorker: created new log segment /opt/src/hadoop-ozone/integration-test/target/test-dir/MiniOzoneClusterImpl-e9ea07bb-4900-4b53-96c1-68f0ab556a80/datanode-0/data/ratis/c7035dd3-cd4a-42fb-880d-c29775a8e805/current/log_inprogress_1367
2019-06-13 22:26:37,392 INFO  client.GrpcClientProtocolClient (GrpcClientProtocolClient.java:onNext(254)) - client-43E682E1E07B->d5132e6f-def8-45c0-b0d2-c5ba43d86628: receive RaftClientReply:client-43E682E1E07B->d5132e6f-def8-45c0-b0d2-c5ba43d86628@group-C29775A8E805, cid=771, SUCCESS, logIndex=1367, commits[d5132e6f-def8-45c0-b0d2-c5ba43d86628:c1368]
2019-06-13 22:26:37,394 INFO  client.GrpcClientProtocolClient (GrpcClientProtocolClient.java:onNext(254)) - client-43E682E1E07B->d5132e6f-def8-45c0-b0d2-c5ba43d86628: receive RaftClientReply:client-43E682E1E07B->d5132e6f-def8-45c0-b0d2-c5ba43d86628@group-C29775A8E805, cid=772, SUCCESS, logIndex=1368, commits[d5132e6f-def8-45c0-b0d2-c5ba43d86628:c1369]
2019-06-13 22:26:37,395 DEBUG block.SCMBlockDeletingService (SCMBlockDeletingService.java:call(138)) - Running DeletedBlockTransactionScanner
2019-06-13 22:26:37,395 DEBUG block.SCMBlockDeletingService (SCMBlockDeletingService.java:call(155)) - Scanned deleted blocks log and got 0 delTX to process.
2019-06-13 22:26:37,452 INFO  client.GrpcClientProtocolClient (GrpcClientProtocolClient.java:onNext(254)) - client-43E682E1E07B->d5132e6f-def8-45c0-b0d2-c5ba43d86628: receive RaftClientReply:client-43E682E1E07B->d5132e6f-def8-45c0-b0d2-c5ba43d86628@group-C29775A8E805, cid=773, SUCCESS, logIndex=1370, commits[d5132e6f-def8-45c0-b0d2-c5ba43d86628:c1370]
2019-06-13 22:26:37,470 INFO  client.GrpcClientProtocolClient (GrpcClientProtocolClient.java:onNext(254)) - client-43E682E1E07B->d5132e6f-def8-45c0-b0d2-c5ba43d86628: receive RaftClientReply:client-43E682E1E07B->d5132e6f-def8-45c0-b0d2-c5ba43d86628@group-C29775A8E805, cid=774, SUCCESS, logIndex=1372, commits[d5132e6f-def8-45c0-b0d2-c5ba43d86628:c1375]
2019-06-13 22:26:37,470 INFO  client.GrpcClientProtocolClient (GrpcClientProtocolClient.java:onNext(254)) - client-43E682E1E07B->d5132e6f-def8-45c0-b0d2-c5ba43d86628: receive RaftClientReply:client-43E682E1E07B->d5132e6f-def8-45c0-b0d2-c5ba43d86628@group-C29775A8E805, cid=775, SUCCESS, logIndex=1373, commits[d5132e6f-def8-45c0-b0d2-c5ba43d86628:c1375]
2019-06-13 22:26:37,471 INFO  client.GrpcClientProtocolClient (GrpcClientProtocolClient.java:onNext(254)) - client-43E682E1E07B->d5132e6f-def8-45c0-b0d2-c5ba43d86628: receive RaftClientReply:client-43E682E1E07B->d5132e6f-def8-45c0-b0d2-c5ba43d86628@group-C29775A8E805, cid=776, SUCCESS, logIndex=1374, commits[d5132e6f-def8-45c0-b0d2-c5ba43d86628:c1375]
2019-06-13 22:26:37,494 INFO  client.GrpcClientProtocolClient (GrpcClientProtocolClient.java:onNext(254)) - client-43E682E1E07B->d5132e6f-def8-45c0-b0d2-c5ba43d86628: receive RaftClientReply:client-43E682E1E07B->d5132e6f-def8-45c0-b0d2-c5ba43d86628@group-C29775A8E805, cid=777, SUCCESS, logIndex=1376, commits[d5132e6f-def8-45c0-b0d2-c5ba43d86628:c1377]
2019-06-13 22:26:37,497 DEBUG block.SCMBlockDeletingService (SCMBlockDeletingService.java:call(138)) - Running DeletedBlockTransactionScanner
2019-06-13 22:26:37,498 DEBUG block.SCMBlockDeletingService (SCMBlockDeletingService.java:call(155)) - Scanned deleted blocks log and got 0 delTX to process.
2019-06-13 22:26:37,511 INFO  client.GrpcClientProtocolClient (GrpcClientProtocolClient.java:onNext(254)) - client-43E682E1E07B->d5132e6f-def8-45c0-b0d2-c5ba43d86628: receive RaftClientReply:client-43E682E1E07B->d5132e6f-def8-45c0-b0d2-c5ba43d86628@group-C29775A8E805, cid=778, SUCCESS, logIndex=1378, commits[d5132e6f-def8-45c0-b0d2-c5ba43d86628:c1379]
2019-06-13 22:26:37,514 INFO  client.GrpcClientProtocolClient (GrpcClientProtocolClient.java:onNext(254)) - client-43E682E1E07B->d5132e6f-def8-45c0-b0d2-c5ba43d86628: receive RaftClientReply:client-43E682E1E07B->d5132e6f-def8-45c0-b0d2-c5ba43d86628@group-C29775A8E805, cid=779, SUCCESS, logIndex=1379, commits[d5132e6f-def8-45c0-b0d2-c5ba43d86628:c1382]
2019-06-13 22:26:37,522 INFO  client.GrpcClientProtocolClient (GrpcClientProtocolClient.java:onNext(254)) - client-43E682E1E07B->d5132e6f-def8-45c0-b0d2-c5ba43d86628: receive RaftClientReply:client-43E682E1E07B->d5132e6f-def8-45c0-b0d2-c5ba43d86628@group-C29775A8E805, cid=780, SUCCESS, logIndex=1381, commits[d5132e6f-def8-45c0-b0d2-c5ba43d86628:c1382]
2019-06-13 22:26:37,542 INFO  client.GrpcClientProtocolClient (GrpcClientProtocolClient.java:onNext(254)) - client-43E682E1E07B->d5132e6f-def8-45c0-b0d2-c5ba43d86628: receive RaftClientReply:client-43E682E1E07B->d5132e6f-def8-45c0-b0d2-c5ba43d86628@group-C29775A8E805, cid=781, SUCCESS, logIndex=1383, commits[d5132e6f-def8-45c0-b0d2-c5ba43d86628:c1384]
2019-06-13 22:26:37,547 INFO  client.GrpcClientProtocolClient (GrpcClientProtocolClient.java:onNext(254)) - client-43E682E1E07B->d5132e6f-def8-45c0-b0d2-c5ba43d86628: receive RaftClientReply:client-43E682E1E07B->d5132e6f-def8-45c0-b0d2-c5ba43d86628@group-C29775A8E805, cid=782, SUCCESS, logIndex=1385, commits[d5132e6f-def8-45c0-b0d2-c5ba43d86628:c1385]
2019-06-13 22:26:37,554 INFO  client.GrpcClientProtocolClient (GrpcClientProtocolClient.java:onNext(254)) - client-43E682E1E07B->d5132e6f-def8-45c0-b0d2-c5ba43d86628: receive RaftClientReply:client-43E682E1E07B->d5132e6f-def8-45c0-b0d2-c5ba43d86628@group-C29775A8E805, cid=783, SUCCESS, logIndex=1386, commits[d5132e6f-def8-45c0-b0d2-c5ba43d86628:c1388]
2019-06-13 22:26:37,554 INFO  client.GrpcClientProtocolClient (GrpcClientProtocolClient.java:onNext(254)) - client-43E682E1E07B->d5132e6f-def8-45c0-b0d2-c5ba43d86628: receive RaftClientReply:client-43E682E1E07B->d5132e6f-def8-45c0-b0d2-c5ba43d86628@group-C29775A8E805, cid=784, SUCCESS, logIndex=1388, commits[d5132e6f-def8-45c0-b0d2-c5ba43d86628:c1389]
2019-06-13 22:26:37,586 INFO  client.GrpcClientProtocolClient (GrpcClientProtocolClient.java:onNext(254)) - client-43E682E1E07B->d5132e6f-def8-45c0-b0d2-c5ba43d86628: receive RaftClientReply:client-43E682E1E07B->d5132e6f-def8-45c0-b0d2-c5ba43d86628@group-C29775A8E805, cid=785, SUCCESS, logIndex=1390, commits[d5132e6f-def8-45c0-b0d2-c5ba43d86628:c1390]
2019-06-13 22:26:37,590 INFO  client.GrpcClientProtocolClient (GrpcClientProtocolClient.java:onNext(254)) - client-43E682E1E07B->d5132e6f-def8-45c0-b0d2-c5ba43d86628: receive RaftClientReply:client-43E682E1E07B->d5132e6f-def8-45c0-b0d2-c5ba43d86628@group-C29775A8E805, cid=786, SUCCESS, logIndex=1392, commits[d5132e6f-def8-45c0-b0d2-c5ba43d86628:c1392]
2019-06-13 22:26:37,601 DEBUG block.SCMBlockDeletingService (SCMBlockDeletingService.java:call(138)) - Running DeletedBlockTransactionScanner
2019-06-13 22:26:37,609 INFO  client.GrpcClientProtocolClient (GrpcClientProtocolClient.java:onNext(254)) - client-43E682E1E07B->d5132e6f-def8-45c0-b0d2-c5ba43d86628: receive RaftClientReply:client-43E682E1E07B->d5132e6f-def8-45c0-b0d2-c5ba43d86628@group-C29775A8E805, cid=787, SUCCESS, logIndex=1393, commits[d5132e6f-def8-45c0-b0d2-c5ba43d86628:c1395]
2019-06-13 22:26:37,610 INFO  client.GrpcClientProtocolClient (GrpcClientProtocolClient.java:onNext(254)) - client-43E682E1E07B->d5132e6f-def8-45c0-b0d2-c5ba43d86628: receive RaftClientReply:client-43E682E1E07B->d5132e6f-def8-45c0-b0d2-c5ba43d86628@group-C29775A8E805, cid=788, SUCCESS, logIndex=1395, commits[d5132e6f-def8-45c0-b0d2-c5ba43d86628:c1396]
2019-06-13 22:26:37,617 DEBUG block.SCMBlockDeletingService (SCMBlockDeletingService.java:call(155)) - Scanned deleted blocks log and got 0 delTX to process.
2019-06-13 22:26:37,619 INFO  client.GrpcClientProtocolClient (GrpcClientProtocolClient.java:onNext(254)) - client-43E682E1E07B->d5132e6f-def8-45c0-b0d2-c5ba43d86628: receive RaftClientReply:client-43E682E1E07B->d5132e6f-def8-45c0-b0d2-c5ba43d86628@group-C29775A8E805, cid=789, SUCCESS, logIndex=1397, commits[d5132e6f-def8-45c0-b0d2-c5ba43d86628:c1397]
2019-06-13 22:26:37,621 INFO  client.GrpcClientProtocolClient (GrpcClientProtocolClient.java:onNext(254)) - client-43E682E1E07B->d5132e6f-def8-45c0-b0d2-c5ba43d86628: receive RaftClientReply:client-43E682E1E07B->d5132e6f-def8-45c0-b0d2-c5ba43d86628@group-C29775A8E805, cid=790, SUCCESS, logIndex=1399, commits[d5132e6f-def8-45c0-b0d2-c5ba43d86628:c1399]
2019-06-13 22:26:37,626 INFO  client.GrpcClientProtocolClient (GrpcClientProtocolClient.java:onNext(254)) - client-43E682E1E07B->d5132e6f-def8-45c0-b0d2-c5ba43d86628: receive RaftClientReply:client-43E682E1E07B->d5132e6f-def8-45c0-b0d2-c5ba43d86628@group-C29775A8E805, cid=791, SUCCESS, logIndex=1400, commits[d5132e6f-def8-45c0-b0d2-c5ba43d86628:c1402]
2019-06-13 22:26:37,629 INFO  client.GrpcClientProtocolClient (GrpcClientProtocolClient.java:onNext(254)) - client-43E682E1E07B->d5132e6f-def8-45c0-b0d2-c5ba43d86628: receive RaftClientReply:client-43E682E1E07B->d5132e6f-def8-45c0-b0d2-c5ba43d86628@group-C29775A8E805, cid=792, SUCCESS, logIndex=1401, commits[d5132e6f-def8-45c0-b0d2-c5ba43d86628:c1402]
2019-06-13 22:26:37,654 INFO  client.GrpcClientProtocolClient (GrpcClientProtocolClient.java:onNext(254)) - client-43E682E1E07B->d5132e6f-def8-45c0-b0d2-c5ba43d86628: receive RaftClientReply:client-43E682E1E07B->d5132e6f-def8-45c0-b0d2-c5ba43d86628@group-C29775A8E805, cid=793, SUCCESS, logIndex=1403, commits[d5132e6f-def8-45c0-b0d2-c5ba43d86628:c1403]
2019-06-13 22:26:37,657 INFO  client.GrpcClientProtocolClient (GrpcClientProtocolClient.java:onNext(254)) - client-43E682E1E07B->d5132e6f-def8-45c0-b0d2-c5ba43d86628: receive RaftClientReply:client-43E682E1E07B->d5132e6f-def8-45c0-b0d2-c5ba43d86628@group-C29775A8E805, cid=794, SUCCESS, logIndex=1405, commits[d5132e6f-def8-45c0-b0d2-c5ba43d86628:c1405]
2019-06-13 22:26:37,719 DEBUG block.SCMBlockDeletingService (SCMBlockDeletingService.java:call(138)) - Running DeletedBlockTransactionScanner
2019-06-13 22:26:37,719 DEBUG block.SCMBlockDeletingService (SCMBlockDeletingService.java:call(155)) - Scanned deleted blocks log and got 0 delTX to process.
2019-06-13 22:26:37,724 INFO  client.GrpcClientProtocolClient (GrpcClientProtocolClient.java:onNext(254)) - client-43E682E1E07B->d5132e6f-def8-45c0-b0d2-c5ba43d86628: receive RaftClientReply:client-43E682E1E07B->d5132e6f-def8-45c0-b0d2-c5ba43d86628@group-C29775A8E805, cid=795, SUCCESS, logIndex=1407, commits[d5132e6f-def8-45c0-b0d2-c5ba43d86628:c1407]
2019-06-13 22:26:37,726 INFO  client.GrpcClientProtocolClient (GrpcClientProtocolClient.java:onNext(254)) - client-43E682E1E07B->d5132e6f-def8-45c0-b0d2-c5ba43d86628: receive RaftClientReply:client-43E682E1E07B->d5132e6f-def8-45c0-b0d2-c5ba43d86628@group-C29775A8E805, cid=796, SUCCESS, logIndex=1409, commits[d5132e6f-def8-45c0-b0d2-c5ba43d86628:c1409]
2019-06-13 22:26:37,737 INFO  client.GrpcClientProtocolClient (GrpcClientProtocolClient.java:onNext(254)) - client-43E682E1E07B->d5132e6f-def8-45c0-b0d2-c5ba43d86628: receive RaftClientReply:client-43E682E1E07B->d5132e6f-def8-45c0-b0d2-c5ba43d86628@group-C29775A8E805, cid=797, SUCCESS, logIndex=1411, commits[d5132e6f-def8-45c0-b0d2-c5ba43d86628:c1411]
2019-06-13 22:26:37,739 INFO  client.GrpcClientProtocolClient (GrpcClientProtocolClient.java:onNext(254)) - client-43E682E1E07B->d5132e6f-def8-45c0-b0d2-c5ba43d86628: receive RaftClientReply:client-43E682E1E07B->d5132e6f-def8-45c0-b0d2-c5ba43d86628@group-C29775A8E805, cid=798, SUCCESS, logIndex=1413, commits[d5132e6f-def8-45c0-b0d2-c5ba43d86628:c1413]
2019-06-13 22:26:37,744 INFO  client.GrpcClientProtocolClient (GrpcClientProtocolClient.java:onNext(254)) - client-43E682E1E07B->d5132e6f-def8-45c0-b0d2-c5ba43d86628: receive RaftClientReply:client-43E682E1E07B->d5132e6f-def8-45c0-b0d2-c5ba43d86628@group-C29775A8E805, cid=799, SUCCESS, logIndex=1414, commits[d5132e6f-def8-45c0-b0d2-c5ba43d86628:c1415]
2019-06-13 22:26:37,750 INFO  client.GrpcClientProtocolClient (GrpcClientProtocolClient.java:onNext(254)) - client-43E682E1E07B->d5132e6f-def8-45c0-b0d2-c5ba43d86628: receive RaftClientReply:client-43E682E1E07B->d5132e6f-def8-45c0-b0d2-c5ba43d86628@group-C29775A8E805, cid=800, SUCCESS, logIndex=1416, commits[d5132e6f-def8-45c0-b0d2-c5ba43d86628:c1416]
2019-06-13 22:26:37,774 INFO  client.GrpcClientProtocolClient (GrpcClientProtocolClient.java:onNext(254)) - client-43E682E1E07B->d5132e6f-def8-45c0-b0d2-c5ba43d86628: receive RaftClientReply:client-43E682E1E07B->d5132e6f-def8-45c0-b0d2-c5ba43d86628@group-C29775A8E805, cid=801, SUCCESS, logIndex=1418, commits[d5132e6f-def8-45c0-b0d2-c5ba43d86628:c1418]
2019-06-13 22:26:37,786 INFO  client.GrpcClientProtocolClient (GrpcClientProtocolClient.java:onNext(254)) - client-43E682E1E07B->d5132e6f-def8-45c0-b0d2-c5ba43d86628: receive RaftClientReply:client-43E682E1E07B->d5132e6f-def8-45c0-b0d2-c5ba43d86628@group-C29775A8E805, cid=802, SUCCESS, logIndex=1420, commits[d5132e6f-def8-45c0-b0d2-c5ba43d86628:c1420]
2019-06-13 22:26:37,791 INFO  client.GrpcClientProtocolClient (GrpcClientProtocolClient.java:onNext(254)) - client-43E682E1E07B->d5132e6f-def8-45c0-b0d2-c5ba43d86628: receive RaftClientReply:client-43E682E1E07B->d5132e6f-def8-45c0-b0d2-c5ba43d86628@group-C29775A8E805, cid=803, SUCCESS, logIndex=1422, commits[d5132e6f-def8-45c0-b0d2-c5ba43d86628:c1423]
2019-06-13 22:26:37,794 INFO  client.GrpcClientProtocolClient (GrpcClientProtocolClient.java:onNext(254)) - client-43E682E1E07B->d5132e6f-def8-45c0-b0d2-c5ba43d86628: receive RaftClientReply:client-43E682E1E07B->d5132e6f-def8-45c0-b0d2-c5ba43d86628@group-C29775A8E805, cid=804, SUCCESS, logIndex=1423, commits[d5132e6f-def8-45c0-b0d2-c5ba43d86628:c1423]
2019-06-13 22:26:37,802 INFO  client.GrpcClientProtocolClient (GrpcClientProtocolClient.java:onNext(254)) - client-43E682E1E07B->d5132e6f-def8-45c0-b0d2-c5ba43d86628: receive RaftClientReply:client-43E682E1E07B->d5132e6f-def8-45c0-b0d2-c5ba43d86628@group-C29775A8E805, cid=805, SUCCESS, logIndex=1425, commits[d5132e6f-def8-45c0-b0d2-c5ba43d86628:c1426]
2019-06-13 22:26:37,806 INFO  client.GrpcClientProtocolClient (GrpcClientProtocolClient.java:onNext(254)) - client-43E682E1E07B->d5132e6f-def8-45c0-b0d2-c5ba43d86628: receive RaftClientReply:client-43E682E1E07B->d5132e6f-def8-45c0-b0d2-c5ba43d86628@group-C29775A8E805, cid=806, SUCCESS, logIndex=1427, commits[d5132e6f-def8-45c0-b0d2-c5ba43d86628:c1427]
2019-06-13 22:26:37,806 INFO  client.GrpcClientProtocolClient (GrpcClientProtocolClient.java:onNext(254)) - client-43E682E1E07B->d5132e6f-def8-45c0-b0d2-c5ba43d86628: receive RaftClientReply:client-43E682E1E07B->d5132e6f-def8-45c0-b0d2-c5ba43d86628@group-C29775A8E805, cid=807, SUCCESS, logIndex=1428, commits[d5132e6f-def8-45c0-b0d2-c5ba43d86628:c1430]
2019-06-13 22:26:37,812 INFO  client.GrpcClientProtocolClient (GrpcClientProtocolClient.java:onNext(254)) - client-43E682E1E07B->d5132e6f-def8-45c0-b0d2-c5ba43d86628: receive RaftClientReply:client-43E682E1E07B->d5132e6f-def8-45c0-b0d2-c5ba43d86628@group-C29775A8E805, cid=808, SUCCESS, logIndex=1429, commits[d5132e6f-def8-45c0-b0d2-c5ba43d86628:c1430]
2019-06-13 22:26:37,821 DEBUG block.SCMBlockDeletingService (SCMBlockDeletingService.java:call(138)) - Running DeletedBlockTransactionScanner
2019-06-13 22:26:37,822 DEBUG block.SCMBlockDeletingService (SCMBlockDeletingService.java:call(155)) - Scanned deleted blocks log and got 0 delTX to process.
2019-06-13 22:26:37,828 INFO  client.GrpcClientProtocolClient (GrpcClientProtocolClient.java:onNext(254)) - client-43E682E1E07B->d5132e6f-def8-45c0-b0d2-c5ba43d86628: receive RaftClientReply:client-43E682E1E07B->d5132e6f-def8-45c0-b0d2-c5ba43d86628@group-C29775A8E805, cid=809, SUCCESS, logIndex=1431, commits[d5132e6f-def8-45c0-b0d2-c5ba43d86628:c1432]
2019-06-13 22:26:37,830 INFO  client.GrpcClientProtocolClient (GrpcClientProtocolClient.java:onNext(254)) - client-43E682E1E07B->d5132e6f-def8-45c0-b0d2-c5ba43d86628: receive RaftClientReply:client-43E682E1E07B->d5132e6f-def8-45c0-b0d2-c5ba43d86628@group-C29775A8E805, cid=810, SUCCESS, logIndex=1433, commits[d5132e6f-def8-45c0-b0d2-c5ba43d86628:c1433]
2019-06-13 22:26:37,832 INFO  client.GrpcClientProtocolClient (GrpcClientProtocolClient.java:onNext(254)) - client-43E682E1E07B->d5132e6f-def8-45c0-b0d2-c5ba43d86628: receive RaftClientReply:client-43E682E1E07B->d5132e6f-def8-45c0-b0d2-c5ba43d86628@group-C29775A8E805, cid=811, SUCCESS, logIndex=1434, commits[d5132e6f-def8-45c0-b0d2-c5ba43d86628:c1436]
2019-06-13 22:26:37,834 INFO  client.GrpcClientProtocolClient (GrpcClientProtocolClient.java:onNext(254)) - client-43E682E1E07B->d5132e6f-def8-45c0-b0d2-c5ba43d86628: receive RaftClientReply:client-43E682E1E07B->d5132e6f-def8-45c0-b0d2-c5ba43d86628@group-C29775A8E805, cid=812, SUCCESS, logIndex=1435, commits[d5132e6f-def8-45c0-b0d2-c5ba43d86628:c1436]
2019-06-13 22:26:37,840 INFO  client.GrpcClientProtocolClient (GrpcClientProtocolClient.java:onNext(254)) - client-43E682E1E07B->d5132e6f-def8-45c0-b0d2-c5ba43d86628: receive RaftClientReply:client-43E682E1E07B->d5132e6f-def8-45c0-b0d2-c5ba43d86628@group-C29775A8E805, cid=813, SUCCESS, logIndex=1437, commits[d5132e6f-def8-45c0-b0d2-c5ba43d86628:c1437]
2019-06-13 22:26:37,841 INFO  storage.RaftLogWorker (RaftLogWorker.java:rollLogSegment(303)) - d5132e6f-def8-45c0-b0d2-c5ba43d86628-RaftLogWorker: Rolling segment log-1367_1438 to index:1438
2019-06-13 22:26:37,841 INFO  storage.RaftLogWorker (RaftLogWorker.java:execute(433)) - d5132e6f-def8-45c0-b0d2-c5ba43d86628-RaftLogWorker: Rolled log segment from /opt/src/hadoop-ozone/integration-test/target/test-dir/MiniOzoneClusterImpl-e9ea07bb-4900-4b53-96c1-68f0ab556a80/datanode-0/data/ratis/c7035dd3-cd4a-42fb-880d-c29775a8e805/current/log_inprogress_1367 to /opt/src/hadoop-ozone/integration-test/target/test-dir/MiniOzoneClusterImpl-e9ea07bb-4900-4b53-96c1-68f0ab556a80/datanode-0/data/ratis/c7035dd3-cd4a-42fb-880d-c29775a8e805/current/log_1367-1438
2019-06-13 22:26:37,884 INFO  storage.RaftLogWorker (RaftLogWorker.java:execute(469)) - d5132e6f-def8-45c0-b0d2-c5ba43d86628-RaftLogWorker: created new log segment /opt/src/hadoop-ozone/integration-test/target/test-dir/MiniOzoneClusterImpl-e9ea07bb-4900-4b53-96c1-68f0ab556a80/datanode-0/data/ratis/c7035dd3-cd4a-42fb-880d-c29775a8e805/current/log_inprogress_1439
2019-06-13 22:26:37,886 INFO  client.GrpcClientProtocolClient (GrpcClientProtocolClient.java:onNext(254)) - client-43E682E1E07B->d5132e6f-def8-45c0-b0d2-c5ba43d86628: receive RaftClientReply:client-43E682E1E07B->d5132e6f-def8-45c0-b0d2-c5ba43d86628@group-C29775A8E805, cid=814, SUCCESS, logIndex=1439, commits[d5132e6f-def8-45c0-b0d2-c5ba43d86628:c1441]
2019-06-13 22:26:37,888 INFO  client.GrpcClientProtocolClient (GrpcClientProtocolClient.java:onNext(254)) - client-43E682E1E07B->d5132e6f-def8-45c0-b0d2-c5ba43d86628: receive RaftClientReply:client-43E682E1E07B->d5132e6f-def8-45c0-b0d2-c5ba43d86628@group-C29775A8E805, cid=815, SUCCESS, logIndex=1440, commits[d5132e6f-def8-45c0-b0d2-c5ba43d86628:c1441]
2019-06-13 22:26:37,888 INFO  client.GrpcClientProtocolClient (GrpcClientProtocolClient.java:onNext(254)) - client-43E682E1E07B->d5132e6f-def8-45c0-b0d2-c5ba43d86628: receive RaftClientReply:client-43E682E1E07B->d5132e6f-def8-45c0-b0d2-c5ba43d86628@group-C29775A8E805, cid=816, SUCCESS, logIndex=1441, commits[d5132e6f-def8-45c0-b0d2-c5ba43d86628:c1442]
2019-06-13 22:26:37,902 INFO  client.GrpcClientProtocolClient (GrpcClientProtocolClient.java:onNext(254)) - client-43E682E1E07B->d5132e6f-def8-45c0-b0d2-c5ba43d86628: receive RaftClientReply:client-43E682E1E07B->d5132e6f-def8-45c0-b0d2-c5ba43d86628@group-C29775A8E805, cid=817, SUCCESS, logIndex=1443, commits[d5132e6f-def8-45c0-b0d2-c5ba43d86628:c1443]
2019-06-13 22:26:37,910 INFO  client.GrpcClientProtocolClient (GrpcClientProtocolClient.java:onNext(254)) - client-43E682E1E07B->d5132e6f-def8-45c0-b0d2-c5ba43d86628: receive RaftClientReply:client-43E682E1E07B->d5132e6f-def8-45c0-b0d2-c5ba43d86628@group-C29775A8E805, cid=818, SUCCESS, logIndex=1445, commits[d5132e6f-def8-45c0-b0d2-c5ba43d86628:c1445]
2019-06-13 22:26:37,910 INFO  client.GrpcClientProtocolClient (GrpcClientProtocolClient.java:onNext(254)) - client-43E682E1E07B->d5132e6f-def8-45c0-b0d2-c5ba43d86628: receive RaftClientReply:client-43E682E1E07B->d5132e6f-def8-45c0-b0d2-c5ba43d86628@group-C29775A8E805, cid=819, SUCCESS, logIndex=1446, commits[d5132e6f-def8-45c0-b0d2-c5ba43d86628:c1448]
2019-06-13 22:26:37,911 INFO  client.GrpcClientProtocolClient (GrpcClientProtocolClient.java:onNext(254)) - client-43E682E1E07B->d5132e6f-def8-45c0-b0d2-c5ba43d86628: receive RaftClientReply:client-43E682E1E07B->d5132e6f-def8-45c0-b0d2-c5ba43d86628@group-C29775A8E805, cid=820, SUCCESS, logIndex=1447, commits[d5132e6f-def8-45c0-b0d2-c5ba43d86628:c1448]
2019-06-13 22:26:37,917 INFO  client.GrpcClientProtocolClient (GrpcClientProtocolClient.java:onNext(254)) - client-43E682E1E07B->d5132e6f-def8-45c0-b0d2-c5ba43d86628: receive RaftClientReply:client-43E682E1E07B->d5132e6f-def8-45c0-b0d2-c5ba43d86628@group-C29775A8E805, cid=821, SUCCESS, logIndex=1449, commits[d5132e6f-def8-45c0-b0d2-c5ba43d86628:c1449]
2019-06-13 22:26:37,920 INFO  client.GrpcClientProtocolClient (GrpcClientProtocolClient.java:onNext(254)) - client-43E682E1E07B->d5132e6f-def8-45c0-b0d2-c5ba43d86628: receive RaftClientReply:client-43E682E1E07B->d5132e6f-def8-45c0-b0d2-c5ba43d86628@group-C29775A8E805, cid=822, SUCCESS, logIndex=1451, commits[d5132e6f-def8-45c0-b0d2-c5ba43d86628:c1451]
2019-06-13 22:26:37,922 INFO  client.GrpcClientProtocolClient (GrpcClientProtocolClient.java:onNext(254)) - client-43E682E1E07B->d5132e6f-def8-45c0-b0d2-c5ba43d86628: receive RaftClientReply:client-43E682E1E07B->d5132e6f-def8-45c0-b0d2-c5ba43d86628@group-C29775A8E805, cid=823, SUCCESS, logIndex=1452, commits[d5132e6f-def8-45c0-b0d2-c5ba43d86628:c1454]
2019-06-13 22:26:37,922 INFO  client.GrpcClientProtocolClient (GrpcClientProtocolClient.java:onNext(254)) - client-43E682E1E07B->d5132e6f-def8-45c0-b0d2-c5ba43d86628: receive RaftClientReply:client-43E682E1E07B->d5132e6f-def8-45c0-b0d2-c5ba43d86628@group-C29775A8E805, cid=824, SUCCESS, logIndex=1453, commits[d5132e6f-def8-45c0-b0d2-c5ba43d86628:c1454]
2019-06-13 22:26:37,925 DEBUG block.SCMBlockDeletingService (SCMBlockDeletingService.java:call(138)) - Running DeletedBlockTransactionScanner
2019-06-13 22:26:37,925 DEBUG block.SCMBlockDeletingService (SCMBlockDeletingService.java:call(155)) - Scanned deleted blocks log and got 0 delTX to process.
2019-06-13 22:26:37,936 INFO  client.GrpcClientProtocolClient (GrpcClientProtocolClient.java:onNext(254)) - client-43E682E1E07B->d5132e6f-def8-45c0-b0d2-c5ba43d86628: receive RaftClientReply:client-43E682E1E07B->d5132e6f-def8-45c0-b0d2-c5ba43d86628@group-C29775A8E805, cid=825, SUCCESS, logIndex=1455, commits[d5132e6f-def8-45c0-b0d2-c5ba43d86628:c1455]
2019-06-13 22:26:37,939 INFO  client.GrpcClientProtocolClient (GrpcClientProtocolClient.java:onNext(254)) - client-43E682E1E07B->d5132e6f-def8-45c0-b0d2-c5ba43d86628: receive RaftClientReply:client-43E682E1E07B->d5132e6f-def8-45c0-b0d2-c5ba43d86628@group-C29775A8E805, cid=826, SUCCESS, logIndex=1457, commits[d5132e6f-def8-45c0-b0d2-c5ba43d86628:c1457]
2019-06-13 22:26:37,941 INFO  client.GrpcClientProtocolClient (GrpcClientProtocolClient.java:onNext(254)) - client-43E682E1E07B->d5132e6f-def8-45c0-b0d2-c5ba43d86628: receive RaftClientReply:client-43E682E1E07B->d5132e6f-def8-45c0-b0d2-c5ba43d86628@group-C29775A8E805, cid=827, SUCCESS, logIndex=1458, commits[d5132e6f-def8-45c0-b0d2-c5ba43d86628:c1460]
2019-06-13 22:26:37,941 INFO  client.GrpcClientProtocolClient (GrpcClientProtocolClient.java:onNext(254)) - client-43E682E1E07B->d5132e6f-def8-45c0-b0d2-c5ba43d86628: receive RaftClientReply:client-43E682E1E07B->d5132e6f-def8-45c0-b0d2-c5ba43d86628@group-C29775A8E805, cid=828, SUCCESS, logIndex=1460, commits[d5132e6f-def8-45c0-b0d2-c5ba43d86628:c1460]
2019-06-13 22:26:37,950 INFO  client.GrpcClientProtocolClient (GrpcClientProtocolClient.java:onNext(254)) - client-43E682E1E07B->d5132e6f-def8-45c0-b0d2-c5ba43d86628: receive RaftClientReply:client-43E682E1E07B->d5132e6f-def8-45c0-b0d2-c5ba43d86628@group-C29775A8E805, cid=829, SUCCESS, logIndex=1462, commits[d5132e6f-def8-45c0-b0d2-c5ba43d86628:c1462]
2019-06-13 22:26:37,954 INFO  client.GrpcClientProtocolClient (GrpcClientProtocolClient.java:onNext(254)) - client-43E682E1E07B->d5132e6f-def8-45c0-b0d2-c5ba43d86628: receive RaftClientReply:client-43E682E1E07B->d5132e6f-def8-45c0-b0d2-c5ba43d86628@group-C29775A8E805, cid=830, SUCCESS, logIndex=1464, commits[d5132e6f-def8-45c0-b0d2-c5ba43d86628:c1464]
2019-06-13 22:26:37,954 INFO  client.GrpcClientProtocolClient (GrpcClientProtocolClient.java:onNext(254)) - client-43E682E1E07B->d5132e6f-def8-45c0-b0d2-c5ba43d86628: receive RaftClientReply:client-43E682E1E07B->d5132e6f-def8-45c0-b0d2-c5ba43d86628@group-C29775A8E805, cid=831, SUCCESS, logIndex=1465, commits[d5132e6f-def8-45c0-b0d2-c5ba43d86628:c1466]
2019-06-13 22:26:37,955 INFO  client.GrpcClientProtocolClient (GrpcClientProtocolClient.java:onNext(254)) - client-43E682E1E07B->d5132e6f-def8-45c0-b0d2-c5ba43d86628: receive RaftClientReply:client-43E682E1E07B->d5132e6f-def8-45c0-b0d2-c5ba43d86628@group-C29775A8E805, cid=832, SUCCESS, logIndex=1466, commits[d5132e6f-def8-45c0-b0d2-c5ba43d86628:c1467]
2019-06-13 22:26:37,967 INFO  client.GrpcClientProtocolClient (GrpcClientProtocolClient.java:onNext(254)) - client-43E682E1E07B->d5132e6f-def8-45c0-b0d2-c5ba43d86628: receive RaftClientReply:client-43E682E1E07B->d5132e6f-def8-45c0-b0d2-c5ba43d86628@group-C29775A8E805, cid=833, SUCCESS, logIndex=1469, commits[d5132e6f-def8-45c0-b0d2-c5ba43d86628:c1469]
2019-06-13 22:26:37,970 INFO  client.GrpcClientProtocolClient (GrpcClientProtocolClient.java:onNext(254)) - client-43E682E1E07B->d5132e6f-def8-45c0-b0d2-c5ba43d86628: receive RaftClientReply:client-43E682E1E07B->d5132e6f-def8-45c0-b0d2-c5ba43d86628@group-C29775A8E805, cid=834, SUCCESS, logIndex=1471, commits[d5132e6f-def8-45c0-b0d2-c5ba43d86628:c1471]
2019-06-13 22:26:37,971 INFO  client.GrpcClientProtocolClient (GrpcClientProtocolClient.java:onNext(254)) - client-43E682E1E07B->d5132e6f-def8-45c0-b0d2-c5ba43d86628: receive RaftClientReply:client-43E682E1E07B->d5132e6f-def8-45c0-b0d2-c5ba43d86628@group-C29775A8E805, cid=835, SUCCESS, logIndex=1473, commits[d5132e6f-def8-45c0-b0d2-c5ba43d86628:c1473]
2019-06-13 22:26:37,985 INFO  client.GrpcClientProtocolClient (GrpcClientProtocolClient.java:onNext(254)) - client-43E682E1E07B->d5132e6f-def8-45c0-b0d2-c5ba43d86628: receive RaftClientReply:client-43E682E1E07B->d5132e6f-def8-45c0-b0d2-c5ba43d86628@group-C29775A8E805, cid=836, SUCCESS, logIndex=1475, commits[d5132e6f-def8-45c0-b0d2-c5ba43d86628:c1475]
2019-06-13 22:26:38,037 DEBUG block.SCMBlockDeletingService (SCMBlockDeletingService.java:call(138)) - Running DeletedBlockTransactionScanner
2019-06-13 22:26:38,037 DEBUG block.SCMBlockDeletingService (SCMBlockDeletingService.java:call(155)) - Scanned deleted blocks log and got 0 delTX to process.
2019-06-13 22:26:38,070 INFO  client.GrpcClientProtocolClient (GrpcClientProtocolClient.java:onNext(254)) - client-43E682E1E07B->d5132e6f-def8-45c0-b0d2-c5ba43d86628: receive RaftClientReply:client-43E682E1E07B->d5132e6f-def8-45c0-b0d2-c5ba43d86628@group-C29775A8E805, cid=837, SUCCESS, logIndex=1477, commits[d5132e6f-def8-45c0-b0d2-c5ba43d86628:c1477]
2019-06-13 22:26:38,090 INFO  client.GrpcClientProtocolClient (GrpcClientProtocolClient.java:onNext(254)) - client-43E682E1E07B->d5132e6f-def8-45c0-b0d2-c5ba43d86628: receive RaftClientReply:client-43E682E1E07B->d5132e6f-def8-45c0-b0d2-c5ba43d86628@group-C29775A8E805, cid=838, SUCCESS, logIndex=1479, commits[d5132e6f-def8-45c0-b0d2-c5ba43d86628:c1479]
2019-06-13 22:26:38,141 DEBUG block.SCMBlockDeletingService (SCMBlockDeletingService.java:call(138)) - Running DeletedBlockTransactionScanner
2019-06-13 22:26:38,142 DEBUG block.SCMBlockDeletingService (SCMBlockDeletingService.java:call(155)) - Scanned deleted blocks log and got 0 delTX to process.
2019-06-13 22:26:38,155 INFO  client.GrpcClientProtocolClient (GrpcClientProtocolClient.java:onNext(254)) - client-43E682E1E07B->d5132e6f-def8-45c0-b0d2-c5ba43d86628: receive RaftClientReply:client-43E682E1E07B->d5132e6f-def8-45c0-b0d2-c5ba43d86628@group-C29775A8E805, cid=839, SUCCESS, logIndex=1481, commits[d5132e6f-def8-45c0-b0d2-c5ba43d86628:c1481]
2019-06-13 22:26:38,156 INFO  client.GrpcClientProtocolClient (GrpcClientProtocolClient.java:onNext(254)) - client-43E682E1E07B->d5132e6f-def8-45c0-b0d2-c5ba43d86628: receive RaftClientReply:client-43E682E1E07B->d5132e6f-def8-45c0-b0d2-c5ba43d86628@group-C29775A8E805, cid=840, SUCCESS, logIndex=1483, commits[d5132e6f-def8-45c0-b0d2-c5ba43d86628:c1483]
2019-06-13 22:26:38,170 INFO  client.GrpcClientProtocolClient (GrpcClientProtocolClient.java:onNext(254)) - client-43E682E1E07B->d5132e6f-def8-45c0-b0d2-c5ba43d86628: receive RaftClientReply:client-43E682E1E07B->d5132e6f-def8-45c0-b0d2-c5ba43d86628@group-C29775A8E805, cid=841, SUCCESS, logIndex=1485, commits[d5132e6f-def8-45c0-b0d2-c5ba43d86628:c1486]
2019-06-13 22:26:38,174 INFO  client.GrpcClientProtocolClient (GrpcClientProtocolClient.java:onNext(254)) - client-43E682E1E07B->d5132e6f-def8-45c0-b0d2-c5ba43d86628: receive RaftClientReply:client-43E682E1E07B->d5132e6f-def8-45c0-b0d2-c5ba43d86628@group-C29775A8E805, cid=842, SUCCESS, logIndex=1487, commits[d5132e6f-def8-45c0-b0d2-c5ba43d86628:c1487]
2019-06-13 22:26:38,175 INFO  client.GrpcClientProtocolClient (GrpcClientProtocolClient.java:onNext(254)) - client-43E682E1E07B->d5132e6f-def8-45c0-b0d2-c5ba43d86628: receive RaftClientReply:client-43E682E1E07B->d5132e6f-def8-45c0-b0d2-c5ba43d86628@group-C29775A8E805, cid=843, SUCCESS, logIndex=1488, commits[d5132e6f-def8-45c0-b0d2-c5ba43d86628:c1489]
2019-06-13 22:26:38,175 INFO  client.GrpcClientProtocolClient (GrpcClientProtocolClient.java:onNext(254)) - client-43E682E1E07B->d5132e6f-def8-45c0-b0d2-c5ba43d86628: receive RaftClientReply:client-43E682E1E07B->d5132e6f-def8-45c0-b0d2-c5ba43d86628@group-C29775A8E805, cid=844, SUCCESS, logIndex=1489, commits[d5132e6f-def8-45c0-b0d2-c5ba43d86628:c1490]
2019-06-13 22:26:38,185 INFO  client.GrpcClientProtocolClient (GrpcClientProtocolClient.java:onNext(254)) - client-43E682E1E07B->d5132e6f-def8-45c0-b0d2-c5ba43d86628: receive RaftClientReply:client-43E682E1E07B->d5132e6f-def8-45c0-b0d2-c5ba43d86628@group-C29775A8E805, cid=845, SUCCESS, logIndex=1492, commits[d5132e6f-def8-45c0-b0d2-c5ba43d86628:c1492]
2019-06-13 22:26:38,190 INFO  client.GrpcClientProtocolClient (GrpcClientProtocolClient.java:onNext(254)) - client-43E682E1E07B->d5132e6f-def8-45c0-b0d2-c5ba43d86628: receive RaftClientReply:client-43E682E1E07B->d5132e6f-def8-45c0-b0d2-c5ba43d86628@group-C29775A8E805, cid=846, SUCCESS, logIndex=1494, commits[d5132e6f-def8-45c0-b0d2-c5ba43d86628:c1494]
2019-06-13 22:26:38,193 INFO  client.GrpcClientProtocolClient (GrpcClientProtocolClient.java:onNext(254)) - client-43E682E1E07B->d5132e6f-def8-45c0-b0d2-c5ba43d86628: receive RaftClientReply:client-43E682E1E07B->d5132e6f-def8-45c0-b0d2-c5ba43d86628@group-C29775A8E805, cid=847, SUCCESS, logIndex=1495, commits[d5132e6f-def8-45c0-b0d2-c5ba43d86628:c1497]
2019-06-13 22:26:38,194 INFO  client.GrpcClientProtocolClient (GrpcClientProtocolClient.java:onNext(254)) - client-43E682E1E07B->d5132e6f-def8-45c0-b0d2-c5ba43d86628: receive RaftClientReply:client-43E682E1E07B->d5132e6f-def8-45c0-b0d2-c5ba43d86628@group-C29775A8E805, cid=848, SUCCESS, logIndex=1497, commits[d5132e6f-def8-45c0-b0d2-c5ba43d86628:c1497]
2019-06-13 22:26:38,222 INFO  client.GrpcClientProtocolClient (GrpcClientProtocolClient.java:onNext(254)) - client-43E682E1E07B->d5132e6f-def8-45c0-b0d2-c5ba43d86628: receive RaftClientReply:client-43E682E1E07B->d5132e6f-def8-45c0-b0d2-c5ba43d86628@group-C29775A8E805, cid=849, SUCCESS, logIndex=1499, commits[d5132e6f-def8-45c0-b0d2-c5ba43d86628:c1499]
2019-06-13 22:26:38,242 DEBUG block.SCMBlockDeletingService (SCMBlockDeletingService.java:call(138)) - Running DeletedBlockTransactionScanner
2019-06-13 22:26:38,243 DEBUG block.SCMBlockDeletingService (SCMBlockDeletingService.java:call(155)) - Scanned deleted blocks log and got 0 delTX to process.
2019-06-13 22:26:38,244 INFO  client.GrpcClientProtocolClient (GrpcClientProtocolClient.java:onNext(254)) - client-43E682E1E07B->d5132e6f-def8-45c0-b0d2-c5ba43d86628: receive RaftClientReply:client-43E682E1E07B->d5132e6f-def8-45c0-b0d2-c5ba43d86628@group-C29775A8E805, cid=850, SUCCESS, logIndex=1501, commits[d5132e6f-def8-45c0-b0d2-c5ba43d86628:c1501]
2019-06-13 22:26:38,244 INFO  client.GrpcClientProtocolClient (GrpcClientProtocolClient.java:onNext(254)) - client-43E682E1E07B->d5132e6f-def8-45c0-b0d2-c5ba43d86628: receive RaftClientReply:client-43E682E1E07B->d5132e6f-def8-45c0-b0d2-c5ba43d86628@group-C29775A8E805, cid=851, SUCCESS, logIndex=1502, commits[d5132e6f-def8-45c0-b0d2-c5ba43d86628:c1504]
2019-06-13 22:26:38,244 INFO  client.GrpcClientProtocolClient (GrpcClientProtocolClient.java:onNext(254)) - client-43E682E1E07B->d5132e6f-def8-45c0-b0d2-c5ba43d86628: receive RaftClientReply:client-43E682E1E07B->d5132e6f-def8-45c0-b0d2-c5ba43d86628@group-C29775A8E805, cid=852, SUCCESS, logIndex=1504, commits[d5132e6f-def8-45c0-b0d2-c5ba43d86628:c1505]
2019-06-13 22:26:38,256 INFO  client.GrpcClientProtocolClient (GrpcClientProtocolClient.java:onNext(254)) - client-43E682E1E07B->d5132e6f-def8-45c0-b0d2-c5ba43d86628: receive RaftClientReply:client-43E682E1E07B->d5132e6f-def8-45c0-b0d2-c5ba43d86628@group-C29775A8E805, cid=853, SUCCESS, logIndex=1506, commits[d5132e6f-def8-45c0-b0d2-c5ba43d86628:c1506]
2019-06-13 22:26:38,258 INFO  storage.RaftLogWorker (RaftLogWorker.java:rollLogSegment(303)) - d5132e6f-def8-45c0-b0d2-c5ba43d86628-RaftLogWorker: Rolling segment log-1439_1510 to index:1510
2019-06-13 22:26:38,258 INFO  client.GrpcClientProtocolClient (GrpcClientProtocolClient.java:onNext(254)) - client-43E682E1E07B->d5132e6f-def8-45c0-b0d2-c5ba43d86628: receive RaftClientReply:client-43E682E1E07B->d5132e6f-def8-45c0-b0d2-c5ba43d86628@group-C29775A8E805, cid=854, SUCCESS, logIndex=1508, commits[d5132e6f-def8-45c0-b0d2-c5ba43d86628:c1508]
2019-06-13 22:26:38,263 INFO  storage.RaftLogWorker (RaftLogWorker.java:execute(433)) - d5132e6f-def8-45c0-b0d2-c5ba43d86628-RaftLogWorker: Rolled log segment from /opt/src/hadoop-ozone/integration-test/target/test-dir/MiniOzoneClusterImpl-e9ea07bb-4900-4b53-96c1-68f0ab556a80/datanode-0/data/ratis/c7035dd3-cd4a-42fb-880d-c29775a8e805/current/log_inprogress_1439 to /opt/src/hadoop-ozone/integration-test/target/test-dir/MiniOzoneClusterImpl-e9ea07bb-4900-4b53-96c1-68f0ab556a80/datanode-0/data/ratis/c7035dd3-cd4a-42fb-880d-c29775a8e805/current/log_1439-1510
2019-06-13 22:26:38,284 INFO  client.GrpcClientProtocolClient (GrpcClientProtocolClient.java:onNext(254)) - client-43E682E1E07B->d5132e6f-def8-45c0-b0d2-c5ba43d86628: receive RaftClientReply:client-43E682E1E07B->d5132e6f-def8-45c0-b0d2-c5ba43d86628@group-C29775A8E805, cid=855, SUCCESS, logIndex=1509, commits[d5132e6f-def8-45c0-b0d2-c5ba43d86628:c1510]
2019-06-13 22:26:38,311 INFO  storage.RaftLogWorker (RaftLogWorker.java:execute(469)) - d5132e6f-def8-45c0-b0d2-c5ba43d86628-RaftLogWorker: created new log segment /opt/src/hadoop-ozone/integration-test/target/test-dir/MiniOzoneClusterImpl-e9ea07bb-4900-4b53-96c1-68f0ab556a80/datanode-0/data/ratis/c7035dd3-cd4a-42fb-880d-c29775a8e805/current/log_inprogress_1511
2019-06-13 22:26:38,320 INFO  client.GrpcClientProtocolClient (GrpcClientProtocolClient.java:onNext(254)) - client-43E682E1E07B->d5132e6f-def8-45c0-b0d2-c5ba43d86628: receive RaftClientReply:client-43E682E1E07B->d5132e6f-def8-45c0-b0d2-c5ba43d86628@group-C29775A8E805, cid=856, SUCCESS, logIndex=1511, commits[d5132e6f-def8-45c0-b0d2-c5ba43d86628:c1511]
2019-06-13 22:26:38,342 INFO  client.GrpcClientProtocolClient (GrpcClientProtocolClient.java:onNext(254)) - client-43E682E1E07B->d5132e6f-def8-45c0-b0d2-c5ba43d86628: receive RaftClientReply:client-43E682E1E07B->d5132e6f-def8-45c0-b0d2-c5ba43d86628@group-C29775A8E805, cid=857, SUCCESS, logIndex=1513, commits[d5132e6f-def8-45c0-b0d2-c5ba43d86628:c1514]
2019-06-13 22:26:38,343 DEBUG block.SCMBlockDeletingService (SCMBlockDeletingService.java:call(138)) - Running DeletedBlockTransactionScanner
2019-06-13 22:26:38,343 DEBUG block.SCMBlockDeletingService (SCMBlockDeletingService.java:call(155)) - Scanned deleted blocks log and got 0 delTX to process.
2019-06-13 22:26:38,346 INFO  client.GrpcClientProtocolClient (GrpcClientProtocolClient.java:onNext(254)) - client-43E682E1E07B->d5132e6f-def8-45c0-b0d2-c5ba43d86628: receive RaftClientReply:client-43E682E1E07B->d5132e6f-def8-45c0-b0d2-c5ba43d86628@group-C29775A8E805, cid=858, SUCCESS, logIndex=1515, commits[d5132e6f-def8-45c0-b0d2-c5ba43d86628:c1515]
2019-06-13 22:26:38,351 INFO  client.GrpcClientProtocolClient (GrpcClientProtocolClient.java:onNext(254)) - client-43E682E1E07B->d5132e6f-def8-45c0-b0d2-c5ba43d86628: receive RaftClientReply:client-43E682E1E07B->d5132e6f-def8-45c0-b0d2-c5ba43d86628@group-C29775A8E805, cid=859, SUCCESS, logIndex=1516, commits[d5132e6f-def8-45c0-b0d2-c5ba43d86628:c1519]
2019-06-13 22:26:38,357 INFO  client.GrpcClientProtocolClient (GrpcClientProtocolClient.java:onNext(254)) - client-43E682E1E07B->d5132e6f-def8-45c0-b0d2-c5ba43d86628: receive RaftClientReply:client-43E682E1E07B->d5132e6f-def8-45c0-b0d2-c5ba43d86628@group-C29775A8E805, cid=860, SUCCESS, logIndex=1518, commits[d5132e6f-def8-45c0-b0d2-c5ba43d86628:c1519]
2019-06-13 22:26:38,370 INFO  client.GrpcClientProtocolClient (GrpcClientProtocolClient.java:onNext(254)) - client-43E682E1E07B->d5132e6f-def8-45c0-b0d2-c5ba43d86628: receive RaftClientReply:client-43E682E1E07B->d5132e6f-def8-45c0-b0d2-c5ba43d86628@group-C29775A8E805, cid=861, SUCCESS, logIndex=1520, commits[d5132e6f-def8-45c0-b0d2-c5ba43d86628:c1520]
2019-06-13 22:26:38,378 INFO  client.GrpcClientProtocolClient (GrpcClientProtocolClient.java:onNext(254)) - client-43E682E1E07B->d5132e6f-def8-45c0-b0d2-c5ba43d86628: receive RaftClientReply:client-43E682E1E07B->d5132e6f-def8-45c0-b0d2-c5ba43d86628@group-C29775A8E805, cid=862, SUCCESS, logIndex=1522, commits[d5132e6f-def8-45c0-b0d2-c5ba43d86628:c1522]
2019-06-13 22:26:38,380 INFO  client.GrpcClientProtocolClient (GrpcClientProtocolClient.java:onNext(254)) - client-43E682E1E07B->d5132e6f-def8-45c0-b0d2-c5ba43d86628: receive RaftClientReply:client-43E682E1E07B->d5132e6f-def8-45c0-b0d2-c5ba43d86628@group-C29775A8E805, cid=863, SUCCESS, logIndex=1523, commits[d5132e6f-def8-45c0-b0d2-c5ba43d86628:c1524]
2019-06-13 22:26:38,381 INFO  client.GrpcClientProtocolClient (GrpcClientProtocolClient.java:onNext(254)) - client-43E682E1E07B->d5132e6f-def8-45c0-b0d2-c5ba43d86628: receive RaftClientReply:client-43E682E1E07B->d5132e6f-def8-45c0-b0d2-c5ba43d86628@group-C29775A8E805, cid=864, SUCCESS, logIndex=1525, commits[d5132e6f-def8-45c0-b0d2-c5ba43d86628:c1525]
2019-06-13 22:26:38,402 INFO  client.GrpcClientProtocolClient (GrpcClientProtocolClient.java:onNext(254)) - client-43E682E1E07B->d5132e6f-def8-45c0-b0d2-c5ba43d86628: receive RaftClientReply:client-43E682E1E07B->d5132e6f-def8-45c0-b0d2-c5ba43d86628@group-C29775A8E805, cid=865, SUCCESS, logIndex=1527, commits[d5132e6f-def8-45c0-b0d2-c5ba43d86628:c1527]
2019-06-13 22:26:38,406 INFO  client.GrpcClientProtocolClient (GrpcClientProtocolClient.java:onNext(254)) - client-43E682E1E07B->d5132e6f-def8-45c0-b0d2-c5ba43d86628: receive RaftClientReply:client-43E682E1E07B->d5132e6f-def8-45c0-b0d2-c5ba43d86628@group-C29775A8E805, cid=866, SUCCESS, logIndex=1529, commits[d5132e6f-def8-45c0-b0d2-c5ba43d86628:c1529]
2019-06-13 22:26:38,407 INFO  client.GrpcClientProtocolClient (GrpcClientProtocolClient.java:onNext(254)) - client-43E682E1E07B->d5132e6f-def8-45c0-b0d2-c5ba43d86628: receive RaftClientReply:client-43E682E1E07B->d5132e6f-def8-45c0-b0d2-c5ba43d86628@group-C29775A8E805, cid=867, SUCCESS, logIndex=1530, commits[d5132e6f-def8-45c0-b0d2-c5ba43d86628:c1530]
2019-06-13 22:26:38,408 INFO  client.GrpcClientProtocolClient (GrpcClientProtocolClient.java:onNext(254)) - client-43E682E1E07B->d5132e6f-def8-45c0-b0d2-c5ba43d86628: receive RaftClientReply:client-43E682E1E07B->d5132e6f-def8-45c0-b0d2-c5ba43d86628@group-C29775A8E805, cid=868, SUCCESS, logIndex=1532, commits[d5132e6f-def8-45c0-b0d2-c5ba43d86628:c1533]
2019-06-13 22:26:38,422 INFO  client.GrpcClientProtocolClient (GrpcClientProtocolClient.java:onNext(254)) - client-43E682E1E07B->d5132e6f-def8-45c0-b0d2-c5ba43d86628: receive RaftClientReply:client-43E682E1E07B->d5132e6f-def8-45c0-b0d2-c5ba43d86628@group-C29775A8E805, cid=869, SUCCESS, logIndex=1534, commits[d5132e6f-def8-45c0-b0d2-c5ba43d86628:c1534]
2019-06-13 22:26:38,426 INFO  client.GrpcClientProtocolClient (GrpcClientProtocolClient.java:onNext(254)) - client-43E682E1E07B->d5132e6f-def8-45c0-b0d2-c5ba43d86628: receive RaftClientReply:client-43E682E1E07B->d5132e6f-def8-45c0-b0d2-c5ba43d86628@group-C29775A8E805, cid=870, SUCCESS, logIndex=1536, commits[d5132e6f-def8-45c0-b0d2-c5ba43d86628:c1536]
2019-06-13 22:26:38,433 INFO  client.GrpcClientProtocolClient (GrpcClientProtocolClient.java:onNext(254)) - client-43E682E1E07B->d5132e6f-def8-45c0-b0d2-c5ba43d86628: receive RaftClientReply:client-43E682E1E07B->d5132e6f-def8-45c0-b0d2-c5ba43d86628@group-C29775A8E805, cid=871, SUCCESS, logIndex=1537, commits[d5132e6f-def8-45c0-b0d2-c5ba43d86628:c1539]
2019-06-13 22:26:38,442 INFO  client.GrpcClientProtocolClient (GrpcClientProtocolClient.java:onNext(254)) - client-43E682E1E07B->d5132e6f-def8-45c0-b0d2-c5ba43d86628: receive RaftClientReply:client-43E682E1E07B->d5132e6f-def8-45c0-b0d2-c5ba43d86628@group-C29775A8E805, cid=872, SUCCESS, logIndex=1538, commits[d5132e6f-def8-45c0-b0d2-c5ba43d86628:c1539]
2019-06-13 22:26:38,443 DEBUG block.SCMBlockDeletingService (SCMBlockDeletingService.java:call(138)) - Running DeletedBlockTransactionScanner
2019-06-13 22:26:38,444 DEBUG block.SCMBlockDeletingService (SCMBlockDeletingService.java:call(155)) - Scanned deleted blocks log and got 0 delTX to process.
2019-06-13 22:26:38,458 INFO  client.GrpcClientProtocolClient (GrpcClientProtocolClient.java:onNext(254)) - client-43E682E1E07B->d5132e6f-def8-45c0-b0d2-c5ba43d86628: receive RaftClientReply:client-43E682E1E07B->d5132e6f-def8-45c0-b0d2-c5ba43d86628@group-C29775A8E805, cid=873, SUCCESS, logIndex=1540, commits[d5132e6f-def8-45c0-b0d2-c5ba43d86628:c1540]
2019-06-13 22:26:38,466 INFO  client.GrpcClientProtocolClient (GrpcClientProtocolClient.java:onNext(254)) - client-43E682E1E07B->d5132e6f-def8-45c0-b0d2-c5ba43d86628: receive RaftClientReply:client-43E682E1E07B->d5132e6f-def8-45c0-b0d2-c5ba43d86628@group-C29775A8E805, cid=874, SUCCESS, logIndex=1542, commits[d5132e6f-def8-45c0-b0d2-c5ba43d86628:c1542]
2019-06-13 22:26:38,471 INFO  client.GrpcClientProtocolClient (GrpcClientProtocolClient.java:onNext(254)) - client-43E682E1E07B->d5132e6f-def8-45c0-b0d2-c5ba43d86628: receive RaftClientReply:client-43E682E1E07B->d5132e6f-def8-45c0-b0d2-c5ba43d86628@group-C29775A8E805, cid=875, SUCCESS, logIndex=1543, commits[d5132e6f-def8-45c0-b0d2-c5ba43d86628:c1544]
2019-06-13 22:26:38,472 INFO  client.GrpcClientProtocolClient (GrpcClientProtocolClient.java:onNext(254)) - client-43E682E1E07B->d5132e6f-def8-45c0-b0d2-c5ba43d86628: receive RaftClientReply:client-43E682E1E07B->d5132e6f-def8-45c0-b0d2-c5ba43d86628@group-C29775A8E805, cid=876, SUCCESS, logIndex=1545, commits[d5132e6f-def8-45c0-b0d2-c5ba43d86628:c1545]
2019-06-13 22:26:38,484 INFO  client.GrpcClientProtocolClient (GrpcClientProtocolClient.java:onNext(254)) - client-43E682E1E07B->d5132e6f-def8-45c0-b0d2-c5ba43d86628: receive RaftClientReply:client-43E682E1E07B->d5132e6f-def8-45c0-b0d2-c5ba43d86628@group-C29775A8E805, cid=877, SUCCESS, logIndex=1547, commits[d5132e6f-def8-45c0-b0d2-c5ba43d86628:c1547]
2019-06-13 22:26:38,490 INFO  client.GrpcClientProtocolClient (GrpcClientProtocolClient.java:onNext(254)) - client-43E682E1E07B->d5132e6f-def8-45c0-b0d2-c5ba43d86628: receive RaftClientReply:client-43E682E1E07B->d5132e6f-def8-45c0-b0d2-c5ba43d86628@group-C29775A8E805, cid=878, SUCCESS, logIndex=1549, commits[d5132e6f-def8-45c0-b0d2-c5ba43d86628:c1549]
2019-06-13 22:26:38,492 INFO  client.GrpcClientProtocolClient (GrpcClientProtocolClient.java:onNext(254)) - client-43E682E1E07B->d5132e6f-def8-45c0-b0d2-c5ba43d86628: receive RaftClientReply:client-43E682E1E07B->d5132e6f-def8-45c0-b0d2-c5ba43d86628@group-C29775A8E805, cid=879, SUCCESS, logIndex=1550, commits[d5132e6f-def8-45c0-b0d2-c5ba43d86628:c1552]
2019-06-13 22:26:38,497 INFO  client.GrpcClientProtocolClient (GrpcClientProtocolClient.java:onNext(254)) - client-43E682E1E07B->d5132e6f-def8-45c0-b0d2-c5ba43d86628: receive RaftClientReply:client-43E682E1E07B->d5132e6f-def8-45c0-b0d2-c5ba43d86628@group-C29775A8E805, cid=880, SUCCESS, logIndex=1552, commits[d5132e6f-def8-45c0-b0d2-c5ba43d86628:c1553]
2019-06-13 22:26:38,514 INFO  client.GrpcClientProtocolClient (GrpcClientProtocolClient.java:onNext(254)) - client-43E682E1E07B->d5132e6f-def8-45c0-b0d2-c5ba43d86628: receive RaftClientReply:client-43E682E1E07B->d5132e6f-def8-45c0-b0d2-c5ba43d86628@group-C29775A8E805, cid=881, SUCCESS, logIndex=1554, commits[d5132e6f-def8-45c0-b0d2-c5ba43d86628:c1555]
2019-06-13 22:26:38,518 INFO  client.GrpcClientProtocolClient (GrpcClientProtocolClient.java:onNext(254)) - client-43E682E1E07B->d5132e6f-def8-45c0-b0d2-c5ba43d86628: receive RaftClientReply:client-43E682E1E07B->d5132e6f-def8-45c0-b0d2-c5ba43d86628@group-C29775A8E805, cid=882, SUCCESS, logIndex=1556, commits[d5132e6f-def8-45c0-b0d2-c5ba43d86628:c1556]
2019-06-13 22:26:38,519 INFO  client.GrpcClientProtocolClient (GrpcClientProtocolClient.java:onNext(254)) - client-43E682E1E07B->d5132e6f-def8-45c0-b0d2-c5ba43d86628: receive RaftClientReply:client-43E682E1E07B->d5132e6f-def8-45c0-b0d2-c5ba43d86628@group-C29775A8E805, cid=883, SUCCESS, logIndex=1557, commits[d5132e6f-def8-45c0-b0d2-c5ba43d86628:c1557]
2019-06-13 22:26:38,521 INFO  client.GrpcClientProtocolClient (GrpcClientProtocolClient.java:onNext(254)) - client-43E682E1E07B->d5132e6f-def8-45c0-b0d2-c5ba43d86628: receive RaftClientReply:client-43E682E1E07B->d5132e6f-def8-45c0-b0d2-c5ba43d86628@group-C29775A8E805, cid=884, SUCCESS, logIndex=1559, commits[d5132e6f-def8-45c0-b0d2-c5ba43d86628:c1560]
2019-06-13 22:26:38,544 DEBUG block.SCMBlockDeletingService (SCMBlockDeletingService.java:call(138)) - Running DeletedBlockTransactionScanner
2019-06-13 22:26:38,544 DEBUG block.SCMBlockDeletingService (SCMBlockDeletingService.java:call(155)) - Scanned deleted blocks log and got 0 delTX to process.
2019-06-13 22:26:38,630 INFO  client.GrpcClientProtocolClient (GrpcClientProtocolClient.java:onNext(254)) - client-43E682E1E07B->d5132e6f-def8-45c0-b0d2-c5ba43d86628: receive RaftClientReply:client-43E682E1E07B->d5132e6f-def8-45c0-b0d2-c5ba43d86628@group-C29775A8E805, cid=885, SUCCESS, logIndex=1562, commits[d5132e6f-def8-45c0-b0d2-c5ba43d86628:c1562]
2019-06-13 22:26:38,632 INFO  client.GrpcClientProtocolClient (GrpcClientProtocolClient.java:onNext(254)) - client-43E682E1E07B->d5132e6f-def8-45c0-b0d2-c5ba43d86628: receive RaftClientReply:client-43E682E1E07B->d5132e6f-def8-45c0-b0d2-c5ba43d86628@group-C29775A8E805, cid=886, SUCCESS, logIndex=1564, commits[d5132e6f-def8-45c0-b0d2-c5ba43d86628:c1564]
2019-06-13 22:26:38,633 INFO  client.GrpcClientProtocolClient (GrpcClientProtocolClient.java:onNext(254)) - client-43E682E1E07B->d5132e6f-def8-45c0-b0d2-c5ba43d86628: receive RaftClientReply:client-43E682E1E07B->d5132e6f-def8-45c0-b0d2-c5ba43d86628@group-C29775A8E805, cid=887, SUCCESS, logIndex=1565, commits[d5132e6f-def8-45c0-b0d2-c5ba43d86628:c1565]
2019-06-13 22:26:38,634 INFO  client.GrpcClientProtocolClient (GrpcClientProtocolClient.java:onNext(254)) - client-43E682E1E07B->d5132e6f-def8-45c0-b0d2-c5ba43d86628: receive RaftClientReply:client-43E682E1E07B->d5132e6f-def8-45c0-b0d2-c5ba43d86628@group-C29775A8E805, cid=888, SUCCESS, logIndex=1568, commits[d5132e6f-def8-45c0-b0d2-c5ba43d86628:c1568]
2019-06-13 22:26:38,645 DEBUG block.SCMBlockDeletingService (SCMBlockDeletingService.java:call(138)) - Running DeletedBlockTransactionScanner
2019-06-13 22:26:38,645 DEBUG block.SCMBlockDeletingService (SCMBlockDeletingService.java:call(155)) - Scanned deleted blocks log and got 0 delTX to process.
2019-06-13 22:26:38,648 INFO  client.GrpcClientProtocolClient (GrpcClientProtocolClient.java:onNext(254)) - client-43E682E1E07B->d5132e6f-def8-45c0-b0d2-c5ba43d86628: receive RaftClientReply:client-43E682E1E07B->d5132e6f-def8-45c0-b0d2-c5ba43d86628@group-C29775A8E805, cid=889, SUCCESS, logIndex=1570, commits[d5132e6f-def8-45c0-b0d2-c5ba43d86628:c1571]
2019-06-13 22:26:38,653 INFO  client.GrpcClientProtocolClient (GrpcClientProtocolClient.java:onNext(254)) - client-43E682E1E07B->d5132e6f-def8-45c0-b0d2-c5ba43d86628: receive RaftClientReply:client-43E682E1E07B->d5132e6f-def8-45c0-b0d2-c5ba43d86628@group-C29775A8E805, cid=890, SUCCESS, logIndex=1572, commits[d5132e6f-def8-45c0-b0d2-c5ba43d86628:c1572]
2019-06-13 22:26:38,658 INFO  client.GrpcClientProtocolClient (GrpcClientProtocolClient.java:onNext(254)) - client-43E682E1E07B->d5132e6f-def8-45c0-b0d2-c5ba43d86628: receive RaftClientReply:client-43E682E1E07B->d5132e6f-def8-45c0-b0d2-c5ba43d86628@group-C29775A8E805, cid=891, SUCCESS, logIndex=1573, commits[d5132e6f-def8-45c0-b0d2-c5ba43d86628:c1574]
2019-06-13 22:26:38,658 INFO  client.GrpcClientProtocolClient (GrpcClientProtocolClient.java:onNext(254)) - client-43E682E1E07B->d5132e6f-def8-45c0-b0d2-c5ba43d86628: receive RaftClientReply:client-43E682E1E07B->d5132e6f-def8-45c0-b0d2-c5ba43d86628@group-C29775A8E805, cid=892, SUCCESS, logIndex=1574, commits[d5132e6f-def8-45c0-b0d2-c5ba43d86628:c1574]
2019-06-13 22:26:38,671 INFO  client.GrpcClientProtocolClient (GrpcClientProtocolClient.java:onNext(254)) - client-43E682E1E07B->d5132e6f-def8-45c0-b0d2-c5ba43d86628: receive RaftClientReply:client-43E682E1E07B->d5132e6f-def8-45c0-b0d2-c5ba43d86628@group-C29775A8E805, cid=893, SUCCESS, logIndex=1577, commits[d5132e6f-def8-45c0-b0d2-c5ba43d86628:c1577]
2019-06-13 22:26:38,675 INFO  client.GrpcClientProtocolClient (GrpcClientProtocolClient.java:onNext(254)) - client-43E682E1E07B->d5132e6f-def8-45c0-b0d2-c5ba43d86628: receive RaftClientReply:client-43E682E1E07B->d5132e6f-def8-45c0-b0d2-c5ba43d86628@group-C29775A8E805, cid=894, SUCCESS, logIndex=1579, commits[d5132e6f-def8-45c0-b0d2-c5ba43d86628:c1580]
2019-06-13 22:26:38,682 INFO  client.GrpcClientProtocolClient (GrpcClientProtocolClient.java:onNext(254)) - client-43E682E1E07B->d5132e6f-def8-45c0-b0d2-c5ba43d86628: receive RaftClientReply:client-43E682E1E07B->d5132e6f-def8-45c0-b0d2-c5ba43d86628@group-C29775A8E805, cid=895, SUCCESS, logIndex=1580, commits[d5132e6f-def8-45c0-b0d2-c5ba43d86628:c1580]
2019-06-13 22:26:38,694 INFO  client.GrpcClientProtocolClient (GrpcClientProtocolClient.java:onNext(254)) - client-43E682E1E07B->d5132e6f-def8-45c0-b0d2-c5ba43d86628: receive RaftClientReply:client-43E682E1E07B->d5132e6f-def8-45c0-b0d2-c5ba43d86628@group-C29775A8E805, cid=896, SUCCESS, logIndex=1582, commits[d5132e6f-def8-45c0-b0d2-c5ba43d86628:c1582]
2019-06-13 22:26:38,715 INFO  client.GrpcClientProtocolClient (GrpcClientProtocolClient.java:onNext(254)) - client-43E682E1E07B->d5132e6f-def8-45c0-b0d2-c5ba43d86628: receive RaftClientReply:client-43E682E1E07B->d5132e6f-def8-45c0-b0d2-c5ba43d86628@group-C29775A8E805, cid=897, SUCCESS, logIndex=1584, commits[d5132e6f-def8-45c0-b0d2-c5ba43d86628:c1584]
2019-06-13 22:26:38,716 INFO  storage.RaftLogWorker (RaftLogWorker.java:rollLogSegment(303)) - d5132e6f-def8-45c0-b0d2-c5ba43d86628-RaftLogWorker: Rolling segment log-1511_1586 to index:1586
2019-06-13 22:26:38,716 INFO  storage.RaftLogWorker (RaftLogWorker.java:execute(433)) - d5132e6f-def8-45c0-b0d2-c5ba43d86628-RaftLogWorker: Rolled log segment from /opt/src/hadoop-ozone/integration-test/target/test-dir/MiniOzoneClusterImpl-e9ea07bb-4900-4b53-96c1-68f0ab556a80/datanode-0/data/ratis/c7035dd3-cd4a-42fb-880d-c29775a8e805/current/log_inprogress_1511 to /opt/src/hadoop-ozone/integration-test/target/test-dir/MiniOzoneClusterImpl-e9ea07bb-4900-4b53-96c1-68f0ab556a80/datanode-0/data/ratis/c7035dd3-cd4a-42fb-880d-c29775a8e805/current/log_1511-1586
2019-06-13 22:26:38,728 INFO  client.GrpcClientProtocolClient (GrpcClientProtocolClient.java:onNext(254)) - client-43E682E1E07B->d5132e6f-def8-45c0-b0d2-c5ba43d86628: receive RaftClientReply:client-43E682E1E07B->d5132e6f-def8-45c0-b0d2-c5ba43d86628@group-C29775A8E805, cid=898, SUCCESS, logIndex=1586, commits[d5132e6f-def8-45c0-b0d2-c5ba43d86628:c1586]
2019-06-13 22:26:38,745 DEBUG block.SCMBlockDeletingService (SCMBlockDeletingService.java:call(138)) - Running DeletedBlockTransactionScanner
2019-06-13 22:26:38,755 DEBUG block.SCMBlockDeletingService (SCMBlockDeletingService.java:call(155)) - Scanned deleted blocks log and got 0 delTX to process.
2019-06-13 22:26:38,757 INFO  storage.RaftLogWorker (RaftLogWorker.java:execute(469)) - d5132e6f-def8-45c0-b0d2-c5ba43d86628-RaftLogWorker: created new log segment /opt/src/hadoop-ozone/integration-test/target/test-dir/MiniOzoneClusterImpl-e9ea07bb-4900-4b53-96c1-68f0ab556a80/datanode-0/data/ratis/c7035dd3-cd4a-42fb-880d-c29775a8e805/current/log_inprogress_1587
2019-06-13 22:26:38,759 INFO  client.GrpcClientProtocolClient (GrpcClientProtocolClient.java:onNext(254)) - client-43E682E1E07B->d5132e6f-def8-45c0-b0d2-c5ba43d86628: receive RaftClientReply:client-43E682E1E07B->d5132e6f-def8-45c0-b0d2-c5ba43d86628@group-C29775A8E805, cid=899, SUCCESS, logIndex=1587, commits[d5132e6f-def8-45c0-b0d2-c5ba43d86628:c1589]
2019-06-13 22:26:38,760 INFO  client.GrpcClientProtocolClient (GrpcClientProtocolClient.java:onNext(254)) - client-43E682E1E07B->d5132e6f-def8-45c0-b0d2-c5ba43d86628: receive RaftClientReply:client-43E682E1E07B->d5132e6f-def8-45c0-b0d2-c5ba43d86628@group-C29775A8E805, cid=900, SUCCESS, logIndex=1589, commits[d5132e6f-def8-45c0-b0d2-c5ba43d86628:c1589]
2019-06-13 22:26:38,767 INFO  client.GrpcClientProtocolClient (GrpcClientProtocolClient.java:onNext(254)) - client-43E682E1E07B->d5132e6f-def8-45c0-b0d2-c5ba43d86628: receive RaftClientReply:client-43E682E1E07B->d5132e6f-def8-45c0-b0d2-c5ba43d86628@group-C29775A8E805, cid=901, SUCCESS, logIndex=1591, commits[d5132e6f-def8-45c0-b0d2-c5ba43d86628:c1591]
2019-06-13 22:26:38,770 INFO  client.GrpcClientProtocolClient (GrpcClientProtocolClient.java:onNext(254)) - client-43E682E1E07B->d5132e6f-def8-45c0-b0d2-c5ba43d86628: receive RaftClientReply:client-43E682E1E07B->d5132e6f-def8-45c0-b0d2-c5ba43d86628@group-C29775A8E805, cid=902, SUCCESS, logIndex=1593, commits[d5132e6f-def8-45c0-b0d2-c5ba43d86628:c1593]
2019-06-13 22:26:38,790 INFO  client.GrpcClientProtocolClient (GrpcClientProtocolClient.java:onNext(254)) - client-43E682E1E07B->d5132e6f-def8-45c0-b0d2-c5ba43d86628: receive RaftClientReply:client-43E682E1E07B->d5132e6f-def8-45c0-b0d2-c5ba43d86628@group-C29775A8E805, cid=903, SUCCESS, logIndex=1594, commits[d5132e6f-def8-45c0-b0d2-c5ba43d86628:c1595]
2019-06-13 22:26:38,791 INFO  client.GrpcClientProtocolClient (GrpcClientProtocolClient.java:onNext(254)) - client-43E682E1E07B->d5132e6f-def8-45c0-b0d2-c5ba43d86628: receive RaftClientReply:client-43E682E1E07B->d5132e6f-def8-45c0-b0d2-c5ba43d86628@group-C29775A8E805, cid=904, SUCCESS, logIndex=1595, commits[d5132e6f-def8-45c0-b0d2-c5ba43d86628:c1595]
2019-06-13 22:26:39,069 DEBUG block.SCMBlockDeletingService (SCMBlockDeletingService.java:call(138)) - Running DeletedBlockTransactionScanner
2019-06-13 22:26:39,070 DEBUG block.SCMBlockDeletingService (SCMBlockDeletingService.java:call(155)) - Scanned deleted blocks log and got 0 delTX to process.
2019-06-13 22:26:39,097 INFO  client.GrpcClientProtocolClient (GrpcClientProtocolClient.java:onNext(254)) - client-43E682E1E07B->d5132e6f-def8-45c0-b0d2-c5ba43d86628: receive RaftClientReply:client-43E682E1E07B->d5132e6f-def8-45c0-b0d2-c5ba43d86628@group-C29775A8E805, cid=905, SUCCESS, logIndex=1598, commits[d5132e6f-def8-45c0-b0d2-c5ba43d86628:c1598]
2019-06-13 22:26:39,114 INFO  client.GrpcClientProtocolClient (GrpcClientProtocolClient.java:onNext(254)) - client-43E682E1E07B->d5132e6f-def8-45c0-b0d2-c5ba43d86628: receive RaftClientReply:client-43E682E1E07B->d5132e6f-def8-45c0-b0d2-c5ba43d86628@group-C29775A8E805, cid=906, SUCCESS, logIndex=1600, commits[d5132e6f-def8-45c0-b0d2-c5ba43d86628:c1605]
2019-06-13 22:26:39,115 INFO  client.GrpcClientProtocolClient (GrpcClientProtocolClient.java:onNext(254)) - client-43E682E1E07B->d5132e6f-def8-45c0-b0d2-c5ba43d86628: receive RaftClientReply:client-43E682E1E07B->d5132e6f-def8-45c0-b0d2-c5ba43d86628@group-C29775A8E805, cid=907, SUCCESS, logIndex=1601, commits[d5132e6f-def8-45c0-b0d2-c5ba43d86628:c1605]
2019-06-13 22:26:39,116 INFO  client.GrpcClientProtocolClient (GrpcClientProtocolClient.java:onNext(254)) - client-43E682E1E07B->d5132e6f-def8-45c0-b0d2-c5ba43d86628: receive RaftClientReply:client-43E682E1E07B->d5132e6f-def8-45c0-b0d2-c5ba43d86628@group-C29775A8E805, cid=908, SUCCESS, logIndex=1603, commits[d5132e6f-def8-45c0-b0d2-c5ba43d86628:c1605]
2019-06-13 22:26:39,130 INFO  client.GrpcClientProtocolClient (GrpcClientProtocolClient.java:onNext(254)) - client-43E682E1E07B->d5132e6f-def8-45c0-b0d2-c5ba43d86628: receive RaftClientReply:client-43E682E1E07B->d5132e6f-def8-45c0-b0d2-c5ba43d86628@group-C29775A8E805, cid=909, SUCCESS, logIndex=1606, commits[d5132e6f-def8-45c0-b0d2-c5ba43d86628:c1606]
2019-06-13 22:26:39,139 INFO  client.GrpcClientProtocolClient (GrpcClientProtocolClient.java:onNext(254)) - client-43E682E1E07B->d5132e6f-def8-45c0-b0d2-c5ba43d86628: receive RaftClientReply:client-43E682E1E07B->d5132e6f-def8-45c0-b0d2-c5ba43d86628@group-C29775A8E805, cid=910, SUCCESS, logIndex=1608, commits[d5132e6f-def8-45c0-b0d2-c5ba43d86628:c1608]
2019-06-13 22:26:39,140 INFO  client.GrpcClientProtocolClient (GrpcClientProtocolClient.java:onNext(254)) - client-43E682E1E07B->d5132e6f-def8-45c0-b0d2-c5ba43d86628: receive RaftClientReply:client-43E682E1E07B->d5132e6f-def8-45c0-b0d2-c5ba43d86628@group-C29775A8E805, cid=911, SUCCESS, logIndex=1609, commits[d5132e6f-def8-45c0-b0d2-c5ba43d86628:c1610]
2019-06-13 22:26:39,146 INFO  client.GrpcClientProtocolClient (GrpcClientProtocolClient.java:onNext(254)) - client-43E682E1E07B->d5132e6f-def8-45c0-b0d2-c5ba43d86628: receive RaftClientReply:client-43E682E1E07B->d5132e6f-def8-45c0-b0d2-c5ba43d86628@group-C29775A8E805, cid=912, SUCCESS, logIndex=1611, commits[d5132e6f-def8-45c0-b0d2-c5ba43d86628:c1611]
2019-06-13 22:26:39,163 INFO  client.GrpcClientProtocolClient (GrpcClientProtocolClient.java:onNext(254)) - client-43E682E1E07B->d5132e6f-def8-45c0-b0d2-c5ba43d86628: receive RaftClientReply:client-43E682E1E07B->d5132e6f-def8-45c0-b0d2-c5ba43d86628@group-C29775A8E805, cid=913, SUCCESS, logIndex=1613, commits[d5132e6f-def8-45c0-b0d2-c5ba43d86628:c1613]
2019-06-13 22:26:39,173 DEBUG block.SCMBlockDeletingService (SCMBlockDeletingService.java:call(138)) - Running DeletedBlockTransactionScanner
2019-06-13 22:26:39,174 DEBUG block.SCMBlockDeletingService (SCMBlockDeletingService.java:call(155)) - Scanned deleted blocks log and got 0 delTX to process.
2019-06-13 22:26:39,192 INFO  client.GrpcClientProtocolClient (GrpcClientProtocolClient.java:onNext(254)) - client-43E682E1E07B->d5132e6f-def8-45c0-b0d2-c5ba43d86628: receive RaftClientReply:client-43E682E1E07B->d5132e6f-def8-45c0-b0d2-c5ba43d86628@group-C29775A8E805, cid=914, SUCCESS, logIndex=1615, commits[d5132e6f-def8-45c0-b0d2-c5ba43d86628:c1615]
2019-06-13 22:26:39,193 INFO  client.GrpcClientProtocolClient (GrpcClientProtocolClient.java:onNext(254)) - client-43E682E1E07B->d5132e6f-def8-45c0-b0d2-c5ba43d86628: receive RaftClientReply:client-43E682E1E07B->d5132e6f-def8-45c0-b0d2-c5ba43d86628@group-C29775A8E805, cid=915, SUCCESS, logIndex=1616, commits[d5132e6f-def8-45c0-b0d2-c5ba43d86628:c1617]
2019-06-13 22:26:39,193 INFO  client.GrpcClientProtocolClient (GrpcClientProtocolClient.java:onNext(254)) - client-43E682E1E07B->d5132e6f-def8-45c0-b0d2-c5ba43d86628: receive RaftClientReply:client-43E682E1E07B->d5132e6f-def8-45c0-b0d2-c5ba43d86628@group-C29775A8E805, cid=916, SUCCESS, logIndex=1618, commits[d5132e6f-def8-45c0-b0d2-c5ba43d86628:c1618]
2019-06-13 22:26:39,205 INFO  client.GrpcClientProtocolClient (GrpcClientProtocolClient.java:onNext(254)) - client-43E682E1E07B->d5132e6f-def8-45c0-b0d2-c5ba43d86628: receive RaftClientReply:client-43E682E1E07B->d5132e6f-def8-45c0-b0d2-c5ba43d86628@group-C29775A8E805, cid=917, SUCCESS, logIndex=1620, commits[d5132e6f-def8-45c0-b0d2-c5ba43d86628:c1620]
2019-06-13 22:26:39,210 INFO  client.GrpcClientProtocolClient (GrpcClientProtocolClient.java:onNext(254)) - client-43E682E1E07B->d5132e6f-def8-45c0-b0d2-c5ba43d86628: receive RaftClientReply:client-43E682E1E07B->d5132e6f-def8-45c0-b0d2-c5ba43d86628@group-C29775A8E805, cid=918, SUCCESS, logIndex=1622, commits[d5132e6f-def8-45c0-b0d2-c5ba43d86628:c1622]
2019-06-13 22:26:39,223 INFO  client.GrpcClientProtocolClient (GrpcClientProtocolClient.java:onNext(254)) - client-43E682E1E07B->d5132e6f-def8-45c0-b0d2-c5ba43d86628: receive RaftClientReply:client-43E682E1E07B->d5132e6f-def8-45c0-b0d2-c5ba43d86628@group-C29775A8E805, cid=919, SUCCESS, logIndex=1623, commits[d5132e6f-def8-45c0-b0d2-c5ba43d86628:c1625]
2019-06-13 22:26:39,230 INFO  client.GrpcClientProtocolClient (GrpcClientProtocolClient.java:onNext(254)) - client-43E682E1E07B->d5132e6f-def8-45c0-b0d2-c5ba43d86628: receive RaftClientReply:client-43E682E1E07B->d5132e6f-def8-45c0-b0d2-c5ba43d86628@group-C29775A8E805, cid=920, SUCCESS, logIndex=1625, commits[d5132e6f-def8-45c0-b0d2-c5ba43d86628:c1626]
2019-06-13 22:26:39,254 INFO  client.GrpcClientProtocolClient (GrpcClientProtocolClient.java:onNext(254)) - client-43E682E1E07B->d5132e6f-def8-45c0-b0d2-c5ba43d86628: receive RaftClientReply:client-43E682E1E07B->d5132e6f-def8-45c0-b0d2-c5ba43d86628@group-C29775A8E805, cid=921, SUCCESS, logIndex=1627, commits[d5132e6f-def8-45c0-b0d2-c5ba43d86628:c1627]
2019-06-13 22:26:39,259 INFO  client.GrpcClientProtocolClient (GrpcClientProtocolClient.java:onNext(254)) - client-43E682E1E07B->d5132e6f-def8-45c0-b0d2-c5ba43d86628: receive RaftClientReply:client-43E682E1E07B->d5132e6f-def8-45c0-b0d2-c5ba43d86628@group-C29775A8E805, cid=922, SUCCESS, logIndex=1629, commits[d5132e6f-def8-45c0-b0d2-c5ba43d86628:c1629]
2019-06-13 22:26:39,263 INFO  client.GrpcClientProtocolClient (GrpcClientProtocolClient.java:onNext(254)) - client-43E682E1E07B->d5132e6f-def8-45c0-b0d2-c5ba43d86628: receive RaftClientReply:client-43E682E1E07B->d5132e6f-def8-45c0-b0d2-c5ba43d86628@group-C29775A8E805, cid=923, SUCCESS, logIndex=1630, commits[d5132e6f-def8-45c0-b0d2-c5ba43d86628:c1631]
2019-06-13 22:26:39,264 INFO  client.GrpcClientProtocolClient (GrpcClientProtocolClient.java:onNext(254)) - client-43E682E1E07B->d5132e6f-def8-45c0-b0d2-c5ba43d86628: receive RaftClientReply:client-43E682E1E07B->d5132e6f-def8-45c0-b0d2-c5ba43d86628@group-C29775A8E805, cid=924, SUCCESS, logIndex=1632, commits[d5132e6f-def8-45c0-b0d2-c5ba43d86628:c1632]
2019-06-13 22:26:39,277 DEBUG block.SCMBlockDeletingService (SCMBlockDeletingService.java:call(138)) - Running DeletedBlockTransactionScanner
2019-06-13 22:26:39,278 DEBUG block.SCMBlockDeletingService (SCMBlockDeletingService.java:call(155)) - Scanned deleted blocks log and got 0 delTX to process.
2019-06-13 22:26:39,281 INFO  client.GrpcClientProtocolClient (GrpcClientProtocolClient.java:onNext(254)) - client-43E682E1E07B->d5132e6f-def8-45c0-b0d2-c5ba43d86628: receive RaftClientReply:client-43E682E1E07B->d5132e6f-def8-45c0-b0d2-c5ba43d86628@group-C29775A8E805, cid=925, SUCCESS, logIndex=1634, commits[d5132e6f-def8-45c0-b0d2-c5ba43d86628:c1634]
2019-06-13 22:26:39,285 INFO  client.GrpcClientProtocolClient (GrpcClientProtocolClient.java:onNext(254)) - client-43E682E1E07B->d5132e6f-def8-45c0-b0d2-c5ba43d86628: receive RaftClientReply:client-43E682E1E07B->d5132e6f-def8-45c0-b0d2-c5ba43d86628@group-C29775A8E805, cid=926, SUCCESS, logIndex=1636, commits[d5132e6f-def8-45c0-b0d2-c5ba43d86628:c1636]
2019-06-13 22:26:39,287 INFO  client.GrpcClientProtocolClient (GrpcClientProtocolClient.java:onNext(254)) - client-43E682E1E07B->d5132e6f-def8-45c0-b0d2-c5ba43d86628: receive RaftClientReply:client-43E682E1E07B->d5132e6f-def8-45c0-b0d2-c5ba43d86628@group-C29775A8E805, cid=927, SUCCESS, logIndex=1637, commits[d5132e6f-def8-45c0-b0d2-c5ba43d86628:c1637]
2019-06-13 22:26:39,288 INFO  client.GrpcClientProtocolClient (GrpcClientProtocolClient.java:onNext(254)) - client-43E682E1E07B->d5132e6f-def8-45c0-b0d2-c5ba43d86628: receive RaftClientReply:client-43E682E1E07B->d5132e6f-def8-45c0-b0d2-c5ba43d86628@group-C29775A8E805, cid=928, SUCCESS, logIndex=1639, commits[d5132e6f-def8-45c0-b0d2-c5ba43d86628:c1640]
2019-06-13 22:26:39,381 DEBUG block.SCMBlockDeletingService (SCMBlockDeletingService.java:call(138)) - Running DeletedBlockTransactionScanner
2019-06-13 22:26:39,382 DEBUG block.SCMBlockDeletingService (SCMBlockDeletingService.java:call(155)) - Scanned deleted blocks log and got 0 delTX to process.
2019-06-13 22:26:39,404 INFO  client.GrpcClientProtocolClient (GrpcClientProtocolClient.java:onNext(254)) - client-43E682E1E07B->d5132e6f-def8-45c0-b0d2-c5ba43d86628: receive RaftClientReply:client-43E682E1E07B->d5132e6f-def8-45c0-b0d2-c5ba43d86628@group-C29775A8E805, cid=929, SUCCESS, logIndex=1641, commits[d5132e6f-def8-45c0-b0d2-c5ba43d86628:c1641]
2019-06-13 22:26:39,409 INFO  client.GrpcClientProtocolClient (GrpcClientProtocolClient.java:onNext(254)) - client-43E682E1E07B->d5132e6f-def8-45c0-b0d2-c5ba43d86628: receive RaftClientReply:client-43E682E1E07B->d5132e6f-def8-45c0-b0d2-c5ba43d86628@group-C29775A8E805, cid=930, SUCCESS, logIndex=1643, commits[d5132e6f-def8-45c0-b0d2-c5ba43d86628:c1643]
2019-06-13 22:26:39,410 INFO  client.GrpcClientProtocolClient (GrpcClientProtocolClient.java:onNext(254)) - client-43E682E1E07B->d5132e6f-def8-45c0-b0d2-c5ba43d86628: receive RaftClientReply:client-43E682E1E07B->d5132e6f-def8-45c0-b0d2-c5ba43d86628@group-C29775A8E805, cid=931, SUCCESS, logIndex=1644, commits[d5132e6f-def8-45c0-b0d2-c5ba43d86628:c1646]
2019-06-13 22:26:39,411 INFO  client.GrpcClientProtocolClient (GrpcClientProtocolClient.java:onNext(254)) - client-43E682E1E07B->d5132e6f-def8-45c0-b0d2-c5ba43d86628: receive RaftClientReply:client-43E682E1E07B->d5132e6f-def8-45c0-b0d2-c5ba43d86628@group-C29775A8E805, cid=932, SUCCESS, logIndex=1646, commits[d5132e6f-def8-45c0-b0d2-c5ba43d86628:c1647]
2019-06-13 22:26:39,432 INFO  client.GrpcClientProtocolClient (GrpcClientProtocolClient.java:onNext(254)) - client-43E682E1E07B->d5132e6f-def8-45c0-b0d2-c5ba43d86628: receive RaftClientReply:client-43E682E1E07B->d5132e6f-def8-45c0-b0d2-c5ba43d86628@group-C29775A8E805, cid=933, SUCCESS, logIndex=1648, commits[d5132e6f-def8-45c0-b0d2-c5ba43d86628:c1648]
2019-06-13 22:26:39,438 INFO  client.GrpcClientProtocolClient (GrpcClientProtocolClient.java:onNext(254)) - client-43E682E1E07B->d5132e6f-def8-45c0-b0d2-c5ba43d86628: receive RaftClientReply:client-43E682E1E07B->d5132e6f-def8-45c0-b0d2-c5ba43d86628@group-C29775A8E805, cid=934, SUCCESS, logIndex=1650, commits[d5132e6f-def8-45c0-b0d2-c5ba43d86628:c1650]
2019-06-13 22:26:39,455 INFO  client.GrpcClientProtocolClient (GrpcClientProtocolClient.java:onNext(254)) - client-43E682E1E07B->d5132e6f-def8-45c0-b0d2-c5ba43d86628: receive RaftClientReply:client-43E682E1E07B->d5132e6f-def8-45c0-b0d2-c5ba43d86628@group-C29775A8E805, cid=935, SUCCESS, logIndex=1652, commits[d5132e6f-def8-45c0-b0d2-c5ba43d86628:c1653]
2019-06-13 22:26:39,456 INFO  client.GrpcClientProtocolClient (GrpcClientProtocolClient.java:onNext(254)) - client-43E682E1E07B->d5132e6f-def8-45c0-b0d2-c5ba43d86628: receive RaftClientReply:client-43E682E1E07B->d5132e6f-def8-45c0-b0d2-c5ba43d86628@group-C29775A8E805, cid=936, SUCCESS, logIndex=1653, commits[d5132e6f-def8-45c0-b0d2-c5ba43d86628:c1653]
2019-06-13 22:26:39,479 INFO  client.GrpcClientProtocolClient (GrpcClientProtocolClient.java:onNext(254)) - client-43E682E1E07B->d5132e6f-def8-45c0-b0d2-c5ba43d86628: receive RaftClientReply:client-43E682E1E07B->d5132e6f-def8-45c0-b0d2-c5ba43d86628@group-C29775A8E805, cid=937, SUCCESS, logIndex=1655, commits[d5132e6f-def8-45c0-b0d2-c5ba43d86628:c1655]
2019-06-13 22:26:39,483 INFO  client.GrpcClientProtocolClient (GrpcClientProtocolClient.java:onNext(254)) - client-43E682E1E07B->d5132e6f-def8-45c0-b0d2-c5ba43d86628: receive RaftClientReply:client-43E682E1E07B->d5132e6f-def8-45c0-b0d2-c5ba43d86628@group-C29775A8E805, cid=938, SUCCESS, logIndex=1657, commits[d5132e6f-def8-45c0-b0d2-c5ba43d86628:c1657]
2019-06-13 22:26:39,485 INFO  client.GrpcClientProtocolClient (GrpcClientProtocolClient.java:onNext(254)) - client-43E682E1E07B->d5132e6f-def8-45c0-b0d2-c5ba43d86628: receive RaftClientReply:client-43E682E1E07B->d5132e6f-def8-45c0-b0d2-c5ba43d86628@group-C29775A8E805, cid=939, SUCCESS, logIndex=1658, commits[d5132e6f-def8-45c0-b0d2-c5ba43d86628:c1660]
2019-06-13 22:26:39,485 DEBUG block.SCMBlockDeletingService (SCMBlockDeletingService.java:call(138)) - Running DeletedBlockTransactionScanner
2019-06-13 22:26:39,486 DEBUG block.SCMBlockDeletingService (SCMBlockDeletingService.java:call(155)) - Scanned deleted blocks log and got 0 delTX to process.
2019-06-13 22:26:39,486 INFO  client.GrpcClientProtocolClient (GrpcClientProtocolClient.java:onNext(254)) - client-43E682E1E07B->d5132e6f-def8-45c0-b0d2-c5ba43d86628: receive RaftClientReply:client-43E682E1E07B->d5132e6f-def8-45c0-b0d2-c5ba43d86628@group-C29775A8E805, cid=940, SUCCESS, logIndex=1660, commits[d5132e6f-def8-45c0-b0d2-c5ba43d86628:c1660]
2019-06-13 22:26:39,497 INFO  client.GrpcClientProtocolClient (GrpcClientProtocolClient.java:onNext(254)) - client-43E682E1E07B->d5132e6f-def8-45c0-b0d2-c5ba43d86628: receive RaftClientReply:client-43E682E1E07B->d5132e6f-def8-45c0-b0d2-c5ba43d86628@group-C29775A8E805, cid=941, SUCCESS, logIndex=1662, commits[d5132e6f-def8-45c0-b0d2-c5ba43d86628:c1662]
2019-06-13 22:26:39,497 INFO  storage.RaftLogWorker (RaftLogWorker.java:rollLogSegment(303)) - d5132e6f-def8-45c0-b0d2-c5ba43d86628-RaftLogWorker: Rolling segment log-1587_1663 to index:1663
2019-06-13 22:26:39,497 INFO  storage.RaftLogWorker (RaftLogWorker.java:execute(433)) - d5132e6f-def8-45c0-b0d2-c5ba43d86628-RaftLogWorker: Rolled log segment from /opt/src/hadoop-ozone/integration-test/target/test-dir/MiniOzoneClusterImpl-e9ea07bb-4900-4b53-96c1-68f0ab556a80/datanode-0/data/ratis/c7035dd3-cd4a-42fb-880d-c29775a8e805/current/log_inprogress_1587 to /opt/src/hadoop-ozone/integration-test/target/test-dir/MiniOzoneClusterImpl-e9ea07bb-4900-4b53-96c1-68f0ab556a80/datanode-0/data/ratis/c7035dd3-cd4a-42fb-880d-c29775a8e805/current/log_1587-1663
2019-06-13 22:26:39,541 INFO  storage.RaftLogWorker (RaftLogWorker.java:execute(469)) - d5132e6f-def8-45c0-b0d2-c5ba43d86628-RaftLogWorker: created new log segment /opt/src/hadoop-ozone/integration-test/target/test-dir/MiniOzoneClusterImpl-e9ea07bb-4900-4b53-96c1-68f0ab556a80/datanode-0/data/ratis/c7035dd3-cd4a-42fb-880d-c29775a8e805/current/log_inprogress_1664
2019-06-13 22:26:39,543 INFO  client.GrpcClientProtocolClient (GrpcClientProtocolClient.java:onNext(254)) - client-43E682E1E07B->d5132e6f-def8-45c0-b0d2-c5ba43d86628: receive RaftClientReply:client-43E682E1E07B->d5132e6f-def8-45c0-b0d2-c5ba43d86628@group-C29775A8E805, cid=942, SUCCESS, logIndex=1664, commits[d5132e6f-def8-45c0-b0d2-c5ba43d86628:c1666]
2019-06-13 22:26:39,545 INFO  client.GrpcClientProtocolClient (GrpcClientProtocolClient.java:onNext(254)) - client-43E682E1E07B->d5132e6f-def8-45c0-b0d2-c5ba43d86628: receive RaftClientReply:client-43E682E1E07B->d5132e6f-def8-45c0-b0d2-c5ba43d86628@group-C29775A8E805, cid=943, SUCCESS, logIndex=1665, commits[d5132e6f-def8-45c0-b0d2-c5ba43d86628:c1666]
2019-06-13 22:26:39,545 INFO  client.GrpcClientProtocolClient (GrpcClientProtocolClient.java:onNext(254)) - client-43E682E1E07B->d5132e6f-def8-45c0-b0d2-c5ba43d86628: receive RaftClientReply:client-43E682E1E07B->d5132e6f-def8-45c0-b0d2-c5ba43d86628@group-C29775A8E805, cid=944, SUCCESS, logIndex=1666, commits[d5132e6f-def8-45c0-b0d2-c5ba43d86628:c1667]
2019-06-13 22:26:39,557 INFO  client.GrpcClientProtocolClient (GrpcClientProtocolClient.java:onNext(254)) - client-43E682E1E07B->d5132e6f-def8-45c0-b0d2-c5ba43d86628: receive RaftClientReply:client-43E682E1E07B->d5132e6f-def8-45c0-b0d2-c5ba43d86628@group-C29775A8E805, cid=945, SUCCESS, logIndex=1668, commits[d5132e6f-def8-45c0-b0d2-c5ba43d86628:c1668]
2019-06-13 22:26:39,560 INFO  client.GrpcClientProtocolClient (GrpcClientProtocolClient.java:onNext(254)) - client-43E682E1E07B->d5132e6f-def8-45c0-b0d2-c5ba43d86628: receive RaftClientReply:client-43E682E1E07B->d5132e6f-def8-45c0-b0d2-c5ba43d86628@group-C29775A8E805, cid=946, SUCCESS, logIndex=1670, commits[d5132e6f-def8-45c0-b0d2-c5ba43d86628:c1670]
2019-06-13 22:26:39,561 INFO  client.GrpcClientProtocolClient (GrpcClientProtocolClient.java:onNext(254)) - client-43E682E1E07B->d5132e6f-def8-45c0-b0d2-c5ba43d86628: receive RaftClientReply:client-43E682E1E07B->d5132e6f-def8-45c0-b0d2-c5ba43d86628@group-C29775A8E805, cid=947, SUCCESS, logIndex=1671, commits[d5132e6f-def8-45c0-b0d2-c5ba43d86628:c1673]
2019-06-13 22:26:39,562 INFO  client.GrpcClientProtocolClient (GrpcClientProtocolClient.java:onNext(254)) - client-43E682E1E07B->d5132e6f-def8-45c0-b0d2-c5ba43d86628: receive RaftClientReply:client-43E682E1E07B->d5132e6f-def8-45c0-b0d2-c5ba43d86628@group-C29775A8E805, cid=948, SUCCESS, logIndex=1672, commits[d5132e6f-def8-45c0-b0d2-c5ba43d86628:c1673]
2019-06-13 22:26:39,572 INFO  client.GrpcClientProtocolClient (GrpcClientProtocolClient.java:onNext(254)) - client-43E682E1E07B->d5132e6f-def8-45c0-b0d2-c5ba43d86628: receive RaftClientReply:client-43E682E1E07B->d5132e6f-def8-45c0-b0d2-c5ba43d86628@group-C29775A8E805, cid=949, SUCCESS, logIndex=1674, commits[d5132e6f-def8-45c0-b0d2-c5ba43d86628:c1674]
2019-06-13 22:26:39,575 INFO  client.GrpcClientProtocolClient (GrpcClientProtocolClient.java:onNext(254)) - client-43E682E1E07B->d5132e6f-def8-45c0-b0d2-c5ba43d86628: receive RaftClientReply:client-43E682E1E07B->d5132e6f-def8-45c0-b0d2-c5ba43d86628@group-C29775A8E805, cid=950, SUCCESS, logIndex=1676, commits[d5132e6f-def8-45c0-b0d2-c5ba43d86628:c1676]
2019-06-13 22:26:39,578 INFO  client.GrpcClientProtocolClient (GrpcClientProtocolClient.java:onNext(254)) - client-43E682E1E07B->d5132e6f-def8-45c0-b0d2-c5ba43d86628: receive RaftClientReply:client-43E682E1E07B->d5132e6f-def8-45c0-b0d2-c5ba43d86628@group-C29775A8E805, cid=951, SUCCESS, logIndex=1677, commits[d5132e6f-def8-45c0-b0d2-c5ba43d86628:c1678]
2019-06-13 22:26:39,578 INFO  client.GrpcClientProtocolClient (GrpcClientProtocolClient.java:onNext(254)) - client-43E682E1E07B->d5132e6f-def8-45c0-b0d2-c5ba43d86628: receive RaftClientReply:client-43E682E1E07B->d5132e6f-def8-45c0-b0d2-c5ba43d86628@group-C29775A8E805, cid=952, SUCCESS, logIndex=1678, commits[d5132e6f-def8-45c0-b0d2-c5ba43d86628:c1680]
2019-06-13 22:26:39,586 DEBUG block.SCMBlockDeletingService (SCMBlockDeletingService.java:call(138)) - Running DeletedBlockTransactionScanner
2019-06-13 22:26:39,586 DEBUG block.SCMBlockDeletingService (SCMBlockDeletingService.java:call(155)) - Scanned deleted blocks log and got 0 delTX to process.
2019-06-13 22:26:39,592 INFO  client.GrpcClientProtocolClient (GrpcClientProtocolClient.java:onNext(254)) - client-43E682E1E07B->d5132e6f-def8-45c0-b0d2-c5ba43d86628: receive RaftClientReply:client-43E682E1E07B->d5132e6f-def8-45c0-b0d2-c5ba43d86628@group-C29775A8E805, cid=953, SUCCESS, logIndex=1681, commits[d5132e6f-def8-45c0-b0d2-c5ba43d86628:c1681]
2019-06-13 22:26:39,598 INFO  client.GrpcClientProtocolClient (GrpcClientProtocolClient.java:onNext(254)) - client-43E682E1E07B->d5132e6f-def8-45c0-b0d2-c5ba43d86628: receive RaftClientReply:client-43E682E1E07B->d5132e6f-def8-45c0-b0d2-c5ba43d86628@group-C29775A8E805, cid=954, SUCCESS, logIndex=1683, commits[d5132e6f-def8-45c0-b0d2-c5ba43d86628:c1683]
2019-06-13 22:26:39,602 INFO  client.GrpcClientProtocolClient (GrpcClientProtocolClient.java:onNext(254)) - client-43E682E1E07B->d5132e6f-def8-45c0-b0d2-c5ba43d86628: receive RaftClientReply:client-43E682E1E07B->d5132e6f-def8-45c0-b0d2-c5ba43d86628@group-C29775A8E805, cid=955, SUCCESS, logIndex=1684, commits[d5132e6f-def8-45c0-b0d2-c5ba43d86628:c1686]
2019-06-13 22:26:39,602 INFO  client.GrpcClientProtocolClient (GrpcClientProtocolClient.java:onNext(254)) - client-43E682E1E07B->d5132e6f-def8-45c0-b0d2-c5ba43d86628: receive RaftClientReply:client-43E682E1E07B->d5132e6f-def8-45c0-b0d2-c5ba43d86628@group-C29775A8E805, cid=956, SUCCESS, logIndex=1685, commits[d5132e6f-def8-45c0-b0d2-c5ba43d86628:c1686]
2019-06-13 22:26:39,610 INFO  client.GrpcClientProtocolClient (GrpcClientProtocolClient.java:onNext(254)) - client-43E682E1E07B->d5132e6f-def8-45c0-b0d2-c5ba43d86628: receive RaftClientReply:client-43E682E1E07B->d5132e6f-def8-45c0-b0d2-c5ba43d86628@group-C29775A8E805, cid=957, SUCCESS, logIndex=1687, commits[d5132e6f-def8-45c0-b0d2-c5ba43d86628:c1687]
2019-06-13 22:26:39,613 INFO  client.GrpcClientProtocolClient (GrpcClientProtocolClient.java:onNext(254)) - client-43E682E1E07B->d5132e6f-def8-45c0-b0d2-c5ba43d86628: receive RaftClientReply:client-43E682E1E07B->d5132e6f-def8-45c0-b0d2-c5ba43d86628@group-C29775A8E805, cid=958, SUCCESS, logIndex=1689, commits[d5132e6f-def8-45c0-b0d2-c5ba43d86628:c1689]
2019-06-13 22:26:39,614 INFO  client.GrpcClientProtocolClient (GrpcClientProtocolClient.java:onNext(254)) - client-43E682E1E07B->d5132e6f-def8-45c0-b0d2-c5ba43d86628: receive RaftClientReply:client-43E682E1E07B->d5132e6f-def8-45c0-b0d2-c5ba43d86628@group-C29775A8E805, cid=959, SUCCESS, logIndex=1690, commits[d5132e6f-def8-45c0-b0d2-c5ba43d86628:c1691]
2019-06-13 22:26:39,618 INFO  client.GrpcClientProtocolClient (GrpcClientProtocolClient.java:onNext(254)) - client-43E682E1E07B->d5132e6f-def8-45c0-b0d2-c5ba43d86628: receive RaftClientReply:client-43E682E1E07B->d5132e6f-def8-45c0-b0d2-c5ba43d86628@group-C29775A8E805, cid=960, SUCCESS, logIndex=1691, commits[d5132e6f-def8-45c0-b0d2-c5ba43d86628:c1691]
2019-06-13 22:26:39,630 INFO  client.GrpcClientProtocolClient (GrpcClientProtocolClient.java:onNext(254)) - client-43E682E1E07B->d5132e6f-def8-45c0-b0d2-c5ba43d86628: receive RaftClientReply:client-43E682E1E07B->d5132e6f-def8-45c0-b0d2-c5ba43d86628@group-C29775A8E805, cid=961, SUCCESS, logIndex=1694, commits[d5132e6f-def8-45c0-b0d2-c5ba43d86628:c1694]
2019-06-13 22:26:39,633 INFO  client.GrpcClientProtocolClient (GrpcClientProtocolClient.java:onNext(254)) - client-43E682E1E07B->d5132e6f-def8-45c0-b0d2-c5ba43d86628: receive RaftClientReply:client-43E682E1E07B->d5132e6f-def8-45c0-b0d2-c5ba43d86628@group-C29775A8E805, cid=962, SUCCESS, logIndex=1696, commits[d5132e6f-def8-45c0-b0d2-c5ba43d86628:c1696]
2019-06-13 22:26:39,634 INFO  client.GrpcClientProtocolClient (GrpcClientProtocolClient.java:onNext(254)) - client-43E682E1E07B->d5132e6f-def8-45c0-b0d2-c5ba43d86628: receive RaftClientReply:client-43E682E1E07B->d5132e6f-def8-45c0-b0d2-c5ba43d86628@group-C29775A8E805, cid=963, SUCCESS, logIndex=1697, commits[d5132e6f-def8-45c0-b0d2-c5ba43d86628:c1697]
2019-06-13 22:26:39,634 INFO  client.GrpcClientProtocolClient (GrpcClientProtocolClient.java:onNext(254)) - client-43E682E1E07B->d5132e6f-def8-45c0-b0d2-c5ba43d86628: receive RaftClientReply:client-43E682E1E07B->d5132e6f-def8-45c0-b0d2-c5ba43d86628@group-C29775A8E805, cid=964, SUCCESS, logIndex=1699, commits[d5132e6f-def8-45c0-b0d2-c5ba43d86628:c1699]
2019-06-13 22:26:39,643 INFO  client.GrpcClientProtocolClient (GrpcClientProtocolClient.java:onNext(254)) - client-43E682E1E07B->d5132e6f-def8-45c0-b0d2-c5ba43d86628: receive RaftClientReply:client-43E682E1E07B->d5132e6f-def8-45c0-b0d2-c5ba43d86628@group-C29775A8E805, cid=965, SUCCESS, logIndex=1702, commits[d5132e6f-def8-45c0-b0d2-c5ba43d86628:c1702]
2019-06-13 22:26:39,644 INFO  client.GrpcClientProtocolClient (GrpcClientProtocolClient.java:onNext(254)) - client-43E682E1E07B->d5132e6f-def8-45c0-b0d2-c5ba43d86628: receive RaftClientReply:client-43E682E1E07B->d5132e6f-def8-45c0-b0d2-c5ba43d86628@group-C29775A8E805, cid=966, SUCCESS, logIndex=1704, commits[d5132e6f-def8-45c0-b0d2-c5ba43d86628:c1704]
2019-06-13 22:26:39,649 INFO  client.GrpcClientProtocolClient (GrpcClientProtocolClient.java:onNext(254)) - client-43E682E1E07B->d5132e6f-def8-45c0-b0d2-c5ba43d86628: receive RaftClientReply:client-43E682E1E07B->d5132e6f-def8-45c0-b0d2-c5ba43d86628@group-C29775A8E805, cid=967, SUCCESS, logIndex=1706, commits[d5132e6f-def8-45c0-b0d2-c5ba43d86628:c1707]
2019-06-13 22:26:39,654 INFO  client.GrpcClientProtocolClient (GrpcClientProtocolClient.java:onNext(254)) - client-43E682E1E07B->d5132e6f-def8-45c0-b0d2-c5ba43d86628: receive RaftClientReply:client-43E682E1E07B->d5132e6f-def8-45c0-b0d2-c5ba43d86628@group-C29775A8E805, cid=968, SUCCESS, logIndex=1707, commits[d5132e6f-def8-45c0-b0d2-c5ba43d86628:c1707]
2019-06-13 22:26:39,665 INFO  client.GrpcClientProtocolClient (GrpcClientProtocolClient.java:onNext(254)) - client-43E682E1E07B->d5132e6f-def8-45c0-b0d2-c5ba43d86628: receive RaftClientReply:client-43E682E1E07B->d5132e6f-def8-45c0-b0d2-c5ba43d86628@group-C29775A8E805, cid=969, SUCCESS, logIndex=1709, commits[d5132e6f-def8-45c0-b0d2-c5ba43d86628:c1709]
2019-06-13 22:26:39,667 INFO  client.GrpcClientProtocolClient (GrpcClientProtocolClient.java:onNext(254)) - client-43E682E1E07B->d5132e6f-def8-45c0-b0d2-c5ba43d86628: receive RaftClientReply:client-43E682E1E07B->d5132e6f-def8-45c0-b0d2-c5ba43d86628@group-C29775A8E805, cid=970, SUCCESS, logIndex=1711, commits[d5132e6f-def8-45c0-b0d2-c5ba43d86628:c1711]
2019-06-13 22:26:39,674 INFO  client.GrpcClientProtocolClient (GrpcClientProtocolClient.java:onNext(254)) - client-43E682E1E07B->d5132e6f-def8-45c0-b0d2-c5ba43d86628: receive RaftClientReply:client-43E682E1E07B->d5132e6f-def8-45c0-b0d2-c5ba43d86628@group-C29775A8E805, cid=971, SUCCESS, logIndex=1713, commits[d5132e6f-def8-45c0-b0d2-c5ba43d86628:c1714]
2019-06-13 22:26:39,675 INFO  client.GrpcClientProtocolClient (GrpcClientProtocolClient.java:onNext(254)) - client-43E682E1E07B->d5132e6f-def8-45c0-b0d2-c5ba43d86628: receive RaftClientReply:client-43E682E1E07B->d5132e6f-def8-45c0-b0d2-c5ba43d86628@group-C29775A8E805, cid=972, SUCCESS, logIndex=1714, commits[d5132e6f-def8-45c0-b0d2-c5ba43d86628:c1714]
2019-06-13 22:26:39,704 DEBUG block.SCMBlockDeletingService (SCMBlockDeletingService.java:call(138)) - Running DeletedBlockTransactionScanner
2019-06-13 22:26:39,705 DEBUG block.SCMBlockDeletingService (SCMBlockDeletingService.java:call(155)) - Scanned deleted blocks log and got 0 delTX to process.
2019-06-13 22:26:39,781 INFO  client.GrpcClientProtocolClient (GrpcClientProtocolClient.java:onNext(254)) - client-43E682E1E07B->d5132e6f-def8-45c0-b0d2-c5ba43d86628: receive RaftClientReply:client-43E682E1E07B->d5132e6f-def8-45c0-b0d2-c5ba43d86628@group-C29775A8E805, cid=973, SUCCESS, logIndex=1716, commits[d5132e6f-def8-45c0-b0d2-c5ba43d86628:c1716]
2019-06-13 22:26:39,783 INFO  client.GrpcClientProtocolClient (GrpcClientProtocolClient.java:onNext(254)) - client-43E682E1E07B->d5132e6f-def8-45c0-b0d2-c5ba43d86628: receive RaftClientReply:client-43E682E1E07B->d5132e6f-def8-45c0-b0d2-c5ba43d86628@group-C29775A8E805, cid=974, SUCCESS, logIndex=1718, commits[d5132e6f-def8-45c0-b0d2-c5ba43d86628:c1718]
2019-06-13 22:26:39,789 INFO  client.GrpcClientProtocolClient (GrpcClientProtocolClient.java:onNext(254)) - client-43E682E1E07B->d5132e6f-def8-45c0-b0d2-c5ba43d86628: receive RaftClientReply:client-43E682E1E07B->d5132e6f-def8-45c0-b0d2-c5ba43d86628@group-C29775A8E805, cid=975, SUCCESS, logIndex=1720, commits[d5132e6f-def8-45c0-b0d2-c5ba43d86628:c1721]
2019-06-13 22:26:39,793 INFO  client.GrpcClientProtocolClient (GrpcClientProtocolClient.java:onNext(254)) - client-43E682E1E07B->d5132e6f-def8-45c0-b0d2-c5ba43d86628: receive RaftClientReply:client-43E682E1E07B->d5132e6f-def8-45c0-b0d2-c5ba43d86628@group-C29775A8E805, cid=976, SUCCESS, logIndex=1721, commits[d5132e6f-def8-45c0-b0d2-c5ba43d86628:c1721]
2019-06-13 22:26:39,809 DEBUG block.SCMBlockDeletingService (SCMBlockDeletingService.java:call(138)) - Running DeletedBlockTransactionScanner
2019-06-13 22:26:39,810 DEBUG block.SCMBlockDeletingService (SCMBlockDeletingService.java:call(155)) - Scanned deleted blocks log and got 0 delTX to process.
2019-06-13 22:26:39,821 INFO  client.GrpcClientProtocolClient (GrpcClientProtocolClient.java:onNext(254)) - client-43E682E1E07B->d5132e6f-def8-45c0-b0d2-c5ba43d86628: receive RaftClientReply:client-43E682E1E07B->d5132e6f-def8-45c0-b0d2-c5ba43d86628@group-C29775A8E805, cid=977, SUCCESS, logIndex=1723, commits[d5132e6f-def8-45c0-b0d2-c5ba43d86628:c1723]
2019-06-13 22:26:39,831 INFO  client.GrpcClientProtocolClient (GrpcClientProtocolClient.java:onNext(254)) - client-43E682E1E07B->d5132e6f-def8-45c0-b0d2-c5ba43d86628: receive RaftClientReply:client-43E682E1E07B->d5132e6f-def8-45c0-b0d2-c5ba43d86628@group-C29775A8E805, cid=978, SUCCESS, logIndex=1725, commits[d5132e6f-def8-45c0-b0d2-c5ba43d86628:c1725]
2019-06-13 22:26:39,835 INFO  client.GrpcClientProtocolClient (GrpcClientProtocolClient.java:onNext(254)) - client-43E682E1E07B->d5132e6f-def8-45c0-b0d2-c5ba43d86628: receive RaftClientReply:client-43E682E1E07B->d5132e6f-def8-45c0-b0d2-c5ba43d86628@group-C29775A8E805, cid=979, SUCCESS, logIndex=1727, commits[d5132e6f-def8-45c0-b0d2-c5ba43d86628:c1728]
2019-06-13 22:26:39,839 INFO  client.GrpcClientProtocolClient (GrpcClientProtocolClient.java:onNext(254)) - client-43E682E1E07B->d5132e6f-def8-45c0-b0d2-c5ba43d86628: receive RaftClientReply:client-43E682E1E07B->d5132e6f-def8-45c0-b0d2-c5ba43d86628@group-C29775A8E805, cid=980, SUCCESS, logIndex=1728, commits[d5132e6f-def8-45c0-b0d2-c5ba43d86628:c1728]
2019-06-13 22:26:39,847 INFO  client.GrpcClientProtocolClient (GrpcClientProtocolClient.java:onNext(254)) - client-43E682E1E07B->d5132e6f-def8-45c0-b0d2-c5ba43d86628: receive RaftClientReply:client-43E682E1E07B->d5132e6f-def8-45c0-b0d2-c5ba43d86628@group-C29775A8E805, cid=981, SUCCESS, logIndex=1730, commits[d5132e6f-def8-45c0-b0d2-c5ba43d86628:c1730]
2019-06-13 22:26:39,849 INFO  client.GrpcClientProtocolClient (GrpcClientProtocolClient.java:onNext(254)) - client-43E682E1E07B->d5132e6f-def8-45c0-b0d2-c5ba43d86628: receive RaftClientReply:client-43E682E1E07B->d5132e6f-def8-45c0-b0d2-c5ba43d86628@group-C29775A8E805, cid=982, SUCCESS, logIndex=1732, commits[d5132e6f-def8-45c0-b0d2-c5ba43d86628:c1732]
2019-06-13 22:26:39,850 INFO  storage.RaftLogWorker (RaftLogWorker.java:rollLogSegment(303)) - d5132e6f-def8-45c0-b0d2-c5ba43d86628-RaftLogWorker: Rolling segment log-1664_1734 to index:1734
2019-06-13 22:26:39,851 INFO  storage.RaftLogWorker (RaftLogWorker.java:execute(433)) - d5132e6f-def8-45c0-b0d2-c5ba43d86628-RaftLogWorker: Rolled log segment from /opt/src/hadoop-ozone/integration-test/target/test-dir/MiniOzoneClusterImpl-e9ea07bb-4900-4b53-96c1-68f0ab556a80/datanode-0/data/ratis/c7035dd3-cd4a-42fb-880d-c29775a8e805/current/log_inprogress_1664 to /opt/src/hadoop-ozone/integration-test/target/test-dir/MiniOzoneClusterImpl-e9ea07bb-4900-4b53-96c1-68f0ab556a80/datanode-0/data/ratis/c7035dd3-cd4a-42fb-880d-c29775a8e805/current/log_1664-1734
2019-06-13 22:26:39,858 INFO  client.GrpcClientProtocolClient (GrpcClientProtocolClient.java:onNext(254)) - client-43E682E1E07B->d5132e6f-def8-45c0-b0d2-c5ba43d86628: receive RaftClientReply:client-43E682E1E07B->d5132e6f-def8-45c0-b0d2-c5ba43d86628@group-C29775A8E805, cid=983, SUCCESS, logIndex=1734, commits[d5132e6f-def8-45c0-b0d2-c5ba43d86628:c1734]
2019-06-13 22:26:39,891 INFO  storage.RaftLogWorker (RaftLogWorker.java:execute(469)) - d5132e6f-def8-45c0-b0d2-c5ba43d86628-RaftLogWorker: created new log segment /opt/src/hadoop-ozone/integration-test/target/test-dir/MiniOzoneClusterImpl-e9ea07bb-4900-4b53-96c1-68f0ab556a80/datanode-0/data/ratis/c7035dd3-cd4a-42fb-880d-c29775a8e805/current/log_inprogress_1735
2019-06-13 22:26:39,894 INFO  client.GrpcClientProtocolClient (GrpcClientProtocolClient.java:onNext(254)) - client-43E682E1E07B->d5132e6f-def8-45c0-b0d2-c5ba43d86628: receive RaftClientReply:client-43E682E1E07B->d5132e6f-def8-45c0-b0d2-c5ba43d86628@group-C29775A8E805, cid=984, SUCCESS, logIndex=1735, commits[d5132e6f-def8-45c0-b0d2-c5ba43d86628:c1736]
2019-06-13 22:26:39,905 INFO  client.GrpcClientProtocolClient (GrpcClientProtocolClient.java:onNext(254)) - client-43E682E1E07B->d5132e6f-def8-45c0-b0d2-c5ba43d86628: receive RaftClientReply:client-43E682E1E07B->d5132e6f-def8-45c0-b0d2-c5ba43d86628@group-C29775A8E805, cid=985, SUCCESS, logIndex=1737, commits[d5132e6f-def8-45c0-b0d2-c5ba43d86628:c1737]
2019-06-13 22:26:39,908 INFO  client.GrpcClientProtocolClient (GrpcClientProtocolClient.java:onNext(254)) - client-43E682E1E07B->d5132e6f-def8-45c0-b0d2-c5ba43d86628: receive RaftClientReply:client-43E682E1E07B->d5132e6f-def8-45c0-b0d2-c5ba43d86628@group-C29775A8E805, cid=986, SUCCESS, logIndex=1739, commits[d5132e6f-def8-45c0-b0d2-c5ba43d86628:c1739]
2019-06-13 22:26:39,909 INFO  client.GrpcClientProtocolClient (GrpcClientProtocolClient.java:onNext(254)) - client-43E682E1E07B->d5132e6f-def8-45c0-b0d2-c5ba43d86628: receive RaftClientReply:client-43E682E1E07B->d5132e6f-def8-45c0-b0d2-c5ba43d86628@group-C29775A8E805, cid=987, SUCCESS, logIndex=1740, commits[d5132e6f-def8-45c0-b0d2-c5ba43d86628:c1741]
2019-06-13 22:26:39,910 INFO  client.GrpcClientProtocolClient (GrpcClientProtocolClient.java:onNext(254)) - client-43E682E1E07B->d5132e6f-def8-45c0-b0d2-c5ba43d86628: receive RaftClientReply:client-43E682E1E07B->d5132e6f-def8-45c0-b0d2-c5ba43d86628@group-C29775A8E805, cid=988, SUCCESS, logIndex=1741, commits[d5132e6f-def8-45c0-b0d2-c5ba43d86628:c1742]
2019-06-13 22:26:39,910 DEBUG block.SCMBlockDeletingService (SCMBlockDeletingService.java:call(138)) - Running DeletedBlockTransactionScanner
2019-06-13 22:26:39,910 DEBUG block.SCMBlockDeletingService (SCMBlockDeletingService.java:call(155)) - Scanned deleted blocks log and got 0 delTX to process.
2019-06-13 22:26:39,918 INFO  client.GrpcClientProtocolClient (GrpcClientProtocolClient.java:onNext(254)) - client-43E682E1E07B->d5132e6f-def8-45c0-b0d2-c5ba43d86628: receive RaftClientReply:client-43E682E1E07B->d5132e6f-def8-45c0-b0d2-c5ba43d86628@group-C29775A8E805, cid=989, SUCCESS, logIndex=1744, commits[d5132e6f-def8-45c0-b0d2-c5ba43d86628:c1744]
2019-06-13 22:26:39,920 INFO  client.GrpcClientProtocolClient (GrpcClientProtocolClient.java:onNext(254)) - client-43E682E1E07B->d5132e6f-def8-45c0-b0d2-c5ba43d86628: receive RaftClientReply:client-43E682E1E07B->d5132e6f-def8-45c0-b0d2-c5ba43d86628@group-C29775A8E805, cid=990, SUCCESS, logIndex=1746, commits[d5132e6f-def8-45c0-b0d2-c5ba43d86628:c1746]
2019-06-13 22:26:39,921 INFO  client.GrpcClientProtocolClient (GrpcClientProtocolClient.java:onNext(254)) - client-43E682E1E07B->d5132e6f-def8-45c0-b0d2-c5ba43d86628: receive RaftClientReply:client-43E682E1E07B->d5132e6f-def8-45c0-b0d2-c5ba43d86628@group-C29775A8E805, cid=991, SUCCESS, logIndex=1747, commits[d5132e6f-def8-45c0-b0d2-c5ba43d86628:c1748]
2019-06-13 22:26:39,923 INFO  client.GrpcClientProtocolClient (GrpcClientProtocolClient.java:onNext(254)) - client-43E682E1E07B->d5132e6f-def8-45c0-b0d2-c5ba43d86628: receive RaftClientReply:client-43E682E1E07B->d5132e6f-def8-45c0-b0d2-c5ba43d86628@group-C29775A8E805, cid=992, SUCCESS, logIndex=1749, commits[d5132e6f-def8-45c0-b0d2-c5ba43d86628:c1749]
2019-06-13 22:26:39,935 INFO  client.GrpcClientProtocolClient (GrpcClientProtocolClient.java:onNext(254)) - client-43E682E1E07B->d5132e6f-def8-45c0-b0d2-c5ba43d86628: receive RaftClientReply:client-43E682E1E07B->d5132e6f-def8-45c0-b0d2-c5ba43d86628@group-C29775A8E805, cid=993, SUCCESS, logIndex=1751, commits[d5132e6f-def8-45c0-b0d2-c5ba43d86628:c1751]
2019-06-13 22:26:39,938 INFO  client.GrpcClientProtocolClient (GrpcClientProtocolClient.java:onNext(254)) - client-43E682E1E07B->d5132e6f-def8-45c0-b0d2-c5ba43d86628: receive RaftClientReply:client-43E682E1E07B->d5132e6f-def8-45c0-b0d2-c5ba43d86628@group-C29775A8E805, cid=994, SUCCESS, logIndex=1753, commits[d5132e6f-def8-45c0-b0d2-c5ba43d86628:c1753]
2019-06-13 22:26:39,939 INFO  client.GrpcClientProtocolClient (GrpcClientProtocolClient.java:onNext(254)) - client-43E682E1E07B->d5132e6f-def8-45c0-b0d2-c5ba43d86628: receive RaftClientReply:client-43E682E1E07B->d5132e6f-def8-45c0-b0d2-c5ba43d86628@group-C29775A8E805, cid=995, SUCCESS, logIndex=1754, commits[d5132e6f-def8-45c0-b0d2-c5ba43d86628:c1755]
2019-06-13 22:26:39,939 INFO  client.GrpcClientProtocolClient (GrpcClientProtocolClient.java:onNext(254)) - client-43E682E1E07B->d5132e6f-def8-45c0-b0d2-c5ba43d86628: receive RaftClientReply:client-43E682E1E07B->d5132e6f-def8-45c0-b0d2-c5ba43d86628@group-C29775A8E805, cid=996, SUCCESS, logIndex=1755, commits[d5132e6f-def8-45c0-b0d2-c5ba43d86628:c1756]
2019-06-13 22:26:39,948 INFO  client.GrpcClientProtocolClient (GrpcClientProtocolClient.java:onNext(254)) - client-43E682E1E07B->d5132e6f-def8-45c0-b0d2-c5ba43d86628: receive RaftClientReply:client-43E682E1E07B->d5132e6f-def8-45c0-b0d2-c5ba43d86628@group-C29775A8E805, cid=997, SUCCESS, logIndex=1758, commits[d5132e6f-def8-45c0-b0d2-c5ba43d86628:c1758]
2019-06-13 22:26:39,951 INFO  client.GrpcClientProtocolClient (GrpcClientProtocolClient.java:onNext(254)) - client-43E682E1E07B->d5132e6f-def8-45c0-b0d2-c5ba43d86628: receive RaftClientReply:client-43E682E1E07B->d5132e6f-def8-45c0-b0d2-c5ba43d86628@group-C29775A8E805, cid=998, SUCCESS, logIndex=1760, commits[d5132e6f-def8-45c0-b0d2-c5ba43d86628:c1760]
2019-06-13 22:26:39,952 INFO  client.GrpcClientProtocolClient (GrpcClientProtocolClient.java:onNext(254)) - client-43E682E1E07B->d5132e6f-def8-45c0-b0d2-c5ba43d86628: receive RaftClientReply:client-43E682E1E07B->d5132e6f-def8-45c0-b0d2-c5ba43d86628@group-C29775A8E805, cid=999, SUCCESS, logIndex=1761, commits[d5132e6f-def8-45c0-b0d2-c5ba43d86628:c1763]
2019-06-13 22:26:39,952 INFO  client.GrpcClientProtocolClient (GrpcClientProtocolClient.java:onNext(254)) - client-43E682E1E07B->d5132e6f-def8-45c0-b0d2-c5ba43d86628: receive RaftClientReply:client-43E682E1E07B->d5132e6f-def8-45c0-b0d2-c5ba43d86628@group-C29775A8E805, cid=1000, SUCCESS, logIndex=1763, commits[d5132e6f-def8-45c0-b0d2-c5ba43d86628:c1764]
2019-06-13 22:26:39,964 INFO  client.GrpcClientProtocolClient (GrpcClientProtocolClient.java:onNext(254)) - client-43E682E1E07B->d5132e6f-def8-45c0-b0d2-c5ba43d86628: receive RaftClientReply:client-43E682E1E07B->d5132e6f-def8-45c0-b0d2-c5ba43d86628@group-C29775A8E805, cid=1001, SUCCESS, logIndex=1765, commits[d5132e6f-def8-45c0-b0d2-c5ba43d86628:c1765]
2019-06-13 22:26:39,966 INFO  client.GrpcClientProtocolClient (GrpcClientProtocolClient.java:onNext(254)) - client-43E682E1E07B->d5132e6f-def8-45c0-b0d2-c5ba43d86628: receive RaftClientReply:client-43E682E1E07B->d5132e6f-def8-45c0-b0d2-c5ba43d86628@group-C29775A8E805, cid=1002, SUCCESS, logIndex=1767, commits[d5132e6f-def8-45c0-b0d2-c5ba43d86628:c1767]
2019-06-13 22:26:39,968 INFO  client.GrpcClientProtocolClient (GrpcClientProtocolClient.java:onNext(254)) - client-43E682E1E07B->d5132e6f-def8-45c0-b0d2-c5ba43d86628: receive RaftClientReply:client-43E682E1E07B->d5132e6f-def8-45c0-b0d2-c5ba43d86628@group-C29775A8E805, cid=1003, SUCCESS, logIndex=1768, commits[d5132e6f-def8-45c0-b0d2-c5ba43d86628:c1770]
2019-06-13 22:26:39,968 INFO  client.GrpcClientProtocolClient (GrpcClientProtocolClient.java:onNext(254)) - client-43E682E1E07B->d5132e6f-def8-45c0-b0d2-c5ba43d86628: receive RaftClientReply:client-43E682E1E07B->d5132e6f-def8-45c0-b0d2-c5ba43d86628@group-C29775A8E805, cid=1004, SUCCESS, logIndex=1769, commits[d5132e6f-def8-45c0-b0d2-c5ba43d86628:c1770]
2019-06-13 22:26:39,976 INFO  client.GrpcClientProtocolClient (GrpcClientProtocolClient.java:onNext(254)) - client-43E682E1E07B->d5132e6f-def8-45c0-b0d2-c5ba43d86628: receive RaftClientReply:client-43E682E1E07B->d5132e6f-def8-45c0-b0d2-c5ba43d86628@group-C29775A8E805, cid=1005, SUCCESS, logIndex=1771, commits[d5132e6f-def8-45c0-b0d2-c5ba43d86628:c1771]
2019-06-13 22:26:39,978 INFO  client.GrpcClientProtocolClient (GrpcClientProtocolClient.java:onNext(254)) - client-43E682E1E07B->d5132e6f-def8-45c0-b0d2-c5ba43d86628: receive RaftClientReply:client-43E682E1E07B->d5132e6f-def8-45c0-b0d2-c5ba43d86628@group-C29775A8E805, cid=1006, SUCCESS, logIndex=1773, commits[d5132e6f-def8-45c0-b0d2-c5ba43d86628:c1773]
2019-06-13 22:26:39,980 INFO  client.GrpcClientProtocolClient (GrpcClientProtocolClient.java:onNext(254)) - client-43E682E1E07B->d5132e6f-def8-45c0-b0d2-c5ba43d86628: receive RaftClientReply:client-43E682E1E07B->d5132e6f-def8-45c0-b0d2-c5ba43d86628@group-C29775A8E805, cid=1007, SUCCESS, logIndex=1774, commits[d5132e6f-def8-45c0-b0d2-c5ba43d86628:c1776]
2019-06-13 22:26:39,980 INFO  client.GrpcClientProtocolClient (GrpcClientProtocolClient.java:onNext(254)) - client-43E682E1E07B->d5132e6f-def8-45c0-b0d2-c5ba43d86628: receive RaftClientReply:client-43E682E1E07B->d5132e6f-def8-45c0-b0d2-c5ba43d86628@group-C29775A8E805, cid=1008, SUCCESS, logIndex=1775, commits[d5132e6f-def8-45c0-b0d2-c5ba43d86628:c1776]
2019-06-13 22:26:39,991 INFO  client.GrpcClientProtocolClient (GrpcClientProtocolClient.java:onNext(254)) - client-43E682E1E07B->d5132e6f-def8-45c0-b0d2-c5ba43d86628: receive RaftClientReply:client-43E682E1E07B->d5132e6f-def8-45c0-b0d2-c5ba43d86628@group-C29775A8E805, cid=1009, SUCCESS, logIndex=1777, commits[d5132e6f-def8-45c0-b0d2-c5ba43d86628:c1777]
2019-06-13 22:26:39,994 INFO  client.GrpcClientProtocolClient (GrpcClientProtocolClient.java:onNext(254)) - client-43E682E1E07B->d5132e6f-def8-45c0-b0d2-c5ba43d86628: receive RaftClientReply:client-43E682E1E07B->d5132e6f-def8-45c0-b0d2-c5ba43d86628@group-C29775A8E805, cid=1010, SUCCESS, logIndex=1779, commits[d5132e6f-def8-45c0-b0d2-c5ba43d86628:c1779]
2019-06-13 22:26:39,995 INFO  client.GrpcClientProtocolClient (GrpcClientProtocolClient.java:onNext(254)) - client-43E682E1E07B->d5132e6f-def8-45c0-b0d2-c5ba43d86628: receive RaftClientReply:client-43E682E1E07B->d5132e6f-def8-45c0-b0d2-c5ba43d86628@group-C29775A8E805, cid=1011, SUCCESS, logIndex=1780, commits[d5132e6f-def8-45c0-b0d2-c5ba43d86628:c1782]
2019-06-13 22:26:39,995 INFO  client.GrpcClientProtocolClient (GrpcClientProtocolClient.java:onNext(254)) - client-43E682E1E07B->d5132e6f-def8-45c0-b0d2-c5ba43d86628: receive RaftClientReply:client-43E682E1E07B->d5132e6f-def8-45c0-b0d2-c5ba43d86628@group-C29775A8E805, cid=1012, SUCCESS, logIndex=1781, commits[d5132e6f-def8-45c0-b0d2-c5ba43d86628:c1782]
2019-06-13 22:26:40,004 INFO  client.GrpcClientProtocolClient (GrpcClientProtocolClient.java:onNext(254)) - client-43E682E1E07B->d5132e6f-def8-45c0-b0d2-c5ba43d86628: receive RaftClientReply:client-43E682E1E07B->d5132e6f-def8-45c0-b0d2-c5ba43d86628@group-C29775A8E805, cid=1013, SUCCESS, logIndex=1783, commits[d5132e6f-def8-45c0-b0d2-c5ba43d86628:c1783]
2019-06-13 22:26:40,006 INFO  client.GrpcClientProtocolClient (GrpcClientProtocolClient.java:onNext(254)) - client-43E682E1E07B->d5132e6f-def8-45c0-b0d2-c5ba43d86628: receive RaftClientReply:client-43E682E1E07B->d5132e6f-def8-45c0-b0d2-c5ba43d86628@group-C29775A8E805, cid=1014, SUCCESS, logIndex=1785, commits[d5132e6f-def8-45c0-b0d2-c5ba43d86628:c1785]
2019-06-13 22:26:40,007 INFO  client.GrpcClientProtocolClient (GrpcClientProtocolClient.java:onNext(254)) - client-43E682E1E07B->d5132e6f-def8-45c0-b0d2-c5ba43d86628: receive RaftClientReply:client-43E682E1E07B->d5132e6f-def8-45c0-b0d2-c5ba43d86628@group-C29775A8E805, cid=1015, SUCCESS, logIndex=1786, commits[d5132e6f-def8-45c0-b0d2-c5ba43d86628:c1788]
2019-06-13 22:26:40,008 INFO  client.GrpcClientProtocolClient (GrpcClientProtocolClient.java:onNext(254)) - client-43E682E1E07B->d5132e6f-def8-45c0-b0d2-c5ba43d86628: receive RaftClientReply:client-43E682E1E07B->d5132e6f-def8-45c0-b0d2-c5ba43d86628@group-C29775A8E805, cid=1016, SUCCESS, logIndex=1787, commits[d5132e6f-def8-45c0-b0d2-c5ba43d86628:c1788]
2019-06-13 22:26:40,010 DEBUG block.SCMBlockDeletingService (SCMBlockDeletingService.java:call(138)) - Running DeletedBlockTransactionScanner
2019-06-13 22:26:40,011 DEBUG block.SCMBlockDeletingService (SCMBlockDeletingService.java:call(155)) - Scanned deleted blocks log and got 0 delTX to process.
2019-06-13 22:26:40,096 INFO  client.GrpcClientProtocolClient (GrpcClientProtocolClient.java:onNext(254)) - client-43E682E1E07B->d5132e6f-def8-45c0-b0d2-c5ba43d86628: receive RaftClientReply:client-43E682E1E07B->d5132e6f-def8-45c0-b0d2-c5ba43d86628@group-C29775A8E805, cid=1017, SUCCESS, logIndex=1789, commits[d5132e6f-def8-45c0-b0d2-c5ba43d86628:c1789]
2019-06-13 22:26:40,098 INFO  client.GrpcClientProtocolClient (GrpcClientProtocolClient.java:onNext(254)) - client-43E682E1E07B->d5132e6f-def8-45c0-b0d2-c5ba43d86628: receive RaftClientReply:client-43E682E1E07B->d5132e6f-def8-45c0-b0d2-c5ba43d86628@group-C29775A8E805, cid=1018, SUCCESS, logIndex=1791, commits[d5132e6f-def8-45c0-b0d2-c5ba43d86628:c1791]
2019-06-13 22:26:40,099 INFO  client.GrpcClientProtocolClient (GrpcClientProtocolClient.java:onNext(254)) - client-43E682E1E07B->d5132e6f-def8-45c0-b0d2-c5ba43d86628: receive RaftClientReply:client-43E682E1E07B->d5132e6f-def8-45c0-b0d2-c5ba43d86628@group-C29775A8E805, cid=1019, SUCCESS, logIndex=1792, commits[d5132e6f-def8-45c0-b0d2-c5ba43d86628:c1794]
2019-06-13 22:26:40,099 INFO  client.GrpcClientProtocolClient (GrpcClientProtocolClient.java:onNext(254)) - client-43E682E1E07B->d5132e6f-def8-45c0-b0d2-c5ba43d86628: receive RaftClientReply:client-43E682E1E07B->d5132e6f-def8-45c0-b0d2-c5ba43d86628@group-C29775A8E805, cid=1020, SUCCESS, logIndex=1793, commits[d5132e6f-def8-45c0-b0d2-c5ba43d86628:c1794]
2019-06-13 22:26:40,110 INFO  client.GrpcClientProtocolClient (GrpcClientProtocolClient.java:onNext(254)) - client-43E682E1E07B->d5132e6f-def8-45c0-b0d2-c5ba43d86628: receive RaftClientReply:client-43E682E1E07B->d5132e6f-def8-45c0-b0d2-c5ba43d86628@group-C29775A8E805, cid=1021, SUCCESS, logIndex=1795, commits[d5132e6f-def8-45c0-b0d2-c5ba43d86628:c1795]
2019-06-13 22:26:40,111 DEBUG block.SCMBlockDeletingService (SCMBlockDeletingService.java:call(138)) - Running DeletedBlockTransactionScanner
2019-06-13 22:26:40,111 DEBUG block.SCMBlockDeletingService (SCMBlockDeletingService.java:call(155)) - Scanned deleted blocks log and got 0 delTX to process.
2019-06-13 22:26:40,119 INFO  client.GrpcClientProtocolClient (GrpcClientProtocolClient.java:onNext(254)) - client-43E682E1E07B->d5132e6f-def8-45c0-b0d2-c5ba43d86628: receive RaftClientReply:client-43E682E1E07B->d5132e6f-def8-45c0-b0d2-c5ba43d86628@group-C29775A8E805, cid=1022, SUCCESS, logIndex=1797, commits[d5132e6f-def8-45c0-b0d2-c5ba43d86628:c1797]
2019-06-13 22:26:40,161 INFO  client.GrpcClientProtocolClient (GrpcClientProtocolClient.java:onNext(254)) - client-43E682E1E07B->d5132e6f-def8-45c0-b0d2-c5ba43d86628: receive RaftClientReply:client-43E682E1E07B->d5132e6f-def8-45c0-b0d2-c5ba43d86628@group-C29775A8E805, cid=1023, SUCCESS, logIndex=1798, commits[d5132e6f-def8-45c0-b0d2-c5ba43d86628:c1799]
2019-06-13 22:26:40,164 INFO  client.GrpcClientProtocolClient (GrpcClientProtocolClient.java:onNext(254)) - client-43E682E1E07B->d5132e6f-def8-45c0-b0d2-c5ba43d86628: receive RaftClientReply:client-43E682E1E07B->d5132e6f-def8-45c0-b0d2-c5ba43d86628@group-C29775A8E805, cid=1024, SUCCESS, logIndex=1800, commits[d5132e6f-def8-45c0-b0d2-c5ba43d86628:c1800]
2019-06-13 22:26:40,179 INFO  client.GrpcClientProtocolClient (GrpcClientProtocolClient.java:onNext(254)) - client-43E682E1E07B->d5132e6f-def8-45c0-b0d2-c5ba43d86628: receive RaftClientReply:client-43E682E1E07B->d5132e6f-def8-45c0-b0d2-c5ba43d86628@group-C29775A8E805, cid=1025, SUCCESS, logIndex=1802, commits[d5132e6f-def8-45c0-b0d2-c5ba43d86628:c1802]
2019-06-13 22:26:40,180 INFO  client.GrpcClientProtocolClient (GrpcClientProtocolClient.java:onNext(254)) - client-43E682E1E07B->d5132e6f-def8-45c0-b0d2-c5ba43d86628: receive RaftClientReply:client-43E682E1E07B->d5132e6f-def8-45c0-b0d2-c5ba43d86628@group-C29775A8E805, cid=1026, SUCCESS, logIndex=1804, commits[d5132e6f-def8-45c0-b0d2-c5ba43d86628:c1804]
2019-06-13 22:26:40,181 INFO  storage.RaftLogWorker (RaftLogWorker.java:rollLogSegment(303)) - d5132e6f-def8-45c0-b0d2-c5ba43d86628-RaftLogWorker: Rolling segment log-1735_1805 to index:1805
2019-06-13 22:26:40,181 INFO  storage.RaftLogWorker (RaftLogWorker.java:execute(433)) - d5132e6f-def8-45c0-b0d2-c5ba43d86628-RaftLogWorker: Rolled log segment from /opt/src/hadoop-ozone/integration-test/target/test-dir/MiniOzoneClusterImpl-e9ea07bb-4900-4b53-96c1-68f0ab556a80/datanode-0/data/ratis/c7035dd3-cd4a-42fb-880d-c29775a8e805/current/log_inprogress_1735 to /opt/src/hadoop-ozone/integration-test/target/test-dir/MiniOzoneClusterImpl-e9ea07bb-4900-4b53-96c1-68f0ab556a80/datanode-0/data/ratis/c7035dd3-cd4a-42fb-880d-c29775a8e805/current/log_1735-1805
2019-06-13 22:26:40,211 DEBUG block.SCMBlockDeletingService (SCMBlockDeletingService.java:call(138)) - Running DeletedBlockTransactionScanner
2019-06-13 22:26:40,212 DEBUG block.SCMBlockDeletingService (SCMBlockDeletingService.java:call(155)) - Scanned deleted blocks log and got 0 delTX to process.
2019-06-13 22:26:40,218 INFO  storage.RaftLogWorker (RaftLogWorker.java:execute(469)) - d5132e6f-def8-45c0-b0d2-c5ba43d86628-RaftLogWorker: created new log segment /opt/src/hadoop-ozone/integration-test/target/test-dir/MiniOzoneClusterImpl-e9ea07bb-4900-4b53-96c1-68f0ab556a80/datanode-0/data/ratis/c7035dd3-cd4a-42fb-880d-c29775a8e805/current/log_inprogress_1806
2019-06-13 22:26:40,221 INFO  client.GrpcClientProtocolClient (GrpcClientProtocolClient.java:onNext(254)) - client-43E682E1E07B->d5132e6f-def8-45c0-b0d2-c5ba43d86628: receive RaftClientReply:client-43E682E1E07B->d5132e6f-def8-45c0-b0d2-c5ba43d86628@group-C29775A8E805, cid=1027, SUCCESS, logIndex=1806, commits[d5132e6f-def8-45c0-b0d2-c5ba43d86628:c1807]
2019-06-13 22:26:40,221 INFO  client.GrpcClientProtocolClient (GrpcClientProtocolClient.java:onNext(254)) - client-43E682E1E07B->d5132e6f-def8-45c0-b0d2-c5ba43d86628: receive RaftClientReply:client-43E682E1E07B->d5132e6f-def8-45c0-b0d2-c5ba43d86628@group-C29775A8E805, cid=1028, SUCCESS, logIndex=1807, commits[d5132e6f-def8-45c0-b0d2-c5ba43d86628:c1807]
2019-06-13 22:26:40,228 INFO  client.GrpcClientProtocolClient (GrpcClientProtocolClient.java:onNext(254)) - client-43E682E1E07B->d5132e6f-def8-45c0-b0d2-c5ba43d86628: receive RaftClientReply:client-43E682E1E07B->d5132e6f-def8-45c0-b0d2-c5ba43d86628@group-C29775A8E805, cid=1029, SUCCESS, logIndex=1809, commits[d5132e6f-def8-45c0-b0d2-c5ba43d86628:c1809]
2019-06-13 22:26:40,231 INFO  client.GrpcClientProtocolClient (GrpcClientProtocolClient.java:onNext(254)) - client-43E682E1E07B->d5132e6f-def8-45c0-b0d2-c5ba43d86628: receive RaftClientReply:client-43E682E1E07B->d5132e6f-def8-45c0-b0d2-c5ba43d86628@group-C29775A8E805, cid=1030, SUCCESS, logIndex=1811, commits[d5132e6f-def8-45c0-b0d2-c5ba43d86628:c1811]
2019-06-13 22:26:40,232 INFO  client.GrpcClientProtocolClient (GrpcClientProtocolClient.java:onNext(254)) - client-43E682E1E07B->d5132e6f-def8-45c0-b0d2-c5ba43d86628: receive RaftClientReply:client-43E682E1E07B->d5132e6f-def8-45c0-b0d2-c5ba43d86628@group-C29775A8E805, cid=1031, SUCCESS, logIndex=1812, commits[d5132e6f-def8-45c0-b0d2-c5ba43d86628:c1812]
2019-06-13 22:26:40,232 INFO  client.GrpcClientProtocolClient (GrpcClientProtocolClient.java:onNext(254)) - client-43E682E1E07B->d5132e6f-def8-45c0-b0d2-c5ba43d86628: receive RaftClientReply:client-43E682E1E07B->d5132e6f-def8-45c0-b0d2-c5ba43d86628@group-C29775A8E805, cid=1032, SUCCESS, logIndex=1814, commits[d5132e6f-def8-45c0-b0d2-c5ba43d86628:c1815]
2019-06-13 22:26:40,247 INFO  client.GrpcClientProtocolClient (GrpcClientProtocolClient.java:onNext(254)) - client-43E682E1E07B->d5132e6f-def8-45c0-b0d2-c5ba43d86628: receive RaftClientReply:client-43E682E1E07B->d5132e6f-def8-45c0-b0d2-c5ba43d86628@group-C29775A8E805, cid=1033, SUCCESS, logIndex=1817, commits[d5132e6f-def8-45c0-b0d2-c5ba43d86628:c1817]
2019-06-13 22:26:40,251 INFO  client.GrpcClientProtocolClient (GrpcClientProtocolClient.java:onNext(254)) - client-43E682E1E07B->d5132e6f-def8-45c0-b0d2-c5ba43d86628: receive RaftClientReply:client-43E682E1E07B->d5132e6f-def8-45c0-b0d2-c5ba43d86628@group-C29775A8E805, cid=1034, SUCCESS, logIndex=1819, commits[d5132e6f-def8-45c0-b0d2-c5ba43d86628:c1819]
2019-06-13 22:26:40,262 INFO  client.GrpcClientProtocolClient (GrpcClientProtocolClient.java:onNext(254)) - client-43E682E1E07B->d5132e6f-def8-45c0-b0d2-c5ba43d86628: receive RaftClientReply:client-43E682E1E07B->d5132e6f-def8-45c0-b0d2-c5ba43d86628@group-C29775A8E805, cid=1035, SUCCESS, logIndex=1820, commits[d5132e6f-def8-45c0-b0d2-c5ba43d86628:c1821]
2019-06-13 22:26:40,262 INFO  client.GrpcClientProtocolClient (GrpcClientProtocolClient.java:onNext(254)) - client-43E682E1E07B->d5132e6f-def8-45c0-b0d2-c5ba43d86628: receive RaftClientReply:client-43E682E1E07B->d5132e6f-def8-45c0-b0d2-c5ba43d86628@group-C29775A8E805, cid=1036, SUCCESS, logIndex=1821, commits[d5132e6f-def8-45c0-b0d2-c5ba43d86628:c1821]
2019-06-13 22:26:40,275 INFO  client.GrpcClientProtocolClient (GrpcClientProtocolClient.java:onNext(254)) - client-43E682E1E07B->d5132e6f-def8-45c0-b0d2-c5ba43d86628: receive RaftClientReply:client-43E682E1E07B->d5132e6f-def8-45c0-b0d2-c5ba43d86628@group-C29775A8E805, cid=1037, SUCCESS, logIndex=1824, commits[d5132e6f-def8-45c0-b0d2-c5ba43d86628:c1824]
2019-06-13 22:26:40,298 INFO  client.GrpcClientProtocolClient (GrpcClientProtocolClient.java:onNext(254)) - client-43E682E1E07B->d5132e6f-def8-45c0-b0d2-c5ba43d86628: receive RaftClientReply:client-43E682E1E07B->d5132e6f-def8-45c0-b0d2-c5ba43d86628@group-C29775A8E805, cid=1038, SUCCESS, logIndex=1826, commits[d5132e6f-def8-45c0-b0d2-c5ba43d86628:c1826]
2019-06-13 22:26:40,299 INFO  client.GrpcClientProtocolClient (GrpcClientProtocolClient.java:onNext(254)) - client-43E682E1E07B->d5132e6f-def8-45c0-b0d2-c5ba43d86628: receive RaftClientReply:client-43E682E1E07B->d5132e6f-def8-45c0-b0d2-c5ba43d86628@group-C29775A8E805, cid=1039, SUCCESS, logIndex=1827, commits[d5132e6f-def8-45c0-b0d2-c5ba43d86628:c1829]
2019-06-13 22:26:40,299 INFO  client.GrpcClientProtocolClient (GrpcClientProtocolClient.java:onNext(254)) - client-43E682E1E07B->d5132e6f-def8-45c0-b0d2-c5ba43d86628: receive RaftClientReply:client-43E682E1E07B->d5132e6f-def8-45c0-b0d2-c5ba43d86628@group-C29775A8E805, cid=1040, SUCCESS, logIndex=1830, commits[d5132e6f-def8-45c0-b0d2-c5ba43d86628:c1830]
2019-06-13 22:26:40,312 DEBUG block.SCMBlockDeletingService (SCMBlockDeletingService.java:call(138)) - Running DeletedBlockTransactionScanner
2019-06-13 22:26:40,312 DEBUG block.SCMBlockDeletingService (SCMBlockDeletingService.java:call(155)) - Scanned deleted blocks log and got 0 delTX to process.
2019-06-13 22:26:40,319 INFO  client.GrpcClientProtocolClient (GrpcClientProtocolClient.java:onNext(254)) - client-43E682E1E07B->d5132e6f-def8-45c0-b0d2-c5ba43d86628: receive RaftClientReply:client-43E682E1E07B->d5132e6f-def8-45c0-b0d2-c5ba43d86628@group-C29775A8E805, cid=1041, SUCCESS, logIndex=1832, commits[d5132e6f-def8-45c0-b0d2-c5ba43d86628:c1832]
2019-06-13 22:26:40,325 INFO  client.GrpcClientProtocolClient (GrpcClientProtocolClient.java:onNext(254)) - client-43E682E1E07B->d5132e6f-def8-45c0-b0d2-c5ba43d86628: receive RaftClientReply:client-43E682E1E07B->d5132e6f-def8-45c0-b0d2-c5ba43d86628@group-C29775A8E805, cid=1042, SUCCESS, logIndex=1834, commits[d5132e6f-def8-45c0-b0d2-c5ba43d86628:c1834]
2019-06-13 22:26:40,335 INFO  client.GrpcClientProtocolClient (GrpcClientProtocolClient.java:onNext(254)) - client-43E682E1E07B->d5132e6f-def8-45c0-b0d2-c5ba43d86628: receive RaftClientReply:client-43E682E1E07B->d5132e6f-def8-45c0-b0d2-c5ba43d86628@group-C29775A8E805, cid=1043, SUCCESS, logIndex=1835, commits[d5132e6f-def8-45c0-b0d2-c5ba43d86628:c1837]
2019-06-13 22:26:40,335 INFO  client.GrpcClientProtocolClient (GrpcClientProtocolClient.java:onNext(254)) - client-43E682E1E07B->d5132e6f-def8-45c0-b0d2-c5ba43d86628: receive RaftClientReply:client-43E682E1E07B->d5132e6f-def8-45c0-b0d2-c5ba43d86628@group-C29775A8E805, cid=1044, SUCCESS, logIndex=1837, commits[d5132e6f-def8-45c0-b0d2-c5ba43d86628:c1837]
2019-06-13 22:26:40,347 INFO  client.GrpcClientProtocolClient (GrpcClientProtocolClient.java:onNext(254)) - client-43E682E1E07B->d5132e6f-def8-45c0-b0d2-c5ba43d86628: receive RaftClientReply:client-43E682E1E07B->d5132e6f-def8-45c0-b0d2-c5ba43d86628@group-C29775A8E805, cid=1045, SUCCESS, logIndex=1839, commits[d5132e6f-def8-45c0-b0d2-c5ba43d86628:c1839]
2019-06-13 22:26:40,351 INFO  client.GrpcClientProtocolClient (GrpcClientProtocolClient.java:onNext(254)) - client-43E682E1E07B->d5132e6f-def8-45c0-b0d2-c5ba43d86628: receive RaftClientReply:client-43E682E1E07B->d5132e6f-def8-45c0-b0d2-c5ba43d86628@group-C29775A8E805, cid=1046, SUCCESS, logIndex=1841, commits[d5132e6f-def8-45c0-b0d2-c5ba43d86628:c1841]
2019-06-13 22:26:40,352 INFO  client.GrpcClientProtocolClient (GrpcClientProtocolClient.java:onNext(254)) - client-43E682E1E07B->d5132e6f-def8-45c0-b0d2-c5ba43d86628: receive RaftClientReply:client-43E682E1E07B->d5132e6f-def8-45c0-b0d2-c5ba43d86628@group-C29775A8E805, cid=1047, SUCCESS, logIndex=1842, commits[d5132e6f-def8-45c0-b0d2-c5ba43d86628:c1844]
2019-06-13 22:26:40,352 INFO  client.GrpcClientProtocolClient (GrpcClientProtocolClient.java:onNext(254)) - client-43E682E1E07B->d5132e6f-def8-45c0-b0d2-c5ba43d86628: receive RaftClientReply:client-43E682E1E07B->d5132e6f-def8-45c0-b0d2-c5ba43d86628@group-C29775A8E805, cid=1048, SUCCESS, logIndex=1843, commits[d5132e6f-def8-45c0-b0d2-c5ba43d86628:c1844]
2019-06-13 22:26:40,370 INFO  client.GrpcClientProtocolClient (GrpcClientProtocolClient.java:onNext(254)) - client-43E682E1E07B->d5132e6f-def8-45c0-b0d2-c5ba43d86628: receive RaftClientReply:client-43E682E1E07B->d5132e6f-def8-45c0-b0d2-c5ba43d86628@group-C29775A8E805, cid=1049, SUCCESS, logIndex=1845, commits[d5132e6f-def8-45c0-b0d2-c5ba43d86628:c1846]
2019-06-13 22:26:40,383 INFO  client.GrpcClientProtocolClient (GrpcClientProtocolClient.java:onNext(254)) - client-43E682E1E07B->d5132e6f-def8-45c0-b0d2-c5ba43d86628: receive RaftClientReply:client-43E682E1E07B->d5132e6f-def8-45c0-b0d2-c5ba43d86628@group-C29775A8E805, cid=1050, SUCCESS, logIndex=1847, commits[d5132e6f-def8-45c0-b0d2-c5ba43d86628:c1847]
2019-06-13 22:26:40,384 INFO  client.GrpcClientProtocolClient (GrpcClientProtocolClient.java:onNext(254)) - client-43E682E1E07B->d5132e6f-def8-45c0-b0d2-c5ba43d86628: receive RaftClientReply:client-43E682E1E07B->d5132e6f-def8-45c0-b0d2-c5ba43d86628@group-C29775A8E805, cid=1051, SUCCESS, logIndex=1848, commits[d5132e6f-def8-45c0-b0d2-c5ba43d86628:c1850]
2019-06-13 22:26:40,385 INFO  client.GrpcClientProtocolClient (GrpcClientProtocolClient.java:onNext(254)) - client-43E682E1E07B->d5132e6f-def8-45c0-b0d2-c5ba43d86628: receive RaftClientReply:client-43E682E1E07B->d5132e6f-def8-45c0-b0d2-c5ba43d86628@group-C29775A8E805, cid=1052, SUCCESS, logIndex=1850, commits[d5132e6f-def8-45c0-b0d2-c5ba43d86628:c1851]
2019-06-13 22:26:40,397 INFO  client.GrpcClientProtocolClient (GrpcClientProtocolClient.java:onNext(254)) - client-43E682E1E07B->d5132e6f-def8-45c0-b0d2-c5ba43d86628: receive RaftClientReply:client-43E682E1E07B->d5132e6f-def8-45c0-b0d2-c5ba43d86628@group-C29775A8E805, cid=1053, SUCCESS, logIndex=1852, commits[d5132e6f-def8-45c0-b0d2-c5ba43d86628:c1852]
2019-06-13 22:26:40,399 INFO  client.GrpcClientProtocolClient (GrpcClientProtocolClient.java:onNext(254)) - client-43E682E1E07B->d5132e6f-def8-45c0-b0d2-c5ba43d86628: receive RaftClientReply:client-43E682E1E07B->d5132e6f-def8-45c0-b0d2-c5ba43d86628@group-C29775A8E805, cid=1054, SUCCESS, logIndex=1854, commits[d5132e6f-def8-45c0-b0d2-c5ba43d86628:c1854]
2019-06-13 22:26:40,404 INFO  client.GrpcClientProtocolClient (GrpcClientProtocolClient.java:onNext(254)) - client-43E682E1E07B->d5132e6f-def8-45c0-b0d2-c5ba43d86628: receive RaftClientReply:client-43E682E1E07B->d5132e6f-def8-45c0-b0d2-c5ba43d86628@group-C29775A8E805, cid=1055, SUCCESS, logIndex=1855, commits[d5132e6f-def8-45c0-b0d2-c5ba43d86628:c1857]
2019-06-13 22:26:40,405 INFO  client.GrpcClientProtocolClient (GrpcClientProtocolClient.java:onNext(254)) - client-43E682E1E07B->d5132e6f-def8-45c0-b0d2-c5ba43d86628: receive RaftClientReply:client-43E682E1E07B->d5132e6f-def8-45c0-b0d2-c5ba43d86628@group-C29775A8E805, cid=1056, SUCCESS, logIndex=1857, commits[d5132e6f-def8-45c0-b0d2-c5ba43d86628:c1857]
2019-06-13 22:26:40,412 DEBUG block.SCMBlockDeletingService (SCMBlockDeletingService.java:call(138)) - Running DeletedBlockTransactionScanner
2019-06-13 22:26:40,413 DEBUG block.SCMBlockDeletingService (SCMBlockDeletingService.java:call(155)) - Scanned deleted blocks log and got 0 delTX to process.
2019-06-13 22:26:40,425 INFO  client.GrpcClientProtocolClient (GrpcClientProtocolClient.java:onNext(254)) - client-43E682E1E07B->d5132e6f-def8-45c0-b0d2-c5ba43d86628: receive RaftClientReply:client-43E682E1E07B->d5132e6f-def8-45c0-b0d2-c5ba43d86628@group-C29775A8E805, cid=1057, SUCCESS, logIndex=1859, commits[d5132e6f-def8-45c0-b0d2-c5ba43d86628:c1859]
2019-06-13 22:26:40,430 INFO  client.GrpcClientProtocolClient (GrpcClientProtocolClient.java:onNext(254)) - client-43E682E1E07B->d5132e6f-def8-45c0-b0d2-c5ba43d86628: receive RaftClientReply:client-43E682E1E07B->d5132e6f-def8-45c0-b0d2-c5ba43d86628@group-C29775A8E805, cid=1058, SUCCESS, logIndex=1861, commits[d5132e6f-def8-45c0-b0d2-c5ba43d86628:c1861]
2019-06-13 22:26:40,439 INFO  client.GrpcClientProtocolClient (GrpcClientProtocolClient.java:onNext(254)) - client-43E682E1E07B->d5132e6f-def8-45c0-b0d2-c5ba43d86628: receive RaftClientReply:client-43E682E1E07B->d5132e6f-def8-45c0-b0d2-c5ba43d86628@group-C29775A8E805, cid=1059, SUCCESS, logIndex=1862, commits[d5132e6f-def8-45c0-b0d2-c5ba43d86628:c1864]
2019-06-13 22:26:40,440 INFO  client.GrpcClientProtocolClient (GrpcClientProtocolClient.java:onNext(254)) - client-43E682E1E07B->d5132e6f-def8-45c0-b0d2-c5ba43d86628: receive RaftClientReply:client-43E682E1E07B->d5132e6f-def8-45c0-b0d2-c5ba43d86628@group-C29775A8E805, cid=1060, SUCCESS, logIndex=1864, commits[d5132e6f-def8-45c0-b0d2-c5ba43d86628:c1864]
2019-06-13 22:26:40,513 DEBUG block.SCMBlockDeletingService (SCMBlockDeletingService.java:call(138)) - Running DeletedBlockTransactionScanner
2019-06-13 22:26:40,513 DEBUG block.SCMBlockDeletingService (SCMBlockDeletingService.java:call(155)) - Scanned deleted blocks log and got 0 delTX to process.
2019-06-13 22:26:40,553 INFO  client.GrpcClientProtocolClient (GrpcClientProtocolClient.java:onNext(254)) - client-43E682E1E07B->d5132e6f-def8-45c0-b0d2-c5ba43d86628: receive RaftClientReply:client-43E682E1E07B->d5132e6f-def8-45c0-b0d2-c5ba43d86628@group-C29775A8E805, cid=1061, SUCCESS, logIndex=1866, commits[d5132e6f-def8-45c0-b0d2-c5ba43d86628:c1866]
2019-06-13 22:26:40,557 INFO  client.GrpcClientProtocolClient (GrpcClientProtocolClient.java:onNext(254)) - client-43E682E1E07B->d5132e6f-def8-45c0-b0d2-c5ba43d86628: receive RaftClientReply:client-43E682E1E07B->d5132e6f-def8-45c0-b0d2-c5ba43d86628@group-C29775A8E805, cid=1062, SUCCESS, logIndex=1868, commits[d5132e6f-def8-45c0-b0d2-c5ba43d86628:c1868]
2019-06-13 22:26:40,558 INFO  client.GrpcClientProtocolClient (GrpcClientProtocolClient.java:onNext(254)) - client-43E682E1E07B->d5132e6f-def8-45c0-b0d2-c5ba43d86628: receive RaftClientReply:client-43E682E1E07B->d5132e6f-def8-45c0-b0d2-c5ba43d86628@group-C29775A8E805, cid=1063, SUCCESS, logIndex=1869, commits[d5132e6f-def8-45c0-b0d2-c5ba43d86628:c1871]
2019-06-13 22:26:40,559 INFO  client.GrpcClientProtocolClient (GrpcClientProtocolClient.java:onNext(254)) - client-43E682E1E07B->d5132e6f-def8-45c0-b0d2-c5ba43d86628: receive RaftClientReply:client-43E682E1E07B->d5132e6f-def8-45c0-b0d2-c5ba43d86628@group-C29775A8E805, cid=1064, SUCCESS, logIndex=1871, commits[d5132e6f-def8-45c0-b0d2-c5ba43d86628:c1871]
2019-06-13 22:26:40,582 INFO  client.GrpcClientProtocolClient (GrpcClientProtocolClient.java:onNext(254)) - client-43E682E1E07B->d5132e6f-def8-45c0-b0d2-c5ba43d86628: receive RaftClientReply:client-43E682E1E07B->d5132e6f-def8-45c0-b0d2-c5ba43d86628@group-C29775A8E805, cid=1065, SUCCESS, logIndex=1873, commits[d5132e6f-def8-45c0-b0d2-c5ba43d86628:c1874]
2019-06-13 22:26:40,584 INFO  client.GrpcClientProtocolClient (GrpcClientProtocolClient.java:onNext(254)) - client-43E682E1E07B->d5132e6f-def8-45c0-b0d2-c5ba43d86628: receive RaftClientReply:client-43E682E1E07B->d5132e6f-def8-45c0-b0d2-c5ba43d86628@group-C29775A8E805, cid=1066, SUCCESS, logIndex=1875, commits[d5132e6f-def8-45c0-b0d2-c5ba43d86628:c1875]
2019-06-13 22:26:40,586 INFO  client.GrpcClientProtocolClient (GrpcClientProtocolClient.java:onNext(254)) - client-43E682E1E07B->d5132e6f-def8-45c0-b0d2-c5ba43d86628: receive RaftClientReply:client-43E682E1E07B->d5132e6f-def8-45c0-b0d2-c5ba43d86628@group-C29775A8E805, cid=1067, SUCCESS, logIndex=1876, commits[d5132e6f-def8-45c0-b0d2-c5ba43d86628:c1877]
2019-06-13 22:26:40,587 INFO  client.GrpcClientProtocolClient (GrpcClientProtocolClient.java:onNext(254)) - client-43E682E1E07B->d5132e6f-def8-45c0-b0d2-c5ba43d86628: receive RaftClientReply:client-43E682E1E07B->d5132e6f-def8-45c0-b0d2-c5ba43d86628@group-C29775A8E805, cid=1068, SUCCESS, logIndex=1878, commits[d5132e6f-def8-45c0-b0d2-c5ba43d86628:c1878]
2019-06-13 22:26:40,602 INFO  client.GrpcClientProtocolClient (GrpcClientProtocolClient.java:onNext(254)) - client-43E682E1E07B->d5132e6f-def8-45c0-b0d2-c5ba43d86628: receive RaftClientReply:client-43E682E1E07B->d5132e6f-def8-45c0-b0d2-c5ba43d86628@group-C29775A8E805, cid=1069, SUCCESS, logIndex=1880, commits[d5132e6f-def8-45c0-b0d2-c5ba43d86628:c1880]
2019-06-13 22:26:40,603 INFO  storage.RaftLogWorker (RaftLogWorker.java:rollLogSegment(303)) - d5132e6f-def8-45c0-b0d2-c5ba43d86628-RaftLogWorker: Rolling segment log-1806_1881 to index:1881
2019-06-13 22:26:40,603 INFO  storage.RaftLogWorker (RaftLogWorker.java:execute(433)) - d5132e6f-def8-45c0-b0d2-c5ba43d86628-RaftLogWorker: Rolled log segment from /opt/src/hadoop-ozone/integration-test/target/test-dir/MiniOzoneClusterImpl-e9ea07bb-4900-4b53-96c1-68f0ab556a80/datanode-0/data/ratis/c7035dd3-cd4a-42fb-880d-c29775a8e805/current/log_inprogress_1806 to /opt/src/hadoop-ozone/integration-test/target/test-dir/MiniOzoneClusterImpl-e9ea07bb-4900-4b53-96c1-68f0ab556a80/datanode-0/data/ratis/c7035dd3-cd4a-42fb-880d-c29775a8e805/current/log_1806-1881
2019-06-13 22:26:40,617 DEBUG block.SCMBlockDeletingService (SCMBlockDeletingService.java:call(138)) - Running DeletedBlockTransactionScanner
2019-06-13 22:26:40,618 DEBUG block.SCMBlockDeletingService (SCMBlockDeletingService.java:call(155)) - Scanned deleted blocks log and got 0 delTX to process.
2019-06-13 22:26:40,654 INFO  storage.RaftLogWorker (RaftLogWorker.java:execute(469)) - d5132e6f-def8-45c0-b0d2-c5ba43d86628-RaftLogWorker: created new log segment /opt/src/hadoop-ozone/integration-test/target/test-dir/MiniOzoneClusterImpl-e9ea07bb-4900-4b53-96c1-68f0ab556a80/datanode-0/data/ratis/c7035dd3-cd4a-42fb-880d-c29775a8e805/current/log_inprogress_1882
2019-06-13 22:26:40,659 INFO  client.GrpcClientProtocolClient (GrpcClientProtocolClient.java:onNext(254)) - client-43E682E1E07B->d5132e6f-def8-45c0-b0d2-c5ba43d86628: receive RaftClientReply:client-43E682E1E07B->d5132e6f-def8-45c0-b0d2-c5ba43d86628@group-C29775A8E805, cid=1070, SUCCESS, logIndex=1882, commits[d5132e6f-def8-45c0-b0d2-c5ba43d86628:c1884]
2019-06-13 22:26:40,667 INFO  client.GrpcClientProtocolClient (GrpcClientProtocolClient.java:onNext(254)) - client-43E682E1E07B->d5132e6f-def8-45c0-b0d2-c5ba43d86628: receive RaftClientReply:client-43E682E1E07B->d5132e6f-def8-45c0-b0d2-c5ba43d86628@group-C29775A8E805, cid=1071, SUCCESS, logIndex=1883, commits[d5132e6f-def8-45c0-b0d2-c5ba43d86628:c1884]
2019-06-13 22:26:40,668 INFO  client.GrpcClientProtocolClient (GrpcClientProtocolClient.java:onNext(254)) - client-43E682E1E07B->d5132e6f-def8-45c0-b0d2-c5ba43d86628: receive RaftClientReply:client-43E682E1E07B->d5132e6f-def8-45c0-b0d2-c5ba43d86628@group-C29775A8E805, cid=1072, SUCCESS, logIndex=1884, commits[d5132e6f-def8-45c0-b0d2-c5ba43d86628:c1884]
2019-06-13 22:26:40,687 INFO  client.GrpcClientProtocolClient (GrpcClientProtocolClient.java:onNext(254)) - client-43E682E1E07B->d5132e6f-def8-45c0-b0d2-c5ba43d86628: receive RaftClientReply:client-43E682E1E07B->d5132e6f-def8-45c0-b0d2-c5ba43d86628@group-C29775A8E805, cid=1073, SUCCESS, logIndex=1886, commits[d5132e6f-def8-45c0-b0d2-c5ba43d86628:c1886]
2019-06-13 22:26:40,690 INFO  client.GrpcClientProtocolClient (GrpcClientProtocolClient.java:onNext(254)) - client-43E682E1E07B->d5132e6f-def8-45c0-b0d2-c5ba43d86628: receive RaftClientReply:client-43E682E1E07B->d5132e6f-def8-45c0-b0d2-c5ba43d86628@group-C29775A8E805, cid=1074, SUCCESS, logIndex=1888, commits[d5132e6f-def8-45c0-b0d2-c5ba43d86628:c1888]
2019-06-13 22:26:40,697 INFO  client.GrpcClientProtocolClient (GrpcClientProtocolClient.java:onNext(254)) - client-43E682E1E07B->d5132e6f-def8-45c0-b0d2-c5ba43d86628: receive RaftClientReply:client-43E682E1E07B->d5132e6f-def8-45c0-b0d2-c5ba43d86628@group-C29775A8E805, cid=1075, SUCCESS, logIndex=1889, commits[d5132e6f-def8-45c0-b0d2-c5ba43d86628:c1891]
2019-06-13 22:26:40,698 INFO  client.GrpcClientProtocolClient (GrpcClientProtocolClient.java:onNext(254)) - client-43E682E1E07B->d5132e6f-def8-45c0-b0d2-c5ba43d86628: receive RaftClientReply:client-43E682E1E07B->d5132e6f-def8-45c0-b0d2-c5ba43d86628@group-C29775A8E805, cid=1076, SUCCESS, logIndex=1890, commits[d5132e6f-def8-45c0-b0d2-c5ba43d86628:c1891]
2019-06-13 22:26:40,708 INFO  client.GrpcClientProtocolClient (GrpcClientProtocolClient.java:onNext(254)) - client-43E682E1E07B->d5132e6f-def8-45c0-b0d2-c5ba43d86628: receive RaftClientReply:client-43E682E1E07B->d5132e6f-def8-45c0-b0d2-c5ba43d86628@group-C29775A8E805, cid=1077, SUCCESS, logIndex=1892, commits[d5132e6f-def8-45c0-b0d2-c5ba43d86628:c1892]
2019-06-13 22:26:40,713 INFO  client.GrpcClientProtocolClient (GrpcClientProtocolClient.java:onNext(254)) - client-43E682E1E07B->d5132e6f-def8-45c0-b0d2-c5ba43d86628: receive RaftClientReply:client-43E682E1E07B->d5132e6f-def8-45c0-b0d2-c5ba43d86628@group-C29775A8E805, cid=1078, SUCCESS, logIndex=1894, commits[d5132e6f-def8-45c0-b0d2-c5ba43d86628:c1894]
2019-06-13 22:26:40,714 INFO  client.GrpcClientProtocolClient (GrpcClientProtocolClient.java:onNext(254)) - client-43E682E1E07B->d5132e6f-def8-45c0-b0d2-c5ba43d86628: receive RaftClientReply:client-43E682E1E07B->d5132e6f-def8-45c0-b0d2-c5ba43d86628@group-C29775A8E805, cid=1079, SUCCESS, logIndex=1895, commits[d5132e6f-def8-45c0-b0d2-c5ba43d86628:c1896]
2019-06-13 22:26:40,718 DEBUG block.SCMBlockDeletingService (SCMBlockDeletingService.java:call(138)) - Running DeletedBlockTransactionScanner
2019-06-13 22:26:40,718 DEBUG block.SCMBlockDeletingService (SCMBlockDeletingService.java:call(155)) - Scanned deleted blocks log and got 0 delTX to process.
2019-06-13 22:26:40,719 INFO  client.GrpcClientProtocolClient (GrpcClientProtocolClient.java:onNext(254)) - client-43E682E1E07B->d5132e6f-def8-45c0-b0d2-c5ba43d86628: receive RaftClientReply:client-43E682E1E07B->d5132e6f-def8-45c0-b0d2-c5ba43d86628@group-C29775A8E805, cid=1080, SUCCESS, logIndex=1896, commits[d5132e6f-def8-45c0-b0d2-c5ba43d86628:c1896]
2019-06-13 22:26:40,738 INFO  client.GrpcClientProtocolClient (GrpcClientProtocolClient.java:onNext(254)) - client-43E682E1E07B->d5132e6f-def8-45c0-b0d2-c5ba43d86628: receive RaftClientReply:client-43E682E1E07B->d5132e6f-def8-45c0-b0d2-c5ba43d86628@group-C29775A8E805, cid=1081, SUCCESS, logIndex=1899, commits[d5132e6f-def8-45c0-b0d2-c5ba43d86628:c1899]
2019-06-13 22:26:40,751 INFO  client.GrpcClientProtocolClient (GrpcClientProtocolClient.java:onNext(254)) - client-43E682E1E07B->d5132e6f-def8-45c0-b0d2-c5ba43d86628: receive RaftClientReply:client-43E682E1E07B->d5132e6f-def8-45c0-b0d2-c5ba43d86628@group-C29775A8E805, cid=1082, SUCCESS, logIndex=1901, commits[d5132e6f-def8-45c0-b0d2-c5ba43d86628:c1901]
2019-06-13 22:26:40,753 INFO  client.GrpcClientProtocolClient (GrpcClientProtocolClient.java:onNext(254)) - client-43E682E1E07B->d5132e6f-def8-45c0-b0d2-c5ba43d86628: receive RaftClientReply:client-43E682E1E07B->d5132e6f-def8-45c0-b0d2-c5ba43d86628@group-C29775A8E805, cid=1083, SUCCESS, logIndex=1902, commits[d5132e6f-def8-45c0-b0d2-c5ba43d86628:c1904]
2019-06-13 22:26:40,753 INFO  client.GrpcClientProtocolClient (GrpcClientProtocolClient.java:onNext(254)) - client-43E682E1E07B->d5132e6f-def8-45c0-b0d2-c5ba43d86628: receive RaftClientReply:client-43E682E1E07B->d5132e6f-def8-45c0-b0d2-c5ba43d86628@group-C29775A8E805, cid=1084, SUCCESS, logIndex=1904, commits[d5132e6f-def8-45c0-b0d2-c5ba43d86628:c1904]
2019-06-13 22:26:40,763 INFO  client.GrpcClientProtocolClient (GrpcClientProtocolClient.java:onNext(254)) - client-43E682E1E07B->d5132e6f-def8-45c0-b0d2-c5ba43d86628: receive RaftClientReply:client-43E682E1E07B->d5132e6f-def8-45c0-b0d2-c5ba43d86628@group-C29775A8E805, cid=1085, SUCCESS, logIndex=1906, commits[d5132e6f-def8-45c0-b0d2-c5ba43d86628:c1906]
2019-06-13 22:26:40,765 INFO  client.GrpcClientProtocolClient (GrpcClientProtocolClient.java:onNext(254)) - client-43E682E1E07B->d5132e6f-def8-45c0-b0d2-c5ba43d86628: receive RaftClientReply:client-43E682E1E07B->d5132e6f-def8-45c0-b0d2-c5ba43d86628@group-C29775A8E805, cid=1086, SUCCESS, logIndex=1908, commits[d5132e6f-def8-45c0-b0d2-c5ba43d86628:c1908]
2019-06-13 22:26:40,766 INFO  client.GrpcClientProtocolClient (GrpcClientProtocolClient.java:onNext(254)) - client-43E682E1E07B->d5132e6f-def8-45c0-b0d2-c5ba43d86628: receive RaftClientReply:client-43E682E1E07B->d5132e6f-def8-45c0-b0d2-c5ba43d86628@group-C29775A8E805, cid=1087, SUCCESS, logIndex=1909, commits[d5132e6f-def8-45c0-b0d2-c5ba43d86628:c1911]
2019-06-13 22:26:40,770 INFO  client.GrpcClientProtocolClient (GrpcClientProtocolClient.java:onNext(254)) - client-43E682E1E07B->d5132e6f-def8-45c0-b0d2-c5ba43d86628: receive RaftClientReply:client-43E682E1E07B->d5132e6f-def8-45c0-b0d2-c5ba43d86628@group-C29775A8E805, cid=1088, SUCCESS, logIndex=1911, commits[d5132e6f-def8-45c0-b0d2-c5ba43d86628:c1911]
2019-06-13 22:26:40,783 INFO  client.GrpcClientProtocolClient (GrpcClientProtocolClient.java:onNext(254)) - client-43E682E1E07B->d5132e6f-def8-45c0-b0d2-c5ba43d86628: receive RaftClientReply:client-43E682E1E07B->d5132e6f-def8-45c0-b0d2-c5ba43d86628@group-C29775A8E805, cid=1089, SUCCESS, logIndex=1913, commits[d5132e6f-def8-45c0-b0d2-c5ba43d86628:c1914]
2019-06-13 22:26:40,787 INFO  client.GrpcClientProtocolClient (GrpcClientProtocolClient.java:onNext(254)) - client-43E682E1E07B->d5132e6f-def8-45c0-b0d2-c5ba43d86628: receive RaftClientReply:client-43E682E1E07B->d5132e6f-def8-45c0-b0d2-c5ba43d86628@group-C29775A8E805, cid=1090, SUCCESS, logIndex=1915, commits[d5132e6f-def8-45c0-b0d2-c5ba43d86628:c1915]
2019-06-13 22:26:40,787 INFO  client.GrpcClientProtocolClient (GrpcClientProtocolClient.java:onNext(254)) - client-43E682E1E07B->d5132e6f-def8-45c0-b0d2-c5ba43d86628: receive RaftClientReply:client-43E682E1E07B->d5132e6f-def8-45c0-b0d2-c5ba43d86628@group-C29775A8E805, cid=1091, SUCCESS, logIndex=1916, commits[d5132e6f-def8-45c0-b0d2-c5ba43d86628:c1916]
2019-06-13 22:26:40,790 INFO  client.GrpcClientProtocolClient (GrpcClientProtocolClient.java:onNext(254)) - client-43E682E1E07B->d5132e6f-def8-45c0-b0d2-c5ba43d86628: receive RaftClientReply:client-43E682E1E07B->d5132e6f-def8-45c0-b0d2-c5ba43d86628@group-C29775A8E805, cid=1092, SUCCESS, logIndex=1918, commits[d5132e6f-def8-45c0-b0d2-c5ba43d86628:c1918]
2019-06-13 22:26:40,799 INFO  client.GrpcClientProtocolClient (GrpcClientProtocolClient.java:onNext(254)) - client-43E682E1E07B->d5132e6f-def8-45c0-b0d2-c5ba43d86628: receive RaftClientReply:client-43E682E1E07B->d5132e6f-def8-45c0-b0d2-c5ba43d86628@group-C29775A8E805, cid=1093, SUCCESS, logIndex=1921, commits[d5132e6f-def8-45c0-b0d2-c5ba43d86628:c1921]
2019-06-13 22:26:40,800 INFO  client.GrpcClientProtocolClient (GrpcClientProtocolClient.java:onNext(254)) - client-43E682E1E07B->d5132e6f-def8-45c0-b0d2-c5ba43d86628: receive RaftClientReply:client-43E682E1E07B->d5132e6f-def8-45c0-b0d2-c5ba43d86628@group-C29775A8E805, cid=1094, SUCCESS, logIndex=1923, commits[d5132e6f-def8-45c0-b0d2-c5ba43d86628:c1923]
2019-06-13 22:26:40,805 INFO  client.GrpcClientProtocolClient (GrpcClientProtocolClient.java:onNext(254)) - client-43E682E1E07B->d5132e6f-def8-45c0-b0d2-c5ba43d86628: receive RaftClientReply:client-43E682E1E07B->d5132e6f-def8-45c0-b0d2-c5ba43d86628@group-C29775A8E805, cid=1095, SUCCESS, logIndex=1925, commits[d5132e6f-def8-45c0-b0d2-c5ba43d86628:c1926]
2019-06-13 22:26:40,806 INFO  client.GrpcClientProtocolClient (GrpcClientProtocolClient.java:onNext(254)) - client-43E682E1E07B->d5132e6f-def8-45c0-b0d2-c5ba43d86628: receive RaftClientReply:client-43E682E1E07B->d5132e6f-def8-45c0-b0d2-c5ba43d86628@group-C29775A8E805, cid=1096, SUCCESS, logIndex=1926, commits[d5132e6f-def8-45c0-b0d2-c5ba43d86628:c1927]
2019-06-13 22:26:40,822 DEBUG block.SCMBlockDeletingService (SCMBlockDeletingService.java:call(138)) - Running DeletedBlockTransactionScanner
2019-06-13 22:26:40,822 DEBUG block.SCMBlockDeletingService (SCMBlockDeletingService.java:call(155)) - Scanned deleted blocks log and got 0 delTX to process.
2019-06-13 22:26:40,832 INFO  client.GrpcClientProtocolClient (GrpcClientProtocolClient.java:onNext(254)) - client-43E682E1E07B->d5132e6f-def8-45c0-b0d2-c5ba43d86628: receive RaftClientReply:client-43E682E1E07B->d5132e6f-def8-45c0-b0d2-c5ba43d86628@group-C29775A8E805, cid=1097, SUCCESS, logIndex=1928, commits[d5132e6f-def8-45c0-b0d2-c5ba43d86628:c1928]
2019-06-13 22:26:40,837 INFO  client.GrpcClientProtocolClient (GrpcClientProtocolClient.java:onNext(254)) - client-43E682E1E07B->d5132e6f-def8-45c0-b0d2-c5ba43d86628: receive RaftClientReply:client-43E682E1E07B->d5132e6f-def8-45c0-b0d2-c5ba43d86628@group-C29775A8E805, cid=1098, SUCCESS, logIndex=1930, commits[d5132e6f-def8-45c0-b0d2-c5ba43d86628:c1930]
2019-06-13 22:26:40,844 INFO  client.GrpcClientProtocolClient (GrpcClientProtocolClient.java:onNext(254)) - client-43E682E1E07B->d5132e6f-def8-45c0-b0d2-c5ba43d86628: receive RaftClientReply:client-43E682E1E07B->d5132e6f-def8-45c0-b0d2-c5ba43d86628@group-C29775A8E805, cid=1099, SUCCESS, logIndex=1931, commits[d5132e6f-def8-45c0-b0d2-c5ba43d86628:c1932]
2019-06-13 22:26:40,845 INFO  client.GrpcClientProtocolClient (GrpcClientProtocolClient.java:onNext(254)) - client-43E682E1E07B->d5132e6f-def8-45c0-b0d2-c5ba43d86628: receive RaftClientReply:client-43E682E1E07B->d5132e6f-def8-45c0-b0d2-c5ba43d86628@group-C29775A8E805, cid=1100, SUCCESS, logIndex=1932, commits[d5132e6f-def8-45c0-b0d2-c5ba43d86628:c1932]
2019-06-13 22:26:40,923 DEBUG block.SCMBlockDeletingService (SCMBlockDeletingService.java:call(138)) - Running DeletedBlockTransactionScanner
2019-06-13 22:26:40,924 DEBUG block.SCMBlockDeletingService (SCMBlockDeletingService.java:call(155)) - Scanned deleted blocks log and got 0 delTX to process.
2019-06-13 22:26:40,929 INFO  client.GrpcClientProtocolClient (GrpcClientProtocolClient.java:onNext(254)) - client-43E682E1E07B->d5132e6f-def8-45c0-b0d2-c5ba43d86628: receive RaftClientReply:client-43E682E1E07B->d5132e6f-def8-45c0-b0d2-c5ba43d86628@group-C29775A8E805, cid=1101, SUCCESS, logIndex=1935, commits[d5132e6f-def8-45c0-b0d2-c5ba43d86628:c1935]
2019-06-13 22:26:40,932 INFO  client.GrpcClientProtocolClient (GrpcClientProtocolClient.java:onNext(254)) - client-43E682E1E07B->d5132e6f-def8-45c0-b0d2-c5ba43d86628: receive RaftClientReply:client-43E682E1E07B->d5132e6f-def8-45c0-b0d2-c5ba43d86628@group-C29775A8E805, cid=1102, SUCCESS, logIndex=1937, commits[d5132e6f-def8-45c0-b0d2-c5ba43d86628:c1937]
2019-06-13 22:26:40,936 INFO  client.GrpcClientProtocolClient (GrpcClientProtocolClient.java:onNext(254)) - client-43E682E1E07B->d5132e6f-def8-45c0-b0d2-c5ba43d86628: receive RaftClientReply:client-43E682E1E07B->d5132e6f-def8-45c0-b0d2-c5ba43d86628@group-C29775A8E805, cid=1103, SUCCESS, logIndex=1939, commits[d5132e6f-def8-45c0-b0d2-c5ba43d86628:c1940]
2019-06-13 22:26:40,937 INFO  client.GrpcClientProtocolClient (GrpcClientProtocolClient.java:onNext(254)) - client-43E682E1E07B->d5132e6f-def8-45c0-b0d2-c5ba43d86628: receive RaftClientReply:client-43E682E1E07B->d5132e6f-def8-45c0-b0d2-c5ba43d86628@group-C29775A8E805, cid=1104, SUCCESS, logIndex=1940, commits[d5132e6f-def8-45c0-b0d2-c5ba43d86628:c1940]
2019-06-13 22:26:41,025 DEBUG block.SCMBlockDeletingService (SCMBlockDeletingService.java:call(138)) - Running DeletedBlockTransactionScanner
2019-06-13 22:26:41,026 DEBUG block.SCMBlockDeletingService (SCMBlockDeletingService.java:call(155)) - Scanned deleted blocks log and got 0 delTX to process.
2019-06-13 22:26:41,028 INFO  client.GrpcClientProtocolClient (GrpcClientProtocolClient.java:onNext(254)) - client-43E682E1E07B->d5132e6f-def8-45c0-b0d2-c5ba43d86628: receive RaftClientReply:client-43E682E1E07B->d5132e6f-def8-45c0-b0d2-c5ba43d86628@group-C29775A8E805, cid=1105, SUCCESS, logIndex=1942, commits[d5132e6f-def8-45c0-b0d2-c5ba43d86628:c1942]
2019-06-13 22:26:41,030 INFO  client.GrpcClientProtocolClient (GrpcClientProtocolClient.java:onNext(254)) - client-43E682E1E07B->d5132e6f-def8-45c0-b0d2-c5ba43d86628: receive RaftClientReply:client-43E682E1E07B->d5132e6f-def8-45c0-b0d2-c5ba43d86628@group-C29775A8E805, cid=1106, SUCCESS, logIndex=1944, commits[d5132e6f-def8-45c0-b0d2-c5ba43d86628:c1944]
2019-06-13 22:26:41,033 INFO  client.GrpcClientProtocolClient (GrpcClientProtocolClient.java:onNext(254)) - client-43E682E1E07B->d5132e6f-def8-45c0-b0d2-c5ba43d86628: receive RaftClientReply:client-43E682E1E07B->d5132e6f-def8-45c0-b0d2-c5ba43d86628@group-C29775A8E805, cid=1107, SUCCESS, logIndex=1946, commits[d5132e6f-def8-45c0-b0d2-c5ba43d86628:c1946]
2019-06-13 22:26:41,034 INFO  client.GrpcClientProtocolClient (GrpcClientProtocolClient.java:onNext(254)) - client-43E682E1E07B->d5132e6f-def8-45c0-b0d2-c5ba43d86628: receive RaftClientReply:client-43E682E1E07B->d5132e6f-def8-45c0-b0d2-c5ba43d86628@group-C29775A8E805, cid=1108, SUCCESS, logIndex=1947, commits[d5132e6f-def8-45c0-b0d2-c5ba43d86628:c1947]
2019-06-13 22:26:41,043 INFO  client.GrpcClientProtocolClient (GrpcClientProtocolClient.java:onNext(254)) - client-43E682E1E07B->d5132e6f-def8-45c0-b0d2-c5ba43d86628: receive RaftClientReply:client-43E682E1E07B->d5132e6f-def8-45c0-b0d2-c5ba43d86628@group-C29775A8E805, cid=1109, SUCCESS, logIndex=1950, commits[d5132e6f-def8-45c0-b0d2-c5ba43d86628:c1950]
2019-06-13 22:26:41,045 INFO  client.GrpcClientProtocolClient (GrpcClientProtocolClient.java:onNext(254)) - client-43E682E1E07B->d5132e6f-def8-45c0-b0d2-c5ba43d86628: receive RaftClientReply:client-43E682E1E07B->d5132e6f-def8-45c0-b0d2-c5ba43d86628@group-C29775A8E805, cid=1110, SUCCESS, logIndex=1952, commits[d5132e6f-def8-45c0-b0d2-c5ba43d86628:c1952]
2019-06-13 22:26:41,045 INFO  storage.RaftLogWorker (RaftLogWorker.java:rollLogSegment(303)) - d5132e6f-def8-45c0-b0d2-c5ba43d86628-RaftLogWorker: Rolling segment log-1882_1954 to index:1954
2019-06-13 22:26:41,046 INFO  storage.RaftLogWorker (RaftLogWorker.java:execute(433)) - d5132e6f-def8-45c0-b0d2-c5ba43d86628-RaftLogWorker: Rolled log segment from /opt/src/hadoop-ozone/integration-test/target/test-dir/MiniOzoneClusterImpl-e9ea07bb-4900-4b53-96c1-68f0ab556a80/datanode-0/data/ratis/c7035dd3-cd4a-42fb-880d-c29775a8e805/current/log_inprogress_1882 to /opt/src/hadoop-ozone/integration-test/target/test-dir/MiniOzoneClusterImpl-e9ea07bb-4900-4b53-96c1-68f0ab556a80/datanode-0/data/ratis/c7035dd3-cd4a-42fb-880d-c29775a8e805/current/log_1882-1954
2019-06-13 22:26:41,070 INFO  client.GrpcClientProtocolClient (GrpcClientProtocolClient.java:onNext(254)) - client-43E682E1E07B->d5132e6f-def8-45c0-b0d2-c5ba43d86628: receive RaftClientReply:client-43E682E1E07B->d5132e6f-def8-45c0-b0d2-c5ba43d86628@group-C29775A8E805, cid=1111, SUCCESS, logIndex=1954, commits[d5132e6f-def8-45c0-b0d2-c5ba43d86628:c1954]
2019-06-13 22:26:41,095 INFO  storage.RaftLogWorker (RaftLogWorker.java:execute(469)) - d5132e6f-def8-45c0-b0d2-c5ba43d86628-RaftLogWorker: created new log segment /opt/src/hadoop-ozone/integration-test/target/test-dir/MiniOzoneClusterImpl-e9ea07bb-4900-4b53-96c1-68f0ab556a80/datanode-0/data/ratis/c7035dd3-cd4a-42fb-880d-c29775a8e805/current/log_inprogress_1955
2019-06-13 22:26:41,098 INFO  client.GrpcClientProtocolClient (GrpcClientProtocolClient.java:onNext(254)) - client-43E682E1E07B->d5132e6f-def8-45c0-b0d2-c5ba43d86628: receive RaftClientReply:client-43E682E1E07B->d5132e6f-def8-45c0-b0d2-c5ba43d86628@group-C29775A8E805, cid=1112, SUCCESS, logIndex=1955, commits[d5132e6f-def8-45c0-b0d2-c5ba43d86628:c1956]
2019-06-13 22:26:41,112 INFO  client.GrpcClientProtocolClient (GrpcClientProtocolClient.java:onNext(254)) - client-43E682E1E07B->d5132e6f-def8-45c0-b0d2-c5ba43d86628: receive RaftClientReply:client-43E682E1E07B->d5132e6f-def8-45c0-b0d2-c5ba43d86628@group-C29775A8E805, cid=1113, SUCCESS, logIndex=1957, commits[d5132e6f-def8-45c0-b0d2-c5ba43d86628:c1957]
2019-06-13 22:26:41,116 INFO  client.GrpcClientProtocolClient (GrpcClientProtocolClient.java:onNext(254)) - client-43E682E1E07B->d5132e6f-def8-45c0-b0d2-c5ba43d86628: receive RaftClientReply:client-43E682E1E07B->d5132e6f-def8-45c0-b0d2-c5ba43d86628@group-C29775A8E805, cid=1114, SUCCESS, logIndex=1959, commits[d5132e6f-def8-45c0-b0d2-c5ba43d86628:c1959]
2019-06-13 22:26:41,116 INFO  client.GrpcClientProtocolClient (GrpcClientProtocolClient.java:onNext(254)) - client-43E682E1E07B->d5132e6f-def8-45c0-b0d2-c5ba43d86628: receive RaftClientReply:client-43E682E1E07B->d5132e6f-def8-45c0-b0d2-c5ba43d86628@group-C29775A8E805, cid=1115, SUCCESS, logIndex=1960, commits[d5132e6f-def8-45c0-b0d2-c5ba43d86628:c1961]
2019-06-13 22:26:41,116 INFO  client.GrpcClientProtocolClient (GrpcClientProtocolClient.java:onNext(254)) - client-43E682E1E07B->d5132e6f-def8-45c0-b0d2-c5ba43d86628: receive RaftClientReply:client-43E682E1E07B->d5132e6f-def8-45c0-b0d2-c5ba43d86628@group-C29775A8E805, cid=1116, SUCCESS, logIndex=1961, commits[d5132e6f-def8-45c0-b0d2-c5ba43d86628:c1961]
2019-06-13 22:26:41,126 DEBUG block.SCMBlockDeletingService (SCMBlockDeletingService.java:call(138)) - Running DeletedBlockTransactionScanner
2019-06-13 22:26:41,126 DEBUG block.SCMBlockDeletingService (SCMBlockDeletingService.java:call(155)) - Scanned deleted blocks log and got 0 delTX to process.
2019-06-13 22:26:41,130 INFO  client.GrpcClientProtocolClient (GrpcClientProtocolClient.java:onNext(254)) - client-43E682E1E07B->d5132e6f-def8-45c0-b0d2-c5ba43d86628: receive RaftClientReply:client-43E682E1E07B->d5132e6f-def8-45c0-b0d2-c5ba43d86628@group-C29775A8E805, cid=1117, SUCCESS, logIndex=1964, commits[d5132e6f-def8-45c0-b0d2-c5ba43d86628:c1964]
2019-06-13 22:26:41,142 INFO  client.GrpcClientProtocolClient (GrpcClientProtocolClient.java:onNext(254)) - client-43E682E1E07B->d5132e6f-def8-45c0-b0d2-c5ba43d86628: receive RaftClientReply:client-43E682E1E07B->d5132e6f-def8-45c0-b0d2-c5ba43d86628@group-C29775A8E805, cid=1118, SUCCESS, logIndex=1966, commits[d5132e6f-def8-45c0-b0d2-c5ba43d86628:c1966]
2019-06-13 22:26:41,142 INFO  client.GrpcClientProtocolClient (GrpcClientProtocolClient.java:onNext(254)) - client-43E682E1E07B->d5132e6f-def8-45c0-b0d2-c5ba43d86628: receive RaftClientReply:client-43E682E1E07B->d5132e6f-def8-45c0-b0d2-c5ba43d86628@group-C29775A8E805, cid=1119, SUCCESS, logIndex=1967, commits[d5132e6f-def8-45c0-b0d2-c5ba43d86628:c1968]
2019-06-13 22:26:41,143 INFO  client.GrpcClientProtocolClient (GrpcClientProtocolClient.java:onNext(254)) - client-43E682E1E07B->d5132e6f-def8-45c0-b0d2-c5ba43d86628: receive RaftClientReply:client-43E682E1E07B->d5132e6f-def8-45c0-b0d2-c5ba43d86628@group-C29775A8E805, cid=1120, SUCCESS, logIndex=1968, commits[d5132e6f-def8-45c0-b0d2-c5ba43d86628:c1968]
2019-06-13 22:26:41,162 INFO  client.GrpcClientProtocolClient (GrpcClientProtocolClient.java:onNext(254)) - client-43E682E1E07B->d5132e6f-def8-45c0-b0d2-c5ba43d86628: receive RaftClientReply:client-43E682E1E07B->d5132e6f-def8-45c0-b0d2-c5ba43d86628@group-C29775A8E805, cid=1121, SUCCESS, logIndex=1971, commits[d5132e6f-def8-45c0-b0d2-c5ba43d86628:c1971]
2019-06-13 22:26:41,182 INFO  client.GrpcClientProtocolClient (GrpcClientProtocolClient.java:onNext(254)) - client-43E682E1E07B->d5132e6f-def8-45c0-b0d2-c5ba43d86628: receive RaftClientReply:client-43E682E1E07B->d5132e6f-def8-45c0-b0d2-c5ba43d86628@group-C29775A8E805, cid=1122, SUCCESS, logIndex=1973, commits[d5132e6f-def8-45c0-b0d2-c5ba43d86628:c1973]
2019-06-13 22:26:41,182 INFO  client.GrpcClientProtocolClient (GrpcClientProtocolClient.java:onNext(254)) - client-43E682E1E07B->d5132e6f-def8-45c0-b0d2-c5ba43d86628: receive RaftClientReply:client-43E682E1E07B->d5132e6f-def8-45c0-b0d2-c5ba43d86628@group-C29775A8E805, cid=1123, SUCCESS, logIndex=1974, commits[d5132e6f-def8-45c0-b0d2-c5ba43d86628:c1975]
2019-06-13 22:26:41,182 INFO  client.GrpcClientProtocolClient (GrpcClientProtocolClient.java:onNext(254)) - client-43E682E1E07B->d5132e6f-def8-45c0-b0d2-c5ba43d86628: receive RaftClientReply:client-43E682E1E07B->d5132e6f-def8-45c0-b0d2-c5ba43d86628@group-C29775A8E805, cid=1124, SUCCESS, logIndex=1976, commits[d5132e6f-def8-45c0-b0d2-c5ba43d86628:c1976]
2019-06-13 22:26:41,194 INFO  client.GrpcClientProtocolClient (GrpcClientProtocolClient.java:onNext(254)) - client-43E682E1E07B->d5132e6f-def8-45c0-b0d2-c5ba43d86628: receive RaftClientReply:client-43E682E1E07B->d5132e6f-def8-45c0-b0d2-c5ba43d86628@group-C29775A8E805, cid=1125, SUCCESS, logIndex=1978, commits[d5132e6f-def8-45c0-b0d2-c5ba43d86628:c1978]
2019-06-13 22:26:41,202 INFO  client.GrpcClientProtocolClient (GrpcClientProtocolClient.java:onNext(254)) - client-43E682E1E07B->d5132e6f-def8-45c0-b0d2-c5ba43d86628: receive RaftClientReply:client-43E682E1E07B->d5132e6f-def8-45c0-b0d2-c5ba43d86628@group-C29775A8E805, cid=1126, SUCCESS, logIndex=1980, commits[d5132e6f-def8-45c0-b0d2-c5ba43d86628:c1980]
2019-06-13 22:26:41,205 INFO  client.GrpcClientProtocolClient (GrpcClientProtocolClient.java:onNext(254)) - client-43E682E1E07B->d5132e6f-def8-45c0-b0d2-c5ba43d86628: receive RaftClientReply:client-43E682E1E07B->d5132e6f-def8-45c0-b0d2-c5ba43d86628@group-C29775A8E805, cid=1127, SUCCESS, logIndex=1982, commits[d5132e6f-def8-45c0-b0d2-c5ba43d86628:c1983]
2019-06-13 22:26:41,210 INFO  client.GrpcClientProtocolClient (GrpcClientProtocolClient.java:onNext(254)) - client-43E682E1E07B->d5132e6f-def8-45c0-b0d2-c5ba43d86628: receive RaftClientReply:client-43E682E1E07B->d5132e6f-def8-45c0-b0d2-c5ba43d86628@group-C29775A8E805, cid=1128, SUCCESS, logIndex=1983, commits[d5132e6f-def8-45c0-b0d2-c5ba43d86628:c1984]
2019-06-13 22:26:41,227 INFO  client.GrpcClientProtocolClient (GrpcClientProtocolClient.java:onNext(254)) - client-43E682E1E07B->d5132e6f-def8-45c0-b0d2-c5ba43d86628: receive RaftClientReply:client-43E682E1E07B->d5132e6f-def8-45c0-b0d2-c5ba43d86628@group-C29775A8E805, cid=1129, SUCCESS, logIndex=1985, commits[d5132e6f-def8-45c0-b0d2-c5ba43d86628:c1985]
2019-06-13 22:26:41,228 DEBUG block.SCMBlockDeletingService (SCMBlockDeletingService.java:call(138)) - Running DeletedBlockTransactionScanner
2019-06-13 22:26:41,229 DEBUG block.SCMBlockDeletingService (SCMBlockDeletingService.java:call(155)) - Scanned deleted blocks log and got 0 delTX to process.
2019-06-13 22:26:41,239 INFO  client.GrpcClientProtocolClient (GrpcClientProtocolClient.java:onNext(254)) - client-43E682E1E07B->d5132e6f-def8-45c0-b0d2-c5ba43d86628: receive RaftClientReply:client-43E682E1E07B->d5132e6f-def8-45c0-b0d2-c5ba43d86628@group-C29775A8E805, cid=1130, SUCCESS, logIndex=1987, commits[d5132e6f-def8-45c0-b0d2-c5ba43d86628:c1989]
2019-06-13 22:26:41,242 INFO  client.GrpcClientProtocolClient (GrpcClientProtocolClient.java:onNext(254)) - client-43E682E1E07B->d5132e6f-def8-45c0-b0d2-c5ba43d86628: receive RaftClientReply:client-43E682E1E07B->d5132e6f-def8-45c0-b0d2-c5ba43d86628@group-C29775A8E805, cid=1131, SUCCESS, logIndex=1988, commits[d5132e6f-def8-45c0-b0d2-c5ba43d86628:c1989]
2019-06-13 22:26:41,242 INFO  client.GrpcClientProtocolClient (GrpcClientProtocolClient.java:onNext(254)) - client-43E682E1E07B->d5132e6f-def8-45c0-b0d2-c5ba43d86628: receive RaftClientReply:client-43E682E1E07B->d5132e6f-def8-45c0-b0d2-c5ba43d86628@group-C29775A8E805, cid=1132, SUCCESS, logIndex=1989, commits[d5132e6f-def8-45c0-b0d2-c5ba43d86628:c1989]
2019-06-13 22:26:41,252 INFO  client.GrpcClientProtocolClient (GrpcClientProtocolClient.java:onNext(254)) - client-43E682E1E07B->d5132e6f-def8-45c0-b0d2-c5ba43d86628: receive RaftClientReply:client-43E682E1E07B->d5132e6f-def8-45c0-b0d2-c5ba43d86628@group-C29775A8E805, cid=1133, SUCCESS, logIndex=1991, commits[d5132e6f-def8-45c0-b0d2-c5ba43d86628:c1991]
2019-06-13 22:26:41,258 INFO  client.GrpcClientProtocolClient (GrpcClientProtocolClient.java:onNext(254)) - client-43E682E1E07B->d5132e6f-def8-45c0-b0d2-c5ba43d86628: receive RaftClientReply:client-43E682E1E07B->d5132e6f-def8-45c0-b0d2-c5ba43d86628@group-C29775A8E805, cid=1134, SUCCESS, logIndex=1993, commits[d5132e6f-def8-45c0-b0d2-c5ba43d86628:c1993]
2019-06-13 22:26:41,266 INFO  client.GrpcClientProtocolClient (GrpcClientProtocolClient.java:onNext(254)) - client-43E682E1E07B->d5132e6f-def8-45c0-b0d2-c5ba43d86628: receive RaftClientReply:client-43E682E1E07B->d5132e6f-def8-45c0-b0d2-c5ba43d86628@group-C29775A8E805, cid=1135, SUCCESS, logIndex=1994, commits[d5132e6f-def8-45c0-b0d2-c5ba43d86628:c1995]
2019-06-13 22:26:41,272 INFO  client.GrpcClientProtocolClient (GrpcClientProtocolClient.java:onNext(254)) - client-43E682E1E07B->d5132e6f-def8-45c0-b0d2-c5ba43d86628: receive RaftClientReply:client-43E682E1E07B->d5132e6f-def8-45c0-b0d2-c5ba43d86628@group-C29775A8E805, cid=1136, SUCCESS, logIndex=1996, commits[d5132e6f-def8-45c0-b0d2-c5ba43d86628:c1996]
2019-06-13 22:26:41,285 INFO  client.GrpcClientProtocolClient (GrpcClientProtocolClient.java:onNext(254)) - client-43E682E1E07B->d5132e6f-def8-45c0-b0d2-c5ba43d86628: receive RaftClientReply:client-43E682E1E07B->d5132e6f-def8-45c0-b0d2-c5ba43d86628@group-C29775A8E805, cid=1137, SUCCESS, logIndex=1998, commits[d5132e6f-def8-45c0-b0d2-c5ba43d86628:c1998]
2019-06-13 22:26:41,288 INFO  client.GrpcClientProtocolClient (GrpcClientProtocolClient.java:onNext(254)) - client-43E682E1E07B->d5132e6f-def8-45c0-b0d2-c5ba43d86628: receive RaftClientReply:client-43E682E1E07B->d5132e6f-def8-45c0-b0d2-c5ba43d86628@group-C29775A8E805, cid=1138, SUCCESS, logIndex=2000, commits[d5132e6f-def8-45c0-b0d2-c5ba43d86628:c2000]
2019-06-13 22:26:41,290 INFO  client.GrpcClientProtocolClient (GrpcClientProtocolClient.java:onNext(254)) - client-43E682E1E07B->d5132e6f-def8-45c0-b0d2-c5ba43d86628: receive RaftClientReply:client-43E682E1E07B->d5132e6f-def8-45c0-b0d2-c5ba43d86628@group-C29775A8E805, cid=1139, SUCCESS, logIndex=2001, commits[d5132e6f-def8-45c0-b0d2-c5ba43d86628:c2003]
2019-06-13 22:26:41,290 INFO  client.GrpcClientProtocolClient (GrpcClientProtocolClient.java:onNext(254)) - client-43E682E1E07B->d5132e6f-def8-45c0-b0d2-c5ba43d86628: receive RaftClientReply:client-43E682E1E07B->d5132e6f-def8-45c0-b0d2-c5ba43d86628@group-C29775A8E805, cid=1140, SUCCESS, logIndex=2002, commits[d5132e6f-def8-45c0-b0d2-c5ba43d86628:c2003]
2019-06-13 22:26:41,300 INFO  client.GrpcClientProtocolClient (GrpcClientProtocolClient.java:onNext(254)) - client-43E682E1E07B->d5132e6f-def8-45c0-b0d2-c5ba43d86628: receive RaftClientReply:client-43E682E1E07B->d5132e6f-def8-45c0-b0d2-c5ba43d86628@group-C29775A8E805, cid=1141, SUCCESS, logIndex=2004, commits[d5132e6f-def8-45c0-b0d2-c5ba43d86628:c2004]
2019-06-13 22:26:41,306 INFO  client.GrpcClientProtocolClient (GrpcClientProtocolClient.java:onNext(254)) - client-43E682E1E07B->d5132e6f-def8-45c0-b0d2-c5ba43d86628: receive RaftClientReply:client-43E682E1E07B->d5132e6f-def8-45c0-b0d2-c5ba43d86628@group-C29775A8E805, cid=1142, SUCCESS, logIndex=2006, commits[d5132e6f-def8-45c0-b0d2-c5ba43d86628:c2006]
2019-06-13 22:26:41,311 INFO  client.GrpcClientProtocolClient (GrpcClientProtocolClient.java:onNext(254)) - client-43E682E1E07B->d5132e6f-def8-45c0-b0d2-c5ba43d86628: receive RaftClientReply:client-43E682E1E07B->d5132e6f-def8-45c0-b0d2-c5ba43d86628@group-C29775A8E805, cid=1143, SUCCESS, logIndex=2007, commits[d5132e6f-def8-45c0-b0d2-c5ba43d86628:c2008]
2019-06-13 22:26:41,311 INFO  client.GrpcClientProtocolClient (GrpcClientProtocolClient.java:onNext(254)) - client-43E682E1E07B->d5132e6f-def8-45c0-b0d2-c5ba43d86628: receive RaftClientReply:client-43E682E1E07B->d5132e6f-def8-45c0-b0d2-c5ba43d86628@group-C29775A8E805, cid=1144, SUCCESS, logIndex=2008, commits[d5132e6f-def8-45c0-b0d2-c5ba43d86628:c2008]
2019-06-13 22:26:41,324 INFO  client.GrpcClientProtocolClient (GrpcClientProtocolClient.java:onNext(254)) - client-43E682E1E07B->d5132e6f-def8-45c0-b0d2-c5ba43d86628: receive RaftClientReply:client-43E682E1E07B->d5132e6f-def8-45c0-b0d2-c5ba43d86628@group-C29775A8E805, cid=1145, SUCCESS, logIndex=2011, commits[d5132e6f-def8-45c0-b0d2-c5ba43d86628:c2011]
2019-06-13 22:26:41,326 INFO  client.GrpcClientProtocolClient (GrpcClientProtocolClient.java:onNext(254)) - client-43E682E1E07B->d5132e6f-def8-45c0-b0d2-c5ba43d86628: receive RaftClientReply:client-43E682E1E07B->d5132e6f-def8-45c0-b0d2-c5ba43d86628@group-C29775A8E805, cid=1146, SUCCESS, logIndex=2013, commits[d5132e6f-def8-45c0-b0d2-c5ba43d86628:c2013]
2019-06-13 22:26:41,329 DEBUG block.SCMBlockDeletingService (SCMBlockDeletingService.java:call(138)) - Running DeletedBlockTransactionScanner
2019-06-13 22:26:41,329 DEBUG block.SCMBlockDeletingService (SCMBlockDeletingService.java:call(155)) - Scanned deleted blocks log and got 0 delTX to process.
2019-06-13 22:26:41,339 INFO  client.GrpcClientProtocolClient (GrpcClientProtocolClient.java:onNext(254)) - client-43E682E1E07B->d5132e6f-def8-45c0-b0d2-c5ba43d86628: receive RaftClientReply:client-43E682E1E07B->d5132e6f-def8-45c0-b0d2-c5ba43d86628@group-C29775A8E805, cid=1147, SUCCESS, logIndex=2015, commits[d5132e6f-def8-45c0-b0d2-c5ba43d86628:c2016]
2019-06-13 22:26:41,340 INFO  client.GrpcClientProtocolClient (GrpcClientProtocolClient.java:onNext(254)) - client-43E682E1E07B->d5132e6f-def8-45c0-b0d2-c5ba43d86628: receive RaftClientReply:client-43E682E1E07B->d5132e6f-def8-45c0-b0d2-c5ba43d86628@group-C29775A8E805, cid=1148, SUCCESS, logIndex=2016, commits[d5132e6f-def8-45c0-b0d2-c5ba43d86628:c2016]
2019-06-13 22:26:41,430 DEBUG block.SCMBlockDeletingService (SCMBlockDeletingService.java:call(138)) - Running DeletedBlockTransactionScanner
2019-06-13 22:26:41,430 DEBUG block.SCMBlockDeletingService (SCMBlockDeletingService.java:call(155)) - Scanned deleted blocks log and got 0 delTX to process.
2019-06-13 22:26:41,457 INFO  client.GrpcClientProtocolClient (GrpcClientProtocolClient.java:onNext(254)) - client-43E682E1E07B->d5132e6f-def8-45c0-b0d2-c5ba43d86628: receive RaftClientReply:client-43E682E1E07B->d5132e6f-def8-45c0-b0d2-c5ba43d86628@group-C29775A8E805, cid=1149, SUCCESS, logIndex=2018, commits[d5132e6f-def8-45c0-b0d2-c5ba43d86628:c2018]
2019-06-13 22:26:41,468 INFO  client.GrpcClientProtocolClient (GrpcClientProtocolClient.java:onNext(254)) - client-43E682E1E07B->d5132e6f-def8-45c0-b0d2-c5ba43d86628: receive RaftClientReply:client-43E682E1E07B->d5132e6f-def8-45c0-b0d2-c5ba43d86628@group-C29775A8E805, cid=1150, SUCCESS, logIndex=2020, commits[d5132e6f-def8-45c0-b0d2-c5ba43d86628:c2020]
2019-06-13 22:26:41,478 INFO  client.GrpcClientProtocolClient (GrpcClientProtocolClient.java:onNext(254)) - client-43E682E1E07B->d5132e6f-def8-45c0-b0d2-c5ba43d86628: receive RaftClientReply:client-43E682E1E07B->d5132e6f-def8-45c0-b0d2-c5ba43d86628@group-C29775A8E805, cid=1151, SUCCESS, logIndex=2021, commits[d5132e6f-def8-45c0-b0d2-c5ba43d86628:c2022]
2019-06-13 22:26:41,482 INFO  client.GrpcClientProtocolClient (GrpcClientProtocolClient.java:onNext(254)) - client-43E682E1E07B->d5132e6f-def8-45c0-b0d2-c5ba43d86628: receive RaftClientReply:client-43E682E1E07B->d5132e6f-def8-45c0-b0d2-c5ba43d86628@group-C29775A8E805, cid=1152, SUCCESS, logIndex=2023, commits[d5132e6f-def8-45c0-b0d2-c5ba43d86628:c2023]
2019-06-13 22:26:41,695 DEBUG block.SCMBlockDeletingService (SCMBlockDeletingService.java:call(138)) - Running DeletedBlockTransactionScanner
2019-06-13 22:26:41,696 DEBUG block.SCMBlockDeletingService (SCMBlockDeletingService.java:call(155)) - Scanned deleted blocks log and got 0 delTX to process.
2019-06-13 22:26:41,711 INFO  client.GrpcClientProtocolClient (GrpcClientProtocolClient.java:onNext(254)) - client-43E682E1E07B->d5132e6f-def8-45c0-b0d2-c5ba43d86628: receive RaftClientReply:client-43E682E1E07B->d5132e6f-def8-45c0-b0d2-c5ba43d86628@group-C29775A8E805, cid=1153, SUCCESS, logIndex=2025, commits[d5132e6f-def8-45c0-b0d2-c5ba43d86628:c2025]
2019-06-13 22:26:41,711 INFO  storage.RaftLogWorker (RaftLogWorker.java:rollLogSegment(303)) - d5132e6f-def8-45c0-b0d2-c5ba43d86628-RaftLogWorker: Rolling segment log-1955_2027 to index:2027
2019-06-13 22:26:41,712 INFO  storage.RaftLogWorker (RaftLogWorker.java:execute(433)) - d5132e6f-def8-45c0-b0d2-c5ba43d86628-RaftLogWorker: Rolled log segment from /opt/src/hadoop-ozone/integration-test/target/test-dir/MiniOzoneClusterImpl-e9ea07bb-4900-4b53-96c1-68f0ab556a80/datanode-0/data/ratis/c7035dd3-cd4a-42fb-880d-c29775a8e805/current/log_inprogress_1955 to /opt/src/hadoop-ozone/integration-test/target/test-dir/MiniOzoneClusterImpl-e9ea07bb-4900-4b53-96c1-68f0ab556a80/datanode-0/data/ratis/c7035dd3-cd4a-42fb-880d-c29775a8e805/current/log_1955-2027
2019-06-13 22:26:41,715 INFO  client.GrpcClientProtocolClient (GrpcClientProtocolClient.java:onNext(254)) - client-43E682E1E07B->d5132e6f-def8-45c0-b0d2-c5ba43d86628: receive RaftClientReply:client-43E682E1E07B->d5132e6f-def8-45c0-b0d2-c5ba43d86628@group-C29775A8E805, cid=1154, SUCCESS, logIndex=2027, commits[d5132e6f-def8-45c0-b0d2-c5ba43d86628:c2027]
2019-06-13 22:26:41,749 INFO  storage.RaftLogWorker (RaftLogWorker.java:execute(469)) - d5132e6f-def8-45c0-b0d2-c5ba43d86628-RaftLogWorker: created new log segment /opt/src/hadoop-ozone/integration-test/target/test-dir/MiniOzoneClusterImpl-e9ea07bb-4900-4b53-96c1-68f0ab556a80/datanode-0/data/ratis/c7035dd3-cd4a-42fb-880d-c29775a8e805/current/log_inprogress_2028
2019-06-13 22:26:41,752 INFO  client.GrpcClientProtocolClient (GrpcClientProtocolClient.java:onNext(254)) - client-43E682E1E07B->d5132e6f-def8-45c0-b0d2-c5ba43d86628: receive RaftClientReply:client-43E682E1E07B->d5132e6f-def8-45c0-b0d2-c5ba43d86628@group-C29775A8E805, cid=1155, SUCCESS, logIndex=2028, commits[d5132e6f-def8-45c0-b0d2-c5ba43d86628:c2030]
2019-06-13 22:26:41,752 INFO  client.GrpcClientProtocolClient (GrpcClientProtocolClient.java:onNext(254)) - client-43E682E1E07B->d5132e6f-def8-45c0-b0d2-c5ba43d86628: receive RaftClientReply:client-43E682E1E07B->d5132e6f-def8-45c0-b0d2-c5ba43d86628@group-C29775A8E805, cid=1156, SUCCESS, logIndex=2030, commits[d5132e6f-def8-45c0-b0d2-c5ba43d86628:c2031]
2019-06-13 22:26:41,759 INFO  client.GrpcClientProtocolClient (GrpcClientProtocolClient.java:onNext(254)) - client-43E682E1E07B->d5132e6f-def8-45c0-b0d2-c5ba43d86628: receive RaftClientReply:client-43E682E1E07B->d5132e6f-def8-45c0-b0d2-c5ba43d86628@group-C29775A8E805, cid=1157, SUCCESS, logIndex=2032, commits[d5132e6f-def8-45c0-b0d2-c5ba43d86628:c2032]
2019-06-13 22:26:41,762 INFO  client.GrpcClientProtocolClient (GrpcClientProtocolClient.java:onNext(254)) - client-43E682E1E07B->d5132e6f-def8-45c0-b0d2-c5ba43d86628: receive RaftClientReply:client-43E682E1E07B->d5132e6f-def8-45c0-b0d2-c5ba43d86628@group-C29775A8E805, cid=1158, SUCCESS, logIndex=2034, commits[d5132e6f-def8-45c0-b0d2-c5ba43d86628:c2034]
2019-06-13 22:26:41,762 INFO  client.GrpcClientProtocolClient (GrpcClientProtocolClient.java:onNext(254)) - client-43E682E1E07B->d5132e6f-def8-45c0-b0d2-c5ba43d86628: receive RaftClientReply:client-43E682E1E07B->d5132e6f-def8-45c0-b0d2-c5ba43d86628@group-C29775A8E805, cid=1159, SUCCESS, logIndex=2035, commits[d5132e6f-def8-45c0-b0d2-c5ba43d86628:c2036]
2019-06-13 22:26:41,763 INFO  client.GrpcClientProtocolClient (GrpcClientProtocolClient.java:onNext(254)) - client-43E682E1E07B->d5132e6f-def8-45c0-b0d2-c5ba43d86628: receive RaftClientReply:client-43E682E1E07B->d5132e6f-def8-45c0-b0d2-c5ba43d86628@group-C29775A8E805, cid=1160, SUCCESS, logIndex=2036, commits[d5132e6f-def8-45c0-b0d2-c5ba43d86628:c2037]
2019-06-13 22:26:41,773 INFO  client.GrpcClientProtocolClient (GrpcClientProtocolClient.java:onNext(254)) - client-43E682E1E07B->d5132e6f-def8-45c0-b0d2-c5ba43d86628: receive RaftClientReply:client-43E682E1E07B->d5132e6f-def8-45c0-b0d2-c5ba43d86628@group-C29775A8E805, cid=1161, SUCCESS, logIndex=2039, commits[d5132e6f-def8-45c0-b0d2-c5ba43d86628:c2039]
2019-06-13 22:26:41,774 INFO  client.GrpcClientProtocolClient (GrpcClientProtocolClient.java:onNext(254)) - client-43E682E1E07B->d5132e6f-def8-45c0-b0d2-c5ba43d86628: receive RaftClientReply:client-43E682E1E07B->d5132e6f-def8-45c0-b0d2-c5ba43d86628@group-C29775A8E805, cid=1162, SUCCESS, logIndex=2041, commits[d5132e6f-def8-45c0-b0d2-c5ba43d86628:c2041]
2019-06-13 22:26:41,777 INFO  client.GrpcClientProtocolClient (GrpcClientProtocolClient.java:onNext(254)) - client-43E682E1E07B->d5132e6f-def8-45c0-b0d2-c5ba43d86628: receive RaftClientReply:client-43E682E1E07B->d5132e6f-def8-45c0-b0d2-c5ba43d86628@group-C29775A8E805, cid=1163, SUCCESS, logIndex=2043, commits[d5132e6f-def8-45c0-b0d2-c5ba43d86628:c2043]
2019-06-13 22:26:41,778 INFO  client.GrpcClientProtocolClient (GrpcClientProtocolClient.java:onNext(254)) - client-43E682E1E07B->d5132e6f-def8-45c0-b0d2-c5ba43d86628: receive RaftClientReply:client-43E682E1E07B->d5132e6f-def8-45c0-b0d2-c5ba43d86628@group-C29775A8E805, cid=1164, SUCCESS, logIndex=2044, commits[d5132e6f-def8-45c0-b0d2-c5ba43d86628:c2044]
2019-06-13 22:26:41,785 INFO  client.GrpcClientProtocolClient (GrpcClientProtocolClient.java:onNext(254)) - client-43E682E1E07B->d5132e6f-def8-45c0-b0d2-c5ba43d86628: receive RaftClientReply:client-43E682E1E07B->d5132e6f-def8-45c0-b0d2-c5ba43d86628@group-C29775A8E805, cid=1165, SUCCESS, logIndex=2047, commits[d5132e6f-def8-45c0-b0d2-c5ba43d86628:c2047]
2019-06-13 22:26:41,788 INFO  client.GrpcClientProtocolClient (GrpcClientProtocolClient.java:onNext(254)) - client-43E682E1E07B->d5132e6f-def8-45c0-b0d2-c5ba43d86628: receive RaftClientReply:client-43E682E1E07B->d5132e6f-def8-45c0-b0d2-c5ba43d86628@group-C29775A8E805, cid=1166, SUCCESS, logIndex=2049, commits[d5132e6f-def8-45c0-b0d2-c5ba43d86628:c2049]
2019-06-13 22:26:41,788 INFO  client.GrpcClientProtocolClient (GrpcClientProtocolClient.java:onNext(254)) - client-43E682E1E07B->d5132e6f-def8-45c0-b0d2-c5ba43d86628: receive RaftClientReply:client-43E682E1E07B->d5132e6f-def8-45c0-b0d2-c5ba43d86628@group-C29775A8E805, cid=1167, SUCCESS, logIndex=2050, commits[d5132e6f-def8-45c0-b0d2-c5ba43d86628:c2051]
2019-06-13 22:26:41,789 INFO  client.GrpcClientProtocolClient (GrpcClientProtocolClient.java:onNext(254)) - client-43E682E1E07B->d5132e6f-def8-45c0-b0d2-c5ba43d86628: receive RaftClientReply:client-43E682E1E07B->d5132e6f-def8-45c0-b0d2-c5ba43d86628@group-C29775A8E805, cid=1168, SUCCESS, logIndex=2051, commits[d5132e6f-def8-45c0-b0d2-c5ba43d86628:c2051]
2019-06-13 22:26:41,796 DEBUG block.SCMBlockDeletingService (SCMBlockDeletingService.java:call(138)) - Running DeletedBlockTransactionScanner
2019-06-13 22:26:41,796 DEBUG block.SCMBlockDeletingService (SCMBlockDeletingService.java:call(155)) - Scanned deleted blocks log and got 0 delTX to process.
2019-06-13 22:26:41,803 INFO  client.GrpcClientProtocolClient (GrpcClientProtocolClient.java:onNext(254)) - client-43E682E1E07B->d5132e6f-def8-45c0-b0d2-c5ba43d86628: receive RaftClientReply:client-43E682E1E07B->d5132e6f-def8-45c0-b0d2-c5ba43d86628@group-C29775A8E805, cid=1169, SUCCESS, logIndex=2054, commits[d5132e6f-def8-45c0-b0d2-c5ba43d86628:c2054]
2019-06-13 22:26:41,806 INFO  client.GrpcClientProtocolClient (GrpcClientProtocolClient.java:onNext(254)) - client-43E682E1E07B->d5132e6f-def8-45c0-b0d2-c5ba43d86628: receive RaftClientReply:client-43E682E1E07B->d5132e6f-def8-45c0-b0d2-c5ba43d86628@group-C29775A8E805, cid=1170, SUCCESS, logIndex=2056, commits[d5132e6f-def8-45c0-b0d2-c5ba43d86628:c2058]
2019-06-13 22:26:41,807 INFO  client.GrpcClientProtocolClient (GrpcClientProtocolClient.java:onNext(254)) - client-43E682E1E07B->d5132e6f-def8-45c0-b0d2-c5ba43d86628: receive RaftClientReply:client-43E682E1E07B->d5132e6f-def8-45c0-b0d2-c5ba43d86628@group-C29775A8E805, cid=1171, SUCCESS, logIndex=2057, commits[d5132e6f-def8-45c0-b0d2-c5ba43d86628:c2058]
2019-06-13 22:26:41,807 INFO  client.GrpcClientProtocolClient (GrpcClientProtocolClient.java:onNext(254)) - client-43E682E1E07B->d5132e6f-def8-45c0-b0d2-c5ba43d86628: receive RaftClientReply:client-43E682E1E07B->d5132e6f-def8-45c0-b0d2-c5ba43d86628@group-C29775A8E805, cid=1172, SUCCESS, logIndex=2058, commits[d5132e6f-def8-45c0-b0d2-c5ba43d86628:c2059]
2019-06-13 22:26:41,814 INFO  client.GrpcClientProtocolClient (GrpcClientProtocolClient.java:onNext(254)) - client-43E682E1E07B->d5132e6f-def8-45c0-b0d2-c5ba43d86628: receive RaftClientReply:client-43E682E1E07B->d5132e6f-def8-45c0-b0d2-c5ba43d86628@group-C29775A8E805, cid=1173, SUCCESS, logIndex=2060, commits[d5132e6f-def8-45c0-b0d2-c5ba43d86628:c2060]
2019-06-13 22:26:41,816 INFO  client.GrpcClientProtocolClient (GrpcClientProtocolClient.java:onNext(254)) - client-43E682E1E07B->d5132e6f-def8-45c0-b0d2-c5ba43d86628: receive RaftClientReply:client-43E682E1E07B->d5132e6f-def8-45c0-b0d2-c5ba43d86628@group-C29775A8E805, cid=1174, SUCCESS, logIndex=2062, commits[d5132e6f-def8-45c0-b0d2-c5ba43d86628:c2062]
2019-06-13 22:26:41,817 INFO  client.GrpcClientProtocolClient (GrpcClientProtocolClient.java:onNext(254)) - client-43E682E1E07B->d5132e6f-def8-45c0-b0d2-c5ba43d86628: receive RaftClientReply:client-43E682E1E07B->d5132e6f-def8-45c0-b0d2-c5ba43d86628@group-C29775A8E805, cid=1175, SUCCESS, logIndex=2063, commits[d5132e6f-def8-45c0-b0d2-c5ba43d86628:c2064]
2019-06-13 22:26:41,817 INFO  client.GrpcClientProtocolClient (GrpcClientProtocolClient.java:onNext(254)) - client-43E682E1E07B->d5132e6f-def8-45c0-b0d2-c5ba43d86628: receive RaftClientReply:client-43E682E1E07B->d5132e6f-def8-45c0-b0d2-c5ba43d86628@group-C29775A8E805, cid=1176, SUCCESS, logIndex=2064, commits[d5132e6f-def8-45c0-b0d2-c5ba43d86628:c2065]
2019-06-13 22:26:41,827 INFO  client.GrpcClientProtocolClient (GrpcClientProtocolClient.java:onNext(254)) - client-43E682E1E07B->d5132e6f-def8-45c0-b0d2-c5ba43d86628: receive RaftClientReply:client-43E682E1E07B->d5132e6f-def8-45c0-b0d2-c5ba43d86628@group-C29775A8E805, cid=1177, SUCCESS, logIndex=2067, commits[d5132e6f-def8-45c0-b0d2-c5ba43d86628:c2067]
2019-06-13 22:26:41,830 INFO  client.GrpcClientProtocolClient (GrpcClientProtocolClient.java:onNext(254)) - client-43E682E1E07B->d5132e6f-def8-45c0-b0d2-c5ba43d86628: receive RaftClientReply:client-43E682E1E07B->d5132e6f-def8-45c0-b0d2-c5ba43d86628@group-C29775A8E805, cid=1178, SUCCESS, logIndex=2069, commits[d5132e6f-def8-45c0-b0d2-c5ba43d86628:c2069]
2019-06-13 22:26:41,831 INFO  client.GrpcClientProtocolClient (GrpcClientProtocolClient.java:onNext(254)) - client-43E682E1E07B->d5132e6f-def8-45c0-b0d2-c5ba43d86628: receive RaftClientReply:client-43E682E1E07B->d5132e6f-def8-45c0-b0d2-c5ba43d86628@group-C29775A8E805, cid=1179, SUCCESS, logIndex=2070, commits[d5132e6f-def8-45c0-b0d2-c5ba43d86628:c2071]
2019-06-13 22:26:41,831 INFO  client.GrpcClientProtocolClient (GrpcClientProtocolClient.java:onNext(254)) - client-43E682E1E07B->d5132e6f-def8-45c0-b0d2-c5ba43d86628: receive RaftClientReply:client-43E682E1E07B->d5132e6f-def8-45c0-b0d2-c5ba43d86628@group-C29775A8E805, cid=1180, SUCCESS, logIndex=2071, commits[d5132e6f-def8-45c0-b0d2-c5ba43d86628:c2071]
2019-06-13 22:26:41,839 INFO  client.GrpcClientProtocolClient (GrpcClientProtocolClient.java:onNext(254)) - client-43E682E1E07B->d5132e6f-def8-45c0-b0d2-c5ba43d86628: receive RaftClientReply:client-43E682E1E07B->d5132e6f-def8-45c0-b0d2-c5ba43d86628@group-C29775A8E805, cid=1181, SUCCESS, logIndex=2074, commits[d5132e6f-def8-45c0-b0d2-c5ba43d86628:c2074]
2019-06-13 22:26:41,841 INFO  client.GrpcClientProtocolClient (GrpcClientProtocolClient.java:onNext(254)) - client-43E682E1E07B->d5132e6f-def8-45c0-b0d2-c5ba43d86628: receive RaftClientReply:client-43E682E1E07B->d5132e6f-def8-45c0-b0d2-c5ba43d86628@group-C29775A8E805, cid=1182, SUCCESS, logIndex=2076, commits[d5132e6f-def8-45c0-b0d2-c5ba43d86628:c2076]
2019-06-13 22:26:41,842 INFO  client.GrpcClientProtocolClient (GrpcClientProtocolClient.java:onNext(254)) - client-43E682E1E07B->d5132e6f-def8-45c0-b0d2-c5ba43d86628: receive RaftClientReply:client-43E682E1E07B->d5132e6f-def8-45c0-b0d2-c5ba43d86628@group-C29775A8E805, cid=1183, SUCCESS, logIndex=2077, commits[d5132e6f-def8-45c0-b0d2-c5ba43d86628:c2078]
2019-06-13 22:26:41,842 INFO  client.GrpcClientProtocolClient (GrpcClientProtocolClient.java:onNext(254)) - client-43E682E1E07B->d5132e6f-def8-45c0-b0d2-c5ba43d86628: receive RaftClientReply:client-43E682E1E07B->d5132e6f-def8-45c0-b0d2-c5ba43d86628@group-C29775A8E805, cid=1184, SUCCESS, logIndex=2078, commits[d5132e6f-def8-45c0-b0d2-c5ba43d86628:c2078]
2019-06-13 22:26:41,856 INFO  client.GrpcClientProtocolClient (GrpcClientProtocolClient.java:onNext(254)) - client-43E682E1E07B->d5132e6f-def8-45c0-b0d2-c5ba43d86628: receive RaftClientReply:client-43E682E1E07B->d5132e6f-def8-45c0-b0d2-c5ba43d86628@group-C29775A8E805, cid=1185, SUCCESS, logIndex=2081, commits[d5132e6f-def8-45c0-b0d2-c5ba43d86628:c2081]
2019-06-13 22:26:41,858 INFO  client.GrpcClientProtocolClient (GrpcClientProtocolClient.java:onNext(254)) - client-43E682E1E07B->d5132e6f-def8-45c0-b0d2-c5ba43d86628: receive RaftClientReply:client-43E682E1E07B->d5132e6f-def8-45c0-b0d2-c5ba43d86628@group-C29775A8E805, cid=1186, SUCCESS, logIndex=2083, commits[d5132e6f-def8-45c0-b0d2-c5ba43d86628:c2083]
2019-06-13 22:26:41,859 INFO  client.GrpcClientProtocolClient (GrpcClientProtocolClient.java:onNext(254)) - client-43E682E1E07B->d5132e6f-def8-45c0-b0d2-c5ba43d86628: receive RaftClientReply:client-43E682E1E07B->d5132e6f-def8-45c0-b0d2-c5ba43d86628@group-C29775A8E805, cid=1187, SUCCESS, logIndex=2084, commits[d5132e6f-def8-45c0-b0d2-c5ba43d86628:c2086]
2019-06-13 22:26:41,859 INFO  client.GrpcClientProtocolClient (GrpcClientProtocolClient.java:onNext(254)) - client-43E682E1E07B->d5132e6f-def8-45c0-b0d2-c5ba43d86628: receive RaftClientReply:client-43E682E1E07B->d5132e6f-def8-45c0-b0d2-c5ba43d86628@group-C29775A8E805, cid=1188, SUCCESS, logIndex=2085, commits[d5132e6f-def8-45c0-b0d2-c5ba43d86628:c2086]
2019-06-13 22:26:41,874 INFO  client.GrpcClientProtocolClient (GrpcClientProtocolClient.java:onNext(254)) - client-43E682E1E07B->d5132e6f-def8-45c0-b0d2-c5ba43d86628: receive RaftClientReply:client-43E682E1E07B->d5132e6f-def8-45c0-b0d2-c5ba43d86628@group-C29775A8E805, cid=1189, SUCCESS, logIndex=2087, commits[d5132e6f-def8-45c0-b0d2-c5ba43d86628:c2087]
2019-06-13 22:26:41,879 INFO  client.GrpcClientProtocolClient (GrpcClientProtocolClient.java:onNext(254)) - client-43E682E1E07B->d5132e6f-def8-45c0-b0d2-c5ba43d86628: receive RaftClientReply:client-43E682E1E07B->d5132e6f-def8-45c0-b0d2-c5ba43d86628@group-C29775A8E805, cid=1190, SUCCESS, logIndex=2089, commits[d5132e6f-def8-45c0-b0d2-c5ba43d86628:c2092]
2019-06-13 22:26:41,879 INFO  client.GrpcClientProtocolClient (GrpcClientProtocolClient.java:onNext(254)) - client-43E682E1E07B->d5132e6f-def8-45c0-b0d2-c5ba43d86628: receive RaftClientReply:client-43E682E1E07B->d5132e6f-def8-45c0-b0d2-c5ba43d86628@group-C29775A8E805, cid=1191, SUCCESS, logIndex=2090, commits[d5132e6f-def8-45c0-b0d2-c5ba43d86628:c2092]
2019-06-13 22:26:41,880 INFO  client.GrpcClientProtocolClient (GrpcClientProtocolClient.java:onNext(254)) - client-43E682E1E07B->d5132e6f-def8-45c0-b0d2-c5ba43d86628: receive RaftClientReply:client-43E682E1E07B->d5132e6f-def8-45c0-b0d2-c5ba43d86628@group-C29775A8E805, cid=1192, SUCCESS, logIndex=2091, commits[d5132e6f-def8-45c0-b0d2-c5ba43d86628:c2092]
2019-06-13 22:26:41,896 DEBUG block.SCMBlockDeletingService (SCMBlockDeletingService.java:call(138)) - Running DeletedBlockTransactionScanner
2019-06-13 22:26:41,897 DEBUG block.SCMBlockDeletingService (SCMBlockDeletingService.java:call(155)) - Scanned deleted blocks log and got 0 delTX to process.
2019-06-13 22:26:41,960 INFO  client.GrpcClientProtocolClient (GrpcClientProtocolClient.java:onNext(254)) - client-43E682E1E07B->d5132e6f-def8-45c0-b0d2-c5ba43d86628: receive RaftClientReply:client-43E682E1E07B->d5132e6f-def8-45c0-b0d2-c5ba43d86628@group-C29775A8E805, cid=1193, SUCCESS, logIndex=2093, commits[d5132e6f-def8-45c0-b0d2-c5ba43d86628:c2093]
2019-06-13 22:26:41,962 INFO  client.GrpcClientProtocolClient (GrpcClientProtocolClient.java:onNext(254)) - client-43E682E1E07B->d5132e6f-def8-45c0-b0d2-c5ba43d86628: receive RaftClientReply:client-43E682E1E07B->d5132e6f-def8-45c0-b0d2-c5ba43d86628@group-C29775A8E805, cid=1194, SUCCESS, logIndex=2095, commits[d5132e6f-def8-45c0-b0d2-c5ba43d86628:c2095]
2019-06-13 22:26:41,964 INFO  client.GrpcClientProtocolClient (GrpcClientProtocolClient.java:onNext(254)) - client-43E682E1E07B->d5132e6f-def8-45c0-b0d2-c5ba43d86628: receive RaftClientReply:client-43E682E1E07B->d5132e6f-def8-45c0-b0d2-c5ba43d86628@group-C29775A8E805, cid=1195, SUCCESS, logIndex=2096, commits[d5132e6f-def8-45c0-b0d2-c5ba43d86628:c2098]
2019-06-13 22:26:41,964 INFO  client.GrpcClientProtocolClient (GrpcClientProtocolClient.java:onNext(254)) - client-43E682E1E07B->d5132e6f-def8-45c0-b0d2-c5ba43d86628: receive RaftClientReply:client-43E682E1E07B->d5132e6f-def8-45c0-b0d2-c5ba43d86628@group-C29775A8E805, cid=1196, SUCCESS, logIndex=2097, commits[d5132e6f-def8-45c0-b0d2-c5ba43d86628:c2098]
2019-06-13 22:26:41,971 INFO  client.GrpcClientProtocolClient (GrpcClientProtocolClient.java:onNext(254)) - client-43E682E1E07B->d5132e6f-def8-45c0-b0d2-c5ba43d86628: receive RaftClientReply:client-43E682E1E07B->d5132e6f-def8-45c0-b0d2-c5ba43d86628@group-C29775A8E805, cid=1197, SUCCESS, logIndex=2099, commits[d5132e6f-def8-45c0-b0d2-c5ba43d86628:c2099]
2019-06-13 22:26:41,971 INFO  storage.RaftLogWorker (RaftLogWorker.java:rollLogSegment(303)) - d5132e6f-def8-45c0-b0d2-c5ba43d86628-RaftLogWorker: Rolling segment log-2028_2100 to index:2100
2019-06-13 22:26:41,972 INFO  storage.RaftLogWorker (RaftLogWorker.java:execute(433)) - d5132e6f-def8-45c0-b0d2-c5ba43d86628-RaftLogWorker: Rolled log segment from /opt/src/hadoop-ozone/integration-test/target/test-dir/MiniOzoneClusterImpl-e9ea07bb-4900-4b53-96c1-68f0ab556a80/datanode-0/data/ratis/c7035dd3-cd4a-42fb-880d-c29775a8e805/current/log_inprogress_2028 to /opt/src/hadoop-ozone/integration-test/target/test-dir/MiniOzoneClusterImpl-e9ea07bb-4900-4b53-96c1-68f0ab556a80/datanode-0/data/ratis/c7035dd3-cd4a-42fb-880d-c29775a8e805/current/log_2028-2100
2019-06-13 22:26:41,997 DEBUG block.SCMBlockDeletingService (SCMBlockDeletingService.java:call(138)) - Running DeletedBlockTransactionScanner
2019-06-13 22:26:41,997 DEBUG block.SCMBlockDeletingService (SCMBlockDeletingService.java:call(155)) - Scanned deleted blocks log and got 0 delTX to process.
2019-06-13 22:26:42,015 INFO  storage.RaftLogWorker (RaftLogWorker.java:execute(469)) - d5132e6f-def8-45c0-b0d2-c5ba43d86628-RaftLogWorker: created new log segment /opt/src/hadoop-ozone/integration-test/target/test-dir/MiniOzoneClusterImpl-e9ea07bb-4900-4b53-96c1-68f0ab556a80/datanode-0/data/ratis/c7035dd3-cd4a-42fb-880d-c29775a8e805/current/log_inprogress_2101
2019-06-13 22:26:42,017 INFO  client.GrpcClientProtocolClient (GrpcClientProtocolClient.java:onNext(254)) - client-43E682E1E07B->d5132e6f-def8-45c0-b0d2-c5ba43d86628: receive RaftClientReply:client-43E682E1E07B->d5132e6f-def8-45c0-b0d2-c5ba43d86628@group-C29775A8E805, cid=1198, SUCCESS, logIndex=2101, commits[d5132e6f-def8-45c0-b0d2-c5ba43d86628:c2102]
2019-06-13 22:26:42,018 INFO  client.GrpcClientProtocolClient (GrpcClientProtocolClient.java:onNext(254)) - client-43E682E1E07B->d5132e6f-def8-45c0-b0d2-c5ba43d86628: receive RaftClientReply:client-43E682E1E07B->d5132e6f-def8-45c0-b0d2-c5ba43d86628@group-C29775A8E805, cid=1199, SUCCESS, logIndex=2102, commits[d5132e6f-def8-45c0-b0d2-c5ba43d86628:c2103]
2019-06-13 22:26:42,019 INFO  client.GrpcClientProtocolClient (GrpcClientProtocolClient.java:onNext(254)) - client-43E682E1E07B->d5132e6f-def8-45c0-b0d2-c5ba43d86628: receive RaftClientReply:client-43E682E1E07B->d5132e6f-def8-45c0-b0d2-c5ba43d86628@group-C29775A8E805, cid=1200, SUCCESS, logIndex=2104, commits[d5132e6f-def8-45c0-b0d2-c5ba43d86628:c2104]
2019-06-13 22:26:42,032 INFO  client.GrpcClientProtocolClient (GrpcClientProtocolClient.java:onNext(254)) - client-43E682E1E07B->d5132e6f-def8-45c0-b0d2-c5ba43d86628: receive RaftClientReply:client-43E682E1E07B->d5132e6f-def8-45c0-b0d2-c5ba43d86628@group-C29775A8E805, cid=1201, SUCCESS, logIndex=2106, commits[d5132e6f-def8-45c0-b0d2-c5ba43d86628:c2106]
2019-06-13 22:26:42,036 INFO  client.GrpcClientProtocolClient (GrpcClientProtocolClient.java:onNext(254)) - client-43E682E1E07B->d5132e6f-def8-45c0-b0d2-c5ba43d86628: receive RaftClientReply:client-43E682E1E07B->d5132e6f-def8-45c0-b0d2-c5ba43d86628@group-C29775A8E805, cid=1202, SUCCESS, logIndex=2108, commits[d5132e6f-def8-45c0-b0d2-c5ba43d86628:c2108]
2019-06-13 22:26:42,036 INFO  client.GrpcClientProtocolClient (GrpcClientProtocolClient.java:onNext(254)) - client-43E682E1E07B->d5132e6f-def8-45c0-b0d2-c5ba43d86628: receive RaftClientReply:client-43E682E1E07B->d5132e6f-def8-45c0-b0d2-c5ba43d86628@group-C29775A8E805, cid=1203, SUCCESS, logIndex=2109, commits[d5132e6f-def8-45c0-b0d2-c5ba43d86628:c2109]
2019-06-13 22:26:42,037 INFO  client.GrpcClientProtocolClient (GrpcClientProtocolClient.java:onNext(254)) - client-43E682E1E07B->d5132e6f-def8-45c0-b0d2-c5ba43d86628: receive RaftClientReply:client-43E682E1E07B->d5132e6f-def8-45c0-b0d2-c5ba43d86628@group-C29775A8E805, cid=1204, SUCCESS, logIndex=2111, commits[d5132e6f-def8-45c0-b0d2-c5ba43d86628:c2111]
2019-06-13 22:26:42,045 INFO  client.GrpcClientProtocolClient (GrpcClientProtocolClient.java:onNext(254)) - client-43E682E1E07B->d5132e6f-def8-45c0-b0d2-c5ba43d86628: receive RaftClientReply:client-43E682E1E07B->d5132e6f-def8-45c0-b0d2-c5ba43d86628@group-C29775A8E805, cid=1205, SUCCESS, logIndex=2114, commits[d5132e6f-def8-45c0-b0d2-c5ba43d86628:c2114]
2019-06-13 22:26:42,046 INFO  client.GrpcClientProtocolClient (GrpcClientProtocolClient.java:onNext(254)) - client-43E682E1E07B->d5132e6f-def8-45c0-b0d2-c5ba43d86628: receive RaftClientReply:client-43E682E1E07B->d5132e6f-def8-45c0-b0d2-c5ba43d86628@group-C29775A8E805, cid=1206, SUCCESS, logIndex=2116, commits[d5132e6f-def8-45c0-b0d2-c5ba43d86628:c2116]
2019-06-13 22:26:42,050 INFO  client.GrpcClientProtocolClient (GrpcClientProtocolClient.java:onNext(254)) - client-43E682E1E07B->d5132e6f-def8-45c0-b0d2-c5ba43d86628: receive RaftClientReply:client-43E682E1E07B->d5132e6f-def8-45c0-b0d2-c5ba43d86628@group-C29775A8E805, cid=1207, SUCCESS, logIndex=2118, commits[d5132e6f-def8-45c0-b0d2-c5ba43d86628:c2118]
2019-06-13 22:26:42,052 INFO  client.GrpcClientProtocolClient (GrpcClientProtocolClient.java:onNext(254)) - client-43E682E1E07B->d5132e6f-def8-45c0-b0d2-c5ba43d86628: receive RaftClientReply:client-43E682E1E07B->d5132e6f-def8-45c0-b0d2-c5ba43d86628@group-C29775A8E805, cid=1208, SUCCESS, logIndex=2120, commits[d5132e6f-def8-45c0-b0d2-c5ba43d86628:c2120]
2019-06-13 22:26:42,070 INFO  client.GrpcClientProtocolClient (GrpcClientProtocolClient.java:onNext(254)) - client-43E682E1E07B->d5132e6f-def8-45c0-b0d2-c5ba43d86628: receive RaftClientReply:client-43E682E1E07B->d5132e6f-def8-45c0-b0d2-c5ba43d86628@group-C29775A8E805, cid=1209, SUCCESS, logIndex=2122, commits[d5132e6f-def8-45c0-b0d2-c5ba43d86628:c2123]
2019-06-13 22:26:42,078 INFO  client.GrpcClientProtocolClient (GrpcClientProtocolClient.java:onNext(254)) - client-43E682E1E07B->d5132e6f-def8-45c0-b0d2-c5ba43d86628: receive RaftClientReply:client-43E682E1E07B->d5132e6f-def8-45c0-b0d2-c5ba43d86628@group-C29775A8E805, cid=1210, SUCCESS, logIndex=2124, commits[d5132e6f-def8-45c0-b0d2-c5ba43d86628:c2124]
2019-06-13 22:26:42,078 INFO  client.GrpcClientProtocolClient (GrpcClientProtocolClient.java:onNext(254)) - client-43E682E1E07B->d5132e6f-def8-45c0-b0d2-c5ba43d86628: receive RaftClientReply:client-43E682E1E07B->d5132e6f-def8-45c0-b0d2-c5ba43d86628@group-C29775A8E805, cid=1211, SUCCESS, logIndex=2125, commits[d5132e6f-def8-45c0-b0d2-c5ba43d86628:c2127]
2019-06-13 22:26:42,078 INFO  client.GrpcClientProtocolClient (GrpcClientProtocolClient.java:onNext(254)) - client-43E682E1E07B->d5132e6f-def8-45c0-b0d2-c5ba43d86628: receive RaftClientReply:client-43E682E1E07B->d5132e6f-def8-45c0-b0d2-c5ba43d86628@group-C29775A8E805, cid=1212, SUCCESS, logIndex=2127, commits[d5132e6f-def8-45c0-b0d2-c5ba43d86628:c2127]
2019-06-13 22:26:42,087 INFO  client.GrpcClientProtocolClient (GrpcClientProtocolClient.java:onNext(254)) - client-43E682E1E07B->d5132e6f-def8-45c0-b0d2-c5ba43d86628: receive RaftClientReply:client-43E682E1E07B->d5132e6f-def8-45c0-b0d2-c5ba43d86628@group-C29775A8E805, cid=1213, SUCCESS, logIndex=2129, commits[d5132e6f-def8-45c0-b0d2-c5ba43d86628:c2129]
2019-06-13 22:26:42,091 INFO  client.GrpcClientProtocolClient (GrpcClientProtocolClient.java:onNext(254)) - client-43E682E1E07B->d5132e6f-def8-45c0-b0d2-c5ba43d86628: receive RaftClientReply:client-43E682E1E07B->d5132e6f-def8-45c0-b0d2-c5ba43d86628@group-C29775A8E805, cid=1214, SUCCESS, logIndex=2131, commits[d5132e6f-def8-45c0-b0d2-c5ba43d86628:c2131]
2019-06-13 22:26:42,092 INFO  client.GrpcClientProtocolClient (GrpcClientProtocolClient.java:onNext(254)) - client-43E682E1E07B->d5132e6f-def8-45c0-b0d2-c5ba43d86628: receive RaftClientReply:client-43E682E1E07B->d5132e6f-def8-45c0-b0d2-c5ba43d86628@group-C29775A8E805, cid=1215, SUCCESS, logIndex=2132, commits[d5132e6f-def8-45c0-b0d2-c5ba43d86628:c2133]
2019-06-13 22:26:42,097 INFO  client.GrpcClientProtocolClient (GrpcClientProtocolClient.java:onNext(254)) - client-43E682E1E07B->d5132e6f-def8-45c0-b0d2-c5ba43d86628: receive RaftClientReply:client-43E682E1E07B->d5132e6f-def8-45c0-b0d2-c5ba43d86628@group-C29775A8E805, cid=1216, SUCCESS, logIndex=2134, commits[d5132e6f-def8-45c0-b0d2-c5ba43d86628:c2135]
2019-06-13 22:26:42,098 DEBUG block.SCMBlockDeletingService (SCMBlockDeletingService.java:call(138)) - Running DeletedBlockTransactionScanner
2019-06-13 22:26:42,098 DEBUG block.SCMBlockDeletingService (SCMBlockDeletingService.java:call(155)) - Scanned deleted blocks log and got 0 delTX to process.
2019-06-13 22:26:42,120 INFO  client.GrpcClientProtocolClient (GrpcClientProtocolClient.java:onNext(254)) - client-43E682E1E07B->d5132e6f-def8-45c0-b0d2-c5ba43d86628: receive RaftClientReply:client-43E682E1E07B->d5132e6f-def8-45c0-b0d2-c5ba43d86628@group-C29775A8E805, cid=1217, SUCCESS, logIndex=2136, commits[d5132e6f-def8-45c0-b0d2-c5ba43d86628:c2136]
2019-06-13 22:26:42,123 INFO  client.GrpcClientProtocolClient (GrpcClientProtocolClient.java:onNext(254)) - client-43E682E1E07B->d5132e6f-def8-45c0-b0d2-c5ba43d86628: receive RaftClientReply:client-43E682E1E07B->d5132e6f-def8-45c0-b0d2-c5ba43d86628@group-C29775A8E805, cid=1218, SUCCESS, logIndex=2138, commits[d5132e6f-def8-45c0-b0d2-c5ba43d86628:c2138]
2019-06-13 22:26:42,126 INFO  client.GrpcClientProtocolClient (GrpcClientProtocolClient.java:onNext(254)) - client-43E682E1E07B->d5132e6f-def8-45c0-b0d2-c5ba43d86628: receive RaftClientReply:client-43E682E1E07B->d5132e6f-def8-45c0-b0d2-c5ba43d86628@group-C29775A8E805, cid=1219, SUCCESS, logIndex=2139, commits[d5132e6f-def8-45c0-b0d2-c5ba43d86628:c2139]
2019-06-13 22:26:42,128 INFO  client.GrpcClientProtocolClient (GrpcClientProtocolClient.java:onNext(254)) - client-43E682E1E07B->d5132e6f-def8-45c0-b0d2-c5ba43d86628: receive RaftClientReply:client-43E682E1E07B->d5132e6f-def8-45c0-b0d2-c5ba43d86628@group-C29775A8E805, cid=1220, SUCCESS, logIndex=2142, commits[d5132e6f-def8-45c0-b0d2-c5ba43d86628:c2142]
2019-06-13 22:26:42,136 INFO  client.GrpcClientProtocolClient (GrpcClientProtocolClient.java:onNext(254)) - client-43E682E1E07B->d5132e6f-def8-45c0-b0d2-c5ba43d86628: receive RaftClientReply:client-43E682E1E07B->d5132e6f-def8-45c0-b0d2-c5ba43d86628@group-C29775A8E805, cid=1221, SUCCESS, logIndex=2144, commits[d5132e6f-def8-45c0-b0d2-c5ba43d86628:c2144]
2019-06-13 22:26:42,138 INFO  client.GrpcClientProtocolClient (GrpcClientProtocolClient.java:onNext(254)) - client-43E682E1E07B->d5132e6f-def8-45c0-b0d2-c5ba43d86628: receive RaftClientReply:client-43E682E1E07B->d5132e6f-def8-45c0-b0d2-c5ba43d86628@group-C29775A8E805, cid=1222, SUCCESS, logIndex=2146, commits[d5132e6f-def8-45c0-b0d2-c5ba43d86628:c2146]
2019-06-13 22:26:42,142 INFO  client.GrpcClientProtocolClient (GrpcClientProtocolClient.java:onNext(254)) - client-43E682E1E07B->d5132e6f-def8-45c0-b0d2-c5ba43d86628: receive RaftClientReply:client-43E682E1E07B->d5132e6f-def8-45c0-b0d2-c5ba43d86628@group-C29775A8E805, cid=1223, SUCCESS, logIndex=2148, commits[d5132e6f-def8-45c0-b0d2-c5ba43d86628:c2149]
2019-06-13 22:26:42,146 INFO  client.GrpcClientProtocolClient (GrpcClientProtocolClient.java:onNext(254)) - client-43E682E1E07B->d5132e6f-def8-45c0-b0d2-c5ba43d86628: receive RaftClientReply:client-43E682E1E07B->d5132e6f-def8-45c0-b0d2-c5ba43d86628@group-C29775A8E805, cid=1224, SUCCESS, logIndex=2149, commits[d5132e6f-def8-45c0-b0d2-c5ba43d86628:c2149]
2019-06-13 22:26:42,204 DEBUG block.SCMBlockDeletingService (SCMBlockDeletingService.java:call(138)) - Running DeletedBlockTransactionScanner
2019-06-13 22:26:42,204 DEBUG block.SCMBlockDeletingService (SCMBlockDeletingService.java:call(155)) - Scanned deleted blocks log and got 0 delTX to process.
2019-06-13 22:26:42,205 INFO  client.GrpcClientProtocolClient (GrpcClientProtocolClient.java:onNext(254)) - client-43E682E1E07B->d5132e6f-def8-45c0-b0d2-c5ba43d86628: receive RaftClientReply:client-43E682E1E07B->d5132e6f-def8-45c0-b0d2-c5ba43d86628@group-C29775A8E805, cid=1225, SUCCESS, logIndex=2151, commits[d5132e6f-def8-45c0-b0d2-c5ba43d86628:c2151]
2019-06-13 22:26:42,213 INFO  client.GrpcClientProtocolClient (GrpcClientProtocolClient.java:onNext(254)) - client-43E682E1E07B->d5132e6f-def8-45c0-b0d2-c5ba43d86628: receive RaftClientReply:client-43E682E1E07B->d5132e6f-def8-45c0-b0d2-c5ba43d86628@group-C29775A8E805, cid=1226, SUCCESS, logIndex=2153, commits[d5132e6f-def8-45c0-b0d2-c5ba43d86628:c2153]
2019-06-13 22:26:42,216 INFO  client.GrpcClientProtocolClient (GrpcClientProtocolClient.java:onNext(254)) - client-43E682E1E07B->d5132e6f-def8-45c0-b0d2-c5ba43d86628: receive RaftClientReply:client-43E682E1E07B->d5132e6f-def8-45c0-b0d2-c5ba43d86628@group-C29775A8E805, cid=1227, SUCCESS, logIndex=2155, commits[d5132e6f-def8-45c0-b0d2-c5ba43d86628:c2155]
2019-06-13 22:26:42,217 INFO  client.GrpcClientProtocolClient (GrpcClientProtocolClient.java:onNext(254)) - client-43E682E1E07B->d5132e6f-def8-45c0-b0d2-c5ba43d86628: receive RaftClientReply:client-43E682E1E07B->d5132e6f-def8-45c0-b0d2-c5ba43d86628@group-C29775A8E805, cid=1228, SUCCESS, logIndex=2156, commits[d5132e6f-def8-45c0-b0d2-c5ba43d86628:c2156]
2019-06-13 22:26:42,225 INFO  client.GrpcClientProtocolClient (GrpcClientProtocolClient.java:onNext(254)) - client-43E682E1E07B->d5132e6f-def8-45c0-b0d2-c5ba43d86628: receive RaftClientReply:client-43E682E1E07B->d5132e6f-def8-45c0-b0d2-c5ba43d86628@group-C29775A8E805, cid=1229, SUCCESS, logIndex=2159, commits[d5132e6f-def8-45c0-b0d2-c5ba43d86628:c2159]
2019-06-13 22:26:42,228 INFO  client.GrpcClientProtocolClient (GrpcClientProtocolClient.java:onNext(254)) - client-43E682E1E07B->d5132e6f-def8-45c0-b0d2-c5ba43d86628: receive RaftClientReply:client-43E682E1E07B->d5132e6f-def8-45c0-b0d2-c5ba43d86628@group-C29775A8E805, cid=1230, SUCCESS, logIndex=2161, commits[d5132e6f-def8-45c0-b0d2-c5ba43d86628:c2161]
2019-06-13 22:26:42,228 INFO  client.GrpcClientProtocolClient (GrpcClientProtocolClient.java:onNext(254)) - client-43E682E1E07B->d5132e6f-def8-45c0-b0d2-c5ba43d86628: receive RaftClientReply:client-43E682E1E07B->d5132e6f-def8-45c0-b0d2-c5ba43d86628@group-C29775A8E805, cid=1231, SUCCESS, logIndex=2162, commits[d5132e6f-def8-45c0-b0d2-c5ba43d86628:c2163]
2019-06-13 22:26:42,229 INFO  client.GrpcClientProtocolClient (GrpcClientProtocolClient.java:onNext(254)) - client-43E682E1E07B->d5132e6f-def8-45c0-b0d2-c5ba43d86628: receive RaftClientReply:client-43E682E1E07B->d5132e6f-def8-45c0-b0d2-c5ba43d86628@group-C29775A8E805, cid=1232, SUCCESS, logIndex=2163, commits[d5132e6f-def8-45c0-b0d2-c5ba43d86628:c2163]
2019-06-13 22:26:42,240 INFO  client.GrpcClientProtocolClient (GrpcClientProtocolClient.java:onNext(254)) - client-43E682E1E07B->d5132e6f-def8-45c0-b0d2-c5ba43d86628: receive RaftClientReply:client-43E682E1E07B->d5132e6f-def8-45c0-b0d2-c5ba43d86628@group-C29775A8E805, cid=1233, SUCCESS, logIndex=2166, commits[d5132e6f-def8-45c0-b0d2-c5ba43d86628:c2166]
2019-06-13 22:26:42,243 INFO  client.GrpcClientProtocolClient (GrpcClientProtocolClient.java:onNext(254)) - client-43E682E1E07B->d5132e6f-def8-45c0-b0d2-c5ba43d86628: receive RaftClientReply:client-43E682E1E07B->d5132e6f-def8-45c0-b0d2-c5ba43d86628@group-C29775A8E805, cid=1234, SUCCESS, logIndex=2168, commits[d5132e6f-def8-45c0-b0d2-c5ba43d86628:c2168]
2019-06-13 22:26:42,244 INFO  client.GrpcClientProtocolClient (GrpcClientProtocolClient.java:onNext(254)) - client-43E682E1E07B->d5132e6f-def8-45c0-b0d2-c5ba43d86628: receive RaftClientReply:client-43E682E1E07B->d5132e6f-def8-45c0-b0d2-c5ba43d86628@group-C29775A8E805, cid=1235, SUCCESS, logIndex=2169, commits[d5132e6f-def8-45c0-b0d2-c5ba43d86628:c2170]
2019-06-13 22:26:42,245 INFO  client.GrpcClientProtocolClient (GrpcClientProtocolClient.java:onNext(254)) - client-43E682E1E07B->d5132e6f-def8-45c0-b0d2-c5ba43d86628: receive RaftClientReply:client-43E682E1E07B->d5132e6f-def8-45c0-b0d2-c5ba43d86628@group-C29775A8E805, cid=1236, SUCCESS, logIndex=2170, commits[d5132e6f-def8-45c0-b0d2-c5ba43d86628:c2171]
2019-06-13 22:26:42,305 DEBUG block.SCMBlockDeletingService (SCMBlockDeletingService.java:call(138)) - Running DeletedBlockTransactionScanner
2019-06-13 22:26:42,305 DEBUG block.SCMBlockDeletingService (SCMBlockDeletingService.java:call(155)) - Scanned deleted blocks log and got 0 delTX to process.
2019-06-13 22:26:42,322 INFO  client.GrpcClientProtocolClient (GrpcClientProtocolClient.java:onNext(254)) - client-43E682E1E07B->d5132e6f-def8-45c0-b0d2-c5ba43d86628: receive RaftClientReply:client-43E682E1E07B->d5132e6f-def8-45c0-b0d2-c5ba43d86628@group-C29775A8E805, cid=1237, SUCCESS, logIndex=2173, commits[d5132e6f-def8-45c0-b0d2-c5ba43d86628:c2173]
2019-06-13 22:26:42,322 INFO  storage.RaftLogWorker (RaftLogWorker.java:rollLogSegment(303)) - d5132e6f-def8-45c0-b0d2-c5ba43d86628-RaftLogWorker: Rolling segment log-2101_2176 to index:2176
2019-06-13 22:26:42,324 INFO  storage.RaftLogWorker (RaftLogWorker.java:execute(433)) - d5132e6f-def8-45c0-b0d2-c5ba43d86628-RaftLogWorker: Rolled log segment from /opt/src/hadoop-ozone/integration-test/target/test-dir/MiniOzoneClusterImpl-e9ea07bb-4900-4b53-96c1-68f0ab556a80/datanode-0/data/ratis/c7035dd3-cd4a-42fb-880d-c29775a8e805/current/log_inprogress_2101 to /opt/src/hadoop-ozone/integration-test/target/test-dir/MiniOzoneClusterImpl-e9ea07bb-4900-4b53-96c1-68f0ab556a80/datanode-0/data/ratis/c7035dd3-cd4a-42fb-880d-c29775a8e805/current/log_2101-2176
2019-06-13 22:26:42,328 INFO  client.GrpcClientProtocolClient (GrpcClientProtocolClient.java:onNext(254)) - client-43E682E1E07B->d5132e6f-def8-45c0-b0d2-c5ba43d86628: receive RaftClientReply:client-43E682E1E07B->d5132e6f-def8-45c0-b0d2-c5ba43d86628@group-C29775A8E805, cid=1238, SUCCESS, logIndex=2175, commits[d5132e6f-def8-45c0-b0d2-c5ba43d86628:c2176]
2019-06-13 22:26:42,329 INFO  client.GrpcClientProtocolClient (GrpcClientProtocolClient.java:onNext(254)) - client-43E682E1E07B->d5132e6f-def8-45c0-b0d2-c5ba43d86628: receive RaftClientReply:client-43E682E1E07B->d5132e6f-def8-45c0-b0d2-c5ba43d86628@group-C29775A8E805, cid=1239, SUCCESS, logIndex=2176, commits[d5132e6f-def8-45c0-b0d2-c5ba43d86628:c2176]
2019-06-13 22:26:42,361 INFO  storage.RaftLogWorker (RaftLogWorker.java:execute(469)) - d5132e6f-def8-45c0-b0d2-c5ba43d86628-RaftLogWorker: created new log segment /opt/src/hadoop-ozone/integration-test/target/test-dir/MiniOzoneClusterImpl-e9ea07bb-4900-4b53-96c1-68f0ab556a80/datanode-0/data/ratis/c7035dd3-cd4a-42fb-880d-c29775a8e805/current/log_inprogress_2177
2019-06-13 22:26:42,363 INFO  client.GrpcClientProtocolClient (GrpcClientProtocolClient.java:onNext(254)) - client-43E682E1E07B->d5132e6f-def8-45c0-b0d2-c5ba43d86628: receive RaftClientReply:client-43E682E1E07B->d5132e6f-def8-45c0-b0d2-c5ba43d86628@group-C29775A8E805, cid=1240, SUCCESS, logIndex=2177, commits[d5132e6f-def8-45c0-b0d2-c5ba43d86628:c2179]
2019-06-13 22:26:42,374 INFO  client.GrpcClientProtocolClient (GrpcClientProtocolClient.java:onNext(254)) - client-43E682E1E07B->d5132e6f-def8-45c0-b0d2-c5ba43d86628: receive RaftClientReply:client-43E682E1E07B->d5132e6f-def8-45c0-b0d2-c5ba43d86628@group-C29775A8E805, cid=1241, SUCCESS, logIndex=2180, commits[d5132e6f-def8-45c0-b0d2-c5ba43d86628:c2180]
2019-06-13 22:26:42,376 INFO  client.GrpcClientProtocolClient (GrpcClientProtocolClient.java:onNext(254)) - client-43E682E1E07B->d5132e6f-def8-45c0-b0d2-c5ba43d86628: receive RaftClientReply:client-43E682E1E07B->d5132e6f-def8-45c0-b0d2-c5ba43d86628@group-C29775A8E805, cid=1242, SUCCESS, logIndex=2182, commits[d5132e6f-def8-45c0-b0d2-c5ba43d86628:c2182]
2019-06-13 22:26:42,377 INFO  client.GrpcClientProtocolClient (GrpcClientProtocolClient.java:onNext(254)) - client-43E682E1E07B->d5132e6f-def8-45c0-b0d2-c5ba43d86628: receive RaftClientReply:client-43E682E1E07B->d5132e6f-def8-45c0-b0d2-c5ba43d86628@group-C29775A8E805, cid=1243, SUCCESS, logIndex=2183, commits[d5132e6f-def8-45c0-b0d2-c5ba43d86628:c2184]
2019-06-13 22:26:42,378 INFO  client.GrpcClientProtocolClient (GrpcClientProtocolClient.java:onNext(254)) - client-43E682E1E07B->d5132e6f-def8-45c0-b0d2-c5ba43d86628: receive RaftClientReply:client-43E682E1E07B->d5132e6f-def8-45c0-b0d2-c5ba43d86628@group-C29775A8E805, cid=1244, SUCCESS, logIndex=2185, commits[d5132e6f-def8-45c0-b0d2-c5ba43d86628:c2185]
2019-06-13 22:26:42,387 INFO  client.GrpcClientProtocolClient (GrpcClientProtocolClient.java:onNext(254)) - client-43E682E1E07B->d5132e6f-def8-45c0-b0d2-c5ba43d86628: receive RaftClientReply:client-43E682E1E07B->d5132e6f-def8-45c0-b0d2-c5ba43d86628@group-C29775A8E805, cid=1245, SUCCESS, logIndex=2187, commits[d5132e6f-def8-45c0-b0d2-c5ba43d86628:c2187]
2019-06-13 22:26:42,389 INFO  client.GrpcClientProtocolClient (GrpcClientProtocolClient.java:onNext(254)) - client-43E682E1E07B->d5132e6f-def8-45c0-b0d2-c5ba43d86628: receive RaftClientReply:client-43E682E1E07B->d5132e6f-def8-45c0-b0d2-c5ba43d86628@group-C29775A8E805, cid=1246, SUCCESS, logIndex=2189, commits[d5132e6f-def8-45c0-b0d2-c5ba43d86628:c2189]
2019-06-13 22:26:42,390 INFO  client.GrpcClientProtocolClient (GrpcClientProtocolClient.java:onNext(254)) - client-43E682E1E07B->d5132e6f-def8-45c0-b0d2-c5ba43d86628: receive RaftClientReply:client-43E682E1E07B->d5132e6f-def8-45c0-b0d2-c5ba43d86628@group-C29775A8E805, cid=1247, SUCCESS, logIndex=2190, commits[d5132e6f-def8-45c0-b0d2-c5ba43d86628:c2192]
2019-06-13 22:26:42,390 INFO  client.GrpcClientProtocolClient (GrpcClientProtocolClient.java:onNext(254)) - client-43E682E1E07B->d5132e6f-def8-45c0-b0d2-c5ba43d86628: receive RaftClientReply:client-43E682E1E07B->d5132e6f-def8-45c0-b0d2-c5ba43d86628@group-C29775A8E805, cid=1248, SUCCESS, logIndex=2191, commits[d5132e6f-def8-45c0-b0d2-c5ba43d86628:c2192]
2019-06-13 22:26:42,401 INFO  client.GrpcClientProtocolClient (GrpcClientProtocolClient.java:onNext(254)) - client-43E682E1E07B->d5132e6f-def8-45c0-b0d2-c5ba43d86628: receive RaftClientReply:client-43E682E1E07B->d5132e6f-def8-45c0-b0d2-c5ba43d86628@group-C29775A8E805, cid=1249, SUCCESS, logIndex=2193, commits[d5132e6f-def8-45c0-b0d2-c5ba43d86628:c2193]
2019-06-13 22:26:42,405 INFO  client.GrpcClientProtocolClient (GrpcClientProtocolClient.java:onNext(254)) - client-43E682E1E07B->d5132e6f-def8-45c0-b0d2-c5ba43d86628: receive RaftClientReply:client-43E682E1E07B->d5132e6f-def8-45c0-b0d2-c5ba43d86628@group-C29775A8E805, cid=1250, SUCCESS, logIndex=2195, commits[d5132e6f-def8-45c0-b0d2-c5ba43d86628:c2195]
2019-06-13 22:26:42,405 DEBUG block.SCMBlockDeletingService (SCMBlockDeletingService.java:call(138)) - Running DeletedBlockTransactionScanner
2019-06-13 22:26:42,406 DEBUG block.SCMBlockDeletingService (SCMBlockDeletingService.java:call(155)) - Scanned deleted blocks log and got 0 delTX to process.
2019-06-13 22:26:42,408 INFO  client.GrpcClientProtocolClient (GrpcClientProtocolClient.java:onNext(254)) - client-43E682E1E07B->d5132e6f-def8-45c0-b0d2-c5ba43d86628: receive RaftClientReply:client-43E682E1E07B->d5132e6f-def8-45c0-b0d2-c5ba43d86628@group-C29775A8E805, cid=1251, SUCCESS, logIndex=2197, commits[d5132e6f-def8-45c0-b0d2-c5ba43d86628:c2198]
2019-06-13 22:26:42,408 INFO  client.GrpcClientProtocolClient (GrpcClientProtocolClient.java:onNext(254)) - client-43E682E1E07B->d5132e6f-def8-45c0-b0d2-c5ba43d86628: receive RaftClientReply:client-43E682E1E07B->d5132e6f-def8-45c0-b0d2-c5ba43d86628@group-C29775A8E805, cid=1252, SUCCESS, logIndex=2198, commits[d5132e6f-def8-45c0-b0d2-c5ba43d86628:c2198]
2019-06-13 22:26:42,415 INFO  client.GrpcClientProtocolClient (GrpcClientProtocolClient.java:onNext(254)) - client-43E682E1E07B->d5132e6f-def8-45c0-b0d2-c5ba43d86628: receive RaftClientReply:client-43E682E1E07B->d5132e6f-def8-45c0-b0d2-c5ba43d86628@group-C29775A8E805, cid=1253, SUCCESS, logIndex=2200, commits[d5132e6f-def8-45c0-b0d2-c5ba43d86628:c2200]
2019-06-13 22:26:42,416 INFO  client.GrpcClientProtocolClient (GrpcClientProtocolClient.java:onNext(254)) - client-43E682E1E07B->d5132e6f-def8-45c0-b0d2-c5ba43d86628: receive RaftClientReply:client-43E682E1E07B->d5132e6f-def8-45c0-b0d2-c5ba43d86628@group-C29775A8E805, cid=1254, SUCCESS, logIndex=2202, commits[d5132e6f-def8-45c0-b0d2-c5ba43d86628:c2202]
2019-06-13 22:26:42,418 INFO  client.GrpcClientProtocolClient (GrpcClientProtocolClient.java:onNext(254)) - client-43E682E1E07B->d5132e6f-def8-45c0-b0d2-c5ba43d86628: receive RaftClientReply:client-43E682E1E07B->d5132e6f-def8-45c0-b0d2-c5ba43d86628@group-C29775A8E805, cid=1255, SUCCESS, logIndex=2203, commits[d5132e6f-def8-45c0-b0d2-c5ba43d86628:c2205]
2019-06-13 22:26:42,421 INFO  client.GrpcClientProtocolClient (GrpcClientProtocolClient.java:onNext(254)) - client-43E682E1E07B->d5132e6f-def8-45c0-b0d2-c5ba43d86628: receive RaftClientReply:client-43E682E1E07B->d5132e6f-def8-45c0-b0d2-c5ba43d86628@group-C29775A8E805, cid=1256, SUCCESS, logIndex=2205, commits[d5132e6f-def8-45c0-b0d2-c5ba43d86628:c2206]
2019-06-13 22:26:42,436 INFO  client.GrpcClientProtocolClient (GrpcClientProtocolClient.java:onNext(254)) - client-43E682E1E07B->d5132e6f-def8-45c0-b0d2-c5ba43d86628: receive RaftClientReply:client-43E682E1E07B->d5132e6f-def8-45c0-b0d2-c5ba43d86628@group-C29775A8E805, cid=1257, SUCCESS, logIndex=2207, commits[d5132e6f-def8-45c0-b0d2-c5ba43d86628:c2207]
2019-06-13 22:26:42,438 INFO  client.GrpcClientProtocolClient (GrpcClientProtocolClient.java:onNext(254)) - client-43E682E1E07B->d5132e6f-def8-45c0-b0d2-c5ba43d86628: receive RaftClientReply:client-43E682E1E07B->d5132e6f-def8-45c0-b0d2-c5ba43d86628@group-C29775A8E805, cid=1258, SUCCESS, logIndex=2209, commits[d5132e6f-def8-45c0-b0d2-c5ba43d86628:c2209]
2019-06-13 22:26:42,440 INFO  client.GrpcClientProtocolClient (GrpcClientProtocolClient.java:onNext(254)) - client-43E682E1E07B->d5132e6f-def8-45c0-b0d2-c5ba43d86628: receive RaftClientReply:client-43E682E1E07B->d5132e6f-def8-45c0-b0d2-c5ba43d86628@group-C29775A8E805, cid=1259, SUCCESS, logIndex=2210, commits[d5132e6f-def8-45c0-b0d2-c5ba43d86628:c2212]
2019-06-13 22:26:42,442 INFO  client.GrpcClientProtocolClient (GrpcClientProtocolClient.java:onNext(254)) - client-43E682E1E07B->d5132e6f-def8-45c0-b0d2-c5ba43d86628: receive RaftClientReply:client-43E682E1E07B->d5132e6f-def8-45c0-b0d2-c5ba43d86628@group-C29775A8E805, cid=1260, SUCCESS, logIndex=2212, commits[d5132e6f-def8-45c0-b0d2-c5ba43d86628:c2212]
2019-06-13 22:26:42,451 INFO  client.GrpcClientProtocolClient (GrpcClientProtocolClient.java:onNext(254)) - client-43E682E1E07B->d5132e6f-def8-45c0-b0d2-c5ba43d86628: receive RaftClientReply:client-43E682E1E07B->d5132e6f-def8-45c0-b0d2-c5ba43d86628@group-C29775A8E805, cid=1261, SUCCESS, logIndex=2214, commits[d5132e6f-def8-45c0-b0d2-c5ba43d86628:c2214]
2019-06-13 22:26:42,453 INFO  client.GrpcClientProtocolClient (GrpcClientProtocolClient.java:onNext(254)) - client-43E682E1E07B->d5132e6f-def8-45c0-b0d2-c5ba43d86628: receive RaftClientReply:client-43E682E1E07B->d5132e6f-def8-45c0-b0d2-c5ba43d86628@group-C29775A8E805, cid=1262, SUCCESS, logIndex=2216, commits[d5132e6f-def8-45c0-b0d2-c5ba43d86628:c2216]
2019-06-13 22:26:42,454 INFO  client.GrpcClientProtocolClient (GrpcClientProtocolClient.java:onNext(254)) - client-43E682E1E07B->d5132e6f-def8-45c0-b0d2-c5ba43d86628: receive RaftClientReply:client-43E682E1E07B->d5132e6f-def8-45c0-b0d2-c5ba43d86628@group-C29775A8E805, cid=1263, SUCCESS, logIndex=2217, commits[d5132e6f-def8-45c0-b0d2-c5ba43d86628:c2218]
2019-06-13 22:26:42,454 INFO  client.GrpcClientProtocolClient (GrpcClientProtocolClient.java:onNext(254)) - client-43E682E1E07B->d5132e6f-def8-45c0-b0d2-c5ba43d86628: receive RaftClientReply:client-43E682E1E07B->d5132e6f-def8-45c0-b0d2-c5ba43d86628@group-C29775A8E805, cid=1264, SUCCESS, logIndex=2218, commits[d5132e6f-def8-45c0-b0d2-c5ba43d86628:c2219]
2019-06-13 22:26:42,465 INFO  client.GrpcClientProtocolClient (GrpcClientProtocolClient.java:onNext(254)) - client-43E682E1E07B->d5132e6f-def8-45c0-b0d2-c5ba43d86628: receive RaftClientReply:client-43E682E1E07B->d5132e6f-def8-45c0-b0d2-c5ba43d86628@group-C29775A8E805, cid=1265, SUCCESS, logIndex=2221, commits[d5132e6f-def8-45c0-b0d2-c5ba43d86628:c2221]
2019-06-13 22:26:42,468 INFO  client.GrpcClientProtocolClient (GrpcClientProtocolClient.java:onNext(254)) - client-43E682E1E07B->d5132e6f-def8-45c0-b0d2-c5ba43d86628: receive RaftClientReply:client-43E682E1E07B->d5132e6f-def8-45c0-b0d2-c5ba43d86628@group-C29775A8E805, cid=1266, SUCCESS, logIndex=2223, commits[d5132e6f-def8-45c0-b0d2-c5ba43d86628:c2223]
2019-06-13 22:26:42,469 INFO  client.GrpcClientProtocolClient (GrpcClientProtocolClient.java:onNext(254)) - client-43E682E1E07B->d5132e6f-def8-45c0-b0d2-c5ba43d86628: receive RaftClientReply:client-43E682E1E07B->d5132e6f-def8-45c0-b0d2-c5ba43d86628@group-C29775A8E805, cid=1267, SUCCESS, logIndex=2224, commits[d5132e6f-def8-45c0-b0d2-c5ba43d86628:c2226]
2019-06-13 22:26:42,470 INFO  client.GrpcClientProtocolClient (GrpcClientProtocolClient.java:onNext(254)) - client-43E682E1E07B->d5132e6f-def8-45c0-b0d2-c5ba43d86628: receive RaftClientReply:client-43E682E1E07B->d5132e6f-def8-45c0-b0d2-c5ba43d86628@group-C29775A8E805, cid=1268, SUCCESS, logIndex=2225, commits[d5132e6f-def8-45c0-b0d2-c5ba43d86628:c2226]
2019-06-13 22:26:42,481 INFO  client.GrpcClientProtocolClient (GrpcClientProtocolClient.java:onNext(254)) - client-43E682E1E07B->d5132e6f-def8-45c0-b0d2-c5ba43d86628: receive RaftClientReply:client-43E682E1E07B->d5132e6f-def8-45c0-b0d2-c5ba43d86628@group-C29775A8E805, cid=1269, SUCCESS, logIndex=2227, commits[d5132e6f-def8-45c0-b0d2-c5ba43d86628:c2227]
2019-06-13 22:26:42,483 INFO  client.GrpcClientProtocolClient (GrpcClientProtocolClient.java:onNext(254)) - client-43E682E1E07B->d5132e6f-def8-45c0-b0d2-c5ba43d86628: receive RaftClientReply:client-43E682E1E07B->d5132e6f-def8-45c0-b0d2-c5ba43d86628@group-C29775A8E805, cid=1270, SUCCESS, logIndex=2229, commits[d5132e6f-def8-45c0-b0d2-c5ba43d86628:c2229]
2019-06-13 22:26:42,485 INFO  client.GrpcClientProtocolClient (GrpcClientProtocolClient.java:onNext(254)) - client-43E682E1E07B->d5132e6f-def8-45c0-b0d2-c5ba43d86628: receive RaftClientReply:client-43E682E1E07B->d5132e6f-def8-45c0-b0d2-c5ba43d86628@group-C29775A8E805, cid=1271, SUCCESS, logIndex=2230, commits[d5132e6f-def8-45c0-b0d2-c5ba43d86628:c2232]
2019-06-13 22:26:42,485 INFO  client.GrpcClientProtocolClient (GrpcClientProtocolClient.java:onNext(254)) - client-43E682E1E07B->d5132e6f-def8-45c0-b0d2-c5ba43d86628: receive RaftClientReply:client-43E682E1E07B->d5132e6f-def8-45c0-b0d2-c5ba43d86628@group-C29775A8E805, cid=1272, SUCCESS, logIndex=2231, commits[d5132e6f-def8-45c0-b0d2-c5ba43d86628:c2232]
2019-06-13 22:26:42,496 INFO  client.GrpcClientProtocolClient (GrpcClientProtocolClient.java:onNext(254)) - client-43E682E1E07B->d5132e6f-def8-45c0-b0d2-c5ba43d86628: receive RaftClientReply:client-43E682E1E07B->d5132e6f-def8-45c0-b0d2-c5ba43d86628@group-C29775A8E805, cid=1273, SUCCESS, logIndex=2233, commits[d5132e6f-def8-45c0-b0d2-c5ba43d86628:c2233]
2019-06-13 22:26:42,499 INFO  client.GrpcClientProtocolClient (GrpcClientProtocolClient.java:onNext(254)) - client-43E682E1E07B->d5132e6f-def8-45c0-b0d2-c5ba43d86628: receive RaftClientReply:client-43E682E1E07B->d5132e6f-def8-45c0-b0d2-c5ba43d86628@group-C29775A8E805, cid=1274, SUCCESS, logIndex=2235, commits[d5132e6f-def8-45c0-b0d2-c5ba43d86628:c2235]
2019-06-13 22:26:42,500 INFO  client.GrpcClientProtocolClient (GrpcClientProtocolClient.java:onNext(254)) - client-43E682E1E07B->d5132e6f-def8-45c0-b0d2-c5ba43d86628: receive RaftClientReply:client-43E682E1E07B->d5132e6f-def8-45c0-b0d2-c5ba43d86628@group-C29775A8E805, cid=1275, SUCCESS, logIndex=2236, commits[d5132e6f-def8-45c0-b0d2-c5ba43d86628:c2238]
2019-06-13 22:26:42,500 INFO  client.GrpcClientProtocolClient (GrpcClientProtocolClient.java:onNext(254)) - client-43E682E1E07B->d5132e6f-def8-45c0-b0d2-c5ba43d86628: receive RaftClientReply:client-43E682E1E07B->d5132e6f-def8-45c0-b0d2-c5ba43d86628@group-C29775A8E805, cid=1276, SUCCESS, logIndex=2237, commits[d5132e6f-def8-45c0-b0d2-c5ba43d86628:c2238]
2019-06-13 22:26:42,506 DEBUG block.SCMBlockDeletingService (SCMBlockDeletingService.java:call(138)) - Running DeletedBlockTransactionScanner
2019-06-13 22:26:42,506 DEBUG block.SCMBlockDeletingService (SCMBlockDeletingService.java:call(155)) - Scanned deleted blocks log and got 0 delTX to process.
2019-06-13 22:26:42,509 INFO  client.GrpcClientProtocolClient (GrpcClientProtocolClient.java:onNext(254)) - client-43E682E1E07B->d5132e6f-def8-45c0-b0d2-c5ba43d86628: receive RaftClientReply:client-43E682E1E07B->d5132e6f-def8-45c0-b0d2-c5ba43d86628@group-C29775A8E805, cid=1277, SUCCESS, logIndex=2239, commits[d5132e6f-def8-45c0-b0d2-c5ba43d86628:c2239]
2019-06-13 22:26:42,513 INFO  client.GrpcClientProtocolClient (GrpcClientProtocolClient.java:onNext(254)) - client-43E682E1E07B->d5132e6f-def8-45c0-b0d2-c5ba43d86628: receive RaftClientReply:client-43E682E1E07B->d5132e6f-def8-45c0-b0d2-c5ba43d86628@group-C29775A8E805, cid=1278, SUCCESS, logIndex=2241, commits[d5132e6f-def8-45c0-b0d2-c5ba43d86628:c2241]
2019-06-13 22:26:42,514 INFO  client.GrpcClientProtocolClient (GrpcClientProtocolClient.java:onNext(254)) - client-43E682E1E07B->d5132e6f-def8-45c0-b0d2-c5ba43d86628: receive RaftClientReply:client-43E682E1E07B->d5132e6f-def8-45c0-b0d2-c5ba43d86628@group-C29775A8E805, cid=1279, SUCCESS, logIndex=2242, commits[d5132e6f-def8-45c0-b0d2-c5ba43d86628:c2244]
2019-06-13 22:26:42,515 INFO  client.GrpcClientProtocolClient (GrpcClientProtocolClient.java:onNext(254)) - client-43E682E1E07B->d5132e6f-def8-45c0-b0d2-c5ba43d86628: receive RaftClientReply:client-43E682E1E07B->d5132e6f-def8-45c0-b0d2-c5ba43d86628@group-C29775A8E805, cid=1280, SUCCESS, logIndex=2243, commits[d5132e6f-def8-45c0-b0d2-c5ba43d86628:c2244]
2019-06-13 22:26:42,530 INFO  client.GrpcClientProtocolClient (GrpcClientProtocolClient.java:onNext(254)) - client-43E682E1E07B->d5132e6f-def8-45c0-b0d2-c5ba43d86628: receive RaftClientReply:client-43E682E1E07B->d5132e6f-def8-45c0-b0d2-c5ba43d86628@group-C29775A8E805, cid=1281, SUCCESS, logIndex=2245, commits[d5132e6f-def8-45c0-b0d2-c5ba43d86628:c2245]
2019-06-13 22:26:42,538 INFO  client.GrpcClientProtocolClient (GrpcClientProtocolClient.java:onNext(254)) - client-43E682E1E07B->d5132e6f-def8-45c0-b0d2-c5ba43d86628: receive RaftClientReply:client-43E682E1E07B->d5132e6f-def8-45c0-b0d2-c5ba43d86628@group-C29775A8E805, cid=1282, SUCCESS, logIndex=2247, commits[d5132e6f-def8-45c0-b0d2-c5ba43d86628:c2247]
2019-06-13 22:26:42,633 DEBUG block.SCMBlockDeletingService (SCMBlockDeletingService.java:call(138)) - Running DeletedBlockTransactionScanner
2019-06-13 22:26:42,633 DEBUG block.SCMBlockDeletingService (SCMBlockDeletingService.java:call(155)) - Scanned deleted blocks log and got 0 delTX to process.
2019-06-13 22:26:42,641 INFO  storage.RaftLogWorker (RaftLogWorker.java:rollLogSegment(303)) - d5132e6f-def8-45c0-b0d2-c5ba43d86628-RaftLogWorker: Rolling segment log-2177_2248 to index:2248
2019-06-13 22:26:42,641 INFO  storage.RaftLogWorker (RaftLogWorker.java:execute(433)) - d5132e6f-def8-45c0-b0d2-c5ba43d86628-RaftLogWorker: Rolled log segment from /opt/src/hadoop-ozone/integration-test/target/test-dir/MiniOzoneClusterImpl-e9ea07bb-4900-4b53-96c1-68f0ab556a80/datanode-0/data/ratis/c7035dd3-cd4a-42fb-880d-c29775a8e805/current/log_inprogress_2177 to /opt/src/hadoop-ozone/integration-test/target/test-dir/MiniOzoneClusterImpl-e9ea07bb-4900-4b53-96c1-68f0ab556a80/datanode-0/data/ratis/c7035dd3-cd4a-42fb-880d-c29775a8e805/current/log_2177-2248
2019-06-13 22:26:42,684 INFO  storage.RaftLogWorker (RaftLogWorker.java:execute(469)) - d5132e6f-def8-45c0-b0d2-c5ba43d86628-RaftLogWorker: created new log segment /opt/src/hadoop-ozone/integration-test/target/test-dir/MiniOzoneClusterImpl-e9ea07bb-4900-4b53-96c1-68f0ab556a80/datanode-0/data/ratis/c7035dd3-cd4a-42fb-880d-c29775a8e805/current/log_inprogress_2249
2019-06-13 22:26:42,686 INFO  client.GrpcClientProtocolClient (GrpcClientProtocolClient.java:onNext(254)) - client-43E682E1E07B->d5132e6f-def8-45c0-b0d2-c5ba43d86628: receive RaftClientReply:client-43E682E1E07B->d5132e6f-def8-45c0-b0d2-c5ba43d86628@group-C29775A8E805, cid=1283, SUCCESS, logIndex=2249, commits[d5132e6f-def8-45c0-b0d2-c5ba43d86628:c2249]
2019-06-13 22:26:42,688 INFO  client.GrpcClientProtocolClient (GrpcClientProtocolClient.java:onNext(254)) - client-43E682E1E07B->d5132e6f-def8-45c0-b0d2-c5ba43d86628: receive RaftClientReply:client-43E682E1E07B->d5132e6f-def8-45c0-b0d2-c5ba43d86628@group-C29775A8E805, cid=1284, SUCCESS, logIndex=2251, commits[d5132e6f-def8-45c0-b0d2-c5ba43d86628:c2251]
2019-06-13 22:26:42,696 INFO  client.GrpcClientProtocolClient (GrpcClientProtocolClient.java:onNext(254)) - client-43E682E1E07B->d5132e6f-def8-45c0-b0d2-c5ba43d86628: receive RaftClientReply:client-43E682E1E07B->d5132e6f-def8-45c0-b0d2-c5ba43d86628@group-C29775A8E805, cid=1285, SUCCESS, logIndex=2253, commits[d5132e6f-def8-45c0-b0d2-c5ba43d86628:c2253]
2019-06-13 22:26:42,698 INFO  client.GrpcClientProtocolClient (GrpcClientProtocolClient.java:onNext(254)) - client-43E682E1E07B->d5132e6f-def8-45c0-b0d2-c5ba43d86628: receive RaftClientReply:client-43E682E1E07B->d5132e6f-def8-45c0-b0d2-c5ba43d86628@group-C29775A8E805, cid=1286, SUCCESS, logIndex=2255, commits[d5132e6f-def8-45c0-b0d2-c5ba43d86628:c2255]
2019-06-13 22:26:42,699 INFO  client.GrpcClientProtocolClient (GrpcClientProtocolClient.java:onNext(254)) - client-43E682E1E07B->d5132e6f-def8-45c0-b0d2-c5ba43d86628: receive RaftClientReply:client-43E682E1E07B->d5132e6f-def8-45c0-b0d2-c5ba43d86628@group-C29775A8E805, cid=1287, SUCCESS, logIndex=2256, commits[d5132e6f-def8-45c0-b0d2-c5ba43d86628:c2258]
2019-06-13 22:26:42,699 INFO  client.GrpcClientProtocolClient (GrpcClientProtocolClient.java:onNext(254)) - client-43E682E1E07B->d5132e6f-def8-45c0-b0d2-c5ba43d86628: receive RaftClientReply:client-43E682E1E07B->d5132e6f-def8-45c0-b0d2-c5ba43d86628@group-C29775A8E805, cid=1288, SUCCESS, logIndex=2258, commits[d5132e6f-def8-45c0-b0d2-c5ba43d86628:c2258]
2019-06-13 22:26:42,714 INFO  client.GrpcClientProtocolClient (GrpcClientProtocolClient.java:onNext(254)) - client-43E682E1E07B->d5132e6f-def8-45c0-b0d2-c5ba43d86628: receive RaftClientReply:client-43E682E1E07B->d5132e6f-def8-45c0-b0d2-c5ba43d86628@group-C29775A8E805, cid=1289, SUCCESS, logIndex=2260, commits[d5132e6f-def8-45c0-b0d2-c5ba43d86628:c2260]
2019-06-13 22:26:42,716 INFO  client.GrpcClientProtocolClient (GrpcClientProtocolClient.java:onNext(254)) - client-43E682E1E07B->d5132e6f-def8-45c0-b0d2-c5ba43d86628: receive RaftClientReply:client-43E682E1E07B->d5132e6f-def8-45c0-b0d2-c5ba43d86628@group-C29775A8E805, cid=1290, SUCCESS, logIndex=2262, commits[d5132e6f-def8-45c0-b0d2-c5ba43d86628:c2262]
2019-06-13 22:26:42,717 INFO  client.GrpcClientProtocolClient (GrpcClientProtocolClient.java:onNext(254)) - client-43E682E1E07B->d5132e6f-def8-45c0-b0d2-c5ba43d86628: receive RaftClientReply:client-43E682E1E07B->d5132e6f-def8-45c0-b0d2-c5ba43d86628@group-C29775A8E805, cid=1291, SUCCESS, logIndex=2263, commits[d5132e6f-def8-45c0-b0d2-c5ba43d86628:c2265]
2019-06-13 22:26:42,717 INFO  client.GrpcClientProtocolClient (GrpcClientProtocolClient.java:onNext(254)) - client-43E682E1E07B->d5132e6f-def8-45c0-b0d2-c5ba43d86628: receive RaftClientReply:client-43E682E1E07B->d5132e6f-def8-45c0-b0d2-c5ba43d86628@group-C29775A8E805, cid=1292, SUCCESS, logIndex=2265, commits[d5132e6f-def8-45c0-b0d2-c5ba43d86628:c2265]
2019-06-13 22:26:42,723 INFO  client.GrpcClientProtocolClient (GrpcClientProtocolClient.java:onNext(254)) - client-43E682E1E07B->d5132e6f-def8-45c0-b0d2-c5ba43d86628: receive RaftClientReply:client-43E682E1E07B->d5132e6f-def8-45c0-b0d2-c5ba43d86628@group-C29775A8E805, cid=1293, SUCCESS, logIndex=2267, commits[d5132e6f-def8-45c0-b0d2-c5ba43d86628:c2267]
2019-06-13 22:26:42,725 INFO  client.GrpcClientProtocolClient (GrpcClientProtocolClient.java:onNext(254)) - client-43E682E1E07B->d5132e6f-def8-45c0-b0d2-c5ba43d86628: receive RaftClientReply:client-43E682E1E07B->d5132e6f-def8-45c0-b0d2-c5ba43d86628@group-C29775A8E805, cid=1294, SUCCESS, logIndex=2269, commits[d5132e6f-def8-45c0-b0d2-c5ba43d86628:c2269]
2019-06-13 22:26:42,726 INFO  client.GrpcClientProtocolClient (GrpcClientProtocolClient.java:onNext(254)) - client-43E682E1E07B->d5132e6f-def8-45c0-b0d2-c5ba43d86628: receive RaftClientReply:client-43E682E1E07B->d5132e6f-def8-45c0-b0d2-c5ba43d86628@group-C29775A8E805, cid=1295, SUCCESS, logIndex=2270, commits[d5132e6f-def8-45c0-b0d2-c5ba43d86628:c2272]
2019-06-13 22:26:42,733 INFO  client.GrpcClientProtocolClient (GrpcClientProtocolClient.java:onNext(254)) - client-43E682E1E07B->d5132e6f-def8-45c0-b0d2-c5ba43d86628: receive RaftClientReply:client-43E682E1E07B->d5132e6f-def8-45c0-b0d2-c5ba43d86628@group-C29775A8E805, cid=1296, SUCCESS, logIndex=2271, commits[d5132e6f-def8-45c0-b0d2-c5ba43d86628:c2272]
2019-06-13 22:26:42,733 DEBUG block.SCMBlockDeletingService (SCMBlockDeletingService.java:call(138)) - Running DeletedBlockTransactionScanner
2019-06-13 22:26:42,733 DEBUG block.SCMBlockDeletingService (SCMBlockDeletingService.java:call(155)) - Scanned deleted blocks log and got 0 delTX to process.
2019-06-13 22:26:42,744 INFO  client.GrpcClientProtocolClient (GrpcClientProtocolClient.java:onNext(254)) - client-43E682E1E07B->d5132e6f-def8-45c0-b0d2-c5ba43d86628: receive RaftClientReply:client-43E682E1E07B->d5132e6f-def8-45c0-b0d2-c5ba43d86628@group-C29775A8E805, cid=1297, SUCCESS, logIndex=2273, commits[d5132e6f-def8-45c0-b0d2-c5ba43d86628:c2273]
2019-06-13 22:26:42,746 INFO  client.GrpcClientProtocolClient (GrpcClientProtocolClient.java:onNext(254)) - client-43E682E1E07B->d5132e6f-def8-45c0-b0d2-c5ba43d86628: receive RaftClientReply:client-43E682E1E07B->d5132e6f-def8-45c0-b0d2-c5ba43d86628@group-C29775A8E805, cid=1298, SUCCESS, logIndex=2275, commits[d5132e6f-def8-45c0-b0d2-c5ba43d86628:c2275]
2019-06-13 22:26:42,747 INFO  client.GrpcClientProtocolClient (GrpcClientProtocolClient.java:onNext(254)) - client-43E682E1E07B->d5132e6f-def8-45c0-b0d2-c5ba43d86628: receive RaftClientReply:client-43E682E1E07B->d5132e6f-def8-45c0-b0d2-c5ba43d86628@group-C29775A8E805, cid=1299, SUCCESS, logIndex=2276, commits[d5132e6f-def8-45c0-b0d2-c5ba43d86628:c2277]
2019-06-13 22:26:42,748 INFO  client.GrpcClientProtocolClient (GrpcClientProtocolClient.java:onNext(254)) - client-43E682E1E07B->d5132e6f-def8-45c0-b0d2-c5ba43d86628: receive RaftClientReply:client-43E682E1E07B->d5132e6f-def8-45c0-b0d2-c5ba43d86628@group-C29775A8E805, cid=1300, SUCCESS, logIndex=2278, commits[d5132e6f-def8-45c0-b0d2-c5ba43d86628:c2278]
2019-06-13 22:26:42,756 INFO  client.GrpcClientProtocolClient (GrpcClientProtocolClient.java:onNext(254)) - client-43E682E1E07B->d5132e6f-def8-45c0-b0d2-c5ba43d86628: receive RaftClientReply:client-43E682E1E07B->d5132e6f-def8-45c0-b0d2-c5ba43d86628@group-C29775A8E805, cid=1301, SUCCESS, logIndex=2280, commits[d5132e6f-def8-45c0-b0d2-c5ba43d86628:c2280]
2019-06-13 22:26:42,759 INFO  client.GrpcClientProtocolClient (GrpcClientProtocolClient.java:onNext(254)) - client-43E682E1E07B->d5132e6f-def8-45c0-b0d2-c5ba43d86628: receive RaftClientReply:client-43E682E1E07B->d5132e6f-def8-45c0-b0d2-c5ba43d86628@group-C29775A8E805, cid=1302, SUCCESS, logIndex=2282, commits[d5132e6f-def8-45c0-b0d2-c5ba43d86628:c2282]
2019-06-13 22:26:42,760 INFO  client.GrpcClientProtocolClient (GrpcClientProtocolClient.java:onNext(254)) - client-43E682E1E07B->d5132e6f-def8-45c0-b0d2-c5ba43d86628: receive RaftClientReply:client-43E682E1E07B->d5132e6f-def8-45c0-b0d2-c5ba43d86628@group-C29775A8E805, cid=1303, SUCCESS, logIndex=2283, commits[d5132e6f-def8-45c0-b0d2-c5ba43d86628:c2285]
2019-06-13 22:26:42,760 INFO  client.GrpcClientProtocolClient (GrpcClientProtocolClient.java:onNext(254)) - client-43E682E1E07B->d5132e6f-def8-45c0-b0d2-c5ba43d86628: receive RaftClientReply:client-43E682E1E07B->d5132e6f-def8-45c0-b0d2-c5ba43d86628@group-C29775A8E805, cid=1304, SUCCESS, logIndex=2284, commits[d5132e6f-def8-45c0-b0d2-c5ba43d86628:c2285]
2019-06-13 22:26:42,772 INFO  client.GrpcClientProtocolClient (GrpcClientProtocolClient.java:onNext(254)) - client-43E682E1E07B->d5132e6f-def8-45c0-b0d2-c5ba43d86628: receive RaftClientReply:client-43E682E1E07B->d5132e6f-def8-45c0-b0d2-c5ba43d86628@group-C29775A8E805, cid=1305, SUCCESS, logIndex=2286, commits[d5132e6f-def8-45c0-b0d2-c5ba43d86628:c2286]
2019-06-13 22:26:42,774 INFO  client.GrpcClientProtocolClient (GrpcClientProtocolClient.java:onNext(254)) - client-43E682E1E07B->d5132e6f-def8-45c0-b0d2-c5ba43d86628: receive RaftClientReply:client-43E682E1E07B->d5132e6f-def8-45c0-b0d2-c5ba43d86628@group-C29775A8E805, cid=1306, SUCCESS, logIndex=2288, commits[d5132e6f-def8-45c0-b0d2-c5ba43d86628:c2288]
2019-06-13 22:26:42,775 INFO  client.GrpcClientProtocolClient (GrpcClientProtocolClient.java:onNext(254)) - client-43E682E1E07B->d5132e6f-def8-45c0-b0d2-c5ba43d86628: receive RaftClientReply:client-43E682E1E07B->d5132e6f-def8-45c0-b0d2-c5ba43d86628@group-C29775A8E805, cid=1307, SUCCESS, logIndex=2289, commits[d5132e6f-def8-45c0-b0d2-c5ba43d86628:c2291]
2019-06-13 22:26:42,776 INFO  client.GrpcClientProtocolClient (GrpcClientProtocolClient.java:onNext(254)) - client-43E682E1E07B->d5132e6f-def8-45c0-b0d2-c5ba43d86628: receive RaftClientReply:client-43E682E1E07B->d5132e6f-def8-45c0-b0d2-c5ba43d86628@group-C29775A8E805, cid=1308, SUCCESS, logIndex=2290, commits[d5132e6f-def8-45c0-b0d2-c5ba43d86628:c2291]
2019-06-13 22:26:42,783 INFO  client.GrpcClientProtocolClient (GrpcClientProtocolClient.java:onNext(254)) - client-43E682E1E07B->d5132e6f-def8-45c0-b0d2-c5ba43d86628: receive RaftClientReply:client-43E682E1E07B->d5132e6f-def8-45c0-b0d2-c5ba43d86628@group-C29775A8E805, cid=1309, SUCCESS, logIndex=2292, commits[d5132e6f-def8-45c0-b0d2-c5ba43d86628:c2292]
2019-06-13 22:26:42,785 INFO  client.GrpcClientProtocolClient (GrpcClientProtocolClient.java:onNext(254)) - client-43E682E1E07B->d5132e6f-def8-45c0-b0d2-c5ba43d86628: receive RaftClientReply:client-43E682E1E07B->d5132e6f-def8-45c0-b0d2-c5ba43d86628@group-C29775A8E805, cid=1310, SUCCESS, logIndex=2294, commits[d5132e6f-def8-45c0-b0d2-c5ba43d86628:c2294]
2019-06-13 22:26:42,786 INFO  client.GrpcClientProtocolClient (GrpcClientProtocolClient.java:onNext(254)) - client-43E682E1E07B->d5132e6f-def8-45c0-b0d2-c5ba43d86628: receive RaftClientReply:client-43E682E1E07B->d5132e6f-def8-45c0-b0d2-c5ba43d86628@group-C29775A8E805, cid=1311, SUCCESS, logIndex=2295, commits[d5132e6f-def8-45c0-b0d2-c5ba43d86628:c2295]
2019-06-13 22:26:42,787 INFO  client.GrpcClientProtocolClient (GrpcClientProtocolClient.java:onNext(254)) - client-43E682E1E07B->d5132e6f-def8-45c0-b0d2-c5ba43d86628: receive RaftClientReply:client-43E682E1E07B->d5132e6f-def8-45c0-b0d2-c5ba43d86628@group-C29775A8E805, cid=1312, SUCCESS, logIndex=2298, commits[d5132e6f-def8-45c0-b0d2-c5ba43d86628:c2298]
2019-06-13 22:26:42,805 INFO  client.GrpcClientProtocolClient (GrpcClientProtocolClient.java:onNext(254)) - client-43E682E1E07B->d5132e6f-def8-45c0-b0d2-c5ba43d86628: receive RaftClientReply:client-43E682E1E07B->d5132e6f-def8-45c0-b0d2-c5ba43d86628@group-C29775A8E805, cid=1313, SUCCESS, logIndex=2300, commits[d5132e6f-def8-45c0-b0d2-c5ba43d86628:c2300]
2019-06-13 22:26:42,806 INFO  client.GrpcClientProtocolClient (GrpcClientProtocolClient.java:onNext(254)) - client-43E682E1E07B->d5132e6f-def8-45c0-b0d2-c5ba43d86628: receive RaftClientReply:client-43E682E1E07B->d5132e6f-def8-45c0-b0d2-c5ba43d86628@group-C29775A8E805, cid=1314, SUCCESS, logIndex=2302, commits[d5132e6f-def8-45c0-b0d2-c5ba43d86628:c2306]
2019-06-13 22:26:42,807 INFO  client.GrpcClientProtocolClient (GrpcClientProtocolClient.java:onNext(254)) - client-43E682E1E07B->d5132e6f-def8-45c0-b0d2-c5ba43d86628: receive RaftClientReply:client-43E682E1E07B->d5132e6f-def8-45c0-b0d2-c5ba43d86628@group-C29775A8E805, cid=1315, SUCCESS, logIndex=2303, commits[d5132e6f-def8-45c0-b0d2-c5ba43d86628:c2306]
2019-06-13 22:26:42,807 INFO  client.GrpcClientProtocolClient (GrpcClientProtocolClient.java:onNext(254)) - client-43E682E1E07B->d5132e6f-def8-45c0-b0d2-c5ba43d86628: receive RaftClientReply:client-43E682E1E07B->d5132e6f-def8-45c0-b0d2-c5ba43d86628@group-C29775A8E805, cid=1316, SUCCESS, logIndex=2304, commits[d5132e6f-def8-45c0-b0d2-c5ba43d86628:c2306]
2019-06-13 22:26:42,814 INFO  client.GrpcClientProtocolClient (GrpcClientProtocolClient.java:onNext(254)) - client-43E682E1E07B->d5132e6f-def8-45c0-b0d2-c5ba43d86628: receive RaftClientReply:client-43E682E1E07B->d5132e6f-def8-45c0-b0d2-c5ba43d86628@group-C29775A8E805, cid=1317, SUCCESS, logIndex=2307, commits[d5132e6f-def8-45c0-b0d2-c5ba43d86628:c2307]
2019-06-13 22:26:42,817 INFO  client.GrpcClientProtocolClient (GrpcClientProtocolClient.java:onNext(254)) - client-43E682E1E07B->d5132e6f-def8-45c0-b0d2-c5ba43d86628: receive RaftClientReply:client-43E682E1E07B->d5132e6f-def8-45c0-b0d2-c5ba43d86628@group-C29775A8E805, cid=1318, SUCCESS, logIndex=2309, commits[d5132e6f-def8-45c0-b0d2-c5ba43d86628:c2309]
2019-06-13 22:26:42,818 INFO  client.GrpcClientProtocolClient (GrpcClientProtocolClient.java:onNext(254)) - client-43E682E1E07B->d5132e6f-def8-45c0-b0d2-c5ba43d86628: receive RaftClientReply:client-43E682E1E07B->d5132e6f-def8-45c0-b0d2-c5ba43d86628@group-C29775A8E805, cid=1319, SUCCESS, logIndex=2310, commits[d5132e6f-def8-45c0-b0d2-c5ba43d86628:c2310]
2019-06-13 22:26:42,818 INFO  client.GrpcClientProtocolClient (GrpcClientProtocolClient.java:onNext(254)) - client-43E682E1E07B->d5132e6f-def8-45c0-b0d2-c5ba43d86628: receive RaftClientReply:client-43E682E1E07B->d5132e6f-def8-45c0-b0d2-c5ba43d86628@group-C29775A8E805, cid=1320, SUCCESS, logIndex=2312, commits[d5132e6f-def8-45c0-b0d2-c5ba43d86628:c2312]
2019-06-13 22:26:42,829 INFO  client.GrpcClientProtocolClient (GrpcClientProtocolClient.java:onNext(254)) - client-43E682E1E07B->d5132e6f-def8-45c0-b0d2-c5ba43d86628: receive RaftClientReply:client-43E682E1E07B->d5132e6f-def8-45c0-b0d2-c5ba43d86628@group-C29775A8E805, cid=1321, SUCCESS, logIndex=2315, commits[d5132e6f-def8-45c0-b0d2-c5ba43d86628:c2315]
2019-06-13 22:26:42,830 INFO  client.GrpcClientProtocolClient (GrpcClientProtocolClient.java:onNext(254)) - client-43E682E1E07B->d5132e6f-def8-45c0-b0d2-c5ba43d86628: receive RaftClientReply:client-43E682E1E07B->d5132e6f-def8-45c0-b0d2-c5ba43d86628@group-C29775A8E805, cid=1322, SUCCESS, logIndex=2317, commits[d5132e6f-def8-45c0-b0d2-c5ba43d86628:c2317]
2019-06-13 22:26:42,833 INFO  client.GrpcClientProtocolClient (GrpcClientProtocolClient.java:onNext(254)) - client-43E682E1E07B->d5132e6f-def8-45c0-b0d2-c5ba43d86628: receive RaftClientReply:client-43E682E1E07B->d5132e6f-def8-45c0-b0d2-c5ba43d86628@group-C29775A8E805, cid=1323, SUCCESS, logIndex=2319, commits[d5132e6f-def8-45c0-b0d2-c5ba43d86628:c2320]
2019-06-13 22:26:42,834 DEBUG block.SCMBlockDeletingService (SCMBlockDeletingService.java:call(138)) - Running DeletedBlockTransactionScanner
2019-06-13 22:26:42,834 DEBUG block.SCMBlockDeletingService (SCMBlockDeletingService.java:call(155)) - Scanned deleted blocks log and got 0 delTX to process.
2019-06-13 22:26:42,834 INFO  client.GrpcClientProtocolClient (GrpcClientProtocolClient.java:onNext(254)) - client-43E682E1E07B->d5132e6f-def8-45c0-b0d2-c5ba43d86628: receive RaftClientReply:client-43E682E1E07B->d5132e6f-def8-45c0-b0d2-c5ba43d86628@group-C29775A8E805, cid=1324, SUCCESS, logIndex=2320, commits[d5132e6f-def8-45c0-b0d2-c5ba43d86628:c2320]
2019-06-13 22:26:42,842 INFO  client.GrpcClientProtocolClient (GrpcClientProtocolClient.java:onNext(254)) - client-43E682E1E07B->d5132e6f-def8-45c0-b0d2-c5ba43d86628: receive RaftClientReply:client-43E682E1E07B->d5132e6f-def8-45c0-b0d2-c5ba43d86628@group-C29775A8E805, cid=1325, SUCCESS, logIndex=2322, commits[d5132e6f-def8-45c0-b0d2-c5ba43d86628:c2322]
2019-06-13 22:26:42,842 INFO  storage.RaftLogWorker (RaftLogWorker.java:rollLogSegment(303)) - d5132e6f-def8-45c0-b0d2-c5ba43d86628-RaftLogWorker: Rolling segment log-2249_2323 to index:2323
2019-06-13 22:26:42,843 INFO  storage.RaftLogWorker (RaftLogWorker.java:execute(433)) - d5132e6f-def8-45c0-b0d2-c5ba43d86628-RaftLogWorker: Rolled log segment from /opt/src/hadoop-ozone/integration-test/target/test-dir/MiniOzoneClusterImpl-e9ea07bb-4900-4b53-96c1-68f0ab556a80/datanode-0/data/ratis/c7035dd3-cd4a-42fb-880d-c29775a8e805/current/log_inprogress_2249 to /opt/src/hadoop-ozone/integration-test/target/test-dir/MiniOzoneClusterImpl-e9ea07bb-4900-4b53-96c1-68f0ab556a80/datanode-0/data/ratis/c7035dd3-cd4a-42fb-880d-c29775a8e805/current/log_2249-2323
2019-06-13 22:26:42,903 INFO  storage.RaftLogWorker (RaftLogWorker.java:execute(469)) - d5132e6f-def8-45c0-b0d2-c5ba43d86628-RaftLogWorker: created new log segment /opt/src/hadoop-ozone/integration-test/target/test-dir/MiniOzoneClusterImpl-e9ea07bb-4900-4b53-96c1-68f0ab556a80/datanode-0/data/ratis/c7035dd3-cd4a-42fb-880d-c29775a8e805/current/log_inprogress_2324
2019-06-13 22:26:42,905 INFO  client.GrpcClientProtocolClient (GrpcClientProtocolClient.java:onNext(254)) - client-43E682E1E07B->d5132e6f-def8-45c0-b0d2-c5ba43d86628: receive RaftClientReply:client-43E682E1E07B->d5132e6f-def8-45c0-b0d2-c5ba43d86628@group-C29775A8E805, cid=1326, SUCCESS, logIndex=2324, commits[d5132e6f-def8-45c0-b0d2-c5ba43d86628:c2324]
2019-06-13 22:26:42,934 DEBUG block.SCMBlockDeletingService (SCMBlockDeletingService.java:call(138)) - Running DeletedBlockTransactionScanner
2019-06-13 22:26:42,934 DEBUG block.SCMBlockDeletingService (SCMBlockDeletingService.java:call(155)) - Scanned deleted blocks log and got 0 delTX to process.
2019-06-13 22:26:42,936 INFO  client.GrpcClientProtocolClient (GrpcClientProtocolClient.java:onNext(254)) - client-43E682E1E07B->d5132e6f-def8-45c0-b0d2-c5ba43d86628: receive RaftClientReply:client-43E682E1E07B->d5132e6f-def8-45c0-b0d2-c5ba43d86628@group-C29775A8E805, cid=1327, SUCCESS, logIndex=2326, commits[d5132e6f-def8-45c0-b0d2-c5ba43d86628:c2326]
2019-06-13 22:26:42,937 INFO  client.GrpcClientProtocolClient (GrpcClientProtocolClient.java:onNext(254)) - client-43E682E1E07B->d5132e6f-def8-45c0-b0d2-c5ba43d86628: receive RaftClientReply:client-43E682E1E07B->d5132e6f-def8-45c0-b0d2-c5ba43d86628@group-C29775A8E805, cid=1328, SUCCESS, logIndex=2328, commits[d5132e6f-def8-45c0-b0d2-c5ba43d86628:c2328]
2019-06-13 22:26:42,952 INFO  client.GrpcClientProtocolClient (GrpcClientProtocolClient.java:onNext(254)) - client-43E682E1E07B->d5132e6f-def8-45c0-b0d2-c5ba43d86628: receive RaftClientReply:client-43E682E1E07B->d5132e6f-def8-45c0-b0d2-c5ba43d86628@group-C29775A8E805, cid=1329, SUCCESS, logIndex=2330, commits[d5132e6f-def8-45c0-b0d2-c5ba43d86628:c2330]
2019-06-13 22:26:42,955 INFO  client.GrpcClientProtocolClient (GrpcClientProtocolClient.java:onNext(254)) - client-43E682E1E07B->d5132e6f-def8-45c0-b0d2-c5ba43d86628: receive RaftClientReply:client-43E682E1E07B->d5132e6f-def8-45c0-b0d2-c5ba43d86628@group-C29775A8E805, cid=1330, SUCCESS, logIndex=2332, commits[d5132e6f-def8-45c0-b0d2-c5ba43d86628:c2332]
2019-06-13 22:26:42,956 INFO  client.GrpcClientProtocolClient (GrpcClientProtocolClient.java:onNext(254)) - client-43E682E1E07B->d5132e6f-def8-45c0-b0d2-c5ba43d86628: receive RaftClientReply:client-43E682E1E07B->d5132e6f-def8-45c0-b0d2-c5ba43d86628@group-C29775A8E805, cid=1331, SUCCESS, logIndex=2333, commits[d5132e6f-def8-45c0-b0d2-c5ba43d86628:c2335]
2019-06-13 22:26:42,956 INFO  client.GrpcClientProtocolClient (GrpcClientProtocolClient.java:onNext(254)) - client-43E682E1E07B->d5132e6f-def8-45c0-b0d2-c5ba43d86628: receive RaftClientReply:client-43E682E1E07B->d5132e6f-def8-45c0-b0d2-c5ba43d86628@group-C29775A8E805, cid=1332, SUCCESS, logIndex=2334, commits[d5132e6f-def8-45c0-b0d2-c5ba43d86628:c2335]
2019-06-13 22:26:42,964 INFO  client.GrpcClientProtocolClient (GrpcClientProtocolClient.java:onNext(254)) - client-43E682E1E07B->d5132e6f-def8-45c0-b0d2-c5ba43d86628: receive RaftClientReply:client-43E682E1E07B->d5132e6f-def8-45c0-b0d2-c5ba43d86628@group-C29775A8E805, cid=1333, SUCCESS, logIndex=2336, commits[d5132e6f-def8-45c0-b0d2-c5ba43d86628:c2336]
2019-06-13 22:26:42,967 INFO  client.GrpcClientProtocolClient (GrpcClientProtocolClient.java:onNext(254)) - client-43E682E1E07B->d5132e6f-def8-45c0-b0d2-c5ba43d86628: receive RaftClientReply:client-43E682E1E07B->d5132e6f-def8-45c0-b0d2-c5ba43d86628@group-C29775A8E805, cid=1334, SUCCESS, logIndex=2338, commits[d5132e6f-def8-45c0-b0d2-c5ba43d86628:c2338]
2019-06-13 22:26:42,967 INFO  client.GrpcClientProtocolClient (GrpcClientProtocolClient.java:onNext(254)) - client-43E682E1E07B->d5132e6f-def8-45c0-b0d2-c5ba43d86628: receive RaftClientReply:client-43E682E1E07B->d5132e6f-def8-45c0-b0d2-c5ba43d86628@group-C29775A8E805, cid=1335, SUCCESS, logIndex=2339, commits[d5132e6f-def8-45c0-b0d2-c5ba43d86628:c2339]
2019-06-13 22:26:42,968 INFO  client.GrpcClientProtocolClient (GrpcClientProtocolClient.java:onNext(254)) - client-43E682E1E07B->d5132e6f-def8-45c0-b0d2-c5ba43d86628: receive RaftClientReply:client-43E682E1E07B->d5132e6f-def8-45c0-b0d2-c5ba43d86628@group-C29775A8E805, cid=1336, SUCCESS, logIndex=2341, commits[d5132e6f-def8-45c0-b0d2-c5ba43d86628:c2341]
2019-06-13 22:26:42,983 INFO  client.GrpcClientProtocolClient (GrpcClientProtocolClient.java:onNext(254)) - client-43E682E1E07B->d5132e6f-def8-45c0-b0d2-c5ba43d86628: receive RaftClientReply:client-43E682E1E07B->d5132e6f-def8-45c0-b0d2-c5ba43d86628@group-C29775A8E805, cid=1337, SUCCESS, logIndex=2344, commits[d5132e6f-def8-45c0-b0d2-c5ba43d86628:c2344]
2019-06-13 22:26:42,986 INFO  client.GrpcClientProtocolClient (GrpcClientProtocolClient.java:onNext(254)) - client-43E682E1E07B->d5132e6f-def8-45c0-b0d2-c5ba43d86628: receive RaftClientReply:client-43E682E1E07B->d5132e6f-def8-45c0-b0d2-c5ba43d86628@group-C29775A8E805, cid=1338, SUCCESS, logIndex=2346, commits[d5132e6f-def8-45c0-b0d2-c5ba43d86628:c2346]
2019-06-13 22:26:42,990 INFO  client.GrpcClientProtocolClient (GrpcClientProtocolClient.java:onNext(254)) - client-43E682E1E07B->d5132e6f-def8-45c0-b0d2-c5ba43d86628: receive RaftClientReply:client-43E682E1E07B->d5132e6f-def8-45c0-b0d2-c5ba43d86628@group-C29775A8E805, cid=1339, SUCCESS, logIndex=2347, commits[d5132e6f-def8-45c0-b0d2-c5ba43d86628:c2349]
2019-06-13 22:26:42,990 INFO  client.GrpcClientProtocolClient (GrpcClientProtocolClient.java:onNext(254)) - client-43E682E1E07B->d5132e6f-def8-45c0-b0d2-c5ba43d86628: receive RaftClientReply:client-43E682E1E07B->d5132e6f-def8-45c0-b0d2-c5ba43d86628@group-C29775A8E805, cid=1340, SUCCESS, logIndex=2349, commits[d5132e6f-def8-45c0-b0d2-c5ba43d86628:c2350]
2019-06-13 22:26:43,002 INFO  client.GrpcClientProtocolClient (GrpcClientProtocolClient.java:onNext(254)) - client-43E682E1E07B->d5132e6f-def8-45c0-b0d2-c5ba43d86628: receive RaftClientReply:client-43E682E1E07B->d5132e6f-def8-45c0-b0d2-c5ba43d86628@group-C29775A8E805, cid=1341, SUCCESS, logIndex=2351, commits[d5132e6f-def8-45c0-b0d2-c5ba43d86628:c2351]
2019-06-13 22:26:43,010 INFO  client.GrpcClientProtocolClient (GrpcClientProtocolClient.java:onNext(254)) - client-43E682E1E07B->d5132e6f-def8-45c0-b0d2-c5ba43d86628: receive RaftClientReply:client-43E682E1E07B->d5132e6f-def8-45c0-b0d2-c5ba43d86628@group-C29775A8E805, cid=1342, SUCCESS, logIndex=2353, commits[d5132e6f-def8-45c0-b0d2-c5ba43d86628:c2353]
2019-06-13 22:26:43,011 INFO  client.GrpcClientProtocolClient (GrpcClientProtocolClient.java:onNext(254)) - client-43E682E1E07B->d5132e6f-def8-45c0-b0d2-c5ba43d86628: receive RaftClientReply:client-43E682E1E07B->d5132e6f-def8-45c0-b0d2-c5ba43d86628@group-C29775A8E805, cid=1343, SUCCESS, logIndex=2354, commits[d5132e6f-def8-45c0-b0d2-c5ba43d86628:c2356]
2019-06-13 22:26:43,011 INFO  client.GrpcClientProtocolClient (GrpcClientProtocolClient.java:onNext(254)) - client-43E682E1E07B->d5132e6f-def8-45c0-b0d2-c5ba43d86628: receive RaftClientReply:client-43E682E1E07B->d5132e6f-def8-45c0-b0d2-c5ba43d86628@group-C29775A8E805, cid=1344, SUCCESS, logIndex=2355, commits[d5132e6f-def8-45c0-b0d2-c5ba43d86628:c2356]
2019-06-13 22:26:43,261 DEBUG block.SCMBlockDeletingService (SCMBlockDeletingService.java:call(138)) - Running DeletedBlockTransactionScanner
2019-06-13 22:26:43,262 DEBUG block.SCMBlockDeletingService (SCMBlockDeletingService.java:call(155)) - Scanned deleted blocks log and got 0 delTX to process.
2019-06-13 22:26:43,273 INFO  client.GrpcClientProtocolClient (GrpcClientProtocolClient.java:onNext(254)) - client-43E682E1E07B->d5132e6f-def8-45c0-b0d2-c5ba43d86628: receive RaftClientReply:client-43E682E1E07B->d5132e6f-def8-45c0-b0d2-c5ba43d86628@group-C29775A8E805, cid=1345, SUCCESS, logIndex=2357, commits[d5132e6f-def8-45c0-b0d2-c5ba43d86628:c2357]
2019-06-13 22:26:43,275 INFO  client.GrpcClientProtocolClient (GrpcClientProtocolClient.java:onNext(254)) - client-43E682E1E07B->d5132e6f-def8-45c0-b0d2-c5ba43d86628: receive RaftClientReply:client-43E682E1E07B->d5132e6f-def8-45c0-b0d2-c5ba43d86628@group-C29775A8E805, cid=1346, SUCCESS, logIndex=2359, commits[d5132e6f-def8-45c0-b0d2-c5ba43d86628:c2359]
2019-06-13 22:26:43,282 INFO  client.GrpcClientProtocolClient (GrpcClientProtocolClient.java:onNext(254)) - client-43E682E1E07B->d5132e6f-def8-45c0-b0d2-c5ba43d86628: receive RaftClientReply:client-43E682E1E07B->d5132e6f-def8-45c0-b0d2-c5ba43d86628@group-C29775A8E805, cid=1347, SUCCESS, logIndex=2360, commits[d5132e6f-def8-45c0-b0d2-c5ba43d86628:c2361]
2019-06-13 22:26:43,282 INFO  client.GrpcClientProtocolClient (GrpcClientProtocolClient.java:onNext(254)) - client-43E682E1E07B->d5132e6f-def8-45c0-b0d2-c5ba43d86628: receive RaftClientReply:client-43E682E1E07B->d5132e6f-def8-45c0-b0d2-c5ba43d86628@group-C29775A8E805, cid=1348, SUCCESS, logIndex=2361, commits[d5132e6f-def8-45c0-b0d2-c5ba43d86628:c2361]
2019-06-13 22:26:43,295 INFO  client.GrpcClientProtocolClient (GrpcClientProtocolClient.java:onNext(254)) - client-43E682E1E07B->d5132e6f-def8-45c0-b0d2-c5ba43d86628: receive RaftClientReply:client-43E682E1E07B->d5132e6f-def8-45c0-b0d2-c5ba43d86628@group-C29775A8E805, cid=1349, SUCCESS, logIndex=2364, commits[d5132e6f-def8-45c0-b0d2-c5ba43d86628:c2364]
2019-06-13 22:26:43,299 INFO  client.GrpcClientProtocolClient (GrpcClientProtocolClient.java:onNext(254)) - client-43E682E1E07B->d5132e6f-def8-45c0-b0d2-c5ba43d86628: receive RaftClientReply:client-43E682E1E07B->d5132e6f-def8-45c0-b0d2-c5ba43d86628@group-C29775A8E805, cid=1350, SUCCESS, logIndex=2366, commits[d5132e6f-def8-45c0-b0d2-c5ba43d86628:c2366]
2019-06-13 22:26:43,299 INFO  client.GrpcClientProtocolClient (GrpcClientProtocolClient.java:onNext(254)) - client-43E682E1E07B->d5132e6f-def8-45c0-b0d2-c5ba43d86628: receive RaftClientReply:client-43E682E1E07B->d5132e6f-def8-45c0-b0d2-c5ba43d86628@group-C29775A8E805, cid=1351, SUCCESS, logIndex=2367, commits[d5132e6f-def8-45c0-b0d2-c5ba43d86628:c2367]
2019-06-13 22:26:43,300 INFO  client.GrpcClientProtocolClient (GrpcClientProtocolClient.java:onNext(254)) - client-43E682E1E07B->d5132e6f-def8-45c0-b0d2-c5ba43d86628: receive RaftClientReply:client-43E682E1E07B->d5132e6f-def8-45c0-b0d2-c5ba43d86628@group-C29775A8E805, cid=1352, SUCCESS, logIndex=2369, commits[d5132e6f-def8-45c0-b0d2-c5ba43d86628:c2369]
2019-06-13 22:26:43,315 INFO  client.GrpcClientProtocolClient (GrpcClientProtocolClient.java:onNext(254)) - client-43E682E1E07B->d5132e6f-def8-45c0-b0d2-c5ba43d86628: receive RaftClientReply:client-43E682E1E07B->d5132e6f-def8-45c0-b0d2-c5ba43d86628@group-C29775A8E805, cid=1353, SUCCESS, logIndex=2372, commits[d5132e6f-def8-45c0-b0d2-c5ba43d86628:c2372]
2019-06-13 22:26:43,321 INFO  client.GrpcClientProtocolClient (GrpcClientProtocolClient.java:onNext(254)) - client-43E682E1E07B->d5132e6f-def8-45c0-b0d2-c5ba43d86628: receive RaftClientReply:client-43E682E1E07B->d5132e6f-def8-45c0-b0d2-c5ba43d86628@group-C29775A8E805, cid=1354, SUCCESS, logIndex=2374, commits[d5132e6f-def8-45c0-b0d2-c5ba43d86628:c2374]
2019-06-13 22:26:43,321 INFO  client.GrpcClientProtocolClient (GrpcClientProtocolClient.java:onNext(254)) - client-43E682E1E07B->d5132e6f-def8-45c0-b0d2-c5ba43d86628: receive RaftClientReply:client-43E682E1E07B->d5132e6f-def8-45c0-b0d2-c5ba43d86628@group-C29775A8E805, cid=1355, SUCCESS, logIndex=2375, commits[d5132e6f-def8-45c0-b0d2-c5ba43d86628:c2377]
2019-06-13 22:26:43,322 INFO  client.GrpcClientProtocolClient (GrpcClientProtocolClient.java:onNext(254)) - client-43E682E1E07B->d5132e6f-def8-45c0-b0d2-c5ba43d86628: receive RaftClientReply:client-43E682E1E07B->d5132e6f-def8-45c0-b0d2-c5ba43d86628@group-C29775A8E805, cid=1356, SUCCESS, logIndex=2376, commits[d5132e6f-def8-45c0-b0d2-c5ba43d86628:c2377]
2019-06-13 22:26:43,338 INFO  client.GrpcClientProtocolClient (GrpcClientProtocolClient.java:onNext(254)) - client-43E682E1E07B->d5132e6f-def8-45c0-b0d2-c5ba43d86628: receive RaftClientReply:client-43E682E1E07B->d5132e6f-def8-45c0-b0d2-c5ba43d86628@group-C29775A8E805, cid=1357, SUCCESS, logIndex=2378, commits[d5132e6f-def8-45c0-b0d2-c5ba43d86628:c2378]
2019-06-13 22:26:43,344 INFO  client.GrpcClientProtocolClient (GrpcClientProtocolClient.java:onNext(254)) - client-43E682E1E07B->d5132e6f-def8-45c0-b0d2-c5ba43d86628: receive RaftClientReply:client-43E682E1E07B->d5132e6f-def8-45c0-b0d2-c5ba43d86628@group-C29775A8E805, cid=1358, SUCCESS, logIndex=2380, commits[d5132e6f-def8-45c0-b0d2-c5ba43d86628:c2382]
2019-06-13 22:26:43,345 INFO  client.GrpcClientProtocolClient (GrpcClientProtocolClient.java:onNext(254)) - client-43E682E1E07B->d5132e6f-def8-45c0-b0d2-c5ba43d86628: receive RaftClientReply:client-43E682E1E07B->d5132e6f-def8-45c0-b0d2-c5ba43d86628@group-C29775A8E805, cid=1359, SUCCESS, logIndex=2381, commits[d5132e6f-def8-45c0-b0d2-c5ba43d86628:c2382]
2019-06-13 22:26:43,345 INFO  client.GrpcClientProtocolClient (GrpcClientProtocolClient.java:onNext(254)) - client-43E682E1E07B->d5132e6f-def8-45c0-b0d2-c5ba43d86628: receive RaftClientReply:client-43E682E1E07B->d5132e6f-def8-45c0-b0d2-c5ba43d86628@group-C29775A8E805, cid=1360, SUCCESS, logIndex=2382, commits[d5132e6f-def8-45c0-b0d2-c5ba43d86628:c2382]
2019-06-13 22:26:43,362 INFO  client.GrpcClientProtocolClient (GrpcClientProtocolClient.java:onNext(254)) - client-43E682E1E07B->d5132e6f-def8-45c0-b0d2-c5ba43d86628: receive RaftClientReply:client-43E682E1E07B->d5132e6f-def8-45c0-b0d2-c5ba43d86628@group-C29775A8E805, cid=1361, SUCCESS, logIndex=2384, commits[d5132e6f-def8-45c0-b0d2-c5ba43d86628:c2384]
2019-06-13 22:26:43,362 DEBUG block.SCMBlockDeletingService (SCMBlockDeletingService.java:call(138)) - Running DeletedBlockTransactionScanner
2019-06-13 22:26:43,362 DEBUG block.SCMBlockDeletingService (SCMBlockDeletingService.java:call(155)) - Scanned deleted blocks log and got 0 delTX to process.
2019-06-13 22:26:43,365 INFO  client.GrpcClientProtocolClient (GrpcClientProtocolClient.java:onNext(254)) - client-43E682E1E07B->d5132e6f-def8-45c0-b0d2-c5ba43d86628: receive RaftClientReply:client-43E682E1E07B->d5132e6f-def8-45c0-b0d2-c5ba43d86628@group-C29775A8E805, cid=1362, SUCCESS, logIndex=2386, commits[d5132e6f-def8-45c0-b0d2-c5ba43d86628:c2386]
2019-06-13 22:26:43,366 INFO  client.GrpcClientProtocolClient (GrpcClientProtocolClient.java:onNext(254)) - client-43E682E1E07B->d5132e6f-def8-45c0-b0d2-c5ba43d86628: receive RaftClientReply:client-43E682E1E07B->d5132e6f-def8-45c0-b0d2-c5ba43d86628@group-C29775A8E805, cid=1363, SUCCESS, logIndex=2387, commits[d5132e6f-def8-45c0-b0d2-c5ba43d86628:c2389]
2019-06-13 22:26:43,366 INFO  client.GrpcClientProtocolClient (GrpcClientProtocolClient.java:onNext(254)) - client-43E682E1E07B->d5132e6f-def8-45c0-b0d2-c5ba43d86628: receive RaftClientReply:client-43E682E1E07B->d5132e6f-def8-45c0-b0d2-c5ba43d86628@group-C29775A8E805, cid=1364, SUCCESS, logIndex=2389, commits[d5132e6f-def8-45c0-b0d2-c5ba43d86628:c2389]
2019-06-13 22:26:43,379 INFO  client.GrpcClientProtocolClient (GrpcClientProtocolClient.java:onNext(254)) - client-43E682E1E07B->d5132e6f-def8-45c0-b0d2-c5ba43d86628: receive RaftClientReply:client-43E682E1E07B->d5132e6f-def8-45c0-b0d2-c5ba43d86628@group-C29775A8E805, cid=1365, SUCCESS, logIndex=2391, commits[d5132e6f-def8-45c0-b0d2-c5ba43d86628:c2391]
2019-06-13 22:26:43,380 INFO  storage.RaftLogWorker (RaftLogWorker.java:rollLogSegment(303)) - d5132e6f-def8-45c0-b0d2-c5ba43d86628-RaftLogWorker: Rolling segment log-2324_2394 to index:2394
2019-06-13 22:26:43,381 INFO  storage.RaftLogWorker (RaftLogWorker.java:execute(433)) - d5132e6f-def8-45c0-b0d2-c5ba43d86628-RaftLogWorker: Rolled log segment from /opt/src/hadoop-ozone/integration-test/target/test-dir/MiniOzoneClusterImpl-e9ea07bb-4900-4b53-96c1-68f0ab556a80/datanode-0/data/ratis/c7035dd3-cd4a-42fb-880d-c29775a8e805/current/log_inprogress_2324 to /opt/src/hadoop-ozone/integration-test/target/test-dir/MiniOzoneClusterImpl-e9ea07bb-4900-4b53-96c1-68f0ab556a80/datanode-0/data/ratis/c7035dd3-cd4a-42fb-880d-c29775a8e805/current/log_2324-2394
2019-06-13 22:26:43,400 INFO  client.GrpcClientProtocolClient (GrpcClientProtocolClient.java:onNext(254)) - client-43E682E1E07B->d5132e6f-def8-45c0-b0d2-c5ba43d86628: receive RaftClientReply:client-43E682E1E07B->d5132e6f-def8-45c0-b0d2-c5ba43d86628@group-C29775A8E805, cid=1366, SUCCESS, logIndex=2393, commits[d5132e6f-def8-45c0-b0d2-c5ba43d86628:c2394]
2019-06-13 22:26:43,402 INFO  client.GrpcClientProtocolClient (GrpcClientProtocolClient.java:onNext(254)) - client-43E682E1E07B->d5132e6f-def8-45c0-b0d2-c5ba43d86628: receive RaftClientReply:client-43E682E1E07B->d5132e6f-def8-45c0-b0d2-c5ba43d86628@group-C29775A8E805, cid=1367, SUCCESS, logIndex=2394, commits[d5132e6f-def8-45c0-b0d2-c5ba43d86628:c2394]
2019-06-13 22:26:43,431 INFO  storage.RaftLogWorker (RaftLogWorker.java:execute(469)) - d5132e6f-def8-45c0-b0d2-c5ba43d86628-RaftLogWorker: created new log segment /opt/src/hadoop-ozone/integration-test/target/test-dir/MiniOzoneClusterImpl-e9ea07bb-4900-4b53-96c1-68f0ab556a80/datanode-0/data/ratis/c7035dd3-cd4a-42fb-880d-c29775a8e805/current/log_inprogress_2395
2019-06-13 22:26:43,438 INFO  client.GrpcClientProtocolClient (GrpcClientProtocolClient.java:onNext(254)) - client-43E682E1E07B->d5132e6f-def8-45c0-b0d2-c5ba43d86628: receive RaftClientReply:client-43E682E1E07B->d5132e6f-def8-45c0-b0d2-c5ba43d86628@group-C29775A8E805, cid=1368, SUCCESS, logIndex=2395, commits[d5132e6f-def8-45c0-b0d2-c5ba43d86628:c2397]
2019-06-13 22:26:43,461 INFO  client.GrpcClientProtocolClient (GrpcClientProtocolClient.java:onNext(254)) - client-43E682E1E07B->d5132e6f-def8-45c0-b0d2-c5ba43d86628: receive RaftClientReply:client-43E682E1E07B->d5132e6f-def8-45c0-b0d2-c5ba43d86628@group-C29775A8E805, cid=1369, SUCCESS, logIndex=2398, commits[d5132e6f-def8-45c0-b0d2-c5ba43d86628:c2399]
2019-06-13 22:26:43,463 DEBUG block.SCMBlockDeletingService (SCMBlockDeletingService.java:call(138)) - Running DeletedBlockTransactionScanner
2019-06-13 22:26:43,463 DEBUG block.SCMBlockDeletingService (SCMBlockDeletingService.java:call(155)) - Scanned deleted blocks log and got 0 delTX to process.
2019-06-13 22:26:43,473 INFO  client.GrpcClientProtocolClient (GrpcClientProtocolClient.java:onNext(254)) - client-43E682E1E07B->d5132e6f-def8-45c0-b0d2-c5ba43d86628: receive RaftClientReply:client-43E682E1E07B->d5132e6f-def8-45c0-b0d2-c5ba43d86628@group-C29775A8E805, cid=1370, SUCCESS, logIndex=2400, commits[d5132e6f-def8-45c0-b0d2-c5ba43d86628:c2401]
2019-06-13 22:26:43,539 INFO  client.GrpcClientProtocolClient (GrpcClientProtocolClient.java:onNext(254)) - client-43E682E1E07B->d5132e6f-def8-45c0-b0d2-c5ba43d86628: receive RaftClientReply:client-43E682E1E07B->d5132e6f-def8-45c0-b0d2-c5ba43d86628@group-C29775A8E805, cid=1371, SUCCESS, logIndex=2402, commits[d5132e6f-def8-45c0-b0d2-c5ba43d86628:c2402]
2019-06-13 22:26:43,541 INFO  client.GrpcClientProtocolClient (GrpcClientProtocolClient.java:onNext(254)) - client-43E682E1E07B->d5132e6f-def8-45c0-b0d2-c5ba43d86628: receive RaftClientReply:client-43E682E1E07B->d5132e6f-def8-45c0-b0d2-c5ba43d86628@group-C29775A8E805, cid=1372, SUCCESS, logIndex=2404, commits[d5132e6f-def8-45c0-b0d2-c5ba43d86628:c2404]
2019-06-13 22:26:43,551 INFO  client.GrpcClientProtocolClient (GrpcClientProtocolClient.java:onNext(254)) - client-43E682E1E07B->d5132e6f-def8-45c0-b0d2-c5ba43d86628: receive RaftClientReply:client-43E682E1E07B->d5132e6f-def8-45c0-b0d2-c5ba43d86628@group-C29775A8E805, cid=1373, SUCCESS, logIndex=2406, commits[d5132e6f-def8-45c0-b0d2-c5ba43d86628:c2406]
2019-06-13 22:26:43,552 INFO  client.GrpcClientProtocolClient (GrpcClientProtocolClient.java:onNext(254)) - client-43E682E1E07B->d5132e6f-def8-45c0-b0d2-c5ba43d86628: receive RaftClientReply:client-43E682E1E07B->d5132e6f-def8-45c0-b0d2-c5ba43d86628@group-C29775A8E805, cid=1374, SUCCESS, logIndex=2408, commits[d5132e6f-def8-45c0-b0d2-c5ba43d86628:c2408]
2019-06-13 22:26:43,557 INFO  client.GrpcClientProtocolClient (GrpcClientProtocolClient.java:onNext(254)) - client-43E682E1E07B->d5132e6f-def8-45c0-b0d2-c5ba43d86628: receive RaftClientReply:client-43E682E1E07B->d5132e6f-def8-45c0-b0d2-c5ba43d86628@group-C29775A8E805, cid=1375, SUCCESS, logIndex=2410, commits[d5132e6f-def8-45c0-b0d2-c5ba43d86628:c2411]
2019-06-13 22:26:43,558 INFO  client.GrpcClientProtocolClient (GrpcClientProtocolClient.java:onNext(254)) - client-43E682E1E07B->d5132e6f-def8-45c0-b0d2-c5ba43d86628: receive RaftClientReply:client-43E682E1E07B->d5132e6f-def8-45c0-b0d2-c5ba43d86628@group-C29775A8E805, cid=1376, SUCCESS, logIndex=2411, commits[d5132e6f-def8-45c0-b0d2-c5ba43d86628:c2412]
2019-06-13 22:26:43,563 DEBUG block.SCMBlockDeletingService (SCMBlockDeletingService.java:call(138)) - Running DeletedBlockTransactionScanner
2019-06-13 22:26:43,563 DEBUG block.SCMBlockDeletingService (SCMBlockDeletingService.java:call(155)) - Scanned deleted blocks log and got 0 delTX to process.
2019-06-13 22:26:43,570 INFO  client.GrpcClientProtocolClient (GrpcClientProtocolClient.java:onNext(254)) - client-43E682E1E07B->d5132e6f-def8-45c0-b0d2-c5ba43d86628: receive RaftClientReply:client-43E682E1E07B->d5132e6f-def8-45c0-b0d2-c5ba43d86628@group-C29775A8E805, cid=1377, SUCCESS, logIndex=2413, commits[d5132e6f-def8-45c0-b0d2-c5ba43d86628:c2413]
2019-06-13 22:26:43,572 INFO  client.GrpcClientProtocolClient (GrpcClientProtocolClient.java:onNext(254)) - client-43E682E1E07B->d5132e6f-def8-45c0-b0d2-c5ba43d86628: receive RaftClientReply:client-43E682E1E07B->d5132e6f-def8-45c0-b0d2-c5ba43d86628@group-C29775A8E805, cid=1378, SUCCESS, logIndex=2415, commits[d5132e6f-def8-45c0-b0d2-c5ba43d86628:c2415]
2019-06-13 22:26:43,578 INFO  client.GrpcClientProtocolClient (GrpcClientProtocolClient.java:onNext(254)) - client-43E682E1E07B->d5132e6f-def8-45c0-b0d2-c5ba43d86628: receive RaftClientReply:client-43E682E1E07B->d5132e6f-def8-45c0-b0d2-c5ba43d86628@group-C29775A8E805, cid=1379, SUCCESS, logIndex=2417, commits[d5132e6f-def8-45c0-b0d2-c5ba43d86628:c2419]
2019-06-13 22:26:43,578 INFO  client.GrpcClientProtocolClient (GrpcClientProtocolClient.java:onNext(254)) - client-43E682E1E07B->d5132e6f-def8-45c0-b0d2-c5ba43d86628: receive RaftClientReply:client-43E682E1E07B->d5132e6f-def8-45c0-b0d2-c5ba43d86628@group-C29775A8E805, cid=1380, SUCCESS, logIndex=2418, commits[d5132e6f-def8-45c0-b0d2-c5ba43d86628:c2419]
2019-06-13 22:26:43,587 INFO  client.GrpcClientProtocolClient (GrpcClientProtocolClient.java:onNext(254)) - client-43E682E1E07B->d5132e6f-def8-45c0-b0d2-c5ba43d86628: receive RaftClientReply:client-43E682E1E07B->d5132e6f-def8-45c0-b0d2-c5ba43d86628@group-C29775A8E805, cid=1381, SUCCESS, logIndex=2420, commits[d5132e6f-def8-45c0-b0d2-c5ba43d86628:c2420]
2019-06-13 22:26:43,591 INFO  client.GrpcClientProtocolClient (GrpcClientProtocolClient.java:onNext(254)) - client-43E682E1E07B->d5132e6f-def8-45c0-b0d2-c5ba43d86628: receive RaftClientReply:client-43E682E1E07B->d5132e6f-def8-45c0-b0d2-c5ba43d86628@group-C29775A8E805, cid=1382, SUCCESS, logIndex=2422, commits[d5132e6f-def8-45c0-b0d2-c5ba43d86628:c2422]
2019-06-13 22:26:43,591 INFO  client.GrpcClientProtocolClient (GrpcClientProtocolClient.java:onNext(254)) - client-43E682E1E07B->d5132e6f-def8-45c0-b0d2-c5ba43d86628: receive RaftClientReply:client-43E682E1E07B->d5132e6f-def8-45c0-b0d2-c5ba43d86628@group-C29775A8E805, cid=1383, SUCCESS, logIndex=2423, commits[d5132e6f-def8-45c0-b0d2-c5ba43d86628:c2425]
2019-06-13 22:26:43,597 INFO  client.GrpcClientProtocolClient (GrpcClientProtocolClient.java:onNext(254)) - client-43E682E1E07B->d5132e6f-def8-45c0-b0d2-c5ba43d86628: receive RaftClientReply:client-43E682E1E07B->d5132e6f-def8-45c0-b0d2-c5ba43d86628@group-C29775A8E805, cid=1384, SUCCESS, logIndex=2424, commits[d5132e6f-def8-45c0-b0d2-c5ba43d86628:c2425]
2019-06-13 22:26:43,610 INFO  client.GrpcClientProtocolClient (GrpcClientProtocolClient.java:onNext(254)) - client-43E682E1E07B->d5132e6f-def8-45c0-b0d2-c5ba43d86628: receive RaftClientReply:client-43E682E1E07B->d5132e6f-def8-45c0-b0d2-c5ba43d86628@group-C29775A8E805, cid=1385, SUCCESS, logIndex=2426, commits[d5132e6f-def8-45c0-b0d2-c5ba43d86628:c2427]
2019-06-13 22:26:43,612 INFO  client.GrpcClientProtocolClient (GrpcClientProtocolClient.java:onNext(254)) - client-43E682E1E07B->d5132e6f-def8-45c0-b0d2-c5ba43d86628: receive RaftClientReply:client-43E682E1E07B->d5132e6f-def8-45c0-b0d2-c5ba43d86628@group-C29775A8E805, cid=1386, SUCCESS, logIndex=2428, commits[d5132e6f-def8-45c0-b0d2-c5ba43d86628:c2428]
2019-06-13 22:26:43,614 INFO  client.GrpcClientProtocolClient (GrpcClientProtocolClient.java:onNext(254)) - client-43E682E1E07B->d5132e6f-def8-45c0-b0d2-c5ba43d86628: receive RaftClientReply:client-43E682E1E07B->d5132e6f-def8-45c0-b0d2-c5ba43d86628@group-C29775A8E805, cid=1387, SUCCESS, logIndex=2429, commits[d5132e6f-def8-45c0-b0d2-c5ba43d86628:c2430]
2019-06-13 22:26:43,614 INFO  client.GrpcClientProtocolClient (GrpcClientProtocolClient.java:onNext(254)) - client-43E682E1E07B->d5132e6f-def8-45c0-b0d2-c5ba43d86628: receive RaftClientReply:client-43E682E1E07B->d5132e6f-def8-45c0-b0d2-c5ba43d86628@group-C29775A8E805, cid=1388, SUCCESS, logIndex=2430, commits[d5132e6f-def8-45c0-b0d2-c5ba43d86628:c2430]
2019-06-13 22:26:43,622 INFO  client.GrpcClientProtocolClient (GrpcClientProtocolClient.java:onNext(254)) - client-43E682E1E07B->d5132e6f-def8-45c0-b0d2-c5ba43d86628: receive RaftClientReply:client-43E682E1E07B->d5132e6f-def8-45c0-b0d2-c5ba43d86628@group-C29775A8E805, cid=1389, SUCCESS, logIndex=2433, commits[d5132e6f-def8-45c0-b0d2-c5ba43d86628:c2433]
2019-06-13 22:26:43,629 INFO  client.GrpcClientProtocolClient (GrpcClientProtocolClient.java:onNext(254)) - client-43E682E1E07B->d5132e6f-def8-45c0-b0d2-c5ba43d86628: receive RaftClientReply:client-43E682E1E07B->d5132e6f-def8-45c0-b0d2-c5ba43d86628@group-C29775A8E805, cid=1390, SUCCESS, logIndex=2435, commits[d5132e6f-def8-45c0-b0d2-c5ba43d86628:c2435]
2019-06-13 22:26:43,630 INFO  client.GrpcClientProtocolClient (GrpcClientProtocolClient.java:onNext(254)) - client-43E682E1E07B->d5132e6f-def8-45c0-b0d2-c5ba43d86628: receive RaftClientReply:client-43E682E1E07B->d5132e6f-def8-45c0-b0d2-c5ba43d86628@group-C29775A8E805, cid=1391, SUCCESS, logIndex=2436, commits[d5132e6f-def8-45c0-b0d2-c5ba43d86628:c2438]
2019-06-13 22:26:43,630 INFO  client.GrpcClientProtocolClient (GrpcClientProtocolClient.java:onNext(254)) - client-43E682E1E07B->d5132e6f-def8-45c0-b0d2-c5ba43d86628: receive RaftClientReply:client-43E682E1E07B->d5132e6f-def8-45c0-b0d2-c5ba43d86628@group-C29775A8E805, cid=1392, SUCCESS, logIndex=2437, commits[d5132e6f-def8-45c0-b0d2-c5ba43d86628:c2438]
2019-06-13 22:26:43,644 INFO  client.GrpcClientProtocolClient (GrpcClientProtocolClient.java:onNext(254)) - client-43E682E1E07B->d5132e6f-def8-45c0-b0d2-c5ba43d86628: receive RaftClientReply:client-43E682E1E07B->d5132e6f-def8-45c0-b0d2-c5ba43d86628@group-C29775A8E805, cid=1393, SUCCESS, logIndex=2439, commits[d5132e6f-def8-45c0-b0d2-c5ba43d86628:c2439]
2019-06-13 22:26:43,647 INFO  client.GrpcClientProtocolClient (GrpcClientProtocolClient.java:onNext(254)) - client-43E682E1E07B->d5132e6f-def8-45c0-b0d2-c5ba43d86628: receive RaftClientReply:client-43E682E1E07B->d5132e6f-def8-45c0-b0d2-c5ba43d86628@group-C29775A8E805, cid=1394, SUCCESS, logIndex=2441, commits[d5132e6f-def8-45c0-b0d2-c5ba43d86628:c2443]
2019-06-13 22:26:43,650 INFO  client.GrpcClientProtocolClient (GrpcClientProtocolClient.java:onNext(254)) - client-43E682E1E07B->d5132e6f-def8-45c0-b0d2-c5ba43d86628: receive RaftClientReply:client-43E682E1E07B->d5132e6f-def8-45c0-b0d2-c5ba43d86628@group-C29775A8E805, cid=1395, SUCCESS, logIndex=2442, commits[d5132e6f-def8-45c0-b0d2-c5ba43d86628:c2443]
2019-06-13 22:26:43,650 INFO  client.GrpcClientProtocolClient (GrpcClientProtocolClient.java:onNext(254)) - client-43E682E1E07B->d5132e6f-def8-45c0-b0d2-c5ba43d86628: receive RaftClientReply:client-43E682E1E07B->d5132e6f-def8-45c0-b0d2-c5ba43d86628@group-C29775A8E805, cid=1396, SUCCESS, logIndex=2443, commits[d5132e6f-def8-45c0-b0d2-c5ba43d86628:c2443]
2019-06-13 22:26:43,657 INFO  client.GrpcClientProtocolClient (GrpcClientProtocolClient.java:onNext(254)) - client-43E682E1E07B->d5132e6f-def8-45c0-b0d2-c5ba43d86628: receive RaftClientReply:client-43E682E1E07B->d5132e6f-def8-45c0-b0d2-c5ba43d86628@group-C29775A8E805, cid=1397, SUCCESS, logIndex=2445, commits[d5132e6f-def8-45c0-b0d2-c5ba43d86628:c2445]
2019-06-13 22:26:43,659 INFO  client.GrpcClientProtocolClient (GrpcClientProtocolClient.java:onNext(254)) - client-43E682E1E07B->d5132e6f-def8-45c0-b0d2-c5ba43d86628: receive RaftClientReply:client-43E682E1E07B->d5132e6f-def8-45c0-b0d2-c5ba43d86628@group-C29775A8E805, cid=1398, SUCCESS, logIndex=2447, commits[d5132e6f-def8-45c0-b0d2-c5ba43d86628:c2447]
2019-06-13 22:26:43,660 INFO  client.GrpcClientProtocolClient (GrpcClientProtocolClient.java:onNext(254)) - client-43E682E1E07B->d5132e6f-def8-45c0-b0d2-c5ba43d86628: receive RaftClientReply:client-43E682E1E07B->d5132e6f-def8-45c0-b0d2-c5ba43d86628@group-C29775A8E805, cid=1399, SUCCESS, logIndex=2448, commits[d5132e6f-def8-45c0-b0d2-c5ba43d86628:c2449]
2019-06-13 22:26:43,664 DEBUG block.SCMBlockDeletingService (SCMBlockDeletingService.java:call(138)) - Running DeletedBlockTransactionScanner
2019-06-13 22:26:43,664 DEBUG block.SCMBlockDeletingService (SCMBlockDeletingService.java:call(155)) - Scanned deleted blocks log and got 0 delTX to process.
2019-06-13 22:26:43,669 INFO  client.GrpcClientProtocolClient (GrpcClientProtocolClient.java:onNext(254)) - client-43E682E1E07B->d5132e6f-def8-45c0-b0d2-c5ba43d86628: receive RaftClientReply:client-43E682E1E07B->d5132e6f-def8-45c0-b0d2-c5ba43d86628@group-C29775A8E805, cid=1400, SUCCESS, logIndex=2449, commits[d5132e6f-def8-45c0-b0d2-c5ba43d86628:c2449]
2019-06-13 22:26:43,679 INFO  client.GrpcClientProtocolClient (GrpcClientProtocolClient.java:onNext(254)) - client-43E682E1E07B->d5132e6f-def8-45c0-b0d2-c5ba43d86628: receive RaftClientReply:client-43E682E1E07B->d5132e6f-def8-45c0-b0d2-c5ba43d86628@group-C29775A8E805, cid=1401, SUCCESS, logIndex=2452, commits[d5132e6f-def8-45c0-b0d2-c5ba43d86628:c2452]
2019-06-13 22:26:43,681 INFO  client.GrpcClientProtocolClient (GrpcClientProtocolClient.java:onNext(254)) - client-43E682E1E07B->d5132e6f-def8-45c0-b0d2-c5ba43d86628: receive RaftClientReply:client-43E682E1E07B->d5132e6f-def8-45c0-b0d2-c5ba43d86628@group-C29775A8E805, cid=1402, SUCCESS, logIndex=2454, commits[d5132e6f-def8-45c0-b0d2-c5ba43d86628:c2454]
2019-06-13 22:26:43,684 INFO  client.GrpcClientProtocolClient (GrpcClientProtocolClient.java:onNext(254)) - client-43E682E1E07B->d5132e6f-def8-45c0-b0d2-c5ba43d86628: receive RaftClientReply:client-43E682E1E07B->d5132e6f-def8-45c0-b0d2-c5ba43d86628@group-C29775A8E805, cid=1403, SUCCESS, logIndex=2456, commits[d5132e6f-def8-45c0-b0d2-c5ba43d86628:c2457]
2019-06-13 22:26:43,686 INFO  client.GrpcClientProtocolClient (GrpcClientProtocolClient.java:onNext(254)) - client-43E682E1E07B->d5132e6f-def8-45c0-b0d2-c5ba43d86628: receive RaftClientReply:client-43E682E1E07B->d5132e6f-def8-45c0-b0d2-c5ba43d86628@group-C29775A8E805, cid=1404, SUCCESS, logIndex=2457, commits[d5132e6f-def8-45c0-b0d2-c5ba43d86628:c2457]
2019-06-13 22:26:43,692 INFO  client.GrpcClientProtocolClient (GrpcClientProtocolClient.java:onNext(254)) - client-43E682E1E07B->d5132e6f-def8-45c0-b0d2-c5ba43d86628: receive RaftClientReply:client-43E682E1E07B->d5132e6f-def8-45c0-b0d2-c5ba43d86628@group-C29775A8E805, cid=1405, SUCCESS, logIndex=2459, commits[d5132e6f-def8-45c0-b0d2-c5ba43d86628:c2459]
2019-06-13 22:26:43,701 INFO  client.GrpcClientProtocolClient (GrpcClientProtocolClient.java:onNext(254)) - client-43E682E1E07B->d5132e6f-def8-45c0-b0d2-c5ba43d86628: receive RaftClientReply:client-43E682E1E07B->d5132e6f-def8-45c0-b0d2-c5ba43d86628@group-C29775A8E805, cid=1406, SUCCESS, logIndex=2461, commits[d5132e6f-def8-45c0-b0d2-c5ba43d86628:c2461]
2019-06-13 22:26:43,702 INFO  client.GrpcClientProtocolClient (GrpcClientProtocolClient.java:onNext(254)) - client-43E682E1E07B->d5132e6f-def8-45c0-b0d2-c5ba43d86628: receive RaftClientReply:client-43E682E1E07B->d5132e6f-def8-45c0-b0d2-c5ba43d86628@group-C29775A8E805, cid=1407, SUCCESS, logIndex=2462, commits[d5132e6f-def8-45c0-b0d2-c5ba43d86628:c2463]
2019-06-13 22:26:43,703 INFO  client.GrpcClientProtocolClient (GrpcClientProtocolClient.java:onNext(254)) - client-43E682E1E07B->d5132e6f-def8-45c0-b0d2-c5ba43d86628: receive RaftClientReply:client-43E682E1E07B->d5132e6f-def8-45c0-b0d2-c5ba43d86628@group-C29775A8E805, cid=1408, SUCCESS, logIndex=2464, commits[d5132e6f-def8-45c0-b0d2-c5ba43d86628:c2464]
2019-06-13 22:26:43,715 INFO  client.GrpcClientProtocolClient (GrpcClientProtocolClient.java:onNext(254)) - client-43E682E1E07B->d5132e6f-def8-45c0-b0d2-c5ba43d86628: receive RaftClientReply:client-43E682E1E07B->d5132e6f-def8-45c0-b0d2-c5ba43d86628@group-C29775A8E805, cid=1409, SUCCESS, logIndex=2466, commits[d5132e6f-def8-45c0-b0d2-c5ba43d86628:c2466]
2019-06-13 22:26:43,716 INFO  storage.RaftLogWorker (RaftLogWorker.java:rollLogSegment(303)) - d5132e6f-def8-45c0-b0d2-c5ba43d86628-RaftLogWorker: Rolling segment log-2395_2468 to index:2468
2019-06-13 22:26:43,716 INFO  storage.RaftLogWorker (RaftLogWorker.java:execute(433)) - d5132e6f-def8-45c0-b0d2-c5ba43d86628-RaftLogWorker: Rolled log segment from /opt/src/hadoop-ozone/integration-test/target/test-dir/MiniOzoneClusterImpl-e9ea07bb-4900-4b53-96c1-68f0ab556a80/datanode-0/data/ratis/c7035dd3-cd4a-42fb-880d-c29775a8e805/current/log_inprogress_2395 to /opt/src/hadoop-ozone/integration-test/target/test-dir/MiniOzoneClusterImpl-e9ea07bb-4900-4b53-96c1-68f0ab556a80/datanode-0/data/ratis/c7035dd3-cd4a-42fb-880d-c29775a8e805/current/log_2395-2468
2019-06-13 22:26:43,738 INFO  client.GrpcClientProtocolClient (GrpcClientProtocolClient.java:onNext(254)) - client-43E682E1E07B->d5132e6f-def8-45c0-b0d2-c5ba43d86628: receive RaftClientReply:client-43E682E1E07B->d5132e6f-def8-45c0-b0d2-c5ba43d86628@group-C29775A8E805, cid=1410, SUCCESS, logIndex=2468, commits[d5132e6f-def8-45c0-b0d2-c5ba43d86628:c2468]
2019-06-13 22:26:43,757 INFO  storage.RaftLogWorker (RaftLogWorker.java:execute(469)) - d5132e6f-def8-45c0-b0d2-c5ba43d86628-RaftLogWorker: created new log segment /opt/src/hadoop-ozone/integration-test/target/test-dir/MiniOzoneClusterImpl-e9ea07bb-4900-4b53-96c1-68f0ab556a80/datanode-0/data/ratis/c7035dd3-cd4a-42fb-880d-c29775a8e805/current/log_inprogress_2469
2019-06-13 22:26:43,760 INFO  client.GrpcClientProtocolClient (GrpcClientProtocolClient.java:onNext(254)) - client-43E682E1E07B->d5132e6f-def8-45c0-b0d2-c5ba43d86628: receive RaftClientReply:client-43E682E1E07B->d5132e6f-def8-45c0-b0d2-c5ba43d86628@group-C29775A8E805, cid=1411, SUCCESS, logIndex=2469, commits[d5132e6f-def8-45c0-b0d2-c5ba43d86628:c2471]
2019-06-13 22:26:43,760 INFO  client.GrpcClientProtocolClient (GrpcClientProtocolClient.java:onNext(254)) - client-43E682E1E07B->d5132e6f-def8-45c0-b0d2-c5ba43d86628: receive RaftClientReply:client-43E682E1E07B->d5132e6f-def8-45c0-b0d2-c5ba43d86628@group-C29775A8E805, cid=1412, SUCCESS, logIndex=2471, commits[d5132e6f-def8-45c0-b0d2-c5ba43d86628:c2472]
2019-06-13 22:26:43,764 DEBUG block.SCMBlockDeletingService (SCMBlockDeletingService.java:call(138)) - Running DeletedBlockTransactionScanner
2019-06-13 22:26:43,764 DEBUG block.SCMBlockDeletingService (SCMBlockDeletingService.java:call(155)) - Scanned deleted blocks log and got 0 delTX to process.
2019-06-13 22:26:43,825 INFO  client.GrpcClientProtocolClient (GrpcClientProtocolClient.java:onNext(254)) - client-43E682E1E07B->d5132e6f-def8-45c0-b0d2-c5ba43d86628: receive RaftClientReply:client-43E682E1E07B->d5132e6f-def8-45c0-b0d2-c5ba43d86628@group-C29775A8E805, cid=1413, SUCCESS, logIndex=2473, commits[d5132e6f-def8-45c0-b0d2-c5ba43d86628:c2473]
2019-06-13 22:26:43,826 INFO  client.GrpcClientProtocolClient (GrpcClientProtocolClient.java:onNext(254)) - client-43E682E1E07B->d5132e6f-def8-45c0-b0d2-c5ba43d86628: receive RaftClientReply:client-43E682E1E07B->d5132e6f-def8-45c0-b0d2-c5ba43d86628@group-C29775A8E805, cid=1414, SUCCESS, logIndex=2475, commits[d5132e6f-def8-45c0-b0d2-c5ba43d86628:c2475]
2019-06-13 22:26:43,864 DEBUG block.SCMBlockDeletingService (SCMBlockDeletingService.java:call(138)) - Running DeletedBlockTransactionScanner
2019-06-13 22:26:43,865 DEBUG block.SCMBlockDeletingService (SCMBlockDeletingService.java:call(155)) - Scanned deleted blocks log and got 0 delTX to process.
2019-06-13 22:26:43,889 INFO  client.GrpcClientProtocolClient (GrpcClientProtocolClient.java:onNext(254)) - client-43E682E1E07B->d5132e6f-def8-45c0-b0d2-c5ba43d86628: receive RaftClientReply:client-43E682E1E07B->d5132e6f-def8-45c0-b0d2-c5ba43d86628@group-C29775A8E805, cid=1415, SUCCESS, logIndex=2477, commits[d5132e6f-def8-45c0-b0d2-c5ba43d86628:c2477]
2019-06-13 22:26:43,890 INFO  client.GrpcClientProtocolClient (GrpcClientProtocolClient.java:onNext(254)) - client-43E682E1E07B->d5132e6f-def8-45c0-b0d2-c5ba43d86628: receive RaftClientReply:client-43E682E1E07B->d5132e6f-def8-45c0-b0d2-c5ba43d86628@group-C29775A8E805, cid=1416, SUCCESS, logIndex=2479, commits[d5132e6f-def8-45c0-b0d2-c5ba43d86628:c2479]
2019-06-13 22:26:43,900 INFO  client.GrpcClientProtocolClient (GrpcClientProtocolClient.java:onNext(254)) - client-43E682E1E07B->d5132e6f-def8-45c0-b0d2-c5ba43d86628: receive RaftClientReply:client-43E682E1E07B->d5132e6f-def8-45c0-b0d2-c5ba43d86628@group-C29775A8E805, cid=1417, SUCCESS, logIndex=2481, commits[d5132e6f-def8-45c0-b0d2-c5ba43d86628:c2481]
2019-06-13 22:26:43,906 INFO  client.GrpcClientProtocolClient (GrpcClientProtocolClient.java:onNext(254)) - client-43E682E1E07B->d5132e6f-def8-45c0-b0d2-c5ba43d86628: receive RaftClientReply:client-43E682E1E07B->d5132e6f-def8-45c0-b0d2-c5ba43d86628@group-C29775A8E805, cid=1418, SUCCESS, logIndex=2483, commits[d5132e6f-def8-45c0-b0d2-c5ba43d86628:c2483]
2019-06-13 22:26:43,911 INFO  client.GrpcClientProtocolClient (GrpcClientProtocolClient.java:onNext(254)) - client-43E682E1E07B->d5132e6f-def8-45c0-b0d2-c5ba43d86628: receive RaftClientReply:client-43E682E1E07B->d5132e6f-def8-45c0-b0d2-c5ba43d86628@group-C29775A8E805, cid=1419, SUCCESS, logIndex=2484, commits[d5132e6f-def8-45c0-b0d2-c5ba43d86628:c2486]
2019-06-13 22:26:43,912 INFO  client.GrpcClientProtocolClient (GrpcClientProtocolClient.java:onNext(254)) - client-43E682E1E07B->d5132e6f-def8-45c0-b0d2-c5ba43d86628: receive RaftClientReply:client-43E682E1E07B->d5132e6f-def8-45c0-b0d2-c5ba43d86628@group-C29775A8E805, cid=1420, SUCCESS, logIndex=2485, commits[d5132e6f-def8-45c0-b0d2-c5ba43d86628:c2486]
2019-06-13 22:26:43,922 INFO  client.GrpcClientProtocolClient (GrpcClientProtocolClient.java:onNext(254)) - client-43E682E1E07B->d5132e6f-def8-45c0-b0d2-c5ba43d86628: receive RaftClientReply:client-43E682E1E07B->d5132e6f-def8-45c0-b0d2-c5ba43d86628@group-C29775A8E805, cid=1421, SUCCESS, logIndex=2487, commits[d5132e6f-def8-45c0-b0d2-c5ba43d86628:c2487]
2019-06-13 22:26:43,923 INFO  client.GrpcClientProtocolClient (GrpcClientProtocolClient.java:onNext(254)) - client-43E682E1E07B->d5132e6f-def8-45c0-b0d2-c5ba43d86628: receive RaftClientReply:client-43E682E1E07B->d5132e6f-def8-45c0-b0d2-c5ba43d86628@group-C29775A8E805, cid=1422, SUCCESS, logIndex=2489, commits[d5132e6f-def8-45c0-b0d2-c5ba43d86628:c2489]
2019-06-13 22:26:43,925 INFO  client.GrpcClientProtocolClient (GrpcClientProtocolClient.java:onNext(254)) - client-43E682E1E07B->d5132e6f-def8-45c0-b0d2-c5ba43d86628: receive RaftClientReply:client-43E682E1E07B->d5132e6f-def8-45c0-b0d2-c5ba43d86628@group-C29775A8E805, cid=1423, SUCCESS, logIndex=2490, commits[d5132e6f-def8-45c0-b0d2-c5ba43d86628:c2492]
2019-06-13 22:26:43,925 INFO  client.GrpcClientProtocolClient (GrpcClientProtocolClient.java:onNext(254)) - client-43E682E1E07B->d5132e6f-def8-45c0-b0d2-c5ba43d86628: receive RaftClientReply:client-43E682E1E07B->d5132e6f-def8-45c0-b0d2-c5ba43d86628@group-C29775A8E805, cid=1424, SUCCESS, logIndex=2491, commits[d5132e6f-def8-45c0-b0d2-c5ba43d86628:c2492]
2019-06-13 22:26:43,936 INFO  client.GrpcClientProtocolClient (GrpcClientProtocolClient.java:onNext(254)) - client-43E682E1E07B->d5132e6f-def8-45c0-b0d2-c5ba43d86628: receive RaftClientReply:client-43E682E1E07B->d5132e6f-def8-45c0-b0d2-c5ba43d86628@group-C29775A8E805, cid=1425, SUCCESS, logIndex=2493, commits[d5132e6f-def8-45c0-b0d2-c5ba43d86628:c2493]
2019-06-13 22:26:43,937 INFO  client.GrpcClientProtocolClient (GrpcClientProtocolClient.java:onNext(254)) - client-43E682E1E07B->d5132e6f-def8-45c0-b0d2-c5ba43d86628: receive RaftClientReply:client-43E682E1E07B->d5132e6f-def8-45c0-b0d2-c5ba43d86628@group-C29775A8E805, cid=1426, SUCCESS, logIndex=2495, commits[d5132e6f-def8-45c0-b0d2-c5ba43d86628:c2495]
2019-06-13 22:26:43,940 INFO  client.GrpcClientProtocolClient (GrpcClientProtocolClient.java:onNext(254)) - client-43E682E1E07B->d5132e6f-def8-45c0-b0d2-c5ba43d86628: receive RaftClientReply:client-43E682E1E07B->d5132e6f-def8-45c0-b0d2-c5ba43d86628@group-C29775A8E805, cid=1427, SUCCESS, logIndex=2497, commits[d5132e6f-def8-45c0-b0d2-c5ba43d86628:c2498]
2019-06-13 22:26:43,940 INFO  client.GrpcClientProtocolClient (GrpcClientProtocolClient.java:onNext(254)) - client-43E682E1E07B->d5132e6f-def8-45c0-b0d2-c5ba43d86628: receive RaftClientReply:client-43E682E1E07B->d5132e6f-def8-45c0-b0d2-c5ba43d86628@group-C29775A8E805, cid=1428, SUCCESS, logIndex=2498, commits[d5132e6f-def8-45c0-b0d2-c5ba43d86628:c2498]
2019-06-13 22:26:43,946 INFO  client.GrpcClientProtocolClient (GrpcClientProtocolClient.java:onNext(254)) - client-43E682E1E07B->d5132e6f-def8-45c0-b0d2-c5ba43d86628: receive RaftClientReply:client-43E682E1E07B->d5132e6f-def8-45c0-b0d2-c5ba43d86628@group-C29775A8E805, cid=1429, SUCCESS, logIndex=2500, commits[d5132e6f-def8-45c0-b0d2-c5ba43d86628:c2500]
2019-06-13 22:26:43,949 INFO  client.GrpcClientProtocolClient (GrpcClientProtocolClient.java:onNext(254)) - client-43E682E1E07B->d5132e6f-def8-45c0-b0d2-c5ba43d86628: receive RaftClientReply:client-43E682E1E07B->d5132e6f-def8-45c0-b0d2-c5ba43d86628@group-C29775A8E805, cid=1430, SUCCESS, logIndex=2502, commits[d5132e6f-def8-45c0-b0d2-c5ba43d86628:c2502]
2019-06-13 22:26:43,949 INFO  client.GrpcClientProtocolClient (GrpcClientProtocolClient.java:onNext(254)) - client-43E682E1E07B->d5132e6f-def8-45c0-b0d2-c5ba43d86628: receive RaftClientReply:client-43E682E1E07B->d5132e6f-def8-45c0-b0d2-c5ba43d86628@group-C29775A8E805, cid=1431, SUCCESS, logIndex=2503, commits[d5132e6f-def8-45c0-b0d2-c5ba43d86628:c2505]
2019-06-13 22:26:43,950 INFO  client.GrpcClientProtocolClient (GrpcClientProtocolClient.java:onNext(254)) - client-43E682E1E07B->d5132e6f-def8-45c0-b0d2-c5ba43d86628: receive RaftClientReply:client-43E682E1E07B->d5132e6f-def8-45c0-b0d2-c5ba43d86628@group-C29775A8E805, cid=1432, SUCCESS, logIndex=2504, commits[d5132e6f-def8-45c0-b0d2-c5ba43d86628:c2505]
2019-06-13 22:26:43,960 INFO  client.GrpcClientProtocolClient (GrpcClientProtocolClient.java:onNext(254)) - client-43E682E1E07B->d5132e6f-def8-45c0-b0d2-c5ba43d86628: receive RaftClientReply:client-43E682E1E07B->d5132e6f-def8-45c0-b0d2-c5ba43d86628@group-C29775A8E805, cid=1433, SUCCESS, logIndex=2506, commits[d5132e6f-def8-45c0-b0d2-c5ba43d86628:c2506]
2019-06-13 22:26:43,962 INFO  client.GrpcClientProtocolClient (GrpcClientProtocolClient.java:onNext(254)) - client-43E682E1E07B->d5132e6f-def8-45c0-b0d2-c5ba43d86628: receive RaftClientReply:client-43E682E1E07B->d5132e6f-def8-45c0-b0d2-c5ba43d86628@group-C29775A8E805, cid=1434, SUCCESS, logIndex=2508, commits[d5132e6f-def8-45c0-b0d2-c5ba43d86628:c2508]
2019-06-13 22:26:43,964 INFO  client.GrpcClientProtocolClient (GrpcClientProtocolClient.java:onNext(254)) - client-43E682E1E07B->d5132e6f-def8-45c0-b0d2-c5ba43d86628: receive RaftClientReply:client-43E682E1E07B->d5132e6f-def8-45c0-b0d2-c5ba43d86628@group-C29775A8E805, cid=1435, SUCCESS, logIndex=2509, commits[d5132e6f-def8-45c0-b0d2-c5ba43d86628:c2511]
2019-06-13 22:26:43,964 INFO  client.GrpcClientProtocolClient (GrpcClientProtocolClient.java:onNext(254)) - client-43E682E1E07B->d5132e6f-def8-45c0-b0d2-c5ba43d86628: receive RaftClientReply:client-43E682E1E07B->d5132e6f-def8-45c0-b0d2-c5ba43d86628@group-C29775A8E805, cid=1436, SUCCESS, logIndex=2510, commits[d5132e6f-def8-45c0-b0d2-c5ba43d86628:c2511]
2019-06-13 22:26:43,965 DEBUG block.SCMBlockDeletingService (SCMBlockDeletingService.java:call(138)) - Running DeletedBlockTransactionScanner
2019-06-13 22:26:43,965 DEBUG block.SCMBlockDeletingService (SCMBlockDeletingService.java:call(155)) - Scanned deleted blocks log and got 0 delTX to process.
2019-06-13 22:26:43,973 INFO  client.GrpcClientProtocolClient (GrpcClientProtocolClient.java:onNext(254)) - client-43E682E1E07B->d5132e6f-def8-45c0-b0d2-c5ba43d86628: receive RaftClientReply:client-43E682E1E07B->d5132e6f-def8-45c0-b0d2-c5ba43d86628@group-C29775A8E805, cid=1437, SUCCESS, logIndex=2512, commits[d5132e6f-def8-45c0-b0d2-c5ba43d86628:c2512]
2019-06-13 22:26:43,975 INFO  client.GrpcClientProtocolClient (GrpcClientProtocolClient.java:onNext(254)) - client-43E682E1E07B->d5132e6f-def8-45c0-b0d2-c5ba43d86628: receive RaftClientReply:client-43E682E1E07B->d5132e6f-def8-45c0-b0d2-c5ba43d86628@group-C29775A8E805, cid=1438, SUCCESS, logIndex=2514, commits[d5132e6f-def8-45c0-b0d2-c5ba43d86628:c2514]
2019-06-13 22:26:43,976 INFO  client.GrpcClientProtocolClient (GrpcClientProtocolClient.java:onNext(254)) - client-43E682E1E07B->d5132e6f-def8-45c0-b0d2-c5ba43d86628: receive RaftClientReply:client-43E682E1E07B->d5132e6f-def8-45c0-b0d2-c5ba43d86628@group-C29775A8E805, cid=1439, SUCCESS, logIndex=2515, commits[d5132e6f-def8-45c0-b0d2-c5ba43d86628:c2517]
2019-06-13 22:26:43,976 INFO  client.GrpcClientProtocolClient (GrpcClientProtocolClient.java:onNext(254)) - client-43E682E1E07B->d5132e6f-def8-45c0-b0d2-c5ba43d86628: receive RaftClientReply:client-43E682E1E07B->d5132e6f-def8-45c0-b0d2-c5ba43d86628@group-C29775A8E805, cid=1440, SUCCESS, logIndex=2517, commits[d5132e6f-def8-45c0-b0d2-c5ba43d86628:c2517]
2019-06-13 22:26:43,986 INFO  client.GrpcClientProtocolClient (GrpcClientProtocolClient.java:onNext(254)) - client-43E682E1E07B->d5132e6f-def8-45c0-b0d2-c5ba43d86628: receive RaftClientReply:client-43E682E1E07B->d5132e6f-def8-45c0-b0d2-c5ba43d86628@group-C29775A8E805, cid=1441, SUCCESS, logIndex=2519, commits[d5132e6f-def8-45c0-b0d2-c5ba43d86628:c2519]
2019-06-13 22:26:43,989 INFO  client.GrpcClientProtocolClient (GrpcClientProtocolClient.java:onNext(254)) - client-43E682E1E07B->d5132e6f-def8-45c0-b0d2-c5ba43d86628: receive RaftClientReply:client-43E682E1E07B->d5132e6f-def8-45c0-b0d2-c5ba43d86628@group-C29775A8E805, cid=1442, SUCCESS, logIndex=2521, commits[d5132e6f-def8-45c0-b0d2-c5ba43d86628:c2521]
2019-06-13 22:26:43,989 INFO  client.GrpcClientProtocolClient (GrpcClientProtocolClient.java:onNext(254)) - client-43E682E1E07B->d5132e6f-def8-45c0-b0d2-c5ba43d86628: receive RaftClientReply:client-43E682E1E07B->d5132e6f-def8-45c0-b0d2-c5ba43d86628@group-C29775A8E805, cid=1443, SUCCESS, logIndex=2522, commits[d5132e6f-def8-45c0-b0d2-c5ba43d86628:c2522]
2019-06-13 22:26:43,990 INFO  client.GrpcClientProtocolClient (GrpcClientProtocolClient.java:onNext(254)) - client-43E682E1E07B->d5132e6f-def8-45c0-b0d2-c5ba43d86628: receive RaftClientReply:client-43E682E1E07B->d5132e6f-def8-45c0-b0d2-c5ba43d86628@group-C29775A8E805, cid=1444, SUCCESS, logIndex=2524, commits[d5132e6f-def8-45c0-b0d2-c5ba43d86628:c2524]
2019-06-13 22:26:43,996 INFO  client.GrpcClientProtocolClient (GrpcClientProtocolClient.java:onNext(254)) - client-43E682E1E07B->d5132e6f-def8-45c0-b0d2-c5ba43d86628: receive RaftClientReply:client-43E682E1E07B->d5132e6f-def8-45c0-b0d2-c5ba43d86628@group-C29775A8E805, cid=1445, SUCCESS, logIndex=2527, commits[d5132e6f-def8-45c0-b0d2-c5ba43d86628:c2527]
2019-06-13 22:26:43,998 INFO  client.GrpcClientProtocolClient (GrpcClientProtocolClient.java:onNext(254)) - client-43E682E1E07B->d5132e6f-def8-45c0-b0d2-c5ba43d86628: receive RaftClientReply:client-43E682E1E07B->d5132e6f-def8-45c0-b0d2-c5ba43d86628@group-C29775A8E805, cid=1446, SUCCESS, logIndex=2529, commits[d5132e6f-def8-45c0-b0d2-c5ba43d86628:c2529]
2019-06-13 22:26:43,999 INFO  client.GrpcClientProtocolClient (GrpcClientProtocolClient.java:onNext(254)) - client-43E682E1E07B->d5132e6f-def8-45c0-b0d2-c5ba43d86628: receive RaftClientReply:client-43E682E1E07B->d5132e6f-def8-45c0-b0d2-c5ba43d86628@group-C29775A8E805, cid=1447, SUCCESS, logIndex=2530, commits[d5132e6f-def8-45c0-b0d2-c5ba43d86628:c2531]
2019-06-13 22:26:43,999 INFO  client.GrpcClientProtocolClient (GrpcClientProtocolClient.java:onNext(254)) - client-43E682E1E07B->d5132e6f-def8-45c0-b0d2-c5ba43d86628: receive RaftClientReply:client-43E682E1E07B->d5132e6f-def8-45c0-b0d2-c5ba43d86628@group-C29775A8E805, cid=1448, SUCCESS, logIndex=2531, commits[d5132e6f-def8-45c0-b0d2-c5ba43d86628:c2531]
2019-06-13 22:26:44,009 INFO  client.GrpcClientProtocolClient (GrpcClientProtocolClient.java:onNext(254)) - client-43E682E1E07B->d5132e6f-def8-45c0-b0d2-c5ba43d86628: receive RaftClientReply:client-43E682E1E07B->d5132e6f-def8-45c0-b0d2-c5ba43d86628@group-C29775A8E805, cid=1449, SUCCESS, logIndex=2534, commits[d5132e6f-def8-45c0-b0d2-c5ba43d86628:c2534]
2019-06-13 22:26:44,012 INFO  client.GrpcClientProtocolClient (GrpcClientProtocolClient.java:onNext(254)) - client-43E682E1E07B->d5132e6f-def8-45c0-b0d2-c5ba43d86628: receive RaftClientReply:client-43E682E1E07B->d5132e6f-def8-45c0-b0d2-c5ba43d86628@group-C29775A8E805, cid=1450, SUCCESS, logIndex=2536, commits[d5132e6f-def8-45c0-b0d2-c5ba43d86628:c2536]
2019-06-13 22:26:44,014 INFO  client.GrpcClientProtocolClient (GrpcClientProtocolClient.java:onNext(254)) - client-43E682E1E07B->d5132e6f-def8-45c0-b0d2-c5ba43d86628: receive RaftClientReply:client-43E682E1E07B->d5132e6f-def8-45c0-b0d2-c5ba43d86628@group-C29775A8E805, cid=1451, SUCCESS, logIndex=2537, commits[d5132e6f-def8-45c0-b0d2-c5ba43d86628:c2539]
2019-06-13 22:26:44,014 INFO  client.GrpcClientProtocolClient (GrpcClientProtocolClient.java:onNext(254)) - client-43E682E1E07B->d5132e6f-def8-45c0-b0d2-c5ba43d86628: receive RaftClientReply:client-43E682E1E07B->d5132e6f-def8-45c0-b0d2-c5ba43d86628@group-C29775A8E805, cid=1452, SUCCESS, logIndex=2538, commits[d5132e6f-def8-45c0-b0d2-c5ba43d86628:c2539]
2019-06-13 22:26:44,024 INFO  storage.RaftLogWorker (RaftLogWorker.java:rollLogSegment(303)) - d5132e6f-def8-45c0-b0d2-c5ba43d86628-RaftLogWorker: Rolling segment log-2469_2541 to index:2541
2019-06-13 22:26:44,024 INFO  client.GrpcClientProtocolClient (GrpcClientProtocolClient.java:onNext(254)) - client-43E682E1E07B->d5132e6f-def8-45c0-b0d2-c5ba43d86628: receive RaftClientReply:client-43E682E1E07B->d5132e6f-def8-45c0-b0d2-c5ba43d86628@group-C29775A8E805, cid=1453, SUCCESS, logIndex=2540, commits[d5132e6f-def8-45c0-b0d2-c5ba43d86628:c2540]
2019-06-13 22:26:44,024 INFO  storage.RaftLogWorker (RaftLogWorker.java:execute(433)) - d5132e6f-def8-45c0-b0d2-c5ba43d86628-RaftLogWorker: Rolled log segment from /opt/src/hadoop-ozone/integration-test/target/test-dir/MiniOzoneClusterImpl-e9ea07bb-4900-4b53-96c1-68f0ab556a80/datanode-0/data/ratis/c7035dd3-cd4a-42fb-880d-c29775a8e805/current/log_inprogress_2469 to /opt/src/hadoop-ozone/integration-test/target/test-dir/MiniOzoneClusterImpl-e9ea07bb-4900-4b53-96c1-68f0ab556a80/datanode-0/data/ratis/c7035dd3-cd4a-42fb-880d-c29775a8e805/current/log_2469-2541
2019-06-13 22:26:44,063 INFO  storage.RaftLogWorker (RaftLogWorker.java:execute(469)) - d5132e6f-def8-45c0-b0d2-c5ba43d86628-RaftLogWorker: created new log segment /opt/src/hadoop-ozone/integration-test/target/test-dir/MiniOzoneClusterImpl-e9ea07bb-4900-4b53-96c1-68f0ab556a80/datanode-0/data/ratis/c7035dd3-cd4a-42fb-880d-c29775a8e805/current/log_inprogress_2542
2019-06-13 22:26:44,064 INFO  client.GrpcClientProtocolClient (GrpcClientProtocolClient.java:onNext(254)) - client-43E682E1E07B->d5132e6f-def8-45c0-b0d2-c5ba43d86628: receive RaftClientReply:client-43E682E1E07B->d5132e6f-def8-45c0-b0d2-c5ba43d86628@group-C29775A8E805, cid=1454, SUCCESS, logIndex=2542, commits[d5132e6f-def8-45c0-b0d2-c5ba43d86628:c2544]
2019-06-13 22:26:44,066 INFO  client.GrpcClientProtocolClient (GrpcClientProtocolClient.java:onNext(254)) - client-43E682E1E07B->d5132e6f-def8-45c0-b0d2-c5ba43d86628: receive RaftClientReply:client-43E682E1E07B->d5132e6f-def8-45c0-b0d2-c5ba43d86628@group-C29775A8E805, cid=1455, SUCCESS, logIndex=2543, commits[d5132e6f-def8-45c0-b0d2-c5ba43d86628:c2544]
2019-06-13 22:26:44,066 INFO  client.GrpcClientProtocolClient (GrpcClientProtocolClient.java:onNext(254)) - client-43E682E1E07B->d5132e6f-def8-45c0-b0d2-c5ba43d86628: receive RaftClientReply:client-43E682E1E07B->d5132e6f-def8-45c0-b0d2-c5ba43d86628@group-C29775A8E805, cid=1456, SUCCESS, logIndex=2544, commits[d5132e6f-def8-45c0-b0d2-c5ba43d86628:c2544]
2019-06-13 22:26:44,068 DEBUG block.SCMBlockDeletingService (SCMBlockDeletingService.java:call(138)) - Running DeletedBlockTransactionScanner
2019-06-13 22:26:44,068 DEBUG block.SCMBlockDeletingService (SCMBlockDeletingService.java:call(155)) - Scanned deleted blocks log and got 0 delTX to process.
2019-06-13 22:26:44,079 INFO  client.GrpcClientProtocolClient (GrpcClientProtocolClient.java:onNext(254)) - client-43E682E1E07B->d5132e6f-def8-45c0-b0d2-c5ba43d86628: receive RaftClientReply:client-43E682E1E07B->d5132e6f-def8-45c0-b0d2-c5ba43d86628@group-C29775A8E805, cid=1457, SUCCESS, logIndex=2546, commits[d5132e6f-def8-45c0-b0d2-c5ba43d86628:c2546]
2019-06-13 22:26:44,080 INFO  client.GrpcClientProtocolClient (GrpcClientProtocolClient.java:onNext(254)) - client-43E682E1E07B->d5132e6f-def8-45c0-b0d2-c5ba43d86628: receive RaftClientReply:client-43E682E1E07B->d5132e6f-def8-45c0-b0d2-c5ba43d86628@group-C29775A8E805, cid=1458, SUCCESS, logIndex=2548, commits[d5132e6f-def8-45c0-b0d2-c5ba43d86628:c2548]
2019-06-13 22:26:44,169 DEBUG block.SCMBlockDeletingService (SCMBlockDeletingService.java:call(138)) - Running DeletedBlockTransactionScanner
2019-06-13 22:26:44,169 DEBUG block.SCMBlockDeletingService (SCMBlockDeletingService.java:call(155)) - Scanned deleted blocks log and got 0 delTX to process.
2019-06-13 22:26:44,173 INFO  client.GrpcClientProtocolClient (GrpcClientProtocolClient.java:onNext(254)) - client-43E682E1E07B->d5132e6f-def8-45c0-b0d2-c5ba43d86628: receive RaftClientReply:client-43E682E1E07B->d5132e6f-def8-45c0-b0d2-c5ba43d86628@group-C29775A8E805, cid=1459, SUCCESS, logIndex=2550, commits[d5132e6f-def8-45c0-b0d2-c5ba43d86628:c2550]
2019-06-13 22:26:44,175 INFO  client.GrpcClientProtocolClient (GrpcClientProtocolClient.java:onNext(254)) - client-43E682E1E07B->d5132e6f-def8-45c0-b0d2-c5ba43d86628: receive RaftClientReply:client-43E682E1E07B->d5132e6f-def8-45c0-b0d2-c5ba43d86628@group-C29775A8E805, cid=1460, SUCCESS, logIndex=2552, commits[d5132e6f-def8-45c0-b0d2-c5ba43d86628:c2552]
2019-06-13 22:26:44,181 INFO  client.GrpcClientProtocolClient (GrpcClientProtocolClient.java:onNext(254)) - client-43E682E1E07B->d5132e6f-def8-45c0-b0d2-c5ba43d86628: receive RaftClientReply:client-43E682E1E07B->d5132e6f-def8-45c0-b0d2-c5ba43d86628@group-C29775A8E805, cid=1461, SUCCESS, logIndex=2554, commits[d5132e6f-def8-45c0-b0d2-c5ba43d86628:c2554]
2019-06-13 22:26:44,182 INFO  client.GrpcClientProtocolClient (GrpcClientProtocolClient.java:onNext(254)) - client-43E682E1E07B->d5132e6f-def8-45c0-b0d2-c5ba43d86628: receive RaftClientReply:client-43E682E1E07B->d5132e6f-def8-45c0-b0d2-c5ba43d86628@group-C29775A8E805, cid=1462, SUCCESS, logIndex=2556, commits[d5132e6f-def8-45c0-b0d2-c5ba43d86628:c2556]
2019-06-13 22:26:44,184 INFO  client.GrpcClientProtocolClient (GrpcClientProtocolClient.java:onNext(254)) - client-43E682E1E07B->d5132e6f-def8-45c0-b0d2-c5ba43d86628: receive RaftClientReply:client-43E682E1E07B->d5132e6f-def8-45c0-b0d2-c5ba43d86628@group-C29775A8E805, cid=1463, SUCCESS, logIndex=2557, commits[d5132e6f-def8-45c0-b0d2-c5ba43d86628:c2559]
2019-06-13 22:26:44,184 INFO  client.GrpcClientProtocolClient (GrpcClientProtocolClient.java:onNext(254)) - client-43E682E1E07B->d5132e6f-def8-45c0-b0d2-c5ba43d86628: receive RaftClientReply:client-43E682E1E07B->d5132e6f-def8-45c0-b0d2-c5ba43d86628@group-C29775A8E805, cid=1464, SUCCESS, logIndex=2558, commits[d5132e6f-def8-45c0-b0d2-c5ba43d86628:c2559]
2019-06-13 22:26:44,194 INFO  client.GrpcClientProtocolClient (GrpcClientProtocolClient.java:onNext(254)) - client-43E682E1E07B->d5132e6f-def8-45c0-b0d2-c5ba43d86628: receive RaftClientReply:client-43E682E1E07B->d5132e6f-def8-45c0-b0d2-c5ba43d86628@group-C29775A8E805, cid=1465, SUCCESS, logIndex=2560, commits[d5132e6f-def8-45c0-b0d2-c5ba43d86628:c2560]
2019-06-13 22:26:44,196 INFO  client.GrpcClientProtocolClient (GrpcClientProtocolClient.java:onNext(254)) - client-43E682E1E07B->d5132e6f-def8-45c0-b0d2-c5ba43d86628: receive RaftClientReply:client-43E682E1E07B->d5132e6f-def8-45c0-b0d2-c5ba43d86628@group-C29775A8E805, cid=1466, SUCCESS, logIndex=2562, commits[d5132e6f-def8-45c0-b0d2-c5ba43d86628:c2562]
2019-06-13 22:26:44,197 INFO  client.GrpcClientProtocolClient (GrpcClientProtocolClient.java:onNext(254)) - client-43E682E1E07B->d5132e6f-def8-45c0-b0d2-c5ba43d86628: receive RaftClientReply:client-43E682E1E07B->d5132e6f-def8-45c0-b0d2-c5ba43d86628@group-C29775A8E805, cid=1467, SUCCESS, logIndex=2563, commits[d5132e6f-def8-45c0-b0d2-c5ba43d86628:c2564]
2019-06-13 22:26:44,197 INFO  client.GrpcClientProtocolClient (GrpcClientProtocolClient.java:onNext(254)) - client-43E682E1E07B->d5132e6f-def8-45c0-b0d2-c5ba43d86628: receive RaftClientReply:client-43E682E1E07B->d5132e6f-def8-45c0-b0d2-c5ba43d86628@group-C29775A8E805, cid=1468, SUCCESS, logIndex=2564, commits[d5132e6f-def8-45c0-b0d2-c5ba43d86628:c2564]
2019-06-13 22:26:44,203 INFO  client.GrpcClientProtocolClient (GrpcClientProtocolClient.java:onNext(254)) - client-43E682E1E07B->d5132e6f-def8-45c0-b0d2-c5ba43d86628: receive RaftClientReply:client-43E682E1E07B->d5132e6f-def8-45c0-b0d2-c5ba43d86628@group-C29775A8E805, cid=1469, SUCCESS, logIndex=2567, commits[d5132e6f-def8-45c0-b0d2-c5ba43d86628:c2567]
2019-06-13 22:26:44,205 INFO  client.GrpcClientProtocolClient (GrpcClientProtocolClient.java:onNext(254)) - client-43E682E1E07B->d5132e6f-def8-45c0-b0d2-c5ba43d86628: receive RaftClientReply:client-43E682E1E07B->d5132e6f-def8-45c0-b0d2-c5ba43d86628@group-C29775A8E805, cid=1470, SUCCESS, logIndex=2569, commits[d5132e6f-def8-45c0-b0d2-c5ba43d86628:c2569]
2019-06-13 22:26:44,208 INFO  client.GrpcClientProtocolClient (GrpcClientProtocolClient.java:onNext(254)) - client-43E682E1E07B->d5132e6f-def8-45c0-b0d2-c5ba43d86628: receive RaftClientReply:client-43E682E1E07B->d5132e6f-def8-45c0-b0d2-c5ba43d86628@group-C29775A8E805, cid=1471, SUCCESS, logIndex=2571, commits[d5132e6f-def8-45c0-b0d2-c5ba43d86628:c2572]
2019-06-13 22:26:44,208 INFO  client.GrpcClientProtocolClient (GrpcClientProtocolClient.java:onNext(254)) - client-43E682E1E07B->d5132e6f-def8-45c0-b0d2-c5ba43d86628: receive RaftClientReply:client-43E682E1E07B->d5132e6f-def8-45c0-b0d2-c5ba43d86628@group-C29775A8E805, cid=1472, SUCCESS, logIndex=2572, commits[d5132e6f-def8-45c0-b0d2-c5ba43d86628:c2572]
2019-06-13 22:26:44,218 INFO  client.GrpcClientProtocolClient (GrpcClientProtocolClient.java:onNext(254)) - client-43E682E1E07B->d5132e6f-def8-45c0-b0d2-c5ba43d86628: receive RaftClientReply:client-43E682E1E07B->d5132e6f-def8-45c0-b0d2-c5ba43d86628@group-C29775A8E805, cid=1473, SUCCESS, logIndex=2574, commits[d5132e6f-def8-45c0-b0d2-c5ba43d86628:c2574]
2019-06-13 22:26:44,219 INFO  client.GrpcClientProtocolClient (GrpcClientProtocolClient.java:onNext(254)) - client-43E682E1E07B->d5132e6f-def8-45c0-b0d2-c5ba43d86628: receive RaftClientReply:client-43E682E1E07B->d5132e6f-def8-45c0-b0d2-c5ba43d86628@group-C29775A8E805, cid=1474, SUCCESS, logIndex=2576, commits[d5132e6f-def8-45c0-b0d2-c5ba43d86628:c2576]
2019-06-13 22:26:44,221 INFO  client.GrpcClientProtocolClient (GrpcClientProtocolClient.java:onNext(254)) - client-43E682E1E07B->d5132e6f-def8-45c0-b0d2-c5ba43d86628: receive RaftClientReply:client-43E682E1E07B->d5132e6f-def8-45c0-b0d2-c5ba43d86628@group-C29775A8E805, cid=1475, SUCCESS, logIndex=2578, commits[d5132e6f-def8-45c0-b0d2-c5ba43d86628:c2578]
2019-06-13 22:26:44,223 INFO  client.GrpcClientProtocolClient (GrpcClientProtocolClient.java:onNext(254)) - client-43E682E1E07B->d5132e6f-def8-45c0-b0d2-c5ba43d86628: receive RaftClientReply:client-43E682E1E07B->d5132e6f-def8-45c0-b0d2-c5ba43d86628@group-C29775A8E805, cid=1476, SUCCESS, logIndex=2580, commits[d5132e6f-def8-45c0-b0d2-c5ba43d86628:c2580]
2019-06-13 22:26:44,228 INFO  client.GrpcClientProtocolClient (GrpcClientProtocolClient.java:onNext(254)) - client-43E682E1E07B->d5132e6f-def8-45c0-b0d2-c5ba43d86628: receive RaftClientReply:client-43E682E1E07B->d5132e6f-def8-45c0-b0d2-c5ba43d86628@group-C29775A8E805, cid=1477, SUCCESS, logIndex=2582, commits[d5132e6f-def8-45c0-b0d2-c5ba43d86628:c2582]
2019-06-13 22:26:44,231 INFO  client.GrpcClientProtocolClient (GrpcClientProtocolClient.java:onNext(254)) - client-43E682E1E07B->d5132e6f-def8-45c0-b0d2-c5ba43d86628: receive RaftClientReply:client-43E682E1E07B->d5132e6f-def8-45c0-b0d2-c5ba43d86628@group-C29775A8E805, cid=1478, SUCCESS, logIndex=2584, commits[d5132e6f-def8-45c0-b0d2-c5ba43d86628:c2584]
2019-06-13 22:26:44,232 INFO  client.GrpcClientProtocolClient (GrpcClientProtocolClient.java:onNext(254)) - client-43E682E1E07B->d5132e6f-def8-45c0-b0d2-c5ba43d86628: receive RaftClientReply:client-43E682E1E07B->d5132e6f-def8-45c0-b0d2-c5ba43d86628@group-C29775A8E805, cid=1479, SUCCESS, logIndex=2585, commits[d5132e6f-def8-45c0-b0d2-c5ba43d86628:c2587]
2019-06-13 22:26:44,236 INFO  client.GrpcClientProtocolClient (GrpcClientProtocolClient.java:onNext(254)) - client-43E682E1E07B->d5132e6f-def8-45c0-b0d2-c5ba43d86628: receive RaftClientReply:client-43E682E1E07B->d5132e6f-def8-45c0-b0d2-c5ba43d86628@group-C29775A8E805, cid=1480, SUCCESS, logIndex=2586, commits[d5132e6f-def8-45c0-b0d2-c5ba43d86628:c2587]
2019-06-13 22:26:44,285 DEBUG block.SCMBlockDeletingService (SCMBlockDeletingService.java:call(138)) - Running DeletedBlockTransactionScanner
2019-06-13 22:26:44,286 DEBUG block.SCMBlockDeletingService (SCMBlockDeletingService.java:call(155)) - Scanned deleted blocks log and got 0 delTX to process.
2019-06-13 22:26:44,290 INFO  client.GrpcClientProtocolClient (GrpcClientProtocolClient.java:onNext(254)) - client-43E682E1E07B->d5132e6f-def8-45c0-b0d2-c5ba43d86628: receive RaftClientReply:client-43E682E1E07B->d5132e6f-def8-45c0-b0d2-c5ba43d86628@group-C29775A8E805, cid=1481, SUCCESS, logIndex=2588, commits[d5132e6f-def8-45c0-b0d2-c5ba43d86628:c2588]
2019-06-13 22:26:44,296 INFO  client.GrpcClientProtocolClient (GrpcClientProtocolClient.java:onNext(254)) - client-43E682E1E07B->d5132e6f-def8-45c0-b0d2-c5ba43d86628: receive RaftClientReply:client-43E682E1E07B->d5132e6f-def8-45c0-b0d2-c5ba43d86628@group-C29775A8E805, cid=1482, SUCCESS, logIndex=2590, commits[d5132e6f-def8-45c0-b0d2-c5ba43d86628:c2590]
2019-06-13 22:26:44,297 INFO  client.GrpcClientProtocolClient (GrpcClientProtocolClient.java:onNext(254)) - client-43E682E1E07B->d5132e6f-def8-45c0-b0d2-c5ba43d86628: receive RaftClientReply:client-43E682E1E07B->d5132e6f-def8-45c0-b0d2-c5ba43d86628@group-C29775A8E805, cid=1483, SUCCESS, logIndex=2591, commits[d5132e6f-def8-45c0-b0d2-c5ba43d86628:c2593]
2019-06-13 22:26:44,297 INFO  client.GrpcClientProtocolClient (GrpcClientProtocolClient.java:onNext(254)) - client-43E682E1E07B->d5132e6f-def8-45c0-b0d2-c5ba43d86628: receive RaftClientReply:client-43E682E1E07B->d5132e6f-def8-45c0-b0d2-c5ba43d86628@group-C29775A8E805, cid=1484, SUCCESS, logIndex=2593, commits[d5132e6f-def8-45c0-b0d2-c5ba43d86628:c2593]
2019-06-13 22:26:44,310 INFO  client.GrpcClientProtocolClient (GrpcClientProtocolClient.java:onNext(254)) - client-43E682E1E07B->d5132e6f-def8-45c0-b0d2-c5ba43d86628: receive RaftClientReply:client-43E682E1E07B->d5132e6f-def8-45c0-b0d2-c5ba43d86628@group-C29775A8E805, cid=1485, SUCCESS, logIndex=2595, commits[d5132e6f-def8-45c0-b0d2-c5ba43d86628:c2595]
2019-06-13 22:26:44,313 INFO  client.GrpcClientProtocolClient (GrpcClientProtocolClient.java:onNext(254)) - client-43E682E1E07B->d5132e6f-def8-45c0-b0d2-c5ba43d86628: receive RaftClientReply:client-43E682E1E07B->d5132e6f-def8-45c0-b0d2-c5ba43d86628@group-C29775A8E805, cid=1486, SUCCESS, logIndex=2597, commits[d5132e6f-def8-45c0-b0d2-c5ba43d86628:c2597]
2019-06-13 22:26:44,313 INFO  client.GrpcClientProtocolClient (GrpcClientProtocolClient.java:onNext(254)) - client-43E682E1E07B->d5132e6f-def8-45c0-b0d2-c5ba43d86628: receive RaftClientReply:client-43E682E1E07B->d5132e6f-def8-45c0-b0d2-c5ba43d86628@group-C29775A8E805, cid=1487, SUCCESS, logIndex=2598, commits[d5132e6f-def8-45c0-b0d2-c5ba43d86628:c2599]
2019-06-13 22:26:44,314 INFO  client.GrpcClientProtocolClient (GrpcClientProtocolClient.java:onNext(254)) - client-43E682E1E07B->d5132e6f-def8-45c0-b0d2-c5ba43d86628: receive RaftClientReply:client-43E682E1E07B->d5132e6f-def8-45c0-b0d2-c5ba43d86628@group-C29775A8E805, cid=1488, SUCCESS, logIndex=2599, commits[d5132e6f-def8-45c0-b0d2-c5ba43d86628:c2601]
2019-06-13 22:26:44,325 INFO  client.GrpcClientProtocolClient (GrpcClientProtocolClient.java:onNext(254)) - client-43E682E1E07B->d5132e6f-def8-45c0-b0d2-c5ba43d86628: receive RaftClientReply:client-43E682E1E07B->d5132e6f-def8-45c0-b0d2-c5ba43d86628@group-C29775A8E805, cid=1489, SUCCESS, logIndex=2602, commits[d5132e6f-def8-45c0-b0d2-c5ba43d86628:c2602]
2019-06-13 22:26:44,327 INFO  client.GrpcClientProtocolClient (GrpcClientProtocolClient.java:onNext(254)) - client-43E682E1E07B->d5132e6f-def8-45c0-b0d2-c5ba43d86628: receive RaftClientReply:client-43E682E1E07B->d5132e6f-def8-45c0-b0d2-c5ba43d86628@group-C29775A8E805, cid=1490, SUCCESS, logIndex=2604, commits[d5132e6f-def8-45c0-b0d2-c5ba43d86628:c2604]
2019-06-13 22:26:44,328 INFO  client.GrpcClientProtocolClient (GrpcClientProtocolClient.java:onNext(254)) - client-43E682E1E07B->d5132e6f-def8-45c0-b0d2-c5ba43d86628: receive RaftClientReply:client-43E682E1E07B->d5132e6f-def8-45c0-b0d2-c5ba43d86628@group-C29775A8E805, cid=1491, SUCCESS, logIndex=2605, commits[d5132e6f-def8-45c0-b0d2-c5ba43d86628:c2607]
2019-06-13 22:26:44,328 INFO  client.GrpcClientProtocolClient (GrpcClientProtocolClient.java:onNext(254)) - client-43E682E1E07B->d5132e6f-def8-45c0-b0d2-c5ba43d86628: receive RaftClientReply:client-43E682E1E07B->d5132e6f-def8-45c0-b0d2-c5ba43d86628@group-C29775A8E805, cid=1492, SUCCESS, logIndex=2607, commits[d5132e6f-def8-45c0-b0d2-c5ba43d86628:c2607]
2019-06-13 22:26:44,338 INFO  client.GrpcClientProtocolClient (GrpcClientProtocolClient.java:onNext(254)) - client-43E682E1E07B->d5132e6f-def8-45c0-b0d2-c5ba43d86628: receive RaftClientReply:client-43E682E1E07B->d5132e6f-def8-45c0-b0d2-c5ba43d86628@group-C29775A8E805, cid=1493, SUCCESS, logIndex=2609, commits[d5132e6f-def8-45c0-b0d2-c5ba43d86628:c2609]
2019-06-13 22:26:44,338 INFO  storage.RaftLogWorker (RaftLogWorker.java:rollLogSegment(303)) - d5132e6f-def8-45c0-b0d2-c5ba43d86628-RaftLogWorker: Rolling segment log-2542_2612 to index:2612
2019-06-13 22:26:44,341 INFO  storage.RaftLogWorker (RaftLogWorker.java:execute(433)) - d5132e6f-def8-45c0-b0d2-c5ba43d86628-RaftLogWorker: Rolled log segment from /opt/src/hadoop-ozone/integration-test/target/test-dir/MiniOzoneClusterImpl-e9ea07bb-4900-4b53-96c1-68f0ab556a80/datanode-0/data/ratis/c7035dd3-cd4a-42fb-880d-c29775a8e805/current/log_inprogress_2542 to /opt/src/hadoop-ozone/integration-test/target/test-dir/MiniOzoneClusterImpl-e9ea07bb-4900-4b53-96c1-68f0ab556a80/datanode-0/data/ratis/c7035dd3-cd4a-42fb-880d-c29775a8e805/current/log_2542-2612
2019-06-13 22:26:44,345 INFO  client.GrpcClientProtocolClient (GrpcClientProtocolClient.java:onNext(254)) - client-43E682E1E07B->d5132e6f-def8-45c0-b0d2-c5ba43d86628: receive RaftClientReply:client-43E682E1E07B->d5132e6f-def8-45c0-b0d2-c5ba43d86628@group-C29775A8E805, cid=1494, SUCCESS, logIndex=2611, commits[d5132e6f-def8-45c0-b0d2-c5ba43d86628:c2611]
2019-06-13 22:26:44,346 INFO  client.GrpcClientProtocolClient (GrpcClientProtocolClient.java:onNext(254)) - client-43E682E1E07B->d5132e6f-def8-45c0-b0d2-c5ba43d86628: receive RaftClientReply:client-43E682E1E07B->d5132e6f-def8-45c0-b0d2-c5ba43d86628@group-C29775A8E805, cid=1495, SUCCESS, logIndex=2612, commits[d5132e6f-def8-45c0-b0d2-c5ba43d86628:c2612]
2019-06-13 22:26:44,384 INFO  storage.RaftLogWorker (RaftLogWorker.java:execute(469)) - d5132e6f-def8-45c0-b0d2-c5ba43d86628-RaftLogWorker: created new log segment /opt/src/hadoop-ozone/integration-test/target/test-dir/MiniOzoneClusterImpl-e9ea07bb-4900-4b53-96c1-68f0ab556a80/datanode-0/data/ratis/c7035dd3-cd4a-42fb-880d-c29775a8e805/current/log_inprogress_2613
2019-06-13 22:26:44,386 DEBUG block.SCMBlockDeletingService (SCMBlockDeletingService.java:call(138)) - Running DeletedBlockTransactionScanner
2019-06-13 22:26:44,387 DEBUG block.SCMBlockDeletingService (SCMBlockDeletingService.java:call(155)) - Scanned deleted blocks log and got 0 delTX to process.
2019-06-13 22:26:44,387 INFO  client.GrpcClientProtocolClient (GrpcClientProtocolClient.java:onNext(254)) - client-43E682E1E07B->d5132e6f-def8-45c0-b0d2-c5ba43d86628: receive RaftClientReply:client-43E682E1E07B->d5132e6f-def8-45c0-b0d2-c5ba43d86628@group-C29775A8E805, cid=1496, SUCCESS, logIndex=2613, commits[d5132e6f-def8-45c0-b0d2-c5ba43d86628:c2615]
2019-06-13 22:26:44,398 INFO  client.GrpcClientProtocolClient (GrpcClientProtocolClient.java:onNext(254)) - client-43E682E1E07B->d5132e6f-def8-45c0-b0d2-c5ba43d86628: receive RaftClientReply:client-43E682E1E07B->d5132e6f-def8-45c0-b0d2-c5ba43d86628@group-C29775A8E805, cid=1497, SUCCESS, logIndex=2616, commits[d5132e6f-def8-45c0-b0d2-c5ba43d86628:c2616]
2019-06-13 22:26:44,405 INFO  client.GrpcClientProtocolClient (GrpcClientProtocolClient.java:onNext(254)) - client-43E682E1E07B->d5132e6f-def8-45c0-b0d2-c5ba43d86628: receive RaftClientReply:client-43E682E1E07B->d5132e6f-def8-45c0-b0d2-c5ba43d86628@group-C29775A8E805, cid=1498, SUCCESS, logIndex=2618, commits[d5132e6f-def8-45c0-b0d2-c5ba43d86628:c2618]
2019-06-13 22:26:44,410 INFO  client.GrpcClientProtocolClient (GrpcClientProtocolClient.java:onNext(254)) - client-43E682E1E07B->d5132e6f-def8-45c0-b0d2-c5ba43d86628: receive RaftClientReply:client-43E682E1E07B->d5132e6f-def8-45c0-b0d2-c5ba43d86628@group-C29775A8E805, cid=1499, SUCCESS, logIndex=2620, commits[d5132e6f-def8-45c0-b0d2-c5ba43d86628:c2621]
2019-06-13 22:26:44,411 INFO  client.GrpcClientProtocolClient (GrpcClientProtocolClient.java:onNext(254)) - client-43E682E1E07B->d5132e6f-def8-45c0-b0d2-c5ba43d86628: receive RaftClientReply:client-43E682E1E07B->d5132e6f-def8-45c0-b0d2-c5ba43d86628@group-C29775A8E805, cid=1500, SUCCESS, logIndex=2621, commits[d5132e6f-def8-45c0-b0d2-c5ba43d86628:c2621]
2019-06-13 22:26:44,422 INFO  client.GrpcClientProtocolClient (GrpcClientProtocolClient.java:onNext(254)) - client-43E682E1E07B->d5132e6f-def8-45c0-b0d2-c5ba43d86628: receive RaftClientReply:client-43E682E1E07B->d5132e6f-def8-45c0-b0d2-c5ba43d86628@group-C29775A8E805, cid=1501, SUCCESS, logIndex=2623, commits[d5132e6f-def8-45c0-b0d2-c5ba43d86628:c2623]
2019-06-13 22:26:44,426 INFO  client.GrpcClientProtocolClient (GrpcClientProtocolClient.java:onNext(254)) - client-43E682E1E07B->d5132e6f-def8-45c0-b0d2-c5ba43d86628: receive RaftClientReply:client-43E682E1E07B->d5132e6f-def8-45c0-b0d2-c5ba43d86628@group-C29775A8E805, cid=1502, SUCCESS, logIndex=2625, commits[d5132e6f-def8-45c0-b0d2-c5ba43d86628:c2625]
2019-06-13 22:26:44,487 DEBUG block.SCMBlockDeletingService (SCMBlockDeletingService.java:call(138)) - Running DeletedBlockTransactionScanner
2019-06-13 22:26:44,487 DEBUG block.SCMBlockDeletingService (SCMBlockDeletingService.java:call(155)) - Scanned deleted blocks log and got 0 delTX to process.
2019-06-13 22:26:44,491 INFO  client.GrpcClientProtocolClient (GrpcClientProtocolClient.java:onNext(254)) - client-43E682E1E07B->d5132e6f-def8-45c0-b0d2-c5ba43d86628: receive RaftClientReply:client-43E682E1E07B->d5132e6f-def8-45c0-b0d2-c5ba43d86628@group-C29775A8E805, cid=1503, SUCCESS, logIndex=2627, commits[d5132e6f-def8-45c0-b0d2-c5ba43d86628:c2627]
2019-06-13 22:26:44,492 INFO  client.GrpcClientProtocolClient (GrpcClientProtocolClient.java:onNext(254)) - client-43E682E1E07B->d5132e6f-def8-45c0-b0d2-c5ba43d86628: receive RaftClientReply:client-43E682E1E07B->d5132e6f-def8-45c0-b0d2-c5ba43d86628@group-C29775A8E805, cid=1504, SUCCESS, logIndex=2629, commits[d5132e6f-def8-45c0-b0d2-c5ba43d86628:c2629]
2019-06-13 22:26:44,503 INFO  client.GrpcClientProtocolClient (GrpcClientProtocolClient.java:onNext(254)) - client-43E682E1E07B->d5132e6f-def8-45c0-b0d2-c5ba43d86628: receive RaftClientReply:client-43E682E1E07B->d5132e6f-def8-45c0-b0d2-c5ba43d86628@group-C29775A8E805, cid=1505, SUCCESS, logIndex=2631, commits[d5132e6f-def8-45c0-b0d2-c5ba43d86628:c2631]
2019-06-13 22:26:44,505 INFO  client.GrpcClientProtocolClient (GrpcClientProtocolClient.java:onNext(254)) - client-43E682E1E07B->d5132e6f-def8-45c0-b0d2-c5ba43d86628: receive RaftClientReply:client-43E682E1E07B->d5132e6f-def8-45c0-b0d2-c5ba43d86628@group-C29775A8E805, cid=1506, SUCCESS, logIndex=2633, commits[d5132e6f-def8-45c0-b0d2-c5ba43d86628:c2633]
2019-06-13 22:26:44,509 INFO  client.GrpcClientProtocolClient (GrpcClientProtocolClient.java:onNext(254)) - client-43E682E1E07B->d5132e6f-def8-45c0-b0d2-c5ba43d86628: receive RaftClientReply:client-43E682E1E07B->d5132e6f-def8-45c0-b0d2-c5ba43d86628@group-C29775A8E805, cid=1507, SUCCESS, logIndex=2634, commits[d5132e6f-def8-45c0-b0d2-c5ba43d86628:c2636]
2019-06-13 22:26:44,510 INFO  client.GrpcClientProtocolClient (GrpcClientProtocolClient.java:onNext(254)) - client-43E682E1E07B->d5132e6f-def8-45c0-b0d2-c5ba43d86628: receive RaftClientReply:client-43E682E1E07B->d5132e6f-def8-45c0-b0d2-c5ba43d86628@group-C29775A8E805, cid=1508, SUCCESS, logIndex=2635, commits[d5132e6f-def8-45c0-b0d2-c5ba43d86628:c2636]
2019-06-13 22:26:44,516 INFO  client.GrpcClientProtocolClient (GrpcClientProtocolClient.java:onNext(254)) - client-43E682E1E07B->d5132e6f-def8-45c0-b0d2-c5ba43d86628: receive RaftClientReply:client-43E682E1E07B->d5132e6f-def8-45c0-b0d2-c5ba43d86628@group-C29775A8E805, cid=1509, SUCCESS, logIndex=2637, commits[d5132e6f-def8-45c0-b0d2-c5ba43d86628:c2637]
2019-06-13 22:26:44,518 INFO  client.GrpcClientProtocolClient (GrpcClientProtocolClient.java:onNext(254)) - client-43E682E1E07B->d5132e6f-def8-45c0-b0d2-c5ba43d86628: receive RaftClientReply:client-43E682E1E07B->d5132e6f-def8-45c0-b0d2-c5ba43d86628@group-C29775A8E805, cid=1510, SUCCESS, logIndex=2639, commits[d5132e6f-def8-45c0-b0d2-c5ba43d86628:c2639]
2019-06-13 22:26:44,519 INFO  client.GrpcClientProtocolClient (GrpcClientProtocolClient.java:onNext(254)) - client-43E682E1E07B->d5132e6f-def8-45c0-b0d2-c5ba43d86628: receive RaftClientReply:client-43E682E1E07B->d5132e6f-def8-45c0-b0d2-c5ba43d86628@group-C29775A8E805, cid=1511, SUCCESS, logIndex=2640, commits[d5132e6f-def8-45c0-b0d2-c5ba43d86628:c2642]
2019-06-13 22:26:44,520 INFO  client.GrpcClientProtocolClient (GrpcClientProtocolClient.java:onNext(254)) - client-43E682E1E07B->d5132e6f-def8-45c0-b0d2-c5ba43d86628: receive RaftClientReply:client-43E682E1E07B->d5132e6f-def8-45c0-b0d2-c5ba43d86628@group-C29775A8E805, cid=1512, SUCCESS, logIndex=2641, commits[d5132e6f-def8-45c0-b0d2-c5ba43d86628:c2642]
2019-06-13 22:26:44,530 INFO  client.GrpcClientProtocolClient (GrpcClientProtocolClient.java:onNext(254)) - client-43E682E1E07B->d5132e6f-def8-45c0-b0d2-c5ba43d86628: receive RaftClientReply:client-43E682E1E07B->d5132e6f-def8-45c0-b0d2-c5ba43d86628@group-C29775A8E805, cid=1513, SUCCESS, logIndex=2643, commits[d5132e6f-def8-45c0-b0d2-c5ba43d86628:c2643]
2019-06-13 22:26:44,533 INFO  client.GrpcClientProtocolClient (GrpcClientProtocolClient.java:onNext(254)) - client-43E682E1E07B->d5132e6f-def8-45c0-b0d2-c5ba43d86628: receive RaftClientReply:client-43E682E1E07B->d5132e6f-def8-45c0-b0d2-c5ba43d86628@group-C29775A8E805, cid=1514, SUCCESS, logIndex=2645, commits[d5132e6f-def8-45c0-b0d2-c5ba43d86628:c2645]
2019-06-13 22:26:44,533 INFO  client.GrpcClientProtocolClient (GrpcClientProtocolClient.java:onNext(254)) - client-43E682E1E07B->d5132e6f-def8-45c0-b0d2-c5ba43d86628: receive RaftClientReply:client-43E682E1E07B->d5132e6f-def8-45c0-b0d2-c5ba43d86628@group-C29775A8E805, cid=1515, SUCCESS, logIndex=2646, commits[d5132e6f-def8-45c0-b0d2-c5ba43d86628:c2646]
2019-06-13 22:26:44,534 INFO  client.GrpcClientProtocolClient (GrpcClientProtocolClient.java:onNext(254)) - client-43E682E1E07B->d5132e6f-def8-45c0-b0d2-c5ba43d86628: receive RaftClientReply:client-43E682E1E07B->d5132e6f-def8-45c0-b0d2-c5ba43d86628@group-C29775A8E805, cid=1516, SUCCESS, logIndex=2648, commits[d5132e6f-def8-45c0-b0d2-c5ba43d86628:c2648]
2019-06-13 22:26:44,549 INFO  client.GrpcClientProtocolClient (GrpcClientProtocolClient.java:onNext(254)) - client-43E682E1E07B->d5132e6f-def8-45c0-b0d2-c5ba43d86628: receive RaftClientReply:client-43E682E1E07B->d5132e6f-def8-45c0-b0d2-c5ba43d86628@group-C29775A8E805, cid=1517, SUCCESS, logIndex=2651, commits[d5132e6f-def8-45c0-b0d2-c5ba43d86628:c2652]
2019-06-13 22:26:44,551 INFO  client.GrpcClientProtocolClient (GrpcClientProtocolClient.java:onNext(254)) - client-43E682E1E07B->d5132e6f-def8-45c0-b0d2-c5ba43d86628: receive RaftClientReply:client-43E682E1E07B->d5132e6f-def8-45c0-b0d2-c5ba43d86628@group-C29775A8E805, cid=1518, SUCCESS, logIndex=2653, commits[d5132e6f-def8-45c0-b0d2-c5ba43d86628:c2655]
2019-06-13 22:26:44,552 INFO  client.GrpcClientProtocolClient (GrpcClientProtocolClient.java:onNext(254)) - client-43E682E1E07B->d5132e6f-def8-45c0-b0d2-c5ba43d86628: receive RaftClientReply:client-43E682E1E07B->d5132e6f-def8-45c0-b0d2-c5ba43d86628@group-C29775A8E805, cid=1519, SUCCESS, logIndex=2654, commits[d5132e6f-def8-45c0-b0d2-c5ba43d86628:c2656]
2019-06-13 22:26:44,552 INFO  client.GrpcClientProtocolClient (GrpcClientProtocolClient.java:onNext(254)) - client-43E682E1E07B->d5132e6f-def8-45c0-b0d2-c5ba43d86628: receive RaftClientReply:client-43E682E1E07B->d5132e6f-def8-45c0-b0d2-c5ba43d86628@group-C29775A8E805, cid=1520, SUCCESS, logIndex=2655, commits[d5132e6f-def8-45c0-b0d2-c5ba43d86628:c2656]
2019-06-13 22:26:44,567 INFO  client.GrpcClientProtocolClient (GrpcClientProtocolClient.java:onNext(254)) - client-43E682E1E07B->d5132e6f-def8-45c0-b0d2-c5ba43d86628: receive RaftClientReply:client-43E682E1E07B->d5132e6f-def8-45c0-b0d2-c5ba43d86628@group-C29775A8E805, cid=1521, SUCCESS, logIndex=2657, commits[d5132e6f-def8-45c0-b0d2-c5ba43d86628:c2657]
2019-06-13 22:26:44,571 INFO  client.GrpcClientProtocolClient (GrpcClientProtocolClient.java:onNext(254)) - client-43E682E1E07B->d5132e6f-def8-45c0-b0d2-c5ba43d86628: receive RaftClientReply:client-43E682E1E07B->d5132e6f-def8-45c0-b0d2-c5ba43d86628@group-C29775A8E805, cid=1522, SUCCESS, logIndex=2659, commits[d5132e6f-def8-45c0-b0d2-c5ba43d86628:c2659]
2019-06-13 22:26:44,573 INFO  client.GrpcClientProtocolClient (GrpcClientProtocolClient.java:onNext(254)) - client-43E682E1E07B->d5132e6f-def8-45c0-b0d2-c5ba43d86628: receive RaftClientReply:client-43E682E1E07B->d5132e6f-def8-45c0-b0d2-c5ba43d86628@group-C29775A8E805, cid=1523, SUCCESS, logIndex=2661, commits[d5132e6f-def8-45c0-b0d2-c5ba43d86628:c2661]
2019-06-13 22:26:44,574 INFO  client.GrpcClientProtocolClient (GrpcClientProtocolClient.java:onNext(254)) - client-43E682E1E07B->d5132e6f-def8-45c0-b0d2-c5ba43d86628: receive RaftClientReply:client-43E682E1E07B->d5132e6f-def8-45c0-b0d2-c5ba43d86628@group-C29775A8E805, cid=1524, SUCCESS, logIndex=2662, commits[d5132e6f-def8-45c0-b0d2-c5ba43d86628:c2662]
2019-06-13 22:26:44,582 INFO  client.GrpcClientProtocolClient (GrpcClientProtocolClient.java:onNext(254)) - client-43E682E1E07B->d5132e6f-def8-45c0-b0d2-c5ba43d86628: receive RaftClientReply:client-43E682E1E07B->d5132e6f-def8-45c0-b0d2-c5ba43d86628@group-C29775A8E805, cid=1525, SUCCESS, logIndex=2665, commits[d5132e6f-def8-45c0-b0d2-c5ba43d86628:c2665]
2019-06-13 22:26:44,585 INFO  client.GrpcClientProtocolClient (GrpcClientProtocolClient.java:onNext(254)) - client-43E682E1E07B->d5132e6f-def8-45c0-b0d2-c5ba43d86628: receive RaftClientReply:client-43E682E1E07B->d5132e6f-def8-45c0-b0d2-c5ba43d86628@group-C29775A8E805, cid=1526, SUCCESS, logIndex=2667, commits[d5132e6f-def8-45c0-b0d2-c5ba43d86628:c2667]
2019-06-13 22:26:44,587 DEBUG block.SCMBlockDeletingService (SCMBlockDeletingService.java:call(138)) - Running DeletedBlockTransactionScanner
2019-06-13 22:26:44,588 DEBUG block.SCMBlockDeletingService (SCMBlockDeletingService.java:call(155)) - Scanned deleted blocks log and got 0 delTX to process.
2019-06-13 22:26:44,588 INFO  client.GrpcClientProtocolClient (GrpcClientProtocolClient.java:onNext(254)) - client-43E682E1E07B->d5132e6f-def8-45c0-b0d2-c5ba43d86628: receive RaftClientReply:client-43E682E1E07B->d5132e6f-def8-45c0-b0d2-c5ba43d86628@group-C29775A8E805, cid=1527, SUCCESS, logIndex=2668, commits[d5132e6f-def8-45c0-b0d2-c5ba43d86628:c2670]
2019-06-13 22:26:44,589 INFO  client.GrpcClientProtocolClient (GrpcClientProtocolClient.java:onNext(254)) - client-43E682E1E07B->d5132e6f-def8-45c0-b0d2-c5ba43d86628: receive RaftClientReply:client-43E682E1E07B->d5132e6f-def8-45c0-b0d2-c5ba43d86628@group-C29775A8E805, cid=1528, SUCCESS, logIndex=2670, commits[d5132e6f-def8-45c0-b0d2-c5ba43d86628:c2670]
2019-06-13 22:26:44,606 INFO  client.GrpcClientProtocolClient (GrpcClientProtocolClient.java:onNext(254)) - client-43E682E1E07B->d5132e6f-def8-45c0-b0d2-c5ba43d86628: receive RaftClientReply:client-43E682E1E07B->d5132e6f-def8-45c0-b0d2-c5ba43d86628@group-C29775A8E805, cid=1529, SUCCESS, logIndex=2672, commits[d5132e6f-def8-45c0-b0d2-c5ba43d86628:c2672]
2019-06-13 22:26:44,610 INFO  client.GrpcClientProtocolClient (GrpcClientProtocolClient.java:onNext(254)) - client-43E682E1E07B->d5132e6f-def8-45c0-b0d2-c5ba43d86628: receive RaftClientReply:client-43E682E1E07B->d5132e6f-def8-45c0-b0d2-c5ba43d86628@group-C29775A8E805, cid=1530, SUCCESS, logIndex=2674, commits[d5132e6f-def8-45c0-b0d2-c5ba43d86628:c2674]
2019-06-13 22:26:44,613 INFO  client.GrpcClientProtocolClient (GrpcClientProtocolClient.java:onNext(254)) - client-43E682E1E07B->d5132e6f-def8-45c0-b0d2-c5ba43d86628: receive RaftClientReply:client-43E682E1E07B->d5132e6f-def8-45c0-b0d2-c5ba43d86628@group-C29775A8E805, cid=1531, SUCCESS, logIndex=2676, commits[d5132e6f-def8-45c0-b0d2-c5ba43d86628:c2676]
2019-06-13 22:26:44,614 INFO  client.GrpcClientProtocolClient (GrpcClientProtocolClient.java:onNext(254)) - client-43E682E1E07B->d5132e6f-def8-45c0-b0d2-c5ba43d86628: receive RaftClientReply:client-43E682E1E07B->d5132e6f-def8-45c0-b0d2-c5ba43d86628@group-C29775A8E805, cid=1532, SUCCESS, logIndex=2678, commits[d5132e6f-def8-45c0-b0d2-c5ba43d86628:c2678]
2019-06-13 22:26:44,626 INFO  client.GrpcClientProtocolClient (GrpcClientProtocolClient.java:onNext(254)) - client-43E682E1E07B->d5132e6f-def8-45c0-b0d2-c5ba43d86628: receive RaftClientReply:client-43E682E1E07B->d5132e6f-def8-45c0-b0d2-c5ba43d86628@group-C29775A8E805, cid=1533, SUCCESS, logIndex=2680, commits[d5132e6f-def8-45c0-b0d2-c5ba43d86628:c2680]
2019-06-13 22:26:44,632 INFO  client.GrpcClientProtocolClient (GrpcClientProtocolClient.java:onNext(254)) - client-43E682E1E07B->d5132e6f-def8-45c0-b0d2-c5ba43d86628: receive RaftClientReply:client-43E682E1E07B->d5132e6f-def8-45c0-b0d2-c5ba43d86628@group-C29775A8E805, cid=1534, SUCCESS, logIndex=2682, commits[d5132e6f-def8-45c0-b0d2-c5ba43d86628:c2683]
2019-06-13 22:26:44,638 INFO  client.GrpcClientProtocolClient (GrpcClientProtocolClient.java:onNext(254)) - client-43E682E1E07B->d5132e6f-def8-45c0-b0d2-c5ba43d86628: receive RaftClientReply:client-43E682E1E07B->d5132e6f-def8-45c0-b0d2-c5ba43d86628@group-C29775A8E805, cid=1535, SUCCESS, logIndex=2684, commits[d5132e6f-def8-45c0-b0d2-c5ba43d86628:c2685]
2019-06-13 22:26:44,644 INFO  client.GrpcClientProtocolClient (GrpcClientProtocolClient.java:onNext(254)) - client-43E682E1E07B->d5132e6f-def8-45c0-b0d2-c5ba43d86628: receive RaftClientReply:client-43E682E1E07B->d5132e6f-def8-45c0-b0d2-c5ba43d86628@group-C29775A8E805, cid=1536, SUCCESS, logIndex=2685, commits[d5132e6f-def8-45c0-b0d2-c5ba43d86628:c2685]
2019-06-13 22:26:44,662 INFO  client.GrpcClientProtocolClient (GrpcClientProtocolClient.java:onNext(254)) - client-43E682E1E07B->d5132e6f-def8-45c0-b0d2-c5ba43d86628: receive RaftClientReply:client-43E682E1E07B->d5132e6f-def8-45c0-b0d2-c5ba43d86628@group-C29775A8E805, cid=1537, SUCCESS, logIndex=2687, commits[d5132e6f-def8-45c0-b0d2-c5ba43d86628:c2687]
2019-06-13 22:26:44,663 INFO  storage.RaftLogWorker (RaftLogWorker.java:rollLogSegment(303)) - d5132e6f-def8-45c0-b0d2-c5ba43d86628-RaftLogWorker: Rolling segment log-2613_2689 to index:2689
2019-06-13 22:26:44,664 INFO  storage.RaftLogWorker (RaftLogWorker.java:execute(433)) - d5132e6f-def8-45c0-b0d2-c5ba43d86628-RaftLogWorker: Rolled log segment from /opt/src/hadoop-ozone/integration-test/target/test-dir/MiniOzoneClusterImpl-e9ea07bb-4900-4b53-96c1-68f0ab556a80/datanode-0/data/ratis/c7035dd3-cd4a-42fb-880d-c29775a8e805/current/log_inprogress_2613 to /opt/src/hadoop-ozone/integration-test/target/test-dir/MiniOzoneClusterImpl-e9ea07bb-4900-4b53-96c1-68f0ab556a80/datanode-0/data/ratis/c7035dd3-cd4a-42fb-880d-c29775a8e805/current/log_2613-2689
2019-06-13 22:26:44,678 INFO  client.GrpcClientProtocolClient (GrpcClientProtocolClient.java:onNext(254)) - client-43E682E1E07B->d5132e6f-def8-45c0-b0d2-c5ba43d86628: receive RaftClientReply:client-43E682E1E07B->d5132e6f-def8-45c0-b0d2-c5ba43d86628@group-C29775A8E805, cid=1538, SUCCESS, logIndex=2689, commits[d5132e6f-def8-45c0-b0d2-c5ba43d86628:c2689]
2019-06-13 22:26:44,688 DEBUG block.SCMBlockDeletingService (SCMBlockDeletingService.java:call(138)) - Running DeletedBlockTransactionScanner
2019-06-13 22:26:44,689 DEBUG block.SCMBlockDeletingService (SCMBlockDeletingService.java:call(155)) - Scanned deleted blocks log and got 0 delTX to process.
2019-06-13 22:26:44,715 INFO  storage.RaftLogWorker (RaftLogWorker.java:execute(469)) - d5132e6f-def8-45c0-b0d2-c5ba43d86628-RaftLogWorker: created new log segment /opt/src/hadoop-ozone/integration-test/target/test-dir/MiniOzoneClusterImpl-e9ea07bb-4900-4b53-96c1-68f0ab556a80/datanode-0/data/ratis/c7035dd3-cd4a-42fb-880d-c29775a8e805/current/log_inprogress_2690
2019-06-13 22:26:44,717 INFO  client.GrpcClientProtocolClient (GrpcClientProtocolClient.java:onNext(254)) - client-43E682E1E07B->d5132e6f-def8-45c0-b0d2-c5ba43d86628: receive RaftClientReply:client-43E682E1E07B->d5132e6f-def8-45c0-b0d2-c5ba43d86628@group-C29775A8E805, cid=1539, SUCCESS, logIndex=2690, commits[d5132e6f-def8-45c0-b0d2-c5ba43d86628:c2692]
2019-06-13 22:26:44,718 INFO  client.GrpcClientProtocolClient (GrpcClientProtocolClient.java:onNext(254)) - client-43E682E1E07B->d5132e6f-def8-45c0-b0d2-c5ba43d86628: receive RaftClientReply:client-43E682E1E07B->d5132e6f-def8-45c0-b0d2-c5ba43d86628@group-C29775A8E805, cid=1540, SUCCESS, logIndex=2692, commits[d5132e6f-def8-45c0-b0d2-c5ba43d86628:c2692]
2019-06-13 22:26:44,726 INFO  client.GrpcClientProtocolClient (GrpcClientProtocolClient.java:onNext(254)) - client-43E682E1E07B->d5132e6f-def8-45c0-b0d2-c5ba43d86628: receive RaftClientReply:client-43E682E1E07B->d5132e6f-def8-45c0-b0d2-c5ba43d86628@group-C29775A8E805, cid=1541, SUCCESS, logIndex=2694, commits[d5132e6f-def8-45c0-b0d2-c5ba43d86628:c2694]
2019-06-13 22:26:44,729 INFO  client.GrpcClientProtocolClient (GrpcClientProtocolClient.java:onNext(254)) - client-43E682E1E07B->d5132e6f-def8-45c0-b0d2-c5ba43d86628: receive RaftClientReply:client-43E682E1E07B->d5132e6f-def8-45c0-b0d2-c5ba43d86628@group-C29775A8E805, cid=1542, SUCCESS, logIndex=2696, commits[d5132e6f-def8-45c0-b0d2-c5ba43d86628:c2698]
2019-06-13 22:26:44,730 INFO  client.GrpcClientProtocolClient (GrpcClientProtocolClient.java:onNext(254)) - client-43E682E1E07B->d5132e6f-def8-45c0-b0d2-c5ba43d86628: receive RaftClientReply:client-43E682E1E07B->d5132e6f-def8-45c0-b0d2-c5ba43d86628@group-C29775A8E805, cid=1543, SUCCESS, logIndex=2697, commits[d5132e6f-def8-45c0-b0d2-c5ba43d86628:c2699]
2019-06-13 22:26:44,730 INFO  client.GrpcClientProtocolClient (GrpcClientProtocolClient.java:onNext(254)) - client-43E682E1E07B->d5132e6f-def8-45c0-b0d2-c5ba43d86628: receive RaftClientReply:client-43E682E1E07B->d5132e6f-def8-45c0-b0d2-c5ba43d86628@group-C29775A8E805, cid=1544, SUCCESS, logIndex=2698, commits[d5132e6f-def8-45c0-b0d2-c5ba43d86628:c2699]
2019-06-13 22:26:44,754 INFO  client.GrpcClientProtocolClient (GrpcClientProtocolClient.java:onNext(254)) - client-43E682E1E07B->d5132e6f-def8-45c0-b0d2-c5ba43d86628: receive RaftClientReply:client-43E682E1E07B->d5132e6f-def8-45c0-b0d2-c5ba43d86628@group-C29775A8E805, cid=1545, SUCCESS, logIndex=2700, commits[d5132e6f-def8-45c0-b0d2-c5ba43d86628:c2700]
2019-06-13 22:26:44,766 INFO  client.GrpcClientProtocolClient (GrpcClientProtocolClient.java:onNext(254)) - client-43E682E1E07B->d5132e6f-def8-45c0-b0d2-c5ba43d86628: receive RaftClientReply:client-43E682E1E07B->d5132e6f-def8-45c0-b0d2-c5ba43d86628@group-C29775A8E805, cid=1546, SUCCESS, logIndex=2702, commits[d5132e6f-def8-45c0-b0d2-c5ba43d86628:c2702]
2019-06-13 22:26:44,790 DEBUG block.SCMBlockDeletingService (SCMBlockDeletingService.java:call(138)) - Running DeletedBlockTransactionScanner
2019-06-13 22:26:44,790 DEBUG block.SCMBlockDeletingService (SCMBlockDeletingService.java:call(155)) - Scanned deleted blocks log and got 0 delTX to process.
2019-06-13 22:26:45,104 DEBUG block.SCMBlockDeletingService (SCMBlockDeletingService.java:call(138)) - Running DeletedBlockTransactionScanner
2019-06-13 22:26:45,108 DEBUG block.SCMBlockDeletingService (SCMBlockDeletingService.java:call(155)) - Scanned deleted blocks log and got 0 delTX to process.
2019-06-13 22:26:45,123 INFO  client.GrpcClientProtocolClient (GrpcClientProtocolClient.java:onNext(254)) - client-43E682E1E07B->d5132e6f-def8-45c0-b0d2-c5ba43d86628: receive RaftClientReply:client-43E682E1E07B->d5132e6f-def8-45c0-b0d2-c5ba43d86628@group-C29775A8E805, cid=1547, SUCCESS, logIndex=2704, commits[d5132e6f-def8-45c0-b0d2-c5ba43d86628:c2704]
2019-06-13 22:26:45,124 INFO  client.GrpcClientProtocolClient (GrpcClientProtocolClient.java:onNext(254)) - client-43E682E1E07B->d5132e6f-def8-45c0-b0d2-c5ba43d86628: receive RaftClientReply:client-43E682E1E07B->d5132e6f-def8-45c0-b0d2-c5ba43d86628@group-C29775A8E805, cid=1548, SUCCESS, logIndex=2706, commits[d5132e6f-def8-45c0-b0d2-c5ba43d86628:c2706]
2019-06-13 22:26:45,133 INFO  client.GrpcClientProtocolClient (GrpcClientProtocolClient.java:onNext(254)) - client-43E682E1E07B->d5132e6f-def8-45c0-b0d2-c5ba43d86628: receive RaftClientReply:client-43E682E1E07B->d5132e6f-def8-45c0-b0d2-c5ba43d86628@group-C29775A8E805, cid=1549, SUCCESS, logIndex=2708, commits[d5132e6f-def8-45c0-b0d2-c5ba43d86628:c2708]
2019-06-13 22:26:45,139 INFO  client.GrpcClientProtocolClient (GrpcClientProtocolClient.java:onNext(254)) - client-43E682E1E07B->d5132e6f-def8-45c0-b0d2-c5ba43d86628: receive RaftClientReply:client-43E682E1E07B->d5132e6f-def8-45c0-b0d2-c5ba43d86628@group-C29775A8E805, cid=1550, SUCCESS, logIndex=2710, commits[d5132e6f-def8-45c0-b0d2-c5ba43d86628:c2710]
2019-06-13 22:26:45,140 INFO  client.GrpcClientProtocolClient (GrpcClientProtocolClient.java:onNext(254)) - client-43E682E1E07B->d5132e6f-def8-45c0-b0d2-c5ba43d86628: receive RaftClientReply:client-43E682E1E07B->d5132e6f-def8-45c0-b0d2-c5ba43d86628@group-C29775A8E805, cid=1551, SUCCESS, logIndex=2711, commits[d5132e6f-def8-45c0-b0d2-c5ba43d86628:c2713]
2019-06-13 22:26:45,141 INFO  client.GrpcClientProtocolClient (GrpcClientProtocolClient.java:onNext(254)) - client-43E682E1E07B->d5132e6f-def8-45c0-b0d2-c5ba43d86628: receive RaftClientReply:client-43E682E1E07B->d5132e6f-def8-45c0-b0d2-c5ba43d86628@group-C29775A8E805, cid=1552, SUCCESS, logIndex=2713, commits[d5132e6f-def8-45c0-b0d2-c5ba43d86628:c2713]
2019-06-13 22:26:45,152 INFO  client.GrpcClientProtocolClient (GrpcClientProtocolClient.java:onNext(254)) - client-43E682E1E07B->d5132e6f-def8-45c0-b0d2-c5ba43d86628: receive RaftClientReply:client-43E682E1E07B->d5132e6f-def8-45c0-b0d2-c5ba43d86628@group-C29775A8E805, cid=1553, SUCCESS, logIndex=2715, commits[d5132e6f-def8-45c0-b0d2-c5ba43d86628:c2715]
2019-06-13 22:26:45,155 INFO  client.GrpcClientProtocolClient (GrpcClientProtocolClient.java:onNext(254)) - client-43E682E1E07B->d5132e6f-def8-45c0-b0d2-c5ba43d86628: receive RaftClientReply:client-43E682E1E07B->d5132e6f-def8-45c0-b0d2-c5ba43d86628@group-C29775A8E805, cid=1554, SUCCESS, logIndex=2717, commits[d5132e6f-def8-45c0-b0d2-c5ba43d86628:c2717]
2019-06-13 22:26:45,155 INFO  client.GrpcClientProtocolClient (GrpcClientProtocolClient.java:onNext(254)) - client-43E682E1E07B->d5132e6f-def8-45c0-b0d2-c5ba43d86628: receive RaftClientReply:client-43E682E1E07B->d5132e6f-def8-45c0-b0d2-c5ba43d86628@group-C29775A8E805, cid=1555, SUCCESS, logIndex=2718, commits[d5132e6f-def8-45c0-b0d2-c5ba43d86628:c2720]
2019-06-13 22:26:45,156 INFO  client.GrpcClientProtocolClient (GrpcClientProtocolClient.java:onNext(254)) - client-43E682E1E07B->d5132e6f-def8-45c0-b0d2-c5ba43d86628: receive RaftClientReply:client-43E682E1E07B->d5132e6f-def8-45c0-b0d2-c5ba43d86628@group-C29775A8E805, cid=1556, SUCCESS, logIndex=2719, commits[d5132e6f-def8-45c0-b0d2-c5ba43d86628:c2720]
2019-06-13 22:26:45,164 INFO  client.GrpcClientProtocolClient (GrpcClientProtocolClient.java:onNext(254)) - client-43E682E1E07B->d5132e6f-def8-45c0-b0d2-c5ba43d86628: receive RaftClientReply:client-43E682E1E07B->d5132e6f-def8-45c0-b0d2-c5ba43d86628@group-C29775A8E805, cid=1557, SUCCESS, logIndex=2721, commits[d5132e6f-def8-45c0-b0d2-c5ba43d86628:c2721]
2019-06-13 22:26:45,166 INFO  client.GrpcClientProtocolClient (GrpcClientProtocolClient.java:onNext(254)) - client-43E682E1E07B->d5132e6f-def8-45c0-b0d2-c5ba43d86628: receive RaftClientReply:client-43E682E1E07B->d5132e6f-def8-45c0-b0d2-c5ba43d86628@group-C29775A8E805, cid=1558, SUCCESS, logIndex=2723, commits[d5132e6f-def8-45c0-b0d2-c5ba43d86628:c2723]
2019-06-13 22:26:45,178 INFO  client.GrpcClientProtocolClient (GrpcClientProtocolClient.java:onNext(254)) - client-43E682E1E07B->d5132e6f-def8-45c0-b0d2-c5ba43d86628: receive RaftClientReply:client-43E682E1E07B->d5132e6f-def8-45c0-b0d2-c5ba43d86628@group-C29775A8E805, cid=1559, SUCCESS, logIndex=2724, commits[d5132e6f-def8-45c0-b0d2-c5ba43d86628:c2726]
2019-06-13 22:26:45,180 INFO  client.GrpcClientProtocolClient (GrpcClientProtocolClient.java:onNext(254)) - client-43E682E1E07B->d5132e6f-def8-45c0-b0d2-c5ba43d86628: receive RaftClientReply:client-43E682E1E07B->d5132e6f-def8-45c0-b0d2-c5ba43d86628@group-C29775A8E805, cid=1560, SUCCESS, logIndex=2726, commits[d5132e6f-def8-45c0-b0d2-c5ba43d86628:c2726]
2019-06-13 22:26:45,209 DEBUG block.SCMBlockDeletingService (SCMBlockDeletingService.java:call(138)) - Running DeletedBlockTransactionScanner
2019-06-13 22:26:45,209 DEBUG block.SCMBlockDeletingService (SCMBlockDeletingService.java:call(155)) - Scanned deleted blocks log and got 0 delTX to process.
2019-06-13 22:26:45,210 INFO  client.GrpcClientProtocolClient (GrpcClientProtocolClient.java:onNext(254)) - client-43E682E1E07B->d5132e6f-def8-45c0-b0d2-c5ba43d86628: receive RaftClientReply:client-43E682E1E07B->d5132e6f-def8-45c0-b0d2-c5ba43d86628@group-C29775A8E805, cid=1561, SUCCESS, logIndex=2728, commits[d5132e6f-def8-45c0-b0d2-c5ba43d86628:c2728]
2019-06-13 22:26:45,212 INFO  client.GrpcClientProtocolClient (GrpcClientProtocolClient.java:onNext(254)) - client-43E682E1E07B->d5132e6f-def8-45c0-b0d2-c5ba43d86628: receive RaftClientReply:client-43E682E1E07B->d5132e6f-def8-45c0-b0d2-c5ba43d86628@group-C29775A8E805, cid=1562, SUCCESS, logIndex=2730, commits[d5132e6f-def8-45c0-b0d2-c5ba43d86628:c2730]
2019-06-13 22:26:45,218 INFO  client.GrpcClientProtocolClient (GrpcClientProtocolClient.java:onNext(254)) - client-43E682E1E07B->d5132e6f-def8-45c0-b0d2-c5ba43d86628: receive RaftClientReply:client-43E682E1E07B->d5132e6f-def8-45c0-b0d2-c5ba43d86628@group-C29775A8E805, cid=1563, SUCCESS, logIndex=2732, commits[d5132e6f-def8-45c0-b0d2-c5ba43d86628:c2733]
2019-06-13 22:26:45,223 INFO  client.GrpcClientProtocolClient (GrpcClientProtocolClient.java:onNext(254)) - client-43E682E1E07B->d5132e6f-def8-45c0-b0d2-c5ba43d86628: receive RaftClientReply:client-43E682E1E07B->d5132e6f-def8-45c0-b0d2-c5ba43d86628@group-C29775A8E805, cid=1564, SUCCESS, logIndex=2733, commits[d5132e6f-def8-45c0-b0d2-c5ba43d86628:c2733]
2019-06-13 22:26:45,231 INFO  client.GrpcClientProtocolClient (GrpcClientProtocolClient.java:onNext(254)) - client-43E682E1E07B->d5132e6f-def8-45c0-b0d2-c5ba43d86628: receive RaftClientReply:client-43E682E1E07B->d5132e6f-def8-45c0-b0d2-c5ba43d86628@group-C29775A8E805, cid=1565, SUCCESS, logIndex=2735, commits[d5132e6f-def8-45c0-b0d2-c5ba43d86628:c2735]
2019-06-13 22:26:45,233 INFO  client.GrpcClientProtocolClient (GrpcClientProtocolClient.java:onNext(254)) - client-43E682E1E07B->d5132e6f-def8-45c0-b0d2-c5ba43d86628: receive RaftClientReply:client-43E682E1E07B->d5132e6f-def8-45c0-b0d2-c5ba43d86628@group-C29775A8E805, cid=1566, SUCCESS, logIndex=2737, commits[d5132e6f-def8-45c0-b0d2-c5ba43d86628:c2737]
2019-06-13 22:26:45,238 INFO  client.GrpcClientProtocolClient (GrpcClientProtocolClient.java:onNext(254)) - client-43E682E1E07B->d5132e6f-def8-45c0-b0d2-c5ba43d86628: receive RaftClientReply:client-43E682E1E07B->d5132e6f-def8-45c0-b0d2-c5ba43d86628@group-C29775A8E805, cid=1567, SUCCESS, logIndex=2738, commits[d5132e6f-def8-45c0-b0d2-c5ba43d86628:c2739]
2019-06-13 22:26:45,238 INFO  client.GrpcClientProtocolClient (GrpcClientProtocolClient.java:onNext(254)) - client-43E682E1E07B->d5132e6f-def8-45c0-b0d2-c5ba43d86628: receive RaftClientReply:client-43E682E1E07B->d5132e6f-def8-45c0-b0d2-c5ba43d86628@group-C29775A8E805, cid=1568, SUCCESS, logIndex=2739, commits[d5132e6f-def8-45c0-b0d2-c5ba43d86628:c2739]
2019-06-13 22:26:45,253 INFO  client.GrpcClientProtocolClient (GrpcClientProtocolClient.java:onNext(254)) - client-43E682E1E07B->d5132e6f-def8-45c0-b0d2-c5ba43d86628: receive RaftClientReply:client-43E682E1E07B->d5132e6f-def8-45c0-b0d2-c5ba43d86628@group-C29775A8E805, cid=1569, SUCCESS, logIndex=2742, commits[d5132e6f-def8-45c0-b0d2-c5ba43d86628:c2742]
2019-06-13 22:26:45,256 INFO  client.GrpcClientProtocolClient (GrpcClientProtocolClient.java:onNext(254)) - client-43E682E1E07B->d5132e6f-def8-45c0-b0d2-c5ba43d86628: receive RaftClientReply:client-43E682E1E07B->d5132e6f-def8-45c0-b0d2-c5ba43d86628@group-C29775A8E805, cid=1570, SUCCESS, logIndex=2744, commits[d5132e6f-def8-45c0-b0d2-c5ba43d86628:c2745]
2019-06-13 22:26:45,258 INFO  client.GrpcClientProtocolClient (GrpcClientProtocolClient.java:onNext(254)) - client-43E682E1E07B->d5132e6f-def8-45c0-b0d2-c5ba43d86628: receive RaftClientReply:client-43E682E1E07B->d5132e6f-def8-45c0-b0d2-c5ba43d86628@group-C29775A8E805, cid=1571, SUCCESS, logIndex=2745, commits[d5132e6f-def8-45c0-b0d2-c5ba43d86628:c2746]
2019-06-13 22:26:45,258 INFO  client.GrpcClientProtocolClient (GrpcClientProtocolClient.java:onNext(254)) - client-43E682E1E07B->d5132e6f-def8-45c0-b0d2-c5ba43d86628: receive RaftClientReply:client-43E682E1E07B->d5132e6f-def8-45c0-b0d2-c5ba43d86628@group-C29775A8E805, cid=1572, SUCCESS, logIndex=2746, commits[d5132e6f-def8-45c0-b0d2-c5ba43d86628:c2746]
2019-06-13 22:26:45,266 INFO  client.GrpcClientProtocolClient (GrpcClientProtocolClient.java:onNext(254)) - client-43E682E1E07B->d5132e6f-def8-45c0-b0d2-c5ba43d86628: receive RaftClientReply:client-43E682E1E07B->d5132e6f-def8-45c0-b0d2-c5ba43d86628@group-C29775A8E805, cid=1573, SUCCESS, logIndex=2749, commits[d5132e6f-def8-45c0-b0d2-c5ba43d86628:c2750]
2019-06-13 22:26:45,268 INFO  client.GrpcClientProtocolClient (GrpcClientProtocolClient.java:onNext(254)) - client-43E682E1E07B->d5132e6f-def8-45c0-b0d2-c5ba43d86628: receive RaftClientReply:client-43E682E1E07B->d5132e6f-def8-45c0-b0d2-c5ba43d86628@group-C29775A8E805, cid=1574, SUCCESS, logIndex=2751, commits[d5132e6f-def8-45c0-b0d2-c5ba43d86628:c2751]
2019-06-13 22:26:45,278 INFO  client.GrpcClientProtocolClient (GrpcClientProtocolClient.java:onNext(254)) - client-43E682E1E07B->d5132e6f-def8-45c0-b0d2-c5ba43d86628: receive RaftClientReply:client-43E682E1E07B->d5132e6f-def8-45c0-b0d2-c5ba43d86628@group-C29775A8E805, cid=1575, SUCCESS, logIndex=2753, commits[d5132e6f-def8-45c0-b0d2-c5ba43d86628:c2753]
2019-06-13 22:26:45,280 INFO  client.GrpcClientProtocolClient (GrpcClientProtocolClient.java:onNext(254)) - client-43E682E1E07B->d5132e6f-def8-45c0-b0d2-c5ba43d86628: receive RaftClientReply:client-43E682E1E07B->d5132e6f-def8-45c0-b0d2-c5ba43d86628@group-C29775A8E805, cid=1576, SUCCESS, logIndex=2755, commits[d5132e6f-def8-45c0-b0d2-c5ba43d86628:c2755]
2019-06-13 22:26:45,302 INFO  client.GrpcClientProtocolClient (GrpcClientProtocolClient.java:onNext(254)) - client-43E682E1E07B->d5132e6f-def8-45c0-b0d2-c5ba43d86628: receive RaftClientReply:client-43E682E1E07B->d5132e6f-def8-45c0-b0d2-c5ba43d86628@group-C29775A8E805, cid=1577, SUCCESS, logIndex=2757, commits[d5132e6f-def8-45c0-b0d2-c5ba43d86628:c2757]
2019-06-13 22:26:45,314 DEBUG block.SCMBlockDeletingService (SCMBlockDeletingService.java:call(138)) - Running DeletedBlockTransactionScanner
2019-06-13 22:26:45,314 DEBUG block.SCMBlockDeletingService (SCMBlockDeletingService.java:call(155)) - Scanned deleted blocks log and got 0 delTX to process.
2019-06-13 22:26:45,318 INFO  client.GrpcClientProtocolClient (GrpcClientProtocolClient.java:onNext(254)) - client-43E682E1E07B->d5132e6f-def8-45c0-b0d2-c5ba43d86628: receive RaftClientReply:client-43E682E1E07B->d5132e6f-def8-45c0-b0d2-c5ba43d86628@group-C29775A8E805, cid=1578, SUCCESS, logIndex=2759, commits[d5132e6f-def8-45c0-b0d2-c5ba43d86628:c2759]
2019-06-13 22:26:45,318 INFO  client.GrpcClientProtocolClient (GrpcClientProtocolClient.java:onNext(254)) - client-43E682E1E07B->d5132e6f-def8-45c0-b0d2-c5ba43d86628: receive RaftClientReply:client-43E682E1E07B->d5132e6f-def8-45c0-b0d2-c5ba43d86628@group-C29775A8E805, cid=1579, SUCCESS, logIndex=2760, commits[d5132e6f-def8-45c0-b0d2-c5ba43d86628:c2762]
2019-06-13 22:26:45,318 INFO  client.GrpcClientProtocolClient (GrpcClientProtocolClient.java:onNext(254)) - client-43E682E1E07B->d5132e6f-def8-45c0-b0d2-c5ba43d86628: receive RaftClientReply:client-43E682E1E07B->d5132e6f-def8-45c0-b0d2-c5ba43d86628@group-C29775A8E805, cid=1580, SUCCESS, logIndex=2762, commits[d5132e6f-def8-45c0-b0d2-c5ba43d86628:c2762]
2019-06-13 22:26:45,328 INFO  storage.RaftLogWorker (RaftLogWorker.java:rollLogSegment(303)) - d5132e6f-def8-45c0-b0d2-c5ba43d86628-RaftLogWorker: Rolling segment log-2690_2765 to index:2765
2019-06-13 22:26:45,328 INFO  storage.RaftLogWorker (RaftLogWorker.java:execute(433)) - d5132e6f-def8-45c0-b0d2-c5ba43d86628-RaftLogWorker: Rolled log segment from /opt/src/hadoop-ozone/integration-test/target/test-dir/MiniOzoneClusterImpl-e9ea07bb-4900-4b53-96c1-68f0ab556a80/datanode-0/data/ratis/c7035dd3-cd4a-42fb-880d-c29775a8e805/current/log_inprogress_2690 to /opt/src/hadoop-ozone/integration-test/target/test-dir/MiniOzoneClusterImpl-e9ea07bb-4900-4b53-96c1-68f0ab556a80/datanode-0/data/ratis/c7035dd3-cd4a-42fb-880d-c29775a8e805/current/log_2690-2765
2019-06-13 22:26:45,333 INFO  client.GrpcClientProtocolClient (GrpcClientProtocolClient.java:onNext(254)) - client-43E682E1E07B->d5132e6f-def8-45c0-b0d2-c5ba43d86628: receive RaftClientReply:client-43E682E1E07B->d5132e6f-def8-45c0-b0d2-c5ba43d86628@group-C29775A8E805, cid=1581, SUCCESS, logIndex=2764, commits[d5132e6f-def8-45c0-b0d2-c5ba43d86628:c2764]
2019-06-13 22:26:45,368 INFO  storage.RaftLogWorker (RaftLogWorker.java:execute(469)) - d5132e6f-def8-45c0-b0d2-c5ba43d86628-RaftLogWorker: created new log segment /opt/src/hadoop-ozone/integration-test/target/test-dir/MiniOzoneClusterImpl-e9ea07bb-4900-4b53-96c1-68f0ab556a80/datanode-0/data/ratis/c7035dd3-cd4a-42fb-880d-c29775a8e805/current/log_inprogress_2766
2019-06-13 22:26:45,371 INFO  client.GrpcClientProtocolClient (GrpcClientProtocolClient.java:onNext(254)) - client-43E682E1E07B->d5132e6f-def8-45c0-b0d2-c5ba43d86628: receive RaftClientReply:client-43E682E1E07B->d5132e6f-def8-45c0-b0d2-c5ba43d86628@group-C29775A8E805, cid=1582, SUCCESS, logIndex=2766, commits[d5132e6f-def8-45c0-b0d2-c5ba43d86628:c2768]
2019-06-13 22:26:45,372 INFO  client.GrpcClientProtocolClient (GrpcClientProtocolClient.java:onNext(254)) - client-43E682E1E07B->d5132e6f-def8-45c0-b0d2-c5ba43d86628: receive RaftClientReply:client-43E682E1E07B->d5132e6f-def8-45c0-b0d2-c5ba43d86628@group-C29775A8E805, cid=1583, SUCCESS, logIndex=2767, commits[d5132e6f-def8-45c0-b0d2-c5ba43d86628:c2768]
2019-06-13 22:26:45,374 INFO  client.GrpcClientProtocolClient (GrpcClientProtocolClient.java:onNext(254)) - client-43E682E1E07B->d5132e6f-def8-45c0-b0d2-c5ba43d86628: receive RaftClientReply:client-43E682E1E07B->d5132e6f-def8-45c0-b0d2-c5ba43d86628@group-C29775A8E805, cid=1584, SUCCESS, logIndex=2768, commits[d5132e6f-def8-45c0-b0d2-c5ba43d86628:c2768]
2019-06-13 22:26:45,385 INFO  client.GrpcClientProtocolClient (GrpcClientProtocolClient.java:onNext(254)) - client-43E682E1E07B->d5132e6f-def8-45c0-b0d2-c5ba43d86628: receive RaftClientReply:client-43E682E1E07B->d5132e6f-def8-45c0-b0d2-c5ba43d86628@group-C29775A8E805, cid=1585, SUCCESS, logIndex=2770, commits[d5132e6f-def8-45c0-b0d2-c5ba43d86628:c2770]
2019-06-13 22:26:45,386 INFO  client.GrpcClientProtocolClient (GrpcClientProtocolClient.java:onNext(254)) - client-43E682E1E07B->d5132e6f-def8-45c0-b0d2-c5ba43d86628: receive RaftClientReply:client-43E682E1E07B->d5132e6f-def8-45c0-b0d2-c5ba43d86628@group-C29775A8E805, cid=1586, SUCCESS, logIndex=2772, commits[d5132e6f-def8-45c0-b0d2-c5ba43d86628:c2772]
2019-06-13 22:26:45,388 INFO  client.GrpcClientProtocolClient (GrpcClientProtocolClient.java:onNext(254)) - client-43E682E1E07B->d5132e6f-def8-45c0-b0d2-c5ba43d86628: receive RaftClientReply:client-43E682E1E07B->d5132e6f-def8-45c0-b0d2-c5ba43d86628@group-C29775A8E805, cid=1587, SUCCESS, logIndex=2774, commits[d5132e6f-def8-45c0-b0d2-c5ba43d86628:c2775]
2019-06-13 22:26:45,394 INFO  client.GrpcClientProtocolClient (GrpcClientProtocolClient.java:onNext(254)) - client-43E682E1E07B->d5132e6f-def8-45c0-b0d2-c5ba43d86628: receive RaftClientReply:client-43E682E1E07B->d5132e6f-def8-45c0-b0d2-c5ba43d86628@group-C29775A8E805, cid=1588, SUCCESS, logIndex=2775, commits[d5132e6f-def8-45c0-b0d2-c5ba43d86628:c2776]
2019-06-13 22:26:45,410 INFO  client.GrpcClientProtocolClient (GrpcClientProtocolClient.java:onNext(254)) - client-43E682E1E07B->d5132e6f-def8-45c0-b0d2-c5ba43d86628: receive RaftClientReply:client-43E682E1E07B->d5132e6f-def8-45c0-b0d2-c5ba43d86628@group-C29775A8E805, cid=1589, SUCCESS, logIndex=2777, commits[d5132e6f-def8-45c0-b0d2-c5ba43d86628:c2777]
2019-06-13 22:26:45,412 INFO  client.GrpcClientProtocolClient (GrpcClientProtocolClient.java:onNext(254)) - client-43E682E1E07B->d5132e6f-def8-45c0-b0d2-c5ba43d86628: receive RaftClientReply:client-43E682E1E07B->d5132e6f-def8-45c0-b0d2-c5ba43d86628@group-C29775A8E805, cid=1590, SUCCESS, logIndex=2779, commits[d5132e6f-def8-45c0-b0d2-c5ba43d86628:c2779]
2019-06-13 22:26:45,416 DEBUG block.SCMBlockDeletingService (SCMBlockDeletingService.java:call(138)) - Running DeletedBlockTransactionScanner
2019-06-13 22:26:45,416 DEBUG block.SCMBlockDeletingService (SCMBlockDeletingService.java:call(155)) - Scanned deleted blocks log and got 0 delTX to process.
2019-06-13 22:26:45,477 INFO  client.GrpcClientProtocolClient (GrpcClientProtocolClient.java:onNext(254)) - client-43E682E1E07B->d5132e6f-def8-45c0-b0d2-c5ba43d86628: receive RaftClientReply:client-43E682E1E07B->d5132e6f-def8-45c0-b0d2-c5ba43d86628@group-C29775A8E805, cid=1591, SUCCESS, logIndex=2781, commits[d5132e6f-def8-45c0-b0d2-c5ba43d86628:c2782]
2019-06-13 22:26:45,478 INFO  client.GrpcClientProtocolClient (GrpcClientProtocolClient.java:onNext(254)) - client-43E682E1E07B->d5132e6f-def8-45c0-b0d2-c5ba43d86628: receive RaftClientReply:client-43E682E1E07B->d5132e6f-def8-45c0-b0d2-c5ba43d86628@group-C29775A8E805, cid=1592, SUCCESS, logIndex=2783, commits[d5132e6f-def8-45c0-b0d2-c5ba43d86628:c2783]
2019-06-13 22:26:45,498 INFO  client.GrpcClientProtocolClient (GrpcClientProtocolClient.java:onNext(254)) - client-43E682E1E07B->d5132e6f-def8-45c0-b0d2-c5ba43d86628: receive RaftClientReply:client-43E682E1E07B->d5132e6f-def8-45c0-b0d2-c5ba43d86628@group-C29775A8E805, cid=1593, SUCCESS, logIndex=2785, commits[d5132e6f-def8-45c0-b0d2-c5ba43d86628:c2785]
2019-06-13 22:26:45,500 INFO  client.GrpcClientProtocolClient (GrpcClientProtocolClient.java:onNext(254)) - client-43E682E1E07B->d5132e6f-def8-45c0-b0d2-c5ba43d86628: receive RaftClientReply:client-43E682E1E07B->d5132e6f-def8-45c0-b0d2-c5ba43d86628@group-C29775A8E805, cid=1594, SUCCESS, logIndex=2787, commits[d5132e6f-def8-45c0-b0d2-c5ba43d86628:c2787]
2019-06-13 22:26:45,501 INFO  client.GrpcClientProtocolClient (GrpcClientProtocolClient.java:onNext(254)) - client-43E682E1E07B->d5132e6f-def8-45c0-b0d2-c5ba43d86628: receive RaftClientReply:client-43E682E1E07B->d5132e6f-def8-45c0-b0d2-c5ba43d86628@group-C29775A8E805, cid=1595, SUCCESS, logIndex=2788, commits[d5132e6f-def8-45c0-b0d2-c5ba43d86628:c2788]
2019-06-13 22:26:45,502 INFO  client.GrpcClientProtocolClient (GrpcClientProtocolClient.java:onNext(254)) - client-43E682E1E07B->d5132e6f-def8-45c0-b0d2-c5ba43d86628: receive RaftClientReply:client-43E682E1E07B->d5132e6f-def8-45c0-b0d2-c5ba43d86628@group-C29775A8E805, cid=1596, SUCCESS, logIndex=2790, commits[d5132e6f-def8-45c0-b0d2-c5ba43d86628:c2790]
2019-06-13 22:26:45,512 INFO  client.GrpcClientProtocolClient (GrpcClientProtocolClient.java:onNext(254)) - client-43E682E1E07B->d5132e6f-def8-45c0-b0d2-c5ba43d86628: receive RaftClientReply:client-43E682E1E07B->d5132e6f-def8-45c0-b0d2-c5ba43d86628@group-C29775A8E805, cid=1597, SUCCESS, logIndex=2793, commits[d5132e6f-def8-45c0-b0d2-c5ba43d86628:c2793]
2019-06-13 22:26:45,514 INFO  client.GrpcClientProtocolClient (GrpcClientProtocolClient.java:onNext(254)) - client-43E682E1E07B->d5132e6f-def8-45c0-b0d2-c5ba43d86628: receive RaftClientReply:client-43E682E1E07B->d5132e6f-def8-45c0-b0d2-c5ba43d86628@group-C29775A8E805, cid=1598, SUCCESS, logIndex=2795, commits[d5132e6f-def8-45c0-b0d2-c5ba43d86628:c2795]
2019-06-13 22:26:45,515 INFO  client.GrpcClientProtocolClient (GrpcClientProtocolClient.java:onNext(254)) - client-43E682E1E07B->d5132e6f-def8-45c0-b0d2-c5ba43d86628: receive RaftClientReply:client-43E682E1E07B->d5132e6f-def8-45c0-b0d2-c5ba43d86628@group-C29775A8E805, cid=1599, SUCCESS, logIndex=2796, commits[d5132e6f-def8-45c0-b0d2-c5ba43d86628:c2797]
2019-06-13 22:26:45,516 INFO  client.GrpcClientProtocolClient (GrpcClientProtocolClient.java:onNext(254)) - client-43E682E1E07B->d5132e6f-def8-45c0-b0d2-c5ba43d86628: receive RaftClientReply:client-43E682E1E07B->d5132e6f-def8-45c0-b0d2-c5ba43d86628@group-C29775A8E805, cid=1600, SUCCESS, logIndex=2798, commits[d5132e6f-def8-45c0-b0d2-c5ba43d86628:c2798]
2019-06-13 22:26:45,517 DEBUG block.SCMBlockDeletingService (SCMBlockDeletingService.java:call(138)) - Running DeletedBlockTransactionScanner
2019-06-13 22:26:45,517 DEBUG block.SCMBlockDeletingService (SCMBlockDeletingService.java:call(155)) - Scanned deleted blocks log and got 0 delTX to process.
2019-06-13 22:26:45,534 INFO  client.GrpcClientProtocolClient (GrpcClientProtocolClient.java:onNext(254)) - client-43E682E1E07B->d5132e6f-def8-45c0-b0d2-c5ba43d86628: receive RaftClientReply:client-43E682E1E07B->d5132e6f-def8-45c0-b0d2-c5ba43d86628@group-C29775A8E805, cid=1601, SUCCESS, logIndex=2800, commits[d5132e6f-def8-45c0-b0d2-c5ba43d86628:c2800]
2019-06-13 22:26:45,536 INFO  client.GrpcClientProtocolClient (GrpcClientProtocolClient.java:onNext(254)) - client-43E682E1E07B->d5132e6f-def8-45c0-b0d2-c5ba43d86628: receive RaftClientReply:client-43E682E1E07B->d5132e6f-def8-45c0-b0d2-c5ba43d86628@group-C29775A8E805, cid=1602, SUCCESS, logIndex=2802, commits[d5132e6f-def8-45c0-b0d2-c5ba43d86628:c2802]
2019-06-13 22:26:45,538 INFO  client.GrpcClientProtocolClient (GrpcClientProtocolClient.java:onNext(254)) - client-43E682E1E07B->d5132e6f-def8-45c0-b0d2-c5ba43d86628: receive RaftClientReply:client-43E682E1E07B->d5132e6f-def8-45c0-b0d2-c5ba43d86628@group-C29775A8E805, cid=1603, SUCCESS, logIndex=2803, commits[d5132e6f-def8-45c0-b0d2-c5ba43d86628:c2805]
2019-06-13 22:26:45,542 INFO  client.GrpcClientProtocolClient (GrpcClientProtocolClient.java:onNext(254)) - client-43E682E1E07B->d5132e6f-def8-45c0-b0d2-c5ba43d86628: receive RaftClientReply:client-43E682E1E07B->d5132e6f-def8-45c0-b0d2-c5ba43d86628@group-C29775A8E805, cid=1604, SUCCESS, logIndex=2805, commits[d5132e6f-def8-45c0-b0d2-c5ba43d86628:c2805]
2019-06-13 22:26:45,555 INFO  client.GrpcClientProtocolClient (GrpcClientProtocolClient.java:onNext(254)) - client-43E682E1E07B->d5132e6f-def8-45c0-b0d2-c5ba43d86628: receive RaftClientReply:client-43E682E1E07B->d5132e6f-def8-45c0-b0d2-c5ba43d86628@group-C29775A8E805, cid=1605, SUCCESS, logIndex=2807, commits[d5132e6f-def8-45c0-b0d2-c5ba43d86628:c2807]
2019-06-13 22:26:45,559 INFO  client.GrpcClientProtocolClient (GrpcClientProtocolClient.java:onNext(254)) - client-43E682E1E07B->d5132e6f-def8-45c0-b0d2-c5ba43d86628: receive RaftClientReply:client-43E682E1E07B->d5132e6f-def8-45c0-b0d2-c5ba43d86628@group-C29775A8E805, cid=1606, SUCCESS, logIndex=2809, commits[d5132e6f-def8-45c0-b0d2-c5ba43d86628:c2809]
2019-06-13 22:26:45,560 INFO  client.GrpcClientProtocolClient (GrpcClientProtocolClient.java:onNext(254)) - client-43E682E1E07B->d5132e6f-def8-45c0-b0d2-c5ba43d86628: receive RaftClientReply:client-43E682E1E07B->d5132e6f-def8-45c0-b0d2-c5ba43d86628@group-C29775A8E805, cid=1607, SUCCESS, logIndex=2810, commits[d5132e6f-def8-45c0-b0d2-c5ba43d86628:c2812]
2019-06-13 22:26:45,560 INFO  client.GrpcClientProtocolClient (GrpcClientProtocolClient.java:onNext(254)) - client-43E682E1E07B->d5132e6f-def8-45c0-b0d2-c5ba43d86628: receive RaftClientReply:client-43E682E1E07B->d5132e6f-def8-45c0-b0d2-c5ba43d86628@group-C29775A8E805, cid=1608, SUCCESS, logIndex=2812, commits[d5132e6f-def8-45c0-b0d2-c5ba43d86628:c2812]
2019-06-13 22:26:45,577 INFO  client.GrpcClientProtocolClient (GrpcClientProtocolClient.java:onNext(254)) - client-43E682E1E07B->d5132e6f-def8-45c0-b0d2-c5ba43d86628: receive RaftClientReply:client-43E682E1E07B->d5132e6f-def8-45c0-b0d2-c5ba43d86628@group-C29775A8E805, cid=1609, SUCCESS, logIndex=2814, commits[d5132e6f-def8-45c0-b0d2-c5ba43d86628:c2814]
2019-06-13 22:26:45,583 INFO  client.GrpcClientProtocolClient (GrpcClientProtocolClient.java:onNext(254)) - client-43E682E1E07B->d5132e6f-def8-45c0-b0d2-c5ba43d86628: receive RaftClientReply:client-43E682E1E07B->d5132e6f-def8-45c0-b0d2-c5ba43d86628@group-C29775A8E805, cid=1610, SUCCESS, logIndex=2816, commits[d5132e6f-def8-45c0-b0d2-c5ba43d86628:c2818]
2019-06-13 22:26:45,583 INFO  client.GrpcClientProtocolClient (GrpcClientProtocolClient.java:onNext(254)) - client-43E682E1E07B->d5132e6f-def8-45c0-b0d2-c5ba43d86628: receive RaftClientReply:client-43E682E1E07B->d5132e6f-def8-45c0-b0d2-c5ba43d86628@group-C29775A8E805, cid=1611, SUCCESS, logIndex=2817, commits[d5132e6f-def8-45c0-b0d2-c5ba43d86628:c2818]
2019-06-13 22:26:45,583 INFO  client.GrpcClientProtocolClient (GrpcClientProtocolClient.java:onNext(254)) - client-43E682E1E07B->d5132e6f-def8-45c0-b0d2-c5ba43d86628: receive RaftClientReply:client-43E682E1E07B->d5132e6f-def8-45c0-b0d2-c5ba43d86628@group-C29775A8E805, cid=1612, SUCCESS, logIndex=2818, commits[d5132e6f-def8-45c0-b0d2-c5ba43d86628:c2818]
2019-06-13 22:26:45,599 INFO  client.GrpcClientProtocolClient (GrpcClientProtocolClient.java:onNext(254)) - client-43E682E1E07B->d5132e6f-def8-45c0-b0d2-c5ba43d86628: receive RaftClientReply:client-43E682E1E07B->d5132e6f-def8-45c0-b0d2-c5ba43d86628@group-C29775A8E805, cid=1613, SUCCESS, logIndex=2820, commits[d5132e6f-def8-45c0-b0d2-c5ba43d86628:c2820]
2019-06-13 22:26:45,601 INFO  client.GrpcClientProtocolClient (GrpcClientProtocolClient.java:onNext(254)) - client-43E682E1E07B->d5132e6f-def8-45c0-b0d2-c5ba43d86628: receive RaftClientReply:client-43E682E1E07B->d5132e6f-def8-45c0-b0d2-c5ba43d86628@group-C29775A8E805, cid=1614, SUCCESS, logIndex=2822, commits[d5132e6f-def8-45c0-b0d2-c5ba43d86628:c2822]
2019-06-13 22:26:45,603 INFO  client.GrpcClientProtocolClient (GrpcClientProtocolClient.java:onNext(254)) - client-43E682E1E07B->d5132e6f-def8-45c0-b0d2-c5ba43d86628: receive RaftClientReply:client-43E682E1E07B->d5132e6f-def8-45c0-b0d2-c5ba43d86628@group-C29775A8E805, cid=1615, SUCCESS, logIndex=2823, commits[d5132e6f-def8-45c0-b0d2-c5ba43d86628:c2825]
2019-06-13 22:26:45,603 INFO  client.GrpcClientProtocolClient (GrpcClientProtocolClient.java:onNext(254)) - client-43E682E1E07B->d5132e6f-def8-45c0-b0d2-c5ba43d86628: receive RaftClientReply:client-43E682E1E07B->d5132e6f-def8-45c0-b0d2-c5ba43d86628@group-C29775A8E805, cid=1616, SUCCESS, logIndex=2824, commits[d5132e6f-def8-45c0-b0d2-c5ba43d86628:c2825]
2019-06-13 22:26:45,617 DEBUG block.SCMBlockDeletingService (SCMBlockDeletingService.java:call(138)) - Running DeletedBlockTransactionScanner
2019-06-13 22:26:45,617 DEBUG block.SCMBlockDeletingService (SCMBlockDeletingService.java:call(155)) - Scanned deleted blocks log and got 0 delTX to process.
2019-06-13 22:26:45,619 INFO  client.GrpcClientProtocolClient (GrpcClientProtocolClient.java:onNext(254)) - client-43E682E1E07B->d5132e6f-def8-45c0-b0d2-c5ba43d86628: receive RaftClientReply:client-43E682E1E07B->d5132e6f-def8-45c0-b0d2-c5ba43d86628@group-C29775A8E805, cid=1617, SUCCESS, logIndex=2826, commits[d5132e6f-def8-45c0-b0d2-c5ba43d86628:c2826]
2019-06-13 22:26:45,621 INFO  client.GrpcClientProtocolClient (GrpcClientProtocolClient.java:onNext(254)) - client-43E682E1E07B->d5132e6f-def8-45c0-b0d2-c5ba43d86628: receive RaftClientReply:client-43E682E1E07B->d5132e6f-def8-45c0-b0d2-c5ba43d86628@group-C29775A8E805, cid=1618, SUCCESS, logIndex=2828, commits[d5132e6f-def8-45c0-b0d2-c5ba43d86628:c2828]
2019-06-13 22:26:45,621 INFO  client.GrpcClientProtocolClient (GrpcClientProtocolClient.java:onNext(254)) - client-43E682E1E07B->d5132e6f-def8-45c0-b0d2-c5ba43d86628: receive RaftClientReply:client-43E682E1E07B->d5132e6f-def8-45c0-b0d2-c5ba43d86628@group-C29775A8E805, cid=1619, SUCCESS, logIndex=2829, commits[d5132e6f-def8-45c0-b0d2-c5ba43d86628:c2829]
2019-06-13 22:26:45,622 INFO  client.GrpcClientProtocolClient (GrpcClientProtocolClient.java:onNext(254)) - client-43E682E1E07B->d5132e6f-def8-45c0-b0d2-c5ba43d86628: receive RaftClientReply:client-43E682E1E07B->d5132e6f-def8-45c0-b0d2-c5ba43d86628@group-C29775A8E805, cid=1620, SUCCESS, logIndex=2831, commits[d5132e6f-def8-45c0-b0d2-c5ba43d86628:c2831]
2019-06-13 22:26:45,629 INFO  client.GrpcClientProtocolClient (GrpcClientProtocolClient.java:onNext(254)) - client-43E682E1E07B->d5132e6f-def8-45c0-b0d2-c5ba43d86628: receive RaftClientReply:client-43E682E1E07B->d5132e6f-def8-45c0-b0d2-c5ba43d86628@group-C29775A8E805, cid=1621, SUCCESS, logIndex=2834, commits[d5132e6f-def8-45c0-b0d2-c5ba43d86628:c2834]
2019-06-13 22:26:45,630 INFO  storage.RaftLogWorker (RaftLogWorker.java:rollLogSegment(303)) - d5132e6f-def8-45c0-b0d2-c5ba43d86628-RaftLogWorker: Rolling segment log-2766_2837 to index:2837
2019-06-13 22:26:45,631 INFO  storage.RaftLogWorker (RaftLogWorker.java:execute(433)) - d5132e6f-def8-45c0-b0d2-c5ba43d86628-RaftLogWorker: Rolled log segment from /opt/src/hadoop-ozone/integration-test/target/test-dir/MiniOzoneClusterImpl-e9ea07bb-4900-4b53-96c1-68f0ab556a80/datanode-0/data/ratis/c7035dd3-cd4a-42fb-880d-c29775a8e805/current/log_inprogress_2766 to /opt/src/hadoop-ozone/integration-test/target/test-dir/MiniOzoneClusterImpl-e9ea07bb-4900-4b53-96c1-68f0ab556a80/datanode-0/data/ratis/c7035dd3-cd4a-42fb-880d-c29775a8e805/current/log_2766-2837
2019-06-13 22:26:45,638 INFO  client.GrpcClientProtocolClient (GrpcClientProtocolClient.java:onNext(254)) - client-43E682E1E07B->d5132e6f-def8-45c0-b0d2-c5ba43d86628: receive RaftClientReply:client-43E682E1E07B->d5132e6f-def8-45c0-b0d2-c5ba43d86628@group-C29775A8E805, cid=1622, SUCCESS, logIndex=2836, commits[d5132e6f-def8-45c0-b0d2-c5ba43d86628:c2836]
2019-06-13 22:26:45,643 INFO  client.GrpcClientProtocolClient (GrpcClientProtocolClient.java:onNext(254)) - client-43E682E1E07B->d5132e6f-def8-45c0-b0d2-c5ba43d86628: receive RaftClientReply:client-43E682E1E07B->d5132e6f-def8-45c0-b0d2-c5ba43d86628@group-C29775A8E805, cid=1623, SUCCESS, logIndex=2837, commits[d5132e6f-def8-45c0-b0d2-c5ba43d86628:c2837]
2019-06-13 22:26:45,671 INFO  storage.RaftLogWorker (RaftLogWorker.java:execute(469)) - d5132e6f-def8-45c0-b0d2-c5ba43d86628-RaftLogWorker: created new log segment /opt/src/hadoop-ozone/integration-test/target/test-dir/MiniOzoneClusterImpl-e9ea07bb-4900-4b53-96c1-68f0ab556a80/datanode-0/data/ratis/c7035dd3-cd4a-42fb-880d-c29775a8e805/current/log_inprogress_2838
2019-06-13 22:26:45,677 INFO  client.GrpcClientProtocolClient (GrpcClientProtocolClient.java:onNext(254)) - client-43E682E1E07B->d5132e6f-def8-45c0-b0d2-c5ba43d86628: receive RaftClientReply:client-43E682E1E07B->d5132e6f-def8-45c0-b0d2-c5ba43d86628@group-C29775A8E805, cid=1624, SUCCESS, logIndex=2838, commits[d5132e6f-def8-45c0-b0d2-c5ba43d86628:c2840]
2019-06-13 22:26:45,692 INFO  client.GrpcClientProtocolClient (GrpcClientProtocolClient.java:onNext(254)) - client-43E682E1E07B->d5132e6f-def8-45c0-b0d2-c5ba43d86628: receive RaftClientReply:client-43E682E1E07B->d5132e6f-def8-45c0-b0d2-c5ba43d86628@group-C29775A8E805, cid=1625, SUCCESS, logIndex=2841, commits[d5132e6f-def8-45c0-b0d2-c5ba43d86628:c2841]
2019-06-13 22:26:45,695 INFO  client.GrpcClientProtocolClient (GrpcClientProtocolClient.java:onNext(254)) - client-43E682E1E07B->d5132e6f-def8-45c0-b0d2-c5ba43d86628: receive RaftClientReply:client-43E682E1E07B->d5132e6f-def8-45c0-b0d2-c5ba43d86628@group-C29775A8E805, cid=1626, SUCCESS, logIndex=2843, commits[d5132e6f-def8-45c0-b0d2-c5ba43d86628:c2843]
2019-06-13 22:26:45,696 INFO  client.GrpcClientProtocolClient (GrpcClientProtocolClient.java:onNext(254)) - client-43E682E1E07B->d5132e6f-def8-45c0-b0d2-c5ba43d86628: receive RaftClientReply:client-43E682E1E07B->d5132e6f-def8-45c0-b0d2-c5ba43d86628@group-C29775A8E805, cid=1627, SUCCESS, logIndex=2844, commits[d5132e6f-def8-45c0-b0d2-c5ba43d86628:c2844]
2019-06-13 22:26:45,696 INFO  client.GrpcClientProtocolClient (GrpcClientProtocolClient.java:onNext(254)) - client-43E682E1E07B->d5132e6f-def8-45c0-b0d2-c5ba43d86628: receive RaftClientReply:client-43E682E1E07B->d5132e6f-def8-45c0-b0d2-c5ba43d86628@group-C29775A8E805, cid=1628, SUCCESS, logIndex=2846, commits[d5132e6f-def8-45c0-b0d2-c5ba43d86628:c2846]
2019-06-13 22:26:45,767 DEBUG block.SCMBlockDeletingService (SCMBlockDeletingService.java:call(138)) - Running DeletedBlockTransactionScanner
2019-06-13 22:26:45,767 DEBUG block.SCMBlockDeletingService (SCMBlockDeletingService.java:call(155)) - Scanned deleted blocks log and got 0 delTX to process.
2019-06-13 22:26:45,775 INFO  client.GrpcClientProtocolClient (GrpcClientProtocolClient.java:onNext(254)) - client-43E682E1E07B->d5132e6f-def8-45c0-b0d2-c5ba43d86628: receive RaftClientReply:client-43E682E1E07B->d5132e6f-def8-45c0-b0d2-c5ba43d86628@group-C29775A8E805, cid=1629, SUCCESS, logIndex=2849, commits[d5132e6f-def8-45c0-b0d2-c5ba43d86628:c2849]
2019-06-13 22:26:45,785 INFO  client.GrpcClientProtocolClient (GrpcClientProtocolClient.java:onNext(254)) - client-43E682E1E07B->d5132e6f-def8-45c0-b0d2-c5ba43d86628: receive RaftClientReply:client-43E682E1E07B->d5132e6f-def8-45c0-b0d2-c5ba43d86628@group-C29775A8E805, cid=1630, SUCCESS, logIndex=2851, commits[d5132e6f-def8-45c0-b0d2-c5ba43d86628:c2851]
2019-06-13 22:26:45,790 INFO  client.GrpcClientProtocolClient (GrpcClientProtocolClient.java:onNext(254)) - client-43E682E1E07B->d5132e6f-def8-45c0-b0d2-c5ba43d86628: receive RaftClientReply:client-43E682E1E07B->d5132e6f-def8-45c0-b0d2-c5ba43d86628@group-C29775A8E805, cid=1631, SUCCESS, logIndex=2852, commits[d5132e6f-def8-45c0-b0d2-c5ba43d86628:c2853]
2019-06-13 22:26:45,790 INFO  client.GrpcClientProtocolClient (GrpcClientProtocolClient.java:onNext(254)) - client-43E682E1E07B->d5132e6f-def8-45c0-b0d2-c5ba43d86628: receive RaftClientReply:client-43E682E1E07B->d5132e6f-def8-45c0-b0d2-c5ba43d86628@group-C29775A8E805, cid=1632, SUCCESS, logIndex=2854, commits[d5132e6f-def8-45c0-b0d2-c5ba43d86628:c2854]
2019-06-13 22:26:45,818 INFO  client.GrpcClientProtocolClient (GrpcClientProtocolClient.java:onNext(254)) - client-43E682E1E07B->d5132e6f-def8-45c0-b0d2-c5ba43d86628: receive RaftClientReply:client-43E682E1E07B->d5132e6f-def8-45c0-b0d2-c5ba43d86628@group-C29775A8E805, cid=1633, SUCCESS, logIndex=2856, commits[d5132e6f-def8-45c0-b0d2-c5ba43d86628:c2856]
2019-06-13 22:26:45,837 INFO  client.GrpcClientProtocolClient (GrpcClientProtocolClient.java:onNext(254)) - client-43E682E1E07B->d5132e6f-def8-45c0-b0d2-c5ba43d86628: receive RaftClientReply:client-43E682E1E07B->d5132e6f-def8-45c0-b0d2-c5ba43d86628@group-C29775A8E805, cid=1634, SUCCESS, logIndex=2858, commits[d5132e6f-def8-45c0-b0d2-c5ba43d86628:c2858]
2019-06-13 22:26:45,868 DEBUG block.SCMBlockDeletingService (SCMBlockDeletingService.java:call(138)) - Running DeletedBlockTransactionScanner
2019-06-13 22:26:45,868 DEBUG block.SCMBlockDeletingService (SCMBlockDeletingService.java:call(155)) - Scanned deleted blocks log and got 0 delTX to process.
2019-06-13 22:26:45,923 INFO  client.GrpcClientProtocolClient (GrpcClientProtocolClient.java:onNext(254)) - client-43E682E1E07B->d5132e6f-def8-45c0-b0d2-c5ba43d86628: receive RaftClientReply:client-43E682E1E07B->d5132e6f-def8-45c0-b0d2-c5ba43d86628@group-C29775A8E805, cid=1635, SUCCESS, logIndex=2860, commits[d5132e6f-def8-45c0-b0d2-c5ba43d86628:c2860]
2019-06-13 22:26:45,925 INFO  client.GrpcClientProtocolClient (GrpcClientProtocolClient.java:onNext(254)) - client-43E682E1E07B->d5132e6f-def8-45c0-b0d2-c5ba43d86628: receive RaftClientReply:client-43E682E1E07B->d5132e6f-def8-45c0-b0d2-c5ba43d86628@group-C29775A8E805, cid=1636, SUCCESS, logIndex=2862, commits[d5132e6f-def8-45c0-b0d2-c5ba43d86628:c2862]
2019-06-13 22:26:45,932 INFO  client.GrpcClientProtocolClient (GrpcClientProtocolClient.java:onNext(254)) - client-43E682E1E07B->d5132e6f-def8-45c0-b0d2-c5ba43d86628: receive RaftClientReply:client-43E682E1E07B->d5132e6f-def8-45c0-b0d2-c5ba43d86628@group-C29775A8E805, cid=1637, SUCCESS, logIndex=2864, commits[d5132e6f-def8-45c0-b0d2-c5ba43d86628:c2864]
2019-06-13 22:26:45,934 INFO  client.GrpcClientProtocolClient (GrpcClientProtocolClient.java:onNext(254)) - client-43E682E1E07B->d5132e6f-def8-45c0-b0d2-c5ba43d86628: receive RaftClientReply:client-43E682E1E07B->d5132e6f-def8-45c0-b0d2-c5ba43d86628@group-C29775A8E805, cid=1638, SUCCESS, logIndex=2866, commits[d5132e6f-def8-45c0-b0d2-c5ba43d86628:c2866]
2019-06-13 22:26:45,936 INFO  client.GrpcClientProtocolClient (GrpcClientProtocolClient.java:onNext(254)) - client-43E682E1E07B->d5132e6f-def8-45c0-b0d2-c5ba43d86628: receive RaftClientReply:client-43E682E1E07B->d5132e6f-def8-45c0-b0d2-c5ba43d86628@group-C29775A8E805, cid=1639, SUCCESS, logIndex=2867, commits[d5132e6f-def8-45c0-b0d2-c5ba43d86628:c2869]
2019-06-13 22:26:45,936 INFO  client.GrpcClientProtocolClient (GrpcClientProtocolClient.java:onNext(254)) - client-43E682E1E07B->d5132e6f-def8-45c0-b0d2-c5ba43d86628: receive RaftClientReply:client-43E682E1E07B->d5132e6f-def8-45c0-b0d2-c5ba43d86628@group-C29775A8E805, cid=1640, SUCCESS, logIndex=2868, commits[d5132e6f-def8-45c0-b0d2-c5ba43d86628:c2869]
2019-06-13 22:26:45,955 INFO  client.GrpcClientProtocolClient (GrpcClientProtocolClient.java:onNext(254)) - client-43E682E1E07B->d5132e6f-def8-45c0-b0d2-c5ba43d86628: receive RaftClientReply:client-43E682E1E07B->d5132e6f-def8-45c0-b0d2-c5ba43d86628@group-C29775A8E805, cid=1641, SUCCESS, logIndex=2870, commits[d5132e6f-def8-45c0-b0d2-c5ba43d86628:c2870]
2019-06-13 22:26:45,958 INFO  client.GrpcClientProtocolClient (GrpcClientProtocolClient.java:onNext(254)) - client-43E682E1E07B->d5132e6f-def8-45c0-b0d2-c5ba43d86628: receive RaftClientReply:client-43E682E1E07B->d5132e6f-def8-45c0-b0d2-c5ba43d86628@group-C29775A8E805, cid=1642, SUCCESS, logIndex=2872, commits[d5132e6f-def8-45c0-b0d2-c5ba43d86628:c2872]
2019-06-13 22:26:45,959 INFO  client.GrpcClientProtocolClient (GrpcClientProtocolClient.java:onNext(254)) - client-43E682E1E07B->d5132e6f-def8-45c0-b0d2-c5ba43d86628: receive RaftClientReply:client-43E682E1E07B->d5132e6f-def8-45c0-b0d2-c5ba43d86628@group-C29775A8E805, cid=1643, SUCCESS, logIndex=2873, commits[d5132e6f-def8-45c0-b0d2-c5ba43d86628:c2875]
2019-06-13 22:26:45,959 INFO  client.GrpcClientProtocolClient (GrpcClientProtocolClient.java:onNext(254)) - client-43E682E1E07B->d5132e6f-def8-45c0-b0d2-c5ba43d86628: receive RaftClientReply:client-43E682E1E07B->d5132e6f-def8-45c0-b0d2-c5ba43d86628@group-C29775A8E805, cid=1644, SUCCESS, logIndex=2875, commits[d5132e6f-def8-45c0-b0d2-c5ba43d86628:c2875]
2019-06-13 22:26:45,967 INFO  client.GrpcClientProtocolClient (GrpcClientProtocolClient.java:onNext(254)) - client-43E682E1E07B->d5132e6f-def8-45c0-b0d2-c5ba43d86628: receive RaftClientReply:client-43E682E1E07B->d5132e6f-def8-45c0-b0d2-c5ba43d86628@group-C29775A8E805, cid=1645, SUCCESS, logIndex=2877, commits[d5132e6f-def8-45c0-b0d2-c5ba43d86628:c2877]
2019-06-13 22:26:45,968 INFO  client.GrpcClientProtocolClient (GrpcClientProtocolClient.java:onNext(254)) - client-43E682E1E07B->d5132e6f-def8-45c0-b0d2-c5ba43d86628: receive RaftClientReply:client-43E682E1E07B->d5132e6f-def8-45c0-b0d2-c5ba43d86628@group-C29775A8E805, cid=1646, SUCCESS, logIndex=2879, commits[d5132e6f-def8-45c0-b0d2-c5ba43d86628:c2879]
2019-06-13 22:26:45,968 DEBUG block.SCMBlockDeletingService (SCMBlockDeletingService.java:call(138)) - Running DeletedBlockTransactionScanner
2019-06-13 22:26:45,969 DEBUG block.SCMBlockDeletingService (SCMBlockDeletingService.java:call(155)) - Scanned deleted blocks log and got 0 delTX to process.
2019-06-13 22:26:45,976 INFO  client.GrpcClientProtocolClient (GrpcClientProtocolClient.java:onNext(254)) - client-43E682E1E07B->d5132e6f-def8-45c0-b0d2-c5ba43d86628: receive RaftClientReply:client-43E682E1E07B->d5132e6f-def8-45c0-b0d2-c5ba43d86628@group-C29775A8E805, cid=1647, SUCCESS, logIndex=2881, commits[d5132e6f-def8-45c0-b0d2-c5ba43d86628:c2881]
2019-06-13 22:26:45,978 INFO  client.GrpcClientProtocolClient (GrpcClientProtocolClient.java:onNext(254)) - client-43E682E1E07B->d5132e6f-def8-45c0-b0d2-c5ba43d86628: receive RaftClientReply:client-43E682E1E07B->d5132e6f-def8-45c0-b0d2-c5ba43d86628@group-C29775A8E805, cid=1648, SUCCESS, logIndex=2883, commits[d5132e6f-def8-45c0-b0d2-c5ba43d86628:c2883]
2019-06-13 22:26:45,995 INFO  client.GrpcClientProtocolClient (GrpcClientProtocolClient.java:onNext(254)) - client-43E682E1E07B->d5132e6f-def8-45c0-b0d2-c5ba43d86628: receive RaftClientReply:client-43E682E1E07B->d5132e6f-def8-45c0-b0d2-c5ba43d86628@group-C29775A8E805, cid=1649, SUCCESS, logIndex=2885, commits[d5132e6f-def8-45c0-b0d2-c5ba43d86628:c2885]
2019-06-13 22:26:45,997 INFO  client.GrpcClientProtocolClient (GrpcClientProtocolClient.java:onNext(254)) - client-43E682E1E07B->d5132e6f-def8-45c0-b0d2-c5ba43d86628: receive RaftClientReply:client-43E682E1E07B->d5132e6f-def8-45c0-b0d2-c5ba43d86628@group-C29775A8E805, cid=1650, SUCCESS, logIndex=2887, commits[d5132e6f-def8-45c0-b0d2-c5ba43d86628:c2887]
2019-06-13 22:26:45,999 INFO  client.GrpcClientProtocolClient (GrpcClientProtocolClient.java:onNext(254)) - client-43E682E1E07B->d5132e6f-def8-45c0-b0d2-c5ba43d86628: receive RaftClientReply:client-43E682E1E07B->d5132e6f-def8-45c0-b0d2-c5ba43d86628@group-C29775A8E805, cid=1651, SUCCESS, logIndex=2888, commits[d5132e6f-def8-45c0-b0d2-c5ba43d86628:c2890]
2019-06-13 22:26:45,999 INFO  client.GrpcClientProtocolClient (GrpcClientProtocolClient.java:onNext(254)) - client-43E682E1E07B->d5132e6f-def8-45c0-b0d2-c5ba43d86628: receive RaftClientReply:client-43E682E1E07B->d5132e6f-def8-45c0-b0d2-c5ba43d86628@group-C29775A8E805, cid=1652, SUCCESS, logIndex=2890, commits[d5132e6f-def8-45c0-b0d2-c5ba43d86628:c2890]
2019-06-13 22:26:46,011 INFO  client.GrpcClientProtocolClient (GrpcClientProtocolClient.java:onNext(254)) - client-43E682E1E07B->d5132e6f-def8-45c0-b0d2-c5ba43d86628: receive RaftClientReply:client-43E682E1E07B->d5132e6f-def8-45c0-b0d2-c5ba43d86628@group-C29775A8E805, cid=1653, SUCCESS, logIndex=2892, commits[d5132e6f-def8-45c0-b0d2-c5ba43d86628:c2892]
2019-06-13 22:26:46,018 INFO  client.GrpcClientProtocolClient (GrpcClientProtocolClient.java:onNext(254)) - client-43E682E1E07B->d5132e6f-def8-45c0-b0d2-c5ba43d86628: receive RaftClientReply:client-43E682E1E07B->d5132e6f-def8-45c0-b0d2-c5ba43d86628@group-C29775A8E805, cid=1654, SUCCESS, logIndex=2894, commits[d5132e6f-def8-45c0-b0d2-c5ba43d86628:c2894]
2019-06-13 22:26:46,030 INFO  client.GrpcClientProtocolClient (GrpcClientProtocolClient.java:onNext(254)) - client-43E682E1E07B->d5132e6f-def8-45c0-b0d2-c5ba43d86628: receive RaftClientReply:client-43E682E1E07B->d5132e6f-def8-45c0-b0d2-c5ba43d86628@group-C29775A8E805, cid=1655, SUCCESS, logIndex=2895, commits[d5132e6f-def8-45c0-b0d2-c5ba43d86628:c2898]
2019-06-13 22:26:46,031 INFO  client.GrpcClientProtocolClient (GrpcClientProtocolClient.java:onNext(254)) - client-43E682E1E07B->d5132e6f-def8-45c0-b0d2-c5ba43d86628: receive RaftClientReply:client-43E682E1E07B->d5132e6f-def8-45c0-b0d2-c5ba43d86628@group-C29775A8E805, cid=1656, SUCCESS, logIndex=2897, commits[d5132e6f-def8-45c0-b0d2-c5ba43d86628:c2898]
2019-06-13 22:26:46,046 INFO  client.GrpcClientProtocolClient (GrpcClientProtocolClient.java:onNext(254)) - client-43E682E1E07B->d5132e6f-def8-45c0-b0d2-c5ba43d86628: receive RaftClientReply:client-43E682E1E07B->d5132e6f-def8-45c0-b0d2-c5ba43d86628@group-C29775A8E805, cid=1657, SUCCESS, logIndex=2899, commits[d5132e6f-def8-45c0-b0d2-c5ba43d86628:c2899]
2019-06-13 22:26:46,048 INFO  client.GrpcClientProtocolClient (GrpcClientProtocolClient.java:onNext(254)) - client-43E682E1E07B->d5132e6f-def8-45c0-b0d2-c5ba43d86628: receive RaftClientReply:client-43E682E1E07B->d5132e6f-def8-45c0-b0d2-c5ba43d86628@group-C29775A8E805, cid=1658, SUCCESS, logIndex=2901, commits[d5132e6f-def8-45c0-b0d2-c5ba43d86628:c2901]
2019-06-13 22:26:46,049 INFO  client.GrpcClientProtocolClient (GrpcClientProtocolClient.java:onNext(254)) - client-43E682E1E07B->d5132e6f-def8-45c0-b0d2-c5ba43d86628: receive RaftClientReply:client-43E682E1E07B->d5132e6f-def8-45c0-b0d2-c5ba43d86628@group-C29775A8E805, cid=1659, SUCCESS, logIndex=2902, commits[d5132e6f-def8-45c0-b0d2-c5ba43d86628:c2904]
2019-06-13 22:26:46,050 INFO  client.GrpcClientProtocolClient (GrpcClientProtocolClient.java:onNext(254)) - client-43E682E1E07B->d5132e6f-def8-45c0-b0d2-c5ba43d86628: receive RaftClientReply:client-43E682E1E07B->d5132e6f-def8-45c0-b0d2-c5ba43d86628@group-C29775A8E805, cid=1660, SUCCESS, logIndex=2903, commits[d5132e6f-def8-45c0-b0d2-c5ba43d86628:c2904]
2019-06-13 22:26:46,058 INFO  client.GrpcClientProtocolClient (GrpcClientProtocolClient.java:onNext(254)) - client-43E682E1E07B->d5132e6f-def8-45c0-b0d2-c5ba43d86628: receive RaftClientReply:client-43E682E1E07B->d5132e6f-def8-45c0-b0d2-c5ba43d86628@group-C29775A8E805, cid=1661, SUCCESS, logIndex=2905, commits[d5132e6f-def8-45c0-b0d2-c5ba43d86628:c2905]
2019-06-13 22:26:46,062 INFO  client.GrpcClientProtocolClient (GrpcClientProtocolClient.java:onNext(254)) - client-43E682E1E07B->d5132e6f-def8-45c0-b0d2-c5ba43d86628: receive RaftClientReply:client-43E682E1E07B->d5132e6f-def8-45c0-b0d2-c5ba43d86628@group-C29775A8E805, cid=1662, SUCCESS, logIndex=2907, commits[d5132e6f-def8-45c0-b0d2-c5ba43d86628:c2911]
2019-06-13 22:26:46,065 INFO  client.GrpcClientProtocolClient (GrpcClientProtocolClient.java:onNext(254)) - client-43E682E1E07B->d5132e6f-def8-45c0-b0d2-c5ba43d86628: receive RaftClientReply:client-43E682E1E07B->d5132e6f-def8-45c0-b0d2-c5ba43d86628@group-C29775A8E805, cid=1663, SUCCESS, logIndex=2908, commits[d5132e6f-def8-45c0-b0d2-c5ba43d86628:c2911]
2019-06-13 22:26:46,066 INFO  client.GrpcClientProtocolClient (GrpcClientProtocolClient.java:onNext(254)) - client-43E682E1E07B->d5132e6f-def8-45c0-b0d2-c5ba43d86628: receive RaftClientReply:client-43E682E1E07B->d5132e6f-def8-45c0-b0d2-c5ba43d86628@group-C29775A8E805, cid=1664, SUCCESS, logIndex=2910, commits[d5132e6f-def8-45c0-b0d2-c5ba43d86628:c2911]
2019-06-13 22:26:46,069 DEBUG block.SCMBlockDeletingService (SCMBlockDeletingService.java:call(138)) - Running DeletedBlockTransactionScanner
2019-06-13 22:26:46,069 DEBUG block.SCMBlockDeletingService (SCMBlockDeletingService.java:call(155)) - Scanned deleted blocks log and got 0 delTX to process.
2019-06-13 22:26:46,084 INFO  client.GrpcClientProtocolClient (GrpcClientProtocolClient.java:onNext(254)) - client-43E682E1E07B->d5132e6f-def8-45c0-b0d2-c5ba43d86628: receive RaftClientReply:client-43E682E1E07B->d5132e6f-def8-45c0-b0d2-c5ba43d86628@group-C29775A8E805, cid=1665, SUCCESS, logIndex=2913, commits[d5132e6f-def8-45c0-b0d2-c5ba43d86628:c2913]
2019-06-13 22:26:46,084 INFO  storage.RaftLogWorker (RaftLogWorker.java:rollLogSegment(303)) - d5132e6f-def8-45c0-b0d2-c5ba43d86628-RaftLogWorker: Rolling segment log-2838_2915 to index:2915
2019-06-13 22:26:46,087 INFO  storage.RaftLogWorker (RaftLogWorker.java:execute(433)) - d5132e6f-def8-45c0-b0d2-c5ba43d86628-RaftLogWorker: Rolled log segment from /opt/src/hadoop-ozone/integration-test/target/test-dir/MiniOzoneClusterImpl-e9ea07bb-4900-4b53-96c1-68f0ab556a80/datanode-0/data/ratis/c7035dd3-cd4a-42fb-880d-c29775a8e805/current/log_inprogress_2838 to /opt/src/hadoop-ozone/integration-test/target/test-dir/MiniOzoneClusterImpl-e9ea07bb-4900-4b53-96c1-68f0ab556a80/datanode-0/data/ratis/c7035dd3-cd4a-42fb-880d-c29775a8e805/current/log_2838-2915
2019-06-13 22:26:46,094 INFO  client.GrpcClientProtocolClient (GrpcClientProtocolClient.java:onNext(254)) - client-43E682E1E07B->d5132e6f-def8-45c0-b0d2-c5ba43d86628: receive RaftClientReply:client-43E682E1E07B->d5132e6f-def8-45c0-b0d2-c5ba43d86628@group-C29775A8E805, cid=1666, SUCCESS, logIndex=2915, commits[d5132e6f-def8-45c0-b0d2-c5ba43d86628:c2915]
2019-06-13 22:26:46,126 INFO  storage.RaftLogWorker (RaftLogWorker.java:execute(469)) - d5132e6f-def8-45c0-b0d2-c5ba43d86628-RaftLogWorker: created new log segment /opt/src/hadoop-ozone/integration-test/target/test-dir/MiniOzoneClusterImpl-e9ea07bb-4900-4b53-96c1-68f0ab556a80/datanode-0/data/ratis/c7035dd3-cd4a-42fb-880d-c29775a8e805/current/log_inprogress_2916
2019-06-13 22:26:46,133 INFO  client.GrpcClientProtocolClient (GrpcClientProtocolClient.java:onNext(254)) - client-43E682E1E07B->d5132e6f-def8-45c0-b0d2-c5ba43d86628: receive RaftClientReply:client-43E682E1E07B->d5132e6f-def8-45c0-b0d2-c5ba43d86628@group-C29775A8E805, cid=1667, SUCCESS, logIndex=2916, commits[d5132e6f-def8-45c0-b0d2-c5ba43d86628:c2918]
2019-06-13 22:26:46,133 INFO  client.GrpcClientProtocolClient (GrpcClientProtocolClient.java:onNext(254)) - client-43E682E1E07B->d5132e6f-def8-45c0-b0d2-c5ba43d86628: receive RaftClientReply:client-43E682E1E07B->d5132e6f-def8-45c0-b0d2-c5ba43d86628@group-C29775A8E805, cid=1668, SUCCESS, logIndex=2917, commits[d5132e6f-def8-45c0-b0d2-c5ba43d86628:c2918]
2019-06-13 22:26:46,143 INFO  client.GrpcClientProtocolClient (GrpcClientProtocolClient.java:onNext(254)) - client-43E682E1E07B->d5132e6f-def8-45c0-b0d2-c5ba43d86628: receive RaftClientReply:client-43E682E1E07B->d5132e6f-def8-45c0-b0d2-c5ba43d86628@group-C29775A8E805, cid=1669, SUCCESS, logIndex=2919, commits[d5132e6f-def8-45c0-b0d2-c5ba43d86628:c2919]
2019-06-13 22:26:46,145 INFO  client.GrpcClientProtocolClient (GrpcClientProtocolClient.java:onNext(254)) - client-43E682E1E07B->d5132e6f-def8-45c0-b0d2-c5ba43d86628: receive RaftClientReply:client-43E682E1E07B->d5132e6f-def8-45c0-b0d2-c5ba43d86628@group-C29775A8E805, cid=1670, SUCCESS, logIndex=2921, commits[d5132e6f-def8-45c0-b0d2-c5ba43d86628:c2921]
2019-06-13 22:26:46,146 INFO  client.GrpcClientProtocolClient (GrpcClientProtocolClient.java:onNext(254)) - client-43E682E1E07B->d5132e6f-def8-45c0-b0d2-c5ba43d86628: receive RaftClientReply:client-43E682E1E07B->d5132e6f-def8-45c0-b0d2-c5ba43d86628@group-C29775A8E805, cid=1671, SUCCESS, logIndex=2922, commits[d5132e6f-def8-45c0-b0d2-c5ba43d86628:c2923]
2019-06-13 22:26:46,146 INFO  client.GrpcClientProtocolClient (GrpcClientProtocolClient.java:onNext(254)) - client-43E682E1E07B->d5132e6f-def8-45c0-b0d2-c5ba43d86628: receive RaftClientReply:client-43E682E1E07B->d5132e6f-def8-45c0-b0d2-c5ba43d86628@group-C29775A8E805, cid=1672, SUCCESS, logIndex=2923, commits[d5132e6f-def8-45c0-b0d2-c5ba43d86628:c2924]
2019-06-13 22:26:46,160 INFO  client.GrpcClientProtocolClient (GrpcClientProtocolClient.java:onNext(254)) - client-43E682E1E07B->d5132e6f-def8-45c0-b0d2-c5ba43d86628: receive RaftClientReply:client-43E682E1E07B->d5132e6f-def8-45c0-b0d2-c5ba43d86628@group-C29775A8E805, cid=1673, SUCCESS, logIndex=2926, commits[d5132e6f-def8-45c0-b0d2-c5ba43d86628:c2926]
2019-06-13 22:26:46,162 INFO  client.GrpcClientProtocolClient (GrpcClientProtocolClient.java:onNext(254)) - client-43E682E1E07B->d5132e6f-def8-45c0-b0d2-c5ba43d86628: receive RaftClientReply:client-43E682E1E07B->d5132e6f-def8-45c0-b0d2-c5ba43d86628@group-C29775A8E805, cid=1674, SUCCESS, logIndex=2928, commits[d5132e6f-def8-45c0-b0d2-c5ba43d86628:c2928]
2019-06-13 22:26:46,163 INFO  client.GrpcClientProtocolClient (GrpcClientProtocolClient.java:onNext(254)) - client-43E682E1E07B->d5132e6f-def8-45c0-b0d2-c5ba43d86628: receive RaftClientReply:client-43E682E1E07B->d5132e6f-def8-45c0-b0d2-c5ba43d86628@group-C29775A8E805, cid=1675, SUCCESS, logIndex=2929, commits[d5132e6f-def8-45c0-b0d2-c5ba43d86628:c2929]
2019-06-13 22:26:46,163 INFO  client.GrpcClientProtocolClient (GrpcClientProtocolClient.java:onNext(254)) - client-43E682E1E07B->d5132e6f-def8-45c0-b0d2-c5ba43d86628: receive RaftClientReply:client-43E682E1E07B->d5132e6f-def8-45c0-b0d2-c5ba43d86628@group-C29775A8E805, cid=1676, SUCCESS, logIndex=2931, commits[d5132e6f-def8-45c0-b0d2-c5ba43d86628:c2931]
2019-06-13 22:26:46,173 DEBUG block.SCMBlockDeletingService (SCMBlockDeletingService.java:call(138)) - Running DeletedBlockTransactionScanner
2019-06-13 22:26:46,174 DEBUG block.SCMBlockDeletingService (SCMBlockDeletingService.java:call(155)) - Scanned deleted blocks log and got 0 delTX to process.
2019-06-13 22:26:46,175 INFO  client.GrpcClientProtocolClient (GrpcClientProtocolClient.java:onNext(254)) - client-43E682E1E07B->d5132e6f-def8-45c0-b0d2-c5ba43d86628: receive RaftClientReply:client-43E682E1E07B->d5132e6f-def8-45c0-b0d2-c5ba43d86628@group-C29775A8E805, cid=1677, SUCCESS, logIndex=2934, commits[d5132e6f-def8-45c0-b0d2-c5ba43d86628:c2934]
2019-06-13 22:26:46,182 INFO  client.GrpcClientProtocolClient (GrpcClientProtocolClient.java:onNext(254)) - client-43E682E1E07B->d5132e6f-def8-45c0-b0d2-c5ba43d86628: receive RaftClientReply:client-43E682E1E07B->d5132e6f-def8-45c0-b0d2-c5ba43d86628@group-C29775A8E805, cid=1678, SUCCESS, logIndex=2936, commits[d5132e6f-def8-45c0-b0d2-c5ba43d86628:c2936]
2019-06-13 22:26:46,265 INFO  client.GrpcClientProtocolClient (GrpcClientProtocolClient.java:onNext(254)) - client-43E682E1E07B->d5132e6f-def8-45c0-b0d2-c5ba43d86628: receive RaftClientReply:client-43E682E1E07B->d5132e6f-def8-45c0-b0d2-c5ba43d86628@group-C29775A8E805, cid=1679, SUCCESS, logIndex=2938, commits[d5132e6f-def8-45c0-b0d2-c5ba43d86628:c2938]
2019-06-13 22:26:46,267 INFO  client.GrpcClientProtocolClient (GrpcClientProtocolClient.java:onNext(254)) - client-43E682E1E07B->d5132e6f-def8-45c0-b0d2-c5ba43d86628: receive RaftClientReply:client-43E682E1E07B->d5132e6f-def8-45c0-b0d2-c5ba43d86628@group-C29775A8E805, cid=1680, SUCCESS, logIndex=2940, commits[d5132e6f-def8-45c0-b0d2-c5ba43d86628:c2940]
2019-06-13 22:26:46,277 DEBUG block.SCMBlockDeletingService (SCMBlockDeletingService.java:call(138)) - Running DeletedBlockTransactionScanner
2019-06-13 22:26:46,277 DEBUG block.SCMBlockDeletingService (SCMBlockDeletingService.java:call(155)) - Scanned deleted blocks log and got 0 delTX to process.
2019-06-13 22:26:46,290 INFO  client.GrpcClientProtocolClient (GrpcClientProtocolClient.java:onNext(254)) - client-43E682E1E07B->d5132e6f-def8-45c0-b0d2-c5ba43d86628: receive RaftClientReply:client-43E682E1E07B->d5132e6f-def8-45c0-b0d2-c5ba43d86628@group-C29775A8E805, cid=1681, SUCCESS, logIndex=2942, commits[d5132e6f-def8-45c0-b0d2-c5ba43d86628:c2942]
2019-06-13 22:26:46,298 INFO  client.GrpcClientProtocolClient (GrpcClientProtocolClient.java:onNext(254)) - client-43E682E1E07B->d5132e6f-def8-45c0-b0d2-c5ba43d86628: receive RaftClientReply:client-43E682E1E07B->d5132e6f-def8-45c0-b0d2-c5ba43d86628@group-C29775A8E805, cid=1682, SUCCESS, logIndex=2944, commits[d5132e6f-def8-45c0-b0d2-c5ba43d86628:c2944]
2019-06-13 22:26:46,299 INFO  client.GrpcClientProtocolClient (GrpcClientProtocolClient.java:onNext(254)) - client-43E682E1E07B->d5132e6f-def8-45c0-b0d2-c5ba43d86628: receive RaftClientReply:client-43E682E1E07B->d5132e6f-def8-45c0-b0d2-c5ba43d86628@group-C29775A8E805, cid=1683, SUCCESS, logIndex=2945, commits[d5132e6f-def8-45c0-b0d2-c5ba43d86628:c2946]
2019-06-13 22:26:46,302 INFO  client.GrpcClientProtocolClient (GrpcClientProtocolClient.java:onNext(254)) - client-43E682E1E07B->d5132e6f-def8-45c0-b0d2-c5ba43d86628: receive RaftClientReply:client-43E682E1E07B->d5132e6f-def8-45c0-b0d2-c5ba43d86628@group-C29775A8E805, cid=1684, SUCCESS, logIndex=2947, commits[d5132e6f-def8-45c0-b0d2-c5ba43d86628:c2947]
2019-06-13 22:26:46,309 INFO  client.GrpcClientProtocolClient (GrpcClientProtocolClient.java:onNext(254)) - client-43E682E1E07B->d5132e6f-def8-45c0-b0d2-c5ba43d86628: receive RaftClientReply:client-43E682E1E07B->d5132e6f-def8-45c0-b0d2-c5ba43d86628@group-C29775A8E805, cid=1685, SUCCESS, logIndex=2949, commits[d5132e6f-def8-45c0-b0d2-c5ba43d86628:c2949]
2019-06-13 22:26:46,313 INFO  client.GrpcClientProtocolClient (GrpcClientProtocolClient.java:onNext(254)) - client-43E682E1E07B->d5132e6f-def8-45c0-b0d2-c5ba43d86628: receive RaftClientReply:client-43E682E1E07B->d5132e6f-def8-45c0-b0d2-c5ba43d86628@group-C29775A8E805, cid=1686, SUCCESS, logIndex=2951, commits[d5132e6f-def8-45c0-b0d2-c5ba43d86628:c2951]
2019-06-13 22:26:46,320 INFO  client.GrpcClientProtocolClient (GrpcClientProtocolClient.java:onNext(254)) - client-43E682E1E07B->d5132e6f-def8-45c0-b0d2-c5ba43d86628: receive RaftClientReply:client-43E682E1E07B->d5132e6f-def8-45c0-b0d2-c5ba43d86628@group-C29775A8E805, cid=1687, SUCCESS, logIndex=2953, commits[d5132e6f-def8-45c0-b0d2-c5ba43d86628:c2954]
2019-06-13 22:26:46,321 INFO  client.GrpcClientProtocolClient (GrpcClientProtocolClient.java:onNext(254)) - client-43E682E1E07B->d5132e6f-def8-45c0-b0d2-c5ba43d86628: receive RaftClientReply:client-43E682E1E07B->d5132e6f-def8-45c0-b0d2-c5ba43d86628@group-C29775A8E805, cid=1688, SUCCESS, logIndex=2954, commits[d5132e6f-def8-45c0-b0d2-c5ba43d86628:c2955]
2019-06-13 22:26:46,334 INFO  client.GrpcClientProtocolClient (GrpcClientProtocolClient.java:onNext(254)) - client-43E682E1E07B->d5132e6f-def8-45c0-b0d2-c5ba43d86628: receive RaftClientReply:client-43E682E1E07B->d5132e6f-def8-45c0-b0d2-c5ba43d86628@group-C29775A8E805, cid=1689, SUCCESS, logIndex=2956, commits[d5132e6f-def8-45c0-b0d2-c5ba43d86628:c2956]
2019-06-13 22:26:46,335 INFO  client.GrpcClientProtocolClient (GrpcClientProtocolClient.java:onNext(254)) - client-43E682E1E07B->d5132e6f-def8-45c0-b0d2-c5ba43d86628: receive RaftClientReply:client-43E682E1E07B->d5132e6f-def8-45c0-b0d2-c5ba43d86628@group-C29775A8E805, cid=1690, SUCCESS, logIndex=2958, commits[d5132e6f-def8-45c0-b0d2-c5ba43d86628:c2958]
2019-06-13 22:26:46,343 INFO  client.GrpcClientProtocolClient (GrpcClientProtocolClient.java:onNext(254)) - client-43E682E1E07B->d5132e6f-def8-45c0-b0d2-c5ba43d86628: receive RaftClientReply:client-43E682E1E07B->d5132e6f-def8-45c0-b0d2-c5ba43d86628@group-C29775A8E805, cid=1691, SUCCESS, logIndex=2960, commits[d5132e6f-def8-45c0-b0d2-c5ba43d86628:c2961]
2019-06-13 22:26:46,346 INFO  client.GrpcClientProtocolClient (GrpcClientProtocolClient.java:onNext(254)) - client-43E682E1E07B->d5132e6f-def8-45c0-b0d2-c5ba43d86628: receive RaftClientReply:client-43E682E1E07B->d5132e6f-def8-45c0-b0d2-c5ba43d86628@group-C29775A8E805, cid=1692, SUCCESS, logIndex=2961, commits[d5132e6f-def8-45c0-b0d2-c5ba43d86628:c2961]
2019-06-13 22:26:46,355 INFO  client.GrpcClientProtocolClient (GrpcClientProtocolClient.java:onNext(254)) - client-43E682E1E07B->d5132e6f-def8-45c0-b0d2-c5ba43d86628: receive RaftClientReply:client-43E682E1E07B->d5132e6f-def8-45c0-b0d2-c5ba43d86628@group-C29775A8E805, cid=1693, SUCCESS, logIndex=2963, commits[d5132e6f-def8-45c0-b0d2-c5ba43d86628:c2963]
2019-06-13 22:26:46,358 INFO  client.GrpcClientProtocolClient (GrpcClientProtocolClient.java:onNext(254)) - client-43E682E1E07B->d5132e6f-def8-45c0-b0d2-c5ba43d86628: receive RaftClientReply:client-43E682E1E07B->d5132e6f-def8-45c0-b0d2-c5ba43d86628@group-C29775A8E805, cid=1694, SUCCESS, logIndex=2965, commits[d5132e6f-def8-45c0-b0d2-c5ba43d86628:c2965]
2019-06-13 22:26:46,359 INFO  client.GrpcClientProtocolClient (GrpcClientProtocolClient.java:onNext(254)) - client-43E682E1E07B->d5132e6f-def8-45c0-b0d2-c5ba43d86628: receive RaftClientReply:client-43E682E1E07B->d5132e6f-def8-45c0-b0d2-c5ba43d86628@group-C29775A8E805, cid=1695, SUCCESS, logIndex=2966, commits[d5132e6f-def8-45c0-b0d2-c5ba43d86628:c2967]
2019-06-13 22:26:46,359 INFO  client.GrpcClientProtocolClient (GrpcClientProtocolClient.java:onNext(254)) - client-43E682E1E07B->d5132e6f-def8-45c0-b0d2-c5ba43d86628: receive RaftClientReply:client-43E682E1E07B->d5132e6f-def8-45c0-b0d2-c5ba43d86628@group-C29775A8E805, cid=1696, SUCCESS, logIndex=2967, commits[d5132e6f-def8-45c0-b0d2-c5ba43d86628:c2968]
2019-06-13 22:26:46,413 DEBUG block.SCMBlockDeletingService (SCMBlockDeletingService.java:call(138)) - Running DeletedBlockTransactionScanner
2019-06-13 22:26:46,414 DEBUG block.SCMBlockDeletingService (SCMBlockDeletingService.java:call(155)) - Scanned deleted blocks log and got 0 delTX to process.
2019-06-13 22:26:46,424 INFO  client.GrpcClientProtocolClient (GrpcClientProtocolClient.java:onNext(254)) - client-43E682E1E07B->d5132e6f-def8-45c0-b0d2-c5ba43d86628: receive RaftClientReply:client-43E682E1E07B->d5132e6f-def8-45c0-b0d2-c5ba43d86628@group-C29775A8E805, cid=1697, SUCCESS, logIndex=2970, commits[d5132e6f-def8-45c0-b0d2-c5ba43d86628:c2970]
2019-06-13 22:26:46,427 INFO  client.GrpcClientProtocolClient (GrpcClientProtocolClient.java:onNext(254)) - client-43E682E1E07B->d5132e6f-def8-45c0-b0d2-c5ba43d86628: receive RaftClientReply:client-43E682E1E07B->d5132e6f-def8-45c0-b0d2-c5ba43d86628@group-C29775A8E805, cid=1698, SUCCESS, logIndex=2972, commits[d5132e6f-def8-45c0-b0d2-c5ba43d86628:c2972]
2019-06-13 22:26:46,428 INFO  client.GrpcClientProtocolClient (GrpcClientProtocolClient.java:onNext(254)) - client-43E682E1E07B->d5132e6f-def8-45c0-b0d2-c5ba43d86628: receive RaftClientReply:client-43E682E1E07B->d5132e6f-def8-45c0-b0d2-c5ba43d86628@group-C29775A8E805, cid=1699, SUCCESS, logIndex=2973, commits[d5132e6f-def8-45c0-b0d2-c5ba43d86628:c2975]
2019-06-13 22:26:46,428 INFO  client.GrpcClientProtocolClient (GrpcClientProtocolClient.java:onNext(254)) - client-43E682E1E07B->d5132e6f-def8-45c0-b0d2-c5ba43d86628: receive RaftClientReply:client-43E682E1E07B->d5132e6f-def8-45c0-b0d2-c5ba43d86628@group-C29775A8E805, cid=1700, SUCCESS, logIndex=2975, commits[d5132e6f-def8-45c0-b0d2-c5ba43d86628:c2975]
2019-06-13 22:26:46,436 INFO  client.GrpcClientProtocolClient (GrpcClientProtocolClient.java:onNext(254)) - client-43E682E1E07B->d5132e6f-def8-45c0-b0d2-c5ba43d86628: receive RaftClientReply:client-43E682E1E07B->d5132e6f-def8-45c0-b0d2-c5ba43d86628@group-C29775A8E805, cid=1701, SUCCESS, logIndex=2977, commits[d5132e6f-def8-45c0-b0d2-c5ba43d86628:c2977]
2019-06-13 22:26:46,443 INFO  client.GrpcClientProtocolClient (GrpcClientProtocolClient.java:onNext(254)) - client-43E682E1E07B->d5132e6f-def8-45c0-b0d2-c5ba43d86628: receive RaftClientReply:client-43E682E1E07B->d5132e6f-def8-45c0-b0d2-c5ba43d86628@group-C29775A8E805, cid=1702, SUCCESS, logIndex=2979, commits[d5132e6f-def8-45c0-b0d2-c5ba43d86628:c2981]
2019-06-13 22:26:46,443 INFO  client.GrpcClientProtocolClient (GrpcClientProtocolClient.java:onNext(254)) - client-43E682E1E07B->d5132e6f-def8-45c0-b0d2-c5ba43d86628: receive RaftClientReply:client-43E682E1E07B->d5132e6f-def8-45c0-b0d2-c5ba43d86628@group-C29775A8E805, cid=1703, SUCCESS, logIndex=2980, commits[d5132e6f-def8-45c0-b0d2-c5ba43d86628:c2981]
2019-06-13 22:26:46,444 INFO  client.GrpcClientProtocolClient (GrpcClientProtocolClient.java:onNext(254)) - client-43E682E1E07B->d5132e6f-def8-45c0-b0d2-c5ba43d86628: receive RaftClientReply:client-43E682E1E07B->d5132e6f-def8-45c0-b0d2-c5ba43d86628@group-C29775A8E805, cid=1704, SUCCESS, logIndex=2981, commits[d5132e6f-def8-45c0-b0d2-c5ba43d86628:c2981]
2019-06-13 22:26:46,457 INFO  client.GrpcClientProtocolClient (GrpcClientProtocolClient.java:onNext(254)) - client-43E682E1E07B->d5132e6f-def8-45c0-b0d2-c5ba43d86628: receive RaftClientReply:client-43E682E1E07B->d5132e6f-def8-45c0-b0d2-c5ba43d86628@group-C29775A8E805, cid=1705, SUCCESS, logIndex=2983, commits[d5132e6f-def8-45c0-b0d2-c5ba43d86628:c2983]
2019-06-13 22:26:46,458 INFO  client.GrpcClientProtocolClient (GrpcClientProtocolClient.java:onNext(254)) - client-43E682E1E07B->d5132e6f-def8-45c0-b0d2-c5ba43d86628: receive RaftClientReply:client-43E682E1E07B->d5132e6f-def8-45c0-b0d2-c5ba43d86628@group-C29775A8E805, cid=1706, SUCCESS, logIndex=2985, commits[d5132e6f-def8-45c0-b0d2-c5ba43d86628:c2985]
2019-06-13 22:26:46,462 INFO  client.GrpcClientProtocolClient (GrpcClientProtocolClient.java:onNext(254)) - client-43E682E1E07B->d5132e6f-def8-45c0-b0d2-c5ba43d86628: receive RaftClientReply:client-43E682E1E07B->d5132e6f-def8-45c0-b0d2-c5ba43d86628@group-C29775A8E805, cid=1707, SUCCESS, logIndex=2987, commits[d5132e6f-def8-45c0-b0d2-c5ba43d86628:c2988]
2019-06-13 22:26:46,462 INFO  client.GrpcClientProtocolClient (GrpcClientProtocolClient.java:onNext(254)) - client-43E682E1E07B->d5132e6f-def8-45c0-b0d2-c5ba43d86628: receive RaftClientReply:client-43E682E1E07B->d5132e6f-def8-45c0-b0d2-c5ba43d86628@group-C29775A8E805, cid=1708, SUCCESS, logIndex=2988, commits[d5132e6f-def8-45c0-b0d2-c5ba43d86628:c2988]
2019-06-13 22:26:46,470 INFO  storage.RaftLogWorker (RaftLogWorker.java:rollLogSegment(303)) - d5132e6f-def8-45c0-b0d2-c5ba43d86628-RaftLogWorker: Rolling segment log-2916_2991 to index:2991
2019-06-13 22:26:46,470 INFO  client.GrpcClientProtocolClient (GrpcClientProtocolClient.java:onNext(254)) - client-43E682E1E07B->d5132e6f-def8-45c0-b0d2-c5ba43d86628: receive RaftClientReply:client-43E682E1E07B->d5132e6f-def8-45c0-b0d2-c5ba43d86628@group-C29775A8E805, cid=1709, SUCCESS, logIndex=2990, commits[d5132e6f-def8-45c0-b0d2-c5ba43d86628:c2990]
2019-06-13 22:26:46,471 INFO  storage.RaftLogWorker (RaftLogWorker.java:execute(433)) - d5132e6f-def8-45c0-b0d2-c5ba43d86628-RaftLogWorker: Rolled log segment from /opt/src/hadoop-ozone/integration-test/target/test-dir/MiniOzoneClusterImpl-e9ea07bb-4900-4b53-96c1-68f0ab556a80/datanode-0/data/ratis/c7035dd3-cd4a-42fb-880d-c29775a8e805/current/log_inprogress_2916 to /opt/src/hadoop-ozone/integration-test/target/test-dir/MiniOzoneClusterImpl-e9ea07bb-4900-4b53-96c1-68f0ab556a80/datanode-0/data/ratis/c7035dd3-cd4a-42fb-880d-c29775a8e805/current/log_2916-2991
2019-06-13 22:26:46,516 INFO  storage.RaftLogWorker (RaftLogWorker.java:execute(469)) - d5132e6f-def8-45c0-b0d2-c5ba43d86628-RaftLogWorker: created new log segment /opt/src/hadoop-ozone/integration-test/target/test-dir/MiniOzoneClusterImpl-e9ea07bb-4900-4b53-96c1-68f0ab556a80/datanode-0/data/ratis/c7035dd3-cd4a-42fb-880d-c29775a8e805/current/log_inprogress_2992
2019-06-13 22:26:46,518 INFO  client.GrpcClientProtocolClient (GrpcClientProtocolClient.java:onNext(254)) - client-43E682E1E07B->d5132e6f-def8-45c0-b0d2-c5ba43d86628: receive RaftClientReply:client-43E682E1E07B->d5132e6f-def8-45c0-b0d2-c5ba43d86628@group-C29775A8E805, cid=1710, SUCCESS, logIndex=2992, commits[d5132e6f-def8-45c0-b0d2-c5ba43d86628:c2992]
2019-06-13 22:26:46,520 DEBUG block.SCMBlockDeletingService (SCMBlockDeletingService.java:call(138)) - Running DeletedBlockTransactionScanner
2019-06-13 22:26:46,520 DEBUG block.SCMBlockDeletingService (SCMBlockDeletingService.java:call(155)) - Scanned deleted blocks log and got 0 delTX to process.
2019-06-13 22:26:46,521 INFO  client.GrpcClientProtocolClient (GrpcClientProtocolClient.java:onNext(254)) - client-43E682E1E07B->d5132e6f-def8-45c0-b0d2-c5ba43d86628: receive RaftClientReply:client-43E682E1E07B->d5132e6f-def8-45c0-b0d2-c5ba43d86628@group-C29775A8E805, cid=1711, SUCCESS, logIndex=2994, commits[d5132e6f-def8-45c0-b0d2-c5ba43d86628:c2994]
2019-06-13 22:26:46,522 INFO  client.GrpcClientProtocolClient (GrpcClientProtocolClient.java:onNext(254)) - client-43E682E1E07B->d5132e6f-def8-45c0-b0d2-c5ba43d86628: receive RaftClientReply:client-43E682E1E07B->d5132e6f-def8-45c0-b0d2-c5ba43d86628@group-C29775A8E805, cid=1712, SUCCESS, logIndex=2995, commits[d5132e6f-def8-45c0-b0d2-c5ba43d86628:c2995]
2019-06-13 22:26:46,533 INFO  client.GrpcClientProtocolClient (GrpcClientProtocolClient.java:onNext(254)) - client-43E682E1E07B->d5132e6f-def8-45c0-b0d2-c5ba43d86628: receive RaftClientReply:client-43E682E1E07B->d5132e6f-def8-45c0-b0d2-c5ba43d86628@group-C29775A8E805, cid=1713, SUCCESS, logIndex=2998, commits[d5132e6f-def8-45c0-b0d2-c5ba43d86628:c2998]
2019-06-13 22:26:46,535 INFO  client.GrpcClientProtocolClient (GrpcClientProtocolClient.java:onNext(254)) - client-43E682E1E07B->d5132e6f-def8-45c0-b0d2-c5ba43d86628: receive RaftClientReply:client-43E682E1E07B->d5132e6f-def8-45c0-b0d2-c5ba43d86628@group-C29775A8E805, cid=1714, SUCCESS, logIndex=3000, commits[d5132e6f-def8-45c0-b0d2-c5ba43d86628:c3000]
2019-06-13 22:26:46,536 INFO  client.GrpcClientProtocolClient (GrpcClientProtocolClient.java:onNext(254)) - client-43E682E1E07B->d5132e6f-def8-45c0-b0d2-c5ba43d86628: receive RaftClientReply:client-43E682E1E07B->d5132e6f-def8-45c0-b0d2-c5ba43d86628@group-C29775A8E805, cid=1715, SUCCESS, logIndex=3001, commits[d5132e6f-def8-45c0-b0d2-c5ba43d86628:c3001]
2019-06-13 22:26:46,538 INFO  client.GrpcClientProtocolClient (GrpcClientProtocolClient.java:onNext(254)) - client-43E682E1E07B->d5132e6f-def8-45c0-b0d2-c5ba43d86628: receive RaftClientReply:client-43E682E1E07B->d5132e6f-def8-45c0-b0d2-c5ba43d86628@group-C29775A8E805, cid=1716, SUCCESS, logIndex=3003, commits[d5132e6f-def8-45c0-b0d2-c5ba43d86628:c3003]
2019-06-13 22:26:46,548 INFO  client.GrpcClientProtocolClient (GrpcClientProtocolClient.java:onNext(254)) - client-43E682E1E07B->d5132e6f-def8-45c0-b0d2-c5ba43d86628: receive RaftClientReply:client-43E682E1E07B->d5132e6f-def8-45c0-b0d2-c5ba43d86628@group-C29775A8E805, cid=1717, SUCCESS, logIndex=3006, commits[d5132e6f-def8-45c0-b0d2-c5ba43d86628:c3006]
2019-06-13 22:26:46,550 INFO  client.GrpcClientProtocolClient (GrpcClientProtocolClient.java:onNext(254)) - client-43E682E1E07B->d5132e6f-def8-45c0-b0d2-c5ba43d86628: receive RaftClientReply:client-43E682E1E07B->d5132e6f-def8-45c0-b0d2-c5ba43d86628@group-C29775A8E805, cid=1718, SUCCESS, logIndex=3008, commits[d5132e6f-def8-45c0-b0d2-c5ba43d86628:c3008]
2019-06-13 22:26:46,551 INFO  client.GrpcClientProtocolClient (GrpcClientProtocolClient.java:onNext(254)) - client-43E682E1E07B->d5132e6f-def8-45c0-b0d2-c5ba43d86628: receive RaftClientReply:client-43E682E1E07B->d5132e6f-def8-45c0-b0d2-c5ba43d86628@group-C29775A8E805, cid=1719, SUCCESS, logIndex=3009, commits[d5132e6f-def8-45c0-b0d2-c5ba43d86628:c3009]
2019-06-13 22:26:46,551 INFO  client.GrpcClientProtocolClient (GrpcClientProtocolClient.java:onNext(254)) - client-43E682E1E07B->d5132e6f-def8-45c0-b0d2-c5ba43d86628: receive RaftClientReply:client-43E682E1E07B->d5132e6f-def8-45c0-b0d2-c5ba43d86628@group-C29775A8E805, cid=1720, SUCCESS, logIndex=3011, commits[d5132e6f-def8-45c0-b0d2-c5ba43d86628:c3011]
2019-06-13 22:26:46,562 INFO  client.GrpcClientProtocolClient (GrpcClientProtocolClient.java:onNext(254)) - client-43E682E1E07B->d5132e6f-def8-45c0-b0d2-c5ba43d86628: receive RaftClientReply:client-43E682E1E07B->d5132e6f-def8-45c0-b0d2-c5ba43d86628@group-C29775A8E805, cid=1721, SUCCESS, logIndex=3014, commits[d5132e6f-def8-45c0-b0d2-c5ba43d86628:c3014]
2019-06-13 22:26:46,565 INFO  client.GrpcClientProtocolClient (GrpcClientProtocolClient.java:onNext(254)) - client-43E682E1E07B->d5132e6f-def8-45c0-b0d2-c5ba43d86628: receive RaftClientReply:client-43E682E1E07B->d5132e6f-def8-45c0-b0d2-c5ba43d86628@group-C29775A8E805, cid=1722, SUCCESS, logIndex=3016, commits[d5132e6f-def8-45c0-b0d2-c5ba43d86628:c3016]
2019-06-13 22:26:46,565 INFO  client.GrpcClientProtocolClient (GrpcClientProtocolClient.java:onNext(254)) - client-43E682E1E07B->d5132e6f-def8-45c0-b0d2-c5ba43d86628: receive RaftClientReply:client-43E682E1E07B->d5132e6f-def8-45c0-b0d2-c5ba43d86628@group-C29775A8E805, cid=1723, SUCCESS, logIndex=3017, commits[d5132e6f-def8-45c0-b0d2-c5ba43d86628:c3017]
2019-06-13 22:26:46,566 INFO  client.GrpcClientProtocolClient (GrpcClientProtocolClient.java:onNext(254)) - client-43E682E1E07B->d5132e6f-def8-45c0-b0d2-c5ba43d86628: receive RaftClientReply:client-43E682E1E07B->d5132e6f-def8-45c0-b0d2-c5ba43d86628@group-C29775A8E805, cid=1724, SUCCESS, logIndex=3020, commits[d5132e6f-def8-45c0-b0d2-c5ba43d86628:c3020]
2019-06-13 22:26:46,620 DEBUG block.SCMBlockDeletingService (SCMBlockDeletingService.java:call(138)) - Running DeletedBlockTransactionScanner
2019-06-13 22:26:46,620 DEBUG block.SCMBlockDeletingService (SCMBlockDeletingService.java:call(155)) - Scanned deleted blocks log and got 0 delTX to process.
2019-06-13 22:26:46,643 INFO  client.GrpcClientProtocolClient (GrpcClientProtocolClient.java:onNext(254)) - client-43E682E1E07B->d5132e6f-def8-45c0-b0d2-c5ba43d86628: receive RaftClientReply:client-43E682E1E07B->d5132e6f-def8-45c0-b0d2-c5ba43d86628@group-C29775A8E805, cid=1725, SUCCESS, logIndex=3022, commits[d5132e6f-def8-45c0-b0d2-c5ba43d86628:c3022]
2019-06-13 22:26:46,646 INFO  client.GrpcClientProtocolClient (GrpcClientProtocolClient.java:onNext(254)) - client-43E682E1E07B->d5132e6f-def8-45c0-b0d2-c5ba43d86628: receive RaftClientReply:client-43E682E1E07B->d5132e6f-def8-45c0-b0d2-c5ba43d86628@group-C29775A8E805, cid=1726, SUCCESS, logIndex=3024, commits[d5132e6f-def8-45c0-b0d2-c5ba43d86628:c3024]
2019-06-13 22:26:46,646 INFO  client.GrpcClientProtocolClient (GrpcClientProtocolClient.java:onNext(254)) - client-43E682E1E07B->d5132e6f-def8-45c0-b0d2-c5ba43d86628: receive RaftClientReply:client-43E682E1E07B->d5132e6f-def8-45c0-b0d2-c5ba43d86628@group-C29775A8E805, cid=1727, SUCCESS, logIndex=3025, commits[d5132e6f-def8-45c0-b0d2-c5ba43d86628:c3025]
2019-06-13 22:26:46,648 INFO  client.GrpcClientProtocolClient (GrpcClientProtocolClient.java:onNext(254)) - client-43E682E1E07B->d5132e6f-def8-45c0-b0d2-c5ba43d86628: receive RaftClientReply:client-43E682E1E07B->d5132e6f-def8-45c0-b0d2-c5ba43d86628@group-C29775A8E805, cid=1728, SUCCESS, logIndex=3028, commits[d5132e6f-def8-45c0-b0d2-c5ba43d86628:c3028]
2019-06-13 22:26:46,662 INFO  client.GrpcClientProtocolClient (GrpcClientProtocolClient.java:onNext(254)) - client-43E682E1E07B->d5132e6f-def8-45c0-b0d2-c5ba43d86628: receive RaftClientReply:client-43E682E1E07B->d5132e6f-def8-45c0-b0d2-c5ba43d86628@group-C29775A8E805, cid=1729, SUCCESS, logIndex=3030, commits[d5132e6f-def8-45c0-b0d2-c5ba43d86628:c3030]
2019-06-13 22:26:46,664 INFO  client.GrpcClientProtocolClient (GrpcClientProtocolClient.java:onNext(254)) - client-43E682E1E07B->d5132e6f-def8-45c0-b0d2-c5ba43d86628: receive RaftClientReply:client-43E682E1E07B->d5132e6f-def8-45c0-b0d2-c5ba43d86628@group-C29775A8E805, cid=1730, SUCCESS, logIndex=3032, commits[d5132e6f-def8-45c0-b0d2-c5ba43d86628:c3032]
2019-06-13 22:26:46,665 INFO  client.GrpcClientProtocolClient (GrpcClientProtocolClient.java:onNext(254)) - client-43E682E1E07B->d5132e6f-def8-45c0-b0d2-c5ba43d86628: receive RaftClientReply:client-43E682E1E07B->d5132e6f-def8-45c0-b0d2-c5ba43d86628@group-C29775A8E805, cid=1731, SUCCESS, logIndex=3033, commits[d5132e6f-def8-45c0-b0d2-c5ba43d86628:c3034]
2019-06-13 22:26:46,665 INFO  client.GrpcClientProtocolClient (GrpcClientProtocolClient.java:onNext(254)) - client-43E682E1E07B->d5132e6f-def8-45c0-b0d2-c5ba43d86628: receive RaftClientReply:client-43E682E1E07B->d5132e6f-def8-45c0-b0d2-c5ba43d86628@group-C29775A8E805, cid=1732, SUCCESS, logIndex=3034, commits[d5132e6f-def8-45c0-b0d2-c5ba43d86628:c3035]
2019-06-13 22:26:46,671 INFO  client.GrpcClientProtocolClient (GrpcClientProtocolClient.java:onNext(254)) - client-43E682E1E07B->d5132e6f-def8-45c0-b0d2-c5ba43d86628: receive RaftClientReply:client-43E682E1E07B->d5132e6f-def8-45c0-b0d2-c5ba43d86628@group-C29775A8E805, cid=1733, SUCCESS, logIndex=3037, commits[d5132e6f-def8-45c0-b0d2-c5ba43d86628:c3037]
2019-06-13 22:26:46,674 INFO  client.GrpcClientProtocolClient (GrpcClientProtocolClient.java:onNext(254)) - client-43E682E1E07B->d5132e6f-def8-45c0-b0d2-c5ba43d86628: receive RaftClientReply:client-43E682E1E07B->d5132e6f-def8-45c0-b0d2-c5ba43d86628@group-C29775A8E805, cid=1734, SUCCESS, logIndex=3039, commits[d5132e6f-def8-45c0-b0d2-c5ba43d86628:c3039]
2019-06-13 22:26:46,675 INFO  client.GrpcClientProtocolClient (GrpcClientProtocolClient.java:onNext(254)) - client-43E682E1E07B->d5132e6f-def8-45c0-b0d2-c5ba43d86628: receive RaftClientReply:client-43E682E1E07B->d5132e6f-def8-45c0-b0d2-c5ba43d86628@group-C29775A8E805, cid=1735, SUCCESS, logIndex=3040, commits[d5132e6f-def8-45c0-b0d2-c5ba43d86628:c3041]
2019-06-13 22:26:46,675 INFO  client.GrpcClientProtocolClient (GrpcClientProtocolClient.java:onNext(254)) - client-43E682E1E07B->d5132e6f-def8-45c0-b0d2-c5ba43d86628: receive RaftClientReply:client-43E682E1E07B->d5132e6f-def8-45c0-b0d2-c5ba43d86628@group-C29775A8E805, cid=1736, SUCCESS, logIndex=3041, commits[d5132e6f-def8-45c0-b0d2-c5ba43d86628:c3041]
2019-06-13 22:26:46,688 INFO  client.GrpcClientProtocolClient (GrpcClientProtocolClient.java:onNext(254)) - client-43E682E1E07B->d5132e6f-def8-45c0-b0d2-c5ba43d86628: receive RaftClientReply:client-43E682E1E07B->d5132e6f-def8-45c0-b0d2-c5ba43d86628@group-C29775A8E805, cid=1737, SUCCESS, logIndex=3044, commits[d5132e6f-def8-45c0-b0d2-c5ba43d86628:c3044]
2019-06-13 22:26:46,695 INFO  client.GrpcClientProtocolClient (GrpcClientProtocolClient.java:onNext(254)) - client-43E682E1E07B->d5132e6f-def8-45c0-b0d2-c5ba43d86628: receive RaftClientReply:client-43E682E1E07B->d5132e6f-def8-45c0-b0d2-c5ba43d86628@group-C29775A8E805, cid=1738, SUCCESS, logIndex=3046, commits[d5132e6f-def8-45c0-b0d2-c5ba43d86628:c3046]
2019-06-13 22:26:46,700 INFO  client.GrpcClientProtocolClient (GrpcClientProtocolClient.java:onNext(254)) - client-43E682E1E07B->d5132e6f-def8-45c0-b0d2-c5ba43d86628: receive RaftClientReply:client-43E682E1E07B->d5132e6f-def8-45c0-b0d2-c5ba43d86628@group-C29775A8E805, cid=1739, SUCCESS, logIndex=3047, commits[d5132e6f-def8-45c0-b0d2-c5ba43d86628:c3049]
2019-06-13 22:26:46,704 INFO  client.GrpcClientProtocolClient (GrpcClientProtocolClient.java:onNext(254)) - client-43E682E1E07B->d5132e6f-def8-45c0-b0d2-c5ba43d86628: receive RaftClientReply:client-43E682E1E07B->d5132e6f-def8-45c0-b0d2-c5ba43d86628@group-C29775A8E805, cid=1740, SUCCESS, logIndex=3049, commits[d5132e6f-def8-45c0-b0d2-c5ba43d86628:c3049]
2019-06-13 22:26:46,718 INFO  client.GrpcClientProtocolClient (GrpcClientProtocolClient.java:onNext(254)) - client-43E682E1E07B->d5132e6f-def8-45c0-b0d2-c5ba43d86628: receive RaftClientReply:client-43E682E1E07B->d5132e6f-def8-45c0-b0d2-c5ba43d86628@group-C29775A8E805, cid=1741, SUCCESS, logIndex=3051, commits[d5132e6f-def8-45c0-b0d2-c5ba43d86628:c3051]
2019-06-13 22:26:46,721 DEBUG block.SCMBlockDeletingService (SCMBlockDeletingService.java:call(138)) - Running DeletedBlockTransactionScanner
2019-06-13 22:26:46,721 DEBUG block.SCMBlockDeletingService (SCMBlockDeletingService.java:call(155)) - Scanned deleted blocks log and got 0 delTX to process.
2019-06-13 22:26:46,726 INFO  client.GrpcClientProtocolClient (GrpcClientProtocolClient.java:onNext(254)) - client-43E682E1E07B->d5132e6f-def8-45c0-b0d2-c5ba43d86628: receive RaftClientReply:client-43E682E1E07B->d5132e6f-def8-45c0-b0d2-c5ba43d86628@group-C29775A8E805, cid=1742, SUCCESS, logIndex=3053, commits[d5132e6f-def8-45c0-b0d2-c5ba43d86628:c3053]
2019-06-13 22:26:46,726 INFO  client.GrpcClientProtocolClient (GrpcClientProtocolClient.java:onNext(254)) - client-43E682E1E07B->d5132e6f-def8-45c0-b0d2-c5ba43d86628: receive RaftClientReply:client-43E682E1E07B->d5132e6f-def8-45c0-b0d2-c5ba43d86628@group-C29775A8E805, cid=1743, SUCCESS, logIndex=3054, commits[d5132e6f-def8-45c0-b0d2-c5ba43d86628:c3055]
2019-06-13 22:26:46,726 INFO  client.GrpcClientProtocolClient (GrpcClientProtocolClient.java:onNext(254)) - client-43E682E1E07B->d5132e6f-def8-45c0-b0d2-c5ba43d86628: receive RaftClientReply:client-43E682E1E07B->d5132e6f-def8-45c0-b0d2-c5ba43d86628@group-C29775A8E805, cid=1744, SUCCESS, logIndex=3056, commits[d5132e6f-def8-45c0-b0d2-c5ba43d86628:c3056]
2019-06-13 22:26:46,737 INFO  client.GrpcClientProtocolClient (GrpcClientProtocolClient.java:onNext(254)) - client-43E682E1E07B->d5132e6f-def8-45c0-b0d2-c5ba43d86628: receive RaftClientReply:client-43E682E1E07B->d5132e6f-def8-45c0-b0d2-c5ba43d86628@group-C29775A8E805, cid=1745, SUCCESS, logIndex=3058, commits[d5132e6f-def8-45c0-b0d2-c5ba43d86628:c3058]
2019-06-13 22:26:46,739 INFO  client.GrpcClientProtocolClient (GrpcClientProtocolClient.java:onNext(254)) - client-43E682E1E07B->d5132e6f-def8-45c0-b0d2-c5ba43d86628: receive RaftClientReply:client-43E682E1E07B->d5132e6f-def8-45c0-b0d2-c5ba43d86628@group-C29775A8E805, cid=1746, SUCCESS, logIndex=3060, commits[d5132e6f-def8-45c0-b0d2-c5ba43d86628:c3060]
2019-06-13 22:26:46,742 INFO  client.GrpcClientProtocolClient (GrpcClientProtocolClient.java:onNext(254)) - client-43E682E1E07B->d5132e6f-def8-45c0-b0d2-c5ba43d86628: receive RaftClientReply:client-43E682E1E07B->d5132e6f-def8-45c0-b0d2-c5ba43d86628@group-C29775A8E805, cid=1747, SUCCESS, logIndex=3062, commits[d5132e6f-def8-45c0-b0d2-c5ba43d86628:c3063]
2019-06-13 22:26:46,742 INFO  client.GrpcClientProtocolClient (GrpcClientProtocolClient.java:onNext(254)) - client-43E682E1E07B->d5132e6f-def8-45c0-b0d2-c5ba43d86628: receive RaftClientReply:client-43E682E1E07B->d5132e6f-def8-45c0-b0d2-c5ba43d86628@group-C29775A8E805, cid=1748, SUCCESS, logIndex=3063, commits[d5132e6f-def8-45c0-b0d2-c5ba43d86628:c3063]
2019-06-13 22:26:46,749 INFO  client.GrpcClientProtocolClient (GrpcClientProtocolClient.java:onNext(254)) - client-43E682E1E07B->d5132e6f-def8-45c0-b0d2-c5ba43d86628: receive RaftClientReply:client-43E682E1E07B->d5132e6f-def8-45c0-b0d2-c5ba43d86628@group-C29775A8E805, cid=1749, SUCCESS, logIndex=3065, commits[d5132e6f-def8-45c0-b0d2-c5ba43d86628:c3065]
2019-06-13 22:26:46,750 INFO  storage.RaftLogWorker (RaftLogWorker.java:rollLogSegment(303)) - d5132e6f-def8-45c0-b0d2-c5ba43d86628-RaftLogWorker: Rolling segment log-2992_3068 to index:3068
2019-06-13 22:26:46,751 INFO  storage.RaftLogWorker (RaftLogWorker.java:execute(433)) - d5132e6f-def8-45c0-b0d2-c5ba43d86628-RaftLogWorker: Rolled log segment from /opt/src/hadoop-ozone/integration-test/target/test-dir/MiniOzoneClusterImpl-e9ea07bb-4900-4b53-96c1-68f0ab556a80/datanode-0/data/ratis/c7035dd3-cd4a-42fb-880d-c29775a8e805/current/log_inprogress_2992 to /opt/src/hadoop-ozone/integration-test/target/test-dir/MiniOzoneClusterImpl-e9ea07bb-4900-4b53-96c1-68f0ab556a80/datanode-0/data/ratis/c7035dd3-cd4a-42fb-880d-c29775a8e805/current/log_2992-3068
2019-06-13 22:26:46,758 INFO  client.GrpcClientProtocolClient (GrpcClientProtocolClient.java:onNext(254)) - client-43E682E1E07B->d5132e6f-def8-45c0-b0d2-c5ba43d86628: receive RaftClientReply:client-43E682E1E07B->d5132e6f-def8-45c0-b0d2-c5ba43d86628@group-C29775A8E805, cid=1750, SUCCESS, logIndex=3067, commits[d5132e6f-def8-45c0-b0d2-c5ba43d86628:c3067]
2019-06-13 22:26:46,762 INFO  client.GrpcClientProtocolClient (GrpcClientProtocolClient.java:onNext(254)) - client-43E682E1E07B->d5132e6f-def8-45c0-b0d2-c5ba43d86628: receive RaftClientReply:client-43E682E1E07B->d5132e6f-def8-45c0-b0d2-c5ba43d86628@group-C29775A8E805, cid=1751, SUCCESS, logIndex=3068, commits[d5132e6f-def8-45c0-b0d2-c5ba43d86628:c3068]
2019-06-13 22:26:46,788 INFO  storage.RaftLogWorker (RaftLogWorker.java:execute(469)) - d5132e6f-def8-45c0-b0d2-c5ba43d86628-RaftLogWorker: created new log segment /opt/src/hadoop-ozone/integration-test/target/test-dir/MiniOzoneClusterImpl-e9ea07bb-4900-4b53-96c1-68f0ab556a80/datanode-0/data/ratis/c7035dd3-cd4a-42fb-880d-c29775a8e805/current/log_inprogress_3069
2019-06-13 22:26:46,789 INFO  client.GrpcClientProtocolClient (GrpcClientProtocolClient.java:onNext(254)) - client-43E682E1E07B->d5132e6f-def8-45c0-b0d2-c5ba43d86628: receive RaftClientReply:client-43E682E1E07B->d5132e6f-def8-45c0-b0d2-c5ba43d86628@group-C29775A8E805, cid=1752, SUCCESS, logIndex=3069, commits[d5132e6f-def8-45c0-b0d2-c5ba43d86628:c3071]
2019-06-13 22:26:46,801 INFO  client.GrpcClientProtocolClient (GrpcClientProtocolClient.java:onNext(254)) - client-43E682E1E07B->d5132e6f-def8-45c0-b0d2-c5ba43d86628: receive RaftClientReply:client-43E682E1E07B->d5132e6f-def8-45c0-b0d2-c5ba43d86628@group-C29775A8E805, cid=1753, SUCCESS, logIndex=3072, commits[d5132e6f-def8-45c0-b0d2-c5ba43d86628:c3072]
2019-06-13 22:26:46,803 INFO  client.GrpcClientProtocolClient (GrpcClientProtocolClient.java:onNext(254)) - client-43E682E1E07B->d5132e6f-def8-45c0-b0d2-c5ba43d86628: receive RaftClientReply:client-43E682E1E07B->d5132e6f-def8-45c0-b0d2-c5ba43d86628@group-C29775A8E805, cid=1754, SUCCESS, logIndex=3074, commits[d5132e6f-def8-45c0-b0d2-c5ba43d86628:c3074]
2019-06-13 22:26:46,804 INFO  client.GrpcClientProtocolClient (GrpcClientProtocolClient.java:onNext(254)) - client-43E682E1E07B->d5132e6f-def8-45c0-b0d2-c5ba43d86628: receive RaftClientReply:client-43E682E1E07B->d5132e6f-def8-45c0-b0d2-c5ba43d86628@group-C29775A8E805, cid=1755, SUCCESS, logIndex=3075, commits[d5132e6f-def8-45c0-b0d2-c5ba43d86628:c3077]
2019-06-13 22:26:46,804 INFO  client.GrpcClientProtocolClient (GrpcClientProtocolClient.java:onNext(254)) - client-43E682E1E07B->d5132e6f-def8-45c0-b0d2-c5ba43d86628: receive RaftClientReply:client-43E682E1E07B->d5132e6f-def8-45c0-b0d2-c5ba43d86628@group-C29775A8E805, cid=1756, SUCCESS, logIndex=3076, commits[d5132e6f-def8-45c0-b0d2-c5ba43d86628:c3077]
2019-06-13 22:26:46,812 INFO  client.GrpcClientProtocolClient (GrpcClientProtocolClient.java:onNext(254)) - client-43E682E1E07B->d5132e6f-def8-45c0-b0d2-c5ba43d86628: receive RaftClientReply:client-43E682E1E07B->d5132e6f-def8-45c0-b0d2-c5ba43d86628@group-C29775A8E805, cid=1757, SUCCESS, logIndex=3078, commits[d5132e6f-def8-45c0-b0d2-c5ba43d86628:c3078]
2019-06-13 22:26:46,813 INFO  client.GrpcClientProtocolClient (GrpcClientProtocolClient.java:onNext(254)) - client-43E682E1E07B->d5132e6f-def8-45c0-b0d2-c5ba43d86628: receive RaftClientReply:client-43E682E1E07B->d5132e6f-def8-45c0-b0d2-c5ba43d86628@group-C29775A8E805, cid=1758, SUCCESS, logIndex=3080, commits[d5132e6f-def8-45c0-b0d2-c5ba43d86628:c3080]
2019-06-13 22:26:46,815 INFO  client.GrpcClientProtocolClient (GrpcClientProtocolClient.java:onNext(254)) - client-43E682E1E07B->d5132e6f-def8-45c0-b0d2-c5ba43d86628: receive RaftClientReply:client-43E682E1E07B->d5132e6f-def8-45c0-b0d2-c5ba43d86628@group-C29775A8E805, cid=1759, SUCCESS, logIndex=3081, commits[d5132e6f-def8-45c0-b0d2-c5ba43d86628:c3083]
2019-06-13 22:26:46,815 INFO  client.GrpcClientProtocolClient (GrpcClientProtocolClient.java:onNext(254)) - client-43E682E1E07B->d5132e6f-def8-45c0-b0d2-c5ba43d86628: receive RaftClientReply:client-43E682E1E07B->d5132e6f-def8-45c0-b0d2-c5ba43d86628@group-C29775A8E805, cid=1760, SUCCESS, logIndex=3082, commits[d5132e6f-def8-45c0-b0d2-c5ba43d86628:c3083]
2019-06-13 22:26:46,821 DEBUG block.SCMBlockDeletingService (SCMBlockDeletingService.java:call(138)) - Running DeletedBlockTransactionScanner
2019-06-13 22:26:46,822 DEBUG block.SCMBlockDeletingService (SCMBlockDeletingService.java:call(155)) - Scanned deleted blocks log and got 0 delTX to process.
2019-06-13 22:26:46,826 INFO  client.GrpcClientProtocolClient (GrpcClientProtocolClient.java:onNext(254)) - client-43E682E1E07B->d5132e6f-def8-45c0-b0d2-c5ba43d86628: receive RaftClientReply:client-43E682E1E07B->d5132e6f-def8-45c0-b0d2-c5ba43d86628@group-C29775A8E805, cid=1761, SUCCESS, logIndex=3084, commits[d5132e6f-def8-45c0-b0d2-c5ba43d86628:c3084]
2019-06-13 22:26:46,830 INFO  client.GrpcClientProtocolClient (GrpcClientProtocolClient.java:onNext(254)) - client-43E682E1E07B->d5132e6f-def8-45c0-b0d2-c5ba43d86628: receive RaftClientReply:client-43E682E1E07B->d5132e6f-def8-45c0-b0d2-c5ba43d86628@group-C29775A8E805, cid=1762, SUCCESS, logIndex=3086, commits[d5132e6f-def8-45c0-b0d2-c5ba43d86628:c3086]
2019-06-13 22:26:46,830 INFO  client.GrpcClientProtocolClient (GrpcClientProtocolClient.java:onNext(254)) - client-43E682E1E07B->d5132e6f-def8-45c0-b0d2-c5ba43d86628: receive RaftClientReply:client-43E682E1E07B->d5132e6f-def8-45c0-b0d2-c5ba43d86628@group-C29775A8E805, cid=1763, SUCCESS, logIndex=3087, commits[d5132e6f-def8-45c0-b0d2-c5ba43d86628:c3089]
2019-06-13 22:26:46,831 INFO  client.GrpcClientProtocolClient (GrpcClientProtocolClient.java:onNext(254)) - client-43E682E1E07B->d5132e6f-def8-45c0-b0d2-c5ba43d86628: receive RaftClientReply:client-43E682E1E07B->d5132e6f-def8-45c0-b0d2-c5ba43d86628@group-C29775A8E805, cid=1764, SUCCESS, logIndex=3088, commits[d5132e6f-def8-45c0-b0d2-c5ba43d86628:c3089]
2019-06-13 22:26:46,839 INFO  client.GrpcClientProtocolClient (GrpcClientProtocolClient.java:onNext(254)) - client-43E682E1E07B->d5132e6f-def8-45c0-b0d2-c5ba43d86628: receive RaftClientReply:client-43E682E1E07B->d5132e6f-def8-45c0-b0d2-c5ba43d86628@group-C29775A8E805, cid=1765, SUCCESS, logIndex=3090, commits[d5132e6f-def8-45c0-b0d2-c5ba43d86628:c3090]
2019-06-13 22:26:46,841 INFO  client.GrpcClientProtocolClient (GrpcClientProtocolClient.java:onNext(254)) - client-43E682E1E07B->d5132e6f-def8-45c0-b0d2-c5ba43d86628: receive RaftClientReply:client-43E682E1E07B->d5132e6f-def8-45c0-b0d2-c5ba43d86628@group-C29775A8E805, cid=1766, SUCCESS, logIndex=3092, commits[d5132e6f-def8-45c0-b0d2-c5ba43d86628:c3092]
2019-06-13 22:26:46,842 INFO  client.GrpcClientProtocolClient (GrpcClientProtocolClient.java:onNext(254)) - client-43E682E1E07B->d5132e6f-def8-45c0-b0d2-c5ba43d86628: receive RaftClientReply:client-43E682E1E07B->d5132e6f-def8-45c0-b0d2-c5ba43d86628@group-C29775A8E805, cid=1767, SUCCESS, logIndex=3093, commits[d5132e6f-def8-45c0-b0d2-c5ba43d86628:c3095]
2019-06-13 22:26:46,842 INFO  client.GrpcClientProtocolClient (GrpcClientProtocolClient.java:onNext(254)) - client-43E682E1E07B->d5132e6f-def8-45c0-b0d2-c5ba43d86628: receive RaftClientReply:client-43E682E1E07B->d5132e6f-def8-45c0-b0d2-c5ba43d86628@group-C29775A8E805, cid=1768, SUCCESS, logIndex=3094, commits[d5132e6f-def8-45c0-b0d2-c5ba43d86628:c3095]
2019-06-13 22:26:47,178 DEBUG block.SCMBlockDeletingService (SCMBlockDeletingService.java:call(138)) - Running DeletedBlockTransactionScanner
2019-06-13 22:26:47,179 DEBUG block.SCMBlockDeletingService (SCMBlockDeletingService.java:call(155)) - Scanned deleted blocks log and got 0 delTX to process.
2019-06-13 22:26:47,197 INFO  client.GrpcClientProtocolClient (GrpcClientProtocolClient.java:onNext(254)) - client-43E682E1E07B->d5132e6f-def8-45c0-b0d2-c5ba43d86628: receive RaftClientReply:client-43E682E1E07B->d5132e6f-def8-45c0-b0d2-c5ba43d86628@group-C29775A8E805, cid=1769, SUCCESS, logIndex=3096, commits[d5132e6f-def8-45c0-b0d2-c5ba43d86628:c3097]
2019-06-13 22:26:47,199 INFO  client.GrpcClientProtocolClient (GrpcClientProtocolClient.java:onNext(254)) - client-43E682E1E07B->d5132e6f-def8-45c0-b0d2-c5ba43d86628: receive RaftClientReply:client-43E682E1E07B->d5132e6f-def8-45c0-b0d2-c5ba43d86628@group-C29775A8E805, cid=1770, SUCCESS, logIndex=3098, commits[d5132e6f-def8-45c0-b0d2-c5ba43d86628:c3098]
2019-06-13 22:26:47,200 INFO  client.GrpcClientProtocolClient (GrpcClientProtocolClient.java:onNext(254)) - client-43E682E1E07B->d5132e6f-def8-45c0-b0d2-c5ba43d86628: receive RaftClientReply:client-43E682E1E07B->d5132e6f-def8-45c0-b0d2-c5ba43d86628@group-C29775A8E805, cid=1771, SUCCESS, logIndex=3099, commits[d5132e6f-def8-45c0-b0d2-c5ba43d86628:c3101]
2019-06-13 22:26:47,201 INFO  client.GrpcClientProtocolClient (GrpcClientProtocolClient.java:onNext(254)) - client-43E682E1E07B->d5132e6f-def8-45c0-b0d2-c5ba43d86628: receive RaftClientReply:client-43E682E1E07B->d5132e6f-def8-45c0-b0d2-c5ba43d86628@group-C29775A8E805, cid=1772, SUCCESS, logIndex=3101, commits[d5132e6f-def8-45c0-b0d2-c5ba43d86628:c3101]
2019-06-13 22:26:47,207 INFO  client.GrpcClientProtocolClient (GrpcClientProtocolClient.java:onNext(254)) - client-43E682E1E07B->d5132e6f-def8-45c0-b0d2-c5ba43d86628: receive RaftClientReply:client-43E682E1E07B->d5132e6f-def8-45c0-b0d2-c5ba43d86628@group-C29775A8E805, cid=1773, SUCCESS, logIndex=3103, commits[d5132e6f-def8-45c0-b0d2-c5ba43d86628:c3103]
2019-06-13 22:26:47,208 INFO  client.GrpcClientProtocolClient (GrpcClientProtocolClient.java:onNext(254)) - client-43E682E1E07B->d5132e6f-def8-45c0-b0d2-c5ba43d86628: receive RaftClientReply:client-43E682E1E07B->d5132e6f-def8-45c0-b0d2-c5ba43d86628@group-C29775A8E805, cid=1774, SUCCESS, logIndex=3105, commits[d5132e6f-def8-45c0-b0d2-c5ba43d86628:c3105]
2019-06-13 22:26:47,211 INFO  client.GrpcClientProtocolClient (GrpcClientProtocolClient.java:onNext(254)) - client-43E682E1E07B->d5132e6f-def8-45c0-b0d2-c5ba43d86628: receive RaftClientReply:client-43E682E1E07B->d5132e6f-def8-45c0-b0d2-c5ba43d86628@group-C29775A8E805, cid=1775, SUCCESS, logIndex=3106, commits[d5132e6f-def8-45c0-b0d2-c5ba43d86628:c3108]
2019-06-13 22:26:47,212 INFO  client.GrpcClientProtocolClient (GrpcClientProtocolClient.java:onNext(254)) - client-43E682E1E07B->d5132e6f-def8-45c0-b0d2-c5ba43d86628: receive RaftClientReply:client-43E682E1E07B->d5132e6f-def8-45c0-b0d2-c5ba43d86628@group-C29775A8E805, cid=1776, SUCCESS, logIndex=3107, commits[d5132e6f-def8-45c0-b0d2-c5ba43d86628:c3108]
2019-06-13 22:26:47,221 INFO  client.GrpcClientProtocolClient (GrpcClientProtocolClient.java:onNext(254)) - client-43E682E1E07B->d5132e6f-def8-45c0-b0d2-c5ba43d86628: receive RaftClientReply:client-43E682E1E07B->d5132e6f-def8-45c0-b0d2-c5ba43d86628@group-C29775A8E805, cid=1777, SUCCESS, logIndex=3109, commits[d5132e6f-def8-45c0-b0d2-c5ba43d86628:c3109]
2019-06-13 22:26:47,226 INFO  client.GrpcClientProtocolClient (GrpcClientProtocolClient.java:onNext(254)) - client-43E682E1E07B->d5132e6f-def8-45c0-b0d2-c5ba43d86628: receive RaftClientReply:client-43E682E1E07B->d5132e6f-def8-45c0-b0d2-c5ba43d86628@group-C29775A8E805, cid=1778, SUCCESS, logIndex=3111, commits[d5132e6f-def8-45c0-b0d2-c5ba43d86628:c3115]
2019-06-13 22:26:47,227 INFO  client.GrpcClientProtocolClient (GrpcClientProtocolClient.java:onNext(254)) - client-43E682E1E07B->d5132e6f-def8-45c0-b0d2-c5ba43d86628: receive RaftClientReply:client-43E682E1E07B->d5132e6f-def8-45c0-b0d2-c5ba43d86628@group-C29775A8E805, cid=1779, SUCCESS, logIndex=3112, commits[d5132e6f-def8-45c0-b0d2-c5ba43d86628:c3115]
2019-06-13 22:26:47,227 INFO  client.GrpcClientProtocolClient (GrpcClientProtocolClient.java:onNext(254)) - client-43E682E1E07B->d5132e6f-def8-45c0-b0d2-c5ba43d86628: receive RaftClientReply:client-43E682E1E07B->d5132e6f-def8-45c0-b0d2-c5ba43d86628@group-C29775A8E805, cid=1780, SUCCESS, logIndex=3113, commits[d5132e6f-def8-45c0-b0d2-c5ba43d86628:c3115]
2019-06-13 22:26:47,233 INFO  client.GrpcClientProtocolClient (GrpcClientProtocolClient.java:onNext(254)) - client-43E682E1E07B->d5132e6f-def8-45c0-b0d2-c5ba43d86628: receive RaftClientReply:client-43E682E1E07B->d5132e6f-def8-45c0-b0d2-c5ba43d86628@group-C29775A8E805, cid=1781, SUCCESS, logIndex=3116, commits[d5132e6f-def8-45c0-b0d2-c5ba43d86628:c3116]
2019-06-13 22:26:47,234 INFO  client.GrpcClientProtocolClient (GrpcClientProtocolClient.java:onNext(254)) - client-43E682E1E07B->d5132e6f-def8-45c0-b0d2-c5ba43d86628: receive RaftClientReply:client-43E682E1E07B->d5132e6f-def8-45c0-b0d2-c5ba43d86628@group-C29775A8E805, cid=1782, SUCCESS, logIndex=3118, commits[d5132e6f-def8-45c0-b0d2-c5ba43d86628:c3118]
2019-06-13 22:26:47,235 INFO  client.GrpcClientProtocolClient (GrpcClientProtocolClient.java:onNext(254)) - client-43E682E1E07B->d5132e6f-def8-45c0-b0d2-c5ba43d86628: receive RaftClientReply:client-43E682E1E07B->d5132e6f-def8-45c0-b0d2-c5ba43d86628@group-C29775A8E805, cid=1783, SUCCESS, logIndex=3119, commits[d5132e6f-def8-45c0-b0d2-c5ba43d86628:c3121]
2019-06-13 22:26:47,236 INFO  client.GrpcClientProtocolClient (GrpcClientProtocolClient.java:onNext(254)) - client-43E682E1E07B->d5132e6f-def8-45c0-b0d2-c5ba43d86628: receive RaftClientReply:client-43E682E1E07B->d5132e6f-def8-45c0-b0d2-c5ba43d86628@group-C29775A8E805, cid=1784, SUCCESS, logIndex=3120, commits[d5132e6f-def8-45c0-b0d2-c5ba43d86628:c3121]
2019-06-13 22:26:47,246 INFO  client.GrpcClientProtocolClient (GrpcClientProtocolClient.java:onNext(254)) - client-43E682E1E07B->d5132e6f-def8-45c0-b0d2-c5ba43d86628: receive RaftClientReply:client-43E682E1E07B->d5132e6f-def8-45c0-b0d2-c5ba43d86628@group-C29775A8E805, cid=1785, SUCCESS, logIndex=3122, commits[d5132e6f-def8-45c0-b0d2-c5ba43d86628:c3122]
2019-06-13 22:26:47,248 INFO  client.GrpcClientProtocolClient (GrpcClientProtocolClient.java:onNext(254)) - client-43E682E1E07B->d5132e6f-def8-45c0-b0d2-c5ba43d86628: receive RaftClientReply:client-43E682E1E07B->d5132e6f-def8-45c0-b0d2-c5ba43d86628@group-C29775A8E805, cid=1786, SUCCESS, logIndex=3124, commits[d5132e6f-def8-45c0-b0d2-c5ba43d86628:c3124]
2019-06-13 22:26:47,251 INFO  client.GrpcClientProtocolClient (GrpcClientProtocolClient.java:onNext(254)) - client-43E682E1E07B->d5132e6f-def8-45c0-b0d2-c5ba43d86628: receive RaftClientReply:client-43E682E1E07B->d5132e6f-def8-45c0-b0d2-c5ba43d86628@group-C29775A8E805, cid=1787, SUCCESS, logIndex=3125, commits[d5132e6f-def8-45c0-b0d2-c5ba43d86628:c3127]
2019-06-13 22:26:47,251 INFO  client.GrpcClientProtocolClient (GrpcClientProtocolClient.java:onNext(254)) - client-43E682E1E07B->d5132e6f-def8-45c0-b0d2-c5ba43d86628: receive RaftClientReply:client-43E682E1E07B->d5132e6f-def8-45c0-b0d2-c5ba43d86628@group-C29775A8E805, cid=1788, SUCCESS, logIndex=3126, commits[d5132e6f-def8-45c0-b0d2-c5ba43d86628:c3127]
2019-06-13 22:26:47,258 INFO  client.GrpcClientProtocolClient (GrpcClientProtocolClient.java:onNext(254)) - client-43E682E1E07B->d5132e6f-def8-45c0-b0d2-c5ba43d86628: receive RaftClientReply:client-43E682E1E07B->d5132e6f-def8-45c0-b0d2-c5ba43d86628@group-C29775A8E805, cid=1789, SUCCESS, logIndex=3128, commits[d5132e6f-def8-45c0-b0d2-c5ba43d86628:c3128]
2019-06-13 22:26:47,267 INFO  client.GrpcClientProtocolClient (GrpcClientProtocolClient.java:onNext(254)) - client-43E682E1E07B->d5132e6f-def8-45c0-b0d2-c5ba43d86628: receive RaftClientReply:client-43E682E1E07B->d5132e6f-def8-45c0-b0d2-c5ba43d86628@group-C29775A8E805, cid=1790, SUCCESS, logIndex=3130, commits[d5132e6f-def8-45c0-b0d2-c5ba43d86628:c3130]
2019-06-13 22:26:47,268 INFO  client.GrpcClientProtocolClient (GrpcClientProtocolClient.java:onNext(254)) - client-43E682E1E07B->d5132e6f-def8-45c0-b0d2-c5ba43d86628: receive RaftClientReply:client-43E682E1E07B->d5132e6f-def8-45c0-b0d2-c5ba43d86628@group-C29775A8E805, cid=1791, SUCCESS, logIndex=3131, commits[d5132e6f-def8-45c0-b0d2-c5ba43d86628:c3134]
2019-06-13 22:26:47,271 INFO  client.GrpcClientProtocolClient (GrpcClientProtocolClient.java:onNext(254)) - client-43E682E1E07B->d5132e6f-def8-45c0-b0d2-c5ba43d86628: receive RaftClientReply:client-43E682E1E07B->d5132e6f-def8-45c0-b0d2-c5ba43d86628@group-C29775A8E805, cid=1792, SUCCESS, logIndex=3133, commits[d5132e6f-def8-45c0-b0d2-c5ba43d86628:c3135]
2019-06-13 22:26:47,279 DEBUG block.SCMBlockDeletingService (SCMBlockDeletingService.java:call(138)) - Running DeletedBlockTransactionScanner
2019-06-13 22:26:47,279 DEBUG block.SCMBlockDeletingService (SCMBlockDeletingService.java:call(155)) - Scanned deleted blocks log and got 0 delTX to process.
2019-06-13 22:26:47,284 INFO  client.GrpcClientProtocolClient (GrpcClientProtocolClient.java:onNext(254)) - client-43E682E1E07B->d5132e6f-def8-45c0-b0d2-c5ba43d86628: receive RaftClientReply:client-43E682E1E07B->d5132e6f-def8-45c0-b0d2-c5ba43d86628@group-C29775A8E805, cid=1793, SUCCESS, logIndex=3136, commits[d5132e6f-def8-45c0-b0d2-c5ba43d86628:c3136]
2019-06-13 22:26:47,284 INFO  storage.RaftLogWorker (RaftLogWorker.java:rollLogSegment(303)) - d5132e6f-def8-45c0-b0d2-c5ba43d86628-RaftLogWorker: Rolling segment log-3069_3138 to index:3138
2019-06-13 22:26:47,285 INFO  storage.RaftLogWorker (RaftLogWorker.java:execute(433)) - d5132e6f-def8-45c0-b0d2-c5ba43d86628-RaftLogWorker: Rolled log segment from /opt/src/hadoop-ozone/integration-test/target/test-dir/MiniOzoneClusterImpl-e9ea07bb-4900-4b53-96c1-68f0ab556a80/datanode-0/data/ratis/c7035dd3-cd4a-42fb-880d-c29775a8e805/current/log_inprogress_3069 to /opt/src/hadoop-ozone/integration-test/target/test-dir/MiniOzoneClusterImpl-e9ea07bb-4900-4b53-96c1-68f0ab556a80/datanode-0/data/ratis/c7035dd3-cd4a-42fb-880d-c29775a8e805/current/log_3069-3138
2019-06-13 22:26:47,292 INFO  client.GrpcClientProtocolClient (GrpcClientProtocolClient.java:onNext(254)) - client-43E682E1E07B->d5132e6f-def8-45c0-b0d2-c5ba43d86628: receive RaftClientReply:client-43E682E1E07B->d5132e6f-def8-45c0-b0d2-c5ba43d86628@group-C29775A8E805, cid=1794, SUCCESS, logIndex=3138, commits[d5132e6f-def8-45c0-b0d2-c5ba43d86628:c3138]
2019-06-13 22:26:47,325 INFO  storage.RaftLogWorker (RaftLogWorker.java:execute(469)) - d5132e6f-def8-45c0-b0d2-c5ba43d86628-RaftLogWorker: created new log segment /opt/src/hadoop-ozone/integration-test/target/test-dir/MiniOzoneClusterImpl-e9ea07bb-4900-4b53-96c1-68f0ab556a80/datanode-0/data/ratis/c7035dd3-cd4a-42fb-880d-c29775a8e805/current/log_inprogress_3139
2019-06-13 22:26:47,333 INFO  client.GrpcClientProtocolClient (GrpcClientProtocolClient.java:onNext(254)) - client-43E682E1E07B->d5132e6f-def8-45c0-b0d2-c5ba43d86628: receive RaftClientReply:client-43E682E1E07B->d5132e6f-def8-45c0-b0d2-c5ba43d86628@group-C29775A8E805, cid=1795, SUCCESS, logIndex=3139, commits[d5132e6f-def8-45c0-b0d2-c5ba43d86628:c3140]
2019-06-13 22:26:47,334 INFO  client.GrpcClientProtocolClient (GrpcClientProtocolClient.java:onNext(254)) - client-43E682E1E07B->d5132e6f-def8-45c0-b0d2-c5ba43d86628: receive RaftClientReply:client-43E682E1E07B->d5132e6f-def8-45c0-b0d2-c5ba43d86628@group-C29775A8E805, cid=1796, SUCCESS, logIndex=3141, commits[d5132e6f-def8-45c0-b0d2-c5ba43d86628:c3141]
2019-06-13 22:26:47,341 INFO  client.GrpcClientProtocolClient (GrpcClientProtocolClient.java:onNext(254)) - client-43E682E1E07B->d5132e6f-def8-45c0-b0d2-c5ba43d86628: receive RaftClientReply:client-43E682E1E07B->d5132e6f-def8-45c0-b0d2-c5ba43d86628@group-C29775A8E805, cid=1797, SUCCESS, logIndex=3143, commits[d5132e6f-def8-45c0-b0d2-c5ba43d86628:c3143]
2019-06-13 22:26:47,343 INFO  client.GrpcClientProtocolClient (GrpcClientProtocolClient.java:onNext(254)) - client-43E682E1E07B->d5132e6f-def8-45c0-b0d2-c5ba43d86628: receive RaftClientReply:client-43E682E1E07B->d5132e6f-def8-45c0-b0d2-c5ba43d86628@group-C29775A8E805, cid=1798, SUCCESS, logIndex=3145, commits[d5132e6f-def8-45c0-b0d2-c5ba43d86628:c3145]
2019-06-13 22:26:47,344 INFO  client.GrpcClientProtocolClient (GrpcClientProtocolClient.java:onNext(254)) - client-43E682E1E07B->d5132e6f-def8-45c0-b0d2-c5ba43d86628: receive RaftClientReply:client-43E682E1E07B->d5132e6f-def8-45c0-b0d2-c5ba43d86628@group-C29775A8E805, cid=1799, SUCCESS, logIndex=3146, commits[d5132e6f-def8-45c0-b0d2-c5ba43d86628:c3147]
2019-06-13 22:26:47,345 INFO  client.GrpcClientProtocolClient (GrpcClientProtocolClient.java:onNext(254)) - client-43E682E1E07B->d5132e6f-def8-45c0-b0d2-c5ba43d86628: receive RaftClientReply:client-43E682E1E07B->d5132e6f-def8-45c0-b0d2-c5ba43d86628@group-C29775A8E805, cid=1800, SUCCESS, logIndex=3148, commits[d5132e6f-def8-45c0-b0d2-c5ba43d86628:c3148]
2019-06-13 22:26:47,363 INFO  client.GrpcClientProtocolClient (GrpcClientProtocolClient.java:onNext(254)) - client-43E682E1E07B->d5132e6f-def8-45c0-b0d2-c5ba43d86628: receive RaftClientReply:client-43E682E1E07B->d5132e6f-def8-45c0-b0d2-c5ba43d86628@group-C29775A8E805, cid=1801, SUCCESS, logIndex=3150, commits[d5132e6f-def8-45c0-b0d2-c5ba43d86628:c3150]
2019-06-13 22:26:47,364 INFO  client.GrpcClientProtocolClient (GrpcClientProtocolClient.java:onNext(254)) - client-43E682E1E07B->d5132e6f-def8-45c0-b0d2-c5ba43d86628: receive RaftClientReply:client-43E682E1E07B->d5132e6f-def8-45c0-b0d2-c5ba43d86628@group-C29775A8E805, cid=1802, SUCCESS, logIndex=3152, commits[d5132e6f-def8-45c0-b0d2-c5ba43d86628:c3152]
2019-06-13 22:26:47,367 INFO  client.GrpcClientProtocolClient (GrpcClientProtocolClient.java:onNext(254)) - client-43E682E1E07B->d5132e6f-def8-45c0-b0d2-c5ba43d86628: receive RaftClientReply:client-43E682E1E07B->d5132e6f-def8-45c0-b0d2-c5ba43d86628@group-C29775A8E805, cid=1803, SUCCESS, logIndex=3154, commits[d5132e6f-def8-45c0-b0d2-c5ba43d86628:c3154]
2019-06-13 22:26:47,373 INFO  client.GrpcClientProtocolClient (GrpcClientProtocolClient.java:onNext(254)) - client-43E682E1E07B->d5132e6f-def8-45c0-b0d2-c5ba43d86628: receive RaftClientReply:client-43E682E1E07B->d5132e6f-def8-45c0-b0d2-c5ba43d86628@group-C29775A8E805, cid=1804, SUCCESS, logIndex=3155, commits[d5132e6f-def8-45c0-b0d2-c5ba43d86628:c3155]
2019-06-13 22:26:47,381 DEBUG block.SCMBlockDeletingService (SCMBlockDeletingService.java:call(138)) - Running DeletedBlockTransactionScanner
2019-06-13 22:26:47,381 DEBUG block.SCMBlockDeletingService (SCMBlockDeletingService.java:call(155)) - Scanned deleted blocks log and got 0 delTX to process.
2019-06-13 22:26:47,382 INFO  client.GrpcClientProtocolClient (GrpcClientProtocolClient.java:onNext(254)) - client-43E682E1E07B->d5132e6f-def8-45c0-b0d2-c5ba43d86628: receive RaftClientReply:client-43E682E1E07B->d5132e6f-def8-45c0-b0d2-c5ba43d86628@group-C29775A8E805, cid=1805, SUCCESS, logIndex=3158, commits[d5132e6f-def8-45c0-b0d2-c5ba43d86628:c3158]
2019-06-13 22:26:47,384 INFO  client.GrpcClientProtocolClient (GrpcClientProtocolClient.java:onNext(254)) - client-43E682E1E07B->d5132e6f-def8-45c0-b0d2-c5ba43d86628: receive RaftClientReply:client-43E682E1E07B->d5132e6f-def8-45c0-b0d2-c5ba43d86628@group-C29775A8E805, cid=1806, SUCCESS, logIndex=3160, commits[d5132e6f-def8-45c0-b0d2-c5ba43d86628:c3160]
2019-06-13 22:26:47,384 INFO  client.GrpcClientProtocolClient (GrpcClientProtocolClient.java:onNext(254)) - client-43E682E1E07B->d5132e6f-def8-45c0-b0d2-c5ba43d86628: receive RaftClientReply:client-43E682E1E07B->d5132e6f-def8-45c0-b0d2-c5ba43d86628@group-C29775A8E805, cid=1807, SUCCESS, logIndex=3161, commits[d5132e6f-def8-45c0-b0d2-c5ba43d86628:c3161]
2019-06-13 22:26:47,385 INFO  client.GrpcClientProtocolClient (GrpcClientProtocolClient.java:onNext(254)) - client-43E682E1E07B->d5132e6f-def8-45c0-b0d2-c5ba43d86628: receive RaftClientReply:client-43E682E1E07B->d5132e6f-def8-45c0-b0d2-c5ba43d86628@group-C29775A8E805, cid=1808, SUCCESS, logIndex=3163, commits[d5132e6f-def8-45c0-b0d2-c5ba43d86628:c3163]
2019-06-13 22:26:47,403 INFO  client.GrpcClientProtocolClient (GrpcClientProtocolClient.java:onNext(254)) - client-43E682E1E07B->d5132e6f-def8-45c0-b0d2-c5ba43d86628: receive RaftClientReply:client-43E682E1E07B->d5132e6f-def8-45c0-b0d2-c5ba43d86628@group-C29775A8E805, cid=1809, SUCCESS, logIndex=3166, commits[d5132e6f-def8-45c0-b0d2-c5ba43d86628:c3166]
2019-06-13 22:26:47,405 INFO  client.GrpcClientProtocolClient (GrpcClientProtocolClient.java:onNext(254)) - client-43E682E1E07B->d5132e6f-def8-45c0-b0d2-c5ba43d86628: receive RaftClientReply:client-43E682E1E07B->d5132e6f-def8-45c0-b0d2-c5ba43d86628@group-C29775A8E805, cid=1810, SUCCESS, logIndex=3168, commits[d5132e6f-def8-45c0-b0d2-c5ba43d86628:c3168]
2019-06-13 22:26:47,406 INFO  client.GrpcClientProtocolClient (GrpcClientProtocolClient.java:onNext(254)) - client-43E682E1E07B->d5132e6f-def8-45c0-b0d2-c5ba43d86628: receive RaftClientReply:client-43E682E1E07B->d5132e6f-def8-45c0-b0d2-c5ba43d86628@group-C29775A8E805, cid=1811, SUCCESS, logIndex=3169, commits[d5132e6f-def8-45c0-b0d2-c5ba43d86628:c3171]
2019-06-13 22:26:47,410 INFO  client.GrpcClientProtocolClient (GrpcClientProtocolClient.java:onNext(254)) - client-43E682E1E07B->d5132e6f-def8-45c0-b0d2-c5ba43d86628: receive RaftClientReply:client-43E682E1E07B->d5132e6f-def8-45c0-b0d2-c5ba43d86628@group-C29775A8E805, cid=1812, SUCCESS, logIndex=3170, commits[d5132e6f-def8-45c0-b0d2-c5ba43d86628:c3171]
2019-06-13 22:26:47,481 DEBUG block.SCMBlockDeletingService (SCMBlockDeletingService.java:call(138)) - Running DeletedBlockTransactionScanner
2019-06-13 22:26:47,481 DEBUG block.SCMBlockDeletingService (SCMBlockDeletingService.java:call(155)) - Scanned deleted blocks log and got 0 delTX to process.
2019-06-13 22:26:47,486 INFO  client.GrpcClientProtocolClient (GrpcClientProtocolClient.java:onNext(254)) - client-43E682E1E07B->d5132e6f-def8-45c0-b0d2-c5ba43d86628: receive RaftClientReply:client-43E682E1E07B->d5132e6f-def8-45c0-b0d2-c5ba43d86628@group-C29775A8E805, cid=1813, SUCCESS, logIndex=3172, commits[d5132e6f-def8-45c0-b0d2-c5ba43d86628:c3172]
2019-06-13 22:26:47,488 INFO  client.GrpcClientProtocolClient (GrpcClientProtocolClient.java:onNext(254)) - client-43E682E1E07B->d5132e6f-def8-45c0-b0d2-c5ba43d86628: receive RaftClientReply:client-43E682E1E07B->d5132e6f-def8-45c0-b0d2-c5ba43d86628@group-C29775A8E805, cid=1814, SUCCESS, logIndex=3174, commits[d5132e6f-def8-45c0-b0d2-c5ba43d86628:c3174]
2019-06-13 22:26:47,489 INFO  client.GrpcClientProtocolClient (GrpcClientProtocolClient.java:onNext(254)) - client-43E682E1E07B->d5132e6f-def8-45c0-b0d2-c5ba43d86628: receive RaftClientReply:client-43E682E1E07B->d5132e6f-def8-45c0-b0d2-c5ba43d86628@group-C29775A8E805, cid=1815, SUCCESS, logIndex=3175, commits[d5132e6f-def8-45c0-b0d2-c5ba43d86628:c3177]
2019-06-13 22:26:47,490 INFO  client.GrpcClientProtocolClient (GrpcClientProtocolClient.java:onNext(254)) - client-43E682E1E07B->d5132e6f-def8-45c0-b0d2-c5ba43d86628: receive RaftClientReply:client-43E682E1E07B->d5132e6f-def8-45c0-b0d2-c5ba43d86628@group-C29775A8E805, cid=1816, SUCCESS, logIndex=3176, commits[d5132e6f-def8-45c0-b0d2-c5ba43d86628:c3177]
2019-06-13 22:26:47,507 INFO  client.GrpcClientProtocolClient (GrpcClientProtocolClient.java:onNext(254)) - client-43E682E1E07B->d5132e6f-def8-45c0-b0d2-c5ba43d86628: receive RaftClientReply:client-43E682E1E07B->d5132e6f-def8-45c0-b0d2-c5ba43d86628@group-C29775A8E805, cid=1817, SUCCESS, logIndex=3178, commits[d5132e6f-def8-45c0-b0d2-c5ba43d86628:c3178]
2019-06-13 22:26:47,510 INFO  client.GrpcClientProtocolClient (GrpcClientProtocolClient.java:onNext(254)) - client-43E682E1E07B->d5132e6f-def8-45c0-b0d2-c5ba43d86628: receive RaftClientReply:client-43E682E1E07B->d5132e6f-def8-45c0-b0d2-c5ba43d86628@group-C29775A8E805, cid=1818, SUCCESS, logIndex=3180, commits[d5132e6f-def8-45c0-b0d2-c5ba43d86628:c3180]
2019-06-13 22:26:47,511 INFO  client.GrpcClientProtocolClient (GrpcClientProtocolClient.java:onNext(254)) - client-43E682E1E07B->d5132e6f-def8-45c0-b0d2-c5ba43d86628: receive RaftClientReply:client-43E682E1E07B->d5132e6f-def8-45c0-b0d2-c5ba43d86628@group-C29775A8E805, cid=1819, SUCCESS, logIndex=3181, commits[d5132e6f-def8-45c0-b0d2-c5ba43d86628:c3181]
2019-06-13 22:26:47,511 INFO  client.GrpcClientProtocolClient (GrpcClientProtocolClient.java:onNext(254)) - client-43E682E1E07B->d5132e6f-def8-45c0-b0d2-c5ba43d86628: receive RaftClientReply:client-43E682E1E07B->d5132e6f-def8-45c0-b0d2-c5ba43d86628@group-C29775A8E805, cid=1820, SUCCESS, logIndex=3183, commits[d5132e6f-def8-45c0-b0d2-c5ba43d86628:c3183]
2019-06-13 22:26:47,519 INFO  client.GrpcClientProtocolClient (GrpcClientProtocolClient.java:onNext(254)) - client-43E682E1E07B->d5132e6f-def8-45c0-b0d2-c5ba43d86628: receive RaftClientReply:client-43E682E1E07B->d5132e6f-def8-45c0-b0d2-c5ba43d86628@group-C29775A8E805, cid=1821, SUCCESS, logIndex=3186, commits[d5132e6f-def8-45c0-b0d2-c5ba43d86628:c3186]
2019-06-13 22:26:47,526 INFO  client.GrpcClientProtocolClient (GrpcClientProtocolClient.java:onNext(254)) - client-43E682E1E07B->d5132e6f-def8-45c0-b0d2-c5ba43d86628: receive RaftClientReply:client-43E682E1E07B->d5132e6f-def8-45c0-b0d2-c5ba43d86628@group-C29775A8E805, cid=1822, SUCCESS, logIndex=3188, commits[d5132e6f-def8-45c0-b0d2-c5ba43d86628:c3188]
2019-06-13 22:26:47,527 INFO  client.GrpcClientProtocolClient (GrpcClientProtocolClient.java:onNext(254)) - client-43E682E1E07B->d5132e6f-def8-45c0-b0d2-c5ba43d86628: receive RaftClientReply:client-43E682E1E07B->d5132e6f-def8-45c0-b0d2-c5ba43d86628@group-C29775A8E805, cid=1823, SUCCESS, logIndex=3189, commits[d5132e6f-def8-45c0-b0d2-c5ba43d86628:c3191]
2019-06-13 22:26:47,527 INFO  client.GrpcClientProtocolClient (GrpcClientProtocolClient.java:onNext(254)) - client-43E682E1E07B->d5132e6f-def8-45c0-b0d2-c5ba43d86628: receive RaftClientReply:client-43E682E1E07B->d5132e6f-def8-45c0-b0d2-c5ba43d86628@group-C29775A8E805, cid=1824, SUCCESS, logIndex=3190, commits[d5132e6f-def8-45c0-b0d2-c5ba43d86628:c3191]
2019-06-13 22:26:47,544 INFO  client.GrpcClientProtocolClient (GrpcClientProtocolClient.java:onNext(254)) - client-43E682E1E07B->d5132e6f-def8-45c0-b0d2-c5ba43d86628: receive RaftClientReply:client-43E682E1E07B->d5132e6f-def8-45c0-b0d2-c5ba43d86628@group-C29775A8E805, cid=1825, SUCCESS, logIndex=3192, commits[d5132e6f-def8-45c0-b0d2-c5ba43d86628:c3193]
2019-06-13 22:26:47,550 INFO  client.GrpcClientProtocolClient (GrpcClientProtocolClient.java:onNext(254)) - client-43E682E1E07B->d5132e6f-def8-45c0-b0d2-c5ba43d86628: receive RaftClientReply:client-43E682E1E07B->d5132e6f-def8-45c0-b0d2-c5ba43d86628@group-C29775A8E805, cid=1826, SUCCESS, logIndex=3194, commits[d5132e6f-def8-45c0-b0d2-c5ba43d86628:c3194]
2019-06-13 22:26:47,554 INFO  client.GrpcClientProtocolClient (GrpcClientProtocolClient.java:onNext(254)) - client-43E682E1E07B->d5132e6f-def8-45c0-b0d2-c5ba43d86628: receive RaftClientReply:client-43E682E1E07B->d5132e6f-def8-45c0-b0d2-c5ba43d86628@group-C29775A8E805, cid=1827, SUCCESS, logIndex=3195, commits[d5132e6f-def8-45c0-b0d2-c5ba43d86628:c3197]
2019-06-13 22:26:47,559 INFO  client.GrpcClientProtocolClient (GrpcClientProtocolClient.java:onNext(254)) - client-43E682E1E07B->d5132e6f-def8-45c0-b0d2-c5ba43d86628: receive RaftClientReply:client-43E682E1E07B->d5132e6f-def8-45c0-b0d2-c5ba43d86628@group-C29775A8E805, cid=1828, SUCCESS, logIndex=3196, commits[d5132e6f-def8-45c0-b0d2-c5ba43d86628:c3197]
2019-06-13 22:26:47,569 INFO  client.GrpcClientProtocolClient (GrpcClientProtocolClient.java:onNext(254)) - client-43E682E1E07B->d5132e6f-def8-45c0-b0d2-c5ba43d86628: receive RaftClientReply:client-43E682E1E07B->d5132e6f-def8-45c0-b0d2-c5ba43d86628@group-C29775A8E805, cid=1829, SUCCESS, logIndex=3198, commits[d5132e6f-def8-45c0-b0d2-c5ba43d86628:c3198]
2019-06-13 22:26:47,582 INFO  client.GrpcClientProtocolClient (GrpcClientProtocolClient.java:onNext(254)) - client-43E682E1E07B->d5132e6f-def8-45c0-b0d2-c5ba43d86628: receive RaftClientReply:client-43E682E1E07B->d5132e6f-def8-45c0-b0d2-c5ba43d86628@group-C29775A8E805, cid=1830, SUCCESS, logIndex=3200, commits[d5132e6f-def8-45c0-b0d2-c5ba43d86628:c3200]
2019-06-13 22:26:47,582 INFO  client.GrpcClientProtocolClient (GrpcClientProtocolClient.java:onNext(254)) - client-43E682E1E07B->d5132e6f-def8-45c0-b0d2-c5ba43d86628: receive RaftClientReply:client-43E682E1E07B->d5132e6f-def8-45c0-b0d2-c5ba43d86628@group-C29775A8E805, cid=1831, SUCCESS, logIndex=3201, commits[d5132e6f-def8-45c0-b0d2-c5ba43d86628:c3202]
2019-06-13 22:26:47,583 DEBUG block.SCMBlockDeletingService (SCMBlockDeletingService.java:call(138)) - Running DeletedBlockTransactionScanner
2019-06-13 22:26:47,584 DEBUG block.SCMBlockDeletingService (SCMBlockDeletingService.java:call(155)) - Scanned deleted blocks log and got 0 delTX to process.
2019-06-13 22:26:47,585 INFO  client.GrpcClientProtocolClient (GrpcClientProtocolClient.java:onNext(254)) - client-43E682E1E07B->d5132e6f-def8-45c0-b0d2-c5ba43d86628: receive RaftClientReply:client-43E682E1E07B->d5132e6f-def8-45c0-b0d2-c5ba43d86628@group-C29775A8E805, cid=1832, SUCCESS, logIndex=3203, commits[d5132e6f-def8-45c0-b0d2-c5ba43d86628:c3203]
2019-06-13 22:26:47,598 INFO  client.GrpcClientProtocolClient (GrpcClientProtocolClient.java:onNext(254)) - client-43E682E1E07B->d5132e6f-def8-45c0-b0d2-c5ba43d86628: receive RaftClientReply:client-43E682E1E07B->d5132e6f-def8-45c0-b0d2-c5ba43d86628@group-C29775A8E805, cid=1833, SUCCESS, logIndex=3205, commits[d5132e6f-def8-45c0-b0d2-c5ba43d86628:c3205]
2019-06-13 22:26:47,601 INFO  client.GrpcClientProtocolClient (GrpcClientProtocolClient.java:onNext(254)) - client-43E682E1E07B->d5132e6f-def8-45c0-b0d2-c5ba43d86628: receive RaftClientReply:client-43E682E1E07B->d5132e6f-def8-45c0-b0d2-c5ba43d86628@group-C29775A8E805, cid=1834, SUCCESS, logIndex=3207, commits[d5132e6f-def8-45c0-b0d2-c5ba43d86628:c3207]
2019-06-13 22:26:47,614 INFO  client.GrpcClientProtocolClient (GrpcClientProtocolClient.java:onNext(254)) - client-43E682E1E07B->d5132e6f-def8-45c0-b0d2-c5ba43d86628: receive RaftClientReply:client-43E682E1E07B->d5132e6f-def8-45c0-b0d2-c5ba43d86628@group-C29775A8E805, cid=1835, SUCCESS, logIndex=3209, commits[d5132e6f-def8-45c0-b0d2-c5ba43d86628:c3210]
2019-06-13 22:26:47,618 INFO  client.GrpcClientProtocolClient (GrpcClientProtocolClient.java:onNext(254)) - client-43E682E1E07B->d5132e6f-def8-45c0-b0d2-c5ba43d86628: receive RaftClientReply:client-43E682E1E07B->d5132e6f-def8-45c0-b0d2-c5ba43d86628@group-C29775A8E805, cid=1836, SUCCESS, logIndex=3211, commits[d5132e6f-def8-45c0-b0d2-c5ba43d86628:c3212]
2019-06-13 22:26:47,642 INFO  client.GrpcClientProtocolClient (GrpcClientProtocolClient.java:onNext(254)) - client-43E682E1E07B->d5132e6f-def8-45c0-b0d2-c5ba43d86628: receive RaftClientReply:client-43E682E1E07B->d5132e6f-def8-45c0-b0d2-c5ba43d86628@group-C29775A8E805, cid=1837, SUCCESS, logIndex=3213, commits[d5132e6f-def8-45c0-b0d2-c5ba43d86628:c3214]
2019-06-13 22:26:47,642 INFO  storage.RaftLogWorker (RaftLogWorker.java:rollLogSegment(303)) - d5132e6f-def8-45c0-b0d2-c5ba43d86628-RaftLogWorker: Rolling segment log-3139_3214 to index:3214
2019-06-13 22:26:47,643 INFO  storage.RaftLogWorker (RaftLogWorker.java:execute(433)) - d5132e6f-def8-45c0-b0d2-c5ba43d86628-RaftLogWorker: Rolled log segment from /opt/src/hadoop-ozone/integration-test/target/test-dir/MiniOzoneClusterImpl-e9ea07bb-4900-4b53-96c1-68f0ab556a80/datanode-0/data/ratis/c7035dd3-cd4a-42fb-880d-c29775a8e805/current/log_inprogress_3139 to /opt/src/hadoop-ozone/integration-test/target/test-dir/MiniOzoneClusterImpl-e9ea07bb-4900-4b53-96c1-68f0ab556a80/datanode-0/data/ratis/c7035dd3-cd4a-42fb-880d-c29775a8e805/current/log_3139-3214
2019-06-13 22:26:47,684 DEBUG block.SCMBlockDeletingService (SCMBlockDeletingService.java:call(138)) - Running DeletedBlockTransactionScanner
2019-06-13 22:26:47,684 DEBUG block.SCMBlockDeletingService (SCMBlockDeletingService.java:call(155)) - Scanned deleted blocks log and got 0 delTX to process.
2019-06-13 22:26:47,688 INFO  storage.RaftLogWorker (RaftLogWorker.java:execute(469)) - d5132e6f-def8-45c0-b0d2-c5ba43d86628-RaftLogWorker: created new log segment /opt/src/hadoop-ozone/integration-test/target/test-dir/MiniOzoneClusterImpl-e9ea07bb-4900-4b53-96c1-68f0ab556a80/datanode-0/data/ratis/c7035dd3-cd4a-42fb-880d-c29775a8e805/current/log_inprogress_3215
2019-06-13 22:26:47,690 INFO  client.GrpcClientProtocolClient (GrpcClientProtocolClient.java:onNext(254)) - client-43E682E1E07B->d5132e6f-def8-45c0-b0d2-c5ba43d86628: receive RaftClientReply:client-43E682E1E07B->d5132e6f-def8-45c0-b0d2-c5ba43d86628@group-C29775A8E805, cid=1838, SUCCESS, logIndex=3215, commits[d5132e6f-def8-45c0-b0d2-c5ba43d86628:c3217]
2019-06-13 22:26:47,690 INFO  client.GrpcClientProtocolClient (GrpcClientProtocolClient.java:onNext(254)) - client-43E682E1E07B->d5132e6f-def8-45c0-b0d2-c5ba43d86628: receive RaftClientReply:client-43E682E1E07B->d5132e6f-def8-45c0-b0d2-c5ba43d86628@group-C29775A8E805, cid=1839, SUCCESS, logIndex=3216, commits[d5132e6f-def8-45c0-b0d2-c5ba43d86628:c3218]
2019-06-13 22:26:47,694 INFO  client.GrpcClientProtocolClient (GrpcClientProtocolClient.java:onNext(254)) - client-43E682E1E07B->d5132e6f-def8-45c0-b0d2-c5ba43d86628: receive RaftClientReply:client-43E682E1E07B->d5132e6f-def8-45c0-b0d2-c5ba43d86628@group-C29775A8E805, cid=1840, SUCCESS, logIndex=3217, commits[d5132e6f-def8-45c0-b0d2-c5ba43d86628:c3218]
2019-06-13 22:26:47,710 INFO  client.GrpcClientProtocolClient (GrpcClientProtocolClient.java:onNext(254)) - client-43E682E1E07B->d5132e6f-def8-45c0-b0d2-c5ba43d86628: receive RaftClientReply:client-43E682E1E07B->d5132e6f-def8-45c0-b0d2-c5ba43d86628@group-C29775A8E805, cid=1841, SUCCESS, logIndex=3219, commits[d5132e6f-def8-45c0-b0d2-c5ba43d86628:c3220]
2019-06-13 22:26:47,718 INFO  client.GrpcClientProtocolClient (GrpcClientProtocolClient.java:onNext(254)) - client-43E682E1E07B->d5132e6f-def8-45c0-b0d2-c5ba43d86628: receive RaftClientReply:client-43E682E1E07B->d5132e6f-def8-45c0-b0d2-c5ba43d86628@group-C29775A8E805, cid=1842, SUCCESS, logIndex=3221, commits[d5132e6f-def8-45c0-b0d2-c5ba43d86628:c3221]
2019-06-13 22:26:47,718 INFO  client.GrpcClientProtocolClient (GrpcClientProtocolClient.java:onNext(254)) - client-43E682E1E07B->d5132e6f-def8-45c0-b0d2-c5ba43d86628: receive RaftClientReply:client-43E682E1E07B->d5132e6f-def8-45c0-b0d2-c5ba43d86628@group-C29775A8E805, cid=1843, SUCCESS, logIndex=3222, commits[d5132e6f-def8-45c0-b0d2-c5ba43d86628:c3224]
2019-06-13 22:26:47,718 INFO  client.GrpcClientProtocolClient (GrpcClientProtocolClient.java:onNext(254)) - client-43E682E1E07B->d5132e6f-def8-45c0-b0d2-c5ba43d86628: receive RaftClientReply:client-43E682E1E07B->d5132e6f-def8-45c0-b0d2-c5ba43d86628@group-C29775A8E805, cid=1844, SUCCESS, logIndex=3224, commits[d5132e6f-def8-45c0-b0d2-c5ba43d86628:c3225]
2019-06-13 22:26:47,725 INFO  client.GrpcClientProtocolClient (GrpcClientProtocolClient.java:onNext(254)) - client-43E682E1E07B->d5132e6f-def8-45c0-b0d2-c5ba43d86628: receive RaftClientReply:client-43E682E1E07B->d5132e6f-def8-45c0-b0d2-c5ba43d86628@group-C29775A8E805, cid=1845, SUCCESS, logIndex=3226, commits[d5132e6f-def8-45c0-b0d2-c5ba43d86628:c3226]
2019-06-13 22:26:47,727 INFO  client.GrpcClientProtocolClient (GrpcClientProtocolClient.java:onNext(254)) - client-43E682E1E07B->d5132e6f-def8-45c0-b0d2-c5ba43d86628: receive RaftClientReply:client-43E682E1E07B->d5132e6f-def8-45c0-b0d2-c5ba43d86628@group-C29775A8E805, cid=1846, SUCCESS, logIndex=3228, commits[d5132e6f-def8-45c0-b0d2-c5ba43d86628:c3228]
2019-06-13 22:26:47,728 INFO  client.GrpcClientProtocolClient (GrpcClientProtocolClient.java:onNext(254)) - client-43E682E1E07B->d5132e6f-def8-45c0-b0d2-c5ba43d86628: receive RaftClientReply:client-43E682E1E07B->d5132e6f-def8-45c0-b0d2-c5ba43d86628@group-C29775A8E805, cid=1847, SUCCESS, logIndex=3229, commits[d5132e6f-def8-45c0-b0d2-c5ba43d86628:c3229]
2019-06-13 22:26:47,731 INFO  client.GrpcClientProtocolClient (GrpcClientProtocolClient.java:onNext(254)) - client-43E682E1E07B->d5132e6f-def8-45c0-b0d2-c5ba43d86628: receive RaftClientReply:client-43E682E1E07B->d5132e6f-def8-45c0-b0d2-c5ba43d86628@group-C29775A8E805, cid=1848, SUCCESS, logIndex=3232, commits[d5132e6f-def8-45c0-b0d2-c5ba43d86628:c3233]
2019-06-13 22:26:47,784 DEBUG block.SCMBlockDeletingService (SCMBlockDeletingService.java:call(138)) - Running DeletedBlockTransactionScanner
2019-06-13 22:26:47,785 DEBUG block.SCMBlockDeletingService (SCMBlockDeletingService.java:call(155)) - Scanned deleted blocks log and got 0 delTX to process.
2019-06-13 22:26:47,789 INFO  client.GrpcClientProtocolClient (GrpcClientProtocolClient.java:onNext(254)) - client-43E682E1E07B->d5132e6f-def8-45c0-b0d2-c5ba43d86628: receive RaftClientReply:client-43E682E1E07B->d5132e6f-def8-45c0-b0d2-c5ba43d86628@group-C29775A8E805, cid=1849, SUCCESS, logIndex=3234, commits[d5132e6f-def8-45c0-b0d2-c5ba43d86628:c3234]
2019-06-13 22:26:47,791 INFO  client.GrpcClientProtocolClient (GrpcClientProtocolClient.java:onNext(254)) - client-43E682E1E07B->d5132e6f-def8-45c0-b0d2-c5ba43d86628: receive RaftClientReply:client-43E682E1E07B->d5132e6f-def8-45c0-b0d2-c5ba43d86628@group-C29775A8E805, cid=1850, SUCCESS, logIndex=3236, commits[d5132e6f-def8-45c0-b0d2-c5ba43d86628:c3236]
2019-06-13 22:26:47,792 INFO  client.GrpcClientProtocolClient (GrpcClientProtocolClient.java:onNext(254)) - client-43E682E1E07B->d5132e6f-def8-45c0-b0d2-c5ba43d86628: receive RaftClientReply:client-43E682E1E07B->d5132e6f-def8-45c0-b0d2-c5ba43d86628@group-C29775A8E805, cid=1851, SUCCESS, logIndex=3237, commits[d5132e6f-def8-45c0-b0d2-c5ba43d86628:c3239]
2019-06-13 22:26:47,793 INFO  client.GrpcClientProtocolClient (GrpcClientProtocolClient.java:onNext(254)) - client-43E682E1E07B->d5132e6f-def8-45c0-b0d2-c5ba43d86628: receive RaftClientReply:client-43E682E1E07B->d5132e6f-def8-45c0-b0d2-c5ba43d86628@group-C29775A8E805, cid=1852, SUCCESS, logIndex=3238, commits[d5132e6f-def8-45c0-b0d2-c5ba43d86628:c3239]
2019-06-13 22:26:47,799 INFO  client.GrpcClientProtocolClient (GrpcClientProtocolClient.java:onNext(254)) - client-43E682E1E07B->d5132e6f-def8-45c0-b0d2-c5ba43d86628: receive RaftClientReply:client-43E682E1E07B->d5132e6f-def8-45c0-b0d2-c5ba43d86628@group-C29775A8E805, cid=1853, SUCCESS, logIndex=3240, commits[d5132e6f-def8-45c0-b0d2-c5ba43d86628:c3240]
2019-06-13 22:26:47,800 INFO  client.GrpcClientProtocolClient (GrpcClientProtocolClient.java:onNext(254)) - client-43E682E1E07B->d5132e6f-def8-45c0-b0d2-c5ba43d86628: receive RaftClientReply:client-43E682E1E07B->d5132e6f-def8-45c0-b0d2-c5ba43d86628@group-C29775A8E805, cid=1854, SUCCESS, logIndex=3242, commits[d5132e6f-def8-45c0-b0d2-c5ba43d86628:c3242]
2019-06-13 22:26:47,802 INFO  client.GrpcClientProtocolClient (GrpcClientProtocolClient.java:onNext(254)) - client-43E682E1E07B->d5132e6f-def8-45c0-b0d2-c5ba43d86628: receive RaftClientReply:client-43E682E1E07B->d5132e6f-def8-45c0-b0d2-c5ba43d86628@group-C29775A8E805, cid=1855, SUCCESS, logIndex=3243, commits[d5132e6f-def8-45c0-b0d2-c5ba43d86628:c3245]
2019-06-13 22:26:47,802 INFO  client.GrpcClientProtocolClient (GrpcClientProtocolClient.java:onNext(254)) - client-43E682E1E07B->d5132e6f-def8-45c0-b0d2-c5ba43d86628: receive RaftClientReply:client-43E682E1E07B->d5132e6f-def8-45c0-b0d2-c5ba43d86628@group-C29775A8E805, cid=1856, SUCCESS, logIndex=3244, commits[d5132e6f-def8-45c0-b0d2-c5ba43d86628:c3245]
2019-06-13 22:26:47,879 INFO  client.GrpcClientProtocolClient (GrpcClientProtocolClient.java:onNext(254)) - client-43E682E1E07B->d5132e6f-def8-45c0-b0d2-c5ba43d86628: receive RaftClientReply:client-43E682E1E07B->d5132e6f-def8-45c0-b0d2-c5ba43d86628@group-C29775A8E805, cid=1857, SUCCESS, logIndex=3246, commits[d5132e6f-def8-45c0-b0d2-c5ba43d86628:c3246]
2019-06-13 22:26:47,882 INFO  client.GrpcClientProtocolClient (GrpcClientProtocolClient.java:onNext(254)) - client-43E682E1E07B->d5132e6f-def8-45c0-b0d2-c5ba43d86628: receive RaftClientReply:client-43E682E1E07B->d5132e6f-def8-45c0-b0d2-c5ba43d86628@group-C29775A8E805, cid=1858, SUCCESS, logIndex=3248, commits[d5132e6f-def8-45c0-b0d2-c5ba43d86628:c3248]
2019-06-13 22:26:47,882 INFO  client.GrpcClientProtocolClient (GrpcClientProtocolClient.java:onNext(254)) - client-43E682E1E07B->d5132e6f-def8-45c0-b0d2-c5ba43d86628: receive RaftClientReply:client-43E682E1E07B->d5132e6f-def8-45c0-b0d2-c5ba43d86628@group-C29775A8E805, cid=1859, SUCCESS, logIndex=3249, commits[d5132e6f-def8-45c0-b0d2-c5ba43d86628:c3250]
2019-06-13 22:26:47,883 INFO  client.GrpcClientProtocolClient (GrpcClientProtocolClient.java:onNext(254)) - client-43E682E1E07B->d5132e6f-def8-45c0-b0d2-c5ba43d86628: receive RaftClientReply:client-43E682E1E07B->d5132e6f-def8-45c0-b0d2-c5ba43d86628@group-C29775A8E805, cid=1860, SUCCESS, logIndex=3250, commits[d5132e6f-def8-45c0-b0d2-c5ba43d86628:c3250]
2019-06-13 22:26:47,885 DEBUG block.SCMBlockDeletingService (SCMBlockDeletingService.java:call(138)) - Running DeletedBlockTransactionScanner
2019-06-13 22:26:47,885 DEBUG block.SCMBlockDeletingService (SCMBlockDeletingService.java:call(155)) - Scanned deleted blocks log and got 0 delTX to process.
2019-06-13 22:26:47,890 INFO  client.GrpcClientProtocolClient (GrpcClientProtocolClient.java:onNext(254)) - client-43E682E1E07B->d5132e6f-def8-45c0-b0d2-c5ba43d86628: receive RaftClientReply:client-43E682E1E07B->d5132e6f-def8-45c0-b0d2-c5ba43d86628@group-C29775A8E805, cid=1861, SUCCESS, logIndex=3253, commits[d5132e6f-def8-45c0-b0d2-c5ba43d86628:c3253]
2019-06-13 22:26:47,891 INFO  client.GrpcClientProtocolClient (GrpcClientProtocolClient.java:onNext(254)) - client-43E682E1E07B->d5132e6f-def8-45c0-b0d2-c5ba43d86628: receive RaftClientReply:client-43E682E1E07B->d5132e6f-def8-45c0-b0d2-c5ba43d86628@group-C29775A8E805, cid=1862, SUCCESS, logIndex=3255, commits[d5132e6f-def8-45c0-b0d2-c5ba43d86628:c3255]
2019-06-13 22:26:47,894 INFO  client.GrpcClientProtocolClient (GrpcClientProtocolClient.java:onNext(254)) - client-43E682E1E07B->d5132e6f-def8-45c0-b0d2-c5ba43d86628: receive RaftClientReply:client-43E682E1E07B->d5132e6f-def8-45c0-b0d2-c5ba43d86628@group-C29775A8E805, cid=1863, SUCCESS, logIndex=3256, commits[d5132e6f-def8-45c0-b0d2-c5ba43d86628:c3258]
2019-06-13 22:26:47,895 INFO  client.GrpcClientProtocolClient (GrpcClientProtocolClient.java:onNext(254)) - client-43E682E1E07B->d5132e6f-def8-45c0-b0d2-c5ba43d86628: receive RaftClientReply:client-43E682E1E07B->d5132e6f-def8-45c0-b0d2-c5ba43d86628@group-C29775A8E805, cid=1864, SUCCESS, logIndex=3257, commits[d5132e6f-def8-45c0-b0d2-c5ba43d86628:c3258]
2019-06-13 22:26:47,906 INFO  client.GrpcClientProtocolClient (GrpcClientProtocolClient.java:onNext(254)) - client-43E682E1E07B->d5132e6f-def8-45c0-b0d2-c5ba43d86628: receive RaftClientReply:client-43E682E1E07B->d5132e6f-def8-45c0-b0d2-c5ba43d86628@group-C29775A8E805, cid=1865, SUCCESS, logIndex=3259, commits[d5132e6f-def8-45c0-b0d2-c5ba43d86628:c3259]
2019-06-13 22:26:47,914 INFO  client.GrpcClientProtocolClient (GrpcClientProtocolClient.java:onNext(254)) - client-43E682E1E07B->d5132e6f-def8-45c0-b0d2-c5ba43d86628: receive RaftClientReply:client-43E682E1E07B->d5132e6f-def8-45c0-b0d2-c5ba43d86628@group-C29775A8E805, cid=1866, SUCCESS, logIndex=3261, commits[d5132e6f-def8-45c0-b0d2-c5ba43d86628:c3261]
2019-06-13 22:26:47,915 INFO  client.GrpcClientProtocolClient (GrpcClientProtocolClient.java:onNext(254)) - client-43E682E1E07B->d5132e6f-def8-45c0-b0d2-c5ba43d86628: receive RaftClientReply:client-43E682E1E07B->d5132e6f-def8-45c0-b0d2-c5ba43d86628@group-C29775A8E805, cid=1867, SUCCESS, logIndex=3262, commits[d5132e6f-def8-45c0-b0d2-c5ba43d86628:c3264]
2019-06-13 22:26:47,915 INFO  client.GrpcClientProtocolClient (GrpcClientProtocolClient.java:onNext(254)) - client-43E682E1E07B->d5132e6f-def8-45c0-b0d2-c5ba43d86628: receive RaftClientReply:client-43E682E1E07B->d5132e6f-def8-45c0-b0d2-c5ba43d86628@group-C29775A8E805, cid=1868, SUCCESS, logIndex=3263, commits[d5132e6f-def8-45c0-b0d2-c5ba43d86628:c3264]
2019-06-13 22:26:47,921 INFO  client.GrpcClientProtocolClient (GrpcClientProtocolClient.java:onNext(254)) - client-43E682E1E07B->d5132e6f-def8-45c0-b0d2-c5ba43d86628: receive RaftClientReply:client-43E682E1E07B->d5132e6f-def8-45c0-b0d2-c5ba43d86628@group-C29775A8E805, cid=1869, SUCCESS, logIndex=3265, commits[d5132e6f-def8-45c0-b0d2-c5ba43d86628:c3265]
2019-06-13 22:26:47,924 INFO  client.GrpcClientProtocolClient (GrpcClientProtocolClient.java:onNext(254)) - client-43E682E1E07B->d5132e6f-def8-45c0-b0d2-c5ba43d86628: receive RaftClientReply:client-43E682E1E07B->d5132e6f-def8-45c0-b0d2-c5ba43d86628@group-C29775A8E805, cid=1870, SUCCESS, logIndex=3267, commits[d5132e6f-def8-45c0-b0d2-c5ba43d86628:c3267]
2019-06-13 22:26:47,924 INFO  client.GrpcClientProtocolClient (GrpcClientProtocolClient.java:onNext(254)) - client-43E682E1E07B->d5132e6f-def8-45c0-b0d2-c5ba43d86628: receive RaftClientReply:client-43E682E1E07B->d5132e6f-def8-45c0-b0d2-c5ba43d86628@group-C29775A8E805, cid=1871, SUCCESS, logIndex=3268, commits[d5132e6f-def8-45c0-b0d2-c5ba43d86628:c3270]
2019-06-13 22:26:47,924 INFO  client.GrpcClientProtocolClient (GrpcClientProtocolClient.java:onNext(254)) - client-43E682E1E07B->d5132e6f-def8-45c0-b0d2-c5ba43d86628: receive RaftClientReply:client-43E682E1E07B->d5132e6f-def8-45c0-b0d2-c5ba43d86628@group-C29775A8E805, cid=1872, SUCCESS, logIndex=3269, commits[d5132e6f-def8-45c0-b0d2-c5ba43d86628:c3270]
2019-06-13 22:26:47,935 INFO  client.GrpcClientProtocolClient (GrpcClientProtocolClient.java:onNext(254)) - client-43E682E1E07B->d5132e6f-def8-45c0-b0d2-c5ba43d86628: receive RaftClientReply:client-43E682E1E07B->d5132e6f-def8-45c0-b0d2-c5ba43d86628@group-C29775A8E805, cid=1873, SUCCESS, logIndex=3271, commits[d5132e6f-def8-45c0-b0d2-c5ba43d86628:c3271]
2019-06-13 22:26:47,936 INFO  client.GrpcClientProtocolClient (GrpcClientProtocolClient.java:onNext(254)) - client-43E682E1E07B->d5132e6f-def8-45c0-b0d2-c5ba43d86628: receive RaftClientReply:client-43E682E1E07B->d5132e6f-def8-45c0-b0d2-c5ba43d86628@group-C29775A8E805, cid=1874, SUCCESS, logIndex=3273, commits[d5132e6f-def8-45c0-b0d2-c5ba43d86628:c3273]
2019-06-13 22:26:47,938 INFO  client.GrpcClientProtocolClient (GrpcClientProtocolClient.java:onNext(254)) - client-43E682E1E07B->d5132e6f-def8-45c0-b0d2-c5ba43d86628: receive RaftClientReply:client-43E682E1E07B->d5132e6f-def8-45c0-b0d2-c5ba43d86628@group-C29775A8E805, cid=1875, SUCCESS, logIndex=3275, commits[d5132e6f-def8-45c0-b0d2-c5ba43d86628:c3275]
2019-06-13 22:26:47,939 INFO  client.GrpcClientProtocolClient (GrpcClientProtocolClient.java:onNext(254)) - client-43E682E1E07B->d5132e6f-def8-45c0-b0d2-c5ba43d86628: receive RaftClientReply:client-43E682E1E07B->d5132e6f-def8-45c0-b0d2-c5ba43d86628@group-C29775A8E805, cid=1876, SUCCESS, logIndex=3276, commits[d5132e6f-def8-45c0-b0d2-c5ba43d86628:c3276]
2019-06-13 22:26:47,946 INFO  client.GrpcClientProtocolClient (GrpcClientProtocolClient.java:onNext(254)) - client-43E682E1E07B->d5132e6f-def8-45c0-b0d2-c5ba43d86628: receive RaftClientReply:client-43E682E1E07B->d5132e6f-def8-45c0-b0d2-c5ba43d86628@group-C29775A8E805, cid=1877, SUCCESS, logIndex=3279, commits[d5132e6f-def8-45c0-b0d2-c5ba43d86628:c3279]
2019-06-13 22:26:47,947 INFO  client.GrpcClientProtocolClient (GrpcClientProtocolClient.java:onNext(254)) - client-43E682E1E07B->d5132e6f-def8-45c0-b0d2-c5ba43d86628: receive RaftClientReply:client-43E682E1E07B->d5132e6f-def8-45c0-b0d2-c5ba43d86628@group-C29775A8E805, cid=1878, SUCCESS, logIndex=3281, commits[d5132e6f-def8-45c0-b0d2-c5ba43d86628:c3281]
2019-06-13 22:26:47,947 INFO  storage.RaftLogWorker (RaftLogWorker.java:rollLogSegment(303)) - d5132e6f-def8-45c0-b0d2-c5ba43d86628-RaftLogWorker: Rolling segment log-3215_3283 to index:3283
2019-06-13 22:26:47,948 INFO  storage.RaftLogWorker (RaftLogWorker.java:execute(433)) - d5132e6f-def8-45c0-b0d2-c5ba43d86628-RaftLogWorker: Rolled log segment from /opt/src/hadoop-ozone/integration-test/target/test-dir/MiniOzoneClusterImpl-e9ea07bb-4900-4b53-96c1-68f0ab556a80/datanode-0/data/ratis/c7035dd3-cd4a-42fb-880d-c29775a8e805/current/log_inprogress_3215 to /opt/src/hadoop-ozone/integration-test/target/test-dir/MiniOzoneClusterImpl-e9ea07bb-4900-4b53-96c1-68f0ab556a80/datanode-0/data/ratis/c7035dd3-cd4a-42fb-880d-c29775a8e805/current/log_3215-3283
2019-06-13 22:26:47,954 INFO  client.GrpcClientProtocolClient (GrpcClientProtocolClient.java:onNext(254)) - client-43E682E1E07B->d5132e6f-def8-45c0-b0d2-c5ba43d86628: receive RaftClientReply:client-43E682E1E07B->d5132e6f-def8-45c0-b0d2-c5ba43d86628@group-C29775A8E805, cid=1879, SUCCESS, logIndex=3283, commits[d5132e6f-def8-45c0-b0d2-c5ba43d86628:c3283]
2019-06-13 22:26:47,986 DEBUG block.SCMBlockDeletingService (SCMBlockDeletingService.java:call(138)) - Running DeletedBlockTransactionScanner
2019-06-13 22:26:47,986 DEBUG block.SCMBlockDeletingService (SCMBlockDeletingService.java:call(155)) - Scanned deleted blocks log and got 0 delTX to process.
2019-06-13 22:26:47,992 INFO  storage.RaftLogWorker (RaftLogWorker.java:execute(469)) - d5132e6f-def8-45c0-b0d2-c5ba43d86628-RaftLogWorker: created new log segment /opt/src/hadoop-ozone/integration-test/target/test-dir/MiniOzoneClusterImpl-e9ea07bb-4900-4b53-96c1-68f0ab556a80/datanode-0/data/ratis/c7035dd3-cd4a-42fb-880d-c29775a8e805/current/log_inprogress_3284
2019-06-13 22:26:47,998 INFO  client.GrpcClientProtocolClient (GrpcClientProtocolClient.java:onNext(254)) - client-43E682E1E07B->d5132e6f-def8-45c0-b0d2-c5ba43d86628: receive RaftClientReply:client-43E682E1E07B->d5132e6f-def8-45c0-b0d2-c5ba43d86628@group-C29775A8E805, cid=1880, SUCCESS, logIndex=3284, commits[d5132e6f-def8-45c0-b0d2-c5ba43d86628:c3285]
2019-06-13 22:26:48,013 INFO  client.GrpcClientProtocolClient (GrpcClientProtocolClient.java:onNext(254)) - client-43E682E1E07B->d5132e6f-def8-45c0-b0d2-c5ba43d86628: receive RaftClientReply:client-43E682E1E07B->d5132e6f-def8-45c0-b0d2-c5ba43d86628@group-C29775A8E805, cid=1881, SUCCESS, logIndex=3286, commits[d5132e6f-def8-45c0-b0d2-c5ba43d86628:c3286]
2019-06-13 22:26:48,023 INFO  client.GrpcClientProtocolClient (GrpcClientProtocolClient.java:onNext(254)) - client-43E682E1E07B->d5132e6f-def8-45c0-b0d2-c5ba43d86628: receive RaftClientReply:client-43E682E1E07B->d5132e6f-def8-45c0-b0d2-c5ba43d86628@group-C29775A8E805, cid=1882, SUCCESS, logIndex=3288, commits[d5132e6f-def8-45c0-b0d2-c5ba43d86628:c3288]
2019-06-13 22:26:48,024 INFO  client.GrpcClientProtocolClient (GrpcClientProtocolClient.java:onNext(254)) - client-43E682E1E07B->d5132e6f-def8-45c0-b0d2-c5ba43d86628: receive RaftClientReply:client-43E682E1E07B->d5132e6f-def8-45c0-b0d2-c5ba43d86628@group-C29775A8E805, cid=1883, SUCCESS, logIndex=3289, commits[d5132e6f-def8-45c0-b0d2-c5ba43d86628:c3290]
2019-06-13 22:26:48,025 INFO  client.GrpcClientProtocolClient (GrpcClientProtocolClient.java:onNext(254)) - client-43E682E1E07B->d5132e6f-def8-45c0-b0d2-c5ba43d86628: receive RaftClientReply:client-43E682E1E07B->d5132e6f-def8-45c0-b0d2-c5ba43d86628@group-C29775A8E805, cid=1884, SUCCESS, logIndex=3290, commits[d5132e6f-def8-45c0-b0d2-c5ba43d86628:c3290]
2019-06-13 22:26:48,037 INFO  client.GrpcClientProtocolClient (GrpcClientProtocolClient.java:onNext(254)) - client-43E682E1E07B->d5132e6f-def8-45c0-b0d2-c5ba43d86628: receive RaftClientReply:client-43E682E1E07B->d5132e6f-def8-45c0-b0d2-c5ba43d86628@group-C29775A8E805, cid=1885, SUCCESS, logIndex=3293, commits[d5132e6f-def8-45c0-b0d2-c5ba43d86628:c3293]
2019-06-13 22:26:48,040 INFO  client.GrpcClientProtocolClient (GrpcClientProtocolClient.java:onNext(254)) - client-43E682E1E07B->d5132e6f-def8-45c0-b0d2-c5ba43d86628: receive RaftClientReply:client-43E682E1E07B->d5132e6f-def8-45c0-b0d2-c5ba43d86628@group-C29775A8E805, cid=1886, SUCCESS, logIndex=3295, commits[d5132e6f-def8-45c0-b0d2-c5ba43d86628:c3295]
2019-06-13 22:26:48,042 INFO  client.GrpcClientProtocolClient (GrpcClientProtocolClient.java:onNext(254)) - client-43E682E1E07B->d5132e6f-def8-45c0-b0d2-c5ba43d86628: receive RaftClientReply:client-43E682E1E07B->d5132e6f-def8-45c0-b0d2-c5ba43d86628@group-C29775A8E805, cid=1887, SUCCESS, logIndex=3296, commits[d5132e6f-def8-45c0-b0d2-c5ba43d86628:c3298]
2019-06-13 22:26:48,042 INFO  client.GrpcClientProtocolClient (GrpcClientProtocolClient.java:onNext(254)) - client-43E682E1E07B->d5132e6f-def8-45c0-b0d2-c5ba43d86628: receive RaftClientReply:client-43E682E1E07B->d5132e6f-def8-45c0-b0d2-c5ba43d86628@group-C29775A8E805, cid=1888, SUCCESS, logIndex=3297, commits[d5132e6f-def8-45c0-b0d2-c5ba43d86628:c3298]
2019-06-13 22:26:48,075 INFO  client.GrpcClientProtocolClient (GrpcClientProtocolClient.java:onNext(254)) - client-43E682E1E07B->d5132e6f-def8-45c0-b0d2-c5ba43d86628: receive RaftClientReply:client-43E682E1E07B->d5132e6f-def8-45c0-b0d2-c5ba43d86628@group-C29775A8E805, cid=1889, SUCCESS, logIndex=3299, commits[d5132e6f-def8-45c0-b0d2-c5ba43d86628:c3300]
2019-06-13 22:26:48,076 INFO  client.GrpcClientProtocolClient (GrpcClientProtocolClient.java:onNext(254)) - client-43E682E1E07B->d5132e6f-def8-45c0-b0d2-c5ba43d86628: receive RaftClientReply:client-43E682E1E07B->d5132e6f-def8-45c0-b0d2-c5ba43d86628@group-C29775A8E805, cid=1890, SUCCESS, logIndex=3301, commits[d5132e6f-def8-45c0-b0d2-c5ba43d86628:c3301]
2019-06-13 22:26:48,080 INFO  client.GrpcClientProtocolClient (GrpcClientProtocolClient.java:onNext(254)) - client-43E682E1E07B->d5132e6f-def8-45c0-b0d2-c5ba43d86628: receive RaftClientReply:client-43E682E1E07B->d5132e6f-def8-45c0-b0d2-c5ba43d86628@group-C29775A8E805, cid=1891, SUCCESS, logIndex=3302, commits[d5132e6f-def8-45c0-b0d2-c5ba43d86628:c3304]
2019-06-13 22:26:48,081 INFO  client.GrpcClientProtocolClient (GrpcClientProtocolClient.java:onNext(254)) - client-43E682E1E07B->d5132e6f-def8-45c0-b0d2-c5ba43d86628: receive RaftClientReply:client-43E682E1E07B->d5132e6f-def8-45c0-b0d2-c5ba43d86628@group-C29775A8E805, cid=1892, SUCCESS, logIndex=3303, commits[d5132e6f-def8-45c0-b0d2-c5ba43d86628:c3304]
2019-06-13 22:26:48,087 DEBUG block.SCMBlockDeletingService (SCMBlockDeletingService.java:call(138)) - Running DeletedBlockTransactionScanner
2019-06-13 22:26:48,087 DEBUG block.SCMBlockDeletingService (SCMBlockDeletingService.java:call(155)) - Scanned deleted blocks log and got 0 delTX to process.
2019-06-13 22:26:48,093 INFO  client.GrpcClientProtocolClient (GrpcClientProtocolClient.java:onNext(254)) - client-43E682E1E07B->d5132e6f-def8-45c0-b0d2-c5ba43d86628: receive RaftClientReply:client-43E682E1E07B->d5132e6f-def8-45c0-b0d2-c5ba43d86628@group-C29775A8E805, cid=1893, SUCCESS, logIndex=3305, commits[d5132e6f-def8-45c0-b0d2-c5ba43d86628:c3305]
2019-06-13 22:26:48,098 INFO  client.GrpcClientProtocolClient (GrpcClientProtocolClient.java:onNext(254)) - client-43E682E1E07B->d5132e6f-def8-45c0-b0d2-c5ba43d86628: receive RaftClientReply:client-43E682E1E07B->d5132e6f-def8-45c0-b0d2-c5ba43d86628@group-C29775A8E805, cid=1894, SUCCESS, logIndex=3307, commits[d5132e6f-def8-45c0-b0d2-c5ba43d86628:c3309]
2019-06-13 22:26:48,109 INFO  client.GrpcClientProtocolClient (GrpcClientProtocolClient.java:onNext(254)) - client-43E682E1E07B->d5132e6f-def8-45c0-b0d2-c5ba43d86628: receive RaftClientReply:client-43E682E1E07B->d5132e6f-def8-45c0-b0d2-c5ba43d86628@group-C29775A8E805, cid=1895, SUCCESS, logIndex=3308, commits[d5132e6f-def8-45c0-b0d2-c5ba43d86628:c3311]
2019-06-13 22:26:48,109 INFO  client.GrpcClientProtocolClient (GrpcClientProtocolClient.java:onNext(254)) - client-43E682E1E07B->d5132e6f-def8-45c0-b0d2-c5ba43d86628: receive RaftClientReply:client-43E682E1E07B->d5132e6f-def8-45c0-b0d2-c5ba43d86628@group-C29775A8E805, cid=1896, SUCCESS, logIndex=3309, commits[d5132e6f-def8-45c0-b0d2-c5ba43d86628:c3311]
2019-06-13 22:26:48,125 INFO  client.GrpcClientProtocolClient (GrpcClientProtocolClient.java:onNext(254)) - client-43E682E1E07B->d5132e6f-def8-45c0-b0d2-c5ba43d86628: receive RaftClientReply:client-43E682E1E07B->d5132e6f-def8-45c0-b0d2-c5ba43d86628@group-C29775A8E805, cid=1897, SUCCESS, logIndex=3312, commits[d5132e6f-def8-45c0-b0d2-c5ba43d86628:c3312]
2019-06-13 22:26:48,127 INFO  client.GrpcClientProtocolClient (GrpcClientProtocolClient.java:onNext(254)) - client-43E682E1E07B->d5132e6f-def8-45c0-b0d2-c5ba43d86628: receive RaftClientReply:client-43E682E1E07B->d5132e6f-def8-45c0-b0d2-c5ba43d86628@group-C29775A8E805, cid=1898, SUCCESS, logIndex=3314, commits[d5132e6f-def8-45c0-b0d2-c5ba43d86628:c3314]
2019-06-13 22:26:48,128 INFO  client.GrpcClientProtocolClient (GrpcClientProtocolClient.java:onNext(254)) - client-43E682E1E07B->d5132e6f-def8-45c0-b0d2-c5ba43d86628: receive RaftClientReply:client-43E682E1E07B->d5132e6f-def8-45c0-b0d2-c5ba43d86628@group-C29775A8E805, cid=1899, SUCCESS, logIndex=3315, commits[d5132e6f-def8-45c0-b0d2-c5ba43d86628:c3315]
2019-06-13 22:26:48,128 INFO  client.GrpcClientProtocolClient (GrpcClientProtocolClient.java:onNext(254)) - client-43E682E1E07B->d5132e6f-def8-45c0-b0d2-c5ba43d86628: receive RaftClientReply:client-43E682E1E07B->d5132e6f-def8-45c0-b0d2-c5ba43d86628@group-C29775A8E805, cid=1900, SUCCESS, logIndex=3317, commits[d5132e6f-def8-45c0-b0d2-c5ba43d86628:c3317]
2019-06-13 22:26:48,187 DEBUG block.SCMBlockDeletingService (SCMBlockDeletingService.java:call(138)) - Running DeletedBlockTransactionScanner
2019-06-13 22:26:48,188 DEBUG block.SCMBlockDeletingService (SCMBlockDeletingService.java:call(155)) - Scanned deleted blocks log and got 0 delTX to process.
2019-06-13 22:26:48,204 INFO  client.GrpcClientProtocolClient (GrpcClientProtocolClient.java:onNext(254)) - client-43E682E1E07B->d5132e6f-def8-45c0-b0d2-c5ba43d86628: receive RaftClientReply:client-43E682E1E07B->d5132e6f-def8-45c0-b0d2-c5ba43d86628@group-C29775A8E805, cid=1901, SUCCESS, logIndex=3320, commits[d5132e6f-def8-45c0-b0d2-c5ba43d86628:c3320]
2019-06-13 22:26:48,206 INFO  client.GrpcClientProtocolClient (GrpcClientProtocolClient.java:onNext(254)) - client-43E682E1E07B->d5132e6f-def8-45c0-b0d2-c5ba43d86628: receive RaftClientReply:client-43E682E1E07B->d5132e6f-def8-45c0-b0d2-c5ba43d86628@group-C29775A8E805, cid=1902, SUCCESS, logIndex=3322, commits[d5132e6f-def8-45c0-b0d2-c5ba43d86628:c3322]
2019-06-13 22:26:48,209 INFO  client.GrpcClientProtocolClient (GrpcClientProtocolClient.java:onNext(254)) - client-43E682E1E07B->d5132e6f-def8-45c0-b0d2-c5ba43d86628: receive RaftClientReply:client-43E682E1E07B->d5132e6f-def8-45c0-b0d2-c5ba43d86628@group-C29775A8E805, cid=1903, SUCCESS, logIndex=3323, commits[d5132e6f-def8-45c0-b0d2-c5ba43d86628:c3324]
2019-06-13 22:26:48,210 INFO  client.GrpcClientProtocolClient (GrpcClientProtocolClient.java:onNext(254)) - client-43E682E1E07B->d5132e6f-def8-45c0-b0d2-c5ba43d86628: receive RaftClientReply:client-43E682E1E07B->d5132e6f-def8-45c0-b0d2-c5ba43d86628@group-C29775A8E805, cid=1904, SUCCESS, logIndex=3324, commits[d5132e6f-def8-45c0-b0d2-c5ba43d86628:c3325]
2019-06-13 22:26:48,222 INFO  client.GrpcClientProtocolClient (GrpcClientProtocolClient.java:onNext(254)) - client-43E682E1E07B->d5132e6f-def8-45c0-b0d2-c5ba43d86628: receive RaftClientReply:client-43E682E1E07B->d5132e6f-def8-45c0-b0d2-c5ba43d86628@group-C29775A8E805, cid=1905, SUCCESS, logIndex=3327, commits[d5132e6f-def8-45c0-b0d2-c5ba43d86628:c3327]
2019-06-13 22:26:48,223 INFO  client.GrpcClientProtocolClient (GrpcClientProtocolClient.java:onNext(254)) - client-43E682E1E07B->d5132e6f-def8-45c0-b0d2-c5ba43d86628: receive RaftClientReply:client-43E682E1E07B->d5132e6f-def8-45c0-b0d2-c5ba43d86628@group-C29775A8E805, cid=1906, SUCCESS, logIndex=3329, commits[d5132e6f-def8-45c0-b0d2-c5ba43d86628:c3329]
2019-06-13 22:26:48,228 INFO  client.GrpcClientProtocolClient (GrpcClientProtocolClient.java:onNext(254)) - client-43E682E1E07B->d5132e6f-def8-45c0-b0d2-c5ba43d86628: receive RaftClientReply:client-43E682E1E07B->d5132e6f-def8-45c0-b0d2-c5ba43d86628@group-C29775A8E805, cid=1907, SUCCESS, logIndex=3330, commits[d5132e6f-def8-45c0-b0d2-c5ba43d86628:c3332]
2019-06-13 22:26:48,228 INFO  client.GrpcClientProtocolClient (GrpcClientProtocolClient.java:onNext(254)) - client-43E682E1E07B->d5132e6f-def8-45c0-b0d2-c5ba43d86628: receive RaftClientReply:client-43E682E1E07B->d5132e6f-def8-45c0-b0d2-c5ba43d86628@group-C29775A8E805, cid=1908, SUCCESS, logIndex=3331, commits[d5132e6f-def8-45c0-b0d2-c5ba43d86628:c3332]
2019-06-13 22:26:48,237 INFO  client.GrpcClientProtocolClient (GrpcClientProtocolClient.java:onNext(254)) - client-43E682E1E07B->d5132e6f-def8-45c0-b0d2-c5ba43d86628: receive RaftClientReply:client-43E682E1E07B->d5132e6f-def8-45c0-b0d2-c5ba43d86628@group-C29775A8E805, cid=1909, SUCCESS, logIndex=3333, commits[d5132e6f-def8-45c0-b0d2-c5ba43d86628:c3333]
2019-06-13 22:26:48,239 INFO  client.GrpcClientProtocolClient (GrpcClientProtocolClient.java:onNext(254)) - client-43E682E1E07B->d5132e6f-def8-45c0-b0d2-c5ba43d86628: receive RaftClientReply:client-43E682E1E07B->d5132e6f-def8-45c0-b0d2-c5ba43d86628@group-C29775A8E805, cid=1910, SUCCESS, logIndex=3335, commits[d5132e6f-def8-45c0-b0d2-c5ba43d86628:c3335]
2019-06-13 22:26:48,240 INFO  client.GrpcClientProtocolClient (GrpcClientProtocolClient.java:onNext(254)) - client-43E682E1E07B->d5132e6f-def8-45c0-b0d2-c5ba43d86628: receive RaftClientReply:client-43E682E1E07B->d5132e6f-def8-45c0-b0d2-c5ba43d86628@group-C29775A8E805, cid=1911, SUCCESS, logIndex=3336, commits[d5132e6f-def8-45c0-b0d2-c5ba43d86628:c3338]
2019-06-13 22:26:48,245 INFO  client.GrpcClientProtocolClient (GrpcClientProtocolClient.java:onNext(254)) - client-43E682E1E07B->d5132e6f-def8-45c0-b0d2-c5ba43d86628: receive RaftClientReply:client-43E682E1E07B->d5132e6f-def8-45c0-b0d2-c5ba43d86628@group-C29775A8E805, cid=1912, SUCCESS, logIndex=3337, commits[d5132e6f-def8-45c0-b0d2-c5ba43d86628:c3338]
2019-06-13 22:26:48,300 DEBUG block.SCMBlockDeletingService (SCMBlockDeletingService.java:call(138)) - Running DeletedBlockTransactionScanner
2019-06-13 22:26:48,300 DEBUG block.SCMBlockDeletingService (SCMBlockDeletingService.java:call(155)) - Scanned deleted blocks log and got 0 delTX to process.
2019-06-13 22:26:48,303 INFO  client.GrpcClientProtocolClient (GrpcClientProtocolClient.java:onNext(254)) - client-43E682E1E07B->d5132e6f-def8-45c0-b0d2-c5ba43d86628: receive RaftClientReply:client-43E682E1E07B->d5132e6f-def8-45c0-b0d2-c5ba43d86628@group-C29775A8E805, cid=1913, SUCCESS, logIndex=3339, commits[d5132e6f-def8-45c0-b0d2-c5ba43d86628:c3339]
2019-06-13 22:26:48,307 INFO  client.GrpcClientProtocolClient (GrpcClientProtocolClient.java:onNext(254)) - client-43E682E1E07B->d5132e6f-def8-45c0-b0d2-c5ba43d86628: receive RaftClientReply:client-43E682E1E07B->d5132e6f-def8-45c0-b0d2-c5ba43d86628@group-C29775A8E805, cid=1914, SUCCESS, logIndex=3341, commits[d5132e6f-def8-45c0-b0d2-c5ba43d86628:c3343]
2019-06-13 22:26:48,308 INFO  client.GrpcClientProtocolClient (GrpcClientProtocolClient.java:onNext(254)) - client-43E682E1E07B->d5132e6f-def8-45c0-b0d2-c5ba43d86628: receive RaftClientReply:client-43E682E1E07B->d5132e6f-def8-45c0-b0d2-c5ba43d86628@group-C29775A8E805, cid=1915, SUCCESS, logIndex=3342, commits[d5132e6f-def8-45c0-b0d2-c5ba43d86628:c3343]
2019-06-13 22:26:48,308 INFO  client.GrpcClientProtocolClient (GrpcClientProtocolClient.java:onNext(254)) - client-43E682E1E07B->d5132e6f-def8-45c0-b0d2-c5ba43d86628: receive RaftClientReply:client-43E682E1E07B->d5132e6f-def8-45c0-b0d2-c5ba43d86628@group-C29775A8E805, cid=1916, SUCCESS, logIndex=3343, commits[d5132e6f-def8-45c0-b0d2-c5ba43d86628:c3343]
2019-06-13 22:26:48,315 INFO  client.GrpcClientProtocolClient (GrpcClientProtocolClient.java:onNext(254)) - client-43E682E1E07B->d5132e6f-def8-45c0-b0d2-c5ba43d86628: receive RaftClientReply:client-43E682E1E07B->d5132e6f-def8-45c0-b0d2-c5ba43d86628@group-C29775A8E805, cid=1917, SUCCESS, logIndex=3345, commits[d5132e6f-def8-45c0-b0d2-c5ba43d86628:c3345]
2019-06-13 22:26:48,317 INFO  client.GrpcClientProtocolClient (GrpcClientProtocolClient.java:onNext(254)) - client-43E682E1E07B->d5132e6f-def8-45c0-b0d2-c5ba43d86628: receive RaftClientReply:client-43E682E1E07B->d5132e6f-def8-45c0-b0d2-c5ba43d86628@group-C29775A8E805, cid=1918, SUCCESS, logIndex=3347, commits[d5132e6f-def8-45c0-b0d2-c5ba43d86628:c3347]
2019-06-13 22:26:48,318 INFO  client.GrpcClientProtocolClient (GrpcClientProtocolClient.java:onNext(254)) - client-43E682E1E07B->d5132e6f-def8-45c0-b0d2-c5ba43d86628: receive RaftClientReply:client-43E682E1E07B->d5132e6f-def8-45c0-b0d2-c5ba43d86628@group-C29775A8E805, cid=1919, SUCCESS, logIndex=3348, commits[d5132e6f-def8-45c0-b0d2-c5ba43d86628:c3350]
2019-06-13 22:26:48,320 INFO  client.GrpcClientProtocolClient (GrpcClientProtocolClient.java:onNext(254)) - client-43E682E1E07B->d5132e6f-def8-45c0-b0d2-c5ba43d86628: receive RaftClientReply:client-43E682E1E07B->d5132e6f-def8-45c0-b0d2-c5ba43d86628@group-C29775A8E805, cid=1920, SUCCESS, logIndex=3349, commits[d5132e6f-def8-45c0-b0d2-c5ba43d86628:c3350]
2019-06-13 22:26:48,336 INFO  client.GrpcClientProtocolClient (GrpcClientProtocolClient.java:onNext(254)) - client-43E682E1E07B->d5132e6f-def8-45c0-b0d2-c5ba43d86628: receive RaftClientReply:client-43E682E1E07B->d5132e6f-def8-45c0-b0d2-c5ba43d86628@group-C29775A8E805, cid=1921, SUCCESS, logIndex=3351, commits[d5132e6f-def8-45c0-b0d2-c5ba43d86628:c3351]
2019-06-13 22:26:48,337 INFO  storage.RaftLogWorker (RaftLogWorker.java:rollLogSegment(303)) - d5132e6f-def8-45c0-b0d2-c5ba43d86628-RaftLogWorker: Rolling segment log-3284_3353 to index:3353
2019-06-13 22:26:48,337 INFO  storage.RaftLogWorker (RaftLogWorker.java:execute(433)) - d5132e6f-def8-45c0-b0d2-c5ba43d86628-RaftLogWorker: Rolled log segment from /opt/src/hadoop-ozone/integration-test/target/test-dir/MiniOzoneClusterImpl-e9ea07bb-4900-4b53-96c1-68f0ab556a80/datanode-0/data/ratis/c7035dd3-cd4a-42fb-880d-c29775a8e805/current/log_inprogress_3284 to /opt/src/hadoop-ozone/integration-test/target/test-dir/MiniOzoneClusterImpl-e9ea07bb-4900-4b53-96c1-68f0ab556a80/datanode-0/data/ratis/c7035dd3-cd4a-42fb-880d-c29775a8e805/current/log_3284-3353
2019-06-13 22:26:48,346 INFO  client.GrpcClientProtocolClient (GrpcClientProtocolClient.java:onNext(254)) - client-43E682E1E07B->d5132e6f-def8-45c0-b0d2-c5ba43d86628: receive RaftClientReply:client-43E682E1E07B->d5132e6f-def8-45c0-b0d2-c5ba43d86628@group-C29775A8E805, cid=1922, SUCCESS, logIndex=3353, commits[d5132e6f-def8-45c0-b0d2-c5ba43d86628:c3353]
2019-06-13 22:26:48,381 INFO  storage.RaftLogWorker (RaftLogWorker.java:execute(469)) - d5132e6f-def8-45c0-b0d2-c5ba43d86628-RaftLogWorker: created new log segment /opt/src/hadoop-ozone/integration-test/target/test-dir/MiniOzoneClusterImpl-e9ea07bb-4900-4b53-96c1-68f0ab556a80/datanode-0/data/ratis/c7035dd3-cd4a-42fb-880d-c29775a8e805/current/log_inprogress_3354
2019-06-13 22:26:48,384 INFO  client.GrpcClientProtocolClient (GrpcClientProtocolClient.java:onNext(254)) - client-43E682E1E07B->d5132e6f-def8-45c0-b0d2-c5ba43d86628: receive RaftClientReply:client-43E682E1E07B->d5132e6f-def8-45c0-b0d2-c5ba43d86628@group-C29775A8E805, cid=1923, SUCCESS, logIndex=3354, commits[d5132e6f-def8-45c0-b0d2-c5ba43d86628:c3356]
2019-06-13 22:26:48,385 INFO  client.GrpcClientProtocolClient (GrpcClientProtocolClient.java:onNext(254)) - client-43E682E1E07B->d5132e6f-def8-45c0-b0d2-c5ba43d86628: receive RaftClientReply:client-43E682E1E07B->d5132e6f-def8-45c0-b0d2-c5ba43d86628@group-C29775A8E805, cid=1924, SUCCESS, logIndex=3355, commits[d5132e6f-def8-45c0-b0d2-c5ba43d86628:c3356]
2019-06-13 22:26:48,401 INFO  client.GrpcClientProtocolClient (GrpcClientProtocolClient.java:onNext(254)) - client-43E682E1E07B->d5132e6f-def8-45c0-b0d2-c5ba43d86628: receive RaftClientReply:client-43E682E1E07B->d5132e6f-def8-45c0-b0d2-c5ba43d86628@group-C29775A8E805, cid=1925, SUCCESS, logIndex=3357, commits[d5132e6f-def8-45c0-b0d2-c5ba43d86628:c3357]
2019-06-13 22:26:48,401 DEBUG block.SCMBlockDeletingService (SCMBlockDeletingService.java:call(138)) - Running DeletedBlockTransactionScanner
2019-06-13 22:26:48,401 DEBUG block.SCMBlockDeletingService (SCMBlockDeletingService.java:call(155)) - Scanned deleted blocks log and got 0 delTX to process.
2019-06-13 22:26:48,404 INFO  client.GrpcClientProtocolClient (GrpcClientProtocolClient.java:onNext(254)) - client-43E682E1E07B->d5132e6f-def8-45c0-b0d2-c5ba43d86628: receive RaftClientReply:client-43E682E1E07B->d5132e6f-def8-45c0-b0d2-c5ba43d86628@group-C29775A8E805, cid=1926, SUCCESS, logIndex=3359, commits[d5132e6f-def8-45c0-b0d2-c5ba43d86628:c3361]
2019-06-13 22:26:48,404 INFO  client.GrpcClientProtocolClient (GrpcClientProtocolClient.java:onNext(254)) - client-43E682E1E07B->d5132e6f-def8-45c0-b0d2-c5ba43d86628: receive RaftClientReply:client-43E682E1E07B->d5132e6f-def8-45c0-b0d2-c5ba43d86628@group-C29775A8E805, cid=1927, SUCCESS, logIndex=3360, commits[d5132e6f-def8-45c0-b0d2-c5ba43d86628:c3362]
2019-06-13 22:26:48,405 INFO  client.GrpcClientProtocolClient (GrpcClientProtocolClient.java:onNext(254)) - client-43E682E1E07B->d5132e6f-def8-45c0-b0d2-c5ba43d86628: receive RaftClientReply:client-43E682E1E07B->d5132e6f-def8-45c0-b0d2-c5ba43d86628@group-C29775A8E805, cid=1928, SUCCESS, logIndex=3361, commits[d5132e6f-def8-45c0-b0d2-c5ba43d86628:c3362]
2019-06-13 22:26:48,424 INFO  client.GrpcClientProtocolClient (GrpcClientProtocolClient.java:onNext(254)) - client-43E682E1E07B->d5132e6f-def8-45c0-b0d2-c5ba43d86628: receive RaftClientReply:client-43E682E1E07B->d5132e6f-def8-45c0-b0d2-c5ba43d86628@group-C29775A8E805, cid=1929, SUCCESS, logIndex=3364, commits[d5132e6f-def8-45c0-b0d2-c5ba43d86628:c3364]
2019-06-13 22:26:48,428 INFO  client.GrpcClientProtocolClient (GrpcClientProtocolClient.java:onNext(254)) - client-43E682E1E07B->d5132e6f-def8-45c0-b0d2-c5ba43d86628: receive RaftClientReply:client-43E682E1E07B->d5132e6f-def8-45c0-b0d2-c5ba43d86628@group-C29775A8E805, cid=1930, SUCCESS, logIndex=3366, commits[d5132e6f-def8-45c0-b0d2-c5ba43d86628:c3366]
2019-06-13 22:26:48,432 INFO  client.GrpcClientProtocolClient (GrpcClientProtocolClient.java:onNext(254)) - client-43E682E1E07B->d5132e6f-def8-45c0-b0d2-c5ba43d86628: receive RaftClientReply:client-43E682E1E07B->d5132e6f-def8-45c0-b0d2-c5ba43d86628@group-C29775A8E805, cid=1931, SUCCESS, logIndex=3368, commits[d5132e6f-def8-45c0-b0d2-c5ba43d86628:c3369]
2019-06-13 22:26:48,433 INFO  client.GrpcClientProtocolClient (GrpcClientProtocolClient.java:onNext(254)) - client-43E682E1E07B->d5132e6f-def8-45c0-b0d2-c5ba43d86628: receive RaftClientReply:client-43E682E1E07B->d5132e6f-def8-45c0-b0d2-c5ba43d86628@group-C29775A8E805, cid=1932, SUCCESS, logIndex=3369, commits[d5132e6f-def8-45c0-b0d2-c5ba43d86628:c3369]
2019-06-13 22:26:48,442 INFO  client.GrpcClientProtocolClient (GrpcClientProtocolClient.java:onNext(254)) - client-43E682E1E07B->d5132e6f-def8-45c0-b0d2-c5ba43d86628: receive RaftClientReply:client-43E682E1E07B->d5132e6f-def8-45c0-b0d2-c5ba43d86628@group-C29775A8E805, cid=1933, SUCCESS, logIndex=3371, commits[d5132e6f-def8-45c0-b0d2-c5ba43d86628:c3371]
2019-06-13 22:26:48,444 INFO  client.GrpcClientProtocolClient (GrpcClientProtocolClient.java:onNext(254)) - client-43E682E1E07B->d5132e6f-def8-45c0-b0d2-c5ba43d86628: receive RaftClientReply:client-43E682E1E07B->d5132e6f-def8-45c0-b0d2-c5ba43d86628@group-C29775A8E805, cid=1934, SUCCESS, logIndex=3373, commits[d5132e6f-def8-45c0-b0d2-c5ba43d86628:c3374]
2019-06-13 22:26:48,449 INFO  client.GrpcClientProtocolClient (GrpcClientProtocolClient.java:onNext(254)) - client-43E682E1E07B->d5132e6f-def8-45c0-b0d2-c5ba43d86628: receive RaftClientReply:client-43E682E1E07B->d5132e6f-def8-45c0-b0d2-c5ba43d86628@group-C29775A8E805, cid=1935, SUCCESS, logIndex=3375, commits[d5132e6f-def8-45c0-b0d2-c5ba43d86628:c3377]
2019-06-13 22:26:48,451 INFO  client.GrpcClientProtocolClient (GrpcClientProtocolClient.java:onNext(254)) - client-43E682E1E07B->d5132e6f-def8-45c0-b0d2-c5ba43d86628: receive RaftClientReply:client-43E682E1E07B->d5132e6f-def8-45c0-b0d2-c5ba43d86628@group-C29775A8E805, cid=1936, SUCCESS, logIndex=3376, commits[d5132e6f-def8-45c0-b0d2-c5ba43d86628:c3377]
2019-06-13 22:26:48,470 INFO  client.GrpcClientProtocolClient (GrpcClientProtocolClient.java:onNext(254)) - client-43E682E1E07B->d5132e6f-def8-45c0-b0d2-c5ba43d86628: receive RaftClientReply:client-43E682E1E07B->d5132e6f-def8-45c0-b0d2-c5ba43d86628@group-C29775A8E805, cid=1937, SUCCESS, logIndex=3378, commits[d5132e6f-def8-45c0-b0d2-c5ba43d86628:c3379]
2019-06-13 22:26:48,474 INFO  client.GrpcClientProtocolClient (GrpcClientProtocolClient.java:onNext(254)) - client-43E682E1E07B->d5132e6f-def8-45c0-b0d2-c5ba43d86628: receive RaftClientReply:client-43E682E1E07B->d5132e6f-def8-45c0-b0d2-c5ba43d86628@group-C29775A8E805, cid=1938, SUCCESS, logIndex=3380, commits[d5132e6f-def8-45c0-b0d2-c5ba43d86628:c3381]
2019-06-13 22:26:48,481 INFO  client.GrpcClientProtocolClient (GrpcClientProtocolClient.java:onNext(254)) - client-43E682E1E07B->d5132e6f-def8-45c0-b0d2-c5ba43d86628: receive RaftClientReply:client-43E682E1E07B->d5132e6f-def8-45c0-b0d2-c5ba43d86628@group-C29775A8E805, cid=1939, SUCCESS, logIndex=3381, commits[d5132e6f-def8-45c0-b0d2-c5ba43d86628:c3381]
2019-06-13 22:26:48,483 INFO  client.GrpcClientProtocolClient (GrpcClientProtocolClient.java:onNext(254)) - client-43E682E1E07B->d5132e6f-def8-45c0-b0d2-c5ba43d86628: receive RaftClientReply:client-43E682E1E07B->d5132e6f-def8-45c0-b0d2-c5ba43d86628@group-C29775A8E805, cid=1940, SUCCESS, logIndex=3383, commits[d5132e6f-def8-45c0-b0d2-c5ba43d86628:c3383]
2019-06-13 22:26:48,497 INFO  client.GrpcClientProtocolClient (GrpcClientProtocolClient.java:onNext(254)) - client-43E682E1E07B->d5132e6f-def8-45c0-b0d2-c5ba43d86628: receive RaftClientReply:client-43E682E1E07B->d5132e6f-def8-45c0-b0d2-c5ba43d86628@group-C29775A8E805, cid=1941, SUCCESS, logIndex=3386, commits[d5132e6f-def8-45c0-b0d2-c5ba43d86628:c3386]
2019-06-13 22:26:48,500 INFO  client.GrpcClientProtocolClient (GrpcClientProtocolClient.java:onNext(254)) - client-43E682E1E07B->d5132e6f-def8-45c0-b0d2-c5ba43d86628: receive RaftClientReply:client-43E682E1E07B->d5132e6f-def8-45c0-b0d2-c5ba43d86628@group-C29775A8E805, cid=1942, SUCCESS, logIndex=3388, commits[d5132e6f-def8-45c0-b0d2-c5ba43d86628:c3388]
2019-06-13 22:26:48,501 INFO  client.GrpcClientProtocolClient (GrpcClientProtocolClient.java:onNext(254)) - client-43E682E1E07B->d5132e6f-def8-45c0-b0d2-c5ba43d86628: receive RaftClientReply:client-43E682E1E07B->d5132e6f-def8-45c0-b0d2-c5ba43d86628@group-C29775A8E805, cid=1943, SUCCESS, logIndex=3389, commits[d5132e6f-def8-45c0-b0d2-c5ba43d86628:c3391]
2019-06-13 22:26:48,502 DEBUG block.SCMBlockDeletingService (SCMBlockDeletingService.java:call(138)) - Running DeletedBlockTransactionScanner
2019-06-13 22:26:48,502 INFO  client.GrpcClientProtocolClient (GrpcClientProtocolClient.java:onNext(254)) - client-43E682E1E07B->d5132e6f-def8-45c0-b0d2-c5ba43d86628: receive RaftClientReply:client-43E682E1E07B->d5132e6f-def8-45c0-b0d2-c5ba43d86628@group-C29775A8E805, cid=1944, SUCCESS, logIndex=3390, commits[d5132e6f-def8-45c0-b0d2-c5ba43d86628:c3391]
2019-06-13 22:26:48,502 DEBUG block.SCMBlockDeletingService (SCMBlockDeletingService.java:call(155)) - Scanned deleted blocks log and got 0 delTX to process.
2019-06-13 22:26:48,602 DEBUG block.SCMBlockDeletingService (SCMBlockDeletingService.java:call(138)) - Running DeletedBlockTransactionScanner
2019-06-13 22:26:48,602 DEBUG block.SCMBlockDeletingService (SCMBlockDeletingService.java:call(155)) - Scanned deleted blocks log and got 0 delTX to process.
2019-06-13 22:26:48,616 INFO  client.GrpcClientProtocolClient (GrpcClientProtocolClient.java:onNext(254)) - client-43E682E1E07B->d5132e6f-def8-45c0-b0d2-c5ba43d86628: receive RaftClientReply:client-43E682E1E07B->d5132e6f-def8-45c0-b0d2-c5ba43d86628@group-C29775A8E805, cid=1945, SUCCESS, logIndex=3392, commits[d5132e6f-def8-45c0-b0d2-c5ba43d86628:c3392]
2019-06-13 22:26:48,619 INFO  client.GrpcClientProtocolClient (GrpcClientProtocolClient.java:onNext(254)) - client-43E682E1E07B->d5132e6f-def8-45c0-b0d2-c5ba43d86628: receive RaftClientReply:client-43E682E1E07B->d5132e6f-def8-45c0-b0d2-c5ba43d86628@group-C29775A8E805, cid=1946, SUCCESS, logIndex=3394, commits[d5132e6f-def8-45c0-b0d2-c5ba43d86628:c3394]
2019-06-13 22:26:48,620 INFO  client.GrpcClientProtocolClient (GrpcClientProtocolClient.java:onNext(254)) - client-43E682E1E07B->d5132e6f-def8-45c0-b0d2-c5ba43d86628: receive RaftClientReply:client-43E682E1E07B->d5132e6f-def8-45c0-b0d2-c5ba43d86628@group-C29775A8E805, cid=1947, SUCCESS, logIndex=3395, commits[d5132e6f-def8-45c0-b0d2-c5ba43d86628:c3397]
2019-06-13 22:26:48,620 INFO  client.GrpcClientProtocolClient (GrpcClientProtocolClient.java:onNext(254)) - client-43E682E1E07B->d5132e6f-def8-45c0-b0d2-c5ba43d86628: receive RaftClientReply:client-43E682E1E07B->d5132e6f-def8-45c0-b0d2-c5ba43d86628@group-C29775A8E805, cid=1948, SUCCESS, logIndex=3396, commits[d5132e6f-def8-45c0-b0d2-c5ba43d86628:c3397]
2019-06-13 22:26:48,628 INFO  client.GrpcClientProtocolClient (GrpcClientProtocolClient.java:onNext(254)) - client-43E682E1E07B->d5132e6f-def8-45c0-b0d2-c5ba43d86628: receive RaftClientReply:client-43E682E1E07B->d5132e6f-def8-45c0-b0d2-c5ba43d86628@group-C29775A8E805, cid=1949, SUCCESS, logIndex=3398, commits[d5132e6f-def8-45c0-b0d2-c5ba43d86628:c3398]
2019-06-13 22:26:48,633 INFO  client.GrpcClientProtocolClient (GrpcClientProtocolClient.java:onNext(254)) - client-43E682E1E07B->d5132e6f-def8-45c0-b0d2-c5ba43d86628: receive RaftClientReply:client-43E682E1E07B->d5132e6f-def8-45c0-b0d2-c5ba43d86628@group-C29775A8E805, cid=1950, SUCCESS, logIndex=3400, commits[d5132e6f-def8-45c0-b0d2-c5ba43d86628:c3400]
2019-06-13 22:26:48,634 INFO  client.GrpcClientProtocolClient (GrpcClientProtocolClient.java:onNext(254)) - client-43E682E1E07B->d5132e6f-def8-45c0-b0d2-c5ba43d86628: receive RaftClientReply:client-43E682E1E07B->d5132e6f-def8-45c0-b0d2-c5ba43d86628@group-C29775A8E805, cid=1951, SUCCESS, logIndex=3401, commits[d5132e6f-def8-45c0-b0d2-c5ba43d86628:c3402]
2019-06-13 22:26:48,634 INFO  client.GrpcClientProtocolClient (GrpcClientProtocolClient.java:onNext(254)) - client-43E682E1E07B->d5132e6f-def8-45c0-b0d2-c5ba43d86628: receive RaftClientReply:client-43E682E1E07B->d5132e6f-def8-45c0-b0d2-c5ba43d86628@group-C29775A8E805, cid=1952, SUCCESS, logIndex=3402, commits[d5132e6f-def8-45c0-b0d2-c5ba43d86628:c3402]
2019-06-13 22:26:48,656 INFO  client.GrpcClientProtocolClient (GrpcClientProtocolClient.java:onNext(254)) - client-43E682E1E07B->d5132e6f-def8-45c0-b0d2-c5ba43d86628: receive RaftClientReply:client-43E682E1E07B->d5132e6f-def8-45c0-b0d2-c5ba43d86628@group-C29775A8E805, cid=1953, SUCCESS, logIndex=3405, commits[d5132e6f-def8-45c0-b0d2-c5ba43d86628:c3405]
2019-06-13 22:26:48,662 INFO  client.GrpcClientProtocolClient (GrpcClientProtocolClient.java:onNext(254)) - client-43E682E1E07B->d5132e6f-def8-45c0-b0d2-c5ba43d86628: receive RaftClientReply:client-43E682E1E07B->d5132e6f-def8-45c0-b0d2-c5ba43d86628@group-C29775A8E805, cid=1954, SUCCESS, logIndex=3407, commits[d5132e6f-def8-45c0-b0d2-c5ba43d86628:c3409]
2019-06-13 22:26:48,662 INFO  client.GrpcClientProtocolClient (GrpcClientProtocolClient.java:onNext(254)) - client-43E682E1E07B->d5132e6f-def8-45c0-b0d2-c5ba43d86628: receive RaftClientReply:client-43E682E1E07B->d5132e6f-def8-45c0-b0d2-c5ba43d86628@group-C29775A8E805, cid=1955, SUCCESS, logIndex=3408, commits[d5132e6f-def8-45c0-b0d2-c5ba43d86628:c3409]
2019-06-13 22:26:48,663 INFO  client.GrpcClientProtocolClient (GrpcClientProtocolClient.java:onNext(254)) - client-43E682E1E07B->d5132e6f-def8-45c0-b0d2-c5ba43d86628: receive RaftClientReply:client-43E682E1E07B->d5132e6f-def8-45c0-b0d2-c5ba43d86628@group-C29775A8E805, cid=1956, SUCCESS, logIndex=3409, commits[d5132e6f-def8-45c0-b0d2-c5ba43d86628:c3409]
2019-06-13 22:26:48,673 INFO  client.GrpcClientProtocolClient (GrpcClientProtocolClient.java:onNext(254)) - client-43E682E1E07B->d5132e6f-def8-45c0-b0d2-c5ba43d86628: receive RaftClientReply:client-43E682E1E07B->d5132e6f-def8-45c0-b0d2-c5ba43d86628@group-C29775A8E805, cid=1957, SUCCESS, logIndex=3411, commits[d5132e6f-def8-45c0-b0d2-c5ba43d86628:c3411]
2019-06-13 22:26:48,678 INFO  client.GrpcClientProtocolClient (GrpcClientProtocolClient.java:onNext(254)) - client-43E682E1E07B->d5132e6f-def8-45c0-b0d2-c5ba43d86628: receive RaftClientReply:client-43E682E1E07B->d5132e6f-def8-45c0-b0d2-c5ba43d86628@group-C29775A8E805, cid=1958, SUCCESS, logIndex=3413, commits[d5132e6f-def8-45c0-b0d2-c5ba43d86628:c3417]
2019-06-13 22:26:48,679 INFO  client.GrpcClientProtocolClient (GrpcClientProtocolClient.java:onNext(254)) - client-43E682E1E07B->d5132e6f-def8-45c0-b0d2-c5ba43d86628: receive RaftClientReply:client-43E682E1E07B->d5132e6f-def8-45c0-b0d2-c5ba43d86628@group-C29775A8E805, cid=1959, SUCCESS, logIndex=3414, commits[d5132e6f-def8-45c0-b0d2-c5ba43d86628:c3417]
2019-06-13 22:26:48,679 INFO  client.GrpcClientProtocolClient (GrpcClientProtocolClient.java:onNext(254)) - client-43E682E1E07B->d5132e6f-def8-45c0-b0d2-c5ba43d86628: receive RaftClientReply:client-43E682E1E07B->d5132e6f-def8-45c0-b0d2-c5ba43d86628@group-C29775A8E805, cid=1960, SUCCESS, logIndex=3415, commits[d5132e6f-def8-45c0-b0d2-c5ba43d86628:c3417]
2019-06-13 22:26:48,694 INFO  client.GrpcClientProtocolClient (GrpcClientProtocolClient.java:onNext(254)) - client-43E682E1E07B->d5132e6f-def8-45c0-b0d2-c5ba43d86628: receive RaftClientReply:client-43E682E1E07B->d5132e6f-def8-45c0-b0d2-c5ba43d86628@group-C29775A8E805, cid=1961, SUCCESS, logIndex=3418, commits[d5132e6f-def8-45c0-b0d2-c5ba43d86628:c3419]
2019-06-13 22:26:48,696 INFO  client.GrpcClientProtocolClient (GrpcClientProtocolClient.java:onNext(254)) - client-43E682E1E07B->d5132e6f-def8-45c0-b0d2-c5ba43d86628: receive RaftClientReply:client-43E682E1E07B->d5132e6f-def8-45c0-b0d2-c5ba43d86628@group-C29775A8E805, cid=1962, SUCCESS, logIndex=3420, commits[d5132e6f-def8-45c0-b0d2-c5ba43d86628:c3420]
2019-06-13 22:26:48,697 INFO  client.GrpcClientProtocolClient (GrpcClientProtocolClient.java:onNext(254)) - client-43E682E1E07B->d5132e6f-def8-45c0-b0d2-c5ba43d86628: receive RaftClientReply:client-43E682E1E07B->d5132e6f-def8-45c0-b0d2-c5ba43d86628@group-C29775A8E805, cid=1963, SUCCESS, logIndex=3421, commits[d5132e6f-def8-45c0-b0d2-c5ba43d86628:c3423]
2019-06-13 22:26:48,697 INFO  client.GrpcClientProtocolClient (GrpcClientProtocolClient.java:onNext(254)) - client-43E682E1E07B->d5132e6f-def8-45c0-b0d2-c5ba43d86628: receive RaftClientReply:client-43E682E1E07B->d5132e6f-def8-45c0-b0d2-c5ba43d86628@group-C29775A8E805, cid=1964, SUCCESS, logIndex=3422, commits[d5132e6f-def8-45c0-b0d2-c5ba43d86628:c3423]
2019-06-13 22:26:48,703 DEBUG block.SCMBlockDeletingService (SCMBlockDeletingService.java:call(138)) - Running DeletedBlockTransactionScanner
2019-06-13 22:26:48,703 DEBUG block.SCMBlockDeletingService (SCMBlockDeletingService.java:call(155)) - Scanned deleted blocks log and got 0 delTX to process.
2019-06-13 22:26:48,706 INFO  client.GrpcClientProtocolClient (GrpcClientProtocolClient.java:onNext(254)) - client-43E682E1E07B->d5132e6f-def8-45c0-b0d2-c5ba43d86628: receive RaftClientReply:client-43E682E1E07B->d5132e6f-def8-45c0-b0d2-c5ba43d86628@group-C29775A8E805, cid=1965, SUCCESS, logIndex=3424, commits[d5132e6f-def8-45c0-b0d2-c5ba43d86628:c3424]
2019-06-13 22:26:48,706 INFO  storage.RaftLogWorker (RaftLogWorker.java:rollLogSegment(303)) - d5132e6f-def8-45c0-b0d2-c5ba43d86628-RaftLogWorker: Rolling segment log-3354_3425 to index:3425
2019-06-13 22:26:48,706 INFO  storage.RaftLogWorker (RaftLogWorker.java:execute(433)) - d5132e6f-def8-45c0-b0d2-c5ba43d86628-RaftLogWorker: Rolled log segment from /opt/src/hadoop-ozone/integration-test/target/test-dir/MiniOzoneClusterImpl-e9ea07bb-4900-4b53-96c1-68f0ab556a80/datanode-0/data/ratis/c7035dd3-cd4a-42fb-880d-c29775a8e805/current/log_inprogress_3354 to /opt/src/hadoop-ozone/integration-test/target/test-dir/MiniOzoneClusterImpl-e9ea07bb-4900-4b53-96c1-68f0ab556a80/datanode-0/data/ratis/c7035dd3-cd4a-42fb-880d-c29775a8e805/current/log_3354-3425
2019-06-13 22:26:48,749 INFO  storage.RaftLogWorker (RaftLogWorker.java:execute(469)) - d5132e6f-def8-45c0-b0d2-c5ba43d86628-RaftLogWorker: created new log segment /opt/src/hadoop-ozone/integration-test/target/test-dir/MiniOzoneClusterImpl-e9ea07bb-4900-4b53-96c1-68f0ab556a80/datanode-0/data/ratis/c7035dd3-cd4a-42fb-880d-c29775a8e805/current/log_inprogress_3426
2019-06-13 22:26:48,753 INFO  client.GrpcClientProtocolClient (GrpcClientProtocolClient.java:onNext(254)) - client-43E682E1E07B->d5132e6f-def8-45c0-b0d2-c5ba43d86628: receive RaftClientReply:client-43E682E1E07B->d5132e6f-def8-45c0-b0d2-c5ba43d86628@group-C29775A8E805, cid=1966, SUCCESS, logIndex=3426, commits[d5132e6f-def8-45c0-b0d2-c5ba43d86628:c3428]
2019-06-13 22:26:48,753 INFO  client.GrpcClientProtocolClient (GrpcClientProtocolClient.java:onNext(254)) - client-43E682E1E07B->d5132e6f-def8-45c0-b0d2-c5ba43d86628: receive RaftClientReply:client-43E682E1E07B->d5132e6f-def8-45c0-b0d2-c5ba43d86628@group-C29775A8E805, cid=1967, SUCCESS, logIndex=3427, commits[d5132e6f-def8-45c0-b0d2-c5ba43d86628:c3428]
2019-06-13 22:26:48,753 INFO  client.GrpcClientProtocolClient (GrpcClientProtocolClient.java:onNext(254)) - client-43E682E1E07B->d5132e6f-def8-45c0-b0d2-c5ba43d86628: receive RaftClientReply:client-43E682E1E07B->d5132e6f-def8-45c0-b0d2-c5ba43d86628@group-C29775A8E805, cid=1968, SUCCESS, logIndex=3428, commits[d5132e6f-def8-45c0-b0d2-c5ba43d86628:c3429]
2019-06-13 22:26:48,770 INFO  client.GrpcClientProtocolClient (GrpcClientProtocolClient.java:onNext(254)) - client-43E682E1E07B->d5132e6f-def8-45c0-b0d2-c5ba43d86628: receive RaftClientReply:client-43E682E1E07B->d5132e6f-def8-45c0-b0d2-c5ba43d86628@group-C29775A8E805, cid=1969, SUCCESS, logIndex=3430, commits[d5132e6f-def8-45c0-b0d2-c5ba43d86628:c3430]
2019-06-13 22:26:48,772 INFO  client.GrpcClientProtocolClient (GrpcClientProtocolClient.java:onNext(254)) - client-43E682E1E07B->d5132e6f-def8-45c0-b0d2-c5ba43d86628: receive RaftClientReply:client-43E682E1E07B->d5132e6f-def8-45c0-b0d2-c5ba43d86628@group-C29775A8E805, cid=1970, SUCCESS, logIndex=3432, commits[d5132e6f-def8-45c0-b0d2-c5ba43d86628:c3432]
2019-06-13 22:26:48,773 INFO  client.GrpcClientProtocolClient (GrpcClientProtocolClient.java:onNext(254)) - client-43E682E1E07B->d5132e6f-def8-45c0-b0d2-c5ba43d86628: receive RaftClientReply:client-43E682E1E07B->d5132e6f-def8-45c0-b0d2-c5ba43d86628@group-C29775A8E805, cid=1971, SUCCESS, logIndex=3433, commits[d5132e6f-def8-45c0-b0d2-c5ba43d86628:c3433]
2019-06-13 22:26:48,774 INFO  client.GrpcClientProtocolClient (GrpcClientProtocolClient.java:onNext(254)) - client-43E682E1E07B->d5132e6f-def8-45c0-b0d2-c5ba43d86628: receive RaftClientReply:client-43E682E1E07B->d5132e6f-def8-45c0-b0d2-c5ba43d86628@group-C29775A8E805, cid=1972, SUCCESS, logIndex=3435, commits[d5132e6f-def8-45c0-b0d2-c5ba43d86628:c3435]
2019-06-13 22:26:48,781 INFO  client.GrpcClientProtocolClient (GrpcClientProtocolClient.java:onNext(254)) - client-43E682E1E07B->d5132e6f-def8-45c0-b0d2-c5ba43d86628: receive RaftClientReply:client-43E682E1E07B->d5132e6f-def8-45c0-b0d2-c5ba43d86628@group-C29775A8E805, cid=1973, SUCCESS, logIndex=3438, commits[d5132e6f-def8-45c0-b0d2-c5ba43d86628:c3438]
2019-06-13 22:26:48,785 INFO  client.GrpcClientProtocolClient (GrpcClientProtocolClient.java:onNext(254)) - client-43E682E1E07B->d5132e6f-def8-45c0-b0d2-c5ba43d86628: receive RaftClientReply:client-43E682E1E07B->d5132e6f-def8-45c0-b0d2-c5ba43d86628@group-C29775A8E805, cid=1974, SUCCESS, logIndex=3440, commits[d5132e6f-def8-45c0-b0d2-c5ba43d86628:c3440]
2019-06-13 22:26:48,786 INFO  client.GrpcClientProtocolClient (GrpcClientProtocolClient.java:onNext(254)) - client-43E682E1E07B->d5132e6f-def8-45c0-b0d2-c5ba43d86628: receive RaftClientReply:client-43E682E1E07B->d5132e6f-def8-45c0-b0d2-c5ba43d86628@group-C29775A8E805, cid=1975, SUCCESS, logIndex=3442, commits[d5132e6f-def8-45c0-b0d2-c5ba43d86628:c3442]
2019-06-13 22:26:48,787 INFO  client.GrpcClientProtocolClient (GrpcClientProtocolClient.java:onNext(254)) - client-43E682E1E07B->d5132e6f-def8-45c0-b0d2-c5ba43d86628: receive RaftClientReply:client-43E682E1E07B->d5132e6f-def8-45c0-b0d2-c5ba43d86628@group-C29775A8E805, cid=1976, SUCCESS, logIndex=3443, commits[d5132e6f-def8-45c0-b0d2-c5ba43d86628:c3443]
2019-06-13 22:26:48,800 INFO  client.GrpcClientProtocolClient (GrpcClientProtocolClient.java:onNext(254)) - client-43E682E1E07B->d5132e6f-def8-45c0-b0d2-c5ba43d86628: receive RaftClientReply:client-43E682E1E07B->d5132e6f-def8-45c0-b0d2-c5ba43d86628@group-C29775A8E805, cid=1977, SUCCESS, logIndex=3446, commits[d5132e6f-def8-45c0-b0d2-c5ba43d86628:c3446]
2019-06-13 22:26:48,802 INFO  client.GrpcClientProtocolClient (GrpcClientProtocolClient.java:onNext(254)) - client-43E682E1E07B->d5132e6f-def8-45c0-b0d2-c5ba43d86628: receive RaftClientReply:client-43E682E1E07B->d5132e6f-def8-45c0-b0d2-c5ba43d86628@group-C29775A8E805, cid=1978, SUCCESS, logIndex=3448, commits[d5132e6f-def8-45c0-b0d2-c5ba43d86628:c3448]
2019-06-13 22:26:48,803 DEBUG block.SCMBlockDeletingService (SCMBlockDeletingService.java:call(138)) - Running DeletedBlockTransactionScanner
2019-06-13 22:26:48,803 DEBUG block.SCMBlockDeletingService (SCMBlockDeletingService.java:call(155)) - Scanned deleted blocks log and got 0 delTX to process.
2019-06-13 22:26:48,803 INFO  client.GrpcClientProtocolClient (GrpcClientProtocolClient.java:onNext(254)) - client-43E682E1E07B->d5132e6f-def8-45c0-b0d2-c5ba43d86628: receive RaftClientReply:client-43E682E1E07B->d5132e6f-def8-45c0-b0d2-c5ba43d86628@group-C29775A8E805, cid=1979, SUCCESS, logIndex=3449, commits[d5132e6f-def8-45c0-b0d2-c5ba43d86628:c3451]
2019-06-13 22:26:48,810 INFO  client.GrpcClientProtocolClient (GrpcClientProtocolClient.java:onNext(254)) - client-43E682E1E07B->d5132e6f-def8-45c0-b0d2-c5ba43d86628: receive RaftClientReply:client-43E682E1E07B->d5132e6f-def8-45c0-b0d2-c5ba43d86628@group-C29775A8E805, cid=1980, SUCCESS, logIndex=3450, commits[d5132e6f-def8-45c0-b0d2-c5ba43d86628:c3451]
2019-06-13 22:26:48,820 INFO  client.GrpcClientProtocolClient (GrpcClientProtocolClient.java:onNext(254)) - client-43E682E1E07B->d5132e6f-def8-45c0-b0d2-c5ba43d86628: receive RaftClientReply:client-43E682E1E07B->d5132e6f-def8-45c0-b0d2-c5ba43d86628@group-C29775A8E805, cid=1981, SUCCESS, logIndex=3452, commits[d5132e6f-def8-45c0-b0d2-c5ba43d86628:c3452]
2019-06-13 22:26:48,823 INFO  client.GrpcClientProtocolClient (GrpcClientProtocolClient.java:onNext(254)) - client-43E682E1E07B->d5132e6f-def8-45c0-b0d2-c5ba43d86628: receive RaftClientReply:client-43E682E1E07B->d5132e6f-def8-45c0-b0d2-c5ba43d86628@group-C29775A8E805, cid=1982, SUCCESS, logIndex=3454, commits[d5132e6f-def8-45c0-b0d2-c5ba43d86628:c3454]
2019-06-13 22:26:48,824 INFO  client.GrpcClientProtocolClient (GrpcClientProtocolClient.java:onNext(254)) - client-43E682E1E07B->d5132e6f-def8-45c0-b0d2-c5ba43d86628: receive RaftClientReply:client-43E682E1E07B->d5132e6f-def8-45c0-b0d2-c5ba43d86628@group-C29775A8E805, cid=1983, SUCCESS, logIndex=3455, commits[d5132e6f-def8-45c0-b0d2-c5ba43d86628:c3456]
2019-06-13 22:26:48,824 INFO  client.GrpcClientProtocolClient (GrpcClientProtocolClient.java:onNext(254)) - client-43E682E1E07B->d5132e6f-def8-45c0-b0d2-c5ba43d86628: receive RaftClientReply:client-43E682E1E07B->d5132e6f-def8-45c0-b0d2-c5ba43d86628@group-C29775A8E805, cid=1984, SUCCESS, logIndex=3456, commits[d5132e6f-def8-45c0-b0d2-c5ba43d86628:c3457]
2019-06-13 22:26:48,837 INFO  client.GrpcClientProtocolClient (GrpcClientProtocolClient.java:onNext(254)) - client-43E682E1E07B->d5132e6f-def8-45c0-b0d2-c5ba43d86628: receive RaftClientReply:client-43E682E1E07B->d5132e6f-def8-45c0-b0d2-c5ba43d86628@group-C29775A8E805, cid=1985, SUCCESS, logIndex=3459, commits[d5132e6f-def8-45c0-b0d2-c5ba43d86628:c3459]
2019-06-13 22:26:48,840 INFO  client.GrpcClientProtocolClient (GrpcClientProtocolClient.java:onNext(254)) - client-43E682E1E07B->d5132e6f-def8-45c0-b0d2-c5ba43d86628: receive RaftClientReply:client-43E682E1E07B->d5132e6f-def8-45c0-b0d2-c5ba43d86628@group-C29775A8E805, cid=1986, SUCCESS, logIndex=3461, commits[d5132e6f-def8-45c0-b0d2-c5ba43d86628:c3461]
2019-06-13 22:26:48,845 INFO  client.GrpcClientProtocolClient (GrpcClientProtocolClient.java:onNext(254)) - client-43E682E1E07B->d5132e6f-def8-45c0-b0d2-c5ba43d86628: receive RaftClientReply:client-43E682E1E07B->d5132e6f-def8-45c0-b0d2-c5ba43d86628@group-C29775A8E805, cid=1987, SUCCESS, logIndex=3462, commits[d5132e6f-def8-45c0-b0d2-c5ba43d86628:c3462]
2019-06-13 22:26:48,846 INFO  client.GrpcClientProtocolClient (GrpcClientProtocolClient.java:onNext(254)) - client-43E682E1E07B->d5132e6f-def8-45c0-b0d2-c5ba43d86628: receive RaftClientReply:client-43E682E1E07B->d5132e6f-def8-45c0-b0d2-c5ba43d86628@group-C29775A8E805, cid=1988, SUCCESS, logIndex=3464, commits[d5132e6f-def8-45c0-b0d2-c5ba43d86628:c3464]
2019-06-13 22:26:48,903 DEBUG block.SCMBlockDeletingService (SCMBlockDeletingService.java:call(138)) - Running DeletedBlockTransactionScanner
2019-06-13 22:26:48,904 DEBUG block.SCMBlockDeletingService (SCMBlockDeletingService.java:call(155)) - Scanned deleted blocks log and got 0 delTX to process.
2019-06-13 22:26:48,994 INFO  client.GrpcClientProtocolClient (GrpcClientProtocolClient.java:onNext(254)) - client-43E682E1E07B->d5132e6f-def8-45c0-b0d2-c5ba43d86628: receive RaftClientReply:client-43E682E1E07B->d5132e6f-def8-45c0-b0d2-c5ba43d86628@group-C29775A8E805, cid=1989, SUCCESS, logIndex=3467, commits[d5132e6f-def8-45c0-b0d2-c5ba43d86628:c3467]
2019-06-13 22:26:48,996 INFO  client.GrpcClientProtocolClient (GrpcClientProtocolClient.java:onNext(254)) - client-43E682E1E07B->d5132e6f-def8-45c0-b0d2-c5ba43d86628: receive RaftClientReply:client-43E682E1E07B->d5132e6f-def8-45c0-b0d2-c5ba43d86628@group-C29775A8E805, cid=1990, SUCCESS, logIndex=3469, commits[d5132e6f-def8-45c0-b0d2-c5ba43d86628:c3469]
2019-06-13 22:26:48,997 INFO  client.GrpcClientProtocolClient (GrpcClientProtocolClient.java:onNext(254)) - client-43E682E1E07B->d5132e6f-def8-45c0-b0d2-c5ba43d86628: receive RaftClientReply:client-43E682E1E07B->d5132e6f-def8-45c0-b0d2-c5ba43d86628@group-C29775A8E805, cid=1991, SUCCESS, logIndex=3470, commits[d5132e6f-def8-45c0-b0d2-c5ba43d86628:c3472]
2019-06-13 22:26:48,997 INFO  client.GrpcClientProtocolClient (GrpcClientProtocolClient.java:onNext(254)) - client-43E682E1E07B->d5132e6f-def8-45c0-b0d2-c5ba43d86628: receive RaftClientReply:client-43E682E1E07B->d5132e6f-def8-45c0-b0d2-c5ba43d86628@group-C29775A8E805, cid=1992, SUCCESS, logIndex=3471, commits[d5132e6f-def8-45c0-b0d2-c5ba43d86628:c3472]
2019-06-13 22:26:49,004 DEBUG block.SCMBlockDeletingService (SCMBlockDeletingService.java:call(138)) - Running DeletedBlockTransactionScanner
2019-06-13 22:26:49,004 DEBUG block.SCMBlockDeletingService (SCMBlockDeletingService.java:call(155)) - Scanned deleted blocks log and got 0 delTX to process.
2019-06-13 22:26:49,008 INFO  client.GrpcClientProtocolClient (GrpcClientProtocolClient.java:onNext(254)) - client-43E682E1E07B->d5132e6f-def8-45c0-b0d2-c5ba43d86628: receive RaftClientReply:client-43E682E1E07B->d5132e6f-def8-45c0-b0d2-c5ba43d86628@group-C29775A8E805, cid=1993, SUCCESS, logIndex=3473, commits[d5132e6f-def8-45c0-b0d2-c5ba43d86628:c3473]
2019-06-13 22:26:49,009 INFO  client.GrpcClientProtocolClient (GrpcClientProtocolClient.java:onNext(254)) - client-43E682E1E07B->d5132e6f-def8-45c0-b0d2-c5ba43d86628: receive RaftClientReply:client-43E682E1E07B->d5132e6f-def8-45c0-b0d2-c5ba43d86628@group-C29775A8E805, cid=1994, SUCCESS, logIndex=3475, commits[d5132e6f-def8-45c0-b0d2-c5ba43d86628:c3475]
2019-06-13 22:26:49,010 INFO  client.GrpcClientProtocolClient (GrpcClientProtocolClient.java:onNext(254)) - client-43E682E1E07B->d5132e6f-def8-45c0-b0d2-c5ba43d86628: receive RaftClientReply:client-43E682E1E07B->d5132e6f-def8-45c0-b0d2-c5ba43d86628@group-C29775A8E805, cid=1995, SUCCESS, logIndex=3476, commits[d5132e6f-def8-45c0-b0d2-c5ba43d86628:c3478]
2019-06-13 22:26:49,011 INFO  client.GrpcClientProtocolClient (GrpcClientProtocolClient.java:onNext(254)) - client-43E682E1E07B->d5132e6f-def8-45c0-b0d2-c5ba43d86628: receive RaftClientReply:client-43E682E1E07B->d5132e6f-def8-45c0-b0d2-c5ba43d86628@group-C29775A8E805, cid=1996, SUCCESS, logIndex=3477, commits[d5132e6f-def8-45c0-b0d2-c5ba43d86628:c3478]
2019-06-13 22:26:49,016 INFO  client.GrpcClientProtocolClient (GrpcClientProtocolClient.java:onNext(254)) - client-43E682E1E07B->d5132e6f-def8-45c0-b0d2-c5ba43d86628: receive RaftClientReply:client-43E682E1E07B->d5132e6f-def8-45c0-b0d2-c5ba43d86628@group-C29775A8E805, cid=1997, SUCCESS, logIndex=3479, commits[d5132e6f-def8-45c0-b0d2-c5ba43d86628:c3479]
2019-06-13 22:26:49,018 INFO  client.GrpcClientProtocolClient (GrpcClientProtocolClient.java:onNext(254)) - client-43E682E1E07B->d5132e6f-def8-45c0-b0d2-c5ba43d86628: receive RaftClientReply:client-43E682E1E07B->d5132e6f-def8-45c0-b0d2-c5ba43d86628@group-C29775A8E805, cid=1998, SUCCESS, logIndex=3481, commits[d5132e6f-def8-45c0-b0d2-c5ba43d86628:c3481]
2019-06-13 22:26:49,019 INFO  client.GrpcClientProtocolClient (GrpcClientProtocolClient.java:onNext(254)) - client-43E682E1E07B->d5132e6f-def8-45c0-b0d2-c5ba43d86628: receive RaftClientReply:client-43E682E1E07B->d5132e6f-def8-45c0-b0d2-c5ba43d86628@group-C29775A8E805, cid=1999, SUCCESS, logIndex=3482, commits[d5132e6f-def8-45c0-b0d2-c5ba43d86628:c3484]
2019-06-13 22:26:49,021 INFO  client.GrpcClientProtocolClient (GrpcClientProtocolClient.java:onNext(254)) - client-43E682E1E07B->d5132e6f-def8-45c0-b0d2-c5ba43d86628: receive RaftClientReply:client-43E682E1E07B->d5132e6f-def8-45c0-b0d2-c5ba43d86628@group-C29775A8E805, cid=2000, SUCCESS, logIndex=3483, commits[d5132e6f-def8-45c0-b0d2-c5ba43d86628:c3484]
2019-06-13 22:26:49,031 INFO  client.GrpcClientProtocolClient (GrpcClientProtocolClient.java:onNext(254)) - client-43E682E1E07B->d5132e6f-def8-45c0-b0d2-c5ba43d86628: receive RaftClientReply:client-43E682E1E07B->d5132e6f-def8-45c0-b0d2-c5ba43d86628@group-C29775A8E805, cid=2001, SUCCESS, logIndex=3486, commits[d5132e6f-def8-45c0-b0d2-c5ba43d86628:c3486]
2019-06-13 22:26:49,033 INFO  client.GrpcClientProtocolClient (GrpcClientProtocolClient.java:onNext(254)) - client-43E682E1E07B->d5132e6f-def8-45c0-b0d2-c5ba43d86628: receive RaftClientReply:client-43E682E1E07B->d5132e6f-def8-45c0-b0d2-c5ba43d86628@group-C29775A8E805, cid=2002, SUCCESS, logIndex=3488, commits[d5132e6f-def8-45c0-b0d2-c5ba43d86628:c3488]
2019-06-13 22:26:49,034 INFO  client.GrpcClientProtocolClient (GrpcClientProtocolClient.java:onNext(254)) - client-43E682E1E07B->d5132e6f-def8-45c0-b0d2-c5ba43d86628: receive RaftClientReply:client-43E682E1E07B->d5132e6f-def8-45c0-b0d2-c5ba43d86628@group-C29775A8E805, cid=2003, SUCCESS, logIndex=3489, commits[d5132e6f-def8-45c0-b0d2-c5ba43d86628:c3490]
2019-06-13 22:26:49,034 INFO  client.GrpcClientProtocolClient (GrpcClientProtocolClient.java:onNext(254)) - client-43E682E1E07B->d5132e6f-def8-45c0-b0d2-c5ba43d86628: receive RaftClientReply:client-43E682E1E07B->d5132e6f-def8-45c0-b0d2-c5ba43d86628@group-C29775A8E805, cid=2004, SUCCESS, logIndex=3490, commits[d5132e6f-def8-45c0-b0d2-c5ba43d86628:c3491]
2019-06-13 22:26:49,042 INFO  client.GrpcClientProtocolClient (GrpcClientProtocolClient.java:onNext(254)) - client-43E682E1E07B->d5132e6f-def8-45c0-b0d2-c5ba43d86628: receive RaftClientReply:client-43E682E1E07B->d5132e6f-def8-45c0-b0d2-c5ba43d86628@group-C29775A8E805, cid=2005, SUCCESS, logIndex=3493, commits[d5132e6f-def8-45c0-b0d2-c5ba43d86628:c3493]
2019-06-13 22:26:49,042 INFO  storage.RaftLogWorker (RaftLogWorker.java:rollLogSegment(303)) - d5132e6f-def8-45c0-b0d2-c5ba43d86628-RaftLogWorker: Rolling segment log-3426_3496 to index:3496
2019-06-13 22:26:49,043 INFO  storage.RaftLogWorker (RaftLogWorker.java:execute(433)) - d5132e6f-def8-45c0-b0d2-c5ba43d86628-RaftLogWorker: Rolled log segment from /opt/src/hadoop-ozone/integration-test/target/test-dir/MiniOzoneClusterImpl-e9ea07bb-4900-4b53-96c1-68f0ab556a80/datanode-0/data/ratis/c7035dd3-cd4a-42fb-880d-c29775a8e805/current/log_inprogress_3426 to /opt/src/hadoop-ozone/integration-test/target/test-dir/MiniOzoneClusterImpl-e9ea07bb-4900-4b53-96c1-68f0ab556a80/datanode-0/data/ratis/c7035dd3-cd4a-42fb-880d-c29775a8e805/current/log_3426-3496
2019-06-13 22:26:49,044 INFO  client.GrpcClientProtocolClient (GrpcClientProtocolClient.java:onNext(254)) - client-43E682E1E07B->d5132e6f-def8-45c0-b0d2-c5ba43d86628: receive RaftClientReply:client-43E682E1E07B->d5132e6f-def8-45c0-b0d2-c5ba43d86628@group-C29775A8E805, cid=2006, SUCCESS, logIndex=3495, commits[d5132e6f-def8-45c0-b0d2-c5ba43d86628:c3495]
2019-06-13 22:26:49,045 INFO  client.GrpcClientProtocolClient (GrpcClientProtocolClient.java:onNext(254)) - client-43E682E1E07B->d5132e6f-def8-45c0-b0d2-c5ba43d86628: receive RaftClientReply:client-43E682E1E07B->d5132e6f-def8-45c0-b0d2-c5ba43d86628@group-C29775A8E805, cid=2007, SUCCESS, logIndex=3496, commits[d5132e6f-def8-45c0-b0d2-c5ba43d86628:c3496]
2019-06-13 22:26:49,080 INFO  storage.RaftLogWorker (RaftLogWorker.java:execute(469)) - d5132e6f-def8-45c0-b0d2-c5ba43d86628-RaftLogWorker: created new log segment /opt/src/hadoop-ozone/integration-test/target/test-dir/MiniOzoneClusterImpl-e9ea07bb-4900-4b53-96c1-68f0ab556a80/datanode-0/data/ratis/c7035dd3-cd4a-42fb-880d-c29775a8e805/current/log_inprogress_3497
2019-06-13 22:26:49,086 INFO  client.GrpcClientProtocolClient (GrpcClientProtocolClient.java:onNext(254)) - client-43E682E1E07B->d5132e6f-def8-45c0-b0d2-c5ba43d86628: receive RaftClientReply:client-43E682E1E07B->d5132e6f-def8-45c0-b0d2-c5ba43d86628@group-C29775A8E805, cid=2008, SUCCESS, logIndex=3497, commits[d5132e6f-def8-45c0-b0d2-c5ba43d86628:c3499]
2019-06-13 22:26:49,099 INFO  client.GrpcClientProtocolClient (GrpcClientProtocolClient.java:onNext(254)) - client-43E682E1E07B->d5132e6f-def8-45c0-b0d2-c5ba43d86628: receive RaftClientReply:client-43E682E1E07B->d5132e6f-def8-45c0-b0d2-c5ba43d86628@group-C29775A8E805, cid=2009, SUCCESS, logIndex=3500, commits[d5132e6f-def8-45c0-b0d2-c5ba43d86628:c3500]
2019-06-13 22:26:49,101 INFO  client.GrpcClientProtocolClient (GrpcClientProtocolClient.java:onNext(254)) - client-43E682E1E07B->d5132e6f-def8-45c0-b0d2-c5ba43d86628: receive RaftClientReply:client-43E682E1E07B->d5132e6f-def8-45c0-b0d2-c5ba43d86628@group-C29775A8E805, cid=2010, SUCCESS, logIndex=3502, commits[d5132e6f-def8-45c0-b0d2-c5ba43d86628:c3502]
2019-06-13 22:26:49,102 INFO  client.GrpcClientProtocolClient (GrpcClientProtocolClient.java:onNext(254)) - client-43E682E1E07B->d5132e6f-def8-45c0-b0d2-c5ba43d86628: receive RaftClientReply:client-43E682E1E07B->d5132e6f-def8-45c0-b0d2-c5ba43d86628@group-C29775A8E805, cid=2011, SUCCESS, logIndex=3503, commits[d5132e6f-def8-45c0-b0d2-c5ba43d86628:c3505]
2019-06-13 22:26:49,102 INFO  client.GrpcClientProtocolClient (GrpcClientProtocolClient.java:onNext(254)) - client-43E682E1E07B->d5132e6f-def8-45c0-b0d2-c5ba43d86628: receive RaftClientReply:client-43E682E1E07B->d5132e6f-def8-45c0-b0d2-c5ba43d86628@group-C29775A8E805, cid=2012, SUCCESS, logIndex=3504, commits[d5132e6f-def8-45c0-b0d2-c5ba43d86628:c3505]
2019-06-13 22:26:49,105 DEBUG block.SCMBlockDeletingService (SCMBlockDeletingService.java:call(138)) - Running DeletedBlockTransactionScanner
2019-06-13 22:26:49,105 DEBUG block.SCMBlockDeletingService (SCMBlockDeletingService.java:call(155)) - Scanned deleted blocks log and got 0 delTX to process.
2019-06-13 22:26:49,108 INFO  client.GrpcClientProtocolClient (GrpcClientProtocolClient.java:onNext(254)) - client-43E682E1E07B->d5132e6f-def8-45c0-b0d2-c5ba43d86628: receive RaftClientReply:client-43E682E1E07B->d5132e6f-def8-45c0-b0d2-c5ba43d86628@group-C29775A8E805, cid=2013, SUCCESS, logIndex=3506, commits[d5132e6f-def8-45c0-b0d2-c5ba43d86628:c3506]
2019-06-13 22:26:49,110 INFO  client.GrpcClientProtocolClient (GrpcClientProtocolClient.java:onNext(254)) - client-43E682E1E07B->d5132e6f-def8-45c0-b0d2-c5ba43d86628: receive RaftClientReply:client-43E682E1E07B->d5132e6f-def8-45c0-b0d2-c5ba43d86628@group-C29775A8E805, cid=2014, SUCCESS, logIndex=3508, commits[d5132e6f-def8-45c0-b0d2-c5ba43d86628:c3508]
2019-06-13 22:26:49,111 INFO  client.GrpcClientProtocolClient (GrpcClientProtocolClient.java:onNext(254)) - client-43E682E1E07B->d5132e6f-def8-45c0-b0d2-c5ba43d86628: receive RaftClientReply:client-43E682E1E07B->d5132e6f-def8-45c0-b0d2-c5ba43d86628@group-C29775A8E805, cid=2015, SUCCESS, logIndex=3509, commits[d5132e6f-def8-45c0-b0d2-c5ba43d86628:c3511]
2019-06-13 22:26:49,111 INFO  client.GrpcClientProtocolClient (GrpcClientProtocolClient.java:onNext(254)) - client-43E682E1E07B->d5132e6f-def8-45c0-b0d2-c5ba43d86628: receive RaftClientReply:client-43E682E1E07B->d5132e6f-def8-45c0-b0d2-c5ba43d86628@group-C29775A8E805, cid=2016, SUCCESS, logIndex=3510, commits[d5132e6f-def8-45c0-b0d2-c5ba43d86628:c3511]
2019-06-13 22:26:49,124 INFO  client.GrpcClientProtocolClient (GrpcClientProtocolClient.java:onNext(254)) - client-43E682E1E07B->d5132e6f-def8-45c0-b0d2-c5ba43d86628: receive RaftClientReply:client-43E682E1E07B->d5132e6f-def8-45c0-b0d2-c5ba43d86628@group-C29775A8E805, cid=2017, SUCCESS, logIndex=3512, commits[d5132e6f-def8-45c0-b0d2-c5ba43d86628:c3512]
2019-06-13 22:26:49,125 INFO  client.GrpcClientProtocolClient (GrpcClientProtocolClient.java:onNext(254)) - client-43E682E1E07B->d5132e6f-def8-45c0-b0d2-c5ba43d86628: receive RaftClientReply:client-43E682E1E07B->d5132e6f-def8-45c0-b0d2-c5ba43d86628@group-C29775A8E805, cid=2018, SUCCESS, logIndex=3514, commits[d5132e6f-def8-45c0-b0d2-c5ba43d86628:c3514]
2019-06-13 22:26:49,127 INFO  client.GrpcClientProtocolClient (GrpcClientProtocolClient.java:onNext(254)) - client-43E682E1E07B->d5132e6f-def8-45c0-b0d2-c5ba43d86628: receive RaftClientReply:client-43E682E1E07B->d5132e6f-def8-45c0-b0d2-c5ba43d86628@group-C29775A8E805, cid=2019, SUCCESS, logIndex=3515, commits[d5132e6f-def8-45c0-b0d2-c5ba43d86628:c3517]
2019-06-13 22:26:49,128 INFO  client.GrpcClientProtocolClient (GrpcClientProtocolClient.java:onNext(254)) - client-43E682E1E07B->d5132e6f-def8-45c0-b0d2-c5ba43d86628: receive RaftClientReply:client-43E682E1E07B->d5132e6f-def8-45c0-b0d2-c5ba43d86628@group-C29775A8E805, cid=2020, SUCCESS, logIndex=3516, commits[d5132e6f-def8-45c0-b0d2-c5ba43d86628:c3517]
2019-06-13 22:26:49,134 INFO  client.GrpcClientProtocolClient (GrpcClientProtocolClient.java:onNext(254)) - client-43E682E1E07B->d5132e6f-def8-45c0-b0d2-c5ba43d86628: receive RaftClientReply:client-43E682E1E07B->d5132e6f-def8-45c0-b0d2-c5ba43d86628@group-C29775A8E805, cid=2021, SUCCESS, logIndex=3518, commits[d5132e6f-def8-45c0-b0d2-c5ba43d86628:c3518]
2019-06-13 22:26:49,136 INFO  client.GrpcClientProtocolClient (GrpcClientProtocolClient.java:onNext(254)) - client-43E682E1E07B->d5132e6f-def8-45c0-b0d2-c5ba43d86628: receive RaftClientReply:client-43E682E1E07B->d5132e6f-def8-45c0-b0d2-c5ba43d86628@group-C29775A8E805, cid=2022, SUCCESS, logIndex=3520, commits[d5132e6f-def8-45c0-b0d2-c5ba43d86628:c3520]
2019-06-13 22:26:49,137 INFO  client.GrpcClientProtocolClient (GrpcClientProtocolClient.java:onNext(254)) - client-43E682E1E07B->d5132e6f-def8-45c0-b0d2-c5ba43d86628: receive RaftClientReply:client-43E682E1E07B->d5132e6f-def8-45c0-b0d2-c5ba43d86628@group-C29775A8E805, cid=2023, SUCCESS, logIndex=3521, commits[d5132e6f-def8-45c0-b0d2-c5ba43d86628:c3522]
2019-06-13 22:26:49,137 INFO  client.GrpcClientProtocolClient (GrpcClientProtocolClient.java:onNext(254)) - client-43E682E1E07B->d5132e6f-def8-45c0-b0d2-c5ba43d86628: receive RaftClientReply:client-43E682E1E07B->d5132e6f-def8-45c0-b0d2-c5ba43d86628@group-C29775A8E805, cid=2024, SUCCESS, logIndex=3522, commits[d5132e6f-def8-45c0-b0d2-c5ba43d86628:c3522]
2019-06-13 22:26:49,152 INFO  client.GrpcClientProtocolClient (GrpcClientProtocolClient.java:onNext(254)) - client-43E682E1E07B->d5132e6f-def8-45c0-b0d2-c5ba43d86628: receive RaftClientReply:client-43E682E1E07B->d5132e6f-def8-45c0-b0d2-c5ba43d86628@group-C29775A8E805, cid=2025, SUCCESS, logIndex=3525, commits[d5132e6f-def8-45c0-b0d2-c5ba43d86628:c3525]
2019-06-13 22:26:49,154 INFO  client.GrpcClientProtocolClient (GrpcClientProtocolClient.java:onNext(254)) - client-43E682E1E07B->d5132e6f-def8-45c0-b0d2-c5ba43d86628: receive RaftClientReply:client-43E682E1E07B->d5132e6f-def8-45c0-b0d2-c5ba43d86628@group-C29775A8E805, cid=2026, SUCCESS, logIndex=3527, commits[d5132e6f-def8-45c0-b0d2-c5ba43d86628:c3527]
2019-06-13 22:26:49,155 INFO  client.GrpcClientProtocolClient (GrpcClientProtocolClient.java:onNext(254)) - client-43E682E1E07B->d5132e6f-def8-45c0-b0d2-c5ba43d86628: receive RaftClientReply:client-43E682E1E07B->d5132e6f-def8-45c0-b0d2-c5ba43d86628@group-C29775A8E805, cid=2027, SUCCESS, logIndex=3528, commits[d5132e6f-def8-45c0-b0d2-c5ba43d86628:c3529]
2019-06-13 22:26:49,155 INFO  client.GrpcClientProtocolClient (GrpcClientProtocolClient.java:onNext(254)) - client-43E682E1E07B->d5132e6f-def8-45c0-b0d2-c5ba43d86628: receive RaftClientReply:client-43E682E1E07B->d5132e6f-def8-45c0-b0d2-c5ba43d86628@group-C29775A8E805, cid=2028, SUCCESS, logIndex=3529, commits[d5132e6f-def8-45c0-b0d2-c5ba43d86628:c3530]
2019-06-13 22:26:49,163 INFO  client.GrpcClientProtocolClient (GrpcClientProtocolClient.java:onNext(254)) - client-43E682E1E07B->d5132e6f-def8-45c0-b0d2-c5ba43d86628: receive RaftClientReply:client-43E682E1E07B->d5132e6f-def8-45c0-b0d2-c5ba43d86628@group-C29775A8E805, cid=2029, SUCCESS, logIndex=3532, commits[d5132e6f-def8-45c0-b0d2-c5ba43d86628:c3532]
2019-06-13 22:26:49,166 INFO  client.GrpcClientProtocolClient (GrpcClientProtocolClient.java:onNext(254)) - client-43E682E1E07B->d5132e6f-def8-45c0-b0d2-c5ba43d86628: receive RaftClientReply:client-43E682E1E07B->d5132e6f-def8-45c0-b0d2-c5ba43d86628@group-C29775A8E805, cid=2030, SUCCESS, logIndex=3534, commits[d5132e6f-def8-45c0-b0d2-c5ba43d86628:c3534]
2019-06-13 22:26:49,166 INFO  client.GrpcClientProtocolClient (GrpcClientProtocolClient.java:onNext(254)) - client-43E682E1E07B->d5132e6f-def8-45c0-b0d2-c5ba43d86628: receive RaftClientReply:client-43E682E1E07B->d5132e6f-def8-45c0-b0d2-c5ba43d86628@group-C29775A8E805, cid=2031, SUCCESS, logIndex=3535, commits[d5132e6f-def8-45c0-b0d2-c5ba43d86628:c3535]
2019-06-13 22:26:49,167 INFO  client.GrpcClientProtocolClient (GrpcClientProtocolClient.java:onNext(254)) - client-43E682E1E07B->d5132e6f-def8-45c0-b0d2-c5ba43d86628: receive RaftClientReply:client-43E682E1E07B->d5132e6f-def8-45c0-b0d2-c5ba43d86628@group-C29775A8E805, cid=2032, SUCCESS, logIndex=3537, commits[d5132e6f-def8-45c0-b0d2-c5ba43d86628:c3537]
2019-06-13 22:26:49,206 DEBUG block.SCMBlockDeletingService (SCMBlockDeletingService.java:call(138)) - Running DeletedBlockTransactionScanner
2019-06-13 22:26:49,206 DEBUG block.SCMBlockDeletingService (SCMBlockDeletingService.java:call(155)) - Scanned deleted blocks log and got 0 delTX to process.
2019-06-13 22:26:49,259 INFO  client.GrpcClientProtocolClient (GrpcClientProtocolClient.java:onNext(254)) - client-43E682E1E07B->d5132e6f-def8-45c0-b0d2-c5ba43d86628: receive RaftClientReply:client-43E682E1E07B->d5132e6f-def8-45c0-b0d2-c5ba43d86628@group-C29775A8E805, cid=2033, SUCCESS, logIndex=3540, commits[d5132e6f-def8-45c0-b0d2-c5ba43d86628:c3541]
2019-06-13 22:26:49,261 INFO  client.GrpcClientProtocolClient (GrpcClientProtocolClient.java:onNext(254)) - client-43E682E1E07B->d5132e6f-def8-45c0-b0d2-c5ba43d86628: receive RaftClientReply:client-43E682E1E07B->d5132e6f-def8-45c0-b0d2-c5ba43d86628@group-C29775A8E805, cid=2034, SUCCESS, logIndex=3542, commits[d5132e6f-def8-45c0-b0d2-c5ba43d86628:c3542]
2019-06-13 22:26:49,262 INFO  client.GrpcClientProtocolClient (GrpcClientProtocolClient.java:onNext(254)) - client-43E682E1E07B->d5132e6f-def8-45c0-b0d2-c5ba43d86628: receive RaftClientReply:client-43E682E1E07B->d5132e6f-def8-45c0-b0d2-c5ba43d86628@group-C29775A8E805, cid=2035, SUCCESS, logIndex=3543, commits[d5132e6f-def8-45c0-b0d2-c5ba43d86628:c3545]
2019-06-13 22:26:49,265 INFO  client.GrpcClientProtocolClient (GrpcClientProtocolClient.java:onNext(254)) - client-43E682E1E07B->d5132e6f-def8-45c0-b0d2-c5ba43d86628: receive RaftClientReply:client-43E682E1E07B->d5132e6f-def8-45c0-b0d2-c5ba43d86628@group-C29775A8E805, cid=2036, SUCCESS, logIndex=3544, commits[d5132e6f-def8-45c0-b0d2-c5ba43d86628:c3545]
2019-06-13 22:26:49,272 INFO  client.GrpcClientProtocolClient (GrpcClientProtocolClient.java:onNext(254)) - client-43E682E1E07B->d5132e6f-def8-45c0-b0d2-c5ba43d86628: receive RaftClientReply:client-43E682E1E07B->d5132e6f-def8-45c0-b0d2-c5ba43d86628@group-C29775A8E805, cid=2037, SUCCESS, logIndex=3546, commits[d5132e6f-def8-45c0-b0d2-c5ba43d86628:c3546]
2019-06-13 22:26:49,273 INFO  client.GrpcClientProtocolClient (GrpcClientProtocolClient.java:onNext(254)) - client-43E682E1E07B->d5132e6f-def8-45c0-b0d2-c5ba43d86628: receive RaftClientReply:client-43E682E1E07B->d5132e6f-def8-45c0-b0d2-c5ba43d86628@group-C29775A8E805, cid=2038, SUCCESS, logIndex=3548, commits[d5132e6f-def8-45c0-b0d2-c5ba43d86628:c3548]
2019-06-13 22:26:49,275 INFO  client.GrpcClientProtocolClient (GrpcClientProtocolClient.java:onNext(254)) - client-43E682E1E07B->d5132e6f-def8-45c0-b0d2-c5ba43d86628: receive RaftClientReply:client-43E682E1E07B->d5132e6f-def8-45c0-b0d2-c5ba43d86628@group-C29775A8E805, cid=2039, SUCCESS, logIndex=3549, commits[d5132e6f-def8-45c0-b0d2-c5ba43d86628:c3551]
2019-06-13 22:26:49,275 INFO  client.GrpcClientProtocolClient (GrpcClientProtocolClient.java:onNext(254)) - client-43E682E1E07B->d5132e6f-def8-45c0-b0d2-c5ba43d86628: receive RaftClientReply:client-43E682E1E07B->d5132e6f-def8-45c0-b0d2-c5ba43d86628@group-C29775A8E805, cid=2040, SUCCESS, logIndex=3550, commits[d5132e6f-def8-45c0-b0d2-c5ba43d86628:c3551]
2019-06-13 22:26:49,296 INFO  client.GrpcClientProtocolClient (GrpcClientProtocolClient.java:onNext(254)) - client-43E682E1E07B->d5132e6f-def8-45c0-b0d2-c5ba43d86628: receive RaftClientReply:client-43E682E1E07B->d5132e6f-def8-45c0-b0d2-c5ba43d86628@group-C29775A8E805, cid=2041, SUCCESS, logIndex=3552, commits[d5132e6f-def8-45c0-b0d2-c5ba43d86628:c3552]
2019-06-13 22:26:49,298 INFO  client.GrpcClientProtocolClient (GrpcClientProtocolClient.java:onNext(254)) - client-43E682E1E07B->d5132e6f-def8-45c0-b0d2-c5ba43d86628: receive RaftClientReply:client-43E682E1E07B->d5132e6f-def8-45c0-b0d2-c5ba43d86628@group-C29775A8E805, cid=2042, SUCCESS, logIndex=3554, commits[d5132e6f-def8-45c0-b0d2-c5ba43d86628:c3554]
2019-06-13 22:26:49,299 INFO  client.GrpcClientProtocolClient (GrpcClientProtocolClient.java:onNext(254)) - client-43E682E1E07B->d5132e6f-def8-45c0-b0d2-c5ba43d86628: receive RaftClientReply:client-43E682E1E07B->d5132e6f-def8-45c0-b0d2-c5ba43d86628@group-C29775A8E805, cid=2043, SUCCESS, logIndex=3555, commits[d5132e6f-def8-45c0-b0d2-c5ba43d86628:c3557]
2019-06-13 22:26:49,300 INFO  client.GrpcClientProtocolClient (GrpcClientProtocolClient.java:onNext(254)) - client-43E682E1E07B->d5132e6f-def8-45c0-b0d2-c5ba43d86628: receive RaftClientReply:client-43E682E1E07B->d5132e6f-def8-45c0-b0d2-c5ba43d86628@group-C29775A8E805, cid=2044, SUCCESS, logIndex=3556, commits[d5132e6f-def8-45c0-b0d2-c5ba43d86628:c3557]
2019-06-13 22:26:49,306 INFO  client.GrpcClientProtocolClient (GrpcClientProtocolClient.java:onNext(254)) - client-43E682E1E07B->d5132e6f-def8-45c0-b0d2-c5ba43d86628: receive RaftClientReply:client-43E682E1E07B->d5132e6f-def8-45c0-b0d2-c5ba43d86628@group-C29775A8E805, cid=2045, SUCCESS, logIndex=3558, commits[d5132e6f-def8-45c0-b0d2-c5ba43d86628:c3558]
2019-06-13 22:26:49,308 INFO  client.GrpcClientProtocolClient (GrpcClientProtocolClient.java:onNext(254)) - client-43E682E1E07B->d5132e6f-def8-45c0-b0d2-c5ba43d86628: receive RaftClientReply:client-43E682E1E07B->d5132e6f-def8-45c0-b0d2-c5ba43d86628@group-C29775A8E805, cid=2046, SUCCESS, logIndex=3560, commits[d5132e6f-def8-45c0-b0d2-c5ba43d86628:c3560]
2019-06-13 22:26:49,309 DEBUG block.SCMBlockDeletingService (SCMBlockDeletingService.java:call(138)) - Running DeletedBlockTransactionScanner
2019-06-13 22:26:49,310 DEBUG block.SCMBlockDeletingService (SCMBlockDeletingService.java:call(155)) - Scanned deleted blocks log and got 0 delTX to process.
2019-06-13 22:26:49,316 INFO  client.GrpcClientProtocolClient (GrpcClientProtocolClient.java:onNext(254)) - client-43E682E1E07B->d5132e6f-def8-45c0-b0d2-c5ba43d86628: receive RaftClientReply:client-43E682E1E07B->d5132e6f-def8-45c0-b0d2-c5ba43d86628@group-C29775A8E805, cid=2047, SUCCESS, logIndex=3561, commits[d5132e6f-def8-45c0-b0d2-c5ba43d86628:c3562]
2019-06-13 22:26:49,318 INFO  client.GrpcClientProtocolClient (GrpcClientProtocolClient.java:onNext(254)) - client-43E682E1E07B->d5132e6f-def8-45c0-b0d2-c5ba43d86628: receive RaftClientReply:client-43E682E1E07B->d5132e6f-def8-45c0-b0d2-c5ba43d86628@group-C29775A8E805, cid=2048, SUCCESS, logIndex=3563, commits[d5132e6f-def8-45c0-b0d2-c5ba43d86628:c3563]
2019-06-13 22:26:49,343 INFO  client.GrpcClientProtocolClient (GrpcClientProtocolClient.java:onNext(254)) - client-43E682E1E07B->d5132e6f-def8-45c0-b0d2-c5ba43d86628: receive RaftClientReply:client-43E682E1E07B->d5132e6f-def8-45c0-b0d2-c5ba43d86628@group-C29775A8E805, cid=2049, SUCCESS, logIndex=3565, commits[d5132e6f-def8-45c0-b0d2-c5ba43d86628:c3565]
2019-06-13 22:26:49,346 INFO  storage.RaftLogWorker (RaftLogWorker.java:rollLogSegment(303)) - d5132e6f-def8-45c0-b0d2-c5ba43d86628-RaftLogWorker: Rolling segment log-3497_3567 to index:3567
2019-06-13 22:26:49,346 INFO  storage.RaftLogWorker (RaftLogWorker.java:execute(433)) - d5132e6f-def8-45c0-b0d2-c5ba43d86628-RaftLogWorker: Rolled log segment from /opt/src/hadoop-ozone/integration-test/target/test-dir/MiniOzoneClusterImpl-e9ea07bb-4900-4b53-96c1-68f0ab556a80/datanode-0/data/ratis/c7035dd3-cd4a-42fb-880d-c29775a8e805/current/log_inprogress_3497 to /opt/src/hadoop-ozone/integration-test/target/test-dir/MiniOzoneClusterImpl-e9ea07bb-4900-4b53-96c1-68f0ab556a80/datanode-0/data/ratis/c7035dd3-cd4a-42fb-880d-c29775a8e805/current/log_3497-3567
2019-06-13 22:26:49,353 INFO  client.GrpcClientProtocolClient (GrpcClientProtocolClient.java:onNext(254)) - client-43E682E1E07B->d5132e6f-def8-45c0-b0d2-c5ba43d86628: receive RaftClientReply:client-43E682E1E07B->d5132e6f-def8-45c0-b0d2-c5ba43d86628@group-C29775A8E805, cid=2050, SUCCESS, logIndex=3567, commits[d5132e6f-def8-45c0-b0d2-c5ba43d86628:c3567]
2019-06-13 22:26:49,395 INFO  storage.RaftLogWorker (RaftLogWorker.java:execute(469)) - d5132e6f-def8-45c0-b0d2-c5ba43d86628-RaftLogWorker: created new log segment /opt/src/hadoop-ozone/integration-test/target/test-dir/MiniOzoneClusterImpl-e9ea07bb-4900-4b53-96c1-68f0ab556a80/datanode-0/data/ratis/c7035dd3-cd4a-42fb-880d-c29775a8e805/current/log_inprogress_3568
2019-06-13 22:26:49,397 INFO  client.GrpcClientProtocolClient (GrpcClientProtocolClient.java:onNext(254)) - client-43E682E1E07B->d5132e6f-def8-45c0-b0d2-c5ba43d86628: receive RaftClientReply:client-43E682E1E07B->d5132e6f-def8-45c0-b0d2-c5ba43d86628@group-C29775A8E805, cid=2051, SUCCESS, logIndex=3568, commits[d5132e6f-def8-45c0-b0d2-c5ba43d86628:c3570]
2019-06-13 22:26:49,398 INFO  client.GrpcClientProtocolClient (GrpcClientProtocolClient.java:onNext(254)) - client-43E682E1E07B->d5132e6f-def8-45c0-b0d2-c5ba43d86628: receive RaftClientReply:client-43E682E1E07B->d5132e6f-def8-45c0-b0d2-c5ba43d86628@group-C29775A8E805, cid=2052, SUCCESS, logIndex=3570, commits[d5132e6f-def8-45c0-b0d2-c5ba43d86628:c3571]
2019-06-13 22:26:49,405 INFO  client.GrpcClientProtocolClient (GrpcClientProtocolClient.java:onNext(254)) - client-43E682E1E07B->d5132e6f-def8-45c0-b0d2-c5ba43d86628: receive RaftClientReply:client-43E682E1E07B->d5132e6f-def8-45c0-b0d2-c5ba43d86628@group-C29775A8E805, cid=2053, SUCCESS, logIndex=3572, commits[d5132e6f-def8-45c0-b0d2-c5ba43d86628:c3572]
2019-06-13 22:26:49,410 INFO  client.GrpcClientProtocolClient (GrpcClientProtocolClient.java:onNext(254)) - client-43E682E1E07B->d5132e6f-def8-45c0-b0d2-c5ba43d86628: receive RaftClientReply:client-43E682E1E07B->d5132e6f-def8-45c0-b0d2-c5ba43d86628@group-C29775A8E805, cid=2054, SUCCESS, logIndex=3574, commits[d5132e6f-def8-45c0-b0d2-c5ba43d86628:c3574]
2019-06-13 22:26:49,410 DEBUG block.SCMBlockDeletingService (SCMBlockDeletingService.java:call(138)) - Running DeletedBlockTransactionScanner
2019-06-13 22:26:49,410 DEBUG block.SCMBlockDeletingService (SCMBlockDeletingService.java:call(155)) - Scanned deleted blocks log and got 0 delTX to process.
2019-06-13 22:26:49,410 INFO  client.GrpcClientProtocolClient (GrpcClientProtocolClient.java:onNext(254)) - client-43E682E1E07B->d5132e6f-def8-45c0-b0d2-c5ba43d86628: receive RaftClientReply:client-43E682E1E07B->d5132e6f-def8-45c0-b0d2-c5ba43d86628@group-C29775A8E805, cid=2055, SUCCESS, logIndex=3575, commits[d5132e6f-def8-45c0-b0d2-c5ba43d86628:c3577]
2019-06-13 22:26:49,411 INFO  client.GrpcClientProtocolClient (GrpcClientProtocolClient.java:onNext(254)) - client-43E682E1E07B->d5132e6f-def8-45c0-b0d2-c5ba43d86628: receive RaftClientReply:client-43E682E1E07B->d5132e6f-def8-45c0-b0d2-c5ba43d86628@group-C29775A8E805, cid=2056, SUCCESS, logIndex=3576, commits[d5132e6f-def8-45c0-b0d2-c5ba43d86628:c3577]
2019-06-13 22:26:49,422 INFO  client.GrpcClientProtocolClient (GrpcClientProtocolClient.java:onNext(254)) - client-43E682E1E07B->d5132e6f-def8-45c0-b0d2-c5ba43d86628: receive RaftClientReply:client-43E682E1E07B->d5132e6f-def8-45c0-b0d2-c5ba43d86628@group-C29775A8E805, cid=2057, SUCCESS, logIndex=3578, commits[d5132e6f-def8-45c0-b0d2-c5ba43d86628:c3578]
2019-06-13 22:26:49,423 INFO  client.GrpcClientProtocolClient (GrpcClientProtocolClient.java:onNext(254)) - client-43E682E1E07B->d5132e6f-def8-45c0-b0d2-c5ba43d86628: receive RaftClientReply:client-43E682E1E07B->d5132e6f-def8-45c0-b0d2-c5ba43d86628@group-C29775A8E805, cid=2058, SUCCESS, logIndex=3580, commits[d5132e6f-def8-45c0-b0d2-c5ba43d86628:c3580]
2019-06-13 22:26:49,426 INFO  client.GrpcClientProtocolClient (GrpcClientProtocolClient.java:onNext(254)) - client-43E682E1E07B->d5132e6f-def8-45c0-b0d2-c5ba43d86628: receive RaftClientReply:client-43E682E1E07B->d5132e6f-def8-45c0-b0d2-c5ba43d86628@group-C29775A8E805, cid=2059, SUCCESS, logIndex=3582, commits[d5132e6f-def8-45c0-b0d2-c5ba43d86628:c3582]
2019-06-13 22:26:49,427 INFO  client.GrpcClientProtocolClient (GrpcClientProtocolClient.java:onNext(254)) - client-43E682E1E07B->d5132e6f-def8-45c0-b0d2-c5ba43d86628: receive RaftClientReply:client-43E682E1E07B->d5132e6f-def8-45c0-b0d2-c5ba43d86628@group-C29775A8E805, cid=2060, SUCCESS, logIndex=3583, commits[d5132e6f-def8-45c0-b0d2-c5ba43d86628:c3583]
2019-06-13 22:26:49,436 INFO  client.GrpcClientProtocolClient (GrpcClientProtocolClient.java:onNext(254)) - client-43E682E1E07B->d5132e6f-def8-45c0-b0d2-c5ba43d86628: receive RaftClientReply:client-43E682E1E07B->d5132e6f-def8-45c0-b0d2-c5ba43d86628@group-C29775A8E805, cid=2061, SUCCESS, logIndex=3586, commits[d5132e6f-def8-45c0-b0d2-c5ba43d86628:c3586]
2019-06-13 22:26:49,439 INFO  client.GrpcClientProtocolClient (GrpcClientProtocolClient.java:onNext(254)) - client-43E682E1E07B->d5132e6f-def8-45c0-b0d2-c5ba43d86628: receive RaftClientReply:client-43E682E1E07B->d5132e6f-def8-45c0-b0d2-c5ba43d86628@group-C29775A8E805, cid=2062, SUCCESS, logIndex=3588, commits[d5132e6f-def8-45c0-b0d2-c5ba43d86628:c3588]
2019-06-13 22:26:49,444 INFO  client.GrpcClientProtocolClient (GrpcClientProtocolClient.java:onNext(254)) - client-43E682E1E07B->d5132e6f-def8-45c0-b0d2-c5ba43d86628: receive RaftClientReply:client-43E682E1E07B->d5132e6f-def8-45c0-b0d2-c5ba43d86628@group-C29775A8E805, cid=2063, SUCCESS, logIndex=3590, commits[d5132e6f-def8-45c0-b0d2-c5ba43d86628:c3591]
2019-06-13 22:26:49,445 INFO  client.GrpcClientProtocolClient (GrpcClientProtocolClient.java:onNext(254)) - client-43E682E1E07B->d5132e6f-def8-45c0-b0d2-c5ba43d86628: receive RaftClientReply:client-43E682E1E07B->d5132e6f-def8-45c0-b0d2-c5ba43d86628@group-C29775A8E805, cid=2064, SUCCESS, logIndex=3591, commits[d5132e6f-def8-45c0-b0d2-c5ba43d86628:c3592]
2019-06-13 22:26:49,464 INFO  client.GrpcClientProtocolClient (GrpcClientProtocolClient.java:onNext(254)) - client-43E682E1E07B->d5132e6f-def8-45c0-b0d2-c5ba43d86628: receive RaftClientReply:client-43E682E1E07B->d5132e6f-def8-45c0-b0d2-c5ba43d86628@group-C29775A8E805, cid=2065, SUCCESS, logIndex=3593, commits[d5132e6f-def8-45c0-b0d2-c5ba43d86628:c3593]
2019-06-13 22:26:49,466 INFO  client.GrpcClientProtocolClient (GrpcClientProtocolClient.java:onNext(254)) - client-43E682E1E07B->d5132e6f-def8-45c0-b0d2-c5ba43d86628: receive RaftClientReply:client-43E682E1E07B->d5132e6f-def8-45c0-b0d2-c5ba43d86628@group-C29775A8E805, cid=2066, SUCCESS, logIndex=3595, commits[d5132e6f-def8-45c0-b0d2-c5ba43d86628:c3595]
2019-06-13 22:26:49,740 DEBUG block.SCMBlockDeletingService (SCMBlockDeletingService.java:call(138)) - Running DeletedBlockTransactionScanner
2019-06-13 22:26:49,740 DEBUG block.SCMBlockDeletingService (SCMBlockDeletingService.java:call(155)) - Scanned deleted blocks log and got 0 delTX to process.
2019-06-13 22:26:49,746 INFO  client.GrpcClientProtocolClient (GrpcClientProtocolClient.java:onNext(254)) - client-43E682E1E07B->d5132e6f-def8-45c0-b0d2-c5ba43d86628: receive RaftClientReply:client-43E682E1E07B->d5132e6f-def8-45c0-b0d2-c5ba43d86628@group-C29775A8E805, cid=2067, SUCCESS, logIndex=3597, commits[d5132e6f-def8-45c0-b0d2-c5ba43d86628:c3597]
2019-06-13 22:26:49,752 INFO  client.GrpcClientProtocolClient (GrpcClientProtocolClient.java:onNext(254)) - client-43E682E1E07B->d5132e6f-def8-45c0-b0d2-c5ba43d86628: receive RaftClientReply:client-43E682E1E07B->d5132e6f-def8-45c0-b0d2-c5ba43d86628@group-C29775A8E805, cid=2068, SUCCESS, logIndex=3599, commits[d5132e6f-def8-45c0-b0d2-c5ba43d86628:c3599]
2019-06-13 22:26:49,758 INFO  client.GrpcClientProtocolClient (GrpcClientProtocolClient.java:onNext(254)) - client-43E682E1E07B->d5132e6f-def8-45c0-b0d2-c5ba43d86628: receive RaftClientReply:client-43E682E1E07B->d5132e6f-def8-45c0-b0d2-c5ba43d86628@group-C29775A8E805, cid=2069, SUCCESS, logIndex=3601, commits[d5132e6f-def8-45c0-b0d2-c5ba43d86628:c3601]
2019-06-13 22:26:49,761 INFO  client.GrpcClientProtocolClient (GrpcClientProtocolClient.java:onNext(254)) - client-43E682E1E07B->d5132e6f-def8-45c0-b0d2-c5ba43d86628: receive RaftClientReply:client-43E682E1E07B->d5132e6f-def8-45c0-b0d2-c5ba43d86628@group-C29775A8E805, cid=2070, SUCCESS, logIndex=3603, commits[d5132e6f-def8-45c0-b0d2-c5ba43d86628:c3603]
2019-06-13 22:26:49,762 INFO  client.GrpcClientProtocolClient (GrpcClientProtocolClient.java:onNext(254)) - client-43E682E1E07B->d5132e6f-def8-45c0-b0d2-c5ba43d86628: receive RaftClientReply:client-43E682E1E07B->d5132e6f-def8-45c0-b0d2-c5ba43d86628@group-C29775A8E805, cid=2071, SUCCESS, logIndex=3604, commits[d5132e6f-def8-45c0-b0d2-c5ba43d86628:c3606]
2019-06-13 22:26:49,762 INFO  client.GrpcClientProtocolClient (GrpcClientProtocolClient.java:onNext(254)) - client-43E682E1E07B->d5132e6f-def8-45c0-b0d2-c5ba43d86628: receive RaftClientReply:client-43E682E1E07B->d5132e6f-def8-45c0-b0d2-c5ba43d86628@group-C29775A8E805, cid=2072, SUCCESS, logIndex=3605, commits[d5132e6f-def8-45c0-b0d2-c5ba43d86628:c3607]
2019-06-13 22:26:49,773 INFO  client.GrpcClientProtocolClient (GrpcClientProtocolClient.java:onNext(254)) - client-43E682E1E07B->d5132e6f-def8-45c0-b0d2-c5ba43d86628: receive RaftClientReply:client-43E682E1E07B->d5132e6f-def8-45c0-b0d2-c5ba43d86628@group-C29775A8E805, cid=2073, SUCCESS, logIndex=3608, commits[d5132e6f-def8-45c0-b0d2-c5ba43d86628:c3608]
2019-06-13 22:26:49,775 INFO  client.GrpcClientProtocolClient (GrpcClientProtocolClient.java:onNext(254)) - client-43E682E1E07B->d5132e6f-def8-45c0-b0d2-c5ba43d86628: receive RaftClientReply:client-43E682E1E07B->d5132e6f-def8-45c0-b0d2-c5ba43d86628@group-C29775A8E805, cid=2074, SUCCESS, logIndex=3610, commits[d5132e6f-def8-45c0-b0d2-c5ba43d86628:c3612]
2019-06-13 22:26:49,776 INFO  client.GrpcClientProtocolClient (GrpcClientProtocolClient.java:onNext(254)) - client-43E682E1E07B->d5132e6f-def8-45c0-b0d2-c5ba43d86628: receive RaftClientReply:client-43E682E1E07B->d5132e6f-def8-45c0-b0d2-c5ba43d86628@group-C29775A8E805, cid=2075, SUCCESS, logIndex=3611, commits[d5132e6f-def8-45c0-b0d2-c5ba43d86628:c3612]
2019-06-13 22:26:49,776 INFO  client.GrpcClientProtocolClient (GrpcClientProtocolClient.java:onNext(254)) - client-43E682E1E07B->d5132e6f-def8-45c0-b0d2-c5ba43d86628: receive RaftClientReply:client-43E682E1E07B->d5132e6f-def8-45c0-b0d2-c5ba43d86628@group-C29775A8E805, cid=2076, SUCCESS, logIndex=3612, commits[d5132e6f-def8-45c0-b0d2-c5ba43d86628:c3612]
2019-06-13 22:26:49,841 DEBUG block.SCMBlockDeletingService (SCMBlockDeletingService.java:call(138)) - Running DeletedBlockTransactionScanner
2019-06-13 22:26:49,842 DEBUG block.SCMBlockDeletingService (SCMBlockDeletingService.java:call(155)) - Scanned deleted blocks log and got 0 delTX to process.
2019-06-13 22:26:49,874 INFO  client.GrpcClientProtocolClient (GrpcClientProtocolClient.java:onNext(254)) - client-43E682E1E07B->d5132e6f-def8-45c0-b0d2-c5ba43d86628: receive RaftClientReply:client-43E682E1E07B->d5132e6f-def8-45c0-b0d2-c5ba43d86628@group-C29775A8E805, cid=2077, SUCCESS, logIndex=3614, commits[d5132e6f-def8-45c0-b0d2-c5ba43d86628:c3615]
2019-06-13 22:26:49,875 INFO  client.GrpcClientProtocolClient (GrpcClientProtocolClient.java:onNext(254)) - client-43E682E1E07B->d5132e6f-def8-45c0-b0d2-c5ba43d86628: receive RaftClientReply:client-43E682E1E07B->d5132e6f-def8-45c0-b0d2-c5ba43d86628@group-C29775A8E805, cid=2078, SUCCESS, logIndex=3616, commits[d5132e6f-def8-45c0-b0d2-c5ba43d86628:c3616]
2019-06-13 22:26:49,880 INFO  client.GrpcClientProtocolClient (GrpcClientProtocolClient.java:onNext(254)) - client-43E682E1E07B->d5132e6f-def8-45c0-b0d2-c5ba43d86628: receive RaftClientReply:client-43E682E1E07B->d5132e6f-def8-45c0-b0d2-c5ba43d86628@group-C29775A8E805, cid=2079, SUCCESS, logIndex=3617, commits[d5132e6f-def8-45c0-b0d2-c5ba43d86628:c3619]
2019-06-13 22:26:49,880 INFO  client.GrpcClientProtocolClient (GrpcClientProtocolClient.java:onNext(254)) - client-43E682E1E07B->d5132e6f-def8-45c0-b0d2-c5ba43d86628: receive RaftClientReply:client-43E682E1E07B->d5132e6f-def8-45c0-b0d2-c5ba43d86628@group-C29775A8E805, cid=2080, SUCCESS, logIndex=3618, commits[d5132e6f-def8-45c0-b0d2-c5ba43d86628:c3619]
2019-06-13 22:26:49,897 INFO  client.GrpcClientProtocolClient (GrpcClientProtocolClient.java:onNext(254)) - client-43E682E1E07B->d5132e6f-def8-45c0-b0d2-c5ba43d86628: receive RaftClientReply:client-43E682E1E07B->d5132e6f-def8-45c0-b0d2-c5ba43d86628@group-C29775A8E805, cid=2081, SUCCESS, logIndex=3620, commits[d5132e6f-def8-45c0-b0d2-c5ba43d86628:c3620]
2019-06-13 22:26:49,906 INFO  client.GrpcClientProtocolClient (GrpcClientProtocolClient.java:onNext(254)) - client-43E682E1E07B->d5132e6f-def8-45c0-b0d2-c5ba43d86628: receive RaftClientReply:client-43E682E1E07B->d5132e6f-def8-45c0-b0d2-c5ba43d86628@group-C29775A8E805, cid=2082, SUCCESS, logIndex=3622, commits[d5132e6f-def8-45c0-b0d2-c5ba43d86628:c3622]
2019-06-13 22:26:49,906 INFO  client.GrpcClientProtocolClient (GrpcClientProtocolClient.java:onNext(254)) - client-43E682E1E07B->d5132e6f-def8-45c0-b0d2-c5ba43d86628: receive RaftClientReply:client-43E682E1E07B->d5132e6f-def8-45c0-b0d2-c5ba43d86628@group-C29775A8E805, cid=2083, SUCCESS, logIndex=3623, commits[d5132e6f-def8-45c0-b0d2-c5ba43d86628:c3624]
2019-06-13 22:26:49,907 INFO  client.GrpcClientProtocolClient (GrpcClientProtocolClient.java:onNext(254)) - client-43E682E1E07B->d5132e6f-def8-45c0-b0d2-c5ba43d86628: receive RaftClientReply:client-43E682E1E07B->d5132e6f-def8-45c0-b0d2-c5ba43d86628@group-C29775A8E805, cid=2084, SUCCESS, logIndex=3625, commits[d5132e6f-def8-45c0-b0d2-c5ba43d86628:c3625]
2019-06-13 22:26:49,917 INFO  client.GrpcClientProtocolClient (GrpcClientProtocolClient.java:onNext(254)) - client-43E682E1E07B->d5132e6f-def8-45c0-b0d2-c5ba43d86628: receive RaftClientReply:client-43E682E1E07B->d5132e6f-def8-45c0-b0d2-c5ba43d86628@group-C29775A8E805, cid=2085, SUCCESS, logIndex=3627, commits[d5132e6f-def8-45c0-b0d2-c5ba43d86628:c3627]
2019-06-13 22:26:49,926 INFO  client.GrpcClientProtocolClient (GrpcClientProtocolClient.java:onNext(254)) - client-43E682E1E07B->d5132e6f-def8-45c0-b0d2-c5ba43d86628: receive RaftClientReply:client-43E682E1E07B->d5132e6f-def8-45c0-b0d2-c5ba43d86628@group-C29775A8E805, cid=2086, SUCCESS, logIndex=3629, commits[d5132e6f-def8-45c0-b0d2-c5ba43d86628:c3629]
2019-06-13 22:26:49,927 INFO  client.GrpcClientProtocolClient (GrpcClientProtocolClient.java:onNext(254)) - client-43E682E1E07B->d5132e6f-def8-45c0-b0d2-c5ba43d86628: receive RaftClientReply:client-43E682E1E07B->d5132e6f-def8-45c0-b0d2-c5ba43d86628@group-C29775A8E805, cid=2087, SUCCESS, logIndex=3630, commits[d5132e6f-def8-45c0-b0d2-c5ba43d86628:c3632]
2019-06-13 22:26:49,927 INFO  client.GrpcClientProtocolClient (GrpcClientProtocolClient.java:onNext(254)) - client-43E682E1E07B->d5132e6f-def8-45c0-b0d2-c5ba43d86628: receive RaftClientReply:client-43E682E1E07B->d5132e6f-def8-45c0-b0d2-c5ba43d86628@group-C29775A8E805, cid=2088, SUCCESS, logIndex=3631, commits[d5132e6f-def8-45c0-b0d2-c5ba43d86628:c3632]
2019-06-13 22:26:49,941 INFO  client.GrpcClientProtocolClient (GrpcClientProtocolClient.java:onNext(254)) - client-43E682E1E07B->d5132e6f-def8-45c0-b0d2-c5ba43d86628: receive RaftClientReply:client-43E682E1E07B->d5132e6f-def8-45c0-b0d2-c5ba43d86628@group-C29775A8E805, cid=2089, SUCCESS, logIndex=3633, commits[d5132e6f-def8-45c0-b0d2-c5ba43d86628:c3634]
2019-06-13 22:26:49,942 DEBUG block.SCMBlockDeletingService (SCMBlockDeletingService.java:call(138)) - Running DeletedBlockTransactionScanner
2019-06-13 22:26:49,942 DEBUG block.SCMBlockDeletingService (SCMBlockDeletingService.java:call(155)) - Scanned deleted blocks log and got 0 delTX to process.
2019-06-13 22:26:49,947 INFO  client.GrpcClientProtocolClient (GrpcClientProtocolClient.java:onNext(254)) - client-43E682E1E07B->d5132e6f-def8-45c0-b0d2-c5ba43d86628: receive RaftClientReply:client-43E682E1E07B->d5132e6f-def8-45c0-b0d2-c5ba43d86628@group-C29775A8E805, cid=2090, SUCCESS, logIndex=3635, commits[d5132e6f-def8-45c0-b0d2-c5ba43d86628:c3635]
2019-06-13 22:26:49,949 INFO  client.GrpcClientProtocolClient (GrpcClientProtocolClient.java:onNext(254)) - client-43E682E1E07B->d5132e6f-def8-45c0-b0d2-c5ba43d86628: receive RaftClientReply:client-43E682E1E07B->d5132e6f-def8-45c0-b0d2-c5ba43d86628@group-C29775A8E805, cid=2091, SUCCESS, logIndex=3637, commits[d5132e6f-def8-45c0-b0d2-c5ba43d86628:c3637]
2019-06-13 22:26:49,950 INFO  client.GrpcClientProtocolClient (GrpcClientProtocolClient.java:onNext(254)) - client-43E682E1E07B->d5132e6f-def8-45c0-b0d2-c5ba43d86628: receive RaftClientReply:client-43E682E1E07B->d5132e6f-def8-45c0-b0d2-c5ba43d86628@group-C29775A8E805, cid=2092, SUCCESS, logIndex=3638, commits[d5132e6f-def8-45c0-b0d2-c5ba43d86628:c3638]
2019-06-13 22:26:49,961 INFO  client.GrpcClientProtocolClient (GrpcClientProtocolClient.java:onNext(254)) - client-43E682E1E07B->d5132e6f-def8-45c0-b0d2-c5ba43d86628: receive RaftClientReply:client-43E682E1E07B->d5132e6f-def8-45c0-b0d2-c5ba43d86628@group-C29775A8E805, cid=2093, SUCCESS, logIndex=3641, commits[d5132e6f-def8-45c0-b0d2-c5ba43d86628:c3641]
2019-06-13 22:26:49,962 INFO  storage.RaftLogWorker (RaftLogWorker.java:rollLogSegment(303)) - d5132e6f-def8-45c0-b0d2-c5ba43d86628-RaftLogWorker: Rolling segment log-3568_3642 to index:3642
2019-06-13 22:26:49,963 INFO  storage.RaftLogWorker (RaftLogWorker.java:execute(433)) - d5132e6f-def8-45c0-b0d2-c5ba43d86628-RaftLogWorker: Rolled log segment from /opt/src/hadoop-ozone/integration-test/target/test-dir/MiniOzoneClusterImpl-e9ea07bb-4900-4b53-96c1-68f0ab556a80/datanode-0/data/ratis/c7035dd3-cd4a-42fb-880d-c29775a8e805/current/log_inprogress_3568 to /opt/src/hadoop-ozone/integration-test/target/test-dir/MiniOzoneClusterImpl-e9ea07bb-4900-4b53-96c1-68f0ab556a80/datanode-0/data/ratis/c7035dd3-cd4a-42fb-880d-c29775a8e805/current/log_3568-3642
2019-06-13 22:26:50,000 INFO  storage.RaftLogWorker (RaftLogWorker.java:execute(469)) - d5132e6f-def8-45c0-b0d2-c5ba43d86628-RaftLogWorker: created new log segment /opt/src/hadoop-ozone/integration-test/target/test-dir/MiniOzoneClusterImpl-e9ea07bb-4900-4b53-96c1-68f0ab556a80/datanode-0/data/ratis/c7035dd3-cd4a-42fb-880d-c29775a8e805/current/log_inprogress_3643
2019-06-13 22:26:50,002 INFO  client.GrpcClientProtocolClient (GrpcClientProtocolClient.java:onNext(254)) - client-43E682E1E07B->d5132e6f-def8-45c0-b0d2-c5ba43d86628: receive RaftClientReply:client-43E682E1E07B->d5132e6f-def8-45c0-b0d2-c5ba43d86628@group-C29775A8E805, cid=2094, SUCCESS, logIndex=3643, commits[d5132e6f-def8-45c0-b0d2-c5ba43d86628:c3645]
2019-06-13 22:26:50,003 INFO  client.GrpcClientProtocolClient (GrpcClientProtocolClient.java:onNext(254)) - client-43E682E1E07B->d5132e6f-def8-45c0-b0d2-c5ba43d86628: receive RaftClientReply:client-43E682E1E07B->d5132e6f-def8-45c0-b0d2-c5ba43d86628@group-C29775A8E805, cid=2095, SUCCESS, logIndex=3644, commits[d5132e6f-def8-45c0-b0d2-c5ba43d86628:c3645]
2019-06-13 22:26:50,003 INFO  client.GrpcClientProtocolClient (GrpcClientProtocolClient.java:onNext(254)) - client-43E682E1E07B->d5132e6f-def8-45c0-b0d2-c5ba43d86628: receive RaftClientReply:client-43E682E1E07B->d5132e6f-def8-45c0-b0d2-c5ba43d86628@group-C29775A8E805, cid=2096, SUCCESS, logIndex=3645, commits[d5132e6f-def8-45c0-b0d2-c5ba43d86628:c3645]
2019-06-13 22:26:50,014 INFO  client.GrpcClientProtocolClient (GrpcClientProtocolClient.java:onNext(254)) - client-43E682E1E07B->d5132e6f-def8-45c0-b0d2-c5ba43d86628: receive RaftClientReply:client-43E682E1E07B->d5132e6f-def8-45c0-b0d2-c5ba43d86628@group-C29775A8E805, cid=2097, SUCCESS, logIndex=3647, commits[d5132e6f-def8-45c0-b0d2-c5ba43d86628:c3647]
2019-06-13 22:26:50,015 INFO  client.GrpcClientProtocolClient (GrpcClientProtocolClient.java:onNext(254)) - client-43E682E1E07B->d5132e6f-def8-45c0-b0d2-c5ba43d86628: receive RaftClientReply:client-43E682E1E07B->d5132e6f-def8-45c0-b0d2-c5ba43d86628@group-C29775A8E805, cid=2098, SUCCESS, logIndex=3649, commits[d5132e6f-def8-45c0-b0d2-c5ba43d86628:c3649]
2019-06-13 22:26:50,017 INFO  client.GrpcClientProtocolClient (GrpcClientProtocolClient.java:onNext(254)) - client-43E682E1E07B->d5132e6f-def8-45c0-b0d2-c5ba43d86628: receive RaftClientReply:client-43E682E1E07B->d5132e6f-def8-45c0-b0d2-c5ba43d86628@group-C29775A8E805, cid=2099, SUCCESS, logIndex=3650, commits[d5132e6f-def8-45c0-b0d2-c5ba43d86628:c3652]
2019-06-13 22:26:50,017 INFO  client.GrpcClientProtocolClient (GrpcClientProtocolClient.java:onNext(254)) - client-43E682E1E07B->d5132e6f-def8-45c0-b0d2-c5ba43d86628: receive RaftClientReply:client-43E682E1E07B->d5132e6f-def8-45c0-b0d2-c5ba43d86628@group-C29775A8E805, cid=2100, SUCCESS, logIndex=3651, commits[d5132e6f-def8-45c0-b0d2-c5ba43d86628:c3652]
2019-06-13 22:26:50,024 INFO  client.GrpcClientProtocolClient (GrpcClientProtocolClient.java:onNext(254)) - client-43E682E1E07B->d5132e6f-def8-45c0-b0d2-c5ba43d86628: receive RaftClientReply:client-43E682E1E07B->d5132e6f-def8-45c0-b0d2-c5ba43d86628@group-C29775A8E805, cid=2101, SUCCESS, logIndex=3653, commits[d5132e6f-def8-45c0-b0d2-c5ba43d86628:c3653]
2019-06-13 22:26:50,026 INFO  client.GrpcClientProtocolClient (GrpcClientProtocolClient.java:onNext(254)) - client-43E682E1E07B->d5132e6f-def8-45c0-b0d2-c5ba43d86628: receive RaftClientReply:client-43E682E1E07B->d5132e6f-def8-45c0-b0d2-c5ba43d86628@group-C29775A8E805, cid=2102, SUCCESS, logIndex=3655, commits[d5132e6f-def8-45c0-b0d2-c5ba43d86628:c3655]
2019-06-13 22:26:50,032 INFO  client.GrpcClientProtocolClient (GrpcClientProtocolClient.java:onNext(254)) - client-43E682E1E07B->d5132e6f-def8-45c0-b0d2-c5ba43d86628: receive RaftClientReply:client-43E682E1E07B->d5132e6f-def8-45c0-b0d2-c5ba43d86628@group-C29775A8E805, cid=2103, SUCCESS, logIndex=3657, commits[d5132e6f-def8-45c0-b0d2-c5ba43d86628:c3657]
2019-06-13 22:26:50,033 INFO  client.GrpcClientProtocolClient (GrpcClientProtocolClient.java:onNext(254)) - client-43E682E1E07B->d5132e6f-def8-45c0-b0d2-c5ba43d86628: receive RaftClientReply:client-43E682E1E07B->d5132e6f-def8-45c0-b0d2-c5ba43d86628@group-C29775A8E805, cid=2104, SUCCESS, logIndex=3659, commits[d5132e6f-def8-45c0-b0d2-c5ba43d86628:c3659]
2019-06-13 22:26:50,042 DEBUG block.SCMBlockDeletingService (SCMBlockDeletingService.java:call(138)) - Running DeletedBlockTransactionScanner
2019-06-13 22:26:50,043 DEBUG block.SCMBlockDeletingService (SCMBlockDeletingService.java:call(155)) - Scanned deleted blocks log and got 0 delTX to process.
2019-06-13 22:26:50,045 INFO  client.GrpcClientProtocolClient (GrpcClientProtocolClient.java:onNext(254)) - client-43E682E1E07B->d5132e6f-def8-45c0-b0d2-c5ba43d86628: receive RaftClientReply:client-43E682E1E07B->d5132e6f-def8-45c0-b0d2-c5ba43d86628@group-C29775A8E805, cid=2105, SUCCESS, logIndex=3661, commits[d5132e6f-def8-45c0-b0d2-c5ba43d86628:c3661]
2019-06-13 22:26:50,048 INFO  client.GrpcClientProtocolClient (GrpcClientProtocolClient.java:onNext(254)) - client-43E682E1E07B->d5132e6f-def8-45c0-b0d2-c5ba43d86628: receive RaftClientReply:client-43E682E1E07B->d5132e6f-def8-45c0-b0d2-c5ba43d86628@group-C29775A8E805, cid=2106, SUCCESS, logIndex=3663, commits[d5132e6f-def8-45c0-b0d2-c5ba43d86628:c3663]
2019-06-13 22:26:50,048 INFO  client.GrpcClientProtocolClient (GrpcClientProtocolClient.java:onNext(254)) - client-43E682E1E07B->d5132e6f-def8-45c0-b0d2-c5ba43d86628: receive RaftClientReply:client-43E682E1E07B->d5132e6f-def8-45c0-b0d2-c5ba43d86628@group-C29775A8E805, cid=2107, SUCCESS, logIndex=3664, commits[d5132e6f-def8-45c0-b0d2-c5ba43d86628:c3665]
2019-06-13 22:26:50,049 INFO  client.GrpcClientProtocolClient (GrpcClientProtocolClient.java:onNext(254)) - client-43E682E1E07B->d5132e6f-def8-45c0-b0d2-c5ba43d86628: receive RaftClientReply:client-43E682E1E07B->d5132e6f-def8-45c0-b0d2-c5ba43d86628@group-C29775A8E805, cid=2108, SUCCESS, logIndex=3665, commits[d5132e6f-def8-45c0-b0d2-c5ba43d86628:c3666]
2019-06-13 22:26:50,056 INFO  client.GrpcClientProtocolClient (GrpcClientProtocolClient.java:onNext(254)) - client-43E682E1E07B->d5132e6f-def8-45c0-b0d2-c5ba43d86628: receive RaftClientReply:client-43E682E1E07B->d5132e6f-def8-45c0-b0d2-c5ba43d86628@group-C29775A8E805, cid=2109, SUCCESS, logIndex=3668, commits[d5132e6f-def8-45c0-b0d2-c5ba43d86628:c3668]
2019-06-13 22:26:50,058 INFO  client.GrpcClientProtocolClient (GrpcClientProtocolClient.java:onNext(254)) - client-43E682E1E07B->d5132e6f-def8-45c0-b0d2-c5ba43d86628: receive RaftClientReply:client-43E682E1E07B->d5132e6f-def8-45c0-b0d2-c5ba43d86628@group-C29775A8E805, cid=2110, SUCCESS, logIndex=3670, commits[d5132e6f-def8-45c0-b0d2-c5ba43d86628:c3670]
2019-06-13 22:26:50,059 INFO  client.GrpcClientProtocolClient (GrpcClientProtocolClient.java:onNext(254)) - client-43E682E1E07B->d5132e6f-def8-45c0-b0d2-c5ba43d86628: receive RaftClientReply:client-43E682E1E07B->d5132e6f-def8-45c0-b0d2-c5ba43d86628@group-C29775A8E805, cid=2111, SUCCESS, logIndex=3671, commits[d5132e6f-def8-45c0-b0d2-c5ba43d86628:c3672]
2019-06-13 22:26:50,059 INFO  client.GrpcClientProtocolClient (GrpcClientProtocolClient.java:onNext(254)) - client-43E682E1E07B->d5132e6f-def8-45c0-b0d2-c5ba43d86628: receive RaftClientReply:client-43E682E1E07B->d5132e6f-def8-45c0-b0d2-c5ba43d86628@group-C29775A8E805, cid=2112, SUCCESS, logIndex=3673, commits[d5132e6f-def8-45c0-b0d2-c5ba43d86628:c3673]
2019-06-13 22:26:50,072 INFO  client.GrpcClientProtocolClient (GrpcClientProtocolClient.java:onNext(254)) - client-43E682E1E07B->d5132e6f-def8-45c0-b0d2-c5ba43d86628: receive RaftClientReply:client-43E682E1E07B->d5132e6f-def8-45c0-b0d2-c5ba43d86628@group-C29775A8E805, cid=2113, SUCCESS, logIndex=3675, commits[d5132e6f-def8-45c0-b0d2-c5ba43d86628:c3675]
2019-06-13 22:26:50,074 INFO  client.GrpcClientProtocolClient (GrpcClientProtocolClient.java:onNext(254)) - client-43E682E1E07B->d5132e6f-def8-45c0-b0d2-c5ba43d86628: receive RaftClientReply:client-43E682E1E07B->d5132e6f-def8-45c0-b0d2-c5ba43d86628@group-C29775A8E805, cid=2114, SUCCESS, logIndex=3677, commits[d5132e6f-def8-45c0-b0d2-c5ba43d86628:c3677]
2019-06-13 22:26:50,075 INFO  client.GrpcClientProtocolClient (GrpcClientProtocolClient.java:onNext(254)) - client-43E682E1E07B->d5132e6f-def8-45c0-b0d2-c5ba43d86628: receive RaftClientReply:client-43E682E1E07B->d5132e6f-def8-45c0-b0d2-c5ba43d86628@group-C29775A8E805, cid=2115, SUCCESS, logIndex=3678, commits[d5132e6f-def8-45c0-b0d2-c5ba43d86628:c3678]
2019-06-13 22:26:50,075 INFO  client.GrpcClientProtocolClient (GrpcClientProtocolClient.java:onNext(254)) - client-43E682E1E07B->d5132e6f-def8-45c0-b0d2-c5ba43d86628: receive RaftClientReply:client-43E682E1E07B->d5132e6f-def8-45c0-b0d2-c5ba43d86628@group-C29775A8E805, cid=2116, SUCCESS, logIndex=3680, commits[d5132e6f-def8-45c0-b0d2-c5ba43d86628:c3680]
2019-06-13 22:26:50,082 INFO  client.GrpcClientProtocolClient (GrpcClientProtocolClient.java:onNext(254)) - client-43E682E1E07B->d5132e6f-def8-45c0-b0d2-c5ba43d86628: receive RaftClientReply:client-43E682E1E07B->d5132e6f-def8-45c0-b0d2-c5ba43d86628@group-C29775A8E805, cid=2117, SUCCESS, logIndex=3683, commits[d5132e6f-def8-45c0-b0d2-c5ba43d86628:c3683]
2019-06-13 22:26:50,083 INFO  client.GrpcClientProtocolClient (GrpcClientProtocolClient.java:onNext(254)) - client-43E682E1E07B->d5132e6f-def8-45c0-b0d2-c5ba43d86628: receive RaftClientReply:client-43E682E1E07B->d5132e6f-def8-45c0-b0d2-c5ba43d86628@group-C29775A8E805, cid=2118, SUCCESS, logIndex=3685, commits[d5132e6f-def8-45c0-b0d2-c5ba43d86628:c3685]
2019-06-13 22:26:50,085 INFO  client.GrpcClientProtocolClient (GrpcClientProtocolClient.java:onNext(254)) - client-43E682E1E07B->d5132e6f-def8-45c0-b0d2-c5ba43d86628: receive RaftClientReply:client-43E682E1E07B->d5132e6f-def8-45c0-b0d2-c5ba43d86628@group-C29775A8E805, cid=2119, SUCCESS, logIndex=3687, commits[d5132e6f-def8-45c0-b0d2-c5ba43d86628:c3688]
2019-06-13 22:26:50,086 INFO  client.GrpcClientProtocolClient (GrpcClientProtocolClient.java:onNext(254)) - client-43E682E1E07B->d5132e6f-def8-45c0-b0d2-c5ba43d86628: receive RaftClientReply:client-43E682E1E07B->d5132e6f-def8-45c0-b0d2-c5ba43d86628@group-C29775A8E805, cid=2120, SUCCESS, logIndex=3688, commits[d5132e6f-def8-45c0-b0d2-c5ba43d86628:c3688]
2019-06-13 22:26:50,143 DEBUG block.SCMBlockDeletingService (SCMBlockDeletingService.java:call(138)) - Running DeletedBlockTransactionScanner
2019-06-13 22:26:50,143 DEBUG block.SCMBlockDeletingService (SCMBlockDeletingService.java:call(155)) - Scanned deleted blocks log and got 0 delTX to process.
2019-06-13 22:26:50,185 INFO  client.GrpcClientProtocolClient (GrpcClientProtocolClient.java:onNext(254)) - client-43E682E1E07B->d5132e6f-def8-45c0-b0d2-c5ba43d86628: receive RaftClientReply:client-43E682E1E07B->d5132e6f-def8-45c0-b0d2-c5ba43d86628@group-C29775A8E805, cid=2121, SUCCESS, logIndex=3690, commits[d5132e6f-def8-45c0-b0d2-c5ba43d86628:c3690]
2019-06-13 22:26:50,186 INFO  client.GrpcClientProtocolClient (GrpcClientProtocolClient.java:onNext(254)) - client-43E682E1E07B->d5132e6f-def8-45c0-b0d2-c5ba43d86628: receive RaftClientReply:client-43E682E1E07B->d5132e6f-def8-45c0-b0d2-c5ba43d86628@group-C29775A8E805, cid=2122, SUCCESS, logIndex=3692, commits[d5132e6f-def8-45c0-b0d2-c5ba43d86628:c3692]
2019-06-13 22:26:50,189 INFO  client.GrpcClientProtocolClient (GrpcClientProtocolClient.java:onNext(254)) - client-43E682E1E07B->d5132e6f-def8-45c0-b0d2-c5ba43d86628: receive RaftClientReply:client-43E682E1E07B->d5132e6f-def8-45c0-b0d2-c5ba43d86628@group-C29775A8E805, cid=2123, SUCCESS, logIndex=3694, commits[d5132e6f-def8-45c0-b0d2-c5ba43d86628:c3695]
2019-06-13 22:26:50,189 INFO  client.GrpcClientProtocolClient (GrpcClientProtocolClient.java:onNext(254)) - client-43E682E1E07B->d5132e6f-def8-45c0-b0d2-c5ba43d86628: receive RaftClientReply:client-43E682E1E07B->d5132e6f-def8-45c0-b0d2-c5ba43d86628@group-C29775A8E805, cid=2124, SUCCESS, logIndex=3695, commits[d5132e6f-def8-45c0-b0d2-c5ba43d86628:c3695]
2019-06-13 22:26:50,195 INFO  client.GrpcClientProtocolClient (GrpcClientProtocolClient.java:onNext(254)) - client-43E682E1E07B->d5132e6f-def8-45c0-b0d2-c5ba43d86628: receive RaftClientReply:client-43E682E1E07B->d5132e6f-def8-45c0-b0d2-c5ba43d86628@group-C29775A8E805, cid=2125, SUCCESS, logIndex=3697, commits[d5132e6f-def8-45c0-b0d2-c5ba43d86628:c3697]
2019-06-13 22:26:50,197 INFO  client.GrpcClientProtocolClient (GrpcClientProtocolClient.java:onNext(254)) - client-43E682E1E07B->d5132e6f-def8-45c0-b0d2-c5ba43d86628: receive RaftClientReply:client-43E682E1E07B->d5132e6f-def8-45c0-b0d2-c5ba43d86628@group-C29775A8E805, cid=2126, SUCCESS, logIndex=3699, commits[d5132e6f-def8-45c0-b0d2-c5ba43d86628:c3699]
2019-06-13 22:26:50,198 INFO  client.GrpcClientProtocolClient (GrpcClientProtocolClient.java:onNext(254)) - client-43E682E1E07B->d5132e6f-def8-45c0-b0d2-c5ba43d86628: receive RaftClientReply:client-43E682E1E07B->d5132e6f-def8-45c0-b0d2-c5ba43d86628@group-C29775A8E805, cid=2127, SUCCESS, logIndex=3700, commits[d5132e6f-def8-45c0-b0d2-c5ba43d86628:c3702]
2019-06-13 22:26:50,198 INFO  client.GrpcClientProtocolClient (GrpcClientProtocolClient.java:onNext(254)) - client-43E682E1E07B->d5132e6f-def8-45c0-b0d2-c5ba43d86628: receive RaftClientReply:client-43E682E1E07B->d5132e6f-def8-45c0-b0d2-c5ba43d86628@group-C29775A8E805, cid=2128, SUCCESS, logIndex=3701, commits[d5132e6f-def8-45c0-b0d2-c5ba43d86628:c3702]
2019-06-13 22:26:50,213 INFO  client.GrpcClientProtocolClient (GrpcClientProtocolClient.java:onNext(254)) - client-43E682E1E07B->d5132e6f-def8-45c0-b0d2-c5ba43d86628: receive RaftClientReply:client-43E682E1E07B->d5132e6f-def8-45c0-b0d2-c5ba43d86628@group-C29775A8E805, cid=2129, SUCCESS, logIndex=3703, commits[d5132e6f-def8-45c0-b0d2-c5ba43d86628:c3704]
2019-06-13 22:26:50,216 INFO  client.GrpcClientProtocolClient (GrpcClientProtocolClient.java:onNext(254)) - client-43E682E1E07B->d5132e6f-def8-45c0-b0d2-c5ba43d86628: receive RaftClientReply:client-43E682E1E07B->d5132e6f-def8-45c0-b0d2-c5ba43d86628@group-C29775A8E805, cid=2130, SUCCESS, logIndex=3705, commits[d5132e6f-def8-45c0-b0d2-c5ba43d86628:c3705]
2019-06-13 22:26:50,216 INFO  client.GrpcClientProtocolClient (GrpcClientProtocolClient.java:onNext(254)) - client-43E682E1E07B->d5132e6f-def8-45c0-b0d2-c5ba43d86628: receive RaftClientReply:client-43E682E1E07B->d5132e6f-def8-45c0-b0d2-c5ba43d86628@group-C29775A8E805, cid=2131, SUCCESS, logIndex=3706, commits[d5132e6f-def8-45c0-b0d2-c5ba43d86628:c3707]
2019-06-13 22:26:50,216 INFO  client.GrpcClientProtocolClient (GrpcClientProtocolClient.java:onNext(254)) - client-43E682E1E07B->d5132e6f-def8-45c0-b0d2-c5ba43d86628: receive RaftClientReply:client-43E682E1E07B->d5132e6f-def8-45c0-b0d2-c5ba43d86628@group-C29775A8E805, cid=2132, SUCCESS, logIndex=3707, commits[d5132e6f-def8-45c0-b0d2-c5ba43d86628:c3707]
2019-06-13 22:26:50,254 DEBUG block.SCMBlockDeletingService (SCMBlockDeletingService.java:call(138)) - Running DeletedBlockTransactionScanner
2019-06-13 22:26:50,254 DEBUG block.SCMBlockDeletingService (SCMBlockDeletingService.java:call(155)) - Scanned deleted blocks log and got 0 delTX to process.
2019-06-13 22:26:50,257 INFO  client.GrpcClientProtocolClient (GrpcClientProtocolClient.java:onNext(254)) - client-43E682E1E07B->d5132e6f-def8-45c0-b0d2-c5ba43d86628: receive RaftClientReply:client-43E682E1E07B->d5132e6f-def8-45c0-b0d2-c5ba43d86628@group-C29775A8E805, cid=2133, SUCCESS, logIndex=3710, commits[d5132e6f-def8-45c0-b0d2-c5ba43d86628:c3710]
2019-06-13 22:26:50,259 INFO  client.GrpcClientProtocolClient (GrpcClientProtocolClient.java:onNext(254)) - client-43E682E1E07B->d5132e6f-def8-45c0-b0d2-c5ba43d86628: receive RaftClientReply:client-43E682E1E07B->d5132e6f-def8-45c0-b0d2-c5ba43d86628@group-C29775A8E805, cid=2134, SUCCESS, logIndex=3712, commits[d5132e6f-def8-45c0-b0d2-c5ba43d86628:c3712]
2019-06-13 22:26:50,260 INFO  storage.RaftLogWorker (RaftLogWorker.java:rollLogSegment(303)) - d5132e6f-def8-45c0-b0d2-c5ba43d86628-RaftLogWorker: Rolling segment log-3643_3714 to index:3714
2019-06-13 22:26:50,261 INFO  storage.RaftLogWorker (RaftLogWorker.java:execute(433)) - d5132e6f-def8-45c0-b0d2-c5ba43d86628-RaftLogWorker: Rolled log segment from /opt/src/hadoop-ozone/integration-test/target/test-dir/MiniOzoneClusterImpl-e9ea07bb-4900-4b53-96c1-68f0ab556a80/datanode-0/data/ratis/c7035dd3-cd4a-42fb-880d-c29775a8e805/current/log_inprogress_3643 to /opt/src/hadoop-ozone/integration-test/target/test-dir/MiniOzoneClusterImpl-e9ea07bb-4900-4b53-96c1-68f0ab556a80/datanode-0/data/ratis/c7035dd3-cd4a-42fb-880d-c29775a8e805/current/log_3643-3714
2019-06-13 22:26:50,261 INFO  client.GrpcClientProtocolClient (GrpcClientProtocolClient.java:onNext(254)) - client-43E682E1E07B->d5132e6f-def8-45c0-b0d2-c5ba43d86628: receive RaftClientReply:client-43E682E1E07B->d5132e6f-def8-45c0-b0d2-c5ba43d86628@group-C29775A8E805, cid=2135, SUCCESS, logIndex=3714, commits[d5132e6f-def8-45c0-b0d2-c5ba43d86628:c3714]
2019-06-13 22:26:50,298 INFO  storage.RaftLogWorker (RaftLogWorker.java:execute(469)) - d5132e6f-def8-45c0-b0d2-c5ba43d86628-RaftLogWorker: created new log segment /opt/src/hadoop-ozone/integration-test/target/test-dir/MiniOzoneClusterImpl-e9ea07bb-4900-4b53-96c1-68f0ab556a80/datanode-0/data/ratis/c7035dd3-cd4a-42fb-880d-c29775a8e805/current/log_inprogress_3715
2019-06-13 22:26:50,300 INFO  client.GrpcClientProtocolClient (GrpcClientProtocolClient.java:onNext(254)) - client-43E682E1E07B->d5132e6f-def8-45c0-b0d2-c5ba43d86628: receive RaftClientReply:client-43E682E1E07B->d5132e6f-def8-45c0-b0d2-c5ba43d86628@group-C29775A8E805, cid=2136, SUCCESS, logIndex=3715, commits[d5132e6f-def8-45c0-b0d2-c5ba43d86628:c3716]
2019-06-13 22:26:50,310 INFO  client.GrpcClientProtocolClient (GrpcClientProtocolClient.java:onNext(254)) - client-43E682E1E07B->d5132e6f-def8-45c0-b0d2-c5ba43d86628: receive RaftClientReply:client-43E682E1E07B->d5132e6f-def8-45c0-b0d2-c5ba43d86628@group-C29775A8E805, cid=2137, SUCCESS, logIndex=3717, commits[d5132e6f-def8-45c0-b0d2-c5ba43d86628:c3717]
2019-06-13 22:26:50,313 INFO  client.GrpcClientProtocolClient (GrpcClientProtocolClient.java:onNext(254)) - client-43E682E1E07B->d5132e6f-def8-45c0-b0d2-c5ba43d86628: receive RaftClientReply:client-43E682E1E07B->d5132e6f-def8-45c0-b0d2-c5ba43d86628@group-C29775A8E805, cid=2138, SUCCESS, logIndex=3719, commits[d5132e6f-def8-45c0-b0d2-c5ba43d86628:c3719]
2019-06-13 22:26:50,313 INFO  client.GrpcClientProtocolClient (GrpcClientProtocolClient.java:onNext(254)) - client-43E682E1E07B->d5132e6f-def8-45c0-b0d2-c5ba43d86628: receive RaftClientReply:client-43E682E1E07B->d5132e6f-def8-45c0-b0d2-c5ba43d86628@group-C29775A8E805, cid=2139, SUCCESS, logIndex=3720, commits[d5132e6f-def8-45c0-b0d2-c5ba43d86628:c3721]
2019-06-13 22:26:50,314 INFO  client.GrpcClientProtocolClient (GrpcClientProtocolClient.java:onNext(254)) - client-43E682E1E07B->d5132e6f-def8-45c0-b0d2-c5ba43d86628: receive RaftClientReply:client-43E682E1E07B->d5132e6f-def8-45c0-b0d2-c5ba43d86628@group-C29775A8E805, cid=2140, SUCCESS, logIndex=3721, commits[d5132e6f-def8-45c0-b0d2-c5ba43d86628:c3721]
2019-06-13 22:26:50,319 INFO  client.GrpcClientProtocolClient (GrpcClientProtocolClient.java:onNext(254)) - client-43E682E1E07B->d5132e6f-def8-45c0-b0d2-c5ba43d86628: receive RaftClientReply:client-43E682E1E07B->d5132e6f-def8-45c0-b0d2-c5ba43d86628@group-C29775A8E805, cid=2141, SUCCESS, logIndex=3724, commits[d5132e6f-def8-45c0-b0d2-c5ba43d86628:c3724]
2019-06-13 22:26:50,321 INFO  client.GrpcClientProtocolClient (GrpcClientProtocolClient.java:onNext(254)) - client-43E682E1E07B->d5132e6f-def8-45c0-b0d2-c5ba43d86628: receive RaftClientReply:client-43E682E1E07B->d5132e6f-def8-45c0-b0d2-c5ba43d86628@group-C29775A8E805, cid=2142, SUCCESS, logIndex=3726, commits[d5132e6f-def8-45c0-b0d2-c5ba43d86628:c3726]
2019-06-13 22:26:50,322 INFO  client.GrpcClientProtocolClient (GrpcClientProtocolClient.java:onNext(254)) - client-43E682E1E07B->d5132e6f-def8-45c0-b0d2-c5ba43d86628: receive RaftClientReply:client-43E682E1E07B->d5132e6f-def8-45c0-b0d2-c5ba43d86628@group-C29775A8E805, cid=2143, SUCCESS, logIndex=3727, commits[d5132e6f-def8-45c0-b0d2-c5ba43d86628:c3729]
2019-06-13 22:26:50,322 INFO  client.GrpcClientProtocolClient (GrpcClientProtocolClient.java:onNext(254)) - client-43E682E1E07B->d5132e6f-def8-45c0-b0d2-c5ba43d86628: receive RaftClientReply:client-43E682E1E07B->d5132e6f-def8-45c0-b0d2-c5ba43d86628@group-C29775A8E805, cid=2144, SUCCESS, logIndex=3728, commits[d5132e6f-def8-45c0-b0d2-c5ba43d86628:c3729]
2019-06-13 22:26:50,333 INFO  client.GrpcClientProtocolClient (GrpcClientProtocolClient.java:onNext(254)) - client-43E682E1E07B->d5132e6f-def8-45c0-b0d2-c5ba43d86628: receive RaftClientReply:client-43E682E1E07B->d5132e6f-def8-45c0-b0d2-c5ba43d86628@group-C29775A8E805, cid=2145, SUCCESS, logIndex=3730, commits[d5132e6f-def8-45c0-b0d2-c5ba43d86628:c3730]
2019-06-13 22:26:50,343 INFO  client.GrpcClientProtocolClient (GrpcClientProtocolClient.java:onNext(254)) - client-43E682E1E07B->d5132e6f-def8-45c0-b0d2-c5ba43d86628: receive RaftClientReply:client-43E682E1E07B->d5132e6f-def8-45c0-b0d2-c5ba43d86628@group-C29775A8E805, cid=2146, SUCCESS, logIndex=3732, commits[d5132e6f-def8-45c0-b0d2-c5ba43d86628:c3733]
2019-06-13 22:26:50,355 DEBUG block.SCMBlockDeletingService (SCMBlockDeletingService.java:call(138)) - Running DeletedBlockTransactionScanner
2019-06-13 22:26:50,355 DEBUG block.SCMBlockDeletingService (SCMBlockDeletingService.java:call(155)) - Scanned deleted blocks log and got 0 delTX to process.
2019-06-13 22:26:50,357 INFO  client.GrpcClientProtocolClient (GrpcClientProtocolClient.java:onNext(254)) - client-43E682E1E07B->d5132e6f-def8-45c0-b0d2-c5ba43d86628: receive RaftClientReply:client-43E682E1E07B->d5132e6f-def8-45c0-b0d2-c5ba43d86628@group-C29775A8E805, cid=2147, SUCCESS, logIndex=3734, commits[d5132e6f-def8-45c0-b0d2-c5ba43d86628:c3735]
2019-06-13 22:26:50,359 INFO  client.GrpcClientProtocolClient (GrpcClientProtocolClient.java:onNext(254)) - client-43E682E1E07B->d5132e6f-def8-45c0-b0d2-c5ba43d86628: receive RaftClientReply:client-43E682E1E07B->d5132e6f-def8-45c0-b0d2-c5ba43d86628@group-C29775A8E805, cid=2148, SUCCESS, logIndex=3735, commits[d5132e6f-def8-45c0-b0d2-c5ba43d86628:c3736]
2019-06-13 22:26:50,370 INFO  client.GrpcClientProtocolClient (GrpcClientProtocolClient.java:onNext(254)) - client-43E682E1E07B->d5132e6f-def8-45c0-b0d2-c5ba43d86628: receive RaftClientReply:client-43E682E1E07B->d5132e6f-def8-45c0-b0d2-c5ba43d86628@group-C29775A8E805, cid=2149, SUCCESS, logIndex=3737, commits[d5132e6f-def8-45c0-b0d2-c5ba43d86628:c3737]
2019-06-13 22:26:50,381 INFO  client.GrpcClientProtocolClient (GrpcClientProtocolClient.java:onNext(254)) - client-43E682E1E07B->d5132e6f-def8-45c0-b0d2-c5ba43d86628: receive RaftClientReply:client-43E682E1E07B->d5132e6f-def8-45c0-b0d2-c5ba43d86628@group-C29775A8E805, cid=2150, SUCCESS, logIndex=3739, commits[d5132e6f-def8-45c0-b0d2-c5ba43d86628:c3739]
2019-06-13 22:26:50,382 INFO  client.GrpcClientProtocolClient (GrpcClientProtocolClient.java:onNext(254)) - client-43E682E1E07B->d5132e6f-def8-45c0-b0d2-c5ba43d86628: receive RaftClientReply:client-43E682E1E07B->d5132e6f-def8-45c0-b0d2-c5ba43d86628@group-C29775A8E805, cid=2151, SUCCESS, logIndex=3740, commits[d5132e6f-def8-45c0-b0d2-c5ba43d86628:c3741]
2019-06-13 22:26:50,386 INFO  client.GrpcClientProtocolClient (GrpcClientProtocolClient.java:onNext(254)) - client-43E682E1E07B->d5132e6f-def8-45c0-b0d2-c5ba43d86628: receive RaftClientReply:client-43E682E1E07B->d5132e6f-def8-45c0-b0d2-c5ba43d86628@group-C29775A8E805, cid=2152, SUCCESS, logIndex=3742, commits[d5132e6f-def8-45c0-b0d2-c5ba43d86628:c3742]
2019-06-13 22:26:50,402 INFO  client.GrpcClientProtocolClient (GrpcClientProtocolClient.java:onNext(254)) - client-43E682E1E07B->d5132e6f-def8-45c0-b0d2-c5ba43d86628: receive RaftClientReply:client-43E682E1E07B->d5132e6f-def8-45c0-b0d2-c5ba43d86628@group-C29775A8E805, cid=2153, SUCCESS, logIndex=3744, commits[d5132e6f-def8-45c0-b0d2-c5ba43d86628:c3744]
2019-06-13 22:26:50,406 INFO  client.GrpcClientProtocolClient (GrpcClientProtocolClient.java:onNext(254)) - client-43E682E1E07B->d5132e6f-def8-45c0-b0d2-c5ba43d86628: receive RaftClientReply:client-43E682E1E07B->d5132e6f-def8-45c0-b0d2-c5ba43d86628@group-C29775A8E805, cid=2154, SUCCESS, logIndex=3746, commits[d5132e6f-def8-45c0-b0d2-c5ba43d86628:c3746]
2019-06-13 22:26:50,410 INFO  client.GrpcClientProtocolClient (GrpcClientProtocolClient.java:onNext(254)) - client-43E682E1E07B->d5132e6f-def8-45c0-b0d2-c5ba43d86628: receive RaftClientReply:client-43E682E1E07B->d5132e6f-def8-45c0-b0d2-c5ba43d86628@group-C29775A8E805, cid=2155, SUCCESS, logIndex=3748, commits[d5132e6f-def8-45c0-b0d2-c5ba43d86628:c3748]
2019-06-13 22:26:50,413 INFO  client.GrpcClientProtocolClient (GrpcClientProtocolClient.java:onNext(254)) - client-43E682E1E07B->d5132e6f-def8-45c0-b0d2-c5ba43d86628: receive RaftClientReply:client-43E682E1E07B->d5132e6f-def8-45c0-b0d2-c5ba43d86628@group-C29775A8E805, cid=2156, SUCCESS, logIndex=3749, commits[d5132e6f-def8-45c0-b0d2-c5ba43d86628:c3750]
2019-06-13 22:26:50,421 INFO  client.GrpcClientProtocolClient (GrpcClientProtocolClient.java:onNext(254)) - client-43E682E1E07B->d5132e6f-def8-45c0-b0d2-c5ba43d86628: receive RaftClientReply:client-43E682E1E07B->d5132e6f-def8-45c0-b0d2-c5ba43d86628@group-C29775A8E805, cid=2157, SUCCESS, logIndex=3751, commits[d5132e6f-def8-45c0-b0d2-c5ba43d86628:c3751]
2019-06-13 22:26:50,422 INFO  client.GrpcClientProtocolClient (GrpcClientProtocolClient.java:onNext(254)) - client-43E682E1E07B->d5132e6f-def8-45c0-b0d2-c5ba43d86628: receive RaftClientReply:client-43E682E1E07B->d5132e6f-def8-45c0-b0d2-c5ba43d86628@group-C29775A8E805, cid=2158, SUCCESS, logIndex=3753, commits[d5132e6f-def8-45c0-b0d2-c5ba43d86628:c3753]
2019-06-13 22:26:50,425 INFO  client.GrpcClientProtocolClient (GrpcClientProtocolClient.java:onNext(254)) - client-43E682E1E07B->d5132e6f-def8-45c0-b0d2-c5ba43d86628: receive RaftClientReply:client-43E682E1E07B->d5132e6f-def8-45c0-b0d2-c5ba43d86628@group-C29775A8E805, cid=2159, SUCCESS, logIndex=3755, commits[d5132e6f-def8-45c0-b0d2-c5ba43d86628:c3756]
2019-06-13 22:26:50,425 INFO  client.GrpcClientProtocolClient (GrpcClientProtocolClient.java:onNext(254)) - client-43E682E1E07B->d5132e6f-def8-45c0-b0d2-c5ba43d86628: receive RaftClientReply:client-43E682E1E07B->d5132e6f-def8-45c0-b0d2-c5ba43d86628@group-C29775A8E805, cid=2160, SUCCESS, logIndex=3756, commits[d5132e6f-def8-45c0-b0d2-c5ba43d86628:c3756]
2019-06-13 22:26:50,438 INFO  client.GrpcClientProtocolClient (GrpcClientProtocolClient.java:onNext(254)) - client-43E682E1E07B->d5132e6f-def8-45c0-b0d2-c5ba43d86628: receive RaftClientReply:client-43E682E1E07B->d5132e6f-def8-45c0-b0d2-c5ba43d86628@group-C29775A8E805, cid=2161, SUCCESS, logIndex=3758, commits[d5132e6f-def8-45c0-b0d2-c5ba43d86628:c3758]
2019-06-13 22:26:50,440 INFO  client.GrpcClientProtocolClient (GrpcClientProtocolClient.java:onNext(254)) - client-43E682E1E07B->d5132e6f-def8-45c0-b0d2-c5ba43d86628: receive RaftClientReply:client-43E682E1E07B->d5132e6f-def8-45c0-b0d2-c5ba43d86628@group-C29775A8E805, cid=2162, SUCCESS, logIndex=3760, commits[d5132e6f-def8-45c0-b0d2-c5ba43d86628:c3760]
2019-06-13 22:26:50,441 INFO  client.GrpcClientProtocolClient (GrpcClientProtocolClient.java:onNext(254)) - client-43E682E1E07B->d5132e6f-def8-45c0-b0d2-c5ba43d86628: receive RaftClientReply:client-43E682E1E07B->d5132e6f-def8-45c0-b0d2-c5ba43d86628@group-C29775A8E805, cid=2163, SUCCESS, logIndex=3761, commits[d5132e6f-def8-45c0-b0d2-c5ba43d86628:c3762]
2019-06-13 22:26:50,441 INFO  client.GrpcClientProtocolClient (GrpcClientProtocolClient.java:onNext(254)) - client-43E682E1E07B->d5132e6f-def8-45c0-b0d2-c5ba43d86628: receive RaftClientReply:client-43E682E1E07B->d5132e6f-def8-45c0-b0d2-c5ba43d86628@group-C29775A8E805, cid=2164, SUCCESS, logIndex=3762, commits[d5132e6f-def8-45c0-b0d2-c5ba43d86628:c3762]
2019-06-13 22:26:50,455 DEBUG block.SCMBlockDeletingService (SCMBlockDeletingService.java:call(138)) - Running DeletedBlockTransactionScanner
2019-06-13 22:26:50,455 DEBUG block.SCMBlockDeletingService (SCMBlockDeletingService.java:call(155)) - Scanned deleted blocks log and got 0 delTX to process.
2019-06-13 22:26:50,464 INFO  client.GrpcClientProtocolClient (GrpcClientProtocolClient.java:onNext(254)) - client-43E682E1E07B->d5132e6f-def8-45c0-b0d2-c5ba43d86628: receive RaftClientReply:client-43E682E1E07B->d5132e6f-def8-45c0-b0d2-c5ba43d86628@group-C29775A8E805, cid=2165, SUCCESS, logIndex=3765, commits[d5132e6f-def8-45c0-b0d2-c5ba43d86628:c3765]
2019-06-13 22:26:50,470 INFO  client.GrpcClientProtocolClient (GrpcClientProtocolClient.java:onNext(254)) - client-43E682E1E07B->d5132e6f-def8-45c0-b0d2-c5ba43d86628: receive RaftClientReply:client-43E682E1E07B->d5132e6f-def8-45c0-b0d2-c5ba43d86628@group-C29775A8E805, cid=2166, SUCCESS, logIndex=3767, commits[d5132e6f-def8-45c0-b0d2-c5ba43d86628:c3767]
2019-06-13 22:26:50,523 INFO  client.GrpcClientProtocolClient (GrpcClientProtocolClient.java:onNext(254)) - client-43E682E1E07B->d5132e6f-def8-45c0-b0d2-c5ba43d86628: receive RaftClientReply:client-43E682E1E07B->d5132e6f-def8-45c0-b0d2-c5ba43d86628@group-C29775A8E805, cid=2167, SUCCESS, logIndex=3769, commits[d5132e6f-def8-45c0-b0d2-c5ba43d86628:c3769]
2019-06-13 22:26:50,526 INFO  client.GrpcClientProtocolClient (GrpcClientProtocolClient.java:onNext(254)) - client-43E682E1E07B->d5132e6f-def8-45c0-b0d2-c5ba43d86628: receive RaftClientReply:client-43E682E1E07B->d5132e6f-def8-45c0-b0d2-c5ba43d86628@group-C29775A8E805, cid=2168, SUCCESS, logIndex=3771, commits[d5132e6f-def8-45c0-b0d2-c5ba43d86628:c3771]
2019-06-13 22:26:50,537 INFO  client.GrpcClientProtocolClient (GrpcClientProtocolClient.java:onNext(254)) - client-43E682E1E07B->d5132e6f-def8-45c0-b0d2-c5ba43d86628: receive RaftClientReply:client-43E682E1E07B->d5132e6f-def8-45c0-b0d2-c5ba43d86628@group-C29775A8E805, cid=2169, SUCCESS, logIndex=3773, commits[d5132e6f-def8-45c0-b0d2-c5ba43d86628:c3773]
2019-06-13 22:26:50,541 INFO  client.GrpcClientProtocolClient (GrpcClientProtocolClient.java:onNext(254)) - client-43E682E1E07B->d5132e6f-def8-45c0-b0d2-c5ba43d86628: receive RaftClientReply:client-43E682E1E07B->d5132e6f-def8-45c0-b0d2-c5ba43d86628@group-C29775A8E805, cid=2170, SUCCESS, logIndex=3775, commits[d5132e6f-def8-45c0-b0d2-c5ba43d86628:c3775]
2019-06-13 22:26:50,544 INFO  client.GrpcClientProtocolClient (GrpcClientProtocolClient.java:onNext(254)) - client-43E682E1E07B->d5132e6f-def8-45c0-b0d2-c5ba43d86628: receive RaftClientReply:client-43E682E1E07B->d5132e6f-def8-45c0-b0d2-c5ba43d86628@group-C29775A8E805, cid=2171, SUCCESS, logIndex=3777, commits[d5132e6f-def8-45c0-b0d2-c5ba43d86628:c3777]
2019-06-13 22:26:50,545 INFO  client.GrpcClientProtocolClient (GrpcClientProtocolClient.java:onNext(254)) - client-43E682E1E07B->d5132e6f-def8-45c0-b0d2-c5ba43d86628: receive RaftClientReply:client-43E682E1E07B->d5132e6f-def8-45c0-b0d2-c5ba43d86628@group-C29775A8E805, cid=2172, SUCCESS, logIndex=3778, commits[d5132e6f-def8-45c0-b0d2-c5ba43d86628:c3778]
2019-06-13 22:26:50,550 INFO  client.GrpcClientProtocolClient (GrpcClientProtocolClient.java:onNext(254)) - client-43E682E1E07B->d5132e6f-def8-45c0-b0d2-c5ba43d86628: receive RaftClientReply:client-43E682E1E07B->d5132e6f-def8-45c0-b0d2-c5ba43d86628@group-C29775A8E805, cid=2173, SUCCESS, logIndex=3781, commits[d5132e6f-def8-45c0-b0d2-c5ba43d86628:c3781]
2019-06-13 22:26:50,551 INFO  client.GrpcClientProtocolClient (GrpcClientProtocolClient.java:onNext(254)) - client-43E682E1E07B->d5132e6f-def8-45c0-b0d2-c5ba43d86628: receive RaftClientReply:client-43E682E1E07B->d5132e6f-def8-45c0-b0d2-c5ba43d86628@group-C29775A8E805, cid=2174, SUCCESS, logIndex=3783, commits[d5132e6f-def8-45c0-b0d2-c5ba43d86628:c3783]
2019-06-13 22:26:50,553 INFO  client.GrpcClientProtocolClient (GrpcClientProtocolClient.java:onNext(254)) - client-43E682E1E07B->d5132e6f-def8-45c0-b0d2-c5ba43d86628: receive RaftClientReply:client-43E682E1E07B->d5132e6f-def8-45c0-b0d2-c5ba43d86628@group-C29775A8E805, cid=2175, SUCCESS, logIndex=3784, commits[d5132e6f-def8-45c0-b0d2-c5ba43d86628:c3786]
2019-06-13 22:26:50,556 DEBUG block.SCMBlockDeletingService (SCMBlockDeletingService.java:call(138)) - Running DeletedBlockTransactionScanner
2019-06-13 22:26:50,556 DEBUG block.SCMBlockDeletingService (SCMBlockDeletingService.java:call(155)) - Scanned deleted blocks log and got 0 delTX to process.
2019-06-13 22:26:50,556 INFO  client.GrpcClientProtocolClient (GrpcClientProtocolClient.java:onNext(254)) - client-43E682E1E07B->d5132e6f-def8-45c0-b0d2-c5ba43d86628: receive RaftClientReply:client-43E682E1E07B->d5132e6f-def8-45c0-b0d2-c5ba43d86628@group-C29775A8E805, cid=2176, SUCCESS, logIndex=3785, commits[d5132e6f-def8-45c0-b0d2-c5ba43d86628:c3786]
2019-06-13 22:26:50,568 INFO  client.GrpcClientProtocolClient (GrpcClientProtocolClient.java:onNext(254)) - client-43E682E1E07B->d5132e6f-def8-45c0-b0d2-c5ba43d86628: receive RaftClientReply:client-43E682E1E07B->d5132e6f-def8-45c0-b0d2-c5ba43d86628@group-C29775A8E805, cid=2177, SUCCESS, logIndex=3787, commits[d5132e6f-def8-45c0-b0d2-c5ba43d86628:c3787]
2019-06-13 22:26:50,569 INFO  storage.RaftLogWorker (RaftLogWorker.java:rollLogSegment(303)) - d5132e6f-def8-45c0-b0d2-c5ba43d86628-RaftLogWorker: Rolling segment log-3715_3789 to index:3789
2019-06-13 22:26:50,569 INFO  storage.RaftLogWorker (RaftLogWorker.java:execute(433)) - d5132e6f-def8-45c0-b0d2-c5ba43d86628-RaftLogWorker: Rolled log segment from /opt/src/hadoop-ozone/integration-test/target/test-dir/MiniOzoneClusterImpl-e9ea07bb-4900-4b53-96c1-68f0ab556a80/datanode-0/data/ratis/c7035dd3-cd4a-42fb-880d-c29775a8e805/current/log_inprogress_3715 to /opt/src/hadoop-ozone/integration-test/target/test-dir/MiniOzoneClusterImpl-e9ea07bb-4900-4b53-96c1-68f0ab556a80/datanode-0/data/ratis/c7035dd3-cd4a-42fb-880d-c29775a8e805/current/log_3715-3789
2019-06-13 22:26:50,574 INFO  client.GrpcClientProtocolClient (GrpcClientProtocolClient.java:onNext(254)) - client-43E682E1E07B->d5132e6f-def8-45c0-b0d2-c5ba43d86628: receive RaftClientReply:client-43E682E1E07B->d5132e6f-def8-45c0-b0d2-c5ba43d86628@group-C29775A8E805, cid=2178, SUCCESS, logIndex=3789, commits[d5132e6f-def8-45c0-b0d2-c5ba43d86628:c3789]
2019-06-13 22:26:50,616 INFO  storage.RaftLogWorker (RaftLogWorker.java:execute(469)) - d5132e6f-def8-45c0-b0d2-c5ba43d86628-RaftLogWorker: created new log segment /opt/src/hadoop-ozone/integration-test/target/test-dir/MiniOzoneClusterImpl-e9ea07bb-4900-4b53-96c1-68f0ab556a80/datanode-0/data/ratis/c7035dd3-cd4a-42fb-880d-c29775a8e805/current/log_inprogress_3790
2019-06-13 22:26:50,618 INFO  client.GrpcClientProtocolClient (GrpcClientProtocolClient.java:onNext(254)) - client-43E682E1E07B->d5132e6f-def8-45c0-b0d2-c5ba43d86628: receive RaftClientReply:client-43E682E1E07B->d5132e6f-def8-45c0-b0d2-c5ba43d86628@group-C29775A8E805, cid=2179, SUCCESS, logIndex=3790, commits[d5132e6f-def8-45c0-b0d2-c5ba43d86628:c3792]
2019-06-13 22:26:50,619 INFO  client.GrpcClientProtocolClient (GrpcClientProtocolClient.java:onNext(254)) - client-43E682E1E07B->d5132e6f-def8-45c0-b0d2-c5ba43d86628: receive RaftClientReply:client-43E682E1E07B->d5132e6f-def8-45c0-b0d2-c5ba43d86628@group-C29775A8E805, cid=2180, SUCCESS, logIndex=3792, commits[d5132e6f-def8-45c0-b0d2-c5ba43d86628:c3793]
2019-06-13 22:26:50,630 INFO  client.GrpcClientProtocolClient (GrpcClientProtocolClient.java:onNext(254)) - client-43E682E1E07B->d5132e6f-def8-45c0-b0d2-c5ba43d86628: receive RaftClientReply:client-43E682E1E07B->d5132e6f-def8-45c0-b0d2-c5ba43d86628@group-C29775A8E805, cid=2181, SUCCESS, logIndex=3794, commits[d5132e6f-def8-45c0-b0d2-c5ba43d86628:c3795]
2019-06-13 22:26:50,633 INFO  client.GrpcClientProtocolClient (GrpcClientProtocolClient.java:onNext(254)) - client-43E682E1E07B->d5132e6f-def8-45c0-b0d2-c5ba43d86628: receive RaftClientReply:client-43E682E1E07B->d5132e6f-def8-45c0-b0d2-c5ba43d86628@group-C29775A8E805, cid=2182, SUCCESS, logIndex=3796, commits[d5132e6f-def8-45c0-b0d2-c5ba43d86628:c3796]
2019-06-13 22:26:50,633 INFO  client.GrpcClientProtocolClient (GrpcClientProtocolClient.java:onNext(254)) - client-43E682E1E07B->d5132e6f-def8-45c0-b0d2-c5ba43d86628: receive RaftClientReply:client-43E682E1E07B->d5132e6f-def8-45c0-b0d2-c5ba43d86628@group-C29775A8E805, cid=2183, SUCCESS, logIndex=3797, commits[d5132e6f-def8-45c0-b0d2-c5ba43d86628:c3798]
2019-06-13 22:26:50,634 INFO  client.GrpcClientProtocolClient (GrpcClientProtocolClient.java:onNext(254)) - client-43E682E1E07B->d5132e6f-def8-45c0-b0d2-c5ba43d86628: receive RaftClientReply:client-43E682E1E07B->d5132e6f-def8-45c0-b0d2-c5ba43d86628@group-C29775A8E805, cid=2184, SUCCESS, logIndex=3798, commits[d5132e6f-def8-45c0-b0d2-c5ba43d86628:c3798]
2019-06-13 22:26:50,647 INFO  client.GrpcClientProtocolClient (GrpcClientProtocolClient.java:onNext(254)) - client-43E682E1E07B->d5132e6f-def8-45c0-b0d2-c5ba43d86628: receive RaftClientReply:client-43E682E1E07B->d5132e6f-def8-45c0-b0d2-c5ba43d86628@group-C29775A8E805, cid=2185, SUCCESS, logIndex=3801, commits[d5132e6f-def8-45c0-b0d2-c5ba43d86628:c3801]
2019-06-13 22:26:50,650 INFO  client.GrpcClientProtocolClient (GrpcClientProtocolClient.java:onNext(254)) - client-43E682E1E07B->d5132e6f-def8-45c0-b0d2-c5ba43d86628: receive RaftClientReply:client-43E682E1E07B->d5132e6f-def8-45c0-b0d2-c5ba43d86628@group-C29775A8E805, cid=2186, SUCCESS, logIndex=3803, commits[d5132e6f-def8-45c0-b0d2-c5ba43d86628:c3803]
2019-06-13 22:26:50,651 INFO  client.GrpcClientProtocolClient (GrpcClientProtocolClient.java:onNext(254)) - client-43E682E1E07B->d5132e6f-def8-45c0-b0d2-c5ba43d86628: receive RaftClientReply:client-43E682E1E07B->d5132e6f-def8-45c0-b0d2-c5ba43d86628@group-C29775A8E805, cid=2187, SUCCESS, logIndex=3804, commits[d5132e6f-def8-45c0-b0d2-c5ba43d86628:c3805]
2019-06-13 22:26:50,651 INFO  client.GrpcClientProtocolClient (GrpcClientProtocolClient.java:onNext(254)) - client-43E682E1E07B->d5132e6f-def8-45c0-b0d2-c5ba43d86628: receive RaftClientReply:client-43E682E1E07B->d5132e6f-def8-45c0-b0d2-c5ba43d86628@group-C29775A8E805, cid=2188, SUCCESS, logIndex=3806, commits[d5132e6f-def8-45c0-b0d2-c5ba43d86628:c3806]
2019-06-13 22:26:50,657 DEBUG block.SCMBlockDeletingService (SCMBlockDeletingService.java:call(138)) - Running DeletedBlockTransactionScanner
2019-06-13 22:26:50,657 DEBUG block.SCMBlockDeletingService (SCMBlockDeletingService.java:call(155)) - Scanned deleted blocks log and got 0 delTX to process.
2019-06-13 22:26:50,658 INFO  client.GrpcClientProtocolClient (GrpcClientProtocolClient.java:onNext(254)) - client-43E682E1E07B->d5132e6f-def8-45c0-b0d2-c5ba43d86628: receive RaftClientReply:client-43E682E1E07B->d5132e6f-def8-45c0-b0d2-c5ba43d86628@group-C29775A8E805, cid=2189, SUCCESS, logIndex=3808, commits[d5132e6f-def8-45c0-b0d2-c5ba43d86628:c3808]
2019-06-13 22:26:50,660 INFO  client.GrpcClientProtocolClient (GrpcClientProtocolClient.java:onNext(254)) - client-43E682E1E07B->d5132e6f-def8-45c0-b0d2-c5ba43d86628: receive RaftClientReply:client-43E682E1E07B->d5132e6f-def8-45c0-b0d2-c5ba43d86628@group-C29775A8E805, cid=2190, SUCCESS, logIndex=3810, commits[d5132e6f-def8-45c0-b0d2-c5ba43d86628:c3810]
2019-06-13 22:26:50,661 INFO  client.GrpcClientProtocolClient (GrpcClientProtocolClient.java:onNext(254)) - client-43E682E1E07B->d5132e6f-def8-45c0-b0d2-c5ba43d86628: receive RaftClientReply:client-43E682E1E07B->d5132e6f-def8-45c0-b0d2-c5ba43d86628@group-C29775A8E805, cid=2191, SUCCESS, logIndex=3811, commits[d5132e6f-def8-45c0-b0d2-c5ba43d86628:c3812]
2019-06-13 22:26:50,661 INFO  client.GrpcClientProtocolClient (GrpcClientProtocolClient.java:onNext(254)) - client-43E682E1E07B->d5132e6f-def8-45c0-b0d2-c5ba43d86628: receive RaftClientReply:client-43E682E1E07B->d5132e6f-def8-45c0-b0d2-c5ba43d86628@group-C29775A8E805, cid=2192, SUCCESS, logIndex=3812, commits[d5132e6f-def8-45c0-b0d2-c5ba43d86628:c3813]
2019-06-13 22:26:50,678 INFO  client.GrpcClientProtocolClient (GrpcClientProtocolClient.java:onNext(254)) - client-43E682E1E07B->d5132e6f-def8-45c0-b0d2-c5ba43d86628: receive RaftClientReply:client-43E682E1E07B->d5132e6f-def8-45c0-b0d2-c5ba43d86628@group-C29775A8E805, cid=2193, SUCCESS, logIndex=3815, commits[d5132e6f-def8-45c0-b0d2-c5ba43d86628:c3815]
2019-06-13 22:26:50,680 INFO  client.GrpcClientProtocolClient (GrpcClientProtocolClient.java:onNext(254)) - client-43E682E1E07B->d5132e6f-def8-45c0-b0d2-c5ba43d86628: receive RaftClientReply:client-43E682E1E07B->d5132e6f-def8-45c0-b0d2-c5ba43d86628@group-C29775A8E805, cid=2194, SUCCESS, logIndex=3817, commits[d5132e6f-def8-45c0-b0d2-c5ba43d86628:c3817]
2019-06-13 22:26:50,682 INFO  client.GrpcClientProtocolClient (GrpcClientProtocolClient.java:onNext(254)) - client-43E682E1E07B->d5132e6f-def8-45c0-b0d2-c5ba43d86628: receive RaftClientReply:client-43E682E1E07B->d5132e6f-def8-45c0-b0d2-c5ba43d86628@group-C29775A8E805, cid=2195, SUCCESS, logIndex=3819, commits[d5132e6f-def8-45c0-b0d2-c5ba43d86628:c3820]
2019-06-13 22:26:50,683 INFO  client.GrpcClientProtocolClient (GrpcClientProtocolClient.java:onNext(254)) - client-43E682E1E07B->d5132e6f-def8-45c0-b0d2-c5ba43d86628: receive RaftClientReply:client-43E682E1E07B->d5132e6f-def8-45c0-b0d2-c5ba43d86628@group-C29775A8E805, cid=2196, SUCCESS, logIndex=3820, commits[d5132e6f-def8-45c0-b0d2-c5ba43d86628:c3820]
2019-06-13 22:26:50,690 INFO  client.GrpcClientProtocolClient (GrpcClientProtocolClient.java:onNext(254)) - client-43E682E1E07B->d5132e6f-def8-45c0-b0d2-c5ba43d86628: receive RaftClientReply:client-43E682E1E07B->d5132e6f-def8-45c0-b0d2-c5ba43d86628@group-C29775A8E805, cid=2197, SUCCESS, logIndex=3822, commits[d5132e6f-def8-45c0-b0d2-c5ba43d86628:c3822]
2019-06-13 22:26:50,692 INFO  client.GrpcClientProtocolClient (GrpcClientProtocolClient.java:onNext(254)) - client-43E682E1E07B->d5132e6f-def8-45c0-b0d2-c5ba43d86628: receive RaftClientReply:client-43E682E1E07B->d5132e6f-def8-45c0-b0d2-c5ba43d86628@group-C29775A8E805, cid=2198, SUCCESS, logIndex=3824, commits[d5132e6f-def8-45c0-b0d2-c5ba43d86628:c3824]
2019-06-13 22:26:50,693 INFO  client.GrpcClientProtocolClient (GrpcClientProtocolClient.java:onNext(254)) - client-43E682E1E07B->d5132e6f-def8-45c0-b0d2-c5ba43d86628: receive RaftClientReply:client-43E682E1E07B->d5132e6f-def8-45c0-b0d2-c5ba43d86628@group-C29775A8E805, cid=2199, SUCCESS, logIndex=3825, commits[d5132e6f-def8-45c0-b0d2-c5ba43d86628:c3826]
2019-06-13 22:26:50,693 INFO  client.GrpcClientProtocolClient (GrpcClientProtocolClient.java:onNext(254)) - client-43E682E1E07B->d5132e6f-def8-45c0-b0d2-c5ba43d86628: receive RaftClientReply:client-43E682E1E07B->d5132e6f-def8-45c0-b0d2-c5ba43d86628@group-C29775A8E805, cid=2200, SUCCESS, logIndex=3826, commits[d5132e6f-def8-45c0-b0d2-c5ba43d86628:c3826]
2019-06-13 22:26:50,706 INFO  client.GrpcClientProtocolClient (GrpcClientProtocolClient.java:onNext(254)) - client-43E682E1E07B->d5132e6f-def8-45c0-b0d2-c5ba43d86628: receive RaftClientReply:client-43E682E1E07B->d5132e6f-def8-45c0-b0d2-c5ba43d86628@group-C29775A8E805, cid=2201, SUCCESS, logIndex=3829, commits[d5132e6f-def8-45c0-b0d2-c5ba43d86628:c3829]
2019-06-13 22:26:50,713 INFO  client.GrpcClientProtocolClient (GrpcClientProtocolClient.java:onNext(254)) - client-43E682E1E07B->d5132e6f-def8-45c0-b0d2-c5ba43d86628: receive RaftClientReply:client-43E682E1E07B->d5132e6f-def8-45c0-b0d2-c5ba43d86628@group-C29775A8E805, cid=2202, SUCCESS, logIndex=3831, commits[d5132e6f-def8-45c0-b0d2-c5ba43d86628:c3831]
2019-06-13 22:26:50,714 INFO  client.GrpcClientProtocolClient (GrpcClientProtocolClient.java:onNext(254)) - client-43E682E1E07B->d5132e6f-def8-45c0-b0d2-c5ba43d86628: receive RaftClientReply:client-43E682E1E07B->d5132e6f-def8-45c0-b0d2-c5ba43d86628@group-C29775A8E805, cid=2203, SUCCESS, logIndex=3832, commits[d5132e6f-def8-45c0-b0d2-c5ba43d86628:c3834]
2019-06-13 22:26:50,714 INFO  client.GrpcClientProtocolClient (GrpcClientProtocolClient.java:onNext(254)) - client-43E682E1E07B->d5132e6f-def8-45c0-b0d2-c5ba43d86628: receive RaftClientReply:client-43E682E1E07B->d5132e6f-def8-45c0-b0d2-c5ba43d86628@group-C29775A8E805, cid=2204, SUCCESS, logIndex=3834, commits[d5132e6f-def8-45c0-b0d2-c5ba43d86628:c3834]
2019-06-13 22:26:50,724 INFO  client.GrpcClientProtocolClient (GrpcClientProtocolClient.java:onNext(254)) - client-43E682E1E07B->d5132e6f-def8-45c0-b0d2-c5ba43d86628: receive RaftClientReply:client-43E682E1E07B->d5132e6f-def8-45c0-b0d2-c5ba43d86628@group-C29775A8E805, cid=2205, SUCCESS, logIndex=3836, commits[d5132e6f-def8-45c0-b0d2-c5ba43d86628:c3836]
2019-06-13 22:26:50,730 INFO  client.GrpcClientProtocolClient (GrpcClientProtocolClient.java:onNext(254)) - client-43E682E1E07B->d5132e6f-def8-45c0-b0d2-c5ba43d86628: receive RaftClientReply:client-43E682E1E07B->d5132e6f-def8-45c0-b0d2-c5ba43d86628@group-C29775A8E805, cid=2206, SUCCESS, logIndex=3838, commits[d5132e6f-def8-45c0-b0d2-c5ba43d86628:c3838]
2019-06-13 22:26:50,734 INFO  client.GrpcClientProtocolClient (GrpcClientProtocolClient.java:onNext(254)) - client-43E682E1E07B->d5132e6f-def8-45c0-b0d2-c5ba43d86628: receive RaftClientReply:client-43E682E1E07B->d5132e6f-def8-45c0-b0d2-c5ba43d86628@group-C29775A8E805, cid=2207, SUCCESS, logIndex=3839, commits[d5132e6f-def8-45c0-b0d2-c5ba43d86628:c3840]
2019-06-13 22:26:50,738 INFO  client.GrpcClientProtocolClient (GrpcClientProtocolClient.java:onNext(254)) - client-43E682E1E07B->d5132e6f-def8-45c0-b0d2-c5ba43d86628: receive RaftClientReply:client-43E682E1E07B->d5132e6f-def8-45c0-b0d2-c5ba43d86628@group-C29775A8E805, cid=2208, SUCCESS, logIndex=3841, commits[d5132e6f-def8-45c0-b0d2-c5ba43d86628:c3841]
2019-06-13 22:26:50,793 DEBUG block.SCMBlockDeletingService (SCMBlockDeletingService.java:call(138)) - Running DeletedBlockTransactionScanner
2019-06-13 22:26:50,793 DEBUG block.SCMBlockDeletingService (SCMBlockDeletingService.java:call(155)) - Scanned deleted blocks log and got 0 delTX to process.
2019-06-13 22:26:50,798 INFO  client.GrpcClientProtocolClient (GrpcClientProtocolClient.java:onNext(254)) - client-43E682E1E07B->d5132e6f-def8-45c0-b0d2-c5ba43d86628: receive RaftClientReply:client-43E682E1E07B->d5132e6f-def8-45c0-b0d2-c5ba43d86628@group-C29775A8E805, cid=2209, SUCCESS, logIndex=3843, commits[d5132e6f-def8-45c0-b0d2-c5ba43d86628:c3843]
2019-06-13 22:26:50,804 INFO  client.GrpcClientProtocolClient (GrpcClientProtocolClient.java:onNext(254)) - client-43E682E1E07B->d5132e6f-def8-45c0-b0d2-c5ba43d86628: receive RaftClientReply:client-43E682E1E07B->d5132e6f-def8-45c0-b0d2-c5ba43d86628@group-C29775A8E805, cid=2210, SUCCESS, logIndex=3845, commits[d5132e6f-def8-45c0-b0d2-c5ba43d86628:c3845]
2019-06-13 22:26:50,894 DEBUG block.SCMBlockDeletingService (SCMBlockDeletingService.java:call(138)) - Running DeletedBlockTransactionScanner
2019-06-13 22:26:50,894 DEBUG block.SCMBlockDeletingService (SCMBlockDeletingService.java:call(155)) - Scanned deleted blocks log and got 0 delTX to process.
2019-06-13 22:26:50,903 INFO  client.GrpcClientProtocolClient (GrpcClientProtocolClient.java:onNext(254)) - client-43E682E1E07B->d5132e6f-def8-45c0-b0d2-c5ba43d86628: receive RaftClientReply:client-43E682E1E07B->d5132e6f-def8-45c0-b0d2-c5ba43d86628@group-C29775A8E805, cid=2211, SUCCESS, logIndex=3847, commits[d5132e6f-def8-45c0-b0d2-c5ba43d86628:c3847]
2019-06-13 22:26:50,915 INFO  client.GrpcClientProtocolClient (GrpcClientProtocolClient.java:onNext(254)) - client-43E682E1E07B->d5132e6f-def8-45c0-b0d2-c5ba43d86628: receive RaftClientReply:client-43E682E1E07B->d5132e6f-def8-45c0-b0d2-c5ba43d86628@group-C29775A8E805, cid=2212, SUCCESS, logIndex=3849, commits[d5132e6f-def8-45c0-b0d2-c5ba43d86628:c3849]
2019-06-13 22:26:50,934 INFO  client.GrpcClientProtocolClient (GrpcClientProtocolClient.java:onNext(254)) - client-43E682E1E07B->d5132e6f-def8-45c0-b0d2-c5ba43d86628: receive RaftClientReply:client-43E682E1E07B->d5132e6f-def8-45c0-b0d2-c5ba43d86628@group-C29775A8E805, cid=2213, SUCCESS, logIndex=3851, commits[d5132e6f-def8-45c0-b0d2-c5ba43d86628:c3851]
2019-06-13 22:26:50,948 INFO  client.GrpcClientProtocolClient (GrpcClientProtocolClient.java:onNext(254)) - client-43E682E1E07B->d5132e6f-def8-45c0-b0d2-c5ba43d86628: receive RaftClientReply:client-43E682E1E07B->d5132e6f-def8-45c0-b0d2-c5ba43d86628@group-C29775A8E805, cid=2214, SUCCESS, logIndex=3853, commits[d5132e6f-def8-45c0-b0d2-c5ba43d86628:c3853]
2019-06-13 22:26:50,950 INFO  client.GrpcClientProtocolClient (GrpcClientProtocolClient.java:onNext(254)) - client-43E682E1E07B->d5132e6f-def8-45c0-b0d2-c5ba43d86628: receive RaftClientReply:client-43E682E1E07B->d5132e6f-def8-45c0-b0d2-c5ba43d86628@group-C29775A8E805, cid=2215, SUCCESS, logIndex=3854, commits[d5132e6f-def8-45c0-b0d2-c5ba43d86628:c3856]
2019-06-13 22:26:50,951 INFO  client.GrpcClientProtocolClient (GrpcClientProtocolClient.java:onNext(254)) - client-43E682E1E07B->d5132e6f-def8-45c0-b0d2-c5ba43d86628: receive RaftClientReply:client-43E682E1E07B->d5132e6f-def8-45c0-b0d2-c5ba43d86628@group-C29775A8E805, cid=2216, SUCCESS, logIndex=3855, commits[d5132e6f-def8-45c0-b0d2-c5ba43d86628:c3856]
2019-06-13 22:26:50,967 INFO  client.GrpcClientProtocolClient (GrpcClientProtocolClient.java:onNext(254)) - client-43E682E1E07B->d5132e6f-def8-45c0-b0d2-c5ba43d86628: receive RaftClientReply:client-43E682E1E07B->d5132e6f-def8-45c0-b0d2-c5ba43d86628@group-C29775A8E805, cid=2217, SUCCESS, logIndex=3858, commits[d5132e6f-def8-45c0-b0d2-c5ba43d86628:c3858]
2019-06-13 22:26:50,969 INFO  client.GrpcClientProtocolClient (GrpcClientProtocolClient.java:onNext(254)) - client-43E682E1E07B->d5132e6f-def8-45c0-b0d2-c5ba43d86628: receive RaftClientReply:client-43E682E1E07B->d5132e6f-def8-45c0-b0d2-c5ba43d86628@group-C29775A8E805, cid=2218, SUCCESS, logIndex=3860, commits[d5132e6f-def8-45c0-b0d2-c5ba43d86628:c3860]
2019-06-13 22:26:50,970 INFO  client.GrpcClientProtocolClient (GrpcClientProtocolClient.java:onNext(254)) - client-43E682E1E07B->d5132e6f-def8-45c0-b0d2-c5ba43d86628: receive RaftClientReply:client-43E682E1E07B->d5132e6f-def8-45c0-b0d2-c5ba43d86628@group-C29775A8E805, cid=2219, SUCCESS, logIndex=3861, commits[d5132e6f-def8-45c0-b0d2-c5ba43d86628:c3862]
2019-06-13 22:26:50,970 INFO  client.GrpcClientProtocolClient (GrpcClientProtocolClient.java:onNext(254)) - client-43E682E1E07B->d5132e6f-def8-45c0-b0d2-c5ba43d86628: receive RaftClientReply:client-43E682E1E07B->d5132e6f-def8-45c0-b0d2-c5ba43d86628@group-C29775A8E805, cid=2220, SUCCESS, logIndex=3862, commits[d5132e6f-def8-45c0-b0d2-c5ba43d86628:c3862]
2019-06-13 22:26:50,980 INFO  storage.RaftLogWorker (RaftLogWorker.java:rollLogSegment(303)) - d5132e6f-def8-45c0-b0d2-c5ba43d86628-RaftLogWorker: Rolling segment log-3790_3866 to index:3866
2019-06-13 22:26:50,982 INFO  storage.RaftLogWorker (RaftLogWorker.java:execute(433)) - d5132e6f-def8-45c0-b0d2-c5ba43d86628-RaftLogWorker: Rolled log segment from /opt/src/hadoop-ozone/integration-test/target/test-dir/MiniOzoneClusterImpl-e9ea07bb-4900-4b53-96c1-68f0ab556a80/datanode-0/data/ratis/c7035dd3-cd4a-42fb-880d-c29775a8e805/current/log_inprogress_3790 to /opt/src/hadoop-ozone/integration-test/target/test-dir/MiniOzoneClusterImpl-e9ea07bb-4900-4b53-96c1-68f0ab556a80/datanode-0/data/ratis/c7035dd3-cd4a-42fb-880d-c29775a8e805/current/log_3790-3866
2019-06-13 22:26:50,986 INFO  client.GrpcClientProtocolClient (GrpcClientProtocolClient.java:onNext(254)) - client-43E682E1E07B->d5132e6f-def8-45c0-b0d2-c5ba43d86628: receive RaftClientReply:client-43E682E1E07B->d5132e6f-def8-45c0-b0d2-c5ba43d86628@group-C29775A8E805, cid=2221, SUCCESS, logIndex=3865, commits[d5132e6f-def8-45c0-b0d2-c5ba43d86628:c3866]
2019-06-13 22:26:50,994 DEBUG block.SCMBlockDeletingService (SCMBlockDeletingService.java:call(138)) - Running DeletedBlockTransactionScanner
2019-06-13 22:26:50,995 DEBUG block.SCMBlockDeletingService (SCMBlockDeletingService.java:call(155)) - Scanned deleted blocks log and got 0 delTX to process.
2019-06-13 22:26:51,095 DEBUG block.SCMBlockDeletingService (SCMBlockDeletingService.java:call(138)) - Running DeletedBlockTransactionScanner
2019-06-13 22:26:51,095 DEBUG block.SCMBlockDeletingService (SCMBlockDeletingService.java:call(155)) - Scanned deleted blocks log and got 0 delTX to process.
2019-06-13 22:26:51,167 INFO  storage.RaftLogWorker (RaftLogWorker.java:execute(469)) - d5132e6f-def8-45c0-b0d2-c5ba43d86628-RaftLogWorker: created new log segment /opt/src/hadoop-ozone/integration-test/target/test-dir/MiniOzoneClusterImpl-e9ea07bb-4900-4b53-96c1-68f0ab556a80/datanode-0/data/ratis/c7035dd3-cd4a-42fb-880d-c29775a8e805/current/log_inprogress_3867
2019-06-13 22:26:51,175 INFO  client.GrpcClientProtocolClient (GrpcClientProtocolClient.java:onNext(254)) - client-43E682E1E07B->d5132e6f-def8-45c0-b0d2-c5ba43d86628: receive RaftClientReply:client-43E682E1E07B->d5132e6f-def8-45c0-b0d2-c5ba43d86628@group-C29775A8E805, cid=2222, SUCCESS, logIndex=3867, commits[d5132e6f-def8-45c0-b0d2-c5ba43d86628:c3867]
2019-06-13 22:26:51,178 INFO  client.GrpcClientProtocolClient (GrpcClientProtocolClient.java:onNext(254)) - client-43E682E1E07B->d5132e6f-def8-45c0-b0d2-c5ba43d86628: receive RaftClientReply:client-43E682E1E07B->d5132e6f-def8-45c0-b0d2-c5ba43d86628@group-C29775A8E805, cid=2223, SUCCESS, logIndex=3869, commits[d5132e6f-def8-45c0-b0d2-c5ba43d86628:c3870]
2019-06-13 22:26:51,184 INFO  client.GrpcClientProtocolClient (GrpcClientProtocolClient.java:onNext(254)) - client-43E682E1E07B->d5132e6f-def8-45c0-b0d2-c5ba43d86628: receive RaftClientReply:client-43E682E1E07B->d5132e6f-def8-45c0-b0d2-c5ba43d86628@group-C29775A8E805, cid=2224, SUCCESS, logIndex=3870, commits[d5132e6f-def8-45c0-b0d2-c5ba43d86628:c3870]
2019-06-13 22:26:51,195 DEBUG block.SCMBlockDeletingService (SCMBlockDeletingService.java:call(138)) - Running DeletedBlockTransactionScanner
2019-06-13 22:26:51,196 DEBUG block.SCMBlockDeletingService (SCMBlockDeletingService.java:call(155)) - Scanned deleted blocks log and got 0 delTX to process.
2019-06-13 22:26:51,198 INFO  client.GrpcClientProtocolClient (GrpcClientProtocolClient.java:onNext(254)) - client-43E682E1E07B->d5132e6f-def8-45c0-b0d2-c5ba43d86628: receive RaftClientReply:client-43E682E1E07B->d5132e6f-def8-45c0-b0d2-c5ba43d86628@group-C29775A8E805, cid=2225, SUCCESS, logIndex=3872, commits[d5132e6f-def8-45c0-b0d2-c5ba43d86628:c3872]
2019-06-13 22:26:51,200 INFO  client.GrpcClientProtocolClient (GrpcClientProtocolClient.java:onNext(254)) - client-43E682E1E07B->d5132e6f-def8-45c0-b0d2-c5ba43d86628: receive RaftClientReply:client-43E682E1E07B->d5132e6f-def8-45c0-b0d2-c5ba43d86628@group-C29775A8E805, cid=2226, SUCCESS, logIndex=3874, commits[d5132e6f-def8-45c0-b0d2-c5ba43d86628:c3874]
2019-06-13 22:26:51,201 INFO  client.GrpcClientProtocolClient (GrpcClientProtocolClient.java:onNext(254)) - client-43E682E1E07B->d5132e6f-def8-45c0-b0d2-c5ba43d86628: receive RaftClientReply:client-43E682E1E07B->d5132e6f-def8-45c0-b0d2-c5ba43d86628@group-C29775A8E805, cid=2227, SUCCESS, logIndex=3875, commits[d5132e6f-def8-45c0-b0d2-c5ba43d86628:c3875]
2019-06-13 22:26:51,202 INFO  client.GrpcClientProtocolClient (GrpcClientProtocolClient.java:onNext(254)) - client-43E682E1E07B->d5132e6f-def8-45c0-b0d2-c5ba43d86628: receive RaftClientReply:client-43E682E1E07B->d5132e6f-def8-45c0-b0d2-c5ba43d86628@group-C29775A8E805, cid=2228, SUCCESS, logIndex=3877, commits[d5132e6f-def8-45c0-b0d2-c5ba43d86628:c3878]
2019-06-13 22:26:51,209 INFO  client.GrpcClientProtocolClient (GrpcClientProtocolClient.java:onNext(254)) - client-43E682E1E07B->d5132e6f-def8-45c0-b0d2-c5ba43d86628: receive RaftClientReply:client-43E682E1E07B->d5132e6f-def8-45c0-b0d2-c5ba43d86628@group-C29775A8E805, cid=2229, SUCCESS, logIndex=3879, commits[d5132e6f-def8-45c0-b0d2-c5ba43d86628:c3879]
2019-06-13 22:26:51,211 INFO  client.GrpcClientProtocolClient (GrpcClientProtocolClient.java:onNext(254)) - client-43E682E1E07B->d5132e6f-def8-45c0-b0d2-c5ba43d86628: receive RaftClientReply:client-43E682E1E07B->d5132e6f-def8-45c0-b0d2-c5ba43d86628@group-C29775A8E805, cid=2230, SUCCESS, logIndex=3881, commits[d5132e6f-def8-45c0-b0d2-c5ba43d86628:c3881]
2019-06-13 22:26:51,212 INFO  client.GrpcClientProtocolClient (GrpcClientProtocolClient.java:onNext(254)) - client-43E682E1E07B->d5132e6f-def8-45c0-b0d2-c5ba43d86628: receive RaftClientReply:client-43E682E1E07B->d5132e6f-def8-45c0-b0d2-c5ba43d86628@group-C29775A8E805, cid=2231, SUCCESS, logIndex=3882, commits[d5132e6f-def8-45c0-b0d2-c5ba43d86628:c3883]
2019-06-13 22:26:51,212 INFO  client.GrpcClientProtocolClient (GrpcClientProtocolClient.java:onNext(254)) - client-43E682E1E07B->d5132e6f-def8-45c0-b0d2-c5ba43d86628: receive RaftClientReply:client-43E682E1E07B->d5132e6f-def8-45c0-b0d2-c5ba43d86628@group-C29775A8E805, cid=2232, SUCCESS, logIndex=3884, commits[d5132e6f-def8-45c0-b0d2-c5ba43d86628:c3884]
2019-06-13 22:26:51,226 INFO  client.GrpcClientProtocolClient (GrpcClientProtocolClient.java:onNext(254)) - client-43E682E1E07B->d5132e6f-def8-45c0-b0d2-c5ba43d86628: receive RaftClientReply:client-43E682E1E07B->d5132e6f-def8-45c0-b0d2-c5ba43d86628@group-C29775A8E805, cid=2233, SUCCESS, logIndex=3886, commits[d5132e6f-def8-45c0-b0d2-c5ba43d86628:c3886]
2019-06-13 22:26:51,228 INFO  client.GrpcClientProtocolClient (GrpcClientProtocolClient.java:onNext(254)) - client-43E682E1E07B->d5132e6f-def8-45c0-b0d2-c5ba43d86628: receive RaftClientReply:client-43E682E1E07B->d5132e6f-def8-45c0-b0d2-c5ba43d86628@group-C29775A8E805, cid=2234, SUCCESS, logIndex=3888, commits[d5132e6f-def8-45c0-b0d2-c5ba43d86628:c3888]
2019-06-13 22:26:51,229 INFO  client.GrpcClientProtocolClient (GrpcClientProtocolClient.java:onNext(254)) - client-43E682E1E07B->d5132e6f-def8-45c0-b0d2-c5ba43d86628: receive RaftClientReply:client-43E682E1E07B->d5132e6f-def8-45c0-b0d2-c5ba43d86628@group-C29775A8E805, cid=2235, SUCCESS, logIndex=3889, commits[d5132e6f-def8-45c0-b0d2-c5ba43d86628:c3891]
2019-06-13 22:26:51,230 INFO  client.GrpcClientProtocolClient (GrpcClientProtocolClient.java:onNext(254)) - client-43E682E1E07B->d5132e6f-def8-45c0-b0d2-c5ba43d86628: receive RaftClientReply:client-43E682E1E07B->d5132e6f-def8-45c0-b0d2-c5ba43d86628@group-C29775A8E805, cid=2236, SUCCESS, logIndex=3891, commits[d5132e6f-def8-45c0-b0d2-c5ba43d86628:c3891]
2019-06-13 22:26:51,237 INFO  client.GrpcClientProtocolClient (GrpcClientProtocolClient.java:onNext(254)) - client-43E682E1E07B->d5132e6f-def8-45c0-b0d2-c5ba43d86628: receive RaftClientReply:client-43E682E1E07B->d5132e6f-def8-45c0-b0d2-c5ba43d86628@group-C29775A8E805, cid=2237, SUCCESS, logIndex=3893, commits[d5132e6f-def8-45c0-b0d2-c5ba43d86628:c3893]
2019-06-13 22:26:51,239 INFO  client.GrpcClientProtocolClient (GrpcClientProtocolClient.java:onNext(254)) - client-43E682E1E07B->d5132e6f-def8-45c0-b0d2-c5ba43d86628: receive RaftClientReply:client-43E682E1E07B->d5132e6f-def8-45c0-b0d2-c5ba43d86628@group-C29775A8E805, cid=2238, SUCCESS, logIndex=3895, commits[d5132e6f-def8-45c0-b0d2-c5ba43d86628:c3895]
2019-06-13 22:26:51,241 INFO  client.GrpcClientProtocolClient (GrpcClientProtocolClient.java:onNext(254)) - client-43E682E1E07B->d5132e6f-def8-45c0-b0d2-c5ba43d86628: receive RaftClientReply:client-43E682E1E07B->d5132e6f-def8-45c0-b0d2-c5ba43d86628@group-C29775A8E805, cid=2239, SUCCESS, logIndex=3897, commits[d5132e6f-def8-45c0-b0d2-c5ba43d86628:c3897]
2019-06-13 22:26:51,243 INFO  client.GrpcClientProtocolClient (GrpcClientProtocolClient.java:onNext(254)) - client-43E682E1E07B->d5132e6f-def8-45c0-b0d2-c5ba43d86628: receive RaftClientReply:client-43E682E1E07B->d5132e6f-def8-45c0-b0d2-c5ba43d86628@group-C29775A8E805, cid=2240, SUCCESS, logIndex=3898, commits[d5132e6f-def8-45c0-b0d2-c5ba43d86628:c3898]
2019-06-13 22:26:51,254 INFO  client.GrpcClientProtocolClient (GrpcClientProtocolClient.java:onNext(254)) - client-43E682E1E07B->d5132e6f-def8-45c0-b0d2-c5ba43d86628: receive RaftClientReply:client-43E682E1E07B->d5132e6f-def8-45c0-b0d2-c5ba43d86628@group-C29775A8E805, cid=2241, SUCCESS, logIndex=3901, commits[d5132e6f-def8-45c0-b0d2-c5ba43d86628:c3901]
2019-06-13 22:26:51,256 INFO  client.GrpcClientProtocolClient (GrpcClientProtocolClient.java:onNext(254)) - client-43E682E1E07B->d5132e6f-def8-45c0-b0d2-c5ba43d86628: receive RaftClientReply:client-43E682E1E07B->d5132e6f-def8-45c0-b0d2-c5ba43d86628@group-C29775A8E805, cid=2242, SUCCESS, logIndex=3903, commits[d5132e6f-def8-45c0-b0d2-c5ba43d86628:c3903]
2019-06-13 22:26:51,258 INFO  client.GrpcClientProtocolClient (GrpcClientProtocolClient.java:onNext(254)) - client-43E682E1E07B->d5132e6f-def8-45c0-b0d2-c5ba43d86628: receive RaftClientReply:client-43E682E1E07B->d5132e6f-def8-45c0-b0d2-c5ba43d86628@group-C29775A8E805, cid=2243, SUCCESS, logIndex=3905, commits[d5132e6f-def8-45c0-b0d2-c5ba43d86628:c3905]
2019-06-13 22:26:51,259 INFO  client.GrpcClientProtocolClient (GrpcClientProtocolClient.java:onNext(254)) - client-43E682E1E07B->d5132e6f-def8-45c0-b0d2-c5ba43d86628: receive RaftClientReply:client-43E682E1E07B->d5132e6f-def8-45c0-b0d2-c5ba43d86628@group-C29775A8E805, cid=2244, SUCCESS, logIndex=3906, commits[d5132e6f-def8-45c0-b0d2-c5ba43d86628:c3906]
2019-06-13 22:26:51,266 INFO  client.GrpcClientProtocolClient (GrpcClientProtocolClient.java:onNext(254)) - client-43E682E1E07B->d5132e6f-def8-45c0-b0d2-c5ba43d86628: receive RaftClientReply:client-43E682E1E07B->d5132e6f-def8-45c0-b0d2-c5ba43d86628@group-C29775A8E805, cid=2245, SUCCESS, logIndex=3909, commits[d5132e6f-def8-45c0-b0d2-c5ba43d86628:c3909]
2019-06-13 22:26:51,267 INFO  client.GrpcClientProtocolClient (GrpcClientProtocolClient.java:onNext(254)) - client-43E682E1E07B->d5132e6f-def8-45c0-b0d2-c5ba43d86628: receive RaftClientReply:client-43E682E1E07B->d5132e6f-def8-45c0-b0d2-c5ba43d86628@group-C29775A8E805, cid=2246, SUCCESS, logIndex=3911, commits[d5132e6f-def8-45c0-b0d2-c5ba43d86628:c3911]
2019-06-13 22:26:51,269 INFO  client.GrpcClientProtocolClient (GrpcClientProtocolClient.java:onNext(254)) - client-43E682E1E07B->d5132e6f-def8-45c0-b0d2-c5ba43d86628: receive RaftClientReply:client-43E682E1E07B->d5132e6f-def8-45c0-b0d2-c5ba43d86628@group-C29775A8E805, cid=2247, SUCCESS, logIndex=3913, commits[d5132e6f-def8-45c0-b0d2-c5ba43d86628:c3913]
2019-06-13 22:26:51,270 INFO  client.GrpcClientProtocolClient (GrpcClientProtocolClient.java:onNext(254)) - client-43E682E1E07B->d5132e6f-def8-45c0-b0d2-c5ba43d86628: receive RaftClientReply:client-43E682E1E07B->d5132e6f-def8-45c0-b0d2-c5ba43d86628@group-C29775A8E805, cid=2248, SUCCESS, logIndex=3914, commits[d5132e6f-def8-45c0-b0d2-c5ba43d86628:c3914]
2019-06-13 22:26:51,282 INFO  client.GrpcClientProtocolClient (GrpcClientProtocolClient.java:onNext(254)) - client-43E682E1E07B->d5132e6f-def8-45c0-b0d2-c5ba43d86628: receive RaftClientReply:client-43E682E1E07B->d5132e6f-def8-45c0-b0d2-c5ba43d86628@group-C29775A8E805, cid=2249, SUCCESS, logIndex=3917, commits[d5132e6f-def8-45c0-b0d2-c5ba43d86628:c3917]
2019-06-13 22:26:51,284 INFO  client.GrpcClientProtocolClient (GrpcClientProtocolClient.java:onNext(254)) - client-43E682E1E07B->d5132e6f-def8-45c0-b0d2-c5ba43d86628: receive RaftClientReply:client-43E682E1E07B->d5132e6f-def8-45c0-b0d2-c5ba43d86628@group-C29775A8E805, cid=2250, SUCCESS, logIndex=3919, commits[d5132e6f-def8-45c0-b0d2-c5ba43d86628:c3919]
2019-06-13 22:26:51,285 INFO  client.GrpcClientProtocolClient (GrpcClientProtocolClient.java:onNext(254)) - client-43E682E1E07B->d5132e6f-def8-45c0-b0d2-c5ba43d86628: receive RaftClientReply:client-43E682E1E07B->d5132e6f-def8-45c0-b0d2-c5ba43d86628@group-C29775A8E805, cid=2251, SUCCESS, logIndex=3921, commits[d5132e6f-def8-45c0-b0d2-c5ba43d86628:c3921]
2019-06-13 22:26:51,286 INFO  client.GrpcClientProtocolClient (GrpcClientProtocolClient.java:onNext(254)) - client-43E682E1E07B->d5132e6f-def8-45c0-b0d2-c5ba43d86628: receive RaftClientReply:client-43E682E1E07B->d5132e6f-def8-45c0-b0d2-c5ba43d86628@group-C29775A8E805, cid=2252, SUCCESS, logIndex=3922, commits[d5132e6f-def8-45c0-b0d2-c5ba43d86628:c3922]
2019-06-13 22:26:51,292 INFO  client.GrpcClientProtocolClient (GrpcClientProtocolClient.java:onNext(254)) - client-43E682E1E07B->d5132e6f-def8-45c0-b0d2-c5ba43d86628: receive RaftClientReply:client-43E682E1E07B->d5132e6f-def8-45c0-b0d2-c5ba43d86628@group-C29775A8E805, cid=2253, SUCCESS, logIndex=3925, commits[d5132e6f-def8-45c0-b0d2-c5ba43d86628:c3925]
2019-06-13 22:26:51,297 DEBUG block.SCMBlockDeletingService (SCMBlockDeletingService.java:call(138)) - Running DeletedBlockTransactionScanner
2019-06-13 22:26:51,298 DEBUG block.SCMBlockDeletingService (SCMBlockDeletingService.java:call(155)) - Scanned deleted blocks log and got 0 delTX to process.
2019-06-13 22:26:51,304 INFO  client.GrpcClientProtocolClient (GrpcClientProtocolClient.java:onNext(254)) - client-43E682E1E07B->d5132e6f-def8-45c0-b0d2-c5ba43d86628: receive RaftClientReply:client-43E682E1E07B->d5132e6f-def8-45c0-b0d2-c5ba43d86628@group-C29775A8E805, cid=2254, SUCCESS, logIndex=3927, commits[d5132e6f-def8-45c0-b0d2-c5ba43d86628:c3927]
2019-06-13 22:26:51,398 DEBUG block.SCMBlockDeletingService (SCMBlockDeletingService.java:call(138)) - Running DeletedBlockTransactionScanner
2019-06-13 22:26:51,398 DEBUG block.SCMBlockDeletingService (SCMBlockDeletingService.java:call(155)) - Scanned deleted blocks log and got 0 delTX to process.
2019-06-13 22:26:51,402 INFO  client.GrpcClientProtocolClient (GrpcClientProtocolClient.java:onNext(254)) - client-43E682E1E07B->d5132e6f-def8-45c0-b0d2-c5ba43d86628: receive RaftClientReply:client-43E682E1E07B->d5132e6f-def8-45c0-b0d2-c5ba43d86628@group-C29775A8E805, cid=2255, SUCCESS, logIndex=3929, commits[d5132e6f-def8-45c0-b0d2-c5ba43d86628:c3929]
2019-06-13 22:26:51,413 INFO  client.GrpcClientProtocolClient (GrpcClientProtocolClient.java:onNext(254)) - client-43E682E1E07B->d5132e6f-def8-45c0-b0d2-c5ba43d86628: receive RaftClientReply:client-43E682E1E07B->d5132e6f-def8-45c0-b0d2-c5ba43d86628@group-C29775A8E805, cid=2256, SUCCESS, logIndex=3931, commits[d5132e6f-def8-45c0-b0d2-c5ba43d86628:c3931]
2019-06-13 22:26:51,498 DEBUG block.SCMBlockDeletingService (SCMBlockDeletingService.java:call(138)) - Running DeletedBlockTransactionScanner
2019-06-13 22:26:51,499 DEBUG block.SCMBlockDeletingService (SCMBlockDeletingService.java:call(155)) - Scanned deleted blocks log and got 0 delTX to process.
2019-06-13 22:26:51,571 INFO  client.GrpcClientProtocolClient (GrpcClientProtocolClient.java:onNext(254)) - client-43E682E1E07B->d5132e6f-def8-45c0-b0d2-c5ba43d86628: receive RaftClientReply:client-43E682E1E07B->d5132e6f-def8-45c0-b0d2-c5ba43d86628@group-C29775A8E805, cid=2257, SUCCESS, logIndex=3933, commits[d5132e6f-def8-45c0-b0d2-c5ba43d86628:c3933]
2019-06-13 22:26:51,596 INFO  client.GrpcClientProtocolClient (GrpcClientProtocolClient.java:onNext(254)) - client-43E682E1E07B->d5132e6f-def8-45c0-b0d2-c5ba43d86628: receive RaftClientReply:client-43E682E1E07B->d5132e6f-def8-45c0-b0d2-c5ba43d86628@group-C29775A8E805, cid=2258, SUCCESS, logIndex=3935, commits[d5132e6f-def8-45c0-b0d2-c5ba43d86628:c3937]
2019-06-13 22:26:51,596 INFO  client.GrpcClientProtocolClient (GrpcClientProtocolClient.java:onNext(254)) - client-43E682E1E07B->d5132e6f-def8-45c0-b0d2-c5ba43d86628: receive RaftClientReply:client-43E682E1E07B->d5132e6f-def8-45c0-b0d2-c5ba43d86628@group-C29775A8E805, cid=2259, SUCCESS, logIndex=3936, commits[d5132e6f-def8-45c0-b0d2-c5ba43d86628:c3937]
2019-06-13 22:26:51,596 INFO  client.GrpcClientProtocolClient (GrpcClientProtocolClient.java:onNext(254)) - client-43E682E1E07B->d5132e6f-def8-45c0-b0d2-c5ba43d86628: receive RaftClientReply:client-43E682E1E07B->d5132e6f-def8-45c0-b0d2-c5ba43d86628@group-C29775A8E805, cid=2260, SUCCESS, logIndex=3937, commits[d5132e6f-def8-45c0-b0d2-c5ba43d86628:c3937]
2019-06-13 22:26:51,601 DEBUG block.SCMBlockDeletingService (SCMBlockDeletingService.java:call(138)) - Running DeletedBlockTransactionScanner
2019-06-13 22:26:51,601 DEBUG block.SCMBlockDeletingService (SCMBlockDeletingService.java:call(155)) - Scanned deleted blocks log and got 0 delTX to process.
2019-06-13 22:26:51,613 INFO  client.GrpcClientProtocolClient (GrpcClientProtocolClient.java:onNext(254)) - client-43E682E1E07B->d5132e6f-def8-45c0-b0d2-c5ba43d86628: receive RaftClientReply:client-43E682E1E07B->d5132e6f-def8-45c0-b0d2-c5ba43d86628@group-C29775A8E805, cid=2261, SUCCESS, logIndex=3939, commits[d5132e6f-def8-45c0-b0d2-c5ba43d86628:c3939]
2019-06-13 22:26:51,613 INFO  storage.RaftLogWorker (RaftLogWorker.java:rollLogSegment(303)) - d5132e6f-def8-45c0-b0d2-c5ba43d86628-RaftLogWorker: Rolling segment log-3867_3942 to index:3942
2019-06-13 22:26:51,617 INFO  storage.RaftLogWorker (RaftLogWorker.java:execute(433)) - d5132e6f-def8-45c0-b0d2-c5ba43d86628-RaftLogWorker: Rolled log segment from /opt/src/hadoop-ozone/integration-test/target/test-dir/MiniOzoneClusterImpl-e9ea07bb-4900-4b53-96c1-68f0ab556a80/datanode-0/data/ratis/c7035dd3-cd4a-42fb-880d-c29775a8e805/current/log_inprogress_3867 to /opt/src/hadoop-ozone/integration-test/target/test-dir/MiniOzoneClusterImpl-e9ea07bb-4900-4b53-96c1-68f0ab556a80/datanode-0/data/ratis/c7035dd3-cd4a-42fb-880d-c29775a8e805/current/log_3867-3942
2019-06-13 22:26:51,620 INFO  client.GrpcClientProtocolClient (GrpcClientProtocolClient.java:onNext(254)) - client-43E682E1E07B->d5132e6f-def8-45c0-b0d2-c5ba43d86628: receive RaftClientReply:client-43E682E1E07B->d5132e6f-def8-45c0-b0d2-c5ba43d86628@group-C29775A8E805, cid=2262, SUCCESS, logIndex=3941, commits[d5132e6f-def8-45c0-b0d2-c5ba43d86628:c3942]
2019-06-13 22:26:51,623 INFO  client.GrpcClientProtocolClient (GrpcClientProtocolClient.java:onNext(254)) - client-43E682E1E07B->d5132e6f-def8-45c0-b0d2-c5ba43d86628: receive RaftClientReply:client-43E682E1E07B->d5132e6f-def8-45c0-b0d2-c5ba43d86628@group-C29775A8E805, cid=2263, SUCCESS, logIndex=3942, commits[d5132e6f-def8-45c0-b0d2-c5ba43d86628:c3942]
2019-06-13 22:26:51,670 INFO  storage.RaftLogWorker (RaftLogWorker.java:execute(469)) - d5132e6f-def8-45c0-b0d2-c5ba43d86628-RaftLogWorker: created new log segment /opt/src/hadoop-ozone/integration-test/target/test-dir/MiniOzoneClusterImpl-e9ea07bb-4900-4b53-96c1-68f0ab556a80/datanode-0/data/ratis/c7035dd3-cd4a-42fb-880d-c29775a8e805/current/log_inprogress_3943
2019-06-13 22:26:51,674 INFO  client.GrpcClientProtocolClient (GrpcClientProtocolClient.java:onNext(254)) - client-43E682E1E07B->d5132e6f-def8-45c0-b0d2-c5ba43d86628: receive RaftClientReply:client-43E682E1E07B->d5132e6f-def8-45c0-b0d2-c5ba43d86628@group-C29775A8E805, cid=2264, SUCCESS, logIndex=3943, commits[d5132e6f-def8-45c0-b0d2-c5ba43d86628:c3944]
2019-06-13 22:26:51,690 INFO  client.GrpcClientProtocolClient (GrpcClientProtocolClient.java:onNext(254)) - client-43E682E1E07B->d5132e6f-def8-45c0-b0d2-c5ba43d86628: receive RaftClientReply:client-43E682E1E07B->d5132e6f-def8-45c0-b0d2-c5ba43d86628@group-C29775A8E805, cid=2265, SUCCESS, logIndex=3945, commits[d5132e6f-def8-45c0-b0d2-c5ba43d86628:c3945]
2019-06-13 22:26:51,698 INFO  client.GrpcClientProtocolClient (GrpcClientProtocolClient.java:onNext(254)) - client-43E682E1E07B->d5132e6f-def8-45c0-b0d2-c5ba43d86628: receive RaftClientReply:client-43E682E1E07B->d5132e6f-def8-45c0-b0d2-c5ba43d86628@group-C29775A8E805, cid=2266, SUCCESS, logIndex=3947, commits[d5132e6f-def8-45c0-b0d2-c5ba43d86628:c3949]
2019-06-13 22:26:51,699 INFO  client.GrpcClientProtocolClient (GrpcClientProtocolClient.java:onNext(254)) - client-43E682E1E07B->d5132e6f-def8-45c0-b0d2-c5ba43d86628: receive RaftClientReply:client-43E682E1E07B->d5132e6f-def8-45c0-b0d2-c5ba43d86628@group-C29775A8E805, cid=2267, SUCCESS, logIndex=3948, commits[d5132e6f-def8-45c0-b0d2-c5ba43d86628:c3949]
2019-06-13 22:26:51,700 INFO  client.GrpcClientProtocolClient (GrpcClientProtocolClient.java:onNext(254)) - client-43E682E1E07B->d5132e6f-def8-45c0-b0d2-c5ba43d86628: receive RaftClientReply:client-43E682E1E07B->d5132e6f-def8-45c0-b0d2-c5ba43d86628@group-C29775A8E805, cid=2268, SUCCESS, logIndex=3949, commits[d5132e6f-def8-45c0-b0d2-c5ba43d86628:c3949]
2019-06-13 22:26:51,701 DEBUG block.SCMBlockDeletingService (SCMBlockDeletingService.java:call(138)) - Running DeletedBlockTransactionScanner
2019-06-13 22:26:51,702 DEBUG block.SCMBlockDeletingService (SCMBlockDeletingService.java:call(155)) - Scanned deleted blocks log and got 0 delTX to process.
2019-06-13 22:26:51,712 INFO  client.GrpcClientProtocolClient (GrpcClientProtocolClient.java:onNext(254)) - client-43E682E1E07B->d5132e6f-def8-45c0-b0d2-c5ba43d86628: receive RaftClientReply:client-43E682E1E07B->d5132e6f-def8-45c0-b0d2-c5ba43d86628@group-C29775A8E805, cid=2269, SUCCESS, logIndex=3951, commits[d5132e6f-def8-45c0-b0d2-c5ba43d86628:c3951]
2019-06-13 22:26:51,718 INFO  client.GrpcClientProtocolClient (GrpcClientProtocolClient.java:onNext(254)) - client-43E682E1E07B->d5132e6f-def8-45c0-b0d2-c5ba43d86628: receive RaftClientReply:client-43E682E1E07B->d5132e6f-def8-45c0-b0d2-c5ba43d86628@group-C29775A8E805, cid=2270, SUCCESS, logIndex=3953, commits[d5132e6f-def8-45c0-b0d2-c5ba43d86628:c3955]
2019-06-13 22:26:51,718 INFO  client.GrpcClientProtocolClient (GrpcClientProtocolClient.java:onNext(254)) - client-43E682E1E07B->d5132e6f-def8-45c0-b0d2-c5ba43d86628: receive RaftClientReply:client-43E682E1E07B->d5132e6f-def8-45c0-b0d2-c5ba43d86628@group-C29775A8E805, cid=2271, SUCCESS, logIndex=3954, commits[d5132e6f-def8-45c0-b0d2-c5ba43d86628:c3955]
2019-06-13 22:26:51,718 INFO  client.GrpcClientProtocolClient (GrpcClientProtocolClient.java:onNext(254)) - client-43E682E1E07B->d5132e6f-def8-45c0-b0d2-c5ba43d86628: receive RaftClientReply:client-43E682E1E07B->d5132e6f-def8-45c0-b0d2-c5ba43d86628@group-C29775A8E805, cid=2272, SUCCESS, logIndex=3955, commits[d5132e6f-def8-45c0-b0d2-c5ba43d86628:c3955]
2019-06-13 22:26:51,784 INFO  client.GrpcClientProtocolClient (GrpcClientProtocolClient.java:onNext(254)) - client-43E682E1E07B->d5132e6f-def8-45c0-b0d2-c5ba43d86628: receive RaftClientReply:client-43E682E1E07B->d5132e6f-def8-45c0-b0d2-c5ba43d86628@group-C29775A8E805, cid=2273, SUCCESS, logIndex=3957, commits[d5132e6f-def8-45c0-b0d2-c5ba43d86628:c3957]
2019-06-13 22:26:51,785 INFO  client.GrpcClientProtocolClient (GrpcClientProtocolClient.java:onNext(254)) - client-43E682E1E07B->d5132e6f-def8-45c0-b0d2-c5ba43d86628: receive RaftClientReply:client-43E682E1E07B->d5132e6f-def8-45c0-b0d2-c5ba43d86628@group-C29775A8E805, cid=2274, SUCCESS, logIndex=3959, commits[d5132e6f-def8-45c0-b0d2-c5ba43d86628:c3959]
2019-06-13 22:26:51,786 INFO  client.GrpcClientProtocolClient (GrpcClientProtocolClient.java:onNext(254)) - client-43E682E1E07B->d5132e6f-def8-45c0-b0d2-c5ba43d86628: receive RaftClientReply:client-43E682E1E07B->d5132e6f-def8-45c0-b0d2-c5ba43d86628@group-C29775A8E805, cid=2275, SUCCESS, logIndex=3960, commits[d5132e6f-def8-45c0-b0d2-c5ba43d86628:c3962]
2019-06-13 22:26:51,786 INFO  client.GrpcClientProtocolClient (GrpcClientProtocolClient.java:onNext(254)) - client-43E682E1E07B->d5132e6f-def8-45c0-b0d2-c5ba43d86628: receive RaftClientReply:client-43E682E1E07B->d5132e6f-def8-45c0-b0d2-c5ba43d86628@group-C29775A8E805, cid=2276, SUCCESS, logIndex=3961, commits[d5132e6f-def8-45c0-b0d2-c5ba43d86628:c3962]
2019-06-13 22:26:51,795 INFO  client.GrpcClientProtocolClient (GrpcClientProtocolClient.java:onNext(254)) - client-43E682E1E07B->d5132e6f-def8-45c0-b0d2-c5ba43d86628: receive RaftClientReply:client-43E682E1E07B->d5132e6f-def8-45c0-b0d2-c5ba43d86628@group-C29775A8E805, cid=2277, SUCCESS, logIndex=3963, commits[d5132e6f-def8-45c0-b0d2-c5ba43d86628:c3963]
2019-06-13 22:26:51,796 INFO  client.GrpcClientProtocolClient (GrpcClientProtocolClient.java:onNext(254)) - client-43E682E1E07B->d5132e6f-def8-45c0-b0d2-c5ba43d86628: receive RaftClientReply:client-43E682E1E07B->d5132e6f-def8-45c0-b0d2-c5ba43d86628@group-C29775A8E805, cid=2278, SUCCESS, logIndex=3965, commits[d5132e6f-def8-45c0-b0d2-c5ba43d86628:c3965]
2019-06-13 22:26:51,798 INFO  client.GrpcClientProtocolClient (GrpcClientProtocolClient.java:onNext(254)) - client-43E682E1E07B->d5132e6f-def8-45c0-b0d2-c5ba43d86628: receive RaftClientReply:client-43E682E1E07B->d5132e6f-def8-45c0-b0d2-c5ba43d86628@group-C29775A8E805, cid=2279, SUCCESS, logIndex=3966, commits[d5132e6f-def8-45c0-b0d2-c5ba43d86628:c3968]
2019-06-13 22:26:51,798 INFO  client.GrpcClientProtocolClient (GrpcClientProtocolClient.java:onNext(254)) - client-43E682E1E07B->d5132e6f-def8-45c0-b0d2-c5ba43d86628: receive RaftClientReply:client-43E682E1E07B->d5132e6f-def8-45c0-b0d2-c5ba43d86628@group-C29775A8E805, cid=2280, SUCCESS, logIndex=3967, commits[d5132e6f-def8-45c0-b0d2-c5ba43d86628:c3968]
2019-06-13 22:26:51,802 DEBUG block.SCMBlockDeletingService (SCMBlockDeletingService.java:call(138)) - Running DeletedBlockTransactionScanner
2019-06-13 22:26:51,802 DEBUG block.SCMBlockDeletingService (SCMBlockDeletingService.java:call(155)) - Scanned deleted blocks log and got 0 delTX to process.
2019-06-13 22:26:51,814 INFO  client.GrpcClientProtocolClient (GrpcClientProtocolClient.java:onNext(254)) - client-43E682E1E07B->d5132e6f-def8-45c0-b0d2-c5ba43d86628: receive RaftClientReply:client-43E682E1E07B->d5132e6f-def8-45c0-b0d2-c5ba43d86628@group-C29775A8E805, cid=2281, SUCCESS, logIndex=3969, commits[d5132e6f-def8-45c0-b0d2-c5ba43d86628:c3969]
2019-06-13 22:26:51,822 INFO  client.GrpcClientProtocolClient (GrpcClientProtocolClient.java:onNext(254)) - client-43E682E1E07B->d5132e6f-def8-45c0-b0d2-c5ba43d86628: receive RaftClientReply:client-43E682E1E07B->d5132e6f-def8-45c0-b0d2-c5ba43d86628@group-C29775A8E805, cid=2282, SUCCESS, logIndex=3971, commits[d5132e6f-def8-45c0-b0d2-c5ba43d86628:c3971]
2019-06-13 22:26:51,824 INFO  client.GrpcClientProtocolClient (GrpcClientProtocolClient.java:onNext(254)) - client-43E682E1E07B->d5132e6f-def8-45c0-b0d2-c5ba43d86628: receive RaftClientReply:client-43E682E1E07B->d5132e6f-def8-45c0-b0d2-c5ba43d86628@group-C29775A8E805, cid=2283, SUCCESS, logIndex=3973, commits[d5132e6f-def8-45c0-b0d2-c5ba43d86628:c3974]
2019-06-13 22:26:51,825 INFO  client.GrpcClientProtocolClient (GrpcClientProtocolClient.java:onNext(254)) - client-43E682E1E07B->d5132e6f-def8-45c0-b0d2-c5ba43d86628: receive RaftClientReply:client-43E682E1E07B->d5132e6f-def8-45c0-b0d2-c5ba43d86628@group-C29775A8E805, cid=2284, SUCCESS, logIndex=3974, commits[d5132e6f-def8-45c0-b0d2-c5ba43d86628:c3974]
2019-06-13 22:26:51,831 INFO  client.GrpcClientProtocolClient (GrpcClientProtocolClient.java:onNext(254)) - client-43E682E1E07B->d5132e6f-def8-45c0-b0d2-c5ba43d86628: receive RaftClientReply:client-43E682E1E07B->d5132e6f-def8-45c0-b0d2-c5ba43d86628@group-C29775A8E805, cid=2285, SUCCESS, logIndex=3976, commits[d5132e6f-def8-45c0-b0d2-c5ba43d86628:c3976]
2019-06-13 22:26:51,834 INFO  client.GrpcClientProtocolClient (GrpcClientProtocolClient.java:onNext(254)) - client-43E682E1E07B->d5132e6f-def8-45c0-b0d2-c5ba43d86628: receive RaftClientReply:client-43E682E1E07B->d5132e6f-def8-45c0-b0d2-c5ba43d86628@group-C29775A8E805, cid=2286, SUCCESS, logIndex=3978, commits[d5132e6f-def8-45c0-b0d2-c5ba43d86628:c3978]
2019-06-13 22:26:51,834 INFO  client.GrpcClientProtocolClient (GrpcClientProtocolClient.java:onNext(254)) - client-43E682E1E07B->d5132e6f-def8-45c0-b0d2-c5ba43d86628: receive RaftClientReply:client-43E682E1E07B->d5132e6f-def8-45c0-b0d2-c5ba43d86628@group-C29775A8E805, cid=2287, SUCCESS, logIndex=3979, commits[d5132e6f-def8-45c0-b0d2-c5ba43d86628:c3980]
2019-06-13 22:26:51,834 INFO  client.GrpcClientProtocolClient (GrpcClientProtocolClient.java:onNext(254)) - client-43E682E1E07B->d5132e6f-def8-45c0-b0d2-c5ba43d86628: receive RaftClientReply:client-43E682E1E07B->d5132e6f-def8-45c0-b0d2-c5ba43d86628@group-C29775A8E805, cid=2288, SUCCESS, logIndex=3980, commits[d5132e6f-def8-45c0-b0d2-c5ba43d86628:c3980]
2019-06-13 22:26:51,849 INFO  client.GrpcClientProtocolClient (GrpcClientProtocolClient.java:onNext(254)) - client-43E682E1E07B->d5132e6f-def8-45c0-b0d2-c5ba43d86628: receive RaftClientReply:client-43E682E1E07B->d5132e6f-def8-45c0-b0d2-c5ba43d86628@group-C29775A8E805, cid=2289, SUCCESS, logIndex=3983, commits[d5132e6f-def8-45c0-b0d2-c5ba43d86628:c3983]
2019-06-13 22:26:51,851 INFO  client.GrpcClientProtocolClient (GrpcClientProtocolClient.java:onNext(254)) - client-43E682E1E07B->d5132e6f-def8-45c0-b0d2-c5ba43d86628: receive RaftClientReply:client-43E682E1E07B->d5132e6f-def8-45c0-b0d2-c5ba43d86628@group-C29775A8E805, cid=2290, SUCCESS, logIndex=3985, commits[d5132e6f-def8-45c0-b0d2-c5ba43d86628:c3985]
2019-06-13 22:26:51,852 INFO  client.GrpcClientProtocolClient (GrpcClientProtocolClient.java:onNext(254)) - client-43E682E1E07B->d5132e6f-def8-45c0-b0d2-c5ba43d86628: receive RaftClientReply:client-43E682E1E07B->d5132e6f-def8-45c0-b0d2-c5ba43d86628@group-C29775A8E805, cid=2291, SUCCESS, logIndex=3986, commits[d5132e6f-def8-45c0-b0d2-c5ba43d86628:c3986]
2019-06-13 22:26:51,853 INFO  client.GrpcClientProtocolClient (GrpcClientProtocolClient.java:onNext(254)) - client-43E682E1E07B->d5132e6f-def8-45c0-b0d2-c5ba43d86628: receive RaftClientReply:client-43E682E1E07B->d5132e6f-def8-45c0-b0d2-c5ba43d86628@group-C29775A8E805, cid=2292, SUCCESS, logIndex=3988, commits[d5132e6f-def8-45c0-b0d2-c5ba43d86628:c3989]
2019-06-13 22:26:51,860 INFO  client.GrpcClientProtocolClient (GrpcClientProtocolClient.java:onNext(254)) - client-43E682E1E07B->d5132e6f-def8-45c0-b0d2-c5ba43d86628: receive RaftClientReply:client-43E682E1E07B->d5132e6f-def8-45c0-b0d2-c5ba43d86628@group-C29775A8E805, cid=2293, SUCCESS, logIndex=3990, commits[d5132e6f-def8-45c0-b0d2-c5ba43d86628:c3990]
2019-06-13 22:26:51,861 INFO  client.GrpcClientProtocolClient (GrpcClientProtocolClient.java:onNext(254)) - client-43E682E1E07B->d5132e6f-def8-45c0-b0d2-c5ba43d86628: receive RaftClientReply:client-43E682E1E07B->d5132e6f-def8-45c0-b0d2-c5ba43d86628@group-C29775A8E805, cid=2294, SUCCESS, logIndex=3992, commits[d5132e6f-def8-45c0-b0d2-c5ba43d86628:c3992]
2019-06-13 22:26:51,863 INFO  client.GrpcClientProtocolClient (GrpcClientProtocolClient.java:onNext(254)) - client-43E682E1E07B->d5132e6f-def8-45c0-b0d2-c5ba43d86628: receive RaftClientReply:client-43E682E1E07B->d5132e6f-def8-45c0-b0d2-c5ba43d86628@group-C29775A8E805, cid=2295, SUCCESS, logIndex=3994, commits[d5132e6f-def8-45c0-b0d2-c5ba43d86628:c3995]
2019-06-13 22:26:51,864 INFO  client.GrpcClientProtocolClient (GrpcClientProtocolClient.java:onNext(254)) - client-43E682E1E07B->d5132e6f-def8-45c0-b0d2-c5ba43d86628: receive RaftClientReply:client-43E682E1E07B->d5132e6f-def8-45c0-b0d2-c5ba43d86628@group-C29775A8E805, cid=2296, SUCCESS, logIndex=3995, commits[d5132e6f-def8-45c0-b0d2-c5ba43d86628:c3995]
2019-06-13 22:26:51,875 INFO  client.GrpcClientProtocolClient (GrpcClientProtocolClient.java:onNext(254)) - client-43E682E1E07B->d5132e6f-def8-45c0-b0d2-c5ba43d86628: receive RaftClientReply:client-43E682E1E07B->d5132e6f-def8-45c0-b0d2-c5ba43d86628@group-C29775A8E805, cid=2297, SUCCESS, logIndex=3997, commits[d5132e6f-def8-45c0-b0d2-c5ba43d86628:c3997]
2019-06-13 22:26:51,876 INFO  client.GrpcClientProtocolClient (GrpcClientProtocolClient.java:onNext(254)) - client-43E682E1E07B->d5132e6f-def8-45c0-b0d2-c5ba43d86628: receive RaftClientReply:client-43E682E1E07B->d5132e6f-def8-45c0-b0d2-c5ba43d86628@group-C29775A8E805, cid=2298, SUCCESS, logIndex=3999, commits[d5132e6f-def8-45c0-b0d2-c5ba43d86628:c3999]
2019-06-13 22:26:51,902 DEBUG block.SCMBlockDeletingService (SCMBlockDeletingService.java:call(138)) - Running DeletedBlockTransactionScanner
2019-06-13 22:26:51,902 DEBUG block.SCMBlockDeletingService (SCMBlockDeletingService.java:call(155)) - Scanned deleted blocks log and got 0 delTX to process.
2019-06-13 22:26:51,973 INFO  client.GrpcClientProtocolClient (GrpcClientProtocolClient.java:onNext(254)) - client-43E682E1E07B->d5132e6f-def8-45c0-b0d2-c5ba43d86628: receive RaftClientReply:client-43E682E1E07B->d5132e6f-def8-45c0-b0d2-c5ba43d86628@group-C29775A8E805, cid=2299, SUCCESS, logIndex=4001, commits[d5132e6f-def8-45c0-b0d2-c5ba43d86628:c4001]
2019-06-13 22:26:51,974 INFO  client.GrpcClientProtocolClient (GrpcClientProtocolClient.java:onNext(254)) - client-43E682E1E07B->d5132e6f-def8-45c0-b0d2-c5ba43d86628: receive RaftClientReply:client-43E682E1E07B->d5132e6f-def8-45c0-b0d2-c5ba43d86628@group-C29775A8E805, cid=2300, SUCCESS, logIndex=4003, commits[d5132e6f-def8-45c0-b0d2-c5ba43d86628:c4003]
2019-06-13 22:26:51,981 INFO  client.GrpcClientProtocolClient (GrpcClientProtocolClient.java:onNext(254)) - client-43E682E1E07B->d5132e6f-def8-45c0-b0d2-c5ba43d86628: receive RaftClientReply:client-43E682E1E07B->d5132e6f-def8-45c0-b0d2-c5ba43d86628@group-C29775A8E805, cid=2301, SUCCESS, logIndex=4005, commits[d5132e6f-def8-45c0-b0d2-c5ba43d86628:c4005]
2019-06-13 22:26:51,982 INFO  client.GrpcClientProtocolClient (GrpcClientProtocolClient.java:onNext(254)) - client-43E682E1E07B->d5132e6f-def8-45c0-b0d2-c5ba43d86628: receive RaftClientReply:client-43E682E1E07B->d5132e6f-def8-45c0-b0d2-c5ba43d86628@group-C29775A8E805, cid=2302, SUCCESS, logIndex=4007, commits[d5132e6f-def8-45c0-b0d2-c5ba43d86628:c4007]
2019-06-13 22:26:51,984 INFO  client.GrpcClientProtocolClient (GrpcClientProtocolClient.java:onNext(254)) - client-43E682E1E07B->d5132e6f-def8-45c0-b0d2-c5ba43d86628: receive RaftClientReply:client-43E682E1E07B->d5132e6f-def8-45c0-b0d2-c5ba43d86628@group-C29775A8E805, cid=2303, SUCCESS, logIndex=4009, commits[d5132e6f-def8-45c0-b0d2-c5ba43d86628:c4010]
2019-06-13 22:26:51,985 INFO  client.GrpcClientProtocolClient (GrpcClientProtocolClient.java:onNext(254)) - client-43E682E1E07B->d5132e6f-def8-45c0-b0d2-c5ba43d86628: receive RaftClientReply:client-43E682E1E07B->d5132e6f-def8-45c0-b0d2-c5ba43d86628@group-C29775A8E805, cid=2304, SUCCESS, logIndex=4010, commits[d5132e6f-def8-45c0-b0d2-c5ba43d86628:c4010]
2019-06-13 22:26:51,996 INFO  client.GrpcClientProtocolClient (GrpcClientProtocolClient.java:onNext(254)) - client-43E682E1E07B->d5132e6f-def8-45c0-b0d2-c5ba43d86628: receive RaftClientReply:client-43E682E1E07B->d5132e6f-def8-45c0-b0d2-c5ba43d86628@group-C29775A8E805, cid=2305, SUCCESS, logIndex=4012, commits[d5132e6f-def8-45c0-b0d2-c5ba43d86628:c4012]
2019-06-13 22:26:51,996 INFO  storage.RaftLogWorker (RaftLogWorker.java:rollLogSegment(303)) - d5132e6f-def8-45c0-b0d2-c5ba43d86628-RaftLogWorker: Rolling segment log-3943_4014 to index:4014
2019-06-13 22:26:51,996 INFO  storage.RaftLogWorker (RaftLogWorker.java:execute(433)) - d5132e6f-def8-45c0-b0d2-c5ba43d86628-RaftLogWorker: Rolled log segment from /opt/src/hadoop-ozone/integration-test/target/test-dir/MiniOzoneClusterImpl-e9ea07bb-4900-4b53-96c1-68f0ab556a80/datanode-0/data/ratis/c7035dd3-cd4a-42fb-880d-c29775a8e805/current/log_inprogress_3943 to /opt/src/hadoop-ozone/integration-test/target/test-dir/MiniOzoneClusterImpl-e9ea07bb-4900-4b53-96c1-68f0ab556a80/datanode-0/data/ratis/c7035dd3-cd4a-42fb-880d-c29775a8e805/current/log_3943-4014
2019-06-13 22:26:51,999 INFO  client.GrpcClientProtocolClient (GrpcClientProtocolClient.java:onNext(254)) - client-43E682E1E07B->d5132e6f-def8-45c0-b0d2-c5ba43d86628: receive RaftClientReply:client-43E682E1E07B->d5132e6f-def8-45c0-b0d2-c5ba43d86628@group-C29775A8E805, cid=2306, SUCCESS, logIndex=4014, commits[d5132e6f-def8-45c0-b0d2-c5ba43d86628:c4014]
2019-06-13 22:26:52,003 DEBUG block.SCMBlockDeletingService (SCMBlockDeletingService.java:call(138)) - Running DeletedBlockTransactionScanner
2019-06-13 22:26:52,003 DEBUG block.SCMBlockDeletingService (SCMBlockDeletingService.java:call(155)) - Scanned deleted blocks log and got 0 delTX to process.
2019-06-13 22:26:52,047 INFO  storage.RaftLogWorker (RaftLogWorker.java:execute(469)) - d5132e6f-def8-45c0-b0d2-c5ba43d86628-RaftLogWorker: created new log segment /opt/src/hadoop-ozone/integration-test/target/test-dir/MiniOzoneClusterImpl-e9ea07bb-4900-4b53-96c1-68f0ab556a80/datanode-0/data/ratis/c7035dd3-cd4a-42fb-880d-c29775a8e805/current/log_inprogress_4015
2019-06-13 22:26:52,050 INFO  client.GrpcClientProtocolClient (GrpcClientProtocolClient.java:onNext(254)) - client-43E682E1E07B->d5132e6f-def8-45c0-b0d2-c5ba43d86628: receive RaftClientReply:client-43E682E1E07B->d5132e6f-def8-45c0-b0d2-c5ba43d86628@group-C29775A8E805, cid=2307, SUCCESS, logIndex=4015, commits[d5132e6f-def8-45c0-b0d2-c5ba43d86628:c4017]
2019-06-13 22:26:52,050 INFO  client.GrpcClientProtocolClient (GrpcClientProtocolClient.java:onNext(254)) - client-43E682E1E07B->d5132e6f-def8-45c0-b0d2-c5ba43d86628: receive RaftClientReply:client-43E682E1E07B->d5132e6f-def8-45c0-b0d2-c5ba43d86628@group-C29775A8E805, cid=2308, SUCCESS, logIndex=4017, commits[d5132e6f-def8-45c0-b0d2-c5ba43d86628:c4018]
2019-06-13 22:26:52,062 INFO  client.GrpcClientProtocolClient (GrpcClientProtocolClient.java:onNext(254)) - client-43E682E1E07B->d5132e6f-def8-45c0-b0d2-c5ba43d86628: receive RaftClientReply:client-43E682E1E07B->d5132e6f-def8-45c0-b0d2-c5ba43d86628@group-C29775A8E805, cid=2309, SUCCESS, logIndex=4019, commits[d5132e6f-def8-45c0-b0d2-c5ba43d86628:c4019]
2019-06-13 22:26:52,065 INFO  client.GrpcClientProtocolClient (GrpcClientProtocolClient.java:onNext(254)) - client-43E682E1E07B->d5132e6f-def8-45c0-b0d2-c5ba43d86628: receive RaftClientReply:client-43E682E1E07B->d5132e6f-def8-45c0-b0d2-c5ba43d86628@group-C29775A8E805, cid=2310, SUCCESS, logIndex=4021, commits[d5132e6f-def8-45c0-b0d2-c5ba43d86628:c4021]
2019-06-13 22:26:52,066 INFO  client.GrpcClientProtocolClient (GrpcClientProtocolClient.java:onNext(254)) - client-43E682E1E07B->d5132e6f-def8-45c0-b0d2-c5ba43d86628: receive RaftClientReply:client-43E682E1E07B->d5132e6f-def8-45c0-b0d2-c5ba43d86628@group-C29775A8E805, cid=2311, SUCCESS, logIndex=4023, commits[d5132e6f-def8-45c0-b0d2-c5ba43d86628:c4024]
2019-06-13 22:26:52,070 INFO  client.GrpcClientProtocolClient (GrpcClientProtocolClient.java:onNext(254)) - client-43E682E1E07B->d5132e6f-def8-45c0-b0d2-c5ba43d86628: receive RaftClientReply:client-43E682E1E07B->d5132e6f-def8-45c0-b0d2-c5ba43d86628@group-C29775A8E805, cid=2312, SUCCESS, logIndex=4024, commits[d5132e6f-def8-45c0-b0d2-c5ba43d86628:c4025]
2019-06-13 22:26:52,090 INFO  client.GrpcClientProtocolClient (GrpcClientProtocolClient.java:onNext(254)) - client-43E682E1E07B->d5132e6f-def8-45c0-b0d2-c5ba43d86628: receive RaftClientReply:client-43E682E1E07B->d5132e6f-def8-45c0-b0d2-c5ba43d86628@group-C29775A8E805, cid=2313, SUCCESS, logIndex=4026, commits[d5132e6f-def8-45c0-b0d2-c5ba43d86628:c4026]
2019-06-13 22:26:52,093 INFO  client.GrpcClientProtocolClient (GrpcClientProtocolClient.java:onNext(254)) - client-43E682E1E07B->d5132e6f-def8-45c0-b0d2-c5ba43d86628: receive RaftClientReply:client-43E682E1E07B->d5132e6f-def8-45c0-b0d2-c5ba43d86628@group-C29775A8E805, cid=2314, SUCCESS, logIndex=4028, commits[d5132e6f-def8-45c0-b0d2-c5ba43d86628:c4028]
2019-06-13 22:26:52,094 INFO  client.GrpcClientProtocolClient (GrpcClientProtocolClient.java:onNext(254)) - client-43E682E1E07B->d5132e6f-def8-45c0-b0d2-c5ba43d86628: receive RaftClientReply:client-43E682E1E07B->d5132e6f-def8-45c0-b0d2-c5ba43d86628@group-C29775A8E805, cid=2315, SUCCESS, logIndex=4030, commits[d5132e6f-def8-45c0-b0d2-c5ba43d86628:c4030]
2019-06-13 22:26:52,095 INFO  client.GrpcClientProtocolClient (GrpcClientProtocolClient.java:onNext(254)) - client-43E682E1E07B->d5132e6f-def8-45c0-b0d2-c5ba43d86628: receive RaftClientReply:client-43E682E1E07B->d5132e6f-def8-45c0-b0d2-c5ba43d86628@group-C29775A8E805, cid=2316, SUCCESS, logIndex=4031, commits[d5132e6f-def8-45c0-b0d2-c5ba43d86628:c4031]
2019-06-13 22:26:52,102 INFO  client.GrpcClientProtocolClient (GrpcClientProtocolClient.java:onNext(254)) - client-43E682E1E07B->d5132e6f-def8-45c0-b0d2-c5ba43d86628: receive RaftClientReply:client-43E682E1E07B->d5132e6f-def8-45c0-b0d2-c5ba43d86628@group-C29775A8E805, cid=2317, SUCCESS, logIndex=4034, commits[d5132e6f-def8-45c0-b0d2-c5ba43d86628:c4034]
2019-06-13 22:26:52,103 DEBUG block.SCMBlockDeletingService (SCMBlockDeletingService.java:call(138)) - Running DeletedBlockTransactionScanner
2019-06-13 22:26:52,103 DEBUG block.SCMBlockDeletingService (SCMBlockDeletingService.java:call(155)) - Scanned deleted blocks log and got 0 delTX to process.
2019-06-13 22:26:52,104 INFO  client.GrpcClientProtocolClient (GrpcClientProtocolClient.java:onNext(254)) - client-43E682E1E07B->d5132e6f-def8-45c0-b0d2-c5ba43d86628: receive RaftClientReply:client-43E682E1E07B->d5132e6f-def8-45c0-b0d2-c5ba43d86628@group-C29775A8E805, cid=2318, SUCCESS, logIndex=4036, commits[d5132e6f-def8-45c0-b0d2-c5ba43d86628:c4036]
2019-06-13 22:26:52,108 INFO  client.GrpcClientProtocolClient (GrpcClientProtocolClient.java:onNext(254)) - client-43E682E1E07B->d5132e6f-def8-45c0-b0d2-c5ba43d86628: receive RaftClientReply:client-43E682E1E07B->d5132e6f-def8-45c0-b0d2-c5ba43d86628@group-C29775A8E805, cid=2319, SUCCESS, logIndex=4038, commits[d5132e6f-def8-45c0-b0d2-c5ba43d86628:c4038]
2019-06-13 22:26:52,109 INFO  client.GrpcClientProtocolClient (GrpcClientProtocolClient.java:onNext(254)) - client-43E682E1E07B->d5132e6f-def8-45c0-b0d2-c5ba43d86628: receive RaftClientReply:client-43E682E1E07B->d5132e6f-def8-45c0-b0d2-c5ba43d86628@group-C29775A8E805, cid=2320, SUCCESS, logIndex=4040, commits[d5132e6f-def8-45c0-b0d2-c5ba43d86628:c4040]
2019-06-13 22:26:52,127 INFO  client.GrpcClientProtocolClient (GrpcClientProtocolClient.java:onNext(254)) - client-43E682E1E07B->d5132e6f-def8-45c0-b0d2-c5ba43d86628: receive RaftClientReply:client-43E682E1E07B->d5132e6f-def8-45c0-b0d2-c5ba43d86628@group-C29775A8E805, cid=2321, SUCCESS, logIndex=4042, commits[d5132e6f-def8-45c0-b0d2-c5ba43d86628:c4042]
2019-06-13 22:26:52,129 INFO  client.GrpcClientProtocolClient (GrpcClientProtocolClient.java:onNext(254)) - client-43E682E1E07B->d5132e6f-def8-45c0-b0d2-c5ba43d86628: receive RaftClientReply:client-43E682E1E07B->d5132e6f-def8-45c0-b0d2-c5ba43d86628@group-C29775A8E805, cid=2322, SUCCESS, logIndex=4044, commits[d5132e6f-def8-45c0-b0d2-c5ba43d86628:c4044]
2019-06-13 22:26:52,134 INFO  client.GrpcClientProtocolClient (GrpcClientProtocolClient.java:onNext(254)) - client-43E682E1E07B->d5132e6f-def8-45c0-b0d2-c5ba43d86628: receive RaftClientReply:client-43E682E1E07B->d5132e6f-def8-45c0-b0d2-c5ba43d86628@group-C29775A8E805, cid=2323, SUCCESS, logIndex=4046, commits[d5132e6f-def8-45c0-b0d2-c5ba43d86628:c4046]
2019-06-13 22:26:52,135 INFO  client.GrpcClientProtocolClient (GrpcClientProtocolClient.java:onNext(254)) - client-43E682E1E07B->d5132e6f-def8-45c0-b0d2-c5ba43d86628: receive RaftClientReply:client-43E682E1E07B->d5132e6f-def8-45c0-b0d2-c5ba43d86628@group-C29775A8E805, cid=2324, SUCCESS, logIndex=4048, commits[d5132e6f-def8-45c0-b0d2-c5ba43d86628:c4048]
2019-06-13 22:26:52,156 INFO  client.GrpcClientProtocolClient (GrpcClientProtocolClient.java:onNext(254)) - client-43E682E1E07B->d5132e6f-def8-45c0-b0d2-c5ba43d86628: receive RaftClientReply:client-43E682E1E07B->d5132e6f-def8-45c0-b0d2-c5ba43d86628@group-C29775A8E805, cid=2325, SUCCESS, logIndex=4050, commits[d5132e6f-def8-45c0-b0d2-c5ba43d86628:c4050]
2019-06-13 22:26:52,162 INFO  client.GrpcClientProtocolClient (GrpcClientProtocolClient.java:onNext(254)) - client-43E682E1E07B->d5132e6f-def8-45c0-b0d2-c5ba43d86628: receive RaftClientReply:client-43E682E1E07B->d5132e6f-def8-45c0-b0d2-c5ba43d86628@group-C29775A8E805, cid=2326, SUCCESS, logIndex=4052, commits[d5132e6f-def8-45c0-b0d2-c5ba43d86628:c4052]
2019-06-13 22:26:52,168 INFO  client.GrpcClientProtocolClient (GrpcClientProtocolClient.java:onNext(254)) - client-43E682E1E07B->d5132e6f-def8-45c0-b0d2-c5ba43d86628: receive RaftClientReply:client-43E682E1E07B->d5132e6f-def8-45c0-b0d2-c5ba43d86628@group-C29775A8E805, cid=2327, SUCCESS, logIndex=4054, commits[d5132e6f-def8-45c0-b0d2-c5ba43d86628:c4054]
2019-06-13 22:26:52,169 INFO  client.GrpcClientProtocolClient (GrpcClientProtocolClient.java:onNext(254)) - client-43E682E1E07B->d5132e6f-def8-45c0-b0d2-c5ba43d86628: receive RaftClientReply:client-43E682E1E07B->d5132e6f-def8-45c0-b0d2-c5ba43d86628@group-C29775A8E805, cid=2328, SUCCESS, logIndex=4056, commits[d5132e6f-def8-45c0-b0d2-c5ba43d86628:c4056]
2019-06-13 22:26:52,184 INFO  client.GrpcClientProtocolClient (GrpcClientProtocolClient.java:onNext(254)) - client-43E682E1E07B->d5132e6f-def8-45c0-b0d2-c5ba43d86628: receive RaftClientReply:client-43E682E1E07B->d5132e6f-def8-45c0-b0d2-c5ba43d86628@group-C29775A8E805, cid=2329, SUCCESS, logIndex=4058, commits[d5132e6f-def8-45c0-b0d2-c5ba43d86628:c4058]
2019-06-13 22:26:52,188 INFO  client.GrpcClientProtocolClient (GrpcClientProtocolClient.java:onNext(254)) - client-43E682E1E07B->d5132e6f-def8-45c0-b0d2-c5ba43d86628: receive RaftClientReply:client-43E682E1E07B->d5132e6f-def8-45c0-b0d2-c5ba43d86628@group-C29775A8E805, cid=2330, SUCCESS, logIndex=4060, commits[d5132e6f-def8-45c0-b0d2-c5ba43d86628:c4060]
2019-06-13 22:26:52,188 INFO  client.GrpcClientProtocolClient (GrpcClientProtocolClient.java:onNext(254)) - client-43E682E1E07B->d5132e6f-def8-45c0-b0d2-c5ba43d86628: receive RaftClientReply:client-43E682E1E07B->d5132e6f-def8-45c0-b0d2-c5ba43d86628@group-C29775A8E805, cid=2331, SUCCESS, logIndex=4061, commits[d5132e6f-def8-45c0-b0d2-c5ba43d86628:c4061]
2019-06-13 22:26:52,189 INFO  client.GrpcClientProtocolClient (GrpcClientProtocolClient.java:onNext(254)) - client-43E682E1E07B->d5132e6f-def8-45c0-b0d2-c5ba43d86628: receive RaftClientReply:client-43E682E1E07B->d5132e6f-def8-45c0-b0d2-c5ba43d86628@group-C29775A8E805, cid=2332, SUCCESS, logIndex=4064, commits[d5132e6f-def8-45c0-b0d2-c5ba43d86628:c4064]
2019-06-13 22:26:52,197 INFO  client.GrpcClientProtocolClient (GrpcClientProtocolClient.java:onNext(254)) - client-43E682E1E07B->d5132e6f-def8-45c0-b0d2-c5ba43d86628: receive RaftClientReply:client-43E682E1E07B->d5132e6f-def8-45c0-b0d2-c5ba43d86628@group-C29775A8E805, cid=2333, SUCCESS, logIndex=4066, commits[d5132e6f-def8-45c0-b0d2-c5ba43d86628:c4066]
2019-06-13 22:26:52,198 INFO  client.GrpcClientProtocolClient (GrpcClientProtocolClient.java:onNext(254)) - client-43E682E1E07B->d5132e6f-def8-45c0-b0d2-c5ba43d86628: receive RaftClientReply:client-43E682E1E07B->d5132e6f-def8-45c0-b0d2-c5ba43d86628@group-C29775A8E805, cid=2334, SUCCESS, logIndex=4068, commits[d5132e6f-def8-45c0-b0d2-c5ba43d86628:c4068]
2019-06-13 22:26:52,201 INFO  client.GrpcClientProtocolClient (GrpcClientProtocolClient.java:onNext(254)) - client-43E682E1E07B->d5132e6f-def8-45c0-b0d2-c5ba43d86628: receive RaftClientReply:client-43E682E1E07B->d5132e6f-def8-45c0-b0d2-c5ba43d86628@group-C29775A8E805, cid=2335, SUCCESS, logIndex=4070, commits[d5132e6f-def8-45c0-b0d2-c5ba43d86628:c4071]
2019-06-13 22:26:52,201 INFO  client.GrpcClientProtocolClient (GrpcClientProtocolClient.java:onNext(254)) - client-43E682E1E07B->d5132e6f-def8-45c0-b0d2-c5ba43d86628: receive RaftClientReply:client-43E682E1E07B->d5132e6f-def8-45c0-b0d2-c5ba43d86628@group-C29775A8E805, cid=2336, SUCCESS, logIndex=4071, commits[d5132e6f-def8-45c0-b0d2-c5ba43d86628:c4071]
2019-06-13 22:26:52,206 DEBUG block.SCMBlockDeletingService (SCMBlockDeletingService.java:call(138)) - Running DeletedBlockTransactionScanner
2019-06-13 22:26:52,206 DEBUG block.SCMBlockDeletingService (SCMBlockDeletingService.java:call(155)) - Scanned deleted blocks log and got 0 delTX to process.
2019-06-13 22:26:52,211 INFO  client.GrpcClientProtocolClient (GrpcClientProtocolClient.java:onNext(254)) - client-43E682E1E07B->d5132e6f-def8-45c0-b0d2-c5ba43d86628: receive RaftClientReply:client-43E682E1E07B->d5132e6f-def8-45c0-b0d2-c5ba43d86628@group-C29775A8E805, cid=2337, SUCCESS, logIndex=4073, commits[d5132e6f-def8-45c0-b0d2-c5ba43d86628:c4073]
2019-06-13 22:26:52,212 INFO  client.GrpcClientProtocolClient (GrpcClientProtocolClient.java:onNext(254)) - client-43E682E1E07B->d5132e6f-def8-45c0-b0d2-c5ba43d86628: receive RaftClientReply:client-43E682E1E07B->d5132e6f-def8-45c0-b0d2-c5ba43d86628@group-C29775A8E805, cid=2338, SUCCESS, logIndex=4075, commits[d5132e6f-def8-45c0-b0d2-c5ba43d86628:c4075]
2019-06-13 22:26:52,214 INFO  client.GrpcClientProtocolClient (GrpcClientProtocolClient.java:onNext(254)) - client-43E682E1E07B->d5132e6f-def8-45c0-b0d2-c5ba43d86628: receive RaftClientReply:client-43E682E1E07B->d5132e6f-def8-45c0-b0d2-c5ba43d86628@group-C29775A8E805, cid=2339, SUCCESS, logIndex=4076, commits[d5132e6f-def8-45c0-b0d2-c5ba43d86628:c4078]
2019-06-13 22:26:52,214 INFO  client.GrpcClientProtocolClient (GrpcClientProtocolClient.java:onNext(254)) - client-43E682E1E07B->d5132e6f-def8-45c0-b0d2-c5ba43d86628: receive RaftClientReply:client-43E682E1E07B->d5132e6f-def8-45c0-b0d2-c5ba43d86628@group-C29775A8E805, cid=2340, SUCCESS, logIndex=4077, commits[d5132e6f-def8-45c0-b0d2-c5ba43d86628:c4078]
2019-06-13 22:26:52,220 INFO  client.GrpcClientProtocolClient (GrpcClientProtocolClient.java:onNext(254)) - client-43E682E1E07B->d5132e6f-def8-45c0-b0d2-c5ba43d86628: receive RaftClientReply:client-43E682E1E07B->d5132e6f-def8-45c0-b0d2-c5ba43d86628@group-C29775A8E805, cid=2341, SUCCESS, logIndex=4079, commits[d5132e6f-def8-45c0-b0d2-c5ba43d86628:c4079]
2019-06-13 22:26:52,221 INFO  client.GrpcClientProtocolClient (GrpcClientProtocolClient.java:onNext(254)) - client-43E682E1E07B->d5132e6f-def8-45c0-b0d2-c5ba43d86628: receive RaftClientReply:client-43E682E1E07B->d5132e6f-def8-45c0-b0d2-c5ba43d86628@group-C29775A8E805, cid=2342, SUCCESS, logIndex=4081, commits[d5132e6f-def8-45c0-b0d2-c5ba43d86628:c4081]
2019-06-13 22:26:52,520 DEBUG block.SCMBlockDeletingService (SCMBlockDeletingService.java:call(138)) - Running DeletedBlockTransactionScanner
2019-06-13 22:26:52,520 DEBUG block.SCMBlockDeletingService (SCMBlockDeletingService.java:call(155)) - Scanned deleted blocks log and got 0 delTX to process.
2019-06-13 22:26:52,531 INFO  client.GrpcClientProtocolClient (GrpcClientProtocolClient.java:onNext(254)) - client-43E682E1E07B->d5132e6f-def8-45c0-b0d2-c5ba43d86628: receive RaftClientReply:client-43E682E1E07B->d5132e6f-def8-45c0-b0d2-c5ba43d86628@group-C29775A8E805, cid=2343, SUCCESS, logIndex=4083, commits[d5132e6f-def8-45c0-b0d2-c5ba43d86628:c4083]
2019-06-13 22:26:52,532 INFO  client.GrpcClientProtocolClient (GrpcClientProtocolClient.java:onNext(254)) - client-43E682E1E07B->d5132e6f-def8-45c0-b0d2-c5ba43d86628: receive RaftClientReply:client-43E682E1E07B->d5132e6f-def8-45c0-b0d2-c5ba43d86628@group-C29775A8E805, cid=2344, SUCCESS, logIndex=4085, commits[d5132e6f-def8-45c0-b0d2-c5ba43d86628:c4085]
2019-06-13 22:26:52,544 INFO  client.GrpcClientProtocolClient (GrpcClientProtocolClient.java:onNext(254)) - client-43E682E1E07B->d5132e6f-def8-45c0-b0d2-c5ba43d86628: receive RaftClientReply:client-43E682E1E07B->d5132e6f-def8-45c0-b0d2-c5ba43d86628@group-C29775A8E805, cid=2345, SUCCESS, logIndex=4087, commits[d5132e6f-def8-45c0-b0d2-c5ba43d86628:c4087]
2019-06-13 22:26:52,546 INFO  client.GrpcClientProtocolClient (GrpcClientProtocolClient.java:onNext(254)) - client-43E682E1E07B->d5132e6f-def8-45c0-b0d2-c5ba43d86628: receive RaftClientReply:client-43E682E1E07B->d5132e6f-def8-45c0-b0d2-c5ba43d86628@group-C29775A8E805, cid=2346, SUCCESS, logIndex=4089, commits[d5132e6f-def8-45c0-b0d2-c5ba43d86628:c4089]
2019-06-13 22:26:52,547 INFO  client.GrpcClientProtocolClient (GrpcClientProtocolClient.java:onNext(254)) - client-43E682E1E07B->d5132e6f-def8-45c0-b0d2-c5ba43d86628: receive RaftClientReply:client-43E682E1E07B->d5132e6f-def8-45c0-b0d2-c5ba43d86628@group-C29775A8E805, cid=2347, SUCCESS, logIndex=4090, commits[d5132e6f-def8-45c0-b0d2-c5ba43d86628:c4090]
2019-06-13 22:26:52,547 INFO  client.GrpcClientProtocolClient (GrpcClientProtocolClient.java:onNext(254)) - client-43E682E1E07B->d5132e6f-def8-45c0-b0d2-c5ba43d86628: receive RaftClientReply:client-43E682E1E07B->d5132e6f-def8-45c0-b0d2-c5ba43d86628@group-C29775A8E805, cid=2348, SUCCESS, logIndex=4092, commits[d5132e6f-def8-45c0-b0d2-c5ba43d86628:c4092]
2019-06-13 22:26:52,553 INFO  client.GrpcClientProtocolClient (GrpcClientProtocolClient.java:onNext(254)) - client-43E682E1E07B->d5132e6f-def8-45c0-b0d2-c5ba43d86628: receive RaftClientReply:client-43E682E1E07B->d5132e6f-def8-45c0-b0d2-c5ba43d86628@group-C29775A8E805, cid=2349, SUCCESS, logIndex=4095, commits[d5132e6f-def8-45c0-b0d2-c5ba43d86628:c4095]
2019-06-13 22:26:52,553 INFO  storage.RaftLogWorker (RaftLogWorker.java:rollLogSegment(303)) - d5132e6f-def8-45c0-b0d2-c5ba43d86628-RaftLogWorker: Rolling segment log-4015_4096 to index:4096
2019-06-13 22:26:52,554 INFO  storage.RaftLogWorker (RaftLogWorker.java:execute(433)) - d5132e6f-def8-45c0-b0d2-c5ba43d86628-RaftLogWorker: Rolled log segment from /opt/src/hadoop-ozone/integration-test/target/test-dir/MiniOzoneClusterImpl-e9ea07bb-4900-4b53-96c1-68f0ab556a80/datanode-0/data/ratis/c7035dd3-cd4a-42fb-880d-c29775a8e805/current/log_inprogress_4015 to /opt/src/hadoop-ozone/integration-test/target/test-dir/MiniOzoneClusterImpl-e9ea07bb-4900-4b53-96c1-68f0ab556a80/datanode-0/data/ratis/c7035dd3-cd4a-42fb-880d-c29775a8e805/current/log_4015-4096
2019-06-13 22:26:52,590 INFO  storage.RaftLogWorker (RaftLogWorker.java:execute(469)) - d5132e6f-def8-45c0-b0d2-c5ba43d86628-RaftLogWorker: created new log segment /opt/src/hadoop-ozone/integration-test/target/test-dir/MiniOzoneClusterImpl-e9ea07bb-4900-4b53-96c1-68f0ab556a80/datanode-0/data/ratis/c7035dd3-cd4a-42fb-880d-c29775a8e805/current/log_inprogress_4097
2019-06-13 22:26:52,592 INFO  client.GrpcClientProtocolClient (GrpcClientProtocolClient.java:onNext(254)) - client-43E682E1E07B->d5132e6f-def8-45c0-b0d2-c5ba43d86628: receive RaftClientReply:client-43E682E1E07B->d5132e6f-def8-45c0-b0d2-c5ba43d86628@group-C29775A8E805, cid=2350, SUCCESS, logIndex=4097, commits[d5132e6f-def8-45c0-b0d2-c5ba43d86628:c4099]
2019-06-13 22:26:52,592 INFO  client.GrpcClientProtocolClient (GrpcClientProtocolClient.java:onNext(254)) - client-43E682E1E07B->d5132e6f-def8-45c0-b0d2-c5ba43d86628: receive RaftClientReply:client-43E682E1E07B->d5132e6f-def8-45c0-b0d2-c5ba43d86628@group-C29775A8E805, cid=2351, SUCCESS, logIndex=4098, commits[d5132e6f-def8-45c0-b0d2-c5ba43d86628:c4100]
2019-06-13 22:26:52,592 INFO  client.GrpcClientProtocolClient (GrpcClientProtocolClient.java:onNext(254)) - client-43E682E1E07B->d5132e6f-def8-45c0-b0d2-c5ba43d86628: receive RaftClientReply:client-43E682E1E07B->d5132e6f-def8-45c0-b0d2-c5ba43d86628@group-C29775A8E805, cid=2352, SUCCESS, logIndex=4099, commits[d5132e6f-def8-45c0-b0d2-c5ba43d86628:c4100]
2019-06-13 22:26:52,603 INFO  client.GrpcClientProtocolClient (GrpcClientProtocolClient.java:onNext(254)) - client-43E682E1E07B->d5132e6f-def8-45c0-b0d2-c5ba43d86628: receive RaftClientReply:client-43E682E1E07B->d5132e6f-def8-45c0-b0d2-c5ba43d86628@group-C29775A8E805, cid=2353, SUCCESS, logIndex=4101, commits[d5132e6f-def8-45c0-b0d2-c5ba43d86628:c4101]
2019-06-13 22:26:52,606 INFO  client.GrpcClientProtocolClient (GrpcClientProtocolClient.java:onNext(254)) - client-43E682E1E07B->d5132e6f-def8-45c0-b0d2-c5ba43d86628: receive RaftClientReply:client-43E682E1E07B->d5132e6f-def8-45c0-b0d2-c5ba43d86628@group-C29775A8E805, cid=2354, SUCCESS, logIndex=4103, commits[d5132e6f-def8-45c0-b0d2-c5ba43d86628:c4103]
2019-06-13 22:26:52,606 INFO  client.GrpcClientProtocolClient (GrpcClientProtocolClient.java:onNext(254)) - client-43E682E1E07B->d5132e6f-def8-45c0-b0d2-c5ba43d86628: receive RaftClientReply:client-43E682E1E07B->d5132e6f-def8-45c0-b0d2-c5ba43d86628@group-C29775A8E805, cid=2355, SUCCESS, logIndex=4104, commits[d5132e6f-def8-45c0-b0d2-c5ba43d86628:c4105]
2019-06-13 22:26:52,606 INFO  client.GrpcClientProtocolClient (GrpcClientProtocolClient.java:onNext(254)) - client-43E682E1E07B->d5132e6f-def8-45c0-b0d2-c5ba43d86628: receive RaftClientReply:client-43E682E1E07B->d5132e6f-def8-45c0-b0d2-c5ba43d86628@group-C29775A8E805, cid=2356, SUCCESS, logIndex=4105, commits[d5132e6f-def8-45c0-b0d2-c5ba43d86628:c4105]
2019-06-13 22:26:52,613 INFO  client.GrpcClientProtocolClient (GrpcClientProtocolClient.java:onNext(254)) - client-43E682E1E07B->d5132e6f-def8-45c0-b0d2-c5ba43d86628: receive RaftClientReply:client-43E682E1E07B->d5132e6f-def8-45c0-b0d2-c5ba43d86628@group-C29775A8E805, cid=2357, SUCCESS, logIndex=4108, commits[d5132e6f-def8-45c0-b0d2-c5ba43d86628:c4108]
2019-06-13 22:26:52,615 INFO  client.GrpcClientProtocolClient (GrpcClientProtocolClient.java:onNext(254)) - client-43E682E1E07B->d5132e6f-def8-45c0-b0d2-c5ba43d86628: receive RaftClientReply:client-43E682E1E07B->d5132e6f-def8-45c0-b0d2-c5ba43d86628@group-C29775A8E805, cid=2358, SUCCESS, logIndex=4110, commits[d5132e6f-def8-45c0-b0d2-c5ba43d86628:c4110]
2019-06-13 22:26:52,616 INFO  client.GrpcClientProtocolClient (GrpcClientProtocolClient.java:onNext(254)) - client-43E682E1E07B->d5132e6f-def8-45c0-b0d2-c5ba43d86628: receive RaftClientReply:client-43E682E1E07B->d5132e6f-def8-45c0-b0d2-c5ba43d86628@group-C29775A8E805, cid=2359, SUCCESS, logIndex=4111, commits[d5132e6f-def8-45c0-b0d2-c5ba43d86628:c4113]
2019-06-13 22:26:52,616 INFO  client.GrpcClientProtocolClient (GrpcClientProtocolClient.java:onNext(254)) - client-43E682E1E07B->d5132e6f-def8-45c0-b0d2-c5ba43d86628: receive RaftClientReply:client-43E682E1E07B->d5132e6f-def8-45c0-b0d2-c5ba43d86628@group-C29775A8E805, cid=2360, SUCCESS, logIndex=4112, commits[d5132e6f-def8-45c0-b0d2-c5ba43d86628:c4113]
2019-06-13 22:26:52,621 DEBUG block.SCMBlockDeletingService (SCMBlockDeletingService.java:call(138)) - Running DeletedBlockTransactionScanner
2019-06-13 22:26:52,621 DEBUG block.SCMBlockDeletingService (SCMBlockDeletingService.java:call(155)) - Scanned deleted blocks log and got 0 delTX to process.
2019-06-13 22:26:52,625 INFO  client.GrpcClientProtocolClient (GrpcClientProtocolClient.java:onNext(254)) - client-43E682E1E07B->d5132e6f-def8-45c0-b0d2-c5ba43d86628: receive RaftClientReply:client-43E682E1E07B->d5132e6f-def8-45c0-b0d2-c5ba43d86628@group-C29775A8E805, cid=2361, SUCCESS, logIndex=4114, commits[d5132e6f-def8-45c0-b0d2-c5ba43d86628:c4114]
2019-06-13 22:26:52,628 INFO  client.GrpcClientProtocolClient (GrpcClientProtocolClient.java:onNext(254)) - client-43E682E1E07B->d5132e6f-def8-45c0-b0d2-c5ba43d86628: receive RaftClientReply:client-43E682E1E07B->d5132e6f-def8-45c0-b0d2-c5ba43d86628@group-C29775A8E805, cid=2362, SUCCESS, logIndex=4116, commits[d5132e6f-def8-45c0-b0d2-c5ba43d86628:c4118]
2019-06-13 22:26:52,629 INFO  client.GrpcClientProtocolClient (GrpcClientProtocolClient.java:onNext(254)) - client-43E682E1E07B->d5132e6f-def8-45c0-b0d2-c5ba43d86628: receive RaftClientReply:client-43E682E1E07B->d5132e6f-def8-45c0-b0d2-c5ba43d86628@group-C29775A8E805, cid=2363, SUCCESS, logIndex=4117, commits[d5132e6f-def8-45c0-b0d2-c5ba43d86628:c4118]
2019-06-13 22:26:52,629 INFO  client.GrpcClientProtocolClient (GrpcClientProtocolClient.java:onNext(254)) - client-43E682E1E07B->d5132e6f-def8-45c0-b0d2-c5ba43d86628: receive RaftClientReply:client-43E682E1E07B->d5132e6f-def8-45c0-b0d2-c5ba43d86628@group-C29775A8E805, cid=2364, SUCCESS, logIndex=4118, commits[d5132e6f-def8-45c0-b0d2-c5ba43d86628:c4119]
2019-06-13 22:26:52,635 INFO  client.GrpcClientProtocolClient (GrpcClientProtocolClient.java:onNext(254)) - client-43E682E1E07B->d5132e6f-def8-45c0-b0d2-c5ba43d86628: receive RaftClientReply:client-43E682E1E07B->d5132e6f-def8-45c0-b0d2-c5ba43d86628@group-C29775A8E805, cid=2365, SUCCESS, logIndex=4120, commits[d5132e6f-def8-45c0-b0d2-c5ba43d86628:c4120]
2019-06-13 22:26:52,636 INFO  client.GrpcClientProtocolClient (GrpcClientProtocolClient.java:onNext(254)) - client-43E682E1E07B->d5132e6f-def8-45c0-b0d2-c5ba43d86628: receive RaftClientReply:client-43E682E1E07B->d5132e6f-def8-45c0-b0d2-c5ba43d86628@group-C29775A8E805, cid=2366, SUCCESS, logIndex=4122, commits[d5132e6f-def8-45c0-b0d2-c5ba43d86628:c4122]
2019-06-13 22:26:52,639 INFO  client.GrpcClientProtocolClient (GrpcClientProtocolClient.java:onNext(254)) - client-43E682E1E07B->d5132e6f-def8-45c0-b0d2-c5ba43d86628: receive RaftClientReply:client-43E682E1E07B->d5132e6f-def8-45c0-b0d2-c5ba43d86628@group-C29775A8E805, cid=2367, SUCCESS, logIndex=4124, commits[d5132e6f-def8-45c0-b0d2-c5ba43d86628:c4125]
2019-06-13 22:26:52,643 INFO  client.GrpcClientProtocolClient (GrpcClientProtocolClient.java:onNext(254)) - client-43E682E1E07B->d5132e6f-def8-45c0-b0d2-c5ba43d86628: receive RaftClientReply:client-43E682E1E07B->d5132e6f-def8-45c0-b0d2-c5ba43d86628@group-C29775A8E805, cid=2368, SUCCESS, logIndex=4125, commits[d5132e6f-def8-45c0-b0d2-c5ba43d86628:c4125]
2019-06-13 22:26:52,654 INFO  client.GrpcClientProtocolClient (GrpcClientProtocolClient.java:onNext(254)) - client-43E682E1E07B->d5132e6f-def8-45c0-b0d2-c5ba43d86628: receive RaftClientReply:client-43E682E1E07B->d5132e6f-def8-45c0-b0d2-c5ba43d86628@group-C29775A8E805, cid=2369, SUCCESS, logIndex=4127, commits[d5132e6f-def8-45c0-b0d2-c5ba43d86628:c4127]
2019-06-13 22:26:52,656 INFO  client.GrpcClientProtocolClient (GrpcClientProtocolClient.java:onNext(254)) - client-43E682E1E07B->d5132e6f-def8-45c0-b0d2-c5ba43d86628: receive RaftClientReply:client-43E682E1E07B->d5132e6f-def8-45c0-b0d2-c5ba43d86628@group-C29775A8E805, cid=2370, SUCCESS, logIndex=4129, commits[d5132e6f-def8-45c0-b0d2-c5ba43d86628:c4129]
2019-06-13 22:26:52,656 INFO  client.GrpcClientProtocolClient (GrpcClientProtocolClient.java:onNext(254)) - client-43E682E1E07B->d5132e6f-def8-45c0-b0d2-c5ba43d86628: receive RaftClientReply:client-43E682E1E07B->d5132e6f-def8-45c0-b0d2-c5ba43d86628@group-C29775A8E805, cid=2371, SUCCESS, logIndex=4130, commits[d5132e6f-def8-45c0-b0d2-c5ba43d86628:c4130]
2019-06-13 22:26:52,657 INFO  client.GrpcClientProtocolClient (GrpcClientProtocolClient.java:onNext(254)) - client-43E682E1E07B->d5132e6f-def8-45c0-b0d2-c5ba43d86628: receive RaftClientReply:client-43E682E1E07B->d5132e6f-def8-45c0-b0d2-c5ba43d86628@group-C29775A8E805, cid=2372, SUCCESS, logIndex=4132, commits[d5132e6f-def8-45c0-b0d2-c5ba43d86628:c4132]
2019-06-13 22:26:52,663 INFO  client.GrpcClientProtocolClient (GrpcClientProtocolClient.java:onNext(254)) - client-43E682E1E07B->d5132e6f-def8-45c0-b0d2-c5ba43d86628: receive RaftClientReply:client-43E682E1E07B->d5132e6f-def8-45c0-b0d2-c5ba43d86628@group-C29775A8E805, cid=2373, SUCCESS, logIndex=4135, commits[d5132e6f-def8-45c0-b0d2-c5ba43d86628:c4135]
2019-06-13 22:26:52,664 INFO  client.GrpcClientProtocolClient (GrpcClientProtocolClient.java:onNext(254)) - client-43E682E1E07B->d5132e6f-def8-45c0-b0d2-c5ba43d86628: receive RaftClientReply:client-43E682E1E07B->d5132e6f-def8-45c0-b0d2-c5ba43d86628@group-C29775A8E805, cid=2374, SUCCESS, logIndex=4137, commits[d5132e6f-def8-45c0-b0d2-c5ba43d86628:c4137]
2019-06-13 22:26:52,666 INFO  client.GrpcClientProtocolClient (GrpcClientProtocolClient.java:onNext(254)) - client-43E682E1E07B->d5132e6f-def8-45c0-b0d2-c5ba43d86628: receive RaftClientReply:client-43E682E1E07B->d5132e6f-def8-45c0-b0d2-c5ba43d86628@group-C29775A8E805, cid=2375, SUCCESS, logIndex=4139, commits[d5132e6f-def8-45c0-b0d2-c5ba43d86628:c4140]
2019-06-13 22:26:52,667 INFO  client.GrpcClientProtocolClient (GrpcClientProtocolClient.java:onNext(254)) - client-43E682E1E07B->d5132e6f-def8-45c0-b0d2-c5ba43d86628: receive RaftClientReply:client-43E682E1E07B->d5132e6f-def8-45c0-b0d2-c5ba43d86628@group-C29775A8E805, cid=2376, SUCCESS, logIndex=4140, commits[d5132e6f-def8-45c0-b0d2-c5ba43d86628:c4140]
2019-06-13 22:26:52,677 INFO  client.GrpcClientProtocolClient (GrpcClientProtocolClient.java:onNext(254)) - client-43E682E1E07B->d5132e6f-def8-45c0-b0d2-c5ba43d86628: receive RaftClientReply:client-43E682E1E07B->d5132e6f-def8-45c0-b0d2-c5ba43d86628@group-C29775A8E805, cid=2377, SUCCESS, logIndex=4142, commits[d5132e6f-def8-45c0-b0d2-c5ba43d86628:c4142]
2019-06-13 22:26:52,678 INFO  client.GrpcClientProtocolClient (GrpcClientProtocolClient.java:onNext(254)) - client-43E682E1E07B->d5132e6f-def8-45c0-b0d2-c5ba43d86628: receive RaftClientReply:client-43E682E1E07B->d5132e6f-def8-45c0-b0d2-c5ba43d86628@group-C29775A8E805, cid=2378, SUCCESS, logIndex=4144, commits[d5132e6f-def8-45c0-b0d2-c5ba43d86628:c4144]
2019-06-13 22:26:52,679 INFO  client.GrpcClientProtocolClient (GrpcClientProtocolClient.java:onNext(254)) - client-43E682E1E07B->d5132e6f-def8-45c0-b0d2-c5ba43d86628: receive RaftClientReply:client-43E682E1E07B->d5132e6f-def8-45c0-b0d2-c5ba43d86628@group-C29775A8E805, cid=2379, SUCCESS, logIndex=4145, commits[d5132e6f-def8-45c0-b0d2-c5ba43d86628:c4147]
2019-06-13 22:26:52,679 INFO  client.GrpcClientProtocolClient (GrpcClientProtocolClient.java:onNext(254)) - client-43E682E1E07B->d5132e6f-def8-45c0-b0d2-c5ba43d86628: receive RaftClientReply:client-43E682E1E07B->d5132e6f-def8-45c0-b0d2-c5ba43d86628@group-C29775A8E805, cid=2380, SUCCESS, logIndex=4146, commits[d5132e6f-def8-45c0-b0d2-c5ba43d86628:c4147]
2019-06-13 22:26:52,686 INFO  client.GrpcClientProtocolClient (GrpcClientProtocolClient.java:onNext(254)) - client-43E682E1E07B->d5132e6f-def8-45c0-b0d2-c5ba43d86628: receive RaftClientReply:client-43E682E1E07B->d5132e6f-def8-45c0-b0d2-c5ba43d86628@group-C29775A8E805, cid=2381, SUCCESS, logIndex=4148, commits[d5132e6f-def8-45c0-b0d2-c5ba43d86628:c4148]
2019-06-13 22:26:52,687 INFO  client.GrpcClientProtocolClient (GrpcClientProtocolClient.java:onNext(254)) - client-43E682E1E07B->d5132e6f-def8-45c0-b0d2-c5ba43d86628: receive RaftClientReply:client-43E682E1E07B->d5132e6f-def8-45c0-b0d2-c5ba43d86628@group-C29775A8E805, cid=2382, SUCCESS, logIndex=4150, commits[d5132e6f-def8-45c0-b0d2-c5ba43d86628:c4150]
2019-06-13 22:26:52,689 INFO  client.GrpcClientProtocolClient (GrpcClientProtocolClient.java:onNext(254)) - client-43E682E1E07B->d5132e6f-def8-45c0-b0d2-c5ba43d86628: receive RaftClientReply:client-43E682E1E07B->d5132e6f-def8-45c0-b0d2-c5ba43d86628@group-C29775A8E805, cid=2383, SUCCESS, logIndex=4152, commits[d5132e6f-def8-45c0-b0d2-c5ba43d86628:c4153]
2019-06-13 22:26:52,689 INFO  client.GrpcClientProtocolClient (GrpcClientProtocolClient.java:onNext(254)) - client-43E682E1E07B->d5132e6f-def8-45c0-b0d2-c5ba43d86628: receive RaftClientReply:client-43E682E1E07B->d5132e6f-def8-45c0-b0d2-c5ba43d86628@group-C29775A8E805, cid=2384, SUCCESS, logIndex=4153, commits[d5132e6f-def8-45c0-b0d2-c5ba43d86628:c4153]
2019-06-13 22:26:52,700 INFO  client.GrpcClientProtocolClient (GrpcClientProtocolClient.java:onNext(254)) - client-43E682E1E07B->d5132e6f-def8-45c0-b0d2-c5ba43d86628: receive RaftClientReply:client-43E682E1E07B->d5132e6f-def8-45c0-b0d2-c5ba43d86628@group-C29775A8E805, cid=2385, SUCCESS, logIndex=4155, commits[d5132e6f-def8-45c0-b0d2-c5ba43d86628:c4155]
2019-06-13 22:26:52,701 INFO  client.GrpcClientProtocolClient (GrpcClientProtocolClient.java:onNext(254)) - client-43E682E1E07B->d5132e6f-def8-45c0-b0d2-c5ba43d86628: receive RaftClientReply:client-43E682E1E07B->d5132e6f-def8-45c0-b0d2-c5ba43d86628@group-C29775A8E805, cid=2386, SUCCESS, logIndex=4157, commits[d5132e6f-def8-45c0-b0d2-c5ba43d86628:c4157]
2019-06-13 22:26:52,721 DEBUG block.SCMBlockDeletingService (SCMBlockDeletingService.java:call(138)) - Running DeletedBlockTransactionScanner
2019-06-13 22:26:52,721 DEBUG block.SCMBlockDeletingService (SCMBlockDeletingService.java:call(155)) - Scanned deleted blocks log and got 0 delTX to process.
2019-06-13 22:26:52,771 INFO  client.GrpcClientProtocolClient (GrpcClientProtocolClient.java:onNext(254)) - client-43E682E1E07B->d5132e6f-def8-45c0-b0d2-c5ba43d86628: receive RaftClientReply:client-43E682E1E07B->d5132e6f-def8-45c0-b0d2-c5ba43d86628@group-C29775A8E805, cid=2387, SUCCESS, logIndex=4159, commits[d5132e6f-def8-45c0-b0d2-c5ba43d86628:c4159]
2019-06-13 22:26:52,773 INFO  client.GrpcClientProtocolClient (GrpcClientProtocolClient.java:onNext(254)) - client-43E682E1E07B->d5132e6f-def8-45c0-b0d2-c5ba43d86628: receive RaftClientReply:client-43E682E1E07B->d5132e6f-def8-45c0-b0d2-c5ba43d86628@group-C29775A8E805, cid=2388, SUCCESS, logIndex=4161, commits[d5132e6f-def8-45c0-b0d2-c5ba43d86628:c4161]
2019-06-13 22:26:52,780 INFO  client.GrpcClientProtocolClient (GrpcClientProtocolClient.java:onNext(254)) - client-43E682E1E07B->d5132e6f-def8-45c0-b0d2-c5ba43d86628: receive RaftClientReply:client-43E682E1E07B->d5132e6f-def8-45c0-b0d2-c5ba43d86628@group-C29775A8E805, cid=2389, SUCCESS, logIndex=4163, commits[d5132e6f-def8-45c0-b0d2-c5ba43d86628:c4163]
2019-06-13 22:26:52,780 INFO  storage.RaftLogWorker (RaftLogWorker.java:rollLogSegment(303)) - d5132e6f-def8-45c0-b0d2-c5ba43d86628-RaftLogWorker: Rolling segment log-4097_4166 to index:4166
2019-06-13 22:26:52,781 INFO  client.GrpcClientProtocolClient (GrpcClientProtocolClient.java:onNext(254)) - client-43E682E1E07B->d5132e6f-def8-45c0-b0d2-c5ba43d86628: receive RaftClientReply:client-43E682E1E07B->d5132e6f-def8-45c0-b0d2-c5ba43d86628@group-C29775A8E805, cid=2390, SUCCESS, logIndex=4165, commits[d5132e6f-def8-45c0-b0d2-c5ba43d86628:c4165]
2019-06-13 22:26:52,781 INFO  storage.RaftLogWorker (RaftLogWorker.java:execute(433)) - d5132e6f-def8-45c0-b0d2-c5ba43d86628-RaftLogWorker: Rolled log segment from /opt/src/hadoop-ozone/integration-test/target/test-dir/MiniOzoneClusterImpl-e9ea07bb-4900-4b53-96c1-68f0ab556a80/datanode-0/data/ratis/c7035dd3-cd4a-42fb-880d-c29775a8e805/current/log_inprogress_4097 to /opt/src/hadoop-ozone/integration-test/target/test-dir/MiniOzoneClusterImpl-e9ea07bb-4900-4b53-96c1-68f0ab556a80/datanode-0/data/ratis/c7035dd3-cd4a-42fb-880d-c29775a8e805/current/log_4097-4166
2019-06-13 22:26:52,792 INFO  client.GrpcClientProtocolClient (GrpcClientProtocolClient.java:onNext(254)) - client-43E682E1E07B->d5132e6f-def8-45c0-b0d2-c5ba43d86628: receive RaftClientReply:client-43E682E1E07B->d5132e6f-def8-45c0-b0d2-c5ba43d86628@group-C29775A8E805, cid=2391, SUCCESS, logIndex=4166, commits[d5132e6f-def8-45c0-b0d2-c5ba43d86628:c4166]
2019-06-13 22:26:52,820 INFO  storage.RaftLogWorker (RaftLogWorker.java:execute(469)) - d5132e6f-def8-45c0-b0d2-c5ba43d86628-RaftLogWorker: created new log segment /opt/src/hadoop-ozone/integration-test/target/test-dir/MiniOzoneClusterImpl-e9ea07bb-4900-4b53-96c1-68f0ab556a80/datanode-0/data/ratis/c7035dd3-cd4a-42fb-880d-c29775a8e805/current/log_inprogress_4167
2019-06-13 22:26:52,822 DEBUG block.SCMBlockDeletingService (SCMBlockDeletingService.java:call(138)) - Running DeletedBlockTransactionScanner
2019-06-13 22:26:52,822 DEBUG block.SCMBlockDeletingService (SCMBlockDeletingService.java:call(155)) - Scanned deleted blocks log and got 0 delTX to process.
2019-06-13 22:26:52,822 INFO  client.GrpcClientProtocolClient (GrpcClientProtocolClient.java:onNext(254)) - client-43E682E1E07B->d5132e6f-def8-45c0-b0d2-c5ba43d86628: receive RaftClientReply:client-43E682E1E07B->d5132e6f-def8-45c0-b0d2-c5ba43d86628@group-C29775A8E805, cid=2392, SUCCESS, logIndex=4167, commits[d5132e6f-def8-45c0-b0d2-c5ba43d86628:c4169]
2019-06-13 22:26:52,832 INFO  client.GrpcClientProtocolClient (GrpcClientProtocolClient.java:onNext(254)) - client-43E682E1E07B->d5132e6f-def8-45c0-b0d2-c5ba43d86628: receive RaftClientReply:client-43E682E1E07B->d5132e6f-def8-45c0-b0d2-c5ba43d86628@group-C29775A8E805, cid=2393, SUCCESS, logIndex=4170, commits[d5132e6f-def8-45c0-b0d2-c5ba43d86628:c4170]
2019-06-13 22:26:52,837 INFO  client.GrpcClientProtocolClient (GrpcClientProtocolClient.java:onNext(254)) - client-43E682E1E07B->d5132e6f-def8-45c0-b0d2-c5ba43d86628: receive RaftClientReply:client-43E682E1E07B->d5132e6f-def8-45c0-b0d2-c5ba43d86628@group-C29775A8E805, cid=2394, SUCCESS, logIndex=4172, commits[d5132e6f-def8-45c0-b0d2-c5ba43d86628:c4175]
2019-06-13 22:26:52,837 INFO  client.GrpcClientProtocolClient (GrpcClientProtocolClient.java:onNext(254)) - client-43E682E1E07B->d5132e6f-def8-45c0-b0d2-c5ba43d86628: receive RaftClientReply:client-43E682E1E07B->d5132e6f-def8-45c0-b0d2-c5ba43d86628@group-C29775A8E805, cid=2395, SUCCESS, logIndex=4173, commits[d5132e6f-def8-45c0-b0d2-c5ba43d86628:c4175]
2019-06-13 22:26:52,838 INFO  client.GrpcClientProtocolClient (GrpcClientProtocolClient.java:onNext(254)) - client-43E682E1E07B->d5132e6f-def8-45c0-b0d2-c5ba43d86628: receive RaftClientReply:client-43E682E1E07B->d5132e6f-def8-45c0-b0d2-c5ba43d86628@group-C29775A8E805, cid=2396, SUCCESS, logIndex=4174, commits[d5132e6f-def8-45c0-b0d2-c5ba43d86628:c4175]
2019-06-13 22:26:52,843 INFO  client.GrpcClientProtocolClient (GrpcClientProtocolClient.java:onNext(254)) - client-43E682E1E07B->d5132e6f-def8-45c0-b0d2-c5ba43d86628: receive RaftClientReply:client-43E682E1E07B->d5132e6f-def8-45c0-b0d2-c5ba43d86628@group-C29775A8E805, cid=2397, SUCCESS, logIndex=4176, commits[d5132e6f-def8-45c0-b0d2-c5ba43d86628:c4176]
2019-06-13 22:26:52,845 INFO  client.GrpcClientProtocolClient (GrpcClientProtocolClient.java:onNext(254)) - client-43E682E1E07B->d5132e6f-def8-45c0-b0d2-c5ba43d86628: receive RaftClientReply:client-43E682E1E07B->d5132e6f-def8-45c0-b0d2-c5ba43d86628@group-C29775A8E805, cid=2398, SUCCESS, logIndex=4178, commits[d5132e6f-def8-45c0-b0d2-c5ba43d86628:c4178]
2019-06-13 22:26:52,846 INFO  client.GrpcClientProtocolClient (GrpcClientProtocolClient.java:onNext(254)) - client-43E682E1E07B->d5132e6f-def8-45c0-b0d2-c5ba43d86628: receive RaftClientReply:client-43E682E1E07B->d5132e6f-def8-45c0-b0d2-c5ba43d86628@group-C29775A8E805, cid=2399, SUCCESS, logIndex=4179, commits[d5132e6f-def8-45c0-b0d2-c5ba43d86628:c4180]
2019-06-13 22:26:52,847 INFO  client.GrpcClientProtocolClient (GrpcClientProtocolClient.java:onNext(254)) - client-43E682E1E07B->d5132e6f-def8-45c0-b0d2-c5ba43d86628: receive RaftClientReply:client-43E682E1E07B->d5132e6f-def8-45c0-b0d2-c5ba43d86628@group-C29775A8E805, cid=2400, SUCCESS, logIndex=4181, commits[d5132e6f-def8-45c0-b0d2-c5ba43d86628:c4181]
2019-06-13 22:26:52,857 INFO  client.GrpcClientProtocolClient (GrpcClientProtocolClient.java:onNext(254)) - client-43E682E1E07B->d5132e6f-def8-45c0-b0d2-c5ba43d86628: receive RaftClientReply:client-43E682E1E07B->d5132e6f-def8-45c0-b0d2-c5ba43d86628@group-C29775A8E805, cid=2401, SUCCESS, logIndex=4183, commits[d5132e6f-def8-45c0-b0d2-c5ba43d86628:c4183]
2019-06-13 22:26:52,859 INFO  client.GrpcClientProtocolClient (GrpcClientProtocolClient.java:onNext(254)) - client-43E682E1E07B->d5132e6f-def8-45c0-b0d2-c5ba43d86628: receive RaftClientReply:client-43E682E1E07B->d5132e6f-def8-45c0-b0d2-c5ba43d86628@group-C29775A8E805, cid=2402, SUCCESS, logIndex=4185, commits[d5132e6f-def8-45c0-b0d2-c5ba43d86628:c4185]
2019-06-13 22:26:52,860 INFO  client.GrpcClientProtocolClient (GrpcClientProtocolClient.java:onNext(254)) - client-43E682E1E07B->d5132e6f-def8-45c0-b0d2-c5ba43d86628: receive RaftClientReply:client-43E682E1E07B->d5132e6f-def8-45c0-b0d2-c5ba43d86628@group-C29775A8E805, cid=2403, SUCCESS, logIndex=4186, commits[d5132e6f-def8-45c0-b0d2-c5ba43d86628:c4186]
2019-06-13 22:26:52,860 INFO  client.GrpcClientProtocolClient (GrpcClientProtocolClient.java:onNext(254)) - client-43E682E1E07B->d5132e6f-def8-45c0-b0d2-c5ba43d86628: receive RaftClientReply:client-43E682E1E07B->d5132e6f-def8-45c0-b0d2-c5ba43d86628@group-C29775A8E805, cid=2404, SUCCESS, logIndex=4188, commits[d5132e6f-def8-45c0-b0d2-c5ba43d86628:c4188]
2019-06-13 22:26:52,866 INFO  client.GrpcClientProtocolClient (GrpcClientProtocolClient.java:onNext(254)) - client-43E682E1E07B->d5132e6f-def8-45c0-b0d2-c5ba43d86628: receive RaftClientReply:client-43E682E1E07B->d5132e6f-def8-45c0-b0d2-c5ba43d86628@group-C29775A8E805, cid=2405, SUCCESS, logIndex=4191, commits[d5132e6f-def8-45c0-b0d2-c5ba43d86628:c4191]
2019-06-13 22:26:52,868 INFO  client.GrpcClientProtocolClient (GrpcClientProtocolClient.java:onNext(254)) - client-43E682E1E07B->d5132e6f-def8-45c0-b0d2-c5ba43d86628: receive RaftClientReply:client-43E682E1E07B->d5132e6f-def8-45c0-b0d2-c5ba43d86628@group-C29775A8E805, cid=2406, SUCCESS, logIndex=4193, commits[d5132e6f-def8-45c0-b0d2-c5ba43d86628:c4193]
2019-06-13 22:26:52,868 INFO  client.GrpcClientProtocolClient (GrpcClientProtocolClient.java:onNext(254)) - client-43E682E1E07B->d5132e6f-def8-45c0-b0d2-c5ba43d86628: receive RaftClientReply:client-43E682E1E07B->d5132e6f-def8-45c0-b0d2-c5ba43d86628@group-C29775A8E805, cid=2407, SUCCESS, logIndex=4194, commits[d5132e6f-def8-45c0-b0d2-c5ba43d86628:c4194]
2019-06-13 22:26:52,869 INFO  client.GrpcClientProtocolClient (GrpcClientProtocolClient.java:onNext(254)) - client-43E682E1E07B->d5132e6f-def8-45c0-b0d2-c5ba43d86628: receive RaftClientReply:client-43E682E1E07B->d5132e6f-def8-45c0-b0d2-c5ba43d86628@group-C29775A8E805, cid=2408, SUCCESS, logIndex=4196, commits[d5132e6f-def8-45c0-b0d2-c5ba43d86628:c4196]
2019-06-13 22:26:52,881 INFO  client.GrpcClientProtocolClient (GrpcClientProtocolClient.java:onNext(254)) - client-43E682E1E07B->d5132e6f-def8-45c0-b0d2-c5ba43d86628: receive RaftClientReply:client-43E682E1E07B->d5132e6f-def8-45c0-b0d2-c5ba43d86628@group-C29775A8E805, cid=2409, SUCCESS, logIndex=4199, commits[d5132e6f-def8-45c0-b0d2-c5ba43d86628:c4199]
2019-06-13 22:26:52,882 INFO  client.GrpcClientProtocolClient (GrpcClientProtocolClient.java:onNext(254)) - client-43E682E1E07B->d5132e6f-def8-45c0-b0d2-c5ba43d86628: receive RaftClientReply:client-43E682E1E07B->d5132e6f-def8-45c0-b0d2-c5ba43d86628@group-C29775A8E805, cid=2410, SUCCESS, logIndex=4201, commits[d5132e6f-def8-45c0-b0d2-c5ba43d86628:c4201]
2019-06-13 22:26:52,884 INFO  client.GrpcClientProtocolClient (GrpcClientProtocolClient.java:onNext(254)) - client-43E682E1E07B->d5132e6f-def8-45c0-b0d2-c5ba43d86628: receive RaftClientReply:client-43E682E1E07B->d5132e6f-def8-45c0-b0d2-c5ba43d86628@group-C29775A8E805, cid=2411, SUCCESS, logIndex=4203, commits[d5132e6f-def8-45c0-b0d2-c5ba43d86628:c4204]
2019-06-13 22:26:52,884 INFO  client.GrpcClientProtocolClient (GrpcClientProtocolClient.java:onNext(254)) - client-43E682E1E07B->d5132e6f-def8-45c0-b0d2-c5ba43d86628: receive RaftClientReply:client-43E682E1E07B->d5132e6f-def8-45c0-b0d2-c5ba43d86628@group-C29775A8E805, cid=2412, SUCCESS, logIndex=4204, commits[d5132e6f-def8-45c0-b0d2-c5ba43d86628:c4204]
2019-06-13 22:26:52,890 INFO  client.GrpcClientProtocolClient (GrpcClientProtocolClient.java:onNext(254)) - client-43E682E1E07B->d5132e6f-def8-45c0-b0d2-c5ba43d86628: receive RaftClientReply:client-43E682E1E07B->d5132e6f-def8-45c0-b0d2-c5ba43d86628@group-C29775A8E805, cid=2413, SUCCESS, logIndex=4206, commits[d5132e6f-def8-45c0-b0d2-c5ba43d86628:c4206]
2019-06-13 22:26:52,891 INFO  client.GrpcClientProtocolClient (GrpcClientProtocolClient.java:onNext(254)) - client-43E682E1E07B->d5132e6f-def8-45c0-b0d2-c5ba43d86628: receive RaftClientReply:client-43E682E1E07B->d5132e6f-def8-45c0-b0d2-c5ba43d86628@group-C29775A8E805, cid=2414, SUCCESS, logIndex=4208, commits[d5132e6f-def8-45c0-b0d2-c5ba43d86628:c4208]
2019-06-13 22:26:52,892 INFO  client.GrpcClientProtocolClient (GrpcClientProtocolClient.java:onNext(254)) - client-43E682E1E07B->d5132e6f-def8-45c0-b0d2-c5ba43d86628: receive RaftClientReply:client-43E682E1E07B->d5132e6f-def8-45c0-b0d2-c5ba43d86628@group-C29775A8E805, cid=2415, SUCCESS, logIndex=4209, commits[d5132e6f-def8-45c0-b0d2-c5ba43d86628:c4211]
2019-06-13 22:26:52,893 INFO  client.GrpcClientProtocolClient (GrpcClientProtocolClient.java:onNext(254)) - client-43E682E1E07B->d5132e6f-def8-45c0-b0d2-c5ba43d86628: receive RaftClientReply:client-43E682E1E07B->d5132e6f-def8-45c0-b0d2-c5ba43d86628@group-C29775A8E805, cid=2416, SUCCESS, logIndex=4210, commits[d5132e6f-def8-45c0-b0d2-c5ba43d86628:c4211]
2019-06-13 22:26:52,936 DEBUG block.SCMBlockDeletingService (SCMBlockDeletingService.java:call(138)) - Running DeletedBlockTransactionScanner
2019-06-13 22:26:52,936 DEBUG block.SCMBlockDeletingService (SCMBlockDeletingService.java:call(155)) - Scanned deleted blocks log and got 0 delTX to process.
2019-06-13 22:26:52,943 INFO  client.GrpcClientProtocolClient (GrpcClientProtocolClient.java:onNext(254)) - client-43E682E1E07B->d5132e6f-def8-45c0-b0d2-c5ba43d86628: receive RaftClientReply:client-43E682E1E07B->d5132e6f-def8-45c0-b0d2-c5ba43d86628@group-C29775A8E805, cid=2417, SUCCESS, logIndex=4212, commits[d5132e6f-def8-45c0-b0d2-c5ba43d86628:c4212]
2019-06-13 22:26:52,945 INFO  client.GrpcClientProtocolClient (GrpcClientProtocolClient.java:onNext(254)) - client-43E682E1E07B->d5132e6f-def8-45c0-b0d2-c5ba43d86628: receive RaftClientReply:client-43E682E1E07B->d5132e6f-def8-45c0-b0d2-c5ba43d86628@group-C29775A8E805, cid=2418, SUCCESS, logIndex=4214, commits[d5132e6f-def8-45c0-b0d2-c5ba43d86628:c4214]
2019-06-13 22:26:52,946 INFO  client.GrpcClientProtocolClient (GrpcClientProtocolClient.java:onNext(254)) - client-43E682E1E07B->d5132e6f-def8-45c0-b0d2-c5ba43d86628: receive RaftClientReply:client-43E682E1E07B->d5132e6f-def8-45c0-b0d2-c5ba43d86628@group-C29775A8E805, cid=2419, SUCCESS, logIndex=4215, commits[d5132e6f-def8-45c0-b0d2-c5ba43d86628:c4215]
2019-06-13 22:26:52,946 INFO  client.GrpcClientProtocolClient (GrpcClientProtocolClient.java:onNext(254)) - client-43E682E1E07B->d5132e6f-def8-45c0-b0d2-c5ba43d86628: receive RaftClientReply:client-43E682E1E07B->d5132e6f-def8-45c0-b0d2-c5ba43d86628@group-C29775A8E805, cid=2420, SUCCESS, logIndex=4217, commits[d5132e6f-def8-45c0-b0d2-c5ba43d86628:c4217]
2019-06-13 22:26:52,954 INFO  client.GrpcClientProtocolClient (GrpcClientProtocolClient.java:onNext(254)) - client-43E682E1E07B->d5132e6f-def8-45c0-b0d2-c5ba43d86628: receive RaftClientReply:client-43E682E1E07B->d5132e6f-def8-45c0-b0d2-c5ba43d86628@group-C29775A8E805, cid=2421, SUCCESS, logIndex=4220, commits[d5132e6f-def8-45c0-b0d2-c5ba43d86628:c4220]
2019-06-13 22:26:52,956 INFO  client.GrpcClientProtocolClient (GrpcClientProtocolClient.java:onNext(254)) - client-43E682E1E07B->d5132e6f-def8-45c0-b0d2-c5ba43d86628: receive RaftClientReply:client-43E682E1E07B->d5132e6f-def8-45c0-b0d2-c5ba43d86628@group-C29775A8E805, cid=2422, SUCCESS, logIndex=4222, commits[d5132e6f-def8-45c0-b0d2-c5ba43d86628:c4222]
2019-06-13 22:26:52,957 INFO  client.GrpcClientProtocolClient (GrpcClientProtocolClient.java:onNext(254)) - client-43E682E1E07B->d5132e6f-def8-45c0-b0d2-c5ba43d86628: receive RaftClientReply:client-43E682E1E07B->d5132e6f-def8-45c0-b0d2-c5ba43d86628@group-C29775A8E805, cid=2423, SUCCESS, logIndex=4223, commits[d5132e6f-def8-45c0-b0d2-c5ba43d86628:c4225]
2019-06-13 22:26:52,957 INFO  client.GrpcClientProtocolClient (GrpcClientProtocolClient.java:onNext(254)) - client-43E682E1E07B->d5132e6f-def8-45c0-b0d2-c5ba43d86628: receive RaftClientReply:client-43E682E1E07B->d5132e6f-def8-45c0-b0d2-c5ba43d86628@group-C29775A8E805, cid=2424, SUCCESS, logIndex=4224, commits[d5132e6f-def8-45c0-b0d2-c5ba43d86628:c4225]
2019-06-13 22:26:52,969 INFO  client.GrpcClientProtocolClient (GrpcClientProtocolClient.java:onNext(254)) - client-43E682E1E07B->d5132e6f-def8-45c0-b0d2-c5ba43d86628: receive RaftClientReply:client-43E682E1E07B->d5132e6f-def8-45c0-b0d2-c5ba43d86628@group-C29775A8E805, cid=2425, SUCCESS, logIndex=4226, commits[d5132e6f-def8-45c0-b0d2-c5ba43d86628:c4226]
2019-06-13 22:26:52,971 INFO  client.GrpcClientProtocolClient (GrpcClientProtocolClient.java:onNext(254)) - client-43E682E1E07B->d5132e6f-def8-45c0-b0d2-c5ba43d86628: receive RaftClientReply:client-43E682E1E07B->d5132e6f-def8-45c0-b0d2-c5ba43d86628@group-C29775A8E805, cid=2426, SUCCESS, logIndex=4228, commits[d5132e6f-def8-45c0-b0d2-c5ba43d86628:c4228]
2019-06-13 22:26:52,972 INFO  client.GrpcClientProtocolClient (GrpcClientProtocolClient.java:onNext(254)) - client-43E682E1E07B->d5132e6f-def8-45c0-b0d2-c5ba43d86628: receive RaftClientReply:client-43E682E1E07B->d5132e6f-def8-45c0-b0d2-c5ba43d86628@group-C29775A8E805, cid=2427, SUCCESS, logIndex=4229, commits[d5132e6f-def8-45c0-b0d2-c5ba43d86628:c4229]
2019-06-13 22:26:52,972 INFO  client.GrpcClientProtocolClient (GrpcClientProtocolClient.java:onNext(254)) - client-43E682E1E07B->d5132e6f-def8-45c0-b0d2-c5ba43d86628: receive RaftClientReply:client-43E682E1E07B->d5132e6f-def8-45c0-b0d2-c5ba43d86628@group-C29775A8E805, cid=2428, SUCCESS, logIndex=4231, commits[d5132e6f-def8-45c0-b0d2-c5ba43d86628:c4231]
2019-06-13 22:26:52,978 INFO  client.GrpcClientProtocolClient (GrpcClientProtocolClient.java:onNext(254)) - client-43E682E1E07B->d5132e6f-def8-45c0-b0d2-c5ba43d86628: receive RaftClientReply:client-43E682E1E07B->d5132e6f-def8-45c0-b0d2-c5ba43d86628@group-C29775A8E805, cid=2429, SUCCESS, logIndex=4234, commits[d5132e6f-def8-45c0-b0d2-c5ba43d86628:c4234]
2019-06-13 22:26:52,979 INFO  client.GrpcClientProtocolClient (GrpcClientProtocolClient.java:onNext(254)) - client-43E682E1E07B->d5132e6f-def8-45c0-b0d2-c5ba43d86628: receive RaftClientReply:client-43E682E1E07B->d5132e6f-def8-45c0-b0d2-c5ba43d86628@group-C29775A8E805, cid=2430, SUCCESS, logIndex=4236, commits[d5132e6f-def8-45c0-b0d2-c5ba43d86628:c4236]
2019-06-13 22:26:53,038 DEBUG block.SCMBlockDeletingService (SCMBlockDeletingService.java:call(138)) - Running DeletedBlockTransactionScanner
2019-06-13 22:26:53,039 DEBUG block.SCMBlockDeletingService (SCMBlockDeletingService.java:call(155)) - Scanned deleted blocks log and got 0 delTX to process.
2019-06-13 22:26:53,059 INFO  client.GrpcClientProtocolClient (GrpcClientProtocolClient.java:onNext(254)) - client-43E682E1E07B->d5132e6f-def8-45c0-b0d2-c5ba43d86628: receive RaftClientReply:client-43E682E1E07B->d5132e6f-def8-45c0-b0d2-c5ba43d86628@group-C29775A8E805, cid=2431, SUCCESS, logIndex=4238, commits[d5132e6f-def8-45c0-b0d2-c5ba43d86628:c4238]
2019-06-13 22:26:53,060 INFO  client.GrpcClientProtocolClient (GrpcClientProtocolClient.java:onNext(254)) - client-43E682E1E07B->d5132e6f-def8-45c0-b0d2-c5ba43d86628: receive RaftClientReply:client-43E682E1E07B->d5132e6f-def8-45c0-b0d2-c5ba43d86628@group-C29775A8E805, cid=2432, SUCCESS, logIndex=4240, commits[d5132e6f-def8-45c0-b0d2-c5ba43d86628:c4240]
2019-06-13 22:26:53,073 INFO  client.GrpcClientProtocolClient (GrpcClientProtocolClient.java:onNext(254)) - client-43E682E1E07B->d5132e6f-def8-45c0-b0d2-c5ba43d86628: receive RaftClientReply:client-43E682E1E07B->d5132e6f-def8-45c0-b0d2-c5ba43d86628@group-C29775A8E805, cid=2433, SUCCESS, logIndex=4242, commits[d5132e6f-def8-45c0-b0d2-c5ba43d86628:c4243]
2019-06-13 22:26:53,073 INFO  storage.RaftLogWorker (RaftLogWorker.java:rollLogSegment(303)) - d5132e6f-def8-45c0-b0d2-c5ba43d86628-RaftLogWorker: Rolling segment log-4167_4244 to index:4244
2019-06-13 22:26:53,074 INFO  storage.RaftLogWorker (RaftLogWorker.java:execute(433)) - d5132e6f-def8-45c0-b0d2-c5ba43d86628-RaftLogWorker: Rolled log segment from /opt/src/hadoop-ozone/integration-test/target/test-dir/MiniOzoneClusterImpl-e9ea07bb-4900-4b53-96c1-68f0ab556a80/datanode-0/data/ratis/c7035dd3-cd4a-42fb-880d-c29775a8e805/current/log_inprogress_4167 to /opt/src/hadoop-ozone/integration-test/target/test-dir/MiniOzoneClusterImpl-e9ea07bb-4900-4b53-96c1-68f0ab556a80/datanode-0/data/ratis/c7035dd3-cd4a-42fb-880d-c29775a8e805/current/log_4167-4244
2019-06-13 22:26:53,078 INFO  client.GrpcClientProtocolClient (GrpcClientProtocolClient.java:onNext(254)) - client-43E682E1E07B->d5132e6f-def8-45c0-b0d2-c5ba43d86628: receive RaftClientReply:client-43E682E1E07B->d5132e6f-def8-45c0-b0d2-c5ba43d86628@group-C29775A8E805, cid=2434, SUCCESS, logIndex=4244, commits[d5132e6f-def8-45c0-b0d2-c5ba43d86628:c4244]
2019-06-13 22:26:53,117 INFO  storage.RaftLogWorker (RaftLogWorker.java:execute(469)) - d5132e6f-def8-45c0-b0d2-c5ba43d86628-RaftLogWorker: created new log segment /opt/src/hadoop-ozone/integration-test/target/test-dir/MiniOzoneClusterImpl-e9ea07bb-4900-4b53-96c1-68f0ab556a80/datanode-0/data/ratis/c7035dd3-cd4a-42fb-880d-c29775a8e805/current/log_inprogress_4245
2019-06-13 22:26:53,118 INFO  client.GrpcClientProtocolClient (GrpcClientProtocolClient.java:onNext(254)) - client-43E682E1E07B->d5132e6f-def8-45c0-b0d2-c5ba43d86628: receive RaftClientReply:client-43E682E1E07B->d5132e6f-def8-45c0-b0d2-c5ba43d86628@group-C29775A8E805, cid=2435, SUCCESS, logIndex=4245, commits[d5132e6f-def8-45c0-b0d2-c5ba43d86628:c4247]
2019-06-13 22:26:53,119 INFO  client.GrpcClientProtocolClient (GrpcClientProtocolClient.java:onNext(254)) - client-43E682E1E07B->d5132e6f-def8-45c0-b0d2-c5ba43d86628: receive RaftClientReply:client-43E682E1E07B->d5132e6f-def8-45c0-b0d2-c5ba43d86628@group-C29775A8E805, cid=2436, SUCCESS, logIndex=4246, commits[d5132e6f-def8-45c0-b0d2-c5ba43d86628:c4247]
2019-06-13 22:26:53,124 INFO  client.GrpcClientProtocolClient (GrpcClientProtocolClient.java:onNext(254)) - client-43E682E1E07B->d5132e6f-def8-45c0-b0d2-c5ba43d86628: receive RaftClientReply:client-43E682E1E07B->d5132e6f-def8-45c0-b0d2-c5ba43d86628@group-C29775A8E805, cid=2437, SUCCESS, logIndex=4248, commits[d5132e6f-def8-45c0-b0d2-c5ba43d86628:c4248]
2019-06-13 22:26:53,126 INFO  client.GrpcClientProtocolClient (GrpcClientProtocolClient.java:onNext(254)) - client-43E682E1E07B->d5132e6f-def8-45c0-b0d2-c5ba43d86628: receive RaftClientReply:client-43E682E1E07B->d5132e6f-def8-45c0-b0d2-c5ba43d86628@group-C29775A8E805, cid=2438, SUCCESS, logIndex=4250, commits[d5132e6f-def8-45c0-b0d2-c5ba43d86628:c4250]
2019-06-13 22:26:53,127 INFO  client.GrpcClientProtocolClient (GrpcClientProtocolClient.java:onNext(254)) - client-43E682E1E07B->d5132e6f-def8-45c0-b0d2-c5ba43d86628: receive RaftClientReply:client-43E682E1E07B->d5132e6f-def8-45c0-b0d2-c5ba43d86628@group-C29775A8E805, cid=2439, SUCCESS, logIndex=4251, commits[d5132e6f-def8-45c0-b0d2-c5ba43d86628:c4253]
2019-06-13 22:26:53,127 INFO  client.GrpcClientProtocolClient (GrpcClientProtocolClient.java:onNext(254)) - client-43E682E1E07B->d5132e6f-def8-45c0-b0d2-c5ba43d86628: receive RaftClientReply:client-43E682E1E07B->d5132e6f-def8-45c0-b0d2-c5ba43d86628@group-C29775A8E805, cid=2440, SUCCESS, logIndex=4252, commits[d5132e6f-def8-45c0-b0d2-c5ba43d86628:c4253]
2019-06-13 22:26:53,139 DEBUG block.SCMBlockDeletingService (SCMBlockDeletingService.java:call(138)) - Running DeletedBlockTransactionScanner
2019-06-13 22:26:53,139 DEBUG block.SCMBlockDeletingService (SCMBlockDeletingService.java:call(155)) - Scanned deleted blocks log and got 0 delTX to process.
2019-06-13 22:26:53,142 INFO  client.GrpcClientProtocolClient (GrpcClientProtocolClient.java:onNext(254)) - client-43E682E1E07B->d5132e6f-def8-45c0-b0d2-c5ba43d86628: receive RaftClientReply:client-43E682E1E07B->d5132e6f-def8-45c0-b0d2-c5ba43d86628@group-C29775A8E805, cid=2441, SUCCESS, logIndex=4254, commits[d5132e6f-def8-45c0-b0d2-c5ba43d86628:c4254]
2019-06-13 22:26:53,150 INFO  client.GrpcClientProtocolClient (GrpcClientProtocolClient.java:onNext(254)) - client-43E682E1E07B->d5132e6f-def8-45c0-b0d2-c5ba43d86628: receive RaftClientReply:client-43E682E1E07B->d5132e6f-def8-45c0-b0d2-c5ba43d86628@group-C29775A8E805, cid=2442, SUCCESS, logIndex=4256, commits[d5132e6f-def8-45c0-b0d2-c5ba43d86628:c4256]
2019-06-13 22:26:53,162 INFO  client.GrpcClientProtocolClient (GrpcClientProtocolClient.java:onNext(254)) - client-43E682E1E07B->d5132e6f-def8-45c0-b0d2-c5ba43d86628: receive RaftClientReply:client-43E682E1E07B->d5132e6f-def8-45c0-b0d2-c5ba43d86628@group-C29775A8E805, cid=2443, SUCCESS, logIndex=4257, commits[d5132e6f-def8-45c0-b0d2-c5ba43d86628:c4259]
2019-06-13 22:26:53,163 INFO  client.GrpcClientProtocolClient (GrpcClientProtocolClient.java:onNext(254)) - client-43E682E1E07B->d5132e6f-def8-45c0-b0d2-c5ba43d86628: receive RaftClientReply:client-43E682E1E07B->d5132e6f-def8-45c0-b0d2-c5ba43d86628@group-C29775A8E805, cid=2444, SUCCESS, logIndex=4258, commits[d5132e6f-def8-45c0-b0d2-c5ba43d86628:c4259]
2019-06-13 22:26:53,179 INFO  client.GrpcClientProtocolClient (GrpcClientProtocolClient.java:onNext(254)) - client-43E682E1E07B->d5132e6f-def8-45c0-b0d2-c5ba43d86628: receive RaftClientReply:client-43E682E1E07B->d5132e6f-def8-45c0-b0d2-c5ba43d86628@group-C29775A8E805, cid=2445, SUCCESS, logIndex=4260, commits[d5132e6f-def8-45c0-b0d2-c5ba43d86628:c4260]
2019-06-13 22:26:53,182 INFO  client.GrpcClientProtocolClient (GrpcClientProtocolClient.java:onNext(254)) - client-43E682E1E07B->d5132e6f-def8-45c0-b0d2-c5ba43d86628: receive RaftClientReply:client-43E682E1E07B->d5132e6f-def8-45c0-b0d2-c5ba43d86628@group-C29775A8E805, cid=2446, SUCCESS, logIndex=4262, commits[d5132e6f-def8-45c0-b0d2-c5ba43d86628:c4262]
2019-06-13 22:26:53,192 INFO  client.GrpcClientProtocolClient (GrpcClientProtocolClient.java:onNext(254)) - client-43E682E1E07B->d5132e6f-def8-45c0-b0d2-c5ba43d86628: receive RaftClientReply:client-43E682E1E07B->d5132e6f-def8-45c0-b0d2-c5ba43d86628@group-C29775A8E805, cid=2447, SUCCESS, logIndex=4263, commits[d5132e6f-def8-45c0-b0d2-c5ba43d86628:c4265]
2019-06-13 22:26:53,193 INFO  client.GrpcClientProtocolClient (GrpcClientProtocolClient.java:onNext(254)) - client-43E682E1E07B->d5132e6f-def8-45c0-b0d2-c5ba43d86628: receive RaftClientReply:client-43E682E1E07B->d5132e6f-def8-45c0-b0d2-c5ba43d86628@group-C29775A8E805, cid=2448, SUCCESS, logIndex=4264, commits[d5132e6f-def8-45c0-b0d2-c5ba43d86628:c4265]
2019-06-13 22:26:53,206 INFO  client.GrpcClientProtocolClient (GrpcClientProtocolClient.java:onNext(254)) - client-43E682E1E07B->d5132e6f-def8-45c0-b0d2-c5ba43d86628: receive RaftClientReply:client-43E682E1E07B->d5132e6f-def8-45c0-b0d2-c5ba43d86628@group-C29775A8E805, cid=2449, SUCCESS, logIndex=4266, commits[d5132e6f-def8-45c0-b0d2-c5ba43d86628:c4266]
2019-06-13 22:26:53,213 INFO  client.GrpcClientProtocolClient (GrpcClientProtocolClient.java:onNext(254)) - client-43E682E1E07B->d5132e6f-def8-45c0-b0d2-c5ba43d86628: receive RaftClientReply:client-43E682E1E07B->d5132e6f-def8-45c0-b0d2-c5ba43d86628@group-C29775A8E805, cid=2450, SUCCESS, logIndex=4268, commits[d5132e6f-def8-45c0-b0d2-c5ba43d86628:c4268]
2019-06-13 22:26:53,214 INFO  client.GrpcClientProtocolClient (GrpcClientProtocolClient.java:onNext(254)) - client-43E682E1E07B->d5132e6f-def8-45c0-b0d2-c5ba43d86628: receive RaftClientReply:client-43E682E1E07B->d5132e6f-def8-45c0-b0d2-c5ba43d86628@group-C29775A8E805, cid=2451, SUCCESS, logIndex=4270, commits[d5132e6f-def8-45c0-b0d2-c5ba43d86628:c4270]
2019-06-13 22:26:53,214 INFO  client.GrpcClientProtocolClient (GrpcClientProtocolClient.java:onNext(254)) - client-43E682E1E07B->d5132e6f-def8-45c0-b0d2-c5ba43d86628: receive RaftClientReply:client-43E682E1E07B->d5132e6f-def8-45c0-b0d2-c5ba43d86628@group-C29775A8E805, cid=2452, SUCCESS, logIndex=4271, commits[d5132e6f-def8-45c0-b0d2-c5ba43d86628:c4271]
2019-06-13 22:26:53,222 INFO  client.GrpcClientProtocolClient (GrpcClientProtocolClient.java:onNext(254)) - client-43E682E1E07B->d5132e6f-def8-45c0-b0d2-c5ba43d86628: receive RaftClientReply:client-43E682E1E07B->d5132e6f-def8-45c0-b0d2-c5ba43d86628@group-C29775A8E805, cid=2453, SUCCESS, logIndex=4274, commits[d5132e6f-def8-45c0-b0d2-c5ba43d86628:c4274]
2019-06-13 22:26:53,223 INFO  client.GrpcClientProtocolClient (GrpcClientProtocolClient.java:onNext(254)) - client-43E682E1E07B->d5132e6f-def8-45c0-b0d2-c5ba43d86628: receive RaftClientReply:client-43E682E1E07B->d5132e6f-def8-45c0-b0d2-c5ba43d86628@group-C29775A8E805, cid=2454, SUCCESS, logIndex=4276, commits[d5132e6f-def8-45c0-b0d2-c5ba43d86628:c4276]
2019-06-13 22:26:53,228 INFO  client.GrpcClientProtocolClient (GrpcClientProtocolClient.java:onNext(254)) - client-43E682E1E07B->d5132e6f-def8-45c0-b0d2-c5ba43d86628: receive RaftClientReply:client-43E682E1E07B->d5132e6f-def8-45c0-b0d2-c5ba43d86628@group-C29775A8E805, cid=2455, SUCCESS, logIndex=4278, commits[d5132e6f-def8-45c0-b0d2-c5ba43d86628:c4278]
2019-06-13 22:26:53,231 INFO  client.GrpcClientProtocolClient (GrpcClientProtocolClient.java:onNext(254)) - client-43E682E1E07B->d5132e6f-def8-45c0-b0d2-c5ba43d86628: receive RaftClientReply:client-43E682E1E07B->d5132e6f-def8-45c0-b0d2-c5ba43d86628@group-C29775A8E805, cid=2456, SUCCESS, logIndex=4280, commits[d5132e6f-def8-45c0-b0d2-c5ba43d86628:c4280]
2019-06-13 22:26:53,241 DEBUG block.SCMBlockDeletingService (SCMBlockDeletingService.java:call(138)) - Running DeletedBlockTransactionScanner
2019-06-13 22:26:53,241 DEBUG block.SCMBlockDeletingService (SCMBlockDeletingService.java:call(155)) - Scanned deleted blocks log and got 0 delTX to process.
2019-06-13 22:26:53,243 INFO  client.GrpcClientProtocolClient (GrpcClientProtocolClient.java:onNext(254)) - client-43E682E1E07B->d5132e6f-def8-45c0-b0d2-c5ba43d86628: receive RaftClientReply:client-43E682E1E07B->d5132e6f-def8-45c0-b0d2-c5ba43d86628@group-C29775A8E805, cid=2457, SUCCESS, logIndex=4282, commits[d5132e6f-def8-45c0-b0d2-c5ba43d86628:c4282]
2019-06-13 22:26:53,245 INFO  client.GrpcClientProtocolClient (GrpcClientProtocolClient.java:onNext(254)) - client-43E682E1E07B->d5132e6f-def8-45c0-b0d2-c5ba43d86628: receive RaftClientReply:client-43E682E1E07B->d5132e6f-def8-45c0-b0d2-c5ba43d86628@group-C29775A8E805, cid=2458, SUCCESS, logIndex=4284, commits[d5132e6f-def8-45c0-b0d2-c5ba43d86628:c4284]
2019-06-13 22:26:53,245 INFO  client.GrpcClientProtocolClient (GrpcClientProtocolClient.java:onNext(254)) - client-43E682E1E07B->d5132e6f-def8-45c0-b0d2-c5ba43d86628: receive RaftClientReply:client-43E682E1E07B->d5132e6f-def8-45c0-b0d2-c5ba43d86628@group-C29775A8E805, cid=2459, SUCCESS, logIndex=4285, commits[d5132e6f-def8-45c0-b0d2-c5ba43d86628:c4287]
2019-06-13 22:26:53,246 INFO  client.GrpcClientProtocolClient (GrpcClientProtocolClient.java:onNext(254)) - client-43E682E1E07B->d5132e6f-def8-45c0-b0d2-c5ba43d86628: receive RaftClientReply:client-43E682E1E07B->d5132e6f-def8-45c0-b0d2-c5ba43d86628@group-C29775A8E805, cid=2460, SUCCESS, logIndex=4286, commits[d5132e6f-def8-45c0-b0d2-c5ba43d86628:c4287]
2019-06-13 22:26:53,252 INFO  client.GrpcClientProtocolClient (GrpcClientProtocolClient.java:onNext(254)) - client-43E682E1E07B->d5132e6f-def8-45c0-b0d2-c5ba43d86628: receive RaftClientReply:client-43E682E1E07B->d5132e6f-def8-45c0-b0d2-c5ba43d86628@group-C29775A8E805, cid=2461, SUCCESS, logIndex=4288, commits[d5132e6f-def8-45c0-b0d2-c5ba43d86628:c4288]
2019-06-13 22:26:53,253 INFO  client.GrpcClientProtocolClient (GrpcClientProtocolClient.java:onNext(254)) - client-43E682E1E07B->d5132e6f-def8-45c0-b0d2-c5ba43d86628: receive RaftClientReply:client-43E682E1E07B->d5132e6f-def8-45c0-b0d2-c5ba43d86628@group-C29775A8E805, cid=2462, SUCCESS, logIndex=4290, commits[d5132e6f-def8-45c0-b0d2-c5ba43d86628:c4290]
2019-06-13 22:26:53,255 INFO  client.GrpcClientProtocolClient (GrpcClientProtocolClient.java:onNext(254)) - client-43E682E1E07B->d5132e6f-def8-45c0-b0d2-c5ba43d86628: receive RaftClientReply:client-43E682E1E07B->d5132e6f-def8-45c0-b0d2-c5ba43d86628@group-C29775A8E805, cid=2463, SUCCESS, logIndex=4291, commits[d5132e6f-def8-45c0-b0d2-c5ba43d86628:c4293]
2019-06-13 22:26:53,255 INFO  client.GrpcClientProtocolClient (GrpcClientProtocolClient.java:onNext(254)) - client-43E682E1E07B->d5132e6f-def8-45c0-b0d2-c5ba43d86628: receive RaftClientReply:client-43E682E1E07B->d5132e6f-def8-45c0-b0d2-c5ba43d86628@group-C29775A8E805, cid=2464, SUCCESS, logIndex=4292, commits[d5132e6f-def8-45c0-b0d2-c5ba43d86628:c4293]
2019-06-13 22:26:53,264 INFO  client.GrpcClientProtocolClient (GrpcClientProtocolClient.java:onNext(254)) - client-43E682E1E07B->d5132e6f-def8-45c0-b0d2-c5ba43d86628: receive RaftClientReply:client-43E682E1E07B->d5132e6f-def8-45c0-b0d2-c5ba43d86628@group-C29775A8E805, cid=2465, SUCCESS, logIndex=4294, commits[d5132e6f-def8-45c0-b0d2-c5ba43d86628:c4294]
2019-06-13 22:26:53,266 INFO  client.GrpcClientProtocolClient (GrpcClientProtocolClient.java:onNext(254)) - client-43E682E1E07B->d5132e6f-def8-45c0-b0d2-c5ba43d86628: receive RaftClientReply:client-43E682E1E07B->d5132e6f-def8-45c0-b0d2-c5ba43d86628@group-C29775A8E805, cid=2466, SUCCESS, logIndex=4296, commits[d5132e6f-def8-45c0-b0d2-c5ba43d86628:c4296]
2019-06-13 22:26:53,267 INFO  client.GrpcClientProtocolClient (GrpcClientProtocolClient.java:onNext(254)) - client-43E682E1E07B->d5132e6f-def8-45c0-b0d2-c5ba43d86628: receive RaftClientReply:client-43E682E1E07B->d5132e6f-def8-45c0-b0d2-c5ba43d86628@group-C29775A8E805, cid=2467, SUCCESS, logIndex=4297, commits[d5132e6f-def8-45c0-b0d2-c5ba43d86628:c4299]
2019-06-13 22:26:53,267 INFO  client.GrpcClientProtocolClient (GrpcClientProtocolClient.java:onNext(254)) - client-43E682E1E07B->d5132e6f-def8-45c0-b0d2-c5ba43d86628: receive RaftClientReply:client-43E682E1E07B->d5132e6f-def8-45c0-b0d2-c5ba43d86628@group-C29775A8E805, cid=2468, SUCCESS, logIndex=4298, commits[d5132e6f-def8-45c0-b0d2-c5ba43d86628:c4299]
2019-06-13 22:26:53,273 INFO  client.GrpcClientProtocolClient (GrpcClientProtocolClient.java:onNext(254)) - client-43E682E1E07B->d5132e6f-def8-45c0-b0d2-c5ba43d86628: receive RaftClientReply:client-43E682E1E07B->d5132e6f-def8-45c0-b0d2-c5ba43d86628@group-C29775A8E805, cid=2469, SUCCESS, logIndex=4300, commits[d5132e6f-def8-45c0-b0d2-c5ba43d86628:c4300]
2019-06-13 22:26:53,274 INFO  client.GrpcClientProtocolClient (GrpcClientProtocolClient.java:onNext(254)) - client-43E682E1E07B->d5132e6f-def8-45c0-b0d2-c5ba43d86628: receive RaftClientReply:client-43E682E1E07B->d5132e6f-def8-45c0-b0d2-c5ba43d86628@group-C29775A8E805, cid=2470, SUCCESS, logIndex=4302, commits[d5132e6f-def8-45c0-b0d2-c5ba43d86628:c4302]
2019-06-13 22:26:53,275 INFO  client.GrpcClientProtocolClient (GrpcClientProtocolClient.java:onNext(254)) - client-43E682E1E07B->d5132e6f-def8-45c0-b0d2-c5ba43d86628: receive RaftClientReply:client-43E682E1E07B->d5132e6f-def8-45c0-b0d2-c5ba43d86628@group-C29775A8E805, cid=2471, SUCCESS, logIndex=4303, commits[d5132e6f-def8-45c0-b0d2-c5ba43d86628:c4305]
2019-06-13 22:26:53,276 INFO  client.GrpcClientProtocolClient (GrpcClientProtocolClient.java:onNext(254)) - client-43E682E1E07B->d5132e6f-def8-45c0-b0d2-c5ba43d86628: receive RaftClientReply:client-43E682E1E07B->d5132e6f-def8-45c0-b0d2-c5ba43d86628@group-C29775A8E805, cid=2472, SUCCESS, logIndex=4304, commits[d5132e6f-def8-45c0-b0d2-c5ba43d86628:c4305]
2019-06-13 22:26:53,295 INFO  client.GrpcClientProtocolClient (GrpcClientProtocolClient.java:onNext(254)) - client-43E682E1E07B->d5132e6f-def8-45c0-b0d2-c5ba43d86628: receive RaftClientReply:client-43E682E1E07B->d5132e6f-def8-45c0-b0d2-c5ba43d86628@group-C29775A8E805, cid=2473, SUCCESS, logIndex=4306, commits[d5132e6f-def8-45c0-b0d2-c5ba43d86628:c4306]
2019-06-13 22:26:53,296 INFO  client.GrpcClientProtocolClient (GrpcClientProtocolClient.java:onNext(254)) - client-43E682E1E07B->d5132e6f-def8-45c0-b0d2-c5ba43d86628: receive RaftClientReply:client-43E682E1E07B->d5132e6f-def8-45c0-b0d2-c5ba43d86628@group-C29775A8E805, cid=2474, SUCCESS, logIndex=4308, commits[d5132e6f-def8-45c0-b0d2-c5ba43d86628:c4308]
2019-06-13 22:26:53,342 DEBUG block.SCMBlockDeletingService (SCMBlockDeletingService.java:call(138)) - Running DeletedBlockTransactionScanner
2019-06-13 22:26:53,342 DEBUG block.SCMBlockDeletingService (SCMBlockDeletingService.java:call(155)) - Scanned deleted blocks log and got 0 delTX to process.
2019-06-13 22:26:53,368 INFO  client.GrpcClientProtocolClient (GrpcClientProtocolClient.java:onNext(254)) - client-43E682E1E07B->d5132e6f-def8-45c0-b0d2-c5ba43d86628: receive RaftClientReply:client-43E682E1E07B->d5132e6f-def8-45c0-b0d2-c5ba43d86628@group-C29775A8E805, cid=2475, SUCCESS, logIndex=4310, commits[d5132e6f-def8-45c0-b0d2-c5ba43d86628:c4310]
2019-06-13 22:26:53,370 INFO  client.GrpcClientProtocolClient (GrpcClientProtocolClient.java:onNext(254)) - client-43E682E1E07B->d5132e6f-def8-45c0-b0d2-c5ba43d86628: receive RaftClientReply:client-43E682E1E07B->d5132e6f-def8-45c0-b0d2-c5ba43d86628@group-C29775A8E805, cid=2476, SUCCESS, logIndex=4312, commits[d5132e6f-def8-45c0-b0d2-c5ba43d86628:c4312]
2019-06-13 22:26:53,376 INFO  storage.RaftLogWorker (RaftLogWorker.java:rollLogSegment(303)) - d5132e6f-def8-45c0-b0d2-c5ba43d86628-RaftLogWorker: Rolling segment log-4245_4315 to index:4315
2019-06-13 22:26:53,376 INFO  client.GrpcClientProtocolClient (GrpcClientProtocolClient.java:onNext(254)) - client-43E682E1E07B->d5132e6f-def8-45c0-b0d2-c5ba43d86628: receive RaftClientReply:client-43E682E1E07B->d5132e6f-def8-45c0-b0d2-c5ba43d86628@group-C29775A8E805, cid=2477, SUCCESS, logIndex=4314, commits[d5132e6f-def8-45c0-b0d2-c5ba43d86628:c4315]
2019-06-13 22:26:53,376 INFO  storage.RaftLogWorker (RaftLogWorker.java:execute(433)) - d5132e6f-def8-45c0-b0d2-c5ba43d86628-RaftLogWorker: Rolled log segment from /opt/src/hadoop-ozone/integration-test/target/test-dir/MiniOzoneClusterImpl-e9ea07bb-4900-4b53-96c1-68f0ab556a80/datanode-0/data/ratis/c7035dd3-cd4a-42fb-880d-c29775a8e805/current/log_inprogress_4245 to /opt/src/hadoop-ozone/integration-test/target/test-dir/MiniOzoneClusterImpl-e9ea07bb-4900-4b53-96c1-68f0ab556a80/datanode-0/data/ratis/c7035dd3-cd4a-42fb-880d-c29775a8e805/current/log_4245-4315
2019-06-13 22:26:53,418 INFO  storage.RaftLogWorker (RaftLogWorker.java:execute(469)) - d5132e6f-def8-45c0-b0d2-c5ba43d86628-RaftLogWorker: created new log segment /opt/src/hadoop-ozone/integration-test/target/test-dir/MiniOzoneClusterImpl-e9ea07bb-4900-4b53-96c1-68f0ab556a80/datanode-0/data/ratis/c7035dd3-cd4a-42fb-880d-c29775a8e805/current/log_inprogress_4316
2019-06-13 22:26:53,421 INFO  client.GrpcClientProtocolClient (GrpcClientProtocolClient.java:onNext(254)) - client-43E682E1E07B->d5132e6f-def8-45c0-b0d2-c5ba43d86628: receive RaftClientReply:client-43E682E1E07B->d5132e6f-def8-45c0-b0d2-c5ba43d86628@group-C29775A8E805, cid=2478, SUCCESS, logIndex=4316, commits[d5132e6f-def8-45c0-b0d2-c5ba43d86628:c4318]
2019-06-13 22:26:53,421 INFO  client.GrpcClientProtocolClient (GrpcClientProtocolClient.java:onNext(254)) - client-43E682E1E07B->d5132e6f-def8-45c0-b0d2-c5ba43d86628: receive RaftClientReply:client-43E682E1E07B->d5132e6f-def8-45c0-b0d2-c5ba43d86628@group-C29775A8E805, cid=2479, SUCCESS, logIndex=4317, commits[d5132e6f-def8-45c0-b0d2-c5ba43d86628:c4319]
2019-06-13 22:26:53,422 INFO  client.GrpcClientProtocolClient (GrpcClientProtocolClient.java:onNext(254)) - client-43E682E1E07B->d5132e6f-def8-45c0-b0d2-c5ba43d86628: receive RaftClientReply:client-43E682E1E07B->d5132e6f-def8-45c0-b0d2-c5ba43d86628@group-C29775A8E805, cid=2480, SUCCESS, logIndex=4318, commits[d5132e6f-def8-45c0-b0d2-c5ba43d86628:c4319]
2019-06-13 22:26:53,472 DEBUG block.SCMBlockDeletingService (SCMBlockDeletingService.java:call(138)) - Running DeletedBlockTransactionScanner
2019-06-13 22:26:53,472 DEBUG block.SCMBlockDeletingService (SCMBlockDeletingService.java:call(155)) - Scanned deleted blocks log and got 0 delTX to process.
2019-06-13 22:26:53,479 INFO  client.GrpcClientProtocolClient (GrpcClientProtocolClient.java:onNext(254)) - client-43E682E1E07B->d5132e6f-def8-45c0-b0d2-c5ba43d86628: receive RaftClientReply:client-43E682E1E07B->d5132e6f-def8-45c0-b0d2-c5ba43d86628@group-C29775A8E805, cid=2481, SUCCESS, logIndex=4320, commits[d5132e6f-def8-45c0-b0d2-c5ba43d86628:c4320]
2019-06-13 22:26:53,481 INFO  client.GrpcClientProtocolClient (GrpcClientProtocolClient.java:onNext(254)) - client-43E682E1E07B->d5132e6f-def8-45c0-b0d2-c5ba43d86628: receive RaftClientReply:client-43E682E1E07B->d5132e6f-def8-45c0-b0d2-c5ba43d86628@group-C29775A8E805, cid=2482, SUCCESS, logIndex=4322, commits[d5132e6f-def8-45c0-b0d2-c5ba43d86628:c4322]
2019-06-13 22:26:53,482 INFO  client.GrpcClientProtocolClient (GrpcClientProtocolClient.java:onNext(254)) - client-43E682E1E07B->d5132e6f-def8-45c0-b0d2-c5ba43d86628: receive RaftClientReply:client-43E682E1E07B->d5132e6f-def8-45c0-b0d2-c5ba43d86628@group-C29775A8E805, cid=2483, SUCCESS, logIndex=4323, commits[d5132e6f-def8-45c0-b0d2-c5ba43d86628:c4325]
2019-06-13 22:26:53,483 INFO  client.GrpcClientProtocolClient (GrpcClientProtocolClient.java:onNext(254)) - client-43E682E1E07B->d5132e6f-def8-45c0-b0d2-c5ba43d86628: receive RaftClientReply:client-43E682E1E07B->d5132e6f-def8-45c0-b0d2-c5ba43d86628@group-C29775A8E805, cid=2484, SUCCESS, logIndex=4324, commits[d5132e6f-def8-45c0-b0d2-c5ba43d86628:c4325]
2019-06-13 22:26:53,492 INFO  client.GrpcClientProtocolClient (GrpcClientProtocolClient.java:onNext(254)) - client-43E682E1E07B->d5132e6f-def8-45c0-b0d2-c5ba43d86628: receive RaftClientReply:client-43E682E1E07B->d5132e6f-def8-45c0-b0d2-c5ba43d86628@group-C29775A8E805, cid=2485, SUCCESS, logIndex=4326, commits[d5132e6f-def8-45c0-b0d2-c5ba43d86628:c4326]
2019-06-13 22:26:53,495 INFO  client.GrpcClientProtocolClient (GrpcClientProtocolClient.java:onNext(254)) - client-43E682E1E07B->d5132e6f-def8-45c0-b0d2-c5ba43d86628: receive RaftClientReply:client-43E682E1E07B->d5132e6f-def8-45c0-b0d2-c5ba43d86628@group-C29775A8E805, cid=2486, SUCCESS, logIndex=4328, commits[d5132e6f-def8-45c0-b0d2-c5ba43d86628:c4328]
2019-06-13 22:26:53,495 INFO  client.GrpcClientProtocolClient (GrpcClientProtocolClient.java:onNext(254)) - client-43E682E1E07B->d5132e6f-def8-45c0-b0d2-c5ba43d86628: receive RaftClientReply:client-43E682E1E07B->d5132e6f-def8-45c0-b0d2-c5ba43d86628@group-C29775A8E805, cid=2487, SUCCESS, logIndex=4329, commits[d5132e6f-def8-45c0-b0d2-c5ba43d86628:c4329]
2019-06-13 22:26:53,496 INFO  client.GrpcClientProtocolClient (GrpcClientProtocolClient.java:onNext(254)) - client-43E682E1E07B->d5132e6f-def8-45c0-b0d2-c5ba43d86628: receive RaftClientReply:client-43E682E1E07B->d5132e6f-def8-45c0-b0d2-c5ba43d86628@group-C29775A8E805, cid=2488, SUCCESS, logIndex=4332, commits[d5132e6f-def8-45c0-b0d2-c5ba43d86628:c4332]
2019-06-13 22:26:53,507 INFO  client.GrpcClientProtocolClient (GrpcClientProtocolClient.java:onNext(254)) - client-43E682E1E07B->d5132e6f-def8-45c0-b0d2-c5ba43d86628: receive RaftClientReply:client-43E682E1E07B->d5132e6f-def8-45c0-b0d2-c5ba43d86628@group-C29775A8E805, cid=2489, SUCCESS, logIndex=4334, commits[d5132e6f-def8-45c0-b0d2-c5ba43d86628:c4334]
2019-06-13 22:26:53,509 INFO  client.GrpcClientProtocolClient (GrpcClientProtocolClient.java:onNext(254)) - client-43E682E1E07B->d5132e6f-def8-45c0-b0d2-c5ba43d86628: receive RaftClientReply:client-43E682E1E07B->d5132e6f-def8-45c0-b0d2-c5ba43d86628@group-C29775A8E805, cid=2490, SUCCESS, logIndex=4336, commits[d5132e6f-def8-45c0-b0d2-c5ba43d86628:c4336]
2019-06-13 22:26:53,509 INFO  client.GrpcClientProtocolClient (GrpcClientProtocolClient.java:onNext(254)) - client-43E682E1E07B->d5132e6f-def8-45c0-b0d2-c5ba43d86628: receive RaftClientReply:client-43E682E1E07B->d5132e6f-def8-45c0-b0d2-c5ba43d86628@group-C29775A8E805, cid=2491, SUCCESS, logIndex=4337, commits[d5132e6f-def8-45c0-b0d2-c5ba43d86628:c4337]
2019-06-13 22:26:53,510 INFO  client.GrpcClientProtocolClient (GrpcClientProtocolClient.java:onNext(254)) - client-43E682E1E07B->d5132e6f-def8-45c0-b0d2-c5ba43d86628: receive RaftClientReply:client-43E682E1E07B->d5132e6f-def8-45c0-b0d2-c5ba43d86628@group-C29775A8E805, cid=2492, SUCCESS, logIndex=4339, commits[d5132e6f-def8-45c0-b0d2-c5ba43d86628:c4339]
2019-06-13 22:26:53,517 INFO  client.GrpcClientProtocolClient (GrpcClientProtocolClient.java:onNext(254)) - client-43E682E1E07B->d5132e6f-def8-45c0-b0d2-c5ba43d86628: receive RaftClientReply:client-43E682E1E07B->d5132e6f-def8-45c0-b0d2-c5ba43d86628@group-C29775A8E805, cid=2493, SUCCESS, logIndex=4342, commits[d5132e6f-def8-45c0-b0d2-c5ba43d86628:c4342]
2019-06-13 22:26:53,519 INFO  client.GrpcClientProtocolClient (GrpcClientProtocolClient.java:onNext(254)) - client-43E682E1E07B->d5132e6f-def8-45c0-b0d2-c5ba43d86628: receive RaftClientReply:client-43E682E1E07B->d5132e6f-def8-45c0-b0d2-c5ba43d86628@group-C29775A8E805, cid=2494, SUCCESS, logIndex=4344, commits[d5132e6f-def8-45c0-b0d2-c5ba43d86628:c4344]
2019-06-13 22:26:53,520 INFO  client.GrpcClientProtocolClient (GrpcClientProtocolClient.java:onNext(254)) - client-43E682E1E07B->d5132e6f-def8-45c0-b0d2-c5ba43d86628: receive RaftClientReply:client-43E682E1E07B->d5132e6f-def8-45c0-b0d2-c5ba43d86628@group-C29775A8E805, cid=2495, SUCCESS, logIndex=4345, commits[d5132e6f-def8-45c0-b0d2-c5ba43d86628:c4345]
2019-06-13 22:26:53,521 INFO  client.GrpcClientProtocolClient (GrpcClientProtocolClient.java:onNext(254)) - client-43E682E1E07B->d5132e6f-def8-45c0-b0d2-c5ba43d86628: receive RaftClientReply:client-43E682E1E07B->d5132e6f-def8-45c0-b0d2-c5ba43d86628@group-C29775A8E805, cid=2496, SUCCESS, logIndex=4348, commits[d5132e6f-def8-45c0-b0d2-c5ba43d86628:c4348]
2019-06-13 22:26:53,533 INFO  client.GrpcClientProtocolClient (GrpcClientProtocolClient.java:onNext(254)) - client-43E682E1E07B->d5132e6f-def8-45c0-b0d2-c5ba43d86628: receive RaftClientReply:client-43E682E1E07B->d5132e6f-def8-45c0-b0d2-c5ba43d86628@group-C29775A8E805, cid=2497, SUCCESS, logIndex=4350, commits[d5132e6f-def8-45c0-b0d2-c5ba43d86628:c4350]
2019-06-13 22:26:53,545 INFO  client.GrpcClientProtocolClient (GrpcClientProtocolClient.java:onNext(254)) - client-43E682E1E07B->d5132e6f-def8-45c0-b0d2-c5ba43d86628: receive RaftClientReply:client-43E682E1E07B->d5132e6f-def8-45c0-b0d2-c5ba43d86628@group-C29775A8E805, cid=2498, SUCCESS, logIndex=4352, commits[d5132e6f-def8-45c0-b0d2-c5ba43d86628:c4352]
2019-06-13 22:26:53,551 INFO  client.GrpcClientProtocolClient (GrpcClientProtocolClient.java:onNext(254)) - client-43E682E1E07B->d5132e6f-def8-45c0-b0d2-c5ba43d86628: receive RaftClientReply:client-43E682E1E07B->d5132e6f-def8-45c0-b0d2-c5ba43d86628@group-C29775A8E805, cid=2499, SUCCESS, logIndex=4353, commits[d5132e6f-def8-45c0-b0d2-c5ba43d86628:c4355]
2019-06-13 22:26:53,552 INFO  client.GrpcClientProtocolClient (GrpcClientProtocolClient.java:onNext(254)) - client-43E682E1E07B->d5132e6f-def8-45c0-b0d2-c5ba43d86628: receive RaftClientReply:client-43E682E1E07B->d5132e6f-def8-45c0-b0d2-c5ba43d86628@group-C29775A8E805, cid=2500, SUCCESS, logIndex=4354, commits[d5132e6f-def8-45c0-b0d2-c5ba43d86628:c4355]
2019-06-13 22:26:53,560 INFO  client.GrpcClientProtocolClient (GrpcClientProtocolClient.java:onNext(254)) - client-43E682E1E07B->d5132e6f-def8-45c0-b0d2-c5ba43d86628: receive RaftClientReply:client-43E682E1E07B->d5132e6f-def8-45c0-b0d2-c5ba43d86628@group-C29775A8E805, cid=2501, SUCCESS, logIndex=4356, commits[d5132e6f-def8-45c0-b0d2-c5ba43d86628:c4356]
2019-06-13 22:26:53,562 INFO  client.GrpcClientProtocolClient (GrpcClientProtocolClient.java:onNext(254)) - client-43E682E1E07B->d5132e6f-def8-45c0-b0d2-c5ba43d86628: receive RaftClientReply:client-43E682E1E07B->d5132e6f-def8-45c0-b0d2-c5ba43d86628@group-C29775A8E805, cid=2502, SUCCESS, logIndex=4358, commits[d5132e6f-def8-45c0-b0d2-c5ba43d86628:c4358]
2019-06-13 22:26:53,563 INFO  client.GrpcClientProtocolClient (GrpcClientProtocolClient.java:onNext(254)) - client-43E682E1E07B->d5132e6f-def8-45c0-b0d2-c5ba43d86628: receive RaftClientReply:client-43E682E1E07B->d5132e6f-def8-45c0-b0d2-c5ba43d86628@group-C29775A8E805, cid=2503, SUCCESS, logIndex=4359, commits[d5132e6f-def8-45c0-b0d2-c5ba43d86628:c4360]
2019-06-13 22:26:53,564 INFO  client.GrpcClientProtocolClient (GrpcClientProtocolClient.java:onNext(254)) - client-43E682E1E07B->d5132e6f-def8-45c0-b0d2-c5ba43d86628: receive RaftClientReply:client-43E682E1E07B->d5132e6f-def8-45c0-b0d2-c5ba43d86628@group-C29775A8E805, cid=2504, SUCCESS, logIndex=4360, commits[d5132e6f-def8-45c0-b0d2-c5ba43d86628:c4360]
2019-06-13 22:26:53,574 DEBUG block.SCMBlockDeletingService (SCMBlockDeletingService.java:call(138)) - Running DeletedBlockTransactionScanner
2019-06-13 22:26:53,575 DEBUG block.SCMBlockDeletingService (SCMBlockDeletingService.java:call(155)) - Scanned deleted blocks log and got 0 delTX to process.
2019-06-13 22:26:53,579 INFO  client.GrpcClientProtocolClient (GrpcClientProtocolClient.java:onNext(254)) - client-43E682E1E07B->d5132e6f-def8-45c0-b0d2-c5ba43d86628: receive RaftClientReply:client-43E682E1E07B->d5132e6f-def8-45c0-b0d2-c5ba43d86628@group-C29775A8E805, cid=2505, SUCCESS, logIndex=4363, commits[d5132e6f-def8-45c0-b0d2-c5ba43d86628:c4363]
2019-06-13 22:26:53,580 INFO  client.GrpcClientProtocolClient (GrpcClientProtocolClient.java:onNext(254)) - client-43E682E1E07B->d5132e6f-def8-45c0-b0d2-c5ba43d86628: receive RaftClientReply:client-43E682E1E07B->d5132e6f-def8-45c0-b0d2-c5ba43d86628@group-C29775A8E805, cid=2506, SUCCESS, logIndex=4365, commits[d5132e6f-def8-45c0-b0d2-c5ba43d86628:c4365]
2019-06-13 22:26:53,582 INFO  client.GrpcClientProtocolClient (GrpcClientProtocolClient.java:onNext(254)) - client-43E682E1E07B->d5132e6f-def8-45c0-b0d2-c5ba43d86628: receive RaftClientReply:client-43E682E1E07B->d5132e6f-def8-45c0-b0d2-c5ba43d86628@group-C29775A8E805, cid=2507, SUCCESS, logIndex=4366, commits[d5132e6f-def8-45c0-b0d2-c5ba43d86628:c4368]
2019-06-13 22:26:53,582 INFO  client.GrpcClientProtocolClient (GrpcClientProtocolClient.java:onNext(254)) - client-43E682E1E07B->d5132e6f-def8-45c0-b0d2-c5ba43d86628: receive RaftClientReply:client-43E682E1E07B->d5132e6f-def8-45c0-b0d2-c5ba43d86628@group-C29775A8E805, cid=2508, SUCCESS, logIndex=4368, commits[d5132e6f-def8-45c0-b0d2-c5ba43d86628:c4368]
2019-06-13 22:26:53,588 INFO  client.GrpcClientProtocolClient (GrpcClientProtocolClient.java:onNext(254)) - client-43E682E1E07B->d5132e6f-def8-45c0-b0d2-c5ba43d86628: receive RaftClientReply:client-43E682E1E07B->d5132e6f-def8-45c0-b0d2-c5ba43d86628@group-C29775A8E805, cid=2509, SUCCESS, logIndex=4370, commits[d5132e6f-def8-45c0-b0d2-c5ba43d86628:c4370]
2019-06-13 22:26:53,590 INFO  client.GrpcClientProtocolClient (GrpcClientProtocolClient.java:onNext(254)) - client-43E682E1E07B->d5132e6f-def8-45c0-b0d2-c5ba43d86628: receive RaftClientReply:client-43E682E1E07B->d5132e6f-def8-45c0-b0d2-c5ba43d86628@group-C29775A8E805, cid=2510, SUCCESS, logIndex=4372, commits[d5132e6f-def8-45c0-b0d2-c5ba43d86628:c4372]
2019-06-13 22:26:53,591 INFO  client.GrpcClientProtocolClient (GrpcClientProtocolClient.java:onNext(254)) - client-43E682E1E07B->d5132e6f-def8-45c0-b0d2-c5ba43d86628: receive RaftClientReply:client-43E682E1E07B->d5132e6f-def8-45c0-b0d2-c5ba43d86628@group-C29775A8E805, cid=2511, SUCCESS, logIndex=4373, commits[d5132e6f-def8-45c0-b0d2-c5ba43d86628:c4375]
2019-06-13 22:26:53,591 INFO  client.GrpcClientProtocolClient (GrpcClientProtocolClient.java:onNext(254)) - client-43E682E1E07B->d5132e6f-def8-45c0-b0d2-c5ba43d86628: receive RaftClientReply:client-43E682E1E07B->d5132e6f-def8-45c0-b0d2-c5ba43d86628@group-C29775A8E805, cid=2512, SUCCESS, logIndex=4374, commits[d5132e6f-def8-45c0-b0d2-c5ba43d86628:c4375]
2019-06-13 22:26:53,602 INFO  client.GrpcClientProtocolClient (GrpcClientProtocolClient.java:onNext(254)) - client-43E682E1E07B->d5132e6f-def8-45c0-b0d2-c5ba43d86628: receive RaftClientReply:client-43E682E1E07B->d5132e6f-def8-45c0-b0d2-c5ba43d86628@group-C29775A8E805, cid=2513, SUCCESS, logIndex=4376, commits[d5132e6f-def8-45c0-b0d2-c5ba43d86628:c4376]
2019-06-13 22:26:53,603 INFO  client.GrpcClientProtocolClient (GrpcClientProtocolClient.java:onNext(254)) - client-43E682E1E07B->d5132e6f-def8-45c0-b0d2-c5ba43d86628: receive RaftClientReply:client-43E682E1E07B->d5132e6f-def8-45c0-b0d2-c5ba43d86628@group-C29775A8E805, cid=2514, SUCCESS, logIndex=4378, commits[d5132e6f-def8-45c0-b0d2-c5ba43d86628:c4378]
2019-06-13 22:26:53,605 INFO  client.GrpcClientProtocolClient (GrpcClientProtocolClient.java:onNext(254)) - client-43E682E1E07B->d5132e6f-def8-45c0-b0d2-c5ba43d86628: receive RaftClientReply:client-43E682E1E07B->d5132e6f-def8-45c0-b0d2-c5ba43d86628@group-C29775A8E805, cid=2515, SUCCESS, logIndex=4379, commits[d5132e6f-def8-45c0-b0d2-c5ba43d86628:c4381]
2019-06-13 22:26:53,605 INFO  client.GrpcClientProtocolClient (GrpcClientProtocolClient.java:onNext(254)) - client-43E682E1E07B->d5132e6f-def8-45c0-b0d2-c5ba43d86628: receive RaftClientReply:client-43E682E1E07B->d5132e6f-def8-45c0-b0d2-c5ba43d86628@group-C29775A8E805, cid=2516, SUCCESS, logIndex=4380, commits[d5132e6f-def8-45c0-b0d2-c5ba43d86628:c4381]
2019-06-13 22:26:53,616 INFO  client.GrpcClientProtocolClient (GrpcClientProtocolClient.java:onNext(254)) - client-43E682E1E07B->d5132e6f-def8-45c0-b0d2-c5ba43d86628: receive RaftClientReply:client-43E682E1E07B->d5132e6f-def8-45c0-b0d2-c5ba43d86628@group-C29775A8E805, cid=2517, SUCCESS, logIndex=4382, commits[d5132e6f-def8-45c0-b0d2-c5ba43d86628:c4383]
2019-06-13 22:26:53,617 INFO  client.GrpcClientProtocolClient (GrpcClientProtocolClient.java:onNext(254)) - client-43E682E1E07B->d5132e6f-def8-45c0-b0d2-c5ba43d86628: receive RaftClientReply:client-43E682E1E07B->d5132e6f-def8-45c0-b0d2-c5ba43d86628@group-C29775A8E805, cid=2518, SUCCESS, logIndex=4384, commits[d5132e6f-def8-45c0-b0d2-c5ba43d86628:c4384]
2019-06-13 22:26:53,675 DEBUG block.SCMBlockDeletingService (SCMBlockDeletingService.java:call(138)) - Running DeletedBlockTransactionScanner
2019-06-13 22:26:53,675 DEBUG block.SCMBlockDeletingService (SCMBlockDeletingService.java:call(155)) - Scanned deleted blocks log and got 0 delTX to process.
2019-06-13 22:26:53,683 INFO  client.GrpcClientProtocolClient (GrpcClientProtocolClient.java:onNext(254)) - client-43E682E1E07B->d5132e6f-def8-45c0-b0d2-c5ba43d86628: receive RaftClientReply:client-43E682E1E07B->d5132e6f-def8-45c0-b0d2-c5ba43d86628@group-C29775A8E805, cid=2519, SUCCESS, logIndex=4386, commits[d5132e6f-def8-45c0-b0d2-c5ba43d86628:c4386]
2019-06-13 22:26:53,683 INFO  storage.RaftLogWorker (RaftLogWorker.java:rollLogSegment(303)) - d5132e6f-def8-45c0-b0d2-c5ba43d86628-RaftLogWorker: Rolling segment log-4316_4387 to index:4387
2019-06-13 22:26:53,684 INFO  storage.RaftLogWorker (RaftLogWorker.java:execute(433)) - d5132e6f-def8-45c0-b0d2-c5ba43d86628-RaftLogWorker: Rolled log segment from /opt/src/hadoop-ozone/integration-test/target/test-dir/MiniOzoneClusterImpl-e9ea07bb-4900-4b53-96c1-68f0ab556a80/datanode-0/data/ratis/c7035dd3-cd4a-42fb-880d-c29775a8e805/current/log_inprogress_4316 to /opt/src/hadoop-ozone/integration-test/target/test-dir/MiniOzoneClusterImpl-e9ea07bb-4900-4b53-96c1-68f0ab556a80/datanode-0/data/ratis/c7035dd3-cd4a-42fb-880d-c29775a8e805/current/log_4316-4387
2019-06-13 22:26:53,726 INFO  storage.RaftLogWorker (RaftLogWorker.java:execute(469)) - d5132e6f-def8-45c0-b0d2-c5ba43d86628-RaftLogWorker: created new log segment /opt/src/hadoop-ozone/integration-test/target/test-dir/MiniOzoneClusterImpl-e9ea07bb-4900-4b53-96c1-68f0ab556a80/datanode-0/data/ratis/c7035dd3-cd4a-42fb-880d-c29775a8e805/current/log_inprogress_4388
2019-06-13 22:26:53,728 INFO  client.GrpcClientProtocolClient (GrpcClientProtocolClient.java:onNext(254)) - client-43E682E1E07B->d5132e6f-def8-45c0-b0d2-c5ba43d86628: receive RaftClientReply:client-43E682E1E07B->d5132e6f-def8-45c0-b0d2-c5ba43d86628@group-C29775A8E805, cid=2520, SUCCESS, logIndex=4388, commits[d5132e6f-def8-45c0-b0d2-c5ba43d86628:c4388]
2019-06-13 22:26:53,741 INFO  client.GrpcClientProtocolClient (GrpcClientProtocolClient.java:onNext(254)) - client-43E682E1E07B->d5132e6f-def8-45c0-b0d2-c5ba43d86628: receive RaftClientReply:client-43E682E1E07B->d5132e6f-def8-45c0-b0d2-c5ba43d86628@group-C29775A8E805, cid=2521, SUCCESS, logIndex=4390, commits[d5132e6f-def8-45c0-b0d2-c5ba43d86628:c4390]
2019-06-13 22:26:53,743 INFO  client.GrpcClientProtocolClient (GrpcClientProtocolClient.java:onNext(254)) - client-43E682E1E07B->d5132e6f-def8-45c0-b0d2-c5ba43d86628: receive RaftClientReply:client-43E682E1E07B->d5132e6f-def8-45c0-b0d2-c5ba43d86628@group-C29775A8E805, cid=2522, SUCCESS, logIndex=4392, commits[d5132e6f-def8-45c0-b0d2-c5ba43d86628:c4392]
2019-06-13 22:26:53,743 INFO  client.GrpcClientProtocolClient (GrpcClientProtocolClient.java:onNext(254)) - client-43E682E1E07B->d5132e6f-def8-45c0-b0d2-c5ba43d86628: receive RaftClientReply:client-43E682E1E07B->d5132e6f-def8-45c0-b0d2-c5ba43d86628@group-C29775A8E805, cid=2523, SUCCESS, logIndex=4393, commits[d5132e6f-def8-45c0-b0d2-c5ba43d86628:c4393]
2019-06-13 22:26:53,744 INFO  client.GrpcClientProtocolClient (GrpcClientProtocolClient.java:onNext(254)) - client-43E682E1E07B->d5132e6f-def8-45c0-b0d2-c5ba43d86628: receive RaftClientReply:client-43E682E1E07B->d5132e6f-def8-45c0-b0d2-c5ba43d86628@group-C29775A8E805, cid=2524, SUCCESS, logIndex=4395, commits[d5132e6f-def8-45c0-b0d2-c5ba43d86628:c4395]
2019-06-13 22:26:53,749 INFO  client.GrpcClientProtocolClient (GrpcClientProtocolClient.java:onNext(254)) - client-43E682E1E07B->d5132e6f-def8-45c0-b0d2-c5ba43d86628: receive RaftClientReply:client-43E682E1E07B->d5132e6f-def8-45c0-b0d2-c5ba43d86628@group-C29775A8E805, cid=2525, SUCCESS, logIndex=4398, commits[d5132e6f-def8-45c0-b0d2-c5ba43d86628:c4398]
2019-06-13 22:26:53,751 INFO  client.GrpcClientProtocolClient (GrpcClientProtocolClient.java:onNext(254)) - client-43E682E1E07B->d5132e6f-def8-45c0-b0d2-c5ba43d86628: receive RaftClientReply:client-43E682E1E07B->d5132e6f-def8-45c0-b0d2-c5ba43d86628@group-C29775A8E805, cid=2526, SUCCESS, logIndex=4400, commits[d5132e6f-def8-45c0-b0d2-c5ba43d86628:c4400]
2019-06-13 22:26:53,752 INFO  client.GrpcClientProtocolClient (GrpcClientProtocolClient.java:onNext(254)) - client-43E682E1E07B->d5132e6f-def8-45c0-b0d2-c5ba43d86628: receive RaftClientReply:client-43E682E1E07B->d5132e6f-def8-45c0-b0d2-c5ba43d86628@group-C29775A8E805, cid=2527, SUCCESS, logIndex=4401, commits[d5132e6f-def8-45c0-b0d2-c5ba43d86628:c4403]
2019-06-13 22:26:53,752 INFO  client.GrpcClientProtocolClient (GrpcClientProtocolClient.java:onNext(254)) - client-43E682E1E07B->d5132e6f-def8-45c0-b0d2-c5ba43d86628: receive RaftClientReply:client-43E682E1E07B->d5132e6f-def8-45c0-b0d2-c5ba43d86628@group-C29775A8E805, cid=2528, SUCCESS, logIndex=4402, commits[d5132e6f-def8-45c0-b0d2-c5ba43d86628:c4403]
2019-06-13 22:26:53,763 INFO  client.GrpcClientProtocolClient (GrpcClientProtocolClient.java:onNext(254)) - client-43E682E1E07B->d5132e6f-def8-45c0-b0d2-c5ba43d86628: receive RaftClientReply:client-43E682E1E07B->d5132e6f-def8-45c0-b0d2-c5ba43d86628@group-C29775A8E805, cid=2529, SUCCESS, logIndex=4404, commits[d5132e6f-def8-45c0-b0d2-c5ba43d86628:c4404]
2019-06-13 22:26:53,765 INFO  client.GrpcClientProtocolClient (GrpcClientProtocolClient.java:onNext(254)) - client-43E682E1E07B->d5132e6f-def8-45c0-b0d2-c5ba43d86628: receive RaftClientReply:client-43E682E1E07B->d5132e6f-def8-45c0-b0d2-c5ba43d86628@group-C29775A8E805, cid=2530, SUCCESS, logIndex=4406, commits[d5132e6f-def8-45c0-b0d2-c5ba43d86628:c4406]
2019-06-13 22:26:53,766 INFO  client.GrpcClientProtocolClient (GrpcClientProtocolClient.java:onNext(254)) - client-43E682E1E07B->d5132e6f-def8-45c0-b0d2-c5ba43d86628: receive RaftClientReply:client-43E682E1E07B->d5132e6f-def8-45c0-b0d2-c5ba43d86628@group-C29775A8E805, cid=2531, SUCCESS, logIndex=4407, commits[d5132e6f-def8-45c0-b0d2-c5ba43d86628:c4409]
2019-06-13 22:26:53,766 INFO  client.GrpcClientProtocolClient (GrpcClientProtocolClient.java:onNext(254)) - client-43E682E1E07B->d5132e6f-def8-45c0-b0d2-c5ba43d86628: receive RaftClientReply:client-43E682E1E07B->d5132e6f-def8-45c0-b0d2-c5ba43d86628@group-C29775A8E805, cid=2532, SUCCESS, logIndex=4408, commits[d5132e6f-def8-45c0-b0d2-c5ba43d86628:c4409]
2019-06-13 22:26:53,772 INFO  client.GrpcClientProtocolClient (GrpcClientProtocolClient.java:onNext(254)) - client-43E682E1E07B->d5132e6f-def8-45c0-b0d2-c5ba43d86628: receive RaftClientReply:client-43E682E1E07B->d5132e6f-def8-45c0-b0d2-c5ba43d86628@group-C29775A8E805, cid=2533, SUCCESS, logIndex=4410, commits[d5132e6f-def8-45c0-b0d2-c5ba43d86628:c4410]
2019-06-13 22:26:53,774 INFO  client.GrpcClientProtocolClient (GrpcClientProtocolClient.java:onNext(254)) - client-43E682E1E07B->d5132e6f-def8-45c0-b0d2-c5ba43d86628: receive RaftClientReply:client-43E682E1E07B->d5132e6f-def8-45c0-b0d2-c5ba43d86628@group-C29775A8E805, cid=2534, SUCCESS, logIndex=4412, commits[d5132e6f-def8-45c0-b0d2-c5ba43d86628:c4412]
2019-06-13 22:26:53,775 INFO  client.GrpcClientProtocolClient (GrpcClientProtocolClient.java:onNext(254)) - client-43E682E1E07B->d5132e6f-def8-45c0-b0d2-c5ba43d86628: receive RaftClientReply:client-43E682E1E07B->d5132e6f-def8-45c0-b0d2-c5ba43d86628@group-C29775A8E805, cid=2535, SUCCESS, logIndex=4413, commits[d5132e6f-def8-45c0-b0d2-c5ba43d86628:c4415]
2019-06-13 22:26:53,776 INFO  client.GrpcClientProtocolClient (GrpcClientProtocolClient.java:onNext(254)) - client-43E682E1E07B->d5132e6f-def8-45c0-b0d2-c5ba43d86628: receive RaftClientReply:client-43E682E1E07B->d5132e6f-def8-45c0-b0d2-c5ba43d86628@group-C29775A8E805, cid=2536, SUCCESS, logIndex=4414, commits[d5132e6f-def8-45c0-b0d2-c5ba43d86628:c4415]
2019-06-13 22:26:53,776 DEBUG block.SCMBlockDeletingService (SCMBlockDeletingService.java:call(138)) - Running DeletedBlockTransactionScanner
2019-06-13 22:26:53,776 DEBUG block.SCMBlockDeletingService (SCMBlockDeletingService.java:call(155)) - Scanned deleted blocks log and got 0 delTX to process.
2019-06-13 22:26:53,786 INFO  client.GrpcClientProtocolClient (GrpcClientProtocolClient.java:onNext(254)) - client-43E682E1E07B->d5132e6f-def8-45c0-b0d2-c5ba43d86628: receive RaftClientReply:client-43E682E1E07B->d5132e6f-def8-45c0-b0d2-c5ba43d86628@group-C29775A8E805, cid=2537, SUCCESS, logIndex=4416, commits[d5132e6f-def8-45c0-b0d2-c5ba43d86628:c4416]
2019-06-13 22:26:53,788 INFO  client.GrpcClientProtocolClient (GrpcClientProtocolClient.java:onNext(254)) - client-43E682E1E07B->d5132e6f-def8-45c0-b0d2-c5ba43d86628: receive RaftClientReply:client-43E682E1E07B->d5132e6f-def8-45c0-b0d2-c5ba43d86628@group-C29775A8E805, cid=2538, SUCCESS, logIndex=4418, commits[d5132e6f-def8-45c0-b0d2-c5ba43d86628:c4418]
2019-06-13 22:26:53,789 INFO  client.GrpcClientProtocolClient (GrpcClientProtocolClient.java:onNext(254)) - client-43E682E1E07B->d5132e6f-def8-45c0-b0d2-c5ba43d86628: receive RaftClientReply:client-43E682E1E07B->d5132e6f-def8-45c0-b0d2-c5ba43d86628@group-C29775A8E805, cid=2539, SUCCESS, logIndex=4419, commits[d5132e6f-def8-45c0-b0d2-c5ba43d86628:c4421]
2019-06-13 22:26:53,789 INFO  client.GrpcClientProtocolClient (GrpcClientProtocolClient.java:onNext(254)) - client-43E682E1E07B->d5132e6f-def8-45c0-b0d2-c5ba43d86628: receive RaftClientReply:client-43E682E1E07B->d5132e6f-def8-45c0-b0d2-c5ba43d86628@group-C29775A8E805, cid=2540, SUCCESS, logIndex=4420, commits[d5132e6f-def8-45c0-b0d2-c5ba43d86628:c4421]
2019-06-13 22:26:53,796 INFO  client.GrpcClientProtocolClient (GrpcClientProtocolClient.java:onNext(254)) - client-43E682E1E07B->d5132e6f-def8-45c0-b0d2-c5ba43d86628: receive RaftClientReply:client-43E682E1E07B->d5132e6f-def8-45c0-b0d2-c5ba43d86628@group-C29775A8E805, cid=2541, SUCCESS, logIndex=4422, commits[d5132e6f-def8-45c0-b0d2-c5ba43d86628:c4422]
2019-06-13 22:26:53,797 INFO  client.GrpcClientProtocolClient (GrpcClientProtocolClient.java:onNext(254)) - client-43E682E1E07B->d5132e6f-def8-45c0-b0d2-c5ba43d86628: receive RaftClientReply:client-43E682E1E07B->d5132e6f-def8-45c0-b0d2-c5ba43d86628@group-C29775A8E805, cid=2542, SUCCESS, logIndex=4424, commits[d5132e6f-def8-45c0-b0d2-c5ba43d86628:c4424]
2019-06-13 22:26:53,798 INFO  client.GrpcClientProtocolClient (GrpcClientProtocolClient.java:onNext(254)) - client-43E682E1E07B->d5132e6f-def8-45c0-b0d2-c5ba43d86628: receive RaftClientReply:client-43E682E1E07B->d5132e6f-def8-45c0-b0d2-c5ba43d86628@group-C29775A8E805, cid=2543, SUCCESS, logIndex=4425, commits[d5132e6f-def8-45c0-b0d2-c5ba43d86628:c4427]
2019-06-13 22:26:53,798 INFO  client.GrpcClientProtocolClient (GrpcClientProtocolClient.java:onNext(254)) - client-43E682E1E07B->d5132e6f-def8-45c0-b0d2-c5ba43d86628: receive RaftClientReply:client-43E682E1E07B->d5132e6f-def8-45c0-b0d2-c5ba43d86628@group-C29775A8E805, cid=2544, SUCCESS, logIndex=4426, commits[d5132e6f-def8-45c0-b0d2-c5ba43d86628:c4427]
2019-06-13 22:26:53,811 INFO  client.GrpcClientProtocolClient (GrpcClientProtocolClient.java:onNext(254)) - client-43E682E1E07B->d5132e6f-def8-45c0-b0d2-c5ba43d86628: receive RaftClientReply:client-43E682E1E07B->d5132e6f-def8-45c0-b0d2-c5ba43d86628@group-C29775A8E805, cid=2545, SUCCESS, logIndex=4428, commits[d5132e6f-def8-45c0-b0d2-c5ba43d86628:c4428]
2019-06-13 22:26:53,816 INFO  client.GrpcClientProtocolClient (GrpcClientProtocolClient.java:onNext(254)) - client-43E682E1E07B->d5132e6f-def8-45c0-b0d2-c5ba43d86628: receive RaftClientReply:client-43E682E1E07B->d5132e6f-def8-45c0-b0d2-c5ba43d86628@group-C29775A8E805, cid=2546, SUCCESS, logIndex=4430, commits[d5132e6f-def8-45c0-b0d2-c5ba43d86628:c4430]
2019-06-13 22:26:53,816 INFO  client.GrpcClientProtocolClient (GrpcClientProtocolClient.java:onNext(254)) - client-43E682E1E07B->d5132e6f-def8-45c0-b0d2-c5ba43d86628: receive RaftClientReply:client-43E682E1E07B->d5132e6f-def8-45c0-b0d2-c5ba43d86628@group-C29775A8E805, cid=2547, SUCCESS, logIndex=4431, commits[d5132e6f-def8-45c0-b0d2-c5ba43d86628:c4433]
2019-06-13 22:26:53,817 INFO  client.GrpcClientProtocolClient (GrpcClientProtocolClient.java:onNext(254)) - client-43E682E1E07B->d5132e6f-def8-45c0-b0d2-c5ba43d86628: receive RaftClientReply:client-43E682E1E07B->d5132e6f-def8-45c0-b0d2-c5ba43d86628@group-C29775A8E805, cid=2548, SUCCESS, logIndex=4432, commits[d5132e6f-def8-45c0-b0d2-c5ba43d86628:c4433]
2019-06-13 22:26:53,823 INFO  client.GrpcClientProtocolClient (GrpcClientProtocolClient.java:onNext(254)) - client-43E682E1E07B->d5132e6f-def8-45c0-b0d2-c5ba43d86628: receive RaftClientReply:client-43E682E1E07B->d5132e6f-def8-45c0-b0d2-c5ba43d86628@group-C29775A8E805, cid=2549, SUCCESS, logIndex=4434, commits[d5132e6f-def8-45c0-b0d2-c5ba43d86628:c4434]
2019-06-13 22:26:53,824 INFO  client.GrpcClientProtocolClient (GrpcClientProtocolClient.java:onNext(254)) - client-43E682E1E07B->d5132e6f-def8-45c0-b0d2-c5ba43d86628: receive RaftClientReply:client-43E682E1E07B->d5132e6f-def8-45c0-b0d2-c5ba43d86628@group-C29775A8E805, cid=2550, SUCCESS, logIndex=4436, commits[d5132e6f-def8-45c0-b0d2-c5ba43d86628:c4436]
2019-06-13 22:26:53,825 INFO  client.GrpcClientProtocolClient (GrpcClientProtocolClient.java:onNext(254)) - client-43E682E1E07B->d5132e6f-def8-45c0-b0d2-c5ba43d86628: receive RaftClientReply:client-43E682E1E07B->d5132e6f-def8-45c0-b0d2-c5ba43d86628@group-C29775A8E805, cid=2551, SUCCESS, logIndex=4437, commits[d5132e6f-def8-45c0-b0d2-c5ba43d86628:c4438]
2019-06-13 22:26:53,826 INFO  client.GrpcClientProtocolClient (GrpcClientProtocolClient.java:onNext(254)) - client-43E682E1E07B->d5132e6f-def8-45c0-b0d2-c5ba43d86628: receive RaftClientReply:client-43E682E1E07B->d5132e6f-def8-45c0-b0d2-c5ba43d86628@group-C29775A8E805, cid=2552, SUCCESS, logIndex=4439, commits[d5132e6f-def8-45c0-b0d2-c5ba43d86628:c4439]
2019-06-13 22:26:53,842 INFO  client.GrpcClientProtocolClient (GrpcClientProtocolClient.java:onNext(254)) - client-43E682E1E07B->d5132e6f-def8-45c0-b0d2-c5ba43d86628: receive RaftClientReply:client-43E682E1E07B->d5132e6f-def8-45c0-b0d2-c5ba43d86628@group-C29775A8E805, cid=2553, SUCCESS, logIndex=4441, commits[d5132e6f-def8-45c0-b0d2-c5ba43d86628:c4441]
2019-06-13 22:26:53,845 INFO  client.GrpcClientProtocolClient (GrpcClientProtocolClient.java:onNext(254)) - client-43E682E1E07B->d5132e6f-def8-45c0-b0d2-c5ba43d86628: receive RaftClientReply:client-43E682E1E07B->d5132e6f-def8-45c0-b0d2-c5ba43d86628@group-C29775A8E805, cid=2554, SUCCESS, logIndex=4443, commits[d5132e6f-def8-45c0-b0d2-c5ba43d86628:c4445]
2019-06-13 22:26:53,845 INFO  client.GrpcClientProtocolClient (GrpcClientProtocolClient.java:onNext(254)) - client-43E682E1E07B->d5132e6f-def8-45c0-b0d2-c5ba43d86628: receive RaftClientReply:client-43E682E1E07B->d5132e6f-def8-45c0-b0d2-c5ba43d86628@group-C29775A8E805, cid=2555, SUCCESS, logIndex=4444, commits[d5132e6f-def8-45c0-b0d2-c5ba43d86628:c4445]
2019-06-13 22:26:53,846 INFO  client.GrpcClientProtocolClient (GrpcClientProtocolClient.java:onNext(254)) - client-43E682E1E07B->d5132e6f-def8-45c0-b0d2-c5ba43d86628: receive RaftClientReply:client-43E682E1E07B->d5132e6f-def8-45c0-b0d2-c5ba43d86628@group-C29775A8E805, cid=2556, SUCCESS, logIndex=4445, commits[d5132e6f-def8-45c0-b0d2-c5ba43d86628:c4446]
2019-06-13 22:26:53,851 INFO  client.GrpcClientProtocolClient (GrpcClientProtocolClient.java:onNext(254)) - client-43E682E1E07B->d5132e6f-def8-45c0-b0d2-c5ba43d86628: receive RaftClientReply:client-43E682E1E07B->d5132e6f-def8-45c0-b0d2-c5ba43d86628@group-C29775A8E805, cid=2557, SUCCESS, logIndex=4447, commits[d5132e6f-def8-45c0-b0d2-c5ba43d86628:c4447]
2019-06-13 22:26:53,858 INFO  client.GrpcClientProtocolClient (GrpcClientProtocolClient.java:onNext(254)) - client-43E682E1E07B->d5132e6f-def8-45c0-b0d2-c5ba43d86628: receive RaftClientReply:client-43E682E1E07B->d5132e6f-def8-45c0-b0d2-c5ba43d86628@group-C29775A8E805, cid=2558, SUCCESS, logIndex=4449, commits[d5132e6f-def8-45c0-b0d2-c5ba43d86628:c4449]
2019-06-13 22:26:53,862 INFO  client.GrpcClientProtocolClient (GrpcClientProtocolClient.java:onNext(254)) - client-43E682E1E07B->d5132e6f-def8-45c0-b0d2-c5ba43d86628: receive RaftClientReply:client-43E682E1E07B->d5132e6f-def8-45c0-b0d2-c5ba43d86628@group-C29775A8E805, cid=2559, SUCCESS, logIndex=4450, commits[d5132e6f-def8-45c0-b0d2-c5ba43d86628:c4451]
2019-06-13 22:26:53,866 INFO  client.GrpcClientProtocolClient (GrpcClientProtocolClient.java:onNext(254)) - client-43E682E1E07B->d5132e6f-def8-45c0-b0d2-c5ba43d86628: receive RaftClientReply:client-43E682E1E07B->d5132e6f-def8-45c0-b0d2-c5ba43d86628@group-C29775A8E805, cid=2560, SUCCESS, logIndex=4452, commits[d5132e6f-def8-45c0-b0d2-c5ba43d86628:c4452]
2019-06-13 22:26:53,877 DEBUG block.SCMBlockDeletingService (SCMBlockDeletingService.java:call(138)) - Running DeletedBlockTransactionScanner
2019-06-13 22:26:53,877 DEBUG block.SCMBlockDeletingService (SCMBlockDeletingService.java:call(155)) - Scanned deleted blocks log and got 0 delTX to process.
2019-06-13 22:26:53,882 INFO  client.GrpcClientProtocolClient (GrpcClientProtocolClient.java:onNext(254)) - client-43E682E1E07B->d5132e6f-def8-45c0-b0d2-c5ba43d86628: receive RaftClientReply:client-43E682E1E07B->d5132e6f-def8-45c0-b0d2-c5ba43d86628@group-C29775A8E805, cid=2561, SUCCESS, logIndex=4454, commits[d5132e6f-def8-45c0-b0d2-c5ba43d86628:c4455]
2019-06-13 22:26:53,882 INFO  storage.RaftLogWorker (RaftLogWorker.java:rollLogSegment(303)) - d5132e6f-def8-45c0-b0d2-c5ba43d86628-RaftLogWorker: Rolling segment log-4388_4456 to index:4456
2019-06-13 22:26:53,883 INFO  storage.RaftLogWorker (RaftLogWorker.java:execute(433)) - d5132e6f-def8-45c0-b0d2-c5ba43d86628-RaftLogWorker: Rolled log segment from /opt/src/hadoop-ozone/integration-test/target/test-dir/MiniOzoneClusterImpl-e9ea07bb-4900-4b53-96c1-68f0ab556a80/datanode-0/data/ratis/c7035dd3-cd4a-42fb-880d-c29775a8e805/current/log_inprogress_4388 to /opt/src/hadoop-ozone/integration-test/target/test-dir/MiniOzoneClusterImpl-e9ea07bb-4900-4b53-96c1-68f0ab556a80/datanode-0/data/ratis/c7035dd3-cd4a-42fb-880d-c29775a8e805/current/log_4388-4456
2019-06-13 22:26:53,890 INFO  client.GrpcClientProtocolClient (GrpcClientProtocolClient.java:onNext(254)) - client-43E682E1E07B->d5132e6f-def8-45c0-b0d2-c5ba43d86628: receive RaftClientReply:client-43E682E1E07B->d5132e6f-def8-45c0-b0d2-c5ba43d86628@group-C29775A8E805, cid=2562, SUCCESS, logIndex=4456, commits[d5132e6f-def8-45c0-b0d2-c5ba43d86628:c4456]
2019-06-13 22:26:53,929 INFO  storage.RaftLogWorker (RaftLogWorker.java:execute(469)) - d5132e6f-def8-45c0-b0d2-c5ba43d86628-RaftLogWorker: created new log segment /opt/src/hadoop-ozone/integration-test/target/test-dir/MiniOzoneClusterImpl-e9ea07bb-4900-4b53-96c1-68f0ab556a80/datanode-0/data/ratis/c7035dd3-cd4a-42fb-880d-c29775a8e805/current/log_inprogress_4457
2019-06-13 22:26:53,933 INFO  client.GrpcClientProtocolClient (GrpcClientProtocolClient.java:onNext(254)) - client-43E682E1E07B->d5132e6f-def8-45c0-b0d2-c5ba43d86628: receive RaftClientReply:client-43E682E1E07B->d5132e6f-def8-45c0-b0d2-c5ba43d86628@group-C29775A8E805, cid=2563, SUCCESS, logIndex=4457, commits[d5132e6f-def8-45c0-b0d2-c5ba43d86628:c4459]
2019-06-13 22:26:53,933 INFO  client.GrpcClientProtocolClient (GrpcClientProtocolClient.java:onNext(254)) - client-43E682E1E07B->d5132e6f-def8-45c0-b0d2-c5ba43d86628: receive RaftClientReply:client-43E682E1E07B->d5132e6f-def8-45c0-b0d2-c5ba43d86628@group-C29775A8E805, cid=2564, SUCCESS, logIndex=4458, commits[d5132e6f-def8-45c0-b0d2-c5ba43d86628:c4459]
2019-06-13 22:26:53,981 DEBUG block.SCMBlockDeletingService (SCMBlockDeletingService.java:call(138)) - Running DeletedBlockTransactionScanner
2019-06-13 22:26:53,981 DEBUG block.SCMBlockDeletingService (SCMBlockDeletingService.java:call(155)) - Scanned deleted blocks log and got 0 delTX to process.
2019-06-13 22:26:54,074 INFO  client.GrpcClientProtocolClient (GrpcClientProtocolClient.java:onNext(254)) - client-43E682E1E07B->d5132e6f-def8-45c0-b0d2-c5ba43d86628: receive RaftClientReply:client-43E682E1E07B->d5132e6f-def8-45c0-b0d2-c5ba43d86628@group-C29775A8E805, cid=2565, SUCCESS, logIndex=4460, commits[d5132e6f-def8-45c0-b0d2-c5ba43d86628:c4460]
2019-06-13 22:26:54,076 INFO  client.GrpcClientProtocolClient (GrpcClientProtocolClient.java:onNext(254)) - client-43E682E1E07B->d5132e6f-def8-45c0-b0d2-c5ba43d86628: receive RaftClientReply:client-43E682E1E07B->d5132e6f-def8-45c0-b0d2-c5ba43d86628@group-C29775A8E805, cid=2566, SUCCESS, logIndex=4462, commits[d5132e6f-def8-45c0-b0d2-c5ba43d86628:c4462]
2019-06-13 22:26:54,077 INFO  client.GrpcClientProtocolClient (GrpcClientProtocolClient.java:onNext(254)) - client-43E682E1E07B->d5132e6f-def8-45c0-b0d2-c5ba43d86628: receive RaftClientReply:client-43E682E1E07B->d5132e6f-def8-45c0-b0d2-c5ba43d86628@group-C29775A8E805, cid=2567, SUCCESS, logIndex=4463, commits[d5132e6f-def8-45c0-b0d2-c5ba43d86628:c4465]
2019-06-13 22:26:54,077 INFO  client.GrpcClientProtocolClient (GrpcClientProtocolClient.java:onNext(254)) - client-43E682E1E07B->d5132e6f-def8-45c0-b0d2-c5ba43d86628: receive RaftClientReply:client-43E682E1E07B->d5132e6f-def8-45c0-b0d2-c5ba43d86628@group-C29775A8E805, cid=2568, SUCCESS, logIndex=4464, commits[d5132e6f-def8-45c0-b0d2-c5ba43d86628:c4465]
2019-06-13 22:26:54,081 DEBUG block.SCMBlockDeletingService (SCMBlockDeletingService.java:call(138)) - Running DeletedBlockTransactionScanner
2019-06-13 22:26:54,081 DEBUG block.SCMBlockDeletingService (SCMBlockDeletingService.java:call(155)) - Scanned deleted blocks log and got 0 delTX to process.
2019-06-13 22:26:54,089 INFO  client.GrpcClientProtocolClient (GrpcClientProtocolClient.java:onNext(254)) - client-43E682E1E07B->d5132e6f-def8-45c0-b0d2-c5ba43d86628: receive RaftClientReply:client-43E682E1E07B->d5132e6f-def8-45c0-b0d2-c5ba43d86628@group-C29775A8E805, cid=2569, SUCCESS, logIndex=4466, commits[d5132e6f-def8-45c0-b0d2-c5ba43d86628:c4466]
2019-06-13 22:26:54,091 INFO  client.GrpcClientProtocolClient (GrpcClientProtocolClient.java:onNext(254)) - client-43E682E1E07B->d5132e6f-def8-45c0-b0d2-c5ba43d86628: receive RaftClientReply:client-43E682E1E07B->d5132e6f-def8-45c0-b0d2-c5ba43d86628@group-C29775A8E805, cid=2570, SUCCESS, logIndex=4468, commits[d5132e6f-def8-45c0-b0d2-c5ba43d86628:c4470]
2019-06-13 22:26:54,092 INFO  client.GrpcClientProtocolClient (GrpcClientProtocolClient.java:onNext(254)) - client-43E682E1E07B->d5132e6f-def8-45c0-b0d2-c5ba43d86628: receive RaftClientReply:client-43E682E1E07B->d5132e6f-def8-45c0-b0d2-c5ba43d86628@group-C29775A8E805, cid=2571, SUCCESS, logIndex=4469, commits[d5132e6f-def8-45c0-b0d2-c5ba43d86628:c4470]
2019-06-13 22:26:54,092 INFO  client.GrpcClientProtocolClient (GrpcClientProtocolClient.java:onNext(254)) - client-43E682E1E07B->d5132e6f-def8-45c0-b0d2-c5ba43d86628: receive RaftClientReply:client-43E682E1E07B->d5132e6f-def8-45c0-b0d2-c5ba43d86628@group-C29775A8E805, cid=2572, SUCCESS, logIndex=4470, commits[d5132e6f-def8-45c0-b0d2-c5ba43d86628:c4470]
2019-06-13 22:26:54,098 INFO  client.GrpcClientProtocolClient (GrpcClientProtocolClient.java:onNext(254)) - client-43E682E1E07B->d5132e6f-def8-45c0-b0d2-c5ba43d86628: receive RaftClientReply:client-43E682E1E07B->d5132e6f-def8-45c0-b0d2-c5ba43d86628@group-C29775A8E805, cid=2573, SUCCESS, logIndex=4472, commits[d5132e6f-def8-45c0-b0d2-c5ba43d86628:c4472]
2019-06-13 22:26:54,099 INFO  client.GrpcClientProtocolClient (GrpcClientProtocolClient.java:onNext(254)) - client-43E682E1E07B->d5132e6f-def8-45c0-b0d2-c5ba43d86628: receive RaftClientReply:client-43E682E1E07B->d5132e6f-def8-45c0-b0d2-c5ba43d86628@group-C29775A8E805, cid=2574, SUCCESS, logIndex=4474, commits[d5132e6f-def8-45c0-b0d2-c5ba43d86628:c4474]
2019-06-13 22:26:54,101 INFO  client.GrpcClientProtocolClient (GrpcClientProtocolClient.java:onNext(254)) - client-43E682E1E07B->d5132e6f-def8-45c0-b0d2-c5ba43d86628: receive RaftClientReply:client-43E682E1E07B->d5132e6f-def8-45c0-b0d2-c5ba43d86628@group-C29775A8E805, cid=2575, SUCCESS, logIndex=4476, commits[d5132e6f-def8-45c0-b0d2-c5ba43d86628:c4476]
2019-06-13 22:26:54,102 INFO  client.GrpcClientProtocolClient (GrpcClientProtocolClient.java:onNext(254)) - client-43E682E1E07B->d5132e6f-def8-45c0-b0d2-c5ba43d86628: receive RaftClientReply:client-43E682E1E07B->d5132e6f-def8-45c0-b0d2-c5ba43d86628@group-C29775A8E805, cid=2576, SUCCESS, logIndex=4477, commits[d5132e6f-def8-45c0-b0d2-c5ba43d86628:c4477]
2019-06-13 22:26:54,112 INFO  client.GrpcClientProtocolClient (GrpcClientProtocolClient.java:onNext(254)) - client-43E682E1E07B->d5132e6f-def8-45c0-b0d2-c5ba43d86628: receive RaftClientReply:client-43E682E1E07B->d5132e6f-def8-45c0-b0d2-c5ba43d86628@group-C29775A8E805, cid=2577, SUCCESS, logIndex=4480, commits[d5132e6f-def8-45c0-b0d2-c5ba43d86628:c4480]
2019-06-13 22:26:54,114 INFO  client.GrpcClientProtocolClient (GrpcClientProtocolClient.java:onNext(254)) - client-43E682E1E07B->d5132e6f-def8-45c0-b0d2-c5ba43d86628: receive RaftClientReply:client-43E682E1E07B->d5132e6f-def8-45c0-b0d2-c5ba43d86628@group-C29775A8E805, cid=2578, SUCCESS, logIndex=4482, commits[d5132e6f-def8-45c0-b0d2-c5ba43d86628:c4482]
2019-06-13 22:26:54,116 INFO  client.GrpcClientProtocolClient (GrpcClientProtocolClient.java:onNext(254)) - client-43E682E1E07B->d5132e6f-def8-45c0-b0d2-c5ba43d86628: receive RaftClientReply:client-43E682E1E07B->d5132e6f-def8-45c0-b0d2-c5ba43d86628@group-C29775A8E805, cid=2579, SUCCESS, logIndex=4484, commits[d5132e6f-def8-45c0-b0d2-c5ba43d86628:c4485]
2019-06-13 22:26:54,116 INFO  client.GrpcClientProtocolClient (GrpcClientProtocolClient.java:onNext(254)) - client-43E682E1E07B->d5132e6f-def8-45c0-b0d2-c5ba43d86628: receive RaftClientReply:client-43E682E1E07B->d5132e6f-def8-45c0-b0d2-c5ba43d86628@group-C29775A8E805, cid=2580, SUCCESS, logIndex=4485, commits[d5132e6f-def8-45c0-b0d2-c5ba43d86628:c4485]
2019-06-13 22:26:54,123 INFO  client.GrpcClientProtocolClient (GrpcClientProtocolClient.java:onNext(254)) - client-43E682E1E07B->d5132e6f-def8-45c0-b0d2-c5ba43d86628: receive RaftClientReply:client-43E682E1E07B->d5132e6f-def8-45c0-b0d2-c5ba43d86628@group-C29775A8E805, cid=2581, SUCCESS, logIndex=4487, commits[d5132e6f-def8-45c0-b0d2-c5ba43d86628:c4487]
2019-06-13 22:26:54,125 INFO  client.GrpcClientProtocolClient (GrpcClientProtocolClient.java:onNext(254)) - client-43E682E1E07B->d5132e6f-def8-45c0-b0d2-c5ba43d86628: receive RaftClientReply:client-43E682E1E07B->d5132e6f-def8-45c0-b0d2-c5ba43d86628@group-C29775A8E805, cid=2582, SUCCESS, logIndex=4489, commits[d5132e6f-def8-45c0-b0d2-c5ba43d86628:c4489]
2019-06-13 22:26:54,126 INFO  client.GrpcClientProtocolClient (GrpcClientProtocolClient.java:onNext(254)) - client-43E682E1E07B->d5132e6f-def8-45c0-b0d2-c5ba43d86628: receive RaftClientReply:client-43E682E1E07B->d5132e6f-def8-45c0-b0d2-c5ba43d86628@group-C29775A8E805, cid=2583, SUCCESS, logIndex=4490, commits[d5132e6f-def8-45c0-b0d2-c5ba43d86628:c4491]
2019-06-13 22:26:54,127 INFO  client.GrpcClientProtocolClient (GrpcClientProtocolClient.java:onNext(254)) - client-43E682E1E07B->d5132e6f-def8-45c0-b0d2-c5ba43d86628: receive RaftClientReply:client-43E682E1E07B->d5132e6f-def8-45c0-b0d2-c5ba43d86628@group-C29775A8E805, cid=2584, SUCCESS, logIndex=4491, commits[d5132e6f-def8-45c0-b0d2-c5ba43d86628:c4491]
2019-06-13 22:26:54,140 INFO  client.GrpcClientProtocolClient (GrpcClientProtocolClient.java:onNext(254)) - client-43E682E1E07B->d5132e6f-def8-45c0-b0d2-c5ba43d86628: receive RaftClientReply:client-43E682E1E07B->d5132e6f-def8-45c0-b0d2-c5ba43d86628@group-C29775A8E805, cid=2585, SUCCESS, logIndex=4494, commits[d5132e6f-def8-45c0-b0d2-c5ba43d86628:c4494]
2019-06-13 22:26:54,142 INFO  client.GrpcClientProtocolClient (GrpcClientProtocolClient.java:onNext(254)) - client-43E682E1E07B->d5132e6f-def8-45c0-b0d2-c5ba43d86628: receive RaftClientReply:client-43E682E1E07B->d5132e6f-def8-45c0-b0d2-c5ba43d86628@group-C29775A8E805, cid=2586, SUCCESS, logIndex=4496, commits[d5132e6f-def8-45c0-b0d2-c5ba43d86628:c4496]
2019-06-13 22:26:54,143 INFO  client.GrpcClientProtocolClient (GrpcClientProtocolClient.java:onNext(254)) - client-43E682E1E07B->d5132e6f-def8-45c0-b0d2-c5ba43d86628: receive RaftClientReply:client-43E682E1E07B->d5132e6f-def8-45c0-b0d2-c5ba43d86628@group-C29775A8E805, cid=2587, SUCCESS, logIndex=4497, commits[d5132e6f-def8-45c0-b0d2-c5ba43d86628:c4499]
2019-06-13 22:26:54,143 INFO  client.GrpcClientProtocolClient (GrpcClientProtocolClient.java:onNext(254)) - client-43E682E1E07B->d5132e6f-def8-45c0-b0d2-c5ba43d86628: receive RaftClientReply:client-43E682E1E07B->d5132e6f-def8-45c0-b0d2-c5ba43d86628@group-C29775A8E805, cid=2588, SUCCESS, logIndex=4498, commits[d5132e6f-def8-45c0-b0d2-c5ba43d86628:c4499]
2019-06-13 22:26:54,151 INFO  client.GrpcClientProtocolClient (GrpcClientProtocolClient.java:onNext(254)) - client-43E682E1E07B->d5132e6f-def8-45c0-b0d2-c5ba43d86628: receive RaftClientReply:client-43E682E1E07B->d5132e6f-def8-45c0-b0d2-c5ba43d86628@group-C29775A8E805, cid=2589, SUCCESS, logIndex=4500, commits[d5132e6f-def8-45c0-b0d2-c5ba43d86628:c4500]
2019-06-13 22:26:54,153 INFO  client.GrpcClientProtocolClient (GrpcClientProtocolClient.java:onNext(254)) - client-43E682E1E07B->d5132e6f-def8-45c0-b0d2-c5ba43d86628: receive RaftClientReply:client-43E682E1E07B->d5132e6f-def8-45c0-b0d2-c5ba43d86628@group-C29775A8E805, cid=2590, SUCCESS, logIndex=4502, commits[d5132e6f-def8-45c0-b0d2-c5ba43d86628:c4502]
2019-06-13 22:26:54,153 INFO  client.GrpcClientProtocolClient (GrpcClientProtocolClient.java:onNext(254)) - client-43E682E1E07B->d5132e6f-def8-45c0-b0d2-c5ba43d86628: receive RaftClientReply:client-43E682E1E07B->d5132e6f-def8-45c0-b0d2-c5ba43d86628@group-C29775A8E805, cid=2591, SUCCESS, logIndex=4503, commits[d5132e6f-def8-45c0-b0d2-c5ba43d86628:c4505]
2019-06-13 22:26:54,154 INFO  client.GrpcClientProtocolClient (GrpcClientProtocolClient.java:onNext(254)) - client-43E682E1E07B->d5132e6f-def8-45c0-b0d2-c5ba43d86628: receive RaftClientReply:client-43E682E1E07B->d5132e6f-def8-45c0-b0d2-c5ba43d86628@group-C29775A8E805, cid=2592, SUCCESS, logIndex=4504, commits[d5132e6f-def8-45c0-b0d2-c5ba43d86628:c4505]
2019-06-13 22:26:54,164 INFO  client.GrpcClientProtocolClient (GrpcClientProtocolClient.java:onNext(254)) - client-43E682E1E07B->d5132e6f-def8-45c0-b0d2-c5ba43d86628: receive RaftClientReply:client-43E682E1E07B->d5132e6f-def8-45c0-b0d2-c5ba43d86628@group-C29775A8E805, cid=2593, SUCCESS, logIndex=4506, commits[d5132e6f-def8-45c0-b0d2-c5ba43d86628:c4506]
2019-06-13 22:26:54,166 INFO  client.GrpcClientProtocolClient (GrpcClientProtocolClient.java:onNext(254)) - client-43E682E1E07B->d5132e6f-def8-45c0-b0d2-c5ba43d86628: receive RaftClientReply:client-43E682E1E07B->d5132e6f-def8-45c0-b0d2-c5ba43d86628@group-C29775A8E805, cid=2594, SUCCESS, logIndex=4508, commits[d5132e6f-def8-45c0-b0d2-c5ba43d86628:c4508]
2019-06-13 22:26:54,167 INFO  client.GrpcClientProtocolClient (GrpcClientProtocolClient.java:onNext(254)) - client-43E682E1E07B->d5132e6f-def8-45c0-b0d2-c5ba43d86628: receive RaftClientReply:client-43E682E1E07B->d5132e6f-def8-45c0-b0d2-c5ba43d86628@group-C29775A8E805, cid=2595, SUCCESS, logIndex=4509, commits[d5132e6f-def8-45c0-b0d2-c5ba43d86628:c4511]
2019-06-13 22:26:54,167 INFO  client.GrpcClientProtocolClient (GrpcClientProtocolClient.java:onNext(254)) - client-43E682E1E07B->d5132e6f-def8-45c0-b0d2-c5ba43d86628: receive RaftClientReply:client-43E682E1E07B->d5132e6f-def8-45c0-b0d2-c5ba43d86628@group-C29775A8E805, cid=2596, SUCCESS, logIndex=4510, commits[d5132e6f-def8-45c0-b0d2-c5ba43d86628:c4511]
2019-06-13 22:26:54,173 INFO  client.GrpcClientProtocolClient (GrpcClientProtocolClient.java:onNext(254)) - client-43E682E1E07B->d5132e6f-def8-45c0-b0d2-c5ba43d86628: receive RaftClientReply:client-43E682E1E07B->d5132e6f-def8-45c0-b0d2-c5ba43d86628@group-C29775A8E805, cid=2597, SUCCESS, logIndex=4512, commits[d5132e6f-def8-45c0-b0d2-c5ba43d86628:c4512]
2019-06-13 22:26:54,175 INFO  client.GrpcClientProtocolClient (GrpcClientProtocolClient.java:onNext(254)) - client-43E682E1E07B->d5132e6f-def8-45c0-b0d2-c5ba43d86628: receive RaftClientReply:client-43E682E1E07B->d5132e6f-def8-45c0-b0d2-c5ba43d86628@group-C29775A8E805, cid=2598, SUCCESS, logIndex=4514, commits[d5132e6f-def8-45c0-b0d2-c5ba43d86628:c4514]
2019-06-13 22:26:54,176 INFO  client.GrpcClientProtocolClient (GrpcClientProtocolClient.java:onNext(254)) - client-43E682E1E07B->d5132e6f-def8-45c0-b0d2-c5ba43d86628: receive RaftClientReply:client-43E682E1E07B->d5132e6f-def8-45c0-b0d2-c5ba43d86628@group-C29775A8E805, cid=2599, SUCCESS, logIndex=4515, commits[d5132e6f-def8-45c0-b0d2-c5ba43d86628:c4516]
2019-06-13 22:26:54,176 INFO  client.GrpcClientProtocolClient (GrpcClientProtocolClient.java:onNext(254)) - client-43E682E1E07B->d5132e6f-def8-45c0-b0d2-c5ba43d86628: receive RaftClientReply:client-43E682E1E07B->d5132e6f-def8-45c0-b0d2-c5ba43d86628@group-C29775A8E805, cid=2600, SUCCESS, logIndex=4516, commits[d5132e6f-def8-45c0-b0d2-c5ba43d86628:c4517]
2019-06-13 22:26:54,181 DEBUG block.SCMBlockDeletingService (SCMBlockDeletingService.java:call(138)) - Running DeletedBlockTransactionScanner
2019-06-13 22:26:54,182 DEBUG block.SCMBlockDeletingService (SCMBlockDeletingService.java:call(155)) - Scanned deleted blocks log and got 0 delTX to process.
2019-06-13 22:26:54,187 INFO  client.GrpcClientProtocolClient (GrpcClientProtocolClient.java:onNext(254)) - client-43E682E1E07B->d5132e6f-def8-45c0-b0d2-c5ba43d86628: receive RaftClientReply:client-43E682E1E07B->d5132e6f-def8-45c0-b0d2-c5ba43d86628@group-C29775A8E805, cid=2601, SUCCESS, logIndex=4519, commits[d5132e6f-def8-45c0-b0d2-c5ba43d86628:c4519]
2019-06-13 22:26:54,188 INFO  client.GrpcClientProtocolClient (GrpcClientProtocolClient.java:onNext(254)) - client-43E682E1E07B->d5132e6f-def8-45c0-b0d2-c5ba43d86628: receive RaftClientReply:client-43E682E1E07B->d5132e6f-def8-45c0-b0d2-c5ba43d86628@group-C29775A8E805, cid=2602, SUCCESS, logIndex=4521, commits[d5132e6f-def8-45c0-b0d2-c5ba43d86628:c4521]
2019-06-13 22:26:54,190 INFO  client.GrpcClientProtocolClient (GrpcClientProtocolClient.java:onNext(254)) - client-43E682E1E07B->d5132e6f-def8-45c0-b0d2-c5ba43d86628: receive RaftClientReply:client-43E682E1E07B->d5132e6f-def8-45c0-b0d2-c5ba43d86628@group-C29775A8E805, cid=2603, SUCCESS, logIndex=4523, commits[d5132e6f-def8-45c0-b0d2-c5ba43d86628:c4524]
2019-06-13 22:26:54,191 INFO  client.GrpcClientProtocolClient (GrpcClientProtocolClient.java:onNext(254)) - client-43E682E1E07B->d5132e6f-def8-45c0-b0d2-c5ba43d86628: receive RaftClientReply:client-43E682E1E07B->d5132e6f-def8-45c0-b0d2-c5ba43d86628@group-C29775A8E805, cid=2604, SUCCESS, logIndex=4524, commits[d5132e6f-def8-45c0-b0d2-c5ba43d86628:c4524]
2019-06-13 22:26:54,205 INFO  client.GrpcClientProtocolClient (GrpcClientProtocolClient.java:onNext(254)) - client-43E682E1E07B->d5132e6f-def8-45c0-b0d2-c5ba43d86628: receive RaftClientReply:client-43E682E1E07B->d5132e6f-def8-45c0-b0d2-c5ba43d86628@group-C29775A8E805, cid=2605, SUCCESS, logIndex=4526, commits[d5132e6f-def8-45c0-b0d2-c5ba43d86628:c4526]
2019-06-13 22:26:54,205 INFO  storage.RaftLogWorker (RaftLogWorker.java:rollLogSegment(303)) - d5132e6f-def8-45c0-b0d2-c5ba43d86628-RaftLogWorker: Rolling segment log-4457_4527 to index:4527
2019-06-13 22:26:54,206 INFO  storage.RaftLogWorker (RaftLogWorker.java:execute(433)) - d5132e6f-def8-45c0-b0d2-c5ba43d86628-RaftLogWorker: Rolled log segment from /opt/src/hadoop-ozone/integration-test/target/test-dir/MiniOzoneClusterImpl-e9ea07bb-4900-4b53-96c1-68f0ab556a80/datanode-0/data/ratis/c7035dd3-cd4a-42fb-880d-c29775a8e805/current/log_inprogress_4457 to /opt/src/hadoop-ozone/integration-test/target/test-dir/MiniOzoneClusterImpl-e9ea07bb-4900-4b53-96c1-68f0ab556a80/datanode-0/data/ratis/c7035dd3-cd4a-42fb-880d-c29775a8e805/current/log_4457-4527
2019-06-13 22:26:54,245 INFO  storage.RaftLogWorker (RaftLogWorker.java:execute(469)) - d5132e6f-def8-45c0-b0d2-c5ba43d86628-RaftLogWorker: created new log segment /opt/src/hadoop-ozone/integration-test/target/test-dir/MiniOzoneClusterImpl-e9ea07bb-4900-4b53-96c1-68f0ab556a80/datanode-0/data/ratis/c7035dd3-cd4a-42fb-880d-c29775a8e805/current/log_inprogress_4528
2019-06-13 22:26:54,247 INFO  client.GrpcClientProtocolClient (GrpcClientProtocolClient.java:onNext(254)) - client-43E682E1E07B->d5132e6f-def8-45c0-b0d2-c5ba43d86628: receive RaftClientReply:client-43E682E1E07B->d5132e6f-def8-45c0-b0d2-c5ba43d86628@group-C29775A8E805, cid=2606, SUCCESS, logIndex=4528, commits[d5132e6f-def8-45c0-b0d2-c5ba43d86628:c4530]
2019-06-13 22:26:54,247 INFO  client.GrpcClientProtocolClient (GrpcClientProtocolClient.java:onNext(254)) - client-43E682E1E07B->d5132e6f-def8-45c0-b0d2-c5ba43d86628: receive RaftClientReply:client-43E682E1E07B->d5132e6f-def8-45c0-b0d2-c5ba43d86628@group-C29775A8E805, cid=2607, SUCCESS, logIndex=4529, commits[d5132e6f-def8-45c0-b0d2-c5ba43d86628:c4531]
2019-06-13 22:26:54,247 INFO  client.GrpcClientProtocolClient (GrpcClientProtocolClient.java:onNext(254)) - client-43E682E1E07B->d5132e6f-def8-45c0-b0d2-c5ba43d86628: receive RaftClientReply:client-43E682E1E07B->d5132e6f-def8-45c0-b0d2-c5ba43d86628@group-C29775A8E805, cid=2608, SUCCESS, logIndex=4530, commits[d5132e6f-def8-45c0-b0d2-c5ba43d86628:c4531]
2019-06-13 22:26:54,282 DEBUG block.SCMBlockDeletingService (SCMBlockDeletingService.java:call(138)) - Running DeletedBlockTransactionScanner
2019-06-13 22:26:54,282 DEBUG block.SCMBlockDeletingService (SCMBlockDeletingService.java:call(155)) - Scanned deleted blocks log and got 0 delTX to process.
2019-06-13 22:26:54,333 INFO  client.GrpcClientProtocolClient (GrpcClientProtocolClient.java:onNext(254)) - client-43E682E1E07B->d5132e6f-def8-45c0-b0d2-c5ba43d86628: receive RaftClientReply:client-43E682E1E07B->d5132e6f-def8-45c0-b0d2-c5ba43d86628@group-C29775A8E805, cid=2609, SUCCESS, logIndex=4532, commits[d5132e6f-def8-45c0-b0d2-c5ba43d86628:c4532]
2019-06-13 22:26:54,339 INFO  client.GrpcClientProtocolClient (GrpcClientProtocolClient.java:onNext(254)) - client-43E682E1E07B->d5132e6f-def8-45c0-b0d2-c5ba43d86628: receive RaftClientReply:client-43E682E1E07B->d5132e6f-def8-45c0-b0d2-c5ba43d86628@group-C29775A8E805, cid=2610, SUCCESS, logIndex=4534, commits[d5132e6f-def8-45c0-b0d2-c5ba43d86628:c4534]
2019-06-13 22:26:54,340 INFO  client.GrpcClientProtocolClient (GrpcClientProtocolClient.java:onNext(254)) - client-43E682E1E07B->d5132e6f-def8-45c0-b0d2-c5ba43d86628: receive RaftClientReply:client-43E682E1E07B->d5132e6f-def8-45c0-b0d2-c5ba43d86628@group-C29775A8E805, cid=2611, SUCCESS, logIndex=4536, commits[d5132e6f-def8-45c0-b0d2-c5ba43d86628:c4537]
2019-06-13 22:26:54,342 INFO  client.GrpcClientProtocolClient (GrpcClientProtocolClient.java:onNext(254)) - client-43E682E1E07B->d5132e6f-def8-45c0-b0d2-c5ba43d86628: receive RaftClientReply:client-43E682E1E07B->d5132e6f-def8-45c0-b0d2-c5ba43d86628@group-C29775A8E805, cid=2612, SUCCESS, logIndex=4537, commits[d5132e6f-def8-45c0-b0d2-c5ba43d86628:c4537]
2019-06-13 22:26:54,349 INFO  client.GrpcClientProtocolClient (GrpcClientProtocolClient.java:onNext(254)) - client-43E682E1E07B->d5132e6f-def8-45c0-b0d2-c5ba43d86628: receive RaftClientReply:client-43E682E1E07B->d5132e6f-def8-45c0-b0d2-c5ba43d86628@group-C29775A8E805, cid=2613, SUCCESS, logIndex=4539, commits[d5132e6f-def8-45c0-b0d2-c5ba43d86628:c4539]
2019-06-13 22:26:54,352 INFO  client.GrpcClientProtocolClient (GrpcClientProtocolClient.java:onNext(254)) - client-43E682E1E07B->d5132e6f-def8-45c0-b0d2-c5ba43d86628: receive RaftClientReply:client-43E682E1E07B->d5132e6f-def8-45c0-b0d2-c5ba43d86628@group-C29775A8E805, cid=2614, SUCCESS, logIndex=4541, commits[d5132e6f-def8-45c0-b0d2-c5ba43d86628:c4541]
2019-06-13 22:26:54,352 INFO  client.GrpcClientProtocolClient (GrpcClientProtocolClient.java:onNext(254)) - client-43E682E1E07B->d5132e6f-def8-45c0-b0d2-c5ba43d86628: receive RaftClientReply:client-43E682E1E07B->d5132e6f-def8-45c0-b0d2-c5ba43d86628@group-C29775A8E805, cid=2615, SUCCESS, logIndex=4542, commits[d5132e6f-def8-45c0-b0d2-c5ba43d86628:c4542]
2019-06-13 22:26:54,354 INFO  client.GrpcClientProtocolClient (GrpcClientProtocolClient.java:onNext(254)) - client-43E682E1E07B->d5132e6f-def8-45c0-b0d2-c5ba43d86628: receive RaftClientReply:client-43E682E1E07B->d5132e6f-def8-45c0-b0d2-c5ba43d86628@group-C29775A8E805, cid=2616, SUCCESS, logIndex=4545, commits[d5132e6f-def8-45c0-b0d2-c5ba43d86628:c4545]
2019-06-13 22:26:54,369 INFO  client.GrpcClientProtocolClient (GrpcClientProtocolClient.java:onNext(254)) - client-43E682E1E07B->d5132e6f-def8-45c0-b0d2-c5ba43d86628: receive RaftClientReply:client-43E682E1E07B->d5132e6f-def8-45c0-b0d2-c5ba43d86628@group-C29775A8E805, cid=2617, SUCCESS, logIndex=4547, commits[d5132e6f-def8-45c0-b0d2-c5ba43d86628:c4547]
2019-06-13 22:26:54,370 INFO  client.GrpcClientProtocolClient (GrpcClientProtocolClient.java:onNext(254)) - client-43E682E1E07B->d5132e6f-def8-45c0-b0d2-c5ba43d86628: receive RaftClientReply:client-43E682E1E07B->d5132e6f-def8-45c0-b0d2-c5ba43d86628@group-C29775A8E805, cid=2618, SUCCESS, logIndex=4549, commits[d5132e6f-def8-45c0-b0d2-c5ba43d86628:c4549]
2019-06-13 22:26:54,371 INFO  client.GrpcClientProtocolClient (GrpcClientProtocolClient.java:onNext(254)) - client-43E682E1E07B->d5132e6f-def8-45c0-b0d2-c5ba43d86628: receive RaftClientReply:client-43E682E1E07B->d5132e6f-def8-45c0-b0d2-c5ba43d86628@group-C29775A8E805, cid=2619, SUCCESS, logIndex=4550, commits[d5132e6f-def8-45c0-b0d2-c5ba43d86628:c4552]
2019-06-13 22:26:54,371 INFO  client.GrpcClientProtocolClient (GrpcClientProtocolClient.java:onNext(254)) - client-43E682E1E07B->d5132e6f-def8-45c0-b0d2-c5ba43d86628: receive RaftClientReply:client-43E682E1E07B->d5132e6f-def8-45c0-b0d2-c5ba43d86628@group-C29775A8E805, cid=2620, SUCCESS, logIndex=4551, commits[d5132e6f-def8-45c0-b0d2-c5ba43d86628:c4552]
2019-06-13 22:26:54,379 INFO  client.GrpcClientProtocolClient (GrpcClientProtocolClient.java:onNext(254)) - client-43E682E1E07B->d5132e6f-def8-45c0-b0d2-c5ba43d86628: receive RaftClientReply:client-43E682E1E07B->d5132e6f-def8-45c0-b0d2-c5ba43d86628@group-C29775A8E805, cid=2621, SUCCESS, logIndex=4553, commits[d5132e6f-def8-45c0-b0d2-c5ba43d86628:c4553]
2019-06-13 22:26:54,380 INFO  client.GrpcClientProtocolClient (GrpcClientProtocolClient.java:onNext(254)) - client-43E682E1E07B->d5132e6f-def8-45c0-b0d2-c5ba43d86628: receive RaftClientReply:client-43E682E1E07B->d5132e6f-def8-45c0-b0d2-c5ba43d86628@group-C29775A8E805, cid=2622, SUCCESS, logIndex=4555, commits[d5132e6f-def8-45c0-b0d2-c5ba43d86628:c4555]
2019-06-13 22:26:54,382 DEBUG block.SCMBlockDeletingService (SCMBlockDeletingService.java:call(138)) - Running DeletedBlockTransactionScanner
2019-06-13 22:26:54,382 DEBUG block.SCMBlockDeletingService (SCMBlockDeletingService.java:call(155)) - Scanned deleted blocks log and got 0 delTX to process.
2019-06-13 22:26:54,383 INFO  client.GrpcClientProtocolClient (GrpcClientProtocolClient.java:onNext(254)) - client-43E682E1E07B->d5132e6f-def8-45c0-b0d2-c5ba43d86628: receive RaftClientReply:client-43E682E1E07B->d5132e6f-def8-45c0-b0d2-c5ba43d86628@group-C29775A8E805, cid=2623, SUCCESS, logIndex=4557, commits[d5132e6f-def8-45c0-b0d2-c5ba43d86628:c4557]
2019-06-13 22:26:54,383 INFO  client.GrpcClientProtocolClient (GrpcClientProtocolClient.java:onNext(254)) - client-43E682E1E07B->d5132e6f-def8-45c0-b0d2-c5ba43d86628: receive RaftClientReply:client-43E682E1E07B->d5132e6f-def8-45c0-b0d2-c5ba43d86628@group-C29775A8E805, cid=2624, SUCCESS, logIndex=4558, commits[d5132e6f-def8-45c0-b0d2-c5ba43d86628:c4558]
2019-06-13 22:26:54,636 DEBUG block.SCMBlockDeletingService (SCMBlockDeletingService.java:call(138)) - Running DeletedBlockTransactionScanner
2019-06-13 22:26:54,636 DEBUG block.SCMBlockDeletingService (SCMBlockDeletingService.java:call(155)) - Scanned deleted blocks log and got 0 delTX to process.
2019-06-13 22:26:54,645 INFO  client.GrpcClientProtocolClient (GrpcClientProtocolClient.java:onNext(254)) - client-43E682E1E07B->d5132e6f-def8-45c0-b0d2-c5ba43d86628: receive RaftClientReply:client-43E682E1E07B->d5132e6f-def8-45c0-b0d2-c5ba43d86628@group-C29775A8E805, cid=2625, SUCCESS, logIndex=4561, commits[d5132e6f-def8-45c0-b0d2-c5ba43d86628:c4562]
2019-06-13 22:26:54,647 INFO  client.GrpcClientProtocolClient (GrpcClientProtocolClient.java:onNext(254)) - client-43E682E1E07B->d5132e6f-def8-45c0-b0d2-c5ba43d86628: receive RaftClientReply:client-43E682E1E07B->d5132e6f-def8-45c0-b0d2-c5ba43d86628@group-C29775A8E805, cid=2626, SUCCESS, logIndex=4563, commits[d5132e6f-def8-45c0-b0d2-c5ba43d86628:c4563]
2019-06-13 22:26:54,648 INFO  client.GrpcClientProtocolClient (GrpcClientProtocolClient.java:onNext(254)) - client-43E682E1E07B->d5132e6f-def8-45c0-b0d2-c5ba43d86628: receive RaftClientReply:client-43E682E1E07B->d5132e6f-def8-45c0-b0d2-c5ba43d86628@group-C29775A8E805, cid=2627, SUCCESS, logIndex=4564, commits[d5132e6f-def8-45c0-b0d2-c5ba43d86628:c4566]
2019-06-13 22:26:54,648 INFO  client.GrpcClientProtocolClient (GrpcClientProtocolClient.java:onNext(254)) - client-43E682E1E07B->d5132e6f-def8-45c0-b0d2-c5ba43d86628: receive RaftClientReply:client-43E682E1E07B->d5132e6f-def8-45c0-b0d2-c5ba43d86628@group-C29775A8E805, cid=2628, SUCCESS, logIndex=4565, commits[d5132e6f-def8-45c0-b0d2-c5ba43d86628:c4566]
2019-06-13 22:26:54,656 INFO  client.GrpcClientProtocolClient (GrpcClientProtocolClient.java:onNext(254)) - client-43E682E1E07B->d5132e6f-def8-45c0-b0d2-c5ba43d86628: receive RaftClientReply:client-43E682E1E07B->d5132e6f-def8-45c0-b0d2-c5ba43d86628@group-C29775A8E805, cid=2629, SUCCESS, logIndex=4567, commits[d5132e6f-def8-45c0-b0d2-c5ba43d86628:c4567]
2019-06-13 22:26:54,657 INFO  client.GrpcClientProtocolClient (GrpcClientProtocolClient.java:onNext(254)) - client-43E682E1E07B->d5132e6f-def8-45c0-b0d2-c5ba43d86628: receive RaftClientReply:client-43E682E1E07B->d5132e6f-def8-45c0-b0d2-c5ba43d86628@group-C29775A8E805, cid=2630, SUCCESS, logIndex=4569, commits[d5132e6f-def8-45c0-b0d2-c5ba43d86628:c4569]
2019-06-13 22:26:54,660 INFO  client.GrpcClientProtocolClient (GrpcClientProtocolClient.java:onNext(254)) - client-43E682E1E07B->d5132e6f-def8-45c0-b0d2-c5ba43d86628: receive RaftClientReply:client-43E682E1E07B->d5132e6f-def8-45c0-b0d2-c5ba43d86628@group-C29775A8E805, cid=2631, SUCCESS, logIndex=4571, commits[d5132e6f-def8-45c0-b0d2-c5ba43d86628:c4571]
2019-06-13 22:26:54,660 INFO  client.GrpcClientProtocolClient (GrpcClientProtocolClient.java:onNext(254)) - client-43E682E1E07B->d5132e6f-def8-45c0-b0d2-c5ba43d86628: receive RaftClientReply:client-43E682E1E07B->d5132e6f-def8-45c0-b0d2-c5ba43d86628@group-C29775A8E805, cid=2632, SUCCESS, logIndex=4572, commits[d5132e6f-def8-45c0-b0d2-c5ba43d86628:c4572]
2019-06-13 22:26:54,671 INFO  client.GrpcClientProtocolClient (GrpcClientProtocolClient.java:onNext(254)) - client-43E682E1E07B->d5132e6f-def8-45c0-b0d2-c5ba43d86628: receive RaftClientReply:client-43E682E1E07B->d5132e6f-def8-45c0-b0d2-c5ba43d86628@group-C29775A8E805, cid=2633, SUCCESS, logIndex=4575, commits[d5132e6f-def8-45c0-b0d2-c5ba43d86628:c4575]
2019-06-13 22:26:54,673 INFO  client.GrpcClientProtocolClient (GrpcClientProtocolClient.java:onNext(254)) - client-43E682E1E07B->d5132e6f-def8-45c0-b0d2-c5ba43d86628: receive RaftClientReply:client-43E682E1E07B->d5132e6f-def8-45c0-b0d2-c5ba43d86628@group-C29775A8E805, cid=2634, SUCCESS, logIndex=4577, commits[d5132e6f-def8-45c0-b0d2-c5ba43d86628:c4577]
2019-06-13 22:26:54,674 INFO  client.GrpcClientProtocolClient (GrpcClientProtocolClient.java:onNext(254)) - client-43E682E1E07B->d5132e6f-def8-45c0-b0d2-c5ba43d86628: receive RaftClientReply:client-43E682E1E07B->d5132e6f-def8-45c0-b0d2-c5ba43d86628@group-C29775A8E805, cid=2635, SUCCESS, logIndex=4578, commits[d5132e6f-def8-45c0-b0d2-c5ba43d86628:c4580]
2019-06-13 22:26:54,674 INFO  client.GrpcClientProtocolClient (GrpcClientProtocolClient.java:onNext(254)) - client-43E682E1E07B->d5132e6f-def8-45c0-b0d2-c5ba43d86628: receive RaftClientReply:client-43E682E1E07B->d5132e6f-def8-45c0-b0d2-c5ba43d86628@group-C29775A8E805, cid=2636, SUCCESS, logIndex=4579, commits[d5132e6f-def8-45c0-b0d2-c5ba43d86628:c4580]
2019-06-13 22:26:54,682 INFO  client.GrpcClientProtocolClient (GrpcClientProtocolClient.java:onNext(254)) - client-43E682E1E07B->d5132e6f-def8-45c0-b0d2-c5ba43d86628: receive RaftClientReply:client-43E682E1E07B->d5132e6f-def8-45c0-b0d2-c5ba43d86628@group-C29775A8E805, cid=2637, SUCCESS, logIndex=4581, commits[d5132e6f-def8-45c0-b0d2-c5ba43d86628:c4581]
2019-06-13 22:26:54,684 INFO  client.GrpcClientProtocolClient (GrpcClientProtocolClient.java:onNext(254)) - client-43E682E1E07B->d5132e6f-def8-45c0-b0d2-c5ba43d86628: receive RaftClientReply:client-43E682E1E07B->d5132e6f-def8-45c0-b0d2-c5ba43d86628@group-C29775A8E805, cid=2638, SUCCESS, logIndex=4583, commits[d5132e6f-def8-45c0-b0d2-c5ba43d86628:c4583]
2019-06-13 22:26:54,685 INFO  client.GrpcClientProtocolClient (GrpcClientProtocolClient.java:onNext(254)) - client-43E682E1E07B->d5132e6f-def8-45c0-b0d2-c5ba43d86628: receive RaftClientReply:client-43E682E1E07B->d5132e6f-def8-45c0-b0d2-c5ba43d86628@group-C29775A8E805, cid=2639, SUCCESS, logIndex=4584, commits[d5132e6f-def8-45c0-b0d2-c5ba43d86628:c4586]
2019-06-13 22:26:54,685 INFO  client.GrpcClientProtocolClient (GrpcClientProtocolClient.java:onNext(254)) - client-43E682E1E07B->d5132e6f-def8-45c0-b0d2-c5ba43d86628: receive RaftClientReply:client-43E682E1E07B->d5132e6f-def8-45c0-b0d2-c5ba43d86628@group-C29775A8E805, cid=2640, SUCCESS, logIndex=4585, commits[d5132e6f-def8-45c0-b0d2-c5ba43d86628:c4586]
2019-06-13 22:26:54,700 INFO  client.GrpcClientProtocolClient (GrpcClientProtocolClient.java:onNext(254)) - client-43E682E1E07B->d5132e6f-def8-45c0-b0d2-c5ba43d86628: receive RaftClientReply:client-43E682E1E07B->d5132e6f-def8-45c0-b0d2-c5ba43d86628@group-C29775A8E805, cid=2641, SUCCESS, logIndex=4587, commits[d5132e6f-def8-45c0-b0d2-c5ba43d86628:c4587]
2019-06-13 22:26:54,702 INFO  client.GrpcClientProtocolClient (GrpcClientProtocolClient.java:onNext(254)) - client-43E682E1E07B->d5132e6f-def8-45c0-b0d2-c5ba43d86628: receive RaftClientReply:client-43E682E1E07B->d5132e6f-def8-45c0-b0d2-c5ba43d86628@group-C29775A8E805, cid=2642, SUCCESS, logIndex=4589, commits[d5132e6f-def8-45c0-b0d2-c5ba43d86628:c4589]
2019-06-13 22:26:54,703 INFO  client.GrpcClientProtocolClient (GrpcClientProtocolClient.java:onNext(254)) - client-43E682E1E07B->d5132e6f-def8-45c0-b0d2-c5ba43d86628: receive RaftClientReply:client-43E682E1E07B->d5132e6f-def8-45c0-b0d2-c5ba43d86628@group-C29775A8E805, cid=2643, SUCCESS, logIndex=4590, commits[d5132e6f-def8-45c0-b0d2-c5ba43d86628:c4591]
2019-06-13 22:26:54,704 INFO  client.GrpcClientProtocolClient (GrpcClientProtocolClient.java:onNext(254)) - client-43E682E1E07B->d5132e6f-def8-45c0-b0d2-c5ba43d86628: receive RaftClientReply:client-43E682E1E07B->d5132e6f-def8-45c0-b0d2-c5ba43d86628@group-C29775A8E805, cid=2644, SUCCESS, logIndex=4591, commits[d5132e6f-def8-45c0-b0d2-c5ba43d86628:c4591]
2019-06-13 22:26:54,710 INFO  client.GrpcClientProtocolClient (GrpcClientProtocolClient.java:onNext(254)) - client-43E682E1E07B->d5132e6f-def8-45c0-b0d2-c5ba43d86628: receive RaftClientReply:client-43E682E1E07B->d5132e6f-def8-45c0-b0d2-c5ba43d86628@group-C29775A8E805, cid=2645, SUCCESS, logIndex=4594, commits[d5132e6f-def8-45c0-b0d2-c5ba43d86628:c4594]
2019-06-13 22:26:54,711 INFO  storage.RaftLogWorker (RaftLogWorker.java:rollLogSegment(303)) - d5132e6f-def8-45c0-b0d2-c5ba43d86628-RaftLogWorker: Rolling segment log-4528_4598 to index:4598
2019-06-13 22:26:54,712 INFO  storage.RaftLogWorker (RaftLogWorker.java:execute(433)) - d5132e6f-def8-45c0-b0d2-c5ba43d86628-RaftLogWorker: Rolled log segment from /opt/src/hadoop-ozone/integration-test/target/test-dir/MiniOzoneClusterImpl-e9ea07bb-4900-4b53-96c1-68f0ab556a80/datanode-0/data/ratis/c7035dd3-cd4a-42fb-880d-c29775a8e805/current/log_inprogress_4528 to /opt/src/hadoop-ozone/integration-test/target/test-dir/MiniOzoneClusterImpl-e9ea07bb-4900-4b53-96c1-68f0ab556a80/datanode-0/data/ratis/c7035dd3-cd4a-42fb-880d-c29775a8e805/current/log_4528-4598
2019-06-13 22:26:54,712 INFO  client.GrpcClientProtocolClient (GrpcClientProtocolClient.java:onNext(254)) - client-43E682E1E07B->d5132e6f-def8-45c0-b0d2-c5ba43d86628: receive RaftClientReply:client-43E682E1E07B->d5132e6f-def8-45c0-b0d2-c5ba43d86628@group-C29775A8E805, cid=2646, SUCCESS, logIndex=4596, commits[d5132e6f-def8-45c0-b0d2-c5ba43d86628:c4596]
2019-06-13 22:26:54,714 INFO  client.GrpcClientProtocolClient (GrpcClientProtocolClient.java:onNext(254)) - client-43E682E1E07B->d5132e6f-def8-45c0-b0d2-c5ba43d86628: receive RaftClientReply:client-43E682E1E07B->d5132e6f-def8-45c0-b0d2-c5ba43d86628@group-C29775A8E805, cid=2647, SUCCESS, logIndex=4597, commits[d5132e6f-def8-45c0-b0d2-c5ba43d86628:c4597]
2019-06-13 22:26:54,737 DEBUG block.SCMBlockDeletingService (SCMBlockDeletingService.java:call(138)) - Running DeletedBlockTransactionScanner
2019-06-13 22:26:54,737 DEBUG block.SCMBlockDeletingService (SCMBlockDeletingService.java:call(155)) - Scanned deleted blocks log and got 0 delTX to process.
2019-06-13 22:26:54,758 INFO  storage.RaftLogWorker (RaftLogWorker.java:execute(469)) - d5132e6f-def8-45c0-b0d2-c5ba43d86628-RaftLogWorker: created new log segment /opt/src/hadoop-ozone/integration-test/target/test-dir/MiniOzoneClusterImpl-e9ea07bb-4900-4b53-96c1-68f0ab556a80/datanode-0/data/ratis/c7035dd3-cd4a-42fb-880d-c29775a8e805/current/log_inprogress_4599
2019-06-13 22:26:54,760 INFO  client.GrpcClientProtocolClient (GrpcClientProtocolClient.java:onNext(254)) - client-43E682E1E07B->d5132e6f-def8-45c0-b0d2-c5ba43d86628: receive RaftClientReply:client-43E682E1E07B->d5132e6f-def8-45c0-b0d2-c5ba43d86628@group-C29775A8E805, cid=2648, SUCCESS, logIndex=4599, commits[d5132e6f-def8-45c0-b0d2-c5ba43d86628:c4600]
2019-06-13 22:26:54,771 INFO  client.GrpcClientProtocolClient (GrpcClientProtocolClient.java:onNext(254)) - client-43E682E1E07B->d5132e6f-def8-45c0-b0d2-c5ba43d86628: receive RaftClientReply:client-43E682E1E07B->d5132e6f-def8-45c0-b0d2-c5ba43d86628@group-C29775A8E805, cid=2649, SUCCESS, logIndex=4601, commits[d5132e6f-def8-45c0-b0d2-c5ba43d86628:c4601]
2019-06-13 22:26:54,774 INFO  client.GrpcClientProtocolClient (GrpcClientProtocolClient.java:onNext(254)) - client-43E682E1E07B->d5132e6f-def8-45c0-b0d2-c5ba43d86628: receive RaftClientReply:client-43E682E1E07B->d5132e6f-def8-45c0-b0d2-c5ba43d86628@group-C29775A8E805, cid=2650, SUCCESS, logIndex=4603, commits[d5132e6f-def8-45c0-b0d2-c5ba43d86628:c4605]
2019-06-13 22:26:54,774 INFO  client.GrpcClientProtocolClient (GrpcClientProtocolClient.java:onNext(254)) - client-43E682E1E07B->d5132e6f-def8-45c0-b0d2-c5ba43d86628: receive RaftClientReply:client-43E682E1E07B->d5132e6f-def8-45c0-b0d2-c5ba43d86628@group-C29775A8E805, cid=2651, SUCCESS, logIndex=4604, commits[d5132e6f-def8-45c0-b0d2-c5ba43d86628:c4605]
2019-06-13 22:26:54,775 INFO  client.GrpcClientProtocolClient (GrpcClientProtocolClient.java:onNext(254)) - client-43E682E1E07B->d5132e6f-def8-45c0-b0d2-c5ba43d86628: receive RaftClientReply:client-43E682E1E07B->d5132e6f-def8-45c0-b0d2-c5ba43d86628@group-C29775A8E805, cid=2652, SUCCESS, logIndex=4605, commits[d5132e6f-def8-45c0-b0d2-c5ba43d86628:c4605]
2019-06-13 22:26:54,837 DEBUG block.SCMBlockDeletingService (SCMBlockDeletingService.java:call(138)) - Running DeletedBlockTransactionScanner
2019-06-13 22:26:54,837 DEBUG block.SCMBlockDeletingService (SCMBlockDeletingService.java:call(155)) - Scanned deleted blocks log and got 0 delTX to process.
2019-06-13 22:26:54,854 INFO  client.GrpcClientProtocolClient (GrpcClientProtocolClient.java:onNext(254)) - client-43E682E1E07B->d5132e6f-def8-45c0-b0d2-c5ba43d86628: receive RaftClientReply:client-43E682E1E07B->d5132e6f-def8-45c0-b0d2-c5ba43d86628@group-C29775A8E805, cid=2653, SUCCESS, logIndex=4607, commits[d5132e6f-def8-45c0-b0d2-c5ba43d86628:c4607]
2019-06-13 22:26:54,863 INFO  client.GrpcClientProtocolClient (GrpcClientProtocolClient.java:onNext(254)) - client-43E682E1E07B->d5132e6f-def8-45c0-b0d2-c5ba43d86628: receive RaftClientReply:client-43E682E1E07B->d5132e6f-def8-45c0-b0d2-c5ba43d86628@group-C29775A8E805, cid=2654, SUCCESS, logIndex=4609, commits[d5132e6f-def8-45c0-b0d2-c5ba43d86628:c4609]
2019-06-13 22:26:54,863 INFO  client.GrpcClientProtocolClient (GrpcClientProtocolClient.java:onNext(254)) - client-43E682E1E07B->d5132e6f-def8-45c0-b0d2-c5ba43d86628: receive RaftClientReply:client-43E682E1E07B->d5132e6f-def8-45c0-b0d2-c5ba43d86628@group-C29775A8E805, cid=2655, SUCCESS, logIndex=4610, commits[d5132e6f-def8-45c0-b0d2-c5ba43d86628:c4611]
2019-06-13 22:26:54,864 INFO  client.GrpcClientProtocolClient (GrpcClientProtocolClient.java:onNext(254)) - client-43E682E1E07B->d5132e6f-def8-45c0-b0d2-c5ba43d86628: receive RaftClientReply:client-43E682E1E07B->d5132e6f-def8-45c0-b0d2-c5ba43d86628@group-C29775A8E805, cid=2656, SUCCESS, logIndex=4611, commits[d5132e6f-def8-45c0-b0d2-c5ba43d86628:c4611]
2019-06-13 22:26:54,880 INFO  client.GrpcClientProtocolClient (GrpcClientProtocolClient.java:onNext(254)) - client-43E682E1E07B->d5132e6f-def8-45c0-b0d2-c5ba43d86628: receive RaftClientReply:client-43E682E1E07B->d5132e6f-def8-45c0-b0d2-c5ba43d86628@group-C29775A8E805, cid=2657, SUCCESS, logIndex=4614, commits[d5132e6f-def8-45c0-b0d2-c5ba43d86628:c4614]
2019-06-13 22:26:54,882 INFO  client.GrpcClientProtocolClient (GrpcClientProtocolClient.java:onNext(254)) - client-43E682E1E07B->d5132e6f-def8-45c0-b0d2-c5ba43d86628: receive RaftClientReply:client-43E682E1E07B->d5132e6f-def8-45c0-b0d2-c5ba43d86628@group-C29775A8E805, cid=2658, SUCCESS, logIndex=4616, commits[d5132e6f-def8-45c0-b0d2-c5ba43d86628:c4616]
2019-06-13 22:26:54,883 INFO  client.GrpcClientProtocolClient (GrpcClientProtocolClient.java:onNext(254)) - client-43E682E1E07B->d5132e6f-def8-45c0-b0d2-c5ba43d86628: receive RaftClientReply:client-43E682E1E07B->d5132e6f-def8-45c0-b0d2-c5ba43d86628@group-C29775A8E805, cid=2659, SUCCESS, logIndex=4617, commits[d5132e6f-def8-45c0-b0d2-c5ba43d86628:c4619]
2019-06-13 22:26:54,883 INFO  client.GrpcClientProtocolClient (GrpcClientProtocolClient.java:onNext(254)) - client-43E682E1E07B->d5132e6f-def8-45c0-b0d2-c5ba43d86628: receive RaftClientReply:client-43E682E1E07B->d5132e6f-def8-45c0-b0d2-c5ba43d86628@group-C29775A8E805, cid=2660, SUCCESS, logIndex=4618, commits[d5132e6f-def8-45c0-b0d2-c5ba43d86628:c4619]
2019-06-13 22:26:54,890 INFO  client.GrpcClientProtocolClient (GrpcClientProtocolClient.java:onNext(254)) - client-43E682E1E07B->d5132e6f-def8-45c0-b0d2-c5ba43d86628: receive RaftClientReply:client-43E682E1E07B->d5132e6f-def8-45c0-b0d2-c5ba43d86628@group-C29775A8E805, cid=2661, SUCCESS, logIndex=4620, commits[d5132e6f-def8-45c0-b0d2-c5ba43d86628:c4620]
2019-06-13 22:26:54,892 INFO  client.GrpcClientProtocolClient (GrpcClientProtocolClient.java:onNext(254)) - client-43E682E1E07B->d5132e6f-def8-45c0-b0d2-c5ba43d86628: receive RaftClientReply:client-43E682E1E07B->d5132e6f-def8-45c0-b0d2-c5ba43d86628@group-C29775A8E805, cid=2662, SUCCESS, logIndex=4622, commits[d5132e6f-def8-45c0-b0d2-c5ba43d86628:c4622]
2019-06-13 22:26:54,893 INFO  client.GrpcClientProtocolClient (GrpcClientProtocolClient.java:onNext(254)) - client-43E682E1E07B->d5132e6f-def8-45c0-b0d2-c5ba43d86628: receive RaftClientReply:client-43E682E1E07B->d5132e6f-def8-45c0-b0d2-c5ba43d86628@group-C29775A8E805, cid=2663, SUCCESS, logIndex=4623, commits[d5132e6f-def8-45c0-b0d2-c5ba43d86628:c4624]
2019-06-13 22:26:54,893 INFO  client.GrpcClientProtocolClient (GrpcClientProtocolClient.java:onNext(254)) - client-43E682E1E07B->d5132e6f-def8-45c0-b0d2-c5ba43d86628: receive RaftClientReply:client-43E682E1E07B->d5132e6f-def8-45c0-b0d2-c5ba43d86628@group-C29775A8E805, cid=2664, SUCCESS, logIndex=4624, commits[d5132e6f-def8-45c0-b0d2-c5ba43d86628:c4624]
2019-06-13 22:26:54,910 INFO  client.GrpcClientProtocolClient (GrpcClientProtocolClient.java:onNext(254)) - client-43E682E1E07B->d5132e6f-def8-45c0-b0d2-c5ba43d86628: receive RaftClientReply:client-43E682E1E07B->d5132e6f-def8-45c0-b0d2-c5ba43d86628@group-C29775A8E805, cid=2665, SUCCESS, logIndex=4627, commits[d5132e6f-def8-45c0-b0d2-c5ba43d86628:c4628]
2019-06-13 22:26:54,915 INFO  client.GrpcClientProtocolClient (GrpcClientProtocolClient.java:onNext(254)) - client-43E682E1E07B->d5132e6f-def8-45c0-b0d2-c5ba43d86628: receive RaftClientReply:client-43E682E1E07B->d5132e6f-def8-45c0-b0d2-c5ba43d86628@group-C29775A8E805, cid=2666, SUCCESS, logIndex=4629, commits[d5132e6f-def8-45c0-b0d2-c5ba43d86628:c4629]
2019-06-13 22:26:54,915 INFO  client.GrpcClientProtocolClient (GrpcClientProtocolClient.java:onNext(254)) - client-43E682E1E07B->d5132e6f-def8-45c0-b0d2-c5ba43d86628: receive RaftClientReply:client-43E682E1E07B->d5132e6f-def8-45c0-b0d2-c5ba43d86628@group-C29775A8E805, cid=2667, SUCCESS, logIndex=4630, commits[d5132e6f-def8-45c0-b0d2-c5ba43d86628:c4631]
2019-06-13 22:26:54,916 INFO  client.GrpcClientProtocolClient (GrpcClientProtocolClient.java:onNext(254)) - client-43E682E1E07B->d5132e6f-def8-45c0-b0d2-c5ba43d86628: receive RaftClientReply:client-43E682E1E07B->d5132e6f-def8-45c0-b0d2-c5ba43d86628@group-C29775A8E805, cid=2668, SUCCESS, logIndex=4632, commits[d5132e6f-def8-45c0-b0d2-c5ba43d86628:c4632]
2019-06-13 22:26:54,928 INFO  client.GrpcClientProtocolClient (GrpcClientProtocolClient.java:onNext(254)) - client-43E682E1E07B->d5132e6f-def8-45c0-b0d2-c5ba43d86628: receive RaftClientReply:client-43E682E1E07B->d5132e6f-def8-45c0-b0d2-c5ba43d86628@group-C29775A8E805, cid=2669, SUCCESS, logIndex=4634, commits[d5132e6f-def8-45c0-b0d2-c5ba43d86628:c4634]
2019-06-13 22:26:54,937 DEBUG block.SCMBlockDeletingService (SCMBlockDeletingService.java:call(138)) - Running DeletedBlockTransactionScanner
2019-06-13 22:26:54,938 DEBUG block.SCMBlockDeletingService (SCMBlockDeletingService.java:call(155)) - Scanned deleted blocks log and got 0 delTX to process.
2019-06-13 22:26:54,942 INFO  client.GrpcClientProtocolClient (GrpcClientProtocolClient.java:onNext(254)) - client-43E682E1E07B->d5132e6f-def8-45c0-b0d2-c5ba43d86628: receive RaftClientReply:client-43E682E1E07B->d5132e6f-def8-45c0-b0d2-c5ba43d86628@group-C29775A8E805, cid=2670, SUCCESS, logIndex=4636, commits[d5132e6f-def8-45c0-b0d2-c5ba43d86628:c4636]
2019-06-13 22:26:54,942 INFO  client.GrpcClientProtocolClient (GrpcClientProtocolClient.java:onNext(254)) - client-43E682E1E07B->d5132e6f-def8-45c0-b0d2-c5ba43d86628: receive RaftClientReply:client-43E682E1E07B->d5132e6f-def8-45c0-b0d2-c5ba43d86628@group-C29775A8E805, cid=2671, SUCCESS, logIndex=4637, commits[d5132e6f-def8-45c0-b0d2-c5ba43d86628:c4639]
2019-06-13 22:26:54,943 INFO  client.GrpcClientProtocolClient (GrpcClientProtocolClient.java:onNext(254)) - client-43E682E1E07B->d5132e6f-def8-45c0-b0d2-c5ba43d86628: receive RaftClientReply:client-43E682E1E07B->d5132e6f-def8-45c0-b0d2-c5ba43d86628@group-C29775A8E805, cid=2672, SUCCESS, logIndex=4638, commits[d5132e6f-def8-45c0-b0d2-c5ba43d86628:c4639]
2019-06-13 22:26:54,957 INFO  client.GrpcClientProtocolClient (GrpcClientProtocolClient.java:onNext(254)) - client-43E682E1E07B->d5132e6f-def8-45c0-b0d2-c5ba43d86628: receive RaftClientReply:client-43E682E1E07B->d5132e6f-def8-45c0-b0d2-c5ba43d86628@group-C29775A8E805, cid=2673, SUCCESS, logIndex=4640, commits[d5132e6f-def8-45c0-b0d2-c5ba43d86628:c4640]
2019-06-13 22:26:54,961 INFO  client.GrpcClientProtocolClient (GrpcClientProtocolClient.java:onNext(254)) - client-43E682E1E07B->d5132e6f-def8-45c0-b0d2-c5ba43d86628: receive RaftClientReply:client-43E682E1E07B->d5132e6f-def8-45c0-b0d2-c5ba43d86628@group-C29775A8E805, cid=2674, SUCCESS, logIndex=4642, commits[d5132e6f-def8-45c0-b0d2-c5ba43d86628:c4642]
2019-06-13 22:26:54,965 INFO  client.GrpcClientProtocolClient (GrpcClientProtocolClient.java:onNext(254)) - client-43E682E1E07B->d5132e6f-def8-45c0-b0d2-c5ba43d86628: receive RaftClientReply:client-43E682E1E07B->d5132e6f-def8-45c0-b0d2-c5ba43d86628@group-C29775A8E805, cid=2675, SUCCESS, logIndex=4643, commits[d5132e6f-def8-45c0-b0d2-c5ba43d86628:c4644]
2019-06-13 22:26:54,966 INFO  client.GrpcClientProtocolClient (GrpcClientProtocolClient.java:onNext(254)) - client-43E682E1E07B->d5132e6f-def8-45c0-b0d2-c5ba43d86628: receive RaftClientReply:client-43E682E1E07B->d5132e6f-def8-45c0-b0d2-c5ba43d86628@group-C29775A8E805, cid=2676, SUCCESS, logIndex=4644, commits[d5132e6f-def8-45c0-b0d2-c5ba43d86628:c4644]
2019-06-13 22:26:54,973 INFO  client.GrpcClientProtocolClient (GrpcClientProtocolClient.java:onNext(254)) - client-43E682E1E07B->d5132e6f-def8-45c0-b0d2-c5ba43d86628: receive RaftClientReply:client-43E682E1E07B->d5132e6f-def8-45c0-b0d2-c5ba43d86628@group-C29775A8E805, cid=2677, SUCCESS, logIndex=4647, commits[d5132e6f-def8-45c0-b0d2-c5ba43d86628:c4647]
2019-06-13 22:26:54,974 INFO  client.GrpcClientProtocolClient (GrpcClientProtocolClient.java:onNext(254)) - client-43E682E1E07B->d5132e6f-def8-45c0-b0d2-c5ba43d86628: receive RaftClientReply:client-43E682E1E07B->d5132e6f-def8-45c0-b0d2-c5ba43d86628@group-C29775A8E805, cid=2678, SUCCESS, logIndex=4649, commits[d5132e6f-def8-45c0-b0d2-c5ba43d86628:c4649]
2019-06-13 22:26:54,976 INFO  client.GrpcClientProtocolClient (GrpcClientProtocolClient.java:onNext(254)) - client-43E682E1E07B->d5132e6f-def8-45c0-b0d2-c5ba43d86628: receive RaftClientReply:client-43E682E1E07B->d5132e6f-def8-45c0-b0d2-c5ba43d86628@group-C29775A8E805, cid=2679, SUCCESS, logIndex=4651, commits[d5132e6f-def8-45c0-b0d2-c5ba43d86628:c4652]
2019-06-13 22:26:54,977 INFO  client.GrpcClientProtocolClient (GrpcClientProtocolClient.java:onNext(254)) - client-43E682E1E07B->d5132e6f-def8-45c0-b0d2-c5ba43d86628: receive RaftClientReply:client-43E682E1E07B->d5132e6f-def8-45c0-b0d2-c5ba43d86628@group-C29775A8E805, cid=2680, SUCCESS, logIndex=4652, commits[d5132e6f-def8-45c0-b0d2-c5ba43d86628:c4652]
2019-06-13 22:26:54,987 INFO  client.GrpcClientProtocolClient (GrpcClientProtocolClient.java:onNext(254)) - client-43E682E1E07B->d5132e6f-def8-45c0-b0d2-c5ba43d86628: receive RaftClientReply:client-43E682E1E07B->d5132e6f-def8-45c0-b0d2-c5ba43d86628@group-C29775A8E805, cid=2681, SUCCESS, logIndex=4654, commits[d5132e6f-def8-45c0-b0d2-c5ba43d86628:c4654]
2019-06-13 22:26:54,988 INFO  client.GrpcClientProtocolClient (GrpcClientProtocolClient.java:onNext(254)) - client-43E682E1E07B->d5132e6f-def8-45c0-b0d2-c5ba43d86628: receive RaftClientReply:client-43E682E1E07B->d5132e6f-def8-45c0-b0d2-c5ba43d86628@group-C29775A8E805, cid=2682, SUCCESS, logIndex=4656, commits[d5132e6f-def8-45c0-b0d2-c5ba43d86628:c4656]
2019-06-13 22:26:54,990 INFO  client.GrpcClientProtocolClient (GrpcClientProtocolClient.java:onNext(254)) - client-43E682E1E07B->d5132e6f-def8-45c0-b0d2-c5ba43d86628: receive RaftClientReply:client-43E682E1E07B->d5132e6f-def8-45c0-b0d2-c5ba43d86628@group-C29775A8E805, cid=2683, SUCCESS, logIndex=4657, commits[d5132e6f-def8-45c0-b0d2-c5ba43d86628:c4659]
2019-06-13 22:26:54,990 INFO  client.GrpcClientProtocolClient (GrpcClientProtocolClient.java:onNext(254)) - client-43E682E1E07B->d5132e6f-def8-45c0-b0d2-c5ba43d86628: receive RaftClientReply:client-43E682E1E07B->d5132e6f-def8-45c0-b0d2-c5ba43d86628@group-C29775A8E805, cid=2684, SUCCESS, logIndex=4658, commits[d5132e6f-def8-45c0-b0d2-c5ba43d86628:c4659]
2019-06-13 22:26:54,997 INFO  client.GrpcClientProtocolClient (GrpcClientProtocolClient.java:onNext(254)) - client-43E682E1E07B->d5132e6f-def8-45c0-b0d2-c5ba43d86628: receive RaftClientReply:client-43E682E1E07B->d5132e6f-def8-45c0-b0d2-c5ba43d86628@group-C29775A8E805, cid=2685, SUCCESS, logIndex=4660, commits[d5132e6f-def8-45c0-b0d2-c5ba43d86628:c4660]
2019-06-13 22:26:54,999 INFO  client.GrpcClientProtocolClient (GrpcClientProtocolClient.java:onNext(254)) - client-43E682E1E07B->d5132e6f-def8-45c0-b0d2-c5ba43d86628: receive RaftClientReply:client-43E682E1E07B->d5132e6f-def8-45c0-b0d2-c5ba43d86628@group-C29775A8E805, cid=2686, SUCCESS, logIndex=4662, commits[d5132e6f-def8-45c0-b0d2-c5ba43d86628:c4662]
2019-06-13 22:26:54,999 INFO  client.GrpcClientProtocolClient (GrpcClientProtocolClient.java:onNext(254)) - client-43E682E1E07B->d5132e6f-def8-45c0-b0d2-c5ba43d86628: receive RaftClientReply:client-43E682E1E07B->d5132e6f-def8-45c0-b0d2-c5ba43d86628@group-C29775A8E805, cid=2687, SUCCESS, logIndex=4663, commits[d5132e6f-def8-45c0-b0d2-c5ba43d86628:c4664]
2019-06-13 22:26:55,000 INFO  client.GrpcClientProtocolClient (GrpcClientProtocolClient.java:onNext(254)) - client-43E682E1E07B->d5132e6f-def8-45c0-b0d2-c5ba43d86628: receive RaftClientReply:client-43E682E1E07B->d5132e6f-def8-45c0-b0d2-c5ba43d86628@group-C29775A8E805, cid=2688, SUCCESS, logIndex=4664, commits[d5132e6f-def8-45c0-b0d2-c5ba43d86628:c4664]
2019-06-13 22:26:55,011 INFO  client.GrpcClientProtocolClient (GrpcClientProtocolClient.java:onNext(254)) - client-43E682E1E07B->d5132e6f-def8-45c0-b0d2-c5ba43d86628: receive RaftClientReply:client-43E682E1E07B->d5132e6f-def8-45c0-b0d2-c5ba43d86628@group-C29775A8E805, cid=2689, SUCCESS, logIndex=4667, commits[d5132e6f-def8-45c0-b0d2-c5ba43d86628:c4667]
2019-06-13 22:26:55,012 INFO  client.GrpcClientProtocolClient (GrpcClientProtocolClient.java:onNext(254)) - client-43E682E1E07B->d5132e6f-def8-45c0-b0d2-c5ba43d86628: receive RaftClientReply:client-43E682E1E07B->d5132e6f-def8-45c0-b0d2-c5ba43d86628@group-C29775A8E805, cid=2690, SUCCESS, logIndex=4669, commits[d5132e6f-def8-45c0-b0d2-c5ba43d86628:c4669]
2019-06-13 22:26:55,012 INFO  storage.RaftLogWorker (RaftLogWorker.java:rollLogSegment(303)) - d5132e6f-def8-45c0-b0d2-c5ba43d86628-RaftLogWorker: Rolling segment log-4599_4670 to index:4670
2019-06-13 22:26:55,013 INFO  storage.RaftLogWorker (RaftLogWorker.java:execute(433)) - d5132e6f-def8-45c0-b0d2-c5ba43d86628-RaftLogWorker: Rolled log segment from /opt/src/hadoop-ozone/integration-test/target/test-dir/MiniOzoneClusterImpl-e9ea07bb-4900-4b53-96c1-68f0ab556a80/datanode-0/data/ratis/c7035dd3-cd4a-42fb-880d-c29775a8e805/current/log_inprogress_4599 to /opt/src/hadoop-ozone/integration-test/target/test-dir/MiniOzoneClusterImpl-e9ea07bb-4900-4b53-96c1-68f0ab556a80/datanode-0/data/ratis/c7035dd3-cd4a-42fb-880d-c29775a8e805/current/log_4599-4670
2019-06-13 22:26:55,038 DEBUG block.SCMBlockDeletingService (SCMBlockDeletingService.java:call(138)) - Running DeletedBlockTransactionScanner
2019-06-13 22:26:55,038 DEBUG block.SCMBlockDeletingService (SCMBlockDeletingService.java:call(155)) - Scanned deleted blocks log and got 0 delTX to process.
2019-06-13 22:26:55,055 INFO  storage.RaftLogWorker (RaftLogWorker.java:execute(469)) - d5132e6f-def8-45c0-b0d2-c5ba43d86628-RaftLogWorker: created new log segment /opt/src/hadoop-ozone/integration-test/target/test-dir/MiniOzoneClusterImpl-e9ea07bb-4900-4b53-96c1-68f0ab556a80/datanode-0/data/ratis/c7035dd3-cd4a-42fb-880d-c29775a8e805/current/log_inprogress_4671
2019-06-13 22:26:55,057 INFO  client.GrpcClientProtocolClient (GrpcClientProtocolClient.java:onNext(254)) - client-43E682E1E07B->d5132e6f-def8-45c0-b0d2-c5ba43d86628: receive RaftClientReply:client-43E682E1E07B->d5132e6f-def8-45c0-b0d2-c5ba43d86628@group-C29775A8E805, cid=2691, SUCCESS, logIndex=4671, commits[d5132e6f-def8-45c0-b0d2-c5ba43d86628:c4671]
2019-06-13 22:26:55,058 INFO  client.GrpcClientProtocolClient (GrpcClientProtocolClient.java:onNext(254)) - client-43E682E1E07B->d5132e6f-def8-45c0-b0d2-c5ba43d86628: receive RaftClientReply:client-43E682E1E07B->d5132e6f-def8-45c0-b0d2-c5ba43d86628@group-C29775A8E805, cid=2692, SUCCESS, logIndex=4673, commits[d5132e6f-def8-45c0-b0d2-c5ba43d86628:c4673]
2019-06-13 22:26:55,065 INFO  client.GrpcClientProtocolClient (GrpcClientProtocolClient.java:onNext(254)) - client-43E682E1E07B->d5132e6f-def8-45c0-b0d2-c5ba43d86628: receive RaftClientReply:client-43E682E1E07B->d5132e6f-def8-45c0-b0d2-c5ba43d86628@group-C29775A8E805, cid=2693, SUCCESS, logIndex=4675, commits[d5132e6f-def8-45c0-b0d2-c5ba43d86628:c4675]
2019-06-13 22:26:55,066 INFO  client.GrpcClientProtocolClient (GrpcClientProtocolClient.java:onNext(254)) - client-43E682E1E07B->d5132e6f-def8-45c0-b0d2-c5ba43d86628: receive RaftClientReply:client-43E682E1E07B->d5132e6f-def8-45c0-b0d2-c5ba43d86628@group-C29775A8E805, cid=2694, SUCCESS, logIndex=4677, commits[d5132e6f-def8-45c0-b0d2-c5ba43d86628:c4677]
2019-06-13 22:26:55,068 INFO  client.GrpcClientProtocolClient (GrpcClientProtocolClient.java:onNext(254)) - client-43E682E1E07B->d5132e6f-def8-45c0-b0d2-c5ba43d86628: receive RaftClientReply:client-43E682E1E07B->d5132e6f-def8-45c0-b0d2-c5ba43d86628@group-C29775A8E805, cid=2695, SUCCESS, logIndex=4679, commits[d5132e6f-def8-45c0-b0d2-c5ba43d86628:c4680]
2019-06-13 22:26:55,068 INFO  client.GrpcClientProtocolClient (GrpcClientProtocolClient.java:onNext(254)) - client-43E682E1E07B->d5132e6f-def8-45c0-b0d2-c5ba43d86628: receive RaftClientReply:client-43E682E1E07B->d5132e6f-def8-45c0-b0d2-c5ba43d86628@group-C29775A8E805, cid=2696, SUCCESS, logIndex=4680, commits[d5132e6f-def8-45c0-b0d2-c5ba43d86628:c4680]
2019-06-13 22:26:55,174 DEBUG block.SCMBlockDeletingService (SCMBlockDeletingService.java:call(138)) - Running DeletedBlockTransactionScanner
2019-06-13 22:26:55,174 DEBUG block.SCMBlockDeletingService (SCMBlockDeletingService.java:call(155)) - Scanned deleted blocks log and got 0 delTX to process.
2019-06-13 22:26:55,203 INFO  client.GrpcClientProtocolClient (GrpcClientProtocolClient.java:onNext(254)) - client-43E682E1E07B->d5132e6f-def8-45c0-b0d2-c5ba43d86628: receive RaftClientReply:client-43E682E1E07B->d5132e6f-def8-45c0-b0d2-c5ba43d86628@group-C29775A8E805, cid=2697, SUCCESS, logIndex=4682, commits[d5132e6f-def8-45c0-b0d2-c5ba43d86628:c4682]
2019-06-13 22:26:55,205 INFO  client.GrpcClientProtocolClient (GrpcClientProtocolClient.java:onNext(254)) - client-43E682E1E07B->d5132e6f-def8-45c0-b0d2-c5ba43d86628: receive RaftClientReply:client-43E682E1E07B->d5132e6f-def8-45c0-b0d2-c5ba43d86628@group-C29775A8E805, cid=2698, SUCCESS, logIndex=4684, commits[d5132e6f-def8-45c0-b0d2-c5ba43d86628:c4684]
2019-06-13 22:26:55,206 INFO  client.GrpcClientProtocolClient (GrpcClientProtocolClient.java:onNext(254)) - client-43E682E1E07B->d5132e6f-def8-45c0-b0d2-c5ba43d86628: receive RaftClientReply:client-43E682E1E07B->d5132e6f-def8-45c0-b0d2-c5ba43d86628@group-C29775A8E805, cid=2699, SUCCESS, logIndex=4685, commits[d5132e6f-def8-45c0-b0d2-c5ba43d86628:c4685]
2019-06-13 22:26:55,206 INFO  client.GrpcClientProtocolClient (GrpcClientProtocolClient.java:onNext(254)) - client-43E682E1E07B->d5132e6f-def8-45c0-b0d2-c5ba43d86628: receive RaftClientReply:client-43E682E1E07B->d5132e6f-def8-45c0-b0d2-c5ba43d86628@group-C29775A8E805, cid=2700, SUCCESS, logIndex=4687, commits[d5132e6f-def8-45c0-b0d2-c5ba43d86628:c4687]
2019-06-13 22:26:55,218 INFO  client.GrpcClientProtocolClient (GrpcClientProtocolClient.java:onNext(254)) - client-43E682E1E07B->d5132e6f-def8-45c0-b0d2-c5ba43d86628: receive RaftClientReply:client-43E682E1E07B->d5132e6f-def8-45c0-b0d2-c5ba43d86628@group-C29775A8E805, cid=2701, SUCCESS, logIndex=4690, commits[d5132e6f-def8-45c0-b0d2-c5ba43d86628:c4690]
2019-06-13 22:26:55,237 INFO  client.GrpcClientProtocolClient (GrpcClientProtocolClient.java:onNext(254)) - client-43E682E1E07B->d5132e6f-def8-45c0-b0d2-c5ba43d86628: receive RaftClientReply:client-43E682E1E07B->d5132e6f-def8-45c0-b0d2-c5ba43d86628@group-C29775A8E805, cid=2702, SUCCESS, logIndex=4692, commits[d5132e6f-def8-45c0-b0d2-c5ba43d86628:c4693]
2019-06-13 22:26:55,240 INFO  client.GrpcClientProtocolClient (GrpcClientProtocolClient.java:onNext(254)) - client-43E682E1E07B->d5132e6f-def8-45c0-b0d2-c5ba43d86628: receive RaftClientReply:client-43E682E1E07B->d5132e6f-def8-45c0-b0d2-c5ba43d86628@group-C29775A8E805, cid=2703, SUCCESS, logIndex=4694, commits[d5132e6f-def8-45c0-b0d2-c5ba43d86628:c4695]
2019-06-13 22:26:55,240 INFO  client.GrpcClientProtocolClient (GrpcClientProtocolClient.java:onNext(254)) - client-43E682E1E07B->d5132e6f-def8-45c0-b0d2-c5ba43d86628: receive RaftClientReply:client-43E682E1E07B->d5132e6f-def8-45c0-b0d2-c5ba43d86628@group-C29775A8E805, cid=2704, SUCCESS, logIndex=4695, commits[d5132e6f-def8-45c0-b0d2-c5ba43d86628:c4695]
2019-06-13 22:26:55,251 INFO  client.GrpcClientProtocolClient (GrpcClientProtocolClient.java:onNext(254)) - client-43E682E1E07B->d5132e6f-def8-45c0-b0d2-c5ba43d86628: receive RaftClientReply:client-43E682E1E07B->d5132e6f-def8-45c0-b0d2-c5ba43d86628@group-C29775A8E805, cid=2705, SUCCESS, logIndex=4697, commits[d5132e6f-def8-45c0-b0d2-c5ba43d86628:c4697]
2019-06-13 22:26:55,254 INFO  client.GrpcClientProtocolClient (GrpcClientProtocolClient.java:onNext(254)) - client-43E682E1E07B->d5132e6f-def8-45c0-b0d2-c5ba43d86628: receive RaftClientReply:client-43E682E1E07B->d5132e6f-def8-45c0-b0d2-c5ba43d86628@group-C29775A8E805, cid=2706, SUCCESS, logIndex=4699, commits[d5132e6f-def8-45c0-b0d2-c5ba43d86628:c4699]
2019-06-13 22:26:55,254 INFO  client.GrpcClientProtocolClient (GrpcClientProtocolClient.java:onNext(254)) - client-43E682E1E07B->d5132e6f-def8-45c0-b0d2-c5ba43d86628: receive RaftClientReply:client-43E682E1E07B->d5132e6f-def8-45c0-b0d2-c5ba43d86628@group-C29775A8E805, cid=2707, SUCCESS, logIndex=4700, commits[d5132e6f-def8-45c0-b0d2-c5ba43d86628:c4701]
2019-06-13 22:26:55,254 INFO  client.GrpcClientProtocolClient (GrpcClientProtocolClient.java:onNext(254)) - client-43E682E1E07B->d5132e6f-def8-45c0-b0d2-c5ba43d86628: receive RaftClientReply:client-43E682E1E07B->d5132e6f-def8-45c0-b0d2-c5ba43d86628@group-C29775A8E805, cid=2708, SUCCESS, logIndex=4701, commits[d5132e6f-def8-45c0-b0d2-c5ba43d86628:c4702]
2019-06-13 22:26:55,261 INFO  client.GrpcClientProtocolClient (GrpcClientProtocolClient.java:onNext(254)) - client-43E682E1E07B->d5132e6f-def8-45c0-b0d2-c5ba43d86628: receive RaftClientReply:client-43E682E1E07B->d5132e6f-def8-45c0-b0d2-c5ba43d86628@group-C29775A8E805, cid=2709, SUCCESS, logIndex=4704, commits[d5132e6f-def8-45c0-b0d2-c5ba43d86628:c4704]
2019-06-13 22:26:55,262 INFO  client.GrpcClientProtocolClient (GrpcClientProtocolClient.java:onNext(254)) - client-43E682E1E07B->d5132e6f-def8-45c0-b0d2-c5ba43d86628: receive RaftClientReply:client-43E682E1E07B->d5132e6f-def8-45c0-b0d2-c5ba43d86628@group-C29775A8E805, cid=2710, SUCCESS, logIndex=4706, commits[d5132e6f-def8-45c0-b0d2-c5ba43d86628:c4706]
2019-06-13 22:26:55,263 INFO  client.GrpcClientProtocolClient (GrpcClientProtocolClient.java:onNext(254)) - client-43E682E1E07B->d5132e6f-def8-45c0-b0d2-c5ba43d86628: receive RaftClientReply:client-43E682E1E07B->d5132e6f-def8-45c0-b0d2-c5ba43d86628@group-C29775A8E805, cid=2711, SUCCESS, logIndex=4707, commits[d5132e6f-def8-45c0-b0d2-c5ba43d86628:c4709]
2019-06-13 22:26:55,264 INFO  client.GrpcClientProtocolClient (GrpcClientProtocolClient.java:onNext(254)) - client-43E682E1E07B->d5132e6f-def8-45c0-b0d2-c5ba43d86628: receive RaftClientReply:client-43E682E1E07B->d5132e6f-def8-45c0-b0d2-c5ba43d86628@group-C29775A8E805, cid=2712, SUCCESS, logIndex=4708, commits[d5132e6f-def8-45c0-b0d2-c5ba43d86628:c4709]
2019-06-13 22:26:55,273 INFO  client.GrpcClientProtocolClient (GrpcClientProtocolClient.java:onNext(254)) - client-43E682E1E07B->d5132e6f-def8-45c0-b0d2-c5ba43d86628: receive RaftClientReply:client-43E682E1E07B->d5132e6f-def8-45c0-b0d2-c5ba43d86628@group-C29775A8E805, cid=2713, SUCCESS, logIndex=4710, commits[d5132e6f-def8-45c0-b0d2-c5ba43d86628:c4710]
2019-06-13 22:26:55,275 DEBUG block.SCMBlockDeletingService (SCMBlockDeletingService.java:call(138)) - Running DeletedBlockTransactionScanner
2019-06-13 22:26:55,275 DEBUG block.SCMBlockDeletingService (SCMBlockDeletingService.java:call(155)) - Scanned deleted blocks log and got 0 delTX to process.
2019-06-13 22:26:55,276 INFO  client.GrpcClientProtocolClient (GrpcClientProtocolClient.java:onNext(254)) - client-43E682E1E07B->d5132e6f-def8-45c0-b0d2-c5ba43d86628: receive RaftClientReply:client-43E682E1E07B->d5132e6f-def8-45c0-b0d2-c5ba43d86628@group-C29775A8E805, cid=2714, SUCCESS, logIndex=4712, commits[d5132e6f-def8-45c0-b0d2-c5ba43d86628:c4712]
2019-06-13 22:26:55,276 INFO  client.GrpcClientProtocolClient (GrpcClientProtocolClient.java:onNext(254)) - client-43E682E1E07B->d5132e6f-def8-45c0-b0d2-c5ba43d86628: receive RaftClientReply:client-43E682E1E07B->d5132e6f-def8-45c0-b0d2-c5ba43d86628@group-C29775A8E805, cid=2715, SUCCESS, logIndex=4713, commits[d5132e6f-def8-45c0-b0d2-c5ba43d86628:c4715]
2019-06-13 22:26:55,276 INFO  client.GrpcClientProtocolClient (GrpcClientProtocolClient.java:onNext(254)) - client-43E682E1E07B->d5132e6f-def8-45c0-b0d2-c5ba43d86628: receive RaftClientReply:client-43E682E1E07B->d5132e6f-def8-45c0-b0d2-c5ba43d86628@group-C29775A8E805, cid=2716, SUCCESS, logIndex=4714, commits[d5132e6f-def8-45c0-b0d2-c5ba43d86628:c4715]
2019-06-13 22:26:55,282 INFO  client.GrpcClientProtocolClient (GrpcClientProtocolClient.java:onNext(254)) - client-43E682E1E07B->d5132e6f-def8-45c0-b0d2-c5ba43d86628: receive RaftClientReply:client-43E682E1E07B->d5132e6f-def8-45c0-b0d2-c5ba43d86628@group-C29775A8E805, cid=2717, SUCCESS, logIndex=4716, commits[d5132e6f-def8-45c0-b0d2-c5ba43d86628:c4716]
2019-06-13 22:26:55,283 INFO  client.GrpcClientProtocolClient (GrpcClientProtocolClient.java:onNext(254)) - client-43E682E1E07B->d5132e6f-def8-45c0-b0d2-c5ba43d86628: receive RaftClientReply:client-43E682E1E07B->d5132e6f-def8-45c0-b0d2-c5ba43d86628@group-C29775A8E805, cid=2718, SUCCESS, logIndex=4718, commits[d5132e6f-def8-45c0-b0d2-c5ba43d86628:c4718]
2019-06-13 22:26:55,286 INFO  client.GrpcClientProtocolClient (GrpcClientProtocolClient.java:onNext(254)) - client-43E682E1E07B->d5132e6f-def8-45c0-b0d2-c5ba43d86628: receive RaftClientReply:client-43E682E1E07B->d5132e6f-def8-45c0-b0d2-c5ba43d86628@group-C29775A8E805, cid=2719, SUCCESS, logIndex=4720, commits[d5132e6f-def8-45c0-b0d2-c5ba43d86628:c4721]
2019-06-13 22:26:55,286 INFO  client.GrpcClientProtocolClient (GrpcClientProtocolClient.java:onNext(254)) - client-43E682E1E07B->d5132e6f-def8-45c0-b0d2-c5ba43d86628: receive RaftClientReply:client-43E682E1E07B->d5132e6f-def8-45c0-b0d2-c5ba43d86628@group-C29775A8E805, cid=2720, SUCCESS, logIndex=4721, commits[d5132e6f-def8-45c0-b0d2-c5ba43d86628:c4721]
2019-06-13 22:26:55,299 INFO  client.GrpcClientProtocolClient (GrpcClientProtocolClient.java:onNext(254)) - client-43E682E1E07B->d5132e6f-def8-45c0-b0d2-c5ba43d86628: receive RaftClientReply:client-43E682E1E07B->d5132e6f-def8-45c0-b0d2-c5ba43d86628@group-C29775A8E805, cid=2721, SUCCESS, logIndex=4723, commits[d5132e6f-def8-45c0-b0d2-c5ba43d86628:c4723]
2019-06-13 22:26:55,304 INFO  client.GrpcClientProtocolClient (GrpcClientProtocolClient.java:onNext(254)) - client-43E682E1E07B->d5132e6f-def8-45c0-b0d2-c5ba43d86628: receive RaftClientReply:client-43E682E1E07B->d5132e6f-def8-45c0-b0d2-c5ba43d86628@group-C29775A8E805, cid=2722, SUCCESS, logIndex=4725, commits[d5132e6f-def8-45c0-b0d2-c5ba43d86628:c4725]
2019-06-13 22:26:55,310 INFO  client.GrpcClientProtocolClient (GrpcClientProtocolClient.java:onNext(254)) - client-43E682E1E07B->d5132e6f-def8-45c0-b0d2-c5ba43d86628: receive RaftClientReply:client-43E682E1E07B->d5132e6f-def8-45c0-b0d2-c5ba43d86628@group-C29775A8E805, cid=2723, SUCCESS, logIndex=4727, commits[d5132e6f-def8-45c0-b0d2-c5ba43d86628:c4728]
2019-06-13 22:26:55,310 INFO  client.GrpcClientProtocolClient (GrpcClientProtocolClient.java:onNext(254)) - client-43E682E1E07B->d5132e6f-def8-45c0-b0d2-c5ba43d86628: receive RaftClientReply:client-43E682E1E07B->d5132e6f-def8-45c0-b0d2-c5ba43d86628@group-C29775A8E805, cid=2724, SUCCESS, logIndex=4728, commits[d5132e6f-def8-45c0-b0d2-c5ba43d86628:c4728]
2019-06-13 22:26:55,322 INFO  client.GrpcClientProtocolClient (GrpcClientProtocolClient.java:onNext(254)) - client-43E682E1E07B->d5132e6f-def8-45c0-b0d2-c5ba43d86628: receive RaftClientReply:client-43E682E1E07B->d5132e6f-def8-45c0-b0d2-c5ba43d86628@group-C29775A8E805, cid=2725, SUCCESS, logIndex=4730, commits[d5132e6f-def8-45c0-b0d2-c5ba43d86628:c4730]
2019-06-13 22:26:55,326 INFO  client.GrpcClientProtocolClient (GrpcClientProtocolClient.java:onNext(254)) - client-43E682E1E07B->d5132e6f-def8-45c0-b0d2-c5ba43d86628: receive RaftClientReply:client-43E682E1E07B->d5132e6f-def8-45c0-b0d2-c5ba43d86628@group-C29775A8E805, cid=2726, SUCCESS, logIndex=4732, commits[d5132e6f-def8-45c0-b0d2-c5ba43d86628:c4732]
2019-06-13 22:26:55,330 INFO  client.GrpcClientProtocolClient (GrpcClientProtocolClient.java:onNext(254)) - client-43E682E1E07B->d5132e6f-def8-45c0-b0d2-c5ba43d86628: receive RaftClientReply:client-43E682E1E07B->d5132e6f-def8-45c0-b0d2-c5ba43d86628@group-C29775A8E805, cid=2727, SUCCESS, logIndex=4733, commits[d5132e6f-def8-45c0-b0d2-c5ba43d86628:c4735]
2019-06-13 22:26:55,334 INFO  client.GrpcClientProtocolClient (GrpcClientProtocolClient.java:onNext(254)) - client-43E682E1E07B->d5132e6f-def8-45c0-b0d2-c5ba43d86628: receive RaftClientReply:client-43E682E1E07B->d5132e6f-def8-45c0-b0d2-c5ba43d86628@group-C29775A8E805, cid=2728, SUCCESS, logIndex=4734, commits[d5132e6f-def8-45c0-b0d2-c5ba43d86628:c4735]
2019-06-13 22:26:55,345 INFO  client.GrpcClientProtocolClient (GrpcClientProtocolClient.java:onNext(254)) - client-43E682E1E07B->d5132e6f-def8-45c0-b0d2-c5ba43d86628: receive RaftClientReply:client-43E682E1E07B->d5132e6f-def8-45c0-b0d2-c5ba43d86628@group-C29775A8E805, cid=2729, SUCCESS, logIndex=4736, commits[d5132e6f-def8-45c0-b0d2-c5ba43d86628:c4736]
2019-06-13 22:26:55,347 INFO  client.GrpcClientProtocolClient (GrpcClientProtocolClient.java:onNext(254)) - client-43E682E1E07B->d5132e6f-def8-45c0-b0d2-c5ba43d86628: receive RaftClientReply:client-43E682E1E07B->d5132e6f-def8-45c0-b0d2-c5ba43d86628@group-C29775A8E805, cid=2730, SUCCESS, logIndex=4738, commits[d5132e6f-def8-45c0-b0d2-c5ba43d86628:c4738]
2019-06-13 22:26:55,348 INFO  client.GrpcClientProtocolClient (GrpcClientProtocolClient.java:onNext(254)) - client-43E682E1E07B->d5132e6f-def8-45c0-b0d2-c5ba43d86628: receive RaftClientReply:client-43E682E1E07B->d5132e6f-def8-45c0-b0d2-c5ba43d86628@group-C29775A8E805, cid=2731, SUCCESS, logIndex=4739, commits[d5132e6f-def8-45c0-b0d2-c5ba43d86628:c4741]
2019-06-13 22:26:55,348 INFO  client.GrpcClientProtocolClient (GrpcClientProtocolClient.java:onNext(254)) - client-43E682E1E07B->d5132e6f-def8-45c0-b0d2-c5ba43d86628: receive RaftClientReply:client-43E682E1E07B->d5132e6f-def8-45c0-b0d2-c5ba43d86628@group-C29775A8E805, cid=2732, SUCCESS, logIndex=4740, commits[d5132e6f-def8-45c0-b0d2-c5ba43d86628:c4741]
2019-06-13 22:26:55,355 INFO  storage.RaftLogWorker (RaftLogWorker.java:rollLogSegment(303)) - d5132e6f-def8-45c0-b0d2-c5ba43d86628-RaftLogWorker: Rolling segment log-4671_4743 to index:4743
2019-06-13 22:26:55,355 INFO  client.GrpcClientProtocolClient (GrpcClientProtocolClient.java:onNext(254)) - client-43E682E1E07B->d5132e6f-def8-45c0-b0d2-c5ba43d86628: receive RaftClientReply:client-43E682E1E07B->d5132e6f-def8-45c0-b0d2-c5ba43d86628@group-C29775A8E805, cid=2733, SUCCESS, logIndex=4742, commits[d5132e6f-def8-45c0-b0d2-c5ba43d86628:c4742]
2019-06-13 22:26:55,355 INFO  storage.RaftLogWorker (RaftLogWorker.java:execute(433)) - d5132e6f-def8-45c0-b0d2-c5ba43d86628-RaftLogWorker: Rolled log segment from /opt/src/hadoop-ozone/integration-test/target/test-dir/MiniOzoneClusterImpl-e9ea07bb-4900-4b53-96c1-68f0ab556a80/datanode-0/data/ratis/c7035dd3-cd4a-42fb-880d-c29775a8e805/current/log_inprogress_4671 to /opt/src/hadoop-ozone/integration-test/target/test-dir/MiniOzoneClusterImpl-e9ea07bb-4900-4b53-96c1-68f0ab556a80/datanode-0/data/ratis/c7035dd3-cd4a-42fb-880d-c29775a8e805/current/log_4671-4743
2019-06-13 22:26:55,375 DEBUG block.SCMBlockDeletingService (SCMBlockDeletingService.java:call(138)) - Running DeletedBlockTransactionScanner
2019-06-13 22:26:55,376 DEBUG block.SCMBlockDeletingService (SCMBlockDeletingService.java:call(155)) - Scanned deleted blocks log and got 0 delTX to process.
2019-06-13 22:26:55,394 INFO  storage.RaftLogWorker (RaftLogWorker.java:execute(469)) - d5132e6f-def8-45c0-b0d2-c5ba43d86628-RaftLogWorker: created new log segment /opt/src/hadoop-ozone/integration-test/target/test-dir/MiniOzoneClusterImpl-e9ea07bb-4900-4b53-96c1-68f0ab556a80/datanode-0/data/ratis/c7035dd3-cd4a-42fb-880d-c29775a8e805/current/log_inprogress_4744
2019-06-13 22:26:55,396 INFO  client.GrpcClientProtocolClient (GrpcClientProtocolClient.java:onNext(254)) - client-43E682E1E07B->d5132e6f-def8-45c0-b0d2-c5ba43d86628: receive RaftClientReply:client-43E682E1E07B->d5132e6f-def8-45c0-b0d2-c5ba43d86628@group-C29775A8E805, cid=2734, SUCCESS, logIndex=4744, commits[d5132e6f-def8-45c0-b0d2-c5ba43d86628:c4744]
2019-06-13 22:26:55,401 INFO  client.GrpcClientProtocolClient (GrpcClientProtocolClient.java:onNext(254)) - client-43E682E1E07B->d5132e6f-def8-45c0-b0d2-c5ba43d86628: receive RaftClientReply:client-43E682E1E07B->d5132e6f-def8-45c0-b0d2-c5ba43d86628@group-C29775A8E805, cid=2735, SUCCESS, logIndex=4746, commits[d5132e6f-def8-45c0-b0d2-c5ba43d86628:c4747]
2019-06-13 22:26:55,401 INFO  client.GrpcClientProtocolClient (GrpcClientProtocolClient.java:onNext(254)) - client-43E682E1E07B->d5132e6f-def8-45c0-b0d2-c5ba43d86628: receive RaftClientReply:client-43E682E1E07B->d5132e6f-def8-45c0-b0d2-c5ba43d86628@group-C29775A8E805, cid=2736, SUCCESS, logIndex=4747, commits[d5132e6f-def8-45c0-b0d2-c5ba43d86628:c4747]
2019-06-13 22:26:55,418 INFO  client.GrpcClientProtocolClient (GrpcClientProtocolClient.java:onNext(254)) - client-43E682E1E07B->d5132e6f-def8-45c0-b0d2-c5ba43d86628: receive RaftClientReply:client-43E682E1E07B->d5132e6f-def8-45c0-b0d2-c5ba43d86628@group-C29775A8E805, cid=2737, SUCCESS, logIndex=4749, commits[d5132e6f-def8-45c0-b0d2-c5ba43d86628:c4749]
2019-06-13 22:26:55,422 INFO  client.GrpcClientProtocolClient (GrpcClientProtocolClient.java:onNext(254)) - client-43E682E1E07B->d5132e6f-def8-45c0-b0d2-c5ba43d86628: receive RaftClientReply:client-43E682E1E07B->d5132e6f-def8-45c0-b0d2-c5ba43d86628@group-C29775A8E805, cid=2738, SUCCESS, logIndex=4751, commits[d5132e6f-def8-45c0-b0d2-c5ba43d86628:c4751]
2019-06-13 22:26:55,423 INFO  client.GrpcClientProtocolClient (GrpcClientProtocolClient.java:onNext(254)) - client-43E682E1E07B->d5132e6f-def8-45c0-b0d2-c5ba43d86628: receive RaftClientReply:client-43E682E1E07B->d5132e6f-def8-45c0-b0d2-c5ba43d86628@group-C29775A8E805, cid=2739, SUCCESS, logIndex=4752, commits[d5132e6f-def8-45c0-b0d2-c5ba43d86628:c4754]
2019-06-13 22:26:55,423 INFO  client.GrpcClientProtocolClient (GrpcClientProtocolClient.java:onNext(254)) - client-43E682E1E07B->d5132e6f-def8-45c0-b0d2-c5ba43d86628: receive RaftClientReply:client-43E682E1E07B->d5132e6f-def8-45c0-b0d2-c5ba43d86628@group-C29775A8E805, cid=2740, SUCCESS, logIndex=4754, commits[d5132e6f-def8-45c0-b0d2-c5ba43d86628:c4754]
2019-06-13 22:26:55,476 DEBUG block.SCMBlockDeletingService (SCMBlockDeletingService.java:call(138)) - Running DeletedBlockTransactionScanner
2019-06-13 22:26:55,476 DEBUG block.SCMBlockDeletingService (SCMBlockDeletingService.java:call(155)) - Scanned deleted blocks log and got 0 delTX to process.
2019-06-13 22:26:55,508 INFO  client.GrpcClientProtocolClient (GrpcClientProtocolClient.java:onNext(254)) - client-43E682E1E07B->d5132e6f-def8-45c0-b0d2-c5ba43d86628: receive RaftClientReply:client-43E682E1E07B->d5132e6f-def8-45c0-b0d2-c5ba43d86628@group-C29775A8E805, cid=2741, SUCCESS, logIndex=4756, commits[d5132e6f-def8-45c0-b0d2-c5ba43d86628:c4756]
2019-06-13 22:26:55,509 INFO  client.GrpcClientProtocolClient (GrpcClientProtocolClient.java:onNext(254)) - client-43E682E1E07B->d5132e6f-def8-45c0-b0d2-c5ba43d86628: receive RaftClientReply:client-43E682E1E07B->d5132e6f-def8-45c0-b0d2-c5ba43d86628@group-C29775A8E805, cid=2742, SUCCESS, logIndex=4758, commits[d5132e6f-def8-45c0-b0d2-c5ba43d86628:c4758]
2019-06-13 22:26:55,511 INFO  client.GrpcClientProtocolClient (GrpcClientProtocolClient.java:onNext(254)) - client-43E682E1E07B->d5132e6f-def8-45c0-b0d2-c5ba43d86628: receive RaftClientReply:client-43E682E1E07B->d5132e6f-def8-45c0-b0d2-c5ba43d86628@group-C29775A8E805, cid=2743, SUCCESS, logIndex=4759, commits[d5132e6f-def8-45c0-b0d2-c5ba43d86628:c4761]
2019-06-13 22:26:55,511 INFO  client.GrpcClientProtocolClient (GrpcClientProtocolClient.java:onNext(254)) - client-43E682E1E07B->d5132e6f-def8-45c0-b0d2-c5ba43d86628: receive RaftClientReply:client-43E682E1E07B->d5132e6f-def8-45c0-b0d2-c5ba43d86628@group-C29775A8E805, cid=2744, SUCCESS, logIndex=4760, commits[d5132e6f-def8-45c0-b0d2-c5ba43d86628:c4761]
2019-06-13 22:26:55,524 INFO  client.GrpcClientProtocolClient (GrpcClientProtocolClient.java:onNext(254)) - client-43E682E1E07B->d5132e6f-def8-45c0-b0d2-c5ba43d86628: receive RaftClientReply:client-43E682E1E07B->d5132e6f-def8-45c0-b0d2-c5ba43d86628@group-C29775A8E805, cid=2745, SUCCESS, logIndex=4762, commits[d5132e6f-def8-45c0-b0d2-c5ba43d86628:c4763]
2019-06-13 22:26:55,534 INFO  client.GrpcClientProtocolClient (GrpcClientProtocolClient.java:onNext(254)) - client-43E682E1E07B->d5132e6f-def8-45c0-b0d2-c5ba43d86628: receive RaftClientReply:client-43E682E1E07B->d5132e6f-def8-45c0-b0d2-c5ba43d86628@group-C29775A8E805, cid=2746, SUCCESS, logIndex=4764, commits[d5132e6f-def8-45c0-b0d2-c5ba43d86628:c4764]
2019-06-13 22:26:55,534 INFO  client.GrpcClientProtocolClient (GrpcClientProtocolClient.java:onNext(254)) - client-43E682E1E07B->d5132e6f-def8-45c0-b0d2-c5ba43d86628: receive RaftClientReply:client-43E682E1E07B->d5132e6f-def8-45c0-b0d2-c5ba43d86628@group-C29775A8E805, cid=2747, SUCCESS, logIndex=4765, commits[d5132e6f-def8-45c0-b0d2-c5ba43d86628:c4767]
2019-06-13 22:26:55,535 INFO  client.GrpcClientProtocolClient (GrpcClientProtocolClient.java:onNext(254)) - client-43E682E1E07B->d5132e6f-def8-45c0-b0d2-c5ba43d86628: receive RaftClientReply:client-43E682E1E07B->d5132e6f-def8-45c0-b0d2-c5ba43d86628@group-C29775A8E805, cid=2748, SUCCESS, logIndex=4767, commits[d5132e6f-def8-45c0-b0d2-c5ba43d86628:c4767]
2019-06-13 22:26:55,541 INFO  client.GrpcClientProtocolClient (GrpcClientProtocolClient.java:onNext(254)) - client-43E682E1E07B->d5132e6f-def8-45c0-b0d2-c5ba43d86628: receive RaftClientReply:client-43E682E1E07B->d5132e6f-def8-45c0-b0d2-c5ba43d86628@group-C29775A8E805, cid=2749, SUCCESS, logIndex=4769, commits[d5132e6f-def8-45c0-b0d2-c5ba43d86628:c4769]
2019-06-13 22:26:55,543 INFO  client.GrpcClientProtocolClient (GrpcClientProtocolClient.java:onNext(254)) - client-43E682E1E07B->d5132e6f-def8-45c0-b0d2-c5ba43d86628: receive RaftClientReply:client-43E682E1E07B->d5132e6f-def8-45c0-b0d2-c5ba43d86628@group-C29775A8E805, cid=2750, SUCCESS, logIndex=4771, commits[d5132e6f-def8-45c0-b0d2-c5ba43d86628:c4771]
2019-06-13 22:26:55,544 INFO  client.GrpcClientProtocolClient (GrpcClientProtocolClient.java:onNext(254)) - client-43E682E1E07B->d5132e6f-def8-45c0-b0d2-c5ba43d86628: receive RaftClientReply:client-43E682E1E07B->d5132e6f-def8-45c0-b0d2-c5ba43d86628@group-C29775A8E805, cid=2751, SUCCESS, logIndex=4772, commits[d5132e6f-def8-45c0-b0d2-c5ba43d86628:c4774]
2019-06-13 22:26:55,544 INFO  client.GrpcClientProtocolClient (GrpcClientProtocolClient.java:onNext(254)) - client-43E682E1E07B->d5132e6f-def8-45c0-b0d2-c5ba43d86628: receive RaftClientReply:client-43E682E1E07B->d5132e6f-def8-45c0-b0d2-c5ba43d86628@group-C29775A8E805, cid=2752, SUCCESS, logIndex=4773, commits[d5132e6f-def8-45c0-b0d2-c5ba43d86628:c4774]
2019-06-13 22:26:55,557 INFO  client.GrpcClientProtocolClient (GrpcClientProtocolClient.java:onNext(254)) - client-43E682E1E07B->d5132e6f-def8-45c0-b0d2-c5ba43d86628: receive RaftClientReply:client-43E682E1E07B->d5132e6f-def8-45c0-b0d2-c5ba43d86628@group-C29775A8E805, cid=2753, SUCCESS, logIndex=4775, commits[d5132e6f-def8-45c0-b0d2-c5ba43d86628:c4775]
2019-06-13 22:26:55,559 INFO  client.GrpcClientProtocolClient (GrpcClientProtocolClient.java:onNext(254)) - client-43E682E1E07B->d5132e6f-def8-45c0-b0d2-c5ba43d86628: receive RaftClientReply:client-43E682E1E07B->d5132e6f-def8-45c0-b0d2-c5ba43d86628@group-C29775A8E805, cid=2754, SUCCESS, logIndex=4777, commits[d5132e6f-def8-45c0-b0d2-c5ba43d86628:c4777]
2019-06-13 22:26:55,559 INFO  client.GrpcClientProtocolClient (GrpcClientProtocolClient.java:onNext(254)) - client-43E682E1E07B->d5132e6f-def8-45c0-b0d2-c5ba43d86628: receive RaftClientReply:client-43E682E1E07B->d5132e6f-def8-45c0-b0d2-c5ba43d86628@group-C29775A8E805, cid=2755, SUCCESS, logIndex=4778, commits[d5132e6f-def8-45c0-b0d2-c5ba43d86628:c4778]
2019-06-13 22:26:55,560 INFO  client.GrpcClientProtocolClient (GrpcClientProtocolClient.java:onNext(254)) - client-43E682E1E07B->d5132e6f-def8-45c0-b0d2-c5ba43d86628: receive RaftClientReply:client-43E682E1E07B->d5132e6f-def8-45c0-b0d2-c5ba43d86628@group-C29775A8E805, cid=2756, SUCCESS, logIndex=4780, commits[d5132e6f-def8-45c0-b0d2-c5ba43d86628:c4780]
2019-06-13 22:26:55,568 INFO  client.GrpcClientProtocolClient (GrpcClientProtocolClient.java:onNext(254)) - client-43E682E1E07B->d5132e6f-def8-45c0-b0d2-c5ba43d86628: receive RaftClientReply:client-43E682E1E07B->d5132e6f-def8-45c0-b0d2-c5ba43d86628@group-C29775A8E805, cid=2757, SUCCESS, logIndex=4783, commits[d5132e6f-def8-45c0-b0d2-c5ba43d86628:c4783]
2019-06-13 22:26:55,570 INFO  client.GrpcClientProtocolClient (GrpcClientProtocolClient.java:onNext(254)) - client-43E682E1E07B->d5132e6f-def8-45c0-b0d2-c5ba43d86628: receive RaftClientReply:client-43E682E1E07B->d5132e6f-def8-45c0-b0d2-c5ba43d86628@group-C29775A8E805, cid=2758, SUCCESS, logIndex=4785, commits[d5132e6f-def8-45c0-b0d2-c5ba43d86628:c4785]
2019-06-13 22:26:55,570 INFO  client.GrpcClientProtocolClient (GrpcClientProtocolClient.java:onNext(254)) - client-43E682E1E07B->d5132e6f-def8-45c0-b0d2-c5ba43d86628: receive RaftClientReply:client-43E682E1E07B->d5132e6f-def8-45c0-b0d2-c5ba43d86628@group-C29775A8E805, cid=2759, SUCCESS, logIndex=4786, commits[d5132e6f-def8-45c0-b0d2-c5ba43d86628:c4786]
2019-06-13 22:26:55,571 INFO  client.GrpcClientProtocolClient (GrpcClientProtocolClient.java:onNext(254)) - client-43E682E1E07B->d5132e6f-def8-45c0-b0d2-c5ba43d86628: receive RaftClientReply:client-43E682E1E07B->d5132e6f-def8-45c0-b0d2-c5ba43d86628@group-C29775A8E805, cid=2760, SUCCESS, logIndex=4788, commits[d5132e6f-def8-45c0-b0d2-c5ba43d86628:c4788]
2019-06-13 22:26:55,577 DEBUG block.SCMBlockDeletingService (SCMBlockDeletingService.java:call(138)) - Running DeletedBlockTransactionScanner
2019-06-13 22:26:55,577 DEBUG block.SCMBlockDeletingService (SCMBlockDeletingService.java:call(155)) - Scanned deleted blocks log and got 0 delTX to process.
2019-06-13 22:26:55,581 INFO  client.GrpcClientProtocolClient (GrpcClientProtocolClient.java:onNext(254)) - client-43E682E1E07B->d5132e6f-def8-45c0-b0d2-c5ba43d86628: receive RaftClientReply:client-43E682E1E07B->d5132e6f-def8-45c0-b0d2-c5ba43d86628@group-C29775A8E805, cid=2761, SUCCESS, logIndex=4791, commits[d5132e6f-def8-45c0-b0d2-c5ba43d86628:c4791]
2019-06-13 22:26:55,583 INFO  client.GrpcClientProtocolClient (GrpcClientProtocolClient.java:onNext(254)) - client-43E682E1E07B->d5132e6f-def8-45c0-b0d2-c5ba43d86628: receive RaftClientReply:client-43E682E1E07B->d5132e6f-def8-45c0-b0d2-c5ba43d86628@group-C29775A8E805, cid=2762, SUCCESS, logIndex=4793, commits[d5132e6f-def8-45c0-b0d2-c5ba43d86628:c4793]
2019-06-13 22:26:55,584 INFO  client.GrpcClientProtocolClient (GrpcClientProtocolClient.java:onNext(254)) - client-43E682E1E07B->d5132e6f-def8-45c0-b0d2-c5ba43d86628: receive RaftClientReply:client-43E682E1E07B->d5132e6f-def8-45c0-b0d2-c5ba43d86628@group-C29775A8E805, cid=2763, SUCCESS, logIndex=4794, commits[d5132e6f-def8-45c0-b0d2-c5ba43d86628:c4794]
2019-06-13 22:26:55,584 INFO  client.GrpcClientProtocolClient (GrpcClientProtocolClient.java:onNext(254)) - client-43E682E1E07B->d5132e6f-def8-45c0-b0d2-c5ba43d86628: receive RaftClientReply:client-43E682E1E07B->d5132e6f-def8-45c0-b0d2-c5ba43d86628@group-C29775A8E805, cid=2764, SUCCESS, logIndex=4796, commits[d5132e6f-def8-45c0-b0d2-c5ba43d86628:c4796]
2019-06-13 22:26:55,591 INFO  client.GrpcClientProtocolClient (GrpcClientProtocolClient.java:onNext(254)) - client-43E682E1E07B->d5132e6f-def8-45c0-b0d2-c5ba43d86628: receive RaftClientReply:client-43E682E1E07B->d5132e6f-def8-45c0-b0d2-c5ba43d86628@group-C29775A8E805, cid=2765, SUCCESS, logIndex=4799, commits[d5132e6f-def8-45c0-b0d2-c5ba43d86628:c4799]
2019-06-13 22:26:55,592 INFO  client.GrpcClientProtocolClient (GrpcClientProtocolClient.java:onNext(254)) - client-43E682E1E07B->d5132e6f-def8-45c0-b0d2-c5ba43d86628: receive RaftClientReply:client-43E682E1E07B->d5132e6f-def8-45c0-b0d2-c5ba43d86628@group-C29775A8E805, cid=2766, SUCCESS, logIndex=4801, commits[d5132e6f-def8-45c0-b0d2-c5ba43d86628:c4801]
2019-06-13 22:26:55,594 INFO  client.GrpcClientProtocolClient (GrpcClientProtocolClient.java:onNext(254)) - client-43E682E1E07B->d5132e6f-def8-45c0-b0d2-c5ba43d86628: receive RaftClientReply:client-43E682E1E07B->d5132e6f-def8-45c0-b0d2-c5ba43d86628@group-C29775A8E805, cid=2767, SUCCESS, logIndex=4803, commits[d5132e6f-def8-45c0-b0d2-c5ba43d86628:c4804]
2019-06-13 22:26:55,595 INFO  client.GrpcClientProtocolClient (GrpcClientProtocolClient.java:onNext(254)) - client-43E682E1E07B->d5132e6f-def8-45c0-b0d2-c5ba43d86628: receive RaftClientReply:client-43E682E1E07B->d5132e6f-def8-45c0-b0d2-c5ba43d86628@group-C29775A8E805, cid=2768, SUCCESS, logIndex=4804, commits[d5132e6f-def8-45c0-b0d2-c5ba43d86628:c4804]
2019-06-13 22:26:55,607 INFO  client.GrpcClientProtocolClient (GrpcClientProtocolClient.java:onNext(254)) - client-43E682E1E07B->d5132e6f-def8-45c0-b0d2-c5ba43d86628: receive RaftClientReply:client-43E682E1E07B->d5132e6f-def8-45c0-b0d2-c5ba43d86628@group-C29775A8E805, cid=2769, SUCCESS, logIndex=4806, commits[d5132e6f-def8-45c0-b0d2-c5ba43d86628:c4806]
2019-06-13 22:26:55,608 INFO  client.GrpcClientProtocolClient (GrpcClientProtocolClient.java:onNext(254)) - client-43E682E1E07B->d5132e6f-def8-45c0-b0d2-c5ba43d86628: receive RaftClientReply:client-43E682E1E07B->d5132e6f-def8-45c0-b0d2-c5ba43d86628@group-C29775A8E805, cid=2770, SUCCESS, logIndex=4808, commits[d5132e6f-def8-45c0-b0d2-c5ba43d86628:c4808]
2019-06-13 22:26:55,610 INFO  client.GrpcClientProtocolClient (GrpcClientProtocolClient.java:onNext(254)) - client-43E682E1E07B->d5132e6f-def8-45c0-b0d2-c5ba43d86628: receive RaftClientReply:client-43E682E1E07B->d5132e6f-def8-45c0-b0d2-c5ba43d86628@group-C29775A8E805, cid=2771, SUCCESS, logIndex=4809, commits[d5132e6f-def8-45c0-b0d2-c5ba43d86628:c4811]
2019-06-13 22:26:55,610 INFO  client.GrpcClientProtocolClient (GrpcClientProtocolClient.java:onNext(254)) - client-43E682E1E07B->d5132e6f-def8-45c0-b0d2-c5ba43d86628: receive RaftClientReply:client-43E682E1E07B->d5132e6f-def8-45c0-b0d2-c5ba43d86628@group-C29775A8E805, cid=2772, SUCCESS, logIndex=4810, commits[d5132e6f-def8-45c0-b0d2-c5ba43d86628:c4811]
2019-06-13 22:26:55,664 INFO  client.GrpcClientProtocolClient (GrpcClientProtocolClient.java:onNext(254)) - client-43E682E1E07B->d5132e6f-def8-45c0-b0d2-c5ba43d86628: receive RaftClientReply:client-43E682E1E07B->d5132e6f-def8-45c0-b0d2-c5ba43d86628@group-C29775A8E805, cid=2773, SUCCESS, logIndex=4812, commits[d5132e6f-def8-45c0-b0d2-c5ba43d86628:c4812]
2019-06-13 22:26:55,666 INFO  client.GrpcClientProtocolClient (GrpcClientProtocolClient.java:onNext(254)) - client-43E682E1E07B->d5132e6f-def8-45c0-b0d2-c5ba43d86628: receive RaftClientReply:client-43E682E1E07B->d5132e6f-def8-45c0-b0d2-c5ba43d86628@group-C29775A8E805, cid=2774, SUCCESS, logIndex=4814, commits[d5132e6f-def8-45c0-b0d2-c5ba43d86628:c4814]
2019-06-13 22:26:55,666 INFO  storage.RaftLogWorker (RaftLogWorker.java:rollLogSegment(303)) - d5132e6f-def8-45c0-b0d2-c5ba43d86628-RaftLogWorker: Rolling segment log-4744_4816 to index:4816
2019-06-13 22:26:55,671 INFO  storage.RaftLogWorker (RaftLogWorker.java:execute(433)) - d5132e6f-def8-45c0-b0d2-c5ba43d86628-RaftLogWorker: Rolled log segment from /opt/src/hadoop-ozone/integration-test/target/test-dir/MiniOzoneClusterImpl-e9ea07bb-4900-4b53-96c1-68f0ab556a80/datanode-0/data/ratis/c7035dd3-cd4a-42fb-880d-c29775a8e805/current/log_inprogress_4744 to /opt/src/hadoop-ozone/integration-test/target/test-dir/MiniOzoneClusterImpl-e9ea07bb-4900-4b53-96c1-68f0ab556a80/datanode-0/data/ratis/c7035dd3-cd4a-42fb-880d-c29775a8e805/current/log_4744-4816
2019-06-13 22:26:55,672 INFO  client.GrpcClientProtocolClient (GrpcClientProtocolClient.java:onNext(254)) - client-43E682E1E07B->d5132e6f-def8-45c0-b0d2-c5ba43d86628: receive RaftClientReply:client-43E682E1E07B->d5132e6f-def8-45c0-b0d2-c5ba43d86628@group-C29775A8E805, cid=2775, SUCCESS, logIndex=4816, commits[d5132e6f-def8-45c0-b0d2-c5ba43d86628:c4816]
2019-06-13 22:26:55,677 DEBUG block.SCMBlockDeletingService (SCMBlockDeletingService.java:call(138)) - Running DeletedBlockTransactionScanner
2019-06-13 22:26:55,677 DEBUG block.SCMBlockDeletingService (SCMBlockDeletingService.java:call(155)) - Scanned deleted blocks log and got 0 delTX to process.
2019-06-13 22:26:55,716 INFO  storage.RaftLogWorker (RaftLogWorker.java:execute(469)) - d5132e6f-def8-45c0-b0d2-c5ba43d86628-RaftLogWorker: created new log segment /opt/src/hadoop-ozone/integration-test/target/test-dir/MiniOzoneClusterImpl-e9ea07bb-4900-4b53-96c1-68f0ab556a80/datanode-0/data/ratis/c7035dd3-cd4a-42fb-880d-c29775a8e805/current/log_inprogress_4817
2019-06-13 22:26:55,718 INFO  client.GrpcClientProtocolClient (GrpcClientProtocolClient.java:onNext(254)) - client-43E682E1E07B->d5132e6f-def8-45c0-b0d2-c5ba43d86628: receive RaftClientReply:client-43E682E1E07B->d5132e6f-def8-45c0-b0d2-c5ba43d86628@group-C29775A8E805, cid=2776, SUCCESS, logIndex=4817, commits[d5132e6f-def8-45c0-b0d2-c5ba43d86628:c4818]
2019-06-13 22:26:55,730 INFO  client.GrpcClientProtocolClient (GrpcClientProtocolClient.java:onNext(254)) - client-43E682E1E07B->d5132e6f-def8-45c0-b0d2-c5ba43d86628: receive RaftClientReply:client-43E682E1E07B->d5132e6f-def8-45c0-b0d2-c5ba43d86628@group-C29775A8E805, cid=2777, SUCCESS, logIndex=4819, commits[d5132e6f-def8-45c0-b0d2-c5ba43d86628:c4819]
2019-06-13 22:26:55,733 INFO  client.GrpcClientProtocolClient (GrpcClientProtocolClient.java:onNext(254)) - client-43E682E1E07B->d5132e6f-def8-45c0-b0d2-c5ba43d86628: receive RaftClientReply:client-43E682E1E07B->d5132e6f-def8-45c0-b0d2-c5ba43d86628@group-C29775A8E805, cid=2778, SUCCESS, logIndex=4821, commits[d5132e6f-def8-45c0-b0d2-c5ba43d86628:c4821]
2019-06-13 22:26:55,733 INFO  client.GrpcClientProtocolClient (GrpcClientProtocolClient.java:onNext(254)) - client-43E682E1E07B->d5132e6f-def8-45c0-b0d2-c5ba43d86628: receive RaftClientReply:client-43E682E1E07B->d5132e6f-def8-45c0-b0d2-c5ba43d86628@group-C29775A8E805, cid=2779, SUCCESS, logIndex=4822, commits[d5132e6f-def8-45c0-b0d2-c5ba43d86628:c4822]
2019-06-13 22:26:55,734 INFO  client.GrpcClientProtocolClient (GrpcClientProtocolClient.java:onNext(254)) - client-43E682E1E07B->d5132e6f-def8-45c0-b0d2-c5ba43d86628: receive RaftClientReply:client-43E682E1E07B->d5132e6f-def8-45c0-b0d2-c5ba43d86628@group-C29775A8E805, cid=2780, SUCCESS, logIndex=4824, commits[d5132e6f-def8-45c0-b0d2-c5ba43d86628:c4824]
2019-06-13 22:26:55,742 INFO  client.GrpcClientProtocolClient (GrpcClientProtocolClient.java:onNext(254)) - client-43E682E1E07B->d5132e6f-def8-45c0-b0d2-c5ba43d86628: receive RaftClientReply:client-43E682E1E07B->d5132e6f-def8-45c0-b0d2-c5ba43d86628@group-C29775A8E805, cid=2781, SUCCESS, logIndex=4827, commits[d5132e6f-def8-45c0-b0d2-c5ba43d86628:c4827]
2019-06-13 22:26:55,744 INFO  client.GrpcClientProtocolClient (GrpcClientProtocolClient.java:onNext(254)) - client-43E682E1E07B->d5132e6f-def8-45c0-b0d2-c5ba43d86628: receive RaftClientReply:client-43E682E1E07B->d5132e6f-def8-45c0-b0d2-c5ba43d86628@group-C29775A8E805, cid=2782, SUCCESS, logIndex=4829, commits[d5132e6f-def8-45c0-b0d2-c5ba43d86628:c4829]
2019-06-13 22:26:55,745 INFO  client.GrpcClientProtocolClient (GrpcClientProtocolClient.java:onNext(254)) - client-43E682E1E07B->d5132e6f-def8-45c0-b0d2-c5ba43d86628: receive RaftClientReply:client-43E682E1E07B->d5132e6f-def8-45c0-b0d2-c5ba43d86628@group-C29775A8E805, cid=2783, SUCCESS, logIndex=4830, commits[d5132e6f-def8-45c0-b0d2-c5ba43d86628:c4830]
2019-06-13 22:26:55,745 INFO  client.GrpcClientProtocolClient (GrpcClientProtocolClient.java:onNext(254)) - client-43E682E1E07B->d5132e6f-def8-45c0-b0d2-c5ba43d86628: receive RaftClientReply:client-43E682E1E07B->d5132e6f-def8-45c0-b0d2-c5ba43d86628@group-C29775A8E805, cid=2784, SUCCESS, logIndex=4832, commits[d5132e6f-def8-45c0-b0d2-c5ba43d86628:c4832]
2019-06-13 22:26:55,777 DEBUG block.SCMBlockDeletingService (SCMBlockDeletingService.java:call(138)) - Running DeletedBlockTransactionScanner
2019-06-13 22:26:55,778 DEBUG block.SCMBlockDeletingService (SCMBlockDeletingService.java:call(155)) - Scanned deleted blocks log and got 0 delTX to process.
2019-06-13 22:26:55,824 INFO  client.GrpcClientProtocolClient (GrpcClientProtocolClient.java:onNext(254)) - client-43E682E1E07B->d5132e6f-def8-45c0-b0d2-c5ba43d86628: receive RaftClientReply:client-43E682E1E07B->d5132e6f-def8-45c0-b0d2-c5ba43d86628@group-C29775A8E805, cid=2785, SUCCESS, logIndex=4835, commits[d5132e6f-def8-45c0-b0d2-c5ba43d86628:c4835]
2019-06-13 22:26:55,825 INFO  client.GrpcClientProtocolClient (GrpcClientProtocolClient.java:onNext(254)) - client-43E682E1E07B->d5132e6f-def8-45c0-b0d2-c5ba43d86628: receive RaftClientReply:client-43E682E1E07B->d5132e6f-def8-45c0-b0d2-c5ba43d86628@group-C29775A8E805, cid=2786, SUCCESS, logIndex=4837, commits[d5132e6f-def8-45c0-b0d2-c5ba43d86628:c4837]
2019-06-13 22:26:55,827 INFO  client.GrpcClientProtocolClient (GrpcClientProtocolClient.java:onNext(254)) - client-43E682E1E07B->d5132e6f-def8-45c0-b0d2-c5ba43d86628: receive RaftClientReply:client-43E682E1E07B->d5132e6f-def8-45c0-b0d2-c5ba43d86628@group-C29775A8E805, cid=2787, SUCCESS, logIndex=4838, commits[d5132e6f-def8-45c0-b0d2-c5ba43d86628:c4840]
2019-06-13 22:26:55,827 INFO  client.GrpcClientProtocolClient (GrpcClientProtocolClient.java:onNext(254)) - client-43E682E1E07B->d5132e6f-def8-45c0-b0d2-c5ba43d86628: receive RaftClientReply:client-43E682E1E07B->d5132e6f-def8-45c0-b0d2-c5ba43d86628@group-C29775A8E805, cid=2788, SUCCESS, logIndex=4839, commits[d5132e6f-def8-45c0-b0d2-c5ba43d86628:c4840]
2019-06-13 22:26:55,834 INFO  client.GrpcClientProtocolClient (GrpcClientProtocolClient.java:onNext(254)) - client-43E682E1E07B->d5132e6f-def8-45c0-b0d2-c5ba43d86628: receive RaftClientReply:client-43E682E1E07B->d5132e6f-def8-45c0-b0d2-c5ba43d86628@group-C29775A8E805, cid=2789, SUCCESS, logIndex=4841, commits[d5132e6f-def8-45c0-b0d2-c5ba43d86628:c4841]
2019-06-13 22:26:55,836 INFO  client.GrpcClientProtocolClient (GrpcClientProtocolClient.java:onNext(254)) - client-43E682E1E07B->d5132e6f-def8-45c0-b0d2-c5ba43d86628: receive RaftClientReply:client-43E682E1E07B->d5132e6f-def8-45c0-b0d2-c5ba43d86628@group-C29775A8E805, cid=2790, SUCCESS, logIndex=4843, commits[d5132e6f-def8-45c0-b0d2-c5ba43d86628:c4843]
2019-06-13 22:26:55,837 INFO  client.GrpcClientProtocolClient (GrpcClientProtocolClient.java:onNext(254)) - client-43E682E1E07B->d5132e6f-def8-45c0-b0d2-c5ba43d86628: receive RaftClientReply:client-43E682E1E07B->d5132e6f-def8-45c0-b0d2-c5ba43d86628@group-C29775A8E805, cid=2791, SUCCESS, logIndex=4844, commits[d5132e6f-def8-45c0-b0d2-c5ba43d86628:c4846]
2019-06-13 22:26:55,838 INFO  client.GrpcClientProtocolClient (GrpcClientProtocolClient.java:onNext(254)) - client-43E682E1E07B->d5132e6f-def8-45c0-b0d2-c5ba43d86628: receive RaftClientReply:client-43E682E1E07B->d5132e6f-def8-45c0-b0d2-c5ba43d86628@group-C29775A8E805, cid=2792, SUCCESS, logIndex=4845, commits[d5132e6f-def8-45c0-b0d2-c5ba43d86628:c4846]
2019-06-13 22:26:55,849 INFO  client.GrpcClientProtocolClient (GrpcClientProtocolClient.java:onNext(254)) - client-43E682E1E07B->d5132e6f-def8-45c0-b0d2-c5ba43d86628: receive RaftClientReply:client-43E682E1E07B->d5132e6f-def8-45c0-b0d2-c5ba43d86628@group-C29775A8E805, cid=2793, SUCCESS, logIndex=4847, commits[d5132e6f-def8-45c0-b0d2-c5ba43d86628:c4847]
2019-06-13 22:26:55,851 INFO  client.GrpcClientProtocolClient (GrpcClientProtocolClient.java:onNext(254)) - client-43E682E1E07B->d5132e6f-def8-45c0-b0d2-c5ba43d86628: receive RaftClientReply:client-43E682E1E07B->d5132e6f-def8-45c0-b0d2-c5ba43d86628@group-C29775A8E805, cid=2794, SUCCESS, logIndex=4849, commits[d5132e6f-def8-45c0-b0d2-c5ba43d86628:c4849]
2019-06-13 22:26:55,851 INFO  client.GrpcClientProtocolClient (GrpcClientProtocolClient.java:onNext(254)) - client-43E682E1E07B->d5132e6f-def8-45c0-b0d2-c5ba43d86628: receive RaftClientReply:client-43E682E1E07B->d5132e6f-def8-45c0-b0d2-c5ba43d86628@group-C29775A8E805, cid=2795, SUCCESS, logIndex=4850, commits[d5132e6f-def8-45c0-b0d2-c5ba43d86628:c4850]
2019-06-13 22:26:55,852 INFO  client.GrpcClientProtocolClient (GrpcClientProtocolClient.java:onNext(254)) - client-43E682E1E07B->d5132e6f-def8-45c0-b0d2-c5ba43d86628: receive RaftClientReply:client-43E682E1E07B->d5132e6f-def8-45c0-b0d2-c5ba43d86628@group-C29775A8E805, cid=2796, SUCCESS, logIndex=4852, commits[d5132e6f-def8-45c0-b0d2-c5ba43d86628:c4852]
2019-06-13 22:26:55,858 INFO  client.GrpcClientProtocolClient (GrpcClientProtocolClient.java:onNext(254)) - client-43E682E1E07B->d5132e6f-def8-45c0-b0d2-c5ba43d86628: receive RaftClientReply:client-43E682E1E07B->d5132e6f-def8-45c0-b0d2-c5ba43d86628@group-C29775A8E805, cid=2797, SUCCESS, logIndex=4855, commits[d5132e6f-def8-45c0-b0d2-c5ba43d86628:c4855]
2019-06-13 22:26:55,859 INFO  client.GrpcClientProtocolClient (GrpcClientProtocolClient.java:onNext(254)) - client-43E682E1E07B->d5132e6f-def8-45c0-b0d2-c5ba43d86628: receive RaftClientReply:client-43E682E1E07B->d5132e6f-def8-45c0-b0d2-c5ba43d86628@group-C29775A8E805, cid=2798, SUCCESS, logIndex=4857, commits[d5132e6f-def8-45c0-b0d2-c5ba43d86628:c4857]
2019-06-13 22:26:55,860 INFO  client.GrpcClientProtocolClient (GrpcClientProtocolClient.java:onNext(254)) - client-43E682E1E07B->d5132e6f-def8-45c0-b0d2-c5ba43d86628: receive RaftClientReply:client-43E682E1E07B->d5132e6f-def8-45c0-b0d2-c5ba43d86628@group-C29775A8E805, cid=2799, SUCCESS, logIndex=4858, commits[d5132e6f-def8-45c0-b0d2-c5ba43d86628:c4860]
2019-06-13 22:26:55,861 INFO  client.GrpcClientProtocolClient (GrpcClientProtocolClient.java:onNext(254)) - client-43E682E1E07B->d5132e6f-def8-45c0-b0d2-c5ba43d86628: receive RaftClientReply:client-43E682E1E07B->d5132e6f-def8-45c0-b0d2-c5ba43d86628@group-C29775A8E805, cid=2800, SUCCESS, logIndex=4859, commits[d5132e6f-def8-45c0-b0d2-c5ba43d86628:c4860]
2019-06-13 22:26:55,873 INFO  client.GrpcClientProtocolClient (GrpcClientProtocolClient.java:onNext(254)) - client-43E682E1E07B->d5132e6f-def8-45c0-b0d2-c5ba43d86628: receive RaftClientReply:client-43E682E1E07B->d5132e6f-def8-45c0-b0d2-c5ba43d86628@group-C29775A8E805, cid=2801, SUCCESS, logIndex=4861, commits[d5132e6f-def8-45c0-b0d2-c5ba43d86628:c4861]
2019-06-13 22:26:55,875 INFO  client.GrpcClientProtocolClient (GrpcClientProtocolClient.java:onNext(254)) - client-43E682E1E07B->d5132e6f-def8-45c0-b0d2-c5ba43d86628: receive RaftClientReply:client-43E682E1E07B->d5132e6f-def8-45c0-b0d2-c5ba43d86628@group-C29775A8E805, cid=2802, SUCCESS, logIndex=4863, commits[d5132e6f-def8-45c0-b0d2-c5ba43d86628:c4863]
2019-06-13 22:26:55,876 INFO  client.GrpcClientProtocolClient (GrpcClientProtocolClient.java:onNext(254)) - client-43E682E1E07B->d5132e6f-def8-45c0-b0d2-c5ba43d86628: receive RaftClientReply:client-43E682E1E07B->d5132e6f-def8-45c0-b0d2-c5ba43d86628@group-C29775A8E805, cid=2803, SUCCESS, logIndex=4864, commits[d5132e6f-def8-45c0-b0d2-c5ba43d86628:c4866]
2019-06-13 22:26:55,876 INFO  client.GrpcClientProtocolClient (GrpcClientProtocolClient.java:onNext(254)) - client-43E682E1E07B->d5132e6f-def8-45c0-b0d2-c5ba43d86628: receive RaftClientReply:client-43E682E1E07B->d5132e6f-def8-45c0-b0d2-c5ba43d86628@group-C29775A8E805, cid=2804, SUCCESS, logIndex=4865, commits[d5132e6f-def8-45c0-b0d2-c5ba43d86628:c4866]
2019-06-13 22:26:55,878 DEBUG block.SCMBlockDeletingService (SCMBlockDeletingService.java:call(138)) - Running DeletedBlockTransactionScanner
2019-06-13 22:26:55,878 DEBUG block.SCMBlockDeletingService (SCMBlockDeletingService.java:call(155)) - Scanned deleted blocks log and got 0 delTX to process.
2019-06-13 22:26:55,883 INFO  client.GrpcClientProtocolClient (GrpcClientProtocolClient.java:onNext(254)) - client-43E682E1E07B->d5132e6f-def8-45c0-b0d2-c5ba43d86628: receive RaftClientReply:client-43E682E1E07B->d5132e6f-def8-45c0-b0d2-c5ba43d86628@group-C29775A8E805, cid=2805, SUCCESS, logIndex=4867, commits[d5132e6f-def8-45c0-b0d2-c5ba43d86628:c4867]
2019-06-13 22:26:55,885 INFO  client.GrpcClientProtocolClient (GrpcClientProtocolClient.java:onNext(254)) - client-43E682E1E07B->d5132e6f-def8-45c0-b0d2-c5ba43d86628: receive RaftClientReply:client-43E682E1E07B->d5132e6f-def8-45c0-b0d2-c5ba43d86628@group-C29775A8E805, cid=2806, SUCCESS, logIndex=4869, commits[d5132e6f-def8-45c0-b0d2-c5ba43d86628:c4869]
2019-06-13 22:26:55,886 INFO  client.GrpcClientProtocolClient (GrpcClientProtocolClient.java:onNext(254)) - client-43E682E1E07B->d5132e6f-def8-45c0-b0d2-c5ba43d86628: receive RaftClientReply:client-43E682E1E07B->d5132e6f-def8-45c0-b0d2-c5ba43d86628@group-C29775A8E805, cid=2807, SUCCESS, logIndex=4870, commits[d5132e6f-def8-45c0-b0d2-c5ba43d86628:c4870]
2019-06-13 22:26:55,886 INFO  client.GrpcClientProtocolClient (GrpcClientProtocolClient.java:onNext(254)) - client-43E682E1E07B->d5132e6f-def8-45c0-b0d2-c5ba43d86628: receive RaftClientReply:client-43E682E1E07B->d5132e6f-def8-45c0-b0d2-c5ba43d86628@group-C29775A8E805, cid=2808, SUCCESS, logIndex=4872, commits[d5132e6f-def8-45c0-b0d2-c5ba43d86628:c4872]
2019-06-13 22:26:55,897 INFO  client.GrpcClientProtocolClient (GrpcClientProtocolClient.java:onNext(254)) - client-43E682E1E07B->d5132e6f-def8-45c0-b0d2-c5ba43d86628: receive RaftClientReply:client-43E682E1E07B->d5132e6f-def8-45c0-b0d2-c5ba43d86628@group-C29775A8E805, cid=2809, SUCCESS, logIndex=4875, commits[d5132e6f-def8-45c0-b0d2-c5ba43d86628:c4875]
2019-06-13 22:26:55,899 INFO  client.GrpcClientProtocolClient (GrpcClientProtocolClient.java:onNext(254)) - client-43E682E1E07B->d5132e6f-def8-45c0-b0d2-c5ba43d86628: receive RaftClientReply:client-43E682E1E07B->d5132e6f-def8-45c0-b0d2-c5ba43d86628@group-C29775A8E805, cid=2810, SUCCESS, logIndex=4877, commits[d5132e6f-def8-45c0-b0d2-c5ba43d86628:c4877]
2019-06-13 22:26:55,900 INFO  client.GrpcClientProtocolClient (GrpcClientProtocolClient.java:onNext(254)) - client-43E682E1E07B->d5132e6f-def8-45c0-b0d2-c5ba43d86628: receive RaftClientReply:client-43E682E1E07B->d5132e6f-def8-45c0-b0d2-c5ba43d86628@group-C29775A8E805, cid=2811, SUCCESS, logIndex=4878, commits[d5132e6f-def8-45c0-b0d2-c5ba43d86628:c4878]
2019-06-13 22:26:55,900 INFO  client.GrpcClientProtocolClient (GrpcClientProtocolClient.java:onNext(254)) - client-43E682E1E07B->d5132e6f-def8-45c0-b0d2-c5ba43d86628: receive RaftClientReply:client-43E682E1E07B->d5132e6f-def8-45c0-b0d2-c5ba43d86628@group-C29775A8E805, cid=2812, SUCCESS, logIndex=4880, commits[d5132e6f-def8-45c0-b0d2-c5ba43d86628:c4880]
2019-06-13 22:26:55,907 INFO  client.GrpcClientProtocolClient (GrpcClientProtocolClient.java:onNext(254)) - client-43E682E1E07B->d5132e6f-def8-45c0-b0d2-c5ba43d86628: receive RaftClientReply:client-43E682E1E07B->d5132e6f-def8-45c0-b0d2-c5ba43d86628@group-C29775A8E805, cid=2813, SUCCESS, logIndex=4883, commits[d5132e6f-def8-45c0-b0d2-c5ba43d86628:c4883]
2019-06-13 22:26:55,909 INFO  client.GrpcClientProtocolClient (GrpcClientProtocolClient.java:onNext(254)) - client-43E682E1E07B->d5132e6f-def8-45c0-b0d2-c5ba43d86628: receive RaftClientReply:client-43E682E1E07B->d5132e6f-def8-45c0-b0d2-c5ba43d86628@group-C29775A8E805, cid=2814, SUCCESS, logIndex=4885, commits[d5132e6f-def8-45c0-b0d2-c5ba43d86628:c4885]
2019-06-13 22:26:55,910 INFO  client.GrpcClientProtocolClient (GrpcClientProtocolClient.java:onNext(254)) - client-43E682E1E07B->d5132e6f-def8-45c0-b0d2-c5ba43d86628: receive RaftClientReply:client-43E682E1E07B->d5132e6f-def8-45c0-b0d2-c5ba43d86628@group-C29775A8E805, cid=2815, SUCCESS, logIndex=4886, commits[d5132e6f-def8-45c0-b0d2-c5ba43d86628:c4887]
2019-06-13 22:26:55,911 INFO  client.GrpcClientProtocolClient (GrpcClientProtocolClient.java:onNext(254)) - client-43E682E1E07B->d5132e6f-def8-45c0-b0d2-c5ba43d86628: receive RaftClientReply:client-43E682E1E07B->d5132e6f-def8-45c0-b0d2-c5ba43d86628@group-C29775A8E805, cid=2816, SUCCESS, logIndex=4887, commits[d5132e6f-def8-45c0-b0d2-c5ba43d86628:c4888]
2019-06-13 22:26:55,921 INFO  client.GrpcClientProtocolClient (GrpcClientProtocolClient.java:onNext(254)) - client-43E682E1E07B->d5132e6f-def8-45c0-b0d2-c5ba43d86628: receive RaftClientReply:client-43E682E1E07B->d5132e6f-def8-45c0-b0d2-c5ba43d86628@group-C29775A8E805, cid=2817, SUCCESS, logIndex=4890, commits[d5132e6f-def8-45c0-b0d2-c5ba43d86628:c4890]
2019-06-13 22:26:55,922 INFO  client.GrpcClientProtocolClient (GrpcClientProtocolClient.java:onNext(254)) - client-43E682E1E07B->d5132e6f-def8-45c0-b0d2-c5ba43d86628: receive RaftClientReply:client-43E682E1E07B->d5132e6f-def8-45c0-b0d2-c5ba43d86628@group-C29775A8E805, cid=2818, SUCCESS, logIndex=4892, commits[d5132e6f-def8-45c0-b0d2-c5ba43d86628:c4892]
2019-06-13 22:26:55,923 INFO  storage.RaftLogWorker (RaftLogWorker.java:rollLogSegment(303)) - d5132e6f-def8-45c0-b0d2-c5ba43d86628-RaftLogWorker: Rolling segment log-4817_4893 to index:4893
2019-06-13 22:26:55,923 INFO  storage.RaftLogWorker (RaftLogWorker.java:execute(433)) - d5132e6f-def8-45c0-b0d2-c5ba43d86628-RaftLogWorker: Rolled log segment from /opt/src/hadoop-ozone/integration-test/target/test-dir/MiniOzoneClusterImpl-e9ea07bb-4900-4b53-96c1-68f0ab556a80/datanode-0/data/ratis/c7035dd3-cd4a-42fb-880d-c29775a8e805/current/log_inprogress_4817 to /opt/src/hadoop-ozone/integration-test/target/test-dir/MiniOzoneClusterImpl-e9ea07bb-4900-4b53-96c1-68f0ab556a80/datanode-0/data/ratis/c7035dd3-cd4a-42fb-880d-c29775a8e805/current/log_4817-4893
2019-06-13 22:26:55,970 INFO  storage.RaftLogWorker (RaftLogWorker.java:execute(469)) - d5132e6f-def8-45c0-b0d2-c5ba43d86628-RaftLogWorker: created new log segment /opt/src/hadoop-ozone/integration-test/target/test-dir/MiniOzoneClusterImpl-e9ea07bb-4900-4b53-96c1-68f0ab556a80/datanode-0/data/ratis/c7035dd3-cd4a-42fb-880d-c29775a8e805/current/log_inprogress_4894
2019-06-13 22:26:55,972 INFO  client.GrpcClientProtocolClient (GrpcClientProtocolClient.java:onNext(254)) - client-43E682E1E07B->d5132e6f-def8-45c0-b0d2-c5ba43d86628: receive RaftClientReply:client-43E682E1E07B->d5132e6f-def8-45c0-b0d2-c5ba43d86628@group-C29775A8E805, cid=2819, SUCCESS, logIndex=4894, commits[d5132e6f-def8-45c0-b0d2-c5ba43d86628:c4895]
2019-06-13 22:26:55,973 INFO  client.GrpcClientProtocolClient (GrpcClientProtocolClient.java:onNext(254)) - client-43E682E1E07B->d5132e6f-def8-45c0-b0d2-c5ba43d86628: receive RaftClientReply:client-43E682E1E07B->d5132e6f-def8-45c0-b0d2-c5ba43d86628@group-C29775A8E805, cid=2820, SUCCESS, logIndex=4895, commits[d5132e6f-def8-45c0-b0d2-c5ba43d86628:c4896]
2019-06-13 22:26:55,979 DEBUG block.SCMBlockDeletingService (SCMBlockDeletingService.java:call(138)) - Running DeletedBlockTransactionScanner
2019-06-13 22:26:55,980 DEBUG block.SCMBlockDeletingService (SCMBlockDeletingService.java:call(155)) - Scanned deleted blocks log and got 0 delTX to process.
2019-06-13 22:26:55,981 INFO  client.GrpcClientProtocolClient (GrpcClientProtocolClient.java:onNext(254)) - client-43E682E1E07B->d5132e6f-def8-45c0-b0d2-c5ba43d86628: receive RaftClientReply:client-43E682E1E07B->d5132e6f-def8-45c0-b0d2-c5ba43d86628@group-C29775A8E805, cid=2821, SUCCESS, logIndex=4897, commits[d5132e6f-def8-45c0-b0d2-c5ba43d86628:c4897]
2019-06-13 22:26:55,984 INFO  client.GrpcClientProtocolClient (GrpcClientProtocolClient.java:onNext(254)) - client-43E682E1E07B->d5132e6f-def8-45c0-b0d2-c5ba43d86628: receive RaftClientReply:client-43E682E1E07B->d5132e6f-def8-45c0-b0d2-c5ba43d86628@group-C29775A8E805, cid=2822, SUCCESS, logIndex=4899, commits[d5132e6f-def8-45c0-b0d2-c5ba43d86628:c4899]
2019-06-13 22:26:55,985 INFO  client.GrpcClientProtocolClient (GrpcClientProtocolClient.java:onNext(254)) - client-43E682E1E07B->d5132e6f-def8-45c0-b0d2-c5ba43d86628: receive RaftClientReply:client-43E682E1E07B->d5132e6f-def8-45c0-b0d2-c5ba43d86628@group-C29775A8E805, cid=2823, SUCCESS, logIndex=4900, commits[d5132e6f-def8-45c0-b0d2-c5ba43d86628:c4902]
2019-06-13 22:26:55,986 INFO  client.GrpcClientProtocolClient (GrpcClientProtocolClient.java:onNext(254)) - client-43E682E1E07B->d5132e6f-def8-45c0-b0d2-c5ba43d86628: receive RaftClientReply:client-43E682E1E07B->d5132e6f-def8-45c0-b0d2-c5ba43d86628@group-C29775A8E805, cid=2824, SUCCESS, logIndex=4901, commits[d5132e6f-def8-45c0-b0d2-c5ba43d86628:c4902]
2019-06-13 22:26:56,000 INFO  client.GrpcClientProtocolClient (GrpcClientProtocolClient.java:onNext(254)) - client-43E682E1E07B->d5132e6f-def8-45c0-b0d2-c5ba43d86628: receive RaftClientReply:client-43E682E1E07B->d5132e6f-def8-45c0-b0d2-c5ba43d86628@group-C29775A8E805, cid=2825, SUCCESS, logIndex=4903, commits[d5132e6f-def8-45c0-b0d2-c5ba43d86628:c4903]
2019-06-13 22:26:56,008 INFO  client.GrpcClientProtocolClient (GrpcClientProtocolClient.java:onNext(254)) - client-43E682E1E07B->d5132e6f-def8-45c0-b0d2-c5ba43d86628: receive RaftClientReply:client-43E682E1E07B->d5132e6f-def8-45c0-b0d2-c5ba43d86628@group-C29775A8E805, cid=2826, SUCCESS, logIndex=4905, commits[d5132e6f-def8-45c0-b0d2-c5ba43d86628:c4905]
2019-06-13 22:26:56,014 INFO  client.GrpcClientProtocolClient (GrpcClientProtocolClient.java:onNext(254)) - client-43E682E1E07B->d5132e6f-def8-45c0-b0d2-c5ba43d86628: receive RaftClientReply:client-43E682E1E07B->d5132e6f-def8-45c0-b0d2-c5ba43d86628@group-C29775A8E805, cid=2827, SUCCESS, logIndex=4906, commits[d5132e6f-def8-45c0-b0d2-c5ba43d86628:c4908]
2019-06-13 22:26:56,018 INFO  client.GrpcClientProtocolClient (GrpcClientProtocolClient.java:onNext(254)) - client-43E682E1E07B->d5132e6f-def8-45c0-b0d2-c5ba43d86628: receive RaftClientReply:client-43E682E1E07B->d5132e6f-def8-45c0-b0d2-c5ba43d86628@group-C29775A8E805, cid=2828, SUCCESS, logIndex=4907, commits[d5132e6f-def8-45c0-b0d2-c5ba43d86628:c4908]
2019-06-13 22:26:56,080 DEBUG block.SCMBlockDeletingService (SCMBlockDeletingService.java:call(138)) - Running DeletedBlockTransactionScanner
2019-06-13 22:26:56,080 DEBUG block.SCMBlockDeletingService (SCMBlockDeletingService.java:call(155)) - Scanned deleted blocks log and got 0 delTX to process.
2019-06-13 22:26:56,119 INFO  client.GrpcClientProtocolClient (GrpcClientProtocolClient.java:onNext(254)) - client-43E682E1E07B->d5132e6f-def8-45c0-b0d2-c5ba43d86628: receive RaftClientReply:client-43E682E1E07B->d5132e6f-def8-45c0-b0d2-c5ba43d86628@group-C29775A8E805, cid=2829, SUCCESS, logIndex=4909, commits[d5132e6f-def8-45c0-b0d2-c5ba43d86628:c4909]
2019-06-13 22:26:56,121 INFO  client.GrpcClientProtocolClient (GrpcClientProtocolClient.java:onNext(254)) - client-43E682E1E07B->d5132e6f-def8-45c0-b0d2-c5ba43d86628: receive RaftClientReply:client-43E682E1E07B->d5132e6f-def8-45c0-b0d2-c5ba43d86628@group-C29775A8E805, cid=2830, SUCCESS, logIndex=4911, commits[d5132e6f-def8-45c0-b0d2-c5ba43d86628:c4911]
2019-06-13 22:26:56,122 INFO  client.GrpcClientProtocolClient (GrpcClientProtocolClient.java:onNext(254)) - client-43E682E1E07B->d5132e6f-def8-45c0-b0d2-c5ba43d86628: receive RaftClientReply:client-43E682E1E07B->d5132e6f-def8-45c0-b0d2-c5ba43d86628@group-C29775A8E805, cid=2831, SUCCESS, logIndex=4912, commits[d5132e6f-def8-45c0-b0d2-c5ba43d86628:c4914]
2019-06-13 22:26:56,123 INFO  client.GrpcClientProtocolClient (GrpcClientProtocolClient.java:onNext(254)) - client-43E682E1E07B->d5132e6f-def8-45c0-b0d2-c5ba43d86628: receive RaftClientReply:client-43E682E1E07B->d5132e6f-def8-45c0-b0d2-c5ba43d86628@group-C29775A8E805, cid=2832, SUCCESS, logIndex=4913, commits[d5132e6f-def8-45c0-b0d2-c5ba43d86628:c4914]
2019-06-13 22:26:56,134 INFO  client.GrpcClientProtocolClient (GrpcClientProtocolClient.java:onNext(254)) - client-43E682E1E07B->d5132e6f-def8-45c0-b0d2-c5ba43d86628: receive RaftClientReply:client-43E682E1E07B->d5132e6f-def8-45c0-b0d2-c5ba43d86628@group-C29775A8E805, cid=2833, SUCCESS, logIndex=4915, commits[d5132e6f-def8-45c0-b0d2-c5ba43d86628:c4915]
2019-06-13 22:26:56,176 INFO  client.GrpcClientProtocolClient (GrpcClientProtocolClient.java:onNext(254)) - client-43E682E1E07B->d5132e6f-def8-45c0-b0d2-c5ba43d86628: receive RaftClientReply:client-43E682E1E07B->d5132e6f-def8-45c0-b0d2-c5ba43d86628@group-C29775A8E805, cid=2834, SUCCESS, logIndex=4917, commits[d5132e6f-def8-45c0-b0d2-c5ba43d86628:c4917]
2019-06-13 22:26:56,178 INFO  client.GrpcClientProtocolClient (GrpcClientProtocolClient.java:onNext(254)) - client-43E682E1E07B->d5132e6f-def8-45c0-b0d2-c5ba43d86628: receive RaftClientReply:client-43E682E1E07B->d5132e6f-def8-45c0-b0d2-c5ba43d86628@group-C29775A8E805, cid=2835, SUCCESS, logIndex=4919, commits[d5132e6f-def8-45c0-b0d2-c5ba43d86628:c4919]
2019-06-13 22:26:56,179 INFO  client.GrpcClientProtocolClient (GrpcClientProtocolClient.java:onNext(254)) - client-43E682E1E07B->d5132e6f-def8-45c0-b0d2-c5ba43d86628: receive RaftClientReply:client-43E682E1E07B->d5132e6f-def8-45c0-b0d2-c5ba43d86628@group-C29775A8E805, cid=2836, SUCCESS, logIndex=4920, commits[d5132e6f-def8-45c0-b0d2-c5ba43d86628:c4920]
2019-06-13 22:26:56,181 DEBUG block.SCMBlockDeletingService (SCMBlockDeletingService.java:call(138)) - Running DeletedBlockTransactionScanner
2019-06-13 22:26:56,181 DEBUG block.SCMBlockDeletingService (SCMBlockDeletingService.java:call(155)) - Scanned deleted blocks log and got 0 delTX to process.
2019-06-13 22:26:56,187 INFO  client.GrpcClientProtocolClient (GrpcClientProtocolClient.java:onNext(254)) - client-43E682E1E07B->d5132e6f-def8-45c0-b0d2-c5ba43d86628: receive RaftClientReply:client-43E682E1E07B->d5132e6f-def8-45c0-b0d2-c5ba43d86628@group-C29775A8E805, cid=2837, SUCCESS, logIndex=4923, commits[d5132e6f-def8-45c0-b0d2-c5ba43d86628:c4923]
2019-06-13 22:26:56,189 INFO  client.GrpcClientProtocolClient (GrpcClientProtocolClient.java:onNext(254)) - client-43E682E1E07B->d5132e6f-def8-45c0-b0d2-c5ba43d86628: receive RaftClientReply:client-43E682E1E07B->d5132e6f-def8-45c0-b0d2-c5ba43d86628@group-C29775A8E805, cid=2838, SUCCESS, logIndex=4925, commits[d5132e6f-def8-45c0-b0d2-c5ba43d86628:c4925]
2019-06-13 22:26:56,190 INFO  client.GrpcClientProtocolClient (GrpcClientProtocolClient.java:onNext(254)) - client-43E682E1E07B->d5132e6f-def8-45c0-b0d2-c5ba43d86628: receive RaftClientReply:client-43E682E1E07B->d5132e6f-def8-45c0-b0d2-c5ba43d86628@group-C29775A8E805, cid=2839, SUCCESS, logIndex=4926, commits[d5132e6f-def8-45c0-b0d2-c5ba43d86628:c4927]
2019-06-13 22:26:56,190 INFO  client.GrpcClientProtocolClient (GrpcClientProtocolClient.java:onNext(254)) - client-43E682E1E07B->d5132e6f-def8-45c0-b0d2-c5ba43d86628: receive RaftClientReply:client-43E682E1E07B->d5132e6f-def8-45c0-b0d2-c5ba43d86628@group-C29775A8E805, cid=2840, SUCCESS, logIndex=4927, commits[d5132e6f-def8-45c0-b0d2-c5ba43d86628:c4928]
2019-06-13 22:26:56,203 INFO  client.GrpcClientProtocolClient (GrpcClientProtocolClient.java:onNext(254)) - client-43E682E1E07B->d5132e6f-def8-45c0-b0d2-c5ba43d86628: receive RaftClientReply:client-43E682E1E07B->d5132e6f-def8-45c0-b0d2-c5ba43d86628@group-C29775A8E805, cid=2841, SUCCESS, logIndex=4930, commits[d5132e6f-def8-45c0-b0d2-c5ba43d86628:c4930]
2019-06-13 22:26:56,205 INFO  client.GrpcClientProtocolClient (GrpcClientProtocolClient.java:onNext(254)) - client-43E682E1E07B->d5132e6f-def8-45c0-b0d2-c5ba43d86628: receive RaftClientReply:client-43E682E1E07B->d5132e6f-def8-45c0-b0d2-c5ba43d86628@group-C29775A8E805, cid=2842, SUCCESS, logIndex=4932, commits[d5132e6f-def8-45c0-b0d2-c5ba43d86628:c4932]
2019-06-13 22:26:56,208 INFO  client.GrpcClientProtocolClient (GrpcClientProtocolClient.java:onNext(254)) - client-43E682E1E07B->d5132e6f-def8-45c0-b0d2-c5ba43d86628: receive RaftClientReply:client-43E682E1E07B->d5132e6f-def8-45c0-b0d2-c5ba43d86628@group-C29775A8E805, cid=2843, SUCCESS, logIndex=4934, commits[d5132e6f-def8-45c0-b0d2-c5ba43d86628:c4934]
2019-06-13 22:26:56,209 INFO  client.GrpcClientProtocolClient (GrpcClientProtocolClient.java:onNext(254)) - client-43E682E1E07B->d5132e6f-def8-45c0-b0d2-c5ba43d86628: receive RaftClientReply:client-43E682E1E07B->d5132e6f-def8-45c0-b0d2-c5ba43d86628@group-C29775A8E805, cid=2844, SUCCESS, logIndex=4936, commits[d5132e6f-def8-45c0-b0d2-c5ba43d86628:c4936]
2019-06-13 22:26:56,216 INFO  client.GrpcClientProtocolClient (GrpcClientProtocolClient.java:onNext(254)) - client-43E682E1E07B->d5132e6f-def8-45c0-b0d2-c5ba43d86628: receive RaftClientReply:client-43E682E1E07B->d5132e6f-def8-45c0-b0d2-c5ba43d86628@group-C29775A8E805, cid=2845, SUCCESS, logIndex=4938, commits[d5132e6f-def8-45c0-b0d2-c5ba43d86628:c4938]
2019-06-13 22:26:56,218 INFO  client.GrpcClientProtocolClient (GrpcClientProtocolClient.java:onNext(254)) - client-43E682E1E07B->d5132e6f-def8-45c0-b0d2-c5ba43d86628: receive RaftClientReply:client-43E682E1E07B->d5132e6f-def8-45c0-b0d2-c5ba43d86628@group-C29775A8E805, cid=2846, SUCCESS, logIndex=4940, commits[d5132e6f-def8-45c0-b0d2-c5ba43d86628:c4941]
2019-06-13 22:26:56,220 INFO  client.GrpcClientProtocolClient (GrpcClientProtocolClient.java:onNext(254)) - client-43E682E1E07B->d5132e6f-def8-45c0-b0d2-c5ba43d86628: receive RaftClientReply:client-43E682E1E07B->d5132e6f-def8-45c0-b0d2-c5ba43d86628@group-C29775A8E805, cid=2847, SUCCESS, logIndex=4942, commits[d5132e6f-def8-45c0-b0d2-c5ba43d86628:c4943]
2019-06-13 22:26:56,220 INFO  client.GrpcClientProtocolClient (GrpcClientProtocolClient.java:onNext(254)) - client-43E682E1E07B->d5132e6f-def8-45c0-b0d2-c5ba43d86628: receive RaftClientReply:client-43E682E1E07B->d5132e6f-def8-45c0-b0d2-c5ba43d86628@group-C29775A8E805, cid=2848, SUCCESS, logIndex=4943, commits[d5132e6f-def8-45c0-b0d2-c5ba43d86628:c4943]
2019-06-13 22:26:56,231 INFO  client.GrpcClientProtocolClient (GrpcClientProtocolClient.java:onNext(254)) - client-43E682E1E07B->d5132e6f-def8-45c0-b0d2-c5ba43d86628: receive RaftClientReply:client-43E682E1E07B->d5132e6f-def8-45c0-b0d2-c5ba43d86628@group-C29775A8E805, cid=2849, SUCCESS, logIndex=4945, commits[d5132e6f-def8-45c0-b0d2-c5ba43d86628:c4945]
2019-06-13 22:26:56,233 INFO  client.GrpcClientProtocolClient (GrpcClientProtocolClient.java:onNext(254)) - client-43E682E1E07B->d5132e6f-def8-45c0-b0d2-c5ba43d86628: receive RaftClientReply:client-43E682E1E07B->d5132e6f-def8-45c0-b0d2-c5ba43d86628@group-C29775A8E805, cid=2850, SUCCESS, logIndex=4947, commits[d5132e6f-def8-45c0-b0d2-c5ba43d86628:c4947]
2019-06-13 22:26:56,237 INFO  client.GrpcClientProtocolClient (GrpcClientProtocolClient.java:onNext(254)) - client-43E682E1E07B->d5132e6f-def8-45c0-b0d2-c5ba43d86628: receive RaftClientReply:client-43E682E1E07B->d5132e6f-def8-45c0-b0d2-c5ba43d86628@group-C29775A8E805, cid=2851, SUCCESS, logIndex=4948, commits[d5132e6f-def8-45c0-b0d2-c5ba43d86628:c4948]
2019-06-13 22:26:56,238 INFO  client.GrpcClientProtocolClient (GrpcClientProtocolClient.java:onNext(254)) - client-43E682E1E07B->d5132e6f-def8-45c0-b0d2-c5ba43d86628: receive RaftClientReply:client-43E682E1E07B->d5132e6f-def8-45c0-b0d2-c5ba43d86628@group-C29775A8E805, cid=2852, SUCCESS, logIndex=4951, commits[d5132e6f-def8-45c0-b0d2-c5ba43d86628:c4951]
2019-06-13 22:26:56,251 INFO  client.GrpcClientProtocolClient (GrpcClientProtocolClient.java:onNext(254)) - client-43E682E1E07B->d5132e6f-def8-45c0-b0d2-c5ba43d86628: receive RaftClientReply:client-43E682E1E07B->d5132e6f-def8-45c0-b0d2-c5ba43d86628@group-C29775A8E805, cid=2853, SUCCESS, logIndex=4953, commits[d5132e6f-def8-45c0-b0d2-c5ba43d86628:c4953]
2019-06-13 22:26:56,252 INFO  client.GrpcClientProtocolClient (GrpcClientProtocolClient.java:onNext(254)) - client-43E682E1E07B->d5132e6f-def8-45c0-b0d2-c5ba43d86628: receive RaftClientReply:client-43E682E1E07B->d5132e6f-def8-45c0-b0d2-c5ba43d86628@group-C29775A8E805, cid=2854, SUCCESS, logIndex=4955, commits[d5132e6f-def8-45c0-b0d2-c5ba43d86628:c4955]
2019-06-13 22:26:56,254 INFO  client.GrpcClientProtocolClient (GrpcClientProtocolClient.java:onNext(254)) - client-43E682E1E07B->d5132e6f-def8-45c0-b0d2-c5ba43d86628: receive RaftClientReply:client-43E682E1E07B->d5132e6f-def8-45c0-b0d2-c5ba43d86628@group-C29775A8E805, cid=2855, SUCCESS, logIndex=4956, commits[d5132e6f-def8-45c0-b0d2-c5ba43d86628:c4958]
2019-06-13 22:26:56,254 INFO  client.GrpcClientProtocolClient (GrpcClientProtocolClient.java:onNext(254)) - client-43E682E1E07B->d5132e6f-def8-45c0-b0d2-c5ba43d86628: receive RaftClientReply:client-43E682E1E07B->d5132e6f-def8-45c0-b0d2-c5ba43d86628@group-C29775A8E805, cid=2856, SUCCESS, logIndex=4958, commits[d5132e6f-def8-45c0-b0d2-c5ba43d86628:c4959]
2019-06-13 22:26:56,265 INFO  client.GrpcClientProtocolClient (GrpcClientProtocolClient.java:onNext(254)) - client-43E682E1E07B->d5132e6f-def8-45c0-b0d2-c5ba43d86628: receive RaftClientReply:client-43E682E1E07B->d5132e6f-def8-45c0-b0d2-c5ba43d86628@group-C29775A8E805, cid=2857, SUCCESS, logIndex=4960, commits[d5132e6f-def8-45c0-b0d2-c5ba43d86628:c4960]
2019-06-13 22:26:56,267 INFO  client.GrpcClientProtocolClient (GrpcClientProtocolClient.java:onNext(254)) - client-43E682E1E07B->d5132e6f-def8-45c0-b0d2-c5ba43d86628: receive RaftClientReply:client-43E682E1E07B->d5132e6f-def8-45c0-b0d2-c5ba43d86628@group-C29775A8E805, cid=2858, SUCCESS, logIndex=4962, commits[d5132e6f-def8-45c0-b0d2-c5ba43d86628:c4962]
2019-06-13 22:26:56,269 INFO  client.GrpcClientProtocolClient (GrpcClientProtocolClient.java:onNext(254)) - client-43E682E1E07B->d5132e6f-def8-45c0-b0d2-c5ba43d86628: receive RaftClientReply:client-43E682E1E07B->d5132e6f-def8-45c0-b0d2-c5ba43d86628@group-C29775A8E805, cid=2859, SUCCESS, logIndex=4963, commits[d5132e6f-def8-45c0-b0d2-c5ba43d86628:c4964]
2019-06-13 22:26:56,270 INFO  client.GrpcClientProtocolClient (GrpcClientProtocolClient.java:onNext(254)) - client-43E682E1E07B->d5132e6f-def8-45c0-b0d2-c5ba43d86628: receive RaftClientReply:client-43E682E1E07B->d5132e6f-def8-45c0-b0d2-c5ba43d86628@group-C29775A8E805, cid=2860, SUCCESS, logIndex=4965, commits[d5132e6f-def8-45c0-b0d2-c5ba43d86628:c4965]
2019-06-13 22:26:56,276 INFO  storage.RaftLogWorker (RaftLogWorker.java:rollLogSegment(303)) - d5132e6f-def8-45c0-b0d2-c5ba43d86628-RaftLogWorker: Rolling segment log-4894_4968 to index:4968
2019-06-13 22:26:56,276 INFO  storage.RaftLogWorker (RaftLogWorker.java:execute(433)) - d5132e6f-def8-45c0-b0d2-c5ba43d86628-RaftLogWorker: Rolled log segment from /opt/src/hadoop-ozone/integration-test/target/test-dir/MiniOzoneClusterImpl-e9ea07bb-4900-4b53-96c1-68f0ab556a80/datanode-0/data/ratis/c7035dd3-cd4a-42fb-880d-c29775a8e805/current/log_inprogress_4894 to /opt/src/hadoop-ozone/integration-test/target/test-dir/MiniOzoneClusterImpl-e9ea07bb-4900-4b53-96c1-68f0ab556a80/datanode-0/data/ratis/c7035dd3-cd4a-42fb-880d-c29775a8e805/current/log_4894-4968
2019-06-13 22:26:56,276 INFO  client.GrpcClientProtocolClient (GrpcClientProtocolClient.java:onNext(254)) - client-43E682E1E07B->d5132e6f-def8-45c0-b0d2-c5ba43d86628: receive RaftClientReply:client-43E682E1E07B->d5132e6f-def8-45c0-b0d2-c5ba43d86628@group-C29775A8E805, cid=2861, SUCCESS, logIndex=4967, commits[d5132e6f-def8-45c0-b0d2-c5ba43d86628:c4967]
2019-06-13 22:26:56,281 DEBUG block.SCMBlockDeletingService (SCMBlockDeletingService.java:call(138)) - Running DeletedBlockTransactionScanner
2019-06-13 22:26:56,281 DEBUG block.SCMBlockDeletingService (SCMBlockDeletingService.java:call(155)) - Scanned deleted blocks log and got 0 delTX to process.
2019-06-13 22:26:56,381 DEBUG block.SCMBlockDeletingService (SCMBlockDeletingService.java:call(138)) - Running DeletedBlockTransactionScanner
2019-06-13 22:26:56,382 DEBUG block.SCMBlockDeletingService (SCMBlockDeletingService.java:call(155)) - Scanned deleted blocks log and got 0 delTX to process.
2019-06-13 22:26:56,418 INFO  storage.RaftLogWorker (RaftLogWorker.java:execute(469)) - d5132e6f-def8-45c0-b0d2-c5ba43d86628-RaftLogWorker: created new log segment /opt/src/hadoop-ozone/integration-test/target/test-dir/MiniOzoneClusterImpl-e9ea07bb-4900-4b53-96c1-68f0ab556a80/datanode-0/data/ratis/c7035dd3-cd4a-42fb-880d-c29775a8e805/current/log_inprogress_4969
2019-06-13 22:26:56,420 INFO  client.GrpcClientProtocolClient (GrpcClientProtocolClient.java:onNext(254)) - client-43E682E1E07B->d5132e6f-def8-45c0-b0d2-c5ba43d86628: receive RaftClientReply:client-43E682E1E07B->d5132e6f-def8-45c0-b0d2-c5ba43d86628@group-C29775A8E805, cid=2862, SUCCESS, logIndex=4969, commits[d5132e6f-def8-45c0-b0d2-c5ba43d86628:c4971]
2019-06-13 22:26:56,420 INFO  client.GrpcClientProtocolClient (GrpcClientProtocolClient.java:onNext(254)) - client-43E682E1E07B->d5132e6f-def8-45c0-b0d2-c5ba43d86628: receive RaftClientReply:client-43E682E1E07B->d5132e6f-def8-45c0-b0d2-c5ba43d86628@group-C29775A8E805, cid=2863, SUCCESS, logIndex=4970, commits[d5132e6f-def8-45c0-b0d2-c5ba43d86628:c4972]
2019-06-13 22:26:56,420 INFO  client.GrpcClientProtocolClient (GrpcClientProtocolClient.java:onNext(254)) - client-43E682E1E07B->d5132e6f-def8-45c0-b0d2-c5ba43d86628: receive RaftClientReply:client-43E682E1E07B->d5132e6f-def8-45c0-b0d2-c5ba43d86628@group-C29775A8E805, cid=2864, SUCCESS, logIndex=4971, commits[d5132e6f-def8-45c0-b0d2-c5ba43d86628:c4972]
2019-06-13 22:26:56,431 INFO  client.GrpcClientProtocolClient (GrpcClientProtocolClient.java:onNext(254)) - client-43E682E1E07B->d5132e6f-def8-45c0-b0d2-c5ba43d86628: receive RaftClientReply:client-43E682E1E07B->d5132e6f-def8-45c0-b0d2-c5ba43d86628@group-C29775A8E805, cid=2865, SUCCESS, logIndex=4973, commits[d5132e6f-def8-45c0-b0d2-c5ba43d86628:c4973]
2019-06-13 22:26:56,434 INFO  client.GrpcClientProtocolClient (GrpcClientProtocolClient.java:onNext(254)) - client-43E682E1E07B->d5132e6f-def8-45c0-b0d2-c5ba43d86628: receive RaftClientReply:client-43E682E1E07B->d5132e6f-def8-45c0-b0d2-c5ba43d86628@group-C29775A8E805, cid=2866, SUCCESS, logIndex=4975, commits[d5132e6f-def8-45c0-b0d2-c5ba43d86628:c4975]
2019-06-13 22:26:56,434 INFO  client.GrpcClientProtocolClient (GrpcClientProtocolClient.java:onNext(254)) - client-43E682E1E07B->d5132e6f-def8-45c0-b0d2-c5ba43d86628: receive RaftClientReply:client-43E682E1E07B->d5132e6f-def8-45c0-b0d2-c5ba43d86628@group-C29775A8E805, cid=2867, SUCCESS, logIndex=4976, commits[d5132e6f-def8-45c0-b0d2-c5ba43d86628:c4977]
2019-06-13 22:26:56,435 INFO  client.GrpcClientProtocolClient (GrpcClientProtocolClient.java:onNext(254)) - client-43E682E1E07B->d5132e6f-def8-45c0-b0d2-c5ba43d86628: receive RaftClientReply:client-43E682E1E07B->d5132e6f-def8-45c0-b0d2-c5ba43d86628@group-C29775A8E805, cid=2868, SUCCESS, logIndex=4977, commits[d5132e6f-def8-45c0-b0d2-c5ba43d86628:c4977]
2019-06-13 22:26:56,441 INFO  client.GrpcClientProtocolClient (GrpcClientProtocolClient.java:onNext(254)) - client-43E682E1E07B->d5132e6f-def8-45c0-b0d2-c5ba43d86628: receive RaftClientReply:client-43E682E1E07B->d5132e6f-def8-45c0-b0d2-c5ba43d86628@group-C29775A8E805, cid=2869, SUCCESS, logIndex=4980, commits[d5132e6f-def8-45c0-b0d2-c5ba43d86628:c4980]
2019-06-13 22:26:56,443 INFO  client.GrpcClientProtocolClient (GrpcClientProtocolClient.java:onNext(254)) - client-43E682E1E07B->d5132e6f-def8-45c0-b0d2-c5ba43d86628: receive RaftClientReply:client-43E682E1E07B->d5132e6f-def8-45c0-b0d2-c5ba43d86628@group-C29775A8E805, cid=2870, SUCCESS, logIndex=4982, commits[d5132e6f-def8-45c0-b0d2-c5ba43d86628:c4982]
2019-06-13 22:26:56,444 INFO  client.GrpcClientProtocolClient (GrpcClientProtocolClient.java:onNext(254)) - client-43E682E1E07B->d5132e6f-def8-45c0-b0d2-c5ba43d86628: receive RaftClientReply:client-43E682E1E07B->d5132e6f-def8-45c0-b0d2-c5ba43d86628@group-C29775A8E805, cid=2871, SUCCESS, logIndex=4983, commits[d5132e6f-def8-45c0-b0d2-c5ba43d86628:c4984]
2019-06-13 22:26:56,444 INFO  client.GrpcClientProtocolClient (GrpcClientProtocolClient.java:onNext(254)) - client-43E682E1E07B->d5132e6f-def8-45c0-b0d2-c5ba43d86628: receive RaftClientReply:client-43E682E1E07B->d5132e6f-def8-45c0-b0d2-c5ba43d86628@group-C29775A8E805, cid=2872, SUCCESS, logIndex=4984, commits[d5132e6f-def8-45c0-b0d2-c5ba43d86628:c4984]
2019-06-13 22:26:56,482 DEBUG block.SCMBlockDeletingService (SCMBlockDeletingService.java:call(138)) - Running DeletedBlockTransactionScanner
2019-06-13 22:26:56,482 DEBUG block.SCMBlockDeletingService (SCMBlockDeletingService.java:call(155)) - Scanned deleted blocks log and got 0 delTX to process.
2019-06-13 22:26:56,526 INFO  client.GrpcClientProtocolClient (GrpcClientProtocolClient.java:onNext(254)) - client-43E682E1E07B->d5132e6f-def8-45c0-b0d2-c5ba43d86628: receive RaftClientReply:client-43E682E1E07B->d5132e6f-def8-45c0-b0d2-c5ba43d86628@group-C29775A8E805, cid=2873, SUCCESS, logIndex=4987, commits[d5132e6f-def8-45c0-b0d2-c5ba43d86628:c4987]
2019-06-13 22:26:56,529 INFO  client.GrpcClientProtocolClient (GrpcClientProtocolClient.java:onNext(254)) - client-43E682E1E07B->d5132e6f-def8-45c0-b0d2-c5ba43d86628: receive RaftClientReply:client-43E682E1E07B->d5132e6f-def8-45c0-b0d2-c5ba43d86628@group-C29775A8E805, cid=2874, SUCCESS, logIndex=4989, commits[d5132e6f-def8-45c0-b0d2-c5ba43d86628:c4989]
2019-06-13 22:26:56,529 INFO  client.GrpcClientProtocolClient (GrpcClientProtocolClient.java:onNext(254)) - client-43E682E1E07B->d5132e6f-def8-45c0-b0d2-c5ba43d86628: receive RaftClientReply:client-43E682E1E07B->d5132e6f-def8-45c0-b0d2-c5ba43d86628@group-C29775A8E805, cid=2875, SUCCESS, logIndex=4990, commits[d5132e6f-def8-45c0-b0d2-c5ba43d86628:c4991]
2019-06-13 22:26:56,530 INFO  client.GrpcClientProtocolClient (GrpcClientProtocolClient.java:onNext(254)) - client-43E682E1E07B->d5132e6f-def8-45c0-b0d2-c5ba43d86628: receive RaftClientReply:client-43E682E1E07B->d5132e6f-def8-45c0-b0d2-c5ba43d86628@group-C29775A8E805, cid=2876, SUCCESS, logIndex=4991, commits[d5132e6f-def8-45c0-b0d2-c5ba43d86628:c4991]
2019-06-13 22:26:56,537 INFO  client.GrpcClientProtocolClient (GrpcClientProtocolClient.java:onNext(254)) - client-43E682E1E07B->d5132e6f-def8-45c0-b0d2-c5ba43d86628: receive RaftClientReply:client-43E682E1E07B->d5132e6f-def8-45c0-b0d2-c5ba43d86628@group-C29775A8E805, cid=2877, SUCCESS, logIndex=4994, commits[d5132e6f-def8-45c0-b0d2-c5ba43d86628:c4994]
2019-06-13 22:26:56,539 INFO  client.GrpcClientProtocolClient (GrpcClientProtocolClient.java:onNext(254)) - client-43E682E1E07B->d5132e6f-def8-45c0-b0d2-c5ba43d86628: receive RaftClientReply:client-43E682E1E07B->d5132e6f-def8-45c0-b0d2-c5ba43d86628@group-C29775A8E805, cid=2878, SUCCESS, logIndex=4996, commits[d5132e6f-def8-45c0-b0d2-c5ba43d86628:c4996]
2019-06-13 22:26:56,540 INFO  client.GrpcClientProtocolClient (GrpcClientProtocolClient.java:onNext(254)) - client-43E682E1E07B->d5132e6f-def8-45c0-b0d2-c5ba43d86628: receive RaftClientReply:client-43E682E1E07B->d5132e6f-def8-45c0-b0d2-c5ba43d86628@group-C29775A8E805, cid=2879, SUCCESS, logIndex=4997, commits[d5132e6f-def8-45c0-b0d2-c5ba43d86628:c4999]
2019-06-13 22:26:56,540 INFO  client.GrpcClientProtocolClient (GrpcClientProtocolClient.java:onNext(254)) - client-43E682E1E07B->d5132e6f-def8-45c0-b0d2-c5ba43d86628: receive RaftClientReply:client-43E682E1E07B->d5132e6f-def8-45c0-b0d2-c5ba43d86628@group-C29775A8E805, cid=2880, SUCCESS, logIndex=4998, commits[d5132e6f-def8-45c0-b0d2-c5ba43d86628:c4999]
2019-06-13 22:26:56,552 INFO  client.GrpcClientProtocolClient (GrpcClientProtocolClient.java:onNext(254)) - client-43E682E1E07B->d5132e6f-def8-45c0-b0d2-c5ba43d86628: receive RaftClientReply:client-43E682E1E07B->d5132e6f-def8-45c0-b0d2-c5ba43d86628@group-C29775A8E805, cid=2881, SUCCESS, logIndex=5000, commits[d5132e6f-def8-45c0-b0d2-c5ba43d86628:c5000]
2019-06-13 22:26:56,554 INFO  client.GrpcClientProtocolClient (GrpcClientProtocolClient.java:onNext(254)) - client-43E682E1E07B->d5132e6f-def8-45c0-b0d2-c5ba43d86628: receive RaftClientReply:client-43E682E1E07B->d5132e6f-def8-45c0-b0d2-c5ba43d86628@group-C29775A8E805, cid=2882, SUCCESS, logIndex=5002, commits[d5132e6f-def8-45c0-b0d2-c5ba43d86628:c5004]
2019-06-13 22:26:56,555 INFO  client.GrpcClientProtocolClient (GrpcClientProtocolClient.java:onNext(254)) - client-43E682E1E07B->d5132e6f-def8-45c0-b0d2-c5ba43d86628: receive RaftClientReply:client-43E682E1E07B->d5132e6f-def8-45c0-b0d2-c5ba43d86628@group-C29775A8E805, cid=2883, SUCCESS, logIndex=5003, commits[d5132e6f-def8-45c0-b0d2-c5ba43d86628:c5004]
2019-06-13 22:26:56,555 INFO  client.GrpcClientProtocolClient (GrpcClientProtocolClient.java:onNext(254)) - client-43E682E1E07B->d5132e6f-def8-45c0-b0d2-c5ba43d86628: receive RaftClientReply:client-43E682E1E07B->d5132e6f-def8-45c0-b0d2-c5ba43d86628@group-C29775A8E805, cid=2884, SUCCESS, logIndex=5004, commits[d5132e6f-def8-45c0-b0d2-c5ba43d86628:c5005]
2019-06-13 22:26:56,561 INFO  client.GrpcClientProtocolClient (GrpcClientProtocolClient.java:onNext(254)) - client-43E682E1E07B->d5132e6f-def8-45c0-b0d2-c5ba43d86628: receive RaftClientReply:client-43E682E1E07B->d5132e6f-def8-45c0-b0d2-c5ba43d86628@group-C29775A8E805, cid=2885, SUCCESS, logIndex=5006, commits[d5132e6f-def8-45c0-b0d2-c5ba43d86628:c5006]
2019-06-13 22:26:56,562 INFO  client.GrpcClientProtocolClient (GrpcClientProtocolClient.java:onNext(254)) - client-43E682E1E07B->d5132e6f-def8-45c0-b0d2-c5ba43d86628: receive RaftClientReply:client-43E682E1E07B->d5132e6f-def8-45c0-b0d2-c5ba43d86628@group-C29775A8E805, cid=2886, SUCCESS, logIndex=5008, commits[d5132e6f-def8-45c0-b0d2-c5ba43d86628:c5008]
2019-06-13 22:26:56,564 INFO  client.GrpcClientProtocolClient (GrpcClientProtocolClient.java:onNext(254)) - client-43E682E1E07B->d5132e6f-def8-45c0-b0d2-c5ba43d86628: receive RaftClientReply:client-43E682E1E07B->d5132e6f-def8-45c0-b0d2-c5ba43d86628@group-C29775A8E805, cid=2887, SUCCESS, logIndex=5009, commits[d5132e6f-def8-45c0-b0d2-c5ba43d86628:c5011]
2019-06-13 22:26:56,564 INFO  client.GrpcClientProtocolClient (GrpcClientProtocolClient.java:onNext(254)) - client-43E682E1E07B->d5132e6f-def8-45c0-b0d2-c5ba43d86628: receive RaftClientReply:client-43E682E1E07B->d5132e6f-def8-45c0-b0d2-c5ba43d86628@group-C29775A8E805, cid=2888, SUCCESS, logIndex=5010, commits[d5132e6f-def8-45c0-b0d2-c5ba43d86628:c5011]
2019-06-13 22:26:56,576 INFO  client.GrpcClientProtocolClient (GrpcClientProtocolClient.java:onNext(254)) - client-43E682E1E07B->d5132e6f-def8-45c0-b0d2-c5ba43d86628: receive RaftClientReply:client-43E682E1E07B->d5132e6f-def8-45c0-b0d2-c5ba43d86628@group-C29775A8E805, cid=2889, SUCCESS, logIndex=5012, commits[d5132e6f-def8-45c0-b0d2-c5ba43d86628:c5012]
2019-06-13 22:26:56,578 INFO  client.GrpcClientProtocolClient (GrpcClientProtocolClient.java:onNext(254)) - client-43E682E1E07B->d5132e6f-def8-45c0-b0d2-c5ba43d86628: receive RaftClientReply:client-43E682E1E07B->d5132e6f-def8-45c0-b0d2-c5ba43d86628@group-C29775A8E805, cid=2890, SUCCESS, logIndex=5014, commits[d5132e6f-def8-45c0-b0d2-c5ba43d86628:c5014]
2019-06-13 22:26:56,579 INFO  client.GrpcClientProtocolClient (GrpcClientProtocolClient.java:onNext(254)) - client-43E682E1E07B->d5132e6f-def8-45c0-b0d2-c5ba43d86628: receive RaftClientReply:client-43E682E1E07B->d5132e6f-def8-45c0-b0d2-c5ba43d86628@group-C29775A8E805, cid=2891, SUCCESS, logIndex=5015, commits[d5132e6f-def8-45c0-b0d2-c5ba43d86628:c5017]
2019-06-13 22:26:56,580 INFO  client.GrpcClientProtocolClient (GrpcClientProtocolClient.java:onNext(254)) - client-43E682E1E07B->d5132e6f-def8-45c0-b0d2-c5ba43d86628: receive RaftClientReply:client-43E682E1E07B->d5132e6f-def8-45c0-b0d2-c5ba43d86628@group-C29775A8E805, cid=2892, SUCCESS, logIndex=5016, commits[d5132e6f-def8-45c0-b0d2-c5ba43d86628:c5017]
2019-06-13 22:26:56,585 DEBUG block.SCMBlockDeletingService (SCMBlockDeletingService.java:call(138)) - Running DeletedBlockTransactionScanner
2019-06-13 22:26:56,586 DEBUG block.SCMBlockDeletingService (SCMBlockDeletingService.java:call(155)) - Scanned deleted blocks log and got 0 delTX to process.
2019-06-13 22:26:56,587 INFO  client.GrpcClientProtocolClient (GrpcClientProtocolClient.java:onNext(254)) - client-43E682E1E07B->d5132e6f-def8-45c0-b0d2-c5ba43d86628: receive RaftClientReply:client-43E682E1E07B->d5132e6f-def8-45c0-b0d2-c5ba43d86628@group-C29775A8E805, cid=2893, SUCCESS, logIndex=5018, commits[d5132e6f-def8-45c0-b0d2-c5ba43d86628:c5019]
2019-06-13 22:26:56,588 INFO  client.GrpcClientProtocolClient (GrpcClientProtocolClient.java:onNext(254)) - client-43E682E1E07B->d5132e6f-def8-45c0-b0d2-c5ba43d86628: receive RaftClientReply:client-43E682E1E07B->d5132e6f-def8-45c0-b0d2-c5ba43d86628@group-C29775A8E805, cid=2894, SUCCESS, logIndex=5020, commits[d5132e6f-def8-45c0-b0d2-c5ba43d86628:c5020]
2019-06-13 22:26:56,591 INFO  client.GrpcClientProtocolClient (GrpcClientProtocolClient.java:onNext(254)) - client-43E682E1E07B->d5132e6f-def8-45c0-b0d2-c5ba43d86628: receive RaftClientReply:client-43E682E1E07B->d5132e6f-def8-45c0-b0d2-c5ba43d86628@group-C29775A8E805, cid=2895, SUCCESS, logIndex=5021, commits[d5132e6f-def8-45c0-b0d2-c5ba43d86628:c5023]
2019-06-13 22:26:56,592 INFO  client.GrpcClientProtocolClient (GrpcClientProtocolClient.java:onNext(254)) - client-43E682E1E07B->d5132e6f-def8-45c0-b0d2-c5ba43d86628: receive RaftClientReply:client-43E682E1E07B->d5132e6f-def8-45c0-b0d2-c5ba43d86628@group-C29775A8E805, cid=2896, SUCCESS, logIndex=5022, commits[d5132e6f-def8-45c0-b0d2-c5ba43d86628:c5023]
2019-06-13 22:26:56,606 INFO  client.GrpcClientProtocolClient (GrpcClientProtocolClient.java:onNext(254)) - client-43E682E1E07B->d5132e6f-def8-45c0-b0d2-c5ba43d86628: receive RaftClientReply:client-43E682E1E07B->d5132e6f-def8-45c0-b0d2-c5ba43d86628@group-C29775A8E805, cid=2897, SUCCESS, logIndex=5024, commits[d5132e6f-def8-45c0-b0d2-c5ba43d86628:c5025]
2019-06-13 22:26:56,608 INFO  client.GrpcClientProtocolClient (GrpcClientProtocolClient.java:onNext(254)) - client-43E682E1E07B->d5132e6f-def8-45c0-b0d2-c5ba43d86628: receive RaftClientReply:client-43E682E1E07B->d5132e6f-def8-45c0-b0d2-c5ba43d86628@group-C29775A8E805, cid=2898, SUCCESS, logIndex=5026, commits[d5132e6f-def8-45c0-b0d2-c5ba43d86628:c5026]
2019-06-13 22:26:56,609 INFO  client.GrpcClientProtocolClient (GrpcClientProtocolClient.java:onNext(254)) - client-43E682E1E07B->d5132e6f-def8-45c0-b0d2-c5ba43d86628: receive RaftClientReply:client-43E682E1E07B->d5132e6f-def8-45c0-b0d2-c5ba43d86628@group-C29775A8E805, cid=2899, SUCCESS, logIndex=5027, commits[d5132e6f-def8-45c0-b0d2-c5ba43d86628:c5028]
2019-06-13 22:26:56,610 INFO  client.GrpcClientProtocolClient (GrpcClientProtocolClient.java:onNext(254)) - client-43E682E1E07B->d5132e6f-def8-45c0-b0d2-c5ba43d86628: receive RaftClientReply:client-43E682E1E07B->d5132e6f-def8-45c0-b0d2-c5ba43d86628@group-C29775A8E805, cid=2900, SUCCESS, logIndex=5028, commits[d5132e6f-def8-45c0-b0d2-c5ba43d86628:c5029]
2019-06-13 22:26:56,616 INFO  client.GrpcClientProtocolClient (GrpcClientProtocolClient.java:onNext(254)) - client-43E682E1E07B->d5132e6f-def8-45c0-b0d2-c5ba43d86628: receive RaftClientReply:client-43E682E1E07B->d5132e6f-def8-45c0-b0d2-c5ba43d86628@group-C29775A8E805, cid=2901, SUCCESS, logIndex=5031, commits[d5132e6f-def8-45c0-b0d2-c5ba43d86628:c5031]
2019-06-13 22:26:56,626 INFO  client.GrpcClientProtocolClient (GrpcClientProtocolClient.java:onNext(254)) - client-43E682E1E07B->d5132e6f-def8-45c0-b0d2-c5ba43d86628: receive RaftClientReply:client-43E682E1E07B->d5132e6f-def8-45c0-b0d2-c5ba43d86628@group-C29775A8E805, cid=2902, SUCCESS, logIndex=5033, commits[d5132e6f-def8-45c0-b0d2-c5ba43d86628:c5033]
2019-06-13 22:26:56,634 INFO  client.GrpcClientProtocolClient (GrpcClientProtocolClient.java:onNext(254)) - client-43E682E1E07B->d5132e6f-def8-45c0-b0d2-c5ba43d86628: receive RaftClientReply:client-43E682E1E07B->d5132e6f-def8-45c0-b0d2-c5ba43d86628@group-C29775A8E805, cid=2903, SUCCESS, logIndex=5034, commits[d5132e6f-def8-45c0-b0d2-c5ba43d86628:c5035]
2019-06-13 22:26:56,638 INFO  client.GrpcClientProtocolClient (GrpcClientProtocolClient.java:onNext(254)) - client-43E682E1E07B->d5132e6f-def8-45c0-b0d2-c5ba43d86628: receive RaftClientReply:client-43E682E1E07B->d5132e6f-def8-45c0-b0d2-c5ba43d86628@group-C29775A8E805, cid=2904, SUCCESS, logIndex=5036, commits[d5132e6f-def8-45c0-b0d2-c5ba43d86628:c5036]
2019-06-13 22:26:56,649 INFO  storage.RaftLogWorker (RaftLogWorker.java:rollLogSegment(303)) - d5132e6f-def8-45c0-b0d2-c5ba43d86628-RaftLogWorker: Rolling segment log-4969_5037 to index:5037
2019-06-13 22:26:56,649 INFO  storage.RaftLogWorker (RaftLogWorker.java:execute(433)) - d5132e6f-def8-45c0-b0d2-c5ba43d86628-RaftLogWorker: Rolled log segment from /opt/src/hadoop-ozone/integration-test/target/test-dir/MiniOzoneClusterImpl-e9ea07bb-4900-4b53-96c1-68f0ab556a80/datanode-0/data/ratis/c7035dd3-cd4a-42fb-880d-c29775a8e805/current/log_inprogress_4969 to /opt/src/hadoop-ozone/integration-test/target/test-dir/MiniOzoneClusterImpl-e9ea07bb-4900-4b53-96c1-68f0ab556a80/datanode-0/data/ratis/c7035dd3-cd4a-42fb-880d-c29775a8e805/current/log_4969-5037
2019-06-13 22:26:56,693 DEBUG block.SCMBlockDeletingService (SCMBlockDeletingService.java:call(138)) - Running DeletedBlockTransactionScanner
2019-06-13 22:26:56,695 DEBUG block.SCMBlockDeletingService (SCMBlockDeletingService.java:call(155)) - Scanned deleted blocks log and got 0 delTX to process.
2019-06-13 22:26:56,701 INFO  storage.RaftLogWorker (RaftLogWorker.java:execute(469)) - d5132e6f-def8-45c0-b0d2-c5ba43d86628-RaftLogWorker: created new log segment /opt/src/hadoop-ozone/integration-test/target/test-dir/MiniOzoneClusterImpl-e9ea07bb-4900-4b53-96c1-68f0ab556a80/datanode-0/data/ratis/c7035dd3-cd4a-42fb-880d-c29775a8e805/current/log_inprogress_5038
2019-06-13 22:26:56,703 INFO  client.GrpcClientProtocolClient (GrpcClientProtocolClient.java:onNext(254)) - client-43E682E1E07B->d5132e6f-def8-45c0-b0d2-c5ba43d86628: receive RaftClientReply:client-43E682E1E07B->d5132e6f-def8-45c0-b0d2-c5ba43d86628@group-C29775A8E805, cid=2905, SUCCESS, logIndex=5038, commits[d5132e6f-def8-45c0-b0d2-c5ba43d86628:c5038]
2019-06-13 22:26:56,705 INFO  client.GrpcClientProtocolClient (GrpcClientProtocolClient.java:onNext(254)) - client-43E682E1E07B->d5132e6f-def8-45c0-b0d2-c5ba43d86628: receive RaftClientReply:client-43E682E1E07B->d5132e6f-def8-45c0-b0d2-c5ba43d86628@group-C29775A8E805, cid=2906, SUCCESS, logIndex=5040, commits[d5132e6f-def8-45c0-b0d2-c5ba43d86628:c5040]
2019-06-13 22:26:56,709 INFO  client.GrpcClientProtocolClient (GrpcClientProtocolClient.java:onNext(254)) - client-43E682E1E07B->d5132e6f-def8-45c0-b0d2-c5ba43d86628: receive RaftClientReply:client-43E682E1E07B->d5132e6f-def8-45c0-b0d2-c5ba43d86628@group-C29775A8E805, cid=2907, SUCCESS, logIndex=5041, commits[d5132e6f-def8-45c0-b0d2-c5ba43d86628:c5043]
2019-06-13 22:26:56,710 INFO  client.GrpcClientProtocolClient (GrpcClientProtocolClient.java:onNext(254)) - client-43E682E1E07B->d5132e6f-def8-45c0-b0d2-c5ba43d86628: receive RaftClientReply:client-43E682E1E07B->d5132e6f-def8-45c0-b0d2-c5ba43d86628@group-C29775A8E805, cid=2908, SUCCESS, logIndex=5042, commits[d5132e6f-def8-45c0-b0d2-c5ba43d86628:c5043]
2019-06-13 22:26:56,715 INFO  client.GrpcClientProtocolClient (GrpcClientProtocolClient.java:onNext(254)) - client-43E682E1E07B->d5132e6f-def8-45c0-b0d2-c5ba43d86628: receive RaftClientReply:client-43E682E1E07B->d5132e6f-def8-45c0-b0d2-c5ba43d86628@group-C29775A8E805, cid=2909, SUCCESS, logIndex=5044, commits[d5132e6f-def8-45c0-b0d2-c5ba43d86628:c5044]
2019-06-13 22:26:56,717 INFO  client.GrpcClientProtocolClient (GrpcClientProtocolClient.java:onNext(254)) - client-43E682E1E07B->d5132e6f-def8-45c0-b0d2-c5ba43d86628: receive RaftClientReply:client-43E682E1E07B->d5132e6f-def8-45c0-b0d2-c5ba43d86628@group-C29775A8E805, cid=2910, SUCCESS, logIndex=5046, commits[d5132e6f-def8-45c0-b0d2-c5ba43d86628:c5046]
2019-06-13 22:26:56,718 INFO  client.GrpcClientProtocolClient (GrpcClientProtocolClient.java:onNext(254)) - client-43E682E1E07B->d5132e6f-def8-45c0-b0d2-c5ba43d86628: receive RaftClientReply:client-43E682E1E07B->d5132e6f-def8-45c0-b0d2-c5ba43d86628@group-C29775A8E805, cid=2911, SUCCESS, logIndex=5047, commits[d5132e6f-def8-45c0-b0d2-c5ba43d86628:c5047]
2019-06-13 22:26:56,719 INFO  client.GrpcClientProtocolClient (GrpcClientProtocolClient.java:onNext(254)) - client-43E682E1E07B->d5132e6f-def8-45c0-b0d2-c5ba43d86628: receive RaftClientReply:client-43E682E1E07B->d5132e6f-def8-45c0-b0d2-c5ba43d86628@group-C29775A8E805, cid=2912, SUCCESS, logIndex=5049, commits[d5132e6f-def8-45c0-b0d2-c5ba43d86628:c5049]
2019-06-13 22:26:56,730 INFO  client.GrpcClientProtocolClient (GrpcClientProtocolClient.java:onNext(254)) - client-43E682E1E07B->d5132e6f-def8-45c0-b0d2-c5ba43d86628: receive RaftClientReply:client-43E682E1E07B->d5132e6f-def8-45c0-b0d2-c5ba43d86628@group-C29775A8E805, cid=2913, SUCCESS, logIndex=5052, commits[d5132e6f-def8-45c0-b0d2-c5ba43d86628:c5052]
2019-06-13 22:26:56,732 INFO  client.GrpcClientProtocolClient (GrpcClientProtocolClient.java:onNext(254)) - client-43E682E1E07B->d5132e6f-def8-45c0-b0d2-c5ba43d86628: receive RaftClientReply:client-43E682E1E07B->d5132e6f-def8-45c0-b0d2-c5ba43d86628@group-C29775A8E805, cid=2914, SUCCESS, logIndex=5054, commits[d5132e6f-def8-45c0-b0d2-c5ba43d86628:c5054]
2019-06-13 22:26:56,732 INFO  client.GrpcClientProtocolClient (GrpcClientProtocolClient.java:onNext(254)) - client-43E682E1E07B->d5132e6f-def8-45c0-b0d2-c5ba43d86628: receive RaftClientReply:client-43E682E1E07B->d5132e6f-def8-45c0-b0d2-c5ba43d86628@group-C29775A8E805, cid=2915, SUCCESS, logIndex=5055, commits[d5132e6f-def8-45c0-b0d2-c5ba43d86628:c5057]
2019-06-13 22:26:56,733 INFO  client.GrpcClientProtocolClient (GrpcClientProtocolClient.java:onNext(254)) - client-43E682E1E07B->d5132e6f-def8-45c0-b0d2-c5ba43d86628: receive RaftClientReply:client-43E682E1E07B->d5132e6f-def8-45c0-b0d2-c5ba43d86628@group-C29775A8E805, cid=2916, SUCCESS, logIndex=5056, commits[d5132e6f-def8-45c0-b0d2-c5ba43d86628:c5057]
2019-06-13 22:26:57,016 DEBUG block.SCMBlockDeletingService (SCMBlockDeletingService.java:call(138)) - Running DeletedBlockTransactionScanner
2019-06-13 22:26:57,018 DEBUG block.SCMBlockDeletingService (SCMBlockDeletingService.java:call(155)) - Scanned deleted blocks log and got 0 delTX to process.
2019-06-13 22:26:57,091 INFO  client.GrpcClientProtocolClient (GrpcClientProtocolClient.java:onNext(254)) - client-43E682E1E07B->d5132e6f-def8-45c0-b0d2-c5ba43d86628: receive RaftClientReply:client-43E682E1E07B->d5132e6f-def8-45c0-b0d2-c5ba43d86628@group-C29775A8E805, cid=2917, SUCCESS, logIndex=5058, commits[d5132e6f-def8-45c0-b0d2-c5ba43d86628:c5058]
2019-06-13 22:26:57,095 INFO  client.GrpcClientProtocolClient (GrpcClientProtocolClient.java:onNext(254)) - client-43E682E1E07B->d5132e6f-def8-45c0-b0d2-c5ba43d86628: receive RaftClientReply:client-43E682E1E07B->d5132e6f-def8-45c0-b0d2-c5ba43d86628@group-C29775A8E805, cid=2918, SUCCESS, logIndex=5060, commits[d5132e6f-def8-45c0-b0d2-c5ba43d86628:c5062]
2019-06-13 22:26:57,096 INFO  client.GrpcClientProtocolClient (GrpcClientProtocolClient.java:onNext(254)) - client-43E682E1E07B->d5132e6f-def8-45c0-b0d2-c5ba43d86628: receive RaftClientReply:client-43E682E1E07B->d5132e6f-def8-45c0-b0d2-c5ba43d86628@group-C29775A8E805, cid=2919, SUCCESS, logIndex=5061, commits[d5132e6f-def8-45c0-b0d2-c5ba43d86628:c5062]
2019-06-13 22:26:57,096 INFO  client.GrpcClientProtocolClient (GrpcClientProtocolClient.java:onNext(254)) - client-43E682E1E07B->d5132e6f-def8-45c0-b0d2-c5ba43d86628: receive RaftClientReply:client-43E682E1E07B->d5132e6f-def8-45c0-b0d2-c5ba43d86628@group-C29775A8E805, cid=2920, SUCCESS, logIndex=5062, commits[d5132e6f-def8-45c0-b0d2-c5ba43d86628:c5063]
2019-06-13 22:26:57,113 INFO  client.GrpcClientProtocolClient (GrpcClientProtocolClient.java:onNext(254)) - client-43E682E1E07B->d5132e6f-def8-45c0-b0d2-c5ba43d86628: receive RaftClientReply:client-43E682E1E07B->d5132e6f-def8-45c0-b0d2-c5ba43d86628@group-C29775A8E805, cid=2921, SUCCESS, logIndex=5064, commits[d5132e6f-def8-45c0-b0d2-c5ba43d86628:c5064]
2019-06-13 22:26:57,118 DEBUG block.SCMBlockDeletingService (SCMBlockDeletingService.java:call(138)) - Running DeletedBlockTransactionScanner
2019-06-13 22:26:57,118 DEBUG block.SCMBlockDeletingService (SCMBlockDeletingService.java:call(155)) - Scanned deleted blocks log and got 0 delTX to process.
2019-06-13 22:26:57,118 INFO  client.GrpcClientProtocolClient (GrpcClientProtocolClient.java:onNext(254)) - client-43E682E1E07B->d5132e6f-def8-45c0-b0d2-c5ba43d86628: receive RaftClientReply:client-43E682E1E07B->d5132e6f-def8-45c0-b0d2-c5ba43d86628@group-C29775A8E805, cid=2922, SUCCESS, logIndex=5066, commits[d5132e6f-def8-45c0-b0d2-c5ba43d86628:c5068]
2019-06-13 22:26:57,119 INFO  client.GrpcClientProtocolClient (GrpcClientProtocolClient.java:onNext(254)) - client-43E682E1E07B->d5132e6f-def8-45c0-b0d2-c5ba43d86628: receive RaftClientReply:client-43E682E1E07B->d5132e6f-def8-45c0-b0d2-c5ba43d86628@group-C29775A8E805, cid=2923, SUCCESS, logIndex=5067, commits[d5132e6f-def8-45c0-b0d2-c5ba43d86628:c5068]
2019-06-13 22:26:57,119 INFO  client.GrpcClientProtocolClient (GrpcClientProtocolClient.java:onNext(254)) - client-43E682E1E07B->d5132e6f-def8-45c0-b0d2-c5ba43d86628: receive RaftClientReply:client-43E682E1E07B->d5132e6f-def8-45c0-b0d2-c5ba43d86628@group-C29775A8E805, cid=2924, SUCCESS, logIndex=5068, commits[d5132e6f-def8-45c0-b0d2-c5ba43d86628:c5068]
2019-06-13 22:26:57,129 INFO  client.GrpcClientProtocolClient (GrpcClientProtocolClient.java:onNext(254)) - client-43E682E1E07B->d5132e6f-def8-45c0-b0d2-c5ba43d86628: receive RaftClientReply:client-43E682E1E07B->d5132e6f-def8-45c0-b0d2-c5ba43d86628@group-C29775A8E805, cid=2925, SUCCESS, logIndex=5070, commits[d5132e6f-def8-45c0-b0d2-c5ba43d86628:c5070]
2019-06-13 22:26:57,219 DEBUG block.SCMBlockDeletingService (SCMBlockDeletingService.java:call(138)) - Running DeletedBlockTransactionScanner
2019-06-13 22:26:57,219 DEBUG block.SCMBlockDeletingService (SCMBlockDeletingService.java:call(155)) - Scanned deleted blocks log and got 0 delTX to process.
2019-06-13 22:26:57,270 INFO  client.GrpcClientProtocolClient (GrpcClientProtocolClient.java:onNext(254)) - client-43E682E1E07B->d5132e6f-def8-45c0-b0d2-c5ba43d86628: receive RaftClientReply:client-43E682E1E07B->d5132e6f-def8-45c0-b0d2-c5ba43d86628@group-C29775A8E805, cid=2926, SUCCESS, logIndex=5072, commits[d5132e6f-def8-45c0-b0d2-c5ba43d86628:c5072]
2019-06-13 22:26:57,276 INFO  client.GrpcClientProtocolClient (GrpcClientProtocolClient.java:onNext(254)) - client-43E682E1E07B->d5132e6f-def8-45c0-b0d2-c5ba43d86628: receive RaftClientReply:client-43E682E1E07B->d5132e6f-def8-45c0-b0d2-c5ba43d86628@group-C29775A8E805, cid=2927, SUCCESS, logIndex=5074, commits[d5132e6f-def8-45c0-b0d2-c5ba43d86628:c5074]
2019-06-13 22:26:57,279 INFO  client.GrpcClientProtocolClient (GrpcClientProtocolClient.java:onNext(254)) - client-43E682E1E07B->d5132e6f-def8-45c0-b0d2-c5ba43d86628: receive RaftClientReply:client-43E682E1E07B->d5132e6f-def8-45c0-b0d2-c5ba43d86628@group-C29775A8E805, cid=2928, SUCCESS, logIndex=5075, commits[d5132e6f-def8-45c0-b0d2-c5ba43d86628:c5075]
2019-06-13 22:26:57,305 INFO  client.GrpcClientProtocolClient (GrpcClientProtocolClient.java:onNext(254)) - client-43E682E1E07B->d5132e6f-def8-45c0-b0d2-c5ba43d86628: receive RaftClientReply:client-43E682E1E07B->d5132e6f-def8-45c0-b0d2-c5ba43d86628@group-C29775A8E805, cid=2929, SUCCESS, logIndex=5078, commits[d5132e6f-def8-45c0-b0d2-c5ba43d86628:c5078]
2019-06-13 22:26:57,313 INFO  client.GrpcClientProtocolClient (GrpcClientProtocolClient.java:onNext(254)) - client-43E682E1E07B->d5132e6f-def8-45c0-b0d2-c5ba43d86628: receive RaftClientReply:client-43E682E1E07B->d5132e6f-def8-45c0-b0d2-c5ba43d86628@group-C29775A8E805, cid=2930, SUCCESS, logIndex=5080, commits[d5132e6f-def8-45c0-b0d2-c5ba43d86628:c5082]
2019-06-13 22:26:57,315 INFO  client.GrpcClientProtocolClient (GrpcClientProtocolClient.java:onNext(254)) - client-43E682E1E07B->d5132e6f-def8-45c0-b0d2-c5ba43d86628: receive RaftClientReply:client-43E682E1E07B->d5132e6f-def8-45c0-b0d2-c5ba43d86628@group-C29775A8E805, cid=2931, SUCCESS, logIndex=5081, commits[d5132e6f-def8-45c0-b0d2-c5ba43d86628:c5082]
2019-06-13 22:26:57,315 INFO  client.GrpcClientProtocolClient (GrpcClientProtocolClient.java:onNext(254)) - client-43E682E1E07B->d5132e6f-def8-45c0-b0d2-c5ba43d86628: receive RaftClientReply:client-43E682E1E07B->d5132e6f-def8-45c0-b0d2-c5ba43d86628@group-C29775A8E805, cid=2932, SUCCESS, logIndex=5082, commits[d5132e6f-def8-45c0-b0d2-c5ba43d86628:c5082]
2019-06-13 22:26:57,321 DEBUG block.SCMBlockDeletingService (SCMBlockDeletingService.java:call(138)) - Running DeletedBlockTransactionScanner
2019-06-13 22:26:57,322 DEBUG block.SCMBlockDeletingService (SCMBlockDeletingService.java:call(155)) - Scanned deleted blocks log and got 0 delTX to process.
2019-06-13 22:26:57,327 INFO  client.GrpcClientProtocolClient (GrpcClientProtocolClient.java:onNext(254)) - client-43E682E1E07B->d5132e6f-def8-45c0-b0d2-c5ba43d86628: receive RaftClientReply:client-43E682E1E07B->d5132e6f-def8-45c0-b0d2-c5ba43d86628@group-C29775A8E805, cid=2933, SUCCESS, logIndex=5084, commits[d5132e6f-def8-45c0-b0d2-c5ba43d86628:c5084]
2019-06-13 22:26:57,338 INFO  client.GrpcClientProtocolClient (GrpcClientProtocolClient.java:onNext(254)) - client-43E682E1E07B->d5132e6f-def8-45c0-b0d2-c5ba43d86628: receive RaftClientReply:client-43E682E1E07B->d5132e6f-def8-45c0-b0d2-c5ba43d86628@group-C29775A8E805, cid=2934, SUCCESS, logIndex=5086, commits[d5132e6f-def8-45c0-b0d2-c5ba43d86628:c5088]
2019-06-13 22:26:57,339 INFO  client.GrpcClientProtocolClient (GrpcClientProtocolClient.java:onNext(254)) - client-43E682E1E07B->d5132e6f-def8-45c0-b0d2-c5ba43d86628: receive RaftClientReply:client-43E682E1E07B->d5132e6f-def8-45c0-b0d2-c5ba43d86628@group-C29775A8E805, cid=2935, SUCCESS, logIndex=5087, commits[d5132e6f-def8-45c0-b0d2-c5ba43d86628:c5088]
2019-06-13 22:26:57,339 INFO  client.GrpcClientProtocolClient (GrpcClientProtocolClient.java:onNext(254)) - client-43E682E1E07B->d5132e6f-def8-45c0-b0d2-c5ba43d86628: receive RaftClientReply:client-43E682E1E07B->d5132e6f-def8-45c0-b0d2-c5ba43d86628@group-C29775A8E805, cid=2936, SUCCESS, logIndex=5088, commits[d5132e6f-def8-45c0-b0d2-c5ba43d86628:c5088]
2019-06-13 22:26:57,358 INFO  client.GrpcClientProtocolClient (GrpcClientProtocolClient.java:onNext(254)) - client-43E682E1E07B->d5132e6f-def8-45c0-b0d2-c5ba43d86628: receive RaftClientReply:client-43E682E1E07B->d5132e6f-def8-45c0-b0d2-c5ba43d86628@group-C29775A8E805, cid=2937, SUCCESS, logIndex=5090, commits[d5132e6f-def8-45c0-b0d2-c5ba43d86628:c5090]
2019-06-13 22:26:57,369 INFO  client.GrpcClientProtocolClient (GrpcClientProtocolClient.java:onNext(254)) - client-43E682E1E07B->d5132e6f-def8-45c0-b0d2-c5ba43d86628: receive RaftClientReply:client-43E682E1E07B->d5132e6f-def8-45c0-b0d2-c5ba43d86628@group-C29775A8E805, cid=2938, SUCCESS, logIndex=5092, commits[d5132e6f-def8-45c0-b0d2-c5ba43d86628:c5094]
2019-06-13 22:26:57,369 INFO  client.GrpcClientProtocolClient (GrpcClientProtocolClient.java:onNext(254)) - client-43E682E1E07B->d5132e6f-def8-45c0-b0d2-c5ba43d86628: receive RaftClientReply:client-43E682E1E07B->d5132e6f-def8-45c0-b0d2-c5ba43d86628@group-C29775A8E805, cid=2939, SUCCESS, logIndex=5093, commits[d5132e6f-def8-45c0-b0d2-c5ba43d86628:c5094]
2019-06-13 22:26:57,369 INFO  client.GrpcClientProtocolClient (GrpcClientProtocolClient.java:onNext(254)) - client-43E682E1E07B->d5132e6f-def8-45c0-b0d2-c5ba43d86628: receive RaftClientReply:client-43E682E1E07B->d5132e6f-def8-45c0-b0d2-c5ba43d86628@group-C29775A8E805, cid=2940, SUCCESS, logIndex=5094, commits[d5132e6f-def8-45c0-b0d2-c5ba43d86628:c5094]
2019-06-13 22:26:57,379 INFO  client.GrpcClientProtocolClient (GrpcClientProtocolClient.java:onNext(254)) - client-43E682E1E07B->d5132e6f-def8-45c0-b0d2-c5ba43d86628: receive RaftClientReply:client-43E682E1E07B->d5132e6f-def8-45c0-b0d2-c5ba43d86628@group-C29775A8E805, cid=2941, SUCCESS, logIndex=5096, commits[d5132e6f-def8-45c0-b0d2-c5ba43d86628:c5096]
2019-06-13 22:26:57,383 INFO  client.GrpcClientProtocolClient (GrpcClientProtocolClient.java:onNext(254)) - client-43E682E1E07B->d5132e6f-def8-45c0-b0d2-c5ba43d86628: receive RaftClientReply:client-43E682E1E07B->d5132e6f-def8-45c0-b0d2-c5ba43d86628@group-C29775A8E805, cid=2942, SUCCESS, logIndex=5098, commits[d5132e6f-def8-45c0-b0d2-c5ba43d86628:c5100]
2019-06-13 22:26:57,384 INFO  client.GrpcClientProtocolClient (GrpcClientProtocolClient.java:onNext(254)) - client-43E682E1E07B->d5132e6f-def8-45c0-b0d2-c5ba43d86628: receive RaftClientReply:client-43E682E1E07B->d5132e6f-def8-45c0-b0d2-c5ba43d86628@group-C29775A8E805, cid=2943, SUCCESS, logIndex=5099, commits[d5132e6f-def8-45c0-b0d2-c5ba43d86628:c5100]
2019-06-13 22:26:57,384 INFO  client.GrpcClientProtocolClient (GrpcClientProtocolClient.java:onNext(254)) - client-43E682E1E07B->d5132e6f-def8-45c0-b0d2-c5ba43d86628: receive RaftClientReply:client-43E682E1E07B->d5132e6f-def8-45c0-b0d2-c5ba43d86628@group-C29775A8E805, cid=2944, SUCCESS, logIndex=5100, commits[d5132e6f-def8-45c0-b0d2-c5ba43d86628:c5101]
2019-06-13 22:26:57,400 INFO  client.GrpcClientProtocolClient (GrpcClientProtocolClient.java:onNext(254)) - client-43E682E1E07B->d5132e6f-def8-45c0-b0d2-c5ba43d86628: receive RaftClientReply:client-43E682E1E07B->d5132e6f-def8-45c0-b0d2-c5ba43d86628@group-C29775A8E805, cid=2945, SUCCESS, logIndex=5102, commits[d5132e6f-def8-45c0-b0d2-c5ba43d86628:c5102]
2019-06-13 22:26:57,406 INFO  client.GrpcClientProtocolClient (GrpcClientProtocolClient.java:onNext(254)) - client-43E682E1E07B->d5132e6f-def8-45c0-b0d2-c5ba43d86628: receive RaftClientReply:client-43E682E1E07B->d5132e6f-def8-45c0-b0d2-c5ba43d86628@group-C29775A8E805, cid=2946, SUCCESS, logIndex=5104, commits[d5132e6f-def8-45c0-b0d2-c5ba43d86628:c5106]
2019-06-13 22:26:57,410 INFO  client.GrpcClientProtocolClient (GrpcClientProtocolClient.java:onNext(254)) - client-43E682E1E07B->d5132e6f-def8-45c0-b0d2-c5ba43d86628: receive RaftClientReply:client-43E682E1E07B->d5132e6f-def8-45c0-b0d2-c5ba43d86628@group-C29775A8E805, cid=2947, SUCCESS, logIndex=5105, commits[d5132e6f-def8-45c0-b0d2-c5ba43d86628:c5106]
2019-06-13 22:26:57,411 INFO  client.GrpcClientProtocolClient (GrpcClientProtocolClient.java:onNext(254)) - client-43E682E1E07B->d5132e6f-def8-45c0-b0d2-c5ba43d86628: receive RaftClientReply:client-43E682E1E07B->d5132e6f-def8-45c0-b0d2-c5ba43d86628@group-C29775A8E805, cid=2948, SUCCESS, logIndex=5106, commits[d5132e6f-def8-45c0-b0d2-c5ba43d86628:c5106]
2019-06-13 22:26:57,418 INFO  storage.RaftLogWorker (RaftLogWorker.java:rollLogSegment(303)) - d5132e6f-def8-45c0-b0d2-c5ba43d86628-RaftLogWorker: Rolling segment log-5038_5107 to index:5107
2019-06-13 22:26:57,419 INFO  storage.RaftLogWorker (RaftLogWorker.java:execute(433)) - d5132e6f-def8-45c0-b0d2-c5ba43d86628-RaftLogWorker: Rolled log segment from /opt/src/hadoop-ozone/integration-test/target/test-dir/MiniOzoneClusterImpl-e9ea07bb-4900-4b53-96c1-68f0ab556a80/datanode-0/data/ratis/c7035dd3-cd4a-42fb-880d-c29775a8e805/current/log_inprogress_5038 to /opt/src/hadoop-ozone/integration-test/target/test-dir/MiniOzoneClusterImpl-e9ea07bb-4900-4b53-96c1-68f0ab556a80/datanode-0/data/ratis/c7035dd3-cd4a-42fb-880d-c29775a8e805/current/log_5038-5107
2019-06-13 22:26:57,423 DEBUG block.SCMBlockDeletingService (SCMBlockDeletingService.java:call(138)) - Running DeletedBlockTransactionScanner
2019-06-13 22:26:57,423 DEBUG block.SCMBlockDeletingService (SCMBlockDeletingService.java:call(155)) - Scanned deleted blocks log and got 0 delTX to process.
2019-06-13 22:26:57,492 INFO  storage.RaftLogWorker (RaftLogWorker.java:execute(469)) - d5132e6f-def8-45c0-b0d2-c5ba43d86628-RaftLogWorker: created new log segment /opt/src/hadoop-ozone/integration-test/target/test-dir/MiniOzoneClusterImpl-e9ea07bb-4900-4b53-96c1-68f0ab556a80/datanode-0/data/ratis/c7035dd3-cd4a-42fb-880d-c29775a8e805/current/log_inprogress_5108
2019-06-13 22:26:57,495 INFO  client.GrpcClientProtocolClient (GrpcClientProtocolClient.java:onNext(254)) - client-43E682E1E07B->d5132e6f-def8-45c0-b0d2-c5ba43d86628: receive RaftClientReply:client-43E682E1E07B->d5132e6f-def8-45c0-b0d2-c5ba43d86628@group-C29775A8E805, cid=2949, SUCCESS, logIndex=5108, commits[d5132e6f-def8-45c0-b0d2-c5ba43d86628:c5108]
2019-06-13 22:26:57,502 INFO  client.GrpcClientProtocolClient (GrpcClientProtocolClient.java:onNext(254)) - client-43E682E1E07B->d5132e6f-def8-45c0-b0d2-c5ba43d86628: receive RaftClientReply:client-43E682E1E07B->d5132e6f-def8-45c0-b0d2-c5ba43d86628@group-C29775A8E805, cid=2950, SUCCESS, logIndex=5110, commits[d5132e6f-def8-45c0-b0d2-c5ba43d86628:c5112]
2019-06-13 22:26:57,502 INFO  client.GrpcClientProtocolClient (GrpcClientProtocolClient.java:onNext(254)) - client-43E682E1E07B->d5132e6f-def8-45c0-b0d2-c5ba43d86628: receive RaftClientReply:client-43E682E1E07B->d5132e6f-def8-45c0-b0d2-c5ba43d86628@group-C29775A8E805, cid=2951, SUCCESS, logIndex=5111, commits[d5132e6f-def8-45c0-b0d2-c5ba43d86628:c5113]
2019-06-13 22:26:57,503 INFO  client.GrpcClientProtocolClient (GrpcClientProtocolClient.java:onNext(254)) - client-43E682E1E07B->d5132e6f-def8-45c0-b0d2-c5ba43d86628: receive RaftClientReply:client-43E682E1E07B->d5132e6f-def8-45c0-b0d2-c5ba43d86628@group-C29775A8E805, cid=2952, SUCCESS, logIndex=5112, commits[d5132e6f-def8-45c0-b0d2-c5ba43d86628:c5113]
2019-06-13 22:26:57,516 INFO  client.GrpcClientProtocolClient (GrpcClientProtocolClient.java:onNext(254)) - client-43E682E1E07B->d5132e6f-def8-45c0-b0d2-c5ba43d86628: receive RaftClientReply:client-43E682E1E07B->d5132e6f-def8-45c0-b0d2-c5ba43d86628@group-C29775A8E805, cid=2953, SUCCESS, logIndex=5114, commits[d5132e6f-def8-45c0-b0d2-c5ba43d86628:c5114]
2019-06-13 22:26:57,523 DEBUG block.SCMBlockDeletingService (SCMBlockDeletingService.java:call(138)) - Running DeletedBlockTransactionScanner
2019-06-13 22:26:57,524 DEBUG block.SCMBlockDeletingService (SCMBlockDeletingService.java:call(155)) - Scanned deleted blocks log and got 0 delTX to process.
2019-06-13 22:26:57,525 INFO  client.GrpcClientProtocolClient (GrpcClientProtocolClient.java:onNext(254)) - client-43E682E1E07B->d5132e6f-def8-45c0-b0d2-c5ba43d86628: receive RaftClientReply:client-43E682E1E07B->d5132e6f-def8-45c0-b0d2-c5ba43d86628@group-C29775A8E805, cid=2954, SUCCESS, logIndex=5116, commits[d5132e6f-def8-45c0-b0d2-c5ba43d86628:c5118]
2019-06-13 22:26:57,525 INFO  client.GrpcClientProtocolClient (GrpcClientProtocolClient.java:onNext(254)) - client-43E682E1E07B->d5132e6f-def8-45c0-b0d2-c5ba43d86628: receive RaftClientReply:client-43E682E1E07B->d5132e6f-def8-45c0-b0d2-c5ba43d86628@group-C29775A8E805, cid=2955, SUCCESS, logIndex=5117, commits[d5132e6f-def8-45c0-b0d2-c5ba43d86628:c5118]
2019-06-13 22:26:57,526 INFO  client.GrpcClientProtocolClient (GrpcClientProtocolClient.java:onNext(254)) - client-43E682E1E07B->d5132e6f-def8-45c0-b0d2-c5ba43d86628: receive RaftClientReply:client-43E682E1E07B->d5132e6f-def8-45c0-b0d2-c5ba43d86628@group-C29775A8E805, cid=2956, SUCCESS, logIndex=5118, commits[d5132e6f-def8-45c0-b0d2-c5ba43d86628:c5118]
2019-06-13 22:26:57,535 INFO  client.GrpcClientProtocolClient (GrpcClientProtocolClient.java:onNext(254)) - client-43E682E1E07B->d5132e6f-def8-45c0-b0d2-c5ba43d86628: receive RaftClientReply:client-43E682E1E07B->d5132e6f-def8-45c0-b0d2-c5ba43d86628@group-C29775A8E805, cid=2957, SUCCESS, logIndex=5120, commits[d5132e6f-def8-45c0-b0d2-c5ba43d86628:c5120]
2019-06-13 22:26:57,541 INFO  client.GrpcClientProtocolClient (GrpcClientProtocolClient.java:onNext(254)) - client-43E682E1E07B->d5132e6f-def8-45c0-b0d2-c5ba43d86628: receive RaftClientReply:client-43E682E1E07B->d5132e6f-def8-45c0-b0d2-c5ba43d86628@group-C29775A8E805, cid=2958, SUCCESS, logIndex=5122, commits[d5132e6f-def8-45c0-b0d2-c5ba43d86628:c5124]
2019-06-13 22:26:57,541 INFO  client.GrpcClientProtocolClient (GrpcClientProtocolClient.java:onNext(254)) - client-43E682E1E07B->d5132e6f-def8-45c0-b0d2-c5ba43d86628: receive RaftClientReply:client-43E682E1E07B->d5132e6f-def8-45c0-b0d2-c5ba43d86628@group-C29775A8E805, cid=2959, SUCCESS, logIndex=5123, commits[d5132e6f-def8-45c0-b0d2-c5ba43d86628:c5124]
2019-06-13 22:26:57,541 INFO  client.GrpcClientProtocolClient (GrpcClientProtocolClient.java:onNext(254)) - client-43E682E1E07B->d5132e6f-def8-45c0-b0d2-c5ba43d86628: receive RaftClientReply:client-43E682E1E07B->d5132e6f-def8-45c0-b0d2-c5ba43d86628@group-C29775A8E805, cid=2960, SUCCESS, logIndex=5124, commits[d5132e6f-def8-45c0-b0d2-c5ba43d86628:c5124]
2019-06-13 22:26:57,624 DEBUG block.SCMBlockDeletingService (SCMBlockDeletingService.java:call(138)) - Running DeletedBlockTransactionScanner
2019-06-13 22:26:57,624 DEBUG block.SCMBlockDeletingService (SCMBlockDeletingService.java:call(155)) - Scanned deleted blocks log and got 0 delTX to process.
2019-06-13 22:26:57,630 INFO  client.GrpcClientProtocolClient (GrpcClientProtocolClient.java:onNext(254)) - client-43E682E1E07B->d5132e6f-def8-45c0-b0d2-c5ba43d86628: receive RaftClientReply:client-43E682E1E07B->d5132e6f-def8-45c0-b0d2-c5ba43d86628@group-C29775A8E805, cid=2961, SUCCESS, logIndex=5126, commits[d5132e6f-def8-45c0-b0d2-c5ba43d86628:c5126]
2019-06-13 22:26:57,635 INFO  client.GrpcClientProtocolClient (GrpcClientProtocolClient.java:onNext(254)) - client-43E682E1E07B->d5132e6f-def8-45c0-b0d2-c5ba43d86628: receive RaftClientReply:client-43E682E1E07B->d5132e6f-def8-45c0-b0d2-c5ba43d86628@group-C29775A8E805, cid=2962, SUCCESS, logIndex=5128, commits[d5132e6f-def8-45c0-b0d2-c5ba43d86628:c5130]
2019-06-13 22:26:57,636 INFO  client.GrpcClientProtocolClient (GrpcClientProtocolClient.java:onNext(254)) - client-43E682E1E07B->d5132e6f-def8-45c0-b0d2-c5ba43d86628: receive RaftClientReply:client-43E682E1E07B->d5132e6f-def8-45c0-b0d2-c5ba43d86628@group-C29775A8E805, cid=2963, SUCCESS, logIndex=5129, commits[d5132e6f-def8-45c0-b0d2-c5ba43d86628:c5130]
2019-06-13 22:26:57,636 INFO  client.GrpcClientProtocolClient (GrpcClientProtocolClient.java:onNext(254)) - client-43E682E1E07B->d5132e6f-def8-45c0-b0d2-c5ba43d86628: receive RaftClientReply:client-43E682E1E07B->d5132e6f-def8-45c0-b0d2-c5ba43d86628@group-C29775A8E805, cid=2964, SUCCESS, logIndex=5130, commits[d5132e6f-def8-45c0-b0d2-c5ba43d86628:c5130]
2019-06-13 22:26:57,645 INFO  client.GrpcClientProtocolClient (GrpcClientProtocolClient.java:onNext(254)) - client-43E682E1E07B->d5132e6f-def8-45c0-b0d2-c5ba43d86628: receive RaftClientReply:client-43E682E1E07B->d5132e6f-def8-45c0-b0d2-c5ba43d86628@group-C29775A8E805, cid=2965, SUCCESS, logIndex=5132, commits[d5132e6f-def8-45c0-b0d2-c5ba43d86628:c5132]
2019-06-13 22:26:57,649 INFO  client.GrpcClientProtocolClient (GrpcClientProtocolClient.java:onNext(254)) - client-43E682E1E07B->d5132e6f-def8-45c0-b0d2-c5ba43d86628: receive RaftClientReply:client-43E682E1E07B->d5132e6f-def8-45c0-b0d2-c5ba43d86628@group-C29775A8E805, cid=2966, SUCCESS, logIndex=5134, commits[d5132e6f-def8-45c0-b0d2-c5ba43d86628:c5136]
2019-06-13 22:26:57,650 INFO  client.GrpcClientProtocolClient (GrpcClientProtocolClient.java:onNext(254)) - client-43E682E1E07B->d5132e6f-def8-45c0-b0d2-c5ba43d86628: receive RaftClientReply:client-43E682E1E07B->d5132e6f-def8-45c0-b0d2-c5ba43d86628@group-C29775A8E805, cid=2967, SUCCESS, logIndex=5135, commits[d5132e6f-def8-45c0-b0d2-c5ba43d86628:c5136]
2019-06-13 22:26:57,650 INFO  client.GrpcClientProtocolClient (GrpcClientProtocolClient.java:onNext(254)) - client-43E682E1E07B->d5132e6f-def8-45c0-b0d2-c5ba43d86628: receive RaftClientReply:client-43E682E1E07B->d5132e6f-def8-45c0-b0d2-c5ba43d86628@group-C29775A8E805, cid=2968, SUCCESS, logIndex=5136, commits[d5132e6f-def8-45c0-b0d2-c5ba43d86628:c5136]
2019-06-13 22:26:57,686 INFO  client.GrpcClientProtocolClient (GrpcClientProtocolClient.java:onNext(254)) - client-43E682E1E07B->d5132e6f-def8-45c0-b0d2-c5ba43d86628: receive RaftClientReply:client-43E682E1E07B->d5132e6f-def8-45c0-b0d2-c5ba43d86628@group-C29775A8E805, cid=2969, SUCCESS, logIndex=5138, commits[d5132e6f-def8-45c0-b0d2-c5ba43d86628:c5138]
2019-06-13 22:26:57,695 INFO  client.GrpcClientProtocolClient (GrpcClientProtocolClient.java:onNext(254)) - client-43E682E1E07B->d5132e6f-def8-45c0-b0d2-c5ba43d86628: receive RaftClientReply:client-43E682E1E07B->d5132e6f-def8-45c0-b0d2-c5ba43d86628@group-C29775A8E805, cid=2970, SUCCESS, logIndex=5140, commits[d5132e6f-def8-45c0-b0d2-c5ba43d86628:c5140]
2019-06-13 22:26:57,695 INFO  client.GrpcClientProtocolClient (GrpcClientProtocolClient.java:onNext(254)) - client-43E682E1E07B->d5132e6f-def8-45c0-b0d2-c5ba43d86628: receive RaftClientReply:client-43E682E1E07B->d5132e6f-def8-45c0-b0d2-c5ba43d86628@group-C29775A8E805, cid=2971, SUCCESS, logIndex=5141, commits[d5132e6f-def8-45c0-b0d2-c5ba43d86628:c5143]
2019-06-13 22:26:57,695 INFO  client.GrpcClientProtocolClient (GrpcClientProtocolClient.java:onNext(254)) - client-43E682E1E07B->d5132e6f-def8-45c0-b0d2-c5ba43d86628: receive RaftClientReply:client-43E682E1E07B->d5132e6f-def8-45c0-b0d2-c5ba43d86628@group-C29775A8E805, cid=2972, SUCCESS, logIndex=5142, commits[d5132e6f-def8-45c0-b0d2-c5ba43d86628:c5143]
2019-06-13 22:26:57,724 DEBUG block.SCMBlockDeletingService (SCMBlockDeletingService.java:call(138)) - Running DeletedBlockTransactionScanner
2019-06-13 22:26:57,725 DEBUG block.SCMBlockDeletingService (SCMBlockDeletingService.java:call(155)) - Scanned deleted blocks log and got 0 delTX to process.
2019-06-13 22:26:57,819 INFO  client.GrpcClientProtocolClient (GrpcClientProtocolClient.java:onNext(254)) - client-43E682E1E07B->d5132e6f-def8-45c0-b0d2-c5ba43d86628: receive RaftClientReply:client-43E682E1E07B->d5132e6f-def8-45c0-b0d2-c5ba43d86628@group-C29775A8E805, cid=2973, SUCCESS, logIndex=5144, commits[d5132e6f-def8-45c0-b0d2-c5ba43d86628:c5144]
2019-06-13 22:26:57,823 INFO  client.GrpcClientProtocolClient (GrpcClientProtocolClient.java:onNext(254)) - client-43E682E1E07B->d5132e6f-def8-45c0-b0d2-c5ba43d86628: receive RaftClientReply:client-43E682E1E07B->d5132e6f-def8-45c0-b0d2-c5ba43d86628@group-C29775A8E805, cid=2974, SUCCESS, logIndex=5146, commits[d5132e6f-def8-45c0-b0d2-c5ba43d86628:c5148]
2019-06-13 22:26:57,824 INFO  client.GrpcClientProtocolClient (GrpcClientProtocolClient.java:onNext(254)) - client-43E682E1E07B->d5132e6f-def8-45c0-b0d2-c5ba43d86628: receive RaftClientReply:client-43E682E1E07B->d5132e6f-def8-45c0-b0d2-c5ba43d86628@group-C29775A8E805, cid=2975, SUCCESS, logIndex=5147, commits[d5132e6f-def8-45c0-b0d2-c5ba43d86628:c5148]
2019-06-13 22:26:57,824 INFO  client.GrpcClientProtocolClient (GrpcClientProtocolClient.java:onNext(254)) - client-43E682E1E07B->d5132e6f-def8-45c0-b0d2-c5ba43d86628: receive RaftClientReply:client-43E682E1E07B->d5132e6f-def8-45c0-b0d2-c5ba43d86628@group-C29775A8E805, cid=2976, SUCCESS, logIndex=5148, commits[d5132e6f-def8-45c0-b0d2-c5ba43d86628:c5148]
2019-06-13 22:26:57,825 DEBUG block.SCMBlockDeletingService (SCMBlockDeletingService.java:call(138)) - Running DeletedBlockTransactionScanner
2019-06-13 22:26:57,825 DEBUG block.SCMBlockDeletingService (SCMBlockDeletingService.java:call(155)) - Scanned deleted blocks log and got 0 delTX to process.
2019-06-13 22:26:57,873 INFO  client.GrpcClientProtocolClient (GrpcClientProtocolClient.java:onNext(254)) - client-43E682E1E07B->d5132e6f-def8-45c0-b0d2-c5ba43d86628: receive RaftClientReply:client-43E682E1E07B->d5132e6f-def8-45c0-b0d2-c5ba43d86628@group-C29775A8E805, cid=2977, SUCCESS, logIndex=5150, commits[d5132e6f-def8-45c0-b0d2-c5ba43d86628:c5150]
2019-06-13 22:26:57,879 INFO  client.GrpcClientProtocolClient (GrpcClientProtocolClient.java:onNext(254)) - client-43E682E1E07B->d5132e6f-def8-45c0-b0d2-c5ba43d86628: receive RaftClientReply:client-43E682E1E07B->d5132e6f-def8-45c0-b0d2-c5ba43d86628@group-C29775A8E805, cid=2978, SUCCESS, logIndex=5152, commits[d5132e6f-def8-45c0-b0d2-c5ba43d86628:c5153]
2019-06-13 22:26:57,879 INFO  client.GrpcClientProtocolClient (GrpcClientProtocolClient.java:onNext(254)) - client-43E682E1E07B->d5132e6f-def8-45c0-b0d2-c5ba43d86628: receive RaftClientReply:client-43E682E1E07B->d5132e6f-def8-45c0-b0d2-c5ba43d86628@group-C29775A8E805, cid=2979, SUCCESS, logIndex=5153, commits[d5132e6f-def8-45c0-b0d2-c5ba43d86628:c5153]
2019-06-13 22:26:57,883 INFO  client.GrpcClientProtocolClient (GrpcClientProtocolClient.java:onNext(254)) - client-43E682E1E07B->d5132e6f-def8-45c0-b0d2-c5ba43d86628: receive RaftClientReply:client-43E682E1E07B->d5132e6f-def8-45c0-b0d2-c5ba43d86628@group-C29775A8E805, cid=2980, SUCCESS, logIndex=5155, commits[d5132e6f-def8-45c0-b0d2-c5ba43d86628:c5155]
2019-06-13 22:26:57,898 INFO  client.GrpcClientProtocolClient (GrpcClientProtocolClient.java:onNext(254)) - client-43E682E1E07B->d5132e6f-def8-45c0-b0d2-c5ba43d86628: receive RaftClientReply:client-43E682E1E07B->d5132e6f-def8-45c0-b0d2-c5ba43d86628@group-C29775A8E805, cid=2981, SUCCESS, logIndex=5157, commits[d5132e6f-def8-45c0-b0d2-c5ba43d86628:c5157]
2019-06-13 22:26:57,908 INFO  client.GrpcClientProtocolClient (GrpcClientProtocolClient.java:onNext(254)) - client-43E682E1E07B->d5132e6f-def8-45c0-b0d2-c5ba43d86628: receive RaftClientReply:client-43E682E1E07B->d5132e6f-def8-45c0-b0d2-c5ba43d86628@group-C29775A8E805, cid=2982, SUCCESS, logIndex=5159, commits[d5132e6f-def8-45c0-b0d2-c5ba43d86628:c5161]
2019-06-13 22:26:57,908 INFO  client.GrpcClientProtocolClient (GrpcClientProtocolClient.java:onNext(254)) - client-43E682E1E07B->d5132e6f-def8-45c0-b0d2-c5ba43d86628: receive RaftClientReply:client-43E682E1E07B->d5132e6f-def8-45c0-b0d2-c5ba43d86628@group-C29775A8E805, cid=2983, SUCCESS, logIndex=5160, commits[d5132e6f-def8-45c0-b0d2-c5ba43d86628:c5161]
2019-06-13 22:26:57,909 INFO  client.GrpcClientProtocolClient (GrpcClientProtocolClient.java:onNext(254)) - client-43E682E1E07B->d5132e6f-def8-45c0-b0d2-c5ba43d86628: receive RaftClientReply:client-43E682E1E07B->d5132e6f-def8-45c0-b0d2-c5ba43d86628@group-C29775A8E805, cid=2984, SUCCESS, logIndex=5161, commits[d5132e6f-def8-45c0-b0d2-c5ba43d86628:c5161]
2019-06-13 22:26:57,927 DEBUG block.SCMBlockDeletingService (SCMBlockDeletingService.java:call(138)) - Running DeletedBlockTransactionScanner
2019-06-13 22:26:57,927 DEBUG block.SCMBlockDeletingService (SCMBlockDeletingService.java:call(155)) - Scanned deleted blocks log and got 0 delTX to process.
2019-06-13 22:26:57,932 INFO  client.GrpcClientProtocolClient (GrpcClientProtocolClient.java:onNext(254)) - client-43E682E1E07B->d5132e6f-def8-45c0-b0d2-c5ba43d86628: receive RaftClientReply:client-43E682E1E07B->d5132e6f-def8-45c0-b0d2-c5ba43d86628@group-C29775A8E805, cid=2985, SUCCESS, logIndex=5163, commits[d5132e6f-def8-45c0-b0d2-c5ba43d86628:c5163]
2019-06-13 22:26:57,937 INFO  client.GrpcClientProtocolClient (GrpcClientProtocolClient.java:onNext(254)) - client-43E682E1E07B->d5132e6f-def8-45c0-b0d2-c5ba43d86628: receive RaftClientReply:client-43E682E1E07B->d5132e6f-def8-45c0-b0d2-c5ba43d86628@group-C29775A8E805, cid=2986, SUCCESS, logIndex=5165, commits[d5132e6f-def8-45c0-b0d2-c5ba43d86628:c5167]
2019-06-13 22:26:57,937 INFO  client.GrpcClientProtocolClient (GrpcClientProtocolClient.java:onNext(254)) - client-43E682E1E07B->d5132e6f-def8-45c0-b0d2-c5ba43d86628: receive RaftClientReply:client-43E682E1E07B->d5132e6f-def8-45c0-b0d2-c5ba43d86628@group-C29775A8E805, cid=2987, SUCCESS, logIndex=5166, commits[d5132e6f-def8-45c0-b0d2-c5ba43d86628:c5167]
2019-06-13 22:26:57,938 INFO  client.GrpcClientProtocolClient (GrpcClientProtocolClient.java:onNext(254)) - client-43E682E1E07B->d5132e6f-def8-45c0-b0d2-c5ba43d86628: receive RaftClientReply:client-43E682E1E07B->d5132e6f-def8-45c0-b0d2-c5ba43d86628@group-C29775A8E805, cid=2988, SUCCESS, logIndex=5167, commits[d5132e6f-def8-45c0-b0d2-c5ba43d86628:c5167]
2019-06-13 22:26:57,946 INFO  client.GrpcClientProtocolClient (GrpcClientProtocolClient.java:onNext(254)) - client-43E682E1E07B->d5132e6f-def8-45c0-b0d2-c5ba43d86628: receive RaftClientReply:client-43E682E1E07B->d5132e6f-def8-45c0-b0d2-c5ba43d86628@group-C29775A8E805, cid=2989, SUCCESS, logIndex=5169, commits[d5132e6f-def8-45c0-b0d2-c5ba43d86628:c5169]
2019-06-13 22:26:57,947 INFO  storage.RaftLogWorker (RaftLogWorker.java:rollLogSegment(303)) - d5132e6f-def8-45c0-b0d2-c5ba43d86628-RaftLogWorker: Rolling segment log-5108_5172 to index:5172
2019-06-13 22:26:57,951 INFO  storage.RaftLogWorker (RaftLogWorker.java:execute(433)) - d5132e6f-def8-45c0-b0d2-c5ba43d86628-RaftLogWorker: Rolled log segment from /opt/src/hadoop-ozone/integration-test/target/test-dir/MiniOzoneClusterImpl-e9ea07bb-4900-4b53-96c1-68f0ab556a80/datanode-0/data/ratis/c7035dd3-cd4a-42fb-880d-c29775a8e805/current/log_inprogress_5108 to /opt/src/hadoop-ozone/integration-test/target/test-dir/MiniOzoneClusterImpl-e9ea07bb-4900-4b53-96c1-68f0ab556a80/datanode-0/data/ratis/c7035dd3-cd4a-42fb-880d-c29775a8e805/current/log_5108-5172
2019-06-13 22:26:57,955 INFO  client.GrpcClientProtocolClient (GrpcClientProtocolClient.java:onNext(254)) - client-43E682E1E07B->d5132e6f-def8-45c0-b0d2-c5ba43d86628: receive RaftClientReply:client-43E682E1E07B->d5132e6f-def8-45c0-b0d2-c5ba43d86628@group-C29775A8E805, cid=2990, SUCCESS, logIndex=5171, commits[d5132e6f-def8-45c0-b0d2-c5ba43d86628:c5172]
2019-06-13 22:26:57,955 INFO  client.GrpcClientProtocolClient (GrpcClientProtocolClient.java:onNext(254)) - client-43E682E1E07B->d5132e6f-def8-45c0-b0d2-c5ba43d86628: receive RaftClientReply:client-43E682E1E07B->d5132e6f-def8-45c0-b0d2-c5ba43d86628@group-C29775A8E805, cid=2991, SUCCESS, logIndex=5172, commits[d5132e6f-def8-45c0-b0d2-c5ba43d86628:c5172]
2019-06-13 22:26:58,002 INFO  storage.RaftLogWorker (RaftLogWorker.java:execute(469)) - d5132e6f-def8-45c0-b0d2-c5ba43d86628-RaftLogWorker: created new log segment /opt/src/hadoop-ozone/integration-test/target/test-dir/MiniOzoneClusterImpl-e9ea07bb-4900-4b53-96c1-68f0ab556a80/datanode-0/data/ratis/c7035dd3-cd4a-42fb-880d-c29775a8e805/current/log_inprogress_5173
2019-06-13 22:26:58,011 INFO  client.GrpcClientProtocolClient (GrpcClientProtocolClient.java:onNext(254)) - client-43E682E1E07B->d5132e6f-def8-45c0-b0d2-c5ba43d86628: receive RaftClientReply:client-43E682E1E07B->d5132e6f-def8-45c0-b0d2-c5ba43d86628@group-C29775A8E805, cid=2992, SUCCESS, logIndex=5173, commits[d5132e6f-def8-45c0-b0d2-c5ba43d86628:c5174]
2019-06-13 22:26:58,029 DEBUG block.SCMBlockDeletingService (SCMBlockDeletingService.java:call(138)) - Running DeletedBlockTransactionScanner
2019-06-13 22:26:58,029 DEBUG block.SCMBlockDeletingService (SCMBlockDeletingService.java:call(155)) - Scanned deleted blocks log and got 0 delTX to process.
2019-06-13 22:26:58,035 INFO  client.GrpcClientProtocolClient (GrpcClientProtocolClient.java:onNext(254)) - client-43E682E1E07B->d5132e6f-def8-45c0-b0d2-c5ba43d86628: receive RaftClientReply:client-43E682E1E07B->d5132e6f-def8-45c0-b0d2-c5ba43d86628@group-C29775A8E805, cid=2993, SUCCESS, logIndex=5175, commits[d5132e6f-def8-45c0-b0d2-c5ba43d86628:c5175]
2019-06-13 22:26:58,056 INFO  client.GrpcClientProtocolClient (GrpcClientProtocolClient.java:onNext(254)) - client-43E682E1E07B->d5132e6f-def8-45c0-b0d2-c5ba43d86628: receive RaftClientReply:client-43E682E1E07B->d5132e6f-def8-45c0-b0d2-c5ba43d86628@group-C29775A8E805, cid=2994, SUCCESS, logIndex=5177, commits[d5132e6f-def8-45c0-b0d2-c5ba43d86628:c5179]
2019-06-13 22:26:58,056 INFO  client.GrpcClientProtocolClient (GrpcClientProtocolClient.java:onNext(254)) - client-43E682E1E07B->d5132e6f-def8-45c0-b0d2-c5ba43d86628: receive RaftClientReply:client-43E682E1E07B->d5132e6f-def8-45c0-b0d2-c5ba43d86628@group-C29775A8E805, cid=2995, SUCCESS, logIndex=5178, commits[d5132e6f-def8-45c0-b0d2-c5ba43d86628:c5179]
2019-06-13 22:26:58,057 INFO  client.GrpcClientProtocolClient (GrpcClientProtocolClient.java:onNext(254)) - client-43E682E1E07B->d5132e6f-def8-45c0-b0d2-c5ba43d86628: receive RaftClientReply:client-43E682E1E07B->d5132e6f-def8-45c0-b0d2-c5ba43d86628@group-C29775A8E805, cid=2996, SUCCESS, logIndex=5179, commits[d5132e6f-def8-45c0-b0d2-c5ba43d86628:c5179]
2019-06-13 22:26:58,078 INFO  client.GrpcClientProtocolClient (GrpcClientProtocolClient.java:onNext(254)) - client-43E682E1E07B->d5132e6f-def8-45c0-b0d2-c5ba43d86628: receive RaftClientReply:client-43E682E1E07B->d5132e6f-def8-45c0-b0d2-c5ba43d86628@group-C29775A8E805, cid=2997, SUCCESS, logIndex=5181, commits[d5132e6f-def8-45c0-b0d2-c5ba43d86628:c5181]
2019-06-13 22:26:58,093 INFO  client.GrpcClientProtocolClient (GrpcClientProtocolClient.java:onNext(254)) - client-43E682E1E07B->d5132e6f-def8-45c0-b0d2-c5ba43d86628: receive RaftClientReply:client-43E682E1E07B->d5132e6f-def8-45c0-b0d2-c5ba43d86628@group-C29775A8E805, cid=2998, SUCCESS, logIndex=5183, commits[d5132e6f-def8-45c0-b0d2-c5ba43d86628:c5185]
2019-06-13 22:26:58,094 INFO  client.GrpcClientProtocolClient (GrpcClientProtocolClient.java:onNext(254)) - client-43E682E1E07B->d5132e6f-def8-45c0-b0d2-c5ba43d86628: receive RaftClientReply:client-43E682E1E07B->d5132e6f-def8-45c0-b0d2-c5ba43d86628@group-C29775A8E805, cid=2999, SUCCESS, logIndex=5184, commits[d5132e6f-def8-45c0-b0d2-c5ba43d86628:c5185]
2019-06-13 22:26:58,094 INFO  client.GrpcClientProtocolClient (GrpcClientProtocolClient.java:onNext(254)) - client-43E682E1E07B->d5132e6f-def8-45c0-b0d2-c5ba43d86628: receive RaftClientReply:client-43E682E1E07B->d5132e6f-def8-45c0-b0d2-c5ba43d86628@group-C29775A8E805, cid=3000, SUCCESS, logIndex=5185, commits[d5132e6f-def8-45c0-b0d2-c5ba43d86628:c5185]
2019-06-13 22:26:58,130 DEBUG block.SCMBlockDeletingService (SCMBlockDeletingService.java:call(138)) - Running DeletedBlockTransactionScanner
2019-06-13 22:26:58,130 DEBUG block.SCMBlockDeletingService (SCMBlockDeletingService.java:call(155)) - Scanned deleted blocks log and got 0 delTX to process.
2019-06-13 22:26:58,135 INFO  client.GrpcClientProtocolClient (GrpcClientProtocolClient.java:onNext(254)) - client-43E682E1E07B->d5132e6f-def8-45c0-b0d2-c5ba43d86628: receive RaftClientReply:client-43E682E1E07B->d5132e6f-def8-45c0-b0d2-c5ba43d86628@group-C29775A8E805, cid=3001, SUCCESS, logIndex=5187, commits[d5132e6f-def8-45c0-b0d2-c5ba43d86628:c5187]
2019-06-13 22:26:58,148 INFO  client.GrpcClientProtocolClient (GrpcClientProtocolClient.java:onNext(254)) - client-43E682E1E07B->d5132e6f-def8-45c0-b0d2-c5ba43d86628: receive RaftClientReply:client-43E682E1E07B->d5132e6f-def8-45c0-b0d2-c5ba43d86628@group-C29775A8E805, cid=3002, SUCCESS, logIndex=5189, commits[d5132e6f-def8-45c0-b0d2-c5ba43d86628:c5191]
2019-06-13 22:26:58,149 INFO  client.GrpcClientProtocolClient (GrpcClientProtocolClient.java:onNext(254)) - client-43E682E1E07B->d5132e6f-def8-45c0-b0d2-c5ba43d86628: receive RaftClientReply:client-43E682E1E07B->d5132e6f-def8-45c0-b0d2-c5ba43d86628@group-C29775A8E805, cid=3003, SUCCESS, logIndex=5190, commits[d5132e6f-def8-45c0-b0d2-c5ba43d86628:c5191]
2019-06-13 22:26:58,149 INFO  client.GrpcClientProtocolClient (GrpcClientProtocolClient.java:onNext(254)) - client-43E682E1E07B->d5132e6f-def8-45c0-b0d2-c5ba43d86628: receive RaftClientReply:client-43E682E1E07B->d5132e6f-def8-45c0-b0d2-c5ba43d86628@group-C29775A8E805, cid=3004, SUCCESS, logIndex=5191, commits[d5132e6f-def8-45c0-b0d2-c5ba43d86628:c5191]
2019-06-13 22:26:58,230 DEBUG block.SCMBlockDeletingService (SCMBlockDeletingService.java:call(138)) - Running DeletedBlockTransactionScanner
2019-06-13 22:26:58,230 DEBUG block.SCMBlockDeletingService (SCMBlockDeletingService.java:call(155)) - Scanned deleted blocks log and got 0 delTX to process.
2019-06-13 22:26:58,250 INFO  client.GrpcClientProtocolClient (GrpcClientProtocolClient.java:onNext(254)) - client-43E682E1E07B->d5132e6f-def8-45c0-b0d2-c5ba43d86628: receive RaftClientReply:client-43E682E1E07B->d5132e6f-def8-45c0-b0d2-c5ba43d86628@group-C29775A8E805, cid=3005, SUCCESS, logIndex=5193, commits[d5132e6f-def8-45c0-b0d2-c5ba43d86628:c5193]
2019-06-13 22:26:58,256 INFO  client.GrpcClientProtocolClient (GrpcClientProtocolClient.java:onNext(254)) - client-43E682E1E07B->d5132e6f-def8-45c0-b0d2-c5ba43d86628: receive RaftClientReply:client-43E682E1E07B->d5132e6f-def8-45c0-b0d2-c5ba43d86628@group-C29775A8E805, cid=3006, SUCCESS, logIndex=5195, commits[d5132e6f-def8-45c0-b0d2-c5ba43d86628:c5197]
2019-06-13 22:26:58,258 INFO  client.GrpcClientProtocolClient (GrpcClientProtocolClient.java:onNext(254)) - client-43E682E1E07B->d5132e6f-def8-45c0-b0d2-c5ba43d86628: receive RaftClientReply:client-43E682E1E07B->d5132e6f-def8-45c0-b0d2-c5ba43d86628@group-C29775A8E805, cid=3007, SUCCESS, logIndex=5196, commits[d5132e6f-def8-45c0-b0d2-c5ba43d86628:c5197]
2019-06-13 22:26:58,259 INFO  client.GrpcClientProtocolClient (GrpcClientProtocolClient.java:onNext(254)) - client-43E682E1E07B->d5132e6f-def8-45c0-b0d2-c5ba43d86628: receive RaftClientReply:client-43E682E1E07B->d5132e6f-def8-45c0-b0d2-c5ba43d86628@group-C29775A8E805, cid=3008, SUCCESS, logIndex=5197, commits[d5132e6f-def8-45c0-b0d2-c5ba43d86628:c5197]
2019-06-13 22:26:58,283 INFO  client.GrpcClientProtocolClient (GrpcClientProtocolClient.java:onNext(254)) - client-43E682E1E07B->d5132e6f-def8-45c0-b0d2-c5ba43d86628: receive RaftClientReply:client-43E682E1E07B->d5132e6f-def8-45c0-b0d2-c5ba43d86628@group-C29775A8E805, cid=3009, SUCCESS, logIndex=5199, commits[d5132e6f-def8-45c0-b0d2-c5ba43d86628:c5200]
2019-06-13 22:26:58,290 INFO  client.GrpcClientProtocolClient (GrpcClientProtocolClient.java:onNext(254)) - client-43E682E1E07B->d5132e6f-def8-45c0-b0d2-c5ba43d86628: receive RaftClientReply:client-43E682E1E07B->d5132e6f-def8-45c0-b0d2-c5ba43d86628@group-C29775A8E805, cid=3010, SUCCESS, logIndex=5201, commits[d5132e6f-def8-45c0-b0d2-c5ba43d86628:c5201]
2019-06-13 22:26:58,299 INFO  client.GrpcClientProtocolClient (GrpcClientProtocolClient.java:onNext(254)) - client-43E682E1E07B->d5132e6f-def8-45c0-b0d2-c5ba43d86628: receive RaftClientReply:client-43E682E1E07B->d5132e6f-def8-45c0-b0d2-c5ba43d86628@group-C29775A8E805, cid=3011, SUCCESS, logIndex=5202, commits[d5132e6f-def8-45c0-b0d2-c5ba43d86628:c5203]
2019-06-13 22:26:58,302 INFO  client.GrpcClientProtocolClient (GrpcClientProtocolClient.java:onNext(254)) - client-43E682E1E07B->d5132e6f-def8-45c0-b0d2-c5ba43d86628: receive RaftClientReply:client-43E682E1E07B->d5132e6f-def8-45c0-b0d2-c5ba43d86628@group-C29775A8E805, cid=3012, SUCCESS, logIndex=5203, commits[d5132e6f-def8-45c0-b0d2-c5ba43d86628:c5203]
2019-06-13 22:26:58,331 DEBUG block.SCMBlockDeletingService (SCMBlockDeletingService.java:call(138)) - Running DeletedBlockTransactionScanner
2019-06-13 22:26:58,331 DEBUG block.SCMBlockDeletingService (SCMBlockDeletingService.java:call(155)) - Scanned deleted blocks log and got 0 delTX to process.
2019-06-13 22:26:58,339 INFO  client.GrpcClientProtocolClient (GrpcClientProtocolClient.java:onNext(254)) - client-43E682E1E07B->d5132e6f-def8-45c0-b0d2-c5ba43d86628: receive RaftClientReply:client-43E682E1E07B->d5132e6f-def8-45c0-b0d2-c5ba43d86628@group-C29775A8E805, cid=3013, SUCCESS, logIndex=5206, commits[d5132e6f-def8-45c0-b0d2-c5ba43d86628:c5206]
2019-06-13 22:26:58,426 INFO  client.GrpcClientProtocolClient (GrpcClientProtocolClient.java:onNext(254)) - client-43E682E1E07B->d5132e6f-def8-45c0-b0d2-c5ba43d86628: receive RaftClientReply:client-43E682E1E07B->d5132e6f-def8-45c0-b0d2-c5ba43d86628@group-C29775A8E805, cid=3014, SUCCESS, logIndex=5208, commits[d5132e6f-def8-45c0-b0d2-c5ba43d86628:c5210]
2019-06-13 22:26:58,427 INFO  client.GrpcClientProtocolClient (GrpcClientProtocolClient.java:onNext(254)) - client-43E682E1E07B->d5132e6f-def8-45c0-b0d2-c5ba43d86628: receive RaftClientReply:client-43E682E1E07B->d5132e6f-def8-45c0-b0d2-c5ba43d86628@group-C29775A8E805, cid=3015, SUCCESS, logIndex=5209, commits[d5132e6f-def8-45c0-b0d2-c5ba43d86628:c5210]
2019-06-13 22:26:58,427 INFO  client.GrpcClientProtocolClient (GrpcClientProtocolClient.java:onNext(254)) - client-43E682E1E07B->d5132e6f-def8-45c0-b0d2-c5ba43d86628: receive RaftClientReply:client-43E682E1E07B->d5132e6f-def8-45c0-b0d2-c5ba43d86628@group-C29775A8E805, cid=3016, SUCCESS, logIndex=5210, commits[d5132e6f-def8-45c0-b0d2-c5ba43d86628:c5210]
2019-06-13 22:26:58,431 DEBUG block.SCMBlockDeletingService (SCMBlockDeletingService.java:call(138)) - Running DeletedBlockTransactionScanner
2019-06-13 22:26:58,431 DEBUG block.SCMBlockDeletingService (SCMBlockDeletingService.java:call(155)) - Scanned deleted blocks log and got 0 delTX to process.
2019-06-13 22:26:58,469 INFO  client.GrpcClientProtocolClient (GrpcClientProtocolClient.java:onNext(254)) - client-43E682E1E07B->d5132e6f-def8-45c0-b0d2-c5ba43d86628: receive RaftClientReply:client-43E682E1E07B->d5132e6f-def8-45c0-b0d2-c5ba43d86628@group-C29775A8E805, cid=3017, SUCCESS, logIndex=5212, commits[d5132e6f-def8-45c0-b0d2-c5ba43d86628:c5212]
2019-06-13 22:26:58,510 INFO  client.GrpcClientProtocolClient (GrpcClientProtocolClient.java:onNext(254)) - client-43E682E1E07B->d5132e6f-def8-45c0-b0d2-c5ba43d86628: receive RaftClientReply:client-43E682E1E07B->d5132e6f-def8-45c0-b0d2-c5ba43d86628@group-C29775A8E805, cid=3018, SUCCESS, logIndex=5214, commits[d5132e6f-def8-45c0-b0d2-c5ba43d86628:c5216]
2019-06-13 22:26:58,511 INFO  client.GrpcClientProtocolClient (GrpcClientProtocolClient.java:onNext(254)) - client-43E682E1E07B->d5132e6f-def8-45c0-b0d2-c5ba43d86628: receive RaftClientReply:client-43E682E1E07B->d5132e6f-def8-45c0-b0d2-c5ba43d86628@group-C29775A8E805, cid=3019, SUCCESS, logIndex=5215, commits[d5132e6f-def8-45c0-b0d2-c5ba43d86628:c5216]
2019-06-13 22:26:58,511 INFO  client.GrpcClientProtocolClient (GrpcClientProtocolClient.java:onNext(254)) - client-43E682E1E07B->d5132e6f-def8-45c0-b0d2-c5ba43d86628: receive RaftClientReply:client-43E682E1E07B->d5132e6f-def8-45c0-b0d2-c5ba43d86628@group-C29775A8E805, cid=3020, SUCCESS, logIndex=5216, commits[d5132e6f-def8-45c0-b0d2-c5ba43d86628:c5216]
2019-06-13 22:26:58,536 DEBUG block.SCMBlockDeletingService (SCMBlockDeletingService.java:call(138)) - Running DeletedBlockTransactionScanner
2019-06-13 22:26:58,536 DEBUG block.SCMBlockDeletingService (SCMBlockDeletingService.java:call(155)) - Scanned deleted blocks log and got 0 delTX to process.
2019-06-13 22:26:58,552 INFO  client.GrpcClientProtocolClient (GrpcClientProtocolClient.java:onNext(254)) - client-43E682E1E07B->d5132e6f-def8-45c0-b0d2-c5ba43d86628: receive RaftClientReply:client-43E682E1E07B->d5132e6f-def8-45c0-b0d2-c5ba43d86628@group-C29775A8E805, cid=3021, SUCCESS, logIndex=5218, commits[d5132e6f-def8-45c0-b0d2-c5ba43d86628:c5218]
2019-06-13 22:26:58,561 INFO  client.GrpcClientProtocolClient (GrpcClientProtocolClient.java:onNext(254)) - client-43E682E1E07B->d5132e6f-def8-45c0-b0d2-c5ba43d86628: receive RaftClientReply:client-43E682E1E07B->d5132e6f-def8-45c0-b0d2-c5ba43d86628@group-C29775A8E805, cid=3022, SUCCESS, logIndex=5220, commits[d5132e6f-def8-45c0-b0d2-c5ba43d86628:c5222]
2019-06-13 22:26:58,562 INFO  client.GrpcClientProtocolClient (GrpcClientProtocolClient.java:onNext(254)) - client-43E682E1E07B->d5132e6f-def8-45c0-b0d2-c5ba43d86628: receive RaftClientReply:client-43E682E1E07B->d5132e6f-def8-45c0-b0d2-c5ba43d86628@group-C29775A8E805, cid=3023, SUCCESS, logIndex=5221, commits[d5132e6f-def8-45c0-b0d2-c5ba43d86628:c5222]
2019-06-13 22:26:58,562 INFO  client.GrpcClientProtocolClient (GrpcClientProtocolClient.java:onNext(254)) - client-43E682E1E07B->d5132e6f-def8-45c0-b0d2-c5ba43d86628: receive RaftClientReply:client-43E682E1E07B->d5132e6f-def8-45c0-b0d2-c5ba43d86628@group-C29775A8E805, cid=3024, SUCCESS, logIndex=5222, commits[d5132e6f-def8-45c0-b0d2-c5ba43d86628:c5222]
2019-06-13 22:26:58,584 INFO  client.GrpcClientProtocolClient (GrpcClientProtocolClient.java:onNext(254)) - client-43E682E1E07B->d5132e6f-def8-45c0-b0d2-c5ba43d86628: receive RaftClientReply:client-43E682E1E07B->d5132e6f-def8-45c0-b0d2-c5ba43d86628@group-C29775A8E805, cid=3025, SUCCESS, logIndex=5224, commits[d5132e6f-def8-45c0-b0d2-c5ba43d86628:c5224]
2019-06-13 22:26:58,597 INFO  client.GrpcClientProtocolClient (GrpcClientProtocolClient.java:onNext(254)) - client-43E682E1E07B->d5132e6f-def8-45c0-b0d2-c5ba43d86628: receive RaftClientReply:client-43E682E1E07B->d5132e6f-def8-45c0-b0d2-c5ba43d86628@group-C29775A8E805, cid=3026, SUCCESS, logIndex=5226, commits[d5132e6f-def8-45c0-b0d2-c5ba43d86628:c5228]
2019-06-13 22:26:58,598 INFO  client.GrpcClientProtocolClient (GrpcClientProtocolClient.java:onNext(254)) - client-43E682E1E07B->d5132e6f-def8-45c0-b0d2-c5ba43d86628: receive RaftClientReply:client-43E682E1E07B->d5132e6f-def8-45c0-b0d2-c5ba43d86628@group-C29775A8E805, cid=3027, SUCCESS, logIndex=5227, commits[d5132e6f-def8-45c0-b0d2-c5ba43d86628:c5228]
2019-06-13 22:26:58,598 INFO  client.GrpcClientProtocolClient (GrpcClientProtocolClient.java:onNext(254)) - client-43E682E1E07B->d5132e6f-def8-45c0-b0d2-c5ba43d86628: receive RaftClientReply:client-43E682E1E07B->d5132e6f-def8-45c0-b0d2-c5ba43d86628@group-C29775A8E805, cid=3028, SUCCESS, logIndex=5228, commits[d5132e6f-def8-45c0-b0d2-c5ba43d86628:c5228]
2019-06-13 22:26:58,607 INFO  client.GrpcClientProtocolClient (GrpcClientProtocolClient.java:onNext(254)) - client-43E682E1E07B->d5132e6f-def8-45c0-b0d2-c5ba43d86628: receive RaftClientReply:client-43E682E1E07B->d5132e6f-def8-45c0-b0d2-c5ba43d86628@group-C29775A8E805, cid=3029, SUCCESS, logIndex=5230, commits[d5132e6f-def8-45c0-b0d2-c5ba43d86628:c5230]
2019-06-13 22:26:58,619 INFO  client.GrpcClientProtocolClient (GrpcClientProtocolClient.java:onNext(254)) - client-43E682E1E07B->d5132e6f-def8-45c0-b0d2-c5ba43d86628: receive RaftClientReply:client-43E682E1E07B->d5132e6f-def8-45c0-b0d2-c5ba43d86628@group-C29775A8E805, cid=3030, SUCCESS, logIndex=5232, commits[d5132e6f-def8-45c0-b0d2-c5ba43d86628:c5234]
2019-06-13 22:26:58,620 INFO  client.GrpcClientProtocolClient (GrpcClientProtocolClient.java:onNext(254)) - client-43E682E1E07B->d5132e6f-def8-45c0-b0d2-c5ba43d86628: receive RaftClientReply:client-43E682E1E07B->d5132e6f-def8-45c0-b0d2-c5ba43d86628@group-C29775A8E805, cid=3031, SUCCESS, logIndex=5233, commits[d5132e6f-def8-45c0-b0d2-c5ba43d86628:c5234]
2019-06-13 22:26:58,620 INFO  client.GrpcClientProtocolClient (GrpcClientProtocolClient.java:onNext(254)) - client-43E682E1E07B->d5132e6f-def8-45c0-b0d2-c5ba43d86628: receive RaftClientReply:client-43E682E1E07B->d5132e6f-def8-45c0-b0d2-c5ba43d86628@group-C29775A8E805, cid=3032, SUCCESS, logIndex=5234, commits[d5132e6f-def8-45c0-b0d2-c5ba43d86628:c5234]
2019-06-13 22:26:58,636 DEBUG block.SCMBlockDeletingService (SCMBlockDeletingService.java:call(138)) - Running DeletedBlockTransactionScanner
2019-06-13 22:26:58,637 DEBUG block.SCMBlockDeletingService (SCMBlockDeletingService.java:call(155)) - Scanned deleted blocks log and got 0 delTX to process.
2019-06-13 22:26:58,661 INFO  storage.RaftLogWorker (RaftLogWorker.java:rollLogSegment(303)) - d5132e6f-def8-45c0-b0d2-c5ba43d86628-RaftLogWorker: Rolling segment log-5173_5238 to index:5238
2019-06-13 22:26:58,661 INFO  client.GrpcClientProtocolClient (GrpcClientProtocolClient.java:onNext(254)) - client-43E682E1E07B->d5132e6f-def8-45c0-b0d2-c5ba43d86628: receive RaftClientReply:client-43E682E1E07B->d5132e6f-def8-45c0-b0d2-c5ba43d86628@group-C29775A8E805, cid=3033, SUCCESS, logIndex=5236, commits[d5132e6f-def8-45c0-b0d2-c5ba43d86628:c5236]
2019-06-13 22:26:58,675 INFO  storage.RaftLogWorker (RaftLogWorker.java:execute(433)) - d5132e6f-def8-45c0-b0d2-c5ba43d86628-RaftLogWorker: Rolled log segment from /opt/src/hadoop-ozone/integration-test/target/test-dir/MiniOzoneClusterImpl-e9ea07bb-4900-4b53-96c1-68f0ab556a80/datanode-0/data/ratis/c7035dd3-cd4a-42fb-880d-c29775a8e805/current/log_inprogress_5173 to /opt/src/hadoop-ozone/integration-test/target/test-dir/MiniOzoneClusterImpl-e9ea07bb-4900-4b53-96c1-68f0ab556a80/datanode-0/data/ratis/c7035dd3-cd4a-42fb-880d-c29775a8e805/current/log_5173-5238
2019-06-13 22:26:58,676 INFO  client.GrpcClientProtocolClient (GrpcClientProtocolClient.java:onNext(254)) - client-43E682E1E07B->d5132e6f-def8-45c0-b0d2-c5ba43d86628: receive RaftClientReply:client-43E682E1E07B->d5132e6f-def8-45c0-b0d2-c5ba43d86628@group-C29775A8E805, cid=3034, SUCCESS, logIndex=5238, commits[d5132e6f-def8-45c0-b0d2-c5ba43d86628:c5238]
2019-06-13 22:26:58,737 DEBUG block.SCMBlockDeletingService (SCMBlockDeletingService.java:call(138)) - Running DeletedBlockTransactionScanner
2019-06-13 22:26:58,737 DEBUG block.SCMBlockDeletingService (SCMBlockDeletingService.java:call(155)) - Scanned deleted blocks log and got 0 delTX to process.
2019-06-13 22:26:58,784 INFO  storage.RaftLogWorker (RaftLogWorker.java:execute(469)) - d5132e6f-def8-45c0-b0d2-c5ba43d86628-RaftLogWorker: created new log segment /opt/src/hadoop-ozone/integration-test/target/test-dir/MiniOzoneClusterImpl-e9ea07bb-4900-4b53-96c1-68f0ab556a80/datanode-0/data/ratis/c7035dd3-cd4a-42fb-880d-c29775a8e805/current/log_inprogress_5239
2019-06-13 22:26:58,820 INFO  client.GrpcClientProtocolClient (GrpcClientProtocolClient.java:onNext(254)) - client-43E682E1E07B->d5132e6f-def8-45c0-b0d2-c5ba43d86628: receive RaftClientReply:client-43E682E1E07B->d5132e6f-def8-45c0-b0d2-c5ba43d86628@group-C29775A8E805, cid=3035, SUCCESS, logIndex=5239, commits[d5132e6f-def8-45c0-b0d2-c5ba43d86628:c5241]
2019-06-13 22:26:58,821 INFO  client.GrpcClientProtocolClient (GrpcClientProtocolClient.java:onNext(254)) - client-43E682E1E07B->d5132e6f-def8-45c0-b0d2-c5ba43d86628: receive RaftClientReply:client-43E682E1E07B->d5132e6f-def8-45c0-b0d2-c5ba43d86628@group-C29775A8E805, cid=3036, SUCCESS, logIndex=5240, commits[d5132e6f-def8-45c0-b0d2-c5ba43d86628:c5241]
2019-06-13 22:26:58,837 DEBUG block.SCMBlockDeletingService (SCMBlockDeletingService.java:call(138)) - Running DeletedBlockTransactionScanner
2019-06-13 22:26:58,837 DEBUG block.SCMBlockDeletingService (SCMBlockDeletingService.java:call(155)) - Scanned deleted blocks log and got 0 delTX to process.
2019-06-13 22:26:58,865 INFO  client.GrpcClientProtocolClient (GrpcClientProtocolClient.java:onNext(254)) - client-43E682E1E07B->d5132e6f-def8-45c0-b0d2-c5ba43d86628: receive RaftClientReply:client-43E682E1E07B->d5132e6f-def8-45c0-b0d2-c5ba43d86628@group-C29775A8E805, cid=3037, SUCCESS, logIndex=5242, commits[d5132e6f-def8-45c0-b0d2-c5ba43d86628:c5242]
2019-06-13 22:26:58,938 DEBUG block.SCMBlockDeletingService (SCMBlockDeletingService.java:call(138)) - Running DeletedBlockTransactionScanner
2019-06-13 22:26:58,938 DEBUG block.SCMBlockDeletingService (SCMBlockDeletingService.java:call(155)) - Scanned deleted blocks log and got 0 delTX to process.
2019-06-13 22:26:58,958 INFO  client.GrpcClientProtocolClient (GrpcClientProtocolClient.java:onNext(254)) - client-43E682E1E07B->d5132e6f-def8-45c0-b0d2-c5ba43d86628: receive RaftClientReply:client-43E682E1E07B->d5132e6f-def8-45c0-b0d2-c5ba43d86628@group-C29775A8E805, cid=3038, SUCCESS, logIndex=5244, commits[d5132e6f-def8-45c0-b0d2-c5ba43d86628:c5246]
2019-06-13 22:26:58,958 INFO  client.GrpcClientProtocolClient (GrpcClientProtocolClient.java:onNext(254)) - client-43E682E1E07B->d5132e6f-def8-45c0-b0d2-c5ba43d86628: receive RaftClientReply:client-43E682E1E07B->d5132e6f-def8-45c0-b0d2-c5ba43d86628@group-C29775A8E805, cid=3039, SUCCESS, logIndex=5245, commits[d5132e6f-def8-45c0-b0d2-c5ba43d86628:c5246]
2019-06-13 22:26:58,959 INFO  client.GrpcClientProtocolClient (GrpcClientProtocolClient.java:onNext(254)) - client-43E682E1E07B->d5132e6f-def8-45c0-b0d2-c5ba43d86628: receive RaftClientReply:client-43E682E1E07B->d5132e6f-def8-45c0-b0d2-c5ba43d86628@group-C29775A8E805, cid=3040, SUCCESS, logIndex=5246, commits[d5132e6f-def8-45c0-b0d2-c5ba43d86628:c5246]
2019-06-13 22:26:58,981 INFO  client.GrpcClientProtocolClient (GrpcClientProtocolClient.java:onNext(254)) - client-43E682E1E07B->d5132e6f-def8-45c0-b0d2-c5ba43d86628: receive RaftClientReply:client-43E682E1E07B->d5132e6f-def8-45c0-b0d2-c5ba43d86628@group-C29775A8E805, cid=3041, SUCCESS, logIndex=5248, commits[d5132e6f-def8-45c0-b0d2-c5ba43d86628:c5248]
2019-06-13 22:26:59,036 INFO  client.GrpcClientProtocolClient (GrpcClientProtocolClient.java:onNext(254)) - client-43E682E1E07B->d5132e6f-def8-45c0-b0d2-c5ba43d86628: receive RaftClientReply:client-43E682E1E07B->d5132e6f-def8-45c0-b0d2-c5ba43d86628@group-C29775A8E805, cid=3042, SUCCESS, logIndex=5250, commits[d5132e6f-def8-45c0-b0d2-c5ba43d86628:c5252]
2019-06-13 22:26:59,036 INFO  client.GrpcClientProtocolClient (GrpcClientProtocolClient.java:onNext(254)) - client-43E682E1E07B->d5132e6f-def8-45c0-b0d2-c5ba43d86628: receive RaftClientReply:client-43E682E1E07B->d5132e6f-def8-45c0-b0d2-c5ba43d86628@group-C29775A8E805, cid=3043, SUCCESS, logIndex=5251, commits[d5132e6f-def8-45c0-b0d2-c5ba43d86628:c5252]
2019-06-13 22:26:59,036 INFO  client.GrpcClientProtocolClient (GrpcClientProtocolClient.java:onNext(254)) - client-43E682E1E07B->d5132e6f-def8-45c0-b0d2-c5ba43d86628: receive RaftClientReply:client-43E682E1E07B->d5132e6f-def8-45c0-b0d2-c5ba43d86628@group-C29775A8E805, cid=3044, SUCCESS, logIndex=5252, commits[d5132e6f-def8-45c0-b0d2-c5ba43d86628:c5252]
2019-06-13 22:26:59,040 DEBUG block.SCMBlockDeletingService (SCMBlockDeletingService.java:call(138)) - Running DeletedBlockTransactionScanner
2019-06-13 22:26:59,040 DEBUG block.SCMBlockDeletingService (SCMBlockDeletingService.java:call(155)) - Scanned deleted blocks log and got 0 delTX to process.
2019-06-13 22:26:59,079 INFO  client.GrpcClientProtocolClient (GrpcClientProtocolClient.java:onNext(254)) - client-43E682E1E07B->d5132e6f-def8-45c0-b0d2-c5ba43d86628: receive RaftClientReply:client-43E682E1E07B->d5132e6f-def8-45c0-b0d2-c5ba43d86628@group-C29775A8E805, cid=3045, SUCCESS, logIndex=5254, commits[d5132e6f-def8-45c0-b0d2-c5ba43d86628:c5254]
2019-06-13 22:26:59,140 DEBUG block.SCMBlockDeletingService (SCMBlockDeletingService.java:call(138)) - Running DeletedBlockTransactionScanner
2019-06-13 22:26:59,141 DEBUG block.SCMBlockDeletingService (SCMBlockDeletingService.java:call(155)) - Scanned deleted blocks log and got 0 delTX to process.
2019-06-13 22:26:59,241 DEBUG block.SCMBlockDeletingService (SCMBlockDeletingService.java:call(138)) - Running DeletedBlockTransactionScanner
2019-06-13 22:26:59,241 DEBUG block.SCMBlockDeletingService (SCMBlockDeletingService.java:call(155)) - Scanned deleted blocks log and got 0 delTX to process.
2019-06-13 22:26:59,270 INFO  client.GrpcClientProtocolClient (GrpcClientProtocolClient.java:onNext(254)) - client-43E682E1E07B->d5132e6f-def8-45c0-b0d2-c5ba43d86628: receive RaftClientReply:client-43E682E1E07B->d5132e6f-def8-45c0-b0d2-c5ba43d86628@group-C29775A8E805, cid=3046, SUCCESS, logIndex=5256, commits[d5132e6f-def8-45c0-b0d2-c5ba43d86628:c5258]
2019-06-13 22:26:59,278 INFO  client.GrpcClientProtocolClient (GrpcClientProtocolClient.java:onNext(254)) - client-43E682E1E07B->d5132e6f-def8-45c0-b0d2-c5ba43d86628: receive RaftClientReply:client-43E682E1E07B->d5132e6f-def8-45c0-b0d2-c5ba43d86628@group-C29775A8E805, cid=3047, SUCCESS, logIndex=5257, commits[d5132e6f-def8-45c0-b0d2-c5ba43d86628:c5259]
2019-06-13 22:26:59,278 INFO  client.GrpcClientProtocolClient (GrpcClientProtocolClient.java:onNext(254)) - client-43E682E1E07B->d5132e6f-def8-45c0-b0d2-c5ba43d86628: receive RaftClientReply:client-43E682E1E07B->d5132e6f-def8-45c0-b0d2-c5ba43d86628@group-C29775A8E805, cid=3048, SUCCESS, logIndex=5258, commits[d5132e6f-def8-45c0-b0d2-c5ba43d86628:c5259]
2019-06-13 22:26:59,330 INFO  client.GrpcClientProtocolClient (GrpcClientProtocolClient.java:onNext(254)) - client-43E682E1E07B->d5132e6f-def8-45c0-b0d2-c5ba43d86628: receive RaftClientReply:client-43E682E1E07B->d5132e6f-def8-45c0-b0d2-c5ba43d86628@group-C29775A8E805, cid=3049, SUCCESS, logIndex=5260, commits[d5132e6f-def8-45c0-b0d2-c5ba43d86628:c5260]
2019-06-13 22:26:59,331 INFO  client.GrpcClientProtocolClient (GrpcClientProtocolClient.java:onNext(254)) - client-43E682E1E07B->d5132e6f-def8-45c0-b0d2-c5ba43d86628: receive RaftClientReply:client-43E682E1E07B->d5132e6f-def8-45c0-b0d2-c5ba43d86628@group-C29775A8E805, cid=3050, SUCCESS, logIndex=5262, commits[d5132e6f-def8-45c0-b0d2-c5ba43d86628:c5262]
2019-06-13 22:26:59,341 DEBUG block.SCMBlockDeletingService (SCMBlockDeletingService.java:call(138)) - Running DeletedBlockTransactionScanner
2019-06-13 22:26:59,342 DEBUG block.SCMBlockDeletingService (SCMBlockDeletingService.java:call(155)) - Scanned deleted blocks log and got 0 delTX to process.
2019-06-13 22:26:59,422 INFO  client.GrpcClientProtocolClient (GrpcClientProtocolClient.java:onNext(254)) - client-43E682E1E07B->d5132e6f-def8-45c0-b0d2-c5ba43d86628: receive RaftClientReply:client-43E682E1E07B->d5132e6f-def8-45c0-b0d2-c5ba43d86628@group-C29775A8E805, cid=3051, SUCCESS, logIndex=5264, commits[d5132e6f-def8-45c0-b0d2-c5ba43d86628:c5265]
2019-06-13 22:26:59,424 INFO  client.GrpcClientProtocolClient (GrpcClientProtocolClient.java:onNext(254)) - client-43E682E1E07B->d5132e6f-def8-45c0-b0d2-c5ba43d86628: receive RaftClientReply:client-43E682E1E07B->d5132e6f-def8-45c0-b0d2-c5ba43d86628@group-C29775A8E805, cid=3052, SUCCESS, logIndex=5266, commits[d5132e6f-def8-45c0-b0d2-c5ba43d86628:c5266]
2019-06-13 22:26:59,434 INFO  client.GrpcClientProtocolClient (GrpcClientProtocolClient.java:onNext(254)) - client-43E682E1E07B->d5132e6f-def8-45c0-b0d2-c5ba43d86628: receive RaftClientReply:client-43E682E1E07B->d5132e6f-def8-45c0-b0d2-c5ba43d86628@group-C29775A8E805, cid=3053, SUCCESS, logIndex=5268, commits[d5132e6f-def8-45c0-b0d2-c5ba43d86628:c5269]
2019-06-13 22:26:59,436 INFO  client.GrpcClientProtocolClient (GrpcClientProtocolClient.java:onNext(254)) - client-43E682E1E07B->d5132e6f-def8-45c0-b0d2-c5ba43d86628: receive RaftClientReply:client-43E682E1E07B->d5132e6f-def8-45c0-b0d2-c5ba43d86628@group-C29775A8E805, cid=3054, SUCCESS, logIndex=5270, commits[d5132e6f-def8-45c0-b0d2-c5ba43d86628:c5270]
2019-06-13 22:26:59,437 INFO  client.GrpcClientProtocolClient (GrpcClientProtocolClient.java:onNext(254)) - client-43E682E1E07B->d5132e6f-def8-45c0-b0d2-c5ba43d86628: receive RaftClientReply:client-43E682E1E07B->d5132e6f-def8-45c0-b0d2-c5ba43d86628@group-C29775A8E805, cid=3055, SUCCESS, logIndex=5271, commits[d5132e6f-def8-45c0-b0d2-c5ba43d86628:c5273]
2019-06-13 22:26:59,437 INFO  client.GrpcClientProtocolClient (GrpcClientProtocolClient.java:onNext(254)) - client-43E682E1E07B->d5132e6f-def8-45c0-b0d2-c5ba43d86628: receive RaftClientReply:client-43E682E1E07B->d5132e6f-def8-45c0-b0d2-c5ba43d86628@group-C29775A8E805, cid=3056, SUCCESS, logIndex=5272, commits[d5132e6f-def8-45c0-b0d2-c5ba43d86628:c5273]
2019-06-13 22:26:59,442 DEBUG block.SCMBlockDeletingService (SCMBlockDeletingService.java:call(138)) - Running DeletedBlockTransactionScanner
2019-06-13 22:26:59,442 DEBUG block.SCMBlockDeletingService (SCMBlockDeletingService.java:call(155)) - Scanned deleted blocks log and got 0 delTX to process.
2019-06-13 22:26:59,454 INFO  client.GrpcClientProtocolClient (GrpcClientProtocolClient.java:onNext(254)) - client-43E682E1E07B->d5132e6f-def8-45c0-b0d2-c5ba43d86628: receive RaftClientReply:client-43E682E1E07B->d5132e6f-def8-45c0-b0d2-c5ba43d86628@group-C29775A8E805, cid=3057, SUCCESS, logIndex=5274, commits[d5132e6f-def8-45c0-b0d2-c5ba43d86628:c5274]
2019-06-13 22:26:59,458 INFO  client.GrpcClientProtocolClient (GrpcClientProtocolClient.java:onNext(254)) - client-43E682E1E07B->d5132e6f-def8-45c0-b0d2-c5ba43d86628: receive RaftClientReply:client-43E682E1E07B->d5132e6f-def8-45c0-b0d2-c5ba43d86628@group-C29775A8E805, cid=3058, SUCCESS, logIndex=5276, commits[d5132e6f-def8-45c0-b0d2-c5ba43d86628:c5276]
2019-06-13 22:26:59,459 INFO  client.GrpcClientProtocolClient (GrpcClientProtocolClient.java:onNext(254)) - client-43E682E1E07B->d5132e6f-def8-45c0-b0d2-c5ba43d86628: receive RaftClientReply:client-43E682E1E07B->d5132e6f-def8-45c0-b0d2-c5ba43d86628@group-C29775A8E805, cid=3059, SUCCESS, logIndex=5277, commits[d5132e6f-def8-45c0-b0d2-c5ba43d86628:c5278]
2019-06-13 22:26:59,459 INFO  client.GrpcClientProtocolClient (GrpcClientProtocolClient.java:onNext(254)) - client-43E682E1E07B->d5132e6f-def8-45c0-b0d2-c5ba43d86628: receive RaftClientReply:client-43E682E1E07B->d5132e6f-def8-45c0-b0d2-c5ba43d86628@group-C29775A8E805, cid=3060, SUCCESS, logIndex=5279, commits[d5132e6f-def8-45c0-b0d2-c5ba43d86628:c5279]
2019-06-13 22:26:59,472 INFO  client.GrpcClientProtocolClient (GrpcClientProtocolClient.java:onNext(254)) - client-43E682E1E07B->d5132e6f-def8-45c0-b0d2-c5ba43d86628: receive RaftClientReply:client-43E682E1E07B->d5132e6f-def8-45c0-b0d2-c5ba43d86628@group-C29775A8E805, cid=3061, SUCCESS, logIndex=5281, commits[d5132e6f-def8-45c0-b0d2-c5ba43d86628:c5282]
2019-06-13 22:26:59,477 INFO  client.GrpcClientProtocolClient (GrpcClientProtocolClient.java:onNext(254)) - client-43E682E1E07B->d5132e6f-def8-45c0-b0d2-c5ba43d86628: receive RaftClientReply:client-43E682E1E07B->d5132e6f-def8-45c0-b0d2-c5ba43d86628@group-C29775A8E805, cid=3062, SUCCESS, logIndex=5283, commits[d5132e6f-def8-45c0-b0d2-c5ba43d86628:c5285]
2019-06-13 22:26:59,478 INFO  client.GrpcClientProtocolClient (GrpcClientProtocolClient.java:onNext(254)) - client-43E682E1E07B->d5132e6f-def8-45c0-b0d2-c5ba43d86628: receive RaftClientReply:client-43E682E1E07B->d5132e6f-def8-45c0-b0d2-c5ba43d86628@group-C29775A8E805, cid=3063, SUCCESS, logIndex=5284, commits[d5132e6f-def8-45c0-b0d2-c5ba43d86628:c5285]
2019-06-13 22:26:59,478 INFO  client.GrpcClientProtocolClient (GrpcClientProtocolClient.java:onNext(254)) - client-43E682E1E07B->d5132e6f-def8-45c0-b0d2-c5ba43d86628: receive RaftClientReply:client-43E682E1E07B->d5132e6f-def8-45c0-b0d2-c5ba43d86628@group-C29775A8E805, cid=3064, SUCCESS, logIndex=5285, commits[d5132e6f-def8-45c0-b0d2-c5ba43d86628:c5286]
2019-06-13 22:26:59,495 INFO  client.GrpcClientProtocolClient (GrpcClientProtocolClient.java:onNext(254)) - client-43E682E1E07B->d5132e6f-def8-45c0-b0d2-c5ba43d86628: receive RaftClientReply:client-43E682E1E07B->d5132e6f-def8-45c0-b0d2-c5ba43d86628@group-C29775A8E805, cid=3065, SUCCESS, logIndex=5287, commits[d5132e6f-def8-45c0-b0d2-c5ba43d86628:c5287]
2019-06-13 22:26:59,500 INFO  client.GrpcClientProtocolClient (GrpcClientProtocolClient.java:onNext(254)) - client-43E682E1E07B->d5132e6f-def8-45c0-b0d2-c5ba43d86628: receive RaftClientReply:client-43E682E1E07B->d5132e6f-def8-45c0-b0d2-c5ba43d86628@group-C29775A8E805, cid=3066, SUCCESS, logIndex=5289, commits[d5132e6f-def8-45c0-b0d2-c5ba43d86628:c5289]
2019-06-13 22:26:59,500 INFO  client.GrpcClientProtocolClient (GrpcClientProtocolClient.java:onNext(254)) - client-43E682E1E07B->d5132e6f-def8-45c0-b0d2-c5ba43d86628: receive RaftClientReply:client-43E682E1E07B->d5132e6f-def8-45c0-b0d2-c5ba43d86628@group-C29775A8E805, cid=3067, SUCCESS, logIndex=5290, commits[d5132e6f-def8-45c0-b0d2-c5ba43d86628:c5290]
2019-06-13 22:26:59,501 INFO  client.GrpcClientProtocolClient (GrpcClientProtocolClient.java:onNext(254)) - client-43E682E1E07B->d5132e6f-def8-45c0-b0d2-c5ba43d86628: receive RaftClientReply:client-43E682E1E07B->d5132e6f-def8-45c0-b0d2-c5ba43d86628@group-C29775A8E805, cid=3068, SUCCESS, logIndex=5293, commits[d5132e6f-def8-45c0-b0d2-c5ba43d86628:c5293]
2019-06-13 22:26:59,507 INFO  client.GrpcClientProtocolClient (GrpcClientProtocolClient.java:onNext(254)) - client-43E682E1E07B->d5132e6f-def8-45c0-b0d2-c5ba43d86628: receive RaftClientReply:client-43E682E1E07B->d5132e6f-def8-45c0-b0d2-c5ba43d86628@group-C29775A8E805, cid=3069, SUCCESS, logIndex=5295, commits[d5132e6f-def8-45c0-b0d2-c5ba43d86628:c5295]
2019-06-13 22:26:59,510 INFO  client.GrpcClientProtocolClient (GrpcClientProtocolClient.java:onNext(254)) - client-43E682E1E07B->d5132e6f-def8-45c0-b0d2-c5ba43d86628: receive RaftClientReply:client-43E682E1E07B->d5132e6f-def8-45c0-b0d2-c5ba43d86628@group-C29775A8E805, cid=3070, SUCCESS, logIndex=5297, commits[d5132e6f-def8-45c0-b0d2-c5ba43d86628:c5299]
2019-06-13 22:26:59,510 INFO  client.GrpcClientProtocolClient (GrpcClientProtocolClient.java:onNext(254)) - client-43E682E1E07B->d5132e6f-def8-45c0-b0d2-c5ba43d86628: receive RaftClientReply:client-43E682E1E07B->d5132e6f-def8-45c0-b0d2-c5ba43d86628@group-C29775A8E805, cid=3071, SUCCESS, logIndex=5298, commits[d5132e6f-def8-45c0-b0d2-c5ba43d86628:c5299]
2019-06-13 22:26:59,510 INFO  client.GrpcClientProtocolClient (GrpcClientProtocolClient.java:onNext(254)) - client-43E682E1E07B->d5132e6f-def8-45c0-b0d2-c5ba43d86628: receive RaftClientReply:client-43E682E1E07B->d5132e6f-def8-45c0-b0d2-c5ba43d86628@group-C29775A8E805, cid=3072, SUCCESS, logIndex=5299, commits[d5132e6f-def8-45c0-b0d2-c5ba43d86628:c5299]
2019-06-13 22:26:59,523 INFO  client.GrpcClientProtocolClient (GrpcClientProtocolClient.java:onNext(254)) - client-43E682E1E07B->d5132e6f-def8-45c0-b0d2-c5ba43d86628: receive RaftClientReply:client-43E682E1E07B->d5132e6f-def8-45c0-b0d2-c5ba43d86628@group-C29775A8E805, cid=3073, SUCCESS, logIndex=5301, commits[d5132e6f-def8-45c0-b0d2-c5ba43d86628:c5301]
2019-06-13 22:26:59,526 INFO  client.GrpcClientProtocolClient (GrpcClientProtocolClient.java:onNext(254)) - client-43E682E1E07B->d5132e6f-def8-45c0-b0d2-c5ba43d86628: receive RaftClientReply:client-43E682E1E07B->d5132e6f-def8-45c0-b0d2-c5ba43d86628@group-C29775A8E805, cid=3074, SUCCESS, logIndex=5303, commits[d5132e6f-def8-45c0-b0d2-c5ba43d86628:c5303]
2019-06-13 22:26:59,527 INFO  client.GrpcClientProtocolClient (GrpcClientProtocolClient.java:onNext(254)) - client-43E682E1E07B->d5132e6f-def8-45c0-b0d2-c5ba43d86628: receive RaftClientReply:client-43E682E1E07B->d5132e6f-def8-45c0-b0d2-c5ba43d86628@group-C29775A8E805, cid=3075, SUCCESS, logIndex=5304, commits[d5132e6f-def8-45c0-b0d2-c5ba43d86628:c5306]
2019-06-13 22:26:59,527 INFO  client.GrpcClientProtocolClient (GrpcClientProtocolClient.java:onNext(254)) - client-43E682E1E07B->d5132e6f-def8-45c0-b0d2-c5ba43d86628: receive RaftClientReply:client-43E682E1E07B->d5132e6f-def8-45c0-b0d2-c5ba43d86628@group-C29775A8E805, cid=3076, SUCCESS, logIndex=5306, commits[d5132e6f-def8-45c0-b0d2-c5ba43d86628:c5306]
2019-06-13 22:26:59,534 INFO  client.GrpcClientProtocolClient (GrpcClientProtocolClient.java:onNext(254)) - client-43E682E1E07B->d5132e6f-def8-45c0-b0d2-c5ba43d86628: receive RaftClientReply:client-43E682E1E07B->d5132e6f-def8-45c0-b0d2-c5ba43d86628@group-C29775A8E805, cid=3077, SUCCESS, logIndex=5308, commits[d5132e6f-def8-45c0-b0d2-c5ba43d86628:c5308]
2019-06-13 22:26:59,534 INFO  storage.RaftLogWorker (RaftLogWorker.java:rollLogSegment(303)) - d5132e6f-def8-45c0-b0d2-c5ba43d86628-RaftLogWorker: Rolling segment log-5239_5309 to index:5309
2019-06-13 22:26:59,535 INFO  storage.RaftLogWorker (RaftLogWorker.java:execute(433)) - d5132e6f-def8-45c0-b0d2-c5ba43d86628-RaftLogWorker: Rolled log segment from /opt/src/hadoop-ozone/integration-test/target/test-dir/MiniOzoneClusterImpl-e9ea07bb-4900-4b53-96c1-68f0ab556a80/datanode-0/data/ratis/c7035dd3-cd4a-42fb-880d-c29775a8e805/current/log_inprogress_5239 to /opt/src/hadoop-ozone/integration-test/target/test-dir/MiniOzoneClusterImpl-e9ea07bb-4900-4b53-96c1-68f0ab556a80/datanode-0/data/ratis/c7035dd3-cd4a-42fb-880d-c29775a8e805/current/log_5239-5309
2019-06-13 22:26:59,542 DEBUG block.SCMBlockDeletingService (SCMBlockDeletingService.java:call(138)) - Running DeletedBlockTransactionScanner
2019-06-13 22:26:59,542 DEBUG block.SCMBlockDeletingService (SCMBlockDeletingService.java:call(155)) - Scanned deleted blocks log and got 0 delTX to process.
2019-06-13 22:26:59,572 INFO  storage.RaftLogWorker (RaftLogWorker.java:execute(469)) - d5132e6f-def8-45c0-b0d2-c5ba43d86628-RaftLogWorker: created new log segment /opt/src/hadoop-ozone/integration-test/target/test-dir/MiniOzoneClusterImpl-e9ea07bb-4900-4b53-96c1-68f0ab556a80/datanode-0/data/ratis/c7035dd3-cd4a-42fb-880d-c29775a8e805/current/log_inprogress_5310
2019-06-13 22:26:59,573 INFO  client.GrpcClientProtocolClient (GrpcClientProtocolClient.java:onNext(254)) - client-43E682E1E07B->d5132e6f-def8-45c0-b0d2-c5ba43d86628: receive RaftClientReply:client-43E682E1E07B->d5132e6f-def8-45c0-b0d2-c5ba43d86628@group-C29775A8E805, cid=3078, SUCCESS, logIndex=5310, commits[d5132e6f-def8-45c0-b0d2-c5ba43d86628:c5312]
2019-06-13 22:26:59,574 INFO  client.GrpcClientProtocolClient (GrpcClientProtocolClient.java:onNext(254)) - client-43E682E1E07B->d5132e6f-def8-45c0-b0d2-c5ba43d86628: receive RaftClientReply:client-43E682E1E07B->d5132e6f-def8-45c0-b0d2-c5ba43d86628@group-C29775A8E805, cid=3079, SUCCESS, logIndex=5311, commits[d5132e6f-def8-45c0-b0d2-c5ba43d86628:c5313]
2019-06-13 22:26:59,574 INFO  client.GrpcClientProtocolClient (GrpcClientProtocolClient.java:onNext(254)) - client-43E682E1E07B->d5132e6f-def8-45c0-b0d2-c5ba43d86628: receive RaftClientReply:client-43E682E1E07B->d5132e6f-def8-45c0-b0d2-c5ba43d86628@group-C29775A8E805, cid=3080, SUCCESS, logIndex=5312, commits[d5132e6f-def8-45c0-b0d2-c5ba43d86628:c5313]
2019-06-13 22:26:59,587 INFO  client.GrpcClientProtocolClient (GrpcClientProtocolClient.java:onNext(254)) - client-43E682E1E07B->d5132e6f-def8-45c0-b0d2-c5ba43d86628: receive RaftClientReply:client-43E682E1E07B->d5132e6f-def8-45c0-b0d2-c5ba43d86628@group-C29775A8E805, cid=3081, SUCCESS, logIndex=5314, commits[d5132e6f-def8-45c0-b0d2-c5ba43d86628:c5314]
2019-06-13 22:26:59,589 INFO  client.GrpcClientProtocolClient (GrpcClientProtocolClient.java:onNext(254)) - client-43E682E1E07B->d5132e6f-def8-45c0-b0d2-c5ba43d86628: receive RaftClientReply:client-43E682E1E07B->d5132e6f-def8-45c0-b0d2-c5ba43d86628@group-C29775A8E805, cid=3082, SUCCESS, logIndex=5316, commits[d5132e6f-def8-45c0-b0d2-c5ba43d86628:c5316]
2019-06-13 22:26:59,593 INFO  client.GrpcClientProtocolClient (GrpcClientProtocolClient.java:onNext(254)) - client-43E682E1E07B->d5132e6f-def8-45c0-b0d2-c5ba43d86628: receive RaftClientReply:client-43E682E1E07B->d5132e6f-def8-45c0-b0d2-c5ba43d86628@group-C29775A8E805, cid=3083, SUCCESS, logIndex=5317, commits[d5132e6f-def8-45c0-b0d2-c5ba43d86628:c5318]
2019-06-13 22:26:59,593 INFO  client.GrpcClientProtocolClient (GrpcClientProtocolClient.java:onNext(254)) - client-43E682E1E07B->d5132e6f-def8-45c0-b0d2-c5ba43d86628: receive RaftClientReply:client-43E682E1E07B->d5132e6f-def8-45c0-b0d2-c5ba43d86628@group-C29775A8E805, cid=3084, SUCCESS, logIndex=5318, commits[d5132e6f-def8-45c0-b0d2-c5ba43d86628:c5320]
2019-06-13 22:26:59,600 INFO  client.GrpcClientProtocolClient (GrpcClientProtocolClient.java:onNext(254)) - client-43E682E1E07B->d5132e6f-def8-45c0-b0d2-c5ba43d86628: receive RaftClientReply:client-43E682E1E07B->d5132e6f-def8-45c0-b0d2-c5ba43d86628@group-C29775A8E805, cid=3085, SUCCESS, logIndex=5321, commits[d5132e6f-def8-45c0-b0d2-c5ba43d86628:c5321]
2019-06-13 22:26:59,602 INFO  client.GrpcClientProtocolClient (GrpcClientProtocolClient.java:onNext(254)) - client-43E682E1E07B->d5132e6f-def8-45c0-b0d2-c5ba43d86628: receive RaftClientReply:client-43E682E1E07B->d5132e6f-def8-45c0-b0d2-c5ba43d86628@group-C29775A8E805, cid=3086, SUCCESS, logIndex=5323, commits[d5132e6f-def8-45c0-b0d2-c5ba43d86628:c5323]
2019-06-13 22:26:59,606 INFO  client.GrpcClientProtocolClient (GrpcClientProtocolClient.java:onNext(254)) - client-43E682E1E07B->d5132e6f-def8-45c0-b0d2-c5ba43d86628: receive RaftClientReply:client-43E682E1E07B->d5132e6f-def8-45c0-b0d2-c5ba43d86628@group-C29775A8E805, cid=3087, SUCCESS, logIndex=5324, commits[d5132e6f-def8-45c0-b0d2-c5ba43d86628:c5325]
2019-06-13 22:26:59,612 INFO  client.GrpcClientProtocolClient (GrpcClientProtocolClient.java:onNext(254)) - client-43E682E1E07B->d5132e6f-def8-45c0-b0d2-c5ba43d86628: receive RaftClientReply:client-43E682E1E07B->d5132e6f-def8-45c0-b0d2-c5ba43d86628@group-C29775A8E805, cid=3088, SUCCESS, logIndex=5325, commits[d5132e6f-def8-45c0-b0d2-c5ba43d86628:c5327]
2019-06-13 22:26:59,625 INFO  client.GrpcClientProtocolClient (GrpcClientProtocolClient.java:onNext(254)) - client-43E682E1E07B->d5132e6f-def8-45c0-b0d2-c5ba43d86628: receive RaftClientReply:client-43E682E1E07B->d5132e6f-def8-45c0-b0d2-c5ba43d86628@group-C29775A8E805, cid=3089, SUCCESS, logIndex=5328, commits[d5132e6f-def8-45c0-b0d2-c5ba43d86628:c5328]
2019-06-13 22:26:59,626 INFO  client.GrpcClientProtocolClient (GrpcClientProtocolClient.java:onNext(254)) - client-43E682E1E07B->d5132e6f-def8-45c0-b0d2-c5ba43d86628: receive RaftClientReply:client-43E682E1E07B->d5132e6f-def8-45c0-b0d2-c5ba43d86628@group-C29775A8E805, cid=3090, SUCCESS, logIndex=5330, commits[d5132e6f-def8-45c0-b0d2-c5ba43d86628:c5330]
2019-06-13 22:26:59,631 INFO  client.GrpcClientProtocolClient (GrpcClientProtocolClient.java:onNext(254)) - client-43E682E1E07B->d5132e6f-def8-45c0-b0d2-c5ba43d86628: receive RaftClientReply:client-43E682E1E07B->d5132e6f-def8-45c0-b0d2-c5ba43d86628@group-C29775A8E805, cid=3091, SUCCESS, logIndex=5331, commits[d5132e6f-def8-45c0-b0d2-c5ba43d86628:c5333]
2019-06-13 22:26:59,637 INFO  client.GrpcClientProtocolClient (GrpcClientProtocolClient.java:onNext(254)) - client-43E682E1E07B->d5132e6f-def8-45c0-b0d2-c5ba43d86628: receive RaftClientReply:client-43E682E1E07B->d5132e6f-def8-45c0-b0d2-c5ba43d86628@group-C29775A8E805, cid=3092, SUCCESS, logIndex=5332, commits[d5132e6f-def8-45c0-b0d2-c5ba43d86628:c5333]
2019-06-13 22:26:59,643 DEBUG block.SCMBlockDeletingService (SCMBlockDeletingService.java:call(138)) - Running DeletedBlockTransactionScanner
2019-06-13 22:26:59,643 DEBUG block.SCMBlockDeletingService (SCMBlockDeletingService.java:call(155)) - Scanned deleted blocks log and got 0 delTX to process.
2019-06-13 22:26:59,649 INFO  client.GrpcClientProtocolClient (GrpcClientProtocolClient.java:onNext(254)) - client-43E682E1E07B->d5132e6f-def8-45c0-b0d2-c5ba43d86628: receive RaftClientReply:client-43E682E1E07B->d5132e6f-def8-45c0-b0d2-c5ba43d86628@group-C29775A8E805, cid=3093, SUCCESS, logIndex=5334, commits[d5132e6f-def8-45c0-b0d2-c5ba43d86628:c5334]
2019-06-13 22:26:59,654 INFO  client.GrpcClientProtocolClient (GrpcClientProtocolClient.java:onNext(254)) - client-43E682E1E07B->d5132e6f-def8-45c0-b0d2-c5ba43d86628: receive RaftClientReply:client-43E682E1E07B->d5132e6f-def8-45c0-b0d2-c5ba43d86628@group-C29775A8E805, cid=3094, SUCCESS, logIndex=5336, commits[d5132e6f-def8-45c0-b0d2-c5ba43d86628:c5336]
2019-06-13 22:26:59,716 INFO  client.GrpcClientProtocolClient (GrpcClientProtocolClient.java:onNext(254)) - client-43E682E1E07B->d5132e6f-def8-45c0-b0d2-c5ba43d86628: receive RaftClientReply:client-43E682E1E07B->d5132e6f-def8-45c0-b0d2-c5ba43d86628@group-C29775A8E805, cid=3095, SUCCESS, logIndex=5338, commits[d5132e6f-def8-45c0-b0d2-c5ba43d86628:c5338]
2019-06-13 22:26:59,717 INFO  client.GrpcClientProtocolClient (GrpcClientProtocolClient.java:onNext(254)) - client-43E682E1E07B->d5132e6f-def8-45c0-b0d2-c5ba43d86628: receive RaftClientReply:client-43E682E1E07B->d5132e6f-def8-45c0-b0d2-c5ba43d86628@group-C29775A8E805, cid=3096, SUCCESS, logIndex=5340, commits[d5132e6f-def8-45c0-b0d2-c5ba43d86628:c5340]
2019-06-13 22:26:59,729 INFO  client.GrpcClientProtocolClient (GrpcClientProtocolClient.java:onNext(254)) - client-43E682E1E07B->d5132e6f-def8-45c0-b0d2-c5ba43d86628: receive RaftClientReply:client-43E682E1E07B->d5132e6f-def8-45c0-b0d2-c5ba43d86628@group-C29775A8E805, cid=3097, SUCCESS, logIndex=5342, commits[d5132e6f-def8-45c0-b0d2-c5ba43d86628:c5342]
2019-06-13 22:26:59,730 INFO  client.GrpcClientProtocolClient (GrpcClientProtocolClient.java:onNext(254)) - client-43E682E1E07B->d5132e6f-def8-45c0-b0d2-c5ba43d86628: receive RaftClientReply:client-43E682E1E07B->d5132e6f-def8-45c0-b0d2-c5ba43d86628@group-C29775A8E805, cid=3098, SUCCESS, logIndex=5344, commits[d5132e6f-def8-45c0-b0d2-c5ba43d86628:c5344]
2019-06-13 22:26:59,735 INFO  client.GrpcClientProtocolClient (GrpcClientProtocolClient.java:onNext(254)) - client-43E682E1E07B->d5132e6f-def8-45c0-b0d2-c5ba43d86628: receive RaftClientReply:client-43E682E1E07B->d5132e6f-def8-45c0-b0d2-c5ba43d86628@group-C29775A8E805, cid=3099, SUCCESS, logIndex=5346, commits[d5132e6f-def8-45c0-b0d2-c5ba43d86628:c5347]
2019-06-13 22:26:59,735 INFO  client.GrpcClientProtocolClient (GrpcClientProtocolClient.java:onNext(254)) - client-43E682E1E07B->d5132e6f-def8-45c0-b0d2-c5ba43d86628: receive RaftClientReply:client-43E682E1E07B->d5132e6f-def8-45c0-b0d2-c5ba43d86628@group-C29775A8E805, cid=3100, SUCCESS, logIndex=5347, commits[d5132e6f-def8-45c0-b0d2-c5ba43d86628:c5348]
2019-06-13 22:26:59,741 INFO  client.GrpcClientProtocolClient (GrpcClientProtocolClient.java:onNext(254)) - client-43E682E1E07B->d5132e6f-def8-45c0-b0d2-c5ba43d86628: receive RaftClientReply:client-43E682E1E07B->d5132e6f-def8-45c0-b0d2-c5ba43d86628@group-C29775A8E805, cid=3101, SUCCESS, logIndex=5349, commits[d5132e6f-def8-45c0-b0d2-c5ba43d86628:c5349]
2019-06-13 22:26:59,742 INFO  client.GrpcClientProtocolClient (GrpcClientProtocolClient.java:onNext(254)) - client-43E682E1E07B->d5132e6f-def8-45c0-b0d2-c5ba43d86628: receive RaftClientReply:client-43E682E1E07B->d5132e6f-def8-45c0-b0d2-c5ba43d86628@group-C29775A8E805, cid=3102, SUCCESS, logIndex=5351, commits[d5132e6f-def8-45c0-b0d2-c5ba43d86628:c5351]
2019-06-13 22:26:59,743 DEBUG block.SCMBlockDeletingService (SCMBlockDeletingService.java:call(138)) - Running DeletedBlockTransactionScanner
2019-06-13 22:26:59,743 DEBUG block.SCMBlockDeletingService (SCMBlockDeletingService.java:call(155)) - Scanned deleted blocks log and got 0 delTX to process.
2019-06-13 22:26:59,744 INFO  client.GrpcClientProtocolClient (GrpcClientProtocolClient.java:onNext(254)) - client-43E682E1E07B->d5132e6f-def8-45c0-b0d2-c5ba43d86628: receive RaftClientReply:client-43E682E1E07B->d5132e6f-def8-45c0-b0d2-c5ba43d86628@group-C29775A8E805, cid=3103, SUCCESS, logIndex=5353, commits[d5132e6f-def8-45c0-b0d2-c5ba43d86628:c5354]
2019-06-13 22:26:59,745 INFO  client.GrpcClientProtocolClient (GrpcClientProtocolClient.java:onNext(254)) - client-43E682E1E07B->d5132e6f-def8-45c0-b0d2-c5ba43d86628: receive RaftClientReply:client-43E682E1E07B->d5132e6f-def8-45c0-b0d2-c5ba43d86628@group-C29775A8E805, cid=3104, SUCCESS, logIndex=5354, commits[d5132e6f-def8-45c0-b0d2-c5ba43d86628:c5354]
2019-06-13 22:26:59,759 INFO  client.GrpcClientProtocolClient (GrpcClientProtocolClient.java:onNext(254)) - client-43E682E1E07B->d5132e6f-def8-45c0-b0d2-c5ba43d86628: receive RaftClientReply:client-43E682E1E07B->d5132e6f-def8-45c0-b0d2-c5ba43d86628@group-C29775A8E805, cid=3105, SUCCESS, logIndex=5356, commits[d5132e6f-def8-45c0-b0d2-c5ba43d86628:c5356]
2019-06-13 22:26:59,760 INFO  client.GrpcClientProtocolClient (GrpcClientProtocolClient.java:onNext(254)) - client-43E682E1E07B->d5132e6f-def8-45c0-b0d2-c5ba43d86628: receive RaftClientReply:client-43E682E1E07B->d5132e6f-def8-45c0-b0d2-c5ba43d86628@group-C29775A8E805, cid=3106, SUCCESS, logIndex=5358, commits[d5132e6f-def8-45c0-b0d2-c5ba43d86628:c5358]
2019-06-13 22:26:59,763 INFO  client.GrpcClientProtocolClient (GrpcClientProtocolClient.java:onNext(254)) - client-43E682E1E07B->d5132e6f-def8-45c0-b0d2-c5ba43d86628: receive RaftClientReply:client-43E682E1E07B->d5132e6f-def8-45c0-b0d2-c5ba43d86628@group-C29775A8E805, cid=3107, SUCCESS, logIndex=5360, commits[d5132e6f-def8-45c0-b0d2-c5ba43d86628:c5361]
2019-06-13 22:26:59,763 INFO  client.GrpcClientProtocolClient (GrpcClientProtocolClient.java:onNext(254)) - client-43E682E1E07B->d5132e6f-def8-45c0-b0d2-c5ba43d86628: receive RaftClientReply:client-43E682E1E07B->d5132e6f-def8-45c0-b0d2-c5ba43d86628@group-C29775A8E805, cid=3108, SUCCESS, logIndex=5361, commits[d5132e6f-def8-45c0-b0d2-c5ba43d86628:c5361]
2019-06-13 22:26:59,769 INFO  client.GrpcClientProtocolClient (GrpcClientProtocolClient.java:onNext(254)) - client-43E682E1E07B->d5132e6f-def8-45c0-b0d2-c5ba43d86628: receive RaftClientReply:client-43E682E1E07B->d5132e6f-def8-45c0-b0d2-c5ba43d86628@group-C29775A8E805, cid=3109, SUCCESS, logIndex=5363, commits[d5132e6f-def8-45c0-b0d2-c5ba43d86628:c5363]
2019-06-13 22:26:59,771 INFO  client.GrpcClientProtocolClient (GrpcClientProtocolClient.java:onNext(254)) - client-43E682E1E07B->d5132e6f-def8-45c0-b0d2-c5ba43d86628: receive RaftClientReply:client-43E682E1E07B->d5132e6f-def8-45c0-b0d2-c5ba43d86628@group-C29775A8E805, cid=3110, SUCCESS, logIndex=5365, commits[d5132e6f-def8-45c0-b0d2-c5ba43d86628:c5365]
2019-06-13 22:26:59,772 INFO  client.GrpcClientProtocolClient (GrpcClientProtocolClient.java:onNext(254)) - client-43E682E1E07B->d5132e6f-def8-45c0-b0d2-c5ba43d86628: receive RaftClientReply:client-43E682E1E07B->d5132e6f-def8-45c0-b0d2-c5ba43d86628@group-C29775A8E805, cid=3111, SUCCESS, logIndex=5366, commits[d5132e6f-def8-45c0-b0d2-c5ba43d86628:c5367]
2019-06-13 22:26:59,772 INFO  client.GrpcClientProtocolClient (GrpcClientProtocolClient.java:onNext(254)) - client-43E682E1E07B->d5132e6f-def8-45c0-b0d2-c5ba43d86628: receive RaftClientReply:client-43E682E1E07B->d5132e6f-def8-45c0-b0d2-c5ba43d86628@group-C29775A8E805, cid=3112, SUCCESS, logIndex=5367, commits[d5132e6f-def8-45c0-b0d2-c5ba43d86628:c5368]
2019-06-13 22:26:59,823 INFO  client.GrpcClientProtocolClient (GrpcClientProtocolClient.java:onNext(254)) - client-43E682E1E07B->d5132e6f-def8-45c0-b0d2-c5ba43d86628: receive RaftClientReply:client-43E682E1E07B->d5132e6f-def8-45c0-b0d2-c5ba43d86628@group-C29775A8E805, cid=3113, SUCCESS, logIndex=5370, commits[d5132e6f-def8-45c0-b0d2-c5ba43d86628:c5370]
2019-06-13 22:26:59,826 INFO  client.GrpcClientProtocolClient (GrpcClientProtocolClient.java:onNext(254)) - client-43E682E1E07B->d5132e6f-def8-45c0-b0d2-c5ba43d86628: receive RaftClientReply:client-43E682E1E07B->d5132e6f-def8-45c0-b0d2-c5ba43d86628@group-C29775A8E805, cid=3114, SUCCESS, logIndex=5372, commits[d5132e6f-def8-45c0-b0d2-c5ba43d86628:c5372]
2019-06-13 22:26:59,826 INFO  client.GrpcClientProtocolClient (GrpcClientProtocolClient.java:onNext(254)) - client-43E682E1E07B->d5132e6f-def8-45c0-b0d2-c5ba43d86628: receive RaftClientReply:client-43E682E1E07B->d5132e6f-def8-45c0-b0d2-c5ba43d86628@group-C29775A8E805, cid=3115, SUCCESS, logIndex=5373, commits[d5132e6f-def8-45c0-b0d2-c5ba43d86628:c5375]
2019-06-13 22:26:59,827 INFO  client.GrpcClientProtocolClient (GrpcClientProtocolClient.java:onNext(254)) - client-43E682E1E07B->d5132e6f-def8-45c0-b0d2-c5ba43d86628: receive RaftClientReply:client-43E682E1E07B->d5132e6f-def8-45c0-b0d2-c5ba43d86628@group-C29775A8E805, cid=3116, SUCCESS, logIndex=5374, commits[d5132e6f-def8-45c0-b0d2-c5ba43d86628:c5375]
2019-06-13 22:26:59,833 INFO  client.GrpcClientProtocolClient (GrpcClientProtocolClient.java:onNext(254)) - client-43E682E1E07B->d5132e6f-def8-45c0-b0d2-c5ba43d86628: receive RaftClientReply:client-43E682E1E07B->d5132e6f-def8-45c0-b0d2-c5ba43d86628@group-C29775A8E805, cid=3117, SUCCESS, logIndex=5376, commits[d5132e6f-def8-45c0-b0d2-c5ba43d86628:c5376]
2019-06-13 22:26:59,834 INFO  client.GrpcClientProtocolClient (GrpcClientProtocolClient.java:onNext(254)) - client-43E682E1E07B->d5132e6f-def8-45c0-b0d2-c5ba43d86628: receive RaftClientReply:client-43E682E1E07B->d5132e6f-def8-45c0-b0d2-c5ba43d86628@group-C29775A8E805, cid=3118, SUCCESS, logIndex=5378, commits[d5132e6f-def8-45c0-b0d2-c5ba43d86628:c5378]
2019-06-13 22:26:59,838 INFO  client.GrpcClientProtocolClient (GrpcClientProtocolClient.java:onNext(254)) - client-43E682E1E07B->d5132e6f-def8-45c0-b0d2-c5ba43d86628: receive RaftClientReply:client-43E682E1E07B->d5132e6f-def8-45c0-b0d2-c5ba43d86628@group-C29775A8E805, cid=3119, SUCCESS, logIndex=5379, commits[d5132e6f-def8-45c0-b0d2-c5ba43d86628:c5380]
2019-06-13 22:26:59,838 INFO  storage.RaftLogWorker (RaftLogWorker.java:rollLogSegment(303)) - d5132e6f-def8-45c0-b0d2-c5ba43d86628-RaftLogWorker: Rolling segment log-5310_5380 to index:5380
2019-06-13 22:26:59,838 INFO  storage.RaftLogWorker (RaftLogWorker.java:execute(433)) - d5132e6f-def8-45c0-b0d2-c5ba43d86628-RaftLogWorker: Rolled log segment from /opt/src/hadoop-ozone/integration-test/target/test-dir/MiniOzoneClusterImpl-e9ea07bb-4900-4b53-96c1-68f0ab556a80/datanode-0/data/ratis/c7035dd3-cd4a-42fb-880d-c29775a8e805/current/log_inprogress_5310 to /opt/src/hadoop-ozone/integration-test/target/test-dir/MiniOzoneClusterImpl-e9ea07bb-4900-4b53-96c1-68f0ab556a80/datanode-0/data/ratis/c7035dd3-cd4a-42fb-880d-c29775a8e805/current/log_5310-5380
2019-06-13 22:26:59,843 DEBUG block.SCMBlockDeletingService (SCMBlockDeletingService.java:call(138)) - Running DeletedBlockTransactionScanner
2019-06-13 22:26:59,844 DEBUG block.SCMBlockDeletingService (SCMBlockDeletingService.java:call(155)) - Scanned deleted blocks log and got 0 delTX to process.
2019-06-13 22:26:59,874 INFO  storage.RaftLogWorker (RaftLogWorker.java:execute(469)) - d5132e6f-def8-45c0-b0d2-c5ba43d86628-RaftLogWorker: created new log segment /opt/src/hadoop-ozone/integration-test/target/test-dir/MiniOzoneClusterImpl-e9ea07bb-4900-4b53-96c1-68f0ab556a80/datanode-0/data/ratis/c7035dd3-cd4a-42fb-880d-c29775a8e805/current/log_inprogress_5381
2019-06-13 22:26:59,875 INFO  client.GrpcClientProtocolClient (GrpcClientProtocolClient.java:onNext(254)) - client-43E682E1E07B->d5132e6f-def8-45c0-b0d2-c5ba43d86628: receive RaftClientReply:client-43E682E1E07B->d5132e6f-def8-45c0-b0d2-c5ba43d86628@group-C29775A8E805, cid=3120, SUCCESS, logIndex=5381, commits[d5132e6f-def8-45c0-b0d2-c5ba43d86628:c5381]
2019-06-13 22:26:59,887 INFO  client.GrpcClientProtocolClient (GrpcClientProtocolClient.java:onNext(254)) - client-43E682E1E07B->d5132e6f-def8-45c0-b0d2-c5ba43d86628: receive RaftClientReply:client-43E682E1E07B->d5132e6f-def8-45c0-b0d2-c5ba43d86628@group-C29775A8E805, cid=3121, SUCCESS, logIndex=5383, commits[d5132e6f-def8-45c0-b0d2-c5ba43d86628:c5383]
2019-06-13 22:26:59,890 INFO  client.GrpcClientProtocolClient (GrpcClientProtocolClient.java:onNext(254)) - client-43E682E1E07B->d5132e6f-def8-45c0-b0d2-c5ba43d86628: receive RaftClientReply:client-43E682E1E07B->d5132e6f-def8-45c0-b0d2-c5ba43d86628@group-C29775A8E805, cid=3122, SUCCESS, logIndex=5385, commits[d5132e6f-def8-45c0-b0d2-c5ba43d86628:c5387]
2019-06-13 22:26:59,890 INFO  client.GrpcClientProtocolClient (GrpcClientProtocolClient.java:onNext(254)) - client-43E682E1E07B->d5132e6f-def8-45c0-b0d2-c5ba43d86628: receive RaftClientReply:client-43E682E1E07B->d5132e6f-def8-45c0-b0d2-c5ba43d86628@group-C29775A8E805, cid=3123, SUCCESS, logIndex=5386, commits[d5132e6f-def8-45c0-b0d2-c5ba43d86628:c5387]
2019-06-13 22:26:59,890 INFO  client.GrpcClientProtocolClient (GrpcClientProtocolClient.java:onNext(254)) - client-43E682E1E07B->d5132e6f-def8-45c0-b0d2-c5ba43d86628: receive RaftClientReply:client-43E682E1E07B->d5132e6f-def8-45c0-b0d2-c5ba43d86628@group-C29775A8E805, cid=3124, SUCCESS, logIndex=5387, commits[d5132e6f-def8-45c0-b0d2-c5ba43d86628:c5388]
2019-06-13 22:26:59,896 INFO  client.GrpcClientProtocolClient (GrpcClientProtocolClient.java:onNext(254)) - client-43E682E1E07B->d5132e6f-def8-45c0-b0d2-c5ba43d86628: receive RaftClientReply:client-43E682E1E07B->d5132e6f-def8-45c0-b0d2-c5ba43d86628@group-C29775A8E805, cid=3125, SUCCESS, logIndex=5389, commits[d5132e6f-def8-45c0-b0d2-c5ba43d86628:c5389]
2019-06-13 22:26:59,898 INFO  client.GrpcClientProtocolClient (GrpcClientProtocolClient.java:onNext(254)) - client-43E682E1E07B->d5132e6f-def8-45c0-b0d2-c5ba43d86628: receive RaftClientReply:client-43E682E1E07B->d5132e6f-def8-45c0-b0d2-c5ba43d86628@group-C29775A8E805, cid=3126, SUCCESS, logIndex=5391, commits[d5132e6f-def8-45c0-b0d2-c5ba43d86628:c5391]
2019-06-13 22:26:59,899 INFO  client.GrpcClientProtocolClient (GrpcClientProtocolClient.java:onNext(254)) - client-43E682E1E07B->d5132e6f-def8-45c0-b0d2-c5ba43d86628: receive RaftClientReply:client-43E682E1E07B->d5132e6f-def8-45c0-b0d2-c5ba43d86628@group-C29775A8E805, cid=3127, SUCCESS, logIndex=5392, commits[d5132e6f-def8-45c0-b0d2-c5ba43d86628:c5394]
2019-06-13 22:26:59,899 INFO  client.GrpcClientProtocolClient (GrpcClientProtocolClient.java:onNext(254)) - client-43E682E1E07B->d5132e6f-def8-45c0-b0d2-c5ba43d86628: receive RaftClientReply:client-43E682E1E07B->d5132e6f-def8-45c0-b0d2-c5ba43d86628@group-C29775A8E805, cid=3128, SUCCESS, logIndex=5393, commits[d5132e6f-def8-45c0-b0d2-c5ba43d86628:c5394]
2019-06-13 22:26:59,911 INFO  client.GrpcClientProtocolClient (GrpcClientProtocolClient.java:onNext(254)) - client-43E682E1E07B->d5132e6f-def8-45c0-b0d2-c5ba43d86628: receive RaftClientReply:client-43E682E1E07B->d5132e6f-def8-45c0-b0d2-c5ba43d86628@group-C29775A8E805, cid=3129, SUCCESS, logIndex=5395, commits[d5132e6f-def8-45c0-b0d2-c5ba43d86628:c5395]
2019-06-13 22:26:59,912 INFO  client.GrpcClientProtocolClient (GrpcClientProtocolClient.java:onNext(254)) - client-43E682E1E07B->d5132e6f-def8-45c0-b0d2-c5ba43d86628: receive RaftClientReply:client-43E682E1E07B->d5132e6f-def8-45c0-b0d2-c5ba43d86628@group-C29775A8E805, cid=3130, SUCCESS, logIndex=5397, commits[d5132e6f-def8-45c0-b0d2-c5ba43d86628:c5397]
2019-06-13 22:26:59,913 INFO  client.GrpcClientProtocolClient (GrpcClientProtocolClient.java:onNext(254)) - client-43E682E1E07B->d5132e6f-def8-45c0-b0d2-c5ba43d86628: receive RaftClientReply:client-43E682E1E07B->d5132e6f-def8-45c0-b0d2-c5ba43d86628@group-C29775A8E805, cid=3131, SUCCESS, logIndex=5398, commits[d5132e6f-def8-45c0-b0d2-c5ba43d86628:c5400]
2019-06-13 22:26:59,913 INFO  client.GrpcClientProtocolClient (GrpcClientProtocolClient.java:onNext(254)) - client-43E682E1E07B->d5132e6f-def8-45c0-b0d2-c5ba43d86628: receive RaftClientReply:client-43E682E1E07B->d5132e6f-def8-45c0-b0d2-c5ba43d86628@group-C29775A8E805, cid=3132, SUCCESS, logIndex=5399, commits[d5132e6f-def8-45c0-b0d2-c5ba43d86628:c5400]
2019-06-13 22:26:59,919 INFO  client.GrpcClientProtocolClient (GrpcClientProtocolClient.java:onNext(254)) - client-43E682E1E07B->d5132e6f-def8-45c0-b0d2-c5ba43d86628: receive RaftClientReply:client-43E682E1E07B->d5132e6f-def8-45c0-b0d2-c5ba43d86628@group-C29775A8E805, cid=3133, SUCCESS, logIndex=5401, commits[d5132e6f-def8-45c0-b0d2-c5ba43d86628:c5401]
2019-06-13 22:26:59,921 INFO  client.GrpcClientProtocolClient (GrpcClientProtocolClient.java:onNext(254)) - client-43E682E1E07B->d5132e6f-def8-45c0-b0d2-c5ba43d86628: receive RaftClientReply:client-43E682E1E07B->d5132e6f-def8-45c0-b0d2-c5ba43d86628@group-C29775A8E805, cid=3134, SUCCESS, logIndex=5403, commits[d5132e6f-def8-45c0-b0d2-c5ba43d86628:c5403]
2019-06-13 22:26:59,923 INFO  client.GrpcClientProtocolClient (GrpcClientProtocolClient.java:onNext(254)) - client-43E682E1E07B->d5132e6f-def8-45c0-b0d2-c5ba43d86628: receive RaftClientReply:client-43E682E1E07B->d5132e6f-def8-45c0-b0d2-c5ba43d86628@group-C29775A8E805, cid=3135, SUCCESS, logIndex=5405, commits[d5132e6f-def8-45c0-b0d2-c5ba43d86628:c5406]
2019-06-13 22:26:59,924 INFO  client.GrpcClientProtocolClient (GrpcClientProtocolClient.java:onNext(254)) - client-43E682E1E07B->d5132e6f-def8-45c0-b0d2-c5ba43d86628: receive RaftClientReply:client-43E682E1E07B->d5132e6f-def8-45c0-b0d2-c5ba43d86628@group-C29775A8E805, cid=3136, SUCCESS, logIndex=5406, commits[d5132e6f-def8-45c0-b0d2-c5ba43d86628:c5407]
2019-06-13 22:26:59,936 INFO  client.GrpcClientProtocolClient (GrpcClientProtocolClient.java:onNext(254)) - client-43E682E1E07B->d5132e6f-def8-45c0-b0d2-c5ba43d86628: receive RaftClientReply:client-43E682E1E07B->d5132e6f-def8-45c0-b0d2-c5ba43d86628@group-C29775A8E805, cid=3137, SUCCESS, logIndex=5408, commits[d5132e6f-def8-45c0-b0d2-c5ba43d86628:c5408]
2019-06-13 22:26:59,938 INFO  client.GrpcClientProtocolClient (GrpcClientProtocolClient.java:onNext(254)) - client-43E682E1E07B->d5132e6f-def8-45c0-b0d2-c5ba43d86628: receive RaftClientReply:client-43E682E1E07B->d5132e6f-def8-45c0-b0d2-c5ba43d86628@group-C29775A8E805, cid=3138, SUCCESS, logIndex=5410, commits[d5132e6f-def8-45c0-b0d2-c5ba43d86628:c5410]
2019-06-13 22:26:59,944 DEBUG block.SCMBlockDeletingService (SCMBlockDeletingService.java:call(138)) - Running DeletedBlockTransactionScanner
2019-06-13 22:26:59,944 DEBUG block.SCMBlockDeletingService (SCMBlockDeletingService.java:call(155)) - Scanned deleted blocks log and got 0 delTX to process.
2019-06-13 22:27:00,005 INFO  client.GrpcClientProtocolClient (GrpcClientProtocolClient.java:onNext(254)) - client-43E682E1E07B->d5132e6f-def8-45c0-b0d2-c5ba43d86628: receive RaftClientReply:client-43E682E1E07B->d5132e6f-def8-45c0-b0d2-c5ba43d86628@group-C29775A8E805, cid=3139, SUCCESS, logIndex=5412, commits[d5132e6f-def8-45c0-b0d2-c5ba43d86628:c5412]
2019-06-13 22:27:00,006 INFO  client.GrpcClientProtocolClient (GrpcClientProtocolClient.java:onNext(254)) - client-43E682E1E07B->d5132e6f-def8-45c0-b0d2-c5ba43d86628: receive RaftClientReply:client-43E682E1E07B->d5132e6f-def8-45c0-b0d2-c5ba43d86628@group-C29775A8E805, cid=3140, SUCCESS, logIndex=5414, commits[d5132e6f-def8-45c0-b0d2-c5ba43d86628:c5414]
2019-06-13 22:27:00,014 INFO  client.GrpcClientProtocolClient (GrpcClientProtocolClient.java:onNext(254)) - client-43E682E1E07B->d5132e6f-def8-45c0-b0d2-c5ba43d86628: receive RaftClientReply:client-43E682E1E07B->d5132e6f-def8-45c0-b0d2-c5ba43d86628@group-C29775A8E805, cid=3141, SUCCESS, logIndex=5416, commits[d5132e6f-def8-45c0-b0d2-c5ba43d86628:c5416]
2019-06-13 22:27:00,016 INFO  client.GrpcClientProtocolClient (GrpcClientProtocolClient.java:onNext(254)) - client-43E682E1E07B->d5132e6f-def8-45c0-b0d2-c5ba43d86628: receive RaftClientReply:client-43E682E1E07B->d5132e6f-def8-45c0-b0d2-c5ba43d86628@group-C29775A8E805, cid=3142, SUCCESS, logIndex=5418, commits[d5132e6f-def8-45c0-b0d2-c5ba43d86628:c5418]
2019-06-13 22:27:00,017 INFO  client.GrpcClientProtocolClient (GrpcClientProtocolClient.java:onNext(254)) - client-43E682E1E07B->d5132e6f-def8-45c0-b0d2-c5ba43d86628: receive RaftClientReply:client-43E682E1E07B->d5132e6f-def8-45c0-b0d2-c5ba43d86628@group-C29775A8E805, cid=3143, SUCCESS, logIndex=5419, commits[d5132e6f-def8-45c0-b0d2-c5ba43d86628:c5421]
2019-06-13 22:27:00,017 INFO  client.GrpcClientProtocolClient (GrpcClientProtocolClient.java:onNext(254)) - client-43E682E1E07B->d5132e6f-def8-45c0-b0d2-c5ba43d86628: receive RaftClientReply:client-43E682E1E07B->d5132e6f-def8-45c0-b0d2-c5ba43d86628@group-C29775A8E805, cid=3144, SUCCESS, logIndex=5420, commits[d5132e6f-def8-45c0-b0d2-c5ba43d86628:c5421]
2019-06-13 22:27:00,032 INFO  client.GrpcClientProtocolClient (GrpcClientProtocolClient.java:onNext(254)) - client-43E682E1E07B->d5132e6f-def8-45c0-b0d2-c5ba43d86628: receive RaftClientReply:client-43E682E1E07B->d5132e6f-def8-45c0-b0d2-c5ba43d86628@group-C29775A8E805, cid=3145, SUCCESS, logIndex=5422, commits[d5132e6f-def8-45c0-b0d2-c5ba43d86628:c5422]
2019-06-13 22:27:00,034 INFO  client.GrpcClientProtocolClient (GrpcClientProtocolClient.java:onNext(254)) - client-43E682E1E07B->d5132e6f-def8-45c0-b0d2-c5ba43d86628: receive RaftClientReply:client-43E682E1E07B->d5132e6f-def8-45c0-b0d2-c5ba43d86628@group-C29775A8E805, cid=3146, SUCCESS, logIndex=5424, commits[d5132e6f-def8-45c0-b0d2-c5ba43d86628:c5424]
2019-06-13 22:27:00,034 INFO  client.GrpcClientProtocolClient (GrpcClientProtocolClient.java:onNext(254)) - client-43E682E1E07B->d5132e6f-def8-45c0-b0d2-c5ba43d86628: receive RaftClientReply:client-43E682E1E07B->d5132e6f-def8-45c0-b0d2-c5ba43d86628@group-C29775A8E805, cid=3147, SUCCESS, logIndex=5425, commits[d5132e6f-def8-45c0-b0d2-c5ba43d86628:c5427]
2019-06-13 22:27:00,037 INFO  client.GrpcClientProtocolClient (GrpcClientProtocolClient.java:onNext(254)) - client-43E682E1E07B->d5132e6f-def8-45c0-b0d2-c5ba43d86628: receive RaftClientReply:client-43E682E1E07B->d5132e6f-def8-45c0-b0d2-c5ba43d86628@group-C29775A8E805, cid=3148, SUCCESS, logIndex=5426, commits[d5132e6f-def8-45c0-b0d2-c5ba43d86628:c5427]
2019-06-13 22:27:00,044 INFO  client.GrpcClientProtocolClient (GrpcClientProtocolClient.java:onNext(254)) - client-43E682E1E07B->d5132e6f-def8-45c0-b0d2-c5ba43d86628: receive RaftClientReply:client-43E682E1E07B->d5132e6f-def8-45c0-b0d2-c5ba43d86628@group-C29775A8E805, cid=3149, SUCCESS, logIndex=5428, commits[d5132e6f-def8-45c0-b0d2-c5ba43d86628:c5428]
2019-06-13 22:27:00,045 DEBUG block.SCMBlockDeletingService (SCMBlockDeletingService.java:call(138)) - Running DeletedBlockTransactionScanner
2019-06-13 22:27:00,045 DEBUG block.SCMBlockDeletingService (SCMBlockDeletingService.java:call(155)) - Scanned deleted blocks log and got 0 delTX to process.
2019-06-13 22:27:00,046 INFO  client.GrpcClientProtocolClient (GrpcClientProtocolClient.java:onNext(254)) - client-43E682E1E07B->d5132e6f-def8-45c0-b0d2-c5ba43d86628: receive RaftClientReply:client-43E682E1E07B->d5132e6f-def8-45c0-b0d2-c5ba43d86628@group-C29775A8E805, cid=3150, SUCCESS, logIndex=5430, commits[d5132e6f-def8-45c0-b0d2-c5ba43d86628:c5430]
2019-06-13 22:27:00,047 INFO  client.GrpcClientProtocolClient (GrpcClientProtocolClient.java:onNext(254)) - client-43E682E1E07B->d5132e6f-def8-45c0-b0d2-c5ba43d86628: receive RaftClientReply:client-43E682E1E07B->d5132e6f-def8-45c0-b0d2-c5ba43d86628@group-C29775A8E805, cid=3151, SUCCESS, logIndex=5431, commits[d5132e6f-def8-45c0-b0d2-c5ba43d86628:c5433]
2019-06-13 22:27:00,047 INFO  client.GrpcClientProtocolClient (GrpcClientProtocolClient.java:onNext(254)) - client-43E682E1E07B->d5132e6f-def8-45c0-b0d2-c5ba43d86628: receive RaftClientReply:client-43E682E1E07B->d5132e6f-def8-45c0-b0d2-c5ba43d86628@group-C29775A8E805, cid=3152, SUCCESS, logIndex=5432, commits[d5132e6f-def8-45c0-b0d2-c5ba43d86628:c5433]
2019-06-13 22:27:00,059 INFO  client.GrpcClientProtocolClient (GrpcClientProtocolClient.java:onNext(254)) - client-43E682E1E07B->d5132e6f-def8-45c0-b0d2-c5ba43d86628: receive RaftClientReply:client-43E682E1E07B->d5132e6f-def8-45c0-b0d2-c5ba43d86628@group-C29775A8E805, cid=3153, SUCCESS, logIndex=5434, commits[d5132e6f-def8-45c0-b0d2-c5ba43d86628:c5434]
2019-06-13 22:27:00,061 INFO  client.GrpcClientProtocolClient (GrpcClientProtocolClient.java:onNext(254)) - client-43E682E1E07B->d5132e6f-def8-45c0-b0d2-c5ba43d86628: receive RaftClientReply:client-43E682E1E07B->d5132e6f-def8-45c0-b0d2-c5ba43d86628@group-C29775A8E805, cid=3154, SUCCESS, logIndex=5436, commits[d5132e6f-def8-45c0-b0d2-c5ba43d86628:c5436]
2019-06-13 22:27:00,062 INFO  client.GrpcClientProtocolClient (GrpcClientProtocolClient.java:onNext(254)) - client-43E682E1E07B->d5132e6f-def8-45c0-b0d2-c5ba43d86628: receive RaftClientReply:client-43E682E1E07B->d5132e6f-def8-45c0-b0d2-c5ba43d86628@group-C29775A8E805, cid=3155, SUCCESS, logIndex=5437, commits[d5132e6f-def8-45c0-b0d2-c5ba43d86628:c5439]
2019-06-13 22:27:00,062 INFO  client.GrpcClientProtocolClient (GrpcClientProtocolClient.java:onNext(254)) - client-43E682E1E07B->d5132e6f-def8-45c0-b0d2-c5ba43d86628: receive RaftClientReply:client-43E682E1E07B->d5132e6f-def8-45c0-b0d2-c5ba43d86628@group-C29775A8E805, cid=3156, SUCCESS, logIndex=5438, commits[d5132e6f-def8-45c0-b0d2-c5ba43d86628:c5439]
2019-06-13 22:27:00,067 INFO  client.GrpcClientProtocolClient (GrpcClientProtocolClient.java:onNext(254)) - client-43E682E1E07B->d5132e6f-def8-45c0-b0d2-c5ba43d86628: receive RaftClientReply:client-43E682E1E07B->d5132e6f-def8-45c0-b0d2-c5ba43d86628@group-C29775A8E805, cid=3157, SUCCESS, logIndex=5440, commits[d5132e6f-def8-45c0-b0d2-c5ba43d86628:c5440]
2019-06-13 22:27:00,069 INFO  client.GrpcClientProtocolClient (GrpcClientProtocolClient.java:onNext(254)) - client-43E682E1E07B->d5132e6f-def8-45c0-b0d2-c5ba43d86628: receive RaftClientReply:client-43E682E1E07B->d5132e6f-def8-45c0-b0d2-c5ba43d86628@group-C29775A8E805, cid=3158, SUCCESS, logIndex=5442, commits[d5132e6f-def8-45c0-b0d2-c5ba43d86628:c5442]
2019-06-13 22:27:00,070 INFO  client.GrpcClientProtocolClient (GrpcClientProtocolClient.java:onNext(254)) - client-43E682E1E07B->d5132e6f-def8-45c0-b0d2-c5ba43d86628: receive RaftClientReply:client-43E682E1E07B->d5132e6f-def8-45c0-b0d2-c5ba43d86628@group-C29775A8E805, cid=3159, SUCCESS, logIndex=5443, commits[d5132e6f-def8-45c0-b0d2-c5ba43d86628:c5443]
2019-06-13 22:27:00,070 INFO  client.GrpcClientProtocolClient (GrpcClientProtocolClient.java:onNext(254)) - client-43E682E1E07B->d5132e6f-def8-45c0-b0d2-c5ba43d86628: receive RaftClientReply:client-43E682E1E07B->d5132e6f-def8-45c0-b0d2-c5ba43d86628@group-C29775A8E805, cid=3160, SUCCESS, logIndex=5445, commits[d5132e6f-def8-45c0-b0d2-c5ba43d86628:c5445]
2019-06-13 22:27:00,082 INFO  client.GrpcClientProtocolClient (GrpcClientProtocolClient.java:onNext(254)) - client-43E682E1E07B->d5132e6f-def8-45c0-b0d2-c5ba43d86628: receive RaftClientReply:client-43E682E1E07B->d5132e6f-def8-45c0-b0d2-c5ba43d86628@group-C29775A8E805, cid=3161, SUCCESS, logIndex=5448, commits[d5132e6f-def8-45c0-b0d2-c5ba43d86628:c5448]
2019-06-13 22:27:00,082 INFO  storage.RaftLogWorker (RaftLogWorker.java:rollLogSegment(303)) - d5132e6f-def8-45c0-b0d2-c5ba43d86628-RaftLogWorker: Rolling segment log-5381_5450 to index:5450
2019-06-13 22:27:00,083 INFO  storage.RaftLogWorker (RaftLogWorker.java:execute(433)) - d5132e6f-def8-45c0-b0d2-c5ba43d86628-RaftLogWorker: Rolled log segment from /opt/src/hadoop-ozone/integration-test/target/test-dir/MiniOzoneClusterImpl-e9ea07bb-4900-4b53-96c1-68f0ab556a80/datanode-0/data/ratis/c7035dd3-cd4a-42fb-880d-c29775a8e805/current/log_inprogress_5381 to /opt/src/hadoop-ozone/integration-test/target/test-dir/MiniOzoneClusterImpl-e9ea07bb-4900-4b53-96c1-68f0ab556a80/datanode-0/data/ratis/c7035dd3-cd4a-42fb-880d-c29775a8e805/current/log_5381-5450
2019-06-13 22:27:00,086 INFO  client.GrpcClientProtocolClient (GrpcClientProtocolClient.java:onNext(254)) - client-43E682E1E07B->d5132e6f-def8-45c0-b0d2-c5ba43d86628: receive RaftClientReply:client-43E682E1E07B->d5132e6f-def8-45c0-b0d2-c5ba43d86628@group-C29775A8E805, cid=3162, SUCCESS, logIndex=5450, commits[d5132e6f-def8-45c0-b0d2-c5ba43d86628:c5450]
2019-06-13 22:27:00,119 INFO  storage.RaftLogWorker (RaftLogWorker.java:execute(469)) - d5132e6f-def8-45c0-b0d2-c5ba43d86628-RaftLogWorker: created new log segment /opt/src/hadoop-ozone/integration-test/target/test-dir/MiniOzoneClusterImpl-e9ea07bb-4900-4b53-96c1-68f0ab556a80/datanode-0/data/ratis/c7035dd3-cd4a-42fb-880d-c29775a8e805/current/log_inprogress_5451
2019-06-13 22:27:00,120 INFO  client.GrpcClientProtocolClient (GrpcClientProtocolClient.java:onNext(254)) - client-43E682E1E07B->d5132e6f-def8-45c0-b0d2-c5ba43d86628: receive RaftClientReply:client-43E682E1E07B->d5132e6f-def8-45c0-b0d2-c5ba43d86628@group-C29775A8E805, cid=3163, SUCCESS, logIndex=5451, commits[d5132e6f-def8-45c0-b0d2-c5ba43d86628:c5453]
2019-06-13 22:27:00,121 INFO  client.GrpcClientProtocolClient (GrpcClientProtocolClient.java:onNext(254)) - client-43E682E1E07B->d5132e6f-def8-45c0-b0d2-c5ba43d86628: receive RaftClientReply:client-43E682E1E07B->d5132e6f-def8-45c0-b0d2-c5ba43d86628@group-C29775A8E805, cid=3164, SUCCESS, logIndex=5452, commits[d5132e6f-def8-45c0-b0d2-c5ba43d86628:c5453]
2019-06-13 22:27:00,127 INFO  client.GrpcClientProtocolClient (GrpcClientProtocolClient.java:onNext(254)) - client-43E682E1E07B->d5132e6f-def8-45c0-b0d2-c5ba43d86628: receive RaftClientReply:client-43E682E1E07B->d5132e6f-def8-45c0-b0d2-c5ba43d86628@group-C29775A8E805, cid=3165, SUCCESS, logIndex=5454, commits[d5132e6f-def8-45c0-b0d2-c5ba43d86628:c5454]
2019-06-13 22:27:00,130 INFO  client.GrpcClientProtocolClient (GrpcClientProtocolClient.java:onNext(254)) - client-43E682E1E07B->d5132e6f-def8-45c0-b0d2-c5ba43d86628: receive RaftClientReply:client-43E682E1E07B->d5132e6f-def8-45c0-b0d2-c5ba43d86628@group-C29775A8E805, cid=3166, SUCCESS, logIndex=5456, commits[d5132e6f-def8-45c0-b0d2-c5ba43d86628:c5458]
2019-06-13 22:27:00,130 INFO  client.GrpcClientProtocolClient (GrpcClientProtocolClient.java:onNext(254)) - client-43E682E1E07B->d5132e6f-def8-45c0-b0d2-c5ba43d86628: receive RaftClientReply:client-43E682E1E07B->d5132e6f-def8-45c0-b0d2-c5ba43d86628@group-C29775A8E805, cid=3167, SUCCESS, logIndex=5457, commits[d5132e6f-def8-45c0-b0d2-c5ba43d86628:c5459]
2019-06-13 22:27:00,131 INFO  client.GrpcClientProtocolClient (GrpcClientProtocolClient.java:onNext(254)) - client-43E682E1E07B->d5132e6f-def8-45c0-b0d2-c5ba43d86628: receive RaftClientReply:client-43E682E1E07B->d5132e6f-def8-45c0-b0d2-c5ba43d86628@group-C29775A8E805, cid=3168, SUCCESS, logIndex=5458, commits[d5132e6f-def8-45c0-b0d2-c5ba43d86628:c5459]
2019-06-13 22:27:00,144 INFO  client.GrpcClientProtocolClient (GrpcClientProtocolClient.java:onNext(254)) - client-43E682E1E07B->d5132e6f-def8-45c0-b0d2-c5ba43d86628: receive RaftClientReply:client-43E682E1E07B->d5132e6f-def8-45c0-b0d2-c5ba43d86628@group-C29775A8E805, cid=3169, SUCCESS, logIndex=5460, commits[d5132e6f-def8-45c0-b0d2-c5ba43d86628:c5461]
2019-06-13 22:27:00,145 INFO  client.GrpcClientProtocolClient (GrpcClientProtocolClient.java:onNext(254)) - client-43E682E1E07B->d5132e6f-def8-45c0-b0d2-c5ba43d86628: receive RaftClientReply:client-43E682E1E07B->d5132e6f-def8-45c0-b0d2-c5ba43d86628@group-C29775A8E805, cid=3170, SUCCESS, logIndex=5462, commits[d5132e6f-def8-45c0-b0d2-c5ba43d86628:c5462]
2019-06-13 22:27:00,146 DEBUG block.SCMBlockDeletingService (SCMBlockDeletingService.java:call(138)) - Running DeletedBlockTransactionScanner
2019-06-13 22:27:00,146 DEBUG block.SCMBlockDeletingService (SCMBlockDeletingService.java:call(155)) - Scanned deleted blocks log and got 0 delTX to process.
2019-06-13 22:27:00,147 INFO  client.GrpcClientProtocolClient (GrpcClientProtocolClient.java:onNext(254)) - client-43E682E1E07B->d5132e6f-def8-45c0-b0d2-c5ba43d86628: receive RaftClientReply:client-43E682E1E07B->d5132e6f-def8-45c0-b0d2-c5ba43d86628@group-C29775A8E805, cid=3171, SUCCESS, logIndex=5463, commits[d5132e6f-def8-45c0-b0d2-c5ba43d86628:c5465]
2019-06-13 22:27:00,147 INFO  client.GrpcClientProtocolClient (GrpcClientProtocolClient.java:onNext(254)) - client-43E682E1E07B->d5132e6f-def8-45c0-b0d2-c5ba43d86628: receive RaftClientReply:client-43E682E1E07B->d5132e6f-def8-45c0-b0d2-c5ba43d86628@group-C29775A8E805, cid=3172, SUCCESS, logIndex=5464, commits[d5132e6f-def8-45c0-b0d2-c5ba43d86628:c5465]
2019-06-13 22:27:00,155 INFO  client.GrpcClientProtocolClient (GrpcClientProtocolClient.java:onNext(254)) - client-43E682E1E07B->d5132e6f-def8-45c0-b0d2-c5ba43d86628: receive RaftClientReply:client-43E682E1E07B->d5132e6f-def8-45c0-b0d2-c5ba43d86628@group-C29775A8E805, cid=3173, SUCCESS, logIndex=5466, commits[d5132e6f-def8-45c0-b0d2-c5ba43d86628:c5466]
2019-06-13 22:27:00,157 INFO  client.GrpcClientProtocolClient (GrpcClientProtocolClient.java:onNext(254)) - client-43E682E1E07B->d5132e6f-def8-45c0-b0d2-c5ba43d86628: receive RaftClientReply:client-43E682E1E07B->d5132e6f-def8-45c0-b0d2-c5ba43d86628@group-C29775A8E805, cid=3174, SUCCESS, logIndex=5468, commits[d5132e6f-def8-45c0-b0d2-c5ba43d86628:c5468]
2019-06-13 22:27:00,158 INFO  client.GrpcClientProtocolClient (GrpcClientProtocolClient.java:onNext(254)) - client-43E682E1E07B->d5132e6f-def8-45c0-b0d2-c5ba43d86628: receive RaftClientReply:client-43E682E1E07B->d5132e6f-def8-45c0-b0d2-c5ba43d86628@group-C29775A8E805, cid=3175, SUCCESS, logIndex=5469, commits[d5132e6f-def8-45c0-b0d2-c5ba43d86628:c5470]
2019-06-13 22:27:00,158 INFO  client.GrpcClientProtocolClient (GrpcClientProtocolClient.java:onNext(254)) - client-43E682E1E07B->d5132e6f-def8-45c0-b0d2-c5ba43d86628: receive RaftClientReply:client-43E682E1E07B->d5132e6f-def8-45c0-b0d2-c5ba43d86628@group-C29775A8E805, cid=3176, SUCCESS, logIndex=5470, commits[d5132e6f-def8-45c0-b0d2-c5ba43d86628:c5470]
2019-06-13 22:27:00,169 INFO  client.GrpcClientProtocolClient (GrpcClientProtocolClient.java:onNext(254)) - client-43E682E1E07B->d5132e6f-def8-45c0-b0d2-c5ba43d86628: receive RaftClientReply:client-43E682E1E07B->d5132e6f-def8-45c0-b0d2-c5ba43d86628@group-C29775A8E805, cid=3177, SUCCESS, logIndex=5473, commits[d5132e6f-def8-45c0-b0d2-c5ba43d86628:c5473]
2019-06-13 22:27:00,172 INFO  client.GrpcClientProtocolClient (GrpcClientProtocolClient.java:onNext(254)) - client-43E682E1E07B->d5132e6f-def8-45c0-b0d2-c5ba43d86628: receive RaftClientReply:client-43E682E1E07B->d5132e6f-def8-45c0-b0d2-c5ba43d86628@group-C29775A8E805, cid=3178, SUCCESS, logIndex=5475, commits[d5132e6f-def8-45c0-b0d2-c5ba43d86628:c5475]
2019-06-13 22:27:00,172 INFO  client.GrpcClientProtocolClient (GrpcClientProtocolClient.java:onNext(254)) - client-43E682E1E07B->d5132e6f-def8-45c0-b0d2-c5ba43d86628: receive RaftClientReply:client-43E682E1E07B->d5132e6f-def8-45c0-b0d2-c5ba43d86628@group-C29775A8E805, cid=3179, SUCCESS, logIndex=5476, commits[d5132e6f-def8-45c0-b0d2-c5ba43d86628:c5476]
2019-06-13 22:27:00,173 INFO  client.GrpcClientProtocolClient (GrpcClientProtocolClient.java:onNext(254)) - client-43E682E1E07B->d5132e6f-def8-45c0-b0d2-c5ba43d86628: receive RaftClientReply:client-43E682E1E07B->d5132e6f-def8-45c0-b0d2-c5ba43d86628@group-C29775A8E805, cid=3180, SUCCESS, logIndex=5478, commits[d5132e6f-def8-45c0-b0d2-c5ba43d86628:c5478]
2019-06-13 22:27:00,181 INFO  client.GrpcClientProtocolClient (GrpcClientProtocolClient.java:onNext(254)) - client-43E682E1E07B->d5132e6f-def8-45c0-b0d2-c5ba43d86628: receive RaftClientReply:client-43E682E1E07B->d5132e6f-def8-45c0-b0d2-c5ba43d86628@group-C29775A8E805, cid=3181, SUCCESS, logIndex=5481, commits[d5132e6f-def8-45c0-b0d2-c5ba43d86628:c5481]
2019-06-13 22:27:00,182 INFO  client.GrpcClientProtocolClient (GrpcClientProtocolClient.java:onNext(254)) - client-43E682E1E07B->d5132e6f-def8-45c0-b0d2-c5ba43d86628: receive RaftClientReply:client-43E682E1E07B->d5132e6f-def8-45c0-b0d2-c5ba43d86628@group-C29775A8E805, cid=3182, SUCCESS, logIndex=5483, commits[d5132e6f-def8-45c0-b0d2-c5ba43d86628:c5483]
2019-06-13 22:27:00,487 DEBUG block.SCMBlockDeletingService (SCMBlockDeletingService.java:call(138)) - Running DeletedBlockTransactionScanner
2019-06-13 22:27:00,487 DEBUG block.SCMBlockDeletingService (SCMBlockDeletingService.java:call(155)) - Scanned deleted blocks log and got 0 delTX to process.
2019-06-13 22:27:00,497 INFO  client.GrpcClientProtocolClient (GrpcClientProtocolClient.java:onNext(254)) - client-43E682E1E07B->d5132e6f-def8-45c0-b0d2-c5ba43d86628: receive RaftClientReply:client-43E682E1E07B->d5132e6f-def8-45c0-b0d2-c5ba43d86628@group-C29775A8E805, cid=3183, SUCCESS, logIndex=5485, commits[d5132e6f-def8-45c0-b0d2-c5ba43d86628:c5486]
2019-06-13 22:27:00,498 INFO  client.GrpcClientProtocolClient (GrpcClientProtocolClient.java:onNext(254)) - client-43E682E1E07B->d5132e6f-def8-45c0-b0d2-c5ba43d86628: receive RaftClientReply:client-43E682E1E07B->d5132e6f-def8-45c0-b0d2-c5ba43d86628@group-C29775A8E805, cid=3184, SUCCESS, logIndex=5487, commits[d5132e6f-def8-45c0-b0d2-c5ba43d86628:c5487]
2019-06-13 22:27:00,509 INFO  client.GrpcClientProtocolClient (GrpcClientProtocolClient.java:onNext(254)) - client-43E682E1E07B->d5132e6f-def8-45c0-b0d2-c5ba43d86628: receive RaftClientReply:client-43E682E1E07B->d5132e6f-def8-45c0-b0d2-c5ba43d86628@group-C29775A8E805, cid=3185, SUCCESS, logIndex=5489, commits[d5132e6f-def8-45c0-b0d2-c5ba43d86628:c5490]
2019-06-13 22:27:00,512 INFO  client.GrpcClientProtocolClient (GrpcClientProtocolClient.java:onNext(254)) - client-43E682E1E07B->d5132e6f-def8-45c0-b0d2-c5ba43d86628: receive RaftClientReply:client-43E682E1E07B->d5132e6f-def8-45c0-b0d2-c5ba43d86628@group-C29775A8E805, cid=3186, SUCCESS, logIndex=5491, commits[d5132e6f-def8-45c0-b0d2-c5ba43d86628:c5491]
2019-06-13 22:27:00,512 INFO  client.GrpcClientProtocolClient (GrpcClientProtocolClient.java:onNext(254)) - client-43E682E1E07B->d5132e6f-def8-45c0-b0d2-c5ba43d86628: receive RaftClientReply:client-43E682E1E07B->d5132e6f-def8-45c0-b0d2-c5ba43d86628@group-C29775A8E805, cid=3187, SUCCESS, logIndex=5492, commits[d5132e6f-def8-45c0-b0d2-c5ba43d86628:c5492]
2019-06-13 22:27:00,512 INFO  client.GrpcClientProtocolClient (GrpcClientProtocolClient.java:onNext(254)) - client-43E682E1E07B->d5132e6f-def8-45c0-b0d2-c5ba43d86628: receive RaftClientReply:client-43E682E1E07B->d5132e6f-def8-45c0-b0d2-c5ba43d86628@group-C29775A8E805, cid=3188, SUCCESS, logIndex=5494, commits[d5132e6f-def8-45c0-b0d2-c5ba43d86628:c5494]
2019-06-13 22:27:00,518 INFO  client.GrpcClientProtocolClient (GrpcClientProtocolClient.java:onNext(254)) - client-43E682E1E07B->d5132e6f-def8-45c0-b0d2-c5ba43d86628: receive RaftClientReply:client-43E682E1E07B->d5132e6f-def8-45c0-b0d2-c5ba43d86628@group-C29775A8E805, cid=3189, SUCCESS, logIndex=5497, commits[d5132e6f-def8-45c0-b0d2-c5ba43d86628:c5497]
2019-06-13 22:27:00,519 INFO  client.GrpcClientProtocolClient (GrpcClientProtocolClient.java:onNext(254)) - client-43E682E1E07B->d5132e6f-def8-45c0-b0d2-c5ba43d86628: receive RaftClientReply:client-43E682E1E07B->d5132e6f-def8-45c0-b0d2-c5ba43d86628@group-C29775A8E805, cid=3190, SUCCESS, logIndex=5499, commits[d5132e6f-def8-45c0-b0d2-c5ba43d86628:c5499]
2019-06-13 22:27:00,520 INFO  client.GrpcClientProtocolClient (GrpcClientProtocolClient.java:onNext(254)) - client-43E682E1E07B->d5132e6f-def8-45c0-b0d2-c5ba43d86628: receive RaftClientReply:client-43E682E1E07B->d5132e6f-def8-45c0-b0d2-c5ba43d86628@group-C29775A8E805, cid=3191, SUCCESS, logIndex=5500, commits[d5132e6f-def8-45c0-b0d2-c5ba43d86628:c5502]
2019-06-13 22:27:00,520 INFO  client.GrpcClientProtocolClient (GrpcClientProtocolClient.java:onNext(254)) - client-43E682E1E07B->d5132e6f-def8-45c0-b0d2-c5ba43d86628: receive RaftClientReply:client-43E682E1E07B->d5132e6f-def8-45c0-b0d2-c5ba43d86628@group-C29775A8E805, cid=3192, SUCCESS, logIndex=5501, commits[d5132e6f-def8-45c0-b0d2-c5ba43d86628:c5502]
2019-06-13 22:27:00,532 INFO  client.GrpcClientProtocolClient (GrpcClientProtocolClient.java:onNext(254)) - client-43E682E1E07B->d5132e6f-def8-45c0-b0d2-c5ba43d86628: receive RaftClientReply:client-43E682E1E07B->d5132e6f-def8-45c0-b0d2-c5ba43d86628@group-C29775A8E805, cid=3193, SUCCESS, logIndex=5503, commits[d5132e6f-def8-45c0-b0d2-c5ba43d86628:c5503]
2019-06-13 22:27:00,533 INFO  client.GrpcClientProtocolClient (GrpcClientProtocolClient.java:onNext(254)) - client-43E682E1E07B->d5132e6f-def8-45c0-b0d2-c5ba43d86628: receive RaftClientReply:client-43E682E1E07B->d5132e6f-def8-45c0-b0d2-c5ba43d86628@group-C29775A8E805, cid=3194, SUCCESS, logIndex=5505, commits[d5132e6f-def8-45c0-b0d2-c5ba43d86628:c5505]
2019-06-13 22:27:00,535 INFO  client.GrpcClientProtocolClient (GrpcClientProtocolClient.java:onNext(254)) - client-43E682E1E07B->d5132e6f-def8-45c0-b0d2-c5ba43d86628: receive RaftClientReply:client-43E682E1E07B->d5132e6f-def8-45c0-b0d2-c5ba43d86628@group-C29775A8E805, cid=3195, SUCCESS, logIndex=5506, commits[d5132e6f-def8-45c0-b0d2-c5ba43d86628:c5508]
2019-06-13 22:27:00,538 INFO  client.GrpcClientProtocolClient (GrpcClientProtocolClient.java:onNext(254)) - client-43E682E1E07B->d5132e6f-def8-45c0-b0d2-c5ba43d86628: receive RaftClientReply:client-43E682E1E07B->d5132e6f-def8-45c0-b0d2-c5ba43d86628@group-C29775A8E805, cid=3196, SUCCESS, logIndex=5507, commits[d5132e6f-def8-45c0-b0d2-c5ba43d86628:c5508]
2019-06-13 22:27:00,544 INFO  client.GrpcClientProtocolClient (GrpcClientProtocolClient.java:onNext(254)) - client-43E682E1E07B->d5132e6f-def8-45c0-b0d2-c5ba43d86628: receive RaftClientReply:client-43E682E1E07B->d5132e6f-def8-45c0-b0d2-c5ba43d86628@group-C29775A8E805, cid=3197, SUCCESS, logIndex=5509, commits[d5132e6f-def8-45c0-b0d2-c5ba43d86628:c5509]
2019-06-13 22:27:00,546 INFO  client.GrpcClientProtocolClient (GrpcClientProtocolClient.java:onNext(254)) - client-43E682E1E07B->d5132e6f-def8-45c0-b0d2-c5ba43d86628: receive RaftClientReply:client-43E682E1E07B->d5132e6f-def8-45c0-b0d2-c5ba43d86628@group-C29775A8E805, cid=3198, SUCCESS, logIndex=5511, commits[d5132e6f-def8-45c0-b0d2-c5ba43d86628:c5511]
2019-06-13 22:27:00,547 INFO  client.GrpcClientProtocolClient (GrpcClientProtocolClient.java:onNext(254)) - client-43E682E1E07B->d5132e6f-def8-45c0-b0d2-c5ba43d86628: receive RaftClientReply:client-43E682E1E07B->d5132e6f-def8-45c0-b0d2-c5ba43d86628@group-C29775A8E805, cid=3199, SUCCESS, logIndex=5512, commits[d5132e6f-def8-45c0-b0d2-c5ba43d86628:c5513]
2019-06-13 22:27:00,547 INFO  client.GrpcClientProtocolClient (GrpcClientProtocolClient.java:onNext(254)) - client-43E682E1E07B->d5132e6f-def8-45c0-b0d2-c5ba43d86628: receive RaftClientReply:client-43E682E1E07B->d5132e6f-def8-45c0-b0d2-c5ba43d86628@group-C29775A8E805, cid=3200, SUCCESS, logIndex=5513, commits[d5132e6f-def8-45c0-b0d2-c5ba43d86628:c5514]
2019-06-13 22:27:00,562 INFO  client.GrpcClientProtocolClient (GrpcClientProtocolClient.java:onNext(254)) - client-43E682E1E07B->d5132e6f-def8-45c0-b0d2-c5ba43d86628: receive RaftClientReply:client-43E682E1E07B->d5132e6f-def8-45c0-b0d2-c5ba43d86628@group-C29775A8E805, cid=3201, SUCCESS, logIndex=5516, commits[d5132e6f-def8-45c0-b0d2-c5ba43d86628:c5517]
2019-06-13 22:27:00,564 INFO  client.GrpcClientProtocolClient (GrpcClientProtocolClient.java:onNext(254)) - client-43E682E1E07B->d5132e6f-def8-45c0-b0d2-c5ba43d86628: receive RaftClientReply:client-43E682E1E07B->d5132e6f-def8-45c0-b0d2-c5ba43d86628@group-C29775A8E805, cid=3202, SUCCESS, logIndex=5518, commits[d5132e6f-def8-45c0-b0d2-c5ba43d86628:c5518]
2019-06-13 22:27:00,565 INFO  client.GrpcClientProtocolClient (GrpcClientProtocolClient.java:onNext(254)) - client-43E682E1E07B->d5132e6f-def8-45c0-b0d2-c5ba43d86628: receive RaftClientReply:client-43E682E1E07B->d5132e6f-def8-45c0-b0d2-c5ba43d86628@group-C29775A8E805, cid=3203, SUCCESS, logIndex=5519, commits[d5132e6f-def8-45c0-b0d2-c5ba43d86628:c5520]
2019-06-13 22:27:00,565 INFO  client.GrpcClientProtocolClient (GrpcClientProtocolClient.java:onNext(254)) - client-43E682E1E07B->d5132e6f-def8-45c0-b0d2-c5ba43d86628: receive RaftClientReply:client-43E682E1E07B->d5132e6f-def8-45c0-b0d2-c5ba43d86628@group-C29775A8E805, cid=3204, SUCCESS, logIndex=5521, commits[d5132e6f-def8-45c0-b0d2-c5ba43d86628:c5521]
2019-06-13 22:27:00,573 INFO  client.GrpcClientProtocolClient (GrpcClientProtocolClient.java:onNext(254)) - client-43E682E1E07B->d5132e6f-def8-45c0-b0d2-c5ba43d86628: receive RaftClientReply:client-43E682E1E07B->d5132e6f-def8-45c0-b0d2-c5ba43d86628@group-C29775A8E805, cid=3205, SUCCESS, logIndex=5523, commits[d5132e6f-def8-45c0-b0d2-c5ba43d86628:c5523]
2019-06-13 22:27:00,573 INFO  storage.RaftLogWorker (RaftLogWorker.java:rollLogSegment(303)) - d5132e6f-def8-45c0-b0d2-c5ba43d86628-RaftLogWorker: Rolling segment log-5451_5524 to index:5524
2019-06-13 22:27:00,574 INFO  storage.RaftLogWorker (RaftLogWorker.java:execute(433)) - d5132e6f-def8-45c0-b0d2-c5ba43d86628-RaftLogWorker: Rolled log segment from /opt/src/hadoop-ozone/integration-test/target/test-dir/MiniOzoneClusterImpl-e9ea07bb-4900-4b53-96c1-68f0ab556a80/datanode-0/data/ratis/c7035dd3-cd4a-42fb-880d-c29775a8e805/current/log_inprogress_5451 to /opt/src/hadoop-ozone/integration-test/target/test-dir/MiniOzoneClusterImpl-e9ea07bb-4900-4b53-96c1-68f0ab556a80/datanode-0/data/ratis/c7035dd3-cd4a-42fb-880d-c29775a8e805/current/log_5451-5524
2019-06-13 22:27:00,587 DEBUG block.SCMBlockDeletingService (SCMBlockDeletingService.java:call(138)) - Running DeletedBlockTransactionScanner
2019-06-13 22:27:00,588 DEBUG block.SCMBlockDeletingService (SCMBlockDeletingService.java:call(155)) - Scanned deleted blocks log and got 0 delTX to process.
2019-06-13 22:27:00,618 INFO  storage.RaftLogWorker (RaftLogWorker.java:execute(469)) - d5132e6f-def8-45c0-b0d2-c5ba43d86628-RaftLogWorker: created new log segment /opt/src/hadoop-ozone/integration-test/target/test-dir/MiniOzoneClusterImpl-e9ea07bb-4900-4b53-96c1-68f0ab556a80/datanode-0/data/ratis/c7035dd3-cd4a-42fb-880d-c29775a8e805/current/log_inprogress_5525
2019-06-13 22:27:00,620 INFO  client.GrpcClientProtocolClient (GrpcClientProtocolClient.java:onNext(254)) - client-43E682E1E07B->d5132e6f-def8-45c0-b0d2-c5ba43d86628: receive RaftClientReply:client-43E682E1E07B->d5132e6f-def8-45c0-b0d2-c5ba43d86628@group-C29775A8E805, cid=3206, SUCCESS, logIndex=5525, commits[d5132e6f-def8-45c0-b0d2-c5ba43d86628:c5527]
2019-06-13 22:27:00,621 INFO  client.GrpcClientProtocolClient (GrpcClientProtocolClient.java:onNext(254)) - client-43E682E1E07B->d5132e6f-def8-45c0-b0d2-c5ba43d86628: receive RaftClientReply:client-43E682E1E07B->d5132e6f-def8-45c0-b0d2-c5ba43d86628@group-C29775A8E805, cid=3207, SUCCESS, logIndex=5526, commits[d5132e6f-def8-45c0-b0d2-c5ba43d86628:c5527]
2019-06-13 22:27:00,621 INFO  client.GrpcClientProtocolClient (GrpcClientProtocolClient.java:onNext(254)) - client-43E682E1E07B->d5132e6f-def8-45c0-b0d2-c5ba43d86628: receive RaftClientReply:client-43E682E1E07B->d5132e6f-def8-45c0-b0d2-c5ba43d86628@group-C29775A8E805, cid=3208, SUCCESS, logIndex=5527, commits[d5132e6f-def8-45c0-b0d2-c5ba43d86628:c5527]
2019-06-13 22:27:00,635 INFO  client.GrpcClientProtocolClient (GrpcClientProtocolClient.java:onNext(254)) - client-43E682E1E07B->d5132e6f-def8-45c0-b0d2-c5ba43d86628: receive RaftClientReply:client-43E682E1E07B->d5132e6f-def8-45c0-b0d2-c5ba43d86628@group-C29775A8E805, cid=3209, SUCCESS, logIndex=5529, commits[d5132e6f-def8-45c0-b0d2-c5ba43d86628:c5529]
2019-06-13 22:27:00,637 INFO  client.GrpcClientProtocolClient (GrpcClientProtocolClient.java:onNext(254)) - client-43E682E1E07B->d5132e6f-def8-45c0-b0d2-c5ba43d86628: receive RaftClientReply:client-43E682E1E07B->d5132e6f-def8-45c0-b0d2-c5ba43d86628@group-C29775A8E805, cid=3210, SUCCESS, logIndex=5531, commits[d5132e6f-def8-45c0-b0d2-c5ba43d86628:c5531]
2019-06-13 22:27:00,638 INFO  client.GrpcClientProtocolClient (GrpcClientProtocolClient.java:onNext(254)) - client-43E682E1E07B->d5132e6f-def8-45c0-b0d2-c5ba43d86628: receive RaftClientReply:client-43E682E1E07B->d5132e6f-def8-45c0-b0d2-c5ba43d86628@group-C29775A8E805, cid=3211, SUCCESS, logIndex=5532, commits[d5132e6f-def8-45c0-b0d2-c5ba43d86628:c5534]
2019-06-13 22:27:00,638 INFO  client.GrpcClientProtocolClient (GrpcClientProtocolClient.java:onNext(254)) - client-43E682E1E07B->d5132e6f-def8-45c0-b0d2-c5ba43d86628: receive RaftClientReply:client-43E682E1E07B->d5132e6f-def8-45c0-b0d2-c5ba43d86628@group-C29775A8E805, cid=3212, SUCCESS, logIndex=5533, commits[d5132e6f-def8-45c0-b0d2-c5ba43d86628:c5534]
2019-06-13 22:27:00,644 INFO  client.GrpcClientProtocolClient (GrpcClientProtocolClient.java:onNext(254)) - client-43E682E1E07B->d5132e6f-def8-45c0-b0d2-c5ba43d86628: receive RaftClientReply:client-43E682E1E07B->d5132e6f-def8-45c0-b0d2-c5ba43d86628@group-C29775A8E805, cid=3213, SUCCESS, logIndex=5535, commits[d5132e6f-def8-45c0-b0d2-c5ba43d86628:c5535]
2019-06-13 22:27:00,646 INFO  client.GrpcClientProtocolClient (GrpcClientProtocolClient.java:onNext(254)) - client-43E682E1E07B->d5132e6f-def8-45c0-b0d2-c5ba43d86628: receive RaftClientReply:client-43E682E1E07B->d5132e6f-def8-45c0-b0d2-c5ba43d86628@group-C29775A8E805, cid=3214, SUCCESS, logIndex=5537, commits[d5132e6f-def8-45c0-b0d2-c5ba43d86628:c5537]
2019-06-13 22:27:00,647 INFO  client.GrpcClientProtocolClient (GrpcClientProtocolClient.java:onNext(254)) - client-43E682E1E07B->d5132e6f-def8-45c0-b0d2-c5ba43d86628: receive RaftClientReply:client-43E682E1E07B->d5132e6f-def8-45c0-b0d2-c5ba43d86628@group-C29775A8E805, cid=3215, SUCCESS, logIndex=5538, commits[d5132e6f-def8-45c0-b0d2-c5ba43d86628:c5540]
2019-06-13 22:27:00,647 INFO  client.GrpcClientProtocolClient (GrpcClientProtocolClient.java:onNext(254)) - client-43E682E1E07B->d5132e6f-def8-45c0-b0d2-c5ba43d86628: receive RaftClientReply:client-43E682E1E07B->d5132e6f-def8-45c0-b0d2-c5ba43d86628@group-C29775A8E805, cid=3216, SUCCESS, logIndex=5539, commits[d5132e6f-def8-45c0-b0d2-c5ba43d86628:c5540]
2019-06-13 22:27:00,659 INFO  client.GrpcClientProtocolClient (GrpcClientProtocolClient.java:onNext(254)) - client-43E682E1E07B->d5132e6f-def8-45c0-b0d2-c5ba43d86628: receive RaftClientReply:client-43E682E1E07B->d5132e6f-def8-45c0-b0d2-c5ba43d86628@group-C29775A8E805, cid=3217, SUCCESS, logIndex=5541, commits[d5132e6f-def8-45c0-b0d2-c5ba43d86628:c5541]
2019-06-13 22:27:00,662 INFO  client.GrpcClientProtocolClient (GrpcClientProtocolClient.java:onNext(254)) - client-43E682E1E07B->d5132e6f-def8-45c0-b0d2-c5ba43d86628: receive RaftClientReply:client-43E682E1E07B->d5132e6f-def8-45c0-b0d2-c5ba43d86628@group-C29775A8E805, cid=3218, SUCCESS, logIndex=5543, commits[d5132e6f-def8-45c0-b0d2-c5ba43d86628:c5543]
2019-06-13 22:27:00,663 INFO  client.GrpcClientProtocolClient (GrpcClientProtocolClient.java:onNext(254)) - client-43E682E1E07B->d5132e6f-def8-45c0-b0d2-c5ba43d86628: receive RaftClientReply:client-43E682E1E07B->d5132e6f-def8-45c0-b0d2-c5ba43d86628@group-C29775A8E805, cid=3219, SUCCESS, logIndex=5545, commits[d5132e6f-def8-45c0-b0d2-c5ba43d86628:c5546]
2019-06-13 22:27:00,663 INFO  client.GrpcClientProtocolClient (GrpcClientProtocolClient.java:onNext(254)) - client-43E682E1E07B->d5132e6f-def8-45c0-b0d2-c5ba43d86628: receive RaftClientReply:client-43E682E1E07B->d5132e6f-def8-45c0-b0d2-c5ba43d86628@group-C29775A8E805, cid=3220, SUCCESS, logIndex=5546, commits[d5132e6f-def8-45c0-b0d2-c5ba43d86628:c5547]
2019-06-13 22:27:00,671 INFO  client.GrpcClientProtocolClient (GrpcClientProtocolClient.java:onNext(254)) - client-43E682E1E07B->d5132e6f-def8-45c0-b0d2-c5ba43d86628: receive RaftClientReply:client-43E682E1E07B->d5132e6f-def8-45c0-b0d2-c5ba43d86628@group-C29775A8E805, cid=3221, SUCCESS, logIndex=5548, commits[d5132e6f-def8-45c0-b0d2-c5ba43d86628:c5548]
2019-06-13 22:27:00,673 INFO  client.GrpcClientProtocolClient (GrpcClientProtocolClient.java:onNext(254)) - client-43E682E1E07B->d5132e6f-def8-45c0-b0d2-c5ba43d86628: receive RaftClientReply:client-43E682E1E07B->d5132e6f-def8-45c0-b0d2-c5ba43d86628@group-C29775A8E805, cid=3222, SUCCESS, logIndex=5550, commits[d5132e6f-def8-45c0-b0d2-c5ba43d86628:c5550]
2019-06-13 22:27:00,674 INFO  client.GrpcClientProtocolClient (GrpcClientProtocolClient.java:onNext(254)) - client-43E682E1E07B->d5132e6f-def8-45c0-b0d2-c5ba43d86628: receive RaftClientReply:client-43E682E1E07B->d5132e6f-def8-45c0-b0d2-c5ba43d86628@group-C29775A8E805, cid=3223, SUCCESS, logIndex=5551, commits[d5132e6f-def8-45c0-b0d2-c5ba43d86628:c5552]
2019-06-13 22:27:00,675 INFO  client.GrpcClientProtocolClient (GrpcClientProtocolClient.java:onNext(254)) - client-43E682E1E07B->d5132e6f-def8-45c0-b0d2-c5ba43d86628: receive RaftClientReply:client-43E682E1E07B->d5132e6f-def8-45c0-b0d2-c5ba43d86628@group-C29775A8E805, cid=3224, SUCCESS, logIndex=5552, commits[d5132e6f-def8-45c0-b0d2-c5ba43d86628:c5553]
2019-06-13 22:27:00,688 DEBUG block.SCMBlockDeletingService (SCMBlockDeletingService.java:call(138)) - Running DeletedBlockTransactionScanner
2019-06-13 22:27:00,688 DEBUG block.SCMBlockDeletingService (SCMBlockDeletingService.java:call(155)) - Scanned deleted blocks log and got 0 delTX to process.
2019-06-13 22:27:00,698 INFO  client.GrpcClientProtocolClient (GrpcClientProtocolClient.java:onNext(254)) - client-43E682E1E07B->d5132e6f-def8-45c0-b0d2-c5ba43d86628: receive RaftClientReply:client-43E682E1E07B->d5132e6f-def8-45c0-b0d2-c5ba43d86628@group-C29775A8E805, cid=3225, SUCCESS, logIndex=5555, commits[d5132e6f-def8-45c0-b0d2-c5ba43d86628:c5555]
2019-06-13 22:27:00,700 INFO  client.GrpcClientProtocolClient (GrpcClientProtocolClient.java:onNext(254)) - client-43E682E1E07B->d5132e6f-def8-45c0-b0d2-c5ba43d86628: receive RaftClientReply:client-43E682E1E07B->d5132e6f-def8-45c0-b0d2-c5ba43d86628@group-C29775A8E805, cid=3226, SUCCESS, logIndex=5557, commits[d5132e6f-def8-45c0-b0d2-c5ba43d86628:c5557]
2019-06-13 22:27:00,788 DEBUG block.SCMBlockDeletingService (SCMBlockDeletingService.java:call(138)) - Running DeletedBlockTransactionScanner
2019-06-13 22:27:00,789 DEBUG block.SCMBlockDeletingService (SCMBlockDeletingService.java:call(155)) - Scanned deleted blocks log and got 0 delTX to process.
2019-06-13 22:27:00,789 INFO  client.GrpcClientProtocolClient (GrpcClientProtocolClient.java:onNext(254)) - client-43E682E1E07B->d5132e6f-def8-45c0-b0d2-c5ba43d86628: receive RaftClientReply:client-43E682E1E07B->d5132e6f-def8-45c0-b0d2-c5ba43d86628@group-C29775A8E805, cid=3227, SUCCESS, logIndex=5559, commits[d5132e6f-def8-45c0-b0d2-c5ba43d86628:c5559]
2019-06-13 22:27:00,791 INFO  client.GrpcClientProtocolClient (GrpcClientProtocolClient.java:onNext(254)) - client-43E682E1E07B->d5132e6f-def8-45c0-b0d2-c5ba43d86628: receive RaftClientReply:client-43E682E1E07B->d5132e6f-def8-45c0-b0d2-c5ba43d86628@group-C29775A8E805, cid=3228, SUCCESS, logIndex=5561, commits[d5132e6f-def8-45c0-b0d2-c5ba43d86628:c5561]
2019-06-13 22:27:00,798 INFO  client.GrpcClientProtocolClient (GrpcClientProtocolClient.java:onNext(254)) - client-43E682E1E07B->d5132e6f-def8-45c0-b0d2-c5ba43d86628: receive RaftClientReply:client-43E682E1E07B->d5132e6f-def8-45c0-b0d2-c5ba43d86628@group-C29775A8E805, cid=3229, SUCCESS, logIndex=5563, commits[d5132e6f-def8-45c0-b0d2-c5ba43d86628:c5563]
2019-06-13 22:27:00,802 INFO  client.GrpcClientProtocolClient (GrpcClientProtocolClient.java:onNext(254)) - client-43E682E1E07B->d5132e6f-def8-45c0-b0d2-c5ba43d86628: receive RaftClientReply:client-43E682E1E07B->d5132e6f-def8-45c0-b0d2-c5ba43d86628@group-C29775A8E805, cid=3230, SUCCESS, logIndex=5565, commits[d5132e6f-def8-45c0-b0d2-c5ba43d86628:c5565]
2019-06-13 22:27:00,806 INFO  client.GrpcClientProtocolClient (GrpcClientProtocolClient.java:onNext(254)) - client-43E682E1E07B->d5132e6f-def8-45c0-b0d2-c5ba43d86628: receive RaftClientReply:client-43E682E1E07B->d5132e6f-def8-45c0-b0d2-c5ba43d86628@group-C29775A8E805, cid=3231, SUCCESS, logIndex=5567, commits[d5132e6f-def8-45c0-b0d2-c5ba43d86628:c5568]
2019-06-13 22:27:00,810 INFO  client.GrpcClientProtocolClient (GrpcClientProtocolClient.java:onNext(254)) - client-43E682E1E07B->d5132e6f-def8-45c0-b0d2-c5ba43d86628: receive RaftClientReply:client-43E682E1E07B->d5132e6f-def8-45c0-b0d2-c5ba43d86628@group-C29775A8E805, cid=3232, SUCCESS, logIndex=5568, commits[d5132e6f-def8-45c0-b0d2-c5ba43d86628:c5568]
2019-06-13 22:27:00,823 INFO  client.GrpcClientProtocolClient (GrpcClientProtocolClient.java:onNext(254)) - client-43E682E1E07B->d5132e6f-def8-45c0-b0d2-c5ba43d86628: receive RaftClientReply:client-43E682E1E07B->d5132e6f-def8-45c0-b0d2-c5ba43d86628@group-C29775A8E805, cid=3233, SUCCESS, logIndex=5570, commits[d5132e6f-def8-45c0-b0d2-c5ba43d86628:c5570]
2019-06-13 22:27:00,824 INFO  client.GrpcClientProtocolClient (GrpcClientProtocolClient.java:onNext(254)) - client-43E682E1E07B->d5132e6f-def8-45c0-b0d2-c5ba43d86628: receive RaftClientReply:client-43E682E1E07B->d5132e6f-def8-45c0-b0d2-c5ba43d86628@group-C29775A8E805, cid=3234, SUCCESS, logIndex=5572, commits[d5132e6f-def8-45c0-b0d2-c5ba43d86628:c5572]
2019-06-13 22:27:00,827 INFO  client.GrpcClientProtocolClient (GrpcClientProtocolClient.java:onNext(254)) - client-43E682E1E07B->d5132e6f-def8-45c0-b0d2-c5ba43d86628: receive RaftClientReply:client-43E682E1E07B->d5132e6f-def8-45c0-b0d2-c5ba43d86628@group-C29775A8E805, cid=3235, SUCCESS, logIndex=5574, commits[d5132e6f-def8-45c0-b0d2-c5ba43d86628:c5574]
2019-06-13 22:27:00,828 INFO  client.GrpcClientProtocolClient (GrpcClientProtocolClient.java:onNext(254)) - client-43E682E1E07B->d5132e6f-def8-45c0-b0d2-c5ba43d86628: receive RaftClientReply:client-43E682E1E07B->d5132e6f-def8-45c0-b0d2-c5ba43d86628@group-C29775A8E805, cid=3236, SUCCESS, logIndex=5575, commits[d5132e6f-def8-45c0-b0d2-c5ba43d86628:c5575]
2019-06-13 22:27:00,837 INFO  client.GrpcClientProtocolClient (GrpcClientProtocolClient.java:onNext(254)) - client-43E682E1E07B->d5132e6f-def8-45c0-b0d2-c5ba43d86628: receive RaftClientReply:client-43E682E1E07B->d5132e6f-def8-45c0-b0d2-c5ba43d86628@group-C29775A8E805, cid=3237, SUCCESS, logIndex=5578, commits[d5132e6f-def8-45c0-b0d2-c5ba43d86628:c5578]
2019-06-13 22:27:00,840 INFO  client.GrpcClientProtocolClient (GrpcClientProtocolClient.java:onNext(254)) - client-43E682E1E07B->d5132e6f-def8-45c0-b0d2-c5ba43d86628: receive RaftClientReply:client-43E682E1E07B->d5132e6f-def8-45c0-b0d2-c5ba43d86628@group-C29775A8E805, cid=3238, SUCCESS, logIndex=5580, commits[d5132e6f-def8-45c0-b0d2-c5ba43d86628:c5580]
2019-06-13 22:27:00,840 INFO  client.GrpcClientProtocolClient (GrpcClientProtocolClient.java:onNext(254)) - client-43E682E1E07B->d5132e6f-def8-45c0-b0d2-c5ba43d86628: receive RaftClientReply:client-43E682E1E07B->d5132e6f-def8-45c0-b0d2-c5ba43d86628@group-C29775A8E805, cid=3239, SUCCESS, logIndex=5581, commits[d5132e6f-def8-45c0-b0d2-c5ba43d86628:c5583]
2019-06-13 22:27:00,842 INFO  client.GrpcClientProtocolClient (GrpcClientProtocolClient.java:onNext(254)) - client-43E682E1E07B->d5132e6f-def8-45c0-b0d2-c5ba43d86628: receive RaftClientReply:client-43E682E1E07B->d5132e6f-def8-45c0-b0d2-c5ba43d86628@group-C29775A8E805, cid=3240, SUCCESS, logIndex=5583, commits[d5132e6f-def8-45c0-b0d2-c5ba43d86628:c5583]
2019-06-13 22:27:00,857 INFO  client.GrpcClientProtocolClient (GrpcClientProtocolClient.java:onNext(254)) - client-43E682E1E07B->d5132e6f-def8-45c0-b0d2-c5ba43d86628: receive RaftClientReply:client-43E682E1E07B->d5132e6f-def8-45c0-b0d2-c5ba43d86628@group-C29775A8E805, cid=3241, SUCCESS, logIndex=5585, commits[d5132e6f-def8-45c0-b0d2-c5ba43d86628:c5585]
2019-06-13 22:27:00,862 INFO  client.GrpcClientProtocolClient (GrpcClientProtocolClient.java:onNext(254)) - client-43E682E1E07B->d5132e6f-def8-45c0-b0d2-c5ba43d86628: receive RaftClientReply:client-43E682E1E07B->d5132e6f-def8-45c0-b0d2-c5ba43d86628@group-C29775A8E805, cid=3242, SUCCESS, logIndex=5587, commits[d5132e6f-def8-45c0-b0d2-c5ba43d86628:c5587]
2019-06-13 22:27:00,863 INFO  client.GrpcClientProtocolClient (GrpcClientProtocolClient.java:onNext(254)) - client-43E682E1E07B->d5132e6f-def8-45c0-b0d2-c5ba43d86628: receive RaftClientReply:client-43E682E1E07B->d5132e6f-def8-45c0-b0d2-c5ba43d86628@group-C29775A8E805, cid=3243, SUCCESS, logIndex=5588, commits[d5132e6f-def8-45c0-b0d2-c5ba43d86628:c5590]
2019-06-13 22:27:00,863 INFO  client.GrpcClientProtocolClient (GrpcClientProtocolClient.java:onNext(254)) - client-43E682E1E07B->d5132e6f-def8-45c0-b0d2-c5ba43d86628: receive RaftClientReply:client-43E682E1E07B->d5132e6f-def8-45c0-b0d2-c5ba43d86628@group-C29775A8E805, cid=3244, SUCCESS, logIndex=5590, commits[d5132e6f-def8-45c0-b0d2-c5ba43d86628:c5591]
2019-06-13 22:27:00,872 INFO  client.GrpcClientProtocolClient (GrpcClientProtocolClient.java:onNext(254)) - client-43E682E1E07B->d5132e6f-def8-45c0-b0d2-c5ba43d86628: receive RaftClientReply:client-43E682E1E07B->d5132e6f-def8-45c0-b0d2-c5ba43d86628@group-C29775A8E805, cid=3245, SUCCESS, logIndex=5592, commits[d5132e6f-def8-45c0-b0d2-c5ba43d86628:c5592]
2019-06-13 22:27:00,873 INFO  storage.RaftLogWorker (RaftLogWorker.java:rollLogSegment(303)) - d5132e6f-def8-45c0-b0d2-c5ba43d86628-RaftLogWorker: Rolling segment log-5525_5595 to index:5595
2019-06-13 22:27:00,877 INFO  storage.RaftLogWorker (RaftLogWorker.java:execute(433)) - d5132e6f-def8-45c0-b0d2-c5ba43d86628-RaftLogWorker: Rolled log segment from /opt/src/hadoop-ozone/integration-test/target/test-dir/MiniOzoneClusterImpl-e9ea07bb-4900-4b53-96c1-68f0ab556a80/datanode-0/data/ratis/c7035dd3-cd4a-42fb-880d-c29775a8e805/current/log_inprogress_5525 to /opt/src/hadoop-ozone/integration-test/target/test-dir/MiniOzoneClusterImpl-e9ea07bb-4900-4b53-96c1-68f0ab556a80/datanode-0/data/ratis/c7035dd3-cd4a-42fb-880d-c29775a8e805/current/log_5525-5595
2019-06-13 22:27:00,882 INFO  client.GrpcClientProtocolClient (GrpcClientProtocolClient.java:onNext(254)) - client-43E682E1E07B->d5132e6f-def8-45c0-b0d2-c5ba43d86628: receive RaftClientReply:client-43E682E1E07B->d5132e6f-def8-45c0-b0d2-c5ba43d86628@group-C29775A8E805, cid=3246, SUCCESS, logIndex=5594, commits[d5132e6f-def8-45c0-b0d2-c5ba43d86628:c5595]
2019-06-13 22:27:00,889 DEBUG block.SCMBlockDeletingService (SCMBlockDeletingService.java:call(138)) - Running DeletedBlockTransactionScanner
2019-06-13 22:27:00,889 DEBUG block.SCMBlockDeletingService (SCMBlockDeletingService.java:call(155)) - Scanned deleted blocks log and got 0 delTX to process.
2019-06-13 22:27:00,894 INFO  client.GrpcClientProtocolClient (GrpcClientProtocolClient.java:onNext(254)) - client-43E682E1E07B->d5132e6f-def8-45c0-b0d2-c5ba43d86628: receive RaftClientReply:client-43E682E1E07B->d5132e6f-def8-45c0-b0d2-c5ba43d86628@group-C29775A8E805, cid=3247, SUCCESS, logIndex=5595, commits[d5132e6f-def8-45c0-b0d2-c5ba43d86628:c5595]
2019-06-13 22:27:00,931 INFO  storage.RaftLogWorker (RaftLogWorker.java:execute(469)) - d5132e6f-def8-45c0-b0d2-c5ba43d86628-RaftLogWorker: created new log segment /opt/src/hadoop-ozone/integration-test/target/test-dir/MiniOzoneClusterImpl-e9ea07bb-4900-4b53-96c1-68f0ab556a80/datanode-0/data/ratis/c7035dd3-cd4a-42fb-880d-c29775a8e805/current/log_inprogress_5596
2019-06-13 22:27:00,934 INFO  client.GrpcClientProtocolClient (GrpcClientProtocolClient.java:onNext(254)) - client-43E682E1E07B->d5132e6f-def8-45c0-b0d2-c5ba43d86628: receive RaftClientReply:client-43E682E1E07B->d5132e6f-def8-45c0-b0d2-c5ba43d86628@group-C29775A8E805, cid=3248, SUCCESS, logIndex=5596, commits[d5132e6f-def8-45c0-b0d2-c5ba43d86628:c5598]
2019-06-13 22:27:00,965 INFO  client.GrpcClientProtocolClient (GrpcClientProtocolClient.java:onNext(254)) - client-43E682E1E07B->d5132e6f-def8-45c0-b0d2-c5ba43d86628: receive RaftClientReply:client-43E682E1E07B->d5132e6f-def8-45c0-b0d2-c5ba43d86628@group-C29775A8E805, cid=3249, SUCCESS, logIndex=5599, commits[d5132e6f-def8-45c0-b0d2-c5ba43d86628:c5600]
2019-06-13 22:27:00,967 INFO  client.GrpcClientProtocolClient (GrpcClientProtocolClient.java:onNext(254)) - client-43E682E1E07B->d5132e6f-def8-45c0-b0d2-c5ba43d86628: receive RaftClientReply:client-43E682E1E07B->d5132e6f-def8-45c0-b0d2-c5ba43d86628@group-C29775A8E805, cid=3250, SUCCESS, logIndex=5601, commits[d5132e6f-def8-45c0-b0d2-c5ba43d86628:c5601]
2019-06-13 22:27:00,969 INFO  client.GrpcClientProtocolClient (GrpcClientProtocolClient.java:onNext(254)) - client-43E682E1E07B->d5132e6f-def8-45c0-b0d2-c5ba43d86628: receive RaftClientReply:client-43E682E1E07B->d5132e6f-def8-45c0-b0d2-c5ba43d86628@group-C29775A8E805, cid=3251, SUCCESS, logIndex=5602, commits[d5132e6f-def8-45c0-b0d2-c5ba43d86628:c5602]
2019-06-13 22:27:00,970 INFO  client.GrpcClientProtocolClient (GrpcClientProtocolClient.java:onNext(254)) - client-43E682E1E07B->d5132e6f-def8-45c0-b0d2-c5ba43d86628: receive RaftClientReply:client-43E682E1E07B->d5132e6f-def8-45c0-b0d2-c5ba43d86628@group-C29775A8E805, cid=3252, SUCCESS, logIndex=5604, commits[d5132e6f-def8-45c0-b0d2-c5ba43d86628:c5604]
2019-06-13 22:27:01,016 DEBUG block.SCMBlockDeletingService (SCMBlockDeletingService.java:call(138)) - Running DeletedBlockTransactionScanner
2019-06-13 22:27:01,016 DEBUG block.SCMBlockDeletingService (SCMBlockDeletingService.java:call(155)) - Scanned deleted blocks log and got 0 delTX to process.
2019-06-13 22:27:01,026 INFO  client.GrpcClientProtocolClient (GrpcClientProtocolClient.java:onNext(254)) - client-43E682E1E07B->d5132e6f-def8-45c0-b0d2-c5ba43d86628: receive RaftClientReply:client-43E682E1E07B->d5132e6f-def8-45c0-b0d2-c5ba43d86628@group-C29775A8E805, cid=3253, SUCCESS, logIndex=5607, commits[d5132e6f-def8-45c0-b0d2-c5ba43d86628:c5607]
2019-06-13 22:27:01,028 INFO  client.GrpcClientProtocolClient (GrpcClientProtocolClient.java:onNext(254)) - client-43E682E1E07B->d5132e6f-def8-45c0-b0d2-c5ba43d86628: receive RaftClientReply:client-43E682E1E07B->d5132e6f-def8-45c0-b0d2-c5ba43d86628@group-C29775A8E805, cid=3254, SUCCESS, logIndex=5609, commits[d5132e6f-def8-45c0-b0d2-c5ba43d86628:c5609]
2019-06-13 22:27:01,029 INFO  client.GrpcClientProtocolClient (GrpcClientProtocolClient.java:onNext(254)) - client-43E682E1E07B->d5132e6f-def8-45c0-b0d2-c5ba43d86628: receive RaftClientReply:client-43E682E1E07B->d5132e6f-def8-45c0-b0d2-c5ba43d86628@group-C29775A8E805, cid=3255, SUCCESS, logIndex=5610, commits[d5132e6f-def8-45c0-b0d2-c5ba43d86628:c5612]
2019-06-13 22:27:01,030 INFO  client.GrpcClientProtocolClient (GrpcClientProtocolClient.java:onNext(254)) - client-43E682E1E07B->d5132e6f-def8-45c0-b0d2-c5ba43d86628: receive RaftClientReply:client-43E682E1E07B->d5132e6f-def8-45c0-b0d2-c5ba43d86628@group-C29775A8E805, cid=3256, SUCCESS, logIndex=5611, commits[d5132e6f-def8-45c0-b0d2-c5ba43d86628:c5612]
2019-06-13 22:27:01,044 INFO  client.GrpcClientProtocolClient (GrpcClientProtocolClient.java:onNext(254)) - client-43E682E1E07B->d5132e6f-def8-45c0-b0d2-c5ba43d86628: receive RaftClientReply:client-43E682E1E07B->d5132e6f-def8-45c0-b0d2-c5ba43d86628@group-C29775A8E805, cid=3257, SUCCESS, logIndex=5613, commits[d5132e6f-def8-45c0-b0d2-c5ba43d86628:c5613]
2019-06-13 22:27:01,046 INFO  client.GrpcClientProtocolClient (GrpcClientProtocolClient.java:onNext(254)) - client-43E682E1E07B->d5132e6f-def8-45c0-b0d2-c5ba43d86628: receive RaftClientReply:client-43E682E1E07B->d5132e6f-def8-45c0-b0d2-c5ba43d86628@group-C29775A8E805, cid=3258, SUCCESS, logIndex=5615, commits[d5132e6f-def8-45c0-b0d2-c5ba43d86628:c5615]
2019-06-13 22:27:01,049 INFO  client.GrpcClientProtocolClient (GrpcClientProtocolClient.java:onNext(254)) - client-43E682E1E07B->d5132e6f-def8-45c0-b0d2-c5ba43d86628: receive RaftClientReply:client-43E682E1E07B->d5132e6f-def8-45c0-b0d2-c5ba43d86628@group-C29775A8E805, cid=3259, SUCCESS, logIndex=5617, commits[d5132e6f-def8-45c0-b0d2-c5ba43d86628:c5617]
2019-06-13 22:27:01,049 INFO  client.GrpcClientProtocolClient (GrpcClientProtocolClient.java:onNext(254)) - client-43E682E1E07B->d5132e6f-def8-45c0-b0d2-c5ba43d86628: receive RaftClientReply:client-43E682E1E07B->d5132e6f-def8-45c0-b0d2-c5ba43d86628@group-C29775A8E805, cid=3260, SUCCESS, logIndex=5618, commits[d5132e6f-def8-45c0-b0d2-c5ba43d86628:c5618]
2019-06-13 22:27:01,058 INFO  client.GrpcClientProtocolClient (GrpcClientProtocolClient.java:onNext(254)) - client-43E682E1E07B->d5132e6f-def8-45c0-b0d2-c5ba43d86628: receive RaftClientReply:client-43E682E1E07B->d5132e6f-def8-45c0-b0d2-c5ba43d86628@group-C29775A8E805, cid=3261, SUCCESS, logIndex=5621, commits[d5132e6f-def8-45c0-b0d2-c5ba43d86628:c5621]
2019-06-13 22:27:01,060 INFO  client.GrpcClientProtocolClient (GrpcClientProtocolClient.java:onNext(254)) - client-43E682E1E07B->d5132e6f-def8-45c0-b0d2-c5ba43d86628: receive RaftClientReply:client-43E682E1E07B->d5132e6f-def8-45c0-b0d2-c5ba43d86628@group-C29775A8E805, cid=3262, SUCCESS, logIndex=5623, commits[d5132e6f-def8-45c0-b0d2-c5ba43d86628:c5623]
2019-06-13 22:27:01,062 INFO  client.GrpcClientProtocolClient (GrpcClientProtocolClient.java:onNext(254)) - client-43E682E1E07B->d5132e6f-def8-45c0-b0d2-c5ba43d86628: receive RaftClientReply:client-43E682E1E07B->d5132e6f-def8-45c0-b0d2-c5ba43d86628@group-C29775A8E805, cid=3263, SUCCESS, logIndex=5624, commits[d5132e6f-def8-45c0-b0d2-c5ba43d86628:c5625]
2019-06-13 22:27:01,066 INFO  client.GrpcClientProtocolClient (GrpcClientProtocolClient.java:onNext(254)) - client-43E682E1E07B->d5132e6f-def8-45c0-b0d2-c5ba43d86628: receive RaftClientReply:client-43E682E1E07B->d5132e6f-def8-45c0-b0d2-c5ba43d86628@group-C29775A8E805, cid=3264, SUCCESS, logIndex=5625, commits[d5132e6f-def8-45c0-b0d2-c5ba43d86628:c5625]
2019-06-13 22:27:01,081 INFO  client.GrpcClientProtocolClient (GrpcClientProtocolClient.java:onNext(254)) - client-43E682E1E07B->d5132e6f-def8-45c0-b0d2-c5ba43d86628: receive RaftClientReply:client-43E682E1E07B->d5132e6f-def8-45c0-b0d2-c5ba43d86628@group-C29775A8E805, cid=3265, SUCCESS, logIndex=5628, commits[d5132e6f-def8-45c0-b0d2-c5ba43d86628:c5628]
2019-06-13 22:27:01,085 INFO  client.GrpcClientProtocolClient (GrpcClientProtocolClient.java:onNext(254)) - client-43E682E1E07B->d5132e6f-def8-45c0-b0d2-c5ba43d86628: receive RaftClientReply:client-43E682E1E07B->d5132e6f-def8-45c0-b0d2-c5ba43d86628@group-C29775A8E805, cid=3266, SUCCESS, logIndex=5630, commits[d5132e6f-def8-45c0-b0d2-c5ba43d86628:c5630]
2019-06-13 22:27:01,086 INFO  client.GrpcClientProtocolClient (GrpcClientProtocolClient.java:onNext(254)) - client-43E682E1E07B->d5132e6f-def8-45c0-b0d2-c5ba43d86628: receive RaftClientReply:client-43E682E1E07B->d5132e6f-def8-45c0-b0d2-c5ba43d86628@group-C29775A8E805, cid=3267, SUCCESS, logIndex=5631, commits[d5132e6f-def8-45c0-b0d2-c5ba43d86628:c5632]
2019-06-13 22:27:01,093 INFO  client.GrpcClientProtocolClient (GrpcClientProtocolClient.java:onNext(254)) - client-43E682E1E07B->d5132e6f-def8-45c0-b0d2-c5ba43d86628: receive RaftClientReply:client-43E682E1E07B->d5132e6f-def8-45c0-b0d2-c5ba43d86628@group-C29775A8E805, cid=3268, SUCCESS, logIndex=5633, commits[d5132e6f-def8-45c0-b0d2-c5ba43d86628:c5633]
2019-06-13 22:27:01,108 INFO  client.GrpcClientProtocolClient (GrpcClientProtocolClient.java:onNext(254)) - client-43E682E1E07B->d5132e6f-def8-45c0-b0d2-c5ba43d86628: receive RaftClientReply:client-43E682E1E07B->d5132e6f-def8-45c0-b0d2-c5ba43d86628@group-C29775A8E805, cid=3269, SUCCESS, logIndex=5635, commits[d5132e6f-def8-45c0-b0d2-c5ba43d86628:c5635]
2019-06-13 22:27:01,111 INFO  client.GrpcClientProtocolClient (GrpcClientProtocolClient.java:onNext(254)) - client-43E682E1E07B->d5132e6f-def8-45c0-b0d2-c5ba43d86628: receive RaftClientReply:client-43E682E1E07B->d5132e6f-def8-45c0-b0d2-c5ba43d86628@group-C29775A8E805, cid=3270, SUCCESS, logIndex=5637, commits[d5132e6f-def8-45c0-b0d2-c5ba43d86628:c5637]
2019-06-13 22:27:01,117 DEBUG block.SCMBlockDeletingService (SCMBlockDeletingService.java:call(138)) - Running DeletedBlockTransactionScanner
2019-06-13 22:27:01,117 DEBUG block.SCMBlockDeletingService (SCMBlockDeletingService.java:call(155)) - Scanned deleted blocks log and got 0 delTX to process.
2019-06-13 22:27:01,203 INFO  client.GrpcClientProtocolClient (GrpcClientProtocolClient.java:onNext(254)) - client-43E682E1E07B->d5132e6f-def8-45c0-b0d2-c5ba43d86628: receive RaftClientReply:client-43E682E1E07B->d5132e6f-def8-45c0-b0d2-c5ba43d86628@group-C29775A8E805, cid=3271, SUCCESS, logIndex=5639, commits[d5132e6f-def8-45c0-b0d2-c5ba43d86628:c5639]
2019-06-13 22:27:01,204 INFO  client.GrpcClientProtocolClient (GrpcClientProtocolClient.java:onNext(254)) - client-43E682E1E07B->d5132e6f-def8-45c0-b0d2-c5ba43d86628: receive RaftClientReply:client-43E682E1E07B->d5132e6f-def8-45c0-b0d2-c5ba43d86628@group-C29775A8E805, cid=3272, SUCCESS, logIndex=5641, commits[d5132e6f-def8-45c0-b0d2-c5ba43d86628:c5641]
2019-06-13 22:27:01,216 INFO  client.GrpcClientProtocolClient (GrpcClientProtocolClient.java:onNext(254)) - client-43E682E1E07B->d5132e6f-def8-45c0-b0d2-c5ba43d86628: receive RaftClientReply:client-43E682E1E07B->d5132e6f-def8-45c0-b0d2-c5ba43d86628@group-C29775A8E805, cid=3273, SUCCESS, logIndex=5643, commits[d5132e6f-def8-45c0-b0d2-c5ba43d86628:c5643]
2019-06-13 22:27:01,218 DEBUG block.SCMBlockDeletingService (SCMBlockDeletingService.java:call(138)) - Running DeletedBlockTransactionScanner
2019-06-13 22:27:01,218 DEBUG block.SCMBlockDeletingService (SCMBlockDeletingService.java:call(155)) - Scanned deleted blocks log and got 0 delTX to process.
2019-06-13 22:27:01,219 INFO  client.GrpcClientProtocolClient (GrpcClientProtocolClient.java:onNext(254)) - client-43E682E1E07B->d5132e6f-def8-45c0-b0d2-c5ba43d86628: receive RaftClientReply:client-43E682E1E07B->d5132e6f-def8-45c0-b0d2-c5ba43d86628@group-C29775A8E805, cid=3274, SUCCESS, logIndex=5645, commits[d5132e6f-def8-45c0-b0d2-c5ba43d86628:c5647]
2019-06-13 22:27:01,219 INFO  client.GrpcClientProtocolClient (GrpcClientProtocolClient.java:onNext(254)) - client-43E682E1E07B->d5132e6f-def8-45c0-b0d2-c5ba43d86628: receive RaftClientReply:client-43E682E1E07B->d5132e6f-def8-45c0-b0d2-c5ba43d86628@group-C29775A8E805, cid=3275, SUCCESS, logIndex=5646, commits[d5132e6f-def8-45c0-b0d2-c5ba43d86628:c5647]
2019-06-13 22:27:01,220 INFO  client.GrpcClientProtocolClient (GrpcClientProtocolClient.java:onNext(254)) - client-43E682E1E07B->d5132e6f-def8-45c0-b0d2-c5ba43d86628: receive RaftClientReply:client-43E682E1E07B->d5132e6f-def8-45c0-b0d2-c5ba43d86628@group-C29775A8E805, cid=3276, SUCCESS, logIndex=5647, commits[d5132e6f-def8-45c0-b0d2-c5ba43d86628:c5647]
2019-06-13 22:27:01,226 INFO  client.GrpcClientProtocolClient (GrpcClientProtocolClient.java:onNext(254)) - client-43E682E1E07B->d5132e6f-def8-45c0-b0d2-c5ba43d86628: receive RaftClientReply:client-43E682E1E07B->d5132e6f-def8-45c0-b0d2-c5ba43d86628@group-C29775A8E805, cid=3277, SUCCESS, logIndex=5649, commits[d5132e6f-def8-45c0-b0d2-c5ba43d86628:c5649]
2019-06-13 22:27:01,228 INFO  client.GrpcClientProtocolClient (GrpcClientProtocolClient.java:onNext(254)) - client-43E682E1E07B->d5132e6f-def8-45c0-b0d2-c5ba43d86628: receive RaftClientReply:client-43E682E1E07B->d5132e6f-def8-45c0-b0d2-c5ba43d86628@group-C29775A8E805, cid=3278, SUCCESS, logIndex=5651, commits[d5132e6f-def8-45c0-b0d2-c5ba43d86628:c5651]
2019-06-13 22:27:01,229 INFO  client.GrpcClientProtocolClient (GrpcClientProtocolClient.java:onNext(254)) - client-43E682E1E07B->d5132e6f-def8-45c0-b0d2-c5ba43d86628: receive RaftClientReply:client-43E682E1E07B->d5132e6f-def8-45c0-b0d2-c5ba43d86628@group-C29775A8E805, cid=3279, SUCCESS, logIndex=5652, commits[d5132e6f-def8-45c0-b0d2-c5ba43d86628:c5653]
2019-06-13 22:27:01,229 INFO  client.GrpcClientProtocolClient (GrpcClientProtocolClient.java:onNext(254)) - client-43E682E1E07B->d5132e6f-def8-45c0-b0d2-c5ba43d86628: receive RaftClientReply:client-43E682E1E07B->d5132e6f-def8-45c0-b0d2-c5ba43d86628@group-C29775A8E805, cid=3280, SUCCESS, logIndex=5653, commits[d5132e6f-def8-45c0-b0d2-c5ba43d86628:c5654]
2019-06-13 22:27:01,246 INFO  client.GrpcClientProtocolClient (GrpcClientProtocolClient.java:onNext(254)) - client-43E682E1E07B->d5132e6f-def8-45c0-b0d2-c5ba43d86628: receive RaftClientReply:client-43E682E1E07B->d5132e6f-def8-45c0-b0d2-c5ba43d86628@group-C29775A8E805, cid=3281, SUCCESS, logIndex=5656, commits[d5132e6f-def8-45c0-b0d2-c5ba43d86628:c5656]
2019-06-13 22:27:01,254 INFO  client.GrpcClientProtocolClient (GrpcClientProtocolClient.java:onNext(254)) - client-43E682E1E07B->d5132e6f-def8-45c0-b0d2-c5ba43d86628: receive RaftClientReply:client-43E682E1E07B->d5132e6f-def8-45c0-b0d2-c5ba43d86628@group-C29775A8E805, cid=3282, SUCCESS, logIndex=5658, commits[d5132e6f-def8-45c0-b0d2-c5ba43d86628:c5658]
2019-06-13 22:27:01,258 INFO  client.GrpcClientProtocolClient (GrpcClientProtocolClient.java:onNext(254)) - client-43E682E1E07B->d5132e6f-def8-45c0-b0d2-c5ba43d86628: receive RaftClientReply:client-43E682E1E07B->d5132e6f-def8-45c0-b0d2-c5ba43d86628@group-C29775A8E805, cid=3283, SUCCESS, logIndex=5659, commits[d5132e6f-def8-45c0-b0d2-c5ba43d86628:c5660]
2019-06-13 22:27:01,261 INFO  client.GrpcClientProtocolClient (GrpcClientProtocolClient.java:onNext(254)) - client-43E682E1E07B->d5132e6f-def8-45c0-b0d2-c5ba43d86628: receive RaftClientReply:client-43E682E1E07B->d5132e6f-def8-45c0-b0d2-c5ba43d86628@group-C29775A8E805, cid=3284, SUCCESS, logIndex=5661, commits[d5132e6f-def8-45c0-b0d2-c5ba43d86628:c5661]
2019-06-13 22:27:01,268 INFO  client.GrpcClientProtocolClient (GrpcClientProtocolClient.java:onNext(254)) - client-43E682E1E07B->d5132e6f-def8-45c0-b0d2-c5ba43d86628: receive RaftClientReply:client-43E682E1E07B->d5132e6f-def8-45c0-b0d2-c5ba43d86628@group-C29775A8E805, cid=3285, SUCCESS, logIndex=5663, commits[d5132e6f-def8-45c0-b0d2-c5ba43d86628:c5664]
2019-06-13 22:27:01,274 INFO  client.GrpcClientProtocolClient (GrpcClientProtocolClient.java:onNext(254)) - client-43E682E1E07B->d5132e6f-def8-45c0-b0d2-c5ba43d86628: receive RaftClientReply:client-43E682E1E07B->d5132e6f-def8-45c0-b0d2-c5ba43d86628@group-C29775A8E805, cid=3286, SUCCESS, logIndex=5665, commits[d5132e6f-def8-45c0-b0d2-c5ba43d86628:c5665]
2019-06-13 22:27:01,274 INFO  client.GrpcClientProtocolClient (GrpcClientProtocolClient.java:onNext(254)) - client-43E682E1E07B->d5132e6f-def8-45c0-b0d2-c5ba43d86628: receive RaftClientReply:client-43E682E1E07B->d5132e6f-def8-45c0-b0d2-c5ba43d86628@group-C29775A8E805, cid=3287, SUCCESS, logIndex=5666, commits[d5132e6f-def8-45c0-b0d2-c5ba43d86628:c5668]
2019-06-13 22:27:01,275 INFO  client.GrpcClientProtocolClient (GrpcClientProtocolClient.java:onNext(254)) - client-43E682E1E07B->d5132e6f-def8-45c0-b0d2-c5ba43d86628: receive RaftClientReply:client-43E682E1E07B->d5132e6f-def8-45c0-b0d2-c5ba43d86628@group-C29775A8E805, cid=3288, SUCCESS, logIndex=5668, commits[d5132e6f-def8-45c0-b0d2-c5ba43d86628:c5668]
2019-06-13 22:27:01,292 INFO  client.GrpcClientProtocolClient (GrpcClientProtocolClient.java:onNext(254)) - client-43E682E1E07B->d5132e6f-def8-45c0-b0d2-c5ba43d86628: receive RaftClientReply:client-43E682E1E07B->d5132e6f-def8-45c0-b0d2-c5ba43d86628@group-C29775A8E805, cid=3289, SUCCESS, logIndex=5670, commits[d5132e6f-def8-45c0-b0d2-c5ba43d86628:c5670]
2019-06-13 22:27:01,293 INFO  client.GrpcClientProtocolClient (GrpcClientProtocolClient.java:onNext(254)) - client-43E682E1E07B->d5132e6f-def8-45c0-b0d2-c5ba43d86628: receive RaftClientReply:client-43E682E1E07B->d5132e6f-def8-45c0-b0d2-c5ba43d86628@group-C29775A8E805, cid=3290, SUCCESS, logIndex=5672, commits[d5132e6f-def8-45c0-b0d2-c5ba43d86628:c5672]
2019-06-13 22:27:01,293 INFO  storage.RaftLogWorker (RaftLogWorker.java:rollLogSegment(303)) - d5132e6f-def8-45c0-b0d2-c5ba43d86628-RaftLogWorker: Rolling segment log-5596_5673 to index:5673
2019-06-13 22:27:01,294 INFO  storage.RaftLogWorker (RaftLogWorker.java:execute(433)) - d5132e6f-def8-45c0-b0d2-c5ba43d86628-RaftLogWorker: Rolled log segment from /opt/src/hadoop-ozone/integration-test/target/test-dir/MiniOzoneClusterImpl-e9ea07bb-4900-4b53-96c1-68f0ab556a80/datanode-0/data/ratis/c7035dd3-cd4a-42fb-880d-c29775a8e805/current/log_inprogress_5596 to /opt/src/hadoop-ozone/integration-test/target/test-dir/MiniOzoneClusterImpl-e9ea07bb-4900-4b53-96c1-68f0ab556a80/datanode-0/data/ratis/c7035dd3-cd4a-42fb-880d-c29775a8e805/current/log_5596-5673
2019-06-13 22:27:01,318 DEBUG block.SCMBlockDeletingService (SCMBlockDeletingService.java:call(138)) - Running DeletedBlockTransactionScanner
2019-06-13 22:27:01,318 DEBUG block.SCMBlockDeletingService (SCMBlockDeletingService.java:call(155)) - Scanned deleted blocks log and got 0 delTX to process.
2019-06-13 22:27:01,331 INFO  storage.RaftLogWorker (RaftLogWorker.java:execute(469)) - d5132e6f-def8-45c0-b0d2-c5ba43d86628-RaftLogWorker: created new log segment /opt/src/hadoop-ozone/integration-test/target/test-dir/MiniOzoneClusterImpl-e9ea07bb-4900-4b53-96c1-68f0ab556a80/datanode-0/data/ratis/c7035dd3-cd4a-42fb-880d-c29775a8e805/current/log_inprogress_5674
2019-06-13 22:27:01,337 INFO  client.GrpcClientProtocolClient (GrpcClientProtocolClient.java:onNext(254)) - client-43E682E1E07B->d5132e6f-def8-45c0-b0d2-c5ba43d86628: receive RaftClientReply:client-43E682E1E07B->d5132e6f-def8-45c0-b0d2-c5ba43d86628@group-C29775A8E805, cid=3291, SUCCESS, logIndex=5674, commits[d5132e6f-def8-45c0-b0d2-c5ba43d86628:c5675]
2019-06-13 22:27:01,341 INFO  client.GrpcClientProtocolClient (GrpcClientProtocolClient.java:onNext(254)) - client-43E682E1E07B->d5132e6f-def8-45c0-b0d2-c5ba43d86628: receive RaftClientReply:client-43E682E1E07B->d5132e6f-def8-45c0-b0d2-c5ba43d86628@group-C29775A8E805, cid=3292, SUCCESS, logIndex=5675, commits[d5132e6f-def8-45c0-b0d2-c5ba43d86628:c5675]
2019-06-13 22:27:01,352 INFO  client.GrpcClientProtocolClient (GrpcClientProtocolClient.java:onNext(254)) - client-43E682E1E07B->d5132e6f-def8-45c0-b0d2-c5ba43d86628: receive RaftClientReply:client-43E682E1E07B->d5132e6f-def8-45c0-b0d2-c5ba43d86628@group-C29775A8E805, cid=3293, SUCCESS, logIndex=5677, commits[d5132e6f-def8-45c0-b0d2-c5ba43d86628:c5677]
2019-06-13 22:27:01,354 INFO  client.GrpcClientProtocolClient (GrpcClientProtocolClient.java:onNext(254)) - client-43E682E1E07B->d5132e6f-def8-45c0-b0d2-c5ba43d86628: receive RaftClientReply:client-43E682E1E07B->d5132e6f-def8-45c0-b0d2-c5ba43d86628@group-C29775A8E805, cid=3294, SUCCESS, logIndex=5679, commits[d5132e6f-def8-45c0-b0d2-c5ba43d86628:c5679]
2019-06-13 22:27:01,356 INFO  client.GrpcClientProtocolClient (GrpcClientProtocolClient.java:onNext(254)) - client-43E682E1E07B->d5132e6f-def8-45c0-b0d2-c5ba43d86628: receive RaftClientReply:client-43E682E1E07B->d5132e6f-def8-45c0-b0d2-c5ba43d86628@group-C29775A8E805, cid=3295, SUCCESS, logIndex=5681, commits[d5132e6f-def8-45c0-b0d2-c5ba43d86628:c5681]
2019-06-13 22:27:01,357 INFO  client.GrpcClientProtocolClient (GrpcClientProtocolClient.java:onNext(254)) - client-43E682E1E07B->d5132e6f-def8-45c0-b0d2-c5ba43d86628: receive RaftClientReply:client-43E682E1E07B->d5132e6f-def8-45c0-b0d2-c5ba43d86628@group-C29775A8E805, cid=3296, SUCCESS, logIndex=5682, commits[d5132e6f-def8-45c0-b0d2-c5ba43d86628:c5682]
2019-06-13 22:27:01,368 INFO  client.GrpcClientProtocolClient (GrpcClientProtocolClient.java:onNext(254)) - client-43E682E1E07B->d5132e6f-def8-45c0-b0d2-c5ba43d86628: receive RaftClientReply:client-43E682E1E07B->d5132e6f-def8-45c0-b0d2-c5ba43d86628@group-C29775A8E805, cid=3297, SUCCESS, logIndex=5685, commits[d5132e6f-def8-45c0-b0d2-c5ba43d86628:c5685]
2019-06-13 22:27:01,370 INFO  client.GrpcClientProtocolClient (GrpcClientProtocolClient.java:onNext(254)) - client-43E682E1E07B->d5132e6f-def8-45c0-b0d2-c5ba43d86628: receive RaftClientReply:client-43E682E1E07B->d5132e6f-def8-45c0-b0d2-c5ba43d86628@group-C29775A8E805, cid=3298, SUCCESS, logIndex=5687, commits[d5132e6f-def8-45c0-b0d2-c5ba43d86628:c5687]
2019-06-13 22:27:01,371 INFO  client.GrpcClientProtocolClient (GrpcClientProtocolClient.java:onNext(254)) - client-43E682E1E07B->d5132e6f-def8-45c0-b0d2-c5ba43d86628: receive RaftClientReply:client-43E682E1E07B->d5132e6f-def8-45c0-b0d2-c5ba43d86628@group-C29775A8E805, cid=3299, SUCCESS, logIndex=5688, commits[d5132e6f-def8-45c0-b0d2-c5ba43d86628:c5690]
2019-06-13 22:27:01,371 INFO  client.GrpcClientProtocolClient (GrpcClientProtocolClient.java:onNext(254)) - client-43E682E1E07B->d5132e6f-def8-45c0-b0d2-c5ba43d86628: receive RaftClientReply:client-43E682E1E07B->d5132e6f-def8-45c0-b0d2-c5ba43d86628@group-C29775A8E805, cid=3300, SUCCESS, logIndex=5689, commits[d5132e6f-def8-45c0-b0d2-c5ba43d86628:c5690]
2019-06-13 22:27:01,377 INFO  client.GrpcClientProtocolClient (GrpcClientProtocolClient.java:onNext(254)) - client-43E682E1E07B->d5132e6f-def8-45c0-b0d2-c5ba43d86628: receive RaftClientReply:client-43E682E1E07B->d5132e6f-def8-45c0-b0d2-c5ba43d86628@group-C29775A8E805, cid=3301, SUCCESS, logIndex=5691, commits[d5132e6f-def8-45c0-b0d2-c5ba43d86628:c5691]
2019-06-13 22:27:01,378 INFO  client.GrpcClientProtocolClient (GrpcClientProtocolClient.java:onNext(254)) - client-43E682E1E07B->d5132e6f-def8-45c0-b0d2-c5ba43d86628: receive RaftClientReply:client-43E682E1E07B->d5132e6f-def8-45c0-b0d2-c5ba43d86628@group-C29775A8E805, cid=3302, SUCCESS, logIndex=5693, commits[d5132e6f-def8-45c0-b0d2-c5ba43d86628:c5693]
2019-06-13 22:27:01,381 INFO  client.GrpcClientProtocolClient (GrpcClientProtocolClient.java:onNext(254)) - client-43E682E1E07B->d5132e6f-def8-45c0-b0d2-c5ba43d86628: receive RaftClientReply:client-43E682E1E07B->d5132e6f-def8-45c0-b0d2-c5ba43d86628@group-C29775A8E805, cid=3303, SUCCESS, logIndex=5695, commits[d5132e6f-def8-45c0-b0d2-c5ba43d86628:c5696]
2019-06-13 22:27:01,381 INFO  client.GrpcClientProtocolClient (GrpcClientProtocolClient.java:onNext(254)) - client-43E682E1E07B->d5132e6f-def8-45c0-b0d2-c5ba43d86628: receive RaftClientReply:client-43E682E1E07B->d5132e6f-def8-45c0-b0d2-c5ba43d86628@group-C29775A8E805, cid=3304, SUCCESS, logIndex=5696, commits[d5132e6f-def8-45c0-b0d2-c5ba43d86628:c5696]
2019-06-13 22:27:01,392 INFO  client.GrpcClientProtocolClient (GrpcClientProtocolClient.java:onNext(254)) - client-43E682E1E07B->d5132e6f-def8-45c0-b0d2-c5ba43d86628: receive RaftClientReply:client-43E682E1E07B->d5132e6f-def8-45c0-b0d2-c5ba43d86628@group-C29775A8E805, cid=3305, SUCCESS, logIndex=5698, commits[d5132e6f-def8-45c0-b0d2-c5ba43d86628:c5698]
2019-06-13 22:27:01,393 INFO  client.GrpcClientProtocolClient (GrpcClientProtocolClient.java:onNext(254)) - client-43E682E1E07B->d5132e6f-def8-45c0-b0d2-c5ba43d86628: receive RaftClientReply:client-43E682E1E07B->d5132e6f-def8-45c0-b0d2-c5ba43d86628@group-C29775A8E805, cid=3306, SUCCESS, logIndex=5700, commits[d5132e6f-def8-45c0-b0d2-c5ba43d86628:c5700]
2019-06-13 22:27:01,394 INFO  client.GrpcClientProtocolClient (GrpcClientProtocolClient.java:onNext(254)) - client-43E682E1E07B->d5132e6f-def8-45c0-b0d2-c5ba43d86628: receive RaftClientReply:client-43E682E1E07B->d5132e6f-def8-45c0-b0d2-c5ba43d86628@group-C29775A8E805, cid=3307, SUCCESS, logIndex=5701, commits[d5132e6f-def8-45c0-b0d2-c5ba43d86628:c5703]
2019-06-13 22:27:01,394 INFO  client.GrpcClientProtocolClient (GrpcClientProtocolClient.java:onNext(254)) - client-43E682E1E07B->d5132e6f-def8-45c0-b0d2-c5ba43d86628: receive RaftClientReply:client-43E682E1E07B->d5132e6f-def8-45c0-b0d2-c5ba43d86628@group-C29775A8E805, cid=3308, SUCCESS, logIndex=5702, commits[d5132e6f-def8-45c0-b0d2-c5ba43d86628:c5703]
2019-06-13 22:27:01,400 INFO  client.GrpcClientProtocolClient (GrpcClientProtocolClient.java:onNext(254)) - client-43E682E1E07B->d5132e6f-def8-45c0-b0d2-c5ba43d86628: receive RaftClientReply:client-43E682E1E07B->d5132e6f-def8-45c0-b0d2-c5ba43d86628@group-C29775A8E805, cid=3309, SUCCESS, logIndex=5704, commits[d5132e6f-def8-45c0-b0d2-c5ba43d86628:c5704]
2019-06-13 22:27:01,402 INFO  client.GrpcClientProtocolClient (GrpcClientProtocolClient.java:onNext(254)) - client-43E682E1E07B->d5132e6f-def8-45c0-b0d2-c5ba43d86628: receive RaftClientReply:client-43E682E1E07B->d5132e6f-def8-45c0-b0d2-c5ba43d86628@group-C29775A8E805, cid=3310, SUCCESS, logIndex=5706, commits[d5132e6f-def8-45c0-b0d2-c5ba43d86628:c5706]
2019-06-13 22:27:01,403 INFO  client.GrpcClientProtocolClient (GrpcClientProtocolClient.java:onNext(254)) - client-43E682E1E07B->d5132e6f-def8-45c0-b0d2-c5ba43d86628: receive RaftClientReply:client-43E682E1E07B->d5132e6f-def8-45c0-b0d2-c5ba43d86628@group-C29775A8E805, cid=3311, SUCCESS, logIndex=5707, commits[d5132e6f-def8-45c0-b0d2-c5ba43d86628:c5709]
2019-06-13 22:27:01,403 INFO  client.GrpcClientProtocolClient (GrpcClientProtocolClient.java:onNext(254)) - client-43E682E1E07B->d5132e6f-def8-45c0-b0d2-c5ba43d86628: receive RaftClientReply:client-43E682E1E07B->d5132e6f-def8-45c0-b0d2-c5ba43d86628@group-C29775A8E805, cid=3312, SUCCESS, logIndex=5708, commits[d5132e6f-def8-45c0-b0d2-c5ba43d86628:c5709]
2019-06-13 22:27:01,418 INFO  client.GrpcClientProtocolClient (GrpcClientProtocolClient.java:onNext(254)) - client-43E682E1E07B->d5132e6f-def8-45c0-b0d2-c5ba43d86628: receive RaftClientReply:client-43E682E1E07B->d5132e6f-def8-45c0-b0d2-c5ba43d86628@group-C29775A8E805, cid=3313, SUCCESS, logIndex=5710, commits[d5132e6f-def8-45c0-b0d2-c5ba43d86628:c5710]
2019-06-13 22:27:01,419 DEBUG block.SCMBlockDeletingService (SCMBlockDeletingService.java:call(138)) - Running DeletedBlockTransactionScanner
2019-06-13 22:27:01,419 DEBUG block.SCMBlockDeletingService (SCMBlockDeletingService.java:call(155)) - Scanned deleted blocks log and got 0 delTX to process.
2019-06-13 22:27:01,424 INFO  client.GrpcClientProtocolClient (GrpcClientProtocolClient.java:onNext(254)) - client-43E682E1E07B->d5132e6f-def8-45c0-b0d2-c5ba43d86628: receive RaftClientReply:client-43E682E1E07B->d5132e6f-def8-45c0-b0d2-c5ba43d86628@group-C29775A8E805, cid=3314, SUCCESS, logIndex=5712, commits[d5132e6f-def8-45c0-b0d2-c5ba43d86628:c5712]
2019-06-13 22:27:01,519 DEBUG block.SCMBlockDeletingService (SCMBlockDeletingService.java:call(138)) - Running DeletedBlockTransactionScanner
2019-06-13 22:27:01,520 DEBUG block.SCMBlockDeletingService (SCMBlockDeletingService.java:call(155)) - Scanned deleted blocks log and got 0 delTX to process.
2019-06-13 22:27:01,522 INFO  client.GrpcClientProtocolClient (GrpcClientProtocolClient.java:onNext(254)) - client-43E682E1E07B->d5132e6f-def8-45c0-b0d2-c5ba43d86628: receive RaftClientReply:client-43E682E1E07B->d5132e6f-def8-45c0-b0d2-c5ba43d86628@group-C29775A8E805, cid=3315, SUCCESS, logIndex=5714, commits[d5132e6f-def8-45c0-b0d2-c5ba43d86628:c5714]
2019-06-13 22:27:01,523 INFO  client.GrpcClientProtocolClient (GrpcClientProtocolClient.java:onNext(254)) - client-43E682E1E07B->d5132e6f-def8-45c0-b0d2-c5ba43d86628: receive RaftClientReply:client-43E682E1E07B->d5132e6f-def8-45c0-b0d2-c5ba43d86628@group-C29775A8E805, cid=3316, SUCCESS, logIndex=5716, commits[d5132e6f-def8-45c0-b0d2-c5ba43d86628:c5716]
2019-06-13 22:27:01,529 INFO  client.GrpcClientProtocolClient (GrpcClientProtocolClient.java:onNext(254)) - client-43E682E1E07B->d5132e6f-def8-45c0-b0d2-c5ba43d86628: receive RaftClientReply:client-43E682E1E07B->d5132e6f-def8-45c0-b0d2-c5ba43d86628@group-C29775A8E805, cid=3317, SUCCESS, logIndex=5718, commits[d5132e6f-def8-45c0-b0d2-c5ba43d86628:c5718]
2019-06-13 22:27:01,533 INFO  client.GrpcClientProtocolClient (GrpcClientProtocolClient.java:onNext(254)) - client-43E682E1E07B->d5132e6f-def8-45c0-b0d2-c5ba43d86628: receive RaftClientReply:client-43E682E1E07B->d5132e6f-def8-45c0-b0d2-c5ba43d86628@group-C29775A8E805, cid=3318, SUCCESS, logIndex=5720, commits[d5132e6f-def8-45c0-b0d2-c5ba43d86628:c5720]
2019-06-13 22:27:01,534 INFO  client.GrpcClientProtocolClient (GrpcClientProtocolClient.java:onNext(254)) - client-43E682E1E07B->d5132e6f-def8-45c0-b0d2-c5ba43d86628: receive RaftClientReply:client-43E682E1E07B->d5132e6f-def8-45c0-b0d2-c5ba43d86628@group-C29775A8E805, cid=3319, SUCCESS, logIndex=5721, commits[d5132e6f-def8-45c0-b0d2-c5ba43d86628:c5723]
2019-06-13 22:27:01,534 INFO  client.GrpcClientProtocolClient (GrpcClientProtocolClient.java:onNext(254)) - client-43E682E1E07B->d5132e6f-def8-45c0-b0d2-c5ba43d86628: receive RaftClientReply:client-43E682E1E07B->d5132e6f-def8-45c0-b0d2-c5ba43d86628@group-C29775A8E805, cid=3320, SUCCESS, logIndex=5722, commits[d5132e6f-def8-45c0-b0d2-c5ba43d86628:c5723]
2019-06-13 22:27:01,546 INFO  client.GrpcClientProtocolClient (GrpcClientProtocolClient.java:onNext(254)) - client-43E682E1E07B->d5132e6f-def8-45c0-b0d2-c5ba43d86628: receive RaftClientReply:client-43E682E1E07B->d5132e6f-def8-45c0-b0d2-c5ba43d86628@group-C29775A8E805, cid=3321, SUCCESS, logIndex=5724, commits[d5132e6f-def8-45c0-b0d2-c5ba43d86628:c5724]
2019-06-13 22:27:01,548 INFO  client.GrpcClientProtocolClient (GrpcClientProtocolClient.java:onNext(254)) - client-43E682E1E07B->d5132e6f-def8-45c0-b0d2-c5ba43d86628: receive RaftClientReply:client-43E682E1E07B->d5132e6f-def8-45c0-b0d2-c5ba43d86628@group-C29775A8E805, cid=3322, SUCCESS, logIndex=5726, commits[d5132e6f-def8-45c0-b0d2-c5ba43d86628:c5726]
2019-06-13 22:27:01,549 INFO  client.GrpcClientProtocolClient (GrpcClientProtocolClient.java:onNext(254)) - client-43E682E1E07B->d5132e6f-def8-45c0-b0d2-c5ba43d86628: receive RaftClientReply:client-43E682E1E07B->d5132e6f-def8-45c0-b0d2-c5ba43d86628@group-C29775A8E805, cid=3323, SUCCESS, logIndex=5727, commits[d5132e6f-def8-45c0-b0d2-c5ba43d86628:c5729]
2019-06-13 22:27:01,549 INFO  client.GrpcClientProtocolClient (GrpcClientProtocolClient.java:onNext(254)) - client-43E682E1E07B->d5132e6f-def8-45c0-b0d2-c5ba43d86628: receive RaftClientReply:client-43E682E1E07B->d5132e6f-def8-45c0-b0d2-c5ba43d86628@group-C29775A8E805, cid=3324, SUCCESS, logIndex=5728, commits[d5132e6f-def8-45c0-b0d2-c5ba43d86628:c5729]
2019-06-13 22:27:01,556 INFO  client.GrpcClientProtocolClient (GrpcClientProtocolClient.java:onNext(254)) - client-43E682E1E07B->d5132e6f-def8-45c0-b0d2-c5ba43d86628: receive RaftClientReply:client-43E682E1E07B->d5132e6f-def8-45c0-b0d2-c5ba43d86628@group-C29775A8E805, cid=3325, SUCCESS, logIndex=5730, commits[d5132e6f-def8-45c0-b0d2-c5ba43d86628:c5730]
2019-06-13 22:27:01,558 INFO  client.GrpcClientProtocolClient (GrpcClientProtocolClient.java:onNext(254)) - client-43E682E1E07B->d5132e6f-def8-45c0-b0d2-c5ba43d86628: receive RaftClientReply:client-43E682E1E07B->d5132e6f-def8-45c0-b0d2-c5ba43d86628@group-C29775A8E805, cid=3326, SUCCESS, logIndex=5732, commits[d5132e6f-def8-45c0-b0d2-c5ba43d86628:c5732]
2019-06-13 22:27:01,559 INFO  client.GrpcClientProtocolClient (GrpcClientProtocolClient.java:onNext(254)) - client-43E682E1E07B->d5132e6f-def8-45c0-b0d2-c5ba43d86628: receive RaftClientReply:client-43E682E1E07B->d5132e6f-def8-45c0-b0d2-c5ba43d86628@group-C29775A8E805, cid=3327, SUCCESS, logIndex=5733, commits[d5132e6f-def8-45c0-b0d2-c5ba43d86628:c5735]
2019-06-13 22:27:01,559 INFO  client.GrpcClientProtocolClient (GrpcClientProtocolClient.java:onNext(254)) - client-43E682E1E07B->d5132e6f-def8-45c0-b0d2-c5ba43d86628: receive RaftClientReply:client-43E682E1E07B->d5132e6f-def8-45c0-b0d2-c5ba43d86628@group-C29775A8E805, cid=3328, SUCCESS, logIndex=5735, commits[d5132e6f-def8-45c0-b0d2-c5ba43d86628:c5735]
2019-06-13 22:27:01,570 INFO  client.GrpcClientProtocolClient (GrpcClientProtocolClient.java:onNext(254)) - client-43E682E1E07B->d5132e6f-def8-45c0-b0d2-c5ba43d86628: receive RaftClientReply:client-43E682E1E07B->d5132e6f-def8-45c0-b0d2-c5ba43d86628@group-C29775A8E805, cid=3329, SUCCESS, logIndex=5737, commits[d5132e6f-def8-45c0-b0d2-c5ba43d86628:c5737]
2019-06-13 22:27:01,572 INFO  client.GrpcClientProtocolClient (GrpcClientProtocolClient.java:onNext(254)) - client-43E682E1E07B->d5132e6f-def8-45c0-b0d2-c5ba43d86628: receive RaftClientReply:client-43E682E1E07B->d5132e6f-def8-45c0-b0d2-c5ba43d86628@group-C29775A8E805, cid=3330, SUCCESS, logIndex=5739, commits[d5132e6f-def8-45c0-b0d2-c5ba43d86628:c5739]
2019-06-13 22:27:01,573 INFO  client.GrpcClientProtocolClient (GrpcClientProtocolClient.java:onNext(254)) - client-43E682E1E07B->d5132e6f-def8-45c0-b0d2-c5ba43d86628: receive RaftClientReply:client-43E682E1E07B->d5132e6f-def8-45c0-b0d2-c5ba43d86628@group-C29775A8E805, cid=3331, SUCCESS, logIndex=5740, commits[d5132e6f-def8-45c0-b0d2-c5ba43d86628:c5742]
2019-06-13 22:27:01,573 INFO  client.GrpcClientProtocolClient (GrpcClientProtocolClient.java:onNext(254)) - client-43E682E1E07B->d5132e6f-def8-45c0-b0d2-c5ba43d86628: receive RaftClientReply:client-43E682E1E07B->d5132e6f-def8-45c0-b0d2-c5ba43d86628@group-C29775A8E805, cid=3332, SUCCESS, logIndex=5741, commits[d5132e6f-def8-45c0-b0d2-c5ba43d86628:c5742]
2019-06-13 22:27:01,580 INFO  client.GrpcClientProtocolClient (GrpcClientProtocolClient.java:onNext(254)) - client-43E682E1E07B->d5132e6f-def8-45c0-b0d2-c5ba43d86628: receive RaftClientReply:client-43E682E1E07B->d5132e6f-def8-45c0-b0d2-c5ba43d86628@group-C29775A8E805, cid=3333, SUCCESS, logIndex=5743, commits[d5132e6f-def8-45c0-b0d2-c5ba43d86628:c5743]
2019-06-13 22:27:01,580 INFO  storage.RaftLogWorker (RaftLogWorker.java:rollLogSegment(303)) - d5132e6f-def8-45c0-b0d2-c5ba43d86628-RaftLogWorker: Rolling segment log-5674_5744 to index:5744
2019-06-13 22:27:01,581 INFO  storage.RaftLogWorker (RaftLogWorker.java:execute(433)) - d5132e6f-def8-45c0-b0d2-c5ba43d86628-RaftLogWorker: Rolled log segment from /opt/src/hadoop-ozone/integration-test/target/test-dir/MiniOzoneClusterImpl-e9ea07bb-4900-4b53-96c1-68f0ab556a80/datanode-0/data/ratis/c7035dd3-cd4a-42fb-880d-c29775a8e805/current/log_inprogress_5674 to /opt/src/hadoop-ozone/integration-test/target/test-dir/MiniOzoneClusterImpl-e9ea07bb-4900-4b53-96c1-68f0ab556a80/datanode-0/data/ratis/c7035dd3-cd4a-42fb-880d-c29775a8e805/current/log_5674-5744
2019-06-13 22:27:01,620 DEBUG block.SCMBlockDeletingService (SCMBlockDeletingService.java:call(138)) - Running DeletedBlockTransactionScanner
2019-06-13 22:27:01,620 DEBUG block.SCMBlockDeletingService (SCMBlockDeletingService.java:call(155)) - Scanned deleted blocks log and got 0 delTX to process.
2019-06-13 22:27:01,626 INFO  storage.RaftLogWorker (RaftLogWorker.java:execute(469)) - d5132e6f-def8-45c0-b0d2-c5ba43d86628-RaftLogWorker: created new log segment /opt/src/hadoop-ozone/integration-test/target/test-dir/MiniOzoneClusterImpl-e9ea07bb-4900-4b53-96c1-68f0ab556a80/datanode-0/data/ratis/c7035dd3-cd4a-42fb-880d-c29775a8e805/current/log_inprogress_5745
2019-06-13 22:27:01,628 INFO  client.GrpcClientProtocolClient (GrpcClientProtocolClient.java:onNext(254)) - client-43E682E1E07B->d5132e6f-def8-45c0-b0d2-c5ba43d86628: receive RaftClientReply:client-43E682E1E07B->d5132e6f-def8-45c0-b0d2-c5ba43d86628@group-C29775A8E805, cid=3334, SUCCESS, logIndex=5745, commits[d5132e6f-def8-45c0-b0d2-c5ba43d86628:c5747]
2019-06-13 22:27:01,628 INFO  client.GrpcClientProtocolClient (GrpcClientProtocolClient.java:onNext(254)) - client-43E682E1E07B->d5132e6f-def8-45c0-b0d2-c5ba43d86628: receive RaftClientReply:client-43E682E1E07B->d5132e6f-def8-45c0-b0d2-c5ba43d86628@group-C29775A8E805, cid=3335, SUCCESS, logIndex=5746, commits[d5132e6f-def8-45c0-b0d2-c5ba43d86628:c5748]
2019-06-13 22:27:01,628 INFO  client.GrpcClientProtocolClient (GrpcClientProtocolClient.java:onNext(254)) - client-43E682E1E07B->d5132e6f-def8-45c0-b0d2-c5ba43d86628: receive RaftClientReply:client-43E682E1E07B->d5132e6f-def8-45c0-b0d2-c5ba43d86628@group-C29775A8E805, cid=3336, SUCCESS, logIndex=5747, commits[d5132e6f-def8-45c0-b0d2-c5ba43d86628:c5748]
2019-06-13 22:27:01,640 INFO  client.GrpcClientProtocolClient (GrpcClientProtocolClient.java:onNext(254)) - client-43E682E1E07B->d5132e6f-def8-45c0-b0d2-c5ba43d86628: receive RaftClientReply:client-43E682E1E07B->d5132e6f-def8-45c0-b0d2-c5ba43d86628@group-C29775A8E805, cid=3337, SUCCESS, logIndex=5749, commits[d5132e6f-def8-45c0-b0d2-c5ba43d86628:c5749]
2019-06-13 22:27:01,642 INFO  client.GrpcClientProtocolClient (GrpcClientProtocolClient.java:onNext(254)) - client-43E682E1E07B->d5132e6f-def8-45c0-b0d2-c5ba43d86628: receive RaftClientReply:client-43E682E1E07B->d5132e6f-def8-45c0-b0d2-c5ba43d86628@group-C29775A8E805, cid=3338, SUCCESS, logIndex=5751, commits[d5132e6f-def8-45c0-b0d2-c5ba43d86628:c5751]
2019-06-13 22:27:01,642 INFO  client.GrpcClientProtocolClient (GrpcClientProtocolClient.java:onNext(254)) - client-43E682E1E07B->d5132e6f-def8-45c0-b0d2-c5ba43d86628: receive RaftClientReply:client-43E682E1E07B->d5132e6f-def8-45c0-b0d2-c5ba43d86628@group-C29775A8E805, cid=3339, SUCCESS, logIndex=5752, commits[d5132e6f-def8-45c0-b0d2-c5ba43d86628:c5754]
2019-06-13 22:27:01,642 INFO  client.GrpcClientProtocolClient (GrpcClientProtocolClient.java:onNext(254)) - client-43E682E1E07B->d5132e6f-def8-45c0-b0d2-c5ba43d86628: receive RaftClientReply:client-43E682E1E07B->d5132e6f-def8-45c0-b0d2-c5ba43d86628@group-C29775A8E805, cid=3340, SUCCESS, logIndex=5753, commits[d5132e6f-def8-45c0-b0d2-c5ba43d86628:c5754]
2019-06-13 22:27:01,648 INFO  client.GrpcClientProtocolClient (GrpcClientProtocolClient.java:onNext(254)) - client-43E682E1E07B->d5132e6f-def8-45c0-b0d2-c5ba43d86628: receive RaftClientReply:client-43E682E1E07B->d5132e6f-def8-45c0-b0d2-c5ba43d86628@group-C29775A8E805, cid=3341, SUCCESS, logIndex=5755, commits[d5132e6f-def8-45c0-b0d2-c5ba43d86628:c5755]
2019-06-13 22:27:01,650 INFO  client.GrpcClientProtocolClient (GrpcClientProtocolClient.java:onNext(254)) - client-43E682E1E07B->d5132e6f-def8-45c0-b0d2-c5ba43d86628: receive RaftClientReply:client-43E682E1E07B->d5132e6f-def8-45c0-b0d2-c5ba43d86628@group-C29775A8E805, cid=3342, SUCCESS, logIndex=5757, commits[d5132e6f-def8-45c0-b0d2-c5ba43d86628:c5757]
2019-06-13 22:27:01,651 INFO  client.GrpcClientProtocolClient (GrpcClientProtocolClient.java:onNext(254)) - client-43E682E1E07B->d5132e6f-def8-45c0-b0d2-c5ba43d86628: receive RaftClientReply:client-43E682E1E07B->d5132e6f-def8-45c0-b0d2-c5ba43d86628@group-C29775A8E805, cid=3343, SUCCESS, logIndex=5758, commits[d5132e6f-def8-45c0-b0d2-c5ba43d86628:c5760]
2019-06-13 22:27:01,651 INFO  client.GrpcClientProtocolClient (GrpcClientProtocolClient.java:onNext(254)) - client-43E682E1E07B->d5132e6f-def8-45c0-b0d2-c5ba43d86628: receive RaftClientReply:client-43E682E1E07B->d5132e6f-def8-45c0-b0d2-c5ba43d86628@group-C29775A8E805, cid=3344, SUCCESS, logIndex=5759, commits[d5132e6f-def8-45c0-b0d2-c5ba43d86628:c5760]
2019-06-13 22:27:01,668 INFO  client.GrpcClientProtocolClient (GrpcClientProtocolClient.java:onNext(254)) - client-43E682E1E07B->d5132e6f-def8-45c0-b0d2-c5ba43d86628: receive RaftClientReply:client-43E682E1E07B->d5132e6f-def8-45c0-b0d2-c5ba43d86628@group-C29775A8E805, cid=3345, SUCCESS, logIndex=5761, commits[d5132e6f-def8-45c0-b0d2-c5ba43d86628:c5761]
2019-06-13 22:27:01,674 INFO  client.GrpcClientProtocolClient (GrpcClientProtocolClient.java:onNext(254)) - client-43E682E1E07B->d5132e6f-def8-45c0-b0d2-c5ba43d86628: receive RaftClientReply:client-43E682E1E07B->d5132e6f-def8-45c0-b0d2-c5ba43d86628@group-C29775A8E805, cid=3346, SUCCESS, logIndex=5763, commits[d5132e6f-def8-45c0-b0d2-c5ba43d86628:c5763]
2019-06-13 22:27:01,678 INFO  client.GrpcClientProtocolClient (GrpcClientProtocolClient.java:onNext(254)) - client-43E682E1E07B->d5132e6f-def8-45c0-b0d2-c5ba43d86628: receive RaftClientReply:client-43E682E1E07B->d5132e6f-def8-45c0-b0d2-c5ba43d86628@group-C29775A8E805, cid=3347, SUCCESS, logIndex=5764, commits[d5132e6f-def8-45c0-b0d2-c5ba43d86628:c5766]
2019-06-13 22:27:01,680 INFO  client.GrpcClientProtocolClient (GrpcClientProtocolClient.java:onNext(254)) - client-43E682E1E07B->d5132e6f-def8-45c0-b0d2-c5ba43d86628: receive RaftClientReply:client-43E682E1E07B->d5132e6f-def8-45c0-b0d2-c5ba43d86628@group-C29775A8E805, cid=3348, SUCCESS, logIndex=5766, commits[d5132e6f-def8-45c0-b0d2-c5ba43d86628:c5766]
2019-06-13 22:27:01,686 INFO  client.GrpcClientProtocolClient (GrpcClientProtocolClient.java:onNext(254)) - client-43E682E1E07B->d5132e6f-def8-45c0-b0d2-c5ba43d86628: receive RaftClientReply:client-43E682E1E07B->d5132e6f-def8-45c0-b0d2-c5ba43d86628@group-C29775A8E805, cid=3349, SUCCESS, logIndex=5768, commits[d5132e6f-def8-45c0-b0d2-c5ba43d86628:c5768]
2019-06-13 22:27:01,688 INFO  client.GrpcClientProtocolClient (GrpcClientProtocolClient.java:onNext(254)) - client-43E682E1E07B->d5132e6f-def8-45c0-b0d2-c5ba43d86628: receive RaftClientReply:client-43E682E1E07B->d5132e6f-def8-45c0-b0d2-c5ba43d86628@group-C29775A8E805, cid=3350, SUCCESS, logIndex=5770, commits[d5132e6f-def8-45c0-b0d2-c5ba43d86628:c5770]
2019-06-13 22:27:01,689 INFO  client.GrpcClientProtocolClient (GrpcClientProtocolClient.java:onNext(254)) - client-43E682E1E07B->d5132e6f-def8-45c0-b0d2-c5ba43d86628: receive RaftClientReply:client-43E682E1E07B->d5132e6f-def8-45c0-b0d2-c5ba43d86628@group-C29775A8E805, cid=3351, SUCCESS, logIndex=5771, commits[d5132e6f-def8-45c0-b0d2-c5ba43d86628:c5773]
2019-06-13 22:27:01,689 INFO  client.GrpcClientProtocolClient (GrpcClientProtocolClient.java:onNext(254)) - client-43E682E1E07B->d5132e6f-def8-45c0-b0d2-c5ba43d86628: receive RaftClientReply:client-43E682E1E07B->d5132e6f-def8-45c0-b0d2-c5ba43d86628@group-C29775A8E805, cid=3352, SUCCESS, logIndex=5772, commits[d5132e6f-def8-45c0-b0d2-c5ba43d86628:c5773]
2019-06-13 22:27:01,703 INFO  client.GrpcClientProtocolClient (GrpcClientProtocolClient.java:onNext(254)) - client-43E682E1E07B->d5132e6f-def8-45c0-b0d2-c5ba43d86628: receive RaftClientReply:client-43E682E1E07B->d5132e6f-def8-45c0-b0d2-c5ba43d86628@group-C29775A8E805, cid=3353, SUCCESS, logIndex=5774, commits[d5132e6f-def8-45c0-b0d2-c5ba43d86628:c5774]
2019-06-13 22:27:01,704 INFO  client.GrpcClientProtocolClient (GrpcClientProtocolClient.java:onNext(254)) - client-43E682E1E07B->d5132e6f-def8-45c0-b0d2-c5ba43d86628: receive RaftClientReply:client-43E682E1E07B->d5132e6f-def8-45c0-b0d2-c5ba43d86628@group-C29775A8E805, cid=3354, SUCCESS, logIndex=5776, commits[d5132e6f-def8-45c0-b0d2-c5ba43d86628:c5776]
2019-06-13 22:27:01,710 INFO  client.GrpcClientProtocolClient (GrpcClientProtocolClient.java:onNext(254)) - client-43E682E1E07B->d5132e6f-def8-45c0-b0d2-c5ba43d86628: receive RaftClientReply:client-43E682E1E07B->d5132e6f-def8-45c0-b0d2-c5ba43d86628@group-C29775A8E805, cid=3355, SUCCESS, logIndex=5778, commits[d5132e6f-def8-45c0-b0d2-c5ba43d86628:c5779]
2019-06-13 22:27:01,712 INFO  client.GrpcClientProtocolClient (GrpcClientProtocolClient.java:onNext(254)) - client-43E682E1E07B->d5132e6f-def8-45c0-b0d2-c5ba43d86628: receive RaftClientReply:client-43E682E1E07B->d5132e6f-def8-45c0-b0d2-c5ba43d86628@group-C29775A8E805, cid=3356, SUCCESS, logIndex=5779, commits[d5132e6f-def8-45c0-b0d2-c5ba43d86628:c5780]
2019-06-13 22:27:01,720 DEBUG block.SCMBlockDeletingService (SCMBlockDeletingService.java:call(138)) - Running DeletedBlockTransactionScanner
2019-06-13 22:27:01,720 DEBUG block.SCMBlockDeletingService (SCMBlockDeletingService.java:call(155)) - Scanned deleted blocks log and got 0 delTX to process.
2019-06-13 22:27:01,736 INFO  client.GrpcClientProtocolClient (GrpcClientProtocolClient.java:onNext(254)) - client-43E682E1E07B->d5132e6f-def8-45c0-b0d2-c5ba43d86628: receive RaftClientReply:client-43E682E1E07B->d5132e6f-def8-45c0-b0d2-c5ba43d86628@group-C29775A8E805, cid=3357, SUCCESS, logIndex=5781, commits[d5132e6f-def8-45c0-b0d2-c5ba43d86628:c5781]
2019-06-13 22:27:01,738 INFO  client.GrpcClientProtocolClient (GrpcClientProtocolClient.java:onNext(254)) - client-43E682E1E07B->d5132e6f-def8-45c0-b0d2-c5ba43d86628: receive RaftClientReply:client-43E682E1E07B->d5132e6f-def8-45c0-b0d2-c5ba43d86628@group-C29775A8E805, cid=3358, SUCCESS, logIndex=5783, commits[d5132e6f-def8-45c0-b0d2-c5ba43d86628:c5783]
2019-06-13 22:27:01,819 INFO  client.GrpcClientProtocolClient (GrpcClientProtocolClient.java:onNext(254)) - client-43E682E1E07B->d5132e6f-def8-45c0-b0d2-c5ba43d86628: receive RaftClientReply:client-43E682E1E07B->d5132e6f-def8-45c0-b0d2-c5ba43d86628@group-C29775A8E805, cid=3359, SUCCESS, logIndex=5785, commits[d5132e6f-def8-45c0-b0d2-c5ba43d86628:c5785]
2019-06-13 22:27:01,821 DEBUG block.SCMBlockDeletingService (SCMBlockDeletingService.java:call(138)) - Running DeletedBlockTransactionScanner
2019-06-13 22:27:01,821 DEBUG block.SCMBlockDeletingService (SCMBlockDeletingService.java:call(155)) - Scanned deleted blocks log and got 0 delTX to process.
2019-06-13 22:27:01,826 INFO  client.GrpcClientProtocolClient (GrpcClientProtocolClient.java:onNext(254)) - client-43E682E1E07B->d5132e6f-def8-45c0-b0d2-c5ba43d86628: receive RaftClientReply:client-43E682E1E07B->d5132e6f-def8-45c0-b0d2-c5ba43d86628@group-C29775A8E805, cid=3360, SUCCESS, logIndex=5787, commits[d5132e6f-def8-45c0-b0d2-c5ba43d86628:c5787]
2019-06-13 22:27:01,839 INFO  client.GrpcClientProtocolClient (GrpcClientProtocolClient.java:onNext(254)) - client-43E682E1E07B->d5132e6f-def8-45c0-b0d2-c5ba43d86628: receive RaftClientReply:client-43E682E1E07B->d5132e6f-def8-45c0-b0d2-c5ba43d86628@group-C29775A8E805, cid=3361, SUCCESS, logIndex=5789, commits[d5132e6f-def8-45c0-b0d2-c5ba43d86628:c5789]
2019-06-13 22:27:01,842 INFO  client.GrpcClientProtocolClient (GrpcClientProtocolClient.java:onNext(254)) - client-43E682E1E07B->d5132e6f-def8-45c0-b0d2-c5ba43d86628: receive RaftClientReply:client-43E682E1E07B->d5132e6f-def8-45c0-b0d2-c5ba43d86628@group-C29775A8E805, cid=3362, SUCCESS, logIndex=5791, commits[d5132e6f-def8-45c0-b0d2-c5ba43d86628:c5791]
2019-06-13 22:27:01,843 INFO  client.GrpcClientProtocolClient (GrpcClientProtocolClient.java:onNext(254)) - client-43E682E1E07B->d5132e6f-def8-45c0-b0d2-c5ba43d86628: receive RaftClientReply:client-43E682E1E07B->d5132e6f-def8-45c0-b0d2-c5ba43d86628@group-C29775A8E805, cid=3363, SUCCESS, logIndex=5792, commits[d5132e6f-def8-45c0-b0d2-c5ba43d86628:c5792]
2019-06-13 22:27:01,843 INFO  client.GrpcClientProtocolClient (GrpcClientProtocolClient.java:onNext(254)) - client-43E682E1E07B->d5132e6f-def8-45c0-b0d2-c5ba43d86628: receive RaftClientReply:client-43E682E1E07B->d5132e6f-def8-45c0-b0d2-c5ba43d86628@group-C29775A8E805, cid=3364, SUCCESS, logIndex=5794, commits[d5132e6f-def8-45c0-b0d2-c5ba43d86628:c5794]
2019-06-13 22:27:01,850 INFO  client.GrpcClientProtocolClient (GrpcClientProtocolClient.java:onNext(254)) - client-43E682E1E07B->d5132e6f-def8-45c0-b0d2-c5ba43d86628: receive RaftClientReply:client-43E682E1E07B->d5132e6f-def8-45c0-b0d2-c5ba43d86628@group-C29775A8E805, cid=3365, SUCCESS, logIndex=5797, commits[d5132e6f-def8-45c0-b0d2-c5ba43d86628:c5797]
2019-06-13 22:27:01,853 INFO  client.GrpcClientProtocolClient (GrpcClientProtocolClient.java:onNext(254)) - client-43E682E1E07B->d5132e6f-def8-45c0-b0d2-c5ba43d86628: receive RaftClientReply:client-43E682E1E07B->d5132e6f-def8-45c0-b0d2-c5ba43d86628@group-C29775A8E805, cid=3366, SUCCESS, logIndex=5799, commits[d5132e6f-def8-45c0-b0d2-c5ba43d86628:c5799]
2019-06-13 22:27:01,854 INFO  client.GrpcClientProtocolClient (GrpcClientProtocolClient.java:onNext(254)) - client-43E682E1E07B->d5132e6f-def8-45c0-b0d2-c5ba43d86628: receive RaftClientReply:client-43E682E1E07B->d5132e6f-def8-45c0-b0d2-c5ba43d86628@group-C29775A8E805, cid=3367, SUCCESS, logIndex=5800, commits[d5132e6f-def8-45c0-b0d2-c5ba43d86628:c5800]
2019-06-13 22:27:01,855 INFO  client.GrpcClientProtocolClient (GrpcClientProtocolClient.java:onNext(254)) - client-43E682E1E07B->d5132e6f-def8-45c0-b0d2-c5ba43d86628: receive RaftClientReply:client-43E682E1E07B->d5132e6f-def8-45c0-b0d2-c5ba43d86628@group-C29775A8E805, cid=3368, SUCCESS, logIndex=5803, commits[d5132e6f-def8-45c0-b0d2-c5ba43d86628:c5803]
2019-06-13 22:27:01,868 INFO  client.GrpcClientProtocolClient (GrpcClientProtocolClient.java:onNext(254)) - client-43E682E1E07B->d5132e6f-def8-45c0-b0d2-c5ba43d86628: receive RaftClientReply:client-43E682E1E07B->d5132e6f-def8-45c0-b0d2-c5ba43d86628@group-C29775A8E805, cid=3369, SUCCESS, logIndex=5805, commits[d5132e6f-def8-45c0-b0d2-c5ba43d86628:c5805]
2019-06-13 22:27:01,870 INFO  client.GrpcClientProtocolClient (GrpcClientProtocolClient.java:onNext(254)) - client-43E682E1E07B->d5132e6f-def8-45c0-b0d2-c5ba43d86628: receive RaftClientReply:client-43E682E1E07B->d5132e6f-def8-45c0-b0d2-c5ba43d86628@group-C29775A8E805, cid=3370, SUCCESS, logIndex=5807, commits[d5132e6f-def8-45c0-b0d2-c5ba43d86628:c5807]
2019-06-13 22:27:01,872 INFO  client.GrpcClientProtocolClient (GrpcClientProtocolClient.java:onNext(254)) - client-43E682E1E07B->d5132e6f-def8-45c0-b0d2-c5ba43d86628: receive RaftClientReply:client-43E682E1E07B->d5132e6f-def8-45c0-b0d2-c5ba43d86628@group-C29775A8E805, cid=3371, SUCCESS, logIndex=5809, commits[d5132e6f-def8-45c0-b0d2-c5ba43d86628:c5810]
2019-06-13 22:27:01,874 INFO  client.GrpcClientProtocolClient (GrpcClientProtocolClient.java:onNext(254)) - client-43E682E1E07B->d5132e6f-def8-45c0-b0d2-c5ba43d86628: receive RaftClientReply:client-43E682E1E07B->d5132e6f-def8-45c0-b0d2-c5ba43d86628@group-C29775A8E805, cid=3372, SUCCESS, logIndex=5810, commits[d5132e6f-def8-45c0-b0d2-c5ba43d86628:c5810]
2019-06-13 22:27:01,882 INFO  client.GrpcClientProtocolClient (GrpcClientProtocolClient.java:onNext(254)) - client-43E682E1E07B->d5132e6f-def8-45c0-b0d2-c5ba43d86628: receive RaftClientReply:client-43E682E1E07B->d5132e6f-def8-45c0-b0d2-c5ba43d86628@group-C29775A8E805, cid=3373, SUCCESS, logIndex=5812, commits[d5132e6f-def8-45c0-b0d2-c5ba43d86628:c5812]
2019-06-13 22:27:01,886 INFO  client.GrpcClientProtocolClient (GrpcClientProtocolClient.java:onNext(254)) - client-43E682E1E07B->d5132e6f-def8-45c0-b0d2-c5ba43d86628: receive RaftClientReply:client-43E682E1E07B->d5132e6f-def8-45c0-b0d2-c5ba43d86628@group-C29775A8E805, cid=3374, SUCCESS, logIndex=5814, commits[d5132e6f-def8-45c0-b0d2-c5ba43d86628:c5814]
2019-06-13 22:27:01,886 INFO  storage.RaftLogWorker (RaftLogWorker.java:rollLogSegment(303)) - d5132e6f-def8-45c0-b0d2-c5ba43d86628-RaftLogWorker: Rolling segment log-5745_5816 to index:5816
2019-06-13 22:27:01,887 INFO  storage.RaftLogWorker (RaftLogWorker.java:execute(433)) - d5132e6f-def8-45c0-b0d2-c5ba43d86628-RaftLogWorker: Rolled log segment from /opt/src/hadoop-ozone/integration-test/target/test-dir/MiniOzoneClusterImpl-e9ea07bb-4900-4b53-96c1-68f0ab556a80/datanode-0/data/ratis/c7035dd3-cd4a-42fb-880d-c29775a8e805/current/log_inprogress_5745 to /opt/src/hadoop-ozone/integration-test/target/test-dir/MiniOzoneClusterImpl-e9ea07bb-4900-4b53-96c1-68f0ab556a80/datanode-0/data/ratis/c7035dd3-cd4a-42fb-880d-c29775a8e805/current/log_5745-5816
2019-06-13 22:27:01,890 INFO  client.GrpcClientProtocolClient (GrpcClientProtocolClient.java:onNext(254)) - client-43E682E1E07B->d5132e6f-def8-45c0-b0d2-c5ba43d86628: receive RaftClientReply:client-43E682E1E07B->d5132e6f-def8-45c0-b0d2-c5ba43d86628@group-C29775A8E805, cid=3375, SUCCESS, logIndex=5816, commits[d5132e6f-def8-45c0-b0d2-c5ba43d86628:c5816]
2019-06-13 22:27:01,921 DEBUG block.SCMBlockDeletingService (SCMBlockDeletingService.java:call(138)) - Running DeletedBlockTransactionScanner
2019-06-13 22:27:01,921 DEBUG block.SCMBlockDeletingService (SCMBlockDeletingService.java:call(155)) - Scanned deleted blocks log and got 0 delTX to process.
2019-06-13 22:27:01,934 INFO  storage.RaftLogWorker (RaftLogWorker.java:execute(469)) - d5132e6f-def8-45c0-b0d2-c5ba43d86628-RaftLogWorker: created new log segment /opt/src/hadoop-ozone/integration-test/target/test-dir/MiniOzoneClusterImpl-e9ea07bb-4900-4b53-96c1-68f0ab556a80/datanode-0/data/ratis/c7035dd3-cd4a-42fb-880d-c29775a8e805/current/log_inprogress_5817
2019-06-13 22:27:01,935 INFO  client.GrpcClientProtocolClient (GrpcClientProtocolClient.java:onNext(254)) - client-43E682E1E07B->d5132e6f-def8-45c0-b0d2-c5ba43d86628: receive RaftClientReply:client-43E682E1E07B->d5132e6f-def8-45c0-b0d2-c5ba43d86628@group-C29775A8E805, cid=3376, SUCCESS, logIndex=5817, commits[d5132e6f-def8-45c0-b0d2-c5ba43d86628:c5818]
2019-06-13 22:27:01,946 INFO  client.GrpcClientProtocolClient (GrpcClientProtocolClient.java:onNext(254)) - client-43E682E1E07B->d5132e6f-def8-45c0-b0d2-c5ba43d86628: receive RaftClientReply:client-43E682E1E07B->d5132e6f-def8-45c0-b0d2-c5ba43d86628@group-C29775A8E805, cid=3377, SUCCESS, logIndex=5819, commits[d5132e6f-def8-45c0-b0d2-c5ba43d86628:c5819]
2019-06-13 22:27:01,947 INFO  client.GrpcClientProtocolClient (GrpcClientProtocolClient.java:onNext(254)) - client-43E682E1E07B->d5132e6f-def8-45c0-b0d2-c5ba43d86628: receive RaftClientReply:client-43E682E1E07B->d5132e6f-def8-45c0-b0d2-c5ba43d86628@group-C29775A8E805, cid=3378, SUCCESS, logIndex=5821, commits[d5132e6f-def8-45c0-b0d2-c5ba43d86628:c5821]
2019-06-13 22:27:01,948 INFO  client.GrpcClientProtocolClient (GrpcClientProtocolClient.java:onNext(254)) - client-43E682E1E07B->d5132e6f-def8-45c0-b0d2-c5ba43d86628: receive RaftClientReply:client-43E682E1E07B->d5132e6f-def8-45c0-b0d2-c5ba43d86628@group-C29775A8E805, cid=3379, SUCCESS, logIndex=5822, commits[d5132e6f-def8-45c0-b0d2-c5ba43d86628:c5824]
2019-06-13 22:27:01,948 INFO  client.GrpcClientProtocolClient (GrpcClientProtocolClient.java:onNext(254)) - client-43E682E1E07B->d5132e6f-def8-45c0-b0d2-c5ba43d86628: receive RaftClientReply:client-43E682E1E07B->d5132e6f-def8-45c0-b0d2-c5ba43d86628@group-C29775A8E805, cid=3380, SUCCESS, logIndex=5823, commits[d5132e6f-def8-45c0-b0d2-c5ba43d86628:c5824]
2019-06-13 22:27:01,956 INFO  client.GrpcClientProtocolClient (GrpcClientProtocolClient.java:onNext(254)) - client-43E682E1E07B->d5132e6f-def8-45c0-b0d2-c5ba43d86628: receive RaftClientReply:client-43E682E1E07B->d5132e6f-def8-45c0-b0d2-c5ba43d86628@group-C29775A8E805, cid=3381, SUCCESS, logIndex=5825, commits[d5132e6f-def8-45c0-b0d2-c5ba43d86628:c5825]
2019-06-13 22:27:01,957 INFO  client.GrpcClientProtocolClient (GrpcClientProtocolClient.java:onNext(254)) - client-43E682E1E07B->d5132e6f-def8-45c0-b0d2-c5ba43d86628: receive RaftClientReply:client-43E682E1E07B->d5132e6f-def8-45c0-b0d2-c5ba43d86628@group-C29775A8E805, cid=3382, SUCCESS, logIndex=5827, commits[d5132e6f-def8-45c0-b0d2-c5ba43d86628:c5827]
2019-06-13 22:27:01,958 INFO  client.GrpcClientProtocolClient (GrpcClientProtocolClient.java:onNext(254)) - client-43E682E1E07B->d5132e6f-def8-45c0-b0d2-c5ba43d86628: receive RaftClientReply:client-43E682E1E07B->d5132e6f-def8-45c0-b0d2-c5ba43d86628@group-C29775A8E805, cid=3383, SUCCESS, logIndex=5828, commits[d5132e6f-def8-45c0-b0d2-c5ba43d86628:c5830]
2019-06-13 22:27:01,959 INFO  client.GrpcClientProtocolClient (GrpcClientProtocolClient.java:onNext(254)) - client-43E682E1E07B->d5132e6f-def8-45c0-b0d2-c5ba43d86628: receive RaftClientReply:client-43E682E1E07B->d5132e6f-def8-45c0-b0d2-c5ba43d86628@group-C29775A8E805, cid=3384, SUCCESS, logIndex=5829, commits[d5132e6f-def8-45c0-b0d2-c5ba43d86628:c5830]
2019-06-13 22:27:02,006 INFO  client.GrpcClientProtocolClient (GrpcClientProtocolClient.java:onNext(254)) - client-43E682E1E07B->d5132e6f-def8-45c0-b0d2-c5ba43d86628: receive RaftClientReply:client-43E682E1E07B->d5132e6f-def8-45c0-b0d2-c5ba43d86628@group-C29775A8E805, cid=3385, SUCCESS, logIndex=5831, commits[d5132e6f-def8-45c0-b0d2-c5ba43d86628:c5831]
2019-06-13 22:27:02,013 INFO  client.GrpcClientProtocolClient (GrpcClientProtocolClient.java:onNext(254)) - client-43E682E1E07B->d5132e6f-def8-45c0-b0d2-c5ba43d86628: receive RaftClientReply:client-43E682E1E07B->d5132e6f-def8-45c0-b0d2-c5ba43d86628@group-C29775A8E805, cid=3386, SUCCESS, logIndex=5833, commits[d5132e6f-def8-45c0-b0d2-c5ba43d86628:c5833]
2019-06-13 22:27:02,014 INFO  client.GrpcClientProtocolClient (GrpcClientProtocolClient.java:onNext(254)) - client-43E682E1E07B->d5132e6f-def8-45c0-b0d2-c5ba43d86628: receive RaftClientReply:client-43E682E1E07B->d5132e6f-def8-45c0-b0d2-c5ba43d86628@group-C29775A8E805, cid=3387, SUCCESS, logIndex=5834, commits[d5132e6f-def8-45c0-b0d2-c5ba43d86628:c5836]
2019-06-13 22:27:02,015 INFO  client.GrpcClientProtocolClient (GrpcClientProtocolClient.java:onNext(254)) - client-43E682E1E07B->d5132e6f-def8-45c0-b0d2-c5ba43d86628: receive RaftClientReply:client-43E682E1E07B->d5132e6f-def8-45c0-b0d2-c5ba43d86628@group-C29775A8E805, cid=3388, SUCCESS, logIndex=5836, commits[d5132e6f-def8-45c0-b0d2-c5ba43d86628:c5837]
2019-06-13 22:27:02,021 DEBUG block.SCMBlockDeletingService (SCMBlockDeletingService.java:call(138)) - Running DeletedBlockTransactionScanner
2019-06-13 22:27:02,021 DEBUG block.SCMBlockDeletingService (SCMBlockDeletingService.java:call(155)) - Scanned deleted blocks log and got 0 delTX to process.
2019-06-13 22:27:02,022 INFO  client.GrpcClientProtocolClient (GrpcClientProtocolClient.java:onNext(254)) - client-43E682E1E07B->d5132e6f-def8-45c0-b0d2-c5ba43d86628: receive RaftClientReply:client-43E682E1E07B->d5132e6f-def8-45c0-b0d2-c5ba43d86628@group-C29775A8E805, cid=3389, SUCCESS, logIndex=5838, commits[d5132e6f-def8-45c0-b0d2-c5ba43d86628:c5838]
2019-06-13 22:27:02,024 INFO  client.GrpcClientProtocolClient (GrpcClientProtocolClient.java:onNext(254)) - client-43E682E1E07B->d5132e6f-def8-45c0-b0d2-c5ba43d86628: receive RaftClientReply:client-43E682E1E07B->d5132e6f-def8-45c0-b0d2-c5ba43d86628@group-C29775A8E805, cid=3390, SUCCESS, logIndex=5840, commits[d5132e6f-def8-45c0-b0d2-c5ba43d86628:c5840]
2019-06-13 22:27:02,025 INFO  client.GrpcClientProtocolClient (GrpcClientProtocolClient.java:onNext(254)) - client-43E682E1E07B->d5132e6f-def8-45c0-b0d2-c5ba43d86628: receive RaftClientReply:client-43E682E1E07B->d5132e6f-def8-45c0-b0d2-c5ba43d86628@group-C29775A8E805, cid=3391, SUCCESS, logIndex=5841, commits[d5132e6f-def8-45c0-b0d2-c5ba43d86628:c5843]
2019-06-13 22:27:02,025 INFO  client.GrpcClientProtocolClient (GrpcClientProtocolClient.java:onNext(254)) - client-43E682E1E07B->d5132e6f-def8-45c0-b0d2-c5ba43d86628: receive RaftClientReply:client-43E682E1E07B->d5132e6f-def8-45c0-b0d2-c5ba43d86628@group-C29775A8E805, cid=3392, SUCCESS, logIndex=5843, commits[d5132e6f-def8-45c0-b0d2-c5ba43d86628:c5843]
2019-06-13 22:27:02,035 INFO  client.GrpcClientProtocolClient (GrpcClientProtocolClient.java:onNext(254)) - client-43E682E1E07B->d5132e6f-def8-45c0-b0d2-c5ba43d86628: receive RaftClientReply:client-43E682E1E07B->d5132e6f-def8-45c0-b0d2-c5ba43d86628@group-C29775A8E805, cid=3393, SUCCESS, logIndex=5845, commits[d5132e6f-def8-45c0-b0d2-c5ba43d86628:c5845]
2019-06-13 22:27:02,037 INFO  client.GrpcClientProtocolClient (GrpcClientProtocolClient.java:onNext(254)) - client-43E682E1E07B->d5132e6f-def8-45c0-b0d2-c5ba43d86628: receive RaftClientReply:client-43E682E1E07B->d5132e6f-def8-45c0-b0d2-c5ba43d86628@group-C29775A8E805, cid=3394, SUCCESS, logIndex=5847, commits[d5132e6f-def8-45c0-b0d2-c5ba43d86628:c5847]
2019-06-13 22:27:02,039 INFO  client.GrpcClientProtocolClient (GrpcClientProtocolClient.java:onNext(254)) - client-43E682E1E07B->d5132e6f-def8-45c0-b0d2-c5ba43d86628: receive RaftClientReply:client-43E682E1E07B->d5132e6f-def8-45c0-b0d2-c5ba43d86628@group-C29775A8E805, cid=3395, SUCCESS, logIndex=5849, commits[d5132e6f-def8-45c0-b0d2-c5ba43d86628:c5850]
2019-06-13 22:27:02,040 INFO  client.GrpcClientProtocolClient (GrpcClientProtocolClient.java:onNext(254)) - client-43E682E1E07B->d5132e6f-def8-45c0-b0d2-c5ba43d86628: receive RaftClientReply:client-43E682E1E07B->d5132e6f-def8-45c0-b0d2-c5ba43d86628@group-C29775A8E805, cid=3396, SUCCESS, logIndex=5850, commits[d5132e6f-def8-45c0-b0d2-c5ba43d86628:c5851]
2019-06-13 22:27:02,047 INFO  client.GrpcClientProtocolClient (GrpcClientProtocolClient.java:onNext(254)) - client-43E682E1E07B->d5132e6f-def8-45c0-b0d2-c5ba43d86628: receive RaftClientReply:client-43E682E1E07B->d5132e6f-def8-45c0-b0d2-c5ba43d86628@group-C29775A8E805, cid=3397, SUCCESS, logIndex=5852, commits[d5132e6f-def8-45c0-b0d2-c5ba43d86628:c5853]
2019-06-13 22:27:02,049 INFO  client.GrpcClientProtocolClient (GrpcClientProtocolClient.java:onNext(254)) - client-43E682E1E07B->d5132e6f-def8-45c0-b0d2-c5ba43d86628: receive RaftClientReply:client-43E682E1E07B->d5132e6f-def8-45c0-b0d2-c5ba43d86628@group-C29775A8E805, cid=3398, SUCCESS, logIndex=5854, commits[d5132e6f-def8-45c0-b0d2-c5ba43d86628:c5854]
2019-06-13 22:27:02,050 INFO  client.GrpcClientProtocolClient (GrpcClientProtocolClient.java:onNext(254)) - client-43E682E1E07B->d5132e6f-def8-45c0-b0d2-c5ba43d86628: receive RaftClientReply:client-43E682E1E07B->d5132e6f-def8-45c0-b0d2-c5ba43d86628@group-C29775A8E805, cid=3399, SUCCESS, logIndex=5855, commits[d5132e6f-def8-45c0-b0d2-c5ba43d86628:c5856]
2019-06-13 22:27:02,050 INFO  client.GrpcClientProtocolClient (GrpcClientProtocolClient.java:onNext(254)) - client-43E682E1E07B->d5132e6f-def8-45c0-b0d2-c5ba43d86628: receive RaftClientReply:client-43E682E1E07B->d5132e6f-def8-45c0-b0d2-c5ba43d86628@group-C29775A8E805, cid=3400, SUCCESS, logIndex=5856, commits[d5132e6f-def8-45c0-b0d2-c5ba43d86628:c5856]
2019-06-13 22:27:02,062 INFO  client.GrpcClientProtocolClient (GrpcClientProtocolClient.java:onNext(254)) - client-43E682E1E07B->d5132e6f-def8-45c0-b0d2-c5ba43d86628: receive RaftClientReply:client-43E682E1E07B->d5132e6f-def8-45c0-b0d2-c5ba43d86628@group-C29775A8E805, cid=3401, SUCCESS, logIndex=5859, commits[d5132e6f-def8-45c0-b0d2-c5ba43d86628:c5859]
2019-06-13 22:27:02,063 INFO  client.GrpcClientProtocolClient (GrpcClientProtocolClient.java:onNext(254)) - client-43E682E1E07B->d5132e6f-def8-45c0-b0d2-c5ba43d86628: receive RaftClientReply:client-43E682E1E07B->d5132e6f-def8-45c0-b0d2-c5ba43d86628@group-C29775A8E805, cid=3402, SUCCESS, logIndex=5861, commits[d5132e6f-def8-45c0-b0d2-c5ba43d86628:c5861]
2019-06-13 22:27:02,122 DEBUG block.SCMBlockDeletingService (SCMBlockDeletingService.java:call(138)) - Running DeletedBlockTransactionScanner
2019-06-13 22:27:02,122 DEBUG block.SCMBlockDeletingService (SCMBlockDeletingService.java:call(155)) - Scanned deleted blocks log and got 0 delTX to process.
2019-06-13 22:27:02,148 INFO  client.GrpcClientProtocolClient (GrpcClientProtocolClient.java:onNext(254)) - client-43E682E1E07B->d5132e6f-def8-45c0-b0d2-c5ba43d86628: receive RaftClientReply:client-43E682E1E07B->d5132e6f-def8-45c0-b0d2-c5ba43d86628@group-C29775A8E805, cid=3403, SUCCESS, logIndex=5863, commits[d5132e6f-def8-45c0-b0d2-c5ba43d86628:c5863]
2019-06-13 22:27:02,149 INFO  client.GrpcClientProtocolClient (GrpcClientProtocolClient.java:onNext(254)) - client-43E682E1E07B->d5132e6f-def8-45c0-b0d2-c5ba43d86628: receive RaftClientReply:client-43E682E1E07B->d5132e6f-def8-45c0-b0d2-c5ba43d86628@group-C29775A8E805, cid=3404, SUCCESS, logIndex=5865, commits[d5132e6f-def8-45c0-b0d2-c5ba43d86628:c5865]
2019-06-13 22:27:02,162 INFO  client.GrpcClientProtocolClient (GrpcClientProtocolClient.java:onNext(254)) - client-43E682E1E07B->d5132e6f-def8-45c0-b0d2-c5ba43d86628: receive RaftClientReply:client-43E682E1E07B->d5132e6f-def8-45c0-b0d2-c5ba43d86628@group-C29775A8E805, cid=3405, SUCCESS, logIndex=5867, commits[d5132e6f-def8-45c0-b0d2-c5ba43d86628:c5868]
2019-06-13 22:27:02,165 INFO  client.GrpcClientProtocolClient (GrpcClientProtocolClient.java:onNext(254)) - client-43E682E1E07B->d5132e6f-def8-45c0-b0d2-c5ba43d86628: receive RaftClientReply:client-43E682E1E07B->d5132e6f-def8-45c0-b0d2-c5ba43d86628@group-C29775A8E805, cid=3406, SUCCESS, logIndex=5869, commits[d5132e6f-def8-45c0-b0d2-c5ba43d86628:c5871]
2019-06-13 22:27:02,170 INFO  client.GrpcClientProtocolClient (GrpcClientProtocolClient.java:onNext(254)) - client-43E682E1E07B->d5132e6f-def8-45c0-b0d2-c5ba43d86628: receive RaftClientReply:client-43E682E1E07B->d5132e6f-def8-45c0-b0d2-c5ba43d86628@group-C29775A8E805, cid=3407, SUCCESS, logIndex=5870, commits[d5132e6f-def8-45c0-b0d2-c5ba43d86628:c5871]
2019-06-13 22:27:02,170 INFO  client.GrpcClientProtocolClient (GrpcClientProtocolClient.java:onNext(254)) - client-43E682E1E07B->d5132e6f-def8-45c0-b0d2-c5ba43d86628: receive RaftClientReply:client-43E682E1E07B->d5132e6f-def8-45c0-b0d2-c5ba43d86628@group-C29775A8E805, cid=3408, SUCCESS, logIndex=5871, commits[d5132e6f-def8-45c0-b0d2-c5ba43d86628:c5871]
2019-06-13 22:27:02,184 INFO  client.GrpcClientProtocolClient (GrpcClientProtocolClient.java:onNext(254)) - client-43E682E1E07B->d5132e6f-def8-45c0-b0d2-c5ba43d86628: receive RaftClientReply:client-43E682E1E07B->d5132e6f-def8-45c0-b0d2-c5ba43d86628@group-C29775A8E805, cid=3409, SUCCESS, logIndex=5873, commits[d5132e6f-def8-45c0-b0d2-c5ba43d86628:c5873]
2019-06-13 22:27:02,186 INFO  client.GrpcClientProtocolClient (GrpcClientProtocolClient.java:onNext(254)) - client-43E682E1E07B->d5132e6f-def8-45c0-b0d2-c5ba43d86628: receive RaftClientReply:client-43E682E1E07B->d5132e6f-def8-45c0-b0d2-c5ba43d86628@group-C29775A8E805, cid=3410, SUCCESS, logIndex=5875, commits[d5132e6f-def8-45c0-b0d2-c5ba43d86628:c5875]
2019-06-13 22:27:02,186 INFO  client.GrpcClientProtocolClient (GrpcClientProtocolClient.java:onNext(254)) - client-43E682E1E07B->d5132e6f-def8-45c0-b0d2-c5ba43d86628: receive RaftClientReply:client-43E682E1E07B->d5132e6f-def8-45c0-b0d2-c5ba43d86628@group-C29775A8E805, cid=3411, SUCCESS, logIndex=5876, commits[d5132e6f-def8-45c0-b0d2-c5ba43d86628:c5876]
2019-06-13 22:27:02,187 INFO  client.GrpcClientProtocolClient (GrpcClientProtocolClient.java:onNext(254)) - client-43E682E1E07B->d5132e6f-def8-45c0-b0d2-c5ba43d86628: receive RaftClientReply:client-43E682E1E07B->d5132e6f-def8-45c0-b0d2-c5ba43d86628@group-C29775A8E805, cid=3412, SUCCESS, logIndex=5878, commits[d5132e6f-def8-45c0-b0d2-c5ba43d86628:c5878]
2019-06-13 22:27:02,198 INFO  client.GrpcClientProtocolClient (GrpcClientProtocolClient.java:onNext(254)) - client-43E682E1E07B->d5132e6f-def8-45c0-b0d2-c5ba43d86628: receive RaftClientReply:client-43E682E1E07B->d5132e6f-def8-45c0-b0d2-c5ba43d86628@group-C29775A8E805, cid=3413, SUCCESS, logIndex=5881, commits[d5132e6f-def8-45c0-b0d2-c5ba43d86628:c5881]
2019-06-13 22:27:02,202 INFO  client.GrpcClientProtocolClient (GrpcClientProtocolClient.java:onNext(254)) - client-43E682E1E07B->d5132e6f-def8-45c0-b0d2-c5ba43d86628: receive RaftClientReply:client-43E682E1E07B->d5132e6f-def8-45c0-b0d2-c5ba43d86628@group-C29775A8E805, cid=3414, SUCCESS, logIndex=5883, commits[d5132e6f-def8-45c0-b0d2-c5ba43d86628:c5883]
2019-06-13 22:27:02,203 INFO  client.GrpcClientProtocolClient (GrpcClientProtocolClient.java:onNext(254)) - client-43E682E1E07B->d5132e6f-def8-45c0-b0d2-c5ba43d86628: receive RaftClientReply:client-43E682E1E07B->d5132e6f-def8-45c0-b0d2-c5ba43d86628@group-C29775A8E805, cid=3415, SUCCESS, logIndex=5884, commits[d5132e6f-def8-45c0-b0d2-c5ba43d86628:c5886]
2019-06-13 22:27:02,203 INFO  client.GrpcClientProtocolClient (GrpcClientProtocolClient.java:onNext(254)) - client-43E682E1E07B->d5132e6f-def8-45c0-b0d2-c5ba43d86628: receive RaftClientReply:client-43E682E1E07B->d5132e6f-def8-45c0-b0d2-c5ba43d86628@group-C29775A8E805, cid=3416, SUCCESS, logIndex=5885, commits[d5132e6f-def8-45c0-b0d2-c5ba43d86628:c5886]
2019-06-13 22:27:02,220 INFO  storage.RaftLogWorker (RaftLogWorker.java:rollLogSegment(303)) - d5132e6f-def8-45c0-b0d2-c5ba43d86628-RaftLogWorker: Rolling segment log-5817_5889 to index:5889
2019-06-13 22:27:02,220 INFO  storage.RaftLogWorker (RaftLogWorker.java:execute(433)) - d5132e6f-def8-45c0-b0d2-c5ba43d86628-RaftLogWorker: Rolled log segment from /opt/src/hadoop-ozone/integration-test/target/test-dir/MiniOzoneClusterImpl-e9ea07bb-4900-4b53-96c1-68f0ab556a80/datanode-0/data/ratis/c7035dd3-cd4a-42fb-880d-c29775a8e805/current/log_inprogress_5817 to /opt/src/hadoop-ozone/integration-test/target/test-dir/MiniOzoneClusterImpl-e9ea07bb-4900-4b53-96c1-68f0ab556a80/datanode-0/data/ratis/c7035dd3-cd4a-42fb-880d-c29775a8e805/current/log_5817-5889
2019-06-13 22:27:02,221 INFO  client.GrpcClientProtocolClient (GrpcClientProtocolClient.java:onNext(254)) - client-43E682E1E07B->d5132e6f-def8-45c0-b0d2-c5ba43d86628: receive RaftClientReply:client-43E682E1E07B->d5132e6f-def8-45c0-b0d2-c5ba43d86628@group-C29775A8E805, cid=3417, SUCCESS, logIndex=5887, commits[d5132e6f-def8-45c0-b0d2-c5ba43d86628:c5887]
2019-06-13 22:27:02,223 DEBUG block.SCMBlockDeletingService (SCMBlockDeletingService.java:call(138)) - Running DeletedBlockTransactionScanner
2019-06-13 22:27:02,223 DEBUG block.SCMBlockDeletingService (SCMBlockDeletingService.java:call(155)) - Scanned deleted blocks log and got 0 delTX to process.
2019-06-13 22:27:02,258 INFO  client.GrpcClientProtocolClient (GrpcClientProtocolClient.java:onNext(254)) - client-43E682E1E07B->d5132e6f-def8-45c0-b0d2-c5ba43d86628: receive RaftClientReply:client-43E682E1E07B->d5132e6f-def8-45c0-b0d2-c5ba43d86628@group-C29775A8E805, cid=3418, SUCCESS, logIndex=5889, commits[d5132e6f-def8-45c0-b0d2-c5ba43d86628:c5889]
2019-06-13 22:27:02,269 INFO  storage.RaftLogWorker (RaftLogWorker.java:execute(469)) - d5132e6f-def8-45c0-b0d2-c5ba43d86628-RaftLogWorker: created new log segment /opt/src/hadoop-ozone/integration-test/target/test-dir/MiniOzoneClusterImpl-e9ea07bb-4900-4b53-96c1-68f0ab556a80/datanode-0/data/ratis/c7035dd3-cd4a-42fb-880d-c29775a8e805/current/log_inprogress_5890
2019-06-13 22:27:02,274 INFO  client.GrpcClientProtocolClient (GrpcClientProtocolClient.java:onNext(254)) - client-43E682E1E07B->d5132e6f-def8-45c0-b0d2-c5ba43d86628: receive RaftClientReply:client-43E682E1E07B->d5132e6f-def8-45c0-b0d2-c5ba43d86628@group-C29775A8E805, cid=3419, SUCCESS, logIndex=5890, commits[d5132e6f-def8-45c0-b0d2-c5ba43d86628:c5891]
2019-06-13 22:27:02,276 INFO  client.GrpcClientProtocolClient (GrpcClientProtocolClient.java:onNext(254)) - client-43E682E1E07B->d5132e6f-def8-45c0-b0d2-c5ba43d86628: receive RaftClientReply:client-43E682E1E07B->d5132e6f-def8-45c0-b0d2-c5ba43d86628@group-C29775A8E805, cid=3420, SUCCESS, logIndex=5892, commits[d5132e6f-def8-45c0-b0d2-c5ba43d86628:c5892]
2019-06-13 22:27:02,290 INFO  client.GrpcClientProtocolClient (GrpcClientProtocolClient.java:onNext(254)) - client-43E682E1E07B->d5132e6f-def8-45c0-b0d2-c5ba43d86628: receive RaftClientReply:client-43E682E1E07B->d5132e6f-def8-45c0-b0d2-c5ba43d86628@group-C29775A8E805, cid=3421, SUCCESS, logIndex=5894, commits[d5132e6f-def8-45c0-b0d2-c5ba43d86628:c5894]
2019-06-13 22:27:02,293 INFO  client.GrpcClientProtocolClient (GrpcClientProtocolClient.java:onNext(254)) - client-43E682E1E07B->d5132e6f-def8-45c0-b0d2-c5ba43d86628: receive RaftClientReply:client-43E682E1E07B->d5132e6f-def8-45c0-b0d2-c5ba43d86628@group-C29775A8E805, cid=3422, SUCCESS, logIndex=5896, commits[d5132e6f-def8-45c0-b0d2-c5ba43d86628:c5896]
2019-06-13 22:27:02,298 INFO  client.GrpcClientProtocolClient (GrpcClientProtocolClient.java:onNext(254)) - client-43E682E1E07B->d5132e6f-def8-45c0-b0d2-c5ba43d86628: receive RaftClientReply:client-43E682E1E07B->d5132e6f-def8-45c0-b0d2-c5ba43d86628@group-C29775A8E805, cid=3423, SUCCESS, logIndex=5897, commits[d5132e6f-def8-45c0-b0d2-c5ba43d86628:c5897]
2019-06-13 22:27:02,301 INFO  client.GrpcClientProtocolClient (GrpcClientProtocolClient.java:onNext(254)) - client-43E682E1E07B->d5132e6f-def8-45c0-b0d2-c5ba43d86628: receive RaftClientReply:client-43E682E1E07B->d5132e6f-def8-45c0-b0d2-c5ba43d86628@group-C29775A8E805, cid=3424, SUCCESS, logIndex=5899, commits[d5132e6f-def8-45c0-b0d2-c5ba43d86628:c5900]
2019-06-13 22:27:02,313 INFO  client.GrpcClientProtocolClient (GrpcClientProtocolClient.java:onNext(254)) - client-43E682E1E07B->d5132e6f-def8-45c0-b0d2-c5ba43d86628: receive RaftClientReply:client-43E682E1E07B->d5132e6f-def8-45c0-b0d2-c5ba43d86628@group-C29775A8E805, cid=3425, SUCCESS, logIndex=5901, commits[d5132e6f-def8-45c0-b0d2-c5ba43d86628:c5901]
2019-06-13 22:27:02,315 INFO  client.GrpcClientProtocolClient (GrpcClientProtocolClient.java:onNext(254)) - client-43E682E1E07B->d5132e6f-def8-45c0-b0d2-c5ba43d86628: receive RaftClientReply:client-43E682E1E07B->d5132e6f-def8-45c0-b0d2-c5ba43d86628@group-C29775A8E805, cid=3426, SUCCESS, logIndex=5903, commits[d5132e6f-def8-45c0-b0d2-c5ba43d86628:c5903]
2019-06-13 22:27:02,316 INFO  client.GrpcClientProtocolClient (GrpcClientProtocolClient.java:onNext(254)) - client-43E682E1E07B->d5132e6f-def8-45c0-b0d2-c5ba43d86628: receive RaftClientReply:client-43E682E1E07B->d5132e6f-def8-45c0-b0d2-c5ba43d86628@group-C29775A8E805, cid=3427, SUCCESS, logIndex=5904, commits[d5132e6f-def8-45c0-b0d2-c5ba43d86628:c5904]
2019-06-13 22:27:02,317 INFO  client.GrpcClientProtocolClient (GrpcClientProtocolClient.java:onNext(254)) - client-43E682E1E07B->d5132e6f-def8-45c0-b0d2-c5ba43d86628: receive RaftClientReply:client-43E682E1E07B->d5132e6f-def8-45c0-b0d2-c5ba43d86628@group-C29775A8E805, cid=3428, SUCCESS, logIndex=5907, commits[d5132e6f-def8-45c0-b0d2-c5ba43d86628:c5907]
2019-06-13 22:27:02,323 DEBUG block.SCMBlockDeletingService (SCMBlockDeletingService.java:call(138)) - Running DeletedBlockTransactionScanner
2019-06-13 22:27:02,323 DEBUG block.SCMBlockDeletingService (SCMBlockDeletingService.java:call(155)) - Scanned deleted blocks log and got 0 delTX to process.
2019-06-13 22:27:02,330 INFO  client.GrpcClientProtocolClient (GrpcClientProtocolClient.java:onNext(254)) - client-43E682E1E07B->d5132e6f-def8-45c0-b0d2-c5ba43d86628: receive RaftClientReply:client-43E682E1E07B->d5132e6f-def8-45c0-b0d2-c5ba43d86628@group-C29775A8E805, cid=3429, SUCCESS, logIndex=5909, commits[d5132e6f-def8-45c0-b0d2-c5ba43d86628:c5909]
2019-06-13 22:27:02,337 INFO  client.GrpcClientProtocolClient (GrpcClientProtocolClient.java:onNext(254)) - client-43E682E1E07B->d5132e6f-def8-45c0-b0d2-c5ba43d86628: receive RaftClientReply:client-43E682E1E07B->d5132e6f-def8-45c0-b0d2-c5ba43d86628@group-C29775A8E805, cid=3430, SUCCESS, logIndex=5911, commits[d5132e6f-def8-45c0-b0d2-c5ba43d86628:c5911]
2019-06-13 22:27:02,338 INFO  client.GrpcClientProtocolClient (GrpcClientProtocolClient.java:onNext(254)) - client-43E682E1E07B->d5132e6f-def8-45c0-b0d2-c5ba43d86628: receive RaftClientReply:client-43E682E1E07B->d5132e6f-def8-45c0-b0d2-c5ba43d86628@group-C29775A8E805, cid=3431, SUCCESS, logIndex=5912, commits[d5132e6f-def8-45c0-b0d2-c5ba43d86628:c5913]
2019-06-13 22:27:02,338 INFO  client.GrpcClientProtocolClient (GrpcClientProtocolClient.java:onNext(254)) - client-43E682E1E07B->d5132e6f-def8-45c0-b0d2-c5ba43d86628: receive RaftClientReply:client-43E682E1E07B->d5132e6f-def8-45c0-b0d2-c5ba43d86628@group-C29775A8E805, cid=3432, SUCCESS, logIndex=5914, commits[d5132e6f-def8-45c0-b0d2-c5ba43d86628:c5914]
2019-06-13 22:27:02,365 INFO  client.GrpcClientProtocolClient (GrpcClientProtocolClient.java:onNext(254)) - client-43E682E1E07B->d5132e6f-def8-45c0-b0d2-c5ba43d86628: receive RaftClientReply:client-43E682E1E07B->d5132e6f-def8-45c0-b0d2-c5ba43d86628@group-C29775A8E805, cid=3433, SUCCESS, logIndex=5916, commits[d5132e6f-def8-45c0-b0d2-c5ba43d86628:c5916]
2019-06-13 22:27:02,367 INFO  client.GrpcClientProtocolClient (GrpcClientProtocolClient.java:onNext(254)) - client-43E682E1E07B->d5132e6f-def8-45c0-b0d2-c5ba43d86628: receive RaftClientReply:client-43E682E1E07B->d5132e6f-def8-45c0-b0d2-c5ba43d86628@group-C29775A8E805, cid=3434, SUCCESS, logIndex=5918, commits[d5132e6f-def8-45c0-b0d2-c5ba43d86628:c5918]
2019-06-13 22:27:02,372 INFO  client.GrpcClientProtocolClient (GrpcClientProtocolClient.java:onNext(254)) - client-43E682E1E07B->d5132e6f-def8-45c0-b0d2-c5ba43d86628: receive RaftClientReply:client-43E682E1E07B->d5132e6f-def8-45c0-b0d2-c5ba43d86628@group-C29775A8E805, cid=3435, SUCCESS, logIndex=5920, commits[d5132e6f-def8-45c0-b0d2-c5ba43d86628:c5921]
2019-06-13 22:27:02,373 INFO  client.GrpcClientProtocolClient (GrpcClientProtocolClient.java:onNext(254)) - client-43E682E1E07B->d5132e6f-def8-45c0-b0d2-c5ba43d86628: receive RaftClientReply:client-43E682E1E07B->d5132e6f-def8-45c0-b0d2-c5ba43d86628@group-C29775A8E805, cid=3436, SUCCESS, logIndex=5922, commits[d5132e6f-def8-45c0-b0d2-c5ba43d86628:c5922]
2019-06-13 22:27:02,381 INFO  client.GrpcClientProtocolClient (GrpcClientProtocolClient.java:onNext(254)) - client-43E682E1E07B->d5132e6f-def8-45c0-b0d2-c5ba43d86628: receive RaftClientReply:client-43E682E1E07B->d5132e6f-def8-45c0-b0d2-c5ba43d86628@group-C29775A8E805, cid=3437, SUCCESS, logIndex=5924, commits[d5132e6f-def8-45c0-b0d2-c5ba43d86628:c5924]
2019-06-13 22:27:02,383 INFO  client.GrpcClientProtocolClient (GrpcClientProtocolClient.java:onNext(254)) - client-43E682E1E07B->d5132e6f-def8-45c0-b0d2-c5ba43d86628: receive RaftClientReply:client-43E682E1E07B->d5132e6f-def8-45c0-b0d2-c5ba43d86628@group-C29775A8E805, cid=3438, SUCCESS, logIndex=5926, commits[d5132e6f-def8-45c0-b0d2-c5ba43d86628:c5926]
2019-06-13 22:27:02,384 INFO  client.GrpcClientProtocolClient (GrpcClientProtocolClient.java:onNext(254)) - client-43E682E1E07B->d5132e6f-def8-45c0-b0d2-c5ba43d86628: receive RaftClientReply:client-43E682E1E07B->d5132e6f-def8-45c0-b0d2-c5ba43d86628@group-C29775A8E805, cid=3439, SUCCESS, logIndex=5927, commits[d5132e6f-def8-45c0-b0d2-c5ba43d86628:c5928]
2019-06-13 22:27:02,384 INFO  client.GrpcClientProtocolClient (GrpcClientProtocolClient.java:onNext(254)) - client-43E682E1E07B->d5132e6f-def8-45c0-b0d2-c5ba43d86628: receive RaftClientReply:client-43E682E1E07B->d5132e6f-def8-45c0-b0d2-c5ba43d86628@group-C29775A8E805, cid=3440, SUCCESS, logIndex=5928, commits[d5132e6f-def8-45c0-b0d2-c5ba43d86628:c5929]
2019-06-13 22:27:02,395 INFO  client.GrpcClientProtocolClient (GrpcClientProtocolClient.java:onNext(254)) - client-43E682E1E07B->d5132e6f-def8-45c0-b0d2-c5ba43d86628: receive RaftClientReply:client-43E682E1E07B->d5132e6f-def8-45c0-b0d2-c5ba43d86628@group-C29775A8E805, cid=3441, SUCCESS, logIndex=5931, commits[d5132e6f-def8-45c0-b0d2-c5ba43d86628:c5931]
2019-06-13 22:27:02,398 INFO  client.GrpcClientProtocolClient (GrpcClientProtocolClient.java:onNext(254)) - client-43E682E1E07B->d5132e6f-def8-45c0-b0d2-c5ba43d86628: receive RaftClientReply:client-43E682E1E07B->d5132e6f-def8-45c0-b0d2-c5ba43d86628@group-C29775A8E805, cid=3442, SUCCESS, logIndex=5933, commits[d5132e6f-def8-45c0-b0d2-c5ba43d86628:c5933]
2019-06-13 22:27:02,398 INFO  client.GrpcClientProtocolClient (GrpcClientProtocolClient.java:onNext(254)) - client-43E682E1E07B->d5132e6f-def8-45c0-b0d2-c5ba43d86628: receive RaftClientReply:client-43E682E1E07B->d5132e6f-def8-45c0-b0d2-c5ba43d86628@group-C29775A8E805, cid=3443, SUCCESS, logIndex=5934, commits[d5132e6f-def8-45c0-b0d2-c5ba43d86628:c5936]
2019-06-13 22:27:02,398 INFO  client.GrpcClientProtocolClient (GrpcClientProtocolClient.java:onNext(254)) - client-43E682E1E07B->d5132e6f-def8-45c0-b0d2-c5ba43d86628: receive RaftClientReply:client-43E682E1E07B->d5132e6f-def8-45c0-b0d2-c5ba43d86628@group-C29775A8E805, cid=3444, SUCCESS, logIndex=5935, commits[d5132e6f-def8-45c0-b0d2-c5ba43d86628:c5936]
2019-06-13 22:27:02,404 INFO  client.GrpcClientProtocolClient (GrpcClientProtocolClient.java:onNext(254)) - client-43E682E1E07B->d5132e6f-def8-45c0-b0d2-c5ba43d86628: receive RaftClientReply:client-43E682E1E07B->d5132e6f-def8-45c0-b0d2-c5ba43d86628@group-C29775A8E805, cid=3445, SUCCESS, logIndex=5937, commits[d5132e6f-def8-45c0-b0d2-c5ba43d86628:c5937]
2019-06-13 22:27:02,406 INFO  client.GrpcClientProtocolClient (GrpcClientProtocolClient.java:onNext(254)) - client-43E682E1E07B->d5132e6f-def8-45c0-b0d2-c5ba43d86628: receive RaftClientReply:client-43E682E1E07B->d5132e6f-def8-45c0-b0d2-c5ba43d86628@group-C29775A8E805, cid=3446, SUCCESS, logIndex=5939, commits[d5132e6f-def8-45c0-b0d2-c5ba43d86628:c5939]
2019-06-13 22:27:02,406 INFO  client.GrpcClientProtocolClient (GrpcClientProtocolClient.java:onNext(254)) - client-43E682E1E07B->d5132e6f-def8-45c0-b0d2-c5ba43d86628: receive RaftClientReply:client-43E682E1E07B->d5132e6f-def8-45c0-b0d2-c5ba43d86628@group-C29775A8E805, cid=3447, SUCCESS, logIndex=5940, commits[d5132e6f-def8-45c0-b0d2-c5ba43d86628:c5940]
2019-06-13 22:27:02,408 INFO  client.GrpcClientProtocolClient (GrpcClientProtocolClient.java:onNext(254)) - client-43E682E1E07B->d5132e6f-def8-45c0-b0d2-c5ba43d86628: receive RaftClientReply:client-43E682E1E07B->d5132e6f-def8-45c0-b0d2-c5ba43d86628@group-C29775A8E805, cid=3448, SUCCESS, logIndex=5943, commits[d5132e6f-def8-45c0-b0d2-c5ba43d86628:c5943]
2019-06-13 22:27:02,424 DEBUG block.SCMBlockDeletingService (SCMBlockDeletingService.java:call(138)) - Running DeletedBlockTransactionScanner
2019-06-13 22:27:02,424 DEBUG block.SCMBlockDeletingService (SCMBlockDeletingService.java:call(155)) - Scanned deleted blocks log and got 0 delTX to process.
2019-06-13 22:27:02,708 DEBUG block.SCMBlockDeletingService (SCMBlockDeletingService.java:call(138)) - Running DeletedBlockTransactionScanner
2019-06-13 22:27:02,708 DEBUG block.SCMBlockDeletingService (SCMBlockDeletingService.java:call(155)) - Scanned deleted blocks log and got 0 delTX to process.
2019-06-13 22:27:02,721 INFO  client.GrpcClientProtocolClient (GrpcClientProtocolClient.java:onNext(254)) - client-43E682E1E07B->d5132e6f-def8-45c0-b0d2-c5ba43d86628: receive RaftClientReply:client-43E682E1E07B->d5132e6f-def8-45c0-b0d2-c5ba43d86628@group-C29775A8E805, cid=3449, SUCCESS, logIndex=5945, commits[d5132e6f-def8-45c0-b0d2-c5ba43d86628:c5945]
2019-06-13 22:27:02,722 INFO  client.GrpcClientProtocolClient (GrpcClientProtocolClient.java:onNext(254)) - client-43E682E1E07B->d5132e6f-def8-45c0-b0d2-c5ba43d86628: receive RaftClientReply:client-43E682E1E07B->d5132e6f-def8-45c0-b0d2-c5ba43d86628@group-C29775A8E805, cid=3450, SUCCESS, logIndex=5947, commits[d5132e6f-def8-45c0-b0d2-c5ba43d86628:c5947]
2019-06-13 22:27:02,725 INFO  client.GrpcClientProtocolClient (GrpcClientProtocolClient.java:onNext(254)) - client-43E682E1E07B->d5132e6f-def8-45c0-b0d2-c5ba43d86628: receive RaftClientReply:client-43E682E1E07B->d5132e6f-def8-45c0-b0d2-c5ba43d86628@group-C29775A8E805, cid=3451, SUCCESS, logIndex=5948, commits[d5132e6f-def8-45c0-b0d2-c5ba43d86628:c5949]
2019-06-13 22:27:02,726 INFO  client.GrpcClientProtocolClient (GrpcClientProtocolClient.java:onNext(254)) - client-43E682E1E07B->d5132e6f-def8-45c0-b0d2-c5ba43d86628: receive RaftClientReply:client-43E682E1E07B->d5132e6f-def8-45c0-b0d2-c5ba43d86628@group-C29775A8E805, cid=3452, SUCCESS, logIndex=5950, commits[d5132e6f-def8-45c0-b0d2-c5ba43d86628:c5950]
2019-06-13 22:27:02,732 INFO  client.GrpcClientProtocolClient (GrpcClientProtocolClient.java:onNext(254)) - client-43E682E1E07B->d5132e6f-def8-45c0-b0d2-c5ba43d86628: receive RaftClientReply:client-43E682E1E07B->d5132e6f-def8-45c0-b0d2-c5ba43d86628@group-C29775A8E805, cid=3453, SUCCESS, logIndex=5952, commits[d5132e6f-def8-45c0-b0d2-c5ba43d86628:c5952]
2019-06-13 22:27:02,734 INFO  client.GrpcClientProtocolClient (GrpcClientProtocolClient.java:onNext(254)) - client-43E682E1E07B->d5132e6f-def8-45c0-b0d2-c5ba43d86628: receive RaftClientReply:client-43E682E1E07B->d5132e6f-def8-45c0-b0d2-c5ba43d86628@group-C29775A8E805, cid=3454, SUCCESS, logIndex=5954, commits[d5132e6f-def8-45c0-b0d2-c5ba43d86628:c5954]
2019-06-13 22:27:02,735 INFO  client.GrpcClientProtocolClient (GrpcClientProtocolClient.java:onNext(254)) - client-43E682E1E07B->d5132e6f-def8-45c0-b0d2-c5ba43d86628: receive RaftClientReply:client-43E682E1E07B->d5132e6f-def8-45c0-b0d2-c5ba43d86628@group-C29775A8E805, cid=3455, SUCCESS, logIndex=5955, commits[d5132e6f-def8-45c0-b0d2-c5ba43d86628:c5957]
2019-06-13 22:27:02,735 INFO  client.GrpcClientProtocolClient (GrpcClientProtocolClient.java:onNext(254)) - client-43E682E1E07B->d5132e6f-def8-45c0-b0d2-c5ba43d86628: receive RaftClientReply:client-43E682E1E07B->d5132e6f-def8-45c0-b0d2-c5ba43d86628@group-C29775A8E805, cid=3456, SUCCESS, logIndex=5956, commits[d5132e6f-def8-45c0-b0d2-c5ba43d86628:c5957]
2019-06-13 22:27:02,749 INFO  client.GrpcClientProtocolClient (GrpcClientProtocolClient.java:onNext(254)) - client-43E682E1E07B->d5132e6f-def8-45c0-b0d2-c5ba43d86628: receive RaftClientReply:client-43E682E1E07B->d5132e6f-def8-45c0-b0d2-c5ba43d86628@group-C29775A8E805, cid=3457, SUCCESS, logIndex=5958, commits[d5132e6f-def8-45c0-b0d2-c5ba43d86628:c5959]
2019-06-13 22:27:02,750 INFO  client.GrpcClientProtocolClient (GrpcClientProtocolClient.java:onNext(254)) - client-43E682E1E07B->d5132e6f-def8-45c0-b0d2-c5ba43d86628: receive RaftClientReply:client-43E682E1E07B->d5132e6f-def8-45c0-b0d2-c5ba43d86628@group-C29775A8E805, cid=3458, SUCCESS, logIndex=5960, commits[d5132e6f-def8-45c0-b0d2-c5ba43d86628:c5960]
2019-06-13 22:27:02,752 INFO  client.GrpcClientProtocolClient (GrpcClientProtocolClient.java:onNext(254)) - client-43E682E1E07B->d5132e6f-def8-45c0-b0d2-c5ba43d86628: receive RaftClientReply:client-43E682E1E07B->d5132e6f-def8-45c0-b0d2-c5ba43d86628@group-C29775A8E805, cid=3459, SUCCESS, logIndex=5961, commits[d5132e6f-def8-45c0-b0d2-c5ba43d86628:c5963]
2019-06-13 22:27:02,752 INFO  client.GrpcClientProtocolClient (GrpcClientProtocolClient.java:onNext(254)) - client-43E682E1E07B->d5132e6f-def8-45c0-b0d2-c5ba43d86628: receive RaftClientReply:client-43E682E1E07B->d5132e6f-def8-45c0-b0d2-c5ba43d86628@group-C29775A8E805, cid=3460, SUCCESS, logIndex=5963, commits[d5132e6f-def8-45c0-b0d2-c5ba43d86628:c5963]
2019-06-13 22:27:02,758 INFO  client.GrpcClientProtocolClient (GrpcClientProtocolClient.java:onNext(254)) - client-43E682E1E07B->d5132e6f-def8-45c0-b0d2-c5ba43d86628: receive RaftClientReply:client-43E682E1E07B->d5132e6f-def8-45c0-b0d2-c5ba43d86628@group-C29775A8E805, cid=3461, SUCCESS, logIndex=5965, commits[d5132e6f-def8-45c0-b0d2-c5ba43d86628:c5965]
2019-06-13 22:27:02,758 INFO  storage.RaftLogWorker (RaftLogWorker.java:rollLogSegment(303)) - d5132e6f-def8-45c0-b0d2-c5ba43d86628-RaftLogWorker: Rolling segment log-5890_5966 to index:5966
2019-06-13 22:27:02,759 INFO  storage.RaftLogWorker (RaftLogWorker.java:execute(433)) - d5132e6f-def8-45c0-b0d2-c5ba43d86628-RaftLogWorker: Rolled log segment from /opt/src/hadoop-ozone/integration-test/target/test-dir/MiniOzoneClusterImpl-e9ea07bb-4900-4b53-96c1-68f0ab556a80/datanode-0/data/ratis/c7035dd3-cd4a-42fb-880d-c29775a8e805/current/log_inprogress_5890 to /opt/src/hadoop-ozone/integration-test/target/test-dir/MiniOzoneClusterImpl-e9ea07bb-4900-4b53-96c1-68f0ab556a80/datanode-0/data/ratis/c7035dd3-cd4a-42fb-880d-c29775a8e805/current/log_5890-5966
2019-06-13 22:27:02,795 INFO  storage.RaftLogWorker (RaftLogWorker.java:execute(469)) - d5132e6f-def8-45c0-b0d2-c5ba43d86628-RaftLogWorker: created new log segment /opt/src/hadoop-ozone/integration-test/target/test-dir/MiniOzoneClusterImpl-e9ea07bb-4900-4b53-96c1-68f0ab556a80/datanode-0/data/ratis/c7035dd3-cd4a-42fb-880d-c29775a8e805/current/log_inprogress_5967
2019-06-13 22:27:02,796 INFO  client.GrpcClientProtocolClient (GrpcClientProtocolClient.java:onNext(254)) - client-43E682E1E07B->d5132e6f-def8-45c0-b0d2-c5ba43d86628: receive RaftClientReply:client-43E682E1E07B->d5132e6f-def8-45c0-b0d2-c5ba43d86628@group-C29775A8E805, cid=3462, SUCCESS, logIndex=5967, commits[d5132e6f-def8-45c0-b0d2-c5ba43d86628:c5967]
2019-06-13 22:27:02,799 INFO  client.GrpcClientProtocolClient (GrpcClientProtocolClient.java:onNext(254)) - client-43E682E1E07B->d5132e6f-def8-45c0-b0d2-c5ba43d86628: receive RaftClientReply:client-43E682E1E07B->d5132e6f-def8-45c0-b0d2-c5ba43d86628@group-C29775A8E805, cid=3463, SUCCESS, logIndex=5969, commits[d5132e6f-def8-45c0-b0d2-c5ba43d86628:c5970]
2019-06-13 22:27:02,799 INFO  client.GrpcClientProtocolClient (GrpcClientProtocolClient.java:onNext(254)) - client-43E682E1E07B->d5132e6f-def8-45c0-b0d2-c5ba43d86628: receive RaftClientReply:client-43E682E1E07B->d5132e6f-def8-45c0-b0d2-c5ba43d86628@group-C29775A8E805, cid=3464, SUCCESS, logIndex=5970, commits[d5132e6f-def8-45c0-b0d2-c5ba43d86628:c5971]
2019-06-13 22:27:02,808 DEBUG block.SCMBlockDeletingService (SCMBlockDeletingService.java:call(138)) - Running DeletedBlockTransactionScanner
2019-06-13 22:27:02,808 DEBUG block.SCMBlockDeletingService (SCMBlockDeletingService.java:call(155)) - Scanned deleted blocks log and got 0 delTX to process.
2019-06-13 22:27:02,811 INFO  client.GrpcClientProtocolClient (GrpcClientProtocolClient.java:onNext(254)) - client-43E682E1E07B->d5132e6f-def8-45c0-b0d2-c5ba43d86628: receive RaftClientReply:client-43E682E1E07B->d5132e6f-def8-45c0-b0d2-c5ba43d86628@group-C29775A8E805, cid=3465, SUCCESS, logIndex=5972, commits[d5132e6f-def8-45c0-b0d2-c5ba43d86628:c5972]
2019-06-13 22:27:02,814 INFO  client.GrpcClientProtocolClient (GrpcClientProtocolClient.java:onNext(254)) - client-43E682E1E07B->d5132e6f-def8-45c0-b0d2-c5ba43d86628: receive RaftClientReply:client-43E682E1E07B->d5132e6f-def8-45c0-b0d2-c5ba43d86628@group-C29775A8E805, cid=3466, SUCCESS, logIndex=5974, commits[d5132e6f-def8-45c0-b0d2-c5ba43d86628:c5974]
2019-06-13 22:27:02,814 INFO  client.GrpcClientProtocolClient (GrpcClientProtocolClient.java:onNext(254)) - client-43E682E1E07B->d5132e6f-def8-45c0-b0d2-c5ba43d86628: receive RaftClientReply:client-43E682E1E07B->d5132e6f-def8-45c0-b0d2-c5ba43d86628@group-C29775A8E805, cid=3467, SUCCESS, logIndex=5975, commits[d5132e6f-def8-45c0-b0d2-c5ba43d86628:c5976]
2019-06-13 22:27:02,815 INFO  client.GrpcClientProtocolClient (GrpcClientProtocolClient.java:onNext(254)) - client-43E682E1E07B->d5132e6f-def8-45c0-b0d2-c5ba43d86628: receive RaftClientReply:client-43E682E1E07B->d5132e6f-def8-45c0-b0d2-c5ba43d86628@group-C29775A8E805, cid=3468, SUCCESS, logIndex=5977, commits[d5132e6f-def8-45c0-b0d2-c5ba43d86628:c5977]
2019-06-13 22:27:02,821 INFO  client.GrpcClientProtocolClient (GrpcClientProtocolClient.java:onNext(254)) - client-43E682E1E07B->d5132e6f-def8-45c0-b0d2-c5ba43d86628: receive RaftClientReply:client-43E682E1E07B->d5132e6f-def8-45c0-b0d2-c5ba43d86628@group-C29775A8E805, cid=3469, SUCCESS, logIndex=5979, commits[d5132e6f-def8-45c0-b0d2-c5ba43d86628:c5979]
2019-06-13 22:27:02,826 INFO  client.GrpcClientProtocolClient (GrpcClientProtocolClient.java:onNext(254)) - client-43E682E1E07B->d5132e6f-def8-45c0-b0d2-c5ba43d86628: receive RaftClientReply:client-43E682E1E07B->d5132e6f-def8-45c0-b0d2-c5ba43d86628@group-C29775A8E805, cid=3470, SUCCESS, logIndex=5981, commits[d5132e6f-def8-45c0-b0d2-c5ba43d86628:c5981]
2019-06-13 22:27:02,828 INFO  client.GrpcClientProtocolClient (GrpcClientProtocolClient.java:onNext(254)) - client-43E682E1E07B->d5132e6f-def8-45c0-b0d2-c5ba43d86628: receive RaftClientReply:client-43E682E1E07B->d5132e6f-def8-45c0-b0d2-c5ba43d86628@group-C29775A8E805, cid=3471, SUCCESS, logIndex=5983, commits[d5132e6f-def8-45c0-b0d2-c5ba43d86628:c5984]
2019-06-13 22:27:02,828 INFO  client.GrpcClientProtocolClient (GrpcClientProtocolClient.java:onNext(254)) - client-43E682E1E07B->d5132e6f-def8-45c0-b0d2-c5ba43d86628: receive RaftClientReply:client-43E682E1E07B->d5132e6f-def8-45c0-b0d2-c5ba43d86628@group-C29775A8E805, cid=3472, SUCCESS, logIndex=5984, commits[d5132e6f-def8-45c0-b0d2-c5ba43d86628:c5984]
2019-06-13 22:27:02,840 INFO  client.GrpcClientProtocolClient (GrpcClientProtocolClient.java:onNext(254)) - client-43E682E1E07B->d5132e6f-def8-45c0-b0d2-c5ba43d86628: receive RaftClientReply:client-43E682E1E07B->d5132e6f-def8-45c0-b0d2-c5ba43d86628@group-C29775A8E805, cid=3473, SUCCESS, logIndex=5986, commits[d5132e6f-def8-45c0-b0d2-c5ba43d86628:c5986]
2019-06-13 22:27:02,841 INFO  client.GrpcClientProtocolClient (GrpcClientProtocolClient.java:onNext(254)) - client-43E682E1E07B->d5132e6f-def8-45c0-b0d2-c5ba43d86628: receive RaftClientReply:client-43E682E1E07B->d5132e6f-def8-45c0-b0d2-c5ba43d86628@group-C29775A8E805, cid=3474, SUCCESS, logIndex=5988, commits[d5132e6f-def8-45c0-b0d2-c5ba43d86628:c5988]
2019-06-13 22:27:02,844 INFO  client.GrpcClientProtocolClient (GrpcClientProtocolClient.java:onNext(254)) - client-43E682E1E07B->d5132e6f-def8-45c0-b0d2-c5ba43d86628: receive RaftClientReply:client-43E682E1E07B->d5132e6f-def8-45c0-b0d2-c5ba43d86628@group-C29775A8E805, cid=3475, SUCCESS, logIndex=5990, commits[d5132e6f-def8-45c0-b0d2-c5ba43d86628:c5991]
2019-06-13 22:27:02,844 INFO  client.GrpcClientProtocolClient (GrpcClientProtocolClient.java:onNext(254)) - client-43E682E1E07B->d5132e6f-def8-45c0-b0d2-c5ba43d86628: receive RaftClientReply:client-43E682E1E07B->d5132e6f-def8-45c0-b0d2-c5ba43d86628@group-C29775A8E805, cid=3476, SUCCESS, logIndex=5991, commits[d5132e6f-def8-45c0-b0d2-c5ba43d86628:c5991]
2019-06-13 22:27:02,850 INFO  client.GrpcClientProtocolClient (GrpcClientProtocolClient.java:onNext(254)) - client-43E682E1E07B->d5132e6f-def8-45c0-b0d2-c5ba43d86628: receive RaftClientReply:client-43E682E1E07B->d5132e6f-def8-45c0-b0d2-c5ba43d86628@group-C29775A8E805, cid=3477, SUCCESS, logIndex=5993, commits[d5132e6f-def8-45c0-b0d2-c5ba43d86628:c5993]
2019-06-13 22:27:02,852 INFO  client.GrpcClientProtocolClient (GrpcClientProtocolClient.java:onNext(254)) - client-43E682E1E07B->d5132e6f-def8-45c0-b0d2-c5ba43d86628: receive RaftClientReply:client-43E682E1E07B->d5132e6f-def8-45c0-b0d2-c5ba43d86628@group-C29775A8E805, cid=3478, SUCCESS, logIndex=5995, commits[d5132e6f-def8-45c0-b0d2-c5ba43d86628:c5995]
2019-06-13 22:27:02,853 INFO  client.GrpcClientProtocolClient (GrpcClientProtocolClient.java:onNext(254)) - client-43E682E1E07B->d5132e6f-def8-45c0-b0d2-c5ba43d86628: receive RaftClientReply:client-43E682E1E07B->d5132e6f-def8-45c0-b0d2-c5ba43d86628@group-C29775A8E805, cid=3479, SUCCESS, logIndex=5996, commits[d5132e6f-def8-45c0-b0d2-c5ba43d86628:c5997]
2019-06-13 22:27:02,853 INFO  client.GrpcClientProtocolClient (GrpcClientProtocolClient.java:onNext(254)) - client-43E682E1E07B->d5132e6f-def8-45c0-b0d2-c5ba43d86628: receive RaftClientReply:client-43E682E1E07B->d5132e6f-def8-45c0-b0d2-c5ba43d86628@group-C29775A8E805, cid=3480, SUCCESS, logIndex=5997, commits[d5132e6f-def8-45c0-b0d2-c5ba43d86628:c5998]
2019-06-13 22:27:02,871 INFO  client.GrpcClientProtocolClient (GrpcClientProtocolClient.java:onNext(254)) - client-43E682E1E07B->d5132e6f-def8-45c0-b0d2-c5ba43d86628: receive RaftClientReply:client-43E682E1E07B->d5132e6f-def8-45c0-b0d2-c5ba43d86628@group-C29775A8E805, cid=3481, SUCCESS, logIndex=6000, commits[d5132e6f-def8-45c0-b0d2-c5ba43d86628:c6000]
2019-06-13 22:27:02,878 INFO  client.GrpcClientProtocolClient (GrpcClientProtocolClient.java:onNext(254)) - client-43E682E1E07B->d5132e6f-def8-45c0-b0d2-c5ba43d86628: receive RaftClientReply:client-43E682E1E07B->d5132e6f-def8-45c0-b0d2-c5ba43d86628@group-C29775A8E805, cid=3482, SUCCESS, logIndex=6002, commits[d5132e6f-def8-45c0-b0d2-c5ba43d86628:c6004]
2019-06-13 22:27:02,879 INFO  client.GrpcClientProtocolClient (GrpcClientProtocolClient.java:onNext(254)) - client-43E682E1E07B->d5132e6f-def8-45c0-b0d2-c5ba43d86628: receive RaftClientReply:client-43E682E1E07B->d5132e6f-def8-45c0-b0d2-c5ba43d86628@group-C29775A8E805, cid=3483, SUCCESS, logIndex=6003, commits[d5132e6f-def8-45c0-b0d2-c5ba43d86628:c6004]
2019-06-13 22:27:02,879 INFO  client.GrpcClientProtocolClient (GrpcClientProtocolClient.java:onNext(254)) - client-43E682E1E07B->d5132e6f-def8-45c0-b0d2-c5ba43d86628: receive RaftClientReply:client-43E682E1E07B->d5132e6f-def8-45c0-b0d2-c5ba43d86628@group-C29775A8E805, cid=3484, SUCCESS, logIndex=6004, commits[d5132e6f-def8-45c0-b0d2-c5ba43d86628:c6004]
2019-06-13 22:27:02,886 INFO  client.GrpcClientProtocolClient (GrpcClientProtocolClient.java:onNext(254)) - client-43E682E1E07B->d5132e6f-def8-45c0-b0d2-c5ba43d86628: receive RaftClientReply:client-43E682E1E07B->d5132e6f-def8-45c0-b0d2-c5ba43d86628@group-C29775A8E805, cid=3485, SUCCESS, logIndex=6006, commits[d5132e6f-def8-45c0-b0d2-c5ba43d86628:c6006]
2019-06-13 22:27:02,887 INFO  client.GrpcClientProtocolClient (GrpcClientProtocolClient.java:onNext(254)) - client-43E682E1E07B->d5132e6f-def8-45c0-b0d2-c5ba43d86628: receive RaftClientReply:client-43E682E1E07B->d5132e6f-def8-45c0-b0d2-c5ba43d86628@group-C29775A8E805, cid=3486, SUCCESS, logIndex=6008, commits[d5132e6f-def8-45c0-b0d2-c5ba43d86628:c6008]
2019-06-13 22:27:02,890 INFO  client.GrpcClientProtocolClient (GrpcClientProtocolClient.java:onNext(254)) - client-43E682E1E07B->d5132e6f-def8-45c0-b0d2-c5ba43d86628: receive RaftClientReply:client-43E682E1E07B->d5132e6f-def8-45c0-b0d2-c5ba43d86628@group-C29775A8E805, cid=3487, SUCCESS, logIndex=6010, commits[d5132e6f-def8-45c0-b0d2-c5ba43d86628:c6011]
2019-06-13 22:27:02,894 INFO  client.GrpcClientProtocolClient (GrpcClientProtocolClient.java:onNext(254)) - client-43E682E1E07B->d5132e6f-def8-45c0-b0d2-c5ba43d86628: receive RaftClientReply:client-43E682E1E07B->d5132e6f-def8-45c0-b0d2-c5ba43d86628@group-C29775A8E805, cid=3488, SUCCESS, logIndex=6011, commits[d5132e6f-def8-45c0-b0d2-c5ba43d86628:c6011]
2019-06-13 22:27:02,908 INFO  client.GrpcClientProtocolClient (GrpcClientProtocolClient.java:onNext(254)) - client-43E682E1E07B->d5132e6f-def8-45c0-b0d2-c5ba43d86628: receive RaftClientReply:client-43E682E1E07B->d5132e6f-def8-45c0-b0d2-c5ba43d86628@group-C29775A8E805, cid=3489, SUCCESS, logIndex=6013, commits[d5132e6f-def8-45c0-b0d2-c5ba43d86628:c6013]
2019-06-13 22:27:02,909 DEBUG block.SCMBlockDeletingService (SCMBlockDeletingService.java:call(138)) - Running DeletedBlockTransactionScanner
2019-06-13 22:27:02,909 DEBUG block.SCMBlockDeletingService (SCMBlockDeletingService.java:call(155)) - Scanned deleted blocks log and got 0 delTX to process.
2019-06-13 22:27:02,911 INFO  client.GrpcClientProtocolClient (GrpcClientProtocolClient.java:onNext(254)) - client-43E682E1E07B->d5132e6f-def8-45c0-b0d2-c5ba43d86628: receive RaftClientReply:client-43E682E1E07B->d5132e6f-def8-45c0-b0d2-c5ba43d86628@group-C29775A8E805, cid=3490, SUCCESS, logIndex=6015, commits[d5132e6f-def8-45c0-b0d2-c5ba43d86628:c6017]
2019-06-13 22:27:02,912 INFO  client.GrpcClientProtocolClient (GrpcClientProtocolClient.java:onNext(254)) - client-43E682E1E07B->d5132e6f-def8-45c0-b0d2-c5ba43d86628: receive RaftClientReply:client-43E682E1E07B->d5132e6f-def8-45c0-b0d2-c5ba43d86628@group-C29775A8E805, cid=3491, SUCCESS, logIndex=6016, commits[d5132e6f-def8-45c0-b0d2-c5ba43d86628:c6018]
2019-06-13 22:27:02,912 INFO  client.GrpcClientProtocolClient (GrpcClientProtocolClient.java:onNext(254)) - client-43E682E1E07B->d5132e6f-def8-45c0-b0d2-c5ba43d86628: receive RaftClientReply:client-43E682E1E07B->d5132e6f-def8-45c0-b0d2-c5ba43d86628@group-C29775A8E805, cid=3492, SUCCESS, logIndex=6017, commits[d5132e6f-def8-45c0-b0d2-c5ba43d86628:c6018]
2019-06-13 22:27:02,996 INFO  client.GrpcClientProtocolClient (GrpcClientProtocolClient.java:onNext(254)) - client-43E682E1E07B->d5132e6f-def8-45c0-b0d2-c5ba43d86628: receive RaftClientReply:client-43E682E1E07B->d5132e6f-def8-45c0-b0d2-c5ba43d86628@group-C29775A8E805, cid=3493, SUCCESS, logIndex=6020, commits[d5132e6f-def8-45c0-b0d2-c5ba43d86628:c6020]
2019-06-13 22:27:02,997 INFO  client.GrpcClientProtocolClient (GrpcClientProtocolClient.java:onNext(254)) - client-43E682E1E07B->d5132e6f-def8-45c0-b0d2-c5ba43d86628: receive RaftClientReply:client-43E682E1E07B->d5132e6f-def8-45c0-b0d2-c5ba43d86628@group-C29775A8E805, cid=3494, SUCCESS, logIndex=6022, commits[d5132e6f-def8-45c0-b0d2-c5ba43d86628:c6022]
2019-06-13 22:27:02,998 INFO  client.GrpcClientProtocolClient (GrpcClientProtocolClient.java:onNext(254)) - client-43E682E1E07B->d5132e6f-def8-45c0-b0d2-c5ba43d86628: receive RaftClientReply:client-43E682E1E07B->d5132e6f-def8-45c0-b0d2-c5ba43d86628@group-C29775A8E805, cid=3495, SUCCESS, logIndex=6023, commits[d5132e6f-def8-45c0-b0d2-c5ba43d86628:c6025]
2019-06-13 22:27:02,999 INFO  client.GrpcClientProtocolClient (GrpcClientProtocolClient.java:onNext(254)) - client-43E682E1E07B->d5132e6f-def8-45c0-b0d2-c5ba43d86628: receive RaftClientReply:client-43E682E1E07B->d5132e6f-def8-45c0-b0d2-c5ba43d86628@group-C29775A8E805, cid=3496, SUCCESS, logIndex=6024, commits[d5132e6f-def8-45c0-b0d2-c5ba43d86628:c6025]
2019-06-13 22:27:03,009 DEBUG block.SCMBlockDeletingService (SCMBlockDeletingService.java:call(138)) - Running DeletedBlockTransactionScanner
2019-06-13 22:27:03,009 DEBUG block.SCMBlockDeletingService (SCMBlockDeletingService.java:call(155)) - Scanned deleted blocks log and got 0 delTX to process.
2019-06-13 22:27:03,011 INFO  client.GrpcClientProtocolClient (GrpcClientProtocolClient.java:onNext(254)) - client-43E682E1E07B->d5132e6f-def8-45c0-b0d2-c5ba43d86628: receive RaftClientReply:client-43E682E1E07B->d5132e6f-def8-45c0-b0d2-c5ba43d86628@group-C29775A8E805, cid=3497, SUCCESS, logIndex=6026, commits[d5132e6f-def8-45c0-b0d2-c5ba43d86628:c6026]
2019-06-13 22:27:03,014 INFO  client.GrpcClientProtocolClient (GrpcClientProtocolClient.java:onNext(254)) - client-43E682E1E07B->d5132e6f-def8-45c0-b0d2-c5ba43d86628: receive RaftClientReply:client-43E682E1E07B->d5132e6f-def8-45c0-b0d2-c5ba43d86628@group-C29775A8E805, cid=3498, SUCCESS, logIndex=6028, commits[d5132e6f-def8-45c0-b0d2-c5ba43d86628:c6029]
2019-06-13 22:27:03,014 INFO  client.GrpcClientProtocolClient (GrpcClientProtocolClient.java:onNext(254)) - client-43E682E1E07B->d5132e6f-def8-45c0-b0d2-c5ba43d86628: receive RaftClientReply:client-43E682E1E07B->d5132e6f-def8-45c0-b0d2-c5ba43d86628@group-C29775A8E805, cid=3499, SUCCESS, logIndex=6029, commits[d5132e6f-def8-45c0-b0d2-c5ba43d86628:c6029]
2019-06-13 22:27:03,015 INFO  client.GrpcClientProtocolClient (GrpcClientProtocolClient.java:onNext(254)) - client-43E682E1E07B->d5132e6f-def8-45c0-b0d2-c5ba43d86628: receive RaftClientReply:client-43E682E1E07B->d5132e6f-def8-45c0-b0d2-c5ba43d86628@group-C29775A8E805, cid=3500, SUCCESS, logIndex=6031, commits[d5132e6f-def8-45c0-b0d2-c5ba43d86628:c6031]
2019-06-13 22:27:03,024 INFO  client.GrpcClientProtocolClient (GrpcClientProtocolClient.java:onNext(254)) - client-43E682E1E07B->d5132e6f-def8-45c0-b0d2-c5ba43d86628: receive RaftClientReply:client-43E682E1E07B->d5132e6f-def8-45c0-b0d2-c5ba43d86628@group-C29775A8E805, cid=3501, SUCCESS, logIndex=6033, commits[d5132e6f-def8-45c0-b0d2-c5ba43d86628:c6033]
2019-06-13 22:27:03,024 INFO  storage.RaftLogWorker (RaftLogWorker.java:rollLogSegment(303)) - d5132e6f-def8-45c0-b0d2-c5ba43d86628-RaftLogWorker: Rolling segment log-5967_6036 to index:6036
2019-06-13 22:27:03,025 INFO  storage.RaftLogWorker (RaftLogWorker.java:execute(433)) - d5132e6f-def8-45c0-b0d2-c5ba43d86628-RaftLogWorker: Rolled log segment from /opt/src/hadoop-ozone/integration-test/target/test-dir/MiniOzoneClusterImpl-e9ea07bb-4900-4b53-96c1-68f0ab556a80/datanode-0/data/ratis/c7035dd3-cd4a-42fb-880d-c29775a8e805/current/log_inprogress_5967 to /opt/src/hadoop-ozone/integration-test/target/test-dir/MiniOzoneClusterImpl-e9ea07bb-4900-4b53-96c1-68f0ab556a80/datanode-0/data/ratis/c7035dd3-cd4a-42fb-880d-c29775a8e805/current/log_5967-6036
2019-06-13 22:27:03,026 INFO  client.GrpcClientProtocolClient (GrpcClientProtocolClient.java:onNext(254)) - client-43E682E1E07B->d5132e6f-def8-45c0-b0d2-c5ba43d86628: receive RaftClientReply:client-43E682E1E07B->d5132e6f-def8-45c0-b0d2-c5ba43d86628@group-C29775A8E805, cid=3502, SUCCESS, logIndex=6035, commits[d5132e6f-def8-45c0-b0d2-c5ba43d86628:c6035]
2019-06-13 22:27:03,027 INFO  client.GrpcClientProtocolClient (GrpcClientProtocolClient.java:onNext(254)) - client-43E682E1E07B->d5132e6f-def8-45c0-b0d2-c5ba43d86628: receive RaftClientReply:client-43E682E1E07B->d5132e6f-def8-45c0-b0d2-c5ba43d86628@group-C29775A8E805, cid=3503, SUCCESS, logIndex=6036, commits[d5132e6f-def8-45c0-b0d2-c5ba43d86628:c6036]
2019-06-13 22:27:03,072 INFO  storage.RaftLogWorker (RaftLogWorker.java:execute(469)) - d5132e6f-def8-45c0-b0d2-c5ba43d86628-RaftLogWorker: created new log segment /opt/src/hadoop-ozone/integration-test/target/test-dir/MiniOzoneClusterImpl-e9ea07bb-4900-4b53-96c1-68f0ab556a80/datanode-0/data/ratis/c7035dd3-cd4a-42fb-880d-c29775a8e805/current/log_inprogress_6037
2019-06-13 22:27:03,074 INFO  client.GrpcClientProtocolClient (GrpcClientProtocolClient.java:onNext(254)) - client-43E682E1E07B->d5132e6f-def8-45c0-b0d2-c5ba43d86628: receive RaftClientReply:client-43E682E1E07B->d5132e6f-def8-45c0-b0d2-c5ba43d86628@group-C29775A8E805, cid=3504, SUCCESS, logIndex=6037, commits[d5132e6f-def8-45c0-b0d2-c5ba43d86628:c6039]
2019-06-13 22:27:03,094 INFO  client.GrpcClientProtocolClient (GrpcClientProtocolClient.java:onNext(254)) - client-43E682E1E07B->d5132e6f-def8-45c0-b0d2-c5ba43d86628: receive RaftClientReply:client-43E682E1E07B->d5132e6f-def8-45c0-b0d2-c5ba43d86628@group-C29775A8E805, cid=3505, SUCCESS, logIndex=6040, commits[d5132e6f-def8-45c0-b0d2-c5ba43d86628:c6040]
2019-06-13 22:27:03,096 INFO  client.GrpcClientProtocolClient (GrpcClientProtocolClient.java:onNext(254)) - client-43E682E1E07B->d5132e6f-def8-45c0-b0d2-c5ba43d86628: receive RaftClientReply:client-43E682E1E07B->d5132e6f-def8-45c0-b0d2-c5ba43d86628@group-C29775A8E805, cid=3506, SUCCESS, logIndex=6042, commits[d5132e6f-def8-45c0-b0d2-c5ba43d86628:c6042]
2019-06-13 22:27:03,096 INFO  client.GrpcClientProtocolClient (GrpcClientProtocolClient.java:onNext(254)) - client-43E682E1E07B->d5132e6f-def8-45c0-b0d2-c5ba43d86628: receive RaftClientReply:client-43E682E1E07B->d5132e6f-def8-45c0-b0d2-c5ba43d86628@group-C29775A8E805, cid=3507, SUCCESS, logIndex=6043, commits[d5132e6f-def8-45c0-b0d2-c5ba43d86628:c6045]
2019-06-13 22:27:03,097 INFO  client.GrpcClientProtocolClient (GrpcClientProtocolClient.java:onNext(254)) - client-43E682E1E07B->d5132e6f-def8-45c0-b0d2-c5ba43d86628: receive RaftClientReply:client-43E682E1E07B->d5132e6f-def8-45c0-b0d2-c5ba43d86628@group-C29775A8E805, cid=3508, SUCCESS, logIndex=6044, commits[d5132e6f-def8-45c0-b0d2-c5ba43d86628:c6045]
2019-06-13 22:27:03,102 INFO  client.GrpcClientProtocolClient (GrpcClientProtocolClient.java:onNext(254)) - client-43E682E1E07B->d5132e6f-def8-45c0-b0d2-c5ba43d86628: receive RaftClientReply:client-43E682E1E07B->d5132e6f-def8-45c0-b0d2-c5ba43d86628@group-C29775A8E805, cid=3509, SUCCESS, logIndex=6046, commits[d5132e6f-def8-45c0-b0d2-c5ba43d86628:c6046]
2019-06-13 22:27:03,104 INFO  client.GrpcClientProtocolClient (GrpcClientProtocolClient.java:onNext(254)) - client-43E682E1E07B->d5132e6f-def8-45c0-b0d2-c5ba43d86628: receive RaftClientReply:client-43E682E1E07B->d5132e6f-def8-45c0-b0d2-c5ba43d86628@group-C29775A8E805, cid=3510, SUCCESS, logIndex=6048, commits[d5132e6f-def8-45c0-b0d2-c5ba43d86628:c6048]
2019-06-13 22:27:03,105 INFO  client.GrpcClientProtocolClient (GrpcClientProtocolClient.java:onNext(254)) - client-43E682E1E07B->d5132e6f-def8-45c0-b0d2-c5ba43d86628: receive RaftClientReply:client-43E682E1E07B->d5132e6f-def8-45c0-b0d2-c5ba43d86628@group-C29775A8E805, cid=3511, SUCCESS, logIndex=6049, commits[d5132e6f-def8-45c0-b0d2-c5ba43d86628:c6051]
2019-06-13 22:27:03,105 INFO  client.GrpcClientProtocolClient (GrpcClientProtocolClient.java:onNext(254)) - client-43E682E1E07B->d5132e6f-def8-45c0-b0d2-c5ba43d86628: receive RaftClientReply:client-43E682E1E07B->d5132e6f-def8-45c0-b0d2-c5ba43d86628@group-C29775A8E805, cid=3512, SUCCESS, logIndex=6050, commits[d5132e6f-def8-45c0-b0d2-c5ba43d86628:c6051]
2019-06-13 22:27:03,110 DEBUG block.SCMBlockDeletingService (SCMBlockDeletingService.java:call(138)) - Running DeletedBlockTransactionScanner
2019-06-13 22:27:03,110 DEBUG block.SCMBlockDeletingService (SCMBlockDeletingService.java:call(155)) - Scanned deleted blocks log and got 0 delTX to process.
2019-06-13 22:27:03,117 INFO  client.GrpcClientProtocolClient (GrpcClientProtocolClient.java:onNext(254)) - client-43E682E1E07B->d5132e6f-def8-45c0-b0d2-c5ba43d86628: receive RaftClientReply:client-43E682E1E07B->d5132e6f-def8-45c0-b0d2-c5ba43d86628@group-C29775A8E805, cid=3513, SUCCESS, logIndex=6052, commits[d5132e6f-def8-45c0-b0d2-c5ba43d86628:c6052]
2019-06-13 22:27:03,125 INFO  client.GrpcClientProtocolClient (GrpcClientProtocolClient.java:onNext(254)) - client-43E682E1E07B->d5132e6f-def8-45c0-b0d2-c5ba43d86628: receive RaftClientReply:client-43E682E1E07B->d5132e6f-def8-45c0-b0d2-c5ba43d86628@group-C29775A8E805, cid=3514, SUCCESS, logIndex=6054, commits[d5132e6f-def8-45c0-b0d2-c5ba43d86628:c6054]
2019-06-13 22:27:03,133 INFO  client.GrpcClientProtocolClient (GrpcClientProtocolClient.java:onNext(254)) - client-43E682E1E07B->d5132e6f-def8-45c0-b0d2-c5ba43d86628: receive RaftClientReply:client-43E682E1E07B->d5132e6f-def8-45c0-b0d2-c5ba43d86628@group-C29775A8E805, cid=3515, SUCCESS, logIndex=6056, commits[d5132e6f-def8-45c0-b0d2-c5ba43d86628:c6057]
2019-06-13 22:27:03,134 INFO  client.GrpcClientProtocolClient (GrpcClientProtocolClient.java:onNext(254)) - client-43E682E1E07B->d5132e6f-def8-45c0-b0d2-c5ba43d86628: receive RaftClientReply:client-43E682E1E07B->d5132e6f-def8-45c0-b0d2-c5ba43d86628@group-C29775A8E805, cid=3516, SUCCESS, logIndex=6057, commits[d5132e6f-def8-45c0-b0d2-c5ba43d86628:c6057]
2019-06-13 22:27:03,142 INFO  client.GrpcClientProtocolClient (GrpcClientProtocolClient.java:onNext(254)) - client-43E682E1E07B->d5132e6f-def8-45c0-b0d2-c5ba43d86628: receive RaftClientReply:client-43E682E1E07B->d5132e6f-def8-45c0-b0d2-c5ba43d86628@group-C29775A8E805, cid=3517, SUCCESS, logIndex=6059, commits[d5132e6f-def8-45c0-b0d2-c5ba43d86628:c6059]
2019-06-13 22:27:03,144 INFO  client.GrpcClientProtocolClient (GrpcClientProtocolClient.java:onNext(254)) - client-43E682E1E07B->d5132e6f-def8-45c0-b0d2-c5ba43d86628: receive RaftClientReply:client-43E682E1E07B->d5132e6f-def8-45c0-b0d2-c5ba43d86628@group-C29775A8E805, cid=3518, SUCCESS, logIndex=6061, commits[d5132e6f-def8-45c0-b0d2-c5ba43d86628:c6061]
2019-06-13 22:27:03,146 INFO  client.GrpcClientProtocolClient (GrpcClientProtocolClient.java:onNext(254)) - client-43E682E1E07B->d5132e6f-def8-45c0-b0d2-c5ba43d86628: receive RaftClientReply:client-43E682E1E07B->d5132e6f-def8-45c0-b0d2-c5ba43d86628@group-C29775A8E805, cid=3519, SUCCESS, logIndex=6062, commits[d5132e6f-def8-45c0-b0d2-c5ba43d86628:c6063]
2019-06-13 22:27:03,151 INFO  client.GrpcClientProtocolClient (GrpcClientProtocolClient.java:onNext(254)) - client-43E682E1E07B->d5132e6f-def8-45c0-b0d2-c5ba43d86628: receive RaftClientReply:client-43E682E1E07B->d5132e6f-def8-45c0-b0d2-c5ba43d86628@group-C29775A8E805, cid=3520, SUCCESS, logIndex=6063, commits[d5132e6f-def8-45c0-b0d2-c5ba43d86628:c6063]
2019-06-13 22:27:03,210 DEBUG block.SCMBlockDeletingService (SCMBlockDeletingService.java:call(138)) - Running DeletedBlockTransactionScanner
2019-06-13 22:27:03,210 DEBUG block.SCMBlockDeletingService (SCMBlockDeletingService.java:call(155)) - Scanned deleted blocks log and got 0 delTX to process.
2019-06-13 22:27:03,212 INFO  client.GrpcClientProtocolClient (GrpcClientProtocolClient.java:onNext(254)) - client-43E682E1E07B->d5132e6f-def8-45c0-b0d2-c5ba43d86628: receive RaftClientReply:client-43E682E1E07B->d5132e6f-def8-45c0-b0d2-c5ba43d86628@group-C29775A8E805, cid=3521, SUCCESS, logIndex=6066, commits[d5132e6f-def8-45c0-b0d2-c5ba43d86628:c6066]
2019-06-13 22:27:03,214 INFO  client.GrpcClientProtocolClient (GrpcClientProtocolClient.java:onNext(254)) - client-43E682E1E07B->d5132e6f-def8-45c0-b0d2-c5ba43d86628: receive RaftClientReply:client-43E682E1E07B->d5132e6f-def8-45c0-b0d2-c5ba43d86628@group-C29775A8E805, cid=3522, SUCCESS, logIndex=6068, commits[d5132e6f-def8-45c0-b0d2-c5ba43d86628:c6068]
2019-06-13 22:27:03,215 INFO  client.GrpcClientProtocolClient (GrpcClientProtocolClient.java:onNext(254)) - client-43E682E1E07B->d5132e6f-def8-45c0-b0d2-c5ba43d86628: receive RaftClientReply:client-43E682E1E07B->d5132e6f-def8-45c0-b0d2-c5ba43d86628@group-C29775A8E805, cid=3523, SUCCESS, logIndex=6069, commits[d5132e6f-def8-45c0-b0d2-c5ba43d86628:c6070]
2019-06-13 22:27:03,216 INFO  client.GrpcClientProtocolClient (GrpcClientProtocolClient.java:onNext(254)) - client-43E682E1E07B->d5132e6f-def8-45c0-b0d2-c5ba43d86628: receive RaftClientReply:client-43E682E1E07B->d5132e6f-def8-45c0-b0d2-c5ba43d86628@group-C29775A8E805, cid=3524, SUCCESS, logIndex=6070, commits[d5132e6f-def8-45c0-b0d2-c5ba43d86628:c6070]
2019-06-13 22:27:03,222 INFO  client.GrpcClientProtocolClient (GrpcClientProtocolClient.java:onNext(254)) - client-43E682E1E07B->d5132e6f-def8-45c0-b0d2-c5ba43d86628: receive RaftClientReply:client-43E682E1E07B->d5132e6f-def8-45c0-b0d2-c5ba43d86628@group-C29775A8E805, cid=3525, SUCCESS, logIndex=6073, commits[d5132e6f-def8-45c0-b0d2-c5ba43d86628:c6073]
2019-06-13 22:27:03,224 INFO  client.GrpcClientProtocolClient (GrpcClientProtocolClient.java:onNext(254)) - client-43E682E1E07B->d5132e6f-def8-45c0-b0d2-c5ba43d86628: receive RaftClientReply:client-43E682E1E07B->d5132e6f-def8-45c0-b0d2-c5ba43d86628@group-C29775A8E805, cid=3526, SUCCESS, logIndex=6075, commits[d5132e6f-def8-45c0-b0d2-c5ba43d86628:c6075]
2019-06-13 22:27:03,224 INFO  client.GrpcClientProtocolClient (GrpcClientProtocolClient.java:onNext(254)) - client-43E682E1E07B->d5132e6f-def8-45c0-b0d2-c5ba43d86628: receive RaftClientReply:client-43E682E1E07B->d5132e6f-def8-45c0-b0d2-c5ba43d86628@group-C29775A8E805, cid=3527, SUCCESS, logIndex=6076, commits[d5132e6f-def8-45c0-b0d2-c5ba43d86628:c6078]
2019-06-13 22:27:03,225 INFO  client.GrpcClientProtocolClient (GrpcClientProtocolClient.java:onNext(254)) - client-43E682E1E07B->d5132e6f-def8-45c0-b0d2-c5ba43d86628: receive RaftClientReply:client-43E682E1E07B->d5132e6f-def8-45c0-b0d2-c5ba43d86628@group-C29775A8E805, cid=3528, SUCCESS, logIndex=6077, commits[d5132e6f-def8-45c0-b0d2-c5ba43d86628:c6078]
2019-06-13 22:27:03,235 INFO  client.GrpcClientProtocolClient (GrpcClientProtocolClient.java:onNext(254)) - client-43E682E1E07B->d5132e6f-def8-45c0-b0d2-c5ba43d86628: receive RaftClientReply:client-43E682E1E07B->d5132e6f-def8-45c0-b0d2-c5ba43d86628@group-C29775A8E805, cid=3529, SUCCESS, logIndex=6079, commits[d5132e6f-def8-45c0-b0d2-c5ba43d86628:c6079]
2019-06-13 22:27:03,237 INFO  client.GrpcClientProtocolClient (GrpcClientProtocolClient.java:onNext(254)) - client-43E682E1E07B->d5132e6f-def8-45c0-b0d2-c5ba43d86628: receive RaftClientReply:client-43E682E1E07B->d5132e6f-def8-45c0-b0d2-c5ba43d86628@group-C29775A8E805, cid=3530, SUCCESS, logIndex=6081, commits[d5132e6f-def8-45c0-b0d2-c5ba43d86628:c6081]
2019-06-13 22:27:03,238 INFO  client.GrpcClientProtocolClient (GrpcClientProtocolClient.java:onNext(254)) - client-43E682E1E07B->d5132e6f-def8-45c0-b0d2-c5ba43d86628: receive RaftClientReply:client-43E682E1E07B->d5132e6f-def8-45c0-b0d2-c5ba43d86628@group-C29775A8E805, cid=3531, SUCCESS, logIndex=6082, commits[d5132e6f-def8-45c0-b0d2-c5ba43d86628:c6084]
2019-06-13 22:27:03,238 INFO  client.GrpcClientProtocolClient (GrpcClientProtocolClient.java:onNext(254)) - client-43E682E1E07B->d5132e6f-def8-45c0-b0d2-c5ba43d86628: receive RaftClientReply:client-43E682E1E07B->d5132e6f-def8-45c0-b0d2-c5ba43d86628@group-C29775A8E805, cid=3532, SUCCESS, logIndex=6083, commits[d5132e6f-def8-45c0-b0d2-c5ba43d86628:c6084]
2019-06-13 22:27:03,245 INFO  client.GrpcClientProtocolClient (GrpcClientProtocolClient.java:onNext(254)) - client-43E682E1E07B->d5132e6f-def8-45c0-b0d2-c5ba43d86628: receive RaftClientReply:client-43E682E1E07B->d5132e6f-def8-45c0-b0d2-c5ba43d86628@group-C29775A8E805, cid=3533, SUCCESS, logIndex=6085, commits[d5132e6f-def8-45c0-b0d2-c5ba43d86628:c6085]
2019-06-13 22:27:03,247 INFO  client.GrpcClientProtocolClient (GrpcClientProtocolClient.java:onNext(254)) - client-43E682E1E07B->d5132e6f-def8-45c0-b0d2-c5ba43d86628: receive RaftClientReply:client-43E682E1E07B->d5132e6f-def8-45c0-b0d2-c5ba43d86628@group-C29775A8E805, cid=3534, SUCCESS, logIndex=6087, commits[d5132e6f-def8-45c0-b0d2-c5ba43d86628:c6087]
2019-06-13 22:27:03,248 INFO  client.GrpcClientProtocolClient (GrpcClientProtocolClient.java:onNext(254)) - client-43E682E1E07B->d5132e6f-def8-45c0-b0d2-c5ba43d86628: receive RaftClientReply:client-43E682E1E07B->d5132e6f-def8-45c0-b0d2-c5ba43d86628@group-C29775A8E805, cid=3535, SUCCESS, logIndex=6088, commits[d5132e6f-def8-45c0-b0d2-c5ba43d86628:c6089]
2019-06-13 22:27:03,248 INFO  client.GrpcClientProtocolClient (GrpcClientProtocolClient.java:onNext(254)) - client-43E682E1E07B->d5132e6f-def8-45c0-b0d2-c5ba43d86628: receive RaftClientReply:client-43E682E1E07B->d5132e6f-def8-45c0-b0d2-c5ba43d86628@group-C29775A8E805, cid=3536, SUCCESS, logIndex=6089, commits[d5132e6f-def8-45c0-b0d2-c5ba43d86628:c6089]
2019-06-13 22:27:03,311 DEBUG block.SCMBlockDeletingService (SCMBlockDeletingService.java:call(138)) - Running DeletedBlockTransactionScanner
2019-06-13 22:27:03,311 DEBUG block.SCMBlockDeletingService (SCMBlockDeletingService.java:call(155)) - Scanned deleted blocks log and got 0 delTX to process.
2019-06-13 22:27:03,327 INFO  client.GrpcClientProtocolClient (GrpcClientProtocolClient.java:onNext(254)) - client-43E682E1E07B->d5132e6f-def8-45c0-b0d2-c5ba43d86628: receive RaftClientReply:client-43E682E1E07B->d5132e6f-def8-45c0-b0d2-c5ba43d86628@group-C29775A8E805, cid=3537, SUCCESS, logIndex=6092, commits[d5132e6f-def8-45c0-b0d2-c5ba43d86628:c6092]
2019-06-13 22:27:03,329 INFO  client.GrpcClientProtocolClient (GrpcClientProtocolClient.java:onNext(254)) - client-43E682E1E07B->d5132e6f-def8-45c0-b0d2-c5ba43d86628: receive RaftClientReply:client-43E682E1E07B->d5132e6f-def8-45c0-b0d2-c5ba43d86628@group-C29775A8E805, cid=3538, SUCCESS, logIndex=6094, commits[d5132e6f-def8-45c0-b0d2-c5ba43d86628:c6094]
2019-06-13 22:27:03,329 INFO  client.GrpcClientProtocolClient (GrpcClientProtocolClient.java:onNext(254)) - client-43E682E1E07B->d5132e6f-def8-45c0-b0d2-c5ba43d86628: receive RaftClientReply:client-43E682E1E07B->d5132e6f-def8-45c0-b0d2-c5ba43d86628@group-C29775A8E805, cid=3539, SUCCESS, logIndex=6095, commits[d5132e6f-def8-45c0-b0d2-c5ba43d86628:c6097]
2019-06-13 22:27:03,330 INFO  client.GrpcClientProtocolClient (GrpcClientProtocolClient.java:onNext(254)) - client-43E682E1E07B->d5132e6f-def8-45c0-b0d2-c5ba43d86628: receive RaftClientReply:client-43E682E1E07B->d5132e6f-def8-45c0-b0d2-c5ba43d86628@group-C29775A8E805, cid=3540, SUCCESS, logIndex=6097, commits[d5132e6f-def8-45c0-b0d2-c5ba43d86628:c6097]
2019-06-13 22:27:03,336 INFO  client.GrpcClientProtocolClient (GrpcClientProtocolClient.java:onNext(254)) - client-43E682E1E07B->d5132e6f-def8-45c0-b0d2-c5ba43d86628: receive RaftClientReply:client-43E682E1E07B->d5132e6f-def8-45c0-b0d2-c5ba43d86628@group-C29775A8E805, cid=3541, SUCCESS, logIndex=6099, commits[d5132e6f-def8-45c0-b0d2-c5ba43d86628:c6099]
2019-06-13 22:27:03,337 INFO  client.GrpcClientProtocolClient (GrpcClientProtocolClient.java:onNext(254)) - client-43E682E1E07B->d5132e6f-def8-45c0-b0d2-c5ba43d86628: receive RaftClientReply:client-43E682E1E07B->d5132e6f-def8-45c0-b0d2-c5ba43d86628@group-C29775A8E805, cid=3542, SUCCESS, logIndex=6101, commits[d5132e6f-def8-45c0-b0d2-c5ba43d86628:c6101]
2019-06-13 22:27:03,338 INFO  client.GrpcClientProtocolClient (GrpcClientProtocolClient.java:onNext(254)) - client-43E682E1E07B->d5132e6f-def8-45c0-b0d2-c5ba43d86628: receive RaftClientReply:client-43E682E1E07B->d5132e6f-def8-45c0-b0d2-c5ba43d86628@group-C29775A8E805, cid=3543, SUCCESS, logIndex=6102, commits[d5132e6f-def8-45c0-b0d2-c5ba43d86628:c6104]
2019-06-13 22:27:03,339 INFO  client.GrpcClientProtocolClient (GrpcClientProtocolClient.java:onNext(254)) - client-43E682E1E07B->d5132e6f-def8-45c0-b0d2-c5ba43d86628: receive RaftClientReply:client-43E682E1E07B->d5132e6f-def8-45c0-b0d2-c5ba43d86628@group-C29775A8E805, cid=3544, SUCCESS, logIndex=6103, commits[d5132e6f-def8-45c0-b0d2-c5ba43d86628:c6104]
2019-06-13 22:27:03,349 INFO  client.GrpcClientProtocolClient (GrpcClientProtocolClient.java:onNext(254)) - client-43E682E1E07B->d5132e6f-def8-45c0-b0d2-c5ba43d86628: receive RaftClientReply:client-43E682E1E07B->d5132e6f-def8-45c0-b0d2-c5ba43d86628@group-C29775A8E805, cid=3545, SUCCESS, logIndex=6105, commits[d5132e6f-def8-45c0-b0d2-c5ba43d86628:c6105]
2019-06-13 22:27:03,349 INFO  storage.RaftLogWorker (RaftLogWorker.java:rollLogSegment(303)) - d5132e6f-def8-45c0-b0d2-c5ba43d86628-RaftLogWorker: Rolling segment log-6037_6107 to index:6107
2019-06-13 22:27:03,350 INFO  storage.RaftLogWorker (RaftLogWorker.java:execute(433)) - d5132e6f-def8-45c0-b0d2-c5ba43d86628-RaftLogWorker: Rolled log segment from /opt/src/hadoop-ozone/integration-test/target/test-dir/MiniOzoneClusterImpl-e9ea07bb-4900-4b53-96c1-68f0ab556a80/datanode-0/data/ratis/c7035dd3-cd4a-42fb-880d-c29775a8e805/current/log_inprogress_6037 to /opt/src/hadoop-ozone/integration-test/target/test-dir/MiniOzoneClusterImpl-e9ea07bb-4900-4b53-96c1-68f0ab556a80/datanode-0/data/ratis/c7035dd3-cd4a-42fb-880d-c29775a8e805/current/log_6037-6107
2019-06-13 22:27:03,358 INFO  client.GrpcClientProtocolClient (GrpcClientProtocolClient.java:onNext(254)) - client-43E682E1E07B->d5132e6f-def8-45c0-b0d2-c5ba43d86628: receive RaftClientReply:client-43E682E1E07B->d5132e6f-def8-45c0-b0d2-c5ba43d86628@group-C29775A8E805, cid=3546, SUCCESS, logIndex=6107, commits[d5132e6f-def8-45c0-b0d2-c5ba43d86628:c6107]
2019-06-13 22:27:03,387 INFO  storage.RaftLogWorker (RaftLogWorker.java:execute(469)) - d5132e6f-def8-45c0-b0d2-c5ba43d86628-RaftLogWorker: created new log segment /opt/src/hadoop-ozone/integration-test/target/test-dir/MiniOzoneClusterImpl-e9ea07bb-4900-4b53-96c1-68f0ab556a80/datanode-0/data/ratis/c7035dd3-cd4a-42fb-880d-c29775a8e805/current/log_inprogress_6108
2019-06-13 22:27:03,389 INFO  client.GrpcClientProtocolClient (GrpcClientProtocolClient.java:onNext(254)) - client-43E682E1E07B->d5132e6f-def8-45c0-b0d2-c5ba43d86628: receive RaftClientReply:client-43E682E1E07B->d5132e6f-def8-45c0-b0d2-c5ba43d86628@group-C29775A8E805, cid=3547, SUCCESS, logIndex=6108, commits[d5132e6f-def8-45c0-b0d2-c5ba43d86628:c6110]
2019-06-13 22:27:03,389 INFO  client.GrpcClientProtocolClient (GrpcClientProtocolClient.java:onNext(254)) - client-43E682E1E07B->d5132e6f-def8-45c0-b0d2-c5ba43d86628: receive RaftClientReply:client-43E682E1E07B->d5132e6f-def8-45c0-b0d2-c5ba43d86628@group-C29775A8E805, cid=3548, SUCCESS, logIndex=6109, commits[d5132e6f-def8-45c0-b0d2-c5ba43d86628:c6110]
2019-06-13 22:27:03,395 INFO  client.GrpcClientProtocolClient (GrpcClientProtocolClient.java:onNext(254)) - client-43E682E1E07B->d5132e6f-def8-45c0-b0d2-c5ba43d86628: receive RaftClientReply:client-43E682E1E07B->d5132e6f-def8-45c0-b0d2-c5ba43d86628@group-C29775A8E805, cid=3549, SUCCESS, logIndex=6111, commits[d5132e6f-def8-45c0-b0d2-c5ba43d86628:c6111]
2019-06-13 22:27:03,397 INFO  client.GrpcClientProtocolClient (GrpcClientProtocolClient.java:onNext(254)) - client-43E682E1E07B->d5132e6f-def8-45c0-b0d2-c5ba43d86628: receive RaftClientReply:client-43E682E1E07B->d5132e6f-def8-45c0-b0d2-c5ba43d86628@group-C29775A8E805, cid=3550, SUCCESS, logIndex=6113, commits[d5132e6f-def8-45c0-b0d2-c5ba43d86628:c6113]
2019-06-13 22:27:03,398 INFO  client.GrpcClientProtocolClient (GrpcClientProtocolClient.java:onNext(254)) - client-43E682E1E07B->d5132e6f-def8-45c0-b0d2-c5ba43d86628: receive RaftClientReply:client-43E682E1E07B->d5132e6f-def8-45c0-b0d2-c5ba43d86628@group-C29775A8E805, cid=3551, SUCCESS, logIndex=6114, commits[d5132e6f-def8-45c0-b0d2-c5ba43d86628:c6115]
2019-06-13 22:27:03,399 INFO  client.GrpcClientProtocolClient (GrpcClientProtocolClient.java:onNext(254)) - client-43E682E1E07B->d5132e6f-def8-45c0-b0d2-c5ba43d86628: receive RaftClientReply:client-43E682E1E07B->d5132e6f-def8-45c0-b0d2-c5ba43d86628@group-C29775A8E805, cid=3552, SUCCESS, logIndex=6116, commits[d5132e6f-def8-45c0-b0d2-c5ba43d86628:c6116]
2019-06-13 22:27:03,411 DEBUG block.SCMBlockDeletingService (SCMBlockDeletingService.java:call(138)) - Running DeletedBlockTransactionScanner
2019-06-13 22:27:03,411 DEBUG block.SCMBlockDeletingService (SCMBlockDeletingService.java:call(155)) - Scanned deleted blocks log and got 0 delTX to process.
2019-06-13 22:27:03,411 INFO  client.GrpcClientProtocolClient (GrpcClientProtocolClient.java:onNext(254)) - client-43E682E1E07B->d5132e6f-def8-45c0-b0d2-c5ba43d86628: receive RaftClientReply:client-43E682E1E07B->d5132e6f-def8-45c0-b0d2-c5ba43d86628@group-C29775A8E805, cid=3553, SUCCESS, logIndex=6118, commits[d5132e6f-def8-45c0-b0d2-c5ba43d86628:c6118]
2019-06-13 22:27:03,414 INFO  client.GrpcClientProtocolClient (GrpcClientProtocolClient.java:onNext(254)) - client-43E682E1E07B->d5132e6f-def8-45c0-b0d2-c5ba43d86628: receive RaftClientReply:client-43E682E1E07B->d5132e6f-def8-45c0-b0d2-c5ba43d86628@group-C29775A8E805, cid=3554, SUCCESS, logIndex=6120, commits[d5132e6f-def8-45c0-b0d2-c5ba43d86628:c6122]
2019-06-13 22:27:03,414 INFO  client.GrpcClientProtocolClient (GrpcClientProtocolClient.java:onNext(254)) - client-43E682E1E07B->d5132e6f-def8-45c0-b0d2-c5ba43d86628: receive RaftClientReply:client-43E682E1E07B->d5132e6f-def8-45c0-b0d2-c5ba43d86628@group-C29775A8E805, cid=3555, SUCCESS, logIndex=6121, commits[d5132e6f-def8-45c0-b0d2-c5ba43d86628:c6122]
2019-06-13 22:27:03,415 INFO  client.GrpcClientProtocolClient (GrpcClientProtocolClient.java:onNext(254)) - client-43E682E1E07B->d5132e6f-def8-45c0-b0d2-c5ba43d86628: receive RaftClientReply:client-43E682E1E07B->d5132e6f-def8-45c0-b0d2-c5ba43d86628@group-C29775A8E805, cid=3556, SUCCESS, logIndex=6122, commits[d5132e6f-def8-45c0-b0d2-c5ba43d86628:c6122]
2019-06-13 22:27:03,420 INFO  client.GrpcClientProtocolClient (GrpcClientProtocolClient.java:onNext(254)) - client-43E682E1E07B->d5132e6f-def8-45c0-b0d2-c5ba43d86628: receive RaftClientReply:client-43E682E1E07B->d5132e6f-def8-45c0-b0d2-c5ba43d86628@group-C29775A8E805, cid=3557, SUCCESS, logIndex=6124, commits[d5132e6f-def8-45c0-b0d2-c5ba43d86628:c6125]
2019-06-13 22:27:03,422 INFO  client.GrpcClientProtocolClient (GrpcClientProtocolClient.java:onNext(254)) - client-43E682E1E07B->d5132e6f-def8-45c0-b0d2-c5ba43d86628: receive RaftClientReply:client-43E682E1E07B->d5132e6f-def8-45c0-b0d2-c5ba43d86628@group-C29775A8E805, cid=3558, SUCCESS, logIndex=6126, commits[d5132e6f-def8-45c0-b0d2-c5ba43d86628:c6126]
2019-06-13 22:27:03,423 INFO  client.GrpcClientProtocolClient (GrpcClientProtocolClient.java:onNext(254)) - client-43E682E1E07B->d5132e6f-def8-45c0-b0d2-c5ba43d86628: receive RaftClientReply:client-43E682E1E07B->d5132e6f-def8-45c0-b0d2-c5ba43d86628@group-C29775A8E805, cid=3559, SUCCESS, logIndex=6127, commits[d5132e6f-def8-45c0-b0d2-c5ba43d86628:c6129]
2019-06-13 22:27:03,423 INFO  client.GrpcClientProtocolClient (GrpcClientProtocolClient.java:onNext(254)) - client-43E682E1E07B->d5132e6f-def8-45c0-b0d2-c5ba43d86628: receive RaftClientReply:client-43E682E1E07B->d5132e6f-def8-45c0-b0d2-c5ba43d86628@group-C29775A8E805, cid=3560, SUCCESS, logIndex=6128, commits[d5132e6f-def8-45c0-b0d2-c5ba43d86628:c6129]
2019-06-13 22:27:03,436 INFO  client.GrpcClientProtocolClient (GrpcClientProtocolClient.java:onNext(254)) - client-43E682E1E07B->d5132e6f-def8-45c0-b0d2-c5ba43d86628: receive RaftClientReply:client-43E682E1E07B->d5132e6f-def8-45c0-b0d2-c5ba43d86628@group-C29775A8E805, cid=3561, SUCCESS, logIndex=6130, commits[d5132e6f-def8-45c0-b0d2-c5ba43d86628:c6130]
2019-06-13 22:27:03,437 INFO  client.GrpcClientProtocolClient (GrpcClientProtocolClient.java:onNext(254)) - client-43E682E1E07B->d5132e6f-def8-45c0-b0d2-c5ba43d86628: receive RaftClientReply:client-43E682E1E07B->d5132e6f-def8-45c0-b0d2-c5ba43d86628@group-C29775A8E805, cid=3562, SUCCESS, logIndex=6132, commits[d5132e6f-def8-45c0-b0d2-c5ba43d86628:c6132]
2019-06-13 22:27:03,438 INFO  client.GrpcClientProtocolClient (GrpcClientProtocolClient.java:onNext(254)) - client-43E682E1E07B->d5132e6f-def8-45c0-b0d2-c5ba43d86628: receive RaftClientReply:client-43E682E1E07B->d5132e6f-def8-45c0-b0d2-c5ba43d86628@group-C29775A8E805, cid=3563, SUCCESS, logIndex=6133, commits[d5132e6f-def8-45c0-b0d2-c5ba43d86628:c6134]
2019-06-13 22:27:03,439 INFO  client.GrpcClientProtocolClient (GrpcClientProtocolClient.java:onNext(254)) - client-43E682E1E07B->d5132e6f-def8-45c0-b0d2-c5ba43d86628: receive RaftClientReply:client-43E682E1E07B->d5132e6f-def8-45c0-b0d2-c5ba43d86628@group-C29775A8E805, cid=3564, SUCCESS, logIndex=6135, commits[d5132e6f-def8-45c0-b0d2-c5ba43d86628:c6135]
2019-06-13 22:27:03,446 INFO  client.GrpcClientProtocolClient (GrpcClientProtocolClient.java:onNext(254)) - client-43E682E1E07B->d5132e6f-def8-45c0-b0d2-c5ba43d86628: receive RaftClientReply:client-43E682E1E07B->d5132e6f-def8-45c0-b0d2-c5ba43d86628@group-C29775A8E805, cid=3565, SUCCESS, logIndex=6137, commits[d5132e6f-def8-45c0-b0d2-c5ba43d86628:c6138]
2019-06-13 22:27:03,447 INFO  client.GrpcClientProtocolClient (GrpcClientProtocolClient.java:onNext(254)) - client-43E682E1E07B->d5132e6f-def8-45c0-b0d2-c5ba43d86628: receive RaftClientReply:client-43E682E1E07B->d5132e6f-def8-45c0-b0d2-c5ba43d86628@group-C29775A8E805, cid=3566, SUCCESS, logIndex=6139, commits[d5132e6f-def8-45c0-b0d2-c5ba43d86628:c6139]
2019-06-13 22:27:03,448 INFO  client.GrpcClientProtocolClient (GrpcClientProtocolClient.java:onNext(254)) - client-43E682E1E07B->d5132e6f-def8-45c0-b0d2-c5ba43d86628: receive RaftClientReply:client-43E682E1E07B->d5132e6f-def8-45c0-b0d2-c5ba43d86628@group-C29775A8E805, cid=3567, SUCCESS, logIndex=6140, commits[d5132e6f-def8-45c0-b0d2-c5ba43d86628:c6142]
2019-06-13 22:27:03,448 INFO  client.GrpcClientProtocolClient (GrpcClientProtocolClient.java:onNext(254)) - client-43E682E1E07B->d5132e6f-def8-45c0-b0d2-c5ba43d86628: receive RaftClientReply:client-43E682E1E07B->d5132e6f-def8-45c0-b0d2-c5ba43d86628@group-C29775A8E805, cid=3568, SUCCESS, logIndex=6141, commits[d5132e6f-def8-45c0-b0d2-c5ba43d86628:c6142]
2019-06-13 22:27:03,459 INFO  client.GrpcClientProtocolClient (GrpcClientProtocolClient.java:onNext(254)) - client-43E682E1E07B->d5132e6f-def8-45c0-b0d2-c5ba43d86628: receive RaftClientReply:client-43E682E1E07B->d5132e6f-def8-45c0-b0d2-c5ba43d86628@group-C29775A8E805, cid=3569, SUCCESS, logIndex=6143, commits[d5132e6f-def8-45c0-b0d2-c5ba43d86628:c6143]
2019-06-13 22:27:03,460 INFO  client.GrpcClientProtocolClient (GrpcClientProtocolClient.java:onNext(254)) - client-43E682E1E07B->d5132e6f-def8-45c0-b0d2-c5ba43d86628: receive RaftClientReply:client-43E682E1E07B->d5132e6f-def8-45c0-b0d2-c5ba43d86628@group-C29775A8E805, cid=3570, SUCCESS, logIndex=6145, commits[d5132e6f-def8-45c0-b0d2-c5ba43d86628:c6145]
2019-06-13 22:27:03,463 INFO  client.GrpcClientProtocolClient (GrpcClientProtocolClient.java:onNext(254)) - client-43E682E1E07B->d5132e6f-def8-45c0-b0d2-c5ba43d86628: receive RaftClientReply:client-43E682E1E07B->d5132e6f-def8-45c0-b0d2-c5ba43d86628@group-C29775A8E805, cid=3571, SUCCESS, logIndex=6147, commits[d5132e6f-def8-45c0-b0d2-c5ba43d86628:c6148]
2019-06-13 22:27:03,463 INFO  client.GrpcClientProtocolClient (GrpcClientProtocolClient.java:onNext(254)) - client-43E682E1E07B->d5132e6f-def8-45c0-b0d2-c5ba43d86628: receive RaftClientReply:client-43E682E1E07B->d5132e6f-def8-45c0-b0d2-c5ba43d86628@group-C29775A8E805, cid=3572, SUCCESS, logIndex=6148, commits[d5132e6f-def8-45c0-b0d2-c5ba43d86628:c6148]
2019-06-13 22:27:03,468 INFO  client.GrpcClientProtocolClient (GrpcClientProtocolClient.java:onNext(254)) - client-43E682E1E07B->d5132e6f-def8-45c0-b0d2-c5ba43d86628: receive RaftClientReply:client-43E682E1E07B->d5132e6f-def8-45c0-b0d2-c5ba43d86628@group-C29775A8E805, cid=3573, SUCCESS, logIndex=6150, commits[d5132e6f-def8-45c0-b0d2-c5ba43d86628:c6150]
2019-06-13 22:27:03,470 INFO  client.GrpcClientProtocolClient (GrpcClientProtocolClient.java:onNext(254)) - client-43E682E1E07B->d5132e6f-def8-45c0-b0d2-c5ba43d86628: receive RaftClientReply:client-43E682E1E07B->d5132e6f-def8-45c0-b0d2-c5ba43d86628@group-C29775A8E805, cid=3574, SUCCESS, logIndex=6152, commits[d5132e6f-def8-45c0-b0d2-c5ba43d86628:c6152]
2019-06-13 22:27:03,472 INFO  client.GrpcClientProtocolClient (GrpcClientProtocolClient.java:onNext(254)) - client-43E682E1E07B->d5132e6f-def8-45c0-b0d2-c5ba43d86628: receive RaftClientReply:client-43E682E1E07B->d5132e6f-def8-45c0-b0d2-c5ba43d86628@group-C29775A8E805, cid=3575, SUCCESS, logIndex=6154, commits[d5132e6f-def8-45c0-b0d2-c5ba43d86628:c6155]
2019-06-13 22:27:03,472 INFO  client.GrpcClientProtocolClient (GrpcClientProtocolClient.java:onNext(254)) - client-43E682E1E07B->d5132e6f-def8-45c0-b0d2-c5ba43d86628: receive RaftClientReply:client-43E682E1E07B->d5132e6f-def8-45c0-b0d2-c5ba43d86628@group-C29775A8E805, cid=3576, SUCCESS, logIndex=6155, commits[d5132e6f-def8-45c0-b0d2-c5ba43d86628:c6155]
2019-06-13 22:27:03,486 INFO  client.GrpcClientProtocolClient (GrpcClientProtocolClient.java:onNext(254)) - client-43E682E1E07B->d5132e6f-def8-45c0-b0d2-c5ba43d86628: receive RaftClientReply:client-43E682E1E07B->d5132e6f-def8-45c0-b0d2-c5ba43d86628@group-C29775A8E805, cid=3577, SUCCESS, logIndex=6157, commits[d5132e6f-def8-45c0-b0d2-c5ba43d86628:c6157]
2019-06-13 22:27:03,488 INFO  client.GrpcClientProtocolClient (GrpcClientProtocolClient.java:onNext(254)) - client-43E682E1E07B->d5132e6f-def8-45c0-b0d2-c5ba43d86628: receive RaftClientReply:client-43E682E1E07B->d5132e6f-def8-45c0-b0d2-c5ba43d86628@group-C29775A8E805, cid=3578, SUCCESS, logIndex=6159, commits[d5132e6f-def8-45c0-b0d2-c5ba43d86628:c6159]
2019-06-13 22:27:03,489 INFO  client.GrpcClientProtocolClient (GrpcClientProtocolClient.java:onNext(254)) - client-43E682E1E07B->d5132e6f-def8-45c0-b0d2-c5ba43d86628: receive RaftClientReply:client-43E682E1E07B->d5132e6f-def8-45c0-b0d2-c5ba43d86628@group-C29775A8E805, cid=3579, SUCCESS, logIndex=6160, commits[d5132e6f-def8-45c0-b0d2-c5ba43d86628:c6162]
2019-06-13 22:27:03,489 INFO  client.GrpcClientProtocolClient (GrpcClientProtocolClient.java:onNext(254)) - client-43E682E1E07B->d5132e6f-def8-45c0-b0d2-c5ba43d86628: receive RaftClientReply:client-43E682E1E07B->d5132e6f-def8-45c0-b0d2-c5ba43d86628@group-C29775A8E805, cid=3580, SUCCESS, logIndex=6161, commits[d5132e6f-def8-45c0-b0d2-c5ba43d86628:c6162]
2019-06-13 22:27:03,511 DEBUG block.SCMBlockDeletingService (SCMBlockDeletingService.java:call(138)) - Running DeletedBlockTransactionScanner
2019-06-13 22:27:03,512 DEBUG block.SCMBlockDeletingService (SCMBlockDeletingService.java:call(155)) - Scanned deleted blocks log and got 0 delTX to process.
2019-06-13 22:27:03,599 INFO  client.GrpcClientProtocolClient (GrpcClientProtocolClient.java:onNext(254)) - client-43E682E1E07B->d5132e6f-def8-45c0-b0d2-c5ba43d86628: receive RaftClientReply:client-43E682E1E07B->d5132e6f-def8-45c0-b0d2-c5ba43d86628@group-C29775A8E805, cid=3581, SUCCESS, logIndex=6163, commits[d5132e6f-def8-45c0-b0d2-c5ba43d86628:c6163]
2019-06-13 22:27:03,601 INFO  client.GrpcClientProtocolClient (GrpcClientProtocolClient.java:onNext(254)) - client-43E682E1E07B->d5132e6f-def8-45c0-b0d2-c5ba43d86628: receive RaftClientReply:client-43E682E1E07B->d5132e6f-def8-45c0-b0d2-c5ba43d86628@group-C29775A8E805, cid=3582, SUCCESS, logIndex=6165, commits[d5132e6f-def8-45c0-b0d2-c5ba43d86628:c6165]
2019-06-13 22:27:03,602 INFO  client.GrpcClientProtocolClient (GrpcClientProtocolClient.java:onNext(254)) - client-43E682E1E07B->d5132e6f-def8-45c0-b0d2-c5ba43d86628: receive RaftClientReply:client-43E682E1E07B->d5132e6f-def8-45c0-b0d2-c5ba43d86628@group-C29775A8E805, cid=3583, SUCCESS, logIndex=6166, commits[d5132e6f-def8-45c0-b0d2-c5ba43d86628:c6168]
2019-06-13 22:27:03,602 INFO  client.GrpcClientProtocolClient (GrpcClientProtocolClient.java:onNext(254)) - client-43E682E1E07B->d5132e6f-def8-45c0-b0d2-c5ba43d86628: receive RaftClientReply:client-43E682E1E07B->d5132e6f-def8-45c0-b0d2-c5ba43d86628@group-C29775A8E805, cid=3584, SUCCESS, logIndex=6167, commits[d5132e6f-def8-45c0-b0d2-c5ba43d86628:c6168]
2019-06-13 22:27:03,612 DEBUG block.SCMBlockDeletingService (SCMBlockDeletingService.java:call(138)) - Running DeletedBlockTransactionScanner
2019-06-13 22:27:03,612 DEBUG block.SCMBlockDeletingService (SCMBlockDeletingService.java:call(155)) - Scanned deleted blocks log and got 0 delTX to process.
2019-06-13 22:27:03,614 INFO  client.GrpcClientProtocolClient (GrpcClientProtocolClient.java:onNext(254)) - client-43E682E1E07B->d5132e6f-def8-45c0-b0d2-c5ba43d86628: receive RaftClientReply:client-43E682E1E07B->d5132e6f-def8-45c0-b0d2-c5ba43d86628@group-C29775A8E805, cid=3585, SUCCESS, logIndex=6169, commits[d5132e6f-def8-45c0-b0d2-c5ba43d86628:c6169]
2019-06-13 22:27:03,615 INFO  client.GrpcClientProtocolClient (GrpcClientProtocolClient.java:onNext(254)) - client-43E682E1E07B->d5132e6f-def8-45c0-b0d2-c5ba43d86628: receive RaftClientReply:client-43E682E1E07B->d5132e6f-def8-45c0-b0d2-c5ba43d86628@group-C29775A8E805, cid=3586, SUCCESS, logIndex=6171, commits[d5132e6f-def8-45c0-b0d2-c5ba43d86628:c6171]
2019-06-13 22:27:03,617 INFO  client.GrpcClientProtocolClient (GrpcClientProtocolClient.java:onNext(254)) - client-43E682E1E07B->d5132e6f-def8-45c0-b0d2-c5ba43d86628: receive RaftClientReply:client-43E682E1E07B->d5132e6f-def8-45c0-b0d2-c5ba43d86628@group-C29775A8E805, cid=3587, SUCCESS, logIndex=6172, commits[d5132e6f-def8-45c0-b0d2-c5ba43d86628:c6174]
2019-06-13 22:27:03,617 INFO  client.GrpcClientProtocolClient (GrpcClientProtocolClient.java:onNext(254)) - client-43E682E1E07B->d5132e6f-def8-45c0-b0d2-c5ba43d86628: receive RaftClientReply:client-43E682E1E07B->d5132e6f-def8-45c0-b0d2-c5ba43d86628@group-C29775A8E805, cid=3588, SUCCESS, logIndex=6173, commits[d5132e6f-def8-45c0-b0d2-c5ba43d86628:c6174]
2019-06-13 22:27:03,623 INFO  client.GrpcClientProtocolClient (GrpcClientProtocolClient.java:onNext(254)) - client-43E682E1E07B->d5132e6f-def8-45c0-b0d2-c5ba43d86628: receive RaftClientReply:client-43E682E1E07B->d5132e6f-def8-45c0-b0d2-c5ba43d86628@group-C29775A8E805, cid=3589, SUCCESS, logIndex=6175, commits[d5132e6f-def8-45c0-b0d2-c5ba43d86628:c6175]
2019-06-13 22:27:03,624 INFO  storage.RaftLogWorker (RaftLogWorker.java:rollLogSegment(303)) - d5132e6f-def8-45c0-b0d2-c5ba43d86628-RaftLogWorker: Rolling segment log-6108_6176 to index:6176
2019-06-13 22:27:03,624 INFO  storage.RaftLogWorker (RaftLogWorker.java:execute(433)) - d5132e6f-def8-45c0-b0d2-c5ba43d86628-RaftLogWorker: Rolled log segment from /opt/src/hadoop-ozone/integration-test/target/test-dir/MiniOzoneClusterImpl-e9ea07bb-4900-4b53-96c1-68f0ab556a80/datanode-0/data/ratis/c7035dd3-cd4a-42fb-880d-c29775a8e805/current/log_inprogress_6108 to /opt/src/hadoop-ozone/integration-test/target/test-dir/MiniOzoneClusterImpl-e9ea07bb-4900-4b53-96c1-68f0ab556a80/datanode-0/data/ratis/c7035dd3-cd4a-42fb-880d-c29775a8e805/current/log_6108-6176
2019-06-13 22:27:03,664 INFO  storage.RaftLogWorker (RaftLogWorker.java:execute(469)) - d5132e6f-def8-45c0-b0d2-c5ba43d86628-RaftLogWorker: created new log segment /opt/src/hadoop-ozone/integration-test/target/test-dir/MiniOzoneClusterImpl-e9ea07bb-4900-4b53-96c1-68f0ab556a80/datanode-0/data/ratis/c7035dd3-cd4a-42fb-880d-c29775a8e805/current/log_inprogress_6177
2019-06-13 22:27:03,666 INFO  client.GrpcClientProtocolClient (GrpcClientProtocolClient.java:onNext(254)) - client-43E682E1E07B->d5132e6f-def8-45c0-b0d2-c5ba43d86628: receive RaftClientReply:client-43E682E1E07B->d5132e6f-def8-45c0-b0d2-c5ba43d86628@group-C29775A8E805, cid=3590, SUCCESS, logIndex=6177, commits[d5132e6f-def8-45c0-b0d2-c5ba43d86628:c6179]
2019-06-13 22:27:03,667 INFO  client.GrpcClientProtocolClient (GrpcClientProtocolClient.java:onNext(254)) - client-43E682E1E07B->d5132e6f-def8-45c0-b0d2-c5ba43d86628: receive RaftClientReply:client-43E682E1E07B->d5132e6f-def8-45c0-b0d2-c5ba43d86628@group-C29775A8E805, cid=3591, SUCCESS, logIndex=6178, commits[d5132e6f-def8-45c0-b0d2-c5ba43d86628:c6179]
2019-06-13 22:27:03,667 INFO  client.GrpcClientProtocolClient (GrpcClientProtocolClient.java:onNext(254)) - client-43E682E1E07B->d5132e6f-def8-45c0-b0d2-c5ba43d86628: receive RaftClientReply:client-43E682E1E07B->d5132e6f-def8-45c0-b0d2-c5ba43d86628@group-C29775A8E805, cid=3592, SUCCESS, logIndex=6179, commits[d5132e6f-def8-45c0-b0d2-c5ba43d86628:c6179]
2019-06-13 22:27:03,680 INFO  client.GrpcClientProtocolClient (GrpcClientProtocolClient.java:onNext(254)) - client-43E682E1E07B->d5132e6f-def8-45c0-b0d2-c5ba43d86628: receive RaftClientReply:client-43E682E1E07B->d5132e6f-def8-45c0-b0d2-c5ba43d86628@group-C29775A8E805, cid=3593, SUCCESS, logIndex=6181, commits[d5132e6f-def8-45c0-b0d2-c5ba43d86628:c6181]
2019-06-13 22:27:03,681 INFO  client.GrpcClientProtocolClient (GrpcClientProtocolClient.java:onNext(254)) - client-43E682E1E07B->d5132e6f-def8-45c0-b0d2-c5ba43d86628: receive RaftClientReply:client-43E682E1E07B->d5132e6f-def8-45c0-b0d2-c5ba43d86628@group-C29775A8E805, cid=3594, SUCCESS, logIndex=6183, commits[d5132e6f-def8-45c0-b0d2-c5ba43d86628:c6183]
2019-06-13 22:27:03,684 INFO  client.GrpcClientProtocolClient (GrpcClientProtocolClient.java:onNext(254)) - client-43E682E1E07B->d5132e6f-def8-45c0-b0d2-c5ba43d86628: receive RaftClientReply:client-43E682E1E07B->d5132e6f-def8-45c0-b0d2-c5ba43d86628@group-C29775A8E805, cid=3595, SUCCESS, logIndex=6185, commits[d5132e6f-def8-45c0-b0d2-c5ba43d86628:c6186]
2019-06-13 22:27:03,685 INFO  client.GrpcClientProtocolClient (GrpcClientProtocolClient.java:onNext(254)) - client-43E682E1E07B->d5132e6f-def8-45c0-b0d2-c5ba43d86628: receive RaftClientReply:client-43E682E1E07B->d5132e6f-def8-45c0-b0d2-c5ba43d86628@group-C29775A8E805, cid=3596, SUCCESS, logIndex=6186, commits[d5132e6f-def8-45c0-b0d2-c5ba43d86628:c6186]
2019-06-13 22:27:03,692 INFO  client.GrpcClientProtocolClient (GrpcClientProtocolClient.java:onNext(254)) - client-43E682E1E07B->d5132e6f-def8-45c0-b0d2-c5ba43d86628: receive RaftClientReply:client-43E682E1E07B->d5132e6f-def8-45c0-b0d2-c5ba43d86628@group-C29775A8E805, cid=3597, SUCCESS, logIndex=6188, commits[d5132e6f-def8-45c0-b0d2-c5ba43d86628:c6188]
2019-06-13 22:27:03,694 INFO  client.GrpcClientProtocolClient (GrpcClientProtocolClient.java:onNext(254)) - client-43E682E1E07B->d5132e6f-def8-45c0-b0d2-c5ba43d86628: receive RaftClientReply:client-43E682E1E07B->d5132e6f-def8-45c0-b0d2-c5ba43d86628@group-C29775A8E805, cid=3598, SUCCESS, logIndex=6190, commits[d5132e6f-def8-45c0-b0d2-c5ba43d86628:c6190]
2019-06-13 22:27:03,694 INFO  client.GrpcClientProtocolClient (GrpcClientProtocolClient.java:onNext(254)) - client-43E682E1E07B->d5132e6f-def8-45c0-b0d2-c5ba43d86628: receive RaftClientReply:client-43E682E1E07B->d5132e6f-def8-45c0-b0d2-c5ba43d86628@group-C29775A8E805, cid=3599, SUCCESS, logIndex=6191, commits[d5132e6f-def8-45c0-b0d2-c5ba43d86628:c6193]
2019-06-13 22:27:03,695 INFO  client.GrpcClientProtocolClient (GrpcClientProtocolClient.java:onNext(254)) - client-43E682E1E07B->d5132e6f-def8-45c0-b0d2-c5ba43d86628: receive RaftClientReply:client-43E682E1E07B->d5132e6f-def8-45c0-b0d2-c5ba43d86628@group-C29775A8E805, cid=3600, SUCCESS, logIndex=6192, commits[d5132e6f-def8-45c0-b0d2-c5ba43d86628:c6193]
2019-06-13 22:27:03,707 INFO  client.GrpcClientProtocolClient (GrpcClientProtocolClient.java:onNext(254)) - client-43E682E1E07B->d5132e6f-def8-45c0-b0d2-c5ba43d86628: receive RaftClientReply:client-43E682E1E07B->d5132e6f-def8-45c0-b0d2-c5ba43d86628@group-C29775A8E805, cid=3601, SUCCESS, logIndex=6194, commits[d5132e6f-def8-45c0-b0d2-c5ba43d86628:c6194]
2019-06-13 22:27:03,710 INFO  client.GrpcClientProtocolClient (GrpcClientProtocolClient.java:onNext(254)) - client-43E682E1E07B->d5132e6f-def8-45c0-b0d2-c5ba43d86628: receive RaftClientReply:client-43E682E1E07B->d5132e6f-def8-45c0-b0d2-c5ba43d86628@group-C29775A8E805, cid=3602, SUCCESS, logIndex=6196, commits[d5132e6f-def8-45c0-b0d2-c5ba43d86628:c6196]
2019-06-13 22:27:03,711 INFO  client.GrpcClientProtocolClient (GrpcClientProtocolClient.java:onNext(254)) - client-43E682E1E07B->d5132e6f-def8-45c0-b0d2-c5ba43d86628: receive RaftClientReply:client-43E682E1E07B->d5132e6f-def8-45c0-b0d2-c5ba43d86628@group-C29775A8E805, cid=3603, SUCCESS, logIndex=6197, commits[d5132e6f-def8-45c0-b0d2-c5ba43d86628:c6197]
2019-06-13 22:27:03,711 INFO  client.GrpcClientProtocolClient (GrpcClientProtocolClient.java:onNext(254)) - client-43E682E1E07B->d5132e6f-def8-45c0-b0d2-c5ba43d86628: receive RaftClientReply:client-43E682E1E07B->d5132e6f-def8-45c0-b0d2-c5ba43d86628@group-C29775A8E805, cid=3604, SUCCESS, logIndex=6199, commits[d5132e6f-def8-45c0-b0d2-c5ba43d86628:c6199]
2019-06-13 22:27:03,713 DEBUG block.SCMBlockDeletingService (SCMBlockDeletingService.java:call(138)) - Running DeletedBlockTransactionScanner
2019-06-13 22:27:03,713 DEBUG block.SCMBlockDeletingService (SCMBlockDeletingService.java:call(155)) - Scanned deleted blocks log and got 0 delTX to process.
2019-06-13 22:27:03,717 INFO  client.GrpcClientProtocolClient (GrpcClientProtocolClient.java:onNext(254)) - client-43E682E1E07B->d5132e6f-def8-45c0-b0d2-c5ba43d86628: receive RaftClientReply:client-43E682E1E07B->d5132e6f-def8-45c0-b0d2-c5ba43d86628@group-C29775A8E805, cid=3605, SUCCESS, logIndex=6202, commits[d5132e6f-def8-45c0-b0d2-c5ba43d86628:c6202]
2019-06-13 22:27:03,718 INFO  client.GrpcClientProtocolClient (GrpcClientProtocolClient.java:onNext(254)) - client-43E682E1E07B->d5132e6f-def8-45c0-b0d2-c5ba43d86628: receive RaftClientReply:client-43E682E1E07B->d5132e6f-def8-45c0-b0d2-c5ba43d86628@group-C29775A8E805, cid=3606, SUCCESS, logIndex=6204, commits[d5132e6f-def8-45c0-b0d2-c5ba43d86628:c6204]
2019-06-13 22:27:03,720 INFO  client.GrpcClientProtocolClient (GrpcClientProtocolClient.java:onNext(254)) - client-43E682E1E07B->d5132e6f-def8-45c0-b0d2-c5ba43d86628: receive RaftClientReply:client-43E682E1E07B->d5132e6f-def8-45c0-b0d2-c5ba43d86628@group-C29775A8E805, cid=3607, SUCCESS, logIndex=6205, commits[d5132e6f-def8-45c0-b0d2-c5ba43d86628:c6207]
2019-06-13 22:27:03,720 INFO  client.GrpcClientProtocolClient (GrpcClientProtocolClient.java:onNext(254)) - client-43E682E1E07B->d5132e6f-def8-45c0-b0d2-c5ba43d86628: receive RaftClientReply:client-43E682E1E07B->d5132e6f-def8-45c0-b0d2-c5ba43d86628@group-C29775A8E805, cid=3608, SUCCESS, logIndex=6206, commits[d5132e6f-def8-45c0-b0d2-c5ba43d86628:c6207]
2019-06-13 22:27:03,733 INFO  client.GrpcClientProtocolClient (GrpcClientProtocolClient.java:onNext(254)) - client-43E682E1E07B->d5132e6f-def8-45c0-b0d2-c5ba43d86628: receive RaftClientReply:client-43E682E1E07B->d5132e6f-def8-45c0-b0d2-c5ba43d86628@group-C29775A8E805, cid=3609, SUCCESS, logIndex=6208, commits[d5132e6f-def8-45c0-b0d2-c5ba43d86628:c6208]
2019-06-13 22:27:03,735 INFO  client.GrpcClientProtocolClient (GrpcClientProtocolClient.java:onNext(254)) - client-43E682E1E07B->d5132e6f-def8-45c0-b0d2-c5ba43d86628: receive RaftClientReply:client-43E682E1E07B->d5132e6f-def8-45c0-b0d2-c5ba43d86628@group-C29775A8E805, cid=3610, SUCCESS, logIndex=6210, commits[d5132e6f-def8-45c0-b0d2-c5ba43d86628:c6210]
2019-06-13 22:27:03,736 INFO  client.GrpcClientProtocolClient (GrpcClientProtocolClient.java:onNext(254)) - client-43E682E1E07B->d5132e6f-def8-45c0-b0d2-c5ba43d86628: receive RaftClientReply:client-43E682E1E07B->d5132e6f-def8-45c0-b0d2-c5ba43d86628@group-C29775A8E805, cid=3611, SUCCESS, logIndex=6211, commits[d5132e6f-def8-45c0-b0d2-c5ba43d86628:c6212]
2019-06-13 22:27:03,736 INFO  client.GrpcClientProtocolClient (GrpcClientProtocolClient.java:onNext(254)) - client-43E682E1E07B->d5132e6f-def8-45c0-b0d2-c5ba43d86628: receive RaftClientReply:client-43E682E1E07B->d5132e6f-def8-45c0-b0d2-c5ba43d86628@group-C29775A8E805, cid=3612, SUCCESS, logIndex=6212, commits[d5132e6f-def8-45c0-b0d2-c5ba43d86628:c6213]
2019-06-13 22:27:03,742 INFO  client.GrpcClientProtocolClient (GrpcClientProtocolClient.java:onNext(254)) - client-43E682E1E07B->d5132e6f-def8-45c0-b0d2-c5ba43d86628: receive RaftClientReply:client-43E682E1E07B->d5132e6f-def8-45c0-b0d2-c5ba43d86628@group-C29775A8E805, cid=3613, SUCCESS, logIndex=6215, commits[d5132e6f-def8-45c0-b0d2-c5ba43d86628:c6215]
2019-06-13 22:27:03,745 INFO  client.GrpcClientProtocolClient (GrpcClientProtocolClient.java:onNext(254)) - client-43E682E1E07B->d5132e6f-def8-45c0-b0d2-c5ba43d86628: receive RaftClientReply:client-43E682E1E07B->d5132e6f-def8-45c0-b0d2-c5ba43d86628@group-C29775A8E805, cid=3614, SUCCESS, logIndex=6217, commits[d5132e6f-def8-45c0-b0d2-c5ba43d86628:c6217]
2019-06-13 22:27:03,747 INFO  client.GrpcClientProtocolClient (GrpcClientProtocolClient.java:onNext(254)) - client-43E682E1E07B->d5132e6f-def8-45c0-b0d2-c5ba43d86628: receive RaftClientReply:client-43E682E1E07B->d5132e6f-def8-45c0-b0d2-c5ba43d86628@group-C29775A8E805, cid=3615, SUCCESS, logIndex=6218, commits[d5132e6f-def8-45c0-b0d2-c5ba43d86628:c6220]
2019-06-13 22:27:03,749 INFO  client.GrpcClientProtocolClient (GrpcClientProtocolClient.java:onNext(254)) - client-43E682E1E07B->d5132e6f-def8-45c0-b0d2-c5ba43d86628: receive RaftClientReply:client-43E682E1E07B->d5132e6f-def8-45c0-b0d2-c5ba43d86628@group-C29775A8E805, cid=3616, SUCCESS, logIndex=6219, commits[d5132e6f-def8-45c0-b0d2-c5ba43d86628:c6220]
2019-06-13 22:27:03,761 INFO  client.GrpcClientProtocolClient (GrpcClientProtocolClient.java:onNext(254)) - client-43E682E1E07B->d5132e6f-def8-45c0-b0d2-c5ba43d86628: receive RaftClientReply:client-43E682E1E07B->d5132e6f-def8-45c0-b0d2-c5ba43d86628@group-C29775A8E805, cid=3617, SUCCESS, logIndex=6221, commits[d5132e6f-def8-45c0-b0d2-c5ba43d86628:c6221]
2019-06-13 22:27:03,764 INFO  client.GrpcClientProtocolClient (GrpcClientProtocolClient.java:onNext(254)) - client-43E682E1E07B->d5132e6f-def8-45c0-b0d2-c5ba43d86628: receive RaftClientReply:client-43E682E1E07B->d5132e6f-def8-45c0-b0d2-c5ba43d86628@group-C29775A8E805, cid=3618, SUCCESS, logIndex=6223, commits[d5132e6f-def8-45c0-b0d2-c5ba43d86628:c6223]
2019-06-13 22:27:03,764 INFO  client.GrpcClientProtocolClient (GrpcClientProtocolClient.java:onNext(254)) - client-43E682E1E07B->d5132e6f-def8-45c0-b0d2-c5ba43d86628: receive RaftClientReply:client-43E682E1E07B->d5132e6f-def8-45c0-b0d2-c5ba43d86628@group-C29775A8E805, cid=3619, SUCCESS, logIndex=6224, commits[d5132e6f-def8-45c0-b0d2-c5ba43d86628:c6224]
2019-06-13 22:27:03,765 INFO  client.GrpcClientProtocolClient (GrpcClientProtocolClient.java:onNext(254)) - client-43E682E1E07B->d5132e6f-def8-45c0-b0d2-c5ba43d86628: receive RaftClientReply:client-43E682E1E07B->d5132e6f-def8-45c0-b0d2-c5ba43d86628@group-C29775A8E805, cid=3620, SUCCESS, logIndex=6226, commits[d5132e6f-def8-45c0-b0d2-c5ba43d86628:c6226]
2019-06-13 22:27:03,771 INFO  client.GrpcClientProtocolClient (GrpcClientProtocolClient.java:onNext(254)) - client-43E682E1E07B->d5132e6f-def8-45c0-b0d2-c5ba43d86628: receive RaftClientReply:client-43E682E1E07B->d5132e6f-def8-45c0-b0d2-c5ba43d86628@group-C29775A8E805, cid=3621, SUCCESS, logIndex=6229, commits[d5132e6f-def8-45c0-b0d2-c5ba43d86628:c6229]
2019-06-13 22:27:03,773 INFO  client.GrpcClientProtocolClient (GrpcClientProtocolClient.java:onNext(254)) - client-43E682E1E07B->d5132e6f-def8-45c0-b0d2-c5ba43d86628: receive RaftClientReply:client-43E682E1E07B->d5132e6f-def8-45c0-b0d2-c5ba43d86628@group-C29775A8E805, cid=3622, SUCCESS, logIndex=6231, commits[d5132e6f-def8-45c0-b0d2-c5ba43d86628:c6231]
2019-06-13 22:27:03,774 INFO  client.GrpcClientProtocolClient (GrpcClientProtocolClient.java:onNext(254)) - client-43E682E1E07B->d5132e6f-def8-45c0-b0d2-c5ba43d86628: receive RaftClientReply:client-43E682E1E07B->d5132e6f-def8-45c0-b0d2-c5ba43d86628@group-C29775A8E805, cid=3623, SUCCESS, logIndex=6232, commits[d5132e6f-def8-45c0-b0d2-c5ba43d86628:c6233]
2019-06-13 22:27:03,775 INFO  client.GrpcClientProtocolClient (GrpcClientProtocolClient.java:onNext(254)) - client-43E682E1E07B->d5132e6f-def8-45c0-b0d2-c5ba43d86628: receive RaftClientReply:client-43E682E1E07B->d5132e6f-def8-45c0-b0d2-c5ba43d86628@group-C29775A8E805, cid=3624, SUCCESS, logIndex=6233, commits[d5132e6f-def8-45c0-b0d2-c5ba43d86628:c6234]
2019-06-13 22:27:03,813 DEBUG block.SCMBlockDeletingService (SCMBlockDeletingService.java:call(138)) - Running DeletedBlockTransactionScanner
2019-06-13 22:27:03,813 DEBUG block.SCMBlockDeletingService (SCMBlockDeletingService.java:call(155)) - Scanned deleted blocks log and got 0 delTX to process.
2019-06-13 22:27:03,888 INFO  client.GrpcClientProtocolClient (GrpcClientProtocolClient.java:onNext(254)) - client-43E682E1E07B->d5132e6f-def8-45c0-b0d2-c5ba43d86628: receive RaftClientReply:client-43E682E1E07B->d5132e6f-def8-45c0-b0d2-c5ba43d86628@group-C29775A8E805, cid=3625, SUCCESS, logIndex=6236, commits[d5132e6f-def8-45c0-b0d2-c5ba43d86628:c6236]
2019-06-13 22:27:03,891 INFO  client.GrpcClientProtocolClient (GrpcClientProtocolClient.java:onNext(254)) - client-43E682E1E07B->d5132e6f-def8-45c0-b0d2-c5ba43d86628: receive RaftClientReply:client-43E682E1E07B->d5132e6f-def8-45c0-b0d2-c5ba43d86628@group-C29775A8E805, cid=3626, SUCCESS, logIndex=6238, commits[d5132e6f-def8-45c0-b0d2-c5ba43d86628:c6238]
2019-06-13 22:27:03,892 INFO  client.GrpcClientProtocolClient (GrpcClientProtocolClient.java:onNext(254)) - client-43E682E1E07B->d5132e6f-def8-45c0-b0d2-c5ba43d86628: receive RaftClientReply:client-43E682E1E07B->d5132e6f-def8-45c0-b0d2-c5ba43d86628@group-C29775A8E805, cid=3627, SUCCESS, logIndex=6239, commits[d5132e6f-def8-45c0-b0d2-c5ba43d86628:c6240]
2019-06-13 22:27:03,894 INFO  client.GrpcClientProtocolClient (GrpcClientProtocolClient.java:onNext(254)) - client-43E682E1E07B->d5132e6f-def8-45c0-b0d2-c5ba43d86628: receive RaftClientReply:client-43E682E1E07B->d5132e6f-def8-45c0-b0d2-c5ba43d86628@group-C29775A8E805, cid=3628, SUCCESS, logIndex=6240, commits[d5132e6f-def8-45c0-b0d2-c5ba43d86628:c6241]
2019-06-13 22:27:03,901 INFO  client.GrpcClientProtocolClient (GrpcClientProtocolClient.java:onNext(254)) - client-43E682E1E07B->d5132e6f-def8-45c0-b0d2-c5ba43d86628: receive RaftClientReply:client-43E682E1E07B->d5132e6f-def8-45c0-b0d2-c5ba43d86628@group-C29775A8E805, cid=3629, SUCCESS, logIndex=6243, commits[d5132e6f-def8-45c0-b0d2-c5ba43d86628:c6243]
2019-06-13 22:27:03,901 INFO  storage.RaftLogWorker (RaftLogWorker.java:rollLogSegment(303)) - d5132e6f-def8-45c0-b0d2-c5ba43d86628-RaftLogWorker: Rolling segment log-6177_6246 to index:6246
2019-06-13 22:27:03,903 INFO  storage.RaftLogWorker (RaftLogWorker.java:execute(433)) - d5132e6f-def8-45c0-b0d2-c5ba43d86628-RaftLogWorker: Rolled log segment from /opt/src/hadoop-ozone/integration-test/target/test-dir/MiniOzoneClusterImpl-e9ea07bb-4900-4b53-96c1-68f0ab556a80/datanode-0/data/ratis/c7035dd3-cd4a-42fb-880d-c29775a8e805/current/log_inprogress_6177 to /opt/src/hadoop-ozone/integration-test/target/test-dir/MiniOzoneClusterImpl-e9ea07bb-4900-4b53-96c1-68f0ab556a80/datanode-0/data/ratis/c7035dd3-cd4a-42fb-880d-c29775a8e805/current/log_6177-6246
2019-06-13 22:27:03,911 INFO  client.GrpcClientProtocolClient (GrpcClientProtocolClient.java:onNext(254)) - client-43E682E1E07B->d5132e6f-def8-45c0-b0d2-c5ba43d86628: receive RaftClientReply:client-43E682E1E07B->d5132e6f-def8-45c0-b0d2-c5ba43d86628@group-C29775A8E805, cid=3630, SUCCESS, logIndex=6245, commits[d5132e6f-def8-45c0-b0d2-c5ba43d86628:c6246]
2019-06-13 22:27:03,912 INFO  client.GrpcClientProtocolClient (GrpcClientProtocolClient.java:onNext(254)) - client-43E682E1E07B->d5132e6f-def8-45c0-b0d2-c5ba43d86628: receive RaftClientReply:client-43E682E1E07B->d5132e6f-def8-45c0-b0d2-c5ba43d86628@group-C29775A8E805, cid=3631, SUCCESS, logIndex=6246, commits[d5132e6f-def8-45c0-b0d2-c5ba43d86628:c6246]
2019-06-13 22:27:03,914 DEBUG block.SCMBlockDeletingService (SCMBlockDeletingService.java:call(138)) - Running DeletedBlockTransactionScanner
2019-06-13 22:27:03,914 DEBUG block.SCMBlockDeletingService (SCMBlockDeletingService.java:call(155)) - Scanned deleted blocks log and got 0 delTX to process.
2019-06-13 22:27:03,956 INFO  storage.RaftLogWorker (RaftLogWorker.java:execute(469)) - d5132e6f-def8-45c0-b0d2-c5ba43d86628-RaftLogWorker: created new log segment /opt/src/hadoop-ozone/integration-test/target/test-dir/MiniOzoneClusterImpl-e9ea07bb-4900-4b53-96c1-68f0ab556a80/datanode-0/data/ratis/c7035dd3-cd4a-42fb-880d-c29775a8e805/current/log_inprogress_6247
2019-06-13 22:27:03,963 INFO  client.GrpcClientProtocolClient (GrpcClientProtocolClient.java:onNext(254)) - client-43E682E1E07B->d5132e6f-def8-45c0-b0d2-c5ba43d86628: receive RaftClientReply:client-43E682E1E07B->d5132e6f-def8-45c0-b0d2-c5ba43d86628@group-C29775A8E805, cid=3632, SUCCESS, logIndex=6247, commits[d5132e6f-def8-45c0-b0d2-c5ba43d86628:c6249]
2019-06-13 22:27:03,978 INFO  client.GrpcClientProtocolClient (GrpcClientProtocolClient.java:onNext(254)) - client-43E682E1E07B->d5132e6f-def8-45c0-b0d2-c5ba43d86628: receive RaftClientReply:client-43E682E1E07B->d5132e6f-def8-45c0-b0d2-c5ba43d86628@group-C29775A8E805, cid=3633, SUCCESS, logIndex=6250, commits[d5132e6f-def8-45c0-b0d2-c5ba43d86628:c6250]
2019-06-13 22:27:03,981 INFO  client.GrpcClientProtocolClient (GrpcClientProtocolClient.java:onNext(254)) - client-43E682E1E07B->d5132e6f-def8-45c0-b0d2-c5ba43d86628: receive RaftClientReply:client-43E682E1E07B->d5132e6f-def8-45c0-b0d2-c5ba43d86628@group-C29775A8E805, cid=3634, SUCCESS, logIndex=6252, commits[d5132e6f-def8-45c0-b0d2-c5ba43d86628:c6252]
2019-06-13 22:27:03,982 INFO  client.GrpcClientProtocolClient (GrpcClientProtocolClient.java:onNext(254)) - client-43E682E1E07B->d5132e6f-def8-45c0-b0d2-c5ba43d86628: receive RaftClientReply:client-43E682E1E07B->d5132e6f-def8-45c0-b0d2-c5ba43d86628@group-C29775A8E805, cid=3635, SUCCESS, logIndex=6253, commits[d5132e6f-def8-45c0-b0d2-c5ba43d86628:c6254]
2019-06-13 22:27:03,982 INFO  client.GrpcClientProtocolClient (GrpcClientProtocolClient.java:onNext(254)) - client-43E682E1E07B->d5132e6f-def8-45c0-b0d2-c5ba43d86628: receive RaftClientReply:client-43E682E1E07B->d5132e6f-def8-45c0-b0d2-c5ba43d86628@group-C29775A8E805, cid=3636, SUCCESS, logIndex=6254, commits[d5132e6f-def8-45c0-b0d2-c5ba43d86628:c6255]
2019-06-13 22:27:03,989 INFO  client.GrpcClientProtocolClient (GrpcClientProtocolClient.java:onNext(254)) - client-43E682E1E07B->d5132e6f-def8-45c0-b0d2-c5ba43d86628: receive RaftClientReply:client-43E682E1E07B->d5132e6f-def8-45c0-b0d2-c5ba43d86628@group-C29775A8E805, cid=3637, SUCCESS, logIndex=6257, commits[d5132e6f-def8-45c0-b0d2-c5ba43d86628:c6257]
2019-06-13 22:27:03,991 INFO  client.GrpcClientProtocolClient (GrpcClientProtocolClient.java:onNext(254)) - client-43E682E1E07B->d5132e6f-def8-45c0-b0d2-c5ba43d86628: receive RaftClientReply:client-43E682E1E07B->d5132e6f-def8-45c0-b0d2-c5ba43d86628@group-C29775A8E805, cid=3638, SUCCESS, logIndex=6259, commits[d5132e6f-def8-45c0-b0d2-c5ba43d86628:c6259]
2019-06-13 22:27:03,992 INFO  client.GrpcClientProtocolClient (GrpcClientProtocolClient.java:onNext(254)) - client-43E682E1E07B->d5132e6f-def8-45c0-b0d2-c5ba43d86628: receive RaftClientReply:client-43E682E1E07B->d5132e6f-def8-45c0-b0d2-c5ba43d86628@group-C29775A8E805, cid=3639, SUCCESS, logIndex=6260, commits[d5132e6f-def8-45c0-b0d2-c5ba43d86628:c6261]
2019-06-13 22:27:03,992 INFO  client.GrpcClientProtocolClient (GrpcClientProtocolClient.java:onNext(254)) - client-43E682E1E07B->d5132e6f-def8-45c0-b0d2-c5ba43d86628: receive RaftClientReply:client-43E682E1E07B->d5132e6f-def8-45c0-b0d2-c5ba43d86628@group-C29775A8E805, cid=3640, SUCCESS, logIndex=6261, commits[d5132e6f-def8-45c0-b0d2-c5ba43d86628:c6262]
2019-06-13 22:27:04,009 INFO  client.GrpcClientProtocolClient (GrpcClientProtocolClient.java:onNext(254)) - client-43E682E1E07B->d5132e6f-def8-45c0-b0d2-c5ba43d86628: receive RaftClientReply:client-43E682E1E07B->d5132e6f-def8-45c0-b0d2-c5ba43d86628@group-C29775A8E805, cid=3641, SUCCESS, logIndex=6264, commits[d5132e6f-def8-45c0-b0d2-c5ba43d86628:c6264]
2019-06-13 22:27:04,012 INFO  client.GrpcClientProtocolClient (GrpcClientProtocolClient.java:onNext(254)) - client-43E682E1E07B->d5132e6f-def8-45c0-b0d2-c5ba43d86628: receive RaftClientReply:client-43E682E1E07B->d5132e6f-def8-45c0-b0d2-c5ba43d86628@group-C29775A8E805, cid=3642, SUCCESS, logIndex=6266, commits[d5132e6f-def8-45c0-b0d2-c5ba43d86628:c6268]
2019-06-13 22:27:04,014 DEBUG block.SCMBlockDeletingService (SCMBlockDeletingService.java:call(138)) - Running DeletedBlockTransactionScanner
2019-06-13 22:27:04,014 DEBUG block.SCMBlockDeletingService (SCMBlockDeletingService.java:call(155)) - Scanned deleted blocks log and got 0 delTX to process.
2019-06-13 22:27:04,017 INFO  client.GrpcClientProtocolClient (GrpcClientProtocolClient.java:onNext(254)) - client-43E682E1E07B->d5132e6f-def8-45c0-b0d2-c5ba43d86628: receive RaftClientReply:client-43E682E1E07B->d5132e6f-def8-45c0-b0d2-c5ba43d86628@group-C29775A8E805, cid=3643, SUCCESS, logIndex=6267, commits[d5132e6f-def8-45c0-b0d2-c5ba43d86628:c6268]
2019-06-13 22:27:04,017 INFO  client.GrpcClientProtocolClient (GrpcClientProtocolClient.java:onNext(254)) - client-43E682E1E07B->d5132e6f-def8-45c0-b0d2-c5ba43d86628: receive RaftClientReply:client-43E682E1E07B->d5132e6f-def8-45c0-b0d2-c5ba43d86628@group-C29775A8E805, cid=3644, SUCCESS, logIndex=6268, commits[d5132e6f-def8-45c0-b0d2-c5ba43d86628:c6269]
2019-06-13 22:27:04,038 INFO  client.GrpcClientProtocolClient (GrpcClientProtocolClient.java:onNext(254)) - client-43E682E1E07B->d5132e6f-def8-45c0-b0d2-c5ba43d86628: receive RaftClientReply:client-43E682E1E07B->d5132e6f-def8-45c0-b0d2-c5ba43d86628@group-C29775A8E805, cid=3645, SUCCESS, logIndex=6270, commits[d5132e6f-def8-45c0-b0d2-c5ba43d86628:c6270]
2019-06-13 22:27:04,041 INFO  client.GrpcClientProtocolClient (GrpcClientProtocolClient.java:onNext(254)) - client-43E682E1E07B->d5132e6f-def8-45c0-b0d2-c5ba43d86628: receive RaftClientReply:client-43E682E1E07B->d5132e6f-def8-45c0-b0d2-c5ba43d86628@group-C29775A8E805, cid=3646, SUCCESS, logIndex=6272, commits[d5132e6f-def8-45c0-b0d2-c5ba43d86628:c6274]
2019-06-13 22:27:04,042 INFO  client.GrpcClientProtocolClient (GrpcClientProtocolClient.java:onNext(254)) - client-43E682E1E07B->d5132e6f-def8-45c0-b0d2-c5ba43d86628: receive RaftClientReply:client-43E682E1E07B->d5132e6f-def8-45c0-b0d2-c5ba43d86628@group-C29775A8E805, cid=3647, SUCCESS, logIndex=6273, commits[d5132e6f-def8-45c0-b0d2-c5ba43d86628:c6274]
2019-06-13 22:27:04,052 INFO  client.GrpcClientProtocolClient (GrpcClientProtocolClient.java:onNext(254)) - client-43E682E1E07B->d5132e6f-def8-45c0-b0d2-c5ba43d86628: receive RaftClientReply:client-43E682E1E07B->d5132e6f-def8-45c0-b0d2-c5ba43d86628@group-C29775A8E805, cid=3648, SUCCESS, logIndex=6274, commits[d5132e6f-def8-45c0-b0d2-c5ba43d86628:c6274]
2019-06-13 22:27:04,120 DEBUG block.SCMBlockDeletingService (SCMBlockDeletingService.java:call(138)) - Running DeletedBlockTransactionScanner
2019-06-13 22:27:04,120 DEBUG block.SCMBlockDeletingService (SCMBlockDeletingService.java:call(155)) - Scanned deleted blocks log and got 0 delTX to process.
2019-06-13 22:27:04,124 INFO  client.GrpcClientProtocolClient (GrpcClientProtocolClient.java:onNext(254)) - client-43E682E1E07B->d5132e6f-def8-45c0-b0d2-c5ba43d86628: receive RaftClientReply:client-43E682E1E07B->d5132e6f-def8-45c0-b0d2-c5ba43d86628@group-C29775A8E805, cid=3649, SUCCESS, logIndex=6276, commits[d5132e6f-def8-45c0-b0d2-c5ba43d86628:c6276]
2019-06-13 22:27:04,135 INFO  client.GrpcClientProtocolClient (GrpcClientProtocolClient.java:onNext(254)) - client-43E682E1E07B->d5132e6f-def8-45c0-b0d2-c5ba43d86628: receive RaftClientReply:client-43E682E1E07B->d5132e6f-def8-45c0-b0d2-c5ba43d86628@group-C29775A8E805, cid=3650, SUCCESS, logIndex=6278, commits[d5132e6f-def8-45c0-b0d2-c5ba43d86628:c6278]
2019-06-13 22:27:04,137 INFO  client.GrpcClientProtocolClient (GrpcClientProtocolClient.java:onNext(254)) - client-43E682E1E07B->d5132e6f-def8-45c0-b0d2-c5ba43d86628: receive RaftClientReply:client-43E682E1E07B->d5132e6f-def8-45c0-b0d2-c5ba43d86628@group-C29775A8E805, cid=3651, SUCCESS, logIndex=6280, commits[d5132e6f-def8-45c0-b0d2-c5ba43d86628:c6281]
2019-06-13 22:27:04,137 INFO  client.GrpcClientProtocolClient (GrpcClientProtocolClient.java:onNext(254)) - client-43E682E1E07B->d5132e6f-def8-45c0-b0d2-c5ba43d86628: receive RaftClientReply:client-43E682E1E07B->d5132e6f-def8-45c0-b0d2-c5ba43d86628@group-C29775A8E805, cid=3652, SUCCESS, logIndex=6281, commits[d5132e6f-def8-45c0-b0d2-c5ba43d86628:c6282]
2019-06-13 22:27:04,146 INFO  client.GrpcClientProtocolClient (GrpcClientProtocolClient.java:onNext(254)) - client-43E682E1E07B->d5132e6f-def8-45c0-b0d2-c5ba43d86628: receive RaftClientReply:client-43E682E1E07B->d5132e6f-def8-45c0-b0d2-c5ba43d86628@group-C29775A8E805, cid=3653, SUCCESS, logIndex=6283, commits[d5132e6f-def8-45c0-b0d2-c5ba43d86628:c6283]
2019-06-13 22:27:04,147 INFO  client.GrpcClientProtocolClient (GrpcClientProtocolClient.java:onNext(254)) - client-43E682E1E07B->d5132e6f-def8-45c0-b0d2-c5ba43d86628: receive RaftClientReply:client-43E682E1E07B->d5132e6f-def8-45c0-b0d2-c5ba43d86628@group-C29775A8E805, cid=3654, SUCCESS, logIndex=6285, commits[d5132e6f-def8-45c0-b0d2-c5ba43d86628:c6285]
2019-06-13 22:27:04,148 INFO  client.GrpcClientProtocolClient (GrpcClientProtocolClient.java:onNext(254)) - client-43E682E1E07B->d5132e6f-def8-45c0-b0d2-c5ba43d86628: receive RaftClientReply:client-43E682E1E07B->d5132e6f-def8-45c0-b0d2-c5ba43d86628@group-C29775A8E805, cid=3655, SUCCESS, logIndex=6286, commits[d5132e6f-def8-45c0-b0d2-c5ba43d86628:c6288]
2019-06-13 22:27:04,149 INFO  client.GrpcClientProtocolClient (GrpcClientProtocolClient.java:onNext(254)) - client-43E682E1E07B->d5132e6f-def8-45c0-b0d2-c5ba43d86628: receive RaftClientReply:client-43E682E1E07B->d5132e6f-def8-45c0-b0d2-c5ba43d86628@group-C29775A8E805, cid=3656, SUCCESS, logIndex=6287, commits[d5132e6f-def8-45c0-b0d2-c5ba43d86628:c6288]
2019-06-13 22:27:04,161 INFO  client.GrpcClientProtocolClient (GrpcClientProtocolClient.java:onNext(254)) - client-43E682E1E07B->d5132e6f-def8-45c0-b0d2-c5ba43d86628: receive RaftClientReply:client-43E682E1E07B->d5132e6f-def8-45c0-b0d2-c5ba43d86628@group-C29775A8E805, cid=3657, SUCCESS, logIndex=6289, commits[d5132e6f-def8-45c0-b0d2-c5ba43d86628:c6289]
2019-06-13 22:27:04,164 INFO  client.GrpcClientProtocolClient (GrpcClientProtocolClient.java:onNext(254)) - client-43E682E1E07B->d5132e6f-def8-45c0-b0d2-c5ba43d86628: receive RaftClientReply:client-43E682E1E07B->d5132e6f-def8-45c0-b0d2-c5ba43d86628@group-C29775A8E805, cid=3658, SUCCESS, logIndex=6291, commits[d5132e6f-def8-45c0-b0d2-c5ba43d86628:c6291]
2019-06-13 22:27:04,164 INFO  client.GrpcClientProtocolClient (GrpcClientProtocolClient.java:onNext(254)) - client-43E682E1E07B->d5132e6f-def8-45c0-b0d2-c5ba43d86628: receive RaftClientReply:client-43E682E1E07B->d5132e6f-def8-45c0-b0d2-c5ba43d86628@group-C29775A8E805, cid=3659, SUCCESS, logIndex=6292, commits[d5132e6f-def8-45c0-b0d2-c5ba43d86628:c6293]
2019-06-13 22:27:04,166 INFO  client.GrpcClientProtocolClient (GrpcClientProtocolClient.java:onNext(254)) - client-43E682E1E07B->d5132e6f-def8-45c0-b0d2-c5ba43d86628: receive RaftClientReply:client-43E682E1E07B->d5132e6f-def8-45c0-b0d2-c5ba43d86628@group-C29775A8E805, cid=3660, SUCCESS, logIndex=6293, commits[d5132e6f-def8-45c0-b0d2-c5ba43d86628:c6293]
2019-06-13 22:27:04,177 INFO  client.GrpcClientProtocolClient (GrpcClientProtocolClient.java:onNext(254)) - client-43E682E1E07B->d5132e6f-def8-45c0-b0d2-c5ba43d86628: receive RaftClientReply:client-43E682E1E07B->d5132e6f-def8-45c0-b0d2-c5ba43d86628@group-C29775A8E805, cid=3661, SUCCESS, logIndex=6296, commits[d5132e6f-def8-45c0-b0d2-c5ba43d86628:c6296]
2019-06-13 22:27:04,180 INFO  client.GrpcClientProtocolClient (GrpcClientProtocolClient.java:onNext(254)) - client-43E682E1E07B->d5132e6f-def8-45c0-b0d2-c5ba43d86628: receive RaftClientReply:client-43E682E1E07B->d5132e6f-def8-45c0-b0d2-c5ba43d86628@group-C29775A8E805, cid=3662, SUCCESS, logIndex=6298, commits[d5132e6f-def8-45c0-b0d2-c5ba43d86628:c6298]
2019-06-13 22:27:04,180 INFO  client.GrpcClientProtocolClient (GrpcClientProtocolClient.java:onNext(254)) - client-43E682E1E07B->d5132e6f-def8-45c0-b0d2-c5ba43d86628: receive RaftClientReply:client-43E682E1E07B->d5132e6f-def8-45c0-b0d2-c5ba43d86628@group-C29775A8E805, cid=3663, SUCCESS, logIndex=6299, commits[d5132e6f-def8-45c0-b0d2-c5ba43d86628:c6300]
2019-06-13 22:27:04,181 INFO  client.GrpcClientProtocolClient (GrpcClientProtocolClient.java:onNext(254)) - client-43E682E1E07B->d5132e6f-def8-45c0-b0d2-c5ba43d86628: receive RaftClientReply:client-43E682E1E07B->d5132e6f-def8-45c0-b0d2-c5ba43d86628@group-C29775A8E805, cid=3664, SUCCESS, logIndex=6300, commits[d5132e6f-def8-45c0-b0d2-c5ba43d86628:c6301]
2019-06-13 22:27:04,193 INFO  client.GrpcClientProtocolClient (GrpcClientProtocolClient.java:onNext(254)) - client-43E682E1E07B->d5132e6f-def8-45c0-b0d2-c5ba43d86628: receive RaftClientReply:client-43E682E1E07B->d5132e6f-def8-45c0-b0d2-c5ba43d86628@group-C29775A8E805, cid=3665, SUCCESS, logIndex=6303, commits[d5132e6f-def8-45c0-b0d2-c5ba43d86628:c6303]
2019-06-13 22:27:04,196 INFO  client.GrpcClientProtocolClient (GrpcClientProtocolClient.java:onNext(254)) - client-43E682E1E07B->d5132e6f-def8-45c0-b0d2-c5ba43d86628: receive RaftClientReply:client-43E682E1E07B->d5132e6f-def8-45c0-b0d2-c5ba43d86628@group-C29775A8E805, cid=3666, SUCCESS, logIndex=6305, commits[d5132e6f-def8-45c0-b0d2-c5ba43d86628:c6305]
2019-06-13 22:27:04,197 INFO  client.GrpcClientProtocolClient (GrpcClientProtocolClient.java:onNext(254)) - client-43E682E1E07B->d5132e6f-def8-45c0-b0d2-c5ba43d86628: receive RaftClientReply:client-43E682E1E07B->d5132e6f-def8-45c0-b0d2-c5ba43d86628@group-C29775A8E805, cid=3667, SUCCESS, logIndex=6306, commits[d5132e6f-def8-45c0-b0d2-c5ba43d86628:c6308]
2019-06-13 22:27:04,197 INFO  client.GrpcClientProtocolClient (GrpcClientProtocolClient.java:onNext(254)) - client-43E682E1E07B->d5132e6f-def8-45c0-b0d2-c5ba43d86628: receive RaftClientReply:client-43E682E1E07B->d5132e6f-def8-45c0-b0d2-c5ba43d86628@group-C29775A8E805, cid=3668, SUCCESS, logIndex=6307, commits[d5132e6f-def8-45c0-b0d2-c5ba43d86628:c6308]
2019-06-13 22:27:04,220 DEBUG block.SCMBlockDeletingService (SCMBlockDeletingService.java:call(138)) - Running DeletedBlockTransactionScanner
2019-06-13 22:27:04,221 DEBUG block.SCMBlockDeletingService (SCMBlockDeletingService.java:call(155)) - Scanned deleted blocks log and got 0 delTX to process.
2019-06-13 22:27:04,273 INFO  client.GrpcClientProtocolClient (GrpcClientProtocolClient.java:onNext(254)) - client-43E682E1E07B->d5132e6f-def8-45c0-b0d2-c5ba43d86628: receive RaftClientReply:client-43E682E1E07B->d5132e6f-def8-45c0-b0d2-c5ba43d86628@group-C29775A8E805, cid=3669, SUCCESS, logIndex=6309, commits[d5132e6f-def8-45c0-b0d2-c5ba43d86628:c6309]
2019-06-13 22:27:04,274 INFO  client.GrpcClientProtocolClient (GrpcClientProtocolClient.java:onNext(254)) - client-43E682E1E07B->d5132e6f-def8-45c0-b0d2-c5ba43d86628: receive RaftClientReply:client-43E682E1E07B->d5132e6f-def8-45c0-b0d2-c5ba43d86628@group-C29775A8E805, cid=3670, SUCCESS, logIndex=6311, commits[d5132e6f-def8-45c0-b0d2-c5ba43d86628:c6311]
2019-06-13 22:27:04,277 INFO  client.GrpcClientProtocolClient (GrpcClientProtocolClient.java:onNext(254)) - client-43E682E1E07B->d5132e6f-def8-45c0-b0d2-c5ba43d86628: receive RaftClientReply:client-43E682E1E07B->d5132e6f-def8-45c0-b0d2-c5ba43d86628@group-C29775A8E805, cid=3671, SUCCESS, logIndex=6313, commits[d5132e6f-def8-45c0-b0d2-c5ba43d86628:c6313]
2019-06-13 22:27:04,283 INFO  client.GrpcClientProtocolClient (GrpcClientProtocolClient.java:onNext(254)) - client-43E682E1E07B->d5132e6f-def8-45c0-b0d2-c5ba43d86628: receive RaftClientReply:client-43E682E1E07B->d5132e6f-def8-45c0-b0d2-c5ba43d86628@group-C29775A8E805, cid=3672, SUCCESS, logIndex=6314, commits[d5132e6f-def8-45c0-b0d2-c5ba43d86628:c6314]
2019-06-13 22:27:04,300 INFO  client.GrpcClientProtocolClient (GrpcClientProtocolClient.java:onNext(254)) - client-43E682E1E07B->d5132e6f-def8-45c0-b0d2-c5ba43d86628: receive RaftClientReply:client-43E682E1E07B->d5132e6f-def8-45c0-b0d2-c5ba43d86628@group-C29775A8E805, cid=3673, SUCCESS, logIndex=6317, commits[d5132e6f-def8-45c0-b0d2-c5ba43d86628:c6317]
2019-06-13 22:27:04,302 INFO  client.GrpcClientProtocolClient (GrpcClientProtocolClient.java:onNext(254)) - client-43E682E1E07B->d5132e6f-def8-45c0-b0d2-c5ba43d86628: receive RaftClientReply:client-43E682E1E07B->d5132e6f-def8-45c0-b0d2-c5ba43d86628@group-C29775A8E805, cid=3674, SUCCESS, logIndex=6319, commits[d5132e6f-def8-45c0-b0d2-c5ba43d86628:c6319]
2019-06-13 22:27:04,302 INFO  storage.RaftLogWorker (RaftLogWorker.java:rollLogSegment(303)) - d5132e6f-def8-45c0-b0d2-c5ba43d86628-RaftLogWorker: Rolling segment log-6247_6320 to index:6320
2019-06-13 22:27:04,302 INFO  storage.RaftLogWorker (RaftLogWorker.java:execute(433)) - d5132e6f-def8-45c0-b0d2-c5ba43d86628-RaftLogWorker: Rolled log segment from /opt/src/hadoop-ozone/integration-test/target/test-dir/MiniOzoneClusterImpl-e9ea07bb-4900-4b53-96c1-68f0ab556a80/datanode-0/data/ratis/c7035dd3-cd4a-42fb-880d-c29775a8e805/current/log_inprogress_6247 to /opt/src/hadoop-ozone/integration-test/target/test-dir/MiniOzoneClusterImpl-e9ea07bb-4900-4b53-96c1-68f0ab556a80/datanode-0/data/ratis/c7035dd3-cd4a-42fb-880d-c29775a8e805/current/log_6247-6320
2019-06-13 22:27:04,321 DEBUG block.SCMBlockDeletingService (SCMBlockDeletingService.java:call(138)) - Running DeletedBlockTransactionScanner
2019-06-13 22:27:04,321 DEBUG block.SCMBlockDeletingService (SCMBlockDeletingService.java:call(155)) - Scanned deleted blocks log and got 0 delTX to process.
2019-06-13 22:27:04,351 INFO  storage.RaftLogWorker (RaftLogWorker.java:execute(469)) - d5132e6f-def8-45c0-b0d2-c5ba43d86628-RaftLogWorker: created new log segment /opt/src/hadoop-ozone/integration-test/target/test-dir/MiniOzoneClusterImpl-e9ea07bb-4900-4b53-96c1-68f0ab556a80/datanode-0/data/ratis/c7035dd3-cd4a-42fb-880d-c29775a8e805/current/log_inprogress_6321
2019-06-13 22:27:04,352 INFO  client.GrpcClientProtocolClient (GrpcClientProtocolClient.java:onNext(254)) - client-43E682E1E07B->d5132e6f-def8-45c0-b0d2-c5ba43d86628: receive RaftClientReply:client-43E682E1E07B->d5132e6f-def8-45c0-b0d2-c5ba43d86628@group-C29775A8E805, cid=3675, SUCCESS, logIndex=6321, commits[d5132e6f-def8-45c0-b0d2-c5ba43d86628:c6322]
2019-06-13 22:27:04,353 INFO  client.GrpcClientProtocolClient (GrpcClientProtocolClient.java:onNext(254)) - client-43E682E1E07B->d5132e6f-def8-45c0-b0d2-c5ba43d86628: receive RaftClientReply:client-43E682E1E07B->d5132e6f-def8-45c0-b0d2-c5ba43d86628@group-C29775A8E805, cid=3676, SUCCESS, logIndex=6322, commits[d5132e6f-def8-45c0-b0d2-c5ba43d86628:c6322]
2019-06-13 22:27:04,358 INFO  client.GrpcClientProtocolClient (GrpcClientProtocolClient.java:onNext(254)) - client-43E682E1E07B->d5132e6f-def8-45c0-b0d2-c5ba43d86628: receive RaftClientReply:client-43E682E1E07B->d5132e6f-def8-45c0-b0d2-c5ba43d86628@group-C29775A8E805, cid=3677, SUCCESS, logIndex=6324, commits[d5132e6f-def8-45c0-b0d2-c5ba43d86628:c6324]
2019-06-13 22:27:04,359 INFO  client.GrpcClientProtocolClient (GrpcClientProtocolClient.java:onNext(254)) - client-43E682E1E07B->d5132e6f-def8-45c0-b0d2-c5ba43d86628: receive RaftClientReply:client-43E682E1E07B->d5132e6f-def8-45c0-b0d2-c5ba43d86628@group-C29775A8E805, cid=3678, SUCCESS, logIndex=6326, commits[d5132e6f-def8-45c0-b0d2-c5ba43d86628:c6326]
2019-06-13 22:27:04,361 INFO  client.GrpcClientProtocolClient (GrpcClientProtocolClient.java:onNext(254)) - client-43E682E1E07B->d5132e6f-def8-45c0-b0d2-c5ba43d86628: receive RaftClientReply:client-43E682E1E07B->d5132e6f-def8-45c0-b0d2-c5ba43d86628@group-C29775A8E805, cid=3679, SUCCESS, logIndex=6327, commits[d5132e6f-def8-45c0-b0d2-c5ba43d86628:c6329]
2019-06-13 22:27:04,361 INFO  client.GrpcClientProtocolClient (GrpcClientProtocolClient.java:onNext(254)) - client-43E682E1E07B->d5132e6f-def8-45c0-b0d2-c5ba43d86628: receive RaftClientReply:client-43E682E1E07B->d5132e6f-def8-45c0-b0d2-c5ba43d86628@group-C29775A8E805, cid=3680, SUCCESS, logIndex=6328, commits[d5132e6f-def8-45c0-b0d2-c5ba43d86628:c6329]
2019-06-13 22:27:04,372 INFO  client.GrpcClientProtocolClient (GrpcClientProtocolClient.java:onNext(254)) - client-43E682E1E07B->d5132e6f-def8-45c0-b0d2-c5ba43d86628: receive RaftClientReply:client-43E682E1E07B->d5132e6f-def8-45c0-b0d2-c5ba43d86628@group-C29775A8E805, cid=3681, SUCCESS, logIndex=6330, commits[d5132e6f-def8-45c0-b0d2-c5ba43d86628:c6330]
2019-06-13 22:27:04,374 INFO  client.GrpcClientProtocolClient (GrpcClientProtocolClient.java:onNext(254)) - client-43E682E1E07B->d5132e6f-def8-45c0-b0d2-c5ba43d86628: receive RaftClientReply:client-43E682E1E07B->d5132e6f-def8-45c0-b0d2-c5ba43d86628@group-C29775A8E805, cid=3682, SUCCESS, logIndex=6332, commits[d5132e6f-def8-45c0-b0d2-c5ba43d86628:c6332]
2019-06-13 22:27:04,375 INFO  client.GrpcClientProtocolClient (GrpcClientProtocolClient.java:onNext(254)) - client-43E682E1E07B->d5132e6f-def8-45c0-b0d2-c5ba43d86628: receive RaftClientReply:client-43E682E1E07B->d5132e6f-def8-45c0-b0d2-c5ba43d86628@group-C29775A8E805, cid=3683, SUCCESS, logIndex=6333, commits[d5132e6f-def8-45c0-b0d2-c5ba43d86628:c6335]
2019-06-13 22:27:04,375 INFO  client.GrpcClientProtocolClient (GrpcClientProtocolClient.java:onNext(254)) - client-43E682E1E07B->d5132e6f-def8-45c0-b0d2-c5ba43d86628: receive RaftClientReply:client-43E682E1E07B->d5132e6f-def8-45c0-b0d2-c5ba43d86628@group-C29775A8E805, cid=3684, SUCCESS, logIndex=6334, commits[d5132e6f-def8-45c0-b0d2-c5ba43d86628:c6335]
2019-06-13 22:27:04,381 INFO  client.GrpcClientProtocolClient (GrpcClientProtocolClient.java:onNext(254)) - client-43E682E1E07B->d5132e6f-def8-45c0-b0d2-c5ba43d86628: receive RaftClientReply:client-43E682E1E07B->d5132e6f-def8-45c0-b0d2-c5ba43d86628@group-C29775A8E805, cid=3685, SUCCESS, logIndex=6336, commits[d5132e6f-def8-45c0-b0d2-c5ba43d86628:c6336]
2019-06-13 22:27:04,382 INFO  client.GrpcClientProtocolClient (GrpcClientProtocolClient.java:onNext(254)) - client-43E682E1E07B->d5132e6f-def8-45c0-b0d2-c5ba43d86628: receive RaftClientReply:client-43E682E1E07B->d5132e6f-def8-45c0-b0d2-c5ba43d86628@group-C29775A8E805, cid=3686, SUCCESS, logIndex=6338, commits[d5132e6f-def8-45c0-b0d2-c5ba43d86628:c6338]
2019-06-13 22:27:04,383 INFO  client.GrpcClientProtocolClient (GrpcClientProtocolClient.java:onNext(254)) - client-43E682E1E07B->d5132e6f-def8-45c0-b0d2-c5ba43d86628: receive RaftClientReply:client-43E682E1E07B->d5132e6f-def8-45c0-b0d2-c5ba43d86628@group-C29775A8E805, cid=3687, SUCCESS, logIndex=6339, commits[d5132e6f-def8-45c0-b0d2-c5ba43d86628:c6341]
2019-06-13 22:27:04,383 INFO  client.GrpcClientProtocolClient (GrpcClientProtocolClient.java:onNext(254)) - client-43E682E1E07B->d5132e6f-def8-45c0-b0d2-c5ba43d86628: receive RaftClientReply:client-43E682E1E07B->d5132e6f-def8-45c0-b0d2-c5ba43d86628@group-C29775A8E805, cid=3688, SUCCESS, logIndex=6340, commits[d5132e6f-def8-45c0-b0d2-c5ba43d86628:c6341]
2019-06-13 22:27:04,402 INFO  client.GrpcClientProtocolClient (GrpcClientProtocolClient.java:onNext(254)) - client-43E682E1E07B->d5132e6f-def8-45c0-b0d2-c5ba43d86628: receive RaftClientReply:client-43E682E1E07B->d5132e6f-def8-45c0-b0d2-c5ba43d86628@group-C29775A8E805, cid=3689, SUCCESS, logIndex=6342, commits[d5132e6f-def8-45c0-b0d2-c5ba43d86628:c6343]
2019-06-13 22:27:04,405 INFO  client.GrpcClientProtocolClient (GrpcClientProtocolClient.java:onNext(254)) - client-43E682E1E07B->d5132e6f-def8-45c0-b0d2-c5ba43d86628: receive RaftClientReply:client-43E682E1E07B->d5132e6f-def8-45c0-b0d2-c5ba43d86628@group-C29775A8E805, cid=3690, SUCCESS, logIndex=6344, commits[d5132e6f-def8-45c0-b0d2-c5ba43d86628:c6344]
2019-06-13 22:27:04,406 INFO  client.GrpcClientProtocolClient (GrpcClientProtocolClient.java:onNext(254)) - client-43E682E1E07B->d5132e6f-def8-45c0-b0d2-c5ba43d86628: receive RaftClientReply:client-43E682E1E07B->d5132e6f-def8-45c0-b0d2-c5ba43d86628@group-C29775A8E805, cid=3691, SUCCESS, logIndex=6345, commits[d5132e6f-def8-45c0-b0d2-c5ba43d86628:c6347]
2019-06-13 22:27:04,406 INFO  client.GrpcClientProtocolClient (GrpcClientProtocolClient.java:onNext(254)) - client-43E682E1E07B->d5132e6f-def8-45c0-b0d2-c5ba43d86628: receive RaftClientReply:client-43E682E1E07B->d5132e6f-def8-45c0-b0d2-c5ba43d86628@group-C29775A8E805, cid=3692, SUCCESS, logIndex=6346, commits[d5132e6f-def8-45c0-b0d2-c5ba43d86628:c6347]
2019-06-13 22:27:04,419 INFO  client.GrpcClientProtocolClient (GrpcClientProtocolClient.java:onNext(254)) - client-43E682E1E07B->d5132e6f-def8-45c0-b0d2-c5ba43d86628: receive RaftClientReply:client-43E682E1E07B->d5132e6f-def8-45c0-b0d2-c5ba43d86628@group-C29775A8E805, cid=3693, SUCCESS, logIndex=6348, commits[d5132e6f-def8-45c0-b0d2-c5ba43d86628:c6349]
2019-06-13 22:27:04,421 DEBUG block.SCMBlockDeletingService (SCMBlockDeletingService.java:call(138)) - Running DeletedBlockTransactionScanner
2019-06-13 22:27:04,421 DEBUG block.SCMBlockDeletingService (SCMBlockDeletingService.java:call(155)) - Scanned deleted blocks log and got 0 delTX to process.
2019-06-13 22:27:04,432 INFO  client.GrpcClientProtocolClient (GrpcClientProtocolClient.java:onNext(254)) - client-43E682E1E07B->d5132e6f-def8-45c0-b0d2-c5ba43d86628: receive RaftClientReply:client-43E682E1E07B->d5132e6f-def8-45c0-b0d2-c5ba43d86628@group-C29775A8E805, cid=3694, SUCCESS, logIndex=6350, commits[d5132e6f-def8-45c0-b0d2-c5ba43d86628:c6350]
2019-06-13 22:27:04,446 INFO  client.GrpcClientProtocolClient (GrpcClientProtocolClient.java:onNext(254)) - client-43E682E1E07B->d5132e6f-def8-45c0-b0d2-c5ba43d86628: receive RaftClientReply:client-43E682E1E07B->d5132e6f-def8-45c0-b0d2-c5ba43d86628@group-C29775A8E805, cid=3695, SUCCESS, logIndex=6352, commits[d5132e6f-def8-45c0-b0d2-c5ba43d86628:c6353]
2019-06-13 22:27:04,446 INFO  client.GrpcClientProtocolClient (GrpcClientProtocolClient.java:onNext(254)) - client-43E682E1E07B->d5132e6f-def8-45c0-b0d2-c5ba43d86628: receive RaftClientReply:client-43E682E1E07B->d5132e6f-def8-45c0-b0d2-c5ba43d86628@group-C29775A8E805, cid=3696, SUCCESS, logIndex=6353, commits[d5132e6f-def8-45c0-b0d2-c5ba43d86628:c6353]
2019-06-13 22:27:04,468 INFO  client.GrpcClientProtocolClient (GrpcClientProtocolClient.java:onNext(254)) - client-43E682E1E07B->d5132e6f-def8-45c0-b0d2-c5ba43d86628: receive RaftClientReply:client-43E682E1E07B->d5132e6f-def8-45c0-b0d2-c5ba43d86628@group-C29775A8E805, cid=3697, SUCCESS, logIndex=6355, commits[d5132e6f-def8-45c0-b0d2-c5ba43d86628:c6355]
2019-06-13 22:27:04,480 INFO  client.GrpcClientProtocolClient (GrpcClientProtocolClient.java:onNext(254)) - client-43E682E1E07B->d5132e6f-def8-45c0-b0d2-c5ba43d86628: receive RaftClientReply:client-43E682E1E07B->d5132e6f-def8-45c0-b0d2-c5ba43d86628@group-C29775A8E805, cid=3698, SUCCESS, logIndex=6357, commits[d5132e6f-def8-45c0-b0d2-c5ba43d86628:c6359]
2019-06-13 22:27:04,481 INFO  client.GrpcClientProtocolClient (GrpcClientProtocolClient.java:onNext(254)) - client-43E682E1E07B->d5132e6f-def8-45c0-b0d2-c5ba43d86628: receive RaftClientReply:client-43E682E1E07B->d5132e6f-def8-45c0-b0d2-c5ba43d86628@group-C29775A8E805, cid=3699, SUCCESS, logIndex=6358, commits[d5132e6f-def8-45c0-b0d2-c5ba43d86628:c6359]
2019-06-13 22:27:04,481 INFO  client.GrpcClientProtocolClient (GrpcClientProtocolClient.java:onNext(254)) - client-43E682E1E07B->d5132e6f-def8-45c0-b0d2-c5ba43d86628: receive RaftClientReply:client-43E682E1E07B->d5132e6f-def8-45c0-b0d2-c5ba43d86628@group-C29775A8E805, cid=3700, SUCCESS, logIndex=6359, commits[d5132e6f-def8-45c0-b0d2-c5ba43d86628:c6359]
2019-06-13 22:27:04,502 INFO  client.GrpcClientProtocolClient (GrpcClientProtocolClient.java:onNext(254)) - client-43E682E1E07B->d5132e6f-def8-45c0-b0d2-c5ba43d86628: receive RaftClientReply:client-43E682E1E07B->d5132e6f-def8-45c0-b0d2-c5ba43d86628@group-C29775A8E805, cid=3701, SUCCESS, logIndex=6361, commits[d5132e6f-def8-45c0-b0d2-c5ba43d86628:c6361]
2019-06-13 22:27:04,522 DEBUG block.SCMBlockDeletingService (SCMBlockDeletingService.java:call(138)) - Running DeletedBlockTransactionScanner
2019-06-13 22:27:04,522 DEBUG block.SCMBlockDeletingService (SCMBlockDeletingService.java:call(155)) - Scanned deleted blocks log and got 0 delTX to process.
2019-06-13 22:27:04,621 INFO  client.GrpcClientProtocolClient (GrpcClientProtocolClient.java:onNext(254)) - client-43E682E1E07B->d5132e6f-def8-45c0-b0d2-c5ba43d86628: receive RaftClientReply:client-43E682E1E07B->d5132e6f-def8-45c0-b0d2-c5ba43d86628@group-C29775A8E805, cid=3702, SUCCESS, logIndex=6363, commits[d5132e6f-def8-45c0-b0d2-c5ba43d86628:c6365]
2019-06-13 22:27:04,622 DEBUG block.SCMBlockDeletingService (SCMBlockDeletingService.java:call(138)) - Running DeletedBlockTransactionScanner
2019-06-13 22:27:04,622 DEBUG block.SCMBlockDeletingService (SCMBlockDeletingService.java:call(155)) - Scanned deleted blocks log and got 0 delTX to process.
2019-06-13 22:27:04,623 INFO  client.GrpcClientProtocolClient (GrpcClientProtocolClient.java:onNext(254)) - client-43E682E1E07B->d5132e6f-def8-45c0-b0d2-c5ba43d86628: receive RaftClientReply:client-43E682E1E07B->d5132e6f-def8-45c0-b0d2-c5ba43d86628@group-C29775A8E805, cid=3703, SUCCESS, logIndex=6364, commits[d5132e6f-def8-45c0-b0d2-c5ba43d86628:c6365]
2019-06-13 22:27:04,626 INFO  client.GrpcClientProtocolClient (GrpcClientProtocolClient.java:onNext(254)) - client-43E682E1E07B->d5132e6f-def8-45c0-b0d2-c5ba43d86628: receive RaftClientReply:client-43E682E1E07B->d5132e6f-def8-45c0-b0d2-c5ba43d86628@group-C29775A8E805, cid=3704, SUCCESS, logIndex=6365, commits[d5132e6f-def8-45c0-b0d2-c5ba43d86628:c6365]
2019-06-13 22:27:04,657 INFO  client.GrpcClientProtocolClient (GrpcClientProtocolClient.java:onNext(254)) - client-43E682E1E07B->d5132e6f-def8-45c0-b0d2-c5ba43d86628: receive RaftClientReply:client-43E682E1E07B->d5132e6f-def8-45c0-b0d2-c5ba43d86628@group-C29775A8E805, cid=3705, SUCCESS, logIndex=6367, commits[d5132e6f-def8-45c0-b0d2-c5ba43d86628:c6367]
2019-06-13 22:27:04,670 INFO  client.GrpcClientProtocolClient (GrpcClientProtocolClient.java:onNext(254)) - client-43E682E1E07B->d5132e6f-def8-45c0-b0d2-c5ba43d86628: receive RaftClientReply:client-43E682E1E07B->d5132e6f-def8-45c0-b0d2-c5ba43d86628@group-C29775A8E805, cid=3706, SUCCESS, logIndex=6369, commits[d5132e6f-def8-45c0-b0d2-c5ba43d86628:c6371]
2019-06-13 22:27:04,671 INFO  client.GrpcClientProtocolClient (GrpcClientProtocolClient.java:onNext(254)) - client-43E682E1E07B->d5132e6f-def8-45c0-b0d2-c5ba43d86628: receive RaftClientReply:client-43E682E1E07B->d5132e6f-def8-45c0-b0d2-c5ba43d86628@group-C29775A8E805, cid=3707, SUCCESS, logIndex=6370, commits[d5132e6f-def8-45c0-b0d2-c5ba43d86628:c6371]
2019-06-13 22:27:04,671 INFO  client.GrpcClientProtocolClient (GrpcClientProtocolClient.java:onNext(254)) - client-43E682E1E07B->d5132e6f-def8-45c0-b0d2-c5ba43d86628: receive RaftClientReply:client-43E682E1E07B->d5132e6f-def8-45c0-b0d2-c5ba43d86628@group-C29775A8E805, cid=3708, SUCCESS, logIndex=6371, commits[d5132e6f-def8-45c0-b0d2-c5ba43d86628:c6371]
2019-06-13 22:27:04,684 INFO  client.GrpcClientProtocolClient (GrpcClientProtocolClient.java:onNext(254)) - client-43E682E1E07B->d5132e6f-def8-45c0-b0d2-c5ba43d86628: receive RaftClientReply:client-43E682E1E07B->d5132e6f-def8-45c0-b0d2-c5ba43d86628@group-C29775A8E805, cid=3709, SUCCESS, logIndex=6373, commits[d5132e6f-def8-45c0-b0d2-c5ba43d86628:c6373]
2019-06-13 22:27:04,697 INFO  client.GrpcClientProtocolClient (GrpcClientProtocolClient.java:onNext(254)) - client-43E682E1E07B->d5132e6f-def8-45c0-b0d2-c5ba43d86628: receive RaftClientReply:client-43E682E1E07B->d5132e6f-def8-45c0-b0d2-c5ba43d86628@group-C29775A8E805, cid=3710, SUCCESS, logIndex=6375, commits[d5132e6f-def8-45c0-b0d2-c5ba43d86628:c6377]
2019-06-13 22:27:04,698 INFO  client.GrpcClientProtocolClient (GrpcClientProtocolClient.java:onNext(254)) - client-43E682E1E07B->d5132e6f-def8-45c0-b0d2-c5ba43d86628: receive RaftClientReply:client-43E682E1E07B->d5132e6f-def8-45c0-b0d2-c5ba43d86628@group-C29775A8E805, cid=3711, SUCCESS, logIndex=6376, commits[d5132e6f-def8-45c0-b0d2-c5ba43d86628:c6377]
2019-06-13 22:27:04,698 INFO  client.GrpcClientProtocolClient (GrpcClientProtocolClient.java:onNext(254)) - client-43E682E1E07B->d5132e6f-def8-45c0-b0d2-c5ba43d86628: receive RaftClientReply:client-43E682E1E07B->d5132e6f-def8-45c0-b0d2-c5ba43d86628@group-C29775A8E805, cid=3712, SUCCESS, logIndex=6377, commits[d5132e6f-def8-45c0-b0d2-c5ba43d86628:c6377]
2019-06-13 22:27:04,722 DEBUG block.SCMBlockDeletingService (SCMBlockDeletingService.java:call(138)) - Running DeletedBlockTransactionScanner
2019-06-13 22:27:04,722 DEBUG block.SCMBlockDeletingService (SCMBlockDeletingService.java:call(155)) - Scanned deleted blocks log and got 0 delTX to process.
2019-06-13 22:27:05,096 DEBUG block.SCMBlockDeletingService (SCMBlockDeletingService.java:call(138)) - Running DeletedBlockTransactionScanner
2019-06-13 22:27:05,096 DEBUG block.SCMBlockDeletingService (SCMBlockDeletingService.java:call(155)) - Scanned deleted blocks log and got 0 delTX to process.
2019-06-13 22:27:05,116 INFO  client.GrpcClientProtocolClient (GrpcClientProtocolClient.java:onNext(254)) - client-43E682E1E07B->d5132e6f-def8-45c0-b0d2-c5ba43d86628: receive RaftClientReply:client-43E682E1E07B->d5132e6f-def8-45c0-b0d2-c5ba43d86628@group-C29775A8E805, cid=3713, SUCCESS, logIndex=6379, commits[d5132e6f-def8-45c0-b0d2-c5ba43d86628:c6379]
2019-06-13 22:27:05,130 INFO  client.GrpcClientProtocolClient (GrpcClientProtocolClient.java:onNext(254)) - client-43E682E1E07B->d5132e6f-def8-45c0-b0d2-c5ba43d86628: receive RaftClientReply:client-43E682E1E07B->d5132e6f-def8-45c0-b0d2-c5ba43d86628@group-C29775A8E805, cid=3714, SUCCESS, logIndex=6381, commits[d5132e6f-def8-45c0-b0d2-c5ba43d86628:c6383]
2019-06-13 22:27:05,131 INFO  client.GrpcClientProtocolClient (GrpcClientProtocolClient.java:onNext(254)) - client-43E682E1E07B->d5132e6f-def8-45c0-b0d2-c5ba43d86628: receive RaftClientReply:client-43E682E1E07B->d5132e6f-def8-45c0-b0d2-c5ba43d86628@group-C29775A8E805, cid=3715, SUCCESS, logIndex=6382, commits[d5132e6f-def8-45c0-b0d2-c5ba43d86628:c6383]
2019-06-13 22:27:05,131 INFO  client.GrpcClientProtocolClient (GrpcClientProtocolClient.java:onNext(254)) - client-43E682E1E07B->d5132e6f-def8-45c0-b0d2-c5ba43d86628: receive RaftClientReply:client-43E682E1E07B->d5132e6f-def8-45c0-b0d2-c5ba43d86628@group-C29775A8E805, cid=3716, SUCCESS, logIndex=6383, commits[d5132e6f-def8-45c0-b0d2-c5ba43d86628:c6383]
2019-06-13 22:27:05,151 INFO  storage.RaftLogWorker (RaftLogWorker.java:rollLogSegment(303)) - d5132e6f-def8-45c0-b0d2-c5ba43d86628-RaftLogWorker: Rolling segment log-6321_6386 to index:6386
2019-06-13 22:27:05,151 INFO  client.GrpcClientProtocolClient (GrpcClientProtocolClient.java:onNext(254)) - client-43E682E1E07B->d5132e6f-def8-45c0-b0d2-c5ba43d86628: receive RaftClientReply:client-43E682E1E07B->d5132e6f-def8-45c0-b0d2-c5ba43d86628@group-C29775A8E805, cid=3717, SUCCESS, logIndex=6385, commits[d5132e6f-def8-45c0-b0d2-c5ba43d86628:c6385]
2019-06-13 22:27:05,158 INFO  storage.RaftLogWorker (RaftLogWorker.java:execute(433)) - d5132e6f-def8-45c0-b0d2-c5ba43d86628-RaftLogWorker: Rolled log segment from /opt/src/hadoop-ozone/integration-test/target/test-dir/MiniOzoneClusterImpl-e9ea07bb-4900-4b53-96c1-68f0ab556a80/datanode-0/data/ratis/c7035dd3-cd4a-42fb-880d-c29775a8e805/current/log_inprogress_6321 to /opt/src/hadoop-ozone/integration-test/target/test-dir/MiniOzoneClusterImpl-e9ea07bb-4900-4b53-96c1-68f0ab556a80/datanode-0/data/ratis/c7035dd3-cd4a-42fb-880d-c29775a8e805/current/log_6321-6386
2019-06-13 22:27:05,197 DEBUG block.SCMBlockDeletingService (SCMBlockDeletingService.java:call(138)) - Running DeletedBlockTransactionScanner
2019-06-13 22:27:05,198 DEBUG block.SCMBlockDeletingService (SCMBlockDeletingService.java:call(155)) - Scanned deleted blocks log and got 0 delTX to process.
2019-06-13 22:27:05,298 DEBUG block.SCMBlockDeletingService (SCMBlockDeletingService.java:call(138)) - Running DeletedBlockTransactionScanner
2019-06-13 22:27:05,298 DEBUG block.SCMBlockDeletingService (SCMBlockDeletingService.java:call(155)) - Scanned deleted blocks log and got 0 delTX to process.
2019-06-13 22:27:05,334 INFO  storage.RaftLogWorker (RaftLogWorker.java:execute(469)) - d5132e6f-def8-45c0-b0d2-c5ba43d86628-RaftLogWorker: created new log segment /opt/src/hadoop-ozone/integration-test/target/test-dir/MiniOzoneClusterImpl-e9ea07bb-4900-4b53-96c1-68f0ab556a80/datanode-0/data/ratis/c7035dd3-cd4a-42fb-880d-c29775a8e805/current/log_inprogress_6387
2019-06-13 22:27:05,348 INFO  client.GrpcClientProtocolClient (GrpcClientProtocolClient.java:onNext(254)) - client-43E682E1E07B->d5132e6f-def8-45c0-b0d2-c5ba43d86628: receive RaftClientReply:client-43E682E1E07B->d5132e6f-def8-45c0-b0d2-c5ba43d86628@group-C29775A8E805, cid=3718, SUCCESS, logIndex=6387, commits[d5132e6f-def8-45c0-b0d2-c5ba43d86628:c6389]
2019-06-13 22:27:05,349 INFO  client.GrpcClientProtocolClient (GrpcClientProtocolClient.java:onNext(254)) - client-43E682E1E07B->d5132e6f-def8-45c0-b0d2-c5ba43d86628: receive RaftClientReply:client-43E682E1E07B->d5132e6f-def8-45c0-b0d2-c5ba43d86628@group-C29775A8E805, cid=3719, SUCCESS, logIndex=6388, commits[d5132e6f-def8-45c0-b0d2-c5ba43d86628:c6389]
2019-06-13 22:27:05,349 INFO  client.GrpcClientProtocolClient (GrpcClientProtocolClient.java:onNext(254)) - client-43E682E1E07B->d5132e6f-def8-45c0-b0d2-c5ba43d86628: receive RaftClientReply:client-43E682E1E07B->d5132e6f-def8-45c0-b0d2-c5ba43d86628@group-C29775A8E805, cid=3720, SUCCESS, logIndex=6389, commits[d5132e6f-def8-45c0-b0d2-c5ba43d86628:c6389]
2019-06-13 22:27:05,369 INFO  client.GrpcClientProtocolClient (GrpcClientProtocolClient.java:onNext(254)) - client-43E682E1E07B->d5132e6f-def8-45c0-b0d2-c5ba43d86628: receive RaftClientReply:client-43E682E1E07B->d5132e6f-def8-45c0-b0d2-c5ba43d86628@group-C29775A8E805, cid=3721, SUCCESS, logIndex=6391, commits[d5132e6f-def8-45c0-b0d2-c5ba43d86628:c6391]
2019-06-13 22:27:05,383 INFO  client.GrpcClientProtocolClient (GrpcClientProtocolClient.java:onNext(254)) - client-43E682E1E07B->d5132e6f-def8-45c0-b0d2-c5ba43d86628: receive RaftClientReply:client-43E682E1E07B->d5132e6f-def8-45c0-b0d2-c5ba43d86628@group-C29775A8E805, cid=3722, SUCCESS, logIndex=6393, commits[d5132e6f-def8-45c0-b0d2-c5ba43d86628:c6395]
2019-06-13 22:27:05,383 INFO  client.GrpcClientProtocolClient (GrpcClientProtocolClient.java:onNext(254)) - client-43E682E1E07B->d5132e6f-def8-45c0-b0d2-c5ba43d86628: receive RaftClientReply:client-43E682E1E07B->d5132e6f-def8-45c0-b0d2-c5ba43d86628@group-C29775A8E805, cid=3723, SUCCESS, logIndex=6394, commits[d5132e6f-def8-45c0-b0d2-c5ba43d86628:c6395]
2019-06-13 22:27:05,384 INFO  client.GrpcClientProtocolClient (GrpcClientProtocolClient.java:onNext(254)) - client-43E682E1E07B->d5132e6f-def8-45c0-b0d2-c5ba43d86628: receive RaftClientReply:client-43E682E1E07B->d5132e6f-def8-45c0-b0d2-c5ba43d86628@group-C29775A8E805, cid=3724, SUCCESS, logIndex=6395, commits[d5132e6f-def8-45c0-b0d2-c5ba43d86628:c6395]
2019-06-13 22:27:05,398 DEBUG block.SCMBlockDeletingService (SCMBlockDeletingService.java:call(138)) - Running DeletedBlockTransactionScanner
2019-06-13 22:27:05,398 DEBUG block.SCMBlockDeletingService (SCMBlockDeletingService.java:call(155)) - Scanned deleted blocks log and got 0 delTX to process.
2019-06-13 22:27:05,404 INFO  client.GrpcClientProtocolClient (GrpcClientProtocolClient.java:onNext(254)) - client-43E682E1E07B->d5132e6f-def8-45c0-b0d2-c5ba43d86628: receive RaftClientReply:client-43E682E1E07B->d5132e6f-def8-45c0-b0d2-c5ba43d86628@group-C29775A8E805, cid=3725, SUCCESS, logIndex=6397, commits[d5132e6f-def8-45c0-b0d2-c5ba43d86628:c6397]
2019-06-13 22:27:05,422 INFO  client.GrpcClientProtocolClient (GrpcClientProtocolClient.java:onNext(254)) - client-43E682E1E07B->d5132e6f-def8-45c0-b0d2-c5ba43d86628: receive RaftClientReply:client-43E682E1E07B->d5132e6f-def8-45c0-b0d2-c5ba43d86628@group-C29775A8E805, cid=3726, SUCCESS, logIndex=6399, commits[d5132e6f-def8-45c0-b0d2-c5ba43d86628:c6402]
2019-06-13 22:27:05,422 INFO  client.GrpcClientProtocolClient (GrpcClientProtocolClient.java:onNext(254)) - client-43E682E1E07B->d5132e6f-def8-45c0-b0d2-c5ba43d86628: receive RaftClientReply:client-43E682E1E07B->d5132e6f-def8-45c0-b0d2-c5ba43d86628@group-C29775A8E805, cid=3727, SUCCESS, logIndex=6400, commits[d5132e6f-def8-45c0-b0d2-c5ba43d86628:c6402]
2019-06-13 22:27:05,426 INFO  client.GrpcClientProtocolClient (GrpcClientProtocolClient.java:onNext(254)) - client-43E682E1E07B->d5132e6f-def8-45c0-b0d2-c5ba43d86628: receive RaftClientReply:client-43E682E1E07B->d5132e6f-def8-45c0-b0d2-c5ba43d86628@group-C29775A8E805, cid=3728, SUCCESS, logIndex=6401, commits[d5132e6f-def8-45c0-b0d2-c5ba43d86628:c6402]
2019-06-13 22:27:05,450 INFO  client.GrpcClientProtocolClient (GrpcClientProtocolClient.java:onNext(254)) - client-43E682E1E07B->d5132e6f-def8-45c0-b0d2-c5ba43d86628: receive RaftClientReply:client-43E682E1E07B->d5132e6f-def8-45c0-b0d2-c5ba43d86628@group-C29775A8E805, cid=3729, SUCCESS, logIndex=6403, commits[d5132e6f-def8-45c0-b0d2-c5ba43d86628:c6403]
2019-06-13 22:27:05,464 INFO  client.GrpcClientProtocolClient (GrpcClientProtocolClient.java:onNext(254)) - client-43E682E1E07B->d5132e6f-def8-45c0-b0d2-c5ba43d86628: receive RaftClientReply:client-43E682E1E07B->d5132e6f-def8-45c0-b0d2-c5ba43d86628@group-C29775A8E805, cid=3730, SUCCESS, logIndex=6405, commits[d5132e6f-def8-45c0-b0d2-c5ba43d86628:c6407]
2019-06-13 22:27:05,465 INFO  client.GrpcClientProtocolClient (GrpcClientProtocolClient.java:onNext(254)) - client-43E682E1E07B->d5132e6f-def8-45c0-b0d2-c5ba43d86628: receive RaftClientReply:client-43E682E1E07B->d5132e6f-def8-45c0-b0d2-c5ba43d86628@group-C29775A8E805, cid=3731, SUCCESS, logIndex=6406, commits[d5132e6f-def8-45c0-b0d2-c5ba43d86628:c6407]
2019-06-13 22:27:05,465 INFO  client.GrpcClientProtocolClient (GrpcClientProtocolClient.java:onNext(254)) - client-43E682E1E07B->d5132e6f-def8-45c0-b0d2-c5ba43d86628: receive RaftClientReply:client-43E682E1E07B->d5132e6f-def8-45c0-b0d2-c5ba43d86628@group-C29775A8E805, cid=3732, SUCCESS, logIndex=6407, commits[d5132e6f-def8-45c0-b0d2-c5ba43d86628:c6407]
2019-06-13 22:27:05,485 INFO  client.GrpcClientProtocolClient (GrpcClientProtocolClient.java:onNext(254)) - client-43E682E1E07B->d5132e6f-def8-45c0-b0d2-c5ba43d86628: receive RaftClientReply:client-43E682E1E07B->d5132e6f-def8-45c0-b0d2-c5ba43d86628@group-C29775A8E805, cid=3733, SUCCESS, logIndex=6409, commits[d5132e6f-def8-45c0-b0d2-c5ba43d86628:c6409]
2019-06-13 22:27:05,497 INFO  client.GrpcClientProtocolClient (GrpcClientProtocolClient.java:onNext(254)) - client-43E682E1E07B->d5132e6f-def8-45c0-b0d2-c5ba43d86628: receive RaftClientReply:client-43E682E1E07B->d5132e6f-def8-45c0-b0d2-c5ba43d86628@group-C29775A8E805, cid=3734, SUCCESS, logIndex=6411, commits[d5132e6f-def8-45c0-b0d2-c5ba43d86628:c6413]
2019-06-13 22:27:05,497 INFO  client.GrpcClientProtocolClient (GrpcClientProtocolClient.java:onNext(254)) - client-43E682E1E07B->d5132e6f-def8-45c0-b0d2-c5ba43d86628: receive RaftClientReply:client-43E682E1E07B->d5132e6f-def8-45c0-b0d2-c5ba43d86628@group-C29775A8E805, cid=3735, SUCCESS, logIndex=6412, commits[d5132e6f-def8-45c0-b0d2-c5ba43d86628:c6413]
2019-06-13 22:27:05,497 INFO  client.GrpcClientProtocolClient (GrpcClientProtocolClient.java:onNext(254)) - client-43E682E1E07B->d5132e6f-def8-45c0-b0d2-c5ba43d86628: receive RaftClientReply:client-43E682E1E07B->d5132e6f-def8-45c0-b0d2-c5ba43d86628@group-C29775A8E805, cid=3736, SUCCESS, logIndex=6413, commits[d5132e6f-def8-45c0-b0d2-c5ba43d86628:c6413]
2019-06-13 22:27:05,499 DEBUG block.SCMBlockDeletingService (SCMBlockDeletingService.java:call(138)) - Running DeletedBlockTransactionScanner
2019-06-13 22:27:05,499 DEBUG block.SCMBlockDeletingService (SCMBlockDeletingService.java:call(155)) - Scanned deleted blocks log and got 0 delTX to process.
2019-06-13 22:27:05,517 INFO  client.GrpcClientProtocolClient (GrpcClientProtocolClient.java:onNext(254)) - client-43E682E1E07B->d5132e6f-def8-45c0-b0d2-c5ba43d86628: receive RaftClientReply:client-43E682E1E07B->d5132e6f-def8-45c0-b0d2-c5ba43d86628@group-C29775A8E805, cid=3737, SUCCESS, logIndex=6415, commits[d5132e6f-def8-45c0-b0d2-c5ba43d86628:c6415]
2019-06-13 22:27:05,537 INFO  client.GrpcClientProtocolClient (GrpcClientProtocolClient.java:onNext(254)) - client-43E682E1E07B->d5132e6f-def8-45c0-b0d2-c5ba43d86628: receive RaftClientReply:client-43E682E1E07B->d5132e6f-def8-45c0-b0d2-c5ba43d86628@group-C29775A8E805, cid=3738, SUCCESS, logIndex=6417, commits[d5132e6f-def8-45c0-b0d2-c5ba43d86628:c6419]
2019-06-13 22:27:05,538 INFO  client.GrpcClientProtocolClient (GrpcClientProtocolClient.java:onNext(254)) - client-43E682E1E07B->d5132e6f-def8-45c0-b0d2-c5ba43d86628: receive RaftClientReply:client-43E682E1E07B->d5132e6f-def8-45c0-b0d2-c5ba43d86628@group-C29775A8E805, cid=3739, SUCCESS, logIndex=6418, commits[d5132e6f-def8-45c0-b0d2-c5ba43d86628:c6419]
2019-06-13 22:27:05,538 INFO  client.GrpcClientProtocolClient (GrpcClientProtocolClient.java:onNext(254)) - client-43E682E1E07B->d5132e6f-def8-45c0-b0d2-c5ba43d86628: receive RaftClientReply:client-43E682E1E07B->d5132e6f-def8-45c0-b0d2-c5ba43d86628@group-C29775A8E805, cid=3740, SUCCESS, logIndex=6419, commits[d5132e6f-def8-45c0-b0d2-c5ba43d86628:c6419]
2019-06-13 22:27:05,552 INFO  client.GrpcClientProtocolClient (GrpcClientProtocolClient.java:onNext(254)) - client-43E682E1E07B->d5132e6f-def8-45c0-b0d2-c5ba43d86628: receive RaftClientReply:client-43E682E1E07B->d5132e6f-def8-45c0-b0d2-c5ba43d86628@group-C29775A8E805, cid=3741, SUCCESS, logIndex=6421, commits[d5132e6f-def8-45c0-b0d2-c5ba43d86628:c6421]
2019-06-13 22:27:05,565 INFO  client.GrpcClientProtocolClient (GrpcClientProtocolClient.java:onNext(254)) - client-43E682E1E07B->d5132e6f-def8-45c0-b0d2-c5ba43d86628: receive RaftClientReply:client-43E682E1E07B->d5132e6f-def8-45c0-b0d2-c5ba43d86628@group-C29775A8E805, cid=3742, SUCCESS, logIndex=6423, commits[d5132e6f-def8-45c0-b0d2-c5ba43d86628:c6425]
2019-06-13 22:27:05,566 INFO  client.GrpcClientProtocolClient (GrpcClientProtocolClient.java:onNext(254)) - client-43E682E1E07B->d5132e6f-def8-45c0-b0d2-c5ba43d86628: receive RaftClientReply:client-43E682E1E07B->d5132e6f-def8-45c0-b0d2-c5ba43d86628@group-C29775A8E805, cid=3743, SUCCESS, logIndex=6424, commits[d5132e6f-def8-45c0-b0d2-c5ba43d86628:c6425]
2019-06-13 22:27:05,566 INFO  client.GrpcClientProtocolClient (GrpcClientProtocolClient.java:onNext(254)) - client-43E682E1E07B->d5132e6f-def8-45c0-b0d2-c5ba43d86628: receive RaftClientReply:client-43E682E1E07B->d5132e6f-def8-45c0-b0d2-c5ba43d86628@group-C29775A8E805, cid=3744, SUCCESS, logIndex=6425, commits[d5132e6f-def8-45c0-b0d2-c5ba43d86628:c6425]
2019-06-13 22:27:05,588 INFO  client.GrpcClientProtocolClient (GrpcClientProtocolClient.java:onNext(254)) - client-43E682E1E07B->d5132e6f-def8-45c0-b0d2-c5ba43d86628: receive RaftClientReply:client-43E682E1E07B->d5132e6f-def8-45c0-b0d2-c5ba43d86628@group-C29775A8E805, cid=3745, SUCCESS, logIndex=6427, commits[d5132e6f-def8-45c0-b0d2-c5ba43d86628:c6427]
2019-06-13 22:27:05,599 DEBUG block.SCMBlockDeletingService (SCMBlockDeletingService.java:call(138)) - Running DeletedBlockTransactionScanner
2019-06-13 22:27:05,599 DEBUG block.SCMBlockDeletingService (SCMBlockDeletingService.java:call(155)) - Scanned deleted blocks log and got 0 delTX to process.
2019-06-13 22:27:05,608 INFO  client.GrpcClientProtocolClient (GrpcClientProtocolClient.java:onNext(254)) - client-43E682E1E07B->d5132e6f-def8-45c0-b0d2-c5ba43d86628: receive RaftClientReply:client-43E682E1E07B->d5132e6f-def8-45c0-b0d2-c5ba43d86628@group-C29775A8E805, cid=3746, SUCCESS, logIndex=6429, commits[d5132e6f-def8-45c0-b0d2-c5ba43d86628:c6431]
2019-06-13 22:27:05,609 INFO  client.GrpcClientProtocolClient (GrpcClientProtocolClient.java:onNext(254)) - client-43E682E1E07B->d5132e6f-def8-45c0-b0d2-c5ba43d86628: receive RaftClientReply:client-43E682E1E07B->d5132e6f-def8-45c0-b0d2-c5ba43d86628@group-C29775A8E805, cid=3747, SUCCESS, logIndex=6430, commits[d5132e6f-def8-45c0-b0d2-c5ba43d86628:c6431]
2019-06-13 22:27:05,609 INFO  client.GrpcClientProtocolClient (GrpcClientProtocolClient.java:onNext(254)) - client-43E682E1E07B->d5132e6f-def8-45c0-b0d2-c5ba43d86628: receive RaftClientReply:client-43E682E1E07B->d5132e6f-def8-45c0-b0d2-c5ba43d86628@group-C29775A8E805, cid=3748, SUCCESS, logIndex=6431, commits[d5132e6f-def8-45c0-b0d2-c5ba43d86628:c6431]
2019-06-13 22:27:05,617 INFO  client.GrpcClientProtocolClient (GrpcClientProtocolClient.java:onNext(254)) - client-43E682E1E07B->d5132e6f-def8-45c0-b0d2-c5ba43d86628: receive RaftClientReply:client-43E682E1E07B->d5132e6f-def8-45c0-b0d2-c5ba43d86628@group-C29775A8E805, cid=3749, SUCCESS, logIndex=6433, commits[d5132e6f-def8-45c0-b0d2-c5ba43d86628:c6433]
2019-06-13 22:27:05,619 INFO  client.GrpcClientProtocolClient (GrpcClientProtocolClient.java:onNext(254)) - client-43E682E1E07B->d5132e6f-def8-45c0-b0d2-c5ba43d86628: receive RaftClientReply:client-43E682E1E07B->d5132e6f-def8-45c0-b0d2-c5ba43d86628@group-C29775A8E805, cid=3750, SUCCESS, logIndex=6435, commits[d5132e6f-def8-45c0-b0d2-c5ba43d86628:c6435]
2019-06-13 22:27:05,620 INFO  client.GrpcClientProtocolClient (GrpcClientProtocolClient.java:onNext(254)) - client-43E682E1E07B->d5132e6f-def8-45c0-b0d2-c5ba43d86628: receive RaftClientReply:client-43E682E1E07B->d5132e6f-def8-45c0-b0d2-c5ba43d86628@group-C29775A8E805, cid=3751, SUCCESS, logIndex=6436, commits[d5132e6f-def8-45c0-b0d2-c5ba43d86628:c6438]
2019-06-13 22:27:05,620 INFO  client.GrpcClientProtocolClient (GrpcClientProtocolClient.java:onNext(254)) - client-43E682E1E07B->d5132e6f-def8-45c0-b0d2-c5ba43d86628: receive RaftClientReply:client-43E682E1E07B->d5132e6f-def8-45c0-b0d2-c5ba43d86628@group-C29775A8E805, cid=3752, SUCCESS, logIndex=6437, commits[d5132e6f-def8-45c0-b0d2-c5ba43d86628:c6438]
2019-06-13 22:27:05,634 INFO  client.GrpcClientProtocolClient (GrpcClientProtocolClient.java:onNext(254)) - client-43E682E1E07B->d5132e6f-def8-45c0-b0d2-c5ba43d86628: receive RaftClientReply:client-43E682E1E07B->d5132e6f-def8-45c0-b0d2-c5ba43d86628@group-C29775A8E805, cid=3753, SUCCESS, logIndex=6439, commits[d5132e6f-def8-45c0-b0d2-c5ba43d86628:c6439]
2019-06-13 22:27:05,638 INFO  client.GrpcClientProtocolClient (GrpcClientProtocolClient.java:onNext(254)) - client-43E682E1E07B->d5132e6f-def8-45c0-b0d2-c5ba43d86628: receive RaftClientReply:client-43E682E1E07B->d5132e6f-def8-45c0-b0d2-c5ba43d86628@group-C29775A8E805, cid=3754, SUCCESS, logIndex=6441, commits[d5132e6f-def8-45c0-b0d2-c5ba43d86628:c6441]
2019-06-13 22:27:05,640 INFO  client.GrpcClientProtocolClient (GrpcClientProtocolClient.java:onNext(254)) - client-43E682E1E07B->d5132e6f-def8-45c0-b0d2-c5ba43d86628: receive RaftClientReply:client-43E682E1E07B->d5132e6f-def8-45c0-b0d2-c5ba43d86628@group-C29775A8E805, cid=3755, SUCCESS, logIndex=6443, commits[d5132e6f-def8-45c0-b0d2-c5ba43d86628:c6444]
2019-06-13 22:27:05,642 INFO  client.GrpcClientProtocolClient (GrpcClientProtocolClient.java:onNext(254)) - client-43E682E1E07B->d5132e6f-def8-45c0-b0d2-c5ba43d86628: receive RaftClientReply:client-43E682E1E07B->d5132e6f-def8-45c0-b0d2-c5ba43d86628@group-C29775A8E805, cid=3756, SUCCESS, logIndex=6444, commits[d5132e6f-def8-45c0-b0d2-c5ba43d86628:c6444]
2019-06-13 22:27:05,699 DEBUG block.SCMBlockDeletingService (SCMBlockDeletingService.java:call(138)) - Running DeletedBlockTransactionScanner
2019-06-13 22:27:05,700 DEBUG block.SCMBlockDeletingService (SCMBlockDeletingService.java:call(155)) - Scanned deleted blocks log and got 0 delTX to process.
2019-06-13 22:27:05,745 INFO  client.GrpcClientProtocolClient (GrpcClientProtocolClient.java:onNext(254)) - client-43E682E1E07B->d5132e6f-def8-45c0-b0d2-c5ba43d86628: receive RaftClientReply:client-43E682E1E07B->d5132e6f-def8-45c0-b0d2-c5ba43d86628@group-C29775A8E805, cid=3757, SUCCESS, logIndex=6446, commits[d5132e6f-def8-45c0-b0d2-c5ba43d86628:c6446]
2019-06-13 22:27:05,746 INFO  client.GrpcClientProtocolClient (GrpcClientProtocolClient.java:onNext(254)) - client-43E682E1E07B->d5132e6f-def8-45c0-b0d2-c5ba43d86628: receive RaftClientReply:client-43E682E1E07B->d5132e6f-def8-45c0-b0d2-c5ba43d86628@group-C29775A8E805, cid=3758, SUCCESS, logIndex=6448, commits[d5132e6f-def8-45c0-b0d2-c5ba43d86628:c6448]
2019-06-13 22:27:05,749 INFO  client.GrpcClientProtocolClient (GrpcClientProtocolClient.java:onNext(254)) - client-43E682E1E07B->d5132e6f-def8-45c0-b0d2-c5ba43d86628: receive RaftClientReply:client-43E682E1E07B->d5132e6f-def8-45c0-b0d2-c5ba43d86628@group-C29775A8E805, cid=3759, SUCCESS, logIndex=6450, commits[d5132e6f-def8-45c0-b0d2-c5ba43d86628:c6450]
2019-06-13 22:27:05,750 INFO  client.GrpcClientProtocolClient (GrpcClientProtocolClient.java:onNext(254)) - client-43E682E1E07B->d5132e6f-def8-45c0-b0d2-c5ba43d86628: receive RaftClientReply:client-43E682E1E07B->d5132e6f-def8-45c0-b0d2-c5ba43d86628@group-C29775A8E805, cid=3760, SUCCESS, logIndex=6451, commits[d5132e6f-def8-45c0-b0d2-c5ba43d86628:c6451]
2019-06-13 22:27:05,763 INFO  storage.RaftLogWorker (RaftLogWorker.java:rollLogSegment(303)) - d5132e6f-def8-45c0-b0d2-c5ba43d86628-RaftLogWorker: Rolling segment log-6387_6453 to index:6453
2019-06-13 22:27:05,765 INFO  storage.RaftLogWorker (RaftLogWorker.java:execute(433)) - d5132e6f-def8-45c0-b0d2-c5ba43d86628-RaftLogWorker: Rolled log segment from /opt/src/hadoop-ozone/integration-test/target/test-dir/MiniOzoneClusterImpl-e9ea07bb-4900-4b53-96c1-68f0ab556a80/datanode-0/data/ratis/c7035dd3-cd4a-42fb-880d-c29775a8e805/current/log_inprogress_6387 to /opt/src/hadoop-ozone/integration-test/target/test-dir/MiniOzoneClusterImpl-e9ea07bb-4900-4b53-96c1-68f0ab556a80/datanode-0/data/ratis/c7035dd3-cd4a-42fb-880d-c29775a8e805/current/log_6387-6453
2019-06-13 22:27:05,800 DEBUG block.SCMBlockDeletingService (SCMBlockDeletingService.java:call(138)) - Running DeletedBlockTransactionScanner
2019-06-13 22:27:05,800 DEBUG block.SCMBlockDeletingService (SCMBlockDeletingService.java:call(155)) - Scanned deleted blocks log and got 0 delTX to process.
2019-06-13 22:27:05,814 INFO  storage.RaftLogWorker (RaftLogWorker.java:execute(469)) - d5132e6f-def8-45c0-b0d2-c5ba43d86628-RaftLogWorker: created new log segment /opt/src/hadoop-ozone/integration-test/target/test-dir/MiniOzoneClusterImpl-e9ea07bb-4900-4b53-96c1-68f0ab556a80/datanode-0/data/ratis/c7035dd3-cd4a-42fb-880d-c29775a8e805/current/log_inprogress_6454
2019-06-13 22:27:05,816 INFO  client.GrpcClientProtocolClient (GrpcClientProtocolClient.java:onNext(254)) - client-43E682E1E07B->d5132e6f-def8-45c0-b0d2-c5ba43d86628: receive RaftClientReply:client-43E682E1E07B->d5132e6f-def8-45c0-b0d2-c5ba43d86628@group-C29775A8E805, cid=3761, SUCCESS, logIndex=6454, commits[d5132e6f-def8-45c0-b0d2-c5ba43d86628:c6454]
2019-06-13 22:27:05,822 INFO  client.GrpcClientProtocolClient (GrpcClientProtocolClient.java:onNext(254)) - client-43E682E1E07B->d5132e6f-def8-45c0-b0d2-c5ba43d86628: receive RaftClientReply:client-43E682E1E07B->d5132e6f-def8-45c0-b0d2-c5ba43d86628@group-C29775A8E805, cid=3762, SUCCESS, logIndex=6456, commits[d5132e6f-def8-45c0-b0d2-c5ba43d86628:c6456]
2019-06-13 22:27:05,825 INFO  client.GrpcClientProtocolClient (GrpcClientProtocolClient.java:onNext(254)) - client-43E682E1E07B->d5132e6f-def8-45c0-b0d2-c5ba43d86628: receive RaftClientReply:client-43E682E1E07B->d5132e6f-def8-45c0-b0d2-c5ba43d86628@group-C29775A8E805, cid=3763, SUCCESS, logIndex=6458, commits[d5132e6f-def8-45c0-b0d2-c5ba43d86628:c6459]
2019-06-13 22:27:05,826 INFO  client.GrpcClientProtocolClient (GrpcClientProtocolClient.java:onNext(254)) - client-43E682E1E07B->d5132e6f-def8-45c0-b0d2-c5ba43d86628: receive RaftClientReply:client-43E682E1E07B->d5132e6f-def8-45c0-b0d2-c5ba43d86628@group-C29775A8E805, cid=3764, SUCCESS, logIndex=6459, commits[d5132e6f-def8-45c0-b0d2-c5ba43d86628:c6459]
2019-06-13 22:27:05,834 INFO  client.GrpcClientProtocolClient (GrpcClientProtocolClient.java:onNext(254)) - client-43E682E1E07B->d5132e6f-def8-45c0-b0d2-c5ba43d86628: receive RaftClientReply:client-43E682E1E07B->d5132e6f-def8-45c0-b0d2-c5ba43d86628@group-C29775A8E805, cid=3765, SUCCESS, logIndex=6461, commits[d5132e6f-def8-45c0-b0d2-c5ba43d86628:c6461]
2019-06-13 22:27:05,835 INFO  client.GrpcClientProtocolClient (GrpcClientProtocolClient.java:onNext(254)) - client-43E682E1E07B->d5132e6f-def8-45c0-b0d2-c5ba43d86628: receive RaftClientReply:client-43E682E1E07B->d5132e6f-def8-45c0-b0d2-c5ba43d86628@group-C29775A8E805, cid=3766, SUCCESS, logIndex=6463, commits[d5132e6f-def8-45c0-b0d2-c5ba43d86628:c6463]
2019-06-13 22:27:05,837 INFO  client.GrpcClientProtocolClient (GrpcClientProtocolClient.java:onNext(254)) - client-43E682E1E07B->d5132e6f-def8-45c0-b0d2-c5ba43d86628: receive RaftClientReply:client-43E682E1E07B->d5132e6f-def8-45c0-b0d2-c5ba43d86628@group-C29775A8E805, cid=3767, SUCCESS, logIndex=6464, commits[d5132e6f-def8-45c0-b0d2-c5ba43d86628:c6466]
2019-06-13 22:27:05,838 INFO  client.GrpcClientProtocolClient (GrpcClientProtocolClient.java:onNext(254)) - client-43E682E1E07B->d5132e6f-def8-45c0-b0d2-c5ba43d86628: receive RaftClientReply:client-43E682E1E07B->d5132e6f-def8-45c0-b0d2-c5ba43d86628@group-C29775A8E805, cid=3768, SUCCESS, logIndex=6465, commits[d5132e6f-def8-45c0-b0d2-c5ba43d86628:c6466]
2019-06-13 22:27:05,852 INFO  client.GrpcClientProtocolClient (GrpcClientProtocolClient.java:onNext(254)) - client-43E682E1E07B->d5132e6f-def8-45c0-b0d2-c5ba43d86628: receive RaftClientReply:client-43E682E1E07B->d5132e6f-def8-45c0-b0d2-c5ba43d86628@group-C29775A8E805, cid=3769, SUCCESS, logIndex=6467, commits[d5132e6f-def8-45c0-b0d2-c5ba43d86628:c6467]
2019-06-13 22:27:05,854 INFO  client.GrpcClientProtocolClient (GrpcClientProtocolClient.java:onNext(254)) - client-43E682E1E07B->d5132e6f-def8-45c0-b0d2-c5ba43d86628: receive RaftClientReply:client-43E682E1E07B->d5132e6f-def8-45c0-b0d2-c5ba43d86628@group-C29775A8E805, cid=3770, SUCCESS, logIndex=6469, commits[d5132e6f-def8-45c0-b0d2-c5ba43d86628:c6469]
2019-06-13 22:27:05,857 INFO  client.GrpcClientProtocolClient (GrpcClientProtocolClient.java:onNext(254)) - client-43E682E1E07B->d5132e6f-def8-45c0-b0d2-c5ba43d86628: receive RaftClientReply:client-43E682E1E07B->d5132e6f-def8-45c0-b0d2-c5ba43d86628@group-C29775A8E805, cid=3771, SUCCESS, logIndex=6470, commits[d5132e6f-def8-45c0-b0d2-c5ba43d86628:c6471]
2019-06-13 22:27:05,858 INFO  client.GrpcClientProtocolClient (GrpcClientProtocolClient.java:onNext(254)) - client-43E682E1E07B->d5132e6f-def8-45c0-b0d2-c5ba43d86628: receive RaftClientReply:client-43E682E1E07B->d5132e6f-def8-45c0-b0d2-c5ba43d86628@group-C29775A8E805, cid=3772, SUCCESS, logIndex=6471, commits[d5132e6f-def8-45c0-b0d2-c5ba43d86628:c6471]
2019-06-13 22:27:05,865 INFO  client.GrpcClientProtocolClient (GrpcClientProtocolClient.java:onNext(254)) - client-43E682E1E07B->d5132e6f-def8-45c0-b0d2-c5ba43d86628: receive RaftClientReply:client-43E682E1E07B->d5132e6f-def8-45c0-b0d2-c5ba43d86628@group-C29775A8E805, cid=3773, SUCCESS, logIndex=6474, commits[d5132e6f-def8-45c0-b0d2-c5ba43d86628:c6474]
2019-06-13 22:27:05,868 INFO  client.GrpcClientProtocolClient (GrpcClientProtocolClient.java:onNext(254)) - client-43E682E1E07B->d5132e6f-def8-45c0-b0d2-c5ba43d86628: receive RaftClientReply:client-43E682E1E07B->d5132e6f-def8-45c0-b0d2-c5ba43d86628@group-C29775A8E805, cid=3774, SUCCESS, logIndex=6476, commits[d5132e6f-def8-45c0-b0d2-c5ba43d86628:c6476]
2019-06-13 22:27:05,868 INFO  client.GrpcClientProtocolClient (GrpcClientProtocolClient.java:onNext(254)) - client-43E682E1E07B->d5132e6f-def8-45c0-b0d2-c5ba43d86628: receive RaftClientReply:client-43E682E1E07B->d5132e6f-def8-45c0-b0d2-c5ba43d86628@group-C29775A8E805, cid=3775, SUCCESS, logIndex=6477, commits[d5132e6f-def8-45c0-b0d2-c5ba43d86628:c6478]
2019-06-13 22:27:05,869 INFO  client.GrpcClientProtocolClient (GrpcClientProtocolClient.java:onNext(254)) - client-43E682E1E07B->d5132e6f-def8-45c0-b0d2-c5ba43d86628: receive RaftClientReply:client-43E682E1E07B->d5132e6f-def8-45c0-b0d2-c5ba43d86628@group-C29775A8E805, cid=3776, SUCCESS, logIndex=6478, commits[d5132e6f-def8-45c0-b0d2-c5ba43d86628:c6479]
2019-06-13 22:27:05,880 INFO  client.GrpcClientProtocolClient (GrpcClientProtocolClient.java:onNext(254)) - client-43E682E1E07B->d5132e6f-def8-45c0-b0d2-c5ba43d86628: receive RaftClientReply:client-43E682E1E07B->d5132e6f-def8-45c0-b0d2-c5ba43d86628@group-C29775A8E805, cid=3777, SUCCESS, logIndex=6481, commits[d5132e6f-def8-45c0-b0d2-c5ba43d86628:c6481]
2019-06-13 22:27:05,882 INFO  client.GrpcClientProtocolClient (GrpcClientProtocolClient.java:onNext(254)) - client-43E682E1E07B->d5132e6f-def8-45c0-b0d2-c5ba43d86628: receive RaftClientReply:client-43E682E1E07B->d5132e6f-def8-45c0-b0d2-c5ba43d86628@group-C29775A8E805, cid=3778, SUCCESS, logIndex=6483, commits[d5132e6f-def8-45c0-b0d2-c5ba43d86628:c6483]
2019-06-13 22:27:05,883 INFO  client.GrpcClientProtocolClient (GrpcClientProtocolClient.java:onNext(254)) - client-43E682E1E07B->d5132e6f-def8-45c0-b0d2-c5ba43d86628: receive RaftClientReply:client-43E682E1E07B->d5132e6f-def8-45c0-b0d2-c5ba43d86628@group-C29775A8E805, cid=3779, SUCCESS, logIndex=6484, commits[d5132e6f-def8-45c0-b0d2-c5ba43d86628:c6486]
2019-06-13 22:27:05,883 INFO  client.GrpcClientProtocolClient (GrpcClientProtocolClient.java:onNext(254)) - client-43E682E1E07B->d5132e6f-def8-45c0-b0d2-c5ba43d86628: receive RaftClientReply:client-43E682E1E07B->d5132e6f-def8-45c0-b0d2-c5ba43d86628@group-C29775A8E805, cid=3780, SUCCESS, logIndex=6485, commits[d5132e6f-def8-45c0-b0d2-c5ba43d86628:c6486]
2019-06-13 22:27:05,890 INFO  client.GrpcClientProtocolClient (GrpcClientProtocolClient.java:onNext(254)) - client-43E682E1E07B->d5132e6f-def8-45c0-b0d2-c5ba43d86628: receive RaftClientReply:client-43E682E1E07B->d5132e6f-def8-45c0-b0d2-c5ba43d86628@group-C29775A8E805, cid=3781, SUCCESS, logIndex=6487, commits[d5132e6f-def8-45c0-b0d2-c5ba43d86628:c6487]
2019-06-13 22:27:05,894 INFO  client.GrpcClientProtocolClient (GrpcClientProtocolClient.java:onNext(254)) - client-43E682E1E07B->d5132e6f-def8-45c0-b0d2-c5ba43d86628: receive RaftClientReply:client-43E682E1E07B->d5132e6f-def8-45c0-b0d2-c5ba43d86628@group-C29775A8E805, cid=3782, SUCCESS, logIndex=6489, commits[d5132e6f-def8-45c0-b0d2-c5ba43d86628:c6489]
2019-06-13 22:27:05,930 DEBUG block.SCMBlockDeletingService (SCMBlockDeletingService.java:call(138)) - Running DeletedBlockTransactionScanner
2019-06-13 22:27:05,930 DEBUG block.SCMBlockDeletingService (SCMBlockDeletingService.java:call(155)) - Scanned deleted blocks log and got 0 delTX to process.
2019-06-13 22:27:05,936 INFO  client.GrpcClientProtocolClient (GrpcClientProtocolClient.java:onNext(254)) - client-43E682E1E07B->d5132e6f-def8-45c0-b0d2-c5ba43d86628: receive RaftClientReply:client-43E682E1E07B->d5132e6f-def8-45c0-b0d2-c5ba43d86628@group-C29775A8E805, cid=3783, SUCCESS, logIndex=6491, commits[d5132e6f-def8-45c0-b0d2-c5ba43d86628:c6492]
2019-06-13 22:27:05,937 INFO  client.GrpcClientProtocolClient (GrpcClientProtocolClient.java:onNext(254)) - client-43E682E1E07B->d5132e6f-def8-45c0-b0d2-c5ba43d86628: receive RaftClientReply:client-43E682E1E07B->d5132e6f-def8-45c0-b0d2-c5ba43d86628@group-C29775A8E805, cid=3784, SUCCESS, logIndex=6492, commits[d5132e6f-def8-45c0-b0d2-c5ba43d86628:c6493]
2019-06-13 22:27:05,948 INFO  client.GrpcClientProtocolClient (GrpcClientProtocolClient.java:onNext(254)) - client-43E682E1E07B->d5132e6f-def8-45c0-b0d2-c5ba43d86628: receive RaftClientReply:client-43E682E1E07B->d5132e6f-def8-45c0-b0d2-c5ba43d86628@group-C29775A8E805, cid=3785, SUCCESS, logIndex=6494, commits[d5132e6f-def8-45c0-b0d2-c5ba43d86628:c6494]
2019-06-13 22:27:05,950 INFO  client.GrpcClientProtocolClient (GrpcClientProtocolClient.java:onNext(254)) - client-43E682E1E07B->d5132e6f-def8-45c0-b0d2-c5ba43d86628: receive RaftClientReply:client-43E682E1E07B->d5132e6f-def8-45c0-b0d2-c5ba43d86628@group-C29775A8E805, cid=3786, SUCCESS, logIndex=6496, commits[d5132e6f-def8-45c0-b0d2-c5ba43d86628:c6496]
2019-06-13 22:27:05,950 INFO  client.GrpcClientProtocolClient (GrpcClientProtocolClient.java:onNext(254)) - client-43E682E1E07B->d5132e6f-def8-45c0-b0d2-c5ba43d86628: receive RaftClientReply:client-43E682E1E07B->d5132e6f-def8-45c0-b0d2-c5ba43d86628@group-C29775A8E805, cid=3787, SUCCESS, logIndex=6497, commits[d5132e6f-def8-45c0-b0d2-c5ba43d86628:c6497]
2019-06-13 22:27:05,951 INFO  client.GrpcClientProtocolClient (GrpcClientProtocolClient.java:onNext(254)) - client-43E682E1E07B->d5132e6f-def8-45c0-b0d2-c5ba43d86628: receive RaftClientReply:client-43E682E1E07B->d5132e6f-def8-45c0-b0d2-c5ba43d86628@group-C29775A8E805, cid=3788, SUCCESS, logIndex=6499, commits[d5132e6f-def8-45c0-b0d2-c5ba43d86628:c6499]
2019-06-13 22:27:05,957 INFO  client.GrpcClientProtocolClient (GrpcClientProtocolClient.java:onNext(254)) - client-43E682E1E07B->d5132e6f-def8-45c0-b0d2-c5ba43d86628: receive RaftClientReply:client-43E682E1E07B->d5132e6f-def8-45c0-b0d2-c5ba43d86628@group-C29775A8E805, cid=3789, SUCCESS, logIndex=6502, commits[d5132e6f-def8-45c0-b0d2-c5ba43d86628:c6502]
2019-06-13 22:27:05,962 INFO  client.GrpcClientProtocolClient (GrpcClientProtocolClient.java:onNext(254)) - client-43E682E1E07B->d5132e6f-def8-45c0-b0d2-c5ba43d86628: receive RaftClientReply:client-43E682E1E07B->d5132e6f-def8-45c0-b0d2-c5ba43d86628@group-C29775A8E805, cid=3790, SUCCESS, logIndex=6504, commits[d5132e6f-def8-45c0-b0d2-c5ba43d86628:c6504]
2019-06-13 22:27:05,962 INFO  client.GrpcClientProtocolClient (GrpcClientProtocolClient.java:onNext(254)) - client-43E682E1E07B->d5132e6f-def8-45c0-b0d2-c5ba43d86628: receive RaftClientReply:client-43E682E1E07B->d5132e6f-def8-45c0-b0d2-c5ba43d86628@group-C29775A8E805, cid=3791, SUCCESS, logIndex=6505, commits[d5132e6f-def8-45c0-b0d2-c5ba43d86628:c6507]
2019-06-13 22:27:05,966 INFO  client.GrpcClientProtocolClient (GrpcClientProtocolClient.java:onNext(254)) - client-43E682E1E07B->d5132e6f-def8-45c0-b0d2-c5ba43d86628: receive RaftClientReply:client-43E682E1E07B->d5132e6f-def8-45c0-b0d2-c5ba43d86628@group-C29775A8E805, cid=3792, SUCCESS, logIndex=6506, commits[d5132e6f-def8-45c0-b0d2-c5ba43d86628:c6507]
2019-06-13 22:27:05,982 INFO  client.GrpcClientProtocolClient (GrpcClientProtocolClient.java:onNext(254)) - client-43E682E1E07B->d5132e6f-def8-45c0-b0d2-c5ba43d86628: receive RaftClientReply:client-43E682E1E07B->d5132e6f-def8-45c0-b0d2-c5ba43d86628@group-C29775A8E805, cid=3793, SUCCESS, logIndex=6508, commits[d5132e6f-def8-45c0-b0d2-c5ba43d86628:c6508]
2019-06-13 22:27:05,990 INFO  client.GrpcClientProtocolClient (GrpcClientProtocolClient.java:onNext(254)) - client-43E682E1E07B->d5132e6f-def8-45c0-b0d2-c5ba43d86628: receive RaftClientReply:client-43E682E1E07B->d5132e6f-def8-45c0-b0d2-c5ba43d86628@group-C29775A8E805, cid=3794, SUCCESS, logIndex=6510, commits[d5132e6f-def8-45c0-b0d2-c5ba43d86628:c6510]
2019-06-13 22:27:05,991 INFO  client.GrpcClientProtocolClient (GrpcClientProtocolClient.java:onNext(254)) - client-43E682E1E07B->d5132e6f-def8-45c0-b0d2-c5ba43d86628: receive RaftClientReply:client-43E682E1E07B->d5132e6f-def8-45c0-b0d2-c5ba43d86628@group-C29775A8E805, cid=3795, SUCCESS, logIndex=6511, commits[d5132e6f-def8-45c0-b0d2-c5ba43d86628:c6513]
2019-06-13 22:27:05,991 INFO  client.GrpcClientProtocolClient (GrpcClientProtocolClient.java:onNext(254)) - client-43E682E1E07B->d5132e6f-def8-45c0-b0d2-c5ba43d86628: receive RaftClientReply:client-43E682E1E07B->d5132e6f-def8-45c0-b0d2-c5ba43d86628@group-C29775A8E805, cid=3796, SUCCESS, logIndex=6513, commits[d5132e6f-def8-45c0-b0d2-c5ba43d86628:c6513]
2019-06-13 22:27:06,002 INFO  client.GrpcClientProtocolClient (GrpcClientProtocolClient.java:onNext(254)) - client-43E682E1E07B->d5132e6f-def8-45c0-b0d2-c5ba43d86628: receive RaftClientReply:client-43E682E1E07B->d5132e6f-def8-45c0-b0d2-c5ba43d86628@group-C29775A8E805, cid=3797, SUCCESS, logIndex=6515, commits[d5132e6f-def8-45c0-b0d2-c5ba43d86628:c6515]
2019-06-13 22:27:06,006 INFO  client.GrpcClientProtocolClient (GrpcClientProtocolClient.java:onNext(254)) - client-43E682E1E07B->d5132e6f-def8-45c0-b0d2-c5ba43d86628: receive RaftClientReply:client-43E682E1E07B->d5132e6f-def8-45c0-b0d2-c5ba43d86628@group-C29775A8E805, cid=3798, SUCCESS, logIndex=6517, commits[d5132e6f-def8-45c0-b0d2-c5ba43d86628:c6517]
2019-06-13 22:27:06,006 INFO  client.GrpcClientProtocolClient (GrpcClientProtocolClient.java:onNext(254)) - client-43E682E1E07B->d5132e6f-def8-45c0-b0d2-c5ba43d86628: receive RaftClientReply:client-43E682E1E07B->d5132e6f-def8-45c0-b0d2-c5ba43d86628@group-C29775A8E805, cid=3799, SUCCESS, logIndex=6518, commits[d5132e6f-def8-45c0-b0d2-c5ba43d86628:c6520]
2019-06-13 22:27:06,010 INFO  client.GrpcClientProtocolClient (GrpcClientProtocolClient.java:onNext(254)) - client-43E682E1E07B->d5132e6f-def8-45c0-b0d2-c5ba43d86628: receive RaftClientReply:client-43E682E1E07B->d5132e6f-def8-45c0-b0d2-c5ba43d86628@group-C29775A8E805, cid=3800, SUCCESS, logIndex=6519, commits[d5132e6f-def8-45c0-b0d2-c5ba43d86628:c6520]
2019-06-13 22:27:06,031 DEBUG block.SCMBlockDeletingService (SCMBlockDeletingService.java:call(138)) - Running DeletedBlockTransactionScanner
2019-06-13 22:27:06,032 DEBUG block.SCMBlockDeletingService (SCMBlockDeletingService.java:call(155)) - Scanned deleted blocks log and got 0 delTX to process.
2019-06-13 22:27:06,125 INFO  client.GrpcClientProtocolClient (GrpcClientProtocolClient.java:onNext(254)) - client-43E682E1E07B->d5132e6f-def8-45c0-b0d2-c5ba43d86628: receive RaftClientReply:client-43E682E1E07B->d5132e6f-def8-45c0-b0d2-c5ba43d86628@group-C29775A8E805, cid=3801, SUCCESS, logIndex=6521, commits[d5132e6f-def8-45c0-b0d2-c5ba43d86628:c6521]
2019-06-13 22:27:06,129 INFO  client.GrpcClientProtocolClient (GrpcClientProtocolClient.java:onNext(254)) - client-43E682E1E07B->d5132e6f-def8-45c0-b0d2-c5ba43d86628: receive RaftClientReply:client-43E682E1E07B->d5132e6f-def8-45c0-b0d2-c5ba43d86628@group-C29775A8E805, cid=3802, SUCCESS, logIndex=6523, commits[d5132e6f-def8-45c0-b0d2-c5ba43d86628:c6523]
2019-06-13 22:27:06,130 INFO  client.GrpcClientProtocolClient (GrpcClientProtocolClient.java:onNext(254)) - client-43E682E1E07B->d5132e6f-def8-45c0-b0d2-c5ba43d86628: receive RaftClientReply:client-43E682E1E07B->d5132e6f-def8-45c0-b0d2-c5ba43d86628@group-C29775A8E805, cid=3803, SUCCESS, logIndex=6524, commits[d5132e6f-def8-45c0-b0d2-c5ba43d86628:c6526]
2019-06-13 22:27:06,130 INFO  client.GrpcClientProtocolClient (GrpcClientProtocolClient.java:onNext(254)) - client-43E682E1E07B->d5132e6f-def8-45c0-b0d2-c5ba43d86628: receive RaftClientReply:client-43E682E1E07B->d5132e6f-def8-45c0-b0d2-c5ba43d86628@group-C29775A8E805, cid=3804, SUCCESS, logIndex=6525, commits[d5132e6f-def8-45c0-b0d2-c5ba43d86628:c6526]
2019-06-13 22:27:06,133 DEBUG block.SCMBlockDeletingService (SCMBlockDeletingService.java:call(138)) - Running DeletedBlockTransactionScanner
2019-06-13 22:27:06,133 DEBUG block.SCMBlockDeletingService (SCMBlockDeletingService.java:call(155)) - Scanned deleted blocks log and got 0 delTX to process.
2019-06-13 22:27:06,135 INFO  storage.RaftLogWorker (RaftLogWorker.java:rollLogSegment(303)) - d5132e6f-def8-45c0-b0d2-c5ba43d86628-RaftLogWorker: Rolling segment log-6454_6526 to index:6526
2019-06-13 22:27:06,135 INFO  storage.RaftLogWorker (RaftLogWorker.java:execute(433)) - d5132e6f-def8-45c0-b0d2-c5ba43d86628-RaftLogWorker: Rolled log segment from /opt/src/hadoop-ozone/integration-test/target/test-dir/MiniOzoneClusterImpl-e9ea07bb-4900-4b53-96c1-68f0ab556a80/datanode-0/data/ratis/c7035dd3-cd4a-42fb-880d-c29775a8e805/current/log_inprogress_6454 to /opt/src/hadoop-ozone/integration-test/target/test-dir/MiniOzoneClusterImpl-e9ea07bb-4900-4b53-96c1-68f0ab556a80/datanode-0/data/ratis/c7035dd3-cd4a-42fb-880d-c29775a8e805/current/log_6454-6526
2019-06-13 22:27:06,179 INFO  storage.RaftLogWorker (RaftLogWorker.java:execute(469)) - d5132e6f-def8-45c0-b0d2-c5ba43d86628-RaftLogWorker: created new log segment /opt/src/hadoop-ozone/integration-test/target/test-dir/MiniOzoneClusterImpl-e9ea07bb-4900-4b53-96c1-68f0ab556a80/datanode-0/data/ratis/c7035dd3-cd4a-42fb-880d-c29775a8e805/current/log_inprogress_6527
2019-06-13 22:27:06,186 INFO  client.GrpcClientProtocolClient (GrpcClientProtocolClient.java:onNext(254)) - client-43E682E1E07B->d5132e6f-def8-45c0-b0d2-c5ba43d86628: receive RaftClientReply:client-43E682E1E07B->d5132e6f-def8-45c0-b0d2-c5ba43d86628@group-C29775A8E805, cid=3805, SUCCESS, logIndex=6527, commits[d5132e6f-def8-45c0-b0d2-c5ba43d86628:c6527]
2019-06-13 22:27:06,190 INFO  client.GrpcClientProtocolClient (GrpcClientProtocolClient.java:onNext(254)) - client-43E682E1E07B->d5132e6f-def8-45c0-b0d2-c5ba43d86628: receive RaftClientReply:client-43E682E1E07B->d5132e6f-def8-45c0-b0d2-c5ba43d86628@group-C29775A8E805, cid=3806, SUCCESS, logIndex=6529, commits[d5132e6f-def8-45c0-b0d2-c5ba43d86628:c6529]
2019-06-13 22:27:06,190 INFO  client.GrpcClientProtocolClient (GrpcClientProtocolClient.java:onNext(254)) - client-43E682E1E07B->d5132e6f-def8-45c0-b0d2-c5ba43d86628: receive RaftClientReply:client-43E682E1E07B->d5132e6f-def8-45c0-b0d2-c5ba43d86628@group-C29775A8E805, cid=3807, SUCCESS, logIndex=6530, commits[d5132e6f-def8-45c0-b0d2-c5ba43d86628:c6532]
2019-06-13 22:27:06,191 INFO  client.GrpcClientProtocolClient (GrpcClientProtocolClient.java:onNext(254)) - client-43E682E1E07B->d5132e6f-def8-45c0-b0d2-c5ba43d86628: receive RaftClientReply:client-43E682E1E07B->d5132e6f-def8-45c0-b0d2-c5ba43d86628@group-C29775A8E805, cid=3808, SUCCESS, logIndex=6531, commits[d5132e6f-def8-45c0-b0d2-c5ba43d86628:c6532]
2019-06-13 22:27:06,206 INFO  client.GrpcClientProtocolClient (GrpcClientProtocolClient.java:onNext(254)) - client-43E682E1E07B->d5132e6f-def8-45c0-b0d2-c5ba43d86628: receive RaftClientReply:client-43E682E1E07B->d5132e6f-def8-45c0-b0d2-c5ba43d86628@group-C29775A8E805, cid=3809, SUCCESS, logIndex=6533, commits[d5132e6f-def8-45c0-b0d2-c5ba43d86628:c6533]
2019-06-13 22:27:06,210 INFO  client.GrpcClientProtocolClient (GrpcClientProtocolClient.java:onNext(254)) - client-43E682E1E07B->d5132e6f-def8-45c0-b0d2-c5ba43d86628: receive RaftClientReply:client-43E682E1E07B->d5132e6f-def8-45c0-b0d2-c5ba43d86628@group-C29775A8E805, cid=3810, SUCCESS, logIndex=6535, commits[d5132e6f-def8-45c0-b0d2-c5ba43d86628:c6535]
2019-06-13 22:27:06,213 INFO  client.GrpcClientProtocolClient (GrpcClientProtocolClient.java:onNext(254)) - client-43E682E1E07B->d5132e6f-def8-45c0-b0d2-c5ba43d86628: receive RaftClientReply:client-43E682E1E07B->d5132e6f-def8-45c0-b0d2-c5ba43d86628@group-C29775A8E805, cid=3811, SUCCESS, logIndex=6537, commits[d5132e6f-def8-45c0-b0d2-c5ba43d86628:c6537]
2019-06-13 22:27:06,218 INFO  client.GrpcClientProtocolClient (GrpcClientProtocolClient.java:onNext(254)) - client-43E682E1E07B->d5132e6f-def8-45c0-b0d2-c5ba43d86628: receive RaftClientReply:client-43E682E1E07B->d5132e6f-def8-45c0-b0d2-c5ba43d86628@group-C29775A8E805, cid=3812, SUCCESS, logIndex=6538, commits[d5132e6f-def8-45c0-b0d2-c5ba43d86628:c6538]
2019-06-13 22:27:06,225 INFO  client.GrpcClientProtocolClient (GrpcClientProtocolClient.java:onNext(254)) - client-43E682E1E07B->d5132e6f-def8-45c0-b0d2-c5ba43d86628: receive RaftClientReply:client-43E682E1E07B->d5132e6f-def8-45c0-b0d2-c5ba43d86628@group-C29775A8E805, cid=3813, SUCCESS, logIndex=6541, commits[d5132e6f-def8-45c0-b0d2-c5ba43d86628:c6541]
2019-06-13 22:27:06,230 INFO  client.GrpcClientProtocolClient (GrpcClientProtocolClient.java:onNext(254)) - client-43E682E1E07B->d5132e6f-def8-45c0-b0d2-c5ba43d86628: receive RaftClientReply:client-43E682E1E07B->d5132e6f-def8-45c0-b0d2-c5ba43d86628@group-C29775A8E805, cid=3814, SUCCESS, logIndex=6543, commits[d5132e6f-def8-45c0-b0d2-c5ba43d86628:c6543]
2019-06-13 22:27:06,233 DEBUG block.SCMBlockDeletingService (SCMBlockDeletingService.java:call(138)) - Running DeletedBlockTransactionScanner
2019-06-13 22:27:06,233 DEBUG block.SCMBlockDeletingService (SCMBlockDeletingService.java:call(155)) - Scanned deleted blocks log and got 0 delTX to process.
2019-06-13 22:27:06,237 INFO  client.GrpcClientProtocolClient (GrpcClientProtocolClient.java:onNext(254)) - client-43E682E1E07B->d5132e6f-def8-45c0-b0d2-c5ba43d86628: receive RaftClientReply:client-43E682E1E07B->d5132e6f-def8-45c0-b0d2-c5ba43d86628@group-C29775A8E805, cid=3815, SUCCESS, logIndex=6545, commits[d5132e6f-def8-45c0-b0d2-c5ba43d86628:c6546]
2019-06-13 22:27:06,238 INFO  client.GrpcClientProtocolClient (GrpcClientProtocolClient.java:onNext(254)) - client-43E682E1E07B->d5132e6f-def8-45c0-b0d2-c5ba43d86628: receive RaftClientReply:client-43E682E1E07B->d5132e6f-def8-45c0-b0d2-c5ba43d86628@group-C29775A8E805, cid=3816, SUCCESS, logIndex=6546, commits[d5132e6f-def8-45c0-b0d2-c5ba43d86628:c6546]
2019-06-13 22:27:06,252 INFO  client.GrpcClientProtocolClient (GrpcClientProtocolClient.java:onNext(254)) - client-43E682E1E07B->d5132e6f-def8-45c0-b0d2-c5ba43d86628: receive RaftClientReply:client-43E682E1E07B->d5132e6f-def8-45c0-b0d2-c5ba43d86628@group-C29775A8E805, cid=3817, SUCCESS, logIndex=6548, commits[d5132e6f-def8-45c0-b0d2-c5ba43d86628:c6548]
2019-06-13 22:27:06,253 INFO  client.GrpcClientProtocolClient (GrpcClientProtocolClient.java:onNext(254)) - client-43E682E1E07B->d5132e6f-def8-45c0-b0d2-c5ba43d86628: receive RaftClientReply:client-43E682E1E07B->d5132e6f-def8-45c0-b0d2-c5ba43d86628@group-C29775A8E805, cid=3818, SUCCESS, logIndex=6550, commits[d5132e6f-def8-45c0-b0d2-c5ba43d86628:c6550]
2019-06-13 22:27:06,255 INFO  client.GrpcClientProtocolClient (GrpcClientProtocolClient.java:onNext(254)) - client-43E682E1E07B->d5132e6f-def8-45c0-b0d2-c5ba43d86628: receive RaftClientReply:client-43E682E1E07B->d5132e6f-def8-45c0-b0d2-c5ba43d86628@group-C29775A8E805, cid=3819, SUCCESS, logIndex=6551, commits[d5132e6f-def8-45c0-b0d2-c5ba43d86628:c6552]
2019-06-13 22:27:06,256 INFO  client.GrpcClientProtocolClient (GrpcClientProtocolClient.java:onNext(254)) - client-43E682E1E07B->d5132e6f-def8-45c0-b0d2-c5ba43d86628: receive RaftClientReply:client-43E682E1E07B->d5132e6f-def8-45c0-b0d2-c5ba43d86628@group-C29775A8E805, cid=3820, SUCCESS, logIndex=6553, commits[d5132e6f-def8-45c0-b0d2-c5ba43d86628:c6553]
2019-06-13 22:27:06,263 INFO  client.GrpcClientProtocolClient (GrpcClientProtocolClient.java:onNext(254)) - client-43E682E1E07B->d5132e6f-def8-45c0-b0d2-c5ba43d86628: receive RaftClientReply:client-43E682E1E07B->d5132e6f-def8-45c0-b0d2-c5ba43d86628@group-C29775A8E805, cid=3821, SUCCESS, logIndex=6555, commits[d5132e6f-def8-45c0-b0d2-c5ba43d86628:c6555]
2019-06-13 22:27:06,268 INFO  client.GrpcClientProtocolClient (GrpcClientProtocolClient.java:onNext(254)) - client-43E682E1E07B->d5132e6f-def8-45c0-b0d2-c5ba43d86628: receive RaftClientReply:client-43E682E1E07B->d5132e6f-def8-45c0-b0d2-c5ba43d86628@group-C29775A8E805, cid=3822, SUCCESS, logIndex=6557, commits[d5132e6f-def8-45c0-b0d2-c5ba43d86628:c6557]
2019-06-13 22:27:06,270 INFO  client.GrpcClientProtocolClient (GrpcClientProtocolClient.java:onNext(254)) - client-43E682E1E07B->d5132e6f-def8-45c0-b0d2-c5ba43d86628: receive RaftClientReply:client-43E682E1E07B->d5132e6f-def8-45c0-b0d2-c5ba43d86628@group-C29775A8E805, cid=3823, SUCCESS, logIndex=6559, commits[d5132e6f-def8-45c0-b0d2-c5ba43d86628:c6560]
2019-06-13 22:27:06,270 INFO  client.GrpcClientProtocolClient (GrpcClientProtocolClient.java:onNext(254)) - client-43E682E1E07B->d5132e6f-def8-45c0-b0d2-c5ba43d86628: receive RaftClientReply:client-43E682E1E07B->d5132e6f-def8-45c0-b0d2-c5ba43d86628@group-C29775A8E805, cid=3824, SUCCESS, logIndex=6560, commits[d5132e6f-def8-45c0-b0d2-c5ba43d86628:c6560]
2019-06-13 22:27:06,282 INFO  client.GrpcClientProtocolClient (GrpcClientProtocolClient.java:onNext(254)) - client-43E682E1E07B->d5132e6f-def8-45c0-b0d2-c5ba43d86628: receive RaftClientReply:client-43E682E1E07B->d5132e6f-def8-45c0-b0d2-c5ba43d86628@group-C29775A8E805, cid=3825, SUCCESS, logIndex=6562, commits[d5132e6f-def8-45c0-b0d2-c5ba43d86628:c6562]
2019-06-13 22:27:06,284 INFO  client.GrpcClientProtocolClient (GrpcClientProtocolClient.java:onNext(254)) - client-43E682E1E07B->d5132e6f-def8-45c0-b0d2-c5ba43d86628: receive RaftClientReply:client-43E682E1E07B->d5132e6f-def8-45c0-b0d2-c5ba43d86628@group-C29775A8E805, cid=3826, SUCCESS, logIndex=6564, commits[d5132e6f-def8-45c0-b0d2-c5ba43d86628:c6564]
2019-06-13 22:27:06,285 INFO  client.GrpcClientProtocolClient (GrpcClientProtocolClient.java:onNext(254)) - client-43E682E1E07B->d5132e6f-def8-45c0-b0d2-c5ba43d86628: receive RaftClientReply:client-43E682E1E07B->d5132e6f-def8-45c0-b0d2-c5ba43d86628@group-C29775A8E805, cid=3827, SUCCESS, logIndex=6565, commits[d5132e6f-def8-45c0-b0d2-c5ba43d86628:c6567]
2019-06-13 22:27:06,285 INFO  client.GrpcClientProtocolClient (GrpcClientProtocolClient.java:onNext(254)) - client-43E682E1E07B->d5132e6f-def8-45c0-b0d2-c5ba43d86628: receive RaftClientReply:client-43E682E1E07B->d5132e6f-def8-45c0-b0d2-c5ba43d86628@group-C29775A8E805, cid=3828, SUCCESS, logIndex=6566, commits[d5132e6f-def8-45c0-b0d2-c5ba43d86628:c6567]
2019-06-13 22:27:06,292 INFO  client.GrpcClientProtocolClient (GrpcClientProtocolClient.java:onNext(254)) - client-43E682E1E07B->d5132e6f-def8-45c0-b0d2-c5ba43d86628: receive RaftClientReply:client-43E682E1E07B->d5132e6f-def8-45c0-b0d2-c5ba43d86628@group-C29775A8E805, cid=3829, SUCCESS, logIndex=6568, commits[d5132e6f-def8-45c0-b0d2-c5ba43d86628:c6568]
2019-06-13 22:27:06,293 INFO  client.GrpcClientProtocolClient (GrpcClientProtocolClient.java:onNext(254)) - client-43E682E1E07B->d5132e6f-def8-45c0-b0d2-c5ba43d86628: receive RaftClientReply:client-43E682E1E07B->d5132e6f-def8-45c0-b0d2-c5ba43d86628@group-C29775A8E805, cid=3830, SUCCESS, logIndex=6570, commits[d5132e6f-def8-45c0-b0d2-c5ba43d86628:c6570]
2019-06-13 22:27:06,295 INFO  client.GrpcClientProtocolClient (GrpcClientProtocolClient.java:onNext(254)) - client-43E682E1E07B->d5132e6f-def8-45c0-b0d2-c5ba43d86628: receive RaftClientReply:client-43E682E1E07B->d5132e6f-def8-45c0-b0d2-c5ba43d86628@group-C29775A8E805, cid=3831, SUCCESS, logIndex=6571, commits[d5132e6f-def8-45c0-b0d2-c5ba43d86628:c6573]
2019-06-13 22:27:06,295 INFO  client.GrpcClientProtocolClient (GrpcClientProtocolClient.java:onNext(254)) - client-43E682E1E07B->d5132e6f-def8-45c0-b0d2-c5ba43d86628: receive RaftClientReply:client-43E682E1E07B->d5132e6f-def8-45c0-b0d2-c5ba43d86628@group-C29775A8E805, cid=3832, SUCCESS, logIndex=6572, commits[d5132e6f-def8-45c0-b0d2-c5ba43d86628:c6573]
2019-06-13 22:27:06,306 INFO  client.GrpcClientProtocolClient (GrpcClientProtocolClient.java:onNext(254)) - client-43E682E1E07B->d5132e6f-def8-45c0-b0d2-c5ba43d86628: receive RaftClientReply:client-43E682E1E07B->d5132e6f-def8-45c0-b0d2-c5ba43d86628@group-C29775A8E805, cid=3833, SUCCESS, logIndex=6574, commits[d5132e6f-def8-45c0-b0d2-c5ba43d86628:c6574]
2019-06-13 22:27:06,307 INFO  client.GrpcClientProtocolClient (GrpcClientProtocolClient.java:onNext(254)) - client-43E682E1E07B->d5132e6f-def8-45c0-b0d2-c5ba43d86628: receive RaftClientReply:client-43E682E1E07B->d5132e6f-def8-45c0-b0d2-c5ba43d86628@group-C29775A8E805, cid=3834, SUCCESS, logIndex=6576, commits[d5132e6f-def8-45c0-b0d2-c5ba43d86628:c6576]
2019-06-13 22:27:06,310 INFO  client.GrpcClientProtocolClient (GrpcClientProtocolClient.java:onNext(254)) - client-43E682E1E07B->d5132e6f-def8-45c0-b0d2-c5ba43d86628: receive RaftClientReply:client-43E682E1E07B->d5132e6f-def8-45c0-b0d2-c5ba43d86628@group-C29775A8E805, cid=3835, SUCCESS, logIndex=6578, commits[d5132e6f-def8-45c0-b0d2-c5ba43d86628:c6579]
2019-06-13 22:27:06,310 INFO  client.GrpcClientProtocolClient (GrpcClientProtocolClient.java:onNext(254)) - client-43E682E1E07B->d5132e6f-def8-45c0-b0d2-c5ba43d86628: receive RaftClientReply:client-43E682E1E07B->d5132e6f-def8-45c0-b0d2-c5ba43d86628@group-C29775A8E805, cid=3836, SUCCESS, logIndex=6579, commits[d5132e6f-def8-45c0-b0d2-c5ba43d86628:c6579]
2019-06-13 22:27:06,316 INFO  client.GrpcClientProtocolClient (GrpcClientProtocolClient.java:onNext(254)) - client-43E682E1E07B->d5132e6f-def8-45c0-b0d2-c5ba43d86628: receive RaftClientReply:client-43E682E1E07B->d5132e6f-def8-45c0-b0d2-c5ba43d86628@group-C29775A8E805, cid=3837, SUCCESS, logIndex=6581, commits[d5132e6f-def8-45c0-b0d2-c5ba43d86628:c6581]
2019-06-13 22:27:06,318 INFO  client.GrpcClientProtocolClient (GrpcClientProtocolClient.java:onNext(254)) - client-43E682E1E07B->d5132e6f-def8-45c0-b0d2-c5ba43d86628: receive RaftClientReply:client-43E682E1E07B->d5132e6f-def8-45c0-b0d2-c5ba43d86628@group-C29775A8E805, cid=3838, SUCCESS, logIndex=6583, commits[d5132e6f-def8-45c0-b0d2-c5ba43d86628:c6583]
2019-06-13 22:27:06,319 INFO  client.GrpcClientProtocolClient (GrpcClientProtocolClient.java:onNext(254)) - client-43E682E1E07B->d5132e6f-def8-45c0-b0d2-c5ba43d86628: receive RaftClientReply:client-43E682E1E07B->d5132e6f-def8-45c0-b0d2-c5ba43d86628@group-C29775A8E805, cid=3839, SUCCESS, logIndex=6584, commits[d5132e6f-def8-45c0-b0d2-c5ba43d86628:c6585]
2019-06-13 22:27:06,319 INFO  client.GrpcClientProtocolClient (GrpcClientProtocolClient.java:onNext(254)) - client-43E682E1E07B->d5132e6f-def8-45c0-b0d2-c5ba43d86628: receive RaftClientReply:client-43E682E1E07B->d5132e6f-def8-45c0-b0d2-c5ba43d86628@group-C29775A8E805, cid=3840, SUCCESS, logIndex=6585, commits[d5132e6f-def8-45c0-b0d2-c5ba43d86628:c6586]
2019-06-13 22:27:06,334 DEBUG block.SCMBlockDeletingService (SCMBlockDeletingService.java:call(138)) - Running DeletedBlockTransactionScanner
2019-06-13 22:27:06,334 DEBUG block.SCMBlockDeletingService (SCMBlockDeletingService.java:call(155)) - Scanned deleted blocks log and got 0 delTX to process.
2019-06-13 22:27:06,337 INFO  client.GrpcClientProtocolClient (GrpcClientProtocolClient.java:onNext(254)) - client-43E682E1E07B->d5132e6f-def8-45c0-b0d2-c5ba43d86628: receive RaftClientReply:client-43E682E1E07B->d5132e6f-def8-45c0-b0d2-c5ba43d86628@group-C29775A8E805, cid=3841, SUCCESS, logIndex=6588, commits[d5132e6f-def8-45c0-b0d2-c5ba43d86628:c6588]
2019-06-13 22:27:06,338 INFO  client.GrpcClientProtocolClient (GrpcClientProtocolClient.java:onNext(254)) - client-43E682E1E07B->d5132e6f-def8-45c0-b0d2-c5ba43d86628: receive RaftClientReply:client-43E682E1E07B->d5132e6f-def8-45c0-b0d2-c5ba43d86628@group-C29775A8E805, cid=3842, SUCCESS, logIndex=6590, commits[d5132e6f-def8-45c0-b0d2-c5ba43d86628:c6590]
2019-06-13 22:27:06,340 INFO  client.GrpcClientProtocolClient (GrpcClientProtocolClient.java:onNext(254)) - client-43E682E1E07B->d5132e6f-def8-45c0-b0d2-c5ba43d86628: receive RaftClientReply:client-43E682E1E07B->d5132e6f-def8-45c0-b0d2-c5ba43d86628@group-C29775A8E805, cid=3843, SUCCESS, logIndex=6592, commits[d5132e6f-def8-45c0-b0d2-c5ba43d86628:c6592]
2019-06-13 22:27:06,341 INFO  client.GrpcClientProtocolClient (GrpcClientProtocolClient.java:onNext(254)) - client-43E682E1E07B->d5132e6f-def8-45c0-b0d2-c5ba43d86628: receive RaftClientReply:client-43E682E1E07B->d5132e6f-def8-45c0-b0d2-c5ba43d86628@group-C29775A8E805, cid=3844, SUCCESS, logIndex=6593, commits[d5132e6f-def8-45c0-b0d2-c5ba43d86628:c6593]
2019-06-13 22:27:06,347 INFO  client.GrpcClientProtocolClient (GrpcClientProtocolClient.java:onNext(254)) - client-43E682E1E07B->d5132e6f-def8-45c0-b0d2-c5ba43d86628: receive RaftClientReply:client-43E682E1E07B->d5132e6f-def8-45c0-b0d2-c5ba43d86628@group-C29775A8E805, cid=3845, SUCCESS, logIndex=6596, commits[d5132e6f-def8-45c0-b0d2-c5ba43d86628:c6596]
2019-06-13 22:27:06,350 INFO  client.GrpcClientProtocolClient (GrpcClientProtocolClient.java:onNext(254)) - client-43E682E1E07B->d5132e6f-def8-45c0-b0d2-c5ba43d86628: receive RaftClientReply:client-43E682E1E07B->d5132e6f-def8-45c0-b0d2-c5ba43d86628@group-C29775A8E805, cid=3846, SUCCESS, logIndex=6598, commits[d5132e6f-def8-45c0-b0d2-c5ba43d86628:c6598]
2019-06-13 22:27:06,447 DEBUG block.SCMBlockDeletingService (SCMBlockDeletingService.java:call(138)) - Running DeletedBlockTransactionScanner
2019-06-13 22:27:06,447 DEBUG block.SCMBlockDeletingService (SCMBlockDeletingService.java:call(155)) - Scanned deleted blocks log and got 0 delTX to process.
2019-06-13 22:27:06,455 INFO  client.GrpcClientProtocolClient (GrpcClientProtocolClient.java:onNext(254)) - client-43E682E1E07B->d5132e6f-def8-45c0-b0d2-c5ba43d86628: receive RaftClientReply:client-43E682E1E07B->d5132e6f-def8-45c0-b0d2-c5ba43d86628@group-C29775A8E805, cid=3847, SUCCESS, logIndex=6600, commits[d5132e6f-def8-45c0-b0d2-c5ba43d86628:c6600]
2019-06-13 22:27:06,455 INFO  storage.RaftLogWorker (RaftLogWorker.java:rollLogSegment(303)) - d5132e6f-def8-45c0-b0d2-c5ba43d86628-RaftLogWorker: Rolling segment log-6527_6601 to index:6601
2019-06-13 22:27:06,456 INFO  storage.RaftLogWorker (RaftLogWorker.java:execute(433)) - d5132e6f-def8-45c0-b0d2-c5ba43d86628-RaftLogWorker: Rolled log segment from /opt/src/hadoop-ozone/integration-test/target/test-dir/MiniOzoneClusterImpl-e9ea07bb-4900-4b53-96c1-68f0ab556a80/datanode-0/data/ratis/c7035dd3-cd4a-42fb-880d-c29775a8e805/current/log_inprogress_6527 to /opt/src/hadoop-ozone/integration-test/target/test-dir/MiniOzoneClusterImpl-e9ea07bb-4900-4b53-96c1-68f0ab556a80/datanode-0/data/ratis/c7035dd3-cd4a-42fb-880d-c29775a8e805/current/log_6527-6601
2019-06-13 22:27:06,497 INFO  storage.RaftLogWorker (RaftLogWorker.java:execute(469)) - d5132e6f-def8-45c0-b0d2-c5ba43d86628-RaftLogWorker: created new log segment /opt/src/hadoop-ozone/integration-test/target/test-dir/MiniOzoneClusterImpl-e9ea07bb-4900-4b53-96c1-68f0ab556a80/datanode-0/data/ratis/c7035dd3-cd4a-42fb-880d-c29775a8e805/current/log_inprogress_6602
2019-06-13 22:27:06,498 INFO  client.GrpcClientProtocolClient (GrpcClientProtocolClient.java:onNext(254)) - client-43E682E1E07B->d5132e6f-def8-45c0-b0d2-c5ba43d86628: receive RaftClientReply:client-43E682E1E07B->d5132e6f-def8-45c0-b0d2-c5ba43d86628@group-C29775A8E805, cid=3848, SUCCESS, logIndex=6602, commits[d5132e6f-def8-45c0-b0d2-c5ba43d86628:c6602]
2019-06-13 22:27:06,510 INFO  client.GrpcClientProtocolClient (GrpcClientProtocolClient.java:onNext(254)) - client-43E682E1E07B->d5132e6f-def8-45c0-b0d2-c5ba43d86628: receive RaftClientReply:client-43E682E1E07B->d5132e6f-def8-45c0-b0d2-c5ba43d86628@group-C29775A8E805, cid=3849, SUCCESS, logIndex=6604, commits[d5132e6f-def8-45c0-b0d2-c5ba43d86628:c6604]
2019-06-13 22:27:06,512 INFO  client.GrpcClientProtocolClient (GrpcClientProtocolClient.java:onNext(254)) - client-43E682E1E07B->d5132e6f-def8-45c0-b0d2-c5ba43d86628: receive RaftClientReply:client-43E682E1E07B->d5132e6f-def8-45c0-b0d2-c5ba43d86628@group-C29775A8E805, cid=3850, SUCCESS, logIndex=6606, commits[d5132e6f-def8-45c0-b0d2-c5ba43d86628:c6606]
2019-06-13 22:27:06,512 INFO  client.GrpcClientProtocolClient (GrpcClientProtocolClient.java:onNext(254)) - client-43E682E1E07B->d5132e6f-def8-45c0-b0d2-c5ba43d86628: receive RaftClientReply:client-43E682E1E07B->d5132e6f-def8-45c0-b0d2-c5ba43d86628@group-C29775A8E805, cid=3851, SUCCESS, logIndex=6607, commits[d5132e6f-def8-45c0-b0d2-c5ba43d86628:c6607]
2019-06-13 22:27:06,513 INFO  client.GrpcClientProtocolClient (GrpcClientProtocolClient.java:onNext(254)) - client-43E682E1E07B->d5132e6f-def8-45c0-b0d2-c5ba43d86628: receive RaftClientReply:client-43E682E1E07B->d5132e6f-def8-45c0-b0d2-c5ba43d86628@group-C29775A8E805, cid=3852, SUCCESS, logIndex=6609, commits[d5132e6f-def8-45c0-b0d2-c5ba43d86628:c6609]
2019-06-13 22:27:06,519 INFO  client.GrpcClientProtocolClient (GrpcClientProtocolClient.java:onNext(254)) - client-43E682E1E07B->d5132e6f-def8-45c0-b0d2-c5ba43d86628: receive RaftClientReply:client-43E682E1E07B->d5132e6f-def8-45c0-b0d2-c5ba43d86628@group-C29775A8E805, cid=3853, SUCCESS, logIndex=6612, commits[d5132e6f-def8-45c0-b0d2-c5ba43d86628:c6613]
2019-06-13 22:27:06,521 INFO  client.GrpcClientProtocolClient (GrpcClientProtocolClient.java:onNext(254)) - client-43E682E1E07B->d5132e6f-def8-45c0-b0d2-c5ba43d86628: receive RaftClientReply:client-43E682E1E07B->d5132e6f-def8-45c0-b0d2-c5ba43d86628@group-C29775A8E805, cid=3854, SUCCESS, logIndex=6614, commits[d5132e6f-def8-45c0-b0d2-c5ba43d86628:c6614]
2019-06-13 22:27:06,523 INFO  client.GrpcClientProtocolClient (GrpcClientProtocolClient.java:onNext(254)) - client-43E682E1E07B->d5132e6f-def8-45c0-b0d2-c5ba43d86628: receive RaftClientReply:client-43E682E1E07B->d5132e6f-def8-45c0-b0d2-c5ba43d86628@group-C29775A8E805, cid=3855, SUCCESS, logIndex=6615, commits[d5132e6f-def8-45c0-b0d2-c5ba43d86628:c6617]
2019-06-13 22:27:06,524 INFO  client.GrpcClientProtocolClient (GrpcClientProtocolClient.java:onNext(254)) - client-43E682E1E07B->d5132e6f-def8-45c0-b0d2-c5ba43d86628: receive RaftClientReply:client-43E682E1E07B->d5132e6f-def8-45c0-b0d2-c5ba43d86628@group-C29775A8E805, cid=3856, SUCCESS, logIndex=6616, commits[d5132e6f-def8-45c0-b0d2-c5ba43d86628:c6617]
2019-06-13 22:27:06,534 INFO  client.GrpcClientProtocolClient (GrpcClientProtocolClient.java:onNext(254)) - client-43E682E1E07B->d5132e6f-def8-45c0-b0d2-c5ba43d86628: receive RaftClientReply:client-43E682E1E07B->d5132e6f-def8-45c0-b0d2-c5ba43d86628@group-C29775A8E805, cid=3857, SUCCESS, logIndex=6618, commits[d5132e6f-def8-45c0-b0d2-c5ba43d86628:c6618]
2019-06-13 22:27:06,536 INFO  client.GrpcClientProtocolClient (GrpcClientProtocolClient.java:onNext(254)) - client-43E682E1E07B->d5132e6f-def8-45c0-b0d2-c5ba43d86628: receive RaftClientReply:client-43E682E1E07B->d5132e6f-def8-45c0-b0d2-c5ba43d86628@group-C29775A8E805, cid=3858, SUCCESS, logIndex=6620, commits[d5132e6f-def8-45c0-b0d2-c5ba43d86628:c6620]
2019-06-13 22:27:06,537 INFO  client.GrpcClientProtocolClient (GrpcClientProtocolClient.java:onNext(254)) - client-43E682E1E07B->d5132e6f-def8-45c0-b0d2-c5ba43d86628: receive RaftClientReply:client-43E682E1E07B->d5132e6f-def8-45c0-b0d2-c5ba43d86628@group-C29775A8E805, cid=3859, SUCCESS, logIndex=6621, commits[d5132e6f-def8-45c0-b0d2-c5ba43d86628:c6622]
2019-06-13 22:27:06,538 INFO  client.GrpcClientProtocolClient (GrpcClientProtocolClient.java:onNext(254)) - client-43E682E1E07B->d5132e6f-def8-45c0-b0d2-c5ba43d86628: receive RaftClientReply:client-43E682E1E07B->d5132e6f-def8-45c0-b0d2-c5ba43d86628@group-C29775A8E805, cid=3860, SUCCESS, logIndex=6622, commits[d5132e6f-def8-45c0-b0d2-c5ba43d86628:c6622]
2019-06-13 22:27:06,544 INFO  client.GrpcClientProtocolClient (GrpcClientProtocolClient.java:onNext(254)) - client-43E682E1E07B->d5132e6f-def8-45c0-b0d2-c5ba43d86628: receive RaftClientReply:client-43E682E1E07B->d5132e6f-def8-45c0-b0d2-c5ba43d86628@group-C29775A8E805, cid=3861, SUCCESS, logIndex=6625, commits[d5132e6f-def8-45c0-b0d2-c5ba43d86628:c6625]
2019-06-13 22:27:06,545 INFO  client.GrpcClientProtocolClient (GrpcClientProtocolClient.java:onNext(254)) - client-43E682E1E07B->d5132e6f-def8-45c0-b0d2-c5ba43d86628: receive RaftClientReply:client-43E682E1E07B->d5132e6f-def8-45c0-b0d2-c5ba43d86628@group-C29775A8E805, cid=3862, SUCCESS, logIndex=6627, commits[d5132e6f-def8-45c0-b0d2-c5ba43d86628:c6627]
2019-06-13 22:27:06,546 INFO  client.GrpcClientProtocolClient (GrpcClientProtocolClient.java:onNext(254)) - client-43E682E1E07B->d5132e6f-def8-45c0-b0d2-c5ba43d86628: receive RaftClientReply:client-43E682E1E07B->d5132e6f-def8-45c0-b0d2-c5ba43d86628@group-C29775A8E805, cid=3863, SUCCESS, logIndex=6628, commits[d5132e6f-def8-45c0-b0d2-c5ba43d86628:c6629]
2019-06-13 22:27:06,546 INFO  client.GrpcClientProtocolClient (GrpcClientProtocolClient.java:onNext(254)) - client-43E682E1E07B->d5132e6f-def8-45c0-b0d2-c5ba43d86628: receive RaftClientReply:client-43E682E1E07B->d5132e6f-def8-45c0-b0d2-c5ba43d86628@group-C29775A8E805, cid=3864, SUCCESS, logIndex=6629, commits[d5132e6f-def8-45c0-b0d2-c5ba43d86628:c6629]
2019-06-13 22:27:06,549 DEBUG block.SCMBlockDeletingService (SCMBlockDeletingService.java:call(138)) - Running DeletedBlockTransactionScanner
2019-06-13 22:27:06,549 DEBUG block.SCMBlockDeletingService (SCMBlockDeletingService.java:call(155)) - Scanned deleted blocks log and got 0 delTX to process.
2019-06-13 22:27:06,558 INFO  client.GrpcClientProtocolClient (GrpcClientProtocolClient.java:onNext(254)) - client-43E682E1E07B->d5132e6f-def8-45c0-b0d2-c5ba43d86628: receive RaftClientReply:client-43E682E1E07B->d5132e6f-def8-45c0-b0d2-c5ba43d86628@group-C29775A8E805, cid=3865, SUCCESS, logIndex=6632, commits[d5132e6f-def8-45c0-b0d2-c5ba43d86628:c6632]
2019-06-13 22:27:06,560 INFO  client.GrpcClientProtocolClient (GrpcClientProtocolClient.java:onNext(254)) - client-43E682E1E07B->d5132e6f-def8-45c0-b0d2-c5ba43d86628: receive RaftClientReply:client-43E682E1E07B->d5132e6f-def8-45c0-b0d2-c5ba43d86628@group-C29775A8E805, cid=3866, SUCCESS, logIndex=6634, commits[d5132e6f-def8-45c0-b0d2-c5ba43d86628:c6634]
2019-06-13 22:27:06,561 INFO  client.GrpcClientProtocolClient (GrpcClientProtocolClient.java:onNext(254)) - client-43E682E1E07B->d5132e6f-def8-45c0-b0d2-c5ba43d86628: receive RaftClientReply:client-43E682E1E07B->d5132e6f-def8-45c0-b0d2-c5ba43d86628@group-C29775A8E805, cid=3867, SUCCESS, logIndex=6635, commits[d5132e6f-def8-45c0-b0d2-c5ba43d86628:c6635]
2019-06-13 22:27:06,561 INFO  client.GrpcClientProtocolClient (GrpcClientProtocolClient.java:onNext(254)) - client-43E682E1E07B->d5132e6f-def8-45c0-b0d2-c5ba43d86628: receive RaftClientReply:client-43E682E1E07B->d5132e6f-def8-45c0-b0d2-c5ba43d86628@group-C29775A8E805, cid=3868, SUCCESS, logIndex=6637, commits[d5132e6f-def8-45c0-b0d2-c5ba43d86628:c6637]
2019-06-13 22:27:06,570 INFO  client.GrpcClientProtocolClient (GrpcClientProtocolClient.java:onNext(254)) - client-43E682E1E07B->d5132e6f-def8-45c0-b0d2-c5ba43d86628: receive RaftClientReply:client-43E682E1E07B->d5132e6f-def8-45c0-b0d2-c5ba43d86628@group-C29775A8E805, cid=3869, SUCCESS, logIndex=6640, commits[d5132e6f-def8-45c0-b0d2-c5ba43d86628:c6640]
2019-06-13 22:27:06,572 INFO  client.GrpcClientProtocolClient (GrpcClientProtocolClient.java:onNext(254)) - client-43E682E1E07B->d5132e6f-def8-45c0-b0d2-c5ba43d86628: receive RaftClientReply:client-43E682E1E07B->d5132e6f-def8-45c0-b0d2-c5ba43d86628@group-C29775A8E805, cid=3870, SUCCESS, logIndex=6642, commits[d5132e6f-def8-45c0-b0d2-c5ba43d86628:c6642]
2019-06-13 22:27:06,573 INFO  client.GrpcClientProtocolClient (GrpcClientProtocolClient.java:onNext(254)) - client-43E682E1E07B->d5132e6f-def8-45c0-b0d2-c5ba43d86628: receive RaftClientReply:client-43E682E1E07B->d5132e6f-def8-45c0-b0d2-c5ba43d86628@group-C29775A8E805, cid=3871, SUCCESS, logIndex=6643, commits[d5132e6f-def8-45c0-b0d2-c5ba43d86628:c6644]
2019-06-13 22:27:06,574 INFO  client.GrpcClientProtocolClient (GrpcClientProtocolClient.java:onNext(254)) - client-43E682E1E07B->d5132e6f-def8-45c0-b0d2-c5ba43d86628: receive RaftClientReply:client-43E682E1E07B->d5132e6f-def8-45c0-b0d2-c5ba43d86628@group-C29775A8E805, cid=3872, SUCCESS, logIndex=6644, commits[d5132e6f-def8-45c0-b0d2-c5ba43d86628:c6644]
2019-06-13 22:27:06,590 INFO  client.GrpcClientProtocolClient (GrpcClientProtocolClient.java:onNext(254)) - client-43E682E1E07B->d5132e6f-def8-45c0-b0d2-c5ba43d86628: receive RaftClientReply:client-43E682E1E07B->d5132e6f-def8-45c0-b0d2-c5ba43d86628@group-C29775A8E805, cid=3873, SUCCESS, logIndex=6647, commits[d5132e6f-def8-45c0-b0d2-c5ba43d86628:c6647]
2019-06-13 22:27:06,594 INFO  client.GrpcClientProtocolClient (GrpcClientProtocolClient.java:onNext(254)) - client-43E682E1E07B->d5132e6f-def8-45c0-b0d2-c5ba43d86628: receive RaftClientReply:client-43E682E1E07B->d5132e6f-def8-45c0-b0d2-c5ba43d86628@group-C29775A8E805, cid=3874, SUCCESS, logIndex=6649, commits[d5132e6f-def8-45c0-b0d2-c5ba43d86628:c6649]
2019-06-13 22:27:06,594 INFO  client.GrpcClientProtocolClient (GrpcClientProtocolClient.java:onNext(254)) - client-43E682E1E07B->d5132e6f-def8-45c0-b0d2-c5ba43d86628: receive RaftClientReply:client-43E682E1E07B->d5132e6f-def8-45c0-b0d2-c5ba43d86628@group-C29775A8E805, cid=3875, SUCCESS, logIndex=6650, commits[d5132e6f-def8-45c0-b0d2-c5ba43d86628:c6652]
2019-06-13 22:27:06,594 INFO  client.GrpcClientProtocolClient (GrpcClientProtocolClient.java:onNext(254)) - client-43E682E1E07B->d5132e6f-def8-45c0-b0d2-c5ba43d86628: receive RaftClientReply:client-43E682E1E07B->d5132e6f-def8-45c0-b0d2-c5ba43d86628@group-C29775A8E805, cid=3876, SUCCESS, logIndex=6652, commits[d5132e6f-def8-45c0-b0d2-c5ba43d86628:c6652]
2019-06-13 22:27:06,601 INFO  client.GrpcClientProtocolClient (GrpcClientProtocolClient.java:onNext(254)) - client-43E682E1E07B->d5132e6f-def8-45c0-b0d2-c5ba43d86628: receive RaftClientReply:client-43E682E1E07B->d5132e6f-def8-45c0-b0d2-c5ba43d86628@group-C29775A8E805, cid=3877, SUCCESS, logIndex=6654, commits[d5132e6f-def8-45c0-b0d2-c5ba43d86628:c6654]
2019-06-13 22:27:06,603 INFO  client.GrpcClientProtocolClient (GrpcClientProtocolClient.java:onNext(254)) - client-43E682E1E07B->d5132e6f-def8-45c0-b0d2-c5ba43d86628: receive RaftClientReply:client-43E682E1E07B->d5132e6f-def8-45c0-b0d2-c5ba43d86628@group-C29775A8E805, cid=3878, SUCCESS, logIndex=6656, commits[d5132e6f-def8-45c0-b0d2-c5ba43d86628:c6656]
2019-06-13 22:27:06,604 INFO  client.GrpcClientProtocolClient (GrpcClientProtocolClient.java:onNext(254)) - client-43E682E1E07B->d5132e6f-def8-45c0-b0d2-c5ba43d86628: receive RaftClientReply:client-43E682E1E07B->d5132e6f-def8-45c0-b0d2-c5ba43d86628@group-C29775A8E805, cid=3879, SUCCESS, logIndex=6657, commits[d5132e6f-def8-45c0-b0d2-c5ba43d86628:c6657]
2019-06-13 22:27:06,604 INFO  client.GrpcClientProtocolClient (GrpcClientProtocolClient.java:onNext(254)) - client-43E682E1E07B->d5132e6f-def8-45c0-b0d2-c5ba43d86628: receive RaftClientReply:client-43E682E1E07B->d5132e6f-def8-45c0-b0d2-c5ba43d86628@group-C29775A8E805, cid=3880, SUCCESS, logIndex=6659, commits[d5132e6f-def8-45c0-b0d2-c5ba43d86628:c6659]
2019-06-13 22:27:06,619 INFO  client.GrpcClientProtocolClient (GrpcClientProtocolClient.java:onNext(254)) - client-43E682E1E07B->d5132e6f-def8-45c0-b0d2-c5ba43d86628: receive RaftClientReply:client-43E682E1E07B->d5132e6f-def8-45c0-b0d2-c5ba43d86628@group-C29775A8E805, cid=3881, SUCCESS, logIndex=6662, commits[d5132e6f-def8-45c0-b0d2-c5ba43d86628:c6662]
2019-06-13 22:27:06,620 INFO  client.GrpcClientProtocolClient (GrpcClientProtocolClient.java:onNext(254)) - client-43E682E1E07B->d5132e6f-def8-45c0-b0d2-c5ba43d86628: receive RaftClientReply:client-43E682E1E07B->d5132e6f-def8-45c0-b0d2-c5ba43d86628@group-C29775A8E805, cid=3882, SUCCESS, logIndex=6664, commits[d5132e6f-def8-45c0-b0d2-c5ba43d86628:c6664]
2019-06-13 22:27:06,626 INFO  client.GrpcClientProtocolClient (GrpcClientProtocolClient.java:onNext(254)) - client-43E682E1E07B->d5132e6f-def8-45c0-b0d2-c5ba43d86628: receive RaftClientReply:client-43E682E1E07B->d5132e6f-def8-45c0-b0d2-c5ba43d86628@group-C29775A8E805, cid=3883, SUCCESS, logIndex=6666, commits[d5132e6f-def8-45c0-b0d2-c5ba43d86628:c6667]
2019-06-13 22:27:06,626 INFO  client.GrpcClientProtocolClient (GrpcClientProtocolClient.java:onNext(254)) - client-43E682E1E07B->d5132e6f-def8-45c0-b0d2-c5ba43d86628: receive RaftClientReply:client-43E682E1E07B->d5132e6f-def8-45c0-b0d2-c5ba43d86628@group-C29775A8E805, cid=3884, SUCCESS, logIndex=6667, commits[d5132e6f-def8-45c0-b0d2-c5ba43d86628:c6667]
2019-06-13 22:27:06,632 INFO  client.GrpcClientProtocolClient (GrpcClientProtocolClient.java:onNext(254)) - client-43E682E1E07B->d5132e6f-def8-45c0-b0d2-c5ba43d86628: receive RaftClientReply:client-43E682E1E07B->d5132e6f-def8-45c0-b0d2-c5ba43d86628@group-C29775A8E805, cid=3885, SUCCESS, logIndex=6669, commits[d5132e6f-def8-45c0-b0d2-c5ba43d86628:c6669]
2019-06-13 22:27:06,635 INFO  client.GrpcClientProtocolClient (GrpcClientProtocolClient.java:onNext(254)) - client-43E682E1E07B->d5132e6f-def8-45c0-b0d2-c5ba43d86628: receive RaftClientReply:client-43E682E1E07B->d5132e6f-def8-45c0-b0d2-c5ba43d86628@group-C29775A8E805, cid=3886, SUCCESS, logIndex=6671, commits[d5132e6f-def8-45c0-b0d2-c5ba43d86628:c6671]
2019-06-13 22:27:06,636 INFO  client.GrpcClientProtocolClient (GrpcClientProtocolClient.java:onNext(254)) - client-43E682E1E07B->d5132e6f-def8-45c0-b0d2-c5ba43d86628: receive RaftClientReply:client-43E682E1E07B->d5132e6f-def8-45c0-b0d2-c5ba43d86628@group-C29775A8E805, cid=3887, SUCCESS, logIndex=6672, commits[d5132e6f-def8-45c0-b0d2-c5ba43d86628:c6674]
2019-06-13 22:27:06,636 INFO  client.GrpcClientProtocolClient (GrpcClientProtocolClient.java:onNext(254)) - client-43E682E1E07B->d5132e6f-def8-45c0-b0d2-c5ba43d86628: receive RaftClientReply:client-43E682E1E07B->d5132e6f-def8-45c0-b0d2-c5ba43d86628@group-C29775A8E805, cid=3888, SUCCESS, logIndex=6673, commits[d5132e6f-def8-45c0-b0d2-c5ba43d86628:c6674]
2019-06-13 22:27:06,650 DEBUG block.SCMBlockDeletingService (SCMBlockDeletingService.java:call(138)) - Running DeletedBlockTransactionScanner
2019-06-13 22:27:06,650 DEBUG block.SCMBlockDeletingService (SCMBlockDeletingService.java:call(155)) - Scanned deleted blocks log and got 0 delTX to process.
2019-06-13 22:27:06,652 INFO  client.GrpcClientProtocolClient (GrpcClientProtocolClient.java:onNext(254)) - client-43E682E1E07B->d5132e6f-def8-45c0-b0d2-c5ba43d86628: receive RaftClientReply:client-43E682E1E07B->d5132e6f-def8-45c0-b0d2-c5ba43d86628@group-C29775A8E805, cid=3889, SUCCESS, logIndex=6675, commits[d5132e6f-def8-45c0-b0d2-c5ba43d86628:c6675]
2019-06-13 22:27:06,653 INFO  client.GrpcClientProtocolClient (GrpcClientProtocolClient.java:onNext(254)) - client-43E682E1E07B->d5132e6f-def8-45c0-b0d2-c5ba43d86628: receive RaftClientReply:client-43E682E1E07B->d5132e6f-def8-45c0-b0d2-c5ba43d86628@group-C29775A8E805, cid=3890, SUCCESS, logIndex=6677, commits[d5132e6f-def8-45c0-b0d2-c5ba43d86628:c6677]
2019-06-13 22:27:06,751 DEBUG block.SCMBlockDeletingService (SCMBlockDeletingService.java:call(138)) - Running DeletedBlockTransactionScanner
2019-06-13 22:27:06,751 DEBUG block.SCMBlockDeletingService (SCMBlockDeletingService.java:call(155)) - Scanned deleted blocks log and got 0 delTX to process.
2019-06-13 22:27:06,752 INFO  storage.RaftLogWorker (RaftLogWorker.java:rollLogSegment(303)) - d5132e6f-def8-45c0-b0d2-c5ba43d86628-RaftLogWorker: Rolling segment log-6602_6678 to index:6678
2019-06-13 22:27:06,753 INFO  storage.RaftLogWorker (RaftLogWorker.java:execute(433)) - d5132e6f-def8-45c0-b0d2-c5ba43d86628-RaftLogWorker: Rolled log segment from /opt/src/hadoop-ozone/integration-test/target/test-dir/MiniOzoneClusterImpl-e9ea07bb-4900-4b53-96c1-68f0ab556a80/datanode-0/data/ratis/c7035dd3-cd4a-42fb-880d-c29775a8e805/current/log_inprogress_6602 to /opt/src/hadoop-ozone/integration-test/target/test-dir/MiniOzoneClusterImpl-e9ea07bb-4900-4b53-96c1-68f0ab556a80/datanode-0/data/ratis/c7035dd3-cd4a-42fb-880d-c29775a8e805/current/log_6602-6678
2019-06-13 22:27:06,799 INFO  storage.RaftLogWorker (RaftLogWorker.java:execute(469)) - d5132e6f-def8-45c0-b0d2-c5ba43d86628-RaftLogWorker: created new log segment /opt/src/hadoop-ozone/integration-test/target/test-dir/MiniOzoneClusterImpl-e9ea07bb-4900-4b53-96c1-68f0ab556a80/datanode-0/data/ratis/c7035dd3-cd4a-42fb-880d-c29775a8e805/current/log_inprogress_6679
2019-06-13 22:27:06,801 INFO  client.GrpcClientProtocolClient (GrpcClientProtocolClient.java:onNext(254)) - client-43E682E1E07B->d5132e6f-def8-45c0-b0d2-c5ba43d86628: receive RaftClientReply:client-43E682E1E07B->d5132e6f-def8-45c0-b0d2-c5ba43d86628@group-C29775A8E805, cid=3891, SUCCESS, logIndex=6679, commits[d5132e6f-def8-45c0-b0d2-c5ba43d86628:c6679]
2019-06-13 22:27:06,803 INFO  client.GrpcClientProtocolClient (GrpcClientProtocolClient.java:onNext(254)) - client-43E682E1E07B->d5132e6f-def8-45c0-b0d2-c5ba43d86628: receive RaftClientReply:client-43E682E1E07B->d5132e6f-def8-45c0-b0d2-c5ba43d86628@group-C29775A8E805, cid=3892, SUCCESS, logIndex=6681, commits[d5132e6f-def8-45c0-b0d2-c5ba43d86628:c6681]
2019-06-13 22:27:06,810 INFO  client.GrpcClientProtocolClient (GrpcClientProtocolClient.java:onNext(254)) - client-43E682E1E07B->d5132e6f-def8-45c0-b0d2-c5ba43d86628: receive RaftClientReply:client-43E682E1E07B->d5132e6f-def8-45c0-b0d2-c5ba43d86628@group-C29775A8E805, cid=3893, SUCCESS, logIndex=6683, commits[d5132e6f-def8-45c0-b0d2-c5ba43d86628:c6683]
2019-06-13 22:27:06,811 INFO  client.GrpcClientProtocolClient (GrpcClientProtocolClient.java:onNext(254)) - client-43E682E1E07B->d5132e6f-def8-45c0-b0d2-c5ba43d86628: receive RaftClientReply:client-43E682E1E07B->d5132e6f-def8-45c0-b0d2-c5ba43d86628@group-C29775A8E805, cid=3894, SUCCESS, logIndex=6685, commits[d5132e6f-def8-45c0-b0d2-c5ba43d86628:c6685]
2019-06-13 22:27:06,813 INFO  client.GrpcClientProtocolClient (GrpcClientProtocolClient.java:onNext(254)) - client-43E682E1E07B->d5132e6f-def8-45c0-b0d2-c5ba43d86628: receive RaftClientReply:client-43E682E1E07B->d5132e6f-def8-45c0-b0d2-c5ba43d86628@group-C29775A8E805, cid=3895, SUCCESS, logIndex=6687, commits[d5132e6f-def8-45c0-b0d2-c5ba43d86628:c6687]
2019-06-13 22:27:06,814 INFO  client.GrpcClientProtocolClient (GrpcClientProtocolClient.java:onNext(254)) - client-43E682E1E07B->d5132e6f-def8-45c0-b0d2-c5ba43d86628: receive RaftClientReply:client-43E682E1E07B->d5132e6f-def8-45c0-b0d2-c5ba43d86628@group-C29775A8E805, cid=3896, SUCCESS, logIndex=6688, commits[d5132e6f-def8-45c0-b0d2-c5ba43d86628:c6688]
2019-06-13 22:27:06,828 INFO  client.GrpcClientProtocolClient (GrpcClientProtocolClient.java:onNext(254)) - client-43E682E1E07B->d5132e6f-def8-45c0-b0d2-c5ba43d86628: receive RaftClientReply:client-43E682E1E07B->d5132e6f-def8-45c0-b0d2-c5ba43d86628@group-C29775A8E805, cid=3897, SUCCESS, logIndex=6691, commits[d5132e6f-def8-45c0-b0d2-c5ba43d86628:c6691]
2019-06-13 22:27:06,830 INFO  client.GrpcClientProtocolClient (GrpcClientProtocolClient.java:onNext(254)) - client-43E682E1E07B->d5132e6f-def8-45c0-b0d2-c5ba43d86628: receive RaftClientReply:client-43E682E1E07B->d5132e6f-def8-45c0-b0d2-c5ba43d86628@group-C29775A8E805, cid=3898, SUCCESS, logIndex=6693, commits[d5132e6f-def8-45c0-b0d2-c5ba43d86628:c6693]
2019-06-13 22:27:06,830 INFO  client.GrpcClientProtocolClient (GrpcClientProtocolClient.java:onNext(254)) - client-43E682E1E07B->d5132e6f-def8-45c0-b0d2-c5ba43d86628: receive RaftClientReply:client-43E682E1E07B->d5132e6f-def8-45c0-b0d2-c5ba43d86628@group-C29775A8E805, cid=3899, SUCCESS, logIndex=6694, commits[d5132e6f-def8-45c0-b0d2-c5ba43d86628:c6694]
2019-06-13 22:27:06,831 INFO  client.GrpcClientProtocolClient (GrpcClientProtocolClient.java:onNext(254)) - client-43E682E1E07B->d5132e6f-def8-45c0-b0d2-c5ba43d86628: receive RaftClientReply:client-43E682E1E07B->d5132e6f-def8-45c0-b0d2-c5ba43d86628@group-C29775A8E805, cid=3900, SUCCESS, logIndex=6696, commits[d5132e6f-def8-45c0-b0d2-c5ba43d86628:c6697]
2019-06-13 22:27:06,838 INFO  client.GrpcClientProtocolClient (GrpcClientProtocolClient.java:onNext(254)) - client-43E682E1E07B->d5132e6f-def8-45c0-b0d2-c5ba43d86628: receive RaftClientReply:client-43E682E1E07B->d5132e6f-def8-45c0-b0d2-c5ba43d86628@group-C29775A8E805, cid=3901, SUCCESS, logIndex=6699, commits[d5132e6f-def8-45c0-b0d2-c5ba43d86628:c6699]
2019-06-13 22:27:06,839 INFO  client.GrpcClientProtocolClient (GrpcClientProtocolClient.java:onNext(254)) - client-43E682E1E07B->d5132e6f-def8-45c0-b0d2-c5ba43d86628: receive RaftClientReply:client-43E682E1E07B->d5132e6f-def8-45c0-b0d2-c5ba43d86628@group-C29775A8E805, cid=3902, SUCCESS, logIndex=6701, commits[d5132e6f-def8-45c0-b0d2-c5ba43d86628:c6701]
2019-06-13 22:27:06,842 INFO  client.GrpcClientProtocolClient (GrpcClientProtocolClient.java:onNext(254)) - client-43E682E1E07B->d5132e6f-def8-45c0-b0d2-c5ba43d86628: receive RaftClientReply:client-43E682E1E07B->d5132e6f-def8-45c0-b0d2-c5ba43d86628@group-C29775A8E805, cid=3903, SUCCESS, logIndex=6703, commits[d5132e6f-def8-45c0-b0d2-c5ba43d86628:c6703]
2019-06-13 22:27:06,843 INFO  client.GrpcClientProtocolClient (GrpcClientProtocolClient.java:onNext(254)) - client-43E682E1E07B->d5132e6f-def8-45c0-b0d2-c5ba43d86628: receive RaftClientReply:client-43E682E1E07B->d5132e6f-def8-45c0-b0d2-c5ba43d86628@group-C29775A8E805, cid=3904, SUCCESS, logIndex=6704, commits[d5132e6f-def8-45c0-b0d2-c5ba43d86628:c6704]
2019-06-13 22:27:06,851 DEBUG block.SCMBlockDeletingService (SCMBlockDeletingService.java:call(138)) - Running DeletedBlockTransactionScanner
2019-06-13 22:27:06,851 DEBUG block.SCMBlockDeletingService (SCMBlockDeletingService.java:call(155)) - Scanned deleted blocks log and got 0 delTX to process.
2019-06-13 22:27:06,857 INFO  client.GrpcClientProtocolClient (GrpcClientProtocolClient.java:onNext(254)) - client-43E682E1E07B->d5132e6f-def8-45c0-b0d2-c5ba43d86628: receive RaftClientReply:client-43E682E1E07B->d5132e6f-def8-45c0-b0d2-c5ba43d86628@group-C29775A8E805, cid=3905, SUCCESS, logIndex=6707, commits[d5132e6f-def8-45c0-b0d2-c5ba43d86628:c6707]
2019-06-13 22:27:06,862 INFO  client.GrpcClientProtocolClient (GrpcClientProtocolClient.java:onNext(254)) - client-43E682E1E07B->d5132e6f-def8-45c0-b0d2-c5ba43d86628: receive RaftClientReply:client-43E682E1E07B->d5132e6f-def8-45c0-b0d2-c5ba43d86628@group-C29775A8E805, cid=3906, SUCCESS, logIndex=6709, commits[d5132e6f-def8-45c0-b0d2-c5ba43d86628:c6709]
2019-06-13 22:27:06,864 INFO  client.GrpcClientProtocolClient (GrpcClientProtocolClient.java:onNext(254)) - client-43E682E1E07B->d5132e6f-def8-45c0-b0d2-c5ba43d86628: receive RaftClientReply:client-43E682E1E07B->d5132e6f-def8-45c0-b0d2-c5ba43d86628@group-C29775A8E805, cid=3907, SUCCESS, logIndex=6711, commits[d5132e6f-def8-45c0-b0d2-c5ba43d86628:c6711]
2019-06-13 22:27:06,865 INFO  client.GrpcClientProtocolClient (GrpcClientProtocolClient.java:onNext(254)) - client-43E682E1E07B->d5132e6f-def8-45c0-b0d2-c5ba43d86628: receive RaftClientReply:client-43E682E1E07B->d5132e6f-def8-45c0-b0d2-c5ba43d86628@group-C29775A8E805, cid=3908, SUCCESS, logIndex=6712, commits[d5132e6f-def8-45c0-b0d2-c5ba43d86628:c6712]
2019-06-13 22:27:06,872 INFO  client.GrpcClientProtocolClient (GrpcClientProtocolClient.java:onNext(254)) - client-43E682E1E07B->d5132e6f-def8-45c0-b0d2-c5ba43d86628: receive RaftClientReply:client-43E682E1E07B->d5132e6f-def8-45c0-b0d2-c5ba43d86628@group-C29775A8E805, cid=3909, SUCCESS, logIndex=6715, commits[d5132e6f-def8-45c0-b0d2-c5ba43d86628:c6715]
2019-06-13 22:27:06,878 INFO  client.GrpcClientProtocolClient (GrpcClientProtocolClient.java:onNext(254)) - client-43E682E1E07B->d5132e6f-def8-45c0-b0d2-c5ba43d86628: receive RaftClientReply:client-43E682E1E07B->d5132e6f-def8-45c0-b0d2-c5ba43d86628@group-C29775A8E805, cid=3910, SUCCESS, logIndex=6717, commits[d5132e6f-def8-45c0-b0d2-c5ba43d86628:c6718]
2019-06-13 22:27:06,881 INFO  client.GrpcClientProtocolClient (GrpcClientProtocolClient.java:onNext(254)) - client-43E682E1E07B->d5132e6f-def8-45c0-b0d2-c5ba43d86628: receive RaftClientReply:client-43E682E1E07B->d5132e6f-def8-45c0-b0d2-c5ba43d86628@group-C29775A8E805, cid=3911, SUCCESS, logIndex=6719, commits[d5132e6f-def8-45c0-b0d2-c5ba43d86628:c6719]
2019-06-13 22:27:06,881 INFO  client.GrpcClientProtocolClient (GrpcClientProtocolClient.java:onNext(254)) - client-43E682E1E07B->d5132e6f-def8-45c0-b0d2-c5ba43d86628: receive RaftClientReply:client-43E682E1E07B->d5132e6f-def8-45c0-b0d2-c5ba43d86628@group-C29775A8E805, cid=3912, SUCCESS, logIndex=6720, commits[d5132e6f-def8-45c0-b0d2-c5ba43d86628:c6720]
2019-06-13 22:27:06,937 INFO  client.GrpcClientProtocolClient (GrpcClientProtocolClient.java:onNext(254)) - client-43E682E1E07B->d5132e6f-def8-45c0-b0d2-c5ba43d86628: receive RaftClientReply:client-43E682E1E07B->d5132e6f-def8-45c0-b0d2-c5ba43d86628@group-C29775A8E805, cid=3913, SUCCESS, logIndex=6723, commits[d5132e6f-def8-45c0-b0d2-c5ba43d86628:c6723]
2019-06-13 22:27:06,943 INFO  client.GrpcClientProtocolClient (GrpcClientProtocolClient.java:onNext(254)) - client-43E682E1E07B->d5132e6f-def8-45c0-b0d2-c5ba43d86628: receive RaftClientReply:client-43E682E1E07B->d5132e6f-def8-45c0-b0d2-c5ba43d86628@group-C29775A8E805, cid=3914, SUCCESS, logIndex=6725, commits[d5132e6f-def8-45c0-b0d2-c5ba43d86628:c6725]
2019-06-13 22:27:06,944 INFO  client.GrpcClientProtocolClient (GrpcClientProtocolClient.java:onNext(254)) - client-43E682E1E07B->d5132e6f-def8-45c0-b0d2-c5ba43d86628: receive RaftClientReply:client-43E682E1E07B->d5132e6f-def8-45c0-b0d2-c5ba43d86628@group-C29775A8E805, cid=3915, SUCCESS, logIndex=6727, commits[d5132e6f-def8-45c0-b0d2-c5ba43d86628:c6728]
2019-06-13 22:27:06,945 INFO  client.GrpcClientProtocolClient (GrpcClientProtocolClient.java:onNext(254)) - client-43E682E1E07B->d5132e6f-def8-45c0-b0d2-c5ba43d86628: receive RaftClientReply:client-43E682E1E07B->d5132e6f-def8-45c0-b0d2-c5ba43d86628@group-C29775A8E805, cid=3916, SUCCESS, logIndex=6728, commits[d5132e6f-def8-45c0-b0d2-c5ba43d86628:c6728]
2019-06-13 22:27:06,952 DEBUG block.SCMBlockDeletingService (SCMBlockDeletingService.java:call(138)) - Running DeletedBlockTransactionScanner
2019-06-13 22:27:06,952 DEBUG block.SCMBlockDeletingService (SCMBlockDeletingService.java:call(155)) - Scanned deleted blocks log and got 0 delTX to process.
2019-06-13 22:27:06,953 INFO  client.GrpcClientProtocolClient (GrpcClientProtocolClient.java:onNext(254)) - client-43E682E1E07B->d5132e6f-def8-45c0-b0d2-c5ba43d86628: receive RaftClientReply:client-43E682E1E07B->d5132e6f-def8-45c0-b0d2-c5ba43d86628@group-C29775A8E805, cid=3917, SUCCESS, logIndex=6730, commits[d5132e6f-def8-45c0-b0d2-c5ba43d86628:c6730]
2019-06-13 22:27:06,956 INFO  client.GrpcClientProtocolClient (GrpcClientProtocolClient.java:onNext(254)) - client-43E682E1E07B->d5132e6f-def8-45c0-b0d2-c5ba43d86628: receive RaftClientReply:client-43E682E1E07B->d5132e6f-def8-45c0-b0d2-c5ba43d86628@group-C29775A8E805, cid=3918, SUCCESS, logIndex=6732, commits[d5132e6f-def8-45c0-b0d2-c5ba43d86628:c6732]
2019-06-13 22:27:06,956 INFO  client.GrpcClientProtocolClient (GrpcClientProtocolClient.java:onNext(254)) - client-43E682E1E07B->d5132e6f-def8-45c0-b0d2-c5ba43d86628: receive RaftClientReply:client-43E682E1E07B->d5132e6f-def8-45c0-b0d2-c5ba43d86628@group-C29775A8E805, cid=3919, SUCCESS, logIndex=6733, commits[d5132e6f-def8-45c0-b0d2-c5ba43d86628:c6735]
2019-06-13 22:27:06,956 INFO  client.GrpcClientProtocolClient (GrpcClientProtocolClient.java:onNext(254)) - client-43E682E1E07B->d5132e6f-def8-45c0-b0d2-c5ba43d86628: receive RaftClientReply:client-43E682E1E07B->d5132e6f-def8-45c0-b0d2-c5ba43d86628@group-C29775A8E805, cid=3920, SUCCESS, logIndex=6734, commits[d5132e6f-def8-45c0-b0d2-c5ba43d86628:c6735]
2019-06-13 22:27:06,971 INFO  client.GrpcClientProtocolClient (GrpcClientProtocolClient.java:onNext(254)) - client-43E682E1E07B->d5132e6f-def8-45c0-b0d2-c5ba43d86628: receive RaftClientReply:client-43E682E1E07B->d5132e6f-def8-45c0-b0d2-c5ba43d86628@group-C29775A8E805, cid=3921, SUCCESS, logIndex=6736, commits[d5132e6f-def8-45c0-b0d2-c5ba43d86628:c6736]
2019-06-13 22:27:06,974 INFO  client.GrpcClientProtocolClient (GrpcClientProtocolClient.java:onNext(254)) - client-43E682E1E07B->d5132e6f-def8-45c0-b0d2-c5ba43d86628: receive RaftClientReply:client-43E682E1E07B->d5132e6f-def8-45c0-b0d2-c5ba43d86628@group-C29775A8E805, cid=3922, SUCCESS, logIndex=6738, commits[d5132e6f-def8-45c0-b0d2-c5ba43d86628:c6738]
2019-06-13 22:27:06,975 INFO  client.GrpcClientProtocolClient (GrpcClientProtocolClient.java:onNext(254)) - client-43E682E1E07B->d5132e6f-def8-45c0-b0d2-c5ba43d86628: receive RaftClientReply:client-43E682E1E07B->d5132e6f-def8-45c0-b0d2-c5ba43d86628@group-C29775A8E805, cid=3923, SUCCESS, logIndex=6739, commits[d5132e6f-def8-45c0-b0d2-c5ba43d86628:c6739]
2019-06-13 22:27:06,975 INFO  client.GrpcClientProtocolClient (GrpcClientProtocolClient.java:onNext(254)) - client-43E682E1E07B->d5132e6f-def8-45c0-b0d2-c5ba43d86628: receive RaftClientReply:client-43E682E1E07B->d5132e6f-def8-45c0-b0d2-c5ba43d86628@group-C29775A8E805, cid=3924, SUCCESS, logIndex=6741, commits[d5132e6f-def8-45c0-b0d2-c5ba43d86628:c6741]
2019-06-13 22:27:06,986 INFO  client.GrpcClientProtocolClient (GrpcClientProtocolClient.java:onNext(254)) - client-43E682E1E07B->d5132e6f-def8-45c0-b0d2-c5ba43d86628: receive RaftClientReply:client-43E682E1E07B->d5132e6f-def8-45c0-b0d2-c5ba43d86628@group-C29775A8E805, cid=3925, SUCCESS, logIndex=6744, commits[d5132e6f-def8-45c0-b0d2-c5ba43d86628:c6744]
2019-06-13 22:27:06,988 INFO  client.GrpcClientProtocolClient (GrpcClientProtocolClient.java:onNext(254)) - client-43E682E1E07B->d5132e6f-def8-45c0-b0d2-c5ba43d86628: receive RaftClientReply:client-43E682E1E07B->d5132e6f-def8-45c0-b0d2-c5ba43d86628@group-C29775A8E805, cid=3926, SUCCESS, logIndex=6746, commits[d5132e6f-def8-45c0-b0d2-c5ba43d86628:c6746]
2019-06-13 22:27:06,989 INFO  client.GrpcClientProtocolClient (GrpcClientProtocolClient.java:onNext(254)) - client-43E682E1E07B->d5132e6f-def8-45c0-b0d2-c5ba43d86628: receive RaftClientReply:client-43E682E1E07B->d5132e6f-def8-45c0-b0d2-c5ba43d86628@group-C29775A8E805, cid=3927, SUCCESS, logIndex=6747, commits[d5132e6f-def8-45c0-b0d2-c5ba43d86628:c6749]
2019-06-13 22:27:06,990 INFO  client.GrpcClientProtocolClient (GrpcClientProtocolClient.java:onNext(254)) - client-43E682E1E07B->d5132e6f-def8-45c0-b0d2-c5ba43d86628: receive RaftClientReply:client-43E682E1E07B->d5132e6f-def8-45c0-b0d2-c5ba43d86628@group-C29775A8E805, cid=3928, SUCCESS, logIndex=6748, commits[d5132e6f-def8-45c0-b0d2-c5ba43d86628:c6749]
2019-06-13 22:27:07,005 INFO  client.GrpcClientProtocolClient (GrpcClientProtocolClient.java:onNext(254)) - client-43E682E1E07B->d5132e6f-def8-45c0-b0d2-c5ba43d86628: receive RaftClientReply:client-43E682E1E07B->d5132e6f-def8-45c0-b0d2-c5ba43d86628@group-C29775A8E805, cid=3929, SUCCESS, logIndex=6750, commits[d5132e6f-def8-45c0-b0d2-c5ba43d86628:c6750]
2019-06-13 22:27:07,008 INFO  client.GrpcClientProtocolClient (GrpcClientProtocolClient.java:onNext(254)) - client-43E682E1E07B->d5132e6f-def8-45c0-b0d2-c5ba43d86628: receive RaftClientReply:client-43E682E1E07B->d5132e6f-def8-45c0-b0d2-c5ba43d86628@group-C29775A8E805, cid=3930, SUCCESS, logIndex=6752, commits[d5132e6f-def8-45c0-b0d2-c5ba43d86628:c6752]
2019-06-13 22:27:07,008 INFO  client.GrpcClientProtocolClient (GrpcClientProtocolClient.java:onNext(254)) - client-43E682E1E07B->d5132e6f-def8-45c0-b0d2-c5ba43d86628: receive RaftClientReply:client-43E682E1E07B->d5132e6f-def8-45c0-b0d2-c5ba43d86628@group-C29775A8E805, cid=3931, SUCCESS, logIndex=6753, commits[d5132e6f-def8-45c0-b0d2-c5ba43d86628:c6753]
2019-06-13 22:27:07,010 INFO  client.GrpcClientProtocolClient (GrpcClientProtocolClient.java:onNext(254)) - client-43E682E1E07B->d5132e6f-def8-45c0-b0d2-c5ba43d86628: receive RaftClientReply:client-43E682E1E07B->d5132e6f-def8-45c0-b0d2-c5ba43d86628@group-C29775A8E805, cid=3932, SUCCESS, logIndex=6755, commits[d5132e6f-def8-45c0-b0d2-c5ba43d86628:c6755]
2019-06-13 22:27:07,026 INFO  client.GrpcClientProtocolClient (GrpcClientProtocolClient.java:onNext(254)) - client-43E682E1E07B->d5132e6f-def8-45c0-b0d2-c5ba43d86628: receive RaftClientReply:client-43E682E1E07B->d5132e6f-def8-45c0-b0d2-c5ba43d86628@group-C29775A8E805, cid=3933, SUCCESS, logIndex=6758, commits[d5132e6f-def8-45c0-b0d2-c5ba43d86628:c6758]
2019-06-13 22:27:07,026 INFO  storage.RaftLogWorker (RaftLogWorker.java:rollLogSegment(303)) - d5132e6f-def8-45c0-b0d2-c5ba43d86628-RaftLogWorker: Rolling segment log-6679_6759 to index:6759
2019-06-13 22:27:07,027 INFO  storage.RaftLogWorker (RaftLogWorker.java:execute(433)) - d5132e6f-def8-45c0-b0d2-c5ba43d86628-RaftLogWorker: Rolled log segment from /opt/src/hadoop-ozone/integration-test/target/test-dir/MiniOzoneClusterImpl-e9ea07bb-4900-4b53-96c1-68f0ab556a80/datanode-0/data/ratis/c7035dd3-cd4a-42fb-880d-c29775a8e805/current/log_inprogress_6679 to /opt/src/hadoop-ozone/integration-test/target/test-dir/MiniOzoneClusterImpl-e9ea07bb-4900-4b53-96c1-68f0ab556a80/datanode-0/data/ratis/c7035dd3-cd4a-42fb-880d-c29775a8e805/current/log_6679-6759
2019-06-13 22:27:07,053 DEBUG block.SCMBlockDeletingService (SCMBlockDeletingService.java:call(138)) - Running DeletedBlockTransactionScanner
2019-06-13 22:27:07,054 DEBUG block.SCMBlockDeletingService (SCMBlockDeletingService.java:call(155)) - Scanned deleted blocks log and got 0 delTX to process.
2019-06-13 22:27:07,077 INFO  storage.RaftLogWorker (RaftLogWorker.java:execute(469)) - d5132e6f-def8-45c0-b0d2-c5ba43d86628-RaftLogWorker: created new log segment /opt/src/hadoop-ozone/integration-test/target/test-dir/MiniOzoneClusterImpl-e9ea07bb-4900-4b53-96c1-68f0ab556a80/datanode-0/data/ratis/c7035dd3-cd4a-42fb-880d-c29775a8e805/current/log_inprogress_6760
2019-06-13 22:27:07,090 INFO  client.GrpcClientProtocolClient (GrpcClientProtocolClient.java:onNext(254)) - client-43E682E1E07B->d5132e6f-def8-45c0-b0d2-c5ba43d86628: receive RaftClientReply:client-43E682E1E07B->d5132e6f-def8-45c0-b0d2-c5ba43d86628@group-C29775A8E805, cid=3934, SUCCESS, logIndex=6760, commits[d5132e6f-def8-45c0-b0d2-c5ba43d86628:c6760]
2019-06-13 22:27:07,119 INFO  client.GrpcClientProtocolClient (GrpcClientProtocolClient.java:onNext(254)) - client-43E682E1E07B->d5132e6f-def8-45c0-b0d2-c5ba43d86628: receive RaftClientReply:client-43E682E1E07B->d5132e6f-def8-45c0-b0d2-c5ba43d86628@group-C29775A8E805, cid=3935, SUCCESS, logIndex=6762, commits[d5132e6f-def8-45c0-b0d2-c5ba43d86628:c6762]
2019-06-13 22:27:07,120 INFO  client.GrpcClientProtocolClient (GrpcClientProtocolClient.java:onNext(254)) - client-43E682E1E07B->d5132e6f-def8-45c0-b0d2-c5ba43d86628: receive RaftClientReply:client-43E682E1E07B->d5132e6f-def8-45c0-b0d2-c5ba43d86628@group-C29775A8E805, cid=3936, SUCCESS, logIndex=6764, commits[d5132e6f-def8-45c0-b0d2-c5ba43d86628:c6764]
2019-06-13 22:27:07,136 INFO  client.GrpcClientProtocolClient (GrpcClientProtocolClient.java:onNext(254)) - client-43E682E1E07B->d5132e6f-def8-45c0-b0d2-c5ba43d86628: receive RaftClientReply:client-43E682E1E07B->d5132e6f-def8-45c0-b0d2-c5ba43d86628@group-C29775A8E805, cid=3937, SUCCESS, logIndex=6766, commits[d5132e6f-def8-45c0-b0d2-c5ba43d86628:c6766]
2019-06-13 22:27:07,138 INFO  client.GrpcClientProtocolClient (GrpcClientProtocolClient.java:onNext(254)) - client-43E682E1E07B->d5132e6f-def8-45c0-b0d2-c5ba43d86628: receive RaftClientReply:client-43E682E1E07B->d5132e6f-def8-45c0-b0d2-c5ba43d86628@group-C29775A8E805, cid=3938, SUCCESS, logIndex=6768, commits[d5132e6f-def8-45c0-b0d2-c5ba43d86628:c6770]
2019-06-13 22:27:07,141 INFO  client.GrpcClientProtocolClient (GrpcClientProtocolClient.java:onNext(254)) - client-43E682E1E07B->d5132e6f-def8-45c0-b0d2-c5ba43d86628: receive RaftClientReply:client-43E682E1E07B->d5132e6f-def8-45c0-b0d2-c5ba43d86628@group-C29775A8E805, cid=3939, SUCCESS, logIndex=6769, commits[d5132e6f-def8-45c0-b0d2-c5ba43d86628:c6770]
2019-06-13 22:27:07,142 INFO  client.GrpcClientProtocolClient (GrpcClientProtocolClient.java:onNext(254)) - client-43E682E1E07B->d5132e6f-def8-45c0-b0d2-c5ba43d86628: receive RaftClientReply:client-43E682E1E07B->d5132e6f-def8-45c0-b0d2-c5ba43d86628@group-C29775A8E805, cid=3940, SUCCESS, logIndex=6770, commits[d5132e6f-def8-45c0-b0d2-c5ba43d86628:c6770]
2019-06-13 22:27:07,150 INFO  client.GrpcClientProtocolClient (GrpcClientProtocolClient.java:onNext(254)) - client-43E682E1E07B->d5132e6f-def8-45c0-b0d2-c5ba43d86628: receive RaftClientReply:client-43E682E1E07B->d5132e6f-def8-45c0-b0d2-c5ba43d86628@group-C29775A8E805, cid=3941, SUCCESS, logIndex=6772, commits[d5132e6f-def8-45c0-b0d2-c5ba43d86628:c6772]
2019-06-13 22:27:07,152 INFO  client.GrpcClientProtocolClient (GrpcClientProtocolClient.java:onNext(254)) - client-43E682E1E07B->d5132e6f-def8-45c0-b0d2-c5ba43d86628: receive RaftClientReply:client-43E682E1E07B->d5132e6f-def8-45c0-b0d2-c5ba43d86628@group-C29775A8E805, cid=3942, SUCCESS, logIndex=6774, commits[d5132e6f-def8-45c0-b0d2-c5ba43d86628:c6774]
2019-06-13 22:27:07,153 INFO  client.GrpcClientProtocolClient (GrpcClientProtocolClient.java:onNext(254)) - client-43E682E1E07B->d5132e6f-def8-45c0-b0d2-c5ba43d86628: receive RaftClientReply:client-43E682E1E07B->d5132e6f-def8-45c0-b0d2-c5ba43d86628@group-C29775A8E805, cid=3943, SUCCESS, logIndex=6775, commits[d5132e6f-def8-45c0-b0d2-c5ba43d86628:c6776]
2019-06-13 22:27:07,153 INFO  client.GrpcClientProtocolClient (GrpcClientProtocolClient.java:onNext(254)) - client-43E682E1E07B->d5132e6f-def8-45c0-b0d2-c5ba43d86628: receive RaftClientReply:client-43E682E1E07B->d5132e6f-def8-45c0-b0d2-c5ba43d86628@group-C29775A8E805, cid=3944, SUCCESS, logIndex=6776, commits[d5132e6f-def8-45c0-b0d2-c5ba43d86628:c6776]
2019-06-13 22:27:07,157 DEBUG block.SCMBlockDeletingService (SCMBlockDeletingService.java:call(138)) - Running DeletedBlockTransactionScanner
2019-06-13 22:27:07,157 DEBUG block.SCMBlockDeletingService (SCMBlockDeletingService.java:call(155)) - Scanned deleted blocks log and got 0 delTX to process.
2019-06-13 22:27:07,168 INFO  client.GrpcClientProtocolClient (GrpcClientProtocolClient.java:onNext(254)) - client-43E682E1E07B->d5132e6f-def8-45c0-b0d2-c5ba43d86628: receive RaftClientReply:client-43E682E1E07B->d5132e6f-def8-45c0-b0d2-c5ba43d86628@group-C29775A8E805, cid=3945, SUCCESS, logIndex=6779, commits[d5132e6f-def8-45c0-b0d2-c5ba43d86628:c6779]
2019-06-13 22:27:07,176 INFO  client.GrpcClientProtocolClient (GrpcClientProtocolClient.java:onNext(254)) - client-43E682E1E07B->d5132e6f-def8-45c0-b0d2-c5ba43d86628: receive RaftClientReply:client-43E682E1E07B->d5132e6f-def8-45c0-b0d2-c5ba43d86628@group-C29775A8E805, cid=3946, SUCCESS, logIndex=6781, commits[d5132e6f-def8-45c0-b0d2-c5ba43d86628:c6781]
2019-06-13 22:27:07,176 INFO  client.GrpcClientProtocolClient (GrpcClientProtocolClient.java:onNext(254)) - client-43E682E1E07B->d5132e6f-def8-45c0-b0d2-c5ba43d86628: receive RaftClientReply:client-43E682E1E07B->d5132e6f-def8-45c0-b0d2-c5ba43d86628@group-C29775A8E805, cid=3947, SUCCESS, logIndex=6782, commits[d5132e6f-def8-45c0-b0d2-c5ba43d86628:c6785]
2019-06-13 22:27:07,176 INFO  client.GrpcClientProtocolClient (GrpcClientProtocolClient.java:onNext(254)) - client-43E682E1E07B->d5132e6f-def8-45c0-b0d2-c5ba43d86628: receive RaftClientReply:client-43E682E1E07B->d5132e6f-def8-45c0-b0d2-c5ba43d86628@group-C29775A8E805, cid=3948, SUCCESS, logIndex=6784, commits[d5132e6f-def8-45c0-b0d2-c5ba43d86628:c6785]
2019-06-13 22:27:07,186 INFO  client.GrpcClientProtocolClient (GrpcClientProtocolClient.java:onNext(254)) - client-43E682E1E07B->d5132e6f-def8-45c0-b0d2-c5ba43d86628: receive RaftClientReply:client-43E682E1E07B->d5132e6f-def8-45c0-b0d2-c5ba43d86628@group-C29775A8E805, cid=3949, SUCCESS, logIndex=6786, commits[d5132e6f-def8-45c0-b0d2-c5ba43d86628:c6786]
2019-06-13 22:27:07,187 INFO  client.GrpcClientProtocolClient (GrpcClientProtocolClient.java:onNext(254)) - client-43E682E1E07B->d5132e6f-def8-45c0-b0d2-c5ba43d86628: receive RaftClientReply:client-43E682E1E07B->d5132e6f-def8-45c0-b0d2-c5ba43d86628@group-C29775A8E805, cid=3950, SUCCESS, logIndex=6788, commits[d5132e6f-def8-45c0-b0d2-c5ba43d86628:c6788]
2019-06-13 22:27:07,188 INFO  client.GrpcClientProtocolClient (GrpcClientProtocolClient.java:onNext(254)) - client-43E682E1E07B->d5132e6f-def8-45c0-b0d2-c5ba43d86628: receive RaftClientReply:client-43E682E1E07B->d5132e6f-def8-45c0-b0d2-c5ba43d86628@group-C29775A8E805, cid=3951, SUCCESS, logIndex=6789, commits[d5132e6f-def8-45c0-b0d2-c5ba43d86628:c6791]
2019-06-13 22:27:07,189 INFO  client.GrpcClientProtocolClient (GrpcClientProtocolClient.java:onNext(254)) - client-43E682E1E07B->d5132e6f-def8-45c0-b0d2-c5ba43d86628: receive RaftClientReply:client-43E682E1E07B->d5132e6f-def8-45c0-b0d2-c5ba43d86628@group-C29775A8E805, cid=3952, SUCCESS, logIndex=6790, commits[d5132e6f-def8-45c0-b0d2-c5ba43d86628:c6791]
2019-06-13 22:27:07,204 INFO  client.GrpcClientProtocolClient (GrpcClientProtocolClient.java:onNext(254)) - client-43E682E1E07B->d5132e6f-def8-45c0-b0d2-c5ba43d86628: receive RaftClientReply:client-43E682E1E07B->d5132e6f-def8-45c0-b0d2-c5ba43d86628@group-C29775A8E805, cid=3953, SUCCESS, logIndex=6792, commits[d5132e6f-def8-45c0-b0d2-c5ba43d86628:c6792]
2019-06-13 22:27:07,206 INFO  client.GrpcClientProtocolClient (GrpcClientProtocolClient.java:onNext(254)) - client-43E682E1E07B->d5132e6f-def8-45c0-b0d2-c5ba43d86628: receive RaftClientReply:client-43E682E1E07B->d5132e6f-def8-45c0-b0d2-c5ba43d86628@group-C29775A8E805, cid=3954, SUCCESS, logIndex=6794, commits[d5132e6f-def8-45c0-b0d2-c5ba43d86628:c6794]
2019-06-13 22:27:07,207 INFO  client.GrpcClientProtocolClient (GrpcClientProtocolClient.java:onNext(254)) - client-43E682E1E07B->d5132e6f-def8-45c0-b0d2-c5ba43d86628: receive RaftClientReply:client-43E682E1E07B->d5132e6f-def8-45c0-b0d2-c5ba43d86628@group-C29775A8E805, cid=3955, SUCCESS, logIndex=6795, commits[d5132e6f-def8-45c0-b0d2-c5ba43d86628:c6795]
2019-06-13 22:27:07,208 INFO  client.GrpcClientProtocolClient (GrpcClientProtocolClient.java:onNext(254)) - client-43E682E1E07B->d5132e6f-def8-45c0-b0d2-c5ba43d86628: receive RaftClientReply:client-43E682E1E07B->d5132e6f-def8-45c0-b0d2-c5ba43d86628@group-C29775A8E805, cid=3956, SUCCESS, logIndex=6797, commits[d5132e6f-def8-45c0-b0d2-c5ba43d86628:c6797]
2019-06-13 22:27:07,217 INFO  client.GrpcClientProtocolClient (GrpcClientProtocolClient.java:onNext(254)) - client-43E682E1E07B->d5132e6f-def8-45c0-b0d2-c5ba43d86628: receive RaftClientReply:client-43E682E1E07B->d5132e6f-def8-45c0-b0d2-c5ba43d86628@group-C29775A8E805, cid=3957, SUCCESS, logIndex=6800, commits[d5132e6f-def8-45c0-b0d2-c5ba43d86628:c6800]
2019-06-13 22:27:07,218 INFO  client.GrpcClientProtocolClient (GrpcClientProtocolClient.java:onNext(254)) - client-43E682E1E07B->d5132e6f-def8-45c0-b0d2-c5ba43d86628: receive RaftClientReply:client-43E682E1E07B->d5132e6f-def8-45c0-b0d2-c5ba43d86628@group-C29775A8E805, cid=3958, SUCCESS, logIndex=6802, commits[d5132e6f-def8-45c0-b0d2-c5ba43d86628:c6802]
2019-06-13 22:27:07,220 INFO  client.GrpcClientProtocolClient (GrpcClientProtocolClient.java:onNext(254)) - client-43E682E1E07B->d5132e6f-def8-45c0-b0d2-c5ba43d86628: receive RaftClientReply:client-43E682E1E07B->d5132e6f-def8-45c0-b0d2-c5ba43d86628@group-C29775A8E805, cid=3959, SUCCESS, logIndex=6804, commits[d5132e6f-def8-45c0-b0d2-c5ba43d86628:c6804]
2019-06-13 22:27:07,221 INFO  client.GrpcClientProtocolClient (GrpcClientProtocolClient.java:onNext(254)) - client-43E682E1E07B->d5132e6f-def8-45c0-b0d2-c5ba43d86628: receive RaftClientReply:client-43E682E1E07B->d5132e6f-def8-45c0-b0d2-c5ba43d86628@group-C29775A8E805, cid=3960, SUCCESS, logIndex=6805, commits[d5132e6f-def8-45c0-b0d2-c5ba43d86628:c6805]
2019-06-13 22:27:07,236 INFO  client.GrpcClientProtocolClient (GrpcClientProtocolClient.java:onNext(254)) - client-43E682E1E07B->d5132e6f-def8-45c0-b0d2-c5ba43d86628: receive RaftClientReply:client-43E682E1E07B->d5132e6f-def8-45c0-b0d2-c5ba43d86628@group-C29775A8E805, cid=3961, SUCCESS, logIndex=6808, commits[d5132e6f-def8-45c0-b0d2-c5ba43d86628:c6808]
2019-06-13 22:27:07,239 INFO  client.GrpcClientProtocolClient (GrpcClientProtocolClient.java:onNext(254)) - client-43E682E1E07B->d5132e6f-def8-45c0-b0d2-c5ba43d86628: receive RaftClientReply:client-43E682E1E07B->d5132e6f-def8-45c0-b0d2-c5ba43d86628@group-C29775A8E805, cid=3962, SUCCESS, logIndex=6810, commits[d5132e6f-def8-45c0-b0d2-c5ba43d86628:c6810]
2019-06-13 22:27:07,242 INFO  client.GrpcClientProtocolClient (GrpcClientProtocolClient.java:onNext(254)) - client-43E682E1E07B->d5132e6f-def8-45c0-b0d2-c5ba43d86628: receive RaftClientReply:client-43E682E1E07B->d5132e6f-def8-45c0-b0d2-c5ba43d86628@group-C29775A8E805, cid=3963, SUCCESS, logIndex=6812, commits[d5132e6f-def8-45c0-b0d2-c5ba43d86628:c6812]
2019-06-13 22:27:07,242 INFO  client.GrpcClientProtocolClient (GrpcClientProtocolClient.java:onNext(254)) - client-43E682E1E07B->d5132e6f-def8-45c0-b0d2-c5ba43d86628: receive RaftClientReply:client-43E682E1E07B->d5132e6f-def8-45c0-b0d2-c5ba43d86628@group-C29775A8E805, cid=3964, SUCCESS, logIndex=6813, commits[d5132e6f-def8-45c0-b0d2-c5ba43d86628:c6814]
2019-06-13 22:27:07,249 INFO  client.GrpcClientProtocolClient (GrpcClientProtocolClient.java:onNext(254)) - client-43E682E1E07B->d5132e6f-def8-45c0-b0d2-c5ba43d86628: receive RaftClientReply:client-43E682E1E07B->d5132e6f-def8-45c0-b0d2-c5ba43d86628@group-C29775A8E805, cid=3965, SUCCESS, logIndex=6815, commits[d5132e6f-def8-45c0-b0d2-c5ba43d86628:c6815]
2019-06-13 22:27:07,251 INFO  client.GrpcClientProtocolClient (GrpcClientProtocolClient.java:onNext(254)) - client-43E682E1E07B->d5132e6f-def8-45c0-b0d2-c5ba43d86628: receive RaftClientReply:client-43E682E1E07B->d5132e6f-def8-45c0-b0d2-c5ba43d86628@group-C29775A8E805, cid=3966, SUCCESS, logIndex=6817, commits[d5132e6f-def8-45c0-b0d2-c5ba43d86628:c6817]
2019-06-13 22:27:07,253 INFO  client.GrpcClientProtocolClient (GrpcClientProtocolClient.java:onNext(254)) - client-43E682E1E07B->d5132e6f-def8-45c0-b0d2-c5ba43d86628: receive RaftClientReply:client-43E682E1E07B->d5132e6f-def8-45c0-b0d2-c5ba43d86628@group-C29775A8E805, cid=3967, SUCCESS, logIndex=6819, commits[d5132e6f-def8-45c0-b0d2-c5ba43d86628:c6819]
2019-06-13 22:27:07,254 INFO  client.GrpcClientProtocolClient (GrpcClientProtocolClient.java:onNext(254)) - client-43E682E1E07B->d5132e6f-def8-45c0-b0d2-c5ba43d86628: receive RaftClientReply:client-43E682E1E07B->d5132e6f-def8-45c0-b0d2-c5ba43d86628@group-C29775A8E805, cid=3968, SUCCESS, logIndex=6821, commits[d5132e6f-def8-45c0-b0d2-c5ba43d86628:c6821]
2019-06-13 22:27:07,257 DEBUG block.SCMBlockDeletingService (SCMBlockDeletingService.java:call(138)) - Running DeletedBlockTransactionScanner
2019-06-13 22:27:07,257 DEBUG block.SCMBlockDeletingService (SCMBlockDeletingService.java:call(155)) - Scanned deleted blocks log and got 0 delTX to process.
2019-06-13 22:27:07,269 INFO  client.GrpcClientProtocolClient (GrpcClientProtocolClient.java:onNext(254)) - client-43E682E1E07B->d5132e6f-def8-45c0-b0d2-c5ba43d86628: receive RaftClientReply:client-43E682E1E07B->d5132e6f-def8-45c0-b0d2-c5ba43d86628@group-C29775A8E805, cid=3969, SUCCESS, logIndex=6823, commits[d5132e6f-def8-45c0-b0d2-c5ba43d86628:c6823]
2019-06-13 22:27:07,270 INFO  client.GrpcClientProtocolClient (GrpcClientProtocolClient.java:onNext(254)) - client-43E682E1E07B->d5132e6f-def8-45c0-b0d2-c5ba43d86628: receive RaftClientReply:client-43E682E1E07B->d5132e6f-def8-45c0-b0d2-c5ba43d86628@group-C29775A8E805, cid=3970, SUCCESS, logIndex=6825, commits[d5132e6f-def8-45c0-b0d2-c5ba43d86628:c6825]
2019-06-13 22:27:07,273 INFO  client.GrpcClientProtocolClient (GrpcClientProtocolClient.java:onNext(254)) - client-43E682E1E07B->d5132e6f-def8-45c0-b0d2-c5ba43d86628: receive RaftClientReply:client-43E682E1E07B->d5132e6f-def8-45c0-b0d2-c5ba43d86628@group-C29775A8E805, cid=3971, SUCCESS, logIndex=6827, commits[d5132e6f-def8-45c0-b0d2-c5ba43d86628:c6828]
2019-06-13 22:27:07,273 INFO  client.GrpcClientProtocolClient (GrpcClientProtocolClient.java:onNext(254)) - client-43E682E1E07B->d5132e6f-def8-45c0-b0d2-c5ba43d86628: receive RaftClientReply:client-43E682E1E07B->d5132e6f-def8-45c0-b0d2-c5ba43d86628@group-C29775A8E805, cid=3972, SUCCESS, logIndex=6828, commits[d5132e6f-def8-45c0-b0d2-c5ba43d86628:c6828]
2019-06-13 22:27:07,279 INFO  client.GrpcClientProtocolClient (GrpcClientProtocolClient.java:onNext(254)) - client-43E682E1E07B->d5132e6f-def8-45c0-b0d2-c5ba43d86628: receive RaftClientReply:client-43E682E1E07B->d5132e6f-def8-45c0-b0d2-c5ba43d86628@group-C29775A8E805, cid=3973, SUCCESS, logIndex=6830, commits[d5132e6f-def8-45c0-b0d2-c5ba43d86628:c6830]
2019-06-13 22:27:07,280 INFO  storage.RaftLogWorker (RaftLogWorker.java:rollLogSegment(303)) - d5132e6f-def8-45c0-b0d2-c5ba43d86628-RaftLogWorker: Rolling segment log-6760_6834 to index:6834
2019-06-13 22:27:07,281 INFO  storage.RaftLogWorker (RaftLogWorker.java:execute(433)) - d5132e6f-def8-45c0-b0d2-c5ba43d86628-RaftLogWorker: Rolled log segment from /opt/src/hadoop-ozone/integration-test/target/test-dir/MiniOzoneClusterImpl-e9ea07bb-4900-4b53-96c1-68f0ab556a80/datanode-0/data/ratis/c7035dd3-cd4a-42fb-880d-c29775a8e805/current/log_inprogress_6760 to /opt/src/hadoop-ozone/integration-test/target/test-dir/MiniOzoneClusterImpl-e9ea07bb-4900-4b53-96c1-68f0ab556a80/datanode-0/data/ratis/c7035dd3-cd4a-42fb-880d-c29775a8e805/current/log_6760-6834
2019-06-13 22:27:07,281 INFO  client.GrpcClientProtocolClient (GrpcClientProtocolClient.java:onNext(254)) - client-43E682E1E07B->d5132e6f-def8-45c0-b0d2-c5ba43d86628: receive RaftClientReply:client-43E682E1E07B->d5132e6f-def8-45c0-b0d2-c5ba43d86628@group-C29775A8E805, cid=3974, SUCCESS, logIndex=6832, commits[d5132e6f-def8-45c0-b0d2-c5ba43d86628:c6832]
2019-06-13 22:27:07,291 INFO  client.GrpcClientProtocolClient (GrpcClientProtocolClient.java:onNext(254)) - client-43E682E1E07B->d5132e6f-def8-45c0-b0d2-c5ba43d86628: receive RaftClientReply:client-43E682E1E07B->d5132e6f-def8-45c0-b0d2-c5ba43d86628@group-C29775A8E805, cid=3975, SUCCESS, logIndex=6833, commits[d5132e6f-def8-45c0-b0d2-c5ba43d86628:c6833]
2019-06-13 22:27:07,319 INFO  storage.RaftLogWorker (RaftLogWorker.java:execute(469)) - d5132e6f-def8-45c0-b0d2-c5ba43d86628-RaftLogWorker: created new log segment /opt/src/hadoop-ozone/integration-test/target/test-dir/MiniOzoneClusterImpl-e9ea07bb-4900-4b53-96c1-68f0ab556a80/datanode-0/data/ratis/c7035dd3-cd4a-42fb-880d-c29775a8e805/current/log_inprogress_6835
2019-06-13 22:27:07,320 INFO  client.GrpcClientProtocolClient (GrpcClientProtocolClient.java:onNext(254)) - client-43E682E1E07B->d5132e6f-def8-45c0-b0d2-c5ba43d86628: receive RaftClientReply:client-43E682E1E07B->d5132e6f-def8-45c0-b0d2-c5ba43d86628@group-C29775A8E805, cid=3976, SUCCESS, logIndex=6835, commits[d5132e6f-def8-45c0-b0d2-c5ba43d86628:c6836]
2019-06-13 22:27:07,331 INFO  client.GrpcClientProtocolClient (GrpcClientProtocolClient.java:onNext(254)) - client-43E682E1E07B->d5132e6f-def8-45c0-b0d2-c5ba43d86628: receive RaftClientReply:client-43E682E1E07B->d5132e6f-def8-45c0-b0d2-c5ba43d86628@group-C29775A8E805, cid=3977, SUCCESS, logIndex=6837, commits[d5132e6f-def8-45c0-b0d2-c5ba43d86628:c6837]
2019-06-13 22:27:07,333 INFO  client.GrpcClientProtocolClient (GrpcClientProtocolClient.java:onNext(254)) - client-43E682E1E07B->d5132e6f-def8-45c0-b0d2-c5ba43d86628: receive RaftClientReply:client-43E682E1E07B->d5132e6f-def8-45c0-b0d2-c5ba43d86628@group-C29775A8E805, cid=3978, SUCCESS, logIndex=6839, commits[d5132e6f-def8-45c0-b0d2-c5ba43d86628:c6839]
2019-06-13 22:27:07,358 DEBUG block.SCMBlockDeletingService (SCMBlockDeletingService.java:call(138)) - Running DeletedBlockTransactionScanner
2019-06-13 22:27:07,358 DEBUG block.SCMBlockDeletingService (SCMBlockDeletingService.java:call(155)) - Scanned deleted blocks log and got 0 delTX to process.
2019-06-13 22:27:07,650 DEBUG block.SCMBlockDeletingService (SCMBlockDeletingService.java:call(138)) - Running DeletedBlockTransactionScanner
2019-06-13 22:27:07,650 DEBUG block.SCMBlockDeletingService (SCMBlockDeletingService.java:call(155)) - Scanned deleted blocks log and got 0 delTX to process.
2019-06-13 22:27:07,664 INFO  client.GrpcClientProtocolClient (GrpcClientProtocolClient.java:onNext(254)) - client-43E682E1E07B->d5132e6f-def8-45c0-b0d2-c5ba43d86628: receive RaftClientReply:client-43E682E1E07B->d5132e6f-def8-45c0-b0d2-c5ba43d86628@group-C29775A8E805, cid=3979, SUCCESS, logIndex=6841, commits[d5132e6f-def8-45c0-b0d2-c5ba43d86628:c6841]
2019-06-13 22:27:07,665 INFO  client.GrpcClientProtocolClient (GrpcClientProtocolClient.java:onNext(254)) - client-43E682E1E07B->d5132e6f-def8-45c0-b0d2-c5ba43d86628: receive RaftClientReply:client-43E682E1E07B->d5132e6f-def8-45c0-b0d2-c5ba43d86628@group-C29775A8E805, cid=3980, SUCCESS, logIndex=6843, commits[d5132e6f-def8-45c0-b0d2-c5ba43d86628:c6843]
2019-06-13 22:27:07,672 INFO  client.GrpcClientProtocolClient (GrpcClientProtocolClient.java:onNext(254)) - client-43E682E1E07B->d5132e6f-def8-45c0-b0d2-c5ba43d86628: receive RaftClientReply:client-43E682E1E07B->d5132e6f-def8-45c0-b0d2-c5ba43d86628@group-C29775A8E805, cid=3981, SUCCESS, logIndex=6845, commits[d5132e6f-def8-45c0-b0d2-c5ba43d86628:c6845]
2019-06-13 22:27:07,674 INFO  client.GrpcClientProtocolClient (GrpcClientProtocolClient.java:onNext(254)) - client-43E682E1E07B->d5132e6f-def8-45c0-b0d2-c5ba43d86628: receive RaftClientReply:client-43E682E1E07B->d5132e6f-def8-45c0-b0d2-c5ba43d86628@group-C29775A8E805, cid=3982, SUCCESS, logIndex=6847, commits[d5132e6f-def8-45c0-b0d2-c5ba43d86628:c6847]
2019-06-13 22:27:07,675 INFO  client.GrpcClientProtocolClient (GrpcClientProtocolClient.java:onNext(254)) - client-43E682E1E07B->d5132e6f-def8-45c0-b0d2-c5ba43d86628: receive RaftClientReply:client-43E682E1E07B->d5132e6f-def8-45c0-b0d2-c5ba43d86628@group-C29775A8E805, cid=3983, SUCCESS, logIndex=6848, commits[d5132e6f-def8-45c0-b0d2-c5ba43d86628:c6850]
2019-06-13 22:27:07,675 INFO  client.GrpcClientProtocolClient (GrpcClientProtocolClient.java:onNext(254)) - client-43E682E1E07B->d5132e6f-def8-45c0-b0d2-c5ba43d86628: receive RaftClientReply:client-43E682E1E07B->d5132e6f-def8-45c0-b0d2-c5ba43d86628@group-C29775A8E805, cid=3984, SUCCESS, logIndex=6849, commits[d5132e6f-def8-45c0-b0d2-c5ba43d86628:c6850]
2019-06-13 22:27:07,686 INFO  client.GrpcClientProtocolClient (GrpcClientProtocolClient.java:onNext(254)) - client-43E682E1E07B->d5132e6f-def8-45c0-b0d2-c5ba43d86628: receive RaftClientReply:client-43E682E1E07B->d5132e6f-def8-45c0-b0d2-c5ba43d86628@group-C29775A8E805, cid=3985, SUCCESS, logIndex=6851, commits[d5132e6f-def8-45c0-b0d2-c5ba43d86628:c6851]
2019-06-13 22:27:07,688 INFO  client.GrpcClientProtocolClient (GrpcClientProtocolClient.java:onNext(254)) - client-43E682E1E07B->d5132e6f-def8-45c0-b0d2-c5ba43d86628: receive RaftClientReply:client-43E682E1E07B->d5132e6f-def8-45c0-b0d2-c5ba43d86628@group-C29775A8E805, cid=3986, SUCCESS, logIndex=6853, commits[d5132e6f-def8-45c0-b0d2-c5ba43d86628:c6853]
2019-06-13 22:27:07,689 INFO  client.GrpcClientProtocolClient (GrpcClientProtocolClient.java:onNext(254)) - client-43E682E1E07B->d5132e6f-def8-45c0-b0d2-c5ba43d86628: receive RaftClientReply:client-43E682E1E07B->d5132e6f-def8-45c0-b0d2-c5ba43d86628@group-C29775A8E805, cid=3987, SUCCESS, logIndex=6854, commits[d5132e6f-def8-45c0-b0d2-c5ba43d86628:c6855]
2019-06-13 22:27:07,689 INFO  client.GrpcClientProtocolClient (GrpcClientProtocolClient.java:onNext(254)) - client-43E682E1E07B->d5132e6f-def8-45c0-b0d2-c5ba43d86628: receive RaftClientReply:client-43E682E1E07B->d5132e6f-def8-45c0-b0d2-c5ba43d86628@group-C29775A8E805, cid=3988, SUCCESS, logIndex=6855, commits[d5132e6f-def8-45c0-b0d2-c5ba43d86628:c6855]
2019-06-13 22:27:07,696 INFO  client.GrpcClientProtocolClient (GrpcClientProtocolClient.java:onNext(254)) - client-43E682E1E07B->d5132e6f-def8-45c0-b0d2-c5ba43d86628: receive RaftClientReply:client-43E682E1E07B->d5132e6f-def8-45c0-b0d2-c5ba43d86628@group-C29775A8E805, cid=3989, SUCCESS, logIndex=6858, commits[d5132e6f-def8-45c0-b0d2-c5ba43d86628:c6858]
2019-06-13 22:27:07,697 INFO  client.GrpcClientProtocolClient (GrpcClientProtocolClient.java:onNext(254)) - client-43E682E1E07B->d5132e6f-def8-45c0-b0d2-c5ba43d86628: receive RaftClientReply:client-43E682E1E07B->d5132e6f-def8-45c0-b0d2-c5ba43d86628@group-C29775A8E805, cid=3990, SUCCESS, logIndex=6860, commits[d5132e6f-def8-45c0-b0d2-c5ba43d86628:c6860]
2019-06-13 22:27:07,698 INFO  client.GrpcClientProtocolClient (GrpcClientProtocolClient.java:onNext(254)) - client-43E682E1E07B->d5132e6f-def8-45c0-b0d2-c5ba43d86628: receive RaftClientReply:client-43E682E1E07B->d5132e6f-def8-45c0-b0d2-c5ba43d86628@group-C29775A8E805, cid=3991, SUCCESS, logIndex=6861, commits[d5132e6f-def8-45c0-b0d2-c5ba43d86628:c6863]
2019-06-13 22:27:07,698 INFO  client.GrpcClientProtocolClient (GrpcClientProtocolClient.java:onNext(254)) - client-43E682E1E07B->d5132e6f-def8-45c0-b0d2-c5ba43d86628: receive RaftClientReply:client-43E682E1E07B->d5132e6f-def8-45c0-b0d2-c5ba43d86628@group-C29775A8E805, cid=3992, SUCCESS, logIndex=6862, commits[d5132e6f-def8-45c0-b0d2-c5ba43d86628:c6863]
2019-06-13 22:27:07,713 INFO  client.GrpcClientProtocolClient (GrpcClientProtocolClient.java:onNext(254)) - client-43E682E1E07B->d5132e6f-def8-45c0-b0d2-c5ba43d86628: receive RaftClientReply:client-43E682E1E07B->d5132e6f-def8-45c0-b0d2-c5ba43d86628@group-C29775A8E805, cid=3993, SUCCESS, logIndex=6864, commits[d5132e6f-def8-45c0-b0d2-c5ba43d86628:c6864]
2019-06-13 22:27:07,715 INFO  client.GrpcClientProtocolClient (GrpcClientProtocolClient.java:onNext(254)) - client-43E682E1E07B->d5132e6f-def8-45c0-b0d2-c5ba43d86628: receive RaftClientReply:client-43E682E1E07B->d5132e6f-def8-45c0-b0d2-c5ba43d86628@group-C29775A8E805, cid=3994, SUCCESS, logIndex=6866, commits[d5132e6f-def8-45c0-b0d2-c5ba43d86628:c6866]
2019-06-13 22:27:07,716 INFO  client.GrpcClientProtocolClient (GrpcClientProtocolClient.java:onNext(254)) - client-43E682E1E07B->d5132e6f-def8-45c0-b0d2-c5ba43d86628: receive RaftClientReply:client-43E682E1E07B->d5132e6f-def8-45c0-b0d2-c5ba43d86628@group-C29775A8E805, cid=3995, SUCCESS, logIndex=6867, commits[d5132e6f-def8-45c0-b0d2-c5ba43d86628:c6868]
2019-06-13 22:27:07,716 INFO  client.GrpcClientProtocolClient (GrpcClientProtocolClient.java:onNext(254)) - client-43E682E1E07B->d5132e6f-def8-45c0-b0d2-c5ba43d86628: receive RaftClientReply:client-43E682E1E07B->d5132e6f-def8-45c0-b0d2-c5ba43d86628@group-C29775A8E805, cid=3996, SUCCESS, logIndex=6868, commits[d5132e6f-def8-45c0-b0d2-c5ba43d86628:c6869]
2019-06-13 22:27:07,722 INFO  client.GrpcClientProtocolClient (GrpcClientProtocolClient.java:onNext(254)) - client-43E682E1E07B->d5132e6f-def8-45c0-b0d2-c5ba43d86628: receive RaftClientReply:client-43E682E1E07B->d5132e6f-def8-45c0-b0d2-c5ba43d86628@group-C29775A8E805, cid=3997, SUCCESS, logIndex=6871, commits[d5132e6f-def8-45c0-b0d2-c5ba43d86628:c6871]
2019-06-13 22:27:07,723 INFO  client.GrpcClientProtocolClient (GrpcClientProtocolClient.java:onNext(254)) - client-43E682E1E07B->d5132e6f-def8-45c0-b0d2-c5ba43d86628: receive RaftClientReply:client-43E682E1E07B->d5132e6f-def8-45c0-b0d2-c5ba43d86628@group-C29775A8E805, cid=3998, SUCCESS, logIndex=6873, commits[d5132e6f-def8-45c0-b0d2-c5ba43d86628:c6873]
2019-06-13 22:27:07,724 INFO  client.GrpcClientProtocolClient (GrpcClientProtocolClient.java:onNext(254)) - client-43E682E1E07B->d5132e6f-def8-45c0-b0d2-c5ba43d86628: receive RaftClientReply:client-43E682E1E07B->d5132e6f-def8-45c0-b0d2-c5ba43d86628@group-C29775A8E805, cid=3999, SUCCESS, logIndex=6874, commits[d5132e6f-def8-45c0-b0d2-c5ba43d86628:c6875]
2019-06-13 22:27:07,724 INFO  client.GrpcClientProtocolClient (GrpcClientProtocolClient.java:onNext(254)) - client-43E682E1E07B->d5132e6f-def8-45c0-b0d2-c5ba43d86628: receive RaftClientReply:client-43E682E1E07B->d5132e6f-def8-45c0-b0d2-c5ba43d86628@group-C29775A8E805, cid=4000, SUCCESS, logIndex=6875, commits[d5132e6f-def8-45c0-b0d2-c5ba43d86628:c6875]
2019-06-13 22:27:07,746 INFO  client.GrpcClientProtocolClient (GrpcClientProtocolClient.java:onNext(254)) - client-43E682E1E07B->d5132e6f-def8-45c0-b0d2-c5ba43d86628: receive RaftClientReply:client-43E682E1E07B->d5132e6f-def8-45c0-b0d2-c5ba43d86628@group-C29775A8E805, cid=4001, SUCCESS, logIndex=6878, commits[d5132e6f-def8-45c0-b0d2-c5ba43d86628:c6878]
2019-06-13 22:27:07,746 INFO  client.GrpcClientProtocolClient (GrpcClientProtocolClient.java:onNext(254)) - client-43E682E1E07B->d5132e6f-def8-45c0-b0d2-c5ba43d86628: receive RaftClientReply:client-43E682E1E07B->d5132e6f-def8-45c0-b0d2-c5ba43d86628@group-C29775A8E805, cid=4002, SUCCESS, logIndex=6880, commits[d5132e6f-def8-45c0-b0d2-c5ba43d86628:c6880]
2019-06-13 22:27:07,746 INFO  client.GrpcClientProtocolClient (GrpcClientProtocolClient.java:onNext(254)) - client-43E682E1E07B->d5132e6f-def8-45c0-b0d2-c5ba43d86628: receive RaftClientReply:client-43E682E1E07B->d5132e6f-def8-45c0-b0d2-c5ba43d86628@group-C29775A8E805, cid=4003, SUCCESS, logIndex=6881, commits[d5132e6f-def8-45c0-b0d2-c5ba43d86628:c6881]
2019-06-13 22:27:07,750 INFO  client.GrpcClientProtocolClient (GrpcClientProtocolClient.java:onNext(254)) - client-43E682E1E07B->d5132e6f-def8-45c0-b0d2-c5ba43d86628: receive RaftClientReply:client-43E682E1E07B->d5132e6f-def8-45c0-b0d2-c5ba43d86628@group-C29775A8E805, cid=4004, SUCCESS, logIndex=6884, commits[d5132e6f-def8-45c0-b0d2-c5ba43d86628:c6884]
2019-06-13 22:27:07,754 DEBUG block.SCMBlockDeletingService (SCMBlockDeletingService.java:call(138)) - Running DeletedBlockTransactionScanner
2019-06-13 22:27:07,754 DEBUG block.SCMBlockDeletingService (SCMBlockDeletingService.java:call(155)) - Scanned deleted blocks log and got 0 delTX to process.
2019-06-13 22:27:07,760 INFO  client.GrpcClientProtocolClient (GrpcClientProtocolClient.java:onNext(254)) - client-43E682E1E07B->d5132e6f-def8-45c0-b0d2-c5ba43d86628: receive RaftClientReply:client-43E682E1E07B->d5132e6f-def8-45c0-b0d2-c5ba43d86628@group-C29775A8E805, cid=4005, SUCCESS, logIndex=6886, commits[d5132e6f-def8-45c0-b0d2-c5ba43d86628:c6886]
2019-06-13 22:27:07,763 INFO  client.GrpcClientProtocolClient (GrpcClientProtocolClient.java:onNext(254)) - client-43E682E1E07B->d5132e6f-def8-45c0-b0d2-c5ba43d86628: receive RaftClientReply:client-43E682E1E07B->d5132e6f-def8-45c0-b0d2-c5ba43d86628@group-C29775A8E805, cid=4006, SUCCESS, logIndex=6888, commits[d5132e6f-def8-45c0-b0d2-c5ba43d86628:c6888]
2019-06-13 22:27:07,768 INFO  client.GrpcClientProtocolClient (GrpcClientProtocolClient.java:onNext(254)) - client-43E682E1E07B->d5132e6f-def8-45c0-b0d2-c5ba43d86628: receive RaftClientReply:client-43E682E1E07B->d5132e6f-def8-45c0-b0d2-c5ba43d86628@group-C29775A8E805, cid=4007, SUCCESS, logIndex=6889, commits[d5132e6f-def8-45c0-b0d2-c5ba43d86628:c6890]
2019-06-13 22:27:07,768 INFO  client.GrpcClientProtocolClient (GrpcClientProtocolClient.java:onNext(254)) - client-43E682E1E07B->d5132e6f-def8-45c0-b0d2-c5ba43d86628: receive RaftClientReply:client-43E682E1E07B->d5132e6f-def8-45c0-b0d2-c5ba43d86628@group-C29775A8E805, cid=4008, SUCCESS, logIndex=6890, commits[d5132e6f-def8-45c0-b0d2-c5ba43d86628:c6890]
2019-06-13 22:27:07,783 INFO  client.GrpcClientProtocolClient (GrpcClientProtocolClient.java:onNext(254)) - client-43E682E1E07B->d5132e6f-def8-45c0-b0d2-c5ba43d86628: receive RaftClientReply:client-43E682E1E07B->d5132e6f-def8-45c0-b0d2-c5ba43d86628@group-C29775A8E805, cid=4009, SUCCESS, logIndex=6893, commits[d5132e6f-def8-45c0-b0d2-c5ba43d86628:c6893]
2019-06-13 22:27:07,784 INFO  client.GrpcClientProtocolClient (GrpcClientProtocolClient.java:onNext(254)) - client-43E682E1E07B->d5132e6f-def8-45c0-b0d2-c5ba43d86628: receive RaftClientReply:client-43E682E1E07B->d5132e6f-def8-45c0-b0d2-c5ba43d86628@group-C29775A8E805, cid=4010, SUCCESS, logIndex=6895, commits[d5132e6f-def8-45c0-b0d2-c5ba43d86628:c6895]
2019-06-13 22:27:07,790 INFO  client.GrpcClientProtocolClient (GrpcClientProtocolClient.java:onNext(254)) - client-43E682E1E07B->d5132e6f-def8-45c0-b0d2-c5ba43d86628: receive RaftClientReply:client-43E682E1E07B->d5132e6f-def8-45c0-b0d2-c5ba43d86628@group-C29775A8E805, cid=4011, SUCCESS, logIndex=6897, commits[d5132e6f-def8-45c0-b0d2-c5ba43d86628:c6898]
2019-06-13 22:27:07,790 INFO  client.GrpcClientProtocolClient (GrpcClientProtocolClient.java:onNext(254)) - client-43E682E1E07B->d5132e6f-def8-45c0-b0d2-c5ba43d86628: receive RaftClientReply:client-43E682E1E07B->d5132e6f-def8-45c0-b0d2-c5ba43d86628@group-C29775A8E805, cid=4012, SUCCESS, logIndex=6898, commits[d5132e6f-def8-45c0-b0d2-c5ba43d86628:c6899]
2019-06-13 22:27:07,798 INFO  client.GrpcClientProtocolClient (GrpcClientProtocolClient.java:onNext(254)) - client-43E682E1E07B->d5132e6f-def8-45c0-b0d2-c5ba43d86628: receive RaftClientReply:client-43E682E1E07B->d5132e6f-def8-45c0-b0d2-c5ba43d86628@group-C29775A8E805, cid=4013, SUCCESS, logIndex=6900, commits[d5132e6f-def8-45c0-b0d2-c5ba43d86628:c6900]
2019-06-13 22:27:07,799 INFO  client.GrpcClientProtocolClient (GrpcClientProtocolClient.java:onNext(254)) - client-43E682E1E07B->d5132e6f-def8-45c0-b0d2-c5ba43d86628: receive RaftClientReply:client-43E682E1E07B->d5132e6f-def8-45c0-b0d2-c5ba43d86628@group-C29775A8E805, cid=4014, SUCCESS, logIndex=6902, commits[d5132e6f-def8-45c0-b0d2-c5ba43d86628:c6902]
2019-06-13 22:27:07,802 INFO  client.GrpcClientProtocolClient (GrpcClientProtocolClient.java:onNext(254)) - client-43E682E1E07B->d5132e6f-def8-45c0-b0d2-c5ba43d86628: receive RaftClientReply:client-43E682E1E07B->d5132e6f-def8-45c0-b0d2-c5ba43d86628@group-C29775A8E805, cid=4015, SUCCESS, logIndex=6904, commits[d5132e6f-def8-45c0-b0d2-c5ba43d86628:c6905]
2019-06-13 22:27:07,810 INFO  client.GrpcClientProtocolClient (GrpcClientProtocolClient.java:onNext(254)) - client-43E682E1E07B->d5132e6f-def8-45c0-b0d2-c5ba43d86628: receive RaftClientReply:client-43E682E1E07B->d5132e6f-def8-45c0-b0d2-c5ba43d86628@group-C29775A8E805, cid=4016, SUCCESS, logIndex=6905, commits[d5132e6f-def8-45c0-b0d2-c5ba43d86628:c6906]
2019-06-13 22:27:07,825 INFO  client.GrpcClientProtocolClient (GrpcClientProtocolClient.java:onNext(254)) - client-43E682E1E07B->d5132e6f-def8-45c0-b0d2-c5ba43d86628: receive RaftClientReply:client-43E682E1E07B->d5132e6f-def8-45c0-b0d2-c5ba43d86628@group-C29775A8E805, cid=4017, SUCCESS, logIndex=6907, commits[d5132e6f-def8-45c0-b0d2-c5ba43d86628:c6907]
2019-06-13 22:27:07,826 INFO  client.GrpcClientProtocolClient (GrpcClientProtocolClient.java:onNext(254)) - client-43E682E1E07B->d5132e6f-def8-45c0-b0d2-c5ba43d86628: receive RaftClientReply:client-43E682E1E07B->d5132e6f-def8-45c0-b0d2-c5ba43d86628@group-C29775A8E805, cid=4018, SUCCESS, logIndex=6909, commits[d5132e6f-def8-45c0-b0d2-c5ba43d86628:c6909]
2019-06-13 22:27:07,826 INFO  storage.RaftLogWorker (RaftLogWorker.java:rollLogSegment(303)) - d5132e6f-def8-45c0-b0d2-c5ba43d86628-RaftLogWorker: Rolling segment log-6835_6910 to index:6910
2019-06-13 22:27:07,827 INFO  storage.RaftLogWorker (RaftLogWorker.java:execute(433)) - d5132e6f-def8-45c0-b0d2-c5ba43d86628-RaftLogWorker: Rolled log segment from /opt/src/hadoop-ozone/integration-test/target/test-dir/MiniOzoneClusterImpl-e9ea07bb-4900-4b53-96c1-68f0ab556a80/datanode-0/data/ratis/c7035dd3-cd4a-42fb-880d-c29775a8e805/current/log_inprogress_6835 to /opt/src/hadoop-ozone/integration-test/target/test-dir/MiniOzoneClusterImpl-e9ea07bb-4900-4b53-96c1-68f0ab556a80/datanode-0/data/ratis/c7035dd3-cd4a-42fb-880d-c29775a8e805/current/log_6835-6910
2019-06-13 22:27:07,854 DEBUG block.SCMBlockDeletingService (SCMBlockDeletingService.java:call(138)) - Running DeletedBlockTransactionScanner
2019-06-13 22:27:07,854 DEBUG block.SCMBlockDeletingService (SCMBlockDeletingService.java:call(155)) - Scanned deleted blocks log and got 0 delTX to process.
2019-06-13 22:27:07,871 INFO  storage.RaftLogWorker (RaftLogWorker.java:execute(469)) - d5132e6f-def8-45c0-b0d2-c5ba43d86628-RaftLogWorker: created new log segment /opt/src/hadoop-ozone/integration-test/target/test-dir/MiniOzoneClusterImpl-e9ea07bb-4900-4b53-96c1-68f0ab556a80/datanode-0/data/ratis/c7035dd3-cd4a-42fb-880d-c29775a8e805/current/log_inprogress_6911
2019-06-13 22:27:07,873 INFO  client.GrpcClientProtocolClient (GrpcClientProtocolClient.java:onNext(254)) - client-43E682E1E07B->d5132e6f-def8-45c0-b0d2-c5ba43d86628: receive RaftClientReply:client-43E682E1E07B->d5132e6f-def8-45c0-b0d2-c5ba43d86628@group-C29775A8E805, cid=4019, SUCCESS, logIndex=6911, commits[d5132e6f-def8-45c0-b0d2-c5ba43d86628:c6912]
2019-06-13 22:27:07,873 INFO  client.GrpcClientProtocolClient (GrpcClientProtocolClient.java:onNext(254)) - client-43E682E1E07B->d5132e6f-def8-45c0-b0d2-c5ba43d86628: receive RaftClientReply:client-43E682E1E07B->d5132e6f-def8-45c0-b0d2-c5ba43d86628@group-C29775A8E805, cid=4020, SUCCESS, logIndex=6912, commits[d5132e6f-def8-45c0-b0d2-c5ba43d86628:c6912]
2019-06-13 22:27:07,885 INFO  client.GrpcClientProtocolClient (GrpcClientProtocolClient.java:onNext(254)) - client-43E682E1E07B->d5132e6f-def8-45c0-b0d2-c5ba43d86628: receive RaftClientReply:client-43E682E1E07B->d5132e6f-def8-45c0-b0d2-c5ba43d86628@group-C29775A8E805, cid=4021, SUCCESS, logIndex=6914, commits[d5132e6f-def8-45c0-b0d2-c5ba43d86628:c6914]
2019-06-13 22:27:07,886 INFO  client.GrpcClientProtocolClient (GrpcClientProtocolClient.java:onNext(254)) - client-43E682E1E07B->d5132e6f-def8-45c0-b0d2-c5ba43d86628: receive RaftClientReply:client-43E682E1E07B->d5132e6f-def8-45c0-b0d2-c5ba43d86628@group-C29775A8E805, cid=4022, SUCCESS, logIndex=6916, commits[d5132e6f-def8-45c0-b0d2-c5ba43d86628:c6916]
2019-06-13 22:27:07,955 DEBUG block.SCMBlockDeletingService (SCMBlockDeletingService.java:call(138)) - Running DeletedBlockTransactionScanner
2019-06-13 22:27:07,955 DEBUG block.SCMBlockDeletingService (SCMBlockDeletingService.java:call(155)) - Scanned deleted blocks log and got 0 delTX to process.
2019-06-13 22:27:07,973 INFO  client.GrpcClientProtocolClient (GrpcClientProtocolClient.java:onNext(254)) - client-43E682E1E07B->d5132e6f-def8-45c0-b0d2-c5ba43d86628: receive RaftClientReply:client-43E682E1E07B->d5132e6f-def8-45c0-b0d2-c5ba43d86628@group-C29775A8E805, cid=4023, SUCCESS, logIndex=6918, commits[d5132e6f-def8-45c0-b0d2-c5ba43d86628:c6918]
2019-06-13 22:27:07,975 INFO  client.GrpcClientProtocolClient (GrpcClientProtocolClient.java:onNext(254)) - client-43E682E1E07B->d5132e6f-def8-45c0-b0d2-c5ba43d86628: receive RaftClientReply:client-43E682E1E07B->d5132e6f-def8-45c0-b0d2-c5ba43d86628@group-C29775A8E805, cid=4024, SUCCESS, logIndex=6920, commits[d5132e6f-def8-45c0-b0d2-c5ba43d86628:c6920]
2019-06-13 22:27:07,989 INFO  client.GrpcClientProtocolClient (GrpcClientProtocolClient.java:onNext(254)) - client-43E682E1E07B->d5132e6f-def8-45c0-b0d2-c5ba43d86628: receive RaftClientReply:client-43E682E1E07B->d5132e6f-def8-45c0-b0d2-c5ba43d86628@group-C29775A8E805, cid=4025, SUCCESS, logIndex=6922, commits[d5132e6f-def8-45c0-b0d2-c5ba43d86628:c6922]
2019-06-13 22:27:07,991 INFO  client.GrpcClientProtocolClient (GrpcClientProtocolClient.java:onNext(254)) - client-43E682E1E07B->d5132e6f-def8-45c0-b0d2-c5ba43d86628: receive RaftClientReply:client-43E682E1E07B->d5132e6f-def8-45c0-b0d2-c5ba43d86628@group-C29775A8E805, cid=4026, SUCCESS, logIndex=6924, commits[d5132e6f-def8-45c0-b0d2-c5ba43d86628:c6924]
2019-06-13 22:27:07,994 INFO  client.GrpcClientProtocolClient (GrpcClientProtocolClient.java:onNext(254)) - client-43E682E1E07B->d5132e6f-def8-45c0-b0d2-c5ba43d86628: receive RaftClientReply:client-43E682E1E07B->d5132e6f-def8-45c0-b0d2-c5ba43d86628@group-C29775A8E805, cid=4027, SUCCESS, logIndex=6926, commits[d5132e6f-def8-45c0-b0d2-c5ba43d86628:c6927]
2019-06-13 22:27:07,994 INFO  client.GrpcClientProtocolClient (GrpcClientProtocolClient.java:onNext(254)) - client-43E682E1E07B->d5132e6f-def8-45c0-b0d2-c5ba43d86628: receive RaftClientReply:client-43E682E1E07B->d5132e6f-def8-45c0-b0d2-c5ba43d86628@group-C29775A8E805, cid=4028, SUCCESS, logIndex=6927, commits[d5132e6f-def8-45c0-b0d2-c5ba43d86628:c6927]
2019-06-13 22:27:08,000 INFO  client.GrpcClientProtocolClient (GrpcClientProtocolClient.java:onNext(254)) - client-43E682E1E07B->d5132e6f-def8-45c0-b0d2-c5ba43d86628: receive RaftClientReply:client-43E682E1E07B->d5132e6f-def8-45c0-b0d2-c5ba43d86628@group-C29775A8E805, cid=4029, SUCCESS, logIndex=6929, commits[d5132e6f-def8-45c0-b0d2-c5ba43d86628:c6929]
2019-06-13 22:27:08,001 INFO  client.GrpcClientProtocolClient (GrpcClientProtocolClient.java:onNext(254)) - client-43E682E1E07B->d5132e6f-def8-45c0-b0d2-c5ba43d86628: receive RaftClientReply:client-43E682E1E07B->d5132e6f-def8-45c0-b0d2-c5ba43d86628@group-C29775A8E805, cid=4030, SUCCESS, logIndex=6931, commits[d5132e6f-def8-45c0-b0d2-c5ba43d86628:c6931]
2019-06-13 22:27:08,002 INFO  client.GrpcClientProtocolClient (GrpcClientProtocolClient.java:onNext(254)) - client-43E682E1E07B->d5132e6f-def8-45c0-b0d2-c5ba43d86628: receive RaftClientReply:client-43E682E1E07B->d5132e6f-def8-45c0-b0d2-c5ba43d86628@group-C29775A8E805, cid=4031, SUCCESS, logIndex=6932, commits[d5132e6f-def8-45c0-b0d2-c5ba43d86628:c6934]
2019-06-13 22:27:08,004 INFO  client.GrpcClientProtocolClient (GrpcClientProtocolClient.java:onNext(254)) - client-43E682E1E07B->d5132e6f-def8-45c0-b0d2-c5ba43d86628: receive RaftClientReply:client-43E682E1E07B->d5132e6f-def8-45c0-b0d2-c5ba43d86628@group-C29775A8E805, cid=4032, SUCCESS, logIndex=6933, commits[d5132e6f-def8-45c0-b0d2-c5ba43d86628:c6934]
2019-06-13 22:27:08,015 INFO  client.GrpcClientProtocolClient (GrpcClientProtocolClient.java:onNext(254)) - client-43E682E1E07B->d5132e6f-def8-45c0-b0d2-c5ba43d86628: receive RaftClientReply:client-43E682E1E07B->d5132e6f-def8-45c0-b0d2-c5ba43d86628@group-C29775A8E805, cid=4033, SUCCESS, logIndex=6935, commits[d5132e6f-def8-45c0-b0d2-c5ba43d86628:c6935]
2019-06-13 22:27:08,018 INFO  client.GrpcClientProtocolClient (GrpcClientProtocolClient.java:onNext(254)) - client-43E682E1E07B->d5132e6f-def8-45c0-b0d2-c5ba43d86628: receive RaftClientReply:client-43E682E1E07B->d5132e6f-def8-45c0-b0d2-c5ba43d86628@group-C29775A8E805, cid=4034, SUCCESS, logIndex=6937, commits[d5132e6f-def8-45c0-b0d2-c5ba43d86628:c6937]
2019-06-13 22:27:08,018 INFO  client.GrpcClientProtocolClient (GrpcClientProtocolClient.java:onNext(254)) - client-43E682E1E07B->d5132e6f-def8-45c0-b0d2-c5ba43d86628: receive RaftClientReply:client-43E682E1E07B->d5132e6f-def8-45c0-b0d2-c5ba43d86628@group-C29775A8E805, cid=4035, SUCCESS, logIndex=6938, commits[d5132e6f-def8-45c0-b0d2-c5ba43d86628:c6939]
2019-06-13 22:27:08,019 INFO  client.GrpcClientProtocolClient (GrpcClientProtocolClient.java:onNext(254)) - client-43E682E1E07B->d5132e6f-def8-45c0-b0d2-c5ba43d86628: receive RaftClientReply:client-43E682E1E07B->d5132e6f-def8-45c0-b0d2-c5ba43d86628@group-C29775A8E805, cid=4036, SUCCESS, logIndex=6939, commits[d5132e6f-def8-45c0-b0d2-c5ba43d86628:c6939]
2019-06-13 22:27:08,024 INFO  client.GrpcClientProtocolClient (GrpcClientProtocolClient.java:onNext(254)) - client-43E682E1E07B->d5132e6f-def8-45c0-b0d2-c5ba43d86628: receive RaftClientReply:client-43E682E1E07B->d5132e6f-def8-45c0-b0d2-c5ba43d86628@group-C29775A8E805, cid=4037, SUCCESS, logIndex=6942, commits[d5132e6f-def8-45c0-b0d2-c5ba43d86628:c6942]
2019-06-13 22:27:08,026 INFO  client.GrpcClientProtocolClient (GrpcClientProtocolClient.java:onNext(254)) - client-43E682E1E07B->d5132e6f-def8-45c0-b0d2-c5ba43d86628: receive RaftClientReply:client-43E682E1E07B->d5132e6f-def8-45c0-b0d2-c5ba43d86628@group-C29775A8E805, cid=4038, SUCCESS, logIndex=6944, commits[d5132e6f-def8-45c0-b0d2-c5ba43d86628:c6944]
2019-06-13 22:27:08,028 INFO  client.GrpcClientProtocolClient (GrpcClientProtocolClient.java:onNext(254)) - client-43E682E1E07B->d5132e6f-def8-45c0-b0d2-c5ba43d86628: receive RaftClientReply:client-43E682E1E07B->d5132e6f-def8-45c0-b0d2-c5ba43d86628@group-C29775A8E805, cid=4039, SUCCESS, logIndex=6946, commits[d5132e6f-def8-45c0-b0d2-c5ba43d86628:c6947]
2019-06-13 22:27:08,029 INFO  client.GrpcClientProtocolClient (GrpcClientProtocolClient.java:onNext(254)) - client-43E682E1E07B->d5132e6f-def8-45c0-b0d2-c5ba43d86628: receive RaftClientReply:client-43E682E1E07B->d5132e6f-def8-45c0-b0d2-c5ba43d86628@group-C29775A8E805, cid=4040, SUCCESS, logIndex=6947, commits[d5132e6f-def8-45c0-b0d2-c5ba43d86628:c6947]
2019-06-13 22:27:08,041 INFO  client.GrpcClientProtocolClient (GrpcClientProtocolClient.java:onNext(254)) - client-43E682E1E07B->d5132e6f-def8-45c0-b0d2-c5ba43d86628: receive RaftClientReply:client-43E682E1E07B->d5132e6f-def8-45c0-b0d2-c5ba43d86628@group-C29775A8E805, cid=4041, SUCCESS, logIndex=6949, commits[d5132e6f-def8-45c0-b0d2-c5ba43d86628:c6949]
2019-06-13 22:27:08,043 INFO  client.GrpcClientProtocolClient (GrpcClientProtocolClient.java:onNext(254)) - client-43E682E1E07B->d5132e6f-def8-45c0-b0d2-c5ba43d86628: receive RaftClientReply:client-43E682E1E07B->d5132e6f-def8-45c0-b0d2-c5ba43d86628@group-C29775A8E805, cid=4042, SUCCESS, logIndex=6951, commits[d5132e6f-def8-45c0-b0d2-c5ba43d86628:c6951]
2019-06-13 22:27:08,044 INFO  client.GrpcClientProtocolClient (GrpcClientProtocolClient.java:onNext(254)) - client-43E682E1E07B->d5132e6f-def8-45c0-b0d2-c5ba43d86628: receive RaftClientReply:client-43E682E1E07B->d5132e6f-def8-45c0-b0d2-c5ba43d86628@group-C29775A8E805, cid=4043, SUCCESS, logIndex=6952, commits[d5132e6f-def8-45c0-b0d2-c5ba43d86628:c6954]
2019-06-13 22:27:08,044 INFO  client.GrpcClientProtocolClient (GrpcClientProtocolClient.java:onNext(254)) - client-43E682E1E07B->d5132e6f-def8-45c0-b0d2-c5ba43d86628: receive RaftClientReply:client-43E682E1E07B->d5132e6f-def8-45c0-b0d2-c5ba43d86628@group-C29775A8E805, cid=4044, SUCCESS, logIndex=6953, commits[d5132e6f-def8-45c0-b0d2-c5ba43d86628:c6954]
2019-06-13 22:27:08,053 INFO  client.GrpcClientProtocolClient (GrpcClientProtocolClient.java:onNext(254)) - client-43E682E1E07B->d5132e6f-def8-45c0-b0d2-c5ba43d86628: receive RaftClientReply:client-43E682E1E07B->d5132e6f-def8-45c0-b0d2-c5ba43d86628@group-C29775A8E805, cid=4045, SUCCESS, logIndex=6955, commits[d5132e6f-def8-45c0-b0d2-c5ba43d86628:c6955]
2019-06-13 22:27:08,055 INFO  client.GrpcClientProtocolClient (GrpcClientProtocolClient.java:onNext(254)) - client-43E682E1E07B->d5132e6f-def8-45c0-b0d2-c5ba43d86628: receive RaftClientReply:client-43E682E1E07B->d5132e6f-def8-45c0-b0d2-c5ba43d86628@group-C29775A8E805, cid=4046, SUCCESS, logIndex=6957, commits[d5132e6f-def8-45c0-b0d2-c5ba43d86628:c6957]
2019-06-13 22:27:08,055 DEBUG block.SCMBlockDeletingService (SCMBlockDeletingService.java:call(138)) - Running DeletedBlockTransactionScanner
2019-06-13 22:27:08,055 DEBUG block.SCMBlockDeletingService (SCMBlockDeletingService.java:call(155)) - Scanned deleted blocks log and got 0 delTX to process.
2019-06-13 22:27:08,060 INFO  client.GrpcClientProtocolClient (GrpcClientProtocolClient.java:onNext(254)) - client-43E682E1E07B->d5132e6f-def8-45c0-b0d2-c5ba43d86628: receive RaftClientReply:client-43E682E1E07B->d5132e6f-def8-45c0-b0d2-c5ba43d86628@group-C29775A8E805, cid=4047, SUCCESS, logIndex=6959, commits[d5132e6f-def8-45c0-b0d2-c5ba43d86628:c6960]
2019-06-13 22:27:08,063 INFO  client.GrpcClientProtocolClient (GrpcClientProtocolClient.java:onNext(254)) - client-43E682E1E07B->d5132e6f-def8-45c0-b0d2-c5ba43d86628: receive RaftClientReply:client-43E682E1E07B->d5132e6f-def8-45c0-b0d2-c5ba43d86628@group-C29775A8E805, cid=4048, SUCCESS, logIndex=6960, commits[d5132e6f-def8-45c0-b0d2-c5ba43d86628:c6960]
2019-06-13 22:27:08,114 INFO  client.GrpcClientProtocolClient (GrpcClientProtocolClient.java:onNext(254)) - client-43E682E1E07B->d5132e6f-def8-45c0-b0d2-c5ba43d86628: receive RaftClientReply:client-43E682E1E07B->d5132e6f-def8-45c0-b0d2-c5ba43d86628@group-C29775A8E805, cid=4049, SUCCESS, logIndex=6962, commits[d5132e6f-def8-45c0-b0d2-c5ba43d86628:c6962]
2019-06-13 22:27:08,116 INFO  client.GrpcClientProtocolClient (GrpcClientProtocolClient.java:onNext(254)) - client-43E682E1E07B->d5132e6f-def8-45c0-b0d2-c5ba43d86628: receive RaftClientReply:client-43E682E1E07B->d5132e6f-def8-45c0-b0d2-c5ba43d86628@group-C29775A8E805, cid=4050, SUCCESS, logIndex=6964, commits[d5132e6f-def8-45c0-b0d2-c5ba43d86628:c6964]
2019-06-13 22:27:08,117 INFO  client.GrpcClientProtocolClient (GrpcClientProtocolClient.java:onNext(254)) - client-43E682E1E07B->d5132e6f-def8-45c0-b0d2-c5ba43d86628: receive RaftClientReply:client-43E682E1E07B->d5132e6f-def8-45c0-b0d2-c5ba43d86628@group-C29775A8E805, cid=4051, SUCCESS, logIndex=6965, commits[d5132e6f-def8-45c0-b0d2-c5ba43d86628:c6966]
2019-06-13 22:27:08,118 INFO  client.GrpcClientProtocolClient (GrpcClientProtocolClient.java:onNext(254)) - client-43E682E1E07B->d5132e6f-def8-45c0-b0d2-c5ba43d86628: receive RaftClientReply:client-43E682E1E07B->d5132e6f-def8-45c0-b0d2-c5ba43d86628@group-C29775A8E805, cid=4052, SUCCESS, logIndex=6967, commits[d5132e6f-def8-45c0-b0d2-c5ba43d86628:c6967]
2019-06-13 22:27:08,124 INFO  client.GrpcClientProtocolClient (GrpcClientProtocolClient.java:onNext(254)) - client-43E682E1E07B->d5132e6f-def8-45c0-b0d2-c5ba43d86628: receive RaftClientReply:client-43E682E1E07B->d5132e6f-def8-45c0-b0d2-c5ba43d86628@group-C29775A8E805, cid=4053, SUCCESS, logIndex=6969, commits[d5132e6f-def8-45c0-b0d2-c5ba43d86628:c6969]
2019-06-13 22:27:08,127 INFO  client.GrpcClientProtocolClient (GrpcClientProtocolClient.java:onNext(254)) - client-43E682E1E07B->d5132e6f-def8-45c0-b0d2-c5ba43d86628: receive RaftClientReply:client-43E682E1E07B->d5132e6f-def8-45c0-b0d2-c5ba43d86628@group-C29775A8E805, cid=4054, SUCCESS, logIndex=6971, commits[d5132e6f-def8-45c0-b0d2-c5ba43d86628:c6971]
2019-06-13 22:27:08,127 INFO  client.GrpcClientProtocolClient (GrpcClientProtocolClient.java:onNext(254)) - client-43E682E1E07B->d5132e6f-def8-45c0-b0d2-c5ba43d86628: receive RaftClientReply:client-43E682E1E07B->d5132e6f-def8-45c0-b0d2-c5ba43d86628@group-C29775A8E805, cid=4055, SUCCESS, logIndex=6972, commits[d5132e6f-def8-45c0-b0d2-c5ba43d86628:c6974]
2019-06-13 22:27:08,134 INFO  client.GrpcClientProtocolClient (GrpcClientProtocolClient.java:onNext(254)) - client-43E682E1E07B->d5132e6f-def8-45c0-b0d2-c5ba43d86628: receive RaftClientReply:client-43E682E1E07B->d5132e6f-def8-45c0-b0d2-c5ba43d86628@group-C29775A8E805, cid=4056, SUCCESS, logIndex=6973, commits[d5132e6f-def8-45c0-b0d2-c5ba43d86628:c6974]
2019-06-13 22:27:08,148 INFO  client.GrpcClientProtocolClient (GrpcClientProtocolClient.java:onNext(254)) - client-43E682E1E07B->d5132e6f-def8-45c0-b0d2-c5ba43d86628: receive RaftClientReply:client-43E682E1E07B->d5132e6f-def8-45c0-b0d2-c5ba43d86628@group-C29775A8E805, cid=4057, SUCCESS, logIndex=6975, commits[d5132e6f-def8-45c0-b0d2-c5ba43d86628:c6975]
2019-06-13 22:27:08,150 INFO  client.GrpcClientProtocolClient (GrpcClientProtocolClient.java:onNext(254)) - client-43E682E1E07B->d5132e6f-def8-45c0-b0d2-c5ba43d86628: receive RaftClientReply:client-43E682E1E07B->d5132e6f-def8-45c0-b0d2-c5ba43d86628@group-C29775A8E805, cid=4058, SUCCESS, logIndex=6977, commits[d5132e6f-def8-45c0-b0d2-c5ba43d86628:c6977]
2019-06-13 22:27:08,155 DEBUG block.SCMBlockDeletingService (SCMBlockDeletingService.java:call(138)) - Running DeletedBlockTransactionScanner
2019-06-13 22:27:08,155 DEBUG block.SCMBlockDeletingService (SCMBlockDeletingService.java:call(155)) - Scanned deleted blocks log and got 0 delTX to process.
2019-06-13 22:27:08,157 INFO  client.GrpcClientProtocolClient (GrpcClientProtocolClient.java:onNext(254)) - client-43E682E1E07B->d5132e6f-def8-45c0-b0d2-c5ba43d86628: receive RaftClientReply:client-43E682E1E07B->d5132e6f-def8-45c0-b0d2-c5ba43d86628@group-C29775A8E805, cid=4059, SUCCESS, logIndex=6978, commits[d5132e6f-def8-45c0-b0d2-c5ba43d86628:c6978]
2019-06-13 22:27:08,158 INFO  client.GrpcClientProtocolClient (GrpcClientProtocolClient.java:onNext(254)) - client-43E682E1E07B->d5132e6f-def8-45c0-b0d2-c5ba43d86628: receive RaftClientReply:client-43E682E1E07B->d5132e6f-def8-45c0-b0d2-c5ba43d86628@group-C29775A8E805, cid=4060, SUCCESS, logIndex=6980, commits[d5132e6f-def8-45c0-b0d2-c5ba43d86628:c6980]
2019-06-13 22:27:08,166 INFO  storage.RaftLogWorker (RaftLogWorker.java:rollLogSegment(303)) - d5132e6f-def8-45c0-b0d2-c5ba43d86628-RaftLogWorker: Rolling segment log-6911_6984 to index:6984
2019-06-13 22:27:08,166 INFO  client.GrpcClientProtocolClient (GrpcClientProtocolClient.java:onNext(254)) - client-43E682E1E07B->d5132e6f-def8-45c0-b0d2-c5ba43d86628: receive RaftClientReply:client-43E682E1E07B->d5132e6f-def8-45c0-b0d2-c5ba43d86628@group-C29775A8E805, cid=4061, SUCCESS, logIndex=6983, commits[d5132e6f-def8-45c0-b0d2-c5ba43d86628:c6983]
2019-06-13 22:27:08,166 INFO  storage.RaftLogWorker (RaftLogWorker.java:execute(433)) - d5132e6f-def8-45c0-b0d2-c5ba43d86628-RaftLogWorker: Rolled log segment from /opt/src/hadoop-ozone/integration-test/target/test-dir/MiniOzoneClusterImpl-e9ea07bb-4900-4b53-96c1-68f0ab556a80/datanode-0/data/ratis/c7035dd3-cd4a-42fb-880d-c29775a8e805/current/log_inprogress_6911 to /opt/src/hadoop-ozone/integration-test/target/test-dir/MiniOzoneClusterImpl-e9ea07bb-4900-4b53-96c1-68f0ab556a80/datanode-0/data/ratis/c7035dd3-cd4a-42fb-880d-c29775a8e805/current/log_6911-6984
2019-06-13 22:27:08,210 INFO  storage.RaftLogWorker (RaftLogWorker.java:execute(469)) - d5132e6f-def8-45c0-b0d2-c5ba43d86628-RaftLogWorker: created new log segment /opt/src/hadoop-ozone/integration-test/target/test-dir/MiniOzoneClusterImpl-e9ea07bb-4900-4b53-96c1-68f0ab556a80/datanode-0/data/ratis/c7035dd3-cd4a-42fb-880d-c29775a8e805/current/log_inprogress_6985
2019-06-13 22:27:08,211 INFO  client.GrpcClientProtocolClient (GrpcClientProtocolClient.java:onNext(254)) - client-43E682E1E07B->d5132e6f-def8-45c0-b0d2-c5ba43d86628: receive RaftClientReply:client-43E682E1E07B->d5132e6f-def8-45c0-b0d2-c5ba43d86628@group-C29775A8E805, cid=4062, SUCCESS, logIndex=6985, commits[d5132e6f-def8-45c0-b0d2-c5ba43d86628:c6987]
2019-06-13 22:27:08,212 INFO  client.GrpcClientProtocolClient (GrpcClientProtocolClient.java:onNext(254)) - client-43E682E1E07B->d5132e6f-def8-45c0-b0d2-c5ba43d86628: receive RaftClientReply:client-43E682E1E07B->d5132e6f-def8-45c0-b0d2-c5ba43d86628@group-C29775A8E805, cid=4063, SUCCESS, logIndex=6986, commits[d5132e6f-def8-45c0-b0d2-c5ba43d86628:c6987]
2019-06-13 22:27:08,212 INFO  client.GrpcClientProtocolClient (GrpcClientProtocolClient.java:onNext(254)) - client-43E682E1E07B->d5132e6f-def8-45c0-b0d2-c5ba43d86628: receive RaftClientReply:client-43E682E1E07B->d5132e6f-def8-45c0-b0d2-c5ba43d86628@group-C29775A8E805, cid=4064, SUCCESS, logIndex=6987, commits[d5132e6f-def8-45c0-b0d2-c5ba43d86628:c6987]
2019-06-13 22:27:08,225 INFO  client.GrpcClientProtocolClient (GrpcClientProtocolClient.java:onNext(254)) - client-43E682E1E07B->d5132e6f-def8-45c0-b0d2-c5ba43d86628: receive RaftClientReply:client-43E682E1E07B->d5132e6f-def8-45c0-b0d2-c5ba43d86628@group-C29775A8E805, cid=4065, SUCCESS, logIndex=6989, commits[d5132e6f-def8-45c0-b0d2-c5ba43d86628:c6989]
2019-06-13 22:27:08,233 INFO  client.GrpcClientProtocolClient (GrpcClientProtocolClient.java:onNext(254)) - client-43E682E1E07B->d5132e6f-def8-45c0-b0d2-c5ba43d86628: receive RaftClientReply:client-43E682E1E07B->d5132e6f-def8-45c0-b0d2-c5ba43d86628@group-C29775A8E805, cid=4066, SUCCESS, logIndex=6991, commits[d5132e6f-def8-45c0-b0d2-c5ba43d86628:c6991]
2019-06-13 22:27:08,256 DEBUG block.SCMBlockDeletingService (SCMBlockDeletingService.java:call(138)) - Running DeletedBlockTransactionScanner
2019-06-13 22:27:08,256 DEBUG block.SCMBlockDeletingService (SCMBlockDeletingService.java:call(155)) - Scanned deleted blocks log and got 0 delTX to process.
2019-06-13 22:27:08,296 INFO  client.GrpcClientProtocolClient (GrpcClientProtocolClient.java:onNext(254)) - client-43E682E1E07B->d5132e6f-def8-45c0-b0d2-c5ba43d86628: receive RaftClientReply:client-43E682E1E07B->d5132e6f-def8-45c0-b0d2-c5ba43d86628@group-C29775A8E805, cid=4067, SUCCESS, logIndex=6993, commits[d5132e6f-def8-45c0-b0d2-c5ba43d86628:c6993]
2019-06-13 22:27:08,297 INFO  client.GrpcClientProtocolClient (GrpcClientProtocolClient.java:onNext(254)) - client-43E682E1E07B->d5132e6f-def8-45c0-b0d2-c5ba43d86628: receive RaftClientReply:client-43E682E1E07B->d5132e6f-def8-45c0-b0d2-c5ba43d86628@group-C29775A8E805, cid=4068, SUCCESS, logIndex=6995, commits[d5132e6f-def8-45c0-b0d2-c5ba43d86628:c6995]
2019-06-13 22:27:08,303 INFO  client.GrpcClientProtocolClient (GrpcClientProtocolClient.java:onNext(254)) - client-43E682E1E07B->d5132e6f-def8-45c0-b0d2-c5ba43d86628: receive RaftClientReply:client-43E682E1E07B->d5132e6f-def8-45c0-b0d2-c5ba43d86628@group-C29775A8E805, cid=4069, SUCCESS, logIndex=6997, commits[d5132e6f-def8-45c0-b0d2-c5ba43d86628:c6997]
2019-06-13 22:27:08,304 INFO  client.GrpcClientProtocolClient (GrpcClientProtocolClient.java:onNext(254)) - client-43E682E1E07B->d5132e6f-def8-45c0-b0d2-c5ba43d86628: receive RaftClientReply:client-43E682E1E07B->d5132e6f-def8-45c0-b0d2-c5ba43d86628@group-C29775A8E805, cid=4070, SUCCESS, logIndex=6999, commits[d5132e6f-def8-45c0-b0d2-c5ba43d86628:c6999]
2019-06-13 22:27:08,305 INFO  client.GrpcClientProtocolClient (GrpcClientProtocolClient.java:onNext(254)) - client-43E682E1E07B->d5132e6f-def8-45c0-b0d2-c5ba43d86628: receive RaftClientReply:client-43E682E1E07B->d5132e6f-def8-45c0-b0d2-c5ba43d86628@group-C29775A8E805, cid=4071, SUCCESS, logIndex=7000, commits[d5132e6f-def8-45c0-b0d2-c5ba43d86628:c7002]
2019-06-13 22:27:08,306 INFO  client.GrpcClientProtocolClient (GrpcClientProtocolClient.java:onNext(254)) - client-43E682E1E07B->d5132e6f-def8-45c0-b0d2-c5ba43d86628: receive RaftClientReply:client-43E682E1E07B->d5132e6f-def8-45c0-b0d2-c5ba43d86628@group-C29775A8E805, cid=4072, SUCCESS, logIndex=7001, commits[d5132e6f-def8-45c0-b0d2-c5ba43d86628:c7002]
2019-06-13 22:27:08,326 INFO  client.GrpcClientProtocolClient (GrpcClientProtocolClient.java:onNext(254)) - client-43E682E1E07B->d5132e6f-def8-45c0-b0d2-c5ba43d86628: receive RaftClientReply:client-43E682E1E07B->d5132e6f-def8-45c0-b0d2-c5ba43d86628@group-C29775A8E805, cid=4073, SUCCESS, logIndex=7003, commits[d5132e6f-def8-45c0-b0d2-c5ba43d86628:c7003]
2019-06-13 22:27:08,327 INFO  client.GrpcClientProtocolClient (GrpcClientProtocolClient.java:onNext(254)) - client-43E682E1E07B->d5132e6f-def8-45c0-b0d2-c5ba43d86628: receive RaftClientReply:client-43E682E1E07B->d5132e6f-def8-45c0-b0d2-c5ba43d86628@group-C29775A8E805, cid=4074, SUCCESS, logIndex=7005, commits[d5132e6f-def8-45c0-b0d2-c5ba43d86628:c7005]
2019-06-13 22:27:08,333 INFO  client.GrpcClientProtocolClient (GrpcClientProtocolClient.java:onNext(254)) - client-43E682E1E07B->d5132e6f-def8-45c0-b0d2-c5ba43d86628: receive RaftClientReply:client-43E682E1E07B->d5132e6f-def8-45c0-b0d2-c5ba43d86628@group-C29775A8E805, cid=4075, SUCCESS, logIndex=7007, commits[d5132e6f-def8-45c0-b0d2-c5ba43d86628:c7008]
2019-06-13 22:27:08,334 INFO  client.GrpcClientProtocolClient (GrpcClientProtocolClient.java:onNext(254)) - client-43E682E1E07B->d5132e6f-def8-45c0-b0d2-c5ba43d86628: receive RaftClientReply:client-43E682E1E07B->d5132e6f-def8-45c0-b0d2-c5ba43d86628@group-C29775A8E805, cid=4076, SUCCESS, logIndex=7008, commits[d5132e6f-def8-45c0-b0d2-c5ba43d86628:c7009]
2019-06-13 22:27:08,340 INFO  client.GrpcClientProtocolClient (GrpcClientProtocolClient.java:onNext(254)) - client-43E682E1E07B->d5132e6f-def8-45c0-b0d2-c5ba43d86628: receive RaftClientReply:client-43E682E1E07B->d5132e6f-def8-45c0-b0d2-c5ba43d86628@group-C29775A8E805, cid=4077, SUCCESS, logIndex=7010, commits[d5132e6f-def8-45c0-b0d2-c5ba43d86628:c7010]
2019-06-13 22:27:08,343 INFO  client.GrpcClientProtocolClient (GrpcClientProtocolClient.java:onNext(254)) - client-43E682E1E07B->d5132e6f-def8-45c0-b0d2-c5ba43d86628: receive RaftClientReply:client-43E682E1E07B->d5132e6f-def8-45c0-b0d2-c5ba43d86628@group-C29775A8E805, cid=4078, SUCCESS, logIndex=7012, commits[d5132e6f-def8-45c0-b0d2-c5ba43d86628:c7012]
2019-06-13 22:27:08,344 INFO  client.GrpcClientProtocolClient (GrpcClientProtocolClient.java:onNext(254)) - client-43E682E1E07B->d5132e6f-def8-45c0-b0d2-c5ba43d86628: receive RaftClientReply:client-43E682E1E07B->d5132e6f-def8-45c0-b0d2-c5ba43d86628@group-C29775A8E805, cid=4079, SUCCESS, logIndex=7013, commits[d5132e6f-def8-45c0-b0d2-c5ba43d86628:c7013]
2019-06-13 22:27:08,344 INFO  client.GrpcClientProtocolClient (GrpcClientProtocolClient.java:onNext(254)) - client-43E682E1E07B->d5132e6f-def8-45c0-b0d2-c5ba43d86628: receive RaftClientReply:client-43E682E1E07B->d5132e6f-def8-45c0-b0d2-c5ba43d86628@group-C29775A8E805, cid=4080, SUCCESS, logIndex=7015, commits[d5132e6f-def8-45c0-b0d2-c5ba43d86628:c7015]
2019-06-13 22:27:08,356 DEBUG block.SCMBlockDeletingService (SCMBlockDeletingService.java:call(138)) - Running DeletedBlockTransactionScanner
2019-06-13 22:27:08,356 DEBUG block.SCMBlockDeletingService (SCMBlockDeletingService.java:call(155)) - Scanned deleted blocks log and got 0 delTX to process.
2019-06-13 22:27:08,360 INFO  client.GrpcClientProtocolClient (GrpcClientProtocolClient.java:onNext(254)) - client-43E682E1E07B->d5132e6f-def8-45c0-b0d2-c5ba43d86628: receive RaftClientReply:client-43E682E1E07B->d5132e6f-def8-45c0-b0d2-c5ba43d86628@group-C29775A8E805, cid=4081, SUCCESS, logIndex=7018, commits[d5132e6f-def8-45c0-b0d2-c5ba43d86628:c7018]
2019-06-13 22:27:08,362 INFO  client.GrpcClientProtocolClient (GrpcClientProtocolClient.java:onNext(254)) - client-43E682E1E07B->d5132e6f-def8-45c0-b0d2-c5ba43d86628: receive RaftClientReply:client-43E682E1E07B->d5132e6f-def8-45c0-b0d2-c5ba43d86628@group-C29775A8E805, cid=4082, SUCCESS, logIndex=7020, commits[d5132e6f-def8-45c0-b0d2-c5ba43d86628:c7020]
2019-06-13 22:27:08,362 INFO  client.GrpcClientProtocolClient (GrpcClientProtocolClient.java:onNext(254)) - client-43E682E1E07B->d5132e6f-def8-45c0-b0d2-c5ba43d86628: receive RaftClientReply:client-43E682E1E07B->d5132e6f-def8-45c0-b0d2-c5ba43d86628@group-C29775A8E805, cid=4083, SUCCESS, logIndex=7021, commits[d5132e6f-def8-45c0-b0d2-c5ba43d86628:c7023]
2019-06-13 22:27:08,363 INFO  client.GrpcClientProtocolClient (GrpcClientProtocolClient.java:onNext(254)) - client-43E682E1E07B->d5132e6f-def8-45c0-b0d2-c5ba43d86628: receive RaftClientReply:client-43E682E1E07B->d5132e6f-def8-45c0-b0d2-c5ba43d86628@group-C29775A8E805, cid=4084, SUCCESS, logIndex=7022, commits[d5132e6f-def8-45c0-b0d2-c5ba43d86628:c7023]
2019-06-13 22:27:08,369 INFO  client.GrpcClientProtocolClient (GrpcClientProtocolClient.java:onNext(254)) - client-43E682E1E07B->d5132e6f-def8-45c0-b0d2-c5ba43d86628: receive RaftClientReply:client-43E682E1E07B->d5132e6f-def8-45c0-b0d2-c5ba43d86628@group-C29775A8E805, cid=4085, SUCCESS, logIndex=7024, commits[d5132e6f-def8-45c0-b0d2-c5ba43d86628:c7024]
2019-06-13 22:27:08,370 INFO  client.GrpcClientProtocolClient (GrpcClientProtocolClient.java:onNext(254)) - client-43E682E1E07B->d5132e6f-def8-45c0-b0d2-c5ba43d86628: receive RaftClientReply:client-43E682E1E07B->d5132e6f-def8-45c0-b0d2-c5ba43d86628@group-C29775A8E805, cid=4086, SUCCESS, logIndex=7026, commits[d5132e6f-def8-45c0-b0d2-c5ba43d86628:c7026]
2019-06-13 22:27:08,372 INFO  client.GrpcClientProtocolClient (GrpcClientProtocolClient.java:onNext(254)) - client-43E682E1E07B->d5132e6f-def8-45c0-b0d2-c5ba43d86628: receive RaftClientReply:client-43E682E1E07B->d5132e6f-def8-45c0-b0d2-c5ba43d86628@group-C29775A8E805, cid=4087, SUCCESS, logIndex=7028, commits[d5132e6f-def8-45c0-b0d2-c5ba43d86628:c7028]
2019-06-13 22:27:08,373 INFO  client.GrpcClientProtocolClient (GrpcClientProtocolClient.java:onNext(254)) - client-43E682E1E07B->d5132e6f-def8-45c0-b0d2-c5ba43d86628: receive RaftClientReply:client-43E682E1E07B->d5132e6f-def8-45c0-b0d2-c5ba43d86628@group-C29775A8E805, cid=4088, SUCCESS, logIndex=7029, commits[d5132e6f-def8-45c0-b0d2-c5ba43d86628:c7029]
2019-06-13 22:27:08,389 INFO  client.GrpcClientProtocolClient (GrpcClientProtocolClient.java:onNext(254)) - client-43E682E1E07B->d5132e6f-def8-45c0-b0d2-c5ba43d86628: receive RaftClientReply:client-43E682E1E07B->d5132e6f-def8-45c0-b0d2-c5ba43d86628@group-C29775A8E805, cid=4089, SUCCESS, logIndex=7032, commits[d5132e6f-def8-45c0-b0d2-c5ba43d86628:c7032]
2019-06-13 22:27:08,395 INFO  client.GrpcClientProtocolClient (GrpcClientProtocolClient.java:onNext(254)) - client-43E682E1E07B->d5132e6f-def8-45c0-b0d2-c5ba43d86628: receive RaftClientReply:client-43E682E1E07B->d5132e6f-def8-45c0-b0d2-c5ba43d86628@group-C29775A8E805, cid=4090, SUCCESS, logIndex=7034, commits[d5132e6f-def8-45c0-b0d2-c5ba43d86628:c7034]
2019-06-13 22:27:08,396 INFO  client.GrpcClientProtocolClient (GrpcClientProtocolClient.java:onNext(254)) - client-43E682E1E07B->d5132e6f-def8-45c0-b0d2-c5ba43d86628: receive RaftClientReply:client-43E682E1E07B->d5132e6f-def8-45c0-b0d2-c5ba43d86628@group-C29775A8E805, cid=4091, SUCCESS, logIndex=7036, commits[d5132e6f-def8-45c0-b0d2-c5ba43d86628:c7036]
2019-06-13 22:27:08,396 INFO  client.GrpcClientProtocolClient (GrpcClientProtocolClient.java:onNext(254)) - client-43E682E1E07B->d5132e6f-def8-45c0-b0d2-c5ba43d86628: receive RaftClientReply:client-43E682E1E07B->d5132e6f-def8-45c0-b0d2-c5ba43d86628@group-C29775A8E805, cid=4092, SUCCESS, logIndex=7038, commits[d5132e6f-def8-45c0-b0d2-c5ba43d86628:c7038]
2019-06-13 22:27:08,404 INFO  client.GrpcClientProtocolClient (GrpcClientProtocolClient.java:onNext(254)) - client-43E682E1E07B->d5132e6f-def8-45c0-b0d2-c5ba43d86628: receive RaftClientReply:client-43E682E1E07B->d5132e6f-def8-45c0-b0d2-c5ba43d86628@group-C29775A8E805, cid=4093, SUCCESS, logIndex=7040, commits[d5132e6f-def8-45c0-b0d2-c5ba43d86628:c7040]
2019-06-13 22:27:08,408 INFO  client.GrpcClientProtocolClient (GrpcClientProtocolClient.java:onNext(254)) - client-43E682E1E07B->d5132e6f-def8-45c0-b0d2-c5ba43d86628: receive RaftClientReply:client-43E682E1E07B->d5132e6f-def8-45c0-b0d2-c5ba43d86628@group-C29775A8E805, cid=4094, SUCCESS, logIndex=7042, commits[d5132e6f-def8-45c0-b0d2-c5ba43d86628:c7045]
2019-06-13 22:27:08,410 INFO  client.GrpcClientProtocolClient (GrpcClientProtocolClient.java:onNext(254)) - client-43E682E1E07B->d5132e6f-def8-45c0-b0d2-c5ba43d86628: receive RaftClientReply:client-43E682E1E07B->d5132e6f-def8-45c0-b0d2-c5ba43d86628@group-C29775A8E805, cid=4095, SUCCESS, logIndex=7043, commits[d5132e6f-def8-45c0-b0d2-c5ba43d86628:c7045]
2019-06-13 22:27:08,411 INFO  client.GrpcClientProtocolClient (GrpcClientProtocolClient.java:onNext(254)) - client-43E682E1E07B->d5132e6f-def8-45c0-b0d2-c5ba43d86628: receive RaftClientReply:client-43E682E1E07B->d5132e6f-def8-45c0-b0d2-c5ba43d86628@group-C29775A8E805, cid=4096, SUCCESS, logIndex=7044, commits[d5132e6f-def8-45c0-b0d2-c5ba43d86628:c7045]
2019-06-13 22:27:08,433 INFO  client.GrpcClientProtocolClient (GrpcClientProtocolClient.java:onNext(254)) - client-43E682E1E07B->d5132e6f-def8-45c0-b0d2-c5ba43d86628: receive RaftClientReply:client-43E682E1E07B->d5132e6f-def8-45c0-b0d2-c5ba43d86628@group-C29775A8E805, cid=4097, SUCCESS, logIndex=7047, commits[d5132e6f-def8-45c0-b0d2-c5ba43d86628:c7047]
2019-06-13 22:27:08,436 INFO  client.GrpcClientProtocolClient (GrpcClientProtocolClient.java:onNext(254)) - client-43E682E1E07B->d5132e6f-def8-45c0-b0d2-c5ba43d86628: receive RaftClientReply:client-43E682E1E07B->d5132e6f-def8-45c0-b0d2-c5ba43d86628@group-C29775A8E805, cid=4098, SUCCESS, logIndex=7049, commits[d5132e6f-def8-45c0-b0d2-c5ba43d86628:c7049]
2019-06-13 22:27:08,436 INFO  client.GrpcClientProtocolClient (GrpcClientProtocolClient.java:onNext(254)) - client-43E682E1E07B->d5132e6f-def8-45c0-b0d2-c5ba43d86628: receive RaftClientReply:client-43E682E1E07B->d5132e6f-def8-45c0-b0d2-c5ba43d86628@group-C29775A8E805, cid=4099, SUCCESS, logIndex=7050, commits[d5132e6f-def8-45c0-b0d2-c5ba43d86628:c7050]
2019-06-13 22:27:08,437 INFO  client.GrpcClientProtocolClient (GrpcClientProtocolClient.java:onNext(254)) - client-43E682E1E07B->d5132e6f-def8-45c0-b0d2-c5ba43d86628: receive RaftClientReply:client-43E682E1E07B->d5132e6f-def8-45c0-b0d2-c5ba43d86628@group-C29775A8E805, cid=4100, SUCCESS, logIndex=7052, commits[d5132e6f-def8-45c0-b0d2-c5ba43d86628:c7052]
2019-06-13 22:27:08,443 INFO  client.GrpcClientProtocolClient (GrpcClientProtocolClient.java:onNext(254)) - client-43E682E1E07B->d5132e6f-def8-45c0-b0d2-c5ba43d86628: receive RaftClientReply:client-43E682E1E07B->d5132e6f-def8-45c0-b0d2-c5ba43d86628@group-C29775A8E805, cid=4101, SUCCESS, logIndex=7055, commits[d5132e6f-def8-45c0-b0d2-c5ba43d86628:c7055]
2019-06-13 22:27:08,443 INFO  storage.RaftLogWorker (RaftLogWorker.java:rollLogSegment(303)) - d5132e6f-def8-45c0-b0d2-c5ba43d86628-RaftLogWorker: Rolling segment log-6985_7058 to index:7058
2019-06-13 22:27:08,445 INFO  storage.RaftLogWorker (RaftLogWorker.java:execute(433)) - d5132e6f-def8-45c0-b0d2-c5ba43d86628-RaftLogWorker: Rolled log segment from /opt/src/hadoop-ozone/integration-test/target/test-dir/MiniOzoneClusterImpl-e9ea07bb-4900-4b53-96c1-68f0ab556a80/datanode-0/data/ratis/c7035dd3-cd4a-42fb-880d-c29775a8e805/current/log_inprogress_6985 to /opt/src/hadoop-ozone/integration-test/target/test-dir/MiniOzoneClusterImpl-e9ea07bb-4900-4b53-96c1-68f0ab556a80/datanode-0/data/ratis/c7035dd3-cd4a-42fb-880d-c29775a8e805/current/log_6985-7058
2019-06-13 22:27:08,445 INFO  client.GrpcClientProtocolClient (GrpcClientProtocolClient.java:onNext(254)) - client-43E682E1E07B->d5132e6f-def8-45c0-b0d2-c5ba43d86628: receive RaftClientReply:client-43E682E1E07B->d5132e6f-def8-45c0-b0d2-c5ba43d86628@group-C29775A8E805, cid=4102, SUCCESS, logIndex=7057, commits[d5132e6f-def8-45c0-b0d2-c5ba43d86628:c7057]
2019-06-13 22:27:08,446 INFO  client.GrpcClientProtocolClient (GrpcClientProtocolClient.java:onNext(254)) - client-43E682E1E07B->d5132e6f-def8-45c0-b0d2-c5ba43d86628: receive RaftClientReply:client-43E682E1E07B->d5132e6f-def8-45c0-b0d2-c5ba43d86628@group-C29775A8E805, cid=4103, SUCCESS, logIndex=7058, commits[d5132e6f-def8-45c0-b0d2-c5ba43d86628:c7058]
2019-06-13 22:27:08,457 DEBUG block.SCMBlockDeletingService (SCMBlockDeletingService.java:call(138)) - Running DeletedBlockTransactionScanner
2019-06-13 22:27:08,457 DEBUG block.SCMBlockDeletingService (SCMBlockDeletingService.java:call(155)) - Scanned deleted blocks log and got 0 delTX to process.
2019-06-13 22:27:08,486 INFO  storage.RaftLogWorker (RaftLogWorker.java:execute(469)) - d5132e6f-def8-45c0-b0d2-c5ba43d86628-RaftLogWorker: created new log segment /opt/src/hadoop-ozone/integration-test/target/test-dir/MiniOzoneClusterImpl-e9ea07bb-4900-4b53-96c1-68f0ab556a80/datanode-0/data/ratis/c7035dd3-cd4a-42fb-880d-c29775a8e805/current/log_inprogress_7059
2019-06-13 22:27:08,488 INFO  client.GrpcClientProtocolClient (GrpcClientProtocolClient.java:onNext(254)) - client-43E682E1E07B->d5132e6f-def8-45c0-b0d2-c5ba43d86628: receive RaftClientReply:client-43E682E1E07B->d5132e6f-def8-45c0-b0d2-c5ba43d86628@group-C29775A8E805, cid=4104, SUCCESS, logIndex=7059, commits[d5132e6f-def8-45c0-b0d2-c5ba43d86628:c7061]
2019-06-13 22:27:08,501 INFO  client.GrpcClientProtocolClient (GrpcClientProtocolClient.java:onNext(254)) - client-43E682E1E07B->d5132e6f-def8-45c0-b0d2-c5ba43d86628: receive RaftClientReply:client-43E682E1E07B->d5132e6f-def8-45c0-b0d2-c5ba43d86628@group-C29775A8E805, cid=4105, SUCCESS, logIndex=7062, commits[d5132e6f-def8-45c0-b0d2-c5ba43d86628:c7062]
2019-06-13 22:27:08,502 INFO  client.GrpcClientProtocolClient (GrpcClientProtocolClient.java:onNext(254)) - client-43E682E1E07B->d5132e6f-def8-45c0-b0d2-c5ba43d86628: receive RaftClientReply:client-43E682E1E07B->d5132e6f-def8-45c0-b0d2-c5ba43d86628@group-C29775A8E805, cid=4106, SUCCESS, logIndex=7064, commits[d5132e6f-def8-45c0-b0d2-c5ba43d86628:c7064]
2019-06-13 22:27:08,508 INFO  client.GrpcClientProtocolClient (GrpcClientProtocolClient.java:onNext(254)) - client-43E682E1E07B->d5132e6f-def8-45c0-b0d2-c5ba43d86628: receive RaftClientReply:client-43E682E1E07B->d5132e6f-def8-45c0-b0d2-c5ba43d86628@group-C29775A8E805, cid=4107, SUCCESS, logIndex=7066, commits[d5132e6f-def8-45c0-b0d2-c5ba43d86628:c7067]
2019-06-13 22:27:08,508 INFO  client.GrpcClientProtocolClient (GrpcClientProtocolClient.java:onNext(254)) - client-43E682E1E07B->d5132e6f-def8-45c0-b0d2-c5ba43d86628: receive RaftClientReply:client-43E682E1E07B->d5132e6f-def8-45c0-b0d2-c5ba43d86628@group-C29775A8E805, cid=4108, SUCCESS, logIndex=7067, commits[d5132e6f-def8-45c0-b0d2-c5ba43d86628:c7067]
2019-06-13 22:27:08,514 INFO  client.GrpcClientProtocolClient (GrpcClientProtocolClient.java:onNext(254)) - client-43E682E1E07B->d5132e6f-def8-45c0-b0d2-c5ba43d86628: receive RaftClientReply:client-43E682E1E07B->d5132e6f-def8-45c0-b0d2-c5ba43d86628@group-C29775A8E805, cid=4109, SUCCESS, logIndex=7069, commits[d5132e6f-def8-45c0-b0d2-c5ba43d86628:c7069]
2019-06-13 22:27:08,515 INFO  client.GrpcClientProtocolClient (GrpcClientProtocolClient.java:onNext(254)) - client-43E682E1E07B->d5132e6f-def8-45c0-b0d2-c5ba43d86628: receive RaftClientReply:client-43E682E1E07B->d5132e6f-def8-45c0-b0d2-c5ba43d86628@group-C29775A8E805, cid=4110, SUCCESS, logIndex=7071, commits[d5132e6f-def8-45c0-b0d2-c5ba43d86628:c7071]
2019-06-13 22:27:08,557 DEBUG block.SCMBlockDeletingService (SCMBlockDeletingService.java:call(138)) - Running DeletedBlockTransactionScanner
2019-06-13 22:27:08,557 DEBUG block.SCMBlockDeletingService (SCMBlockDeletingService.java:call(155)) - Scanned deleted blocks log and got 0 delTX to process.
2019-06-13 22:27:08,638 INFO  client.GrpcClientProtocolClient (GrpcClientProtocolClient.java:onNext(254)) - client-43E682E1E07B->d5132e6f-def8-45c0-b0d2-c5ba43d86628: receive RaftClientReply:client-43E682E1E07B->d5132e6f-def8-45c0-b0d2-c5ba43d86628@group-C29775A8E805, cid=4111, SUCCESS, logIndex=7073, commits[d5132e6f-def8-45c0-b0d2-c5ba43d86628:c7073]
2019-06-13 22:27:08,639 INFO  client.GrpcClientProtocolClient (GrpcClientProtocolClient.java:onNext(254)) - client-43E682E1E07B->d5132e6f-def8-45c0-b0d2-c5ba43d86628: receive RaftClientReply:client-43E682E1E07B->d5132e6f-def8-45c0-b0d2-c5ba43d86628@group-C29775A8E805, cid=4112, SUCCESS, logIndex=7075, commits[d5132e6f-def8-45c0-b0d2-c5ba43d86628:c7075]
2019-06-13 22:27:08,652 INFO  client.GrpcClientProtocolClient (GrpcClientProtocolClient.java:onNext(254)) - client-43E682E1E07B->d5132e6f-def8-45c0-b0d2-c5ba43d86628: receive RaftClientReply:client-43E682E1E07B->d5132e6f-def8-45c0-b0d2-c5ba43d86628@group-C29775A8E805, cid=4113, SUCCESS, logIndex=7077, commits[d5132e6f-def8-45c0-b0d2-c5ba43d86628:c7077]
2019-06-13 22:27:08,654 INFO  client.GrpcClientProtocolClient (GrpcClientProtocolClient.java:onNext(254)) - client-43E682E1E07B->d5132e6f-def8-45c0-b0d2-c5ba43d86628: receive RaftClientReply:client-43E682E1E07B->d5132e6f-def8-45c0-b0d2-c5ba43d86628@group-C29775A8E805, cid=4114, SUCCESS, logIndex=7079, commits[d5132e6f-def8-45c0-b0d2-c5ba43d86628:c7079]
2019-06-13 22:27:08,655 INFO  client.GrpcClientProtocolClient (GrpcClientProtocolClient.java:onNext(254)) - client-43E682E1E07B->d5132e6f-def8-45c0-b0d2-c5ba43d86628: receive RaftClientReply:client-43E682E1E07B->d5132e6f-def8-45c0-b0d2-c5ba43d86628@group-C29775A8E805, cid=4115, SUCCESS, logIndex=7080, commits[d5132e6f-def8-45c0-b0d2-c5ba43d86628:c7082]
2019-06-13 22:27:08,656 INFO  client.GrpcClientProtocolClient (GrpcClientProtocolClient.java:onNext(254)) - client-43E682E1E07B->d5132e6f-def8-45c0-b0d2-c5ba43d86628: receive RaftClientReply:client-43E682E1E07B->d5132e6f-def8-45c0-b0d2-c5ba43d86628@group-C29775A8E805, cid=4116, SUCCESS, logIndex=7081, commits[d5132e6f-def8-45c0-b0d2-c5ba43d86628:c7082]
2019-06-13 22:27:08,657 DEBUG block.SCMBlockDeletingService (SCMBlockDeletingService.java:call(138)) - Running DeletedBlockTransactionScanner
2019-06-13 22:27:08,658 DEBUG block.SCMBlockDeletingService (SCMBlockDeletingService.java:call(155)) - Scanned deleted blocks log and got 0 delTX to process.
2019-06-13 22:27:08,661 INFO  client.GrpcClientProtocolClient (GrpcClientProtocolClient.java:onNext(254)) - client-43E682E1E07B->d5132e6f-def8-45c0-b0d2-c5ba43d86628: receive RaftClientReply:client-43E682E1E07B->d5132e6f-def8-45c0-b0d2-c5ba43d86628@group-C29775A8E805, cid=4117, SUCCESS, logIndex=7083, commits[d5132e6f-def8-45c0-b0d2-c5ba43d86628:c7083]
2019-06-13 22:27:08,663 INFO  client.GrpcClientProtocolClient (GrpcClientProtocolClient.java:onNext(254)) - client-43E682E1E07B->d5132e6f-def8-45c0-b0d2-c5ba43d86628: receive RaftClientReply:client-43E682E1E07B->d5132e6f-def8-45c0-b0d2-c5ba43d86628@group-C29775A8E805, cid=4118, SUCCESS, logIndex=7085, commits[d5132e6f-def8-45c0-b0d2-c5ba43d86628:c7085]
2019-06-13 22:27:08,664 INFO  client.GrpcClientProtocolClient (GrpcClientProtocolClient.java:onNext(254)) - client-43E682E1E07B->d5132e6f-def8-45c0-b0d2-c5ba43d86628: receive RaftClientReply:client-43E682E1E07B->d5132e6f-def8-45c0-b0d2-c5ba43d86628@group-C29775A8E805, cid=4119, SUCCESS, logIndex=7086, commits[d5132e6f-def8-45c0-b0d2-c5ba43d86628:c7088]
2019-06-13 22:27:08,664 INFO  client.GrpcClientProtocolClient (GrpcClientProtocolClient.java:onNext(254)) - client-43E682E1E07B->d5132e6f-def8-45c0-b0d2-c5ba43d86628: receive RaftClientReply:client-43E682E1E07B->d5132e6f-def8-45c0-b0d2-c5ba43d86628@group-C29775A8E805, cid=4120, SUCCESS, logIndex=7087, commits[d5132e6f-def8-45c0-b0d2-c5ba43d86628:c7088]
2019-06-13 22:27:08,678 INFO  client.GrpcClientProtocolClient (GrpcClientProtocolClient.java:onNext(254)) - client-43E682E1E07B->d5132e6f-def8-45c0-b0d2-c5ba43d86628: receive RaftClientReply:client-43E682E1E07B->d5132e6f-def8-45c0-b0d2-c5ba43d86628@group-C29775A8E805, cid=4121, SUCCESS, logIndex=7089, commits[d5132e6f-def8-45c0-b0d2-c5ba43d86628:c7089]
2019-06-13 22:27:08,681 INFO  client.GrpcClientProtocolClient (GrpcClientProtocolClient.java:onNext(254)) - client-43E682E1E07B->d5132e6f-def8-45c0-b0d2-c5ba43d86628: receive RaftClientReply:client-43E682E1E07B->d5132e6f-def8-45c0-b0d2-c5ba43d86628@group-C29775A8E805, cid=4122, SUCCESS, logIndex=7091, commits[d5132e6f-def8-45c0-b0d2-c5ba43d86628:c7093]
2019-06-13 22:27:08,682 INFO  client.GrpcClientProtocolClient (GrpcClientProtocolClient.java:onNext(254)) - client-43E682E1E07B->d5132e6f-def8-45c0-b0d2-c5ba43d86628: receive RaftClientReply:client-43E682E1E07B->d5132e6f-def8-45c0-b0d2-c5ba43d86628@group-C29775A8E805, cid=4123, SUCCESS, logIndex=7092, commits[d5132e6f-def8-45c0-b0d2-c5ba43d86628:c7093]
2019-06-13 22:27:08,682 INFO  client.GrpcClientProtocolClient (GrpcClientProtocolClient.java:onNext(254)) - client-43E682E1E07B->d5132e6f-def8-45c0-b0d2-c5ba43d86628: receive RaftClientReply:client-43E682E1E07B->d5132e6f-def8-45c0-b0d2-c5ba43d86628@group-C29775A8E805, cid=4124, SUCCESS, logIndex=7093, commits[d5132e6f-def8-45c0-b0d2-c5ba43d86628:c7094]
2019-06-13 22:27:08,688 INFO  client.GrpcClientProtocolClient (GrpcClientProtocolClient.java:onNext(254)) - client-43E682E1E07B->d5132e6f-def8-45c0-b0d2-c5ba43d86628: receive RaftClientReply:client-43E682E1E07B->d5132e6f-def8-45c0-b0d2-c5ba43d86628@group-C29775A8E805, cid=4125, SUCCESS, logIndex=7095, commits[d5132e6f-def8-45c0-b0d2-c5ba43d86628:c7095]
2019-06-13 22:27:08,691 INFO  client.GrpcClientProtocolClient (GrpcClientProtocolClient.java:onNext(254)) - client-43E682E1E07B->d5132e6f-def8-45c0-b0d2-c5ba43d86628: receive RaftClientReply:client-43E682E1E07B->d5132e6f-def8-45c0-b0d2-c5ba43d86628@group-C29775A8E805, cid=4126, SUCCESS, logIndex=7097, commits[d5132e6f-def8-45c0-b0d2-c5ba43d86628:c7099]
2019-06-13 22:27:08,692 INFO  client.GrpcClientProtocolClient (GrpcClientProtocolClient.java:onNext(254)) - client-43E682E1E07B->d5132e6f-def8-45c0-b0d2-c5ba43d86628: receive RaftClientReply:client-43E682E1E07B->d5132e6f-def8-45c0-b0d2-c5ba43d86628@group-C29775A8E805, cid=4127, SUCCESS, logIndex=7098, commits[d5132e6f-def8-45c0-b0d2-c5ba43d86628:c7099]
2019-06-13 22:27:08,692 INFO  client.GrpcClientProtocolClient (GrpcClientProtocolClient.java:onNext(254)) - client-43E682E1E07B->d5132e6f-def8-45c0-b0d2-c5ba43d86628: receive RaftClientReply:client-43E682E1E07B->d5132e6f-def8-45c0-b0d2-c5ba43d86628@group-C29775A8E805, cid=4128, SUCCESS, logIndex=7099, commits[d5132e6f-def8-45c0-b0d2-c5ba43d86628:c7100]
2019-06-13 22:27:08,705 INFO  client.GrpcClientProtocolClient (GrpcClientProtocolClient.java:onNext(254)) - client-43E682E1E07B->d5132e6f-def8-45c0-b0d2-c5ba43d86628: receive RaftClientReply:client-43E682E1E07B->d5132e6f-def8-45c0-b0d2-c5ba43d86628@group-C29775A8E805, cid=4129, SUCCESS, logIndex=7101, commits[d5132e6f-def8-45c0-b0d2-c5ba43d86628:c7101]
2019-06-13 22:27:08,707 INFO  client.GrpcClientProtocolClient (GrpcClientProtocolClient.java:onNext(254)) - client-43E682E1E07B->d5132e6f-def8-45c0-b0d2-c5ba43d86628: receive RaftClientReply:client-43E682E1E07B->d5132e6f-def8-45c0-b0d2-c5ba43d86628@group-C29775A8E805, cid=4130, SUCCESS, logIndex=7103, commits[d5132e6f-def8-45c0-b0d2-c5ba43d86628:c7103]
2019-06-13 22:27:08,707 INFO  client.GrpcClientProtocolClient (GrpcClientProtocolClient.java:onNext(254)) - client-43E682E1E07B->d5132e6f-def8-45c0-b0d2-c5ba43d86628: receive RaftClientReply:client-43E682E1E07B->d5132e6f-def8-45c0-b0d2-c5ba43d86628@group-C29775A8E805, cid=4131, SUCCESS, logIndex=7104, commits[d5132e6f-def8-45c0-b0d2-c5ba43d86628:c7104]
2019-06-13 22:27:08,708 INFO  client.GrpcClientProtocolClient (GrpcClientProtocolClient.java:onNext(254)) - client-43E682E1E07B->d5132e6f-def8-45c0-b0d2-c5ba43d86628: receive RaftClientReply:client-43E682E1E07B->d5132e6f-def8-45c0-b0d2-c5ba43d86628@group-C29775A8E805, cid=4132, SUCCESS, logIndex=7107, commits[d5132e6f-def8-45c0-b0d2-c5ba43d86628:c7107]
2019-06-13 22:27:08,715 INFO  client.GrpcClientProtocolClient (GrpcClientProtocolClient.java:onNext(254)) - client-43E682E1E07B->d5132e6f-def8-45c0-b0d2-c5ba43d86628: receive RaftClientReply:client-43E682E1E07B->d5132e6f-def8-45c0-b0d2-c5ba43d86628@group-C29775A8E805, cid=4133, SUCCESS, logIndex=7109, commits[d5132e6f-def8-45c0-b0d2-c5ba43d86628:c7110]
2019-06-13 22:27:08,717 INFO  client.GrpcClientProtocolClient (GrpcClientProtocolClient.java:onNext(254)) - client-43E682E1E07B->d5132e6f-def8-45c0-b0d2-c5ba43d86628: receive RaftClientReply:client-43E682E1E07B->d5132e6f-def8-45c0-b0d2-c5ba43d86628@group-C29775A8E805, cid=4134, SUCCESS, logIndex=7111, commits[d5132e6f-def8-45c0-b0d2-c5ba43d86628:c7111]
2019-06-13 22:27:08,718 INFO  client.GrpcClientProtocolClient (GrpcClientProtocolClient.java:onNext(254)) - client-43E682E1E07B->d5132e6f-def8-45c0-b0d2-c5ba43d86628: receive RaftClientReply:client-43E682E1E07B->d5132e6f-def8-45c0-b0d2-c5ba43d86628@group-C29775A8E805, cid=4135, SUCCESS, logIndex=7112, commits[d5132e6f-def8-45c0-b0d2-c5ba43d86628:c7112]
2019-06-13 22:27:08,723 INFO  client.GrpcClientProtocolClient (GrpcClientProtocolClient.java:onNext(254)) - client-43E682E1E07B->d5132e6f-def8-45c0-b0d2-c5ba43d86628: receive RaftClientReply:client-43E682E1E07B->d5132e6f-def8-45c0-b0d2-c5ba43d86628@group-C29775A8E805, cid=4136, SUCCESS, logIndex=7114, commits[d5132e6f-def8-45c0-b0d2-c5ba43d86628:c7114]
2019-06-13 22:27:08,739 INFO  client.GrpcClientProtocolClient (GrpcClientProtocolClient.java:onNext(254)) - client-43E682E1E07B->d5132e6f-def8-45c0-b0d2-c5ba43d86628: receive RaftClientReply:client-43E682E1E07B->d5132e6f-def8-45c0-b0d2-c5ba43d86628@group-C29775A8E805, cid=4137, SUCCESS, logIndex=7117, commits[d5132e6f-def8-45c0-b0d2-c5ba43d86628:c7117]
2019-06-13 22:27:08,741 INFO  client.GrpcClientProtocolClient (GrpcClientProtocolClient.java:onNext(254)) - client-43E682E1E07B->d5132e6f-def8-45c0-b0d2-c5ba43d86628: receive RaftClientReply:client-43E682E1E07B->d5132e6f-def8-45c0-b0d2-c5ba43d86628@group-C29775A8E805, cid=4138, SUCCESS, logIndex=7119, commits[d5132e6f-def8-45c0-b0d2-c5ba43d86628:c7121]
2019-06-13 22:27:08,743 INFO  client.GrpcClientProtocolClient (GrpcClientProtocolClient.java:onNext(254)) - client-43E682E1E07B->d5132e6f-def8-45c0-b0d2-c5ba43d86628: receive RaftClientReply:client-43E682E1E07B->d5132e6f-def8-45c0-b0d2-c5ba43d86628@group-C29775A8E805, cid=4139, SUCCESS, logIndex=7120, commits[d5132e6f-def8-45c0-b0d2-c5ba43d86628:c7121]
2019-06-13 22:27:08,743 INFO  client.GrpcClientProtocolClient (GrpcClientProtocolClient.java:onNext(254)) - client-43E682E1E07B->d5132e6f-def8-45c0-b0d2-c5ba43d86628: receive RaftClientReply:client-43E682E1E07B->d5132e6f-def8-45c0-b0d2-c5ba43d86628@group-C29775A8E805, cid=4140, SUCCESS, logIndex=7121, commits[d5132e6f-def8-45c0-b0d2-c5ba43d86628:c7121]
2019-06-13 22:27:08,749 INFO  client.GrpcClientProtocolClient (GrpcClientProtocolClient.java:onNext(254)) - client-43E682E1E07B->d5132e6f-def8-45c0-b0d2-c5ba43d86628: receive RaftClientReply:client-43E682E1E07B->d5132e6f-def8-45c0-b0d2-c5ba43d86628@group-C29775A8E805, cid=4141, SUCCESS, logIndex=7123, commits[d5132e6f-def8-45c0-b0d2-c5ba43d86628:c7123]
2019-06-13 22:27:08,751 INFO  client.GrpcClientProtocolClient (GrpcClientProtocolClient.java:onNext(254)) - client-43E682E1E07B->d5132e6f-def8-45c0-b0d2-c5ba43d86628: receive RaftClientReply:client-43E682E1E07B->d5132e6f-def8-45c0-b0d2-c5ba43d86628@group-C29775A8E805, cid=4142, SUCCESS, logIndex=7125, commits[d5132e6f-def8-45c0-b0d2-c5ba43d86628:c7125]
2019-06-13 22:27:08,751 INFO  client.GrpcClientProtocolClient (GrpcClientProtocolClient.java:onNext(254)) - client-43E682E1E07B->d5132e6f-def8-45c0-b0d2-c5ba43d86628: receive RaftClientReply:client-43E682E1E07B->d5132e6f-def8-45c0-b0d2-c5ba43d86628@group-C29775A8E805, cid=4143, SUCCESS, logIndex=7126, commits[d5132e6f-def8-45c0-b0d2-c5ba43d86628:c7128]
2019-06-13 22:27:08,752 INFO  client.GrpcClientProtocolClient (GrpcClientProtocolClient.java:onNext(254)) - client-43E682E1E07B->d5132e6f-def8-45c0-b0d2-c5ba43d86628: receive RaftClientReply:client-43E682E1E07B->d5132e6f-def8-45c0-b0d2-c5ba43d86628@group-C29775A8E805, cid=4144, SUCCESS, logIndex=7127, commits[d5132e6f-def8-45c0-b0d2-c5ba43d86628:c7128]
2019-06-13 22:27:08,758 DEBUG block.SCMBlockDeletingService (SCMBlockDeletingService.java:call(138)) - Running DeletedBlockTransactionScanner
2019-06-13 22:27:08,758 DEBUG block.SCMBlockDeletingService (SCMBlockDeletingService.java:call(155)) - Scanned deleted blocks log and got 0 delTX to process.
2019-06-13 22:27:08,764 INFO  client.GrpcClientProtocolClient (GrpcClientProtocolClient.java:onNext(254)) - client-43E682E1E07B->d5132e6f-def8-45c0-b0d2-c5ba43d86628: receive RaftClientReply:client-43E682E1E07B->d5132e6f-def8-45c0-b0d2-c5ba43d86628@group-C29775A8E805, cid=4145, SUCCESS, logIndex=7129, commits[d5132e6f-def8-45c0-b0d2-c5ba43d86628:c7129]
2019-06-13 22:27:08,764 INFO  storage.RaftLogWorker (RaftLogWorker.java:rollLogSegment(303)) - d5132e6f-def8-45c0-b0d2-c5ba43d86628-RaftLogWorker: Rolling segment log-7059_7131 to index:7131
2019-06-13 22:27:08,765 INFO  storage.RaftLogWorker (RaftLogWorker.java:execute(433)) - d5132e6f-def8-45c0-b0d2-c5ba43d86628-RaftLogWorker: Rolled log segment from /opt/src/hadoop-ozone/integration-test/target/test-dir/MiniOzoneClusterImpl-e9ea07bb-4900-4b53-96c1-68f0ab556a80/datanode-0/data/ratis/c7035dd3-cd4a-42fb-880d-c29775a8e805/current/log_inprogress_7059 to /opt/src/hadoop-ozone/integration-test/target/test-dir/MiniOzoneClusterImpl-e9ea07bb-4900-4b53-96c1-68f0ab556a80/datanode-0/data/ratis/c7035dd3-cd4a-42fb-880d-c29775a8e805/current/log_7059-7131
2019-06-13 22:27:08,770 INFO  client.GrpcClientProtocolClient (GrpcClientProtocolClient.java:onNext(254)) - client-43E682E1E07B->d5132e6f-def8-45c0-b0d2-c5ba43d86628: receive RaftClientReply:client-43E682E1E07B->d5132e6f-def8-45c0-b0d2-c5ba43d86628@group-C29775A8E805, cid=4146, SUCCESS, logIndex=7131, commits[d5132e6f-def8-45c0-b0d2-c5ba43d86628:c7131]
2019-06-13 22:27:08,809 INFO  storage.RaftLogWorker (RaftLogWorker.java:execute(469)) - d5132e6f-def8-45c0-b0d2-c5ba43d86628-RaftLogWorker: created new log segment /opt/src/hadoop-ozone/integration-test/target/test-dir/MiniOzoneClusterImpl-e9ea07bb-4900-4b53-96c1-68f0ab556a80/datanode-0/data/ratis/c7035dd3-cd4a-42fb-880d-c29775a8e805/current/log_inprogress_7132
2019-06-13 22:27:08,811 INFO  client.GrpcClientProtocolClient (GrpcClientProtocolClient.java:onNext(254)) - client-43E682E1E07B->d5132e6f-def8-45c0-b0d2-c5ba43d86628: receive RaftClientReply:client-43E682E1E07B->d5132e6f-def8-45c0-b0d2-c5ba43d86628@group-C29775A8E805, cid=4147, SUCCESS, logIndex=7132, commits[d5132e6f-def8-45c0-b0d2-c5ba43d86628:c7134]
2019-06-13 22:27:08,811 INFO  client.GrpcClientProtocolClient (GrpcClientProtocolClient.java:onNext(254)) - client-43E682E1E07B->d5132e6f-def8-45c0-b0d2-c5ba43d86628: receive RaftClientReply:client-43E682E1E07B->d5132e6f-def8-45c0-b0d2-c5ba43d86628@group-C29775A8E805, cid=4148, SUCCESS, logIndex=7133, commits[d5132e6f-def8-45c0-b0d2-c5ba43d86628:c7134]
2019-06-13 22:27:08,817 INFO  client.GrpcClientProtocolClient (GrpcClientProtocolClient.java:onNext(254)) - client-43E682E1E07B->d5132e6f-def8-45c0-b0d2-c5ba43d86628: receive RaftClientReply:client-43E682E1E07B->d5132e6f-def8-45c0-b0d2-c5ba43d86628@group-C29775A8E805, cid=4149, SUCCESS, logIndex=7135, commits[d5132e6f-def8-45c0-b0d2-c5ba43d86628:c7135]
2019-06-13 22:27:08,822 INFO  client.GrpcClientProtocolClient (GrpcClientProtocolClient.java:onNext(254)) - client-43E682E1E07B->d5132e6f-def8-45c0-b0d2-c5ba43d86628: receive RaftClientReply:client-43E682E1E07B->d5132e6f-def8-45c0-b0d2-c5ba43d86628@group-C29775A8E805, cid=4150, SUCCESS, logIndex=7137, commits[d5132e6f-def8-45c0-b0d2-c5ba43d86628:c7137]
2019-06-13 22:27:08,822 INFO  client.GrpcClientProtocolClient (GrpcClientProtocolClient.java:onNext(254)) - client-43E682E1E07B->d5132e6f-def8-45c0-b0d2-c5ba43d86628: receive RaftClientReply:client-43E682E1E07B->d5132e6f-def8-45c0-b0d2-c5ba43d86628@group-C29775A8E805, cid=4151, SUCCESS, logIndex=7138, commits[d5132e6f-def8-45c0-b0d2-c5ba43d86628:c7140]
2019-06-13 22:27:08,822 INFO  client.GrpcClientProtocolClient (GrpcClientProtocolClient.java:onNext(254)) - client-43E682E1E07B->d5132e6f-def8-45c0-b0d2-c5ba43d86628: receive RaftClientReply:client-43E682E1E07B->d5132e6f-def8-45c0-b0d2-c5ba43d86628@group-C29775A8E805, cid=4152, SUCCESS, logIndex=7139, commits[d5132e6f-def8-45c0-b0d2-c5ba43d86628:c7140]
2019-06-13 22:27:08,836 INFO  client.GrpcClientProtocolClient (GrpcClientProtocolClient.java:onNext(254)) - client-43E682E1E07B->d5132e6f-def8-45c0-b0d2-c5ba43d86628: receive RaftClientReply:client-43E682E1E07B->d5132e6f-def8-45c0-b0d2-c5ba43d86628@group-C29775A8E805, cid=4153, SUCCESS, logIndex=7141, commits[d5132e6f-def8-45c0-b0d2-c5ba43d86628:c7141]
2019-06-13 22:27:08,837 INFO  client.GrpcClientProtocolClient (GrpcClientProtocolClient.java:onNext(254)) - client-43E682E1E07B->d5132e6f-def8-45c0-b0d2-c5ba43d86628: receive RaftClientReply:client-43E682E1E07B->d5132e6f-def8-45c0-b0d2-c5ba43d86628@group-C29775A8E805, cid=4154, SUCCESS, logIndex=7143, commits[d5132e6f-def8-45c0-b0d2-c5ba43d86628:c7143]
2019-06-13 22:27:08,858 DEBUG block.SCMBlockDeletingService (SCMBlockDeletingService.java:call(138)) - Running DeletedBlockTransactionScanner
2019-06-13 22:27:08,858 DEBUG block.SCMBlockDeletingService (SCMBlockDeletingService.java:call(155)) - Scanned deleted blocks log and got 0 delTX to process.
2019-06-13 22:27:08,905 INFO  client.GrpcClientProtocolClient (GrpcClientProtocolClient.java:onNext(254)) - client-43E682E1E07B->d5132e6f-def8-45c0-b0d2-c5ba43d86628: receive RaftClientReply:client-43E682E1E07B->d5132e6f-def8-45c0-b0d2-c5ba43d86628@group-C29775A8E805, cid=4155, SUCCESS, logIndex=7145, commits[d5132e6f-def8-45c0-b0d2-c5ba43d86628:c7145]
2019-06-13 22:27:08,906 INFO  client.GrpcClientProtocolClient (GrpcClientProtocolClient.java:onNext(254)) - client-43E682E1E07B->d5132e6f-def8-45c0-b0d2-c5ba43d86628: receive RaftClientReply:client-43E682E1E07B->d5132e6f-def8-45c0-b0d2-c5ba43d86628@group-C29775A8E805, cid=4156, SUCCESS, logIndex=7147, commits[d5132e6f-def8-45c0-b0d2-c5ba43d86628:c7147]
2019-06-13 22:27:08,911 INFO  client.GrpcClientProtocolClient (GrpcClientProtocolClient.java:onNext(254)) - client-43E682E1E07B->d5132e6f-def8-45c0-b0d2-c5ba43d86628: receive RaftClientReply:client-43E682E1E07B->d5132e6f-def8-45c0-b0d2-c5ba43d86628@group-C29775A8E805, cid=4157, SUCCESS, logIndex=7149, commits[d5132e6f-def8-45c0-b0d2-c5ba43d86628:c7149]
2019-06-13 22:27:08,913 INFO  client.GrpcClientProtocolClient (GrpcClientProtocolClient.java:onNext(254)) - client-43E682E1E07B->d5132e6f-def8-45c0-b0d2-c5ba43d86628: receive RaftClientReply:client-43E682E1E07B->d5132e6f-def8-45c0-b0d2-c5ba43d86628@group-C29775A8E805, cid=4158, SUCCESS, logIndex=7151, commits[d5132e6f-def8-45c0-b0d2-c5ba43d86628:c7151]
2019-06-13 22:27:08,914 INFO  client.GrpcClientProtocolClient (GrpcClientProtocolClient.java:onNext(254)) - client-43E682E1E07B->d5132e6f-def8-45c0-b0d2-c5ba43d86628: receive RaftClientReply:client-43E682E1E07B->d5132e6f-def8-45c0-b0d2-c5ba43d86628@group-C29775A8E805, cid=4159, SUCCESS, logIndex=7153, commits[d5132e6f-def8-45c0-b0d2-c5ba43d86628:c7154]
2019-06-13 22:27:08,915 INFO  client.GrpcClientProtocolClient (GrpcClientProtocolClient.java:onNext(254)) - client-43E682E1E07B->d5132e6f-def8-45c0-b0d2-c5ba43d86628: receive RaftClientReply:client-43E682E1E07B->d5132e6f-def8-45c0-b0d2-c5ba43d86628@group-C29775A8E805, cid=4160, SUCCESS, logIndex=7154, commits[d5132e6f-def8-45c0-b0d2-c5ba43d86628:c7154]
2019-06-13 22:27:08,927 INFO  client.GrpcClientProtocolClient (GrpcClientProtocolClient.java:onNext(254)) - client-43E682E1E07B->d5132e6f-def8-45c0-b0d2-c5ba43d86628: receive RaftClientReply:client-43E682E1E07B->d5132e6f-def8-45c0-b0d2-c5ba43d86628@group-C29775A8E805, cid=4161, SUCCESS, logIndex=7156, commits[d5132e6f-def8-45c0-b0d2-c5ba43d86628:c7156]
2019-06-13 22:27:08,929 INFO  client.GrpcClientProtocolClient (GrpcClientProtocolClient.java:onNext(254)) - client-43E682E1E07B->d5132e6f-def8-45c0-b0d2-c5ba43d86628: receive RaftClientReply:client-43E682E1E07B->d5132e6f-def8-45c0-b0d2-c5ba43d86628@group-C29775A8E805, cid=4162, SUCCESS, logIndex=7158, commits[d5132e6f-def8-45c0-b0d2-c5ba43d86628:c7158]
2019-06-13 22:27:08,930 INFO  client.GrpcClientProtocolClient (GrpcClientProtocolClient.java:onNext(254)) - client-43E682E1E07B->d5132e6f-def8-45c0-b0d2-c5ba43d86628: receive RaftClientReply:client-43E682E1E07B->d5132e6f-def8-45c0-b0d2-c5ba43d86628@group-C29775A8E805, cid=4163, SUCCESS, logIndex=7159, commits[d5132e6f-def8-45c0-b0d2-c5ba43d86628:c7159]
2019-06-13 22:27:08,930 INFO  client.GrpcClientProtocolClient (GrpcClientProtocolClient.java:onNext(254)) - client-43E682E1E07B->d5132e6f-def8-45c0-b0d2-c5ba43d86628: receive RaftClientReply:client-43E682E1E07B->d5132e6f-def8-45c0-b0d2-c5ba43d86628@group-C29775A8E805, cid=4164, SUCCESS, logIndex=7161, commits[d5132e6f-def8-45c0-b0d2-c5ba43d86628:c7161]
2019-06-13 22:27:08,936 INFO  client.GrpcClientProtocolClient (GrpcClientProtocolClient.java:onNext(254)) - client-43E682E1E07B->d5132e6f-def8-45c0-b0d2-c5ba43d86628: receive RaftClientReply:client-43E682E1E07B->d5132e6f-def8-45c0-b0d2-c5ba43d86628@group-C29775A8E805, cid=4165, SUCCESS, logIndex=7164, commits[d5132e6f-def8-45c0-b0d2-c5ba43d86628:c7164]
2019-06-13 22:27:08,937 INFO  client.GrpcClientProtocolClient (GrpcClientProtocolClient.java:onNext(254)) - client-43E682E1E07B->d5132e6f-def8-45c0-b0d2-c5ba43d86628: receive RaftClientReply:client-43E682E1E07B->d5132e6f-def8-45c0-b0d2-c5ba43d86628@group-C29775A8E805, cid=4166, SUCCESS, logIndex=7166, commits[d5132e6f-def8-45c0-b0d2-c5ba43d86628:c7166]
2019-06-13 22:27:08,939 INFO  client.GrpcClientProtocolClient (GrpcClientProtocolClient.java:onNext(254)) - client-43E682E1E07B->d5132e6f-def8-45c0-b0d2-c5ba43d86628: receive RaftClientReply:client-43E682E1E07B->d5132e6f-def8-45c0-b0d2-c5ba43d86628@group-C29775A8E805, cid=4167, SUCCESS, logIndex=7167, commits[d5132e6f-def8-45c0-b0d2-c5ba43d86628:c7169]
2019-06-13 22:27:08,939 INFO  client.GrpcClientProtocolClient (GrpcClientProtocolClient.java:onNext(254)) - client-43E682E1E07B->d5132e6f-def8-45c0-b0d2-c5ba43d86628: receive RaftClientReply:client-43E682E1E07B->d5132e6f-def8-45c0-b0d2-c5ba43d86628@group-C29775A8E805, cid=4168, SUCCESS, logIndex=7168, commits[d5132e6f-def8-45c0-b0d2-c5ba43d86628:c7169]
2019-06-13 22:27:08,951 INFO  client.GrpcClientProtocolClient (GrpcClientProtocolClient.java:onNext(254)) - client-43E682E1E07B->d5132e6f-def8-45c0-b0d2-c5ba43d86628: receive RaftClientReply:client-43E682E1E07B->d5132e6f-def8-45c0-b0d2-c5ba43d86628@group-C29775A8E805, cid=4169, SUCCESS, logIndex=7170, commits[d5132e6f-def8-45c0-b0d2-c5ba43d86628:c7170]
2019-06-13 22:27:08,953 INFO  client.GrpcClientProtocolClient (GrpcClientProtocolClient.java:onNext(254)) - client-43E682E1E07B->d5132e6f-def8-45c0-b0d2-c5ba43d86628: receive RaftClientReply:client-43E682E1E07B->d5132e6f-def8-45c0-b0d2-c5ba43d86628@group-C29775A8E805, cid=4170, SUCCESS, logIndex=7172, commits[d5132e6f-def8-45c0-b0d2-c5ba43d86628:c7172]
2019-06-13 22:27:08,954 INFO  client.GrpcClientProtocolClient (GrpcClientProtocolClient.java:onNext(254)) - client-43E682E1E07B->d5132e6f-def8-45c0-b0d2-c5ba43d86628: receive RaftClientReply:client-43E682E1E07B->d5132e6f-def8-45c0-b0d2-c5ba43d86628@group-C29775A8E805, cid=4171, SUCCESS, logIndex=7173, commits[d5132e6f-def8-45c0-b0d2-c5ba43d86628:c7175]
2019-06-13 22:27:08,954 INFO  client.GrpcClientProtocolClient (GrpcClientProtocolClient.java:onNext(254)) - client-43E682E1E07B->d5132e6f-def8-45c0-b0d2-c5ba43d86628: receive RaftClientReply:client-43E682E1E07B->d5132e6f-def8-45c0-b0d2-c5ba43d86628@group-C29775A8E805, cid=4172, SUCCESS, logIndex=7174, commits[d5132e6f-def8-45c0-b0d2-c5ba43d86628:c7175]
2019-06-13 22:27:08,958 DEBUG block.SCMBlockDeletingService (SCMBlockDeletingService.java:call(138)) - Running DeletedBlockTransactionScanner
2019-06-13 22:27:08,959 DEBUG block.SCMBlockDeletingService (SCMBlockDeletingService.java:call(155)) - Scanned deleted blocks log and got 0 delTX to process.
2019-06-13 22:27:08,960 INFO  client.GrpcClientProtocolClient (GrpcClientProtocolClient.java:onNext(254)) - client-43E682E1E07B->d5132e6f-def8-45c0-b0d2-c5ba43d86628: receive RaftClientReply:client-43E682E1E07B->d5132e6f-def8-45c0-b0d2-c5ba43d86628@group-C29775A8E805, cid=4173, SUCCESS, logIndex=7176, commits[d5132e6f-def8-45c0-b0d2-c5ba43d86628:c7176]
2019-06-13 22:27:08,962 INFO  client.GrpcClientProtocolClient (GrpcClientProtocolClient.java:onNext(254)) - client-43E682E1E07B->d5132e6f-def8-45c0-b0d2-c5ba43d86628: receive RaftClientReply:client-43E682E1E07B->d5132e6f-def8-45c0-b0d2-c5ba43d86628@group-C29775A8E805, cid=4174, SUCCESS, logIndex=7178, commits[d5132e6f-def8-45c0-b0d2-c5ba43d86628:c7178]
2019-06-13 22:27:08,963 INFO  client.GrpcClientProtocolClient (GrpcClientProtocolClient.java:onNext(254)) - client-43E682E1E07B->d5132e6f-def8-45c0-b0d2-c5ba43d86628: receive RaftClientReply:client-43E682E1E07B->d5132e6f-def8-45c0-b0d2-c5ba43d86628@group-C29775A8E805, cid=4175, SUCCESS, logIndex=7179, commits[d5132e6f-def8-45c0-b0d2-c5ba43d86628:c7181]
2019-06-13 22:27:08,963 INFO  client.GrpcClientProtocolClient (GrpcClientProtocolClient.java:onNext(254)) - client-43E682E1E07B->d5132e6f-def8-45c0-b0d2-c5ba43d86628: receive RaftClientReply:client-43E682E1E07B->d5132e6f-def8-45c0-b0d2-c5ba43d86628@group-C29775A8E805, cid=4176, SUCCESS, logIndex=7180, commits[d5132e6f-def8-45c0-b0d2-c5ba43d86628:c7181]
2019-06-13 22:27:09,014 INFO  client.GrpcClientProtocolClient (GrpcClientProtocolClient.java:onNext(254)) - client-43E682E1E07B->d5132e6f-def8-45c0-b0d2-c5ba43d86628: receive RaftClientReply:client-43E682E1E07B->d5132e6f-def8-45c0-b0d2-c5ba43d86628@group-C29775A8E805, cid=4177, SUCCESS, logIndex=7182, commits[d5132e6f-def8-45c0-b0d2-c5ba43d86628:c7182]
2019-06-13 22:27:09,016 INFO  client.GrpcClientProtocolClient (GrpcClientProtocolClient.java:onNext(254)) - client-43E682E1E07B->d5132e6f-def8-45c0-b0d2-c5ba43d86628: receive RaftClientReply:client-43E682E1E07B->d5132e6f-def8-45c0-b0d2-c5ba43d86628@group-C29775A8E805, cid=4178, SUCCESS, logIndex=7184, commits[d5132e6f-def8-45c0-b0d2-c5ba43d86628:c7184]
2019-06-13 22:27:09,016 INFO  client.GrpcClientProtocolClient (GrpcClientProtocolClient.java:onNext(254)) - client-43E682E1E07B->d5132e6f-def8-45c0-b0d2-c5ba43d86628: receive RaftClientReply:client-43E682E1E07B->d5132e6f-def8-45c0-b0d2-c5ba43d86628@group-C29775A8E805, cid=4179, SUCCESS, logIndex=7185, commits[d5132e6f-def8-45c0-b0d2-c5ba43d86628:c7185]
2019-06-13 22:27:09,018 INFO  client.GrpcClientProtocolClient (GrpcClientProtocolClient.java:onNext(254)) - client-43E682E1E07B->d5132e6f-def8-45c0-b0d2-c5ba43d86628: receive RaftClientReply:client-43E682E1E07B->d5132e6f-def8-45c0-b0d2-c5ba43d86628@group-C29775A8E805, cid=4180, SUCCESS, logIndex=7188, commits[d5132e6f-def8-45c0-b0d2-c5ba43d86628:c7188]
2019-06-13 22:27:09,025 INFO  client.GrpcClientProtocolClient (GrpcClientProtocolClient.java:onNext(254)) - client-43E682E1E07B->d5132e6f-def8-45c0-b0d2-c5ba43d86628: receive RaftClientReply:client-43E682E1E07B->d5132e6f-def8-45c0-b0d2-c5ba43d86628@group-C29775A8E805, cid=4181, SUCCESS, logIndex=7190, commits[d5132e6f-def8-45c0-b0d2-c5ba43d86628:c7190]
2019-06-13 22:27:09,025 INFO  client.GrpcClientProtocolClient (GrpcClientProtocolClient.java:onNext(254)) - client-43E682E1E07B->d5132e6f-def8-45c0-b0d2-c5ba43d86628: receive RaftClientReply:client-43E682E1E07B->d5132e6f-def8-45c0-b0d2-c5ba43d86628@group-C29775A8E805, cid=4182, SUCCESS, logIndex=7192, commits[d5132e6f-def8-45c0-b0d2-c5ba43d86628:c7192]
2019-06-13 22:27:09,028 INFO  client.GrpcClientProtocolClient (GrpcClientProtocolClient.java:onNext(254)) - client-43E682E1E07B->d5132e6f-def8-45c0-b0d2-c5ba43d86628: receive RaftClientReply:client-43E682E1E07B->d5132e6f-def8-45c0-b0d2-c5ba43d86628@group-C29775A8E805, cid=4183, SUCCESS, logIndex=7194, commits[d5132e6f-def8-45c0-b0d2-c5ba43d86628:c7195]
2019-06-13 22:27:09,028 INFO  client.GrpcClientProtocolClient (GrpcClientProtocolClient.java:onNext(254)) - client-43E682E1E07B->d5132e6f-def8-45c0-b0d2-c5ba43d86628: receive RaftClientReply:client-43E682E1E07B->d5132e6f-def8-45c0-b0d2-c5ba43d86628@group-C29775A8E805, cid=4184, SUCCESS, logIndex=7195, commits[d5132e6f-def8-45c0-b0d2-c5ba43d86628:c7195]
2019-06-13 22:27:09,041 INFO  client.GrpcClientProtocolClient (GrpcClientProtocolClient.java:onNext(254)) - client-43E682E1E07B->d5132e6f-def8-45c0-b0d2-c5ba43d86628: receive RaftClientReply:client-43E682E1E07B->d5132e6f-def8-45c0-b0d2-c5ba43d86628@group-C29775A8E805, cid=4185, SUCCESS, logIndex=7197, commits[d5132e6f-def8-45c0-b0d2-c5ba43d86628:c7197]
2019-06-13 22:27:09,043 INFO  client.GrpcClientProtocolClient (GrpcClientProtocolClient.java:onNext(254)) - client-43E682E1E07B->d5132e6f-def8-45c0-b0d2-c5ba43d86628: receive RaftClientReply:client-43E682E1E07B->d5132e6f-def8-45c0-b0d2-c5ba43d86628@group-C29775A8E805, cid=4186, SUCCESS, logIndex=7199, commits[d5132e6f-def8-45c0-b0d2-c5ba43d86628:c7199]
2019-06-13 22:27:09,044 INFO  client.GrpcClientProtocolClient (GrpcClientProtocolClient.java:onNext(254)) - client-43E682E1E07B->d5132e6f-def8-45c0-b0d2-c5ba43d86628: receive RaftClientReply:client-43E682E1E07B->d5132e6f-def8-45c0-b0d2-c5ba43d86628@group-C29775A8E805, cid=4187, SUCCESS, logIndex=7200, commits[d5132e6f-def8-45c0-b0d2-c5ba43d86628:c7200]
2019-06-13 22:27:09,044 INFO  client.GrpcClientProtocolClient (GrpcClientProtocolClient.java:onNext(254)) - client-43E682E1E07B->d5132e6f-def8-45c0-b0d2-c5ba43d86628: receive RaftClientReply:client-43E682E1E07B->d5132e6f-def8-45c0-b0d2-c5ba43d86628@group-C29775A8E805, cid=4188, SUCCESS, logIndex=7202, commits[d5132e6f-def8-45c0-b0d2-c5ba43d86628:c7202]
2019-06-13 22:27:09,050 INFO  client.GrpcClientProtocolClient (GrpcClientProtocolClient.java:onNext(254)) - client-43E682E1E07B->d5132e6f-def8-45c0-b0d2-c5ba43d86628: receive RaftClientReply:client-43E682E1E07B->d5132e6f-def8-45c0-b0d2-c5ba43d86628@group-C29775A8E805, cid=4189, SUCCESS, logIndex=7205, commits[d5132e6f-def8-45c0-b0d2-c5ba43d86628:c7205]
2019-06-13 22:27:09,050 INFO  storage.RaftLogWorker (RaftLogWorker.java:rollLogSegment(303)) - d5132e6f-def8-45c0-b0d2-c5ba43d86628-RaftLogWorker: Rolling segment log-7132_7206 to index:7206
2019-06-13 22:27:09,050 INFO  storage.RaftLogWorker (RaftLogWorker.java:execute(433)) - d5132e6f-def8-45c0-b0d2-c5ba43d86628-RaftLogWorker: Rolled log segment from /opt/src/hadoop-ozone/integration-test/target/test-dir/MiniOzoneClusterImpl-e9ea07bb-4900-4b53-96c1-68f0ab556a80/datanode-0/data/ratis/c7035dd3-cd4a-42fb-880d-c29775a8e805/current/log_inprogress_7132 to /opt/src/hadoop-ozone/integration-test/target/test-dir/MiniOzoneClusterImpl-e9ea07bb-4900-4b53-96c1-68f0ab556a80/datanode-0/data/ratis/c7035dd3-cd4a-42fb-880d-c29775a8e805/current/log_7132-7206
2019-06-13 22:27:09,059 DEBUG block.SCMBlockDeletingService (SCMBlockDeletingService.java:call(138)) - Running DeletedBlockTransactionScanner
2019-06-13 22:27:09,059 DEBUG block.SCMBlockDeletingService (SCMBlockDeletingService.java:call(155)) - Scanned deleted blocks log and got 0 delTX to process.
2019-06-13 22:27:09,092 INFO  storage.RaftLogWorker (RaftLogWorker.java:execute(469)) - d5132e6f-def8-45c0-b0d2-c5ba43d86628-RaftLogWorker: created new log segment /opt/src/hadoop-ozone/integration-test/target/test-dir/MiniOzoneClusterImpl-e9ea07bb-4900-4b53-96c1-68f0ab556a80/datanode-0/data/ratis/c7035dd3-cd4a-42fb-880d-c29775a8e805/current/log_inprogress_7207
2019-06-13 22:27:09,094 INFO  client.GrpcClientProtocolClient (GrpcClientProtocolClient.java:onNext(254)) - client-43E682E1E07B->d5132e6f-def8-45c0-b0d2-c5ba43d86628: receive RaftClientReply:client-43E682E1E07B->d5132e6f-def8-45c0-b0d2-c5ba43d86628@group-C29775A8E805, cid=4190, SUCCESS, logIndex=7207, commits[d5132e6f-def8-45c0-b0d2-c5ba43d86628:c7209]
2019-06-13 22:27:09,094 INFO  client.GrpcClientProtocolClient (GrpcClientProtocolClient.java:onNext(254)) - client-43E682E1E07B->d5132e6f-def8-45c0-b0d2-c5ba43d86628: receive RaftClientReply:client-43E682E1E07B->d5132e6f-def8-45c0-b0d2-c5ba43d86628@group-C29775A8E805, cid=4191, SUCCESS, logIndex=7208, commits[d5132e6f-def8-45c0-b0d2-c5ba43d86628:c7209]
2019-06-13 22:27:09,095 INFO  client.GrpcClientProtocolClient (GrpcClientProtocolClient.java:onNext(254)) - client-43E682E1E07B->d5132e6f-def8-45c0-b0d2-c5ba43d86628: receive RaftClientReply:client-43E682E1E07B->d5132e6f-def8-45c0-b0d2-c5ba43d86628@group-C29775A8E805, cid=4192, SUCCESS, logIndex=7209, commits[d5132e6f-def8-45c0-b0d2-c5ba43d86628:c7209]
2019-06-13 22:27:09,106 INFO  client.GrpcClientProtocolClient (GrpcClientProtocolClient.java:onNext(254)) - client-43E682E1E07B->d5132e6f-def8-45c0-b0d2-c5ba43d86628: receive RaftClientReply:client-43E682E1E07B->d5132e6f-def8-45c0-b0d2-c5ba43d86628@group-C29775A8E805, cid=4193, SUCCESS, logIndex=7211, commits[d5132e6f-def8-45c0-b0d2-c5ba43d86628:c7211]
2019-06-13 22:27:09,108 INFO  client.GrpcClientProtocolClient (GrpcClientProtocolClient.java:onNext(254)) - client-43E682E1E07B->d5132e6f-def8-45c0-b0d2-c5ba43d86628: receive RaftClientReply:client-43E682E1E07B->d5132e6f-def8-45c0-b0d2-c5ba43d86628@group-C29775A8E805, cid=4194, SUCCESS, logIndex=7213, commits[d5132e6f-def8-45c0-b0d2-c5ba43d86628:c7213]
2019-06-13 22:27:09,110 INFO  client.GrpcClientProtocolClient (GrpcClientProtocolClient.java:onNext(254)) - client-43E682E1E07B->d5132e6f-def8-45c0-b0d2-c5ba43d86628: receive RaftClientReply:client-43E682E1E07B->d5132e6f-def8-45c0-b0d2-c5ba43d86628@group-C29775A8E805, cid=4195, SUCCESS, logIndex=7214, commits[d5132e6f-def8-45c0-b0d2-c5ba43d86628:c7216]
2019-06-13 22:27:09,110 INFO  client.GrpcClientProtocolClient (GrpcClientProtocolClient.java:onNext(254)) - client-43E682E1E07B->d5132e6f-def8-45c0-b0d2-c5ba43d86628: receive RaftClientReply:client-43E682E1E07B->d5132e6f-def8-45c0-b0d2-c5ba43d86628@group-C29775A8E805, cid=4196, SUCCESS, logIndex=7215, commits[d5132e6f-def8-45c0-b0d2-c5ba43d86628:c7216]
2019-06-13 22:27:09,118 INFO  client.GrpcClientProtocolClient (GrpcClientProtocolClient.java:onNext(254)) - client-43E682E1E07B->d5132e6f-def8-45c0-b0d2-c5ba43d86628: receive RaftClientReply:client-43E682E1E07B->d5132e6f-def8-45c0-b0d2-c5ba43d86628@group-C29775A8E805, cid=4197, SUCCESS, logIndex=7217, commits[d5132e6f-def8-45c0-b0d2-c5ba43d86628:c7217]
2019-06-13 22:27:09,122 INFO  client.GrpcClientProtocolClient (GrpcClientProtocolClient.java:onNext(254)) - client-43E682E1E07B->d5132e6f-def8-45c0-b0d2-c5ba43d86628: receive RaftClientReply:client-43E682E1E07B->d5132e6f-def8-45c0-b0d2-c5ba43d86628@group-C29775A8E805, cid=4198, SUCCESS, logIndex=7219, commits[d5132e6f-def8-45c0-b0d2-c5ba43d86628:c7219]
2019-06-13 22:27:09,159 DEBUG block.SCMBlockDeletingService (SCMBlockDeletingService.java:call(138)) - Running DeletedBlockTransactionScanner
2019-06-13 22:27:09,160 DEBUG block.SCMBlockDeletingService (SCMBlockDeletingService.java:call(155)) - Scanned deleted blocks log and got 0 delTX to process.
2019-06-13 22:27:09,192 INFO  client.GrpcClientProtocolClient (GrpcClientProtocolClient.java:onNext(254)) - client-43E682E1E07B->d5132e6f-def8-45c0-b0d2-c5ba43d86628: receive RaftClientReply:client-43E682E1E07B->d5132e6f-def8-45c0-b0d2-c5ba43d86628@group-C29775A8E805, cid=4199, SUCCESS, logIndex=7221, commits[d5132e6f-def8-45c0-b0d2-c5ba43d86628:c7221]
2019-06-13 22:27:09,193 INFO  client.GrpcClientProtocolClient (GrpcClientProtocolClient.java:onNext(254)) - client-43E682E1E07B->d5132e6f-def8-45c0-b0d2-c5ba43d86628: receive RaftClientReply:client-43E682E1E07B->d5132e6f-def8-45c0-b0d2-c5ba43d86628@group-C29775A8E805, cid=4200, SUCCESS, logIndex=7223, commits[d5132e6f-def8-45c0-b0d2-c5ba43d86628:c7223]
2019-06-13 22:27:09,208 INFO  client.GrpcClientProtocolClient (GrpcClientProtocolClient.java:onNext(254)) - client-43E682E1E07B->d5132e6f-def8-45c0-b0d2-c5ba43d86628: receive RaftClientReply:client-43E682E1E07B->d5132e6f-def8-45c0-b0d2-c5ba43d86628@group-C29775A8E805, cid=4201, SUCCESS, logIndex=7225, commits[d5132e6f-def8-45c0-b0d2-c5ba43d86628:c7225]
2019-06-13 22:27:09,210 INFO  client.GrpcClientProtocolClient (GrpcClientProtocolClient.java:onNext(254)) - client-43E682E1E07B->d5132e6f-def8-45c0-b0d2-c5ba43d86628: receive RaftClientReply:client-43E682E1E07B->d5132e6f-def8-45c0-b0d2-c5ba43d86628@group-C29775A8E805, cid=4202, SUCCESS, logIndex=7227, commits[d5132e6f-def8-45c0-b0d2-c5ba43d86628:c7227]
2019-06-13 22:27:09,210 INFO  client.GrpcClientProtocolClient (GrpcClientProtocolClient.java:onNext(254)) - client-43E682E1E07B->d5132e6f-def8-45c0-b0d2-c5ba43d86628: receive RaftClientReply:client-43E682E1E07B->d5132e6f-def8-45c0-b0d2-c5ba43d86628@group-C29775A8E805, cid=4203, SUCCESS, logIndex=7228, commits[d5132e6f-def8-45c0-b0d2-c5ba43d86628:c7229]
2019-06-13 22:27:09,211 INFO  client.GrpcClientProtocolClient (GrpcClientProtocolClient.java:onNext(254)) - client-43E682E1E07B->d5132e6f-def8-45c0-b0d2-c5ba43d86628: receive RaftClientReply:client-43E682E1E07B->d5132e6f-def8-45c0-b0d2-c5ba43d86628@group-C29775A8E805, cid=4204, SUCCESS, logIndex=7229, commits[d5132e6f-def8-45c0-b0d2-c5ba43d86628:c7230]
2019-06-13 22:27:09,223 INFO  client.GrpcClientProtocolClient (GrpcClientProtocolClient.java:onNext(254)) - client-43E682E1E07B->d5132e6f-def8-45c0-b0d2-c5ba43d86628: receive RaftClientReply:client-43E682E1E07B->d5132e6f-def8-45c0-b0d2-c5ba43d86628@group-C29775A8E805, cid=4205, SUCCESS, logIndex=7232, commits[d5132e6f-def8-45c0-b0d2-c5ba43d86628:c7232]
2019-06-13 22:27:09,225 INFO  client.GrpcClientProtocolClient (GrpcClientProtocolClient.java:onNext(254)) - client-43E682E1E07B->d5132e6f-def8-45c0-b0d2-c5ba43d86628: receive RaftClientReply:client-43E682E1E07B->d5132e6f-def8-45c0-b0d2-c5ba43d86628@group-C29775A8E805, cid=4206, SUCCESS, logIndex=7234, commits[d5132e6f-def8-45c0-b0d2-c5ba43d86628:c7234]
2019-06-13 22:27:09,228 INFO  client.GrpcClientProtocolClient (GrpcClientProtocolClient.java:onNext(254)) - client-43E682E1E07B->d5132e6f-def8-45c0-b0d2-c5ba43d86628: receive RaftClientReply:client-43E682E1E07B->d5132e6f-def8-45c0-b0d2-c5ba43d86628@group-C29775A8E805, cid=4207, SUCCESS, logIndex=7235, commits[d5132e6f-def8-45c0-b0d2-c5ba43d86628:c7237]
2019-06-13 22:27:09,228 INFO  client.GrpcClientProtocolClient (GrpcClientProtocolClient.java:onNext(254)) - client-43E682E1E07B->d5132e6f-def8-45c0-b0d2-c5ba43d86628: receive RaftClientReply:client-43E682E1E07B->d5132e6f-def8-45c0-b0d2-c5ba43d86628@group-C29775A8E805, cid=4208, SUCCESS, logIndex=7236, commits[d5132e6f-def8-45c0-b0d2-c5ba43d86628:c7237]
2019-06-13 22:27:09,242 INFO  client.GrpcClientProtocolClient (GrpcClientProtocolClient.java:onNext(254)) - client-43E682E1E07B->d5132e6f-def8-45c0-b0d2-c5ba43d86628: receive RaftClientReply:client-43E682E1E07B->d5132e6f-def8-45c0-b0d2-c5ba43d86628@group-C29775A8E805, cid=4209, SUCCESS, logIndex=7238, commits[d5132e6f-def8-45c0-b0d2-c5ba43d86628:c7238]
2019-06-13 22:27:09,244 INFO  client.GrpcClientProtocolClient (GrpcClientProtocolClient.java:onNext(254)) - client-43E682E1E07B->d5132e6f-def8-45c0-b0d2-c5ba43d86628: receive RaftClientReply:client-43E682E1E07B->d5132e6f-def8-45c0-b0d2-c5ba43d86628@group-C29775A8E805, cid=4210, SUCCESS, logIndex=7240, commits[d5132e6f-def8-45c0-b0d2-c5ba43d86628:c7240]
2019-06-13 22:27:09,244 INFO  client.GrpcClientProtocolClient (GrpcClientProtocolClient.java:onNext(254)) - client-43E682E1E07B->d5132e6f-def8-45c0-b0d2-c5ba43d86628: receive RaftClientReply:client-43E682E1E07B->d5132e6f-def8-45c0-b0d2-c5ba43d86628@group-C29775A8E805, cid=4211, SUCCESS, logIndex=7241, commits[d5132e6f-def8-45c0-b0d2-c5ba43d86628:c7243]
2019-06-13 22:27:09,245 INFO  client.GrpcClientProtocolClient (GrpcClientProtocolClient.java:onNext(254)) - client-43E682E1E07B->d5132e6f-def8-45c0-b0d2-c5ba43d86628: receive RaftClientReply:client-43E682E1E07B->d5132e6f-def8-45c0-b0d2-c5ba43d86628@group-C29775A8E805, cid=4212, SUCCESS, logIndex=7243, commits[d5132e6f-def8-45c0-b0d2-c5ba43d86628:c7243]
2019-06-13 22:27:09,251 INFO  client.GrpcClientProtocolClient (GrpcClientProtocolClient.java:onNext(254)) - client-43E682E1E07B->d5132e6f-def8-45c0-b0d2-c5ba43d86628: receive RaftClientReply:client-43E682E1E07B->d5132e6f-def8-45c0-b0d2-c5ba43d86628@group-C29775A8E805, cid=4213, SUCCESS, logIndex=7245, commits[d5132e6f-def8-45c0-b0d2-c5ba43d86628:c7245]
2019-06-13 22:27:09,253 INFO  client.GrpcClientProtocolClient (GrpcClientProtocolClient.java:onNext(254)) - client-43E682E1E07B->d5132e6f-def8-45c0-b0d2-c5ba43d86628: receive RaftClientReply:client-43E682E1E07B->d5132e6f-def8-45c0-b0d2-c5ba43d86628@group-C29775A8E805, cid=4214, SUCCESS, logIndex=7247, commits[d5132e6f-def8-45c0-b0d2-c5ba43d86628:c7247]
2019-06-13 22:27:09,253 INFO  client.GrpcClientProtocolClient (GrpcClientProtocolClient.java:onNext(254)) - client-43E682E1E07B->d5132e6f-def8-45c0-b0d2-c5ba43d86628: receive RaftClientReply:client-43E682E1E07B->d5132e6f-def8-45c0-b0d2-c5ba43d86628@group-C29775A8E805, cid=4215, SUCCESS, logIndex=7248, commits[d5132e6f-def8-45c0-b0d2-c5ba43d86628:c7248]
2019-06-13 22:27:09,254 INFO  client.GrpcClientProtocolClient (GrpcClientProtocolClient.java:onNext(254)) - client-43E682E1E07B->d5132e6f-def8-45c0-b0d2-c5ba43d86628: receive RaftClientReply:client-43E682E1E07B->d5132e6f-def8-45c0-b0d2-c5ba43d86628@group-C29775A8E805, cid=4216, SUCCESS, logIndex=7250, commits[d5132e6f-def8-45c0-b0d2-c5ba43d86628:c7250]
2019-06-13 22:27:09,260 DEBUG block.SCMBlockDeletingService (SCMBlockDeletingService.java:call(138)) - Running DeletedBlockTransactionScanner
2019-06-13 22:27:09,260 DEBUG block.SCMBlockDeletingService (SCMBlockDeletingService.java:call(155)) - Scanned deleted blocks log and got 0 delTX to process.
2019-06-13 22:27:09,266 INFO  client.GrpcClientProtocolClient (GrpcClientProtocolClient.java:onNext(254)) - client-43E682E1E07B->d5132e6f-def8-45c0-b0d2-c5ba43d86628: receive RaftClientReply:client-43E682E1E07B->d5132e6f-def8-45c0-b0d2-c5ba43d86628@group-C29775A8E805, cid=4217, SUCCESS, logIndex=7253, commits[d5132e6f-def8-45c0-b0d2-c5ba43d86628:c7253]
2019-06-13 22:27:09,268 INFO  client.GrpcClientProtocolClient (GrpcClientProtocolClient.java:onNext(254)) - client-43E682E1E07B->d5132e6f-def8-45c0-b0d2-c5ba43d86628: receive RaftClientReply:client-43E682E1E07B->d5132e6f-def8-45c0-b0d2-c5ba43d86628@group-C29775A8E805, cid=4218, SUCCESS, logIndex=7255, commits[d5132e6f-def8-45c0-b0d2-c5ba43d86628:c7255]
2019-06-13 22:27:09,269 INFO  client.GrpcClientProtocolClient (GrpcClientProtocolClient.java:onNext(254)) - client-43E682E1E07B->d5132e6f-def8-45c0-b0d2-c5ba43d86628: receive RaftClientReply:client-43E682E1E07B->d5132e6f-def8-45c0-b0d2-c5ba43d86628@group-C29775A8E805, cid=4219, SUCCESS, logIndex=7256, commits[d5132e6f-def8-45c0-b0d2-c5ba43d86628:c7258]
2019-06-13 22:27:09,269 INFO  client.GrpcClientProtocolClient (GrpcClientProtocolClient.java:onNext(254)) - client-43E682E1E07B->d5132e6f-def8-45c0-b0d2-c5ba43d86628: receive RaftClientReply:client-43E682E1E07B->d5132e6f-def8-45c0-b0d2-c5ba43d86628@group-C29775A8E805, cid=4220, SUCCESS, logIndex=7257, commits[d5132e6f-def8-45c0-b0d2-c5ba43d86628:c7258]
2019-06-13 22:27:09,275 INFO  client.GrpcClientProtocolClient (GrpcClientProtocolClient.java:onNext(254)) - client-43E682E1E07B->d5132e6f-def8-45c0-b0d2-c5ba43d86628: receive RaftClientReply:client-43E682E1E07B->d5132e6f-def8-45c0-b0d2-c5ba43d86628@group-C29775A8E805, cid=4221, SUCCESS, logIndex=7259, commits[d5132e6f-def8-45c0-b0d2-c5ba43d86628:c7259]
2019-06-13 22:27:09,276 INFO  client.GrpcClientProtocolClient (GrpcClientProtocolClient.java:onNext(254)) - client-43E682E1E07B->d5132e6f-def8-45c0-b0d2-c5ba43d86628: receive RaftClientReply:client-43E682E1E07B->d5132e6f-def8-45c0-b0d2-c5ba43d86628@group-C29775A8E805, cid=4222, SUCCESS, logIndex=7261, commits[d5132e6f-def8-45c0-b0d2-c5ba43d86628:c7261]
2019-06-13 22:27:09,278 INFO  client.GrpcClientProtocolClient (GrpcClientProtocolClient.java:onNext(254)) - client-43E682E1E07B->d5132e6f-def8-45c0-b0d2-c5ba43d86628: receive RaftClientReply:client-43E682E1E07B->d5132e6f-def8-45c0-b0d2-c5ba43d86628@group-C29775A8E805, cid=4223, SUCCESS, logIndex=7263, commits[d5132e6f-def8-45c0-b0d2-c5ba43d86628:c7264]
2019-06-13 22:27:09,279 INFO  client.GrpcClientProtocolClient (GrpcClientProtocolClient.java:onNext(254)) - client-43E682E1E07B->d5132e6f-def8-45c0-b0d2-c5ba43d86628: receive RaftClientReply:client-43E682E1E07B->d5132e6f-def8-45c0-b0d2-c5ba43d86628@group-C29775A8E805, cid=4224, SUCCESS, logIndex=7264, commits[d5132e6f-def8-45c0-b0d2-c5ba43d86628:c7264]
2019-06-13 22:27:09,294 INFO  client.GrpcClientProtocolClient (GrpcClientProtocolClient.java:onNext(254)) - client-43E682E1E07B->d5132e6f-def8-45c0-b0d2-c5ba43d86628: receive RaftClientReply:client-43E682E1E07B->d5132e6f-def8-45c0-b0d2-c5ba43d86628@group-C29775A8E805, cid=4225, SUCCESS, logIndex=7266, commits[d5132e6f-def8-45c0-b0d2-c5ba43d86628:c7266]
2019-06-13 22:27:09,295 INFO  client.GrpcClientProtocolClient (GrpcClientProtocolClient.java:onNext(254)) - client-43E682E1E07B->d5132e6f-def8-45c0-b0d2-c5ba43d86628: receive RaftClientReply:client-43E682E1E07B->d5132e6f-def8-45c0-b0d2-c5ba43d86628@group-C29775A8E805, cid=4226, SUCCESS, logIndex=7268, commits[d5132e6f-def8-45c0-b0d2-c5ba43d86628:c7268]
2019-06-13 22:27:09,298 INFO  client.GrpcClientProtocolClient (GrpcClientProtocolClient.java:onNext(254)) - client-43E682E1E07B->d5132e6f-def8-45c0-b0d2-c5ba43d86628: receive RaftClientReply:client-43E682E1E07B->d5132e6f-def8-45c0-b0d2-c5ba43d86628@group-C29775A8E805, cid=4227, SUCCESS, logIndex=7270, commits[d5132e6f-def8-45c0-b0d2-c5ba43d86628:c7271]
2019-06-13 22:27:09,298 INFO  client.GrpcClientProtocolClient (GrpcClientProtocolClient.java:onNext(254)) - client-43E682E1E07B->d5132e6f-def8-45c0-b0d2-c5ba43d86628: receive RaftClientReply:client-43E682E1E07B->d5132e6f-def8-45c0-b0d2-c5ba43d86628@group-C29775A8E805, cid=4228, SUCCESS, logIndex=7271, commits[d5132e6f-def8-45c0-b0d2-c5ba43d86628:c7271]
2019-06-13 22:27:09,305 INFO  client.GrpcClientProtocolClient (GrpcClientProtocolClient.java:onNext(254)) - client-43E682E1E07B->d5132e6f-def8-45c0-b0d2-c5ba43d86628: receive RaftClientReply:client-43E682E1E07B->d5132e6f-def8-45c0-b0d2-c5ba43d86628@group-C29775A8E805, cid=4229, SUCCESS, logIndex=7273, commits[d5132e6f-def8-45c0-b0d2-c5ba43d86628:c7273]
2019-06-13 22:27:09,305 INFO  storage.RaftLogWorker (RaftLogWorker.java:rollLogSegment(303)) - d5132e6f-def8-45c0-b0d2-c5ba43d86628-RaftLogWorker: Rolling segment log-7207_7276 to index:7276
2019-06-13 22:27:09,306 INFO  client.GrpcClientProtocolClient (GrpcClientProtocolClient.java:onNext(254)) - client-43E682E1E07B->d5132e6f-def8-45c0-b0d2-c5ba43d86628: receive RaftClientReply:client-43E682E1E07B->d5132e6f-def8-45c0-b0d2-c5ba43d86628@group-C29775A8E805, cid=4230, SUCCESS, logIndex=7275, commits[d5132e6f-def8-45c0-b0d2-c5ba43d86628:c7275]
2019-06-13 22:27:09,306 INFO  storage.RaftLogWorker (RaftLogWorker.java:execute(433)) - d5132e6f-def8-45c0-b0d2-c5ba43d86628-RaftLogWorker: Rolled log segment from /opt/src/hadoop-ozone/integration-test/target/test-dir/MiniOzoneClusterImpl-e9ea07bb-4900-4b53-96c1-68f0ab556a80/datanode-0/data/ratis/c7035dd3-cd4a-42fb-880d-c29775a8e805/current/log_inprogress_7207 to /opt/src/hadoop-ozone/integration-test/target/test-dir/MiniOzoneClusterImpl-e9ea07bb-4900-4b53-96c1-68f0ab556a80/datanode-0/data/ratis/c7035dd3-cd4a-42fb-880d-c29775a8e805/current/log_7207-7276
2019-06-13 22:27:09,310 INFO  client.GrpcClientProtocolClient (GrpcClientProtocolClient.java:onNext(254)) - client-43E682E1E07B->d5132e6f-def8-45c0-b0d2-c5ba43d86628: receive RaftClientReply:client-43E682E1E07B->d5132e6f-def8-45c0-b0d2-c5ba43d86628@group-C29775A8E805, cid=4231, SUCCESS, logIndex=7276, commits[d5132e6f-def8-45c0-b0d2-c5ba43d86628:c7276]
2019-06-13 22:27:09,357 INFO  storage.RaftLogWorker (RaftLogWorker.java:execute(469)) - d5132e6f-def8-45c0-b0d2-c5ba43d86628-RaftLogWorker: created new log segment /opt/src/hadoop-ozone/integration-test/target/test-dir/MiniOzoneClusterImpl-e9ea07bb-4900-4b53-96c1-68f0ab556a80/datanode-0/data/ratis/c7035dd3-cd4a-42fb-880d-c29775a8e805/current/log_inprogress_7277
2019-06-13 22:27:09,359 INFO  client.GrpcClientProtocolClient (GrpcClientProtocolClient.java:onNext(254)) - client-43E682E1E07B->d5132e6f-def8-45c0-b0d2-c5ba43d86628: receive RaftClientReply:client-43E682E1E07B->d5132e6f-def8-45c0-b0d2-c5ba43d86628@group-C29775A8E805, cid=4232, SUCCESS, logIndex=7277, commits[d5132e6f-def8-45c0-b0d2-c5ba43d86628:c7279]
2019-06-13 22:27:09,360 DEBUG block.SCMBlockDeletingService (SCMBlockDeletingService.java:call(138)) - Running DeletedBlockTransactionScanner
2019-06-13 22:27:09,360 DEBUG block.SCMBlockDeletingService (SCMBlockDeletingService.java:call(155)) - Scanned deleted blocks log and got 0 delTX to process.
2019-06-13 22:27:09,371 INFO  client.GrpcClientProtocolClient (GrpcClientProtocolClient.java:onNext(254)) - client-43E682E1E07B->d5132e6f-def8-45c0-b0d2-c5ba43d86628: receive RaftClientReply:client-43E682E1E07B->d5132e6f-def8-45c0-b0d2-c5ba43d86628@group-C29775A8E805, cid=4233, SUCCESS, logIndex=7280, commits[d5132e6f-def8-45c0-b0d2-c5ba43d86628:c7280]
2019-06-13 22:27:09,374 INFO  client.GrpcClientProtocolClient (GrpcClientProtocolClient.java:onNext(254)) - client-43E682E1E07B->d5132e6f-def8-45c0-b0d2-c5ba43d86628: receive RaftClientReply:client-43E682E1E07B->d5132e6f-def8-45c0-b0d2-c5ba43d86628@group-C29775A8E805, cid=4234, SUCCESS, logIndex=7282, commits[d5132e6f-def8-45c0-b0d2-c5ba43d86628:c7284]
2019-06-13 22:27:09,374 INFO  client.GrpcClientProtocolClient (GrpcClientProtocolClient.java:onNext(254)) - client-43E682E1E07B->d5132e6f-def8-45c0-b0d2-c5ba43d86628: receive RaftClientReply:client-43E682E1E07B->d5132e6f-def8-45c0-b0d2-c5ba43d86628@group-C29775A8E805, cid=4235, SUCCESS, logIndex=7283, commits[d5132e6f-def8-45c0-b0d2-c5ba43d86628:c7284]
2019-06-13 22:27:09,375 INFO  client.GrpcClientProtocolClient (GrpcClientProtocolClient.java:onNext(254)) - client-43E682E1E07B->d5132e6f-def8-45c0-b0d2-c5ba43d86628: receive RaftClientReply:client-43E682E1E07B->d5132e6f-def8-45c0-b0d2-c5ba43d86628@group-C29775A8E805, cid=4236, SUCCESS, logIndex=7284, commits[d5132e6f-def8-45c0-b0d2-c5ba43d86628:c7284]
2019-06-13 22:27:09,381 INFO  client.GrpcClientProtocolClient (GrpcClientProtocolClient.java:onNext(254)) - client-43E682E1E07B->d5132e6f-def8-45c0-b0d2-c5ba43d86628: receive RaftClientReply:client-43E682E1E07B->d5132e6f-def8-45c0-b0d2-c5ba43d86628@group-C29775A8E805, cid=4237, SUCCESS, logIndex=7286, commits[d5132e6f-def8-45c0-b0d2-c5ba43d86628:c7286]
2019-06-13 22:27:09,383 INFO  client.GrpcClientProtocolClient (GrpcClientProtocolClient.java:onNext(254)) - client-43E682E1E07B->d5132e6f-def8-45c0-b0d2-c5ba43d86628: receive RaftClientReply:client-43E682E1E07B->d5132e6f-def8-45c0-b0d2-c5ba43d86628@group-C29775A8E805, cid=4238, SUCCESS, logIndex=7288, commits[d5132e6f-def8-45c0-b0d2-c5ba43d86628:c7288]
2019-06-13 22:27:09,384 INFO  client.GrpcClientProtocolClient (GrpcClientProtocolClient.java:onNext(254)) - client-43E682E1E07B->d5132e6f-def8-45c0-b0d2-c5ba43d86628: receive RaftClientReply:client-43E682E1E07B->d5132e6f-def8-45c0-b0d2-c5ba43d86628@group-C29775A8E805, cid=4239, SUCCESS, logIndex=7289, commits[d5132e6f-def8-45c0-b0d2-c5ba43d86628:c7291]
2019-06-13 22:27:09,384 INFO  client.GrpcClientProtocolClient (GrpcClientProtocolClient.java:onNext(254)) - client-43E682E1E07B->d5132e6f-def8-45c0-b0d2-c5ba43d86628: receive RaftClientReply:client-43E682E1E07B->d5132e6f-def8-45c0-b0d2-c5ba43d86628@group-C29775A8E805, cid=4240, SUCCESS, logIndex=7290, commits[d5132e6f-def8-45c0-b0d2-c5ba43d86628:c7291]
2019-06-13 22:27:09,395 INFO  client.GrpcClientProtocolClient (GrpcClientProtocolClient.java:onNext(254)) - client-43E682E1E07B->d5132e6f-def8-45c0-b0d2-c5ba43d86628: receive RaftClientReply:client-43E682E1E07B->d5132e6f-def8-45c0-b0d2-c5ba43d86628@group-C29775A8E805, cid=4241, SUCCESS, logIndex=7292, commits[d5132e6f-def8-45c0-b0d2-c5ba43d86628:c7292]
2019-06-13 22:27:09,396 INFO  client.GrpcClientProtocolClient (GrpcClientProtocolClient.java:onNext(254)) - client-43E682E1E07B->d5132e6f-def8-45c0-b0d2-c5ba43d86628: receive RaftClientReply:client-43E682E1E07B->d5132e6f-def8-45c0-b0d2-c5ba43d86628@group-C29775A8E805, cid=4242, SUCCESS, logIndex=7294, commits[d5132e6f-def8-45c0-b0d2-c5ba43d86628:c7294]
2019-06-13 22:27:09,494 DEBUG block.SCMBlockDeletingService (SCMBlockDeletingService.java:call(138)) - Running DeletedBlockTransactionScanner
2019-06-13 22:27:09,494 DEBUG block.SCMBlockDeletingService (SCMBlockDeletingService.java:call(155)) - Scanned deleted blocks log and got 0 delTX to process.
2019-06-13 22:27:09,505 INFO  client.GrpcClientProtocolClient (GrpcClientProtocolClient.java:onNext(254)) - client-43E682E1E07B->d5132e6f-def8-45c0-b0d2-c5ba43d86628: receive RaftClientReply:client-43E682E1E07B->d5132e6f-def8-45c0-b0d2-c5ba43d86628@group-C29775A8E805, cid=4243, SUCCESS, logIndex=7296, commits[d5132e6f-def8-45c0-b0d2-c5ba43d86628:c7296]
2019-06-13 22:27:09,507 INFO  client.GrpcClientProtocolClient (GrpcClientProtocolClient.java:onNext(254)) - client-43E682E1E07B->d5132e6f-def8-45c0-b0d2-c5ba43d86628: receive RaftClientReply:client-43E682E1E07B->d5132e6f-def8-45c0-b0d2-c5ba43d86628@group-C29775A8E805, cid=4244, SUCCESS, logIndex=7298, commits[d5132e6f-def8-45c0-b0d2-c5ba43d86628:c7298]
2019-06-13 22:27:09,513 INFO  client.GrpcClientProtocolClient (GrpcClientProtocolClient.java:onNext(254)) - client-43E682E1E07B->d5132e6f-def8-45c0-b0d2-c5ba43d86628: receive RaftClientReply:client-43E682E1E07B->d5132e6f-def8-45c0-b0d2-c5ba43d86628@group-C29775A8E805, cid=4245, SUCCESS, logIndex=7300, commits[d5132e6f-def8-45c0-b0d2-c5ba43d86628:c7300]
2019-06-13 22:27:09,515 INFO  client.GrpcClientProtocolClient (GrpcClientProtocolClient.java:onNext(254)) - client-43E682E1E07B->d5132e6f-def8-45c0-b0d2-c5ba43d86628: receive RaftClientReply:client-43E682E1E07B->d5132e6f-def8-45c0-b0d2-c5ba43d86628@group-C29775A8E805, cid=4246, SUCCESS, logIndex=7302, commits[d5132e6f-def8-45c0-b0d2-c5ba43d86628:c7302]
2019-06-13 22:27:09,516 INFO  client.GrpcClientProtocolClient (GrpcClientProtocolClient.java:onNext(254)) - client-43E682E1E07B->d5132e6f-def8-45c0-b0d2-c5ba43d86628: receive RaftClientReply:client-43E682E1E07B->d5132e6f-def8-45c0-b0d2-c5ba43d86628@group-C29775A8E805, cid=4247, SUCCESS, logIndex=7303, commits[d5132e6f-def8-45c0-b0d2-c5ba43d86628:c7304]
2019-06-13 22:27:09,516 INFO  client.GrpcClientProtocolClient (GrpcClientProtocolClient.java:onNext(254)) - client-43E682E1E07B->d5132e6f-def8-45c0-b0d2-c5ba43d86628: receive RaftClientReply:client-43E682E1E07B->d5132e6f-def8-45c0-b0d2-c5ba43d86628@group-C29775A8E805, cid=4248, SUCCESS, logIndex=7304, commits[d5132e6f-def8-45c0-b0d2-c5ba43d86628:c7305]
2019-06-13 22:27:09,530 INFO  client.GrpcClientProtocolClient (GrpcClientProtocolClient.java:onNext(254)) - client-43E682E1E07B->d5132e6f-def8-45c0-b0d2-c5ba43d86628: receive RaftClientReply:client-43E682E1E07B->d5132e6f-def8-45c0-b0d2-c5ba43d86628@group-C29775A8E805, cid=4249, SUCCESS, logIndex=7307, commits[d5132e6f-def8-45c0-b0d2-c5ba43d86628:c7307]
2019-06-13 22:27:09,532 INFO  client.GrpcClientProtocolClient (GrpcClientProtocolClient.java:onNext(254)) - client-43E682E1E07B->d5132e6f-def8-45c0-b0d2-c5ba43d86628: receive RaftClientReply:client-43E682E1E07B->d5132e6f-def8-45c0-b0d2-c5ba43d86628@group-C29775A8E805, cid=4250, SUCCESS, logIndex=7309, commits[d5132e6f-def8-45c0-b0d2-c5ba43d86628:c7309]
2019-06-13 22:27:09,533 INFO  client.GrpcClientProtocolClient (GrpcClientProtocolClient.java:onNext(254)) - client-43E682E1E07B->d5132e6f-def8-45c0-b0d2-c5ba43d86628: receive RaftClientReply:client-43E682E1E07B->d5132e6f-def8-45c0-b0d2-c5ba43d86628@group-C29775A8E805, cid=4251, SUCCESS, logIndex=7310, commits[d5132e6f-def8-45c0-b0d2-c5ba43d86628:c7312]
2019-06-13 22:27:09,533 INFO  client.GrpcClientProtocolClient (GrpcClientProtocolClient.java:onNext(254)) - client-43E682E1E07B->d5132e6f-def8-45c0-b0d2-c5ba43d86628: receive RaftClientReply:client-43E682E1E07B->d5132e6f-def8-45c0-b0d2-c5ba43d86628@group-C29775A8E805, cid=4252, SUCCESS, logIndex=7311, commits[d5132e6f-def8-45c0-b0d2-c5ba43d86628:c7312]
2019-06-13 22:27:09,539 INFO  client.GrpcClientProtocolClient (GrpcClientProtocolClient.java:onNext(254)) - client-43E682E1E07B->d5132e6f-def8-45c0-b0d2-c5ba43d86628: receive RaftClientReply:client-43E682E1E07B->d5132e6f-def8-45c0-b0d2-c5ba43d86628@group-C29775A8E805, cid=4253, SUCCESS, logIndex=7313, commits[d5132e6f-def8-45c0-b0d2-c5ba43d86628:c7313]
2019-06-13 22:27:09,540 INFO  client.GrpcClientProtocolClient (GrpcClientProtocolClient.java:onNext(254)) - client-43E682E1E07B->d5132e6f-def8-45c0-b0d2-c5ba43d86628: receive RaftClientReply:client-43E682E1E07B->d5132e6f-def8-45c0-b0d2-c5ba43d86628@group-C29775A8E805, cid=4254, SUCCESS, logIndex=7315, commits[d5132e6f-def8-45c0-b0d2-c5ba43d86628:c7315]
2019-06-13 22:27:09,543 INFO  client.GrpcClientProtocolClient (GrpcClientProtocolClient.java:onNext(254)) - client-43E682E1E07B->d5132e6f-def8-45c0-b0d2-c5ba43d86628: receive RaftClientReply:client-43E682E1E07B->d5132e6f-def8-45c0-b0d2-c5ba43d86628@group-C29775A8E805, cid=4255, SUCCESS, logIndex=7317, commits[d5132e6f-def8-45c0-b0d2-c5ba43d86628:c7318]
2019-06-13 22:27:09,543 INFO  client.GrpcClientProtocolClient (GrpcClientProtocolClient.java:onNext(254)) - client-43E682E1E07B->d5132e6f-def8-45c0-b0d2-c5ba43d86628: receive RaftClientReply:client-43E682E1E07B->d5132e6f-def8-45c0-b0d2-c5ba43d86628@group-C29775A8E805, cid=4256, SUCCESS, logIndex=7318, commits[d5132e6f-def8-45c0-b0d2-c5ba43d86628:c7318]
2019-06-13 22:27:09,558 INFO  client.GrpcClientProtocolClient (GrpcClientProtocolClient.java:onNext(254)) - client-43E682E1E07B->d5132e6f-def8-45c0-b0d2-c5ba43d86628: receive RaftClientReply:client-43E682E1E07B->d5132e6f-def8-45c0-b0d2-c5ba43d86628@group-C29775A8E805, cid=4257, SUCCESS, logIndex=7320, commits[d5132e6f-def8-45c0-b0d2-c5ba43d86628:c7320]
2019-06-13 22:27:09,561 INFO  client.GrpcClientProtocolClient (GrpcClientProtocolClient.java:onNext(254)) - client-43E682E1E07B->d5132e6f-def8-45c0-b0d2-c5ba43d86628: receive RaftClientReply:client-43E682E1E07B->d5132e6f-def8-45c0-b0d2-c5ba43d86628@group-C29775A8E805, cid=4258, SUCCESS, logIndex=7322, commits[d5132e6f-def8-45c0-b0d2-c5ba43d86628:c7322]
2019-06-13 22:27:09,566 INFO  client.GrpcClientProtocolClient (GrpcClientProtocolClient.java:onNext(254)) - client-43E682E1E07B->d5132e6f-def8-45c0-b0d2-c5ba43d86628: receive RaftClientReply:client-43E682E1E07B->d5132e6f-def8-45c0-b0d2-c5ba43d86628@group-C29775A8E805, cid=4259, SUCCESS, logIndex=7324, commits[d5132e6f-def8-45c0-b0d2-c5ba43d86628:c7324]
2019-06-13 22:27:09,567 INFO  client.GrpcClientProtocolClient (GrpcClientProtocolClient.java:onNext(254)) - client-43E682E1E07B->d5132e6f-def8-45c0-b0d2-c5ba43d86628: receive RaftClientReply:client-43E682E1E07B->d5132e6f-def8-45c0-b0d2-c5ba43d86628@group-C29775A8E805, cid=4260, SUCCESS, logIndex=7326, commits[d5132e6f-def8-45c0-b0d2-c5ba43d86628:c7326]
2019-06-13 22:27:09,573 INFO  client.GrpcClientProtocolClient (GrpcClientProtocolClient.java:onNext(254)) - client-43E682E1E07B->d5132e6f-def8-45c0-b0d2-c5ba43d86628: receive RaftClientReply:client-43E682E1E07B->d5132e6f-def8-45c0-b0d2-c5ba43d86628@group-C29775A8E805, cid=4261, SUCCESS, logIndex=7328, commits[d5132e6f-def8-45c0-b0d2-c5ba43d86628:c7328]
2019-06-13 22:27:09,594 INFO  client.GrpcClientProtocolClient (GrpcClientProtocolClient.java:onNext(254)) - client-43E682E1E07B->d5132e6f-def8-45c0-b0d2-c5ba43d86628: receive RaftClientReply:client-43E682E1E07B->d5132e6f-def8-45c0-b0d2-c5ba43d86628@group-C29775A8E805, cid=4262, SUCCESS, logIndex=7330, commits[d5132e6f-def8-45c0-b0d2-c5ba43d86628:c7330]
2019-06-13 22:27:09,595 DEBUG block.SCMBlockDeletingService (SCMBlockDeletingService.java:call(138)) - Running DeletedBlockTransactionScanner
2019-06-13 22:27:09,595 DEBUG block.SCMBlockDeletingService (SCMBlockDeletingService.java:call(155)) - Scanned deleted blocks log and got 0 delTX to process.
2019-06-13 22:27:09,608 INFO  client.GrpcClientProtocolClient (GrpcClientProtocolClient.java:onNext(254)) - client-43E682E1E07B->d5132e6f-def8-45c0-b0d2-c5ba43d86628: receive RaftClientReply:client-43E682E1E07B->d5132e6f-def8-45c0-b0d2-c5ba43d86628@group-C29775A8E805, cid=4263, SUCCESS, logIndex=7332, commits[d5132e6f-def8-45c0-b0d2-c5ba43d86628:c7333]
2019-06-13 22:27:09,608 INFO  client.GrpcClientProtocolClient (GrpcClientProtocolClient.java:onNext(254)) - client-43E682E1E07B->d5132e6f-def8-45c0-b0d2-c5ba43d86628: receive RaftClientReply:client-43E682E1E07B->d5132e6f-def8-45c0-b0d2-c5ba43d86628@group-C29775A8E805, cid=4264, SUCCESS, logIndex=7333, commits[d5132e6f-def8-45c0-b0d2-c5ba43d86628:c7333]
2019-06-13 22:27:09,630 INFO  client.GrpcClientProtocolClient (GrpcClientProtocolClient.java:onNext(254)) - client-43E682E1E07B->d5132e6f-def8-45c0-b0d2-c5ba43d86628: receive RaftClientReply:client-43E682E1E07B->d5132e6f-def8-45c0-b0d2-c5ba43d86628@group-C29775A8E805, cid=4265, SUCCESS, logIndex=7335, commits[d5132e6f-def8-45c0-b0d2-c5ba43d86628:c7335]
2019-06-13 22:27:09,695 DEBUG block.SCMBlockDeletingService (SCMBlockDeletingService.java:call(138)) - Running DeletedBlockTransactionScanner
2019-06-13 22:27:09,695 DEBUG block.SCMBlockDeletingService (SCMBlockDeletingService.java:call(155)) - Scanned deleted blocks log and got 0 delTX to process.
2019-06-13 22:27:09,796 DEBUG block.SCMBlockDeletingService (SCMBlockDeletingService.java:call(138)) - Running DeletedBlockTransactionScanner
2019-06-13 22:27:09,796 DEBUG block.SCMBlockDeletingService (SCMBlockDeletingService.java:call(155)) - Scanned deleted blocks log and got 0 delTX to process.
2019-06-13 22:27:09,808 INFO  client.GrpcClientProtocolClient (GrpcClientProtocolClient.java:onNext(254)) - client-43E682E1E07B->d5132e6f-def8-45c0-b0d2-c5ba43d86628: receive RaftClientReply:client-43E682E1E07B->d5132e6f-def8-45c0-b0d2-c5ba43d86628@group-C29775A8E805, cid=4266, SUCCESS, logIndex=7337, commits[d5132e6f-def8-45c0-b0d2-c5ba43d86628:c7339]
2019-06-13 22:27:09,809 INFO  client.GrpcClientProtocolClient (GrpcClientProtocolClient.java:onNext(254)) - client-43E682E1E07B->d5132e6f-def8-45c0-b0d2-c5ba43d86628: receive RaftClientReply:client-43E682E1E07B->d5132e6f-def8-45c0-b0d2-c5ba43d86628@group-C29775A8E805, cid=4267, SUCCESS, logIndex=7338, commits[d5132e6f-def8-45c0-b0d2-c5ba43d86628:c7339]
2019-06-13 22:27:09,809 INFO  client.GrpcClientProtocolClient (GrpcClientProtocolClient.java:onNext(254)) - client-43E682E1E07B->d5132e6f-def8-45c0-b0d2-c5ba43d86628: receive RaftClientReply:client-43E682E1E07B->d5132e6f-def8-45c0-b0d2-c5ba43d86628@group-C29775A8E805, cid=4268, SUCCESS, logIndex=7339, commits[d5132e6f-def8-45c0-b0d2-c5ba43d86628:c7339]
2019-06-13 22:27:09,822 INFO  client.GrpcClientProtocolClient (GrpcClientProtocolClient.java:onNext(254)) - client-43E682E1E07B->d5132e6f-def8-45c0-b0d2-c5ba43d86628: receive RaftClientReply:client-43E682E1E07B->d5132e6f-def8-45c0-b0d2-c5ba43d86628@group-C29775A8E805, cid=4269, SUCCESS, logIndex=7341, commits[d5132e6f-def8-45c0-b0d2-c5ba43d86628:c7341]
2019-06-13 22:27:09,843 INFO  client.GrpcClientProtocolClient (GrpcClientProtocolClient.java:onNext(254)) - client-43E682E1E07B->d5132e6f-def8-45c0-b0d2-c5ba43d86628: receive RaftClientReply:client-43E682E1E07B->d5132e6f-def8-45c0-b0d2-c5ba43d86628@group-C29775A8E805, cid=4270, SUCCESS, logIndex=7343, commits[d5132e6f-def8-45c0-b0d2-c5ba43d86628:c7345]
2019-06-13 22:27:09,844 INFO  client.GrpcClientProtocolClient (GrpcClientProtocolClient.java:onNext(254)) - client-43E682E1E07B->d5132e6f-def8-45c0-b0d2-c5ba43d86628: receive RaftClientReply:client-43E682E1E07B->d5132e6f-def8-45c0-b0d2-c5ba43d86628@group-C29775A8E805, cid=4271, SUCCESS, logIndex=7344, commits[d5132e6f-def8-45c0-b0d2-c5ba43d86628:c7345]
2019-06-13 22:27:09,844 INFO  client.GrpcClientProtocolClient (GrpcClientProtocolClient.java:onNext(254)) - client-43E682E1E07B->d5132e6f-def8-45c0-b0d2-c5ba43d86628: receive RaftClientReply:client-43E682E1E07B->d5132e6f-def8-45c0-b0d2-c5ba43d86628@group-C29775A8E805, cid=4272, SUCCESS, logIndex=7345, commits[d5132e6f-def8-45c0-b0d2-c5ba43d86628:c7345]
2019-06-13 22:27:09,896 DEBUG block.SCMBlockDeletingService (SCMBlockDeletingService.java:call(138)) - Running DeletedBlockTransactionScanner
2019-06-13 22:27:09,896 DEBUG block.SCMBlockDeletingService (SCMBlockDeletingService.java:call(155)) - Scanned deleted blocks log and got 0 delTX to process.
2019-06-13 22:27:09,903 INFO  client.GrpcClientProtocolClient (GrpcClientProtocolClient.java:onNext(254)) - client-43E682E1E07B->d5132e6f-def8-45c0-b0d2-c5ba43d86628: receive RaftClientReply:client-43E682E1E07B->d5132e6f-def8-45c0-b0d2-c5ba43d86628@group-C29775A8E805, cid=4273, SUCCESS, logIndex=7347, commits[d5132e6f-def8-45c0-b0d2-c5ba43d86628:c7347]
2019-06-13 22:27:09,904 INFO  storage.RaftLogWorker (RaftLogWorker.java:rollLogSegment(303)) - d5132e6f-def8-45c0-b0d2-c5ba43d86628-RaftLogWorker: Rolling segment log-7277_7349 to index:7349
2019-06-13 22:27:09,910 INFO  storage.RaftLogWorker (RaftLogWorker.java:execute(433)) - d5132e6f-def8-45c0-b0d2-c5ba43d86628-RaftLogWorker: Rolled log segment from /opt/src/hadoop-ozone/integration-test/target/test-dir/MiniOzoneClusterImpl-e9ea07bb-4900-4b53-96c1-68f0ab556a80/datanode-0/data/ratis/c7035dd3-cd4a-42fb-880d-c29775a8e805/current/log_inprogress_7277 to /opt/src/hadoop-ozone/integration-test/target/test-dir/MiniOzoneClusterImpl-e9ea07bb-4900-4b53-96c1-68f0ab556a80/datanode-0/data/ratis/c7035dd3-cd4a-42fb-880d-c29775a8e805/current/log_7277-7349
2019-06-13 22:27:09,911 INFO  client.GrpcClientProtocolClient (GrpcClientProtocolClient.java:onNext(254)) - client-43E682E1E07B->d5132e6f-def8-45c0-b0d2-c5ba43d86628: receive RaftClientReply:client-43E682E1E07B->d5132e6f-def8-45c0-b0d2-c5ba43d86628@group-C29775A8E805, cid=4274, SUCCESS, logIndex=7349, commits[d5132e6f-def8-45c0-b0d2-c5ba43d86628:c7349]
2019-06-13 22:27:09,976 INFO  storage.RaftLogWorker (RaftLogWorker.java:execute(469)) - d5132e6f-def8-45c0-b0d2-c5ba43d86628-RaftLogWorker: created new log segment /opt/src/hadoop-ozone/integration-test/target/test-dir/MiniOzoneClusterImpl-e9ea07bb-4900-4b53-96c1-68f0ab556a80/datanode-0/data/ratis/c7035dd3-cd4a-42fb-880d-c29775a8e805/current/log_inprogress_7350
2019-06-13 22:27:09,991 INFO  client.GrpcClientProtocolClient (GrpcClientProtocolClient.java:onNext(254)) - client-43E682E1E07B->d5132e6f-def8-45c0-b0d2-c5ba43d86628: receive RaftClientReply:client-43E682E1E07B->d5132e6f-def8-45c0-b0d2-c5ba43d86628@group-C29775A8E805, cid=4275, SUCCESS, logIndex=7350, commits[d5132e6f-def8-45c0-b0d2-c5ba43d86628:c7352]
2019-06-13 22:27:09,991 INFO  client.GrpcClientProtocolClient (GrpcClientProtocolClient.java:onNext(254)) - client-43E682E1E07B->d5132e6f-def8-45c0-b0d2-c5ba43d86628: receive RaftClientReply:client-43E682E1E07B->d5132e6f-def8-45c0-b0d2-c5ba43d86628@group-C29775A8E805, cid=4276, SUCCESS, logIndex=7351, commits[d5132e6f-def8-45c0-b0d2-c5ba43d86628:c7352]
2019-06-13 22:27:09,997 DEBUG block.SCMBlockDeletingService (SCMBlockDeletingService.java:call(138)) - Running DeletedBlockTransactionScanner
2019-06-13 22:27:09,997 DEBUG block.SCMBlockDeletingService (SCMBlockDeletingService.java:call(155)) - Scanned deleted blocks log and got 0 delTX to process.
2019-06-13 22:27:10,006 INFO  client.GrpcClientProtocolClient (GrpcClientProtocolClient.java:onNext(254)) - client-43E682E1E07B->d5132e6f-def8-45c0-b0d2-c5ba43d86628: receive RaftClientReply:client-43E682E1E07B->d5132e6f-def8-45c0-b0d2-c5ba43d86628@group-C29775A8E805, cid=4277, SUCCESS, logIndex=7353, commits[d5132e6f-def8-45c0-b0d2-c5ba43d86628:c7353]
2019-06-13 22:27:10,097 DEBUG block.SCMBlockDeletingService (SCMBlockDeletingService.java:call(138)) - Running DeletedBlockTransactionScanner
2019-06-13 22:27:10,097 DEBUG block.SCMBlockDeletingService (SCMBlockDeletingService.java:call(155)) - Scanned deleted blocks log and got 0 delTX to process.
2019-06-13 22:27:10,129 INFO  client.GrpcClientProtocolClient (GrpcClientProtocolClient.java:onNext(254)) - client-43E682E1E07B->d5132e6f-def8-45c0-b0d2-c5ba43d86628: receive RaftClientReply:client-43E682E1E07B->d5132e6f-def8-45c0-b0d2-c5ba43d86628@group-C29775A8E805, cid=4278, SUCCESS, logIndex=7355, commits[d5132e6f-def8-45c0-b0d2-c5ba43d86628:c7357]
2019-06-13 22:27:10,129 INFO  client.GrpcClientProtocolClient (GrpcClientProtocolClient.java:onNext(254)) - client-43E682E1E07B->d5132e6f-def8-45c0-b0d2-c5ba43d86628: receive RaftClientReply:client-43E682E1E07B->d5132e6f-def8-45c0-b0d2-c5ba43d86628@group-C29775A8E805, cid=4279, SUCCESS, logIndex=7356, commits[d5132e6f-def8-45c0-b0d2-c5ba43d86628:c7357]
2019-06-13 22:27:10,129 INFO  client.GrpcClientProtocolClient (GrpcClientProtocolClient.java:onNext(254)) - client-43E682E1E07B->d5132e6f-def8-45c0-b0d2-c5ba43d86628: receive RaftClientReply:client-43E682E1E07B->d5132e6f-def8-45c0-b0d2-c5ba43d86628@group-C29775A8E805, cid=4280, SUCCESS, logIndex=7357, commits[d5132e6f-def8-45c0-b0d2-c5ba43d86628:c7357]
2019-06-13 22:27:10,147 INFO  client.GrpcClientProtocolClient (GrpcClientProtocolClient.java:onNext(254)) - client-43E682E1E07B->d5132e6f-def8-45c0-b0d2-c5ba43d86628: receive RaftClientReply:client-43E682E1E07B->d5132e6f-def8-45c0-b0d2-c5ba43d86628@group-C29775A8E805, cid=4281, SUCCESS, logIndex=7359, commits[d5132e6f-def8-45c0-b0d2-c5ba43d86628:c7359]
2019-06-13 22:27:10,160 INFO  client.GrpcClientProtocolClient (GrpcClientProtocolClient.java:onNext(254)) - client-43E682E1E07B->d5132e6f-def8-45c0-b0d2-c5ba43d86628: receive RaftClientReply:client-43E682E1E07B->d5132e6f-def8-45c0-b0d2-c5ba43d86628@group-C29775A8E805, cid=4282, SUCCESS, logIndex=7361, commits[d5132e6f-def8-45c0-b0d2-c5ba43d86628:c7363]
2019-06-13 22:27:10,160 INFO  client.GrpcClientProtocolClient (GrpcClientProtocolClient.java:onNext(254)) - client-43E682E1E07B->d5132e6f-def8-45c0-b0d2-c5ba43d86628: receive RaftClientReply:client-43E682E1E07B->d5132e6f-def8-45c0-b0d2-c5ba43d86628@group-C29775A8E805, cid=4283, SUCCESS, logIndex=7362, commits[d5132e6f-def8-45c0-b0d2-c5ba43d86628:c7363]
2019-06-13 22:27:10,160 INFO  client.GrpcClientProtocolClient (GrpcClientProtocolClient.java:onNext(254)) - client-43E682E1E07B->d5132e6f-def8-45c0-b0d2-c5ba43d86628: receive RaftClientReply:client-43E682E1E07B->d5132e6f-def8-45c0-b0d2-c5ba43d86628@group-C29775A8E805, cid=4284, SUCCESS, logIndex=7363, commits[d5132e6f-def8-45c0-b0d2-c5ba43d86628:c7363]
2019-06-13 22:27:10,173 INFO  client.GrpcClientProtocolClient (GrpcClientProtocolClient.java:onNext(254)) - client-43E682E1E07B->d5132e6f-def8-45c0-b0d2-c5ba43d86628: receive RaftClientReply:client-43E682E1E07B->d5132e6f-def8-45c0-b0d2-c5ba43d86628@group-C29775A8E805, cid=4285, SUCCESS, logIndex=7365, commits[d5132e6f-def8-45c0-b0d2-c5ba43d86628:c7365]
2019-06-13 22:27:10,179 INFO  client.GrpcClientProtocolClient (GrpcClientProtocolClient.java:onNext(254)) - client-43E682E1E07B->d5132e6f-def8-45c0-b0d2-c5ba43d86628: receive RaftClientReply:client-43E682E1E07B->d5132e6f-def8-45c0-b0d2-c5ba43d86628@group-C29775A8E805, cid=4286, SUCCESS, logIndex=7367, commits[d5132e6f-def8-45c0-b0d2-c5ba43d86628:c7369]
2019-06-13 22:27:10,180 INFO  client.GrpcClientProtocolClient (GrpcClientProtocolClient.java:onNext(254)) - client-43E682E1E07B->d5132e6f-def8-45c0-b0d2-c5ba43d86628: receive RaftClientReply:client-43E682E1E07B->d5132e6f-def8-45c0-b0d2-c5ba43d86628@group-C29775A8E805, cid=4287, SUCCESS, logIndex=7368, commits[d5132e6f-def8-45c0-b0d2-c5ba43d86628:c7369]
2019-06-13 22:27:10,180 INFO  client.GrpcClientProtocolClient (GrpcClientProtocolClient.java:onNext(254)) - client-43E682E1E07B->d5132e6f-def8-45c0-b0d2-c5ba43d86628: receive RaftClientReply:client-43E682E1E07B->d5132e6f-def8-45c0-b0d2-c5ba43d86628@group-C29775A8E805, cid=4288, SUCCESS, logIndex=7369, commits[d5132e6f-def8-45c0-b0d2-c5ba43d86628:c7369]
2019-06-13 22:27:10,197 DEBUG block.SCMBlockDeletingService (SCMBlockDeletingService.java:call(138)) - Running DeletedBlockTransactionScanner
2019-06-13 22:27:10,198 DEBUG block.SCMBlockDeletingService (SCMBlockDeletingService.java:call(155)) - Scanned deleted blocks log and got 0 delTX to process.
2019-06-13 22:27:10,266 INFO  client.GrpcClientProtocolClient (GrpcClientProtocolClient.java:onNext(254)) - client-43E682E1E07B->d5132e6f-def8-45c0-b0d2-c5ba43d86628: receive RaftClientReply:client-43E682E1E07B->d5132e6f-def8-45c0-b0d2-c5ba43d86628@group-C29775A8E805, cid=4289, SUCCESS, logIndex=7371, commits[d5132e6f-def8-45c0-b0d2-c5ba43d86628:c7371]
2019-06-13 22:27:10,280 INFO  client.GrpcClientProtocolClient (GrpcClientProtocolClient.java:onNext(254)) - client-43E682E1E07B->d5132e6f-def8-45c0-b0d2-c5ba43d86628: receive RaftClientReply:client-43E682E1E07B->d5132e6f-def8-45c0-b0d2-c5ba43d86628@group-C29775A8E805, cid=4290, SUCCESS, logIndex=7373, commits[d5132e6f-def8-45c0-b0d2-c5ba43d86628:c7375]
2019-06-13 22:27:10,281 INFO  client.GrpcClientProtocolClient (GrpcClientProtocolClient.java:onNext(254)) - client-43E682E1E07B->d5132e6f-def8-45c0-b0d2-c5ba43d86628: receive RaftClientReply:client-43E682E1E07B->d5132e6f-def8-45c0-b0d2-c5ba43d86628@group-C29775A8E805, cid=4291, SUCCESS, logIndex=7374, commits[d5132e6f-def8-45c0-b0d2-c5ba43d86628:c7375]
2019-06-13 22:27:10,281 INFO  client.GrpcClientProtocolClient (GrpcClientProtocolClient.java:onNext(254)) - client-43E682E1E07B->d5132e6f-def8-45c0-b0d2-c5ba43d86628: receive RaftClientReply:client-43E682E1E07B->d5132e6f-def8-45c0-b0d2-c5ba43d86628@group-C29775A8E805, cid=4292, SUCCESS, logIndex=7375, commits[d5132e6f-def8-45c0-b0d2-c5ba43d86628:c7375]
2019-06-13 22:27:10,294 INFO  client.GrpcClientProtocolClient (GrpcClientProtocolClient.java:onNext(254)) - client-43E682E1E07B->d5132e6f-def8-45c0-b0d2-c5ba43d86628: receive RaftClientReply:client-43E682E1E07B->d5132e6f-def8-45c0-b0d2-c5ba43d86628@group-C29775A8E805, cid=4293, SUCCESS, logIndex=7377, commits[d5132e6f-def8-45c0-b0d2-c5ba43d86628:c7377]
2019-06-13 22:27:10,298 DEBUG block.SCMBlockDeletingService (SCMBlockDeletingService.java:call(138)) - Running DeletedBlockTransactionScanner
2019-06-13 22:27:10,298 DEBUG block.SCMBlockDeletingService (SCMBlockDeletingService.java:call(155)) - Scanned deleted blocks log and got 0 delTX to process.
2019-06-13 22:27:10,307 INFO  client.GrpcClientProtocolClient (GrpcClientProtocolClient.java:onNext(254)) - client-43E682E1E07B->d5132e6f-def8-45c0-b0d2-c5ba43d86628: receive RaftClientReply:client-43E682E1E07B->d5132e6f-def8-45c0-b0d2-c5ba43d86628@group-C29775A8E805, cid=4294, SUCCESS, logIndex=7379, commits[d5132e6f-def8-45c0-b0d2-c5ba43d86628:c7381]
2019-06-13 22:27:10,308 INFO  client.GrpcClientProtocolClient (GrpcClientProtocolClient.java:onNext(254)) - client-43E682E1E07B->d5132e6f-def8-45c0-b0d2-c5ba43d86628: receive RaftClientReply:client-43E682E1E07B->d5132e6f-def8-45c0-b0d2-c5ba43d86628@group-C29775A8E805, cid=4295, SUCCESS, logIndex=7380, commits[d5132e6f-def8-45c0-b0d2-c5ba43d86628:c7381]
2019-06-13 22:27:10,308 INFO  client.GrpcClientProtocolClient (GrpcClientProtocolClient.java:onNext(254)) - client-43E682E1E07B->d5132e6f-def8-45c0-b0d2-c5ba43d86628: receive RaftClientReply:client-43E682E1E07B->d5132e6f-def8-45c0-b0d2-c5ba43d86628@group-C29775A8E805, cid=4296, SUCCESS, logIndex=7381, commits[d5132e6f-def8-45c0-b0d2-c5ba43d86628:c7381]
2019-06-13 22:27:10,328 INFO  client.GrpcClientProtocolClient (GrpcClientProtocolClient.java:onNext(254)) - client-43E682E1E07B->d5132e6f-def8-45c0-b0d2-c5ba43d86628: receive RaftClientReply:client-43E682E1E07B->d5132e6f-def8-45c0-b0d2-c5ba43d86628@group-C29775A8E805, cid=4297, SUCCESS, logIndex=7383, commits[d5132e6f-def8-45c0-b0d2-c5ba43d86628:c7383]
2019-06-13 22:27:10,398 DEBUG block.SCMBlockDeletingService (SCMBlockDeletingService.java:call(138)) - Running DeletedBlockTransactionScanner
2019-06-13 22:27:10,399 DEBUG block.SCMBlockDeletingService (SCMBlockDeletingService.java:call(155)) - Scanned deleted blocks log and got 0 delTX to process.
2019-06-13 22:27:10,474 INFO  client.GrpcClientProtocolClient (GrpcClientProtocolClient.java:onNext(254)) - client-43E682E1E07B->d5132e6f-def8-45c0-b0d2-c5ba43d86628: receive RaftClientReply:client-43E682E1E07B->d5132e6f-def8-45c0-b0d2-c5ba43d86628@group-C29775A8E805, cid=4298, SUCCESS, logIndex=7385, commits[d5132e6f-def8-45c0-b0d2-c5ba43d86628:c7387]
2019-06-13 22:27:10,474 INFO  client.GrpcClientProtocolClient (GrpcClientProtocolClient.java:onNext(254)) - client-43E682E1E07B->d5132e6f-def8-45c0-b0d2-c5ba43d86628: receive RaftClientReply:client-43E682E1E07B->d5132e6f-def8-45c0-b0d2-c5ba43d86628@group-C29775A8E805, cid=4299, SUCCESS, logIndex=7386, commits[d5132e6f-def8-45c0-b0d2-c5ba43d86628:c7387]
2019-06-13 22:27:10,474 INFO  client.GrpcClientProtocolClient (GrpcClientProtocolClient.java:onNext(254)) - client-43E682E1E07B->d5132e6f-def8-45c0-b0d2-c5ba43d86628: receive RaftClientReply:client-43E682E1E07B->d5132e6f-def8-45c0-b0d2-c5ba43d86628@group-C29775A8E805, cid=4300, SUCCESS, logIndex=7387, commits[d5132e6f-def8-45c0-b0d2-c5ba43d86628:c7387]
2019-06-13 22:27:10,494 INFO  client.GrpcClientProtocolClient (GrpcClientProtocolClient.java:onNext(254)) - client-43E682E1E07B->d5132e6f-def8-45c0-b0d2-c5ba43d86628: receive RaftClientReply:client-43E682E1E07B->d5132e6f-def8-45c0-b0d2-c5ba43d86628@group-C29775A8E805, cid=4301, SUCCESS, logIndex=7389, commits[d5132e6f-def8-45c0-b0d2-c5ba43d86628:c7389]
2019-06-13 22:27:10,499 DEBUG block.SCMBlockDeletingService (SCMBlockDeletingService.java:call(138)) - Running DeletedBlockTransactionScanner
2019-06-13 22:27:10,499 DEBUG block.SCMBlockDeletingService (SCMBlockDeletingService.java:call(155)) - Scanned deleted blocks log and got 0 delTX to process.
2019-06-13 22:27:10,503 INFO  client.GrpcClientProtocolClient (GrpcClientProtocolClient.java:onNext(254)) - client-43E682E1E07B->d5132e6f-def8-45c0-b0d2-c5ba43d86628: receive RaftClientReply:client-43E682E1E07B->d5132e6f-def8-45c0-b0d2-c5ba43d86628@group-C29775A8E805, cid=4302, SUCCESS, logIndex=7391, commits[d5132e6f-def8-45c0-b0d2-c5ba43d86628:c7393]
2019-06-13 22:27:10,503 INFO  client.GrpcClientProtocolClient (GrpcClientProtocolClient.java:onNext(254)) - client-43E682E1E07B->d5132e6f-def8-45c0-b0d2-c5ba43d86628: receive RaftClientReply:client-43E682E1E07B->d5132e6f-def8-45c0-b0d2-c5ba43d86628@group-C29775A8E805, cid=4303, SUCCESS, logIndex=7392, commits[d5132e6f-def8-45c0-b0d2-c5ba43d86628:c7393]
2019-06-13 22:27:10,503 INFO  client.GrpcClientProtocolClient (GrpcClientProtocolClient.java:onNext(254)) - client-43E682E1E07B->d5132e6f-def8-45c0-b0d2-c5ba43d86628: receive RaftClientReply:client-43E682E1E07B->d5132e6f-def8-45c0-b0d2-c5ba43d86628@group-C29775A8E805, cid=4304, SUCCESS, logIndex=7393, commits[d5132e6f-def8-45c0-b0d2-c5ba43d86628:c7393]
2019-06-13 22:27:10,538 INFO  client.GrpcClientProtocolClient (GrpcClientProtocolClient.java:onNext(254)) - client-43E682E1E07B->d5132e6f-def8-45c0-b0d2-c5ba43d86628: receive RaftClientReply:client-43E682E1E07B->d5132e6f-def8-45c0-b0d2-c5ba43d86628@group-C29775A8E805, cid=4305, SUCCESS, logIndex=7395, commits[d5132e6f-def8-45c0-b0d2-c5ba43d86628:c7396]
2019-06-13 22:27:10,540 INFO  client.GrpcClientProtocolClient (GrpcClientProtocolClient.java:onNext(254)) - client-43E682E1E07B->d5132e6f-def8-45c0-b0d2-c5ba43d86628: receive RaftClientReply:client-43E682E1E07B->d5132e6f-def8-45c0-b0d2-c5ba43d86628@group-C29775A8E805, cid=4306, SUCCESS, logIndex=7397, commits[d5132e6f-def8-45c0-b0d2-c5ba43d86628:c7397]
2019-06-13 22:27:10,541 INFO  client.GrpcClientProtocolClient (GrpcClientProtocolClient.java:onNext(254)) - client-43E682E1E07B->d5132e6f-def8-45c0-b0d2-c5ba43d86628: receive RaftClientReply:client-43E682E1E07B->d5132e6f-def8-45c0-b0d2-c5ba43d86628@group-C29775A8E805, cid=4307, SUCCESS, logIndex=7398, commits[d5132e6f-def8-45c0-b0d2-c5ba43d86628:c7400]
2019-06-13 22:27:10,541 INFO  client.GrpcClientProtocolClient (GrpcClientProtocolClient.java:onNext(254)) - client-43E682E1E07B->d5132e6f-def8-45c0-b0d2-c5ba43d86628: receive RaftClientReply:client-43E682E1E07B->d5132e6f-def8-45c0-b0d2-c5ba43d86628@group-C29775A8E805, cid=4308, SUCCESS, logIndex=7399, commits[d5132e6f-def8-45c0-b0d2-c5ba43d86628:c7400]
2019-06-13 22:27:10,807 DEBUG block.SCMBlockDeletingService (SCMBlockDeletingService.java:call(138)) - Running DeletedBlockTransactionScanner
2019-06-13 22:27:10,807 DEBUG block.SCMBlockDeletingService (SCMBlockDeletingService.java:call(155)) - Scanned deleted blocks log and got 0 delTX to process.
2019-06-13 22:27:10,819 INFO  client.GrpcClientProtocolClient (GrpcClientProtocolClient.java:onNext(254)) - client-43E682E1E07B->d5132e6f-def8-45c0-b0d2-c5ba43d86628: receive RaftClientReply:client-43E682E1E07B->d5132e6f-def8-45c0-b0d2-c5ba43d86628@group-C29775A8E805, cid=4309, SUCCESS, logIndex=7401, commits[d5132e6f-def8-45c0-b0d2-c5ba43d86628:c7402]
2019-06-13 22:27:10,824 INFO  client.GrpcClientProtocolClient (GrpcClientProtocolClient.java:onNext(254)) - client-43E682E1E07B->d5132e6f-def8-45c0-b0d2-c5ba43d86628: receive RaftClientReply:client-43E682E1E07B->d5132e6f-def8-45c0-b0d2-c5ba43d86628@group-C29775A8E805, cid=4310, SUCCESS, logIndex=7403, commits[d5132e6f-def8-45c0-b0d2-c5ba43d86628:c7404]
2019-06-13 22:27:10,825 INFO  client.GrpcClientProtocolClient (GrpcClientProtocolClient.java:onNext(254)) - client-43E682E1E07B->d5132e6f-def8-45c0-b0d2-c5ba43d86628: receive RaftClientReply:client-43E682E1E07B->d5132e6f-def8-45c0-b0d2-c5ba43d86628@group-C29775A8E805, cid=4311, SUCCESS, logIndex=7404, commits[d5132e6f-def8-45c0-b0d2-c5ba43d86628:c7404]
2019-06-13 22:27:10,826 INFO  client.GrpcClientProtocolClient (GrpcClientProtocolClient.java:onNext(254)) - client-43E682E1E07B->d5132e6f-def8-45c0-b0d2-c5ba43d86628: receive RaftClientReply:client-43E682E1E07B->d5132e6f-def8-45c0-b0d2-c5ba43d86628@group-C29775A8E805, cid=4312, SUCCESS, logIndex=7406, commits[d5132e6f-def8-45c0-b0d2-c5ba43d86628:c7406]
2019-06-13 22:27:10,841 INFO  client.GrpcClientProtocolClient (GrpcClientProtocolClient.java:onNext(254)) - client-43E682E1E07B->d5132e6f-def8-45c0-b0d2-c5ba43d86628: receive RaftClientReply:client-43E682E1E07B->d5132e6f-def8-45c0-b0d2-c5ba43d86628@group-C29775A8E805, cid=4313, SUCCESS, logIndex=7408, commits[d5132e6f-def8-45c0-b0d2-c5ba43d86628:c7408]
2019-06-13 22:27:10,844 INFO  client.GrpcClientProtocolClient (GrpcClientProtocolClient.java:onNext(254)) - client-43E682E1E07B->d5132e6f-def8-45c0-b0d2-c5ba43d86628: receive RaftClientReply:client-43E682E1E07B->d5132e6f-def8-45c0-b0d2-c5ba43d86628@group-C29775A8E805, cid=4314, SUCCESS, logIndex=7410, commits[d5132e6f-def8-45c0-b0d2-c5ba43d86628:c7410]
2019-06-13 22:27:10,845 INFO  client.GrpcClientProtocolClient (GrpcClientProtocolClient.java:onNext(254)) - client-43E682E1E07B->d5132e6f-def8-45c0-b0d2-c5ba43d86628: receive RaftClientReply:client-43E682E1E07B->d5132e6f-def8-45c0-b0d2-c5ba43d86628@group-C29775A8E805, cid=4315, SUCCESS, logIndex=7411, commits[d5132e6f-def8-45c0-b0d2-c5ba43d86628:c7412]
2019-06-13 22:27:10,845 INFO  client.GrpcClientProtocolClient (GrpcClientProtocolClient.java:onNext(254)) - client-43E682E1E07B->d5132e6f-def8-45c0-b0d2-c5ba43d86628: receive RaftClientReply:client-43E682E1E07B->d5132e6f-def8-45c0-b0d2-c5ba43d86628@group-C29775A8E805, cid=4316, SUCCESS, logIndex=7412, commits[d5132e6f-def8-45c0-b0d2-c5ba43d86628:c7413]
2019-06-13 22:27:10,852 INFO  client.GrpcClientProtocolClient (GrpcClientProtocolClient.java:onNext(254)) - client-43E682E1E07B->d5132e6f-def8-45c0-b0d2-c5ba43d86628: receive RaftClientReply:client-43E682E1E07B->d5132e6f-def8-45c0-b0d2-c5ba43d86628@group-C29775A8E805, cid=4317, SUCCESS, logIndex=7415, commits[d5132e6f-def8-45c0-b0d2-c5ba43d86628:c7415]
2019-06-13 22:27:10,852 INFO  storage.RaftLogWorker (RaftLogWorker.java:rollLogSegment(303)) - d5132e6f-def8-45c0-b0d2-c5ba43d86628-RaftLogWorker: Rolling segment log-7350_7416 to index:7416
2019-06-13 22:27:10,853 INFO  storage.RaftLogWorker (RaftLogWorker.java:execute(433)) - d5132e6f-def8-45c0-b0d2-c5ba43d86628-RaftLogWorker: Rolled log segment from /opt/src/hadoop-ozone/integration-test/target/test-dir/MiniOzoneClusterImpl-e9ea07bb-4900-4b53-96c1-68f0ab556a80/datanode-0/data/ratis/c7035dd3-cd4a-42fb-880d-c29775a8e805/current/log_inprogress_7350 to /opt/src/hadoop-ozone/integration-test/target/test-dir/MiniOzoneClusterImpl-e9ea07bb-4900-4b53-96c1-68f0ab556a80/datanode-0/data/ratis/c7035dd3-cd4a-42fb-880d-c29775a8e805/current/log_7350-7416
2019-06-13 22:27:10,899 INFO  storage.RaftLogWorker (RaftLogWorker.java:execute(469)) - d5132e6f-def8-45c0-b0d2-c5ba43d86628-RaftLogWorker: created new log segment /opt/src/hadoop-ozone/integration-test/target/test-dir/MiniOzoneClusterImpl-e9ea07bb-4900-4b53-96c1-68f0ab556a80/datanode-0/data/ratis/c7035dd3-cd4a-42fb-880d-c29775a8e805/current/log_inprogress_7417
2019-06-13 22:27:10,901 INFO  client.GrpcClientProtocolClient (GrpcClientProtocolClient.java:onNext(254)) - client-43E682E1E07B->d5132e6f-def8-45c0-b0d2-c5ba43d86628: receive RaftClientReply:client-43E682E1E07B->d5132e6f-def8-45c0-b0d2-c5ba43d86628@group-C29775A8E805, cid=4318, SUCCESS, logIndex=7417, commits[d5132e6f-def8-45c0-b0d2-c5ba43d86628:c7419]
2019-06-13 22:27:10,901 INFO  client.GrpcClientProtocolClient (GrpcClientProtocolClient.java:onNext(254)) - client-43E682E1E07B->d5132e6f-def8-45c0-b0d2-c5ba43d86628: receive RaftClientReply:client-43E682E1E07B->d5132e6f-def8-45c0-b0d2-c5ba43d86628@group-C29775A8E805, cid=4319, SUCCESS, logIndex=7418, commits[d5132e6f-def8-45c0-b0d2-c5ba43d86628:c7420]
2019-06-13 22:27:10,902 INFO  client.GrpcClientProtocolClient (GrpcClientProtocolClient.java:onNext(254)) - client-43E682E1E07B->d5132e6f-def8-45c0-b0d2-c5ba43d86628: receive RaftClientReply:client-43E682E1E07B->d5132e6f-def8-45c0-b0d2-c5ba43d86628@group-C29775A8E805, cid=4320, SUCCESS, logIndex=7419, commits[d5132e6f-def8-45c0-b0d2-c5ba43d86628:c7420]
2019-06-13 22:27:10,908 DEBUG block.SCMBlockDeletingService (SCMBlockDeletingService.java:call(138)) - Running DeletedBlockTransactionScanner
2019-06-13 22:27:10,908 DEBUG block.SCMBlockDeletingService (SCMBlockDeletingService.java:call(155)) - Scanned deleted blocks log and got 0 delTX to process.
2019-06-13 22:27:10,930 INFO  client.GrpcClientProtocolClient (GrpcClientProtocolClient.java:onNext(254)) - client-43E682E1E07B->d5132e6f-def8-45c0-b0d2-c5ba43d86628: receive RaftClientReply:client-43E682E1E07B->d5132e6f-def8-45c0-b0d2-c5ba43d86628@group-C29775A8E805, cid=4321, SUCCESS, logIndex=7421, commits[d5132e6f-def8-45c0-b0d2-c5ba43d86628:c7421]
2019-06-13 22:27:10,942 INFO  client.GrpcClientProtocolClient (GrpcClientProtocolClient.java:onNext(254)) - client-43E682E1E07B->d5132e6f-def8-45c0-b0d2-c5ba43d86628: receive RaftClientReply:client-43E682E1E07B->d5132e6f-def8-45c0-b0d2-c5ba43d86628@group-C29775A8E805, cid=4322, SUCCESS, logIndex=7423, commits[d5132e6f-def8-45c0-b0d2-c5ba43d86628:c7423]
2019-06-13 22:27:10,942 INFO  client.GrpcClientProtocolClient (GrpcClientProtocolClient.java:onNext(254)) - client-43E682E1E07B->d5132e6f-def8-45c0-b0d2-c5ba43d86628: receive RaftClientReply:client-43E682E1E07B->d5132e6f-def8-45c0-b0d2-c5ba43d86628@group-C29775A8E805, cid=4323, SUCCESS, logIndex=7424, commits[d5132e6f-def8-45c0-b0d2-c5ba43d86628:c7425]
2019-06-13 22:27:10,946 INFO  client.GrpcClientProtocolClient (GrpcClientProtocolClient.java:onNext(254)) - client-43E682E1E07B->d5132e6f-def8-45c0-b0d2-c5ba43d86628: receive RaftClientReply:client-43E682E1E07B->d5132e6f-def8-45c0-b0d2-c5ba43d86628@group-C29775A8E805, cid=4324, SUCCESS, logIndex=7426, commits[d5132e6f-def8-45c0-b0d2-c5ba43d86628:c7426]
2019-06-13 22:27:10,953 INFO  client.GrpcClientProtocolClient (GrpcClientProtocolClient.java:onNext(254)) - client-43E682E1E07B->d5132e6f-def8-45c0-b0d2-c5ba43d86628: receive RaftClientReply:client-43E682E1E07B->d5132e6f-def8-45c0-b0d2-c5ba43d86628@group-C29775A8E805, cid=4325, SUCCESS, logIndex=7428, commits[d5132e6f-def8-45c0-b0d2-c5ba43d86628:c7428]
2019-06-13 22:27:10,955 INFO  client.GrpcClientProtocolClient (GrpcClientProtocolClient.java:onNext(254)) - client-43E682E1E07B->d5132e6f-def8-45c0-b0d2-c5ba43d86628: receive RaftClientReply:client-43E682E1E07B->d5132e6f-def8-45c0-b0d2-c5ba43d86628@group-C29775A8E805, cid=4326, SUCCESS, logIndex=7430, commits[d5132e6f-def8-45c0-b0d2-c5ba43d86628:c7430]
2019-06-13 22:27:10,956 INFO  client.GrpcClientProtocolClient (GrpcClientProtocolClient.java:onNext(254)) - client-43E682E1E07B->d5132e6f-def8-45c0-b0d2-c5ba43d86628: receive RaftClientReply:client-43E682E1E07B->d5132e6f-def8-45c0-b0d2-c5ba43d86628@group-C29775A8E805, cid=4327, SUCCESS, logIndex=7431, commits[d5132e6f-def8-45c0-b0d2-c5ba43d86628:c7433]
2019-06-13 22:27:10,957 INFO  client.GrpcClientProtocolClient (GrpcClientProtocolClient.java:onNext(254)) - client-43E682E1E07B->d5132e6f-def8-45c0-b0d2-c5ba43d86628: receive RaftClientReply:client-43E682E1E07B->d5132e6f-def8-45c0-b0d2-c5ba43d86628@group-C29775A8E805, cid=4328, SUCCESS, logIndex=7432, commits[d5132e6f-def8-45c0-b0d2-c5ba43d86628:c7433]
2019-06-13 22:27:10,968 INFO  client.GrpcClientProtocolClient (GrpcClientProtocolClient.java:onNext(254)) - client-43E682E1E07B->d5132e6f-def8-45c0-b0d2-c5ba43d86628: receive RaftClientReply:client-43E682E1E07B->d5132e6f-def8-45c0-b0d2-c5ba43d86628@group-C29775A8E805, cid=4329, SUCCESS, logIndex=7434, commits[d5132e6f-def8-45c0-b0d2-c5ba43d86628:c7434]
2019-06-13 22:27:10,969 INFO  client.GrpcClientProtocolClient (GrpcClientProtocolClient.java:onNext(254)) - client-43E682E1E07B->d5132e6f-def8-45c0-b0d2-c5ba43d86628: receive RaftClientReply:client-43E682E1E07B->d5132e6f-def8-45c0-b0d2-c5ba43d86628@group-C29775A8E805, cid=4330, SUCCESS, logIndex=7436, commits[d5132e6f-def8-45c0-b0d2-c5ba43d86628:c7436]
2019-06-13 22:27:10,970 INFO  client.GrpcClientProtocolClient (GrpcClientProtocolClient.java:onNext(254)) - client-43E682E1E07B->d5132e6f-def8-45c0-b0d2-c5ba43d86628: receive RaftClientReply:client-43E682E1E07B->d5132e6f-def8-45c0-b0d2-c5ba43d86628@group-C29775A8E805, cid=4331, SUCCESS, logIndex=7437, commits[d5132e6f-def8-45c0-b0d2-c5ba43d86628:c7439]
2019-06-13 22:27:10,971 INFO  client.GrpcClientProtocolClient (GrpcClientProtocolClient.java:onNext(254)) - client-43E682E1E07B->d5132e6f-def8-45c0-b0d2-c5ba43d86628: receive RaftClientReply:client-43E682E1E07B->d5132e6f-def8-45c0-b0d2-c5ba43d86628@group-C29775A8E805, cid=4332, SUCCESS, logIndex=7438, commits[d5132e6f-def8-45c0-b0d2-c5ba43d86628:c7439]
2019-06-13 22:27:11,008 DEBUG block.SCMBlockDeletingService (SCMBlockDeletingService.java:call(138)) - Running DeletedBlockTransactionScanner
2019-06-13 22:27:11,008 DEBUG block.SCMBlockDeletingService (SCMBlockDeletingService.java:call(155)) - Scanned deleted blocks log and got 0 delTX to process.
2019-06-13 22:27:11,044 INFO  client.GrpcClientProtocolClient (GrpcClientProtocolClient.java:onNext(254)) - client-43E682E1E07B->d5132e6f-def8-45c0-b0d2-c5ba43d86628: receive RaftClientReply:client-43E682E1E07B->d5132e6f-def8-45c0-b0d2-c5ba43d86628@group-C29775A8E805, cid=4333, SUCCESS, logIndex=7440, commits[d5132e6f-def8-45c0-b0d2-c5ba43d86628:c7440]
2019-06-13 22:27:11,045 INFO  client.GrpcClientProtocolClient (GrpcClientProtocolClient.java:onNext(254)) - client-43E682E1E07B->d5132e6f-def8-45c0-b0d2-c5ba43d86628: receive RaftClientReply:client-43E682E1E07B->d5132e6f-def8-45c0-b0d2-c5ba43d86628@group-C29775A8E805, cid=4334, SUCCESS, logIndex=7442, commits[d5132e6f-def8-45c0-b0d2-c5ba43d86628:c7442]
2019-06-13 22:27:11,046 INFO  client.GrpcClientProtocolClient (GrpcClientProtocolClient.java:onNext(254)) - client-43E682E1E07B->d5132e6f-def8-45c0-b0d2-c5ba43d86628: receive RaftClientReply:client-43E682E1E07B->d5132e6f-def8-45c0-b0d2-c5ba43d86628@group-C29775A8E805, cid=4335, SUCCESS, logIndex=7443, commits[d5132e6f-def8-45c0-b0d2-c5ba43d86628:c7445]
2019-06-13 22:27:11,047 INFO  client.GrpcClientProtocolClient (GrpcClientProtocolClient.java:onNext(254)) - client-43E682E1E07B->d5132e6f-def8-45c0-b0d2-c5ba43d86628: receive RaftClientReply:client-43E682E1E07B->d5132e6f-def8-45c0-b0d2-c5ba43d86628@group-C29775A8E805, cid=4336, SUCCESS, logIndex=7444, commits[d5132e6f-def8-45c0-b0d2-c5ba43d86628:c7445]
2019-06-13 22:27:11,058 INFO  client.GrpcClientProtocolClient (GrpcClientProtocolClient.java:onNext(254)) - client-43E682E1E07B->d5132e6f-def8-45c0-b0d2-c5ba43d86628: receive RaftClientReply:client-43E682E1E07B->d5132e6f-def8-45c0-b0d2-c5ba43d86628@group-C29775A8E805, cid=4337, SUCCESS, logIndex=7446, commits[d5132e6f-def8-45c0-b0d2-c5ba43d86628:c7446]
2019-06-13 22:27:11,060 INFO  client.GrpcClientProtocolClient (GrpcClientProtocolClient.java:onNext(254)) - client-43E682E1E07B->d5132e6f-def8-45c0-b0d2-c5ba43d86628: receive RaftClientReply:client-43E682E1E07B->d5132e6f-def8-45c0-b0d2-c5ba43d86628@group-C29775A8E805, cid=4338, SUCCESS, logIndex=7448, commits[d5132e6f-def8-45c0-b0d2-c5ba43d86628:c7448]
2019-06-13 22:27:11,060 INFO  client.GrpcClientProtocolClient (GrpcClientProtocolClient.java:onNext(254)) - client-43E682E1E07B->d5132e6f-def8-45c0-b0d2-c5ba43d86628: receive RaftClientReply:client-43E682E1E07B->d5132e6f-def8-45c0-b0d2-c5ba43d86628@group-C29775A8E805, cid=4339, SUCCESS, logIndex=7449, commits[d5132e6f-def8-45c0-b0d2-c5ba43d86628:c7449]
2019-06-13 22:27:11,061 INFO  client.GrpcClientProtocolClient (GrpcClientProtocolClient.java:onNext(254)) - client-43E682E1E07B->d5132e6f-def8-45c0-b0d2-c5ba43d86628: receive RaftClientReply:client-43E682E1E07B->d5132e6f-def8-45c0-b0d2-c5ba43d86628@group-C29775A8E805, cid=4340, SUCCESS, logIndex=7451, commits[d5132e6f-def8-45c0-b0d2-c5ba43d86628:c7451]
2019-06-13 22:27:11,066 INFO  client.GrpcClientProtocolClient (GrpcClientProtocolClient.java:onNext(254)) - client-43E682E1E07B->d5132e6f-def8-45c0-b0d2-c5ba43d86628: receive RaftClientReply:client-43E682E1E07B->d5132e6f-def8-45c0-b0d2-c5ba43d86628@group-C29775A8E805, cid=4341, SUCCESS, logIndex=7454, commits[d5132e6f-def8-45c0-b0d2-c5ba43d86628:c7454]
2019-06-13 22:27:11,068 INFO  client.GrpcClientProtocolClient (GrpcClientProtocolClient.java:onNext(254)) - client-43E682E1E07B->d5132e6f-def8-45c0-b0d2-c5ba43d86628: receive RaftClientReply:client-43E682E1E07B->d5132e6f-def8-45c0-b0d2-c5ba43d86628@group-C29775A8E805, cid=4342, SUCCESS, logIndex=7456, commits[d5132e6f-def8-45c0-b0d2-c5ba43d86628:c7456]
2019-06-13 22:27:11,069 INFO  client.GrpcClientProtocolClient (GrpcClientProtocolClient.java:onNext(254)) - client-43E682E1E07B->d5132e6f-def8-45c0-b0d2-c5ba43d86628: receive RaftClientReply:client-43E682E1E07B->d5132e6f-def8-45c0-b0d2-c5ba43d86628@group-C29775A8E805, cid=4343, SUCCESS, logIndex=7457, commits[d5132e6f-def8-45c0-b0d2-c5ba43d86628:c7457]
2019-06-13 22:27:11,069 INFO  client.GrpcClientProtocolClient (GrpcClientProtocolClient.java:onNext(254)) - client-43E682E1E07B->d5132e6f-def8-45c0-b0d2-c5ba43d86628: receive RaftClientReply:client-43E682E1E07B->d5132e6f-def8-45c0-b0d2-c5ba43d86628@group-C29775A8E805, cid=4344, SUCCESS, logIndex=7459, commits[d5132e6f-def8-45c0-b0d2-c5ba43d86628:c7459]
2019-06-13 22:27:11,081 INFO  client.GrpcClientProtocolClient (GrpcClientProtocolClient.java:onNext(254)) - client-43E682E1E07B->d5132e6f-def8-45c0-b0d2-c5ba43d86628: receive RaftClientReply:client-43E682E1E07B->d5132e6f-def8-45c0-b0d2-c5ba43d86628@group-C29775A8E805, cid=4345, SUCCESS, logIndex=7462, commits[d5132e6f-def8-45c0-b0d2-c5ba43d86628:c7462]
2019-06-13 22:27:11,082 INFO  client.GrpcClientProtocolClient (GrpcClientProtocolClient.java:onNext(254)) - client-43E682E1E07B->d5132e6f-def8-45c0-b0d2-c5ba43d86628: receive RaftClientReply:client-43E682E1E07B->d5132e6f-def8-45c0-b0d2-c5ba43d86628@group-C29775A8E805, cid=4346, SUCCESS, logIndex=7464, commits[d5132e6f-def8-45c0-b0d2-c5ba43d86628:c7464]
2019-06-13 22:27:11,083 INFO  client.GrpcClientProtocolClient (GrpcClientProtocolClient.java:onNext(254)) - client-43E682E1E07B->d5132e6f-def8-45c0-b0d2-c5ba43d86628: receive RaftClientReply:client-43E682E1E07B->d5132e6f-def8-45c0-b0d2-c5ba43d86628@group-C29775A8E805, cid=4347, SUCCESS, logIndex=7465, commits[d5132e6f-def8-45c0-b0d2-c5ba43d86628:c7467]
2019-06-13 22:27:11,083 INFO  client.GrpcClientProtocolClient (GrpcClientProtocolClient.java:onNext(254)) - client-43E682E1E07B->d5132e6f-def8-45c0-b0d2-c5ba43d86628: receive RaftClientReply:client-43E682E1E07B->d5132e6f-def8-45c0-b0d2-c5ba43d86628@group-C29775A8E805, cid=4348, SUCCESS, logIndex=7467, commits[d5132e6f-def8-45c0-b0d2-c5ba43d86628:c7467]
2019-06-13 22:27:11,089 INFO  client.GrpcClientProtocolClient (GrpcClientProtocolClient.java:onNext(254)) - client-43E682E1E07B->d5132e6f-def8-45c0-b0d2-c5ba43d86628: receive RaftClientReply:client-43E682E1E07B->d5132e6f-def8-45c0-b0d2-c5ba43d86628@group-C29775A8E805, cid=4349, SUCCESS, logIndex=7469, commits[d5132e6f-def8-45c0-b0d2-c5ba43d86628:c7469]
2019-06-13 22:27:11,093 INFO  client.GrpcClientProtocolClient (GrpcClientProtocolClient.java:onNext(254)) - client-43E682E1E07B->d5132e6f-def8-45c0-b0d2-c5ba43d86628: receive RaftClientReply:client-43E682E1E07B->d5132e6f-def8-45c0-b0d2-c5ba43d86628@group-C29775A8E805, cid=4350, SUCCESS, logIndex=7471, commits[d5132e6f-def8-45c0-b0d2-c5ba43d86628:c7471]
2019-06-13 22:27:11,094 INFO  client.GrpcClientProtocolClient (GrpcClientProtocolClient.java:onNext(254)) - client-43E682E1E07B->d5132e6f-def8-45c0-b0d2-c5ba43d86628: receive RaftClientReply:client-43E682E1E07B->d5132e6f-def8-45c0-b0d2-c5ba43d86628@group-C29775A8E805, cid=4351, SUCCESS, logIndex=7472, commits[d5132e6f-def8-45c0-b0d2-c5ba43d86628:c7473]
2019-06-13 22:27:11,094 INFO  client.GrpcClientProtocolClient (GrpcClientProtocolClient.java:onNext(254)) - client-43E682E1E07B->d5132e6f-def8-45c0-b0d2-c5ba43d86628: receive RaftClientReply:client-43E682E1E07B->d5132e6f-def8-45c0-b0d2-c5ba43d86628@group-C29775A8E805, cid=4352, SUCCESS, logIndex=7473, commits[d5132e6f-def8-45c0-b0d2-c5ba43d86628:c7474]
2019-06-13 22:27:11,109 DEBUG block.SCMBlockDeletingService (SCMBlockDeletingService.java:call(138)) - Running DeletedBlockTransactionScanner
2019-06-13 22:27:11,109 DEBUG block.SCMBlockDeletingService (SCMBlockDeletingService.java:call(155)) - Scanned deleted blocks log and got 0 delTX to process.
2019-06-13 22:27:11,114 INFO  client.GrpcClientProtocolClient (GrpcClientProtocolClient.java:onNext(254)) - client-43E682E1E07B->d5132e6f-def8-45c0-b0d2-c5ba43d86628: receive RaftClientReply:client-43E682E1E07B->d5132e6f-def8-45c0-b0d2-c5ba43d86628@group-C29775A8E805, cid=4353, SUCCESS, logIndex=7476, commits[d5132e6f-def8-45c0-b0d2-c5ba43d86628:c7476]
2019-06-13 22:27:11,122 INFO  client.GrpcClientProtocolClient (GrpcClientProtocolClient.java:onNext(254)) - client-43E682E1E07B->d5132e6f-def8-45c0-b0d2-c5ba43d86628: receive RaftClientReply:client-43E682E1E07B->d5132e6f-def8-45c0-b0d2-c5ba43d86628@group-C29775A8E805, cid=4354, SUCCESS, logIndex=7478, commits[d5132e6f-def8-45c0-b0d2-c5ba43d86628:c7478]
2019-06-13 22:27:11,125 INFO  client.GrpcClientProtocolClient (GrpcClientProtocolClient.java:onNext(254)) - client-43E682E1E07B->d5132e6f-def8-45c0-b0d2-c5ba43d86628: receive RaftClientReply:client-43E682E1E07B->d5132e6f-def8-45c0-b0d2-c5ba43d86628@group-C29775A8E805, cid=4355, SUCCESS, logIndex=7479, commits[d5132e6f-def8-45c0-b0d2-c5ba43d86628:c7481]
2019-06-13 22:27:11,126 INFO  client.GrpcClientProtocolClient (GrpcClientProtocolClient.java:onNext(254)) - client-43E682E1E07B->d5132e6f-def8-45c0-b0d2-c5ba43d86628: receive RaftClientReply:client-43E682E1E07B->d5132e6f-def8-45c0-b0d2-c5ba43d86628@group-C29775A8E805, cid=4356, SUCCESS, logIndex=7480, commits[d5132e6f-def8-45c0-b0d2-c5ba43d86628:c7481]
2019-06-13 22:27:11,133 INFO  client.GrpcClientProtocolClient (GrpcClientProtocolClient.java:onNext(254)) - client-43E682E1E07B->d5132e6f-def8-45c0-b0d2-c5ba43d86628: receive RaftClientReply:client-43E682E1E07B->d5132e6f-def8-45c0-b0d2-c5ba43d86628@group-C29775A8E805, cid=4357, SUCCESS, logIndex=7482, commits[d5132e6f-def8-45c0-b0d2-c5ba43d86628:c7482]
2019-06-13 22:27:11,138 INFO  client.GrpcClientProtocolClient (GrpcClientProtocolClient.java:onNext(254)) - client-43E682E1E07B->d5132e6f-def8-45c0-b0d2-c5ba43d86628: receive RaftClientReply:client-43E682E1E07B->d5132e6f-def8-45c0-b0d2-c5ba43d86628@group-C29775A8E805, cid=4358, SUCCESS, logIndex=7484, commits[d5132e6f-def8-45c0-b0d2-c5ba43d86628:c7484]
2019-06-13 22:27:11,138 INFO  client.GrpcClientProtocolClient (GrpcClientProtocolClient.java:onNext(254)) - client-43E682E1E07B->d5132e6f-def8-45c0-b0d2-c5ba43d86628: receive RaftClientReply:client-43E682E1E07B->d5132e6f-def8-45c0-b0d2-c5ba43d86628@group-C29775A8E805, cid=4359, SUCCESS, logIndex=7485, commits[d5132e6f-def8-45c0-b0d2-c5ba43d86628:c7486]
2019-06-13 22:27:11,138 INFO  storage.RaftLogWorker (RaftLogWorker.java:rollLogSegment(303)) - d5132e6f-def8-45c0-b0d2-c5ba43d86628-RaftLogWorker: Rolling segment log-7417_7486 to index:7486
2019-06-13 22:27:11,139 INFO  storage.RaftLogWorker (RaftLogWorker.java:execute(433)) - d5132e6f-def8-45c0-b0d2-c5ba43d86628-RaftLogWorker: Rolled log segment from /opt/src/hadoop-ozone/integration-test/target/test-dir/MiniOzoneClusterImpl-e9ea07bb-4900-4b53-96c1-68f0ab556a80/datanode-0/data/ratis/c7035dd3-cd4a-42fb-880d-c29775a8e805/current/log_inprogress_7417 to /opt/src/hadoop-ozone/integration-test/target/test-dir/MiniOzoneClusterImpl-e9ea07bb-4900-4b53-96c1-68f0ab556a80/datanode-0/data/ratis/c7035dd3-cd4a-42fb-880d-c29775a8e805/current/log_7417-7486
2019-06-13 22:27:11,182 INFO  storage.RaftLogWorker (RaftLogWorker.java:execute(469)) - d5132e6f-def8-45c0-b0d2-c5ba43d86628-RaftLogWorker: created new log segment /opt/src/hadoop-ozone/integration-test/target/test-dir/MiniOzoneClusterImpl-e9ea07bb-4900-4b53-96c1-68f0ab556a80/datanode-0/data/ratis/c7035dd3-cd4a-42fb-880d-c29775a8e805/current/log_inprogress_7487
2019-06-13 22:27:11,190 INFO  client.GrpcClientProtocolClient (GrpcClientProtocolClient.java:onNext(254)) - client-43E682E1E07B->d5132e6f-def8-45c0-b0d2-c5ba43d86628: receive RaftClientReply:client-43E682E1E07B->d5132e6f-def8-45c0-b0d2-c5ba43d86628@group-C29775A8E805, cid=4360, SUCCESS, logIndex=7487, commits[d5132e6f-def8-45c0-b0d2-c5ba43d86628:c7487]
2019-06-13 22:27:11,207 INFO  client.GrpcClientProtocolClient (GrpcClientProtocolClient.java:onNext(254)) - client-43E682E1E07B->d5132e6f-def8-45c0-b0d2-c5ba43d86628: receive RaftClientReply:client-43E682E1E07B->d5132e6f-def8-45c0-b0d2-c5ba43d86628@group-C29775A8E805, cid=4361, SUCCESS, logIndex=7489, commits[d5132e6f-def8-45c0-b0d2-c5ba43d86628:c7489]
2019-06-13 22:27:11,208 INFO  client.GrpcClientProtocolClient (GrpcClientProtocolClient.java:onNext(254)) - client-43E682E1E07B->d5132e6f-def8-45c0-b0d2-c5ba43d86628: receive RaftClientReply:client-43E682E1E07B->d5132e6f-def8-45c0-b0d2-c5ba43d86628@group-C29775A8E805, cid=4362, SUCCESS, logIndex=7491, commits[d5132e6f-def8-45c0-b0d2-c5ba43d86628:c7491]
2019-06-13 22:27:11,211 DEBUG block.SCMBlockDeletingService (SCMBlockDeletingService.java:call(138)) - Running DeletedBlockTransactionScanner
2019-06-13 22:27:11,211 DEBUG block.SCMBlockDeletingService (SCMBlockDeletingService.java:call(155)) - Scanned deleted blocks log and got 0 delTX to process.
2019-06-13 22:27:11,212 INFO  client.GrpcClientProtocolClient (GrpcClientProtocolClient.java:onNext(254)) - client-43E682E1E07B->d5132e6f-def8-45c0-b0d2-c5ba43d86628: receive RaftClientReply:client-43E682E1E07B->d5132e6f-def8-45c0-b0d2-c5ba43d86628@group-C29775A8E805, cid=4363, SUCCESS, logIndex=7493, commits[d5132e6f-def8-45c0-b0d2-c5ba43d86628:c7494]
2019-06-13 22:27:11,212 INFO  client.GrpcClientProtocolClient (GrpcClientProtocolClient.java:onNext(254)) - client-43E682E1E07B->d5132e6f-def8-45c0-b0d2-c5ba43d86628: receive RaftClientReply:client-43E682E1E07B->d5132e6f-def8-45c0-b0d2-c5ba43d86628@group-C29775A8E805, cid=4364, SUCCESS, logIndex=7494, commits[d5132e6f-def8-45c0-b0d2-c5ba43d86628:c7494]
2019-06-13 22:27:11,218 INFO  client.GrpcClientProtocolClient (GrpcClientProtocolClient.java:onNext(254)) - client-43E682E1E07B->d5132e6f-def8-45c0-b0d2-c5ba43d86628: receive RaftClientReply:client-43E682E1E07B->d5132e6f-def8-45c0-b0d2-c5ba43d86628@group-C29775A8E805, cid=4365, SUCCESS, logIndex=7496, commits[d5132e6f-def8-45c0-b0d2-c5ba43d86628:c7496]
2019-06-13 22:27:11,219 INFO  client.GrpcClientProtocolClient (GrpcClientProtocolClient.java:onNext(254)) - client-43E682E1E07B->d5132e6f-def8-45c0-b0d2-c5ba43d86628: receive RaftClientReply:client-43E682E1E07B->d5132e6f-def8-45c0-b0d2-c5ba43d86628@group-C29775A8E805, cid=4366, SUCCESS, logIndex=7498, commits[d5132e6f-def8-45c0-b0d2-c5ba43d86628:c7498]
2019-06-13 22:27:11,220 INFO  client.GrpcClientProtocolClient (GrpcClientProtocolClient.java:onNext(254)) - client-43E682E1E07B->d5132e6f-def8-45c0-b0d2-c5ba43d86628: receive RaftClientReply:client-43E682E1E07B->d5132e6f-def8-45c0-b0d2-c5ba43d86628@group-C29775A8E805, cid=4367, SUCCESS, logIndex=7499, commits[d5132e6f-def8-45c0-b0d2-c5ba43d86628:c7501]
2019-06-13 22:27:11,221 INFO  client.GrpcClientProtocolClient (GrpcClientProtocolClient.java:onNext(254)) - client-43E682E1E07B->d5132e6f-def8-45c0-b0d2-c5ba43d86628: receive RaftClientReply:client-43E682E1E07B->d5132e6f-def8-45c0-b0d2-c5ba43d86628@group-C29775A8E805, cid=4368, SUCCESS, logIndex=7500, commits[d5132e6f-def8-45c0-b0d2-c5ba43d86628:c7501]
2019-06-13 22:27:11,235 INFO  client.GrpcClientProtocolClient (GrpcClientProtocolClient.java:onNext(254)) - client-43E682E1E07B->d5132e6f-def8-45c0-b0d2-c5ba43d86628: receive RaftClientReply:client-43E682E1E07B->d5132e6f-def8-45c0-b0d2-c5ba43d86628@group-C29775A8E805, cid=4369, SUCCESS, logIndex=7502, commits[d5132e6f-def8-45c0-b0d2-c5ba43d86628:c7502]
2019-06-13 22:27:11,237 INFO  client.GrpcClientProtocolClient (GrpcClientProtocolClient.java:onNext(254)) - client-43E682E1E07B->d5132e6f-def8-45c0-b0d2-c5ba43d86628: receive RaftClientReply:client-43E682E1E07B->d5132e6f-def8-45c0-b0d2-c5ba43d86628@group-C29775A8E805, cid=4370, SUCCESS, logIndex=7504, commits[d5132e6f-def8-45c0-b0d2-c5ba43d86628:c7504]
2019-06-13 22:27:11,237 INFO  client.GrpcClientProtocolClient (GrpcClientProtocolClient.java:onNext(254)) - client-43E682E1E07B->d5132e6f-def8-45c0-b0d2-c5ba43d86628: receive RaftClientReply:client-43E682E1E07B->d5132e6f-def8-45c0-b0d2-c5ba43d86628@group-C29775A8E805, cid=4371, SUCCESS, logIndex=7505, commits[d5132e6f-def8-45c0-b0d2-c5ba43d86628:c7507]
2019-06-13 22:27:11,238 INFO  client.GrpcClientProtocolClient (GrpcClientProtocolClient.java:onNext(254)) - client-43E682E1E07B->d5132e6f-def8-45c0-b0d2-c5ba43d86628: receive RaftClientReply:client-43E682E1E07B->d5132e6f-def8-45c0-b0d2-c5ba43d86628@group-C29775A8E805, cid=4372, SUCCESS, logIndex=7506, commits[d5132e6f-def8-45c0-b0d2-c5ba43d86628:c7507]
2019-06-13 22:27:11,244 INFO  client.GrpcClientProtocolClient (GrpcClientProtocolClient.java:onNext(254)) - client-43E682E1E07B->d5132e6f-def8-45c0-b0d2-c5ba43d86628: receive RaftClientReply:client-43E682E1E07B->d5132e6f-def8-45c0-b0d2-c5ba43d86628@group-C29775A8E805, cid=4373, SUCCESS, logIndex=7508, commits[d5132e6f-def8-45c0-b0d2-c5ba43d86628:c7508]
2019-06-13 22:27:11,247 INFO  client.GrpcClientProtocolClient (GrpcClientProtocolClient.java:onNext(254)) - client-43E682E1E07B->d5132e6f-def8-45c0-b0d2-c5ba43d86628: receive RaftClientReply:client-43E682E1E07B->d5132e6f-def8-45c0-b0d2-c5ba43d86628@group-C29775A8E805, cid=4374, SUCCESS, logIndex=7510, commits[d5132e6f-def8-45c0-b0d2-c5ba43d86628:c7510]
2019-06-13 22:27:11,247 INFO  client.GrpcClientProtocolClient (GrpcClientProtocolClient.java:onNext(254)) - client-43E682E1E07B->d5132e6f-def8-45c0-b0d2-c5ba43d86628: receive RaftClientReply:client-43E682E1E07B->d5132e6f-def8-45c0-b0d2-c5ba43d86628@group-C29775A8E805, cid=4375, SUCCESS, logIndex=7511, commits[d5132e6f-def8-45c0-b0d2-c5ba43d86628:c7512]
2019-06-13 22:27:11,248 INFO  client.GrpcClientProtocolClient (GrpcClientProtocolClient.java:onNext(254)) - client-43E682E1E07B->d5132e6f-def8-45c0-b0d2-c5ba43d86628: receive RaftClientReply:client-43E682E1E07B->d5132e6f-def8-45c0-b0d2-c5ba43d86628@group-C29775A8E805, cid=4376, SUCCESS, logIndex=7512, commits[d5132e6f-def8-45c0-b0d2-c5ba43d86628:c7512]
2019-06-13 22:27:11,311 DEBUG block.SCMBlockDeletingService (SCMBlockDeletingService.java:call(138)) - Running DeletedBlockTransactionScanner
2019-06-13 22:27:11,311 DEBUG block.SCMBlockDeletingService (SCMBlockDeletingService.java:call(155)) - Scanned deleted blocks log and got 0 delTX to process.
2019-06-13 22:27:11,367 INFO  client.GrpcClientProtocolClient (GrpcClientProtocolClient.java:onNext(254)) - client-43E682E1E07B->d5132e6f-def8-45c0-b0d2-c5ba43d86628: receive RaftClientReply:client-43E682E1E07B->d5132e6f-def8-45c0-b0d2-c5ba43d86628@group-C29775A8E805, cid=4377, SUCCESS, logIndex=7515, commits[d5132e6f-def8-45c0-b0d2-c5ba43d86628:c7515]
2019-06-13 22:27:11,370 INFO  client.GrpcClientProtocolClient (GrpcClientProtocolClient.java:onNext(254)) - client-43E682E1E07B->d5132e6f-def8-45c0-b0d2-c5ba43d86628: receive RaftClientReply:client-43E682E1E07B->d5132e6f-def8-45c0-b0d2-c5ba43d86628@group-C29775A8E805, cid=4378, SUCCESS, logIndex=7517, commits[d5132e6f-def8-45c0-b0d2-c5ba43d86628:c7517]
2019-06-13 22:27:11,370 INFO  client.GrpcClientProtocolClient (GrpcClientProtocolClient.java:onNext(254)) - client-43E682E1E07B->d5132e6f-def8-45c0-b0d2-c5ba43d86628: receive RaftClientReply:client-43E682E1E07B->d5132e6f-def8-45c0-b0d2-c5ba43d86628@group-C29775A8E805, cid=4379, SUCCESS, logIndex=7518, commits[d5132e6f-def8-45c0-b0d2-c5ba43d86628:c7519]
2019-06-13 22:27:11,371 INFO  client.GrpcClientProtocolClient (GrpcClientProtocolClient.java:onNext(254)) - client-43E682E1E07B->d5132e6f-def8-45c0-b0d2-c5ba43d86628: receive RaftClientReply:client-43E682E1E07B->d5132e6f-def8-45c0-b0d2-c5ba43d86628@group-C29775A8E805, cid=4380, SUCCESS, logIndex=7519, commits[d5132e6f-def8-45c0-b0d2-c5ba43d86628:c7520]
2019-06-13 22:27:11,376 INFO  client.GrpcClientProtocolClient (GrpcClientProtocolClient.java:onNext(254)) - client-43E682E1E07B->d5132e6f-def8-45c0-b0d2-c5ba43d86628: receive RaftClientReply:client-43E682E1E07B->d5132e6f-def8-45c0-b0d2-c5ba43d86628@group-C29775A8E805, cid=4381, SUCCESS, logIndex=7522, commits[d5132e6f-def8-45c0-b0d2-c5ba43d86628:c7522]
2019-06-13 22:27:11,379 INFO  client.GrpcClientProtocolClient (GrpcClientProtocolClient.java:onNext(254)) - client-43E682E1E07B->d5132e6f-def8-45c0-b0d2-c5ba43d86628: receive RaftClientReply:client-43E682E1E07B->d5132e6f-def8-45c0-b0d2-c5ba43d86628@group-C29775A8E805, cid=4382, SUCCESS, logIndex=7524, commits[d5132e6f-def8-45c0-b0d2-c5ba43d86628:c7524]
2019-06-13 22:27:11,379 INFO  client.GrpcClientProtocolClient (GrpcClientProtocolClient.java:onNext(254)) - client-43E682E1E07B->d5132e6f-def8-45c0-b0d2-c5ba43d86628: receive RaftClientReply:client-43E682E1E07B->d5132e6f-def8-45c0-b0d2-c5ba43d86628@group-C29775A8E805, cid=4383, SUCCESS, logIndex=7525, commits[d5132e6f-def8-45c0-b0d2-c5ba43d86628:c7526]
2019-06-13 22:27:11,379 INFO  client.GrpcClientProtocolClient (GrpcClientProtocolClient.java:onNext(254)) - client-43E682E1E07B->d5132e6f-def8-45c0-b0d2-c5ba43d86628: receive RaftClientReply:client-43E682E1E07B->d5132e6f-def8-45c0-b0d2-c5ba43d86628@group-C29775A8E805, cid=4384, SUCCESS, logIndex=7526, commits[d5132e6f-def8-45c0-b0d2-c5ba43d86628:c7526]
2019-06-13 22:27:11,392 INFO  client.GrpcClientProtocolClient (GrpcClientProtocolClient.java:onNext(254)) - client-43E682E1E07B->d5132e6f-def8-45c0-b0d2-c5ba43d86628: receive RaftClientReply:client-43E682E1E07B->d5132e6f-def8-45c0-b0d2-c5ba43d86628@group-C29775A8E805, cid=4385, SUCCESS, logIndex=7529, commits[d5132e6f-def8-45c0-b0d2-c5ba43d86628:c7529]
2019-06-13 22:27:11,394 INFO  client.GrpcClientProtocolClient (GrpcClientProtocolClient.java:onNext(254)) - client-43E682E1E07B->d5132e6f-def8-45c0-b0d2-c5ba43d86628: receive RaftClientReply:client-43E682E1E07B->d5132e6f-def8-45c0-b0d2-c5ba43d86628@group-C29775A8E805, cid=4386, SUCCESS, logIndex=7531, commits[d5132e6f-def8-45c0-b0d2-c5ba43d86628:c7531]
2019-06-13 22:27:11,394 INFO  client.GrpcClientProtocolClient (GrpcClientProtocolClient.java:onNext(254)) - client-43E682E1E07B->d5132e6f-def8-45c0-b0d2-c5ba43d86628: receive RaftClientReply:client-43E682E1E07B->d5132e6f-def8-45c0-b0d2-c5ba43d86628@group-C29775A8E805, cid=4387, SUCCESS, logIndex=7532, commits[d5132e6f-def8-45c0-b0d2-c5ba43d86628:c7532]
2019-06-13 22:27:11,395 INFO  client.GrpcClientProtocolClient (GrpcClientProtocolClient.java:onNext(254)) - client-43E682E1E07B->d5132e6f-def8-45c0-b0d2-c5ba43d86628: receive RaftClientReply:client-43E682E1E07B->d5132e6f-def8-45c0-b0d2-c5ba43d86628@group-C29775A8E805, cid=4388, SUCCESS, logIndex=7534, commits[d5132e6f-def8-45c0-b0d2-c5ba43d86628:c7534]
2019-06-13 22:27:11,401 INFO  client.GrpcClientProtocolClient (GrpcClientProtocolClient.java:onNext(254)) - client-43E682E1E07B->d5132e6f-def8-45c0-b0d2-c5ba43d86628: receive RaftClientReply:client-43E682E1E07B->d5132e6f-def8-45c0-b0d2-c5ba43d86628@group-C29775A8E805, cid=4389, SUCCESS, logIndex=7537, commits[d5132e6f-def8-45c0-b0d2-c5ba43d86628:c7537]
2019-06-13 22:27:11,402 INFO  client.GrpcClientProtocolClient (GrpcClientProtocolClient.java:onNext(254)) - client-43E682E1E07B->d5132e6f-def8-45c0-b0d2-c5ba43d86628: receive RaftClientReply:client-43E682E1E07B->d5132e6f-def8-45c0-b0d2-c5ba43d86628@group-C29775A8E805, cid=4390, SUCCESS, logIndex=7539, commits[d5132e6f-def8-45c0-b0d2-c5ba43d86628:c7539]
2019-06-13 22:27:11,405 INFO  client.GrpcClientProtocolClient (GrpcClientProtocolClient.java:onNext(254)) - client-43E682E1E07B->d5132e6f-def8-45c0-b0d2-c5ba43d86628: receive RaftClientReply:client-43E682E1E07B->d5132e6f-def8-45c0-b0d2-c5ba43d86628@group-C29775A8E805, cid=4391, SUCCESS, logIndex=7541, commits[d5132e6f-def8-45c0-b0d2-c5ba43d86628:c7542]
2019-06-13 22:27:11,405 INFO  client.GrpcClientProtocolClient (GrpcClientProtocolClient.java:onNext(254)) - client-43E682E1E07B->d5132e6f-def8-45c0-b0d2-c5ba43d86628: receive RaftClientReply:client-43E682E1E07B->d5132e6f-def8-45c0-b0d2-c5ba43d86628@group-C29775A8E805, cid=4392, SUCCESS, logIndex=7542, commits[d5132e6f-def8-45c0-b0d2-c5ba43d86628:c7542]
2019-06-13 22:27:11,412 DEBUG block.SCMBlockDeletingService (SCMBlockDeletingService.java:call(138)) - Running DeletedBlockTransactionScanner
2019-06-13 22:27:11,412 DEBUG block.SCMBlockDeletingService (SCMBlockDeletingService.java:call(155)) - Scanned deleted blocks log and got 0 delTX to process.
2019-06-13 22:27:11,417 INFO  client.GrpcClientProtocolClient (GrpcClientProtocolClient.java:onNext(254)) - client-43E682E1E07B->d5132e6f-def8-45c0-b0d2-c5ba43d86628: receive RaftClientReply:client-43E682E1E07B->d5132e6f-def8-45c0-b0d2-c5ba43d86628@group-C29775A8E805, cid=4393, SUCCESS, logIndex=7544, commits[d5132e6f-def8-45c0-b0d2-c5ba43d86628:c7544]
2019-06-13 22:27:11,418 INFO  client.GrpcClientProtocolClient (GrpcClientProtocolClient.java:onNext(254)) - client-43E682E1E07B->d5132e6f-def8-45c0-b0d2-c5ba43d86628: receive RaftClientReply:client-43E682E1E07B->d5132e6f-def8-45c0-b0d2-c5ba43d86628@group-C29775A8E805, cid=4394, SUCCESS, logIndex=7546, commits[d5132e6f-def8-45c0-b0d2-c5ba43d86628:c7546]
2019-06-13 22:27:11,424 INFO  client.GrpcClientProtocolClient (GrpcClientProtocolClient.java:onNext(254)) - client-43E682E1E07B->d5132e6f-def8-45c0-b0d2-c5ba43d86628: receive RaftClientReply:client-43E682E1E07B->d5132e6f-def8-45c0-b0d2-c5ba43d86628@group-C29775A8E805, cid=4395, SUCCESS, logIndex=7547, commits[d5132e6f-def8-45c0-b0d2-c5ba43d86628:c7549]
2019-06-13 22:27:11,424 INFO  client.GrpcClientProtocolClient (GrpcClientProtocolClient.java:onNext(254)) - client-43E682E1E07B->d5132e6f-def8-45c0-b0d2-c5ba43d86628: receive RaftClientReply:client-43E682E1E07B->d5132e6f-def8-45c0-b0d2-c5ba43d86628@group-C29775A8E805, cid=4396, SUCCESS, logIndex=7548, commits[d5132e6f-def8-45c0-b0d2-c5ba43d86628:c7549]
2019-06-13 22:27:11,430 INFO  client.GrpcClientProtocolClient (GrpcClientProtocolClient.java:onNext(254)) - client-43E682E1E07B->d5132e6f-def8-45c0-b0d2-c5ba43d86628: receive RaftClientReply:client-43E682E1E07B->d5132e6f-def8-45c0-b0d2-c5ba43d86628@group-C29775A8E805, cid=4397, SUCCESS, logIndex=7550, commits[d5132e6f-def8-45c0-b0d2-c5ba43d86628:c7550]
2019-06-13 22:27:11,432 INFO  client.GrpcClientProtocolClient (GrpcClientProtocolClient.java:onNext(254)) - client-43E682E1E07B->d5132e6f-def8-45c0-b0d2-c5ba43d86628: receive RaftClientReply:client-43E682E1E07B->d5132e6f-def8-45c0-b0d2-c5ba43d86628@group-C29775A8E805, cid=4398, SUCCESS, logIndex=7552, commits[d5132e6f-def8-45c0-b0d2-c5ba43d86628:c7552]
2019-06-13 22:27:11,433 INFO  client.GrpcClientProtocolClient (GrpcClientProtocolClient.java:onNext(254)) - client-43E682E1E07B->d5132e6f-def8-45c0-b0d2-c5ba43d86628: receive RaftClientReply:client-43E682E1E07B->d5132e6f-def8-45c0-b0d2-c5ba43d86628@group-C29775A8E805, cid=4399, SUCCESS, logIndex=7553, commits[d5132e6f-def8-45c0-b0d2-c5ba43d86628:c7555]
2019-06-13 22:27:11,433 INFO  client.GrpcClientProtocolClient (GrpcClientProtocolClient.java:onNext(254)) - client-43E682E1E07B->d5132e6f-def8-45c0-b0d2-c5ba43d86628: receive RaftClientReply:client-43E682E1E07B->d5132e6f-def8-45c0-b0d2-c5ba43d86628@group-C29775A8E805, cid=4400, SUCCESS, logIndex=7554, commits[d5132e6f-def8-45c0-b0d2-c5ba43d86628:c7555]
2019-06-13 22:27:11,445 INFO  client.GrpcClientProtocolClient (GrpcClientProtocolClient.java:onNext(254)) - client-43E682E1E07B->d5132e6f-def8-45c0-b0d2-c5ba43d86628: receive RaftClientReply:client-43E682E1E07B->d5132e6f-def8-45c0-b0d2-c5ba43d86628@group-C29775A8E805, cid=4401, SUCCESS, logIndex=7556, commits[d5132e6f-def8-45c0-b0d2-c5ba43d86628:c7556]
2019-06-13 22:27:11,445 INFO  storage.RaftLogWorker (RaftLogWorker.java:rollLogSegment(303)) - d5132e6f-def8-45c0-b0d2-c5ba43d86628-RaftLogWorker: Rolling segment log-7487_7558 to index:7558
2019-06-13 22:27:11,445 INFO  storage.RaftLogWorker (RaftLogWorker.java:execute(433)) - d5132e6f-def8-45c0-b0d2-c5ba43d86628-RaftLogWorker: Rolled log segment from /opt/src/hadoop-ozone/integration-test/target/test-dir/MiniOzoneClusterImpl-e9ea07bb-4900-4b53-96c1-68f0ab556a80/datanode-0/data/ratis/c7035dd3-cd4a-42fb-880d-c29775a8e805/current/log_inprogress_7487 to /opt/src/hadoop-ozone/integration-test/target/test-dir/MiniOzoneClusterImpl-e9ea07bb-4900-4b53-96c1-68f0ab556a80/datanode-0/data/ratis/c7035dd3-cd4a-42fb-880d-c29775a8e805/current/log_7487-7558
2019-06-13 22:27:11,447 INFO  client.GrpcClientProtocolClient (GrpcClientProtocolClient.java:onNext(254)) - client-43E682E1E07B->d5132e6f-def8-45c0-b0d2-c5ba43d86628: receive RaftClientReply:client-43E682E1E07B->d5132e6f-def8-45c0-b0d2-c5ba43d86628@group-C29775A8E805, cid=4402, SUCCESS, logIndex=7558, commits[d5132e6f-def8-45c0-b0d2-c5ba43d86628:c7558]
2019-06-13 22:27:11,486 INFO  storage.RaftLogWorker (RaftLogWorker.java:execute(469)) - d5132e6f-def8-45c0-b0d2-c5ba43d86628-RaftLogWorker: created new log segment /opt/src/hadoop-ozone/integration-test/target/test-dir/MiniOzoneClusterImpl-e9ea07bb-4900-4b53-96c1-68f0ab556a80/datanode-0/data/ratis/c7035dd3-cd4a-42fb-880d-c29775a8e805/current/log_inprogress_7559
2019-06-13 22:27:11,488 INFO  client.GrpcClientProtocolClient (GrpcClientProtocolClient.java:onNext(254)) - client-43E682E1E07B->d5132e6f-def8-45c0-b0d2-c5ba43d86628: receive RaftClientReply:client-43E682E1E07B->d5132e6f-def8-45c0-b0d2-c5ba43d86628@group-C29775A8E805, cid=4403, SUCCESS, logIndex=7559, commits[d5132e6f-def8-45c0-b0d2-c5ba43d86628:c7561]
2019-06-13 22:27:11,488 INFO  client.GrpcClientProtocolClient (GrpcClientProtocolClient.java:onNext(254)) - client-43E682E1E07B->d5132e6f-def8-45c0-b0d2-c5ba43d86628: receive RaftClientReply:client-43E682E1E07B->d5132e6f-def8-45c0-b0d2-c5ba43d86628@group-C29775A8E805, cid=4404, SUCCESS, logIndex=7561, commits[d5132e6f-def8-45c0-b0d2-c5ba43d86628:c7561]
2019-06-13 22:27:11,498 INFO  client.GrpcClientProtocolClient (GrpcClientProtocolClient.java:onNext(254)) - client-43E682E1E07B->d5132e6f-def8-45c0-b0d2-c5ba43d86628: receive RaftClientReply:client-43E682E1E07B->d5132e6f-def8-45c0-b0d2-c5ba43d86628@group-C29775A8E805, cid=4405, SUCCESS, logIndex=7563, commits[d5132e6f-def8-45c0-b0d2-c5ba43d86628:c7564]
2019-06-13 22:27:11,500 INFO  client.GrpcClientProtocolClient (GrpcClientProtocolClient.java:onNext(254)) - client-43E682E1E07B->d5132e6f-def8-45c0-b0d2-c5ba43d86628: receive RaftClientReply:client-43E682E1E07B->d5132e6f-def8-45c0-b0d2-c5ba43d86628@group-C29775A8E805, cid=4406, SUCCESS, logIndex=7565, commits[d5132e6f-def8-45c0-b0d2-c5ba43d86628:c7565]
2019-06-13 22:27:11,501 INFO  client.GrpcClientProtocolClient (GrpcClientProtocolClient.java:onNext(254)) - client-43E682E1E07B->d5132e6f-def8-45c0-b0d2-c5ba43d86628: receive RaftClientReply:client-43E682E1E07B->d5132e6f-def8-45c0-b0d2-c5ba43d86628@group-C29775A8E805, cid=4407, SUCCESS, logIndex=7566, commits[d5132e6f-def8-45c0-b0d2-c5ba43d86628:c7566]
2019-06-13 22:27:11,501 INFO  client.GrpcClientProtocolClient (GrpcClientProtocolClient.java:onNext(254)) - client-43E682E1E07B->d5132e6f-def8-45c0-b0d2-c5ba43d86628: receive RaftClientReply:client-43E682E1E07B->d5132e6f-def8-45c0-b0d2-c5ba43d86628@group-C29775A8E805, cid=4408, SUCCESS, logIndex=7568, commits[d5132e6f-def8-45c0-b0d2-c5ba43d86628:c7569]
2019-06-13 22:27:11,513 DEBUG block.SCMBlockDeletingService (SCMBlockDeletingService.java:call(138)) - Running DeletedBlockTransactionScanner
2019-06-13 22:27:11,514 DEBUG block.SCMBlockDeletingService (SCMBlockDeletingService.java:call(155)) - Scanned deleted blocks log and got 0 delTX to process.
2019-06-13 22:27:11,515 INFO  client.GrpcClientProtocolClient (GrpcClientProtocolClient.java:onNext(254)) - client-43E682E1E07B->d5132e6f-def8-45c0-b0d2-c5ba43d86628: receive RaftClientReply:client-43E682E1E07B->d5132e6f-def8-45c0-b0d2-c5ba43d86628@group-C29775A8E805, cid=4409, SUCCESS, logIndex=7570, commits[d5132e6f-def8-45c0-b0d2-c5ba43d86628:c7570]
2019-06-13 22:27:11,517 INFO  client.GrpcClientProtocolClient (GrpcClientProtocolClient.java:onNext(254)) - client-43E682E1E07B->d5132e6f-def8-45c0-b0d2-c5ba43d86628: receive RaftClientReply:client-43E682E1E07B->d5132e6f-def8-45c0-b0d2-c5ba43d86628@group-C29775A8E805, cid=4410, SUCCESS, logIndex=7572, commits[d5132e6f-def8-45c0-b0d2-c5ba43d86628:c7574]
2019-06-13 22:27:11,518 INFO  client.GrpcClientProtocolClient (GrpcClientProtocolClient.java:onNext(254)) - client-43E682E1E07B->d5132e6f-def8-45c0-b0d2-c5ba43d86628: receive RaftClientReply:client-43E682E1E07B->d5132e6f-def8-45c0-b0d2-c5ba43d86628@group-C29775A8E805, cid=4411, SUCCESS, logIndex=7573, commits[d5132e6f-def8-45c0-b0d2-c5ba43d86628:c7574]
2019-06-13 22:27:11,518 INFO  client.GrpcClientProtocolClient (GrpcClientProtocolClient.java:onNext(254)) - client-43E682E1E07B->d5132e6f-def8-45c0-b0d2-c5ba43d86628: receive RaftClientReply:client-43E682E1E07B->d5132e6f-def8-45c0-b0d2-c5ba43d86628@group-C29775A8E805, cid=4412, SUCCESS, logIndex=7574, commits[d5132e6f-def8-45c0-b0d2-c5ba43d86628:c7574]
2019-06-13 22:27:11,526 INFO  client.GrpcClientProtocolClient (GrpcClientProtocolClient.java:onNext(254)) - client-43E682E1E07B->d5132e6f-def8-45c0-b0d2-c5ba43d86628: receive RaftClientReply:client-43E682E1E07B->d5132e6f-def8-45c0-b0d2-c5ba43d86628@group-C29775A8E805, cid=4413, SUCCESS, logIndex=7576, commits[d5132e6f-def8-45c0-b0d2-c5ba43d86628:c7576]
2019-06-13 22:27:11,528 INFO  client.GrpcClientProtocolClient (GrpcClientProtocolClient.java:onNext(254)) - client-43E682E1E07B->d5132e6f-def8-45c0-b0d2-c5ba43d86628: receive RaftClientReply:client-43E682E1E07B->d5132e6f-def8-45c0-b0d2-c5ba43d86628@group-C29775A8E805, cid=4414, SUCCESS, logIndex=7578, commits[d5132e6f-def8-45c0-b0d2-c5ba43d86628:c7578]
2019-06-13 22:27:11,528 INFO  client.GrpcClientProtocolClient (GrpcClientProtocolClient.java:onNext(254)) - client-43E682E1E07B->d5132e6f-def8-45c0-b0d2-c5ba43d86628: receive RaftClientReply:client-43E682E1E07B->d5132e6f-def8-45c0-b0d2-c5ba43d86628@group-C29775A8E805, cid=4415, SUCCESS, logIndex=7579, commits[d5132e6f-def8-45c0-b0d2-c5ba43d86628:c7579]
2019-06-13 22:27:11,529 INFO  client.GrpcClientProtocolClient (GrpcClientProtocolClient.java:onNext(254)) - client-43E682E1E07B->d5132e6f-def8-45c0-b0d2-c5ba43d86628: receive RaftClientReply:client-43E682E1E07B->d5132e6f-def8-45c0-b0d2-c5ba43d86628@group-C29775A8E805, cid=4416, SUCCESS, logIndex=7581, commits[d5132e6f-def8-45c0-b0d2-c5ba43d86628:c7581]
2019-06-13 22:27:11,543 INFO  client.GrpcClientProtocolClient (GrpcClientProtocolClient.java:onNext(254)) - client-43E682E1E07B->d5132e6f-def8-45c0-b0d2-c5ba43d86628: receive RaftClientReply:client-43E682E1E07B->d5132e6f-def8-45c0-b0d2-c5ba43d86628@group-C29775A8E805, cid=4417, SUCCESS, logIndex=7584, commits[d5132e6f-def8-45c0-b0d2-c5ba43d86628:c7584]
2019-06-13 22:27:11,545 INFO  client.GrpcClientProtocolClient (GrpcClientProtocolClient.java:onNext(254)) - client-43E682E1E07B->d5132e6f-def8-45c0-b0d2-c5ba43d86628: receive RaftClientReply:client-43E682E1E07B->d5132e6f-def8-45c0-b0d2-c5ba43d86628@group-C29775A8E805, cid=4418, SUCCESS, logIndex=7586, commits[d5132e6f-def8-45c0-b0d2-c5ba43d86628:c7586]
2019-06-13 22:27:11,546 INFO  client.GrpcClientProtocolClient (GrpcClientProtocolClient.java:onNext(254)) - client-43E682E1E07B->d5132e6f-def8-45c0-b0d2-c5ba43d86628: receive RaftClientReply:client-43E682E1E07B->d5132e6f-def8-45c0-b0d2-c5ba43d86628@group-C29775A8E805, cid=4419, SUCCESS, logIndex=7587, commits[d5132e6f-def8-45c0-b0d2-c5ba43d86628:c7587]
2019-06-13 22:27:11,547 INFO  client.GrpcClientProtocolClient (GrpcClientProtocolClient.java:onNext(254)) - client-43E682E1E07B->d5132e6f-def8-45c0-b0d2-c5ba43d86628: receive RaftClientReply:client-43E682E1E07B->d5132e6f-def8-45c0-b0d2-c5ba43d86628@group-C29775A8E805, cid=4420, SUCCESS, logIndex=7590, commits[d5132e6f-def8-45c0-b0d2-c5ba43d86628:c7590]
2019-06-13 22:27:11,550 INFO  client.GrpcClientProtocolClient (GrpcClientProtocolClient.java:onNext(254)) - client-43E682E1E07B->d5132e6f-def8-45c0-b0d2-c5ba43d86628: receive RaftClientReply:client-43E682E1E07B->d5132e6f-def8-45c0-b0d2-c5ba43d86628@group-C29775A8E805, cid=4421, SUCCESS, logIndex=7592, commits[d5132e6f-def8-45c0-b0d2-c5ba43d86628:c7592]
2019-06-13 22:27:11,551 INFO  client.GrpcClientProtocolClient (GrpcClientProtocolClient.java:onNext(254)) - client-43E682E1E07B->d5132e6f-def8-45c0-b0d2-c5ba43d86628: receive RaftClientReply:client-43E682E1E07B->d5132e6f-def8-45c0-b0d2-c5ba43d86628@group-C29775A8E805, cid=4422, SUCCESS, logIndex=7594, commits[d5132e6f-def8-45c0-b0d2-c5ba43d86628:c7594]
2019-06-13 22:27:11,617 DEBUG block.SCMBlockDeletingService (SCMBlockDeletingService.java:call(138)) - Running DeletedBlockTransactionScanner
2019-06-13 22:27:11,618 DEBUG block.SCMBlockDeletingService (SCMBlockDeletingService.java:call(155)) - Scanned deleted blocks log and got 0 delTX to process.
2019-06-13 22:27:11,718 DEBUG block.SCMBlockDeletingService (SCMBlockDeletingService.java:call(138)) - Running DeletedBlockTransactionScanner
2019-06-13 22:27:11,718 DEBUG block.SCMBlockDeletingService (SCMBlockDeletingService.java:call(155)) - Scanned deleted blocks log and got 0 delTX to process.
2019-06-13 22:27:11,818 DEBUG block.SCMBlockDeletingService (SCMBlockDeletingService.java:call(138)) - Running DeletedBlockTransactionScanner
2019-06-13 22:27:11,818 DEBUG block.SCMBlockDeletingService (SCMBlockDeletingService.java:call(155)) - Scanned deleted blocks log and got 0 delTX to process.
2019-06-13 22:27:11,919 DEBUG block.SCMBlockDeletingService (SCMBlockDeletingService.java:call(138)) - Running DeletedBlockTransactionScanner
2019-06-13 22:27:11,919 DEBUG block.SCMBlockDeletingService (SCMBlockDeletingService.java:call(155)) - Scanned deleted blocks log and got 0 delTX to process.
2019-06-13 22:27:11,931 INFO  server.SCMBlockProtocolServer (SCMBlockProtocolServer.java:deleteKeyBlocks(202)) - SCM is informed by OM to delete 1 blocks
2019-06-13 22:27:11,933 INFO  block.BlockManagerImpl (BlockManagerImpl.java:deleteBlocks(268)) - Deleting blocks conID: 1 locID: 102266620297281537 bcsId: 0,conID: 2 locID: 102266620297412610 bcsId: 0,conID: 3 locID: 102266620297412611 bcsId: 0,conID: 1 locID: 102266620297543684 bcsId: 0,conID: 2 locID: 102266620297543685 bcsId: 0,conID: 3 locID: 102266620297543686 bcsId: 0,conID: 1 locID: 102266620390408199 bcsId: 0,conID: 2 locID: 102266620397486088 bcsId: 0,conID: 3 locID: 102266620404039689 bcsId: 0,conID: 1 locID: 102266620414918666 bcsId: 0,conID: 2 locID: 102266620420030475 bcsId: 0,conID: 3 locID: 102266620428288012 bcsId: 0,conID: 1 locID: 102266620436676621 bcsId: 0,conID: 2 locID: 102266620441788430 bcsId: 0,conID: 3 locID: 102266620452995087 bcsId: 0,conID: 1 locID: 102266620456861712 bcsId: 0,conID: 2 locID: 102266620464398353 bcsId: 0,conID: 3 locID: 102266620479340562 bcsId: 0,conID: 1 locID: 102266620483141651 bcsId: 0,conID: 2 locID: 102266620491726868 bcsId: 0,conID: 3 locID: 102266620498608149 bcsId: 0,conID: 1 locID: 102266620504834070 bcsId: 0,conID: 2 locID: 102266620512829463 bcsId: 0,conID: 3 locID: 102266620521545752 bcsId: 0,conID: 1 locID: 102266620542779417 bcsId: 0,conID: 2 locID: 102266620545597466 bcsId: 0,conID: 3 locID: 102266620549333019 bcsId: 0,conID: 1 locID: 102266620555755548 bcsId: 0,conID: 2 locID: 102266620563030045 bcsId: 0,conID: 3 locID: 102266620566044702 bcsId: 0,conID: 1 locID: 102266620571680799 bcsId: 0,conID: 2 locID: 102266620575088672 bcsId: 0,conID: 3 locID: 102266620578562081 bcsId: 0,conID: 1 locID: 102266620585771042 bcsId: 0,conID: 2 locID: 102266620593897507 bcsId: 0,conID: 3 locID: 102266620596912164 bcsId: 0,conID: 1 locID: 102266620599140389 bcsId: 0,conID: 2 locID: 102266620606218278 bcsId: 0,conID: 3 locID: 102266620611133479 bcsId: 0,conID: 1 locID: 102266620618407976 bcsId: 0,conID: 2 locID: 102266620621946921 bcsId: 0,conID: 3 locID: 102266620625289258 bcsId: 0,conID: 1 locID: 102266620628828203 bcsId: 0,conID: 2 locID: 102266620635775020 bcsId: 0,conID: 3 locID: 102266620653010989 bcsId: 0,conID: 1 locID: 102266620660351022 bcsId: 0,conID: 2 locID: 102266620662906927 bcsId: 0,conID: 3 locID: 102266620666183728 bcsId: 0,conID: 1 locID: 102266620669132849 bcsId: 0,conID: 2 locID: 102266620675096626 bcsId: 0,conID: 3 locID: 102266620687482931 bcsId: 0,conID: 1 locID: 102266620690694196 bcsId: 0,conID: 2 locID: 102266620695216181 bcsId: 0,conID: 3 locID: 102266620699148342 bcsId: 0,conID: 1 locID: 102266620705636407 bcsId: 0,conID: 2 locID: 102266620707864632 bcsId: 0,conID: 3 locID: 102266620716646457 bcsId: 0,conID: 1 locID: 102266620722872378 bcsId: 0,conID: 2 locID: 102266620725493819 bcsId: 0,conID: 3 locID: 102266620731064380 bcsId: 0,conID: 1 locID: 102266620733620285 bcsId: 0,conID: 2 locID: 102266620741812286 bcsId: 0,conID: 3 locID: 102266620745023551 bcsId: 0,conID: 1 locID: 102266620749676608 bcsId: 0,conID: 2 locID: 102266620754329665 bcsId: 0,conID: 3 locID: 102266620760948802 bcsId: 0,conID: 1 locID: 102266620781133891 bcsId: 0,conID: 2 locID: 102266620787949636 bcsId: 0,conID: 3 locID: 102266620791423045 bcsId: 0,conID: 1 locID: 102266620794372166 bcsId: 0,conID: 2 locID: 102266620799483975 bcsId: 0,conID: 3 locID: 102266620801712200 bcsId: 0,conID: 1 locID: 102266620815999049 bcsId: 0,conID: 2 locID: 102266620821307466 bcsId: 0,conID: 3 locID: 102266620823863371 bcsId: 0,conID: 1 locID: 102266620829892684 bcsId: 0,conID: 2 locID: 102266620833824845 bcsId: 0,conID: 3 locID: 102266620837691470 bcsId: 0,conID: 1 locID: 102266620847587407 bcsId: 0,conID: 2 locID: 102266620852633680 bcsId: 0,conID: 3 locID: 102266620858728529 bcsId: 0,conID: 1 locID: 102266620864495698 bcsId: 0,conID: 2 locID: 102266620872884307 bcsId: 0,conID: 3 locID: 102266620883107924 bcsId: 0,conID: 1 locID: 102266620886974549 bcsId: 0,conID: 2 locID: 102266620890251350 bcsId: 0,conID: 3 locID: 102266620896084055 bcsId: 0,conID: 1 locID: 102266620898705496 bcsId: 0,conID: 2 locID: 102266620901523545 bcsId: 0,conID: 3 locID: 102266620923150426 bcsId: 0,conID: 1 locID: 102266620925378651 bcsId: 0,conID: 2 locID: 102266620930752604 bcsId: 0,conID: 3 locID: 102266620936781917 bcsId: 0,conID: 1 locID: 102266620942024798 bcsId: 0,conID: 2 locID: 102266620951724127 bcsId: 0,conID: 3 locID: 102266620954673248 bcsId: 0,conID: 1 locID: 102266620958015585 bcsId: 0,conID: 2 locID: 102266620967256162 bcsId: 0,conID: 3 locID: 102266620972957795 bcsId: 0,conID: 1 locID: 102266620977872996 bcsId: 0,conID: 2 locID: 102266620985475173 bcsId: 0,conID: 3 locID: 102266620989603942 bcsId: 0,conID: 1 locID: 102266620994584679 bcsId: 0,conID: 2 locID: 102266620996812904 bcsId: 0,conID: 3 locID: 102266620998910057 bcsId: 0,conID: 1 locID: 102266621012148330 bcsId: 0,conID: 2 locID: 102266621014966379 bcsId: 0,conID: 3 locID: 102266621023027308 bcsId: 0,conID: 1 locID: 102266621026828397 bcsId: 0,conID: 2 locID: 102266621030957166 bcsId: 0,conID: 3 locID: 102266621034496111 bcsId: 0,conID: 1 locID: 102266621043409008 bcsId: 0,conID: 2 locID: 102266621047603313 bcsId: 0,conID: 3 locID: 102266621053698162 bcsId: 0,conID: 1 locID: 102266621077028979 bcsId: 0,conID: 2 locID: 102266621082534004 bcsId: 0,conID: 3 locID: 102266621086269557 bcsId: 0,conID: 1 locID: 102266621097279606 bcsId: 0,conID: 2 locID: 102266621103112311 bcsId: 0,conID: 3 locID: 102266621105340536 bcsId: 0,conID: 1 locID: 102266621107896441 bcsId: 0,conID: 2 locID: 102266621110255738 bcsId: 0,conID: 3 locID: 102266621120086139 bcsId: 0,conID: 1 locID: 102266621125984380 bcsId: 0,conID: 2 locID: 102266621127884925 bcsId: 0,conID: 3 locID: 102266621129851006 bcsId: 0,conID: 1 locID: 102266621131686015 bcsId: 0,conID: 2 locID: 102266621133521024 bcsId: 0,conID: 3 locID: 102266621143744641 bcsId: 0,conID: 1 locID: 102266621148397698 bcsId: 0,conID: 2 locID: 102266621152657539 bcsId: 0,conID: 3 locID: 102266621156065412 bcsId: 0,conID: 1 locID: 102266621159866501 bcsId: 0,conID: 2 locID: 102266621169696902 bcsId: 0,conID: 3 locID: 102266621176840327 bcsId: 0,conID: 1 locID: 102266621180117128 bcsId: 0,conID: 2 locID: 102266621183393929 bcsId: 0,conID: 3 locID: 102266621186408586 bcsId: 0,conID: 1 locID: 102266621194403979 bcsId: 0,conID: 2 locID: 102266621204955276 bcsId: 0,conID: 3 locID: 102266621208101005 bcsId: 0,conID: 1 locID: 102266621212229774 bcsId: 0,conID: 2 locID: 102266621216358543 bcsId: 0,conID: 3 locID: 102266621218914448 bcsId: 0,conID: 1 locID: 102266621244014737 bcsId: 0,conID: 2 locID: 102266621248471186 bcsId: 0,conID: 3 locID: 102266621250437267 bcsId: 0,conID: 1 locID: 102266621252010132 bcsId: 0,conID: 2 locID: 102266621253779605 bcsId: 0,conID: 3 locID: 102266621256204438 bcsId: 0,conID: 1 locID: 102266621265313943 bcsId: 0,conID: 2 locID: 102266621267673240 bcsId: 0,conID: 3 locID: 102266621270818969 bcsId: 0,conID: 1 locID: 102266621273768090 bcsId: 0,conID: 2 locID: 102266621279010971 bcsId: 0,conID: 3 locID: 102266621287792796 bcsId: 0,conID: 1 locID: 102266621289627805 bcsId: 0,conID: 2 locID: 102266621291724958 bcsId: 0,conID: 3 locID: 102266621293756575 bcsId: 0,conID: 1 locID: 102266621295853728 bcsId: 0,conID: 2 locID: 102266621297819809 bcsId: 0,conID: 3 locID: 102266621309812898 bcsId: 0,conID: 1 locID: 102266621312041123 bcsId: 0,conID: 2 locID: 102266621313810596 bcsId: 0,conID: 3 locID: 102266621315645605 bcsId: 0,conID: 1 locID: 102266621317611686 bcsId: 0,conID: 2 locID: 102266621325410471 bcsId: 0,conID: 3 locID: 102266621327442088 bcsId: 0,conID: 1 locID: 102266621330391209 bcsId: 0,conID: 2 locID: 102266621349331114 bcsId: 0,conID: 3 locID: 102266621352411307 bcsId: 0,conID: 1 locID: 102266621358309548 bcsId: 0,conID: 2 locID: 102266621366108333 bcsId: 0,conID: 3 locID: 102266621368664238 bcsId: 0,conID: 1 locID: 102266621370826927 bcsId: 0,conID: 2 locID: 102266621373382832 bcsId: 0,conID: 3 locID: 102266621375676593 bcsId: 0,conID: 1 locID: 102266621387866290 bcsId: 0,conID: 2 locID: 102266621390160051 bcsId: 0,conID: 3 locID: 102266621391798452 bcsId: 0,conID: 1 locID: 102266621393567925 bcsId: 0,conID: 2 locID: 102266621395009718 bcsId: 0,conID: 3 locID: 102266621399400631 bcsId: 0,conID: 1 locID: 102266621407133880 bcsId: 0,conID: 2 locID: 102266621408706745 bcsId: 0,conID: 3 locID: 102266621410541754 bcsId: 0,conID: 1 locID: 102266621415719099 bcsId: 0,conID: 2 locID: 102266621420437692 bcsId: 0,conID: 3 locID: 102266621427384509 bcsId: 0,conID: 1 locID: 102266621429153982 bcsId: 0,conID: 2 locID: 102266621431447743 bcsId: 0,conID: 3 locID: 102266621433938112 bcsId: 0,conID: 1 locID: 102266621437345985 bcsId: 0,conID: 2 locID: 102266621442982082 bcsId: 0,conID: 3 locID: 102266621469851843 bcsId: 0,conID: 1 locID: 102266621472932036 bcsId: 0,conID: 2 locID: 102266621476405445 bcsId: 0,conID: 3 locID: 102266621479026886 bcsId: 0,conID: 1 locID: 102266621485121735 bcsId: 0,conID: 2 locID: 102266621492199624 bcsId: 0,conID: 3 locID: 102266621494689993 bcsId: 0,conID: 1 locID: 102266621497376970 bcsId: 0,conID: 2 locID: 102266621500195019 bcsId: 0,conID: 3 locID: 102266621505044684 bcsId: 0,conID: 1 locID: 102266621512581325 bcsId: 0,conID: 2 locID: 102266621522280654 bcsId: 0,conID: 3 locID: 102266621524771023 bcsId: 0,conID: 1 locID: 102266621528244432 bcsId: 0,conID: 2 locID: 102266621530800337 bcsId: 0,conID: 3 locID: 102266621535912146 bcsId: 0,conID: 1 locID: 102266621543710931 bcsId: 0,conID: 2 locID: 102266621547249876 bcsId: 0,conID: 3 locID: 102266621550002389 bcsId: 0,conID: 1 locID: 102266621555310806 bcsId: 0,conID: 2 locID: 102266621560357079 bcsId: 0,conID: 3 locID: 102266621562257624 bcsId: 0,conID: 1 locID: 102266621568680153 bcsId: 0,conID: 2 locID: 102266621570449626 bcsId: 0,conID: 3 locID: 102266621573726427 bcsId: 0,conID: 1 locID: 102266621577855196 bcsId: 0,conID: 2 locID: 102266621579559133 bcsId: 0,conID: 3 locID: 102266621581328606 bcsId: 0,conID: 1 locID: 102266621605576927 bcsId: 0,conID: 2 locID: 102266621607149792 bcsId: 0,conID: 3 locID: 102266621609509089 bcsId: 0,conID: 1 locID: 102266621614620898 bcsId: 0,conID: 2 locID: 102266621617242339 bcsId: 0,conID: 3 locID: 102266621623795940 bcsId: 0,conID: 1 locID: 102266621626286309 bcsId: 0,conID: 2 locID: 102266621630087398 bcsId: 0,conID: 3 locID: 102266621637165287 bcsId: 0,conID: 1 locID: 102266621639590120 bcsId: 0,conID: 2 locID: 102266621644243177 bcsId: 0,conID: 3 locID: 102266621650338026 bcsId: 0,conID: 1 locID: 102266621652304107 bcsId: 0,conID: 2 locID: 102266621657153772 bcsId: 0,conID: 3 locID: 102266621660037357 bcsId: 0,conID: 1 locID: 102266621664624878 bcsId: 0,conID: 2 locID: 102266621670981871 bcsId: 0,conID: 3 locID: 102266621673341168 bcsId: 0,conID: 1 locID: 102266621678387441 bcsId: 0,conID: 2 locID: 102266621684220146 bcsId: 0,conID: 3 locID: 102266621686907123 bcsId: 0,conID: 1 locID: 102266621690183924 bcsId: 0,conID: 2 locID: 102266621699162357 bcsId: 0,conID: 3 locID: 102266621701914870 bcsId: 0,conID: 1 locID: 102266621706633463 bcsId: 0,conID: 2 locID: 102266621708861688 bcsId: 0,conID: 3 locID: 102266621711286521 bcsId: 0,conID: 1 locID: 102266621722558714 bcsId: 0,conID: 2 locID: 102266621724197115 bcsId: 0,conID: 3 locID: 102266621728456956 bcsId: 0,conID: 1 locID: 102266621730160893 bcsId: 0,conID: 2 locID: 102266621731799294 bcsId: 0,conID: 3 locID: 102266621733830911 bcsId: 0,conID: 1 locID: 102266621741433088 bcsId: 0,conID: 2 locID: 102266621743988993 bcsId: 0,conID: 3 locID: 102266621749690626 bcsId: 0,conID: 1 locID: 102266621752246531 bcsId: 0,conID: 2 locID: 102266621772693764 bcsId: 0,conID: 3 locID: 102266621780558085 bcsId: 0,conID: 1 locID: 102266621783638278 bcsId: 0,conID: 2 locID: 102266621788553479 bcsId: 0,conID: 3 locID: 102266621790454024 bcsId: 0,conID: 1 locID: 102266621792223497 bcsId: 0,conID: 2 locID: 102266621793927434 bcsId: 0,conID: 3 locID: 102266621801333003 bcsId: 0,conID: 1 locID: 102266621807952140 bcsId: 0,conID: 2 locID: 102266621809393933 bcsId: 0,conID: 3 locID: 102266621813719310 bcsId: 0,conID: 1 locID: 102266621816144143 bcsId: 0,conID: 2 locID: 102266621822763280 bcsId: 0,conID: 3 locID: 102266621824794897 bcsId: 0,conID: 1 locID: 102266621830037778 bcsId: 0,conID: 2 locID: 102266621831872787 bcsId: 0,conID: 3 locID: 102266621833707796 bcsId: 0,conID: 1 locID: 102266621836787989 bcsId: 0,conID: 2 locID: 102266621850878230 bcsId: 0,conID: 3 locID: 102266621865951511 bcsId: 0,conID: 1 locID: 102266621867786520 bcsId: 0,conID: 2 locID: 102266621869752601 bcsId: 0,conID: 3 locID: 102266621871587610 bcsId: 0,conID: 1 locID: 102266621880959259 bcsId: 0,conID: 2 locID: 102266621898064156 bcsId: 0,conID: 3 locID: 102266621901406493 bcsId: 0,conID: 1 locID: 102266621906387230 bcsId: 0,conID: 2 locID: 102266621908484383 bcsId: 0,conID: 3 locID: 102266621910516000 bcsId: 0,conID: 1 locID: 102266621918380321 bcsId: 0,conID: 2 locID: 102266621924475170 bcsId: 0,conID: 3 locID: 102266621926965539 bcsId: 0,conID: 1 locID: 102266621930504484 bcsId: 0,conID: 2 locID: 102266621932536101 bcsId: 0,conID: 3 locID: 102266621954228518 bcsId: 0,conID: 1 locID: 102266621958226215 bcsId: 0,conID: 2 locID: 102266621959733544 bcsId: 0,conID: 3 locID: 102266621961503017 bcsId: 0,conID: 1 locID: 102266621963075882 bcsId: 0,conID: 2 locID: 102266621964583211 bcsId: 0,conID: 3 locID: 102266621973233964 bcsId: 0,conID: 1 locID: 102266621974872365 bcsId: 0,conID: 2 locID: 102266621976379694 bcsId: 0,conID: 3 locID: 102266621977887023 bcsId: 0,conID: 1 locID: 102266621982146864 bcsId: 0,conID: 2 locID: 102266621988962609 bcsId: 0,conID: 3 locID: 102266621993353522 bcsId: 0,conID: 1 locID: 102266621997547827 bcsId: 0,conID: 2 locID: 102266622000169268 bcsId: 0,conID: 3 locID: 102266622001611061 bcsId: 0,conID: 1 locID: 102266622003446070 bcsId: 0,conID: 2 locID: 102266622012555575 bcsId: 0,conID: 3 locID: 102266622017470776 bcsId: 0,conID: 1 locID: 102266622019043641 bcsId: 0,conID: 2 locID: 102266622021927226 bcsId: 0,conID: 3 locID: 102266622023696699 bcsId: 0,conID: 1 locID: 102266622032675132 bcsId: 0,conID: 2 locID: 102266622034313533 bcsId: 0,conID: 3 locID: 102266622035755326 bcsId: 0,conID: 1 locID: 102266622037328191 bcsId: 0,conID: 2 locID: 102266622039163200 bcsId: 0,conID: 3 locID: 102266622041719105 bcsId: 0,conID: 1 locID: 102266622055612738 bcsId: 0,conID: 2 locID: 102266622057120067 bcsId: 0,conID: 3 locID: 102266622058758468 bcsId: 0,conID: 1 locID: 102266622060527941 bcsId: 0,conID: 2 locID: 102266622062035270 bcsId: 0,conID: 3 locID: 102266622066688327 bcsId: 0,conID: 1 locID: 102266622073700680 bcsId: 0,conID: 2 locID: 102266622075601225 bcsId: 0,conID: 3 locID: 102266622093754698 bcsId: 0,conID: 1 locID: 102266622095393099 bcsId: 0,conID: 2 locID: 102266622100242764 bcsId: 0,conID: 3 locID: 102266622107255117 bcsId: 0,conID: 1 locID: 102266622109024590 bcsId: 0,conID: 2 locID: 102266622112301391 bcsId: 0,conID: 3 locID: 102266622114464080 bcsId: 0,conID: 1 locID: 102266622116036945 bcsId: 0,conID: 2 locID: 102266622120493394 bcsId: 0,conID: 3 locID: 102266622131700051 bcsId: 0,conID: 1 locID: 102266622133272916 bcsId: 0,conID: 2 locID: 102266622134780245 bcsId: 0,conID: 3 locID: 102266622137925974 bcsId: 0,conID: 1 locID: 102266622142251351 bcsId: 0,conID: 2 locID: 102266622149591384 bcsId: 0,conID: 3 locID: 102266622151688537 bcsId: 0,conID: 1 locID: 102266622153392474 bcsId: 0,conID: 2 locID: 102266622154965339 bcsId: 0,conID: 3 locID: 102266622163091804 bcsId: 0,conID: 1 locID: 102266622164795741 bcsId: 0,conID: 2 locID: 102266622170890590 bcsId: 0,conID: 3 locID: 102266622172463455 bcsId: 0,conID: 1 locID: 102266622174101856 bcsId: 0,conID: 2 locID: 102266622175674721 bcsId: 0,conID: 3 locID: 102266622180655458 bcsId: 0,conID: 1 locID: 102266622189568355 bcsId: 0,conID: 2 locID: 102266622194090340 bcsId: 0,conID: 3 locID: 102266622195990885 bcsId: 0,conID: 1 locID: 102266622198219110 bcsId: 0,conID: 2 locID: 102266622209098087 bcsId: 0,conID: 3 locID: 102266622210605416 bcsId: 0,conID: 1 locID: 102266622216962409 bcsId: 0,conID: 2 locID: 102266622218535274 bcsId: 0,conID: 3 locID: 102266622220304747 bcsId: 0,conID: 1 locID: 102266622223384940 bcsId: 0,conID: 2 locID: 102266622228627821 bcsId: 0,conID: 3 locID: 102266622253400430 bcsId: 0,conID: 1 locID: 102266622265459055 bcsId: 0,conID: 2 locID: 102266622269391216 bcsId: 0,conID: 3 locID: 102266622272274801 bcsId: 0,conID: 1 locID: 102266622280073586 bcsId: 0,conID: 2 locID: 102266622282563955 bcsId: 0,conID: 3 locID: 102266622289903988 bcsId: 0,conID: 1 locID: 102266622301110645 bcsId: 0,conID: 2 locID: 102266622307074422 bcsId: 0,conID: 3 locID: 102266622313693559 bcsId: 0,conID: 1 locID: 102266622318739832 bcsId: 0,conID: 2 locID: 102266622329684345 bcsId: 0,conID: 3 locID: 102266622340563322 bcsId: 0,conID: 1 locID: 102266622349541755 bcsId: 0,conID: 2 locID: 102266622353211772 bcsId: 0,conID: 3 locID: 102266622375428477 bcsId: 0,conID: 1 locID: 102266622396465534 bcsId: 0,conID: 2 locID: 102266622406951295 bcsId: 0,conID: 3 locID: 102266622409834880 bcsId: 0,conID: 1 locID: 102266622411669889 bcsId: 0,conID: 2 locID: 102266622415733122 bcsId: 0,conID: 3 locID: 102266622418289027 bcsId: 0,conID: 1 locID: 102266622425170308 bcsId: 0,conID: 2 locID: 102266622427136389 bcsId: 0,conID: 3 locID: 102266622431265158 bcsId: 0,conID: 1 locID: 102266622435524999 bcsId: 0,conID: 2 locID: 102266622437097864 bcsId: 0,conID: 3 locID: 102266622438670729 bcsId: 0,conID: 1 locID: 102266622444896650 bcsId: 0,conID: 2 locID: 102266622446862731 bcsId: 0,conID: 3 locID: 102266622448370060 bcsId: 0,conID: 1 locID: 102266622452302221 bcsId: 0,conID: 2 locID: 102266622454071694 bcsId: 0,conID: 3 locID: 102266622476353935 bcsId: 0,conID: 1 locID: 102266622477795728 bcsId: 0,conID: 2 locID: 102266622479565201 bcsId: 0,conID: 3 locID: 102266622484480402 bcsId: 0,conID: 1 locID: 102266622486118803 bcsId: 0,conID: 2 locID: 102266622487953812 bcsId: 0,conID: 3 locID: 102266622496801173 bcsId: 0,conID: 1 locID: 102266622498963862 bcsId: 0,conID: 2 locID: 102266622505582999 bcsId: 0,conID: 3 locID: 102266622511219096 bcsId: 0,conID: 1 locID: 102266622513578393 bcsId: 0,conID: 2 locID: 102266622522622362 bcsId: 0,conID: 3 locID: 102266622524588443 bcsId: 0,conID: 1 locID: 102266622527537564 bcsId: 0,conID: 2 locID: 102266622532583837 bcsId: 0,conID: 3 locID: 102266622534222238 bcsId: 0,conID: 1 locID: 102266622535664031 bcsId: 0,conID: 2 locID: 102266622544183712 bcsId: 0,conID: 3 locID: 102266622545822113 bcsId: 0,conID: 1 locID: 102266622550409634 bcsId: 0,conID: 2 locID: 102266622551916963 bcsId: 0,conID: 3 locID: 102266622554472868 bcsId: 0,conID: 1 locID: 102266622563385765 bcsId: 0,conID: 2 locID: 102266622565351846 bcsId: 0,conID: 3 locID: 102266622570529191 bcsId: 0,conID: 1 locID: 102266622572036520 bcsId: 0,conID: 2 locID: 102266622576361897 bcsId: 0,conID: 3 locID: 102266622578065834 bcsId: 0,conID: 1 locID: 102266622585995691 bcsId: 0,conID: 2 locID: 102266622588158380 bcsId: 0,conID: 3 locID: 102266622594515373 bcsId: 0,conID: 1 locID: 102266622596874670 bcsId: 0,conID: 2 locID: 102266622599954863 bcsId: 0,conID: 3 locID: 102266622601593264 bcsId: 0,conID: 1 locID: 102266622623023537 bcsId: 0,conID: 2 locID: 102266622627217842 bcsId: 0,conID: 3 locID: 102266622629052851 bcsId: 0,conID: 1 locID: 102266622630691252 bcsId: 0,conID: 2 locID: 102266622633378229 bcsId: 0,conID: 3 locID: 102266622640259510 bcsId: 0,conID: 1 locID: 102266622645174711 bcsId: 0,conID: 2 locID: 102266622647206328 bcsId: 0,conID: 3 locID: 102266622650286521 bcsId: 0,conID: 1 locID: 102266622655005114 bcsId: 0,conID: 2 locID: 102266622656577979 bcsId: 0,conID: 3 locID: 102266622662476220 bcsId: 0,conID: 1 locID: 102266622666473917 bcsId: 0,conID: 2 locID: 102266622668112318 bcsId: 0,conID: 3 locID: 102266622669685183 bcsId: 0,conID: 1 locID: 102266622671389120 bcsId: 0,conID: 2 locID: 102266622679777729 bcsId: 0,conID: 3 locID: 102266622684037570 bcsId: 0,conID: 1 locID: 102266622685872579 bcsId: 0,conID: 2 locID: 102266622687576516 bcsId: 0,conID: 3 locID: 102266622689411525 bcsId: 0,conID: 1 locID: 102266622691115462 bcsId: 0,conID: 2 locID: 102266622703501767 bcsId: 0,conID: 3 locID: 102266622705402312 bcsId: 0,conID: 1 locID: 102266622709793225 bcsId: 0,conID: 2 locID: 102266622715625930 bcsId: 0,conID: 3 locID: 102266622717723083 bcsId: 0,conID: 1 locID: 102266622724604364 bcsId: 0,conID: 2 locID: 102266622729519565 bcsId: 0,conID: 3 locID: 102266622730961358 bcsId: 0,conID: 1 locID: 102266622735090127 bcsId: 0,conID: 2 locID: 102266622746952144 bcsId: 0,conID: 3 locID: 102266622751670737 bcsId: 0,conID: 1 locID: 102266622794269138 bcsId: 0,conID: 2 locID: 102266622799380947 bcsId: 0,conID: 3 locID: 102266622803968468 bcsId: 0,conID: 1 locID: 102266622808490453 bcsId: 0,conID: 2 locID: 102266622812029398 bcsId: 0,conID: 3 locID: 102266622820614615 bcsId: 0,conID: 1 locID: 102266622826381784 bcsId: 0,conID: 2 locID: 102266622828282329 bcsId: 0,conID: 3 locID: 102266622832804314 bcsId: 0,conID: 1 locID: 102266622834704859 bcsId: 0,conID: 2 locID: 102266622837653980 bcsId: 0,conID: 3 locID: 102266622849515997 bcsId: 0,conID: 1 locID: 102266622852530654 bcsId: 0,conID: 2 locID: 102266622854627807 bcsId: 0,conID: 3 locID: 102266622856266208 bcsId: 0,conID: 1 locID: 102266622858232289 bcsId: 0,conID: 2 locID: 102266622869570018 bcsId: 0,conID: 3 locID: 102266622871208419 bcsId: 0,conID: 1 locID: 102266622872781284 bcsId: 0,conID: 2 locID: 102266622874616293 bcsId: 0,conID: 3 locID: 102266622876582374 bcsId: 0,conID: 1 locID: 102266622878679527 bcsId: 0,conID: 2 locID: 102266622890344936 bcsId: 0,conID: 3 locID: 102266622892245481 bcsId: 0,conID: 1 locID: 102266622894735850 bcsId: 0,conID: 2 locID: 102266622899651051 bcsId: 0,conID: 3 locID: 102266622901879276 bcsId: 0,conID: 1 locID: 102266622910464493 bcsId: 0,conID: 2 locID: 102266622912561646 bcsId: 0,conID: 3 locID: 102266622914920943 bcsId: 0,conID: 1 locID: 102266622917018096 bcsId: 0,conID: 2 locID: 102266622919180785 bcsId: 0,conID: 3 locID: 102266622923440626 bcsId: 0,conID: 1 locID: 102266622946705907 bcsId: 0,conID: 2 locID: 102266622948278772 bcsId: 0,conID: 3 locID: 102266622949982709 bcsId: 0,conID: 1 locID: 102266622952866294 bcsId: 0,conID: 2 locID: 102266622955618807 bcsId: 0,conID: 3 locID: 102266622966366712 bcsId: 0,conID: 1 locID: 102266622968267257 bcsId: 0,conID: 2 locID: 102266622969971194 bcsId: 0,conID: 3 locID: 102266622972133883 bcsId: 0,conID: 1 locID: 102266622976786940 bcsId: 0,conID: 2 locID: 102266622981898749 bcsId: 0,conID: 3 locID: 102266622988452350 bcsId: 0,conID: 1 locID: 102266622990680575 bcsId: 0,conID: 2 locID: 102266622992581120 bcsId: 0,conID: 3 locID: 102266622995399169 bcsId: 0,conID: 1 locID: 102266622999986690 bcsId: 0,conID: 2 locID: 102266623009882627 bcsId: 0,conID: 3 locID: 102266623011586564 bcsId: 0,conID: 1 locID: 102266623013356037 bcsId: 0,conID: 2 locID: 102266623015518726 bcsId: 0,conID: 3 locID: 102266623017288199 bcsId: 0,conID: 1 locID: 102266623021941256 bcsId: 0,conID: 2 locID: 102266623027970569 bcsId: 0,conID: 3 locID: 102266623029608970 bcsId: 0,conID: 1 locID: 102266623031181835 bcsId: 0,conID: 2 locID: 102266623035441676 bcsId: 0,conID: 3 locID: 102266623039767053 bcsId: 0,conID: 1 locID: 102266623046320654 bcsId: 0,conID: 2 locID: 102266623048614415 bcsId: 0,conID: 3 locID: 102266623050187280 bcsId: 0,conID: 1 locID: 102266623051891217 bcsId: 0,conID: 2 locID: 102266623057134098 bcsId: 0,conID: 3 locID: 102266623058706963 bcsId: 0,conID: 1 locID: 102266623067488788 bcsId: 0,conID: 2 locID: 102266623069127189 bcsId: 0,conID: 3 locID: 102266623073518102 bcsId: 0,conID: 1 locID: 102266623088919063 bcsId: 0,conID: 2 locID: 102266623107531288 bcsId: 0,conID: 3 locID: 102266623110873625 bcsId: 0,conID: 1 locID: 102266623119262234 bcsId: 0,conID: 2 locID: 102266623132107291 bcsId: 0,conID: 3 locID: 102266623153275420 bcsId: 0,conID: 1 locID: 102266623158452765 bcsId: 0,conID: 2 locID: 102266623161795102 bcsId: 0,conID: 3 locID: 102266623167693343 bcsId: 0,conID: 1 locID: 102266623169135136 bcsId: 0,conID: 2 locID: 102266623170839073 bcsId: 0,conID: 3 locID: 102266623177327138 bcsId: 0,conID: 1 locID: 102266623179162147 bcsId: 0,conID: 2 locID: 102266623180931620 bcsId: 0,conID: 3 locID: 102266623189451301 bcsId: 0,conID: 1 locID: 102266623191155238 bcsId: 0,conID: 2 locID: 102266623192990247 bcsId: 0,conID: 3 locID: 102266623197512232 bcsId: 0,conID: 1 locID: 102266623199347241 bcsId: 0
2019-06-13 22:27:12,019 DEBUG block.SCMBlockDeletingService (SCMBlockDeletingService.java:call(138)) - Running DeletedBlockTransactionScanner
2019-06-13 22:27:12,020 DEBUG block.SCMBlockDeletingService (SCMBlockDeletingService.java:call(155)) - Scanned deleted blocks log and got 0 delTX to process.
2019-06-13 22:27:12,120 DEBUG block.SCMBlockDeletingService (SCMBlockDeletingService.java:call(138)) - Running DeletedBlockTransactionScanner
2019-06-13 22:27:12,120 DEBUG block.SCMBlockDeletingService (SCMBlockDeletingService.java:call(155)) - Scanned deleted blocks log and got 0 delTX to process.
2019-06-13 22:27:12,220 DEBUG block.SCMBlockDeletingService (SCMBlockDeletingService.java:call(138)) - Running DeletedBlockTransactionScanner
2019-06-13 22:27:12,221 DEBUG block.SCMBlockDeletingService (SCMBlockDeletingService.java:call(155)) - Scanned deleted blocks log and got 0 delTX to process.
2019-06-13 22:27:12,321 DEBUG block.SCMBlockDeletingService (SCMBlockDeletingService.java:call(138)) - Running DeletedBlockTransactionScanner
2019-06-13 22:27:12,321 DEBUG block.SCMBlockDeletingService (SCMBlockDeletingService.java:call(155)) - Scanned deleted blocks log and got 0 delTX to process.
2019-06-13 22:27:12,422 DEBUG block.SCMBlockDeletingService (SCMBlockDeletingService.java:call(138)) - Running DeletedBlockTransactionScanner
2019-06-13 22:27:12,422 DEBUG block.SCMBlockDeletingService (SCMBlockDeletingService.java:call(155)) - Scanned deleted blocks log and got 0 delTX to process.
2019-06-13 22:27:12,522 DEBUG block.SCMBlockDeletingService (SCMBlockDeletingService.java:call(138)) - Running DeletedBlockTransactionScanner
2019-06-13 22:27:12,523 DEBUG block.SCMBlockDeletingService (SCMBlockDeletingService.java:call(155)) - Scanned deleted blocks log and got 0 delTX to process.
2019-06-13 22:27:12,623 DEBUG block.SCMBlockDeletingService (SCMBlockDeletingService.java:call(138)) - Running DeletedBlockTransactionScanner
2019-06-13 22:27:12,623 DEBUG block.SCMBlockDeletingService (SCMBlockDeletingService.java:call(155)) - Scanned deleted blocks log and got 0 delTX to process.
2019-06-13 22:27:12,723 DEBUG block.SCMBlockDeletingService (SCMBlockDeletingService.java:call(138)) - Running DeletedBlockTransactionScanner
2019-06-13 22:27:12,724 DEBUG block.SCMBlockDeletingService (SCMBlockDeletingService.java:call(155)) - Scanned deleted blocks log and got 0 delTX to process.
2019-06-13 22:27:12,824 DEBUG block.SCMBlockDeletingService (SCMBlockDeletingService.java:call(138)) - Running DeletedBlockTransactionScanner
2019-06-13 22:27:12,824 DEBUG block.SCMBlockDeletingService (SCMBlockDeletingService.java:call(155)) - Scanned deleted blocks log and got 0 delTX to process.
2019-06-13 22:27:12,924 DEBUG block.SCMBlockDeletingService (SCMBlockDeletingService.java:call(138)) - Running DeletedBlockTransactionScanner
2019-06-13 22:27:12,925 DEBUG block.SCMBlockDeletingService (SCMBlockDeletingService.java:call(155)) - Scanned deleted blocks log and got 0 delTX to process.
2019-06-13 22:27:13,025 DEBUG block.SCMBlockDeletingService (SCMBlockDeletingService.java:call(138)) - Running DeletedBlockTransactionScanner
2019-06-13 22:27:13,026 DEBUG block.SCMBlockDeletingService (SCMBlockDeletingService.java:call(155)) - Scanned deleted blocks log and got 0 delTX to process.
2019-06-13 22:27:13,126 DEBUG block.SCMBlockDeletingService (SCMBlockDeletingService.java:call(138)) - Running DeletedBlockTransactionScanner
2019-06-13 22:27:13,126 DEBUG block.SCMBlockDeletingService (SCMBlockDeletingService.java:call(155)) - Scanned deleted blocks log and got 0 delTX to process.
2019-06-13 22:27:13,227 DEBUG block.SCMBlockDeletingService (SCMBlockDeletingService.java:call(138)) - Running DeletedBlockTransactionScanner
2019-06-13 22:27:13,227 DEBUG block.SCMBlockDeletingService (SCMBlockDeletingService.java:call(155)) - Scanned deleted blocks log and got 0 delTX to process.
2019-06-13 22:27:13,327 DEBUG block.SCMBlockDeletingService (SCMBlockDeletingService.java:call(138)) - Running DeletedBlockTransactionScanner
2019-06-13 22:27:13,328 DEBUG block.SCMBlockDeletingService (SCMBlockDeletingService.java:call(155)) - Scanned deleted blocks log and got 0 delTX to process.
2019-06-13 22:27:13,428 DEBUG block.SCMBlockDeletingService (SCMBlockDeletingService.java:call(138)) - Running DeletedBlockTransactionScanner
2019-06-13 22:27:13,428 DEBUG block.SCMBlockDeletingService (SCMBlockDeletingService.java:call(155)) - Scanned deleted blocks log and got 0 delTX to process.
2019-06-13 22:27:13,529 DEBUG block.SCMBlockDeletingService (SCMBlockDeletingService.java:call(138)) - Running DeletedBlockTransactionScanner
2019-06-13 22:27:13,529 DEBUG block.SCMBlockDeletingService (SCMBlockDeletingService.java:call(155)) - Scanned deleted blocks log and got 0 delTX to process.
2019-06-13 22:27:13,630 DEBUG block.SCMBlockDeletingService (SCMBlockDeletingService.java:call(138)) - Running DeletedBlockTransactionScanner
2019-06-13 22:27:13,630 DEBUG block.SCMBlockDeletingService (SCMBlockDeletingService.java:call(155)) - Scanned deleted blocks log and got 0 delTX to process.
2019-06-13 22:27:13,730 DEBUG block.SCMBlockDeletingService (SCMBlockDeletingService.java:call(138)) - Running DeletedBlockTransactionScanner
2019-06-13 22:27:13,731 DEBUG block.SCMBlockDeletingService (SCMBlockDeletingService.java:call(155)) - Scanned deleted blocks log and got 0 delTX to process.
2019-06-13 22:27:13,831 DEBUG block.SCMBlockDeletingService (SCMBlockDeletingService.java:call(138)) - Running DeletedBlockTransactionScanner
2019-06-13 22:27:13,831 DEBUG block.SCMBlockDeletingService (SCMBlockDeletingService.java:call(155)) - Scanned deleted blocks log and got 0 delTX to process.
2019-06-13 22:27:13,932 DEBUG block.SCMBlockDeletingService (SCMBlockDeletingService.java:call(138)) - Running DeletedBlockTransactionScanner
2019-06-13 22:27:13,932 DEBUG block.SCMBlockDeletingService (SCMBlockDeletingService.java:call(155)) - Scanned deleted blocks log and got 0 delTX to process.
2019-06-13 22:27:14,032 DEBUG block.SCMBlockDeletingService (SCMBlockDeletingService.java:call(138)) - Running DeletedBlockTransactionScanner
2019-06-13 22:27:14,033 DEBUG block.SCMBlockDeletingService (SCMBlockDeletingService.java:call(155)) - Scanned deleted blocks log and got 0 delTX to process.
2019-06-13 22:27:14,133 DEBUG block.SCMBlockDeletingService (SCMBlockDeletingService.java:call(138)) - Running DeletedBlockTransactionScanner
2019-06-13 22:27:14,133 DEBUG block.SCMBlockDeletingService (SCMBlockDeletingService.java:call(155)) - Scanned deleted blocks log and got 0 delTX to process.
2019-06-13 22:27:14,234 DEBUG block.SCMBlockDeletingService (SCMBlockDeletingService.java:call(138)) - Running DeletedBlockTransactionScanner
2019-06-13 22:27:14,234 DEBUG block.SCMBlockDeletingService (SCMBlockDeletingService.java:call(155)) - Scanned deleted blocks log and got 0 delTX to process.
2019-06-13 22:27:14,334 DEBUG block.SCMBlockDeletingService (SCMBlockDeletingService.java:call(138)) - Running DeletedBlockTransactionScanner
2019-06-13 22:27:14,334 DEBUG block.SCMBlockDeletingService (SCMBlockDeletingService.java:call(155)) - Scanned deleted blocks log and got 0 delTX to process.
2019-06-13 22:27:14,435 DEBUG block.SCMBlockDeletingService (SCMBlockDeletingService.java:call(138)) - Running DeletedBlockTransactionScanner
2019-06-13 22:27:14,435 DEBUG block.SCMBlockDeletingService (SCMBlockDeletingService.java:call(155)) - Scanned deleted blocks log and got 0 delTX to process.
2019-06-13 22:27:14,535 DEBUG block.SCMBlockDeletingService (SCMBlockDeletingService.java:call(138)) - Running DeletedBlockTransactionScanner
2019-06-13 22:27:14,536 DEBUG block.SCMBlockDeletingService (SCMBlockDeletingService.java:call(155)) - Scanned deleted blocks log and got 0 delTX to process.
2019-06-13 22:27:14,636 DEBUG block.SCMBlockDeletingService (SCMBlockDeletingService.java:call(138)) - Running DeletedBlockTransactionScanner
2019-06-13 22:27:14,636 DEBUG block.SCMBlockDeletingService (SCMBlockDeletingService.java:call(155)) - Scanned deleted blocks log and got 0 delTX to process.
2019-06-13 22:27:14,737 DEBUG block.SCMBlockDeletingService (SCMBlockDeletingService.java:call(138)) - Running DeletedBlockTransactionScanner
2019-06-13 22:27:14,737 DEBUG block.SCMBlockDeletingService (SCMBlockDeletingService.java:call(155)) - Scanned deleted blocks log and got 0 delTX to process.
2019-06-13 22:27:14,838 DEBUG block.SCMBlockDeletingService (SCMBlockDeletingService.java:call(138)) - Running DeletedBlockTransactionScanner
2019-06-13 22:27:14,838 DEBUG block.SCMBlockDeletingService (SCMBlockDeletingService.java:call(155)) - Scanned deleted blocks log and got 0 delTX to process.
2019-06-13 22:27:14,938 DEBUG block.SCMBlockDeletingService (SCMBlockDeletingService.java:call(138)) - Running DeletedBlockTransactionScanner
2019-06-13 22:27:14,939 DEBUG block.SCMBlockDeletingService (SCMBlockDeletingService.java:call(155)) - Scanned deleted blocks log and got 0 delTX to process.
2019-06-13 22:27:15,039 DEBUG block.SCMBlockDeletingService (SCMBlockDeletingService.java:call(138)) - Running DeletedBlockTransactionScanner
2019-06-13 22:27:15,039 DEBUG block.SCMBlockDeletingService (SCMBlockDeletingService.java:call(155)) - Scanned deleted blocks log and got 0 delTX to process.
2019-06-13 22:27:15,140 DEBUG block.SCMBlockDeletingService (SCMBlockDeletingService.java:call(138)) - Running DeletedBlockTransactionScanner
2019-06-13 22:27:15,140 DEBUG block.SCMBlockDeletingService (SCMBlockDeletingService.java:call(155)) - Scanned deleted blocks log and got 0 delTX to process.
2019-06-13 22:27:15,241 DEBUG block.SCMBlockDeletingService (SCMBlockDeletingService.java:call(138)) - Running DeletedBlockTransactionScanner
2019-06-13 22:27:15,241 DEBUG block.SCMBlockDeletingService (SCMBlockDeletingService.java:call(155)) - Scanned deleted blocks log and got 0 delTX to process.
2019-06-13 22:27:15,341 DEBUG block.SCMBlockDeletingService (SCMBlockDeletingService.java:call(138)) - Running DeletedBlockTransactionScanner
2019-06-13 22:27:15,342 DEBUG block.SCMBlockDeletingService (SCMBlockDeletingService.java:call(155)) - Scanned deleted blocks log and got 0 delTX to process.
2019-06-13 22:27:15,442 DEBUG block.SCMBlockDeletingService (SCMBlockDeletingService.java:call(138)) - Running DeletedBlockTransactionScanner
2019-06-13 22:27:15,442 DEBUG block.SCMBlockDeletingService (SCMBlockDeletingService.java:call(155)) - Scanned deleted blocks log and got 0 delTX to process.
2019-06-13 22:27:15,543 DEBUG block.SCMBlockDeletingService (SCMBlockDeletingService.java:call(138)) - Running DeletedBlockTransactionScanner
2019-06-13 22:27:15,543 DEBUG block.SCMBlockDeletingService (SCMBlockDeletingService.java:call(155)) - Scanned deleted blocks log and got 0 delTX to process.
2019-06-13 22:27:15,647 DEBUG block.SCMBlockDeletingService (SCMBlockDeletingService.java:call(138)) - Running DeletedBlockTransactionScanner
2019-06-13 22:27:15,647 DEBUG block.SCMBlockDeletingService (SCMBlockDeletingService.java:call(155)) - Scanned deleted blocks log and got 0 delTX to process.
2019-06-13 22:27:15,748 DEBUG block.SCMBlockDeletingService (SCMBlockDeletingService.java:call(138)) - Running DeletedBlockTransactionScanner
2019-06-13 22:27:15,748 DEBUG block.SCMBlockDeletingService (SCMBlockDeletingService.java:call(155)) - Scanned deleted blocks log and got 0 delTX to process.
2019-06-13 22:27:15,848 DEBUG block.SCMBlockDeletingService (SCMBlockDeletingService.java:call(138)) - Running DeletedBlockTransactionScanner
2019-06-13 22:27:15,849 DEBUG block.SCMBlockDeletingService (SCMBlockDeletingService.java:call(155)) - Scanned deleted blocks log and got 0 delTX to process.
2019-06-13 22:27:15,949 DEBUG block.SCMBlockDeletingService (SCMBlockDeletingService.java:call(138)) - Running DeletedBlockTransactionScanner
2019-06-13 22:27:15,949 DEBUG block.SCMBlockDeletingService (SCMBlockDeletingService.java:call(155)) - Scanned deleted blocks log and got 0 delTX to process.
2019-06-13 22:27:16,050 DEBUG block.SCMBlockDeletingService (SCMBlockDeletingService.java:call(138)) - Running DeletedBlockTransactionScanner
2019-06-13 22:27:16,050 DEBUG block.SCMBlockDeletingService (SCMBlockDeletingService.java:call(155)) - Scanned deleted blocks log and got 0 delTX to process.
2019-06-13 22:27:16,150 DEBUG block.SCMBlockDeletingService (SCMBlockDeletingService.java:call(138)) - Running DeletedBlockTransactionScanner
2019-06-13 22:27:16,151 DEBUG block.SCMBlockDeletingService (SCMBlockDeletingService.java:call(155)) - Scanned deleted blocks log and got 0 delTX to process.
2019-06-13 22:27:16,251 DEBUG block.SCMBlockDeletingService (SCMBlockDeletingService.java:call(138)) - Running DeletedBlockTransactionScanner
2019-06-13 22:27:16,251 DEBUG block.SCMBlockDeletingService (SCMBlockDeletingService.java:call(155)) - Scanned deleted blocks log and got 0 delTX to process.
2019-06-13 22:27:16,352 DEBUG block.SCMBlockDeletingService (SCMBlockDeletingService.java:call(138)) - Running DeletedBlockTransactionScanner
2019-06-13 22:27:16,352 DEBUG block.SCMBlockDeletingService (SCMBlockDeletingService.java:call(155)) - Scanned deleted blocks log and got 0 delTX to process.
2019-06-13 22:27:16,452 DEBUG block.SCMBlockDeletingService (SCMBlockDeletingService.java:call(138)) - Running DeletedBlockTransactionScanner
2019-06-13 22:27:16,453 DEBUG block.SCMBlockDeletingService (SCMBlockDeletingService.java:call(155)) - Scanned deleted blocks log and got 0 delTX to process.
2019-06-13 22:27:16,553 DEBUG block.SCMBlockDeletingService (SCMBlockDeletingService.java:call(138)) - Running DeletedBlockTransactionScanner
2019-06-13 22:27:16,554 DEBUG block.SCMBlockDeletingService (SCMBlockDeletingService.java:call(155)) - Scanned deleted blocks log and got 0 delTX to process.
2019-06-13 22:27:16,654 DEBUG block.SCMBlockDeletingService (SCMBlockDeletingService.java:call(138)) - Running DeletedBlockTransactionScanner
2019-06-13 22:27:16,654 DEBUG block.SCMBlockDeletingService (SCMBlockDeletingService.java:call(155)) - Scanned deleted blocks log and got 0 delTX to process.
2019-06-13 22:27:16,754 DEBUG block.SCMBlockDeletingService (SCMBlockDeletingService.java:call(138)) - Running DeletedBlockTransactionScanner
2019-06-13 22:27:16,755 DEBUG block.SCMBlockDeletingService (SCMBlockDeletingService.java:call(155)) - Scanned deleted blocks log and got 0 delTX to process.
2019-06-13 22:27:16,844 INFO  datanode.ObjectStoreHandler (ObjectStoreHandler.java:close(155)) - Closing ObjectStoreHandler.
2019-06-13 22:27:16,845 INFO  ozone.HddsDatanodeService (HddsDatanodeService.java:stop(452)) - Stopped plug-in org.apache.hadoop.ozone.web.OzoneHddsDatanodeService@2b73bd6b
2019-06-13 22:27:16,845 INFO  statemachine.DatanodeStateMachine (DatanodeStateMachine.java:lambda$startDaemon$0(350)) - Ozone container server started.
2019-06-13 22:27:16,846 INFO  ozoneimpl.OzoneContainer (OzoneContainer.java:stop(199)) - Attempting to stop container services.
2019-06-13 22:27:16,847 INFO  impl.RaftServerProxy (RaftServerProxy.java:lambda$close$4(314)) - d5132e6f-def8-45c0-b0d2-c5ba43d86628: close
2019-06-13 22:27:16,848 INFO  impl.RaftServerImpl (RaftServerImpl.java:lambda$shutdown$3(238)) - d5132e6f-def8-45c0-b0d2-c5ba43d86628: shutdown group-C29775A8E805
2019-06-13 22:27:16,848 INFO  util.JmxRegister (JmxRegister.java:unregister(73)) - Successfully un-registered JMX Bean with object name Ratis:service=RaftServer,group=group-C29775A8E805,id=d5132e6f-def8-45c0-b0d2-c5ba43d86628
2019-06-13 22:27:16,848 INFO  impl.RoleInfo (RoleInfo.java:shutdownLeaderState(104)) - d5132e6f-def8-45c0-b0d2-c5ba43d86628: shutdown LeaderState
2019-06-13 22:27:16,849 INFO  impl.PendingRequests (PendingRequests.java:sendNotLeaderResponses(140)) - d5132e6f-def8-45c0-b0d2-c5ba43d86628-PendingRequests: sendNotLeaderResponses
2019-06-13 22:27:16,852 INFO  impl.StateMachineUpdater (StateMachineUpdater.java:stopAndJoin(109)) - StateMachineUpdater-d5132e6f-def8-45c0-b0d2-c5ba43d86628-group-C29775A8E805: set stopIndex = 7595
2019-06-13 22:27:16,853 INFO  ratis.ContainerStateMachine (ContainerStateMachine.java:takeSnapshot(245)) - Taking snapshot at termIndex:(t:1, i:7594)
2019-06-13 22:27:16,853 INFO  ratis.ContainerStateMachine (ContainerStateMachine.java:takeSnapshot(249)) - Taking a snapshot to file /opt/src/hadoop-ozone/integration-test/target/test-dir/MiniOzoneClusterImpl-e9ea07bb-4900-4b53-96c1-68f0ab556a80/datanode-0/data/ratis/c7035dd3-cd4a-42fb-880d-c29775a8e805/sm/snapshot.1_7594
2019-06-13 22:27:16,855 DEBUG block.SCMBlockDeletingService (SCMBlockDeletingService.java:call(138)) - Running DeletedBlockTransactionScanner
2019-06-13 22:27:16,856 DEBUG block.SCMBlockDeletingService (SCMBlockDeletingService.java:call(155)) - Scanned deleted blocks log and got 3 delTX to process.
2019-06-13 22:27:16,860 DEBUG block.SCMBlockDeletingService (SCMBlockDeletingService.java:call(171)) - Added delete block command for datanode d5132e6f-def8-45c0-b0d2-c5ba43d86628 in the queue, number of delete block transactions: 3, TxID list: 1,2,3
2019-06-13 22:27:16,860 INFO  block.SCMBlockDeletingService (SCMBlockDeletingService.java:call(182)) - Totally added 3 delete blocks command for 1 datanodes, task elapsed time: 5ms
2019-06-13 22:27:16,863 INFO  impl.RaftServerImpl (ServerState.java:close(394)) - d5132e6f-def8-45c0-b0d2-c5ba43d86628:group-C29775A8E805 closes. The last applied log index is 7595
2019-06-13 22:27:16,868 INFO  storage.RaftLogWorker (RaftLogWorker.java:close(168)) - d5132e6f-def8-45c0-b0d2-c5ba43d86628-RaftLogWorker close()
2019-06-13 22:27:16,869 INFO  server.GrpcService (GrpcService.java:closeImpl(154)) - d5132e6f-def8-45c0-b0d2-c5ba43d86628: shutdown server with port 33565 now
2019-06-13 22:27:16,872 INFO  server.GrpcService (GrpcService.java:closeImpl(162)) - d5132e6f-def8-45c0-b0d2-c5ba43d86628: shutdown server with port 33565 successfully
2019-06-13 22:27:16,885 WARN  fs.CachingGetSpaceUsed (CachingGetSpaceUsed.java:run(183)) - Thread Interrupted waiting to refresh disk information: sleep interrupted
2019-06-13 22:27:16,899 INFO  statemachine.DatanodeStateMachine (DatanodeStateMachine.java:stopDaemon(395)) - Ozone container server stopped.
2019-06-13 22:27:16,904 INFO  handler.ContextHandler (ContextHandler.java:doStop(910)) - Stopped o.e.j.w.WebAppContext@4d62f4c6{/,null,UNAVAILABLE}{/hddsDatanode}
2019-06-13 22:27:16,909 INFO  server.AbstractConnector (AbstractConnector.java:doStop(318)) - Stopped ServerConnector@7569ea63{HTTP/1.1,[http/1.1]}{0.0.0.0:0}
2019-06-13 22:27:16,909 INFO  handler.ContextHandler (ContextHandler.java:doStop(910)) - Stopped o.e.j.s.ServletContextHandler@474c9131{/static,jar:file:/root/.m2/repository/org/apache/hadoop/hadoop-hdds-container-service/0.5.0-SNAPSHOT/hadoop-hdds-container-service-0.5.0-SNAPSHOT.jar!/webapps/static,UNAVAILABLE}
2019-06-13 22:27:16,909 INFO  handler.ContextHandler (ContextHandler.java:doStop(910)) - Stopped o.e.j.s.ServletContextHandler@44550792{/logs,file:///opt/src/hadoop-ozone/integration-test/target/log,UNAVAILABLE}
2019-06-13 22:27:16,960 DEBUG block.SCMBlockDeletingService (SCMBlockDeletingService.java:call(138)) - Running DeletedBlockTransactionScanner
2019-06-13 22:27:16,961 DEBUG block.SCMBlockDeletingService (SCMBlockDeletingService.java:call(155)) - Scanned deleted blocks log and got 3 delTX to process.
2019-06-13 22:27:16,961 DEBUG block.SCMBlockDeletingService (SCMBlockDeletingService.java:call(171)) - Added delete block command for datanode d5132e6f-def8-45c0-b0d2-c5ba43d86628 in the queue, number of delete block transactions: 3, TxID list: 1,2,3
2019-06-13 22:27:16,961 INFO  block.SCMBlockDeletingService (SCMBlockDeletingService.java:call(182)) - Totally added 3 delete blocks command for 1 datanodes, task elapsed time: 1ms
2019-06-13 22:27:17,062 DEBUG block.SCMBlockDeletingService (SCMBlockDeletingService.java:call(138)) - Running DeletedBlockTransactionScanner
2019-06-13 22:27:17,062 DEBUG block.SCMBlockDeletingService (SCMBlockDeletingService.java:call(155)) - Scanned deleted blocks log and got 3 delTX to process.
2019-06-13 22:27:17,062 DEBUG block.SCMBlockDeletingService (SCMBlockDeletingService.java:call(171)) - Added delete block command for datanode d5132e6f-def8-45c0-b0d2-c5ba43d86628 in the queue, number of delete block transactions: 3, TxID list: 1,2,3
2019-06-13 22:27:17,063 INFO  block.SCMBlockDeletingService (SCMBlockDeletingService.java:call(182)) - Totally added 3 delete blocks command for 1 datanodes, task elapsed time: 1ms
2019-06-13 22:27:17,163 DEBUG block.SCMBlockDeletingService (SCMBlockDeletingService.java:call(138)) - Running DeletedBlockTransactionScanner
2019-06-13 22:27:17,163 DEBUG block.SCMBlockDeletingService (SCMBlockDeletingService.java:call(155)) - Scanned deleted blocks log and got 3 delTX to process.
2019-06-13 22:27:17,164 DEBUG block.SCMBlockDeletingService (SCMBlockDeletingService.java:call(171)) - Added delete block command for datanode d5132e6f-def8-45c0-b0d2-c5ba43d86628 in the queue, number of delete block transactions: 3, TxID list: 1,2,3
2019-06-13 22:27:17,164 INFO  block.SCMBlockDeletingService (SCMBlockDeletingService.java:call(182)) - Totally added 3 delete blocks command for 1 datanodes, task elapsed time: 1ms
2019-06-13 22:27:17,264 DEBUG block.SCMBlockDeletingService (SCMBlockDeletingService.java:call(138)) - Running DeletedBlockTransactionScanner
2019-06-13 22:27:17,265 DEBUG block.SCMBlockDeletingService (SCMBlockDeletingService.java:call(155)) - Scanned deleted blocks log and got 3 delTX to process.
2019-06-13 22:27:17,265 DEBUG block.SCMBlockDeletingService (SCMBlockDeletingService.java:call(171)) - Added delete block command for datanode d5132e6f-def8-45c0-b0d2-c5ba43d86628 in the queue, number of delete block transactions: 3, TxID list: 1,2,3
2019-06-13 22:27:17,265 INFO  block.SCMBlockDeletingService (SCMBlockDeletingService.java:call(182)) - Totally added 3 delete blocks command for 1 datanodes, task elapsed time: 1ms
2019-06-13 22:27:17,365 DEBUG block.SCMBlockDeletingService (SCMBlockDeletingService.java:call(138)) - Running DeletedBlockTransactionScanner
2019-06-13 22:27:17,366 DEBUG block.SCMBlockDeletingService (SCMBlockDeletingService.java:call(155)) - Scanned deleted blocks log and got 3 delTX to process.
2019-06-13 22:27:17,366 DEBUG block.SCMBlockDeletingService (SCMBlockDeletingService.java:call(171)) - Added delete block command for datanode d5132e6f-def8-45c0-b0d2-c5ba43d86628 in the queue, number of delete block transactions: 3, TxID list: 1,2,3
2019-06-13 22:27:17,366 INFO  block.SCMBlockDeletingService (SCMBlockDeletingService.java:call(182)) - Totally added 3 delete blocks command for 1 datanodes, task elapsed time: 1ms
2019-06-13 22:27:17,467 DEBUG block.SCMBlockDeletingService (SCMBlockDeletingService.java:call(138)) - Running DeletedBlockTransactionScanner
2019-06-13 22:27:17,467 DEBUG block.SCMBlockDeletingService (SCMBlockDeletingService.java:call(155)) - Scanned deleted blocks log and got 3 delTX to process.
2019-06-13 22:27:17,467 DEBUG block.SCMBlockDeletingService (SCMBlockDeletingService.java:call(171)) - Added delete block command for datanode d5132e6f-def8-45c0-b0d2-c5ba43d86628 in the queue, number of delete block transactions: 3, TxID list: 1,2,3
2019-06-13 22:27:17,468 INFO  block.SCMBlockDeletingService (SCMBlockDeletingService.java:call(182)) - Totally added 3 delete blocks command for 1 datanodes, task elapsed time: 1ms
2019-06-13 22:27:17,568 DEBUG block.SCMBlockDeletingService (SCMBlockDeletingService.java:call(138)) - Running DeletedBlockTransactionScanner
2019-06-13 22:27:17,568 DEBUG block.SCMBlockDeletingService (SCMBlockDeletingService.java:call(155)) - Scanned deleted blocks log and got 3 delTX to process.
2019-06-13 22:27:17,568 DEBUG block.SCMBlockDeletingService (SCMBlockDeletingService.java:call(171)) - Added delete block command for datanode d5132e6f-def8-45c0-b0d2-c5ba43d86628 in the queue, number of delete block transactions: 3, TxID list: 1,2,3
2019-06-13 22:27:17,569 INFO  block.SCMBlockDeletingService (SCMBlockDeletingService.java:call(182)) - Totally added 3 delete blocks command for 1 datanodes, task elapsed time: 1ms
2019-06-13 22:27:17,669 DEBUG block.SCMBlockDeletingService (SCMBlockDeletingService.java:call(138)) - Running DeletedBlockTransactionScanner
2019-06-13 22:27:17,669 DEBUG block.SCMBlockDeletingService (SCMBlockDeletingService.java:call(155)) - Scanned deleted blocks log and got 3 delTX to process.
2019-06-13 22:27:17,670 DEBUG block.SCMBlockDeletingService (SCMBlockDeletingService.java:call(171)) - Added delete block command for datanode d5132e6f-def8-45c0-b0d2-c5ba43d86628 in the queue, number of delete block transactions: 3, TxID list: 1,2,3
2019-06-13 22:27:17,670 INFO  block.SCMBlockDeletingService (SCMBlockDeletingService.java:call(182)) - Totally added 3 delete blocks command for 1 datanodes, task elapsed time: 1ms
2019-06-13 22:27:17,770 DEBUG block.SCMBlockDeletingService (SCMBlockDeletingService.java:call(138)) - Running DeletedBlockTransactionScanner
2019-06-13 22:27:17,770 DEBUG block.SCMBlockDeletingService (SCMBlockDeletingService.java:call(155)) - Scanned deleted blocks log and got 3 delTX to process.
2019-06-13 22:27:17,771 DEBUG block.SCMBlockDeletingService (SCMBlockDeletingService.java:call(171)) - Added delete block command for datanode d5132e6f-def8-45c0-b0d2-c5ba43d86628 in the queue, number of delete block transactions: 3, TxID list: 1,2,3
2019-06-13 22:27:17,771 INFO  block.SCMBlockDeletingService (SCMBlockDeletingService.java:call(182)) - Totally added 3 delete blocks command for 1 datanodes, task elapsed time: 1ms
2019-06-13 22:27:17,861 INFO  commands.RetriableDatanodeEventWatcher (RetriableDatanodeEventWatcher.java:onTimeout(47)) - RetriableDatanodeCommand type=deleteBlocksCommand with id=1560464836859 timed out. Retrying.
2019-06-13 22:27:17,871 DEBUG block.SCMBlockDeletingService (SCMBlockDeletingService.java:call(138)) - Running DeletedBlockTransactionScanner
2019-06-13 22:27:17,872 DEBUG block.SCMBlockDeletingService (SCMBlockDeletingService.java:call(155)) - Scanned deleted blocks log and got 3 delTX to process.
2019-06-13 22:27:17,872 DEBUG block.SCMBlockDeletingService (SCMBlockDeletingService.java:call(171)) - Added delete block command for datanode d5132e6f-def8-45c0-b0d2-c5ba43d86628 in the queue, number of delete block transactions: 3, TxID list: 1,2,3
2019-06-13 22:27:17,872 INFO  block.SCMBlockDeletingService (SCMBlockDeletingService.java:call(182)) - Totally added 3 delete blocks command for 1 datanodes, task elapsed time: 0ms
2019-06-13 22:27:17,912 INFO  ozone.MiniOzoneClusterImpl (MiniOzoneClusterImpl.java:lambda$waitForClusterToBeReady$0(142)) - Waiting for cluster to be ready. Got 1 of 0 DN Heartbeats.
2019-06-13 22:27:17,961 INFO  commands.RetriableDatanodeEventWatcher (RetriableDatanodeEventWatcher.java:onTimeout(47)) - RetriableDatanodeCommand type=deleteBlocksCommand with id=1560464836860 timed out. Retrying.
2019-06-13 22:27:17,972 DEBUG block.SCMBlockDeletingService (SCMBlockDeletingService.java:call(138)) - Running DeletedBlockTransactionScanner
2019-06-13 22:27:17,973 DEBUG block.SCMBlockDeletingService (SCMBlockDeletingService.java:call(155)) - Scanned deleted blocks log and got 3 delTX to process.
2019-06-13 22:27:17,973 DEBUG block.SCMBlockDeletingService (SCMBlockDeletingService.java:call(171)) - Added delete block command for datanode d5132e6f-def8-45c0-b0d2-c5ba43d86628 in the queue, number of delete block transactions: 3, TxID list: 1,2,3
2019-06-13 22:27:17,973 INFO  block.SCMBlockDeletingService (SCMBlockDeletingService.java:call(182)) - Totally added 3 delete blocks command for 1 datanodes, task elapsed time: 0ms
2019-06-13 22:27:18,062 INFO  commands.RetriableDatanodeEventWatcher (RetriableDatanodeEventWatcher.java:onTimeout(47)) - RetriableDatanodeCommand type=deleteBlocksCommand with id=1560464836861 timed out. Retrying.
2019-06-13 22:27:18,073 DEBUG block.SCMBlockDeletingService (SCMBlockDeletingService.java:call(138)) - Running DeletedBlockTransactionScanner
2019-06-13 22:27:18,074 DEBUG block.SCMBlockDeletingService (SCMBlockDeletingService.java:call(155)) - Scanned deleted blocks log and got 3 delTX to process.
2019-06-13 22:27:18,074 DEBUG block.SCMBlockDeletingService (SCMBlockDeletingService.java:call(171)) - Added delete block command for datanode d5132e6f-def8-45c0-b0d2-c5ba43d86628 in the queue, number of delete block transactions: 3, TxID list: 1,2,3
2019-06-13 22:27:18,074 INFO  block.SCMBlockDeletingService (SCMBlockDeletingService.java:call(182)) - Totally added 3 delete blocks command for 1 datanodes, task elapsed time: 1ms
2019-06-13 22:27:18,164 INFO  commands.RetriableDatanodeEventWatcher (RetriableDatanodeEventWatcher.java:onTimeout(47)) - RetriableDatanodeCommand type=deleteBlocksCommand with id=1560464836862 timed out. Retrying.
2019-06-13 22:27:18,174 DEBUG block.SCMBlockDeletingService (SCMBlockDeletingService.java:call(138)) - Running DeletedBlockTransactionScanner
2019-06-13 22:27:18,175 DEBUG block.SCMBlockDeletingService (SCMBlockDeletingService.java:call(155)) - Scanned deleted blocks log and got 3 delTX to process.
2019-06-13 22:27:18,175 DEBUG block.SCMBlockDeletingService (SCMBlockDeletingService.java:call(171)) - Added delete block command for datanode d5132e6f-def8-45c0-b0d2-c5ba43d86628 in the queue, number of delete block transactions: 3, TxID list: 1,2,3
2019-06-13 22:27:18,175 INFO  block.SCMBlockDeletingService (SCMBlockDeletingService.java:call(182)) - Totally added 3 delete blocks command for 1 datanodes, task elapsed time: 1ms
2019-06-13 22:27:18,265 INFO  commands.RetriableDatanodeEventWatcher (RetriableDatanodeEventWatcher.java:onTimeout(47)) - RetriableDatanodeCommand type=deleteBlocksCommand with id=1560464836863 timed out. Retrying.
2019-06-13 22:27:18,276 DEBUG block.SCMBlockDeletingService (SCMBlockDeletingService.java:call(138)) - Running DeletedBlockTransactionScanner
2019-06-13 22:27:18,276 DEBUG block.SCMBlockDeletingService (SCMBlockDeletingService.java:call(155)) - Scanned deleted blocks log and got 3 delTX to process.
2019-06-13 22:27:18,276 DEBUG block.SCMBlockDeletingService (SCMBlockDeletingService.java:call(171)) - Added delete block command for datanode d5132e6f-def8-45c0-b0d2-c5ba43d86628 in the queue, number of delete block transactions: 3, TxID list: 1,2,3
2019-06-13 22:27:18,277 INFO  block.SCMBlockDeletingService (SCMBlockDeletingService.java:call(182)) - Totally added 3 delete blocks command for 1 datanodes, task elapsed time: 1ms
2019-06-13 22:27:18,366 INFO  commands.RetriableDatanodeEventWatcher (RetriableDatanodeEventWatcher.java:onTimeout(47)) - RetriableDatanodeCommand type=deleteBlocksCommand with id=1560464836864 timed out. Retrying.
2019-06-13 22:27:18,377 DEBUG block.SCMBlockDeletingService (SCMBlockDeletingService.java:call(138)) - Running DeletedBlockTransactionScanner
2019-06-13 22:27:18,377 DEBUG block.SCMBlockDeletingService (SCMBlockDeletingService.java:call(155)) - Scanned deleted blocks log and got 3 delTX to process.
2019-06-13 22:27:18,378 DEBUG block.SCMBlockDeletingService (SCMBlockDeletingService.java:call(171)) - Added delete block command for datanode d5132e6f-def8-45c0-b0d2-c5ba43d86628 in the queue, number of delete block transactions: 3, TxID list: 1,2,3
2019-06-13 22:27:18,378 INFO  block.SCMBlockDeletingService (SCMBlockDeletingService.java:call(182)) - Totally added 3 delete blocks command for 1 datanodes, task elapsed time: 1ms
2019-06-13 22:27:18,468 INFO  commands.RetriableDatanodeEventWatcher (RetriableDatanodeEventWatcher.java:onTimeout(47)) - RetriableDatanodeCommand type=deleteBlocksCommand with id=1560464836865 timed out. Retrying.
2019-06-13 22:27:18,478 DEBUG block.SCMBlockDeletingService (SCMBlockDeletingService.java:call(138)) - Running DeletedBlockTransactionScanner
2019-06-13 22:27:18,478 DEBUG block.SCMBlockDeletingService (SCMBlockDeletingService.java:call(155)) - Scanned deleted blocks log and got 3 delTX to process.
2019-06-13 22:27:18,479 DEBUG block.SCMBlockDeletingService (SCMBlockDeletingService.java:call(171)) - Added delete block command for datanode d5132e6f-def8-45c0-b0d2-c5ba43d86628 in the queue, number of delete block transactions: 3, TxID list: 1,2,3
2019-06-13 22:27:18,479 INFO  block.SCMBlockDeletingService (SCMBlockDeletingService.java:call(182)) - Totally added 3 delete blocks command for 1 datanodes, task elapsed time: 1ms
2019-06-13 22:27:18,569 INFO  commands.RetriableDatanodeEventWatcher (RetriableDatanodeEventWatcher.java:onTimeout(47)) - RetriableDatanodeCommand type=deleteBlocksCommand with id=1560464836866 timed out. Retrying.
2019-06-13 22:27:18,579 DEBUG block.SCMBlockDeletingService (SCMBlockDeletingService.java:call(138)) - Running DeletedBlockTransactionScanner
2019-06-13 22:27:18,579 DEBUG block.SCMBlockDeletingService (SCMBlockDeletingService.java:call(155)) - Scanned deleted blocks log and got 3 delTX to process.
2019-06-13 22:27:18,580 DEBUG block.SCMBlockDeletingService (SCMBlockDeletingService.java:call(171)) - Added delete block command for datanode d5132e6f-def8-45c0-b0d2-c5ba43d86628 in the queue, number of delete block transactions: 3, TxID list: 1,2,3
2019-06-13 22:27:18,580 INFO  block.SCMBlockDeletingService (SCMBlockDeletingService.java:call(182)) - Totally added 3 delete blocks command for 1 datanodes, task elapsed time: 2ms
2019-06-13 22:27:18,670 INFO  commands.RetriableDatanodeEventWatcher (RetriableDatanodeEventWatcher.java:onTimeout(47)) - RetriableDatanodeCommand type=deleteBlocksCommand with id=1560464836867 timed out. Retrying.
2019-06-13 22:27:18,681 DEBUG block.SCMBlockDeletingService (SCMBlockDeletingService.java:call(138)) - Running DeletedBlockTransactionScanner
2019-06-13 22:27:18,681 DEBUG block.SCMBlockDeletingService (SCMBlockDeletingService.java:call(155)) - Scanned deleted blocks log and got 3 delTX to process.
2019-06-13 22:27:18,681 DEBUG block.SCMBlockDeletingService (SCMBlockDeletingService.java:call(171)) - Added delete block command for datanode d5132e6f-def8-45c0-b0d2-c5ba43d86628 in the queue, number of delete block transactions: 3, TxID list: 1,2,3
2019-06-13 22:27:18,682 INFO  block.SCMBlockDeletingService (SCMBlockDeletingService.java:call(182)) - Totally added 3 delete blocks command for 1 datanodes, task elapsed time: 1ms
2019-06-13 22:27:18,771 INFO  commands.RetriableDatanodeEventWatcher (RetriableDatanodeEventWatcher.java:onTimeout(47)) - RetriableDatanodeCommand type=deleteBlocksCommand with id=1560464836868 timed out. Retrying.
2019-06-13 22:27:18,782 DEBUG block.SCMBlockDeletingService (SCMBlockDeletingService.java:call(138)) - Running DeletedBlockTransactionScanner
2019-06-13 22:27:18,782 DEBUG block.SCMBlockDeletingService (SCMBlockDeletingService.java:call(155)) - Scanned deleted blocks log and got 3 delTX to process.
2019-06-13 22:27:18,782 DEBUG block.SCMBlockDeletingService (SCMBlockDeletingService.java:call(171)) - Added delete block command for datanode d5132e6f-def8-45c0-b0d2-c5ba43d86628 in the queue, number of delete block transactions: 3, TxID list: 1,2,3
2019-06-13 22:27:18,783 INFO  block.SCMBlockDeletingService (SCMBlockDeletingService.java:call(182)) - Totally added 3 delete blocks command for 1 datanodes, task elapsed time: 1ms
2019-06-13 22:27:18,863 INFO  commands.RetriableDatanodeEventWatcher (RetriableDatanodeEventWatcher.java:onTimeout(47)) - RetriableDatanodeCommand type=deleteBlocksCommand with id=1560464836859 timed out. Retrying.
2019-06-13 22:27:18,872 INFO  commands.RetriableDatanodeEventWatcher (RetriableDatanodeEventWatcher.java:onTimeout(47)) - RetriableDatanodeCommand type=deleteBlocksCommand with id=1560464836869 timed out. Retrying.
2019-06-13 22:27:18,883 DEBUG block.SCMBlockDeletingService (SCMBlockDeletingService.java:call(138)) - Running DeletedBlockTransactionScanner
2019-06-13 22:27:18,883 DEBUG block.SCMBlockDeletingService (SCMBlockDeletingService.java:call(155)) - Scanned deleted blocks log and got 3 delTX to process.
2019-06-13 22:27:18,884 DEBUG block.SCMBlockDeletingService (SCMBlockDeletingService.java:call(171)) - Added delete block command for datanode d5132e6f-def8-45c0-b0d2-c5ba43d86628 in the queue, number of delete block transactions: 3, TxID list: 1,2,3
2019-06-13 22:27:18,884 INFO  block.SCMBlockDeletingService (SCMBlockDeletingService.java:call(182)) - Totally added 3 delete blocks command for 1 datanodes, task elapsed time: 1ms
2019-06-13 22:27:18,912 INFO  ozone.MiniOzoneClusterImpl (MiniOzoneClusterImpl.java:lambda$waitForClusterToBeReady$0(142)) - Waiting for cluster to be ready. Got 1 of 0 DN Heartbeats.
2019-06-13 22:27:18,962 INFO  commands.RetriableDatanodeEventWatcher (RetriableDatanodeEventWatcher.java:onTimeout(47)) - RetriableDatanodeCommand type=deleteBlocksCommand with id=1560464836860 timed out. Retrying.
2019-06-13 22:27:18,973 INFO  commands.RetriableDatanodeEventWatcher (RetriableDatanodeEventWatcher.java:onTimeout(47)) - RetriableDatanodeCommand type=deleteBlocksCommand with id=1560464836870 timed out. Retrying.
2019-06-13 22:27:18,984 DEBUG block.SCMBlockDeletingService (SCMBlockDeletingService.java:call(138)) - Running DeletedBlockTransactionScanner
2019-06-13 22:27:18,984 DEBUG block.SCMBlockDeletingService (SCMBlockDeletingService.java:call(155)) - Scanned deleted blocks log and got 3 delTX to process.
2019-06-13 22:27:18,985 DEBUG block.SCMBlockDeletingService (SCMBlockDeletingService.java:call(171)) - Added delete block command for datanode d5132e6f-def8-45c0-b0d2-c5ba43d86628 in the queue, number of delete block transactions: 3, TxID list: 1,2,3
2019-06-13 22:27:18,985 INFO  block.SCMBlockDeletingService (SCMBlockDeletingService.java:call(182)) - Totally added 3 delete blocks command for 1 datanodes, task elapsed time: 1ms
2019-06-13 22:27:19,063 INFO  commands.RetriableDatanodeEventWatcher (RetriableDatanodeEventWatcher.java:onTimeout(47)) - RetriableDatanodeCommand type=deleteBlocksCommand with id=1560464836861 timed out. Retrying.
2019-06-13 22:27:19,074 INFO  commands.RetriableDatanodeEventWatcher (RetriableDatanodeEventWatcher.java:onTimeout(47)) - RetriableDatanodeCommand type=deleteBlocksCommand with id=1560464836871 timed out. Retrying.
2019-06-13 22:27:19,085 DEBUG block.SCMBlockDeletingService (SCMBlockDeletingService.java:call(138)) - Running DeletedBlockTransactionScanner
2019-06-13 22:27:19,085 DEBUG block.SCMBlockDeletingService (SCMBlockDeletingService.java:call(155)) - Scanned deleted blocks log and got 3 delTX to process.
2019-06-13 22:27:19,086 DEBUG block.SCMBlockDeletingService (SCMBlockDeletingService.java:call(171)) - Added delete block command for datanode d5132e6f-def8-45c0-b0d2-c5ba43d86628 in the queue, number of delete block transactions: 3, TxID list: 1,2,3
2019-06-13 22:27:19,086 INFO  block.SCMBlockDeletingService (SCMBlockDeletingService.java:call(182)) - Totally added 3 delete blocks command for 1 datanodes, task elapsed time: 1ms
2019-06-13 22:27:19,165 INFO  commands.RetriableDatanodeEventWatcher (RetriableDatanodeEventWatcher.java:onTimeout(47)) - RetriableDatanodeCommand type=deleteBlocksCommand with id=1560464836862 timed out. Retrying.
2019-06-13 22:27:19,175 INFO  commands.RetriableDatanodeEventWatcher (RetriableDatanodeEventWatcher.java:onTimeout(47)) - RetriableDatanodeCommand type=deleteBlocksCommand with id=1560464836872 timed out. Retrying.
2019-06-13 22:27:19,186 DEBUG block.SCMBlockDeletingService (SCMBlockDeletingService.java:call(138)) - Running DeletedBlockTransactionScanner
2019-06-13 22:27:19,187 DEBUG block.SCMBlockDeletingService (SCMBlockDeletingService.java:call(155)) - Scanned deleted blocks log and got 3 delTX to process.
2019-06-13 22:27:19,187 DEBUG block.SCMBlockDeletingService (SCMBlockDeletingService.java:call(171)) - Added delete block command for datanode d5132e6f-def8-45c0-b0d2-c5ba43d86628 in the queue, number of delete block transactions: 3, TxID list: 1,2,3
2019-06-13 22:27:19,187 INFO  block.SCMBlockDeletingService (SCMBlockDeletingService.java:call(182)) - Totally added 3 delete blocks command for 1 datanodes, task elapsed time: 1ms
2019-06-13 22:27:19,266 INFO  commands.RetriableDatanodeEventWatcher (RetriableDatanodeEventWatcher.java:onTimeout(47)) - RetriableDatanodeCommand type=deleteBlocksCommand with id=1560464836863 timed out. Retrying.
2019-06-13 22:27:19,276 INFO  commands.RetriableDatanodeEventWatcher (RetriableDatanodeEventWatcher.java:onTimeout(47)) - RetriableDatanodeCommand type=deleteBlocksCommand with id=1560464836873 timed out. Retrying.
2019-06-13 22:27:19,287 DEBUG block.SCMBlockDeletingService (SCMBlockDeletingService.java:call(138)) - Running DeletedBlockTransactionScanner
2019-06-13 22:27:19,288 DEBUG block.SCMBlockDeletingService (SCMBlockDeletingService.java:call(155)) - Scanned deleted blocks log and got 3 delTX to process.
2019-06-13 22:27:19,288 DEBUG block.SCMBlockDeletingService (SCMBlockDeletingService.java:call(171)) - Added delete block command for datanode d5132e6f-def8-45c0-b0d2-c5ba43d86628 in the queue, number of delete block transactions: 3, TxID list: 1,2,3
2019-06-13 22:27:19,288 INFO  block.SCMBlockDeletingService (SCMBlockDeletingService.java:call(182)) - Totally added 3 delete blocks command for 1 datanodes, task elapsed time: 0ms
2019-06-13 22:27:19,366 INFO  commands.RetriableDatanodeEventWatcher (RetriableDatanodeEventWatcher.java:onTimeout(47)) - RetriableDatanodeCommand type=deleteBlocksCommand with id=1560464836864 timed out. Retrying.
2019-06-13 22:27:19,378 INFO  commands.RetriableDatanodeEventWatcher (RetriableDatanodeEventWatcher.java:onTimeout(47)) - RetriableDatanodeCommand type=deleteBlocksCommand with id=1560464836874 timed out. Retrying.
2019-06-13 22:27:19,388 DEBUG block.SCMBlockDeletingService (SCMBlockDeletingService.java:call(138)) - Running DeletedBlockTransactionScanner
2019-06-13 22:27:19,389 DEBUG block.SCMBlockDeletingService (SCMBlockDeletingService.java:call(155)) - Scanned deleted blocks log and got 3 delTX to process.
2019-06-13 22:27:19,389 DEBUG block.SCMBlockDeletingService (SCMBlockDeletingService.java:call(171)) - Added delete block command for datanode d5132e6f-def8-45c0-b0d2-c5ba43d86628 in the queue, number of delete block transactions: 3, TxID list: 1,2,3
2019-06-13 22:27:19,389 INFO  block.SCMBlockDeletingService (SCMBlockDeletingService.java:call(182)) - Totally added 3 delete blocks command for 1 datanodes, task elapsed time: 0ms
2019-06-13 22:27:19,468 INFO  commands.RetriableDatanodeEventWatcher (RetriableDatanodeEventWatcher.java:onTimeout(47)) - RetriableDatanodeCommand type=deleteBlocksCommand with id=1560464836865 timed out. Retrying.
2019-06-13 22:27:19,479 INFO  commands.RetriableDatanodeEventWatcher (RetriableDatanodeEventWatcher.java:onTimeout(47)) - RetriableDatanodeCommand type=deleteBlocksCommand with id=1560464836875 timed out. Retrying.
2019-06-13 22:27:19,489 DEBUG block.SCMBlockDeletingService (SCMBlockDeletingService.java:call(138)) - Running DeletedBlockTransactionScanner
2019-06-13 22:27:19,490 DEBUG block.SCMBlockDeletingService (SCMBlockDeletingService.java:call(155)) - Scanned deleted blocks log and got 3 delTX to process.
2019-06-13 22:27:19,490 DEBUG block.SCMBlockDeletingService (SCMBlockDeletingService.java:call(171)) - Added delete block command for datanode d5132e6f-def8-45c0-b0d2-c5ba43d86628 in the queue, number of delete block transactions: 3, TxID list: 1,2,3
2019-06-13 22:27:19,490 INFO  block.SCMBlockDeletingService (SCMBlockDeletingService.java:call(182)) - Totally added 3 delete blocks command for 1 datanodes, task elapsed time: 0ms
2019-06-13 22:27:19,569 INFO  commands.RetriableDatanodeEventWatcher (RetriableDatanodeEventWatcher.java:onTimeout(47)) - RetriableDatanodeCommand type=deleteBlocksCommand with id=1560464836866 timed out. Retrying.
2019-06-13 22:27:19,580 INFO  commands.RetriableDatanodeEventWatcher (RetriableDatanodeEventWatcher.java:onTimeout(47)) - RetriableDatanodeCommand type=deleteBlocksCommand with id=1560464836876 timed out. Retrying.
2019-06-13 22:27:19,590 DEBUG block.SCMBlockDeletingService (SCMBlockDeletingService.java:call(138)) - Running DeletedBlockTransactionScanner
2019-06-13 22:27:19,591 DEBUG block.SCMBlockDeletingService (SCMBlockDeletingService.java:call(155)) - Scanned deleted blocks log and got 3 delTX to process.
2019-06-13 22:27:19,591 DEBUG block.SCMBlockDeletingService (SCMBlockDeletingService.java:call(171)) - Added delete block command for datanode d5132e6f-def8-45c0-b0d2-c5ba43d86628 in the queue, number of delete block transactions: 3, TxID list: 1,2,3
2019-06-13 22:27:19,591 INFO  block.SCMBlockDeletingService (SCMBlockDeletingService.java:call(182)) - Totally added 3 delete blocks command for 1 datanodes, task elapsed time: 1ms
2019-06-13 22:27:19,671 INFO  commands.RetriableDatanodeEventWatcher (RetriableDatanodeEventWatcher.java:onTimeout(47)) - RetriableDatanodeCommand type=deleteBlocksCommand with id=1560464836867 timed out. Retrying.
2019-06-13 22:27:19,685 INFO  commands.RetriableDatanodeEventWatcher (RetriableDatanodeEventWatcher.java:onTimeout(47)) - RetriableDatanodeCommand type=deleteBlocksCommand with id=1560464836877 timed out. Retrying.
2019-06-13 22:27:19,692 DEBUG block.SCMBlockDeletingService (SCMBlockDeletingService.java:call(138)) - Running DeletedBlockTransactionScanner
2019-06-13 22:27:19,692 DEBUG block.SCMBlockDeletingService (SCMBlockDeletingService.java:call(155)) - Scanned deleted blocks log and got 3 delTX to process.
2019-06-13 22:27:19,692 DEBUG block.SCMBlockDeletingService (SCMBlockDeletingService.java:call(171)) - Added delete block command for datanode d5132e6f-def8-45c0-b0d2-c5ba43d86628 in the queue, number of delete block transactions: 3, TxID list: 1,2,3
2019-06-13 22:27:19,692 INFO  block.SCMBlockDeletingService (SCMBlockDeletingService.java:call(182)) - Totally added 3 delete blocks command for 1 datanodes, task elapsed time: 1ms
2019-06-13 22:27:19,772 INFO  commands.RetriableDatanodeEventWatcher (RetriableDatanodeEventWatcher.java:onTimeout(47)) - RetriableDatanodeCommand type=deleteBlocksCommand with id=1560464836868 timed out. Retrying.
2019-06-13 22:27:19,783 INFO  commands.RetriableDatanodeEventWatcher (RetriableDatanodeEventWatcher.java:onTimeout(47)) - RetriableDatanodeCommand type=deleteBlocksCommand with id=1560464836878 timed out. Retrying.
2019-06-13 22:27:19,793 DEBUG block.SCMBlockDeletingService (SCMBlockDeletingService.java:call(138)) - Running DeletedBlockTransactionScanner
2019-06-13 22:27:19,793 DEBUG block.SCMBlockDeletingService (SCMBlockDeletingService.java:call(155)) - Scanned deleted blocks log and got 3 delTX to process.
2019-06-13 22:27:19,793 DEBUG block.SCMBlockDeletingService (SCMBlockDeletingService.java:call(171)) - Added delete block command for datanode d5132e6f-def8-45c0-b0d2-c5ba43d86628 in the queue, number of delete block transactions: 3, TxID list: 1,2,3
2019-06-13 22:27:19,794 INFO  block.SCMBlockDeletingService (SCMBlockDeletingService.java:call(182)) - Totally added 3 delete blocks command for 1 datanodes, task elapsed time: 1ms
2019-06-13 22:27:19,819 INFO  node.StaleNodeHandler (StaleNodeHandler.java:onMessage(58)) - Datanode d5132e6f-def8-45c0-b0d2-c5ba43d86628{ip: 192.168.105.169, host: ozone-mzc6g-2359123782, networkLocation: /default-rack, certSerialId: null} moved to stale state. Finalizing its pipelines [PipelineID=c7035dd3-cd4a-42fb-880d-c29775a8e805]
2019-06-13 22:27:19,820 INFO  pipeline.SCMPipelineManager (SCMPipelineManager.java:finalizeAndDestroyPipeline(307)) - destroying pipeline:Pipeline[ Id: c7035dd3-cd4a-42fb-880d-c29775a8e805, Nodes: d5132e6f-def8-45c0-b0d2-c5ba43d86628{ip: 192.168.105.169, host: ozone-mzc6g-2359123782, networkLocation: /default-rack, certSerialId: null}, Type:RATIS, Factor:ONE, State:OPEN]
2019-06-13 22:27:19,820 INFO  pipeline.PipelineStateManager (PipelineStateManager.java:finalizePipeline(123)) - Pipeline Pipeline[ Id: c7035dd3-cd4a-42fb-880d-c29775a8e805, Nodes: d5132e6f-def8-45c0-b0d2-c5ba43d86628{ip: 192.168.105.169, host: ozone-mzc6g-2359123782, networkLocation: /default-rack, certSerialId: null}, Type:RATIS, Factor:ONE, State:CLOSED] moved to CLOSED state
2019-06-13 22:27:19,863 INFO  commands.RetriableDatanodeEventWatcher (RetriableDatanodeEventWatcher.java:onTimeout(47)) - RetriableDatanodeCommand type=deleteBlocksCommand with id=1560464836859 timed out. Retrying.
2019-06-13 22:27:19,873 INFO  commands.RetriableDatanodeEventWatcher (RetriableDatanodeEventWatcher.java:onTimeout(47)) - RetriableDatanodeCommand type=deleteBlocksCommand with id=1560464836869 timed out. Retrying.
2019-06-13 22:27:19,884 INFO  commands.RetriableDatanodeEventWatcher (RetriableDatanodeEventWatcher.java:onTimeout(47)) - RetriableDatanodeCommand type=deleteBlocksCommand with id=1560464836879 timed out. Retrying.
2019-06-13 22:27:19,894 DEBUG block.SCMBlockDeletingService (SCMBlockDeletingService.java:call(138)) - Running DeletedBlockTransactionScanner
2019-06-13 22:27:19,894 DEBUG block.SCMBlockDeletingService (SCMBlockDeletingService.java:call(155)) - Scanned deleted blocks log and got 3 delTX to process.
2019-06-13 22:27:19,894 DEBUG block.SCMBlockDeletingService (SCMBlockDeletingService.java:call(171)) - Added delete block command for datanode d5132e6f-def8-45c0-b0d2-c5ba43d86628 in the queue, number of delete block transactions: 3, TxID list: 1,2,3
2019-06-13 22:27:19,894 INFO  block.SCMBlockDeletingService (SCMBlockDeletingService.java:call(182)) - Totally added 3 delete blocks command for 1 datanodes, task elapsed time: 1ms
2019-06-13 22:27:19,912 INFO  ozone.MiniOzoneClusterImpl (MiniOzoneClusterImpl.java:lambda$waitForClusterToBeReady$0(142)) - Cluster is ready. Got 0 of 0 DN Heartbeats.
2019-06-13 22:27:19,915 INFO  impl.MetricsSystemImpl (MetricsSystemImpl.java:init(158)) - HddsDatanode metrics system started (again)
2019-06-13 22:27:19,946 INFO  ozone.HddsDatanodeService (HddsDatanodeService.java:start(185)) - HddsDatanodeService host:ozone-mzc6g-2359123782 ip:192.168.105.169
2019-06-13 22:27:19,949 INFO  volume.VolumeUsage (VolumeUsage.java:loadScmUsed(144)) - Cached ScmUsed found for /opt/src/hadoop-ozone/integration-test/target/test-dir/MiniOzoneClusterImpl-e9ea07bb-4900-4b53-96c1-68f0ab556a80/datanode-0/data/containers : 4096 
2019-06-13 22:27:19,950 INFO  volume.HddsVolume (HddsVolume.java:<init>(176)) - Creating Volume: /opt/src/hadoop-ozone/integration-test/target/test-dir/MiniOzoneClusterImpl-e9ea07bb-4900-4b53-96c1-68f0ab556a80/datanode-0/data/containers/hdds of  storage type : DISK and capacity : 104021790720
2019-06-13 22:27:19,950 INFO  volume.VolumeSet (VolumeSet.java:initializeVolumeSet(170)) - Added Volume : /opt/src/hadoop-ozone/integration-test/target/test-dir/MiniOzoneClusterImpl-e9ea07bb-4900-4b53-96c1-68f0ab556a80/datanode-0/data/containers/hdds to VolumeSet
2019-06-13 22:27:19,950 INFO  volume.ThrottledAsyncChecker (ThrottledAsyncChecker.java:schedule(140)) - Scheduling a check for org.apache.hadoop.ozone.container.common.volume.HddsVolume@100aa331
2019-06-13 22:27:19,951 INFO  volume.HddsVolumeChecker (HddsVolumeChecker.java:checkAllVolumes(203)) - Scheduled health check for volume org.apache.hadoop.ozone.container.common.volume.HddsVolume@100aa331
2019-06-13 22:27:19,961 INFO  commands.RetriableDatanodeEventWatcher (RetriableDatanodeEventWatcher.java:onTimeout(47)) - RetriableDatanodeCommand type=deleteBlocksCommand with id=1560464836860 timed out. Retrying.
2019-06-13 22:27:19,974 INFO  commands.RetriableDatanodeEventWatcher (RetriableDatanodeEventWatcher.java:onTimeout(47)) - RetriableDatanodeCommand type=deleteBlocksCommand with id=1560464836870 timed out. Retrying.
2019-06-13 22:27:19,985 INFO  commands.RetriableDatanodeEventWatcher (RetriableDatanodeEventWatcher.java:onTimeout(47)) - RetriableDatanodeCommand type=deleteBlocksCommand with id=1560464836880 timed out. Retrying.
2019-06-13 22:27:19,995 DEBUG block.SCMBlockDeletingService (SCMBlockDeletingService.java:call(138)) - Running DeletedBlockTransactionScanner
2019-06-13 22:27:19,995 DEBUG block.SCMBlockDeletingService (SCMBlockDeletingService.java:call(155)) - Scanned deleted blocks log and got 3 delTX to process.
2019-06-13 22:27:19,995 DEBUG block.SCMBlockDeletingService (SCMBlockDeletingService.java:call(171)) - Added delete block command for datanode d5132e6f-def8-45c0-b0d2-c5ba43d86628 in the queue, number of delete block transactions: 3, TxID list: 1,2,3
2019-06-13 22:27:19,996 INFO  block.SCMBlockDeletingService (SCMBlockDeletingService.java:call(182)) - Totally added 3 delete blocks command for 1 datanodes, task elapsed time: 1ms
2019-06-13 22:27:20,040 INFO  impl.RaftServerProxy (ConfUtils.java:logGet(43)) - raft.rpc.type = GRPC (default)
2019-06-13 22:27:20,040 INFO  grpc.GrpcConfigKeys$Server (ConfUtils.java:logGet(43)) - raft.grpc.server.port = 33565 (custom)
2019-06-13 22:27:20,041 INFO  server.GrpcService (ConfUtils.java:logGet(43)) - raft.grpc.message.size.max = 33570816 (custom)
2019-06-13 22:27:20,041 INFO  server.RaftServerConfigKeys (ConfUtils.java:logGet(43)) - raft.server.log.appender.buffer.byte-limit = 33554432 (custom)
2019-06-13 22:27:20,041 INFO  server.GrpcService (ConfUtils.java:logGet(43)) - raft.grpc.flow.control.window = 1MB (=1048576) (default)
2019-06-13 22:27:20,041 INFO  server.RaftServerConfigKeys (ConfUtils.java:logGet(43)) - raft.server.rpc.request.timeout = 3000ms (default)
2019-06-13 22:27:20,042 INFO  server.RaftServerConfigKeys (ConfUtils.java:logGet(43)) - raft.server.storage.dir = [/opt/src/hadoop-ozone/integration-test/target/test-dir/MiniOzoneClusterImpl-e9ea07bb-4900-4b53-96c1-68f0ab556a80/datanode-0/data/ratis] (custom)
2019-06-13 22:27:20,042 INFO  impl.RaftServerProxy (RaftServerProxy.java:lambda$null$0(191)) - d5132e6f-def8-45c0-b0d2-c5ba43d86628: found a subdirectory /opt/src/hadoop-ozone/integration-test/target/test-dir/MiniOzoneClusterImpl-e9ea07bb-4900-4b53-96c1-68f0ab556a80/datanode-0/data/ratis/c7035dd3-cd4a-42fb-880d-c29775a8e805
2019-06-13 22:27:20,050 INFO  impl.RaftServerProxy (RaftServerProxy.java:addNew(89)) - d5132e6f-def8-45c0-b0d2-c5ba43d86628: addNew group-C29775A8E805:[] returns group-C29775A8E805:java.util.concurrent.CompletableFuture@2c3158e0[Not completed]
2019-06-13 22:27:20,051 INFO  replication.SimpleContainerDownloader (SimpleContainerDownloader.java:<init>(72)) - Starting container downloader service to copy containers to replicate.
2019-06-13 22:27:20,053 INFO  hdfs.DFSUtil (DFSUtil.java:httpServerTemplateForNNAndJN(1641)) - Starting Web-server for hddsDatanode at: http://0.0.0.0:32903
2019-06-13 22:27:20,055 INFO  server.AuthenticationFilter (AuthenticationFilter.java:constructSecretProvider(240)) - Unable to initialize FileSignerSecretProvider, falling back to use random secrets.
2019-06-13 22:27:20,055 INFO  impl.RaftServerImpl (RaftServerImpl.java:<init>(91)) - d5132e6f-def8-45c0-b0d2-c5ba43d86628: new RaftServerImpl for group-C29775A8E805:[] with ContainerStateMachine:uninitialized
2019-06-13 22:27:20,058 INFO  server.RaftServerConfigKeys (ConfUtils.java:logGet(43)) - raft.server.rpc.timeout.min = 1s (custom)
2019-06-13 22:27:20,058 INFO  server.RaftServerConfigKeys (ConfUtils.java:logGet(43)) - raft.server.rpc.timeout.max = 1200ms (custom)
2019-06-13 22:27:20,058 INFO  server.RaftServerConfigKeys (ConfUtils.java:logGet(43)) - raft.server.rpcslowness.timeout = 120s (custom)
2019-06-13 22:27:20,058 INFO  server.RaftServerConfigKeys (ConfUtils.java:logGet(43)) - raft.server.log.appender.install.snapshot.enabled = true (default)
2019-06-13 22:27:20,058 INFO  impl.RaftServerImpl (ServerState.java:<init>(101)) - d5132e6f-def8-45c0-b0d2-c5ba43d86628:group-C29775A8E805 ConfigurationManager, init=-1: [], old=null, confs=<EMPTY_MAP>
2019-06-13 22:27:20,059 INFO  server.RaftServerConfigKeys (ConfUtils.java:logGet(43)) - raft.server.storage.dir = [/opt/src/hadoop-ozone/integration-test/target/test-dir/MiniOzoneClusterImpl-e9ea07bb-4900-4b53-96c1-68f0ab556a80/datanode-0/data/ratis] (custom)
2019-06-13 22:27:20,061 WARN  http.HttpRequestLog (HttpRequestLog.java:getRequestLog(97)) - Jetty request log can only be enabled using Log4j
2019-06-13 22:27:20,063 INFO  commands.RetriableDatanodeEventWatcher (RetriableDatanodeEventWatcher.java:onTimeout(47)) - RetriableDatanodeCommand type=deleteBlocksCommand with id=1560464836861 timed out. Retrying.
2019-06-13 22:27:20,064 INFO  http.HttpServer2 (HttpServer2.java:addGlobalFilter(975)) - Added global filter 'safety' (class=org.apache.hadoop.http.HttpServer2$QuotingInputFilter)
2019-06-13 22:27:20,064 INFO  http.HttpServer2 (HttpServer2.java:addFilter(948)) - Added filter static_user_filter (class=org.apache.hadoop.http.lib.StaticUserWebFilter$StaticUserFilter) to context hddsDatanode
2019-06-13 22:27:20,065 INFO  http.HttpServer2 (HttpServer2.java:addFilter(958)) - Added filter static_user_filter (class=org.apache.hadoop.http.lib.StaticUserWebFilter$StaticUserFilter) to context logs
2019-06-13 22:27:20,065 INFO  http.HttpServer2 (HttpServer2.java:addFilter(958)) - Added filter static_user_filter (class=org.apache.hadoop.http.lib.StaticUserWebFilter$StaticUserFilter) to context static
2019-06-13 22:27:20,065 INFO  http.HttpServer2 (HttpServer2.java:bindListener(1191)) - Jetty bound to port 32903
2019-06-13 22:27:20,066 INFO  server.Server (Server.java:doStart(351)) - jetty-9.3.24.v20180605, build timestamp: 2018-06-05T17:11:56Z, git hash: 84205aa28f11a4f31f2a3b86d1bba2cc8ab69827
2019-06-13 22:27:20,067 INFO  handler.ContextHandler (ContextHandler.java:doStart(781)) - Started o.e.j.s.ServletContextHandler@44aa2e13{/logs,file:///opt/src/hadoop-ozone/integration-test/target/log,AVAILABLE}
2019-06-13 22:27:20,068 INFO  handler.ContextHandler (ContextHandler.java:doStart(781)) - Started o.e.j.s.ServletContextHandler@3a1b36a1{/static,jar:file:/root/.m2/repository/org/apache/hadoop/hadoop-hdds-container-service/0.5.0-SNAPSHOT/hadoop-hdds-container-service-0.5.0-SNAPSHOT.jar!/webapps/static,AVAILABLE}
2019-06-13 22:27:20,075 INFO  commands.RetriableDatanodeEventWatcher (RetriableDatanodeEventWatcher.java:onTimeout(47)) - RetriableDatanodeCommand type=deleteBlocksCommand with id=1560464836871 timed out. Retrying.
2019-06-13 22:27:20,086 INFO  commands.RetriableDatanodeEventWatcher (RetriableDatanodeEventWatcher.java:onTimeout(47)) - RetriableDatanodeCommand type=deleteBlocksCommand with id=1560464836881 timed out. Retrying.
2019-06-13 22:27:20,096 DEBUG block.SCMBlockDeletingService (SCMBlockDeletingService.java:call(138)) - Running DeletedBlockTransactionScanner
2019-06-13 22:27:20,096 DEBUG block.SCMBlockDeletingService (SCMBlockDeletingService.java:call(155)) - Scanned deleted blocks log and got 3 delTX to process.
2019-06-13 22:27:20,096 DEBUG block.SCMBlockDeletingService (SCMBlockDeletingService.java:call(171)) - Added delete block command for datanode d5132e6f-def8-45c0-b0d2-c5ba43d86628 in the queue, number of delete block transactions: 3, TxID list: 1,2,3
2019-06-13 22:27:20,097 INFO  block.SCMBlockDeletingService (SCMBlockDeletingService.java:call(182)) - Totally added 3 delete blocks command for 1 datanodes, task elapsed time: 1ms
2019-06-13 22:27:20,099 INFO  storage.RaftStorageDirectory (RaftStorageDirectory.java:tryLock(328)) - Lock on /opt/src/hadoop-ozone/integration-test/target/test-dir/MiniOzoneClusterImpl-e9ea07bb-4900-4b53-96c1-68f0ab556a80/datanode-0/data/ratis/c7035dd3-cd4a-42fb-880d-c29775a8e805/in_use.lock acquired by nodename 6051@ozone-mzc6g-2359123782
2019-06-13 22:27:20,102 INFO  handler.ContextHandler (ContextHandler.java:doStart(781)) - Started o.e.j.w.WebAppContext@6b8d54da{/,file:///tmp/jetty-0.0.0.0-32903-hddsDatanode-_-any-4027062993929537212.dir/webapp/,AVAILABLE}{/hddsDatanode}
2019-06-13 22:27:20,102 INFO  server.AbstractConnector (AbstractConnector.java:doStart(278)) - Started ServerConnector@79957f11{HTTP/1.1,[http/1.1]}{0.0.0.0:32903}
2019-06-13 22:27:20,103 INFO  server.Server (Server.java:doStart(419)) - Started @65856ms
2019-06-13 22:27:20,103 INFO  ratis.ContainerStateMachine (ContainerStateMachine.java:loadSnapshot(209)) - Setting the last applied index to (t:1, i:7594)
2019-06-13 22:27:20,106 INFO  server.BaseHttpServer (BaseHttpServer.java:updateConnectorAddress(207)) - HTTP server of HDDSDATANODE is listening at http://0.0.0.0:32903
2019-06-13 22:27:20,107 INFO  impl.RaftServerImpl (ServerState.java:setRaftConf(361)) - d5132e6f-def8-45c0-b0d2-c5ba43d86628:group-C29775A8E805 set configuration 0: [d5132e6f-def8-45c0-b0d2-c5ba43d86628:192.168.105.169:33565], old=null at 0
2019-06-13 22:27:20,107 INFO  server.RaftServerConfigKeys (ConfUtils.java:logGet(43)) - raft.server.leader.election.timeout = 120s (custom)
2019-06-13 22:27:20,107 INFO  server.RaftServerConfigKeys (ConfUtils.java:logGet(43)) - raft.server.log.use.memory = false (default)
2019-06-13 22:27:20,107 INFO  server.RaftServerConfigKeys (ConfUtils.java:logGet(43)) - raft.server.log.appender.buffer.byte-limit = 33554432 (custom)
2019-06-13 22:27:20,107 INFO  server.RaftServerConfigKeys (ConfUtils.java:logGet(43)) - raft.server.log.segment.size.max = 16384 (custom)
2019-06-13 22:27:20,107 INFO  server.RaftServerConfigKeys (ConfUtils.java:logGet(43)) - raft.server.log.segment.cache.num.max = 2 (custom)
2019-06-13 22:27:20,108 INFO  storage.RaftLogWorker (RaftLogWorker.java:<init>(123)) - new d5132e6f-def8-45c0-b0d2-c5ba43d86628-RaftLogWorker for Storage Directory /opt/src/hadoop-ozone/integration-test/target/test-dir/MiniOzoneClusterImpl-e9ea07bb-4900-4b53-96c1-68f0ab556a80/datanode-0/data/ratis/c7035dd3-cd4a-42fb-880d-c29775a8e805
2019-06-13 22:27:20,108 INFO  server.RaftServerConfigKeys (ConfUtils.java:logGet(43)) - raft.server.log.queue.byte-limit = 2147483647 (custom)
2019-06-13 22:27:20,108 INFO  server.RaftServerConfigKeys (ConfUtils.java:logGet(43)) - raft.server.log.queue.element-limit = 1024 (custom)
2019-06-13 22:27:20,108 INFO  server.RaftServerConfigKeys (ConfUtils.java:logGet(43)) - raft.server.log.segment.size.max = 16384 (custom)
2019-06-13 22:27:20,108 INFO  server.RaftServerConfigKeys (ConfUtils.java:logGet(43)) - raft.server.log.preallocated.size = 16384 (custom)
2019-06-13 22:27:20,108 INFO  server.RaftServerConfigKeys (ConfUtils.java:logGet(43)) - raft.server.log.write.buffer.size = 33554432 (custom)
2019-06-13 22:27:20,108 INFO  server.RaftServerConfigKeys (ConfUtils.java:logGet(43)) - raft.server.log.force.sync.num = 128 (default)
2019-06-13 22:27:20,109 INFO  server.RaftServerConfigKeys (ConfUtils.java:logGet(43)) - raft.server.log.statemachine.data.sync = true (default)
2019-06-13 22:27:20,109 INFO  server.RaftServerConfigKeys (ConfUtils.java:logGet(43)) - raft.server.log.statemachine.data.sync.timeout = 10s (default)
2019-06-13 22:27:20,110 INFO  server.RaftServerConfigKeys (ConfUtils.java:logGet(43)) - raft.server.log.statemachine.data.sync.timeout.retry = -1 (default)
2019-06-13 22:27:20,110 INFO  server.RaftServerConfigKeys (ConfUtils.java:logGet(43)) - raft.server.log.statemachine.data.caching.enabled = true (custom)
2019-06-13 22:27:20,118 INFO  storage.LogSegment (LogSegment.java:loadSegment(143)) - Successfully read 37 entries from segment file /opt/src/hadoop-ozone/integration-test/target/test-dir/MiniOzoneClusterImpl-e9ea07bb-4900-4b53-96c1-68f0ab556a80/datanode-0/data/ratis/c7035dd3-cd4a-42fb-880d-c29775a8e805/current/log_inprogress_7559
2019-06-13 22:27:20,166 INFO  commands.RetriableDatanodeEventWatcher (RetriableDatanodeEventWatcher.java:onTimeout(47)) - RetriableDatanodeCommand type=deleteBlocksCommand with id=1560464836862 timed out. Retrying.
2019-06-13 22:27:20,171 INFO  storage.RaftLog (RaftLog.java:lambda$new$0(59)) - d5132e6f-def8-45c0-b0d2-c5ba43d86628: commitIndex: updateToMax old=7594, new=7594, updated? false
2019-06-13 22:27:20,172 INFO  server.RaftServerConfigKeys (ConfUtils.java:logGet(43)) - raft.server.snapshot.auto.trigger.enabled = true (custom)
2019-06-13 22:27:20,172 INFO  server.RaftServerConfigKeys (ConfUtils.java:logGet(43)) - raft.server.snapshot.auto.trigger.threshold = 10000 (custom)
2019-06-13 22:27:20,172 INFO  server.RaftServerConfigKeys (ConfUtils.java:logGet(43)) - raft.server.retrycache.expirytime = 600000ms (custom)
2019-06-13 22:27:20,176 INFO  commands.RetriableDatanodeEventWatcher (RetriableDatanodeEventWatcher.java:onTimeout(47)) - RetriableDatanodeCommand type=deleteBlocksCommand with id=1560464836872 timed out. Retrying.
2019-06-13 22:27:20,193 INFO  commands.RetriableDatanodeEventWatcher (RetriableDatanodeEventWatcher.java:onTimeout(47)) - RetriableDatanodeCommand type=deleteBlocksCommand with id=1560464836882 timed out. Retrying.
2019-06-13 22:27:20,198 DEBUG block.SCMBlockDeletingService (SCMBlockDeletingService.java:call(138)) - Running DeletedBlockTransactionScanner
2019-06-13 22:27:20,199 DEBUG block.SCMBlockDeletingService (SCMBlockDeletingService.java:call(155)) - Scanned deleted blocks log and got 3 delTX to process.
2019-06-13 22:27:20,199 DEBUG block.SCMBlockDeletingService (SCMBlockDeletingService.java:call(171)) - Added delete block command for datanode d5132e6f-def8-45c0-b0d2-c5ba43d86628 in the queue, number of delete block transactions: 3, TxID list: 1,2,3
2019-06-13 22:27:20,199 INFO  block.SCMBlockDeletingService (SCMBlockDeletingService.java:call(182)) - Totally added 3 delete blocks command for 1 datanodes, task elapsed time: 0ms
2019-06-13 22:27:20,269 INFO  commands.RetriableDatanodeEventWatcher (RetriableDatanodeEventWatcher.java:onTimeout(47)) - RetriableDatanodeCommand type=deleteBlocksCommand with id=1560464836863 timed out. Retrying.
2019-06-13 22:27:20,278 INFO  commands.RetriableDatanodeEventWatcher (RetriableDatanodeEventWatcher.java:onTimeout(47)) - RetriableDatanodeCommand type=deleteBlocksCommand with id=1560464836873 timed out. Retrying.
2019-06-13 22:27:20,288 INFO  commands.RetriableDatanodeEventWatcher (RetriableDatanodeEventWatcher.java:onTimeout(47)) - RetriableDatanodeCommand type=deleteBlocksCommand with id=1560464836883 timed out. Retrying.
2019-06-13 22:27:20,292 INFO  ozone.HddsDatanodeService (HddsDatanodeService.java:startPlugins(396)) - Started plug-in org.apache.hadoop.ozone.web.OzoneHddsDatanodeService@6b27b2d0
2019-06-13 22:27:20,293 INFO  ozone.MiniOzoneClusterImpl (MiniOzoneClusterImpl.java:lambda$waitForClusterToBeReady$0(142)) - Waiting for cluster to be ready. Got 0 of 1 DN Heartbeats.
2019-06-13 22:27:20,294 INFO  util.JvmPauseMonitor (JvmPauseMonitor.java:run(188)) - Starting JVM pause monitor
2019-06-13 22:27:20,301 DEBUG block.SCMBlockDeletingService (SCMBlockDeletingService.java:call(138)) - Running DeletedBlockTransactionScanner
2019-06-13 22:27:20,302 DEBUG block.SCMBlockDeletingService (SCMBlockDeletingService.java:call(155)) - Scanned deleted blocks log and got 3 delTX to process.
2019-06-13 22:27:20,302 DEBUG block.SCMBlockDeletingService (SCMBlockDeletingService.java:call(171)) - Added delete block command for datanode d5132e6f-def8-45c0-b0d2-c5ba43d86628 in the queue, number of delete block transactions: 3, TxID list: 1,2,3
2019-06-13 22:27:20,302 INFO  block.SCMBlockDeletingService (SCMBlockDeletingService.java:call(182)) - Totally added 3 delete blocks command for 1 datanodes, task elapsed time: 0ms
2019-06-13 22:27:20,367 INFO  commands.RetriableDatanodeEventWatcher (RetriableDatanodeEventWatcher.java:onTimeout(47)) - RetriableDatanodeCommand type=deleteBlocksCommand with id=1560464836864 timed out. Retrying.
2019-06-13 22:27:20,378 INFO  commands.RetriableDatanodeEventWatcher (RetriableDatanodeEventWatcher.java:onTimeout(47)) - RetriableDatanodeCommand type=deleteBlocksCommand with id=1560464836874 timed out. Retrying.
2019-06-13 22:27:20,388 INFO  commands.RetriableDatanodeEventWatcher (RetriableDatanodeEventWatcher.java:onTimeout(47)) - RetriableDatanodeCommand type=deleteBlocksCommand with id=1560464836884 timed out. Retrying.
2019-06-13 22:27:20,402 DEBUG block.SCMBlockDeletingService (SCMBlockDeletingService.java:call(138)) - Running DeletedBlockTransactionScanner
2019-06-13 22:27:20,403 DEBUG block.SCMBlockDeletingService (SCMBlockDeletingService.java:call(155)) - Scanned deleted blocks log and got 3 delTX to process.
2019-06-13 22:27:20,403 DEBUG block.SCMBlockDeletingService (SCMBlockDeletingService.java:call(171)) - Added delete block command for datanode d5132e6f-def8-45c0-b0d2-c5ba43d86628 in the queue, number of delete block transactions: 3, TxID list: 1,2,3
2019-06-13 22:27:20,403 INFO  block.SCMBlockDeletingService (SCMBlockDeletingService.java:call(182)) - Totally added 3 delete blocks command for 1 datanodes, task elapsed time: 1ms
2019-06-13 22:27:20,469 INFO  commands.RetriableDatanodeEventWatcher (RetriableDatanodeEventWatcher.java:onTimeout(47)) - RetriableDatanodeCommand type=deleteBlocksCommand with id=1560464836865 timed out. Retrying.
2019-06-13 22:27:20,479 INFO  commands.RetriableDatanodeEventWatcher (RetriableDatanodeEventWatcher.java:onTimeout(47)) - RetriableDatanodeCommand type=deleteBlocksCommand with id=1560464836875 timed out. Retrying.
2019-06-13 22:27:20,489 INFO  commands.RetriableDatanodeEventWatcher (RetriableDatanodeEventWatcher.java:onTimeout(47)) - RetriableDatanodeCommand type=deleteBlocksCommand with id=1560464836885 timed out. Retrying.
2019-06-13 22:27:20,504 DEBUG block.SCMBlockDeletingService (SCMBlockDeletingService.java:call(138)) - Running DeletedBlockTransactionScanner
2019-06-13 22:27:20,504 DEBUG block.SCMBlockDeletingService (SCMBlockDeletingService.java:call(155)) - Scanned deleted blocks log and got 3 delTX to process.
2019-06-13 22:27:20,504 DEBUG block.SCMBlockDeletingService (SCMBlockDeletingService.java:call(171)) - Added delete block command for datanode d5132e6f-def8-45c0-b0d2-c5ba43d86628 in the queue, number of delete block transactions: 3, TxID list: 1,2,3
2019-06-13 22:27:20,504 INFO  block.SCMBlockDeletingService (SCMBlockDeletingService.java:call(182)) - Totally added 3 delete blocks command for 1 datanodes, task elapsed time: 1ms
2019-06-13 22:27:20,570 INFO  commands.RetriableDatanodeEventWatcher (RetriableDatanodeEventWatcher.java:onTimeout(47)) - RetriableDatanodeCommand type=deleteBlocksCommand with id=1560464836866 timed out. Retrying.
2019-06-13 22:27:20,580 INFO  commands.RetriableDatanodeEventWatcher (RetriableDatanodeEventWatcher.java:onTimeout(47)) - RetriableDatanodeCommand type=deleteBlocksCommand with id=1560464836876 timed out. Retrying.
2019-06-13 22:27:20,591 INFO  commands.RetriableDatanodeEventWatcher (RetriableDatanodeEventWatcher.java:onTimeout(47)) - RetriableDatanodeCommand type=deleteBlocksCommand with id=1560464836886 timed out. Retrying.
2019-06-13 22:27:20,605 DEBUG block.SCMBlockDeletingService (SCMBlockDeletingService.java:call(138)) - Running DeletedBlockTransactionScanner
2019-06-13 22:27:20,605 DEBUG block.SCMBlockDeletingService (SCMBlockDeletingService.java:call(155)) - Scanned deleted blocks log and got 3 delTX to process.
2019-06-13 22:27:20,605 DEBUG block.SCMBlockDeletingService (SCMBlockDeletingService.java:call(171)) - Added delete block command for datanode d5132e6f-def8-45c0-b0d2-c5ba43d86628 in the queue, number of delete block transactions: 3, TxID list: 1,2,3
2019-06-13 22:27:20,606 INFO  block.SCMBlockDeletingService (SCMBlockDeletingService.java:call(182)) - Totally added 3 delete blocks command for 1 datanodes, task elapsed time: 1ms
2019-06-13 22:27:20,672 INFO  commands.RetriableDatanodeEventWatcher (RetriableDatanodeEventWatcher.java:onTimeout(47)) - RetriableDatanodeCommand type=deleteBlocksCommand with id=1560464836867 timed out. Retrying.
2019-06-13 22:27:20,685 INFO  commands.RetriableDatanodeEventWatcher (RetriableDatanodeEventWatcher.java:onTimeout(47)) - RetriableDatanodeCommand type=deleteBlocksCommand with id=1560464836877 timed out. Retrying.
2019-06-13 22:27:20,692 INFO  commands.RetriableDatanodeEventWatcher (RetriableDatanodeEventWatcher.java:onTimeout(47)) - RetriableDatanodeCommand type=deleteBlocksCommand with id=1560464836887 timed out. Retrying.
2019-06-13 22:27:20,706 DEBUG block.SCMBlockDeletingService (SCMBlockDeletingService.java:call(138)) - Running DeletedBlockTransactionScanner
2019-06-13 22:27:20,706 DEBUG block.SCMBlockDeletingService (SCMBlockDeletingService.java:call(155)) - Scanned deleted blocks log and got 3 delTX to process.
2019-06-13 22:27:20,706 DEBUG block.SCMBlockDeletingService (SCMBlockDeletingService.java:call(171)) - Added delete block command for datanode d5132e6f-def8-45c0-b0d2-c5ba43d86628 in the queue, number of delete block transactions: 3, TxID list: 1,2,3
2019-06-13 22:27:20,707 INFO  block.SCMBlockDeletingService (SCMBlockDeletingService.java:call(182)) - Totally added 3 delete blocks command for 1 datanodes, task elapsed time: 1ms
2019-06-13 22:27:20,772 INFO  commands.RetriableDatanodeEventWatcher (RetriableDatanodeEventWatcher.java:onTimeout(47)) - RetriableDatanodeCommand type=deleteBlocksCommand with id=1560464836868 timed out. Retrying.
2019-06-13 22:27:20,784 INFO  commands.RetriableDatanodeEventWatcher (RetriableDatanodeEventWatcher.java:onTimeout(47)) - RetriableDatanodeCommand type=deleteBlocksCommand with id=1560464836878 timed out. Retrying.
2019-06-13 22:27:20,794 INFO  commands.RetriableDatanodeEventWatcher (RetriableDatanodeEventWatcher.java:onTimeout(47)) - RetriableDatanodeCommand type=deleteBlocksCommand with id=1560464836888 timed out. Retrying.
2019-06-13 22:27:20,807 DEBUG block.SCMBlockDeletingService (SCMBlockDeletingService.java:call(138)) - Running DeletedBlockTransactionScanner
2019-06-13 22:27:20,807 DEBUG block.SCMBlockDeletingService (SCMBlockDeletingService.java:call(155)) - Scanned deleted blocks log and got 3 delTX to process.
2019-06-13 22:27:20,807 DEBUG block.SCMBlockDeletingService (SCMBlockDeletingService.java:call(171)) - Added delete block command for datanode d5132e6f-def8-45c0-b0d2-c5ba43d86628 in the queue, number of delete block transactions: 3, TxID list: 1,2,3
2019-06-13 22:27:20,808 INFO  block.SCMBlockDeletingService (SCMBlockDeletingService.java:call(182)) - Totally added 3 delete blocks command for 1 datanodes, task elapsed time: 1ms
2019-06-13 22:27:20,863 INFO  commands.RetriableDatanodeEventWatcher (RetriableDatanodeEventWatcher.java:onTimeout(47)) - RetriableDatanodeCommand type=deleteBlocksCommand with id=1560464836859 timed out. Retrying.
2019-06-13 22:27:20,874 INFO  commands.RetriableDatanodeEventWatcher (RetriableDatanodeEventWatcher.java:onTimeout(47)) - RetriableDatanodeCommand type=deleteBlocksCommand with id=1560464836869 timed out. Retrying.
2019-06-13 22:27:20,884 INFO  commands.RetriableDatanodeEventWatcher (RetriableDatanodeEventWatcher.java:onTimeout(47)) - RetriableDatanodeCommand type=deleteBlocksCommand with id=1560464836879 timed out. Retrying.
2019-06-13 22:27:20,896 INFO  commands.RetriableDatanodeEventWatcher (RetriableDatanodeEventWatcher.java:onTimeout(47)) - RetriableDatanodeCommand type=deleteBlocksCommand with id=1560464836889 timed out. Retrying.
2019-06-13 22:27:20,908 DEBUG block.SCMBlockDeletingService (SCMBlockDeletingService.java:call(138)) - Running DeletedBlockTransactionScanner
2019-06-13 22:27:20,908 DEBUG block.SCMBlockDeletingService (SCMBlockDeletingService.java:call(155)) - Scanned deleted blocks log and got 3 delTX to process.
2019-06-13 22:27:20,909 DEBUG block.SCMBlockDeletingService (SCMBlockDeletingService.java:call(171)) - Added delete block command for datanode d5132e6f-def8-45c0-b0d2-c5ba43d86628 in the queue, number of delete block transactions: 3, TxID list: 1,2,3
2019-06-13 22:27:20,909 INFO  block.SCMBlockDeletingService (SCMBlockDeletingService.java:call(182)) - Totally added 3 delete blocks command for 1 datanodes, task elapsed time: 1ms
2019-06-13 22:27:20,962 INFO  commands.RetriableDatanodeEventWatcher (RetriableDatanodeEventWatcher.java:onTimeout(47)) - RetriableDatanodeCommand type=deleteBlocksCommand with id=1560464836860 timed out. Retrying.
2019-06-13 22:27:20,975 INFO  commands.RetriableDatanodeEventWatcher (RetriableDatanodeEventWatcher.java:onTimeout(47)) - RetriableDatanodeCommand type=deleteBlocksCommand with id=1560464836870 timed out. Retrying.
2019-06-13 22:27:20,985 INFO  commands.RetriableDatanodeEventWatcher (RetriableDatanodeEventWatcher.java:onTimeout(47)) - RetriableDatanodeCommand type=deleteBlocksCommand with id=1560464836880 timed out. Retrying.
2019-06-13 22:27:20,996 INFO  commands.RetriableDatanodeEventWatcher (RetriableDatanodeEventWatcher.java:onTimeout(47)) - RetriableDatanodeCommand type=deleteBlocksCommand with id=1560464836890 timed out. Retrying.
2019-06-13 22:27:21,009 DEBUG block.SCMBlockDeletingService (SCMBlockDeletingService.java:call(138)) - Running DeletedBlockTransactionScanner
2019-06-13 22:27:21,010 DEBUG block.SCMBlockDeletingService (SCMBlockDeletingService.java:call(155)) - Scanned deleted blocks log and got 3 delTX to process.
2019-06-13 22:27:21,010 DEBUG block.SCMBlockDeletingService (SCMBlockDeletingService.java:call(171)) - Added delete block command for datanode d5132e6f-def8-45c0-b0d2-c5ba43d86628 in the queue, number of delete block transactions: 3, TxID list: 1,2,3
2019-06-13 22:27:21,010 INFO  block.SCMBlockDeletingService (SCMBlockDeletingService.java:call(182)) - Totally added 3 delete blocks command for 1 datanodes, task elapsed time: 1ms
2019-06-13 22:27:21,064 INFO  commands.RetriableDatanodeEventWatcher (RetriableDatanodeEventWatcher.java:onTimeout(47)) - RetriableDatanodeCommand type=deleteBlocksCommand with id=1560464836861 timed out. Retrying.
2019-06-13 22:27:21,075 INFO  commands.RetriableDatanodeEventWatcher (RetriableDatanodeEventWatcher.java:onTimeout(47)) - RetriableDatanodeCommand type=deleteBlocksCommand with id=1560464836871 timed out. Retrying.
2019-06-13 22:27:21,086 INFO  commands.RetriableDatanodeEventWatcher (RetriableDatanodeEventWatcher.java:onTimeout(47)) - RetriableDatanodeCommand type=deleteBlocksCommand with id=1560464836881 timed out. Retrying.
2019-06-13 22:27:21,098 INFO  commands.RetriableDatanodeEventWatcher (RetriableDatanodeEventWatcher.java:onTimeout(47)) - RetriableDatanodeCommand type=deleteBlocksCommand with id=1560464836891 timed out. Retrying.
2019-06-13 22:27:21,111 DEBUG block.SCMBlockDeletingService (SCMBlockDeletingService.java:call(138)) - Running DeletedBlockTransactionScanner
2019-06-13 22:27:21,111 DEBUG block.SCMBlockDeletingService (SCMBlockDeletingService.java:call(155)) - Scanned deleted blocks log and got 3 delTX to process.
2019-06-13 22:27:21,111 DEBUG block.SCMBlockDeletingService (SCMBlockDeletingService.java:call(171)) - Added delete block command for datanode d5132e6f-def8-45c0-b0d2-c5ba43d86628 in the queue, number of delete block transactions: 3, TxID list: 1,2,3
2019-06-13 22:27:21,112 INFO  block.SCMBlockDeletingService (SCMBlockDeletingService.java:call(182)) - Totally added 3 delete blocks command for 1 datanodes, task elapsed time: 1ms
2019-06-13 22:27:21,167 INFO  commands.RetriableDatanodeEventWatcher (RetriableDatanodeEventWatcher.java:onTimeout(47)) - RetriableDatanodeCommand type=deleteBlocksCommand with id=1560464836862 timed out. Retrying.
2019-06-13 22:27:21,177 INFO  commands.RetriableDatanodeEventWatcher (RetriableDatanodeEventWatcher.java:onTimeout(47)) - RetriableDatanodeCommand type=deleteBlocksCommand with id=1560464836872 timed out. Retrying.
2019-06-13 22:27:21,198 INFO  commands.RetriableDatanodeEventWatcher (RetriableDatanodeEventWatcher.java:onTimeout(47)) - RetriableDatanodeCommand type=deleteBlocksCommand with id=1560464836882 timed out. Retrying.
2019-06-13 22:27:21,202 INFO  commands.RetriableDatanodeEventWatcher (RetriableDatanodeEventWatcher.java:onTimeout(47)) - RetriableDatanodeCommand type=deleteBlocksCommand with id=1560464836892 timed out. Retrying.
2019-06-13 22:27:21,212 DEBUG block.SCMBlockDeletingService (SCMBlockDeletingService.java:call(138)) - Running DeletedBlockTransactionScanner
2019-06-13 22:27:21,213 DEBUG block.SCMBlockDeletingService (SCMBlockDeletingService.java:call(155)) - Scanned deleted blocks log and got 3 delTX to process.
2019-06-13 22:27:21,213 DEBUG block.SCMBlockDeletingService (SCMBlockDeletingService.java:call(171)) - Added delete block command for datanode d5132e6f-def8-45c0-b0d2-c5ba43d86628 in the queue, number of delete block transactions: 3, TxID list: 1,2,3
2019-06-13 22:27:21,213 INFO  block.SCMBlockDeletingService (SCMBlockDeletingService.java:call(182)) - Totally added 3 delete blocks command for 1 datanodes, task elapsed time: 0ms
2019-06-13 22:27:21,270 INFO  commands.RetriableDatanodeEventWatcher (RetriableDatanodeEventWatcher.java:onTimeout(47)) - RetriableDatanodeCommand type=deleteBlocksCommand with id=1560464836863 timed out. Retrying.
2019-06-13 22:27:21,278 INFO  commands.RetriableDatanodeEventWatcher (RetriableDatanodeEventWatcher.java:onTimeout(47)) - RetriableDatanodeCommand type=deleteBlocksCommand with id=1560464836873 timed out. Retrying.
2019-06-13 22:27:21,291 INFO  commands.RetriableDatanodeEventWatcher (RetriableDatanodeEventWatcher.java:onTimeout(47)) - RetriableDatanodeCommand type=deleteBlocksCommand with id=1560464836883 timed out. Retrying.
2019-06-13 22:27:21,294 INFO  ozone.MiniOzoneClusterImpl (MiniOzoneClusterImpl.java:lambda$waitForClusterToBeReady$0(142)) - Waiting for cluster to be ready. Got 0 of 1 DN Heartbeats.
2019-06-13 22:27:21,306 INFO  commands.RetriableDatanodeEventWatcher (RetriableDatanodeEventWatcher.java:onTimeout(47)) - RetriableDatanodeCommand type=deleteBlocksCommand with id=1560464836893 timed out. Retrying.
2019-06-13 22:27:21,314 DEBUG block.SCMBlockDeletingService (SCMBlockDeletingService.java:call(138)) - Running DeletedBlockTransactionScanner
2019-06-13 22:27:21,314 DEBUG block.SCMBlockDeletingService (SCMBlockDeletingService.java:call(155)) - Scanned deleted blocks log and got 3 delTX to process.
2019-06-13 22:27:21,315 DEBUG block.SCMBlockDeletingService (SCMBlockDeletingService.java:call(171)) - Added delete block command for datanode d5132e6f-def8-45c0-b0d2-c5ba43d86628 in the queue, number of delete block transactions: 3, TxID list: 1,2,3
2019-06-13 22:27:21,315 INFO  block.SCMBlockDeletingService (SCMBlockDeletingService.java:call(182)) - Totally added 3 delete blocks command for 1 datanodes, task elapsed time: 1ms
2019-06-13 22:27:21,367 INFO  commands.RetriableDatanodeEventWatcher (RetriableDatanodeEventWatcher.java:onTimeout(47)) - RetriableDatanodeCommand type=deleteBlocksCommand with id=1560464836864 timed out. Retrying.
2019-06-13 22:27:21,379 INFO  commands.RetriableDatanodeEventWatcher (RetriableDatanodeEventWatcher.java:onTimeout(47)) - RetriableDatanodeCommand type=deleteBlocksCommand with id=1560464836874 timed out. Retrying.
2019-06-13 22:27:21,389 INFO  commands.RetriableDatanodeEventWatcher (RetriableDatanodeEventWatcher.java:onTimeout(47)) - RetriableDatanodeCommand type=deleteBlocksCommand with id=1560464836884 timed out. Retrying.
2019-06-13 22:27:21,403 INFO  commands.RetriableDatanodeEventWatcher (RetriableDatanodeEventWatcher.java:onTimeout(47)) - RetriableDatanodeCommand type=deleteBlocksCommand with id=1560464836894 timed out. Retrying.
2019-06-13 22:27:21,415 DEBUG block.SCMBlockDeletingService (SCMBlockDeletingService.java:call(138)) - Running DeletedBlockTransactionScanner
2019-06-13 22:27:21,415 DEBUG block.SCMBlockDeletingService (SCMBlockDeletingService.java:call(155)) - Scanned deleted blocks log and got 3 delTX to process.
2019-06-13 22:27:21,416 DEBUG block.SCMBlockDeletingService (SCMBlockDeletingService.java:call(171)) - Added delete block command for datanode d5132e6f-def8-45c0-b0d2-c5ba43d86628 in the queue, number of delete block transactions: 3, TxID list: 1,2,3
2019-06-13 22:27:21,416 INFO  block.SCMBlockDeletingService (SCMBlockDeletingService.java:call(182)) - Totally added 3 delete blocks command for 1 datanodes, task elapsed time: 1ms
2019-06-13 22:27:21,470 INFO  commands.RetriableDatanodeEventWatcher (RetriableDatanodeEventWatcher.java:onTimeout(47)) - RetriableDatanodeCommand type=deleteBlocksCommand with id=1560464836865 timed out. Retrying.
2019-06-13 22:27:21,479 INFO  commands.RetriableDatanodeEventWatcher (RetriableDatanodeEventWatcher.java:onTimeout(47)) - RetriableDatanodeCommand type=deleteBlocksCommand with id=1560464836875 timed out. Retrying.
2019-06-13 22:27:21,490 INFO  commands.RetriableDatanodeEventWatcher (RetriableDatanodeEventWatcher.java:onTimeout(47)) - RetriableDatanodeCommand type=deleteBlocksCommand with id=1560464836885 timed out. Retrying.
2019-06-13 22:27:21,505 INFO  commands.RetriableDatanodeEventWatcher (RetriableDatanodeEventWatcher.java:onTimeout(47)) - RetriableDatanodeCommand type=deleteBlocksCommand with id=1560464836895 timed out. Retrying.
2019-06-13 22:27:21,516 DEBUG block.SCMBlockDeletingService (SCMBlockDeletingService.java:call(138)) - Running DeletedBlockTransactionScanner
2019-06-13 22:27:21,517 DEBUG block.SCMBlockDeletingService (SCMBlockDeletingService.java:call(155)) - Scanned deleted blocks log and got 3 delTX to process.
2019-06-13 22:27:21,517 DEBUG block.SCMBlockDeletingService (SCMBlockDeletingService.java:call(171)) - Added delete block command for datanode d5132e6f-def8-45c0-b0d2-c5ba43d86628 in the queue, number of delete block transactions: 3, TxID list: 1,2,3
2019-06-13 22:27:21,517 INFO  block.SCMBlockDeletingService (SCMBlockDeletingService.java:call(182)) - Totally added 3 delete blocks command for 1 datanodes, task elapsed time: 0ms
2019-06-13 22:27:21,570 INFO  commands.RetriableDatanodeEventWatcher (RetriableDatanodeEventWatcher.java:onTimeout(47)) - RetriableDatanodeCommand type=deleteBlocksCommand with id=1560464836866 timed out. Retrying.
2019-06-13 22:27:21,581 INFO  commands.RetriableDatanodeEventWatcher (RetriableDatanodeEventWatcher.java:onTimeout(47)) - RetriableDatanodeCommand type=deleteBlocksCommand with id=1560464836876 timed out. Retrying.
2019-06-13 22:27:21,591 INFO  commands.RetriableDatanodeEventWatcher (RetriableDatanodeEventWatcher.java:onTimeout(47)) - RetriableDatanodeCommand type=deleteBlocksCommand with id=1560464836886 timed out. Retrying.
2019-06-13 22:27:21,605 INFO  commands.RetriableDatanodeEventWatcher (RetriableDatanodeEventWatcher.java:onTimeout(47)) - RetriableDatanodeCommand type=deleteBlocksCommand with id=1560464836896 timed out. Retrying.
2019-06-13 22:27:21,617 DEBUG block.SCMBlockDeletingService (SCMBlockDeletingService.java:call(138)) - Running DeletedBlockTransactionScanner
2019-06-13 22:27:21,620 DEBUG block.SCMBlockDeletingService (SCMBlockDeletingService.java:call(155)) - Scanned deleted blocks log and got 3 delTX to process.
2019-06-13 22:27:21,620 DEBUG block.SCMBlockDeletingService (SCMBlockDeletingService.java:call(171)) - Added delete block command for datanode d5132e6f-def8-45c0-b0d2-c5ba43d86628 in the queue, number of delete block transactions: 3, TxID list: 1,2,3
2019-06-13 22:27:21,621 INFO  block.SCMBlockDeletingService (SCMBlockDeletingService.java:call(182)) - Totally added 3 delete blocks command for 1 datanodes, task elapsed time: 3ms
2019-06-13 22:27:21,673 INFO  commands.RetriableDatanodeEventWatcher (RetriableDatanodeEventWatcher.java:onTimeout(47)) - RetriableDatanodeCommand type=deleteBlocksCommand with id=1560464836867 timed out. Retrying.
2019-06-13 22:27:21,685 INFO  commands.RetriableDatanodeEventWatcher (RetriableDatanodeEventWatcher.java:onTimeout(47)) - RetriableDatanodeCommand type=deleteBlocksCommand with id=1560464836877 timed out. Retrying.
2019-06-13 22:27:21,693 INFO  commands.RetriableDatanodeEventWatcher (RetriableDatanodeEventWatcher.java:onTimeout(47)) - RetriableDatanodeCommand type=deleteBlocksCommand with id=1560464836887 timed out. Retrying.
2019-06-13 22:27:21,706 INFO  commands.RetriableDatanodeEventWatcher (RetriableDatanodeEventWatcher.java:onTimeout(47)) - RetriableDatanodeCommand type=deleteBlocksCommand with id=1560464836897 timed out. Retrying.
2019-06-13 22:27:21,721 DEBUG block.SCMBlockDeletingService (SCMBlockDeletingService.java:call(138)) - Running DeletedBlockTransactionScanner
2019-06-13 22:27:21,722 DEBUG block.SCMBlockDeletingService (SCMBlockDeletingService.java:call(155)) - Scanned deleted blocks log and got 3 delTX to process.
2019-06-13 22:27:21,722 DEBUG block.SCMBlockDeletingService (SCMBlockDeletingService.java:call(171)) - Added delete block command for datanode d5132e6f-def8-45c0-b0d2-c5ba43d86628 in the queue, number of delete block transactions: 3, TxID list: 1,2,3
2019-06-13 22:27:21,722 INFO  block.SCMBlockDeletingService (SCMBlockDeletingService.java:call(182)) - Totally added 3 delete blocks command for 1 datanodes, task elapsed time: 1ms
2019-06-13 22:27:21,772 INFO  commands.RetriableDatanodeEventWatcher (RetriableDatanodeEventWatcher.java:onTimeout(47)) - RetriableDatanodeCommand type=deleteBlocksCommand with id=1560464836868 timed out. Retrying.
2019-06-13 22:27:21,785 INFO  commands.RetriableDatanodeEventWatcher (RetriableDatanodeEventWatcher.java:onTimeout(47)) - RetriableDatanodeCommand type=deleteBlocksCommand with id=1560464836878 timed out. Retrying.
2019-06-13 22:27:21,794 INFO  commands.RetriableDatanodeEventWatcher (RetriableDatanodeEventWatcher.java:onTimeout(47)) - RetriableDatanodeCommand type=deleteBlocksCommand with id=1560464836888 timed out. Retrying.
2019-06-13 22:27:21,808 INFO  commands.RetriableDatanodeEventWatcher (RetriableDatanodeEventWatcher.java:onTimeout(47)) - RetriableDatanodeCommand type=deleteBlocksCommand with id=1560464836898 timed out. Retrying.
2019-06-13 22:27:21,822 DEBUG block.SCMBlockDeletingService (SCMBlockDeletingService.java:call(138)) - Running DeletedBlockTransactionScanner
2019-06-13 22:27:21,823 DEBUG block.SCMBlockDeletingService (SCMBlockDeletingService.java:call(155)) - Scanned deleted blocks log and got 3 delTX to process.
2019-06-13 22:27:21,823 DEBUG block.SCMBlockDeletingService (SCMBlockDeletingService.java:call(171)) - Added delete block command for datanode d5132e6f-def8-45c0-b0d2-c5ba43d86628 in the queue, number of delete block transactions: 3, TxID list: 1,2,3
2019-06-13 22:27:21,823 INFO  block.SCMBlockDeletingService (SCMBlockDeletingService.java:call(182)) - Totally added 3 delete blocks command for 1 datanodes, task elapsed time: 0ms
2019-06-13 22:27:21,863 INFO  commands.RetriableDatanodeEventWatcher (RetriableDatanodeEventWatcher.java:onTimeout(47)) - RetriableDatanodeCommand type=deleteBlocksCommand with id=1560464836859 timed out. Retrying.
2019-06-13 22:27:21,875 INFO  commands.RetriableDatanodeEventWatcher (RetriableDatanodeEventWatcher.java:onTimeout(47)) - RetriableDatanodeCommand type=deleteBlocksCommand with id=1560464836869 timed out. Retrying.
2019-06-13 22:27:21,884 INFO  commands.RetriableDatanodeEventWatcher (RetriableDatanodeEventWatcher.java:onTimeout(47)) - RetriableDatanodeCommand type=deleteBlocksCommand with id=1560464836879 timed out. Retrying.
2019-06-13 22:27:21,896 INFO  commands.RetriableDatanodeEventWatcher (RetriableDatanodeEventWatcher.java:onTimeout(47)) - RetriableDatanodeCommand type=deleteBlocksCommand with id=1560464836889 timed out. Retrying.
2019-06-13 22:27:21,909 INFO  commands.RetriableDatanodeEventWatcher (RetriableDatanodeEventWatcher.java:onTimeout(47)) - RetriableDatanodeCommand type=deleteBlocksCommand with id=1560464836899 timed out. Retrying.
2019-06-13 22:27:21,923 DEBUG block.SCMBlockDeletingService (SCMBlockDeletingService.java:call(138)) - Running DeletedBlockTransactionScanner
2019-06-13 22:27:21,924 DEBUG block.SCMBlockDeletingService (SCMBlockDeletingService.java:call(155)) - Scanned deleted blocks log and got 3 delTX to process.
2019-06-13 22:27:21,924 DEBUG block.SCMBlockDeletingService (SCMBlockDeletingService.java:call(171)) - Added delete block command for datanode d5132e6f-def8-45c0-b0d2-c5ba43d86628 in the queue, number of delete block transactions: 3, TxID list: 1,2,3
2019-06-13 22:27:21,924 INFO  block.SCMBlockDeletingService (SCMBlockDeletingService.java:call(182)) - Totally added 3 delete blocks command for 1 datanodes, task elapsed time: 0ms
2019-06-13 22:27:21,962 INFO  commands.RetriableDatanodeEventWatcher (RetriableDatanodeEventWatcher.java:onTimeout(47)) - RetriableDatanodeCommand type=deleteBlocksCommand with id=1560464836860 timed out. Retrying.
2019-06-13 22:27:21,975 INFO  commands.RetriableDatanodeEventWatcher (RetriableDatanodeEventWatcher.java:onTimeout(47)) - RetriableDatanodeCommand type=deleteBlocksCommand with id=1560464836870 timed out. Retrying.
2019-06-13 22:27:21,986 INFO  commands.RetriableDatanodeEventWatcher (RetriableDatanodeEventWatcher.java:onTimeout(47)) - RetriableDatanodeCommand type=deleteBlocksCommand with id=1560464836880 timed out. Retrying.
2019-06-13 22:27:21,998 INFO  commands.RetriableDatanodeEventWatcher (RetriableDatanodeEventWatcher.java:onTimeout(47)) - RetriableDatanodeCommand type=deleteBlocksCommand with id=1560464836890 timed out. Retrying.
2019-06-13 22:27:22,010 INFO  commands.RetriableDatanodeEventWatcher (RetriableDatanodeEventWatcher.java:onTimeout(47)) - RetriableDatanodeCommand type=deleteBlocksCommand with id=1560464836900 timed out. Retrying.
2019-06-13 22:27:22,024 DEBUG block.SCMBlockDeletingService (SCMBlockDeletingService.java:call(138)) - Running DeletedBlockTransactionScanner
2019-06-13 22:27:22,025 DEBUG block.SCMBlockDeletingService (SCMBlockDeletingService.java:call(155)) - Scanned deleted blocks log and got 3 delTX to process.
2019-06-13 22:27:22,025 DEBUG block.SCMBlockDeletingService (SCMBlockDeletingService.java:call(171)) - Added delete block command for datanode d5132e6f-def8-45c0-b0d2-c5ba43d86628 in the queue, number of delete block transactions: 3, TxID list: 1,2,3
2019-06-13 22:27:22,025 INFO  block.SCMBlockDeletingService (SCMBlockDeletingService.java:call(182)) - Totally added 3 delete blocks command for 1 datanodes, task elapsed time: 1ms
2019-06-13 22:27:22,064 INFO  commands.RetriableDatanodeEventWatcher (RetriableDatanodeEventWatcher.java:onTimeout(47)) - RetriableDatanodeCommand type=deleteBlocksCommand with id=1560464836861 timed out. Retrying.
2019-06-13 22:27:22,078 INFO  commands.RetriableDatanodeEventWatcher (RetriableDatanodeEventWatcher.java:onTimeout(47)) - RetriableDatanodeCommand type=deleteBlocksCommand with id=1560464836871 timed out. Retrying.
2019-06-13 22:27:22,086 INFO  commands.RetriableDatanodeEventWatcher (RetriableDatanodeEventWatcher.java:onTimeout(47)) - RetriableDatanodeCommand type=deleteBlocksCommand with id=1560464836881 timed out. Retrying.
2019-06-13 22:27:22,099 INFO  commands.RetriableDatanodeEventWatcher (RetriableDatanodeEventWatcher.java:onTimeout(47)) - RetriableDatanodeCommand type=deleteBlocksCommand with id=1560464836891 timed out. Retrying.
2019-06-13 22:27:22,112 INFO  commands.RetriableDatanodeEventWatcher (RetriableDatanodeEventWatcher.java:onTimeout(47)) - RetriableDatanodeCommand type=deleteBlocksCommand with id=1560464836901 timed out. Retrying.
2019-06-13 22:27:22,126 DEBUG block.SCMBlockDeletingService (SCMBlockDeletingService.java:call(138)) - Running DeletedBlockTransactionScanner
2019-06-13 22:27:22,126 DEBUG block.SCMBlockDeletingService (SCMBlockDeletingService.java:call(155)) - Scanned deleted blocks log and got 3 delTX to process.
2019-06-13 22:27:22,126 DEBUG block.SCMBlockDeletingService (SCMBlockDeletingService.java:call(171)) - Added delete block command for datanode d5132e6f-def8-45c0-b0d2-c5ba43d86628 in the queue, number of delete block transactions: 3, TxID list: 1,2,3
2019-06-13 22:27:22,127 INFO  block.SCMBlockDeletingService (SCMBlockDeletingService.java:call(182)) - Totally added 3 delete blocks command for 1 datanodes, task elapsed time: 1ms
2019-06-13 22:27:22,168 INFO  commands.RetriableDatanodeEventWatcher (RetriableDatanodeEventWatcher.java:onTimeout(47)) - RetriableDatanodeCommand type=deleteBlocksCommand with id=1560464836862 timed out. Retrying.
2019-06-13 22:27:22,178 INFO  commands.RetriableDatanodeEventWatcher (RetriableDatanodeEventWatcher.java:onTimeout(47)) - RetriableDatanodeCommand type=deleteBlocksCommand with id=1560464836872 timed out. Retrying.
2019-06-13 22:27:22,197 INFO  commands.RetriableDatanodeEventWatcher (RetriableDatanodeEventWatcher.java:onTimeout(47)) - RetriableDatanodeCommand type=deleteBlocksCommand with id=1560464836882 timed out. Retrying.
2019-06-13 22:27:22,203 INFO  commands.RetriableDatanodeEventWatcher (RetriableDatanodeEventWatcher.java:onTimeout(47)) - RetriableDatanodeCommand type=deleteBlocksCommand with id=1560464836892 timed out. Retrying.
2019-06-13 22:27:22,212 INFO  commands.RetriableDatanodeEventWatcher (RetriableDatanodeEventWatcher.java:onTimeout(47)) - RetriableDatanodeCommand type=deleteBlocksCommand with id=1560464836902 timed out. Retrying.
2019-06-13 22:27:22,227 DEBUG block.SCMBlockDeletingService (SCMBlockDeletingService.java:call(138)) - Running DeletedBlockTransactionScanner
2019-06-13 22:27:22,227 DEBUG block.SCMBlockDeletingService (SCMBlockDeletingService.java:call(155)) - Scanned deleted blocks log and got 3 delTX to process.
2019-06-13 22:27:22,227 DEBUG block.SCMBlockDeletingService (SCMBlockDeletingService.java:call(171)) - Added delete block command for datanode d5132e6f-def8-45c0-b0d2-c5ba43d86628 in the queue, number of delete block transactions: 3, TxID list: 1,2,3
2019-06-13 22:27:22,228 INFO  block.SCMBlockDeletingService (SCMBlockDeletingService.java:call(182)) - Totally added 3 delete blocks command for 1 datanodes, task elapsed time: 1ms
2019-06-13 22:27:22,271 INFO  commands.RetriableDatanodeEventWatcher (RetriableDatanodeEventWatcher.java:onTimeout(47)) - RetriableDatanodeCommand type=deleteBlocksCommand with id=1560464836863 timed out. Retrying.
2019-06-13 22:27:22,279 INFO  commands.RetriableDatanodeEventWatcher (RetriableDatanodeEventWatcher.java:onTimeout(47)) - RetriableDatanodeCommand type=deleteBlocksCommand with id=1560464836873 timed out. Retrying.
2019-06-13 22:27:22,292 INFO  commands.RetriableDatanodeEventWatcher (RetriableDatanodeEventWatcher.java:onTimeout(47)) - RetriableDatanodeCommand type=deleteBlocksCommand with id=1560464836883 timed out. Retrying.
2019-06-13 22:27:22,294 INFO  ozone.MiniOzoneClusterImpl (MiniOzoneClusterImpl.java:lambda$waitForClusterToBeReady$0(142)) - Waiting for cluster to be ready. Got 0 of 1 DN Heartbeats.
2019-06-13 22:27:22,295 INFO  ozoneimpl.OzoneContainer (OzoneContainer.java:start(186)) - Attempting to start container services.
2019-06-13 22:27:22,296 INFO  ozoneimpl.OzoneContainer (OzoneContainer.java:startContainerScrub(160)) - Background container scrubber has been disabled by hdds.containerscrub.enabled
2019-06-13 22:27:22,297 INFO  ratis.XceiverServerRatis (XceiverServerRatis.java:start(418)) - Starting XceiverServerRatis d5132e6f-def8-45c0-b0d2-c5ba43d86628 at port 33565
2019-06-13 22:27:22,301 INFO  impl.RaftServerImpl (RaftServerImpl.java:start(173)) - d5132e6f-def8-45c0-b0d2-c5ba43d86628: start group-C29775A8E805
2019-06-13 22:27:22,302 INFO  impl.RaftServerImpl (RaftServerImpl.java:setRole(164)) - d5132e6f-def8-45c0-b0d2-c5ba43d86628:group-C29775A8E805 changes role from null to FOLLOWER at term 1 for startAsFollower
2019-06-13 22:27:22,302 INFO  impl.RoleInfo (RoleInfo.java:updateAndGet(143)) - d5132e6f-def8-45c0-b0d2-c5ba43d86628: start FollowerState
2019-06-13 22:27:22,302 INFO  util.JmxRegister (JmxRegister.java:tryRegister(44)) - Successfully registered JMX Bean with object name Ratis:service=RaftServer,group=group-C29775A8E805,id=d5132e6f-def8-45c0-b0d2-c5ba43d86628
2019-06-13 22:27:22,303 INFO  impl.RaftServerProxy (RaftServerProxy.java:lambda$start$3(299)) - d5132e6f-def8-45c0-b0d2-c5ba43d86628: start RPC server
2019-06-13 22:27:22,306 INFO  server.GrpcService (GrpcService.java:startImpl(148)) - d5132e6f-def8-45c0-b0d2-c5ba43d86628: GrpcService started, listening on 0.0.0.0/0.0.0.0:33565
2019-06-13 22:27:22,307 INFO  commands.RetriableDatanodeEventWatcher (RetriableDatanodeEventWatcher.java:onTimeout(47)) - RetriableDatanodeCommand type=deleteBlocksCommand with id=1560464836893 timed out. Retrying.
2019-06-13 22:27:22,315 INFO  commands.RetriableDatanodeEventWatcher (RetriableDatanodeEventWatcher.java:onTimeout(47)) - RetriableDatanodeCommand type=deleteBlocksCommand with id=1560464836903 timed out. Retrying.
2019-06-13 22:27:22,328 DEBUG block.SCMBlockDeletingService (SCMBlockDeletingService.java:call(138)) - Running DeletedBlockTransactionScanner
2019-06-13 22:27:22,328 DEBUG block.SCMBlockDeletingService (SCMBlockDeletingService.java:call(155)) - Scanned deleted blocks log and got 3 delTX to process.
2019-06-13 22:27:22,328 DEBUG block.SCMBlockDeletingService (SCMBlockDeletingService.java:call(171)) - Added delete block command for datanode d5132e6f-def8-45c0-b0d2-c5ba43d86628 in the queue, number of delete block transactions: 3, TxID list: 1,2,3
2019-06-13 22:27:22,328 INFO  block.SCMBlockDeletingService (SCMBlockDeletingService.java:call(182)) - Totally added 3 delete blocks command for 1 datanodes, task elapsed time: 1ms
2019-06-13 22:27:22,366 INFO  commands.RetriableDatanodeEventWatcher (RetriableDatanodeEventWatcher.java:onTimeout(47)) - RetriableDatanodeCommand type=deleteBlocksCommand with id=1560464836864 timed out. Retrying.
2019-06-13 22:27:22,380 INFO  commands.RetriableDatanodeEventWatcher (RetriableDatanodeEventWatcher.java:onTimeout(47)) - RetriableDatanodeCommand type=deleteBlocksCommand with id=1560464836874 timed out. Retrying.
2019-06-13 22:27:22,389 INFO  commands.RetriableDatanodeEventWatcher (RetriableDatanodeEventWatcher.java:onTimeout(47)) - RetriableDatanodeCommand type=deleteBlocksCommand with id=1560464836884 timed out. Retrying.
2019-06-13 22:27:22,404 INFO  commands.RetriableDatanodeEventWatcher (RetriableDatanodeEventWatcher.java:onTimeout(47)) - RetriableDatanodeCommand type=deleteBlocksCommand with id=1560464836894 timed out. Retrying.
2019-06-13 22:27:22,416 INFO  commands.RetriableDatanodeEventWatcher (RetriableDatanodeEventWatcher.java:onTimeout(47)) - RetriableDatanodeCommand type=deleteBlocksCommand with id=1560464836904 timed out. Retrying.
2019-06-13 22:27:22,429 DEBUG block.SCMBlockDeletingService (SCMBlockDeletingService.java:call(138)) - Running DeletedBlockTransactionScanner
2019-06-13 22:27:22,429 DEBUG block.SCMBlockDeletingService (SCMBlockDeletingService.java:call(155)) - Scanned deleted blocks log and got 3 delTX to process.
2019-06-13 22:27:22,429 DEBUG block.SCMBlockDeletingService (SCMBlockDeletingService.java:call(171)) - Added delete block command for datanode d5132e6f-def8-45c0-b0d2-c5ba43d86628 in the queue, number of delete block transactions: 3, TxID list: 1,2,3
2019-06-13 22:27:22,429 INFO  block.SCMBlockDeletingService (SCMBlockDeletingService.java:call(182)) - Totally added 3 delete blocks command for 1 datanodes, task elapsed time: 1ms
2019-06-13 22:27:22,470 INFO  commands.RetriableDatanodeEventWatcher (RetriableDatanodeEventWatcher.java:onTimeout(47)) - RetriableDatanodeCommand type=deleteBlocksCommand with id=1560464836865 timed out. Retrying.
2019-06-13 22:27:22,480 INFO  commands.RetriableDatanodeEventWatcher (RetriableDatanodeEventWatcher.java:onTimeout(47)) - RetriableDatanodeCommand type=deleteBlocksCommand with id=1560464836875 timed out. Retrying.
2019-06-13 22:27:22,490 INFO  commands.RetriableDatanodeEventWatcher (RetriableDatanodeEventWatcher.java:onTimeout(47)) - RetriableDatanodeCommand type=deleteBlocksCommand with id=1560464836885 timed out. Retrying.
2019-06-13 22:27:22,506 INFO  commands.RetriableDatanodeEventWatcher (RetriableDatanodeEventWatcher.java:onTimeout(47)) - RetriableDatanodeCommand type=deleteBlocksCommand with id=1560464836895 timed out. Retrying.
2019-06-13 22:27:22,517 INFO  commands.RetriableDatanodeEventWatcher (RetriableDatanodeEventWatcher.java:onTimeout(47)) - RetriableDatanodeCommand type=deleteBlocksCommand with id=1560464836905 timed out. Retrying.
2019-06-13 22:27:22,529 DEBUG block.SCMBlockDeletingService (SCMBlockDeletingService.java:call(138)) - Running DeletedBlockTransactionScanner
2019-06-13 22:27:22,530 DEBUG block.SCMBlockDeletingService (SCMBlockDeletingService.java:call(155)) - Scanned deleted blocks log and got 3 delTX to process.
2019-06-13 22:27:22,530 DEBUG block.SCMBlockDeletingService (SCMBlockDeletingService.java:call(171)) - Added delete block command for datanode d5132e6f-def8-45c0-b0d2-c5ba43d86628 in the queue, number of delete block transactions: 3, TxID list: 1,2,3
2019-06-13 22:27:22,530 INFO  block.SCMBlockDeletingService (SCMBlockDeletingService.java:call(182)) - Totally added 3 delete blocks command for 1 datanodes, task elapsed time: 1ms
2019-06-13 22:27:22,571 INFO  commands.RetriableDatanodeEventWatcher (RetriableDatanodeEventWatcher.java:onTimeout(47)) - RetriableDatanodeCommand type=deleteBlocksCommand with id=1560464836866 timed out. Retrying.
2019-06-13 22:27:22,581 INFO  commands.RetriableDatanodeEventWatcher (RetriableDatanodeEventWatcher.java:onTimeout(47)) - RetriableDatanodeCommand type=deleteBlocksCommand with id=1560464836876 timed out. Retrying.
2019-06-13 22:27:22,592 INFO  commands.RetriableDatanodeEventWatcher (RetriableDatanodeEventWatcher.java:onTimeout(47)) - RetriableDatanodeCommand type=deleteBlocksCommand with id=1560464836886 timed out. Retrying.
2019-06-13 22:27:22,606 INFO  commands.RetriableDatanodeEventWatcher (RetriableDatanodeEventWatcher.java:onTimeout(47)) - RetriableDatanodeCommand type=deleteBlocksCommand with id=1560464836896 timed out. Retrying.
2019-06-13 22:27:22,621 INFO  commands.RetriableDatanodeEventWatcher (RetriableDatanodeEventWatcher.java:onTimeout(47)) - RetriableDatanodeCommand type=deleteBlocksCommand with id=1560464836906 timed out. Retrying.
2019-06-13 22:27:22,630 DEBUG block.SCMBlockDeletingService (SCMBlockDeletingService.java:call(138)) - Running DeletedBlockTransactionScanner
2019-06-13 22:27:22,631 DEBUG block.SCMBlockDeletingService (SCMBlockDeletingService.java:call(155)) - Scanned deleted blocks log and got 3 delTX to process.
2019-06-13 22:27:22,631 DEBUG block.SCMBlockDeletingService (SCMBlockDeletingService.java:call(171)) - Added delete block command for datanode d5132e6f-def8-45c0-b0d2-c5ba43d86628 in the queue, number of delete block transactions: 3, TxID list: 1,2,3
2019-06-13 22:27:22,631 INFO  block.SCMBlockDeletingService (SCMBlockDeletingService.java:call(182)) - Totally added 3 delete blocks command for 1 datanodes, task elapsed time: 1ms
2019-06-13 22:27:22,673 INFO  commands.RetriableDatanodeEventWatcher (RetriableDatanodeEventWatcher.java:onTimeout(47)) - RetriableDatanodeCommand type=deleteBlocksCommand with id=1560464836867 timed out. Retrying.
2019-06-13 22:27:22,686 INFO  commands.RetriableDatanodeEventWatcher (RetriableDatanodeEventWatcher.java:onTimeout(47)) - RetriableDatanodeCommand type=deleteBlocksCommand with id=1560464836877 timed out. Retrying.
2019-06-13 22:27:22,693 INFO  commands.RetriableDatanodeEventWatcher (RetriableDatanodeEventWatcher.java:onTimeout(47)) - RetriableDatanodeCommand type=deleteBlocksCommand with id=1560464836887 timed out. Retrying.
2019-06-13 22:27:22,707 INFO  commands.RetriableDatanodeEventWatcher (RetriableDatanodeEventWatcher.java:onTimeout(47)) - RetriableDatanodeCommand type=deleteBlocksCommand with id=1560464836897 timed out. Retrying.
2019-06-13 22:27:22,722 INFO  commands.RetriableDatanodeEventWatcher (RetriableDatanodeEventWatcher.java:onTimeout(47)) - RetriableDatanodeCommand type=deleteBlocksCommand with id=1560464836907 timed out. Retrying.
2019-06-13 22:27:22,732 DEBUG block.SCMBlockDeletingService (SCMBlockDeletingService.java:call(138)) - Running DeletedBlockTransactionScanner
2019-06-13 22:27:22,732 DEBUG block.SCMBlockDeletingService (SCMBlockDeletingService.java:call(155)) - Scanned deleted blocks log and got 3 delTX to process.
2019-06-13 22:27:22,732 DEBUG block.SCMBlockDeletingService (SCMBlockDeletingService.java:call(171)) - Added delete block command for datanode d5132e6f-def8-45c0-b0d2-c5ba43d86628 in the queue, number of delete block transactions: 3, TxID list: 1,2,3
2019-06-13 22:27:22,732 INFO  block.SCMBlockDeletingService (SCMBlockDeletingService.java:call(182)) - Totally added 3 delete blocks command for 1 datanodes, task elapsed time: 1ms
2019-06-13 22:27:22,773 INFO  commands.RetriableDatanodeEventWatcher (RetriableDatanodeEventWatcher.java:onTimeout(47)) - RetriableDatanodeCommand type=deleteBlocksCommand with id=1560464836868 timed out. Retrying.
2019-06-13 22:27:22,785 INFO  commands.RetriableDatanodeEventWatcher (RetriableDatanodeEventWatcher.java:onTimeout(47)) - RetriableDatanodeCommand type=deleteBlocksCommand with id=1560464836878 timed out. Retrying.
2019-06-13 22:27:22,795 INFO  commands.RetriableDatanodeEventWatcher (RetriableDatanodeEventWatcher.java:onTimeout(47)) - RetriableDatanodeCommand type=deleteBlocksCommand with id=1560464836888 timed out. Retrying.
2019-06-13 22:27:22,809 INFO  commands.RetriableDatanodeEventWatcher (RetriableDatanodeEventWatcher.java:onTimeout(47)) - RetriableDatanodeCommand type=deleteBlocksCommand with id=1560464836898 timed out. Retrying.
2019-06-13 22:27:22,824 INFO  commands.RetriableDatanodeEventWatcher (RetriableDatanodeEventWatcher.java:onTimeout(47)) - RetriableDatanodeCommand type=deleteBlocksCommand with id=1560464836908 timed out. Retrying.
2019-06-13 22:27:22,833 DEBUG block.SCMBlockDeletingService (SCMBlockDeletingService.java:call(138)) - Running DeletedBlockTransactionScanner
2019-06-13 22:27:22,833 DEBUG block.SCMBlockDeletingService (SCMBlockDeletingService.java:call(155)) - Scanned deleted blocks log and got 3 delTX to process.
2019-06-13 22:27:22,833 DEBUG block.SCMBlockDeletingService (SCMBlockDeletingService.java:call(171)) - Added delete block command for datanode d5132e6f-def8-45c0-b0d2-c5ba43d86628 in the queue, number of delete block transactions: 3, TxID list: 1,2,3
2019-06-13 22:27:22,834 INFO  block.SCMBlockDeletingService (SCMBlockDeletingService.java:call(182)) - Totally added 3 delete blocks command for 1 datanodes, task elapsed time: 1ms
2019-06-13 22:27:22,864 INFO  commands.RetriableDatanodeEventWatcher (RetriableDatanodeEventWatcher.java:onTimeout(47)) - RetriableDatanodeCommand type=deleteBlocksCommand with id=1560464836859 timed out. Retrying.
2019-06-13 22:27:22,875 INFO  commands.RetriableDatanodeEventWatcher (RetriableDatanodeEventWatcher.java:onTimeout(47)) - RetriableDatanodeCommand type=deleteBlocksCommand with id=1560464836869 timed out. Retrying.
2019-06-13 22:27:22,885 INFO  commands.RetriableDatanodeEventWatcher (RetriableDatanodeEventWatcher.java:onTimeout(47)) - RetriableDatanodeCommand type=deleteBlocksCommand with id=1560464836879 timed out. Retrying.
2019-06-13 22:27:22,896 INFO  commands.RetriableDatanodeEventWatcher (RetriableDatanodeEventWatcher.java:onTimeout(47)) - RetriableDatanodeCommand type=deleteBlocksCommand with id=1560464836889 timed out. Retrying.
2019-06-13 22:27:22,910 INFO  commands.RetriableDatanodeEventWatcher (RetriableDatanodeEventWatcher.java:onTimeout(47)) - RetriableDatanodeCommand type=deleteBlocksCommand with id=1560464836899 timed out. Retrying.
2019-06-13 22:27:22,924 INFO  commands.RetriableDatanodeEventWatcher (RetriableDatanodeEventWatcher.java:onTimeout(47)) - RetriableDatanodeCommand type=deleteBlocksCommand with id=1560464836909 timed out. Retrying.
2019-06-13 22:27:22,934 DEBUG block.SCMBlockDeletingService (SCMBlockDeletingService.java:call(138)) - Running DeletedBlockTransactionScanner
2019-06-13 22:27:22,934 DEBUG block.SCMBlockDeletingService (SCMBlockDeletingService.java:call(155)) - Scanned deleted blocks log and got 3 delTX to process.
2019-06-13 22:27:22,935 DEBUG block.SCMBlockDeletingService (SCMBlockDeletingService.java:call(171)) - Added delete block command for datanode d5132e6f-def8-45c0-b0d2-c5ba43d86628 in the queue, number of delete block transactions: 3, TxID list: 1,2,3
2019-06-13 22:27:22,935 INFO  block.SCMBlockDeletingService (SCMBlockDeletingService.java:call(182)) - Totally added 3 delete blocks command for 1 datanodes, task elapsed time: 1ms
2019-06-13 22:27:22,963 INFO  commands.RetriableDatanodeEventWatcher (RetriableDatanodeEventWatcher.java:onTimeout(47)) - RetriableDatanodeCommand type=deleteBlocksCommand with id=1560464836860 timed out. Retrying.
2019-06-13 22:27:22,976 INFO  commands.RetriableDatanodeEventWatcher (RetriableDatanodeEventWatcher.java:onTimeout(47)) - RetriableDatanodeCommand type=deleteBlocksCommand with id=1560464836870 timed out. Retrying.
2019-06-13 22:27:22,986 INFO  commands.RetriableDatanodeEventWatcher (RetriableDatanodeEventWatcher.java:onTimeout(47)) - RetriableDatanodeCommand type=deleteBlocksCommand with id=1560464836880 timed out. Retrying.
2019-06-13 22:27:23,000 INFO  commands.RetriableDatanodeEventWatcher (RetriableDatanodeEventWatcher.java:onTimeout(47)) - RetriableDatanodeCommand type=deleteBlocksCommand with id=1560464836890 timed out. Retrying.
2019-06-13 22:27:23,010 INFO  commands.RetriableDatanodeEventWatcher (RetriableDatanodeEventWatcher.java:onTimeout(47)) - RetriableDatanodeCommand type=deleteBlocksCommand with id=1560464836900 timed out. Retrying.
2019-06-13 22:27:23,026 INFO  commands.RetriableDatanodeEventWatcher (RetriableDatanodeEventWatcher.java:onTimeout(47)) - RetriableDatanodeCommand type=deleteBlocksCommand with id=1560464836910 timed out. Retrying.
2019-06-13 22:27:23,035 DEBUG block.SCMBlockDeletingService (SCMBlockDeletingService.java:call(138)) - Running DeletedBlockTransactionScanner
2019-06-13 22:27:23,035 DEBUG block.SCMBlockDeletingService (SCMBlockDeletingService.java:call(155)) - Scanned deleted blocks log and got 3 delTX to process.
2019-06-13 22:27:23,036 DEBUG block.SCMBlockDeletingService (SCMBlockDeletingService.java:call(171)) - Added delete block command for datanode d5132e6f-def8-45c0-b0d2-c5ba43d86628 in the queue, number of delete block transactions: 3, TxID list: 1,2,3
2019-06-13 22:27:23,036 INFO  block.SCMBlockDeletingService (SCMBlockDeletingService.java:call(182)) - Totally added 3 delete blocks command for 1 datanodes, task elapsed time: 1ms
2019-06-13 22:27:23,065 INFO  commands.RetriableDatanodeEventWatcher (RetriableDatanodeEventWatcher.java:onTimeout(47)) - RetriableDatanodeCommand type=deleteBlocksCommand with id=1560464836861 timed out. Retrying.
2019-06-13 22:27:23,078 INFO  commands.RetriableDatanodeEventWatcher (RetriableDatanodeEventWatcher.java:onTimeout(47)) - RetriableDatanodeCommand type=deleteBlocksCommand with id=1560464836871 timed out. Retrying.
2019-06-13 22:27:23,087 INFO  commands.RetriableDatanodeEventWatcher (RetriableDatanodeEventWatcher.java:onTimeout(47)) - RetriableDatanodeCommand type=deleteBlocksCommand with id=1560464836881 timed out. Retrying.
2019-06-13 22:27:23,098 INFO  commands.RetriableDatanodeEventWatcher (RetriableDatanodeEventWatcher.java:onTimeout(47)) - RetriableDatanodeCommand type=deleteBlocksCommand with id=1560464836891 timed out. Retrying.
2019-06-13 22:27:23,113 INFO  commands.RetriableDatanodeEventWatcher (RetriableDatanodeEventWatcher.java:onTimeout(47)) - RetriableDatanodeCommand type=deleteBlocksCommand with id=1560464836901 timed out. Retrying.
2019-06-13 22:27:23,127 INFO  commands.RetriableDatanodeEventWatcher (RetriableDatanodeEventWatcher.java:onTimeout(47)) - RetriableDatanodeCommand type=deleteBlocksCommand with id=1560464836911 timed out. Retrying.
2019-06-13 22:27:23,136 DEBUG block.SCMBlockDeletingService (SCMBlockDeletingService.java:call(138)) - Running DeletedBlockTransactionScanner
2019-06-13 22:27:23,137 DEBUG block.SCMBlockDeletingService (SCMBlockDeletingService.java:call(155)) - Scanned deleted blocks log and got 3 delTX to process.
2019-06-13 22:27:23,137 DEBUG block.SCMBlockDeletingService (SCMBlockDeletingService.java:call(171)) - Added delete block command for datanode d5132e6f-def8-45c0-b0d2-c5ba43d86628 in the queue, number of delete block transactions: 3, TxID list: 1,2,3
2019-06-13 22:27:23,137 INFO  block.SCMBlockDeletingService (SCMBlockDeletingService.java:call(182)) - Totally added 3 delete blocks command for 1 datanodes, task elapsed time: 1ms
2019-06-13 22:27:23,168 INFO  commands.RetriableDatanodeEventWatcher (RetriableDatanodeEventWatcher.java:onTimeout(47)) - RetriableDatanodeCommand type=deleteBlocksCommand with id=1560464836862 timed out. Retrying.
2019-06-13 22:27:23,181 INFO  commands.RetriableDatanodeEventWatcher (RetriableDatanodeEventWatcher.java:onTimeout(47)) - RetriableDatanodeCommand type=deleteBlocksCommand with id=1560464836872 timed out. Retrying.
2019-06-13 22:27:23,197 INFO  commands.RetriableDatanodeEventWatcher (RetriableDatanodeEventWatcher.java:onTimeout(47)) - RetriableDatanodeCommand type=deleteBlocksCommand with id=1560464836882 timed out. Retrying.
2019-06-13 22:27:23,204 INFO  commands.RetriableDatanodeEventWatcher (RetriableDatanodeEventWatcher.java:onTimeout(47)) - RetriableDatanodeCommand type=deleteBlocksCommand with id=1560464836892 timed out. Retrying.
2019-06-13 22:27:23,213 INFO  commands.RetriableDatanodeEventWatcher (RetriableDatanodeEventWatcher.java:onTimeout(47)) - RetriableDatanodeCommand type=deleteBlocksCommand with id=1560464836902 timed out. Retrying.
2019-06-13 22:27:23,228 INFO  commands.RetriableDatanodeEventWatcher (RetriableDatanodeEventWatcher.java:onTimeout(47)) - RetriableDatanodeCommand type=deleteBlocksCommand with id=1560464836912 timed out. Retrying.
2019-06-13 22:27:23,238 DEBUG block.SCMBlockDeletingService (SCMBlockDeletingService.java:call(138)) - Running DeletedBlockTransactionScanner
2019-06-13 22:27:23,238 DEBUG block.SCMBlockDeletingService (SCMBlockDeletingService.java:call(155)) - Scanned deleted blocks log and got 3 delTX to process.
2019-06-13 22:27:23,238 DEBUG block.SCMBlockDeletingService (SCMBlockDeletingService.java:call(171)) - Added delete block command for datanode d5132e6f-def8-45c0-b0d2-c5ba43d86628 in the queue, number of delete block transactions: 3, TxID list: 1,2,3
2019-06-13 22:27:23,238 INFO  block.SCMBlockDeletingService (SCMBlockDeletingService.java:call(182)) - Totally added 3 delete blocks command for 1 datanodes, task elapsed time: 1ms
2019-06-13 22:27:23,270 INFO  commands.RetriableDatanodeEventWatcher (RetriableDatanodeEventWatcher.java:onTimeout(47)) - RetriableDatanodeCommand type=deleteBlocksCommand with id=1560464836863 timed out. Retrying.
2019-06-13 22:27:23,279 INFO  commands.RetriableDatanodeEventWatcher (RetriableDatanodeEventWatcher.java:onTimeout(47)) - RetriableDatanodeCommand type=deleteBlocksCommand with id=1560464836873 timed out. Retrying.
2019-06-13 22:27:23,292 INFO  commands.RetriableDatanodeEventWatcher (RetriableDatanodeEventWatcher.java:onTimeout(47)) - RetriableDatanodeCommand type=deleteBlocksCommand with id=1560464836883 timed out. Retrying.
2019-06-13 22:27:23,294 INFO  ozone.MiniOzoneClusterImpl (MiniOzoneClusterImpl.java:lambda$waitForClusterToBeReady$0(142)) - Waiting for cluster to be ready. Got 0 of 1 DN Heartbeats.
2019-06-13 22:27:23,307 INFO  commands.RetriableDatanodeEventWatcher (RetriableDatanodeEventWatcher.java:onTimeout(47)) - RetriableDatanodeCommand type=deleteBlocksCommand with id=1560464836893 timed out. Retrying.
2019-06-13 22:27:23,315 INFO  commands.RetriableDatanodeEventWatcher (RetriableDatanodeEventWatcher.java:onTimeout(47)) - RetriableDatanodeCommand type=deleteBlocksCommand with id=1560464836903 timed out. Retrying.
2019-06-13 22:27:23,328 INFO  commands.RetriableDatanodeEventWatcher (RetriableDatanodeEventWatcher.java:onTimeout(47)) - RetriableDatanodeCommand type=deleteBlocksCommand with id=1560464836913 timed out. Retrying.
2019-06-13 22:27:23,339 DEBUG block.SCMBlockDeletingService (SCMBlockDeletingService.java:call(138)) - Running DeletedBlockTransactionScanner
2019-06-13 22:27:23,339 DEBUG block.SCMBlockDeletingService (SCMBlockDeletingService.java:call(155)) - Scanned deleted blocks log and got 3 delTX to process.
2019-06-13 22:27:23,339 DEBUG block.SCMBlockDeletingService (SCMBlockDeletingService.java:call(171)) - Added delete block command for datanode d5132e6f-def8-45c0-b0d2-c5ba43d86628 in the queue, number of delete block transactions: 3, TxID list: 1,2,3
2019-06-13 22:27:23,339 INFO  block.SCMBlockDeletingService (SCMBlockDeletingService.java:call(182)) - Totally added 3 delete blocks command for 1 datanodes, task elapsed time: 1ms
2019-06-13 22:27:23,347 INFO  impl.FollowerState (FollowerState.java:run(101)) - d5132e6f-def8-45c0-b0d2-c5ba43d86628:group-C29775A8E805 changes to CANDIDATE, lastRpcTime:1045, electionTimeout:1045ms
2019-06-13 22:27:23,347 INFO  impl.RoleInfo (RoleInfo.java:shutdownFollowerState(121)) - d5132e6f-def8-45c0-b0d2-c5ba43d86628: shutdown FollowerState
2019-06-13 22:27:23,348 INFO  impl.RaftServerImpl (RaftServerImpl.java:setRole(164)) - d5132e6f-def8-45c0-b0d2-c5ba43d86628:group-C29775A8E805 changes role from FOLLOWER to CANDIDATE at term 1 for changeToCandidate
2019-06-13 22:27:23,348 INFO  impl.RoleInfo (RoleInfo.java:updateAndGet(143)) - d5132e6f-def8-45c0-b0d2-c5ba43d86628: start LeaderElection
2019-06-13 22:27:23,360 INFO  impl.LeaderElection (LeaderElection.java:askForVotes(181)) - d5132e6f-def8-45c0-b0d2-c5ba43d86628:group-C29775A8E805:LeaderElection2: begin an election at term 2 for 0: [d5132e6f-def8-45c0-b0d2-c5ba43d86628:192.168.105.169:33565], old=null
2019-06-13 22:27:23,360 INFO  impl.RoleInfo (RoleInfo.java:shutdownLeaderElection(134)) - d5132e6f-def8-45c0-b0d2-c5ba43d86628: shutdown LeaderElection
2019-06-13 22:27:23,361 INFO  impl.RaftServerImpl (RaftServerImpl.java:setRole(164)) - d5132e6f-def8-45c0-b0d2-c5ba43d86628:group-C29775A8E805 changes role from CANDIDATE to LEADER at term 2 for changeToLeader
2019-06-13 22:27:23,361 INFO  impl.RaftServerImpl (ServerState.java:setLeader(263)) - d5132e6f-def8-45c0-b0d2-c5ba43d86628:group-C29775A8E805 change Leader from null to d5132e6f-def8-45c0-b0d2-c5ba43d86628 at term 2 for becomeLeader, leader elected after 3253ms
2019-06-13 22:27:23,361 INFO  server.RaftServerConfigKeys (ConfUtils.java:logGet(43)) - raft.server.staging.catchup.gap = 1000 (default)
2019-06-13 22:27:23,361 INFO  server.RaftServerConfigKeys (ConfUtils.java:logGet(43)) - raft.server.rpc.sleep.time = 25ms (default)
2019-06-13 22:27:23,361 INFO  server.RaftServerConfigKeys (ConfUtils.java:logGet(43)) - raft.server.watch.timeout = 10s (default)
2019-06-13 22:27:23,361 INFO  server.RaftServerConfigKeys (ConfUtils.java:logGet(43)) - raft.server.watch.timeout.denomination = 1s (default)
2019-06-13 22:27:23,361 INFO  impl.RoleInfo (RoleInfo.java:updateAndGet(143)) - d5132e6f-def8-45c0-b0d2-c5ba43d86628: start LeaderState
2019-06-13 22:27:23,362 INFO  storage.RaftLogWorker (RaftLogWorker.java:rollLogSegment(303)) - d5132e6f-def8-45c0-b0d2-c5ba43d86628-RaftLogWorker: Rolling segment log-7559_7595 to index:7595
2019-06-13 22:27:23,366 INFO  impl.RaftServerImpl (ServerState.java:setRaftConf(361)) - d5132e6f-def8-45c0-b0d2-c5ba43d86628:group-C29775A8E805 set configuration 7596: [d5132e6f-def8-45c0-b0d2-c5ba43d86628:192.168.105.169:33565], old=null at 7596
2019-06-13 22:27:23,367 INFO  storage.RaftLogWorker (RaftLogWorker.java:execute(433)) - d5132e6f-def8-45c0-b0d2-c5ba43d86628-RaftLogWorker: Rolled log segment from /opt/src/hadoop-ozone/integration-test/target/test-dir/MiniOzoneClusterImpl-e9ea07bb-4900-4b53-96c1-68f0ab556a80/datanode-0/data/ratis/c7035dd3-cd4a-42fb-880d-c29775a8e805/current/log_inprogress_7559 to /opt/src/hadoop-ozone/integration-test/target/test-dir/MiniOzoneClusterImpl-e9ea07bb-4900-4b53-96c1-68f0ab556a80/datanode-0/data/ratis/c7035dd3-cd4a-42fb-880d-c29775a8e805/current/log_7559-7595
2019-06-13 22:27:23,368 INFO  commands.RetriableDatanodeEventWatcher (RetriableDatanodeEventWatcher.java:onTimeout(47)) - RetriableDatanodeCommand type=deleteBlocksCommand with id=1560464836864 timed out. Retrying.
2019-06-13 22:27:23,380 INFO  commands.RetriableDatanodeEventWatcher (RetriableDatanodeEventWatcher.java:onTimeout(47)) - RetriableDatanodeCommand type=deleteBlocksCommand with id=1560464836874 timed out. Retrying.
2019-06-13 22:27:23,391 INFO  commands.RetriableDatanodeEventWatcher (RetriableDatanodeEventWatcher.java:onTimeout(47)) - RetriableDatanodeCommand type=deleteBlocksCommand with id=1560464836884 timed out. Retrying.
2019-06-13 22:27:23,404 INFO  commands.RetriableDatanodeEventWatcher (RetriableDatanodeEventWatcher.java:onTimeout(47)) - RetriableDatanodeCommand type=deleteBlocksCommand with id=1560464836894 timed out. Retrying.
2019-06-13 22:27:23,416 INFO  commands.RetriableDatanodeEventWatcher (RetriableDatanodeEventWatcher.java:onTimeout(47)) - RetriableDatanodeCommand type=deleteBlocksCommand with id=1560464836904 timed out. Retrying.
2019-06-13 22:27:23,429 INFO  commands.RetriableDatanodeEventWatcher (RetriableDatanodeEventWatcher.java:onTimeout(47)) - RetriableDatanodeCommand type=deleteBlocksCommand with id=1560464836914 timed out. Retrying.
2019-06-13 22:27:23,438 INFO  storage.RaftLogWorker (RaftLogWorker.java:execute(469)) - d5132e6f-def8-45c0-b0d2-c5ba43d86628-RaftLogWorker: created new log segment /opt/src/hadoop-ozone/integration-test/target/test-dir/MiniOzoneClusterImpl-e9ea07bb-4900-4b53-96c1-68f0ab556a80/datanode-0/data/ratis/c7035dd3-cd4a-42fb-880d-c29775a8e805/current/log_inprogress_7596
2019-06-13 22:27:23,440 DEBUG block.SCMBlockDeletingService (SCMBlockDeletingService.java:call(138)) - Running DeletedBlockTransactionScanner
2019-06-13 22:27:23,440 DEBUG block.SCMBlockDeletingService (SCMBlockDeletingService.java:call(155)) - Scanned deleted blocks log and got 3 delTX to process.
2019-06-13 22:27:23,440 DEBUG block.SCMBlockDeletingService (SCMBlockDeletingService.java:call(171)) - Added delete block command for datanode d5132e6f-def8-45c0-b0d2-c5ba43d86628 in the queue, number of delete block transactions: 3, TxID list: 1,2,3
2019-06-13 22:27:23,441 INFO  block.SCMBlockDeletingService (SCMBlockDeletingService.java:call(182)) - Totally added 3 delete blocks command for 1 datanodes, task elapsed time: 1ms
2019-06-13 22:27:23,470 INFO  commands.RetriableDatanodeEventWatcher (RetriableDatanodeEventWatcher.java:onTimeout(47)) - RetriableDatanodeCommand type=deleteBlocksCommand with id=1560464836865 timed out. Retrying.
2019-06-13 22:27:23,480 INFO  commands.RetriableDatanodeEventWatcher (RetriableDatanodeEventWatcher.java:onTimeout(47)) - RetriableDatanodeCommand type=deleteBlocksCommand with id=1560464836875 timed out. Retrying.
2019-06-13 22:27:23,489 INFO  commands.RetriableDatanodeEventWatcher (RetriableDatanodeEventWatcher.java:onTimeout(47)) - RetriableDatanodeCommand type=deleteBlocksCommand with id=1560464836885 timed out. Retrying.
2019-06-13 22:27:23,507 INFO  commands.RetriableDatanodeEventWatcher (RetriableDatanodeEventWatcher.java:onTimeout(47)) - RetriableDatanodeCommand type=deleteBlocksCommand with id=1560464836895 timed out. Retrying.
2019-06-13 22:27:23,517 INFO  commands.RetriableDatanodeEventWatcher (RetriableDatanodeEventWatcher.java:onTimeout(47)) - RetriableDatanodeCommand type=deleteBlocksCommand with id=1560464836905 timed out. Retrying.
2019-06-13 22:27:23,530 INFO  commands.RetriableDatanodeEventWatcher (RetriableDatanodeEventWatcher.java:onTimeout(47)) - RetriableDatanodeCommand type=deleteBlocksCommand with id=1560464836915 timed out. Retrying.
2019-06-13 22:27:23,541 DEBUG block.SCMBlockDeletingService (SCMBlockDeletingService.java:call(138)) - Running DeletedBlockTransactionScanner
2019-06-13 22:27:23,541 DEBUG block.SCMBlockDeletingService (SCMBlockDeletingService.java:call(155)) - Scanned deleted blocks log and got 3 delTX to process.
2019-06-13 22:27:23,541 DEBUG block.SCMBlockDeletingService (SCMBlockDeletingService.java:call(171)) - Added delete block command for datanode d5132e6f-def8-45c0-b0d2-c5ba43d86628 in the queue, number of delete block transactions: 3, TxID list: 1,2,3
2019-06-13 22:27:23,542 INFO  block.SCMBlockDeletingService (SCMBlockDeletingService.java:call(182)) - Totally added 3 delete blocks command for 1 datanodes, task elapsed time: 1ms
2019-06-13 22:27:23,572 INFO  commands.RetriableDatanodeEventWatcher (RetriableDatanodeEventWatcher.java:onTimeout(47)) - RetriableDatanodeCommand type=deleteBlocksCommand with id=1560464836866 timed out. Retrying.
2019-06-13 22:27:23,581 INFO  commands.RetriableDatanodeEventWatcher (RetriableDatanodeEventWatcher.java:onTimeout(47)) - RetriableDatanodeCommand type=deleteBlocksCommand with id=1560464836876 timed out. Retrying.
2019-06-13 22:27:23,593 INFO  commands.RetriableDatanodeEventWatcher (RetriableDatanodeEventWatcher.java:onTimeout(47)) - RetriableDatanodeCommand type=deleteBlocksCommand with id=1560464836886 timed out. Retrying.
2019-06-13 22:27:23,606 INFO  commands.RetriableDatanodeEventWatcher (RetriableDatanodeEventWatcher.java:onTimeout(47)) - RetriableDatanodeCommand type=deleteBlocksCommand with id=1560464836896 timed out. Retrying.
2019-06-13 22:27:23,621 INFO  commands.RetriableDatanodeEventWatcher (RetriableDatanodeEventWatcher.java:onTimeout(47)) - RetriableDatanodeCommand type=deleteBlocksCommand with id=1560464836906 timed out. Retrying.
2019-06-13 22:27:23,631 INFO  commands.RetriableDatanodeEventWatcher (RetriableDatanodeEventWatcher.java:onTimeout(47)) - RetriableDatanodeCommand type=deleteBlocksCommand with id=1560464836916 timed out. Retrying.
2019-06-13 22:27:23,642 DEBUG block.SCMBlockDeletingService (SCMBlockDeletingService.java:call(138)) - Running DeletedBlockTransactionScanner
2019-06-13 22:27:23,642 DEBUG block.SCMBlockDeletingService (SCMBlockDeletingService.java:call(155)) - Scanned deleted blocks log and got 3 delTX to process.
2019-06-13 22:27:23,643 DEBUG block.SCMBlockDeletingService (SCMBlockDeletingService.java:call(171)) - Added delete block command for datanode d5132e6f-def8-45c0-b0d2-c5ba43d86628 in the queue, number of delete block transactions: 3, TxID list: 1,2,3
2019-06-13 22:27:23,643 INFO  block.SCMBlockDeletingService (SCMBlockDeletingService.java:call(182)) - Totally added 3 delete blocks command for 1 datanodes, task elapsed time: 1ms
2019-06-13 22:27:23,674 INFO  commands.RetriableDatanodeEventWatcher (RetriableDatanodeEventWatcher.java:onTimeout(47)) - RetriableDatanodeCommand type=deleteBlocksCommand with id=1560464836867 timed out. Retrying.
2019-06-13 22:27:23,686 INFO  commands.RetriableDatanodeEventWatcher (RetriableDatanodeEventWatcher.java:onTimeout(47)) - RetriableDatanodeCommand type=deleteBlocksCommand with id=1560464836877 timed out. Retrying.
2019-06-13 22:27:23,694 INFO  commands.RetriableDatanodeEventWatcher (RetriableDatanodeEventWatcher.java:onTimeout(47)) - RetriableDatanodeCommand type=deleteBlocksCommand with id=1560464836887 timed out. Retrying.
2019-06-13 22:27:23,708 INFO  commands.RetriableDatanodeEventWatcher (RetriableDatanodeEventWatcher.java:onTimeout(47)) - RetriableDatanodeCommand type=deleteBlocksCommand with id=1560464836897 timed out. Retrying.
2019-06-13 22:27:23,721 INFO  commands.RetriableDatanodeEventWatcher (RetriableDatanodeEventWatcher.java:onTimeout(47)) - RetriableDatanodeCommand type=deleteBlocksCommand with id=1560464836907 timed out. Retrying.
2019-06-13 22:27:23,732 INFO  commands.RetriableDatanodeEventWatcher (RetriableDatanodeEventWatcher.java:onTimeout(47)) - RetriableDatanodeCommand type=deleteBlocksCommand with id=1560464836917 timed out. Retrying.
2019-06-13 22:27:23,743 DEBUG block.SCMBlockDeletingService (SCMBlockDeletingService.java:call(138)) - Running DeletedBlockTransactionScanner
2019-06-13 22:27:23,743 DEBUG block.SCMBlockDeletingService (SCMBlockDeletingService.java:call(155)) - Scanned deleted blocks log and got 3 delTX to process.
2019-06-13 22:27:23,743 DEBUG block.SCMBlockDeletingService (SCMBlockDeletingService.java:call(171)) - Added delete block command for datanode d5132e6f-def8-45c0-b0d2-c5ba43d86628 in the queue, number of delete block transactions: 3, TxID list: 1,2,3
2019-06-13 22:27:23,744 INFO  block.SCMBlockDeletingService (SCMBlockDeletingService.java:call(182)) - Totally added 3 delete blocks command for 1 datanodes, task elapsed time: 1ms
2019-06-13 22:27:23,774 INFO  commands.RetriableDatanodeEventWatcher (RetriableDatanodeEventWatcher.java:onTimeout(47)) - RetriableDatanodeCommand type=deleteBlocksCommand with id=1560464836868 timed out. Retrying.
2019-06-13 22:27:23,785 INFO  commands.RetriableDatanodeEventWatcher (RetriableDatanodeEventWatcher.java:onTimeout(47)) - RetriableDatanodeCommand type=deleteBlocksCommand with id=1560464836878 timed out. Retrying.
2019-06-13 22:27:23,795 INFO  commands.RetriableDatanodeEventWatcher (RetriableDatanodeEventWatcher.java:onTimeout(47)) - RetriableDatanodeCommand type=deleteBlocksCommand with id=1560464836888 timed out. Retrying.
2019-06-13 22:27:23,809 INFO  commands.RetriableDatanodeEventWatcher (RetriableDatanodeEventWatcher.java:onTimeout(47)) - RetriableDatanodeCommand type=deleteBlocksCommand with id=1560464836898 timed out. Retrying.
2019-06-13 22:27:23,824 INFO  commands.RetriableDatanodeEventWatcher (RetriableDatanodeEventWatcher.java:onTimeout(47)) - RetriableDatanodeCommand type=deleteBlocksCommand with id=1560464836908 timed out. Retrying.
2019-06-13 22:27:23,834 INFO  commands.RetriableDatanodeEventWatcher (RetriableDatanodeEventWatcher.java:onTimeout(47)) - RetriableDatanodeCommand type=deleteBlocksCommand with id=1560464836918 timed out. Retrying.
2019-06-13 22:27:23,844 DEBUG block.SCMBlockDeletingService (SCMBlockDeletingService.java:call(138)) - Running DeletedBlockTransactionScanner
2019-06-13 22:27:23,844 DEBUG block.SCMBlockDeletingService (SCMBlockDeletingService.java:call(155)) - Scanned deleted blocks log and got 3 delTX to process.
2019-06-13 22:27:23,845 DEBUG block.SCMBlockDeletingService (SCMBlockDeletingService.java:call(171)) - Added delete block command for datanode d5132e6f-def8-45c0-b0d2-c5ba43d86628 in the queue, number of delete block transactions: 3, TxID list: 1,2,3
2019-06-13 22:27:23,845 INFO  block.SCMBlockDeletingService (SCMBlockDeletingService.java:call(182)) - Totally added 3 delete blocks command for 1 datanodes, task elapsed time: 1ms
2019-06-13 22:27:23,865 INFO  commands.RetriableDatanodeEventWatcher (RetriableDatanodeEventWatcher.java:onTimeout(47)) - RetriableDatanodeCommand type=deleteBlocksCommand with id=1560464836859 timed out. Retrying.
2019-06-13 22:27:23,875 INFO  commands.RetriableDatanodeEventWatcher (RetriableDatanodeEventWatcher.java:onTimeout(47)) - RetriableDatanodeCommand type=deleteBlocksCommand with id=1560464836869 timed out. Retrying.
2019-06-13 22:27:23,886 INFO  commands.RetriableDatanodeEventWatcher (RetriableDatanodeEventWatcher.java:onTimeout(47)) - RetriableDatanodeCommand type=deleteBlocksCommand with id=1560464836879 timed out. Retrying.
2019-06-13 22:27:23,896 INFO  commands.RetriableDatanodeEventWatcher (RetriableDatanodeEventWatcher.java:onTimeout(47)) - RetriableDatanodeCommand type=deleteBlocksCommand with id=1560464836889 timed out. Retrying.
2019-06-13 22:27:23,910 INFO  commands.RetriableDatanodeEventWatcher (RetriableDatanodeEventWatcher.java:onTimeout(47)) - RetriableDatanodeCommand type=deleteBlocksCommand with id=1560464836899 timed out. Retrying.
2019-06-13 22:27:23,925 INFO  commands.RetriableDatanodeEventWatcher (RetriableDatanodeEventWatcher.java:onTimeout(47)) - RetriableDatanodeCommand type=deleteBlocksCommand with id=1560464836909 timed out. Retrying.
2019-06-13 22:27:23,935 INFO  commands.RetriableDatanodeEventWatcher (RetriableDatanodeEventWatcher.java:onTimeout(47)) - RetriableDatanodeCommand type=deleteBlocksCommand with id=1560464836919 timed out. Retrying.
2019-06-13 22:27:23,945 DEBUG block.SCMBlockDeletingService (SCMBlockDeletingService.java:call(138)) - Running DeletedBlockTransactionScanner
2019-06-13 22:27:23,945 DEBUG block.SCMBlockDeletingService (SCMBlockDeletingService.java:call(155)) - Scanned deleted blocks log and got 3 delTX to process.
2019-06-13 22:27:23,946 DEBUG block.SCMBlockDeletingService (SCMBlockDeletingService.java:call(171)) - Added delete block command for datanode d5132e6f-def8-45c0-b0d2-c5ba43d86628 in the queue, number of delete block transactions: 3, TxID list: 1,2,3
2019-06-13 22:27:23,946 INFO  block.SCMBlockDeletingService (SCMBlockDeletingService.java:call(182)) - Totally added 3 delete blocks command for 1 datanodes, task elapsed time: 1ms
2019-06-13 22:27:23,963 INFO  commands.RetriableDatanodeEventWatcher (RetriableDatanodeEventWatcher.java:onTimeout(47)) - RetriableDatanodeCommand type=deleteBlocksCommand with id=1560464836860 timed out. Retrying.
2019-06-13 22:27:23,978 INFO  commands.RetriableDatanodeEventWatcher (RetriableDatanodeEventWatcher.java:onTimeout(47)) - RetriableDatanodeCommand type=deleteBlocksCommand with id=1560464836870 timed out. Retrying.
2019-06-13 22:27:23,986 INFO  commands.RetriableDatanodeEventWatcher (RetriableDatanodeEventWatcher.java:onTimeout(47)) - RetriableDatanodeCommand type=deleteBlocksCommand with id=1560464836880 timed out. Retrying.
2019-06-13 22:27:24,000 INFO  commands.RetriableDatanodeEventWatcher (RetriableDatanodeEventWatcher.java:onTimeout(47)) - RetriableDatanodeCommand type=deleteBlocksCommand with id=1560464836890 timed out. Retrying.
2019-06-13 22:27:24,010 INFO  commands.RetriableDatanodeEventWatcher (RetriableDatanodeEventWatcher.java:onTimeout(47)) - RetriableDatanodeCommand type=deleteBlocksCommand with id=1560464836900 timed out. Retrying.
2019-06-13 22:27:24,026 INFO  commands.RetriableDatanodeEventWatcher (RetriableDatanodeEventWatcher.java:onTimeout(47)) - RetriableDatanodeCommand type=deleteBlocksCommand with id=1560464836910 timed out. Retrying.
2019-06-13 22:27:24,036 INFO  commands.RetriableDatanodeEventWatcher (RetriableDatanodeEventWatcher.java:onTimeout(47)) - RetriableDatanodeCommand type=deleteBlocksCommand with id=1560464836920 timed out. Retrying.
2019-06-13 22:27:24,046 DEBUG block.SCMBlockDeletingService (SCMBlockDeletingService.java:call(138)) - Running DeletedBlockTransactionScanner
2019-06-13 22:27:24,046 DEBUG block.SCMBlockDeletingService (SCMBlockDeletingService.java:call(155)) - Scanned deleted blocks log and got 3 delTX to process.
2019-06-13 22:27:24,046 DEBUG block.SCMBlockDeletingService (SCMBlockDeletingService.java:call(171)) - Added delete block command for datanode d5132e6f-def8-45c0-b0d2-c5ba43d86628 in the queue, number of delete block transactions: 3, TxID list: 1,2,3
2019-06-13 22:27:24,047 INFO  block.SCMBlockDeletingService (SCMBlockDeletingService.java:call(182)) - Totally added 3 delete blocks command for 1 datanodes, task elapsed time: 1ms
2019-06-13 22:27:24,065 INFO  commands.RetriableDatanodeEventWatcher (RetriableDatanodeEventWatcher.java:onTimeout(47)) - RetriableDatanodeCommand type=deleteBlocksCommand with id=1560464836861 timed out. Retrying.
2019-06-13 22:27:24,078 INFO  commands.RetriableDatanodeEventWatcher (RetriableDatanodeEventWatcher.java:onTimeout(47)) - RetriableDatanodeCommand type=deleteBlocksCommand with id=1560464836871 timed out. Retrying.
2019-06-13 22:27:24,087 INFO  commands.RetriableDatanodeEventWatcher (RetriableDatanodeEventWatcher.java:onTimeout(47)) - RetriableDatanodeCommand type=deleteBlocksCommand with id=1560464836881 timed out. Retrying.
2019-06-13 22:27:24,099 INFO  commands.RetriableDatanodeEventWatcher (RetriableDatanodeEventWatcher.java:onTimeout(47)) - RetriableDatanodeCommand type=deleteBlocksCommand with id=1560464836891 timed out. Retrying.
2019-06-13 22:27:24,113 INFO  commands.RetriableDatanodeEventWatcher (RetriableDatanodeEventWatcher.java:onTimeout(47)) - RetriableDatanodeCommand type=deleteBlocksCommand with id=1560464836901 timed out. Retrying.
2019-06-13 22:27:24,128 INFO  commands.RetriableDatanodeEventWatcher (RetriableDatanodeEventWatcher.java:onTimeout(47)) - RetriableDatanodeCommand type=deleteBlocksCommand with id=1560464836911 timed out. Retrying.
2019-06-13 22:27:24,137 INFO  commands.RetriableDatanodeEventWatcher (RetriableDatanodeEventWatcher.java:onTimeout(47)) - RetriableDatanodeCommand type=deleteBlocksCommand with id=1560464836921 timed out. Retrying.
2019-06-13 22:27:24,147 DEBUG block.SCMBlockDeletingService (SCMBlockDeletingService.java:call(138)) - Running DeletedBlockTransactionScanner
2019-06-13 22:27:24,147 DEBUG block.SCMBlockDeletingService (SCMBlockDeletingService.java:call(155)) - Scanned deleted blocks log and got 3 delTX to process.
2019-06-13 22:27:24,147 DEBUG block.SCMBlockDeletingService (SCMBlockDeletingService.java:call(171)) - Added delete block command for datanode d5132e6f-def8-45c0-b0d2-c5ba43d86628 in the queue, number of delete block transactions: 3, TxID list: 1,2,3
2019-06-13 22:27:24,148 INFO  block.SCMBlockDeletingService (SCMBlockDeletingService.java:call(182)) - Totally added 3 delete blocks command for 1 datanodes, task elapsed time: 1ms
2019-06-13 22:27:24,168 INFO  commands.RetriableDatanodeEventWatcher (RetriableDatanodeEventWatcher.java:onTimeout(47)) - RetriableDatanodeCommand type=deleteBlocksCommand with id=1560464836862 timed out. Retrying.
2019-06-13 22:27:24,182 INFO  commands.RetriableDatanodeEventWatcher (RetriableDatanodeEventWatcher.java:onTimeout(47)) - RetriableDatanodeCommand type=deleteBlocksCommand with id=1560464836872 timed out. Retrying.
2019-06-13 22:27:24,198 INFO  commands.RetriableDatanodeEventWatcher (RetriableDatanodeEventWatcher.java:onTimeout(47)) - RetriableDatanodeCommand type=deleteBlocksCommand with id=1560464836882 timed out. Retrying.
2019-06-13 22:27:24,205 INFO  commands.RetriableDatanodeEventWatcher (RetriableDatanodeEventWatcher.java:onTimeout(47)) - RetriableDatanodeCommand type=deleteBlocksCommand with id=1560464836892 timed out. Retrying.
2019-06-13 22:27:24,213 INFO  commands.RetriableDatanodeEventWatcher (RetriableDatanodeEventWatcher.java:onTimeout(47)) - RetriableDatanodeCommand type=deleteBlocksCommand with id=1560464836902 timed out. Retrying.
2019-06-13 22:27:24,229 INFO  commands.RetriableDatanodeEventWatcher (RetriableDatanodeEventWatcher.java:onTimeout(47)) - RetriableDatanodeCommand type=deleteBlocksCommand with id=1560464836912 timed out. Retrying.
2019-06-13 22:27:24,238 INFO  commands.RetriableDatanodeEventWatcher (RetriableDatanodeEventWatcher.java:onTimeout(47)) - RetriableDatanodeCommand type=deleteBlocksCommand with id=1560464836922 timed out. Retrying.
2019-06-13 22:27:24,248 DEBUG block.SCMBlockDeletingService (SCMBlockDeletingService.java:call(138)) - Running DeletedBlockTransactionScanner
2019-06-13 22:27:24,248 DEBUG block.SCMBlockDeletingService (SCMBlockDeletingService.java:call(155)) - Scanned deleted blocks log and got 3 delTX to process.
2019-06-13 22:27:24,248 DEBUG block.SCMBlockDeletingService (SCMBlockDeletingService.java:call(171)) - Added delete block command for datanode d5132e6f-def8-45c0-b0d2-c5ba43d86628 in the queue, number of delete block transactions: 3, TxID list: 1,2,3
2019-06-13 22:27:24,249 INFO  block.SCMBlockDeletingService (SCMBlockDeletingService.java:call(182)) - Totally added 3 delete blocks command for 1 datanodes, task elapsed time: 1ms
2019-06-13 22:27:24,271 INFO  commands.RetriableDatanodeEventWatcher (RetriableDatanodeEventWatcher.java:onTimeout(47)) - RetriableDatanodeCommand type=deleteBlocksCommand with id=1560464836863 timed out. Retrying.
2019-06-13 22:27:24,280 INFO  commands.RetriableDatanodeEventWatcher (RetriableDatanodeEventWatcher.java:onTimeout(47)) - RetriableDatanodeCommand type=deleteBlocksCommand with id=1560464836873 timed out. Retrying.
2019-06-13 22:27:24,293 INFO  commands.RetriableDatanodeEventWatcher (RetriableDatanodeEventWatcher.java:onTimeout(47)) - RetriableDatanodeCommand type=deleteBlocksCommand with id=1560464836883 timed out. Retrying.
2019-06-13 22:27:24,294 INFO  ozone.MiniOzoneClusterImpl (MiniOzoneClusterImpl.java:lambda$waitForClusterToBeReady$0(142)) - Waiting for cluster to be ready. Got 0 of 1 DN Heartbeats.
2019-06-13 22:27:24,298 INFO  block.SCMBlockDeletingService (SCMBlockDeletingService.java:handlePendingDeletes(115)) - Block deletion txnID mismatch in datanode d5132e6f-def8-45c0-b0d2-c5ba43d86628 for containerID 1. Datanode delete txnID: 0, SCM txnID: 1
2019-06-13 22:27:24,298 INFO  block.SCMBlockDeletingService (SCMBlockDeletingService.java:handlePendingDeletes(115)) - Block deletion txnID mismatch in datanode d5132e6f-def8-45c0-b0d2-c5ba43d86628 for containerID 2. Datanode delete txnID: 0, SCM txnID: 2
2019-06-13 22:27:24,298 INFO  block.SCMBlockDeletingService (SCMBlockDeletingService.java:handlePendingDeletes(115)) - Block deletion txnID mismatch in datanode d5132e6f-def8-45c0-b0d2-c5ba43d86628 for containerID 3. Datanode delete txnID: 0, SCM txnID: 3
2019-06-13 22:27:24,308 INFO  commands.RetriableDatanodeEventWatcher (RetriableDatanodeEventWatcher.java:onTimeout(47)) - RetriableDatanodeCommand type=deleteBlocksCommand with id=1560464836893 timed out. Retrying.
2019-06-13 22:27:24,315 INFO  commands.RetriableDatanodeEventWatcher (RetriableDatanodeEventWatcher.java:onTimeout(47)) - RetriableDatanodeCommand type=deleteBlocksCommand with id=1560464836903 timed out. Retrying.
2019-06-13 22:27:24,328 INFO  commands.RetriableDatanodeEventWatcher (RetriableDatanodeEventWatcher.java:onTimeout(47)) - RetriableDatanodeCommand type=deleteBlocksCommand with id=1560464836913 timed out. Retrying.
2019-06-13 22:27:24,340 INFO  commands.RetriableDatanodeEventWatcher (RetriableDatanodeEventWatcher.java:onTimeout(47)) - RetriableDatanodeCommand type=deleteBlocksCommand with id=1560464836923 timed out. Retrying.
2019-06-13 22:27:24,349 DEBUG block.SCMBlockDeletingService (SCMBlockDeletingService.java:call(138)) - Running DeletedBlockTransactionScanner
2019-06-13 22:27:24,349 DEBUG block.SCMBlockDeletingService (SCMBlockDeletingService.java:call(155)) - Scanned deleted blocks log and got 3 delTX to process.
2019-06-13 22:27:24,349 DEBUG block.SCMBlockDeletingService (SCMBlockDeletingService.java:call(171)) - Added delete block command for datanode d5132e6f-def8-45c0-b0d2-c5ba43d86628 in the queue, number of delete block transactions: 3, TxID list: 1,2,3
2019-06-13 22:27:24,350 INFO  block.SCMBlockDeletingService (SCMBlockDeletingService.java:call(182)) - Totally added 3 delete blocks command for 1 datanodes, task elapsed time: 1ms
2019-06-13 22:27:24,369 INFO  commands.RetriableDatanodeEventWatcher (RetriableDatanodeEventWatcher.java:onTimeout(47)) - RetriableDatanodeCommand type=deleteBlocksCommand with id=1560464836864 timed out. Retrying.
2019-06-13 22:27:24,380 INFO  commands.RetriableDatanodeEventWatcher (RetriableDatanodeEventWatcher.java:onTimeout(47)) - RetriableDatanodeCommand type=deleteBlocksCommand with id=1560464836874 timed out. Retrying.
2019-06-13 22:27:24,391 INFO  commands.RetriableDatanodeEventWatcher (RetriableDatanodeEventWatcher.java:onTimeout(47)) - RetriableDatanodeCommand type=deleteBlocksCommand with id=1560464836884 timed out. Retrying.
2019-06-13 22:27:24,405 INFO  commands.RetriableDatanodeEventWatcher (RetriableDatanodeEventWatcher.java:onTimeout(47)) - RetriableDatanodeCommand type=deleteBlocksCommand with id=1560464836894 timed out. Retrying.
2019-06-13 22:27:24,416 INFO  commands.RetriableDatanodeEventWatcher (RetriableDatanodeEventWatcher.java:onTimeout(47)) - RetriableDatanodeCommand type=deleteBlocksCommand with id=1560464836904 timed out. Retrying.
2019-06-13 22:27:24,430 INFO  commands.RetriableDatanodeEventWatcher (RetriableDatanodeEventWatcher.java:onTimeout(47)) - RetriableDatanodeCommand type=deleteBlocksCommand with id=1560464836914 timed out. Retrying.
2019-06-13 22:27:24,441 INFO  commands.RetriableDatanodeEventWatcher (RetriableDatanodeEventWatcher.java:onTimeout(47)) - RetriableDatanodeCommand type=deleteBlocksCommand with id=1560464836924 timed out. Retrying.
2019-06-13 22:27:24,450 DEBUG block.SCMBlockDeletingService (SCMBlockDeletingService.java:call(138)) - Running DeletedBlockTransactionScanner
2019-06-13 22:27:24,450 DEBUG block.SCMBlockDeletingService (SCMBlockDeletingService.java:call(155)) - Scanned deleted blocks log and got 3 delTX to process.
2019-06-13 22:27:24,450 DEBUG block.SCMBlockDeletingService (SCMBlockDeletingService.java:call(171)) - Added delete block command for datanode d5132e6f-def8-45c0-b0d2-c5ba43d86628 in the queue, number of delete block transactions: 3, TxID list: 1,2,3
2019-06-13 22:27:24,461 INFO  block.SCMBlockDeletingService (SCMBlockDeletingService.java:call(182)) - Totally added 3 delete blocks command for 1 datanodes, task elapsed time: 11ms
2019-06-13 22:27:24,471 INFO  commands.RetriableDatanodeEventWatcher (RetriableDatanodeEventWatcher.java:onTimeout(47)) - RetriableDatanodeCommand type=deleteBlocksCommand with id=1560464836865 timed out. Retrying.
2019-06-13 22:27:24,481 INFO  commands.RetriableDatanodeEventWatcher (RetriableDatanodeEventWatcher.java:onTimeout(47)) - RetriableDatanodeCommand type=deleteBlocksCommand with id=1560464836875 timed out. Retrying.
2019-06-13 22:27:24,490 INFO  commands.RetriableDatanodeEventWatcher (RetriableDatanodeEventWatcher.java:onTimeout(47)) - RetriableDatanodeCommand type=deleteBlocksCommand with id=1560464836885 timed out. Retrying.
2019-06-13 22:27:24,507 INFO  commands.RetriableDatanodeEventWatcher (RetriableDatanodeEventWatcher.java:onTimeout(47)) - RetriableDatanodeCommand type=deleteBlocksCommand with id=1560464836895 timed out. Retrying.
2019-06-13 22:27:24,518 INFO  commands.RetriableDatanodeEventWatcher (RetriableDatanodeEventWatcher.java:onTimeout(47)) - RetriableDatanodeCommand type=deleteBlocksCommand with id=1560464836905 timed out. Retrying.
2019-06-13 22:27:24,529 INFO  commands.RetriableDatanodeEventWatcher (RetriableDatanodeEventWatcher.java:onTimeout(47)) - RetriableDatanodeCommand type=deleteBlocksCommand with id=1560464836915 timed out. Retrying.
2019-06-13 22:27:24,542 INFO  commands.RetriableDatanodeEventWatcher (RetriableDatanodeEventWatcher.java:onTimeout(47)) - RetriableDatanodeCommand type=deleteBlocksCommand with id=1560464836925 timed out. Retrying.
2019-06-13 22:27:24,561 DEBUG block.SCMBlockDeletingService (SCMBlockDeletingService.java:call(138)) - Running DeletedBlockTransactionScanner
2019-06-13 22:27:24,561 DEBUG block.SCMBlockDeletingService (SCMBlockDeletingService.java:call(155)) - Scanned deleted blocks log and got 3 delTX to process.
2019-06-13 22:27:24,561 DEBUG block.SCMBlockDeletingService (SCMBlockDeletingService.java:call(171)) - Added delete block command for datanode d5132e6f-def8-45c0-b0d2-c5ba43d86628 in the queue, number of delete block transactions: 3, TxID list: 1,2,3
2019-06-13 22:27:24,562 INFO  block.SCMBlockDeletingService (SCMBlockDeletingService.java:call(182)) - Totally added 3 delete blocks command for 1 datanodes, task elapsed time: 1ms
2019-06-13 22:27:24,572 INFO  commands.RetriableDatanodeEventWatcher (RetriableDatanodeEventWatcher.java:onTimeout(47)) - RetriableDatanodeCommand type=deleteBlocksCommand with id=1560464836866 timed out. Retrying.
2019-06-13 22:27:24,582 INFO  commands.RetriableDatanodeEventWatcher (RetriableDatanodeEventWatcher.java:onTimeout(47)) - RetriableDatanodeCommand type=deleteBlocksCommand with id=1560464836876 timed out. Retrying.
2019-06-13 22:27:24,592 INFO  commands.RetriableDatanodeEventWatcher (RetriableDatanodeEventWatcher.java:onTimeout(47)) - RetriableDatanodeCommand type=deleteBlocksCommand with id=1560464836886 timed out. Retrying.
2019-06-13 22:27:24,606 INFO  commands.RetriableDatanodeEventWatcher (RetriableDatanodeEventWatcher.java:onTimeout(47)) - RetriableDatanodeCommand type=deleteBlocksCommand with id=1560464836896 timed out. Retrying.
2019-06-13 22:27:24,622 INFO  commands.RetriableDatanodeEventWatcher (RetriableDatanodeEventWatcher.java:onTimeout(47)) - RetriableDatanodeCommand type=deleteBlocksCommand with id=1560464836906 timed out. Retrying.
2019-06-13 22:27:24,631 INFO  commands.RetriableDatanodeEventWatcher (RetriableDatanodeEventWatcher.java:onTimeout(47)) - RetriableDatanodeCommand type=deleteBlocksCommand with id=1560464836916 timed out. Retrying.
2019-06-13 22:27:24,643 INFO  commands.RetriableDatanodeEventWatcher (RetriableDatanodeEventWatcher.java:onTimeout(47)) - RetriableDatanodeCommand type=deleteBlocksCommand with id=1560464836926 timed out. Retrying.
2019-06-13 22:27:24,662 DEBUG block.SCMBlockDeletingService (SCMBlockDeletingService.java:call(138)) - Running DeletedBlockTransactionScanner
2019-06-13 22:27:24,662 DEBUG block.SCMBlockDeletingService (SCMBlockDeletingService.java:call(155)) - Scanned deleted blocks log and got 3 delTX to process.
2019-06-13 22:27:24,663 DEBUG block.SCMBlockDeletingService (SCMBlockDeletingService.java:call(171)) - Added delete block command for datanode d5132e6f-def8-45c0-b0d2-c5ba43d86628 in the queue, number of delete block transactions: 3, TxID list: 1,2,3
2019-06-13 22:27:24,663 INFO  block.SCMBlockDeletingService (SCMBlockDeletingService.java:call(182)) - Totally added 3 delete blocks command for 1 datanodes, task elapsed time: 1ms
2019-06-13 22:27:24,674 INFO  commands.RetriableDatanodeEventWatcher (RetriableDatanodeEventWatcher.java:onTimeout(47)) - RetriableDatanodeCommand type=deleteBlocksCommand with id=1560464836867 timed out. Retrying.
2019-06-13 22:27:24,687 INFO  commands.RetriableDatanodeEventWatcher (RetriableDatanodeEventWatcher.java:onTimeout(47)) - RetriableDatanodeCommand type=deleteBlocksCommand with id=1560464836877 timed out. Retrying.
2019-06-13 22:27:24,694 INFO  commands.RetriableDatanodeEventWatcher (RetriableDatanodeEventWatcher.java:onTimeout(47)) - RetriableDatanodeCommand type=deleteBlocksCommand with id=1560464836887 timed out. Retrying.
2019-06-13 22:27:24,708 INFO  commands.RetriableDatanodeEventWatcher (RetriableDatanodeEventWatcher.java:onTimeout(47)) - RetriableDatanodeCommand type=deleteBlocksCommand with id=1560464836897 timed out. Retrying.
2019-06-13 22:27:24,722 INFO  commands.RetriableDatanodeEventWatcher (RetriableDatanodeEventWatcher.java:onTimeout(47)) - RetriableDatanodeCommand type=deleteBlocksCommand with id=1560464836907 timed out. Retrying.
2019-06-13 22:27:24,731 INFO  commands.RetriableDatanodeEventWatcher (RetriableDatanodeEventWatcher.java:onTimeout(47)) - RetriableDatanodeCommand type=deleteBlocksCommand with id=1560464836917 timed out. Retrying.
2019-06-13 22:27:24,744 INFO  commands.RetriableDatanodeEventWatcher (RetriableDatanodeEventWatcher.java:onTimeout(47)) - RetriableDatanodeCommand type=deleteBlocksCommand with id=1560464836927 timed out. Retrying.
2019-06-13 22:27:24,763 DEBUG block.SCMBlockDeletingService (SCMBlockDeletingService.java:call(138)) - Running DeletedBlockTransactionScanner
2019-06-13 22:27:24,763 DEBUG block.SCMBlockDeletingService (SCMBlockDeletingService.java:call(155)) - Scanned deleted blocks log and got 3 delTX to process.
2019-06-13 22:27:24,763 DEBUG block.SCMBlockDeletingService (SCMBlockDeletingService.java:call(171)) - Added delete block command for datanode d5132e6f-def8-45c0-b0d2-c5ba43d86628 in the queue, number of delete block transactions: 3, TxID list: 1,2,3
2019-06-13 22:27:24,764 INFO  block.SCMBlockDeletingService (SCMBlockDeletingService.java:call(182)) - Totally added 3 delete blocks command for 1 datanodes, task elapsed time: 1ms
2019-06-13 22:27:24,774 INFO  commands.RetriableDatanodeEventWatcher (RetriableDatanodeEventWatcher.java:onTimeout(47)) - RetriableDatanodeCommand type=deleteBlocksCommand with id=1560464836868 timed out. Retrying.
2019-06-13 22:27:24,786 INFO  commands.RetriableDatanodeEventWatcher (RetriableDatanodeEventWatcher.java:onTimeout(47)) - RetriableDatanodeCommand type=deleteBlocksCommand with id=1560464836878 timed out. Retrying.
2019-06-13 22:27:24,796 INFO  commands.RetriableDatanodeEventWatcher (RetriableDatanodeEventWatcher.java:onTimeout(47)) - RetriableDatanodeCommand type=deleteBlocksCommand with id=1560464836888 timed out. Retrying.
2019-06-13 22:27:24,809 INFO  commands.RetriableDatanodeEventWatcher (RetriableDatanodeEventWatcher.java:onTimeout(47)) - RetriableDatanodeCommand type=deleteBlocksCommand with id=1560464836898 timed out. Retrying.
2019-06-13 22:27:24,824 INFO  commands.RetriableDatanodeEventWatcher (RetriableDatanodeEventWatcher.java:onTimeout(47)) - RetriableDatanodeCommand type=deleteBlocksCommand with id=1560464836908 timed out. Retrying.
2019-06-13 22:27:24,834 INFO  commands.RetriableDatanodeEventWatcher (RetriableDatanodeEventWatcher.java:onTimeout(47)) - RetriableDatanodeCommand type=deleteBlocksCommand with id=1560464836918 timed out. Retrying.
2019-06-13 22:27:24,845 INFO  commands.RetriableDatanodeEventWatcher (RetriableDatanodeEventWatcher.java:onTimeout(47)) - RetriableDatanodeCommand type=deleteBlocksCommand with id=1560464836928 timed out. Retrying.
2019-06-13 22:27:24,864 DEBUG block.SCMBlockDeletingService (SCMBlockDeletingService.java:call(138)) - Running DeletedBlockTransactionScanner
2019-06-13 22:27:24,864 DEBUG block.SCMBlockDeletingService (SCMBlockDeletingService.java:call(155)) - Scanned deleted blocks log and got 3 delTX to process.
2019-06-13 22:27:24,864 DEBUG block.SCMBlockDeletingService (SCMBlockDeletingService.java:call(171)) - Added delete block command for datanode d5132e6f-def8-45c0-b0d2-c5ba43d86628 in the queue, number of delete block transactions: 3, TxID list: 1,2,3
2019-06-13 22:27:24,865 INFO  block.SCMBlockDeletingService (SCMBlockDeletingService.java:call(182)) - Totally added 3 delete blocks command for 1 datanodes, task elapsed time: 1ms
2019-06-13 22:27:24,865 INFO  commands.RetriableDatanodeEventWatcher (RetriableDatanodeEventWatcher.java:onTimeout(47)) - RetriableDatanodeCommand type=deleteBlocksCommand with id=1560464836859 timed out. Retrying.
2019-06-13 22:27:24,876 INFO  commands.RetriableDatanodeEventWatcher (RetriableDatanodeEventWatcher.java:onTimeout(47)) - RetriableDatanodeCommand type=deleteBlocksCommand with id=1560464836869 timed out. Retrying.
2019-06-13 22:27:24,886 INFO  commands.RetriableDatanodeEventWatcher (RetriableDatanodeEventWatcher.java:onTimeout(47)) - RetriableDatanodeCommand type=deleteBlocksCommand with id=1560464836879 timed out. Retrying.
2019-06-13 22:27:24,896 INFO  commands.RetriableDatanodeEventWatcher (RetriableDatanodeEventWatcher.java:onTimeout(47)) - RetriableDatanodeCommand type=deleteBlocksCommand with id=1560464836889 timed out. Retrying.
2019-06-13 22:27:24,911 INFO  commands.RetriableDatanodeEventWatcher (RetriableDatanodeEventWatcher.java:onTimeout(47)) - RetriableDatanodeCommand type=deleteBlocksCommand with id=1560464836899 timed out. Retrying.
2019-06-13 22:27:24,925 INFO  commands.RetriableDatanodeEventWatcher (RetriableDatanodeEventWatcher.java:onTimeout(47)) - RetriableDatanodeCommand type=deleteBlocksCommand with id=1560464836909 timed out. Retrying.
2019-06-13 22:27:24,935 INFO  commands.RetriableDatanodeEventWatcher (RetriableDatanodeEventWatcher.java:onTimeout(47)) - RetriableDatanodeCommand type=deleteBlocksCommand with id=1560464836919 timed out. Retrying.
2019-06-13 22:27:24,946 INFO  commands.RetriableDatanodeEventWatcher (RetriableDatanodeEventWatcher.java:onTimeout(47)) - RetriableDatanodeCommand type=deleteBlocksCommand with id=1560464836929 timed out. Retrying.
2019-06-13 22:27:24,963 INFO  commands.RetriableDatanodeEventWatcher (RetriableDatanodeEventWatcher.java:onTimeout(47)) - RetriableDatanodeCommand type=deleteBlocksCommand with id=1560464836860 timed out. Retrying.
2019-06-13 22:27:24,965 DEBUG block.SCMBlockDeletingService (SCMBlockDeletingService.java:call(138)) - Running DeletedBlockTransactionScanner
2019-06-13 22:27:24,965 DEBUG block.SCMBlockDeletingService (SCMBlockDeletingService.java:call(155)) - Scanned deleted blocks log and got 3 delTX to process.
2019-06-13 22:27:24,966 DEBUG block.SCMBlockDeletingService (SCMBlockDeletingService.java:call(171)) - Added delete block command for datanode d5132e6f-def8-45c0-b0d2-c5ba43d86628 in the queue, number of delete block transactions: 3, TxID list: 1,2,3
2019-06-13 22:27:24,966 INFO  block.SCMBlockDeletingService (SCMBlockDeletingService.java:call(182)) - Totally added 3 delete blocks command for 1 datanodes, task elapsed time: 1ms
2019-06-13 22:27:24,979 INFO  commands.RetriableDatanodeEventWatcher (RetriableDatanodeEventWatcher.java:onTimeout(47)) - RetriableDatanodeCommand type=deleteBlocksCommand with id=1560464836870 timed out. Retrying.
2019-06-13 22:27:24,986 INFO  commands.RetriableDatanodeEventWatcher (RetriableDatanodeEventWatcher.java:onTimeout(47)) - RetriableDatanodeCommand type=deleteBlocksCommand with id=1560464836880 timed out. Retrying.
2019-06-13 22:27:25,000 INFO  commands.RetriableDatanodeEventWatcher (RetriableDatanodeEventWatcher.java:onTimeout(47)) - RetriableDatanodeCommand type=deleteBlocksCommand with id=1560464836890 timed out. Retrying.
2019-06-13 22:27:25,011 INFO  commands.RetriableDatanodeEventWatcher (RetriableDatanodeEventWatcher.java:onTimeout(47)) - RetriableDatanodeCommand type=deleteBlocksCommand with id=1560464836900 timed out. Retrying.
2019-06-13 22:27:25,026 INFO  commands.RetriableDatanodeEventWatcher (RetriableDatanodeEventWatcher.java:onTimeout(47)) - RetriableDatanodeCommand type=deleteBlocksCommand with id=1560464836910 timed out. Retrying.
2019-06-13 22:27:25,036 INFO  commands.RetriableDatanodeEventWatcher (RetriableDatanodeEventWatcher.java:onTimeout(47)) - RetriableDatanodeCommand type=deleteBlocksCommand with id=1560464836920 timed out. Retrying.
2019-06-13 22:27:25,047 INFO  commands.RetriableDatanodeEventWatcher (RetriableDatanodeEventWatcher.java:onTimeout(47)) - RetriableDatanodeCommand type=deleteBlocksCommand with id=1560464836930 timed out. Retrying.
2019-06-13 22:27:25,065 INFO  commands.RetriableDatanodeEventWatcher (RetriableDatanodeEventWatcher.java:onTimeout(47)) - RetriableDatanodeCommand type=deleteBlocksCommand with id=1560464836861 timed out. Retrying.
2019-06-13 22:27:25,066 DEBUG block.SCMBlockDeletingService (SCMBlockDeletingService.java:call(138)) - Running DeletedBlockTransactionScanner
2019-06-13 22:27:25,066 DEBUG block.SCMBlockDeletingService (SCMBlockDeletingService.java:call(155)) - Scanned deleted blocks log and got 3 delTX to process.
2019-06-13 22:27:25,067 DEBUG block.SCMBlockDeletingService (SCMBlockDeletingService.java:call(171)) - Added delete block command for datanode d5132e6f-def8-45c0-b0d2-c5ba43d86628 in the queue, number of delete block transactions: 3, TxID list: 1,2,3
2019-06-13 22:27:25,067 INFO  block.SCMBlockDeletingService (SCMBlockDeletingService.java:call(182)) - Totally added 3 delete blocks command for 1 datanodes, task elapsed time: 1ms
2019-06-13 22:27:25,079 INFO  commands.RetriableDatanodeEventWatcher (RetriableDatanodeEventWatcher.java:onTimeout(47)) - RetriableDatanodeCommand type=deleteBlocksCommand with id=1560464836871 timed out. Retrying.
2019-06-13 22:27:25,087 INFO  commands.RetriableDatanodeEventWatcher (RetriableDatanodeEventWatcher.java:onTimeout(47)) - RetriableDatanodeCommand type=deleteBlocksCommand with id=1560464836881 timed out. Retrying.
2019-06-13 22:27:25,099 INFO  commands.RetriableDatanodeEventWatcher (RetriableDatanodeEventWatcher.java:onTimeout(47)) - RetriableDatanodeCommand type=deleteBlocksCommand with id=1560464836891 timed out. Retrying.
2019-06-13 22:27:25,114 INFO  commands.RetriableDatanodeEventWatcher (RetriableDatanodeEventWatcher.java:onTimeout(47)) - RetriableDatanodeCommand type=deleteBlocksCommand with id=1560464836901 timed out. Retrying.
2019-06-13 22:27:25,128 INFO  commands.RetriableDatanodeEventWatcher (RetriableDatanodeEventWatcher.java:onTimeout(47)) - RetriableDatanodeCommand type=deleteBlocksCommand with id=1560464836911 timed out. Retrying.
2019-06-13 22:27:25,138 INFO  commands.RetriableDatanodeEventWatcher (RetriableDatanodeEventWatcher.java:onTimeout(47)) - RetriableDatanodeCommand type=deleteBlocksCommand with id=1560464836921 timed out. Retrying.
2019-06-13 22:27:25,148 INFO  commands.RetriableDatanodeEventWatcher (RetriableDatanodeEventWatcher.java:onTimeout(47)) - RetriableDatanodeCommand type=deleteBlocksCommand with id=1560464836931 timed out. Retrying.
2019-06-13 22:27:25,167 DEBUG block.SCMBlockDeletingService (SCMBlockDeletingService.java:call(138)) - Running DeletedBlockTransactionScanner
2019-06-13 22:27:25,167 DEBUG block.SCMBlockDeletingService (SCMBlockDeletingService.java:call(155)) - Scanned deleted blocks log and got 3 delTX to process.
2019-06-13 22:27:25,168 DEBUG block.SCMBlockDeletingService (SCMBlockDeletingService.java:call(171)) - Added delete block command for datanode d5132e6f-def8-45c0-b0d2-c5ba43d86628 in the queue, number of delete block transactions: 3, TxID list: 1,2,3
2019-06-13 22:27:25,168 INFO  block.SCMBlockDeletingService (SCMBlockDeletingService.java:call(182)) - Totally added 3 delete blocks command for 1 datanodes, task elapsed time: 1ms
2019-06-13 22:27:25,169 INFO  commands.RetriableDatanodeEventWatcher (RetriableDatanodeEventWatcher.java:onTimeout(47)) - RetriableDatanodeCommand type=deleteBlocksCommand with id=1560464836862 timed out. Retrying.
2019-06-13 22:27:25,182 INFO  commands.RetriableDatanodeEventWatcher (RetriableDatanodeEventWatcher.java:onTimeout(47)) - RetriableDatanodeCommand type=deleteBlocksCommand with id=1560464836872 timed out. Retrying.
2019-06-13 22:27:25,199 INFO  commands.RetriableDatanodeEventWatcher (RetriableDatanodeEventWatcher.java:onTimeout(47)) - RetriableDatanodeCommand type=deleteBlocksCommand with id=1560464836882 timed out. Retrying.
2019-06-13 22:27:25,205 INFO  commands.RetriableDatanodeEventWatcher (RetriableDatanodeEventWatcher.java:onTimeout(47)) - RetriableDatanodeCommand type=deleteBlocksCommand with id=1560464836892 timed out. Retrying.
2019-06-13 22:27:25,214 INFO  commands.RetriableDatanodeEventWatcher (RetriableDatanodeEventWatcher.java:onTimeout(47)) - RetriableDatanodeCommand type=deleteBlocksCommand with id=1560464836902 timed out. Retrying.
2019-06-13 22:27:25,229 INFO  commands.RetriableDatanodeEventWatcher (RetriableDatanodeEventWatcher.java:onTimeout(47)) - RetriableDatanodeCommand type=deleteBlocksCommand with id=1560464836912 timed out. Retrying.
2019-06-13 22:27:25,238 INFO  commands.RetriableDatanodeEventWatcher (RetriableDatanodeEventWatcher.java:onTimeout(47)) - RetriableDatanodeCommand type=deleteBlocksCommand with id=1560464836922 timed out. Retrying.
2019-06-13 22:27:25,249 INFO  commands.RetriableDatanodeEventWatcher (RetriableDatanodeEventWatcher.java:onTimeout(47)) - RetriableDatanodeCommand type=deleteBlocksCommand with id=1560464836932 timed out. Retrying.
2019-06-13 22:27:25,268 DEBUG block.SCMBlockDeletingService (SCMBlockDeletingService.java:call(138)) - Running DeletedBlockTransactionScanner
2019-06-13 22:27:25,268 DEBUG block.SCMBlockDeletingService (SCMBlockDeletingService.java:call(155)) - Scanned deleted blocks log and got 3 delTX to process.
2019-06-13 22:27:25,269 DEBUG block.SCMBlockDeletingService (SCMBlockDeletingService.java:call(171)) - Added delete block command for datanode d5132e6f-def8-45c0-b0d2-c5ba43d86628 in the queue, number of delete block transactions: 3, TxID list: 1,2,3
2019-06-13 22:27:25,269 INFO  block.SCMBlockDeletingService (SCMBlockDeletingService.java:call(182)) - Totally added 3 delete blocks command for 1 datanodes, task elapsed time: 1ms
2019-06-13 22:27:25,271 INFO  commands.RetriableDatanodeEventWatcher (RetriableDatanodeEventWatcher.java:onTimeout(47)) - RetriableDatanodeCommand type=deleteBlocksCommand with id=1560464836863 timed out. Retrying.
2019-06-13 22:27:25,281 INFO  commands.RetriableDatanodeEventWatcher (RetriableDatanodeEventWatcher.java:onTimeout(47)) - RetriableDatanodeCommand type=deleteBlocksCommand with id=1560464836873 timed out. Retrying.
2019-06-13 22:27:25,293 INFO  commands.RetriableDatanodeEventWatcher (RetriableDatanodeEventWatcher.java:onTimeout(47)) - RetriableDatanodeCommand type=deleteBlocksCommand with id=1560464836883 timed out. Retrying.
2019-06-13 22:27:25,295 INFO  ozone.MiniOzoneClusterImpl (MiniOzoneClusterImpl.java:lambda$waitForClusterToBeReady$0(142)) - Waiting for cluster to be ready. Got 0 of 1 DN Heartbeats.
2019-06-13 22:27:25,309 INFO  commands.RetriableDatanodeEventWatcher (RetriableDatanodeEventWatcher.java:onTimeout(47)) - RetriableDatanodeCommand type=deleteBlocksCommand with id=1560464836893 timed out. Retrying.
2019-06-13 22:27:25,315 INFO  commands.RetriableDatanodeEventWatcher (RetriableDatanodeEventWatcher.java:onTimeout(47)) - RetriableDatanodeCommand type=deleteBlocksCommand with id=1560464836903 timed out. Retrying.
2019-06-13 22:27:25,329 INFO  commands.RetriableDatanodeEventWatcher (RetriableDatanodeEventWatcher.java:onTimeout(47)) - RetriableDatanodeCommand type=deleteBlocksCommand with id=1560464836913 timed out. Retrying.
2019-06-13 22:27:25,340 INFO  commands.RetriableDatanodeEventWatcher (RetriableDatanodeEventWatcher.java:onTimeout(47)) - RetriableDatanodeCommand type=deleteBlocksCommand with id=1560464836923 timed out. Retrying.
2019-06-13 22:27:25,349 INFO  commands.RetriableDatanodeEventWatcher (RetriableDatanodeEventWatcher.java:onTimeout(47)) - RetriableDatanodeCommand type=deleteBlocksCommand with id=1560464836933 timed out. Retrying.
2019-06-13 22:27:25,369 INFO  commands.RetriableDatanodeEventWatcher (RetriableDatanodeEventWatcher.java:onTimeout(47)) - RetriableDatanodeCommand type=deleteBlocksCommand with id=1560464836864 timed out. Retrying.
2019-06-13 22:27:25,369 DEBUG block.SCMBlockDeletingService (SCMBlockDeletingService.java:call(138)) - Running DeletedBlockTransactionScanner
2019-06-13 22:27:25,369 DEBUG block.SCMBlockDeletingService (SCMBlockDeletingService.java:call(155)) - Scanned deleted blocks log and got 3 delTX to process.
2019-06-13 22:27:25,370 DEBUG block.SCMBlockDeletingService (SCMBlockDeletingService.java:call(171)) - Added delete block command for datanode d5132e6f-def8-45c0-b0d2-c5ba43d86628 in the queue, number of delete block transactions: 3, TxID list: 1,2,3
2019-06-13 22:27:25,370 INFO  block.SCMBlockDeletingService (SCMBlockDeletingService.java:call(182)) - Totally added 3 delete blocks command for 1 datanodes, task elapsed time: 1ms
2019-06-13 22:27:25,381 INFO  commands.RetriableDatanodeEventWatcher (RetriableDatanodeEventWatcher.java:onTimeout(47)) - RetriableDatanodeCommand type=deleteBlocksCommand with id=1560464836874 timed out. Retrying.
2019-06-13 22:27:25,392 INFO  commands.RetriableDatanodeEventWatcher (RetriableDatanodeEventWatcher.java:onTimeout(47)) - RetriableDatanodeCommand type=deleteBlocksCommand with id=1560464836884 timed out. Retrying.
2019-06-13 22:27:25,404 INFO  commands.RetriableDatanodeEventWatcher (RetriableDatanodeEventWatcher.java:onTimeout(47)) - RetriableDatanodeCommand type=deleteBlocksCommand with id=1560464836894 timed out. Retrying.
2019-06-13 22:27:25,417 INFO  commands.RetriableDatanodeEventWatcher (RetriableDatanodeEventWatcher.java:onTimeout(47)) - RetriableDatanodeCommand type=deleteBlocksCommand with id=1560464836904 timed out. Retrying.
2019-06-13 22:27:25,430 INFO  commands.RetriableDatanodeEventWatcher (RetriableDatanodeEventWatcher.java:onTimeout(47)) - RetriableDatanodeCommand type=deleteBlocksCommand with id=1560464836914 timed out. Retrying.
2019-06-13 22:27:25,441 INFO  commands.RetriableDatanodeEventWatcher (RetriableDatanodeEventWatcher.java:onTimeout(47)) - RetriableDatanodeCommand type=deleteBlocksCommand with id=1560464836924 timed out. Retrying.
2019-06-13 22:27:25,450 INFO  commands.RetriableDatanodeEventWatcher (RetriableDatanodeEventWatcher.java:onTimeout(47)) - RetriableDatanodeCommand type=deleteBlocksCommand with id=1560464836934 timed out. Retrying.
2019-06-13 22:27:25,470 DEBUG block.SCMBlockDeletingService (SCMBlockDeletingService.java:call(138)) - Running DeletedBlockTransactionScanner
2019-06-13 22:27:25,470 DEBUG block.SCMBlockDeletingService (SCMBlockDeletingService.java:call(155)) - Scanned deleted blocks log and got 3 delTX to process.
2019-06-13 22:27:25,470 DEBUG block.SCMBlockDeletingService (SCMBlockDeletingService.java:call(171)) - Added delete block command for datanode d5132e6f-def8-45c0-b0d2-c5ba43d86628 in the queue, number of delete block transactions: 3, TxID list: 1,2,3
2019-06-13 22:27:25,471 INFO  block.SCMBlockDeletingService (SCMBlockDeletingService.java:call(182)) - Totally added 3 delete blocks command for 1 datanodes, task elapsed time: 1ms
2019-06-13 22:27:25,472 INFO  commands.RetriableDatanodeEventWatcher (RetriableDatanodeEventWatcher.java:onTimeout(47)) - RetriableDatanodeCommand type=deleteBlocksCommand with id=1560464836865 timed out. Retrying.
2019-06-13 22:27:25,481 INFO  commands.RetriableDatanodeEventWatcher (RetriableDatanodeEventWatcher.java:onTimeout(47)) - RetriableDatanodeCommand type=deleteBlocksCommand with id=1560464836875 timed out. Retrying.
2019-06-13 22:27:25,489 INFO  commands.RetriableDatanodeEventWatcher (RetriableDatanodeEventWatcher.java:onTimeout(47)) - RetriableDatanodeCommand type=deleteBlocksCommand with id=1560464836885 timed out. Retrying.
2019-06-13 22:27:25,508 INFO  commands.RetriableDatanodeEventWatcher (RetriableDatanodeEventWatcher.java:onTimeout(47)) - RetriableDatanodeCommand type=deleteBlocksCommand with id=1560464836895 timed out. Retrying.
2019-06-13 22:27:25,519 INFO  commands.RetriableDatanodeEventWatcher (RetriableDatanodeEventWatcher.java:onTimeout(47)) - RetriableDatanodeCommand type=deleteBlocksCommand with id=1560464836905 timed out. Retrying.
2019-06-13 22:27:25,530 INFO  commands.RetriableDatanodeEventWatcher (RetriableDatanodeEventWatcher.java:onTimeout(47)) - RetriableDatanodeCommand type=deleteBlocksCommand with id=1560464836915 timed out. Retrying.
2019-06-13 22:27:25,542 INFO  commands.RetriableDatanodeEventWatcher (RetriableDatanodeEventWatcher.java:onTimeout(47)) - RetriableDatanodeCommand type=deleteBlocksCommand with id=1560464836925 timed out. Retrying.
2019-06-13 22:27:25,562 INFO  commands.RetriableDatanodeEventWatcher (RetriableDatanodeEventWatcher.java:onTimeout(47)) - RetriableDatanodeCommand type=deleteBlocksCommand with id=1560464836935 timed out. Retrying.
2019-06-13 22:27:25,571 DEBUG block.SCMBlockDeletingService (SCMBlockDeletingService.java:call(138)) - Running DeletedBlockTransactionScanner
2019-06-13 22:27:25,571 DEBUG block.SCMBlockDeletingService (SCMBlockDeletingService.java:call(155)) - Scanned deleted blocks log and got 3 delTX to process.
2019-06-13 22:27:25,572 INFO  commands.RetriableDatanodeEventWatcher (SCMBlockDeletingService.java:call(171)) - Added delete block command for datanode d5132e6f-def8-45c0-b0d2-c5ba43d86628 in the queue, number of delete block transactions: 3, TxID list: 1,2,3
2019-06-13 22:27:25,572 INFO  commands.RetriableDatanodeEventWatcher (RetriableDatanodeEventWatcher.java:onTimeout(47)) - RetriableDatanodeCommand type=deleteBlocksCommand with id=1560464836866 timed out. Retrying.
2019-06-13 22:27:25,572 INFO  block.SCMBlockDeletingService (SCMBlockDeletingService.java:call(182)) - Totally added 3 delete blocks command for 1 datanodes, task elapsed time: 1ms
2019-06-13 22:27:25,583 INFO  commands.RetriableDatanodeEventWatcher (RetriableDatanodeEventWatcher.java:onTimeout(47)) - RetriableDatanodeCommand type=deleteBlocksCommand with id=1560464836876 timed out. Retrying.
2019-06-13 22:27:25,592 INFO  commands.RetriableDatanodeEventWatcher (RetriableDatanodeEventWatcher.java:onTimeout(47)) - RetriableDatanodeCommand type=deleteBlocksCommand with id=1560464836886 timed out. Retrying.
2019-06-13 22:27:25,606 INFO  commands.RetriableDatanodeEventWatcher (RetriableDatanodeEventWatcher.java:onTimeout(47)) - RetriableDatanodeCommand type=deleteBlocksCommand with id=1560464836896 timed out. Retrying.
2019-06-13 22:27:25,623 INFO  commands.RetriableDatanodeEventWatcher (RetriableDatanodeEventWatcher.java:onTimeout(47)) - RetriableDatanodeCommand type=deleteBlocksCommand with id=1560464836906 timed out. Retrying.
2019-06-13 22:27:25,631 INFO  commands.RetriableDatanodeEventWatcher (RetriableDatanodeEventWatcher.java:onTimeout(47)) - RetriableDatanodeCommand type=deleteBlocksCommand with id=1560464836916 timed out. Retrying.
2019-06-13 22:27:25,643 INFO  commands.RetriableDatanodeEventWatcher (RetriableDatanodeEventWatcher.java:onTimeout(47)) - RetriableDatanodeCommand type=deleteBlocksCommand with id=1560464836926 timed out. Retrying.
2019-06-13 22:27:25,663 INFO  commands.RetriableDatanodeEventWatcher (RetriableDatanodeEventWatcher.java:onTimeout(47)) - RetriableDatanodeCommand type=deleteBlocksCommand with id=1560464836936 timed out. Retrying.
2019-06-13 22:27:25,672 DEBUG block.SCMBlockDeletingService (SCMBlockDeletingService.java:call(138)) - Running DeletedBlockTransactionScanner
2019-06-13 22:27:25,672 DEBUG block.SCMBlockDeletingService (SCMBlockDeletingService.java:call(155)) - Scanned deleted blocks log and got 3 delTX to process.
2019-06-13 22:27:25,673 DEBUG block.SCMBlockDeletingService (SCMBlockDeletingService.java:call(171)) - Added delete block command for datanode d5132e6f-def8-45c0-b0d2-c5ba43d86628 in the queue, number of delete block transactions: 3, TxID list: 1,2,3
2019-06-13 22:27:25,674 INFO  commands.RetriableDatanodeEventWatcher (RetriableDatanodeEventWatcher.java:onTimeout(47)) - RetriableDatanodeCommand type=deleteBlocksCommand with id=1560464836867 timed out. Retrying.
2019-06-13 22:27:25,688 INFO  commands.RetriableDatanodeEventWatcher (RetriableDatanodeEventWatcher.java:onTimeout(47)) - RetriableDatanodeCommand type=deleteBlocksCommand with id=1560464836877 timed out. Retrying.
2019-06-13 22:27:25,694 INFO  commands.RetriableDatanodeEventWatcher (RetriableDatanodeEventWatcher.java:onTimeout(47)) - RetriableDatanodeCommand type=deleteBlocksCommand with id=1560464836887 timed out. Retrying.
2019-06-13 22:27:25,696 INFO  block.SCMBlockDeletingService (SCMBlockDeletingService.java:call(182)) - Totally added 3 delete blocks command for 1 datanodes, task elapsed time: 24ms
2019-06-13 22:27:25,708 INFO  commands.RetriableDatanodeEventWatcher (RetriableDatanodeEventWatcher.java:onTimeout(47)) - RetriableDatanodeCommand type=deleteBlocksCommand with id=1560464836897 timed out. Retrying.
2019-06-13 22:27:25,723 INFO  commands.RetriableDatanodeEventWatcher (RetriableDatanodeEventWatcher.java:onTimeout(47)) - RetriableDatanodeCommand type=deleteBlocksCommand with id=1560464836907 timed out. Retrying.
2019-06-13 22:27:25,732 INFO  commands.RetriableDatanodeEventWatcher (RetriableDatanodeEventWatcher.java:onTimeout(47)) - RetriableDatanodeCommand type=deleteBlocksCommand with id=1560464836917 timed out. Retrying.
2019-06-13 22:27:25,744 INFO  commands.RetriableDatanodeEventWatcher (RetriableDatanodeEventWatcher.java:onTimeout(47)) - RetriableDatanodeCommand type=deleteBlocksCommand with id=1560464836927 timed out. Retrying.
2019-06-13 22:27:25,764 INFO  commands.RetriableDatanodeEventWatcher (RetriableDatanodeEventWatcher.java:onTimeout(47)) - RetriableDatanodeCommand type=deleteBlocksCommand with id=1560464836937 timed out. Retrying.
2019-06-13 22:27:25,774 INFO  commands.RetriableDatanodeEventWatcher (RetriableDatanodeEventWatcher.java:onTimeout(47)) - RetriableDatanodeCommand type=deleteBlocksCommand with id=1560464836868 timed out. Retrying.
2019-06-13 22:27:25,787 INFO  commands.RetriableDatanodeEventWatcher (RetriableDatanodeEventWatcher.java:onTimeout(47)) - RetriableDatanodeCommand type=deleteBlocksCommand with id=1560464836878 timed out. Retrying.
2019-06-13 22:27:25,795 INFO  commands.RetriableDatanodeEventWatcher (RetriableDatanodeEventWatcher.java:onTimeout(47)) - RetriableDatanodeCommand type=deleteBlocksCommand with id=1560464836888 timed out. Retrying.
2019-06-13 22:27:25,796 DEBUG block.SCMBlockDeletingService (SCMBlockDeletingService.java:call(138)) - Running DeletedBlockTransactionScanner
2019-06-13 22:27:25,796 DEBUG block.SCMBlockDeletingService (SCMBlockDeletingService.java:call(155)) - Scanned deleted blocks log and got 3 delTX to process.
2019-06-13 22:27:25,796 DEBUG block.SCMBlockDeletingService (SCMBlockDeletingService.java:call(171)) - Added delete block command for datanode d5132e6f-def8-45c0-b0d2-c5ba43d86628 in the queue, number of delete block transactions: 3, TxID list: 1,2,3
2019-06-13 22:27:25,797 INFO  block.SCMBlockDeletingService (SCMBlockDeletingService.java:call(182)) - Totally added 3 delete blocks command for 1 datanodes, task elapsed time: 1ms
2019-06-13 22:27:25,811 INFO  commands.RetriableDatanodeEventWatcher (RetriableDatanodeEventWatcher.java:onTimeout(47)) - RetriableDatanodeCommand type=deleteBlocksCommand with id=1560464836898 timed out. Retrying.
2019-06-13 22:27:25,825 INFO  commands.RetriableDatanodeEventWatcher (RetriableDatanodeEventWatcher.java:onTimeout(47)) - RetriableDatanodeCommand type=deleteBlocksCommand with id=1560464836908 timed out. Retrying.
2019-06-13 22:27:25,834 INFO  commands.RetriableDatanodeEventWatcher (RetriableDatanodeEventWatcher.java:onTimeout(47)) - RetriableDatanodeCommand type=deleteBlocksCommand with id=1560464836918 timed out. Retrying.
2019-06-13 22:27:25,846 INFO  commands.RetriableDatanodeEventWatcher (RetriableDatanodeEventWatcher.java:onTimeout(47)) - RetriableDatanodeCommand type=deleteBlocksCommand with id=1560464836928 timed out. Retrying.
2019-06-13 22:27:25,865 INFO  commands.RetriableDatanodeEventWatcher (RetriableDatanodeEventWatcher.java:onTimeout(47)) - RetriableDatanodeCommand type=deleteBlocksCommand with id=1560464836938 timed out. Retrying.
2019-06-13 22:27:25,866 INFO  commands.RetriableDatanodeEventWatcher (RetriableDatanodeEventWatcher.java:onTimeout(47)) - RetriableDatanodeCommand type=deleteBlocksCommand with id=1560464836859 timed out. Retrying.
2019-06-13 22:27:25,876 INFO  commands.RetriableDatanodeEventWatcher (RetriableDatanodeEventWatcher.java:onTimeout(47)) - RetriableDatanodeCommand type=deleteBlocksCommand with id=1560464836869 timed out. Retrying.
2019-06-13 22:27:25,886 INFO  commands.RetriableDatanodeEventWatcher (RetriableDatanodeEventWatcher.java:onTimeout(47)) - RetriableDatanodeCommand type=deleteBlocksCommand with id=1560464836879 timed out. Retrying.
2019-06-13 22:27:25,896 INFO  commands.RetriableDatanodeEventWatcher (RetriableDatanodeEventWatcher.java:onTimeout(47)) - RetriableDatanodeCommand type=deleteBlocksCommand with id=1560464836889 timed out. Retrying.
2019-06-13 22:27:25,897 DEBUG block.SCMBlockDeletingService (SCMBlockDeletingService.java:call(138)) - Running DeletedBlockTransactionScanner
2019-06-13 22:27:25,897 DEBUG block.SCMBlockDeletingService (SCMBlockDeletingService.java:call(155)) - Scanned deleted blocks log and got 3 delTX to process.
2019-06-13 22:27:25,898 DEBUG block.SCMBlockDeletingService (SCMBlockDeletingService.java:call(171)) - Added delete block command for datanode d5132e6f-def8-45c0-b0d2-c5ba43d86628 in the queue, number of delete block transactions: 3, TxID list: 1,2,3
2019-06-13 22:27:25,898 INFO  block.SCMBlockDeletingService (SCMBlockDeletingService.java:call(182)) - Totally added 3 delete blocks command for 1 datanodes, task elapsed time: 1ms
2019-06-13 22:27:25,911 INFO  commands.RetriableDatanodeEventWatcher (RetriableDatanodeEventWatcher.java:onTimeout(47)) - RetriableDatanodeCommand type=deleteBlocksCommand with id=1560464836899 timed out. Retrying.
2019-06-13 22:27:25,925 INFO  commands.RetriableDatanodeEventWatcher (RetriableDatanodeEventWatcher.java:onTimeout(47)) - RetriableDatanodeCommand type=deleteBlocksCommand with id=1560464836909 timed out. Retrying.
2019-06-13 22:27:25,936 INFO  commands.RetriableDatanodeEventWatcher (RetriableDatanodeEventWatcher.java:onTimeout(47)) - RetriableDatanodeCommand type=deleteBlocksCommand with id=1560464836919 timed out. Retrying.
2019-06-13 22:27:25,946 INFO  commands.RetriableDatanodeEventWatcher (RetriableDatanodeEventWatcher.java:onTimeout(47)) - RetriableDatanodeCommand type=deleteBlocksCommand with id=1560464836929 timed out. Retrying.
2019-06-13 22:27:25,964 INFO  commands.RetriableDatanodeEventWatcher (RetriableDatanodeEventWatcher.java:onTimeout(47)) - RetriableDatanodeCommand type=deleteBlocksCommand with id=1560464836860 timed out. Retrying.
2019-06-13 22:27:25,966 INFO  commands.RetriableDatanodeEventWatcher (RetriableDatanodeEventWatcher.java:onTimeout(47)) - RetriableDatanodeCommand type=deleteBlocksCommand with id=1560464836939 timed out. Retrying.
2019-06-13 22:27:25,980 INFO  commands.RetriableDatanodeEventWatcher (RetriableDatanodeEventWatcher.java:onTimeout(47)) - RetriableDatanodeCommand type=deleteBlocksCommand with id=1560464836870 timed out. Retrying.
2019-06-13 22:27:25,985 INFO  commands.RetriableDatanodeEventWatcher (RetriableDatanodeEventWatcher.java:onTimeout(47)) - RetriableDatanodeCommand type=deleteBlocksCommand with id=1560464836880 timed out. Retrying.
2019-06-13 22:27:25,998 DEBUG block.SCMBlockDeletingService (SCMBlockDeletingService.java:call(138)) - Running DeletedBlockTransactionScanner
2019-06-13 22:27:25,998 DEBUG block.SCMBlockDeletingService (SCMBlockDeletingService.java:call(155)) - Scanned deleted blocks log and got 3 delTX to process.
2019-06-13 22:27:25,998 DEBUG block.SCMBlockDeletingService (SCMBlockDeletingService.java:call(171)) - Added delete block command for datanode d5132e6f-def8-45c0-b0d2-c5ba43d86628 in the queue, number of delete block transactions: 3, TxID list: 1,2,3
2019-06-13 22:27:25,999 INFO  block.SCMBlockDeletingService (SCMBlockDeletingService.java:call(182)) - Totally added 3 delete blocks command for 1 datanodes, task elapsed time: 1ms
2019-06-13 22:27:26,001 INFO  commands.RetriableDatanodeEventWatcher (RetriableDatanodeEventWatcher.java:onTimeout(47)) - RetriableDatanodeCommand type=deleteBlocksCommand with id=1560464836890 timed out. Retrying.
2019-06-13 22:27:26,011 INFO  commands.RetriableDatanodeEventWatcher (RetriableDatanodeEventWatcher.java:onTimeout(47)) - RetriableDatanodeCommand type=deleteBlocksCommand with id=1560464836900 timed out. Retrying.
2019-06-13 22:27:26,026 INFO  commands.RetriableDatanodeEventWatcher (RetriableDatanodeEventWatcher.java:onTimeout(47)) - RetriableDatanodeCommand type=deleteBlocksCommand with id=1560464836910 timed out. Retrying.
2019-06-13 22:27:26,037 INFO  commands.RetriableDatanodeEventWatcher (RetriableDatanodeEventWatcher.java:onTimeout(47)) - RetriableDatanodeCommand type=deleteBlocksCommand with id=1560464836920 timed out. Retrying.
2019-06-13 22:27:26,047 INFO  commands.RetriableDatanodeEventWatcher (RetriableDatanodeEventWatcher.java:onTimeout(47)) - RetriableDatanodeCommand type=deleteBlocksCommand with id=1560464836930 timed out. Retrying.
2019-06-13 22:27:26,066 INFO  commands.RetriableDatanodeEventWatcher (RetriableDatanodeEventWatcher.java:onTimeout(47)) - RetriableDatanodeCommand type=deleteBlocksCommand with id=1560464836861 timed out. Retrying.
2019-06-13 22:27:26,067 INFO  commands.RetriableDatanodeEventWatcher (RetriableDatanodeEventWatcher.java:onTimeout(47)) - RetriableDatanodeCommand type=deleteBlocksCommand with id=1560464836940 timed out. Retrying.
2019-06-13 22:27:26,079 INFO  commands.RetriableDatanodeEventWatcher (RetriableDatanodeEventWatcher.java:onTimeout(47)) - RetriableDatanodeCommand type=deleteBlocksCommand with id=1560464836871 timed out. Retrying.
2019-06-13 22:27:26,088 INFO  commands.RetriableDatanodeEventWatcher (RetriableDatanodeEventWatcher.java:onTimeout(47)) - RetriableDatanodeCommand type=deleteBlocksCommand with id=1560464836881 timed out. Retrying.
2019-06-13 22:27:26,099 INFO  commands.RetriableDatanodeEventWatcher (RetriableDatanodeEventWatcher.java:onTimeout(47)) - RetriableDatanodeCommand type=deleteBlocksCommand with id=1560464836891 timed out. Retrying.
SCMBlockDeletingService.java:call(138)) - Running DeletedBlockTransactionScanner
2019-06-13 22:27:26,099 INFO  commands.RetriableDatanodeEventWatcher (RetriableDatanodeEventWatcher.java:onTimeout(47)) - RetriableDatanodeCommand type=deleteBlocksCommand with id=1560464836891 timed out. Retrying.
2019-06-13 22:27:26,099 DEBUG block.SCMBlockDeletingService (SCMBlockDeletingService.java:call(155)) - Scanned deleted blocks log and got 3 delTX to process.
2019-06-13 22:27:26,099 DEBUG block.SCMBlockDeletingService (SCMBlockDeletingService.java:call(171)) - Added delete block command for datanode d5132e6f-def8-45c0-b0d2-c5ba43d86628 in the queue, number of delete block transactions: 3, TxID list: 1,2,3
2019-06-13 22:27:26,100 INFO  block.SCMBlockDeletingService (SCMBlockDeletingService.java:call(182)) - Totally added 3 delete blocks command for 1 datanodes, task elapsed time: 1ms
2019-06-13 22:27:26,115 INFO  commands.RetriableDatanodeEventWatcher (RetriableDatanodeEventWatcher.java:onTimeout(47)) - RetriableDatanodeCommand type=deleteBlocksCommand with id=1560464836901 timed out. Retrying.
2019-06-13 22:27:26,128 INFO  commands.RetriableDatanodeEventWatcher (RetriableDatanodeEventWatcher.java:onTimeout(47)) - RetriableDatanodeCommand type=deleteBlocksCommand with id=1560464836911 timed out. Retrying.
2019-06-13 22:27:26,139 INFO  commands.RetriableDatanodeEventWatcher (RetriableDatanodeEventWatcher.java:onTimeout(47)) - RetriableDatanodeCommand type=deleteBlocksCommand with id=1560464836921 timed out. Retrying.
2019-06-13 22:27:26,148 INFO  commands.RetriableDatanodeEventWatcher (RetriableDatanodeEventWatcher.java:onTimeout(47)) - RetriableDatanodeCommand type=deleteBlocksCommand with id=1560464836931 timed out. Retrying.
2019-06-13 22:27:26,168 INFO  commands.RetriableDatanodeEventWatcher (RetriableDatanodeEventWatcher.java:onTimeout(47)) - RetriableDatanodeCommand type=deleteBlocksCommand with id=1560464836941 timed out. Retrying.
2019-06-13 22:27:26,169 INFO  commands.RetriableDatanodeEventWatcher (RetriableDatanodeEventWatcher.java:onTimeout(47)) - RetriableDatanodeCommand type=deleteBlocksCommand with id=1560464836862 timed out. Retrying.
2019-06-13 22:27:26,183 INFO  commands.RetriableDatanodeEventWatcher (RetriableDatanodeEventWatcher.java:onTimeout(47)) - RetriableDatanodeCommand type=deleteBlocksCommand with id=1560464836872 timed out. Retrying.
2019-06-13 22:27:26,199 INFO  commands.RetriableDatanodeEventWatcher (RetriableDatanodeEventWatcher.java:onTimeout(47)) - RetriableDatanodeCommand type=deleteBlocksCommand with id=1560464836882 timed out. Retrying.
2019-06-13 22:27:26,200 DEBUG block.SCMBlockDeletingService (SCMBlockDeletingService.java:call(138)) - Running DeletedBlockTransactionScanner
2019-06-13 22:27:26,200 DEBUG block.SCMBlockDeletingService (SCMBlockDeletingService.java:call(155)) - Scanned deleted blocks log and got 3 delTX to process.
2019-06-13 22:27:26,200 DEBUG block.SCMBlockDeletingService (SCMBlockDeletingService.java:call(171)) - Added delete block command for datanode d5132e6f-def8-45c0-b0d2-c5ba43d86628 in the queue, number of delete block transactions: 3, TxID list: 1,2,3
2019-06-13 22:27:26,200 INFO  block.SCMBlockDeletingService (SCMBlockDeletingService.java:call(182)) - Totally added 3 delete blocks command for 1 datanodes, task elapsed time: 1ms
2019-06-13 22:27:26,206 INFO  commands.RetriableDatanodeEventWatcher (RetriableDatanodeEventWatcher.java:onTimeout(47)) - RetriableDatanodeCommand type=deleteBlocksCommand with id=1560464836892 timed out. Retrying.
2019-06-13 22:27:26,214 INFO  commands.RetriableDatanodeEventWatcher (RetriableDatanodeEventWatcher.java:onTimeout(47)) - RetriableDatanodeCommand type=deleteBlocksCommand with id=1560464836902 timed out. Retrying.
2019-06-13 22:27:26,230 INFO  commands.RetriableDatanodeEventWatcher (RetriableDatanodeEventWatcher.java:onTimeout(47)) - RetriableDatanodeCommand type=deleteBlocksCommand with id=1560464836912 timed out. Retrying.
2019-06-13 22:27:26,238 INFO  commands.RetriableDatanodeEventWatcher (RetriableDatanodeEventWatcher.java:onTimeout(47)) - RetriableDatanodeCommand type=deleteBlocksCommand with id=1560464836922 timed out. Retrying.
2019-06-13 22:27:26,249 INFO  commands.RetriableDatanodeEventWatcher (RetriableDatanodeEventWatcher.java:onTimeout(47)) - RetriableDatanodeCommand type=deleteBlocksCommand with id=1560464836932 timed out. Retrying.
2019-06-13 22:27:26,269 INFO  commands.RetriableDatanodeEventWatcher (RetriableDatanodeEventWatcher.java:onTimeout(47)) - RetriableDatanodeCommand type=deleteBlocksCommand with id=1560464836942 timed out. Retrying.
2019-06-13 22:27:26,270 INFO  commands.RetriableDatanodeEventWatcher (RetriableDatanodeEventWatcher.java:onTimeout(47)) - RetriableDatanodeCommand type=deleteBlocksCommand with id=1560464836863 timed out. Retrying.
2019-06-13 22:27:26,282 INFO  commands.RetriableDatanodeEventWatcher (RetriableDatanodeEventWatcher.java:onTimeout(47)) - RetriableDatanodeCommand type=deleteBlocksCommand with id=1560464836873 timed out. Retrying.
2019-06-13 22:27:26,293 INFO  commands.RetriableDatanodeEventWatcher (RetriableDatanodeEventWatcher.java:onTimeout(47)) - RetriableDatanodeCommand type=deleteBlocksCommand with id=1560464836883 timed out. Retrying.
2019-06-13 22:27:26,295 INFO  ozone.MiniOzoneClusterImpl (MiniOzoneClusterImpl.java:lambda$waitForClusterToBeReady$0(142)) - Waiting for cluster to be ready. Got 0 of 1 DN Heartbeats.
2019-06-13 22:27:26,296 INFO  block.SCMBlockDeletingService (SCMBlockDeletingService.java:handlePendingDeletes(115)) - Block deletion txnID mismatch in datanode d5132e6f-def8-45c0-b0d2-c5ba43d86628 for containerID 1. Datanode delete txnID: 0, SCM txnID: 1
2019-06-13 22:27:26,296 INFO  block.SCMBlockDeletingService (SCMBlockDeletingService.java:handlePendingDeletes(115)) - Block deletion txnID mismatch in datanode d5132e6f-def8-45c0-b0d2-c5ba43d86628 for containerID 2. Datanode delete txnID: 0, SCM txnID: 2
2019-06-13 22:27:26,296 INFO  block.SCMBlockDeletingService (SCMBlockDeletingService.java:handlePendingDeletes(115)) - Block deletion txnID mismatch in datanode d5132e6f-def8-45c0-b0d2-c5ba43d86628 for containerID 3. Datanode delete txnID: 0, SCM txnID: 3
2019-06-13 22:27:26,301 DEBUG block.SCMBlockDeletingService (SCMBlockDeletingService.java:call(138)) - Running DeletedBlockTransactionScanner
2019-06-13 22:27:26,301 DEBUG block.SCMBlockDeletingService (SCMBlockDeletingService.java:call(155)) - Scanned deleted blocks log and got 3 delTX to process.
2019-06-13 22:27:26,301 DEBUG block.SCMBlockDeletingService (SCMBlockDeletingService.java:call(171)) - Added delete block command for datanode d5132e6f-def8-45c0-b0d2-c5ba43d86628 in the queue, number of delete block transactions: 3, TxID list: 1,2,3
2019-06-13 22:27:26,301 INFO  block.SCMBlockDeletingService (SCMBlockDeletingService.java:call(182)) - Totally added 3 delete blocks command for 1 datanodes, task elapsed time: 1ms
2019-06-13 22:27:26,310 INFO  commands.RetriableDatanodeEventWatcher (RetriableDatanodeEventWatcher.java:onTimeout(47)) - RetriableDatanodeCommand type=deleteBlocksCommand with id=1560464836893 timed out. Retrying.
2019-06-13 22:27:26,315 INFO  commands.RetriableDatanodeEventWatcher (RetriableDatanodeEventWatcher.java:onTimeout(47)) - RetriableDatanodeCommand type=deleteBlocksCommand with id=1560464836903 timed out. Retrying.
2019-06-13 22:27:26,329 INFO  commands.RetriableDatanodeEventWatcher (RetriableDatanodeEventWatcher.java:onTimeout(47)) - RetriableDatanodeCommand type=deleteBlocksCommand with id=1560464836913 timed out. Retrying.
2019-06-13 22:27:26,340 INFO  commands.RetriableDatanodeEventWatcher (RetriableDatanodeEventWatcher.java:onTimeout(47)) - RetriableDatanodeCommand type=deleteBlocksCommand with id=1560464836923 timed out. Retrying.
2019-06-13 22:27:26,344 INFO  impl.RaftServerProxy (RaftServerProxy.java:addNew(89)) - d5132e6f-def8-45c0-b0d2-c5ba43d86628: addNew group-7FE77483B693:[d5132e6f-def8-45c0-b0d2-c5ba43d86628:192.168.105.169:33565] returns group-7FE77483B693:java.util.concurrent.CompletableFuture@216814d7[Not completed]
2019-06-13 22:27:26,344 INFO  impl.RaftServerImpl (RaftServerImpl.java:<init>(91)) - d5132e6f-def8-45c0-b0d2-c5ba43d86628: new RaftServerImpl for group-7FE77483B693:[d5132e6f-def8-45c0-b0d2-c5ba43d86628:192.168.105.169:33565] with ContainerStateMachine:uninitialized
2019-06-13 22:27:26,345 INFO  server.RaftServerConfigKeys (ConfUtils.java:logGet(43)) - raft.server.rpc.timeout.min = 1s (custom)
2019-06-13 22:27:26,345 INFO  server.RaftServerConfigKeys (ConfUtils.java:logGet(43)) - raft.server.rpc.timeout.max = 1200ms (custom)
2019-06-13 22:27:26,345 INFO  server.RaftServerConfigKeys (ConfUtils.java:logGet(43)) - raft.server.rpcslowness.timeout = 120s (custom)
2019-06-13 22:27:26,345 INFO  server.RaftServerConfigKeys (ConfUtils.java:logGet(43)) - raft.server.log.appender.install.snapshot.enabled = true (default)
2019-06-13 22:27:26,345 INFO  impl.RaftServerImpl (ServerState.java:<init>(101)) - d5132e6f-def8-45c0-b0d2-c5ba43d86628:group-7FE77483B693 ConfigurationManager, init=-1: [d5132e6f-def8-45c0-b0d2-c5ba43d86628:192.168.105.169:33565], old=null, confs=<EMPTY_MAP>
2019-06-13 22:27:26,345 INFO  server.RaftServerConfigKeys (ConfUtils.java:logGet(43)) - raft.server.storage.dir = [/opt/src/hadoop-ozone/integration-test/target/test-dir/MiniOzoneClusterImpl-e9ea07bb-4900-4b53-96c1-68f0ab556a80/datanode-0/data/ratis] (custom)
2019-06-13 22:27:26,345 INFO  storage.RaftStorageDirectory (RaftStorageDirectory.java:analyzeStorage(246)) - The storage directory /opt/src/hadoop-ozone/integration-test/target/test-dir/MiniOzoneClusterImpl-e9ea07bb-4900-4b53-96c1-68f0ab556a80/datanode-0/data/ratis/b20c0c4e-aa3d-424e-ad77-7fe77483b693 does not exist. Creating ...
2019-06-13 22:27:26,350 INFO  commands.RetriableDatanodeEventWatcher (RetriableDatanodeEventWatcher.java:onTimeout(47)) - RetriableDatanodeCommand type=deleteBlocksCommand with id=1560464836933 timed out. Retrying.
2019-06-13 22:27:26,368 INFO  commands.RetriableDatanodeEventWatcher (RetriableDatanodeEventWatcher.java:onTimeout(47)) - RetriableDatanodeCommand type=deleteBlocksCommand with id=1560464836864 timed out. Retrying.
2019-06-13 22:27:26,370 INFO  commands.RetriableDatanodeEventWatcher (RetriableDatanodeEventWatcher.java:onTimeout(47)) - RetriableDatanodeCommand type=deleteBlocksCommand with id=1560464836943 timed out. Retrying.
2019-06-13 22:27:26,385 INFO  commands.RetriableDatanodeEventWatcher (RetriableDatanodeEventWatcher.java:onTimeout(47)) - RetriableDatanodeCommand type=deleteBlocksCommand with id=1560464836874 timed out. Retrying.
2019-06-13 22:27:26,393 INFO  commands.RetriableDatanodeEventWatcher (RetriableDatanodeEventWatcher.java:onTimeout(47)) - RetriableDatanodeCommand type=deleteBlocksCommand with id=1560464836884 timed out. Retrying.
2019-06-13 22:27:26,402 DEBUG block.SCMBlockDeletingService (SCMBlockDeletingService.java:call(138)) - Running DeletedBlockTransactionScanner
2019-06-13 22:27:26,405 INFO  commands.RetriableDatanodeEventWatcher (RetriableDatanodeEventWatcher.java:onTimeout(47)) - RetriableDatanodeCommand type=deleteBlocksCommand with id=1560464836894 timed out. Retrying.
2019-06-13 22:27:26,414 DEBUG block.SCMBlockDeletingService (SCMBlockDeletingService.java:call(155)) - Scanned deleted blocks log and got 3 delTX to process.
2019-06-13 22:27:26,414 DEBUG block.SCMBlockDeletingService (SCMBlockDeletingService.java:call(171)) - Added delete block command for datanode d5132e6f-def8-45c0-b0d2-c5ba43d86628 in the queue, number of delete block transactions: 3, TxID list: 1,2,3
2019-06-13 22:27:26,416 INFO  commands.RetriableDatanodeEventWatcher (RetriableDatanodeEventWatcher.java:onTimeout(47)) - RetriableDatanodeCommand type=deleteBlocksCommand with id=1560464836904 timed out. Retrying.
2019-06-13 22:27:26,431 INFO  commands.RetriableDatanodeEventWatcher (RetriableDatanodeEventWatcher.java:onTimeout(47)) - RetriableDatanodeCommand type=deleteBlocksCommand with id=1560464836914 timed out. Retrying.
2019-06-13 22:27:26,431 INFO  block.SCMBlockDeletingService (SCMBlockDeletingService.java:call(182)) - Totally added 3 delete blocks command for 1 datanodes, task elapsed time: 29ms
2019-06-13 22:27:26,441 INFO  commands.RetriableDatanodeEventWatcher (RetriableDatanodeEventWatcher.java:onTimeout(47)) - RetriableDatanodeCommand type=deleteBlocksCommand with id=1560464836924 timed out. Retrying.
2019-06-13 22:27:26,451 INFO  commands.RetriableDatanodeEventWatcher (RetriableDatanodeEventWatcher.java:onTimeout(47)) - RetriableDatanodeCommand type=deleteBlocksCommand with id=1560464836934 timed out. Retrying.
2019-06-13 22:27:26,471 INFO  commands.RetriableDatanodeEventWatcher (RetriableDatanodeEventWatcher.java:onTimeout(47)) - RetriableDatanodeCommand type=deleteBlocksCommand with id=1560464836944 timed out. Retrying.
2019-06-13 22:27:26,471 INFO  commands.RetriableDatanodeEventWatcher (RetriableDatanodeEventWatcher.java:onTimeout(47)) - RetriableDatanodeCommand type=deleteBlocksCommand with id=1560464836865 timed out. Retrying.
2019-06-13 22:27:26,482 INFO  commands.RetriableDatanodeEventWatcher (RetriableDatanodeEventWatcher.java:onTimeout(47)) - RetriableDatanodeCommand type=deleteBlocksCommand with id=1560464836875 timed out. Retrying.
2019-06-13 22:27:26,490 INFO  commands.RetriableDatanodeEventWatcher (RetriableDatanodeEventWatcher.java:onTimeout(47)) - RetriableDatanodeCommand type=deleteBlocksCommand with id=1560464836885 timed out. Retrying.
2019-06-13 22:27:26,508 INFO  commands.RetriableDatanodeEventWatcher (RetriableDatanodeEventWatcher.java:onTimeout(47)) - RetriableDatanodeCommand type=deleteBlocksCommand with id=1560464836895 timed out. Retrying.
2019-06-13 22:27:26,520 INFO  commands.RetriableDatanodeEventWatcher (RetriableDatanodeEventWatcher.java:onTimeout(47)) - RetriableDatanodeCommand type=deleteBlocksCommand with id=1560464836905 timed out. Retrying.
2019-06-13 22:27:26,530 INFO  commands.RetriableDatanodeEventWatcher (RetriableDatanodeEventWatcher.java:onTimeout(47)) - RetriableDatanodeCommand type=deleteBlocksCommand with id=1560464836915 timed out. Retrying.
2019-06-13 22:27:26,531 DEBUG block.SCMBlockDeletingService (SCMBlockDeletingService.java:call(138)) - Running DeletedBlockTransactionScanner
2019-06-13 22:27:26,531 DEBUG block.SCMBlockDeletingService (SCMBlockDeletingService.java:call(155)) - Scanned deleted blocks log and got 3 delTX to process.
2019-06-13 22:27:26,532 DEBUG block.SCMBlockDeletingService (SCMBlockDeletingService.java:call(171)) - Added delete block command for datanode d5132e6f-def8-45c0-b0d2-c5ba43d86628 in the queue, number of delete block transactions: 3, TxID list: 1,2,3
2019-06-13 22:27:26,532 INFO  block.SCMBlockDeletingService (SCMBlockDeletingService.java:call(182)) - Totally added 3 delete blocks command for 1 datanodes, task elapsed time: 1ms
2019-06-13 22:27:26,542 INFO  commands.RetriableDatanodeEventWatcher (RetriableDatanodeEventWatcher.java:onTimeout(47)) - RetriableDatanodeCommand type=deleteBlocksCommand with id=1560464836925 timed out. Retrying.
2019-06-13 22:27:26,562 INFO  commands.RetriableDatanodeEventWatcher (RetriableDatanodeEventWatcher.java:onTimeout(47)) - RetriableDatanodeCommand type=deleteBlocksCommand with id=1560464836935 timed out. Retrying.
2019-06-13 22:27:26,572 INFO  commands.RetriableDatanodeEventWatcher (RetriableDatanodeEventWatcher.java:onTimeout(47)) - RetriableDatanodeCommand type=deleteBlocksCommand with id=1560464836866 timed out. Retrying.
2019-06-13 22:27:26,577 INFO  commands.RetriableDatanodeEventWatcher (RetriableDatanodeEventWatcher.java:onTimeout(47)) - RetriableDatanodeCommand type=deleteBlocksCommand with id=1560464836945 timed out. Retrying.
2019-06-13 22:27:26,584 INFO  commands.RetriableDatanodeEventWatcher (RetriableDatanodeEventWatcher.java:onTimeout(47)) - RetriableDatanodeCommand type=deleteBlocksCommand with id=1560464836876 timed out. Retrying.
2019-06-13 22:27:26,593 INFO  commands.RetriableDatanodeEventWatcher (RetriableDatanodeEventWatcher.java:onTimeout(47)) - RetriableDatanodeCommand type=deleteBlocksCommand with id=1560464836886 timed out. Retrying.
2019-06-13 22:27:26,607 INFO  commands.RetriableDatanodeEventWatcher (RetriableDatanodeEventWatcher.java:onTimeout(47)) - RetriableDatanodeCommand type=deleteBlocksCommand with id=1560464836896 timed out. Retrying.
2019-06-13 22:27:26,624 INFO  commands.RetriableDatanodeEventWatcher (RetriableDatanodeEventWatcher.java:onTimeout(47)) - RetriableDatanodeCommand type=deleteBlocksCommand with id=1560464836906 timed out. Retrying.
2019-06-13 22:27:26,631 INFO  commands.RetriableDatanodeEventWatcher (RetriableDatanodeEventWatcher.java:onTimeout(47)) - RetriableDatanodeCommand type=deleteBlocksCommand with id=1560464836916 timed out. Retrying.
2019-06-13 22:27:26,632 DEBUG block.SCMBlockDeletingService (SCMBlockDeletingService.java:call(138)) - Running DeletedBlockTransactionScanner
2019-06-13 22:27:26,633 DEBUG block.SCMBlockDeletingService (SCMBlockDeletingService.java:call(155)) - Scanned deleted blocks log and got 3 delTX to process.
2019-06-13 22:27:26,633 DEBUG block.SCMBlockDeletingService (SCMBlockDeletingService.java:call(171)) - Added delete block command for datanode d5132e6f-def8-45c0-b0d2-c5ba43d86628 in the queue, number of delete block transactions: 3, TxID list: 1,2,3
2019-06-13 22:27:26,633 INFO  block.SCMBlockDeletingService (SCMBlockDeletingService.java:call(182)) - Totally added 3 delete blocks command for 1 datanodes, task elapsed time: 0ms
2019-06-13 22:27:26,643 INFO  commands.RetriableDatanodeEventWatcher (RetriableDatanodeEventWatcher.java:onTimeout(47)) - RetriableDatanodeCommand type=deleteBlocksCommand with id=1560464836926 timed out. Retrying.
2019-06-13 22:27:26,664 INFO  commands.RetriableDatanodeEventWatcher (RetriableDatanodeEventWatcher.java:onTimeout(47)) - RetriableDatanodeCommand type=deleteBlocksCommand with id=1560464836936 timed out. Retrying.
2019-06-13 22:27:26,673 INFO  commands.RetriableDatanodeEventWatcher (RetriableDatanodeEventWatcher.java:onTimeout(47)) - RetriableDatanodeCommand type=deleteBlocksCommand with id=1560464836946 timed out. Retrying.
2019-06-13 22:27:26,674 INFO  commands.RetriableDatanodeEventWatcher (RetriableDatanodeEventWatcher.java:onTimeout(47)) - RetriableDatanodeCommand type=deleteBlocksCommand with id=1560464836867 timed out. Retrying.
2019-06-13 22:27:26,688 INFO  commands.RetriableDatanodeEventWatcher (RetriableDatanodeEventWatcher.java:onTimeout(47)) - RetriableDatanodeCommand type=deleteBlocksCommand with id=1560464836877 timed out. Retrying.
2019-06-13 22:27:26,695 INFO  commands.RetriableDatanodeEventWatcher (RetriableDatanodeEventWatcher.java:onTimeout(47)) - RetriableDatanodeCommand type=deleteBlocksCommand with id=1560464836887 timed out. Retrying.
2019-06-13 22:27:26,720 INFO  commands.RetriableDatanodeEventWatcher (RetriableDatanodeEventWatcher.java:onTimeout(47)) - RetriableDatanodeCommand type=deleteBlocksCommand with id=1560464836897 timed out. Retrying.
2019-06-13 22:27:26,725 INFO  commands.RetriableDatanodeEventWatcher (RetriableDatanodeEventWatcher.java:onTimeout(47)) - RetriableDatanodeCommand type=deleteBlocksCommand with id=1560464836907 timed out. Retrying.
2019-06-13 22:27:26,736 DEBUG block.SCMBlockDeletingService (RetriableDatanodeEventWatcher.java:onTimeout(47)) - RetriableDatanodeCommand type=deleteBlocksCommand with id=1560464836917 timed out. Retrying.
SCMBlockDeletingService.java:call(138)) - Running DeletedBlockTransactionScanner
2019-06-13 22:27:26,736 INFO  commands.RetriableDatanodeEventWatcher (RetriableDatanodeEventWatcher.java:onTimeout(47)) - RetriableDatanodeCommand type=deleteBlocksCommand with id=1560464836917 timed out. Retrying.
2019-06-13 22:27:26,736 DEBUG block.SCMBlockDeletingService (SCMBlockDeletingService.java:call(155)) - Scanned deleted blocks log and got 3 delTX to process.
2019-06-13 22:27:26,737 DEBUG block.SCMBlockDeletingService (SCMBlockDeletingService.java:call(171)) - Added delete block command for datanode d5132e6f-def8-45c0-b0d2-c5ba43d86628 in the queue, number of delete block transactions: 3, TxID list: 1,2,3
2019-06-13 22:27:26,737 INFO  block.SCMBlockDeletingService (SCMBlockDeletingService.java:call(182)) - Totally added 3 delete blocks command for 1 datanodes, task elapsed time: 2ms
2019-06-13 22:27:26,744 INFO  commands.RetriableDatanodeEventWatcher (RetriableDatanodeEventWatcher.java:onTimeout(47)) - RetriableDatanodeCommand type=deleteBlocksCommand with id=1560464836927 timed out. Retrying.
2019-06-13 22:27:26,765 INFO  commands.RetriableDatanodeEventWatcher (RetriableDatanodeEventWatcher.java:onTimeout(47)) - RetriableDatanodeCommand type=deleteBlocksCommand with id=1560464836937 timed out. Retrying.
2019-06-13 22:27:26,774 INFO  commands.RetriableDatanodeEventWatcher (RetriableDatanodeEventWatcher.java:onTimeout(47)) - RetriableDatanodeCommand type=deleteBlocksCommand with id=1560464836868 timed out. Retrying.
2019-06-13 22:27:26,788 INFO  commands.RetriableDatanodeEventWatcher (RetriableDatanodeEventWatcher.java:onTimeout(47)) - RetriableDatanodeCommand type=deleteBlocksCommand with id=1560464836878 timed out. Retrying.
2019-06-13 22:27:26,796 INFO  commands.RetriableDatanodeEventWatcher (RetriableDatanodeEventWatcher.java:onTimeout(47)) - RetriableDatanodeCommand type=deleteBlocksCommand with id=1560464836888 timed out. Retrying.
2019-06-13 22:27:26,796 INFO  commands.RetriableDatanodeEventWatcher (RetriableDatanodeEventWatcher.java:onTimeout(47)) - RetriableDatanodeCommand type=deleteBlocksCommand with id=1560464836947 timed out. Retrying.
2019-06-13 22:27:26,812 INFO  commands.RetriableDatanodeEventWatcher (RetriableDatanodeEventWatcher.java:onTimeout(47)) - RetriableDatanodeCommand type=deleteBlocksCommand with id=1560464836898 timed out. Retrying.
2019-06-13 22:27:26,825 INFO  commands.RetriableDatanodeEventWatcher (RetriableDatanodeEventWatcher.java:onTimeout(47)) - RetriableDatanodeCommand type=deleteBlocksCommand with id=1560464836908 timed out. Retrying.
2019-06-13 22:27:26,834 INFO  commands.RetriableDatanodeEventWatcher (RetriableDatanodeEventWatcher.java:onTimeout(47)) - RetriableDatanodeCommand type=deleteBlocksCommand with id=1560464836918 timed out. Retrying.
2019-06-13 22:27:26,838 DEBUG block.SCMBlockDeletingService (SCMBlockDeletingService.java:call(138)) - Running DeletedBlockTransactionScanner
2019-06-13 22:27:26,838 DEBUG block.SCMBlockDeletingService (SCMBlockDeletingService.java:call(155)) - Scanned deleted blocks log and got 3 delTX to process.
2019-06-13 22:27:26,838 DEBUG block.SCMBlockDeletingService (SCMBlockDeletingService.java:call(171)) - Added delete block command for datanode d5132e6f-def8-45c0-b0d2-c5ba43d86628 in the queue, number of delete block transactions: 3, TxID list: 1,2,3
2019-06-13 22:27:26,838 INFO  block.SCMBlockDeletingService (SCMBlockDeletingService.java:call(182)) - Totally added 3 delete blocks command for 1 datanodes, task elapsed time: 1ms
2019-06-13 22:27:26,847 INFO  commands.RetriableDatanodeEventWatcher (RetriableDatanodeEventWatcher.java:onTimeout(47)) - RetriableDatanodeCommand type=deleteBlocksCommand with id=1560464836928 timed out. Retrying.
2019-06-13 22:27:26,865 INFO  commands.RetriableDatanodeEventWatcher (RetriableDatanodeEventWatcher.java:onTimeout(47)) - RetriableDatanodeCommand type=deleteBlocksCommand with id=1560464836938 timed out. Retrying.
2019-06-13 22:27:26,866 INFO  commands.RetriableDatanodeEventWatcher (RetriableDatanodeEventWatcher.java:onTimeout(47)) - RetriableDatanodeCommand type=deleteBlocksCommand with id=1560464836859 timed out. Retrying.
2019-06-13 22:27:26,876 INFO  commands.RetriableDatanodeEventWatcher (RetriableDatanodeEventWatcher.java:onTimeout(47)) - RetriableDatanodeCommand type=deleteBlocksCommand with id=1560464836869 timed out. Retrying.
2019-06-13 22:27:26,887 INFO  commands.RetriableDatanodeEventWatcher (RetriableDatanodeEventWatcher.java:onTimeout(47)) - RetriableDatanodeCommand type=deleteBlocksCommand with id=1560464836879 timed out. Retrying.
2019-06-13 22:27:26,897 INFO  commands.RetriableDatanodeEventWatcher (RetriableDatanodeEventWatcher.java:onTimeout(47)) - RetriableDatanodeCommand type=deleteBlocksCommand with id=1560464836889 timed out. Retrying.
2019-06-13 22:27:26,901 INFO  commands.RetriableDatanodeEventWatcher (RetriableDatanodeEventWatcher.java:onTimeout(47)) - RetriableDatanodeCommand type=deleteBlocksCommand with id=1560464836948 timed out. Retrying.
2019-06-13 22:27:26,911 INFO  commands.RetriableDatanodeEventWatcher (RetriableDatanodeEventWatcher.java:onTimeout(47)) - RetriableDatanodeCommand type=deleteBlocksCommand with id=1560464836899 timed out. Retrying.
2019-06-13 22:27:26,926 INFO  commands.RetriableDatanodeEventWatcher (RetriableDatanodeEventWatcher.java:onTimeout(47)) - RetriableDatanodeCommand type=deleteBlocksCommand with id=1560464836909 timed out. Retrying.
2019-06-13 22:27:26,936 INFO  commands.RetriableDatanodeEventWatcher (RetriableDatanodeEventWatcher.java:onTimeout(47)) - RetriableDatanodeCommand type=deleteBlocksCommand with id=1560464836919 timed out. Retrying.
2019-06-13 22:27:26,939 DEBUG block.SCMBlockDeletingService (SCMBlockDeletingService.java:call(138)) - Running DeletedBlockTransactionScanner
2019-06-13 22:27:26,939 DEBUG block.SCMBlockDeletingService (SCMBlockDeletingService.java:call(155)) - Scanned deleted blocks log and got 3 delTX to process.
2019-06-13 22:27:26,939 DEBUG block.SCMBlockDeletingService (SCMBlockDeletingService.java:call(171)) - Added delete block command for datanode d5132e6f-def8-45c0-b0d2-c5ba43d86628 in the queue, number of delete block transactions: 3, TxID list: 1,2,3
2019-06-13 22:27:26,939 INFO  block.SCMBlockDeletingService (SCMBlockDeletingService.java:call(182)) - Totally added 3 delete blocks command for 1 datanodes, task elapsed time: 1ms
2019-06-13 22:27:26,946 INFO  commands.RetriableDatanodeEventWatcher (RetriableDatanodeEventWatcher.java:onTimeout(47)) - RetriableDatanodeCommand type=deleteBlocksCommand with id=1560464836929 timed out. Retrying.
2019-06-13 22:27:26,958 INFO  storage.RaftStorageDirectory (RaftStorageDirectory.java:tryLock(328)) - Lock on /opt/src/hadoop-ozone/integration-test/target/test-dir/MiniOzoneClusterImpl-e9ea07bb-4900-4b53-96c1-68f0ab556a80/datanode-0/data/ratis/b20c0c4e-aa3d-424e-ad77-7fe77483b693/in_use.lock acquired by nodename 6051@ozone-mzc6g-2359123782
2019-06-13 22:27:26,964 INFO  commands.RetriableDatanodeEventWatcher (RetriableDatanodeEventWatcher.java:onTimeout(47)) - RetriableDatanodeCommand type=deleteBlocksCommand with id=1560464836860 timed out. Retrying.
2019-06-13 22:27:26,966 INFO  commands.RetriableDatanodeEventWatcher (RetriableDatanodeEventWatcher.java:onTimeout(47)) - RetriableDatanodeCommand type=deleteBlocksCommand with id=1560464836939 timed out. Retrying.
2019-06-13 22:27:26,980 INFO  commands.RetriableDatanodeEventWatcher (RetriableDatanodeEventWatcher.java:onTimeout(47)) - RetriableDatanodeCommand type=deleteBlocksCommand with id=1560464836870 timed out. Retrying.
2019-06-13 22:27:26,986 INFO  commands.RetriableDatanodeEventWatcher (RetriableDatanodeEventWatcher.java:onTimeout(47)) - RetriableDatanodeCommand type=deleteBlocksCommand with id=1560464836880 timed out. Retrying.
2019-06-13 22:27:26,999 INFO  commands.RetriableDatanodeEventWatcher (RetriableDatanodeEventWatcher.java:onTimeout(47)) - RetriableDatanodeCommand type=deleteBlocksCommand with id=1560464836949 timed out. Retrying.
2019-06-13 22:27:27,000 INFO  commands.RetriableDatanodeEventWatcher (RetriableDatanodeEventWatcher.java:onTimeout(47)) - RetriableDatanodeCommand type=deleteBlocksCommand with id=1560464836890 timed out. Retrying.
2019-06-13 22:27:27,011 INFO  commands.RetriableDatanodeEventWatcher (RetriableDatanodeEventWatcher.java:onTimeout(47)) - RetriableDatanodeCommand type=deleteBlocksCommand with id=1560464836900 timed out. Retrying.
2019-06-13 22:27:27,027 INFO  commands.RetriableDatanodeEventWatcher (RetriableDatanodeEventWatcher.java:onTimeout(47)) - RetriableDatanodeCommand type=deleteBlocksCommand with id=1560464836910 timed out. Retrying.
2019-06-13 22:27:27,036 INFO  commands.RetriableDatanodeEventWatcher (RetriableDatanodeEventWatcher.java:onTimeout(47)) - RetriableDatanodeCommand type=deleteBlocksCommand with id=1560464836920 timed out. Retrying.
2019-06-13 22:27:27,041 DEBUG block.SCMBlockDeletingService (SCMBlockDeletingService.java:call(138)) - Running DeletedBlockTransactionScanner
2019-06-13 22:27:27,041 DEBUG block.SCMBlockDeletingService (SCMBlockDeletingService.java:call(155)) - Scanned deleted blocks log and got 3 delTX to process.
2019-06-13 22:27:27,041 DEBUG block.SCMBlockDeletingService (SCMBlockDeletingService.java:call(171)) - Added delete block command for datanode d5132e6f-def8-45c0-b0d2-c5ba43d86628 in the queue, number of delete block transactions: 3, TxID list: 1,2,3
2019-06-13 22:27:27,042 INFO  block.SCMBlockDeletingService (SCMBlockDeletingService.java:call(182)) - Totally added 3 delete blocks command for 1 datanodes, task elapsed time: 1ms
2019-06-13 22:27:27,048 INFO  commands.RetriableDatanodeEventWatcher (RetriableDatanodeEventWatcher.java:onTimeout(47)) - RetriableDatanodeCommand type=deleteBlocksCommand with id=1560464836930 timed out. Retrying.
2019-06-13 22:27:27,053 INFO  storage.RaftStorage (RaftStorage.java:format(75)) - Storage directory /opt/src/hadoop-ozone/integration-test/target/test-dir/MiniOzoneClusterImpl-e9ea07bb-4900-4b53-96c1-68f0ab556a80/datanode-0/data/ratis/b20c0c4e-aa3d-424e-ad77-7fe77483b693 has been successfully formatted.
2019-06-13 22:27:27,053 INFO  ratis.ContainerStateMachine (ContainerStateMachine.java:loadSnapshot(199)) - The snapshot info is null.Setting the last applied index to:(t:0, i:~)
2019-06-13 22:27:27,053 INFO  server.RaftServerConfigKeys (ConfUtils.java:logGet(43)) - raft.server.leader.election.timeout = 120s (custom)
2019-06-13 22:27:27,053 INFO  server.RaftServerConfigKeys (ConfUtils.java:logGet(43)) - raft.server.log.use.memory = false (default)
2019-06-13 22:27:27,053 INFO  server.RaftServerConfigKeys (ConfUtils.java:logGet(43)) - raft.server.log.appender.buffer.byte-limit = 33554432 (custom)
2019-06-13 22:27:27,054 INFO  server.RaftServerConfigKeys (ConfUtils.java:logGet(43)) - raft.server.log.segment.size.max = 16384 (custom)
2019-06-13 22:27:27,054 INFO  server.RaftServerConfigKeys (ConfUtils.java:logGet(43)) - raft.server.log.segment.cache.num.max = 2 (custom)
2019-06-13 22:27:27,054 INFO  storage.RaftLogWorker (RaftLogWorker.java:<init>(123)) - new d5132e6f-def8-45c0-b0d2-c5ba43d86628-RaftLogWorker for Storage Directory /opt/src/hadoop-ozone/integration-test/target/test-dir/MiniOzoneClusterImpl-e9ea07bb-4900-4b53-96c1-68f0ab556a80/datanode-0/data/ratis/b20c0c4e-aa3d-424e-ad77-7fe77483b693
2019-06-13 22:27:27,054 INFO  server.RaftServerConfigKeys (ConfUtils.java:logGet(43)) - raft.server.log.queue.byte-limit = 2147483647 (custom)
2019-06-13 22:27:27,054 INFO  server.RaftServerConfigKeys (ConfUtils.java:logGet(43)) - raft.server.log.queue.element-limit = 1024 (custom)
2019-06-13 22:27:27,054 INFO  server.RaftServerConfigKeys (ConfUtils.java:logGet(43)) - raft.server.log.segment.size.max = 16384 (custom)
2019-06-13 22:27:27,054 INFO  server.RaftServerConfigKeys (ConfUtils.java:logGet(43)) - raft.server.log.preallocated.size = 16384 (custom)
2019-06-13 22:27:27,054 INFO  server.RaftServerConfigKeys (ConfUtils.java:logGet(43)) - raft.server.log.write.buffer.size = 33554432 (custom)
2019-06-13 22:27:27,054 INFO  server.RaftServerConfigKeys (ConfUtils.java:logGet(43)) - raft.server.log.force.sync.num = 128 (default)
2019-06-13 22:27:27,054 INFO  server.RaftServerConfigKeys (ConfUtils.java:logGet(43)) - raft.server.log.statemachine.data.sync = true (default)
2019-06-13 22:27:27,054 INFO  server.RaftServerConfigKeys (ConfUtils.java:logGet(43)) - raft.server.log.statemachine.data.sync.timeout = 10s (default)
2019-06-13 22:27:27,054 INFO  server.RaftServerConfigKeys (ConfUtils.java:logGet(43)) - raft.server.log.statemachine.data.sync.timeout.retry = -1 (default)
2019-06-13 22:27:27,055 INFO  server.RaftServerConfigKeys (ConfUtils.java:logGet(43)) - raft.server.log.statemachine.data.caching.enabled = true (custom)
2019-06-13 22:27:27,055 INFO  server.RaftServerConfigKeys (ConfUtils.java:logGet(43)) - raft.server.snapshot.auto.trigger.enabled = true (custom)
2019-06-13 22:27:27,055 INFO  server.RaftServerConfigKeys (ConfUtils.java:logGet(43)) - raft.server.snapshot.auto.trigger.threshold = 10000 (custom)
2019-06-13 22:27:27,055 INFO  server.RaftServerConfigKeys (ConfUtils.java:logGet(43)) - raft.server.retrycache.expirytime = 600000ms (custom)
2019-06-13 22:27:27,055 INFO  impl.RaftServerImpl (RaftServerImpl.java:start(173)) - d5132e6f-def8-45c0-b0d2-c5ba43d86628: start group-7FE77483B693
2019-06-13 22:27:27,055 INFO  impl.RaftServerImpl (RaftServerImpl.java:setRole(164)) - d5132e6f-def8-45c0-b0d2-c5ba43d86628:group-7FE77483B693 changes role from null to FOLLOWER at term 0 for startAsFollower
2019-06-13 22:27:27,056 INFO  impl.RoleInfo (RoleInfo.java:updateAndGet(143)) - d5132e6f-def8-45c0-b0d2-c5ba43d86628: start FollowerState
2019-06-13 22:27:27,056 INFO  util.JmxRegister (JmxRegister.java:tryRegister(44)) - Successfully registered JMX Bean with object name Ratis:service=RaftServer,group=group-7FE77483B693,id=d5132e6f-def8-45c0-b0d2-c5ba43d86628
2019-06-13 22:27:27,066 INFO  commands.RetriableDatanodeEventWatcher (RetriableDatanodeEventWatcher.java:onTimeout(47)) - RetriableDatanodeCommand type=deleteBlocksCommand with id=1560464836861 timed out. Retrying.
2019-06-13 22:27:27,066 INFO  pipeline.PipelineStateManager (PipelineStateManager.java:addPipeline(56)) - Created pipeline Pipeline[ Id: b20c0c4e-aa3d-424e-ad77-7fe77483b693, Nodes: d5132e6f-def8-45c0-b0d2-c5ba43d86628{ip: 192.168.105.169, host: ozone-mzc6g-2359123782, networkLocation: /default-rack, certSerialId: null}, Type:RATIS, Factor:ONE, State:OPEN]
2019-06-13 22:27:27,073 INFO  commands.RetriableDatanodeEventWatcher (RetriableDatanodeEventWatcher.java:onTimeout(47)) - RetriableDatanodeCommand type=deleteBlocksCommand with id=1560464836940 timed out. Retrying.
2019-06-13 22:27:27,099 INFO  commands.RetriableDatanodeEventWatcher (RetriableDatanodeEventWatcher.java:onTimeout(47)) - RetriableDatanodeCommand type=deleteBlocksCommand with id=1560464836881 timed out. Retrying.
2019-06-13 22:27:27,102 INFO  commands.RetriableDatanodeEventWatcher (RetriableDatanodeEventWatcher.java:onTimeout(47)) - RetriableDatanodeCommand type=deleteBlocksCommand with id=1560464836950 timed out. Retrying.
2019-06-13 22:27:27,102 INFO  commands.RetriableDatanodeEventWatcher (RetriableDatanodeEventWatcher.java:onTimeout(47)) - RetriableDatanodeCommand type=deleteBlocksCommand with id=1560464836891 timed out. Retrying.
2019-06-13 22:27:27,102 INFO  commands.RetriableDatanodeEventWatcher (RetriableDatanodeEventWatcher.java:onTimeout(47)) - RetriableDatanodeCommand type=deleteBlocksCommand with id=1560464836871 timed out. Retrying.
2019-06-13 22:27:27,113 WARN  ipc.Server (Server.java:setupResponse(2950)) - Large response size 2741498 for call Call#1903 Retry#0 org.apache.hadoop.ozone.protocol.StorageContainerDatanodeProtocol.sendHeartbeat from 192.168.105.169:48012
2019-06-13 22:27:27,116 INFO  commands.RetriableDatanodeEventWatcher (RetriableDatanodeEventWatcher.java:onTimeout(47)) - RetriableDatanodeCommand type=deleteBlocksCommand with id=1560464836901 timed out. Retrying.
2019-06-13 22:27:27,128 INFO  commands.RetriableDatanodeEventWatcher (RetriableDatanodeEventWatcher.java:onTimeout(47)) - RetriableDatanodeCommand type=deleteBlocksCommand with id=1560464836911 timed out. Retrying.
2019-06-13 22:27:27,141 INFO  commands.RetriableDatanodeEventWatcher (RetriableDatanodeEventWatcher.java:onTimeout(47)) - RetriableDatanodeCommand type=deleteBlocksCommand with id=1560464836921 timed out. Retrying.
2019-06-13 22:27:27,142 DEBUG block.SCMBlockDeletingService (SCMBlockDeletingService.java:call(138)) - Running DeletedBlockTransactionScanner
2019-06-13 22:27:27,142 DEBUG block.SCMBlockDeletingService (SCMBlockDeletingService.java:call(155)) - Scanned deleted blocks log and got 3 delTX to process.
2019-06-13 22:27:27,142 INFO  block.SCMBlockDeletingService (SCMBlockDeletingService.java:handlePendingDeletes(115)) - Block deletion txnID mismatch in datanode d5132e6f-def8-45c0-b0d2-c5ba43d86628 for containerID 1. Datanode delete txnID: 0, SCM txnID: 1
2019-06-13 22:27:27,143 DEBUG block.SCMBlockDeletingService (SCMBlockDeletingService.java:call(171)) - Added delete block command for datanode d5132e6f-def8-45c0-b0d2-c5ba43d86628 in the queue, number of delete block transactions: 3, TxID list: 1,2,3
2019-06-13 22:27:27,144 INFO  block.SCMBlockDeletingService (SCMBlockDeletingService.java:call(182)) - Totally added 3 delete blocks command for 1 datanodes, task elapsed time: 2ms
2019-06-13 22:27:27,143 INFO  block.SCMBlockDeletingService (SCMBlockDeletingService.java:handlePendingDeletes(115)) - Block deletion txnID mismatch in datanode d5132e6f-def8-45c0-b0d2-c5ba43d86628 for containerID 2. Datanode delete txnID: 0, SCM txnID: 2
2019-06-13 22:27:27,145 INFO  block.SCMBlockDeletingService (SCMBlockDeletingService.java:handlePendingDeletes(115)) - Block deletion txnID mismatch in datanode d5132e6f-def8-45c0-b0d2-c5ba43d86628 for containerID 3. Datanode delete txnID: 0, SCM txnID: 3
2019-06-13 22:27:27,148 INFO  commands.RetriableDatanodeEventWatcher (RetriableDatanodeEventWatcher.java:onTimeout(47)) - RetriableDatanodeCommand type=deleteBlocksCommand with id=1560464836931 timed out. Retrying.
2019-06-13 22:27:27,168 INFO  commands.RetriableDatanodeEventWatcher (RetriableDatanodeEventWatcher.java:onTimeout(47)) - RetriableDatanodeCommand type=deleteBlocksCommand with id=1560464836941 timed out. Retrying.
2019-06-13 22:27:27,170 INFO  commands.RetriableDatanodeEventWatcher (RetriableDatanodeEventWatcher.java:onTimeout(47)) - RetriableDatanodeCommand type=deleteBlocksCommand with id=1560464836862 timed out. Retrying.
2019-06-13 22:27:27,184 INFO  commands.RetriableDatanodeEventWatcher (RetriableDatanodeEventWatcher.java:onTimeout(47)) - RetriableDatanodeCommand type=deleteBlocksCommand with id=1560464836872 timed out. Retrying.
2019-06-13 22:27:27,199 INFO  commands.RetriableDatanodeEventWatcher (RetriableDatanodeEventWatcher.java:onTimeout(47)) - RetriableDatanodeCommand type=deleteBlocksCommand with id=1560464836882 timed out. Retrying.
2019-06-13 22:27:27,200 INFO  commands.RetriableDatanodeEventWatcher (RetriableDatanodeEventWatcher.java:onTimeout(47)) - RetriableDatanodeCommand type=deleteBlocksCommand with id=1560464836951 timed out. Retrying.
2019-06-13 22:27:27,206 INFO  commands.RetriableDatanodeEventWatcher (RetriableDatanodeEventWatcher.java:onTimeout(47)) - RetriableDatanodeCommand type=deleteBlocksCommand with id=1560464836892 timed out. Retrying.
2019-06-13 22:27:27,214 INFO  commands.RetriableDatanodeEventWatcher (RetriableDatanodeEventWatcher.java:onTimeout(47)) - RetriableDatanodeCommand type=deleteBlocksCommand with id=1560464836902 timed out. Retrying.
2019-06-13 22:27:27,230 INFO  commands.RetriableDatanodeEventWatcher (RetriableDatanodeEventWatcher.java:onTimeout(47)) - RetriableDatanodeCommand type=deleteBlocksCommand with id=1560464836912 timed out. Retrying.
2019-06-13 22:27:27,238 INFO  commands.RetriableDatanodeEventWatcher (RetriableDatanodeEventWatcher.java:onTimeout(47)) - RetriableDatanodeCommand type=deleteBlocksCommand with id=1560464836922 timed out. Retrying.
2019-06-13 22:27:27,244 DEBUG block.SCMBlockDeletingService (SCMBlockDeletingService.java:call(138)) - Running DeletedBlockTransactionScanner
2019-06-13 22:27:27,244 DEBUG block.SCMBlockDeletingService (SCMBlockDeletingService.java:call(155)) - Scanned deleted blocks log and got 3 delTX to process.
2019-06-13 22:27:27,245 DEBUG block.SCMBlockDeletingService (SCMBlockDeletingService.java:call(171)) - Added delete block command for datanode d5132e6f-def8-45c0-b0d2-c5ba43d86628 in the queue, number of delete block transactions: 3, TxID list: 1,2,3
2019-06-13 22:27:27,245 INFO  block.SCMBlockDeletingService (SCMBlockDeletingService.java:call(182)) - Totally added 3 delete blocks command for 1 datanodes, task elapsed time: 1ms
2019-06-13 22:27:27,249 INFO  commands.RetriableDatanodeEventWatcher (RetriableDatanodeEventWatcher.java:onTimeout(47)) - RetriableDatanodeCommand type=deleteBlocksCommand with id=1560464836932 timed out. Retrying.
2019-06-13 22:27:27,252 INFO  block.SCMBlockDeletingService (SCMBlockDeletingService.java:handlePendingDeletes(115)) - Block deletion txnID mismatch in datanode d5132e6f-def8-45c0-b0d2-c5ba43d86628 for containerID 1. Datanode delete txnID: 0, SCM txnID: 1
2019-06-13 22:27:27,253 INFO  block.SCMBlockDeletingService (SCMBlockDeletingService.java:handlePendingDeletes(115)) - Block deletion txnID mismatch in datanode d5132e6f-def8-45c0-b0d2-c5ba43d86628 for containerID 2. Datanode delete txnID: 0, SCM txnID: 2
2019-06-13 22:27:27,253 INFO  block.SCMBlockDeletingService (SCMBlockDeletingService.java:handlePendingDeletes(115)) - Block deletion txnID mismatch in datanode d5132e6f-def8-45c0-b0d2-c5ba43d86628 for containerID 3. Datanode delete txnID: 0, SCM txnID: 3
2019-06-13 22:27:27,270 INFO  commands.RetriableDatanodeEventWatcher (RetriableDatanodeEventWatcher.java:onTimeout(47)) - RetriableDatanodeCommand type=deleteBlocksCommand with id=1560464836942 timed out. Retrying.
2019-06-13 22:27:27,271 INFO  commands.RetriableDatanodeEventWatcher (RetriableDatanodeEventWatcher.java:onTimeout(47)) - RetriableDatanodeCommand type=deleteBlocksCommand with id=1560464836863 timed out. Retrying.
2019-06-13 22:27:27,281 INFO  commands.RetriableDatanodeEventWatcher (RetriableDatanodeEventWatcher.java:onTimeout(47)) - RetriableDatanodeCommand type=deleteBlocksCommand with id=1560464836873 timed out. Retrying.
2019-06-13 22:27:27,294 INFO  commands.RetriableDatanodeEventWatcher (RetriableDatanodeEventWatcher.java:onTimeout(47)) - RetriableDatanodeCommand type=deleteBlocksCommand with id=1560464836883 timed out. Retrying.
2019-06-13 22:27:27,296 INFO  ozone.MiniOzoneClusterImpl (MiniOzoneClusterImpl.java:lambda$waitForClusterToBeReady$0(142)) - Cluster is ready. Got 1 of 1 DN Heartbeats.
2019-06-13 22:27:27,296 INFO  commandhandler.DeleteBlocksCommandHandler (DeleteBlocksCommandHandler.java:handle(106)) - Start to delete container blocks, TXIDs=[1(0),2(0),3(0)], numOfContainers=3, numOfBlocks=553
2019-06-13 22:27:27,302 INFO  commands.RetriableDatanodeEventWatcher (RetriableDatanodeEventWatcher.java:onTimeout(47)) - RetriableDatanodeCommand type=deleteBlocksCommand with id=1560464836952 timed out. Retrying.
2019-06-13 22:27:27,310 INFO  commands.RetriableDatanodeEventWatcher (RetriableDatanodeEventWatcher.java:onTimeout(47)) - RetriableDatanodeCommand type=deleteBlocksCommand with id=1560464836893 timed out. Retrying.
2019-06-13 22:27:27,316 INFO  commands.RetriableDatanodeEventWatcher (RetriableDatanodeEventWatcher.java:onTimeout(47)) - RetriableDatanodeCommand type=deleteBlocksCommand with id=1560464836903 timed out. Retrying.
2019-06-13 22:27:27,319 INFO  commandhandler.DeleteBlocksCommandHandler (DeleteBlocksCommandHandler.java:handle(106)) - Start to delete container blocks, TXIDs=[1(0),2(0),3(0)], numOfContainers=3, numOfBlocks=553
2019-06-13 22:27:27,325 INFO  commandhandler.DeleteBlocksCommandHandler (DeleteBlocksCommandHandler.java:handle(106)) - Start to delete container blocks, TXIDs=[1(0),2(0),3(0)], numOfContainers=3, numOfBlocks=553
2019-06-13 22:27:27,327 INFO  commandhandler.DeleteBlocksCommandHandler (DeleteBlocksCommandHandler.java:handle(106)) - Start to delete container blocks, TXIDs=[1(0),2(0),3(0)], numOfContainers=3, numOfBlocks=553
2019-06-13 22:27:27,328 INFO  commandhandler.DeleteBlocksCommandHandler (DeleteBlocksCommandHandler.java:handle(106)) - Start to delete container blocks, TXIDs=[1(0),2(0),3(0)], numOfContainers=3, numOfBlocks=553
2019-06-13 22:27:27,329 INFO  commandhandler.DeleteBlocksCommandHandler (DeleteBlocksCommandHandler.java:handle(106)) - Start to delete container blocks, TXIDs=[1(0),2(0),3(0)], numOfContainers=3, numOfBlocks=553
2019-06-13 22:27:27,330 INFO  commandhandler.DeleteBlocksCommandHandler (DeleteBlocksCommandHandler.java:handle(106)) - Start to delete container blocks, TXIDs=[1(0),2(0),3(0)], numOfContainers=3, numOfBlocks=553
2019-06-13 22:27:27,330 INFO  commands.RetriableDatanodeEventWatcher (RetriableDatanodeEventWatcher.java:onTimeout(47)) - RetriableDatanodeCommand type=deleteBlocksCommand with id=1560464836913 timed out. Retrying.
2019-06-13 22:27:27,332 INFO  commandhandler.DeleteBlocksCommandHandler (DeleteBlocksCommandHandler.java:handle(106)) - Start to delete container blocks, TXIDs=[1(0),2(0),3(0)], numOfContainers=3, numOfBlocks=553
2019-06-13 22:27:27,333 INFO  commandhandler.DeleteBlocksCommandHandler (DeleteBlocksCommandHandler.java:handle(106)) - Start to delete container blocks, TXIDs=[1(0),2(0),3(0)], numOfContainers=3, numOfBlocks=553
2019-06-13 22:27:27,334 INFO  commandhandler.DeleteBlocksCommandHandler (DeleteBlocksCommandHandler.java:handle(106)) - Start to delete container blocks, TXIDs=[1(0),2(0),3(0)], numOfContainers=3, numOfBlocks=553
2019-06-13 22:27:27,335 INFO  commandhandler.DeleteBlocksCommandHandler (DeleteBlocksCommandHandler.java:handle(106)) - Start to delete container blocks, TXIDs=[1(0),2(0),3(0)], numOfContainers=3, numOfBlocks=553
2019-06-13 22:27:27,336 INFO  commandhandler.DeleteBlocksCommandHandler (DeleteBlocksCommandHandler.java:handle(106)) - Start to delete container blocks, TXIDs=[1(0),2(0),3(0)], numOfContainers=3, numOfBlocks=553
2019-06-13 22:27:27,337 INFO  commandhandler.DeleteBlocksCommandHandler (DeleteBlocksCommandHandler.java:handle(106)) - Start to delete container blocks, TXIDs=[1(0),2(0),3(0)], numOfContainers=3, numOfBlocks=553
2019-06-13 22:27:27,339 INFO  commandhandler.DeleteBlocksCommandHandler (DeleteBlocksCommandHandler.java:handle(106)) - Start to delete container blocks, TXIDs=[1(0),2(0),3(0)], numOfContainers=3, numOfBlocks=553
2019-06-13 22:27:27,340 INFO  commandhandler.DeleteBlocksCommandHandler (DeleteBlocksCommandHandler.java:handle(106)) - Start to delete container blocks, TXIDs=[1(0),2(0),3(0)], numOfContainers=3, numOfBlocks=553
2019-06-13 22:27:27,341 INFO  commands.RetriableDatanodeEventWatcher (RetriableDatanodeEventWatcher.java:onTimeout(47)) - RetriableDatanodeCommand type=deleteBlocksCommand with id=1560464836923 timed out. Retrying.
2019-06-13 22:27:27,341 INFO  commandhandler.DeleteBlocksCommandHandler (DeleteBlocksCommandHandler.java:handle(106)) - Start to delete container blocks, TXIDs=[1(0),2(0),3(0)], numOfContainers=3, numOfBlocks=553
2019-06-13 22:27:27,342 INFO  commandhandler.DeleteBlocksCommandHandler (DeleteBlocksCommandHandler.java:handle(106)) - Start to delete container blocks, TXIDs=[1(0),2(0),3(0)], numOfContainers=3, numOfBlocks=553
2019-06-13 22:27:27,343 INFO  commandhandler.DeleteBlocksCommandHandler (DeleteBlocksCommandHandler.java:handle(106)) - Start to delete container blocks, TXIDs=[1(0),2(0),3(0)], numOfContainers=3, numOfBlocks=553
2019-06-13 22:27:27,344 INFO  commandhandler.DeleteBlocksCommandHandler (DeleteBlocksCommandHandler.java:handle(106)) - Start to delete container blocks, TXIDs=[1(0),2(0),3(0)], numOfContainers=3, numOfBlocks=553
2019-06-13 22:27:27,345 DEBUG block.SCMBlockDeletingService (SCMBlockDeletingService.java:call(138)) - Running DeletedBlockTransactionScanner
2019-06-13 22:27:27,345 DEBUG block.SCMBlockDeletingService (SCMBlockDeletingService.java:call(155)) - Scanned deleted blocks log and got 3 delTX to process.
2019-06-13 22:27:27,346 INFO  commandhandler.DeleteBlocksCommandHandler (DeleteBlocksCommandHandler.java:handle(106)) - Start to delete container blocks, TXIDs=[1(0),2(0),3(0)], numOfContainers=3, numOfBlocks=553
SCMBlockDeletingService.java:call(171)) - Added delete block command for datanode d5132e6f-def8-45c0-b0d2-c5ba43d86628 in the queue, number of delete block transactions: 3, TxID list: 1,2,3
2019-06-13 22:27:27,346 INFO  commandhandler.DeleteBlocksCommandHandler (DeleteBlocksCommandHandler.java:handle(106)) - Start to delete container blocks, TXIDs=[1(0),2(0),3(0)], numOfContainers=3, numOfBlocks=553
2019-06-13 22:27:27,346 INFO  block.SCMBlockDeletingService (SCMBlockDeletingService.java:call(182)) - Totally added 3 delete blocks command for 1 datanodes, task elapsed time: 1ms
2019-06-13 22:27:27,347 INFO  commandhandler.DeleteBlocksCommandHandler (DeleteBlocksCommandHandler.java:handle(106)) - Start to delete container blocks, TXIDs=[1(0),2(0),3(0)], numOfContainers=3, numOfBlocks=553
2019-06-13 22:27:27,348 INFO  commandhandler.DeleteBlocksCommandHandler (DeleteBlocksCommandHandler.java:handle(106)) - Start to delete container blocks, TXIDs=[1(0),2(0),3(0)], numOfContainers=3, numOfBlocks=553
2019-06-13 22:27:27,349 INFO  commandhandler.DeleteBlocksCommandHandler (DeleteBlocksCommandHandler.java:handle(106)) - Start to delete container blocks, TXIDs=[1(0),2(0),3(0)], numOfContainers=3, numOfBlocks=553
2019-06-13 22:27:27,350 INFO  commandhandler.DeleteBlocksCommandHandler (DeleteBlocksCommandHandler.java:handle(106)) - Start to delete container blocks, TXIDs=[1(0),2(0),3(0)], numOfContainers=3, numOfBlocks=553
2019-06-13 22:27:27,350 INFO  commands.RetriableDatanodeEventWatcher (RetriableDatanodeEventWatcher.java:onTimeout(47)) - RetriableDatanodeCommand type=deleteBlocksCommand with id=1560464836933 timed out. Retrying.
2019-06-13 22:27:27,352 INFO  commandhandler.DeleteBlocksCommandHandler (DeleteBlocksCommandHandler.java:handle(106)) - Start to delete container blocks, TXIDs=[1(0),2(0),3(0)], numOfContainers=3, numOfBlocks=553
2019-06-13 22:27:27,353 INFO  commandhandler.DeleteBlocksCommandHandler (DeleteBlocksCommandHandler.java:handle(106)) - Start to delete container blocks, TXIDs=[1(0),2(0),3(0)], numOfContainers=3, numOfBlocks=553
2019-06-13 22:27:27,354 INFO  commandhandler.DeleteBlocksCommandHandler (DeleteBlocksCommandHandler.java:handle(106)) - Start to delete container blocks, TXIDs=[1(0),2(0),3(0)], numOfContainers=3, numOfBlocks=553
2019-06-13 22:27:27,355 INFO  commandhandler.DeleteBlocksCommandHandler (DeleteBlocksCommandHandler.java:handle(106)) - Start to delete container blocks, TXIDs=[1(0),2(0),3(0)], numOfContainers=3, numOfBlocks=553
2019-06-13 22:27:27,356 INFO  commandhandler.DeleteBlocksCommandHandler (DeleteBlocksCommandHandler.java:handle(106)) - Start to delete container blocks, TXIDs=[1(0),2(0),3(0)], numOfContainers=3, numOfBlocks=553
2019-06-13 22:27:27,357 INFO  commandhandler.DeleteBlocksCommandHandler (DeleteBlocksCommandHandler.java:handle(106)) - Start to delete container blocks, TXIDs=[1(0),2(0),3(0)], numOfContainers=3, numOfBlocks=553
2019-06-13 22:27:27,359 INFO  commandhandler.DeleteBlocksCommandHandler (DeleteBlocksCommandHandler.java:handle(106)) - Start to delete container blocks, TXIDs=[1(0),2(0),3(0)], numOfContainers=3, numOfBlocks=553
2019-06-13 22:27:27,360 INFO  commandhandler.DeleteBlocksCommandHandler (DeleteBlocksCommandHandler.java:handle(106)) - Start to delete container blocks, TXIDs=[1(0),2(0),3(0)], numOfContainers=3, numOfBlocks=553
2019-06-13 22:27:27,361 INFO  commandhandler.DeleteBlocksCommandHandler (DeleteBlocksCommandHandler.java:handle(106)) - Start to delete container blocks, TXIDs=[1(0),2(0),3(0)], numOfContainers=3, numOfBlocks=553
2019-06-13 22:27:27,362 INFO  commandhandler.DeleteBlocksCommandHandler (DeleteBlocksCommandHandler.java:handle(106)) - Start to delete container blocks, TXIDs=[1(0),2(0),3(0)], numOfContainers=3, numOfBlocks=553
2019-06-13 22:27:27,363 INFO  commandhandler.DeleteBlocksCommandHandler (DeleteBlocksCommandHandler.java:handle(106)) - Start to delete container blocks, TXIDs=[1(0),2(0),3(0)], numOfContainers=3, numOfBlocks=553
2019-06-13 22:27:27,364 INFO  commandhandler.DeleteBlocksCommandHandler (DeleteBlocksCommandHandler.java:handle(106)) - Start to delete container blocks, TXIDs=[1(0),2(0),3(0)], numOfContainers=3, numOfBlocks=553
2019-06-13 22:27:27,366 INFO  commandhandler.DeleteBlocksCommandHandler (DeleteBlocksCommandHandler.java:handle(106)) - Start to delete container blocks, TXIDs=[1(0),2(0),3(0)], numOfContainers=3, numOfBlocks=553
2019-06-13 22:27:27,366 INFO  background.BlockDeletingService (BlockDeletingService.java:getTasks(123)) - Plan to choose 10 containers for block deletion, actually returns 3 valid containers.
2019-06-13 22:27:27,367 INFO  commandhandler.DeleteBlocksCommandHandler (DeleteBlocksCommandHandler.java:handle(106)) - Start to delete container blocks, TXIDs=[1(0),2(0),3(0)], numOfContainers=3, numOfBlocks=553
2019-06-13 22:27:27,381 INFO  commands.RetriableDatanodeEventWatcher (RetriableDatanodeEventWatcher.java:onTimeout(47)) - RetriableDatanodeCommand type=deleteBlocksCommand with id=1560464836943 timed out. Retrying.
2019-06-13 22:27:27,382 INFO  commandhandler.DeleteBlocksCommandHandler (DeleteBlocksCommandHandler.java:handle(106)) - Start to delete container blocks, TXIDs=[1(0),2(0),3(0)], numOfContainers=3, numOfBlocks=553
2019-06-13 22:27:27,383 INFO  commandhandler.DeleteBlocksCommandHandler (DeleteBlocksCommandHandler.java:handle(106)) - Start to delete container blocks, TXIDs=[1(0),2(0),3(0)], numOfContainers=3, numOfBlocks=553
2019-06-13 22:27:27,384 INFO  commands.RetriableDatanodeEventWatcher (RetriableDatanodeEventWatcher.java:onTimeout(47)) - RetriableDatanodeCommand type=deleteBlocksCommand with id=1560464836864 timed out. Retrying.
2019-06-13 22:27:27,385 INFO  commandhandler.DeleteBlocksCommandHandler (DeleteBlocksCommandHandler.java:handle(106)) - Start to delete container blocks, TXIDs=[1(0),2(0),3(0)], numOfContainers=3, numOfBlocks=553
2019-06-13 22:27:27,386 INFO  commandhandler.DeleteBlocksCommandHandler (DeleteBlocksCommandHandler.java:handle(106)) - Start to delete container blocks, TXIDs=[1(0),2(0),3(0)], numOfContainers=3, numOfBlocks=553
2019-06-13 22:27:27,386 INFO  commands.RetriableDatanodeEventWatcher (RetriableDatanodeEventWatcher.java:onTimeout(47)) - RetriableDatanodeCommand type=deleteBlocksCommand with id=1560464836874 timed out. Retrying.
2019-06-13 22:27:27,387 INFO  commandhandler.DeleteBlocksCommandHandler (DeleteBlocksCommandHandler.java:handle(106)) - Start to delete container blocks, TXIDs=[1(0),2(0),3(0)], numOfContainers=3, numOfBlocks=553
2019-06-13 22:27:27,388 INFO  commandhandler.DeleteBlocksCommandHandler (DeleteBlocksCommandHandler.java:handle(106)) - Start to delete container blocks, TXIDs=[1(0),2(0),3(0)], numOfContainers=3, numOfBlocks=553
2019-06-13 22:27:27,390 INFO  commandhandler.DeleteBlocksCommandHandler (DeleteBlocksCommandHandler.java:handle(106)) - Start to delete container blocks, TXIDs=[1(0),2(0),3(0)], numOfContainers=3, numOfBlocks=553
2019-06-13 22:27:27,391 INFO  commandhandler.DeleteBlocksCommandHandler (DeleteBlocksCommandHandler.java:handle(106)) - Start to delete container blocks, TXIDs=[1(0),2(0),3(0)], numOfContainers=3, numOfBlocks=553
2019-06-13 22:27:27,392 INFO  commandhandler.DeleteBlocksCommandHandler (DeleteBlocksCommandHandler.java:handle(106)) - Start to delete container blocks, TXIDs=[1(0),2(0),3(0)], numOfContainers=3, numOfBlocks=553
2019-06-13 22:27:27,393 INFO  commands.RetriableDatanodeEventWatcher (RetriableDatanodeEventWatcher.java:onTimeout(47)) - RetriableDatanodeCommand type=deleteBlocksCommand with id=1560464836884 timed out. Retrying.
2019-06-13 22:27:27,394 INFO  commandhandler.DeleteBlocksCommandHandler (DeleteBlocksCommandHandler.java:handle(106)) - Start to delete container blocks, TXIDs=[1(0),2(0),3(0)], numOfContainers=3, numOfBlocks=553
2019-06-13 22:27:27,395 INFO  commandhandler.DeleteBlocksCommandHandler (DeleteBlocksCommandHandler.java:handle(106)) - Start to delete container blocks, TXIDs=[1(0),2(0),3(0)], numOfContainers=3, numOfBlocks=553
2019-06-13 22:27:27,396 INFO  commandhandler.DeleteBlocksCommandHandler (DeleteBlocksCommandHandler.java:handle(106)) - Start to delete container blocks, TXIDs=[1(0),2(0),3(0)], numOfContainers=3, numOfBlocks=553
2019-06-13 22:27:27,397 INFO  commandhandler.DeleteBlocksCommandHandler (DeleteBlocksCommandHandler.java:handle(106)) - Start to delete container blocks, TXIDs=[1(0),2(0),3(0)], numOfContainers=3, numOfBlocks=553
2019-06-13 22:27:27,399 INFO  commandhandler.DeleteBlocksCommandHandler (DeleteBlocksCommandHandler.java:handle(106)) - Start to delete container blocks, TXIDs=[1(0),2(0),3(0)], numOfContainers=3, numOfBlocks=553
2019-06-13 22:27:27,400 INFO  commandhandler.DeleteBlocksCommandHandler (DeleteBlocksCommandHandler.java:handle(106)) - Start to delete container blocks, TXIDs=[1(0),2(0),3(0)], numOfContainers=3, numOfBlocks=553
2019-06-13 22:27:27,402 INFO  commandhandler.DeleteBlocksCommandHandler (DeleteBlocksCommandHandler.java:handle(106)) - Start to delete container blocks, TXIDs=[1(0),2(0),3(0)], numOfContainers=3, numOfBlocks=553
2019-06-13 22:27:27,403 INFO  commandhandler.DeleteBlocksCommandHandler (DeleteBlocksCommandHandler.java:handle(106)) - Start to delete container blocks, TXIDs=[1(0),2(0),3(0)], numOfContainers=3, numOfBlocks=553
2019-06-13 22:27:27,404 INFO  commandhandler.DeleteBlocksCommandHandler (DeleteBlocksCommandHandler.java:handle(106)) - Start to delete container blocks, TXIDs=[1(0),2(0),3(0)], numOfContainers=3, numOfBlocks=553
2019-06-13 22:27:27,405 INFO  commandhandler.DeleteBlocksCommandHandler (DeleteBlocksCommandHandler.java:handle(106)) - Start to delete container blocks, TXIDs=[1(0),2(0),3(0)], numOfContainers=3, numOfBlocks=553
2019-06-13 22:27:27,406 INFO  commands.RetriableDatanodeEventWatcher (RetriableDatanodeEventWatcher.java:onTimeout(47)) - RetriableDatanodeCommand type=deleteBlocksCommand with id=1560464836894 timed out. Retrying.
2019-06-13 22:27:27,407 INFO  commandhandler.DeleteBlocksCommandHandler (DeleteBlocksCommandHandler.java:handle(106)) - Start to delete container blocks, TXIDs=[1(0),2(0),3(0)], numOfContainers=3, numOfBlocks=553
2019-06-13 22:27:27,408 INFO  commandhandler.DeleteBlocksCommandHandler (DeleteBlocksCommandHandler.java:handle(106)) - Start to delete container blocks, TXIDs=[1(0),2(0),3(0)], numOfContainers=3, numOfBlocks=553
2019-06-13 22:27:27,409 INFO  commandhandler.DeleteBlocksCommandHandler (DeleteBlocksCommandHandler.java:handle(106)) - Start to delete container blocks, TXIDs=[1(0),2(0),3(0)], numOfContainers=3, numOfBlocks=553
2019-06-13 22:27:27,411 INFO  commandhandler.DeleteBlocksCommandHandler (DeleteBlocksCommandHandler.java:handle(106)) - Start to delete container blocks, TXIDs=[1(0),2(0),3(0)], numOfContainers=3, numOfBlocks=553
2019-06-13 22:27:27,412 INFO  commandhandler.DeleteBlocksCommandHandler (DeleteBlocksCommandHandler.java:handle(106)) - Start to delete container blocks, TXIDs=[1(0),2(0),3(0)], numOfContainers=3, numOfBlocks=553
2019-06-13 22:27:27,413 INFO  commandhandler.DeleteBlocksCommandHandler (DeleteBlocksCommandHandler.java:handle(106)) - Start to delete container blocks, TXIDs=[1(0),2(0),3(0)], numOfContainers=3, numOfBlocks=553
2019-06-13 22:27:27,414 INFO  commands.RetriableDatanodeEventWatcher (RetriableDatanodeEventWatcher.java:onTimeout(47)) - RetriableDatanodeCommand type=deleteBlocksCommand with id=1560464836953 timed out. Retrying.
2019-06-13 22:27:27,415 INFO  commandhandler.DeleteBlocksCommandHandler (DeleteBlocksCommandHandler.java:handle(106)) - Start to delete container blocks, TXIDs=[1(0),2(0),3(0)], numOfContainers=3, numOfBlocks=553
2019-06-13 22:27:27,416 INFO  commandhandler.DeleteBlocksCommandHandler (DeleteBlocksCommandHandler.java:handle(106)) - Start to delete container blocks, TXIDs=[1(0),2(0),3(0)], numOfContainers=3, numOfBlocks=553
2019-06-13 22:27:27,417 INFO  commands.RetriableDatanodeEventWatcher (RetriableDatanodeEventWatcher.java:onTimeout(47)) - RetriableDatanodeCommand type=deleteBlocksCommand with id=1560464836904 timed out. Retrying.
2019-06-13 22:27:27,417 INFO  commandhandler.DeleteBlocksCommandHandler (DeleteBlocksCommandHandler.java:handle(106)) - Start to delete container blocks, TXIDs=[1(0),2(0),3(0)], numOfContainers=3, numOfBlocks=553
2019-06-13 22:27:27,418 INFO  commandhandler.DeleteBlocksCommandHandler (DeleteBlocksCommandHandler.java:handle(106)) - Start to delete container blocks, TXIDs=[1(0),2(0),3(0)], numOfContainers=3, numOfBlocks=553
2019-06-13 22:27:27,420 INFO  commandhandler.DeleteBlocksCommandHandler (DeleteBlocksCommandHandler.java:handle(106)) - Start to delete container blocks, TXIDs=[1(0),2(0),3(0)], numOfContainers=3, numOfBlocks=553
2019-06-13 22:27:27,421 INFO  commandhandler.DeleteBlocksCommandHandler (DeleteBlocksCommandHandler.java:handle(106)) - Start to delete container blocks, TXIDs=[1(0),2(0),3(0)], numOfContainers=3, numOfBlocks=553
2019-06-13 22:27:27,422 INFO  commandhandler.DeleteBlocksCommandHandler (DeleteBlocksCommandHandler.java:handle(106)) - Start to delete container blocks, TXIDs=[1(0),2(0),3(0)], numOfContainers=3, numOfBlocks=553
2019-06-13 22:27:27,423 INFO  commandhandler.DeleteBlocksCommandHandler (DeleteBlocksCommandHandler.java:handle(106)) - Start to delete container blocks, TXIDs=[1(0),2(0),3(0)], numOfContainers=3, numOfBlocks=553
2019-06-13 22:27:27,424 INFO  commandhandler.DeleteBlocksCommandHandler (DeleteBlocksCommandHandler.java:handle(106)) - Start to delete container blocks, TXIDs=[1(0),2(0),3(0)], numOfContainers=3, numOfBlocks=553
2019-06-13 22:27:27,425 INFO  commandhandler.DeleteBlocksCommandHandler (DeleteBlocksCommandHandler.java:handle(106)) - Start to delete container blocks, TXIDs=[1(0),2(0),3(0)], numOfContainers=3, numOfBlocks=553
2019-06-13 22:27:27,426 INFO  commandhandler.DeleteBlocksCommandHandler (DeleteBlocksCommandHandler.java:handle(106)) - Start to delete container blocks, TXIDs=[1(0),2(0),3(0)], numOfContainers=3, numOfBlocks=553
2019-06-13 22:27:27,427 INFO  commandhandler.DeleteBlocksCommandHandler (DeleteBlocksCommandHandler.java:handle(106)) - Start to delete container blocks, TXIDs=[1(0),2(0),3(0)], numOfContainers=3, numOfBlocks=553
2019-06-13 22:27:27,428 INFO  commandhandler.DeleteBlocksCommandHandler (DeleteBlocksCommandHandler.java:handle(106)) - Start to delete container blocks, TXIDs=[1(0),2(0),3(0)], numOfContainers=3, numOfBlocks=553
2019-06-13 22:27:27,429 INFO  commandhandler.DeleteBlocksCommandHandler (DeleteBlocksCommandHandler.java:handle(106)) - Start to delete container blocks, TXIDs=[1(0),2(0),3(0)], numOfContainers=3, numOfBlocks=553
2019-06-13 22:27:27,431 INFO  commandhandler.DeleteBlocksCommandHandler (DeleteBlocksCommandHandler.java:handle(106)) - Start to delete container blocks, TXIDs=[1(0),2(0),3(0)], numOfContainers=3, numOfBlocks=553
2019-06-13 22:27:27,431 INFO  commands.RetriableDatanodeEventWatcher (RetriableDatanodeEventWatcher.java:onTimeout(47)) - RetriableDatanodeCommand type=deleteBlocksCommand with id=1560464836914 timed out. Retrying.
2019-06-13 22:27:27,432 INFO  commandhandler.DeleteBlocksCommandHandler (DeleteBlocksCommandHandler.java:handle(106)) - Start to delete container blocks, TXIDs=[1(0),2(0),3(0)], numOfContainers=3, numOfBlocks=553
2019-06-13 22:27:27,433 INFO  commandhandler.DeleteBlocksCommandHandler (DeleteBlocksCommandHandler.java:handle(106)) - Start to delete container blocks, TXIDs=[1(0),2(0),3(0)], numOfContainers=3, numOfBlocks=553
2019-06-13 22:27:27,442 INFO  commands.RetriableDatanodeEventWatcher (RetriableDatanodeEventWatcher.java:onTimeout(47)) - RetriableDatanodeCommand type=deleteBlocksCommand with id=1560464836924 timed out. Retrying.
2019-06-13 22:27:27,437 INFO  commandhandler.DeleteBlocksCommandHandler (DeleteBlocksCommandHandler.java:handle(106)) - Start to delete container blocks, TXIDs=[1(0),2(0),3(0)], numOfContainers=3, numOfBlocks=553
2019-06-13 22:27:27,443 INFO  commandhandler.DeleteBlocksCommandHandler (DeleteBlocksCommandHandler.java:handle(106)) - Start to delete container blocks, TXIDs=[1(0),2(0),3(0)], numOfContainers=3, numOfBlocks=553
2019-06-13 22:27:27,444 INFO  commandhandler.DeleteBlocksCommandHandler (DeleteBlocksCommandHandler.java:handle(106)) - Start to delete container blocks, TXIDs=[1(0),2(0),3(0)], numOfContainers=3, numOfBlocks=553
2019-06-13 22:27:27,446 DEBUG block.SCMBlockDeletingService (SCMBlockDeletingService.java:call(138)) - Running DeletedBlockTransactionScanner
2019-06-13 22:27:27,447 DEBUG block.SCMBlockDeletingService (SCMBlockDeletingService.java:call(155)) - Scanned deleted blocks log and got 3 delTX to process.
2019-06-13 22:27:27,447 DEBUG block.SCMBlockDeletingService (SCMBlockDeletingService.java:call(171)) - Added delete block command for datanode d5132e6f-def8-45c0-b0d2-c5ba43d86628 in the queue, number of delete block transactions: 3, TxID list: 1,2,3
2019-06-13 22:27:27,447 INFO  block.SCMBlockDeletingService (SCMBlockDeletingService.java:call(182)) - Totally added 3 delete blocks command for 1 datanodes, task elapsed time: 0ms
2019-06-13 22:27:27,451 INFO  commands.RetriableDatanodeEventWatcher (RetriableDatanodeEventWatcher.java:onTimeout(47)) - RetriableDatanodeCommand type=deleteBlocksCommand with id=1560464836934 timed out. Retrying.
2019-06-13 22:27:27,452 INFO  commandhandler.DeleteBlocksCommandHandler (DeleteBlocksCommandHandler.java:handle(106)) - Start to delete container blocks, TXIDs=[1(0),2(0),3(0)], numOfContainers=3, numOfBlocks=553
2019-06-13 22:27:27,453 INFO  commandhandler.DeleteBlocksCommandHandler (DeleteBlocksCommandHandler.java:handle(106)) - Start to delete container blocks, TXIDs=[1(0),2(0),3(0)], numOfContainers=3, numOfBlocks=553
2019-06-13 22:27:27,454 INFO  commandhandler.DeleteBlocksCommandHandler (DeleteBlocksCommandHandler.java:handle(106)) - Start to delete container blocks, TXIDs=[1(0),2(0),3(0)], numOfContainers=3, numOfBlocks=553
2019-06-13 22:27:27,455 INFO  commandhandler.DeleteBlocksCommandHandler (DeleteBlocksCommandHandler.java:handle(106)) - Start to delete container blocks, TXIDs=[1(0),2(0),3(0)], numOfContainers=3, numOfBlocks=553
2019-06-13 22:27:27,456 INFO  commandhandler.DeleteBlocksCommandHandler (DeleteBlocksCommandHandler.java:handle(106)) - Start to delete container blocks, TXIDs=[1(0),2(0),3(0)], numOfContainers=3, numOfBlocks=553
2019-06-13 22:27:27,457 INFO  commandhandler.DeleteBlocksCommandHandler (DeleteBlocksCommandHandler.java:handle(106)) - Start to delete container blocks, TXIDs=[1(0),2(0),3(0)], numOfContainers=3, numOfBlocks=553
2019-06-13 22:27:27,458 INFO  commandhandler.DeleteBlocksCommandHandler (DeleteBlocksCommandHandler.java:handle(106)) - Start to delete container blocks, TXIDs=[1(0),2(0),3(0)], numOfContainers=3, numOfBlocks=553
2019-06-13 22:27:27,459 INFO  commandhandler.DeleteBlocksCommandHandler (DeleteBlocksCommandHandler.java:handle(106)) - Start to delete container blocks, TXIDs=[1(0),2(0),3(0)], numOfContainers=3, numOfBlocks=553
2019-06-13 22:27:27,460 INFO  commandhandler.DeleteBlocksCommandHandler (DeleteBlocksCommandHandler.java:handle(106)) - Start to delete container blocks, TXIDs=[1(0),2(0),3(0)], numOfContainers=3, numOfBlocks=553
2019-06-13 22:27:27,461 INFO  commandhandler.DeleteBlocksCommandHandler (DeleteBlocksCommandHandler.java:handle(106)) - Start to delete container blocks, TXIDs=[1(0),2(0),3(0)], numOfContainers=3, numOfBlocks=553
2019-06-13 22:27:27,471 INFO  commands.RetriableDatanodeEventWatcher (RetriableDatanodeEventWatcher.java:onTimeout(47)) - RetriableDatanodeCommand type=deleteBlocksCommand with id=1560464836865 timed out. Retrying.
2019-06-13 22:27:27,472 INFO  commands.RetriableDatanodeEventWatcher (RetriableDatanodeEventWatcher.java:onTimeout(47)) - RetriableDatanodeCommand type=deleteBlocksCommand with id=1560464836944 timed out. Retrying.
2019-06-13 22:27:27,472 INFO  commandhandler.DeleteBlocksCommandHandler (DeleteBlocksCommandHandler.java:handle(106)) - Start to delete container blocks, TXIDs=[1(0),2(0),3(0)], numOfContainers=3, numOfBlocks=553
2019-06-13 22:27:27,474 INFO  commandhandler.DeleteBlocksCommandHandler (DeleteBlocksCommandHandler.java:handle(106)) - Start to delete container blocks, TXIDs=[1(0),2(0),3(0)], numOfContainers=3, numOfBlocks=553
2019-06-13 22:27:27,475 INFO  commandhandler.DeleteBlocksCommandHandler (DeleteBlocksCommandHandler.java:handle(106)) - Start to delete container blocks, TXIDs=[1(0),2(0),3(0)], numOfContainers=3, numOfBlocks=553
2019-06-13 22:27:27,476 INFO  commandhandler.DeleteBlocksCommandHandler (DeleteBlocksCommandHandler.java:handle(106)) - Start to delete container blocks, TXIDs=[1(0),2(0),3(0)], numOfContainers=3, numOfBlocks=553
2019-06-13 22:27:27,482 INFO  commands.RetriableDatanodeEventWatcher (RetriableDatanodeEventWatcher.java:onTimeout(47)) - RetriableDatanodeCommand type=deleteBlocksCommand with id=1560464836875 timed out. Retrying.
2019-06-13 22:27:27,482 INFO  commandhandler.DeleteBlocksCommandHandler (DeleteBlocksCommandHandler.java:handle(106)) - Start to delete container blocks, TXIDs=[1(0),2(0),3(0)], numOfContainers=3, numOfBlocks=553
2019-06-13 22:27:27,483 INFO  commandhandler.DeleteBlocksCommandHandler (DeleteBlocksCommandHandler.java:handle(106)) - Start to delete container blocks, TXIDs=[1(0),2(0),3(0)], numOfContainers=3, numOfBlocks=553
2019-06-13 22:27:27,484 INFO  commandhandler.DeleteBlocksCommandHandler (DeleteBlocksCommandHandler.java:handle(106)) - Start to delete container blocks, TXIDs=[1(0),2(0),3(0)], numOfContainers=3, numOfBlocks=553
2019-06-13 22:27:27,490 INFO  commandhandler.DeleteBlocksCommandHandler (DeleteBlocksCommandHandler.java:handle(106)) - Start to delete container blocks, TXIDs=[1(0),2(0),3(0)], numOfContainers=3, numOfBlocks=553
2019-06-13 22:27:27,491 INFO  commandhandler.DeleteBlocksCommandHandler (DeleteBlocksCommandHandler.java:handle(106)) - Start to delete container blocks, TXIDs=[1(0),2(0),3(0)], numOfContainers=3, numOfBlocks=553
2019-06-13 22:27:27,491 INFO  commands.RetriableDatanodeEventWatcher (RetriableDatanodeEventWatcher.java:onTimeout(47)) - RetriableDatanodeCommand type=deleteBlocksCommand with id=1560464836885 timed out. Retrying.
2019-06-13 22:27:27,492 INFO  commandhandler.DeleteBlocksCommandHandler (DeleteBlocksCommandHandler.java:handle(106)) - Start to delete container blocks, TXIDs=[1(0),2(0),3(0)], numOfContainers=3, numOfBlocks=553
2019-06-13 22:27:27,493 INFO  commandhandler.DeleteBlocksCommandHandler (DeleteBlocksCommandHandler.java:handle(106)) - Start to delete container blocks, TXIDs=[1(0),2(0),3(0)], numOfContainers=3, numOfBlocks=553
2019-06-13 22:27:27,498 INFO  commandhandler.DeleteBlocksCommandHandler (DeleteBlocksCommandHandler.java:handle(106)) - Start to delete container blocks, TXIDs=[1(0),2(0),3(0)], numOfContainers=3, numOfBlocks=553
2019-06-13 22:27:27,499 INFO  commandhandler.DeleteBlocksCommandHandler (DeleteBlocksCommandHandler.java:handle(106)) - Start to delete container blocks, TXIDs=[1(0),2(0),3(0)], numOfContainers=3, numOfBlocks=553
2019-06-13 22:27:27,500 INFO  commandhandler.DeleteBlocksCommandHandler (DeleteBlocksCommandHandler.java:handle(106)) - Start to delete container blocks, TXIDs=[1(0),2(0),3(0)], numOfContainers=3, numOfBlocks=553
2019-06-13 22:27:27,501 INFO  commandhandler.DeleteBlocksCommandHandler (DeleteBlocksCommandHandler.java:handle(106)) - Start to delete container blocks, TXIDs=[1(0),2(0),3(0)], numOfContainers=3, numOfBlocks=553
2019-06-13 22:27:27,502 INFO  commandhandler.DeleteBlocksCommandHandler (DeleteBlocksCommandHandler.java:handle(106)) - Start to delete container blocks, TXIDs=[1(0),2(0),3(0)], numOfContainers=3, numOfBlocks=553
2019-06-13 22:27:27,503 INFO  commandhandler.DeleteBlocksCommandHandler (DeleteBlocksCommandHandler.java:handle(106)) - Start to delete container blocks, TXIDs=[1(0),2(0),3(0)], numOfContainers=3, numOfBlocks=553
2019-06-13 22:27:27,504 INFO  commandhandler.DeleteBlocksCommandHandler (DeleteBlocksCommandHandler.java:handle(106)) - Start to delete container blocks, TXIDs=[1(0),2(0),3(0)], numOfContainers=3, numOfBlocks=553
2019-06-13 22:27:27,508 INFO  commands.RetriableDatanodeEventWatcher (RetriableDatanodeEventWatcher.java:onTimeout(47)) - RetriableDatanodeCommand type=deleteBlocksCommand with id=1560464836895 timed out. Retrying.
2019-06-13 22:27:27,505 INFO  commandhandler.DeleteBlocksCommandHandler (DeleteBlocksCommandHandler.java:handle(106)) - Start to delete container blocks, TXIDs=[1(0),2(0),3(0)], numOfContainers=3, numOfBlocks=553
2019-06-13 22:27:27,514 INFO  commandhandler.DeleteBlocksCommandHandler (DeleteBlocksCommandHandler.java:handle(106)) - Start to delete container blocks, TXIDs=[1(0),2(0),3(0)], numOfContainers=3, numOfBlocks=553
2019-06-13 22:27:27,515 INFO  commandhandler.DeleteBlocksCommandHandler (DeleteBlocksCommandHandler.java:handle(106)) - Start to delete container blocks, TXIDs=[1(0),2(0),3(0)], numOfContainers=3, numOfBlocks=553
2019-06-13 22:27:27,516 INFO  commandhandler.DeleteBlocksCommandHandler (DeleteBlocksCommandHandler.java:handle(106)) - Start to delete container blocks, TXIDs=[1(0),2(0),3(0)], numOfContainers=3, numOfBlocks=553
2019-06-13 22:27:27,521 INFO  commands.RetriableDatanodeEventWatcher (RetriableDatanodeEventWatcher.java:onTimeout(47)) - RetriableDatanodeCommand type=deleteBlocksCommand with id=1560464836905 timed out. Retrying.
2019-06-13 22:27:27,521 INFO  commandhandler.DeleteBlocksCommandHandler (DeleteBlocksCommandHandler.java:handle(106)) - Start to delete container blocks, TXIDs=[1(0),2(0),3(0)], numOfContainers=3, numOfBlocks=553
2019-06-13 22:27:27,522 INFO  commandhandler.DeleteBlocksCommandHandler (DeleteBlocksCommandHandler.java:handle(106)) - Start to delete container blocks, TXIDs=[1(0),2(0),3(0)], numOfContainers=3, numOfBlocks=553
2019-06-13 22:27:27,524 INFO  commandhandler.DeleteBlocksCommandHandler (DeleteBlocksCommandHandler.java:handle(106)) - Start to delete container blocks, TXIDs=[1(0),2(0),3(0)], numOfContainers=3, numOfBlocks=553
2019-06-13 22:27:27,525 INFO  commandhandler.DeleteBlocksCommandHandler (DeleteBlocksCommandHandler.java:handle(106)) - Start to delete container blocks, TXIDs=[1(0),2(0),3(0)], numOfContainers=3, numOfBlocks=553
2019-06-13 22:27:27,530 INFO  commands.RetriableDatanodeEventWatcher (RetriableDatanodeEventWatcher.java:onTimeout(47)) - RetriableDatanodeCommand type=deleteBlocksCommand with id=1560464836915 timed out. Retrying.
2019-06-13 22:27:27,532 INFO  commandhandler.DeleteBlocksCommandHandler (DeleteBlocksCommandHandler.java:handle(106)) - Start to delete container blocks, TXIDs=[1(0),2(0),3(0)], numOfContainers=3, numOfBlocks=553
2019-06-13 22:27:27,532 INFO  commands.RetriableDatanodeEventWatcher (RetriableDatanodeEventWatcher.java:onTimeout(47)) - RetriableDatanodeCommand type=deleteBlocksCommand with id=1560464836954 timed out. Retrying.
2019-06-13 22:27:27,534 INFO  commandhandler.DeleteBlocksCommandHandler (DeleteBlocksCommandHandler.java:handle(106)) - Start to delete container blocks, TXIDs=[1(0),2(0),3(0)], numOfContainers=3, numOfBlocks=553
2019-06-13 22:27:27,535 INFO  commandhandler.DeleteBlocksCommandHandler (DeleteBlocksCommandHandler.java:handle(106)) - Start to delete container blocks, TXIDs=[1(0),2(0),3(0)], numOfContainers=3, numOfBlocks=553
2019-06-13 22:27:27,536 INFO  commandhandler.DeleteBlocksCommandHandler (DeleteBlocksCommandHandler.java:handle(106)) - Start to delete container blocks, TXIDs=[1(0),2(0),3(0)], numOfContainers=3, numOfBlocks=553
2019-06-13 22:27:27,537 INFO  commandhandler.DeleteBlocksCommandHandler (DeleteBlocksCommandHandler.java:handle(106)) - Start to delete container blocks, TXIDs=[1(0),2(0),3(0)], numOfContainers=3, numOfBlocks=553
2019-06-13 22:27:27,542 INFO  commands.RetriableDatanodeEventWatcher (RetriableDatanodeEventWatcher.java:onTimeout(47)) - RetriableDatanodeCommand type=deleteBlocksCommand with id=1560464836925 timed out. Retrying.
2019-06-13 22:27:27,543 INFO  commandhandler.DeleteBlocksCommandHandler (DeleteBlocksCommandHandler.java:handle(106)) - Start to delete container blocks, TXIDs=[1(0),2(0),3(0)], numOfContainers=3, numOfBlocks=553
2019-06-13 22:27:27,544 INFO  commandhandler.DeleteBlocksCommandHandler (DeleteBlocksCommandHandler.java:handle(106)) - Start to delete container blocks, TXIDs=[1(0),2(0),3(0)], numOfContainers=3, numOfBlocks=553
2019-06-13 22:27:27,545 INFO  commandhandler.DeleteBlocksCommandHandler (DeleteBlocksCommandHandler.java:handle(106)) - Start to delete container blocks, TXIDs=[1(0),2(0),3(0)], numOfContainers=3, numOfBlocks=553
2019-06-13 22:27:27,547 DEBUG block.SCMBlockDeletingService (SCMBlockDeletingService.java:call(138)) - Running DeletedBlockTransactionScanner
2019-06-13 22:27:27,548 DEBUG block.SCMBlockDeletingService (SCMBlockDeletingService.java:call(155)) - Scanned deleted blocks log and got 3 delTX to process.
2019-06-13 22:27:27,548 DEBUG block.SCMBlockDeletingService (SCMBlockDeletingService.java:call(171)) - Added delete block command for datanode d5132e6f-def8-45c0-b0d2-c5ba43d86628 in the queue, number of delete block transactions: 3, TxID list: 1,2,3
2019-06-13 22:27:27,548 INFO  block.SCMBlockDeletingService (SCMBlockDeletingService.java:call(182)) - Totally added 3 delete blocks command for 1 datanodes, task elapsed time: 0ms
2019-06-13 22:27:27,549 INFO  commandhandler.DeleteBlocksCommandHandler (DeleteBlocksCommandHandler.java:handle(106)) - Start to delete container blocks, TXIDs=[1(0),2(0),3(0)], numOfContainers=3, numOfBlocks=553
2019-06-13 22:27:27,550 INFO  commandhandler.DeleteBlocksCommandHandler (DeleteBlocksCommandHandler.java:handle(106)) - Start to delete container blocks, TXIDs=[1(0),2(0),3(0)], numOfContainers=3, numOfBlocks=553
2019-06-13 22:27:27,551 INFO  commandhandler.DeleteBlocksCommandHandler (DeleteBlocksCommandHandler.java:handle(106)) - Start to delete container blocks, TXIDs=[1(0),2(0),3(0)], numOfContainers=3, numOfBlocks=553
2019-06-13 22:27:27,552 INFO  commandhandler.DeleteBlocksCommandHandler (DeleteBlocksCommandHandler.java:handle(106)) - Start to delete container blocks, TXIDs=[1(0),2(0),3(0)], numOfContainers=3, numOfBlocks=553
2019-06-13 22:27:27,553 INFO  commandhandler.DeleteBlocksCommandHandler (DeleteBlocksCommandHandler.java:handle(106)) - Start to delete container blocks, TXIDs=[1(0),2(0),3(0)], numOfContainers=3, numOfBlocks=553
2019-06-13 22:27:27,563 INFO  commands.RetriableDatanodeEventWatcher (RetriableDatanodeEventWatcher.java:onTimeout(47)) - RetriableDatanodeCommand type=deleteBlocksCommand with id=1560464836935 timed out. Retrying.
2019-06-13 22:27:27,565 INFO  commandhandler.DeleteBlocksCommandHandler (DeleteBlocksCommandHandler.java:handle(106)) - Start to delete container blocks, TXIDs=[1(0),2(0),3(0)], numOfContainers=3, numOfBlocks=553
2019-06-13 22:27:27,566 INFO  commandhandler.DeleteBlocksCommandHandler (DeleteBlocksCommandHandler.java:handle(106)) - Start to delete container blocks, TXIDs=[1(0),2(0),3(0)], numOfContainers=3, numOfBlocks=553
2019-06-13 22:27:27,567 INFO  commandhandler.DeleteBlocksCommandHandler (DeleteBlocksCommandHandler.java:handle(106)) - Start to delete container blocks, TXIDs=[1(0),2(0),3(0)], numOfContainers=3, numOfBlocks=553
2019-06-13 22:27:27,568 INFO  commandhandler.DeleteBlocksCommandHandler (DeleteBlocksCommandHandler.java:handle(106)) - Start to delete container blocks, TXIDs=[1(0),2(0),3(0)], numOfContainers=3, numOfBlocks=553
2019-06-13 22:27:27,569 INFO  commandhandler.DeleteBlocksCommandHandler (DeleteBlocksCommandHandler.java:handle(106)) - Start to delete container blocks, TXIDs=[1(0),2(0),3(0)], numOfContainers=3, numOfBlocks=553
2019-06-13 22:27:27,570 INFO  commandhandler.DeleteBlocksCommandHandler (DeleteBlocksCommandHandler.java:handle(106)) - Start to delete container blocks, TXIDs=[1(0),2(0),3(0)], numOfContainers=3, numOfBlocks=553
2019-06-13 22:27:27,571 INFO  commandhandler.DeleteBlocksCommandHandler (DeleteBlocksCommandHandler.java:handle(106)) - Start to delete container blocks, TXIDs=[1(0),2(0),3(0)], numOfContainers=3, numOfBlocks=553
2019-06-13 22:27:27,572 INFO  commands.RetriableDatanodeEventWatcher (RetriableDatanodeEventWatcher.java:onTimeout(47)) - RetriableDatanodeCommand type=deleteBlocksCommand with id=1560464836866 timed out. Retrying.
2019-06-13 22:27:27,576 INFO  commandhandler.DeleteBlocksCommandHandler (DeleteBlocksCommandHandler.java:handle(106)) - Start to delete container blocks, TXIDs=[1(0),2(0),3(0)], numOfContainers=3, numOfBlocks=553
2019-06-13 22:27:27,577 INFO  commandhandler.DeleteBlocksCommandHandler (DeleteBlocksCommandHandler.java:handle(106)) - Start to delete container blocks, TXIDs=[1(0),2(0),3(0)], numOfContainers=3, numOfBlocks=553
2019-06-13 22:27:27,578 INFO  commands.RetriableDatanodeEventWatcher (RetriableDatanodeEventWatcher.java:onTimeout(47)) - RetriableDatanodeCommand type=deleteBlocksCommand with id=1560464836945 timed out. Retrying.
2019-06-13 22:27:27,579 INFO  commandhandler.DeleteBlocksCommandHandler (DeleteBlocksCommandHandler.java:handle(106)) - Start to delete container blocks, TXIDs=[1(0),2(0),3(0)], numOfContainers=3, numOfBlocks=553
2019-06-13 22:27:27,580 INFO  commandhandler.DeleteBlocksCommandHandler (DeleteBlocksCommandHandler.java:handle(106)) - Start to delete container blocks, TXIDs=[1(0),2(0),3(0)], numOfContainers=3, numOfBlocks=553
2019-06-13 22:27:27,581 INFO  commandhandler.DeleteBlocksCommandHandler (DeleteBlocksCommandHandler.java:handle(106)) - Start to delete container blocks, TXIDs=[1(0),2(0),3(0)], numOfContainers=3, numOfBlocks=553
2019-06-13 22:27:27,585 INFO  commands.RetriableDatanodeEventWatcher (RetriableDatanodeEventWatcher.java:onTimeout(47)) - RetriableDatanodeCommand type=deleteBlocksCommand with id=1560464836876 timed out. Retrying.
2019-06-13 22:27:27,586 INFO  commandhandler.DeleteBlocksCommandHandler (DeleteBlocksCommandHandler.java:handle(106)) - Start to delete container blocks, TXIDs=[1(0),2(0),3(0)], numOfContainers=3, numOfBlocks=553
2019-06-13 22:27:27,587 INFO  commandhandler.DeleteBlocksCommandHandler (DeleteBlocksCommandHandler.java:handle(106)) - Start to delete container blocks, TXIDs=[1(0),2(0),3(0)], numOfContainers=3, numOfBlocks=553
2019-06-13 22:27:27,590 INFO  commandhandler.DeleteBlocksCommandHandler (DeleteBlocksCommandHandler.java:handle(106)) - Start to delete container blocks, TXIDs=[1(0),2(0),3(0)], numOfContainers=3, numOfBlocks=553
2019-06-13 22:27:27,591 INFO  commandhandler.DeleteBlocksCommandHandler (DeleteBlocksCommandHandler.java:handle(106)) - Start to delete container blocks, TXIDs=[1(0),2(0),3(0)], numOfContainers=3, numOfBlocks=553
2019-06-13 22:27:27,592 INFO  commandhandler.DeleteBlocksCommandHandler (DeleteBlocksCommandHandler.java:handle(106)) - Start to delete container blocks, TXIDs=[1(0),2(0),3(0)], numOfContainers=3, numOfBlocks=553
2019-06-13 22:27:27,593 INFO  commands.RetriableDatanodeEventWatcher (RetriableDatanodeEventWatcher.java:onTimeout(47)) - RetriableDatanodeCommand type=deleteBlocksCommand with id=1560464836886 timed out. Retrying.
2019-06-13 22:27:27,598 DEBUG block.DeletedBlockLogImpl (DeletedBlockLogImpl.java:isTransactionFailed(245)) - Got block deletion ACK from datanode, TXIDs=1, success=true
2019-06-13 22:27:27,598 INFO  commandhandler.DeleteBlocksCommandHandler (DeleteBlocksCommandHandler.java:handle(106)) - Start to delete container blocks, TXIDs=[1(0),2(0),3(0)], numOfContainers=3, numOfBlocks=553
2019-06-13 22:27:27,599 DEBUG block.DeletedBlockLogImpl (DeletedBlockLogImpl.java:commitTransactions(227)) - Purging txId=1 from block deletion log
2019-06-13 22:27:27,599 DEBUG block.DeletedBlockLogImpl (DeletedBlockLogImpl.java:commitTransactions(231)) - Datanode txId=1 containerId=#1 committed by dnId=d5132e6f-def8-45c0-b0d2-c5ba43d86628
2019-06-13 22:27:27,599 DEBUG block.DeletedBlockLogImpl (DeletedBlockLogImpl.java:isTransactionFailed(245)) - Got block deletion ACK from datanode, TXIDs=2, success=true
2019-06-13 22:27:27,599 DEBUG block.DeletedBlockLogImpl (DeletedBlockLogImpl.java:commitTransactions(227)) - Purging txId=2 from block deletion log
2019-06-13 22:27:27,599 DEBUG block.DeletedBlockLogImpl (DeletedBlockLogImpl.java:commitTransactions(231)) - Datanode txId=2 containerId=#2 committed by dnId=d5132e6f-def8-45c0-b0d2-c5ba43d86628
2019-06-13 22:27:27,599 DEBUG block.DeletedBlockLogImpl (DeletedBlockLogImpl.java:isTransactionFailed(245)) - Got block deletion ACK from datanode, TXIDs=3, success=true
2019-06-13 22:27:27,600 DEBUG block.DeletedBlockLogImpl (DeletedBlockLogImpl.java:commitTransactions(227)) - Purging txId=3 from block deletion log
2019-06-13 22:27:27,600 DEBUG block.DeletedBlockLogImpl (DeletedBlockLogImpl.java:commitTransactions(231)) - Datanode txId=3 containerId=#3 committed by dnId=d5132e6f-def8-45c0-b0d2-c5ba43d86628
2019-06-13 22:27:27,606 INFO  commandhandler.DeleteBlocksCommandHandler (DeleteBlocksCommandHandler.java:handle(106)) - Start to delete container blocks, TXIDs=[1(0),2(0),3(0)], numOfContainers=3, numOfBlocks=553
2019-06-13 22:27:27,607 INFO  commandhandler.DeleteBlocksCommandHandler (DeleteBlocksCommandHandler.java:handle(106)) - Start to delete container blocks, TXIDs=[1(0),2(0),3(0)], numOfContainers=3, numOfBlocks=553
2019-06-13 22:27:27,608 INFO  commands.RetriableDatanodeEventWatcher (RetriableDatanodeEventWatcher.java:onTimeout(47)) - RetriableDatanodeCommand type=deleteBlocksCommand with id=1560464836896 timed out. Retrying.
2019-06-13 22:27:27,609 INFO  commandhandler.DeleteBlocksCommandHandler (DeleteBlocksCommandHandler.java:handle(106)) - Start to delete container blocks, TXIDs=[1(0),2(0),3(0)], numOfContainers=3, numOfBlocks=553
2019-06-13 22:27:27,610 INFO  commandhandler.DeleteBlocksCommandHandler (DeleteBlocksCommandHandler.java:handle(106)) - Start to delete container blocks, TXIDs=[1(0),2(0),3(0)], numOfContainers=3, numOfBlocks=553
2019-06-13 22:27:27,611 INFO  commandhandler.DeleteBlocksCommandHandler (DeleteBlocksCommandHandler.java:handle(106)) - Start to delete container blocks, TXIDs=[1(0),2(0),3(0)], numOfContainers=3, numOfBlocks=553
2019-06-13 22:27:27,613 INFO  commandhandler.DeleteBlocksCommandHandler (DeleteBlocksCommandHandler.java:handle(106)) - Start to delete container blocks, TXIDs=[1(0),2(0),3(0)], numOfContainers=3, numOfBlocks=553
2019-06-13 22:27:27,618 INFO  commandhandler.DeleteBlocksCommandHandler (DeleteBlocksCommandHandler.java:handle(106)) - Start to delete container blocks, TXIDs=[1(0),2(0),3(0)], numOfContainers=3, numOfBlocks=553
2019-06-13 22:27:27,619 INFO  commandhandler.DeleteBlocksCommandHandler (DeleteBlocksCommandHandler.java:handle(106)) - Start to delete container blocks, TXIDs=[1(0),2(0),3(0)], numOfContainers=3, numOfBlocks=553
2019-06-13 22:27:27,620 INFO  commandhandler.DeleteBlocksCommandHandler (DeleteBlocksCommandHandler.java:handle(106)) - Start to delete container blocks, TXIDs=[1(0),2(0),3(0)], numOfContainers=3, numOfBlocks=553
2019-06-13 22:27:27,621 INFO  commandhandler.DeleteBlocksCommandHandler (DeleteBlocksCommandHandler.java:handle(106)) - Start to delete container blocks, TXIDs=[1(0),2(0),3(0)], numOfContainers=3, numOfBlocks=553
2019-06-13 22:27:27,625 INFO  commands.RetriableDatanodeEventWatcher (RetriableDatanodeEventWatcher.java:onTimeout(47)) - RetriableDatanodeCommand type=deleteBlocksCommand with id=1560464836906 timed out. Retrying.
2019-06-13 22:27:27,626 INFO  commandhandler.DeleteBlocksCommandHandler (DeleteBlocksCommandHandler.java:handle(106)) - Start to delete container blocks, TXIDs=[1(0),2(0),3(0)], numOfContainers=3, numOfBlocks=553
2019-06-13 22:27:27,628 INFO  commandhandler.DeleteBlocksCommandHandler (DeleteBlocksCommandHandler.java:handle(106)) - Start to delete container blocks, TXIDs=[1(0),2(0),3(0)], numOfContainers=3, numOfBlocks=553
2019-06-13 22:27:27,629 INFO  commandhandler.DeleteBlocksCommandHandler (DeleteBlocksCommandHandler.java:handle(106)) - Start to delete container blocks, TXIDs=[1(0),2(0),3(0)], numOfContainers=3, numOfBlocks=553
2019-06-13 22:27:27,630 INFO  commandhandler.DeleteBlocksCommandHandler (DeleteBlocksCommandHandler.java:handle(106)) - Start to delete container blocks, TXIDs=[1(0),2(0),3(0)], numOfContainers=3, numOfBlocks=553
2019-06-13 22:27:27,631 INFO  commands.RetriableDatanodeEventWatcher (RetriableDatanodeEventWatcher.java:onTimeout(47)) - RetriableDatanodeCommand type=deleteBlocksCommand with id=1560464836916 timed out. Retrying.
2019-06-13 22:27:27,633 INFO  commands.RetriableDatanodeEventWatcher (RetriableDatanodeEventWatcher.java:onTimeout(47)) - RetriableDatanodeCommand type=deleteBlocksCommand with id=1560464836955 timed out. Retrying.
2019-06-13 22:27:27,635 INFO  commandhandler.DeleteBlocksCommandHandler (DeleteBlocksCommandHandler.java:handle(106)) - Start to delete container blocks, TXIDs=[1(0),2(0),3(0)], numOfContainers=3, numOfBlocks=553
2019-06-13 22:27:27,636 INFO  commandhandler.DeleteBlocksCommandHandler (DeleteBlocksCommandHandler.java:handle(106)) - Start to delete container blocks, TXIDs=[1(0),2(0),3(0)], numOfContainers=3, numOfBlocks=553
2019-06-13 22:27:27,637 INFO  commandhandler.DeleteBlocksCommandHandler (DeleteBlocksCommandHandler.java:handle(106)) - Start to delete container blocks, TXIDs=[1(0),2(0),3(0)], numOfContainers=3, numOfBlocks=553
2019-06-13 22:27:27,638 INFO  commandhandler.DeleteBlocksCommandHandler (DeleteBlocksCommandHandler.java:handle(106)) - Start to delete container blocks, TXIDs=[1(0),2(0),3(0)], numOfContainers=3, numOfBlocks=553
2019-06-13 22:27:27,639 INFO  commandhandler.DeleteBlocksCommandHandler (DeleteBlocksCommandHandler.java:handle(106)) - Start to delete container blocks, TXIDs=[1(0),2(0),3(0)], numOfContainers=3, numOfBlocks=553
2019-06-13 22:27:27,643 INFO  commands.RetriableDatanodeEventWatcher (RetriableDatanodeEventWatcher.java:onTimeout(47)) - RetriableDatanodeCommand type=deleteBlocksCommand with id=1560464836926 timed out. Retrying.
2019-06-13 22:27:27,646 INFO  commandhandler.DeleteBlocksCommandHandler (DeleteBlocksCommandHandler.java:handle(106)) - Start to delete container blocks, TXIDs=[1(0),2(0),3(0)], numOfContainers=3, numOfBlocks=553
2019-06-13 22:27:27,647 INFO  commandhandler.DeleteBlocksCommandHandler (DeleteBlocksCommandHandler.java:handle(106)) - Start to delete container blocks, TXIDs=[1(0),2(0),3(0)], numOfContainers=3, numOfBlocks=553
2019-06-13 22:27:27,648 DEBUG block.SCMBlockDeletingService (SCMBlockDeletingService.java:call(138)) - Running DeletedBlockTransactionScanner
2019-06-13 22:27:27,648 DEBUG block.SCMBlockDeletingService (SCMBlockDeletingService.java:call(155)) - Scanned deleted blocks log and got 0 delTX to process.
2019-06-13 22:27:27,651 INFO  commandhandler.DeleteBlocksCommandHandler (DeleteBlocksCommandHandler.java:handle(106)) - Start to delete container blocks, TXIDs=[1(0),2(0),3(0)], numOfContainers=3, numOfBlocks=553
2019-06-13 22:27:27,655 INFO  commandhandler.DeleteBlocksCommandHandler (DeleteBlocksCommandHandler.java:handle(106)) - Start to delete container blocks, TXIDs=[1(0),2(0),3(0)], numOfContainers=3, numOfBlocks=553
2019-06-13 22:27:27,656 INFO  commandhandler.DeleteBlocksCommandHandler (DeleteBlocksCommandHandler.java:handle(106)) - Start to delete container blocks, TXIDs=[1(0),2(0),3(0)], numOfContainers=3, numOfBlocks=553
2019-06-13 22:27:27,657 INFO  commandhandler.DeleteBlocksCommandHandler (DeleteBlocksCommandHandler.java:handle(106)) - Start to delete container blocks, TXIDs=[1(0),2(0),3(0)], numOfContainers=3, numOfBlocks=553
2019-06-13 22:27:27,662 INFO  commandhandler.DeleteBlocksCommandHandler (DeleteBlocksCommandHandler.java:handle(106)) - Start to delete container blocks, TXIDs=[1(0),2(0),3(0)], numOfContainers=3, numOfBlocks=553
2019-06-13 22:27:27,663 INFO  commandhandler.DeleteBlocksCommandHandler (DeleteBlocksCommandHandler.java:handle(106)) - Start to delete container blocks, TXIDs=[1(0),2(0),3(0)], numOfContainers=3, numOfBlocks=553
2019-06-13 22:27:27,664 INFO  commands.RetriableDatanodeEventWatcher (RetriableDatanodeEventWatcher.java:onTimeout(47)) - RetriableDatanodeCommand type=deleteBlocksCommand with id=1560464836936 timed out. Retrying.
2019-06-13 22:27:27,670 INFO  commandhandler.DeleteBlocksCommandHandler (DeleteBlocksCommandHandler.java:handle(106)) - Start to delete container blocks, TXIDs=[1(0),2(0),3(0)], numOfContainers=3, numOfBlocks=553
2019-06-13 22:27:27,671 INFO  commandhandler.DeleteBlocksCommandHandler (DeleteBlocksCommandHandler.java:handle(106)) - Start to delete container blocks, TXIDs=[1(0),2(0),3(0)], numOfContainers=3, numOfBlocks=553
2019-06-13 22:27:27,672 INFO  commandhandler.DeleteBlocksCommandHandler (DeleteBlocksCommandHandler.java:handle(106)) - Start to delete container blocks, TXIDs=[1(0),2(0),3(0)], numOfContainers=3, numOfBlocks=553
2019-06-13 22:27:27,673 INFO  commandhandler.DeleteBlocksCommandHandler (DeleteBlocksCommandHandler.java:handle(106)) - Start to delete container blocks, TXIDs=[1(0),2(0),3(0)], numOfContainers=3, numOfBlocks=553
2019-06-13 22:27:27,673 INFO  commands.RetriableDatanodeEventWatcher (RetriableDatanodeEventWatcher.java:onTimeout(47)) - RetriableDatanodeCommand type=deleteBlocksCommand with id=1560464836946 timed out. Retrying.
2019-06-13 22:27:27,675 INFO  commands.RetriableDatanodeEventWatcher (RetriableDatanodeEventWatcher.java:onTimeout(47)) - RetriableDatanodeCommand type=deleteBlocksCommand with id=1560464836867 timed out. Retrying.
2019-06-13 22:27:27,675 INFO  commandhandler.DeleteBlocksCommandHandler (DeleteBlocksCommandHandler.java:handle(106)) - Start to delete container blocks, TXIDs=[1(0),2(0),3(0)], numOfContainers=3, numOfBlocks=553
2019-06-13 22:27:27,678 INFO  commandhandler.DeleteBlocksCommandHandler (DeleteBlocksCommandHandler.java:handle(106)) - Start to delete container blocks, TXIDs=[1(0),2(0),3(0)], numOfContainers=3, numOfBlocks=553
2019-06-13 22:27:27,679 INFO  commandhandler.DeleteBlocksCommandHandler (DeleteBlocksCommandHandler.java:handle(106)) - Start to delete container blocks, TXIDs=[1(0),2(0),3(0)], numOfContainers=3, numOfBlocks=553
2019-06-13 22:27:27,680 INFO  commandhandler.DeleteBlocksCommandHandler (DeleteBlocksCommandHandler.java:handle(106)) - Start to delete container blocks, TXIDs=[1(0),2(0),3(0)], numOfContainers=3, numOfBlocks=553
2019-06-13 22:27:27,681 INFO  commandhandler.DeleteBlocksCommandHandler (DeleteBlocksCommandHandler.java:handle(106)) - Start to delete container blocks, TXIDs=[1(0),2(0),3(0)], numOfContainers=3, numOfBlocks=553
2019-06-13 22:27:27,686 INFO  commandhandler.DeleteBlocksCommandHandler (DeleteBlocksCommandHandler.java:handle(106)) - Start to delete container blocks, TXIDs=[1(0),2(0),3(0)], numOfContainers=3, numOfBlocks=553
2019-06-13 22:27:27,687 INFO  commandhandler.DeleteBlocksCommandHandler (DeleteBlocksCommandHandler.java:handle(106)) - Start to delete container blocks, TXIDs=[1(0),2(0),3(0)], numOfContainers=3, numOfBlocks=553
2019-06-13 22:27:27,689 INFO  commands.RetriableDatanodeEventWatcher (RetriableDatanodeEventWatcher.java:onTimeout(47)) - RetriableDatanodeCommand type=deleteBlocksCommand with id=1560464836877 timed out. Retrying.
2019-06-13 22:27:27,694 INFO  commandhandler.DeleteBlocksCommandHandler (DeleteBlocksCommandHandler.java:handle(106)) - Start to delete container blocks, TXIDs=[1(0),2(0),3(0)], numOfContainers=3, numOfBlocks=553
2019-06-13 22:27:27,695 INFO  commandhandler.DeleteBlocksCommandHandler (DeleteBlocksCommandHandler.java:handle(106)) - Start to delete container blocks, TXIDs=[1(0),2(0),3(0)], numOfContainers=3, numOfBlocks=553
2019-06-13 22:27:27,695 INFO  commands.RetriableDatanodeEventWatcher (RetriableDatanodeEventWatcher.java:onTimeout(47)) - RetriableDatanodeCommand type=deleteBlocksCommand with id=1560464836887 timed out. Retrying.
2019-06-13 22:27:27,696 INFO  commandhandler.DeleteBlocksCommandHandler (DeleteBlocksCommandHandler.java:handle(106)) - Start to delete container blocks, TXIDs=[1(0),2(0),3(0)], numOfContainers=3, numOfBlocks=553
2019-06-13 22:27:27,697 INFO  commandhandler.DeleteBlocksCommandHandler (DeleteBlocksCommandHandler.java:handle(106)) - Start to delete container blocks, TXIDs=[1(0),2(0),3(0)], numOfContainers=3, numOfBlocks=553
2019-06-13 22:27:27,698 INFO  commandhandler.DeleteBlocksCommandHandler (DeleteBlocksCommandHandler.java:handle(106)) - Start to delete container blocks, TXIDs=[1(0),2(0),3(0)], numOfContainers=3, numOfBlocks=553
2019-06-13 22:27:27,699 INFO  commandhandler.DeleteBlocksCommandHandler (DeleteBlocksCommandHandler.java:handle(106)) - Start to delete container blocks, TXIDs=[1(0),2(0),3(0)], numOfContainers=3, numOfBlocks=553
2019-06-13 22:27:27,700 INFO  commandhandler.DeleteBlocksCommandHandler (DeleteBlocksCommandHandler.java:handle(106)) - Start to delete container blocks, TXIDs=[1(0),2(0),3(0)], numOfContainers=3, numOfBlocks=553
2019-06-13 22:27:27,701 INFO  commandhandler.DeleteBlocksCommandHandler (DeleteBlocksCommandHandler.java:handle(106)) - Start to delete container blocks, TXIDs=[1(0),2(0),3(0)], numOfContainers=3, numOfBlocks=553
2019-06-13 22:27:27,707 INFO  commandhandler.DeleteBlocksCommandHandler (DeleteBlocksCommandHandler.java:handle(106)) - Start to delete container blocks, TXIDs=[1(0),2(0),3(0)], numOfContainers=3, numOfBlocks=553
2019-06-13 22:27:27,708 INFO  commandhandler.DeleteBlocksCommandHandler (DeleteBlocksCommandHandler.java:handle(106)) - Start to delete container blocks, TXIDs=[1(0),2(0),3(0)], numOfContainers=3, numOfBlocks=553
2019-06-13 22:27:27,709 INFO  commandhandler.DeleteBlocksCommandHandler (DeleteBlocksCommandHandler.java:handle(106)) - Start to delete container blocks, TXIDs=[1(0),2(0),3(0)], numOfContainers=3, numOfBlocks=553
2019-06-13 22:27:27,710 INFO  commandhandler.DeleteBlocksCommandHandler (DeleteBlocksCommandHandler.java:handle(106)) - Start to delete container blocks, TXIDs=[1(0),2(0),3(0)], numOfContainers=3, numOfBlocks=553
2019-06-13 22:27:27,711 INFO  commandhandler.DeleteBlocksCommandHandler (DeleteBlocksCommandHandler.java:handle(106)) - Start to delete container blocks, TXIDs=[1(0),2(0),3(0)], numOfContainers=3, numOfBlocks=553
2019-06-13 22:27:27,712 INFO  commandhandler.DeleteBlocksCommandHandler (DeleteBlocksCommandHandler.java:handle(106)) - Start to delete container blocks, TXIDs=[1(0),2(0),3(0)], numOfContainers=3, numOfBlocks=553
2019-06-13 22:27:27,713 INFO  commandhandler.DeleteBlocksCommandHandler (DeleteBlocksCommandHandler.java:handle(106)) - Start to delete container blocks, TXIDs=[1(0),2(0),3(0)], numOfContainers=3, numOfBlocks=553
2019-06-13 22:27:27,704 INFO  background.BlockDeletingService (BlockDeletingService.java:call(246)) - Container: 3, deleted blocks: 184, task elapsed time: 334ms
2019-06-13 22:27:27,714 INFO  commandhandler.DeleteBlocksCommandHandler (DeleteBlocksCommandHandler.java:handle(106)) - Start to delete container blocks, TXIDs=[1(0),2(0),3(0)], numOfContainers=3, numOfBlocks=553
2019-06-13 22:27:27,715 INFO  commandhandler.DeleteBlocksCommandHandler (DeleteBlocksCommandHandler.java:handle(106)) - Start to delete container blocks, TXIDs=[1(0),2(0),3(0)], numOfContainers=3, numOfBlocks=553
2019-06-13 22:27:27,716 INFO  commandhandler.DeleteBlocksCommandHandler (DeleteBlocksCommandHandler.java:handle(106)) - Start to delete container blocks, TXIDs=[1(0),2(0),3(0)], numOfContainers=3, numOfBlocks=553
2019-06-13 22:27:27,717 INFO  commandhandler.DeleteBlocksCommandHandler (DeleteBlocksCommandHandler.java:handle(106)) - Start to delete container blocks, TXIDs=[1(0),2(0),3(0)], numOfContainers=3, numOfBlocks=553
2019-06-13 22:27:27,718 INFO  commandhandler.DeleteBlocksCommandHandler (DeleteBlocksCommandHandler.java:handle(106)) - Start to delete container blocks, TXIDs=[1(0),2(0),3(0)], numOfContainers=3, numOfBlocks=553
2019-06-13 22:27:27,719 INFO  commandhandler.DeleteBlocksCommandHandler (DeleteBlocksCommandHandler.java:handle(106)) - Start to delete container blocks, TXIDs=[1(0),2(0),3(0)], numOfContainers=3, numOfBlocks=553
2019-06-13 22:27:27,720 INFO  commands.RetriableDatanodeEventWatcher (RetriableDatanodeEventWatcher.java:onTimeout(47)) - RetriableDatanodeCommand type=deleteBlocksCommand with id=1560464836897 timed out. Retrying.
2019-06-13 22:27:27,720 INFO  commandhandler.DeleteBlocksCommandHandler (DeleteBlocksCommandHandler.java:handle(106)) - Start to delete container blocks, TXIDs=[1(0),2(0),3(0)], numOfContainers=3, numOfBlocks=553
2019-06-13 22:27:27,722 INFO  commandhandler.DeleteBlocksCommandHandler (DeleteBlocksCommandHandler.java:handle(106)) - Start to delete container blocks, TXIDs=[1(0),2(0),3(0)], numOfContainers=3, numOfBlocks=553
2019-06-13 22:27:27,723 INFO  commandhandler.DeleteBlocksCommandHandler (DeleteBlocksCommandHandler.java:handle(106)) - Start to delete container blocks, TXIDs=[1(0),2(0),3(0)], numOfContainers=3, numOfBlocks=553
2019-06-13 22:27:27,724 INFO  commandhandler.DeleteBlocksCommandHandler (DeleteBlocksCommandHandler.java:handle(106)) - Start to delete container blocks, TXIDs=[1(0),2(0),3(0)], numOfContainers=3, numOfBlocks=553
2019-06-13 22:27:27,724 INFO  commandhandler.DeleteBlocksCommandHandler (DeleteBlocksCommandHandler.java:handle(106)) - Start to delete container blocks, TXIDs=[1(0),2(0),3(0)], numOfContainers=3, numOfBlocks=553
2019-06-13 22:27:27,726 INFO  commands.RetriableDatanodeEventWatcher (RetriableDatanodeEventWatcher.java:onTimeout(47)) - RetriableDatanodeCommand type=deleteBlocksCommand with id=1560464836907 timed out. Retrying.
2019-06-13 22:27:27,726 INFO  commandhandler.DeleteBlocksCommandHandler (DeleteBlocksCommandHandler.java:handle(106)) - Start to delete container blocks, TXIDs=[1(0),2(0),3(0)], numOfContainers=3, numOfBlocks=553
2019-06-13 22:27:27,727 INFO  commandhandler.DeleteBlocksCommandHandler (DeleteBlocksCommandHandler.java:handle(106)) - Start to delete container blocks, TXIDs=[1(0),2(0),3(0)], numOfContainers=3, numOfBlocks=553
2019-06-13 22:27:27,729 INFO  commandhandler.DeleteBlocksCommandHandler (DeleteBlocksCommandHandler.java:handle(106)) - Start to delete container blocks, TXIDs=[1(0),2(0),3(0)], numOfContainers=3, numOfBlocks=553
2019-06-13 22:27:27,730 INFO  commandhandler.DeleteBlocksCommandHandler (DeleteBlocksCommandHandler.java:handle(106)) - Start to delete container blocks, TXIDs=[1(0),2(0),3(0)], numOfContainers=3, numOfBlocks=553
2019-06-13 22:27:27,731 INFO  commandhandler.DeleteBlocksCommandHandler (DeleteBlocksCommandHandler.java:handle(106)) - Start to delete container blocks, TXIDs=[1(0),2(0),3(0)], numOfContainers=3, numOfBlocks=553
2019-06-13 22:27:27,732 INFO  commandhandler.DeleteBlocksCommandHandler (DeleteBlocksCommandHandler.java:handle(106)) - Start to delete container blocks, TXIDs=[1(0),2(0),3(0)], numOfContainers=3, numOfBlocks=553
2019-06-13 22:27:27,732 WARN  block.DeletedBlockLogImpl (DeletedBlockLogImpl.java:incrementCount(141)) - Deleted TXID not found.
2019-06-13 22:27:27,733 INFO  commandhandler.DeleteBlocksCommandHandler (DeleteBlocksCommandHandler.java:handle(106)) - Start to delete container blocks, TXIDs=[1(0),2(0),3(0)], numOfContainers=3, numOfBlocks=553
DeletedBlockLogImpl.java:incrementCount(141)) - Deleted TXID not found.
2019-06-13 22:27:27,733 INFO  commandhandler.DeleteBlocksCommandHandler (DeleteBlocksCommandHandler.java:handle(106)) - Start to delete container blocks, TXIDs=[1(0),2(0),3(0)], numOfContainers=3, numOfBlocks=553
2019-06-13 22:27:27,733 WARN  block.DeletedBlockLogImpl (DeletedBlockLogImpl.java:incrementCount(141)) - Deleted TXID not found.
2019-06-13 22:27:27,733 WARN  block.DeletedBlockLogImpl (DeletedBlockLogImpl.java:incrementCount(141)) - Deleted TXID not found.
2019-06-13 22:27:27,733 WARN  block.DeletedBlockLogImpl (DeletedBlockLogImpl.java:incrementCount(141)) - Deleted TXID not found.
2019-06-13 22:27:27,733 WARN  block.DeletedBlockLogImpl (DeletedBlockLogImpl.java:incrementCount(141)) - Deleted TXID not found.
2019-06-13 22:27:27,733 DEBUG block.DeletedBlockLogImpl (DeletedBlockLogImpl.java:isTransactionFailed(245)) - Got block deletion ACK from datanode, TXIDs=1, success=true
2019-06-13 22:27:27,733 WARN  block.DeletedBlockLogImpl (DeletedBlockLogImpl.java:commitTransactions(205)) - Transaction txId=1 commit by dnId=d5132e6f-def8-45c0-b0d2-c5ba43d86628 for containerID=#1 failed. Corresponding entry not found.
2019-06-13 22:27:27,733 DEBUG block.DeletedBlockLogImpl (DeletedBlockLogImpl.java:isTransactionFailed(245)) - Got block deletion ACK from datanode, TXIDs=1, success=true
2019-06-13 22:27:27,733 WARN  block.DeletedBlockLogImpl (DeletedBlockLogImpl.java:commitTransactions(205)) - Transaction txId=1 commit by dnId=d5132e6f-def8-45c0-b0d2-c5ba43d86628 for containerID=#1 failed. Corresponding entry not found.
2019-06-13 22:27:27,734 WARN  block.DeletedBlockLogImpl (DeletedBlockLogImpl.java:incrementCount(141)) - Deleted TXID not found.
2019-06-13 22:27:27,734 WARN  block.DeletedBlockLogImpl (DeleteBlocksCommandHandler.java:handle(106)) - Start to delete container blocks, TXIDs=[1(0),2(0),3(0)], numOfContainers=3, numOfBlocks=553
DeletedBlockLogImpl.java:incrementCount(141)) - Deleted TXID not found.
2019-06-13 22:27:27,734 WARN  block.DeletedBlockLogImpl (DeletedBlockLogImpl.java:incrementCount(141)) - Deleted TXID not found.
2019-06-13 22:27:27,734 WARN  block.DeletedBlockLogImpl (DeletedBlockLogImpl.java:incrementCount(141)) - Deleted TXID not found.
2019-06-13 22:27:27,734 WARN  block.DeletedBlockLogImpl (DeletedBlockLogImpl.java:incrementCount(141)) - Deleted TXID not found.
2019-06-13 22:27:27,734 WARN  block.DeletedBlockLogImpl (DeletedBlockLogImpl.java:incrementCount(141)) - Deleted TXID not found.
2019-06-13 22:27:27,734 WARN  block.DeletedBlockLogImpl (DeletedBlockLogImpl.java:incrementCount(141)) - Deleted TXID not found.
2019-06-13 22:27:27,734 WARN  block.DeletedBlockLogImpl (DeletedBlockLogImpl.java:incrementCount(141)) - Deleted TXID not found.
2019-06-13 22:27:27,734 WARN  block.DeletedBlockLogImpl (DeletedBlockLogImpl.java:incrementCount(141)) - Deleted TXID not found.
2019-06-13 22:27:27,734 DEBUG block.DeletedBlockLogImpl (DeletedBlockLogImpl.java:isTransactionFailed(245)) - Got block deletion ACK from datanode, TXIDs=1, success=true
2019-06-13 22:27:27,735 WARN  block.DeletedBlockLogImpl (DeletedBlockLogImpl.java:commitTransactions(205)) - Transaction txId=1 commit by dnId=d5132e6f-def8-45c0-b0d2-c5ba43d86628 for containerID=#1 failed. Corresponding entry not found.
2019-06-13 22:27:27,735 WARN  block.DeletedBlockLogImpl (DeletedBlockLogImpl.java:incrementCount(141)) - Deleted TXID not found.
2019-06-13 22:27:27,735 WARN  block.DeletedBlockLogImpl (DeletedBlockLogImpl.java:incrementCount(141)) - Deleted TXID not found.
2019-06-13 22:27:27,735 WARN  block.DeletedBlockLogImpl (DeletedBlockLogImpl.java:incrementCount(141)) - Deleted TXID not found.
2019-06-13 22:27:27,735 DEBUG block.DeletedBlockLogImpl (DeletedBlockLogImpl.java:isTransactionFailed(245)) - Got block deletion ACK from datanode, TXIDs=1, success=true
2019-06-13 22:27:27,735 WARN  block.DeletedBlockLogImpl (DeletedBlockLogImpl.java:commitTransactions(205)) - Transaction txId=1 commit by dnId=d5132e6f-def8-45c0-b0d2-c5ba43d86628 for containerID=#1 failed. Corresponding entry not found.
2019-06-13 22:27:27,735 DEBUG block.DeletedBlockLogImpl (DeletedBlockLogImpl.java:isTransactionFailed(245)) - Got block deletion ACK from datanode, TXIDs=1, success=true
2019-06-13 22:27:27,735 WARN  block.DeletedBlockLogImpl (DeletedBlockLogImpl.java:commitTransactions(205)) - Transaction txId=1 commit by dnId=d5132e6f-def8-45c0-b0d2-c5ba43d86628 for containerID=#1 failed. Corresponding entry not found.
2019-06-13 22:27:27,735 WARN  block.DeletedBlockLogImpl (DeletedBlockLogImpl.java:incrementCount(141)) - Deleted TXID not found.
2019-06-13 22:27:27,735 WARN  block.DeletedBlockLogImpl (DeletedBlockLogImpl.java:incrementCount(141)) - Deleted TXID not found.
2019-06-13 22:27:27,736 WARN  block.DeletedBlockLogImpl (DeletedBlockLogImpl.java:incrementCount(141)) - Deleted TXID not found.
2019-06-13 22:27:27,736 DEBUG block.DeletedBlockLogImpl (DeletedBlockLogImpl.java:isTransactionFailed(245)) - Got block deletion ACK from datanode, TXIDs=1, success=true
2019-06-13 22:27:27,736 WARN  block.DeletedBlockLogImpl (DeletedBlockLogImpl.java:commitTransactions(205)) - Transaction txId=1 commit by dnId=d5132e6f-def8-45c0-b0d2-c5ba43d86628 for containerID=#1 failed. Corresponding entry not found.
2019-06-13 22:27:27,736 DEBUG block.DeletedBlockLogImpl (DeletedBlockLogImpl.java:isTransactionFailed(245)) - Got block deletion ACK from datanode, TXIDs=1, success=true
2019-06-13 22:27:27,736 WARN  block.DeletedBlockLogImpl (DeletedBlockLogImpl.java:commitTransactions(205)) - Transaction txId=1 commit by dnId=d5132e6f-def8-45c0-b0d2-c5ba43d86628 for containerID=#1 failed. Corresponding entry not found.
2019-06-13 22:27:27,736 DEBUG block.DeletedBlockLogImpl (DeletedBlockLogImpl.java:isTransactionFailed(245)) - Got block deletion ACK from datanode, TXIDs=1, success=true
2019-06-13 22:27:27,736 WARN  block.DeletedBlockLogImpl (DeletedBlockLogImpl.java:commitTransactions(205)) - Transaction txId=1 commit by dnId=d5132e6f-def8-45c0-b0d2-c5ba43d86628 for containerID=#1 failed. Corresponding entry not found.
2019-06-13 22:27:27,736 DEBUG block.DeletedBlockLogImpl (DeletedBlockLogImpl.java:isTransactionFailed(245)) - Got block deletion ACK from datanode, TXIDs=1, success=true
2019-06-13 22:27:27,736 WARN  block.DeletedBlockLogImpl (DeletedBlockLogImpl.java:commitTransactions(205)) - Transaction txId=1 commit by dnId=d5132e6f-def8-45c0-b0d2-c5ba43d86628 for containerID=#1 failed. Corresponding entry not found.
2019-06-13 22:27:27,736 DEBUG block.DeletedBlockLogImpl (DeletedBlockLogImpl.java:isTransactionFailed(245)) - Got block deletion ACK from datanode, TXIDs=1, success=true
2019-06-13 22:27:27,737 WARN  block.DeletedBlockLogImpl (DeletedBlockLogImpl.java:commitTransactions(205)) - Transaction txId=1 commit by dnId=d5132e6f-def8-45c0-b0d2-c5ba43d86628 for containerID=#1 failed. Corresponding entry not found.
2019-06-13 22:27:27,737 DEBUG block.DeletedBlockLogImpl (DeletedBlockLogImpl.java:isTransactionFailed(245)) - Got block deletion ACK from datanode, TXIDs=1, success=true
2019-06-13 22:27:27,737 WARN  block.DeletedBlockLogImpl (DeletedBlockLogImpl.java:commitTransactions(205)) - Transaction txId=1 commit by dnId=d5132e6f-def8-45c0-b0d2-c5ba43d86628 for containerID=#1 failed. Corresponding entry not found.
2019-06-13 22:27:27,737 DEBUG block.DeletedBlockLogImpl (DeletedBlockLogImpl.java:isTransactionFailed(245)) - Got block deletion ACK from datanode, TXIDs=1, success=true
2019-06-13 22:27:27,737 WARN  block.DeletedBlockLogImpl (DeletedBlockLogImpl.java:commitTransactions(205)) - Transaction txId=1 commit by dnId=d5132e6f-def8-45c0-b0d2-c5ba43d86628 for containerID=#1 failed. Corresponding entry not found.
2019-06-13 22:27:27,737 DEBUG block.DeletedBlockLogImpl (DeletedBlockLogImpl.java:isTransactionFailed(245)) - Got block deletion ACK from datanode, TXIDs=1, success=true
2019-06-13 22:27:27,737 WARN  block.DeletedBlockLogImpl (DeletedBlockLogImpl.java:commitTransactions(205)) - Transaction txId=1 commit by dnId=d5132e6f-def8-45c0-b0d2-c5ba43d86628 for containerID=#1 failed. Corresponding entry not found.
2019-06-13 22:27:27,737 DEBUG block.DeletedBlockLogImpl (DeletedBlockLogImpl.java:isTransactionFailed(245)) - Got block deletion ACK from datanode, TXIDs=1, success=true
2019-06-13 22:27:27,737 WARN  block.DeletedBlockLogImpl (DeletedBlockLogImpl.java:commitTransactions(205)) - Transaction txId=1 commit by dnId=d5132e6f-def8-45c0-b0d2-c5ba43d86628 for containerID=#1 failed. Corresponding entry not found.
2019-06-13 22:27:27,737 DEBUG block.DeletedBlockLogImpl (DeletedBlockLogImpl.java:isTransactionFailed(245)) - Got block deletion ACK from datanode, TXIDs=1, success=true
2019-06-13 22:27:27,738 WARN  block.DeletedBlockLogImpl (DeletedBlockLogImpl.java:commitTransactions(205)) - Transaction txId=1 commit by dnId=d5132e6f-def8-45c0-b0d2-c5ba43d86628 for containerID=#1 failed. Corresponding entry not found.
2019-06-13 22:27:27,738 DEBUG block.DeletedBlockLogImpl (DeletedBlockLogImpl.java:isTransactionFailed(245)) - Got block deletion ACK from datanode, TXIDs=1, success=true
2019-06-13 22:27:27,738 WARN  block.DeletedBlockLogImpl (DeletedBlockLogImpl.java:commitTransactions(205)) - Transaction txId=1 commit by dnId=d5132e6f-def8-45c0-b0d2-c5ba43d86628 for containerID=#1 failed. Corresponding entry not found.
2019-06-13 22:27:27,738 DEBUG block.DeletedBlockLogImpl (DeletedBlockLogImpl.java:isTransactionFailed(245)) - Got block deletion ACK from datanode, TXIDs=1, success=true
2019-06-13 22:27:27,738 WARN  block.DeletedBlockLogImpl (DeletedBlockLogImpl.java:commitTransactions(205)) - Transaction txId=1 commit by dnId=d5132e6f-def8-45c0-b0d2-c5ba43d86628 for containerID=#1 failed. Corresponding entry not found.
2019-06-13 22:27:27,738 DEBUG block.DeletedBlockLogImpl (DeletedBlockLogImpl.java:isTransactionFailed(245)) - Got block deletion ACK from datanode, TXIDs=1, success=true
2019-06-13 22:27:27,738 WARN  block.DeletedBlockLogImpl (DeletedBlockLogImpl.java:commitTransactions(205)) - Transaction txId=1 commit by dnId=d5132e6f-def8-45c0-b0d2-c5ba43d86628 for containerID=#1 failed. Corresponding entry not found.
2019-06-13 22:27:27,738 DEBUG block.DeletedBlockLogImpl (DeletedBlockLogImpl.java:isTransactionFailed(245)) - Got block deletion ACK from datanode, TXIDs=1, success=true
2019-06-13 22:27:27,738 WARN  block.DeletedBlockLogImpl (DeletedBlockLogImpl.java:commitTransactions(205)) - Transaction txId=1 commit by dnId=d5132e6f-def8-45c0-b0d2-c5ba43d86628 for containerID=#1 failed. Corresponding entry not found.
2019-06-13 22:27:27,738 DEBUG block.DeletedBlockLogImpl (DeletedBlockLogImpl.java:isTransactionFailed(245)) - Got block deletion ACK from datanode, TXIDs=1, success=true
2019-06-13 22:27:27,738 WARN  block.DeletedBlockLogImpl (DeletedBlockLogImpl.java:commitTransactions(205)) - Transaction txId=1 commit by dnId=d5132e6f-def8-45c0-b0d2-c5ba43d86628 for containerID=#1 failed. Corresponding entry not found.
2019-06-13 22:27:27,738 DEBUG block.DeletedBlockLogImpl (DeletedBlockLogImpl.java:isTransactionFailed(245)) - Got block deletion ACK from datanode, TXIDs=1, success=true
2019-06-13 22:27:27,738 WARN  block.DeletedBlockLogImpl (DeletedBlockLogImpl.java:commitTransactions(205)) - Transaction txId=1 commit by dnId=d5132e6f-def8-45c0-b0d2-c5ba43d86628 for containerID=#1 failed. Corresponding entry not found.
2019-06-13 22:27:27,738 DEBUG block.DeletedBlockLogImpl (DeletedBlockLogImpl.java:isTransactionFailed(245)) - Got block deletion ACK from datanode, TXIDs=1, success=true
2019-06-13 22:27:27,739 WARN  block.DeletedBlockLogImpl (DeletedBlockLogImpl.java:commitTransactions(205)) - Transaction txId=1 commit by dnId=d5132e6f-def8-45c0-b0d2-c5ba43d86628 for containerID=#1 failed. Corresponding entry not found.
2019-06-13 22:27:27,739 DEBUG block.DeletedBlockLogImpl (DeletedBlockLogImpl.java:isTransactionFailed(245)) - Got block deletion ACK from datanode, TXIDs=1, success=true
2019-06-13 22:27:27,739 WARN  block.DeletedBlockLogImpl (DeletedBlockLogImpl.java:commitTransactions(205)) - Transaction txId=1 commit by dnId=d5132e6f-def8-45c0-b0d2-c5ba43d86628 for containerID=#1 failed. Corresponding entry not found.
2019-06-13 22:27:27,739 DEBUG block.DeletedBlockLogImpl (DeletedBlockLogImpl.java:isTransactionFailed(245)) - Got block deletion ACK from datanode, TXIDs=1, success=true
2019-06-13 22:27:27,739 WARN  block.DeletedBlockLogImpl (DeletedBlockLogImpl.java:commitTransactions(205)) - Transaction txId=1 commit by dnId=d5132e6f-def8-45c0-b0d2-c5ba43d86628 for containerID=#1 failed. Corresponding entry not found.
2019-06-13 22:27:27,739 DEBUG block.DeletedBlockLogImpl (DeletedBlockLogImpl.java:isTransactionFailed(245)) - Got block deletion ACK from datanode, TXIDs=1, success=true
2019-06-13 22:27:27,739 WARN  block.DeletedBlockLogImpl (DeletedBlockLogImpl.java:commitTransactions(205)) - Transaction txId=1 commit by dnId=d5132e6f-def8-45c0-b0d2-c5ba43d86628 for containerID=#1 failed. Corresponding entry not found.
2019-06-13 22:27:27,739 DEBUG block.DeletedBlockLogImpl (DeletedBlockLogImpl.java:isTransactionFailed(245)) - Got block deletion ACK from datanode, TXIDs=1, success=true
2019-06-13 22:27:27,739 WARN  block.DeletedBlockLogImpl (DeletedBlockLogImpl.java:commitTransactions(205)) - Transaction txId=1 commit by dnId=d5132e6f-def8-45c0-b0d2-c5ba43d86628 for containerID=#1 failed. Corresponding entry not found.
2019-06-13 22:27:27,739 DEBUG block.DeletedBlockLogImpl (DeletedBlockLogImpl.java:isTransactionFailed(245)) - Got block deletion ACK from datanode, TXIDs=1, success=true
2019-06-13 22:27:27,739 WARN  block.DeletedBlockLogImpl (DeletedBlockLogImpl.java:commitTransactions(205)) - Transaction txId=1 commit by dnId=d5132e6f-def8-45c0-b0d2-c5ba43d86628 for containerID=#1 failed. Corresponding entry not found.
2019-06-13 22:27:27,739 DEBUG block.DeletedBlockLogImpl (DeletedBlockLogImpl.java:isTransactionFailed(245)) - Got block deletion ACK from datanode, TXIDs=1, success=true
2019-06-13 22:27:27,739 WARN  block.DeletedBlockLogImpl (DeletedBlockLogImpl.java:commitTransactions(205)) - Transaction txId=1 commit by dnId=d5132e6f-def8-45c0-b0d2-c5ba43d86628 for containerID=#1 failed. Corresponding entry not found.
2019-06-13 22:27:27,739 DEBUG block.DeletedBlockLogImpl (DeletedBlockLogImpl.java:isTransactionFailed(245)) - Got block deletion ACK from datanode, TXIDs=1, success=true
2019-06-13 22:27:27,740 WARN  block.DeletedBlockLogImpl (DeletedBlockLogImpl.java:commitTransactions(205)) - Transaction txId=1 commit by dnId=d5132e6f-def8-45c0-b0d2-c5ba43d86628 for containerID=#1 failed. Corresponding entry not found.
2019-06-13 22:27:27,740 DEBUG block.DeletedBlockLogImpl (DeletedBlockLogImpl.java:isTransactionFailed(245)) - Got block deletion ACK from datanode, TXIDs=1, success=true
2019-06-13 22:27:27,740 WARN  block.DeletedBlockLogImpl (DeletedBlockLogImpl.java:commitTransactions(205)) - Transaction txId=1 commit by dnId=d5132e6f-def8-45c0-b0d2-c5ba43d86628 for containerID=#1 failed. Corresponding entry not found.
2019-06-13 22:27:27,740 DEBUG block.DeletedBlockLogImpl (DeletedBlockLogImpl.java:isTransactionFailed(245)) - Got block deletion ACK from datanode, TXIDs=1, success=true
2019-06-13 22:27:27,740 WARN  block.DeletedBlockLogImpl (DeletedBlockLogImpl.java:commitTransactions(205)) - Transaction txId=1 commit by dnId=d5132e6f-def8-45c0-b0d2-c5ba43d86628 for containerID=#1 failed. Corresponding entry not found.
2019-06-13 22:27:27,740 DEBUG block.DeletedBlockLogImpl (DeletedBlockLogImpl.java:isTransactionFailed(245)) - Got block deletion ACK from datanode, TXIDs=1, success=true
2019-06-13 22:27:27,740 WARN  block.DeletedBlockLogImpl (DeletedBlockLogImpl.java:commitTransactions(205)) - Transaction txId=1 commit by dnId=d5132e6f-def8-45c0-b0d2-c5ba43d86628 for containerID=#1 failed. Corresponding entry not found.
2019-06-13 22:27:27,740 DEBUG block.DeletedBlockLogImpl (DeletedBlockLogImpl.java:isTransactionFailed(245)) - Got block deletion ACK from datanode, TXIDs=1, success=true
2019-06-13 22:27:27,740 WARN  block.DeletedBlockLogImpl (DeletedBlockLogImpl.java:commitTransactions(205)) - Transaction txId=1 commit by dnId=d5132e6f-def8-45c0-b0d2-c5ba43d86628 for containerID=#1 failed. Corresponding entry not found.
2019-06-13 22:27:27,740 DEBUG block.DeletedBlockLogImpl (DeletedBlockLogImpl.java:isTransactionFailed(245)) - Got block deletion ACK from datanode, TXIDs=1, success=true
2019-06-13 22:27:27,740 WARN  block.DeletedBlockLogImpl (DeletedBlockLogImpl.java:commitTransactions(205)) - Transaction txId=1 commit by dnId=d5132e6f-def8-45c0-b0d2-c5ba43d86628 for containerID=#1 failed. Corresponding entry not found.
2019-06-13 22:27:27,740 DEBUG block.DeletedBlockLogImpl (DeletedBlockLogImpl.java:isTransactionFailed(245)) - Got block deletion ACK from datanode, TXIDs=1, success=true
2019-06-13 22:27:27,740 WARN  block.DeletedBlockLogImpl (DeletedBlockLogImpl.java:commitTransactions(205)) - Transaction txId=1 commit by dnId=d5132e6f-def8-45c0-b0d2-c5ba43d86628 for containerID=#1 failed. Corresponding entry not found.
2019-06-13 22:27:27,740 DEBUG block.DeletedBlockLogImpl (DeletedBlockLogImpl.java:isTransactionFailed(245)) - Got block deletion ACK from datanode, TXIDs=1, success=true
2019-06-13 22:27:27,740 WARN  block.DeletedBlockLogImpl (DeletedBlockLogImpl.java:commitTransactions(205)) - Transaction txId=1 commit by dnId=d5132e6f-def8-45c0-b0d2-c5ba43d86628 for containerID=#1 failed. Corresponding entry not found.
2019-06-13 22:27:27,741 DEBUG block.DeletedBlockLogImpl (DeletedBlockLogImpl.java:isTransactionFailed(245)) - Got block deletion ACK from datanode, TXIDs=1, success=true
2019-06-13 22:27:27,741 WARN  block.DeletedBlockLogImpl (DeletedBlockLogImpl.java:commitTransactions(205)) - Transaction txId=1 commit by dnId=d5132e6f-def8-45c0-b0d2-c5ba43d86628 for containerID=#1 failed. Corresponding entry not found.
2019-06-13 22:27:27,741 DEBUG block.DeletedBlockLogImpl (DeletedBlockLogImpl.java:isTransactionFailed(245)) - Got block deletion ACK from datanode, TXIDs=1, success=true
2019-06-13 22:27:27,741 WARN  block.DeletedBlockLogImpl (DeletedBlockLogImpl.java:commitTransactions(205)) - Transaction txId=1 commit by dnId=d5132e6f-def8-45c0-b0d2-c5ba43d86628 for containerID=#1 failed. Corresponding entry not found.
2019-06-13 22:27:27,741 DEBUG block.DeletedBlockLogImpl (DeletedBlockLogImpl.java:isTransactionFailed(245)) - Got block deletion ACK from datanode, TXIDs=1, success=true
2019-06-13 22:27:27,741 WARN  block.DeletedBlockLogImpl (DeletedBlockLogImpl.java:commitTransactions(205)) - Transaction txId=1 commit by dnId=d5132e6f-def8-45c0-b0d2-c5ba43d86628 for containerID=#1 failed. Corresponding entry not found.
2019-06-13 22:27:27,741 DEBUG block.DeletedBlockLogImpl (DeletedBlockLogImpl.java:isTransactionFailed(245)) - Got block deletion ACK from datanode, TXIDs=1, success=true
2019-06-13 22:27:27,741 WARN  block.DeletedBlockLogImpl (DeletedBlockLogImpl.java:commitTransactions(205)) - Transaction txId=1 commit by dnId=d5132e6f-def8-45c0-b0d2-c5ba43d86628 for containerID=#1 failed. Corresponding entry not found.
2019-06-13 22:27:27,741 DEBUG block.DeletedBlockLogImpl (DeletedBlockLogImpl.java:isTransactionFailed(245)) - Got block deletion ACK from datanode, TXIDs=1, success=true
2019-06-13 22:27:27,741 WARN  block.DeletedBlockLogImpl (DeletedBlockLogImpl.java:commitTransactions(205)) - Transaction txId=1 commit by dnId=d5132e6f-def8-45c0-b0d2-c5ba43d86628 for containerID=#1 failed. Corresponding entry not found.
2019-06-13 22:27:27,741 DEBUG block.DeletedBlockLogImpl (DeletedBlockLogImpl.java:isTransactionFailed(245)) - Got block deletion ACK from datanode, TXIDs=1, success=true
2019-06-13 22:27:27,741 WARN  block.DeletedBlockLogImpl (DeletedBlockLogImpl.java:commitTransactions(205)) - Transaction txId=1 commit by dnId=d5132e6f-def8-45c0-b0d2-c5ba43d86628 for containerID=#1 failed. Corresponding entry not found.
2019-06-13 22:27:27,741 WARN  block.DeletedBlockLogImpl (DeletedBlockLogImpl.java:incrementCount(141)) - Deleted TXID not found.
2019-06-13 22:27:27,742 WARN  block.DeletedBlockLogImpl (DeletedBlockLogImpl.java:incrementCount(141)) - Deleted TXID not found.
2019-06-13 22:27:27,742 WARN  block.DeletedBlockLogImpl (DeletedBlockLogImpl.java:incrementCount(141)) - Deleted TXID not found.
2019-06-13 22:27:27,742 WARN  block.DeletedBlockLogImpl (DeletedBlockLogImpl.java:incrementCount(141)) - Deleted TXID not found.
2019-06-13 22:27:27,742 WARN  block.DeletedBlockLogImpl (DeletedBlockLogImpl.java:incrementCount(141)) - Deleted TXID not found.
2019-06-13 22:27:27,742 WARN  block.DeletedBlockLogImpl (DeletedBlockLogImpl.java:incrementCount(141)) - Deleted TXID not found.
2019-06-13 22:27:27,742 WARN  block.DeletedBlockLogImpl (DeletedBlockLogImpl.java:incrementCount(141)) - Deleted TXID not found.
2019-06-13 22:27:27,742 WARN  block.DeletedBlockLogImpl (DeletedBlockLogImpl.java:incrementCount(141)) - Deleted TXID not found.
2019-06-13 22:27:27,742 WARN  block.DeletedBlockLogImpl (DeletedBlockLogImpl.java:incrementCount(141)) - Deleted TXID not found.
2019-06-13 22:27:27,742 WARN  block.DeletedBlockLogImpl (DeletedBlockLogImpl.java:incrementCount(141)) - Deleted TXID not found.
2019-06-13 22:27:27,742 WARN  block.DeletedBlockLogImpl (DeletedBlockLogImpl.java:incrementCount(141)) - Deleted TXID not found.
2019-06-13 22:27:27,742 WARN  block.DeletedBlockLogImpl (DeletedBlockLogImpl.java:incrementCount(141)) - Deleted TXID not found.
2019-06-13 22:27:27,743 WARN  block.DeletedBlockLogImpl (DeletedBlockLogImpl.java:incrementCount(141)) - Deleted TXID not found.
2019-06-13 22:27:27,743 WARN  block.DeletedBlockLogImpl (DeletedBlockLogImpl.java:incrementCount(141)) - Deleted TXID not found.
2019-06-13 22:27:27,743 WARN  block.DeletedBlockLogImpl (DeletedBlockLogImpl.java:incrementCount(141)) - Deleted TXID not found.
2019-06-13 22:27:27,743 WARN  block.DeletedBlockLogImpl (DeletedBlockLogImpl.java:incrementCount(141)) - Deleted TXID not found.
2019-06-13 22:27:27,743 WARN  block.DeletedBlockLogImpl (DeletedBlockLogImpl.java:incrementCount(141)) - Deleted TXID not found.
2019-06-13 22:27:27,743 WARN  block.DeletedBlockLogImpl (DeletedBlockLogImpl.java:incrementCount(141)) - Deleted TXID not found.
2019-06-13 22:27:27,743 WARN  block.DeletedBlockLogImpl (DeletedBlockLogImpl.java:incrementCount(141)) - Deleted TXID not found.
2019-06-13 22:27:27,743 WARN  block.DeletedBlockLogImpl (DeletedBlockLogImpl.java:incrementCount(141)) - Deleted TXID not found.
2019-06-13 22:27:27,743 WARN  block.DeletedBlockLogImpl (DeletedBlockLogImpl.java:incrementCount(141)) - Deleted TXID not found.
2019-06-13 22:27:27,743 WARN  block.DeletedBlockLogImpl (DeletedBlockLogImpl.java:incrementCount(141)) - Deleted TXID not found.
2019-06-13 22:27:27,743 WARN  block.DeletedBlockLogImpl (DeletedBlockLogImpl.java:incrementCount(141)) - Deleted TXID not found.
2019-06-13 22:27:27,744 WARN  block.DeletedBlockLogImpl (DeletedBlockLogImpl.java:incrementCount(141)) - Deleted TXID not found.
2019-06-13 22:27:27,744 WARN  block.DeletedBlockLogImpl (DeletedBlockLogImpl.java:incrementCount(141)) - Deleted TXID not found.
2019-06-13 22:27:27,744 WARN  block.DeletedBlockLogImpl (DeletedBlockLogImpl.java:incrementCount(141)) - Deleted TXID not found.
2019-06-13 22:27:27,744 WARN  block.DeletedBlockLogImpl (DeletedBlockLogImpl.java:incrementCount(141)) - Deleted TXID not found.
2019-06-13 22:27:27,744 WARN  block.DeletedBlockLogImpl (DeletedBlockLogImpl.java:incrementCount(141)) - Deleted TXID not found.
2019-06-13 22:27:27,744 WARN  block.DeletedBlockLogImpl (DeletedBlockLogImpl.java:incrementCount(141)) - Deleted TXID not found.
2019-06-13 22:27:27,744 WARN  block.DeletedBlockLogImpl (DeletedBlockLogImpl.java:incrementCount(141)) - Deleted TXID not found.
2019-06-13 22:27:27,744 WARN  block.DeletedBlockLogImpl (DeletedBlockLogImpl.java:incrementCount(141)) - Deleted TXID not found.
2019-06-13 22:27:27,744 WARN  block.DeletedBlockLogImpl (DeletedBlockLogImpl.java:incrementCount(141)) - Deleted TXID not found.
2019-06-13 22:27:27,744 WARN  block.DeletedBlockLogImpl (DeletedBlockLogImpl.java:incrementCount(141)) - Deleted TXID not found.
2019-06-13 22:27:27,744 WARN  block.DeletedBlockLogImpl (DeletedBlockLogImpl.java:incrementCount(141)) - Deleted TXID not found.
2019-06-13 22:27:27,745 WARN  block.DeletedBlockLogImpl (DeletedBlockLogImpl.java:incrementCount(141)) - Deleted TXID not found.
2019-06-13 22:27:27,745 WARN  block.DeletedBlockLogImpl (DeletedBlockLogImpl.java:incrementCount(141)) - Deleted TXID not found.
2019-06-13 22:27:27,745 WARN  block.DeletedBlockLogImpl (DeletedBlockLogImpl.java:incrementCount(141)) - Deleted TXID not found.
2019-06-13 22:27:27,745 WARN  block.DeletedBlockLogImpl (DeletedBlockLogImpl.java:incrementCount(141)) - Deleted TXID not found.
2019-06-13 22:27:27,745 WARN  block.DeletedBlockLogImpl (DeletedBlockLogImpl.java:incrementCount(141)) - Deleted TXID not found.
2019-06-13 22:27:27,745 WARN  block.DeletedBlockLogImpl (DeletedBlockLogImpl.java:incrementCount(141)) - Deleted TXID not found.
2019-06-13 22:27:27,745 WARN  block.DeletedBlockLogImpl (DeletedBlockLogImpl.java:incrementCount(141)) - Deleted TXID not found.
2019-06-13 22:27:27,745 WARN  block.DeletedBlockLogImpl (DeletedBlockLogImpl.java:incrementCount(141)) - Deleted TXID not found.
2019-06-13 22:27:27,746 INFO  commands.RetriableDatanodeEventWatcher (RetriableDatanodeEventWatcher.java:onTimeout(47)) - RetriableDatanodeCommand type=deleteBlocksCommand with id=1560464836956 timed out. Retrying.
2019-06-13 22:27:27,746 INFO  commands.RetriableDatanodeEventWatcher (RetriableDatanodeEventWatcher.java:onTimeout(47)) - RetriableDatanodeCommand type=deleteBlocksCommand with id=1560464836917 timed out. Retrying.
2019-06-13 22:27:27,746 INFO  commands.RetriableDatanodeEventWatcher (RetriableDatanodeEventWatcher.java:onTimeout(47)) - RetriableDatanodeCommand type=deleteBlocksCommand with id=1560464836927 timed out. Retrying.
2019-06-13 22:27:27,734 INFO  commandhandler.DeleteBlocksCommandHandler (DeleteBlocksCommandHandler.java:handle(106)) - Start to delete container blocks, TXIDs=[1(0),2(0),3(0)], numOfContainers=3, numOfBlocks=553
2019-06-13 22:27:27,747 INFO  commandhandler.DeleteBlocksCommandHandler (DeleteBlocksCommandHandler.java:handle(106)) - Start to delete container blocks, TXIDs=[1(0),2(0),3(0)], numOfContainers=3, numOfBlocks=553
2019-06-13 22:27:27,748 INFO  commandhandler.DeleteBlocksCommandHandler (DeleteBlocksCommandHandler.java:handle(106)) - Start to delete container blocks, TXIDs=[1(0),2(0),3(0)], numOfContainers=3, numOfBlocks=553
2019-06-13 22:27:27,749 DEBUG block.SCMBlockDeletingService (SCMBlockDeletingService.java:call(138)) - Running DeletedBlockTransactionScanner
2019-06-13 22:27:27,749 DEBUG block.SCMBlockDeletingService (SCMBlockDeletingService.java:call(155)) - Scanned deleted blocks log and got 0 delTX to process.
2019-06-13 22:27:27,749 INFO  commandhandler.DeleteBlocksCommandHandler (DeleteBlocksCommandHandler.java:handle(106)) - Start to delete container blocks, TXIDs=[1(0),2(0),3(0)], numOfContainers=3, numOfBlocks=553
2019-06-13 22:27:27,750 INFO  commandhandler.DeleteBlocksCommandHandler (DeleteBlocksCommandHandler.java:handle(106)) - Start to delete container blocks, TXIDs=[1(0),2(0),3(0)], numOfContainers=3, numOfBlocks=553
2019-06-13 22:27:27,751 INFO  commandhandler.DeleteBlocksCommandHandler (DeleteBlocksCommandHandler.java:handle(106)) - Start to delete container blocks, TXIDs=[1(0),2(0),3(0)], numOfContainers=3, numOfBlocks=553
2019-06-13 22:27:27,762 INFO  commandhandler.DeleteBlocksCommandHandler (DeleteBlocksCommandHandler.java:handle(106)) - Start to delete container blocks, TXIDs=[1(0),2(0),3(0)], numOfContainers=3, numOfBlocks=553
2019-06-13 22:27:27,763 INFO  commandhandler.DeleteBlocksCommandHandler (DeleteBlocksCommandHandler.java:handle(106)) - Start to delete container blocks, TXIDs=[1(0),2(0),3(0)], numOfContainers=3, numOfBlocks=553
2019-06-13 22:27:27,764 INFO  commandhandler.DeleteBlocksCommandHandler (DeleteBlocksCommandHandler.java:handle(106)) - Start to delete container blocks, TXIDs=[1(0),2(0),3(0)], numOfContainers=3, numOfBlocks=553
2019-06-13 22:27:27,782 INFO  commandhandler.DeleteBlocksCommandHandler (DeleteBlocksCommandHandler.java:handle(106)) - Start to delete container blocks, TXIDs=[1(0),2(0),3(0)], numOfContainers=3, numOfBlocks=553
2019-06-13 22:27:27,783 INFO  commandhandler.DeleteBlocksCommandHandler (DeleteBlocksCommandHandler.java:handle(106)) - Start to delete container blocks, TXIDs=[1(0),2(0),3(0)], numOfContainers=3, numOfBlocks=553
2019-06-13 22:27:27,784 INFO  commandhandler.DeleteBlocksCommandHandler (DeleteBlocksCommandHandler.java:handle(106)) - Start to delete container blocks, TXIDs=[1(0),2(0),3(0)], numOfContainers=3, numOfBlocks=553
2019-06-13 22:27:27,785 INFO  commandhandler.DeleteBlocksCommandHandler (DeleteBlocksCommandHandler.java:handle(106)) - Start to delete container blocks, TXIDs=[1(0),2(0),3(0)], numOfContainers=3, numOfBlocks=553
2019-06-13 22:27:27,786 INFO  commandhandler.DeleteBlocksCommandHandler (DeleteBlocksCommandHandler.java:handle(106)) - Start to delete container blocks, TXIDs=[1(0),2(0),3(0)], numOfContainers=3, numOfBlocks=553
2019-06-13 22:27:27,787 INFO  commandhandler.DeleteBlocksCommandHandler (DeleteBlocksCommandHandler.java:handle(106)) - Start to delete container blocks, TXIDs=[1(0),2(0),3(0)], numOfContainers=3, numOfBlocks=553
2019-06-13 22:27:27,788 INFO  commandhandler.DeleteBlocksCommandHandler (DeleteBlocksCommandHandler.java:handle(106)) - Start to delete container blocks, TXIDs=[1(0),2(0),3(0)], numOfContainers=3, numOfBlocks=553
2019-06-13 22:27:27,789 INFO  commandhandler.DeleteBlocksCommandHandler (DeleteBlocksCommandHandler.java:handle(106)) - Start to delete container blocks, TXIDs=[1(0),2(0),3(0)], numOfContainers=3, numOfBlocks=553
2019-06-13 22:27:27,789 INFO  commands.RetriableDatanodeEventWatcher (RetriableDatanodeEventWatcher.java:onTimeout(47)) - RetriableDatanodeCommand type=deleteBlocksCommand with id=1560464836937 timed out. Retrying.
2019-06-13 22:27:27,790 INFO  commandhandler.DeleteBlocksCommandHandler (DeleteBlocksCommandHandler.java:handle(106)) - Start to delete container blocks, TXIDs=[1(0),2(0),3(0)], numOfContainers=3, numOfBlocks=553
2019-06-13 22:27:27,791 INFO  commandhandler.DeleteBlocksCommandHandler (DeleteBlocksCommandHandler.java:handle(106)) - Start to delete container blocks, TXIDs=[1(0),2(0),3(0)], numOfContainers=3, numOfBlocks=553
2019-06-13 22:27:27,792 INFO  commandhandler.DeleteBlocksCommandHandler (DeleteBlocksCommandHandler.java:handle(106)) - Start to delete container blocks, TXIDs=[1(0),2(0),3(0)], numOfContainers=3, numOfBlocks=553
2019-06-13 22:27:27,793 INFO  commandhandler.DeleteBlocksCommandHandler (DeleteBlocksCommandHandler.java:handle(106)) - Start to delete container blocks, TXIDs=[1(0),2(0),3(0)], numOfContainers=3, numOfBlocks=553
2019-06-13 22:27:27,794 INFO  commandhandler.DeleteBlocksCommandHandler (DeleteBlocksCommandHandler.java:handle(106)) - Start to delete container blocks, TXIDs=[1(0),2(0),3(0)], numOfContainers=3, numOfBlocks=553
2019-06-13 22:27:27,795 INFO  commandhandler.DeleteBlocksCommandHandler (DeleteBlocksCommandHandler.java:handle(106)) - Start to delete container blocks, TXIDs=[1(0),2(0),3(0)], numOfContainers=3, numOfBlocks=553
2019-06-13 22:27:27,796 INFO  commandhandler.DeleteBlocksCommandHandler (DeleteBlocksCommandHandler.java:handle(106)) - Start to delete container blocks, TXIDs=[1(0),2(0),3(0)], numOfContainers=3, numOfBlocks=553
2019-06-13 22:27:27,797 INFO  commandhandler.DeleteBlocksCommandHandler (DeleteBlocksCommandHandler.java:handle(106)) - Start to delete container blocks, TXIDs=[1(0),2(0),3(0)], numOfContainers=3, numOfBlocks=553
2019-06-13 22:27:27,797 INFO  commands.RetriableDatanodeEventWatcher (RetriableDatanodeEventWatcher.java:onTimeout(47)) - RetriableDatanodeCommand type=deleteBlocksCommand with id=1560464836947 timed out. Retrying.
2019-06-13 22:27:27,798 INFO  commandhandler.DeleteBlocksCommandHandler (DeleteBlocksCommandHandler.java:handle(106)) - Start to delete container blocks, TXIDs=[1(0),2(0),3(0)], numOfContainers=3, numOfBlocks=553
2019-06-13 22:27:27,809 INFO  commandhandler.DeleteBlocksCommandHandler (DeleteBlocksCommandHandler.java:handle(106)) - Start to delete container blocks, TXIDs=[1(0),2(0),3(0)], numOfContainers=3, numOfBlocks=553
2019-06-13 22:27:27,810 INFO  commandhandler.DeleteBlocksCommandHandler (DeleteBlocksCommandHandler.java:handle(106)) - Start to delete container blocks, TXIDs=[1(0),2(0),3(0)], numOfContainers=3, numOfBlocks=553
2019-06-13 22:27:27,811 INFO  commandhandler.DeleteBlocksCommandHandler (DeleteBlocksCommandHandler.java:handle(106)) - Start to delete container blocks, TXIDs=[1(0),2(0),3(0)], numOfContainers=3, numOfBlocks=553
2019-06-13 22:27:27,812 INFO  commandhandler.DeleteBlocksCommandHandler (DeleteBlocksCommandHandler.java:handle(106)) - Start to delete container blocks, TXIDs=[1(0),2(0),3(0)], numOfContainers=3, numOfBlocks=553
2019-06-13 22:27:27,813 INFO  commandhandler.DeleteBlocksCommandHandler (DeleteBlocksCommandHandler.java:handle(106)) - Start to delete container blocks, TXIDs=[1(0),2(0),3(0)], numOfContainers=3, numOfBlocks=553
2019-06-13 22:27:27,814 INFO  commandhandler.DeleteBlocksCommandHandler (DeleteBlocksCommandHandler.java:handle(106)) - Start to delete container blocks, TXIDs=[1(0),2(0),3(0)], numOfContainers=3, numOfBlocks=553
2019-06-13 22:27:27,815 INFO  commandhandler.DeleteBlocksCommandHandler (DeleteBlocksCommandHandler.java:handle(106)) - Start to delete container blocks, TXIDs=[1(0),2(0),3(0)], numOfContainers=3, numOfBlocks=553
2019-06-13 22:27:27,816 INFO  commandhandler.DeleteBlocksCommandHandler (DeleteBlocksCommandHandler.java:handle(106)) - Start to delete container blocks, TXIDs=[1(0),2(0),3(0)], numOfContainers=3, numOfBlocks=553
2019-06-13 22:27:27,817 INFO  commandhandler.DeleteBlocksCommandHandler (DeleteBlocksCommandHandler.java:handle(106)) - Start to delete container blocks, TXIDs=[1(0),2(0),3(0)], numOfContainers=3, numOfBlocks=553
2019-06-13 22:27:27,818 INFO  commandhandler.DeleteBlocksCommandHandler (DeleteBlocksCommandHandler.java:handle(106)) - Start to delete container blocks, TXIDs=[1(0),2(0),3(0)], numOfContainers=3, numOfBlocks=553
2019-06-13 22:27:27,819 INFO  commandhandler.DeleteBlocksCommandHandler (DeleteBlocksCommandHandler.java:handle(106)) - Start to delete container blocks, TXIDs=[1(0),2(0),3(0)], numOfContainers=3, numOfBlocks=553
2019-06-13 22:27:27,820 INFO  commandhandler.DeleteBlocksCommandHandler (DeleteBlocksCommandHandler.java:handle(106)) - Start to delete container blocks, TXIDs=[1(0),2(0),3(0)], numOfContainers=3, numOfBlocks=553
2019-06-13 22:27:27,821 INFO  commandhandler.DeleteBlocksCommandHandler (DeleteBlocksCommandHandler.java:handle(106)) - Start to delete container blocks, TXIDs=[1(0),2(0),3(0)], numOfContainers=3, numOfBlocks=553
2019-06-13 22:27:27,832 INFO  commandhandler.DeleteBlocksCommandHandler (DeleteBlocksCommandHandler.java:handle(106)) - Start to delete container blocks, TXIDs=[1(0),2(0),3(0)], numOfContainers=3, numOfBlocks=553
2019-06-13 22:27:27,834 INFO  commandhandler.DeleteBlocksCommandHandler (DeleteBlocksCommandHandler.java:handle(106)) - Start to delete container blocks, TXIDs=[1(0),2(0),3(0)], numOfContainers=3, numOfBlocks=553
2019-06-13 22:27:27,834 INFO  commands.RetriableDatanodeEventWatcher (RetriableDatanodeEventWatcher.java:onTimeout(47)) - RetriableDatanodeCommand type=deleteBlocksCommand with id=1560464836918 timed out. Retrying.
2019-06-13 22:27:27,835 INFO  commandhandler.DeleteBlocksCommandHandler (DeleteBlocksCommandHandler.java:handle(106)) - Start to delete container blocks, TXIDs=[1(0),2(0),3(0)], numOfContainers=3, numOfBlocks=553
2019-06-13 22:27:27,836 INFO  commandhandler.DeleteBlocksCommandHandler (DeleteBlocksCommandHandler.java:handle(106)) - Start to delete container blocks, TXIDs=[1(0),2(0),3(0)], numOfContainers=3, numOfBlocks=553
2019-06-13 22:27:27,837 INFO  commandhandler.DeleteBlocksCommandHandler (DeleteBlocksCommandHandler.java:handle(106)) - Start to delete container blocks, TXIDs=[1(0),2(0),3(0)], numOfContainers=3, numOfBlocks=553
2019-06-13 22:27:27,837 INFO  commands.RetriableDatanodeEventWatcher (RetriableDatanodeEventWatcher.java:onTimeout(47)) - RetriableDatanodeCommand type=deleteBlocksCommand with id=1560464836908 timed out. Retrying.
2019-06-13 22:27:27,838 INFO  commandhandler.DeleteBlocksCommandHandler (DeleteBlocksCommandHandler.java:handle(106)) - Start to delete container blocks, TXIDs=[1(0),2(0),3(0)], numOfContainers=3, numOfBlocks=553
2019-06-13 22:27:27,839 INFO  commandhandler.DeleteBlocksCommandHandler (DeleteBlocksCommandHandler.java:handle(106)) - Start to delete container blocks, TXIDs=[1(0),2(0),3(0)], numOfContainers=3, numOfBlocks=553
2019-06-13 22:27:27,840 INFO  commandhandler.DeleteBlocksCommandHandler (DeleteBlocksCommandHandler.java:handle(106)) - Start to delete container blocks, TXIDs=[1(0),2(0),3(0)], numOfContainers=3, numOfBlocks=553
2019-06-13 22:27:27,841 INFO  commandhandler.DeleteBlocksCommandHandler (DeleteBlocksCommandHandler.java:handle(106)) - Start to delete container blocks, TXIDs=[1(0),2(0),3(0)], numOfContainers=3, numOfBlocks=553
2019-06-13 22:27:27,841 INFO  commands.RetriableDatanodeEventWatcher (RetriableDatanodeEventWatcher.java:onTimeout(47)) - RetriableDatanodeCommand type=deleteBlocksCommand with id=1560464836957 timed out. Retrying.
2019-06-13 22:27:27,846 INFO  commandhandler.DeleteBlocksCommandHandler (DeleteBlocksCommandHandler.java:handle(106)) - Start to delete container blocks, TXIDs=[1(0),2(0),3(0)], numOfContainers=3, numOfBlocks=553
2019-06-13 22:27:27,847 INFO  commandhandler.DeleteBlocksCommandHandler (DeleteBlocksCommandHandler.java:handle(106)) - Start to delete container blocks, TXIDs=[1(0),2(0),3(0)], numOfContainers=3, numOfBlocks=553
2019-06-13 22:27:27,848 INFO  commandhandler.DeleteBlocksCommandHandler (DeleteBlocksCommandHandler.java:handle(106)) - Start to delete container blocks, TXIDs=[1(0),2(0),3(0)], numOfContainers=3, numOfBlocks=553
2019-06-13 22:27:27,849 INFO  commandhandler.DeleteBlocksCommandHandler (DeleteBlocksCommandHandler.java:handle(106)) - Start to delete container blocks, TXIDs=[1(0),2(0),3(0)], numOfContainers=3, numOfBlocks=553
2019-06-13 22:27:27,849 DEBUG block.SCMBlockDeletingService (SCMBlockDeletingService.java:call(138)) - Running DeletedBlockTransactionScanner
2019-06-13 22:27:27,849 DEBUG block.SCMBlockDeletingService (SCMBlockDeletingService.java:call(155)) - Scanned deleted blocks log and got 0 delTX to process.
2019-06-13 22:27:27,853 INFO  commands.RetriableDatanodeEventWatcher (RetriableDatanodeEventWatcher.java:onTimeout(47)) - RetriableDatanodeCommand type=deleteBlocksCommand with id=1560464836928 timed out. Retrying.
2019-06-13 22:27:27,854 INFO  commandhandler.DeleteBlocksCommandHandler (DeleteBlocksCommandHandler.java:handle(106)) - Start to delete container blocks, TXIDs=[1(0),2(0),3(0)], numOfContainers=3, numOfBlocks=553
2019-06-13 22:27:27,855 INFO  commandhandler.DeleteBlocksCommandHandler (DeleteBlocksCommandHandler.java:handle(106)) - Start to delete container blocks, TXIDs=[1(0),2(0),3(0)], numOfContainers=3, numOfBlocks=553
2019-06-13 22:27:27,855 INFO  background.BlockDeletingService (BlockDeletingService.java:call(246)) - Container: 2, deleted blocks: 184, task elapsed time: 486ms
2019-06-13 22:27:27,856 INFO  commandhandler.DeleteBlocksCommandHandler (DeleteBlocksCommandHandler.java:handle(106)) - Start to delete container blocks, TXIDs=[1(0),2(0),3(0)], numOfContainers=3, numOfBlocks=553
2019-06-13 22:27:27,857 INFO  commandhandler.DeleteBlocksCommandHandler (DeleteBlocksCommandHandler.java:handle(106)) - Start to delete container blocks, TXIDs=[1(0),2(0),3(0)], numOfContainers=3, numOfBlocks=553
2019-06-13 22:27:27,858 INFO  commandhandler.DeleteBlocksCommandHandler (DeleteBlocksCommandHandler.java:handle(106)) - Start to delete container blocks, TXIDs=[1(0),2(0),3(0)], numOfContainers=3, numOfBlocks=553
2019-06-13 22:27:27,859 INFO  commandhandler.DeleteBlocksCommandHandler (DeleteBlocksCommandHandler.java:handle(106)) - Start to delete container blocks, TXIDs=[1(0),2(0),3(0)], numOfContainers=3, numOfBlocks=553
2019-06-13 22:27:27,860 INFO  commandhandler.DeleteBlocksCommandHandler (DeleteBlocksCommandHandler.java:handle(106)) - Start to delete container blocks, TXIDs=[1(0),2(0),3(0)], numOfContainers=3, numOfBlocks=553
2019-06-13 22:27:27,861 INFO  commandhandler.DeleteBlocksCommandHandler (DeleteBlocksCommandHandler.java:handle(106)) - Start to delete container blocks, TXIDs=[1(0),2(0),3(0)], numOfContainers=3, numOfBlocks=553
2019-06-13 22:27:27,862 INFO  commandhandler.DeleteBlocksCommandHandler (DeleteBlocksCommandHandler.java:handle(106)) - Start to delete container blocks, TXIDs=[1(0),2(0),3(0)], numOfContainers=3, numOfBlocks=553
2019-06-13 22:27:27,862 INFO  commandhandler.DeleteBlocksCommandHandler (DeleteBlocksCommandHandler.java:handle(106)) - Start to delete container blocks, TXIDs=[1(0),2(0),3(0)], numOfContainers=3, numOfBlocks=553
2019-06-13 22:27:27,863 INFO  commandhandler.DeleteBlocksCommandHandler (DeleteBlocksCommandHandler.java:handle(106)) - Start to delete container blocks, TXIDs=[1(0),2(0),3(0)], numOfContainers=3, numOfBlocks=553
2019-06-13 22:27:27,864 INFO  commandhandler.DeleteBlocksCommandHandler (DeleteBlocksCommandHandler.java:handle(106)) - Start to delete container blocks, TXIDs=[1(0),2(0),3(0)], numOfContainers=3, numOfBlocks=553
2019-06-13 22:27:27,865 INFO  commands.RetriableDatanodeEventWatcher (RetriableDatanodeEventWatcher.java:onTimeout(47)) - RetriableDatanodeCommand type=deleteBlocksCommand with id=1560464836938 timed out. Retrying.
2019-06-13 22:27:27,866 INFO  commandhandler.DeleteBlocksCommandHandler (DeleteBlocksCommandHandler.java:handle(106)) - Start to delete container blocks, TXIDs=[1(0),2(0),3(0)], numOfContainers=3, numOfBlocks=553
2019-06-13 22:27:27,866 INFO  commandhandler.DeleteBlocksCommandHandler (DeleteBlocksCommandHandler.java:handle(106)) - Start to delete container blocks, TXIDs=[1(0),2(0),3(0)], numOfContainers=3, numOfBlocks=553
2019-06-13 22:27:27,867 INFO  commandhandler.DeleteBlocksCommandHandler (DeleteBlocksCommandHandler.java:handle(106)) - Start to delete container blocks, TXIDs=[1(0),2(0),3(0)], numOfContainers=3, numOfBlocks=553
2019-06-13 22:27:27,869 INFO  commandhandler.DeleteBlocksCommandHandler (DeleteBlocksCommandHandler.java:handle(106)) - Start to delete container blocks, TXIDs=[1(0),2(0),3(0)], numOfContainers=3, numOfBlocks=553
2019-06-13 22:27:27,872 INFO  commandhandler.DeleteBlocksCommandHandler (DeleteBlocksCommandHandler.java:handle(106)) - Start to delete container blocks, TXIDs=[1(0),2(0),3(0)], numOfContainers=3, numOfBlocks=553
2019-06-13 22:27:27,873 INFO  commandhandler.DeleteBlocksCommandHandler (DeleteBlocksCommandHandler.java:handle(106)) - Start to delete container blocks, TXIDs=[1(0),2(0),3(0)], numOfContainers=3, numOfBlocks=553
2019-06-13 22:27:27,874 INFO  commandhandler.DeleteBlocksCommandHandler (DeleteBlocksCommandHandler.java:handle(106)) - Start to delete container blocks, TXIDs=[1(0),2(0),3(0)], numOfContainers=3, numOfBlocks=553
2019-06-13 22:27:27,875 INFO  commandhandler.DeleteBlocksCommandHandler (DeleteBlocksCommandHandler.java:handle(106)) - Start to delete container blocks, TXIDs=[1(0),2(0),3(0)], numOfContainers=3, numOfBlocks=553
2019-06-13 22:27:27,876 INFO  commandhandler.DeleteBlocksCommandHandler (DeleteBlocksCommandHandler.java:handle(106)) - Start to delete container blocks, TXIDs=[1(0),2(0),3(0)], numOfContainers=3, numOfBlocks=553
2019-06-13 22:27:27,877 INFO  commandhandler.DeleteBlocksCommandHandler (DeleteBlocksCommandHandler.java:handle(106)) - Start to delete container blocks, TXIDs=[1(0),2(0),3(0)], numOfContainers=3, numOfBlocks=553
2019-06-13 22:27:27,878 INFO  commandhandler.DeleteBlocksCommandHandler (DeleteBlocksCommandHandler.java:handle(106)) - Start to delete container blocks, TXIDs=[1(0),2(0),3(0)], numOfContainers=3, numOfBlocks=553
2019-06-13 22:27:27,879 INFO  commandhandler.DeleteBlocksCommandHandler (DeleteBlocksCommandHandler.java:handle(106)) - Start to delete container blocks, TXIDs=[1(0),2(0),3(0)], numOfContainers=3, numOfBlocks=553
2019-06-13 22:27:27,880 INFO  commandhandler.DeleteBlocksCommandHandler (DeleteBlocksCommandHandler.java:handle(106)) - Start to delete container blocks, TXIDs=[1(0),2(0),3(0)], numOfContainers=3, numOfBlocks=553
2019-06-13 22:27:27,881 INFO  commandhandler.DeleteBlocksCommandHandler (DeleteBlocksCommandHandler.java:handle(106)) - Start to delete container blocks, TXIDs=[1(0),2(0),3(0)], numOfContainers=3, numOfBlocks=553
2019-06-13 22:27:27,882 INFO  commandhandler.DeleteBlocksCommandHandler (DeleteBlocksCommandHandler.java:handle(106)) - Start to delete container blocks, TXIDs=[1(0),2(0),3(0)], numOfContainers=3, numOfBlocks=553
2019-06-13 22:27:27,882 INFO  commandhandler.DeleteBlocksCommandHandler (DeleteBlocksCommandHandler.java:handle(106)) - Start to delete container blocks, TXIDs=[1(0),2(0),3(0)], numOfContainers=3, numOfBlocks=553
2019-06-13 22:27:27,883 INFO  commandhandler.DeleteBlocksCommandHandler (DeleteBlocksCommandHandler.java:handle(106)) - Start to delete container blocks, TXIDs=[1(0),2(0),3(0)], numOfContainers=3, numOfBlocks=553
2019-06-13 22:27:27,884 INFO  commandhandler.DeleteBlocksCommandHandler (DeleteBlocksCommandHandler.java:handle(106)) - Start to delete container blocks, TXIDs=[1(0),2(0),3(0)], numOfContainers=3, numOfBlocks=553
2019-06-13 22:27:27,890 INFO  commandhandler.DeleteBlocksCommandHandler (DeleteBlocksCommandHandler.java:handle(106)) - Start to delete container blocks, TXIDs=[1(0),2(0),3(0)], numOfContainers=3, numOfBlocks=553
2019-06-13 22:27:27,891 INFO  commandhandler.DeleteBlocksCommandHandler (DeleteBlocksCommandHandler.java:handle(106)) - Start to delete container blocks, TXIDs=[1(0),2(0),3(0)], numOfContainers=3, numOfBlocks=553
2019-06-13 22:27:27,892 INFO  commandhandler.DeleteBlocksCommandHandler (DeleteBlocksCommandHandler.java:handle(106)) - Start to delete container blocks, TXIDs=[1(0),2(0),3(0)], numOfContainers=3, numOfBlocks=553
2019-06-13 22:27:27,892 INFO  commandhandler.DeleteBlocksCommandHandler (DeleteBlocksCommandHandler.java:handle(106)) - Start to delete container blocks, TXIDs=[1(0),2(0),3(0)], numOfContainers=3, numOfBlocks=553
2019-06-13 22:27:27,893 INFO  commandhandler.DeleteBlocksCommandHandler (DeleteBlocksCommandHandler.java:handle(106)) - Start to delete container blocks, TXIDs=[1(0),2(0),3(0)], numOfContainers=3, numOfBlocks=553
2019-06-13 22:27:27,894 INFO  commandhandler.DeleteBlocksCommandHandler (DeleteBlocksCommandHandler.java:handle(106)) - Start to delete container blocks, TXIDs=[1(0),2(0),3(0)], numOfContainers=3, numOfBlocks=553
2019-06-13 22:27:27,895 INFO  commandhandler.DeleteBlocksCommandHandler (DeleteBlocksCommandHandler.java:handle(106)) - Start to delete container blocks, TXIDs=[1(0),2(0),3(0)], numOfContainers=3, numOfBlocks=553
2019-06-13 22:27:27,896 INFO  commandhandler.DeleteBlocksCommandHandler (DeleteBlocksCommandHandler.java:handle(106)) - Start to delete container blocks, TXIDs=[1(0),2(0),3(0)], numOfContainers=3, numOfBlocks=553
2019-06-13 22:27:27,897 INFO  commandhandler.DeleteBlocksCommandHandler (DeleteBlocksCommandHandler.java:handle(106)) - Start to delete container blocks, TXIDs=[1(0),2(0),3(0)], numOfContainers=3, numOfBlocks=553
2019-06-13 22:27:27,898 INFO  commandhandler.DeleteBlocksCommandHandler (DeleteBlocksCommandHandler.java:handle(106)) - Start to delete container blocks, TXIDs=[1(0),2(0),3(0)], numOfContainers=3, numOfBlocks=553
2019-06-13 22:27:27,899 INFO  commandhandler.DeleteBlocksCommandHandler (DeleteBlocksCommandHandler.java:handle(106)) - Start to delete container blocks, TXIDs=[1(0),2(0),3(0)], numOfContainers=3, numOfBlocks=553
2019-06-13 22:27:27,900 INFO  commandhandler.DeleteBlocksCommandHandler (DeleteBlocksCommandHandler.java:handle(106)) - Start to delete container blocks, TXIDs=[1(0),2(0),3(0)], numOfContainers=3, numOfBlocks=553
2019-06-13 22:27:27,901 INFO  commandhandler.DeleteBlocksCommandHandler (DeleteBlocksCommandHandler.java:handle(106)) - Start to delete container blocks, TXIDs=[1(0),2(0),3(0)], numOfContainers=3, numOfBlocks=553
2019-06-13 22:27:27,902 INFO  commandhandler.DeleteBlocksCommandHandler (DeleteBlocksCommandHandler.java:handle(106)) - Start to delete container blocks, TXIDs=[1(0),2(0),3(0)], numOfContainers=3, numOfBlocks=553
2019-06-13 22:27:27,903 INFO  commandhandler.DeleteBlocksCommandHandler (DeleteBlocksCommandHandler.java:handle(106)) - Start to delete container blocks, TXIDs=[1(0),2(0),3(0)], numOfContainers=3, numOfBlocks=553
2019-06-13 22:27:27,904 INFO  commandhandler.DeleteBlocksCommandHandler (DeleteBlocksCommandHandler.java:handle(106)) - Start to delete container blocks, TXIDs=[1(0),2(0),3(0)], numOfContainers=3, numOfBlocks=553
2019-06-13 22:27:27,904 INFO  commandhandler.DeleteBlocksCommandHandler (DeleteBlocksCommandHandler.java:handle(106)) - Start to delete container blocks, TXIDs=[1(0),2(0),3(0)], numOfContainers=3, numOfBlocks=553
2019-06-13 22:27:27,905 INFO  commands.RetriableDatanodeEventWatcher (RetriableDatanodeEventWatcher.java:onTimeout(47)) - RetriableDatanodeCommand type=deleteBlocksCommand with id=1560464836948 timed out. Retrying.
2019-06-13 22:27:27,906 INFO  commandhandler.DeleteBlocksCommandHandler (DeleteBlocksCommandHandler.java:handle(106)) - Start to delete container blocks, TXIDs=[1(0),2(0),3(0)], numOfContainers=3, numOfBlocks=553
2019-06-13 22:27:27,906 INFO  commandhandler.DeleteBlocksCommandHandler (DeleteBlocksCommandHandler.java:handle(106)) - Start to delete container blocks, TXIDs=[1(0),2(0),3(0)], numOfContainers=3, numOfBlocks=553
2019-06-13 22:27:27,907 INFO  commandhandler.DeleteBlocksCommandHandler (DeleteBlocksCommandHandler.java:handle(106)) - Start to delete container blocks, TXIDs=[1(0),2(0),3(0)], numOfContainers=3, numOfBlocks=553
2019-06-13 22:27:27,908 INFO  commandhandler.DeleteBlocksCommandHandler (DeleteBlocksCommandHandler.java:handle(106)) - Start to delete container blocks, TXIDs=[1(0),2(0),3(0)], numOfContainers=3, numOfBlocks=553
2019-06-13 22:27:27,909 INFO  commandhandler.DeleteBlocksCommandHandler (DeleteBlocksCommandHandler.java:handle(106)) - Start to delete container blocks, TXIDs=[1(0),2(0),3(0)], numOfContainers=3, numOfBlocks=553
2019-06-13 22:27:27,910 INFO  commandhandler.DeleteBlocksCommandHandler (DeleteBlocksCommandHandler.java:handle(106)) - Start to delete container blocks, TXIDs=[1(0),2(0),3(0)], numOfContainers=3, numOfBlocks=553
2019-06-13 22:27:27,911 INFO  commandhandler.DeleteBlocksCommandHandler (DeleteBlocksCommandHandler.java:handle(106)) - Start to delete container blocks, TXIDs=[1(0),2(0),3(0)], numOfContainers=3, numOfBlocks=553
2019-06-13 22:27:27,912 INFO  commandhandler.DeleteBlocksCommandHandler (DeleteBlocksCommandHandler.java:handle(106)) - Start to delete container blocks, TXIDs=[1(0),2(0),3(0)], numOfContainers=3, numOfBlocks=553
2019-06-13 22:27:27,913 INFO  commandhandler.DeleteBlocksCommandHandler (DeleteBlocksCommandHandler.java:handle(106)) - Start to delete container blocks, TXIDs=[1(0),2(0),3(0)], numOfContainers=3, numOfBlocks=553
2019-06-13 22:27:27,914 INFO  commandhandler.DeleteBlocksCommandHandler (DeleteBlocksCommandHandler.java:handle(106)) - Start to delete container blocks, TXIDs=[1(0),2(0),3(0)], numOfContainers=3, numOfBlocks=553
2019-06-13 22:27:27,914 INFO  commandhandler.DeleteBlocksCommandHandler (DeleteBlocksCommandHandler.java:handle(106)) - Start to delete container blocks, TXIDs=[1(0),2(0),3(0)], numOfContainers=3, numOfBlocks=553
2019-06-13 22:27:27,915 INFO  commandhandler.DeleteBlocksCommandHandler (DeleteBlocksCommandHandler.java:handle(106)) - Start to delete container blocks, TXIDs=[1(0),2(0),3(0)], numOfContainers=3, numOfBlocks=553
2019-06-13 22:27:27,916 INFO  commandhandler.DeleteBlocksCommandHandler (DeleteBlocksCommandHandler.java:handle(106)) - Start to delete container blocks, TXIDs=[1(0),2(0),3(0)], numOfContainers=3, numOfBlocks=553
2019-06-13 22:27:27,917 INFO  commandhandler.DeleteBlocksCommandHandler (DeleteBlocksCommandHandler.java:handle(106)) - Start to delete container blocks, TXIDs=[1(0),2(0),3(0)], numOfContainers=3, numOfBlocks=553
2019-06-13 22:27:27,918 INFO  commandhandler.DeleteBlocksCommandHandler (DeleteBlocksCommandHandler.java:handle(106)) - Start to delete container blocks, TXIDs=[1(0),2(0),3(0)], numOfContainers=3, numOfBlocks=553
2019-06-13 22:27:27,919 INFO  commandhandler.DeleteBlocksCommandHandler (DeleteBlocksCommandHandler.java:handle(106)) - Start to delete container blocks, TXIDs=[1(0),2(0),3(0)], numOfContainers=3, numOfBlocks=553
2019-06-13 22:27:27,920 INFO  commandhandler.DeleteBlocksCommandHandler (DeleteBlocksCommandHandler.java:handle(106)) - Start to delete container blocks, TXIDs=[1(0),2(0),3(0)], numOfContainers=3, numOfBlocks=553
2019-06-13 22:27:27,921 INFO  commandhandler.DeleteBlocksCommandHandler (DeleteBlocksCommandHandler.java:handle(106)) - Start to delete container blocks, TXIDs=[1(0),2(0),3(0)], numOfContainers=3, numOfBlocks=553
2019-06-13 22:27:27,922 INFO  commandhandler.DeleteBlocksCommandHandler (DeletedBlockLogImpl.java:incrementCount(141)) - Deleted TXID not found.
2019-06-13 22:27:27,922 INFO  commandhandler.DeleteBlocksCommandHandler (DeleteBlocksCommandHandler.java:handle(106)) - Start to delete container blocks, TXIDs=[1(0),2(0),3(0)], numOfContainers=3, numOfBlocks=553
2019-06-13 22:27:27,922 WARN  block.DeletedBlockLogImpl (DeletedBlockLogImpl.java:incrementCount(141)) - Deleted TXID not found.
2019-06-13 22:27:27,922 WARN  block.DeletedBlockLogImpl (DeletedBlockLogImpl.java:incrementCount(141)) - Deleted TXID not found.
2019-06-13 22:27:27,922 WARN  block.DeletedBlockLogImpl (DeletedBlockLogImpl.java:incrementCount(141)) - Deleted TXID not found.
2019-06-13 22:27:27,922 WARN  block.DeletedBlockLogImpl (DeletedBlockLogImpl.java:incrementCount(141)) - Deleted TXID not found.
2019-06-13 22:27:27,922 WARN  block.DeletedBlockLogImpl (DeletedBlockLogImpl.java:incrementCount(141)) - Deleted TXID not found.
2019-06-13 22:27:27,922 WARN  block.DeletedBlockLogImpl (DeletedBlockLogImpl.java:incrementCount(141)) - Deleted TXID not found.
2019-06-13 22:27:27,922 WARN  block.DeletedBlockLogImpl (DeletedBlockLogImpl.java:incrementCount(141)) - Deleted TXID not found.
2019-06-13 22:27:27,922 WARN  block.DeletedBlockLogImpl (DeletedBlockLogImpl.java:incrementCount(141)) - Deleted TXID not found.
2019-06-13 22:27:27,922 WARN  block.DeletedBlockLogImpl (DeletedBlockLogImpl.java:incrementCount(141)) - Deleted TXID not found.
2019-06-13 22:27:27,922 WARN  block.DeletedBlockLogImpl (DeletedBlockLogImpl.java:incrementCount(141)) - Deleted TXID not found.
2019-06-13 22:27:27,922 INFO  commandhandler.DeleteBlocksCommandHandler (DeletedBlockLogImpl.java:incrementCount(141)) - Deleted TXID not found.
2019-06-13 22:27:27,923 WARN  block.DeletedBlockLogImpl (DeleteBlocksCommandHandler.java:handle(106)) - Start to delete container blocks, TXIDs=[1(0),2(0),3(0)], numOfContainers=3, numOfBlocks=553
DeletedBlockLogImpl.java:incrementCount(141)) - Deleted TXID not found.
2019-06-13 22:27:27,923 WARN  block.DeletedBlockLogImpl (DeletedBlockLogImpl.java:incrementCount(141)) - Deleted TXID not found.
2019-06-13 22:27:27,923 WARN  block.DeletedBlockLogImpl (DeletedBlockLogImpl.java:incrementCount(141)) - Deleted TXID not found.
2019-06-13 22:27:27,923 WARN  block.DeletedBlockLogImpl (DeletedBlockLogImpl.java:incrementCount(141)) - Deleted TXID not found.
2019-06-13 22:27:27,923 WARN  block.DeletedBlockLogImpl (DeletedBlockLogImpl.java:incrementCount(141)) - Deleted TXID not found.
2019-06-13 22:27:27,923 WARN  block.DeletedBlockLogImpl (DeletedBlockLogImpl.java:incrementCount(141)) - Deleted TXID not found.
2019-06-13 22:27:27,923 WARN  block.DeletedBlockLogImpl (DeletedBlockLogImpl.java:incrementCount(141)) - Deleted TXID not found.
2019-06-13 22:27:27,923 WARN  block.DeletedBlockLogImpl (DeletedBlockLogImpl.java:incrementCount(141)) - Deleted TXID not found.
2019-06-13 22:27:27,923 WARN  block.DeletedBlockLogImpl (DeletedBlockLogImpl.java:incrementCount(141)) - Deleted TXID not found.
2019-06-13 22:27:27,923 WARN  block.DeletedBlockLogImpl (DeletedBlockLogImpl.java:incrementCount(141)) - Deleted TXID not found.
2019-06-13 22:27:27,923 WARN  block.DeletedBlockLogImpl (DeletedBlockLogImpl.java:incrementCount(141)) - Deleted TXID not found.
2019-06-13 22:27:27,923 WARN  block.DeletedBlockLogImpl (DeletedBlockLogImpl.java:incrementCount(141)) - Deleted TXID not found.
2019-06-13 22:27:27,923 WARN  block.DeletedBlockLogImpl (DeletedBlockLogImpl.java:incrementCount(141)) - Deleted TXID not found.
2019-06-13 22:27:27,923 WARN  block.DeletedBlockLogImpl (DeletedBlockLogImpl.java:incrementCount(141)) - Deleted TXID not found.
2019-06-13 22:27:27,923 WARN  block.DeletedBlockLogImpl (DeletedBlockLogImpl.java:incrementCount(141)) - Deleted TXID not found.
2019-06-13 22:27:27,924 WARN  block.DeletedBlockLogImpl (DeletedBlockLogImpl.java:incrementCount(141)) - Deleted TXID not found.
2019-06-13 22:27:27,924 WARN  block.DeletedBlockLogImpl (DeletedBlockLogImpl.java:incrementCount(141)) - Deleted TXID not found.
2019-06-13 22:27:27,924 WARN  block.DeletedBlockLogImpl (DeletedBlockLogImpl.java:incrementCount(141)) - Deleted TXID not found.
2019-06-13 22:27:27,924 WARN  block.DeletedBlockLogImpl (DeletedBlockLogImpl.java:incrementCount(141)) - Deleted TXID not found.
2019-06-13 22:27:27,924 WARN  block.DeletedBlockLogImpl (DeletedBlockLogImpl.java:incrementCount(141)) - Deleted TXID not found.
2019-06-13 22:27:27,924 WARN  block.DeletedBlockLogImpl (DeletedBlockLogImpl.java:incrementCount(141)) - Deleted TXID not found.
2019-06-13 22:27:27,922 INFO  commandhandler.DeleteBlocksCommandHandler (DeleteBlocksCommandHandler.java:handle(106)) - Start to delete container blocks, TXIDs=[1(0),2(0),3(0)], numOfContainers=3, numOfBlocks=553
2019-06-13 22:27:27,929 INFO  commandhandler.DeleteBlocksCommandHandler (DeleteBlocksCommandHandler.java:handle(106)) - Start to delete container blocks, TXIDs=[1(0),2(0),3(0)], numOfContainers=3, numOfBlocks=553
2019-06-13 22:27:27,930 INFO  commands.RetriableDatanodeEventWatcher (RetriableDatanodeEventWatcher.java:onTimeout(47)) - RetriableDatanodeCommand type=deleteBlocksCommand with id=1560464836909 timed out. Retrying.
2019-06-13 22:27:27,930 INFO  commandhandler.DeleteBlocksCommandHandler (DeleteBlocksCommandHandler.java:handle(106)) - Start to delete container blocks, TXIDs=[1(0),2(0),3(0)], numOfContainers=3, numOfBlocks=553
2019-06-13 22:27:27,931 INFO  commandhandler.DeleteBlocksCommandHandler (DeleteBlocksCommandHandler.java:handle(106)) - Start to delete container blocks, TXIDs=[1(0),2(0),3(0)], numOfContainers=3, numOfBlocks=553
2019-06-13 22:27:27,931 INFO  commandhandler.DeleteBlocksCommandHandler (DeleteBlocksCommandHandler.java:handle(106)) - Start to delete container blocks, TXIDs=[1(0),2(0),3(0)], numOfContainers=3, numOfBlocks=553
2019-06-13 22:27:27,932 INFO  commandhandler.DeleteBlocksCommandHandler (DeleteBlocksCommandHandler.java:handle(106)) - Start to delete container blocks, TXIDs=[1(0),2(0),3(0)], numOfContainers=3, numOfBlocks=553
2019-06-13 22:27:27,933 DEBUG block.DeletedBlockLogImpl (DeletedBlockLogImpl.java:isTransactionFailed(245)) - Got block deletion ACK from datanode, TXIDs=1, success=true
2019-06-13 22:27:27,933 WARN  block.DeletedBlockLogImpl (DeletedBlockLogImpl.java:commitTransactions(205)) - Transaction txId=1 commit by dnId=d5132e6f-def8-45c0-b0d2-c5ba43d86628 for containerID=#1 failed. Corresponding entry not found.
2019-06-13 22:27:27,933 DEBUG block.DeletedBlockLogImpl (DeletedBlockLogImpl.java:isTransactionFailed(245)) - Got block deletion ACK from datanode, TXIDs=1, success=true
2019-06-13 22:27:27,933 WARN  events.EventWatcher (EventWatcher.java:lambda$start$0(110)) - Completion event without active lease. Id=1560464836894
2019-06-13 22:27:27,933 WARN  block.DeletedBlockLogImpl (DeletedBlockLogImpl.java:commitTransactions(205)) - Transaction txId=1 commit by dnId=d5132e6f-def8-45c0-b0d2-c5ba43d86628 for containerID=#1 failed. Corresponding entry not found.
2019-06-13 22:27:27,933 DEBUG block.DeletedBlockLogImpl (DeletedBlockLogImpl.java:isTransactionFailed(245)) - Got block deletion ACK from datanode, TXIDs=1, success=true
2019-06-13 22:27:27,933 WARN  block.DeletedBlockLogImpl (DeleteBlocksCommandHandler.java:handle(106)) - Start to delete container blocks, TXIDs=[1(0),2(0),3(0)], numOfContainers=3, numOfBlocks=553
DeletedBlockLogImpl.java:commitTransactions(205)) - Transaction txId=1 commit by dnId=d5132e6f-def8-45c0-b0d2-c5ba43d86628 for containerID=#1 failed. Corresponding entry not found.
2019-06-13 22:27:27,933 DEBUG block.DeletedBlockLogImpl (DeletedBlockLogImpl.java:isTransactionFailed(245)) - Got block deletion ACK from datanode, TXIDs=1, success=true
2019-06-13 22:27:27,933 WARN  block.DeletedBlockLogImpl (DeletedBlockLogImpl.java:commitTransactions(205)) - Transaction txId=1 commit by dnId=d5132e6f-def8-45c0-b0d2-c5ba43d86628 for containerID=#1 failed. Corresponding entry not found.
2019-06-13 22:27:27,934 DEBUG block.DeletedBlockLogImpl (DeletedBlockLogImpl.java:isTransactionFailed(245)) - Got block deletion ACK from datanode, TXIDs=1, success=true
2019-06-13 22:27:27,934 WARN  block.DeletedBlockLogImpl (DeletedBlockLogImpl.java:commitTransactions(205)) - Transaction txId=1 commit by dnId=d5132e6f-def8-45c0-b0d2-c5ba43d86628 for containerID=#1 failed. Corresponding entry not found.
2019-06-13 22:27:27,934 DEBUG block.DeletedBlockLogImpl (DeletedBlockLogImpl.java:isTransactionFailed(245)) - Got block deletion ACK from datanode, TXIDs=1, success=true
2019-06-13 22:27:27,934 WARN  block.DeletedBlockLogImpl (DeletedBlockLogImpl.java:commitTransactions(205)) - Transaction txId=1 commit by dnId=d5132e6f-def8-45c0-b0d2-c5ba43d86628 for containerID=#1 failed. Corresponding entry not found.
2019-06-13 22:27:27,934 DEBUG block.DeletedBlockLogImpl (DeletedBlockLogImpl.java:isTransactionFailed(245)) - Got block deletion ACK from datanode, TXIDs=1, success=true
2019-06-13 22:27:27,934 WARN  block.DeletedBlockLogImpl (DeletedBlockLogImpl.java:commitTransactions(205)) - Transaction txId=1 commit by dnId=d5132e6f-def8-45c0-b0d2-c5ba43d86628 for containerID=#1 failed. Corresponding entry not found.
2019-06-13 22:27:27,934 DEBUG block.DeletedBlockLogImpl (DeletedBlockLogImpl.java:isTransactionFailed(245)) - Got block deletion ACK from datanode, TXIDs=1, success=true
2019-06-13 22:27:27,934 WARN  block.DeletedBlockLogImpl (DeletedBlockLogImpl.java:commitTransactions(205)) - Transaction txId=1 commit by dnId=d5132e6f-def8-45c0-b0d2-c5ba43d86628 for containerID=#1 failed. Corresponding entry not found.
2019-06-13 22:27:27,934 DEBUG block.DeletedBlockLogImpl (DeletedBlockLogImpl.java:isTransactionFailed(245)) - Got block deletion ACK from datanode, TXIDs=1, success=true
2019-06-13 22:27:27,933 WARN  events.EventWatcher (EventWatcher.java:lambda$start$0(110)) - Completion event without active lease. Id=1560464836895
2019-06-13 22:27:27,934 WARN  block.DeletedBlockLogImpl (DeletedBlockLogImpl.java:commitTransactions(205)) - Transaction txId=1 commit by dnId=d5132e6f-def8-45c0-b0d2-c5ba43d86628 for containerID=#1 failed. Corresponding entry not found.
2019-06-13 22:27:27,934 DEBUG block.DeletedBlockLogImpl (DeletedBlockLogImpl.java:isTransactionFailed(245)) - Got block deletion ACK from datanode, TXIDs=1, success=true
2019-06-13 22:27:27,934 WARN  block.DeletedBlockLogImpl (DeletedBlockLogImpl.java:commitTransactions(205)) - Transaction txId=1 commit by dnId=d5132e6f-def8-45c0-b0d2-c5ba43d86628 for containerID=#1 failed. Corresponding entry not found.
2019-06-13 22:27:27,934 DEBUG block.DeletedBlockLogImpl (DeletedBlockLogImpl.java:isTransactionFailed(245)) - Got block deletion ACK from datanode, TXIDs=1, success=true
2019-06-13 22:27:27,934 WARN  block.DeletedBlockLogImpl (DeletedBlockLogImpl.java:commitTransactions(205)) - Transaction txId=1 commit by dnId=d5132e6f-def8-45c0-b0d2-c5ba43d86628 for containerID=#1 failed. Corresponding entry not found.
2019-06-13 22:27:27,934 DEBUG block.DeletedBlockLogImpl (DeletedBlockLogImpl.java:isTransactionFailed(245)) - Got block deletion ACK from datanode, TXIDs=1, success=true
2019-06-13 22:27:27,934 WARN  block.DeletedBlockLogImpl (DeletedBlockLogImpl.java:commitTransactions(205)) - Transaction txId=1 commit by dnId=d5132e6f-def8-45c0-b0d2-c5ba43d86628 for containerID=#1 failed. Corresponding entry not found.
2019-06-13 22:27:27,935 DEBUG block.DeletedBlockLogImpl (DeletedBlockLogImpl.java:isTransactionFailed(245)) - Got block deletion ACK from datanode, TXIDs=1, success=true
2019-06-13 22:27:27,933 INFO  commandhandler.DeleteBlocksCommandHandler (DeleteBlocksCommandHandler.java:handle(106)) - Start to delete container blocks, TXIDs=[1(0),2(0),3(0)], numOfContainers=3, numOfBlocks=553
2019-06-13 22:27:27,935 WARN  block.DeletedBlockLogImpl (DeletedBlockLogImpl.java:commitTransactions(205)) - Transaction txId=1 commit by dnId=d5132e6f-def8-45c0-b0d2-c5ba43d86628 for containerID=#1 failed. Corresponding entry not found.
2019-06-13 22:27:27,934 WARN  events.EventWatcher (EventWatcher.java:lambda$start$0(110)) - Completion event without active lease. Id=1560464836884
2019-06-13 22:27:27,935 DEBUG block.DeletedBlockLogImpl (DeletedBlockLogImpl.java:isTransactionFailed(245)) - Got block deletion ACK from datanode, TXIDs=1, success=true
2019-06-13 22:27:27,935 WARN  block.DeletedBlockLogImpl (DeletedBlockLogImpl.java:commitTransactions(205)) - Transaction txId=1 commit by dnId=d5132e6f-def8-45c0-b0d2-c5ba43d86628 for containerID=#1 failed. Corresponding entry not found.
2019-06-13 22:27:27,935 DEBUG block.DeletedBlockLogImpl (DeletedBlockLogImpl.java:isTransactionFailed(245)) - Got block deletion ACK from datanode, TXIDs=1, success=true
2019-06-13 22:27:27,935 INFO  commandhandler.DeleteBlocksCommandHandler (DeletedBlockLogImpl.java:commitTransactions(205)) - Transaction txId=1 commit by dnId=d5132e6f-def8-45c0-b0d2-c5ba43d86628 for containerID=#1 failed. Corresponding entry not found.
2019-06-13 22:27:27,935 DEBUG block.DeletedBlockLogImpl (DeleteBlocksCommandHandler.java:handle(106)) - Start to delete container blocks, TXIDs=[1(0),2(0),3(0)], numOfContainers=3, numOfBlocks=553
DeletedBlockLogImpl.java:isTransactionFailed(245)) - Got block deletion ACK from datanode, TXIDs=1, success=true
2019-06-13 22:27:27,936 WARN  block.DeletedBlockLogImpl (DeletedBlockLogImpl.java:commitTransactions(205)) - Transaction txId=1 commit by dnId=d5132e6f-def8-45c0-b0d2-c5ba43d86628 for containerID=#1 failed. Corresponding entry not found.
2019-06-13 22:27:27,936 DEBUG block.DeletedBlockLogImpl (DeletedBlockLogImpl.java:isTransactionFailed(245)) - Got block deletion ACK from datanode, TXIDs=1, success=true
2019-06-13 22:27:27,936 WARN  block.DeletedBlockLogImpl (DeletedBlockLogImpl.java:commitTransactions(205)) - Transaction txId=1 commit by dnId=d5132e6f-def8-45c0-b0d2-c5ba43d86628 for containerID=#1 failed. Corresponding entry not found.
2019-06-13 22:27:27,936 DEBUG block.DeletedBlockLogImpl (DeletedBlockLogImpl.java:isTransactionFailed(245)) - Got block deletion ACK from datanode, TXIDs=1, success=true
2019-06-13 22:27:27,936 WARN  block.DeletedBlockLogImpl (DeletedBlockLogImpl.java:commitTransactions(205)) - Transaction txId=1 commit by dnId=d5132e6f-def8-45c0-b0d2-c5ba43d86628 for containerID=#1 failed. Corresponding entry not found.
2019-06-13 22:27:27,936 DEBUG block.DeletedBlockLogImpl (DeletedBlockLogImpl.java:isTransactionFailed(245)) - Got block deletion ACK from datanode, TXIDs=1, success=true
2019-06-13 22:27:27,935 WARN  events.EventWatcher (EventWatcher.java:lambda$start$0(110)) - Completion event without active lease. Id=1560464836885
2019-06-13 22:27:27,936 WARN  block.DeletedBlockLogImpl (DeletedBlockLogImpl.java:commitTransactions(205)) - Transaction txId=1 commit by dnId=d5132e6f-def8-45c0-b0d2-c5ba43d86628 for containerID=#1 failed. Corresponding entry not found.
2019-06-13 22:27:27,936 DEBUG block.DeletedBlockLogImpl (DeletedBlockLogImpl.java:isTransactionFailed(245)) - Got block deletion ACK from datanode, TXIDs=1, success=true
2019-06-13 22:27:27,936 WARN  block.DeletedBlockLogImpl (DeletedBlockLogImpl.java:commitTransactions(205)) - Transaction txId=1 commit by dnId=d5132e6f-def8-45c0-b0d2-c5ba43d86628 for containerID=#1 failed. Corresponding entry not found.
2019-06-13 22:27:27,936 DEBUG block.DeletedBlockLogImpl (DeletedBlockLogImpl.java:isTransactionFailed(245)) - Got block deletion ACK from datanode, TXIDs=1, success=true
2019-06-13 22:27:27,936 WARN  block.DeletedBlockLogImpl (DeletedBlockLogImpl.java:commitTransactions(205)) - Transaction txId=1 commit by dnId=d5132e6f-def8-45c0-b0d2-c5ba43d86628 for containerID=#1 failed. Corresponding entry not found.
2019-06-13 22:27:27,936 DEBUG block.DeletedBlockLogImpl (DeletedBlockLogImpl.java:isTransactionFailed(245)) - Got block deletion ACK from datanode, TXIDs=1, success=true
2019-06-13 22:27:27,936 WARN  block.DeletedBlockLogImpl (DeletedBlockLogImpl.java:commitTransactions(205)) - Transaction txId=1 commit by dnId=d5132e6f-def8-45c0-b0d2-c5ba43d86628 for containerID=#1 failed. Corresponding entry not found.
2019-06-13 22:27:27,936 DEBUG block.DeletedBlockLogImpl (DeletedBlockLogImpl.java:isTransactionFailed(245)) - Got block deletion ACK from datanode, TXIDs=1, success=true
2019-06-13 22:27:27,936 WARN  block.DeletedBlockLogImpl (DeletedBlockLogImpl.java:commitTransactions(205)) - Transaction txId=1 commit by dnId=d5132e6f-def8-45c0-b0d2-c5ba43d86628 for containerID=#1 failed. Corresponding entry not found.
2019-06-13 22:27:27,936 DEBUG block.DeletedBlockLogImpl (DeletedBlockLogImpl.java:isTransactionFailed(245)) - Got block deletion ACK from datanode, TXIDs=1, success=true
2019-06-13 22:27:27,936 WARN  block.DeletedBlockLogImpl (DeletedBlockLogImpl.java:commitTransactions(205)) - Transaction txId=1 commit by dnId=d5132e6f-def8-45c0-b0d2-c5ba43d86628 for containerID=#1 failed. Corresponding entry not found.
2019-06-13 22:27:27,936 DEBUG block.DeletedBlockLogImpl (DeletedBlockLogImpl.java:isTransactionFailed(245)) - Got block deletion ACK from datanode, TXIDs=1, success=true
2019-06-13 22:27:27,936 WARN  block.DeletedBlockLogImpl (DeletedBlockLogImpl.java:commitTransactions(205)) - Transaction txId=1 commit by dnId=d5132e6f-def8-45c0-b0d2-c5ba43d86628 for containerID=#1 failed. Corresponding entry not found.
2019-06-13 22:27:27,935 INFO  commandhandler.DeleteBlocksCommandHandler (DeleteBlocksCommandHandler.java:handle(106)) - Start to delete container blocks, TXIDs=[1(0),2(0),3(0)], numOfContainers=3, numOfBlocks=553
2019-06-13 22:27:27,936 WARN  events.EventWatcher (EventWatcher.java:lambda$start$0(110)) - Completion event without active lease. Id=1560464836874
2019-06-13 22:27:27,939 WARN  events.EventWatcher (EventWatcher.java:lambda$start$0(110)) - Completion event without active lease. Id=1560464836875
2019-06-13 22:27:27,939 WARN  events.EventWatcher (EventWatcher.java:lambda$start$0(110)) - Completion event without active lease. Id=1560464836864
2019-06-13 22:27:27,939 WARN  events.EventWatcher (EventWatcher.java:lambda$start$0(110)) - Completion event without active lease. Id=1560464836865
2019-06-13 22:27:27,940 INFO  commands.RetriableDatanodeEventWatcher (RetriableDatanodeEventWatcher.java:onTimeout(47)) - RetriableDatanodeCommand type=deleteBlocksCommand with id=1560464836958 timed out. Retrying.
2019-06-13 22:27:27,941 INFO  commandhandler.DeleteBlocksCommandHandler (DeleteBlocksCommandHandler.java:handle(106)) - Start to delete container blocks, TXIDs=[1(0),2(0),3(0)], numOfContainers=3, numOfBlocks=553
2019-06-13 22:27:27,941 INFO  commands.RetriableDatanodeEventWatcher (RetriableDatanodeEventWatcher.java:onTimeout(47)) - RetriableDatanodeCommand type=deleteBlocksCommand with id=1560464836919 timed out. Retrying.
2019-06-13 22:27:27,942 INFO  commandhandler.DeleteBlocksCommandHandler (DeleteBlocksCommandHandler.java:handle(106)) - Start to delete container blocks, TXIDs=[1(0),2(0),3(0)], numOfContainers=3, numOfBlocks=553
2019-06-13 22:27:27,942 INFO  commandhandler.DeleteBlocksCommandHandler (DeleteBlocksCommandHandler.java:handle(106)) - Start to delete container blocks, TXIDs=[1(0),2(0),3(0)], numOfContainers=3, numOfBlocks=553
2019-06-13 22:27:27,943 INFO  commandhandler.DeleteBlocksCommandHandler (DeleteBlocksCommandHandler.java:handle(106)) - Start to delete container blocks, TXIDs=[1(0),2(0),3(0)], numOfContainers=3, numOfBlocks=553
2019-06-13 22:27:27,943 INFO  commandhandler.DeleteBlocksCommandHandler (DeleteBlocksCommandHandler.java:handle(106)) - Start to delete container blocks, TXIDs=[1(0),2(0),3(0)], numOfContainers=3, numOfBlocks=553
2019-06-13 22:27:27,944 INFO  commandhandler.DeleteBlocksCommandHandler (DeleteBlocksCommandHandler.java:handle(106)) - Start to delete container blocks, TXIDs=[1(0),2(0),3(0)], numOfContainers=3, numOfBlocks=553
2019-06-13 22:27:27,945 INFO  commandhandler.DeleteBlocksCommandHandler (DeleteBlocksCommandHandler.java:handle(106)) - Start to delete container blocks, TXIDs=[1(0),2(0),3(0)], numOfContainers=3, numOfBlocks=553
2019-06-13 22:27:27,945 INFO  commandhandler.DeleteBlocksCommandHandler (DeleteBlocksCommandHandler.java:handle(106)) - Start to delete container blocks, TXIDs=[1(0),2(0),3(0)], numOfContainers=3, numOfBlocks=553
2019-06-13 22:27:27,945 INFO  commands.RetriableDatanodeEventWatcher (RetriableDatanodeEventWatcher.java:onTimeout(47)) - RetriableDatanodeCommand type=deleteBlocksCommand with id=1560464836929 timed out. Retrying.
2019-06-13 22:27:27,946 INFO  commandhandler.DeleteBlocksCommandHandler (DeleteBlocksCommandHandler.java:handle(106)) - Start to delete container blocks, TXIDs=[1(0),2(0),3(0)], numOfContainers=3, numOfBlocks=553
2019-06-13 22:27:27,947 INFO  commandhandler.DeleteBlocksCommandHandler (DeleteBlocksCommandHandler.java:handle(106)) - Start to delete container blocks, TXIDs=[1(0),2(0),3(0)], numOfContainers=3, numOfBlocks=553
2019-06-13 22:27:27,947 INFO  commandhandler.DeleteBlocksCommandHandler (DeleteBlocksCommandHandler.java:handle(106)) - Start to delete container blocks, TXIDs=[1(0),2(0),3(0)], numOfContainers=3, numOfBlocks=553
2019-06-13 22:27:27,948 INFO  commandhandler.DeleteBlocksCommandHandler (DeleteBlocksCommandHandler.java:handle(106)) - Start to delete container blocks, TXIDs=[1(0),2(0),3(0)], numOfContainers=3, numOfBlocks=553
2019-06-13 22:27:27,948 INFO  commandhandler.DeleteBlocksCommandHandler (DeleteBlocksCommandHandler.java:handle(106)) - Start to delete container blocks, TXIDs=[1(0),2(0),3(0)], numOfContainers=3, numOfBlocks=553
2019-06-13 22:27:27,949 INFO  commandhandler.DeleteBlocksCommandHandler (DeleteBlocksCommandHandler.java:handle(106)) - Start to delete container blocks, TXIDs=[1(0),2(0),3(0)], numOfContainers=3, numOfBlocks=553
2019-06-13 22:27:27,950 INFO  commandhandler.DeleteBlocksCommandHandler (DeleteBlocksCommandHandler.java:handle(106)) - Start to delete container blocks, TXIDs=[1(0),2(0),3(0)], numOfContainers=3, numOfBlocks=553
2019-06-13 22:27:27,950 DEBUG block.SCMBlockDeletingService (SCMBlockDeletingService.java:call(138)) - Running DeletedBlockTransactionScanner
2019-06-13 22:27:27,950 DEBUG block.SCMBlockDeletingService (SCMBlockDeletingService.java:call(155)) - Scanned deleted blocks log and got 0 delTX to process.
2019-06-13 22:27:27,950 INFO  commandhandler.DeleteBlocksCommandHandler (DeleteBlocksCommandHandler.java:handle(106)) - Start to delete container blocks, TXIDs=[1(0),2(0),3(0)], numOfContainers=3, numOfBlocks=553
2019-06-13 22:27:27,951 INFO  commandhandler.DeleteBlocksCommandHandler (DeleteBlocksCommandHandler.java:handle(106)) - Start to delete container blocks, TXIDs=[1(0),2(0),3(0)], numOfContainers=3, numOfBlocks=553
2019-06-13 22:27:27,951 INFO  commandhandler.DeleteBlocksCommandHandler (DeleteBlocksCommandHandler.java:handle(106)) - Start to delete container blocks, TXIDs=[1(0),2(0),3(0)], numOfContainers=3, numOfBlocks=553
2019-06-13 22:27:27,952 INFO  commandhandler.DeleteBlocksCommandHandler (DeleteBlocksCommandHandler.java:handle(106)) - Start to delete container blocks, TXIDs=[1(0),2(0),3(0)], numOfContainers=3, numOfBlocks=553
2019-06-13 22:27:27,953 INFO  commandhandler.DeleteBlocksCommandHandler (DeleteBlocksCommandHandler.java:handle(106)) - Start to delete container blocks, TXIDs=[1(0),2(0),3(0)], numOfContainers=3, numOfBlocks=553
2019-06-13 22:27:27,953 INFO  commandhandler.DeleteBlocksCommandHandler (DeleteBlocksCommandHandler.java:handle(106)) - Start to delete container blocks, TXIDs=[1(0),2(0),3(0)], numOfContainers=3, numOfBlocks=553
2019-06-13 22:27:27,954 INFO  commandhandler.DeleteBlocksCommandHandler (DeleteBlocksCommandHandler.java:handle(106)) - Start to delete container blocks, TXIDs=[1(0),2(0),3(0)], numOfContainers=3, numOfBlocks=553
2019-06-13 22:27:27,954 INFO  commandhandler.DeleteBlocksCommandHandler (DeleteBlocksCommandHandler.java:handle(106)) - Start to delete container blocks, TXIDs=[1(0),2(0),3(0)], numOfContainers=3, numOfBlocks=553
2019-06-13 22:27:27,955 INFO  commandhandler.DeleteBlocksCommandHandler (DeleteBlocksCommandHandler.java:handle(106)) - Start to delete container blocks, TXIDs=[1(0),2(0),3(0)], numOfContainers=3, numOfBlocks=553
2019-06-13 22:27:27,956 INFO  commandhandler.DeleteBlocksCommandHandler (DeleteBlocksCommandHandler.java:handle(106)) - Start to delete container blocks, TXIDs=[1(0),2(0),3(0)], numOfContainers=3, numOfBlocks=553
2019-06-13 22:27:27,956 INFO  commandhandler.DeleteBlocksCommandHandler (DeleteBlocksCommandHandler.java:handle(106)) - Start to delete container blocks, TXIDs=[1(0),2(0),3(0)], numOfContainers=3, numOfBlocks=553
2019-06-13 22:27:27,957 INFO  commandhandler.DeleteBlocksCommandHandler (DeleteBlocksCommandHandler.java:handle(106)) - Start to delete container blocks, TXIDs=[1(0),2(0),3(0)], numOfContainers=3, numOfBlocks=553
2019-06-13 22:27:27,957 INFO  commandhandler.DeleteBlocksCommandHandler (DeleteBlocksCommandHandler.java:handle(106)) - Start to delete container blocks, TXIDs=[1(0),2(0),3(0)], numOfContainers=3, numOfBlocks=553
2019-06-13 22:27:27,958 INFO  commandhandler.DeleteBlocksCommandHandler (DeleteBlocksCommandHandler.java:handle(106)) - Start to delete container blocks, TXIDs=[1(0),2(0),3(0)], numOfContainers=3, numOfBlocks=553
2019-06-13 22:27:27,958 INFO  commandhandler.DeleteBlocksCommandHandler (DeleteBlocksCommandHandler.java:handle(106)) - Start to delete container blocks, TXIDs=[1(0),2(0),3(0)], numOfContainers=3, numOfBlocks=553
2019-06-13 22:27:27,959 INFO  commandhandler.DeleteBlocksCommandHandler (DeleteBlocksCommandHandler.java:handle(106)) - Start to delete container blocks, TXIDs=[1(0),2(0),3(0)], numOfContainers=3, numOfBlocks=553
2019-06-13 22:27:27,960 INFO  commandhandler.DeleteBlocksCommandHandler (DeleteBlocksCommandHandler.java:handle(106)) - Start to delete container blocks, TXIDs=[1(0),2(0),3(0)], numOfContainers=3, numOfBlocks=553
2019-06-13 22:27:27,960 INFO  commandhandler.DeleteBlocksCommandHandler (DeleteBlocksCommandHandler.java:handle(106)) - Start to delete container blocks, TXIDs=[1(0),2(0),3(0)], numOfContainers=3, numOfBlocks=553
2019-06-13 22:27:27,961 INFO  commandhandler.DeleteBlocksCommandHandler (DeleteBlocksCommandHandler.java:handle(106)) - Start to delete container blocks, TXIDs=[1(0),2(0),3(0)], numOfContainers=3, numOfBlocks=553
2019-06-13 22:27:27,962 INFO  commandhandler.DeleteBlocksCommandHandler (DeleteBlocksCommandHandler.java:handle(106)) - Start to delete container blocks, TXIDs=[1(0),2(0),3(0)], numOfContainers=3, numOfBlocks=553
2019-06-13 22:27:27,962 INFO  commandhandler.DeleteBlocksCommandHandler (DeleteBlocksCommandHandler.java:handle(106)) - Start to delete container blocks, TXIDs=[1(0),2(0),3(0)], numOfContainers=3, numOfBlocks=553
2019-06-13 22:27:27,963 INFO  commandhandler.DeleteBlocksCommandHandler (DeleteBlocksCommandHandler.java:handle(106)) - Start to delete container blocks, TXIDs=[1(0),2(0),3(0)], numOfContainers=3, numOfBlocks=553
2019-06-13 22:27:27,964 INFO  commandhandler.DeleteBlocksCommandHandler (DeleteBlocksCommandHandler.java:handle(106)) - Start to delete container blocks, TXIDs=[1(0),2(0),3(0)], numOfContainers=3, numOfBlocks=553
2019-06-13 22:27:27,965 INFO  commandhandler.DeleteBlocksCommandHandler (DeleteBlocksCommandHandler.java:handle(106)) - Start to delete container blocks, TXIDs=[1(0),2(0),3(0)], numOfContainers=3, numOfBlocks=553
2019-06-13 22:27:27,966 INFO  commandhandler.DeleteBlocksCommandHandler (DeleteBlocksCommandHandler.java:handle(106)) - Start to delete container blocks, TXIDs=[1(0),2(0),3(0)], numOfContainers=3, numOfBlocks=553
2019-06-13 22:27:27,967 INFO  commandhandler.DeleteBlocksCommandHandler (DeleteBlocksCommandHandler.java:handle(106)) - Start to delete container blocks, TXIDs=[1(0),2(0),3(0)], numOfContainers=3, numOfBlocks=553
2019-06-13 22:27:27,967 INFO  commands.RetriableDatanodeEventWatcher (RetriableDatanodeEventWatcher.java:onTimeout(47)) - RetriableDatanodeCommand type=deleteBlocksCommand with id=1560464836939 timed out. Retrying.
2019-06-13 22:27:27,967 INFO  commandhandler.DeleteBlocksCommandHandler (DeleteBlocksCommandHandler.java:handle(106)) - Start to delete container blocks, TXIDs=[1(0),2(0),3(0)], numOfContainers=3, numOfBlocks=553
2019-06-13 22:27:27,968 INFO  commandhandler.DeleteBlocksCommandHandler (DeleteBlocksCommandHandler.java:handle(106)) - Start to delete container blocks, TXIDs=[1(0),2(0),3(0)], numOfContainers=3, numOfBlocks=553
2019-06-13 22:27:27,969 INFO  commandhandler.DeleteBlocksCommandHandler (DeleteBlocksCommandHandler.java:handle(106)) - Start to delete container blocks, TXIDs=[1(0),2(0),3(0)], numOfContainers=3, numOfBlocks=553
2019-06-13 22:27:27,970 INFO  commandhandler.DeleteBlocksCommandHandler (DeleteBlocksCommandHandler.java:handle(106)) - Start to delete container blocks, TXIDs=[1(0),2(0),3(0)], numOfContainers=3, numOfBlocks=553
2019-06-13 22:27:27,970 INFO  commandhandler.DeleteBlocksCommandHandler (DeleteBlocksCommandHandler.java:handle(106)) - Start to delete container blocks, TXIDs=[1(0),2(0),3(0)], numOfContainers=3, numOfBlocks=553
2019-06-13 22:27:27,971 INFO  commandhandler.DeleteBlocksCommandHandler (DeleteBlocksCommandHandler.java:handle(106)) - Start to delete container blocks, TXIDs=[1(0),2(0),3(0)], numOfContainers=3, numOfBlocks=553
2019-06-13 22:27:27,971 INFO  commandhandler.DeleteBlocksCommandHandler (DeleteBlocksCommandHandler.java:handle(106)) - Start to delete container blocks, TXIDs=[1(0),2(0),3(0)], numOfContainers=3, numOfBlocks=553
2019-06-13 22:27:27,972 INFO  commandhandler.DeleteBlocksCommandHandler (DeleteBlocksCommandHandler.java:handle(106)) - Start to delete container blocks, TXIDs=[1(0),2(0),3(0)], numOfContainers=3, numOfBlocks=553
2019-06-13 22:27:27,973 INFO  commandhandler.DeleteBlocksCommandHandler (DeleteBlocksCommandHandler.java:handle(106)) - Start to delete container blocks, TXIDs=[1(0),2(0),3(0)], numOfContainers=3, numOfBlocks=553
2019-06-13 22:27:27,973 INFO  commandhandler.DeleteBlocksCommandHandler (DeleteBlocksCommandHandler.java:handle(106)) - Start to delete container blocks, TXIDs=[1(0),2(0),3(0)], numOfContainers=3, numOfBlocks=553
2019-06-13 22:27:27,974 INFO  commandhandler.DeleteBlocksCommandHandler (DeleteBlocksCommandHandler.java:handle(106)) - Start to delete container blocks, TXIDs=[1(0),2(0),3(0)], numOfContainers=3, numOfBlocks=553
2019-06-13 22:27:27,974 INFO  commandhandler.DeleteBlocksCommandHandler (DeleteBlocksCommandHandler.java:handle(106)) - Start to delete container blocks, TXIDs=[1(0),2(0),3(0)], numOfContainers=3, numOfBlocks=553
2019-06-13 22:27:27,975 INFO  commandhandler.DeleteBlocksCommandHandler (DeleteBlocksCommandHandler.java:handle(106)) - Start to delete container blocks, TXIDs=[1(0),2(0),3(0)], numOfContainers=3, numOfBlocks=553
2019-06-13 22:27:27,976 INFO  commandhandler.DeleteBlocksCommandHandler (DeleteBlocksCommandHandler.java:handle(106)) - Start to delete container blocks, TXIDs=[1(0),2(0),3(0)], numOfContainers=3, numOfBlocks=553
2019-06-13 22:27:27,977 INFO  commandhandler.DeleteBlocksCommandHandler (DeleteBlocksCommandHandler.java:handle(106)) - Start to delete container blocks, TXIDs=[1(0),2(0),3(0)], numOfContainers=3, numOfBlocks=553
2019-06-13 22:27:27,978 INFO  commandhandler.DeleteBlocksCommandHandler (DeleteBlocksCommandHandler.java:handle(106)) - Start to delete container blocks, TXIDs=[1(0),2(0),3(0)], numOfContainers=3, numOfBlocks=553
2019-06-13 22:27:27,979 INFO  commandhandler.DeleteBlocksCommandHandler (DeleteBlocksCommandHandler.java:handle(106)) - Start to delete container blocks, TXIDs=[1(0),2(0),3(0)], numOfContainers=3, numOfBlocks=553
2019-06-13 22:27:27,980 INFO  commandhandler.DeleteBlocksCommandHandler (DeleteBlocksCommandHandler.java:handle(106)) - Start to delete container blocks, TXIDs=[1(0),2(0),3(0)], numOfContainers=3, numOfBlocks=553
2019-06-13 22:27:27,981 INFO  commandhandler.DeleteBlocksCommandHandler (DeleteBlocksCommandHandler.java:handle(106)) - Start to delete container blocks, TXIDs=[1(0),2(0),3(0)], numOfContainers=3, numOfBlocks=553
2019-06-13 22:27:27,982 INFO  commandhandler.DeleteBlocksCommandHandler (DeleteBlocksCommandHandler.java:handle(106)) - Start to delete container blocks, TXIDs=[1(0),2(0),3(0)], numOfContainers=3, numOfBlocks=553
2019-06-13 22:27:27,983 INFO  commandhandler.DeleteBlocksCommandHandler (DeleteBlocksCommandHandler.java:handle(106)) - Start to delete container blocks, TXIDs=[1(0),2(0),3(0)], numOfContainers=3, numOfBlocks=553
2019-06-13 22:27:27,984 INFO  commandhandler.DeleteBlocksCommandHandler (DeleteBlocksCommandHandler.java:handle(106)) - Start to delete container blocks, TXIDs=[1(0),2(0),3(0)], numOfContainers=3, numOfBlocks=553
2019-06-13 22:27:27,985 INFO  commandhandler.DeleteBlocksCommandHandler (DeleteBlocksCommandHandler.java:handle(106)) - Start to delete container blocks, TXIDs=[1(0),2(0),3(0)], numOfContainers=3, numOfBlocks=553
2019-06-13 22:27:27,986 INFO  commandhandler.DeleteBlocksCommandHandler (DeleteBlocksCommandHandler.java:handle(106)) - Start to delete container blocks, TXIDs=[1(0),2(0),3(0)], numOfContainers=3, numOfBlocks=553
2019-06-13 22:27:27,987 INFO  commandhandler.DeleteBlocksCommandHandler (DeleteBlocksCommandHandler.java:handle(106)) - Start to delete container blocks, TXIDs=[1(0),2(0),3(0)], numOfContainers=3, numOfBlocks=553
2019-06-13 22:27:27,987 INFO  commandhandler.DeleteBlocksCommandHandler (DeleteBlocksCommandHandler.java:handle(106)) - Start to delete container blocks, TXIDs=[1(0),2(0),3(0)], numOfContainers=3, numOfBlocks=553
2019-06-13 22:27:27,988 INFO  commandhandler.DeleteBlocksCommandHandler (DeleteBlocksCommandHandler.java:handle(106)) - Start to delete container blocks, TXIDs=[1(0),2(0),3(0)], numOfContainers=3, numOfBlocks=553
2019-06-13 22:27:27,989 INFO  commandhandler.DeleteBlocksCommandHandler (DeleteBlocksCommandHandler.java:handle(106)) - Start to delete container blocks, TXIDs=[1(0),2(0),3(0)], numOfContainers=3, numOfBlocks=553
2019-06-13 22:27:27,990 INFO  commandhandler.DeleteBlocksCommandHandler (DeleteBlocksCommandHandler.java:handle(106)) - Start to delete container blocks, TXIDs=[1(0),2(0),3(0)], numOfContainers=3, numOfBlocks=553
2019-06-13 22:27:27,991 INFO  commandhandler.DeleteBlocksCommandHandler (DeleteBlocksCommandHandler.java:handle(106)) - Start to delete container blocks, TXIDs=[1(0),2(0),3(0)], numOfContainers=3, numOfBlocks=553
2019-06-13 22:27:27,992 INFO  commandhandler.DeleteBlocksCommandHandler (DeleteBlocksCommandHandler.java:handle(106)) - Start to delete container blocks, TXIDs=[1(0),2(0),3(0)], numOfContainers=3, numOfBlocks=553
2019-06-13 22:27:27,993 INFO  commandhandler.DeleteBlocksCommandHandler (DeleteBlocksCommandHandler.java:handle(106)) - Start to delete container blocks, TXIDs=[1(0),2(0),3(0)], numOfContainers=3, numOfBlocks=553
2019-06-13 22:27:27,994 INFO  commandhandler.DeleteBlocksCommandHandler (DeleteBlocksCommandHandler.java:handle(106)) - Start to delete container blocks, TXIDs=[1(0),2(0),3(0)], numOfContainers=3, numOfBlocks=553
2019-06-13 22:27:27,995 INFO  commandhandler.DeleteBlocksCommandHandler (DeleteBlocksCommandHandler.java:handle(106)) - Start to delete container blocks, TXIDs=[1(0),2(0),3(0)], numOfContainers=3, numOfBlocks=553
2019-06-13 22:27:27,996 INFO  commandhandler.DeleteBlocksCommandHandler (DeleteBlocksCommandHandler.java:handle(106)) - Start to delete container blocks, TXIDs=[1(0),2(0),3(0)], numOfContainers=3, numOfBlocks=553
2019-06-13 22:27:27,997 INFO  commandhandler.DeleteBlocksCommandHandler (DeleteBlocksCommandHandler.java:handle(106)) - Start to delete container blocks, TXIDs=[1(0),2(0),3(0)], numOfContainers=3, numOfBlocks=553
2019-06-13 22:27:27,998 INFO  commandhandler.DeleteBlocksCommandHandler (DeleteBlocksCommandHandler.java:handle(106)) - Start to delete container blocks, TXIDs=[1(0),2(0),3(0)], numOfContainers=3, numOfBlocks=553
2019-06-13 22:27:27,999 INFO  commandhandler.DeleteBlocksCommandHandler (DeleteBlocksCommandHandler.java:handle(106)) - Start to delete container blocks, TXIDs=[1(0),2(0),3(0)], numOfContainers=3, numOfBlocks=553
2019-06-13 22:27:28,000 INFO  commandhandler.DeleteBlocksCommandHandler (DeleteBlocksCommandHandler.java:handle(106)) - Start to delete container blocks, TXIDs=[1(0),2(0),3(0)], numOfContainers=3, numOfBlocks=553
2019-06-13 22:27:28,000 INFO  commands.RetriableDatanodeEventWatcher (RetriableDatanodeEventWatcher.java:onTimeout(47)) - RetriableDatanodeCommand type=deleteBlocksCommand with id=1560464836949 timed out. Retrying.
2019-06-13 22:27:28,000 INFO  commandhandler.DeleteBlocksCommandHandler (DeleteBlocksCommandHandler.java:handle(106)) - Start to delete container blocks, TXIDs=[1(0),2(0),3(0)], numOfContainers=3, numOfBlocks=553
2019-06-13 22:27:28,001 INFO  commandhandler.DeleteBlocksCommandHandler (DeleteBlocksCommandHandler.java:handle(106)) - Start to delete container blocks, TXIDs=[1(0),2(0),3(0)], numOfContainers=3, numOfBlocks=553
2019-06-13 22:27:28,002 INFO  commandhandler.DeleteBlocksCommandHandler (DeleteBlocksCommandHandler.java:handle(106)) - Start to delete container blocks, TXIDs=[1(0),2(0),3(0)], numOfContainers=3, numOfBlocks=553
2019-06-13 22:27:28,003 INFO  commandhandler.DeleteBlocksCommandHandler (DeleteBlocksCommandHandler.java:handle(106)) - Start to delete container blocks, TXIDs=[1(0),2(0),3(0)], numOfContainers=3, numOfBlocks=553
2019-06-13 22:27:28,004 INFO  commandhandler.DeleteBlocksCommandHandler (DeleteBlocksCommandHandler.java:handle(106)) - Start to delete container blocks, TXIDs=[1(0),2(0),3(0)], numOfContainers=3, numOfBlocks=553
2019-06-13 22:27:28,005 INFO  commandhandler.DeleteBlocksCommandHandler (DeleteBlocksCommandHandler.java:handle(106)) - Start to delete container blocks, TXIDs=[1(0),2(0),3(0)], numOfContainers=3, numOfBlocks=553
2019-06-13 22:27:28,006 INFO  commandhandler.DeleteBlocksCommandHandler (DeleteBlocksCommandHandler.java:handle(106)) - Start to delete container blocks, TXIDs=[1(0),2(0),3(0)], numOfContainers=3, numOfBlocks=553
2019-06-13 22:27:28,007 INFO  commandhandler.DeleteBlocksCommandHandler (DeleteBlocksCommandHandler.java:handle(106)) - Start to delete container blocks, TXIDs=[1(0),2(0),3(0)], numOfContainers=3, numOfBlocks=553
2019-06-13 22:27:28,008 INFO  commandhandler.DeleteBlocksCommandHandler (DeleteBlocksCommandHandler.java:handle(106)) - Start to delete container blocks, TXIDs=[1(0),2(0),3(0)], numOfContainers=3, numOfBlocks=553
2019-06-13 22:27:28,009 INFO  commandhandler.DeleteBlocksCommandHandler (DeleteBlocksCommandHandler.java:handle(106)) - Start to delete container blocks, TXIDs=[1(0),2(0),3(0)], numOfContainers=3, numOfBlocks=553
2019-06-13 22:27:28,010 INFO  commandhandler.DeleteBlocksCommandHandler (DeleteBlocksCommandHandler.java:handle(106)) - Start to delete container blocks, TXIDs=[1(0),2(0),3(0)], numOfContainers=3, numOfBlocks=553
2019-06-13 22:27:28,011 INFO  commandhandler.DeleteBlocksCommandHandler (DeleteBlocksCommandHandler.java:handle(106)) - Start to delete container blocks, TXIDs=[1(0),2(0),3(0)], numOfContainers=3, numOfBlocks=553
2019-06-13 22:27:28,012 INFO  commandhandler.DeleteBlocksCommandHandler (DeleteBlocksCommandHandler.java:handle(106)) - Start to delete container blocks, TXIDs=[1(0),2(0),3(0)], numOfContainers=3, numOfBlocks=553
2019-06-13 22:27:28,013 INFO  commandhandler.DeleteBlocksCommandHandler (DeleteBlocksCommandHandler.java:handle(106)) - Start to delete container blocks, TXIDs=[1(0),2(0),3(0)], numOfContainers=3, numOfBlocks=553
2019-06-13 22:27:28,014 INFO  commandhandler.DeleteBlocksCommandHandler (DeleteBlocksCommandHandler.java:handle(106)) - Start to delete container blocks, TXIDs=[1(0),2(0),3(0)], numOfContainers=3, numOfBlocks=553
2019-06-13 22:27:28,014 INFO  commandhandler.DeleteBlocksCommandHandler (DeleteBlocksCommandHandler.java:handle(106)) - Start to delete container blocks, TXIDs=[1(0),2(0),3(0)], numOfContainers=3, numOfBlocks=553
2019-06-13 22:27:28,016 INFO  commandhandler.DeleteBlocksCommandHandler (DeleteBlocksCommandHandler.java:handle(106)) - Start to delete container blocks, TXIDs=[1(0),2(0),3(0)], numOfContainers=3, numOfBlocks=553
2019-06-13 22:27:28,017 INFO  commandhandler.DeleteBlocksCommandHandler (DeleteBlocksCommandHandler.java:handle(106)) - Start to delete container blocks, TXIDs=[1(0),2(0),3(0)], numOfContainers=3, numOfBlocks=553
2019-06-13 22:27:28,018 INFO  commandhandler.DeleteBlocksCommandHandler (DeleteBlocksCommandHandler.java:handle(106)) - Start to delete container blocks, TXIDs=[1(0),2(0),3(0)], numOfContainers=3, numOfBlocks=553
2019-06-13 22:27:28,018 INFO  commandhandler.DeleteBlocksCommandHandler (DeleteBlocksCommandHandler.java:handle(106)) - Start to delete container blocks, TXIDs=[1(0),2(0),3(0)], numOfContainers=3, numOfBlocks=553
2019-06-13 22:27:28,019 INFO  commandhandler.DeleteBlocksCommandHandler (DeleteBlocksCommandHandler.java:handle(106)) - Start to delete container blocks, TXIDs=[1(0),2(0),3(0)], numOfContainers=3, numOfBlocks=553
2019-06-13 22:27:28,020 INFO  commandhandler.DeleteBlocksCommandHandler (DeleteBlocksCommandHandler.java:handle(106)) - Start to delete container blocks, TXIDs=[1(0),2(0),3(0)], numOfContainers=3, numOfBlocks=553
2019-06-13 22:27:28,021 INFO  commandhandler.DeleteBlocksCommandHandler (DeleteBlocksCommandHandler.java:handle(106)) - Start to delete container blocks, TXIDs=[1(0),2(0),3(0)], numOfContainers=3, numOfBlocks=553
2019-06-13 22:27:28,022 INFO  commandhandler.DeleteBlocksCommandHandler (DeleteBlocksCommandHandler.java:handle(106)) - Start to delete container blocks, TXIDs=[1(0),2(0),3(0)], numOfContainers=3, numOfBlocks=553
2019-06-13 22:27:28,023 INFO  commandhandler.DeleteBlocksCommandHandler (DeleteBlocksCommandHandler.java:handle(106)) - Start to delete container blocks, TXIDs=[1(0),2(0),3(0)], numOfContainers=3, numOfBlocks=553
2019-06-13 22:27:28,024 INFO  commandhandler.DeleteBlocksCommandHandler (DeleteBlocksCommandHandler.java:handle(106)) - Start to delete container blocks, TXIDs=[1(0),2(0),3(0)], numOfContainers=3, numOfBlocks=553
2019-06-13 22:27:28,026 INFO  commandhandler.DeleteBlocksCommandHandler (DeleteBlocksCommandHandler.java:handle(106)) - Start to delete container blocks, TXIDs=[1(0),2(0),3(0)], numOfContainers=3, numOfBlocks=553
2019-06-13 22:27:28,026 INFO  commandhandler.DeleteBlocksCommandHandler (DeleteBlocksCommandHandler.java:handle(106)) - Start to delete container blocks, TXIDs=[1(0),2(0),3(0)], numOfContainers=3, numOfBlocks=553
2019-06-13 22:27:28,027 INFO  commandhandler.DeleteBlocksCommandHandler (DeleteBlocksCommandHandler.java:handle(106)) - Start to delete container blocks, TXIDs=[1(0),2(0),3(0)], numOfContainers=3, numOfBlocks=553
2019-06-13 22:27:28,028 INFO  commandhandler.DeleteBlocksCommandHandler (DeleteBlocksCommandHandler.java:handle(106)) - Start to delete container blocks, TXIDs=[1(0),2(0),3(0)], numOfContainers=3, numOfBlocks=553
2019-06-13 22:27:28,029 INFO  commandhandler.DeleteBlocksCommandHandler (DeleteBlocksCommandHandler.java:handle(106)) - Start to delete container blocks, TXIDs=[1(0),2(0),3(0)], numOfContainers=3, numOfBlocks=553
2019-06-13 22:27:28,030 INFO  commandhandler.DeleteBlocksCommandHandler (DeleteBlocksCommandHandler.java:handle(106)) - Start to delete container blocks, TXIDs=[1(0),2(0),3(0)], numOfContainers=3, numOfBlocks=553
2019-06-13 22:27:28,031 INFO  commandhandler.DeleteBlocksCommandHandler (DeleteBlocksCommandHandler.java:handle(106)) - Start to delete container blocks, TXIDs=[1(0),2(0),3(0)], numOfContainers=3, numOfBlocks=553
2019-06-13 22:27:28,032 INFO  commandhandler.DeleteBlocksCommandHandler (DeleteBlocksCommandHandler.java:handle(106)) - Start to delete container blocks, TXIDs=[1(0),2(0),3(0)], numOfContainers=3, numOfBlocks=553
2019-06-13 22:27:28,033 INFO  commandhandler.DeleteBlocksCommandHandler (DeleteBlocksCommandHandler.java:handle(106)) - Start to delete container blocks, TXIDs=[1(0),2(0),3(0)], numOfContainers=3, numOfBlocks=553
2019-06-13 22:27:28,034 INFO  commandhandler.DeleteBlocksCommandHandler (DeleteBlocksCommandHandler.java:handle(106)) - Start to delete container blocks, TXIDs=[1(0),2(0),3(0)], numOfContainers=3, numOfBlocks=553
2019-06-13 22:27:28,035 INFO  commandhandler.DeleteBlocksCommandHandler (DeleteBlocksCommandHandler.java:handle(106)) - Start to delete container blocks, TXIDs=[1(0),2(0),3(0)], numOfContainers=3, numOfBlocks=553
2019-06-13 22:27:28,036 INFO  commandhandler.DeleteBlocksCommandHandler (DeleteBlocksCommandHandler.java:handle(106)) - Start to delete container blocks, TXIDs=[1(0),2(0),3(0)], numOfContainers=3, numOfBlocks=553
2019-06-13 22:27:28,036 INFO  commands.RetriableDatanodeEventWatcher (RetriableDatanodeEventWatcher.java:onTimeout(47)) - RetriableDatanodeCommand type=deleteBlocksCommand with id=1560464836920 timed out. Retrying.
2019-06-13 22:27:28,037 INFO  commandhandler.DeleteBlocksCommandHandler (DeleteBlocksCommandHandler.java:handle(106)) - Start to delete container blocks, TXIDs=[1(0),2(0),3(0)], numOfContainers=3, numOfBlocks=553
2019-06-13 22:27:28,039 INFO  commandhandler.DeleteBlocksCommandHandler (DeleteBlocksCommandHandler.java:handle(106)) - Start to delete container blocks, TXIDs=[1(0),2(0),3(0)], numOfContainers=3, numOfBlocks=553
2019-06-13 22:27:28,039 INFO  commandhandler.DeleteBlocksCommandHandler (DeleteBlocksCommandHandler.java:handle(106)) - Start to delete container blocks, TXIDs=[1(0),2(0),3(0)], numOfContainers=3, numOfBlocks=553
2019-06-13 22:27:28,040 INFO  commandhandler.DeleteBlocksCommandHandler (DeleteBlocksCommandHandler.java:handle(106)) - Start to delete container blocks, TXIDs=[1(0),2(0),3(0)], numOfContainers=3, numOfBlocks=553
2019-06-13 22:27:28,041 INFO  commandhandler.DeleteBlocksCommandHandler (DeleteBlocksCommandHandler.java:handle(106)) - Start to delete container blocks, TXIDs=[1(0),2(0),3(0)], numOfContainers=3, numOfBlocks=553
2019-06-13 22:27:28,042 INFO  commands.RetriableDatanodeEventWatcher (RetriableDatanodeEventWatcher.java:onTimeout(47)) - RetriableDatanodeCommand type=deleteBlocksCommand with id=1560464836959 timed out. Retrying.
2019-06-13 22:27:28,042 INFO  commandhandler.DeleteBlocksCommandHandler (DeleteBlocksCommandHandler.java:handle(106)) - Start to delete container blocks, TXIDs=[1(0),2(0),3(0)], numOfContainers=3, numOfBlocks=553
2019-06-13 22:27:28,043 INFO  commandhandler.DeleteBlocksCommandHandler (DeleteBlocksCommandHandler.java:handle(106)) - Start to delete container blocks, TXIDs=[1(0),2(0),3(0)], numOfContainers=3, numOfBlocks=553
2019-06-13 22:27:28,044 INFO  commandhandler.DeleteBlocksCommandHandler (DeleteBlocksCommandHandler.java:handle(106)) - Start to delete container blocks, TXIDs=[1(0),2(0),3(0)], numOfContainers=3, numOfBlocks=553
2019-06-13 22:27:28,045 INFO  commandhandler.DeleteBlocksCommandHandler (DeleteBlocksCommandHandler.java:handle(106)) - Start to delete container blocks, TXIDs=[1(0),2(0),3(0)], numOfContainers=3, numOfBlocks=553
2019-06-13 22:27:28,046 INFO  commandhandler.DeleteBlocksCommandHandler (DeleteBlocksCommandHandler.java:handle(106)) - Start to delete container blocks, TXIDs=[1(0),2(0),3(0)], numOfContainers=3, numOfBlocks=553
2019-06-13 22:27:28,047 INFO  commandhandler.DeleteBlocksCommandHandler (DeleteBlocksCommandHandler.java:handle(106)) - Start to delete container blocks, TXIDs=[1(0),2(0),3(0)], numOfContainers=3, numOfBlocks=553
2019-06-13 22:27:28,048 INFO  commandhandler.DeleteBlocksCommandHandler (DeleteBlocksCommandHandler.java:handle(106)) - Start to delete container blocks, TXIDs=[1(0),2(0),3(0)], numOfContainers=3, numOfBlocks=553
2019-06-13 22:27:28,048 INFO  commandhandler.DeleteBlocksCommandHandler (DeleteBlocksCommandHandler.java:handle(106)) - Start to delete container blocks, TXIDs=[1(0),2(0),3(0)], numOfContainers=3, numOfBlocks=553
2019-06-13 22:27:28,049 INFO  commands.RetriableDatanodeEventWatcher (RetriableDatanodeEventWatcher.java:onTimeout(47)) - RetriableDatanodeCommand type=deleteBlocksCommand with id=1560464836930 timed out. Retrying.
2019-06-13 22:27:28,049 INFO  commandhandler.DeleteBlocksCommandHandler (DeleteBlocksCommandHandler.java:handle(106)) - Start to delete container blocks, TXIDs=[1(0),2(0),3(0)], numOfContainers=3, numOfBlocks=553
2019-06-13 22:27:28,050 INFO  commandhandler.DeleteBlocksCommandHandler (DeleteBlocksCommandHandler.java:handle(106)) - Start to delete container blocks, TXIDs=[1(0),2(0),3(0)], numOfContainers=3, numOfBlocks=553
2019-06-13 22:27:28,050 DEBUG block.SCMBlockDeletingService (SCMBlockDeletingService.java:call(138)) - Running DeletedBlockTransactionScanner
2019-06-13 22:27:28,051 DEBUG block.SCMBlockDeletingService (SCMBlockDeletingService.java:call(155)) - Scanned deleted blocks log and got 0 delTX to process.
2019-06-13 22:27:28,051 INFO  commandhandler.DeleteBlocksCommandHandler (DeleteBlocksCommandHandler.java:handle(106)) - Start to delete container blocks, TXIDs=[1(0),2(0),3(0)], numOfContainers=3, numOfBlocks=553
2019-06-13 22:27:28,052 INFO  commandhandler.DeleteBlocksCommandHandler (DeleteBlocksCommandHandler.java:handle(106)) - Start to delete container blocks, TXIDs=[1(0),2(0),3(0)], numOfContainers=3, numOfBlocks=553
2019-06-13 22:27:28,053 INFO  commandhandler.DeleteBlocksCommandHandler (DeleteBlocksCommandHandler.java:handle(106)) - Start to delete container blocks, TXIDs=[1(0),2(0),3(0)], numOfContainers=3, numOfBlocks=553
2019-06-13 22:27:28,054 INFO  commandhandler.DeleteBlocksCommandHandler (DeleteBlocksCommandHandler.java:handle(106)) - Start to delete container blocks, TXIDs=[1(0),2(0),3(0)], numOfContainers=3, numOfBlocks=553
2019-06-13 22:27:28,055 INFO  commandhandler.DeleteBlocksCommandHandler (DeleteBlocksCommandHandler.java:handle(106)) - Start to delete container blocks, TXIDs=[1(0),2(0),3(0)], numOfContainers=3, numOfBlocks=553
2019-06-13 22:27:28,056 INFO  commandhandler.DeleteBlocksCommandHandler (DeleteBlocksCommandHandler.java:handle(106)) - Start to delete container blocks, TXIDs=[1(0),2(0),3(0)], numOfContainers=3, numOfBlocks=553
2019-06-13 22:27:28,057 INFO  commandhandler.DeleteBlocksCommandHandler (DeleteBlocksCommandHandler.java:handle(106)) - Start to delete container blocks, TXIDs=[1(0),2(0),3(0)], numOfContainers=3, numOfBlocks=553
2019-06-13 22:27:28,058 INFO  commandhandler.DeleteBlocksCommandHandler (DeleteBlocksCommandHandler.java:handle(106)) - Start to delete container blocks, TXIDs=[1(0),2(0),3(0)], numOfContainers=3, numOfBlocks=553
2019-06-13 22:27:28,059 INFO  commandhandler.DeleteBlocksCommandHandler (DeleteBlocksCommandHandler.java:handle(106)) - Start to delete container blocks, TXIDs=[1(0),2(0),3(0)], numOfContainers=3, numOfBlocks=553
2019-06-13 22:27:28,059 INFO  commandhandler.DeleteBlocksCommandHandler (DeleteBlocksCommandHandler.java:handle(106)) - Start to delete container blocks, TXIDs=[1(0),2(0),3(0)], numOfContainers=3, numOfBlocks=553
2019-06-13 22:27:28,060 INFO  commandhandler.DeleteBlocksCommandHandler (DeleteBlocksCommandHandler.java:handle(106)) - Start to delete container blocks, TXIDs=[1(0),2(0),3(0)], numOfContainers=3, numOfBlocks=553
2019-06-13 22:27:28,061 INFO  commandhandler.DeleteBlocksCommandHandler (DeleteBlocksCommandHandler.java:handle(106)) - Start to delete container blocks, TXIDs=[1(0),2(0),3(0)], numOfContainers=3, numOfBlocks=553
2019-06-13 22:27:28,062 INFO  commandhandler.DeleteBlocksCommandHandler (DeleteBlocksCommandHandler.java:handle(106)) - Start to delete container blocks, TXIDs=[1(0),2(0),3(0)], numOfContainers=3, numOfBlocks=553
2019-06-13 22:27:28,063 INFO  commandhandler.DeleteBlocksCommandHandler (DeleteBlocksCommandHandler.java:handle(106)) - Start to delete container blocks, TXIDs=[1(0),2(0),3(0)], numOfContainers=3, numOfBlocks=553
2019-06-13 22:27:28,064 INFO  commandhandler.DeleteBlocksCommandHandler (DeleteBlocksCommandHandler.java:handle(106)) - Start to delete container blocks, TXIDs=[1(0),2(0),3(0)], numOfContainers=3, numOfBlocks=553
2019-06-13 22:27:28,065 INFO  commandhandler.DeleteBlocksCommandHandler (DeleteBlocksCommandHandler.java:handle(106)) - Start to delete container blocks, TXIDs=[1(0),2(0),3(0)], numOfContainers=3, numOfBlocks=553
2019-06-13 22:27:28,066 INFO  commandhandler.DeleteBlocksCommandHandler (DeleteBlocksCommandHandler.java:handle(106)) - Start to delete container blocks, TXIDs=[1(0),2(0),3(0)], numOfContainers=3, numOfBlocks=553
2019-06-13 22:27:28,067 INFO  commandhandler.DeleteBlocksCommandHandler (DeleteBlocksCommandHandler.java:handle(106)) - Start to delete container blocks, TXIDs=[1(0),2(0),3(0)], numOfContainers=3, numOfBlocks=553
2019-06-13 22:27:28,068 INFO  commandhandler.DeleteBlocksCommandHandler (DeleteBlocksCommandHandler.java:handle(106)) - Start to delete container blocks, TXIDs=[1(0),2(0),3(0)], numOfContainers=3, numOfBlocks=553
2019-06-13 22:27:28,068 INFO  commandhandler.DeleteBlocksCommandHandler (DeleteBlocksCommandHandler.java:handle(106)) - Start to delete container blocks, TXIDs=[1(0),2(0),3(0)], numOfContainers=3, numOfBlocks=553
2019-06-13 22:27:28,069 INFO  commandhandler.DeleteBlocksCommandHandler (DeleteBlocksCommandHandler.java:handle(106)) - Start to delete container blocks, TXIDs=[1(0),2(0),3(0)], numOfContainers=3, numOfBlocks=553
2019-06-13 22:27:28,070 INFO  commandhandler.DeleteBlocksCommandHandler (DeleteBlocksCommandHandler.java:handle(106)) - Start to delete container blocks, TXIDs=[1(0),2(0),3(0)], numOfContainers=3, numOfBlocks=553
2019-06-13 22:27:28,071 INFO  commandhandler.DeleteBlocksCommandHandler (DeleteBlocksCommandHandler.java:handle(106)) - Start to delete container blocks, TXIDs=[1(0),2(0),3(0)], numOfContainers=3, numOfBlocks=553
2019-06-13 22:27:28,072 INFO  commandhandler.DeleteBlocksCommandHandler (DeleteBlocksCommandHandler.java:handle(106)) - Start to delete container blocks, TXIDs=[1(356),2(356),3(355)], numOfContainers=3, numOfBlocks=553
2019-06-13 22:27:28,073 INFO  commandhandler.DeleteBlocksCommandHandler (DeleteBlocksCommandHandler.java:handle(106)) - Start to delete container blocks, TXIDs=[1(0),2(0),3(0)], numOfContainers=3, numOfBlocks=553
2019-06-13 22:27:28,074 INFO  commands.RetriableDatanodeEventWatcher (RetriableDatanodeEventWatcher.java:onTimeout(47)) - RetriableDatanodeCommand type=deleteBlocksCommand with id=1560464836940 timed out. Retrying.
2019-06-13 22:27:28,074 INFO  commandhandler.DeleteBlocksCommandHandler (DeleteBlocksCommandHandler.java:handle(106)) - Start to delete container blocks, TXIDs=[1(0),2(0),3(0)], numOfContainers=3, numOfBlocks=553
2019-06-13 22:27:28,075 INFO  commandhandler.DeleteBlocksCommandHandler (DeleteBlocksCommandHandler.java:handle(106)) - Start to delete container blocks, TXIDs=[1(0),2(0),3(0)], numOfContainers=3, numOfBlocks=553
2019-06-13 22:27:28,076 INFO  commandhandler.DeleteBlocksCommandHandler (DeleteBlocksCommandHandler.java:handle(106)) - Start to delete container blocks, TXIDs=[1(0),2(0),3(0)], numOfContainers=3, numOfBlocks=553
2019-06-13 22:27:28,077 INFO  commandhandler.DeleteBlocksCommandHandler (DeleteBlocksCommandHandler.java:handle(106)) - Start to delete container blocks, TXIDs=[1(0),2(0),3(0)], numOfContainers=3, numOfBlocks=553
2019-06-13 22:27:28,078 INFO  commandhandler.DeleteBlocksCommandHandler (DeleteBlocksCommandHandler.java:handle(106)) - Start to delete container blocks, TXIDs=[1(0),2(0),3(0)], numOfContainers=3, numOfBlocks=553
2019-06-13 22:27:28,079 INFO  commandhandler.DeleteBlocksCommandHandler (DeleteBlocksCommandHandler.java:handle(106)) - Start to delete container blocks, TXIDs=[1(0),2(0),3(0)], numOfContainers=3, numOfBlocks=553
2019-06-13 22:27:28,080 INFO  commandhandler.DeleteBlocksCommandHandler (DeleteBlocksCommandHandler.java:handle(106)) - Start to delete container blocks, TXIDs=[1(0),2(0),3(0)], numOfContainers=3, numOfBlocks=553
2019-06-13 22:27:28,080 INFO  commandhandler.DeleteBlocksCommandHandler (DeleteBlocksCommandHandler.java:handle(106)) - Start to delete container blocks, TXIDs=[1(0),2(0),3(0)], numOfContainers=3, numOfBlocks=553
2019-06-13 22:27:28,081 INFO  commandhandler.DeleteBlocksCommandHandler (DeleteBlocksCommandHandler.java:handle(106)) - Start to delete container blocks, TXIDs=[1(0),2(0),3(0)], numOfContainers=3, numOfBlocks=553
2019-06-13 22:27:28,082 INFO  commandhandler.DeleteBlocksCommandHandler (DeleteBlocksCommandHandler.java:handle(106)) - Start to delete container blocks, TXIDs=[1(0),2(0),3(0)], numOfContainers=3, numOfBlocks=553
2019-06-13 22:27:28,083 INFO  commandhandler.DeleteBlocksCommandHandler (DeleteBlocksCommandHandler.java:handle(106)) - Start to delete container blocks, TXIDs=[1(492),2(492),3(492)], numOfContainers=3, numOfBlocks=553
2019-06-13 22:27:28,084 INFO  commandhandler.DeleteBlocksCommandHandler (DeleteBlocksCommandHandler.java:handle(106)) - Start to delete container blocks, TXIDs=[1(0),2(0),3(0)], numOfContainers=3, numOfBlocks=553
2019-06-13 22:27:28,085 INFO  commandhandler.DeleteBlocksCommandHandler (DeleteBlocksCommandHandler.java:handle(106)) - Start to delete container blocks, TXIDs=[1(0),2(0),3(0)], numOfContainers=3, numOfBlocks=553
2019-06-13 22:27:28,086 INFO  commandhandler.DeleteBlocksCommandHandler (DeleteBlocksCommandHandler.java:handle(106)) - Start to delete container blocks, TXIDs=[1(0),2(0),3(0)], numOfContainers=3, numOfBlocks=553
2019-06-13 22:27:28,087 INFO  commandhandler.DeleteBlocksCommandHandler (DeleteBlocksCommandHandler.java:handle(106)) - Start to delete container blocks, TXIDs=[1(0),2(0),3(0)], numOfContainers=3, numOfBlocks=553
2019-06-13 22:27:28,088 INFO  commandhandler.DeleteBlocksCommandHandler (DeleteBlocksCommandHandler.java:handle(106)) - Start to delete container blocks, TXIDs=[1(0),2(0),3(0)], numOfContainers=3, numOfBlocks=553
2019-06-13 22:27:28,089 INFO  commandhandler.DeleteBlocksCommandHandler (DeleteBlocksCommandHandler.java:handle(106)) - Start to delete container blocks, TXIDs=[1(0),2(0),3(0)], numOfContainers=3, numOfBlocks=553
2019-06-13 22:27:28,090 INFO  commandhandler.DeleteBlocksCommandHandler (DeleteBlocksCommandHandler.java:handle(106)) - Start to delete container blocks, TXIDs=[1(0),2(0),3(0)], numOfContainers=3, numOfBlocks=553
2019-06-13 22:27:28,090 INFO  commandhandler.DeleteBlocksCommandHandler (DeleteBlocksCommandHandler.java:handle(106)) - Start to delete container blocks, TXIDs=[1(0),2(0),3(0)], numOfContainers=3, numOfBlocks=553
2019-06-13 22:27:28,091 INFO  commandhandler.DeleteBlocksCommandHandler (DeleteBlocksCommandHandler.java:handle(106)) - Start to delete container blocks, TXIDs=[1(0),2(0),3(0)], numOfContainers=3, numOfBlocks=553
2019-06-13 22:27:28,092 INFO  commandhandler.DeleteBlocksCommandHandler (DeleteBlocksCommandHandler.java:handle(106)) - Start to delete container blocks, TXIDs=[1(492),2(492),3(492)], numOfContainers=3, numOfBlocks=553
2019-06-13 22:27:28,094 INFO  commandhandler.DeleteBlocksCommandHandler (DeleteBlocksCommandHandler.java:handle(106)) - Start to delete container blocks, TXIDs=[1(0),2(0),3(0)], numOfContainers=3, numOfBlocks=553
2019-06-13 22:27:28,095 INFO  commandhandler.DeleteBlocksCommandHandler (DeleteBlocksCommandHandler.java:handle(106)) - Start to delete container blocks, TXIDs=[1(0),2(0),3(0)], numOfContainers=3, numOfBlocks=553
2019-06-13 22:27:28,096 INFO  commandhandler.DeleteBlocksCommandHandler (DeleteBlocksCommandHandler.java:handle(106)) - Start to delete container blocks, TXIDs=[1(0),2(0),3(0)], numOfContainers=3, numOfBlocks=553
2019-06-13 22:27:28,097 INFO  commandhandler.DeleteBlocksCommandHandler (DeleteBlocksCommandHandler.java:handle(106)) - Start to delete container blocks, TXIDs=[1(0),2(0),3(0)], numOfContainers=3, numOfBlocks=553
2019-06-13 22:27:28,097 INFO  commandhandler.DeleteBlocksCommandHandler (DeleteBlocksCommandHandler.java:handle(106)) - Start to delete container blocks, TXIDs=[1(0),2(0),3(0)], numOfContainers=3, numOfBlocks=553
2019-06-13 22:27:28,098 INFO  commandhandler.DeleteBlocksCommandHandler (DeleteBlocksCommandHandler.java:handle(106)) - Start to delete container blocks, TXIDs=[1(0),2(0),3(0)], numOfContainers=3, numOfBlocks=553
2019-06-13 22:27:28,099 INFO  commandhandler.DeleteBlocksCommandHandler (DeleteBlocksCommandHandler.java:handle(106)) - Start to delete container blocks, TXIDs=[1(0),2(0),3(0)], numOfContainers=3, numOfBlocks=553
2019-06-13 22:27:28,100 INFO  commandhandler.DeleteBlocksCommandHandler (DeleteBlocksCommandHandler.java:handle(106)) - Start to delete container blocks, TXIDs=[1(0),2(0),3(0)], numOfContainers=3, numOfBlocks=553
2019-06-13 22:27:28,101 INFO  commandhandler.DeleteBlocksCommandHandler (DeleteBlocksCommandHandler.java:handle(106)) - Start to delete container blocks, TXIDs=[1(0),2(0),3(0)], numOfContainers=3, numOfBlocks=553
2019-06-13 22:27:28,102 INFO  commandhandler.DeleteBlocksCommandHandler (DeleteBlocksCommandHandler.java:handle(106)) - Start to delete container blocks, TXIDs=[1(492),2(492),3(492)], numOfContainers=3, numOfBlocks=553
2019-06-13 22:27:28,102 INFO  commands.RetriableDatanodeEventWatcher (RetriableDatanodeEventWatcher.java:onTimeout(47)) - RetriableDatanodeCommand type=deleteBlocksCommand with id=1560464836950 timed out. Retrying.
2019-06-13 22:27:28,103 INFO  commandhandler.DeleteBlocksCommandHandler (DeleteBlocksCommandHandler.java:handle(106)) - Start to delete container blocks, TXIDs=[1(0),2(0),3(0)], numOfContainers=3, numOfBlocks=553
2019-06-13 22:27:28,104 INFO  commandhandler.DeleteBlocksCommandHandler (DeleteBlocksCommandHandler.java:handle(106)) - Start to delete container blocks, TXIDs=[1(0),2(0),3(0)], numOfContainers=3, numOfBlocks=553
2019-06-13 22:27:28,105 INFO  commandhandler.DeleteBlocksCommandHandler (DeleteBlocksCommandHandler.java:handle(106)) - Start to delete container blocks, TXIDs=[1(0),2(0),3(0)], numOfContainers=3, numOfBlocks=553
2019-06-13 22:27:28,106 INFO  commandhandler.DeleteBlocksCommandHandler (DeleteBlocksCommandHandler.java:handle(106)) - Start to delete container blocks, TXIDs=[1(0),2(0),3(0)], numOfContainers=3, numOfBlocks=553
2019-06-13 22:27:28,107 INFO  commandhandler.DeleteBlocksCommandHandler (DeleteBlocksCommandHandler.java:handle(106)) - Start to delete container blocks, TXIDs=[1(0),2(0),3(0)], numOfContainers=3, numOfBlocks=553
2019-06-13 22:27:28,108 INFO  commandhandler.DeleteBlocksCommandHandler (DeleteBlocksCommandHandler.java:handle(106)) - Start to delete container blocks, TXIDs=[1(0),2(0),3(0)], numOfContainers=3, numOfBlocks=553
2019-06-13 22:27:28,109 INFO  commandhandler.DeleteBlocksCommandHandler (DeleteBlocksCommandHandler.java:handle(106)) - Start to delete container blocks, TXIDs=[1(0),2(0),3(0)], numOfContainers=3, numOfBlocks=553
2019-06-13 22:27:28,110 INFO  commandhandler.DeleteBlocksCommandHandler (DeleteBlocksCommandHandler.java:handle(106)) - Start to delete container blocks, TXIDs=[1(0),2(0),3(0)], numOfContainers=3, numOfBlocks=553
2019-06-13 22:27:28,111 INFO  commandhandler.DeleteBlocksCommandHandler (DeleteBlocksCommandHandler.java:handle(106)) - Start to delete container blocks, TXIDs=[1(0),2(0),3(0)], numOfContainers=3, numOfBlocks=553
2019-06-13 22:27:28,112 INFO  commandhandler.DeleteBlocksCommandHandler (DeleteBlocksCommandHandler.java:handle(106)) - Start to delete container blocks, TXIDs=[1(492),2(492),3(492)], numOfContainers=3, numOfBlocks=553
2019-06-13 22:27:28,113 INFO  commandhandler.DeleteBlocksCommandHandler (DeleteBlocksCommandHandler.java:handle(106)) - Start to delete container blocks, TXIDs=[1(0),2(0),3(0)], numOfContainers=3, numOfBlocks=553
2019-06-13 22:27:28,114 INFO  commandhandler.DeleteBlocksCommandHandler (DeleteBlocksCommandHandler.java:handle(106)) - Start to delete container blocks, TXIDs=[1(0),2(0),3(0)], numOfContainers=3, numOfBlocks=553
2019-06-13 22:27:28,115 INFO  commandhandler.DeleteBlocksCommandHandler (DeleteBlocksCommandHandler.java:handle(106)) - Start to delete container blocks, TXIDs=[1(0),2(0),3(0)], numOfContainers=3, numOfBlocks=553
2019-06-13 22:27:28,115 INFO  impl.FollowerState (FollowerState.java:run(101)) - d5132e6f-def8-45c0-b0d2-c5ba43d86628:group-7FE77483B693 changes to CANDIDATE, lastRpcTime:1059, electionTimeout:1059ms
2019-06-13 22:27:28,116 INFO  commandhandler.DeleteBlocksCommandHandler (RoleInfo.java:shutdownFollowerState(121)) - d5132e6f-def8-45c0-b0d2-c5ba43d86628: shutdown FollowerState
2019-06-13 22:27:28,116 INFO  impl.RaftServerImpl (RaftServerImpl.java:setRole(164)) - d5132e6f-def8-45c0-b0d2-c5ba43d86628:group-7FE77483B693 changes role from FOLLOWER to CANDIDATE at term 0 for changeToCandidate
2019-06-13 22:27:28,116 INFO  impl.RoleInfo (RoleInfo.java:updateAndGet(143)) - d5132e6f-def8-45c0-b0d2-c5ba43d86628: start LeaderElection
2019-06-13 22:27:28,116 INFO  commandhandler.DeleteBlocksCommandHandler (DeleteBlocksCommandHandler.java:handle(106)) - Start to delete container blocks, TXIDs=[1(0),2(0),3(0)], numOfContainers=3, numOfBlocks=553
2019-06-13 22:27:28,124 INFO  commandhandler.DeleteBlocksCommandHandler (DeleteBlocksCommandHandler.java:handle(106)) - Start to delete container blocks, TXIDs=[1(0),2(0),3(0)], numOfContainers=3, numOfBlocks=553
2019-06-13 22:27:28,125 INFO  commandhandler.DeleteBlocksCommandHandler (DeleteBlocksCommandHandler.java:handle(106)) - Start to delete container blocks, TXIDs=[1(0),2(0),3(0)], numOfContainers=3, numOfBlocks=553
2019-06-13 22:27:28,126 INFO  commandhandler.DeleteBlocksCommandHandler (DeleteBlocksCommandHandler.java:handle(106)) - Start to delete container blocks, TXIDs=[1(0),2(0),3(0)], numOfContainers=3, numOfBlocks=553
2019-06-13 22:27:28,127 INFO  commandhandler.DeleteBlocksCommandHandler (DeleteBlocksCommandHandler.java:handle(106)) - Start to delete container blocks, TXIDs=[1(0),2(0),3(0)], numOfContainers=3, numOfBlocks=553
DeletedBlockLogImpl.java:incrementCount(141)) - Deleted TXID not found.
2019-06-13 22:27:28,127 INFO  commandhandler.DeleteBlocksCommandHandler (DeleteBlocksCommandHandler.java:handle(106)) - Start to delete container blocks, TXIDs=[1(0),2(0),3(0)], numOfContainers=3, numOfBlocks=553
2019-06-13 22:27:28,127 WARN  block.DeletedBlockLogImpl (DeletedBlockLogImpl.java:incrementCount(141)) - Deleted TXID not found.
2019-06-13 22:27:28,127 WARN  block.DeletedBlockLogImpl (DeletedBlockLogImpl.java:incrementCount(141)) - Deleted TXID not found.
2019-06-13 22:27:28,127 WARN  block.DeletedBlockLogImpl (DeletedBlockLogImpl.java:incrementCount(141)) - Deleted TXID not found.
2019-06-13 22:27:28,127 WARN  block.DeletedBlockLogImpl (DeletedBlockLogImpl.java:incrementCount(141)) - Deleted TXID not found.
2019-06-13 22:27:28,127 WARN  block.DeletedBlockLogImpl (DeletedBlockLogImpl.java:incrementCount(141)) - Deleted TXID not found.
2019-06-13 22:27:28,127 WARN  block.DeletedBlockLogImpl (DeletedBlockLogImpl.java:incrementCount(141)) - Deleted TXID not found.
2019-06-13 22:27:28,127 WARN  block.DeletedBlockLogImpl (DeletedBlockLogImpl.java:incrementCount(141)) - Deleted TXID not found.
2019-06-13 22:27:28,127 WARN  block.DeletedBlockLogImpl (DeletedBlockLogImpl.java:incrementCount(141)) - Deleted TXID not found.
2019-06-13 22:27:28,127 WARN  block.DeletedBlockLogImpl (DeletedBlockLogImpl.java:incrementCount(141)) - Deleted TXID not found.
2019-06-13 22:27:28,128 WARN  block.DeletedBlockLogImpl (DeletedBlockLogImpl.java:incrementCount(141)) - Deleted TXID not found.
2019-06-13 22:27:28,128 WARN  block.DeletedBlockLogImpl (DeletedBlockLogImpl.java:incrementCount(141)) - Deleted TXID not found.
2019-06-13 22:27:28,128 WARN  block.DeletedBlockLogImpl (DeletedBlockLogImpl.java:incrementCount(141)) - Deleted TXID not found.
2019-06-13 22:27:28,128 INFO  commandhandler.DeleteBlocksCommandHandler (DeletedBlockLogImpl.java:incrementCount(141)) - Deleted TXID not found.
2019-06-13 22:27:28,128 WARN  block.DeletedBlockLogImpl (DeleteBlocksCommandHandler.java:handle(106)) - Start to delete container blocks, TXIDs=[1(0),2(0),3(0)], numOfContainers=3, numOfBlocks=553
DeletedBlockLogImpl.java:incrementCount(141)) - Deleted TXID not found.
2019-06-13 22:27:28,128 INFO  commandhandler.DeleteBlocksCommandHandler (DeleteBlocksCommandHandler.java:handle(106)) - Start to delete container blocks, TXIDs=[1(0),2(0),3(0)], numOfContainers=3, numOfBlocks=553
2019-06-13 22:27:28,128 WARN  block.DeletedBlockLogImpl (DeletedBlockLogImpl.java:incrementCount(141)) - Deleted TXID not found.
2019-06-13 22:27:28,128 WARN  block.DeletedBlockLogImpl (DeletedBlockLogImpl.java:incrementCount(141)) - Deleted TXID not found.
2019-06-13 22:27:28,128 WARN  block.DeletedBlockLogImpl (DeletedBlockLogImpl.java:incrementCount(141)) - Deleted TXID not found.
2019-06-13 22:27:28,128 WARN  block.DeletedBlockLogImpl (DeletedBlockLogImpl.java:incrementCount(141)) - Deleted TXID not found.
2019-06-13 22:27:28,128 WARN  block.DeletedBlockLogImpl (DeletedBlockLogImpl.java:incrementCount(141)) - Deleted TXID not found.
2019-06-13 22:27:28,128 WARN  block.DeletedBlockLogImpl (DeletedBlockLogImpl.java:incrementCount(141)) - Deleted TXID not found.
2019-06-13 22:27:28,128 WARN  block.DeletedBlockLogImpl (DeletedBlockLogImpl.java:incrementCount(141)) - Deleted TXID not found.
2019-06-13 22:27:28,128 WARN  block.DeletedBlockLogImpl (DeletedBlockLogImpl.java:incrementCount(141)) - Deleted TXID not found.
2019-06-13 22:27:28,129 WARN  block.DeletedBlockLogImpl (DeletedBlockLogImpl.java:incrementCount(141)) - Deleted TXID not found.
2019-06-13 22:27:28,129 WARN  block.DeletedBlockLogImpl (DeletedBlockLogImpl.java:incrementCount(141)) - Deleted TXID not found.
2019-06-13 22:27:28,129 INFO  commandhandler.DeleteBlocksCommandHandler (DeletedBlockLogImpl.java:incrementCount(141)) - Deleted TXID not found.
2019-06-13 22:27:28,129 WARN  block.DeletedBlockLogImpl (DeleteBlocksCommandHandler.java:handle(106)) - Start to delete container blocks, TXIDs=[1(0),2(0),3(0)], numOfContainers=3, numOfBlocks=553
DeletedBlockLogImpl.java:incrementCount(141)) - Deleted TXID not found.
2019-06-13 22:27:28,129 INFO  commandhandler.DeleteBlocksCommandHandler (DeleteBlocksCommandHandler.java:handle(106)) - Start to delete container blocks, TXIDs=[1(0),2(0),3(0)], numOfContainers=3, numOfBlocks=553
2019-06-13 22:27:28,129 WARN  block.DeletedBlockLogImpl (DeletedBlockLogImpl.java:incrementCount(141)) - Deleted TXID not found.
2019-06-13 22:27:28,129 WARN  block.DeletedBlockLogImpl (DeletedBlockLogImpl.java:incrementCount(141)) - Deleted TXID not found.
2019-06-13 22:27:28,129 WARN  block.DeletedBlockLogImpl (DeletedBlockLogImpl.java:incrementCount(141)) - Deleted TXID not found.
2019-06-13 22:27:28,129 WARN  block.DeletedBlockLogImpl (DeletedBlockLogImpl.java:incrementCount(141)) - Deleted TXID not found.
2019-06-13 22:27:28,129 WARN  block.DeletedBlockLogImpl (DeletedBlockLogImpl.java:incrementCount(141)) - Deleted TXID not found.
2019-06-13 22:27:28,129 WARN  block.DeletedBlockLogImpl (DeletedBlockLogImpl.java:incrementCount(141)) - Deleted TXID not found.
2019-06-13 22:27:28,130 INFO  commandhandler.DeleteBlocksCommandHandler (DeleteBlocksCommandHandler.java:handle(106)) - Start to delete container blocks, TXIDs=[1(492),2(492),3(492)], numOfContainers=3, numOfBlocks=553
2019-06-13 22:27:28,131 WARN  events.EventWatcher (EventWatcher.java:lambda$start$0(110)) - Completion event without active lease. Id=1560464836886
2019-06-13 22:27:28,131 WARN  events.EventWatcher (EventWatcher.java:lambda$start$0(110)) - Completion event without active lease. Id=1560464836887
2019-06-13 22:27:28,131 DEBUG block.DeletedBlockLogImpl (DeletedBlockLogImpl.java:isTransactionFailed(245)) - Got block deletion ACK from datanode, TXIDs=1, success=true
2019-06-13 22:27:28,131 WARN  events.EventWatcher (EventWatcher.java:lambda$start$0(110)) - Completion event without active lease. Id=1560464836876
2019-06-13 22:27:28,131 WARN  block.DeletedBlockLogImpl (DeletedBlockLogImpl.java:commitTransactions(205)) - Transaction txId=1 commit by dnId=d5132e6f-def8-45c0-b0d2-c5ba43d86628 for containerID=#1 failed. Corresponding entry not found.
2019-06-13 22:27:28,131 DEBUG block.DeletedBlockLogImpl (DeletedBlockLogImpl.java:isTransactionFailed(245)) - Got block deletion ACK from datanode, TXIDs=1, success=true
2019-06-13 22:27:28,131 WARN  block.DeletedBlockLogImpl (DeletedBlockLogImpl.java:commitTransactions(205)) - Transaction txId=1 commit by dnId=d5132e6f-def8-45c0-b0d2-c5ba43d86628 for containerID=#1 failed. Corresponding entry not found.
2019-06-13 22:27:28,131 WARN  events.EventWatcher (EventWatcher.java:lambda$start$0(110)) - Completion event without active lease. Id=1560464836877
2019-06-13 22:27:28,131 DEBUG block.DeletedBlockLogImpl (DeletedBlockLogImpl.java:isTransactionFailed(245)) - Got block deletion ACK from datanode, TXIDs=1, success=true
2019-06-13 22:27:28,132 WARN  events.EventWatcher (EventWatcher.java:lambda$start$0(110)) - Completion event without active lease. Id=1560464836866
2019-06-13 22:27:28,132 WARN  events.EventWatcher (EventWatcher.java:lambda$start$0(110)) - Completion event without active lease. Id=1560464836867
2019-06-13 22:27:28,132 WARN  events.EventWatcher (EventWatcher.java:lambda$start$0(110)) - Completion event without active lease. Id=1560464836915
2019-06-13 22:27:28,132 WARN  events.EventWatcher (EventWatcher.java:lambda$start$0(110)) - Completion event without active lease. Id=1560464836916
2019-06-13 22:27:28,132 WARN  events.EventWatcher (EventWatcher.java:lambda$start$0(110)) - Completion event without active lease. Id=1560464836906
2019-06-13 22:27:28,132 WARN  events.EventWatcher (EventWatcher.java:lambda$start$0(110)) - Completion event without active lease. Id=1560464836907
2019-06-13 22:27:28,132 WARN  events.EventWatcher (EventWatcher.java:lambda$start$0(110)) - Completion event without active lease. Id=1560464836896
2019-06-13 22:27:28,132 WARN  events.EventWatcher (EventWatcher.java:lambda$start$0(110)) - Completion event without active lease. Id=1560464836897
2019-06-13 22:27:28,132 WARN  block.DeletedBlockLogImpl (DeletedBlockLogImpl.java:commitTransactions(205)) - Transaction txId=1 commit by dnId=d5132e6f-def8-45c0-b0d2-c5ba43d86628 for containerID=#1 failed. Corresponding entry not found.
2019-06-13 22:27:28,132 DEBUG block.DeletedBlockLogImpl (DeletedBlockLogImpl.java:isTransactionFailed(245)) - Got block deletion ACK from datanode, TXIDs=1, success=true
2019-06-13 22:27:28,132 WARN  block.DeletedBlockLogImpl (DeletedBlockLogImpl.java:commitTransactions(205)) - Transaction txId=1 commit by dnId=d5132e6f-def8-45c0-b0d2-c5ba43d86628 for containerID=#1 failed. Corresponding entry not found.
2019-06-13 22:27:28,132 DEBUG block.DeletedBlockLogImpl (DeletedBlockLogImpl.java:isTransactionFailed(245)) - Got block deletion ACK from datanode, TXIDs=1, success=true
2019-06-13 22:27:28,132 WARN  block.DeletedBlockLogImpl (DeletedBlockLogImpl.java:commitTransactions(205)) - Transaction txId=1 commit by dnId=d5132e6f-def8-45c0-b0d2-c5ba43d86628 for containerID=#1 failed. Corresponding entry not found.
2019-06-13 22:27:28,133 DEBUG block.DeletedBlockLogImpl (DeletedBlockLogImpl.java:isTransactionFailed(245)) - Got block deletion ACK from datanode, TXIDs=1, success=true
2019-06-13 22:27:28,133 WARN  block.DeletedBlockLogImpl (DeletedBlockLogImpl.java:commitTransactions(205)) - Transaction txId=1 commit by dnId=d5132e6f-def8-45c0-b0d2-c5ba43d86628 for containerID=#1 failed. Corresponding entry not found.
2019-06-13 22:27:28,133 DEBUG block.DeletedBlockLogImpl (DeletedBlockLogImpl.java:isTransactionFailed(245)) - Got block deletion ACK from datanode, TXIDs=1, success=true
2019-06-13 22:27:28,133 WARN  block.DeletedBlockLogImpl (DeletedBlockLogImpl.java:commitTransactions(205)) - Transaction txId=1 commit by dnId=d5132e6f-def8-45c0-b0d2-c5ba43d86628 for containerID=#1 failed. Corresponding entry not found.
2019-06-13 22:27:28,133 DEBUG block.DeletedBlockLogImpl (DeletedBlockLogImpl.java:isTransactionFailed(245)) - Got block deletion ACK from datanode, TXIDs=1, success=true
2019-06-13 22:27:28,133 WARN  block.DeletedBlockLogImpl (DeletedBlockLogImpl.java:commitTransactions(205)) - Transaction txId=1 commit by dnId=d5132e6f-def8-45c0-b0d2-c5ba43d86628 for containerID=#1 failed. Corresponding entry not found.
2019-06-13 22:27:28,133 DEBUG block.DeletedBlockLogImpl (DeletedBlockLogImpl.java:isTransactionFailed(245)) - Got block deletion ACK from datanode, TXIDs=1, success=true
2019-06-13 22:27:28,133 WARN  block.DeletedBlockLogImpl (DeletedBlockLogImpl.java:commitTransactions(205)) - Transaction txId=1 commit by dnId=d5132e6f-def8-45c0-b0d2-c5ba43d86628 for containerID=#1 failed. Corresponding entry not found.
2019-06-13 22:27:28,133 DEBUG block.DeletedBlockLogImpl (DeletedBlockLogImpl.java:isTransactionFailed(245)) - Got block deletion ACK from datanode, TXIDs=1, success=true
2019-06-13 22:27:28,133 WARN  block.DeletedBlockLogImpl (DeletedBlockLogImpl.java:commitTransactions(205)) - Transaction txId=1 commit by dnId=d5132e6f-def8-45c0-b0d2-c5ba43d86628 for containerID=#1 failed. Corresponding entry not found.
2019-06-13 22:27:28,133 DEBUG block.DeletedBlockLogImpl (DeletedBlockLogImpl.java:isTransactionFailed(245)) - Got block deletion ACK from datanode, TXIDs=1, success=true
2019-06-13 22:27:28,133 WARN  block.DeletedBlockLogImpl (DeletedBlockLogImpl.java:commitTransactions(205)) - Transaction txId=1 commit by dnId=d5132e6f-def8-45c0-b0d2-c5ba43d86628 for containerID=#1 failed. Corresponding entry not found.
2019-06-13 22:27:28,133 DEBUG block.DeletedBlockLogImpl (DeletedBlockLogImpl.java:isTransactionFailed(245)) - Got block deletion ACK from datanode, TXIDs=1, success=true
2019-06-13 22:27:28,133 WARN  block.DeletedBlockLogImpl (DeletedBlockLogImpl.java:commitTransactions(205)) - Transaction txId=1 commit by dnId=d5132e6f-def8-45c0-b0d2-c5ba43d86628 for containerID=#1 failed. Corresponding entry not found.
2019-06-13 22:27:28,133 DEBUG block.DeletedBlockLogImpl (DeletedBlockLogImpl.java:isTransactionFailed(245)) - Got block deletion ACK from datanode, TXIDs=1, success=true
2019-06-13 22:27:28,133 WARN  block.DeletedBlockLogImpl (DeletedBlockLogImpl.java:commitTransactions(205)) - Transaction txId=1 commit by dnId=d5132e6f-def8-45c0-b0d2-c5ba43d86628 for containerID=#1 failed. Corresponding entry not found.
2019-06-13 22:27:28,133 DEBUG block.DeletedBlockLogImpl (DeletedBlockLogImpl.java:isTransactionFailed(245)) - Got block deletion ACK from datanode, TXIDs=1, success=true
2019-06-13 22:27:28,133 WARN  block.DeletedBlockLogImpl (DeletedBlockLogImpl.java:commitTransactions(205)) - Transaction txId=1 commit by dnId=d5132e6f-def8-45c0-b0d2-c5ba43d86628 for containerID=#1 failed. Corresponding entry not found.
2019-06-13 22:27:28,133 DEBUG block.DeletedBlockLogImpl (DeletedBlockLogImpl.java:isTransactionFailed(245)) - Got block deletion ACK from datanode, TXIDs=1, success=true
2019-06-13 22:27:28,133 WARN  block.DeletedBlockLogImpl (DeletedBlockLogImpl.java:commitTransactions(205)) - Transaction txId=1 commit by dnId=d5132e6f-def8-45c0-b0d2-c5ba43d86628 for containerID=#1 failed. Corresponding entry not found.
2019-06-13 22:27:28,133 DEBUG block.DeletedBlockLogImpl (DeletedBlockLogImpl.java:isTransactionFailed(245)) - Got block deletion ACK from datanode, TXIDs=1, success=true
2019-06-13 22:27:28,134 WARN  block.DeletedBlockLogImpl (DeletedBlockLogImpl.java:commitTransactions(205)) - Transaction txId=1 commit by dnId=d5132e6f-def8-45c0-b0d2-c5ba43d86628 for containerID=#1 failed. Corresponding entry not found.
2019-06-13 22:27:28,134 DEBUG block.DeletedBlockLogImpl (DeletedBlockLogImpl.java:isTransactionFailed(245)) - Got block deletion ACK from datanode, TXIDs=1, success=true
2019-06-13 22:27:28,134 WARN  block.DeletedBlockLogImpl (DeletedBlockLogImpl.java:commitTransactions(205)) - Transaction txId=1 commit by dnId=d5132e6f-def8-45c0-b0d2-c5ba43d86628 for containerID=#1 failed. Corresponding entry not found.
2019-06-13 22:27:28,134 DEBUG block.DeletedBlockLogImpl (DeletedBlockLogImpl.java:isTransactionFailed(245)) - Got block deletion ACK from datanode, TXIDs=1, success=true
2019-06-13 22:27:28,134 WARN  block.DeletedBlockLogImpl (DeletedBlockLogImpl.java:commitTransactions(205)) - Transaction txId=1 commit by dnId=d5132e6f-def8-45c0-b0d2-c5ba43d86628 for containerID=#1 failed. Corresponding entry not found.
2019-06-13 22:27:28,134 DEBUG block.DeletedBlockLogImpl (DeletedBlockLogImpl.java:isTransactionFailed(245)) - Got block deletion ACK from datanode, TXIDs=1, success=true
2019-06-13 22:27:28,134 WARN  block.DeletedBlockLogImpl (DeletedBlockLogImpl.java:commitTransactions(205)) - Transaction txId=1 commit by dnId=d5132e6f-def8-45c0-b0d2-c5ba43d86628 for containerID=#1 failed. Corresponding entry not found.
2019-06-13 22:27:28,134 DEBUG block.DeletedBlockLogImpl (DeletedBlockLogImpl.java:isTransactionFailed(245)) - Got block deletion ACK from datanode, TXIDs=1, success=true
2019-06-13 22:27:28,134 WARN  block.DeletedBlockLogImpl (DeletedBlockLogImpl.java:commitTransactions(205)) - Transaction txId=1 commit by dnId=d5132e6f-def8-45c0-b0d2-c5ba43d86628 for containerID=#1 failed. Corresponding entry not found.
2019-06-13 22:27:28,134 DEBUG block.DeletedBlockLogImpl (DeletedBlockLogImpl.java:isTransactionFailed(245)) - Got block deletion ACK from datanode, TXIDs=1, success=true
2019-06-13 22:27:28,134 WARN  block.DeletedBlockLogImpl (DeletedBlockLogImpl.java:commitTransactions(205)) - Transaction txId=1 commit by dnId=d5132e6f-def8-45c0-b0d2-c5ba43d86628 for containerID=#1 failed. Corresponding entry not found.
2019-06-13 22:27:28,134 DEBUG block.DeletedBlockLogImpl (DeletedBlockLogImpl.java:isTransactionFailed(245)) - Got block deletion ACK from datanode, TXIDs=1, success=true
2019-06-13 22:27:28,134 WARN  block.DeletedBlockLogImpl (DeletedBlockLogImpl.java:commitTransactions(205)) - Transaction txId=1 commit by dnId=d5132e6f-def8-45c0-b0d2-c5ba43d86628 for containerID=#1 failed. Corresponding entry not found.
2019-06-13 22:27:28,134 DEBUG block.DeletedBlockLogImpl (DeletedBlockLogImpl.java:isTransactionFailed(245)) - Got block deletion ACK from datanode, TXIDs=1, success=true
2019-06-13 22:27:28,134 WARN  block.DeletedBlockLogImpl (DeletedBlockLogImpl.java:commitTransactions(205)) - Transaction txId=1 commit by dnId=d5132e6f-def8-45c0-b0d2-c5ba43d86628 for containerID=#1 failed. Corresponding entry not found.
2019-06-13 22:27:28,134 DEBUG block.DeletedBlockLogImpl (DeletedBlockLogImpl.java:isTransactionFailed(245)) - Got block deletion ACK from datanode, TXIDs=1, success=true
2019-06-13 22:27:28,134 WARN  block.DeletedBlockLogImpl (DeletedBlockLogImpl.java:commitTransactions(205)) - Transaction txId=1 commit by dnId=d5132e6f-def8-45c0-b0d2-c5ba43d86628 for containerID=#1 failed. Corresponding entry not found.
2019-06-13 22:27:28,134 DEBUG block.DeletedBlockLogImpl (DeletedBlockLogImpl.java:isTransactionFailed(245)) - Got block deletion ACK from datanode, TXIDs=1, success=true
2019-06-13 22:27:28,134 WARN  block.DeletedBlockLogImpl (DeletedBlockLogImpl.java:commitTransactions(205)) - Transaction txId=1 commit by dnId=d5132e6f-def8-45c0-b0d2-c5ba43d86628 for containerID=#1 failed. Corresponding entry not found.
2019-06-13 22:27:28,134 DEBUG block.DeletedBlockLogImpl (DeletedBlockLogImpl.java:isTransactionFailed(245)) - Got block deletion ACK from datanode, TXIDs=1, success=true
2019-06-13 22:27:28,134 WARN  block.DeletedBlockLogImpl (DeletedBlockLogImpl.java:commitTransactions(205)) - Transaction txId=1 commit by dnId=d5132e6f-def8-45c0-b0d2-c5ba43d86628 for containerID=#1 failed. Corresponding entry not found.
2019-06-13 22:27:28,134 DEBUG block.DeletedBlockLogImpl (DeletedBlockLogImpl.java:isTransactionFailed(245)) - Got block deletion ACK from datanode, TXIDs=1, success=true
2019-06-13 22:27:28,134 WARN  block.DeletedBlockLogImpl (DeletedBlockLogImpl.java:commitTransactions(205)) - Transaction txId=1 commit by dnId=d5132e6f-def8-45c0-b0d2-c5ba43d86628 for containerID=#1 failed. Corresponding entry not found.
2019-06-13 22:27:28,134 DEBUG block.DeletedBlockLogImpl (DeletedBlockLogImpl.java:isTransactionFailed(245)) - Got block deletion ACK from datanode, TXIDs=1, success=true
2019-06-13 22:27:28,135 WARN  block.DeletedBlockLogImpl (DeletedBlockLogImpl.java:commitTransactions(205)) - Transaction txId=1 commit by dnId=d5132e6f-def8-45c0-b0d2-c5ba43d86628 for containerID=#1 failed. Corresponding entry not found.
2019-06-13 22:27:28,135 DEBUG block.DeletedBlockLogImpl (DeletedBlockLogImpl.java:isTransactionFailed(245)) - Got block deletion ACK from datanode, TXIDs=1, success=true
2019-06-13 22:27:28,135 WARN  block.DeletedBlockLogImpl (DeletedBlockLogImpl.java:commitTransactions(205)) - Transaction txId=1 commit by dnId=d5132e6f-def8-45c0-b0d2-c5ba43d86628 for containerID=#1 failed. Corresponding entry not found.
2019-06-13 22:27:28,144 INFO  commands.RetriableDatanodeEventWatcher (RetriableDatanodeEventWatcher.java:onTimeout(47)) - RetriableDatanodeCommand type=deleteBlocksCommand with id=1560464836960 timed out. Retrying.
2019-06-13 22:27:28,151 DEBUG block.SCMBlockDeletingService (SCMBlockDeletingService.java:call(138)) - Running DeletedBlockTransactionScanner
2019-06-13 22:27:28,151 DEBUG block.SCMBlockDeletingService (SCMBlockDeletingService.java:call(155)) - Scanned deleted blocks log and got 0 delTX to process.
2019-06-13 22:27:28,169 INFO  commands.RetriableDatanodeEventWatcher (RetriableDatanodeEventWatcher.java:onTimeout(47)) - RetriableDatanodeCommand type=deleteBlocksCommand with id=1560464836941 timed out. Retrying.
2019-06-13 22:27:28,172 INFO  commandhandler.DeleteBlocksCommandHandler (DeleteBlocksCommandHandler.java:handle(106)) - Start to delete container blocks, TXIDs=[1(0),2(0),3(0)], numOfContainers=3, numOfBlocks=553
2019-06-13 22:27:28,173 INFO  commandhandler.DeleteBlocksCommandHandler (DeleteBlocksCommandHandler.java:handle(106)) - Start to delete container blocks, TXIDs=[1(0),2(0),3(0)], numOfContainers=3, numOfBlocks=553
2019-06-13 22:27:28,174 INFO  impl.LeaderElection (LeaderElection.java:askForVotes(181)) - d5132e6f-def8-45c0-b0d2-c5ba43d86628:group-7FE77483B693:LeaderElection3: begin an election at term 1 for -1: [d5132e6f-def8-45c0-b0d2-c5ba43d86628:192.168.105.169:33565], old=null
2019-06-13 22:27:28,176 INFO  impl.RoleInfo (RoleInfo.java:shutdownLeaderElection(134)) - d5132e6f-def8-45c0-b0d2-c5ba43d86628: shutdown LeaderElection
2019-06-13 22:27:28,176 INFO  impl.RaftServerImpl (RaftServerImpl.java:setRole(164)) - d5132e6f-def8-45c0-b0d2-c5ba43d86628:group-7FE77483B693 changes role from CANDIDATE to LEADER at term 1 for changeToLeader
2019-06-13 22:27:28,176 INFO  impl.RaftServerImpl (ServerState.java:setLeader(263)) - d5132e6f-def8-45c0-b0d2-c5ba43d86628:group-7FE77483B693 change Leader from null to d5132e6f-def8-45c0-b0d2-c5ba43d86628 at term 1 for becomeLeader, leader elected after 1122ms
2019-06-13 22:27:28,176 INFO  commandhandler.DeleteBlocksCommandHandler (ConfUtils.java:logGet(43)) - raft.server.staging.catchup.gap = 1000 (default)
2019-06-13 22:27:28,176 INFO DeleteBlocksCommandHandler.java :handle(106)) - Start to delete container blocks, TXIDs=[1(0),2(0),3(0)], numOfContainers=3, numOfBlocks=553
server.RaftServerConfigKeys (ConfUtils.java:logGet(43)) - raft.server.rpc.sleep.time = 25ms (default)
2019-06-13 22:27:28,176 INFO  commandhandler.DeleteBlocksCommandHandler (DeleteBlocksCommandHandler.java:handle(106)) - Start to delete container blocks, TXIDs=[1(0),2(0),3(0)], numOfContainers=3, numOfBlocks=553
2019-06-13 22:27:28,177 INFO  server.RaftServerConfigKeys (ConfUtils.java:logGet(43)) - raft.server.watch.timeout = 10s (default)
2019-06-13 22:27:28,177 INFO  server.RaftServerConfigKeys (ConfUtils.java:logGet(43)) - raft.server.watch.timeout.denomination = 1s (default)
2019-06-13 22:27:28,177 INFO  impl.RoleInfo (RoleInfo.java:updateAndGet(143)) - d5132e6f-def8-45c0-b0d2-c5ba43d86628: start LeaderState
2019-06-13 22:27:28,178 INFO  storage.RaftLogWorker (RaftLogWorker.java:startLogSegment(298)) - d5132e6f-def8-45c0-b0d2-c5ba43d86628-RaftLogWorker: Starting segment from index:0
2019-06-13 22:27:28,178 INFO  commandhandler.DeleteBlocksCommandHandler (DeleteBlocksCommandHandler.java:handle(106)) - Start to delete container blocks, TXIDs=[1(0),2(0),3(0)], numOfContainers=3, numOfBlocks=553
2019-06-13 22:27:28,179 INFO  commandhandler.DeleteBlocksCommandHandler (DeleteBlocksCommandHandler.java:handle(106)) - Start to delete container blocks, TXIDs=[1(0),2(0),3(0)], numOfContainers=3, numOfBlocks=553
2019-06-13 22:27:28,180 INFO  commandhandler.DeleteBlocksCommandHandler (DeleteBlocksCommandHandler.java:handle(106)) - Start to delete container blocks, TXIDs=[1(0),2(0),3(0)], numOfContainers=3, numOfBlocks=553
2019-06-13 22:27:28,181 INFO  commandhandler.DeleteBlocksCommandHandler (DeleteBlocksCommandHandler.java:handle(106)) - Start to delete container blocks, TXIDs=[1(0),2(0),3(0)], numOfContainers=3, numOfBlocks=553
2019-06-13 22:27:28,182 INFO  commandhandler.DeleteBlocksCommandHandler (DeleteBlocksCommandHandler.java:handle(106)) - Start to delete container blocks, TXIDs=[1(0),2(0),3(0)], numOfContainers=3, numOfBlocks=553
2019-06-13 22:27:28,183 INFO  commandhandler.DeleteBlocksCommandHandler (DeleteBlocksCommandHandler.java:handle(106)) - Start to delete container blocks, TXIDs=[1(0),2(0),3(0)], numOfContainers=3, numOfBlocks=553
2019-06-13 22:27:28,184 INFO  commandhandler.DeleteBlocksCommandHandler (DeleteBlocksCommandHandler.java:handle(106)) - Start to delete container blocks, TXIDs=[1(0),2(0),3(0)], numOfContainers=3, numOfBlocks=553
2019-06-13 22:27:28,185 INFO  commandhandler.DeleteBlocksCommandHandler (DeleteBlocksCommandHandler.java:handle(106)) - Start to delete container blocks, TXIDs=[1(492),2(492),3(492)], numOfContainers=3, numOfBlocks=553
2019-06-13 22:27:28,186 INFO  commandhandler.DeleteBlocksCommandHandler (DeleteBlocksCommandHandler.java:handle(106)) - Start to delete container blocks, TXIDs=[1(0),2(0),3(0)], numOfContainers=3, numOfBlocks=553
2019-06-13 22:27:28,187 INFO  commandhandler.DeleteBlocksCommandHandler (DeleteBlocksCommandHandler.java:handle(106)) - Start to delete container blocks, TXIDs=[1(0),2(0),3(0)], numOfContainers=3, numOfBlocks=553
2019-06-13 22:27:28,188 INFO  commandhandler.DeleteBlocksCommandHandler (DeleteBlocksCommandHandler.java:handle(106)) - Start to delete container blocks, TXIDs=[1(0),2(0),3(0)], numOfContainers=3, numOfBlocks=553
2019-06-13 22:27:28,189 INFO  commandhandler.DeleteBlocksCommandHandler (DeleteBlocksCommandHandler.java:handle(106)) - Start to delete container blocks, TXIDs=[1(0),2(0),3(0)], numOfContainers=3, numOfBlocks=553
2019-06-13 22:27:28,190 INFO  commandhandler.DeleteBlocksCommandHandler (DeleteBlocksCommandHandler.java:handle(106)) - Start to delete container blocks, TXIDs=[1(0),2(0),3(0)], numOfContainers=3, numOfBlocks=553
2019-06-13 22:27:28,191 INFO  commandhandler.DeleteBlocksCommandHandler (DeleteBlocksCommandHandler.java:handle(106)) - Start to delete container blocks, TXIDs=[1(0),2(0),3(0)], numOfContainers=3, numOfBlocks=553
2019-06-13 22:27:28,192 INFO  commandhandler.DeleteBlocksCommandHandler (DeleteBlocksCommandHandler.java:handle(106)) - Start to delete container blocks, TXIDs=[1(0),2(0),3(0)], numOfContainers=3, numOfBlocks=553
2019-06-13 22:27:28,192 INFO  commandhandler.DeleteBlocksCommandHandler (DeleteBlocksCommandHandler.java:handle(106)) - Start to delete container blocks, TXIDs=[1(0),2(0),3(0)], numOfContainers=3, numOfBlocks=553
2019-06-13 22:27:28,193 INFO  commandhandler.DeleteBlocksCommandHandler (DeleteBlocksCommandHandler.java:handle(106)) - Start to delete container blocks, TXIDs=[1(0),2(0),3(0)], numOfContainers=3, numOfBlocks=553
2019-06-13 22:27:28,194 INFO  commandhandler.DeleteBlocksCommandHandler (DeleteBlocksCommandHandler.java:handle(106)) - Start to delete container blocks, TXIDs=[1(0),2(0),3(0)], numOfContainers=3, numOfBlocks=553
2019-06-13 22:27:28,195 INFO  commandhandler.DeleteBlocksCommandHandler (DeleteBlocksCommandHandler.java:handle(106)) - Start to delete container blocks, TXIDs=[1(495),2(495),3(495)], numOfContainers=3, numOfBlocks=553
2019-06-13 22:27:28,196 INFO  commandhandler.DeleteBlocksCommandHandler (DeleteBlocksCommandHandler.java:handle(106)) - Start to delete container blocks, TXIDs=[1(0),2(0),3(0)], numOfContainers=3, numOfBlocks=553
2019-06-13 22:27:28,197 INFO  commandhandler.DeleteBlocksCommandHandler (DeleteBlocksCommandHandler.java:handle(106)) - Start to delete container blocks, TXIDs=[1(0),2(0),3(0)], numOfContainers=3, numOfBlocks=553
2019-06-13 22:27:28,198 INFO  commandhandler.DeleteBlocksCommandHandler (DeleteBlocksCommandHandler.java:handle(106)) - Start to delete container blocks, TXIDs=[1(0),2(0),3(0)], numOfContainers=3, numOfBlocks=553
2019-06-13 22:27:28,199 INFO  commandhandler.DeleteBlocksCommandHandler (DeleteBlocksCommandHandler.java:handle(106)) - Start to delete container blocks, TXIDs=[1(0),2(0),3(0)], numOfContainers=3, numOfBlocks=553
2019-06-13 22:27:28,200 INFO  commands.RetriableDatanodeEventWatcher (RetriableDatanodeEventWatcher.java:onTimeout(47)) - RetriableDatanodeCommand type=deleteBlocksCommand with id=1560464836951 timed out. Retrying.
2019-06-13 22:27:28,200 INFO  commandhandler.DeleteBlocksCommandHandler (DeleteBlocksCommandHandler.java:handle(106)) - Start to delete container blocks, TXIDs=[1(0),2(0),3(0)], numOfContainers=3, numOfBlocks=553
2019-06-13 22:27:28,201 INFO  commandhandler.DeleteBlocksCommandHandler (DeleteBlocksCommandHandler.java:handle(106)) - Start to delete container blocks, TXIDs=[1(0),2(0),3(0)], numOfContainers=3, numOfBlocks=553
2019-06-13 22:27:28,202 INFO  commandhandler.DeleteBlocksCommandHandler (DeleteBlocksCommandHandler.java:handle(106)) - Start to delete container blocks, TXIDs=[1(0),2(0),3(0)], numOfContainers=3, numOfBlocks=553
2019-06-13 22:27:28,203 INFO  commandhandler.DeleteBlocksCommandHandler (DeleteBlocksCommandHandler.java:handle(106)) - Start to delete container blocks, TXIDs=[1(0),2(0),3(0)], numOfContainers=3, numOfBlocks=553
2019-06-13 22:27:28,203 INFO  commandhandler.DeleteBlocksCommandHandler (DeleteBlocksCommandHandler.java:handle(106)) - Start to delete container blocks, TXIDs=[1(0),2(0),3(0)], numOfContainers=3, numOfBlocks=553
2019-06-13 22:27:28,204 INFO  commandhandler.DeleteBlocksCommandHandler (DeleteBlocksCommandHandler.java:handle(106)) - Start to delete container blocks, TXIDs=[1(0),2(0),3(0)], numOfContainers=3, numOfBlocks=553
2019-06-13 22:27:28,205 INFO  commandhandler.DeleteBlocksCommandHandler (DeleteBlocksCommandHandler.java:handle(106)) - Start to delete container blocks, TXIDs=[1(578),2(578),3(578)], numOfContainers=3, numOfBlocks=553
2019-06-13 22:27:28,206 INFO  commandhandler.DeleteBlocksCommandHandler (DeleteBlocksCommandHandler.java:handle(106)) - Start to delete container blocks, TXIDs=[1(0),2(0),3(0)], numOfContainers=3, numOfBlocks=553
2019-06-13 22:27:28,207 INFO  commandhandler.DeleteBlocksCommandHandler (DeleteBlocksCommandHandler.java:handle(106)) - Start to delete container blocks, TXIDs=[1(0),2(0),3(0)], numOfContainers=3, numOfBlocks=553
2019-06-13 22:27:28,208 INFO  commandhandler.DeleteBlocksCommandHandler (DeleteBlocksCommandHandler.java:handle(106)) - Start to delete container blocks, TXIDs=[1(0),2(0),3(0)], numOfContainers=3, numOfBlocks=553
2019-06-13 22:27:28,209 INFO  commandhandler.DeleteBlocksCommandHandler (DeleteBlocksCommandHandler.java:handle(106)) - Start to delete container blocks, TXIDs=[1(0),2(0),3(0)], numOfContainers=3, numOfBlocks=553
2019-06-13 22:27:28,210 INFO  commandhandler.DeleteBlocksCommandHandler (DeleteBlocksCommandHandler.java:handle(106)) - Start to delete container blocks, TXIDs=[1(0),2(0),3(0)], numOfContainers=3, numOfBlocks=553
2019-06-13 22:27:28,211 INFO  commandhandler.DeleteBlocksCommandHandler (DeleteBlocksCommandHandler.java:handle(106)) - Start to delete container blocks, TXIDs=[1(0),2(0),3(0)], numOfContainers=3, numOfBlocks=553
2019-06-13 22:27:28,211 INFO  commandhandler.DeleteBlocksCommandHandler (DeleteBlocksCommandHandler.java:handle(106)) - Start to delete container blocks, TXIDs=[1(0),2(0),3(0)], numOfContainers=3, numOfBlocks=553
2019-06-13 22:27:28,212 INFO  commandhandler.DeleteBlocksCommandHandler (DeleteBlocksCommandHandler.java:handle(106)) - Start to delete container blocks, TXIDs=[1(0),2(0),3(0)], numOfContainers=3, numOfBlocks=553
2019-06-13 22:27:28,213 INFO  impl.RaftServerImpl (ServerState.java:setRaftConf(361)) - d5132e6f-def8-45c0-b0d2-c5ba43d86628:group-7FE77483B693 set configuration 0: [d5132e6f-def8-45c0-b0d2-c5ba43d86628:192.168.105.169:33565], old=null at 0
2019-06-13 22:27:28,233 INFO  commandhandler.DeleteBlocksCommandHandler (DeleteBlocksCommandHandler.java:handle(106)) - Start to delete container blocks, TXIDs=[1(0),2(0),3(0)], numOfContainers=3, numOfBlocks=553
2019-06-13 22:27:28,234 INFO  commandhandler.DeleteBlocksCommandHandler (DeleteBlocksCommandHandler.java:handle(106)) - Start to delete container blocks, TXIDs=[1(0),2(0),3(0)], numOfContainers=3, numOfBlocks=553
2019-06-13 22:27:28,235 INFO  commandhandler.DeleteBlocksCommandHandler (DeleteBlocksCommandHandler.java:handle(106)) - Start to delete container blocks, TXIDs=[1(598),2(598),3(598)], numOfContainers=3, numOfBlocks=553
2019-06-13 22:27:28,237 INFO  commandhandler.DeleteBlocksCommandHandler (DeleteBlocksCommandHandler.java:handle(106)) - Start to delete container blocks, TXIDs=[1(0),2(0),3(0)], numOfContainers=3, numOfBlocks=553
2019-06-13 22:27:28,238 INFO  commandhandler.DeleteBlocksCommandHandler (DeleteBlocksCommandHandler.java:handle(106)) - Start to delete container blocks, TXIDs=[1(0),2(0),3(0)], numOfContainers=3, numOfBlocks=553
2019-06-13 22:27:28,238 INFO  commandhandler.DeleteBlocksCommandHandler (DeleteBlocksCommandHandler.java:handle(106)) - Start to delete container blocks, TXIDs=[1(0),2(0),3(0)], numOfContainers=3, numOfBlocks=553
2019-06-13 22:27:28,239 INFO  commandhandler.DeleteBlocksCommandHandler (DeleteBlocksCommandHandler.java:handle(106)) - Start to delete container blocks, TXIDs=[1(0),2(0),3(0)], numOfContainers=3, numOfBlocks=553
2019-06-13 22:27:28,240 INFO  commandhandler.DeleteBlocksCommandHandler (DeleteBlocksCommandHandler.java:handle(106)) - Start to delete container blocks, TXIDs=[1(0),2(0),3(0)], numOfContainers=3, numOfBlocks=553
2019-06-13 22:27:28,241 INFO  commandhandler.DeleteBlocksCommandHandler (DeleteBlocksCommandHandler.java:handle(106)) - Start to delete container blocks, TXIDs=[1(0),2(0),3(0)], numOfContainers=3, numOfBlocks=553
2019-06-13 22:27:28,242 INFO  commandhandler.DeleteBlocksCommandHandler (DeleteBlocksCommandHandler.java:handle(106)) - Start to delete container blocks, TXIDs=[1(356),2(356),3(355)], numOfContainers=3, numOfBlocks=553
2019-06-13 22:27:28,243 INFO  commandhandler.DeleteBlocksCommandHandler (DeleteBlocksCommandHandler.java:handle(106)) - Start to delete container blocks, TXIDs=[1(0),2(0),3(0)], numOfContainers=3, numOfBlocks=553
2019-06-13 22:27:28,244 INFO  commandhandler.DeleteBlocksCommandHandler (DeleteBlocksCommandHandler.java:handle(106)) - Start to delete container blocks, TXIDs=[1(0),2(0),3(0)], numOfContainers=3, numOfBlocks=553
2019-06-13 22:27:28,245 INFO  commandhandler.DeleteBlocksCommandHandler (DeleteBlocksCommandHandler.java:handle(106)) - Start to delete container blocks, TXIDs=[1(0),2(0),3(0)], numOfContainers=3, numOfBlocks=553
2019-06-13 22:27:28,246 INFO  commandhandler.DeleteBlocksCommandHandler (DeleteBlocksCommandHandler.java:handle(106)) - Start to delete container blocks, TXIDs=[1(598),2(598),3(598)], numOfContainers=3, numOfBlocks=553
2019-06-13 22:27:28,247 INFO  commandhandler.DeleteBlocksCommandHandler (DeleteBlocksCommandHandler.java:handle(106)) - Start to delete container blocks, TXIDs=[1(0),2(0),3(0)], numOfContainers=3, numOfBlocks=553
2019-06-13 22:27:28,248 INFO  commandhandler.DeleteBlocksCommandHandler (DeleteBlocksCommandHandler.java:handle(106)) - Start to delete container blocks, TXIDs=[1(0),2(0),3(0)], numOfContainers=3, numOfBlocks=553
2019-06-13 22:27:28,248 INFO  commandhandler.DeleteBlocksCommandHandler (DeleteBlocksCommandHandler.java:handle(106)) - Start to delete container blocks, TXIDs=[1(0),2(0),3(0)], numOfContainers=3, numOfBlocks=553
2019-06-13 22:27:28,249 INFO  commandhandler.DeleteBlocksCommandHandler (DeleteBlocksCommandHandler.java:handle(106)) - Start to delete container blocks, TXIDs=[1(0),2(0),3(0)], numOfContainers=3, numOfBlocks=553
2019-06-13 22:27:28,250 INFO  commandhandler.DeleteBlocksCommandHandler (DeleteBlocksCommandHandler.java:handle(106)) - Start to delete container blocks, TXIDs=[1(0),2(0),3(0)], numOfContainers=3, numOfBlocks=553
2019-06-13 22:27:28,251 INFO  commandhandler.DeleteBlocksCommandHandler (DeleteBlocksCommandHandler.java:handle(106)) - Start to delete container blocks, TXIDs=[1(0),2(0),3(0)], numOfContainers=3, numOfBlocks=553
2019-06-13 22:27:28,252 INFO  commandhandler.DeleteBlocksCommandHandler (DeleteBlocksCommandHandler.java:handle(106)) - Start to delete container blocks, TXIDs=[1(0),2(0),3(0)], numOfContainers=3, numOfBlocks=553
2019-06-13 22:27:28,253 INFO  commandhandler.DeleteBlocksCommandHandler (DeleteBlocksCommandHandler.java:handle(106)) - Start to delete container blocks, TXIDs=[1(0),2(0),3(0)], numOfContainers=3, numOfBlocks=553
2019-06-13 22:27:28,253 DEBUG block.SCMBlockDeletingService (SCMBlockDeletingService.java:call(138)) - Running DeletedBlockTransactionScanner
2019-06-13 22:27:28,253 DEBUG block.SCMBlockDeletingService (SCMBlockDeletingService.java:call(155)) - Scanned deleted blocks log and got 0 delTX to process.
2019-06-13 22:27:28,254 INFO  commandhandler.DeleteBlocksCommandHandler (DeleteBlocksCommandHandler.java:handle(106)) - Start to delete container blocks, TXIDs=[1(492),2(492),3(492)], numOfContainers=3, numOfBlocks=553
2019-06-13 22:27:28,255 INFO  commandhandler.DeleteBlocksCommandHandler (DeleteBlocksCommandHandler.java:handle(106)) - Start to delete container blocks, TXIDs=[1(0),2(0),3(0)], numOfContainers=3, numOfBlocks=553
2019-06-13 22:27:28,256 INFO  commandhandler.DeleteBlocksCommandHandler (DeleteBlocksCommandHandler.java:handle(106)) - Start to delete container blocks, TXIDs=[1(619),2(619),3(619)], numOfContainers=3, numOfBlocks=553
2019-06-13 22:27:28,257 INFO  commandhandler.DeleteBlocksCommandHandler (DeleteBlocksCommandHandler.java:handle(106)) - Start to delete container blocks, TXIDs=[1(0),2(0),3(0)], numOfContainers=3, numOfBlocks=553
2019-06-13 22:27:28,258 INFO  commandhandler.DeleteBlocksCommandHandler (DeleteBlocksCommandHandler.java:handle(106)) - Start to delete container blocks, TXIDs=[1(0),2(0),3(0)], numOfContainers=3, numOfBlocks=553
2019-06-13 22:27:28,258 INFO  commandhandler.DeleteBlocksCommandHandler (DeleteBlocksCommandHandler.java:handle(106)) - Start to delete container blocks, TXIDs=[1(0),2(0),3(0)], numOfContainers=3, numOfBlocks=553
2019-06-13 22:27:28,259 INFO  commandhandler.DeleteBlocksCommandHandler (DeleteBlocksCommandHandler.java:handle(106)) - Start to delete container blocks, TXIDs=[1(0),2(0),3(0)], numOfContainers=3, numOfBlocks=553
2019-06-13 22:27:28,260 INFO  commandhandler.DeleteBlocksCommandHandler (DeleteBlocksCommandHandler.java:handle(106)) - Start to delete container blocks, TXIDs=[1(0),2(0),3(0)], numOfContainers=3, numOfBlocks=553
2019-06-13 22:27:28,261 INFO  commandhandler.DeleteBlocksCommandHandler (DeleteBlocksCommandHandler.java:handle(106)) - Start to delete container blocks, TXIDs=[1(0),2(0),3(0)], numOfContainers=3, numOfBlocks=553
2019-06-13 22:27:28,262 INFO  commandhandler.DeleteBlocksCommandHandler (DeleteBlocksCommandHandler.java:handle(106)) - Start to delete container blocks, TXIDs=[1(0),2(0),3(0)], numOfContainers=3, numOfBlocks=553
2019-06-13 22:27:28,264 INFO  commands.RetriableDatanodeEventWatcher (RetriableDatanodeEventWatcher.java:onTimeout(47)) - RetriableDatanodeCommand type=deleteBlocksCommand with id=1560464836961 timed out. Retrying.
2019-06-13 22:27:28,269 INFO  commands.RetriableDatanodeEventWatcher (RetriableDatanodeEventWatcher.java:onTimeout(47)) - RetriableDatanodeCommand type=deleteBlocksCommand with id=1560464836942 timed out. Retrying.
2019-06-13 22:27:28,288 INFO  commandhandler.DeleteBlocksCommandHandler (DeleteBlocksCommandHandler.java:handle(106)) - Start to delete container blocks, TXIDs=[1(0),2(0),3(0)], numOfContainers=3, numOfBlocks=553
2019-06-13 22:27:28,289 INFO  commandhandler.DeleteBlocksCommandHandler (DeleteBlocksCommandHandler.java:handle(106)) - Start to delete container blocks, TXIDs=[1(492),2(492),3(492)], numOfContainers=3, numOfBlocks=553
2019-06-13 22:27:28,290 INFO  commandhandler.DeleteBlocksCommandHandler (DeleteBlocksCommandHandler.java:handle(106)) - Start to delete container blocks, TXIDs=[1(0),2(0),3(0)], numOfContainers=3, numOfBlocks=553
2019-06-13 22:27:28,291 INFO  commandhandler.DeleteBlocksCommandHandler (DeleteBlocksCommandHandler.java:handle(106)) - Start to delete container blocks, TXIDs=[1(0),2(0),3(0)], numOfContainers=3, numOfBlocks=553
2019-06-13 22:27:28,292 INFO  commandhandler.DeleteBlocksCommandHandler (DeleteBlocksCommandHandler.java:handle(106)) - Start to delete container blocks, TXIDs=[1(0),2(0),3(0)], numOfContainers=3, numOfBlocks=553
2019-06-13 22:27:28,293 INFO  commandhandler.DeleteBlocksCommandHandler (DeleteBlocksCommandHandler.java:handle(106)) - Start to delete container blocks, TXIDs=[1(0),2(0),3(0)], numOfContainers=3, numOfBlocks=553
2019-06-13 22:27:28,294 INFO  commandhandler.DeleteBlocksCommandHandler (DeleteBlocksCommandHandler.java:handle(106)) - Start to delete container blocks, TXIDs=[1(0),2(0),3(0)], numOfContainers=3, numOfBlocks=553
2019-06-13 22:27:28,295 INFO  commandhandler.DeleteBlocksCommandHandler (DeleteBlocksCommandHandler.java:handle(106)) - Start to delete container blocks, TXIDs=[1(0),2(0),3(0)], numOfContainers=3, numOfBlocks=553
2019-06-13 22:27:28,296 INFO  commandhandler.DeleteBlocksCommandHandler (DeleteBlocksCommandHandler.java:handle(106)) - Start to delete container blocks, TXIDs=[1(0),2(0),3(0)], numOfContainers=3, numOfBlocks=553
2019-06-13 22:27:28,297 INFO  commandhandler.DeleteBlocksCommandHandler (DeleteBlocksCommandHandler.java:handle(106)) - Start to delete container blocks, TXIDs=[1(0),2(0),3(0)], numOfContainers=3, numOfBlocks=553
2019-06-13 22:27:28,298 INFO  commandhandler.DeleteBlocksCommandHandler (DeleteBlocksCommandHandler.java:handle(106)) - Start to delete container blocks, TXIDs=[1(492),2(492),3(492)], numOfContainers=3, numOfBlocks=553
2019-06-13 22:27:28,299 INFO  commandhandler.DeleteBlocksCommandHandler (DeleteBlocksCommandHandler.java:handle(106)) - Start to delete container blocks, TXIDs=[1(0),2(0),3(0)], numOfContainers=3, numOfBlocks=553
2019-06-13 22:27:28,300 INFO  commandhandler.DeleteBlocksCommandHandler (DeleteBlocksCommandHandler.java:handle(106)) - Start to delete container blocks, TXIDs=[1(0),2(0),3(0)], numOfContainers=3, numOfBlocks=553
2019-06-13 22:27:28,300 INFO  commandhandler.DeleteBlocksCommandHandler (DeleteBlocksCommandHandler.java:handle(106)) - Start to delete container blocks, TXIDs=[1(0),2(0),3(0)], numOfContainers=3, numOfBlocks=553
2019-06-13 22:27:28,301 INFO  commandhandler.DeleteBlocksCommandHandler (DeleteBlocksCommandHandler.java:handle(106)) - Start to delete container blocks, TXIDs=[1(0),2(0),3(0)], numOfContainers=3, numOfBlocks=553
2019-06-13 22:27:28,302 INFO  commandhandler.DeleteBlocksCommandHandler (DeleteBlocksCommandHandler.java:handle(106)) - Start to delete container blocks, TXIDs=[1(0),2(0),3(0)], numOfContainers=3, numOfBlocks=553
2019-06-13 22:27:28,303 INFO  commands.RetriableDatanodeEventWatcher (RetriableDatanodeEventWatcher.java:onTimeout(47)) - RetriableDatanodeCommand type=deleteBlocksCommand with id=1560464836952 timed out. Retrying.
2019-06-13 22:27:28,304 INFO  commandhandler.DeleteBlocksCommandHandler (DeleteBlocksCommandHandler.java:handle(106)) - Start to delete container blocks, TXIDs=[1(0),2(0),3(0)], numOfContainers=3, numOfBlocks=553
2019-06-13 22:27:28,304 INFO  commandhandler.DeleteBlocksCommandHandler (DeleteBlocksCommandHandler.java:handle(106)) - Start to delete container blocks, TXIDs=[1(492),2(492),3(492)], numOfContainers=3, numOfBlocks=553
2019-06-13 22:27:28,305 INFO  commandhandler.DeleteBlocksCommandHandler (DeleteBlocksCommandHandler.java:handle(106)) - Start to delete container blocks, TXIDs=[1(0),2(0),3(0)], numOfContainers=3, numOfBlocks=553
2019-06-13 22:27:28,306 INFO  commandhandler.DeleteBlocksCommandHandler (DeleteBlocksCommandHandler.java:handle(106)) - Start to delete container blocks, TXIDs=[1(0),2(0),3(0)], numOfContainers=3, numOfBlocks=553
2019-06-13 22:27:28,307 INFO  commandhandler.DeleteBlocksCommandHandler (DeleteBlocksCommandHandler.java:handle(106)) - Start to delete container blocks, TXIDs=[1(0),2(0),3(0)], numOfContainers=3, numOfBlocks=553
2019-06-13 22:27:28,308 INFO  commandhandler.DeleteBlocksCommandHandler (DeleteBlocksCommandHandler.java:handle(106)) - Start to delete container blocks, TXIDs=[1(0),2(0),3(0)], numOfContainers=3, numOfBlocks=553
2019-06-13 22:27:28,309 INFO  commandhandler.DeleteBlocksCommandHandler (DeleteBlocksCommandHandler.java:handle(106)) - Start to delete container blocks, TXIDs=[1(492),2(492),3(492)], numOfContainers=3, numOfBlocks=553
2019-06-13 22:27:28,310 INFO  commandhandler.DeleteBlocksCommandHandler (DeleteBlocksCommandHandler.java:handle(106)) - Start to delete container blocks, TXIDs=[1(0),2(0),3(0)], numOfContainers=3, numOfBlocks=553
2019-06-13 22:27:28,311 INFO  commandhandler.DeleteBlocksCommandHandler (DeleteBlocksCommandHandler.java:handle(106)) - Start to delete container blocks, TXIDs=[1(0),2(0),3(0)], numOfContainers=3, numOfBlocks=553
2019-06-13 22:27:28,311 INFO  storage.RaftLogWorker (RaftLogWorker.java:execute(469)) - d5132e6f-def8-45c0-b0d2-c5ba43d86628-RaftLogWorker: created new log segment /opt/src/hadoop-ozone/integration-test/target/test-dir/MiniOzoneClusterImpl-e9ea07bb-4900-4b53-96c1-68f0ab556a80/datanode-0/data/ratis/b20c0c4e-aa3d-424e-ad77-7fe77483b693/current/log_inprogress_0
2019-06-13 22:27:28,312 INFO  commandhandler.DeleteBlocksCommandHandler (DeleteBlocksCommandHandler.java:handle(106)) - Start to delete container blocks, TXIDs=[1(0),2(0),3(0)], numOfContainers=3, numOfBlocks=553
2019-06-13 22:27:28,313 INFO  commandhandler.DeleteBlocksCommandHandler (DeleteBlocksCommandHandler.java:handle(106)) - Start to delete container blocks, TXIDs=[1(0),2(0),3(0)], numOfContainers=3, numOfBlocks=553
2019-06-13 22:27:28,314 INFO  commandhandler.DeleteBlocksCommandHandler (DeleteBlocksCommandHandler.java:handle(106)) - Start to delete container blocks, TXIDs=[1(0),2(0),3(0)], numOfContainers=3, numOfBlocks=553
2019-06-13 22:27:28,315 INFO  commandhandler.DeleteBlocksCommandHandler (DeleteBlocksCommandHandler.java:handle(106)) - Start to delete container blocks, TXIDs=[1(492),2(492),3(492)], numOfContainers=3, numOfBlocks=553
2019-06-13 22:27:28,315 INFO  commandhandler.DeleteBlocksCommandHandler (DeleteBlocksCommandHandler.java:handle(106)) - Start to delete container blocks, TXIDs=[1(0),2(0),3(0)], numOfContainers=3, numOfBlocks=553
2019-06-13 22:27:28,316 INFO  commandhandler.DeleteBlocksCommandHandler (DeleteBlocksCommandHandler.java:handle(106)) - Start to delete container blocks, TXIDs=[1(0),2(0),3(0)], numOfContainers=3, numOfBlocks=553
2019-06-13 22:27:28,317 INFO  commandhandler.DeleteBlocksCommandHandler (DeleteBlocksCommandHandler.java:handle(106)) - Start to delete container blocks, TXIDs=[1(0),2(0),3(0)], numOfContainers=3, numOfBlocks=553
2019-06-13 22:27:28,323 WARN  block.DeletedBlockLogImpl (DeletedBlockLogImpl.java:incrementCount(141)) - Deleted TXID not found.
2019-06-13 22:27:28,323 WARN  block.DeletedBlockLogImpl (DeletedBlockLogImpl.java:incrementCount(141)) - Deleted TXID not found.
2019-06-13 22:27:28,323 WARN  block.DeletedBlockLogImpl (DeletedBlockLogImpl.java:incrementCount(141)) - Deleted TXID not found.
2019-06-13 22:27:28,323 WARN  block.DeletedBlockLogImpl (DeletedBlockLogImpl.java:incrementCount(141)) - Deleted TXID not found.
2019-06-13 22:27:28,323 WARN  block.DeletedBlockLogImpl (DeletedBlockLogImpl.java:incrementCount(141)) - Deleted TXID not found.
2019-06-13 22:27:28,323 WARN  block.DeletedBlockLogImpl (DeletedBlockLogImpl.java:incrementCount(141)) - Deleted TXID not found.
2019-06-13 22:27:28,323 WARN  block.DeletedBlockLogImpl (DeletedBlockLogImpl.java:incrementCount(141)) - Deleted TXID not found.
2019-06-13 22:27:28,324 WARN  block.DeletedBlockLogImpl (DeletedBlockLogImpl.java:incrementCount(141)) - Deleted TXID not found.
2019-06-13 22:27:28,324 WARN  block.DeletedBlockLogImpl (DeletedBlockLogImpl.java:incrementCount(141)) - Deleted TXID not found.
2019-06-13 22:27:28,324 WARN  block.DeletedBlockLogImpl (DeletedBlockLogImpl.java:incrementCount(141)) - Deleted TXID not found.
2019-06-13 22:27:28,324 WARN  block.DeletedBlockLogImpl (DeletedBlockLogImpl.java:incrementCount(141)) - Deleted TXID not found.
2019-06-13 22:27:28,324 WARN  block.DeletedBlockLogImpl (DeletedBlockLogImpl.java:incrementCount(141)) - Deleted TXID not found.
2019-06-13 22:27:28,324 WARN  block.DeletedBlockLogImpl (DeletedBlockLogImpl.java:incrementCount(141)) - Deleted TXID not found.
2019-06-13 22:27:28,324 WARN  block.DeletedBlockLogImpl (DeletedBlockLogImpl.java:incrementCount(141)) - Deleted TXID not found.
2019-06-13 22:27:28,324 WARN  block.DeletedBlockLogImpl (DeletedBlockLogImpl.java:incrementCount(141)) - Deleted TXID not found.
2019-06-13 22:27:28,324 WARN  block.DeletedBlockLogImpl (DeletedBlockLogImpl.java:incrementCount(141)) - Deleted TXID not found.
2019-06-13 22:27:28,324 WARN  block.DeletedBlockLogImpl (DeletedBlockLogImpl.java:incrementCount(141)) - Deleted TXID not found.
2019-06-13 22:27:28,324 WARN  block.DeletedBlockLogImpl (DeletedBlockLogImpl.java:incrementCount(141)) - Deleted TXID not found.
2019-06-13 22:27:28,340 DEBUG block.DeletedBlockLogImpl (DeletedBlockLogImpl.java:isTransactionFailed(245)) - Got block deletion ACK from datanode, TXIDs=1, success=true
2019-06-13 22:27:28,340 WARN  block.DeletedBlockLogImpl (DeletedBlockLogImpl.java:commitTransactions(205)) - Transaction txId=1 commit by dnId=d5132e6f-def8-45c0-b0d2-c5ba43d86628 for containerID=#1 failed. Corresponding entry not found.
2019-06-13 22:27:28,340 DEBUG block.DeletedBlockLogImpl (DeletedBlockLogImpl.java:isTransactionFailed(245)) - Got block deletion ACK from datanode, TXIDs=1, success=true
2019-06-13 22:27:28,340 WARN  block.DeletedBlockLogImpl (DeletedBlockLogImpl.java:commitTransactions(205)) - Transaction txId=1 commit by dnId=d5132e6f-def8-45c0-b0d2-c5ba43d86628 for containerID=#1 failed. Corresponding entry not found.
2019-06-13 22:27:28,340 DEBUG block.DeletedBlockLogImpl (DeletedBlockLogImpl.java:isTransactionFailed(245)) - Got block deletion ACK from datanode, TXIDs=1, success=true
2019-06-13 22:27:28,340 WARN  block.DeletedBlockLogImpl (DeletedBlockLogImpl.java:commitTransactions(205)) - Transaction txId=1 commit by dnId=d5132e6f-def8-45c0-b0d2-c5ba43d86628 for containerID=#1 failed. Corresponding entry not found.
2019-06-13 22:27:28,340 DEBUG block.DeletedBlockLogImpl (DeletedBlockLogImpl.java:isTransactionFailed(245)) - Got block deletion ACK from datanode, TXIDs=1, success=true
2019-06-13 22:27:28,340 WARN  block.DeletedBlockLogImpl (DeletedBlockLogImpl.java:commitTransactions(205)) - Transaction txId=1 commit by dnId=d5132e6f-def8-45c0-b0d2-c5ba43d86628 for containerID=#1 failed. Corresponding entry not found.
2019-06-13 22:27:28,340 DEBUG block.DeletedBlockLogImpl (DeletedBlockLogImpl.java:isTransactionFailed(245)) - Got block deletion ACK from datanode, TXIDs=1, success=true
2019-06-13 22:27:28,340 WARN  block.DeletedBlockLogImpl (DeletedBlockLogImpl.java:commitTransactions(205)) - Transaction txId=1 commit by dnId=d5132e6f-def8-45c0-b0d2-c5ba43d86628 for containerID=#1 failed. Corresponding entry not found.
2019-06-13 22:27:28,340 DEBUG block.DeletedBlockLogImpl (DeletedBlockLogImpl.java:isTransactionFailed(245)) - Got block deletion ACK from datanode, TXIDs=1, success=true
2019-06-13 22:27:28,340 WARN  block.DeletedBlockLogImpl (DeletedBlockLogImpl.java:commitTransactions(205)) - Transaction txId=1 commit by dnId=d5132e6f-def8-45c0-b0d2-c5ba43d86628 for containerID=#1 failed. Corresponding entry not found.
2019-06-13 22:27:28,340 DEBUG block.DeletedBlockLogImpl (DeletedBlockLogImpl.java:isTransactionFailed(245)) - Got block deletion ACK from datanode, TXIDs=1, success=true
2019-06-13 22:27:28,340 WARN  block.DeletedBlockLogImpl (DeletedBlockLogImpl.java:commitTransactions(205)) - Transaction txId=1 commit by dnId=d5132e6f-def8-45c0-b0d2-c5ba43d86628 for containerID=#1 failed. Corresponding entry not found.
2019-06-13 22:27:28,340 DEBUG block.DeletedBlockLogImpl (DeletedBlockLogImpl.java:isTransactionFailed(245)) - Got block deletion ACK from datanode, TXIDs=1, success=true
2019-06-13 22:27:28,340 WARN  block.DeletedBlockLogImpl (DeletedBlockLogImpl.java:commitTransactions(205)) - Transaction txId=1 commit by dnId=d5132e6f-def8-45c0-b0d2-c5ba43d86628 for containerID=#1 failed. Corresponding entry not found.
2019-06-13 22:27:28,341 DEBUG block.DeletedBlockLogImpl (DeletedBlockLogImpl.java:isTransactionFailed(245)) - Got block deletion ACK from datanode, TXIDs=1, success=true
2019-06-13 22:27:28,341 WARN  block.DeletedBlockLogImpl (DeletedBlockLogImpl.java:commitTransactions(205)) - Transaction txId=1 commit by dnId=d5132e6f-def8-45c0-b0d2-c5ba43d86628 for containerID=#1 failed. Corresponding entry not found.
2019-06-13 22:27:28,341 DEBUG block.DeletedBlockLogImpl (DeletedBlockLogImpl.java:isTransactionFailed(245)) - Got block deletion ACK from datanode, TXIDs=1, success=true
2019-06-13 22:27:28,341 WARN  block.DeletedBlockLogImpl (DeletedBlockLogImpl.java:commitTransactions(205)) - Transaction txId=1 commit by dnId=d5132e6f-def8-45c0-b0d2-c5ba43d86628 for containerID=#1 failed. Corresponding entry not found.
2019-06-13 22:27:28,341 DEBUG block.DeletedBlockLogImpl (DeletedBlockLogImpl.java:isTransactionFailed(245)) - Got block deletion ACK from datanode, TXIDs=1, success=true
2019-06-13 22:27:28,341 WARN  block.DeletedBlockLogImpl (DeletedBlockLogImpl.java:commitTransactions(205)) - Transaction txId=1 commit by dnId=d5132e6f-def8-45c0-b0d2-c5ba43d86628 for containerID=#1 failed. Corresponding entry not found.
2019-06-13 22:27:28,341 DEBUG block.DeletedBlockLogImpl (DeletedBlockLogImpl.java:isTransactionFailed(245)) - Got block deletion ACK from datanode, TXIDs=1, success=true
2019-06-13 22:27:28,341 WARN  block.DeletedBlockLogImpl (DeletedBlockLogImpl.java:commitTransactions(205)) - Transaction txId=1 commit by dnId=d5132e6f-def8-45c0-b0d2-c5ba43d86628 for containerID=#1 failed. Corresponding entry not found.
2019-06-13 22:27:28,341 DEBUG block.DeletedBlockLogImpl (DeletedBlockLogImpl.java:isTransactionFailed(245)) - Got block deletion ACK from datanode, TXIDs=1, success=true
2019-06-13 22:27:28,341 WARN  block.DeletedBlockLogImpl (DeletedBlockLogImpl.java:commitTransactions(205)) - Transaction txId=1 commit by dnId=d5132e6f-def8-45c0-b0d2-c5ba43d86628 for containerID=#1 failed. Corresponding entry not found.
2019-06-13 22:27:28,341 DEBUG block.DeletedBlockLogImpl (DeletedBlockLogImpl.java:isTransactionFailed(245)) - Got block deletion ACK from datanode, TXIDs=1, success=true
2019-06-13 22:27:28,341 WARN  block.DeletedBlockLogImpl (DeletedBlockLogImpl.java:commitTransactions(205)) - Transaction txId=1 commit by dnId=d5132e6f-def8-45c0-b0d2-c5ba43d86628 for containerID=#1 failed. Corresponding entry not found.
2019-06-13 22:27:28,341 DEBUG block.DeletedBlockLogImpl (DeletedBlockLogImpl.java:isTransactionFailed(245)) - Got block deletion ACK from datanode, TXIDs=1, success=true
2019-06-13 22:27:28,342 WARN  block.DeletedBlockLogImpl (DeletedBlockLogImpl.java:commitTransactions(205)) - Transaction txId=1 commit by dnId=d5132e6f-def8-45c0-b0d2-c5ba43d86628 for containerID=#1 failed. Corresponding entry not found.
2019-06-13 22:27:28,342 DEBUG block.DeletedBlockLogImpl (DeletedBlockLogImpl.java:isTransactionFailed(245)) - Got block deletion ACK from datanode, TXIDs=1, success=true
2019-06-13 22:27:28,342 WARN  block.DeletedBlockLogImpl (DeletedBlockLogImpl.java:commitTransactions(205)) - Transaction txId=1 commit by dnId=d5132e6f-def8-45c0-b0d2-c5ba43d86628 for containerID=#1 failed. Corresponding entry not found.
2019-06-13 22:27:28,342 DEBUG block.DeletedBlockLogImpl (DeletedBlockLogImpl.java:isTransactionFailed(245)) - Got block deletion ACK from datanode, TXIDs=1, success=true
2019-06-13 22:27:28,342 WARN  block.DeletedBlockLogImpl (DeletedBlockLogImpl.java:commitTransactions(205)) - Transaction txId=1 commit by dnId=d5132e6f-def8-45c0-b0d2-c5ba43d86628 for containerID=#1 failed. Corresponding entry not found.
2019-06-13 22:27:28,342 DEBUG block.DeletedBlockLogImpl (DeletedBlockLogImpl.java:isTransactionFailed(245)) - Got block deletion ACK from datanode, TXIDs=1, success=true
2019-06-13 22:27:28,342 WARN  block.DeletedBlockLogImpl (DeletedBlockLogImpl.java:commitTransactions(205)) - Transaction txId=1 commit by dnId=d5132e6f-def8-45c0-b0d2-c5ba43d86628 for containerID=#1 failed. Corresponding entry not found.
2019-06-13 22:27:28,342 DEBUG block.DeletedBlockLogImpl (DeletedBlockLogImpl.java:isTransactionFailed(245)) - Got block deletion ACK from datanode, TXIDs=1, success=true
2019-06-13 22:27:28,342 WARN  block.DeletedBlockLogImpl (DeletedBlockLogImpl.java:commitTransactions(205)) - Transaction txId=1 commit by dnId=d5132e6f-def8-45c0-b0d2-c5ba43d86628 for containerID=#1 failed. Corresponding entry not found.
2019-06-13 22:27:28,342 DEBUG block.DeletedBlockLogImpl (DeletedBlockLogImpl.java:isTransactionFailed(245)) - Got block deletion ACK from datanode, TXIDs=1, success=true
2019-06-13 22:27:28,342 WARN  block.DeletedBlockLogImpl (DeletedBlockLogImpl.java:commitTransactions(205)) - Transaction txId=1 commit by dnId=d5132e6f-def8-45c0-b0d2-c5ba43d86628 for containerID=#1 failed. Corresponding entry not found.
2019-06-13 22:27:28,342 DEBUG block.DeletedBlockLogImpl (DeletedBlockLogImpl.java:isTransactionFailed(245)) - Got block deletion ACK from datanode, TXIDs=1, success=true
2019-06-13 22:27:28,342 WARN  block.DeletedBlockLogImpl (DeletedBlockLogImpl.java:commitTransactions(205)) - Transaction txId=1 commit by dnId=d5132e6f-def8-45c0-b0d2-c5ba43d86628 for containerID=#1 failed. Corresponding entry not found.
2019-06-13 22:27:28,342 DEBUG block.DeletedBlockLogImpl (DeletedBlockLogImpl.java:isTransactionFailed(245)) - Got block deletion ACK from datanode, TXIDs=1, success=true
2019-06-13 22:27:28,342 WARN  block.DeletedBlockLogImpl (DeletedBlockLogImpl.java:commitTransactions(205)) - Transaction txId=1 commit by dnId=d5132e6f-def8-45c0-b0d2-c5ba43d86628 for containerID=#1 failed. Corresponding entry not found.
2019-06-13 22:27:28,342 DEBUG block.DeletedBlockLogImpl (DeletedBlockLogImpl.java:isTransactionFailed(245)) - Got block deletion ACK from datanode, TXIDs=1, success=true
2019-06-13 22:27:28,342 WARN  block.DeletedBlockLogImpl (DeletedBlockLogImpl.java:commitTransactions(205)) - Transaction txId=1 commit by dnId=d5132e6f-def8-45c0-b0d2-c5ba43d86628 for containerID=#1 failed. Corresponding entry not found.
2019-06-13 22:27:28,342 DEBUG block.DeletedBlockLogImpl (DeletedBlockLogImpl.java:isTransactionFailed(245)) - Got block deletion ACK from datanode, TXIDs=1, success=true
2019-06-13 22:27:28,342 WARN  block.DeletedBlockLogImpl (DeletedBlockLogImpl.java:commitTransactions(205)) - Transaction txId=1 commit by dnId=d5132e6f-def8-45c0-b0d2-c5ba43d86628 for containerID=#1 failed. Corresponding entry not found.
2019-06-13 22:27:28,343 DEBUG block.DeletedBlockLogImpl (DeletedBlockLogImpl.java:isTransactionFailed(245)) - Got block deletion ACK from datanode, TXIDs=1, success=true
2019-06-13 22:27:28,343 WARN  block.DeletedBlockLogImpl (DeletedBlockLogImpl.java:commitTransactions(205)) - Transaction txId=1 commit by dnId=d5132e6f-def8-45c0-b0d2-c5ba43d86628 for containerID=#1 failed. Corresponding entry not found.
2019-06-13 22:27:28,343 DEBUG block.DeletedBlockLogImpl (DeletedBlockLogImpl.java:isTransactionFailed(245)) - Got block deletion ACK from datanode, TXIDs=1, success=true
2019-06-13 22:27:28,343 WARN  block.DeletedBlockLogImpl (DeletedBlockLogImpl.java:commitTransactions(205)) - Transaction txId=1 commit by dnId=d5132e6f-def8-45c0-b0d2-c5ba43d86628 for containerID=#1 failed. Corresponding entry not found.
2019-06-13 22:27:28,343 DEBUG block.DeletedBlockLogImpl (DeletedBlockLogImpl.java:isTransactionFailed(245)) - Got block deletion ACK from datanode, TXIDs=1, success=true
2019-06-13 22:27:28,343 WARN  block.DeletedBlockLogImpl (DeletedBlockLogImpl.java:commitTransactions(205)) - Transaction txId=1 commit by dnId=d5132e6f-def8-45c0-b0d2-c5ba43d86628 for containerID=#1 failed. Corresponding entry not found.
2019-06-13 22:27:28,343 WARN  events.EventWatcher (EventWatcher.java:lambda$start$0(110)) - Completion event without active lease. Id=1560464836927
2019-06-13 22:27:28,344 WARN  events.EventWatcher (EventWatcher.java:lambda$start$0(110)) - Completion event without active lease. Id=1560464836917
2019-06-13 22:27:28,344 WARN  events.EventWatcher (EventWatcher.java:lambda$start$0(110)) - Completion event without active lease. Id=1560464836918
2019-06-13 22:27:28,344 WARN  events.EventWatcher (EventWatcher.java:lambda$start$0(110)) - Completion event without active lease. Id=1560464836908
2019-06-13 22:27:28,344 WARN  events.EventWatcher (EventWatcher.java:lambda$start$0(110)) - Completion event without active lease. Id=1560464836928
2019-06-13 22:27:28,346 INFO  commands.RetriableDatanodeEventWatcher (RetriableDatanodeEventWatcher.java:onTimeout(47)) - RetriableDatanodeCommand type=deleteBlocksCommand with id=1560464836962 timed out. Retrying.
2019-06-13 22:27:28,354 DEBUG block.SCMBlockDeletingService (SCMBlockDeletingService.java:call(138)) - Running DeletedBlockTransactionScanner
2019-06-13 22:27:28,354 DEBUG block.SCMBlockDeletingService (SCMBlockDeletingService.java:call(155)) - Scanned deleted blocks log and got 0 delTX to process.
2019-06-13 22:27:28,446 INFO  commands.RetriableDatanodeEventWatcher (RetriableDatanodeEventWatcher.java:onTimeout(47)) - RetriableDatanodeCommand type=deleteBlocksCommand with id=1560464836963 timed out. Retrying.
2019-06-13 22:27:28,454 DEBUG block.SCMBlockDeletingService (SCMBlockDeletingService.java:call(138)) - Running DeletedBlockTransactionScanner
2019-06-13 22:27:28,455 DEBUG block.SCMBlockDeletingService (SCMBlockDeletingService.java:call(155)) - Scanned deleted blocks log and got 0 delTX to process.
2019-06-13 22:27:28,523 WARN  block.DeletedBlockLogImpl (DeletedBlockLogImpl.java:incrementCount(141)) - Deleted TXID not found.
2019-06-13 22:27:28,523 WARN  block.DeletedBlockLogImpl (DeletedBlockLogImpl.java:incrementCount(141)) - Deleted TXID not found.
2019-06-13 22:27:28,523 WARN  block.DeletedBlockLogImpl (DeletedBlockLogImpl.java:incrementCount(141)) - Deleted TXID not found.
2019-06-13 22:27:28,523 WARN  block.DeletedBlockLogImpl (DeletedBlockLogImpl.java:incrementCount(141)) - Deleted TXID not found.
2019-06-13 22:27:28,523 WARN  block.DeletedBlockLogImpl (DeletedBlockLogImpl.java:incrementCount(141)) - Deleted TXID not found.
2019-06-13 22:27:28,524 WARN  block.DeletedBlockLogImpl (DeletedBlockLogImpl.java:incrementCount(141)) - Deleted TXID not found.
2019-06-13 22:27:28,526 WARN  events.EventWatcher (EventWatcher.java:lambda$start$0(110)) - Completion event without active lease. Id=1560464836920
2019-06-13 22:27:28,526 WARN  events.EventWatcher (EventWatcher.java:lambda$start$0(110)) - Completion event without active lease. Id=1560464836919
2019-06-13 22:27:28,526 WARN  events.EventWatcher (EventWatcher.java:lambda$start$0(110)) - Completion event without active lease. Id=1560464836909
2019-06-13 22:27:28,526 WARN  events.EventWatcher (EventWatcher.java:lambda$start$0(110)) - Completion event without active lease. Id=1560464836949
2019-06-13 22:27:28,526 WARN  events.EventWatcher (EventWatcher.java:lambda$start$0(110)) - Completion event without active lease. Id=1560464836950
2019-06-13 22:27:28,527 WARN  events.EventWatcher (EventWatcher.java:lambda$start$0(110)) - Completion event without active lease. Id=1560464836939
2019-06-13 22:27:28,527 WARN  events.EventWatcher (EventWatcher.java:lambda$start$0(110)) - Completion event without active lease. Id=1560464836940
2019-06-13 22:27:28,527 WARN  events.EventWatcher (EventWatcher.java:lambda$start$0(110)) - Completion event without active lease. Id=1560464836929
2019-06-13 22:27:28,527 WARN  events.EventWatcher (EventWatcher.java:lambda$start$0(110)) - Completion event without active lease. Id=1560464836930
2019-06-13 22:27:28,527 DEBUG block.DeletedBlockLogImpl (DeletedBlockLogImpl.java:isTransactionFailed(245)) - Got block deletion ACK from datanode, TXIDs=1, success=true
2019-06-13 22:27:28,527 WARN  block.DeletedBlockLogImpl (DeletedBlockLogImpl.java:commitTransactions(205)) - Transaction txId=1 commit by dnId=d5132e6f-def8-45c0-b0d2-c5ba43d86628 for containerID=#1 failed. Corresponding entry not found.
2019-06-13 22:27:28,527 DEBUG block.DeletedBlockLogImpl (DeletedBlockLogImpl.java:isTransactionFailed(245)) - Got block deletion ACK from datanode, TXIDs=1, success=true
2019-06-13 22:27:28,527 WARN  block.DeletedBlockLogImpl (DeletedBlockLogImpl.java:commitTransactions(205)) - Transaction txId=1 commit by dnId=d5132e6f-def8-45c0-b0d2-c5ba43d86628 for containerID=#1 failed. Corresponding entry not found.
2019-06-13 22:27:28,527 DEBUG block.DeletedBlockLogImpl (DeletedBlockLogImpl.java:isTransactionFailed(245)) - Got block deletion ACK from datanode, TXIDs=1, success=true
2019-06-13 22:27:28,527 WARN  block.DeletedBlockLogImpl (DeletedBlockLogImpl.java:commitTransactions(205)) - Transaction txId=1 commit by dnId=d5132e6f-def8-45c0-b0d2-c5ba43d86628 for containerID=#1 failed. Corresponding entry not found.
2019-06-13 22:27:28,527 DEBUG block.DeletedBlockLogImpl (DeletedBlockLogImpl.java:isTransactionFailed(245)) - Got block deletion ACK from datanode, TXIDs=1, success=true
2019-06-13 22:27:28,528 WARN  block.DeletedBlockLogImpl (DeletedBlockLogImpl.java:commitTransactions(205)) - Transaction txId=1 commit by dnId=d5132e6f-def8-45c0-b0d2-c5ba43d86628 for containerID=#1 failed. Corresponding entry not found.
2019-06-13 22:27:28,528 DEBUG block.DeletedBlockLogImpl (DeletedBlockLogImpl.java:isTransactionFailed(245)) - Got block deletion ACK from datanode, TXIDs=1, success=true
2019-06-13 22:27:28,528 WARN  block.DeletedBlockLogImpl (DeletedBlockLogImpl.java:commitTransactions(205)) - Transaction txId=1 commit by dnId=d5132e6f-def8-45c0-b0d2-c5ba43d86628 for containerID=#1 failed. Corresponding entry not found.
2019-06-13 22:27:28,528 DEBUG block.DeletedBlockLogImpl (DeletedBlockLogImpl.java:isTransactionFailed(245)) - Got block deletion ACK from datanode, TXIDs=1, success=true
2019-06-13 22:27:28,528 WARN  block.DeletedBlockLogImpl (DeletedBlockLogImpl.java:commitTransactions(205)) - Transaction txId=1 commit by dnId=d5132e6f-def8-45c0-b0d2-c5ba43d86628 for containerID=#1 failed. Corresponding entry not found.
2019-06-13 22:27:28,528 DEBUG block.DeletedBlockLogImpl (DeletedBlockLogImpl.java:isTransactionFailed(245)) - Got block deletion ACK from datanode, TXIDs=1, success=true
2019-06-13 22:27:28,528 WARN  block.DeletedBlockLogImpl (DeletedBlockLogImpl.java:commitTransactions(205)) - Transaction txId=1 commit by dnId=d5132e6f-def8-45c0-b0d2-c5ba43d86628 for containerID=#1 failed. Corresponding entry not found.
2019-06-13 22:27:28,528 DEBUG block.DeletedBlockLogImpl (DeletedBlockLogImpl.java:isTransactionFailed(245)) - Got block deletion ACK from datanode, TXIDs=1, success=true
2019-06-13 22:27:28,528 WARN  block.DeletedBlockLogImpl (DeletedBlockLogImpl.java:commitTransactions(205)) - Transaction txId=1 commit by dnId=d5132e6f-def8-45c0-b0d2-c5ba43d86628 for containerID=#1 failed. Corresponding entry not found.
2019-06-13 22:27:28,528 DEBUG block.DeletedBlockLogImpl (DeletedBlockLogImpl.java:isTransactionFailed(245)) - Got block deletion ACK from datanode, TXIDs=1, success=true
2019-06-13 22:27:28,528 WARN  block.DeletedBlockLogImpl (DeletedBlockLogImpl.java:commitTransactions(205)) - Transaction txId=1 commit by dnId=d5132e6f-def8-45c0-b0d2-c5ba43d86628 for containerID=#1 failed. Corresponding entry not found.
2019-06-13 22:27:28,528 DEBUG block.DeletedBlockLogImpl (DeletedBlockLogImpl.java:isTransactionFailed(245)) - Got block deletion ACK from datanode, TXIDs=1, success=true
2019-06-13 22:27:28,528 WARN  block.DeletedBlockLogImpl (DeletedBlockLogImpl.java:commitTransactions(205)) - Transaction txId=1 commit by dnId=d5132e6f-def8-45c0-b0d2-c5ba43d86628 for containerID=#1 failed. Corresponding entry not found.
2019-06-13 22:27:28,528 DEBUG block.DeletedBlockLogImpl (DeletedBlockLogImpl.java:isTransactionFailed(245)) - Got block deletion ACK from datanode, TXIDs=1, success=true
2019-06-13 22:27:28,528 WARN  block.DeletedBlockLogImpl (DeletedBlockLogImpl.java:commitTransactions(205)) - Transaction txId=1 commit by dnId=d5132e6f-def8-45c0-b0d2-c5ba43d86628 for containerID=#1 failed. Corresponding entry not found.
2019-06-13 22:27:28,528 DEBUG block.DeletedBlockLogImpl (DeletedBlockLogImpl.java:isTransactionFailed(245)) - Got block deletion ACK from datanode, TXIDs=1, success=true
2019-06-13 22:27:28,528 WARN  block.DeletedBlockLogImpl (DeletedBlockLogImpl.java:commitTransactions(205)) - Transaction txId=1 commit by dnId=d5132e6f-def8-45c0-b0d2-c5ba43d86628 for containerID=#1 failed. Corresponding entry not found.
2019-06-13 22:27:28,529 DEBUG block.DeletedBlockLogImpl (DeletedBlockLogImpl.java:isTransactionFailed(245)) - Got block deletion ACK from datanode, TXIDs=1, success=true
2019-06-13 22:27:28,529 WARN  block.DeletedBlockLogImpl (DeletedBlockLogImpl.java:commitTransactions(205)) - Transaction txId=1 commit by dnId=d5132e6f-def8-45c0-b0d2-c5ba43d86628 for containerID=#1 failed. Corresponding entry not found.
2019-06-13 22:27:28,529 DEBUG block.DeletedBlockLogImpl (DeletedBlockLogImpl.java:isTransactionFailed(245)) - Got block deletion ACK from datanode, TXIDs=1, success=true
2019-06-13 22:27:28,529 WARN  block.DeletedBlockLogImpl (DeletedBlockLogImpl.java:commitTransactions(205)) - Transaction txId=1 commit by dnId=d5132e6f-def8-45c0-b0d2-c5ba43d86628 for containerID=#1 failed. Corresponding entry not found.
2019-06-13 22:27:28,529 DEBUG block.DeletedBlockLogImpl (DeletedBlockLogImpl.java:isTransactionFailed(245)) - Got block deletion ACK from datanode, TXIDs=1, success=true
2019-06-13 22:27:28,529 WARN  block.DeletedBlockLogImpl (DeletedBlockLogImpl.java:commitTransactions(205)) - Transaction txId=1 commit by dnId=d5132e6f-def8-45c0-b0d2-c5ba43d86628 for containerID=#1 failed. Corresponding entry not found.
2019-06-13 22:27:28,529 DEBUG block.DeletedBlockLogImpl (DeletedBlockLogImpl.java:isTransactionFailed(245)) - Got block deletion ACK from datanode, TXIDs=1, success=true
2019-06-13 22:27:28,529 WARN  block.DeletedBlockLogImpl (DeletedBlockLogImpl.java:commitTransactions(205)) - Transaction txId=1 commit by dnId=d5132e6f-def8-45c0-b0d2-c5ba43d86628 for containerID=#1 failed. Corresponding entry not found.
2019-06-13 22:27:28,555 DEBUG block.SCMBlockDeletingService (SCMBlockDeletingService.java:call(138)) - Running DeletedBlockTransactionScanner
2019-06-13 22:27:28,555 DEBUG block.SCMBlockDeletingService (SCMBlockDeletingService.java:call(155)) - Scanned deleted blocks log and got 0 delTX to process.
2019-06-13 22:27:28,655 DEBUG block.SCMBlockDeletingService (SCMBlockDeletingService.java:call(138)) - Running DeletedBlockTransactionScanner
2019-06-13 22:27:28,656 DEBUG block.SCMBlockDeletingService (SCMBlockDeletingService.java:call(155)) - Scanned deleted blocks log and got 0 delTX to process.
2019-06-13 22:27:28,756 DEBUG block.SCMBlockDeletingService (SCMBlockDeletingService.java:call(138)) - Running DeletedBlockTransactionScanner
2019-06-13 22:27:28,756 DEBUG block.SCMBlockDeletingService (SCMBlockDeletingService.java:call(155)) - Scanned deleted blocks log and got 0 delTX to process.
]]></system-out>
    <system-err><![CDATA[ERROR StatusLogger No Log4j 2 configuration file found. Using default configuration (logging only errors to the console), or user programmatically provided configurations. Set system property 'log4j2.debug' to show Log4j 2 internal initialization logging. See https://logging.apache.org/log4j/2.x/manual/configuration.html for instructions on how to configure Log4j 2
Jun 13, 2019 10:26:19 PM com.sun.jersey.server.impl.application.WebApplicationImpl _initiate
INFO: Initiating Jersey application, version 'Jersey: 1.19 02/11/2015 03:25 AM'
Jun 13, 2019 10:27:20 PM com.sun.jersey.server.impl.application.WebApplicationImpl _initiate
INFO: Initiating Jersey application, version 'Jersey: 1.19 02/11/2015 03:25 AM'
]]></system-err>
  </testcase>
</testsuite>