<?xml version="1.0" encoding="UTF-8"?>
<testsuite xmlns:xsi="http://www.w3.org/2001/XMLSchema-instance" xsi:noNamespaceSchemaLocation="https://maven.apache.org/surefire/maven-surefire-plugin/xsd/surefire-test-report.xsd" name="org.apache.hadoop.hdds.scm.pipeline.TestNodeFailure" time="12.754" tests="1" errors="0" skipped="1" failures="0">
  <properties>
    <property name="awt.toolkit" value="sun.awt.X11.XToolkit"/>
    <property name="file.encoding.pkg" value="sun.io"/>
    <property name="java.specification.version" value="1.8"/>
    <property name="sun.cpu.isalist" value=""/>
    <property name="sun.jnu.encoding" value="UTF-8"/>
    <property name="java.class.path" value="/opt/src/hadoop-ozone/integration-test/target/test-classes:/opt/src/hadoop-ozone/integration-test/target/classes:/root/.m2/repository/org/apache/hadoop/hadoop-ozone-common/0.5.0-SNAPSHOT/hadoop-ozone-common-0.5.0-SNAPSHOT.jar:/root/.m2/repository/org/apache/commons/commons-compress/1.4.1/commons-compress-1.4.1.jar:/root/.m2/repository/org/tukaani/xz/1.0/xz-1.0.jar:/root/.m2/repository/org/apache/hadoop/hadoop-common/3.2.0/hadoop-common-3.2.0.jar:/root/.m2/repository/org/apache/hadoop/hadoop-hdfs/3.2.0/hadoop-hdfs-3.2.0.jar:/root/.m2/repository/org/apache/hadoop/hadoop-hdfs-client/3.2.0/hadoop-hdfs-client-3.2.0.jar:/root/.m2/repository/com/fasterxml/jackson/core/jackson-annotations/2.9.5/jackson-annotations-2.9.5.jar:/root/.m2/repository/org/apache/hadoop/hadoop-hdds-common/0.5.0-SNAPSHOT/hadoop-hdds-common-0.5.0-SNAPSHOT.jar:/root/.m2/repository/javax/annotation/javax.annotation-api/1.2/javax.annotation-api-1.2.jar:/root/.m2/repository/org/apache/ratis/ratis-server/0.4.0-fe2b15d-SNAPSHOT/ratis-server-0.4.0-fe2b15d-SNAPSHOT.jar:/root/.m2/repository/org/apache/ratis/ratis-thirdparty-misc/0.2.0/ratis-thirdparty-misc-0.2.0.jar:/root/.m2/repository/org/apache/ratis/ratis-proto/0.4.0-fe2b15d-SNAPSHOT/ratis-proto-0.4.0-fe2b15d-SNAPSHOT.jar:/root/.m2/repository/org/apache/ratis/ratis-common/0.4.0-fe2b15d-SNAPSHOT/ratis-common-0.4.0-fe2b15d-SNAPSHOT.jar:/root/.m2/repository/org/apache/ratis/ratis-client/0.4.0-fe2b15d-SNAPSHOT/ratis-client-0.4.0-fe2b15d-SNAPSHOT.jar:/root/.m2/repository/org/apache/ratis/ratis-netty/0.4.0-fe2b15d-SNAPSHOT/ratis-netty-0.4.0-fe2b15d-SNAPSHOT.jar:/root/.m2/repository/org/apache/ratis/ratis-grpc/0.4.0-fe2b15d-SNAPSHOT/ratis-grpc-0.4.0-fe2b15d-SNAPSHOT.jar:/root/.m2/repository/org/rocksdb/rocksdbjni/5.14.2/rocksdbjni-5.14.2.jar:/root/.m2/repository/org/apache/logging/log4j/log4j-api/2.11.0/log4j-api-2.11.0.jar:/root/.m2/repository/org/apache/logging/log4j/log4j-core/2.11.0/log4j-core-2.11.0.jar:/root/.m2/repository/com/lmax/disruptor/3.4.2/disruptor-3.4.2.jar:/root/.m2/repository/org/apache/commons/commons-pool2/2.6.0/commons-pool2-2.6.0.jar:/root/.m2/repository/org/bouncycastle/bcpkix-jdk15on/1.60/bcpkix-jdk15on-1.60.jar:/root/.m2/repository/commons-validator/commons-validator/1.6/commons-validator-1.6.jar:/root/.m2/repository/commons-digester/commons-digester/1.8.1/commons-digester-1.8.1.jar:/root/.m2/repository/io/jaegertracing/jaeger-client/0.33.1/jaeger-client-0.33.1.jar:/root/.m2/repository/io/jaegertracing/jaeger-thrift/0.33.1/jaeger-thrift-0.33.1.jar:/root/.m2/repository/org/apache/thrift/libthrift/0.11.0/libthrift-0.11.0.jar:/root/.m2/repository/com/squareup/okhttp3/okhttp/3.9.0/okhttp-3.9.0.jar:/root/.m2/repository/com/squareup/okio/okio/1.13.0/okio-1.13.0.jar:/root/.m2/repository/io/jaegertracing/jaeger-core/0.33.1/jaeger-core-0.33.1.jar:/root/.m2/repository/io/jaegertracing/jaeger-tracerresolver/0.33.1/jaeger-tracerresolver-0.33.1.jar:/root/.m2/repository/io/opentracing/contrib/opentracing-tracerresolver/0.1.5/opentracing-tracerresolver-0.1.5.jar:/root/.m2/repository/io/opentracing/opentracing-util/0.31.0/opentracing-util-0.31.0.jar:/root/.m2/repository/io/opentracing/opentracing-api/0.31.0/opentracing-api-0.31.0.jar:/root/.m2/repository/io/opentracing/opentracing-noop/0.31.0/opentracing-noop-0.31.0.jar:/root/.m2/repository/org/apache/hadoop/hadoop-hdds-server-framework/0.5.0-SNAPSHOT/hadoop-hdds-server-framework-0.5.0-SNAPSHOT.jar:/root/.m2/repository/org/apache/hadoop/hadoop-hdds-server-scm/0.5.0-SNAPSHOT/hadoop-hdds-server-scm-0.5.0-SNAPSHOT.jar:/root/.m2/repository/org/apache/hadoop/hadoop-hdds-container-service/0.5.0-SNAPSHOT/hadoop-hdds-container-service-0.5.0-SNAPSHOT.jar:/root/.m2/repository/org/apache/hadoop/hadoop-hdds-client/0.5.0-SNAPSHOT/hadoop-hdds-client-0.5.0-SNAPSHOT.jar:/root/.m2/repository/org/apache/hadoop/hadoop-hdds-tools/0.5.0-SNAPSHOT/hadoop-hdds-tools-0.5.0-SNAPSHOT.jar:/root/.m2/repository/org/apache/hadoop/hadoop-ozone-ozone-manager/0.5.0-SNAPSHOT/hadoop-ozone-ozone-manager-0.5.0-SNAPSHOT.jar:/root/.m2/repository/org/apache/hadoop/hadoop-hdds-docs/0.5.0-SNAPSHOT/hadoop-hdds-docs-0.5.0-SNAPSHOT.jar:/root/.m2/repository/org/bouncycastle/bcprov-jdk15on/1.60/bcprov-jdk15on-1.60.jar:/root/.m2/repository/org/apache/hadoop/hadoop-minikdc/3.2.0/hadoop-minikdc-3.2.0.jar:/root/.m2/repository/commons-io/commons-io/2.5/commons-io-2.5.jar:/root/.m2/repository/org/apache/kerby/kerb-simplekdc/1.0.1/kerb-simplekdc-1.0.1.jar:/root/.m2/repository/org/apache/kerby/kerb-client/1.0.1/kerb-client-1.0.1.jar:/root/.m2/repository/org/apache/kerby/kerby-config/1.0.1/kerby-config-1.0.1.jar:/root/.m2/repository/org/apache/kerby/kerb-core/1.0.1/kerb-core-1.0.1.jar:/root/.m2/repository/org/apache/kerby/kerby-pkix/1.0.1/kerby-pkix-1.0.1.jar:/root/.m2/repository/org/apache/kerby/kerby-asn1/1.0.1/kerby-asn1-1.0.1.jar:/root/.m2/repository/org/apache/kerby/kerby-util/1.0.1/kerby-util-1.0.1.jar:/root/.m2/repository/org/apache/kerby/kerb-common/1.0.1/kerb-common-1.0.1.jar:/root/.m2/repository/org/apache/kerby/kerb-crypto/1.0.1/kerb-crypto-1.0.1.jar:/root/.m2/repository/org/apache/kerby/kerb-util/1.0.1/kerb-util-1.0.1.jar:/root/.m2/repository/org/apache/kerby/token-provider/1.0.1/token-provider-1.0.1.jar:/root/.m2/repository/org/apache/kerby/kerb-admin/1.0.1/kerb-admin-1.0.1.jar:/root/.m2/repository/org/apache/kerby/kerb-server/1.0.1/kerb-server-1.0.1.jar:/root/.m2/repository/org/apache/kerby/kerb-identity/1.0.1/kerb-identity-1.0.1.jar:/root/.m2/repository/org/apache/kerby/kerby-xdr/1.0.1/kerby-xdr-1.0.1.jar:/root/.m2/repository/org/slf4j/slf4j-log4j12/1.7.25/slf4j-log4j12-1.7.25.jar:/root/.m2/repository/org/apache/hadoop/hadoop-ozone-objectstore-service/0.5.0-SNAPSHOT/hadoop-ozone-objectstore-service-0.5.0-SNAPSHOT.jar:/root/.m2/repository/org/apache/hadoop/hadoop-ozone-s3gateway/0.5.0-SNAPSHOT/hadoop-ozone-s3gateway-0.5.0-SNAPSHOT.jar:/root/.m2/repository/org/jboss/weld/servlet/weld-servlet/2.4.7.Final/weld-servlet-2.4.7.Final.jar:/root/.m2/repository/org/glassfish/jersey/containers/jersey-container-servlet-core/2.27/jersey-container-servlet-core-2.27.jar:/root/.m2/repository/org/glassfish/hk2/external/javax.inject/2.5.0-b42/javax.inject-2.5.0-b42.jar:/root/.m2/repository/org/glassfish/jersey/core/jersey-common/2.27/jersey-common-2.27.jar:/root/.m2/repository/org/glassfish/hk2/osgi-resource-locator/1.0.1/osgi-resource-locator-1.0.1.jar:/root/.m2/repository/javax/ws/rs/javax.ws.rs-api/2.1/javax.ws.rs-api-2.1.jar:/root/.m2/repository/org/glassfish/jersey/ext/cdi/jersey-cdi1x/2.27/jersey-cdi1x-2.27.jar:/root/.m2/repository/org/glassfish/jersey/inject/jersey-hk2/2.27/jersey-hk2-2.27.jar:/root/.m2/repository/org/glassfish/hk2/hk2-locator/2.5.0-b42/hk2-locator-2.5.0-b42.jar:/root/.m2/repository/org/javassist/javassist/3.22.0-CR2/javassist-3.22.0-CR2.jar:/root/.m2/repository/org/glassfish/hk2/hk2-api/2.5.0/hk2-api-2.5.0.jar:/root/.m2/repository/org/glassfish/hk2/external/jakarta.inject/2.5.0/jakarta.inject-2.5.0.jar:/root/.m2/repository/org/glassfish/hk2/hk2-utils/2.5.0/hk2-utils-2.5.0.jar:/root/.m2/repository/jakarta/annotation/jakarta.annotation-api/1.3.4/jakarta.annotation-api-1.3.4.jar:/root/.m2/repository/org/glassfish/hk2/external/aopalliance-repackaged/2.5.0/aopalliance-repackaged-2.5.0.jar:/root/.m2/repository/com/fasterxml/jackson/dataformat/jackson-dataformat-xml/2.9.0/jackson-dataformat-xml-2.9.0.jar:/root/.m2/repository/com/fasterxml/jackson/core/jackson-core/2.9.5/jackson-core-2.9.5.jar:/root/.m2/repository/com/fasterxml/jackson/module/jackson-module-jaxb-annotations/2.9.5/jackson-module-jaxb-annotations-2.9.5.jar:/root/.m2/repository/javax/enterprise/cdi-api/1.2/cdi-api-1.2.jar:/root/.m2/repository/javax/el/javax.el-api/3.0.0/javax.el-api-3.0.0.jar:/root/.m2/repository/javax/interceptor/javax.interceptor-api/1.2/javax.interceptor-api-1.2.jar:/root/.m2/repository/javax/inject/javax.inject/1/javax.inject-1.jar:/root/.m2/repository/com/sun/xml/bind/jaxb-impl/2.3.0.1/jaxb-impl-2.3.0.1.jar:/root/.m2/repository/com/sun/xml/bind/jaxb-core/2.3.0.1/jaxb-core-2.3.0.1.jar:/root/.m2/repository/javax/xml/bind/jaxb-api/2.3.0/jaxb-api-2.3.0.jar:/root/.m2/repository/javax/activation/activation/1.1.1/activation-1.1.1.jar:/root/.m2/repository/org/apache/hadoop/hadoop-ozone-csi/0.5.0-SNAPSHOT/hadoop-ozone-csi-0.5.0-SNAPSHOT.jar:/root/.m2/repository/com/google/protobuf/protobuf-java-util/3.5.1/protobuf-java-util-3.5.1.jar:/root/.m2/repository/org/apache/hadoop/hadoop-hdds-config/0.5.0-SNAPSHOT/hadoop-hdds-config-0.5.0-SNAPSHOT.jar:/root/.m2/repository/com/google/guava/guava/11.0.2/guava-11.0.2.jar:/root/.m2/repository/com/google/protobuf/protobuf-java/2.5.0/protobuf-java-2.5.0.jar:/root/.m2/repository/io/grpc/grpc-netty/1.17.1/grpc-netty-1.17.1.jar:/root/.m2/repository/io/grpc/grpc-core/1.17.1/grpc-core-1.17.1.jar:/root/.m2/repository/io/grpc/grpc-context/1.17.1/grpc-context-1.17.1.jar:/root/.m2/repository/com/google/errorprone/error_prone_annotations/2.2.0/error_prone_annotations-2.2.0.jar:/root/.m2/repository/org/codehaus/mojo/animal-sniffer-annotations/1.17/animal-sniffer-annotations-1.17.jar:/root/.m2/repository/io/opencensus/opencensus-api/0.17.0/opencensus-api-0.17.0.jar:/root/.m2/repository/io/opencensus/opencensus-contrib-grpc-metrics/0.17.0/opencensus-contrib-grpc-metrics-0.17.0.jar:/root/.m2/repository/io/netty/netty-codec-http2/4.1.30.Final/netty-codec-http2-4.1.30.Final.jar:/root/.m2/repository/io/netty/netty-codec-http/4.1.30.Final/netty-codec-http-4.1.30.Final.jar:/root/.m2/repository/io/netty/netty-codec/4.1.30.Final/netty-codec-4.1.30.Final.jar:/root/.m2/repository/io/netty/netty-handler/4.1.30.Final/netty-handler-4.1.30.Final.jar:/root/.m2/repository/io/netty/netty-handler-proxy/4.1.30.Final/netty-handler-proxy-4.1.30.Final.jar:/root/.m2/repository/io/netty/netty-codec-socks/4.1.30.Final/netty-codec-socks-4.1.30.Final.jar:/root/.m2/repository/io/netty/netty-transport-native-epoll/4.1.30.Final/netty-transport-native-epoll-4.1.30.Final.jar:/root/.m2/repository/io/netty/netty-common/4.1.30.Final/netty-common-4.1.30.Final.jar:/root/.m2/repository/io/netty/netty-buffer/4.1.30.Final/netty-buffer-4.1.30.Final.jar:/root/.m2/repository/io/netty/netty-transport/4.1.30.Final/netty-transport-4.1.30.Final.jar:/root/.m2/repository/io/netty/netty-resolver/4.1.30.Final/netty-resolver-4.1.30.Final.jar:/root/.m2/repository/io/netty/netty-transport-native-unix-common/4.1.30.Final/netty-transport-native-unix-common-4.1.30.Final.jar:/root/.m2/repository/io/grpc/grpc-protobuf/1.17.1/grpc-protobuf-1.17.1.jar:/root/.m2/repository/com/google/api/grpc/proto-google-common-protos/1.0.0/proto-google-common-protos-1.0.0.jar:/root/.m2/repository/io/grpc/grpc-protobuf-lite/1.17.1/grpc-protobuf-lite-1.17.1.jar:/root/.m2/repository/io/grpc/grpc-stub/1.17.1/grpc-stub-1.17.1.jar:/root/.m2/repository/org/apache/hadoop/hadoop-ozone-recon/0.5.0-SNAPSHOT/hadoop-ozone-recon-0.5.0-SNAPSHOT.jar:/root/.m2/repository/org/apache/hadoop/hadoop-ozone-reconcodegen/0.5.0-SNAPSHOT/hadoop-ozone-reconcodegen-0.5.0-SNAPSHOT.jar:/root/.m2/repository/com/google/inject/extensions/guice-multibindings/4.0/guice-multibindings-4.0.jar:/root/.m2/repository/com/google/inject/guice/4.0/guice-4.0.jar:/root/.m2/repository/aopalliance/aopalliance/1.0/aopalliance-1.0.jar:/root/.m2/repository/com/google/inject/extensions/guice-servlet/4.0/guice-servlet-4.0.jar:/root/.m2/repository/org/glassfish/jersey/containers/jersey-container-servlet/2.27/jersey-container-servlet-2.27.jar:/root/.m2/repository/org/glassfish/hk2/guice-bridge/2.5.0/guice-bridge-2.5.0.jar:/root/.m2/repository/org/glassfish/jersey/core/jersey-server/2.27/jersey-server-2.27.jar:/root/.m2/repository/org/glassfish/jersey/core/jersey-client/2.27/jersey-client-2.27.jar:/root/.m2/repository/org/glassfish/jersey/media/jersey-media-jaxb/2.27/jersey-media-jaxb-2.27.jar:/root/.m2/repository/javax/validation/validation-api/1.1.0.Final/validation-api-1.1.0.Final.jar:/root/.m2/repository/org/glassfish/jersey/media/jersey-media-json-jackson/2.27/jersey-media-json-jackson-2.27.jar:/root/.m2/repository/org/glassfish/jersey/ext/jersey-entity-filtering/2.27/jersey-entity-filtering-2.27.jar:/root/.m2/repository/com/google/inject/extensions/guice-assistedinject/4.0/guice-assistedinject-4.0.jar:/root/.m2/repository/org/jooq/jooq/3.11.10/jooq-3.11.10.jar:/root/.m2/repository/org/jooq/jooq-meta/3.11.10/jooq-meta-3.11.10.jar:/root/.m2/repository/org/jooq/jooq-codegen/3.11.10/jooq-codegen-3.11.10.jar:/root/.m2/repository/com/jolbox/bonecp/0.8.0.RELEASE/bonecp-0.8.0.RELEASE.jar:/root/.m2/repository/org/xerial/sqlite-jdbc/3.25.2/sqlite-jdbc-3.25.2.jar:/root/.m2/repository/org/springframework/spring-jdbc/5.1.3.RELEASE/spring-jdbc-5.1.3.RELEASE.jar:/root/.m2/repository/org/springframework/spring-beans/5.1.3.RELEASE/spring-beans-5.1.3.RELEASE.jar:/root/.m2/repository/org/springframework/spring-core/5.1.3.RELEASE/spring-core-5.1.3.RELEASE.jar:/root/.m2/repository/org/springframework/spring-jcl/5.1.3.RELEASE/spring-jcl-5.1.3.RELEASE.jar:/root/.m2/repository/org/springframework/spring-tx/5.1.3.RELEASE/spring-tx-5.1.3.RELEASE.jar:/root/.m2/repository/org/apache/hadoop/hadoop-ozone-client/0.5.0-SNAPSHOT/hadoop-ozone-client-0.5.0-SNAPSHOT.jar:/root/.m2/repository/org/apache/hadoop/hadoop-ozone-ozone-manager/0.5.0-SNAPSHOT/hadoop-ozone-ozone-manager-0.5.0-SNAPSHOT-tests.jar:/root/.m2/repository/junit/junit/4.11/junit-4.11.jar:/root/.m2/repository/org/hamcrest/hamcrest-core/1.3/hamcrest-core-1.3.jar:/root/.m2/repository/org/openjdk/jmh/jmh-core/1.19/jmh-core-1.19.jar:/root/.m2/repository/net/sf/jopt-simple/jopt-simple/4.6/jopt-simple-4.6.jar:/root/.m2/repository/org/apache/commons/commons-math3/3.1.1/commons-math3-3.1.1.jar:/root/.m2/repository/org/openjdk/jmh/jmh-generator-annprocess/1.19/jmh-generator-annprocess-1.19.jar:/root/.m2/repository/org/mockito/mockito-all/1.8.5/mockito-all-1.8.5.jar:/root/.m2/repository/org/apache/hadoop/hadoop-kms/3.2.0/hadoop-kms-3.2.0.jar:/root/.m2/repository/org/apache/hadoop/hadoop-auth/3.2.0/hadoop-auth-3.2.0.jar:/root/.m2/repository/com/nimbusds/nimbus-jose-jwt/4.41.1/nimbus-jose-jwt-4.41.1.jar:/root/.m2/repository/com/github/stephenc/jcip/jcip-annotations/1.0-1/jcip-annotations-1.0-1.jar:/root/.m2/repository/net/minidev/json-smart/2.3/json-smart-2.3.jar:/root/.m2/repository/net/minidev/accessors-smart/1.2/accessors-smart-1.2.jar:/root/.m2/repository/org/ow2/asm/asm/5.0.4/asm-5.0.4.jar:/root/.m2/repository/org/apache/curator/curator-framework/2.12.0/curator-framework-2.12.0.jar:/root/.m2/repository/com/sun/jersey/jersey-core/1.19/jersey-core-1.19.jar:/root/.m2/repository/javax/ws/rs/jsr311-api/1.1.1/jsr311-api-1.1.1.jar:/root/.m2/repository/com/sun/jersey/jersey-server/1.19/jersey-server-1.19.jar:/root/.m2/repository/javax/servlet/javax.servlet-api/3.1.0/javax.servlet-api-3.1.0.jar:/root/.m2/repository/org/eclipse/jetty/jetty-server/9.3.24.v20180605/jetty-server-9.3.24.v20180605.jar:/root/.m2/repository/org/eclipse/jetty/jetty-http/9.3.24.v20180605/jetty-http-9.3.24.v20180605.jar:/root/.m2/repository/org/eclipse/jetty/jetty-io/9.3.24.v20180605/jetty-io-9.3.24.v20180605.jar:/root/.m2/repository/org/eclipse/jetty/jetty-webapp/9.3.24.v20180605/jetty-webapp-9.3.24.v20180605.jar:/root/.m2/repository/org/eclipse/jetty/jetty-xml/9.3.24.v20180605/jetty-xml-9.3.24.v20180605.jar:/root/.m2/repository/log4j/log4j/1.2.17/log4j-1.2.17.jar:/root/.m2/repository/org/slf4j/slf4j-api/1.7.25/slf4j-api-1.7.25.jar:/root/.m2/repository/org/slf4j/jul-to-slf4j/1.7.25/jul-to-slf4j-1.7.25.jar:/root/.m2/repository/org/eclipse/jetty/jetty-util/9.3.24.v20180605/jetty-util-9.3.24.v20180605.jar:/root/.m2/repository/io/dropwizard/metrics/metrics-core/3.2.4/metrics-core-3.2.4.jar:/root/.m2/repository/com/fasterxml/jackson/core/jackson-databind/2.9.5/jackson-databind-2.9.5.jar:/root/.m2/repository/org/apache/hadoop/hadoop-kms/3.2.0/hadoop-kms-3.2.0-tests.jar:/root/.m2/repository/org/apache/hadoop/hadoop-hdds-server-scm/0.5.0-SNAPSHOT/hadoop-hdds-server-scm-0.5.0-SNAPSHOT-tests.jar:/root/.m2/repository/org/hamcrest/hamcrest-all/1.3/hamcrest-all-1.3.jar:/root/.m2/repository/info/picocli/picocli/3.9.6/picocli-3.9.6.jar:/root/.m2/repository/org/apache/hadoop/hadoop-hdds-container-service/0.5.0-SNAPSHOT/hadoop-hdds-container-service-0.5.0-SNAPSHOT-tests.jar:/root/.m2/repository/org/yaml/snakeyaml/1.16/snakeyaml-1.16.jar:/root/.m2/repository/org/apache/hadoop/hadoop-common/3.2.0/hadoop-common-3.2.0-tests.jar:/root/.m2/repository/org/apache/hadoop/hadoop-annotations/3.2.0/hadoop-annotations-3.2.0.jar:/usr/lib/jvm/java-1.8-openjdk/jre/../lib/tools.jar:/root/.m2/repository/commons-cli/commons-cli/1.2/commons-cli-1.2.jar:/root/.m2/repository/org/apache/httpcomponents/httpclient/4.5.2/httpclient-4.5.2.jar:/root/.m2/repository/org/apache/httpcomponents/httpcore/4.4.4/httpcore-4.4.4.jar:/root/.m2/repository/commons-codec/commons-codec/1.11/commons-codec-1.11.jar:/root/.m2/repository/commons-net/commons-net/3.6/commons-net-3.6.jar:/root/.m2/repository/commons-collections/commons-collections/3.2.2/commons-collections-3.2.2.jar:/root/.m2/repository/org/eclipse/jetty/jetty-servlet/9.3.24.v20180605/jetty-servlet-9.3.24.v20180605.jar:/root/.m2/repository/org/eclipse/jetty/jetty-security/9.3.24.v20180605/jetty-security-9.3.24.v20180605.jar:/root/.m2/repository/javax/servlet/jsp/jsp-api/2.1/jsp-api-2.1.jar:/root/.m2/repository/com/sun/jersey/jersey-servlet/1.19/jersey-servlet-1.19.jar:/root/.m2/repository/com/sun/jersey/jersey-json/1.19/jersey-json-1.19.jar:/root/.m2/repository/org/codehaus/jettison/jettison/1.1/jettison-1.1.jar:/root/.m2/repository/org/codehaus/jackson/jackson-core-asl/1.9.13/jackson-core-asl-1.9.13.jar:/root/.m2/repository/org/codehaus/jackson/jackson-mapper-asl/1.9.13/jackson-mapper-asl-1.9.13.jar:/root/.m2/repository/org/codehaus/jackson/jackson-jaxrs/1.9.13/jackson-jaxrs-1.9.13.jar:/root/.m2/repository/org/codehaus/jackson/jackson-xc/1.9.13/jackson-xc-1.9.13.jar:/root/.m2/repository/commons-logging/commons-logging/1.1.3/commons-logging-1.1.3.jar:/root/.m2/repository/commons-beanutils/commons-beanutils/1.9.3/commons-beanutils-1.9.3.jar:/root/.m2/repository/org/apache/commons/commons-configuration2/2.1.1/commons-configuration2-2.1.1.jar:/root/.m2/repository/org/apache/commons/commons-lang3/3.7/commons-lang3-3.7.jar:/root/.m2/repository/org/apache/commons/commons-text/1.4/commons-text-1.4.jar:/root/.m2/repository/org/apache/avro/avro/1.7.7/avro-1.7.7.jar:/root/.m2/repository/com/thoughtworks/paranamer/paranamer/2.3/paranamer-2.3.jar:/root/.m2/repository/org/xerial/snappy/snappy-java/1.0.5/snappy-java-1.0.5.jar:/root/.m2/repository/com/google/re2j/re2j/1.1/re2j-1.1.jar:/root/.m2/repository/com/google/code/gson/gson/2.2.4/gson-2.2.4.jar:/root/.m2/repository/com/jcraft/jsch/0.1.54/jsch-0.1.54.jar:/root/.m2/repository/org/apache/curator/curator-client/2.12.0/curator-client-2.12.0.jar:/root/.m2/repository/org/apache/curator/curator-recipes/2.12.0/curator-recipes-2.12.0.jar:/root/.m2/repository/com/google/code/findbugs/jsr305/3.0.0/jsr305-3.0.0.jar:/root/.m2/repository/org/apache/htrace/htrace-core4/4.1.0-incubating/htrace-core4-4.1.0-incubating.jar:/root/.m2/repository/org/apache/zookeeper/zookeeper/3.4.13/zookeeper-3.4.13.jar:/root/.m2/repository/org/apache/yetus/audience-annotations/0.5.0/audience-annotations-0.5.0.jar:/root/.m2/repository/org/codehaus/woodstox/stax2-api/3.1.4/stax2-api-3.1.4.jar:/root/.m2/repository/com/fasterxml/woodstox/woodstox-core/5.0.3/woodstox-core-5.0.3.jar:/root/.m2/repository/dnsjava/dnsjava/2.1.7/dnsjava-2.1.7.jar:/root/.m2/repository/org/apache/hadoop/hadoop-hdfs/3.2.0/hadoop-hdfs-3.2.0-tests.jar:/root/.m2/repository/org/eclipse/jetty/jetty-util-ajax/9.3.24.v20180605/jetty-util-ajax-9.3.24.v20180605.jar:/root/.m2/repository/commons-daemon/commons-daemon/1.0.13/commons-daemon-1.0.13.jar:/root/.m2/repository/io/netty/netty/3.10.5.Final/netty-3.10.5.Final.jar:/root/.m2/repository/io/netty/netty-all/4.0.52.Final/netty-all-4.0.52.Final.jar:/root/.m2/repository/org/fusesource/leveldbjni/leveldbjni-all/1.8/leveldbjni-all-1.8.jar:"/>
    <property name="java.vm.vendor" value="IcedTea"/>
    <property name="sun.arch.data.model" value="64"/>
    <property name="test.build.dir" value="/opt/src/hadoop-ozone/integration-test/target/test-dir"/>
    <property name="test.cache.data" value=""/>
    <property name="java.vendor.url" value="https://icedtea.classpath.org"/>
    <property name="user.timezone" value=""/>
    <property name="java.vm.specification.version" value="1.8"/>
    <property name="os.name" value="Linux"/>
    <property name="test.build.data" value="/opt/src/hadoop-ozone/integration-test/target/test-dir"/>
    <property name="user.country" value="US"/>
    <property name="sun.java.launcher" value="SUN_STANDARD"/>
    <property name="sun.boot.library.path" value="/usr/lib/jvm/java-1.8-openjdk/jre/lib/amd64"/>
    <property name="sun.java.command" value="/opt/src/hadoop-ozone/integration-test/target/surefire/surefirebooter5595002763198382631.jar /opt/src/hadoop-ozone/integration-test/target/surefire 2019-06-13T21-57-04_384-jvmRun1 surefire5183798696120757779tmp surefire_88528982294680778536tmp"/>
    <property name="surefire.test.class.path" value="/opt/src/hadoop-ozone/integration-test/target/test-classes:/opt/src/hadoop-ozone/integration-test/target/classes:/root/.m2/repository/org/apache/hadoop/hadoop-ozone-common/0.5.0-SNAPSHOT/hadoop-ozone-common-0.5.0-SNAPSHOT.jar:/root/.m2/repository/org/apache/commons/commons-compress/1.4.1/commons-compress-1.4.1.jar:/root/.m2/repository/org/tukaani/xz/1.0/xz-1.0.jar:/root/.m2/repository/org/apache/hadoop/hadoop-common/3.2.0/hadoop-common-3.2.0.jar:/root/.m2/repository/org/apache/hadoop/hadoop-hdfs/3.2.0/hadoop-hdfs-3.2.0.jar:/root/.m2/repository/org/apache/hadoop/hadoop-hdfs-client/3.2.0/hadoop-hdfs-client-3.2.0.jar:/root/.m2/repository/com/fasterxml/jackson/core/jackson-annotations/2.9.5/jackson-annotations-2.9.5.jar:/root/.m2/repository/org/apache/hadoop/hadoop-hdds-common/0.5.0-SNAPSHOT/hadoop-hdds-common-0.5.0-SNAPSHOT.jar:/root/.m2/repository/javax/annotation/javax.annotation-api/1.2/javax.annotation-api-1.2.jar:/root/.m2/repository/org/apache/ratis/ratis-server/0.4.0-fe2b15d-SNAPSHOT/ratis-server-0.4.0-fe2b15d-SNAPSHOT.jar:/root/.m2/repository/org/apache/ratis/ratis-thirdparty-misc/0.2.0/ratis-thirdparty-misc-0.2.0.jar:/root/.m2/repository/org/apache/ratis/ratis-proto/0.4.0-fe2b15d-SNAPSHOT/ratis-proto-0.4.0-fe2b15d-SNAPSHOT.jar:/root/.m2/repository/org/apache/ratis/ratis-common/0.4.0-fe2b15d-SNAPSHOT/ratis-common-0.4.0-fe2b15d-SNAPSHOT.jar:/root/.m2/repository/org/apache/ratis/ratis-client/0.4.0-fe2b15d-SNAPSHOT/ratis-client-0.4.0-fe2b15d-SNAPSHOT.jar:/root/.m2/repository/org/apache/ratis/ratis-netty/0.4.0-fe2b15d-SNAPSHOT/ratis-netty-0.4.0-fe2b15d-SNAPSHOT.jar:/root/.m2/repository/org/apache/ratis/ratis-grpc/0.4.0-fe2b15d-SNAPSHOT/ratis-grpc-0.4.0-fe2b15d-SNAPSHOT.jar:/root/.m2/repository/org/rocksdb/rocksdbjni/5.14.2/rocksdbjni-5.14.2.jar:/root/.m2/repository/org/apache/logging/log4j/log4j-api/2.11.0/log4j-api-2.11.0.jar:/root/.m2/repository/org/apache/logging/log4j/log4j-core/2.11.0/log4j-core-2.11.0.jar:/root/.m2/repository/com/lmax/disruptor/3.4.2/disruptor-3.4.2.jar:/root/.m2/repository/org/apache/commons/commons-pool2/2.6.0/commons-pool2-2.6.0.jar:/root/.m2/repository/org/bouncycastle/bcpkix-jdk15on/1.60/bcpkix-jdk15on-1.60.jar:/root/.m2/repository/commons-validator/commons-validator/1.6/commons-validator-1.6.jar:/root/.m2/repository/commons-digester/commons-digester/1.8.1/commons-digester-1.8.1.jar:/root/.m2/repository/io/jaegertracing/jaeger-client/0.33.1/jaeger-client-0.33.1.jar:/root/.m2/repository/io/jaegertracing/jaeger-thrift/0.33.1/jaeger-thrift-0.33.1.jar:/root/.m2/repository/org/apache/thrift/libthrift/0.11.0/libthrift-0.11.0.jar:/root/.m2/repository/com/squareup/okhttp3/okhttp/3.9.0/okhttp-3.9.0.jar:/root/.m2/repository/com/squareup/okio/okio/1.13.0/okio-1.13.0.jar:/root/.m2/repository/io/jaegertracing/jaeger-core/0.33.1/jaeger-core-0.33.1.jar:/root/.m2/repository/io/jaegertracing/jaeger-tracerresolver/0.33.1/jaeger-tracerresolver-0.33.1.jar:/root/.m2/repository/io/opentracing/contrib/opentracing-tracerresolver/0.1.5/opentracing-tracerresolver-0.1.5.jar:/root/.m2/repository/io/opentracing/opentracing-util/0.31.0/opentracing-util-0.31.0.jar:/root/.m2/repository/io/opentracing/opentracing-api/0.31.0/opentracing-api-0.31.0.jar:/root/.m2/repository/io/opentracing/opentracing-noop/0.31.0/opentracing-noop-0.31.0.jar:/root/.m2/repository/org/apache/hadoop/hadoop-hdds-server-framework/0.5.0-SNAPSHOT/hadoop-hdds-server-framework-0.5.0-SNAPSHOT.jar:/root/.m2/repository/org/apache/hadoop/hadoop-hdds-server-scm/0.5.0-SNAPSHOT/hadoop-hdds-server-scm-0.5.0-SNAPSHOT.jar:/root/.m2/repository/org/apache/hadoop/hadoop-hdds-container-service/0.5.0-SNAPSHOT/hadoop-hdds-container-service-0.5.0-SNAPSHOT.jar:/root/.m2/repository/org/apache/hadoop/hadoop-hdds-client/0.5.0-SNAPSHOT/hadoop-hdds-client-0.5.0-SNAPSHOT.jar:/root/.m2/repository/org/apache/hadoop/hadoop-hdds-tools/0.5.0-SNAPSHOT/hadoop-hdds-tools-0.5.0-SNAPSHOT.jar:/root/.m2/repository/org/apache/hadoop/hadoop-ozone-ozone-manager/0.5.0-SNAPSHOT/hadoop-ozone-ozone-manager-0.5.0-SNAPSHOT.jar:/root/.m2/repository/org/apache/hadoop/hadoop-hdds-docs/0.5.0-SNAPSHOT/hadoop-hdds-docs-0.5.0-SNAPSHOT.jar:/root/.m2/repository/org/bouncycastle/bcprov-jdk15on/1.60/bcprov-jdk15on-1.60.jar:/root/.m2/repository/org/apache/hadoop/hadoop-minikdc/3.2.0/hadoop-minikdc-3.2.0.jar:/root/.m2/repository/commons-io/commons-io/2.5/commons-io-2.5.jar:/root/.m2/repository/org/apache/kerby/kerb-simplekdc/1.0.1/kerb-simplekdc-1.0.1.jar:/root/.m2/repository/org/apache/kerby/kerb-client/1.0.1/kerb-client-1.0.1.jar:/root/.m2/repository/org/apache/kerby/kerby-config/1.0.1/kerby-config-1.0.1.jar:/root/.m2/repository/org/apache/kerby/kerb-core/1.0.1/kerb-core-1.0.1.jar:/root/.m2/repository/org/apache/kerby/kerby-pkix/1.0.1/kerby-pkix-1.0.1.jar:/root/.m2/repository/org/apache/kerby/kerby-asn1/1.0.1/kerby-asn1-1.0.1.jar:/root/.m2/repository/org/apache/kerby/kerby-util/1.0.1/kerby-util-1.0.1.jar:/root/.m2/repository/org/apache/kerby/kerb-common/1.0.1/kerb-common-1.0.1.jar:/root/.m2/repository/org/apache/kerby/kerb-crypto/1.0.1/kerb-crypto-1.0.1.jar:/root/.m2/repository/org/apache/kerby/kerb-util/1.0.1/kerb-util-1.0.1.jar:/root/.m2/repository/org/apache/kerby/token-provider/1.0.1/token-provider-1.0.1.jar:/root/.m2/repository/org/apache/kerby/kerb-admin/1.0.1/kerb-admin-1.0.1.jar:/root/.m2/repository/org/apache/kerby/kerb-server/1.0.1/kerb-server-1.0.1.jar:/root/.m2/repository/org/apache/kerby/kerb-identity/1.0.1/kerb-identity-1.0.1.jar:/root/.m2/repository/org/apache/kerby/kerby-xdr/1.0.1/kerby-xdr-1.0.1.jar:/root/.m2/repository/org/slf4j/slf4j-log4j12/1.7.25/slf4j-log4j12-1.7.25.jar:/root/.m2/repository/org/apache/hadoop/hadoop-ozone-objectstore-service/0.5.0-SNAPSHOT/hadoop-ozone-objectstore-service-0.5.0-SNAPSHOT.jar:/root/.m2/repository/org/apache/hadoop/hadoop-ozone-s3gateway/0.5.0-SNAPSHOT/hadoop-ozone-s3gateway-0.5.0-SNAPSHOT.jar:/root/.m2/repository/org/jboss/weld/servlet/weld-servlet/2.4.7.Final/weld-servlet-2.4.7.Final.jar:/root/.m2/repository/org/glassfish/jersey/containers/jersey-container-servlet-core/2.27/jersey-container-servlet-core-2.27.jar:/root/.m2/repository/org/glassfish/hk2/external/javax.inject/2.5.0-b42/javax.inject-2.5.0-b42.jar:/root/.m2/repository/org/glassfish/jersey/core/jersey-common/2.27/jersey-common-2.27.jar:/root/.m2/repository/org/glassfish/hk2/osgi-resource-locator/1.0.1/osgi-resource-locator-1.0.1.jar:/root/.m2/repository/javax/ws/rs/javax.ws.rs-api/2.1/javax.ws.rs-api-2.1.jar:/root/.m2/repository/org/glassfish/jersey/ext/cdi/jersey-cdi1x/2.27/jersey-cdi1x-2.27.jar:/root/.m2/repository/org/glassfish/jersey/inject/jersey-hk2/2.27/jersey-hk2-2.27.jar:/root/.m2/repository/org/glassfish/hk2/hk2-locator/2.5.0-b42/hk2-locator-2.5.0-b42.jar:/root/.m2/repository/org/javassist/javassist/3.22.0-CR2/javassist-3.22.0-CR2.jar:/root/.m2/repository/org/glassfish/hk2/hk2-api/2.5.0/hk2-api-2.5.0.jar:/root/.m2/repository/org/glassfish/hk2/external/jakarta.inject/2.5.0/jakarta.inject-2.5.0.jar:/root/.m2/repository/org/glassfish/hk2/hk2-utils/2.5.0/hk2-utils-2.5.0.jar:/root/.m2/repository/jakarta/annotation/jakarta.annotation-api/1.3.4/jakarta.annotation-api-1.3.4.jar:/root/.m2/repository/org/glassfish/hk2/external/aopalliance-repackaged/2.5.0/aopalliance-repackaged-2.5.0.jar:/root/.m2/repository/com/fasterxml/jackson/dataformat/jackson-dataformat-xml/2.9.0/jackson-dataformat-xml-2.9.0.jar:/root/.m2/repository/com/fasterxml/jackson/core/jackson-core/2.9.5/jackson-core-2.9.5.jar:/root/.m2/repository/com/fasterxml/jackson/module/jackson-module-jaxb-annotations/2.9.5/jackson-module-jaxb-annotations-2.9.5.jar:/root/.m2/repository/javax/enterprise/cdi-api/1.2/cdi-api-1.2.jar:/root/.m2/repository/javax/el/javax.el-api/3.0.0/javax.el-api-3.0.0.jar:/root/.m2/repository/javax/interceptor/javax.interceptor-api/1.2/javax.interceptor-api-1.2.jar:/root/.m2/repository/javax/inject/javax.inject/1/javax.inject-1.jar:/root/.m2/repository/com/sun/xml/bind/jaxb-impl/2.3.0.1/jaxb-impl-2.3.0.1.jar:/root/.m2/repository/com/sun/xml/bind/jaxb-core/2.3.0.1/jaxb-core-2.3.0.1.jar:/root/.m2/repository/javax/xml/bind/jaxb-api/2.3.0/jaxb-api-2.3.0.jar:/root/.m2/repository/javax/activation/activation/1.1.1/activation-1.1.1.jar:/root/.m2/repository/org/apache/hadoop/hadoop-ozone-csi/0.5.0-SNAPSHOT/hadoop-ozone-csi-0.5.0-SNAPSHOT.jar:/root/.m2/repository/com/google/protobuf/protobuf-java-util/3.5.1/protobuf-java-util-3.5.1.jar:/root/.m2/repository/org/apache/hadoop/hadoop-hdds-config/0.5.0-SNAPSHOT/hadoop-hdds-config-0.5.0-SNAPSHOT.jar:/root/.m2/repository/com/google/guava/guava/11.0.2/guava-11.0.2.jar:/root/.m2/repository/com/google/protobuf/protobuf-java/2.5.0/protobuf-java-2.5.0.jar:/root/.m2/repository/io/grpc/grpc-netty/1.17.1/grpc-netty-1.17.1.jar:/root/.m2/repository/io/grpc/grpc-core/1.17.1/grpc-core-1.17.1.jar:/root/.m2/repository/io/grpc/grpc-context/1.17.1/grpc-context-1.17.1.jar:/root/.m2/repository/com/google/errorprone/error_prone_annotations/2.2.0/error_prone_annotations-2.2.0.jar:/root/.m2/repository/org/codehaus/mojo/animal-sniffer-annotations/1.17/animal-sniffer-annotations-1.17.jar:/root/.m2/repository/io/opencensus/opencensus-api/0.17.0/opencensus-api-0.17.0.jar:/root/.m2/repository/io/opencensus/opencensus-contrib-grpc-metrics/0.17.0/opencensus-contrib-grpc-metrics-0.17.0.jar:/root/.m2/repository/io/netty/netty-codec-http2/4.1.30.Final/netty-codec-http2-4.1.30.Final.jar:/root/.m2/repository/io/netty/netty-codec-http/4.1.30.Final/netty-codec-http-4.1.30.Final.jar:/root/.m2/repository/io/netty/netty-codec/4.1.30.Final/netty-codec-4.1.30.Final.jar:/root/.m2/repository/io/netty/netty-handler/4.1.30.Final/netty-handler-4.1.30.Final.jar:/root/.m2/repository/io/netty/netty-handler-proxy/4.1.30.Final/netty-handler-proxy-4.1.30.Final.jar:/root/.m2/repository/io/netty/netty-codec-socks/4.1.30.Final/netty-codec-socks-4.1.30.Final.jar:/root/.m2/repository/io/netty/netty-transport-native-epoll/4.1.30.Final/netty-transport-native-epoll-4.1.30.Final.jar:/root/.m2/repository/io/netty/netty-common/4.1.30.Final/netty-common-4.1.30.Final.jar:/root/.m2/repository/io/netty/netty-buffer/4.1.30.Final/netty-buffer-4.1.30.Final.jar:/root/.m2/repository/io/netty/netty-transport/4.1.30.Final/netty-transport-4.1.30.Final.jar:/root/.m2/repository/io/netty/netty-resolver/4.1.30.Final/netty-resolver-4.1.30.Final.jar:/root/.m2/repository/io/netty/netty-transport-native-unix-common/4.1.30.Final/netty-transport-native-unix-common-4.1.30.Final.jar:/root/.m2/repository/io/grpc/grpc-protobuf/1.17.1/grpc-protobuf-1.17.1.jar:/root/.m2/repository/com/google/api/grpc/proto-google-common-protos/1.0.0/proto-google-common-protos-1.0.0.jar:/root/.m2/repository/io/grpc/grpc-protobuf-lite/1.17.1/grpc-protobuf-lite-1.17.1.jar:/root/.m2/repository/io/grpc/grpc-stub/1.17.1/grpc-stub-1.17.1.jar:/root/.m2/repository/org/apache/hadoop/hadoop-ozone-recon/0.5.0-SNAPSHOT/hadoop-ozone-recon-0.5.0-SNAPSHOT.jar:/root/.m2/repository/org/apache/hadoop/hadoop-ozone-reconcodegen/0.5.0-SNAPSHOT/hadoop-ozone-reconcodegen-0.5.0-SNAPSHOT.jar:/root/.m2/repository/com/google/inject/extensions/guice-multibindings/4.0/guice-multibindings-4.0.jar:/root/.m2/repository/com/google/inject/guice/4.0/guice-4.0.jar:/root/.m2/repository/aopalliance/aopalliance/1.0/aopalliance-1.0.jar:/root/.m2/repository/com/google/inject/extensions/guice-servlet/4.0/guice-servlet-4.0.jar:/root/.m2/repository/org/glassfish/jersey/containers/jersey-container-servlet/2.27/jersey-container-servlet-2.27.jar:/root/.m2/repository/org/glassfish/hk2/guice-bridge/2.5.0/guice-bridge-2.5.0.jar:/root/.m2/repository/org/glassfish/jersey/core/jersey-server/2.27/jersey-server-2.27.jar:/root/.m2/repository/org/glassfish/jersey/core/jersey-client/2.27/jersey-client-2.27.jar:/root/.m2/repository/org/glassfish/jersey/media/jersey-media-jaxb/2.27/jersey-media-jaxb-2.27.jar:/root/.m2/repository/javax/validation/validation-api/1.1.0.Final/validation-api-1.1.0.Final.jar:/root/.m2/repository/org/glassfish/jersey/media/jersey-media-json-jackson/2.27/jersey-media-json-jackson-2.27.jar:/root/.m2/repository/org/glassfish/jersey/ext/jersey-entity-filtering/2.27/jersey-entity-filtering-2.27.jar:/root/.m2/repository/com/google/inject/extensions/guice-assistedinject/4.0/guice-assistedinject-4.0.jar:/root/.m2/repository/org/jooq/jooq/3.11.10/jooq-3.11.10.jar:/root/.m2/repository/org/jooq/jooq-meta/3.11.10/jooq-meta-3.11.10.jar:/root/.m2/repository/org/jooq/jooq-codegen/3.11.10/jooq-codegen-3.11.10.jar:/root/.m2/repository/com/jolbox/bonecp/0.8.0.RELEASE/bonecp-0.8.0.RELEASE.jar:/root/.m2/repository/org/xerial/sqlite-jdbc/3.25.2/sqlite-jdbc-3.25.2.jar:/root/.m2/repository/org/springframework/spring-jdbc/5.1.3.RELEASE/spring-jdbc-5.1.3.RELEASE.jar:/root/.m2/repository/org/springframework/spring-beans/5.1.3.RELEASE/spring-beans-5.1.3.RELEASE.jar:/root/.m2/repository/org/springframework/spring-core/5.1.3.RELEASE/spring-core-5.1.3.RELEASE.jar:/root/.m2/repository/org/springframework/spring-jcl/5.1.3.RELEASE/spring-jcl-5.1.3.RELEASE.jar:/root/.m2/repository/org/springframework/spring-tx/5.1.3.RELEASE/spring-tx-5.1.3.RELEASE.jar:/root/.m2/repository/org/apache/hadoop/hadoop-ozone-client/0.5.0-SNAPSHOT/hadoop-ozone-client-0.5.0-SNAPSHOT.jar:/root/.m2/repository/org/apache/hadoop/hadoop-ozone-ozone-manager/0.5.0-SNAPSHOT/hadoop-ozone-ozone-manager-0.5.0-SNAPSHOT-tests.jar:/root/.m2/repository/junit/junit/4.11/junit-4.11.jar:/root/.m2/repository/org/hamcrest/hamcrest-core/1.3/hamcrest-core-1.3.jar:/root/.m2/repository/org/openjdk/jmh/jmh-core/1.19/jmh-core-1.19.jar:/root/.m2/repository/net/sf/jopt-simple/jopt-simple/4.6/jopt-simple-4.6.jar:/root/.m2/repository/org/apache/commons/commons-math3/3.1.1/commons-math3-3.1.1.jar:/root/.m2/repository/org/openjdk/jmh/jmh-generator-annprocess/1.19/jmh-generator-annprocess-1.19.jar:/root/.m2/repository/org/mockito/mockito-all/1.8.5/mockito-all-1.8.5.jar:/root/.m2/repository/org/apache/hadoop/hadoop-kms/3.2.0/hadoop-kms-3.2.0.jar:/root/.m2/repository/org/apache/hadoop/hadoop-auth/3.2.0/hadoop-auth-3.2.0.jar:/root/.m2/repository/com/nimbusds/nimbus-jose-jwt/4.41.1/nimbus-jose-jwt-4.41.1.jar:/root/.m2/repository/com/github/stephenc/jcip/jcip-annotations/1.0-1/jcip-annotations-1.0-1.jar:/root/.m2/repository/net/minidev/json-smart/2.3/json-smart-2.3.jar:/root/.m2/repository/net/minidev/accessors-smart/1.2/accessors-smart-1.2.jar:/root/.m2/repository/org/ow2/asm/asm/5.0.4/asm-5.0.4.jar:/root/.m2/repository/org/apache/curator/curator-framework/2.12.0/curator-framework-2.12.0.jar:/root/.m2/repository/com/sun/jersey/jersey-core/1.19/jersey-core-1.19.jar:/root/.m2/repository/javax/ws/rs/jsr311-api/1.1.1/jsr311-api-1.1.1.jar:/root/.m2/repository/com/sun/jersey/jersey-server/1.19/jersey-server-1.19.jar:/root/.m2/repository/javax/servlet/javax.servlet-api/3.1.0/javax.servlet-api-3.1.0.jar:/root/.m2/repository/org/eclipse/jetty/jetty-server/9.3.24.v20180605/jetty-server-9.3.24.v20180605.jar:/root/.m2/repository/org/eclipse/jetty/jetty-http/9.3.24.v20180605/jetty-http-9.3.24.v20180605.jar:/root/.m2/repository/org/eclipse/jetty/jetty-io/9.3.24.v20180605/jetty-io-9.3.24.v20180605.jar:/root/.m2/repository/org/eclipse/jetty/jetty-webapp/9.3.24.v20180605/jetty-webapp-9.3.24.v20180605.jar:/root/.m2/repository/org/eclipse/jetty/jetty-xml/9.3.24.v20180605/jetty-xml-9.3.24.v20180605.jar:/root/.m2/repository/log4j/log4j/1.2.17/log4j-1.2.17.jar:/root/.m2/repository/org/slf4j/slf4j-api/1.7.25/slf4j-api-1.7.25.jar:/root/.m2/repository/org/slf4j/jul-to-slf4j/1.7.25/jul-to-slf4j-1.7.25.jar:/root/.m2/repository/org/eclipse/jetty/jetty-util/9.3.24.v20180605/jetty-util-9.3.24.v20180605.jar:/root/.m2/repository/io/dropwizard/metrics/metrics-core/3.2.4/metrics-core-3.2.4.jar:/root/.m2/repository/com/fasterxml/jackson/core/jackson-databind/2.9.5/jackson-databind-2.9.5.jar:/root/.m2/repository/org/apache/hadoop/hadoop-kms/3.2.0/hadoop-kms-3.2.0-tests.jar:/root/.m2/repository/org/apache/hadoop/hadoop-hdds-server-scm/0.5.0-SNAPSHOT/hadoop-hdds-server-scm-0.5.0-SNAPSHOT-tests.jar:/root/.m2/repository/org/hamcrest/hamcrest-all/1.3/hamcrest-all-1.3.jar:/root/.m2/repository/info/picocli/picocli/3.9.6/picocli-3.9.6.jar:/root/.m2/repository/org/apache/hadoop/hadoop-hdds-container-service/0.5.0-SNAPSHOT/hadoop-hdds-container-service-0.5.0-SNAPSHOT-tests.jar:/root/.m2/repository/org/yaml/snakeyaml/1.16/snakeyaml-1.16.jar:/root/.m2/repository/org/apache/hadoop/hadoop-common/3.2.0/hadoop-common-3.2.0-tests.jar:/root/.m2/repository/org/apache/hadoop/hadoop-annotations/3.2.0/hadoop-annotations-3.2.0.jar:/usr/lib/jvm/java-1.8-openjdk/jre/../lib/tools.jar:/root/.m2/repository/commons-cli/commons-cli/1.2/commons-cli-1.2.jar:/root/.m2/repository/org/apache/httpcomponents/httpclient/4.5.2/httpclient-4.5.2.jar:/root/.m2/repository/org/apache/httpcomponents/httpcore/4.4.4/httpcore-4.4.4.jar:/root/.m2/repository/commons-codec/commons-codec/1.11/commons-codec-1.11.jar:/root/.m2/repository/commons-net/commons-net/3.6/commons-net-3.6.jar:/root/.m2/repository/commons-collections/commons-collections/3.2.2/commons-collections-3.2.2.jar:/root/.m2/repository/org/eclipse/jetty/jetty-servlet/9.3.24.v20180605/jetty-servlet-9.3.24.v20180605.jar:/root/.m2/repository/org/eclipse/jetty/jetty-security/9.3.24.v20180605/jetty-security-9.3.24.v20180605.jar:/root/.m2/repository/javax/servlet/jsp/jsp-api/2.1/jsp-api-2.1.jar:/root/.m2/repository/com/sun/jersey/jersey-servlet/1.19/jersey-servlet-1.19.jar:/root/.m2/repository/com/sun/jersey/jersey-json/1.19/jersey-json-1.19.jar:/root/.m2/repository/org/codehaus/jettison/jettison/1.1/jettison-1.1.jar:/root/.m2/repository/org/codehaus/jackson/jackson-core-asl/1.9.13/jackson-core-asl-1.9.13.jar:/root/.m2/repository/org/codehaus/jackson/jackson-mapper-asl/1.9.13/jackson-mapper-asl-1.9.13.jar:/root/.m2/repository/org/codehaus/jackson/jackson-jaxrs/1.9.13/jackson-jaxrs-1.9.13.jar:/root/.m2/repository/org/codehaus/jackson/jackson-xc/1.9.13/jackson-xc-1.9.13.jar:/root/.m2/repository/commons-logging/commons-logging/1.1.3/commons-logging-1.1.3.jar:/root/.m2/repository/commons-beanutils/commons-beanutils/1.9.3/commons-beanutils-1.9.3.jar:/root/.m2/repository/org/apache/commons/commons-configuration2/2.1.1/commons-configuration2-2.1.1.jar:/root/.m2/repository/org/apache/commons/commons-lang3/3.7/commons-lang3-3.7.jar:/root/.m2/repository/org/apache/commons/commons-text/1.4/commons-text-1.4.jar:/root/.m2/repository/org/apache/avro/avro/1.7.7/avro-1.7.7.jar:/root/.m2/repository/com/thoughtworks/paranamer/paranamer/2.3/paranamer-2.3.jar:/root/.m2/repository/org/xerial/snappy/snappy-java/1.0.5/snappy-java-1.0.5.jar:/root/.m2/repository/com/google/re2j/re2j/1.1/re2j-1.1.jar:/root/.m2/repository/com/google/code/gson/gson/2.2.4/gson-2.2.4.jar:/root/.m2/repository/com/jcraft/jsch/0.1.54/jsch-0.1.54.jar:/root/.m2/repository/org/apache/curator/curator-client/2.12.0/curator-client-2.12.0.jar:/root/.m2/repository/org/apache/curator/curator-recipes/2.12.0/curator-recipes-2.12.0.jar:/root/.m2/repository/com/google/code/findbugs/jsr305/3.0.0/jsr305-3.0.0.jar:/root/.m2/repository/org/apache/htrace/htrace-core4/4.1.0-incubating/htrace-core4-4.1.0-incubating.jar:/root/.m2/repository/org/apache/zookeeper/zookeeper/3.4.13/zookeeper-3.4.13.jar:/root/.m2/repository/org/apache/yetus/audience-annotations/0.5.0/audience-annotations-0.5.0.jar:/root/.m2/repository/org/codehaus/woodstox/stax2-api/3.1.4/stax2-api-3.1.4.jar:/root/.m2/repository/com/fasterxml/woodstox/woodstox-core/5.0.3/woodstox-core-5.0.3.jar:/root/.m2/repository/dnsjava/dnsjava/2.1.7/dnsjava-2.1.7.jar:/root/.m2/repository/org/apache/hadoop/hadoop-hdfs/3.2.0/hadoop-hdfs-3.2.0-tests.jar:/root/.m2/repository/org/eclipse/jetty/jetty-util-ajax/9.3.24.v20180605/jetty-util-ajax-9.3.24.v20180605.jar:/root/.m2/repository/commons-daemon/commons-daemon/1.0.13/commons-daemon-1.0.13.jar:/root/.m2/repository/io/netty/netty/3.10.5.Final/netty-3.10.5.Final.jar:/root/.m2/repository/io/netty/netty-all/4.0.52.Final/netty-all-4.0.52.Final.jar:/root/.m2/repository/org/fusesource/leveldbjni/leveldbjni-all/1.8/leveldbjni-all-1.8.jar:"/>
    <property name="sun.cpu.endian" value="little"/>
    <property name="user.home" value="/root"/>
    <property name="user.language" value="en"/>
    <property name="java.specification.vendor" value="Oracle Corporation"/>
    <property name="java.home" value="/usr/lib/jvm/java-1.8-openjdk/jre"/>
    <property name="java.security.krb5.conf" value="/opt/src/hadoop-ozone/integration-test/target/test-classes/krb5.conf"/>
    <property name="basedir" value="/opt/src/hadoop-ozone/integration-test"/>
    <property name="file.separator" value="/"/>
    <property name="line.separator" value="&#10;"/>
    <property name="java.vm.specification.vendor" value="Oracle Corporation"/>
    <property name="java.specification.name" value="Java Platform API Specification"/>
    <property name="java.awt.graphicsenv" value="sun.awt.X11GraphicsEnvironment"/>
    <property name="surefire.real.class.path" value="/opt/src/hadoop-ozone/integration-test/target/surefire/surefirebooter5595002763198382631.jar"/>
    <property name="hadoop.log.dir" value="/opt/src/hadoop-ozone/integration-test/target/log"/>
    <property name="sun.boot.class.path" value="/usr/lib/jvm/java-1.8-openjdk/jre/lib/resources.jar:/usr/lib/jvm/java-1.8-openjdk/jre/lib/rt.jar:/usr/lib/jvm/java-1.8-openjdk/jre/lib/sunrsasign.jar:/usr/lib/jvm/java-1.8-openjdk/jre/lib/jsse.jar:/usr/lib/jvm/java-1.8-openjdk/jre/lib/jce.jar:/usr/lib/jvm/java-1.8-openjdk/jre/lib/charsets.jar:/usr/lib/jvm/java-1.8-openjdk/jre/lib/jfr.jar:/usr/lib/jvm/java-1.8-openjdk/jre/classes"/>
    <property name="sun.management.compiler" value="HotSpot 64-Bit Tiered Compilers"/>
    <property name="java.runtime.version" value="1.8.0_212-b04"/>
    <property name="java.net.preferIPv4Stack" value="true"/>
    <property name="user.name" value="root"/>
    <property name="path.separator" value=":"/>
    <property name="java.security.egd" value="file:///dev/urandom"/>
    <property name="os.version" value="4.15.0-1021-aws"/>
    <property name="java.endorsed.dirs" value="/usr/lib/jvm/java-1.8-openjdk/jre/lib/endorsed"/>
    <property name="java.runtime.name" value="OpenJDK Runtime Environment"/>
    <property name="file.encoding" value="UTF-8"/>
    <property name="java.vm.name" value="OpenJDK 64-Bit Server VM"/>
    <property name="test.build.webapps" value=""/>
    <property name="localRepository" value="/root/.m2/repository"/>
    <property name="java.vendor.url.bug" value="https://icedtea.classpath.org/bugzilla"/>
    <property name="java.io.tmpdir" value="/tmp"/>
    <property name="require.test.libhadoop" value=""/>
    <property name="java.version" value="1.8.0_212"/>
    <property name="user.dir" value="/opt/src/hadoop-ozone/integration-test"/>
    <property name="os.arch" value="amd64"/>
    <property name="java.vm.specification.name" value="Java Virtual Machine Specification"/>
    <property name="test.build.classes" value="/opt/src/hadoop-ozone/integration-test/target/test-classes"/>
    <property name="java.awt.printerjob" value="sun.print.PSPrinterJob"/>
    <property name="sun.os.patch.level" value="unknown"/>
    <property name="hadoop.tmp.dir" value="/opt/src/hadoop-ozone/integration-test/target/tmp"/>
    <property name="java.library.path" value="/usr/lib/jvm/java-1.8-openjdk/jre/lib/amd64/server:/usr/lib/jvm/java-1.8-openjdk/jre/lib/amd64:/usr/lib/jvm/java-1.8-openjdk/jre/../lib/amd64:/opt/src/hadoop-ozone/integration-test/target/native/target/usr/local/lib:/opt/src/hadoop-ozone/integration-test/../../hadoop-common-project/hadoop-common/target/native/target/usr/local/lib:/usr/java/packages/lib/amd64:/usr/lib64:/lib64:/lib:/usr/lib"/>
    <property name="java.vm.info" value="mixed mode"/>
    <property name="java.vendor" value="IcedTea"/>
    <property name="java.vm.version" value="25.212-b04"/>
    <property name="java.ext.dirs" value="/usr/lib/jvm/java-1.8-openjdk/jre/lib/ext:/usr/java/packages/lib/ext"/>
    <property name="sun.io.unicode.encoding" value="UnicodeLittle"/>
    <property name="java.class.version" value="52.0"/>
  </properties>
  <testcase name="testPipelineFail" classname="org.apache.hadoop.hdds.scm.pipeline.TestNodeFailure" time="0">
    <skipped/>
    <system-out><![CDATA[2019-06-13 22:01:05,233 WARN  server.ServerUtils (ServerUtils.java:getScmDbDir(145)) - ozone.scm.db.dirs is not configured. We recommend adding this setting. Falling back to ozone.metadata.dirs instead.
2019-06-13 22:01:05,337 WARN  server.ServerUtils (ServerUtils.java:getScmDbDir(145)) - ozone.scm.db.dirs is not configured. We recommend adding this setting. Falling back to ozone.metadata.dirs instead.
2019-06-13 22:01:05,341 WARN  server.ServerUtils (ServerUtils.java:getScmDbDir(145)) - ozone.scm.db.dirs is not configured. We recommend adding this setting. Falling back to ozone.metadata.dirs instead.
2019-06-13 22:01:05,362 INFO  util.log (Log.java:initialized(192)) - Logging initialized @923ms
2019-06-13 22:01:05,490 INFO  db.DBStoreBuilder (DBStoreBuilder.java:addTable(110)) - using custom profile for table: deletedBlocks
2019-06-13 22:01:05,490 INFO  db.DBStoreBuilder (DBStoreBuilder.java:processTables(161)) - Using default column profile:DBProfile.DISK for Table:deletedBlocks
2019-06-13 22:01:05,491 INFO  db.DBStoreBuilder (DBStoreBuilder.java:addTable(110)) - using custom profile for table: validCerts
2019-06-13 22:01:05,491 INFO  db.DBStoreBuilder (DBStoreBuilder.java:processTables(161)) - Using default column profile:DBProfile.DISK for Table:validCerts
2019-06-13 22:01:05,491 INFO  db.DBStoreBuilder (DBStoreBuilder.java:addTable(110)) - using custom profile for table: revokedCerts
2019-06-13 22:01:05,492 INFO  db.DBStoreBuilder (DBStoreBuilder.java:processTables(161)) - Using default column profile:DBProfile.DISK for Table:revokedCerts
2019-06-13 22:01:05,504 INFO  db.DBStoreBuilder (DBStoreBuilder.java:addTable(110)) - using custom profile for table: default
2019-06-13 22:01:05,504 INFO  db.DBStoreBuilder (DBStoreBuilder.java:processTables(167)) - Using default column profile:DBProfile.DISK for Table:default
2019-06-13 22:01:05,506 INFO  db.DBStoreBuilder (DBStoreBuilder.java:getDbProfile(198)) - Using default options. DBProfile.DISK
2019-06-13 22:01:05,591 INFO  node.SCMNodeManager (SCMNodeManager.java:<init>(108)) - Entering startup safe mode.
2019-06-13 22:01:05,654 INFO  net.NodeSchemaLoader (NodeSchemaLoader.java:loadSchemaFromFile(125)) - Loading file from sun.misc.CompoundEnumeration@443118b0
2019-06-13 22:01:05,655 INFO  net.NodeSchemaLoader (NodeSchemaLoader.java:loadSchema(171)) - Loading network topology layer schema file
2019-06-13 22:01:05,713 WARN  server.ServerUtils (ServerUtils.java:getScmDbDir(145)) - ozone.scm.db.dirs is not configured. We recommend adding this setting. Falling back to ozone.metadata.dirs instead.
2019-06-13 22:01:05,736 INFO  pipeline.SCMPipelineManager (SCMPipelineManager.java:initializePipelineState(126)) - No pipeline exists in current db
2019-06-13 22:01:05,738 WARN  server.ServerUtils (ServerUtils.java:getScmDbDir(145)) - ozone.scm.db.dirs is not configured. We recommend adding this setting. Falling back to ozone.metadata.dirs instead.
2019-06-13 22:01:05,796 WARN  events.EventQueue (EventQueue.java:fireEvent(175)) - No event handler registered for event TypedEvent{payloadType=SafeModeStatus, name='SafeModeStatus'}
2019-06-13 22:01:06,137 INFO  ipc.CallQueueManager (CallQueueManager.java:<init>(84)) - Using callQueue: class java.util.concurrent.LinkedBlockingQueue, queueCapacity: 2000, scheduler: class org.apache.hadoop.ipc.DefaultRpcScheduler, ipcBackoff: false.
2019-06-13 22:01:06,169 INFO  ipc.Server (Server.java:run(1074)) - Starting Socket Reader #1 for port 44015
2019-06-13 22:01:06,203 INFO  ipc.CallQueueManager (CallQueueManager.java:<init>(84)) - Using callQueue: class java.util.concurrent.LinkedBlockingQueue, queueCapacity: 2000, scheduler: class org.apache.hadoop.ipc.DefaultRpcScheduler, ipcBackoff: false.
2019-06-13 22:01:06,203 INFO  ipc.Server (Server.java:run(1074)) - Starting Socket Reader #1 for port 41219
2019-06-13 22:01:06,219 INFO  ipc.CallQueueManager (CallQueueManager.java:<init>(84)) - Using callQueue: class java.util.concurrent.LinkedBlockingQueue, queueCapacity: 2000, scheduler: class org.apache.hadoop.ipc.DefaultRpcScheduler, ipcBackoff: false.
2019-06-13 22:01:06,262 INFO  ipc.Server (Server.java:run(1074)) - Starting Socket Reader #1 for port 41351
2019-06-13 22:01:06,294 INFO  hdfs.DFSUtil (DFSUtil.java:httpServerTemplateForNNAndJN(1641)) - Starting Web-server for scm at: http://0.0.0.0:0
2019-06-13 22:01:06,478 INFO  server.AuthenticationFilter (AuthenticationFilter.java:constructSecretProvider(240)) - Unable to initialize FileSignerSecretProvider, falling back to use random secrets.
2019-06-13 22:01:06,487 WARN  http.HttpRequestLog (HttpRequestLog.java:getRequestLog(97)) - Jetty request log can only be enabled using Log4j
2019-06-13 22:01:06,496 INFO  http.HttpServer2 (HttpServer2.java:addGlobalFilter(975)) - Added global filter 'safety' (class=org.apache.hadoop.http.HttpServer2$QuotingInputFilter)
2019-06-13 22:01:06,498 INFO  http.HttpServer2 (HttpServer2.java:addFilter(948)) - Added filter static_user_filter (class=org.apache.hadoop.http.lib.StaticUserWebFilter$StaticUserFilter) to context scm
2019-06-13 22:01:06,499 INFO  http.HttpServer2 (HttpServer2.java:addFilter(958)) - Added filter static_user_filter (class=org.apache.hadoop.http.lib.StaticUserWebFilter$StaticUserFilter) to context logs
2019-06-13 22:01:06,499 INFO  http.HttpServer2 (HttpServer2.java:addFilter(958)) - Added filter static_user_filter (class=org.apache.hadoop.http.lib.StaticUserWebFilter$StaticUserFilter) to context static
2019-06-13 22:01:06,527 INFO  server.StorageContainerManager (StorageContainerManager.java:start(752)) - StorageContainerLocationProtocol RPC server is listening at /0.0.0.0:41351
2019-06-13 22:01:06,582 WARN  impl.MetricsConfig (MetricsConfig.java:loadFirst(134)) - Cannot locate configuration: tried hadoop-metrics2-storagecontainermanager.properties,hadoop-metrics2.properties
2019-06-13 22:01:06,594 INFO  impl.MetricsSystemImpl (MetricsSystemImpl.java:startTimer(374)) - Scheduled Metric snapshot period at 10 second(s).
2019-06-13 22:01:06,594 INFO  impl.MetricsSystemImpl (MetricsSystemImpl.java:start(191)) - StorageContainerManager metrics system started
2019-06-13 22:01:06,777 INFO  server.SCMClientProtocolServer (SCMClientProtocolServer.java:start(149)) - RPC server for Client  is listening at /0.0.0.0:41351
2019-06-13 22:01:06,777 INFO  ipc.Server (Server.java:run(1314)) - IPC Server Responder: starting
2019-06-13 22:01:06,778 INFO  ipc.Server (Server.java:run(1153)) - IPC Server listener on 41351: starting
2019-06-13 22:01:06,783 INFO  server.StorageContainerManager (StorageContainerManager.java:start(761)) - ScmBlockLocationProtocol RPC server is listening at /0.0.0.0:41219
2019-06-13 22:01:06,783 INFO  server.SCMBlockProtocolServer (SCMBlockProtocolServer.java:start(137)) - RPC server for Block Protocol is listening at /0.0.0.0:41219
2019-06-13 22:01:06,783 INFO  ipc.Server (Server.java:run(1314)) - IPC Server Responder: starting
2019-06-13 22:01:06,784 INFO  ipc.Server (Server.java:run(1153)) - IPC Server listener on 41219: starting
2019-06-13 22:01:06,786 INFO  server.StorageContainerManager (StorageContainerManager.java:start(765)) - ScmDatanodeProtocl RPC server is listening at /0.0.0.0:44015
2019-06-13 22:01:06,786 INFO  server.SCMDatanodeProtocolServer (SCMDatanodeProtocolServer.java:start(191)) - RPC server for DataNodes is listening at /0.0.0.0:44015
2019-06-13 22:01:06,786 INFO  ipc.Server (Server.java:run(1314)) - IPC Server Responder: starting
2019-06-13 22:01:06,786 INFO  ipc.Server (Server.java:run(1153)) - IPC Server listener on 44015: starting
2019-06-13 22:01:06,790 INFO  http.HttpServer2 (HttpServer2.java:bindListener(1191)) - Jetty bound to port 44179
2019-06-13 22:01:06,791 INFO  server.Server (Server.java:doStart(351)) - jetty-9.3.24.v20180605, build timestamp: 2018-06-05T17:11:56Z, git hash: 84205aa28f11a4f31f2a3b86d1bba2cc8ab69827
2019-06-13 22:01:06,832 INFO  handler.ContextHandler (ContextHandler.java:doStart(781)) - Started o.e.j.s.ServletContextHandler@2df6226d{/logs,file:///opt/src/hadoop-ozone/integration-test/target/log,AVAILABLE}
2019-06-13 22:01:06,834 INFO  handler.ContextHandler (ContextHandler.java:doStart(781)) - Started o.e.j.s.ServletContextHandler@4ff4357f{/static,file:///opt/src/hadoop-ozone/integration-test/target/test-classes/webapps/static,AVAILABLE}
2019-06-13 22:01:06,867 INFO  handler.ContextHandler (ContextHandler.java:doStart(781)) - Started o.e.j.w.WebAppContext@34645867{/,file:///opt/src/hadoop-ozone/integration-test/target/test-classes/webapps/scm/,AVAILABLE}{/scm}
2019-06-13 22:01:06,873 INFO  server.AbstractConnector (AbstractConnector.java:doStart(278)) - Started ServerConnector@66629f63{HTTP/1.1,[http/1.1]}{0.0.0.0:44179}
2019-06-13 22:01:06,873 INFO  server.Server (Server.java:doStart(419)) - Started @2434ms
2019-06-13 22:01:06,874 INFO  server.BaseHttpServer (BaseHttpServer.java:updateConnectorAddress(207)) - HTTP server of SCM is listening at http://0.0.0.0:44179
2019-06-13 22:01:06,886 INFO  util.JvmPauseMonitor (JvmPauseMonitor.java:run(188)) - Starting JVM pause monitor
2019-06-13 22:01:06,887 WARN  scm.ScmUtils (ScmUtils.java:getDBPath(63)) - ozone.om.db.dirs is not configured. We recommend adding this setting. Falling back to ozone.metadata.dirs instead.
2019-06-13 22:01:06,989 WARN  scm.ScmUtils (ScmUtils.java:getDBPath(63)) - ozone.om.db.dirs is not configured. We recommend adding this setting. Falling back to ozone.metadata.dirs instead.
2019-06-13 22:01:06,990 INFO  om.OzoneManager (OzoneManager.java:setOMNodeDetails(519)) - OM Service ID is not set. Setting it to the default ID: omServiceIdDefault
2019-06-13 22:01:06,990 INFO  om.OzoneManager (OzoneManager.java:setOMNodeDetails(525)) - OM Node ID is not set. Setting it to the OmStorage's OmID: 3f775f6e-7678-48b2-ac4e-aacaa579db50
2019-06-13 22:01:06,992 WARN  scm.HddsServerUtil (HddsServerUtil.java:getDefaultRatisDirectory(354)) - Storage directory for Ratis is not configured. It is a good idea to map this to an SSD disk. Falling back to ozone.metadata.dirs
2019-06-13 22:01:06,992 WARN  scm.HddsServerUtil (HddsServerUtil.java:getDefaultRatisDirectory(354)) - Storage directory for Ratis is not configured. It is a good idea to map this to an SSD disk. Falling back to ozone.metadata.dirs
2019-06-13 22:01:06,993 INFO  om.OzoneManager (OzoneManager.java:loadOMHAConfigs(476)) - Found matching OM address with OMServiceId: null, OMNodeId: null, RPC Address: localhost:0 and Ratis port: 9872
2019-06-13 22:01:07,185 WARN  scm.ScmUtils (ScmUtils.java:getDBPath(63)) - ozone.om.db.dirs is not configured. We recommend adding this setting. Falling back to ozone.metadata.dirs instead.
2019-06-13 22:01:07,193 INFO  db.DBStoreBuilder (DBStoreBuilder.java:addTable(110)) - using custom profile for table: userTable
2019-06-13 22:01:07,193 INFO  db.DBStoreBuilder (DBStoreBuilder.java:processTables(161)) - Using default column profile:DBProfile.DISK for Table:userTable
2019-06-13 22:01:07,193 INFO  db.DBStoreBuilder (DBStoreBuilder.java:addTable(110)) - using custom profile for table: volumeTable
2019-06-13 22:01:07,193 INFO  db.DBStoreBuilder (DBStoreBuilder.java:processTables(161)) - Using default column profile:DBProfile.DISK for Table:volumeTable
2019-06-13 22:01:07,194 INFO  db.DBStoreBuilder (DBStoreBuilder.java:addTable(110)) - using custom profile for table: bucketTable
2019-06-13 22:01:07,194 INFO  db.DBStoreBuilder (DBStoreBuilder.java:processTables(161)) - Using default column profile:DBProfile.DISK for Table:bucketTable
2019-06-13 22:01:07,194 INFO  db.DBStoreBuilder (DBStoreBuilder.java:addTable(110)) - using custom profile for table: keyTable
2019-06-13 22:01:07,194 INFO  db.DBStoreBuilder (DBStoreBuilder.java:processTables(161)) - Using default column profile:DBProfile.DISK for Table:keyTable
2019-06-13 22:01:07,195 INFO  db.DBStoreBuilder (DBStoreBuilder.java:addTable(110)) - using custom profile for table: deletedTable
2019-06-13 22:01:07,195 INFO  db.DBStoreBuilder (DBStoreBuilder.java:processTables(161)) - Using default column profile:DBProfile.DISK for Table:deletedTable
2019-06-13 22:01:07,195 INFO  db.DBStoreBuilder (DBStoreBuilder.java:addTable(110)) - using custom profile for table: openKeyTable
2019-06-13 22:01:07,195 INFO  db.DBStoreBuilder (DBStoreBuilder.java:processTables(161)) - Using default column profile:DBProfile.DISK for Table:openKeyTable
2019-06-13 22:01:07,196 INFO  db.DBStoreBuilder (DBStoreBuilder.java:addTable(110)) - using custom profile for table: s3Table
2019-06-13 22:01:07,196 INFO  db.DBStoreBuilder (DBStoreBuilder.java:processTables(161)) - Using default column profile:DBProfile.DISK for Table:s3Table
2019-06-13 22:01:07,196 INFO  db.DBStoreBuilder (DBStoreBuilder.java:addTable(110)) - using custom profile for table: multipartInfoTable
2019-06-13 22:01:07,196 INFO  db.DBStoreBuilder (DBStoreBuilder.java:processTables(161)) - Using default column profile:DBProfile.DISK for Table:multipartInfoTable
2019-06-13 22:01:07,197 INFO  db.DBStoreBuilder (DBStoreBuilder.java:addTable(110)) - using custom profile for table: dTokenTable
2019-06-13 22:01:07,197 INFO  db.DBStoreBuilder (DBStoreBuilder.java:processTables(161)) - Using default column profile:DBProfile.DISK for Table:dTokenTable
2019-06-13 22:01:07,197 INFO  db.DBStoreBuilder (DBStoreBuilder.java:addTable(110)) - using custom profile for table: s3SecretTable
2019-06-13 22:01:07,197 INFO  db.DBStoreBuilder (DBStoreBuilder.java:processTables(161)) - Using default column profile:DBProfile.DISK for Table:s3SecretTable
2019-06-13 22:01:07,198 INFO  db.DBStoreBuilder (DBStoreBuilder.java:addTable(110)) - using custom profile for table: prefixTable
2019-06-13 22:01:07,198 INFO  db.DBStoreBuilder (DBStoreBuilder.java:processTables(161)) - Using default column profile:DBProfile.DISK for Table:prefixTable
2019-06-13 22:01:07,198 INFO  db.DBStoreBuilder (DBStoreBuilder.java:addTable(110)) - using custom profile for table: default
2019-06-13 22:01:07,198 INFO  db.DBStoreBuilder (DBStoreBuilder.java:processTables(167)) - Using default column profile:DBProfile.DISK for Table:default
2019-06-13 22:01:07,199 INFO  db.DBStoreBuilder (DBStoreBuilder.java:getDbProfile(198)) - Using default options. DBProfile.DISK
2019-06-13 22:01:07,775 INFO  ipc.CallQueueManager (CallQueueManager.java:<init>(84)) - Using callQueue: class java.util.concurrent.LinkedBlockingQueue, queueCapacity: 2000, scheduler: class org.apache.hadoop.ipc.DefaultRpcScheduler, ipcBackoff: false.
2019-06-13 22:01:07,776 INFO  ipc.Server (Server.java:run(1074)) - Starting Socket Reader #1 for port 42361
2019-06-13 22:01:07,808 WARN  scm.ScmUtils (ScmUtils.java:getDBPath(63)) - ozone.om.db.dirs is not configured. We recommend adding this setting. Falling back to ozone.metadata.dirs instead.
2019-06-13 22:01:07,809 INFO  om.OzoneManager (OzoneManager.java:start(1217)) - OzoneManager RPC server is listening at localhost/127.0.0.1:42361
2019-06-13 22:01:07,809 INFO  impl.MetricsSystemImpl (MetricsSystemImpl.java:init(158)) - OzoneManager metrics system started (again)
2019-06-13 22:01:07,813 INFO  ipc.Server (Server.java:run(1153)) - IPC Server listener on 42361: starting
2019-06-13 22:01:07,813 INFO  ipc.Server (Server.java:run(1314)) - IPC Server Responder: starting
2019-06-13 22:01:07,823 INFO  hdfs.DFSUtil (DFSUtil.java:httpServerTemplateForNNAndJN(1641)) - Starting Web-server for ozoneManager at: http://0.0.0.0:0
2019-06-13 22:01:07,825 INFO  server.AuthenticationFilter (AuthenticationFilter.java:constructSecretProvider(240)) - Unable to initialize FileSignerSecretProvider, falling back to use random secrets.
2019-06-13 22:01:07,829 WARN  http.HttpRequestLog (HttpRequestLog.java:getRequestLog(97)) - Jetty request log can only be enabled using Log4j
2019-06-13 22:01:07,831 INFO  http.HttpServer2 (HttpServer2.java:addGlobalFilter(975)) - Added global filter 'safety' (class=org.apache.hadoop.http.HttpServer2$QuotingInputFilter)
2019-06-13 22:01:07,832 INFO  http.HttpServer2 (HttpServer2.java:addFilter(948)) - Added filter static_user_filter (class=org.apache.hadoop.http.lib.StaticUserWebFilter$StaticUserFilter) to context ozoneManager
2019-06-13 22:01:07,833 INFO  http.HttpServer2 (HttpServer2.java:addFilter(958)) - Added filter static_user_filter (class=org.apache.hadoop.http.lib.StaticUserWebFilter$StaticUserFilter) to context static
2019-06-13 22:01:07,833 INFO  http.HttpServer2 (HttpServer2.java:addFilter(958)) - Added filter static_user_filter (class=org.apache.hadoop.http.lib.StaticUserWebFilter$StaticUserFilter) to context logs
2019-06-13 22:01:07,835 INFO  http.HttpServer2 (HttpServer2.java:bindListener(1191)) - Jetty bound to port 38193
2019-06-13 22:01:07,835 INFO  server.Server (Server.java:doStart(351)) - jetty-9.3.24.v20180605, build timestamp: 2018-06-05T17:11:56Z, git hash: 84205aa28f11a4f31f2a3b86d1bba2cc8ab69827
2019-06-13 22:01:07,838 INFO  handler.ContextHandler (ContextHandler.java:doStart(781)) - Started o.e.j.s.ServletContextHandler@bcb09a6{/logs,file:///opt/src/hadoop-ozone/integration-test/target/log,AVAILABLE}
2019-06-13 22:01:07,841 INFO  handler.ContextHandler (ContextHandler.java:doStart(781)) - Started o.e.j.s.ServletContextHandler@a619c2{/static,file:///opt/src/hadoop-ozone/integration-test/target/test-classes/webapps/static,AVAILABLE}
2019-06-13 22:01:07,846 INFO  handler.ContextHandler (ContextHandler.java:doStart(781)) - Started o.e.j.w.WebAppContext@c9d82f9{/,file:///opt/src/hadoop-ozone/integration-test/target/test-classes/webapps/ozoneManager/,AVAILABLE}{/ozoneManager}
2019-06-13 22:01:07,847 INFO  server.AbstractConnector (AbstractConnector.java:doStart(278)) - Started ServerConnector@6f012914{HTTP/1.1,[http/1.1]}{0.0.0.0:38193}
2019-06-13 22:01:07,847 INFO  server.Server (Server.java:doStart(419)) - Started @3408ms
2019-06-13 22:01:07,848 INFO  server.BaseHttpServer (BaseHttpServer.java:updateConnectorAddress(207)) - HTTP server of OZONEMANAGER is listening at http://0.0.0.0:38193
2019-06-13 22:01:08,014 INFO  impl.MetricsSystemImpl (MetricsSystemImpl.java:init(158)) - HddsDatanode metrics system started (again)
2019-06-13 22:01:08,205 INFO  ozone.HddsDatanodeService (HddsDatanodeService.java:start(185)) - HddsDatanodeService host:ozone-mzc6g-2359123782 ip:192.168.105.169
2019-06-13 22:01:08,251 INFO  volume.HddsVolume (HddsVolume.java:<init>(176)) - Creating Volume: /opt/src/hadoop-ozone/integration-test/target/test-dir/MiniOzoneClusterImpl-67c7b437-dd20-4fa0-94bc-1ff62c795a03/datanode-0/data/containers/hdds of  storage type : DISK and capacity : 104021790720
2019-06-13 22:01:08,253 INFO  volume.VolumeSet (VolumeSet.java:initializeVolumeSet(170)) - Added Volume : /opt/src/hadoop-ozone/integration-test/target/test-dir/MiniOzoneClusterImpl-67c7b437-dd20-4fa0-94bc-1ff62c795a03/datanode-0/data/containers/hdds to VolumeSet
2019-06-13 22:01:08,257 INFO  volume.ThrottledAsyncChecker (ThrottledAsyncChecker.java:schedule(140)) - Scheduling a check for org.apache.hadoop.ozone.container.common.volume.HddsVolume@6fd1660
2019-06-13 22:01:08,296 INFO  volume.HddsVolumeChecker (HddsVolumeChecker.java:checkAllVolumes(203)) - Scheduled health check for volume org.apache.hadoop.ozone.container.common.volume.HddsVolume@6fd1660
2019-06-13 22:01:08,399 INFO  ratis.XceiverServerRatis (XceiverServerRatis.java:newXceiverServerRatis(401)) - Found a free port for the server : 42773
2019-06-13 22:01:08,491 INFO  impl.RaftServerProxy (ConfUtils.java:logGet(43)) - raft.rpc.type = GRPC (default)
2019-06-13 22:01:08,507 INFO  grpc.GrpcConfigKeys$Server (ConfUtils.java:logGet(43)) - raft.grpc.server.port = 42773 (custom)
2019-06-13 22:01:08,508 INFO  server.GrpcService (ConfUtils.java:logGet(43)) - raft.grpc.message.size.max = 33570816 (custom)
2019-06-13 22:01:08,516 INFO  server.RaftServerConfigKeys (ConfUtils.java:logGet(43)) - raft.server.log.appender.buffer.byte-limit = 33554432 (custom)
2019-06-13 22:01:08,517 INFO  server.GrpcService (ConfUtils.java:logGet(43)) - raft.grpc.flow.control.window = 1MB (=1048576) (default)
2019-06-13 22:01:08,518 INFO  server.RaftServerConfigKeys (ConfUtils.java:logGet(43)) - raft.server.rpc.request.timeout = 3000ms (default)
2019-06-13 22:01:08,693 INFO  server.RaftServerConfigKeys (ConfUtils.java:logGet(43)) - raft.server.storage.dir = [/opt/src/hadoop-ozone/integration-test/target/test-dir/MiniOzoneClusterImpl-67c7b437-dd20-4fa0-94bc-1ff62c795a03/datanode-0/data/ratis] (custom)
2019-06-13 22:01:08,704 INFO  server.XceiverServerGrpc (XceiverServerGrpc.java:<init>(97)) - Found a free port for the server : 46781
2019-06-13 22:01:08,744 INFO  replication.SimpleContainerDownloader (SimpleContainerDownloader.java:<init>(72)) - Starting container downloader service to copy containers to replicate.
2019-06-13 22:01:08,760 INFO  hdfs.DFSUtil (DFSUtil.java:httpServerTemplateForNNAndJN(1641)) - Starting Web-server for hddsDatanode at: http://0.0.0.0:0
2019-06-13 22:01:08,762 INFO  server.AuthenticationFilter (AuthenticationFilter.java:constructSecretProvider(240)) - Unable to initialize FileSignerSecretProvider, falling back to use random secrets.
2019-06-13 22:01:08,765 WARN  http.HttpRequestLog (HttpRequestLog.java:getRequestLog(97)) - Jetty request log can only be enabled using Log4j
2019-06-13 22:01:08,768 INFO  http.HttpServer2 (HttpServer2.java:addGlobalFilter(975)) - Added global filter 'safety' (class=org.apache.hadoop.http.HttpServer2$QuotingInputFilter)
2019-06-13 22:01:08,769 INFO  http.HttpServer2 (HttpServer2.java:addFilter(948)) - Added filter static_user_filter (class=org.apache.hadoop.http.lib.StaticUserWebFilter$StaticUserFilter) to context hddsDatanode
2019-06-13 22:01:08,769 INFO  http.HttpServer2 (HttpServer2.java:addFilter(958)) - Added filter static_user_filter (class=org.apache.hadoop.http.lib.StaticUserWebFilter$StaticUserFilter) to context logs
2019-06-13 22:01:08,770 INFO  http.HttpServer2 (HttpServer2.java:addFilter(958)) - Added filter static_user_filter (class=org.apache.hadoop.http.lib.StaticUserWebFilter$StaticUserFilter) to context static
2019-06-13 22:01:08,773 INFO  http.HttpServer2 (HttpServer2.java:bindListener(1191)) - Jetty bound to port 35283
2019-06-13 22:01:08,773 INFO  server.Server (Server.java:doStart(351)) - jetty-9.3.24.v20180605, build timestamp: 2018-06-05T17:11:56Z, git hash: 84205aa28f11a4f31f2a3b86d1bba2cc8ab69827
2019-06-13 22:01:08,789 INFO  handler.ContextHandler (ContextHandler.java:doStart(781)) - Started o.e.j.s.ServletContextHandler@6438a7fe{/logs,file:///opt/src/hadoop-ozone/integration-test/target/log,AVAILABLE}
2019-06-13 22:01:08,789 INFO  handler.ContextHandler (ContextHandler.java:doStart(781)) - Started o.e.j.s.ServletContextHandler@4f5f6e45{/static,jar:file:/root/.m2/repository/org/apache/hadoop/hadoop-hdds-container-service/0.5.0-SNAPSHOT/hadoop-hdds-container-service-0.5.0-SNAPSHOT.jar!/webapps/static,AVAILABLE}
2019-06-13 22:01:08,824 INFO  handler.ContextHandler (ContextHandler.java:doStart(781)) - Started o.e.j.w.WebAppContext@36c0d0bd{/,file:///tmp/jetty-0.0.0.0-35283-hddsDatanode-_-any-2176135187429144464.dir/webapp/,AVAILABLE}{/hddsDatanode}
2019-06-13 22:01:08,824 INFO  server.AbstractConnector (AbstractConnector.java:doStart(278)) - Started ServerConnector@5e1fc2aa{HTTP/1.1,[http/1.1]}{0.0.0.0:35283}
2019-06-13 22:01:08,825 INFO  server.Server (Server.java:doStart(419)) - Started @4386ms
2019-06-13 22:01:08,832 INFO  server.BaseHttpServer (BaseHttpServer.java:updateConnectorAddress(207)) - HTTP server of HDDSDATANODE is listening at http://0.0.0.0:35283
2019-06-13 22:01:09,997 INFO  ozone.HddsDatanodeService (HddsDatanodeService.java:startPlugins(396)) - Started plug-in org.apache.hadoop.ozone.web.OzoneHddsDatanodeService@1f992a3a
2019-06-13 22:01:09,998 INFO  impl.MetricsSystemImpl (MetricsSystemImpl.java:init(158)) - HddsDatanode metrics system started (again)
2019-06-13 22:01:09,999 INFO  ozone.HddsDatanodeService (HddsDatanodeService.java:start(185)) - HddsDatanodeService host:ozone-mzc6g-2359123782 ip:192.168.105.169
2019-06-13 22:01:10,022 INFO  util.JvmPauseMonitor (JvmPauseMonitor.java:run(188)) - Starting JVM pause monitor
2019-06-13 22:01:10,033 INFO  volume.HddsVolume (HddsVolume.java:<init>(176)) - Creating Volume: /opt/src/hadoop-ozone/integration-test/target/test-dir/MiniOzoneClusterImpl-67c7b437-dd20-4fa0-94bc-1ff62c795a03/datanode-1/data/containers/hdds of  storage type : DISK and capacity : 104021790720
2019-06-13 22:01:10,034 INFO  volume.VolumeSet (VolumeSet.java:initializeVolumeSet(170)) - Added Volume : /opt/src/hadoop-ozone/integration-test/target/test-dir/MiniOzoneClusterImpl-67c7b437-dd20-4fa0-94bc-1ff62c795a03/datanode-1/data/containers/hdds to VolumeSet
2019-06-13 22:01:10,034 INFO  volume.ThrottledAsyncChecker (ThrottledAsyncChecker.java:schedule(140)) - Scheduling a check for org.apache.hadoop.ozone.container.common.volume.HddsVolume@78a8978a
2019-06-13 22:01:10,039 INFO  volume.HddsVolumeChecker (HddsVolumeChecker.java:checkAllVolumes(203)) - Scheduled health check for volume org.apache.hadoop.ozone.container.common.volume.HddsVolume@78a8978a
2019-06-13 22:01:10,078 INFO  ratis.XceiverServerRatis (XceiverServerRatis.java:newXceiverServerRatis(401)) - Found a free port for the server : 36107
2019-06-13 22:01:10,079 INFO  impl.RaftServerProxy (ConfUtils.java:logGet(43)) - raft.rpc.type = GRPC (default)
2019-06-13 22:01:10,080 INFO  grpc.GrpcConfigKeys$Server (ConfUtils.java:logGet(43)) - raft.grpc.server.port = 36107 (custom)
2019-06-13 22:01:10,080 INFO  server.GrpcService (ConfUtils.java:logGet(43)) - raft.grpc.message.size.max = 33570816 (custom)
2019-06-13 22:01:10,080 INFO  server.RaftServerConfigKeys (ConfUtils.java:logGet(43)) - raft.server.log.appender.buffer.byte-limit = 33554432 (custom)
2019-06-13 22:01:10,080 INFO  server.GrpcService (ConfUtils.java:logGet(43)) - raft.grpc.flow.control.window = 1MB (=1048576) (default)
2019-06-13 22:01:10,081 INFO  server.RaftServerConfigKeys (ConfUtils.java:logGet(43)) - raft.server.rpc.request.timeout = 3000ms (default)
2019-06-13 22:01:10,081 INFO  server.RaftServerConfigKeys (ConfUtils.java:logGet(43)) - raft.server.storage.dir = [/opt/src/hadoop-ozone/integration-test/target/test-dir/MiniOzoneClusterImpl-67c7b437-dd20-4fa0-94bc-1ff62c795a03/datanode-1/data/ratis] (custom)
2019-06-13 22:01:10,082 INFO  server.XceiverServerGrpc (XceiverServerGrpc.java:<init>(97)) - Found a free port for the server : 32955
2019-06-13 22:01:10,082 INFO  replication.SimpleContainerDownloader (SimpleContainerDownloader.java:<init>(72)) - Starting container downloader service to copy containers to replicate.
2019-06-13 22:01:10,092 INFO  hdfs.DFSUtil (DFSUtil.java:httpServerTemplateForNNAndJN(1641)) - Starting Web-server for hddsDatanode at: http://0.0.0.0:0
2019-06-13 22:01:10,093 INFO  server.AuthenticationFilter (AuthenticationFilter.java:constructSecretProvider(240)) - Unable to initialize FileSignerSecretProvider, falling back to use random secrets.
2019-06-13 22:01:10,094 WARN  http.HttpRequestLog (HttpRequestLog.java:getRequestLog(97)) - Jetty request log can only be enabled using Log4j
2019-06-13 22:01:10,096 INFO  http.HttpServer2 (HttpServer2.java:addGlobalFilter(975)) - Added global filter 'safety' (class=org.apache.hadoop.http.HttpServer2$QuotingInputFilter)
2019-06-13 22:01:10,096 INFO  http.HttpServer2 (HttpServer2.java:addFilter(948)) - Added filter static_user_filter (class=org.apache.hadoop.http.lib.StaticUserWebFilter$StaticUserFilter) to context hddsDatanode
2019-06-13 22:01:10,097 INFO  http.HttpServer2 (HttpServer2.java:addFilter(958)) - Added filter static_user_filter (class=org.apache.hadoop.http.lib.StaticUserWebFilter$StaticUserFilter) to context logs
2019-06-13 22:01:10,097 INFO  http.HttpServer2 (HttpServer2.java:addFilter(958)) - Added filter static_user_filter (class=org.apache.hadoop.http.lib.StaticUserWebFilter$StaticUserFilter) to context static
2019-06-13 22:01:10,106 INFO  http.HttpServer2 (HttpServer2.java:bindListener(1191)) - Jetty bound to port 45161
2019-06-13 22:01:10,106 INFO  server.Server (Server.java:doStart(351)) - jetty-9.3.24.v20180605, build timestamp: 2018-06-05T17:11:56Z, git hash: 84205aa28f11a4f31f2a3b86d1bba2cc8ab69827
2019-06-13 22:01:10,108 INFO  handler.ContextHandler (ContextHandler.java:doStart(781)) - Started o.e.j.s.ServletContextHandler@2574a9e3{/logs,file:///opt/src/hadoop-ozone/integration-test/target/log,AVAILABLE}
2019-06-13 22:01:10,111 INFO  handler.ContextHandler (ContextHandler.java:doStart(781)) - Started o.e.j.s.ServletContextHandler@422ab737{/static,jar:file:/root/.m2/repository/org/apache/hadoop/hadoop-hdds-container-service/0.5.0-SNAPSHOT/hadoop-hdds-container-service-0.5.0-SNAPSHOT.jar!/webapps/static,AVAILABLE}
2019-06-13 22:01:10,169 INFO  handler.ContextHandler (ContextHandler.java:doStart(781)) - Started o.e.j.w.WebAppContext@78da899f{/,file:///tmp/jetty-0.0.0.0-45161-hddsDatanode-_-any-596863958884124228.dir/webapp/,AVAILABLE}{/hddsDatanode}
2019-06-13 22:01:10,170 INFO  server.AbstractConnector (AbstractConnector.java:doStart(278)) - Started ServerConnector@e7b265e{HTTP/1.1,[http/1.1]}{0.0.0.0:45161}
2019-06-13 22:01:10,177 INFO  server.Server (Server.java:doStart(419)) - Started @5738ms
2019-06-13 22:01:10,179 INFO  server.BaseHttpServer (BaseHttpServer.java:updateConnectorAddress(207)) - HTTP server of HDDSDATANODE is listening at http://0.0.0.0:45161
2019-06-13 22:01:10,314 INFO  datanode.InitDatanodeState (InitDatanodeState.java:persistContainerDatanodeDetails(140)) - DatanodeDetails is persisted to /opt/src/hadoop-ozone/integration-test/target/test-dir/MiniOzoneClusterImpl-67c7b437-dd20-4fa0-94bc-1ff62c795a03/datanode-0/meta/datanode.id
2019-06-13 22:01:10,520 INFO  ozone.HddsDatanodeService (HddsDatanodeService.java:startPlugins(396)) - Started plug-in org.apache.hadoop.ozone.web.OzoneHddsDatanodeService@63fd4dda
2019-06-13 22:01:10,525 INFO  impl.MetricsSystemImpl (MetricsSystemImpl.java:init(158)) - HddsDatanode metrics system started (again)
2019-06-13 22:01:10,526 INFO  ozone.HddsDatanodeService (HddsDatanodeService.java:start(185)) - HddsDatanodeService host:ozone-mzc6g-2359123782 ip:192.168.105.169
2019-06-13 22:01:10,556 INFO  util.JvmPauseMonitor (JvmPauseMonitor.java:run(188)) - Starting JVM pause monitor
2019-06-13 22:01:10,572 INFO  volume.HddsVolume (HddsVolume.java:<init>(176)) - Creating Volume: /opt/src/hadoop-ozone/integration-test/target/test-dir/MiniOzoneClusterImpl-67c7b437-dd20-4fa0-94bc-1ff62c795a03/datanode-2/data/containers/hdds of  storage type : DISK and capacity : 104021790720
2019-06-13 22:01:10,572 INFO  volume.VolumeSet (VolumeSet.java:initializeVolumeSet(170)) - Added Volume : /opt/src/hadoop-ozone/integration-test/target/test-dir/MiniOzoneClusterImpl-67c7b437-dd20-4fa0-94bc-1ff62c795a03/datanode-2/data/containers/hdds to VolumeSet
2019-06-13 22:01:10,573 INFO  volume.ThrottledAsyncChecker (ThrottledAsyncChecker.java:schedule(140)) - Scheduling a check for org.apache.hadoop.ozone.container.common.volume.HddsVolume@4b56b031
2019-06-13 22:01:10,582 INFO  volume.HddsVolumeChecker (HddsVolumeChecker.java:checkAllVolumes(203)) - Scheduled health check for volume org.apache.hadoop.ozone.container.common.volume.HddsVolume@4b56b031
2019-06-13 22:01:10,609 INFO  datanode.InitDatanodeState (InitDatanodeState.java:persistContainerDatanodeDetails(140)) - DatanodeDetails is persisted to /opt/src/hadoop-ozone/integration-test/target/test-dir/MiniOzoneClusterImpl-67c7b437-dd20-4fa0-94bc-1ff62c795a03/datanode-1/meta/datanode.id
2019-06-13 22:01:10,612 INFO  ratis.XceiverServerRatis (XceiverServerRatis.java:newXceiverServerRatis(401)) - Found a free port for the server : 36313
2019-06-13 22:01:10,613 INFO  impl.RaftServerProxy (ConfUtils.java:logGet(43)) - raft.rpc.type = GRPC (default)
2019-06-13 22:01:10,613 INFO  grpc.GrpcConfigKeys$Server (ConfUtils.java:logGet(43)) - raft.grpc.server.port = 36313 (custom)
2019-06-13 22:01:10,613 INFO  server.GrpcService (ConfUtils.java:logGet(43)) - raft.grpc.message.size.max = 33570816 (custom)
2019-06-13 22:01:10,614 INFO  server.RaftServerConfigKeys (ConfUtils.java:logGet(43)) - raft.server.log.appender.buffer.byte-limit = 33554432 (custom)
2019-06-13 22:01:10,614 INFO  server.GrpcService (ConfUtils.java:logGet(43)) - raft.grpc.flow.control.window = 1MB (=1048576) (default)
2019-06-13 22:01:10,614 INFO  server.RaftServerConfigKeys (ConfUtils.java:logGet(43)) - raft.server.rpc.request.timeout = 3000ms (default)
2019-06-13 22:01:10,615 INFO  server.RaftServerConfigKeys (ConfUtils.java:logGet(43)) - raft.server.storage.dir = [/opt/src/hadoop-ozone/integration-test/target/test-dir/MiniOzoneClusterImpl-67c7b437-dd20-4fa0-94bc-1ff62c795a03/datanode-2/data/ratis] (custom)
2019-06-13 22:01:10,615 INFO  server.XceiverServerGrpc (XceiverServerGrpc.java:<init>(97)) - Found a free port for the server : 34413
2019-06-13 22:01:10,616 INFO  replication.SimpleContainerDownloader (SimpleContainerDownloader.java:<init>(72)) - Starting container downloader service to copy containers to replicate.
2019-06-13 22:01:10,618 INFO  hdfs.DFSUtil (DFSUtil.java:httpServerTemplateForNNAndJN(1641)) - Starting Web-server for hddsDatanode at: http://0.0.0.0:0
2019-06-13 22:01:10,620 INFO  server.AuthenticationFilter (AuthenticationFilter.java:constructSecretProvider(240)) - Unable to initialize FileSignerSecretProvider, falling back to use random secrets.
2019-06-13 22:01:10,620 WARN  http.HttpRequestLog (HttpRequestLog.java:getRequestLog(97)) - Jetty request log can only be enabled using Log4j
2019-06-13 22:01:10,622 INFO  http.HttpServer2 (HttpServer2.java:addGlobalFilter(975)) - Added global filter 'safety' (class=org.apache.hadoop.http.HttpServer2$QuotingInputFilter)
2019-06-13 22:01:10,623 INFO  http.HttpServer2 (HttpServer2.java:addFilter(948)) - Added filter static_user_filter (class=org.apache.hadoop.http.lib.StaticUserWebFilter$StaticUserFilter) to context hddsDatanode
2019-06-13 22:01:10,623 INFO  http.HttpServer2 (HttpServer2.java:addFilter(958)) - Added filter static_user_filter (class=org.apache.hadoop.http.lib.StaticUserWebFilter$StaticUserFilter) to context logs
2019-06-13 22:01:10,623 INFO  http.HttpServer2 (HttpServer2.java:addFilter(958)) - Added filter static_user_filter (class=org.apache.hadoop.http.lib.StaticUserWebFilter$StaticUserFilter) to context static
2019-06-13 22:01:10,624 INFO  http.HttpServer2 (HttpServer2.java:bindListener(1191)) - Jetty bound to port 41037
2019-06-13 22:01:10,624 INFO  server.Server (Server.java:doStart(351)) - jetty-9.3.24.v20180605, build timestamp: 2018-06-05T17:11:56Z, git hash: 84205aa28f11a4f31f2a3b86d1bba2cc8ab69827
2019-06-13 22:01:10,635 INFO  handler.ContextHandler (ContextHandler.java:doStart(781)) - Started o.e.j.s.ServletContextHandler@2443abd6{/logs,file:///opt/src/hadoop-ozone/integration-test/target/log,AVAILABLE}
2019-06-13 22:01:10,636 INFO  handler.ContextHandler (ContextHandler.java:doStart(781)) - Started o.e.j.s.ServletContextHandler@bd3eff4{/static,jar:file:/root/.m2/repository/org/apache/hadoop/hadoop-hdds-container-service/0.5.0-SNAPSHOT/hadoop-hdds-container-service-0.5.0-SNAPSHOT.jar!/webapps/static,AVAILABLE}
2019-06-13 22:01:10,671 INFO  handler.ContextHandler (ContextHandler.java:doStart(781)) - Started o.e.j.w.WebAppContext@4e80a001{/,file:///tmp/jetty-0.0.0.0-41037-hddsDatanode-_-any-3739124506121074109.dir/webapp/,AVAILABLE}{/hddsDatanode}
2019-06-13 22:01:10,671 INFO  server.AbstractConnector (AbstractConnector.java:doStart(278)) - Started ServerConnector@624b523{HTTP/1.1,[http/1.1]}{0.0.0.0:41037}
2019-06-13 22:01:10,672 INFO  server.Server (Server.java:doStart(419)) - Started @6232ms
2019-06-13 22:01:10,679 INFO  server.BaseHttpServer (BaseHttpServer.java:updateConnectorAddress(207)) - HTTP server of HDDSDATANODE is listening at http://0.0.0.0:41037
2019-06-13 22:01:11,031 INFO  ozone.HddsDatanodeService (HddsDatanodeService.java:startPlugins(396)) - Started plug-in org.apache.hadoop.ozone.web.OzoneHddsDatanodeService@11c78080
2019-06-13 22:01:11,043 INFO  impl.MetricsSystemImpl (MetricsSystemImpl.java:init(158)) - HddsDatanode metrics system started (again)
2019-06-13 22:01:11,045 INFO  ozone.HddsDatanodeService (HddsDatanodeService.java:start(185)) - HddsDatanodeService host:ozone-mzc6g-2359123782 ip:192.168.105.169
2019-06-13 22:01:11,074 INFO  util.JvmPauseMonitor (JvmPauseMonitor.java:run(188)) - Starting JVM pause monitor
2019-06-13 22:01:11,082 INFO  datanode.InitDatanodeState (InitDatanodeState.java:persistContainerDatanodeDetails(140)) - DatanodeDetails is persisted to /opt/src/hadoop-ozone/integration-test/target/test-dir/MiniOzoneClusterImpl-67c7b437-dd20-4fa0-94bc-1ff62c795a03/datanode-2/meta/datanode.id
2019-06-13 22:01:11,093 INFO  volume.HddsVolume (HddsVolume.java:<init>(176)) - Creating Volume: /opt/src/hadoop-ozone/integration-test/target/test-dir/MiniOzoneClusterImpl-67c7b437-dd20-4fa0-94bc-1ff62c795a03/datanode-3/data/containers/hdds of  storage type : DISK and capacity : 104021790720
2019-06-13 22:01:11,094 INFO  volume.VolumeSet (VolumeSet.java:initializeVolumeSet(170)) - Added Volume : /opt/src/hadoop-ozone/integration-test/target/test-dir/MiniOzoneClusterImpl-67c7b437-dd20-4fa0-94bc-1ff62c795a03/datanode-3/data/containers/hdds to VolumeSet
2019-06-13 22:01:11,094 INFO  volume.ThrottledAsyncChecker (ThrottledAsyncChecker.java:schedule(140)) - Scheduling a check for org.apache.hadoop.ozone.container.common.volume.HddsVolume@7c11d32
2019-06-13 22:01:11,097 INFO  volume.HddsVolumeChecker (HddsVolumeChecker.java:checkAllVolumes(203)) - Scheduled health check for volume org.apache.hadoop.ozone.container.common.volume.HddsVolume@7c11d32
2019-06-13 22:01:11,120 INFO  ratis.XceiverServerRatis (XceiverServerRatis.java:newXceiverServerRatis(401)) - Found a free port for the server : 38875
2019-06-13 22:01:11,121 INFO  impl.RaftServerProxy (ConfUtils.java:logGet(43)) - raft.rpc.type = GRPC (default)
2019-06-13 22:01:11,121 INFO  grpc.GrpcConfigKeys$Server (ConfUtils.java:logGet(43)) - raft.grpc.server.port = 38875 (custom)
2019-06-13 22:01:11,122 INFO  server.GrpcService (ConfUtils.java:logGet(43)) - raft.grpc.message.size.max = 33570816 (custom)
2019-06-13 22:01:11,122 INFO  server.RaftServerConfigKeys (ConfUtils.java:logGet(43)) - raft.server.log.appender.buffer.byte-limit = 33554432 (custom)
2019-06-13 22:01:11,123 INFO  server.GrpcService (ConfUtils.java:logGet(43)) - raft.grpc.flow.control.window = 1MB (=1048576) (default)
2019-06-13 22:01:11,123 INFO  server.RaftServerConfigKeys (ConfUtils.java:logGet(43)) - raft.server.rpc.request.timeout = 3000ms (default)
2019-06-13 22:01:11,127 INFO  server.RaftServerConfigKeys (ConfUtils.java:logGet(43)) - raft.server.storage.dir = [/opt/src/hadoop-ozone/integration-test/target/test-dir/MiniOzoneClusterImpl-67c7b437-dd20-4fa0-94bc-1ff62c795a03/datanode-3/data/ratis] (custom)
2019-06-13 22:01:11,128 INFO  server.XceiverServerGrpc (XceiverServerGrpc.java:<init>(97)) - Found a free port for the server : 45573
2019-06-13 22:01:11,128 INFO  replication.SimpleContainerDownloader (SimpleContainerDownloader.java:<init>(72)) - Starting container downloader service to copy containers to replicate.
2019-06-13 22:01:11,133 INFO  hdfs.DFSUtil (DFSUtil.java:httpServerTemplateForNNAndJN(1641)) - Starting Web-server for hddsDatanode at: http://0.0.0.0:0
2019-06-13 22:01:11,135 INFO  server.AuthenticationFilter (AuthenticationFilter.java:constructSecretProvider(240)) - Unable to initialize FileSignerSecretProvider, falling back to use random secrets.
2019-06-13 22:01:11,138 WARN  http.HttpRequestLog (HttpRequestLog.java:getRequestLog(97)) - Jetty request log can only be enabled using Log4j
2019-06-13 22:01:11,140 INFO  http.HttpServer2 (HttpServer2.java:addGlobalFilter(975)) - Added global filter 'safety' (class=org.apache.hadoop.http.HttpServer2$QuotingInputFilter)
2019-06-13 22:01:11,143 INFO  http.HttpServer2 (HttpServer2.java:addFilter(948)) - Added filter static_user_filter (class=org.apache.hadoop.http.lib.StaticUserWebFilter$StaticUserFilter) to context hddsDatanode
2019-06-13 22:01:11,143 INFO  http.HttpServer2 (HttpServer2.java:addFilter(958)) - Added filter static_user_filter (class=org.apache.hadoop.http.lib.StaticUserWebFilter$StaticUserFilter) to context logs
2019-06-13 22:01:11,144 INFO  http.HttpServer2 (HttpServer2.java:addFilter(958)) - Added filter static_user_filter (class=org.apache.hadoop.http.lib.StaticUserWebFilter$StaticUserFilter) to context static
2019-06-13 22:01:11,145 INFO  http.HttpServer2 (HttpServer2.java:bindListener(1191)) - Jetty bound to port 36625
2019-06-13 22:01:11,146 INFO  server.Server (Server.java:doStart(351)) - jetty-9.3.24.v20180605, build timestamp: 2018-06-05T17:11:56Z, git hash: 84205aa28f11a4f31f2a3b86d1bba2cc8ab69827
2019-06-13 22:01:11,150 INFO  handler.ContextHandler (ContextHandler.java:doStart(781)) - Started o.e.j.s.ServletContextHandler@25974207{/logs,file:///opt/src/hadoop-ozone/integration-test/target/log,AVAILABLE}
2019-06-13 22:01:11,152 INFO  handler.ContextHandler (ContextHandler.java:doStart(781)) - Started o.e.j.s.ServletContextHandler@195113de{/static,jar:file:/root/.m2/repository/org/apache/hadoop/hadoop-hdds-container-service/0.5.0-SNAPSHOT/hadoop-hdds-container-service-0.5.0-SNAPSHOT.jar!/webapps/static,AVAILABLE}
2019-06-13 22:01:11,199 INFO  handler.ContextHandler (ContextHandler.java:doStart(781)) - Started o.e.j.w.WebAppContext@74c9e11{/,file:///tmp/jetty-0.0.0.0-36625-hddsDatanode-_-any-2478572417440321366.dir/webapp/,AVAILABLE}{/hddsDatanode}
2019-06-13 22:01:11,200 INFO  server.AbstractConnector (AbstractConnector.java:doStart(278)) - Started ServerConnector@9fe720a{HTTP/1.1,[http/1.1]}{0.0.0.0:36625}
2019-06-13 22:01:11,201 INFO  server.Server (Server.java:doStart(419)) - Started @6762ms
2019-06-13 22:01:11,202 INFO  server.BaseHttpServer (BaseHttpServer.java:updateConnectorAddress(207)) - HTTP server of HDDSDATANODE is listening at http://0.0.0.0:36625
2019-06-13 22:01:11,344 INFO  ozone.HddsDatanodeService (HddsDatanodeService.java:startPlugins(396)) - Started plug-in org.apache.hadoop.ozone.web.OzoneHddsDatanodeService@76216830
2019-06-13 22:01:11,345 INFO  impl.MetricsSystemImpl (MetricsSystemImpl.java:init(158)) - HddsDatanode metrics system started (again)
2019-06-13 22:01:11,345 INFO  ozone.HddsDatanodeService (HddsDatanodeService.java:start(185)) - HddsDatanodeService host:ozone-mzc6g-2359123782 ip:192.168.105.169
2019-06-13 22:01:11,357 INFO  util.JvmPauseMonitor (JvmPauseMonitor.java:run(188)) - Starting JVM pause monitor
2019-06-13 22:01:11,359 INFO  datanode.InitDatanodeState (InitDatanodeState.java:persistContainerDatanodeDetails(140)) - DatanodeDetails is persisted to /opt/src/hadoop-ozone/integration-test/target/test-dir/MiniOzoneClusterImpl-67c7b437-dd20-4fa0-94bc-1ff62c795a03/datanode-3/meta/datanode.id
2019-06-13 22:01:11,382 INFO  volume.HddsVolume (HddsVolume.java:<init>(176)) - Creating Volume: /opt/src/hadoop-ozone/integration-test/target/test-dir/MiniOzoneClusterImpl-67c7b437-dd20-4fa0-94bc-1ff62c795a03/datanode-4/data/containers/hdds of  storage type : DISK and capacity : 104021790720
2019-06-13 22:01:11,383 INFO  volume.VolumeSet (VolumeSet.java:initializeVolumeSet(170)) - Added Volume : /opt/src/hadoop-ozone/integration-test/target/test-dir/MiniOzoneClusterImpl-67c7b437-dd20-4fa0-94bc-1ff62c795a03/datanode-4/data/containers/hdds to VolumeSet
2019-06-13 22:01:11,383 INFO  volume.ThrottledAsyncChecker (ThrottledAsyncChecker.java:schedule(140)) - Scheduling a check for org.apache.hadoop.ozone.container.common.volume.HddsVolume@391d1e33
2019-06-13 22:01:11,386 INFO  volume.HddsVolumeChecker (HddsVolumeChecker.java:checkAllVolumes(203)) - Scheduled health check for volume org.apache.hadoop.ozone.container.common.volume.HddsVolume@391d1e33
2019-06-13 22:01:11,396 INFO  ratis.XceiverServerRatis (XceiverServerRatis.java:newXceiverServerRatis(401)) - Found a free port for the server : 39691
2019-06-13 22:01:11,397 INFO  impl.RaftServerProxy (ConfUtils.java:logGet(43)) - raft.rpc.type = GRPC (default)
2019-06-13 22:01:11,398 INFO  grpc.GrpcConfigKeys$Server (ConfUtils.java:logGet(43)) - raft.grpc.server.port = 39691 (custom)
2019-06-13 22:01:11,398 INFO  server.GrpcService (ConfUtils.java:logGet(43)) - raft.grpc.message.size.max = 33570816 (custom)
2019-06-13 22:01:11,398 INFO  server.RaftServerConfigKeys (ConfUtils.java:logGet(43)) - raft.server.log.appender.buffer.byte-limit = 33554432 (custom)
2019-06-13 22:01:11,398 INFO  server.GrpcService (ConfUtils.java:logGet(43)) - raft.grpc.flow.control.window = 1MB (=1048576) (default)
2019-06-13 22:01:11,399 INFO  server.RaftServerConfigKeys (ConfUtils.java:logGet(43)) - raft.server.rpc.request.timeout = 3000ms (default)
2019-06-13 22:01:11,399 INFO  server.RaftServerConfigKeys (ConfUtils.java:logGet(43)) - raft.server.storage.dir = [/opt/src/hadoop-ozone/integration-test/target/test-dir/MiniOzoneClusterImpl-67c7b437-dd20-4fa0-94bc-1ff62c795a03/datanode-4/data/ratis] (custom)
2019-06-13 22:01:11,400 INFO  server.XceiverServerGrpc (XceiverServerGrpc.java:<init>(97)) - Found a free port for the server : 38317
2019-06-13 22:01:11,400 INFO  replication.SimpleContainerDownloader (SimpleContainerDownloader.java:<init>(72)) - Starting container downloader service to copy containers to replicate.
2019-06-13 22:01:11,401 INFO  hdfs.DFSUtil (DFSUtil.java:httpServerTemplateForNNAndJN(1641)) - Starting Web-server for hddsDatanode at: http://0.0.0.0:0
2019-06-13 22:01:11,404 INFO  server.AuthenticationFilter (AuthenticationFilter.java:constructSecretProvider(240)) - Unable to initialize FileSignerSecretProvider, falling back to use random secrets.
2019-06-13 22:01:11,404 WARN  http.HttpRequestLog (HttpRequestLog.java:getRequestLog(97)) - Jetty request log can only be enabled using Log4j
2019-06-13 22:01:11,406 INFO  http.HttpServer2 (HttpServer2.java:addGlobalFilter(975)) - Added global filter 'safety' (class=org.apache.hadoop.http.HttpServer2$QuotingInputFilter)
2019-06-13 22:01:11,407 INFO  http.HttpServer2 (HttpServer2.java:addFilter(948)) - Added filter static_user_filter (class=org.apache.hadoop.http.lib.StaticUserWebFilter$StaticUserFilter) to context hddsDatanode
2019-06-13 22:01:11,407 INFO  http.HttpServer2 (HttpServer2.java:addFilter(958)) - Added filter static_user_filter (class=org.apache.hadoop.http.lib.StaticUserWebFilter$StaticUserFilter) to context static
2019-06-13 22:01:11,408 INFO  http.HttpServer2 (HttpServer2.java:addFilter(958)) - Added filter static_user_filter (class=org.apache.hadoop.http.lib.StaticUserWebFilter$StaticUserFilter) to context logs
2019-06-13 22:01:11,409 INFO  http.HttpServer2 (HttpServer2.java:bindListener(1191)) - Jetty bound to port 45841
2019-06-13 22:01:11,412 INFO  server.Server (Server.java:doStart(351)) - jetty-9.3.24.v20180605, build timestamp: 2018-06-05T17:11:56Z, git hash: 84205aa28f11a4f31f2a3b86d1bba2cc8ab69827
2019-06-13 22:01:11,428 INFO  handler.ContextHandler (ContextHandler.java:doStart(781)) - Started o.e.j.s.ServletContextHandler@6f38f084{/logs,file:///opt/src/hadoop-ozone/integration-test/target/log,AVAILABLE}
2019-06-13 22:01:11,428 INFO  handler.ContextHandler (ContextHandler.java:doStart(781)) - Started o.e.j.s.ServletContextHandler@372f0a99{/static,jar:file:/root/.m2/repository/org/apache/hadoop/hadoop-hdds-container-service/0.5.0-SNAPSHOT/hadoop-hdds-container-service-0.5.0-SNAPSHOT.jar!/webapps/static,AVAILABLE}
2019-06-13 22:01:11,467 INFO  handler.ContextHandler (ContextHandler.java:doStart(781)) - Started o.e.j.w.WebAppContext@6b2fdffc{/,file:///tmp/jetty-0.0.0.0-45841-hddsDatanode-_-any-3096034018120174536.dir/webapp/,AVAILABLE}{/hddsDatanode}
2019-06-13 22:01:11,468 INFO  server.AbstractConnector (AbstractConnector.java:doStart(278)) - Started ServerConnector@2ca3d826{HTTP/1.1,[http/1.1]}{0.0.0.0:45841}
2019-06-13 22:01:11,468 INFO  server.Server (Server.java:doStart(419)) - Started @7029ms
2019-06-13 22:01:11,470 INFO  server.BaseHttpServer (BaseHttpServer.java:updateConnectorAddress(207)) - HTTP server of HDDSDATANODE is listening at http://0.0.0.0:45841
2019-06-13 22:01:11,648 INFO  ozone.HddsDatanodeService (HddsDatanodeService.java:startPlugins(396)) - Started plug-in org.apache.hadoop.ozone.web.OzoneHddsDatanodeService@624b3544
2019-06-13 22:01:11,648 INFO  impl.MetricsSystemImpl (MetricsSystemImpl.java:init(158)) - HddsDatanode metrics system started (again)
2019-06-13 22:01:11,650 INFO  ozone.HddsDatanodeService (HddsDatanodeService.java:start(185)) - HddsDatanodeService host:ozone-mzc6g-2359123782 ip:192.168.105.169
2019-06-13 22:01:11,657 INFO  util.JvmPauseMonitor (JvmPauseMonitor.java:run(188)) - Starting JVM pause monitor
2019-06-13 22:01:11,663 INFO  datanode.InitDatanodeState (InitDatanodeState.java:persistContainerDatanodeDetails(140)) - DatanodeDetails is persisted to /opt/src/hadoop-ozone/integration-test/target/test-dir/MiniOzoneClusterImpl-67c7b437-dd20-4fa0-94bc-1ff62c795a03/datanode-4/meta/datanode.id
2019-06-13 22:01:11,673 INFO  volume.HddsVolume (HddsVolume.java:<init>(176)) - Creating Volume: /opt/src/hadoop-ozone/integration-test/target/test-dir/MiniOzoneClusterImpl-67c7b437-dd20-4fa0-94bc-1ff62c795a03/datanode-5/data/containers/hdds of  storage type : DISK and capacity : 104021790720
2019-06-13 22:01:11,673 INFO  volume.VolumeSet (VolumeSet.java:initializeVolumeSet(170)) - Added Volume : /opt/src/hadoop-ozone/integration-test/target/test-dir/MiniOzoneClusterImpl-67c7b437-dd20-4fa0-94bc-1ff62c795a03/datanode-5/data/containers/hdds to VolumeSet
2019-06-13 22:01:11,674 INFO  volume.ThrottledAsyncChecker (ThrottledAsyncChecker.java:schedule(140)) - Scheduling a check for org.apache.hadoop.ozone.container.common.volume.HddsVolume@55a0f011
2019-06-13 22:01:11,675 INFO  volume.HddsVolumeChecker (HddsVolumeChecker.java:checkAllVolumes(203)) - Scheduled health check for volume org.apache.hadoop.ozone.container.common.volume.HddsVolume@55a0f011
2019-06-13 22:01:11,685 INFO  ratis.XceiverServerRatis (XceiverServerRatis.java:newXceiverServerRatis(401)) - Found a free port for the server : 33685
2019-06-13 22:01:11,687 INFO  impl.RaftServerProxy (ConfUtils.java:logGet(43)) - raft.rpc.type = GRPC (default)
2019-06-13 22:01:11,687 INFO  grpc.GrpcConfigKeys$Server (ConfUtils.java:logGet(43)) - raft.grpc.server.port = 33685 (custom)
2019-06-13 22:01:11,687 INFO  server.GrpcService (ConfUtils.java:logGet(43)) - raft.grpc.message.size.max = 33570816 (custom)
2019-06-13 22:01:11,688 INFO  server.RaftServerConfigKeys (ConfUtils.java:logGet(43)) - raft.server.log.appender.buffer.byte-limit = 33554432 (custom)
2019-06-13 22:01:11,688 INFO  server.GrpcService (ConfUtils.java:logGet(43)) - raft.grpc.flow.control.window = 1MB (=1048576) (default)
2019-06-13 22:01:11,688 INFO  server.RaftServerConfigKeys (ConfUtils.java:logGet(43)) - raft.server.rpc.request.timeout = 3000ms (default)
2019-06-13 22:01:11,689 INFO  server.RaftServerConfigKeys (ConfUtils.java:logGet(43)) - raft.server.storage.dir = [/opt/src/hadoop-ozone/integration-test/target/test-dir/MiniOzoneClusterImpl-67c7b437-dd20-4fa0-94bc-1ff62c795a03/datanode-5/data/ratis] (custom)
2019-06-13 22:01:11,689 INFO  server.XceiverServerGrpc (XceiverServerGrpc.java:<init>(97)) - Found a free port for the server : 42657
2019-06-13 22:01:11,696 INFO  replication.SimpleContainerDownloader (SimpleContainerDownloader.java:<init>(72)) - Starting container downloader service to copy containers to replicate.
2019-06-13 22:01:11,701 INFO  hdfs.DFSUtil (DFSUtil.java:httpServerTemplateForNNAndJN(1641)) - Starting Web-server for hddsDatanode at: http://0.0.0.0:0
2019-06-13 22:01:11,702 INFO  server.AuthenticationFilter (AuthenticationFilter.java:constructSecretProvider(240)) - Unable to initialize FileSignerSecretProvider, falling back to use random secrets.
2019-06-13 22:01:11,705 WARN  http.HttpRequestLog (HttpRequestLog.java:getRequestLog(97)) - Jetty request log can only be enabled using Log4j
2019-06-13 22:01:11,708 INFO  http.HttpServer2 (HttpServer2.java:addGlobalFilter(975)) - Added global filter 'safety' (class=org.apache.hadoop.http.HttpServer2$QuotingInputFilter)
2019-06-13 22:01:11,709 INFO  http.HttpServer2 (HttpServer2.java:addFilter(948)) - Added filter static_user_filter (class=org.apache.hadoop.http.lib.StaticUserWebFilter$StaticUserFilter) to context hddsDatanode
2019-06-13 22:01:11,709 INFO  http.HttpServer2 (HttpServer2.java:addFilter(958)) - Added filter static_user_filter (class=org.apache.hadoop.http.lib.StaticUserWebFilter$StaticUserFilter) to context logs
2019-06-13 22:01:11,709 INFO  http.HttpServer2 (HttpServer2.java:addFilter(958)) - Added filter static_user_filter (class=org.apache.hadoop.http.lib.StaticUserWebFilter$StaticUserFilter) to context static
2019-06-13 22:01:11,710 INFO  http.HttpServer2 (HttpServer2.java:bindListener(1191)) - Jetty bound to port 39065
2019-06-13 22:01:11,710 INFO  server.Server (Server.java:doStart(351)) - jetty-9.3.24.v20180605, build timestamp: 2018-06-05T17:11:56Z, git hash: 84205aa28f11a4f31f2a3b86d1bba2cc8ab69827
2019-06-13 22:01:11,726 INFO  handler.ContextHandler (ContextHandler.java:doStart(781)) - Started o.e.j.s.ServletContextHandler@23e61112{/logs,file:///opt/src/hadoop-ozone/integration-test/target/log,AVAILABLE}
2019-06-13 22:01:11,727 INFO  handler.ContextHandler (ContextHandler.java:doStart(781)) - Started o.e.j.s.ServletContextHandler@61b60600{/static,jar:file:/root/.m2/repository/org/apache/hadoop/hadoop-hdds-container-service/0.5.0-SNAPSHOT/hadoop-hdds-container-service-0.5.0-SNAPSHOT.jar!/webapps/static,AVAILABLE}
2019-06-13 22:01:11,756 INFO  handler.ContextHandler (ContextHandler.java:doStart(781)) - Started o.e.j.w.WebAppContext@245cb8df{/,file:///tmp/jetty-0.0.0.0-39065-hddsDatanode-_-any-2411608860158703176.dir/webapp/,AVAILABLE}{/hddsDatanode}
2019-06-13 22:01:11,760 INFO  server.AbstractConnector (AbstractConnector.java:doStart(278)) - Started ServerConnector@26b3c9a2{HTTP/1.1,[http/1.1]}{0.0.0.0:39065}
2019-06-13 22:01:11,761 INFO  server.Server (Server.java:doStart(419)) - Started @7322ms
2019-06-13 22:01:11,762 INFO  server.BaseHttpServer (BaseHttpServer.java:updateConnectorAddress(207)) - HTTP server of HDDSDATANODE is listening at http://0.0.0.0:39065
2019-06-13 22:01:11,929 INFO  ozone.HddsDatanodeService (HddsDatanodeService.java:startPlugins(396)) - Started plug-in org.apache.hadoop.ozone.web.OzoneHddsDatanodeService@4662752a
2019-06-13 22:01:11,930 INFO  ozone.MiniOzoneClusterImpl (MiniOzoneClusterImpl.java:lambda$waitForClusterToBeReady$0(142)) - Waiting for cluster to be ready. Got 0 of 6 DN Heartbeats.
2019-06-13 22:01:11,938 INFO  util.JvmPauseMonitor (JvmPauseMonitor.java:run(188)) - Starting JVM pause monitor
2019-06-13 22:01:11,940 INFO  datanode.InitDatanodeState (InitDatanodeState.java:persistContainerDatanodeDetails(140)) - DatanodeDetails is persisted to /opt/src/hadoop-ozone/integration-test/target/test-dir/MiniOzoneClusterImpl-67c7b437-dd20-4fa0-94bc-1ff62c795a03/datanode-5/meta/datanode.id
2019-06-13 22:01:12,041 INFO  ozoneimpl.OzoneContainer (OzoneContainer.java:start(186)) - Attempting to start container services.
2019-06-13 22:01:12,042 INFO  ozoneimpl.OzoneContainer (OzoneContainer.java:startContainerScrub(160)) - Background container scrubber has been disabled by hdds.containerscrub.enabled
2019-06-13 22:01:12,042 INFO  ratis.XceiverServerRatis (XceiverServerRatis.java:start(418)) - Starting XceiverServerRatis ce8ad9f5-10ff-4867-81fa-1324774e200e at port 42773
2019-06-13 22:01:12,062 INFO  impl.RaftServerProxy (RaftServerProxy.java:lambda$start$3(299)) - ce8ad9f5-10ff-4867-81fa-1324774e200e: start RPC server
2019-06-13 22:01:12,242 INFO  server.GrpcService (GrpcService.java:startImpl(148)) - ce8ad9f5-10ff-4867-81fa-1324774e200e: GrpcService started, listening on 0.0.0.0/0.0.0.0:42773
2019-06-13 22:01:12,569 INFO  ozoneimpl.OzoneContainer (OzoneContainer.java:start(186)) - Attempting to start container services.
2019-06-13 22:01:12,571 INFO  ozoneimpl.OzoneContainer (OzoneContainer.java:startContainerScrub(160)) - Background container scrubber has been disabled by hdds.containerscrub.enabled
2019-06-13 22:01:12,571 INFO  ratis.XceiverServerRatis (XceiverServerRatis.java:start(418)) - Starting XceiverServerRatis b650e281-2877-4fa9-a30c-25da4d5fd5f2 at port 36107
2019-06-13 22:01:12,606 INFO  impl.RaftServerProxy (RaftServerProxy.java:lambda$start$3(299)) - b650e281-2877-4fa9-a30c-25da4d5fd5f2: start RPC server
2019-06-13 22:01:12,611 INFO  server.GrpcService (GrpcService.java:startImpl(148)) - b650e281-2877-4fa9-a30c-25da4d5fd5f2: GrpcService started, listening on 0.0.0.0/0.0.0.0:36107
2019-06-13 22:01:12,931 INFO  ozone.MiniOzoneClusterImpl (MiniOzoneClusterImpl.java:lambda$waitForClusterToBeReady$0(142)) - Waiting for cluster to be ready. Got 0 of 6 DN Heartbeats.
2019-06-13 22:01:13,079 INFO  ozoneimpl.OzoneContainer (OzoneContainer.java:start(186)) - Attempting to start container services.
2019-06-13 22:01:13,081 INFO  ozoneimpl.OzoneContainer (OzoneContainer.java:startContainerScrub(160)) - Background container scrubber has been disabled by hdds.containerscrub.enabled
2019-06-13 22:01:13,081 INFO  ratis.XceiverServerRatis (XceiverServerRatis.java:start(418)) - Starting XceiverServerRatis e693b55e-b5dc-4feb-879c-53a79980c3ff at port 36313
2019-06-13 22:01:13,089 INFO  impl.RaftServerProxy (RaftServerProxy.java:lambda$start$3(299)) - e693b55e-b5dc-4feb-879c-53a79980c3ff: start RPC server
2019-06-13 22:01:13,091 INFO  server.GrpcService (GrpcService.java:startImpl(148)) - e693b55e-b5dc-4feb-879c-53a79980c3ff: GrpcService started, listening on 0.0.0.0/0.0.0.0:36313
2019-06-13 22:01:13,363 INFO  ozoneimpl.OzoneContainer (OzoneContainer.java:start(186)) - Attempting to start container services.
2019-06-13 22:01:13,365 INFO  ozoneimpl.OzoneContainer (OzoneContainer.java:startContainerScrub(160)) - Background container scrubber has been disabled by hdds.containerscrub.enabled
2019-06-13 22:01:13,365 INFO  ratis.XceiverServerRatis (XceiverServerRatis.java:start(418)) - Starting XceiverServerRatis 43460255-ece8-46de-a2d5-2777c0f66617 at port 38875
2019-06-13 22:01:13,377 INFO  impl.RaftServerProxy (RaftServerProxy.java:lambda$start$3(299)) - 43460255-ece8-46de-a2d5-2777c0f66617: start RPC server
2019-06-13 22:01:13,380 INFO  server.GrpcService (GrpcService.java:startImpl(148)) - 43460255-ece8-46de-a2d5-2777c0f66617: GrpcService started, listening on 0.0.0.0/0.0.0.0:38875
2019-06-13 22:01:13,663 INFO  ozoneimpl.OzoneContainer (OzoneContainer.java:start(186)) - Attempting to start container services.
2019-06-13 22:01:13,665 INFO  ozoneimpl.OzoneContainer (OzoneContainer.java:startContainerScrub(160)) - Background container scrubber has been disabled by hdds.containerscrub.enabled
2019-06-13 22:01:13,665 INFO  ratis.XceiverServerRatis (XceiverServerRatis.java:start(418)) - Starting XceiverServerRatis 7f43077b-fc59-4f39-9f53-e8b52b415d0f at port 39691
2019-06-13 22:01:13,668 INFO  impl.RaftServerProxy (RaftServerProxy.java:lambda$start$3(299)) - 7f43077b-fc59-4f39-9f53-e8b52b415d0f: start RPC server
2019-06-13 22:01:13,670 INFO  server.GrpcService (GrpcService.java:startImpl(148)) - 7f43077b-fc59-4f39-9f53-e8b52b415d0f: GrpcService started, listening on 0.0.0.0/0.0.0.0:39691
2019-06-13 22:01:13,931 INFO  ozone.MiniOzoneClusterImpl (MiniOzoneClusterImpl.java:lambda$waitForClusterToBeReady$0(142)) - Waiting for cluster to be ready. Got 0 of 6 DN Heartbeats.
2019-06-13 22:01:13,943 INFO  ozoneimpl.OzoneContainer (OzoneContainer.java:start(186)) - Attempting to start container services.
2019-06-13 22:01:13,945 INFO  ozoneimpl.OzoneContainer (OzoneContainer.java:startContainerScrub(160)) - Background container scrubber has been disabled by hdds.containerscrub.enabled
2019-06-13 22:01:13,945 INFO  ratis.XceiverServerRatis (XceiverServerRatis.java:start(418)) - Starting XceiverServerRatis 27154fd6-4101-48d3-82aa-a948f98f5a29 at port 33685
2019-06-13 22:01:13,950 INFO  impl.RaftServerProxy (RaftServerProxy.java:lambda$start$3(299)) - 27154fd6-4101-48d3-82aa-a948f98f5a29: start RPC server
2019-06-13 22:01:13,952 INFO  server.GrpcService (GrpcService.java:startImpl(148)) - 27154fd6-4101-48d3-82aa-a948f98f5a29: GrpcService started, listening on 0.0.0.0/0.0.0.0:33685
2019-06-13 22:01:14,045 INFO  node.SCMNodeManager (SCMNodeManager.java:register(234)) - Registered Data node : ce8ad9f5-10ff-4867-81fa-1324774e200e{ip: 192.168.105.169, host: ozone-mzc6g-2359123782, networkLocation: /default-rack, certSerialId: null}
2019-06-13 22:01:14,062 INFO  safemode.SCMSafeModeManager (DataNodeSafeModeRule.java:process(71)) - SCM in safe mode. 1 DataNodes registered, 1 required.
2019-06-13 22:01:14,063 INFO  safemode.SCMSafeModeManager (SCMSafeModeManager.java:validateSafeModeExitRules(177)) - ScmSafeModeManager, all rules are successfully validated
2019-06-13 22:01:14,063 INFO  safemode.SCMSafeModeManager (SCMSafeModeManager.java:exitSafeMode(193)) - SCM exiting safe mode.
2019-06-13 22:01:14,570 INFO  node.SCMNodeManager (SCMNodeManager.java:register(234)) - Registered Data node : b650e281-2877-4fa9-a30c-25da4d5fd5f2{ip: 192.168.105.169, host: ozone-mzc6g-2359123782, networkLocation: /default-rack, certSerialId: null}
2019-06-13 22:01:14,714 INFO  impl.RaftServerProxy (RaftServerProxy.java:addNew(89)) - ce8ad9f5-10ff-4867-81fa-1324774e200e: addNew group-017A0D8066BE:[ce8ad9f5-10ff-4867-81fa-1324774e200e:192.168.105.169:42773] returns group-017A0D8066BE:java.util.concurrent.CompletableFuture@3b2551d4[Not completed]
2019-06-13 22:01:14,716 INFO  impl.RaftServerImpl (RaftServerImpl.java:<init>(91)) - ce8ad9f5-10ff-4867-81fa-1324774e200e: new RaftServerImpl for group-017A0D8066BE:[ce8ad9f5-10ff-4867-81fa-1324774e200e:192.168.105.169:42773] with ContainerStateMachine:uninitialized
2019-06-13 22:01:14,717 INFO  server.RaftServerConfigKeys (ConfUtils.java:logGet(43)) - raft.server.rpc.timeout.min = 1s (custom)
2019-06-13 22:01:14,718 INFO  server.RaftServerConfigKeys (ConfUtils.java:logGet(43)) - raft.server.rpc.timeout.max = 1200ms (custom)
2019-06-13 22:01:14,718 INFO  server.RaftServerConfigKeys (ConfUtils.java:logGet(43)) - raft.server.rpcslowness.timeout = 10s (custom)
2019-06-13 22:01:14,718 INFO  server.RaftServerConfigKeys (ConfUtils.java:logGet(43)) - raft.server.log.appender.install.snapshot.enabled = true (default)
2019-06-13 22:01:14,725 INFO  impl.RaftServerImpl (ServerState.java:<init>(101)) - ce8ad9f5-10ff-4867-81fa-1324774e200e:group-017A0D8066BE ConfigurationManager, init=-1: [ce8ad9f5-10ff-4867-81fa-1324774e200e:192.168.105.169:42773], old=null, confs=<EMPTY_MAP>
2019-06-13 22:01:14,725 INFO  server.RaftServerConfigKeys (ConfUtils.java:logGet(43)) - raft.server.storage.dir = [/opt/src/hadoop-ozone/integration-test/target/test-dir/MiniOzoneClusterImpl-67c7b437-dd20-4fa0-94bc-1ff62c795a03/datanode-0/data/ratis] (custom)
2019-06-13 22:01:14,732 INFO  storage.RaftStorageDirectory (RaftStorageDirectory.java:analyzeStorage(246)) - The storage directory /opt/src/hadoop-ozone/integration-test/target/test-dir/MiniOzoneClusterImpl-67c7b437-dd20-4fa0-94bc-1ff62c795a03/datanode-0/data/ratis/5815a073-b0d3-4413-b5ea-017a0d8066be does not exist. Creating ...
2019-06-13 22:01:14,738 INFO  storage.RaftStorageDirectory (RaftStorageDirectory.java:tryLock(328)) - Lock on /opt/src/hadoop-ozone/integration-test/target/test-dir/MiniOzoneClusterImpl-67c7b437-dd20-4fa0-94bc-1ff62c795a03/datanode-0/data/ratis/5815a073-b0d3-4413-b5ea-017a0d8066be/in_use.lock acquired by nodename 9975@ozone-mzc6g-2359123782
2019-06-13 22:01:14,742 INFO  storage.RaftStorage (RaftStorage.java:format(75)) - Storage directory /opt/src/hadoop-ozone/integration-test/target/test-dir/MiniOzoneClusterImpl-67c7b437-dd20-4fa0-94bc-1ff62c795a03/datanode-0/data/ratis/5815a073-b0d3-4413-b5ea-017a0d8066be has been successfully formatted.
2019-06-13 22:01:14,744 INFO  ratis.ContainerStateMachine (ContainerStateMachine.java:loadSnapshot(199)) - The snapshot info is null.Setting the last applied index to:(t:0, i:~)
2019-06-13 22:01:14,744 INFO  server.RaftServerConfigKeys (ConfUtils.java:logGet(43)) - raft.server.leader.election.timeout = 10s (custom)
2019-06-13 22:01:14,746 INFO  server.RaftServerConfigKeys (ConfUtils.java:logGet(43)) - raft.server.log.use.memory = false (default)
2019-06-13 22:01:14,749 INFO  server.RaftServerConfigKeys (ConfUtils.java:logGet(43)) - raft.server.log.appender.buffer.byte-limit = 33554432 (custom)
2019-06-13 22:01:14,752 INFO  server.RaftServerConfigKeys (ConfUtils.java:logGet(43)) - raft.server.log.segment.size.max = 16384 (custom)
2019-06-13 22:01:14,907 INFO  server.RaftServerConfigKeys (ConfUtils.java:logGet(43)) - raft.server.log.segment.cache.num.max = 2 (custom)
2019-06-13 22:01:14,910 INFO  storage.RaftLogWorker (RaftLogWorker.java:<init>(123)) - new ce8ad9f5-10ff-4867-81fa-1324774e200e-RaftLogWorker for Storage Directory /opt/src/hadoop-ozone/integration-test/target/test-dir/MiniOzoneClusterImpl-67c7b437-dd20-4fa0-94bc-1ff62c795a03/datanode-0/data/ratis/5815a073-b0d3-4413-b5ea-017a0d8066be
2019-06-13 22:01:14,911 INFO  server.RaftServerConfigKeys (ConfUtils.java:logGet(43)) - raft.server.log.queue.byte-limit = 2147483647 (custom)
2019-06-13 22:01:14,911 INFO  server.RaftServerConfigKeys (ConfUtils.java:logGet(43)) - raft.server.log.queue.element-limit = 1024 (custom)
2019-06-13 22:01:14,913 INFO  server.RaftServerConfigKeys (ConfUtils.java:logGet(43)) - raft.server.log.segment.size.max = 16384 (custom)
2019-06-13 22:01:14,914 INFO  server.RaftServerConfigKeys (ConfUtils.java:logGet(43)) - raft.server.log.preallocated.size = 16384 (custom)
2019-06-13 22:01:14,914 INFO  server.RaftServerConfigKeys (ConfUtils.java:logGet(43)) - raft.server.log.write.buffer.size = 33554432 (custom)
2019-06-13 22:01:14,915 INFO  server.RaftServerConfigKeys (ConfUtils.java:logGet(43)) - raft.server.log.force.sync.num = 128 (default)
2019-06-13 22:01:14,916 INFO  server.RaftServerConfigKeys (ConfUtils.java:logGet(43)) - raft.server.log.statemachine.data.sync = true (default)
2019-06-13 22:01:14,916 INFO  server.RaftServerConfigKeys (ConfUtils.java:logGet(43)) - raft.server.log.statemachine.data.sync.timeout = 10s (default)
2019-06-13 22:01:14,916 INFO  server.RaftServerConfigKeys (ConfUtils.java:logGet(43)) - raft.server.log.statemachine.data.sync.timeout.retry = -1 (default)
2019-06-13 22:01:14,919 INFO  server.RaftServerConfigKeys (ConfUtils.java:logGet(43)) - raft.server.log.statemachine.data.caching.enabled = true (custom)
2019-06-13 22:01:14,926 INFO  server.RaftServerConfigKeys (ConfUtils.java:logGet(43)) - raft.server.snapshot.auto.trigger.enabled = true (custom)
2019-06-13 22:01:14,927 INFO  server.RaftServerConfigKeys (ConfUtils.java:logGet(43)) - raft.server.snapshot.auto.trigger.threshold = 10000 (custom)
2019-06-13 22:01:14,927 INFO  server.RaftServerConfigKeys (ConfUtils.java:logGet(43)) - raft.server.retrycache.expirytime = 600000ms (custom)
2019-06-13 22:01:14,937 INFO  ozone.MiniOzoneClusterImpl (MiniOzoneClusterImpl.java:lambda$waitForClusterToBeReady$0(142)) - Waiting for cluster to be ready. Got 2 of 6 DN Heartbeats.
2019-06-13 22:01:14,946 INFO  impl.RaftServerImpl (RaftServerImpl.java:start(173)) - ce8ad9f5-10ff-4867-81fa-1324774e200e: start group-017A0D8066BE
2019-06-13 22:01:14,947 INFO  impl.RaftServerImpl (RaftServerImpl.java:setRole(164)) - ce8ad9f5-10ff-4867-81fa-1324774e200e:group-017A0D8066BE changes role from null to FOLLOWER at term 0 for startAsFollower
2019-06-13 22:01:14,949 INFO  impl.RoleInfo (RoleInfo.java:updateAndGet(143)) - ce8ad9f5-10ff-4867-81fa-1324774e200e: start FollowerState
2019-06-13 22:01:14,951 INFO  util.JmxRegister (JmxRegister.java:tryRegister(44)) - Successfully registered JMX Bean with object name Ratis:service=RaftServer,group=group-017A0D8066BE,id=ce8ad9f5-10ff-4867-81fa-1324774e200e
2019-06-13 22:01:15,022 INFO  pipeline.PipelineStateManager (PipelineStateManager.java:addPipeline(56)) - Created pipeline Pipeline[ Id: 5815a073-b0d3-4413-b5ea-017a0d8066be, Nodes: ce8ad9f5-10ff-4867-81fa-1324774e200e{ip: 192.168.105.169, host: ozone-mzc6g-2359123782, networkLocation: /default-rack, certSerialId: null}, Type:RATIS, Factor:ONE, State:OPEN]
2019-06-13 22:01:15,042 INFO  impl.RaftServerProxy (RaftServerProxy.java:addNew(89)) - b650e281-2877-4fa9-a30c-25da4d5fd5f2: addNew group-93FCD06E4F25:[b650e281-2877-4fa9-a30c-25da4d5fd5f2:192.168.105.169:36107] returns group-93FCD06E4F25:java.util.concurrent.CompletableFuture@75f81750[Not completed]
2019-06-13 22:01:15,043 INFO  impl.RaftServerImpl (RaftServerImpl.java:<init>(91)) - b650e281-2877-4fa9-a30c-25da4d5fd5f2: new RaftServerImpl for group-93FCD06E4F25:[b650e281-2877-4fa9-a30c-25da4d5fd5f2:192.168.105.169:36107] with ContainerStateMachine:uninitialized
2019-06-13 22:01:15,045 INFO  server.RaftServerConfigKeys (ConfUtils.java:logGet(43)) - raft.server.rpc.timeout.min = 1s (custom)
2019-06-13 22:01:15,045 INFO  server.RaftServerConfigKeys (ConfUtils.java:logGet(43)) - raft.server.rpc.timeout.max = 1200ms (custom)
2019-06-13 22:01:15,046 INFO  server.RaftServerConfigKeys (ConfUtils.java:logGet(43)) - raft.server.rpcslowness.timeout = 10s (custom)
2019-06-13 22:01:15,046 INFO  server.RaftServerConfigKeys (ConfUtils.java:logGet(43)) - raft.server.log.appender.install.snapshot.enabled = true (default)
2019-06-13 22:01:15,046 INFO  impl.RaftServerImpl (ServerState.java:<init>(101)) - b650e281-2877-4fa9-a30c-25da4d5fd5f2:group-93FCD06E4F25 ConfigurationManager, init=-1: [b650e281-2877-4fa9-a30c-25da4d5fd5f2:192.168.105.169:36107], old=null, confs=<EMPTY_MAP>
2019-06-13 22:01:15,046 INFO  server.RaftServerConfigKeys (ConfUtils.java:logGet(43)) - raft.server.storage.dir = [/opt/src/hadoop-ozone/integration-test/target/test-dir/MiniOzoneClusterImpl-67c7b437-dd20-4fa0-94bc-1ff62c795a03/datanode-1/data/ratis] (custom)
2019-06-13 22:01:15,046 INFO  storage.RaftStorageDirectory (RaftStorageDirectory.java:analyzeStorage(246)) - The storage directory /opt/src/hadoop-ozone/integration-test/target/test-dir/MiniOzoneClusterImpl-67c7b437-dd20-4fa0-94bc-1ff62c795a03/datanode-1/data/ratis/4b036884-4ab4-445a-b111-93fcd06e4f25 does not exist. Creating ...
2019-06-13 22:01:15,049 INFO  storage.RaftStorageDirectory (RaftStorageDirectory.java:tryLock(328)) - Lock on /opt/src/hadoop-ozone/integration-test/target/test-dir/MiniOzoneClusterImpl-67c7b437-dd20-4fa0-94bc-1ff62c795a03/datanode-1/data/ratis/4b036884-4ab4-445a-b111-93fcd06e4f25/in_use.lock acquired by nodename 9975@ozone-mzc6g-2359123782
2019-06-13 22:01:15,052 INFO  storage.RaftStorage (RaftStorage.java:format(75)) - Storage directory /opt/src/hadoop-ozone/integration-test/target/test-dir/MiniOzoneClusterImpl-67c7b437-dd20-4fa0-94bc-1ff62c795a03/datanode-1/data/ratis/4b036884-4ab4-445a-b111-93fcd06e4f25 has been successfully formatted.
2019-06-13 22:01:15,052 INFO  ratis.ContainerStateMachine (ContainerStateMachine.java:loadSnapshot(199)) - The snapshot info is null.Setting the last applied index to:(t:0, i:~)
2019-06-13 22:01:15,052 INFO  server.RaftServerConfigKeys (ConfUtils.java:logGet(43)) - raft.server.leader.election.timeout = 10s (custom)
2019-06-13 22:01:15,052 INFO  server.RaftServerConfigKeys (ConfUtils.java:logGet(43)) - raft.server.log.use.memory = false (default)
2019-06-13 22:01:15,052 INFO  server.RaftServerConfigKeys (ConfUtils.java:logGet(43)) - raft.server.log.appender.buffer.byte-limit = 33554432 (custom)
2019-06-13 22:01:15,052 INFO  server.RaftServerConfigKeys (ConfUtils.java:logGet(43)) - raft.server.log.segment.size.max = 16384 (custom)
2019-06-13 22:01:15,053 INFO  server.RaftServerConfigKeys (ConfUtils.java:logGet(43)) - raft.server.log.segment.cache.num.max = 2 (custom)
2019-06-13 22:01:15,053 INFO  storage.RaftLogWorker (RaftLogWorker.java:<init>(123)) - new b650e281-2877-4fa9-a30c-25da4d5fd5f2-RaftLogWorker for Storage Directory /opt/src/hadoop-ozone/integration-test/target/test-dir/MiniOzoneClusterImpl-67c7b437-dd20-4fa0-94bc-1ff62c795a03/datanode-1/data/ratis/4b036884-4ab4-445a-b111-93fcd06e4f25
2019-06-13 22:01:15,054 INFO  server.RaftServerConfigKeys (ConfUtils.java:logGet(43)) - raft.server.log.queue.byte-limit = 2147483647 (custom)
2019-06-13 22:01:15,054 INFO  server.RaftServerConfigKeys (ConfUtils.java:logGet(43)) - raft.server.log.queue.element-limit = 1024 (custom)
2019-06-13 22:01:15,054 INFO  server.RaftServerConfigKeys (ConfUtils.java:logGet(43)) - raft.server.log.segment.size.max = 16384 (custom)
2019-06-13 22:01:15,054 INFO  server.RaftServerConfigKeys (ConfUtils.java:logGet(43)) - raft.server.log.preallocated.size = 16384 (custom)
2019-06-13 22:01:15,054 INFO  server.RaftServerConfigKeys (ConfUtils.java:logGet(43)) - raft.server.log.write.buffer.size = 33554432 (custom)
2019-06-13 22:01:15,054 INFO  server.RaftServerConfigKeys (ConfUtils.java:logGet(43)) - raft.server.log.force.sync.num = 128 (default)
2019-06-13 22:01:15,054 INFO  server.RaftServerConfigKeys (ConfUtils.java:logGet(43)) - raft.server.log.statemachine.data.sync = true (default)
2019-06-13 22:01:15,055 INFO  server.RaftServerConfigKeys (ConfUtils.java:logGet(43)) - raft.server.log.statemachine.data.sync.timeout = 10s (default)
2019-06-13 22:01:15,055 INFO  server.RaftServerConfigKeys (ConfUtils.java:logGet(43)) - raft.server.log.statemachine.data.sync.timeout.retry = -1 (default)
2019-06-13 22:01:15,055 INFO  server.RaftServerConfigKeys (ConfUtils.java:logGet(43)) - raft.server.log.statemachine.data.caching.enabled = true (custom)
2019-06-13 22:01:15,055 INFO  server.RaftServerConfigKeys (ConfUtils.java:logGet(43)) - raft.server.snapshot.auto.trigger.enabled = true (custom)
2019-06-13 22:01:15,055 INFO  server.RaftServerConfigKeys (ConfUtils.java:logGet(43)) - raft.server.snapshot.auto.trigger.threshold = 10000 (custom)
2019-06-13 22:01:15,056 INFO  server.RaftServerConfigKeys (ConfUtils.java:logGet(43)) - raft.server.retrycache.expirytime = 600000ms (custom)
2019-06-13 22:01:15,056 INFO  impl.RaftServerImpl (RaftServerImpl.java:start(173)) - b650e281-2877-4fa9-a30c-25da4d5fd5f2: start group-93FCD06E4F25
2019-06-13 22:01:15,056 INFO  impl.RaftServerImpl (RaftServerImpl.java:setRole(164)) - b650e281-2877-4fa9-a30c-25da4d5fd5f2:group-93FCD06E4F25 changes role from null to FOLLOWER at term 0 for startAsFollower
2019-06-13 22:01:15,056 INFO  impl.RoleInfo (RoleInfo.java:updateAndGet(143)) - b650e281-2877-4fa9-a30c-25da4d5fd5f2: start FollowerState
2019-06-13 22:01:15,061 INFO  util.JmxRegister (JmxRegister.java:tryRegister(44)) - Successfully registered JMX Bean with object name Ratis:service=RaftServer,group=group-93FCD06E4F25,id=b650e281-2877-4fa9-a30c-25da4d5fd5f2
2019-06-13 22:01:15,077 INFO  node.SCMNodeManager (SCMNodeManager.java:register(234)) - Registered Data node : e693b55e-b5dc-4feb-879c-53a79980c3ff{ip: 192.168.105.169, host: ozone-mzc6g-2359123782, networkLocation: /default-rack, certSerialId: null}
2019-06-13 22:01:15,081 INFO  pipeline.PipelineStateManager (PipelineStateManager.java:addPipeline(56)) - Created pipeline Pipeline[ Id: 4b036884-4ab4-445a-b111-93fcd06e4f25, Nodes: b650e281-2877-4fa9-a30c-25da4d5fd5f2{ip: 192.168.105.169, host: ozone-mzc6g-2359123782, networkLocation: /default-rack, certSerialId: null}, Type:RATIS, Factor:ONE, State:OPEN]
2019-06-13 22:01:15,105 INFO  impl.RaftServerProxy (RaftServerProxy.java:addNew(89)) - e693b55e-b5dc-4feb-879c-53a79980c3ff: addNew group-A92D07FA07B7:[e693b55e-b5dc-4feb-879c-53a79980c3ff:192.168.105.169:36313] returns group-A92D07FA07B7:java.util.concurrent.CompletableFuture@c5217f5[Not completed]
2019-06-13 22:01:15,144 INFO  impl.RaftServerImpl (RaftServerImpl.java:<init>(91)) - e693b55e-b5dc-4feb-879c-53a79980c3ff: new RaftServerImpl for group-A92D07FA07B7:[e693b55e-b5dc-4feb-879c-53a79980c3ff:192.168.105.169:36313] with ContainerStateMachine:uninitialized
2019-06-13 22:01:15,144 INFO  server.RaftServerConfigKeys (ConfUtils.java:logGet(43)) - raft.server.rpc.timeout.min = 1s (custom)
2019-06-13 22:01:15,145 INFO  server.RaftServerConfigKeys (ConfUtils.java:logGet(43)) - raft.server.rpc.timeout.max = 1200ms (custom)
2019-06-13 22:01:15,145 INFO  server.RaftServerConfigKeys (ConfUtils.java:logGet(43)) - raft.server.rpcslowness.timeout = 10s (custom)
2019-06-13 22:01:15,145 INFO  server.RaftServerConfigKeys (ConfUtils.java:logGet(43)) - raft.server.log.appender.install.snapshot.enabled = true (default)
2019-06-13 22:01:15,145 INFO  impl.RaftServerImpl (ServerState.java:<init>(101)) - e693b55e-b5dc-4feb-879c-53a79980c3ff:group-A92D07FA07B7 ConfigurationManager, init=-1: [e693b55e-b5dc-4feb-879c-53a79980c3ff:192.168.105.169:36313], old=null, confs=<EMPTY_MAP>
2019-06-13 22:01:15,146 INFO  server.RaftServerConfigKeys (ConfUtils.java:logGet(43)) - raft.server.storage.dir = [/opt/src/hadoop-ozone/integration-test/target/test-dir/MiniOzoneClusterImpl-67c7b437-dd20-4fa0-94bc-1ff62c795a03/datanode-2/data/ratis] (custom)
2019-06-13 22:01:15,164 INFO  storage.RaftStorageDirectory (RaftStorageDirectory.java:analyzeStorage(246)) - The storage directory /opt/src/hadoop-ozone/integration-test/target/test-dir/MiniOzoneClusterImpl-67c7b437-dd20-4fa0-94bc-1ff62c795a03/datanode-2/data/ratis/42892154-9b48-4d7d-b598-a92d07fa07b7 does not exist. Creating ...
2019-06-13 22:01:15,170 INFO  storage.RaftStorageDirectory (RaftStorageDirectory.java:tryLock(328)) - Lock on /opt/src/hadoop-ozone/integration-test/target/test-dir/MiniOzoneClusterImpl-67c7b437-dd20-4fa0-94bc-1ff62c795a03/datanode-2/data/ratis/42892154-9b48-4d7d-b598-a92d07fa07b7/in_use.lock acquired by nodename 9975@ozone-mzc6g-2359123782
2019-06-13 22:01:15,172 INFO  storage.RaftStorage (RaftStorage.java:format(75)) - Storage directory /opt/src/hadoop-ozone/integration-test/target/test-dir/MiniOzoneClusterImpl-67c7b437-dd20-4fa0-94bc-1ff62c795a03/datanode-2/data/ratis/42892154-9b48-4d7d-b598-a92d07fa07b7 has been successfully formatted.
2019-06-13 22:01:15,174 INFO  ratis.ContainerStateMachine (ContainerStateMachine.java:loadSnapshot(199)) - The snapshot info is null.Setting the last applied index to:(t:0, i:~)
2019-06-13 22:01:15,176 INFO  server.RaftServerConfigKeys (ConfUtils.java:logGet(43)) - raft.server.leader.election.timeout = 10s (custom)
2019-06-13 22:01:15,176 INFO  server.RaftServerConfigKeys (ConfUtils.java:logGet(43)) - raft.server.log.use.memory = false (default)
2019-06-13 22:01:15,176 INFO  server.RaftServerConfigKeys (ConfUtils.java:logGet(43)) - raft.server.log.appender.buffer.byte-limit = 33554432 (custom)
2019-06-13 22:01:15,176 INFO  server.RaftServerConfigKeys (ConfUtils.java:logGet(43)) - raft.server.log.segment.size.max = 16384 (custom)
2019-06-13 22:01:15,176 INFO  server.RaftServerConfigKeys (ConfUtils.java:logGet(43)) - raft.server.log.segment.cache.num.max = 2 (custom)
2019-06-13 22:01:15,176 INFO  storage.RaftLogWorker (RaftLogWorker.java:<init>(123)) - new e693b55e-b5dc-4feb-879c-53a79980c3ff-RaftLogWorker for Storage Directory /opt/src/hadoop-ozone/integration-test/target/test-dir/MiniOzoneClusterImpl-67c7b437-dd20-4fa0-94bc-1ff62c795a03/datanode-2/data/ratis/42892154-9b48-4d7d-b598-a92d07fa07b7
2019-06-13 22:01:15,177 INFO  server.RaftServerConfigKeys (ConfUtils.java:logGet(43)) - raft.server.log.queue.byte-limit = 2147483647 (custom)
2019-06-13 22:01:15,177 INFO  server.RaftServerConfigKeys (ConfUtils.java:logGet(43)) - raft.server.log.queue.element-limit = 1024 (custom)
2019-06-13 22:01:15,177 INFO  server.RaftServerConfigKeys (ConfUtils.java:logGet(43)) - raft.server.log.segment.size.max = 16384 (custom)
2019-06-13 22:01:15,177 INFO  server.RaftServerConfigKeys (ConfUtils.java:logGet(43)) - raft.server.log.preallocated.size = 16384 (custom)
2019-06-13 22:01:15,177 INFO  server.RaftServerConfigKeys (ConfUtils.java:logGet(43)) - raft.server.log.write.buffer.size = 33554432 (custom)
2019-06-13 22:01:15,177 INFO  server.RaftServerConfigKeys (ConfUtils.java:logGet(43)) - raft.server.log.force.sync.num = 128 (default)
2019-06-13 22:01:15,177 INFO  server.RaftServerConfigKeys (ConfUtils.java:logGet(43)) - raft.server.log.statemachine.data.sync = true (default)
2019-06-13 22:01:15,177 INFO  server.RaftServerConfigKeys (ConfUtils.java:logGet(43)) - raft.server.log.statemachine.data.sync.timeout = 10s (default)
2019-06-13 22:01:15,178 INFO  server.RaftServerConfigKeys (ConfUtils.java:logGet(43)) - raft.server.log.statemachine.data.sync.timeout.retry = -1 (default)
2019-06-13 22:01:15,178 INFO  server.RaftServerConfigKeys (ConfUtils.java:logGet(43)) - raft.server.log.statemachine.data.caching.enabled = true (custom)
2019-06-13 22:01:15,178 INFO  server.RaftServerConfigKeys (ConfUtils.java:logGet(43)) - raft.server.snapshot.auto.trigger.enabled = true (custom)
2019-06-13 22:01:15,178 INFO  server.RaftServerConfigKeys (ConfUtils.java:logGet(43)) - raft.server.snapshot.auto.trigger.threshold = 10000 (custom)
2019-06-13 22:01:15,179 INFO  server.RaftServerConfigKeys (ConfUtils.java:logGet(43)) - raft.server.retrycache.expirytime = 600000ms (custom)
2019-06-13 22:01:15,179 INFO  impl.RaftServerImpl (RaftServerImpl.java:start(173)) - e693b55e-b5dc-4feb-879c-53a79980c3ff: start group-A92D07FA07B7
2019-06-13 22:01:15,179 INFO  impl.RaftServerImpl (RaftServerImpl.java:setRole(164)) - e693b55e-b5dc-4feb-879c-53a79980c3ff:group-A92D07FA07B7 changes role from null to FOLLOWER at term 0 for startAsFollower
2019-06-13 22:01:15,179 INFO  impl.RoleInfo (RoleInfo.java:updateAndGet(143)) - e693b55e-b5dc-4feb-879c-53a79980c3ff: start FollowerState
2019-06-13 22:01:15,180 INFO  util.JmxRegister (JmxRegister.java:tryRegister(44)) - Successfully registered JMX Bean with object name Ratis:service=RaftServer,group=group-A92D07FA07B7,id=e693b55e-b5dc-4feb-879c-53a79980c3ff
2019-06-13 22:01:15,207 INFO  pipeline.PipelineStateManager (PipelineStateManager.java:addPipeline(56)) - Created pipeline Pipeline[ Id: 42892154-9b48-4d7d-b598-a92d07fa07b7, Nodes: e693b55e-b5dc-4feb-879c-53a79980c3ff{ip: 192.168.105.169, host: ozone-mzc6g-2359123782, networkLocation: /default-rack, certSerialId: null}, Type:RATIS, Factor:ONE, State:OPEN]
2019-06-13 22:01:15,300 INFO  impl.RaftServerProxy (RaftServerProxy.java:addNew(89)) - ce8ad9f5-10ff-4867-81fa-1324774e200e: addNew group-94C33D244D1D:[b650e281-2877-4fa9-a30c-25da4d5fd5f2:192.168.105.169:36107, e693b55e-b5dc-4feb-879c-53a79980c3ff:192.168.105.169:36313, ce8ad9f5-10ff-4867-81fa-1324774e200e:192.168.105.169:42773] returns group-94C33D244D1D:java.util.concurrent.CompletableFuture@37917c9[Not completed]
2019-06-13 22:01:15,307 INFO  impl.RaftServerProxy (RaftServerProxy.java:addNew(89)) - b650e281-2877-4fa9-a30c-25da4d5fd5f2: addNew group-94C33D244D1D:[b650e281-2877-4fa9-a30c-25da4d5fd5f2:192.168.105.169:36107, e693b55e-b5dc-4feb-879c-53a79980c3ff:192.168.105.169:36313, ce8ad9f5-10ff-4867-81fa-1324774e200e:192.168.105.169:42773] returns group-94C33D244D1D:java.util.concurrent.CompletableFuture@746937e[Not completed]
2019-06-13 22:01:15,310 INFO  impl.RaftServerProxy (RaftServerProxy.java:addNew(89)) - e693b55e-b5dc-4feb-879c-53a79980c3ff: addNew group-94C33D244D1D:[b650e281-2877-4fa9-a30c-25da4d5fd5f2:192.168.105.169:36107, e693b55e-b5dc-4feb-879c-53a79980c3ff:192.168.105.169:36313, ce8ad9f5-10ff-4867-81fa-1324774e200e:192.168.105.169:42773] returns group-94C33D244D1D:java.util.concurrent.CompletableFuture@5a4b878c[Not completed]
2019-06-13 22:01:15,311 INFO  impl.RaftServerImpl (RaftServerImpl.java:<init>(91)) - ce8ad9f5-10ff-4867-81fa-1324774e200e: new RaftServerImpl for group-94C33D244D1D:[b650e281-2877-4fa9-a30c-25da4d5fd5f2:192.168.105.169:36107, e693b55e-b5dc-4feb-879c-53a79980c3ff:192.168.105.169:36313, ce8ad9f5-10ff-4867-81fa-1324774e200e:192.168.105.169:42773] with ContainerStateMachine:uninitialized
2019-06-13 22:01:15,311 INFO  server.RaftServerConfigKeys (ConfUtils.java:logGet(43)) - raft.server.rpc.timeout.min = 1s (custom)
2019-06-13 22:01:15,312 INFO  server.RaftServerConfigKeys (ConfUtils.java:logGet(43)) - raft.server.rpc.timeout.max = 1200ms (custom)
2019-06-13 22:01:15,312 INFO  server.RaftServerConfigKeys (ConfUtils.java:logGet(43)) - raft.server.rpcslowness.timeout = 10s (custom)
2019-06-13 22:01:15,312 INFO  server.RaftServerConfigKeys (ConfUtils.java:logGet(43)) - raft.server.log.appender.install.snapshot.enabled = true (default)
2019-06-13 22:01:15,312 INFO  impl.RaftServerImpl (ServerState.java:<init>(101)) - ce8ad9f5-10ff-4867-81fa-1324774e200e:group-94C33D244D1D ConfigurationManager, init=-1: [b650e281-2877-4fa9-a30c-25da4d5fd5f2:192.168.105.169:36107, e693b55e-b5dc-4feb-879c-53a79980c3ff:192.168.105.169:36313, ce8ad9f5-10ff-4867-81fa-1324774e200e:192.168.105.169:42773], old=null, confs=<EMPTY_MAP>
2019-06-13 22:01:15,312 INFO  server.RaftServerConfigKeys (ConfUtils.java:logGet(43)) - raft.server.storage.dir = [/opt/src/hadoop-ozone/integration-test/target/test-dir/MiniOzoneClusterImpl-67c7b437-dd20-4fa0-94bc-1ff62c795a03/datanode-0/data/ratis] (custom)
2019-06-13 22:01:15,313 INFO  storage.RaftStorageDirectory (RaftStorageDirectory.java:analyzeStorage(246)) - The storage directory /opt/src/hadoop-ozone/integration-test/target/test-dir/MiniOzoneClusterImpl-67c7b437-dd20-4fa0-94bc-1ff62c795a03/datanode-0/data/ratis/fd9723b1-5fa1-4bb6-a3fb-94c33d244d1d does not exist. Creating ...
2019-06-13 22:01:15,313 INFO  impl.RaftServerImpl (RaftServerImpl.java:<init>(91)) - e693b55e-b5dc-4feb-879c-53a79980c3ff: new RaftServerImpl for group-94C33D244D1D:[b650e281-2877-4fa9-a30c-25da4d5fd5f2:192.168.105.169:36107, e693b55e-b5dc-4feb-879c-53a79980c3ff:192.168.105.169:36313, ce8ad9f5-10ff-4867-81fa-1324774e200e:192.168.105.169:42773] with ContainerStateMachine:uninitialized
2019-06-13 22:01:15,314 INFO  server.RaftServerConfigKeys (ConfUtils.java:logGet(43)) - raft.server.rpc.timeout.min = 1s (custom)
2019-06-13 22:01:15,314 INFO  server.RaftServerConfigKeys (ConfUtils.java:logGet(43)) - raft.server.rpc.timeout.max = 1200ms (custom)
2019-06-13 22:01:15,315 INFO  server.RaftServerConfigKeys (ConfUtils.java:logGet(43)) - raft.server.rpcslowness.timeout = 10s (custom)
2019-06-13 22:01:15,315 INFO  server.RaftServerConfigKeys (ConfUtils.java:logGet(43)) - raft.server.log.appender.install.snapshot.enabled = true (default)
2019-06-13 22:01:15,315 INFO  impl.RaftServerImpl (ServerState.java:<init>(101)) - e693b55e-b5dc-4feb-879c-53a79980c3ff:group-94C33D244D1D ConfigurationManager, init=-1: [b650e281-2877-4fa9-a30c-25da4d5fd5f2:192.168.105.169:36107, e693b55e-b5dc-4feb-879c-53a79980c3ff:192.168.105.169:36313, ce8ad9f5-10ff-4867-81fa-1324774e200e:192.168.105.169:42773], old=null, confs=<EMPTY_MAP>
2019-06-13 22:01:15,315 INFO  server.RaftServerConfigKeys (ConfUtils.java:logGet(43)) - raft.server.storage.dir = [/opt/src/hadoop-ozone/integration-test/target/test-dir/MiniOzoneClusterImpl-67c7b437-dd20-4fa0-94bc-1ff62c795a03/datanode-2/data/ratis] (custom)
2019-06-13 22:01:15,315 INFO  storage.RaftStorageDirectory (RaftStorageDirectory.java:analyzeStorage(246)) - The storage directory /opt/src/hadoop-ozone/integration-test/target/test-dir/MiniOzoneClusterImpl-67c7b437-dd20-4fa0-94bc-1ff62c795a03/datanode-2/data/ratis/fd9723b1-5fa1-4bb6-a3fb-94c33d244d1d does not exist. Creating ...
2019-06-13 22:01:15,316 INFO  storage.RaftStorageDirectory (RaftStorageDirectory.java:tryLock(328)) - Lock on /opt/src/hadoop-ozone/integration-test/target/test-dir/MiniOzoneClusterImpl-67c7b437-dd20-4fa0-94bc-1ff62c795a03/datanode-0/data/ratis/fd9723b1-5fa1-4bb6-a3fb-94c33d244d1d/in_use.lock acquired by nodename 9975@ozone-mzc6g-2359123782
2019-06-13 22:01:15,314 INFO  impl.RaftServerImpl (RaftServerImpl.java:<init>(91)) - b650e281-2877-4fa9-a30c-25da4d5fd5f2: new RaftServerImpl for group-94C33D244D1D:[b650e281-2877-4fa9-a30c-25da4d5fd5f2:192.168.105.169:36107, e693b55e-b5dc-4feb-879c-53a79980c3ff:192.168.105.169:36313, ce8ad9f5-10ff-4867-81fa-1324774e200e:192.168.105.169:42773] with ContainerStateMachine:uninitialized
2019-06-13 22:01:15,316 INFO  server.RaftServerConfigKeys (ConfUtils.java:logGet(43)) - raft.server.rpc.timeout.min = 1s (custom)
2019-06-13 22:01:15,316 INFO  server.RaftServerConfigKeys (ConfUtils.java:logGet(43)) - raft.server.rpc.timeout.max = 1200ms (custom)
2019-06-13 22:01:15,316 INFO  server.RaftServerConfigKeys (ConfUtils.java:logGet(43)) - raft.server.rpcslowness.timeout = 10s (custom)
2019-06-13 22:01:15,316 INFO  server.RaftServerConfigKeys (ConfUtils.java:logGet(43)) - raft.server.log.appender.install.snapshot.enabled = true (default)
2019-06-13 22:01:15,316 INFO  impl.RaftServerImpl (ServerState.java:<init>(101)) - b650e281-2877-4fa9-a30c-25da4d5fd5f2:group-94C33D244D1D ConfigurationManager, init=-1: [b650e281-2877-4fa9-a30c-25da4d5fd5f2:192.168.105.169:36107, e693b55e-b5dc-4feb-879c-53a79980c3ff:192.168.105.169:36313, ce8ad9f5-10ff-4867-81fa-1324774e200e:192.168.105.169:42773], old=null, confs=<EMPTY_MAP>
2019-06-13 22:01:15,316 INFO  server.RaftServerConfigKeys (ConfUtils.java:logGet(43)) - raft.server.storage.dir = [/opt/src/hadoop-ozone/integration-test/target/test-dir/MiniOzoneClusterImpl-67c7b437-dd20-4fa0-94bc-1ff62c795a03/datanode-1/data/ratis] (custom)
2019-06-13 22:01:15,318 INFO  storage.RaftStorage (RaftStorage.java:format(75)) - Storage directory /opt/src/hadoop-ozone/integration-test/target/test-dir/MiniOzoneClusterImpl-67c7b437-dd20-4fa0-94bc-1ff62c795a03/datanode-0/data/ratis/fd9723b1-5fa1-4bb6-a3fb-94c33d244d1d has been successfully formatted.
2019-06-13 22:01:15,318 INFO  storage.RaftStorageDirectory (RaftStorageDirectory.java:analyzeStorage(246)) - The storage directory /opt/src/hadoop-ozone/integration-test/target/test-dir/MiniOzoneClusterImpl-67c7b437-dd20-4fa0-94bc-1ff62c795a03/datanode-1/data/ratis/fd9723b1-5fa1-4bb6-a3fb-94c33d244d1d does not exist. Creating ...
2019-06-13 22:01:15,318 INFO  ratis.ContainerStateMachine (ContainerStateMachine.java:loadSnapshot(199)) - The snapshot info is null.Setting the last applied index to:(t:0, i:~)
2019-06-13 22:01:15,318 INFO  server.RaftServerConfigKeys (ConfUtils.java:logGet(43)) - raft.server.leader.election.timeout = 10s (custom)
2019-06-13 22:01:15,318 INFO  server.RaftServerConfigKeys (ConfUtils.java:logGet(43)) - raft.server.log.use.memory = false (default)
2019-06-13 22:01:15,318 INFO  server.RaftServerConfigKeys (ConfUtils.java:logGet(43)) - raft.server.log.appender.buffer.byte-limit = 33554432 (custom)
2019-06-13 22:01:15,319 INFO  server.RaftServerConfigKeys (ConfUtils.java:logGet(43)) - raft.server.log.segment.size.max = 16384 (custom)
2019-06-13 22:01:15,319 INFO  server.RaftServerConfigKeys (ConfUtils.java:logGet(43)) - raft.server.log.segment.cache.num.max = 2 (custom)
2019-06-13 22:01:15,319 INFO  storage.RaftLogWorker (RaftLogWorker.java:<init>(123)) - new ce8ad9f5-10ff-4867-81fa-1324774e200e-RaftLogWorker for Storage Directory /opt/src/hadoop-ozone/integration-test/target/test-dir/MiniOzoneClusterImpl-67c7b437-dd20-4fa0-94bc-1ff62c795a03/datanode-0/data/ratis/fd9723b1-5fa1-4bb6-a3fb-94c33d244d1d
2019-06-13 22:01:15,319 INFO  server.RaftServerConfigKeys (ConfUtils.java:logGet(43)) - raft.server.log.queue.byte-limit = 2147483647 (custom)
2019-06-13 22:01:15,319 INFO  server.RaftServerConfigKeys (ConfUtils.java:logGet(43)) - raft.server.log.queue.element-limit = 1024 (custom)
2019-06-13 22:01:15,319 INFO  server.RaftServerConfigKeys (ConfUtils.java:logGet(43)) - raft.server.log.segment.size.max = 16384 (custom)
2019-06-13 22:01:15,319 INFO  server.RaftServerConfigKeys (ConfUtils.java:logGet(43)) - raft.server.log.preallocated.size = 16384 (custom)
2019-06-13 22:01:15,319 INFO  server.RaftServerConfigKeys (ConfUtils.java:logGet(43)) - raft.server.log.write.buffer.size = 33554432 (custom)
2019-06-13 22:01:15,319 INFO  server.RaftServerConfigKeys (ConfUtils.java:logGet(43)) - raft.server.log.force.sync.num = 128 (default)
2019-06-13 22:01:15,320 INFO  server.RaftServerConfigKeys (ConfUtils.java:logGet(43)) - raft.server.log.statemachine.data.sync = true (default)
2019-06-13 22:01:15,320 INFO  server.RaftServerConfigKeys (ConfUtils.java:logGet(43)) - raft.server.log.statemachine.data.sync.timeout = 10s (default)
2019-06-13 22:01:15,320 INFO  server.RaftServerConfigKeys (ConfUtils.java:logGet(43)) - raft.server.log.statemachine.data.sync.timeout.retry = -1 (default)
2019-06-13 22:01:15,321 INFO  server.RaftServerConfigKeys (ConfUtils.java:logGet(43)) - raft.server.log.statemachine.data.caching.enabled = true (custom)
2019-06-13 22:01:15,321 INFO  storage.RaftStorageDirectory (RaftStorageDirectory.java:tryLock(328)) - Lock on /opt/src/hadoop-ozone/integration-test/target/test-dir/MiniOzoneClusterImpl-67c7b437-dd20-4fa0-94bc-1ff62c795a03/datanode-2/data/ratis/fd9723b1-5fa1-4bb6-a3fb-94c33d244d1d/in_use.lock acquired by nodename 9975@ozone-mzc6g-2359123782
2019-06-13 22:01:15,321 INFO  storage.RaftStorageDirectory (RaftStorageDirectory.java:tryLock(328)) - Lock on /opt/src/hadoop-ozone/integration-test/target/test-dir/MiniOzoneClusterImpl-67c7b437-dd20-4fa0-94bc-1ff62c795a03/datanode-1/data/ratis/fd9723b1-5fa1-4bb6-a3fb-94c33d244d1d/in_use.lock acquired by nodename 9975@ozone-mzc6g-2359123782
2019-06-13 22:01:15,322 INFO  server.RaftServerConfigKeys (ConfUtils.java:logGet(43)) - raft.server.snapshot.auto.trigger.enabled = true (custom)
2019-06-13 22:01:15,323 INFO  server.RaftServerConfigKeys (ConfUtils.java:logGet(43)) - raft.server.snapshot.auto.trigger.threshold = 10000 (custom)
2019-06-13 22:01:15,323 INFO  server.RaftServerConfigKeys (ConfUtils.java:logGet(43)) - raft.server.retrycache.expirytime = 600000ms (custom)
2019-06-13 22:01:15,324 INFO  impl.RaftServerImpl (RaftServerImpl.java:start(173)) - ce8ad9f5-10ff-4867-81fa-1324774e200e: start group-94C33D244D1D
2019-06-13 22:01:15,324 INFO  impl.RaftServerImpl (RaftServerImpl.java:setRole(164)) - ce8ad9f5-10ff-4867-81fa-1324774e200e:group-94C33D244D1D changes role from null to FOLLOWER at term 0 for startAsFollower
2019-06-13 22:01:15,325 INFO  impl.RoleInfo (RoleInfo.java:updateAndGet(143)) - ce8ad9f5-10ff-4867-81fa-1324774e200e: start FollowerState
2019-06-13 22:01:15,324 INFO  storage.RaftStorage (RaftStorage.java:format(75)) - Storage directory /opt/src/hadoop-ozone/integration-test/target/test-dir/MiniOzoneClusterImpl-67c7b437-dd20-4fa0-94bc-1ff62c795a03/datanode-2/data/ratis/fd9723b1-5fa1-4bb6-a3fb-94c33d244d1d has been successfully formatted.
2019-06-13 22:01:15,324 INFO  storage.RaftStorage (RaftStorage.java:format(75)) - Storage directory /opt/src/hadoop-ozone/integration-test/target/test-dir/MiniOzoneClusterImpl-67c7b437-dd20-4fa0-94bc-1ff62c795a03/datanode-1/data/ratis/fd9723b1-5fa1-4bb6-a3fb-94c33d244d1d has been successfully formatted.
2019-06-13 22:01:15,325 INFO  ratis.ContainerStateMachine (ContainerStateMachine.java:loadSnapshot(199)) - The snapshot info is null.Setting the last applied index to:(t:0, i:~)
2019-06-13 22:01:15,325 INFO  server.RaftServerConfigKeys (ConfUtils.java:logGet(43)) - raft.server.leader.election.timeout = 10s (custom)
2019-06-13 22:01:15,326 INFO  server.RaftServerConfigKeys (ConfUtils.java:logGet(43)) - raft.server.log.use.memory = false (default)
2019-06-13 22:01:15,326 INFO  server.RaftServerConfigKeys (ConfUtils.java:logGet(43)) - raft.server.log.appender.buffer.byte-limit = 33554432 (custom)
2019-06-13 22:01:15,326 INFO  server.RaftServerConfigKeys (ConfUtils.java:logGet(43)) - raft.server.log.segment.size.max = 16384 (custom)
2019-06-13 22:01:15,326 INFO  server.RaftServerConfigKeys (ConfUtils.java:logGet(43)) - raft.server.log.segment.cache.num.max = 2 (custom)
2019-06-13 22:01:15,326 INFO  storage.RaftLogWorker (RaftLogWorker.java:<init>(123)) - new b650e281-2877-4fa9-a30c-25da4d5fd5f2-RaftLogWorker for Storage Directory /opt/src/hadoop-ozone/integration-test/target/test-dir/MiniOzoneClusterImpl-67c7b437-dd20-4fa0-94bc-1ff62c795a03/datanode-1/data/ratis/fd9723b1-5fa1-4bb6-a3fb-94c33d244d1d
2019-06-13 22:01:15,326 INFO  server.RaftServerConfigKeys (ConfUtils.java:logGet(43)) - raft.server.log.queue.byte-limit = 2147483647 (custom)
2019-06-13 22:01:15,326 INFO  server.RaftServerConfigKeys (ConfUtils.java:logGet(43)) - raft.server.log.queue.element-limit = 1024 (custom)
2019-06-13 22:01:15,326 INFO  server.RaftServerConfigKeys (ConfUtils.java:logGet(43)) - raft.server.log.segment.size.max = 16384 (custom)
2019-06-13 22:01:15,326 INFO  server.RaftServerConfigKeys (ConfUtils.java:logGet(43)) - raft.server.log.preallocated.size = 16384 (custom)
2019-06-13 22:01:15,327 INFO  server.RaftServerConfigKeys (ConfUtils.java:logGet(43)) - raft.server.log.write.buffer.size = 33554432 (custom)
2019-06-13 22:01:15,327 INFO  server.RaftServerConfigKeys (ConfUtils.java:logGet(43)) - raft.server.log.force.sync.num = 128 (default)
2019-06-13 22:01:15,327 INFO  server.RaftServerConfigKeys (ConfUtils.java:logGet(43)) - raft.server.log.statemachine.data.sync = true (default)
2019-06-13 22:01:15,327 INFO  server.RaftServerConfigKeys (ConfUtils.java:logGet(43)) - raft.server.log.statemachine.data.sync.timeout = 10s (default)
2019-06-13 22:01:15,327 INFO  server.RaftServerConfigKeys (ConfUtils.java:logGet(43)) - raft.server.log.statemachine.data.sync.timeout.retry = -1 (default)
2019-06-13 22:01:15,325 INFO  ratis.ContainerStateMachine (ContainerStateMachine.java:loadSnapshot(199)) - The snapshot info is null.Setting the last applied index to:(t:0, i:~)
2019-06-13 22:01:15,327 INFO  server.RaftServerConfigKeys (ConfUtils.java:logGet(43)) - raft.server.leader.election.timeout = 10s (custom)
2019-06-13 22:01:15,327 INFO  server.RaftServerConfigKeys (ConfUtils.java:logGet(43)) - raft.server.log.use.memory = false (default)
2019-06-13 22:01:15,328 INFO  server.RaftServerConfigKeys (ConfUtils.java:logGet(43)) - raft.server.log.appender.buffer.byte-limit = 33554432 (custom)
2019-06-13 22:01:15,328 INFO  server.RaftServerConfigKeys (ConfUtils.java:logGet(43)) - raft.server.log.segment.size.max = 16384 (custom)
2019-06-13 22:01:15,328 INFO  server.RaftServerConfigKeys (ConfUtils.java:logGet(43)) - raft.server.log.segment.cache.num.max = 2 (custom)
2019-06-13 22:01:15,328 INFO  storage.RaftLogWorker (RaftLogWorker.java:<init>(123)) - new e693b55e-b5dc-4feb-879c-53a79980c3ff-RaftLogWorker for Storage Directory /opt/src/hadoop-ozone/integration-test/target/test-dir/MiniOzoneClusterImpl-67c7b437-dd20-4fa0-94bc-1ff62c795a03/datanode-2/data/ratis/fd9723b1-5fa1-4bb6-a3fb-94c33d244d1d
2019-06-13 22:01:15,328 INFO  server.RaftServerConfigKeys (ConfUtils.java:logGet(43)) - raft.server.log.queue.byte-limit = 2147483647 (custom)
2019-06-13 22:01:15,328 INFO  server.RaftServerConfigKeys (ConfUtils.java:logGet(43)) - raft.server.log.queue.element-limit = 1024 (custom)
2019-06-13 22:01:15,328 INFO  server.RaftServerConfigKeys (ConfUtils.java:logGet(43)) - raft.server.log.segment.size.max = 16384 (custom)
2019-06-13 22:01:15,328 INFO  server.RaftServerConfigKeys (ConfUtils.java:logGet(43)) - raft.server.log.preallocated.size = 16384 (custom)
2019-06-13 22:01:15,329 INFO  server.RaftServerConfigKeys (ConfUtils.java:logGet(43)) - raft.server.log.write.buffer.size = 33554432 (custom)
2019-06-13 22:01:15,329 INFO  server.RaftServerConfigKeys (ConfUtils.java:logGet(43)) - raft.server.log.force.sync.num = 128 (default)
2019-06-13 22:01:15,329 INFO  server.RaftServerConfigKeys (ConfUtils.java:logGet(43)) - raft.server.log.statemachine.data.sync = true (default)
2019-06-13 22:01:15,329 INFO  server.RaftServerConfigKeys (ConfUtils.java:logGet(43)) - raft.server.log.statemachine.data.sync.timeout = 10s (default)
2019-06-13 22:01:15,329 INFO  server.RaftServerConfigKeys (ConfUtils.java:logGet(43)) - raft.server.log.statemachine.data.sync.timeout.retry = -1 (default)
2019-06-13 22:01:15,340 INFO  util.JmxRegister (JmxRegister.java:tryRegister(44)) - Successfully registered JMX Bean with object name Ratis:service=RaftServer,group=group-94C33D244D1D,id=ce8ad9f5-10ff-4867-81fa-1324774e200e
2019-06-13 22:01:15,340 INFO  server.RaftServerConfigKeys (ConfUtils.java:logGet(43)) - raft.server.log.statemachine.data.caching.enabled = true (custom)
2019-06-13 22:01:15,341 INFO  server.RaftServerConfigKeys (ConfUtils.java:logGet(43)) - raft.server.log.statemachine.data.caching.enabled = true (custom)
2019-06-13 22:01:15,346 INFO  server.RaftServerConfigKeys (ConfUtils.java:logGet(43)) - raft.server.snapshot.auto.trigger.enabled = true (custom)
2019-06-13 22:01:15,346 INFO  server.RaftServerConfigKeys (ConfUtils.java:logGet(43)) - raft.server.snapshot.auto.trigger.enabled = true (custom)
2019-06-13 22:01:15,346 INFO  server.RaftServerConfigKeys (ConfUtils.java:logGet(43)) - raft.server.snapshot.auto.trigger.threshold = 10000 (custom)
2019-06-13 22:01:15,346 INFO  server.RaftServerConfigKeys (ConfUtils.java:logGet(43)) - raft.server.snapshot.auto.trigger.threshold = 10000 (custom)
2019-06-13 22:01:15,348 INFO  server.RaftServerConfigKeys (ConfUtils.java:logGet(43)) - raft.server.retrycache.expirytime = 600000ms (custom)
2019-06-13 22:01:15,348 INFO  impl.RaftServerImpl (RaftServerImpl.java:start(173)) - e693b55e-b5dc-4feb-879c-53a79980c3ff: start group-94C33D244D1D
2019-06-13 22:01:15,348 INFO  server.RaftServerConfigKeys (ConfUtils.java:logGet(43)) - raft.server.retrycache.expirytime = 600000ms (custom)
2019-06-13 22:01:15,350 INFO  impl.RaftServerImpl (RaftServerImpl.java:start(173)) - b650e281-2877-4fa9-a30c-25da4d5fd5f2: start group-94C33D244D1D
2019-06-13 22:01:15,350 INFO  impl.RaftServerImpl (RaftServerImpl.java:setRole(164)) - b650e281-2877-4fa9-a30c-25da4d5fd5f2:group-94C33D244D1D changes role from null to FOLLOWER at term 0 for startAsFollower
2019-06-13 22:01:15,350 INFO  impl.RoleInfo (RoleInfo.java:updateAndGet(143)) - b650e281-2877-4fa9-a30c-25da4d5fd5f2: start FollowerState
2019-06-13 22:01:15,351 INFO  impl.RaftServerImpl (RaftServerImpl.java:setRole(164)) - e693b55e-b5dc-4feb-879c-53a79980c3ff:group-94C33D244D1D changes role from null to FOLLOWER at term 0 for startAsFollower
2019-06-13 22:01:15,352 INFO  impl.RoleInfo (RoleInfo.java:updateAndGet(143)) - e693b55e-b5dc-4feb-879c-53a79980c3ff: start FollowerState
2019-06-13 22:01:15,352 INFO  util.JmxRegister (JmxRegister.java:tryRegister(44)) - Successfully registered JMX Bean with object name Ratis:service=RaftServer,group=group-94C33D244D1D,id=b650e281-2877-4fa9-a30c-25da4d5fd5f2
2019-06-13 22:01:15,352 INFO  util.JmxRegister (JmxRegister.java:tryRegister(44)) - Successfully registered JMX Bean with object name Ratis:service=RaftServer,group=group-94C33D244D1D,id=e693b55e-b5dc-4feb-879c-53a79980c3ff
2019-06-13 22:01:15,362 INFO  node.SCMNodeManager (SCMNodeManager.java:register(234)) - Registered Data node : 43460255-ece8-46de-a2d5-2777c0f66617{ip: 192.168.105.169, host: ozone-mzc6g-2359123782, networkLocation: /default-rack, certSerialId: null}
2019-06-13 22:01:15,367 INFO  pipeline.PipelineStateManager (PipelineStateManager.java:addPipeline(56)) - Created pipeline Pipeline[ Id: fd9723b1-5fa1-4bb6-a3fb-94c33d244d1d, Nodes: b650e281-2877-4fa9-a30c-25da4d5fd5f2{ip: 192.168.105.169, host: ozone-mzc6g-2359123782, networkLocation: /default-rack, certSerialId: null}ce8ad9f5-10ff-4867-81fa-1324774e200e{ip: 192.168.105.169, host: ozone-mzc6g-2359123782, networkLocation: /default-rack, certSerialId: null}e693b55e-b5dc-4feb-879c-53a79980c3ff{ip: 192.168.105.169, host: ozone-mzc6g-2359123782, networkLocation: /default-rack, certSerialId: null}, Type:RATIS, Factor:THREE, State:OPEN]
2019-06-13 22:01:15,384 INFO  impl.RaftServerProxy (RaftServerProxy.java:addNew(89)) - 43460255-ece8-46de-a2d5-2777c0f66617: addNew group-AD9536B68EA8:[43460255-ece8-46de-a2d5-2777c0f66617:192.168.105.169:38875] returns group-AD9536B68EA8:java.util.concurrent.CompletableFuture@67a848d3[Not completed]
2019-06-13 22:01:15,384 INFO  impl.RaftServerImpl (RaftServerImpl.java:<init>(91)) - 43460255-ece8-46de-a2d5-2777c0f66617: new RaftServerImpl for group-AD9536B68EA8:[43460255-ece8-46de-a2d5-2777c0f66617:192.168.105.169:38875] with ContainerStateMachine:uninitialized
2019-06-13 22:01:15,385 INFO  server.RaftServerConfigKeys (ConfUtils.java:logGet(43)) - raft.server.rpc.timeout.min = 1s (custom)
2019-06-13 22:01:15,385 INFO  server.RaftServerConfigKeys (ConfUtils.java:logGet(43)) - raft.server.rpc.timeout.max = 1200ms (custom)
2019-06-13 22:01:15,386 INFO  server.RaftServerConfigKeys (ConfUtils.java:logGet(43)) - raft.server.rpcslowness.timeout = 10s (custom)
2019-06-13 22:01:15,386 INFO  server.RaftServerConfigKeys (ConfUtils.java:logGet(43)) - raft.server.log.appender.install.snapshot.enabled = true (default)
2019-06-13 22:01:15,386 INFO  impl.RaftServerImpl (ServerState.java:<init>(101)) - 43460255-ece8-46de-a2d5-2777c0f66617:group-AD9536B68EA8 ConfigurationManager, init=-1: [43460255-ece8-46de-a2d5-2777c0f66617:192.168.105.169:38875], old=null, confs=<EMPTY_MAP>
2019-06-13 22:01:15,386 INFO  server.RaftServerConfigKeys (ConfUtils.java:logGet(43)) - raft.server.storage.dir = [/opt/src/hadoop-ozone/integration-test/target/test-dir/MiniOzoneClusterImpl-67c7b437-dd20-4fa0-94bc-1ff62c795a03/datanode-3/data/ratis] (custom)
2019-06-13 22:01:15,386 INFO  storage.RaftStorageDirectory (RaftStorageDirectory.java:analyzeStorage(246)) - The storage directory /opt/src/hadoop-ozone/integration-test/target/test-dir/MiniOzoneClusterImpl-67c7b437-dd20-4fa0-94bc-1ff62c795a03/datanode-3/data/ratis/0cc9bacf-8778-4c19-896e-ad9536b68ea8 does not exist. Creating ...
2019-06-13 22:01:15,395 INFO  storage.RaftStorageDirectory (RaftStorageDirectory.java:tryLock(328)) - Lock on /opt/src/hadoop-ozone/integration-test/target/test-dir/MiniOzoneClusterImpl-67c7b437-dd20-4fa0-94bc-1ff62c795a03/datanode-3/data/ratis/0cc9bacf-8778-4c19-896e-ad9536b68ea8/in_use.lock acquired by nodename 9975@ozone-mzc6g-2359123782
2019-06-13 22:01:15,398 INFO  storage.RaftStorage (RaftStorage.java:format(75)) - Storage directory /opt/src/hadoop-ozone/integration-test/target/test-dir/MiniOzoneClusterImpl-67c7b437-dd20-4fa0-94bc-1ff62c795a03/datanode-3/data/ratis/0cc9bacf-8778-4c19-896e-ad9536b68ea8 has been successfully formatted.
2019-06-13 22:01:15,398 INFO  ratis.ContainerStateMachine (ContainerStateMachine.java:loadSnapshot(199)) - The snapshot info is null.Setting the last applied index to:(t:0, i:~)
2019-06-13 22:01:15,398 INFO  server.RaftServerConfigKeys (ConfUtils.java:logGet(43)) - raft.server.leader.election.timeout = 10s (custom)
2019-06-13 22:01:15,398 INFO  server.RaftServerConfigKeys (ConfUtils.java:logGet(43)) - raft.server.log.use.memory = false (default)
2019-06-13 22:01:15,398 INFO  server.RaftServerConfigKeys (ConfUtils.java:logGet(43)) - raft.server.log.appender.buffer.byte-limit = 33554432 (custom)
2019-06-13 22:01:15,398 INFO  server.RaftServerConfigKeys (ConfUtils.java:logGet(43)) - raft.server.log.segment.size.max = 16384 (custom)
2019-06-13 22:01:15,399 INFO  server.RaftServerConfigKeys (ConfUtils.java:logGet(43)) - raft.server.log.segment.cache.num.max = 2 (custom)
2019-06-13 22:01:15,399 INFO  storage.RaftLogWorker (RaftLogWorker.java:<init>(123)) - new 43460255-ece8-46de-a2d5-2777c0f66617-RaftLogWorker for Storage Directory /opt/src/hadoop-ozone/integration-test/target/test-dir/MiniOzoneClusterImpl-67c7b437-dd20-4fa0-94bc-1ff62c795a03/datanode-3/data/ratis/0cc9bacf-8778-4c19-896e-ad9536b68ea8
2019-06-13 22:01:15,399 INFO  server.RaftServerConfigKeys (ConfUtils.java:logGet(43)) - raft.server.log.queue.byte-limit = 2147483647 (custom)
2019-06-13 22:01:15,399 INFO  server.RaftServerConfigKeys (ConfUtils.java:logGet(43)) - raft.server.log.queue.element-limit = 1024 (custom)
2019-06-13 22:01:15,399 INFO  server.RaftServerConfigKeys (ConfUtils.java:logGet(43)) - raft.server.log.segment.size.max = 16384 (custom)
2019-06-13 22:01:15,399 INFO  server.RaftServerConfigKeys (ConfUtils.java:logGet(43)) - raft.server.log.preallocated.size = 16384 (custom)
2019-06-13 22:01:15,399 INFO  server.RaftServerConfigKeys (ConfUtils.java:logGet(43)) - raft.server.log.write.buffer.size = 33554432 (custom)
2019-06-13 22:01:15,399 INFO  server.RaftServerConfigKeys (ConfUtils.java:logGet(43)) - raft.server.log.force.sync.num = 128 (default)
2019-06-13 22:01:15,399 INFO  server.RaftServerConfigKeys (ConfUtils.java:logGet(43)) - raft.server.log.statemachine.data.sync = true (default)
2019-06-13 22:01:15,399 INFO  server.RaftServerConfigKeys (ConfUtils.java:logGet(43)) - raft.server.log.statemachine.data.sync.timeout = 10s (default)
2019-06-13 22:01:15,399 INFO  server.RaftServerConfigKeys (ConfUtils.java:logGet(43)) - raft.server.log.statemachine.data.sync.timeout.retry = -1 (default)
2019-06-13 22:01:15,399 INFO  server.RaftServerConfigKeys (ConfUtils.java:logGet(43)) - raft.server.log.statemachine.data.caching.enabled = true (custom)
2019-06-13 22:01:15,400 INFO  server.RaftServerConfigKeys (ConfUtils.java:logGet(43)) - raft.server.snapshot.auto.trigger.enabled = true (custom)
2019-06-13 22:01:15,400 INFO  server.RaftServerConfigKeys (ConfUtils.java:logGet(43)) - raft.server.snapshot.auto.trigger.threshold = 10000 (custom)
2019-06-13 22:01:15,400 INFO  server.RaftServerConfigKeys (ConfUtils.java:logGet(43)) - raft.server.retrycache.expirytime = 600000ms (custom)
2019-06-13 22:01:15,400 INFO  impl.RaftServerImpl (RaftServerImpl.java:start(173)) - 43460255-ece8-46de-a2d5-2777c0f66617: start group-AD9536B68EA8
2019-06-13 22:01:15,400 INFO  impl.RaftServerImpl (RaftServerImpl.java:setRole(164)) - 43460255-ece8-46de-a2d5-2777c0f66617:group-AD9536B68EA8 changes role from null to FOLLOWER at term 0 for startAsFollower
2019-06-13 22:01:15,401 INFO  impl.RoleInfo (RoleInfo.java:updateAndGet(143)) - 43460255-ece8-46de-a2d5-2777c0f66617: start FollowerState
2019-06-13 22:01:15,401 INFO  util.JmxRegister (JmxRegister.java:tryRegister(44)) - Successfully registered JMX Bean with object name Ratis:service=RaftServer,group=group-AD9536B68EA8,id=43460255-ece8-46de-a2d5-2777c0f66617
2019-06-13 22:01:15,405 INFO  pipeline.PipelineStateManager (PipelineStateManager.java:addPipeline(56)) - Created pipeline Pipeline[ Id: 0cc9bacf-8778-4c19-896e-ad9536b68ea8, Nodes: 43460255-ece8-46de-a2d5-2777c0f66617{ip: 192.168.105.169, host: ozone-mzc6g-2359123782, networkLocation: /default-rack, certSerialId: null}, Type:RATIS, Factor:ONE, State:OPEN]
2019-06-13 22:01:15,661 INFO  node.SCMNodeManager (SCMNodeManager.java:register(234)) - Registered Data node : 7f43077b-fc59-4f39-9f53-e8b52b415d0f{ip: 192.168.105.169, host: ozone-mzc6g-2359123782, networkLocation: /default-rack, certSerialId: null}
2019-06-13 22:01:15,676 INFO  impl.RaftServerProxy (RaftServerProxy.java:addNew(89)) - 7f43077b-fc59-4f39-9f53-e8b52b415d0f: addNew group-75B1FBA90D4B:[7f43077b-fc59-4f39-9f53-e8b52b415d0f:192.168.105.169:39691] returns group-75B1FBA90D4B:java.util.concurrent.CompletableFuture@f83b1f9[Not completed]
2019-06-13 22:01:15,677 INFO  impl.RaftServerImpl (RaftServerImpl.java:<init>(91)) - 7f43077b-fc59-4f39-9f53-e8b52b415d0f: new RaftServerImpl for group-75B1FBA90D4B:[7f43077b-fc59-4f39-9f53-e8b52b415d0f:192.168.105.169:39691] with ContainerStateMachine:uninitialized
2019-06-13 22:01:15,677 INFO  server.RaftServerConfigKeys (ConfUtils.java:logGet(43)) - raft.server.rpc.timeout.min = 1s (custom)
2019-06-13 22:01:15,677 INFO  server.RaftServerConfigKeys (ConfUtils.java:logGet(43)) - raft.server.rpc.timeout.max = 1200ms (custom)
2019-06-13 22:01:15,677 INFO  server.RaftServerConfigKeys (ConfUtils.java:logGet(43)) - raft.server.rpcslowness.timeout = 10s (custom)
2019-06-13 22:01:15,678 INFO  server.RaftServerConfigKeys (ConfUtils.java:logGet(43)) - raft.server.log.appender.install.snapshot.enabled = true (default)
2019-06-13 22:01:15,678 INFO  impl.RaftServerImpl (ServerState.java:<init>(101)) - 7f43077b-fc59-4f39-9f53-e8b52b415d0f:group-75B1FBA90D4B ConfigurationManager, init=-1: [7f43077b-fc59-4f39-9f53-e8b52b415d0f:192.168.105.169:39691], old=null, confs=<EMPTY_MAP>
2019-06-13 22:01:15,678 INFO  server.RaftServerConfigKeys (ConfUtils.java:logGet(43)) - raft.server.storage.dir = [/opt/src/hadoop-ozone/integration-test/target/test-dir/MiniOzoneClusterImpl-67c7b437-dd20-4fa0-94bc-1ff62c795a03/datanode-4/data/ratis] (custom)
2019-06-13 22:01:15,678 INFO  storage.RaftStorageDirectory (RaftStorageDirectory.java:analyzeStorage(246)) - The storage directory /opt/src/hadoop-ozone/integration-test/target/test-dir/MiniOzoneClusterImpl-67c7b437-dd20-4fa0-94bc-1ff62c795a03/datanode-4/data/ratis/fbe5b5cf-c457-40f4-93aa-75b1fba90d4b does not exist. Creating ...
2019-06-13 22:01:15,681 INFO  storage.RaftStorageDirectory (RaftStorageDirectory.java:tryLock(328)) - Lock on /opt/src/hadoop-ozone/integration-test/target/test-dir/MiniOzoneClusterImpl-67c7b437-dd20-4fa0-94bc-1ff62c795a03/datanode-4/data/ratis/fbe5b5cf-c457-40f4-93aa-75b1fba90d4b/in_use.lock acquired by nodename 9975@ozone-mzc6g-2359123782
2019-06-13 22:01:15,683 INFO  storage.RaftStorage (RaftStorage.java:format(75)) - Storage directory /opt/src/hadoop-ozone/integration-test/target/test-dir/MiniOzoneClusterImpl-67c7b437-dd20-4fa0-94bc-1ff62c795a03/datanode-4/data/ratis/fbe5b5cf-c457-40f4-93aa-75b1fba90d4b has been successfully formatted.
2019-06-13 22:01:15,683 INFO  ratis.ContainerStateMachine (ContainerStateMachine.java:loadSnapshot(199)) - The snapshot info is null.Setting the last applied index to:(t:0, i:~)
2019-06-13 22:01:15,683 INFO  server.RaftServerConfigKeys (ConfUtils.java:logGet(43)) - raft.server.leader.election.timeout = 10s (custom)
2019-06-13 22:01:15,683 INFO  server.RaftServerConfigKeys (ConfUtils.java:logGet(43)) - raft.server.log.use.memory = false (default)
2019-06-13 22:01:15,683 INFO  server.RaftServerConfigKeys (ConfUtils.java:logGet(43)) - raft.server.log.appender.buffer.byte-limit = 33554432 (custom)
2019-06-13 22:01:15,684 INFO  server.RaftServerConfigKeys (ConfUtils.java:logGet(43)) - raft.server.log.segment.size.max = 16384 (custom)
2019-06-13 22:01:15,684 INFO  server.RaftServerConfigKeys (ConfUtils.java:logGet(43)) - raft.server.log.segment.cache.num.max = 2 (custom)
2019-06-13 22:01:15,684 INFO  storage.RaftLogWorker (RaftLogWorker.java:<init>(123)) - new 7f43077b-fc59-4f39-9f53-e8b52b415d0f-RaftLogWorker for Storage Directory /opt/src/hadoop-ozone/integration-test/target/test-dir/MiniOzoneClusterImpl-67c7b437-dd20-4fa0-94bc-1ff62c795a03/datanode-4/data/ratis/fbe5b5cf-c457-40f4-93aa-75b1fba90d4b
2019-06-13 22:01:15,684 INFO  server.RaftServerConfigKeys (ConfUtils.java:logGet(43)) - raft.server.log.queue.byte-limit = 2147483647 (custom)
2019-06-13 22:01:15,684 INFO  server.RaftServerConfigKeys (ConfUtils.java:logGet(43)) - raft.server.log.queue.element-limit = 1024 (custom)
2019-06-13 22:01:15,684 INFO  server.RaftServerConfigKeys (ConfUtils.java:logGet(43)) - raft.server.log.segment.size.max = 16384 (custom)
2019-06-13 22:01:15,684 INFO  server.RaftServerConfigKeys (ConfUtils.java:logGet(43)) - raft.server.log.preallocated.size = 16384 (custom)
2019-06-13 22:01:15,685 INFO  server.RaftServerConfigKeys (ConfUtils.java:logGet(43)) - raft.server.log.write.buffer.size = 33554432 (custom)
2019-06-13 22:01:15,685 INFO  server.RaftServerConfigKeys (ConfUtils.java:logGet(43)) - raft.server.log.force.sync.num = 128 (default)
2019-06-13 22:01:15,685 INFO  server.RaftServerConfigKeys (ConfUtils.java:logGet(43)) - raft.server.log.statemachine.data.sync = true (default)
2019-06-13 22:01:15,685 INFO  server.RaftServerConfigKeys (ConfUtils.java:logGet(43)) - raft.server.log.statemachine.data.sync.timeout = 10s (default)
2019-06-13 22:01:15,685 INFO  server.RaftServerConfigKeys (ConfUtils.java:logGet(43)) - raft.server.log.statemachine.data.sync.timeout.retry = -1 (default)
2019-06-13 22:01:15,685 INFO  server.RaftServerConfigKeys (ConfUtils.java:logGet(43)) - raft.server.log.statemachine.data.caching.enabled = true (custom)
2019-06-13 22:01:15,686 INFO  server.RaftServerConfigKeys (ConfUtils.java:logGet(43)) - raft.server.snapshot.auto.trigger.enabled = true (custom)
2019-06-13 22:01:15,686 INFO  server.RaftServerConfigKeys (ConfUtils.java:logGet(43)) - raft.server.snapshot.auto.trigger.threshold = 10000 (custom)
2019-06-13 22:01:15,686 INFO  server.RaftServerConfigKeys (ConfUtils.java:logGet(43)) - raft.server.retrycache.expirytime = 600000ms (custom)
2019-06-13 22:01:15,686 INFO  impl.RaftServerImpl (RaftServerImpl.java:start(173)) - 7f43077b-fc59-4f39-9f53-e8b52b415d0f: start group-75B1FBA90D4B
2019-06-13 22:01:15,686 INFO  impl.RaftServerImpl (RaftServerImpl.java:setRole(164)) - 7f43077b-fc59-4f39-9f53-e8b52b415d0f:group-75B1FBA90D4B changes role from null to FOLLOWER at term 0 for startAsFollower
2019-06-13 22:01:15,686 INFO  impl.RoleInfo (RoleInfo.java:updateAndGet(143)) - 7f43077b-fc59-4f39-9f53-e8b52b415d0f: start FollowerState
2019-06-13 22:01:15,688 INFO  util.JmxRegister (JmxRegister.java:tryRegister(44)) - Successfully registered JMX Bean with object name Ratis:service=RaftServer,group=group-75B1FBA90D4B,id=7f43077b-fc59-4f39-9f53-e8b52b415d0f
2019-06-13 22:01:15,702 INFO  pipeline.PipelineStateManager (PipelineStateManager.java:addPipeline(56)) - Created pipeline Pipeline[ Id: fbe5b5cf-c457-40f4-93aa-75b1fba90d4b, Nodes: 7f43077b-fc59-4f39-9f53-e8b52b415d0f{ip: 192.168.105.169, host: ozone-mzc6g-2359123782, networkLocation: /default-rack, certSerialId: null}, Type:RATIS, Factor:ONE, State:OPEN]
2019-06-13 22:01:15,937 INFO  ozone.MiniOzoneClusterImpl (MiniOzoneClusterImpl.java:lambda$waitForClusterToBeReady$0(142)) - Waiting for cluster to be ready. Got 5 of 6 DN Heartbeats.
2019-06-13 22:01:15,940 INFO  node.SCMNodeManager (SCMNodeManager.java:register(234)) - Registered Data node : 27154fd6-4101-48d3-82aa-a948f98f5a29{ip: 192.168.105.169, host: ozone-mzc6g-2359123782, networkLocation: /default-rack, certSerialId: null}
2019-06-13 22:01:15,954 INFO  impl.RaftServerProxy (RaftServerProxy.java:addNew(89)) - 27154fd6-4101-48d3-82aa-a948f98f5a29: addNew group-39023514C7B9:[27154fd6-4101-48d3-82aa-a948f98f5a29:192.168.105.169:33685] returns group-39023514C7B9:java.util.concurrent.CompletableFuture@49559116[Not completed]
2019-06-13 22:01:15,955 INFO  impl.RaftServerImpl (RaftServerImpl.java:<init>(91)) - 27154fd6-4101-48d3-82aa-a948f98f5a29: new RaftServerImpl for group-39023514C7B9:[27154fd6-4101-48d3-82aa-a948f98f5a29:192.168.105.169:33685] with ContainerStateMachine:uninitialized
2019-06-13 22:01:15,955 INFO  server.RaftServerConfigKeys (ConfUtils.java:logGet(43)) - raft.server.rpc.timeout.min = 1s (custom)
2019-06-13 22:01:15,956 INFO  server.RaftServerConfigKeys (ConfUtils.java:logGet(43)) - raft.server.rpc.timeout.max = 1200ms (custom)
2019-06-13 22:01:15,956 INFO  server.RaftServerConfigKeys (ConfUtils.java:logGet(43)) - raft.server.rpcslowness.timeout = 10s (custom)
2019-06-13 22:01:15,956 INFO  server.RaftServerConfigKeys (ConfUtils.java:logGet(43)) - raft.server.log.appender.install.snapshot.enabled = true (default)
2019-06-13 22:01:15,956 INFO  impl.RaftServerImpl (ServerState.java:<init>(101)) - 27154fd6-4101-48d3-82aa-a948f98f5a29:group-39023514C7B9 ConfigurationManager, init=-1: [27154fd6-4101-48d3-82aa-a948f98f5a29:192.168.105.169:33685], old=null, confs=<EMPTY_MAP>
2019-06-13 22:01:15,956 INFO  server.RaftServerConfigKeys (ConfUtils.java:logGet(43)) - raft.server.storage.dir = [/opt/src/hadoop-ozone/integration-test/target/test-dir/MiniOzoneClusterImpl-67c7b437-dd20-4fa0-94bc-1ff62c795a03/datanode-5/data/ratis] (custom)
2019-06-13 22:01:15,956 INFO  storage.RaftStorageDirectory (RaftStorageDirectory.java:analyzeStorage(246)) - The storage directory /opt/src/hadoop-ozone/integration-test/target/test-dir/MiniOzoneClusterImpl-67c7b437-dd20-4fa0-94bc-1ff62c795a03/datanode-5/data/ratis/38e9026f-4b24-440e-81fc-39023514c7b9 does not exist. Creating ...
2019-06-13 22:01:15,959 INFO  storage.RaftStorageDirectory (RaftStorageDirectory.java:tryLock(328)) - Lock on /opt/src/hadoop-ozone/integration-test/target/test-dir/MiniOzoneClusterImpl-67c7b437-dd20-4fa0-94bc-1ff62c795a03/datanode-5/data/ratis/38e9026f-4b24-440e-81fc-39023514c7b9/in_use.lock acquired by nodename 9975@ozone-mzc6g-2359123782
2019-06-13 22:01:15,961 INFO  storage.RaftStorage (RaftStorage.java:format(75)) - Storage directory /opt/src/hadoop-ozone/integration-test/target/test-dir/MiniOzoneClusterImpl-67c7b437-dd20-4fa0-94bc-1ff62c795a03/datanode-5/data/ratis/38e9026f-4b24-440e-81fc-39023514c7b9 has been successfully formatted.
2019-06-13 22:01:15,961 INFO  ratis.ContainerStateMachine (ContainerStateMachine.java:loadSnapshot(199)) - The snapshot info is null.Setting the last applied index to:(t:0, i:~)
2019-06-13 22:01:15,962 INFO  server.RaftServerConfigKeys (ConfUtils.java:logGet(43)) - raft.server.leader.election.timeout = 10s (custom)
2019-06-13 22:01:15,962 INFO  server.RaftServerConfigKeys (ConfUtils.java:logGet(43)) - raft.server.log.use.memory = false (default)
2019-06-13 22:01:15,962 INFO  server.RaftServerConfigKeys (ConfUtils.java:logGet(43)) - raft.server.log.appender.buffer.byte-limit = 33554432 (custom)
2019-06-13 22:01:15,962 INFO  server.RaftServerConfigKeys (ConfUtils.java:logGet(43)) - raft.server.log.segment.size.max = 16384 (custom)
2019-06-13 22:01:15,962 INFO  server.RaftServerConfigKeys (ConfUtils.java:logGet(43)) - raft.server.log.segment.cache.num.max = 2 (custom)
2019-06-13 22:01:15,962 INFO  storage.RaftLogWorker (RaftLogWorker.java:<init>(123)) - new 27154fd6-4101-48d3-82aa-a948f98f5a29-RaftLogWorker for Storage Directory /opt/src/hadoop-ozone/integration-test/target/test-dir/MiniOzoneClusterImpl-67c7b437-dd20-4fa0-94bc-1ff62c795a03/datanode-5/data/ratis/38e9026f-4b24-440e-81fc-39023514c7b9
2019-06-13 22:01:15,962 INFO  server.RaftServerConfigKeys (ConfUtils.java:logGet(43)) - raft.server.log.queue.byte-limit = 2147483647 (custom)
2019-06-13 22:01:15,962 INFO  server.RaftServerConfigKeys (ConfUtils.java:logGet(43)) - raft.server.log.queue.element-limit = 1024 (custom)
2019-06-13 22:01:15,962 INFO  server.RaftServerConfigKeys (ConfUtils.java:logGet(43)) - raft.server.log.segment.size.max = 16384 (custom)
2019-06-13 22:01:15,962 INFO  server.RaftServerConfigKeys (ConfUtils.java:logGet(43)) - raft.server.log.preallocated.size = 16384 (custom)
2019-06-13 22:01:15,962 INFO  server.RaftServerConfigKeys (ConfUtils.java:logGet(43)) - raft.server.log.write.buffer.size = 33554432 (custom)
2019-06-13 22:01:15,963 INFO  server.RaftServerConfigKeys (ConfUtils.java:logGet(43)) - raft.server.log.force.sync.num = 128 (default)
2019-06-13 22:01:15,963 INFO  server.RaftServerConfigKeys (ConfUtils.java:logGet(43)) - raft.server.log.statemachine.data.sync = true (default)
2019-06-13 22:01:15,963 INFO  server.RaftServerConfigKeys (ConfUtils.java:logGet(43)) - raft.server.log.statemachine.data.sync.timeout = 10s (default)
2019-06-13 22:01:15,963 INFO  server.RaftServerConfigKeys (ConfUtils.java:logGet(43)) - raft.server.log.statemachine.data.sync.timeout.retry = -1 (default)
2019-06-13 22:01:15,963 INFO  server.RaftServerConfigKeys (ConfUtils.java:logGet(43)) - raft.server.log.statemachine.data.caching.enabled = true (custom)
2019-06-13 22:01:15,963 INFO  server.RaftServerConfigKeys (ConfUtils.java:logGet(43)) - raft.server.snapshot.auto.trigger.enabled = true (custom)
2019-06-13 22:01:15,963 INFO  server.RaftServerConfigKeys (ConfUtils.java:logGet(43)) - raft.server.snapshot.auto.trigger.threshold = 10000 (custom)
2019-06-13 22:01:15,963 INFO  server.RaftServerConfigKeys (ConfUtils.java:logGet(43)) - raft.server.retrycache.expirytime = 600000ms (custom)
2019-06-13 22:01:15,964 INFO  impl.RaftServerImpl (RaftServerImpl.java:start(173)) - 27154fd6-4101-48d3-82aa-a948f98f5a29: start group-39023514C7B9
2019-06-13 22:01:15,964 INFO  impl.RaftServerImpl (RaftServerImpl.java:setRole(164)) - 27154fd6-4101-48d3-82aa-a948f98f5a29:group-39023514C7B9 changes role from null to FOLLOWER at term 0 for startAsFollower
2019-06-13 22:01:15,964 INFO  impl.RoleInfo (RoleInfo.java:updateAndGet(143)) - 27154fd6-4101-48d3-82aa-a948f98f5a29: start FollowerState
2019-06-13 22:01:15,964 INFO  util.JmxRegister (JmxRegister.java:tryRegister(44)) - Successfully registered JMX Bean with object name Ratis:service=RaftServer,group=group-39023514C7B9,id=27154fd6-4101-48d3-82aa-a948f98f5a29
2019-06-13 22:01:15,971 INFO  pipeline.PipelineStateManager (PipelineStateManager.java:addPipeline(56)) - Created pipeline Pipeline[ Id: 38e9026f-4b24-440e-81fc-39023514c7b9, Nodes: 27154fd6-4101-48d3-82aa-a948f98f5a29{ip: 192.168.105.169, host: ozone-mzc6g-2359123782, networkLocation: /default-rack, certSerialId: null}, Type:RATIS, Factor:ONE, State:OPEN]
2019-06-13 22:01:16,001 INFO  impl.RaftServerProxy (RaftServerProxy.java:addNew(89)) - 27154fd6-4101-48d3-82aa-a948f98f5a29: addNew group-97D1AE981F1C:[27154fd6-4101-48d3-82aa-a948f98f5a29:192.168.105.169:33685, 7f43077b-fc59-4f39-9f53-e8b52b415d0f:192.168.105.169:39691, 43460255-ece8-46de-a2d5-2777c0f66617:192.168.105.169:38875] returns group-97D1AE981F1C:java.util.concurrent.CompletableFuture@359d8001[Not completed]
2019-06-13 22:01:16,002 INFO  impl.RaftServerProxy (RaftServerProxy.java:addNew(89)) - 7f43077b-fc59-4f39-9f53-e8b52b415d0f: addNew group-97D1AE981F1C:[27154fd6-4101-48d3-82aa-a948f98f5a29:192.168.105.169:33685, 7f43077b-fc59-4f39-9f53-e8b52b415d0f:192.168.105.169:39691, 43460255-ece8-46de-a2d5-2777c0f66617:192.168.105.169:38875] returns group-97D1AE981F1C:java.util.concurrent.CompletableFuture@734c7ca2[Not completed]
2019-06-13 22:01:16,004 INFO  impl.RaftServerProxy (RaftServerProxy.java:addNew(89)) - 43460255-ece8-46de-a2d5-2777c0f66617: addNew group-97D1AE981F1C:[27154fd6-4101-48d3-82aa-a948f98f5a29:192.168.105.169:33685, 7f43077b-fc59-4f39-9f53-e8b52b415d0f:192.168.105.169:39691, 43460255-ece8-46de-a2d5-2777c0f66617:192.168.105.169:38875] returns group-97D1AE981F1C:java.util.concurrent.CompletableFuture@d5ef0b2[Not completed]
2019-06-13 22:01:16,004 INFO  impl.RaftServerImpl (RaftServerImpl.java:<init>(91)) - 7f43077b-fc59-4f39-9f53-e8b52b415d0f: new RaftServerImpl for group-97D1AE981F1C:[27154fd6-4101-48d3-82aa-a948f98f5a29:192.168.105.169:33685, 7f43077b-fc59-4f39-9f53-e8b52b415d0f:192.168.105.169:39691, 43460255-ece8-46de-a2d5-2777c0f66617:192.168.105.169:38875] with ContainerStateMachine:uninitialized
2019-06-13 22:01:16,004 INFO  server.RaftServerConfigKeys (ConfUtils.java:logGet(43)) - raft.server.rpc.timeout.min = 1s (custom)
2019-06-13 22:01:16,004 INFO  server.RaftServerConfigKeys (ConfUtils.java:logGet(43)) - raft.server.rpc.timeout.max = 1200ms (custom)
2019-06-13 22:01:16,004 INFO  server.RaftServerConfigKeys (ConfUtils.java:logGet(43)) - raft.server.rpcslowness.timeout = 10s (custom)
2019-06-13 22:01:16,004 INFO  impl.RaftServerImpl (RaftServerImpl.java:<init>(91)) - 43460255-ece8-46de-a2d5-2777c0f66617: new RaftServerImpl for group-97D1AE981F1C:[27154fd6-4101-48d3-82aa-a948f98f5a29:192.168.105.169:33685, 7f43077b-fc59-4f39-9f53-e8b52b415d0f:192.168.105.169:39691, 43460255-ece8-46de-a2d5-2777c0f66617:192.168.105.169:38875] with ContainerStateMachine:uninitialized
2019-06-13 22:01:16,005 INFO  server.RaftServerConfigKeys (ConfUtils.java:logGet(43)) - raft.server.log.appender.install.snapshot.enabled = true (default)
2019-06-13 22:01:16,005 INFO  impl.RaftServerImpl (ServerState.java:<init>(101)) - 7f43077b-fc59-4f39-9f53-e8b52b415d0f:group-97D1AE981F1C ConfigurationManager, init=-1: [27154fd6-4101-48d3-82aa-a948f98f5a29:192.168.105.169:33685, 7f43077b-fc59-4f39-9f53-e8b52b415d0f:192.168.105.169:39691, 43460255-ece8-46de-a2d5-2777c0f66617:192.168.105.169:38875], old=null, confs=<EMPTY_MAP>
2019-06-13 22:01:16,005 INFO  server.RaftServerConfigKeys (ConfUtils.java:logGet(43)) - raft.server.storage.dir = [/opt/src/hadoop-ozone/integration-test/target/test-dir/MiniOzoneClusterImpl-67c7b437-dd20-4fa0-94bc-1ff62c795a03/datanode-4/data/ratis] (custom)
2019-06-13 22:01:16,005 INFO  storage.RaftStorageDirectory (RaftStorageDirectory.java:analyzeStorage(246)) - The storage directory /opt/src/hadoop-ozone/integration-test/target/test-dir/MiniOzoneClusterImpl-67c7b437-dd20-4fa0-94bc-1ff62c795a03/datanode-4/data/ratis/cfc51313-764d-4154-8e8e-97d1ae981f1c does not exist. Creating ...
2019-06-13 22:01:16,005 INFO  impl.RaftServerImpl (RaftServerImpl.java:<init>(91)) - 27154fd6-4101-48d3-82aa-a948f98f5a29: new RaftServerImpl for group-97D1AE981F1C:[27154fd6-4101-48d3-82aa-a948f98f5a29:192.168.105.169:33685, 7f43077b-fc59-4f39-9f53-e8b52b415d0f:192.168.105.169:39691, 43460255-ece8-46de-a2d5-2777c0f66617:192.168.105.169:38875] with ContainerStateMachine:uninitialized
2019-06-13 22:01:16,005 INFO  server.RaftServerConfigKeys (ConfUtils.java:logGet(43)) - raft.server.rpc.timeout.min = 1s (custom)
2019-06-13 22:01:16,006 INFO  server.RaftServerConfigKeys (ConfUtils.java:logGet(43)) - raft.server.rpc.timeout.max = 1200ms (custom)
2019-06-13 22:01:16,005 INFO  server.RaftServerConfigKeys (ConfUtils.java:logGet(43)) - raft.server.rpc.timeout.min = 1s (custom)
2019-06-13 22:01:16,006 INFO  server.RaftServerConfigKeys (ConfUtils.java:logGet(43)) - raft.server.rpcslowness.timeout = 10s (custom)
2019-06-13 22:01:16,006 INFO  server.RaftServerConfigKeys (ConfUtils.java:logGet(43)) - raft.server.log.appender.install.snapshot.enabled = true (default)
2019-06-13 22:01:16,006 INFO  server.RaftServerConfigKeys (ConfUtils.java:logGet(43)) - raft.server.rpc.timeout.max = 1200ms (custom)
2019-06-13 22:01:16,006 INFO  impl.RaftServerImpl (ServerState.java:<init>(101)) - 27154fd6-4101-48d3-82aa-a948f98f5a29:group-97D1AE981F1C ConfigurationManager, init=-1: [27154fd6-4101-48d3-82aa-a948f98f5a29:192.168.105.169:33685, 7f43077b-fc59-4f39-9f53-e8b52b415d0f:192.168.105.169:39691, 43460255-ece8-46de-a2d5-2777c0f66617:192.168.105.169:38875], old=null, confs=<EMPTY_MAP>
2019-06-13 22:01:16,006 INFO  server.RaftServerConfigKeys (ConfUtils.java:logGet(43)) - raft.server.rpcslowness.timeout = 10s (custom)
2019-06-13 22:01:16,006 INFO  server.RaftServerConfigKeys (ConfUtils.java:logGet(43)) - raft.server.storage.dir = [/opt/src/hadoop-ozone/integration-test/target/test-dir/MiniOzoneClusterImpl-67c7b437-dd20-4fa0-94bc-1ff62c795a03/datanode-5/data/ratis] (custom)
2019-06-13 22:01:16,006 INFO  server.RaftServerConfigKeys (ConfUtils.java:logGet(43)) - raft.server.log.appender.install.snapshot.enabled = true (default)
2019-06-13 22:01:16,006 INFO  impl.RaftServerImpl (ServerState.java:<init>(101)) - 43460255-ece8-46de-a2d5-2777c0f66617:group-97D1AE981F1C ConfigurationManager, init=-1: [27154fd6-4101-48d3-82aa-a948f98f5a29:192.168.105.169:33685, 7f43077b-fc59-4f39-9f53-e8b52b415d0f:192.168.105.169:39691, 43460255-ece8-46de-a2d5-2777c0f66617:192.168.105.169:38875], old=null, confs=<EMPTY_MAP>
2019-06-13 22:01:16,006 INFO  server.RaftServerConfigKeys (ConfUtils.java:logGet(43)) - raft.server.storage.dir = [/opt/src/hadoop-ozone/integration-test/target/test-dir/MiniOzoneClusterImpl-67c7b437-dd20-4fa0-94bc-1ff62c795a03/datanode-3/data/ratis] (custom)
2019-06-13 22:01:16,007 INFO  storage.RaftStorageDirectory (RaftStorageDirectory.java:analyzeStorage(246)) - The storage directory /opt/src/hadoop-ozone/integration-test/target/test-dir/MiniOzoneClusterImpl-67c7b437-dd20-4fa0-94bc-1ff62c795a03/datanode-3/data/ratis/cfc51313-764d-4154-8e8e-97d1ae981f1c does not exist. Creating ...
2019-06-13 22:01:16,007 INFO  storage.RaftStorageDirectory (RaftStorageDirectory.java:analyzeStorage(246)) - The storage directory /opt/src/hadoop-ozone/integration-test/target/test-dir/MiniOzoneClusterImpl-67c7b437-dd20-4fa0-94bc-1ff62c795a03/datanode-5/data/ratis/cfc51313-764d-4154-8e8e-97d1ae981f1c does not exist. Creating ...
2019-06-13 22:01:16,008 INFO  storage.RaftStorageDirectory (RaftStorageDirectory.java:tryLock(328)) - Lock on /opt/src/hadoop-ozone/integration-test/target/test-dir/MiniOzoneClusterImpl-67c7b437-dd20-4fa0-94bc-1ff62c795a03/datanode-4/data/ratis/cfc51313-764d-4154-8e8e-97d1ae981f1c/in_use.lock acquired by nodename 9975@ozone-mzc6g-2359123782
2019-06-13 22:01:16,009 INFO  storage.RaftStorageDirectory (RaftStorageDirectory.java:tryLock(328)) - Lock on /opt/src/hadoop-ozone/integration-test/target/test-dir/MiniOzoneClusterImpl-67c7b437-dd20-4fa0-94bc-1ff62c795a03/datanode-3/data/ratis/cfc51313-764d-4154-8e8e-97d1ae981f1c/in_use.lock acquired by nodename 9975@ozone-mzc6g-2359123782
2019-06-13 22:01:16,009 INFO  storage.RaftStorageDirectory (RaftStorageDirectory.java:tryLock(328)) - Lock on /opt/src/hadoop-ozone/integration-test/target/test-dir/MiniOzoneClusterImpl-67c7b437-dd20-4fa0-94bc-1ff62c795a03/datanode-5/data/ratis/cfc51313-764d-4154-8e8e-97d1ae981f1c/in_use.lock acquired by nodename 9975@ozone-mzc6g-2359123782
2019-06-13 22:01:16,010 INFO  storage.RaftStorage (RaftStorage.java:format(75)) - Storage directory /opt/src/hadoop-ozone/integration-test/target/test-dir/MiniOzoneClusterImpl-67c7b437-dd20-4fa0-94bc-1ff62c795a03/datanode-4/data/ratis/cfc51313-764d-4154-8e8e-97d1ae981f1c has been successfully formatted.
2019-06-13 22:01:16,011 INFO  ratis.ContainerStateMachine (ContainerStateMachine.java:loadSnapshot(199)) - The snapshot info is null.Setting the last applied index to:(t:0, i:~)
2019-06-13 22:01:16,011 INFO  server.RaftServerConfigKeys (ConfUtils.java:logGet(43)) - raft.server.leader.election.timeout = 10s (custom)
2019-06-13 22:01:16,011 INFO  server.RaftServerConfigKeys (ConfUtils.java:logGet(43)) - raft.server.log.use.memory = false (default)
2019-06-13 22:01:16,011 INFO  server.RaftServerConfigKeys (ConfUtils.java:logGet(43)) - raft.server.log.appender.buffer.byte-limit = 33554432 (custom)
2019-06-13 22:01:16,011 INFO  server.RaftServerConfigKeys (ConfUtils.java:logGet(43)) - raft.server.log.segment.size.max = 16384 (custom)
2019-06-13 22:01:16,011 INFO  server.RaftServerConfigKeys (ConfUtils.java:logGet(43)) - raft.server.log.segment.cache.num.max = 2 (custom)
2019-06-13 22:01:16,011 INFO  storage.RaftLogWorker (RaftLogWorker.java:<init>(123)) - new 7f43077b-fc59-4f39-9f53-e8b52b415d0f-RaftLogWorker for Storage Directory /opt/src/hadoop-ozone/integration-test/target/test-dir/MiniOzoneClusterImpl-67c7b437-dd20-4fa0-94bc-1ff62c795a03/datanode-4/data/ratis/cfc51313-764d-4154-8e8e-97d1ae981f1c
2019-06-13 22:01:16,011 INFO  server.RaftServerConfigKeys (ConfUtils.java:logGet(43)) - raft.server.log.queue.byte-limit = 2147483647 (custom)
2019-06-13 22:01:16,011 INFO  server.RaftServerConfigKeys (ConfUtils.java:logGet(43)) - raft.server.log.queue.element-limit = 1024 (custom)
2019-06-13 22:01:16,011 INFO  server.RaftServerConfigKeys (ConfUtils.java:logGet(43)) - raft.server.log.segment.size.max = 16384 (custom)
2019-06-13 22:01:16,011 INFO  server.RaftServerConfigKeys (ConfUtils.java:logGet(43)) - raft.server.log.preallocated.size = 16384 (custom)
2019-06-13 22:01:16,011 INFO  server.RaftServerConfigKeys (ConfUtils.java:logGet(43)) - raft.server.log.write.buffer.size = 33554432 (custom)
2019-06-13 22:01:16,012 INFO  server.RaftServerConfigKeys (ConfUtils.java:logGet(43)) - raft.server.log.force.sync.num = 128 (default)
2019-06-13 22:01:16,012 INFO  server.RaftServerConfigKeys (ConfUtils.java:logGet(43)) - raft.server.log.statemachine.data.sync = true (default)
2019-06-13 22:01:16,012 INFO  server.RaftServerConfigKeys (ConfUtils.java:logGet(43)) - raft.server.log.statemachine.data.sync.timeout = 10s (default)
2019-06-13 22:01:16,012 INFO  server.RaftServerConfigKeys (ConfUtils.java:logGet(43)) - raft.server.log.statemachine.data.sync.timeout.retry = -1 (default)
2019-06-13 22:01:16,012 INFO  server.RaftServerConfigKeys (ConfUtils.java:logGet(43)) - raft.server.log.statemachine.data.caching.enabled = true (custom)
2019-06-13 22:01:16,012 INFO  server.RaftServerConfigKeys (ConfUtils.java:logGet(43)) - raft.server.snapshot.auto.trigger.enabled = true (custom)
2019-06-13 22:01:16,012 INFO  server.RaftServerConfigKeys (ConfUtils.java:logGet(43)) - raft.server.snapshot.auto.trigger.threshold = 10000 (custom)
2019-06-13 22:01:16,013 INFO  server.RaftServerConfigKeys (ConfUtils.java:logGet(43)) - raft.server.retrycache.expirytime = 600000ms (custom)
2019-06-13 22:01:16,013 INFO  impl.RaftServerImpl (RaftServerImpl.java:start(173)) - 7f43077b-fc59-4f39-9f53-e8b52b415d0f: start group-97D1AE981F1C
2019-06-13 22:01:16,013 INFO  impl.RaftServerImpl (RaftServerImpl.java:setRole(164)) - 7f43077b-fc59-4f39-9f53-e8b52b415d0f:group-97D1AE981F1C changes role from null to FOLLOWER at term 0 for startAsFollower
2019-06-13 22:01:16,013 INFO  impl.RoleInfo (RoleInfo.java:updateAndGet(143)) - 7f43077b-fc59-4f39-9f53-e8b52b415d0f: start FollowerState
2019-06-13 22:01:16,013 INFO  storage.RaftStorage (RaftStorage.java:format(75)) - Storage directory /opt/src/hadoop-ozone/integration-test/target/test-dir/MiniOzoneClusterImpl-67c7b437-dd20-4fa0-94bc-1ff62c795a03/datanode-5/data/ratis/cfc51313-764d-4154-8e8e-97d1ae981f1c has been successfully formatted.
2019-06-13 22:01:16,013 INFO  storage.RaftStorage (RaftStorage.java:format(75)) - Storage directory /opt/src/hadoop-ozone/integration-test/target/test-dir/MiniOzoneClusterImpl-67c7b437-dd20-4fa0-94bc-1ff62c795a03/datanode-3/data/ratis/cfc51313-764d-4154-8e8e-97d1ae981f1c has been successfully formatted.
2019-06-13 22:01:16,013 INFO  util.JmxRegister (JmxRegister.java:tryRegister(44)) - Successfully registered JMX Bean with object name Ratis:service=RaftServer,group=group-97D1AE981F1C,id=7f43077b-fc59-4f39-9f53-e8b52b415d0f
2019-06-13 22:01:16,014 INFO  ratis.ContainerStateMachine (ContainerStateMachine.java:loadSnapshot(199)) - The snapshot info is null.Setting the last applied index to:(t:0, i:~)
2019-06-13 22:01:16,014 INFO  ratis.ContainerStateMachine (ContainerStateMachine.java:loadSnapshot(199)) - The snapshot info is null.Setting the last applied index to:(t:0, i:~)
2019-06-13 22:01:16,014 INFO  server.RaftServerConfigKeys (ConfUtils.java:logGet(43)) - raft.server.leader.election.timeout = 10s (custom)
2019-06-13 22:01:16,014 INFO  server.RaftServerConfigKeys (ConfUtils.java:logGet(43)) - raft.server.leader.election.timeout = 10s (custom)
2019-06-13 22:01:16,015 INFO  server.RaftServerConfigKeys (ConfUtils.java:logGet(43)) - raft.server.log.use.memory = false (default)
2019-06-13 22:01:16,015 INFO  server.RaftServerConfigKeys (ConfUtils.java:logGet(43)) - raft.server.log.appender.buffer.byte-limit = 33554432 (custom)
2019-06-13 22:01:16,015 INFO  server.RaftServerConfigKeys (ConfUtils.java:logGet(43)) - raft.server.log.use.memory = false (default)
2019-06-13 22:01:16,015 INFO  server.RaftServerConfigKeys (ConfUtils.java:logGet(43)) - raft.server.log.segment.size.max = 16384 (custom)
2019-06-13 22:01:16,015 INFO  server.RaftServerConfigKeys (ConfUtils.java:logGet(43)) - raft.server.log.appender.buffer.byte-limit = 33554432 (custom)
2019-06-13 22:01:16,015 INFO  server.RaftServerConfigKeys (ConfUtils.java:logGet(43)) - raft.server.log.segment.cache.num.max = 2 (custom)
2019-06-13 22:01:16,015 INFO  storage.RaftLogWorker (RaftLogWorker.java:<init>(123)) - new 43460255-ece8-46de-a2d5-2777c0f66617-RaftLogWorker for Storage Directory /opt/src/hadoop-ozone/integration-test/target/test-dir/MiniOzoneClusterImpl-67c7b437-dd20-4fa0-94bc-1ff62c795a03/datanode-3/data/ratis/cfc51313-764d-4154-8e8e-97d1ae981f1c
2019-06-13 22:01:16,017 INFO  server.RaftServerConfigKeys (ConfUtils.java:logGet(43)) - raft.server.log.queue.byte-limit = 2147483647 (custom)
2019-06-13 22:01:16,017 INFO  server.RaftServerConfigKeys (ConfUtils.java:logGet(43)) - raft.server.log.queue.element-limit = 1024 (custom)
2019-06-13 22:01:16,017 INFO  server.RaftServerConfigKeys (ConfUtils.java:logGet(43)) - raft.server.log.segment.size.max = 16384 (custom)
2019-06-13 22:01:16,017 INFO  server.RaftServerConfigKeys (ConfUtils.java:logGet(43)) - raft.server.log.preallocated.size = 16384 (custom)
2019-06-13 22:01:16,017 INFO  server.RaftServerConfigKeys (ConfUtils.java:logGet(43)) - raft.server.log.write.buffer.size = 33554432 (custom)
2019-06-13 22:01:16,018 INFO  server.RaftServerConfigKeys (ConfUtils.java:logGet(43)) - raft.server.log.force.sync.num = 128 (default)
2019-06-13 22:01:16,018 INFO  server.RaftServerConfigKeys (ConfUtils.java:logGet(43)) - raft.server.log.statemachine.data.sync = true (default)
2019-06-13 22:01:16,015 INFO  server.RaftServerConfigKeys (ConfUtils.java:logGet(43)) - raft.server.log.segment.size.max = 16384 (custom)
2019-06-13 22:01:16,018 INFO  server.RaftServerConfigKeys (ConfUtils.java:logGet(43)) - raft.server.log.segment.cache.num.max = 2 (custom)
2019-06-13 22:01:16,018 INFO  storage.RaftLogWorker (RaftLogWorker.java:<init>(123)) - new 27154fd6-4101-48d3-82aa-a948f98f5a29-RaftLogWorker for Storage Directory /opt/src/hadoop-ozone/integration-test/target/test-dir/MiniOzoneClusterImpl-67c7b437-dd20-4fa0-94bc-1ff62c795a03/datanode-5/data/ratis/cfc51313-764d-4154-8e8e-97d1ae981f1c
2019-06-13 22:01:16,018 INFO  server.RaftServerConfigKeys (ConfUtils.java:logGet(43)) - raft.server.log.queue.byte-limit = 2147483647 (custom)
2019-06-13 22:01:16,018 INFO  server.RaftServerConfigKeys (ConfUtils.java:logGet(43)) - raft.server.log.queue.element-limit = 1024 (custom)
2019-06-13 22:01:16,018 INFO  server.RaftServerConfigKeys (ConfUtils.java:logGet(43)) - raft.server.log.segment.size.max = 16384 (custom)
2019-06-13 22:01:16,018 INFO  server.RaftServerConfigKeys (ConfUtils.java:logGet(43)) - raft.server.log.preallocated.size = 16384 (custom)
2019-06-13 22:01:16,019 INFO  server.RaftServerConfigKeys (ConfUtils.java:logGet(43)) - raft.server.log.write.buffer.size = 33554432 (custom)
2019-06-13 22:01:16,019 INFO  server.RaftServerConfigKeys (ConfUtils.java:logGet(43)) - raft.server.log.force.sync.num = 128 (default)
2019-06-13 22:01:16,019 INFO  server.RaftServerConfigKeys (ConfUtils.java:logGet(43)) - raft.server.log.statemachine.data.sync = true (default)
2019-06-13 22:01:16,019 INFO  server.RaftServerConfigKeys (ConfUtils.java:logGet(43)) - raft.server.log.statemachine.data.sync.timeout = 10s (default)
2019-06-13 22:01:16,019 INFO  server.RaftServerConfigKeys (ConfUtils.java:logGet(43)) - raft.server.log.statemachine.data.sync.timeout.retry = -1 (default)
2019-06-13 22:01:16,019 INFO  server.RaftServerConfigKeys (ConfUtils.java:logGet(43)) - raft.server.log.statemachine.data.caching.enabled = true (custom)
2019-06-13 22:01:16,018 INFO  server.RaftServerConfigKeys (ConfUtils.java:logGet(43)) - raft.server.log.statemachine.data.sync.timeout = 10s (default)
2019-06-13 22:01:16,019 INFO  server.RaftServerConfigKeys (ConfUtils.java:logGet(43)) - raft.server.log.statemachine.data.sync.timeout.retry = -1 (default)
2019-06-13 22:01:16,020 INFO  server.RaftServerConfigKeys (ConfUtils.java:logGet(43)) - raft.server.snapshot.auto.trigger.enabled = true (custom)
2019-06-13 22:01:16,020 INFO  server.RaftServerConfigKeys (ConfUtils.java:logGet(43)) - raft.server.snapshot.auto.trigger.threshold = 10000 (custom)
2019-06-13 22:01:16,020 INFO  server.RaftServerConfigKeys (ConfUtils.java:logGet(43)) - raft.server.retrycache.expirytime = 600000ms (custom)
2019-06-13 22:01:16,020 INFO  impl.RaftServerImpl (RaftServerImpl.java:start(173)) - 27154fd6-4101-48d3-82aa-a948f98f5a29: start group-97D1AE981F1C
2019-06-13 22:01:16,020 INFO  impl.RaftServerImpl (RaftServerImpl.java:setRole(164)) - 27154fd6-4101-48d3-82aa-a948f98f5a29:group-97D1AE981F1C changes role from null to FOLLOWER at term 0 for startAsFollower
2019-06-13 22:01:16,020 INFO  impl.RoleInfo (RoleInfo.java:updateAndGet(143)) - 27154fd6-4101-48d3-82aa-a948f98f5a29: start FollowerState
2019-06-13 22:01:16,020 INFO  server.RaftServerConfigKeys (ConfUtils.java:logGet(43)) - raft.server.log.statemachine.data.caching.enabled = true (custom)
2019-06-13 22:01:16,021 INFO  util.JmxRegister (JmxRegister.java:tryRegister(44)) - Successfully registered JMX Bean with object name Ratis:service=RaftServer,group=group-97D1AE981F1C,id=27154fd6-4101-48d3-82aa-a948f98f5a29
2019-06-13 22:01:16,021 INFO  server.RaftServerConfigKeys (ConfUtils.java:logGet(43)) - raft.server.snapshot.auto.trigger.enabled = true (custom)
2019-06-13 22:01:16,021 INFO  server.RaftServerConfigKeys (ConfUtils.java:logGet(43)) - raft.server.snapshot.auto.trigger.threshold = 10000 (custom)
2019-06-13 22:01:16,032 INFO  server.RaftServerConfigKeys (ConfUtils.java:logGet(43)) - raft.server.retrycache.expirytime = 600000ms (custom)
2019-06-13 22:01:16,033 INFO  impl.RaftServerImpl (RaftServerImpl.java:start(173)) - 43460255-ece8-46de-a2d5-2777c0f66617: start group-97D1AE981F1C
2019-06-13 22:01:16,033 INFO  impl.RaftServerImpl (RaftServerImpl.java:setRole(164)) - 43460255-ece8-46de-a2d5-2777c0f66617:group-97D1AE981F1C changes role from null to FOLLOWER at term 0 for startAsFollower
2019-06-13 22:01:16,033 INFO  impl.RoleInfo (RoleInfo.java:updateAndGet(143)) - 43460255-ece8-46de-a2d5-2777c0f66617: start FollowerState
2019-06-13 22:01:16,033 INFO  util.JmxRegister (JmxRegister.java:tryRegister(44)) - Successfully registered JMX Bean with object name Ratis:service=RaftServer,group=group-97D1AE981F1C,id=43460255-ece8-46de-a2d5-2777c0f66617
2019-06-13 22:01:16,059 INFO  pipeline.PipelineStateManager (PipelineStateManager.java:addPipeline(56)) - Created pipeline Pipeline[ Id: cfc51313-764d-4154-8e8e-97d1ae981f1c, Nodes: 7f43077b-fc59-4f39-9f53-e8b52b415d0f{ip: 192.168.105.169, host: ozone-mzc6g-2359123782, networkLocation: /default-rack, certSerialId: null}27154fd6-4101-48d3-82aa-a948f98f5a29{ip: 192.168.105.169, host: ozone-mzc6g-2359123782, networkLocation: /default-rack, certSerialId: null}43460255-ece8-46de-a2d5-2777c0f66617{ip: 192.168.105.169, host: ozone-mzc6g-2359123782, networkLocation: /default-rack, certSerialId: null}, Type:RATIS, Factor:THREE, State:OPEN]
2019-06-13 22:01:16,105 INFO  impl.FollowerState (FollowerState.java:run(101)) - ce8ad9f5-10ff-4867-81fa-1324774e200e:group-017A0D8066BE changes to CANDIDATE, lastRpcTime:1156, electionTimeout:1153ms
2019-06-13 22:01:16,105 INFO  impl.RoleInfo (RoleInfo.java:shutdownFollowerState(121)) - ce8ad9f5-10ff-4867-81fa-1324774e200e: shutdown FollowerState
2019-06-13 22:01:16,105 INFO  impl.RaftServerImpl (RaftServerImpl.java:setRole(164)) - ce8ad9f5-10ff-4867-81fa-1324774e200e:group-017A0D8066BE changes role from FOLLOWER to CANDIDATE at term 0 for changeToCandidate
2019-06-13 22:01:16,107 INFO  impl.RoleInfo (RoleInfo.java:updateAndGet(143)) - ce8ad9f5-10ff-4867-81fa-1324774e200e: start LeaderElection
2019-06-13 22:01:16,114 INFO  impl.LeaderElection (LeaderElection.java:askForVotes(181)) - ce8ad9f5-10ff-4867-81fa-1324774e200e:group-017A0D8066BE:LeaderElection1: begin an election at term 1 for -1: [ce8ad9f5-10ff-4867-81fa-1324774e200e:192.168.105.169:42773], old=null
2019-06-13 22:01:16,117 INFO  impl.RoleInfo (RoleInfo.java:shutdownLeaderElection(134)) - ce8ad9f5-10ff-4867-81fa-1324774e200e: shutdown LeaderElection
2019-06-13 22:01:16,118 INFO  impl.RaftServerImpl (RaftServerImpl.java:setRole(164)) - ce8ad9f5-10ff-4867-81fa-1324774e200e:group-017A0D8066BE changes role from CANDIDATE to LEADER at term 1 for changeToLeader
2019-06-13 22:01:16,118 INFO  impl.RaftServerImpl (ServerState.java:setLeader(263)) - ce8ad9f5-10ff-4867-81fa-1324774e200e:group-017A0D8066BE change Leader from null to ce8ad9f5-10ff-4867-81fa-1324774e200e at term 1 for becomeLeader, leader elected after 1373ms
2019-06-13 22:01:16,123 INFO  server.RaftServerConfigKeys (ConfUtils.java:logGet(43)) - raft.server.staging.catchup.gap = 1000 (default)
2019-06-13 22:01:16,123 INFO  server.RaftServerConfigKeys (ConfUtils.java:logGet(43)) - raft.server.rpc.sleep.time = 25ms (default)
2019-06-13 22:01:16,125 INFO  impl.FollowerState (FollowerState.java:run(101)) - b650e281-2877-4fa9-a30c-25da4d5fd5f2:group-93FCD06E4F25 changes to CANDIDATE, lastRpcTime:1069, electionTimeout:1064ms
2019-06-13 22:01:16,127 INFO  impl.RoleInfo (RoleInfo.java:shutdownFollowerState(121)) - b650e281-2877-4fa9-a30c-25da4d5fd5f2: shutdown FollowerState
2019-06-13 22:01:16,127 INFO  impl.RaftServerImpl (RaftServerImpl.java:setRole(164)) - b650e281-2877-4fa9-a30c-25da4d5fd5f2:group-93FCD06E4F25 changes role from FOLLOWER to CANDIDATE at term 0 for changeToCandidate
2019-06-13 22:01:16,127 INFO  impl.RoleInfo (RoleInfo.java:updateAndGet(143)) - b650e281-2877-4fa9-a30c-25da4d5fd5f2: start LeaderElection
2019-06-13 22:01:16,130 INFO  server.RaftServerConfigKeys (ConfUtils.java:logGet(43)) - raft.server.watch.timeout = 10s (default)
2019-06-13 22:01:16,130 INFO  server.RaftServerConfigKeys (ConfUtils.java:logGet(43)) - raft.server.watch.timeout.denomination = 1s (default)
2019-06-13 22:01:16,132 INFO  impl.LeaderElection (LeaderElection.java:askForVotes(181)) - b650e281-2877-4fa9-a30c-25da4d5fd5f2:group-93FCD06E4F25:LeaderElection2: begin an election at term 1 for -1: [b650e281-2877-4fa9-a30c-25da4d5fd5f2:192.168.105.169:36107], old=null
2019-06-13 22:01:16,133 INFO  impl.RoleInfo (RoleInfo.java:shutdownLeaderElection(134)) - b650e281-2877-4fa9-a30c-25da4d5fd5f2: shutdown LeaderElection
2019-06-13 22:01:16,133 INFO  impl.RaftServerImpl (RaftServerImpl.java:setRole(164)) - b650e281-2877-4fa9-a30c-25da4d5fd5f2:group-93FCD06E4F25 changes role from CANDIDATE to LEADER at term 1 for changeToLeader
2019-06-13 22:01:16,133 INFO  impl.RaftServerImpl (ServerState.java:setLeader(263)) - b650e281-2877-4fa9-a30c-25da4d5fd5f2:group-93FCD06E4F25 change Leader from null to b650e281-2877-4fa9-a30c-25da4d5fd5f2 at term 1 for becomeLeader, leader elected after 1080ms
2019-06-13 22:01:16,134 INFO  server.RaftServerConfigKeys (ConfUtils.java:logGet(43)) - raft.server.staging.catchup.gap = 1000 (default)
2019-06-13 22:01:16,134 INFO  server.RaftServerConfigKeys (ConfUtils.java:logGet(43)) - raft.server.rpc.sleep.time = 25ms (default)
2019-06-13 22:01:16,134 INFO  server.RaftServerConfigKeys (ConfUtils.java:logGet(43)) - raft.server.watch.timeout = 10s (default)
2019-06-13 22:01:16,135 INFO  server.RaftServerConfigKeys (ConfUtils.java:logGet(43)) - raft.server.watch.timeout.denomination = 1s (default)
2019-06-13 22:01:16,139 INFO  impl.RoleInfo (RoleInfo.java:updateAndGet(143)) - ce8ad9f5-10ff-4867-81fa-1324774e200e: start LeaderState
2019-06-13 22:01:16,143 INFO  impl.RoleInfo (RoleInfo.java:updateAndGet(143)) - b650e281-2877-4fa9-a30c-25da4d5fd5f2: start LeaderState
2019-06-13 22:01:16,159 INFO  storage.RaftLogWorker (RaftLogWorker.java:startLogSegment(298)) - ce8ad9f5-10ff-4867-81fa-1324774e200e-RaftLogWorker: Starting segment from index:0
2019-06-13 22:01:16,160 INFO  storage.RaftLogWorker (RaftLogWorker.java:startLogSegment(298)) - b650e281-2877-4fa9-a30c-25da4d5fd5f2-RaftLogWorker: Starting segment from index:0
2019-06-13 22:01:16,167 INFO  impl.RaftServerImpl (ServerState.java:setRaftConf(361)) - ce8ad9f5-10ff-4867-81fa-1324774e200e:group-017A0D8066BE set configuration 0: [ce8ad9f5-10ff-4867-81fa-1324774e200e:192.168.105.169:42773], old=null at 0
2019-06-13 22:01:16,168 INFO  impl.RaftServerImpl (ServerState.java:setRaftConf(361)) - b650e281-2877-4fa9-a30c-25da4d5fd5f2:group-93FCD06E4F25 set configuration 0: [b650e281-2877-4fa9-a30c-25da4d5fd5f2:192.168.105.169:36107], old=null at 0
2019-06-13 22:01:16,261 INFO  impl.FollowerState (FollowerState.java:run(101)) - e693b55e-b5dc-4feb-879c-53a79980c3ff:group-A92D07FA07B7 changes to CANDIDATE, lastRpcTime:1081, electionTimeout:1081ms
2019-06-13 22:01:16,261 INFO  impl.RoleInfo (RoleInfo.java:shutdownFollowerState(121)) - e693b55e-b5dc-4feb-879c-53a79980c3ff: shutdown FollowerState
2019-06-13 22:01:16,261 INFO  impl.RaftServerImpl (RaftServerImpl.java:setRole(164)) - e693b55e-b5dc-4feb-879c-53a79980c3ff:group-A92D07FA07B7 changes role from FOLLOWER to CANDIDATE at term 0 for changeToCandidate
2019-06-13 22:01:16,262 INFO  impl.RoleInfo (RoleInfo.java:updateAndGet(143)) - e693b55e-b5dc-4feb-879c-53a79980c3ff: start LeaderElection
2019-06-13 22:01:16,273 INFO  impl.LeaderElection (LeaderElection.java:askForVotes(181)) - e693b55e-b5dc-4feb-879c-53a79980c3ff:group-A92D07FA07B7:LeaderElection3: begin an election at term 1 for -1: [e693b55e-b5dc-4feb-879c-53a79980c3ff:192.168.105.169:36313], old=null
2019-06-13 22:01:16,273 INFO  impl.RoleInfo (RoleInfo.java:shutdownLeaderElection(134)) - e693b55e-b5dc-4feb-879c-53a79980c3ff: shutdown LeaderElection
2019-06-13 22:01:16,274 INFO  impl.RaftServerImpl (RaftServerImpl.java:setRole(164)) - e693b55e-b5dc-4feb-879c-53a79980c3ff:group-A92D07FA07B7 changes role from CANDIDATE to LEADER at term 1 for changeToLeader
2019-06-13 22:01:16,274 INFO  impl.RaftServerImpl (ServerState.java:setLeader(263)) - e693b55e-b5dc-4feb-879c-53a79980c3ff:group-A92D07FA07B7 change Leader from null to e693b55e-b5dc-4feb-879c-53a79980c3ff at term 1 for becomeLeader, leader elected after 1097ms
2019-06-13 22:01:16,275 INFO  server.RaftServerConfigKeys (ConfUtils.java:logGet(43)) - raft.server.staging.catchup.gap = 1000 (default)
2019-06-13 22:01:16,275 INFO  server.RaftServerConfigKeys (ConfUtils.java:logGet(43)) - raft.server.rpc.sleep.time = 25ms (default)
2019-06-13 22:01:16,275 INFO  server.RaftServerConfigKeys (ConfUtils.java:logGet(43)) - raft.server.watch.timeout = 10s (default)
2019-06-13 22:01:16,275 INFO  server.RaftServerConfigKeys (ConfUtils.java:logGet(43)) - raft.server.watch.timeout.denomination = 1s (default)
2019-06-13 22:01:16,276 INFO  impl.RoleInfo (RoleInfo.java:updateAndGet(143)) - e693b55e-b5dc-4feb-879c-53a79980c3ff: start LeaderState
2019-06-13 22:01:16,276 INFO  storage.RaftLogWorker (RaftLogWorker.java:startLogSegment(298)) - e693b55e-b5dc-4feb-879c-53a79980c3ff-RaftLogWorker: Starting segment from index:0
2019-06-13 22:01:16,281 INFO  impl.RaftServerImpl (ServerState.java:setRaftConf(361)) - e693b55e-b5dc-4feb-879c-53a79980c3ff:group-A92D07FA07B7 set configuration 0: [e693b55e-b5dc-4feb-879c-53a79980c3ff:192.168.105.169:36313], old=null at 0
2019-06-13 22:01:16,338 INFO  storage.RaftLogWorker (RaftLogWorker.java:execute(469)) - e693b55e-b5dc-4feb-879c-53a79980c3ff-RaftLogWorker: created new log segment /opt/src/hadoop-ozone/integration-test/target/test-dir/MiniOzoneClusterImpl-67c7b437-dd20-4fa0-94bc-1ff62c795a03/datanode-2/data/ratis/42892154-9b48-4d7d-b598-a92d07fa07b7/current/log_inprogress_0
2019-06-13 22:01:16,338 INFO  storage.RaftLogWorker (RaftLogWorker.java:execute(469)) - ce8ad9f5-10ff-4867-81fa-1324774e200e-RaftLogWorker: created new log segment /opt/src/hadoop-ozone/integration-test/target/test-dir/MiniOzoneClusterImpl-67c7b437-dd20-4fa0-94bc-1ff62c795a03/datanode-0/data/ratis/5815a073-b0d3-4413-b5ea-017a0d8066be/current/log_inprogress_0
2019-06-13 22:01:16,338 INFO  storage.RaftLogWorker (RaftLogWorker.java:execute(469)) - b650e281-2877-4fa9-a30c-25da4d5fd5f2-RaftLogWorker: created new log segment /opt/src/hadoop-ozone/integration-test/target/test-dir/MiniOzoneClusterImpl-67c7b437-dd20-4fa0-94bc-1ff62c795a03/datanode-1/data/ratis/4b036884-4ab4-445a-b111-93fcd06e4f25/current/log_inprogress_0
2019-06-13 22:01:16,388 INFO  impl.FollowerState (FollowerState.java:run(101)) - ce8ad9f5-10ff-4867-81fa-1324774e200e:group-94C33D244D1D changes to CANDIDATE, lastRpcTime:1063, electionTimeout:1048ms
2019-06-13 22:01:16,388 INFO  impl.RoleInfo (RoleInfo.java:shutdownFollowerState(121)) - ce8ad9f5-10ff-4867-81fa-1324774e200e: shutdown FollowerState
2019-06-13 22:01:16,388 INFO  impl.RaftServerImpl (RaftServerImpl.java:setRole(164)) - ce8ad9f5-10ff-4867-81fa-1324774e200e:group-94C33D244D1D changes role from FOLLOWER to CANDIDATE at term 0 for changeToCandidate
2019-06-13 22:01:16,388 INFO  impl.RoleInfo (RoleInfo.java:updateAndGet(143)) - ce8ad9f5-10ff-4867-81fa-1324774e200e: start LeaderElection
2019-06-13 22:01:16,395 INFO  impl.LeaderElection (LeaderElection.java:askForVotes(181)) - ce8ad9f5-10ff-4867-81fa-1324774e200e:group-94C33D244D1D:LeaderElection4: begin an election at term 1 for -1: [b650e281-2877-4fa9-a30c-25da4d5fd5f2:192.168.105.169:36107, e693b55e-b5dc-4feb-879c-53a79980c3ff:192.168.105.169:36313, ce8ad9f5-10ff-4867-81fa-1324774e200e:192.168.105.169:42773], old=null
2019-06-13 22:01:16,417 INFO  impl.FollowerState (FollowerState.java:run(101)) - 43460255-ece8-46de-a2d5-2777c0f66617:group-AD9536B68EA8 changes to CANDIDATE, lastRpcTime:1016, electionTimeout:1016ms
2019-06-13 22:01:16,417 INFO  impl.RoleInfo (RoleInfo.java:shutdownFollowerState(121)) - 43460255-ece8-46de-a2d5-2777c0f66617: shutdown FollowerState
2019-06-13 22:01:16,417 INFO  impl.RaftServerImpl (RaftServerImpl.java:setRole(164)) - 43460255-ece8-46de-a2d5-2777c0f66617:group-AD9536B68EA8 changes role from FOLLOWER to CANDIDATE at term 0 for changeToCandidate
2019-06-13 22:01:16,417 INFO  impl.RoleInfo (RoleInfo.java:updateAndGet(143)) - 43460255-ece8-46de-a2d5-2777c0f66617: start LeaderElection
2019-06-13 22:01:16,428 INFO  impl.RaftServerImpl (RaftServerImpl.java:setRole(164)) - b650e281-2877-4fa9-a30c-25da4d5fd5f2:group-94C33D244D1D changes role from FOLLOWER to FOLLOWER at term 1 for recognizeCandidate:ce8ad9f5-10ff-4867-81fa-1324774e200e
2019-06-13 22:01:16,428 INFO  impl.RoleInfo (RoleInfo.java:shutdownFollowerState(121)) - b650e281-2877-4fa9-a30c-25da4d5fd5f2: shutdown FollowerState
2019-06-13 22:01:16,428 INFO  impl.RoleInfo (RoleInfo.java:updateAndGet(143)) - b650e281-2877-4fa9-a30c-25da4d5fd5f2: start FollowerState
2019-06-13 22:01:16,428 INFO  impl.FollowerState (FollowerState.java:run(109)) - b650e281-2877-4fa9-a30c-25da4d5fd5f2: FollowerState was interrupted: java.lang.InterruptedException: sleep interrupted
2019-06-13 22:01:16,435 INFO  impl.RaftServerImpl (RaftServerImpl.java:setRole(164)) - e693b55e-b5dc-4feb-879c-53a79980c3ff:group-94C33D244D1D changes role from FOLLOWER to FOLLOWER at term 1 for recognizeCandidate:ce8ad9f5-10ff-4867-81fa-1324774e200e
2019-06-13 22:01:16,435 INFO  impl.RoleInfo (RoleInfo.java:shutdownFollowerState(121)) - e693b55e-b5dc-4feb-879c-53a79980c3ff: shutdown FollowerState
2019-06-13 22:01:16,435 INFO  impl.RoleInfo (RoleInfo.java:updateAndGet(143)) - e693b55e-b5dc-4feb-879c-53a79980c3ff: start FollowerState
2019-06-13 22:01:16,435 INFO  impl.FollowerState (FollowerState.java:run(109)) - e693b55e-b5dc-4feb-879c-53a79980c3ff: FollowerState was interrupted: java.lang.InterruptedException: sleep interrupted
2019-06-13 22:01:16,447 INFO  impl.LeaderElection (LeaderElection.java:askForVotes(181)) - 43460255-ece8-46de-a2d5-2777c0f66617:group-AD9536B68EA8:LeaderElection5: begin an election at term 1 for -1: [43460255-ece8-46de-a2d5-2777c0f66617:192.168.105.169:38875], old=null
2019-06-13 22:01:16,448 INFO  impl.RoleInfo (RoleInfo.java:shutdownLeaderElection(134)) - 43460255-ece8-46de-a2d5-2777c0f66617: shutdown LeaderElection
2019-06-13 22:01:16,448 INFO  impl.RaftServerImpl (RaftServerImpl.java:setRole(164)) - 43460255-ece8-46de-a2d5-2777c0f66617:group-AD9536B68EA8 changes role from CANDIDATE to LEADER at term 1 for changeToLeader
2019-06-13 22:01:16,448 INFO  impl.RaftServerImpl (ServerState.java:setLeader(263)) - 43460255-ece8-46de-a2d5-2777c0f66617:group-AD9536B68EA8 change Leader from null to 43460255-ece8-46de-a2d5-2777c0f66617 at term 1 for becomeLeader, leader elected after 1049ms
2019-06-13 22:01:16,450 INFO  server.RaftServerConfigKeys (ConfUtils.java:logGet(43)) - raft.server.staging.catchup.gap = 1000 (default)
2019-06-13 22:01:16,450 INFO  server.RaftServerConfigKeys (ConfUtils.java:logGet(43)) - raft.server.rpc.sleep.time = 25ms (default)
2019-06-13 22:01:16,450 INFO  server.RaftServerConfigKeys (ConfUtils.java:logGet(43)) - raft.server.watch.timeout = 10s (default)
2019-06-13 22:01:16,450 INFO  server.RaftServerConfigKeys (ConfUtils.java:logGet(43)) - raft.server.watch.timeout.denomination = 1s (default)
2019-06-13 22:01:16,450 INFO  impl.RoleInfo (RoleInfo.java:updateAndGet(143)) - 43460255-ece8-46de-a2d5-2777c0f66617: start LeaderState
2019-06-13 22:01:16,450 INFO  storage.RaftLogWorker (RaftLogWorker.java:startLogSegment(298)) - 43460255-ece8-46de-a2d5-2777c0f66617-RaftLogWorker: Starting segment from index:0
2019-06-13 22:01:16,461 INFO  impl.RaftServerImpl (ServerState.java:setRaftConf(361)) - 43460255-ece8-46de-a2d5-2777c0f66617:group-AD9536B68EA8 set configuration 0: [43460255-ece8-46de-a2d5-2777c0f66617:192.168.105.169:38875], old=null at 0
2019-06-13 22:01:16,499 INFO  storage.RaftLogWorker (RaftLogWorker.java:execute(469)) - 43460255-ece8-46de-a2d5-2777c0f66617-RaftLogWorker: created new log segment /opt/src/hadoop-ozone/integration-test/target/test-dir/MiniOzoneClusterImpl-67c7b437-dd20-4fa0-94bc-1ff62c795a03/datanode-3/data/ratis/0cc9bacf-8778-4c19-896e-ad9536b68ea8/current/log_inprogress_0
2019-06-13 22:01:16,502 INFO  impl.LeaderElection (LeaderElection.java:logAndReturn(56)) - ce8ad9f5-10ff-4867-81fa-1324774e200e:group-94C33D244D1D:LeaderElection4: Election PASSED; received 1 response(s) [ce8ad9f5-10ff-4867-81fa-1324774e200e->e693b55e-b5dc-4feb-879c-53a79980c3ff,true-t1] and 0 exception(s); ce8ad9f5-10ff-4867-81fa-1324774e200e:t1, leader=null, voted=ce8ad9f5-10ff-4867-81fa-1324774e200e, raftlog=ce8ad9f5-10ff-4867-81fa-1324774e200e-SegmentedRaftLog:OPENED:c-1,f-1,i0, conf=-1: [b650e281-2877-4fa9-a30c-25da4d5fd5f2:192.168.105.169:36107, e693b55e-b5dc-4feb-879c-53a79980c3ff:192.168.105.169:36313, ce8ad9f5-10ff-4867-81fa-1324774e200e:192.168.105.169:42773], old=null
2019-06-13 22:01:16,502 INFO  impl.RoleInfo (RoleInfo.java:shutdownLeaderElection(134)) - ce8ad9f5-10ff-4867-81fa-1324774e200e: shutdown LeaderElection
2019-06-13 22:01:16,502 INFO  impl.RaftServerImpl (RaftServerImpl.java:setRole(164)) - ce8ad9f5-10ff-4867-81fa-1324774e200e:group-94C33D244D1D changes role from CANDIDATE to LEADER at term 1 for changeToLeader
2019-06-13 22:01:16,502 INFO  impl.RaftServerImpl (ServerState.java:setLeader(263)) - ce8ad9f5-10ff-4867-81fa-1324774e200e:group-94C33D244D1D change Leader from null to ce8ad9f5-10ff-4867-81fa-1324774e200e at term 1 for becomeLeader, leader elected after 1183ms
2019-06-13 22:01:16,502 INFO  server.RaftServerConfigKeys (ConfUtils.java:logGet(43)) - raft.server.staging.catchup.gap = 1000 (default)
2019-06-13 22:01:16,507 INFO  server.RaftServerConfigKeys (ConfUtils.java:logGet(43)) - raft.server.rpc.sleep.time = 25ms (default)
2019-06-13 22:01:16,507 INFO  server.RaftServerConfigKeys (ConfUtils.java:logGet(43)) - raft.server.watch.timeout = 10s (default)
2019-06-13 22:01:16,508 INFO  server.RaftServerConfigKeys (ConfUtils.java:logGet(43)) - raft.server.watch.timeout.denomination = 1s (default)
2019-06-13 22:01:16,510 INFO  server.RaftServerConfigKeys (ConfUtils.java:logGet(43)) - raft.server.log.appender.snapshot.chunk.size.max = 16MB (=16777216) (default)
2019-06-13 22:01:16,510 INFO  server.RaftServerConfigKeys (ConfUtils.java:logGet(43)) - raft.server.log.appender.buffer.byte-limit = 33554432 (custom)
2019-06-13 22:01:16,510 INFO  server.RaftServerConfigKeys (ConfUtils.java:logGet(43)) - raft.server.log.appender.buffer.element-limit = 1 (custom)
2019-06-13 22:01:16,512 INFO  grpc.GrpcConfigKeys$Server (ConfUtils.java:logGet(43)) - raft.grpc.server.leader.outstanding.appends.max = 128 (default)
2019-06-13 22:01:16,512 INFO  server.RaftServerConfigKeys (ConfUtils.java:logGet(43)) - raft.server.rpc.request.timeout = 3000ms (default)
2019-06-13 22:01:16,512 INFO  server.RaftServerConfigKeys (ConfUtils.java:logGet(43)) - raft.server.log.appender.install.snapshot.enabled = true (default)
2019-06-13 22:01:16,512 INFO  server.RaftServerConfigKeys (ConfUtils.java:logGet(43)) - raft.server.log.appender.snapshot.chunk.size.max = 16MB (=16777216) (default)
2019-06-13 22:01:16,512 INFO  server.RaftServerConfigKeys (ConfUtils.java:logGet(43)) - raft.server.log.appender.buffer.byte-limit = 33554432 (custom)
2019-06-13 22:01:16,513 INFO  server.RaftServerConfigKeys (ConfUtils.java:logGet(43)) - raft.server.log.appender.buffer.element-limit = 1 (custom)
2019-06-13 22:01:16,513 INFO  grpc.GrpcConfigKeys$Server (ConfUtils.java:logGet(43)) - raft.grpc.server.leader.outstanding.appends.max = 128 (default)
2019-06-13 22:01:16,513 INFO  server.RaftServerConfigKeys (ConfUtils.java:logGet(43)) - raft.server.rpc.request.timeout = 3000ms (default)
2019-06-13 22:01:16,513 INFO  server.RaftServerConfigKeys (ConfUtils.java:logGet(43)) - raft.server.log.appender.install.snapshot.enabled = true (default)
2019-06-13 22:01:16,513 INFO  impl.RoleInfo (RoleInfo.java:updateAndGet(143)) - ce8ad9f5-10ff-4867-81fa-1324774e200e: start LeaderState
2019-06-13 22:01:16,513 INFO  storage.RaftLogWorker (RaftLogWorker.java:startLogSegment(298)) - ce8ad9f5-10ff-4867-81fa-1324774e200e-RaftLogWorker: Starting segment from index:0
2019-06-13 22:01:16,525 INFO  impl.RaftServerImpl (ServerState.java:setRaftConf(361)) - ce8ad9f5-10ff-4867-81fa-1324774e200e:group-94C33D244D1D set configuration 0: [b650e281-2877-4fa9-a30c-25da4d5fd5f2:192.168.105.169:36107, e693b55e-b5dc-4feb-879c-53a79980c3ff:192.168.105.169:36313, ce8ad9f5-10ff-4867-81fa-1324774e200e:192.168.105.169:42773], old=null at 0
2019-06-13 22:01:16,571 INFO  impl.RaftServerImpl (ServerState.java:setLeader(263)) - e693b55e-b5dc-4feb-879c-53a79980c3ff:group-94C33D244D1D change Leader from null to ce8ad9f5-10ff-4867-81fa-1324774e200e at term 1 for appendEntries, leader elected after 1243ms
2019-06-13 22:01:16,575 INFO  storage.RaftLogWorker (RaftLogWorker.java:execute(469)) - ce8ad9f5-10ff-4867-81fa-1324774e200e-RaftLogWorker: created new log segment /opt/src/hadoop-ozone/integration-test/target/test-dir/MiniOzoneClusterImpl-67c7b437-dd20-4fa0-94bc-1ff62c795a03/datanode-0/data/ratis/fd9723b1-5fa1-4bb6-a3fb-94c33d244d1d/current/log_inprogress_0
2019-06-13 22:01:16,585 INFO  impl.RaftServerImpl (ServerState.java:setLeader(263)) - b650e281-2877-4fa9-a30c-25da4d5fd5f2:group-94C33D244D1D change Leader from null to ce8ad9f5-10ff-4867-81fa-1324774e200e at term 1 for appendEntries, leader elected after 1259ms
2019-06-13 22:01:16,601 INFO  impl.RaftServerImpl (ServerState.java:setRaftConf(361)) - e693b55e-b5dc-4feb-879c-53a79980c3ff:group-94C33D244D1D set configuration 0: [b650e281-2877-4fa9-a30c-25da4d5fd5f2:192.168.105.169:36107, e693b55e-b5dc-4feb-879c-53a79980c3ff:192.168.105.169:36313, ce8ad9f5-10ff-4867-81fa-1324774e200e:192.168.105.169:42773], old=null at 0
2019-06-13 22:01:16,601 INFO  impl.RaftServerImpl (ServerState.java:setRaftConf(361)) - b650e281-2877-4fa9-a30c-25da4d5fd5f2:group-94C33D244D1D set configuration 0: [b650e281-2877-4fa9-a30c-25da4d5fd5f2:192.168.105.169:36107, e693b55e-b5dc-4feb-879c-53a79980c3ff:192.168.105.169:36313, ce8ad9f5-10ff-4867-81fa-1324774e200e:192.168.105.169:42773], old=null at 0
2019-06-13 22:01:16,602 INFO  storage.RaftLogWorker (RaftLogWorker.java:startLogSegment(298)) - e693b55e-b5dc-4feb-879c-53a79980c3ff-RaftLogWorker: Starting segment from index:0
2019-06-13 22:01:16,602 INFO  storage.RaftLogWorker (RaftLogWorker.java:startLogSegment(298)) - b650e281-2877-4fa9-a30c-25da4d5fd5f2-RaftLogWorker: Starting segment from index:0
2019-06-13 22:01:16,641 INFO  storage.RaftLogWorker (RaftLogWorker.java:execute(469)) - b650e281-2877-4fa9-a30c-25da4d5fd5f2-RaftLogWorker: created new log segment /opt/src/hadoop-ozone/integration-test/target/test-dir/MiniOzoneClusterImpl-67c7b437-dd20-4fa0-94bc-1ff62c795a03/datanode-1/data/ratis/fd9723b1-5fa1-4bb6-a3fb-94c33d244d1d/current/log_inprogress_0
2019-06-13 22:01:16,650 INFO  storage.RaftLogWorker (RaftLogWorker.java:execute(469)) - e693b55e-b5dc-4feb-879c-53a79980c3ff-RaftLogWorker: created new log segment /opt/src/hadoop-ozone/integration-test/target/test-dir/MiniOzoneClusterImpl-67c7b437-dd20-4fa0-94bc-1ff62c795a03/datanode-2/data/ratis/fd9723b1-5fa1-4bb6-a3fb-94c33d244d1d/current/log_inprogress_0
2019-06-13 22:01:16,888 INFO  impl.FollowerState (FollowerState.java:run(101)) - 7f43077b-fc59-4f39-9f53-e8b52b415d0f:group-75B1FBA90D4B changes to CANDIDATE, lastRpcTime:1201, electionTimeout:1200ms
2019-06-13 22:01:16,888 INFO  impl.RoleInfo (RoleInfo.java:shutdownFollowerState(121)) - 7f43077b-fc59-4f39-9f53-e8b52b415d0f: shutdown FollowerState
2019-06-13 22:01:16,888 INFO  impl.RaftServerImpl (RaftServerImpl.java:setRole(164)) - 7f43077b-fc59-4f39-9f53-e8b52b415d0f:group-75B1FBA90D4B changes role from FOLLOWER to CANDIDATE at term 0 for changeToCandidate
2019-06-13 22:01:16,889 INFO  impl.RoleInfo (RoleInfo.java:updateAndGet(143)) - 7f43077b-fc59-4f39-9f53-e8b52b415d0f: start LeaderElection
2019-06-13 22:01:16,896 INFO  impl.LeaderElection (LeaderElection.java:askForVotes(181)) - 7f43077b-fc59-4f39-9f53-e8b52b415d0f:group-75B1FBA90D4B:LeaderElection6: begin an election at term 1 for -1: [7f43077b-fc59-4f39-9f53-e8b52b415d0f:192.168.105.169:39691], old=null
2019-06-13 22:01:16,897 INFO  impl.RoleInfo (RoleInfo.java:shutdownLeaderElection(134)) - 7f43077b-fc59-4f39-9f53-e8b52b415d0f: shutdown LeaderElection
2019-06-13 22:01:16,897 INFO  impl.RaftServerImpl (RaftServerImpl.java:setRole(164)) - 7f43077b-fc59-4f39-9f53-e8b52b415d0f:group-75B1FBA90D4B changes role from CANDIDATE to LEADER at term 1 for changeToLeader
2019-06-13 22:01:16,897 INFO  impl.RaftServerImpl (ServerState.java:setLeader(263)) - 7f43077b-fc59-4f39-9f53-e8b52b415d0f:group-75B1FBA90D4B change Leader from null to 7f43077b-fc59-4f39-9f53-e8b52b415d0f at term 1 for becomeLeader, leader elected after 1213ms
2019-06-13 22:01:16,899 INFO  server.RaftServerConfigKeys (ConfUtils.java:logGet(43)) - raft.server.staging.catchup.gap = 1000 (default)
2019-06-13 22:01:16,899 INFO  server.RaftServerConfigKeys (ConfUtils.java:logGet(43)) - raft.server.rpc.sleep.time = 25ms (default)
2019-06-13 22:01:16,899 INFO  server.RaftServerConfigKeys (ConfUtils.java:logGet(43)) - raft.server.watch.timeout = 10s (default)
2019-06-13 22:01:16,899 INFO  server.RaftServerConfigKeys (ConfUtils.java:logGet(43)) - raft.server.watch.timeout.denomination = 1s (default)
2019-06-13 22:01:16,899 INFO  impl.RoleInfo (RoleInfo.java:updateAndGet(143)) - 7f43077b-fc59-4f39-9f53-e8b52b415d0f: start LeaderState
2019-06-13 22:01:16,899 INFO  storage.RaftLogWorker (RaftLogWorker.java:startLogSegment(298)) - 7f43077b-fc59-4f39-9f53-e8b52b415d0f-RaftLogWorker: Starting segment from index:0
2019-06-13 22:01:16,902 INFO  impl.RaftServerImpl (ServerState.java:setRaftConf(361)) - 7f43077b-fc59-4f39-9f53-e8b52b415d0f:group-75B1FBA90D4B set configuration 0: [7f43077b-fc59-4f39-9f53-e8b52b415d0f:192.168.105.169:39691], old=null at 0
2019-06-13 22:01:16,938 INFO  ozone.MiniOzoneClusterImpl (MiniOzoneClusterImpl.java:lambda$waitForClusterToBeReady$0(142)) - Cluster is ready. Got 6 of 6 DN Heartbeats.
2019-06-13 22:01:16,941 INFO  storage.RaftLogWorker (RaftLogWorker.java:execute(469)) - 7f43077b-fc59-4f39-9f53-e8b52b415d0f-RaftLogWorker: created new log segment /opt/src/hadoop-ozone/integration-test/target/test-dir/MiniOzoneClusterImpl-67c7b437-dd20-4fa0-94bc-1ff62c795a03/datanode-4/data/ratis/fbe5b5cf-c457-40f4-93aa-75b1fba90d4b/current/log_inprogress_0
]]></system-out>
    <system-err><![CDATA[ERROR StatusLogger No Log4j 2 configuration file found. Using default configuration (logging only errors to the console), or user programmatically provided configurations. Set system property 'log4j2.debug' to show Log4j 2 internal initialization logging. See https://logging.apache.org/log4j/2.x/manual/configuration.html for instructions on how to configure Log4j 2
Jun 13, 2019 10:01:09 PM com.sun.jersey.server.impl.application.WebApplicationImpl _initiate
INFO: Initiating Jersey application, version 'Jersey: 1.19 02/11/2015 03:25 AM'
Jun 13, 2019 10:01:10 PM com.sun.jersey.server.impl.application.WebApplicationImpl _initiate
INFO: Initiating Jersey application, version 'Jersey: 1.19 02/11/2015 03:25 AM'
Jun 13, 2019 10:01:10 PM com.sun.jersey.server.impl.application.WebApplicationImpl _initiate
INFO: Initiating Jersey application, version 'Jersey: 1.19 02/11/2015 03:25 AM'
Jun 13, 2019 10:01:11 PM com.sun.jersey.server.impl.application.WebApplicationImpl _initiate
INFO: Initiating Jersey application, version 'Jersey: 1.19 02/11/2015 03:25 AM'
Jun 13, 2019 10:01:11 PM com.sun.jersey.server.impl.application.WebApplicationImpl _initiate
INFO: Initiating Jersey application, version 'Jersey: 1.19 02/11/2015 03:25 AM'
Jun 13, 2019 10:01:11 PM com.sun.jersey.server.impl.application.WebApplicationImpl _initiate
INFO: Initiating Jersey application, version 'Jersey: 1.19 02/11/2015 03:25 AM'
]]></system-err>
  </testcase>
</testsuite>