<?xml version="1.0" encoding="UTF-8"?>
<testsuite xmlns:xsi="http://www.w3.org/2001/XMLSchema-instance" xsi:noNamespaceSchemaLocation="https://maven.apache.org/surefire/maven-surefire-plugin/xsd/surefire-test-report.xsd" name="org.apache.hadoop.hdds.scm.pipeline.TestNodeFailure" time="10.506" tests="1" errors="0" skipped="1" failures="0">
  <properties>
    <property name="awt.toolkit" value="sun.awt.X11.XToolkit"/>
    <property name="file.encoding.pkg" value="sun.io"/>
    <property name="java.specification.version" value="1.8"/>
    <property name="sun.cpu.isalist" value=""/>
    <property name="sun.jnu.encoding" value="UTF-8"/>
    <property name="java.class.path" value="/opt/src/hadoop-ozone/integration-test/target/test-classes:/opt/src/hadoop-ozone/integration-test/target/classes:/root/.m2/repository/org/apache/hadoop/hadoop-ozone-common/0.5.0-SNAPSHOT/hadoop-ozone-common-0.5.0-SNAPSHOT.jar:/root/.m2/repository/org/apache/commons/commons-compress/1.4.1/commons-compress-1.4.1.jar:/root/.m2/repository/org/tukaani/xz/1.0/xz-1.0.jar:/root/.m2/repository/org/apache/hadoop/hadoop-common/3.2.0/hadoop-common-3.2.0.jar:/root/.m2/repository/org/apache/hadoop/hadoop-hdfs/3.2.0/hadoop-hdfs-3.2.0.jar:/root/.m2/repository/org/apache/hadoop/hadoop-hdfs-client/3.2.0/hadoop-hdfs-client-3.2.0.jar:/root/.m2/repository/com/fasterxml/jackson/core/jackson-annotations/2.9.5/jackson-annotations-2.9.5.jar:/root/.m2/repository/org/apache/hadoop/hadoop-hdds-common/0.5.0-SNAPSHOT/hadoop-hdds-common-0.5.0-SNAPSHOT.jar:/root/.m2/repository/javax/annotation/javax.annotation-api/1.2/javax.annotation-api-1.2.jar:/root/.m2/repository/org/apache/ratis/ratis-server/0.4.0-fe2b15d-SNAPSHOT/ratis-server-0.4.0-fe2b15d-SNAPSHOT.jar:/root/.m2/repository/org/apache/ratis/ratis-thirdparty-misc/0.2.0/ratis-thirdparty-misc-0.2.0.jar:/root/.m2/repository/org/apache/ratis/ratis-proto/0.4.0-fe2b15d-SNAPSHOT/ratis-proto-0.4.0-fe2b15d-SNAPSHOT.jar:/root/.m2/repository/org/apache/ratis/ratis-common/0.4.0-fe2b15d-SNAPSHOT/ratis-common-0.4.0-fe2b15d-SNAPSHOT.jar:/root/.m2/repository/org/apache/ratis/ratis-client/0.4.0-fe2b15d-SNAPSHOT/ratis-client-0.4.0-fe2b15d-SNAPSHOT.jar:/root/.m2/repository/org/apache/ratis/ratis-netty/0.4.0-fe2b15d-SNAPSHOT/ratis-netty-0.4.0-fe2b15d-SNAPSHOT.jar:/root/.m2/repository/org/apache/ratis/ratis-grpc/0.4.0-fe2b15d-SNAPSHOT/ratis-grpc-0.4.0-fe2b15d-SNAPSHOT.jar:/root/.m2/repository/org/rocksdb/rocksdbjni/5.14.2/rocksdbjni-5.14.2.jar:/root/.m2/repository/org/apache/logging/log4j/log4j-api/2.11.0/log4j-api-2.11.0.jar:/root/.m2/repository/org/apache/logging/log4j/log4j-core/2.11.0/log4j-core-2.11.0.jar:/root/.m2/repository/com/lmax/disruptor/3.4.2/disruptor-3.4.2.jar:/root/.m2/repository/org/apache/commons/commons-pool2/2.6.0/commons-pool2-2.6.0.jar:/root/.m2/repository/org/bouncycastle/bcpkix-jdk15on/1.60/bcpkix-jdk15on-1.60.jar:/root/.m2/repository/commons-validator/commons-validator/1.6/commons-validator-1.6.jar:/root/.m2/repository/commons-digester/commons-digester/1.8.1/commons-digester-1.8.1.jar:/root/.m2/repository/io/jaegertracing/jaeger-client/0.33.1/jaeger-client-0.33.1.jar:/root/.m2/repository/io/jaegertracing/jaeger-thrift/0.33.1/jaeger-thrift-0.33.1.jar:/root/.m2/repository/org/apache/thrift/libthrift/0.11.0/libthrift-0.11.0.jar:/root/.m2/repository/com/squareup/okhttp3/okhttp/3.9.0/okhttp-3.9.0.jar:/root/.m2/repository/com/squareup/okio/okio/1.13.0/okio-1.13.0.jar:/root/.m2/repository/io/jaegertracing/jaeger-core/0.33.1/jaeger-core-0.33.1.jar:/root/.m2/repository/io/jaegertracing/jaeger-tracerresolver/0.33.1/jaeger-tracerresolver-0.33.1.jar:/root/.m2/repository/io/opentracing/contrib/opentracing-tracerresolver/0.1.5/opentracing-tracerresolver-0.1.5.jar:/root/.m2/repository/io/opentracing/opentracing-util/0.31.0/opentracing-util-0.31.0.jar:/root/.m2/repository/io/opentracing/opentracing-api/0.31.0/opentracing-api-0.31.0.jar:/root/.m2/repository/io/opentracing/opentracing-noop/0.31.0/opentracing-noop-0.31.0.jar:/root/.m2/repository/org/apache/hadoop/hadoop-hdds-server-framework/0.5.0-SNAPSHOT/hadoop-hdds-server-framework-0.5.0-SNAPSHOT.jar:/root/.m2/repository/org/apache/hadoop/hadoop-hdds-server-scm/0.5.0-SNAPSHOT/hadoop-hdds-server-scm-0.5.0-SNAPSHOT.jar:/root/.m2/repository/org/apache/hadoop/hadoop-hdds-container-service/0.5.0-SNAPSHOT/hadoop-hdds-container-service-0.5.0-SNAPSHOT.jar:/root/.m2/repository/org/apache/hadoop/hadoop-hdds-client/0.5.0-SNAPSHOT/hadoop-hdds-client-0.5.0-SNAPSHOT.jar:/root/.m2/repository/org/apache/hadoop/hadoop-hdds-tools/0.5.0-SNAPSHOT/hadoop-hdds-tools-0.5.0-SNAPSHOT.jar:/root/.m2/repository/org/apache/hadoop/hadoop-ozone-ozone-manager/0.5.0-SNAPSHOT/hadoop-ozone-ozone-manager-0.5.0-SNAPSHOT.jar:/root/.m2/repository/org/apache/hadoop/hadoop-hdds-docs/0.5.0-SNAPSHOT/hadoop-hdds-docs-0.5.0-SNAPSHOT.jar:/root/.m2/repository/org/bouncycastle/bcprov-jdk15on/1.60/bcprov-jdk15on-1.60.jar:/root/.m2/repository/org/apache/hadoop/hadoop-minikdc/3.2.0/hadoop-minikdc-3.2.0.jar:/root/.m2/repository/commons-io/commons-io/2.5/commons-io-2.5.jar:/root/.m2/repository/org/apache/kerby/kerb-simplekdc/1.0.1/kerb-simplekdc-1.0.1.jar:/root/.m2/repository/org/apache/kerby/kerb-client/1.0.1/kerb-client-1.0.1.jar:/root/.m2/repository/org/apache/kerby/kerby-config/1.0.1/kerby-config-1.0.1.jar:/root/.m2/repository/org/apache/kerby/kerb-core/1.0.1/kerb-core-1.0.1.jar:/root/.m2/repository/org/apache/kerby/kerby-pkix/1.0.1/kerby-pkix-1.0.1.jar:/root/.m2/repository/org/apache/kerby/kerby-asn1/1.0.1/kerby-asn1-1.0.1.jar:/root/.m2/repository/org/apache/kerby/kerby-util/1.0.1/kerby-util-1.0.1.jar:/root/.m2/repository/org/apache/kerby/kerb-common/1.0.1/kerb-common-1.0.1.jar:/root/.m2/repository/org/apache/kerby/kerb-crypto/1.0.1/kerb-crypto-1.0.1.jar:/root/.m2/repository/org/apache/kerby/kerb-util/1.0.1/kerb-util-1.0.1.jar:/root/.m2/repository/org/apache/kerby/token-provider/1.0.1/token-provider-1.0.1.jar:/root/.m2/repository/org/apache/kerby/kerb-admin/1.0.1/kerb-admin-1.0.1.jar:/root/.m2/repository/org/apache/kerby/kerb-server/1.0.1/kerb-server-1.0.1.jar:/root/.m2/repository/org/apache/kerby/kerb-identity/1.0.1/kerb-identity-1.0.1.jar:/root/.m2/repository/org/apache/kerby/kerby-xdr/1.0.1/kerby-xdr-1.0.1.jar:/root/.m2/repository/org/slf4j/slf4j-log4j12/1.7.25/slf4j-log4j12-1.7.25.jar:/root/.m2/repository/org/apache/hadoop/hadoop-ozone-objectstore-service/0.5.0-SNAPSHOT/hadoop-ozone-objectstore-service-0.5.0-SNAPSHOT.jar:/root/.m2/repository/org/apache/hadoop/hadoop-ozone-s3gateway/0.5.0-SNAPSHOT/hadoop-ozone-s3gateway-0.5.0-SNAPSHOT.jar:/root/.m2/repository/org/jboss/weld/servlet/weld-servlet/2.4.7.Final/weld-servlet-2.4.7.Final.jar:/root/.m2/repository/org/glassfish/jersey/containers/jersey-container-servlet-core/2.27/jersey-container-servlet-core-2.27.jar:/root/.m2/repository/org/glassfish/hk2/external/javax.inject/2.5.0-b42/javax.inject-2.5.0-b42.jar:/root/.m2/repository/org/glassfish/jersey/core/jersey-common/2.27/jersey-common-2.27.jar:/root/.m2/repository/org/glassfish/hk2/osgi-resource-locator/1.0.1/osgi-resource-locator-1.0.1.jar:/root/.m2/repository/javax/ws/rs/javax.ws.rs-api/2.1/javax.ws.rs-api-2.1.jar:/root/.m2/repository/org/glassfish/jersey/ext/cdi/jersey-cdi1x/2.27/jersey-cdi1x-2.27.jar:/root/.m2/repository/org/glassfish/jersey/inject/jersey-hk2/2.27/jersey-hk2-2.27.jar:/root/.m2/repository/org/glassfish/hk2/hk2-locator/2.5.0-b42/hk2-locator-2.5.0-b42.jar:/root/.m2/repository/org/javassist/javassist/3.22.0-CR2/javassist-3.22.0-CR2.jar:/root/.m2/repository/org/glassfish/hk2/hk2-api/2.5.0/hk2-api-2.5.0.jar:/root/.m2/repository/org/glassfish/hk2/external/jakarta.inject/2.5.0/jakarta.inject-2.5.0.jar:/root/.m2/repository/org/glassfish/hk2/hk2-utils/2.5.0/hk2-utils-2.5.0.jar:/root/.m2/repository/jakarta/annotation/jakarta.annotation-api/1.3.4/jakarta.annotation-api-1.3.4.jar:/root/.m2/repository/org/glassfish/hk2/external/aopalliance-repackaged/2.5.0/aopalliance-repackaged-2.5.0.jar:/root/.m2/repository/com/fasterxml/jackson/dataformat/jackson-dataformat-xml/2.9.0/jackson-dataformat-xml-2.9.0.jar:/root/.m2/repository/com/fasterxml/jackson/core/jackson-core/2.9.5/jackson-core-2.9.5.jar:/root/.m2/repository/com/fasterxml/jackson/module/jackson-module-jaxb-annotations/2.9.5/jackson-module-jaxb-annotations-2.9.5.jar:/root/.m2/repository/javax/enterprise/cdi-api/1.2/cdi-api-1.2.jar:/root/.m2/repository/javax/el/javax.el-api/3.0.0/javax.el-api-3.0.0.jar:/root/.m2/repository/javax/interceptor/javax.interceptor-api/1.2/javax.interceptor-api-1.2.jar:/root/.m2/repository/javax/inject/javax.inject/1/javax.inject-1.jar:/root/.m2/repository/com/sun/xml/bind/jaxb-impl/2.3.0.1/jaxb-impl-2.3.0.1.jar:/root/.m2/repository/com/sun/xml/bind/jaxb-core/2.3.0.1/jaxb-core-2.3.0.1.jar:/root/.m2/repository/javax/xml/bind/jaxb-api/2.3.0/jaxb-api-2.3.0.jar:/root/.m2/repository/javax/activation/activation/1.1.1/activation-1.1.1.jar:/root/.m2/repository/org/apache/hadoop/hadoop-ozone-csi/0.5.0-SNAPSHOT/hadoop-ozone-csi-0.5.0-SNAPSHOT.jar:/root/.m2/repository/com/google/protobuf/protobuf-java-util/3.5.1/protobuf-java-util-3.5.1.jar:/root/.m2/repository/org/apache/hadoop/hadoop-hdds-config/0.5.0-SNAPSHOT/hadoop-hdds-config-0.5.0-SNAPSHOT.jar:/root/.m2/repository/com/google/guava/guava/11.0.2/guava-11.0.2.jar:/root/.m2/repository/com/google/protobuf/protobuf-java/2.5.0/protobuf-java-2.5.0.jar:/root/.m2/repository/io/grpc/grpc-netty/1.17.1/grpc-netty-1.17.1.jar:/root/.m2/repository/io/grpc/grpc-core/1.17.1/grpc-core-1.17.1.jar:/root/.m2/repository/io/grpc/grpc-context/1.17.1/grpc-context-1.17.1.jar:/root/.m2/repository/com/google/errorprone/error_prone_annotations/2.2.0/error_prone_annotations-2.2.0.jar:/root/.m2/repository/org/codehaus/mojo/animal-sniffer-annotations/1.17/animal-sniffer-annotations-1.17.jar:/root/.m2/repository/io/opencensus/opencensus-api/0.17.0/opencensus-api-0.17.0.jar:/root/.m2/repository/io/opencensus/opencensus-contrib-grpc-metrics/0.17.0/opencensus-contrib-grpc-metrics-0.17.0.jar:/root/.m2/repository/io/netty/netty-codec-http2/4.1.30.Final/netty-codec-http2-4.1.30.Final.jar:/root/.m2/repository/io/netty/netty-codec-http/4.1.30.Final/netty-codec-http-4.1.30.Final.jar:/root/.m2/repository/io/netty/netty-codec/4.1.30.Final/netty-codec-4.1.30.Final.jar:/root/.m2/repository/io/netty/netty-handler/4.1.30.Final/netty-handler-4.1.30.Final.jar:/root/.m2/repository/io/netty/netty-handler-proxy/4.1.30.Final/netty-handler-proxy-4.1.30.Final.jar:/root/.m2/repository/io/netty/netty-codec-socks/4.1.30.Final/netty-codec-socks-4.1.30.Final.jar:/root/.m2/repository/io/netty/netty-transport-native-epoll/4.1.30.Final/netty-transport-native-epoll-4.1.30.Final.jar:/root/.m2/repository/io/netty/netty-common/4.1.30.Final/netty-common-4.1.30.Final.jar:/root/.m2/repository/io/netty/netty-buffer/4.1.30.Final/netty-buffer-4.1.30.Final.jar:/root/.m2/repository/io/netty/netty-transport/4.1.30.Final/netty-transport-4.1.30.Final.jar:/root/.m2/repository/io/netty/netty-resolver/4.1.30.Final/netty-resolver-4.1.30.Final.jar:/root/.m2/repository/io/netty/netty-transport-native-unix-common/4.1.30.Final/netty-transport-native-unix-common-4.1.30.Final.jar:/root/.m2/repository/io/grpc/grpc-protobuf/1.17.1/grpc-protobuf-1.17.1.jar:/root/.m2/repository/com/google/api/grpc/proto-google-common-protos/1.0.0/proto-google-common-protos-1.0.0.jar:/root/.m2/repository/io/grpc/grpc-protobuf-lite/1.17.1/grpc-protobuf-lite-1.17.1.jar:/root/.m2/repository/io/grpc/grpc-stub/1.17.1/grpc-stub-1.17.1.jar:/root/.m2/repository/org/apache/hadoop/hadoop-ozone-recon/0.5.0-SNAPSHOT/hadoop-ozone-recon-0.5.0-SNAPSHOT.jar:/root/.m2/repository/org/apache/hadoop/hadoop-ozone-reconcodegen/0.5.0-SNAPSHOT/hadoop-ozone-reconcodegen-0.5.0-SNAPSHOT.jar:/root/.m2/repository/com/google/inject/extensions/guice-multibindings/4.0/guice-multibindings-4.0.jar:/root/.m2/repository/com/google/inject/guice/4.0/guice-4.0.jar:/root/.m2/repository/aopalliance/aopalliance/1.0/aopalliance-1.0.jar:/root/.m2/repository/com/google/inject/extensions/guice-servlet/4.0/guice-servlet-4.0.jar:/root/.m2/repository/org/glassfish/jersey/containers/jersey-container-servlet/2.27/jersey-container-servlet-2.27.jar:/root/.m2/repository/org/glassfish/hk2/guice-bridge/2.5.0/guice-bridge-2.5.0.jar:/root/.m2/repository/org/glassfish/jersey/core/jersey-server/2.27/jersey-server-2.27.jar:/root/.m2/repository/org/glassfish/jersey/core/jersey-client/2.27/jersey-client-2.27.jar:/root/.m2/repository/org/glassfish/jersey/media/jersey-media-jaxb/2.27/jersey-media-jaxb-2.27.jar:/root/.m2/repository/javax/validation/validation-api/1.1.0.Final/validation-api-1.1.0.Final.jar:/root/.m2/repository/org/glassfish/jersey/media/jersey-media-json-jackson/2.27/jersey-media-json-jackson-2.27.jar:/root/.m2/repository/org/glassfish/jersey/ext/jersey-entity-filtering/2.27/jersey-entity-filtering-2.27.jar:/root/.m2/repository/com/google/inject/extensions/guice-assistedinject/4.0/guice-assistedinject-4.0.jar:/root/.m2/repository/org/jooq/jooq/3.11.10/jooq-3.11.10.jar:/root/.m2/repository/org/jooq/jooq-meta/3.11.10/jooq-meta-3.11.10.jar:/root/.m2/repository/org/jooq/jooq-codegen/3.11.10/jooq-codegen-3.11.10.jar:/root/.m2/repository/com/jolbox/bonecp/0.8.0.RELEASE/bonecp-0.8.0.RELEASE.jar:/root/.m2/repository/org/xerial/sqlite-jdbc/3.25.2/sqlite-jdbc-3.25.2.jar:/root/.m2/repository/org/springframework/spring-jdbc/5.1.3.RELEASE/spring-jdbc-5.1.3.RELEASE.jar:/root/.m2/repository/org/springframework/spring-beans/5.1.3.RELEASE/spring-beans-5.1.3.RELEASE.jar:/root/.m2/repository/org/springframework/spring-core/5.1.3.RELEASE/spring-core-5.1.3.RELEASE.jar:/root/.m2/repository/org/springframework/spring-jcl/5.1.3.RELEASE/spring-jcl-5.1.3.RELEASE.jar:/root/.m2/repository/org/springframework/spring-tx/5.1.3.RELEASE/spring-tx-5.1.3.RELEASE.jar:/root/.m2/repository/org/apache/hadoop/hadoop-ozone-client/0.5.0-SNAPSHOT/hadoop-ozone-client-0.5.0-SNAPSHOT.jar:/root/.m2/repository/org/apache/hadoop/hadoop-ozone-ozone-manager/0.5.0-SNAPSHOT/hadoop-ozone-ozone-manager-0.5.0-SNAPSHOT-tests.jar:/root/.m2/repository/junit/junit/4.11/junit-4.11.jar:/root/.m2/repository/org/hamcrest/hamcrest-core/1.3/hamcrest-core-1.3.jar:/root/.m2/repository/org/openjdk/jmh/jmh-core/1.19/jmh-core-1.19.jar:/root/.m2/repository/net/sf/jopt-simple/jopt-simple/4.6/jopt-simple-4.6.jar:/root/.m2/repository/org/apache/commons/commons-math3/3.1.1/commons-math3-3.1.1.jar:/root/.m2/repository/org/openjdk/jmh/jmh-generator-annprocess/1.19/jmh-generator-annprocess-1.19.jar:/root/.m2/repository/org/mockito/mockito-all/1.8.5/mockito-all-1.8.5.jar:/root/.m2/repository/org/apache/hadoop/hadoop-kms/3.2.0/hadoop-kms-3.2.0.jar:/root/.m2/repository/org/apache/hadoop/hadoop-auth/3.2.0/hadoop-auth-3.2.0.jar:/root/.m2/repository/com/nimbusds/nimbus-jose-jwt/4.41.1/nimbus-jose-jwt-4.41.1.jar:/root/.m2/repository/com/github/stephenc/jcip/jcip-annotations/1.0-1/jcip-annotations-1.0-1.jar:/root/.m2/repository/net/minidev/json-smart/2.3/json-smart-2.3.jar:/root/.m2/repository/net/minidev/accessors-smart/1.2/accessors-smart-1.2.jar:/root/.m2/repository/org/ow2/asm/asm/5.0.4/asm-5.0.4.jar:/root/.m2/repository/org/apache/curator/curator-framework/2.12.0/curator-framework-2.12.0.jar:/root/.m2/repository/com/sun/jersey/jersey-core/1.19/jersey-core-1.19.jar:/root/.m2/repository/javax/ws/rs/jsr311-api/1.1.1/jsr311-api-1.1.1.jar:/root/.m2/repository/com/sun/jersey/jersey-server/1.19/jersey-server-1.19.jar:/root/.m2/repository/javax/servlet/javax.servlet-api/3.1.0/javax.servlet-api-3.1.0.jar:/root/.m2/repository/org/eclipse/jetty/jetty-server/9.3.24.v20180605/jetty-server-9.3.24.v20180605.jar:/root/.m2/repository/org/eclipse/jetty/jetty-http/9.3.24.v20180605/jetty-http-9.3.24.v20180605.jar:/root/.m2/repository/org/eclipse/jetty/jetty-io/9.3.24.v20180605/jetty-io-9.3.24.v20180605.jar:/root/.m2/repository/org/eclipse/jetty/jetty-webapp/9.3.24.v20180605/jetty-webapp-9.3.24.v20180605.jar:/root/.m2/repository/org/eclipse/jetty/jetty-xml/9.3.24.v20180605/jetty-xml-9.3.24.v20180605.jar:/root/.m2/repository/log4j/log4j/1.2.17/log4j-1.2.17.jar:/root/.m2/repository/org/slf4j/slf4j-api/1.7.25/slf4j-api-1.7.25.jar:/root/.m2/repository/org/slf4j/jul-to-slf4j/1.7.25/jul-to-slf4j-1.7.25.jar:/root/.m2/repository/org/eclipse/jetty/jetty-util/9.3.24.v20180605/jetty-util-9.3.24.v20180605.jar:/root/.m2/repository/io/dropwizard/metrics/metrics-core/3.2.4/metrics-core-3.2.4.jar:/root/.m2/repository/com/fasterxml/jackson/core/jackson-databind/2.9.5/jackson-databind-2.9.5.jar:/root/.m2/repository/org/apache/hadoop/hadoop-kms/3.2.0/hadoop-kms-3.2.0-tests.jar:/root/.m2/repository/org/apache/hadoop/hadoop-hdds-server-scm/0.5.0-SNAPSHOT/hadoop-hdds-server-scm-0.5.0-SNAPSHOT-tests.jar:/root/.m2/repository/org/hamcrest/hamcrest-all/1.3/hamcrest-all-1.3.jar:/root/.m2/repository/info/picocli/picocli/3.9.6/picocli-3.9.6.jar:/root/.m2/repository/org/apache/hadoop/hadoop-hdds-container-service/0.5.0-SNAPSHOT/hadoop-hdds-container-service-0.5.0-SNAPSHOT-tests.jar:/root/.m2/repository/org/yaml/snakeyaml/1.16/snakeyaml-1.16.jar:/root/.m2/repository/org/apache/hadoop/hadoop-common/3.2.0/hadoop-common-3.2.0-tests.jar:/root/.m2/repository/org/apache/hadoop/hadoop-annotations/3.2.0/hadoop-annotations-3.2.0.jar:/usr/lib/jvm/java-1.8-openjdk/jre/../lib/tools.jar:/root/.m2/repository/commons-cli/commons-cli/1.2/commons-cli-1.2.jar:/root/.m2/repository/org/apache/httpcomponents/httpclient/4.5.2/httpclient-4.5.2.jar:/root/.m2/repository/org/apache/httpcomponents/httpcore/4.4.4/httpcore-4.4.4.jar:/root/.m2/repository/commons-codec/commons-codec/1.11/commons-codec-1.11.jar:/root/.m2/repository/commons-net/commons-net/3.6/commons-net-3.6.jar:/root/.m2/repository/commons-collections/commons-collections/3.2.2/commons-collections-3.2.2.jar:/root/.m2/repository/org/eclipse/jetty/jetty-servlet/9.3.24.v20180605/jetty-servlet-9.3.24.v20180605.jar:/root/.m2/repository/org/eclipse/jetty/jetty-security/9.3.24.v20180605/jetty-security-9.3.24.v20180605.jar:/root/.m2/repository/javax/servlet/jsp/jsp-api/2.1/jsp-api-2.1.jar:/root/.m2/repository/com/sun/jersey/jersey-servlet/1.19/jersey-servlet-1.19.jar:/root/.m2/repository/com/sun/jersey/jersey-json/1.19/jersey-json-1.19.jar:/root/.m2/repository/org/codehaus/jettison/jettison/1.1/jettison-1.1.jar:/root/.m2/repository/org/codehaus/jackson/jackson-core-asl/1.9.13/jackson-core-asl-1.9.13.jar:/root/.m2/repository/org/codehaus/jackson/jackson-mapper-asl/1.9.13/jackson-mapper-asl-1.9.13.jar:/root/.m2/repository/org/codehaus/jackson/jackson-jaxrs/1.9.13/jackson-jaxrs-1.9.13.jar:/root/.m2/repository/org/codehaus/jackson/jackson-xc/1.9.13/jackson-xc-1.9.13.jar:/root/.m2/repository/commons-logging/commons-logging/1.1.3/commons-logging-1.1.3.jar:/root/.m2/repository/commons-beanutils/commons-beanutils/1.9.3/commons-beanutils-1.9.3.jar:/root/.m2/repository/org/apache/commons/commons-configuration2/2.1.1/commons-configuration2-2.1.1.jar:/root/.m2/repository/org/apache/commons/commons-lang3/3.7/commons-lang3-3.7.jar:/root/.m2/repository/org/apache/commons/commons-text/1.4/commons-text-1.4.jar:/root/.m2/repository/org/apache/avro/avro/1.7.7/avro-1.7.7.jar:/root/.m2/repository/com/thoughtworks/paranamer/paranamer/2.3/paranamer-2.3.jar:/root/.m2/repository/org/xerial/snappy/snappy-java/1.0.5/snappy-java-1.0.5.jar:/root/.m2/repository/com/google/re2j/re2j/1.1/re2j-1.1.jar:/root/.m2/repository/com/google/code/gson/gson/2.2.4/gson-2.2.4.jar:/root/.m2/repository/com/jcraft/jsch/0.1.54/jsch-0.1.54.jar:/root/.m2/repository/org/apache/curator/curator-client/2.12.0/curator-client-2.12.0.jar:/root/.m2/repository/org/apache/curator/curator-recipes/2.12.0/curator-recipes-2.12.0.jar:/root/.m2/repository/com/google/code/findbugs/jsr305/3.0.0/jsr305-3.0.0.jar:/root/.m2/repository/org/apache/htrace/htrace-core4/4.1.0-incubating/htrace-core4-4.1.0-incubating.jar:/root/.m2/repository/org/apache/zookeeper/zookeeper/3.4.13/zookeeper-3.4.13.jar:/root/.m2/repository/org/apache/yetus/audience-annotations/0.5.0/audience-annotations-0.5.0.jar:/root/.m2/repository/org/codehaus/woodstox/stax2-api/3.1.4/stax2-api-3.1.4.jar:/root/.m2/repository/com/fasterxml/woodstox/woodstox-core/5.0.3/woodstox-core-5.0.3.jar:/root/.m2/repository/dnsjava/dnsjava/2.1.7/dnsjava-2.1.7.jar:/root/.m2/repository/org/apache/hadoop/hadoop-hdfs/3.2.0/hadoop-hdfs-3.2.0-tests.jar:/root/.m2/repository/org/eclipse/jetty/jetty-util-ajax/9.3.24.v20180605/jetty-util-ajax-9.3.24.v20180605.jar:/root/.m2/repository/commons-daemon/commons-daemon/1.0.13/commons-daemon-1.0.13.jar:/root/.m2/repository/io/netty/netty/3.10.5.Final/netty-3.10.5.Final.jar:/root/.m2/repository/io/netty/netty-all/4.0.52.Final/netty-all-4.0.52.Final.jar:/root/.m2/repository/org/fusesource/leveldbjni/leveldbjni-all/1.8/leveldbjni-all-1.8.jar:"/>
    <property name="java.vm.vendor" value="IcedTea"/>
    <property name="sun.arch.data.model" value="64"/>
    <property name="test.build.dir" value="/opt/src/hadoop-ozone/integration-test/target/test-dir"/>
    <property name="test.cache.data" value=""/>
    <property name="java.vendor.url" value="https://icedtea.classpath.org"/>
    <property name="user.timezone" value=""/>
    <property name="java.vm.specification.version" value="1.8"/>
    <property name="os.name" value="Linux"/>
    <property name="test.build.data" value="/opt/src/hadoop-ozone/integration-test/target/test-dir"/>
    <property name="user.country" value="US"/>
    <property name="sun.java.launcher" value="SUN_STANDARD"/>
    <property name="sun.boot.library.path" value="/usr/lib/jvm/java-1.8-openjdk/jre/lib/amd64"/>
    <property name="sun.java.command" value="/opt/src/hadoop-ozone/integration-test/target/surefire/surefirebooter5823856834190846880.jar /opt/src/hadoop-ozone/integration-test/target/surefire 2019-06-13T23-33-00_764-jvmRun1 surefire2164641400773211938tmp surefire_88458246098062635679tmp"/>
    <property name="surefire.test.class.path" value="/opt/src/hadoop-ozone/integration-test/target/test-classes:/opt/src/hadoop-ozone/integration-test/target/classes:/root/.m2/repository/org/apache/hadoop/hadoop-ozone-common/0.5.0-SNAPSHOT/hadoop-ozone-common-0.5.0-SNAPSHOT.jar:/root/.m2/repository/org/apache/commons/commons-compress/1.4.1/commons-compress-1.4.1.jar:/root/.m2/repository/org/tukaani/xz/1.0/xz-1.0.jar:/root/.m2/repository/org/apache/hadoop/hadoop-common/3.2.0/hadoop-common-3.2.0.jar:/root/.m2/repository/org/apache/hadoop/hadoop-hdfs/3.2.0/hadoop-hdfs-3.2.0.jar:/root/.m2/repository/org/apache/hadoop/hadoop-hdfs-client/3.2.0/hadoop-hdfs-client-3.2.0.jar:/root/.m2/repository/com/fasterxml/jackson/core/jackson-annotations/2.9.5/jackson-annotations-2.9.5.jar:/root/.m2/repository/org/apache/hadoop/hadoop-hdds-common/0.5.0-SNAPSHOT/hadoop-hdds-common-0.5.0-SNAPSHOT.jar:/root/.m2/repository/javax/annotation/javax.annotation-api/1.2/javax.annotation-api-1.2.jar:/root/.m2/repository/org/apache/ratis/ratis-server/0.4.0-fe2b15d-SNAPSHOT/ratis-server-0.4.0-fe2b15d-SNAPSHOT.jar:/root/.m2/repository/org/apache/ratis/ratis-thirdparty-misc/0.2.0/ratis-thirdparty-misc-0.2.0.jar:/root/.m2/repository/org/apache/ratis/ratis-proto/0.4.0-fe2b15d-SNAPSHOT/ratis-proto-0.4.0-fe2b15d-SNAPSHOT.jar:/root/.m2/repository/org/apache/ratis/ratis-common/0.4.0-fe2b15d-SNAPSHOT/ratis-common-0.4.0-fe2b15d-SNAPSHOT.jar:/root/.m2/repository/org/apache/ratis/ratis-client/0.4.0-fe2b15d-SNAPSHOT/ratis-client-0.4.0-fe2b15d-SNAPSHOT.jar:/root/.m2/repository/org/apache/ratis/ratis-netty/0.4.0-fe2b15d-SNAPSHOT/ratis-netty-0.4.0-fe2b15d-SNAPSHOT.jar:/root/.m2/repository/org/apache/ratis/ratis-grpc/0.4.0-fe2b15d-SNAPSHOT/ratis-grpc-0.4.0-fe2b15d-SNAPSHOT.jar:/root/.m2/repository/org/rocksdb/rocksdbjni/5.14.2/rocksdbjni-5.14.2.jar:/root/.m2/repository/org/apache/logging/log4j/log4j-api/2.11.0/log4j-api-2.11.0.jar:/root/.m2/repository/org/apache/logging/log4j/log4j-core/2.11.0/log4j-core-2.11.0.jar:/root/.m2/repository/com/lmax/disruptor/3.4.2/disruptor-3.4.2.jar:/root/.m2/repository/org/apache/commons/commons-pool2/2.6.0/commons-pool2-2.6.0.jar:/root/.m2/repository/org/bouncycastle/bcpkix-jdk15on/1.60/bcpkix-jdk15on-1.60.jar:/root/.m2/repository/commons-validator/commons-validator/1.6/commons-validator-1.6.jar:/root/.m2/repository/commons-digester/commons-digester/1.8.1/commons-digester-1.8.1.jar:/root/.m2/repository/io/jaegertracing/jaeger-client/0.33.1/jaeger-client-0.33.1.jar:/root/.m2/repository/io/jaegertracing/jaeger-thrift/0.33.1/jaeger-thrift-0.33.1.jar:/root/.m2/repository/org/apache/thrift/libthrift/0.11.0/libthrift-0.11.0.jar:/root/.m2/repository/com/squareup/okhttp3/okhttp/3.9.0/okhttp-3.9.0.jar:/root/.m2/repository/com/squareup/okio/okio/1.13.0/okio-1.13.0.jar:/root/.m2/repository/io/jaegertracing/jaeger-core/0.33.1/jaeger-core-0.33.1.jar:/root/.m2/repository/io/jaegertracing/jaeger-tracerresolver/0.33.1/jaeger-tracerresolver-0.33.1.jar:/root/.m2/repository/io/opentracing/contrib/opentracing-tracerresolver/0.1.5/opentracing-tracerresolver-0.1.5.jar:/root/.m2/repository/io/opentracing/opentracing-util/0.31.0/opentracing-util-0.31.0.jar:/root/.m2/repository/io/opentracing/opentracing-api/0.31.0/opentracing-api-0.31.0.jar:/root/.m2/repository/io/opentracing/opentracing-noop/0.31.0/opentracing-noop-0.31.0.jar:/root/.m2/repository/org/apache/hadoop/hadoop-hdds-server-framework/0.5.0-SNAPSHOT/hadoop-hdds-server-framework-0.5.0-SNAPSHOT.jar:/root/.m2/repository/org/apache/hadoop/hadoop-hdds-server-scm/0.5.0-SNAPSHOT/hadoop-hdds-server-scm-0.5.0-SNAPSHOT.jar:/root/.m2/repository/org/apache/hadoop/hadoop-hdds-container-service/0.5.0-SNAPSHOT/hadoop-hdds-container-service-0.5.0-SNAPSHOT.jar:/root/.m2/repository/org/apache/hadoop/hadoop-hdds-client/0.5.0-SNAPSHOT/hadoop-hdds-client-0.5.0-SNAPSHOT.jar:/root/.m2/repository/org/apache/hadoop/hadoop-hdds-tools/0.5.0-SNAPSHOT/hadoop-hdds-tools-0.5.0-SNAPSHOT.jar:/root/.m2/repository/org/apache/hadoop/hadoop-ozone-ozone-manager/0.5.0-SNAPSHOT/hadoop-ozone-ozone-manager-0.5.0-SNAPSHOT.jar:/root/.m2/repository/org/apache/hadoop/hadoop-hdds-docs/0.5.0-SNAPSHOT/hadoop-hdds-docs-0.5.0-SNAPSHOT.jar:/root/.m2/repository/org/bouncycastle/bcprov-jdk15on/1.60/bcprov-jdk15on-1.60.jar:/root/.m2/repository/org/apache/hadoop/hadoop-minikdc/3.2.0/hadoop-minikdc-3.2.0.jar:/root/.m2/repository/commons-io/commons-io/2.5/commons-io-2.5.jar:/root/.m2/repository/org/apache/kerby/kerb-simplekdc/1.0.1/kerb-simplekdc-1.0.1.jar:/root/.m2/repository/org/apache/kerby/kerb-client/1.0.1/kerb-client-1.0.1.jar:/root/.m2/repository/org/apache/kerby/kerby-config/1.0.1/kerby-config-1.0.1.jar:/root/.m2/repository/org/apache/kerby/kerb-core/1.0.1/kerb-core-1.0.1.jar:/root/.m2/repository/org/apache/kerby/kerby-pkix/1.0.1/kerby-pkix-1.0.1.jar:/root/.m2/repository/org/apache/kerby/kerby-asn1/1.0.1/kerby-asn1-1.0.1.jar:/root/.m2/repository/org/apache/kerby/kerby-util/1.0.1/kerby-util-1.0.1.jar:/root/.m2/repository/org/apache/kerby/kerb-common/1.0.1/kerb-common-1.0.1.jar:/root/.m2/repository/org/apache/kerby/kerb-crypto/1.0.1/kerb-crypto-1.0.1.jar:/root/.m2/repository/org/apache/kerby/kerb-util/1.0.1/kerb-util-1.0.1.jar:/root/.m2/repository/org/apache/kerby/token-provider/1.0.1/token-provider-1.0.1.jar:/root/.m2/repository/org/apache/kerby/kerb-admin/1.0.1/kerb-admin-1.0.1.jar:/root/.m2/repository/org/apache/kerby/kerb-server/1.0.1/kerb-server-1.0.1.jar:/root/.m2/repository/org/apache/kerby/kerb-identity/1.0.1/kerb-identity-1.0.1.jar:/root/.m2/repository/org/apache/kerby/kerby-xdr/1.0.1/kerby-xdr-1.0.1.jar:/root/.m2/repository/org/slf4j/slf4j-log4j12/1.7.25/slf4j-log4j12-1.7.25.jar:/root/.m2/repository/org/apache/hadoop/hadoop-ozone-objectstore-service/0.5.0-SNAPSHOT/hadoop-ozone-objectstore-service-0.5.0-SNAPSHOT.jar:/root/.m2/repository/org/apache/hadoop/hadoop-ozone-s3gateway/0.5.0-SNAPSHOT/hadoop-ozone-s3gateway-0.5.0-SNAPSHOT.jar:/root/.m2/repository/org/jboss/weld/servlet/weld-servlet/2.4.7.Final/weld-servlet-2.4.7.Final.jar:/root/.m2/repository/org/glassfish/jersey/containers/jersey-container-servlet-core/2.27/jersey-container-servlet-core-2.27.jar:/root/.m2/repository/org/glassfish/hk2/external/javax.inject/2.5.0-b42/javax.inject-2.5.0-b42.jar:/root/.m2/repository/org/glassfish/jersey/core/jersey-common/2.27/jersey-common-2.27.jar:/root/.m2/repository/org/glassfish/hk2/osgi-resource-locator/1.0.1/osgi-resource-locator-1.0.1.jar:/root/.m2/repository/javax/ws/rs/javax.ws.rs-api/2.1/javax.ws.rs-api-2.1.jar:/root/.m2/repository/org/glassfish/jersey/ext/cdi/jersey-cdi1x/2.27/jersey-cdi1x-2.27.jar:/root/.m2/repository/org/glassfish/jersey/inject/jersey-hk2/2.27/jersey-hk2-2.27.jar:/root/.m2/repository/org/glassfish/hk2/hk2-locator/2.5.0-b42/hk2-locator-2.5.0-b42.jar:/root/.m2/repository/org/javassist/javassist/3.22.0-CR2/javassist-3.22.0-CR2.jar:/root/.m2/repository/org/glassfish/hk2/hk2-api/2.5.0/hk2-api-2.5.0.jar:/root/.m2/repository/org/glassfish/hk2/external/jakarta.inject/2.5.0/jakarta.inject-2.5.0.jar:/root/.m2/repository/org/glassfish/hk2/hk2-utils/2.5.0/hk2-utils-2.5.0.jar:/root/.m2/repository/jakarta/annotation/jakarta.annotation-api/1.3.4/jakarta.annotation-api-1.3.4.jar:/root/.m2/repository/org/glassfish/hk2/external/aopalliance-repackaged/2.5.0/aopalliance-repackaged-2.5.0.jar:/root/.m2/repository/com/fasterxml/jackson/dataformat/jackson-dataformat-xml/2.9.0/jackson-dataformat-xml-2.9.0.jar:/root/.m2/repository/com/fasterxml/jackson/core/jackson-core/2.9.5/jackson-core-2.9.5.jar:/root/.m2/repository/com/fasterxml/jackson/module/jackson-module-jaxb-annotations/2.9.5/jackson-module-jaxb-annotations-2.9.5.jar:/root/.m2/repository/javax/enterprise/cdi-api/1.2/cdi-api-1.2.jar:/root/.m2/repository/javax/el/javax.el-api/3.0.0/javax.el-api-3.0.0.jar:/root/.m2/repository/javax/interceptor/javax.interceptor-api/1.2/javax.interceptor-api-1.2.jar:/root/.m2/repository/javax/inject/javax.inject/1/javax.inject-1.jar:/root/.m2/repository/com/sun/xml/bind/jaxb-impl/2.3.0.1/jaxb-impl-2.3.0.1.jar:/root/.m2/repository/com/sun/xml/bind/jaxb-core/2.3.0.1/jaxb-core-2.3.0.1.jar:/root/.m2/repository/javax/xml/bind/jaxb-api/2.3.0/jaxb-api-2.3.0.jar:/root/.m2/repository/javax/activation/activation/1.1.1/activation-1.1.1.jar:/root/.m2/repository/org/apache/hadoop/hadoop-ozone-csi/0.5.0-SNAPSHOT/hadoop-ozone-csi-0.5.0-SNAPSHOT.jar:/root/.m2/repository/com/google/protobuf/protobuf-java-util/3.5.1/protobuf-java-util-3.5.1.jar:/root/.m2/repository/org/apache/hadoop/hadoop-hdds-config/0.5.0-SNAPSHOT/hadoop-hdds-config-0.5.0-SNAPSHOT.jar:/root/.m2/repository/com/google/guava/guava/11.0.2/guava-11.0.2.jar:/root/.m2/repository/com/google/protobuf/protobuf-java/2.5.0/protobuf-java-2.5.0.jar:/root/.m2/repository/io/grpc/grpc-netty/1.17.1/grpc-netty-1.17.1.jar:/root/.m2/repository/io/grpc/grpc-core/1.17.1/grpc-core-1.17.1.jar:/root/.m2/repository/io/grpc/grpc-context/1.17.1/grpc-context-1.17.1.jar:/root/.m2/repository/com/google/errorprone/error_prone_annotations/2.2.0/error_prone_annotations-2.2.0.jar:/root/.m2/repository/org/codehaus/mojo/animal-sniffer-annotations/1.17/animal-sniffer-annotations-1.17.jar:/root/.m2/repository/io/opencensus/opencensus-api/0.17.0/opencensus-api-0.17.0.jar:/root/.m2/repository/io/opencensus/opencensus-contrib-grpc-metrics/0.17.0/opencensus-contrib-grpc-metrics-0.17.0.jar:/root/.m2/repository/io/netty/netty-codec-http2/4.1.30.Final/netty-codec-http2-4.1.30.Final.jar:/root/.m2/repository/io/netty/netty-codec-http/4.1.30.Final/netty-codec-http-4.1.30.Final.jar:/root/.m2/repository/io/netty/netty-codec/4.1.30.Final/netty-codec-4.1.30.Final.jar:/root/.m2/repository/io/netty/netty-handler/4.1.30.Final/netty-handler-4.1.30.Final.jar:/root/.m2/repository/io/netty/netty-handler-proxy/4.1.30.Final/netty-handler-proxy-4.1.30.Final.jar:/root/.m2/repository/io/netty/netty-codec-socks/4.1.30.Final/netty-codec-socks-4.1.30.Final.jar:/root/.m2/repository/io/netty/netty-transport-native-epoll/4.1.30.Final/netty-transport-native-epoll-4.1.30.Final.jar:/root/.m2/repository/io/netty/netty-common/4.1.30.Final/netty-common-4.1.30.Final.jar:/root/.m2/repository/io/netty/netty-buffer/4.1.30.Final/netty-buffer-4.1.30.Final.jar:/root/.m2/repository/io/netty/netty-transport/4.1.30.Final/netty-transport-4.1.30.Final.jar:/root/.m2/repository/io/netty/netty-resolver/4.1.30.Final/netty-resolver-4.1.30.Final.jar:/root/.m2/repository/io/netty/netty-transport-native-unix-common/4.1.30.Final/netty-transport-native-unix-common-4.1.30.Final.jar:/root/.m2/repository/io/grpc/grpc-protobuf/1.17.1/grpc-protobuf-1.17.1.jar:/root/.m2/repository/com/google/api/grpc/proto-google-common-protos/1.0.0/proto-google-common-protos-1.0.0.jar:/root/.m2/repository/io/grpc/grpc-protobuf-lite/1.17.1/grpc-protobuf-lite-1.17.1.jar:/root/.m2/repository/io/grpc/grpc-stub/1.17.1/grpc-stub-1.17.1.jar:/root/.m2/repository/org/apache/hadoop/hadoop-ozone-recon/0.5.0-SNAPSHOT/hadoop-ozone-recon-0.5.0-SNAPSHOT.jar:/root/.m2/repository/org/apache/hadoop/hadoop-ozone-reconcodegen/0.5.0-SNAPSHOT/hadoop-ozone-reconcodegen-0.5.0-SNAPSHOT.jar:/root/.m2/repository/com/google/inject/extensions/guice-multibindings/4.0/guice-multibindings-4.0.jar:/root/.m2/repository/com/google/inject/guice/4.0/guice-4.0.jar:/root/.m2/repository/aopalliance/aopalliance/1.0/aopalliance-1.0.jar:/root/.m2/repository/com/google/inject/extensions/guice-servlet/4.0/guice-servlet-4.0.jar:/root/.m2/repository/org/glassfish/jersey/containers/jersey-container-servlet/2.27/jersey-container-servlet-2.27.jar:/root/.m2/repository/org/glassfish/hk2/guice-bridge/2.5.0/guice-bridge-2.5.0.jar:/root/.m2/repository/org/glassfish/jersey/core/jersey-server/2.27/jersey-server-2.27.jar:/root/.m2/repository/org/glassfish/jersey/core/jersey-client/2.27/jersey-client-2.27.jar:/root/.m2/repository/org/glassfish/jersey/media/jersey-media-jaxb/2.27/jersey-media-jaxb-2.27.jar:/root/.m2/repository/javax/validation/validation-api/1.1.0.Final/validation-api-1.1.0.Final.jar:/root/.m2/repository/org/glassfish/jersey/media/jersey-media-json-jackson/2.27/jersey-media-json-jackson-2.27.jar:/root/.m2/repository/org/glassfish/jersey/ext/jersey-entity-filtering/2.27/jersey-entity-filtering-2.27.jar:/root/.m2/repository/com/google/inject/extensions/guice-assistedinject/4.0/guice-assistedinject-4.0.jar:/root/.m2/repository/org/jooq/jooq/3.11.10/jooq-3.11.10.jar:/root/.m2/repository/org/jooq/jooq-meta/3.11.10/jooq-meta-3.11.10.jar:/root/.m2/repository/org/jooq/jooq-codegen/3.11.10/jooq-codegen-3.11.10.jar:/root/.m2/repository/com/jolbox/bonecp/0.8.0.RELEASE/bonecp-0.8.0.RELEASE.jar:/root/.m2/repository/org/xerial/sqlite-jdbc/3.25.2/sqlite-jdbc-3.25.2.jar:/root/.m2/repository/org/springframework/spring-jdbc/5.1.3.RELEASE/spring-jdbc-5.1.3.RELEASE.jar:/root/.m2/repository/org/springframework/spring-beans/5.1.3.RELEASE/spring-beans-5.1.3.RELEASE.jar:/root/.m2/repository/org/springframework/spring-core/5.1.3.RELEASE/spring-core-5.1.3.RELEASE.jar:/root/.m2/repository/org/springframework/spring-jcl/5.1.3.RELEASE/spring-jcl-5.1.3.RELEASE.jar:/root/.m2/repository/org/springframework/spring-tx/5.1.3.RELEASE/spring-tx-5.1.3.RELEASE.jar:/root/.m2/repository/org/apache/hadoop/hadoop-ozone-client/0.5.0-SNAPSHOT/hadoop-ozone-client-0.5.0-SNAPSHOT.jar:/root/.m2/repository/org/apache/hadoop/hadoop-ozone-ozone-manager/0.5.0-SNAPSHOT/hadoop-ozone-ozone-manager-0.5.0-SNAPSHOT-tests.jar:/root/.m2/repository/junit/junit/4.11/junit-4.11.jar:/root/.m2/repository/org/hamcrest/hamcrest-core/1.3/hamcrest-core-1.3.jar:/root/.m2/repository/org/openjdk/jmh/jmh-core/1.19/jmh-core-1.19.jar:/root/.m2/repository/net/sf/jopt-simple/jopt-simple/4.6/jopt-simple-4.6.jar:/root/.m2/repository/org/apache/commons/commons-math3/3.1.1/commons-math3-3.1.1.jar:/root/.m2/repository/org/openjdk/jmh/jmh-generator-annprocess/1.19/jmh-generator-annprocess-1.19.jar:/root/.m2/repository/org/mockito/mockito-all/1.8.5/mockito-all-1.8.5.jar:/root/.m2/repository/org/apache/hadoop/hadoop-kms/3.2.0/hadoop-kms-3.2.0.jar:/root/.m2/repository/org/apache/hadoop/hadoop-auth/3.2.0/hadoop-auth-3.2.0.jar:/root/.m2/repository/com/nimbusds/nimbus-jose-jwt/4.41.1/nimbus-jose-jwt-4.41.1.jar:/root/.m2/repository/com/github/stephenc/jcip/jcip-annotations/1.0-1/jcip-annotations-1.0-1.jar:/root/.m2/repository/net/minidev/json-smart/2.3/json-smart-2.3.jar:/root/.m2/repository/net/minidev/accessors-smart/1.2/accessors-smart-1.2.jar:/root/.m2/repository/org/ow2/asm/asm/5.0.4/asm-5.0.4.jar:/root/.m2/repository/org/apache/curator/curator-framework/2.12.0/curator-framework-2.12.0.jar:/root/.m2/repository/com/sun/jersey/jersey-core/1.19/jersey-core-1.19.jar:/root/.m2/repository/javax/ws/rs/jsr311-api/1.1.1/jsr311-api-1.1.1.jar:/root/.m2/repository/com/sun/jersey/jersey-server/1.19/jersey-server-1.19.jar:/root/.m2/repository/javax/servlet/javax.servlet-api/3.1.0/javax.servlet-api-3.1.0.jar:/root/.m2/repository/org/eclipse/jetty/jetty-server/9.3.24.v20180605/jetty-server-9.3.24.v20180605.jar:/root/.m2/repository/org/eclipse/jetty/jetty-http/9.3.24.v20180605/jetty-http-9.3.24.v20180605.jar:/root/.m2/repository/org/eclipse/jetty/jetty-io/9.3.24.v20180605/jetty-io-9.3.24.v20180605.jar:/root/.m2/repository/org/eclipse/jetty/jetty-webapp/9.3.24.v20180605/jetty-webapp-9.3.24.v20180605.jar:/root/.m2/repository/org/eclipse/jetty/jetty-xml/9.3.24.v20180605/jetty-xml-9.3.24.v20180605.jar:/root/.m2/repository/log4j/log4j/1.2.17/log4j-1.2.17.jar:/root/.m2/repository/org/slf4j/slf4j-api/1.7.25/slf4j-api-1.7.25.jar:/root/.m2/repository/org/slf4j/jul-to-slf4j/1.7.25/jul-to-slf4j-1.7.25.jar:/root/.m2/repository/org/eclipse/jetty/jetty-util/9.3.24.v20180605/jetty-util-9.3.24.v20180605.jar:/root/.m2/repository/io/dropwizard/metrics/metrics-core/3.2.4/metrics-core-3.2.4.jar:/root/.m2/repository/com/fasterxml/jackson/core/jackson-databind/2.9.5/jackson-databind-2.9.5.jar:/root/.m2/repository/org/apache/hadoop/hadoop-kms/3.2.0/hadoop-kms-3.2.0-tests.jar:/root/.m2/repository/org/apache/hadoop/hadoop-hdds-server-scm/0.5.0-SNAPSHOT/hadoop-hdds-server-scm-0.5.0-SNAPSHOT-tests.jar:/root/.m2/repository/org/hamcrest/hamcrest-all/1.3/hamcrest-all-1.3.jar:/root/.m2/repository/info/picocli/picocli/3.9.6/picocli-3.9.6.jar:/root/.m2/repository/org/apache/hadoop/hadoop-hdds-container-service/0.5.0-SNAPSHOT/hadoop-hdds-container-service-0.5.0-SNAPSHOT-tests.jar:/root/.m2/repository/org/yaml/snakeyaml/1.16/snakeyaml-1.16.jar:/root/.m2/repository/org/apache/hadoop/hadoop-common/3.2.0/hadoop-common-3.2.0-tests.jar:/root/.m2/repository/org/apache/hadoop/hadoop-annotations/3.2.0/hadoop-annotations-3.2.0.jar:/usr/lib/jvm/java-1.8-openjdk/jre/../lib/tools.jar:/root/.m2/repository/commons-cli/commons-cli/1.2/commons-cli-1.2.jar:/root/.m2/repository/org/apache/httpcomponents/httpclient/4.5.2/httpclient-4.5.2.jar:/root/.m2/repository/org/apache/httpcomponents/httpcore/4.4.4/httpcore-4.4.4.jar:/root/.m2/repository/commons-codec/commons-codec/1.11/commons-codec-1.11.jar:/root/.m2/repository/commons-net/commons-net/3.6/commons-net-3.6.jar:/root/.m2/repository/commons-collections/commons-collections/3.2.2/commons-collections-3.2.2.jar:/root/.m2/repository/org/eclipse/jetty/jetty-servlet/9.3.24.v20180605/jetty-servlet-9.3.24.v20180605.jar:/root/.m2/repository/org/eclipse/jetty/jetty-security/9.3.24.v20180605/jetty-security-9.3.24.v20180605.jar:/root/.m2/repository/javax/servlet/jsp/jsp-api/2.1/jsp-api-2.1.jar:/root/.m2/repository/com/sun/jersey/jersey-servlet/1.19/jersey-servlet-1.19.jar:/root/.m2/repository/com/sun/jersey/jersey-json/1.19/jersey-json-1.19.jar:/root/.m2/repository/org/codehaus/jettison/jettison/1.1/jettison-1.1.jar:/root/.m2/repository/org/codehaus/jackson/jackson-core-asl/1.9.13/jackson-core-asl-1.9.13.jar:/root/.m2/repository/org/codehaus/jackson/jackson-mapper-asl/1.9.13/jackson-mapper-asl-1.9.13.jar:/root/.m2/repository/org/codehaus/jackson/jackson-jaxrs/1.9.13/jackson-jaxrs-1.9.13.jar:/root/.m2/repository/org/codehaus/jackson/jackson-xc/1.9.13/jackson-xc-1.9.13.jar:/root/.m2/repository/commons-logging/commons-logging/1.1.3/commons-logging-1.1.3.jar:/root/.m2/repository/commons-beanutils/commons-beanutils/1.9.3/commons-beanutils-1.9.3.jar:/root/.m2/repository/org/apache/commons/commons-configuration2/2.1.1/commons-configuration2-2.1.1.jar:/root/.m2/repository/org/apache/commons/commons-lang3/3.7/commons-lang3-3.7.jar:/root/.m2/repository/org/apache/commons/commons-text/1.4/commons-text-1.4.jar:/root/.m2/repository/org/apache/avro/avro/1.7.7/avro-1.7.7.jar:/root/.m2/repository/com/thoughtworks/paranamer/paranamer/2.3/paranamer-2.3.jar:/root/.m2/repository/org/xerial/snappy/snappy-java/1.0.5/snappy-java-1.0.5.jar:/root/.m2/repository/com/google/re2j/re2j/1.1/re2j-1.1.jar:/root/.m2/repository/com/google/code/gson/gson/2.2.4/gson-2.2.4.jar:/root/.m2/repository/com/jcraft/jsch/0.1.54/jsch-0.1.54.jar:/root/.m2/repository/org/apache/curator/curator-client/2.12.0/curator-client-2.12.0.jar:/root/.m2/repository/org/apache/curator/curator-recipes/2.12.0/curator-recipes-2.12.0.jar:/root/.m2/repository/com/google/code/findbugs/jsr305/3.0.0/jsr305-3.0.0.jar:/root/.m2/repository/org/apache/htrace/htrace-core4/4.1.0-incubating/htrace-core4-4.1.0-incubating.jar:/root/.m2/repository/org/apache/zookeeper/zookeeper/3.4.13/zookeeper-3.4.13.jar:/root/.m2/repository/org/apache/yetus/audience-annotations/0.5.0/audience-annotations-0.5.0.jar:/root/.m2/repository/org/codehaus/woodstox/stax2-api/3.1.4/stax2-api-3.1.4.jar:/root/.m2/repository/com/fasterxml/woodstox/woodstox-core/5.0.3/woodstox-core-5.0.3.jar:/root/.m2/repository/dnsjava/dnsjava/2.1.7/dnsjava-2.1.7.jar:/root/.m2/repository/org/apache/hadoop/hadoop-hdfs/3.2.0/hadoop-hdfs-3.2.0-tests.jar:/root/.m2/repository/org/eclipse/jetty/jetty-util-ajax/9.3.24.v20180605/jetty-util-ajax-9.3.24.v20180605.jar:/root/.m2/repository/commons-daemon/commons-daemon/1.0.13/commons-daemon-1.0.13.jar:/root/.m2/repository/io/netty/netty/3.10.5.Final/netty-3.10.5.Final.jar:/root/.m2/repository/io/netty/netty-all/4.0.52.Final/netty-all-4.0.52.Final.jar:/root/.m2/repository/org/fusesource/leveldbjni/leveldbjni-all/1.8/leveldbjni-all-1.8.jar:"/>
    <property name="sun.cpu.endian" value="little"/>
    <property name="user.home" value="/root"/>
    <property name="user.language" value="en"/>
    <property name="java.specification.vendor" value="Oracle Corporation"/>
    <property name="java.home" value="/usr/lib/jvm/java-1.8-openjdk/jre"/>
    <property name="java.security.krb5.conf" value="/opt/src/hadoop-ozone/integration-test/target/test-classes/krb5.conf"/>
    <property name="basedir" value="/opt/src/hadoop-ozone/integration-test"/>
    <property name="file.separator" value="/"/>
    <property name="line.separator" value="&#10;"/>
    <property name="java.vm.specification.vendor" value="Oracle Corporation"/>
    <property name="java.specification.name" value="Java Platform API Specification"/>
    <property name="java.awt.graphicsenv" value="sun.awt.X11GraphicsEnvironment"/>
    <property name="surefire.real.class.path" value="/opt/src/hadoop-ozone/integration-test/target/surefire/surefirebooter5823856834190846880.jar"/>
    <property name="hadoop.log.dir" value="/opt/src/hadoop-ozone/integration-test/target/log"/>
    <property name="sun.boot.class.path" value="/usr/lib/jvm/java-1.8-openjdk/jre/lib/resources.jar:/usr/lib/jvm/java-1.8-openjdk/jre/lib/rt.jar:/usr/lib/jvm/java-1.8-openjdk/jre/lib/sunrsasign.jar:/usr/lib/jvm/java-1.8-openjdk/jre/lib/jsse.jar:/usr/lib/jvm/java-1.8-openjdk/jre/lib/jce.jar:/usr/lib/jvm/java-1.8-openjdk/jre/lib/charsets.jar:/usr/lib/jvm/java-1.8-openjdk/jre/lib/jfr.jar:/usr/lib/jvm/java-1.8-openjdk/jre/classes"/>
    <property name="sun.management.compiler" value="HotSpot 64-Bit Tiered Compilers"/>
    <property name="java.runtime.version" value="1.8.0_212-b04"/>
    <property name="java.net.preferIPv4Stack" value="true"/>
    <property name="user.name" value="root"/>
    <property name="path.separator" value=":"/>
    <property name="java.security.egd" value="file:///dev/urandom"/>
    <property name="os.version" value="4.15.0-1021-aws"/>
    <property name="java.endorsed.dirs" value="/usr/lib/jvm/java-1.8-openjdk/jre/lib/endorsed"/>
    <property name="java.runtime.name" value="OpenJDK Runtime Environment"/>
    <property name="file.encoding" value="UTF-8"/>
    <property name="java.vm.name" value="OpenJDK 64-Bit Server VM"/>
    <property name="test.build.webapps" value=""/>
    <property name="localRepository" value="/root/.m2/repository"/>
    <property name="java.vendor.url.bug" value="https://icedtea.classpath.org/bugzilla"/>
    <property name="java.io.tmpdir" value="/tmp"/>
    <property name="require.test.libhadoop" value=""/>
    <property name="java.version" value="1.8.0_212"/>
    <property name="user.dir" value="/opt/src/hadoop-ozone/integration-test"/>
    <property name="os.arch" value="amd64"/>
    <property name="java.vm.specification.name" value="Java Virtual Machine Specification"/>
    <property name="test.build.classes" value="/opt/src/hadoop-ozone/integration-test/target/test-classes"/>
    <property name="java.awt.printerjob" value="sun.print.PSPrinterJob"/>
    <property name="sun.os.patch.level" value="unknown"/>
    <property name="hadoop.tmp.dir" value="/opt/src/hadoop-ozone/integration-test/target/tmp"/>
    <property name="java.library.path" value="/usr/lib/jvm/java-1.8-openjdk/jre/lib/amd64/server:/usr/lib/jvm/java-1.8-openjdk/jre/lib/amd64:/usr/lib/jvm/java-1.8-openjdk/jre/../lib/amd64:/opt/src/hadoop-ozone/integration-test/target/native/target/usr/local/lib:/opt/src/hadoop-ozone/integration-test/../../hadoop-common-project/hadoop-common/target/native/target/usr/local/lib:/usr/java/packages/lib/amd64:/usr/lib64:/lib64:/lib:/usr/lib"/>
    <property name="java.vm.info" value="mixed mode"/>
    <property name="java.vendor" value="IcedTea"/>
    <property name="java.vm.version" value="25.212-b04"/>
    <property name="java.ext.dirs" value="/usr/lib/jvm/java-1.8-openjdk/jre/lib/ext:/usr/java/packages/lib/ext"/>
    <property name="sun.io.unicode.encoding" value="UnicodeLittle"/>
    <property name="java.class.version" value="52.0"/>
  </properties>
  <testcase name="testPipelineFail" classname="org.apache.hadoop.hdds.scm.pipeline.TestNodeFailure" time="0">
    <skipped/>
    <system-out><![CDATA[2019-06-13 23:36:41,329 WARN  server.ServerUtils (ServerUtils.java:getScmDbDir(145)) - ozone.scm.db.dirs is not configured. We recommend adding this setting. Falling back to ozone.metadata.dirs instead.
2019-06-13 23:36:41,395 WARN  server.ServerUtils (ServerUtils.java:getScmDbDir(145)) - ozone.scm.db.dirs is not configured. We recommend adding this setting. Falling back to ozone.metadata.dirs instead.
2019-06-13 23:36:41,397 WARN  server.ServerUtils (ServerUtils.java:getScmDbDir(145)) - ozone.scm.db.dirs is not configured. We recommend adding this setting. Falling back to ozone.metadata.dirs instead.
2019-06-13 23:36:41,411 INFO  util.log (Log.java:initialized(192)) - Logging initialized @690ms
2019-06-13 23:36:41,492 INFO  db.DBStoreBuilder (DBStoreBuilder.java:addTable(110)) - using custom profile for table: deletedBlocks
2019-06-13 23:36:41,492 INFO  db.DBStoreBuilder (DBStoreBuilder.java:processTables(161)) - Using default column profile:DBProfile.DISK for Table:deletedBlocks
2019-06-13 23:36:41,492 INFO  db.DBStoreBuilder (DBStoreBuilder.java:addTable(110)) - using custom profile for table: validCerts
2019-06-13 23:36:41,492 INFO  db.DBStoreBuilder (DBStoreBuilder.java:processTables(161)) - Using default column profile:DBProfile.DISK for Table:validCerts
2019-06-13 23:36:41,493 INFO  db.DBStoreBuilder (DBStoreBuilder.java:addTable(110)) - using custom profile for table: revokedCerts
2019-06-13 23:36:41,493 INFO  db.DBStoreBuilder (DBStoreBuilder.java:processTables(161)) - Using default column profile:DBProfile.DISK for Table:revokedCerts
2019-06-13 23:36:41,502 INFO  db.DBStoreBuilder (DBStoreBuilder.java:addTable(110)) - using custom profile for table: default
2019-06-13 23:36:41,502 INFO  db.DBStoreBuilder (DBStoreBuilder.java:processTables(167)) - Using default column profile:DBProfile.DISK for Table:default
2019-06-13 23:36:41,504 INFO  db.DBStoreBuilder (DBStoreBuilder.java:getDbProfile(198)) - Using default options. DBProfile.DISK
2019-06-13 23:36:41,571 INFO  node.SCMNodeManager (SCMNodeManager.java:<init>(108)) - Entering startup safe mode.
2019-06-13 23:36:41,632 INFO  net.NodeSchemaLoader (NodeSchemaLoader.java:loadSchemaFromFile(125)) - Loading file from sun.misc.CompoundEnumeration@443118b0
2019-06-13 23:36:41,633 INFO  net.NodeSchemaLoader (NodeSchemaLoader.java:loadSchema(171)) - Loading network topology layer schema file
2019-06-13 23:36:41,684 WARN  server.ServerUtils (ServerUtils.java:getScmDbDir(145)) - ozone.scm.db.dirs is not configured. We recommend adding this setting. Falling back to ozone.metadata.dirs instead.
2019-06-13 23:36:41,706 INFO  pipeline.SCMPipelineManager (SCMPipelineManager.java:initializePipelineState(126)) - No pipeline exists in current db
2019-06-13 23:36:41,708 WARN  server.ServerUtils (ServerUtils.java:getScmDbDir(145)) - ozone.scm.db.dirs is not configured. We recommend adding this setting. Falling back to ozone.metadata.dirs instead.
2019-06-13 23:36:41,760 WARN  events.EventQueue (EventQueue.java:fireEvent(175)) - No event handler registered for event TypedEvent{payloadType=SafeModeStatus, name='SafeModeStatus'}
2019-06-13 23:36:42,037 INFO  ipc.CallQueueManager (CallQueueManager.java:<init>(84)) - Using callQueue: class java.util.concurrent.LinkedBlockingQueue, queueCapacity: 2000, scheduler: class org.apache.hadoop.ipc.DefaultRpcScheduler, ipcBackoff: false.
2019-06-13 23:36:42,059 INFO  ipc.Server (Server.java:run(1074)) - Starting Socket Reader #1 for port 36137
2019-06-13 23:36:42,078 INFO  ipc.CallQueueManager (CallQueueManager.java:<init>(84)) - Using callQueue: class java.util.concurrent.LinkedBlockingQueue, queueCapacity: 2000, scheduler: class org.apache.hadoop.ipc.DefaultRpcScheduler, ipcBackoff: false.
2019-06-13 23:36:42,079 INFO  ipc.Server (Server.java:run(1074)) - Starting Socket Reader #1 for port 46845
2019-06-13 23:36:42,085 INFO  ipc.CallQueueManager (CallQueueManager.java:<init>(84)) - Using callQueue: class java.util.concurrent.LinkedBlockingQueue, queueCapacity: 2000, scheduler: class org.apache.hadoop.ipc.DefaultRpcScheduler, ipcBackoff: false.
2019-06-13 23:36:42,113 INFO  ipc.Server (Server.java:run(1074)) - Starting Socket Reader #1 for port 46613
2019-06-13 23:36:42,134 INFO  hdfs.DFSUtil (DFSUtil.java:httpServerTemplateForNNAndJN(1641)) - Starting Web-server for scm at: http://0.0.0.0:0
2019-06-13 23:36:42,273 INFO  server.AuthenticationFilter (AuthenticationFilter.java:constructSecretProvider(240)) - Unable to initialize FileSignerSecretProvider, falling back to use random secrets.
2019-06-13 23:36:42,279 WARN  http.HttpRequestLog (HttpRequestLog.java:getRequestLog(97)) - Jetty request log can only be enabled using Log4j
2019-06-13 23:36:42,286 INFO  http.HttpServer2 (HttpServer2.java:addGlobalFilter(975)) - Added global filter 'safety' (class=org.apache.hadoop.http.HttpServer2$QuotingInputFilter)
2019-06-13 23:36:42,289 INFO  http.HttpServer2 (HttpServer2.java:addFilter(948)) - Added filter static_user_filter (class=org.apache.hadoop.http.lib.StaticUserWebFilter$StaticUserFilter) to context scm
2019-06-13 23:36:42,289 INFO  http.HttpServer2 (HttpServer2.java:addFilter(958)) - Added filter static_user_filter (class=org.apache.hadoop.http.lib.StaticUserWebFilter$StaticUserFilter) to context logs
2019-06-13 23:36:42,289 INFO  http.HttpServer2 (HttpServer2.java:addFilter(958)) - Added filter static_user_filter (class=org.apache.hadoop.http.lib.StaticUserWebFilter$StaticUserFilter) to context static
2019-06-13 23:36:42,312 INFO  server.StorageContainerManager (StorageContainerManager.java:start(752)) - StorageContainerLocationProtocol RPC server is listening at /0.0.0.0:46613
2019-06-13 23:36:42,357 WARN  impl.MetricsConfig (MetricsConfig.java:loadFirst(134)) - Cannot locate configuration: tried hadoop-metrics2-storagecontainermanager.properties,hadoop-metrics2.properties
2019-06-13 23:36:42,367 INFO  impl.MetricsSystemImpl (MetricsSystemImpl.java:startTimer(374)) - Scheduled Metric snapshot period at 10 second(s).
2019-06-13 23:36:42,367 INFO  impl.MetricsSystemImpl (MetricsSystemImpl.java:start(191)) - StorageContainerManager metrics system started
2019-06-13 23:36:42,538 INFO  server.SCMClientProtocolServer (SCMClientProtocolServer.java:start(149)) - RPC server for Client  is listening at /0.0.0.0:46613
2019-06-13 23:36:42,538 INFO  ipc.Server (Server.java:run(1314)) - IPC Server Responder: starting
2019-06-13 23:36:42,538 INFO  ipc.Server (Server.java:run(1153)) - IPC Server listener on 46613: starting
2019-06-13 23:36:42,541 INFO  server.StorageContainerManager (StorageContainerManager.java:start(761)) - ScmBlockLocationProtocol RPC server is listening at /0.0.0.0:46845
2019-06-13 23:36:42,541 INFO  server.SCMBlockProtocolServer (SCMBlockProtocolServer.java:start(137)) - RPC server for Block Protocol is listening at /0.0.0.0:46845
2019-06-13 23:36:42,541 INFO  ipc.Server (Server.java:run(1314)) - IPC Server Responder: starting
2019-06-13 23:36:42,542 INFO  ipc.Server (Server.java:run(1153)) - IPC Server listener on 46845: starting
2019-06-13 23:36:42,543 INFO  server.StorageContainerManager (StorageContainerManager.java:start(765)) - ScmDatanodeProtocl RPC server is listening at /0.0.0.0:36137
2019-06-13 23:36:42,544 INFO  server.SCMDatanodeProtocolServer (SCMDatanodeProtocolServer.java:start(191)) - RPC server for DataNodes is listening at /0.0.0.0:36137
2019-06-13 23:36:42,544 INFO  ipc.Server (Server.java:run(1314)) - IPC Server Responder: starting
2019-06-13 23:36:42,544 INFO  ipc.Server (Server.java:run(1153)) - IPC Server listener on 36137: starting
2019-06-13 23:36:42,547 INFO  http.HttpServer2 (HttpServer2.java:bindListener(1191)) - Jetty bound to port 36891
2019-06-13 23:36:42,549 INFO  server.Server (Server.java:doStart(351)) - jetty-9.3.24.v20180605, build timestamp: 2018-06-05T17:11:56Z, git hash: 84205aa28f11a4f31f2a3b86d1bba2cc8ab69827
2019-06-13 23:36:42,584 INFO  handler.ContextHandler (ContextHandler.java:doStart(781)) - Started o.e.j.s.ServletContextHandler@2df6226d{/logs,file:///opt/src/hadoop-ozone/integration-test/target/log,AVAILABLE}
2019-06-13 23:36:42,585 INFO  handler.ContextHandler (ContextHandler.java:doStart(781)) - Started o.e.j.s.ServletContextHandler@4ff4357f{/static,file:///opt/src/hadoop-ozone/integration-test/target/test-classes/webapps/static,AVAILABLE}
2019-06-13 23:36:42,621 INFO  handler.ContextHandler (ContextHandler.java:doStart(781)) - Started o.e.j.w.WebAppContext@2484f433{/,file:///opt/src/hadoop-ozone/integration-test/target/test-classes/webapps/scm/,AVAILABLE}{/scm}
2019-06-13 23:36:42,626 INFO  server.AbstractConnector (AbstractConnector.java:doStart(278)) - Started ServerConnector@841e575{HTTP/1.1,[http/1.1]}{0.0.0.0:36891}
2019-06-13 23:36:42,627 INFO  server.Server (Server.java:doStart(419)) - Started @1906ms
2019-06-13 23:36:42,659 INFO  server.BaseHttpServer (BaseHttpServer.java:updateConnectorAddress(207)) - HTTP server of SCM is listening at http://0.0.0.0:36891
2019-06-13 23:36:42,678 INFO  util.JvmPauseMonitor (JvmPauseMonitor.java:run(188)) - Starting JVM pause monitor
2019-06-13 23:36:42,679 WARN  scm.ScmUtils (ScmUtils.java:getDBPath(63)) - ozone.om.db.dirs is not configured. We recommend adding this setting. Falling back to ozone.metadata.dirs instead.
2019-06-13 23:36:42,756 WARN  scm.ScmUtils (ScmUtils.java:getDBPath(63)) - ozone.om.db.dirs is not configured. We recommend adding this setting. Falling back to ozone.metadata.dirs instead.
2019-06-13 23:36:42,757 INFO  om.OzoneManager (OzoneManager.java:setOMNodeDetails(519)) - OM Service ID is not set. Setting it to the default ID: omServiceIdDefault
2019-06-13 23:36:42,757 INFO  om.OzoneManager (OzoneManager.java:setOMNodeDetails(525)) - OM Node ID is not set. Setting it to the OmStorage's OmID: f3b0291f-fc1c-47e7-ad83-36f104672d3e
2019-06-13 23:36:42,758 WARN  scm.HddsServerUtil (HddsServerUtil.java:getDefaultRatisDirectory(354)) - Storage directory for Ratis is not configured. It is a good idea to map this to an SSD disk. Falling back to ozone.metadata.dirs
2019-06-13 23:36:42,759 WARN  scm.HddsServerUtil (HddsServerUtil.java:getDefaultRatisDirectory(354)) - Storage directory for Ratis is not configured. It is a good idea to map this to an SSD disk. Falling back to ozone.metadata.dirs
2019-06-13 23:36:42,759 INFO  om.OzoneManager (OzoneManager.java:loadOMHAConfigs(476)) - Found matching OM address with OMServiceId: null, OMNodeId: null, RPC Address: localhost:0 and Ratis port: 9872
2019-06-13 23:36:42,922 WARN  scm.ScmUtils (ScmUtils.java:getDBPath(63)) - ozone.om.db.dirs is not configured. We recommend adding this setting. Falling back to ozone.metadata.dirs instead.
2019-06-13 23:36:42,927 INFO  db.DBStoreBuilder (DBStoreBuilder.java:addTable(110)) - using custom profile for table: userTable
2019-06-13 23:36:42,927 INFO  db.DBStoreBuilder (DBStoreBuilder.java:processTables(161)) - Using default column profile:DBProfile.DISK for Table:userTable
2019-06-13 23:36:42,927 INFO  db.DBStoreBuilder (DBStoreBuilder.java:addTable(110)) - using custom profile for table: volumeTable
2019-06-13 23:36:42,927 INFO  db.DBStoreBuilder (DBStoreBuilder.java:processTables(161)) - Using default column profile:DBProfile.DISK for Table:volumeTable
2019-06-13 23:36:42,928 INFO  db.DBStoreBuilder (DBStoreBuilder.java:addTable(110)) - using custom profile for table: bucketTable
2019-06-13 23:36:42,928 INFO  db.DBStoreBuilder (DBStoreBuilder.java:processTables(161)) - Using default column profile:DBProfile.DISK for Table:bucketTable
2019-06-13 23:36:42,928 INFO  db.DBStoreBuilder (DBStoreBuilder.java:addTable(110)) - using custom profile for table: keyTable
2019-06-13 23:36:42,928 INFO  db.DBStoreBuilder (DBStoreBuilder.java:processTables(161)) - Using default column profile:DBProfile.DISK for Table:keyTable
2019-06-13 23:36:42,929 INFO  db.DBStoreBuilder (DBStoreBuilder.java:addTable(110)) - using custom profile for table: deletedTable
2019-06-13 23:36:42,929 INFO  db.DBStoreBuilder (DBStoreBuilder.java:processTables(161)) - Using default column profile:DBProfile.DISK for Table:deletedTable
2019-06-13 23:36:42,929 INFO  db.DBStoreBuilder (DBStoreBuilder.java:addTable(110)) - using custom profile for table: openKeyTable
2019-06-13 23:36:42,929 INFO  db.DBStoreBuilder (DBStoreBuilder.java:processTables(161)) - Using default column profile:DBProfile.DISK for Table:openKeyTable
2019-06-13 23:36:42,930 INFO  db.DBStoreBuilder (DBStoreBuilder.java:addTable(110)) - using custom profile for table: s3Table
2019-06-13 23:36:42,930 INFO  db.DBStoreBuilder (DBStoreBuilder.java:processTables(161)) - Using default column profile:DBProfile.DISK for Table:s3Table
2019-06-13 23:36:42,930 INFO  db.DBStoreBuilder (DBStoreBuilder.java:addTable(110)) - using custom profile for table: multipartInfoTable
2019-06-13 23:36:42,930 INFO  db.DBStoreBuilder (DBStoreBuilder.java:processTables(161)) - Using default column profile:DBProfile.DISK for Table:multipartInfoTable
2019-06-13 23:36:42,930 INFO  db.DBStoreBuilder (DBStoreBuilder.java:addTable(110)) - using custom profile for table: dTokenTable
2019-06-13 23:36:42,930 INFO  db.DBStoreBuilder (DBStoreBuilder.java:processTables(161)) - Using default column profile:DBProfile.DISK for Table:dTokenTable
2019-06-13 23:36:42,931 INFO  db.DBStoreBuilder (DBStoreBuilder.java:addTable(110)) - using custom profile for table: s3SecretTable
2019-06-13 23:36:42,931 INFO  db.DBStoreBuilder (DBStoreBuilder.java:processTables(161)) - Using default column profile:DBProfile.DISK for Table:s3SecretTable
2019-06-13 23:36:42,931 INFO  db.DBStoreBuilder (DBStoreBuilder.java:addTable(110)) - using custom profile for table: prefixTable
2019-06-13 23:36:42,931 INFO  db.DBStoreBuilder (DBStoreBuilder.java:processTables(161)) - Using default column profile:DBProfile.DISK for Table:prefixTable
2019-06-13 23:36:42,932 INFO  db.DBStoreBuilder (DBStoreBuilder.java:addTable(110)) - using custom profile for table: default
2019-06-13 23:36:42,932 INFO  db.DBStoreBuilder (DBStoreBuilder.java:processTables(167)) - Using default column profile:DBProfile.DISK for Table:default
2019-06-13 23:36:42,932 INFO  db.DBStoreBuilder (DBStoreBuilder.java:getDbProfile(198)) - Using default options. DBProfile.DISK
2019-06-13 23:36:43,394 INFO  ipc.CallQueueManager (CallQueueManager.java:<init>(84)) - Using callQueue: class java.util.concurrent.LinkedBlockingQueue, queueCapacity: 2000, scheduler: class org.apache.hadoop.ipc.DefaultRpcScheduler, ipcBackoff: false.
2019-06-13 23:36:43,394 INFO  ipc.Server (Server.java:run(1074)) - Starting Socket Reader #1 for port 35667
2019-06-13 23:36:43,415 WARN  scm.ScmUtils (ScmUtils.java:getDBPath(63)) - ozone.om.db.dirs is not configured. We recommend adding this setting. Falling back to ozone.metadata.dirs instead.
2019-06-13 23:36:43,416 INFO  om.OzoneManager (OzoneManager.java:start(1217)) - OzoneManager RPC server is listening at localhost/127.0.0.1:35667
2019-06-13 23:36:43,416 INFO  impl.MetricsSystemImpl (MetricsSystemImpl.java:init(158)) - OzoneManager metrics system started (again)
2019-06-13 23:36:43,416 INFO  ipc.Server (Server.java:run(1314)) - IPC Server Responder: starting
2019-06-13 23:36:43,417 INFO  ipc.Server (Server.java:run(1153)) - IPC Server listener on 35667: starting
2019-06-13 23:36:43,468 INFO  hdfs.DFSUtil (DFSUtil.java:httpServerTemplateForNNAndJN(1641)) - Starting Web-server for ozoneManager at: http://0.0.0.0:0
2019-06-13 23:36:43,470 INFO  server.AuthenticationFilter (AuthenticationFilter.java:constructSecretProvider(240)) - Unable to initialize FileSignerSecretProvider, falling back to use random secrets.
2019-06-13 23:36:43,470 WARN  http.HttpRequestLog (HttpRequestLog.java:getRequestLog(97)) - Jetty request log can only be enabled using Log4j
2019-06-13 23:36:43,472 INFO  http.HttpServer2 (HttpServer2.java:addGlobalFilter(975)) - Added global filter 'safety' (class=org.apache.hadoop.http.HttpServer2$QuotingInputFilter)
2019-06-13 23:36:43,473 INFO  http.HttpServer2 (HttpServer2.java:addFilter(948)) - Added filter static_user_filter (class=org.apache.hadoop.http.lib.StaticUserWebFilter$StaticUserFilter) to context ozoneManager
2019-06-13 23:36:43,473 INFO  http.HttpServer2 (HttpServer2.java:addFilter(958)) - Added filter static_user_filter (class=org.apache.hadoop.http.lib.StaticUserWebFilter$StaticUserFilter) to context logs
2019-06-13 23:36:43,473 INFO  http.HttpServer2 (HttpServer2.java:addFilter(958)) - Added filter static_user_filter (class=org.apache.hadoop.http.lib.StaticUserWebFilter$StaticUserFilter) to context static
2019-06-13 23:36:43,474 INFO  http.HttpServer2 (HttpServer2.java:bindListener(1191)) - Jetty bound to port 38099
2019-06-13 23:36:43,475 INFO  server.Server (Server.java:doStart(351)) - jetty-9.3.24.v20180605, build timestamp: 2018-06-05T17:11:56Z, git hash: 84205aa28f11a4f31f2a3b86d1bba2cc8ab69827
2019-06-13 23:36:43,476 INFO  handler.ContextHandler (ContextHandler.java:doStart(781)) - Started o.e.j.s.ServletContextHandler@7c2a69b4{/logs,file:///opt/src/hadoop-ozone/integration-test/target/log,AVAILABLE}
2019-06-13 23:36:43,477 INFO  handler.ContextHandler (ContextHandler.java:doStart(781)) - Started o.e.j.s.ServletContextHandler@648ee871{/static,file:///opt/src/hadoop-ozone/integration-test/target/test-classes/webapps/static,AVAILABLE}
2019-06-13 23:36:43,482 INFO  handler.ContextHandler (ContextHandler.java:doStart(781)) - Started o.e.j.w.WebAppContext@6f012914{/,file:///opt/src/hadoop-ozone/integration-test/target/test-classes/webapps/ozoneManager/,AVAILABLE}{/ozoneManager}
2019-06-13 23:36:43,482 INFO  server.AbstractConnector (AbstractConnector.java:doStart(278)) - Started ServerConnector@18fdb6cf{HTTP/1.1,[http/1.1]}{0.0.0.0:38099}
2019-06-13 23:36:43,483 INFO  server.Server (Server.java:doStart(419)) - Started @2762ms
2019-06-13 23:36:43,483 INFO  server.BaseHttpServer (BaseHttpServer.java:updateConnectorAddress(207)) - HTTP server of OZONEMANAGER is listening at http://0.0.0.0:38099
2019-06-13 23:36:43,620 INFO  impl.MetricsSystemImpl (MetricsSystemImpl.java:init(158)) - HddsDatanode metrics system started (again)
2019-06-13 23:36:43,781 INFO  ozone.HddsDatanodeService (HddsDatanodeService.java:start(185)) - HddsDatanodeService host:ozone-77j4t-2000458785 ip:192.168.105.129
2019-06-13 23:36:43,810 INFO  volume.HddsVolume (HddsVolume.java:<init>(176)) - Creating Volume: /opt/src/hadoop-ozone/integration-test/target/test-dir/MiniOzoneClusterImpl-03a6520e-9d98-420f-951b-4dd20f213cbc/datanode-0/data/containers/hdds of  storage type : DISK and capacity : 104021790720
2019-06-13 23:36:43,811 INFO  volume.VolumeSet (VolumeSet.java:initializeVolumeSet(170)) - Added Volume : /opt/src/hadoop-ozone/integration-test/target/test-dir/MiniOzoneClusterImpl-03a6520e-9d98-420f-951b-4dd20f213cbc/datanode-0/data/containers/hdds to VolumeSet
2019-06-13 23:36:43,814 INFO  volume.ThrottledAsyncChecker (ThrottledAsyncChecker.java:schedule(140)) - Scheduling a check for org.apache.hadoop.ozone.container.common.volume.HddsVolume@4a6c18ad
2019-06-13 23:36:43,827 INFO  volume.HddsVolumeChecker (HddsVolumeChecker.java:checkAllVolumes(203)) - Scheduled health check for volume org.apache.hadoop.ozone.container.common.volume.HddsVolume@4a6c18ad
2019-06-13 23:36:43,864 INFO  ratis.XceiverServerRatis (XceiverServerRatis.java:newXceiverServerRatis(401)) - Found a free port for the server : 43567
2019-06-13 23:36:43,918 INFO  impl.RaftServerProxy (ConfUtils.java:logGet(43)) - raft.rpc.type = GRPC (default)
2019-06-13 23:36:43,927 INFO  grpc.GrpcConfigKeys$Server (ConfUtils.java:logGet(43)) - raft.grpc.server.port = 43567 (custom)
2019-06-13 23:36:43,928 INFO  server.GrpcService (ConfUtils.java:logGet(43)) - raft.grpc.message.size.max = 33570816 (custom)
2019-06-13 23:36:43,929 INFO  server.RaftServerConfigKeys (ConfUtils.java:logGet(43)) - raft.server.log.appender.buffer.byte-limit = 33554432 (custom)
2019-06-13 23:36:43,930 INFO  server.GrpcService (ConfUtils.java:logGet(43)) - raft.grpc.flow.control.window = 1MB (=1048576) (default)
2019-06-13 23:36:43,931 INFO  server.RaftServerConfigKeys (ConfUtils.java:logGet(43)) - raft.server.rpc.request.timeout = 3000ms (default)
2019-06-13 23:36:44,050 INFO  server.RaftServerConfigKeys (ConfUtils.java:logGet(43)) - raft.server.storage.dir = [/opt/src/hadoop-ozone/integration-test/target/test-dir/MiniOzoneClusterImpl-03a6520e-9d98-420f-951b-4dd20f213cbc/datanode-0/data/ratis] (custom)
2019-06-13 23:36:44,056 INFO  server.XceiverServerGrpc (XceiverServerGrpc.java:<init>(97)) - Found a free port for the server : 43841
2019-06-13 23:36:44,080 INFO  replication.SimpleContainerDownloader (SimpleContainerDownloader.java:<init>(72)) - Starting container downloader service to copy containers to replicate.
2019-06-13 23:36:44,090 INFO  hdfs.DFSUtil (DFSUtil.java:httpServerTemplateForNNAndJN(1641)) - Starting Web-server for hddsDatanode at: http://0.0.0.0:0
2019-06-13 23:36:44,091 INFO  server.AuthenticationFilter (AuthenticationFilter.java:constructSecretProvider(240)) - Unable to initialize FileSignerSecretProvider, falling back to use random secrets.
2019-06-13 23:36:44,091 WARN  http.HttpRequestLog (HttpRequestLog.java:getRequestLog(97)) - Jetty request log can only be enabled using Log4j
2019-06-13 23:36:44,093 INFO  http.HttpServer2 (HttpServer2.java:addGlobalFilter(975)) - Added global filter 'safety' (class=org.apache.hadoop.http.HttpServer2$QuotingInputFilter)
2019-06-13 23:36:44,093 INFO  http.HttpServer2 (HttpServer2.java:addFilter(948)) - Added filter static_user_filter (class=org.apache.hadoop.http.lib.StaticUserWebFilter$StaticUserFilter) to context hddsDatanode
2019-06-13 23:36:44,094 INFO  http.HttpServer2 (HttpServer2.java:addFilter(958)) - Added filter static_user_filter (class=org.apache.hadoop.http.lib.StaticUserWebFilter$StaticUserFilter) to context logs
2019-06-13 23:36:44,094 INFO  http.HttpServer2 (HttpServer2.java:addFilter(958)) - Added filter static_user_filter (class=org.apache.hadoop.http.lib.StaticUserWebFilter$StaticUserFilter) to context static
2019-06-13 23:36:44,094 INFO  http.HttpServer2 (HttpServer2.java:bindListener(1191)) - Jetty bound to port 45529
2019-06-13 23:36:44,094 INFO  server.Server (Server.java:doStart(351)) - jetty-9.3.24.v20180605, build timestamp: 2018-06-05T17:11:56Z, git hash: 84205aa28f11a4f31f2a3b86d1bba2cc8ab69827
2019-06-13 23:36:44,096 INFO  handler.ContextHandler (ContextHandler.java:doStart(781)) - Started o.e.j.s.ServletContextHandler@2e51d054{/logs,file:///opt/src/hadoop-ozone/integration-test/target/log,AVAILABLE}
2019-06-13 23:36:44,097 INFO  handler.ContextHandler (ContextHandler.java:doStart(781)) - Started o.e.j.s.ServletContextHandler@615e3f51{/static,jar:file:/root/.m2/repository/org/apache/hadoop/hadoop-hdds-container-service/0.5.0-SNAPSHOT/hadoop-hdds-container-service-0.5.0-SNAPSHOT.jar!/webapps/static,AVAILABLE}
2019-06-13 23:36:44,124 INFO  handler.ContextHandler (ContextHandler.java:doStart(781)) - Started o.e.j.w.WebAppContext@5e1fc2aa{/,file:///tmp/jetty-0.0.0.0-45529-hddsDatanode-_-any-6754453800079018668.dir/webapp/,AVAILABLE}{/hddsDatanode}
2019-06-13 23:36:44,124 INFO  server.AbstractConnector (AbstractConnector.java:doStart(278)) - Started ServerConnector@688d411b{HTTP/1.1,[http/1.1]}{0.0.0.0:45529}
2019-06-13 23:36:44,124 INFO  server.Server (Server.java:doStart(419)) - Started @3404ms
2019-06-13 23:36:44,125 INFO  server.BaseHttpServer (BaseHttpServer.java:updateConnectorAddress(207)) - HTTP server of HDDSDATANODE is listening at http://0.0.0.0:45529
2019-06-13 23:36:44,974 INFO  ozone.HddsDatanodeService (HddsDatanodeService.java:startPlugins(396)) - Started plug-in org.apache.hadoop.ozone.web.OzoneHddsDatanodeService@30bf26df
2019-06-13 23:36:44,975 INFO  impl.MetricsSystemImpl (MetricsSystemImpl.java:init(158)) - HddsDatanode metrics system started (again)
2019-06-13 23:36:44,976 INFO  ozone.HddsDatanodeService (HddsDatanodeService.java:start(185)) - HddsDatanodeService host:ozone-77j4t-2000458785 ip:192.168.105.129
2019-06-13 23:36:44,990 INFO  util.JvmPauseMonitor (JvmPauseMonitor.java:run(188)) - Starting JVM pause monitor
2019-06-13 23:36:45,001 INFO  volume.HddsVolume (HddsVolume.java:<init>(176)) - Creating Volume: /opt/src/hadoop-ozone/integration-test/target/test-dir/MiniOzoneClusterImpl-03a6520e-9d98-420f-951b-4dd20f213cbc/datanode-1/data/containers/hdds of  storage type : DISK and capacity : 104021790720
2019-06-13 23:36:45,001 INFO  volume.VolumeSet (VolumeSet.java:initializeVolumeSet(170)) - Added Volume : /opt/src/hadoop-ozone/integration-test/target/test-dir/MiniOzoneClusterImpl-03a6520e-9d98-420f-951b-4dd20f213cbc/datanode-1/data/containers/hdds to VolumeSet
2019-06-13 23:36:45,002 INFO  volume.ThrottledAsyncChecker (ThrottledAsyncChecker.java:schedule(140)) - Scheduling a check for org.apache.hadoop.ozone.container.common.volume.HddsVolume@f171912
2019-06-13 23:36:45,006 INFO  volume.HddsVolumeChecker (HddsVolumeChecker.java:checkAllVolumes(203)) - Scheduled health check for volume org.apache.hadoop.ozone.container.common.volume.HddsVolume@f171912
2019-06-13 23:36:45,021 INFO  ratis.XceiverServerRatis (XceiverServerRatis.java:newXceiverServerRatis(401)) - Found a free port for the server : 44375
2019-06-13 23:36:45,022 INFO  impl.RaftServerProxy (ConfUtils.java:logGet(43)) - raft.rpc.type = GRPC (default)
2019-06-13 23:36:45,022 INFO  grpc.GrpcConfigKeys$Server (ConfUtils.java:logGet(43)) - raft.grpc.server.port = 44375 (custom)
2019-06-13 23:36:45,023 INFO  server.GrpcService (ConfUtils.java:logGet(43)) - raft.grpc.message.size.max = 33570816 (custom)
2019-06-13 23:36:45,023 INFO  server.RaftServerConfigKeys (ConfUtils.java:logGet(43)) - raft.server.log.appender.buffer.byte-limit = 33554432 (custom)
2019-06-13 23:36:45,023 INFO  server.GrpcService (ConfUtils.java:logGet(43)) - raft.grpc.flow.control.window = 1MB (=1048576) (default)
2019-06-13 23:36:45,024 INFO  server.RaftServerConfigKeys (ConfUtils.java:logGet(43)) - raft.server.rpc.request.timeout = 3000ms (default)
2019-06-13 23:36:45,024 INFO  server.RaftServerConfigKeys (ConfUtils.java:logGet(43)) - raft.server.storage.dir = [/opt/src/hadoop-ozone/integration-test/target/test-dir/MiniOzoneClusterImpl-03a6520e-9d98-420f-951b-4dd20f213cbc/datanode-1/data/ratis] (custom)
2019-06-13 23:36:45,025 INFO  server.XceiverServerGrpc (XceiverServerGrpc.java:<init>(97)) - Found a free port for the server : 33717
2019-06-13 23:36:45,025 INFO  replication.SimpleContainerDownloader (SimpleContainerDownloader.java:<init>(72)) - Starting container downloader service to copy containers to replicate.
2019-06-13 23:36:45,027 INFO  hdfs.DFSUtil (DFSUtil.java:httpServerTemplateForNNAndJN(1641)) - Starting Web-server for hddsDatanode at: http://0.0.0.0:0
2019-06-13 23:36:45,028 INFO  server.AuthenticationFilter (AuthenticationFilter.java:constructSecretProvider(240)) - Unable to initialize FileSignerSecretProvider, falling back to use random secrets.
2019-06-13 23:36:45,037 WARN  http.HttpRequestLog (HttpRequestLog.java:getRequestLog(97)) - Jetty request log can only be enabled using Log4j
2019-06-13 23:36:45,039 INFO  http.HttpServer2 (HttpServer2.java:addGlobalFilter(975)) - Added global filter 'safety' (class=org.apache.hadoop.http.HttpServer2$QuotingInputFilter)
2019-06-13 23:36:45,040 INFO  http.HttpServer2 (HttpServer2.java:addFilter(948)) - Added filter static_user_filter (class=org.apache.hadoop.http.lib.StaticUserWebFilter$StaticUserFilter) to context hddsDatanode
2019-06-13 23:36:45,040 INFO  http.HttpServer2 (HttpServer2.java:addFilter(958)) - Added filter static_user_filter (class=org.apache.hadoop.http.lib.StaticUserWebFilter$StaticUserFilter) to context logs
2019-06-13 23:36:45,040 INFO  http.HttpServer2 (HttpServer2.java:addFilter(958)) - Added filter static_user_filter (class=org.apache.hadoop.http.lib.StaticUserWebFilter$StaticUserFilter) to context static
2019-06-13 23:36:45,041 INFO  http.HttpServer2 (HttpServer2.java:bindListener(1191)) - Jetty bound to port 38631
2019-06-13 23:36:45,041 INFO  server.Server (Server.java:doStart(351)) - jetty-9.3.24.v20180605, build timestamp: 2018-06-05T17:11:56Z, git hash: 84205aa28f11a4f31f2a3b86d1bba2cc8ab69827
2019-06-13 23:36:45,067 INFO  handler.ContextHandler (ContextHandler.java:doStart(781)) - Started o.e.j.s.ServletContextHandler@18b6d3c1{/logs,file:///opt/src/hadoop-ozone/integration-test/target/log,AVAILABLE}
2019-06-13 23:36:45,068 INFO  handler.ContextHandler (ContextHandler.java:doStart(781)) - Started o.e.j.s.ServletContextHandler@3fe512d2{/static,jar:file:/root/.m2/repository/org/apache/hadoop/hadoop-hdds-container-service/0.5.0-SNAPSHOT/hadoop-hdds-container-service-0.5.0-SNAPSHOT.jar!/webapps/static,AVAILABLE}
2019-06-13 23:36:45,092 INFO  handler.ContextHandler (ContextHandler.java:doStart(781)) - Started o.e.j.w.WebAppContext@e7b265e{/,file:///tmp/jetty-0.0.0.0-38631-hddsDatanode-_-any-3353965974769006145.dir/webapp/,AVAILABLE}{/hddsDatanode}
2019-06-13 23:36:45,092 INFO  datanode.InitDatanodeState (InitDatanodeState.java:persistContainerDatanodeDetails(140)) - DatanodeDetails is persisted to /opt/src/hadoop-ozone/integration-test/target/test-dir/MiniOzoneClusterImpl-03a6520e-9d98-420f-951b-4dd20f213cbc/datanode-0/meta/datanode.id
2019-06-13 23:36:45,092 INFO  server.AbstractConnector (AbstractConnector.java:doStart(278)) - Started ServerConnector@51da32e5{HTTP/1.1,[http/1.1]}{0.0.0.0:38631}
2019-06-13 23:36:45,093 INFO  server.Server (Server.java:doStart(419)) - Started @4372ms
2019-06-13 23:36:45,096 INFO  server.BaseHttpServer (BaseHttpServer.java:updateConnectorAddress(207)) - HTTP server of HDDSDATANODE is listening at http://0.0.0.0:38631
2019-06-13 23:36:45,219 INFO  ozone.HddsDatanodeService (HddsDatanodeService.java:startPlugins(396)) - Started plug-in org.apache.hadoop.ozone.web.OzoneHddsDatanodeService@1d6751e3
2019-06-13 23:36:45,220 INFO  impl.MetricsSystemImpl (MetricsSystemImpl.java:init(158)) - HddsDatanode metrics system started (again)
2019-06-13 23:36:45,220 INFO  ozone.HddsDatanodeService (HddsDatanodeService.java:start(185)) - HddsDatanodeService host:ozone-77j4t-2000458785 ip:192.168.105.129
2019-06-13 23:36:45,225 INFO  util.JvmPauseMonitor (JvmPauseMonitor.java:run(188)) - Starting JVM pause monitor
2019-06-13 23:36:45,232 INFO  volume.HddsVolume (HddsVolume.java:<init>(176)) - Creating Volume: /opt/src/hadoop-ozone/integration-test/target/test-dir/MiniOzoneClusterImpl-03a6520e-9d98-420f-951b-4dd20f213cbc/datanode-2/data/containers/hdds of  storage type : DISK and capacity : 104021790720
2019-06-13 23:36:45,232 INFO  volume.VolumeSet (VolumeSet.java:initializeVolumeSet(170)) - Added Volume : /opt/src/hadoop-ozone/integration-test/target/test-dir/MiniOzoneClusterImpl-03a6520e-9d98-420f-951b-4dd20f213cbc/datanode-2/data/containers/hdds to VolumeSet
2019-06-13 23:36:45,233 INFO  volume.ThrottledAsyncChecker (ThrottledAsyncChecker.java:schedule(140)) - Scheduling a check for org.apache.hadoop.ozone.container.common.volume.HddsVolume@2e7af36e
2019-06-13 23:36:45,233 INFO  datanode.InitDatanodeState (InitDatanodeState.java:persistContainerDatanodeDetails(140)) - DatanodeDetails is persisted to /opt/src/hadoop-ozone/integration-test/target/test-dir/MiniOzoneClusterImpl-03a6520e-9d98-420f-951b-4dd20f213cbc/datanode-1/meta/datanode.id
2019-06-13 23:36:45,238 INFO  volume.HddsVolumeChecker (HddsVolumeChecker.java:checkAllVolumes(203)) - Scheduled health check for volume org.apache.hadoop.ozone.container.common.volume.HddsVolume@2e7af36e
2019-06-13 23:36:45,251 INFO  ratis.XceiverServerRatis (XceiverServerRatis.java:newXceiverServerRatis(401)) - Found a free port for the server : 35901
2019-06-13 23:36:45,252 INFO  impl.RaftServerProxy (ConfUtils.java:logGet(43)) - raft.rpc.type = GRPC (default)
2019-06-13 23:36:45,253 INFO  grpc.GrpcConfigKeys$Server (ConfUtils.java:logGet(43)) - raft.grpc.server.port = 35901 (custom)
2019-06-13 23:36:45,253 INFO  server.GrpcService (ConfUtils.java:logGet(43)) - raft.grpc.message.size.max = 33570816 (custom)
2019-06-13 23:36:45,253 INFO  server.RaftServerConfigKeys (ConfUtils.java:logGet(43)) - raft.server.log.appender.buffer.byte-limit = 33554432 (custom)
2019-06-13 23:36:45,254 INFO  server.GrpcService (ConfUtils.java:logGet(43)) - raft.grpc.flow.control.window = 1MB (=1048576) (default)
2019-06-13 23:36:45,254 INFO  server.RaftServerConfigKeys (ConfUtils.java:logGet(43)) - raft.server.rpc.request.timeout = 3000ms (default)
2019-06-13 23:36:45,254 INFO  server.RaftServerConfigKeys (ConfUtils.java:logGet(43)) - raft.server.storage.dir = [/opt/src/hadoop-ozone/integration-test/target/test-dir/MiniOzoneClusterImpl-03a6520e-9d98-420f-951b-4dd20f213cbc/datanode-2/data/ratis] (custom)
2019-06-13 23:36:45,255 INFO  server.XceiverServerGrpc (XceiverServerGrpc.java:<init>(97)) - Found a free port for the server : 40919
2019-06-13 23:36:45,256 INFO  replication.SimpleContainerDownloader (SimpleContainerDownloader.java:<init>(72)) - Starting container downloader service to copy containers to replicate.
2019-06-13 23:36:45,257 INFO  hdfs.DFSUtil (DFSUtil.java:httpServerTemplateForNNAndJN(1641)) - Starting Web-server for hddsDatanode at: http://0.0.0.0:0
2019-06-13 23:36:45,258 INFO  server.AuthenticationFilter (AuthenticationFilter.java:constructSecretProvider(240)) - Unable to initialize FileSignerSecretProvider, falling back to use random secrets.
2019-06-13 23:36:45,258 WARN  http.HttpRequestLog (HttpRequestLog.java:getRequestLog(97)) - Jetty request log can only be enabled using Log4j
2019-06-13 23:36:45,259 INFO  http.HttpServer2 (HttpServer2.java:addGlobalFilter(975)) - Added global filter 'safety' (class=org.apache.hadoop.http.HttpServer2$QuotingInputFilter)
2019-06-13 23:36:45,260 INFO  http.HttpServer2 (HttpServer2.java:addFilter(948)) - Added filter static_user_filter (class=org.apache.hadoop.http.lib.StaticUserWebFilter$StaticUserFilter) to context hddsDatanode
2019-06-13 23:36:45,260 INFO  http.HttpServer2 (HttpServer2.java:addFilter(958)) - Added filter static_user_filter (class=org.apache.hadoop.http.lib.StaticUserWebFilter$StaticUserFilter) to context static
2019-06-13 23:36:45,260 INFO  http.HttpServer2 (HttpServer2.java:addFilter(958)) - Added filter static_user_filter (class=org.apache.hadoop.http.lib.StaticUserWebFilter$StaticUserFilter) to context logs
2019-06-13 23:36:45,261 INFO  http.HttpServer2 (HttpServer2.java:bindListener(1191)) - Jetty bound to port 37449
2019-06-13 23:36:45,261 INFO  server.Server (Server.java:doStart(351)) - jetty-9.3.24.v20180605, build timestamp: 2018-06-05T17:11:56Z, git hash: 84205aa28f11a4f31f2a3b86d1bba2cc8ab69827
2019-06-13 23:36:45,270 INFO  handler.ContextHandler (ContextHandler.java:doStart(781)) - Started o.e.j.s.ServletContextHandler@674da77b{/logs,file:///opt/src/hadoop-ozone/integration-test/target/log,AVAILABLE}
2019-06-13 23:36:45,271 INFO  handler.ContextHandler (ContextHandler.java:doStart(781)) - Started o.e.j.s.ServletContextHandler@6010d0d1{/static,jar:file:/root/.m2/repository/org/apache/hadoop/hadoop-hdds-container-service/0.5.0-SNAPSHOT/hadoop-hdds-container-service-0.5.0-SNAPSHOT.jar!/webapps/static,AVAILABLE}
2019-06-13 23:36:45,292 INFO  handler.ContextHandler (ContextHandler.java:doStart(781)) - Started o.e.j.w.WebAppContext@624b523{/,file:///tmp/jetty-0.0.0.0-37449-hddsDatanode-_-any-1242716142468130441.dir/webapp/,AVAILABLE}{/hddsDatanode}
2019-06-13 23:36:45,293 INFO  server.AbstractConnector (AbstractConnector.java:doStart(278)) - Started ServerConnector@50b46e24{HTTP/1.1,[http/1.1]}{0.0.0.0:37449}
2019-06-13 23:36:45,294 INFO  server.Server (Server.java:doStart(419)) - Started @4573ms
2019-06-13 23:36:45,295 INFO  server.BaseHttpServer (BaseHttpServer.java:updateConnectorAddress(207)) - HTTP server of HDDSDATANODE is listening at http://0.0.0.0:37449
2019-06-13 23:36:45,454 INFO  ozone.HddsDatanodeService (HddsDatanodeService.java:startPlugins(396)) - Started plug-in org.apache.hadoop.ozone.web.OzoneHddsDatanodeService@662be9f7
2019-06-13 23:36:45,454 INFO  impl.MetricsSystemImpl (MetricsSystemImpl.java:init(158)) - HddsDatanode metrics system started (again)
2019-06-13 23:36:45,454 INFO  ozone.HddsDatanodeService (HddsDatanodeService.java:start(185)) - HddsDatanodeService host:ozone-77j4t-2000458785 ip:192.168.105.129
2019-06-13 23:36:45,470 INFO  util.JvmPauseMonitor (JvmPauseMonitor.java:run(188)) - Starting JVM pause monitor
2019-06-13 23:36:45,472 INFO  datanode.InitDatanodeState (InitDatanodeState.java:persistContainerDatanodeDetails(140)) - DatanodeDetails is persisted to /opt/src/hadoop-ozone/integration-test/target/test-dir/MiniOzoneClusterImpl-03a6520e-9d98-420f-951b-4dd20f213cbc/datanode-2/meta/datanode.id
2019-06-13 23:36:45,477 INFO  volume.HddsVolume (HddsVolume.java:<init>(176)) - Creating Volume: /opt/src/hadoop-ozone/integration-test/target/test-dir/MiniOzoneClusterImpl-03a6520e-9d98-420f-951b-4dd20f213cbc/datanode-3/data/containers/hdds of  storage type : DISK and capacity : 104021790720
2019-06-13 23:36:45,478 INFO  volume.VolumeSet (VolumeSet.java:initializeVolumeSet(170)) - Added Volume : /opt/src/hadoop-ozone/integration-test/target/test-dir/MiniOzoneClusterImpl-03a6520e-9d98-420f-951b-4dd20f213cbc/datanode-3/data/containers/hdds to VolumeSet
2019-06-13 23:36:45,478 INFO  volume.ThrottledAsyncChecker (ThrottledAsyncChecker.java:schedule(140)) - Scheduling a check for org.apache.hadoop.ozone.container.common.volume.HddsVolume@2f9dda71
2019-06-13 23:36:45,479 INFO  volume.HddsVolumeChecker (HddsVolumeChecker.java:checkAllVolumes(203)) - Scheduled health check for volume org.apache.hadoop.ozone.container.common.volume.HddsVolume@2f9dda71
2019-06-13 23:36:45,491 INFO  ratis.XceiverServerRatis (XceiverServerRatis.java:newXceiverServerRatis(401)) - Found a free port for the server : 38787
2019-06-13 23:36:45,492 INFO  impl.RaftServerProxy (ConfUtils.java:logGet(43)) - raft.rpc.type = GRPC (default)
2019-06-13 23:36:45,493 INFO  grpc.GrpcConfigKeys$Server (ConfUtils.java:logGet(43)) - raft.grpc.server.port = 38787 (custom)
2019-06-13 23:36:45,493 INFO  server.GrpcService (ConfUtils.java:logGet(43)) - raft.grpc.message.size.max = 33570816 (custom)
2019-06-13 23:36:45,493 INFO  server.RaftServerConfigKeys (ConfUtils.java:logGet(43)) - raft.server.log.appender.buffer.byte-limit = 33554432 (custom)
2019-06-13 23:36:45,493 INFO  server.GrpcService (ConfUtils.java:logGet(43)) - raft.grpc.flow.control.window = 1MB (=1048576) (default)
2019-06-13 23:36:45,493 INFO  server.RaftServerConfigKeys (ConfUtils.java:logGet(43)) - raft.server.rpc.request.timeout = 3000ms (default)
2019-06-13 23:36:45,494 INFO  server.RaftServerConfigKeys (ConfUtils.java:logGet(43)) - raft.server.storage.dir = [/opt/src/hadoop-ozone/integration-test/target/test-dir/MiniOzoneClusterImpl-03a6520e-9d98-420f-951b-4dd20f213cbc/datanode-3/data/ratis] (custom)
2019-06-13 23:36:45,494 INFO  server.XceiverServerGrpc (XceiverServerGrpc.java:<init>(97)) - Found a free port for the server : 37425
2019-06-13 23:36:45,495 INFO  replication.SimpleContainerDownloader (SimpleContainerDownloader.java:<init>(72)) - Starting container downloader service to copy containers to replicate.
2019-06-13 23:36:45,496 INFO  hdfs.DFSUtil (DFSUtil.java:httpServerTemplateForNNAndJN(1641)) - Starting Web-server for hddsDatanode at: http://0.0.0.0:0
2019-06-13 23:36:45,497 INFO  server.AuthenticationFilter (AuthenticationFilter.java:constructSecretProvider(240)) - Unable to initialize FileSignerSecretProvider, falling back to use random secrets.
2019-06-13 23:36:45,498 WARN  http.HttpRequestLog (HttpRequestLog.java:getRequestLog(97)) - Jetty request log can only be enabled using Log4j
2019-06-13 23:36:45,499 INFO  http.HttpServer2 (HttpServer2.java:addGlobalFilter(975)) - Added global filter 'safety' (class=org.apache.hadoop.http.HttpServer2$QuotingInputFilter)
2019-06-13 23:36:45,500 INFO  http.HttpServer2 (HttpServer2.java:addFilter(948)) - Added filter static_user_filter (class=org.apache.hadoop.http.lib.StaticUserWebFilter$StaticUserFilter) to context hddsDatanode
2019-06-13 23:36:45,500 INFO  http.HttpServer2 (HttpServer2.java:addFilter(958)) - Added filter static_user_filter (class=org.apache.hadoop.http.lib.StaticUserWebFilter$StaticUserFilter) to context static
2019-06-13 23:36:45,500 INFO  http.HttpServer2 (HttpServer2.java:addFilter(958)) - Added filter static_user_filter (class=org.apache.hadoop.http.lib.StaticUserWebFilter$StaticUserFilter) to context logs
2019-06-13 23:36:45,501 INFO  http.HttpServer2 (HttpServer2.java:bindListener(1191)) - Jetty bound to port 36867
2019-06-13 23:36:45,501 INFO  server.Server (Server.java:doStart(351)) - jetty-9.3.24.v20180605, build timestamp: 2018-06-05T17:11:56Z, git hash: 84205aa28f11a4f31f2a3b86d1bba2cc8ab69827
2019-06-13 23:36:45,504 INFO  handler.ContextHandler (ContextHandler.java:doStart(781)) - Started o.e.j.s.ServletContextHandler@1f15e689{/logs,file:///opt/src/hadoop-ozone/integration-test/target/log,AVAILABLE}
2019-06-13 23:36:45,505 INFO  handler.ContextHandler (ContextHandler.java:doStart(781)) - Started o.e.j.s.ServletContextHandler@3ebc955b{/static,jar:file:/root/.m2/repository/org/apache/hadoop/hadoop-hdds-container-service/0.5.0-SNAPSHOT/hadoop-hdds-container-service-0.5.0-SNAPSHOT.jar!/webapps/static,AVAILABLE}
2019-06-13 23:36:45,535 INFO  handler.ContextHandler (ContextHandler.java:doStart(781)) - Started o.e.j.w.WebAppContext@9fe720a{/,file:///tmp/jetty-0.0.0.0-36867-hddsDatanode-_-any-5864792292850399788.dir/webapp/,AVAILABLE}{/hddsDatanode}
2019-06-13 23:36:45,536 INFO  server.AbstractConnector (AbstractConnector.java:doStart(278)) - Started ServerConnector@149274cb{HTTP/1.1,[http/1.1]}{0.0.0.0:36867}
2019-06-13 23:36:45,537 INFO  server.Server (Server.java:doStart(419)) - Started @4816ms
2019-06-13 23:36:45,538 INFO  server.BaseHttpServer (BaseHttpServer.java:updateConnectorAddress(207)) - HTTP server of HDDSDATANODE is listening at http://0.0.0.0:36867
2019-06-13 23:36:45,689 INFO  ozone.HddsDatanodeService (HddsDatanodeService.java:startPlugins(396)) - Started plug-in org.apache.hadoop.ozone.web.OzoneHddsDatanodeService@7aded903
2019-06-13 23:36:45,690 INFO  impl.MetricsSystemImpl (MetricsSystemImpl.java:init(158)) - HddsDatanode metrics system started (again)
2019-06-13 23:36:45,690 INFO  ozone.HddsDatanodeService (HddsDatanodeService.java:start(185)) - HddsDatanodeService host:ozone-77j4t-2000458785 ip:192.168.105.129
2019-06-13 23:36:45,696 INFO  util.JvmPauseMonitor (JvmPauseMonitor.java:run(188)) - Starting JVM pause monitor
2019-06-13 23:36:45,699 INFO  datanode.InitDatanodeState (InitDatanodeState.java:persistContainerDatanodeDetails(140)) - DatanodeDetails is persisted to /opt/src/hadoop-ozone/integration-test/target/test-dir/MiniOzoneClusterImpl-03a6520e-9d98-420f-951b-4dd20f213cbc/datanode-3/meta/datanode.id
2019-06-13 23:36:45,705 INFO  volume.HddsVolume (HddsVolume.java:<init>(176)) - Creating Volume: /opt/src/hadoop-ozone/integration-test/target/test-dir/MiniOzoneClusterImpl-03a6520e-9d98-420f-951b-4dd20f213cbc/datanode-4/data/containers/hdds of  storage type : DISK and capacity : 104021790720
2019-06-13 23:36:45,706 INFO  volume.VolumeSet (VolumeSet.java:initializeVolumeSet(170)) - Added Volume : /opt/src/hadoop-ozone/integration-test/target/test-dir/MiniOzoneClusterImpl-03a6520e-9d98-420f-951b-4dd20f213cbc/datanode-4/data/containers/hdds to VolumeSet
2019-06-13 23:36:45,706 INFO  volume.ThrottledAsyncChecker (ThrottledAsyncChecker.java:schedule(140)) - Scheduling a check for org.apache.hadoop.ozone.container.common.volume.HddsVolume@66f16742
2019-06-13 23:36:45,707 INFO  volume.HddsVolumeChecker (HddsVolumeChecker.java:checkAllVolumes(203)) - Scheduled health check for volume org.apache.hadoop.ozone.container.common.volume.HddsVolume@66f16742
2019-06-13 23:36:45,723 INFO  ratis.XceiverServerRatis (XceiverServerRatis.java:newXceiverServerRatis(401)) - Found a free port for the server : 38745
2019-06-13 23:36:45,724 INFO  impl.RaftServerProxy (ConfUtils.java:logGet(43)) - raft.rpc.type = GRPC (default)
2019-06-13 23:36:45,725 INFO  grpc.GrpcConfigKeys$Server (ConfUtils.java:logGet(43)) - raft.grpc.server.port = 38745 (custom)
2019-06-13 23:36:45,725 INFO  server.GrpcService (ConfUtils.java:logGet(43)) - raft.grpc.message.size.max = 33570816 (custom)
2019-06-13 23:36:45,725 INFO  server.RaftServerConfigKeys (ConfUtils.java:logGet(43)) - raft.server.log.appender.buffer.byte-limit = 33554432 (custom)
2019-06-13 23:36:45,725 INFO  server.GrpcService (ConfUtils.java:logGet(43)) - raft.grpc.flow.control.window = 1MB (=1048576) (default)
2019-06-13 23:36:45,726 INFO  server.RaftServerConfigKeys (ConfUtils.java:logGet(43)) - raft.server.rpc.request.timeout = 3000ms (default)
2019-06-13 23:36:45,726 INFO  server.RaftServerConfigKeys (ConfUtils.java:logGet(43)) - raft.server.storage.dir = [/opt/src/hadoop-ozone/integration-test/target/test-dir/MiniOzoneClusterImpl-03a6520e-9d98-420f-951b-4dd20f213cbc/datanode-4/data/ratis] (custom)
2019-06-13 23:36:45,727 INFO  server.XceiverServerGrpc (XceiverServerGrpc.java:<init>(97)) - Found a free port for the server : 40309
2019-06-13 23:36:45,727 INFO  replication.SimpleContainerDownloader (SimpleContainerDownloader.java:<init>(72)) - Starting container downloader service to copy containers to replicate.
2019-06-13 23:36:45,728 INFO  hdfs.DFSUtil (DFSUtil.java:httpServerTemplateForNNAndJN(1641)) - Starting Web-server for hddsDatanode at: http://0.0.0.0:0
2019-06-13 23:36:45,729 INFO  server.AuthenticationFilter (AuthenticationFilter.java:constructSecretProvider(240)) - Unable to initialize FileSignerSecretProvider, falling back to use random secrets.
2019-06-13 23:36:45,730 WARN  http.HttpRequestLog (HttpRequestLog.java:getRequestLog(97)) - Jetty request log can only be enabled using Log4j
2019-06-13 23:36:45,731 INFO  http.HttpServer2 (HttpServer2.java:addGlobalFilter(975)) - Added global filter 'safety' (class=org.apache.hadoop.http.HttpServer2$QuotingInputFilter)
2019-06-13 23:36:45,732 INFO  http.HttpServer2 (HttpServer2.java:addFilter(948)) - Added filter static_user_filter (class=org.apache.hadoop.http.lib.StaticUserWebFilter$StaticUserFilter) to context hddsDatanode
2019-06-13 23:36:45,732 INFO  http.HttpServer2 (HttpServer2.java:addFilter(958)) - Added filter static_user_filter (class=org.apache.hadoop.http.lib.StaticUserWebFilter$StaticUserFilter) to context logs
2019-06-13 23:36:45,732 INFO  http.HttpServer2 (HttpServer2.java:addFilter(958)) - Added filter static_user_filter (class=org.apache.hadoop.http.lib.StaticUserWebFilter$StaticUserFilter) to context static
2019-06-13 23:36:45,733 INFO  http.HttpServer2 (HttpServer2.java:bindListener(1191)) - Jetty bound to port 41957
2019-06-13 23:36:45,733 INFO  server.Server (Server.java:doStart(351)) - jetty-9.3.24.v20180605, build timestamp: 2018-06-05T17:11:56Z, git hash: 84205aa28f11a4f31f2a3b86d1bba2cc8ab69827
2019-06-13 23:36:45,735 INFO  handler.ContextHandler (ContextHandler.java:doStart(781)) - Started o.e.j.s.ServletContextHandler@4ef18604{/logs,file:///opt/src/hadoop-ozone/integration-test/target/log,AVAILABLE}
2019-06-13 23:36:45,736 INFO  handler.ContextHandler (ContextHandler.java:doStart(781)) - Started o.e.j.s.ServletContextHandler@16cf8438{/static,jar:file:/root/.m2/repository/org/apache/hadoop/hadoop-hdds-container-service/0.5.0-SNAPSHOT/hadoop-hdds-container-service-0.5.0-SNAPSHOT.jar!/webapps/static,AVAILABLE}
2019-06-13 23:36:45,765 INFO  handler.ContextHandler (ContextHandler.java:doStart(781)) - Started o.e.j.w.WebAppContext@2ca3d826{/,file:///tmp/jetty-0.0.0.0-41957-hddsDatanode-_-any-9049506651407515096.dir/webapp/,AVAILABLE}{/hddsDatanode}
2019-06-13 23:36:45,767 INFO  server.AbstractConnector (AbstractConnector.java:doStart(278)) - Started ServerConnector@5d194314{HTTP/1.1,[http/1.1]}{0.0.0.0:41957}
2019-06-13 23:36:45,768 INFO  server.Server (Server.java:doStart(419)) - Started @5047ms
2019-06-13 23:36:45,768 INFO  server.BaseHttpServer (BaseHttpServer.java:updateConnectorAddress(207)) - HTTP server of HDDSDATANODE is listening at http://0.0.0.0:41957
2019-06-13 23:36:45,893 INFO  ozone.HddsDatanodeService (HddsDatanodeService.java:startPlugins(396)) - Started plug-in org.apache.hadoop.ozone.web.OzoneHddsDatanodeService@454bcbbf
2019-06-13 23:36:45,894 INFO  impl.MetricsSystemImpl (MetricsSystemImpl.java:init(158)) - HddsDatanode metrics system started (again)
2019-06-13 23:36:45,894 INFO  ozone.HddsDatanodeService (HddsDatanodeService.java:start(185)) - HddsDatanodeService host:ozone-77j4t-2000458785 ip:192.168.105.129
2019-06-13 23:36:45,907 INFO  util.JvmPauseMonitor (JvmPauseMonitor.java:run(188)) - Starting JVM pause monitor
2019-06-13 23:36:45,909 INFO  datanode.InitDatanodeState (InitDatanodeState.java:persistContainerDatanodeDetails(140)) - DatanodeDetails is persisted to /opt/src/hadoop-ozone/integration-test/target/test-dir/MiniOzoneClusterImpl-03a6520e-9d98-420f-951b-4dd20f213cbc/datanode-4/meta/datanode.id
2019-06-13 23:36:45,911 INFO  volume.HddsVolume (HddsVolume.java:<init>(176)) - Creating Volume: /opt/src/hadoop-ozone/integration-test/target/test-dir/MiniOzoneClusterImpl-03a6520e-9d98-420f-951b-4dd20f213cbc/datanode-5/data/containers/hdds of  storage type : DISK and capacity : 104021790720
2019-06-13 23:36:45,912 INFO  volume.VolumeSet (VolumeSet.java:initializeVolumeSet(170)) - Added Volume : /opt/src/hadoop-ozone/integration-test/target/test-dir/MiniOzoneClusterImpl-03a6520e-9d98-420f-951b-4dd20f213cbc/datanode-5/data/containers/hdds to VolumeSet
2019-06-13 23:36:45,912 INFO  volume.ThrottledAsyncChecker (ThrottledAsyncChecker.java:schedule(140)) - Scheduling a check for org.apache.hadoop.ozone.container.common.volume.HddsVolume@7ea42c82
2019-06-13 23:36:45,914 INFO  volume.HddsVolumeChecker (HddsVolumeChecker.java:checkAllVolumes(203)) - Scheduled health check for volume org.apache.hadoop.ozone.container.common.volume.HddsVolume@7ea42c82
2019-06-13 23:36:45,924 INFO  ratis.XceiverServerRatis (XceiverServerRatis.java:newXceiverServerRatis(401)) - Found a free port for the server : 35411
2019-06-13 23:36:45,926 INFO  impl.RaftServerProxy (ConfUtils.java:logGet(43)) - raft.rpc.type = GRPC (default)
2019-06-13 23:36:45,926 INFO  grpc.GrpcConfigKeys$Server (ConfUtils.java:logGet(43)) - raft.grpc.server.port = 35411 (custom)
2019-06-13 23:36:45,926 INFO  server.GrpcService (ConfUtils.java:logGet(43)) - raft.grpc.message.size.max = 33570816 (custom)
2019-06-13 23:36:45,927 INFO  server.RaftServerConfigKeys (ConfUtils.java:logGet(43)) - raft.server.log.appender.buffer.byte-limit = 33554432 (custom)
2019-06-13 23:36:45,927 INFO  server.GrpcService (ConfUtils.java:logGet(43)) - raft.grpc.flow.control.window = 1MB (=1048576) (default)
2019-06-13 23:36:45,927 INFO  server.RaftServerConfigKeys (ConfUtils.java:logGet(43)) - raft.server.rpc.request.timeout = 3000ms (default)
2019-06-13 23:36:45,928 INFO  server.RaftServerConfigKeys (ConfUtils.java:logGet(43)) - raft.server.storage.dir = [/opt/src/hadoop-ozone/integration-test/target/test-dir/MiniOzoneClusterImpl-03a6520e-9d98-420f-951b-4dd20f213cbc/datanode-5/data/ratis] (custom)
2019-06-13 23:36:45,928 INFO  server.XceiverServerGrpc (XceiverServerGrpc.java:<init>(97)) - Found a free port for the server : 46241
2019-06-13 23:36:45,928 INFO  replication.SimpleContainerDownloader (SimpleContainerDownloader.java:<init>(72)) - Starting container downloader service to copy containers to replicate.
2019-06-13 23:36:45,929 INFO  hdfs.DFSUtil (DFSUtil.java:httpServerTemplateForNNAndJN(1641)) - Starting Web-server for hddsDatanode at: http://0.0.0.0:0
2019-06-13 23:36:45,930 INFO  server.AuthenticationFilter (AuthenticationFilter.java:constructSecretProvider(240)) - Unable to initialize FileSignerSecretProvider, falling back to use random secrets.
2019-06-13 23:36:45,931 WARN  http.HttpRequestLog (HttpRequestLog.java:getRequestLog(97)) - Jetty request log can only be enabled using Log4j
2019-06-13 23:36:45,932 INFO  http.HttpServer2 (HttpServer2.java:addGlobalFilter(975)) - Added global filter 'safety' (class=org.apache.hadoop.http.HttpServer2$QuotingInputFilter)
2019-06-13 23:36:45,932 INFO  http.HttpServer2 (HttpServer2.java:addFilter(948)) - Added filter static_user_filter (class=org.apache.hadoop.http.lib.StaticUserWebFilter$StaticUserFilter) to context hddsDatanode
2019-06-13 23:36:45,932 INFO  http.HttpServer2 (HttpServer2.java:addFilter(958)) - Added filter static_user_filter (class=org.apache.hadoop.http.lib.StaticUserWebFilter$StaticUserFilter) to context static
2019-06-13 23:36:45,932 INFO  http.HttpServer2 (HttpServer2.java:addFilter(958)) - Added filter static_user_filter (class=org.apache.hadoop.http.lib.StaticUserWebFilter$StaticUserFilter) to context logs
2019-06-13 23:36:45,933 INFO  http.HttpServer2 (HttpServer2.java:bindListener(1191)) - Jetty bound to port 35307
2019-06-13 23:36:45,933 INFO  server.Server (Server.java:doStart(351)) - jetty-9.3.24.v20180605, build timestamp: 2018-06-05T17:11:56Z, git hash: 84205aa28f11a4f31f2a3b86d1bba2cc8ab69827
2019-06-13 23:36:45,936 INFO  handler.ContextHandler (ContextHandler.java:doStart(781)) - Started o.e.j.s.ServletContextHandler@58a7dc4{/logs,file:///opt/src/hadoop-ozone/integration-test/target/log,AVAILABLE}
2019-06-13 23:36:45,937 INFO  handler.ContextHandler (ContextHandler.java:doStart(781)) - Started o.e.j.s.ServletContextHandler@27f71195{/static,jar:file:/root/.m2/repository/org/apache/hadoop/hadoop-hdds-container-service/0.5.0-SNAPSHOT/hadoop-hdds-container-service-0.5.0-SNAPSHOT.jar!/webapps/static,AVAILABLE}
2019-06-13 23:36:45,967 INFO  handler.ContextHandler (ContextHandler.java:doStart(781)) - Started o.e.j.w.WebAppContext@26b3c9a2{/,file:///tmp/jetty-0.0.0.0-35307-hddsDatanode-_-any-3595870474879018324.dir/webapp/,AVAILABLE}{/hddsDatanode}
2019-06-13 23:36:45,968 INFO  server.AbstractConnector (AbstractConnector.java:doStart(278)) - Started ServerConnector@241b971f{HTTP/1.1,[http/1.1]}{0.0.0.0:35307}
2019-06-13 23:36:45,968 INFO  server.Server (Server.java:doStart(419)) - Started @5248ms
2019-06-13 23:36:45,969 INFO  server.BaseHttpServer (BaseHttpServer.java:updateConnectorAddress(207)) - HTTP server of HDDSDATANODE is listening at http://0.0.0.0:35307
2019-06-13 23:36:46,117 INFO  ozone.HddsDatanodeService (HddsDatanodeService.java:startPlugins(396)) - Started plug-in org.apache.hadoop.ozone.web.OzoneHddsDatanodeService@693f2213
2019-06-13 23:36:46,118 INFO  ozone.MiniOzoneClusterImpl (MiniOzoneClusterImpl.java:lambda$waitForClusterToBeReady$0(142)) - Waiting for cluster to be ready. Got 0 of 6 DN Heartbeats.
2019-06-13 23:36:46,118 INFO  util.JvmPauseMonitor (JvmPauseMonitor.java:run(188)) - Starting JVM pause monitor
2019-06-13 23:36:46,120 INFO  datanode.InitDatanodeState (InitDatanodeState.java:persistContainerDatanodeDetails(140)) - DatanodeDetails is persisted to /opt/src/hadoop-ozone/integration-test/target/test-dir/MiniOzoneClusterImpl-03a6520e-9d98-420f-951b-4dd20f213cbc/datanode-5/meta/datanode.id
2019-06-13 23:36:47,011 INFO  ozoneimpl.OzoneContainer (OzoneContainer.java:start(186)) - Attempting to start container services.
2019-06-13 23:36:47,011 INFO  ozoneimpl.OzoneContainer (OzoneContainer.java:startContainerScrub(160)) - Background container scrubber has been disabled by hdds.containerscrub.enabled
2019-06-13 23:36:47,011 INFO  ratis.XceiverServerRatis (XceiverServerRatis.java:start(418)) - Starting XceiverServerRatis dd431f16-cfae-4491-a4a4-0527a57a3f6f at port 43567
2019-06-13 23:36:47,025 INFO  impl.RaftServerProxy (RaftServerProxy.java:lambda$start$3(299)) - dd431f16-cfae-4491-a4a4-0527a57a3f6f: start RPC server
2019-06-13 23:36:47,118 INFO  ozone.MiniOzoneClusterImpl (MiniOzoneClusterImpl.java:lambda$waitForClusterToBeReady$0(142)) - Waiting for cluster to be ready. Got 0 of 6 DN Heartbeats.
2019-06-13 23:36:47,150 INFO  server.GrpcService (GrpcService.java:startImpl(148)) - dd431f16-cfae-4491-a4a4-0527a57a3f6f: GrpcService started, listening on 0.0.0.0/0.0.0.0:43567
2019-06-13 23:36:47,230 INFO  ozoneimpl.OzoneContainer (OzoneContainer.java:start(186)) - Attempting to start container services.
2019-06-13 23:36:47,231 INFO  ozoneimpl.OzoneContainer (OzoneContainer.java:startContainerScrub(160)) - Background container scrubber has been disabled by hdds.containerscrub.enabled
2019-06-13 23:36:47,231 INFO  ratis.XceiverServerRatis (XceiverServerRatis.java:start(418)) - Starting XceiverServerRatis 015d2d6b-df68-429f-b95c-71947a2d4036 at port 44375
2019-06-13 23:36:47,237 INFO  impl.RaftServerProxy (RaftServerProxy.java:lambda$start$3(299)) - 015d2d6b-df68-429f-b95c-71947a2d4036: start RPC server
2019-06-13 23:36:47,240 INFO  server.GrpcService (GrpcService.java:startImpl(148)) - 015d2d6b-df68-429f-b95c-71947a2d4036: GrpcService started, listening on 0.0.0.0/0.0.0.0:44375
2019-06-13 23:36:47,475 INFO  ozoneimpl.OzoneContainer (OzoneContainer.java:start(186)) - Attempting to start container services.
2019-06-13 23:36:47,476 INFO  ozoneimpl.OzoneContainer (OzoneContainer.java:startContainerScrub(160)) - Background container scrubber has been disabled by hdds.containerscrub.enabled
2019-06-13 23:36:47,476 INFO  ratis.XceiverServerRatis (XceiverServerRatis.java:start(418)) - Starting XceiverServerRatis de3631c0-a359-4585-bc4f-3d564dacfc0f at port 35901
2019-06-13 23:36:47,481 INFO  impl.RaftServerProxy (RaftServerProxy.java:lambda$start$3(299)) - de3631c0-a359-4585-bc4f-3d564dacfc0f: start RPC server
2019-06-13 23:36:47,483 INFO  server.GrpcService (GrpcService.java:startImpl(148)) - de3631c0-a359-4585-bc4f-3d564dacfc0f: GrpcService started, listening on 0.0.0.0/0.0.0.0:35901
2019-06-13 23:36:47,702 INFO  ozoneimpl.OzoneContainer (OzoneContainer.java:start(186)) - Attempting to start container services.
2019-06-13 23:36:47,703 INFO  ozoneimpl.OzoneContainer (OzoneContainer.java:startContainerScrub(160)) - Background container scrubber has been disabled by hdds.containerscrub.enabled
2019-06-13 23:36:47,703 INFO  ratis.XceiverServerRatis (XceiverServerRatis.java:start(418)) - Starting XceiverServerRatis 1709bd8c-55af-4fa8-94fa-5285bdfbc37d at port 38787
2019-06-13 23:36:47,708 INFO  impl.RaftServerProxy (RaftServerProxy.java:lambda$start$3(299)) - 1709bd8c-55af-4fa8-94fa-5285bdfbc37d: start RPC server
2019-06-13 23:36:47,711 INFO  server.GrpcService (GrpcService.java:startImpl(148)) - 1709bd8c-55af-4fa8-94fa-5285bdfbc37d: GrpcService started, listening on 0.0.0.0/0.0.0.0:38787
2019-06-13 23:36:47,912 INFO  ozoneimpl.OzoneContainer (OzoneContainer.java:start(186)) - Attempting to start container services.
2019-06-13 23:36:47,914 INFO  ozoneimpl.OzoneContainer (OzoneContainer.java:startContainerScrub(160)) - Background container scrubber has been disabled by hdds.containerscrub.enabled
2019-06-13 23:36:47,914 INFO  ratis.XceiverServerRatis (XceiverServerRatis.java:start(418)) - Starting XceiverServerRatis 33d40478-8085-4672-98be-e623de710095 at port 38745
2019-06-13 23:36:47,918 INFO  impl.RaftServerProxy (RaftServerProxy.java:lambda$start$3(299)) - 33d40478-8085-4672-98be-e623de710095: start RPC server
2019-06-13 23:36:47,921 INFO  server.GrpcService (GrpcService.java:startImpl(148)) - 33d40478-8085-4672-98be-e623de710095: GrpcService started, listening on 0.0.0.0/0.0.0.0:38745
2019-06-13 23:36:48,118 INFO  ozone.MiniOzoneClusterImpl (MiniOzoneClusterImpl.java:lambda$waitForClusterToBeReady$0(142)) - Waiting for cluster to be ready. Got 0 of 6 DN Heartbeats.
2019-06-13 23:36:48,124 INFO  ozoneimpl.OzoneContainer (OzoneContainer.java:start(186)) - Attempting to start container services.
2019-06-13 23:36:48,126 INFO  ozoneimpl.OzoneContainer (OzoneContainer.java:startContainerScrub(160)) - Background container scrubber has been disabled by hdds.containerscrub.enabled
2019-06-13 23:36:48,126 INFO  ratis.XceiverServerRatis (XceiverServerRatis.java:start(418)) - Starting XceiverServerRatis a2049c33-bc59-416c-abba-1c8a0a0eacff at port 35411
2019-06-13 23:36:48,172 INFO  impl.RaftServerProxy (RaftServerProxy.java:lambda$start$3(299)) - a2049c33-bc59-416c-abba-1c8a0a0eacff: start RPC server
2019-06-13 23:36:48,175 INFO  server.GrpcService (GrpcService.java:startImpl(148)) - a2049c33-bc59-416c-abba-1c8a0a0eacff: GrpcService started, listening on 0.0.0.0/0.0.0.0:35411
2019-06-13 23:36:49,013 INFO  node.SCMNodeManager (SCMNodeManager.java:register(234)) - Registered Data node : dd431f16-cfae-4491-a4a4-0527a57a3f6f{ip: 192.168.105.129, host: ozone-77j4t-2000458785, networkLocation: /default-rack, certSerialId: null}
2019-06-13 23:36:49,019 INFO  safemode.SCMSafeModeManager (DataNodeSafeModeRule.java:process(71)) - SCM in safe mode. 1 DataNodes registered, 1 required.
2019-06-13 23:36:49,019 INFO  safemode.SCMSafeModeManager (SCMSafeModeManager.java:validateSafeModeExitRules(177)) - ScmSafeModeManager, all rules are successfully validated
2019-06-13 23:36:49,020 INFO  safemode.SCMSafeModeManager (SCMSafeModeManager.java:exitSafeMode(193)) - SCM exiting safe mode.
2019-06-13 23:36:49,119 INFO  ozone.MiniOzoneClusterImpl (MiniOzoneClusterImpl.java:lambda$waitForClusterToBeReady$0(142)) - Waiting for cluster to be ready. Got 1 of 6 DN Heartbeats.
2019-06-13 23:36:49,227 INFO  node.SCMNodeManager (SCMNodeManager.java:register(234)) - Registered Data node : 015d2d6b-df68-429f-b95c-71947a2d4036{ip: 192.168.105.129, host: ozone-77j4t-2000458785, networkLocation: /default-rack, certSerialId: null}
2019-06-13 23:36:49,413 INFO  impl.RaftServerProxy (RaftServerProxy.java:addNew(89)) - dd431f16-cfae-4491-a4a4-0527a57a3f6f: addNew group-77912DCC0370:[dd431f16-cfae-4491-a4a4-0527a57a3f6f:192.168.105.129:43567] returns group-77912DCC0370:java.util.concurrent.CompletableFuture@6744727c[Not completed]
2019-06-13 23:36:49,418 INFO  impl.RaftServerImpl (RaftServerImpl.java:<init>(91)) - dd431f16-cfae-4491-a4a4-0527a57a3f6f: new RaftServerImpl for group-77912DCC0370:[dd431f16-cfae-4491-a4a4-0527a57a3f6f:192.168.105.129:43567] with ContainerStateMachine:uninitialized
2019-06-13 23:36:49,419 INFO  server.RaftServerConfigKeys (ConfUtils.java:logGet(43)) - raft.server.rpc.timeout.min = 1s (custom)
2019-06-13 23:36:49,419 INFO  server.RaftServerConfigKeys (ConfUtils.java:logGet(43)) - raft.server.rpc.timeout.max = 1200ms (custom)
2019-06-13 23:36:49,419 INFO  server.RaftServerConfigKeys (ConfUtils.java:logGet(43)) - raft.server.rpcslowness.timeout = 10s (custom)
2019-06-13 23:36:49,420 INFO  server.RaftServerConfigKeys (ConfUtils.java:logGet(43)) - raft.server.log.appender.install.snapshot.enabled = true (default)
2019-06-13 23:36:49,425 INFO  impl.RaftServerImpl (ServerState.java:<init>(101)) - dd431f16-cfae-4491-a4a4-0527a57a3f6f:group-77912DCC0370 ConfigurationManager, init=-1: [dd431f16-cfae-4491-a4a4-0527a57a3f6f:192.168.105.129:43567], old=null, confs=<EMPTY_MAP>
2019-06-13 23:36:49,425 INFO  server.RaftServerConfigKeys (ConfUtils.java:logGet(43)) - raft.server.storage.dir = [/opt/src/hadoop-ozone/integration-test/target/test-dir/MiniOzoneClusterImpl-03a6520e-9d98-420f-951b-4dd20f213cbc/datanode-0/data/ratis] (custom)
2019-06-13 23:36:49,430 INFO  storage.RaftStorageDirectory (RaftStorageDirectory.java:analyzeStorage(246)) - The storage directory /opt/src/hadoop-ozone/integration-test/target/test-dir/MiniOzoneClusterImpl-03a6520e-9d98-420f-951b-4dd20f213cbc/datanode-0/data/ratis/f55f48e9-6a50-4988-a73f-77912dcc0370 does not exist. Creating ...
2019-06-13 23:36:49,435 INFO  storage.RaftStorageDirectory (RaftStorageDirectory.java:tryLock(328)) - Lock on /opt/src/hadoop-ozone/integration-test/target/test-dir/MiniOzoneClusterImpl-03a6520e-9d98-420f-951b-4dd20f213cbc/datanode-0/data/ratis/f55f48e9-6a50-4988-a73f-77912dcc0370/in_use.lock acquired by nodename 10156@ozone-77j4t-2000458785
2019-06-13 23:36:49,439 INFO  storage.RaftStorage (RaftStorage.java:format(75)) - Storage directory /opt/src/hadoop-ozone/integration-test/target/test-dir/MiniOzoneClusterImpl-03a6520e-9d98-420f-951b-4dd20f213cbc/datanode-0/data/ratis/f55f48e9-6a50-4988-a73f-77912dcc0370 has been successfully formatted.
2019-06-13 23:36:49,440 INFO  ratis.ContainerStateMachine (ContainerStateMachine.java:loadSnapshot(199)) - The snapshot info is null.Setting the last applied index to:(t:0, i:~)
2019-06-13 23:36:49,440 INFO  server.RaftServerConfigKeys (ConfUtils.java:logGet(43)) - raft.server.leader.election.timeout = 10s (custom)
2019-06-13 23:36:49,566 INFO  server.RaftServerConfigKeys (ConfUtils.java:logGet(43)) - raft.server.log.use.memory = false (default)
2019-06-13 23:36:49,569 INFO  server.RaftServerConfigKeys (ConfUtils.java:logGet(43)) - raft.server.log.appender.buffer.byte-limit = 33554432 (custom)
2019-06-13 23:36:49,569 INFO  node.SCMNodeManager (SCMNodeManager.java:register(234)) - Registered Data node : de3631c0-a359-4585-bc4f-3d564dacfc0f{ip: 192.168.105.129, host: ozone-77j4t-2000458785, networkLocation: /default-rack, certSerialId: null}
2019-06-13 23:36:49,572 INFO  server.RaftServerConfigKeys (ConfUtils.java:logGet(43)) - raft.server.log.segment.size.max = 16384 (custom)
2019-06-13 23:36:49,575 INFO  server.RaftServerConfigKeys (ConfUtils.java:logGet(43)) - raft.server.log.segment.cache.num.max = 2 (custom)
2019-06-13 23:36:49,578 INFO  storage.RaftLogWorker (RaftLogWorker.java:<init>(123)) - new dd431f16-cfae-4491-a4a4-0527a57a3f6f-RaftLogWorker for Storage Directory /opt/src/hadoop-ozone/integration-test/target/test-dir/MiniOzoneClusterImpl-03a6520e-9d98-420f-951b-4dd20f213cbc/datanode-0/data/ratis/f55f48e9-6a50-4988-a73f-77912dcc0370
2019-06-13 23:36:49,578 INFO  server.RaftServerConfigKeys (ConfUtils.java:logGet(43)) - raft.server.log.queue.byte-limit = 2147483647 (custom)
2019-06-13 23:36:49,578 INFO  server.RaftServerConfigKeys (ConfUtils.java:logGet(43)) - raft.server.log.queue.element-limit = 1024 (custom)
2019-06-13 23:36:49,580 INFO  server.RaftServerConfigKeys (ConfUtils.java:logGet(43)) - raft.server.log.segment.size.max = 16384 (custom)
2019-06-13 23:36:49,580 INFO  server.RaftServerConfigKeys (ConfUtils.java:logGet(43)) - raft.server.log.preallocated.size = 16384 (custom)
2019-06-13 23:36:49,581 INFO  server.RaftServerConfigKeys (ConfUtils.java:logGet(43)) - raft.server.log.write.buffer.size = 33554432 (custom)
2019-06-13 23:36:49,581 INFO  server.RaftServerConfigKeys (ConfUtils.java:logGet(43)) - raft.server.log.force.sync.num = 128 (default)
2019-06-13 23:36:49,582 INFO  server.RaftServerConfigKeys (ConfUtils.java:logGet(43)) - raft.server.log.statemachine.data.sync = true (default)
2019-06-13 23:36:49,582 INFO  server.RaftServerConfigKeys (ConfUtils.java:logGet(43)) - raft.server.log.statemachine.data.sync.timeout = 10s (default)
2019-06-13 23:36:49,582 INFO  server.RaftServerConfigKeys (ConfUtils.java:logGet(43)) - raft.server.log.statemachine.data.sync.timeout.retry = -1 (default)
2019-06-13 23:36:49,584 INFO  server.RaftServerConfigKeys (ConfUtils.java:logGet(43)) - raft.server.log.statemachine.data.caching.enabled = true (custom)
2019-06-13 23:36:49,590 INFO  server.RaftServerConfigKeys (ConfUtils.java:logGet(43)) - raft.server.snapshot.auto.trigger.enabled = true (custom)
2019-06-13 23:36:49,591 INFO  server.RaftServerConfigKeys (ConfUtils.java:logGet(43)) - raft.server.snapshot.auto.trigger.threshold = 10000 (custom)
2019-06-13 23:36:49,591 INFO  server.RaftServerConfigKeys (ConfUtils.java:logGet(43)) - raft.server.retrycache.expirytime = 600000ms (custom)
2019-06-13 23:36:49,606 INFO  impl.RaftServerImpl (RaftServerImpl.java:start(173)) - dd431f16-cfae-4491-a4a4-0527a57a3f6f: start group-77912DCC0370
2019-06-13 23:36:49,607 INFO  impl.RaftServerImpl (RaftServerImpl.java:setRole(164)) - dd431f16-cfae-4491-a4a4-0527a57a3f6f:group-77912DCC0370 changes role from null to FOLLOWER at term 0 for startAsFollower
2019-06-13 23:36:49,608 INFO  impl.RoleInfo (RoleInfo.java:updateAndGet(143)) - dd431f16-cfae-4491-a4a4-0527a57a3f6f: start FollowerState
2019-06-13 23:36:49,609 INFO  util.JmxRegister (JmxRegister.java:tryRegister(44)) - Successfully registered JMX Bean with object name Ratis:service=RaftServer,group=group-77912DCC0370,id=dd431f16-cfae-4491-a4a4-0527a57a3f6f
2019-06-13 23:36:49,652 INFO  pipeline.PipelineStateManager (PipelineStateManager.java:addPipeline(56)) - Created pipeline Pipeline[ Id: f55f48e9-6a50-4988-a73f-77912dcc0370, Nodes: dd431f16-cfae-4491-a4a4-0527a57a3f6f{ip: 192.168.105.129, host: ozone-77j4t-2000458785, networkLocation: /default-rack, certSerialId: null}, Type:RATIS, Factor:ONE, State:OPEN]
2019-06-13 23:36:49,669 INFO  impl.RaftServerProxy (RaftServerProxy.java:addNew(89)) - de3631c0-a359-4585-bc4f-3d564dacfc0f: addNew group-2D3F6C5E2602:[de3631c0-a359-4585-bc4f-3d564dacfc0f:192.168.105.129:35901] returns group-2D3F6C5E2602:java.util.concurrent.CompletableFuture@4d83e685[Not completed]
2019-06-13 23:36:49,670 INFO  impl.RaftServerImpl (RaftServerImpl.java:<init>(91)) - de3631c0-a359-4585-bc4f-3d564dacfc0f: new RaftServerImpl for group-2D3F6C5E2602:[de3631c0-a359-4585-bc4f-3d564dacfc0f:192.168.105.129:35901] with ContainerStateMachine:uninitialized
2019-06-13 23:36:49,671 INFO  server.RaftServerConfigKeys (ConfUtils.java:logGet(43)) - raft.server.rpc.timeout.min = 1s (custom)
2019-06-13 23:36:49,671 INFO  server.RaftServerConfigKeys (ConfUtils.java:logGet(43)) - raft.server.rpc.timeout.max = 1200ms (custom)
2019-06-13 23:36:49,671 INFO  server.RaftServerConfigKeys (ConfUtils.java:logGet(43)) - raft.server.rpcslowness.timeout = 10s (custom)
2019-06-13 23:36:49,672 INFO  server.RaftServerConfigKeys (ConfUtils.java:logGet(43)) - raft.server.log.appender.install.snapshot.enabled = true (default)
2019-06-13 23:36:49,672 INFO  impl.RaftServerImpl (ServerState.java:<init>(101)) - de3631c0-a359-4585-bc4f-3d564dacfc0f:group-2D3F6C5E2602 ConfigurationManager, init=-1: [de3631c0-a359-4585-bc4f-3d564dacfc0f:192.168.105.129:35901], old=null, confs=<EMPTY_MAP>
2019-06-13 23:36:49,672 INFO  server.RaftServerConfigKeys (ConfUtils.java:logGet(43)) - raft.server.storage.dir = [/opt/src/hadoop-ozone/integration-test/target/test-dir/MiniOzoneClusterImpl-03a6520e-9d98-420f-951b-4dd20f213cbc/datanode-2/data/ratis] (custom)
2019-06-13 23:36:49,672 INFO  storage.RaftStorageDirectory (RaftStorageDirectory.java:analyzeStorage(246)) - The storage directory /opt/src/hadoop-ozone/integration-test/target/test-dir/MiniOzoneClusterImpl-03a6520e-9d98-420f-951b-4dd20f213cbc/datanode-2/data/ratis/528190b5-d487-494b-b007-2d3f6c5e2602 does not exist. Creating ...
2019-06-13 23:36:49,674 INFO  storage.RaftStorageDirectory (RaftStorageDirectory.java:tryLock(328)) - Lock on /opt/src/hadoop-ozone/integration-test/target/test-dir/MiniOzoneClusterImpl-03a6520e-9d98-420f-951b-4dd20f213cbc/datanode-2/data/ratis/528190b5-d487-494b-b007-2d3f6c5e2602/in_use.lock acquired by nodename 10156@ozone-77j4t-2000458785
2019-06-13 23:36:49,677 INFO  storage.RaftStorage (RaftStorage.java:format(75)) - Storage directory /opt/src/hadoop-ozone/integration-test/target/test-dir/MiniOzoneClusterImpl-03a6520e-9d98-420f-951b-4dd20f213cbc/datanode-2/data/ratis/528190b5-d487-494b-b007-2d3f6c5e2602 has been successfully formatted.
2019-06-13 23:36:49,677 INFO  ratis.ContainerStateMachine (ContainerStateMachine.java:loadSnapshot(199)) - The snapshot info is null.Setting the last applied index to:(t:0, i:~)
2019-06-13 23:36:49,677 INFO  server.RaftServerConfigKeys (ConfUtils.java:logGet(43)) - raft.server.leader.election.timeout = 10s (custom)
2019-06-13 23:36:49,677 INFO  server.RaftServerConfigKeys (ConfUtils.java:logGet(43)) - raft.server.log.use.memory = false (default)
2019-06-13 23:36:49,677 INFO  server.RaftServerConfigKeys (ConfUtils.java:logGet(43)) - raft.server.log.appender.buffer.byte-limit = 33554432 (custom)
2019-06-13 23:36:49,677 INFO  server.RaftServerConfigKeys (ConfUtils.java:logGet(43)) - raft.server.log.segment.size.max = 16384 (custom)
2019-06-13 23:36:49,677 INFO  server.RaftServerConfigKeys (ConfUtils.java:logGet(43)) - raft.server.log.segment.cache.num.max = 2 (custom)
2019-06-13 23:36:49,678 INFO  storage.RaftLogWorker (RaftLogWorker.java:<init>(123)) - new de3631c0-a359-4585-bc4f-3d564dacfc0f-RaftLogWorker for Storage Directory /opt/src/hadoop-ozone/integration-test/target/test-dir/MiniOzoneClusterImpl-03a6520e-9d98-420f-951b-4dd20f213cbc/datanode-2/data/ratis/528190b5-d487-494b-b007-2d3f6c5e2602
2019-06-13 23:36:49,679 INFO  server.RaftServerConfigKeys (ConfUtils.java:logGet(43)) - raft.server.log.queue.byte-limit = 2147483647 (custom)
2019-06-13 23:36:49,679 INFO  server.RaftServerConfigKeys (ConfUtils.java:logGet(43)) - raft.server.log.queue.element-limit = 1024 (custom)
2019-06-13 23:36:49,679 INFO  server.RaftServerConfigKeys (ConfUtils.java:logGet(43)) - raft.server.log.segment.size.max = 16384 (custom)
2019-06-13 23:36:49,679 INFO  server.RaftServerConfigKeys (ConfUtils.java:logGet(43)) - raft.server.log.preallocated.size = 16384 (custom)
2019-06-13 23:36:49,679 INFO  server.RaftServerConfigKeys (ConfUtils.java:logGet(43)) - raft.server.log.write.buffer.size = 33554432 (custom)
2019-06-13 23:36:49,679 INFO  server.RaftServerConfigKeys (ConfUtils.java:logGet(43)) - raft.server.log.force.sync.num = 128 (default)
2019-06-13 23:36:49,680 INFO  server.RaftServerConfigKeys (ConfUtils.java:logGet(43)) - raft.server.log.statemachine.data.sync = true (default)
2019-06-13 23:36:49,680 INFO  server.RaftServerConfigKeys (ConfUtils.java:logGet(43)) - raft.server.log.statemachine.data.sync.timeout = 10s (default)
2019-06-13 23:36:49,680 INFO  server.RaftServerConfigKeys (ConfUtils.java:logGet(43)) - raft.server.log.statemachine.data.sync.timeout.retry = -1 (default)
2019-06-13 23:36:49,680 INFO  server.RaftServerConfigKeys (ConfUtils.java:logGet(43)) - raft.server.log.statemachine.data.caching.enabled = true (custom)
2019-06-13 23:36:49,680 INFO  server.RaftServerConfigKeys (ConfUtils.java:logGet(43)) - raft.server.snapshot.auto.trigger.enabled = true (custom)
2019-06-13 23:36:49,680 INFO  server.RaftServerConfigKeys (ConfUtils.java:logGet(43)) - raft.server.snapshot.auto.trigger.threshold = 10000 (custom)
2019-06-13 23:36:49,680 INFO  server.RaftServerConfigKeys (ConfUtils.java:logGet(43)) - raft.server.retrycache.expirytime = 600000ms (custom)
2019-06-13 23:36:49,681 INFO  impl.RaftServerImpl (RaftServerImpl.java:start(173)) - de3631c0-a359-4585-bc4f-3d564dacfc0f: start group-2D3F6C5E2602
2019-06-13 23:36:49,681 INFO  impl.RaftServerImpl (RaftServerImpl.java:setRole(164)) - de3631c0-a359-4585-bc4f-3d564dacfc0f:group-2D3F6C5E2602 changes role from null to FOLLOWER at term 0 for startAsFollower
2019-06-13 23:36:49,681 INFO  impl.RoleInfo (RoleInfo.java:updateAndGet(143)) - de3631c0-a359-4585-bc4f-3d564dacfc0f: start FollowerState
2019-06-13 23:36:49,683 INFO  util.JmxRegister (JmxRegister.java:tryRegister(44)) - Successfully registered JMX Bean with object name Ratis:service=RaftServer,group=group-2D3F6C5E2602,id=de3631c0-a359-4585-bc4f-3d564dacfc0f
2019-06-13 23:36:49,695 INFO  pipeline.PipelineStateManager (PipelineStateManager.java:addPipeline(56)) - Created pipeline Pipeline[ Id: 528190b5-d487-494b-b007-2d3f6c5e2602, Nodes: de3631c0-a359-4585-bc4f-3d564dacfc0f{ip: 192.168.105.129, host: ozone-77j4t-2000458785, networkLocation: /default-rack, certSerialId: null}, Type:RATIS, Factor:ONE, State:OPEN]
2019-06-13 23:36:49,700 INFO  node.SCMNodeManager (SCMNodeManager.java:register(234)) - Registered Data node : 1709bd8c-55af-4fa8-94fa-5285bdfbc37d{ip: 192.168.105.129, host: ozone-77j4t-2000458785, networkLocation: /default-rack, certSerialId: null}
2019-06-13 23:36:49,709 INFO  impl.RaftServerProxy (RaftServerProxy.java:addNew(89)) - 015d2d6b-df68-429f-b95c-71947a2d4036: addNew group-EB96FBC1920D:[015d2d6b-df68-429f-b95c-71947a2d4036:192.168.105.129:44375] returns group-EB96FBC1920D:java.util.concurrent.CompletableFuture@389b135c[Not completed]
2019-06-13 23:36:49,736 INFO  impl.RaftServerImpl (RaftServerImpl.java:<init>(91)) - 015d2d6b-df68-429f-b95c-71947a2d4036: new RaftServerImpl for group-EB96FBC1920D:[015d2d6b-df68-429f-b95c-71947a2d4036:192.168.105.129:44375] with ContainerStateMachine:uninitialized
2019-06-13 23:36:49,737 INFO  server.RaftServerConfigKeys (ConfUtils.java:logGet(43)) - raft.server.rpc.timeout.min = 1s (custom)
2019-06-13 23:36:49,737 INFO  server.RaftServerConfigKeys (ConfUtils.java:logGet(43)) - raft.server.rpc.timeout.max = 1200ms (custom)
2019-06-13 23:36:49,737 INFO  server.RaftServerConfigKeys (ConfUtils.java:logGet(43)) - raft.server.rpcslowness.timeout = 10s (custom)
2019-06-13 23:36:49,737 INFO  server.RaftServerConfigKeys (ConfUtils.java:logGet(43)) - raft.server.log.appender.install.snapshot.enabled = true (default)
2019-06-13 23:36:49,737 INFO  impl.RaftServerImpl (ServerState.java:<init>(101)) - 015d2d6b-df68-429f-b95c-71947a2d4036:group-EB96FBC1920D ConfigurationManager, init=-1: [015d2d6b-df68-429f-b95c-71947a2d4036:192.168.105.129:44375], old=null, confs=<EMPTY_MAP>
2019-06-13 23:36:49,737 INFO  server.RaftServerConfigKeys (ConfUtils.java:logGet(43)) - raft.server.storage.dir = [/opt/src/hadoop-ozone/integration-test/target/test-dir/MiniOzoneClusterImpl-03a6520e-9d98-420f-951b-4dd20f213cbc/datanode-1/data/ratis] (custom)
2019-06-13 23:36:49,738 INFO  storage.RaftStorageDirectory (RaftStorageDirectory.java:analyzeStorage(246)) - The storage directory /opt/src/hadoop-ozone/integration-test/target/test-dir/MiniOzoneClusterImpl-03a6520e-9d98-420f-951b-4dd20f213cbc/datanode-1/data/ratis/1ca6d9ca-8dd4-45d4-a98a-eb96fbc1920d does not exist. Creating ...
2019-06-13 23:36:49,741 INFO  storage.RaftStorageDirectory (RaftStorageDirectory.java:tryLock(328)) - Lock on /opt/src/hadoop-ozone/integration-test/target/test-dir/MiniOzoneClusterImpl-03a6520e-9d98-420f-951b-4dd20f213cbc/datanode-1/data/ratis/1ca6d9ca-8dd4-45d4-a98a-eb96fbc1920d/in_use.lock acquired by nodename 10156@ozone-77j4t-2000458785
2019-06-13 23:36:49,743 INFO  storage.RaftStorage (RaftStorage.java:format(75)) - Storage directory /opt/src/hadoop-ozone/integration-test/target/test-dir/MiniOzoneClusterImpl-03a6520e-9d98-420f-951b-4dd20f213cbc/datanode-1/data/ratis/1ca6d9ca-8dd4-45d4-a98a-eb96fbc1920d has been successfully formatted.
2019-06-13 23:36:49,744 INFO  ratis.ContainerStateMachine (ContainerStateMachine.java:loadSnapshot(199)) - The snapshot info is null.Setting the last applied index to:(t:0, i:~)
2019-06-13 23:36:49,744 INFO  server.RaftServerConfigKeys (ConfUtils.java:logGet(43)) - raft.server.leader.election.timeout = 10s (custom)
2019-06-13 23:36:49,745 INFO  server.RaftServerConfigKeys (ConfUtils.java:logGet(43)) - raft.server.log.use.memory = false (default)
2019-06-13 23:36:49,745 INFO  server.RaftServerConfigKeys (ConfUtils.java:logGet(43)) - raft.server.log.appender.buffer.byte-limit = 33554432 (custom)
2019-06-13 23:36:49,745 INFO  server.RaftServerConfigKeys (ConfUtils.java:logGet(43)) - raft.server.log.segment.size.max = 16384 (custom)
2019-06-13 23:36:49,745 INFO  server.RaftServerConfigKeys (ConfUtils.java:logGet(43)) - raft.server.log.segment.cache.num.max = 2 (custom)
2019-06-13 23:36:49,745 INFO  storage.RaftLogWorker (RaftLogWorker.java:<init>(123)) - new 015d2d6b-df68-429f-b95c-71947a2d4036-RaftLogWorker for Storage Directory /opt/src/hadoop-ozone/integration-test/target/test-dir/MiniOzoneClusterImpl-03a6520e-9d98-420f-951b-4dd20f213cbc/datanode-1/data/ratis/1ca6d9ca-8dd4-45d4-a98a-eb96fbc1920d
2019-06-13 23:36:49,745 INFO  server.RaftServerConfigKeys (ConfUtils.java:logGet(43)) - raft.server.log.queue.byte-limit = 2147483647 (custom)
2019-06-13 23:36:49,745 INFO  server.RaftServerConfigKeys (ConfUtils.java:logGet(43)) - raft.server.log.queue.element-limit = 1024 (custom)
2019-06-13 23:36:49,745 INFO  server.RaftServerConfigKeys (ConfUtils.java:logGet(43)) - raft.server.log.segment.size.max = 16384 (custom)
2019-06-13 23:36:49,745 INFO  server.RaftServerConfigKeys (ConfUtils.java:logGet(43)) - raft.server.log.preallocated.size = 16384 (custom)
2019-06-13 23:36:49,745 INFO  server.RaftServerConfigKeys (ConfUtils.java:logGet(43)) - raft.server.log.write.buffer.size = 33554432 (custom)
2019-06-13 23:36:49,745 INFO  server.RaftServerConfigKeys (ConfUtils.java:logGet(43)) - raft.server.log.force.sync.num = 128 (default)
2019-06-13 23:36:49,745 INFO  server.RaftServerConfigKeys (ConfUtils.java:logGet(43)) - raft.server.log.statemachine.data.sync = true (default)
2019-06-13 23:36:49,746 INFO  server.RaftServerConfigKeys (ConfUtils.java:logGet(43)) - raft.server.log.statemachine.data.sync.timeout = 10s (default)
2019-06-13 23:36:49,746 INFO  server.RaftServerConfigKeys (ConfUtils.java:logGet(43)) - raft.server.log.statemachine.data.sync.timeout.retry = -1 (default)
2019-06-13 23:36:49,746 INFO  server.RaftServerConfigKeys (ConfUtils.java:logGet(43)) - raft.server.log.statemachine.data.caching.enabled = true (custom)
2019-06-13 23:36:49,746 INFO  server.RaftServerConfigKeys (ConfUtils.java:logGet(43)) - raft.server.snapshot.auto.trigger.enabled = true (custom)
2019-06-13 23:36:49,746 INFO  server.RaftServerConfigKeys (ConfUtils.java:logGet(43)) - raft.server.snapshot.auto.trigger.threshold = 10000 (custom)
2019-06-13 23:36:49,746 INFO  server.RaftServerConfigKeys (ConfUtils.java:logGet(43)) - raft.server.retrycache.expirytime = 600000ms (custom)
2019-06-13 23:36:49,747 INFO  impl.RaftServerImpl (RaftServerImpl.java:start(173)) - 015d2d6b-df68-429f-b95c-71947a2d4036: start group-EB96FBC1920D
2019-06-13 23:36:49,747 INFO  impl.RaftServerImpl (RaftServerImpl.java:setRole(164)) - 015d2d6b-df68-429f-b95c-71947a2d4036:group-EB96FBC1920D changes role from null to FOLLOWER at term 0 for startAsFollower
2019-06-13 23:36:49,747 INFO  impl.RoleInfo (RoleInfo.java:updateAndGet(143)) - 015d2d6b-df68-429f-b95c-71947a2d4036: start FollowerState
2019-06-13 23:36:49,747 INFO  util.JmxRegister (JmxRegister.java:tryRegister(44)) - Successfully registered JMX Bean with object name Ratis:service=RaftServer,group=group-EB96FBC1920D,id=015d2d6b-df68-429f-b95c-71947a2d4036
2019-06-13 23:36:49,755 INFO  pipeline.PipelineStateManager (PipelineStateManager.java:addPipeline(56)) - Created pipeline Pipeline[ Id: 1ca6d9ca-8dd4-45d4-a98a-eb96fbc1920d, Nodes: 015d2d6b-df68-429f-b95c-71947a2d4036{ip: 192.168.105.129, host: ozone-77j4t-2000458785, networkLocation: /default-rack, certSerialId: null}, Type:RATIS, Factor:ONE, State:OPEN]
2019-06-13 23:36:49,771 INFO  impl.RaftServerProxy (RaftServerProxy.java:addNew(89)) - 1709bd8c-55af-4fa8-94fa-5285bdfbc37d: addNew group-1177F1425B0B:[1709bd8c-55af-4fa8-94fa-5285bdfbc37d:192.168.105.129:38787] returns group-1177F1425B0B:java.util.concurrent.CompletableFuture@36d89073[Not completed]
2019-06-13 23:36:49,774 INFO  impl.RaftServerImpl (RaftServerImpl.java:<init>(91)) - 1709bd8c-55af-4fa8-94fa-5285bdfbc37d: new RaftServerImpl for group-1177F1425B0B:[1709bd8c-55af-4fa8-94fa-5285bdfbc37d:192.168.105.129:38787] with ContainerStateMachine:uninitialized
2019-06-13 23:36:49,774 INFO  server.RaftServerConfigKeys (ConfUtils.java:logGet(43)) - raft.server.rpc.timeout.min = 1s (custom)
2019-06-13 23:36:49,775 INFO  server.RaftServerConfigKeys (ConfUtils.java:logGet(43)) - raft.server.rpc.timeout.max = 1200ms (custom)
2019-06-13 23:36:49,775 INFO  server.RaftServerConfigKeys (ConfUtils.java:logGet(43)) - raft.server.rpcslowness.timeout = 10s (custom)
2019-06-13 23:36:49,775 INFO  server.RaftServerConfigKeys (ConfUtils.java:logGet(43)) - raft.server.log.appender.install.snapshot.enabled = true (default)
2019-06-13 23:36:49,775 INFO  impl.RaftServerImpl (ServerState.java:<init>(101)) - 1709bd8c-55af-4fa8-94fa-5285bdfbc37d:group-1177F1425B0B ConfigurationManager, init=-1: [1709bd8c-55af-4fa8-94fa-5285bdfbc37d:192.168.105.129:38787], old=null, confs=<EMPTY_MAP>
2019-06-13 23:36:49,775 INFO  server.RaftServerConfigKeys (ConfUtils.java:logGet(43)) - raft.server.storage.dir = [/opt/src/hadoop-ozone/integration-test/target/test-dir/MiniOzoneClusterImpl-03a6520e-9d98-420f-951b-4dd20f213cbc/datanode-3/data/ratis] (custom)
2019-06-13 23:36:49,775 INFO  storage.RaftStorageDirectory (RaftStorageDirectory.java:analyzeStorage(246)) - The storage directory /opt/src/hadoop-ozone/integration-test/target/test-dir/MiniOzoneClusterImpl-03a6520e-9d98-420f-951b-4dd20f213cbc/datanode-3/data/ratis/c921336c-3388-4809-ac99-1177f1425b0b does not exist. Creating ...
2019-06-13 23:36:49,778 INFO  storage.RaftStorageDirectory (RaftStorageDirectory.java:tryLock(328)) - Lock on /opt/src/hadoop-ozone/integration-test/target/test-dir/MiniOzoneClusterImpl-03a6520e-9d98-420f-951b-4dd20f213cbc/datanode-3/data/ratis/c921336c-3388-4809-ac99-1177f1425b0b/in_use.lock acquired by nodename 10156@ozone-77j4t-2000458785
2019-06-13 23:36:49,780 INFO  storage.RaftStorage (RaftStorage.java:format(75)) - Storage directory /opt/src/hadoop-ozone/integration-test/target/test-dir/MiniOzoneClusterImpl-03a6520e-9d98-420f-951b-4dd20f213cbc/datanode-3/data/ratis/c921336c-3388-4809-ac99-1177f1425b0b has been successfully formatted.
2019-06-13 23:36:49,780 INFO  ratis.ContainerStateMachine (ContainerStateMachine.java:loadSnapshot(199)) - The snapshot info is null.Setting the last applied index to:(t:0, i:~)
2019-06-13 23:36:49,781 INFO  server.RaftServerConfigKeys (ConfUtils.java:logGet(43)) - raft.server.leader.election.timeout = 10s (custom)
2019-06-13 23:36:49,781 INFO  server.RaftServerConfigKeys (ConfUtils.java:logGet(43)) - raft.server.log.use.memory = false (default)
2019-06-13 23:36:49,781 INFO  server.RaftServerConfigKeys (ConfUtils.java:logGet(43)) - raft.server.log.appender.buffer.byte-limit = 33554432 (custom)
2019-06-13 23:36:49,781 INFO  server.RaftServerConfigKeys (ConfUtils.java:logGet(43)) - raft.server.log.segment.size.max = 16384 (custom)
2019-06-13 23:36:49,781 INFO  server.RaftServerConfigKeys (ConfUtils.java:logGet(43)) - raft.server.log.segment.cache.num.max = 2 (custom)
2019-06-13 23:36:49,781 INFO  storage.RaftLogWorker (RaftLogWorker.java:<init>(123)) - new 1709bd8c-55af-4fa8-94fa-5285bdfbc37d-RaftLogWorker for Storage Directory /opt/src/hadoop-ozone/integration-test/target/test-dir/MiniOzoneClusterImpl-03a6520e-9d98-420f-951b-4dd20f213cbc/datanode-3/data/ratis/c921336c-3388-4809-ac99-1177f1425b0b
2019-06-13 23:36:49,781 INFO  server.RaftServerConfigKeys (ConfUtils.java:logGet(43)) - raft.server.log.queue.byte-limit = 2147483647 (custom)
2019-06-13 23:36:49,782 INFO  server.RaftServerConfigKeys (ConfUtils.java:logGet(43)) - raft.server.log.queue.element-limit = 1024 (custom)
2019-06-13 23:36:49,782 INFO  server.RaftServerConfigKeys (ConfUtils.java:logGet(43)) - raft.server.log.segment.size.max = 16384 (custom)
2019-06-13 23:36:49,782 INFO  server.RaftServerConfigKeys (ConfUtils.java:logGet(43)) - raft.server.log.preallocated.size = 16384 (custom)
2019-06-13 23:36:49,782 INFO  server.RaftServerConfigKeys (ConfUtils.java:logGet(43)) - raft.server.log.write.buffer.size = 33554432 (custom)
2019-06-13 23:36:49,782 INFO  server.RaftServerConfigKeys (ConfUtils.java:logGet(43)) - raft.server.log.force.sync.num = 128 (default)
2019-06-13 23:36:49,782 INFO  server.RaftServerConfigKeys (ConfUtils.java:logGet(43)) - raft.server.log.statemachine.data.sync = true (default)
2019-06-13 23:36:49,782 INFO  server.RaftServerConfigKeys (ConfUtils.java:logGet(43)) - raft.server.log.statemachine.data.sync.timeout = 10s (default)
2019-06-13 23:36:49,782 INFO  server.RaftServerConfigKeys (ConfUtils.java:logGet(43)) - raft.server.log.statemachine.data.sync.timeout.retry = -1 (default)
2019-06-13 23:36:49,783 INFO  server.RaftServerConfigKeys (ConfUtils.java:logGet(43)) - raft.server.log.statemachine.data.caching.enabled = true (custom)
2019-06-13 23:36:49,783 INFO  server.RaftServerConfigKeys (ConfUtils.java:logGet(43)) - raft.server.snapshot.auto.trigger.enabled = true (custom)
2019-06-13 23:36:49,783 INFO  server.RaftServerConfigKeys (ConfUtils.java:logGet(43)) - raft.server.snapshot.auto.trigger.threshold = 10000 (custom)
2019-06-13 23:36:49,783 INFO  server.RaftServerConfigKeys (ConfUtils.java:logGet(43)) - raft.server.retrycache.expirytime = 600000ms (custom)
2019-06-13 23:36:49,783 INFO  impl.RaftServerImpl (RaftServerImpl.java:start(173)) - 1709bd8c-55af-4fa8-94fa-5285bdfbc37d: start group-1177F1425B0B
2019-06-13 23:36:49,784 INFO  impl.RaftServerImpl (RaftServerImpl.java:setRole(164)) - 1709bd8c-55af-4fa8-94fa-5285bdfbc37d:group-1177F1425B0B changes role from null to FOLLOWER at term 0 for startAsFollower
2019-06-13 23:36:49,784 INFO  impl.RoleInfo (RoleInfo.java:updateAndGet(143)) - 1709bd8c-55af-4fa8-94fa-5285bdfbc37d: start FollowerState
2019-06-13 23:36:49,784 INFO  util.JmxRegister (JmxRegister.java:tryRegister(44)) - Successfully registered JMX Bean with object name Ratis:service=RaftServer,group=group-1177F1425B0B,id=1709bd8c-55af-4fa8-94fa-5285bdfbc37d
2019-06-13 23:36:49,793 INFO  pipeline.PipelineStateManager (PipelineStateManager.java:addPipeline(56)) - Created pipeline Pipeline[ Id: c921336c-3388-4809-ac99-1177f1425b0b, Nodes: 1709bd8c-55af-4fa8-94fa-5285bdfbc37d{ip: 192.168.105.129, host: ozone-77j4t-2000458785, networkLocation: /default-rack, certSerialId: null}, Type:RATIS, Factor:ONE, State:OPEN]
2019-06-13 23:36:49,822 INFO  impl.RaftServerProxy (RaftServerProxy.java:addNew(89)) - de3631c0-a359-4585-bc4f-3d564dacfc0f: addNew group-4A4AFABFEB45:[de3631c0-a359-4585-bc4f-3d564dacfc0f:192.168.105.129:35901, 1709bd8c-55af-4fa8-94fa-5285bdfbc37d:192.168.105.129:38787, 015d2d6b-df68-429f-b95c-71947a2d4036:192.168.105.129:44375] returns group-4A4AFABFEB45:java.util.concurrent.CompletableFuture@67d054d5[Not completed]
2019-06-13 23:36:49,823 INFO  impl.RaftServerProxy (RaftServerProxy.java:addNew(89)) - 015d2d6b-df68-429f-b95c-71947a2d4036: addNew group-4A4AFABFEB45:[de3631c0-a359-4585-bc4f-3d564dacfc0f:192.168.105.129:35901, 1709bd8c-55af-4fa8-94fa-5285bdfbc37d:192.168.105.129:38787, 015d2d6b-df68-429f-b95c-71947a2d4036:192.168.105.129:44375] returns group-4A4AFABFEB45:java.util.concurrent.CompletableFuture@a178dcf[Not completed]
2019-06-13 23:36:49,824 INFO  impl.RaftServerProxy (RaftServerProxy.java:addNew(89)) - 1709bd8c-55af-4fa8-94fa-5285bdfbc37d: addNew group-4A4AFABFEB45:[de3631c0-a359-4585-bc4f-3d564dacfc0f:192.168.105.129:35901, 1709bd8c-55af-4fa8-94fa-5285bdfbc37d:192.168.105.129:38787, 015d2d6b-df68-429f-b95c-71947a2d4036:192.168.105.129:44375] returns group-4A4AFABFEB45:java.util.concurrent.CompletableFuture@2a0e0535[Not completed]
2019-06-13 23:36:49,824 INFO  impl.RaftServerImpl (RaftServerImpl.java:<init>(91)) - de3631c0-a359-4585-bc4f-3d564dacfc0f: new RaftServerImpl for group-4A4AFABFEB45:[de3631c0-a359-4585-bc4f-3d564dacfc0f:192.168.105.129:35901, 1709bd8c-55af-4fa8-94fa-5285bdfbc37d:192.168.105.129:38787, 015d2d6b-df68-429f-b95c-71947a2d4036:192.168.105.129:44375] with ContainerStateMachine:uninitialized
2019-06-13 23:36:49,824 INFO  server.RaftServerConfigKeys (ConfUtils.java:logGet(43)) - raft.server.rpc.timeout.min = 1s (custom)
2019-06-13 23:36:49,824 INFO  server.RaftServerConfigKeys (ConfUtils.java:logGet(43)) - raft.server.rpc.timeout.max = 1200ms (custom)
2019-06-13 23:36:49,824 INFO  impl.RaftServerImpl (RaftServerImpl.java:<init>(91)) - 1709bd8c-55af-4fa8-94fa-5285bdfbc37d: new RaftServerImpl for group-4A4AFABFEB45:[de3631c0-a359-4585-bc4f-3d564dacfc0f:192.168.105.129:35901, 1709bd8c-55af-4fa8-94fa-5285bdfbc37d:192.168.105.129:38787, 015d2d6b-df68-429f-b95c-71947a2d4036:192.168.105.129:44375] with ContainerStateMachine:uninitialized
2019-06-13 23:36:49,824 INFO  server.RaftServerConfigKeys (ConfUtils.java:logGet(43)) - raft.server.rpcslowness.timeout = 10s (custom)
2019-06-13 23:36:49,825 INFO  server.RaftServerConfigKeys (ConfUtils.java:logGet(43)) - raft.server.log.appender.install.snapshot.enabled = true (default)
2019-06-13 23:36:49,825 INFO  impl.RaftServerImpl (ServerState.java:<init>(101)) - de3631c0-a359-4585-bc4f-3d564dacfc0f:group-4A4AFABFEB45 ConfigurationManager, init=-1: [de3631c0-a359-4585-bc4f-3d564dacfc0f:192.168.105.129:35901, 1709bd8c-55af-4fa8-94fa-5285bdfbc37d:192.168.105.129:38787, 015d2d6b-df68-429f-b95c-71947a2d4036:192.168.105.129:44375], old=null, confs=<EMPTY_MAP>
2019-06-13 23:36:49,824 INFO  server.RaftServerConfigKeys (ConfUtils.java:logGet(43)) - raft.server.rpc.timeout.min = 1s (custom)
2019-06-13 23:36:49,825 INFO  server.RaftServerConfigKeys (ConfUtils.java:logGet(43)) - raft.server.storage.dir = [/opt/src/hadoop-ozone/integration-test/target/test-dir/MiniOzoneClusterImpl-03a6520e-9d98-420f-951b-4dd20f213cbc/datanode-2/data/ratis] (custom)
2019-06-13 23:36:49,825 INFO  server.RaftServerConfigKeys (ConfUtils.java:logGet(43)) - raft.server.rpc.timeout.max = 1200ms (custom)
2019-06-13 23:36:49,825 INFO  server.RaftServerConfigKeys (ConfUtils.java:logGet(43)) - raft.server.rpcslowness.timeout = 10s (custom)
2019-06-13 23:36:49,825 INFO  storage.RaftStorageDirectory (RaftStorageDirectory.java:analyzeStorage(246)) - The storage directory /opt/src/hadoop-ozone/integration-test/target/test-dir/MiniOzoneClusterImpl-03a6520e-9d98-420f-951b-4dd20f213cbc/datanode-2/data/ratis/c02dad23-84e1-422e-be6f-4a4afabfeb45 does not exist. Creating ...
2019-06-13 23:36:49,825 INFO  impl.RaftServerImpl (RaftServerImpl.java:<init>(91)) - 015d2d6b-df68-429f-b95c-71947a2d4036: new RaftServerImpl for group-4A4AFABFEB45:[de3631c0-a359-4585-bc4f-3d564dacfc0f:192.168.105.129:35901, 1709bd8c-55af-4fa8-94fa-5285bdfbc37d:192.168.105.129:38787, 015d2d6b-df68-429f-b95c-71947a2d4036:192.168.105.129:44375] with ContainerStateMachine:uninitialized
2019-06-13 23:36:49,826 INFO  server.RaftServerConfigKeys (ConfUtils.java:logGet(43)) - raft.server.rpc.timeout.min = 1s (custom)
2019-06-13 23:36:49,826 INFO  server.RaftServerConfigKeys (ConfUtils.java:logGet(43)) - raft.server.rpc.timeout.max = 1200ms (custom)
2019-06-13 23:36:49,826 INFO  server.RaftServerConfigKeys (ConfUtils.java:logGet(43)) - raft.server.rpcslowness.timeout = 10s (custom)
2019-06-13 23:36:49,826 INFO  server.RaftServerConfigKeys (ConfUtils.java:logGet(43)) - raft.server.log.appender.install.snapshot.enabled = true (default)
2019-06-13 23:36:49,826 INFO  impl.RaftServerImpl (ServerState.java:<init>(101)) - 015d2d6b-df68-429f-b95c-71947a2d4036:group-4A4AFABFEB45 ConfigurationManager, init=-1: [de3631c0-a359-4585-bc4f-3d564dacfc0f:192.168.105.129:35901, 1709bd8c-55af-4fa8-94fa-5285bdfbc37d:192.168.105.129:38787, 015d2d6b-df68-429f-b95c-71947a2d4036:192.168.105.129:44375], old=null, confs=<EMPTY_MAP>
2019-06-13 23:36:49,826 INFO  server.RaftServerConfigKeys (ConfUtils.java:logGet(43)) - raft.server.storage.dir = [/opt/src/hadoop-ozone/integration-test/target/test-dir/MiniOzoneClusterImpl-03a6520e-9d98-420f-951b-4dd20f213cbc/datanode-1/data/ratis] (custom)
2019-06-13 23:36:49,826 INFO  storage.RaftStorageDirectory (RaftStorageDirectory.java:analyzeStorage(246)) - The storage directory /opt/src/hadoop-ozone/integration-test/target/test-dir/MiniOzoneClusterImpl-03a6520e-9d98-420f-951b-4dd20f213cbc/datanode-1/data/ratis/c02dad23-84e1-422e-be6f-4a4afabfeb45 does not exist. Creating ...
2019-06-13 23:36:49,825 INFO  server.RaftServerConfigKeys (ConfUtils.java:logGet(43)) - raft.server.log.appender.install.snapshot.enabled = true (default)
2019-06-13 23:36:49,826 INFO  impl.RaftServerImpl (ServerState.java:<init>(101)) - 1709bd8c-55af-4fa8-94fa-5285bdfbc37d:group-4A4AFABFEB45 ConfigurationManager, init=-1: [de3631c0-a359-4585-bc4f-3d564dacfc0f:192.168.105.129:35901, 1709bd8c-55af-4fa8-94fa-5285bdfbc37d:192.168.105.129:38787, 015d2d6b-df68-429f-b95c-71947a2d4036:192.168.105.129:44375], old=null, confs=<EMPTY_MAP>
2019-06-13 23:36:49,826 INFO  server.RaftServerConfigKeys (ConfUtils.java:logGet(43)) - raft.server.storage.dir = [/opt/src/hadoop-ozone/integration-test/target/test-dir/MiniOzoneClusterImpl-03a6520e-9d98-420f-951b-4dd20f213cbc/datanode-3/data/ratis] (custom)
2019-06-13 23:36:49,827 INFO  storage.RaftStorageDirectory (RaftStorageDirectory.java:analyzeStorage(246)) - The storage directory /opt/src/hadoop-ozone/integration-test/target/test-dir/MiniOzoneClusterImpl-03a6520e-9d98-420f-951b-4dd20f213cbc/datanode-3/data/ratis/c02dad23-84e1-422e-be6f-4a4afabfeb45 does not exist. Creating ...
2019-06-13 23:36:49,828 INFO  storage.RaftStorageDirectory (RaftStorageDirectory.java:tryLock(328)) - Lock on /opt/src/hadoop-ozone/integration-test/target/test-dir/MiniOzoneClusterImpl-03a6520e-9d98-420f-951b-4dd20f213cbc/datanode-2/data/ratis/c02dad23-84e1-422e-be6f-4a4afabfeb45/in_use.lock acquired by nodename 10156@ozone-77j4t-2000458785
2019-06-13 23:36:49,829 INFO  storage.RaftStorageDirectory (RaftStorageDirectory.java:tryLock(328)) - Lock on /opt/src/hadoop-ozone/integration-test/target/test-dir/MiniOzoneClusterImpl-03a6520e-9d98-420f-951b-4dd20f213cbc/datanode-1/data/ratis/c02dad23-84e1-422e-be6f-4a4afabfeb45/in_use.lock acquired by nodename 10156@ozone-77j4t-2000458785
2019-06-13 23:36:49,829 INFO  storage.RaftStorageDirectory (RaftStorageDirectory.java:tryLock(328)) - Lock on /opt/src/hadoop-ozone/integration-test/target/test-dir/MiniOzoneClusterImpl-03a6520e-9d98-420f-951b-4dd20f213cbc/datanode-3/data/ratis/c02dad23-84e1-422e-be6f-4a4afabfeb45/in_use.lock acquired by nodename 10156@ozone-77j4t-2000458785
2019-06-13 23:36:49,831 INFO  storage.RaftStorage (RaftStorage.java:format(75)) - Storage directory /opt/src/hadoop-ozone/integration-test/target/test-dir/MiniOzoneClusterImpl-03a6520e-9d98-420f-951b-4dd20f213cbc/datanode-2/data/ratis/c02dad23-84e1-422e-be6f-4a4afabfeb45 has been successfully formatted.
2019-06-13 23:36:49,832 INFO  ratis.ContainerStateMachine (ContainerStateMachine.java:loadSnapshot(199)) - The snapshot info is null.Setting the last applied index to:(t:0, i:~)
2019-06-13 23:36:49,832 INFO  server.RaftServerConfigKeys (ConfUtils.java:logGet(43)) - raft.server.leader.election.timeout = 10s (custom)
2019-06-13 23:36:49,832 INFO  server.RaftServerConfigKeys (ConfUtils.java:logGet(43)) - raft.server.log.use.memory = false (default)
2019-06-13 23:36:49,832 INFO  server.RaftServerConfigKeys (ConfUtils.java:logGet(43)) - raft.server.log.appender.buffer.byte-limit = 33554432 (custom)
2019-06-13 23:36:49,832 INFO  server.RaftServerConfigKeys (ConfUtils.java:logGet(43)) - raft.server.log.segment.size.max = 16384 (custom)
2019-06-13 23:36:49,832 INFO  server.RaftServerConfigKeys (ConfUtils.java:logGet(43)) - raft.server.log.segment.cache.num.max = 2 (custom)
2019-06-13 23:36:49,833 INFO  storage.RaftLogWorker (RaftLogWorker.java:<init>(123)) - new de3631c0-a359-4585-bc4f-3d564dacfc0f-RaftLogWorker for Storage Directory /opt/src/hadoop-ozone/integration-test/target/test-dir/MiniOzoneClusterImpl-03a6520e-9d98-420f-951b-4dd20f213cbc/datanode-2/data/ratis/c02dad23-84e1-422e-be6f-4a4afabfeb45
2019-06-13 23:36:49,833 INFO  server.RaftServerConfigKeys (ConfUtils.java:logGet(43)) - raft.server.log.queue.byte-limit = 2147483647 (custom)
2019-06-13 23:36:49,833 INFO  server.RaftServerConfigKeys (ConfUtils.java:logGet(43)) - raft.server.log.queue.element-limit = 1024 (custom)
2019-06-13 23:36:49,833 INFO  server.RaftServerConfigKeys (ConfUtils.java:logGet(43)) - raft.server.log.segment.size.max = 16384 (custom)
2019-06-13 23:36:49,833 INFO  server.RaftServerConfigKeys (ConfUtils.java:logGet(43)) - raft.server.log.preallocated.size = 16384 (custom)
2019-06-13 23:36:49,833 INFO  server.RaftServerConfigKeys (ConfUtils.java:logGet(43)) - raft.server.log.write.buffer.size = 33554432 (custom)
2019-06-13 23:36:49,833 INFO  server.RaftServerConfigKeys (ConfUtils.java:logGet(43)) - raft.server.log.force.sync.num = 128 (default)
2019-06-13 23:36:49,833 INFO  server.RaftServerConfigKeys (ConfUtils.java:logGet(43)) - raft.server.log.statemachine.data.sync = true (default)
2019-06-13 23:36:49,834 INFO  server.RaftServerConfigKeys (ConfUtils.java:logGet(43)) - raft.server.log.statemachine.data.sync.timeout = 10s (default)
2019-06-13 23:36:49,834 INFO  server.RaftServerConfigKeys (ConfUtils.java:logGet(43)) - raft.server.log.statemachine.data.sync.timeout.retry = -1 (default)
2019-06-13 23:36:49,834 INFO  server.RaftServerConfigKeys (ConfUtils.java:logGet(43)) - raft.server.log.statemachine.data.caching.enabled = true (custom)
2019-06-13 23:36:49,834 INFO  storage.RaftStorage (RaftStorage.java:format(75)) - Storage directory /opt/src/hadoop-ozone/integration-test/target/test-dir/MiniOzoneClusterImpl-03a6520e-9d98-420f-951b-4dd20f213cbc/datanode-1/data/ratis/c02dad23-84e1-422e-be6f-4a4afabfeb45 has been successfully formatted.
2019-06-13 23:36:49,834 INFO  server.RaftServerConfigKeys (ConfUtils.java:logGet(43)) - raft.server.snapshot.auto.trigger.enabled = true (custom)
2019-06-13 23:36:49,835 INFO  storage.RaftStorage (RaftStorage.java:format(75)) - Storage directory /opt/src/hadoop-ozone/integration-test/target/test-dir/MiniOzoneClusterImpl-03a6520e-9d98-420f-951b-4dd20f213cbc/datanode-3/data/ratis/c02dad23-84e1-422e-be6f-4a4afabfeb45 has been successfully formatted.
2019-06-13 23:36:49,835 INFO  ratis.ContainerStateMachine (ContainerStateMachine.java:loadSnapshot(199)) - The snapshot info is null.Setting the last applied index to:(t:0, i:~)
2019-06-13 23:36:49,835 INFO  server.RaftServerConfigKeys (ConfUtils.java:logGet(43)) - raft.server.leader.election.timeout = 10s (custom)
2019-06-13 23:36:49,835 INFO  server.RaftServerConfigKeys (ConfUtils.java:logGet(43)) - raft.server.log.use.memory = false (default)
2019-06-13 23:36:49,835 INFO  server.RaftServerConfigKeys (ConfUtils.java:logGet(43)) - raft.server.log.appender.buffer.byte-limit = 33554432 (custom)
2019-06-13 23:36:49,835 INFO  server.RaftServerConfigKeys (ConfUtils.java:logGet(43)) - raft.server.log.segment.size.max = 16384 (custom)
2019-06-13 23:36:49,835 INFO  server.RaftServerConfigKeys (ConfUtils.java:logGet(43)) - raft.server.log.segment.cache.num.max = 2 (custom)
2019-06-13 23:36:49,835 INFO  storage.RaftLogWorker (RaftLogWorker.java:<init>(123)) - new 1709bd8c-55af-4fa8-94fa-5285bdfbc37d-RaftLogWorker for Storage Directory /opt/src/hadoop-ozone/integration-test/target/test-dir/MiniOzoneClusterImpl-03a6520e-9d98-420f-951b-4dd20f213cbc/datanode-3/data/ratis/c02dad23-84e1-422e-be6f-4a4afabfeb45
2019-06-13 23:36:49,835 INFO  server.RaftServerConfigKeys (ConfUtils.java:logGet(43)) - raft.server.log.queue.byte-limit = 2147483647 (custom)
2019-06-13 23:36:49,835 INFO  server.RaftServerConfigKeys (ConfUtils.java:logGet(43)) - raft.server.log.queue.element-limit = 1024 (custom)
2019-06-13 23:36:49,835 INFO  server.RaftServerConfigKeys (ConfUtils.java:logGet(43)) - raft.server.log.segment.size.max = 16384 (custom)
2019-06-13 23:36:49,836 INFO  server.RaftServerConfigKeys (ConfUtils.java:logGet(43)) - raft.server.log.preallocated.size = 16384 (custom)
2019-06-13 23:36:49,836 INFO  server.RaftServerConfigKeys (ConfUtils.java:logGet(43)) - raft.server.log.write.buffer.size = 33554432 (custom)
2019-06-13 23:36:49,836 INFO  server.RaftServerConfigKeys (ConfUtils.java:logGet(43)) - raft.server.log.force.sync.num = 128 (default)
2019-06-13 23:36:49,836 INFO  server.RaftServerConfigKeys (ConfUtils.java:logGet(43)) - raft.server.log.statemachine.data.sync = true (default)
2019-06-13 23:36:49,836 INFO  server.RaftServerConfigKeys (ConfUtils.java:logGet(43)) - raft.server.log.statemachine.data.sync.timeout = 10s (default)
2019-06-13 23:36:49,836 INFO  server.RaftServerConfigKeys (ConfUtils.java:logGet(43)) - raft.server.log.statemachine.data.sync.timeout.retry = -1 (default)
2019-06-13 23:36:49,836 INFO  server.RaftServerConfigKeys (ConfUtils.java:logGet(43)) - raft.server.log.statemachine.data.caching.enabled = true (custom)
2019-06-13 23:36:49,834 INFO  ratis.ContainerStateMachine (ContainerStateMachine.java:loadSnapshot(199)) - The snapshot info is null.Setting the last applied index to:(t:0, i:~)
2019-06-13 23:36:49,836 INFO  server.RaftServerConfigKeys (ConfUtils.java:logGet(43)) - raft.server.snapshot.auto.trigger.enabled = true (custom)
2019-06-13 23:36:49,836 INFO  server.RaftServerConfigKeys (ConfUtils.java:logGet(43)) - raft.server.leader.election.timeout = 10s (custom)
2019-06-13 23:36:49,837 INFO  server.RaftServerConfigKeys (ConfUtils.java:logGet(43)) - raft.server.log.use.memory = false (default)
2019-06-13 23:36:49,837 INFO  server.RaftServerConfigKeys (ConfUtils.java:logGet(43)) - raft.server.log.appender.buffer.byte-limit = 33554432 (custom)
2019-06-13 23:36:49,837 INFO  server.RaftServerConfigKeys (ConfUtils.java:logGet(43)) - raft.server.log.segment.size.max = 16384 (custom)
2019-06-13 23:36:49,837 INFO  server.RaftServerConfigKeys (ConfUtils.java:logGet(43)) - raft.server.log.segment.cache.num.max = 2 (custom)
2019-06-13 23:36:49,837 INFO  storage.RaftLogWorker (RaftLogWorker.java:<init>(123)) - new 015d2d6b-df68-429f-b95c-71947a2d4036-RaftLogWorker for Storage Directory /opt/src/hadoop-ozone/integration-test/target/test-dir/MiniOzoneClusterImpl-03a6520e-9d98-420f-951b-4dd20f213cbc/datanode-1/data/ratis/c02dad23-84e1-422e-be6f-4a4afabfeb45
2019-06-13 23:36:49,837 INFO  server.RaftServerConfigKeys (ConfUtils.java:logGet(43)) - raft.server.log.queue.byte-limit = 2147483647 (custom)
2019-06-13 23:36:49,837 INFO  server.RaftServerConfigKeys (ConfUtils.java:logGet(43)) - raft.server.log.queue.element-limit = 1024 (custom)
2019-06-13 23:36:49,837 INFO  server.RaftServerConfigKeys (ConfUtils.java:logGet(43)) - raft.server.log.segment.size.max = 16384 (custom)
2019-06-13 23:36:49,838 INFO  server.RaftServerConfigKeys (ConfUtils.java:logGet(43)) - raft.server.log.preallocated.size = 16384 (custom)
2019-06-13 23:36:49,838 INFO  server.RaftServerConfigKeys (ConfUtils.java:logGet(43)) - raft.server.log.write.buffer.size = 33554432 (custom)
2019-06-13 23:36:49,838 INFO  server.RaftServerConfigKeys (ConfUtils.java:logGet(43)) - raft.server.log.force.sync.num = 128 (default)
2019-06-13 23:36:49,838 INFO  server.RaftServerConfigKeys (ConfUtils.java:logGet(43)) - raft.server.log.statemachine.data.sync = true (default)
2019-06-13 23:36:49,838 INFO  server.RaftServerConfigKeys (ConfUtils.java:logGet(43)) - raft.server.log.statemachine.data.sync.timeout = 10s (default)
2019-06-13 23:36:49,838 INFO  server.RaftServerConfigKeys (ConfUtils.java:logGet(43)) - raft.server.log.statemachine.data.sync.timeout.retry = -1 (default)
2019-06-13 23:36:49,838 INFO  server.RaftServerConfigKeys (ConfUtils.java:logGet(43)) - raft.server.log.statemachine.data.caching.enabled = true (custom)
2019-06-13 23:36:49,835 INFO  server.RaftServerConfigKeys (ConfUtils.java:logGet(43)) - raft.server.snapshot.auto.trigger.threshold = 10000 (custom)
2019-06-13 23:36:49,839 INFO  server.RaftServerConfigKeys (ConfUtils.java:logGet(43)) - raft.server.retrycache.expirytime = 600000ms (custom)
2019-06-13 23:36:49,839 INFO  impl.RaftServerImpl (RaftServerImpl.java:start(173)) - de3631c0-a359-4585-bc4f-3d564dacfc0f: start group-4A4AFABFEB45
2019-06-13 23:36:49,839 INFO  impl.RaftServerImpl (RaftServerImpl.java:setRole(164)) - de3631c0-a359-4585-bc4f-3d564dacfc0f:group-4A4AFABFEB45 changes role from null to FOLLOWER at term 0 for startAsFollower
2019-06-13 23:36:49,839 INFO  impl.RoleInfo (RoleInfo.java:updateAndGet(143)) - de3631c0-a359-4585-bc4f-3d564dacfc0f: start FollowerState
2019-06-13 23:36:49,839 INFO  server.RaftServerConfigKeys (ConfUtils.java:logGet(43)) - raft.server.snapshot.auto.trigger.enabled = true (custom)
2019-06-13 23:36:49,837 INFO  server.RaftServerConfigKeys (ConfUtils.java:logGet(43)) - raft.server.snapshot.auto.trigger.threshold = 10000 (custom)
2019-06-13 23:36:49,839 INFO  server.RaftServerConfigKeys (ConfUtils.java:logGet(43)) - raft.server.retrycache.expirytime = 600000ms (custom)
2019-06-13 23:36:49,839 INFO  server.RaftServerConfigKeys (ConfUtils.java:logGet(43)) - raft.server.snapshot.auto.trigger.threshold = 10000 (custom)
2019-06-13 23:36:49,840 INFO  impl.RaftServerImpl (RaftServerImpl.java:start(173)) - 1709bd8c-55af-4fa8-94fa-5285bdfbc37d: start group-4A4AFABFEB45
2019-06-13 23:36:49,839 INFO  util.JmxRegister (JmxRegister.java:tryRegister(44)) - Successfully registered JMX Bean with object name Ratis:service=RaftServer,group=group-4A4AFABFEB45,id=de3631c0-a359-4585-bc4f-3d564dacfc0f
2019-06-13 23:36:49,840 INFO  impl.RaftServerImpl (RaftServerImpl.java:setRole(164)) - 1709bd8c-55af-4fa8-94fa-5285bdfbc37d:group-4A4AFABFEB45 changes role from null to FOLLOWER at term 0 for startAsFollower
2019-06-13 23:36:49,840 INFO  impl.RoleInfo (RoleInfo.java:updateAndGet(143)) - 1709bd8c-55af-4fa8-94fa-5285bdfbc37d: start FollowerState
2019-06-13 23:36:49,840 INFO  server.RaftServerConfigKeys (ConfUtils.java:logGet(43)) - raft.server.retrycache.expirytime = 600000ms (custom)
2019-06-13 23:36:49,840 INFO  impl.RaftServerImpl (RaftServerImpl.java:start(173)) - 015d2d6b-df68-429f-b95c-71947a2d4036: start group-4A4AFABFEB45
2019-06-13 23:36:49,840 INFO  impl.RaftServerImpl (RaftServerImpl.java:setRole(164)) - 015d2d6b-df68-429f-b95c-71947a2d4036:group-4A4AFABFEB45 changes role from null to FOLLOWER at term 0 for startAsFollower
2019-06-13 23:36:49,840 INFO  impl.RoleInfo (RoleInfo.java:updateAndGet(143)) - 015d2d6b-df68-429f-b95c-71947a2d4036: start FollowerState
2019-06-13 23:36:49,841 INFO  util.JmxRegister (JmxRegister.java:tryRegister(44)) - Successfully registered JMX Bean with object name Ratis:service=RaftServer,group=group-4A4AFABFEB45,id=1709bd8c-55af-4fa8-94fa-5285bdfbc37d
2019-06-13 23:36:49,841 INFO  util.JmxRegister (JmxRegister.java:tryRegister(44)) - Successfully registered JMX Bean with object name Ratis:service=RaftServer,group=group-4A4AFABFEB45,id=015d2d6b-df68-429f-b95c-71947a2d4036
2019-06-13 23:36:49,863 INFO  pipeline.PipelineStateManager (PipelineStateManager.java:addPipeline(56)) - Created pipeline Pipeline[ Id: c02dad23-84e1-422e-be6f-4a4afabfeb45, Nodes: de3631c0-a359-4585-bc4f-3d564dacfc0f{ip: 192.168.105.129, host: ozone-77j4t-2000458785, networkLocation: /default-rack, certSerialId: null}015d2d6b-df68-429f-b95c-71947a2d4036{ip: 192.168.105.129, host: ozone-77j4t-2000458785, networkLocation: /default-rack, certSerialId: null}1709bd8c-55af-4fa8-94fa-5285bdfbc37d{ip: 192.168.105.129, host: ozone-77j4t-2000458785, networkLocation: /default-rack, certSerialId: null}, Type:RATIS, Factor:THREE, State:OPEN]
2019-06-13 23:36:49,910 INFO  node.SCMNodeManager (SCMNodeManager.java:register(234)) - Registered Data node : 33d40478-8085-4672-98be-e623de710095{ip: 192.168.105.129, host: ozone-77j4t-2000458785, networkLocation: /default-rack, certSerialId: null}
2019-06-13 23:36:49,923 INFO  impl.RaftServerProxy (RaftServerProxy.java:addNew(89)) - 33d40478-8085-4672-98be-e623de710095: addNew group-71356E2B9EF6:[33d40478-8085-4672-98be-e623de710095:192.168.105.129:38745] returns group-71356E2B9EF6:java.util.concurrent.CompletableFuture@2b416dd0[Not completed]
2019-06-13 23:36:49,924 INFO  impl.RaftServerImpl (RaftServerImpl.java:<init>(91)) - 33d40478-8085-4672-98be-e623de710095: new RaftServerImpl for group-71356E2B9EF6:[33d40478-8085-4672-98be-e623de710095:192.168.105.129:38745] with ContainerStateMachine:uninitialized
2019-06-13 23:36:49,925 INFO  server.RaftServerConfigKeys (ConfUtils.java:logGet(43)) - raft.server.rpc.timeout.min = 1s (custom)
2019-06-13 23:36:49,925 INFO  server.RaftServerConfigKeys (ConfUtils.java:logGet(43)) - raft.server.rpc.timeout.max = 1200ms (custom)
2019-06-13 23:36:49,925 INFO  server.RaftServerConfigKeys (ConfUtils.java:logGet(43)) - raft.server.rpcslowness.timeout = 10s (custom)
2019-06-13 23:36:49,925 INFO  server.RaftServerConfigKeys (ConfUtils.java:logGet(43)) - raft.server.log.appender.install.snapshot.enabled = true (default)
2019-06-13 23:36:49,925 INFO  impl.RaftServerImpl (ServerState.java:<init>(101)) - 33d40478-8085-4672-98be-e623de710095:group-71356E2B9EF6 ConfigurationManager, init=-1: [33d40478-8085-4672-98be-e623de710095:192.168.105.129:38745], old=null, confs=<EMPTY_MAP>
2019-06-13 23:36:49,925 INFO  server.RaftServerConfigKeys (ConfUtils.java:logGet(43)) - raft.server.storage.dir = [/opt/src/hadoop-ozone/integration-test/target/test-dir/MiniOzoneClusterImpl-03a6520e-9d98-420f-951b-4dd20f213cbc/datanode-4/data/ratis] (custom)
2019-06-13 23:36:49,926 INFO  storage.RaftStorageDirectory (RaftStorageDirectory.java:analyzeStorage(246)) - The storage directory /opt/src/hadoop-ozone/integration-test/target/test-dir/MiniOzoneClusterImpl-03a6520e-9d98-420f-951b-4dd20f213cbc/datanode-4/data/ratis/ba9873c1-a078-476b-8763-71356e2b9ef6 does not exist. Creating ...
2019-06-13 23:36:49,928 INFO  storage.RaftStorageDirectory (RaftStorageDirectory.java:tryLock(328)) - Lock on /opt/src/hadoop-ozone/integration-test/target/test-dir/MiniOzoneClusterImpl-03a6520e-9d98-420f-951b-4dd20f213cbc/datanode-4/data/ratis/ba9873c1-a078-476b-8763-71356e2b9ef6/in_use.lock acquired by nodename 10156@ozone-77j4t-2000458785
2019-06-13 23:36:49,930 INFO  storage.RaftStorage (RaftStorage.java:format(75)) - Storage directory /opt/src/hadoop-ozone/integration-test/target/test-dir/MiniOzoneClusterImpl-03a6520e-9d98-420f-951b-4dd20f213cbc/datanode-4/data/ratis/ba9873c1-a078-476b-8763-71356e2b9ef6 has been successfully formatted.
2019-06-13 23:36:49,930 INFO  ratis.ContainerStateMachine (ContainerStateMachine.java:loadSnapshot(199)) - The snapshot info is null.Setting the last applied index to:(t:0, i:~)
2019-06-13 23:36:49,930 INFO  server.RaftServerConfigKeys (ConfUtils.java:logGet(43)) - raft.server.leader.election.timeout = 10s (custom)
2019-06-13 23:36:49,931 INFO  server.RaftServerConfigKeys (ConfUtils.java:logGet(43)) - raft.server.log.use.memory = false (default)
2019-06-13 23:36:49,931 INFO  server.RaftServerConfigKeys (ConfUtils.java:logGet(43)) - raft.server.log.appender.buffer.byte-limit = 33554432 (custom)
2019-06-13 23:36:49,931 INFO  server.RaftServerConfigKeys (ConfUtils.java:logGet(43)) - raft.server.log.segment.size.max = 16384 (custom)
2019-06-13 23:36:49,931 INFO  server.RaftServerConfigKeys (ConfUtils.java:logGet(43)) - raft.server.log.segment.cache.num.max = 2 (custom)
2019-06-13 23:36:49,931 INFO  storage.RaftLogWorker (RaftLogWorker.java:<init>(123)) - new 33d40478-8085-4672-98be-e623de710095-RaftLogWorker for Storage Directory /opt/src/hadoop-ozone/integration-test/target/test-dir/MiniOzoneClusterImpl-03a6520e-9d98-420f-951b-4dd20f213cbc/datanode-4/data/ratis/ba9873c1-a078-476b-8763-71356e2b9ef6
2019-06-13 23:36:49,931 INFO  server.RaftServerConfigKeys (ConfUtils.java:logGet(43)) - raft.server.log.queue.byte-limit = 2147483647 (custom)
2019-06-13 23:36:49,931 INFO  server.RaftServerConfigKeys (ConfUtils.java:logGet(43)) - raft.server.log.queue.element-limit = 1024 (custom)
2019-06-13 23:36:49,931 INFO  server.RaftServerConfigKeys (ConfUtils.java:logGet(43)) - raft.server.log.segment.size.max = 16384 (custom)
2019-06-13 23:36:49,931 INFO  server.RaftServerConfigKeys (ConfUtils.java:logGet(43)) - raft.server.log.preallocated.size = 16384 (custom)
2019-06-13 23:36:49,931 INFO  server.RaftServerConfigKeys (ConfUtils.java:logGet(43)) - raft.server.log.write.buffer.size = 33554432 (custom)
2019-06-13 23:36:49,931 INFO  server.RaftServerConfigKeys (ConfUtils.java:logGet(43)) - raft.server.log.force.sync.num = 128 (default)
2019-06-13 23:36:49,931 INFO  server.RaftServerConfigKeys (ConfUtils.java:logGet(43)) - raft.server.log.statemachine.data.sync = true (default)
2019-06-13 23:36:49,932 INFO  server.RaftServerConfigKeys (ConfUtils.java:logGet(43)) - raft.server.log.statemachine.data.sync.timeout = 10s (default)
2019-06-13 23:36:49,932 INFO  server.RaftServerConfigKeys (ConfUtils.java:logGet(43)) - raft.server.log.statemachine.data.sync.timeout.retry = -1 (default)
2019-06-13 23:36:49,932 INFO  server.RaftServerConfigKeys (ConfUtils.java:logGet(43)) - raft.server.log.statemachine.data.caching.enabled = true (custom)
2019-06-13 23:36:49,932 INFO  server.RaftServerConfigKeys (ConfUtils.java:logGet(43)) - raft.server.snapshot.auto.trigger.enabled = true (custom)
2019-06-13 23:36:49,932 INFO  server.RaftServerConfigKeys (ConfUtils.java:logGet(43)) - raft.server.snapshot.auto.trigger.threshold = 10000 (custom)
2019-06-13 23:36:49,932 INFO  server.RaftServerConfigKeys (ConfUtils.java:logGet(43)) - raft.server.retrycache.expirytime = 600000ms (custom)
2019-06-13 23:36:49,932 INFO  impl.RaftServerImpl (RaftServerImpl.java:start(173)) - 33d40478-8085-4672-98be-e623de710095: start group-71356E2B9EF6
2019-06-13 23:36:49,932 INFO  impl.RaftServerImpl (RaftServerImpl.java:setRole(164)) - 33d40478-8085-4672-98be-e623de710095:group-71356E2B9EF6 changes role from null to FOLLOWER at term 0 for startAsFollower
2019-06-13 23:36:49,933 INFO  impl.RoleInfo (RoleInfo.java:updateAndGet(143)) - 33d40478-8085-4672-98be-e623de710095: start FollowerState
2019-06-13 23:36:49,933 INFO  util.JmxRegister (JmxRegister.java:tryRegister(44)) - Successfully registered JMX Bean with object name Ratis:service=RaftServer,group=group-71356E2B9EF6,id=33d40478-8085-4672-98be-e623de710095
2019-06-13 23:36:49,938 INFO  pipeline.PipelineStateManager (PipelineStateManager.java:addPipeline(56)) - Created pipeline Pipeline[ Id: ba9873c1-a078-476b-8763-71356e2b9ef6, Nodes: 33d40478-8085-4672-98be-e623de710095{ip: 192.168.105.129, host: ozone-77j4t-2000458785, networkLocation: /default-rack, certSerialId: null}, Type:RATIS, Factor:ONE, State:OPEN]
2019-06-13 23:36:50,120 INFO  ozone.MiniOzoneClusterImpl (MiniOzoneClusterImpl.java:lambda$waitForClusterToBeReady$0(142)) - Waiting for cluster to be ready. Got 5 of 6 DN Heartbeats.
2019-06-13 23:36:50,121 INFO  node.SCMNodeManager (SCMNodeManager.java:register(234)) - Registered Data node : a2049c33-bc59-416c-abba-1c8a0a0eacff{ip: 192.168.105.129, host: ozone-77j4t-2000458785, networkLocation: /default-rack, certSerialId: null}
2019-06-13 23:36:50,132 INFO  impl.RaftServerProxy (RaftServerProxy.java:addNew(89)) - a2049c33-bc59-416c-abba-1c8a0a0eacff: addNew group-F853ED201E25:[a2049c33-bc59-416c-abba-1c8a0a0eacff:192.168.105.129:35411] returns group-F853ED201E25:java.util.concurrent.CompletableFuture@2c0d5b44[Not completed]
2019-06-13 23:36:50,133 INFO  impl.RaftServerImpl (RaftServerImpl.java:<init>(91)) - a2049c33-bc59-416c-abba-1c8a0a0eacff: new RaftServerImpl for group-F853ED201E25:[a2049c33-bc59-416c-abba-1c8a0a0eacff:192.168.105.129:35411] with ContainerStateMachine:uninitialized
2019-06-13 23:36:50,133 INFO  server.RaftServerConfigKeys (ConfUtils.java:logGet(43)) - raft.server.rpc.timeout.min = 1s (custom)
2019-06-13 23:36:50,133 INFO  server.RaftServerConfigKeys (ConfUtils.java:logGet(43)) - raft.server.rpc.timeout.max = 1200ms (custom)
2019-06-13 23:36:50,133 INFO  server.RaftServerConfigKeys (ConfUtils.java:logGet(43)) - raft.server.rpcslowness.timeout = 10s (custom)
2019-06-13 23:36:50,133 INFO  server.RaftServerConfigKeys (ConfUtils.java:logGet(43)) - raft.server.log.appender.install.snapshot.enabled = true (default)
2019-06-13 23:36:50,133 INFO  impl.RaftServerImpl (ServerState.java:<init>(101)) - a2049c33-bc59-416c-abba-1c8a0a0eacff:group-F853ED201E25 ConfigurationManager, init=-1: [a2049c33-bc59-416c-abba-1c8a0a0eacff:192.168.105.129:35411], old=null, confs=<EMPTY_MAP>
2019-06-13 23:36:50,134 INFO  server.RaftServerConfigKeys (ConfUtils.java:logGet(43)) - raft.server.storage.dir = [/opt/src/hadoop-ozone/integration-test/target/test-dir/MiniOzoneClusterImpl-03a6520e-9d98-420f-951b-4dd20f213cbc/datanode-5/data/ratis] (custom)
2019-06-13 23:36:50,134 INFO  storage.RaftStorageDirectory (RaftStorageDirectory.java:analyzeStorage(246)) - The storage directory /opt/src/hadoop-ozone/integration-test/target/test-dir/MiniOzoneClusterImpl-03a6520e-9d98-420f-951b-4dd20f213cbc/datanode-5/data/ratis/e4405f03-5549-4eda-aab8-f853ed201e25 does not exist. Creating ...
2019-06-13 23:36:50,136 INFO  storage.RaftStorageDirectory (RaftStorageDirectory.java:tryLock(328)) - Lock on /opt/src/hadoop-ozone/integration-test/target/test-dir/MiniOzoneClusterImpl-03a6520e-9d98-420f-951b-4dd20f213cbc/datanode-5/data/ratis/e4405f03-5549-4eda-aab8-f853ed201e25/in_use.lock acquired by nodename 10156@ozone-77j4t-2000458785
2019-06-13 23:36:50,139 INFO  storage.RaftStorage (RaftStorage.java:format(75)) - Storage directory /opt/src/hadoop-ozone/integration-test/target/test-dir/MiniOzoneClusterImpl-03a6520e-9d98-420f-951b-4dd20f213cbc/datanode-5/data/ratis/e4405f03-5549-4eda-aab8-f853ed201e25 has been successfully formatted.
2019-06-13 23:36:50,139 INFO  ratis.ContainerStateMachine (ContainerStateMachine.java:loadSnapshot(199)) - The snapshot info is null.Setting the last applied index to:(t:0, i:~)
2019-06-13 23:36:50,139 INFO  server.RaftServerConfigKeys (ConfUtils.java:logGet(43)) - raft.server.leader.election.timeout = 10s (custom)
2019-06-13 23:36:50,139 INFO  server.RaftServerConfigKeys (ConfUtils.java:logGet(43)) - raft.server.log.use.memory = false (default)
2019-06-13 23:36:50,139 INFO  server.RaftServerConfigKeys (ConfUtils.java:logGet(43)) - raft.server.log.appender.buffer.byte-limit = 33554432 (custom)
2019-06-13 23:36:50,139 INFO  server.RaftServerConfigKeys (ConfUtils.java:logGet(43)) - raft.server.log.segment.size.max = 16384 (custom)
2019-06-13 23:36:50,139 INFO  server.RaftServerConfigKeys (ConfUtils.java:logGet(43)) - raft.server.log.segment.cache.num.max = 2 (custom)
2019-06-13 23:36:50,139 INFO  storage.RaftLogWorker (RaftLogWorker.java:<init>(123)) - new a2049c33-bc59-416c-abba-1c8a0a0eacff-RaftLogWorker for Storage Directory /opt/src/hadoop-ozone/integration-test/target/test-dir/MiniOzoneClusterImpl-03a6520e-9d98-420f-951b-4dd20f213cbc/datanode-5/data/ratis/e4405f03-5549-4eda-aab8-f853ed201e25
2019-06-13 23:36:50,139 INFO  server.RaftServerConfigKeys (ConfUtils.java:logGet(43)) - raft.server.log.queue.byte-limit = 2147483647 (custom)
2019-06-13 23:36:50,139 INFO  server.RaftServerConfigKeys (ConfUtils.java:logGet(43)) - raft.server.log.queue.element-limit = 1024 (custom)
2019-06-13 23:36:50,139 INFO  server.RaftServerConfigKeys (ConfUtils.java:logGet(43)) - raft.server.log.segment.size.max = 16384 (custom)
2019-06-13 23:36:50,140 INFO  server.RaftServerConfigKeys (ConfUtils.java:logGet(43)) - raft.server.log.preallocated.size = 16384 (custom)
2019-06-13 23:36:50,140 INFO  server.RaftServerConfigKeys (ConfUtils.java:logGet(43)) - raft.server.log.write.buffer.size = 33554432 (custom)
2019-06-13 23:36:50,140 INFO  server.RaftServerConfigKeys (ConfUtils.java:logGet(43)) - raft.server.log.force.sync.num = 128 (default)
2019-06-13 23:36:50,140 INFO  server.RaftServerConfigKeys (ConfUtils.java:logGet(43)) - raft.server.log.statemachine.data.sync = true (default)
2019-06-13 23:36:50,140 INFO  server.RaftServerConfigKeys (ConfUtils.java:logGet(43)) - raft.server.log.statemachine.data.sync.timeout = 10s (default)
2019-06-13 23:36:50,140 INFO  server.RaftServerConfigKeys (ConfUtils.java:logGet(43)) - raft.server.log.statemachine.data.sync.timeout.retry = -1 (default)
2019-06-13 23:36:50,140 INFO  server.RaftServerConfigKeys (ConfUtils.java:logGet(43)) - raft.server.log.statemachine.data.caching.enabled = true (custom)
2019-06-13 23:36:50,141 INFO  server.RaftServerConfigKeys (ConfUtils.java:logGet(43)) - raft.server.snapshot.auto.trigger.enabled = true (custom)
2019-06-13 23:36:50,141 INFO  server.RaftServerConfigKeys (ConfUtils.java:logGet(43)) - raft.server.snapshot.auto.trigger.threshold = 10000 (custom)
2019-06-13 23:36:50,141 INFO  server.RaftServerConfigKeys (ConfUtils.java:logGet(43)) - raft.server.retrycache.expirytime = 600000ms (custom)
2019-06-13 23:36:50,141 INFO  impl.RaftServerImpl (RaftServerImpl.java:start(173)) - a2049c33-bc59-416c-abba-1c8a0a0eacff: start group-F853ED201E25
2019-06-13 23:36:50,141 INFO  impl.RaftServerImpl (RaftServerImpl.java:setRole(164)) - a2049c33-bc59-416c-abba-1c8a0a0eacff:group-F853ED201E25 changes role from null to FOLLOWER at term 0 for startAsFollower
2019-06-13 23:36:50,142 INFO  impl.RoleInfo (RoleInfo.java:updateAndGet(143)) - a2049c33-bc59-416c-abba-1c8a0a0eacff: start FollowerState
2019-06-13 23:36:50,142 INFO  util.JmxRegister (JmxRegister.java:tryRegister(44)) - Successfully registered JMX Bean with object name Ratis:service=RaftServer,group=group-F853ED201E25,id=a2049c33-bc59-416c-abba-1c8a0a0eacff
2019-06-13 23:36:50,151 INFO  pipeline.PipelineStateManager (PipelineStateManager.java:addPipeline(56)) - Created pipeline Pipeline[ Id: e4405f03-5549-4eda-aab8-f853ed201e25, Nodes: a2049c33-bc59-416c-abba-1c8a0a0eacff{ip: 192.168.105.129, host: ozone-77j4t-2000458785, networkLocation: /default-rack, certSerialId: null}, Type:RATIS, Factor:ONE, State:OPEN]
2019-06-13 23:36:50,170 INFO  impl.RaftServerProxy (RaftServerProxy.java:addNew(89)) - a2049c33-bc59-416c-abba-1c8a0a0eacff: addNew group-106025C1C56E:[a2049c33-bc59-416c-abba-1c8a0a0eacff:192.168.105.129:35411, dd431f16-cfae-4491-a4a4-0527a57a3f6f:192.168.105.129:43567, 33d40478-8085-4672-98be-e623de710095:192.168.105.129:38745] returns group-106025C1C56E:java.util.concurrent.CompletableFuture@4ce40cff[Not completed]
2019-06-13 23:36:50,172 INFO  impl.RaftServerProxy (RaftServerProxy.java:addNew(89)) - dd431f16-cfae-4491-a4a4-0527a57a3f6f: addNew group-106025C1C56E:[a2049c33-bc59-416c-abba-1c8a0a0eacff:192.168.105.129:35411, dd431f16-cfae-4491-a4a4-0527a57a3f6f:192.168.105.129:43567, 33d40478-8085-4672-98be-e623de710095:192.168.105.129:38745] returns group-106025C1C56E:java.util.concurrent.CompletableFuture@1ab9d2ba[Not completed]
2019-06-13 23:36:50,172 INFO  impl.RaftServerImpl (RaftServerImpl.java:<init>(91)) - dd431f16-cfae-4491-a4a4-0527a57a3f6f: new RaftServerImpl for group-106025C1C56E:[a2049c33-bc59-416c-abba-1c8a0a0eacff:192.168.105.129:35411, dd431f16-cfae-4491-a4a4-0527a57a3f6f:192.168.105.129:43567, 33d40478-8085-4672-98be-e623de710095:192.168.105.129:38745] with ContainerStateMachine:uninitialized
2019-06-13 23:36:50,173 INFO  server.RaftServerConfigKeys (ConfUtils.java:logGet(43)) - raft.server.rpc.timeout.min = 1s (custom)
2019-06-13 23:36:50,173 INFO  server.RaftServerConfigKeys (ConfUtils.java:logGet(43)) - raft.server.rpc.timeout.max = 1200ms (custom)
2019-06-13 23:36:50,173 INFO  server.RaftServerConfigKeys (ConfUtils.java:logGet(43)) - raft.server.rpcslowness.timeout = 10s (custom)
2019-06-13 23:36:50,173 INFO  impl.RaftServerImpl (RaftServerImpl.java:<init>(91)) - a2049c33-bc59-416c-abba-1c8a0a0eacff: new RaftServerImpl for group-106025C1C56E:[a2049c33-bc59-416c-abba-1c8a0a0eacff:192.168.105.129:35411, dd431f16-cfae-4491-a4a4-0527a57a3f6f:192.168.105.129:43567, 33d40478-8085-4672-98be-e623de710095:192.168.105.129:38745] with ContainerStateMachine:uninitialized
2019-06-13 23:36:50,173 INFO  server.RaftServerConfigKeys (ConfUtils.java:logGet(43)) - raft.server.log.appender.install.snapshot.enabled = true (default)
2019-06-13 23:36:50,174 INFO  impl.RaftServerImpl (ServerState.java:<init>(101)) - dd431f16-cfae-4491-a4a4-0527a57a3f6f:group-106025C1C56E ConfigurationManager, init=-1: [a2049c33-bc59-416c-abba-1c8a0a0eacff:192.168.105.129:35411, dd431f16-cfae-4491-a4a4-0527a57a3f6f:192.168.105.129:43567, 33d40478-8085-4672-98be-e623de710095:192.168.105.129:38745], old=null, confs=<EMPTY_MAP>
2019-06-13 23:36:50,174 INFO  impl.RaftServerProxy (RaftServerProxy.java:addNew(89)) - 33d40478-8085-4672-98be-e623de710095: addNew group-106025C1C56E:[a2049c33-bc59-416c-abba-1c8a0a0eacff:192.168.105.129:35411, dd431f16-cfae-4491-a4a4-0527a57a3f6f:192.168.105.129:43567, 33d40478-8085-4672-98be-e623de710095:192.168.105.129:38745] returns group-106025C1C56E:java.util.concurrent.CompletableFuture@7d347122[Not completed]
2019-06-13 23:36:50,174 INFO  server.RaftServerConfigKeys (ConfUtils.java:logGet(43)) - raft.server.rpc.timeout.min = 1s (custom)
2019-06-13 23:36:50,174 INFO  server.RaftServerConfigKeys (ConfUtils.java:logGet(43)) - raft.server.storage.dir = [/opt/src/hadoop-ozone/integration-test/target/test-dir/MiniOzoneClusterImpl-03a6520e-9d98-420f-951b-4dd20f213cbc/datanode-0/data/ratis] (custom)
2019-06-13 23:36:50,175 INFO  impl.RaftServerImpl (RaftServerImpl.java:<init>(91)) - 33d40478-8085-4672-98be-e623de710095: new RaftServerImpl for group-106025C1C56E:[a2049c33-bc59-416c-abba-1c8a0a0eacff:192.168.105.129:35411, dd431f16-cfae-4491-a4a4-0527a57a3f6f:192.168.105.129:43567, 33d40478-8085-4672-98be-e623de710095:192.168.105.129:38745] with ContainerStateMachine:uninitialized
2019-06-13 23:36:50,175 INFO  storage.RaftStorageDirectory (RaftStorageDirectory.java:analyzeStorage(246)) - The storage directory /opt/src/hadoop-ozone/integration-test/target/test-dir/MiniOzoneClusterImpl-03a6520e-9d98-420f-951b-4dd20f213cbc/datanode-0/data/ratis/137667c8-2853-46d8-92fc-106025c1c56e does not exist. Creating ...
2019-06-13 23:36:50,175 INFO  server.RaftServerConfigKeys (ConfUtils.java:logGet(43)) - raft.server.rpc.timeout.min = 1s (custom)
2019-06-13 23:36:50,175 INFO  server.RaftServerConfigKeys (ConfUtils.java:logGet(43)) - raft.server.rpc.timeout.max = 1200ms (custom)
2019-06-13 23:36:50,175 INFO  server.RaftServerConfigKeys (ConfUtils.java:logGet(43)) - raft.server.rpcslowness.timeout = 10s (custom)
2019-06-13 23:36:50,175 INFO  server.RaftServerConfigKeys (ConfUtils.java:logGet(43)) - raft.server.rpc.timeout.max = 1200ms (custom)
2019-06-13 23:36:50,176 INFO  server.RaftServerConfigKeys (ConfUtils.java:logGet(43)) - raft.server.rpcslowness.timeout = 10s (custom)
2019-06-13 23:36:50,176 INFO  server.RaftServerConfigKeys (ConfUtils.java:logGet(43)) - raft.server.log.appender.install.snapshot.enabled = true (default)
2019-06-13 23:36:50,176 INFO  impl.RaftServerImpl (ServerState.java:<init>(101)) - 33d40478-8085-4672-98be-e623de710095:group-106025C1C56E ConfigurationManager, init=-1: [a2049c33-bc59-416c-abba-1c8a0a0eacff:192.168.105.129:35411, dd431f16-cfae-4491-a4a4-0527a57a3f6f:192.168.105.129:43567, 33d40478-8085-4672-98be-e623de710095:192.168.105.129:38745], old=null, confs=<EMPTY_MAP>
2019-06-13 23:36:50,176 INFO  server.RaftServerConfigKeys (ConfUtils.java:logGet(43)) - raft.server.storage.dir = [/opt/src/hadoop-ozone/integration-test/target/test-dir/MiniOzoneClusterImpl-03a6520e-9d98-420f-951b-4dd20f213cbc/datanode-4/data/ratis] (custom)
2019-06-13 23:36:50,176 INFO  storage.RaftStorageDirectory (RaftStorageDirectory.java:analyzeStorage(246)) - The storage directory /opt/src/hadoop-ozone/integration-test/target/test-dir/MiniOzoneClusterImpl-03a6520e-9d98-420f-951b-4dd20f213cbc/datanode-4/data/ratis/137667c8-2853-46d8-92fc-106025c1c56e does not exist. Creating ...
2019-06-13 23:36:50,176 INFO  server.RaftServerConfigKeys (ConfUtils.java:logGet(43)) - raft.server.log.appender.install.snapshot.enabled = true (default)
2019-06-13 23:36:50,178 INFO  storage.RaftStorageDirectory (RaftStorageDirectory.java:tryLock(328)) - Lock on /opt/src/hadoop-ozone/integration-test/target/test-dir/MiniOzoneClusterImpl-03a6520e-9d98-420f-951b-4dd20f213cbc/datanode-0/data/ratis/137667c8-2853-46d8-92fc-106025c1c56e/in_use.lock acquired by nodename 10156@ozone-77j4t-2000458785
2019-06-13 23:36:50,178 INFO  impl.RaftServerImpl (ServerState.java:<init>(101)) - a2049c33-bc59-416c-abba-1c8a0a0eacff:group-106025C1C56E ConfigurationManager, init=-1: [a2049c33-bc59-416c-abba-1c8a0a0eacff:192.168.105.129:35411, dd431f16-cfae-4491-a4a4-0527a57a3f6f:192.168.105.129:43567, 33d40478-8085-4672-98be-e623de710095:192.168.105.129:38745], old=null, confs=<EMPTY_MAP>
2019-06-13 23:36:50,178 INFO  server.RaftServerConfigKeys (ConfUtils.java:logGet(43)) - raft.server.storage.dir = [/opt/src/hadoop-ozone/integration-test/target/test-dir/MiniOzoneClusterImpl-03a6520e-9d98-420f-951b-4dd20f213cbc/datanode-5/data/ratis] (custom)
2019-06-13 23:36:50,178 INFO  storage.RaftStorageDirectory (RaftStorageDirectory.java:analyzeStorage(246)) - The storage directory /opt/src/hadoop-ozone/integration-test/target/test-dir/MiniOzoneClusterImpl-03a6520e-9d98-420f-951b-4dd20f213cbc/datanode-5/data/ratis/137667c8-2853-46d8-92fc-106025c1c56e does not exist. Creating ...
2019-06-13 23:36:50,179 INFO  storage.RaftStorageDirectory (RaftStorageDirectory.java:tryLock(328)) - Lock on /opt/src/hadoop-ozone/integration-test/target/test-dir/MiniOzoneClusterImpl-03a6520e-9d98-420f-951b-4dd20f213cbc/datanode-4/data/ratis/137667c8-2853-46d8-92fc-106025c1c56e/in_use.lock acquired by nodename 10156@ozone-77j4t-2000458785
2019-06-13 23:36:50,181 INFO  storage.RaftStorage (RaftStorage.java:format(75)) - Storage directory /opt/src/hadoop-ozone/integration-test/target/test-dir/MiniOzoneClusterImpl-03a6520e-9d98-420f-951b-4dd20f213cbc/datanode-0/data/ratis/137667c8-2853-46d8-92fc-106025c1c56e has been successfully formatted.
2019-06-13 23:36:50,181 INFO  ratis.ContainerStateMachine (ContainerStateMachine.java:loadSnapshot(199)) - The snapshot info is null.Setting the last applied index to:(t:0, i:~)
2019-06-13 23:36:50,181 INFO  server.RaftServerConfigKeys (ConfUtils.java:logGet(43)) - raft.server.leader.election.timeout = 10s (custom)
2019-06-13 23:36:50,181 INFO  server.RaftServerConfigKeys (ConfUtils.java:logGet(43)) - raft.server.log.use.memory = false (default)
2019-06-13 23:36:50,181 INFO  server.RaftServerConfigKeys (ConfUtils.java:logGet(43)) - raft.server.log.appender.buffer.byte-limit = 33554432 (custom)
2019-06-13 23:36:50,181 INFO  server.RaftServerConfigKeys (ConfUtils.java:logGet(43)) - raft.server.log.segment.size.max = 16384 (custom)
2019-06-13 23:36:50,181 INFO  server.RaftServerConfigKeys (ConfUtils.java:logGet(43)) - raft.server.log.segment.cache.num.max = 2 (custom)
2019-06-13 23:36:50,182 INFO  storage.RaftLogWorker (RaftLogWorker.java:<init>(123)) - new dd431f16-cfae-4491-a4a4-0527a57a3f6f-RaftLogWorker for Storage Directory /opt/src/hadoop-ozone/integration-test/target/test-dir/MiniOzoneClusterImpl-03a6520e-9d98-420f-951b-4dd20f213cbc/datanode-0/data/ratis/137667c8-2853-46d8-92fc-106025c1c56e
2019-06-13 23:36:50,182 INFO  server.RaftServerConfigKeys (ConfUtils.java:logGet(43)) - raft.server.log.queue.byte-limit = 2147483647 (custom)
2019-06-13 23:36:50,182 INFO  server.RaftServerConfigKeys (ConfUtils.java:logGet(43)) - raft.server.log.queue.element-limit = 1024 (custom)
2019-06-13 23:36:50,182 INFO  server.RaftServerConfigKeys (ConfUtils.java:logGet(43)) - raft.server.log.segment.size.max = 16384 (custom)
2019-06-13 23:36:50,182 INFO  server.RaftServerConfigKeys (ConfUtils.java:logGet(43)) - raft.server.log.preallocated.size = 16384 (custom)
2019-06-13 23:36:50,182 INFO  server.RaftServerConfigKeys (ConfUtils.java:logGet(43)) - raft.server.log.write.buffer.size = 33554432 (custom)
2019-06-13 23:36:50,182 INFO  server.RaftServerConfigKeys (ConfUtils.java:logGet(43)) - raft.server.log.force.sync.num = 128 (default)
2019-06-13 23:36:50,182 INFO  server.RaftServerConfigKeys (ConfUtils.java:logGet(43)) - raft.server.log.statemachine.data.sync = true (default)
2019-06-13 23:36:50,182 INFO  server.RaftServerConfigKeys (ConfUtils.java:logGet(43)) - raft.server.log.statemachine.data.sync.timeout = 10s (default)
2019-06-13 23:36:50,182 INFO  server.RaftServerConfigKeys (ConfUtils.java:logGet(43)) - raft.server.log.statemachine.data.sync.timeout.retry = -1 (default)
2019-06-13 23:36:50,182 INFO  server.RaftServerConfigKeys (ConfUtils.java:logGet(43)) - raft.server.log.statemachine.data.caching.enabled = true (custom)
2019-06-13 23:36:50,183 INFO  storage.RaftStorageDirectory (RaftStorageDirectory.java:tryLock(328)) - Lock on /opt/src/hadoop-ozone/integration-test/target/test-dir/MiniOzoneClusterImpl-03a6520e-9d98-420f-951b-4dd20f213cbc/datanode-5/data/ratis/137667c8-2853-46d8-92fc-106025c1c56e/in_use.lock acquired by nodename 10156@ozone-77j4t-2000458785
2019-06-13 23:36:50,183 INFO  server.RaftServerConfigKeys (ConfUtils.java:logGet(43)) - raft.server.snapshot.auto.trigger.enabled = true (custom)
2019-06-13 23:36:50,183 INFO  server.RaftServerConfigKeys (ConfUtils.java:logGet(43)) - raft.server.snapshot.auto.trigger.threshold = 10000 (custom)
2019-06-13 23:36:50,183 INFO  server.RaftServerConfigKeys (ConfUtils.java:logGet(43)) - raft.server.retrycache.expirytime = 600000ms (custom)
2019-06-13 23:36:50,183 INFO  impl.RaftServerImpl (RaftServerImpl.java:start(173)) - dd431f16-cfae-4491-a4a4-0527a57a3f6f: start group-106025C1C56E
2019-06-13 23:36:50,183 INFO  impl.RaftServerImpl (RaftServerImpl.java:setRole(164)) - dd431f16-cfae-4491-a4a4-0527a57a3f6f:group-106025C1C56E changes role from null to FOLLOWER at term 0 for startAsFollower
2019-06-13 23:36:50,183 INFO  impl.RoleInfo (RoleInfo.java:updateAndGet(143)) - dd431f16-cfae-4491-a4a4-0527a57a3f6f: start FollowerState
2019-06-13 23:36:50,184 INFO  storage.RaftStorage (RaftStorage.java:format(75)) - Storage directory /opt/src/hadoop-ozone/integration-test/target/test-dir/MiniOzoneClusterImpl-03a6520e-9d98-420f-951b-4dd20f213cbc/datanode-4/data/ratis/137667c8-2853-46d8-92fc-106025c1c56e has been successfully formatted.
2019-06-13 23:36:50,185 INFO  ratis.ContainerStateMachine (ContainerStateMachine.java:loadSnapshot(199)) - The snapshot info is null.Setting the last applied index to:(t:0, i:~)
2019-06-13 23:36:50,185 INFO  server.RaftServerConfigKeys (ConfUtils.java:logGet(43)) - raft.server.leader.election.timeout = 10s (custom)
2019-06-13 23:36:50,185 INFO  server.RaftServerConfigKeys (ConfUtils.java:logGet(43)) - raft.server.log.use.memory = false (default)
2019-06-13 23:36:50,185 INFO  server.RaftServerConfigKeys (ConfUtils.java:logGet(43)) - raft.server.log.appender.buffer.byte-limit = 33554432 (custom)
2019-06-13 23:36:50,185 INFO  server.RaftServerConfigKeys (ConfUtils.java:logGet(43)) - raft.server.log.segment.size.max = 16384 (custom)
2019-06-13 23:36:50,185 INFO  storage.RaftStorage (RaftStorage.java:format(75)) - Storage directory /opt/src/hadoop-ozone/integration-test/target/test-dir/MiniOzoneClusterImpl-03a6520e-9d98-420f-951b-4dd20f213cbc/datanode-5/data/ratis/137667c8-2853-46d8-92fc-106025c1c56e has been successfully formatted.
2019-06-13 23:36:50,186 INFO  server.RaftServerConfigKeys (ConfUtils.java:logGet(43)) - raft.server.log.segment.cache.num.max = 2 (custom)
2019-06-13 23:36:50,186 INFO  ratis.ContainerStateMachine (ContainerStateMachine.java:loadSnapshot(199)) - The snapshot info is null.Setting the last applied index to:(t:0, i:~)
2019-06-13 23:36:50,186 INFO  storage.RaftLogWorker (RaftLogWorker.java:<init>(123)) - new 33d40478-8085-4672-98be-e623de710095-RaftLogWorker for Storage Directory /opt/src/hadoop-ozone/integration-test/target/test-dir/MiniOzoneClusterImpl-03a6520e-9d98-420f-951b-4dd20f213cbc/datanode-4/data/ratis/137667c8-2853-46d8-92fc-106025c1c56e
2019-06-13 23:36:50,186 INFO  server.RaftServerConfigKeys (ConfUtils.java:logGet(43)) - raft.server.leader.election.timeout = 10s (custom)
2019-06-13 23:36:50,186 INFO  server.RaftServerConfigKeys (ConfUtils.java:logGet(43)) - raft.server.log.queue.byte-limit = 2147483647 (custom)
2019-06-13 23:36:50,186 INFO  server.RaftServerConfigKeys (ConfUtils.java:logGet(43)) - raft.server.log.use.memory = false (default)
2019-06-13 23:36:50,186 INFO  server.RaftServerConfigKeys (ConfUtils.java:logGet(43)) - raft.server.log.queue.element-limit = 1024 (custom)
2019-06-13 23:36:50,186 INFO  server.RaftServerConfigKeys (ConfUtils.java:logGet(43)) - raft.server.log.appender.buffer.byte-limit = 33554432 (custom)
2019-06-13 23:36:50,186 INFO  server.RaftServerConfigKeys (ConfUtils.java:logGet(43)) - raft.server.log.segment.size.max = 16384 (custom)
2019-06-13 23:36:50,186 INFO  server.RaftServerConfigKeys (ConfUtils.java:logGet(43)) - raft.server.log.segment.size.max = 16384 (custom)
2019-06-13 23:36:50,187 INFO  server.RaftServerConfigKeys (ConfUtils.java:logGet(43)) - raft.server.log.segment.cache.num.max = 2 (custom)
2019-06-13 23:36:50,187 INFO  storage.RaftLogWorker (RaftLogWorker.java:<init>(123)) - new a2049c33-bc59-416c-abba-1c8a0a0eacff-RaftLogWorker for Storage Directory /opt/src/hadoop-ozone/integration-test/target/test-dir/MiniOzoneClusterImpl-03a6520e-9d98-420f-951b-4dd20f213cbc/datanode-5/data/ratis/137667c8-2853-46d8-92fc-106025c1c56e
2019-06-13 23:36:50,187 INFO  server.RaftServerConfigKeys (ConfUtils.java:logGet(43)) - raft.server.log.preallocated.size = 16384 (custom)
2019-06-13 23:36:50,187 INFO  server.RaftServerConfigKeys (ConfUtils.java:logGet(43)) - raft.server.log.queue.byte-limit = 2147483647 (custom)
2019-06-13 23:36:50,187 INFO  server.RaftServerConfigKeys (ConfUtils.java:logGet(43)) - raft.server.log.write.buffer.size = 33554432 (custom)
2019-06-13 23:36:50,187 INFO  server.RaftServerConfigKeys (ConfUtils.java:logGet(43)) - raft.server.log.queue.element-limit = 1024 (custom)
2019-06-13 23:36:50,187 INFO  server.RaftServerConfigKeys (ConfUtils.java:logGet(43)) - raft.server.log.force.sync.num = 128 (default)
2019-06-13 23:36:50,187 INFO  server.RaftServerConfigKeys (ConfUtils.java:logGet(43)) - raft.server.log.segment.size.max = 16384 (custom)
2019-06-13 23:36:50,187 INFO  server.RaftServerConfigKeys (ConfUtils.java:logGet(43)) - raft.server.log.statemachine.data.sync = true (default)
2019-06-13 23:36:50,187 INFO  server.RaftServerConfigKeys (ConfUtils.java:logGet(43)) - raft.server.log.preallocated.size = 16384 (custom)
2019-06-13 23:36:50,187 INFO  server.RaftServerConfigKeys (ConfUtils.java:logGet(43)) - raft.server.log.statemachine.data.sync.timeout = 10s (default)
2019-06-13 23:36:50,188 INFO  server.RaftServerConfigKeys (ConfUtils.java:logGet(43)) - raft.server.log.write.buffer.size = 33554432 (custom)
2019-06-13 23:36:50,188 INFO  server.RaftServerConfigKeys (ConfUtils.java:logGet(43)) - raft.server.log.statemachine.data.sync.timeout.retry = -1 (default)
2019-06-13 23:36:50,188 INFO  server.RaftServerConfigKeys (ConfUtils.java:logGet(43)) - raft.server.log.force.sync.num = 128 (default)
2019-06-13 23:36:50,188 INFO  server.RaftServerConfigKeys (ConfUtils.java:logGet(43)) - raft.server.log.statemachine.data.sync = true (default)
2019-06-13 23:36:50,188 INFO  server.RaftServerConfigKeys (ConfUtils.java:logGet(43)) - raft.server.log.statemachine.data.sync.timeout = 10s (default)
2019-06-13 23:36:50,188 INFO  server.RaftServerConfigKeys (ConfUtils.java:logGet(43)) - raft.server.log.statemachine.data.sync.timeout.retry = -1 (default)
2019-06-13 23:36:50,189 INFO  server.RaftServerConfigKeys (ConfUtils.java:logGet(43)) - raft.server.log.statemachine.data.caching.enabled = true (custom)
2019-06-13 23:36:50,189 INFO  server.RaftServerConfigKeys (ConfUtils.java:logGet(43)) - raft.server.log.statemachine.data.caching.enabled = true (custom)
2019-06-13 23:36:50,190 INFO  util.JmxRegister (JmxRegister.java:tryRegister(44)) - Successfully registered JMX Bean with object name Ratis:service=RaftServer,group=group-106025C1C56E,id=dd431f16-cfae-4491-a4a4-0527a57a3f6f
2019-06-13 23:36:50,193 INFO  server.RaftServerConfigKeys (ConfUtils.java:logGet(43)) - raft.server.snapshot.auto.trigger.enabled = true (custom)
2019-06-13 23:36:50,194 INFO  server.RaftServerConfigKeys (ConfUtils.java:logGet(43)) - raft.server.snapshot.auto.trigger.threshold = 10000 (custom)
2019-06-13 23:36:50,197 INFO  server.RaftServerConfigKeys (ConfUtils.java:logGet(43)) - raft.server.snapshot.auto.trigger.enabled = true (custom)
2019-06-13 23:36:50,197 INFO  server.RaftServerConfigKeys (ConfUtils.java:logGet(43)) - raft.server.retrycache.expirytime = 600000ms (custom)
2019-06-13 23:36:50,198 INFO  impl.RaftServerImpl (RaftServerImpl.java:start(173)) - 33d40478-8085-4672-98be-e623de710095: start group-106025C1C56E
2019-06-13 23:36:50,198 INFO  impl.RaftServerImpl (RaftServerImpl.java:setRole(164)) - 33d40478-8085-4672-98be-e623de710095:group-106025C1C56E changes role from null to FOLLOWER at term 0 for startAsFollower
2019-06-13 23:36:50,198 INFO  impl.RoleInfo (RoleInfo.java:updateAndGet(143)) - 33d40478-8085-4672-98be-e623de710095: start FollowerState
2019-06-13 23:36:50,197 INFO  server.RaftServerConfigKeys (ConfUtils.java:logGet(43)) - raft.server.snapshot.auto.trigger.threshold = 10000 (custom)
2019-06-13 23:36:50,203 INFO  server.RaftServerConfigKeys (ConfUtils.java:logGet(43)) - raft.server.retrycache.expirytime = 600000ms (custom)
2019-06-13 23:36:50,203 INFO  impl.RaftServerImpl (RaftServerImpl.java:start(173)) - a2049c33-bc59-416c-abba-1c8a0a0eacff: start group-106025C1C56E
2019-06-13 23:36:50,203 INFO  impl.RaftServerImpl (RaftServerImpl.java:setRole(164)) - a2049c33-bc59-416c-abba-1c8a0a0eacff:group-106025C1C56E changes role from null to FOLLOWER at term 0 for startAsFollower
2019-06-13 23:36:50,203 INFO  impl.RoleInfo (RoleInfo.java:updateAndGet(143)) - a2049c33-bc59-416c-abba-1c8a0a0eacff: start FollowerState
2019-06-13 23:36:50,204 INFO  util.JmxRegister (JmxRegister.java:tryRegister(44)) - Successfully registered JMX Bean with object name Ratis:service=RaftServer,group=group-106025C1C56E,id=a2049c33-bc59-416c-abba-1c8a0a0eacff
2019-06-13 23:36:50,204 INFO  util.JmxRegister (JmxRegister.java:tryRegister(44)) - Successfully registered JMX Bean with object name Ratis:service=RaftServer,group=group-106025C1C56E,id=33d40478-8085-4672-98be-e623de710095
2019-06-13 23:36:50,217 INFO  pipeline.PipelineStateManager (PipelineStateManager.java:addPipeline(56)) - Created pipeline Pipeline[ Id: 137667c8-2853-46d8-92fc-106025c1c56e, Nodes: 33d40478-8085-4672-98be-e623de710095{ip: 192.168.105.129, host: ozone-77j4t-2000458785, networkLocation: /default-rack, certSerialId: null}a2049c33-bc59-416c-abba-1c8a0a0eacff{ip: 192.168.105.129, host: ozone-77j4t-2000458785, networkLocation: /default-rack, certSerialId: null}dd431f16-cfae-4491-a4a4-0527a57a3f6f{ip: 192.168.105.129, host: ozone-77j4t-2000458785, networkLocation: /default-rack, certSerialId: null}, Type:RATIS, Factor:THREE, State:OPEN]
2019-06-13 23:36:50,657 INFO  impl.FollowerState (FollowerState.java:run(101)) - dd431f16-cfae-4491-a4a4-0527a57a3f6f:group-77912DCC0370 changes to CANDIDATE, lastRpcTime:1049, electionTimeout:1049ms
2019-06-13 23:36:50,657 INFO  impl.RoleInfo (RoleInfo.java:shutdownFollowerState(121)) - dd431f16-cfae-4491-a4a4-0527a57a3f6f: shutdown FollowerState
2019-06-13 23:36:50,657 INFO  impl.RaftServerImpl (RaftServerImpl.java:setRole(164)) - dd431f16-cfae-4491-a4a4-0527a57a3f6f:group-77912DCC0370 changes role from FOLLOWER to CANDIDATE at term 0 for changeToCandidate
2019-06-13 23:36:50,659 INFO  impl.RoleInfo (RoleInfo.java:updateAndGet(143)) - dd431f16-cfae-4491-a4a4-0527a57a3f6f: start LeaderElection
2019-06-13 23:36:50,666 INFO  impl.LeaderElection (LeaderElection.java:askForVotes(181)) - dd431f16-cfae-4491-a4a4-0527a57a3f6f:group-77912DCC0370:LeaderElection1: begin an election at term 1 for -1: [dd431f16-cfae-4491-a4a4-0527a57a3f6f:192.168.105.129:43567], old=null
2019-06-13 23:36:50,667 INFO  impl.RoleInfo (RoleInfo.java:shutdownLeaderElection(134)) - dd431f16-cfae-4491-a4a4-0527a57a3f6f: shutdown LeaderElection
2019-06-13 23:36:50,668 INFO  impl.RaftServerImpl (RaftServerImpl.java:setRole(164)) - dd431f16-cfae-4491-a4a4-0527a57a3f6f:group-77912DCC0370 changes role from CANDIDATE to LEADER at term 1 for changeToLeader
2019-06-13 23:36:50,668 INFO  impl.RaftServerImpl (ServerState.java:setLeader(263)) - dd431f16-cfae-4491-a4a4-0527a57a3f6f:group-77912DCC0370 change Leader from null to dd431f16-cfae-4491-a4a4-0527a57a3f6f at term 1 for becomeLeader, leader elected after 1227ms
2019-06-13 23:36:50,672 INFO  server.RaftServerConfigKeys (ConfUtils.java:logGet(43)) - raft.server.staging.catchup.gap = 1000 (default)
2019-06-13 23:36:50,672 INFO  server.RaftServerConfigKeys (ConfUtils.java:logGet(43)) - raft.server.rpc.sleep.time = 25ms (default)
2019-06-13 23:36:50,674 INFO  server.RaftServerConfigKeys (ConfUtils.java:logGet(43)) - raft.server.watch.timeout = 10s (default)
2019-06-13 23:36:50,674 INFO  server.RaftServerConfigKeys (ConfUtils.java:logGet(43)) - raft.server.watch.timeout.denomination = 1s (default)
2019-06-13 23:36:50,680 INFO  impl.RoleInfo (RoleInfo.java:updateAndGet(143)) - dd431f16-cfae-4491-a4a4-0527a57a3f6f: start LeaderState
2019-06-13 23:36:50,693 INFO  storage.RaftLogWorker (RaftLogWorker.java:startLogSegment(298)) - dd431f16-cfae-4491-a4a4-0527a57a3f6f-RaftLogWorker: Starting segment from index:0
2019-06-13 23:36:50,700 INFO  impl.RaftServerImpl (ServerState.java:setRaftConf(361)) - dd431f16-cfae-4491-a4a4-0527a57a3f6f:group-77912DCC0370 set configuration 0: [dd431f16-cfae-4491-a4a4-0527a57a3f6f:192.168.105.129:43567], old=null at 0
2019-06-13 23:36:50,708 INFO  impl.FollowerState (FollowerState.java:run(101)) - de3631c0-a359-4585-bc4f-3d564dacfc0f:group-2D3F6C5E2602 changes to CANDIDATE, lastRpcTime:1026, electionTimeout:1025ms
2019-06-13 23:36:50,709 INFO  impl.RoleInfo (RoleInfo.java:shutdownFollowerState(121)) - de3631c0-a359-4585-bc4f-3d564dacfc0f: shutdown FollowerState
2019-06-13 23:36:50,709 INFO  impl.RaftServerImpl (RaftServerImpl.java:setRole(164)) - de3631c0-a359-4585-bc4f-3d564dacfc0f:group-2D3F6C5E2602 changes role from FOLLOWER to CANDIDATE at term 0 for changeToCandidate
2019-06-13 23:36:50,709 INFO  impl.RoleInfo (RoleInfo.java:updateAndGet(143)) - de3631c0-a359-4585-bc4f-3d564dacfc0f: start LeaderElection
2019-06-13 23:36:50,714 INFO  impl.LeaderElection (LeaderElection.java:askForVotes(181)) - de3631c0-a359-4585-bc4f-3d564dacfc0f:group-2D3F6C5E2602:LeaderElection2: begin an election at term 1 for -1: [de3631c0-a359-4585-bc4f-3d564dacfc0f:192.168.105.129:35901], old=null
2019-06-13 23:36:50,714 INFO  impl.RoleInfo (RoleInfo.java:shutdownLeaderElection(134)) - de3631c0-a359-4585-bc4f-3d564dacfc0f: shutdown LeaderElection
2019-06-13 23:36:50,714 INFO  impl.RaftServerImpl (RaftServerImpl.java:setRole(164)) - de3631c0-a359-4585-bc4f-3d564dacfc0f:group-2D3F6C5E2602 changes role from CANDIDATE to LEADER at term 1 for changeToLeader
2019-06-13 23:36:50,714 INFO  impl.RaftServerImpl (ServerState.java:setLeader(263)) - de3631c0-a359-4585-bc4f-3d564dacfc0f:group-2D3F6C5E2602 change Leader from null to de3631c0-a359-4585-bc4f-3d564dacfc0f at term 1 for becomeLeader, leader elected after 1036ms
2019-06-13 23:36:50,715 INFO  server.RaftServerConfigKeys (ConfUtils.java:logGet(43)) - raft.server.staging.catchup.gap = 1000 (default)
2019-06-13 23:36:50,715 INFO  server.RaftServerConfigKeys (ConfUtils.java:logGet(43)) - raft.server.rpc.sleep.time = 25ms (default)
2019-06-13 23:36:50,715 INFO  server.RaftServerConfigKeys (ConfUtils.java:logGet(43)) - raft.server.watch.timeout = 10s (default)
2019-06-13 23:36:50,715 INFO  server.RaftServerConfigKeys (ConfUtils.java:logGet(43)) - raft.server.watch.timeout.denomination = 1s (default)
2019-06-13 23:36:50,715 INFO  impl.RoleInfo (RoleInfo.java:updateAndGet(143)) - de3631c0-a359-4585-bc4f-3d564dacfc0f: start LeaderState
2019-06-13 23:36:50,715 INFO  storage.RaftLogWorker (RaftLogWorker.java:startLogSegment(298)) - de3631c0-a359-4585-bc4f-3d564dacfc0f-RaftLogWorker: Starting segment from index:0
2019-06-13 23:36:50,716 INFO  impl.RaftServerImpl (ServerState.java:setRaftConf(361)) - de3631c0-a359-4585-bc4f-3d564dacfc0f:group-2D3F6C5E2602 set configuration 0: [de3631c0-a359-4585-bc4f-3d564dacfc0f:192.168.105.129:35901], old=null at 0
2019-06-13 23:36:50,833 INFO  storage.RaftLogWorker (RaftLogWorker.java:execute(469)) - dd431f16-cfae-4491-a4a4-0527a57a3f6f-RaftLogWorker: created new log segment /opt/src/hadoop-ozone/integration-test/target/test-dir/MiniOzoneClusterImpl-03a6520e-9d98-420f-951b-4dd20f213cbc/datanode-0/data/ratis/f55f48e9-6a50-4988-a73f-77912dcc0370/current/log_inprogress_0
2019-06-13 23:36:50,833 INFO  storage.RaftLogWorker (RaftLogWorker.java:execute(469)) - de3631c0-a359-4585-bc4f-3d564dacfc0f-RaftLogWorker: created new log segment /opt/src/hadoop-ozone/integration-test/target/test-dir/MiniOzoneClusterImpl-03a6520e-9d98-420f-951b-4dd20f213cbc/datanode-2/data/ratis/528190b5-d487-494b-b007-2d3f6c5e2602/current/log_inprogress_0
2019-06-13 23:36:50,834 INFO  impl.FollowerState (FollowerState.java:run(101)) - 015d2d6b-df68-429f-b95c-71947a2d4036:group-EB96FBC1920D changes to CANDIDATE, lastRpcTime:1087, electionTimeout:1087ms
2019-06-13 23:36:50,834 INFO  impl.RoleInfo (RoleInfo.java:shutdownFollowerState(121)) - 015d2d6b-df68-429f-b95c-71947a2d4036: shutdown FollowerState
2019-06-13 23:36:50,834 INFO  impl.RaftServerImpl (RaftServerImpl.java:setRole(164)) - 015d2d6b-df68-429f-b95c-71947a2d4036:group-EB96FBC1920D changes role from FOLLOWER to CANDIDATE at term 0 for changeToCandidate
2019-06-13 23:36:50,834 INFO  impl.RoleInfo (RoleInfo.java:updateAndGet(143)) - 015d2d6b-df68-429f-b95c-71947a2d4036: start LeaderElection
2019-06-13 23:36:50,841 INFO  impl.LeaderElection (LeaderElection.java:askForVotes(181)) - 015d2d6b-df68-429f-b95c-71947a2d4036:group-EB96FBC1920D:LeaderElection3: begin an election at term 1 for -1: [015d2d6b-df68-429f-b95c-71947a2d4036:192.168.105.129:44375], old=null
2019-06-13 23:36:50,842 INFO  impl.RoleInfo (RoleInfo.java:shutdownLeaderElection(134)) - 015d2d6b-df68-429f-b95c-71947a2d4036: shutdown LeaderElection
2019-06-13 23:36:50,842 INFO  impl.RaftServerImpl (RaftServerImpl.java:setRole(164)) - 015d2d6b-df68-429f-b95c-71947a2d4036:group-EB96FBC1920D changes role from CANDIDATE to LEADER at term 1 for changeToLeader
2019-06-13 23:36:50,842 INFO  impl.RaftServerImpl (ServerState.java:setLeader(263)) - 015d2d6b-df68-429f-b95c-71947a2d4036:group-EB96FBC1920D change Leader from null to 015d2d6b-df68-429f-b95c-71947a2d4036 at term 1 for becomeLeader, leader elected after 1097ms
2019-06-13 23:36:50,844 INFO  server.RaftServerConfigKeys (ConfUtils.java:logGet(43)) - raft.server.staging.catchup.gap = 1000 (default)
2019-06-13 23:36:50,844 INFO  server.RaftServerConfigKeys (ConfUtils.java:logGet(43)) - raft.server.rpc.sleep.time = 25ms (default)
2019-06-13 23:36:50,844 INFO  server.RaftServerConfigKeys (ConfUtils.java:logGet(43)) - raft.server.watch.timeout = 10s (default)
2019-06-13 23:36:50,844 INFO  server.RaftServerConfigKeys (ConfUtils.java:logGet(43)) - raft.server.watch.timeout.denomination = 1s (default)
2019-06-13 23:36:50,844 INFO  impl.RoleInfo (RoleInfo.java:updateAndGet(143)) - 015d2d6b-df68-429f-b95c-71947a2d4036: start LeaderState
2019-06-13 23:36:50,844 INFO  storage.RaftLogWorker (RaftLogWorker.java:startLogSegment(298)) - 015d2d6b-df68-429f-b95c-71947a2d4036-RaftLogWorker: Starting segment from index:0
2019-06-13 23:36:50,845 INFO  impl.RaftServerImpl (ServerState.java:setRaftConf(361)) - 015d2d6b-df68-429f-b95c-71947a2d4036:group-EB96FBC1920D set configuration 0: [015d2d6b-df68-429f-b95c-71947a2d4036:192.168.105.129:44375], old=null at 0
2019-06-13 23:36:50,881 INFO  impl.FollowerState (FollowerState.java:run(101)) - 015d2d6b-df68-429f-b95c-71947a2d4036:group-4A4AFABFEB45 changes to CANDIDATE, lastRpcTime:1040, electionTimeout:1039ms
2019-06-13 23:36:50,881 INFO  impl.RoleInfo (RoleInfo.java:shutdownFollowerState(121)) - 015d2d6b-df68-429f-b95c-71947a2d4036: shutdown FollowerState
2019-06-13 23:36:50,881 INFO  impl.RaftServerImpl (RaftServerImpl.java:setRole(164)) - 015d2d6b-df68-429f-b95c-71947a2d4036:group-4A4AFABFEB45 changes role from FOLLOWER to CANDIDATE at term 0 for changeToCandidate
2019-06-13 23:36:50,882 INFO  impl.RoleInfo (RoleInfo.java:updateAndGet(143)) - 015d2d6b-df68-429f-b95c-71947a2d4036: start LeaderElection
2019-06-13 23:36:50,887 INFO  storage.RaftLogWorker (RaftLogWorker.java:execute(469)) - 015d2d6b-df68-429f-b95c-71947a2d4036-RaftLogWorker: created new log segment /opt/src/hadoop-ozone/integration-test/target/test-dir/MiniOzoneClusterImpl-03a6520e-9d98-420f-951b-4dd20f213cbc/datanode-1/data/ratis/1ca6d9ca-8dd4-45d4-a98a-eb96fbc1920d/current/log_inprogress_0
2019-06-13 23:36:50,892 INFO  impl.LeaderElection (LeaderElection.java:askForVotes(181)) - 015d2d6b-df68-429f-b95c-71947a2d4036:group-4A4AFABFEB45:LeaderElection4: begin an election at term 1 for -1: [de3631c0-a359-4585-bc4f-3d564dacfc0f:192.168.105.129:35901, 1709bd8c-55af-4fa8-94fa-5285bdfbc37d:192.168.105.129:38787, 015d2d6b-df68-429f-b95c-71947a2d4036:192.168.105.129:44375], old=null
2019-06-13 23:36:50,895 INFO  impl.FollowerState (FollowerState.java:run(101)) - de3631c0-a359-4585-bc4f-3d564dacfc0f:group-4A4AFABFEB45 changes to CANDIDATE, lastRpcTime:1056, electionTimeout:1055ms
2019-06-13 23:36:50,896 INFO  impl.RoleInfo (RoleInfo.java:shutdownFollowerState(121)) - de3631c0-a359-4585-bc4f-3d564dacfc0f: shutdown FollowerState
2019-06-13 23:36:50,896 INFO  impl.RaftServerImpl (RaftServerImpl.java:setRole(164)) - de3631c0-a359-4585-bc4f-3d564dacfc0f:group-4A4AFABFEB45 changes role from FOLLOWER to CANDIDATE at term 0 for changeToCandidate
2019-06-13 23:36:50,896 INFO  impl.RoleInfo (RoleInfo.java:updateAndGet(143)) - de3631c0-a359-4585-bc4f-3d564dacfc0f: start LeaderElection
2019-06-13 23:36:50,901 INFO  impl.FollowerState (FollowerState.java:run(101)) - 1709bd8c-55af-4fa8-94fa-5285bdfbc37d:group-1177F1425B0B changes to CANDIDATE, lastRpcTime:1117, electionTimeout:1117ms
2019-06-13 23:36:50,901 INFO  impl.RoleInfo (RoleInfo.java:shutdownFollowerState(121)) - 1709bd8c-55af-4fa8-94fa-5285bdfbc37d: shutdown FollowerState
2019-06-13 23:36:50,901 INFO  impl.RaftServerImpl (RaftServerImpl.java:setRole(164)) - 1709bd8c-55af-4fa8-94fa-5285bdfbc37d:group-1177F1425B0B changes role from FOLLOWER to CANDIDATE at term 0 for changeToCandidate
2019-06-13 23:36:50,906 INFO  impl.RoleInfo (RoleInfo.java:updateAndGet(143)) - 1709bd8c-55af-4fa8-94fa-5285bdfbc37d: start LeaderElection
2019-06-13 23:36:50,916 INFO  impl.LeaderElection (LeaderElection.java:askForVotes(181)) - de3631c0-a359-4585-bc4f-3d564dacfc0f:group-4A4AFABFEB45:LeaderElection5: begin an election at term 1 for -1: [de3631c0-a359-4585-bc4f-3d564dacfc0f:192.168.105.129:35901, 1709bd8c-55af-4fa8-94fa-5285bdfbc37d:192.168.105.129:38787, 015d2d6b-df68-429f-b95c-71947a2d4036:192.168.105.129:44375], old=null
2019-06-13 23:36:50,948 INFO  impl.RaftServerImpl (RaftServerImpl.java:setRole(164)) - 1709bd8c-55af-4fa8-94fa-5285bdfbc37d:group-4A4AFABFEB45 changes role from FOLLOWER to FOLLOWER at term 1 for recognizeCandidate:015d2d6b-df68-429f-b95c-71947a2d4036
2019-06-13 23:36:50,948 INFO  impl.RoleInfo (RoleInfo.java:shutdownFollowerState(121)) - 1709bd8c-55af-4fa8-94fa-5285bdfbc37d: shutdown FollowerState
2019-06-13 23:36:50,948 INFO  impl.RoleInfo (RoleInfo.java:updateAndGet(143)) - 1709bd8c-55af-4fa8-94fa-5285bdfbc37d: start FollowerState
2019-06-13 23:36:50,948 INFO  impl.FollowerState (FollowerState.java:run(109)) - 1709bd8c-55af-4fa8-94fa-5285bdfbc37d: FollowerState was interrupted: java.lang.InterruptedException: sleep interrupted
2019-06-13 23:36:50,954 INFO  impl.LeaderElection (LeaderElection.java:askForVotes(181)) - 1709bd8c-55af-4fa8-94fa-5285bdfbc37d:group-1177F1425B0B:LeaderElection6: begin an election at term 1 for -1: [1709bd8c-55af-4fa8-94fa-5285bdfbc37d:192.168.105.129:38787], old=null
2019-06-13 23:36:50,954 INFO  impl.RoleInfo (RoleInfo.java:shutdownLeaderElection(134)) - 1709bd8c-55af-4fa8-94fa-5285bdfbc37d: shutdown LeaderElection
2019-06-13 23:36:50,954 INFO  impl.RaftServerImpl (RaftServerImpl.java:setRole(164)) - 1709bd8c-55af-4fa8-94fa-5285bdfbc37d:group-1177F1425B0B changes role from CANDIDATE to LEADER at term 1 for changeToLeader
2019-06-13 23:36:50,954 INFO  impl.RaftServerImpl (ServerState.java:setLeader(263)) - 1709bd8c-55af-4fa8-94fa-5285bdfbc37d:group-1177F1425B0B change Leader from null to 1709bd8c-55af-4fa8-94fa-5285bdfbc37d at term 1 for becomeLeader, leader elected after 1173ms
2019-06-13 23:36:50,959 INFO  server.RaftServerConfigKeys (ConfUtils.java:logGet(43)) - raft.server.staging.catchup.gap = 1000 (default)
2019-06-13 23:36:50,960 INFO  server.RaftServerConfigKeys (ConfUtils.java:logGet(43)) - raft.server.rpc.sleep.time = 25ms (default)
2019-06-13 23:36:50,960 INFO  server.RaftServerConfigKeys (ConfUtils.java:logGet(43)) - raft.server.watch.timeout = 10s (default)
2019-06-13 23:36:50,960 INFO  server.RaftServerConfigKeys (ConfUtils.java:logGet(43)) - raft.server.watch.timeout.denomination = 1s (default)
2019-06-13 23:36:50,961 INFO  impl.RoleInfo (RoleInfo.java:updateAndGet(143)) - 1709bd8c-55af-4fa8-94fa-5285bdfbc37d: start LeaderState
2019-06-13 23:36:50,961 INFO  storage.RaftLogWorker (RaftLogWorker.java:startLogSegment(298)) - 1709bd8c-55af-4fa8-94fa-5285bdfbc37d-RaftLogWorker: Starting segment from index:0
2019-06-13 23:36:50,964 INFO  impl.RaftServerImpl (ServerState.java:setRaftConf(361)) - 1709bd8c-55af-4fa8-94fa-5285bdfbc37d:group-1177F1425B0B set configuration 0: [1709bd8c-55af-4fa8-94fa-5285bdfbc37d:192.168.105.129:38787], old=null at 0
2019-06-13 23:36:51,001 INFO  storage.RaftLogWorker (RaftLogWorker.java:execute(469)) - 1709bd8c-55af-4fa8-94fa-5285bdfbc37d-RaftLogWorker: created new log segment /opt/src/hadoop-ozone/integration-test/target/test-dir/MiniOzoneClusterImpl-03a6520e-9d98-420f-951b-4dd20f213cbc/datanode-3/data/ratis/c921336c-3388-4809-ac99-1177f1425b0b/current/log_inprogress_0
2019-06-13 23:36:51,003 INFO  impl.LeaderElection (LeaderElection.java:logAndReturn(56)) - 015d2d6b-df68-429f-b95c-71947a2d4036:group-4A4AFABFEB45:LeaderElection4: Election PASSED; received 2 response(s) [015d2d6b-df68-429f-b95c-71947a2d4036->de3631c0-a359-4585-bc4f-3d564dacfc0f,false-t1, 015d2d6b-df68-429f-b95c-71947a2d4036->1709bd8c-55af-4fa8-94fa-5285bdfbc37d,true-t1] and 0 exception(s); 015d2d6b-df68-429f-b95c-71947a2d4036:t1, leader=null, voted=015d2d6b-df68-429f-b95c-71947a2d4036, raftlog=015d2d6b-df68-429f-b95c-71947a2d4036-SegmentedRaftLog:OPENED:c-1,f-1,i0, conf=-1: [de3631c0-a359-4585-bc4f-3d564dacfc0f:192.168.105.129:35901, 1709bd8c-55af-4fa8-94fa-5285bdfbc37d:192.168.105.129:38787, 015d2d6b-df68-429f-b95c-71947a2d4036:192.168.105.129:44375], old=null
2019-06-13 23:36:51,003 INFO  impl.RoleInfo (RoleInfo.java:shutdownLeaderElection(134)) - 015d2d6b-df68-429f-b95c-71947a2d4036: shutdown LeaderElection
2019-06-13 23:36:51,003 INFO  impl.RaftServerImpl (RaftServerImpl.java:setRole(164)) - 015d2d6b-df68-429f-b95c-71947a2d4036:group-4A4AFABFEB45 changes role from CANDIDATE to LEADER at term 1 for changeToLeader
2019-06-13 23:36:51,003 INFO  impl.RaftServerImpl (ServerState.java:setLeader(263)) - 015d2d6b-df68-429f-b95c-71947a2d4036:group-4A4AFABFEB45 change Leader from null to 015d2d6b-df68-429f-b95c-71947a2d4036 at term 1 for becomeLeader, leader elected after 1166ms
2019-06-13 23:36:51,003 INFO  server.RaftServerConfigKeys (ConfUtils.java:logGet(43)) - raft.server.staging.catchup.gap = 1000 (default)
2019-06-13 23:36:51,003 INFO  server.RaftServerConfigKeys (ConfUtils.java:logGet(43)) - raft.server.rpc.sleep.time = 25ms (default)
2019-06-13 23:36:51,003 INFO  server.RaftServerConfigKeys (ConfUtils.java:logGet(43)) - raft.server.watch.timeout = 10s (default)
2019-06-13 23:36:51,003 INFO  server.RaftServerConfigKeys (ConfUtils.java:logGet(43)) - raft.server.watch.timeout.denomination = 1s (default)
2019-06-13 23:36:51,006 INFO  server.RaftServerConfigKeys (ConfUtils.java:logGet(43)) - raft.server.log.appender.snapshot.chunk.size.max = 16MB (=16777216) (default)
2019-06-13 23:36:51,011 INFO  server.RaftServerConfigKeys (ConfUtils.java:logGet(43)) - raft.server.log.appender.buffer.byte-limit = 33554432 (custom)
2019-06-13 23:36:51,013 INFO  server.RaftServerConfigKeys (ConfUtils.java:logGet(43)) - raft.server.log.appender.buffer.element-limit = 1 (custom)
2019-06-13 23:36:51,016 INFO  grpc.GrpcConfigKeys$Server (ConfUtils.java:logGet(43)) - raft.grpc.server.leader.outstanding.appends.max = 128 (default)
2019-06-13 23:36:51,016 INFO  server.RaftServerConfigKeys (ConfUtils.java:logGet(43)) - raft.server.rpc.request.timeout = 3000ms (default)
2019-06-13 23:36:51,016 INFO  server.RaftServerConfigKeys (ConfUtils.java:logGet(43)) - raft.server.log.appender.install.snapshot.enabled = true (default)
2019-06-13 23:36:51,017 INFO  impl.LeaderElection (LeaderElection.java:logAndReturn(56)) - de3631c0-a359-4585-bc4f-3d564dacfc0f:group-4A4AFABFEB45:LeaderElection5: Election REJECTED; received 2 response(s) [de3631c0-a359-4585-bc4f-3d564dacfc0f->1709bd8c-55af-4fa8-94fa-5285bdfbc37d,false-t1, de3631c0-a359-4585-bc4f-3d564dacfc0f->015d2d6b-df68-429f-b95c-71947a2d4036,false-t1] and 0 exception(s); de3631c0-a359-4585-bc4f-3d564dacfc0f:t1, leader=null, voted=de3631c0-a359-4585-bc4f-3d564dacfc0f, raftlog=de3631c0-a359-4585-bc4f-3d564dacfc0f-SegmentedRaftLog:OPENED:c-1,f-1,i0, conf=-1: [de3631c0-a359-4585-bc4f-3d564dacfc0f:192.168.105.129:35901, 1709bd8c-55af-4fa8-94fa-5285bdfbc37d:192.168.105.129:38787, 015d2d6b-df68-429f-b95c-71947a2d4036:192.168.105.129:44375], old=null
2019-06-13 23:36:51,017 INFO  server.RaftServerConfigKeys (ConfUtils.java:logGet(43)) - raft.server.log.appender.snapshot.chunk.size.max = 16MB (=16777216) (default)
2019-06-13 23:36:51,018 INFO  impl.RaftServerImpl (RaftServerImpl.java:setRole(164)) - de3631c0-a359-4585-bc4f-3d564dacfc0f:group-4A4AFABFEB45 changes role from CANDIDATE to FOLLOWER at term 1 for DISCOVERED_A_NEW_TERM
2019-06-13 23:36:51,019 INFO  impl.RoleInfo (RoleInfo.java:shutdownLeaderElection(134)) - de3631c0-a359-4585-bc4f-3d564dacfc0f: shutdown LeaderElection
2019-06-13 23:36:51,020 INFO  impl.RoleInfo (RoleInfo.java:updateAndGet(143)) - de3631c0-a359-4585-bc4f-3d564dacfc0f: start FollowerState
2019-06-13 23:36:51,020 INFO  server.RaftServerConfigKeys (ConfUtils.java:logGet(43)) - raft.server.log.appender.buffer.byte-limit = 33554432 (custom)
2019-06-13 23:36:51,020 INFO  server.RaftServerConfigKeys (ConfUtils.java:logGet(43)) - raft.server.log.appender.buffer.element-limit = 1 (custom)
2019-06-13 23:36:51,020 INFO  grpc.GrpcConfigKeys$Server (ConfUtils.java:logGet(43)) - raft.grpc.server.leader.outstanding.appends.max = 128 (default)
2019-06-13 23:36:51,021 INFO  server.RaftServerConfigKeys (ConfUtils.java:logGet(43)) - raft.server.rpc.request.timeout = 3000ms (default)
2019-06-13 23:36:51,021 INFO  server.RaftServerConfigKeys (ConfUtils.java:logGet(43)) - raft.server.log.appender.install.snapshot.enabled = true (default)
2019-06-13 23:36:51,021 INFO  impl.RoleInfo (RoleInfo.java:updateAndGet(143)) - 015d2d6b-df68-429f-b95c-71947a2d4036: start LeaderState
2019-06-13 23:36:51,021 INFO  storage.RaftLogWorker (RaftLogWorker.java:startLogSegment(298)) - 015d2d6b-df68-429f-b95c-71947a2d4036-RaftLogWorker: Starting segment from index:0
2019-06-13 23:36:51,029 INFO  impl.RaftServerImpl (ServerState.java:setRaftConf(361)) - 015d2d6b-df68-429f-b95c-71947a2d4036:group-4A4AFABFEB45 set configuration 0: [de3631c0-a359-4585-bc4f-3d564dacfc0f:192.168.105.129:35901, 1709bd8c-55af-4fa8-94fa-5285bdfbc37d:192.168.105.129:38787, 015d2d6b-df68-429f-b95c-71947a2d4036:192.168.105.129:44375], old=null at 0
2019-06-13 23:36:51,062 INFO  impl.RaftServerImpl (ServerState.java:setLeader(263)) - de3631c0-a359-4585-bc4f-3d564dacfc0f:group-4A4AFABFEB45 change Leader from null to 015d2d6b-df68-429f-b95c-71947a2d4036 at term 1 for appendEntries, leader elected after 1230ms
2019-06-13 23:36:51,067 INFO  storage.RaftLogWorker (RaftLogWorker.java:execute(469)) - 015d2d6b-df68-429f-b95c-71947a2d4036-RaftLogWorker: created new log segment /opt/src/hadoop-ozone/integration-test/target/test-dir/MiniOzoneClusterImpl-03a6520e-9d98-420f-951b-4dd20f213cbc/datanode-1/data/ratis/c02dad23-84e1-422e-be6f-4a4afabfeb45/current/log_inprogress_0
2019-06-13 23:36:51,067 INFO  impl.RaftServerImpl (ServerState.java:setLeader(263)) - 1709bd8c-55af-4fa8-94fa-5285bdfbc37d:group-4A4AFABFEB45 change Leader from null to 015d2d6b-df68-429f-b95c-71947a2d4036 at term 1 for appendEntries, leader elected after 1232ms
2019-06-13 23:36:51,088 INFO  impl.RaftServerImpl (ServerState.java:setRaftConf(361)) - 1709bd8c-55af-4fa8-94fa-5285bdfbc37d:group-4A4AFABFEB45 set configuration 0: [de3631c0-a359-4585-bc4f-3d564dacfc0f:192.168.105.129:35901, 1709bd8c-55af-4fa8-94fa-5285bdfbc37d:192.168.105.129:38787, 015d2d6b-df68-429f-b95c-71947a2d4036:192.168.105.129:44375], old=null at 0
2019-06-13 23:36:51,089 INFO  storage.RaftLogWorker (RaftLogWorker.java:startLogSegment(298)) - 1709bd8c-55af-4fa8-94fa-5285bdfbc37d-RaftLogWorker: Starting segment from index:0
2019-06-13 23:36:51,089 INFO  impl.RaftServerImpl (ServerState.java:setRaftConf(361)) - de3631c0-a359-4585-bc4f-3d564dacfc0f:group-4A4AFABFEB45 set configuration 0: [de3631c0-a359-4585-bc4f-3d564dacfc0f:192.168.105.129:35901, 1709bd8c-55af-4fa8-94fa-5285bdfbc37d:192.168.105.129:38787, 015d2d6b-df68-429f-b95c-71947a2d4036:192.168.105.129:44375], old=null at 0
2019-06-13 23:36:51,089 INFO  storage.RaftLogWorker (RaftLogWorker.java:startLogSegment(298)) - de3631c0-a359-4585-bc4f-3d564dacfc0f-RaftLogWorker: Starting segment from index:0
2019-06-13 23:36:51,112 INFO  impl.FollowerState (FollowerState.java:run(101)) - 33d40478-8085-4672-98be-e623de710095:group-71356E2B9EF6 changes to CANDIDATE, lastRpcTime:1179, electionTimeout:1179ms
2019-06-13 23:36:51,112 INFO  impl.RoleInfo (RoleInfo.java:shutdownFollowerState(121)) - 33d40478-8085-4672-98be-e623de710095: shutdown FollowerState
2019-06-13 23:36:51,112 INFO  impl.RaftServerImpl (RaftServerImpl.java:setRole(164)) - 33d40478-8085-4672-98be-e623de710095:group-71356E2B9EF6 changes role from FOLLOWER to CANDIDATE at term 0 for changeToCandidate
2019-06-13 23:36:51,112 INFO  impl.RoleInfo (RoleInfo.java:updateAndGet(143)) - 33d40478-8085-4672-98be-e623de710095: start LeaderElection
2019-06-13 23:36:51,130 INFO  ozone.MiniOzoneClusterImpl (MiniOzoneClusterImpl.java:lambda$waitForClusterToBeReady$0(142)) - Cluster is ready. Got 6 of 6 DN Heartbeats.
2019-06-13 23:36:51,132 INFO  storage.RaftLogWorker (RaftLogWorker.java:execute(469)) - de3631c0-a359-4585-bc4f-3d564dacfc0f-RaftLogWorker: created new log segment /opt/src/hadoop-ozone/integration-test/target/test-dir/MiniOzoneClusterImpl-03a6520e-9d98-420f-951b-4dd20f213cbc/datanode-2/data/ratis/c02dad23-84e1-422e-be6f-4a4afabfeb45/current/log_inprogress_0
2019-06-13 23:36:51,132 INFO  storage.RaftLogWorker (RaftLogWorker.java:execute(469)) - 1709bd8c-55af-4fa8-94fa-5285bdfbc37d-RaftLogWorker: created new log segment /opt/src/hadoop-ozone/integration-test/target/test-dir/MiniOzoneClusterImpl-03a6520e-9d98-420f-951b-4dd20f213cbc/datanode-3/data/ratis/c02dad23-84e1-422e-be6f-4a4afabfeb45/current/log_inprogress_0
2019-06-13 23:36:51,134 INFO  impl.LeaderElection (LeaderElection.java:askForVotes(181)) - 33d40478-8085-4672-98be-e623de710095:group-71356E2B9EF6:LeaderElection7: begin an election at term 1 for -1: [33d40478-8085-4672-98be-e623de710095:192.168.105.129:38745], old=null
2019-06-13 23:36:51,135 INFO  impl.RoleInfo (RoleInfo.java:shutdownLeaderElection(134)) - 33d40478-8085-4672-98be-e623de710095: shutdown LeaderElection
2019-06-13 23:36:51,135 INFO  impl.RaftServerImpl (RaftServerImpl.java:setRole(164)) - 33d40478-8085-4672-98be-e623de710095:group-71356E2B9EF6 changes role from CANDIDATE to LEADER at term 1 for changeToLeader
2019-06-13 23:36:51,135 INFO  impl.RaftServerImpl (ServerState.java:setLeader(263)) - 33d40478-8085-4672-98be-e623de710095:group-71356E2B9EF6 change Leader from null to 33d40478-8085-4672-98be-e623de710095 at term 1 for becomeLeader, leader elected after 1204ms
2019-06-13 23:36:51,141 INFO  server.RaftServerConfigKeys (ConfUtils.java:logGet(43)) - raft.server.staging.catchup.gap = 1000 (default)
2019-06-13 23:36:51,141 INFO  server.RaftServerConfigKeys (ConfUtils.java:logGet(43)) - raft.server.rpc.sleep.time = 25ms (default)
2019-06-13 23:36:51,141 INFO  server.RaftServerConfigKeys (ConfUtils.java:logGet(43)) - raft.server.watch.timeout = 10s (default)
2019-06-13 23:36:51,141 INFO  server.RaftServerConfigKeys (ConfUtils.java:logGet(43)) - raft.server.watch.timeout.denomination = 1s (default)
2019-06-13 23:36:51,142 INFO  impl.RoleInfo (RoleInfo.java:updateAndGet(143)) - 33d40478-8085-4672-98be-e623de710095: start LeaderState
2019-06-13 23:36:51,142 INFO  storage.RaftLogWorker (RaftLogWorker.java:startLogSegment(298)) - 33d40478-8085-4672-98be-e623de710095-RaftLogWorker: Starting segment from index:0
2019-06-13 23:36:51,142 INFO  impl.RaftServerImpl (ServerState.java:setRaftConf(361)) - 33d40478-8085-4672-98be-e623de710095:group-71356E2B9EF6 set configuration 0: [33d40478-8085-4672-98be-e623de710095:192.168.105.129:38745], old=null at 0
]]></system-out>
    <system-err><![CDATA[ERROR StatusLogger No Log4j 2 configuration file found. Using default configuration (logging only errors to the console), or user programmatically provided configurations. Set system property 'log4j2.debug' to show Log4j 2 internal initialization logging. See https://logging.apache.org/log4j/2.x/manual/configuration.html for instructions on how to configure Log4j 2
Jun 13, 2019 11:36:44 PM com.sun.jersey.server.impl.application.WebApplicationImpl _initiate
INFO: Initiating Jersey application, version 'Jersey: 1.19 02/11/2015 03:25 AM'
Jun 13, 2019 11:36:45 PM com.sun.jersey.server.impl.application.WebApplicationImpl _initiate
INFO: Initiating Jersey application, version 'Jersey: 1.19 02/11/2015 03:25 AM'
Jun 13, 2019 11:36:45 PM com.sun.jersey.server.impl.application.WebApplicationImpl _initiate
INFO: Initiating Jersey application, version 'Jersey: 1.19 02/11/2015 03:25 AM'
Jun 13, 2019 11:36:45 PM com.sun.jersey.server.impl.application.WebApplicationImpl _initiate
INFO: Initiating Jersey application, version 'Jersey: 1.19 02/11/2015 03:25 AM'
Jun 13, 2019 11:36:45 PM com.sun.jersey.server.impl.application.WebApplicationImpl _initiate
INFO: Initiating Jersey application, version 'Jersey: 1.19 02/11/2015 03:25 AM'
Jun 13, 2019 11:36:45 PM com.sun.jersey.server.impl.application.WebApplicationImpl _initiate
INFO: Initiating Jersey application, version 'Jersey: 1.19 02/11/2015 03:25 AM'
]]></system-err>
  </testcase>
</testsuite>