<?xml version="1.0" encoding="UTF-8"?>
<testsuite xmlns:xsi="http://www.w3.org/2001/XMLSchema-instance" xsi:noNamespaceSchemaLocation="https://maven.apache.org/surefire/maven-surefire-plugin/xsd/surefire-test-report.xsd" name="org.apache.hadoop.ozone.client.rpc.TestWatchForCommit" time="136.269" tests="6" errors="0" skipped="0" failures="1">
  <properties>
    <property name="awt.toolkit" value="sun.awt.X11.XToolkit"/>
    <property name="file.encoding.pkg" value="sun.io"/>
    <property name="java.specification.version" value="1.8"/>
    <property name="sun.cpu.isalist" value=""/>
    <property name="sun.jnu.encoding" value="UTF-8"/>
    <property name="java.class.path" value="/opt/src/hadoop-ozone/integration-test/target/test-classes:/opt/src/hadoop-ozone/integration-test/target/classes:/root/.m2/repository/org/apache/hadoop/hadoop-ozone-common/0.5.0-SNAPSHOT/hadoop-ozone-common-0.5.0-SNAPSHOT.jar:/root/.m2/repository/org/apache/commons/commons-compress/1.4.1/commons-compress-1.4.1.jar:/root/.m2/repository/org/tukaani/xz/1.0/xz-1.0.jar:/root/.m2/repository/org/apache/hadoop/hadoop-common/3.2.0/hadoop-common-3.2.0.jar:/root/.m2/repository/org/apache/hadoop/hadoop-hdfs/3.2.0/hadoop-hdfs-3.2.0.jar:/root/.m2/repository/org/apache/hadoop/hadoop-hdfs-client/3.2.0/hadoop-hdfs-client-3.2.0.jar:/root/.m2/repository/com/fasterxml/jackson/core/jackson-annotations/2.9.5/jackson-annotations-2.9.5.jar:/root/.m2/repository/org/apache/hadoop/hadoop-hdds-common/0.5.0-SNAPSHOT/hadoop-hdds-common-0.5.0-SNAPSHOT.jar:/root/.m2/repository/javax/annotation/javax.annotation-api/1.2/javax.annotation-api-1.2.jar:/root/.m2/repository/org/apache/ratis/ratis-server/0.4.0-fe2b15d-SNAPSHOT/ratis-server-0.4.0-fe2b15d-SNAPSHOT.jar:/root/.m2/repository/org/apache/ratis/ratis-thirdparty-misc/0.2.0/ratis-thirdparty-misc-0.2.0.jar:/root/.m2/repository/org/apache/ratis/ratis-proto/0.4.0-fe2b15d-SNAPSHOT/ratis-proto-0.4.0-fe2b15d-SNAPSHOT.jar:/root/.m2/repository/org/apache/ratis/ratis-common/0.4.0-fe2b15d-SNAPSHOT/ratis-common-0.4.0-fe2b15d-SNAPSHOT.jar:/root/.m2/repository/org/apache/ratis/ratis-client/0.4.0-fe2b15d-SNAPSHOT/ratis-client-0.4.0-fe2b15d-SNAPSHOT.jar:/root/.m2/repository/org/apache/ratis/ratis-netty/0.4.0-fe2b15d-SNAPSHOT/ratis-netty-0.4.0-fe2b15d-SNAPSHOT.jar:/root/.m2/repository/org/apache/ratis/ratis-grpc/0.4.0-fe2b15d-SNAPSHOT/ratis-grpc-0.4.0-fe2b15d-SNAPSHOT.jar:/root/.m2/repository/org/rocksdb/rocksdbjni/5.14.2/rocksdbjni-5.14.2.jar:/root/.m2/repository/org/apache/logging/log4j/log4j-api/2.11.0/log4j-api-2.11.0.jar:/root/.m2/repository/org/apache/logging/log4j/log4j-core/2.11.0/log4j-core-2.11.0.jar:/root/.m2/repository/com/lmax/disruptor/3.4.2/disruptor-3.4.2.jar:/root/.m2/repository/org/apache/commons/commons-pool2/2.6.0/commons-pool2-2.6.0.jar:/root/.m2/repository/org/bouncycastle/bcpkix-jdk15on/1.60/bcpkix-jdk15on-1.60.jar:/root/.m2/repository/commons-validator/commons-validator/1.6/commons-validator-1.6.jar:/root/.m2/repository/commons-digester/commons-digester/1.8.1/commons-digester-1.8.1.jar:/root/.m2/repository/io/jaegertracing/jaeger-client/0.33.1/jaeger-client-0.33.1.jar:/root/.m2/repository/io/jaegertracing/jaeger-thrift/0.33.1/jaeger-thrift-0.33.1.jar:/root/.m2/repository/org/apache/thrift/libthrift/0.11.0/libthrift-0.11.0.jar:/root/.m2/repository/com/squareup/okhttp3/okhttp/3.9.0/okhttp-3.9.0.jar:/root/.m2/repository/com/squareup/okio/okio/1.13.0/okio-1.13.0.jar:/root/.m2/repository/io/jaegertracing/jaeger-core/0.33.1/jaeger-core-0.33.1.jar:/root/.m2/repository/io/jaegertracing/jaeger-tracerresolver/0.33.1/jaeger-tracerresolver-0.33.1.jar:/root/.m2/repository/io/opentracing/contrib/opentracing-tracerresolver/0.1.5/opentracing-tracerresolver-0.1.5.jar:/root/.m2/repository/io/opentracing/opentracing-util/0.31.0/opentracing-util-0.31.0.jar:/root/.m2/repository/io/opentracing/opentracing-api/0.31.0/opentracing-api-0.31.0.jar:/root/.m2/repository/io/opentracing/opentracing-noop/0.31.0/opentracing-noop-0.31.0.jar:/root/.m2/repository/org/apache/hadoop/hadoop-hdds-server-framework/0.5.0-SNAPSHOT/hadoop-hdds-server-framework-0.5.0-SNAPSHOT.jar:/root/.m2/repository/org/apache/hadoop/hadoop-hdds-server-scm/0.5.0-SNAPSHOT/hadoop-hdds-server-scm-0.5.0-SNAPSHOT.jar:/root/.m2/repository/org/apache/hadoop/hadoop-hdds-container-service/0.5.0-SNAPSHOT/hadoop-hdds-container-service-0.5.0-SNAPSHOT.jar:/root/.m2/repository/org/apache/hadoop/hadoop-hdds-client/0.5.0-SNAPSHOT/hadoop-hdds-client-0.5.0-SNAPSHOT.jar:/root/.m2/repository/org/apache/hadoop/hadoop-hdds-tools/0.5.0-SNAPSHOT/hadoop-hdds-tools-0.5.0-SNAPSHOT.jar:/root/.m2/repository/org/apache/hadoop/hadoop-ozone-ozone-manager/0.5.0-SNAPSHOT/hadoop-ozone-ozone-manager-0.5.0-SNAPSHOT.jar:/root/.m2/repository/org/apache/hadoop/hadoop-hdds-docs/0.5.0-SNAPSHOT/hadoop-hdds-docs-0.5.0-SNAPSHOT.jar:/root/.m2/repository/org/bouncycastle/bcprov-jdk15on/1.60/bcprov-jdk15on-1.60.jar:/root/.m2/repository/org/apache/hadoop/hadoop-minikdc/3.2.0/hadoop-minikdc-3.2.0.jar:/root/.m2/repository/commons-io/commons-io/2.5/commons-io-2.5.jar:/root/.m2/repository/org/apache/kerby/kerb-simplekdc/1.0.1/kerb-simplekdc-1.0.1.jar:/root/.m2/repository/org/apache/kerby/kerb-client/1.0.1/kerb-client-1.0.1.jar:/root/.m2/repository/org/apache/kerby/kerby-config/1.0.1/kerby-config-1.0.1.jar:/root/.m2/repository/org/apache/kerby/kerb-core/1.0.1/kerb-core-1.0.1.jar:/root/.m2/repository/org/apache/kerby/kerby-pkix/1.0.1/kerby-pkix-1.0.1.jar:/root/.m2/repository/org/apache/kerby/kerby-asn1/1.0.1/kerby-asn1-1.0.1.jar:/root/.m2/repository/org/apache/kerby/kerby-util/1.0.1/kerby-util-1.0.1.jar:/root/.m2/repository/org/apache/kerby/kerb-common/1.0.1/kerb-common-1.0.1.jar:/root/.m2/repository/org/apache/kerby/kerb-crypto/1.0.1/kerb-crypto-1.0.1.jar:/root/.m2/repository/org/apache/kerby/kerb-util/1.0.1/kerb-util-1.0.1.jar:/root/.m2/repository/org/apache/kerby/token-provider/1.0.1/token-provider-1.0.1.jar:/root/.m2/repository/org/apache/kerby/kerb-admin/1.0.1/kerb-admin-1.0.1.jar:/root/.m2/repository/org/apache/kerby/kerb-server/1.0.1/kerb-server-1.0.1.jar:/root/.m2/repository/org/apache/kerby/kerb-identity/1.0.1/kerb-identity-1.0.1.jar:/root/.m2/repository/org/apache/kerby/kerby-xdr/1.0.1/kerby-xdr-1.0.1.jar:/root/.m2/repository/org/slf4j/slf4j-log4j12/1.7.25/slf4j-log4j12-1.7.25.jar:/root/.m2/repository/org/apache/hadoop/hadoop-ozone-objectstore-service/0.5.0-SNAPSHOT/hadoop-ozone-objectstore-service-0.5.0-SNAPSHOT.jar:/root/.m2/repository/org/apache/hadoop/hadoop-ozone-s3gateway/0.5.0-SNAPSHOT/hadoop-ozone-s3gateway-0.5.0-SNAPSHOT.jar:/root/.m2/repository/org/jboss/weld/servlet/weld-servlet/2.4.7.Final/weld-servlet-2.4.7.Final.jar:/root/.m2/repository/org/glassfish/jersey/containers/jersey-container-servlet-core/2.27/jersey-container-servlet-core-2.27.jar:/root/.m2/repository/org/glassfish/hk2/external/javax.inject/2.5.0-b42/javax.inject-2.5.0-b42.jar:/root/.m2/repository/org/glassfish/jersey/core/jersey-common/2.27/jersey-common-2.27.jar:/root/.m2/repository/org/glassfish/hk2/osgi-resource-locator/1.0.1/osgi-resource-locator-1.0.1.jar:/root/.m2/repository/javax/ws/rs/javax.ws.rs-api/2.1/javax.ws.rs-api-2.1.jar:/root/.m2/repository/org/glassfish/jersey/ext/cdi/jersey-cdi1x/2.27/jersey-cdi1x-2.27.jar:/root/.m2/repository/org/glassfish/jersey/inject/jersey-hk2/2.27/jersey-hk2-2.27.jar:/root/.m2/repository/org/glassfish/hk2/hk2-locator/2.5.0-b42/hk2-locator-2.5.0-b42.jar:/root/.m2/repository/org/javassist/javassist/3.22.0-CR2/javassist-3.22.0-CR2.jar:/root/.m2/repository/org/glassfish/hk2/hk2-api/2.5.0/hk2-api-2.5.0.jar:/root/.m2/repository/org/glassfish/hk2/external/jakarta.inject/2.5.0/jakarta.inject-2.5.0.jar:/root/.m2/repository/org/glassfish/hk2/hk2-utils/2.5.0/hk2-utils-2.5.0.jar:/root/.m2/repository/jakarta/annotation/jakarta.annotation-api/1.3.4/jakarta.annotation-api-1.3.4.jar:/root/.m2/repository/org/glassfish/hk2/external/aopalliance-repackaged/2.5.0/aopalliance-repackaged-2.5.0.jar:/root/.m2/repository/com/fasterxml/jackson/dataformat/jackson-dataformat-xml/2.9.0/jackson-dataformat-xml-2.9.0.jar:/root/.m2/repository/com/fasterxml/jackson/core/jackson-core/2.9.5/jackson-core-2.9.5.jar:/root/.m2/repository/com/fasterxml/jackson/module/jackson-module-jaxb-annotations/2.9.5/jackson-module-jaxb-annotations-2.9.5.jar:/root/.m2/repository/javax/enterprise/cdi-api/1.2/cdi-api-1.2.jar:/root/.m2/repository/javax/el/javax.el-api/3.0.0/javax.el-api-3.0.0.jar:/root/.m2/repository/javax/interceptor/javax.interceptor-api/1.2/javax.interceptor-api-1.2.jar:/root/.m2/repository/javax/inject/javax.inject/1/javax.inject-1.jar:/root/.m2/repository/com/sun/xml/bind/jaxb-impl/2.3.0.1/jaxb-impl-2.3.0.1.jar:/root/.m2/repository/com/sun/xml/bind/jaxb-core/2.3.0.1/jaxb-core-2.3.0.1.jar:/root/.m2/repository/javax/xml/bind/jaxb-api/2.3.0/jaxb-api-2.3.0.jar:/root/.m2/repository/javax/activation/activation/1.1.1/activation-1.1.1.jar:/root/.m2/repository/org/apache/hadoop/hadoop-ozone-csi/0.5.0-SNAPSHOT/hadoop-ozone-csi-0.5.0-SNAPSHOT.jar:/root/.m2/repository/com/google/protobuf/protobuf-java-util/3.5.1/protobuf-java-util-3.5.1.jar:/root/.m2/repository/org/apache/hadoop/hadoop-hdds-config/0.5.0-SNAPSHOT/hadoop-hdds-config-0.5.0-SNAPSHOT.jar:/root/.m2/repository/com/google/guava/guava/11.0.2/guava-11.0.2.jar:/root/.m2/repository/com/google/protobuf/protobuf-java/2.5.0/protobuf-java-2.5.0.jar:/root/.m2/repository/io/grpc/grpc-netty/1.17.1/grpc-netty-1.17.1.jar:/root/.m2/repository/io/grpc/grpc-core/1.17.1/grpc-core-1.17.1.jar:/root/.m2/repository/io/grpc/grpc-context/1.17.1/grpc-context-1.17.1.jar:/root/.m2/repository/com/google/errorprone/error_prone_annotations/2.2.0/error_prone_annotations-2.2.0.jar:/root/.m2/repository/org/codehaus/mojo/animal-sniffer-annotations/1.17/animal-sniffer-annotations-1.17.jar:/root/.m2/repository/io/opencensus/opencensus-api/0.17.0/opencensus-api-0.17.0.jar:/root/.m2/repository/io/opencensus/opencensus-contrib-grpc-metrics/0.17.0/opencensus-contrib-grpc-metrics-0.17.0.jar:/root/.m2/repository/io/netty/netty-codec-http2/4.1.30.Final/netty-codec-http2-4.1.30.Final.jar:/root/.m2/repository/io/netty/netty-codec-http/4.1.30.Final/netty-codec-http-4.1.30.Final.jar:/root/.m2/repository/io/netty/netty-codec/4.1.30.Final/netty-codec-4.1.30.Final.jar:/root/.m2/repository/io/netty/netty-handler/4.1.30.Final/netty-handler-4.1.30.Final.jar:/root/.m2/repository/io/netty/netty-handler-proxy/4.1.30.Final/netty-handler-proxy-4.1.30.Final.jar:/root/.m2/repository/io/netty/netty-codec-socks/4.1.30.Final/netty-codec-socks-4.1.30.Final.jar:/root/.m2/repository/io/netty/netty-transport-native-epoll/4.1.30.Final/netty-transport-native-epoll-4.1.30.Final.jar:/root/.m2/repository/io/netty/netty-common/4.1.30.Final/netty-common-4.1.30.Final.jar:/root/.m2/repository/io/netty/netty-buffer/4.1.30.Final/netty-buffer-4.1.30.Final.jar:/root/.m2/repository/io/netty/netty-transport/4.1.30.Final/netty-transport-4.1.30.Final.jar:/root/.m2/repository/io/netty/netty-resolver/4.1.30.Final/netty-resolver-4.1.30.Final.jar:/root/.m2/repository/io/netty/netty-transport-native-unix-common/4.1.30.Final/netty-transport-native-unix-common-4.1.30.Final.jar:/root/.m2/repository/io/grpc/grpc-protobuf/1.17.1/grpc-protobuf-1.17.1.jar:/root/.m2/repository/com/google/api/grpc/proto-google-common-protos/1.0.0/proto-google-common-protos-1.0.0.jar:/root/.m2/repository/io/grpc/grpc-protobuf-lite/1.17.1/grpc-protobuf-lite-1.17.1.jar:/root/.m2/repository/io/grpc/grpc-stub/1.17.1/grpc-stub-1.17.1.jar:/root/.m2/repository/org/apache/hadoop/hadoop-ozone-recon/0.5.0-SNAPSHOT/hadoop-ozone-recon-0.5.0-SNAPSHOT.jar:/root/.m2/repository/org/apache/hadoop/hadoop-ozone-reconcodegen/0.5.0-SNAPSHOT/hadoop-ozone-reconcodegen-0.5.0-SNAPSHOT.jar:/root/.m2/repository/com/google/inject/extensions/guice-multibindings/4.0/guice-multibindings-4.0.jar:/root/.m2/repository/com/google/inject/guice/4.0/guice-4.0.jar:/root/.m2/repository/aopalliance/aopalliance/1.0/aopalliance-1.0.jar:/root/.m2/repository/com/google/inject/extensions/guice-servlet/4.0/guice-servlet-4.0.jar:/root/.m2/repository/org/glassfish/jersey/containers/jersey-container-servlet/2.27/jersey-container-servlet-2.27.jar:/root/.m2/repository/org/glassfish/hk2/guice-bridge/2.5.0/guice-bridge-2.5.0.jar:/root/.m2/repository/org/glassfish/jersey/core/jersey-server/2.27/jersey-server-2.27.jar:/root/.m2/repository/org/glassfish/jersey/core/jersey-client/2.27/jersey-client-2.27.jar:/root/.m2/repository/org/glassfish/jersey/media/jersey-media-jaxb/2.27/jersey-media-jaxb-2.27.jar:/root/.m2/repository/javax/validation/validation-api/1.1.0.Final/validation-api-1.1.0.Final.jar:/root/.m2/repository/org/glassfish/jersey/media/jersey-media-json-jackson/2.27/jersey-media-json-jackson-2.27.jar:/root/.m2/repository/org/glassfish/jersey/ext/jersey-entity-filtering/2.27/jersey-entity-filtering-2.27.jar:/root/.m2/repository/com/google/inject/extensions/guice-assistedinject/4.0/guice-assistedinject-4.0.jar:/root/.m2/repository/org/jooq/jooq/3.11.10/jooq-3.11.10.jar:/root/.m2/repository/org/jooq/jooq-meta/3.11.10/jooq-meta-3.11.10.jar:/root/.m2/repository/org/jooq/jooq-codegen/3.11.10/jooq-codegen-3.11.10.jar:/root/.m2/repository/com/jolbox/bonecp/0.8.0.RELEASE/bonecp-0.8.0.RELEASE.jar:/root/.m2/repository/org/xerial/sqlite-jdbc/3.25.2/sqlite-jdbc-3.25.2.jar:/root/.m2/repository/org/springframework/spring-jdbc/5.1.3.RELEASE/spring-jdbc-5.1.3.RELEASE.jar:/root/.m2/repository/org/springframework/spring-beans/5.1.3.RELEASE/spring-beans-5.1.3.RELEASE.jar:/root/.m2/repository/org/springframework/spring-core/5.1.3.RELEASE/spring-core-5.1.3.RELEASE.jar:/root/.m2/repository/org/springframework/spring-jcl/5.1.3.RELEASE/spring-jcl-5.1.3.RELEASE.jar:/root/.m2/repository/org/springframework/spring-tx/5.1.3.RELEASE/spring-tx-5.1.3.RELEASE.jar:/root/.m2/repository/org/apache/hadoop/hadoop-ozone-client/0.5.0-SNAPSHOT/hadoop-ozone-client-0.5.0-SNAPSHOT.jar:/root/.m2/repository/org/apache/hadoop/hadoop-ozone-ozone-manager/0.5.0-SNAPSHOT/hadoop-ozone-ozone-manager-0.5.0-SNAPSHOT-tests.jar:/root/.m2/repository/junit/junit/4.11/junit-4.11.jar:/root/.m2/repository/org/hamcrest/hamcrest-core/1.3/hamcrest-core-1.3.jar:/root/.m2/repository/org/openjdk/jmh/jmh-core/1.19/jmh-core-1.19.jar:/root/.m2/repository/net/sf/jopt-simple/jopt-simple/4.6/jopt-simple-4.6.jar:/root/.m2/repository/org/apache/commons/commons-math3/3.1.1/commons-math3-3.1.1.jar:/root/.m2/repository/org/openjdk/jmh/jmh-generator-annprocess/1.19/jmh-generator-annprocess-1.19.jar:/root/.m2/repository/org/mockito/mockito-all/1.8.5/mockito-all-1.8.5.jar:/root/.m2/repository/org/apache/hadoop/hadoop-kms/3.2.0/hadoop-kms-3.2.0.jar:/root/.m2/repository/org/apache/hadoop/hadoop-auth/3.2.0/hadoop-auth-3.2.0.jar:/root/.m2/repository/com/nimbusds/nimbus-jose-jwt/4.41.1/nimbus-jose-jwt-4.41.1.jar:/root/.m2/repository/com/github/stephenc/jcip/jcip-annotations/1.0-1/jcip-annotations-1.0-1.jar:/root/.m2/repository/net/minidev/json-smart/2.3/json-smart-2.3.jar:/root/.m2/repository/net/minidev/accessors-smart/1.2/accessors-smart-1.2.jar:/root/.m2/repository/org/ow2/asm/asm/5.0.4/asm-5.0.4.jar:/root/.m2/repository/org/apache/curator/curator-framework/2.12.0/curator-framework-2.12.0.jar:/root/.m2/repository/com/sun/jersey/jersey-core/1.19/jersey-core-1.19.jar:/root/.m2/repository/javax/ws/rs/jsr311-api/1.1.1/jsr311-api-1.1.1.jar:/root/.m2/repository/com/sun/jersey/jersey-server/1.19/jersey-server-1.19.jar:/root/.m2/repository/javax/servlet/javax.servlet-api/3.1.0/javax.servlet-api-3.1.0.jar:/root/.m2/repository/org/eclipse/jetty/jetty-server/9.3.24.v20180605/jetty-server-9.3.24.v20180605.jar:/root/.m2/repository/org/eclipse/jetty/jetty-http/9.3.24.v20180605/jetty-http-9.3.24.v20180605.jar:/root/.m2/repository/org/eclipse/jetty/jetty-io/9.3.24.v20180605/jetty-io-9.3.24.v20180605.jar:/root/.m2/repository/org/eclipse/jetty/jetty-webapp/9.3.24.v20180605/jetty-webapp-9.3.24.v20180605.jar:/root/.m2/repository/org/eclipse/jetty/jetty-xml/9.3.24.v20180605/jetty-xml-9.3.24.v20180605.jar:/root/.m2/repository/log4j/log4j/1.2.17/log4j-1.2.17.jar:/root/.m2/repository/org/slf4j/slf4j-api/1.7.25/slf4j-api-1.7.25.jar:/root/.m2/repository/org/slf4j/jul-to-slf4j/1.7.25/jul-to-slf4j-1.7.25.jar:/root/.m2/repository/org/eclipse/jetty/jetty-util/9.3.24.v20180605/jetty-util-9.3.24.v20180605.jar:/root/.m2/repository/io/dropwizard/metrics/metrics-core/3.2.4/metrics-core-3.2.4.jar:/root/.m2/repository/com/fasterxml/jackson/core/jackson-databind/2.9.5/jackson-databind-2.9.5.jar:/root/.m2/repository/org/apache/hadoop/hadoop-kms/3.2.0/hadoop-kms-3.2.0-tests.jar:/root/.m2/repository/org/apache/hadoop/hadoop-hdds-server-scm/0.5.0-SNAPSHOT/hadoop-hdds-server-scm-0.5.0-SNAPSHOT-tests.jar:/root/.m2/repository/org/hamcrest/hamcrest-all/1.3/hamcrest-all-1.3.jar:/root/.m2/repository/info/picocli/picocli/3.9.6/picocli-3.9.6.jar:/root/.m2/repository/org/apache/hadoop/hadoop-hdds-container-service/0.5.0-SNAPSHOT/hadoop-hdds-container-service-0.5.0-SNAPSHOT-tests.jar:/root/.m2/repository/org/yaml/snakeyaml/1.16/snakeyaml-1.16.jar:/root/.m2/repository/org/apache/hadoop/hadoop-common/3.2.0/hadoop-common-3.2.0-tests.jar:/root/.m2/repository/org/apache/hadoop/hadoop-annotations/3.2.0/hadoop-annotations-3.2.0.jar:/usr/lib/jvm/java-1.8-openjdk/jre/../lib/tools.jar:/root/.m2/repository/commons-cli/commons-cli/1.2/commons-cli-1.2.jar:/root/.m2/repository/org/apache/httpcomponents/httpclient/4.5.2/httpclient-4.5.2.jar:/root/.m2/repository/org/apache/httpcomponents/httpcore/4.4.4/httpcore-4.4.4.jar:/root/.m2/repository/commons-codec/commons-codec/1.11/commons-codec-1.11.jar:/root/.m2/repository/commons-net/commons-net/3.6/commons-net-3.6.jar:/root/.m2/repository/commons-collections/commons-collections/3.2.2/commons-collections-3.2.2.jar:/root/.m2/repository/org/eclipse/jetty/jetty-servlet/9.3.24.v20180605/jetty-servlet-9.3.24.v20180605.jar:/root/.m2/repository/org/eclipse/jetty/jetty-security/9.3.24.v20180605/jetty-security-9.3.24.v20180605.jar:/root/.m2/repository/javax/servlet/jsp/jsp-api/2.1/jsp-api-2.1.jar:/root/.m2/repository/com/sun/jersey/jersey-servlet/1.19/jersey-servlet-1.19.jar:/root/.m2/repository/com/sun/jersey/jersey-json/1.19/jersey-json-1.19.jar:/root/.m2/repository/org/codehaus/jettison/jettison/1.1/jettison-1.1.jar:/root/.m2/repository/org/codehaus/jackson/jackson-core-asl/1.9.13/jackson-core-asl-1.9.13.jar:/root/.m2/repository/org/codehaus/jackson/jackson-mapper-asl/1.9.13/jackson-mapper-asl-1.9.13.jar:/root/.m2/repository/org/codehaus/jackson/jackson-jaxrs/1.9.13/jackson-jaxrs-1.9.13.jar:/root/.m2/repository/org/codehaus/jackson/jackson-xc/1.9.13/jackson-xc-1.9.13.jar:/root/.m2/repository/commons-logging/commons-logging/1.1.3/commons-logging-1.1.3.jar:/root/.m2/repository/commons-beanutils/commons-beanutils/1.9.3/commons-beanutils-1.9.3.jar:/root/.m2/repository/org/apache/commons/commons-configuration2/2.1.1/commons-configuration2-2.1.1.jar:/root/.m2/repository/org/apache/commons/commons-lang3/3.7/commons-lang3-3.7.jar:/root/.m2/repository/org/apache/commons/commons-text/1.4/commons-text-1.4.jar:/root/.m2/repository/org/apache/avro/avro/1.7.7/avro-1.7.7.jar:/root/.m2/repository/com/thoughtworks/paranamer/paranamer/2.3/paranamer-2.3.jar:/root/.m2/repository/org/xerial/snappy/snappy-java/1.0.5/snappy-java-1.0.5.jar:/root/.m2/repository/com/google/re2j/re2j/1.1/re2j-1.1.jar:/root/.m2/repository/com/google/code/gson/gson/2.2.4/gson-2.2.4.jar:/root/.m2/repository/com/jcraft/jsch/0.1.54/jsch-0.1.54.jar:/root/.m2/repository/org/apache/curator/curator-client/2.12.0/curator-client-2.12.0.jar:/root/.m2/repository/org/apache/curator/curator-recipes/2.12.0/curator-recipes-2.12.0.jar:/root/.m2/repository/com/google/code/findbugs/jsr305/3.0.0/jsr305-3.0.0.jar:/root/.m2/repository/org/apache/htrace/htrace-core4/4.1.0-incubating/htrace-core4-4.1.0-incubating.jar:/root/.m2/repository/org/apache/zookeeper/zookeeper/3.4.13/zookeeper-3.4.13.jar:/root/.m2/repository/org/apache/yetus/audience-annotations/0.5.0/audience-annotations-0.5.0.jar:/root/.m2/repository/org/codehaus/woodstox/stax2-api/3.1.4/stax2-api-3.1.4.jar:/root/.m2/repository/com/fasterxml/woodstox/woodstox-core/5.0.3/woodstox-core-5.0.3.jar:/root/.m2/repository/dnsjava/dnsjava/2.1.7/dnsjava-2.1.7.jar:/root/.m2/repository/org/apache/hadoop/hadoop-hdfs/3.2.0/hadoop-hdfs-3.2.0-tests.jar:/root/.m2/repository/org/eclipse/jetty/jetty-util-ajax/9.3.24.v20180605/jetty-util-ajax-9.3.24.v20180605.jar:/root/.m2/repository/commons-daemon/commons-daemon/1.0.13/commons-daemon-1.0.13.jar:/root/.m2/repository/io/netty/netty/3.10.5.Final/netty-3.10.5.Final.jar:/root/.m2/repository/io/netty/netty-all/4.0.52.Final/netty-all-4.0.52.Final.jar:/root/.m2/repository/org/fusesource/leveldbjni/leveldbjni-all/1.8/leveldbjni-all-1.8.jar:"/>
    <property name="java.vm.vendor" value="IcedTea"/>
    <property name="sun.arch.data.model" value="64"/>
    <property name="test.build.dir" value="/opt/src/hadoop-ozone/integration-test/target/test-dir"/>
    <property name="test.cache.data" value=""/>
    <property name="java.vendor.url" value="https://icedtea.classpath.org"/>
    <property name="user.timezone" value=""/>
    <property name="java.vm.specification.version" value="1.8"/>
    <property name="os.name" value="Linux"/>
    <property name="test.build.data" value="/opt/src/hadoop-ozone/integration-test/target/test-dir"/>
    <property name="user.country" value="US"/>
    <property name="sun.java.launcher" value="SUN_STANDARD"/>
    <property name="sun.boot.library.path" value="/usr/lib/jvm/java-1.8-openjdk/jre/lib/amd64"/>
    <property name="sun.java.command" value="/opt/src/hadoop-ozone/integration-test/target/surefire/surefirebooter1752295127594246681.jar /opt/src/hadoop-ozone/integration-test/target/surefire 2019-06-13T10-41-38_342-jvmRun1 surefire2651631505260189379tmp surefire_211181798066457471662tmp"/>
    <property name="surefire.test.class.path" value="/opt/src/hadoop-ozone/integration-test/target/test-classes:/opt/src/hadoop-ozone/integration-test/target/classes:/root/.m2/repository/org/apache/hadoop/hadoop-ozone-common/0.5.0-SNAPSHOT/hadoop-ozone-common-0.5.0-SNAPSHOT.jar:/root/.m2/repository/org/apache/commons/commons-compress/1.4.1/commons-compress-1.4.1.jar:/root/.m2/repository/org/tukaani/xz/1.0/xz-1.0.jar:/root/.m2/repository/org/apache/hadoop/hadoop-common/3.2.0/hadoop-common-3.2.0.jar:/root/.m2/repository/org/apache/hadoop/hadoop-hdfs/3.2.0/hadoop-hdfs-3.2.0.jar:/root/.m2/repository/org/apache/hadoop/hadoop-hdfs-client/3.2.0/hadoop-hdfs-client-3.2.0.jar:/root/.m2/repository/com/fasterxml/jackson/core/jackson-annotations/2.9.5/jackson-annotations-2.9.5.jar:/root/.m2/repository/org/apache/hadoop/hadoop-hdds-common/0.5.0-SNAPSHOT/hadoop-hdds-common-0.5.0-SNAPSHOT.jar:/root/.m2/repository/javax/annotation/javax.annotation-api/1.2/javax.annotation-api-1.2.jar:/root/.m2/repository/org/apache/ratis/ratis-server/0.4.0-fe2b15d-SNAPSHOT/ratis-server-0.4.0-fe2b15d-SNAPSHOT.jar:/root/.m2/repository/org/apache/ratis/ratis-thirdparty-misc/0.2.0/ratis-thirdparty-misc-0.2.0.jar:/root/.m2/repository/org/apache/ratis/ratis-proto/0.4.0-fe2b15d-SNAPSHOT/ratis-proto-0.4.0-fe2b15d-SNAPSHOT.jar:/root/.m2/repository/org/apache/ratis/ratis-common/0.4.0-fe2b15d-SNAPSHOT/ratis-common-0.4.0-fe2b15d-SNAPSHOT.jar:/root/.m2/repository/org/apache/ratis/ratis-client/0.4.0-fe2b15d-SNAPSHOT/ratis-client-0.4.0-fe2b15d-SNAPSHOT.jar:/root/.m2/repository/org/apache/ratis/ratis-netty/0.4.0-fe2b15d-SNAPSHOT/ratis-netty-0.4.0-fe2b15d-SNAPSHOT.jar:/root/.m2/repository/org/apache/ratis/ratis-grpc/0.4.0-fe2b15d-SNAPSHOT/ratis-grpc-0.4.0-fe2b15d-SNAPSHOT.jar:/root/.m2/repository/org/rocksdb/rocksdbjni/5.14.2/rocksdbjni-5.14.2.jar:/root/.m2/repository/org/apache/logging/log4j/log4j-api/2.11.0/log4j-api-2.11.0.jar:/root/.m2/repository/org/apache/logging/log4j/log4j-core/2.11.0/log4j-core-2.11.0.jar:/root/.m2/repository/com/lmax/disruptor/3.4.2/disruptor-3.4.2.jar:/root/.m2/repository/org/apache/commons/commons-pool2/2.6.0/commons-pool2-2.6.0.jar:/root/.m2/repository/org/bouncycastle/bcpkix-jdk15on/1.60/bcpkix-jdk15on-1.60.jar:/root/.m2/repository/commons-validator/commons-validator/1.6/commons-validator-1.6.jar:/root/.m2/repository/commons-digester/commons-digester/1.8.1/commons-digester-1.8.1.jar:/root/.m2/repository/io/jaegertracing/jaeger-client/0.33.1/jaeger-client-0.33.1.jar:/root/.m2/repository/io/jaegertracing/jaeger-thrift/0.33.1/jaeger-thrift-0.33.1.jar:/root/.m2/repository/org/apache/thrift/libthrift/0.11.0/libthrift-0.11.0.jar:/root/.m2/repository/com/squareup/okhttp3/okhttp/3.9.0/okhttp-3.9.0.jar:/root/.m2/repository/com/squareup/okio/okio/1.13.0/okio-1.13.0.jar:/root/.m2/repository/io/jaegertracing/jaeger-core/0.33.1/jaeger-core-0.33.1.jar:/root/.m2/repository/io/jaegertracing/jaeger-tracerresolver/0.33.1/jaeger-tracerresolver-0.33.1.jar:/root/.m2/repository/io/opentracing/contrib/opentracing-tracerresolver/0.1.5/opentracing-tracerresolver-0.1.5.jar:/root/.m2/repository/io/opentracing/opentracing-util/0.31.0/opentracing-util-0.31.0.jar:/root/.m2/repository/io/opentracing/opentracing-api/0.31.0/opentracing-api-0.31.0.jar:/root/.m2/repository/io/opentracing/opentracing-noop/0.31.0/opentracing-noop-0.31.0.jar:/root/.m2/repository/org/apache/hadoop/hadoop-hdds-server-framework/0.5.0-SNAPSHOT/hadoop-hdds-server-framework-0.5.0-SNAPSHOT.jar:/root/.m2/repository/org/apache/hadoop/hadoop-hdds-server-scm/0.5.0-SNAPSHOT/hadoop-hdds-server-scm-0.5.0-SNAPSHOT.jar:/root/.m2/repository/org/apache/hadoop/hadoop-hdds-container-service/0.5.0-SNAPSHOT/hadoop-hdds-container-service-0.5.0-SNAPSHOT.jar:/root/.m2/repository/org/apache/hadoop/hadoop-hdds-client/0.5.0-SNAPSHOT/hadoop-hdds-client-0.5.0-SNAPSHOT.jar:/root/.m2/repository/org/apache/hadoop/hadoop-hdds-tools/0.5.0-SNAPSHOT/hadoop-hdds-tools-0.5.0-SNAPSHOT.jar:/root/.m2/repository/org/apache/hadoop/hadoop-ozone-ozone-manager/0.5.0-SNAPSHOT/hadoop-ozone-ozone-manager-0.5.0-SNAPSHOT.jar:/root/.m2/repository/org/apache/hadoop/hadoop-hdds-docs/0.5.0-SNAPSHOT/hadoop-hdds-docs-0.5.0-SNAPSHOT.jar:/root/.m2/repository/org/bouncycastle/bcprov-jdk15on/1.60/bcprov-jdk15on-1.60.jar:/root/.m2/repository/org/apache/hadoop/hadoop-minikdc/3.2.0/hadoop-minikdc-3.2.0.jar:/root/.m2/repository/commons-io/commons-io/2.5/commons-io-2.5.jar:/root/.m2/repository/org/apache/kerby/kerb-simplekdc/1.0.1/kerb-simplekdc-1.0.1.jar:/root/.m2/repository/org/apache/kerby/kerb-client/1.0.1/kerb-client-1.0.1.jar:/root/.m2/repository/org/apache/kerby/kerby-config/1.0.1/kerby-config-1.0.1.jar:/root/.m2/repository/org/apache/kerby/kerb-core/1.0.1/kerb-core-1.0.1.jar:/root/.m2/repository/org/apache/kerby/kerby-pkix/1.0.1/kerby-pkix-1.0.1.jar:/root/.m2/repository/org/apache/kerby/kerby-asn1/1.0.1/kerby-asn1-1.0.1.jar:/root/.m2/repository/org/apache/kerby/kerby-util/1.0.1/kerby-util-1.0.1.jar:/root/.m2/repository/org/apache/kerby/kerb-common/1.0.1/kerb-common-1.0.1.jar:/root/.m2/repository/org/apache/kerby/kerb-crypto/1.0.1/kerb-crypto-1.0.1.jar:/root/.m2/repository/org/apache/kerby/kerb-util/1.0.1/kerb-util-1.0.1.jar:/root/.m2/repository/org/apache/kerby/token-provider/1.0.1/token-provider-1.0.1.jar:/root/.m2/repository/org/apache/kerby/kerb-admin/1.0.1/kerb-admin-1.0.1.jar:/root/.m2/repository/org/apache/kerby/kerb-server/1.0.1/kerb-server-1.0.1.jar:/root/.m2/repository/org/apache/kerby/kerb-identity/1.0.1/kerb-identity-1.0.1.jar:/root/.m2/repository/org/apache/kerby/kerby-xdr/1.0.1/kerby-xdr-1.0.1.jar:/root/.m2/repository/org/slf4j/slf4j-log4j12/1.7.25/slf4j-log4j12-1.7.25.jar:/root/.m2/repository/org/apache/hadoop/hadoop-ozone-objectstore-service/0.5.0-SNAPSHOT/hadoop-ozone-objectstore-service-0.5.0-SNAPSHOT.jar:/root/.m2/repository/org/apache/hadoop/hadoop-ozone-s3gateway/0.5.0-SNAPSHOT/hadoop-ozone-s3gateway-0.5.0-SNAPSHOT.jar:/root/.m2/repository/org/jboss/weld/servlet/weld-servlet/2.4.7.Final/weld-servlet-2.4.7.Final.jar:/root/.m2/repository/org/glassfish/jersey/containers/jersey-container-servlet-core/2.27/jersey-container-servlet-core-2.27.jar:/root/.m2/repository/org/glassfish/hk2/external/javax.inject/2.5.0-b42/javax.inject-2.5.0-b42.jar:/root/.m2/repository/org/glassfish/jersey/core/jersey-common/2.27/jersey-common-2.27.jar:/root/.m2/repository/org/glassfish/hk2/osgi-resource-locator/1.0.1/osgi-resource-locator-1.0.1.jar:/root/.m2/repository/javax/ws/rs/javax.ws.rs-api/2.1/javax.ws.rs-api-2.1.jar:/root/.m2/repository/org/glassfish/jersey/ext/cdi/jersey-cdi1x/2.27/jersey-cdi1x-2.27.jar:/root/.m2/repository/org/glassfish/jersey/inject/jersey-hk2/2.27/jersey-hk2-2.27.jar:/root/.m2/repository/org/glassfish/hk2/hk2-locator/2.5.0-b42/hk2-locator-2.5.0-b42.jar:/root/.m2/repository/org/javassist/javassist/3.22.0-CR2/javassist-3.22.0-CR2.jar:/root/.m2/repository/org/glassfish/hk2/hk2-api/2.5.0/hk2-api-2.5.0.jar:/root/.m2/repository/org/glassfish/hk2/external/jakarta.inject/2.5.0/jakarta.inject-2.5.0.jar:/root/.m2/repository/org/glassfish/hk2/hk2-utils/2.5.0/hk2-utils-2.5.0.jar:/root/.m2/repository/jakarta/annotation/jakarta.annotation-api/1.3.4/jakarta.annotation-api-1.3.4.jar:/root/.m2/repository/org/glassfish/hk2/external/aopalliance-repackaged/2.5.0/aopalliance-repackaged-2.5.0.jar:/root/.m2/repository/com/fasterxml/jackson/dataformat/jackson-dataformat-xml/2.9.0/jackson-dataformat-xml-2.9.0.jar:/root/.m2/repository/com/fasterxml/jackson/core/jackson-core/2.9.5/jackson-core-2.9.5.jar:/root/.m2/repository/com/fasterxml/jackson/module/jackson-module-jaxb-annotations/2.9.5/jackson-module-jaxb-annotations-2.9.5.jar:/root/.m2/repository/javax/enterprise/cdi-api/1.2/cdi-api-1.2.jar:/root/.m2/repository/javax/el/javax.el-api/3.0.0/javax.el-api-3.0.0.jar:/root/.m2/repository/javax/interceptor/javax.interceptor-api/1.2/javax.interceptor-api-1.2.jar:/root/.m2/repository/javax/inject/javax.inject/1/javax.inject-1.jar:/root/.m2/repository/com/sun/xml/bind/jaxb-impl/2.3.0.1/jaxb-impl-2.3.0.1.jar:/root/.m2/repository/com/sun/xml/bind/jaxb-core/2.3.0.1/jaxb-core-2.3.0.1.jar:/root/.m2/repository/javax/xml/bind/jaxb-api/2.3.0/jaxb-api-2.3.0.jar:/root/.m2/repository/javax/activation/activation/1.1.1/activation-1.1.1.jar:/root/.m2/repository/org/apache/hadoop/hadoop-ozone-csi/0.5.0-SNAPSHOT/hadoop-ozone-csi-0.5.0-SNAPSHOT.jar:/root/.m2/repository/com/google/protobuf/protobuf-java-util/3.5.1/protobuf-java-util-3.5.1.jar:/root/.m2/repository/org/apache/hadoop/hadoop-hdds-config/0.5.0-SNAPSHOT/hadoop-hdds-config-0.5.0-SNAPSHOT.jar:/root/.m2/repository/com/google/guava/guava/11.0.2/guava-11.0.2.jar:/root/.m2/repository/com/google/protobuf/protobuf-java/2.5.0/protobuf-java-2.5.0.jar:/root/.m2/repository/io/grpc/grpc-netty/1.17.1/grpc-netty-1.17.1.jar:/root/.m2/repository/io/grpc/grpc-core/1.17.1/grpc-core-1.17.1.jar:/root/.m2/repository/io/grpc/grpc-context/1.17.1/grpc-context-1.17.1.jar:/root/.m2/repository/com/google/errorprone/error_prone_annotations/2.2.0/error_prone_annotations-2.2.0.jar:/root/.m2/repository/org/codehaus/mojo/animal-sniffer-annotations/1.17/animal-sniffer-annotations-1.17.jar:/root/.m2/repository/io/opencensus/opencensus-api/0.17.0/opencensus-api-0.17.0.jar:/root/.m2/repository/io/opencensus/opencensus-contrib-grpc-metrics/0.17.0/opencensus-contrib-grpc-metrics-0.17.0.jar:/root/.m2/repository/io/netty/netty-codec-http2/4.1.30.Final/netty-codec-http2-4.1.30.Final.jar:/root/.m2/repository/io/netty/netty-codec-http/4.1.30.Final/netty-codec-http-4.1.30.Final.jar:/root/.m2/repository/io/netty/netty-codec/4.1.30.Final/netty-codec-4.1.30.Final.jar:/root/.m2/repository/io/netty/netty-handler/4.1.30.Final/netty-handler-4.1.30.Final.jar:/root/.m2/repository/io/netty/netty-handler-proxy/4.1.30.Final/netty-handler-proxy-4.1.30.Final.jar:/root/.m2/repository/io/netty/netty-codec-socks/4.1.30.Final/netty-codec-socks-4.1.30.Final.jar:/root/.m2/repository/io/netty/netty-transport-native-epoll/4.1.30.Final/netty-transport-native-epoll-4.1.30.Final.jar:/root/.m2/repository/io/netty/netty-common/4.1.30.Final/netty-common-4.1.30.Final.jar:/root/.m2/repository/io/netty/netty-buffer/4.1.30.Final/netty-buffer-4.1.30.Final.jar:/root/.m2/repository/io/netty/netty-transport/4.1.30.Final/netty-transport-4.1.30.Final.jar:/root/.m2/repository/io/netty/netty-resolver/4.1.30.Final/netty-resolver-4.1.30.Final.jar:/root/.m2/repository/io/netty/netty-transport-native-unix-common/4.1.30.Final/netty-transport-native-unix-common-4.1.30.Final.jar:/root/.m2/repository/io/grpc/grpc-protobuf/1.17.1/grpc-protobuf-1.17.1.jar:/root/.m2/repository/com/google/api/grpc/proto-google-common-protos/1.0.0/proto-google-common-protos-1.0.0.jar:/root/.m2/repository/io/grpc/grpc-protobuf-lite/1.17.1/grpc-protobuf-lite-1.17.1.jar:/root/.m2/repository/io/grpc/grpc-stub/1.17.1/grpc-stub-1.17.1.jar:/root/.m2/repository/org/apache/hadoop/hadoop-ozone-recon/0.5.0-SNAPSHOT/hadoop-ozone-recon-0.5.0-SNAPSHOT.jar:/root/.m2/repository/org/apache/hadoop/hadoop-ozone-reconcodegen/0.5.0-SNAPSHOT/hadoop-ozone-reconcodegen-0.5.0-SNAPSHOT.jar:/root/.m2/repository/com/google/inject/extensions/guice-multibindings/4.0/guice-multibindings-4.0.jar:/root/.m2/repository/com/google/inject/guice/4.0/guice-4.0.jar:/root/.m2/repository/aopalliance/aopalliance/1.0/aopalliance-1.0.jar:/root/.m2/repository/com/google/inject/extensions/guice-servlet/4.0/guice-servlet-4.0.jar:/root/.m2/repository/org/glassfish/jersey/containers/jersey-container-servlet/2.27/jersey-container-servlet-2.27.jar:/root/.m2/repository/org/glassfish/hk2/guice-bridge/2.5.0/guice-bridge-2.5.0.jar:/root/.m2/repository/org/glassfish/jersey/core/jersey-server/2.27/jersey-server-2.27.jar:/root/.m2/repository/org/glassfish/jersey/core/jersey-client/2.27/jersey-client-2.27.jar:/root/.m2/repository/org/glassfish/jersey/media/jersey-media-jaxb/2.27/jersey-media-jaxb-2.27.jar:/root/.m2/repository/javax/validation/validation-api/1.1.0.Final/validation-api-1.1.0.Final.jar:/root/.m2/repository/org/glassfish/jersey/media/jersey-media-json-jackson/2.27/jersey-media-json-jackson-2.27.jar:/root/.m2/repository/org/glassfish/jersey/ext/jersey-entity-filtering/2.27/jersey-entity-filtering-2.27.jar:/root/.m2/repository/com/google/inject/extensions/guice-assistedinject/4.0/guice-assistedinject-4.0.jar:/root/.m2/repository/org/jooq/jooq/3.11.10/jooq-3.11.10.jar:/root/.m2/repository/org/jooq/jooq-meta/3.11.10/jooq-meta-3.11.10.jar:/root/.m2/repository/org/jooq/jooq-codegen/3.11.10/jooq-codegen-3.11.10.jar:/root/.m2/repository/com/jolbox/bonecp/0.8.0.RELEASE/bonecp-0.8.0.RELEASE.jar:/root/.m2/repository/org/xerial/sqlite-jdbc/3.25.2/sqlite-jdbc-3.25.2.jar:/root/.m2/repository/org/springframework/spring-jdbc/5.1.3.RELEASE/spring-jdbc-5.1.3.RELEASE.jar:/root/.m2/repository/org/springframework/spring-beans/5.1.3.RELEASE/spring-beans-5.1.3.RELEASE.jar:/root/.m2/repository/org/springframework/spring-core/5.1.3.RELEASE/spring-core-5.1.3.RELEASE.jar:/root/.m2/repository/org/springframework/spring-jcl/5.1.3.RELEASE/spring-jcl-5.1.3.RELEASE.jar:/root/.m2/repository/org/springframework/spring-tx/5.1.3.RELEASE/spring-tx-5.1.3.RELEASE.jar:/root/.m2/repository/org/apache/hadoop/hadoop-ozone-client/0.5.0-SNAPSHOT/hadoop-ozone-client-0.5.0-SNAPSHOT.jar:/root/.m2/repository/org/apache/hadoop/hadoop-ozone-ozone-manager/0.5.0-SNAPSHOT/hadoop-ozone-ozone-manager-0.5.0-SNAPSHOT-tests.jar:/root/.m2/repository/junit/junit/4.11/junit-4.11.jar:/root/.m2/repository/org/hamcrest/hamcrest-core/1.3/hamcrest-core-1.3.jar:/root/.m2/repository/org/openjdk/jmh/jmh-core/1.19/jmh-core-1.19.jar:/root/.m2/repository/net/sf/jopt-simple/jopt-simple/4.6/jopt-simple-4.6.jar:/root/.m2/repository/org/apache/commons/commons-math3/3.1.1/commons-math3-3.1.1.jar:/root/.m2/repository/org/openjdk/jmh/jmh-generator-annprocess/1.19/jmh-generator-annprocess-1.19.jar:/root/.m2/repository/org/mockito/mockito-all/1.8.5/mockito-all-1.8.5.jar:/root/.m2/repository/org/apache/hadoop/hadoop-kms/3.2.0/hadoop-kms-3.2.0.jar:/root/.m2/repository/org/apache/hadoop/hadoop-auth/3.2.0/hadoop-auth-3.2.0.jar:/root/.m2/repository/com/nimbusds/nimbus-jose-jwt/4.41.1/nimbus-jose-jwt-4.41.1.jar:/root/.m2/repository/com/github/stephenc/jcip/jcip-annotations/1.0-1/jcip-annotations-1.0-1.jar:/root/.m2/repository/net/minidev/json-smart/2.3/json-smart-2.3.jar:/root/.m2/repository/net/minidev/accessors-smart/1.2/accessors-smart-1.2.jar:/root/.m2/repository/org/ow2/asm/asm/5.0.4/asm-5.0.4.jar:/root/.m2/repository/org/apache/curator/curator-framework/2.12.0/curator-framework-2.12.0.jar:/root/.m2/repository/com/sun/jersey/jersey-core/1.19/jersey-core-1.19.jar:/root/.m2/repository/javax/ws/rs/jsr311-api/1.1.1/jsr311-api-1.1.1.jar:/root/.m2/repository/com/sun/jersey/jersey-server/1.19/jersey-server-1.19.jar:/root/.m2/repository/javax/servlet/javax.servlet-api/3.1.0/javax.servlet-api-3.1.0.jar:/root/.m2/repository/org/eclipse/jetty/jetty-server/9.3.24.v20180605/jetty-server-9.3.24.v20180605.jar:/root/.m2/repository/org/eclipse/jetty/jetty-http/9.3.24.v20180605/jetty-http-9.3.24.v20180605.jar:/root/.m2/repository/org/eclipse/jetty/jetty-io/9.3.24.v20180605/jetty-io-9.3.24.v20180605.jar:/root/.m2/repository/org/eclipse/jetty/jetty-webapp/9.3.24.v20180605/jetty-webapp-9.3.24.v20180605.jar:/root/.m2/repository/org/eclipse/jetty/jetty-xml/9.3.24.v20180605/jetty-xml-9.3.24.v20180605.jar:/root/.m2/repository/log4j/log4j/1.2.17/log4j-1.2.17.jar:/root/.m2/repository/org/slf4j/slf4j-api/1.7.25/slf4j-api-1.7.25.jar:/root/.m2/repository/org/slf4j/jul-to-slf4j/1.7.25/jul-to-slf4j-1.7.25.jar:/root/.m2/repository/org/eclipse/jetty/jetty-util/9.3.24.v20180605/jetty-util-9.3.24.v20180605.jar:/root/.m2/repository/io/dropwizard/metrics/metrics-core/3.2.4/metrics-core-3.2.4.jar:/root/.m2/repository/com/fasterxml/jackson/core/jackson-databind/2.9.5/jackson-databind-2.9.5.jar:/root/.m2/repository/org/apache/hadoop/hadoop-kms/3.2.0/hadoop-kms-3.2.0-tests.jar:/root/.m2/repository/org/apache/hadoop/hadoop-hdds-server-scm/0.5.0-SNAPSHOT/hadoop-hdds-server-scm-0.5.0-SNAPSHOT-tests.jar:/root/.m2/repository/org/hamcrest/hamcrest-all/1.3/hamcrest-all-1.3.jar:/root/.m2/repository/info/picocli/picocli/3.9.6/picocli-3.9.6.jar:/root/.m2/repository/org/apache/hadoop/hadoop-hdds-container-service/0.5.0-SNAPSHOT/hadoop-hdds-container-service-0.5.0-SNAPSHOT-tests.jar:/root/.m2/repository/org/yaml/snakeyaml/1.16/snakeyaml-1.16.jar:/root/.m2/repository/org/apache/hadoop/hadoop-common/3.2.0/hadoop-common-3.2.0-tests.jar:/root/.m2/repository/org/apache/hadoop/hadoop-annotations/3.2.0/hadoop-annotations-3.2.0.jar:/usr/lib/jvm/java-1.8-openjdk/jre/../lib/tools.jar:/root/.m2/repository/commons-cli/commons-cli/1.2/commons-cli-1.2.jar:/root/.m2/repository/org/apache/httpcomponents/httpclient/4.5.2/httpclient-4.5.2.jar:/root/.m2/repository/org/apache/httpcomponents/httpcore/4.4.4/httpcore-4.4.4.jar:/root/.m2/repository/commons-codec/commons-codec/1.11/commons-codec-1.11.jar:/root/.m2/repository/commons-net/commons-net/3.6/commons-net-3.6.jar:/root/.m2/repository/commons-collections/commons-collections/3.2.2/commons-collections-3.2.2.jar:/root/.m2/repository/org/eclipse/jetty/jetty-servlet/9.3.24.v20180605/jetty-servlet-9.3.24.v20180605.jar:/root/.m2/repository/org/eclipse/jetty/jetty-security/9.3.24.v20180605/jetty-security-9.3.24.v20180605.jar:/root/.m2/repository/javax/servlet/jsp/jsp-api/2.1/jsp-api-2.1.jar:/root/.m2/repository/com/sun/jersey/jersey-servlet/1.19/jersey-servlet-1.19.jar:/root/.m2/repository/com/sun/jersey/jersey-json/1.19/jersey-json-1.19.jar:/root/.m2/repository/org/codehaus/jettison/jettison/1.1/jettison-1.1.jar:/root/.m2/repository/org/codehaus/jackson/jackson-core-asl/1.9.13/jackson-core-asl-1.9.13.jar:/root/.m2/repository/org/codehaus/jackson/jackson-mapper-asl/1.9.13/jackson-mapper-asl-1.9.13.jar:/root/.m2/repository/org/codehaus/jackson/jackson-jaxrs/1.9.13/jackson-jaxrs-1.9.13.jar:/root/.m2/repository/org/codehaus/jackson/jackson-xc/1.9.13/jackson-xc-1.9.13.jar:/root/.m2/repository/commons-logging/commons-logging/1.1.3/commons-logging-1.1.3.jar:/root/.m2/repository/commons-beanutils/commons-beanutils/1.9.3/commons-beanutils-1.9.3.jar:/root/.m2/repository/org/apache/commons/commons-configuration2/2.1.1/commons-configuration2-2.1.1.jar:/root/.m2/repository/org/apache/commons/commons-lang3/3.7/commons-lang3-3.7.jar:/root/.m2/repository/org/apache/commons/commons-text/1.4/commons-text-1.4.jar:/root/.m2/repository/org/apache/avro/avro/1.7.7/avro-1.7.7.jar:/root/.m2/repository/com/thoughtworks/paranamer/paranamer/2.3/paranamer-2.3.jar:/root/.m2/repository/org/xerial/snappy/snappy-java/1.0.5/snappy-java-1.0.5.jar:/root/.m2/repository/com/google/re2j/re2j/1.1/re2j-1.1.jar:/root/.m2/repository/com/google/code/gson/gson/2.2.4/gson-2.2.4.jar:/root/.m2/repository/com/jcraft/jsch/0.1.54/jsch-0.1.54.jar:/root/.m2/repository/org/apache/curator/curator-client/2.12.0/curator-client-2.12.0.jar:/root/.m2/repository/org/apache/curator/curator-recipes/2.12.0/curator-recipes-2.12.0.jar:/root/.m2/repository/com/google/code/findbugs/jsr305/3.0.0/jsr305-3.0.0.jar:/root/.m2/repository/org/apache/htrace/htrace-core4/4.1.0-incubating/htrace-core4-4.1.0-incubating.jar:/root/.m2/repository/org/apache/zookeeper/zookeeper/3.4.13/zookeeper-3.4.13.jar:/root/.m2/repository/org/apache/yetus/audience-annotations/0.5.0/audience-annotations-0.5.0.jar:/root/.m2/repository/org/codehaus/woodstox/stax2-api/3.1.4/stax2-api-3.1.4.jar:/root/.m2/repository/com/fasterxml/woodstox/woodstox-core/5.0.3/woodstox-core-5.0.3.jar:/root/.m2/repository/dnsjava/dnsjava/2.1.7/dnsjava-2.1.7.jar:/root/.m2/repository/org/apache/hadoop/hadoop-hdfs/3.2.0/hadoop-hdfs-3.2.0-tests.jar:/root/.m2/repository/org/eclipse/jetty/jetty-util-ajax/9.3.24.v20180605/jetty-util-ajax-9.3.24.v20180605.jar:/root/.m2/repository/commons-daemon/commons-daemon/1.0.13/commons-daemon-1.0.13.jar:/root/.m2/repository/io/netty/netty/3.10.5.Final/netty-3.10.5.Final.jar:/root/.m2/repository/io/netty/netty-all/4.0.52.Final/netty-all-4.0.52.Final.jar:/root/.m2/repository/org/fusesource/leveldbjni/leveldbjni-all/1.8/leveldbjni-all-1.8.jar:"/>
    <property name="sun.cpu.endian" value="little"/>
    <property name="user.home" value="/root"/>
    <property name="user.language" value="en"/>
    <property name="java.specification.vendor" value="Oracle Corporation"/>
    <property name="java.home" value="/usr/lib/jvm/java-1.8-openjdk/jre"/>
    <property name="java.security.krb5.conf" value="/opt/src/hadoop-ozone/integration-test/target/test-classes/krb5.conf"/>
    <property name="basedir" value="/opt/src/hadoop-ozone/integration-test"/>
    <property name="file.separator" value="/"/>
    <property name="line.separator" value="&#10;"/>
    <property name="java.vm.specification.vendor" value="Oracle Corporation"/>
    <property name="java.specification.name" value="Java Platform API Specification"/>
    <property name="java.awt.graphicsenv" value="sun.awt.X11GraphicsEnvironment"/>
    <property name="surefire.real.class.path" value="/opt/src/hadoop-ozone/integration-test/target/surefire/surefirebooter1752295127594246681.jar"/>
    <property name="hadoop.log.dir" value="/opt/src/hadoop-ozone/integration-test/target/log"/>
    <property name="sun.boot.class.path" value="/usr/lib/jvm/java-1.8-openjdk/jre/lib/resources.jar:/usr/lib/jvm/java-1.8-openjdk/jre/lib/rt.jar:/usr/lib/jvm/java-1.8-openjdk/jre/lib/sunrsasign.jar:/usr/lib/jvm/java-1.8-openjdk/jre/lib/jsse.jar:/usr/lib/jvm/java-1.8-openjdk/jre/lib/jce.jar:/usr/lib/jvm/java-1.8-openjdk/jre/lib/charsets.jar:/usr/lib/jvm/java-1.8-openjdk/jre/lib/jfr.jar:/usr/lib/jvm/java-1.8-openjdk/jre/classes"/>
    <property name="sun.management.compiler" value="HotSpot 64-Bit Tiered Compilers"/>
    <property name="java.runtime.version" value="1.8.0_212-b04"/>
    <property name="java.net.preferIPv4Stack" value="true"/>
    <property name="user.name" value="root"/>
    <property name="path.separator" value=":"/>
    <property name="java.security.egd" value="file:///dev/urandom"/>
    <property name="os.version" value="4.15.0-1021-aws"/>
    <property name="java.endorsed.dirs" value="/usr/lib/jvm/java-1.8-openjdk/jre/lib/endorsed"/>
    <property name="java.runtime.name" value="OpenJDK Runtime Environment"/>
    <property name="file.encoding" value="UTF-8"/>
    <property name="java.vm.name" value="OpenJDK 64-Bit Server VM"/>
    <property name="test.build.webapps" value=""/>
    <property name="localRepository" value="/root/.m2/repository"/>
    <property name="java.vendor.url.bug" value="https://icedtea.classpath.org/bugzilla"/>
    <property name="java.io.tmpdir" value="/tmp"/>
    <property name="require.test.libhadoop" value=""/>
    <property name="java.version" value="1.8.0_212"/>
    <property name="user.dir" value="/opt/src/hadoop-ozone/integration-test"/>
    <property name="os.arch" value="amd64"/>
    <property name="java.vm.specification.name" value="Java Virtual Machine Specification"/>
    <property name="test.build.classes" value="/opt/src/hadoop-ozone/integration-test/target/test-classes"/>
    <property name="java.awt.printerjob" value="sun.print.PSPrinterJob"/>
    <property name="sun.os.patch.level" value="unknown"/>
    <property name="hadoop.tmp.dir" value="/opt/src/hadoop-ozone/integration-test/target/tmp"/>
    <property name="java.library.path" value="/usr/lib/jvm/java-1.8-openjdk/jre/lib/amd64/server:/usr/lib/jvm/java-1.8-openjdk/jre/lib/amd64:/usr/lib/jvm/java-1.8-openjdk/jre/../lib/amd64:/opt/src/hadoop-ozone/integration-test/target/native/target/usr/local/lib:/opt/src/hadoop-ozone/integration-test/../../hadoop-common-project/hadoop-common/target/native/target/usr/local/lib:/usr/java/packages/lib/amd64:/usr/lib64:/lib64:/lib:/usr/lib"/>
    <property name="java.vm.info" value="mixed mode"/>
    <property name="java.vendor" value="IcedTea"/>
    <property name="java.vm.version" value="25.212-b04"/>
    <property name="java.ext.dirs" value="/usr/lib/jvm/java-1.8-openjdk/jre/lib/ext:/usr/java/packages/lib/ext"/>
    <property name="sun.io.unicode.encoding" value="UnicodeLittle"/>
    <property name="java.class.version" value="52.0"/>
  </properties>
  <testcase name="testWatchForCommitWithKeyWrite" classname="org.apache.hadoop.ozone.client.rpc.TestWatchForCommit" time="20.387"/>
  <testcase name="testWatchForCommitWithSmallerTimeoutValue" classname="org.apache.hadoop.ozone.client.rpc.TestWatchForCommit" time="14.65"/>
  <testcase name="testWatchForCommitForRetryfailure" classname="org.apache.hadoop.ozone.client.rpc.TestWatchForCommit" time="48.488">
    <failure type="java.lang.AssertionError">java.lang.AssertionError
	at org.junit.Assert.fail(Assert.java:86)
	at org.junit.Assert.assertTrue(Assert.java:41)
	at org.junit.Assert.assertTrue(Assert.java:52)
	at org.apache.hadoop.ozone.client.rpc.TestWatchForCommit.testWatchForCommitForRetryfailure(TestWatchForCommit.java:350)
	at sun.reflect.NativeMethodAccessorImpl.invoke0(Native Method)
	at sun.reflect.NativeMethodAccessorImpl.invoke(NativeMethodAccessorImpl.java:62)
	at sun.reflect.DelegatingMethodAccessorImpl.invoke(DelegatingMethodAccessorImpl.java:43)
	at java.lang.reflect.Method.invoke(Method.java:498)
	at org.junit.runners.model.FrameworkMethod$1.runReflectiveCall(FrameworkMethod.java:47)
	at org.junit.internal.runners.model.ReflectiveCallable.run(ReflectiveCallable.java:12)
	at org.junit.runners.model.FrameworkMethod.invokeExplosively(FrameworkMethod.java:44)
	at org.junit.internal.runners.statements.InvokeMethod.evaluate(InvokeMethod.java:17)
	at org.junit.runners.ParentRunner.runLeaf(ParentRunner.java:271)
	at org.junit.runners.BlockJUnit4ClassRunner.runChild(BlockJUnit4ClassRunner.java:70)
	at org.junit.runners.BlockJUnit4ClassRunner.runChild(BlockJUnit4ClassRunner.java:50)
	at org.junit.runners.ParentRunner$3.run(ParentRunner.java:238)
	at org.junit.runners.ParentRunner$1.schedule(ParentRunner.java:63)
	at org.junit.runners.ParentRunner.runChildren(ParentRunner.java:236)
	at org.junit.runners.ParentRunner.access$000(ParentRunner.java:53)
	at org.junit.runners.ParentRunner$2.evaluate(ParentRunner.java:229)
	at org.junit.runners.ParentRunner.run(ParentRunner.java:309)
	at org.apache.maven.surefire.junit4.JUnit4Provider.execute(JUnit4Provider.java:365)
	at org.apache.maven.surefire.junit4.JUnit4Provider.executeWithRerun(JUnit4Provider.java:273)
	at org.apache.maven.surefire.junit4.JUnit4Provider.executeTestSet(JUnit4Provider.java:238)
	at org.apache.maven.surefire.junit4.JUnit4Provider.invoke(JUnit4Provider.java:159)
	at org.apache.maven.surefire.booter.ForkedBooter.invokeProviderInSameClassLoader(ForkedBooter.java:384)
	at org.apache.maven.surefire.booter.ForkedBooter.runSuitesInProcess(ForkedBooter.java:345)
	at org.apache.maven.surefire.booter.ForkedBooter.execute(ForkedBooter.java:126)
	at org.apache.maven.surefire.booter.ForkedBooter.main(ForkedBooter.java:418)
</failure>
    <system-out><![CDATA[2019-06-13 10:59:10,121 WARN  server.ServerUtils (ServerUtils.java:getScmDbDir(145)) - ozone.scm.db.dirs is not configured. We recommend adding this setting. Falling back to ozone.metadata.dirs instead.
2019-06-13 10:59:10,193 WARN  server.ServerUtils (ServerUtils.java:getScmDbDir(145)) - ozone.scm.db.dirs is not configured. We recommend adding this setting. Falling back to ozone.metadata.dirs instead.
2019-06-13 10:59:10,193 WARN  server.ServerUtils (ServerUtils.java:getScmDbDir(145)) - ozone.scm.db.dirs is not configured. We recommend adding this setting. Falling back to ozone.metadata.dirs instead.
2019-06-13 10:59:10,194 INFO  db.DBStoreBuilder (DBStoreBuilder.java:addTable(110)) - using custom profile for table: deletedBlocks
2019-06-13 10:59:10,194 INFO  db.DBStoreBuilder (DBStoreBuilder.java:processTables(161)) - Using default column profile:DBProfile.DISK for Table:deletedBlocks
2019-06-13 10:59:10,194 INFO  db.DBStoreBuilder (DBStoreBuilder.java:addTable(110)) - using custom profile for table: validCerts
2019-06-13 10:59:10,194 INFO  db.DBStoreBuilder (DBStoreBuilder.java:processTables(161)) - Using default column profile:DBProfile.DISK for Table:validCerts
2019-06-13 10:59:10,194 INFO  db.DBStoreBuilder (DBStoreBuilder.java:addTable(110)) - using custom profile for table: revokedCerts
2019-06-13 10:59:10,194 INFO  db.DBStoreBuilder (DBStoreBuilder.java:processTables(161)) - Using default column profile:DBProfile.DISK for Table:revokedCerts
2019-06-13 10:59:10,195 INFO  db.DBStoreBuilder (DBStoreBuilder.java:addTable(110)) - using custom profile for table: default
2019-06-13 10:59:10,195 INFO  db.DBStoreBuilder (DBStoreBuilder.java:processTables(167)) - Using default column profile:DBProfile.DISK for Table:default
2019-06-13 10:59:10,196 INFO  db.DBStoreBuilder (DBStoreBuilder.java:getDbProfile(198)) - Using default options. DBProfile.DISK
2019-06-13 10:59:10,340 WARN  server.ServerUtils (ServerUtils.java:sanitizeUserArgs(70)) - ozone.scm.stale.node.interval value = 300000 is larger than max = 100000 based on the key value of ozone.scm.heartbeat.thread.interval, reset to the max value 100000.
2019-06-13 10:59:10,341 WARN  server.ServerUtils (ServerUtils.java:sanitizeUserArgs(70)) - ozone.scm.stale.node.interval value = 300000 is larger than max = 100000 based on the key value of ozone.scm.heartbeat.thread.interval, reset to the max value 100000.
2019-06-13 10:59:10,341 INFO  node.SCMNodeManager (SCMNodeManager.java:<init>(108)) - Entering startup safe mode.
2019-06-13 10:59:10,342 INFO  net.NodeSchemaLoader (NodeSchemaLoader.java:loadSchemaFromFile(125)) - Loading file from sun.misc.CompoundEnumeration@729d6ee2
2019-06-13 10:59:10,342 INFO  net.NodeSchemaLoader (NodeSchemaLoader.java:loadSchema(171)) - Loading network topology layer schema file
2019-06-13 10:59:10,345 WARN  server.ServerUtils (ServerUtils.java:getScmDbDir(145)) - ozone.scm.db.dirs is not configured. We recommend adding this setting. Falling back to ozone.metadata.dirs instead.
2019-06-13 10:59:10,358 INFO  pipeline.SCMPipelineManager (SCMPipelineManager.java:initializePipelineState(126)) - No pipeline exists in current db
2019-06-13 10:59:10,358 WARN  server.ServerUtils (ServerUtils.java:getScmDbDir(145)) - ozone.scm.db.dirs is not configured. We recommend adding this setting. Falling back to ozone.metadata.dirs instead.
2019-06-13 10:59:10,376 WARN  events.EventQueue (EventQueue.java:fireEvent(175)) - No event handler registered for event TypedEvent{payloadType=SafeModeStatus, name='SafeModeStatus'}
2019-06-13 10:59:10,378 INFO  ipc.CallQueueManager (CallQueueManager.java:<init>(84)) - Using callQueue: class java.util.concurrent.LinkedBlockingQueue, queueCapacity: 2000, scheduler: class org.apache.hadoop.ipc.DefaultRpcScheduler, ipcBackoff: false.
2019-06-13 10:59:10,378 INFO  ipc.Server (Server.java:run(1074)) - Starting Socket Reader #1 for port 44551
2019-06-13 10:59:10,386 INFO  ipc.CallQueueManager (CallQueueManager.java:<init>(84)) - Using callQueue: class java.util.concurrent.LinkedBlockingQueue, queueCapacity: 2000, scheduler: class org.apache.hadoop.ipc.DefaultRpcScheduler, ipcBackoff: false.
2019-06-13 10:59:10,386 INFO  ipc.Server (Server.java:run(1074)) - Starting Socket Reader #1 for port 40769
2019-06-13 10:59:10,388 INFO  ipc.CallQueueManager (CallQueueManager.java:<init>(84)) - Using callQueue: class java.util.concurrent.LinkedBlockingQueue, queueCapacity: 2000, scheduler: class org.apache.hadoop.ipc.DefaultRpcScheduler, ipcBackoff: false.
2019-06-13 10:59:10,391 INFO  ipc.Server (Server.java:run(1074)) - Starting Socket Reader #1 for port 34855
2019-06-13 10:59:10,398 INFO  hdfs.DFSUtil (DFSUtil.java:httpServerTemplateForNNAndJN(1641)) - Starting Web-server for scm at: http://0.0.0.0:0
2019-06-13 10:59:10,399 INFO  server.AuthenticationFilter (AuthenticationFilter.java:constructSecretProvider(240)) - Unable to initialize FileSignerSecretProvider, falling back to use random secrets.
2019-06-13 10:59:10,401 WARN  http.HttpRequestLog (HttpRequestLog.java:getRequestLog(97)) - Jetty request log can only be enabled using Log4j
2019-06-13 10:59:10,402 INFO  http.HttpServer2 (HttpServer2.java:addGlobalFilter(975)) - Added global filter 'safety' (class=org.apache.hadoop.http.HttpServer2$QuotingInputFilter)
2019-06-13 10:59:10,403 INFO  http.HttpServer2 (HttpServer2.java:addFilter(948)) - Added filter static_user_filter (class=org.apache.hadoop.http.lib.StaticUserWebFilter$StaticUserFilter) to context scm
2019-06-13 10:59:10,403 INFO  http.HttpServer2 (HttpServer2.java:addFilter(958)) - Added filter static_user_filter (class=org.apache.hadoop.http.lib.StaticUserWebFilter$StaticUserFilter) to context logs
2019-06-13 10:59:10,403 INFO  http.HttpServer2 (HttpServer2.java:addFilter(958)) - Added filter static_user_filter (class=org.apache.hadoop.http.lib.StaticUserWebFilter$StaticUserFilter) to context static
2019-06-13 10:59:10,407 INFO  server.StorageContainerManager (StorageContainerManager.java:start(752)) - StorageContainerLocationProtocol RPC server is listening at /0.0.0.0:34855
2019-06-13 10:59:10,407 INFO  impl.MetricsSystemImpl (MetricsSystemImpl.java:init(158)) - StorageContainerManager metrics system started (again)
2019-06-13 10:59:10,409 INFO  server.SCMClientProtocolServer (SCMClientProtocolServer.java:start(149)) - RPC server for Client  is listening at /0.0.0.0:34855
2019-06-13 10:59:10,413 INFO  ipc.Server (Server.java:run(1314)) - IPC Server Responder: starting
2019-06-13 10:59:10,414 INFO  ipc.Server (Server.java:run(1153)) - IPC Server listener on 34855: starting
2019-06-13 10:59:10,431 INFO  server.StorageContainerManager (StorageContainerManager.java:start(761)) - ScmBlockLocationProtocol RPC server is listening at /0.0.0.0:40769
2019-06-13 10:59:10,432 INFO  server.SCMBlockProtocolServer (SCMBlockProtocolServer.java:start(137)) - RPC server for Block Protocol is listening at /0.0.0.0:40769
2019-06-13 10:59:10,432 INFO  ipc.Server (Server.java:run(1314)) - IPC Server Responder: starting
2019-06-13 10:59:10,437 INFO  ipc.Server (Server.java:run(1153)) - IPC Server listener on 40769: starting
2019-06-13 10:59:10,450 INFO  server.StorageContainerManager (StorageContainerManager.java:start(765)) - ScmDatanodeProtocl RPC server is listening at /0.0.0.0:44551
2019-06-13 10:59:10,450 INFO  server.SCMDatanodeProtocolServer (SCMDatanodeProtocolServer.java:start(191)) - RPC server for DataNodes is listening at /0.0.0.0:44551
2019-06-13 10:59:10,450 INFO  ipc.Server (Server.java:run(1314)) - IPC Server Responder: starting
2019-06-13 10:59:10,451 INFO  ipc.Server (Server.java:run(1153)) - IPC Server listener on 44551: starting
2019-06-13 10:59:10,455 INFO  http.HttpServer2 (HttpServer2.java:bindListener(1191)) - Jetty bound to port 43651
2019-06-13 10:59:10,455 INFO  server.Server (Server.java:doStart(351)) - jetty-9.3.24.v20180605, build timestamp: 2018-06-05T17:11:56Z, git hash: 84205aa28f11a4f31f2a3b86d1bba2cc8ab69827
2019-06-13 10:59:10,456 INFO  handler.ContextHandler (ContextHandler.java:doStart(781)) - Started o.e.j.s.ServletContextHandler@4bf10fe1{/logs,file:///opt/src/hadoop-ozone/integration-test/target/log,AVAILABLE}
2019-06-13 10:59:10,456 INFO  handler.ContextHandler (ContextHandler.java:doStart(781)) - Started o.e.j.s.ServletContextHandler@399c408c{/static,file:///opt/src/hadoop-ozone/integration-test/target/test-classes/webapps/static,AVAILABLE}
2019-06-13 10:59:10,459 INFO  handler.ContextHandler (ContextHandler.java:doStart(781)) - Started o.e.j.w.WebAppContext@776e7dfb{/,file:///opt/src/hadoop-ozone/integration-test/target/test-classes/webapps/scm/,AVAILABLE}{/scm}
2019-06-13 10:59:10,459 INFO  server.AbstractConnector (AbstractConnector.java:doStart(278)) - Started ServerConnector@71418a4a{HTTP/1.1,[http/1.1]}{0.0.0.0:43651}
2019-06-13 10:59:10,459 INFO  server.Server (Server.java:doStart(419)) - Started @35811ms
2019-06-13 10:59:10,460 INFO  server.BaseHttpServer (BaseHttpServer.java:updateConnectorAddress(207)) - HTTP server of SCM is listening at http://0.0.0.0:43651
2019-06-13 10:59:10,461 INFO  util.JvmPauseMonitor (JvmPauseMonitor.java:run(188)) - Starting JVM pause monitor
2019-06-13 10:59:10,461 WARN  scm.ScmUtils (ScmUtils.java:getDBPath(63)) - ozone.om.db.dirs is not configured. We recommend adding this setting. Falling back to ozone.metadata.dirs instead.
2019-06-13 10:59:10,464 WARN  scm.ScmUtils (ScmUtils.java:getDBPath(63)) - ozone.om.db.dirs is not configured. We recommend adding this setting. Falling back to ozone.metadata.dirs instead.
2019-06-13 10:59:10,464 INFO  om.OzoneManager (OzoneManager.java:setOMNodeDetails(519)) - OM Service ID is not set. Setting it to the default ID: omServiceIdDefault
2019-06-13 10:59:10,465 INFO  om.OzoneManager (OzoneManager.java:setOMNodeDetails(525)) - OM Node ID is not set. Setting it to the OmStorage's OmID: 9c02ed2e-b953-4c32-ad31-42b9696214d6
2019-06-13 10:59:10,465 WARN  scm.HddsServerUtil (HddsServerUtil.java:getDefaultRatisDirectory(354)) - Storage directory for Ratis is not configured. It is a good idea to map this to an SSD disk. Falling back to ozone.metadata.dirs
2019-06-13 10:59:10,465 WARN  scm.HddsServerUtil (HddsServerUtil.java:getDefaultRatisDirectory(354)) - Storage directory for Ratis is not configured. It is a good idea to map this to an SSD disk. Falling back to ozone.metadata.dirs
2019-06-13 10:59:10,465 INFO  om.OzoneManager (OzoneManager.java:loadOMHAConfigs(476)) - Found matching OM address with OMServiceId: null, OMNodeId: null, RPC Address: localhost:0 and Ratis port: 9872
2019-06-13 10:59:10,471 WARN  scm.ScmUtils (ScmUtils.java:getDBPath(63)) - ozone.om.db.dirs is not configured. We recommend adding this setting. Falling back to ozone.metadata.dirs instead.
2019-06-13 10:59:10,471 INFO  db.DBStoreBuilder (DBStoreBuilder.java:addTable(110)) - using custom profile for table: userTable
2019-06-13 10:59:10,472 INFO  db.DBStoreBuilder (DBStoreBuilder.java:processTables(161)) - Using default column profile:DBProfile.DISK for Table:userTable
2019-06-13 10:59:10,472 INFO  db.DBStoreBuilder (DBStoreBuilder.java:addTable(110)) - using custom profile for table: volumeTable
2019-06-13 10:59:10,472 INFO  db.DBStoreBuilder (DBStoreBuilder.java:processTables(161)) - Using default column profile:DBProfile.DISK for Table:volumeTable
2019-06-13 10:59:10,472 INFO  db.DBStoreBuilder (DBStoreBuilder.java:addTable(110)) - using custom profile for table: bucketTable
2019-06-13 10:59:10,472 INFO  db.DBStoreBuilder (DBStoreBuilder.java:processTables(161)) - Using default column profile:DBProfile.DISK for Table:bucketTable
2019-06-13 10:59:10,473 INFO  db.DBStoreBuilder (DBStoreBuilder.java:addTable(110)) - using custom profile for table: keyTable
2019-06-13 10:59:10,473 INFO  db.DBStoreBuilder (DBStoreBuilder.java:processTables(161)) - Using default column profile:DBProfile.DISK for Table:keyTable
2019-06-13 10:59:10,473 INFO  db.DBStoreBuilder (DBStoreBuilder.java:addTable(110)) - using custom profile for table: deletedTable
2019-06-13 10:59:10,473 INFO  db.DBStoreBuilder (DBStoreBuilder.java:processTables(161)) - Using default column profile:DBProfile.DISK for Table:deletedTable
2019-06-13 10:59:10,473 INFO  db.DBStoreBuilder (DBStoreBuilder.java:addTable(110)) - using custom profile for table: openKeyTable
2019-06-13 10:59:10,473 INFO  db.DBStoreBuilder (DBStoreBuilder.java:processTables(161)) - Using default column profile:DBProfile.DISK for Table:openKeyTable
2019-06-13 10:59:10,474 INFO  db.DBStoreBuilder (DBStoreBuilder.java:addTable(110)) - using custom profile for table: s3Table
2019-06-13 10:59:10,474 INFO  db.DBStoreBuilder (DBStoreBuilder.java:processTables(161)) - Using default column profile:DBProfile.DISK for Table:s3Table
2019-06-13 10:59:10,474 INFO  db.DBStoreBuilder (DBStoreBuilder.java:addTable(110)) - using custom profile for table: multipartInfoTable
2019-06-13 10:59:10,474 INFO  db.DBStoreBuilder (DBStoreBuilder.java:processTables(161)) - Using default column profile:DBProfile.DISK for Table:multipartInfoTable
2019-06-13 10:59:10,474 INFO  db.DBStoreBuilder (DBStoreBuilder.java:addTable(110)) - using custom profile for table: dTokenTable
2019-06-13 10:59:10,475 INFO  db.DBStoreBuilder (DBStoreBuilder.java:processTables(161)) - Using default column profile:DBProfile.DISK for Table:dTokenTable
2019-06-13 10:59:10,475 INFO  db.DBStoreBuilder (DBStoreBuilder.java:addTable(110)) - using custom profile for table: s3SecretTable
2019-06-13 10:59:10,475 INFO  db.DBStoreBuilder (DBStoreBuilder.java:processTables(161)) - Using default column profile:DBProfile.DISK for Table:s3SecretTable
2019-06-13 10:59:10,475 INFO  db.DBStoreBuilder (DBStoreBuilder.java:addTable(110)) - using custom profile for table: prefixTable
2019-06-13 10:59:10,475 INFO  db.DBStoreBuilder (DBStoreBuilder.java:processTables(161)) - Using default column profile:DBProfile.DISK for Table:prefixTable
2019-06-13 10:59:10,475 INFO  db.DBStoreBuilder (DBStoreBuilder.java:addTable(110)) - using custom profile for table: default
2019-06-13 10:59:10,476 INFO  db.DBStoreBuilder (DBStoreBuilder.java:processTables(167)) - Using default column profile:DBProfile.DISK for Table:default
2019-06-13 10:59:10,476 INFO  db.DBStoreBuilder (DBStoreBuilder.java:getDbProfile(198)) - Using default options. DBProfile.DISK
2019-06-13 10:59:10,604 INFO  ipc.CallQueueManager (CallQueueManager.java:<init>(84)) - Using callQueue: class java.util.concurrent.LinkedBlockingQueue, queueCapacity: 2000, scheduler: class org.apache.hadoop.ipc.DefaultRpcScheduler, ipcBackoff: false.
2019-06-13 10:59:10,604 INFO  ipc.Server (Server.java:run(1074)) - Starting Socket Reader #1 for port 34379
2019-06-13 10:59:10,616 WARN  scm.ScmUtils (ScmUtils.java:getDBPath(63)) - ozone.om.db.dirs is not configured. We recommend adding this setting. Falling back to ozone.metadata.dirs instead.
2019-06-13 10:59:10,616 INFO  om.OzoneManager (OzoneManager.java:start(1217)) - OzoneManager RPC server is listening at localhost/127.0.0.1:34379
2019-06-13 10:59:10,616 INFO  impl.MetricsSystemImpl (MetricsSystemImpl.java:init(158)) - OzoneManager metrics system started (again)
2019-06-13 10:59:10,617 INFO  ipc.Server (Server.java:run(1314)) - IPC Server Responder: starting
2019-06-13 10:59:10,618 INFO  ipc.Server (Server.java:run(1153)) - IPC Server listener on 34379: starting
2019-06-13 10:59:10,624 INFO  hdfs.DFSUtil (DFSUtil.java:httpServerTemplateForNNAndJN(1641)) - Starting Web-server for ozoneManager at: http://0.0.0.0:0
2019-06-13 10:59:10,626 INFO  server.AuthenticationFilter (AuthenticationFilter.java:constructSecretProvider(240)) - Unable to initialize FileSignerSecretProvider, falling back to use random secrets.
2019-06-13 10:59:10,629 WARN  http.HttpRequestLog (HttpRequestLog.java:getRequestLog(97)) - Jetty request log can only be enabled using Log4j
2019-06-13 10:59:10,630 INFO  http.HttpServer2 (HttpServer2.java:addGlobalFilter(975)) - Added global filter 'safety' (class=org.apache.hadoop.http.HttpServer2$QuotingInputFilter)
2019-06-13 10:59:10,631 INFO  http.HttpServer2 (HttpServer2.java:addFilter(948)) - Added filter static_user_filter (class=org.apache.hadoop.http.lib.StaticUserWebFilter$StaticUserFilter) to context ozoneManager
2019-06-13 10:59:10,631 INFO  http.HttpServer2 (HttpServer2.java:addFilter(958)) - Added filter static_user_filter (class=org.apache.hadoop.http.lib.StaticUserWebFilter$StaticUserFilter) to context static
2019-06-13 10:59:10,631 INFO  http.HttpServer2 (HttpServer2.java:addFilter(958)) - Added filter static_user_filter (class=org.apache.hadoop.http.lib.StaticUserWebFilter$StaticUserFilter) to context logs
2019-06-13 10:59:10,632 INFO  http.HttpServer2 (HttpServer2.java:bindListener(1191)) - Jetty bound to port 37155
2019-06-13 10:59:10,632 INFO  server.Server (Server.java:doStart(351)) - jetty-9.3.24.v20180605, build timestamp: 2018-06-05T17:11:56Z, git hash: 84205aa28f11a4f31f2a3b86d1bba2cc8ab69827
2019-06-13 10:59:10,644 INFO  handler.ContextHandler (ContextHandler.java:doStart(781)) - Started o.e.j.s.ServletContextHandler@68360fb9{/logs,file:///opt/src/hadoop-ozone/integration-test/target/log,AVAILABLE}
2019-06-13 10:59:10,644 INFO  handler.ContextHandler (ContextHandler.java:doStart(781)) - Started o.e.j.s.ServletContextHandler@67b3960b{/static,file:///opt/src/hadoop-ozone/integration-test/target/test-classes/webapps/static,AVAILABLE}
2019-06-13 10:59:10,648 INFO  handler.ContextHandler (ContextHandler.java:doStart(781)) - Started o.e.j.w.WebAppContext@2211e731{/,file:///opt/src/hadoop-ozone/integration-test/target/test-classes/webapps/ozoneManager/,AVAILABLE}{/ozoneManager}
2019-06-13 10:59:10,648 INFO  server.AbstractConnector (AbstractConnector.java:doStart(278)) - Started ServerConnector@73e399cc{HTTP/1.1,[http/1.1]}{0.0.0.0:37155}
2019-06-13 10:59:10,649 INFO  server.Server (Server.java:doStart(419)) - Started @36001ms
2019-06-13 10:59:10,649 INFO  server.BaseHttpServer (BaseHttpServer.java:updateConnectorAddress(207)) - HTTP server of OZONEMANAGER is listening at http://0.0.0.0:37155
2019-06-13 10:59:10,661 INFO  impl.MetricsSystemImpl (MetricsSystemImpl.java:init(158)) - HddsDatanode metrics system started (again)
2019-06-13 10:59:10,662 INFO  ozone.HddsDatanodeService (HddsDatanodeService.java:start(185)) - HddsDatanodeService host:ozone-5n8bq-3406807641 ip:192.168.46.8
2019-06-13 10:59:10,670 INFO  volume.HddsVolume (HddsVolume.java:<init>(176)) - Creating Volume: /opt/src/hadoop-ozone/integration-test/target/test-dir/MiniOzoneClusterImpl-7dea1a61-12f6-4270-a8c4-8cb37dc8f048/datanode-0/data/containers/hdds of  storage type : DISK and capacity : 104021790720
2019-06-13 10:59:10,670 INFO  volume.VolumeSet (VolumeSet.java:initializeVolumeSet(170)) - Added Volume : /opt/src/hadoop-ozone/integration-test/target/test-dir/MiniOzoneClusterImpl-7dea1a61-12f6-4270-a8c4-8cb37dc8f048/datanode-0/data/containers/hdds to VolumeSet
2019-06-13 10:59:10,670 INFO  volume.ThrottledAsyncChecker (ThrottledAsyncChecker.java:schedule(140)) - Scheduling a check for org.apache.hadoop.ozone.container.common.volume.HddsVolume@28cf179c
2019-06-13 10:59:10,675 INFO  volume.HddsVolumeChecker (HddsVolumeChecker.java:checkAllVolumes(203)) - Scheduled health check for volume org.apache.hadoop.ozone.container.common.volume.HddsVolume@28cf179c
2019-06-13 10:59:10,684 INFO  ratis.XceiverServerRatis (XceiverServerRatis.java:newXceiverServerRatis(401)) - Found a free port for the server : 33705
2019-06-13 10:59:10,685 INFO  impl.RaftServerProxy (ConfUtils.java:logGet(43)) - raft.rpc.type = GRPC (default)
2019-06-13 10:59:10,685 INFO  grpc.GrpcConfigKeys$Server (ConfUtils.java:logGet(43)) - raft.grpc.server.port = 33705 (custom)
2019-06-13 10:59:10,685 INFO  server.GrpcService (ConfUtils.java:logGet(43)) - raft.grpc.message.size.max = 33570816 (custom)
2019-06-13 10:59:10,685 INFO  server.RaftServerConfigKeys (ConfUtils.java:logGet(43)) - raft.server.log.appender.buffer.byte-limit = 33554432 (custom)
2019-06-13 10:59:10,685 INFO  server.GrpcService (ConfUtils.java:logGet(43)) - raft.grpc.flow.control.window = 1MB (=1048576) (default)
2019-06-13 10:59:10,686 INFO  server.RaftServerConfigKeys (ConfUtils.java:logGet(43)) - raft.server.rpc.request.timeout = 3000ms (default)
2019-06-13 10:59:10,686 INFO  server.RaftServerConfigKeys (ConfUtils.java:logGet(43)) - raft.server.storage.dir = [/opt/src/hadoop-ozone/integration-test/target/test-dir/MiniOzoneClusterImpl-7dea1a61-12f6-4270-a8c4-8cb37dc8f048/datanode-0/data/ratis] (custom)
2019-06-13 10:59:10,686 INFO  server.XceiverServerGrpc (XceiverServerGrpc.java:<init>(97)) - Found a free port for the server : 40059
2019-06-13 10:59:10,686 INFO  replication.SimpleContainerDownloader (SimpleContainerDownloader.java:<init>(72)) - Starting container downloader service to copy containers to replicate.
2019-06-13 10:59:10,687 INFO  hdfs.DFSUtil (DFSUtil.java:httpServerTemplateForNNAndJN(1641)) - Starting Web-server for hddsDatanode at: http://0.0.0.0:0
2019-06-13 10:59:10,688 INFO  server.AuthenticationFilter (AuthenticationFilter.java:constructSecretProvider(240)) - Unable to initialize FileSignerSecretProvider, falling back to use random secrets.
2019-06-13 10:59:10,688 WARN  http.HttpRequestLog (HttpRequestLog.java:getRequestLog(97)) - Jetty request log can only be enabled using Log4j
2019-06-13 10:59:10,689 INFO  http.HttpServer2 (HttpServer2.java:addGlobalFilter(975)) - Added global filter 'safety' (class=org.apache.hadoop.http.HttpServer2$QuotingInputFilter)
2019-06-13 10:59:10,690 INFO  http.HttpServer2 (HttpServer2.java:addFilter(948)) - Added filter static_user_filter (class=org.apache.hadoop.http.lib.StaticUserWebFilter$StaticUserFilter) to context hddsDatanode
2019-06-13 10:59:10,690 INFO  http.HttpServer2 (HttpServer2.java:addFilter(958)) - Added filter static_user_filter (class=org.apache.hadoop.http.lib.StaticUserWebFilter$StaticUserFilter) to context logs
2019-06-13 10:59:10,690 INFO  http.HttpServer2 (HttpServer2.java:addFilter(958)) - Added filter static_user_filter (class=org.apache.hadoop.http.lib.StaticUserWebFilter$StaticUserFilter) to context static
2019-06-13 10:59:10,691 INFO  http.HttpServer2 (HttpServer2.java:bindListener(1191)) - Jetty bound to port 42821
2019-06-13 10:59:10,691 INFO  server.Server (Server.java:doStart(351)) - jetty-9.3.24.v20180605, build timestamp: 2018-06-05T17:11:56Z, git hash: 84205aa28f11a4f31f2a3b86d1bba2cc8ab69827
2019-06-13 10:59:10,706 INFO  handler.ContextHandler (ContextHandler.java:doStart(781)) - Started o.e.j.s.ServletContextHandler@b5ff70b{/logs,file:///opt/src/hadoop-ozone/integration-test/target/log,AVAILABLE}
2019-06-13 10:59:10,707 INFO  handler.ContextHandler (ContextHandler.java:doStart(781)) - Started o.e.j.s.ServletContextHandler@114badf0{/static,jar:file:/root/.m2/repository/org/apache/hadoop/hadoop-hdds-container-service/0.5.0-SNAPSHOT/hadoop-hdds-container-service-0.5.0-SNAPSHOT.jar!/webapps/static,AVAILABLE}
2019-06-13 10:59:10,733 INFO  handler.ContextHandler (ContextHandler.java:doStart(781)) - Started o.e.j.w.WebAppContext@6ffdbeef{/,file:///tmp/jetty-0.0.0.0-42821-hddsDatanode-_-any-5753519774692005216.dir/webapp/,AVAILABLE}{/hddsDatanode}
2019-06-13 10:59:10,733 INFO  server.AbstractConnector (AbstractConnector.java:doStart(278)) - Started ServerConnector@4a3509b0{HTTP/1.1,[http/1.1]}{0.0.0.0:42821}
2019-06-13 10:59:10,734 INFO  server.Server (Server.java:doStart(419)) - Started @36087ms
2019-06-13 10:59:10,735 INFO  server.BaseHttpServer (BaseHttpServer.java:updateConnectorAddress(207)) - HTTP server of HDDSDATANODE is listening at http://0.0.0.0:42821
2019-06-13 10:59:10,852 INFO  ozone.HddsDatanodeService (HddsDatanodeService.java:startPlugins(396)) - Started plug-in org.apache.hadoop.ozone.web.OzoneHddsDatanodeService@647af13d
2019-06-13 10:59:10,852 INFO  impl.MetricsSystemImpl (MetricsSystemImpl.java:init(158)) - HddsDatanode metrics system started (again)
2019-06-13 10:59:10,852 INFO  ozone.HddsDatanodeService (HddsDatanodeService.java:start(185)) - HddsDatanodeService host:ozone-5n8bq-3406807641 ip:192.168.46.8
2019-06-13 10:59:10,868 INFO  util.JvmPauseMonitor (JvmPauseMonitor.java:run(188)) - Starting JVM pause monitor
2019-06-13 10:59:10,869 INFO  datanode.InitDatanodeState (InitDatanodeState.java:persistContainerDatanodeDetails(140)) - DatanodeDetails is persisted to /opt/src/hadoop-ozone/integration-test/target/test-dir/MiniOzoneClusterImpl-7dea1a61-12f6-4270-a8c4-8cb37dc8f048/datanode-0/meta/datanode.id
2019-06-13 10:59:10,873 INFO  volume.HddsVolume (HddsVolume.java:<init>(176)) - Creating Volume: /opt/src/hadoop-ozone/integration-test/target/test-dir/MiniOzoneClusterImpl-7dea1a61-12f6-4270-a8c4-8cb37dc8f048/datanode-1/data/containers/hdds of  storage type : DISK and capacity : 104021790720
2019-06-13 10:59:10,873 INFO  volume.VolumeSet (VolumeSet.java:initializeVolumeSet(170)) - Added Volume : /opt/src/hadoop-ozone/integration-test/target/test-dir/MiniOzoneClusterImpl-7dea1a61-12f6-4270-a8c4-8cb37dc8f048/datanode-1/data/containers/hdds to VolumeSet
2019-06-13 10:59:10,874 INFO  volume.ThrottledAsyncChecker (ThrottledAsyncChecker.java:schedule(140)) - Scheduling a check for org.apache.hadoop.ozone.container.common.volume.HddsVolume@3134b261
2019-06-13 10:59:10,878 INFO  volume.HddsVolumeChecker (HddsVolumeChecker.java:checkAllVolumes(203)) - Scheduled health check for volume org.apache.hadoop.ozone.container.common.volume.HddsVolume@3134b261
2019-06-13 10:59:10,902 INFO  ratis.XceiverServerRatis (XceiverServerRatis.java:newXceiverServerRatis(401)) - Found a free port for the server : 40493
2019-06-13 10:59:10,902 INFO  impl.RaftServerProxy (ConfUtils.java:logGet(43)) - raft.rpc.type = GRPC (default)
2019-06-13 10:59:10,903 INFO  grpc.GrpcConfigKeys$Server (ConfUtils.java:logGet(43)) - raft.grpc.server.port = 40493 (custom)
2019-06-13 10:59:10,903 INFO  server.GrpcService (ConfUtils.java:logGet(43)) - raft.grpc.message.size.max = 33570816 (custom)
2019-06-13 10:59:10,903 INFO  server.RaftServerConfigKeys (ConfUtils.java:logGet(43)) - raft.server.log.appender.buffer.byte-limit = 33554432 (custom)
2019-06-13 10:59:10,904 INFO  server.GrpcService (ConfUtils.java:logGet(43)) - raft.grpc.flow.control.window = 1MB (=1048576) (default)
2019-06-13 10:59:10,904 INFO  server.RaftServerConfigKeys (ConfUtils.java:logGet(43)) - raft.server.rpc.request.timeout = 3000ms (default)
2019-06-13 10:59:10,904 INFO  server.RaftServerConfigKeys (ConfUtils.java:logGet(43)) - raft.server.storage.dir = [/opt/src/hadoop-ozone/integration-test/target/test-dir/MiniOzoneClusterImpl-7dea1a61-12f6-4270-a8c4-8cb37dc8f048/datanode-1/data/ratis] (custom)
2019-06-13 10:59:10,905 INFO  server.XceiverServerGrpc (XceiverServerGrpc.java:<init>(97)) - Found a free port for the server : 38153
2019-06-13 10:59:10,905 INFO  replication.SimpleContainerDownloader (SimpleContainerDownloader.java:<init>(72)) - Starting container downloader service to copy containers to replicate.
2019-06-13 10:59:10,907 INFO  hdfs.DFSUtil (DFSUtil.java:httpServerTemplateForNNAndJN(1641)) - Starting Web-server for hddsDatanode at: http://0.0.0.0:0
2019-06-13 10:59:10,908 INFO  server.AuthenticationFilter (AuthenticationFilter.java:constructSecretProvider(240)) - Unable to initialize FileSignerSecretProvider, falling back to use random secrets.
2019-06-13 10:59:10,914 WARN  http.HttpRequestLog (HttpRequestLog.java:getRequestLog(97)) - Jetty request log can only be enabled using Log4j
2019-06-13 10:59:10,915 INFO  http.HttpServer2 (HttpServer2.java:addGlobalFilter(975)) - Added global filter 'safety' (class=org.apache.hadoop.http.HttpServer2$QuotingInputFilter)
2019-06-13 10:59:10,915 INFO  http.HttpServer2 (HttpServer2.java:addFilter(948)) - Added filter static_user_filter (class=org.apache.hadoop.http.lib.StaticUserWebFilter$StaticUserFilter) to context hddsDatanode
2019-06-13 10:59:10,915 INFO  http.HttpServer2 (HttpServer2.java:addFilter(958)) - Added filter static_user_filter (class=org.apache.hadoop.http.lib.StaticUserWebFilter$StaticUserFilter) to context static
2019-06-13 10:59:10,915 INFO  http.HttpServer2 (HttpServer2.java:addFilter(958)) - Added filter static_user_filter (class=org.apache.hadoop.http.lib.StaticUserWebFilter$StaticUserFilter) to context logs
2019-06-13 10:59:10,916 INFO  http.HttpServer2 (HttpServer2.java:bindListener(1191)) - Jetty bound to port 39381
2019-06-13 10:59:10,916 INFO  server.Server (Server.java:doStart(351)) - jetty-9.3.24.v20180605, build timestamp: 2018-06-05T17:11:56Z, git hash: 84205aa28f11a4f31f2a3b86d1bba2cc8ab69827
2019-06-13 10:59:10,926 INFO  handler.ContextHandler (ContextHandler.java:doStart(781)) - Started o.e.j.s.ServletContextHandler@1dd247b{/logs,file:///opt/src/hadoop-ozone/integration-test/target/log,AVAILABLE}
2019-06-13 10:59:10,926 INFO  handler.ContextHandler (ContextHandler.java:doStart(781)) - Started o.e.j.s.ServletContextHandler@7f64bd7{/static,jar:file:/root/.m2/repository/org/apache/hadoop/hadoop-hdds-container-service/0.5.0-SNAPSHOT/hadoop-hdds-container-service-0.5.0-SNAPSHOT.jar!/webapps/static,AVAILABLE}
2019-06-13 10:59:10,948 INFO  handler.ContextHandler (ContextHandler.java:doStart(781)) - Started o.e.j.w.WebAppContext@2ba318c2{/,file:///tmp/jetty-0.0.0.0-39381-hddsDatanode-_-any-5152539066510380306.dir/webapp/,AVAILABLE}{/hddsDatanode}
2019-06-13 10:59:10,949 INFO  server.AbstractConnector (AbstractConnector.java:doStart(278)) - Started ServerConnector@231d3ce{HTTP/1.1,[http/1.1]}{0.0.0.0:39381}
2019-06-13 10:59:10,949 INFO  server.Server (Server.java:doStart(419)) - Started @36301ms
2019-06-13 10:59:10,950 INFO  server.BaseHttpServer (BaseHttpServer.java:updateConnectorAddress(207)) - HTTP server of HDDSDATANODE is listening at http://0.0.0.0:39381
2019-06-13 10:59:11,206 INFO  ozone.HddsDatanodeService (HddsDatanodeService.java:startPlugins(396)) - Started plug-in org.apache.hadoop.ozone.web.OzoneHddsDatanodeService@155c7eae
2019-06-13 10:59:11,207 INFO  impl.MetricsSystemImpl (MetricsSystemImpl.java:init(158)) - HddsDatanode metrics system started (again)
2019-06-13 10:59:11,207 INFO  ozone.HddsDatanodeService (HddsDatanodeService.java:start(185)) - HddsDatanodeService host:ozone-5n8bq-3406807641 ip:192.168.46.8
2019-06-13 10:59:11,221 INFO  util.JvmPauseMonitor (JvmPauseMonitor.java:run(188)) - Starting JVM pause monitor
2019-06-13 10:59:11,227 INFO  datanode.InitDatanodeState (InitDatanodeState.java:persistContainerDatanodeDetails(140)) - DatanodeDetails is persisted to /opt/src/hadoop-ozone/integration-test/target/test-dir/MiniOzoneClusterImpl-7dea1a61-12f6-4270-a8c4-8cb37dc8f048/datanode-1/meta/datanode.id
2019-06-13 10:59:11,232 INFO  volume.HddsVolume (HddsVolume.java:<init>(176)) - Creating Volume: /opt/src/hadoop-ozone/integration-test/target/test-dir/MiniOzoneClusterImpl-7dea1a61-12f6-4270-a8c4-8cb37dc8f048/datanode-2/data/containers/hdds of  storage type : DISK and capacity : 104021790720
2019-06-13 10:59:11,232 INFO  volume.VolumeSet (VolumeSet.java:initializeVolumeSet(170)) - Added Volume : /opt/src/hadoop-ozone/integration-test/target/test-dir/MiniOzoneClusterImpl-7dea1a61-12f6-4270-a8c4-8cb37dc8f048/datanode-2/data/containers/hdds to VolumeSet
2019-06-13 10:59:11,232 INFO  volume.ThrottledAsyncChecker (ThrottledAsyncChecker.java:schedule(140)) - Scheduling a check for org.apache.hadoop.ozone.container.common.volume.HddsVolume@c29b0dc
2019-06-13 10:59:11,244 INFO  volume.HddsVolumeChecker (HddsVolumeChecker.java:checkAllVolumes(203)) - Scheduled health check for volume org.apache.hadoop.ozone.container.common.volume.HddsVolume@c29b0dc
2019-06-13 10:59:11,258 INFO  ratis.XceiverServerRatis (XceiverServerRatis.java:newXceiverServerRatis(401)) - Found a free port for the server : 39137
2019-06-13 10:59:11,266 INFO  impl.RaftServerProxy (ConfUtils.java:logGet(43)) - raft.rpc.type = GRPC (default)
2019-06-13 10:59:11,267 INFO  grpc.GrpcConfigKeys$Server (ConfUtils.java:logGet(43)) - raft.grpc.server.port = 39137 (custom)
2019-06-13 10:59:11,267 INFO  server.GrpcService (ConfUtils.java:logGet(43)) - raft.grpc.message.size.max = 33570816 (custom)
2019-06-13 10:59:11,267 INFO  server.RaftServerConfigKeys (ConfUtils.java:logGet(43)) - raft.server.log.appender.buffer.byte-limit = 33554432 (custom)
2019-06-13 10:59:11,267 INFO  server.GrpcService (ConfUtils.java:logGet(43)) - raft.grpc.flow.control.window = 1MB (=1048576) (default)
2019-06-13 10:59:11,267 INFO  server.RaftServerConfigKeys (ConfUtils.java:logGet(43)) - raft.server.rpc.request.timeout = 3000ms (default)
2019-06-13 10:59:11,268 INFO  server.RaftServerConfigKeys (ConfUtils.java:logGet(43)) - raft.server.storage.dir = [/opt/src/hadoop-ozone/integration-test/target/test-dir/MiniOzoneClusterImpl-7dea1a61-12f6-4270-a8c4-8cb37dc8f048/datanode-2/data/ratis] (custom)
2019-06-13 10:59:11,268 INFO  server.XceiverServerGrpc (XceiverServerGrpc.java:<init>(97)) - Found a free port for the server : 36107
2019-06-13 10:59:11,269 INFO  replication.SimpleContainerDownloader (SimpleContainerDownloader.java:<init>(72)) - Starting container downloader service to copy containers to replicate.
2019-06-13 10:59:11,270 INFO  hdfs.DFSUtil (DFSUtil.java:httpServerTemplateForNNAndJN(1641)) - Starting Web-server for hddsDatanode at: http://0.0.0.0:0
2019-06-13 10:59:11,276 INFO  server.AuthenticationFilter (AuthenticationFilter.java:constructSecretProvider(240)) - Unable to initialize FileSignerSecretProvider, falling back to use random secrets.
2019-06-13 10:59:11,277 WARN  http.HttpRequestLog (HttpRequestLog.java:getRequestLog(97)) - Jetty request log can only be enabled using Log4j
2019-06-13 10:59:11,278 INFO  http.HttpServer2 (HttpServer2.java:addGlobalFilter(975)) - Added global filter 'safety' (class=org.apache.hadoop.http.HttpServer2$QuotingInputFilter)
2019-06-13 10:59:11,278 INFO  http.HttpServer2 (HttpServer2.java:addFilter(948)) - Added filter static_user_filter (class=org.apache.hadoop.http.lib.StaticUserWebFilter$StaticUserFilter) to context hddsDatanode
2019-06-13 10:59:11,279 INFO  http.HttpServer2 (HttpServer2.java:addFilter(958)) - Added filter static_user_filter (class=org.apache.hadoop.http.lib.StaticUserWebFilter$StaticUserFilter) to context static
2019-06-13 10:59:11,279 INFO  http.HttpServer2 (HttpServer2.java:addFilter(958)) - Added filter static_user_filter (class=org.apache.hadoop.http.lib.StaticUserWebFilter$StaticUserFilter) to context logs
2019-06-13 10:59:11,279 INFO  http.HttpServer2 (HttpServer2.java:bindListener(1191)) - Jetty bound to port 44725
2019-06-13 10:59:11,279 INFO  server.Server (Server.java:doStart(351)) - jetty-9.3.24.v20180605, build timestamp: 2018-06-05T17:11:56Z, git hash: 84205aa28f11a4f31f2a3b86d1bba2cc8ab69827
2019-06-13 10:59:11,290 INFO  handler.ContextHandler (ContextHandler.java:doStart(781)) - Started o.e.j.s.ServletContextHandler@26feccf7{/logs,file:///opt/src/hadoop-ozone/integration-test/target/log,AVAILABLE}
2019-06-13 10:59:11,290 INFO  handler.ContextHandler (ContextHandler.java:doStart(781)) - Started o.e.j.s.ServletContextHandler@3831f4c2{/static,jar:file:/root/.m2/repository/org/apache/hadoop/hadoop-hdds-container-service/0.5.0-SNAPSHOT/hadoop-hdds-container-service-0.5.0-SNAPSHOT.jar!/webapps/static,AVAILABLE}
2019-06-13 10:59:11,315 INFO  handler.ContextHandler (ContextHandler.java:doStart(781)) - Started o.e.j.w.WebAppContext@694b1ddb{/,file:///tmp/jetty-0.0.0.0-44725-hddsDatanode-_-any-4739215460911752176.dir/webapp/,AVAILABLE}{/hddsDatanode}
2019-06-13 10:59:11,315 INFO  server.AbstractConnector (AbstractConnector.java:doStart(278)) - Started ServerConnector@5690c2a8{HTTP/1.1,[http/1.1]}{0.0.0.0:44725}
2019-06-13 10:59:11,315 INFO  server.Server (Server.java:doStart(419)) - Started @36667ms
2019-06-13 10:59:11,318 INFO  server.BaseHttpServer (BaseHttpServer.java:updateConnectorAddress(207)) - HTTP server of HDDSDATANODE is listening at http://0.0.0.0:44725
2019-06-13 10:59:11,409 INFO  ozone.HddsDatanodeService (HddsDatanodeService.java:startPlugins(396)) - Started plug-in org.apache.hadoop.ozone.web.OzoneHddsDatanodeService@581e8969
2019-06-13 10:59:11,409 INFO  impl.MetricsSystemImpl (MetricsSystemImpl.java:init(158)) - HddsDatanode metrics system started (again)
2019-06-13 10:59:11,410 INFO  ozone.HddsDatanodeService (HddsDatanodeService.java:start(185)) - HddsDatanodeService host:ozone-5n8bq-3406807641 ip:192.168.46.8
2019-06-13 10:59:11,420 INFO  util.JvmPauseMonitor (JvmPauseMonitor.java:run(188)) - Starting JVM pause monitor
2019-06-13 10:59:11,421 INFO  datanode.InitDatanodeState (InitDatanodeState.java:persistContainerDatanodeDetails(140)) - DatanodeDetails is persisted to /opt/src/hadoop-ozone/integration-test/target/test-dir/MiniOzoneClusterImpl-7dea1a61-12f6-4270-a8c4-8cb37dc8f048/datanode-2/meta/datanode.id
2019-06-13 10:59:11,427 INFO  volume.HddsVolume (HddsVolume.java:<init>(176)) - Creating Volume: /opt/src/hadoop-ozone/integration-test/target/test-dir/MiniOzoneClusterImpl-7dea1a61-12f6-4270-a8c4-8cb37dc8f048/datanode-3/data/containers/hdds of  storage type : DISK and capacity : 104021790720
2019-06-13 10:59:11,427 INFO  volume.VolumeSet (VolumeSet.java:initializeVolumeSet(170)) - Added Volume : /opt/src/hadoop-ozone/integration-test/target/test-dir/MiniOzoneClusterImpl-7dea1a61-12f6-4270-a8c4-8cb37dc8f048/datanode-3/data/containers/hdds to VolumeSet
2019-06-13 10:59:11,427 INFO  volume.ThrottledAsyncChecker (ThrottledAsyncChecker.java:schedule(140)) - Scheduling a check for org.apache.hadoop.ozone.container.common.volume.HddsVolume@19fc0ef7
2019-06-13 10:59:11,438 INFO  volume.HddsVolumeChecker (HddsVolumeChecker.java:checkAllVolumes(203)) - Scheduled health check for volume org.apache.hadoop.ozone.container.common.volume.HddsVolume@19fc0ef7
2019-06-13 10:59:11,458 INFO  ratis.XceiverServerRatis (XceiverServerRatis.java:newXceiverServerRatis(401)) - Found a free port for the server : 39001
2019-06-13 10:59:11,463 INFO  impl.RaftServerProxy (ConfUtils.java:logGet(43)) - raft.rpc.type = GRPC (default)
2019-06-13 10:59:11,463 INFO  grpc.GrpcConfigKeys$Server (ConfUtils.java:logGet(43)) - raft.grpc.server.port = 39001 (custom)
2019-06-13 10:59:11,463 INFO  server.GrpcService (ConfUtils.java:logGet(43)) - raft.grpc.message.size.max = 33570816 (custom)
2019-06-13 10:59:11,464 INFO  server.RaftServerConfigKeys (ConfUtils.java:logGet(43)) - raft.server.log.appender.buffer.byte-limit = 33554432 (custom)
2019-06-13 10:59:11,464 INFO  server.GrpcService (ConfUtils.java:logGet(43)) - raft.grpc.flow.control.window = 1MB (=1048576) (default)
2019-06-13 10:59:11,464 INFO  server.RaftServerConfigKeys (ConfUtils.java:logGet(43)) - raft.server.rpc.request.timeout = 3000ms (default)
2019-06-13 10:59:11,464 INFO  server.RaftServerConfigKeys (ConfUtils.java:logGet(43)) - raft.server.storage.dir = [/opt/src/hadoop-ozone/integration-test/target/test-dir/MiniOzoneClusterImpl-7dea1a61-12f6-4270-a8c4-8cb37dc8f048/datanode-3/data/ratis] (custom)
2019-06-13 10:59:11,465 INFO  server.XceiverServerGrpc (XceiverServerGrpc.java:<init>(97)) - Found a free port for the server : 46025
2019-06-13 10:59:11,465 INFO  replication.SimpleContainerDownloader (SimpleContainerDownloader.java:<init>(72)) - Starting container downloader service to copy containers to replicate.
2019-06-13 10:59:11,466 INFO  hdfs.DFSUtil (DFSUtil.java:httpServerTemplateForNNAndJN(1641)) - Starting Web-server for hddsDatanode at: http://0.0.0.0:0
2019-06-13 10:59:11,467 INFO  server.AuthenticationFilter (AuthenticationFilter.java:constructSecretProvider(240)) - Unable to initialize FileSignerSecretProvider, falling back to use random secrets.
2019-06-13 10:59:11,468 WARN  http.HttpRequestLog (HttpRequestLog.java:getRequestLog(97)) - Jetty request log can only be enabled using Log4j
2019-06-13 10:59:11,469 INFO  http.HttpServer2 (HttpServer2.java:addGlobalFilter(975)) - Added global filter 'safety' (class=org.apache.hadoop.http.HttpServer2$QuotingInputFilter)
2019-06-13 10:59:11,469 INFO  http.HttpServer2 (HttpServer2.java:addFilter(948)) - Added filter static_user_filter (class=org.apache.hadoop.http.lib.StaticUserWebFilter$StaticUserFilter) to context hddsDatanode
2019-06-13 10:59:11,469 INFO  http.HttpServer2 (HttpServer2.java:addFilter(958)) - Added filter static_user_filter (class=org.apache.hadoop.http.lib.StaticUserWebFilter$StaticUserFilter) to context logs
2019-06-13 10:59:11,469 INFO  http.HttpServer2 (HttpServer2.java:addFilter(958)) - Added filter static_user_filter (class=org.apache.hadoop.http.lib.StaticUserWebFilter$StaticUserFilter) to context static
2019-06-13 10:59:11,470 INFO  http.HttpServer2 (HttpServer2.java:bindListener(1191)) - Jetty bound to port 37567
2019-06-13 10:59:11,470 INFO  server.Server (Server.java:doStart(351)) - jetty-9.3.24.v20180605, build timestamp: 2018-06-05T17:11:56Z, git hash: 84205aa28f11a4f31f2a3b86d1bba2cc8ab69827
2019-06-13 10:59:11,490 INFO  handler.ContextHandler (ContextHandler.java:doStart(781)) - Started o.e.j.s.ServletContextHandler@641bc9a8{/logs,file:///opt/src/hadoop-ozone/integration-test/target/log,AVAILABLE}
2019-06-13 10:59:11,494 INFO  handler.ContextHandler (ContextHandler.java:doStart(781)) - Started o.e.j.s.ServletContextHandler@20960b51{/static,jar:file:/root/.m2/repository/org/apache/hadoop/hadoop-hdds-container-service/0.5.0-SNAPSHOT/hadoop-hdds-container-service-0.5.0-SNAPSHOT.jar!/webapps/static,AVAILABLE}
2019-06-13 10:59:11,523 INFO  handler.ContextHandler (ContextHandler.java:doStart(781)) - Started o.e.j.w.WebAppContext@48751d8a{/,file:///tmp/jetty-0.0.0.0-37567-hddsDatanode-_-any-4496810080989849165.dir/webapp/,AVAILABLE}{/hddsDatanode}
2019-06-13 10:59:11,525 INFO  server.AbstractConnector (AbstractConnector.java:doStart(278)) - Started ServerConnector@471a9e8c{HTTP/1.1,[http/1.1]}{0.0.0.0:37567}
2019-06-13 10:59:11,525 INFO  server.Server (Server.java:doStart(419)) - Started @36877ms
2019-06-13 10:59:11,526 INFO  server.BaseHttpServer (BaseHttpServer.java:updateConnectorAddress(207)) - HTTP server of HDDSDATANODE is listening at http://0.0.0.0:37567
2019-06-13 10:59:11,632 INFO  ozone.HddsDatanodeService (HddsDatanodeService.java:startPlugins(396)) - Started plug-in org.apache.hadoop.ozone.web.OzoneHddsDatanodeService@66048c9e
2019-06-13 10:59:11,632 INFO  impl.MetricsSystemImpl (MetricsSystemImpl.java:init(158)) - HddsDatanode metrics system started (again)
2019-06-13 10:59:11,633 INFO  ozone.HddsDatanodeService (HddsDatanodeService.java:start(185)) - HddsDatanodeService host:ozone-5n8bq-3406807641 ip:192.168.46.8
2019-06-13 10:59:11,635 INFO  util.JvmPauseMonitor (JvmPauseMonitor.java:run(188)) - Starting JVM pause monitor
2019-06-13 10:59:11,636 INFO  datanode.InitDatanodeState (InitDatanodeState.java:persistContainerDatanodeDetails(140)) - DatanodeDetails is persisted to /opt/src/hadoop-ozone/integration-test/target/test-dir/MiniOzoneClusterImpl-7dea1a61-12f6-4270-a8c4-8cb37dc8f048/datanode-3/meta/datanode.id
2019-06-13 10:59:11,641 INFO  volume.HddsVolume (HddsVolume.java:<init>(176)) - Creating Volume: /opt/src/hadoop-ozone/integration-test/target/test-dir/MiniOzoneClusterImpl-7dea1a61-12f6-4270-a8c4-8cb37dc8f048/datanode-4/data/containers/hdds of  storage type : DISK and capacity : 104021790720
2019-06-13 10:59:11,641 INFO  volume.VolumeSet (VolumeSet.java:initializeVolumeSet(170)) - Added Volume : /opt/src/hadoop-ozone/integration-test/target/test-dir/MiniOzoneClusterImpl-7dea1a61-12f6-4270-a8c4-8cb37dc8f048/datanode-4/data/containers/hdds to VolumeSet
2019-06-13 10:59:11,641 INFO  volume.ThrottledAsyncChecker (ThrottledAsyncChecker.java:schedule(140)) - Scheduling a check for org.apache.hadoop.ozone.container.common.volume.HddsVolume@64a8d575
2019-06-13 10:59:11,646 INFO  volume.HddsVolumeChecker (HddsVolumeChecker.java:checkAllVolumes(203)) - Scheduled health check for volume org.apache.hadoop.ozone.container.common.volume.HddsVolume@64a8d575
2019-06-13 10:59:11,662 INFO  ratis.XceiverServerRatis (XceiverServerRatis.java:newXceiverServerRatis(401)) - Found a free port for the server : 41983
2019-06-13 10:59:11,663 INFO  impl.RaftServerProxy (ConfUtils.java:logGet(43)) - raft.rpc.type = GRPC (default)
2019-06-13 10:59:11,663 INFO  grpc.GrpcConfigKeys$Server (ConfUtils.java:logGet(43)) - raft.grpc.server.port = 41983 (custom)
2019-06-13 10:59:11,663 INFO  server.GrpcService (ConfUtils.java:logGet(43)) - raft.grpc.message.size.max = 33570816 (custom)
2019-06-13 10:59:11,664 INFO  server.RaftServerConfigKeys (ConfUtils.java:logGet(43)) - raft.server.log.appender.buffer.byte-limit = 33554432 (custom)
2019-06-13 10:59:11,664 INFO  server.GrpcService (ConfUtils.java:logGet(43)) - raft.grpc.flow.control.window = 1MB (=1048576) (default)
2019-06-13 10:59:11,664 INFO  server.RaftServerConfigKeys (ConfUtils.java:logGet(43)) - raft.server.rpc.request.timeout = 3000ms (default)
2019-06-13 10:59:11,664 INFO  server.RaftServerConfigKeys (ConfUtils.java:logGet(43)) - raft.server.storage.dir = [/opt/src/hadoop-ozone/integration-test/target/test-dir/MiniOzoneClusterImpl-7dea1a61-12f6-4270-a8c4-8cb37dc8f048/datanode-4/data/ratis] (custom)
2019-06-13 10:59:11,665 INFO  server.XceiverServerGrpc (XceiverServerGrpc.java:<init>(97)) - Found a free port for the server : 38581
2019-06-13 10:59:11,665 INFO  replication.SimpleContainerDownloader (SimpleContainerDownloader.java:<init>(72)) - Starting container downloader service to copy containers to replicate.
2019-06-13 10:59:11,666 INFO  hdfs.DFSUtil (DFSUtil.java:httpServerTemplateForNNAndJN(1641)) - Starting Web-server for hddsDatanode at: http://0.0.0.0:0
2019-06-13 10:59:11,667 INFO  server.AuthenticationFilter (AuthenticationFilter.java:constructSecretProvider(240)) - Unable to initialize FileSignerSecretProvider, falling back to use random secrets.
2019-06-13 10:59:11,673 WARN  http.HttpRequestLog (HttpRequestLog.java:getRequestLog(97)) - Jetty request log can only be enabled using Log4j
2019-06-13 10:59:11,674 INFO  http.HttpServer2 (HttpServer2.java:addGlobalFilter(975)) - Added global filter 'safety' (class=org.apache.hadoop.http.HttpServer2$QuotingInputFilter)
2019-06-13 10:59:11,674 INFO  http.HttpServer2 (HttpServer2.java:addFilter(948)) - Added filter static_user_filter (class=org.apache.hadoop.http.lib.StaticUserWebFilter$StaticUserFilter) to context hddsDatanode
2019-06-13 10:59:11,675 INFO  http.HttpServer2 (HttpServer2.java:addFilter(958)) - Added filter static_user_filter (class=org.apache.hadoop.http.lib.StaticUserWebFilter$StaticUserFilter) to context logs
2019-06-13 10:59:11,675 INFO  http.HttpServer2 (HttpServer2.java:addFilter(958)) - Added filter static_user_filter (class=org.apache.hadoop.http.lib.StaticUserWebFilter$StaticUserFilter) to context static
2019-06-13 10:59:11,675 INFO  http.HttpServer2 (HttpServer2.java:bindListener(1191)) - Jetty bound to port 36543
2019-06-13 10:59:11,675 INFO  server.Server (Server.java:doStart(351)) - jetty-9.3.24.v20180605, build timestamp: 2018-06-05T17:11:56Z, git hash: 84205aa28f11a4f31f2a3b86d1bba2cc8ab69827
2019-06-13 10:59:11,677 INFO  handler.ContextHandler (ContextHandler.java:doStart(781)) - Started o.e.j.s.ServletContextHandler@4e1b5532{/logs,file:///opt/src/hadoop-ozone/integration-test/target/log,AVAILABLE}
2019-06-13 10:59:11,677 INFO  handler.ContextHandler (ContextHandler.java:doStart(781)) - Started o.e.j.s.ServletContextHandler@4b5cdd07{/static,jar:file:/root/.m2/repository/org/apache/hadoop/hadoop-hdds-container-service/0.5.0-SNAPSHOT/hadoop-hdds-container-service-0.5.0-SNAPSHOT.jar!/webapps/static,AVAILABLE}
2019-06-13 10:59:11,702 INFO  handler.ContextHandler (ContextHandler.java:doStart(781)) - Started o.e.j.w.WebAppContext@70df41f9{/,file:///tmp/jetty-0.0.0.0-36543-hddsDatanode-_-any-1771045938865101668.dir/webapp/,AVAILABLE}{/hddsDatanode}
2019-06-13 10:59:11,704 INFO  server.AbstractConnector (AbstractConnector.java:doStart(278)) - Started ServerConnector@64a7ad02{HTTP/1.1,[http/1.1]}{0.0.0.0:36543}
2019-06-13 10:59:11,704 INFO  server.Server (Server.java:doStart(419)) - Started @37056ms
2019-06-13 10:59:11,705 INFO  server.BaseHttpServer (BaseHttpServer.java:updateConnectorAddress(207)) - HTTP server of HDDSDATANODE is listening at http://0.0.0.0:36543
2019-06-13 10:59:11,804 INFO  ozone.HddsDatanodeService (HddsDatanodeService.java:startPlugins(396)) - Started plug-in org.apache.hadoop.ozone.web.OzoneHddsDatanodeService@4745bcc6
2019-06-13 10:59:11,805 INFO  impl.MetricsSystemImpl (MetricsSystemImpl.java:init(158)) - HddsDatanode metrics system started (again)
2019-06-13 10:59:11,805 INFO  ozone.HddsDatanodeService (HddsDatanodeService.java:start(185)) - HddsDatanodeService host:ozone-5n8bq-3406807641 ip:192.168.46.8
2019-06-13 10:59:11,811 INFO  datanode.InitDatanodeState (InitDatanodeState.java:persistContainerDatanodeDetails(140)) - DatanodeDetails is persisted to /opt/src/hadoop-ozone/integration-test/target/test-dir/MiniOzoneClusterImpl-7dea1a61-12f6-4270-a8c4-8cb37dc8f048/datanode-4/meta/datanode.id
2019-06-13 10:59:11,813 INFO  util.JvmPauseMonitor (JvmPauseMonitor.java:run(188)) - Starting JVM pause monitor
2019-06-13 10:59:11,821 INFO  volume.HddsVolume (HddsVolume.java:<init>(176)) - Creating Volume: /opt/src/hadoop-ozone/integration-test/target/test-dir/MiniOzoneClusterImpl-7dea1a61-12f6-4270-a8c4-8cb37dc8f048/datanode-5/data/containers/hdds of  storage type : DISK and capacity : 104021790720
2019-06-13 10:59:11,821 INFO  volume.VolumeSet (VolumeSet.java:initializeVolumeSet(170)) - Added Volume : /opt/src/hadoop-ozone/integration-test/target/test-dir/MiniOzoneClusterImpl-7dea1a61-12f6-4270-a8c4-8cb37dc8f048/datanode-5/data/containers/hdds to VolumeSet
2019-06-13 10:59:11,821 INFO  volume.ThrottledAsyncChecker (ThrottledAsyncChecker.java:schedule(140)) - Scheduling a check for org.apache.hadoop.ozone.container.common.volume.HddsVolume@5274830e
2019-06-13 10:59:11,828 INFO  volume.HddsVolumeChecker (HddsVolumeChecker.java:checkAllVolumes(203)) - Scheduled health check for volume org.apache.hadoop.ozone.container.common.volume.HddsVolume@5274830e
2019-06-13 10:59:11,839 INFO  ratis.XceiverServerRatis (XceiverServerRatis.java:newXceiverServerRatis(401)) - Found a free port for the server : 35191
2019-06-13 10:59:11,840 INFO  impl.RaftServerProxy (ConfUtils.java:logGet(43)) - raft.rpc.type = GRPC (default)
2019-06-13 10:59:11,840 INFO  grpc.GrpcConfigKeys$Server (ConfUtils.java:logGet(43)) - raft.grpc.server.port = 35191 (custom)
2019-06-13 10:59:11,840 INFO  server.GrpcService (ConfUtils.java:logGet(43)) - raft.grpc.message.size.max = 33570816 (custom)
2019-06-13 10:59:11,840 INFO  server.RaftServerConfigKeys (ConfUtils.java:logGet(43)) - raft.server.log.appender.buffer.byte-limit = 33554432 (custom)
2019-06-13 10:59:11,841 INFO  server.GrpcService (ConfUtils.java:logGet(43)) - raft.grpc.flow.control.window = 1MB (=1048576) (default)
2019-06-13 10:59:11,841 INFO  server.RaftServerConfigKeys (ConfUtils.java:logGet(43)) - raft.server.rpc.request.timeout = 3000ms (default)
2019-06-13 10:59:11,841 INFO  server.RaftServerConfigKeys (ConfUtils.java:logGet(43)) - raft.server.storage.dir = [/opt/src/hadoop-ozone/integration-test/target/test-dir/MiniOzoneClusterImpl-7dea1a61-12f6-4270-a8c4-8cb37dc8f048/datanode-5/data/ratis] (custom)
2019-06-13 10:59:11,842 INFO  server.XceiverServerGrpc (XceiverServerGrpc.java:<init>(97)) - Found a free port for the server : 46543
2019-06-13 10:59:11,842 INFO  replication.SimpleContainerDownloader (SimpleContainerDownloader.java:<init>(72)) - Starting container downloader service to copy containers to replicate.
2019-06-13 10:59:11,845 INFO  hdfs.DFSUtil (DFSUtil.java:httpServerTemplateForNNAndJN(1641)) - Starting Web-server for hddsDatanode at: http://0.0.0.0:0
2019-06-13 10:59:11,847 INFO  server.AuthenticationFilter (AuthenticationFilter.java:constructSecretProvider(240)) - Unable to initialize FileSignerSecretProvider, falling back to use random secrets.
2019-06-13 10:59:11,849 WARN  http.HttpRequestLog (HttpRequestLog.java:getRequestLog(97)) - Jetty request log can only be enabled using Log4j
2019-06-13 10:59:11,851 INFO  http.HttpServer2 (HttpServer2.java:addGlobalFilter(975)) - Added global filter 'safety' (class=org.apache.hadoop.http.HttpServer2$QuotingInputFilter)
2019-06-13 10:59:11,851 INFO  http.HttpServer2 (HttpServer2.java:addFilter(948)) - Added filter static_user_filter (class=org.apache.hadoop.http.lib.StaticUserWebFilter$StaticUserFilter) to context hddsDatanode
2019-06-13 10:59:11,851 INFO  http.HttpServer2 (HttpServer2.java:addFilter(958)) - Added filter static_user_filter (class=org.apache.hadoop.http.lib.StaticUserWebFilter$StaticUserFilter) to context static
2019-06-13 10:59:11,852 INFO  http.HttpServer2 (HttpServer2.java:addFilter(958)) - Added filter static_user_filter (class=org.apache.hadoop.http.lib.StaticUserWebFilter$StaticUserFilter) to context logs
2019-06-13 10:59:11,852 INFO  http.HttpServer2 (HttpServer2.java:bindListener(1191)) - Jetty bound to port 42039
2019-06-13 10:59:11,852 INFO  server.Server (Server.java:doStart(351)) - jetty-9.3.24.v20180605, build timestamp: 2018-06-05T17:11:56Z, git hash: 84205aa28f11a4f31f2a3b86d1bba2cc8ab69827
2019-06-13 10:59:11,854 INFO  handler.ContextHandler (ContextHandler.java:doStart(781)) - Started o.e.j.s.ServletContextHandler@1d1deb11{/logs,file:///opt/src/hadoop-ozone/integration-test/target/log,AVAILABLE}
2019-06-13 10:59:11,858 INFO  handler.ContextHandler (ContextHandler.java:doStart(781)) - Started o.e.j.s.ServletContextHandler@5f4f6f89{/static,jar:file:/root/.m2/repository/org/apache/hadoop/hadoop-hdds-container-service/0.5.0-SNAPSHOT/hadoop-hdds-container-service-0.5.0-SNAPSHOT.jar!/webapps/static,AVAILABLE}
2019-06-13 10:59:11,882 INFO  handler.ContextHandler (ContextHandler.java:doStart(781)) - Started o.e.j.w.WebAppContext@4d66cb{/,file:///tmp/jetty-0.0.0.0-42039-hddsDatanode-_-any-4361561315572955809.dir/webapp/,AVAILABLE}{/hddsDatanode}
2019-06-13 10:59:11,882 INFO  server.AbstractConnector (AbstractConnector.java:doStart(278)) - Started ServerConnector@7c79f2cf{HTTP/1.1,[http/1.1]}{0.0.0.0:42039}
2019-06-13 10:59:11,883 INFO  server.Server (Server.java:doStart(419)) - Started @37235ms
2019-06-13 10:59:11,884 INFO  server.BaseHttpServer (BaseHttpServer.java:updateConnectorAddress(207)) - HTTP server of HDDSDATANODE is listening at http://0.0.0.0:42039
2019-06-13 10:59:12,014 INFO  ozone.HddsDatanodeService (HddsDatanodeService.java:startPlugins(396)) - Started plug-in org.apache.hadoop.ozone.web.OzoneHddsDatanodeService@24a7725d
2019-06-13 10:59:12,015 INFO  impl.MetricsSystemImpl (MetricsSystemImpl.java:init(158)) - HddsDatanode metrics system started (again)
2019-06-13 10:59:12,016 INFO  ozone.HddsDatanodeService (HddsDatanodeService.java:start(185)) - HddsDatanodeService host:ozone-5n8bq-3406807641 ip:192.168.46.8
2019-06-13 10:59:12,028 INFO  volume.HddsVolume (HddsVolume.java:<init>(176)) - Creating Volume: /opt/src/hadoop-ozone/integration-test/target/test-dir/MiniOzoneClusterImpl-7dea1a61-12f6-4270-a8c4-8cb37dc8f048/datanode-6/data/containers/hdds of  storage type : DISK and capacity : 104021790720
2019-06-13 10:59:12,028 INFO  volume.VolumeSet (VolumeSet.java:initializeVolumeSet(170)) - Added Volume : /opt/src/hadoop-ozone/integration-test/target/test-dir/MiniOzoneClusterImpl-7dea1a61-12f6-4270-a8c4-8cb37dc8f048/datanode-6/data/containers/hdds to VolumeSet
2019-06-13 10:59:12,028 INFO  volume.ThrottledAsyncChecker (ThrottledAsyncChecker.java:schedule(140)) - Scheduling a check for org.apache.hadoop.ozone.container.common.volume.HddsVolume@6773bab2
2019-06-13 10:59:12,030 INFO  datanode.InitDatanodeState (InitDatanodeState.java:persistContainerDatanodeDetails(140)) - DatanodeDetails is persisted to /opt/src/hadoop-ozone/integration-test/target/test-dir/MiniOzoneClusterImpl-7dea1a61-12f6-4270-a8c4-8cb37dc8f048/datanode-5/meta/datanode.id
2019-06-13 10:59:12,033 INFO  util.JvmPauseMonitor (JvmPauseMonitor.java:run(188)) - Starting JVM pause monitor
2019-06-13 10:59:12,036 INFO  volume.HddsVolumeChecker (HddsVolumeChecker.java:checkAllVolumes(203)) - Scheduled health check for volume org.apache.hadoop.ozone.container.common.volume.HddsVolume@6773bab2
2019-06-13 10:59:12,047 INFO  ratis.XceiverServerRatis (XceiverServerRatis.java:newXceiverServerRatis(401)) - Found a free port for the server : 46287
2019-06-13 10:59:12,048 INFO  impl.RaftServerProxy (ConfUtils.java:logGet(43)) - raft.rpc.type = GRPC (default)
2019-06-13 10:59:12,048 INFO  grpc.GrpcConfigKeys$Server (ConfUtils.java:logGet(43)) - raft.grpc.server.port = 46287 (custom)
2019-06-13 10:59:12,049 INFO  server.GrpcService (ConfUtils.java:logGet(43)) - raft.grpc.message.size.max = 33570816 (custom)
2019-06-13 10:59:12,049 INFO  server.RaftServerConfigKeys (ConfUtils.java:logGet(43)) - raft.server.log.appender.buffer.byte-limit = 33554432 (custom)
2019-06-13 10:59:12,049 INFO  server.GrpcService (ConfUtils.java:logGet(43)) - raft.grpc.flow.control.window = 1MB (=1048576) (default)
2019-06-13 10:59:12,049 INFO  server.RaftServerConfigKeys (ConfUtils.java:logGet(43)) - raft.server.rpc.request.timeout = 3000ms (default)
2019-06-13 10:59:12,050 INFO  server.RaftServerConfigKeys (ConfUtils.java:logGet(43)) - raft.server.storage.dir = [/opt/src/hadoop-ozone/integration-test/target/test-dir/MiniOzoneClusterImpl-7dea1a61-12f6-4270-a8c4-8cb37dc8f048/datanode-6/data/ratis] (custom)
2019-06-13 10:59:12,050 INFO  server.XceiverServerGrpc (XceiverServerGrpc.java:<init>(97)) - Found a free port for the server : 39281
2019-06-13 10:59:12,050 INFO  replication.SimpleContainerDownloader (SimpleContainerDownloader.java:<init>(72)) - Starting container downloader service to copy containers to replicate.
2019-06-13 10:59:12,051 INFO  hdfs.DFSUtil (DFSUtil.java:httpServerTemplateForNNAndJN(1641)) - Starting Web-server for hddsDatanode at: http://0.0.0.0:0
2019-06-13 10:59:12,053 INFO  server.AuthenticationFilter (AuthenticationFilter.java:constructSecretProvider(240)) - Unable to initialize FileSignerSecretProvider, falling back to use random secrets.
2019-06-13 10:59:12,054 WARN  http.HttpRequestLog (HttpRequestLog.java:getRequestLog(97)) - Jetty request log can only be enabled using Log4j
2019-06-13 10:59:12,055 INFO  http.HttpServer2 (HttpServer2.java:addGlobalFilter(975)) - Added global filter 'safety' (class=org.apache.hadoop.http.HttpServer2$QuotingInputFilter)
2019-06-13 10:59:12,056 INFO  http.HttpServer2 (HttpServer2.java:addFilter(948)) - Added filter static_user_filter (class=org.apache.hadoop.http.lib.StaticUserWebFilter$StaticUserFilter) to context hddsDatanode
2019-06-13 10:59:12,056 INFO  http.HttpServer2 (HttpServer2.java:addFilter(958)) - Added filter static_user_filter (class=org.apache.hadoop.http.lib.StaticUserWebFilter$StaticUserFilter) to context static
2019-06-13 10:59:12,056 INFO  http.HttpServer2 (HttpServer2.java:addFilter(958)) - Added filter static_user_filter (class=org.apache.hadoop.http.lib.StaticUserWebFilter$StaticUserFilter) to context logs
2019-06-13 10:59:12,056 INFO  http.HttpServer2 (HttpServer2.java:bindListener(1191)) - Jetty bound to port 33171
2019-06-13 10:59:12,057 INFO  server.Server (Server.java:doStart(351)) - jetty-9.3.24.v20180605, build timestamp: 2018-06-05T17:11:56Z, git hash: 84205aa28f11a4f31f2a3b86d1bba2cc8ab69827
2019-06-13 10:59:12,070 INFO  handler.ContextHandler (ContextHandler.java:doStart(781)) - Started o.e.j.s.ServletContextHandler@bd703bb{/logs,file:///opt/src/hadoop-ozone/integration-test/target/log,AVAILABLE}
2019-06-13 10:59:12,073 INFO  handler.ContextHandler (ContextHandler.java:doStart(781)) - Started o.e.j.s.ServletContextHandler@2e38d44e{/static,jar:file:/root/.m2/repository/org/apache/hadoop/hadoop-hdds-container-service/0.5.0-SNAPSHOT/hadoop-hdds-container-service-0.5.0-SNAPSHOT.jar!/webapps/static,AVAILABLE}
2019-06-13 10:59:12,102 INFO  handler.ContextHandler (ContextHandler.java:doStart(781)) - Started o.e.j.w.WebAppContext@1b5623b4{/,file:///tmp/jetty-0.0.0.0-33171-hddsDatanode-_-any-2235454489444290342.dir/webapp/,AVAILABLE}{/hddsDatanode}
2019-06-13 10:59:12,102 INFO  server.AbstractConnector (AbstractConnector.java:doStart(278)) - Started ServerConnector@8c34631{HTTP/1.1,[http/1.1]}{0.0.0.0:33171}
2019-06-13 10:59:12,104 INFO  server.Server (Server.java:doStart(419)) - Started @37456ms
2019-06-13 10:59:12,104 INFO  server.BaseHttpServer (BaseHttpServer.java:updateConnectorAddress(207)) - HTTP server of HDDSDATANODE is listening at http://0.0.0.0:33171
2019-06-13 10:59:12,221 INFO  ozone.HddsDatanodeService (HddsDatanodeService.java:startPlugins(396)) - Started plug-in org.apache.hadoop.ozone.web.OzoneHddsDatanodeService@2f82e3cf
2019-06-13 10:59:12,221 INFO  ozone.MiniOzoneClusterImpl (MiniOzoneClusterImpl.java:lambda$waitForClusterToBeReady$0(142)) - Waiting for cluster to be ready. Got 0 of 7 DN Heartbeats.
2019-06-13 10:59:12,228 INFO  util.JvmPauseMonitor (JvmPauseMonitor.java:run(188)) - Starting JVM pause monitor
2019-06-13 10:59:12,229 INFO  datanode.InitDatanodeState (InitDatanodeState.java:persistContainerDatanodeDetails(140)) - DatanodeDetails is persisted to /opt/src/hadoop-ozone/integration-test/target/test-dir/MiniOzoneClusterImpl-7dea1a61-12f6-4270-a8c4-8cb37dc8f048/datanode-6/meta/datanode.id
2019-06-13 10:59:12,882 INFO  ozoneimpl.OzoneContainer (OzoneContainer.java:start(186)) - Attempting to start container services.
2019-06-13 10:59:12,882 INFO  ozoneimpl.OzoneContainer (OzoneContainer.java:startContainerScrub(160)) - Background container scrubber has been disabled by hdds.containerscrub.enabled
2019-06-13 10:59:12,882 INFO  ratis.XceiverServerRatis (XceiverServerRatis.java:start(418)) - Starting XceiverServerRatis 7093d8aa-2045-434c-a57b-b56d15c00146 at port 33705
2019-06-13 10:59:12,913 INFO  impl.RaftServerProxy (RaftServerProxy.java:lambda$start$3(299)) - 7093d8aa-2045-434c-a57b-b56d15c00146: start RPC server
2019-06-13 10:59:12,914 INFO  server.GrpcService (GrpcService.java:startImpl(148)) - 7093d8aa-2045-434c-a57b-b56d15c00146: GrpcService started, listening on 0.0.0.0/0.0.0.0:33705
2019-06-13 10:59:13,222 INFO  ozone.MiniOzoneClusterImpl (MiniOzoneClusterImpl.java:lambda$waitForClusterToBeReady$0(142)) - Waiting for cluster to be ready. Got 0 of 7 DN Heartbeats.
2019-06-13 10:59:13,229 INFO  ozoneimpl.OzoneContainer (OzoneContainer.java:start(186)) - Attempting to start container services.
2019-06-13 10:59:13,229 INFO  ozoneimpl.OzoneContainer (OzoneContainer.java:startContainerScrub(160)) - Background container scrubber has been disabled by hdds.containerscrub.enabled
2019-06-13 10:59:13,229 INFO  ratis.XceiverServerRatis (XceiverServerRatis.java:start(418)) - Starting XceiverServerRatis a8218a3e-2db5-411c-899a-928fff5e3f8a at port 40493
2019-06-13 10:59:13,233 INFO  impl.RaftServerProxy (RaftServerProxy.java:lambda$start$3(299)) - a8218a3e-2db5-411c-899a-928fff5e3f8a: start RPC server
2019-06-13 10:59:13,233 INFO  server.GrpcService (GrpcService.java:startImpl(148)) - a8218a3e-2db5-411c-899a-928fff5e3f8a: GrpcService started, listening on 0.0.0.0/0.0.0.0:40493
2019-06-13 10:59:13,426 INFO  ozoneimpl.OzoneContainer (OzoneContainer.java:start(186)) - Attempting to start container services.
2019-06-13 10:59:13,426 INFO  ozoneimpl.OzoneContainer (OzoneContainer.java:startContainerScrub(160)) - Background container scrubber has been disabled by hdds.containerscrub.enabled
2019-06-13 10:59:13,426 INFO  ratis.XceiverServerRatis (XceiverServerRatis.java:start(418)) - Starting XceiverServerRatis 67bf4de7-df61-40ae-b697-e5f0195c5019 at port 39137
2019-06-13 10:59:13,439 INFO  impl.RaftServerProxy (RaftServerProxy.java:lambda$start$3(299)) - 67bf4de7-df61-40ae-b697-e5f0195c5019: start RPC server
2019-06-13 10:59:13,440 INFO  server.GrpcService (GrpcService.java:startImpl(148)) - 67bf4de7-df61-40ae-b697-e5f0195c5019: GrpcService started, listening on 0.0.0.0/0.0.0.0:39137
2019-06-13 10:59:13,640 INFO  ozoneimpl.OzoneContainer (OzoneContainer.java:start(186)) - Attempting to start container services.
2019-06-13 10:59:13,641 INFO  ozoneimpl.OzoneContainer (OzoneContainer.java:startContainerScrub(160)) - Background container scrubber has been disabled by hdds.containerscrub.enabled
2019-06-13 10:59:13,641 INFO  ratis.XceiverServerRatis (XceiverServerRatis.java:start(418)) - Starting XceiverServerRatis 3e5f1adf-1584-4d20-a1a5-2f0eb63d3e87 at port 39001
2019-06-13 10:59:13,661 INFO  impl.RaftServerProxy (RaftServerProxy.java:lambda$start$3(299)) - 3e5f1adf-1584-4d20-a1a5-2f0eb63d3e87: start RPC server
2019-06-13 10:59:13,662 INFO  server.GrpcService (GrpcService.java:startImpl(148)) - 3e5f1adf-1584-4d20-a1a5-2f0eb63d3e87: GrpcService started, listening on 0.0.0.0/0.0.0.0:39001
2019-06-13 10:59:13,814 INFO  ozoneimpl.OzoneContainer (OzoneContainer.java:start(186)) - Attempting to start container services.
2019-06-13 10:59:13,814 INFO  ozoneimpl.OzoneContainer (OzoneContainer.java:startContainerScrub(160)) - Background container scrubber has been disabled by hdds.containerscrub.enabled
2019-06-13 10:59:13,814 INFO  ratis.XceiverServerRatis (XceiverServerRatis.java:start(418)) - Starting XceiverServerRatis 7b9ec6dc-6849-401e-a65c-953b7e1d36b1 at port 41983
2019-06-13 10:59:13,820 INFO  impl.RaftServerProxy (RaftServerProxy.java:lambda$start$3(299)) - 7b9ec6dc-6849-401e-a65c-953b7e1d36b1: start RPC server
2019-06-13 10:59:13,821 INFO  server.GrpcService (GrpcService.java:startImpl(148)) - 7b9ec6dc-6849-401e-a65c-953b7e1d36b1: GrpcService started, listening on 0.0.0.0/0.0.0.0:41983
2019-06-13 10:59:14,031 INFO  ozoneimpl.OzoneContainer (OzoneContainer.java:start(186)) - Attempting to start container services.
2019-06-13 10:59:14,031 INFO  ozoneimpl.OzoneContainer (OzoneContainer.java:startContainerScrub(160)) - Background container scrubber has been disabled by hdds.containerscrub.enabled
2019-06-13 10:59:14,032 INFO  ratis.XceiverServerRatis (XceiverServerRatis.java:start(418)) - Starting XceiverServerRatis af9a8393-dabd-4584-96c1-8d93807a5347 at port 35191
2019-06-13 10:59:14,040 INFO  impl.RaftServerProxy (RaftServerProxy.java:lambda$start$3(299)) - af9a8393-dabd-4584-96c1-8d93807a5347: start RPC server
2019-06-13 10:59:14,045 INFO  server.GrpcService (GrpcService.java:startImpl(148)) - af9a8393-dabd-4584-96c1-8d93807a5347: GrpcService started, listening on 0.0.0.0/0.0.0.0:35191
2019-06-13 10:59:14,222 INFO  ozone.MiniOzoneClusterImpl (MiniOzoneClusterImpl.java:lambda$waitForClusterToBeReady$0(142)) - Waiting for cluster to be ready. Got 0 of 7 DN Heartbeats.
2019-06-13 10:59:14,231 INFO  ozoneimpl.OzoneContainer (OzoneContainer.java:start(186)) - Attempting to start container services.
2019-06-13 10:59:14,231 INFO  ozoneimpl.OzoneContainer (OzoneContainer.java:startContainerScrub(160)) - Background container scrubber has been disabled by hdds.containerscrub.enabled
2019-06-13 10:59:14,231 INFO  ratis.XceiverServerRatis (XceiverServerRatis.java:start(418)) - Starting XceiverServerRatis 82e16590-3482-4faa-aad8-39f060fc2038 at port 46287
2019-06-13 10:59:14,238 INFO  impl.RaftServerProxy (RaftServerProxy.java:lambda$start$3(299)) - 82e16590-3482-4faa-aad8-39f060fc2038: start RPC server
2019-06-13 10:59:14,238 INFO  server.GrpcService (GrpcService.java:startImpl(148)) - 82e16590-3482-4faa-aad8-39f060fc2038: GrpcService started, listening on 0.0.0.0/0.0.0.0:46287
2019-06-13 10:59:14,872 INFO  node.SCMNodeManager (SCMNodeManager.java:register(234)) - Registered Data node : 7093d8aa-2045-434c-a57b-b56d15c00146{ip: 192.168.46.8, host: ozone-5n8bq-3406807641, networkLocation: /default-rack, certSerialId: null}
2019-06-13 10:59:14,877 INFO  safemode.SCMSafeModeManager (DataNodeSafeModeRule.java:process(71)) - SCM in safe mode. 1 DataNodes registered, 1 required.
2019-06-13 10:59:14,880 INFO  safemode.SCMSafeModeManager (SCMSafeModeManager.java:validateSafeModeExitRules(177)) - ScmSafeModeManager, all rules are successfully validated
2019-06-13 10:59:14,881 INFO  safemode.SCMSafeModeManager (SCMSafeModeManager.java:exitSafeMode(193)) - SCM exiting safe mode.
2019-06-13 10:59:14,885 INFO  impl.RaftServerProxy (RaftServerProxy.java:addNew(89)) - 7093d8aa-2045-434c-a57b-b56d15c00146: addNew group-717A02882C8D:[7093d8aa-2045-434c-a57b-b56d15c00146:192.168.46.8:33705] returns group-717A02882C8D:java.util.concurrent.CompletableFuture@645245fc[Not completed]
2019-06-13 10:59:14,886 INFO  impl.RaftServerImpl (RaftServerImpl.java:<init>(91)) - 7093d8aa-2045-434c-a57b-b56d15c00146: new RaftServerImpl for group-717A02882C8D:[7093d8aa-2045-434c-a57b-b56d15c00146:192.168.46.8:33705] with ContainerStateMachine:uninitialized
2019-06-13 10:59:14,886 INFO  server.RaftServerConfigKeys (ConfUtils.java:logGet(43)) - raft.server.rpc.timeout.min = 1s (custom)
2019-06-13 10:59:14,886 INFO  server.RaftServerConfigKeys (ConfUtils.java:logGet(43)) - raft.server.rpc.timeout.max = 1200ms (custom)
2019-06-13 10:59:14,887 INFO  server.RaftServerConfigKeys (ConfUtils.java:logGet(43)) - raft.server.rpcslowness.timeout = 120s (custom)
2019-06-13 10:59:14,887 INFO  server.RaftServerConfigKeys (ConfUtils.java:logGet(43)) - raft.server.log.appender.install.snapshot.enabled = true (default)
2019-06-13 10:59:14,887 INFO  impl.RaftServerImpl (ServerState.java:<init>(101)) - 7093d8aa-2045-434c-a57b-b56d15c00146:group-717A02882C8D ConfigurationManager, init=-1: [7093d8aa-2045-434c-a57b-b56d15c00146:192.168.46.8:33705], old=null, confs=<EMPTY_MAP>
2019-06-13 10:59:14,887 INFO  server.RaftServerConfigKeys (ConfUtils.java:logGet(43)) - raft.server.storage.dir = [/opt/src/hadoop-ozone/integration-test/target/test-dir/MiniOzoneClusterImpl-7dea1a61-12f6-4270-a8c4-8cb37dc8f048/datanode-0/data/ratis] (custom)
2019-06-13 10:59:14,887 INFO  storage.RaftStorageDirectory (RaftStorageDirectory.java:analyzeStorage(246)) - The storage directory /opt/src/hadoop-ozone/integration-test/target/test-dir/MiniOzoneClusterImpl-7dea1a61-12f6-4270-a8c4-8cb37dc8f048/datanode-0/data/ratis/388cc94d-5294-4be9-af5b-717a02882c8d does not exist. Creating ...
2019-06-13 10:59:14,890 INFO  storage.RaftStorageDirectory (RaftStorageDirectory.java:tryLock(328)) - Lock on /opt/src/hadoop-ozone/integration-test/target/test-dir/MiniOzoneClusterImpl-7dea1a61-12f6-4270-a8c4-8cb37dc8f048/datanode-0/data/ratis/388cc94d-5294-4be9-af5b-717a02882c8d/in_use.lock acquired by nodename 12560@ozone-5n8bq-3406807641
2019-06-13 10:59:14,893 INFO  storage.RaftStorage (RaftStorage.java:format(75)) - Storage directory /opt/src/hadoop-ozone/integration-test/target/test-dir/MiniOzoneClusterImpl-7dea1a61-12f6-4270-a8c4-8cb37dc8f048/datanode-0/data/ratis/388cc94d-5294-4be9-af5b-717a02882c8d has been successfully formatted.
2019-06-13 10:59:14,893 INFO  ratis.ContainerStateMachine (ContainerStateMachine.java:loadSnapshot(199)) - The snapshot info is null.Setting the last applied index to:(t:0, i:~)
2019-06-13 10:59:14,893 INFO  server.RaftServerConfigKeys (ConfUtils.java:logGet(43)) - raft.server.leader.election.timeout = 120s (custom)
2019-06-13 10:59:14,893 INFO  server.RaftServerConfigKeys (ConfUtils.java:logGet(43)) - raft.server.log.use.memory = false (default)
2019-06-13 10:59:14,893 INFO  server.RaftServerConfigKeys (ConfUtils.java:logGet(43)) - raft.server.log.appender.buffer.byte-limit = 33554432 (custom)
2019-06-13 10:59:14,893 INFO  server.RaftServerConfigKeys (ConfUtils.java:logGet(43)) - raft.server.log.segment.size.max = 16384 (custom)
2019-06-13 10:59:14,893 INFO  server.RaftServerConfigKeys (ConfUtils.java:logGet(43)) - raft.server.log.segment.cache.num.max = 2 (custom)
2019-06-13 10:59:14,894 INFO  storage.RaftLogWorker (RaftLogWorker.java:<init>(123)) - new 7093d8aa-2045-434c-a57b-b56d15c00146-RaftLogWorker for Storage Directory /opt/src/hadoop-ozone/integration-test/target/test-dir/MiniOzoneClusterImpl-7dea1a61-12f6-4270-a8c4-8cb37dc8f048/datanode-0/data/ratis/388cc94d-5294-4be9-af5b-717a02882c8d
2019-06-13 10:59:14,894 INFO  server.RaftServerConfigKeys (ConfUtils.java:logGet(43)) - raft.server.log.queue.byte-limit = 2147483647 (custom)
2019-06-13 10:59:14,894 INFO  server.RaftServerConfigKeys (ConfUtils.java:logGet(43)) - raft.server.log.queue.element-limit = 1024 (custom)
2019-06-13 10:59:14,894 INFO  server.RaftServerConfigKeys (ConfUtils.java:logGet(43)) - raft.server.log.segment.size.max = 16384 (custom)
2019-06-13 10:59:14,894 INFO  server.RaftServerConfigKeys (ConfUtils.java:logGet(43)) - raft.server.log.preallocated.size = 16384 (custom)
2019-06-13 10:59:14,894 INFO  server.RaftServerConfigKeys (ConfUtils.java:logGet(43)) - raft.server.log.write.buffer.size = 33554432 (custom)
2019-06-13 10:59:14,894 INFO  server.RaftServerConfigKeys (ConfUtils.java:logGet(43)) - raft.server.log.force.sync.num = 128 (default)
2019-06-13 10:59:14,894 INFO  server.RaftServerConfigKeys (ConfUtils.java:logGet(43)) - raft.server.log.statemachine.data.sync = true (default)
2019-06-13 10:59:14,894 INFO  server.RaftServerConfigKeys (ConfUtils.java:logGet(43)) - raft.server.log.statemachine.data.sync.timeout = 10s (default)
2019-06-13 10:59:14,894 INFO  server.RaftServerConfigKeys (ConfUtils.java:logGet(43)) - raft.server.log.statemachine.data.sync.timeout.retry = -1 (default)
2019-06-13 10:59:14,894 INFO  server.RaftServerConfigKeys (ConfUtils.java:logGet(43)) - raft.server.log.statemachine.data.caching.enabled = true (custom)
2019-06-13 10:59:14,895 INFO  server.RaftServerConfigKeys (ConfUtils.java:logGet(43)) - raft.server.snapshot.auto.trigger.enabled = true (custom)
2019-06-13 10:59:14,895 INFO  server.RaftServerConfigKeys (ConfUtils.java:logGet(43)) - raft.server.snapshot.auto.trigger.threshold = 10000 (custom)
2019-06-13 10:59:14,895 INFO  server.RaftServerConfigKeys (ConfUtils.java:logGet(43)) - raft.server.retrycache.expirytime = 600000ms (custom)
2019-06-13 10:59:14,895 INFO  impl.RaftServerImpl (RaftServerImpl.java:start(173)) - 7093d8aa-2045-434c-a57b-b56d15c00146: start group-717A02882C8D
2019-06-13 10:59:14,895 INFO  impl.RaftServerImpl (RaftServerImpl.java:setRole(164)) - 7093d8aa-2045-434c-a57b-b56d15c00146:group-717A02882C8D changes role from null to FOLLOWER at term 0 for startAsFollower
2019-06-13 10:59:14,895 INFO  impl.RoleInfo (RoleInfo.java:updateAndGet(143)) - 7093d8aa-2045-434c-a57b-b56d15c00146: start FollowerState
2019-06-13 10:59:14,899 INFO  util.JmxRegister (JmxRegister.java:tryRegister(44)) - Successfully registered JMX Bean with object name Ratis:service=RaftServer,group=group-717A02882C8D,id=7093d8aa-2045-434c-a57b-b56d15c00146
2019-06-13 10:59:14,904 INFO  pipeline.PipelineStateManager (PipelineStateManager.java:addPipeline(56)) - Created pipeline Pipeline[ Id: 388cc94d-5294-4be9-af5b-717a02882c8d, Nodes: 7093d8aa-2045-434c-a57b-b56d15c00146{ip: 192.168.46.8, host: ozone-5n8bq-3406807641, networkLocation: /default-rack, certSerialId: null}, Type:RATIS, Factor:ONE, State:OPEN]
2019-06-13 10:59:15,222 INFO  ozone.MiniOzoneClusterImpl (MiniOzoneClusterImpl.java:lambda$waitForClusterToBeReady$0(142)) - Waiting for cluster to be ready. Got 1 of 7 DN Heartbeats.
2019-06-13 10:59:15,223 INFO  node.SCMNodeManager (SCMNodeManager.java:register(234)) - Registered Data node : a8218a3e-2db5-411c-899a-928fff5e3f8a{ip: 192.168.46.8, host: ozone-5n8bq-3406807641, networkLocation: /default-rack, certSerialId: null}
2019-06-13 10:59:15,238 INFO  impl.RaftServerProxy (RaftServerProxy.java:addNew(89)) - a8218a3e-2db5-411c-899a-928fff5e3f8a: addNew group-9E5BF9E28803:[a8218a3e-2db5-411c-899a-928fff5e3f8a:192.168.46.8:40493] returns group-9E5BF9E28803:java.util.concurrent.CompletableFuture@73eb58dd[Not completed]
2019-06-13 10:59:15,239 INFO  impl.RaftServerImpl (RaftServerImpl.java:<init>(91)) - a8218a3e-2db5-411c-899a-928fff5e3f8a: new RaftServerImpl for group-9E5BF9E28803:[a8218a3e-2db5-411c-899a-928fff5e3f8a:192.168.46.8:40493] with ContainerStateMachine:uninitialized
2019-06-13 10:59:15,239 INFO  server.RaftServerConfigKeys (ConfUtils.java:logGet(43)) - raft.server.rpc.timeout.min = 1s (custom)
2019-06-13 10:59:15,239 INFO  server.RaftServerConfigKeys (ConfUtils.java:logGet(43)) - raft.server.rpc.timeout.max = 1200ms (custom)
2019-06-13 10:59:15,239 INFO  server.RaftServerConfigKeys (ConfUtils.java:logGet(43)) - raft.server.rpcslowness.timeout = 120s (custom)
2019-06-13 10:59:15,239 INFO  server.RaftServerConfigKeys (ConfUtils.java:logGet(43)) - raft.server.log.appender.install.snapshot.enabled = true (default)
2019-06-13 10:59:15,240 INFO  impl.RaftServerImpl (ServerState.java:<init>(101)) - a8218a3e-2db5-411c-899a-928fff5e3f8a:group-9E5BF9E28803 ConfigurationManager, init=-1: [a8218a3e-2db5-411c-899a-928fff5e3f8a:192.168.46.8:40493], old=null, confs=<EMPTY_MAP>
2019-06-13 10:59:15,240 INFO  server.RaftServerConfigKeys (ConfUtils.java:logGet(43)) - raft.server.storage.dir = [/opt/src/hadoop-ozone/integration-test/target/test-dir/MiniOzoneClusterImpl-7dea1a61-12f6-4270-a8c4-8cb37dc8f048/datanode-1/data/ratis] (custom)
2019-06-13 10:59:15,240 INFO  storage.RaftStorageDirectory (RaftStorageDirectory.java:analyzeStorage(246)) - The storage directory /opt/src/hadoop-ozone/integration-test/target/test-dir/MiniOzoneClusterImpl-7dea1a61-12f6-4270-a8c4-8cb37dc8f048/datanode-1/data/ratis/732f08c4-be52-45aa-96c6-9e5bf9e28803 does not exist. Creating ...
2019-06-13 10:59:15,242 INFO  storage.RaftStorageDirectory (RaftStorageDirectory.java:tryLock(328)) - Lock on /opt/src/hadoop-ozone/integration-test/target/test-dir/MiniOzoneClusterImpl-7dea1a61-12f6-4270-a8c4-8cb37dc8f048/datanode-1/data/ratis/732f08c4-be52-45aa-96c6-9e5bf9e28803/in_use.lock acquired by nodename 12560@ozone-5n8bq-3406807641
2019-06-13 10:59:15,244 INFO  storage.RaftStorage (RaftStorage.java:format(75)) - Storage directory /opt/src/hadoop-ozone/integration-test/target/test-dir/MiniOzoneClusterImpl-7dea1a61-12f6-4270-a8c4-8cb37dc8f048/datanode-1/data/ratis/732f08c4-be52-45aa-96c6-9e5bf9e28803 has been successfully formatted.
2019-06-13 10:59:15,245 INFO  ratis.ContainerStateMachine (ContainerStateMachine.java:loadSnapshot(199)) - The snapshot info is null.Setting the last applied index to:(t:0, i:~)
2019-06-13 10:59:15,245 INFO  server.RaftServerConfigKeys (ConfUtils.java:logGet(43)) - raft.server.leader.election.timeout = 120s (custom)
2019-06-13 10:59:15,245 INFO  server.RaftServerConfigKeys (ConfUtils.java:logGet(43)) - raft.server.log.use.memory = false (default)
2019-06-13 10:59:15,245 INFO  server.RaftServerConfigKeys (ConfUtils.java:logGet(43)) - raft.server.log.appender.buffer.byte-limit = 33554432 (custom)
2019-06-13 10:59:15,245 INFO  server.RaftServerConfigKeys (ConfUtils.java:logGet(43)) - raft.server.log.segment.size.max = 16384 (custom)
2019-06-13 10:59:15,245 INFO  server.RaftServerConfigKeys (ConfUtils.java:logGet(43)) - raft.server.log.segment.cache.num.max = 2 (custom)
2019-06-13 10:59:15,245 INFO  storage.RaftLogWorker (RaftLogWorker.java:<init>(123)) - new a8218a3e-2db5-411c-899a-928fff5e3f8a-RaftLogWorker for Storage Directory /opt/src/hadoop-ozone/integration-test/target/test-dir/MiniOzoneClusterImpl-7dea1a61-12f6-4270-a8c4-8cb37dc8f048/datanode-1/data/ratis/732f08c4-be52-45aa-96c6-9e5bf9e28803
2019-06-13 10:59:15,245 INFO  server.RaftServerConfigKeys (ConfUtils.java:logGet(43)) - raft.server.log.queue.byte-limit = 2147483647 (custom)
2019-06-13 10:59:15,245 INFO  server.RaftServerConfigKeys (ConfUtils.java:logGet(43)) - raft.server.log.queue.element-limit = 1024 (custom)
2019-06-13 10:59:15,245 INFO  server.RaftServerConfigKeys (ConfUtils.java:logGet(43)) - raft.server.log.segment.size.max = 16384 (custom)
2019-06-13 10:59:15,245 INFO  server.RaftServerConfigKeys (ConfUtils.java:logGet(43)) - raft.server.log.preallocated.size = 16384 (custom)
2019-06-13 10:59:15,245 INFO  server.RaftServerConfigKeys (ConfUtils.java:logGet(43)) - raft.server.log.write.buffer.size = 33554432 (custom)
2019-06-13 10:59:15,245 INFO  server.RaftServerConfigKeys (ConfUtils.java:logGet(43)) - raft.server.log.force.sync.num = 128 (default)
2019-06-13 10:59:15,245 INFO  server.RaftServerConfigKeys (ConfUtils.java:logGet(43)) - raft.server.log.statemachine.data.sync = true (default)
2019-06-13 10:59:15,246 INFO  server.RaftServerConfigKeys (ConfUtils.java:logGet(43)) - raft.server.log.statemachine.data.sync.timeout = 10s (default)
2019-06-13 10:59:15,246 INFO  server.RaftServerConfigKeys (ConfUtils.java:logGet(43)) - raft.server.log.statemachine.data.sync.timeout.retry = -1 (default)
2019-06-13 10:59:15,246 INFO  server.RaftServerConfigKeys (ConfUtils.java:logGet(43)) - raft.server.log.statemachine.data.caching.enabled = true (custom)
2019-06-13 10:59:15,246 INFO  server.RaftServerConfigKeys (ConfUtils.java:logGet(43)) - raft.server.snapshot.auto.trigger.enabled = true (custom)
2019-06-13 10:59:15,246 INFO  server.RaftServerConfigKeys (ConfUtils.java:logGet(43)) - raft.server.snapshot.auto.trigger.threshold = 10000 (custom)
2019-06-13 10:59:15,246 INFO  server.RaftServerConfigKeys (ConfUtils.java:logGet(43)) - raft.server.retrycache.expirytime = 600000ms (custom)
2019-06-13 10:59:15,246 INFO  impl.RaftServerImpl (RaftServerImpl.java:start(173)) - a8218a3e-2db5-411c-899a-928fff5e3f8a: start group-9E5BF9E28803
2019-06-13 10:59:15,246 INFO  impl.RaftServerImpl (RaftServerImpl.java:setRole(164)) - a8218a3e-2db5-411c-899a-928fff5e3f8a:group-9E5BF9E28803 changes role from null to FOLLOWER at term 0 for startAsFollower
2019-06-13 10:59:15,246 INFO  impl.RoleInfo (RoleInfo.java:updateAndGet(143)) - a8218a3e-2db5-411c-899a-928fff5e3f8a: start FollowerState
2019-06-13 10:59:15,247 INFO  util.JmxRegister (JmxRegister.java:tryRegister(44)) - Successfully registered JMX Bean with object name Ratis:service=RaftServer,group=group-9E5BF9E28803,id=a8218a3e-2db5-411c-899a-928fff5e3f8a
2019-06-13 10:59:15,249 INFO  pipeline.PipelineStateManager (PipelineStateManager.java:addPipeline(56)) - Created pipeline Pipeline[ Id: 732f08c4-be52-45aa-96c6-9e5bf9e28803, Nodes: a8218a3e-2db5-411c-899a-928fff5e3f8a{ip: 192.168.46.8, host: ozone-5n8bq-3406807641, networkLocation: /default-rack, certSerialId: null}, Type:RATIS, Factor:ONE, State:OPEN]
2019-06-13 10:59:15,420 INFO  node.SCMNodeManager (SCMNodeManager.java:register(234)) - Registered Data node : 67bf4de7-df61-40ae-b697-e5f0195c5019{ip: 192.168.46.8, host: ozone-5n8bq-3406807641, networkLocation: /default-rack, certSerialId: null}
2019-06-13 10:59:15,430 INFO  impl.RaftServerProxy (RaftServerProxy.java:addNew(89)) - 67bf4de7-df61-40ae-b697-e5f0195c5019: addNew group-C5FDDD42D04B:[67bf4de7-df61-40ae-b697-e5f0195c5019:192.168.46.8:39137] returns group-C5FDDD42D04B:java.util.concurrent.CompletableFuture@209c92ec[Not completed]
2019-06-13 10:59:15,431 INFO  impl.RaftServerImpl (RaftServerImpl.java:<init>(91)) - 67bf4de7-df61-40ae-b697-e5f0195c5019: new RaftServerImpl for group-C5FDDD42D04B:[67bf4de7-df61-40ae-b697-e5f0195c5019:192.168.46.8:39137] with ContainerStateMachine:uninitialized
2019-06-13 10:59:15,431 INFO  server.RaftServerConfigKeys (ConfUtils.java:logGet(43)) - raft.server.rpc.timeout.min = 1s (custom)
2019-06-13 10:59:15,431 INFO  server.RaftServerConfigKeys (ConfUtils.java:logGet(43)) - raft.server.rpc.timeout.max = 1200ms (custom)
2019-06-13 10:59:15,431 INFO  server.RaftServerConfigKeys (ConfUtils.java:logGet(43)) - raft.server.rpcslowness.timeout = 120s (custom)
2019-06-13 10:59:15,431 INFO  server.RaftServerConfigKeys (ConfUtils.java:logGet(43)) - raft.server.log.appender.install.snapshot.enabled = true (default)
2019-06-13 10:59:15,431 INFO  impl.RaftServerImpl (ServerState.java:<init>(101)) - 67bf4de7-df61-40ae-b697-e5f0195c5019:group-C5FDDD42D04B ConfigurationManager, init=-1: [67bf4de7-df61-40ae-b697-e5f0195c5019:192.168.46.8:39137], old=null, confs=<EMPTY_MAP>
2019-06-13 10:59:15,431 INFO  server.RaftServerConfigKeys (ConfUtils.java:logGet(43)) - raft.server.storage.dir = [/opt/src/hadoop-ozone/integration-test/target/test-dir/MiniOzoneClusterImpl-7dea1a61-12f6-4270-a8c4-8cb37dc8f048/datanode-2/data/ratis] (custom)
2019-06-13 10:59:15,432 INFO  storage.RaftStorageDirectory (RaftStorageDirectory.java:analyzeStorage(246)) - The storage directory /opt/src/hadoop-ozone/integration-test/target/test-dir/MiniOzoneClusterImpl-7dea1a61-12f6-4270-a8c4-8cb37dc8f048/datanode-2/data/ratis/5416678d-5827-4afa-80c3-c5fddd42d04b does not exist. Creating ...
2019-06-13 10:59:15,434 INFO  storage.RaftStorageDirectory (RaftStorageDirectory.java:tryLock(328)) - Lock on /opt/src/hadoop-ozone/integration-test/target/test-dir/MiniOzoneClusterImpl-7dea1a61-12f6-4270-a8c4-8cb37dc8f048/datanode-2/data/ratis/5416678d-5827-4afa-80c3-c5fddd42d04b/in_use.lock acquired by nodename 12560@ozone-5n8bq-3406807641
2019-06-13 10:59:15,435 INFO  storage.RaftStorage (RaftStorage.java:format(75)) - Storage directory /opt/src/hadoop-ozone/integration-test/target/test-dir/MiniOzoneClusterImpl-7dea1a61-12f6-4270-a8c4-8cb37dc8f048/datanode-2/data/ratis/5416678d-5827-4afa-80c3-c5fddd42d04b has been successfully formatted.
2019-06-13 10:59:15,436 INFO  ratis.ContainerStateMachine (ContainerStateMachine.java:loadSnapshot(199)) - The snapshot info is null.Setting the last applied index to:(t:0, i:~)
2019-06-13 10:59:15,436 INFO  server.RaftServerConfigKeys (ConfUtils.java:logGet(43)) - raft.server.leader.election.timeout = 120s (custom)
2019-06-13 10:59:15,436 INFO  server.RaftServerConfigKeys (ConfUtils.java:logGet(43)) - raft.server.log.use.memory = false (default)
2019-06-13 10:59:15,436 INFO  server.RaftServerConfigKeys (ConfUtils.java:logGet(43)) - raft.server.log.appender.buffer.byte-limit = 33554432 (custom)
2019-06-13 10:59:15,436 INFO  server.RaftServerConfigKeys (ConfUtils.java:logGet(43)) - raft.server.log.segment.size.max = 16384 (custom)
2019-06-13 10:59:15,436 INFO  server.RaftServerConfigKeys (ConfUtils.java:logGet(43)) - raft.server.log.segment.cache.num.max = 2 (custom)
2019-06-13 10:59:15,436 INFO  storage.RaftLogWorker (RaftLogWorker.java:<init>(123)) - new 67bf4de7-df61-40ae-b697-e5f0195c5019-RaftLogWorker for Storage Directory /opt/src/hadoop-ozone/integration-test/target/test-dir/MiniOzoneClusterImpl-7dea1a61-12f6-4270-a8c4-8cb37dc8f048/datanode-2/data/ratis/5416678d-5827-4afa-80c3-c5fddd42d04b
2019-06-13 10:59:15,436 INFO  server.RaftServerConfigKeys (ConfUtils.java:logGet(43)) - raft.server.log.queue.byte-limit = 2147483647 (custom)
2019-06-13 10:59:15,436 INFO  server.RaftServerConfigKeys (ConfUtils.java:logGet(43)) - raft.server.log.queue.element-limit = 1024 (custom)
2019-06-13 10:59:15,436 INFO  server.RaftServerConfigKeys (ConfUtils.java:logGet(43)) - raft.server.log.segment.size.max = 16384 (custom)
2019-06-13 10:59:15,437 INFO  server.RaftServerConfigKeys (ConfUtils.java:logGet(43)) - raft.server.log.preallocated.size = 16384 (custom)
2019-06-13 10:59:15,437 INFO  server.RaftServerConfigKeys (ConfUtils.java:logGet(43)) - raft.server.log.write.buffer.size = 33554432 (custom)
2019-06-13 10:59:15,437 INFO  server.RaftServerConfigKeys (ConfUtils.java:logGet(43)) - raft.server.log.force.sync.num = 128 (default)
2019-06-13 10:59:15,437 INFO  server.RaftServerConfigKeys (ConfUtils.java:logGet(43)) - raft.server.log.statemachine.data.sync = true (default)
2019-06-13 10:59:15,437 INFO  server.RaftServerConfigKeys (ConfUtils.java:logGet(43)) - raft.server.log.statemachine.data.sync.timeout = 10s (default)
2019-06-13 10:59:15,437 INFO  server.RaftServerConfigKeys (ConfUtils.java:logGet(43)) - raft.server.log.statemachine.data.sync.timeout.retry = -1 (default)
2019-06-13 10:59:15,437 INFO  server.RaftServerConfigKeys (ConfUtils.java:logGet(43)) - raft.server.log.statemachine.data.caching.enabled = true (custom)
2019-06-13 10:59:15,437 INFO  server.RaftServerConfigKeys (ConfUtils.java:logGet(43)) - raft.server.snapshot.auto.trigger.enabled = true (custom)
2019-06-13 10:59:15,437 INFO  server.RaftServerConfigKeys (ConfUtils.java:logGet(43)) - raft.server.snapshot.auto.trigger.threshold = 10000 (custom)
2019-06-13 10:59:15,438 INFO  server.RaftServerConfigKeys (ConfUtils.java:logGet(43)) - raft.server.retrycache.expirytime = 600000ms (custom)
2019-06-13 10:59:15,438 INFO  impl.RaftServerImpl (RaftServerImpl.java:start(173)) - 67bf4de7-df61-40ae-b697-e5f0195c5019: start group-C5FDDD42D04B
2019-06-13 10:59:15,438 INFO  impl.RaftServerImpl (RaftServerImpl.java:setRole(164)) - 67bf4de7-df61-40ae-b697-e5f0195c5019:group-C5FDDD42D04B changes role from null to FOLLOWER at term 0 for startAsFollower
2019-06-13 10:59:15,438 INFO  impl.RoleInfo (RoleInfo.java:updateAndGet(143)) - 67bf4de7-df61-40ae-b697-e5f0195c5019: start FollowerState
2019-06-13 10:59:15,442 INFO  util.JmxRegister (JmxRegister.java:tryRegister(44)) - Successfully registered JMX Bean with object name Ratis:service=RaftServer,group=group-C5FDDD42D04B,id=67bf4de7-df61-40ae-b697-e5f0195c5019
2019-06-13 10:59:15,454 INFO  pipeline.PipelineStateManager (PipelineStateManager.java:addPipeline(56)) - Created pipeline Pipeline[ Id: 5416678d-5827-4afa-80c3-c5fddd42d04b, Nodes: 67bf4de7-df61-40ae-b697-e5f0195c5019{ip: 192.168.46.8, host: ozone-5n8bq-3406807641, networkLocation: /default-rack, certSerialId: null}, Type:RATIS, Factor:ONE, State:OPEN]
2019-06-13 10:59:15,461 INFO  impl.RaftServerProxy (RaftServerProxy.java:addNew(89)) - 7093d8aa-2045-434c-a57b-b56d15c00146: addNew group-76E1EB442D9C:[67bf4de7-df61-40ae-b697-e5f0195c5019:192.168.46.8:39137, a8218a3e-2db5-411c-899a-928fff5e3f8a:192.168.46.8:40493, 7093d8aa-2045-434c-a57b-b56d15c00146:192.168.46.8:33705] returns group-76E1EB442D9C:java.util.concurrent.CompletableFuture@5fd8b8e9[Not completed]
2019-06-13 10:59:15,461 INFO  impl.RaftServerImpl (RaftServerImpl.java:<init>(91)) - 7093d8aa-2045-434c-a57b-b56d15c00146: new RaftServerImpl for group-76E1EB442D9C:[67bf4de7-df61-40ae-b697-e5f0195c5019:192.168.46.8:39137, a8218a3e-2db5-411c-899a-928fff5e3f8a:192.168.46.8:40493, 7093d8aa-2045-434c-a57b-b56d15c00146:192.168.46.8:33705] with ContainerStateMachine:uninitialized
2019-06-13 10:59:15,461 INFO  server.RaftServerConfigKeys (ConfUtils.java:logGet(43)) - raft.server.rpc.timeout.min = 1s (custom)
2019-06-13 10:59:15,461 INFO  server.RaftServerConfigKeys (ConfUtils.java:logGet(43)) - raft.server.rpc.timeout.max = 1200ms (custom)
2019-06-13 10:59:15,461 INFO  server.RaftServerConfigKeys (ConfUtils.java:logGet(43)) - raft.server.rpcslowness.timeout = 120s (custom)
2019-06-13 10:59:15,461 INFO  server.RaftServerConfigKeys (ConfUtils.java:logGet(43)) - raft.server.log.appender.install.snapshot.enabled = true (default)
2019-06-13 10:59:15,462 INFO  impl.RaftServerImpl (ServerState.java:<init>(101)) - 7093d8aa-2045-434c-a57b-b56d15c00146:group-76E1EB442D9C ConfigurationManager, init=-1: [67bf4de7-df61-40ae-b697-e5f0195c5019:192.168.46.8:39137, a8218a3e-2db5-411c-899a-928fff5e3f8a:192.168.46.8:40493, 7093d8aa-2045-434c-a57b-b56d15c00146:192.168.46.8:33705], old=null, confs=<EMPTY_MAP>
2019-06-13 10:59:15,462 INFO  server.RaftServerConfigKeys (ConfUtils.java:logGet(43)) - raft.server.storage.dir = [/opt/src/hadoop-ozone/integration-test/target/test-dir/MiniOzoneClusterImpl-7dea1a61-12f6-4270-a8c4-8cb37dc8f048/datanode-0/data/ratis] (custom)
2019-06-13 10:59:15,462 INFO  impl.RaftServerProxy (RaftServerProxy.java:addNew(89)) - 67bf4de7-df61-40ae-b697-e5f0195c5019: addNew group-76E1EB442D9C:[67bf4de7-df61-40ae-b697-e5f0195c5019:192.168.46.8:39137, a8218a3e-2db5-411c-899a-928fff5e3f8a:192.168.46.8:40493, 7093d8aa-2045-434c-a57b-b56d15c00146:192.168.46.8:33705] returns group-76E1EB442D9C:java.util.concurrent.CompletableFuture@1b175a0c[Not completed]
2019-06-13 10:59:15,462 INFO  storage.RaftStorageDirectory (RaftStorageDirectory.java:analyzeStorage(246)) - The storage directory /opt/src/hadoop-ozone/integration-test/target/test-dir/MiniOzoneClusterImpl-7dea1a61-12f6-4270-a8c4-8cb37dc8f048/datanode-0/data/ratis/07176aa1-6fa6-429c-9361-76e1eb442d9c does not exist. Creating ...
2019-06-13 10:59:15,462 INFO  impl.RaftServerImpl (RaftServerImpl.java:<init>(91)) - 67bf4de7-df61-40ae-b697-e5f0195c5019: new RaftServerImpl for group-76E1EB442D9C:[67bf4de7-df61-40ae-b697-e5f0195c5019:192.168.46.8:39137, a8218a3e-2db5-411c-899a-928fff5e3f8a:192.168.46.8:40493, 7093d8aa-2045-434c-a57b-b56d15c00146:192.168.46.8:33705] with ContainerStateMachine:uninitialized
2019-06-13 10:59:15,462 INFO  server.RaftServerConfigKeys (ConfUtils.java:logGet(43)) - raft.server.rpc.timeout.min = 1s (custom)
2019-06-13 10:59:15,463 INFO  server.RaftServerConfigKeys (ConfUtils.java:logGet(43)) - raft.server.rpc.timeout.max = 1200ms (custom)
2019-06-13 10:59:15,463 INFO  server.RaftServerConfigKeys (ConfUtils.java:logGet(43)) - raft.server.rpcslowness.timeout = 120s (custom)
2019-06-13 10:59:15,463 INFO  server.RaftServerConfigKeys (ConfUtils.java:logGet(43)) - raft.server.log.appender.install.snapshot.enabled = true (default)
2019-06-13 10:59:15,463 INFO  impl.RaftServerImpl (ServerState.java:<init>(101)) - 67bf4de7-df61-40ae-b697-e5f0195c5019:group-76E1EB442D9C ConfigurationManager, init=-1: [67bf4de7-df61-40ae-b697-e5f0195c5019:192.168.46.8:39137, a8218a3e-2db5-411c-899a-928fff5e3f8a:192.168.46.8:40493, 7093d8aa-2045-434c-a57b-b56d15c00146:192.168.46.8:33705], old=null, confs=<EMPTY_MAP>
2019-06-13 10:59:15,463 INFO  server.RaftServerConfigKeys (ConfUtils.java:logGet(43)) - raft.server.storage.dir = [/opt/src/hadoop-ozone/integration-test/target/test-dir/MiniOzoneClusterImpl-7dea1a61-12f6-4270-a8c4-8cb37dc8f048/datanode-2/data/ratis] (custom)
2019-06-13 10:59:15,463 INFO  storage.RaftStorageDirectory (RaftStorageDirectory.java:analyzeStorage(246)) - The storage directory /opt/src/hadoop-ozone/integration-test/target/test-dir/MiniOzoneClusterImpl-7dea1a61-12f6-4270-a8c4-8cb37dc8f048/datanode-2/data/ratis/07176aa1-6fa6-429c-9361-76e1eb442d9c does not exist. Creating ...
2019-06-13 10:59:15,466 INFO  storage.RaftStorageDirectory (RaftStorageDirectory.java:tryLock(328)) - Lock on /opt/src/hadoop-ozone/integration-test/target/test-dir/MiniOzoneClusterImpl-7dea1a61-12f6-4270-a8c4-8cb37dc8f048/datanode-0/data/ratis/07176aa1-6fa6-429c-9361-76e1eb442d9c/in_use.lock acquired by nodename 12560@ozone-5n8bq-3406807641
2019-06-13 10:59:15,466 INFO  storage.RaftStorageDirectory (RaftStorageDirectory.java:tryLock(328)) - Lock on /opt/src/hadoop-ozone/integration-test/target/test-dir/MiniOzoneClusterImpl-7dea1a61-12f6-4270-a8c4-8cb37dc8f048/datanode-2/data/ratis/07176aa1-6fa6-429c-9361-76e1eb442d9c/in_use.lock acquired by nodename 12560@ozone-5n8bq-3406807641
2019-06-13 10:59:15,466 INFO  impl.RaftServerProxy (RaftServerProxy.java:addNew(89)) - a8218a3e-2db5-411c-899a-928fff5e3f8a: addNew group-76E1EB442D9C:[67bf4de7-df61-40ae-b697-e5f0195c5019:192.168.46.8:39137, a8218a3e-2db5-411c-899a-928fff5e3f8a:192.168.46.8:40493, 7093d8aa-2045-434c-a57b-b56d15c00146:192.168.46.8:33705] returns group-76E1EB442D9C:java.util.concurrent.CompletableFuture@28366191[Not completed]
2019-06-13 10:59:15,467 INFO  impl.RaftServerImpl (RaftServerImpl.java:<init>(91)) - a8218a3e-2db5-411c-899a-928fff5e3f8a: new RaftServerImpl for group-76E1EB442D9C:[67bf4de7-df61-40ae-b697-e5f0195c5019:192.168.46.8:39137, a8218a3e-2db5-411c-899a-928fff5e3f8a:192.168.46.8:40493, 7093d8aa-2045-434c-a57b-b56d15c00146:192.168.46.8:33705] with ContainerStateMachine:uninitialized
2019-06-13 10:59:15,467 INFO  server.RaftServerConfigKeys (ConfUtils.java:logGet(43)) - raft.server.rpc.timeout.min = 1s (custom)
2019-06-13 10:59:15,467 INFO  server.RaftServerConfigKeys (ConfUtils.java:logGet(43)) - raft.server.rpc.timeout.max = 1200ms (custom)
2019-06-13 10:59:15,467 INFO  server.RaftServerConfigKeys (ConfUtils.java:logGet(43)) - raft.server.rpcslowness.timeout = 120s (custom)
2019-06-13 10:59:15,467 INFO  server.RaftServerConfigKeys (ConfUtils.java:logGet(43)) - raft.server.log.appender.install.snapshot.enabled = true (default)
2019-06-13 10:59:15,467 INFO  impl.RaftServerImpl (ServerState.java:<init>(101)) - a8218a3e-2db5-411c-899a-928fff5e3f8a:group-76E1EB442D9C ConfigurationManager, init=-1: [67bf4de7-df61-40ae-b697-e5f0195c5019:192.168.46.8:39137, a8218a3e-2db5-411c-899a-928fff5e3f8a:192.168.46.8:40493, 7093d8aa-2045-434c-a57b-b56d15c00146:192.168.46.8:33705], old=null, confs=<EMPTY_MAP>
2019-06-13 10:59:15,467 INFO  server.RaftServerConfigKeys (ConfUtils.java:logGet(43)) - raft.server.storage.dir = [/opt/src/hadoop-ozone/integration-test/target/test-dir/MiniOzoneClusterImpl-7dea1a61-12f6-4270-a8c4-8cb37dc8f048/datanode-1/data/ratis] (custom)
2019-06-13 10:59:15,468 INFO  storage.RaftStorageDirectory (RaftStorageDirectory.java:analyzeStorage(246)) - The storage directory /opt/src/hadoop-ozone/integration-test/target/test-dir/MiniOzoneClusterImpl-7dea1a61-12f6-4270-a8c4-8cb37dc8f048/datanode-1/data/ratis/07176aa1-6fa6-429c-9361-76e1eb442d9c does not exist. Creating ...
2019-06-13 10:59:15,468 INFO  storage.RaftStorage (RaftStorage.java:format(75)) - Storage directory /opt/src/hadoop-ozone/integration-test/target/test-dir/MiniOzoneClusterImpl-7dea1a61-12f6-4270-a8c4-8cb37dc8f048/datanode-2/data/ratis/07176aa1-6fa6-429c-9361-76e1eb442d9c has been successfully formatted.
2019-06-13 10:59:15,468 INFO  storage.RaftStorage (RaftStorage.java:format(75)) - Storage directory /opt/src/hadoop-ozone/integration-test/target/test-dir/MiniOzoneClusterImpl-7dea1a61-12f6-4270-a8c4-8cb37dc8f048/datanode-0/data/ratis/07176aa1-6fa6-429c-9361-76e1eb442d9c has been successfully formatted.
2019-06-13 10:59:15,469 INFO  ratis.ContainerStateMachine (ContainerStateMachine.java:loadSnapshot(199)) - The snapshot info is null.Setting the last applied index to:(t:0, i:~)
2019-06-13 10:59:15,469 INFO  ratis.ContainerStateMachine (ContainerStateMachine.java:loadSnapshot(199)) - The snapshot info is null.Setting the last applied index to:(t:0, i:~)
2019-06-13 10:59:15,469 INFO  server.RaftServerConfigKeys (ConfUtils.java:logGet(43)) - raft.server.leader.election.timeout = 120s (custom)
2019-06-13 10:59:15,469 INFO  server.RaftServerConfigKeys (ConfUtils.java:logGet(43)) - raft.server.leader.election.timeout = 120s (custom)
2019-06-13 10:59:15,469 INFO  server.RaftServerConfigKeys (ConfUtils.java:logGet(43)) - raft.server.log.use.memory = false (default)
2019-06-13 10:59:15,469 INFO  server.RaftServerConfigKeys (ConfUtils.java:logGet(43)) - raft.server.log.use.memory = false (default)
2019-06-13 10:59:15,469 INFO  server.RaftServerConfigKeys (ConfUtils.java:logGet(43)) - raft.server.log.appender.buffer.byte-limit = 33554432 (custom)
2019-06-13 10:59:15,469 INFO  server.RaftServerConfigKeys (ConfUtils.java:logGet(43)) - raft.server.log.appender.buffer.byte-limit = 33554432 (custom)
2019-06-13 10:59:15,470 INFO  server.RaftServerConfigKeys (ConfUtils.java:logGet(43)) - raft.server.log.segment.size.max = 16384 (custom)
2019-06-13 10:59:15,470 INFO  server.RaftServerConfigKeys (ConfUtils.java:logGet(43)) - raft.server.log.segment.size.max = 16384 (custom)
2019-06-13 10:59:15,470 INFO  server.RaftServerConfigKeys (ConfUtils.java:logGet(43)) - raft.server.log.segment.cache.num.max = 2 (custom)
2019-06-13 10:59:15,470 INFO  storage.RaftLogWorker (RaftLogWorker.java:<init>(123)) - new 7093d8aa-2045-434c-a57b-b56d15c00146-RaftLogWorker for Storage Directory /opt/src/hadoop-ozone/integration-test/target/test-dir/MiniOzoneClusterImpl-7dea1a61-12f6-4270-a8c4-8cb37dc8f048/datanode-0/data/ratis/07176aa1-6fa6-429c-9361-76e1eb442d9c
2019-06-13 10:59:15,470 INFO  server.RaftServerConfigKeys (ConfUtils.java:logGet(43)) - raft.server.log.queue.byte-limit = 2147483647 (custom)
2019-06-13 10:59:15,470 INFO  server.RaftServerConfigKeys (ConfUtils.java:logGet(43)) - raft.server.log.queue.element-limit = 1024 (custom)
2019-06-13 10:59:15,470 INFO  storage.RaftStorageDirectory (RaftStorageDirectory.java:tryLock(328)) - Lock on /opt/src/hadoop-ozone/integration-test/target/test-dir/MiniOzoneClusterImpl-7dea1a61-12f6-4270-a8c4-8cb37dc8f048/datanode-1/data/ratis/07176aa1-6fa6-429c-9361-76e1eb442d9c/in_use.lock acquired by nodename 12560@ozone-5n8bq-3406807641
2019-06-13 10:59:15,470 INFO  server.RaftServerConfigKeys (ConfUtils.java:logGet(43)) - raft.server.log.segment.cache.num.max = 2 (custom)
2019-06-13 10:59:15,471 INFO  storage.RaftLogWorker (RaftLogWorker.java:<init>(123)) - new 67bf4de7-df61-40ae-b697-e5f0195c5019-RaftLogWorker for Storage Directory /opt/src/hadoop-ozone/integration-test/target/test-dir/MiniOzoneClusterImpl-7dea1a61-12f6-4270-a8c4-8cb37dc8f048/datanode-2/data/ratis/07176aa1-6fa6-429c-9361-76e1eb442d9c
2019-06-13 10:59:15,471 INFO  server.RaftServerConfigKeys (ConfUtils.java:logGet(43)) - raft.server.log.queue.byte-limit = 2147483647 (custom)
2019-06-13 10:59:15,471 INFO  server.RaftServerConfigKeys (ConfUtils.java:logGet(43)) - raft.server.log.segment.size.max = 16384 (custom)
2019-06-13 10:59:15,471 INFO  server.RaftServerConfigKeys (ConfUtils.java:logGet(43)) - raft.server.log.preallocated.size = 16384 (custom)
2019-06-13 10:59:15,471 INFO  server.RaftServerConfigKeys (ConfUtils.java:logGet(43)) - raft.server.log.write.buffer.size = 33554432 (custom)
2019-06-13 10:59:15,471 INFO  server.RaftServerConfigKeys (ConfUtils.java:logGet(43)) - raft.server.log.force.sync.num = 128 (default)
2019-06-13 10:59:15,471 INFO  server.RaftServerConfigKeys (ConfUtils.java:logGet(43)) - raft.server.log.statemachine.data.sync = true (default)
2019-06-13 10:59:15,472 INFO  server.RaftServerConfigKeys (ConfUtils.java:logGet(43)) - raft.server.log.statemachine.data.sync.timeout = 10s (default)
2019-06-13 10:59:15,472 INFO  server.RaftServerConfigKeys (ConfUtils.java:logGet(43)) - raft.server.log.statemachine.data.sync.timeout.retry = -1 (default)
2019-06-13 10:59:15,472 INFO  server.RaftServerConfigKeys (ConfUtils.java:logGet(43)) - raft.server.log.statemachine.data.caching.enabled = true (custom)
2019-06-13 10:59:15,471 INFO  server.RaftServerConfigKeys (ConfUtils.java:logGet(43)) - raft.server.log.queue.element-limit = 1024 (custom)
2019-06-13 10:59:15,472 INFO  server.RaftServerConfigKeys (ConfUtils.java:logGet(43)) - raft.server.log.segment.size.max = 16384 (custom)
2019-06-13 10:59:15,472 INFO  server.RaftServerConfigKeys (ConfUtils.java:logGet(43)) - raft.server.log.preallocated.size = 16384 (custom)
2019-06-13 10:59:15,472 INFO  server.RaftServerConfigKeys (ConfUtils.java:logGet(43)) - raft.server.log.write.buffer.size = 33554432 (custom)
2019-06-13 10:59:15,473 INFO  server.RaftServerConfigKeys (ConfUtils.java:logGet(43)) - raft.server.log.force.sync.num = 128 (default)
2019-06-13 10:59:15,473 INFO  storage.RaftStorage (RaftStorage.java:format(75)) - Storage directory /opt/src/hadoop-ozone/integration-test/target/test-dir/MiniOzoneClusterImpl-7dea1a61-12f6-4270-a8c4-8cb37dc8f048/datanode-1/data/ratis/07176aa1-6fa6-429c-9361-76e1eb442d9c has been successfully formatted.
2019-06-13 10:59:15,473 INFO  ratis.ContainerStateMachine (ContainerStateMachine.java:loadSnapshot(199)) - The snapshot info is null.Setting the last applied index to:(t:0, i:~)
2019-06-13 10:59:15,473 INFO  server.RaftServerConfigKeys (ConfUtils.java:logGet(43)) - raft.server.log.statemachine.data.sync = true (default)
2019-06-13 10:59:15,473 INFO  server.RaftServerConfigKeys (ConfUtils.java:logGet(43)) - raft.server.log.statemachine.data.sync.timeout = 10s (default)
2019-06-13 10:59:15,473 INFO  server.RaftServerConfigKeys (ConfUtils.java:logGet(43)) - raft.server.log.statemachine.data.sync.timeout.retry = -1 (default)
2019-06-13 10:59:15,473 INFO  server.RaftServerConfigKeys (ConfUtils.java:logGet(43)) - raft.server.leader.election.timeout = 120s (custom)
2019-06-13 10:59:15,473 INFO  server.RaftServerConfigKeys (ConfUtils.java:logGet(43)) - raft.server.log.use.memory = false (default)
2019-06-13 10:59:15,473 INFO  server.RaftServerConfigKeys (ConfUtils.java:logGet(43)) - raft.server.snapshot.auto.trigger.enabled = true (custom)
2019-06-13 10:59:15,474 INFO  server.RaftServerConfigKeys (ConfUtils.java:logGet(43)) - raft.server.log.statemachine.data.caching.enabled = true (custom)
2019-06-13 10:59:15,473 INFO  server.RaftServerConfigKeys (ConfUtils.java:logGet(43)) - raft.server.log.appender.buffer.byte-limit = 33554432 (custom)
2019-06-13 10:59:15,474 INFO  server.RaftServerConfigKeys (ConfUtils.java:logGet(43)) - raft.server.snapshot.auto.trigger.threshold = 10000 (custom)
2019-06-13 10:59:15,474 INFO  server.RaftServerConfigKeys (ConfUtils.java:logGet(43)) - raft.server.log.segment.size.max = 16384 (custom)
2019-06-13 10:59:15,474 INFO  server.RaftServerConfigKeys (ConfUtils.java:logGet(43)) - raft.server.log.segment.cache.num.max = 2 (custom)
2019-06-13 10:59:15,474 INFO  storage.RaftLogWorker (RaftLogWorker.java:<init>(123)) - new a8218a3e-2db5-411c-899a-928fff5e3f8a-RaftLogWorker for Storage Directory /opt/src/hadoop-ozone/integration-test/target/test-dir/MiniOzoneClusterImpl-7dea1a61-12f6-4270-a8c4-8cb37dc8f048/datanode-1/data/ratis/07176aa1-6fa6-429c-9361-76e1eb442d9c
2019-06-13 10:59:15,474 INFO  server.RaftServerConfigKeys (ConfUtils.java:logGet(43)) - raft.server.log.queue.byte-limit = 2147483647 (custom)
2019-06-13 10:59:15,475 INFO  server.RaftServerConfigKeys (ConfUtils.java:logGet(43)) - raft.server.log.queue.element-limit = 1024 (custom)
2019-06-13 10:59:15,475 INFO  server.RaftServerConfigKeys (ConfUtils.java:logGet(43)) - raft.server.log.segment.size.max = 16384 (custom)
2019-06-13 10:59:15,475 INFO  server.RaftServerConfigKeys (ConfUtils.java:logGet(43)) - raft.server.log.preallocated.size = 16384 (custom)
2019-06-13 10:59:15,475 INFO  server.RaftServerConfigKeys (ConfUtils.java:logGet(43)) - raft.server.log.write.buffer.size = 33554432 (custom)
2019-06-13 10:59:15,475 INFO  server.RaftServerConfigKeys (ConfUtils.java:logGet(43)) - raft.server.log.force.sync.num = 128 (default)
2019-06-13 10:59:15,475 INFO  server.RaftServerConfigKeys (ConfUtils.java:logGet(43)) - raft.server.log.statemachine.data.sync = true (default)
2019-06-13 10:59:15,475 INFO  server.RaftServerConfigKeys (ConfUtils.java:logGet(43)) - raft.server.log.statemachine.data.sync.timeout = 10s (default)
2019-06-13 10:59:15,475 INFO  server.RaftServerConfigKeys (ConfUtils.java:logGet(43)) - raft.server.log.statemachine.data.sync.timeout.retry = -1 (default)
2019-06-13 10:59:15,475 INFO  server.RaftServerConfigKeys (ConfUtils.java:logGet(43)) - raft.server.snapshot.auto.trigger.enabled = true (custom)
2019-06-13 10:59:15,476 INFO  server.RaftServerConfigKeys (ConfUtils.java:logGet(43)) - raft.server.retrycache.expirytime = 600000ms (custom)
2019-06-13 10:59:15,476 INFO  server.RaftServerConfigKeys (ConfUtils.java:logGet(43)) - raft.server.log.statemachine.data.caching.enabled = true (custom)
2019-06-13 10:59:15,476 INFO  impl.RaftServerImpl (RaftServerImpl.java:start(173)) - 7093d8aa-2045-434c-a57b-b56d15c00146: start group-76E1EB442D9C
2019-06-13 10:59:15,476 INFO  impl.RaftServerImpl (RaftServerImpl.java:setRole(164)) - 7093d8aa-2045-434c-a57b-b56d15c00146:group-76E1EB442D9C changes role from null to FOLLOWER at term 0 for startAsFollower
2019-06-13 10:59:15,476 INFO  impl.RoleInfo (RoleInfo.java:updateAndGet(143)) - 7093d8aa-2045-434c-a57b-b56d15c00146: start FollowerState
2019-06-13 10:59:15,476 INFO  server.RaftServerConfigKeys (ConfUtils.java:logGet(43)) - raft.server.snapshot.auto.trigger.threshold = 10000 (custom)
2019-06-13 10:59:15,476 INFO  server.RaftServerConfigKeys (ConfUtils.java:logGet(43)) - raft.server.snapshot.auto.trigger.enabled = true (custom)
2019-06-13 10:59:15,476 INFO  server.RaftServerConfigKeys (ConfUtils.java:logGet(43)) - raft.server.snapshot.auto.trigger.threshold = 10000 (custom)
2019-06-13 10:59:15,477 INFO  server.RaftServerConfigKeys (ConfUtils.java:logGet(43)) - raft.server.retrycache.expirytime = 600000ms (custom)
2019-06-13 10:59:15,477 INFO  util.JmxRegister (JmxRegister.java:tryRegister(44)) - Successfully registered JMX Bean with object name Ratis:service=RaftServer,group=group-76E1EB442D9C,id=7093d8aa-2045-434c-a57b-b56d15c00146
2019-06-13 10:59:15,477 INFO  server.RaftServerConfigKeys (ConfUtils.java:logGet(43)) - raft.server.retrycache.expirytime = 600000ms (custom)
2019-06-13 10:59:15,477 INFO  impl.RaftServerImpl (RaftServerImpl.java:start(173)) - a8218a3e-2db5-411c-899a-928fff5e3f8a: start group-76E1EB442D9C
2019-06-13 10:59:15,477 INFO  impl.RaftServerImpl (RaftServerImpl.java:setRole(164)) - a8218a3e-2db5-411c-899a-928fff5e3f8a:group-76E1EB442D9C changes role from null to FOLLOWER at term 0 for startAsFollower
2019-06-13 10:59:15,478 INFO  impl.RoleInfo (RoleInfo.java:updateAndGet(143)) - a8218a3e-2db5-411c-899a-928fff5e3f8a: start FollowerState
2019-06-13 10:59:15,478 INFO  util.JmxRegister (JmxRegister.java:tryRegister(44)) - Successfully registered JMX Bean with object name Ratis:service=RaftServer,group=group-76E1EB442D9C,id=a8218a3e-2db5-411c-899a-928fff5e3f8a
2019-06-13 10:59:15,477 INFO  impl.RaftServerImpl (RaftServerImpl.java:start(173)) - 67bf4de7-df61-40ae-b697-e5f0195c5019: start group-76E1EB442D9C
2019-06-13 10:59:15,481 INFO  impl.RaftServerImpl (RaftServerImpl.java:setRole(164)) - 67bf4de7-df61-40ae-b697-e5f0195c5019:group-76E1EB442D9C changes role from null to FOLLOWER at term 0 for startAsFollower
2019-06-13 10:59:15,482 INFO  impl.RoleInfo (RoleInfo.java:updateAndGet(143)) - 67bf4de7-df61-40ae-b697-e5f0195c5019: start FollowerState
2019-06-13 10:59:15,483 INFO  util.JmxRegister (JmxRegister.java:tryRegister(44)) - Successfully registered JMX Bean with object name Ratis:service=RaftServer,group=group-76E1EB442D9C,id=67bf4de7-df61-40ae-b697-e5f0195c5019
2019-06-13 10:59:15,488 INFO  pipeline.PipelineStateManager (PipelineStateManager.java:addPipeline(56)) - Created pipeline Pipeline[ Id: 07176aa1-6fa6-429c-9361-76e1eb442d9c, Nodes: 7093d8aa-2045-434c-a57b-b56d15c00146{ip: 192.168.46.8, host: ozone-5n8bq-3406807641, networkLocation: /default-rack, certSerialId: null}67bf4de7-df61-40ae-b697-e5f0195c5019{ip: 192.168.46.8, host: ozone-5n8bq-3406807641, networkLocation: /default-rack, certSerialId: null}a8218a3e-2db5-411c-899a-928fff5e3f8a{ip: 192.168.46.8, host: ozone-5n8bq-3406807641, networkLocation: /default-rack, certSerialId: null}, Type:RATIS, Factor:THREE, State:OPEN]
2019-06-13 10:59:15,635 INFO  node.SCMNodeManager (SCMNodeManager.java:register(234)) - Registered Data node : 3e5f1adf-1584-4d20-a1a5-2f0eb63d3e87{ip: 192.168.46.8, host: ozone-5n8bq-3406807641, networkLocation: /default-rack, certSerialId: null}
2019-06-13 10:59:15,642 INFO  impl.RaftServerProxy (RaftServerProxy.java:addNew(89)) - 3e5f1adf-1584-4d20-a1a5-2f0eb63d3e87: addNew group-3010EDE83906:[3e5f1adf-1584-4d20-a1a5-2f0eb63d3e87:192.168.46.8:39001] returns group-3010EDE83906:java.util.concurrent.CompletableFuture@117e75cd[Not completed]
2019-06-13 10:59:15,645 INFO  impl.RaftServerImpl (RaftServerImpl.java:<init>(91)) - 3e5f1adf-1584-4d20-a1a5-2f0eb63d3e87: new RaftServerImpl for group-3010EDE83906:[3e5f1adf-1584-4d20-a1a5-2f0eb63d3e87:192.168.46.8:39001] with ContainerStateMachine:uninitialized
2019-06-13 10:59:15,645 INFO  server.RaftServerConfigKeys (ConfUtils.java:logGet(43)) - raft.server.rpc.timeout.min = 1s (custom)
2019-06-13 10:59:15,645 INFO  server.RaftServerConfigKeys (ConfUtils.java:logGet(43)) - raft.server.rpc.timeout.max = 1200ms (custom)
2019-06-13 10:59:15,645 INFO  server.RaftServerConfigKeys (ConfUtils.java:logGet(43)) - raft.server.rpcslowness.timeout = 120s (custom)
2019-06-13 10:59:15,646 INFO  server.RaftServerConfigKeys (ConfUtils.java:logGet(43)) - raft.server.log.appender.install.snapshot.enabled = true (default)
2019-06-13 10:59:15,646 INFO  impl.RaftServerImpl (ServerState.java:<init>(101)) - 3e5f1adf-1584-4d20-a1a5-2f0eb63d3e87:group-3010EDE83906 ConfigurationManager, init=-1: [3e5f1adf-1584-4d20-a1a5-2f0eb63d3e87:192.168.46.8:39001], old=null, confs=<EMPTY_MAP>
2019-06-13 10:59:15,646 INFO  server.RaftServerConfigKeys (ConfUtils.java:logGet(43)) - raft.server.storage.dir = [/opt/src/hadoop-ozone/integration-test/target/test-dir/MiniOzoneClusterImpl-7dea1a61-12f6-4270-a8c4-8cb37dc8f048/datanode-3/data/ratis] (custom)
2019-06-13 10:59:15,646 INFO  storage.RaftStorageDirectory (RaftStorageDirectory.java:analyzeStorage(246)) - The storage directory /opt/src/hadoop-ozone/integration-test/target/test-dir/MiniOzoneClusterImpl-7dea1a61-12f6-4270-a8c4-8cb37dc8f048/datanode-3/data/ratis/81c7eab0-fc26-48bf-a036-3010ede83906 does not exist. Creating ...
2019-06-13 10:59:15,648 INFO  storage.RaftStorageDirectory (RaftStorageDirectory.java:tryLock(328)) - Lock on /opt/src/hadoop-ozone/integration-test/target/test-dir/MiniOzoneClusterImpl-7dea1a61-12f6-4270-a8c4-8cb37dc8f048/datanode-3/data/ratis/81c7eab0-fc26-48bf-a036-3010ede83906/in_use.lock acquired by nodename 12560@ozone-5n8bq-3406807641
2019-06-13 10:59:15,650 INFO  storage.RaftStorage (RaftStorage.java:format(75)) - Storage directory /opt/src/hadoop-ozone/integration-test/target/test-dir/MiniOzoneClusterImpl-7dea1a61-12f6-4270-a8c4-8cb37dc8f048/datanode-3/data/ratis/81c7eab0-fc26-48bf-a036-3010ede83906 has been successfully formatted.
2019-06-13 10:59:15,650 INFO  ratis.ContainerStateMachine (ContainerStateMachine.java:loadSnapshot(199)) - The snapshot info is null.Setting the last applied index to:(t:0, i:~)
2019-06-13 10:59:15,650 INFO  server.RaftServerConfigKeys (ConfUtils.java:logGet(43)) - raft.server.leader.election.timeout = 120s (custom)
2019-06-13 10:59:15,650 INFO  server.RaftServerConfigKeys (ConfUtils.java:logGet(43)) - raft.server.log.use.memory = false (default)
2019-06-13 10:59:15,650 INFO  server.RaftServerConfigKeys (ConfUtils.java:logGet(43)) - raft.server.log.appender.buffer.byte-limit = 33554432 (custom)
2019-06-13 10:59:15,650 INFO  server.RaftServerConfigKeys (ConfUtils.java:logGet(43)) - raft.server.log.segment.size.max = 16384 (custom)
2019-06-13 10:59:15,651 INFO  server.RaftServerConfigKeys (ConfUtils.java:logGet(43)) - raft.server.log.segment.cache.num.max = 2 (custom)
2019-06-13 10:59:15,651 INFO  storage.RaftLogWorker (RaftLogWorker.java:<init>(123)) - new 3e5f1adf-1584-4d20-a1a5-2f0eb63d3e87-RaftLogWorker for Storage Directory /opt/src/hadoop-ozone/integration-test/target/test-dir/MiniOzoneClusterImpl-7dea1a61-12f6-4270-a8c4-8cb37dc8f048/datanode-3/data/ratis/81c7eab0-fc26-48bf-a036-3010ede83906
2019-06-13 10:59:15,651 INFO  server.RaftServerConfigKeys (ConfUtils.java:logGet(43)) - raft.server.log.queue.byte-limit = 2147483647 (custom)
2019-06-13 10:59:15,651 INFO  server.RaftServerConfigKeys (ConfUtils.java:logGet(43)) - raft.server.log.queue.element-limit = 1024 (custom)
2019-06-13 10:59:15,651 INFO  server.RaftServerConfigKeys (ConfUtils.java:logGet(43)) - raft.server.log.segment.size.max = 16384 (custom)
2019-06-13 10:59:15,651 INFO  server.RaftServerConfigKeys (ConfUtils.java:logGet(43)) - raft.server.log.preallocated.size = 16384 (custom)
2019-06-13 10:59:15,651 INFO  server.RaftServerConfigKeys (ConfUtils.java:logGet(43)) - raft.server.log.write.buffer.size = 33554432 (custom)
2019-06-13 10:59:15,651 INFO  server.RaftServerConfigKeys (ConfUtils.java:logGet(43)) - raft.server.log.force.sync.num = 128 (default)
2019-06-13 10:59:15,651 INFO  server.RaftServerConfigKeys (ConfUtils.java:logGet(43)) - raft.server.log.statemachine.data.sync = true (default)
2019-06-13 10:59:15,651 INFO  server.RaftServerConfigKeys (ConfUtils.java:logGet(43)) - raft.server.log.statemachine.data.sync.timeout = 10s (default)
2019-06-13 10:59:15,651 INFO  server.RaftServerConfigKeys (ConfUtils.java:logGet(43)) - raft.server.log.statemachine.data.sync.timeout.retry = -1 (default)
2019-06-13 10:59:15,651 INFO  server.RaftServerConfigKeys (ConfUtils.java:logGet(43)) - raft.server.log.statemachine.data.caching.enabled = true (custom)
2019-06-13 10:59:15,652 INFO  server.RaftServerConfigKeys (ConfUtils.java:logGet(43)) - raft.server.snapshot.auto.trigger.enabled = true (custom)
2019-06-13 10:59:15,652 INFO  server.RaftServerConfigKeys (ConfUtils.java:logGet(43)) - raft.server.snapshot.auto.trigger.threshold = 10000 (custom)
2019-06-13 10:59:15,652 INFO  server.RaftServerConfigKeys (ConfUtils.java:logGet(43)) - raft.server.retrycache.expirytime = 600000ms (custom)
2019-06-13 10:59:15,652 INFO  impl.RaftServerImpl (RaftServerImpl.java:start(173)) - 3e5f1adf-1584-4d20-a1a5-2f0eb63d3e87: start group-3010EDE83906
2019-06-13 10:59:15,652 INFO  impl.RaftServerImpl (RaftServerImpl.java:setRole(164)) - 3e5f1adf-1584-4d20-a1a5-2f0eb63d3e87:group-3010EDE83906 changes role from null to FOLLOWER at term 0 for startAsFollower
2019-06-13 10:59:15,652 INFO  impl.RoleInfo (RoleInfo.java:updateAndGet(143)) - 3e5f1adf-1584-4d20-a1a5-2f0eb63d3e87: start FollowerState
2019-06-13 10:59:15,652 INFO  util.JmxRegister (JmxRegister.java:tryRegister(44)) - Successfully registered JMX Bean with object name Ratis:service=RaftServer,group=group-3010EDE83906,id=3e5f1adf-1584-4d20-a1a5-2f0eb63d3e87
2019-06-13 10:59:15,655 INFO  pipeline.PipelineStateManager (PipelineStateManager.java:addPipeline(56)) - Created pipeline Pipeline[ Id: 81c7eab0-fc26-48bf-a036-3010ede83906, Nodes: 3e5f1adf-1584-4d20-a1a5-2f0eb63d3e87{ip: 192.168.46.8, host: ozone-5n8bq-3406807641, networkLocation: /default-rack, certSerialId: null}, Type:RATIS, Factor:ONE, State:OPEN]
2019-06-13 10:59:15,811 INFO  node.SCMNodeManager (SCMNodeManager.java:register(234)) - Registered Data node : 7b9ec6dc-6849-401e-a65c-953b7e1d36b1{ip: 192.168.46.8, host: ozone-5n8bq-3406807641, networkLocation: /default-rack, certSerialId: null}
2019-06-13 10:59:15,817 INFO  impl.RaftServerProxy (RaftServerProxy.java:addNew(89)) - 7b9ec6dc-6849-401e-a65c-953b7e1d36b1: addNew group-51BA639F4748:[7b9ec6dc-6849-401e-a65c-953b7e1d36b1:192.168.46.8:41983] returns group-51BA639F4748:java.util.concurrent.CompletableFuture@1cf46749[Not completed]
2019-06-13 10:59:15,818 INFO  impl.RaftServerImpl (RaftServerImpl.java:<init>(91)) - 7b9ec6dc-6849-401e-a65c-953b7e1d36b1: new RaftServerImpl for group-51BA639F4748:[7b9ec6dc-6849-401e-a65c-953b7e1d36b1:192.168.46.8:41983] with ContainerStateMachine:uninitialized
2019-06-13 10:59:15,818 INFO  server.RaftServerConfigKeys (ConfUtils.java:logGet(43)) - raft.server.rpc.timeout.min = 1s (custom)
2019-06-13 10:59:15,818 INFO  server.RaftServerConfigKeys (ConfUtils.java:logGet(43)) - raft.server.rpc.timeout.max = 1200ms (custom)
2019-06-13 10:59:15,818 INFO  server.RaftServerConfigKeys (ConfUtils.java:logGet(43)) - raft.server.rpcslowness.timeout = 120s (custom)
2019-06-13 10:59:15,818 INFO  server.RaftServerConfigKeys (ConfUtils.java:logGet(43)) - raft.server.log.appender.install.snapshot.enabled = true (default)
2019-06-13 10:59:15,818 INFO  impl.RaftServerImpl (ServerState.java:<init>(101)) - 7b9ec6dc-6849-401e-a65c-953b7e1d36b1:group-51BA639F4748 ConfigurationManager, init=-1: [7b9ec6dc-6849-401e-a65c-953b7e1d36b1:192.168.46.8:41983], old=null, confs=<EMPTY_MAP>
2019-06-13 10:59:15,818 INFO  server.RaftServerConfigKeys (ConfUtils.java:logGet(43)) - raft.server.storage.dir = [/opt/src/hadoop-ozone/integration-test/target/test-dir/MiniOzoneClusterImpl-7dea1a61-12f6-4270-a8c4-8cb37dc8f048/datanode-4/data/ratis] (custom)
2019-06-13 10:59:15,819 INFO  storage.RaftStorageDirectory (RaftStorageDirectory.java:analyzeStorage(246)) - The storage directory /opt/src/hadoop-ozone/integration-test/target/test-dir/MiniOzoneClusterImpl-7dea1a61-12f6-4270-a8c4-8cb37dc8f048/datanode-4/data/ratis/ed9fd17e-9632-4f36-842c-51ba639f4748 does not exist. Creating ...
2019-06-13 10:59:15,821 INFO  storage.RaftStorageDirectory (RaftStorageDirectory.java:tryLock(328)) - Lock on /opt/src/hadoop-ozone/integration-test/target/test-dir/MiniOzoneClusterImpl-7dea1a61-12f6-4270-a8c4-8cb37dc8f048/datanode-4/data/ratis/ed9fd17e-9632-4f36-842c-51ba639f4748/in_use.lock acquired by nodename 12560@ozone-5n8bq-3406807641
2019-06-13 10:59:15,823 INFO  storage.RaftStorage (RaftStorage.java:format(75)) - Storage directory /opt/src/hadoop-ozone/integration-test/target/test-dir/MiniOzoneClusterImpl-7dea1a61-12f6-4270-a8c4-8cb37dc8f048/datanode-4/data/ratis/ed9fd17e-9632-4f36-842c-51ba639f4748 has been successfully formatted.
2019-06-13 10:59:15,823 INFO  ratis.ContainerStateMachine (ContainerStateMachine.java:loadSnapshot(199)) - The snapshot info is null.Setting the last applied index to:(t:0, i:~)
2019-06-13 10:59:15,823 INFO  server.RaftServerConfigKeys (ConfUtils.java:logGet(43)) - raft.server.leader.election.timeout = 120s (custom)
2019-06-13 10:59:15,823 INFO  server.RaftServerConfigKeys (ConfUtils.java:logGet(43)) - raft.server.log.use.memory = false (default)
2019-06-13 10:59:15,824 INFO  server.RaftServerConfigKeys (ConfUtils.java:logGet(43)) - raft.server.log.appender.buffer.byte-limit = 33554432 (custom)
2019-06-13 10:59:15,824 INFO  server.RaftServerConfigKeys (ConfUtils.java:logGet(43)) - raft.server.log.segment.size.max = 16384 (custom)
2019-06-13 10:59:15,824 INFO  server.RaftServerConfigKeys (ConfUtils.java:logGet(43)) - raft.server.log.segment.cache.num.max = 2 (custom)
2019-06-13 10:59:15,824 INFO  storage.RaftLogWorker (RaftLogWorker.java:<init>(123)) - new 7b9ec6dc-6849-401e-a65c-953b7e1d36b1-RaftLogWorker for Storage Directory /opt/src/hadoop-ozone/integration-test/target/test-dir/MiniOzoneClusterImpl-7dea1a61-12f6-4270-a8c4-8cb37dc8f048/datanode-4/data/ratis/ed9fd17e-9632-4f36-842c-51ba639f4748
2019-06-13 10:59:15,824 INFO  server.RaftServerConfigKeys (ConfUtils.java:logGet(43)) - raft.server.log.queue.byte-limit = 2147483647 (custom)
2019-06-13 10:59:15,824 INFO  server.RaftServerConfigKeys (ConfUtils.java:logGet(43)) - raft.server.log.queue.element-limit = 1024 (custom)
2019-06-13 10:59:15,824 INFO  server.RaftServerConfigKeys (ConfUtils.java:logGet(43)) - raft.server.log.segment.size.max = 16384 (custom)
2019-06-13 10:59:15,824 INFO  server.RaftServerConfigKeys (ConfUtils.java:logGet(43)) - raft.server.log.preallocated.size = 16384 (custom)
2019-06-13 10:59:15,825 INFO  server.RaftServerConfigKeys (ConfUtils.java:logGet(43)) - raft.server.log.write.buffer.size = 33554432 (custom)
2019-06-13 10:59:15,825 INFO  server.RaftServerConfigKeys (ConfUtils.java:logGet(43)) - raft.server.log.force.sync.num = 128 (default)
2019-06-13 10:59:15,825 INFO  server.RaftServerConfigKeys (ConfUtils.java:logGet(43)) - raft.server.log.statemachine.data.sync = true (default)
2019-06-13 10:59:15,825 INFO  server.RaftServerConfigKeys (ConfUtils.java:logGet(43)) - raft.server.log.statemachine.data.sync.timeout = 10s (default)
2019-06-13 10:59:15,825 INFO  server.RaftServerConfigKeys (ConfUtils.java:logGet(43)) - raft.server.log.statemachine.data.sync.timeout.retry = -1 (default)
2019-06-13 10:59:15,825 INFO  server.RaftServerConfigKeys (ConfUtils.java:logGet(43)) - raft.server.log.statemachine.data.caching.enabled = true (custom)
2019-06-13 10:59:15,826 INFO  server.RaftServerConfigKeys (ConfUtils.java:logGet(43)) - raft.server.snapshot.auto.trigger.enabled = true (custom)
2019-06-13 10:59:15,826 INFO  server.RaftServerConfigKeys (ConfUtils.java:logGet(43)) - raft.server.snapshot.auto.trigger.threshold = 10000 (custom)
2019-06-13 10:59:15,826 INFO  server.RaftServerConfigKeys (ConfUtils.java:logGet(43)) - raft.server.retrycache.expirytime = 600000ms (custom)
2019-06-13 10:59:15,826 INFO  impl.RaftServerImpl (RaftServerImpl.java:start(173)) - 7b9ec6dc-6849-401e-a65c-953b7e1d36b1: start group-51BA639F4748
2019-06-13 10:59:15,827 INFO  impl.RaftServerImpl (RaftServerImpl.java:setRole(164)) - 7b9ec6dc-6849-401e-a65c-953b7e1d36b1:group-51BA639F4748 changes role from null to FOLLOWER at term 0 for startAsFollower
2019-06-13 10:59:15,827 INFO  impl.RoleInfo (RoleInfo.java:updateAndGet(143)) - 7b9ec6dc-6849-401e-a65c-953b7e1d36b1: start FollowerState
2019-06-13 10:59:15,827 INFO  util.JmxRegister (JmxRegister.java:tryRegister(44)) - Successfully registered JMX Bean with object name Ratis:service=RaftServer,group=group-51BA639F4748,id=7b9ec6dc-6849-401e-a65c-953b7e1d36b1
2019-06-13 10:59:15,829 INFO  pipeline.PipelineStateManager (PipelineStateManager.java:addPipeline(56)) - Created pipeline Pipeline[ Id: ed9fd17e-9632-4f36-842c-51ba639f4748, Nodes: 7b9ec6dc-6849-401e-a65c-953b7e1d36b1{ip: 192.168.46.8, host: ozone-5n8bq-3406807641, networkLocation: /default-rack, certSerialId: null}, Type:RATIS, Factor:ONE, State:OPEN]
2019-06-13 10:59:15,988 INFO  impl.FollowerState (FollowerState.java:run(101)) - 7093d8aa-2045-434c-a57b-b56d15c00146:group-717A02882C8D changes to CANDIDATE, lastRpcTime:1093, electionTimeout:1087ms
2019-06-13 10:59:15,989 INFO  impl.RoleInfo (RoleInfo.java:shutdownFollowerState(121)) - 7093d8aa-2045-434c-a57b-b56d15c00146: shutdown FollowerState
2019-06-13 10:59:15,989 INFO  impl.RaftServerImpl (RaftServerImpl.java:setRole(164)) - 7093d8aa-2045-434c-a57b-b56d15c00146:group-717A02882C8D changes role from FOLLOWER to CANDIDATE at term 0 for changeToCandidate
2019-06-13 10:59:15,989 INFO  impl.RoleInfo (RoleInfo.java:updateAndGet(143)) - 7093d8aa-2045-434c-a57b-b56d15c00146: start LeaderElection
2019-06-13 10:59:15,995 INFO  impl.LeaderElection (LeaderElection.java:askForVotes(181)) - 7093d8aa-2045-434c-a57b-b56d15c00146:group-717A02882C8D:LeaderElection33: begin an election at term 1 for -1: [7093d8aa-2045-434c-a57b-b56d15c00146:192.168.46.8:33705], old=null
2019-06-13 10:59:15,995 INFO  impl.RoleInfo (RoleInfo.java:shutdownLeaderElection(134)) - 7093d8aa-2045-434c-a57b-b56d15c00146: shutdown LeaderElection
2019-06-13 10:59:15,995 INFO  impl.RaftServerImpl (RaftServerImpl.java:setRole(164)) - 7093d8aa-2045-434c-a57b-b56d15c00146:group-717A02882C8D changes role from CANDIDATE to LEADER at term 1 for changeToLeader
2019-06-13 10:59:15,995 INFO  impl.RaftServerImpl (ServerState.java:setLeader(263)) - 7093d8aa-2045-434c-a57b-b56d15c00146:group-717A02882C8D change Leader from null to 7093d8aa-2045-434c-a57b-b56d15c00146 at term 1 for becomeLeader, leader elected after 1102ms
2019-06-13 10:59:15,995 INFO  server.RaftServerConfigKeys (ConfUtils.java:logGet(43)) - raft.server.staging.catchup.gap = 1000 (default)
2019-06-13 10:59:15,995 INFO  server.RaftServerConfigKeys (ConfUtils.java:logGet(43)) - raft.server.rpc.sleep.time = 25ms (default)
2019-06-13 10:59:15,996 INFO  server.RaftServerConfigKeys (ConfUtils.java:logGet(43)) - raft.server.watch.timeout = 10s (default)
2019-06-13 10:59:15,996 INFO  server.RaftServerConfigKeys (ConfUtils.java:logGet(43)) - raft.server.watch.timeout.denomination = 1s (default)
2019-06-13 10:59:15,996 INFO  impl.RoleInfo (RoleInfo.java:updateAndGet(143)) - 7093d8aa-2045-434c-a57b-b56d15c00146: start LeaderState
2019-06-13 10:59:15,996 INFO  storage.RaftLogWorker (RaftLogWorker.java:startLogSegment(298)) - 7093d8aa-2045-434c-a57b-b56d15c00146-RaftLogWorker: Starting segment from index:0
2019-06-13 10:59:15,996 INFO  impl.RaftServerImpl (ServerState.java:setRaftConf(361)) - 7093d8aa-2045-434c-a57b-b56d15c00146:group-717A02882C8D set configuration 0: [7093d8aa-2045-434c-a57b-b56d15c00146:192.168.46.8:33705], old=null at 0
2019-06-13 10:59:16,029 INFO  node.SCMNodeManager (SCMNodeManager.java:register(234)) - Registered Data node : af9a8393-dabd-4584-96c1-8d93807a5347{ip: 192.168.46.8, host: ozone-5n8bq-3406807641, networkLocation: /default-rack, certSerialId: null}
2019-06-13 10:59:16,039 INFO  storage.RaftLogWorker (RaftLogWorker.java:execute(469)) - 7093d8aa-2045-434c-a57b-b56d15c00146-RaftLogWorker: created new log segment /opt/src/hadoop-ozone/integration-test/target/test-dir/MiniOzoneClusterImpl-7dea1a61-12f6-4270-a8c4-8cb37dc8f048/datanode-0/data/ratis/388cc94d-5294-4be9-af5b-717a02882c8d/current/log_inprogress_0
2019-06-13 10:59:16,042 INFO  impl.RaftServerProxy (RaftServerProxy.java:addNew(89)) - af9a8393-dabd-4584-96c1-8d93807a5347: addNew group-3FA12D635B3E:[af9a8393-dabd-4584-96c1-8d93807a5347:192.168.46.8:35191] returns group-3FA12D635B3E:java.util.concurrent.CompletableFuture@637dc0ca[Not completed]
2019-06-13 10:59:16,043 INFO  impl.RaftServerImpl (RaftServerImpl.java:<init>(91)) - af9a8393-dabd-4584-96c1-8d93807a5347: new RaftServerImpl for group-3FA12D635B3E:[af9a8393-dabd-4584-96c1-8d93807a5347:192.168.46.8:35191] with ContainerStateMachine:uninitialized
2019-06-13 10:59:16,043 INFO  server.RaftServerConfigKeys (ConfUtils.java:logGet(43)) - raft.server.rpc.timeout.min = 1s (custom)
2019-06-13 10:59:16,043 INFO  server.RaftServerConfigKeys (ConfUtils.java:logGet(43)) - raft.server.rpc.timeout.max = 1200ms (custom)
2019-06-13 10:59:16,043 INFO  server.RaftServerConfigKeys (ConfUtils.java:logGet(43)) - raft.server.rpcslowness.timeout = 120s (custom)
2019-06-13 10:59:16,043 INFO  server.RaftServerConfigKeys (ConfUtils.java:logGet(43)) - raft.server.log.appender.install.snapshot.enabled = true (default)
2019-06-13 10:59:16,043 INFO  impl.RaftServerImpl (ServerState.java:<init>(101)) - af9a8393-dabd-4584-96c1-8d93807a5347:group-3FA12D635B3E ConfigurationManager, init=-1: [af9a8393-dabd-4584-96c1-8d93807a5347:192.168.46.8:35191], old=null, confs=<EMPTY_MAP>
2019-06-13 10:59:16,043 INFO  server.RaftServerConfigKeys (ConfUtils.java:logGet(43)) - raft.server.storage.dir = [/opt/src/hadoop-ozone/integration-test/target/test-dir/MiniOzoneClusterImpl-7dea1a61-12f6-4270-a8c4-8cb37dc8f048/datanode-5/data/ratis] (custom)
2019-06-13 10:59:16,044 INFO  storage.RaftStorageDirectory (RaftStorageDirectory.java:analyzeStorage(246)) - The storage directory /opt/src/hadoop-ozone/integration-test/target/test-dir/MiniOzoneClusterImpl-7dea1a61-12f6-4270-a8c4-8cb37dc8f048/datanode-5/data/ratis/d9cc9bea-3c47-4ce9-85e6-3fa12d635b3e does not exist. Creating ...
2019-06-13 10:59:16,045 INFO  storage.RaftStorageDirectory (RaftStorageDirectory.java:tryLock(328)) - Lock on /opt/src/hadoop-ozone/integration-test/target/test-dir/MiniOzoneClusterImpl-7dea1a61-12f6-4270-a8c4-8cb37dc8f048/datanode-5/data/ratis/d9cc9bea-3c47-4ce9-85e6-3fa12d635b3e/in_use.lock acquired by nodename 12560@ozone-5n8bq-3406807641
2019-06-13 10:59:16,048 INFO  storage.RaftStorage (RaftStorage.java:format(75)) - Storage directory /opt/src/hadoop-ozone/integration-test/target/test-dir/MiniOzoneClusterImpl-7dea1a61-12f6-4270-a8c4-8cb37dc8f048/datanode-5/data/ratis/d9cc9bea-3c47-4ce9-85e6-3fa12d635b3e has been successfully formatted.
2019-06-13 10:59:16,048 INFO  ratis.ContainerStateMachine (ContainerStateMachine.java:loadSnapshot(199)) - The snapshot info is null.Setting the last applied index to:(t:0, i:~)
2019-06-13 10:59:16,048 INFO  server.RaftServerConfigKeys (ConfUtils.java:logGet(43)) - raft.server.leader.election.timeout = 120s (custom)
2019-06-13 10:59:16,048 INFO  server.RaftServerConfigKeys (ConfUtils.java:logGet(43)) - raft.server.log.use.memory = false (default)
2019-06-13 10:59:16,048 INFO  server.RaftServerConfigKeys (ConfUtils.java:logGet(43)) - raft.server.log.appender.buffer.byte-limit = 33554432 (custom)
2019-06-13 10:59:16,048 INFO  server.RaftServerConfigKeys (ConfUtils.java:logGet(43)) - raft.server.log.segment.size.max = 16384 (custom)
2019-06-13 10:59:16,048 INFO  server.RaftServerConfigKeys (ConfUtils.java:logGet(43)) - raft.server.log.segment.cache.num.max = 2 (custom)
2019-06-13 10:59:16,048 INFO  storage.RaftLogWorker (RaftLogWorker.java:<init>(123)) - new af9a8393-dabd-4584-96c1-8d93807a5347-RaftLogWorker for Storage Directory /opt/src/hadoop-ozone/integration-test/target/test-dir/MiniOzoneClusterImpl-7dea1a61-12f6-4270-a8c4-8cb37dc8f048/datanode-5/data/ratis/d9cc9bea-3c47-4ce9-85e6-3fa12d635b3e
2019-06-13 10:59:16,048 INFO  server.RaftServerConfigKeys (ConfUtils.java:logGet(43)) - raft.server.log.queue.byte-limit = 2147483647 (custom)
2019-06-13 10:59:16,048 INFO  server.RaftServerConfigKeys (ConfUtils.java:logGet(43)) - raft.server.log.queue.element-limit = 1024 (custom)
2019-06-13 10:59:16,048 INFO  server.RaftServerConfigKeys (ConfUtils.java:logGet(43)) - raft.server.log.segment.size.max = 16384 (custom)
2019-06-13 10:59:16,048 INFO  server.RaftServerConfigKeys (ConfUtils.java:logGet(43)) - raft.server.log.preallocated.size = 16384 (custom)
2019-06-13 10:59:16,048 INFO  server.RaftServerConfigKeys (ConfUtils.java:logGet(43)) - raft.server.log.write.buffer.size = 33554432 (custom)
2019-06-13 10:59:16,048 INFO  server.RaftServerConfigKeys (ConfUtils.java:logGet(43)) - raft.server.log.force.sync.num = 128 (default)
2019-06-13 10:59:16,049 INFO  server.RaftServerConfigKeys (ConfUtils.java:logGet(43)) - raft.server.log.statemachine.data.sync = true (default)
2019-06-13 10:59:16,049 INFO  server.RaftServerConfigKeys (ConfUtils.java:logGet(43)) - raft.server.log.statemachine.data.sync.timeout = 10s (default)
2019-06-13 10:59:16,049 INFO  server.RaftServerConfigKeys (ConfUtils.java:logGet(43)) - raft.server.log.statemachine.data.sync.timeout.retry = -1 (default)
2019-06-13 10:59:16,049 INFO  server.RaftServerConfigKeys (ConfUtils.java:logGet(43)) - raft.server.log.statemachine.data.caching.enabled = true (custom)
2019-06-13 10:59:16,049 INFO  server.RaftServerConfigKeys (ConfUtils.java:logGet(43)) - raft.server.snapshot.auto.trigger.enabled = true (custom)
2019-06-13 10:59:16,049 INFO  server.RaftServerConfigKeys (ConfUtils.java:logGet(43)) - raft.server.snapshot.auto.trigger.threshold = 10000 (custom)
2019-06-13 10:59:16,049 INFO  server.RaftServerConfigKeys (ConfUtils.java:logGet(43)) - raft.server.retrycache.expirytime = 600000ms (custom)
2019-06-13 10:59:16,050 INFO  impl.RaftServerImpl (RaftServerImpl.java:start(173)) - af9a8393-dabd-4584-96c1-8d93807a5347: start group-3FA12D635B3E
2019-06-13 10:59:16,050 INFO  impl.RaftServerImpl (RaftServerImpl.java:setRole(164)) - af9a8393-dabd-4584-96c1-8d93807a5347:group-3FA12D635B3E changes role from null to FOLLOWER at term 0 for startAsFollower
2019-06-13 10:59:16,050 INFO  impl.RoleInfo (RoleInfo.java:updateAndGet(143)) - af9a8393-dabd-4584-96c1-8d93807a5347: start FollowerState
2019-06-13 10:59:16,058 INFO  util.JmxRegister (JmxRegister.java:tryRegister(44)) - Successfully registered JMX Bean with object name Ratis:service=RaftServer,group=group-3FA12D635B3E,id=af9a8393-dabd-4584-96c1-8d93807a5347
2019-06-13 10:59:16,060 INFO  pipeline.PipelineStateManager (PipelineStateManager.java:addPipeline(56)) - Created pipeline Pipeline[ Id: d9cc9bea-3c47-4ce9-85e6-3fa12d635b3e, Nodes: af9a8393-dabd-4584-96c1-8d93807a5347{ip: 192.168.46.8, host: ozone-5n8bq-3406807641, networkLocation: /default-rack, certSerialId: null}, Type:RATIS, Factor:ONE, State:OPEN]
2019-06-13 10:59:16,070 INFO  impl.RaftServerProxy (RaftServerProxy.java:addNew(89)) - 7b9ec6dc-6849-401e-a65c-953b7e1d36b1: addNew group-97EBACB545ED:[3e5f1adf-1584-4d20-a1a5-2f0eb63d3e87:192.168.46.8:39001, 7b9ec6dc-6849-401e-a65c-953b7e1d36b1:192.168.46.8:41983, af9a8393-dabd-4584-96c1-8d93807a5347:192.168.46.8:35191] returns group-97EBACB545ED:java.util.concurrent.CompletableFuture@4987e557[Not completed]
2019-06-13 10:59:16,070 INFO  impl.RaftServerImpl (RaftServerImpl.java:<init>(91)) - 7b9ec6dc-6849-401e-a65c-953b7e1d36b1: new RaftServerImpl for group-97EBACB545ED:[3e5f1adf-1584-4d20-a1a5-2f0eb63d3e87:192.168.46.8:39001, 7b9ec6dc-6849-401e-a65c-953b7e1d36b1:192.168.46.8:41983, af9a8393-dabd-4584-96c1-8d93807a5347:192.168.46.8:35191] with ContainerStateMachine:uninitialized
2019-06-13 10:59:16,070 INFO  server.RaftServerConfigKeys (ConfUtils.java:logGet(43)) - raft.server.rpc.timeout.min = 1s (custom)
2019-06-13 10:59:16,070 INFO  server.RaftServerConfigKeys (ConfUtils.java:logGet(43)) - raft.server.rpc.timeout.max = 1200ms (custom)
2019-06-13 10:59:16,071 INFO  server.RaftServerConfigKeys (ConfUtils.java:logGet(43)) - raft.server.rpcslowness.timeout = 120s (custom)
2019-06-13 10:59:16,071 INFO  impl.RaftServerProxy (RaftServerProxy.java:addNew(89)) - 3e5f1adf-1584-4d20-a1a5-2f0eb63d3e87: addNew group-97EBACB545ED:[3e5f1adf-1584-4d20-a1a5-2f0eb63d3e87:192.168.46.8:39001, 7b9ec6dc-6849-401e-a65c-953b7e1d36b1:192.168.46.8:41983, af9a8393-dabd-4584-96c1-8d93807a5347:192.168.46.8:35191] returns group-97EBACB545ED:java.util.concurrent.CompletableFuture@399380b3[Not completed]
2019-06-13 10:59:16,071 INFO  server.RaftServerConfigKeys (ConfUtils.java:logGet(43)) - raft.server.log.appender.install.snapshot.enabled = true (default)
2019-06-13 10:59:16,071 INFO  impl.RaftServerImpl (ServerState.java:<init>(101)) - 7b9ec6dc-6849-401e-a65c-953b7e1d36b1:group-97EBACB545ED ConfigurationManager, init=-1: [3e5f1adf-1584-4d20-a1a5-2f0eb63d3e87:192.168.46.8:39001, 7b9ec6dc-6849-401e-a65c-953b7e1d36b1:192.168.46.8:41983, af9a8393-dabd-4584-96c1-8d93807a5347:192.168.46.8:35191], old=null, confs=<EMPTY_MAP>
2019-06-13 10:59:16,071 INFO  server.RaftServerConfigKeys (ConfUtils.java:logGet(43)) - raft.server.storage.dir = [/opt/src/hadoop-ozone/integration-test/target/test-dir/MiniOzoneClusterImpl-7dea1a61-12f6-4270-a8c4-8cb37dc8f048/datanode-4/data/ratis] (custom)
2019-06-13 10:59:16,071 INFO  storage.RaftStorageDirectory (RaftStorageDirectory.java:analyzeStorage(246)) - The storage directory /opt/src/hadoop-ozone/integration-test/target/test-dir/MiniOzoneClusterImpl-7dea1a61-12f6-4270-a8c4-8cb37dc8f048/datanode-4/data/ratis/1067bc4a-d6c2-45f0-a4ab-97ebacb545ed does not exist. Creating ...
2019-06-13 10:59:16,071 INFO  impl.RaftServerImpl (RaftServerImpl.java:<init>(91)) - 3e5f1adf-1584-4d20-a1a5-2f0eb63d3e87: new RaftServerImpl for group-97EBACB545ED:[3e5f1adf-1584-4d20-a1a5-2f0eb63d3e87:192.168.46.8:39001, 7b9ec6dc-6849-401e-a65c-953b7e1d36b1:192.168.46.8:41983, af9a8393-dabd-4584-96c1-8d93807a5347:192.168.46.8:35191] with ContainerStateMachine:uninitialized
2019-06-13 10:59:16,071 INFO  server.RaftServerConfigKeys (ConfUtils.java:logGet(43)) - raft.server.rpc.timeout.min = 1s (custom)
2019-06-13 10:59:16,072 INFO  server.RaftServerConfigKeys (ConfUtils.java:logGet(43)) - raft.server.rpc.timeout.max = 1200ms (custom)
2019-06-13 10:59:16,072 INFO  server.RaftServerConfigKeys (ConfUtils.java:logGet(43)) - raft.server.rpcslowness.timeout = 120s (custom)
2019-06-13 10:59:16,072 INFO  server.RaftServerConfigKeys (ConfUtils.java:logGet(43)) - raft.server.log.appender.install.snapshot.enabled = true (default)
2019-06-13 10:59:16,072 INFO  impl.RaftServerImpl (ServerState.java:<init>(101)) - 3e5f1adf-1584-4d20-a1a5-2f0eb63d3e87:group-97EBACB545ED ConfigurationManager, init=-1: [3e5f1adf-1584-4d20-a1a5-2f0eb63d3e87:192.168.46.8:39001, 7b9ec6dc-6849-401e-a65c-953b7e1d36b1:192.168.46.8:41983, af9a8393-dabd-4584-96c1-8d93807a5347:192.168.46.8:35191], old=null, confs=<EMPTY_MAP>
2019-06-13 10:59:16,072 INFO  server.RaftServerConfigKeys (ConfUtils.java:logGet(43)) - raft.server.storage.dir = [/opt/src/hadoop-ozone/integration-test/target/test-dir/MiniOzoneClusterImpl-7dea1a61-12f6-4270-a8c4-8cb37dc8f048/datanode-3/data/ratis] (custom)
2019-06-13 10:59:16,073 INFO  storage.RaftStorageDirectory (RaftStorageDirectory.java:analyzeStorage(246)) - The storage directory /opt/src/hadoop-ozone/integration-test/target/test-dir/MiniOzoneClusterImpl-7dea1a61-12f6-4270-a8c4-8cb37dc8f048/datanode-3/data/ratis/1067bc4a-d6c2-45f0-a4ab-97ebacb545ed does not exist. Creating ...
2019-06-13 10:59:16,073 INFO  impl.RaftServerProxy (RaftServerProxy.java:addNew(89)) - af9a8393-dabd-4584-96c1-8d93807a5347: addNew group-97EBACB545ED:[3e5f1adf-1584-4d20-a1a5-2f0eb63d3e87:192.168.46.8:39001, 7b9ec6dc-6849-401e-a65c-953b7e1d36b1:192.168.46.8:41983, af9a8393-dabd-4584-96c1-8d93807a5347:192.168.46.8:35191] returns group-97EBACB545ED:java.util.concurrent.CompletableFuture@4471173d[Not completed]
2019-06-13 10:59:16,074 INFO  storage.RaftStorageDirectory (RaftStorageDirectory.java:tryLock(328)) - Lock on /opt/src/hadoop-ozone/integration-test/target/test-dir/MiniOzoneClusterImpl-7dea1a61-12f6-4270-a8c4-8cb37dc8f048/datanode-4/data/ratis/1067bc4a-d6c2-45f0-a4ab-97ebacb545ed/in_use.lock acquired by nodename 12560@ozone-5n8bq-3406807641
2019-06-13 10:59:16,076 INFO  storage.RaftStorage (RaftStorage.java:format(75)) - Storage directory /opt/src/hadoop-ozone/integration-test/target/test-dir/MiniOzoneClusterImpl-7dea1a61-12f6-4270-a8c4-8cb37dc8f048/datanode-4/data/ratis/1067bc4a-d6c2-45f0-a4ab-97ebacb545ed has been successfully formatted.
2019-06-13 10:59:16,076 INFO  ratis.ContainerStateMachine (ContainerStateMachine.java:loadSnapshot(199)) - The snapshot info is null.Setting the last applied index to:(t:0, i:~)
2019-06-13 10:59:16,076 INFO  server.RaftServerConfigKeys (ConfUtils.java:logGet(43)) - raft.server.leader.election.timeout = 120s (custom)
2019-06-13 10:59:16,076 INFO  impl.RaftServerImpl (RaftServerImpl.java:<init>(91)) - af9a8393-dabd-4584-96c1-8d93807a5347: new RaftServerImpl for group-97EBACB545ED:[3e5f1adf-1584-4d20-a1a5-2f0eb63d3e87:192.168.46.8:39001, 7b9ec6dc-6849-401e-a65c-953b7e1d36b1:192.168.46.8:41983, af9a8393-dabd-4584-96c1-8d93807a5347:192.168.46.8:35191] with ContainerStateMachine:uninitialized
2019-06-13 10:59:16,076 INFO  server.RaftServerConfigKeys (ConfUtils.java:logGet(43)) - raft.server.log.use.memory = false (default)
2019-06-13 10:59:16,076 INFO  server.RaftServerConfigKeys (ConfUtils.java:logGet(43)) - raft.server.rpc.timeout.min = 1s (custom)
2019-06-13 10:59:16,076 INFO  server.RaftServerConfigKeys (ConfUtils.java:logGet(43)) - raft.server.log.appender.buffer.byte-limit = 33554432 (custom)
2019-06-13 10:59:16,077 INFO  server.RaftServerConfigKeys (ConfUtils.java:logGet(43)) - raft.server.rpc.timeout.max = 1200ms (custom)
2019-06-13 10:59:16,077 INFO  server.RaftServerConfigKeys (ConfUtils.java:logGet(43)) - raft.server.log.segment.size.max = 16384 (custom)
2019-06-13 10:59:16,077 INFO  server.RaftServerConfigKeys (ConfUtils.java:logGet(43)) - raft.server.log.segment.cache.num.max = 2 (custom)
2019-06-13 10:59:16,077 INFO  storage.RaftLogWorker (RaftLogWorker.java:<init>(123)) - new 7b9ec6dc-6849-401e-a65c-953b7e1d36b1-RaftLogWorker for Storage Directory /opt/src/hadoop-ozone/integration-test/target/test-dir/MiniOzoneClusterImpl-7dea1a61-12f6-4270-a8c4-8cb37dc8f048/datanode-4/data/ratis/1067bc4a-d6c2-45f0-a4ab-97ebacb545ed
2019-06-13 10:59:16,077 INFO  server.RaftServerConfigKeys (ConfUtils.java:logGet(43)) - raft.server.log.queue.byte-limit = 2147483647 (custom)
2019-06-13 10:59:16,077 INFO  server.RaftServerConfigKeys (ConfUtils.java:logGet(43)) - raft.server.log.queue.element-limit = 1024 (custom)
2019-06-13 10:59:16,077 INFO  server.RaftServerConfigKeys (ConfUtils.java:logGet(43)) - raft.server.log.segment.size.max = 16384 (custom)
2019-06-13 10:59:16,078 INFO  server.RaftServerConfigKeys (ConfUtils.java:logGet(43)) - raft.server.log.preallocated.size = 16384 (custom)
2019-06-13 10:59:16,078 INFO  server.RaftServerConfigKeys (ConfUtils.java:logGet(43)) - raft.server.log.write.buffer.size = 33554432 (custom)
2019-06-13 10:59:16,078 INFO  server.RaftServerConfigKeys (ConfUtils.java:logGet(43)) - raft.server.log.force.sync.num = 128 (default)
2019-06-13 10:59:16,078 INFO  server.RaftServerConfigKeys (ConfUtils.java:logGet(43)) - raft.server.log.statemachine.data.sync = true (default)
2019-06-13 10:59:16,077 INFO  server.RaftServerConfigKeys (ConfUtils.java:logGet(43)) - raft.server.rpcslowness.timeout = 120s (custom)
2019-06-13 10:59:16,078 INFO  server.RaftServerConfigKeys (ConfUtils.java:logGet(43)) - raft.server.log.statemachine.data.sync.timeout = 10s (default)
2019-06-13 10:59:16,078 INFO  server.RaftServerConfigKeys (ConfUtils.java:logGet(43)) - raft.server.log.statemachine.data.sync.timeout.retry = -1 (default)
2019-06-13 10:59:16,078 INFO  server.RaftServerConfigKeys (ConfUtils.java:logGet(43)) - raft.server.log.statemachine.data.caching.enabled = true (custom)
2019-06-13 10:59:16,079 INFO  server.RaftServerConfigKeys (ConfUtils.java:logGet(43)) - raft.server.log.appender.install.snapshot.enabled = true (default)
2019-06-13 10:59:16,079 INFO  impl.RaftServerImpl (ServerState.java:<init>(101)) - af9a8393-dabd-4584-96c1-8d93807a5347:group-97EBACB545ED ConfigurationManager, init=-1: [3e5f1adf-1584-4d20-a1a5-2f0eb63d3e87:192.168.46.8:39001, 7b9ec6dc-6849-401e-a65c-953b7e1d36b1:192.168.46.8:41983, af9a8393-dabd-4584-96c1-8d93807a5347:192.168.46.8:35191], old=null, confs=<EMPTY_MAP>
2019-06-13 10:59:16,079 INFO  server.RaftServerConfigKeys (ConfUtils.java:logGet(43)) - raft.server.storage.dir = [/opt/src/hadoop-ozone/integration-test/target/test-dir/MiniOzoneClusterImpl-7dea1a61-12f6-4270-a8c4-8cb37dc8f048/datanode-5/data/ratis] (custom)
2019-06-13 10:59:16,079 INFO  storage.RaftStorageDirectory (RaftStorageDirectory.java:analyzeStorage(246)) - The storage directory /opt/src/hadoop-ozone/integration-test/target/test-dir/MiniOzoneClusterImpl-7dea1a61-12f6-4270-a8c4-8cb37dc8f048/datanode-5/data/ratis/1067bc4a-d6c2-45f0-a4ab-97ebacb545ed does not exist. Creating ...
2019-06-13 10:59:16,081 INFO  server.RaftServerConfigKeys (ConfUtils.java:logGet(43)) - raft.server.snapshot.auto.trigger.enabled = true (custom)
2019-06-13 10:59:16,081 INFO  server.RaftServerConfigKeys (ConfUtils.java:logGet(43)) - raft.server.snapshot.auto.trigger.threshold = 10000 (custom)
2019-06-13 10:59:16,081 INFO  server.RaftServerConfigKeys (ConfUtils.java:logGet(43)) - raft.server.retrycache.expirytime = 600000ms (custom)
2019-06-13 10:59:16,081 INFO  impl.RaftServerImpl (RaftServerImpl.java:start(173)) - 7b9ec6dc-6849-401e-a65c-953b7e1d36b1: start group-97EBACB545ED
2019-06-13 10:59:16,081 INFO  impl.RaftServerImpl (RaftServerImpl.java:setRole(164)) - 7b9ec6dc-6849-401e-a65c-953b7e1d36b1:group-97EBACB545ED changes role from null to FOLLOWER at term 0 for startAsFollower
2019-06-13 10:59:16,081 INFO  impl.RoleInfo (RoleInfo.java:updateAndGet(143)) - 7b9ec6dc-6849-401e-a65c-953b7e1d36b1: start FollowerState
2019-06-13 10:59:16,082 INFO  storage.RaftStorageDirectory (RaftStorageDirectory.java:tryLock(328)) - Lock on /opt/src/hadoop-ozone/integration-test/target/test-dir/MiniOzoneClusterImpl-7dea1a61-12f6-4270-a8c4-8cb37dc8f048/datanode-5/data/ratis/1067bc4a-d6c2-45f0-a4ab-97ebacb545ed/in_use.lock acquired by nodename 12560@ozone-5n8bq-3406807641
2019-06-13 10:59:16,082 INFO  util.JmxRegister (JmxRegister.java:tryRegister(44)) - Successfully registered JMX Bean with object name Ratis:service=RaftServer,group=group-97EBACB545ED,id=7b9ec6dc-6849-401e-a65c-953b7e1d36b1
2019-06-13 10:59:16,084 INFO  storage.RaftStorage (RaftStorage.java:format(75)) - Storage directory /opt/src/hadoop-ozone/integration-test/target/test-dir/MiniOzoneClusterImpl-7dea1a61-12f6-4270-a8c4-8cb37dc8f048/datanode-5/data/ratis/1067bc4a-d6c2-45f0-a4ab-97ebacb545ed has been successfully formatted.
2019-06-13 10:59:16,084 INFO  ratis.ContainerStateMachine (ContainerStateMachine.java:loadSnapshot(199)) - The snapshot info is null.Setting the last applied index to:(t:0, i:~)
2019-06-13 10:59:16,084 INFO  server.RaftServerConfigKeys (ConfUtils.java:logGet(43)) - raft.server.leader.election.timeout = 120s (custom)
2019-06-13 10:59:16,084 INFO  server.RaftServerConfigKeys (ConfUtils.java:logGet(43)) - raft.server.log.use.memory = false (default)
2019-06-13 10:59:16,084 INFO  server.RaftServerConfigKeys (ConfUtils.java:logGet(43)) - raft.server.log.appender.buffer.byte-limit = 33554432 (custom)
2019-06-13 10:59:16,084 INFO  server.RaftServerConfigKeys (ConfUtils.java:logGet(43)) - raft.server.log.segment.size.max = 16384 (custom)
2019-06-13 10:59:16,084 INFO  server.RaftServerConfigKeys (ConfUtils.java:logGet(43)) - raft.server.log.segment.cache.num.max = 2 (custom)
2019-06-13 10:59:16,085 INFO  storage.RaftLogWorker (RaftLogWorker.java:<init>(123)) - new af9a8393-dabd-4584-96c1-8d93807a5347-RaftLogWorker for Storage Directory /opt/src/hadoop-ozone/integration-test/target/test-dir/MiniOzoneClusterImpl-7dea1a61-12f6-4270-a8c4-8cb37dc8f048/datanode-5/data/ratis/1067bc4a-d6c2-45f0-a4ab-97ebacb545ed
2019-06-13 10:59:16,085 INFO  server.RaftServerConfigKeys (ConfUtils.java:logGet(43)) - raft.server.log.queue.byte-limit = 2147483647 (custom)
2019-06-13 10:59:16,085 INFO  server.RaftServerConfigKeys (ConfUtils.java:logGet(43)) - raft.server.log.queue.element-limit = 1024 (custom)
2019-06-13 10:59:16,085 INFO  server.RaftServerConfigKeys (ConfUtils.java:logGet(43)) - raft.server.log.segment.size.max = 16384 (custom)
2019-06-13 10:59:16,085 INFO  server.RaftServerConfigKeys (ConfUtils.java:logGet(43)) - raft.server.log.preallocated.size = 16384 (custom)
2019-06-13 10:59:16,085 INFO  server.RaftServerConfigKeys (ConfUtils.java:logGet(43)) - raft.server.log.write.buffer.size = 33554432 (custom)
2019-06-13 10:59:16,085 INFO  server.RaftServerConfigKeys (ConfUtils.java:logGet(43)) - raft.server.log.force.sync.num = 128 (default)
2019-06-13 10:59:16,085 INFO  server.RaftServerConfigKeys (ConfUtils.java:logGet(43)) - raft.server.log.statemachine.data.sync = true (default)
2019-06-13 10:59:16,085 INFO  server.RaftServerConfigKeys (ConfUtils.java:logGet(43)) - raft.server.log.statemachine.data.sync.timeout = 10s (default)
2019-06-13 10:59:16,085 INFO  server.RaftServerConfigKeys (ConfUtils.java:logGet(43)) - raft.server.log.statemachine.data.sync.timeout.retry = -1 (default)
2019-06-13 10:59:16,086 INFO  server.RaftServerConfigKeys (ConfUtils.java:logGet(43)) - raft.server.log.statemachine.data.caching.enabled = true (custom)
2019-06-13 10:59:16,086 INFO  server.RaftServerConfigKeys (ConfUtils.java:logGet(43)) - raft.server.snapshot.auto.trigger.enabled = true (custom)
2019-06-13 10:59:16,086 INFO  server.RaftServerConfigKeys (ConfUtils.java:logGet(43)) - raft.server.snapshot.auto.trigger.threshold = 10000 (custom)
2019-06-13 10:59:16,086 INFO  server.RaftServerConfigKeys (ConfUtils.java:logGet(43)) - raft.server.retrycache.expirytime = 600000ms (custom)
2019-06-13 10:59:16,086 INFO  impl.RaftServerImpl (RaftServerImpl.java:start(173)) - af9a8393-dabd-4584-96c1-8d93807a5347: start group-97EBACB545ED
2019-06-13 10:59:16,086 INFO  impl.RaftServerImpl (RaftServerImpl.java:setRole(164)) - af9a8393-dabd-4584-96c1-8d93807a5347:group-97EBACB545ED changes role from null to FOLLOWER at term 0 for startAsFollower
2019-06-13 10:59:16,086 INFO  impl.RoleInfo (RoleInfo.java:updateAndGet(143)) - af9a8393-dabd-4584-96c1-8d93807a5347: start FollowerState
2019-06-13 10:59:16,081 INFO  storage.RaftStorageDirectory (RaftStorageDirectory.java:tryLock(328)) - Lock on /opt/src/hadoop-ozone/integration-test/target/test-dir/MiniOzoneClusterImpl-7dea1a61-12f6-4270-a8c4-8cb37dc8f048/datanode-3/data/ratis/1067bc4a-d6c2-45f0-a4ab-97ebacb545ed/in_use.lock acquired by nodename 12560@ozone-5n8bq-3406807641
2019-06-13 10:59:16,090 INFO  util.JmxRegister (JmxRegister.java:tryRegister(44)) - Successfully registered JMX Bean with object name Ratis:service=RaftServer,group=group-97EBACB545ED,id=af9a8393-dabd-4584-96c1-8d93807a5347
2019-06-13 10:59:16,097 INFO  storage.RaftStorage (RaftStorage.java:format(75)) - Storage directory /opt/src/hadoop-ozone/integration-test/target/test-dir/MiniOzoneClusterImpl-7dea1a61-12f6-4270-a8c4-8cb37dc8f048/datanode-3/data/ratis/1067bc4a-d6c2-45f0-a4ab-97ebacb545ed has been successfully formatted.
2019-06-13 10:59:16,098 INFO  ratis.ContainerStateMachine (ContainerStateMachine.java:loadSnapshot(199)) - The snapshot info is null.Setting the last applied index to:(t:0, i:~)
2019-06-13 10:59:16,098 INFO  server.RaftServerConfigKeys (ConfUtils.java:logGet(43)) - raft.server.leader.election.timeout = 120s (custom)
2019-06-13 10:59:16,098 INFO  server.RaftServerConfigKeys (ConfUtils.java:logGet(43)) - raft.server.log.use.memory = false (default)
2019-06-13 10:59:16,098 INFO  server.RaftServerConfigKeys (ConfUtils.java:logGet(43)) - raft.server.log.appender.buffer.byte-limit = 33554432 (custom)
2019-06-13 10:59:16,098 INFO  server.RaftServerConfigKeys (ConfUtils.java:logGet(43)) - raft.server.log.segment.size.max = 16384 (custom)
2019-06-13 10:59:16,098 INFO  server.RaftServerConfigKeys (ConfUtils.java:logGet(43)) - raft.server.log.segment.cache.num.max = 2 (custom)
2019-06-13 10:59:16,098 INFO  storage.RaftLogWorker (RaftLogWorker.java:<init>(123)) - new 3e5f1adf-1584-4d20-a1a5-2f0eb63d3e87-RaftLogWorker for Storage Directory /opt/src/hadoop-ozone/integration-test/target/test-dir/MiniOzoneClusterImpl-7dea1a61-12f6-4270-a8c4-8cb37dc8f048/datanode-3/data/ratis/1067bc4a-d6c2-45f0-a4ab-97ebacb545ed
2019-06-13 10:59:16,098 INFO  server.RaftServerConfigKeys (ConfUtils.java:logGet(43)) - raft.server.log.queue.byte-limit = 2147483647 (custom)
2019-06-13 10:59:16,098 INFO  server.RaftServerConfigKeys (ConfUtils.java:logGet(43)) - raft.server.log.queue.element-limit = 1024 (custom)
2019-06-13 10:59:16,098 INFO  server.RaftServerConfigKeys (ConfUtils.java:logGet(43)) - raft.server.log.segment.size.max = 16384 (custom)
2019-06-13 10:59:16,098 INFO  server.RaftServerConfigKeys (ConfUtils.java:logGet(43)) - raft.server.log.preallocated.size = 16384 (custom)
2019-06-13 10:59:16,098 INFO  server.RaftServerConfigKeys (ConfUtils.java:logGet(43)) - raft.server.log.write.buffer.size = 33554432 (custom)
2019-06-13 10:59:16,098 INFO  server.RaftServerConfigKeys (ConfUtils.java:logGet(43)) - raft.server.log.force.sync.num = 128 (default)
2019-06-13 10:59:16,098 INFO  server.RaftServerConfigKeys (ConfUtils.java:logGet(43)) - raft.server.log.statemachine.data.sync = true (default)
2019-06-13 10:59:16,098 INFO  server.RaftServerConfigKeys (ConfUtils.java:logGet(43)) - raft.server.log.statemachine.data.sync.timeout = 10s (default)
2019-06-13 10:59:16,099 INFO  server.RaftServerConfigKeys (ConfUtils.java:logGet(43)) - raft.server.log.statemachine.data.sync.timeout.retry = -1 (default)
2019-06-13 10:59:16,099 INFO  server.RaftServerConfigKeys (ConfUtils.java:logGet(43)) - raft.server.log.statemachine.data.caching.enabled = true (custom)
2019-06-13 10:59:16,101 INFO  server.RaftServerConfigKeys (ConfUtils.java:logGet(43)) - raft.server.snapshot.auto.trigger.enabled = true (custom)
2019-06-13 10:59:16,101 INFO  server.RaftServerConfigKeys (ConfUtils.java:logGet(43)) - raft.server.snapshot.auto.trigger.threshold = 10000 (custom)
2019-06-13 10:59:16,102 INFO  server.RaftServerConfigKeys (ConfUtils.java:logGet(43)) - raft.server.retrycache.expirytime = 600000ms (custom)
2019-06-13 10:59:16,102 INFO  impl.RaftServerImpl (RaftServerImpl.java:start(173)) - 3e5f1adf-1584-4d20-a1a5-2f0eb63d3e87: start group-97EBACB545ED
2019-06-13 10:59:16,102 INFO  impl.RaftServerImpl (RaftServerImpl.java:setRole(164)) - 3e5f1adf-1584-4d20-a1a5-2f0eb63d3e87:group-97EBACB545ED changes role from null to FOLLOWER at term 0 for startAsFollower
2019-06-13 10:59:16,102 INFO  impl.RoleInfo (RoleInfo.java:updateAndGet(143)) - 3e5f1adf-1584-4d20-a1a5-2f0eb63d3e87: start FollowerState
2019-06-13 10:59:16,105 INFO  util.JmxRegister (JmxRegister.java:tryRegister(44)) - Successfully registered JMX Bean with object name Ratis:service=RaftServer,group=group-97EBACB545ED,id=3e5f1adf-1584-4d20-a1a5-2f0eb63d3e87
2019-06-13 10:59:16,115 INFO  pipeline.PipelineStateManager (PipelineStateManager.java:addPipeline(56)) - Created pipeline Pipeline[ Id: 1067bc4a-d6c2-45f0-a4ab-97ebacb545ed, Nodes: 3e5f1adf-1584-4d20-a1a5-2f0eb63d3e87{ip: 192.168.46.8, host: ozone-5n8bq-3406807641, networkLocation: /default-rack, certSerialId: null}7b9ec6dc-6849-401e-a65c-953b7e1d36b1{ip: 192.168.46.8, host: ozone-5n8bq-3406807641, networkLocation: /default-rack, certSerialId: null}af9a8393-dabd-4584-96c1-8d93807a5347{ip: 192.168.46.8, host: ozone-5n8bq-3406807641, networkLocation: /default-rack, certSerialId: null}, Type:RATIS, Factor:THREE, State:OPEN]
2019-06-13 10:59:16,223 INFO  ozone.MiniOzoneClusterImpl (MiniOzoneClusterImpl.java:lambda$waitForClusterToBeReady$0(142)) - Waiting for cluster to be ready. Got 6 of 7 DN Heartbeats.
2019-06-13 10:59:16,229 INFO  node.SCMNodeManager (SCMNodeManager.java:register(234)) - Registered Data node : 82e16590-3482-4faa-aad8-39f060fc2038{ip: 192.168.46.8, host: ozone-5n8bq-3406807641, networkLocation: /default-rack, certSerialId: null}
2019-06-13 10:59:16,243 INFO  impl.RaftServerProxy (RaftServerProxy.java:addNew(89)) - 82e16590-3482-4faa-aad8-39f060fc2038: addNew group-730825336888:[82e16590-3482-4faa-aad8-39f060fc2038:192.168.46.8:46287] returns group-730825336888:java.util.concurrent.CompletableFuture@17e88ed0[Not completed]
2019-06-13 10:59:16,244 INFO  impl.RaftServerImpl (RaftServerImpl.java:<init>(91)) - 82e16590-3482-4faa-aad8-39f060fc2038: new RaftServerImpl for group-730825336888:[82e16590-3482-4faa-aad8-39f060fc2038:192.168.46.8:46287] with ContainerStateMachine:uninitialized
2019-06-13 10:59:16,244 INFO  server.RaftServerConfigKeys (ConfUtils.java:logGet(43)) - raft.server.rpc.timeout.min = 1s (custom)
2019-06-13 10:59:16,244 INFO  server.RaftServerConfigKeys (ConfUtils.java:logGet(43)) - raft.server.rpc.timeout.max = 1200ms (custom)
2019-06-13 10:59:16,245 INFO  server.RaftServerConfigKeys (ConfUtils.java:logGet(43)) - raft.server.rpcslowness.timeout = 120s (custom)
2019-06-13 10:59:16,245 INFO  server.RaftServerConfigKeys (ConfUtils.java:logGet(43)) - raft.server.log.appender.install.snapshot.enabled = true (default)
2019-06-13 10:59:16,245 INFO  impl.RaftServerImpl (ServerState.java:<init>(101)) - 82e16590-3482-4faa-aad8-39f060fc2038:group-730825336888 ConfigurationManager, init=-1: [82e16590-3482-4faa-aad8-39f060fc2038:192.168.46.8:46287], old=null, confs=<EMPTY_MAP>
2019-06-13 10:59:16,245 INFO  server.RaftServerConfigKeys (ConfUtils.java:logGet(43)) - raft.server.storage.dir = [/opt/src/hadoop-ozone/integration-test/target/test-dir/MiniOzoneClusterImpl-7dea1a61-12f6-4270-a8c4-8cb37dc8f048/datanode-6/data/ratis] (custom)
2019-06-13 10:59:16,245 INFO  storage.RaftStorageDirectory (RaftStorageDirectory.java:analyzeStorage(246)) - The storage directory /opt/src/hadoop-ozone/integration-test/target/test-dir/MiniOzoneClusterImpl-7dea1a61-12f6-4270-a8c4-8cb37dc8f048/datanode-6/data/ratis/4861c6d3-57a4-489a-b8a6-730825336888 does not exist. Creating ...
2019-06-13 10:59:16,248 INFO  storage.RaftStorageDirectory (RaftStorageDirectory.java:tryLock(328)) - Lock on /opt/src/hadoop-ozone/integration-test/target/test-dir/MiniOzoneClusterImpl-7dea1a61-12f6-4270-a8c4-8cb37dc8f048/datanode-6/data/ratis/4861c6d3-57a4-489a-b8a6-730825336888/in_use.lock acquired by nodename 12560@ozone-5n8bq-3406807641
2019-06-13 10:59:16,250 INFO  storage.RaftStorage (RaftStorage.java:format(75)) - Storage directory /opt/src/hadoop-ozone/integration-test/target/test-dir/MiniOzoneClusterImpl-7dea1a61-12f6-4270-a8c4-8cb37dc8f048/datanode-6/data/ratis/4861c6d3-57a4-489a-b8a6-730825336888 has been successfully formatted.
2019-06-13 10:59:16,250 INFO  ratis.ContainerStateMachine (ContainerStateMachine.java:loadSnapshot(199)) - The snapshot info is null.Setting the last applied index to:(t:0, i:~)
2019-06-13 10:59:16,251 INFO  server.RaftServerConfigKeys (ConfUtils.java:logGet(43)) - raft.server.leader.election.timeout = 120s (custom)
2019-06-13 10:59:16,251 INFO  server.RaftServerConfigKeys (ConfUtils.java:logGet(43)) - raft.server.log.use.memory = false (default)
2019-06-13 10:59:16,251 INFO  server.RaftServerConfigKeys (ConfUtils.java:logGet(43)) - raft.server.log.appender.buffer.byte-limit = 33554432 (custom)
2019-06-13 10:59:16,251 INFO  server.RaftServerConfigKeys (ConfUtils.java:logGet(43)) - raft.server.log.segment.size.max = 16384 (custom)
2019-06-13 10:59:16,251 INFO  server.RaftServerConfigKeys (ConfUtils.java:logGet(43)) - raft.server.log.segment.cache.num.max = 2 (custom)
2019-06-13 10:59:16,251 INFO  storage.RaftLogWorker (RaftLogWorker.java:<init>(123)) - new 82e16590-3482-4faa-aad8-39f060fc2038-RaftLogWorker for Storage Directory /opt/src/hadoop-ozone/integration-test/target/test-dir/MiniOzoneClusterImpl-7dea1a61-12f6-4270-a8c4-8cb37dc8f048/datanode-6/data/ratis/4861c6d3-57a4-489a-b8a6-730825336888
2019-06-13 10:59:16,251 INFO  server.RaftServerConfigKeys (ConfUtils.java:logGet(43)) - raft.server.log.queue.byte-limit = 2147483647 (custom)
2019-06-13 10:59:16,251 INFO  server.RaftServerConfigKeys (ConfUtils.java:logGet(43)) - raft.server.log.queue.element-limit = 1024 (custom)
2019-06-13 10:59:16,251 INFO  server.RaftServerConfigKeys (ConfUtils.java:logGet(43)) - raft.server.log.segment.size.max = 16384 (custom)
2019-06-13 10:59:16,252 INFO  server.RaftServerConfigKeys (ConfUtils.java:logGet(43)) - raft.server.log.preallocated.size = 16384 (custom)
2019-06-13 10:59:16,252 INFO  server.RaftServerConfigKeys (ConfUtils.java:logGet(43)) - raft.server.log.write.buffer.size = 33554432 (custom)
2019-06-13 10:59:16,252 INFO  server.RaftServerConfigKeys (ConfUtils.java:logGet(43)) - raft.server.log.force.sync.num = 128 (default)
2019-06-13 10:59:16,252 INFO  server.RaftServerConfigKeys (ConfUtils.java:logGet(43)) - raft.server.log.statemachine.data.sync = true (default)
2019-06-13 10:59:16,252 INFO  server.RaftServerConfigKeys (ConfUtils.java:logGet(43)) - raft.server.log.statemachine.data.sync.timeout = 10s (default)
2019-06-13 10:59:16,252 INFO  server.RaftServerConfigKeys (ConfUtils.java:logGet(43)) - raft.server.log.statemachine.data.sync.timeout.retry = -1 (default)
2019-06-13 10:59:16,252 INFO  server.RaftServerConfigKeys (ConfUtils.java:logGet(43)) - raft.server.log.statemachine.data.caching.enabled = true (custom)
2019-06-13 10:59:16,253 INFO  server.RaftServerConfigKeys (ConfUtils.java:logGet(43)) - raft.server.snapshot.auto.trigger.enabled = true (custom)
2019-06-13 10:59:16,253 INFO  server.RaftServerConfigKeys (ConfUtils.java:logGet(43)) - raft.server.snapshot.auto.trigger.threshold = 10000 (custom)
2019-06-13 10:59:16,253 INFO  server.RaftServerConfigKeys (ConfUtils.java:logGet(43)) - raft.server.retrycache.expirytime = 600000ms (custom)
2019-06-13 10:59:16,253 INFO  impl.RaftServerImpl (RaftServerImpl.java:start(173)) - 82e16590-3482-4faa-aad8-39f060fc2038: start group-730825336888
2019-06-13 10:59:16,253 INFO  impl.RaftServerImpl (RaftServerImpl.java:setRole(164)) - 82e16590-3482-4faa-aad8-39f060fc2038:group-730825336888 changes role from null to FOLLOWER at term 0 for startAsFollower
2019-06-13 10:59:16,253 INFO  impl.RoleInfo (RoleInfo.java:updateAndGet(143)) - 82e16590-3482-4faa-aad8-39f060fc2038: start FollowerState
2019-06-13 10:59:16,253 INFO  util.JmxRegister (JmxRegister.java:tryRegister(44)) - Successfully registered JMX Bean with object name Ratis:service=RaftServer,group=group-730825336888,id=82e16590-3482-4faa-aad8-39f060fc2038
2019-06-13 10:59:16,262 INFO  pipeline.PipelineStateManager (PipelineStateManager.java:addPipeline(56)) - Created pipeline Pipeline[ Id: 4861c6d3-57a4-489a-b8a6-730825336888, Nodes: 82e16590-3482-4faa-aad8-39f060fc2038{ip: 192.168.46.8, host: ozone-5n8bq-3406807641, networkLocation: /default-rack, certSerialId: null}, Type:RATIS, Factor:ONE, State:OPEN]
2019-06-13 10:59:16,359 INFO  impl.FollowerState (FollowerState.java:run(101)) - a8218a3e-2db5-411c-899a-928fff5e3f8a:group-9E5BF9E28803 changes to CANDIDATE, lastRpcTime:1112, electionTimeout:1112ms
2019-06-13 10:59:16,359 INFO  impl.RoleInfo (RoleInfo.java:shutdownFollowerState(121)) - a8218a3e-2db5-411c-899a-928fff5e3f8a: shutdown FollowerState
2019-06-13 10:59:16,359 INFO  impl.RaftServerImpl (RaftServerImpl.java:setRole(164)) - a8218a3e-2db5-411c-899a-928fff5e3f8a:group-9E5BF9E28803 changes role from FOLLOWER to CANDIDATE at term 0 for changeToCandidate
2019-06-13 10:59:16,359 INFO  impl.RoleInfo (RoleInfo.java:updateAndGet(143)) - a8218a3e-2db5-411c-899a-928fff5e3f8a: start LeaderElection
2019-06-13 10:59:16,366 INFO  impl.LeaderElection (LeaderElection.java:askForVotes(181)) - a8218a3e-2db5-411c-899a-928fff5e3f8a:group-9E5BF9E28803:LeaderElection34: begin an election at term 1 for -1: [a8218a3e-2db5-411c-899a-928fff5e3f8a:192.168.46.8:40493], old=null
2019-06-13 10:59:16,366 INFO  impl.RoleInfo (RoleInfo.java:shutdownLeaderElection(134)) - a8218a3e-2db5-411c-899a-928fff5e3f8a: shutdown LeaderElection
2019-06-13 10:59:16,366 INFO  impl.RaftServerImpl (RaftServerImpl.java:setRole(164)) - a8218a3e-2db5-411c-899a-928fff5e3f8a:group-9E5BF9E28803 changes role from CANDIDATE to LEADER at term 1 for changeToLeader
2019-06-13 10:59:16,366 INFO  impl.RaftServerImpl (ServerState.java:setLeader(263)) - a8218a3e-2db5-411c-899a-928fff5e3f8a:group-9E5BF9E28803 change Leader from null to a8218a3e-2db5-411c-899a-928fff5e3f8a at term 1 for becomeLeader, leader elected after 1121ms
2019-06-13 10:59:16,367 INFO  server.RaftServerConfigKeys (ConfUtils.java:logGet(43)) - raft.server.staging.catchup.gap = 1000 (default)
2019-06-13 10:59:16,367 INFO  server.RaftServerConfigKeys (ConfUtils.java:logGet(43)) - raft.server.rpc.sleep.time = 25ms (default)
2019-06-13 10:59:16,367 INFO  server.RaftServerConfigKeys (ConfUtils.java:logGet(43)) - raft.server.watch.timeout = 10s (default)
2019-06-13 10:59:16,367 INFO  server.RaftServerConfigKeys (ConfUtils.java:logGet(43)) - raft.server.watch.timeout.denomination = 1s (default)
2019-06-13 10:59:16,367 INFO  impl.RoleInfo (RoleInfo.java:updateAndGet(143)) - a8218a3e-2db5-411c-899a-928fff5e3f8a: start LeaderState
2019-06-13 10:59:16,367 INFO  storage.RaftLogWorker (RaftLogWorker.java:startLogSegment(298)) - a8218a3e-2db5-411c-899a-928fff5e3f8a-RaftLogWorker: Starting segment from index:0
2019-06-13 10:59:16,368 INFO  impl.RaftServerImpl (ServerState.java:setRaftConf(361)) - a8218a3e-2db5-411c-899a-928fff5e3f8a:group-9E5BF9E28803 set configuration 0: [a8218a3e-2db5-411c-899a-928fff5e3f8a:192.168.46.8:40493], old=null at 0
2019-06-13 10:59:16,409 INFO  storage.RaftLogWorker (RaftLogWorker.java:execute(469)) - a8218a3e-2db5-411c-899a-928fff5e3f8a-RaftLogWorker: created new log segment /opt/src/hadoop-ozone/integration-test/target/test-dir/MiniOzoneClusterImpl-7dea1a61-12f6-4270-a8c4-8cb37dc8f048/datanode-1/data/ratis/732f08c4-be52-45aa-96c6-9e5bf9e28803/current/log_inprogress_0
2019-06-13 10:59:16,481 INFO  impl.FollowerState (FollowerState.java:run(101)) - a8218a3e-2db5-411c-899a-928fff5e3f8a:group-76E1EB442D9C changes to CANDIDATE, lastRpcTime:1003, electionTimeout:1003ms
2019-06-13 10:59:16,481 INFO  impl.RoleInfo (RoleInfo.java:shutdownFollowerState(121)) - a8218a3e-2db5-411c-899a-928fff5e3f8a: shutdown FollowerState
2019-06-13 10:59:16,482 INFO  impl.RaftServerImpl (RaftServerImpl.java:setRole(164)) - a8218a3e-2db5-411c-899a-928fff5e3f8a:group-76E1EB442D9C changes role from FOLLOWER to CANDIDATE at term 0 for changeToCandidate
2019-06-13 10:59:16,482 INFO  impl.RoleInfo (RoleInfo.java:updateAndGet(143)) - a8218a3e-2db5-411c-899a-928fff5e3f8a: start LeaderElection
2019-06-13 10:59:16,487 INFO  impl.LeaderElection (LeaderElection.java:askForVotes(181)) - a8218a3e-2db5-411c-899a-928fff5e3f8a:group-76E1EB442D9C:LeaderElection35: begin an election at term 1 for -1: [67bf4de7-df61-40ae-b697-e5f0195c5019:192.168.46.8:39137, a8218a3e-2db5-411c-899a-928fff5e3f8a:192.168.46.8:40493, 7093d8aa-2045-434c-a57b-b56d15c00146:192.168.46.8:33705], old=null
2019-06-13 10:59:16,498 INFO  impl.RaftServerImpl (RaftServerImpl.java:setRole(164)) - 67bf4de7-df61-40ae-b697-e5f0195c5019:group-76E1EB442D9C changes role from FOLLOWER to FOLLOWER at term 1 for recognizeCandidate:a8218a3e-2db5-411c-899a-928fff5e3f8a
2019-06-13 10:59:16,498 INFO  impl.RoleInfo (RoleInfo.java:shutdownFollowerState(121)) - 67bf4de7-df61-40ae-b697-e5f0195c5019: shutdown FollowerState
2019-06-13 10:59:16,498 INFO  impl.RoleInfo (RoleInfo.java:updateAndGet(143)) - 67bf4de7-df61-40ae-b697-e5f0195c5019: start FollowerState
2019-06-13 10:59:16,499 INFO  impl.FollowerState (FollowerState.java:run(109)) - 67bf4de7-df61-40ae-b697-e5f0195c5019: FollowerState was interrupted: java.lang.InterruptedException: sleep interrupted
2019-06-13 10:59:16,511 INFO  impl.RaftServerImpl (RaftServerImpl.java:setRole(164)) - 7093d8aa-2045-434c-a57b-b56d15c00146:group-76E1EB442D9C changes role from FOLLOWER to FOLLOWER at term 1 for recognizeCandidate:a8218a3e-2db5-411c-899a-928fff5e3f8a
2019-06-13 10:59:16,511 INFO  impl.RoleInfo (RoleInfo.java:shutdownFollowerState(121)) - 7093d8aa-2045-434c-a57b-b56d15c00146: shutdown FollowerState
2019-06-13 10:59:16,511 INFO  impl.RoleInfo (RoleInfo.java:updateAndGet(143)) - 7093d8aa-2045-434c-a57b-b56d15c00146: start FollowerState
2019-06-13 10:59:16,511 INFO  impl.FollowerState (FollowerState.java:run(109)) - 7093d8aa-2045-434c-a57b-b56d15c00146: FollowerState was interrupted: java.lang.InterruptedException: sleep interrupted
2019-06-13 10:59:16,512 INFO  impl.LeaderElection (LeaderElection.java:logAndReturn(56)) - a8218a3e-2db5-411c-899a-928fff5e3f8a:group-76E1EB442D9C:LeaderElection35: Election PASSED; received 1 response(s) [a8218a3e-2db5-411c-899a-928fff5e3f8a->67bf4de7-df61-40ae-b697-e5f0195c5019,true-t1] and 0 exception(s); a8218a3e-2db5-411c-899a-928fff5e3f8a:t1, leader=null, voted=a8218a3e-2db5-411c-899a-928fff5e3f8a, raftlog=a8218a3e-2db5-411c-899a-928fff5e3f8a-SegmentedRaftLog:OPENED:c-1,f-1,i0, conf=-1: [67bf4de7-df61-40ae-b697-e5f0195c5019:192.168.46.8:39137, a8218a3e-2db5-411c-899a-928fff5e3f8a:192.168.46.8:40493, 7093d8aa-2045-434c-a57b-b56d15c00146:192.168.46.8:33705], old=null
2019-06-13 10:59:16,512 INFO  impl.RoleInfo (RoleInfo.java:shutdownLeaderElection(134)) - a8218a3e-2db5-411c-899a-928fff5e3f8a: shutdown LeaderElection
2019-06-13 10:59:16,512 INFO  impl.RaftServerImpl (RaftServerImpl.java:setRole(164)) - a8218a3e-2db5-411c-899a-928fff5e3f8a:group-76E1EB442D9C changes role from CANDIDATE to LEADER at term 1 for changeToLeader
2019-06-13 10:59:16,512 INFO  impl.RaftServerImpl (ServerState.java:setLeader(263)) - a8218a3e-2db5-411c-899a-928fff5e3f8a:group-76E1EB442D9C change Leader from null to a8218a3e-2db5-411c-899a-928fff5e3f8a at term 1 for becomeLeader, leader elected after 1039ms
2019-06-13 10:59:16,512 INFO  server.RaftServerConfigKeys (ConfUtils.java:logGet(43)) - raft.server.staging.catchup.gap = 1000 (default)
2019-06-13 10:59:16,513 INFO  server.RaftServerConfigKeys (ConfUtils.java:logGet(43)) - raft.server.rpc.sleep.time = 25ms (default)
2019-06-13 10:59:16,513 INFO  server.RaftServerConfigKeys (ConfUtils.java:logGet(43)) - raft.server.watch.timeout = 10s (default)
2019-06-13 10:59:16,513 INFO  server.RaftServerConfigKeys (ConfUtils.java:logGet(43)) - raft.server.watch.timeout.denomination = 1s (default)
2019-06-13 10:59:16,513 INFO  server.RaftServerConfigKeys (ConfUtils.java:logGet(43)) - raft.server.log.appender.snapshot.chunk.size.max = 16MB (=16777216) (default)
2019-06-13 10:59:16,513 INFO  server.RaftServerConfigKeys (ConfUtils.java:logGet(43)) - raft.server.log.appender.buffer.byte-limit = 33554432 (custom)
2019-06-13 10:59:16,513 INFO  server.RaftServerConfigKeys (ConfUtils.java:logGet(43)) - raft.server.log.appender.buffer.element-limit = 1 (custom)
2019-06-13 10:59:16,513 INFO  grpc.GrpcConfigKeys$Server (ConfUtils.java:logGet(43)) - raft.grpc.server.leader.outstanding.appends.max = 128 (default)
2019-06-13 10:59:16,513 INFO  server.RaftServerConfigKeys (ConfUtils.java:logGet(43)) - raft.server.rpc.request.timeout = 3000ms (default)
2019-06-13 10:59:16,514 INFO  server.RaftServerConfigKeys (ConfUtils.java:logGet(43)) - raft.server.log.appender.install.snapshot.enabled = true (default)
2019-06-13 10:59:16,514 INFO  server.RaftServerConfigKeys (ConfUtils.java:logGet(43)) - raft.server.log.appender.snapshot.chunk.size.max = 16MB (=16777216) (default)
2019-06-13 10:59:16,515 INFO  server.RaftServerConfigKeys (ConfUtils.java:logGet(43)) - raft.server.log.appender.buffer.byte-limit = 33554432 (custom)
2019-06-13 10:59:16,515 INFO  server.RaftServerConfigKeys (ConfUtils.java:logGet(43)) - raft.server.log.appender.buffer.element-limit = 1 (custom)
2019-06-13 10:59:16,515 INFO  grpc.GrpcConfigKeys$Server (ConfUtils.java:logGet(43)) - raft.grpc.server.leader.outstanding.appends.max = 128 (default)
2019-06-13 10:59:16,515 INFO  server.RaftServerConfigKeys (ConfUtils.java:logGet(43)) - raft.server.rpc.request.timeout = 3000ms (default)
2019-06-13 10:59:16,515 INFO  server.RaftServerConfigKeys (ConfUtils.java:logGet(43)) - raft.server.log.appender.install.snapshot.enabled = true (default)
2019-06-13 10:59:16,515 INFO  impl.RoleInfo (RoleInfo.java:updateAndGet(143)) - a8218a3e-2db5-411c-899a-928fff5e3f8a: start LeaderState
2019-06-13 10:59:16,515 INFO  storage.RaftLogWorker (RaftLogWorker.java:startLogSegment(298)) - a8218a3e-2db5-411c-899a-928fff5e3f8a-RaftLogWorker: Starting segment from index:0
2019-06-13 10:59:16,521 INFO  impl.RaftServerImpl (ServerState.java:setRaftConf(361)) - a8218a3e-2db5-411c-899a-928fff5e3f8a:group-76E1EB442D9C set configuration 0: [67bf4de7-df61-40ae-b697-e5f0195c5019:192.168.46.8:39137, a8218a3e-2db5-411c-899a-928fff5e3f8a:192.168.46.8:40493, 7093d8aa-2045-434c-a57b-b56d15c00146:192.168.46.8:33705], old=null at 0
2019-06-13 10:59:16,545 INFO  impl.RaftServerImpl (ServerState.java:setLeader(263)) - 67bf4de7-df61-40ae-b697-e5f0195c5019:group-76E1EB442D9C change Leader from null to a8218a3e-2db5-411c-899a-928fff5e3f8a at term 1 for appendEntries, leader elected after 1075ms
2019-06-13 10:59:16,551 INFO  impl.RaftServerImpl (ServerState.java:setLeader(263)) - 7093d8aa-2045-434c-a57b-b56d15c00146:group-76E1EB442D9C change Leader from null to a8218a3e-2db5-411c-899a-928fff5e3f8a at term 1 for appendEntries, leader elected after 1082ms
2019-06-13 10:59:16,555 INFO  impl.RaftServerImpl (ServerState.java:setRaftConf(361)) - 67bf4de7-df61-40ae-b697-e5f0195c5019:group-76E1EB442D9C set configuration 0: [67bf4de7-df61-40ae-b697-e5f0195c5019:192.168.46.8:39137, a8218a3e-2db5-411c-899a-928fff5e3f8a:192.168.46.8:40493, 7093d8aa-2045-434c-a57b-b56d15c00146:192.168.46.8:33705], old=null at 0
2019-06-13 10:59:16,555 INFO  storage.RaftLogWorker (RaftLogWorker.java:startLogSegment(298)) - 67bf4de7-df61-40ae-b697-e5f0195c5019-RaftLogWorker: Starting segment from index:0
2019-06-13 10:59:16,591 INFO  storage.RaftLogWorker (RaftLogWorker.java:execute(469)) - a8218a3e-2db5-411c-899a-928fff5e3f8a-RaftLogWorker: created new log segment /opt/src/hadoop-ozone/integration-test/target/test-dir/MiniOzoneClusterImpl-7dea1a61-12f6-4270-a8c4-8cb37dc8f048/datanode-1/data/ratis/07176aa1-6fa6-429c-9361-76e1eb442d9c/current/log_inprogress_0
2019-06-13 10:59:16,594 INFO  impl.RaftServerImpl (ServerState.java:setRaftConf(361)) - 7093d8aa-2045-434c-a57b-b56d15c00146:group-76E1EB442D9C set configuration 0: [67bf4de7-df61-40ae-b697-e5f0195c5019:192.168.46.8:39137, a8218a3e-2db5-411c-899a-928fff5e3f8a:192.168.46.8:40493, 7093d8aa-2045-434c-a57b-b56d15c00146:192.168.46.8:33705], old=null at 0
2019-06-13 10:59:16,595 INFO  storage.RaftLogWorker (RaftLogWorker.java:startLogSegment(298)) - 7093d8aa-2045-434c-a57b-b56d15c00146-RaftLogWorker: Starting segment from index:0
2019-06-13 10:59:16,605 INFO  impl.FollowerState (FollowerState.java:run(101)) - 67bf4de7-df61-40ae-b697-e5f0195c5019:group-C5FDDD42D04B changes to CANDIDATE, lastRpcTime:1167, electionTimeout:1163ms
2019-06-13 10:59:16,605 INFO  impl.RoleInfo (RoleInfo.java:shutdownFollowerState(121)) - 67bf4de7-df61-40ae-b697-e5f0195c5019: shutdown FollowerState
2019-06-13 10:59:16,606 INFO  impl.RaftServerImpl (RaftServerImpl.java:setRole(164)) - 67bf4de7-df61-40ae-b697-e5f0195c5019:group-C5FDDD42D04B changes role from FOLLOWER to CANDIDATE at term 0 for changeToCandidate
2019-06-13 10:59:16,606 INFO  impl.RoleInfo (RoleInfo.java:updateAndGet(143)) - 67bf4de7-df61-40ae-b697-e5f0195c5019: start LeaderElection
2019-06-13 10:59:16,649 INFO  impl.LeaderElection (LeaderElection.java:askForVotes(181)) - 67bf4de7-df61-40ae-b697-e5f0195c5019:group-C5FDDD42D04B:LeaderElection36: begin an election at term 1 for -1: [67bf4de7-df61-40ae-b697-e5f0195c5019:192.168.46.8:39137], old=null
2019-06-13 10:59:16,649 INFO  impl.RoleInfo (RoleInfo.java:shutdownLeaderElection(134)) - 67bf4de7-df61-40ae-b697-e5f0195c5019: shutdown LeaderElection
2019-06-13 10:59:16,649 INFO  impl.RaftServerImpl (RaftServerImpl.java:setRole(164)) - 67bf4de7-df61-40ae-b697-e5f0195c5019:group-C5FDDD42D04B changes role from CANDIDATE to LEADER at term 1 for changeToLeader
2019-06-13 10:59:16,649 INFO  impl.RaftServerImpl (ServerState.java:setLeader(263)) - 67bf4de7-df61-40ae-b697-e5f0195c5019:group-C5FDDD42D04B change Leader from null to 67bf4de7-df61-40ae-b697-e5f0195c5019 at term 1 for becomeLeader, leader elected after 1213ms
2019-06-13 10:59:16,649 INFO  server.RaftServerConfigKeys (ConfUtils.java:logGet(43)) - raft.server.staging.catchup.gap = 1000 (default)
2019-06-13 10:59:16,649 INFO  server.RaftServerConfigKeys (ConfUtils.java:logGet(43)) - raft.server.rpc.sleep.time = 25ms (default)
2019-06-13 10:59:16,649 INFO  server.RaftServerConfigKeys (ConfUtils.java:logGet(43)) - raft.server.watch.timeout = 10s (default)
2019-06-13 10:59:16,649 INFO  server.RaftServerConfigKeys (ConfUtils.java:logGet(43)) - raft.server.watch.timeout.denomination = 1s (default)
2019-06-13 10:59:16,650 INFO  impl.RoleInfo (RoleInfo.java:updateAndGet(143)) - 67bf4de7-df61-40ae-b697-e5f0195c5019: start LeaderState
2019-06-13 10:59:16,650 INFO  storage.RaftLogWorker (RaftLogWorker.java:startLogSegment(298)) - 67bf4de7-df61-40ae-b697-e5f0195c5019-RaftLogWorker: Starting segment from index:0
2019-06-13 10:59:16,650 INFO  storage.RaftLogWorker (RaftLogWorker.java:execute(469)) - 7093d8aa-2045-434c-a57b-b56d15c00146-RaftLogWorker: created new log segment /opt/src/hadoop-ozone/integration-test/target/test-dir/MiniOzoneClusterImpl-7dea1a61-12f6-4270-a8c4-8cb37dc8f048/datanode-0/data/ratis/07176aa1-6fa6-429c-9361-76e1eb442d9c/current/log_inprogress_0
2019-06-13 10:59:16,650 INFO  storage.RaftLogWorker (RaftLogWorker.java:execute(469)) - 67bf4de7-df61-40ae-b697-e5f0195c5019-RaftLogWorker: created new log segment /opt/src/hadoop-ozone/integration-test/target/test-dir/MiniOzoneClusterImpl-7dea1a61-12f6-4270-a8c4-8cb37dc8f048/datanode-2/data/ratis/07176aa1-6fa6-429c-9361-76e1eb442d9c/current/log_inprogress_0
2019-06-13 10:59:16,650 INFO  impl.RaftServerImpl (ServerState.java:setRaftConf(361)) - 67bf4de7-df61-40ae-b697-e5f0195c5019:group-C5FDDD42D04B set configuration 0: [67bf4de7-df61-40ae-b697-e5f0195c5019:192.168.46.8:39137], old=null at 0
2019-06-13 10:59:16,685 INFO  impl.FollowerState (FollowerState.java:run(101)) - 3e5f1adf-1584-4d20-a1a5-2f0eb63d3e87:group-3010EDE83906 changes to CANDIDATE, lastRpcTime:1033, electionTimeout:1033ms
2019-06-13 10:59:16,685 INFO  impl.RoleInfo (RoleInfo.java:shutdownFollowerState(121)) - 3e5f1adf-1584-4d20-a1a5-2f0eb63d3e87: shutdown FollowerState
2019-06-13 10:59:16,686 INFO  impl.RaftServerImpl (RaftServerImpl.java:setRole(164)) - 3e5f1adf-1584-4d20-a1a5-2f0eb63d3e87:group-3010EDE83906 changes role from FOLLOWER to CANDIDATE at term 0 for changeToCandidate
2019-06-13 10:59:16,686 INFO  impl.RoleInfo (RoleInfo.java:updateAndGet(143)) - 3e5f1adf-1584-4d20-a1a5-2f0eb63d3e87: start LeaderElection
2019-06-13 10:59:16,699 INFO  storage.RaftLogWorker (RaftLogWorker.java:execute(469)) - 67bf4de7-df61-40ae-b697-e5f0195c5019-RaftLogWorker: created new log segment /opt/src/hadoop-ozone/integration-test/target/test-dir/MiniOzoneClusterImpl-7dea1a61-12f6-4270-a8c4-8cb37dc8f048/datanode-2/data/ratis/5416678d-5827-4afa-80c3-c5fddd42d04b/current/log_inprogress_0
2019-06-13 10:59:16,699 INFO  impl.LeaderElection (LeaderElection.java:askForVotes(181)) - 3e5f1adf-1584-4d20-a1a5-2f0eb63d3e87:group-3010EDE83906:LeaderElection37: begin an election at term 1 for -1: [3e5f1adf-1584-4d20-a1a5-2f0eb63d3e87:192.168.46.8:39001], old=null
2019-06-13 10:59:16,700 INFO  impl.RoleInfo (RoleInfo.java:shutdownLeaderElection(134)) - 3e5f1adf-1584-4d20-a1a5-2f0eb63d3e87: shutdown LeaderElection
2019-06-13 10:59:16,700 INFO  impl.RaftServerImpl (RaftServerImpl.java:setRole(164)) - 3e5f1adf-1584-4d20-a1a5-2f0eb63d3e87:group-3010EDE83906 changes role from CANDIDATE to LEADER at term 1 for changeToLeader
2019-06-13 10:59:16,700 INFO  impl.RaftServerImpl (ServerState.java:setLeader(263)) - 3e5f1adf-1584-4d20-a1a5-2f0eb63d3e87:group-3010EDE83906 change Leader from null to 3e5f1adf-1584-4d20-a1a5-2f0eb63d3e87 at term 1 for becomeLeader, leader elected after 1049ms
2019-06-13 10:59:16,700 INFO  server.RaftServerConfigKeys (ConfUtils.java:logGet(43)) - raft.server.staging.catchup.gap = 1000 (default)
2019-06-13 10:59:16,700 INFO  server.RaftServerConfigKeys (ConfUtils.java:logGet(43)) - raft.server.rpc.sleep.time = 25ms (default)
2019-06-13 10:59:16,701 INFO  server.RaftServerConfigKeys (ConfUtils.java:logGet(43)) - raft.server.watch.timeout = 10s (default)
2019-06-13 10:59:16,701 INFO  server.RaftServerConfigKeys (ConfUtils.java:logGet(43)) - raft.server.watch.timeout.denomination = 1s (default)
2019-06-13 10:59:16,701 INFO  impl.RoleInfo (RoleInfo.java:updateAndGet(143)) - 3e5f1adf-1584-4d20-a1a5-2f0eb63d3e87: start LeaderState
2019-06-13 10:59:16,701 INFO  storage.RaftLogWorker (RaftLogWorker.java:startLogSegment(298)) - 3e5f1adf-1584-4d20-a1a5-2f0eb63d3e87-RaftLogWorker: Starting segment from index:0
2019-06-13 10:59:16,701 INFO  impl.RaftServerImpl (ServerState.java:setRaftConf(361)) - 3e5f1adf-1584-4d20-a1a5-2f0eb63d3e87:group-3010EDE83906 set configuration 0: [3e5f1adf-1584-4d20-a1a5-2f0eb63d3e87:192.168.46.8:39001], old=null at 0
2019-06-13 10:59:16,753 INFO  storage.RaftLogWorker (RaftLogWorker.java:execute(469)) - 3e5f1adf-1584-4d20-a1a5-2f0eb63d3e87-RaftLogWorker: created new log segment /opt/src/hadoop-ozone/integration-test/target/test-dir/MiniOzoneClusterImpl-7dea1a61-12f6-4270-a8c4-8cb37dc8f048/datanode-3/data/ratis/81c7eab0-fc26-48bf-a036-3010ede83906/current/log_inprogress_0
2019-06-13 10:59:16,831 INFO  impl.FollowerState (FollowerState.java:run(101)) - 7b9ec6dc-6849-401e-a65c-953b7e1d36b1:group-51BA639F4748 changes to CANDIDATE, lastRpcTime:1004, electionTimeout:1004ms
2019-06-13 10:59:16,831 INFO  impl.RoleInfo (RoleInfo.java:shutdownFollowerState(121)) - 7b9ec6dc-6849-401e-a65c-953b7e1d36b1: shutdown FollowerState
2019-06-13 10:59:16,831 INFO  impl.RaftServerImpl (RaftServerImpl.java:setRole(164)) - 7b9ec6dc-6849-401e-a65c-953b7e1d36b1:group-51BA639F4748 changes role from FOLLOWER to CANDIDATE at term 0 for changeToCandidate
2019-06-13 10:59:16,831 INFO  impl.RoleInfo (RoleInfo.java:updateAndGet(143)) - 7b9ec6dc-6849-401e-a65c-953b7e1d36b1: start LeaderElection
2019-06-13 10:59:16,839 INFO  impl.LeaderElection (LeaderElection.java:askForVotes(181)) - 7b9ec6dc-6849-401e-a65c-953b7e1d36b1:group-51BA639F4748:LeaderElection38: begin an election at term 1 for -1: [7b9ec6dc-6849-401e-a65c-953b7e1d36b1:192.168.46.8:41983], old=null
2019-06-13 10:59:16,839 INFO  impl.RoleInfo (RoleInfo.java:shutdownLeaderElection(134)) - 7b9ec6dc-6849-401e-a65c-953b7e1d36b1: shutdown LeaderElection
2019-06-13 10:59:16,839 INFO  impl.RaftServerImpl (RaftServerImpl.java:setRole(164)) - 7b9ec6dc-6849-401e-a65c-953b7e1d36b1:group-51BA639F4748 changes role from CANDIDATE to LEADER at term 1 for changeToLeader
2019-06-13 10:59:16,839 INFO  impl.RaftServerImpl (ServerState.java:setLeader(263)) - 7b9ec6dc-6849-401e-a65c-953b7e1d36b1:group-51BA639F4748 change Leader from null to 7b9ec6dc-6849-401e-a65c-953b7e1d36b1 at term 1 for becomeLeader, leader elected after 1015ms
2019-06-13 10:59:16,839 INFO  server.RaftServerConfigKeys (ConfUtils.java:logGet(43)) - raft.server.staging.catchup.gap = 1000 (default)
2019-06-13 10:59:16,839 INFO  server.RaftServerConfigKeys (ConfUtils.java:logGet(43)) - raft.server.rpc.sleep.time = 25ms (default)
2019-06-13 10:59:16,839 INFO  server.RaftServerConfigKeys (ConfUtils.java:logGet(43)) - raft.server.watch.timeout = 10s (default)
2019-06-13 10:59:16,839 INFO  server.RaftServerConfigKeys (ConfUtils.java:logGet(43)) - raft.server.watch.timeout.denomination = 1s (default)
2019-06-13 10:59:16,840 INFO  impl.RoleInfo (RoleInfo.java:updateAndGet(143)) - 7b9ec6dc-6849-401e-a65c-953b7e1d36b1: start LeaderState
2019-06-13 10:59:16,840 INFO  storage.RaftLogWorker (RaftLogWorker.java:startLogSegment(298)) - 7b9ec6dc-6849-401e-a65c-953b7e1d36b1-RaftLogWorker: Starting segment from index:0
2019-06-13 10:59:16,841 INFO  impl.RaftServerImpl (ServerState.java:setRaftConf(361)) - 7b9ec6dc-6849-401e-a65c-953b7e1d36b1:group-51BA639F4748 set configuration 0: [7b9ec6dc-6849-401e-a65c-953b7e1d36b1:192.168.46.8:41983], old=null at 0
2019-06-13 10:59:16,877 INFO  storage.RaftLogWorker (RaftLogWorker.java:execute(469)) - 7b9ec6dc-6849-401e-a65c-953b7e1d36b1-RaftLogWorker: created new log segment /opt/src/hadoop-ozone/integration-test/target/test-dir/MiniOzoneClusterImpl-7dea1a61-12f6-4270-a8c4-8cb37dc8f048/datanode-4/data/ratis/ed9fd17e-9632-4f36-842c-51ba639f4748/current/log_inprogress_0
2019-06-13 10:59:17,108 INFO  impl.FollowerState (FollowerState.java:run(101)) - af9a8393-dabd-4584-96c1-8d93807a5347:group-97EBACB545ED changes to CANDIDATE, lastRpcTime:1021, electionTimeout:1014ms
2019-06-13 10:59:17,108 INFO  impl.RoleInfo (RoleInfo.java:shutdownFollowerState(121)) - af9a8393-dabd-4584-96c1-8d93807a5347: shutdown FollowerState
2019-06-13 10:59:17,108 INFO  impl.RaftServerImpl (RaftServerImpl.java:setRole(164)) - af9a8393-dabd-4584-96c1-8d93807a5347:group-97EBACB545ED changes role from FOLLOWER to CANDIDATE at term 0 for changeToCandidate
2019-06-13 10:59:17,108 INFO  impl.RoleInfo (RoleInfo.java:updateAndGet(143)) - af9a8393-dabd-4584-96c1-8d93807a5347: start LeaderElection
2019-06-13 10:59:17,115 INFO  impl.LeaderElection (LeaderElection.java:askForVotes(181)) - af9a8393-dabd-4584-96c1-8d93807a5347:group-97EBACB545ED:LeaderElection39: begin an election at term 1 for -1: [3e5f1adf-1584-4d20-a1a5-2f0eb63d3e87:192.168.46.8:39001, 7b9ec6dc-6849-401e-a65c-953b7e1d36b1:192.168.46.8:41983, af9a8393-dabd-4584-96c1-8d93807a5347:192.168.46.8:35191], old=null
2019-06-13 10:59:17,124 INFO  impl.RaftServerImpl (RaftServerImpl.java:setRole(164)) - 7b9ec6dc-6849-401e-a65c-953b7e1d36b1:group-97EBACB545ED changes role from FOLLOWER to FOLLOWER at term 1 for recognizeCandidate:af9a8393-dabd-4584-96c1-8d93807a5347
2019-06-13 10:59:17,124 INFO  impl.RoleInfo (RoleInfo.java:shutdownFollowerState(121)) - 7b9ec6dc-6849-401e-a65c-953b7e1d36b1: shutdown FollowerState
2019-06-13 10:59:17,124 INFO  impl.FollowerState (FollowerState.java:run(109)) - 7b9ec6dc-6849-401e-a65c-953b7e1d36b1: FollowerState was interrupted: java.lang.InterruptedException: sleep interrupted
2019-06-13 10:59:17,125 INFO  impl.RoleInfo (RoleInfo.java:updateAndGet(143)) - 7b9ec6dc-6849-401e-a65c-953b7e1d36b1: start FollowerState
2019-06-13 10:59:17,128 INFO  impl.LeaderElection (LeaderElection.java:logAndReturn(56)) - af9a8393-dabd-4584-96c1-8d93807a5347:group-97EBACB545ED:LeaderElection39: Election PASSED; received 1 response(s) [af9a8393-dabd-4584-96c1-8d93807a5347->7b9ec6dc-6849-401e-a65c-953b7e1d36b1,true-t1] and 0 exception(s); af9a8393-dabd-4584-96c1-8d93807a5347:t1, leader=null, voted=af9a8393-dabd-4584-96c1-8d93807a5347, raftlog=af9a8393-dabd-4584-96c1-8d93807a5347-SegmentedRaftLog:OPENED:c-1,f-1,i0, conf=-1: [3e5f1adf-1584-4d20-a1a5-2f0eb63d3e87:192.168.46.8:39001, 7b9ec6dc-6849-401e-a65c-953b7e1d36b1:192.168.46.8:41983, af9a8393-dabd-4584-96c1-8d93807a5347:192.168.46.8:35191], old=null
2019-06-13 10:59:17,129 INFO  impl.RoleInfo (RoleInfo.java:shutdownLeaderElection(134)) - af9a8393-dabd-4584-96c1-8d93807a5347: shutdown LeaderElection
2019-06-13 10:59:17,129 INFO  impl.RaftServerImpl (RaftServerImpl.java:setRole(164)) - af9a8393-dabd-4584-96c1-8d93807a5347:group-97EBACB545ED changes role from CANDIDATE to LEADER at term 1 for changeToLeader
2019-06-13 10:59:17,129 INFO  impl.RaftServerImpl (ServerState.java:setLeader(263)) - af9a8393-dabd-4584-96c1-8d93807a5347:group-97EBACB545ED change Leader from null to af9a8393-dabd-4584-96c1-8d93807a5347 at term 1 for becomeLeader, leader elected after 1044ms
2019-06-13 10:59:17,129 INFO  server.RaftServerConfigKeys (ConfUtils.java:logGet(43)) - raft.server.staging.catchup.gap = 1000 (default)
2019-06-13 10:59:17,131 INFO  server.RaftServerConfigKeys (ConfUtils.java:logGet(43)) - raft.server.rpc.sleep.time = 25ms (default)
2019-06-13 10:59:17,131 INFO  impl.RaftServerImpl (RaftServerImpl.java:setRole(164)) - 3e5f1adf-1584-4d20-a1a5-2f0eb63d3e87:group-97EBACB545ED changes role from FOLLOWER to FOLLOWER at term 1 for recognizeCandidate:af9a8393-dabd-4584-96c1-8d93807a5347
2019-06-13 10:59:17,133 INFO  impl.RoleInfo (RoleInfo.java:shutdownFollowerState(121)) - 3e5f1adf-1584-4d20-a1a5-2f0eb63d3e87: shutdown FollowerState
2019-06-13 10:59:17,133 INFO  impl.RoleInfo (RoleInfo.java:updateAndGet(143)) - 3e5f1adf-1584-4d20-a1a5-2f0eb63d3e87: start FollowerState
2019-06-13 10:59:17,131 INFO  server.RaftServerConfigKeys (ConfUtils.java:logGet(43)) - raft.server.watch.timeout = 10s (default)
2019-06-13 10:59:17,133 INFO  impl.FollowerState (FollowerState.java:run(109)) - 3e5f1adf-1584-4d20-a1a5-2f0eb63d3e87: FollowerState was interrupted: java.lang.InterruptedException: sleep interrupted
2019-06-13 10:59:17,133 INFO  server.RaftServerConfigKeys (ConfUtils.java:logGet(43)) - raft.server.watch.timeout.denomination = 1s (default)
2019-06-13 10:59:17,133 INFO  server.RaftServerConfigKeys (ConfUtils.java:logGet(43)) - raft.server.log.appender.snapshot.chunk.size.max = 16MB (=16777216) (default)
2019-06-13 10:59:17,134 INFO  server.RaftServerConfigKeys (ConfUtils.java:logGet(43)) - raft.server.log.appender.buffer.byte-limit = 33554432 (custom)
2019-06-13 10:59:17,134 INFO  server.RaftServerConfigKeys (ConfUtils.java:logGet(43)) - raft.server.log.appender.buffer.element-limit = 1 (custom)
2019-06-13 10:59:17,134 INFO  grpc.GrpcConfigKeys$Server (ConfUtils.java:logGet(43)) - raft.grpc.server.leader.outstanding.appends.max = 128 (default)
2019-06-13 10:59:17,134 INFO  server.RaftServerConfigKeys (ConfUtils.java:logGet(43)) - raft.server.rpc.request.timeout = 3000ms (default)
2019-06-13 10:59:17,134 INFO  server.RaftServerConfigKeys (ConfUtils.java:logGet(43)) - raft.server.log.appender.install.snapshot.enabled = true (default)
2019-06-13 10:59:17,134 INFO  server.RaftServerConfigKeys (ConfUtils.java:logGet(43)) - raft.server.log.appender.snapshot.chunk.size.max = 16MB (=16777216) (default)
2019-06-13 10:59:17,134 INFO  server.RaftServerConfigKeys (ConfUtils.java:logGet(43)) - raft.server.log.appender.buffer.byte-limit = 33554432 (custom)
2019-06-13 10:59:17,134 INFO  server.RaftServerConfigKeys (ConfUtils.java:logGet(43)) - raft.server.log.appender.buffer.element-limit = 1 (custom)
2019-06-13 10:59:17,135 INFO  grpc.GrpcConfigKeys$Server (ConfUtils.java:logGet(43)) - raft.grpc.server.leader.outstanding.appends.max = 128 (default)
2019-06-13 10:59:17,135 INFO  server.RaftServerConfigKeys (ConfUtils.java:logGet(43)) - raft.server.rpc.request.timeout = 3000ms (default)
2019-06-13 10:59:17,135 INFO  server.RaftServerConfigKeys (ConfUtils.java:logGet(43)) - raft.server.log.appender.install.snapshot.enabled = true (default)
2019-06-13 10:59:17,135 INFO  impl.RoleInfo (RoleInfo.java:updateAndGet(143)) - af9a8393-dabd-4584-96c1-8d93807a5347: start LeaderState
2019-06-13 10:59:17,135 INFO  storage.RaftLogWorker (RaftLogWorker.java:startLogSegment(298)) - af9a8393-dabd-4584-96c1-8d93807a5347-RaftLogWorker: Starting segment from index:0
2019-06-13 10:59:17,141 INFO  impl.RaftServerImpl (ServerState.java:setRaftConf(361)) - af9a8393-dabd-4584-96c1-8d93807a5347:group-97EBACB545ED set configuration 0: [3e5f1adf-1584-4d20-a1a5-2f0eb63d3e87:192.168.46.8:39001, 7b9ec6dc-6849-401e-a65c-953b7e1d36b1:192.168.46.8:41983, af9a8393-dabd-4584-96c1-8d93807a5347:192.168.46.8:35191], old=null at 0
2019-06-13 10:59:17,147 INFO  impl.RaftServerImpl (ServerState.java:setLeader(263)) - 3e5f1adf-1584-4d20-a1a5-2f0eb63d3e87:group-97EBACB545ED change Leader from null to af9a8393-dabd-4584-96c1-8d93807a5347 at term 1 for appendEntries, leader elected after 1049ms
2019-06-13 10:59:17,147 INFO  impl.RaftServerImpl (ServerState.java:setLeader(263)) - 7b9ec6dc-6849-401e-a65c-953b7e1d36b1:group-97EBACB545ED change Leader from null to af9a8393-dabd-4584-96c1-8d93807a5347 at term 1 for appendEntries, leader elected after 1071ms
2019-06-13 10:59:17,181 INFO  impl.FollowerState (FollowerState.java:run(101)) - af9a8393-dabd-4584-96c1-8d93807a5347:group-3FA12D635B3E changes to CANDIDATE, lastRpcTime:1130, electionTimeout:1123ms
2019-06-13 10:59:17,182 INFO  impl.RoleInfo (RoleInfo.java:shutdownFollowerState(121)) - af9a8393-dabd-4584-96c1-8d93807a5347: shutdown FollowerState
2019-06-13 10:59:17,182 INFO  impl.RaftServerImpl (RaftServerImpl.java:setRole(164)) - af9a8393-dabd-4584-96c1-8d93807a5347:group-3FA12D635B3E changes role from FOLLOWER to CANDIDATE at term 0 for changeToCandidate
2019-06-13 10:59:17,182 INFO  impl.RoleInfo (RoleInfo.java:updateAndGet(143)) - af9a8393-dabd-4584-96c1-8d93807a5347: start LeaderElection
2019-06-13 10:59:17,222 INFO  impl.RaftServerImpl (ServerState.java:setRaftConf(361)) - 7b9ec6dc-6849-401e-a65c-953b7e1d36b1:group-97EBACB545ED set configuration 0: [3e5f1adf-1584-4d20-a1a5-2f0eb63d3e87:192.168.46.8:39001, 7b9ec6dc-6849-401e-a65c-953b7e1d36b1:192.168.46.8:41983, af9a8393-dabd-4584-96c1-8d93807a5347:192.168.46.8:35191], old=null at 0
2019-06-13 10:59:17,222 INFO  storage.RaftLogWorker (RaftLogWorker.java:startLogSegment(298)) - 7b9ec6dc-6849-401e-a65c-953b7e1d36b1-RaftLogWorker: Starting segment from index:0
2019-06-13 10:59:17,222 INFO  impl.LeaderElection (LeaderElection.java:askForVotes(181)) - af9a8393-dabd-4584-96c1-8d93807a5347:group-3FA12D635B3E:LeaderElection40: begin an election at term 1 for -1: [af9a8393-dabd-4584-96c1-8d93807a5347:192.168.46.8:35191], old=null
2019-06-13 10:59:17,222 INFO  storage.RaftLogWorker (RaftLogWorker.java:execute(469)) - af9a8393-dabd-4584-96c1-8d93807a5347-RaftLogWorker: created new log segment /opt/src/hadoop-ozone/integration-test/target/test-dir/MiniOzoneClusterImpl-7dea1a61-12f6-4270-a8c4-8cb37dc8f048/datanode-5/data/ratis/1067bc4a-d6c2-45f0-a4ab-97ebacb545ed/current/log_inprogress_0
2019-06-13 10:59:17,222 INFO  impl.RoleInfo (RoleInfo.java:shutdownLeaderElection(134)) - af9a8393-dabd-4584-96c1-8d93807a5347: shutdown LeaderElection
2019-06-13 10:59:17,223 INFO  impl.RaftServerImpl (RaftServerImpl.java:setRole(164)) - af9a8393-dabd-4584-96c1-8d93807a5347:group-3FA12D635B3E changes role from CANDIDATE to LEADER at term 1 for changeToLeader
2019-06-13 10:59:17,223 INFO  impl.RaftServerImpl (ServerState.java:setLeader(263)) - af9a8393-dabd-4584-96c1-8d93807a5347:group-3FA12D635B3E change Leader from null to af9a8393-dabd-4584-96c1-8d93807a5347 at term 1 for becomeLeader, leader elected after 1174ms
2019-06-13 10:59:17,223 INFO  server.RaftServerConfigKeys (ConfUtils.java:logGet(43)) - raft.server.staging.catchup.gap = 1000 (default)
2019-06-13 10:59:17,223 INFO  server.RaftServerConfigKeys (ConfUtils.java:logGet(43)) - raft.server.rpc.sleep.time = 25ms (default)
2019-06-13 10:59:17,223 INFO  server.RaftServerConfigKeys (ConfUtils.java:logGet(43)) - raft.server.watch.timeout = 10s (default)
2019-06-13 10:59:17,223 INFO  ozone.MiniOzoneClusterImpl (MiniOzoneClusterImpl.java:lambda$waitForClusterToBeReady$0(142)) - Cluster is ready. Got 7 of 7 DN Heartbeats.
2019-06-13 10:59:17,223 INFO  server.RaftServerConfigKeys (ConfUtils.java:logGet(43)) - raft.server.watch.timeout.denomination = 1s (default)
2019-06-13 10:59:17,223 INFO  impl.RoleInfo (RoleInfo.java:updateAndGet(143)) - af9a8393-dabd-4584-96c1-8d93807a5347: start LeaderState
2019-06-13 10:59:17,224 INFO  storage.RaftLogWorker (RaftLogWorker.java:startLogSegment(298)) - af9a8393-dabd-4584-96c1-8d93807a5347-RaftLogWorker: Starting segment from index:0
2019-06-13 10:59:17,224 INFO  impl.RaftServerImpl (ServerState.java:setRaftConf(361)) - 3e5f1adf-1584-4d20-a1a5-2f0eb63d3e87:group-97EBACB545ED set configuration 0: [3e5f1adf-1584-4d20-a1a5-2f0eb63d3e87:192.168.46.8:39001, 7b9ec6dc-6849-401e-a65c-953b7e1d36b1:192.168.46.8:41983, af9a8393-dabd-4584-96c1-8d93807a5347:192.168.46.8:35191], old=null at 0
2019-06-13 10:59:17,224 INFO  storage.RaftLogWorker (RaftLogWorker.java:startLogSegment(298)) - 3e5f1adf-1584-4d20-a1a5-2f0eb63d3e87-RaftLogWorker: Starting segment from index:0
2019-06-13 10:59:17,229 INFO  impl.RaftServerImpl (ServerState.java:setRaftConf(361)) - af9a8393-dabd-4584-96c1-8d93807a5347:group-3FA12D635B3E set configuration 0: [af9a8393-dabd-4584-96c1-8d93807a5347:192.168.46.8:35191], old=null at 0
2019-06-13 10:59:17,308 INFO  impl.FollowerState (FollowerState.java:run(101)) - 82e16590-3482-4faa-aad8-39f060fc2038:group-730825336888 changes to CANDIDATE, lastRpcTime:1054, electionTimeout:1053ms
2019-06-13 10:59:17,308 INFO  impl.RoleInfo (RoleInfo.java:shutdownFollowerState(121)) - 82e16590-3482-4faa-aad8-39f060fc2038: shutdown FollowerState
2019-06-13 10:59:17,308 INFO  impl.RaftServerImpl (RaftServerImpl.java:setRole(164)) - 82e16590-3482-4faa-aad8-39f060fc2038:group-730825336888 changes role from FOLLOWER to CANDIDATE at term 0 for changeToCandidate
2019-06-13 10:59:17,308 INFO  impl.RoleInfo (RoleInfo.java:updateAndGet(143)) - 82e16590-3482-4faa-aad8-39f060fc2038: start LeaderElection
2019-06-13 10:59:17,347 INFO  storage.RaftLogWorker (RaftLogWorker.java:execute(469)) - 3e5f1adf-1584-4d20-a1a5-2f0eb63d3e87-RaftLogWorker: created new log segment /opt/src/hadoop-ozone/integration-test/target/test-dir/MiniOzoneClusterImpl-7dea1a61-12f6-4270-a8c4-8cb37dc8f048/datanode-3/data/ratis/1067bc4a-d6c2-45f0-a4ab-97ebacb545ed/current/log_inprogress_0
2019-06-13 10:59:17,348 INFO  storage.RaftLogWorker (RaftLogWorker.java:execute(469)) - af9a8393-dabd-4584-96c1-8d93807a5347-RaftLogWorker: created new log segment /opt/src/hadoop-ozone/integration-test/target/test-dir/MiniOzoneClusterImpl-7dea1a61-12f6-4270-a8c4-8cb37dc8f048/datanode-5/data/ratis/d9cc9bea-3c47-4ce9-85e6-3fa12d635b3e/current/log_inprogress_0
2019-06-13 10:59:17,356 INFO  impl.LeaderElection (LeaderElection.java:askForVotes(181)) - 82e16590-3482-4faa-aad8-39f060fc2038:group-730825336888:LeaderElection41: begin an election at term 1 for -1: [82e16590-3482-4faa-aad8-39f060fc2038:192.168.46.8:46287], old=null
2019-06-13 10:59:17,356 INFO  impl.RoleInfo (RoleInfo.java:shutdownLeaderElection(134)) - 82e16590-3482-4faa-aad8-39f060fc2038: shutdown LeaderElection
2019-06-13 10:59:17,356 INFO  impl.RaftServerImpl (RaftServerImpl.java:setRole(164)) - 82e16590-3482-4faa-aad8-39f060fc2038:group-730825336888 changes role from CANDIDATE to LEADER at term 1 for changeToLeader
2019-06-13 10:59:17,356 INFO  impl.RaftServerImpl (ServerState.java:setLeader(263)) - 82e16590-3482-4faa-aad8-39f060fc2038:group-730825336888 change Leader from null to 82e16590-3482-4faa-aad8-39f060fc2038 at term 1 for becomeLeader, leader elected after 1105ms
2019-06-13 10:59:17,356 INFO  server.RaftServerConfigKeys (ConfUtils.java:logGet(43)) - raft.server.staging.catchup.gap = 1000 (default)
2019-06-13 10:59:17,356 INFO  server.RaftServerConfigKeys (ConfUtils.java:logGet(43)) - raft.server.rpc.sleep.time = 25ms (default)
2019-06-13 10:59:17,356 INFO  server.RaftServerConfigKeys (ConfUtils.java:logGet(43)) - raft.server.watch.timeout = 10s (default)
2019-06-13 10:59:17,356 INFO  server.RaftServerConfigKeys (ConfUtils.java:logGet(43)) - raft.server.watch.timeout.denomination = 1s (default)
2019-06-13 10:59:17,356 INFO  impl.RoleInfo (RoleInfo.java:updateAndGet(143)) - 82e16590-3482-4faa-aad8-39f060fc2038: start LeaderState
2019-06-13 10:59:17,357 INFO  storage.RaftLogWorker (RaftLogWorker.java:startLogSegment(298)) - 82e16590-3482-4faa-aad8-39f060fc2038-RaftLogWorker: Starting segment from index:0
2019-06-13 10:59:17,359 INFO  storage.RaftLogWorker (RaftLogWorker.java:execute(469)) - 7b9ec6dc-6849-401e-a65c-953b7e1d36b1-RaftLogWorker: created new log segment /opt/src/hadoop-ozone/integration-test/target/test-dir/MiniOzoneClusterImpl-7dea1a61-12f6-4270-a8c4-8cb37dc8f048/datanode-4/data/ratis/1067bc4a-d6c2-45f0-a4ab-97ebacb545ed/current/log_inprogress_0
2019-06-13 10:59:17,360 INFO  impl.RaftServerImpl (ServerState.java:setRaftConf(361)) - 82e16590-3482-4faa-aad8-39f060fc2038:group-730825336888 set configuration 0: [82e16590-3482-4faa-aad8-39f060fc2038:192.168.46.8:46287], old=null at 0
2019-06-13 10:59:17,380 INFO  rpc.RpcClient (RpcClient.java:createVolume(289)) - Creating Volume: watchforcommithandlingtest, with root as owner.
2019-06-13 10:59:17,406 INFO  storage.RaftLogWorker (RaftLogWorker.java:execute(469)) - 82e16590-3482-4faa-aad8-39f060fc2038-RaftLogWorker: created new log segment /opt/src/hadoop-ozone/integration-test/target/test-dir/MiniOzoneClusterImpl-7dea1a61-12f6-4270-a8c4-8cb37dc8f048/datanode-6/data/ratis/4861c6d3-57a4-489a-b8a6-730825336888/current/log_inprogress_0
2019-06-13 10:59:17,407 INFO  rpc.RpcClient (RpcClient.java:createBucket(426)) - Creating Bucket: watchforcommithandlingtest/watchforcommithandlingtest, with Versioning false and Storage Type set to DISK and Encryption set to false 
2019-06-13 10:59:17,410 INFO  ozone.MiniOzoneClusterImpl (MiniOzoneClusterImpl.java:getStorageContainerLocationClient(241)) - Creating StorageContainerLocationProtocol RPC client with address /0.0.0.0:34855
2019-06-13 10:59:17,419 INFO  client.GrpcClientProtocolClient (GrpcClientProtocolClient.java:onNext(254)) - client-5AE3D6D17757->7093d8aa-2045-434c-a57b-b56d15c00146: receive RaftClientReply:client-5AE3D6D17757->7093d8aa-2045-434c-a57b-b56d15c00146@group-76E1EB442D9C, cid=66, FAILED org.apache.ratis.protocol.NotLeaderException: Server 7093d8aa-2045-434c-a57b-b56d15c00146 is not the leader (a8218a3e-2db5-411c-899a-928fff5e3f8a:192.168.46.8:40493). Request must be sent to leader., logIndex=0, commits[7093d8aa-2045-434c-a57b-b56d15c00146:c0, 67bf4de7-df61-40ae-b697-e5f0195c5019:c-1, a8218a3e-2db5-411c-899a-928fff5e3f8a:c0]
2019-06-13 10:59:17,427 WARN  client.GrpcClientProtocolService (LogUtils.java:warn(134)) - 0-OrderedRequestStreamObserver0: onError: org.apache.ratis.thirdparty.io.grpc.StatusRuntimeException: CANCELLED: cancelled before receiving half close
2019-06-13 10:59:18,488 INFO  client.GrpcClientProtocolClient (GrpcClientProtocolClient.java:onNext(254)) - client-5AE3D6D17757->a8218a3e-2db5-411c-899a-928fff5e3f8a: receive RaftClientReply:client-5AE3D6D17757->a8218a3e-2db5-411c-899a-928fff5e3f8a@group-76E1EB442D9C, cid=66, SUCCESS, logIndex=1, commits[a8218a3e-2db5-411c-899a-928fff5e3f8a:c2, 67bf4de7-df61-40ae-b697-e5f0195c5019:c1, 7093d8aa-2045-434c-a57b-b56d15c00146:c1]
2019-06-13 10:59:18,492 INFO  datanode.ObjectStoreHandler (ObjectStoreHandler.java:close(155)) - Closing ObjectStoreHandler.
2019-06-13 10:59:18,493 INFO  ozone.HddsDatanodeService (HddsDatanodeService.java:stop(452)) - Stopped plug-in org.apache.hadoop.ozone.web.OzoneHddsDatanodeService@647af13d
2019-06-13 10:59:18,493 INFO  statemachine.DatanodeStateMachine (DatanodeStateMachine.java:lambda$startDaemon$0(350)) - Ozone container server started.
2019-06-13 10:59:18,494 INFO  ozoneimpl.OzoneContainer (OzoneContainer.java:stop(199)) - Attempting to stop container services.
2019-06-13 10:59:18,494 INFO  impl.RaftServerProxy (RaftServerProxy.java:lambda$close$4(314)) - 7093d8aa-2045-434c-a57b-b56d15c00146: close
2019-06-13 10:59:18,495 INFO  impl.RaftServerImpl (RaftServerImpl.java:lambda$shutdown$3(238)) - 7093d8aa-2045-434c-a57b-b56d15c00146: shutdown group-76E1EB442D9C
2019-06-13 10:59:18,495 INFO  util.JmxRegister (JmxRegister.java:unregister(73)) - Successfully un-registered JMX Bean with object name Ratis:service=RaftServer,group=group-76E1EB442D9C,id=7093d8aa-2045-434c-a57b-b56d15c00146
2019-06-13 10:59:18,495 INFO  impl.RoleInfo (RoleInfo.java:shutdownFollowerState(121)) - 7093d8aa-2045-434c-a57b-b56d15c00146: shutdown FollowerState
2019-06-13 10:59:18,495 INFO  impl.StateMachineUpdater (StateMachineUpdater.java:stopAndJoin(109)) - StateMachineUpdater-7093d8aa-2045-434c-a57b-b56d15c00146-group-76E1EB442D9C: set stopIndex = 1
2019-06-13 10:59:18,496 INFO  impl.FollowerState (FollowerState.java:run(109)) - 7093d8aa-2045-434c-a57b-b56d15c00146: FollowerState was interrupted: java.lang.InterruptedException: sleep interrupted
2019-06-13 10:59:18,495 INFO  impl.RaftServerImpl (RaftServerImpl.java:lambda$shutdown$3(238)) - 7093d8aa-2045-434c-a57b-b56d15c00146: shutdown group-717A02882C8D
2019-06-13 10:59:18,496 INFO  util.JmxRegister (JmxRegister.java:unregister(73)) - Successfully un-registered JMX Bean with object name Ratis:service=RaftServer,group=group-717A02882C8D,id=7093d8aa-2045-434c-a57b-b56d15c00146
2019-06-13 10:59:18,496 INFO  impl.RoleInfo (RoleInfo.java:shutdownLeaderState(104)) - 7093d8aa-2045-434c-a57b-b56d15c00146: shutdown LeaderState
2019-06-13 10:59:18,496 INFO  impl.PendingRequests (PendingRequests.java:sendNotLeaderResponses(140)) - 7093d8aa-2045-434c-a57b-b56d15c00146-PendingRequests: sendNotLeaderResponses
2019-06-13 10:59:18,495 INFO  ratis.ContainerStateMachine (ContainerStateMachine.java:takeSnapshot(245)) - Taking snapshot at termIndex:(t:1, i:1)
2019-06-13 10:59:18,498 INFO  ratis.ContainerStateMachine (ContainerStateMachine.java:takeSnapshot(249)) - Taking a snapshot to file /opt/src/hadoop-ozone/integration-test/target/test-dir/MiniOzoneClusterImpl-7dea1a61-12f6-4270-a8c4-8cb37dc8f048/datanode-0/data/ratis/07176aa1-6fa6-429c-9361-76e1eb442d9c/sm/snapshot.1_1
2019-06-13 10:59:18,498 INFO  impl.RaftServerImpl (ServerState.java:close(394)) - 7093d8aa-2045-434c-a57b-b56d15c00146:group-76E1EB442D9C closes. The last applied log index is 1
2019-06-13 10:59:18,498 INFO  storage.RaftLogWorker (RaftLogWorker.java:run(236)) - 7093d8aa-2045-434c-a57b-b56d15c00146-RaftLogWorker was interrupted, exiting. There are 0 tasks remaining in the queue.
2019-06-13 10:59:18,500 INFO  impl.StateMachineUpdater (StateMachineUpdater.java:stopAndJoin(109)) - StateMachineUpdater-7093d8aa-2045-434c-a57b-b56d15c00146-group-717A02882C8D: set stopIndex = 0
2019-06-13 10:59:18,500 INFO  ratis.ContainerStateMachine (ContainerStateMachine.java:takeSnapshot(245)) - Taking snapshot at termIndex:(t:0, i:~)
2019-06-13 10:59:18,501 INFO  impl.RaftServerImpl (ServerState.java:close(394)) - 7093d8aa-2045-434c-a57b-b56d15c00146:group-717A02882C8D closes. The last applied log index is 0
2019-06-13 10:59:18,501 INFO  storage.RaftLogWorker (RaftLogWorker.java:run(236)) - 7093d8aa-2045-434c-a57b-b56d15c00146-RaftLogWorker was interrupted, exiting. There are 0 tasks remaining in the queue.
2019-06-13 10:59:18,500 INFO  storage.RaftLogWorker (RaftLogWorker.java:close(168)) - 7093d8aa-2045-434c-a57b-b56d15c00146-RaftLogWorker close()
2019-06-13 10:59:18,505 INFO  storage.RaftLogWorker (RaftLogWorker.java:close(168)) - 7093d8aa-2045-434c-a57b-b56d15c00146-RaftLogWorker close()
2019-06-13 10:59:18,507 INFO  server.GrpcService (GrpcService.java:closeImpl(154)) - 7093d8aa-2045-434c-a57b-b56d15c00146: shutdown server with port 33705 now
2019-06-13 10:59:18,508 WARN  server.GrpcServerProtocolService (LogUtils.java:warn(134)) - 7093d8aa-2045-434c-a57b-b56d15c00146: appendEntries onError: org.apache.ratis.thirdparty.io.grpc.StatusRuntimeException: CANCELLED: cancelled before receiving half close
2019-06-13 10:59:18,509 WARN  server.GrpcLogAppender (LogUtils.java:warn(134)) - a8218a3e-2db5-411c-899a-928fff5e3f8a: Failed appendEntries to 7093d8aa-2045-434c-a57b-b56d15c00146:192.168.46.8:33705: org.apache.ratis.thirdparty.io.grpc.StatusRuntimeException: CANCELLED: HTTP/2 error code: CANCEL
Received Rst Stream
2019-06-13 10:59:18,509 INFO  impl.FollowerInfo (FollowerInfo.java:lambda$new$0(50)) - a8218a3e-2db5-411c-899a-928fff5e3f8a->7093d8aa-2045-434c-a57b-b56d15c00146: nextIndex: updateUnconditionally 3 -> 0
2019-06-13 10:59:18,509 INFO  server.GrpcService (GrpcService.java:closeImpl(162)) - 7093d8aa-2045-434c-a57b-b56d15c00146: shutdown server with port 33705 successfully
2019-06-13 10:59:18,513 WARN  fs.CachingGetSpaceUsed (CachingGetSpaceUsed.java:run(183)) - Thread Interrupted waiting to refresh disk information: sleep interrupted
2019-06-13 10:59:18,526 INFO  statemachine.DatanodeStateMachine (DatanodeStateMachine.java:stopDaemon(395)) - Ozone container server stopped.
2019-06-13 10:59:18,526 INFO  handler.ContextHandler (ContextHandler.java:doStop(910)) - Stopped o.e.j.w.WebAppContext@6ffdbeef{/,null,UNAVAILABLE}{/hddsDatanode}
2019-06-13 10:59:18,527 INFO  server.AbstractConnector (AbstractConnector.java:doStop(318)) - Stopped ServerConnector@4a3509b0{HTTP/1.1,[http/1.1]}{0.0.0.0:0}
2019-06-13 10:59:18,530 INFO  handler.ContextHandler (ContextHandler.java:doStop(910)) - Stopped o.e.j.s.ServletContextHandler@114badf0{/static,jar:file:/root/.m2/repository/org/apache/hadoop/hadoop-hdds-container-service/0.5.0-SNAPSHOT/hadoop-hdds-container-service-0.5.0-SNAPSHOT.jar!/webapps/static,UNAVAILABLE}
2019-06-13 10:59:18,530 INFO  handler.ContextHandler (ContextHandler.java:doStop(910)) - Stopped o.e.j.s.ServletContextHandler@b5ff70b{/logs,file:///opt/src/hadoop-ozone/integration-test/target/log,UNAVAILABLE}
2019-06-13 10:59:18,531 INFO  datanode.ObjectStoreHandler (ObjectStoreHandler.java:close(155)) - Closing ObjectStoreHandler.
2019-06-13 10:59:18,531 INFO  ozone.HddsDatanodeService (HddsDatanodeService.java:stop(452)) - Stopped plug-in org.apache.hadoop.ozone.web.OzoneHddsDatanodeService@581e8969
2019-06-13 10:59:18,532 INFO  statemachine.DatanodeStateMachine (DatanodeStateMachine.java:lambda$startDaemon$0(350)) - Ozone container server started.
2019-06-13 10:59:18,532 INFO  ozoneimpl.OzoneContainer (OzoneContainer.java:stop(199)) - Attempting to stop container services.
2019-06-13 10:59:18,532 INFO  impl.RaftServerProxy (RaftServerProxy.java:lambda$close$4(314)) - 67bf4de7-df61-40ae-b697-e5f0195c5019: close
2019-06-13 10:59:18,532 INFO  impl.RaftServerImpl (RaftServerImpl.java:lambda$shutdown$3(238)) - 67bf4de7-df61-40ae-b697-e5f0195c5019: shutdown group-C5FDDD42D04B
2019-06-13 10:59:18,533 INFO  util.JmxRegister (JmxRegister.java:unregister(73)) - Successfully un-registered JMX Bean with object name Ratis:service=RaftServer,group=group-C5FDDD42D04B,id=67bf4de7-df61-40ae-b697-e5f0195c5019
2019-06-13 10:59:18,533 INFO  impl.RoleInfo (RoleInfo.java:shutdownLeaderState(104)) - 67bf4de7-df61-40ae-b697-e5f0195c5019: shutdown LeaderState
2019-06-13 10:59:18,533 INFO  impl.PendingRequests (PendingRequests.java:sendNotLeaderResponses(140)) - 67bf4de7-df61-40ae-b697-e5f0195c5019-PendingRequests: sendNotLeaderResponses
2019-06-13 10:59:18,533 INFO  ratis.ContainerStateMachine (ContainerStateMachine.java:takeSnapshot(245)) - Taking snapshot at termIndex:(t:0, i:~)
2019-06-13 10:59:18,534 INFO  impl.StateMachineUpdater (StateMachineUpdater.java:stopAndJoin(109)) - StateMachineUpdater-67bf4de7-df61-40ae-b697-e5f0195c5019-group-C5FDDD42D04B: set stopIndex = 0
2019-06-13 10:59:18,534 INFO  impl.RaftServerImpl (ServerState.java:close(394)) - 67bf4de7-df61-40ae-b697-e5f0195c5019:group-C5FDDD42D04B closes. The last applied log index is 0
2019-06-13 10:59:18,534 INFO  storage.RaftLogWorker (RaftLogWorker.java:run(236)) - 67bf4de7-df61-40ae-b697-e5f0195c5019-RaftLogWorker was interrupted, exiting. There are 0 tasks remaining in the queue.
2019-06-13 10:59:18,536 INFO  storage.RaftLogWorker (RaftLogWorker.java:close(168)) - 67bf4de7-df61-40ae-b697-e5f0195c5019-RaftLogWorker close()
2019-06-13 10:59:18,538 INFO  impl.RaftServerImpl (RaftServerImpl.java:lambda$shutdown$3(238)) - 67bf4de7-df61-40ae-b697-e5f0195c5019: shutdown group-76E1EB442D9C
2019-06-13 10:59:18,538 INFO  util.JmxRegister (JmxRegister.java:unregister(73)) - Successfully un-registered JMX Bean with object name Ratis:service=RaftServer,group=group-76E1EB442D9C,id=67bf4de7-df61-40ae-b697-e5f0195c5019
2019-06-13 10:59:18,538 INFO  impl.RoleInfo (RoleInfo.java:shutdownFollowerState(121)) - 67bf4de7-df61-40ae-b697-e5f0195c5019: shutdown FollowerState
2019-06-13 10:59:18,539 INFO  impl.StateMachineUpdater (StateMachineUpdater.java:stopAndJoin(109)) - StateMachineUpdater-67bf4de7-df61-40ae-b697-e5f0195c5019-group-76E1EB442D9C: set stopIndex = 1
2019-06-13 10:59:18,539 INFO  ratis.ContainerStateMachine (ContainerStateMachine.java:takeSnapshot(245)) - Taking snapshot at termIndex:(t:1, i:1)
2019-06-13 10:59:18,539 INFO  ratis.ContainerStateMachine (ContainerStateMachine.java:takeSnapshot(249)) - Taking a snapshot to file /opt/src/hadoop-ozone/integration-test/target/test-dir/MiniOzoneClusterImpl-7dea1a61-12f6-4270-a8c4-8cb37dc8f048/datanode-2/data/ratis/07176aa1-6fa6-429c-9361-76e1eb442d9c/sm/snapshot.1_1
2019-06-13 10:59:18,539 INFO  impl.RaftServerImpl (ServerState.java:close(394)) - 67bf4de7-df61-40ae-b697-e5f0195c5019:group-76E1EB442D9C closes. The last applied log index is 1
2019-06-13 10:59:18,539 INFO  storage.RaftLogWorker (RaftLogWorker.java:run(236)) - 67bf4de7-df61-40ae-b697-e5f0195c5019-RaftLogWorker was interrupted, exiting. There are 0 tasks remaining in the queue.
2019-06-13 10:59:18,541 INFO  storage.RaftLogWorker (RaftLogWorker.java:close(168)) - 67bf4de7-df61-40ae-b697-e5f0195c5019-RaftLogWorker close()
2019-06-13 10:59:18,541 INFO  impl.FollowerState (FollowerState.java:run(109)) - 67bf4de7-df61-40ae-b697-e5f0195c5019: FollowerState was interrupted: java.lang.InterruptedException: sleep interrupted
2019-06-13 10:59:18,543 INFO  server.GrpcService (GrpcService.java:closeImpl(154)) - 67bf4de7-df61-40ae-b697-e5f0195c5019: shutdown server with port 39137 now
2019-06-13 10:59:18,544 WARN  server.GrpcLogAppender (LogUtils.java:warn(134)) - a8218a3e-2db5-411c-899a-928fff5e3f8a: Failed appendEntries to 67bf4de7-df61-40ae-b697-e5f0195c5019:192.168.46.8:39137: org.apache.ratis.thirdparty.io.grpc.StatusRuntimeException: CANCELLED: HTTP/2 error code: CANCEL
Received Rst Stream
2019-06-13 10:59:18,544 INFO  impl.FollowerInfo (FollowerInfo.java:lambda$new$0(50)) - a8218a3e-2db5-411c-899a-928fff5e3f8a->67bf4de7-df61-40ae-b697-e5f0195c5019: nextIndex: updateUnconditionally 3 -> 0
2019-06-13 10:59:18,545 INFO  server.GrpcService (GrpcService.java:closeImpl(162)) - 67bf4de7-df61-40ae-b697-e5f0195c5019: shutdown server with port 39137 successfully
2019-06-13 10:59:18,545 WARN  server.GrpcServerProtocolService (LogUtils.java:warn(134)) - 67bf4de7-df61-40ae-b697-e5f0195c5019: appendEntries onError: org.apache.ratis.thirdparty.io.grpc.StatusRuntimeException: CANCELLED: cancelled before receiving half close
2019-06-13 10:59:18,553 WARN  fs.CachingGetSpaceUsed (CachingGetSpaceUsed.java:run(183)) - Thread Interrupted waiting to refresh disk information: sleep interrupted
2019-06-13 10:59:18,571 INFO  statemachine.DatanodeStateMachine (DatanodeStateMachine.java:stopDaemon(395)) - Ozone container server stopped.
2019-06-13 10:59:18,571 INFO  handler.ContextHandler (ContextHandler.java:doStop(910)) - Stopped o.e.j.w.WebAppContext@694b1ddb{/,null,UNAVAILABLE}{/hddsDatanode}
2019-06-13 10:59:18,576 INFO  server.AbstractConnector (AbstractConnector.java:doStop(318)) - Stopped ServerConnector@5690c2a8{HTTP/1.1,[http/1.1]}{0.0.0.0:0}
2019-06-13 10:59:18,576 INFO  handler.ContextHandler (ContextHandler.java:doStop(910)) - Stopped o.e.j.s.ServletContextHandler@3831f4c2{/static,jar:file:/root/.m2/repository/org/apache/hadoop/hadoop-hdds-container-service/0.5.0-SNAPSHOT/hadoop-hdds-container-service-0.5.0-SNAPSHOT.jar!/webapps/static,UNAVAILABLE}
2019-06-13 10:59:18,577 INFO  handler.ContextHandler (ContextHandler.java:doStop(910)) - Stopped o.e.j.s.ServletContextHandler@26feccf7{/logs,file:///opt/src/hadoop-ozone/integration-test/target/log,UNAVAILABLE}
2019-06-13 10:59:18,943 WARN  server.GrpcLogAppender (LogUtils.java:warn(134)) - a8218a3e-2db5-411c-899a-928fff5e3f8a: Failed appendEntries to 67bf4de7-df61-40ae-b697-e5f0195c5019:192.168.46.8:39137: org.apache.ratis.thirdparty.io.grpc.StatusRuntimeException: UNAVAILABLE: io exception
2019-06-13 10:59:18,943 INFO  impl.FollowerInfo (FollowerInfo.java:lambda$new$0(50)) - a8218a3e-2db5-411c-899a-928fff5e3f8a->67bf4de7-df61-40ae-b697-e5f0195c5019: nextIndex: updateUnconditionally 0 -> 0
2019-06-13 10:59:18,948 WARN  server.GrpcLogAppender (LogUtils.java:warn(134)) - a8218a3e-2db5-411c-899a-928fff5e3f8a: Failed appendEntries to 7093d8aa-2045-434c-a57b-b56d15c00146:192.168.46.8:33705: org.apache.ratis.thirdparty.io.grpc.StatusRuntimeException: UNAVAILABLE: io exception
2019-06-13 10:59:18,948 INFO  impl.FollowerInfo (FollowerInfo.java:lambda$new$0(50)) - a8218a3e-2db5-411c-899a-928fff5e3f8a->7093d8aa-2045-434c-a57b-b56d15c00146: nextIndex: updateUnconditionally 0 -> 0
2019-06-13 10:59:19,443 WARN  server.GrpcLogAppender (LogUtils.java:warn(134)) - a8218a3e-2db5-411c-899a-928fff5e3f8a: Failed appendEntries to 67bf4de7-df61-40ae-b697-e5f0195c5019:192.168.46.8:39137: org.apache.ratis.thirdparty.io.grpc.StatusRuntimeException: UNAVAILABLE: io exception
2019-06-13 10:59:19,444 INFO  impl.FollowerInfo (FollowerInfo.java:lambda$new$0(50)) - a8218a3e-2db5-411c-899a-928fff5e3f8a->67bf4de7-df61-40ae-b697-e5f0195c5019: nextIndex: updateUnconditionally 0 -> 0
2019-06-13 10:59:19,449 WARN  server.GrpcLogAppender (LogUtils.java:warn(134)) - a8218a3e-2db5-411c-899a-928fff5e3f8a: Failed appendEntries to 7093d8aa-2045-434c-a57b-b56d15c00146:192.168.46.8:33705: org.apache.ratis.thirdparty.io.grpc.StatusRuntimeException: UNAVAILABLE: io exception
2019-06-13 10:59:19,449 INFO  impl.FollowerInfo (FollowerInfo.java:lambda$new$0(50)) - a8218a3e-2db5-411c-899a-928fff5e3f8a->7093d8aa-2045-434c-a57b-b56d15c00146: nextIndex: updateUnconditionally 0 -> 0
2019-06-13 10:59:19,944 WARN  server.GrpcLogAppender (LogUtils.java:warn(134)) - a8218a3e-2db5-411c-899a-928fff5e3f8a: Failed appendEntries to 67bf4de7-df61-40ae-b697-e5f0195c5019:192.168.46.8:39137: org.apache.ratis.thirdparty.io.grpc.StatusRuntimeException: UNAVAILABLE: io exception
2019-06-13 10:59:19,944 INFO  impl.FollowerInfo (FollowerInfo.java:lambda$new$0(50)) - a8218a3e-2db5-411c-899a-928fff5e3f8a->67bf4de7-df61-40ae-b697-e5f0195c5019: nextIndex: updateUnconditionally 0 -> 0
2019-06-13 10:59:19,949 WARN  server.GrpcLogAppender (LogUtils.java:warn(134)) - a8218a3e-2db5-411c-899a-928fff5e3f8a: Failed appendEntries to 7093d8aa-2045-434c-a57b-b56d15c00146:192.168.46.8:33705: org.apache.ratis.thirdparty.io.grpc.StatusRuntimeException: UNAVAILABLE: io exception
2019-06-13 10:59:19,949 INFO  impl.FollowerInfo (FollowerInfo.java:lambda$new$0(50)) - a8218a3e-2db5-411c-899a-928fff5e3f8a->7093d8aa-2045-434c-a57b-b56d15c00146: nextIndex: updateUnconditionally 0 -> 0
2019-06-13 10:59:20,445 WARN  server.GrpcLogAppender (LogUtils.java:warn(134)) - a8218a3e-2db5-411c-899a-928fff5e3f8a: Failed appendEntries to 67bf4de7-df61-40ae-b697-e5f0195c5019:192.168.46.8:39137: org.apache.ratis.thirdparty.io.grpc.StatusRuntimeException: UNAVAILABLE: io exception
2019-06-13 10:59:20,445 INFO  impl.FollowerInfo (FollowerInfo.java:lambda$new$0(50)) - a8218a3e-2db5-411c-899a-928fff5e3f8a->67bf4de7-df61-40ae-b697-e5f0195c5019: nextIndex: updateUnconditionally 0 -> 0
2019-06-13 10:59:20,450 WARN  server.GrpcLogAppender (LogUtils.java:warn(134)) - a8218a3e-2db5-411c-899a-928fff5e3f8a: Failed appendEntries to 7093d8aa-2045-434c-a57b-b56d15c00146:192.168.46.8:33705: org.apache.ratis.thirdparty.io.grpc.StatusRuntimeException: UNAVAILABLE: io exception
2019-06-13 10:59:20,450 INFO  impl.FollowerInfo (FollowerInfo.java:lambda$new$0(50)) - a8218a3e-2db5-411c-899a-928fff5e3f8a->7093d8aa-2045-434c-a57b-b56d15c00146: nextIndex: updateUnconditionally 0 -> 0
2019-06-13 10:59:20,945 WARN  server.GrpcLogAppender (LogUtils.java:warn(134)) - a8218a3e-2db5-411c-899a-928fff5e3f8a: Failed appendEntries to 67bf4de7-df61-40ae-b697-e5f0195c5019:192.168.46.8:39137: org.apache.ratis.thirdparty.io.grpc.StatusRuntimeException: UNAVAILABLE: io exception
2019-06-13 10:59:20,946 INFO  impl.FollowerInfo (FollowerInfo.java:lambda$new$0(50)) - a8218a3e-2db5-411c-899a-928fff5e3f8a->67bf4de7-df61-40ae-b697-e5f0195c5019: nextIndex: updateUnconditionally 0 -> 0
2019-06-13 10:59:20,950 WARN  server.GrpcLogAppender (LogUtils.java:warn(134)) - a8218a3e-2db5-411c-899a-928fff5e3f8a: Failed appendEntries to 7093d8aa-2045-434c-a57b-b56d15c00146:192.168.46.8:33705: org.apache.ratis.thirdparty.io.grpc.StatusRuntimeException: UNAVAILABLE: io exception
2019-06-13 10:59:20,950 INFO  impl.FollowerInfo (FollowerInfo.java:lambda$new$0(50)) - a8218a3e-2db5-411c-899a-928fff5e3f8a->7093d8aa-2045-434c-a57b-b56d15c00146: nextIndex: updateUnconditionally 0 -> 0
2019-06-13 10:59:21,446 WARN  server.GrpcLogAppender (LogUtils.java:warn(134)) - a8218a3e-2db5-411c-899a-928fff5e3f8a: Failed appendEntries to 67bf4de7-df61-40ae-b697-e5f0195c5019:192.168.46.8:39137: org.apache.ratis.thirdparty.io.grpc.StatusRuntimeException: UNAVAILABLE: io exception
2019-06-13 10:59:21,446 INFO  impl.FollowerInfo (FollowerInfo.java:lambda$new$0(50)) - a8218a3e-2db5-411c-899a-928fff5e3f8a->67bf4de7-df61-40ae-b697-e5f0195c5019: nextIndex: updateUnconditionally 0 -> 0
2019-06-13 10:59:21,451 WARN  server.GrpcLogAppender (LogUtils.java:warn(134)) - a8218a3e-2db5-411c-899a-928fff5e3f8a: Failed appendEntries to 7093d8aa-2045-434c-a57b-b56d15c00146:192.168.46.8:33705: org.apache.ratis.thirdparty.io.grpc.StatusRuntimeException: UNAVAILABLE: io exception
2019-06-13 10:59:21,451 INFO  impl.FollowerInfo (FollowerInfo.java:lambda$new$0(50)) - a8218a3e-2db5-411c-899a-928fff5e3f8a->7093d8aa-2045-434c-a57b-b56d15c00146: nextIndex: updateUnconditionally 0 -> 0
2019-06-13 10:59:21,946 WARN  server.GrpcLogAppender (LogUtils.java:warn(134)) - a8218a3e-2db5-411c-899a-928fff5e3f8a: Failed appendEntries to 67bf4de7-df61-40ae-b697-e5f0195c5019:192.168.46.8:39137: org.apache.ratis.thirdparty.io.grpc.StatusRuntimeException: UNAVAILABLE: io exception
2019-06-13 10:59:21,947 INFO  impl.FollowerInfo (FollowerInfo.java:lambda$new$0(50)) - a8218a3e-2db5-411c-899a-928fff5e3f8a->67bf4de7-df61-40ae-b697-e5f0195c5019: nextIndex: updateUnconditionally 0 -> 0
2019-06-13 10:59:21,951 WARN  server.GrpcLogAppender (LogUtils.java:warn(134)) - a8218a3e-2db5-411c-899a-928fff5e3f8a: Failed appendEntries to 7093d8aa-2045-434c-a57b-b56d15c00146:192.168.46.8:33705: org.apache.ratis.thirdparty.io.grpc.StatusRuntimeException: UNAVAILABLE: io exception
2019-06-13 10:59:21,951 INFO  impl.FollowerInfo (FollowerInfo.java:lambda$new$0(50)) - a8218a3e-2db5-411c-899a-928fff5e3f8a->7093d8aa-2045-434c-a57b-b56d15c00146: nextIndex: updateUnconditionally 0 -> 0
2019-06-13 10:59:22,449 WARN  server.GrpcLogAppender (LogUtils.java:warn(134)) - a8218a3e-2db5-411c-899a-928fff5e3f8a: Failed appendEntries to 67bf4de7-df61-40ae-b697-e5f0195c5019:192.168.46.8:39137: org.apache.ratis.thirdparty.io.grpc.StatusRuntimeException: UNAVAILABLE: io exception
2019-06-13 10:59:22,449 INFO  impl.FollowerInfo (FollowerInfo.java:lambda$new$0(50)) - a8218a3e-2db5-411c-899a-928fff5e3f8a->67bf4de7-df61-40ae-b697-e5f0195c5019: nextIndex: updateUnconditionally 0 -> 0
2019-06-13 10:59:22,452 WARN  server.GrpcLogAppender (LogUtils.java:warn(134)) - a8218a3e-2db5-411c-899a-928fff5e3f8a: Failed appendEntries to 7093d8aa-2045-434c-a57b-b56d15c00146:192.168.46.8:33705: org.apache.ratis.thirdparty.io.grpc.StatusRuntimeException: UNAVAILABLE: io exception
2019-06-13 10:59:22,452 INFO  impl.FollowerInfo (FollowerInfo.java:lambda$new$0(50)) - a8218a3e-2db5-411c-899a-928fff5e3f8a->7093d8aa-2045-434c-a57b-b56d15c00146: nextIndex: updateUnconditionally 0 -> 0
2019-06-13 10:59:22,947 WARN  server.GrpcLogAppender (LogUtils.java:warn(134)) - a8218a3e-2db5-411c-899a-928fff5e3f8a: Failed appendEntries to 67bf4de7-df61-40ae-b697-e5f0195c5019:192.168.46.8:39137: org.apache.ratis.thirdparty.io.grpc.StatusRuntimeException: UNAVAILABLE: io exception
2019-06-13 10:59:22,948 INFO  impl.FollowerInfo (FollowerInfo.java:lambda$new$0(50)) - a8218a3e-2db5-411c-899a-928fff5e3f8a->67bf4de7-df61-40ae-b697-e5f0195c5019: nextIndex: updateUnconditionally 0 -> 0
2019-06-13 10:59:22,952 WARN  server.GrpcLogAppender (LogUtils.java:warn(134)) - a8218a3e-2db5-411c-899a-928fff5e3f8a: Failed appendEntries to 7093d8aa-2045-434c-a57b-b56d15c00146:192.168.46.8:33705: org.apache.ratis.thirdparty.io.grpc.StatusRuntimeException: UNAVAILABLE: io exception
2019-06-13 10:59:22,952 INFO  impl.FollowerInfo (FollowerInfo.java:lambda$new$0(50)) - a8218a3e-2db5-411c-899a-928fff5e3f8a->7093d8aa-2045-434c-a57b-b56d15c00146: nextIndex: updateUnconditionally 0 -> 0
2019-06-13 10:59:23,448 WARN  server.GrpcLogAppender (LogUtils.java:warn(134)) - a8218a3e-2db5-411c-899a-928fff5e3f8a: Failed appendEntries to 67bf4de7-df61-40ae-b697-e5f0195c5019:192.168.46.8:39137: org.apache.ratis.thirdparty.io.grpc.StatusRuntimeException: UNAVAILABLE: io exception
2019-06-13 10:59:23,448 INFO  impl.FollowerInfo (FollowerInfo.java:lambda$new$0(50)) - a8218a3e-2db5-411c-899a-928fff5e3f8a->67bf4de7-df61-40ae-b697-e5f0195c5019: nextIndex: updateUnconditionally 0 -> 0
2019-06-13 10:59:23,453 WARN  server.GrpcLogAppender (LogUtils.java:warn(134)) - a8218a3e-2db5-411c-899a-928fff5e3f8a: Failed appendEntries to 7093d8aa-2045-434c-a57b-b56d15c00146:192.168.46.8:33705: org.apache.ratis.thirdparty.io.grpc.StatusRuntimeException: UNAVAILABLE: io exception
2019-06-13 10:59:23,453 INFO  impl.FollowerInfo (FollowerInfo.java:lambda$new$0(50)) - a8218a3e-2db5-411c-899a-928fff5e3f8a->7093d8aa-2045-434c-a57b-b56d15c00146: nextIndex: updateUnconditionally 0 -> 0
2019-06-13 10:59:23,948 WARN  server.GrpcLogAppender (LogUtils.java:warn(134)) - a8218a3e-2db5-411c-899a-928fff5e3f8a: Failed appendEntries to 67bf4de7-df61-40ae-b697-e5f0195c5019:192.168.46.8:39137: org.apache.ratis.thirdparty.io.grpc.StatusRuntimeException: UNAVAILABLE: io exception
2019-06-13 10:59:23,949 INFO  impl.FollowerInfo (FollowerInfo.java:lambda$new$0(50)) - a8218a3e-2db5-411c-899a-928fff5e3f8a->67bf4de7-df61-40ae-b697-e5f0195c5019: nextIndex: updateUnconditionally 0 -> 0
2019-06-13 10:59:23,953 WARN  server.GrpcLogAppender (LogUtils.java:warn(134)) - a8218a3e-2db5-411c-899a-928fff5e3f8a: Failed appendEntries to 7093d8aa-2045-434c-a57b-b56d15c00146:192.168.46.8:33705: org.apache.ratis.thirdparty.io.grpc.StatusRuntimeException: UNAVAILABLE: io exception
2019-06-13 10:59:23,953 INFO  impl.FollowerInfo (FollowerInfo.java:lambda$new$0(50)) - a8218a3e-2db5-411c-899a-928fff5e3f8a->7093d8aa-2045-434c-a57b-b56d15c00146: nextIndex: updateUnconditionally 0 -> 0
2019-06-13 10:59:24,449 WARN  server.GrpcLogAppender (LogUtils.java:warn(134)) - a8218a3e-2db5-411c-899a-928fff5e3f8a: Failed appendEntries to 67bf4de7-df61-40ae-b697-e5f0195c5019:192.168.46.8:39137: org.apache.ratis.thirdparty.io.grpc.StatusRuntimeException: UNAVAILABLE: io exception
2019-06-13 10:59:24,449 INFO  impl.FollowerInfo (FollowerInfo.java:lambda$new$0(50)) - a8218a3e-2db5-411c-899a-928fff5e3f8a->67bf4de7-df61-40ae-b697-e5f0195c5019: nextIndex: updateUnconditionally 0 -> 0
2019-06-13 10:59:24,453 WARN  server.GrpcLogAppender (LogUtils.java:warn(134)) - a8218a3e-2db5-411c-899a-928fff5e3f8a: Failed appendEntries to 7093d8aa-2045-434c-a57b-b56d15c00146:192.168.46.8:33705: org.apache.ratis.thirdparty.io.grpc.StatusRuntimeException: UNAVAILABLE: io exception
2019-06-13 10:59:24,454 INFO  impl.FollowerInfo (FollowerInfo.java:lambda$new$0(50)) - a8218a3e-2db5-411c-899a-928fff5e3f8a->7093d8aa-2045-434c-a57b-b56d15c00146: nextIndex: updateUnconditionally 0 -> 0
2019-06-13 10:59:24,949 WARN  server.GrpcLogAppender (LogUtils.java:warn(134)) - a8218a3e-2db5-411c-899a-928fff5e3f8a: Failed appendEntries to 67bf4de7-df61-40ae-b697-e5f0195c5019:192.168.46.8:39137: org.apache.ratis.thirdparty.io.grpc.StatusRuntimeException: UNAVAILABLE: io exception
2019-06-13 10:59:24,950 INFO  impl.FollowerInfo (FollowerInfo.java:lambda$new$0(50)) - a8218a3e-2db5-411c-899a-928fff5e3f8a->67bf4de7-df61-40ae-b697-e5f0195c5019: nextIndex: updateUnconditionally 0 -> 0
2019-06-13 10:59:24,954 WARN  server.GrpcLogAppender (LogUtils.java:warn(134)) - a8218a3e-2db5-411c-899a-928fff5e3f8a: Failed appendEntries to 7093d8aa-2045-434c-a57b-b56d15c00146:192.168.46.8:33705: org.apache.ratis.thirdparty.io.grpc.StatusRuntimeException: UNAVAILABLE: io exception
2019-06-13 10:59:24,954 INFO  impl.FollowerInfo (FollowerInfo.java:lambda$new$0(50)) - a8218a3e-2db5-411c-899a-928fff5e3f8a->7093d8aa-2045-434c-a57b-b56d15c00146: nextIndex: updateUnconditionally 0 -> 0
2019-06-13 10:59:25,450 WARN  server.GrpcLogAppender (LogUtils.java:warn(134)) - a8218a3e-2db5-411c-899a-928fff5e3f8a: Failed appendEntries to 67bf4de7-df61-40ae-b697-e5f0195c5019:192.168.46.8:39137: org.apache.ratis.thirdparty.io.grpc.StatusRuntimeException: UNAVAILABLE: io exception
2019-06-13 10:59:25,451 INFO  impl.FollowerInfo (FollowerInfo.java:lambda$new$0(50)) - a8218a3e-2db5-411c-899a-928fff5e3f8a->67bf4de7-df61-40ae-b697-e5f0195c5019: nextIndex: updateUnconditionally 0 -> 0
2019-06-13 10:59:25,454 WARN  server.GrpcLogAppender (LogUtils.java:warn(134)) - a8218a3e-2db5-411c-899a-928fff5e3f8a: Failed appendEntries to 7093d8aa-2045-434c-a57b-b56d15c00146:192.168.46.8:33705: org.apache.ratis.thirdparty.io.grpc.StatusRuntimeException: UNAVAILABLE: io exception
2019-06-13 10:59:25,455 INFO  impl.FollowerInfo (FollowerInfo.java:lambda$new$0(50)) - a8218a3e-2db5-411c-899a-928fff5e3f8a->7093d8aa-2045-434c-a57b-b56d15c00146: nextIndex: updateUnconditionally 0 -> 0
2019-06-13 10:59:25,951 WARN  server.GrpcLogAppender (LogUtils.java:warn(134)) - a8218a3e-2db5-411c-899a-928fff5e3f8a: Failed appendEntries to 67bf4de7-df61-40ae-b697-e5f0195c5019:192.168.46.8:39137: org.apache.ratis.thirdparty.io.grpc.StatusRuntimeException: UNAVAILABLE: io exception
2019-06-13 10:59:25,951 INFO  impl.FollowerInfo (FollowerInfo.java:lambda$new$0(50)) - a8218a3e-2db5-411c-899a-928fff5e3f8a->67bf4de7-df61-40ae-b697-e5f0195c5019: nextIndex: updateUnconditionally 0 -> 0
2019-06-13 10:59:25,955 WARN  server.GrpcLogAppender (LogUtils.java:warn(134)) - a8218a3e-2db5-411c-899a-928fff5e3f8a: Failed appendEntries to 7093d8aa-2045-434c-a57b-b56d15c00146:192.168.46.8:33705: org.apache.ratis.thirdparty.io.grpc.StatusRuntimeException: UNAVAILABLE: io exception
2019-06-13 10:59:25,955 INFO  impl.FollowerInfo (FollowerInfo.java:lambda$new$0(50)) - a8218a3e-2db5-411c-899a-928fff5e3f8a->7093d8aa-2045-434c-a57b-b56d15c00146: nextIndex: updateUnconditionally 0 -> 0
2019-06-13 10:59:26,451 WARN  server.GrpcLogAppender (LogUtils.java:warn(134)) - a8218a3e-2db5-411c-899a-928fff5e3f8a: Failed appendEntries to 67bf4de7-df61-40ae-b697-e5f0195c5019:192.168.46.8:39137: org.apache.ratis.thirdparty.io.grpc.StatusRuntimeException: UNAVAILABLE: io exception
2019-06-13 10:59:26,452 INFO  impl.FollowerInfo (FollowerInfo.java:lambda$new$0(50)) - a8218a3e-2db5-411c-899a-928fff5e3f8a->67bf4de7-df61-40ae-b697-e5f0195c5019: nextIndex: updateUnconditionally 0 -> 0
2019-06-13 10:59:26,456 WARN  server.GrpcLogAppender (LogUtils.java:warn(134)) - a8218a3e-2db5-411c-899a-928fff5e3f8a: Failed appendEntries to 7093d8aa-2045-434c-a57b-b56d15c00146:192.168.46.8:33705: org.apache.ratis.thirdparty.io.grpc.StatusRuntimeException: UNAVAILABLE: io exception
2019-06-13 10:59:26,456 INFO  impl.FollowerInfo (FollowerInfo.java:lambda$new$0(50)) - a8218a3e-2db5-411c-899a-928fff5e3f8a->7093d8aa-2045-434c-a57b-b56d15c00146: nextIndex: updateUnconditionally 0 -> 0
2019-06-13 10:59:26,952 WARN  server.GrpcLogAppender (LogUtils.java:warn(134)) - a8218a3e-2db5-411c-899a-928fff5e3f8a: Failed appendEntries to 67bf4de7-df61-40ae-b697-e5f0195c5019:192.168.46.8:39137: org.apache.ratis.thirdparty.io.grpc.StatusRuntimeException: UNAVAILABLE: io exception
2019-06-13 10:59:26,952 INFO  impl.FollowerInfo (FollowerInfo.java:lambda$new$0(50)) - a8218a3e-2db5-411c-899a-928fff5e3f8a->67bf4de7-df61-40ae-b697-e5f0195c5019: nextIndex: updateUnconditionally 0 -> 0
2019-06-13 10:59:26,956 WARN  server.GrpcLogAppender (LogUtils.java:warn(134)) - a8218a3e-2db5-411c-899a-928fff5e3f8a: Failed appendEntries to 7093d8aa-2045-434c-a57b-b56d15c00146:192.168.46.8:33705: org.apache.ratis.thirdparty.io.grpc.StatusRuntimeException: UNAVAILABLE: io exception
2019-06-13 10:59:26,956 INFO  impl.FollowerInfo (FollowerInfo.java:lambda$new$0(50)) - a8218a3e-2db5-411c-899a-928fff5e3f8a->7093d8aa-2045-434c-a57b-b56d15c00146: nextIndex: updateUnconditionally 0 -> 0
2019-06-13 10:59:27,452 WARN  server.GrpcLogAppender (LogUtils.java:warn(134)) - a8218a3e-2db5-411c-899a-928fff5e3f8a: Failed appendEntries to 67bf4de7-df61-40ae-b697-e5f0195c5019:192.168.46.8:39137: org.apache.ratis.thirdparty.io.grpc.StatusRuntimeException: UNAVAILABLE: io exception
2019-06-13 10:59:27,453 INFO  impl.FollowerInfo (FollowerInfo.java:lambda$new$0(50)) - a8218a3e-2db5-411c-899a-928fff5e3f8a->67bf4de7-df61-40ae-b697-e5f0195c5019: nextIndex: updateUnconditionally 0 -> 0
2019-06-13 10:59:27,457 WARN  server.GrpcLogAppender (LogUtils.java:warn(134)) - a8218a3e-2db5-411c-899a-928fff5e3f8a: Failed appendEntries to 7093d8aa-2045-434c-a57b-b56d15c00146:192.168.46.8:33705: org.apache.ratis.thirdparty.io.grpc.StatusRuntimeException: UNAVAILABLE: io exception
2019-06-13 10:59:27,458 INFO  impl.FollowerInfo (FollowerInfo.java:lambda$new$0(50)) - a8218a3e-2db5-411c-899a-928fff5e3f8a->7093d8aa-2045-434c-a57b-b56d15c00146: nextIndex: updateUnconditionally 0 -> 0
2019-06-13 10:59:27,953 WARN  server.GrpcLogAppender (LogUtils.java:warn(134)) - a8218a3e-2db5-411c-899a-928fff5e3f8a: Failed appendEntries to 67bf4de7-df61-40ae-b697-e5f0195c5019:192.168.46.8:39137: org.apache.ratis.thirdparty.io.grpc.StatusRuntimeException: UNAVAILABLE: io exception
2019-06-13 10:59:27,954 INFO  impl.FollowerInfo (FollowerInfo.java:lambda$new$0(50)) - a8218a3e-2db5-411c-899a-928fff5e3f8a->67bf4de7-df61-40ae-b697-e5f0195c5019: nextIndex: updateUnconditionally 0 -> 0
2019-06-13 10:59:27,957 WARN  server.GrpcLogAppender (LogUtils.java:warn(134)) - a8218a3e-2db5-411c-899a-928fff5e3f8a: Failed appendEntries to 7093d8aa-2045-434c-a57b-b56d15c00146:192.168.46.8:33705: org.apache.ratis.thirdparty.io.grpc.StatusRuntimeException: UNAVAILABLE: io exception
2019-06-13 10:59:27,957 INFO  impl.FollowerInfo (FollowerInfo.java:lambda$new$0(50)) - a8218a3e-2db5-411c-899a-928fff5e3f8a->7093d8aa-2045-434c-a57b-b56d15c00146: nextIndex: updateUnconditionally 0 -> 0
2019-06-13 10:59:28,454 WARN  server.GrpcLogAppender (LogUtils.java:warn(134)) - a8218a3e-2db5-411c-899a-928fff5e3f8a: Failed appendEntries to 67bf4de7-df61-40ae-b697-e5f0195c5019:192.168.46.8:39137: org.apache.ratis.thirdparty.io.grpc.StatusRuntimeException: UNAVAILABLE: io exception
2019-06-13 10:59:28,454 INFO  impl.FollowerInfo (FollowerInfo.java:lambda$new$0(50)) - a8218a3e-2db5-411c-899a-928fff5e3f8a->67bf4de7-df61-40ae-b697-e5f0195c5019: nextIndex: updateUnconditionally 0 -> 0
2019-06-13 10:59:28,457 WARN  server.GrpcLogAppender (LogUtils.java:warn(134)) - a8218a3e-2db5-411c-899a-928fff5e3f8a: Failed appendEntries to 7093d8aa-2045-434c-a57b-b56d15c00146:192.168.46.8:33705: org.apache.ratis.thirdparty.io.grpc.StatusRuntimeException: UNAVAILABLE: io exception
2019-06-13 10:59:28,458 INFO  impl.FollowerInfo (FollowerInfo.java:lambda$new$0(50)) - a8218a3e-2db5-411c-899a-928fff5e3f8a->7093d8aa-2045-434c-a57b-b56d15c00146: nextIndex: updateUnconditionally 0 -> 0
2019-06-13 10:59:28,674 INFO  client.GrpcClientProtocolService (GrpcClientProtocolService.java:lambda$processClientRequest$0(264)) - Failed RaftClientRequest:client-5AE3D6D17757->a8218a3e-2db5-411c-899a-928fff5e3f8a@group-76E1EB442D9C, cid=67, seq=0, Watch-ALL_COMMITTED(2), Message:<EMPTY>, reply=RaftClientReply:client-5AE3D6D17757->a8218a3e-2db5-411c-899a-928fff5e3f8a@group-76E1EB442D9C, cid=67, FAILED org.apache.ratis.protocol.NotReplicatedException: Request with call Id 67 and log index 2 is not yet replicated to ALL_COMMITTED, logIndex=2, commits[a8218a3e-2db5-411c-899a-928fff5e3f8a:c2, 67bf4de7-df61-40ae-b697-e5f0195c5019:c1, 7093d8aa-2045-434c-a57b-b56d15c00146:c1]
2019-06-13 10:59:28,954 WARN  server.GrpcLogAppender (LogUtils.java:warn(134)) - a8218a3e-2db5-411c-899a-928fff5e3f8a: Failed appendEntries to 67bf4de7-df61-40ae-b697-e5f0195c5019:192.168.46.8:39137: org.apache.ratis.thirdparty.io.grpc.StatusRuntimeException: UNAVAILABLE: io exception
2019-06-13 10:59:28,955 INFO  impl.FollowerInfo (FollowerInfo.java:lambda$new$0(50)) - a8218a3e-2db5-411c-899a-928fff5e3f8a->67bf4de7-df61-40ae-b697-e5f0195c5019: nextIndex: updateUnconditionally 0 -> 0
2019-06-13 10:59:28,958 WARN  server.GrpcLogAppender (LogUtils.java:warn(134)) - a8218a3e-2db5-411c-899a-928fff5e3f8a: Failed appendEntries to 7093d8aa-2045-434c-a57b-b56d15c00146:192.168.46.8:33705: org.apache.ratis.thirdparty.io.grpc.StatusRuntimeException: UNAVAILABLE: io exception
2019-06-13 10:59:28,960 INFO  impl.FollowerInfo (FollowerInfo.java:lambda$new$0(50)) - a8218a3e-2db5-411c-899a-928fff5e3f8a->7093d8aa-2045-434c-a57b-b56d15c00146: nextIndex: updateUnconditionally 0 -> 0
2019-06-13 10:59:29,455 WARN  server.GrpcLogAppender (LogUtils.java:warn(134)) - a8218a3e-2db5-411c-899a-928fff5e3f8a: Failed appendEntries to 67bf4de7-df61-40ae-b697-e5f0195c5019:192.168.46.8:39137: org.apache.ratis.thirdparty.io.grpc.StatusRuntimeException: UNAVAILABLE: io exception
2019-06-13 10:59:29,455 INFO  impl.FollowerInfo (FollowerInfo.java:lambda$new$0(50)) - a8218a3e-2db5-411c-899a-928fff5e3f8a->67bf4de7-df61-40ae-b697-e5f0195c5019: nextIndex: updateUnconditionally 0 -> 0
2019-06-13 10:59:29,458 WARN  server.GrpcLogAppender (LogUtils.java:warn(134)) - a8218a3e-2db5-411c-899a-928fff5e3f8a: Failed appendEntries to 7093d8aa-2045-434c-a57b-b56d15c00146:192.168.46.8:33705: org.apache.ratis.thirdparty.io.grpc.StatusRuntimeException: UNAVAILABLE: io exception
2019-06-13 10:59:29,459 INFO  impl.FollowerInfo (FollowerInfo.java:lambda$new$0(50)) - a8218a3e-2db5-411c-899a-928fff5e3f8a->7093d8aa-2045-434c-a57b-b56d15c00146: nextIndex: updateUnconditionally 0 -> 0
2019-06-13 10:59:29,955 WARN  server.GrpcLogAppender (LogUtils.java:warn(134)) - a8218a3e-2db5-411c-899a-928fff5e3f8a: Failed appendEntries to 67bf4de7-df61-40ae-b697-e5f0195c5019:192.168.46.8:39137: org.apache.ratis.thirdparty.io.grpc.StatusRuntimeException: UNAVAILABLE: io exception
2019-06-13 10:59:29,955 INFO  impl.FollowerInfo (FollowerInfo.java:lambda$new$0(50)) - a8218a3e-2db5-411c-899a-928fff5e3f8a->67bf4de7-df61-40ae-b697-e5f0195c5019: nextIndex: updateUnconditionally 0 -> 0
2019-06-13 10:59:29,959 WARN  server.GrpcLogAppender (LogUtils.java:warn(134)) - a8218a3e-2db5-411c-899a-928fff5e3f8a: Failed appendEntries to 7093d8aa-2045-434c-a57b-b56d15c00146:192.168.46.8:33705: org.apache.ratis.thirdparty.io.grpc.StatusRuntimeException: UNAVAILABLE: io exception
2019-06-13 10:59:29,959 INFO  impl.FollowerInfo (FollowerInfo.java:lambda$new$0(50)) - a8218a3e-2db5-411c-899a-928fff5e3f8a->7093d8aa-2045-434c-a57b-b56d15c00146: nextIndex: updateUnconditionally 0 -> 0
2019-06-13 10:59:30,456 WARN  server.GrpcLogAppender (LogUtils.java:warn(134)) - a8218a3e-2db5-411c-899a-928fff5e3f8a: Failed appendEntries to 67bf4de7-df61-40ae-b697-e5f0195c5019:192.168.46.8:39137: org.apache.ratis.thirdparty.io.grpc.StatusRuntimeException: UNAVAILABLE: io exception
2019-06-13 10:59:30,456 INFO  impl.FollowerInfo (FollowerInfo.java:lambda$new$0(50)) - a8218a3e-2db5-411c-899a-928fff5e3f8a->67bf4de7-df61-40ae-b697-e5f0195c5019: nextIndex: updateUnconditionally 0 -> 0
2019-06-13 10:59:30,459 WARN  server.GrpcLogAppender (LogUtils.java:warn(134)) - a8218a3e-2db5-411c-899a-928fff5e3f8a: Failed appendEntries to 7093d8aa-2045-434c-a57b-b56d15c00146:192.168.46.8:33705: org.apache.ratis.thirdparty.io.grpc.StatusRuntimeException: UNAVAILABLE: io exception
2019-06-13 10:59:30,459 INFO  impl.FollowerInfo (FollowerInfo.java:lambda$new$0(50)) - a8218a3e-2db5-411c-899a-928fff5e3f8a->7093d8aa-2045-434c-a57b-b56d15c00146: nextIndex: updateUnconditionally 0 -> 0
2019-06-13 10:59:30,956 WARN  server.GrpcLogAppender (LogUtils.java:warn(134)) - a8218a3e-2db5-411c-899a-928fff5e3f8a: Failed appendEntries to 67bf4de7-df61-40ae-b697-e5f0195c5019:192.168.46.8:39137: org.apache.ratis.thirdparty.io.grpc.StatusRuntimeException: UNAVAILABLE: io exception
2019-06-13 10:59:30,957 INFO  impl.FollowerInfo (FollowerInfo.java:lambda$new$0(50)) - a8218a3e-2db5-411c-899a-928fff5e3f8a->67bf4de7-df61-40ae-b697-e5f0195c5019: nextIndex: updateUnconditionally 0 -> 0
2019-06-13 10:59:30,960 WARN  server.GrpcLogAppender (LogUtils.java:warn(134)) - a8218a3e-2db5-411c-899a-928fff5e3f8a: Failed appendEntries to 7093d8aa-2045-434c-a57b-b56d15c00146:192.168.46.8:33705: org.apache.ratis.thirdparty.io.grpc.StatusRuntimeException: UNAVAILABLE: io exception
2019-06-13 10:59:30,960 INFO  impl.FollowerInfo (FollowerInfo.java:lambda$new$0(50)) - a8218a3e-2db5-411c-899a-928fff5e3f8a->7093d8aa-2045-434c-a57b-b56d15c00146: nextIndex: updateUnconditionally 0 -> 0
2019-06-13 10:59:31,457 WARN  server.GrpcLogAppender (LogUtils.java:warn(134)) - a8218a3e-2db5-411c-899a-928fff5e3f8a: Failed appendEntries to 67bf4de7-df61-40ae-b697-e5f0195c5019:192.168.46.8:39137: org.apache.ratis.thirdparty.io.grpc.StatusRuntimeException: UNAVAILABLE: io exception
2019-06-13 10:59:31,457 INFO  impl.FollowerInfo (FollowerInfo.java:lambda$new$0(50)) - a8218a3e-2db5-411c-899a-928fff5e3f8a->67bf4de7-df61-40ae-b697-e5f0195c5019: nextIndex: updateUnconditionally 0 -> 0
2019-06-13 10:59:31,460 WARN  server.GrpcLogAppender (LogUtils.java:warn(134)) - a8218a3e-2db5-411c-899a-928fff5e3f8a: Failed appendEntries to 7093d8aa-2045-434c-a57b-b56d15c00146:192.168.46.8:33705: org.apache.ratis.thirdparty.io.grpc.StatusRuntimeException: UNAVAILABLE: io exception
2019-06-13 10:59:31,460 INFO  impl.FollowerInfo (FollowerInfo.java:lambda$new$0(50)) - a8218a3e-2db5-411c-899a-928fff5e3f8a->7093d8aa-2045-434c-a57b-b56d15c00146: nextIndex: updateUnconditionally 0 -> 0
2019-06-13 10:59:31,957 WARN  server.GrpcLogAppender (LogUtils.java:warn(134)) - a8218a3e-2db5-411c-899a-928fff5e3f8a: Failed appendEntries to 67bf4de7-df61-40ae-b697-e5f0195c5019:192.168.46.8:39137: org.apache.ratis.thirdparty.io.grpc.StatusRuntimeException: UNAVAILABLE: io exception
2019-06-13 10:59:31,958 INFO  impl.FollowerInfo (FollowerInfo.java:lambda$new$0(50)) - a8218a3e-2db5-411c-899a-928fff5e3f8a->67bf4de7-df61-40ae-b697-e5f0195c5019: nextIndex: updateUnconditionally 0 -> 0
2019-06-13 10:59:31,960 WARN  server.GrpcLogAppender (LogUtils.java:warn(134)) - a8218a3e-2db5-411c-899a-928fff5e3f8a: Failed appendEntries to 7093d8aa-2045-434c-a57b-b56d15c00146:192.168.46.8:33705: org.apache.ratis.thirdparty.io.grpc.StatusRuntimeException: UNAVAILABLE: io exception
2019-06-13 10:59:31,960 INFO  impl.FollowerInfo (FollowerInfo.java:lambda$new$0(50)) - a8218a3e-2db5-411c-899a-928fff5e3f8a->7093d8aa-2045-434c-a57b-b56d15c00146: nextIndex: updateUnconditionally 0 -> 0
2019-06-13 10:59:32,458 WARN  server.GrpcLogAppender (LogUtils.java:warn(134)) - a8218a3e-2db5-411c-899a-928fff5e3f8a: Failed appendEntries to 67bf4de7-df61-40ae-b697-e5f0195c5019:192.168.46.8:39137: org.apache.ratis.thirdparty.io.grpc.StatusRuntimeException: UNAVAILABLE: io exception
2019-06-13 10:59:32,458 INFO  impl.FollowerInfo (FollowerInfo.java:lambda$new$0(50)) - a8218a3e-2db5-411c-899a-928fff5e3f8a->67bf4de7-df61-40ae-b697-e5f0195c5019: nextIndex: updateUnconditionally 0 -> 0
2019-06-13 10:59:32,461 WARN  server.GrpcLogAppender (LogUtils.java:warn(134)) - a8218a3e-2db5-411c-899a-928fff5e3f8a: Failed appendEntries to 7093d8aa-2045-434c-a57b-b56d15c00146:192.168.46.8:33705: org.apache.ratis.thirdparty.io.grpc.StatusRuntimeException: UNAVAILABLE: io exception
2019-06-13 10:59:32,462 INFO  impl.FollowerInfo (FollowerInfo.java:lambda$new$0(50)) - a8218a3e-2db5-411c-899a-928fff5e3f8a->7093d8aa-2045-434c-a57b-b56d15c00146: nextIndex: updateUnconditionally 0 -> 0
2019-06-13 10:59:32,958 WARN  server.GrpcLogAppender (LogUtils.java:warn(134)) - a8218a3e-2db5-411c-899a-928fff5e3f8a: Failed appendEntries to 67bf4de7-df61-40ae-b697-e5f0195c5019:192.168.46.8:39137: org.apache.ratis.thirdparty.io.grpc.StatusRuntimeException: UNAVAILABLE: io exception
2019-06-13 10:59:32,959 INFO  impl.FollowerInfo (FollowerInfo.java:lambda$new$0(50)) - a8218a3e-2db5-411c-899a-928fff5e3f8a->67bf4de7-df61-40ae-b697-e5f0195c5019: nextIndex: updateUnconditionally 0 -> 0
2019-06-13 10:59:32,961 WARN  server.GrpcLogAppender (LogUtils.java:warn(134)) - a8218a3e-2db5-411c-899a-928fff5e3f8a: Failed appendEntries to 7093d8aa-2045-434c-a57b-b56d15c00146:192.168.46.8:33705: org.apache.ratis.thirdparty.io.grpc.StatusRuntimeException: UNAVAILABLE: io exception
2019-06-13 10:59:32,961 INFO  impl.FollowerInfo (FollowerInfo.java:lambda$new$0(50)) - a8218a3e-2db5-411c-899a-928fff5e3f8a->7093d8aa-2045-434c-a57b-b56d15c00146: nextIndex: updateUnconditionally 0 -> 0
2019-06-13 10:59:33,459 WARN  server.GrpcLogAppender (LogUtils.java:warn(134)) - a8218a3e-2db5-411c-899a-928fff5e3f8a: Failed appendEntries to 67bf4de7-df61-40ae-b697-e5f0195c5019:192.168.46.8:39137: org.apache.ratis.thirdparty.io.grpc.StatusRuntimeException: UNAVAILABLE: io exception
2019-06-13 10:59:33,459 INFO  impl.FollowerInfo (FollowerInfo.java:lambda$new$0(50)) - a8218a3e-2db5-411c-899a-928fff5e3f8a->67bf4de7-df61-40ae-b697-e5f0195c5019: nextIndex: updateUnconditionally 0 -> 0
2019-06-13 10:59:33,461 WARN  server.GrpcLogAppender (LogUtils.java:warn(134)) - a8218a3e-2db5-411c-899a-928fff5e3f8a: Failed appendEntries to 7093d8aa-2045-434c-a57b-b56d15c00146:192.168.46.8:33705: org.apache.ratis.thirdparty.io.grpc.StatusRuntimeException: UNAVAILABLE: io exception
2019-06-13 10:59:33,462 INFO  impl.FollowerInfo (FollowerInfo.java:lambda$new$0(50)) - a8218a3e-2db5-411c-899a-928fff5e3f8a->7093d8aa-2045-434c-a57b-b56d15c00146: nextIndex: updateUnconditionally 0 -> 0
2019-06-13 10:59:33,675 INFO  client.GrpcClientProtocolService (GrpcClientProtocolService.java:lambda$processClientRequest$0(264)) - Failed RaftClientRequest:client-5AE3D6D17757->a8218a3e-2db5-411c-899a-928fff5e3f8a@group-76E1EB442D9C, cid=67, seq=0, Watch-ALL_COMMITTED(2), Message:<EMPTY>, reply=RaftClientReply:client-5AE3D6D17757->a8218a3e-2db5-411c-899a-928fff5e3f8a@group-76E1EB442D9C, cid=67, FAILED org.apache.ratis.protocol.NotReplicatedException: Request with call Id 67 and log index 2 is not yet replicated to ALL_COMMITTED, logIndex=2, commits[a8218a3e-2db5-411c-899a-928fff5e3f8a:c2, 67bf4de7-df61-40ae-b697-e5f0195c5019:c1, 7093d8aa-2045-434c-a57b-b56d15c00146:c1]
2019-06-13 10:59:33,959 WARN  server.GrpcLogAppender (LogUtils.java:warn(134)) - a8218a3e-2db5-411c-899a-928fff5e3f8a: Failed appendEntries to 67bf4de7-df61-40ae-b697-e5f0195c5019:192.168.46.8:39137: org.apache.ratis.thirdparty.io.grpc.StatusRuntimeException: UNAVAILABLE: io exception
2019-06-13 10:59:33,960 INFO  impl.FollowerInfo (FollowerInfo.java:lambda$new$0(50)) - a8218a3e-2db5-411c-899a-928fff5e3f8a->67bf4de7-df61-40ae-b697-e5f0195c5019: nextIndex: updateUnconditionally 0 -> 0
2019-06-13 10:59:33,962 WARN  server.GrpcLogAppender (LogUtils.java:warn(134)) - a8218a3e-2db5-411c-899a-928fff5e3f8a: Failed appendEntries to 7093d8aa-2045-434c-a57b-b56d15c00146:192.168.46.8:33705: org.apache.ratis.thirdparty.io.grpc.StatusRuntimeException: UNAVAILABLE: io exception
2019-06-13 10:59:33,964 INFO  impl.FollowerInfo (FollowerInfo.java:lambda$new$0(50)) - a8218a3e-2db5-411c-899a-928fff5e3f8a->7093d8aa-2045-434c-a57b-b56d15c00146: nextIndex: updateUnconditionally 0 -> 0
2019-06-13 10:59:34,460 WARN  server.GrpcLogAppender (LogUtils.java:warn(134)) - a8218a3e-2db5-411c-899a-928fff5e3f8a: Failed appendEntries to 67bf4de7-df61-40ae-b697-e5f0195c5019:192.168.46.8:39137: org.apache.ratis.thirdparty.io.grpc.StatusRuntimeException: UNAVAILABLE: io exception
2019-06-13 10:59:34,460 INFO  impl.FollowerInfo (FollowerInfo.java:lambda$new$0(50)) - a8218a3e-2db5-411c-899a-928fff5e3f8a->67bf4de7-df61-40ae-b697-e5f0195c5019: nextIndex: updateUnconditionally 0 -> 0
2019-06-13 10:59:34,462 WARN  server.GrpcLogAppender (LogUtils.java:warn(134)) - a8218a3e-2db5-411c-899a-928fff5e3f8a: Failed appendEntries to 7093d8aa-2045-434c-a57b-b56d15c00146:192.168.46.8:33705: org.apache.ratis.thirdparty.io.grpc.StatusRuntimeException: UNAVAILABLE: io exception
2019-06-13 10:59:34,462 INFO  impl.FollowerInfo (FollowerInfo.java:lambda$new$0(50)) - a8218a3e-2db5-411c-899a-928fff5e3f8a->7093d8aa-2045-434c-a57b-b56d15c00146: nextIndex: updateUnconditionally 0 -> 0
2019-06-13 10:59:34,960 WARN  server.GrpcLogAppender (LogUtils.java:warn(134)) - a8218a3e-2db5-411c-899a-928fff5e3f8a: Failed appendEntries to 67bf4de7-df61-40ae-b697-e5f0195c5019:192.168.46.8:39137: org.apache.ratis.thirdparty.io.grpc.StatusRuntimeException: UNAVAILABLE: io exception
2019-06-13 10:59:34,960 INFO  impl.FollowerInfo (FollowerInfo.java:lambda$new$0(50)) - a8218a3e-2db5-411c-899a-928fff5e3f8a->67bf4de7-df61-40ae-b697-e5f0195c5019: nextIndex: updateUnconditionally 0 -> 0
2019-06-13 10:59:34,963 WARN  server.GrpcLogAppender (LogUtils.java:warn(134)) - a8218a3e-2db5-411c-899a-928fff5e3f8a: Failed appendEntries to 7093d8aa-2045-434c-a57b-b56d15c00146:192.168.46.8:33705: org.apache.ratis.thirdparty.io.grpc.StatusRuntimeException: UNAVAILABLE: io exception
2019-06-13 10:59:34,963 INFO  impl.FollowerInfo (FollowerInfo.java:lambda$new$0(50)) - a8218a3e-2db5-411c-899a-928fff5e3f8a->7093d8aa-2045-434c-a57b-b56d15c00146: nextIndex: updateUnconditionally 0 -> 0
2019-06-13 10:59:35,461 WARN  server.GrpcLogAppender (LogUtils.java:warn(134)) - a8218a3e-2db5-411c-899a-928fff5e3f8a: Failed appendEntries to 67bf4de7-df61-40ae-b697-e5f0195c5019:192.168.46.8:39137: org.apache.ratis.thirdparty.io.grpc.StatusRuntimeException: UNAVAILABLE: io exception
2019-06-13 10:59:35,461 INFO  impl.FollowerInfo (FollowerInfo.java:lambda$new$0(50)) - a8218a3e-2db5-411c-899a-928fff5e3f8a->67bf4de7-df61-40ae-b697-e5f0195c5019: nextIndex: updateUnconditionally 0 -> 0
2019-06-13 10:59:35,463 WARN  server.GrpcLogAppender (LogUtils.java:warn(134)) - a8218a3e-2db5-411c-899a-928fff5e3f8a: Failed appendEntries to 7093d8aa-2045-434c-a57b-b56d15c00146:192.168.46.8:33705: org.apache.ratis.thirdparty.io.grpc.StatusRuntimeException: UNAVAILABLE: io exception
2019-06-13 10:59:35,463 INFO  impl.FollowerInfo (FollowerInfo.java:lambda$new$0(50)) - a8218a3e-2db5-411c-899a-928fff5e3f8a->7093d8aa-2045-434c-a57b-b56d15c00146: nextIndex: updateUnconditionally 0 -> 0
2019-06-13 10:59:35,961 WARN  server.GrpcLogAppender (LogUtils.java:warn(134)) - a8218a3e-2db5-411c-899a-928fff5e3f8a: Failed appendEntries to 67bf4de7-df61-40ae-b697-e5f0195c5019:192.168.46.8:39137: org.apache.ratis.thirdparty.io.grpc.StatusRuntimeException: UNAVAILABLE: io exception
2019-06-13 10:59:35,961 INFO  impl.FollowerInfo (FollowerInfo.java:lambda$new$0(50)) - a8218a3e-2db5-411c-899a-928fff5e3f8a->67bf4de7-df61-40ae-b697-e5f0195c5019: nextIndex: updateUnconditionally 0 -> 0
2019-06-13 10:59:35,963 WARN  server.GrpcLogAppender (LogUtils.java:warn(134)) - a8218a3e-2db5-411c-899a-928fff5e3f8a: Failed appendEntries to 7093d8aa-2045-434c-a57b-b56d15c00146:192.168.46.8:33705: org.apache.ratis.thirdparty.io.grpc.StatusRuntimeException: UNAVAILABLE: io exception
2019-06-13 10:59:35,964 INFO  impl.FollowerInfo (FollowerInfo.java:lambda$new$0(50)) - a8218a3e-2db5-411c-899a-928fff5e3f8a->7093d8aa-2045-434c-a57b-b56d15c00146: nextIndex: updateUnconditionally 0 -> 0
2019-06-13 10:59:36,461 WARN  server.GrpcLogAppender (LogUtils.java:warn(134)) - a8218a3e-2db5-411c-899a-928fff5e3f8a: Failed appendEntries to 67bf4de7-df61-40ae-b697-e5f0195c5019:192.168.46.8:39137: org.apache.ratis.thirdparty.io.grpc.StatusRuntimeException: UNAVAILABLE: io exception
2019-06-13 10:59:36,462 INFO  impl.FollowerInfo (FollowerInfo.java:lambda$new$0(50)) - a8218a3e-2db5-411c-899a-928fff5e3f8a->67bf4de7-df61-40ae-b697-e5f0195c5019: nextIndex: updateUnconditionally 0 -> 0
2019-06-13 10:59:36,464 WARN  server.GrpcLogAppender (LogUtils.java:warn(134)) - a8218a3e-2db5-411c-899a-928fff5e3f8a: Failed appendEntries to 7093d8aa-2045-434c-a57b-b56d15c00146:192.168.46.8:33705: org.apache.ratis.thirdparty.io.grpc.StatusRuntimeException: UNAVAILABLE: io exception
2019-06-13 10:59:36,464 INFO  impl.FollowerInfo (FollowerInfo.java:lambda$new$0(50)) - a8218a3e-2db5-411c-899a-928fff5e3f8a->7093d8aa-2045-434c-a57b-b56d15c00146: nextIndex: updateUnconditionally 0 -> 0
2019-06-13 10:59:36,962 WARN  server.GrpcLogAppender (LogUtils.java:warn(134)) - a8218a3e-2db5-411c-899a-928fff5e3f8a: Failed appendEntries to 67bf4de7-df61-40ae-b697-e5f0195c5019:192.168.46.8:39137: org.apache.ratis.thirdparty.io.grpc.StatusRuntimeException: UNAVAILABLE: io exception
2019-06-13 10:59:36,962 INFO  impl.FollowerInfo (FollowerInfo.java:lambda$new$0(50)) - a8218a3e-2db5-411c-899a-928fff5e3f8a->67bf4de7-df61-40ae-b697-e5f0195c5019: nextIndex: updateUnconditionally 0 -> 0
2019-06-13 10:59:36,964 WARN  server.GrpcLogAppender (LogUtils.java:warn(134)) - a8218a3e-2db5-411c-899a-928fff5e3f8a: Failed appendEntries to 7093d8aa-2045-434c-a57b-b56d15c00146:192.168.46.8:33705: org.apache.ratis.thirdparty.io.grpc.StatusRuntimeException: UNAVAILABLE: io exception
2019-06-13 10:59:36,964 INFO  impl.FollowerInfo (FollowerInfo.java:lambda$new$0(50)) - a8218a3e-2db5-411c-899a-928fff5e3f8a->7093d8aa-2045-434c-a57b-b56d15c00146: nextIndex: updateUnconditionally 0 -> 0
2019-06-13 10:59:37,463 WARN  server.GrpcLogAppender (LogUtils.java:warn(134)) - a8218a3e-2db5-411c-899a-928fff5e3f8a: Failed appendEntries to 67bf4de7-df61-40ae-b697-e5f0195c5019:192.168.46.8:39137: org.apache.ratis.thirdparty.io.grpc.StatusRuntimeException: UNAVAILABLE: io exception
2019-06-13 10:59:37,463 INFO  impl.FollowerInfo (FollowerInfo.java:lambda$new$0(50)) - a8218a3e-2db5-411c-899a-928fff5e3f8a->67bf4de7-df61-40ae-b697-e5f0195c5019: nextIndex: updateUnconditionally 0 -> 0
2019-06-13 10:59:37,464 WARN  server.GrpcLogAppender (LogUtils.java:warn(134)) - a8218a3e-2db5-411c-899a-928fff5e3f8a: Failed appendEntries to 7093d8aa-2045-434c-a57b-b56d15c00146:192.168.46.8:33705: org.apache.ratis.thirdparty.io.grpc.StatusRuntimeException: UNAVAILABLE: io exception
2019-06-13 10:59:37,465 INFO  impl.FollowerInfo (FollowerInfo.java:lambda$new$0(50)) - a8218a3e-2db5-411c-899a-928fff5e3f8a->7093d8aa-2045-434c-a57b-b56d15c00146: nextIndex: updateUnconditionally 0 -> 0
2019-06-13 10:59:37,963 WARN  server.GrpcLogAppender (LogUtils.java:warn(134)) - a8218a3e-2db5-411c-899a-928fff5e3f8a: Failed appendEntries to 67bf4de7-df61-40ae-b697-e5f0195c5019:192.168.46.8:39137: org.apache.ratis.thirdparty.io.grpc.StatusRuntimeException: UNAVAILABLE: io exception
2019-06-13 10:59:37,963 INFO  impl.FollowerInfo (FollowerInfo.java:lambda$new$0(50)) - a8218a3e-2db5-411c-899a-928fff5e3f8a->67bf4de7-df61-40ae-b697-e5f0195c5019: nextIndex: updateUnconditionally 0 -> 0
2019-06-13 10:59:37,965 WARN  server.GrpcLogAppender (LogUtils.java:warn(134)) - a8218a3e-2db5-411c-899a-928fff5e3f8a: Failed appendEntries to 7093d8aa-2045-434c-a57b-b56d15c00146:192.168.46.8:33705: org.apache.ratis.thirdparty.io.grpc.StatusRuntimeException: UNAVAILABLE: io exception
2019-06-13 10:59:37,965 INFO  impl.FollowerInfo (FollowerInfo.java:lambda$new$0(50)) - a8218a3e-2db5-411c-899a-928fff5e3f8a->7093d8aa-2045-434c-a57b-b56d15c00146: nextIndex: updateUnconditionally 0 -> 0
2019-06-13 10:59:38,463 WARN  server.GrpcLogAppender (LogUtils.java:warn(134)) - a8218a3e-2db5-411c-899a-928fff5e3f8a: Failed appendEntries to 67bf4de7-df61-40ae-b697-e5f0195c5019:192.168.46.8:39137: org.apache.ratis.thirdparty.io.grpc.StatusRuntimeException: UNAVAILABLE: io exception
2019-06-13 10:59:38,464 INFO  impl.FollowerInfo (FollowerInfo.java:lambda$new$0(50)) - a8218a3e-2db5-411c-899a-928fff5e3f8a->67bf4de7-df61-40ae-b697-e5f0195c5019: nextIndex: updateUnconditionally 0 -> 0
2019-06-13 10:59:38,465 WARN  server.GrpcLogAppender (LogUtils.java:warn(134)) - a8218a3e-2db5-411c-899a-928fff5e3f8a: Failed appendEntries to 7093d8aa-2045-434c-a57b-b56d15c00146:192.168.46.8:33705: org.apache.ratis.thirdparty.io.grpc.StatusRuntimeException: UNAVAILABLE: io exception
2019-06-13 10:59:38,465 INFO  impl.FollowerInfo (FollowerInfo.java:lambda$new$0(50)) - a8218a3e-2db5-411c-899a-928fff5e3f8a->7093d8aa-2045-434c-a57b-b56d15c00146: nextIndex: updateUnconditionally 0 -> 0
2019-06-13 10:59:38,589 WARN  scm.XceiverClientRatis (XceiverClientRatis.java:watchForCommit(260)) - 3 way commit failed 
java.util.concurrent.TimeoutException
	at java.util.concurrent.CompletableFuture.timedGet(CompletableFuture.java:1771)
	at java.util.concurrent.CompletableFuture.get(CompletableFuture.java:1915)
	at org.apache.hadoop.hdds.scm.XceiverClientRatis.watchForCommit(XceiverClientRatis.java:257)
	at org.apache.hadoop.ozone.client.rpc.TestWatchForCommit.testWatchForCommitForRetryfailure(TestWatchForCommit.java:347)
	at sun.reflect.NativeMethodAccessorImpl.invoke0(Native Method)
	at sun.reflect.NativeMethodAccessorImpl.invoke(NativeMethodAccessorImpl.java:62)
	at sun.reflect.DelegatingMethodAccessorImpl.invoke(DelegatingMethodAccessorImpl.java:43)
	at java.lang.reflect.Method.invoke(Method.java:498)
	at org.junit.runners.model.FrameworkMethod$1.runReflectiveCall(FrameworkMethod.java:47)
	at org.junit.internal.runners.model.ReflectiveCallable.run(ReflectiveCallable.java:12)
	at org.junit.runners.model.FrameworkMethod.invokeExplosively(FrameworkMethod.java:44)
	at org.junit.internal.runners.statements.InvokeMethod.evaluate(InvokeMethod.java:17)
	at org.junit.runners.ParentRunner.runLeaf(ParentRunner.java:271)
	at org.junit.runners.BlockJUnit4ClassRunner.runChild(BlockJUnit4ClassRunner.java:70)
	at org.junit.runners.BlockJUnit4ClassRunner.runChild(BlockJUnit4ClassRunner.java:50)
	at org.junit.runners.ParentRunner$3.run(ParentRunner.java:238)
	at org.junit.runners.ParentRunner$1.schedule(ParentRunner.java:63)
	at org.junit.runners.ParentRunner.runChildren(ParentRunner.java:236)
	at org.junit.runners.ParentRunner.access$000(ParentRunner.java:53)
	at org.junit.runners.ParentRunner$2.evaluate(ParentRunner.java:229)
	at org.junit.runners.ParentRunner.run(ParentRunner.java:309)
	at org.apache.maven.surefire.junit4.JUnit4Provider.execute(JUnit4Provider.java:365)
	at org.apache.maven.surefire.junit4.JUnit4Provider.executeWithRerun(JUnit4Provider.java:273)
	at org.apache.maven.surefire.junit4.JUnit4Provider.executeTestSet(JUnit4Provider.java:238)
	at org.apache.maven.surefire.junit4.JUnit4Provider.invoke(JUnit4Provider.java:159)
	at org.apache.maven.surefire.booter.ForkedBooter.invokeProviderInSameClassLoader(ForkedBooter.java:384)
	at org.apache.maven.surefire.booter.ForkedBooter.runSuitesInProcess(ForkedBooter.java:345)
	at org.apache.maven.surefire.booter.ForkedBooter.execute(ForkedBooter.java:126)
	at org.apache.maven.surefire.booter.ForkedBooter.main(ForkedBooter.java:418)
2019-06-13 10:59:38,964 WARN  server.GrpcLogAppender (LogUtils.java:warn(134)) - a8218a3e-2db5-411c-899a-928fff5e3f8a: Failed appendEntries to 67bf4de7-df61-40ae-b697-e5f0195c5019:192.168.46.8:39137: org.apache.ratis.thirdparty.io.grpc.StatusRuntimeException: UNAVAILABLE: io exception
2019-06-13 10:59:38,964 INFO  impl.FollowerInfo (FollowerInfo.java:lambda$new$0(50)) - a8218a3e-2db5-411c-899a-928fff5e3f8a->67bf4de7-df61-40ae-b697-e5f0195c5019: nextIndex: updateUnconditionally 0 -> 0
2019-06-13 10:59:38,965 WARN  server.GrpcLogAppender (LogUtils.java:warn(134)) - a8218a3e-2db5-411c-899a-928fff5e3f8a: Failed appendEntries to 7093d8aa-2045-434c-a57b-b56d15c00146:192.168.46.8:33705: org.apache.ratis.thirdparty.io.grpc.StatusRuntimeException: UNAVAILABLE: io exception
2019-06-13 10:59:38,966 INFO  impl.FollowerInfo (FollowerInfo.java:lambda$new$0(50)) - a8218a3e-2db5-411c-899a-928fff5e3f8a->7093d8aa-2045-434c-a57b-b56d15c00146: nextIndex: updateUnconditionally 0 -> 0
2019-06-13 10:59:39,464 WARN  server.GrpcLogAppender (LogUtils.java:warn(134)) - a8218a3e-2db5-411c-899a-928fff5e3f8a: Failed appendEntries to 67bf4de7-df61-40ae-b697-e5f0195c5019:192.168.46.8:39137: org.apache.ratis.thirdparty.io.grpc.StatusRuntimeException: UNAVAILABLE: io exception
2019-06-13 10:59:39,465 INFO  impl.FollowerInfo (FollowerInfo.java:lambda$new$0(50)) - a8218a3e-2db5-411c-899a-928fff5e3f8a->67bf4de7-df61-40ae-b697-e5f0195c5019: nextIndex: updateUnconditionally 0 -> 0
2019-06-13 10:59:39,466 WARN  server.GrpcLogAppender (LogUtils.java:warn(134)) - a8218a3e-2db5-411c-899a-928fff5e3f8a: Failed appendEntries to 7093d8aa-2045-434c-a57b-b56d15c00146:192.168.46.8:33705: org.apache.ratis.thirdparty.io.grpc.StatusRuntimeException: UNAVAILABLE: io exception
2019-06-13 10:59:39,466 INFO  impl.FollowerInfo (FollowerInfo.java:lambda$new$0(50)) - a8218a3e-2db5-411c-899a-928fff5e3f8a->7093d8aa-2045-434c-a57b-b56d15c00146: nextIndex: updateUnconditionally 0 -> 0
2019-06-13 10:59:39,965 WARN  server.GrpcLogAppender (LogUtils.java:warn(134)) - a8218a3e-2db5-411c-899a-928fff5e3f8a: Failed appendEntries to 67bf4de7-df61-40ae-b697-e5f0195c5019:192.168.46.8:39137: org.apache.ratis.thirdparty.io.grpc.StatusRuntimeException: UNAVAILABLE: io exception
2019-06-13 10:59:39,965 INFO  impl.FollowerInfo (FollowerInfo.java:lambda$new$0(50)) - a8218a3e-2db5-411c-899a-928fff5e3f8a->67bf4de7-df61-40ae-b697-e5f0195c5019: nextIndex: updateUnconditionally 0 -> 0
2019-06-13 10:59:39,966 WARN  server.GrpcLogAppender (LogUtils.java:warn(134)) - a8218a3e-2db5-411c-899a-928fff5e3f8a: Failed appendEntries to 7093d8aa-2045-434c-a57b-b56d15c00146:192.168.46.8:33705: org.apache.ratis.thirdparty.io.grpc.StatusRuntimeException: UNAVAILABLE: io exception
2019-06-13 10:59:39,966 INFO  impl.FollowerInfo (FollowerInfo.java:lambda$new$0(50)) - a8218a3e-2db5-411c-899a-928fff5e3f8a->7093d8aa-2045-434c-a57b-b56d15c00146: nextIndex: updateUnconditionally 0 -> 0
2019-06-13 10:59:40,465 WARN  server.GrpcLogAppender (LogUtils.java:warn(134)) - a8218a3e-2db5-411c-899a-928fff5e3f8a: Failed appendEntries to 67bf4de7-df61-40ae-b697-e5f0195c5019:192.168.46.8:39137: org.apache.ratis.thirdparty.io.grpc.StatusRuntimeException: UNAVAILABLE: io exception
2019-06-13 10:59:40,465 INFO  impl.FollowerInfo (FollowerInfo.java:lambda$new$0(50)) - a8218a3e-2db5-411c-899a-928fff5e3f8a->67bf4de7-df61-40ae-b697-e5f0195c5019: nextIndex: updateUnconditionally 0 -> 0
2019-06-13 10:59:40,467 WARN  server.GrpcLogAppender (LogUtils.java:warn(134)) - a8218a3e-2db5-411c-899a-928fff5e3f8a: Failed appendEntries to 7093d8aa-2045-434c-a57b-b56d15c00146:192.168.46.8:33705: org.apache.ratis.thirdparty.io.grpc.StatusRuntimeException: UNAVAILABLE: io exception
2019-06-13 10:59:40,467 INFO  impl.FollowerInfo (FollowerInfo.java:lambda$new$0(50)) - a8218a3e-2db5-411c-899a-928fff5e3f8a->7093d8aa-2045-434c-a57b-b56d15c00146: nextIndex: updateUnconditionally 0 -> 0
2019-06-13 10:59:40,966 WARN  server.GrpcLogAppender (LogUtils.java:warn(134)) - a8218a3e-2db5-411c-899a-928fff5e3f8a: Failed appendEntries to 67bf4de7-df61-40ae-b697-e5f0195c5019:192.168.46.8:39137: org.apache.ratis.thirdparty.io.grpc.StatusRuntimeException: UNAVAILABLE: io exception
2019-06-13 10:59:40,966 INFO  impl.FollowerInfo (FollowerInfo.java:lambda$new$0(50)) - a8218a3e-2db5-411c-899a-928fff5e3f8a->67bf4de7-df61-40ae-b697-e5f0195c5019: nextIndex: updateUnconditionally 0 -> 0
2019-06-13 10:59:40,967 WARN  server.GrpcLogAppender (LogUtils.java:warn(134)) - a8218a3e-2db5-411c-899a-928fff5e3f8a: Failed appendEntries to 7093d8aa-2045-434c-a57b-b56d15c00146:192.168.46.8:33705: org.apache.ratis.thirdparty.io.grpc.StatusRuntimeException: UNAVAILABLE: io exception
2019-06-13 10:59:40,968 INFO  impl.FollowerInfo (FollowerInfo.java:lambda$new$0(50)) - a8218a3e-2db5-411c-899a-928fff5e3f8a->7093d8aa-2045-434c-a57b-b56d15c00146: nextIndex: updateUnconditionally 0 -> 0
2019-06-13 10:59:41,466 WARN  server.GrpcLogAppender (LogUtils.java:warn(134)) - a8218a3e-2db5-411c-899a-928fff5e3f8a: Failed appendEntries to 67bf4de7-df61-40ae-b697-e5f0195c5019:192.168.46.8:39137: org.apache.ratis.thirdparty.io.grpc.StatusRuntimeException: UNAVAILABLE: io exception
2019-06-13 10:59:41,467 INFO  impl.FollowerInfo (FollowerInfo.java:lambda$new$0(50)) - a8218a3e-2db5-411c-899a-928fff5e3f8a->67bf4de7-df61-40ae-b697-e5f0195c5019: nextIndex: updateUnconditionally 0 -> 0
2019-06-13 10:59:41,468 WARN  server.GrpcLogAppender (LogUtils.java:warn(134)) - a8218a3e-2db5-411c-899a-928fff5e3f8a: Failed appendEntries to 7093d8aa-2045-434c-a57b-b56d15c00146:192.168.46.8:33705: org.apache.ratis.thirdparty.io.grpc.StatusRuntimeException: UNAVAILABLE: io exception
2019-06-13 10:59:41,468 INFO  impl.FollowerInfo (FollowerInfo.java:lambda$new$0(50)) - a8218a3e-2db5-411c-899a-928fff5e3f8a->7093d8aa-2045-434c-a57b-b56d15c00146: nextIndex: updateUnconditionally 0 -> 0
2019-06-13 10:59:41,674 INFO  client.GrpcClientProtocolService (GrpcClientProtocolService.java:lambda$processClientRequest$0(264)) - Failed RaftClientRequest:client-5AE3D6D17757->a8218a3e-2db5-411c-899a-928fff5e3f8a@group-76E1EB442D9C, cid=67, seq=0, Watch-ALL_COMMITTED(2), Message:<EMPTY>, reply=RaftClientReply:client-5AE3D6D17757->a8218a3e-2db5-411c-899a-928fff5e3f8a@group-76E1EB442D9C, cid=67, FAILED org.apache.ratis.protocol.NotReplicatedException: Request with call Id 67 and log index 2 is not yet replicated to ALL_COMMITTED, logIndex=2, commits[a8218a3e-2db5-411c-899a-928fff5e3f8a:c2, 67bf4de7-df61-40ae-b697-e5f0195c5019:c1, 7093d8aa-2045-434c-a57b-b56d15c00146:c1]
2019-06-13 10:59:41,966 WARN  server.GrpcLogAppender (LogUtils.java:warn(134)) - a8218a3e-2db5-411c-899a-928fff5e3f8a: Failed appendEntries to 67bf4de7-df61-40ae-b697-e5f0195c5019:192.168.46.8:39137: org.apache.ratis.thirdparty.io.grpc.StatusRuntimeException: UNAVAILABLE: io exception
2019-06-13 10:59:41,967 INFO  impl.FollowerInfo (FollowerInfo.java:lambda$new$0(50)) - a8218a3e-2db5-411c-899a-928fff5e3f8a->67bf4de7-df61-40ae-b697-e5f0195c5019: nextIndex: updateUnconditionally 0 -> 0
2019-06-13 10:59:41,968 WARN  server.GrpcLogAppender (LogUtils.java:warn(134)) - a8218a3e-2db5-411c-899a-928fff5e3f8a: Failed appendEntries to 7093d8aa-2045-434c-a57b-b56d15c00146:192.168.46.8:33705: org.apache.ratis.thirdparty.io.grpc.StatusRuntimeException: UNAVAILABLE: io exception
2019-06-13 10:59:41,970 INFO  impl.FollowerInfo (FollowerInfo.java:lambda$new$0(50)) - a8218a3e-2db5-411c-899a-928fff5e3f8a->7093d8aa-2045-434c-a57b-b56d15c00146: nextIndex: updateUnconditionally 0 -> 0
2019-06-13 10:59:42,467 WARN  server.GrpcLogAppender (LogUtils.java:warn(134)) - a8218a3e-2db5-411c-899a-928fff5e3f8a: Failed appendEntries to 67bf4de7-df61-40ae-b697-e5f0195c5019:192.168.46.8:39137: org.apache.ratis.thirdparty.io.grpc.StatusRuntimeException: UNAVAILABLE: io exception
2019-06-13 10:59:42,468 INFO  impl.FollowerInfo (FollowerInfo.java:lambda$new$0(50)) - a8218a3e-2db5-411c-899a-928fff5e3f8a->67bf4de7-df61-40ae-b697-e5f0195c5019: nextIndex: updateUnconditionally 0 -> 0
2019-06-13 10:59:42,469 WARN  server.GrpcLogAppender (LogUtils.java:warn(134)) - a8218a3e-2db5-411c-899a-928fff5e3f8a: Failed appendEntries to 7093d8aa-2045-434c-a57b-b56d15c00146:192.168.46.8:33705: org.apache.ratis.thirdparty.io.grpc.StatusRuntimeException: UNAVAILABLE: io exception
2019-06-13 10:59:42,469 INFO  impl.FollowerInfo (FollowerInfo.java:lambda$new$0(50)) - a8218a3e-2db5-411c-899a-928fff5e3f8a->7093d8aa-2045-434c-a57b-b56d15c00146: nextIndex: updateUnconditionally 0 -> 0
2019-06-13 10:59:42,967 WARN  server.GrpcLogAppender (LogUtils.java:warn(134)) - a8218a3e-2db5-411c-899a-928fff5e3f8a: Failed appendEntries to 67bf4de7-df61-40ae-b697-e5f0195c5019:192.168.46.8:39137: org.apache.ratis.thirdparty.io.grpc.StatusRuntimeException: UNAVAILABLE: io exception
2019-06-13 10:59:42,968 INFO  impl.FollowerInfo (FollowerInfo.java:lambda$new$0(50)) - a8218a3e-2db5-411c-899a-928fff5e3f8a->67bf4de7-df61-40ae-b697-e5f0195c5019: nextIndex: updateUnconditionally 0 -> 0
2019-06-13 10:59:42,969 WARN  server.GrpcLogAppender (LogUtils.java:warn(134)) - a8218a3e-2db5-411c-899a-928fff5e3f8a: Failed appendEntries to 7093d8aa-2045-434c-a57b-b56d15c00146:192.168.46.8:33705: org.apache.ratis.thirdparty.io.grpc.StatusRuntimeException: UNAVAILABLE: io exception
2019-06-13 10:59:42,970 INFO  impl.FollowerInfo (FollowerInfo.java:lambda$new$0(50)) - a8218a3e-2db5-411c-899a-928fff5e3f8a->7093d8aa-2045-434c-a57b-b56d15c00146: nextIndex: updateUnconditionally 0 -> 0
2019-06-13 10:59:43,468 WARN  server.GrpcLogAppender (LogUtils.java:warn(134)) - a8218a3e-2db5-411c-899a-928fff5e3f8a: Failed appendEntries to 67bf4de7-df61-40ae-b697-e5f0195c5019:192.168.46.8:39137: org.apache.ratis.thirdparty.io.grpc.StatusRuntimeException: UNAVAILABLE: io exception
2019-06-13 10:59:43,468 INFO  impl.FollowerInfo (FollowerInfo.java:lambda$new$0(50)) - a8218a3e-2db5-411c-899a-928fff5e3f8a->67bf4de7-df61-40ae-b697-e5f0195c5019: nextIndex: updateUnconditionally 0 -> 0
2019-06-13 10:59:43,470 WARN  server.GrpcLogAppender (LogUtils.java:warn(134)) - a8218a3e-2db5-411c-899a-928fff5e3f8a: Failed appendEntries to 7093d8aa-2045-434c-a57b-b56d15c00146:192.168.46.8:33705: org.apache.ratis.thirdparty.io.grpc.StatusRuntimeException: UNAVAILABLE: io exception
2019-06-13 10:59:43,470 INFO  impl.FollowerInfo (FollowerInfo.java:lambda$new$0(50)) - a8218a3e-2db5-411c-899a-928fff5e3f8a->7093d8aa-2045-434c-a57b-b56d15c00146: nextIndex: updateUnconditionally 0 -> 0
2019-06-13 10:59:43,968 WARN  server.GrpcLogAppender (LogUtils.java:warn(134)) - a8218a3e-2db5-411c-899a-928fff5e3f8a: Failed appendEntries to 67bf4de7-df61-40ae-b697-e5f0195c5019:192.168.46.8:39137: org.apache.ratis.thirdparty.io.grpc.StatusRuntimeException: UNAVAILABLE: io exception
2019-06-13 10:59:43,969 INFO  impl.FollowerInfo (FollowerInfo.java:lambda$new$0(50)) - a8218a3e-2db5-411c-899a-928fff5e3f8a->67bf4de7-df61-40ae-b697-e5f0195c5019: nextIndex: updateUnconditionally 0 -> 0
2019-06-13 10:59:43,970 WARN  server.GrpcLogAppender (LogUtils.java:warn(134)) - a8218a3e-2db5-411c-899a-928fff5e3f8a: Failed appendEntries to 7093d8aa-2045-434c-a57b-b56d15c00146:192.168.46.8:33705: org.apache.ratis.thirdparty.io.grpc.StatusRuntimeException: UNAVAILABLE: io exception
2019-06-13 10:59:43,971 INFO  impl.FollowerInfo (FollowerInfo.java:lambda$new$0(50)) - a8218a3e-2db5-411c-899a-928fff5e3f8a->7093d8aa-2045-434c-a57b-b56d15c00146: nextIndex: updateUnconditionally 0 -> 0
2019-06-13 10:59:44,469 WARN  server.GrpcLogAppender (LogUtils.java:warn(134)) - a8218a3e-2db5-411c-899a-928fff5e3f8a: Failed appendEntries to 67bf4de7-df61-40ae-b697-e5f0195c5019:192.168.46.8:39137: org.apache.ratis.thirdparty.io.grpc.StatusRuntimeException: UNAVAILABLE: io exception
2019-06-13 10:59:44,469 INFO  impl.FollowerInfo (FollowerInfo.java:lambda$new$0(50)) - a8218a3e-2db5-411c-899a-928fff5e3f8a->67bf4de7-df61-40ae-b697-e5f0195c5019: nextIndex: updateUnconditionally 0 -> 0
2019-06-13 10:59:44,470 WARN  server.GrpcLogAppender (LogUtils.java:warn(134)) - a8218a3e-2db5-411c-899a-928fff5e3f8a: Failed appendEntries to 7093d8aa-2045-434c-a57b-b56d15c00146:192.168.46.8:33705: org.apache.ratis.thirdparty.io.grpc.StatusRuntimeException: UNAVAILABLE: io exception
2019-06-13 10:59:44,471 INFO  impl.FollowerInfo (FollowerInfo.java:lambda$new$0(50)) - a8218a3e-2db5-411c-899a-928fff5e3f8a->7093d8aa-2045-434c-a57b-b56d15c00146: nextIndex: updateUnconditionally 0 -> 0
2019-06-13 10:59:44,970 WARN  server.GrpcLogAppender (LogUtils.java:warn(134)) - a8218a3e-2db5-411c-899a-928fff5e3f8a: Failed appendEntries to 67bf4de7-df61-40ae-b697-e5f0195c5019:192.168.46.8:39137: org.apache.ratis.thirdparty.io.grpc.StatusRuntimeException: UNAVAILABLE: io exception
2019-06-13 10:59:44,970 INFO  impl.FollowerInfo (FollowerInfo.java:lambda$new$0(50)) - a8218a3e-2db5-411c-899a-928fff5e3f8a->67bf4de7-df61-40ae-b697-e5f0195c5019: nextIndex: updateUnconditionally 0 -> 0
2019-06-13 10:59:44,971 WARN  server.GrpcLogAppender (LogUtils.java:warn(134)) - a8218a3e-2db5-411c-899a-928fff5e3f8a: Failed appendEntries to 7093d8aa-2045-434c-a57b-b56d15c00146:192.168.46.8:33705: org.apache.ratis.thirdparty.io.grpc.StatusRuntimeException: UNAVAILABLE: io exception
2019-06-13 10:59:44,971 INFO  impl.FollowerInfo (FollowerInfo.java:lambda$new$0(50)) - a8218a3e-2db5-411c-899a-928fff5e3f8a->7093d8aa-2045-434c-a57b-b56d15c00146: nextIndex: updateUnconditionally 0 -> 0
2019-06-13 10:59:45,470 WARN  server.GrpcLogAppender (LogUtils.java:warn(134)) - a8218a3e-2db5-411c-899a-928fff5e3f8a: Failed appendEntries to 67bf4de7-df61-40ae-b697-e5f0195c5019:192.168.46.8:39137: org.apache.ratis.thirdparty.io.grpc.StatusRuntimeException: UNAVAILABLE: io exception
2019-06-13 10:59:45,470 INFO  impl.FollowerInfo (FollowerInfo.java:lambda$new$0(50)) - a8218a3e-2db5-411c-899a-928fff5e3f8a->67bf4de7-df61-40ae-b697-e5f0195c5019: nextIndex: updateUnconditionally 0 -> 0
2019-06-13 10:59:45,471 WARN  server.GrpcLogAppender (LogUtils.java:warn(134)) - a8218a3e-2db5-411c-899a-928fff5e3f8a: Failed appendEntries to 7093d8aa-2045-434c-a57b-b56d15c00146:192.168.46.8:33705: org.apache.ratis.thirdparty.io.grpc.StatusRuntimeException: UNAVAILABLE: io exception
2019-06-13 10:59:45,471 INFO  impl.FollowerInfo (FollowerInfo.java:lambda$new$0(50)) - a8218a3e-2db5-411c-899a-928fff5e3f8a->7093d8aa-2045-434c-a57b-b56d15c00146: nextIndex: updateUnconditionally 0 -> 0
2019-06-13 10:59:45,970 WARN  server.GrpcLogAppender (LogUtils.java:warn(134)) - a8218a3e-2db5-411c-899a-928fff5e3f8a: Failed appendEntries to 67bf4de7-df61-40ae-b697-e5f0195c5019:192.168.46.8:39137: org.apache.ratis.thirdparty.io.grpc.StatusRuntimeException: UNAVAILABLE: io exception
2019-06-13 10:59:45,971 INFO  impl.FollowerInfo (FollowerInfo.java:lambda$new$0(50)) - a8218a3e-2db5-411c-899a-928fff5e3f8a->67bf4de7-df61-40ae-b697-e5f0195c5019: nextIndex: updateUnconditionally 0 -> 0
2019-06-13 10:59:45,972 WARN  server.GrpcLogAppender (LogUtils.java:warn(134)) - a8218a3e-2db5-411c-899a-928fff5e3f8a: Failed appendEntries to 7093d8aa-2045-434c-a57b-b56d15c00146:192.168.46.8:33705: org.apache.ratis.thirdparty.io.grpc.StatusRuntimeException: UNAVAILABLE: io exception
2019-06-13 10:59:45,972 INFO  impl.FollowerInfo (FollowerInfo.java:lambda$new$0(50)) - a8218a3e-2db5-411c-899a-928fff5e3f8a->7093d8aa-2045-434c-a57b-b56d15c00146: nextIndex: updateUnconditionally 0 -> 0
2019-06-13 10:59:46,471 WARN  server.GrpcLogAppender (LogUtils.java:warn(134)) - a8218a3e-2db5-411c-899a-928fff5e3f8a: Failed appendEntries to 67bf4de7-df61-40ae-b697-e5f0195c5019:192.168.46.8:39137: org.apache.ratis.thirdparty.io.grpc.StatusRuntimeException: UNAVAILABLE: io exception
2019-06-13 10:59:46,471 INFO  impl.FollowerInfo (FollowerInfo.java:lambda$new$0(50)) - a8218a3e-2db5-411c-899a-928fff5e3f8a->67bf4de7-df61-40ae-b697-e5f0195c5019: nextIndex: updateUnconditionally 0 -> 0
2019-06-13 10:59:46,472 WARN  server.GrpcLogAppender (LogUtils.java:warn(134)) - a8218a3e-2db5-411c-899a-928fff5e3f8a: Failed appendEntries to 7093d8aa-2045-434c-a57b-b56d15c00146:192.168.46.8:33705: org.apache.ratis.thirdparty.io.grpc.StatusRuntimeException: UNAVAILABLE: io exception
2019-06-13 10:59:46,472 INFO  impl.FollowerInfo (FollowerInfo.java:lambda$new$0(50)) - a8218a3e-2db5-411c-899a-928fff5e3f8a->7093d8aa-2045-434c-a57b-b56d15c00146: nextIndex: updateUnconditionally 0 -> 0
2019-06-13 10:59:46,971 WARN  server.GrpcLogAppender (LogUtils.java:warn(134)) - a8218a3e-2db5-411c-899a-928fff5e3f8a: Failed appendEntries to 67bf4de7-df61-40ae-b697-e5f0195c5019:192.168.46.8:39137: org.apache.ratis.thirdparty.io.grpc.StatusRuntimeException: UNAVAILABLE: io exception
2019-06-13 10:59:46,972 INFO  impl.FollowerInfo (FollowerInfo.java:lambda$new$0(50)) - a8218a3e-2db5-411c-899a-928fff5e3f8a->67bf4de7-df61-40ae-b697-e5f0195c5019: nextIndex: updateUnconditionally 0 -> 0
2019-06-13 10:59:46,972 WARN  server.GrpcLogAppender (LogUtils.java:warn(134)) - a8218a3e-2db5-411c-899a-928fff5e3f8a: Failed appendEntries to 7093d8aa-2045-434c-a57b-b56d15c00146:192.168.46.8:33705: org.apache.ratis.thirdparty.io.grpc.StatusRuntimeException: UNAVAILABLE: io exception
2019-06-13 10:59:46,973 INFO  impl.FollowerInfo (FollowerInfo.java:lambda$new$0(50)) - a8218a3e-2db5-411c-899a-928fff5e3f8a->7093d8aa-2045-434c-a57b-b56d15c00146: nextIndex: updateUnconditionally 0 -> 0
2019-06-13 10:59:47,471 WARN  server.GrpcLogAppender (LogUtils.java:warn(134)) - a8218a3e-2db5-411c-899a-928fff5e3f8a: Failed appendEntries to 67bf4de7-df61-40ae-b697-e5f0195c5019:192.168.46.8:39137: org.apache.ratis.thirdparty.io.grpc.StatusRuntimeException: UNAVAILABLE: io exception
2019-06-13 10:59:47,472 INFO  impl.FollowerInfo (FollowerInfo.java:lambda$new$0(50)) - a8218a3e-2db5-411c-899a-928fff5e3f8a->67bf4de7-df61-40ae-b697-e5f0195c5019: nextIndex: updateUnconditionally 0 -> 0
2019-06-13 10:59:47,473 WARN  server.GrpcLogAppender (LogUtils.java:warn(134)) - a8218a3e-2db5-411c-899a-928fff5e3f8a: Failed appendEntries to 7093d8aa-2045-434c-a57b-b56d15c00146:192.168.46.8:33705: org.apache.ratis.thirdparty.io.grpc.StatusRuntimeException: UNAVAILABLE: io exception
2019-06-13 10:59:47,473 INFO  impl.FollowerInfo (FollowerInfo.java:lambda$new$0(50)) - a8218a3e-2db5-411c-899a-928fff5e3f8a->7093d8aa-2045-434c-a57b-b56d15c00146: nextIndex: updateUnconditionally 0 -> 0
2019-06-13 10:59:47,674 INFO  client.GrpcClientProtocolService (GrpcClientProtocolService.java:lambda$processClientRequest$0(264)) - Failed RaftClientRequest:client-5AE3D6D17757->a8218a3e-2db5-411c-899a-928fff5e3f8a@group-76E1EB442D9C, cid=67, seq=0, Watch-ALL_COMMITTED(2), Message:<EMPTY>, reply=RaftClientReply:client-5AE3D6D17757->a8218a3e-2db5-411c-899a-928fff5e3f8a@group-76E1EB442D9C, cid=67, FAILED org.apache.ratis.protocol.NotReplicatedException: Request with call Id 67 and log index 2 is not yet replicated to ALL_COMMITTED, logIndex=2, commits[a8218a3e-2db5-411c-899a-928fff5e3f8a:c2, 67bf4de7-df61-40ae-b697-e5f0195c5019:c1, 7093d8aa-2045-434c-a57b-b56d15c00146:c1]
2019-06-13 10:59:47,972 WARN  server.GrpcLogAppender (LogUtils.java:warn(134)) - a8218a3e-2db5-411c-899a-928fff5e3f8a: Failed appendEntries to 67bf4de7-df61-40ae-b697-e5f0195c5019:192.168.46.8:39137: org.apache.ratis.thirdparty.io.grpc.StatusRuntimeException: UNAVAILABLE: io exception
2019-06-13 10:59:47,972 INFO  impl.FollowerInfo (FollowerInfo.java:lambda$new$0(50)) - a8218a3e-2db5-411c-899a-928fff5e3f8a->67bf4de7-df61-40ae-b697-e5f0195c5019: nextIndex: updateUnconditionally 0 -> 0
2019-06-13 10:59:47,973 WARN  server.GrpcLogAppender (LogUtils.java:warn(134)) - a8218a3e-2db5-411c-899a-928fff5e3f8a: Failed appendEntries to 7093d8aa-2045-434c-a57b-b56d15c00146:192.168.46.8:33705: org.apache.ratis.thirdparty.io.grpc.StatusRuntimeException: UNAVAILABLE: io exception
2019-06-13 10:59:47,973 INFO  impl.FollowerInfo (FollowerInfo.java:lambda$new$0(50)) - a8218a3e-2db5-411c-899a-928fff5e3f8a->7093d8aa-2045-434c-a57b-b56d15c00146: nextIndex: updateUnconditionally 0 -> 0
2019-06-13 10:59:48,472 WARN  server.GrpcLogAppender (LogUtils.java:warn(134)) - a8218a3e-2db5-411c-899a-928fff5e3f8a: Failed appendEntries to 67bf4de7-df61-40ae-b697-e5f0195c5019:192.168.46.8:39137: org.apache.ratis.thirdparty.io.grpc.StatusRuntimeException: UNAVAILABLE: io exception
2019-06-13 10:59:48,475 INFO  impl.FollowerInfo (FollowerInfo.java:lambda$new$0(50)) - a8218a3e-2db5-411c-899a-928fff5e3f8a->67bf4de7-df61-40ae-b697-e5f0195c5019: nextIndex: updateUnconditionally 0 -> 0
2019-06-13 10:59:48,475 WARN  server.GrpcLogAppender (LogUtils.java:warn(134)) - a8218a3e-2db5-411c-899a-928fff5e3f8a: Failed appendEntries to 7093d8aa-2045-434c-a57b-b56d15c00146:192.168.46.8:33705: org.apache.ratis.thirdparty.io.grpc.StatusRuntimeException: UNAVAILABLE: io exception
2019-06-13 10:59:48,476 INFO  impl.FollowerInfo (FollowerInfo.java:lambda$new$0(50)) - a8218a3e-2db5-411c-899a-928fff5e3f8a->7093d8aa-2045-434c-a57b-b56d15c00146: nextIndex: updateUnconditionally 0 -> 0
2019-06-13 10:59:48,675 INFO  client.GrpcClientProtocolService (GrpcClientProtocolService.java:lambda$processClientRequest$0(264)) - Failed RaftClientRequest:client-5AE3D6D17757->a8218a3e-2db5-411c-899a-928fff5e3f8a@group-76E1EB442D9C, cid=68, seq=0, Watch-MAJORITY_COMMITTED(2), Message:<EMPTY>, reply=RaftClientReply:client-5AE3D6D17757->a8218a3e-2db5-411c-899a-928fff5e3f8a@group-76E1EB442D9C, cid=68, FAILED org.apache.ratis.protocol.NotReplicatedException: Request with call Id 68 and log index 2 is not yet replicated to MAJORITY_COMMITTED, logIndex=2, commits[a8218a3e-2db5-411c-899a-928fff5e3f8a:c2, 67bf4de7-df61-40ae-b697-e5f0195c5019:c1, 7093d8aa-2045-434c-a57b-b56d15c00146:c1]
2019-06-13 10:59:48,973 WARN  server.GrpcLogAppender (LogUtils.java:warn(134)) - a8218a3e-2db5-411c-899a-928fff5e3f8a: Failed appendEntries to 67bf4de7-df61-40ae-b697-e5f0195c5019:192.168.46.8:39137: org.apache.ratis.thirdparty.io.grpc.StatusRuntimeException: UNAVAILABLE: io exception
2019-06-13 10:59:48,973 INFO  impl.FollowerInfo (FollowerInfo.java:lambda$new$0(50)) - a8218a3e-2db5-411c-899a-928fff5e3f8a->67bf4de7-df61-40ae-b697-e5f0195c5019: nextIndex: updateUnconditionally 0 -> 0
2019-06-13 10:59:48,976 WARN  server.GrpcLogAppender (LogUtils.java:warn(134)) - a8218a3e-2db5-411c-899a-928fff5e3f8a: Failed appendEntries to 7093d8aa-2045-434c-a57b-b56d15c00146:192.168.46.8:33705: org.apache.ratis.thirdparty.io.grpc.StatusRuntimeException: UNAVAILABLE: io exception
2019-06-13 10:59:48,978 INFO  impl.FollowerInfo (FollowerInfo.java:lambda$new$0(50)) - a8218a3e-2db5-411c-899a-928fff5e3f8a->7093d8aa-2045-434c-a57b-b56d15c00146: nextIndex: updateUnconditionally 0 -> 0
2019-06-13 10:59:49,473 WARN  server.GrpcLogAppender (LogUtils.java:warn(134)) - a8218a3e-2db5-411c-899a-928fff5e3f8a: Failed appendEntries to 67bf4de7-df61-40ae-b697-e5f0195c5019:192.168.46.8:39137: org.apache.ratis.thirdparty.io.grpc.StatusRuntimeException: UNAVAILABLE: io exception
2019-06-13 10:59:49,474 INFO  impl.FollowerInfo (FollowerInfo.java:lambda$new$0(50)) - a8218a3e-2db5-411c-899a-928fff5e3f8a->67bf4de7-df61-40ae-b697-e5f0195c5019: nextIndex: updateUnconditionally 0 -> 0
2019-06-13 10:59:49,476 WARN  server.GrpcLogAppender (LogUtils.java:warn(134)) - a8218a3e-2db5-411c-899a-928fff5e3f8a: Failed appendEntries to 7093d8aa-2045-434c-a57b-b56d15c00146:192.168.46.8:33705: org.apache.ratis.thirdparty.io.grpc.StatusRuntimeException: UNAVAILABLE: io exception
2019-06-13 10:59:49,476 INFO  impl.FollowerInfo (FollowerInfo.java:lambda$new$0(50)) - a8218a3e-2db5-411c-899a-928fff5e3f8a->7093d8aa-2045-434c-a57b-b56d15c00146: nextIndex: updateUnconditionally 0 -> 0
2019-06-13 10:59:49,973 WARN  server.GrpcLogAppender (LogUtils.java:warn(134)) - a8218a3e-2db5-411c-899a-928fff5e3f8a: Failed appendEntries to 67bf4de7-df61-40ae-b697-e5f0195c5019:192.168.46.8:39137: org.apache.ratis.thirdparty.io.grpc.StatusRuntimeException: UNAVAILABLE: io exception
2019-06-13 10:59:49,974 INFO  impl.FollowerInfo (FollowerInfo.java:lambda$new$0(50)) - a8218a3e-2db5-411c-899a-928fff5e3f8a->67bf4de7-df61-40ae-b697-e5f0195c5019: nextIndex: updateUnconditionally 0 -> 0
2019-06-13 10:59:49,976 WARN  server.GrpcLogAppender (LogUtils.java:warn(134)) - a8218a3e-2db5-411c-899a-928fff5e3f8a: Failed appendEntries to 7093d8aa-2045-434c-a57b-b56d15c00146:192.168.46.8:33705: org.apache.ratis.thirdparty.io.grpc.StatusRuntimeException: UNAVAILABLE: io exception
2019-06-13 10:59:49,977 INFO  impl.FollowerInfo (FollowerInfo.java:lambda$new$0(50)) - a8218a3e-2db5-411c-899a-928fff5e3f8a->7093d8aa-2045-434c-a57b-b56d15c00146: nextIndex: updateUnconditionally 0 -> 0
2019-06-13 10:59:50,474 WARN  server.GrpcLogAppender (LogUtils.java:warn(134)) - a8218a3e-2db5-411c-899a-928fff5e3f8a: Failed appendEntries to 67bf4de7-df61-40ae-b697-e5f0195c5019:192.168.46.8:39137: org.apache.ratis.thirdparty.io.grpc.StatusRuntimeException: UNAVAILABLE: io exception
2019-06-13 10:59:50,474 INFO  impl.FollowerInfo (FollowerInfo.java:lambda$new$0(50)) - a8218a3e-2db5-411c-899a-928fff5e3f8a->67bf4de7-df61-40ae-b697-e5f0195c5019: nextIndex: updateUnconditionally 0 -> 0
2019-06-13 10:59:50,477 WARN  server.GrpcLogAppender (LogUtils.java:warn(134)) - a8218a3e-2db5-411c-899a-928fff5e3f8a: Failed appendEntries to 7093d8aa-2045-434c-a57b-b56d15c00146:192.168.46.8:33705: org.apache.ratis.thirdparty.io.grpc.StatusRuntimeException: UNAVAILABLE: io exception
2019-06-13 10:59:50,477 INFO  impl.FollowerInfo (FollowerInfo.java:lambda$new$0(50)) - a8218a3e-2db5-411c-899a-928fff5e3f8a->7093d8aa-2045-434c-a57b-b56d15c00146: nextIndex: updateUnconditionally 0 -> 0
2019-06-13 10:59:51,037 WARN  server.GrpcLogAppender (LogUtils.java:warn(134)) - a8218a3e-2db5-411c-899a-928fff5e3f8a: Failed appendEntries to 67bf4de7-df61-40ae-b697-e5f0195c5019:192.168.46.8:39137: org.apache.ratis.thirdparty.io.grpc.StatusRuntimeException: UNAVAILABLE: io exception
2019-06-13 10:59:51,038 INFO  impl.FollowerInfo (FollowerInfo.java:lambda$new$0(50)) - a8218a3e-2db5-411c-899a-928fff5e3f8a->67bf4de7-df61-40ae-b697-e5f0195c5019: nextIndex: updateUnconditionally 0 -> 0
2019-06-13 10:59:51,039 WARN  server.GrpcLogAppender (LogUtils.java:warn(134)) - a8218a3e-2db5-411c-899a-928fff5e3f8a: Failed appendEntries to 7093d8aa-2045-434c-a57b-b56d15c00146:192.168.46.8:33705: org.apache.ratis.thirdparty.io.grpc.StatusRuntimeException: UNAVAILABLE: io exception
2019-06-13 10:59:51,040 INFO  impl.FollowerInfo (FollowerInfo.java:lambda$new$0(50)) - a8218a3e-2db5-411c-899a-928fff5e3f8a->7093d8aa-2045-434c-a57b-b56d15c00146: nextIndex: updateUnconditionally 0 -> 0
2019-06-13 10:59:51,475 WARN  server.GrpcLogAppender (LogUtils.java:warn(134)) - a8218a3e-2db5-411c-899a-928fff5e3f8a: Failed appendEntries to 67bf4de7-df61-40ae-b697-e5f0195c5019:192.168.46.8:39137: org.apache.ratis.thirdparty.io.grpc.StatusRuntimeException: UNAVAILABLE: io exception
2019-06-13 10:59:51,475 INFO  impl.FollowerInfo (FollowerInfo.java:lambda$new$0(50)) - a8218a3e-2db5-411c-899a-928fff5e3f8a->67bf4de7-df61-40ae-b697-e5f0195c5019: nextIndex: updateUnconditionally 0 -> 0
2019-06-13 10:59:51,539 WARN  server.GrpcLogAppender (LogUtils.java:warn(134)) - a8218a3e-2db5-411c-899a-928fff5e3f8a: Failed appendEntries to 7093d8aa-2045-434c-a57b-b56d15c00146:192.168.46.8:33705: org.apache.ratis.thirdparty.io.grpc.StatusRuntimeException: UNAVAILABLE: io exception
2019-06-13 10:59:51,540 INFO  impl.FollowerInfo (FollowerInfo.java:lambda$new$0(50)) - a8218a3e-2db5-411c-899a-928fff5e3f8a->7093d8aa-2045-434c-a57b-b56d15c00146: nextIndex: updateUnconditionally 0 -> 0
2019-06-13 10:59:51,975 WARN  server.GrpcLogAppender (LogUtils.java:warn(134)) - a8218a3e-2db5-411c-899a-928fff5e3f8a: Failed appendEntries to 67bf4de7-df61-40ae-b697-e5f0195c5019:192.168.46.8:39137: org.apache.ratis.thirdparty.io.grpc.StatusRuntimeException: UNAVAILABLE: io exception
2019-06-13 10:59:51,976 INFO  impl.FollowerInfo (FollowerInfo.java:lambda$new$0(50)) - a8218a3e-2db5-411c-899a-928fff5e3f8a->67bf4de7-df61-40ae-b697-e5f0195c5019: nextIndex: updateUnconditionally 0 -> 0
2019-06-13 10:59:52,040 WARN  server.GrpcLogAppender (LogUtils.java:warn(134)) - a8218a3e-2db5-411c-899a-928fff5e3f8a: Failed appendEntries to 7093d8aa-2045-434c-a57b-b56d15c00146:192.168.46.8:33705: org.apache.ratis.thirdparty.io.grpc.StatusRuntimeException: UNAVAILABLE: io exception
2019-06-13 10:59:52,040 INFO  impl.FollowerInfo (FollowerInfo.java:lambda$new$0(50)) - a8218a3e-2db5-411c-899a-928fff5e3f8a->7093d8aa-2045-434c-a57b-b56d15c00146: nextIndex: updateUnconditionally 0 -> 0
2019-06-13 10:59:52,476 WARN  server.GrpcLogAppender (LogUtils.java:warn(134)) - a8218a3e-2db5-411c-899a-928fff5e3f8a: Failed appendEntries to 67bf4de7-df61-40ae-b697-e5f0195c5019:192.168.46.8:39137: org.apache.ratis.thirdparty.io.grpc.StatusRuntimeException: UNAVAILABLE: io exception
2019-06-13 10:59:52,476 INFO  impl.FollowerInfo (FollowerInfo.java:lambda$new$0(50)) - a8218a3e-2db5-411c-899a-928fff5e3f8a->67bf4de7-df61-40ae-b697-e5f0195c5019: nextIndex: updateUnconditionally 0 -> 0
2019-06-13 10:59:52,540 WARN  server.GrpcLogAppender (LogUtils.java:warn(134)) - a8218a3e-2db5-411c-899a-928fff5e3f8a: Failed appendEntries to 7093d8aa-2045-434c-a57b-b56d15c00146:192.168.46.8:33705: org.apache.ratis.thirdparty.io.grpc.StatusRuntimeException: UNAVAILABLE: io exception
2019-06-13 10:59:52,540 INFO  impl.FollowerInfo (FollowerInfo.java:lambda$new$0(50)) - a8218a3e-2db5-411c-899a-928fff5e3f8a->7093d8aa-2045-434c-a57b-b56d15c00146: nextIndex: updateUnconditionally 0 -> 0
2019-06-13 10:59:52,976 WARN  server.GrpcLogAppender (LogUtils.java:warn(134)) - a8218a3e-2db5-411c-899a-928fff5e3f8a: Failed appendEntries to 67bf4de7-df61-40ae-b697-e5f0195c5019:192.168.46.8:39137: org.apache.ratis.thirdparty.io.grpc.StatusRuntimeException: UNAVAILABLE: io exception
2019-06-13 10:59:52,977 INFO  impl.FollowerInfo (FollowerInfo.java:lambda$new$0(50)) - a8218a3e-2db5-411c-899a-928fff5e3f8a->67bf4de7-df61-40ae-b697-e5f0195c5019: nextIndex: updateUnconditionally 0 -> 0
2019-06-13 10:59:53,041 WARN  server.GrpcLogAppender (LogUtils.java:warn(134)) - a8218a3e-2db5-411c-899a-928fff5e3f8a: Failed appendEntries to 7093d8aa-2045-434c-a57b-b56d15c00146:192.168.46.8:33705: org.apache.ratis.thirdparty.io.grpc.StatusRuntimeException: UNAVAILABLE: io exception
2019-06-13 10:59:53,041 INFO  impl.FollowerInfo (FollowerInfo.java:lambda$new$0(50)) - a8218a3e-2db5-411c-899a-928fff5e3f8a->7093d8aa-2045-434c-a57b-b56d15c00146: nextIndex: updateUnconditionally 0 -> 0
2019-06-13 10:59:53,477 WARN  server.GrpcLogAppender (LogUtils.java:warn(134)) - a8218a3e-2db5-411c-899a-928fff5e3f8a: Failed appendEntries to 67bf4de7-df61-40ae-b697-e5f0195c5019:192.168.46.8:39137: org.apache.ratis.thirdparty.io.grpc.StatusRuntimeException: UNAVAILABLE: io exception
2019-06-13 10:59:53,477 INFO  impl.FollowerInfo (FollowerInfo.java:lambda$new$0(50)) - a8218a3e-2db5-411c-899a-928fff5e3f8a->67bf4de7-df61-40ae-b697-e5f0195c5019: nextIndex: updateUnconditionally 0 -> 0
2019-06-13 10:59:53,541 WARN  server.GrpcLogAppender (LogUtils.java:warn(134)) - a8218a3e-2db5-411c-899a-928fff5e3f8a: Failed appendEntries to 7093d8aa-2045-434c-a57b-b56d15c00146:192.168.46.8:33705: org.apache.ratis.thirdparty.io.grpc.StatusRuntimeException: UNAVAILABLE: io exception
2019-06-13 10:59:53,541 INFO  impl.FollowerInfo (FollowerInfo.java:lambda$new$0(50)) - a8218a3e-2db5-411c-899a-928fff5e3f8a->7093d8aa-2045-434c-a57b-b56d15c00146: nextIndex: updateUnconditionally 0 -> 0
2019-06-13 10:59:53,674 INFO  client.GrpcClientProtocolService (GrpcClientProtocolService.java:lambda$processClientRequest$0(264)) - Failed RaftClientRequest:client-5AE3D6D17757->a8218a3e-2db5-411c-899a-928fff5e3f8a@group-76E1EB442D9C, cid=68, seq=0, Watch-MAJORITY_COMMITTED(2), Message:<EMPTY>, reply=RaftClientReply:client-5AE3D6D17757->a8218a3e-2db5-411c-899a-928fff5e3f8a@group-76E1EB442D9C, cid=68, FAILED org.apache.ratis.protocol.NotReplicatedException: Request with call Id 68 and log index 2 is not yet replicated to MAJORITY_COMMITTED, logIndex=2, commits[a8218a3e-2db5-411c-899a-928fff5e3f8a:c2, 67bf4de7-df61-40ae-b697-e5f0195c5019:c1, 7093d8aa-2045-434c-a57b-b56d15c00146:c1]
2019-06-13 10:59:53,977 WARN  server.GrpcLogAppender (LogUtils.java:warn(134)) - a8218a3e-2db5-411c-899a-928fff5e3f8a: Failed appendEntries to 67bf4de7-df61-40ae-b697-e5f0195c5019:192.168.46.8:39137: org.apache.ratis.thirdparty.io.grpc.StatusRuntimeException: UNAVAILABLE: io exception
2019-06-13 10:59:53,977 INFO  impl.FollowerInfo (FollowerInfo.java:lambda$new$0(50)) - a8218a3e-2db5-411c-899a-928fff5e3f8a->67bf4de7-df61-40ae-b697-e5f0195c5019: nextIndex: updateUnconditionally 0 -> 0
2019-06-13 10:59:54,041 WARN  server.GrpcLogAppender (LogUtils.java:warn(134)) - a8218a3e-2db5-411c-899a-928fff5e3f8a: Failed appendEntries to 7093d8aa-2045-434c-a57b-b56d15c00146:192.168.46.8:33705: org.apache.ratis.thirdparty.io.grpc.StatusRuntimeException: UNAVAILABLE: io exception
2019-06-13 10:59:54,042 INFO  impl.FollowerInfo (FollowerInfo.java:lambda$new$0(50)) - a8218a3e-2db5-411c-899a-928fff5e3f8a->7093d8aa-2045-434c-a57b-b56d15c00146: nextIndex: updateUnconditionally 0 -> 0
2019-06-13 10:59:54,478 WARN  server.GrpcLogAppender (LogUtils.java:warn(134)) - a8218a3e-2db5-411c-899a-928fff5e3f8a: Failed appendEntries to 67bf4de7-df61-40ae-b697-e5f0195c5019:192.168.46.8:39137: org.apache.ratis.thirdparty.io.grpc.StatusRuntimeException: UNAVAILABLE: io exception
2019-06-13 10:59:54,478 INFO  impl.FollowerInfo (FollowerInfo.java:lambda$new$0(50)) - a8218a3e-2db5-411c-899a-928fff5e3f8a->67bf4de7-df61-40ae-b697-e5f0195c5019: nextIndex: updateUnconditionally 0 -> 0
2019-06-13 10:59:54,542 WARN  server.GrpcLogAppender (LogUtils.java:warn(134)) - a8218a3e-2db5-411c-899a-928fff5e3f8a: Failed appendEntries to 7093d8aa-2045-434c-a57b-b56d15c00146:192.168.46.8:33705: org.apache.ratis.thirdparty.io.grpc.StatusRuntimeException: UNAVAILABLE: io exception
2019-06-13 10:59:54,542 INFO  impl.FollowerInfo (FollowerInfo.java:lambda$new$0(50)) - a8218a3e-2db5-411c-899a-928fff5e3f8a->7093d8aa-2045-434c-a57b-b56d15c00146: nextIndex: updateUnconditionally 0 -> 0
2019-06-13 10:59:54,978 WARN  server.GrpcLogAppender (LogUtils.java:warn(134)) - a8218a3e-2db5-411c-899a-928fff5e3f8a: Failed appendEntries to 67bf4de7-df61-40ae-b697-e5f0195c5019:192.168.46.8:39137: org.apache.ratis.thirdparty.io.grpc.StatusRuntimeException: UNAVAILABLE: io exception
2019-06-13 10:59:54,978 INFO  impl.FollowerInfo (FollowerInfo.java:lambda$new$0(50)) - a8218a3e-2db5-411c-899a-928fff5e3f8a->67bf4de7-df61-40ae-b697-e5f0195c5019: nextIndex: updateUnconditionally 0 -> 0
2019-06-13 10:59:55,042 WARN  server.GrpcLogAppender (LogUtils.java:warn(134)) - a8218a3e-2db5-411c-899a-928fff5e3f8a: Failed appendEntries to 7093d8aa-2045-434c-a57b-b56d15c00146:192.168.46.8:33705: org.apache.ratis.thirdparty.io.grpc.StatusRuntimeException: UNAVAILABLE: io exception
2019-06-13 10:59:55,042 INFO  impl.FollowerInfo (FollowerInfo.java:lambda$new$0(50)) - a8218a3e-2db5-411c-899a-928fff5e3f8a->7093d8aa-2045-434c-a57b-b56d15c00146: nextIndex: updateUnconditionally 0 -> 0
2019-06-13 10:59:55,478 WARN  server.GrpcLogAppender (LogUtils.java:warn(134)) - a8218a3e-2db5-411c-899a-928fff5e3f8a: Failed appendEntries to 67bf4de7-df61-40ae-b697-e5f0195c5019:192.168.46.8:39137: org.apache.ratis.thirdparty.io.grpc.StatusRuntimeException: UNAVAILABLE: io exception
2019-06-13 10:59:55,480 INFO  impl.FollowerInfo (FollowerInfo.java:lambda$new$0(50)) - a8218a3e-2db5-411c-899a-928fff5e3f8a->67bf4de7-df61-40ae-b697-e5f0195c5019: nextIndex: updateUnconditionally 0 -> 0
2019-06-13 10:59:55,543 WARN  server.GrpcLogAppender (LogUtils.java:warn(134)) - a8218a3e-2db5-411c-899a-928fff5e3f8a: Failed appendEntries to 7093d8aa-2045-434c-a57b-b56d15c00146:192.168.46.8:33705: org.apache.ratis.thirdparty.io.grpc.StatusRuntimeException: UNAVAILABLE: io exception
2019-06-13 10:59:55,543 INFO  impl.FollowerInfo (FollowerInfo.java:lambda$new$0(50)) - a8218a3e-2db5-411c-899a-928fff5e3f8a->7093d8aa-2045-434c-a57b-b56d15c00146: nextIndex: updateUnconditionally 0 -> 0
2019-06-13 10:59:55,979 WARN  server.GrpcLogAppender (LogUtils.java:warn(134)) - a8218a3e-2db5-411c-899a-928fff5e3f8a: Failed appendEntries to 67bf4de7-df61-40ae-b697-e5f0195c5019:192.168.46.8:39137: org.apache.ratis.thirdparty.io.grpc.StatusRuntimeException: UNAVAILABLE: io exception
2019-06-13 10:59:55,979 INFO  impl.FollowerInfo (FollowerInfo.java:lambda$new$0(50)) - a8218a3e-2db5-411c-899a-928fff5e3f8a->67bf4de7-df61-40ae-b697-e5f0195c5019: nextIndex: updateUnconditionally 0 -> 0
2019-06-13 10:59:56,043 WARN  server.GrpcLogAppender (LogUtils.java:warn(134)) - a8218a3e-2db5-411c-899a-928fff5e3f8a: Failed appendEntries to 7093d8aa-2045-434c-a57b-b56d15c00146:192.168.46.8:33705: org.apache.ratis.thirdparty.io.grpc.StatusRuntimeException: UNAVAILABLE: io exception
2019-06-13 10:59:56,043 INFO  impl.FollowerInfo (FollowerInfo.java:lambda$new$0(50)) - a8218a3e-2db5-411c-899a-928fff5e3f8a->7093d8aa-2045-434c-a57b-b56d15c00146: nextIndex: updateUnconditionally 0 -> 0
2019-06-13 10:59:56,479 WARN  server.GrpcLogAppender (LogUtils.java:warn(134)) - a8218a3e-2db5-411c-899a-928fff5e3f8a: Failed appendEntries to 67bf4de7-df61-40ae-b697-e5f0195c5019:192.168.46.8:39137: org.apache.ratis.thirdparty.io.grpc.StatusRuntimeException: UNAVAILABLE: io exception
2019-06-13 10:59:56,479 INFO  impl.FollowerInfo (FollowerInfo.java:lambda$new$0(50)) - a8218a3e-2db5-411c-899a-928fff5e3f8a->67bf4de7-df61-40ae-b697-e5f0195c5019: nextIndex: updateUnconditionally 0 -> 0
2019-06-13 10:59:56,543 WARN  server.GrpcLogAppender (LogUtils.java:warn(134)) - a8218a3e-2db5-411c-899a-928fff5e3f8a: Failed appendEntries to 7093d8aa-2045-434c-a57b-b56d15c00146:192.168.46.8:33705: org.apache.ratis.thirdparty.io.grpc.StatusRuntimeException: UNAVAILABLE: io exception
2019-06-13 10:59:56,543 INFO  impl.FollowerInfo (FollowerInfo.java:lambda$new$0(50)) - a8218a3e-2db5-411c-899a-928fff5e3f8a->7093d8aa-2045-434c-a57b-b56d15c00146: nextIndex: updateUnconditionally 0 -> 0
2019-06-13 10:59:56,980 WARN  server.GrpcLogAppender (LogUtils.java:warn(134)) - a8218a3e-2db5-411c-899a-928fff5e3f8a: Failed appendEntries to 67bf4de7-df61-40ae-b697-e5f0195c5019:192.168.46.8:39137: org.apache.ratis.thirdparty.io.grpc.StatusRuntimeException: UNAVAILABLE: io exception
2019-06-13 10:59:56,980 INFO  impl.FollowerInfo (FollowerInfo.java:lambda$new$0(50)) - a8218a3e-2db5-411c-899a-928fff5e3f8a->67bf4de7-df61-40ae-b697-e5f0195c5019: nextIndex: updateUnconditionally 0 -> 0
2019-06-13 10:59:57,044 WARN  server.GrpcLogAppender (LogUtils.java:warn(134)) - a8218a3e-2db5-411c-899a-928fff5e3f8a: Failed appendEntries to 7093d8aa-2045-434c-a57b-b56d15c00146:192.168.46.8:33705: org.apache.ratis.thirdparty.io.grpc.StatusRuntimeException: UNAVAILABLE: io exception
2019-06-13 10:59:57,044 INFO  impl.FollowerInfo (FollowerInfo.java:lambda$new$0(50)) - a8218a3e-2db5-411c-899a-928fff5e3f8a->7093d8aa-2045-434c-a57b-b56d15c00146: nextIndex: updateUnconditionally 0 -> 0
2019-06-13 10:59:57,480 WARN  server.GrpcLogAppender (LogUtils.java:warn(134)) - a8218a3e-2db5-411c-899a-928fff5e3f8a: Failed appendEntries to 67bf4de7-df61-40ae-b697-e5f0195c5019:192.168.46.8:39137: org.apache.ratis.thirdparty.io.grpc.StatusRuntimeException: UNAVAILABLE: io exception
2019-06-13 10:59:57,480 INFO  impl.FollowerInfo (FollowerInfo.java:lambda$new$0(50)) - a8218a3e-2db5-411c-899a-928fff5e3f8a->67bf4de7-df61-40ae-b697-e5f0195c5019: nextIndex: updateUnconditionally 0 -> 0
2019-06-13 10:59:57,544 WARN  server.GrpcLogAppender (LogUtils.java:warn(134)) - a8218a3e-2db5-411c-899a-928fff5e3f8a: Failed appendEntries to 7093d8aa-2045-434c-a57b-b56d15c00146:192.168.46.8:33705: org.apache.ratis.thirdparty.io.grpc.StatusRuntimeException: UNAVAILABLE: io exception
2019-06-13 10:59:57,544 INFO  impl.FollowerInfo (FollowerInfo.java:lambda$new$0(50)) - a8218a3e-2db5-411c-899a-928fff5e3f8a->7093d8aa-2045-434c-a57b-b56d15c00146: nextIndex: updateUnconditionally 0 -> 0
2019-06-13 10:59:57,980 WARN  server.GrpcLogAppender (LogUtils.java:warn(134)) - a8218a3e-2db5-411c-899a-928fff5e3f8a: Failed appendEntries to 67bf4de7-df61-40ae-b697-e5f0195c5019:192.168.46.8:39137: org.apache.ratis.thirdparty.io.grpc.StatusRuntimeException: UNAVAILABLE: io exception
2019-06-13 10:59:57,981 INFO  impl.FollowerInfo (FollowerInfo.java:lambda$new$0(50)) - a8218a3e-2db5-411c-899a-928fff5e3f8a->67bf4de7-df61-40ae-b697-e5f0195c5019: nextIndex: updateUnconditionally 0 -> 0
2019-06-13 10:59:58,044 WARN  server.GrpcLogAppender (LogUtils.java:warn(134)) - a8218a3e-2db5-411c-899a-928fff5e3f8a: Failed appendEntries to 7093d8aa-2045-434c-a57b-b56d15c00146:192.168.46.8:33705: org.apache.ratis.thirdparty.io.grpc.StatusRuntimeException: UNAVAILABLE: io exception
2019-06-13 10:59:58,044 INFO  impl.FollowerInfo (FollowerInfo.java:lambda$new$0(50)) - a8218a3e-2db5-411c-899a-928fff5e3f8a->7093d8aa-2045-434c-a57b-b56d15c00146: nextIndex: updateUnconditionally 0 -> 0
2019-06-13 10:59:58,481 WARN  server.GrpcLogAppender (LogUtils.java:warn(134)) - a8218a3e-2db5-411c-899a-928fff5e3f8a: Failed appendEntries to 67bf4de7-df61-40ae-b697-e5f0195c5019:192.168.46.8:39137: org.apache.ratis.thirdparty.io.grpc.StatusRuntimeException: UNAVAILABLE: io exception
2019-06-13 10:59:58,481 INFO  impl.FollowerInfo (FollowerInfo.java:lambda$new$0(50)) - a8218a3e-2db5-411c-899a-928fff5e3f8a->67bf4de7-df61-40ae-b697-e5f0195c5019: nextIndex: updateUnconditionally 0 -> 0
2019-06-13 10:59:58,544 WARN  server.GrpcLogAppender (LogUtils.java:warn(134)) - a8218a3e-2db5-411c-899a-928fff5e3f8a: Failed appendEntries to 7093d8aa-2045-434c-a57b-b56d15c00146:192.168.46.8:33705: org.apache.ratis.thirdparty.io.grpc.StatusRuntimeException: UNAVAILABLE: io exception
2019-06-13 10:59:58,545 INFO  impl.FollowerInfo (FollowerInfo.java:lambda$new$0(50)) - a8218a3e-2db5-411c-899a-928fff5e3f8a->7093d8aa-2045-434c-a57b-b56d15c00146: nextIndex: updateUnconditionally 0 -> 0
]]></system-out>
    <system-err><![CDATA[Jun 13, 2019 10:59:10 AM com.sun.jersey.server.impl.application.WebApplicationImpl _initiate
INFO: Initiating Jersey application, version 'Jersey: 1.19 02/11/2015 03:25 AM'
Jun 13, 2019 10:59:10 AM com.sun.jersey.server.impl.application.WebApplicationImpl _initiate
INFO: Initiating Jersey application, version 'Jersey: 1.19 02/11/2015 03:25 AM'
Jun 13, 2019 10:59:11 AM com.sun.jersey.server.impl.application.WebApplicationImpl _initiate
INFO: Initiating Jersey application, version 'Jersey: 1.19 02/11/2015 03:25 AM'
Jun 13, 2019 10:59:11 AM com.sun.jersey.server.impl.application.WebApplicationImpl _initiate
INFO: Initiating Jersey application, version 'Jersey: 1.19 02/11/2015 03:25 AM'
Jun 13, 2019 10:59:11 AM com.sun.jersey.server.impl.application.WebApplicationImpl _initiate
INFO: Initiating Jersey application, version 'Jersey: 1.19 02/11/2015 03:25 AM'
Jun 13, 2019 10:59:11 AM com.sun.jersey.server.impl.application.WebApplicationImpl _initiate
INFO: Initiating Jersey application, version 'Jersey: 1.19 02/11/2015 03:25 AM'
Jun 13, 2019 10:59:12 AM com.sun.jersey.server.impl.application.WebApplicationImpl _initiate
INFO: Initiating Jersey application, version 'Jersey: 1.19 02/11/2015 03:25 AM'
]]></system-err>
  </testcase>
  <testcase name="testWatchForCommitForGroupMismatchException" classname="org.apache.hadoop.ozone.client.rpc.TestWatchForCommit" time="6.888"/>
  <testcase name="test2WayCommitForTimeoutException" classname="org.apache.hadoop.ozone.client.rpc.TestWatchForCommit" time="14.874"/>
  <testcase name="test2WayCommitForRetryfailure" classname="org.apache.hadoop.ozone.client.rpc.TestWatchForCommit" time="30.885"/>
</testsuite>