<?xml version="1.0" encoding="UTF-8"?>
<testsuite xmlns:xsi="http://www.w3.org/2001/XMLSchema-instance" xsi:noNamespaceSchemaLocation="https://maven.apache.org/surefire/maven-surefire-plugin/xsd/surefire-test-report.xsd" name="org.apache.hadoop.hdds.scm.pipeline.TestNodeFailure" time="10.783" tests="1" errors="0" skipped="1" failures="0">
  <properties>
    <property name="awt.toolkit" value="sun.awt.X11.XToolkit"/>
    <property name="file.encoding.pkg" value="sun.io"/>
    <property name="java.specification.version" value="1.8"/>
    <property name="sun.cpu.isalist" value=""/>
    <property name="sun.jnu.encoding" value="UTF-8"/>
    <property name="java.class.path" value="/opt/src/hadoop-ozone/integration-test/target/test-classes:/opt/src/hadoop-ozone/integration-test/target/classes:/root/.m2/repository/org/apache/hadoop/hadoop-ozone-common/0.5.0-SNAPSHOT/hadoop-ozone-common-0.5.0-SNAPSHOT.jar:/root/.m2/repository/org/apache/commons/commons-compress/1.4.1/commons-compress-1.4.1.jar:/root/.m2/repository/org/tukaani/xz/1.0/xz-1.0.jar:/root/.m2/repository/org/apache/hadoop/hadoop-common/3.2.0/hadoop-common-3.2.0.jar:/root/.m2/repository/org/apache/hadoop/hadoop-hdfs/3.2.0/hadoop-hdfs-3.2.0.jar:/root/.m2/repository/org/apache/hadoop/hadoop-hdfs-client/3.2.0/hadoop-hdfs-client-3.2.0.jar:/root/.m2/repository/com/fasterxml/jackson/core/jackson-annotations/2.9.5/jackson-annotations-2.9.5.jar:/root/.m2/repository/org/apache/hadoop/hadoop-hdds-common/0.5.0-SNAPSHOT/hadoop-hdds-common-0.5.0-SNAPSHOT.jar:/root/.m2/repository/javax/annotation/javax.annotation-api/1.2/javax.annotation-api-1.2.jar:/root/.m2/repository/org/apache/ratis/ratis-server/0.4.0-fe2b15d-SNAPSHOT/ratis-server-0.4.0-fe2b15d-SNAPSHOT.jar:/root/.m2/repository/org/apache/ratis/ratis-thirdparty-misc/0.2.0/ratis-thirdparty-misc-0.2.0.jar:/root/.m2/repository/org/apache/ratis/ratis-proto/0.4.0-fe2b15d-SNAPSHOT/ratis-proto-0.4.0-fe2b15d-SNAPSHOT.jar:/root/.m2/repository/org/apache/ratis/ratis-common/0.4.0-fe2b15d-SNAPSHOT/ratis-common-0.4.0-fe2b15d-SNAPSHOT.jar:/root/.m2/repository/org/apache/ratis/ratis-client/0.4.0-fe2b15d-SNAPSHOT/ratis-client-0.4.0-fe2b15d-SNAPSHOT.jar:/root/.m2/repository/org/apache/ratis/ratis-netty/0.4.0-fe2b15d-SNAPSHOT/ratis-netty-0.4.0-fe2b15d-SNAPSHOT.jar:/root/.m2/repository/org/apache/ratis/ratis-grpc/0.4.0-fe2b15d-SNAPSHOT/ratis-grpc-0.4.0-fe2b15d-SNAPSHOT.jar:/root/.m2/repository/org/rocksdb/rocksdbjni/5.14.2/rocksdbjni-5.14.2.jar:/root/.m2/repository/org/apache/logging/log4j/log4j-api/2.11.0/log4j-api-2.11.0.jar:/root/.m2/repository/org/apache/logging/log4j/log4j-core/2.11.0/log4j-core-2.11.0.jar:/root/.m2/repository/com/lmax/disruptor/3.4.2/disruptor-3.4.2.jar:/root/.m2/repository/org/apache/commons/commons-pool2/2.6.0/commons-pool2-2.6.0.jar:/root/.m2/repository/org/bouncycastle/bcpkix-jdk15on/1.60/bcpkix-jdk15on-1.60.jar:/root/.m2/repository/commons-validator/commons-validator/1.6/commons-validator-1.6.jar:/root/.m2/repository/commons-digester/commons-digester/1.8.1/commons-digester-1.8.1.jar:/root/.m2/repository/io/jaegertracing/jaeger-client/0.33.1/jaeger-client-0.33.1.jar:/root/.m2/repository/io/jaegertracing/jaeger-thrift/0.33.1/jaeger-thrift-0.33.1.jar:/root/.m2/repository/org/apache/thrift/libthrift/0.11.0/libthrift-0.11.0.jar:/root/.m2/repository/com/squareup/okhttp3/okhttp/3.9.0/okhttp-3.9.0.jar:/root/.m2/repository/com/squareup/okio/okio/1.13.0/okio-1.13.0.jar:/root/.m2/repository/io/jaegertracing/jaeger-core/0.33.1/jaeger-core-0.33.1.jar:/root/.m2/repository/io/jaegertracing/jaeger-tracerresolver/0.33.1/jaeger-tracerresolver-0.33.1.jar:/root/.m2/repository/io/opentracing/contrib/opentracing-tracerresolver/0.1.5/opentracing-tracerresolver-0.1.5.jar:/root/.m2/repository/io/opentracing/opentracing-util/0.31.0/opentracing-util-0.31.0.jar:/root/.m2/repository/io/opentracing/opentracing-api/0.31.0/opentracing-api-0.31.0.jar:/root/.m2/repository/io/opentracing/opentracing-noop/0.31.0/opentracing-noop-0.31.0.jar:/root/.m2/repository/org/apache/hadoop/hadoop-hdds-server-framework/0.5.0-SNAPSHOT/hadoop-hdds-server-framework-0.5.0-SNAPSHOT.jar:/root/.m2/repository/org/apache/hadoop/hadoop-hdds-server-scm/0.5.0-SNAPSHOT/hadoop-hdds-server-scm-0.5.0-SNAPSHOT.jar:/root/.m2/repository/org/apache/hadoop/hadoop-hdds-container-service/0.5.0-SNAPSHOT/hadoop-hdds-container-service-0.5.0-SNAPSHOT.jar:/root/.m2/repository/org/apache/hadoop/hadoop-hdds-client/0.5.0-SNAPSHOT/hadoop-hdds-client-0.5.0-SNAPSHOT.jar:/root/.m2/repository/org/apache/hadoop/hadoop-hdds-tools/0.5.0-SNAPSHOT/hadoop-hdds-tools-0.5.0-SNAPSHOT.jar:/root/.m2/repository/org/apache/hadoop/hadoop-ozone-ozone-manager/0.5.0-SNAPSHOT/hadoop-ozone-ozone-manager-0.5.0-SNAPSHOT.jar:/root/.m2/repository/org/apache/hadoop/hadoop-hdds-docs/0.5.0-SNAPSHOT/hadoop-hdds-docs-0.5.0-SNAPSHOT.jar:/root/.m2/repository/org/bouncycastle/bcprov-jdk15on/1.60/bcprov-jdk15on-1.60.jar:/root/.m2/repository/org/apache/hadoop/hadoop-minikdc/3.2.0/hadoop-minikdc-3.2.0.jar:/root/.m2/repository/commons-io/commons-io/2.5/commons-io-2.5.jar:/root/.m2/repository/org/apache/kerby/kerb-simplekdc/1.0.1/kerb-simplekdc-1.0.1.jar:/root/.m2/repository/org/apache/kerby/kerb-client/1.0.1/kerb-client-1.0.1.jar:/root/.m2/repository/org/apache/kerby/kerby-config/1.0.1/kerby-config-1.0.1.jar:/root/.m2/repository/org/apache/kerby/kerb-core/1.0.1/kerb-core-1.0.1.jar:/root/.m2/repository/org/apache/kerby/kerby-pkix/1.0.1/kerby-pkix-1.0.1.jar:/root/.m2/repository/org/apache/kerby/kerby-asn1/1.0.1/kerby-asn1-1.0.1.jar:/root/.m2/repository/org/apache/kerby/kerby-util/1.0.1/kerby-util-1.0.1.jar:/root/.m2/repository/org/apache/kerby/kerb-common/1.0.1/kerb-common-1.0.1.jar:/root/.m2/repository/org/apache/kerby/kerb-crypto/1.0.1/kerb-crypto-1.0.1.jar:/root/.m2/repository/org/apache/kerby/kerb-util/1.0.1/kerb-util-1.0.1.jar:/root/.m2/repository/org/apache/kerby/token-provider/1.0.1/token-provider-1.0.1.jar:/root/.m2/repository/org/apache/kerby/kerb-admin/1.0.1/kerb-admin-1.0.1.jar:/root/.m2/repository/org/apache/kerby/kerb-server/1.0.1/kerb-server-1.0.1.jar:/root/.m2/repository/org/apache/kerby/kerb-identity/1.0.1/kerb-identity-1.0.1.jar:/root/.m2/repository/org/apache/kerby/kerby-xdr/1.0.1/kerby-xdr-1.0.1.jar:/root/.m2/repository/org/slf4j/slf4j-log4j12/1.7.25/slf4j-log4j12-1.7.25.jar:/root/.m2/repository/org/apache/hadoop/hadoop-ozone-objectstore-service/0.5.0-SNAPSHOT/hadoop-ozone-objectstore-service-0.5.0-SNAPSHOT.jar:/root/.m2/repository/org/apache/hadoop/hadoop-ozone-s3gateway/0.5.0-SNAPSHOT/hadoop-ozone-s3gateway-0.5.0-SNAPSHOT.jar:/root/.m2/repository/org/jboss/weld/servlet/weld-servlet/2.4.7.Final/weld-servlet-2.4.7.Final.jar:/root/.m2/repository/org/glassfish/jersey/containers/jersey-container-servlet-core/2.27/jersey-container-servlet-core-2.27.jar:/root/.m2/repository/org/glassfish/hk2/external/javax.inject/2.5.0-b42/javax.inject-2.5.0-b42.jar:/root/.m2/repository/org/glassfish/jersey/core/jersey-common/2.27/jersey-common-2.27.jar:/root/.m2/repository/org/glassfish/hk2/osgi-resource-locator/1.0.1/osgi-resource-locator-1.0.1.jar:/root/.m2/repository/javax/ws/rs/javax.ws.rs-api/2.1/javax.ws.rs-api-2.1.jar:/root/.m2/repository/org/glassfish/jersey/ext/cdi/jersey-cdi1x/2.27/jersey-cdi1x-2.27.jar:/root/.m2/repository/org/glassfish/jersey/inject/jersey-hk2/2.27/jersey-hk2-2.27.jar:/root/.m2/repository/org/glassfish/hk2/hk2-locator/2.5.0-b42/hk2-locator-2.5.0-b42.jar:/root/.m2/repository/org/javassist/javassist/3.22.0-CR2/javassist-3.22.0-CR2.jar:/root/.m2/repository/org/glassfish/hk2/hk2-api/2.5.0/hk2-api-2.5.0.jar:/root/.m2/repository/org/glassfish/hk2/external/jakarta.inject/2.5.0/jakarta.inject-2.5.0.jar:/root/.m2/repository/org/glassfish/hk2/hk2-utils/2.5.0/hk2-utils-2.5.0.jar:/root/.m2/repository/jakarta/annotation/jakarta.annotation-api/1.3.4/jakarta.annotation-api-1.3.4.jar:/root/.m2/repository/org/glassfish/hk2/external/aopalliance-repackaged/2.5.0/aopalliance-repackaged-2.5.0.jar:/root/.m2/repository/com/fasterxml/jackson/dataformat/jackson-dataformat-xml/2.9.0/jackson-dataformat-xml-2.9.0.jar:/root/.m2/repository/com/fasterxml/jackson/core/jackson-core/2.9.5/jackson-core-2.9.5.jar:/root/.m2/repository/com/fasterxml/jackson/module/jackson-module-jaxb-annotations/2.9.5/jackson-module-jaxb-annotations-2.9.5.jar:/root/.m2/repository/javax/enterprise/cdi-api/1.2/cdi-api-1.2.jar:/root/.m2/repository/javax/el/javax.el-api/3.0.0/javax.el-api-3.0.0.jar:/root/.m2/repository/javax/interceptor/javax.interceptor-api/1.2/javax.interceptor-api-1.2.jar:/root/.m2/repository/javax/inject/javax.inject/1/javax.inject-1.jar:/root/.m2/repository/com/sun/xml/bind/jaxb-impl/2.3.0.1/jaxb-impl-2.3.0.1.jar:/root/.m2/repository/com/sun/xml/bind/jaxb-core/2.3.0.1/jaxb-core-2.3.0.1.jar:/root/.m2/repository/javax/xml/bind/jaxb-api/2.3.0/jaxb-api-2.3.0.jar:/root/.m2/repository/javax/activation/activation/1.1.1/activation-1.1.1.jar:/root/.m2/repository/org/apache/hadoop/hadoop-ozone-csi/0.5.0-SNAPSHOT/hadoop-ozone-csi-0.5.0-SNAPSHOT.jar:/root/.m2/repository/com/google/protobuf/protobuf-java-util/3.5.1/protobuf-java-util-3.5.1.jar:/root/.m2/repository/org/apache/hadoop/hadoop-hdds-config/0.5.0-SNAPSHOT/hadoop-hdds-config-0.5.0-SNAPSHOT.jar:/root/.m2/repository/com/google/guava/guava/11.0.2/guava-11.0.2.jar:/root/.m2/repository/com/google/protobuf/protobuf-java/2.5.0/protobuf-java-2.5.0.jar:/root/.m2/repository/io/grpc/grpc-netty/1.17.1/grpc-netty-1.17.1.jar:/root/.m2/repository/io/grpc/grpc-core/1.17.1/grpc-core-1.17.1.jar:/root/.m2/repository/io/grpc/grpc-context/1.17.1/grpc-context-1.17.1.jar:/root/.m2/repository/com/google/errorprone/error_prone_annotations/2.2.0/error_prone_annotations-2.2.0.jar:/root/.m2/repository/org/codehaus/mojo/animal-sniffer-annotations/1.17/animal-sniffer-annotations-1.17.jar:/root/.m2/repository/io/opencensus/opencensus-api/0.17.0/opencensus-api-0.17.0.jar:/root/.m2/repository/io/opencensus/opencensus-contrib-grpc-metrics/0.17.0/opencensus-contrib-grpc-metrics-0.17.0.jar:/root/.m2/repository/io/netty/netty-codec-http2/4.1.30.Final/netty-codec-http2-4.1.30.Final.jar:/root/.m2/repository/io/netty/netty-codec-http/4.1.30.Final/netty-codec-http-4.1.30.Final.jar:/root/.m2/repository/io/netty/netty-codec/4.1.30.Final/netty-codec-4.1.30.Final.jar:/root/.m2/repository/io/netty/netty-handler/4.1.30.Final/netty-handler-4.1.30.Final.jar:/root/.m2/repository/io/netty/netty-handler-proxy/4.1.30.Final/netty-handler-proxy-4.1.30.Final.jar:/root/.m2/repository/io/netty/netty-codec-socks/4.1.30.Final/netty-codec-socks-4.1.30.Final.jar:/root/.m2/repository/io/netty/netty-transport-native-epoll/4.1.30.Final/netty-transport-native-epoll-4.1.30.Final.jar:/root/.m2/repository/io/netty/netty-common/4.1.30.Final/netty-common-4.1.30.Final.jar:/root/.m2/repository/io/netty/netty-buffer/4.1.30.Final/netty-buffer-4.1.30.Final.jar:/root/.m2/repository/io/netty/netty-transport/4.1.30.Final/netty-transport-4.1.30.Final.jar:/root/.m2/repository/io/netty/netty-resolver/4.1.30.Final/netty-resolver-4.1.30.Final.jar:/root/.m2/repository/io/netty/netty-transport-native-unix-common/4.1.30.Final/netty-transport-native-unix-common-4.1.30.Final.jar:/root/.m2/repository/io/grpc/grpc-protobuf/1.17.1/grpc-protobuf-1.17.1.jar:/root/.m2/repository/com/google/api/grpc/proto-google-common-protos/1.0.0/proto-google-common-protos-1.0.0.jar:/root/.m2/repository/io/grpc/grpc-protobuf-lite/1.17.1/grpc-protobuf-lite-1.17.1.jar:/root/.m2/repository/io/grpc/grpc-stub/1.17.1/grpc-stub-1.17.1.jar:/root/.m2/repository/org/apache/hadoop/hadoop-ozone-recon/0.5.0-SNAPSHOT/hadoop-ozone-recon-0.5.0-SNAPSHOT.jar:/root/.m2/repository/org/apache/hadoop/hadoop-ozone-reconcodegen/0.5.0-SNAPSHOT/hadoop-ozone-reconcodegen-0.5.0-SNAPSHOT.jar:/root/.m2/repository/com/google/inject/extensions/guice-multibindings/4.0/guice-multibindings-4.0.jar:/root/.m2/repository/com/google/inject/guice/4.0/guice-4.0.jar:/root/.m2/repository/aopalliance/aopalliance/1.0/aopalliance-1.0.jar:/root/.m2/repository/com/google/inject/extensions/guice-servlet/4.0/guice-servlet-4.0.jar:/root/.m2/repository/org/glassfish/jersey/containers/jersey-container-servlet/2.27/jersey-container-servlet-2.27.jar:/root/.m2/repository/org/glassfish/hk2/guice-bridge/2.5.0/guice-bridge-2.5.0.jar:/root/.m2/repository/org/glassfish/jersey/core/jersey-server/2.27/jersey-server-2.27.jar:/root/.m2/repository/org/glassfish/jersey/core/jersey-client/2.27/jersey-client-2.27.jar:/root/.m2/repository/org/glassfish/jersey/media/jersey-media-jaxb/2.27/jersey-media-jaxb-2.27.jar:/root/.m2/repository/javax/validation/validation-api/1.1.0.Final/validation-api-1.1.0.Final.jar:/root/.m2/repository/org/glassfish/jersey/media/jersey-media-json-jackson/2.27/jersey-media-json-jackson-2.27.jar:/root/.m2/repository/org/glassfish/jersey/ext/jersey-entity-filtering/2.27/jersey-entity-filtering-2.27.jar:/root/.m2/repository/com/google/inject/extensions/guice-assistedinject/4.0/guice-assistedinject-4.0.jar:/root/.m2/repository/org/jooq/jooq/3.11.10/jooq-3.11.10.jar:/root/.m2/repository/org/jooq/jooq-meta/3.11.10/jooq-meta-3.11.10.jar:/root/.m2/repository/org/jooq/jooq-codegen/3.11.10/jooq-codegen-3.11.10.jar:/root/.m2/repository/com/jolbox/bonecp/0.8.0.RELEASE/bonecp-0.8.0.RELEASE.jar:/root/.m2/repository/org/xerial/sqlite-jdbc/3.25.2/sqlite-jdbc-3.25.2.jar:/root/.m2/repository/org/springframework/spring-jdbc/5.1.3.RELEASE/spring-jdbc-5.1.3.RELEASE.jar:/root/.m2/repository/org/springframework/spring-beans/5.1.3.RELEASE/spring-beans-5.1.3.RELEASE.jar:/root/.m2/repository/org/springframework/spring-core/5.1.3.RELEASE/spring-core-5.1.3.RELEASE.jar:/root/.m2/repository/org/springframework/spring-jcl/5.1.3.RELEASE/spring-jcl-5.1.3.RELEASE.jar:/root/.m2/repository/org/springframework/spring-tx/5.1.3.RELEASE/spring-tx-5.1.3.RELEASE.jar:/root/.m2/repository/org/apache/hadoop/hadoop-ozone-client/0.5.0-SNAPSHOT/hadoop-ozone-client-0.5.0-SNAPSHOT.jar:/root/.m2/repository/org/apache/hadoop/hadoop-ozone-ozone-manager/0.5.0-SNAPSHOT/hadoop-ozone-ozone-manager-0.5.0-SNAPSHOT-tests.jar:/root/.m2/repository/junit/junit/4.11/junit-4.11.jar:/root/.m2/repository/org/hamcrest/hamcrest-core/1.3/hamcrest-core-1.3.jar:/root/.m2/repository/org/openjdk/jmh/jmh-core/1.19/jmh-core-1.19.jar:/root/.m2/repository/net/sf/jopt-simple/jopt-simple/4.6/jopt-simple-4.6.jar:/root/.m2/repository/org/apache/commons/commons-math3/3.1.1/commons-math3-3.1.1.jar:/root/.m2/repository/org/openjdk/jmh/jmh-generator-annprocess/1.19/jmh-generator-annprocess-1.19.jar:/root/.m2/repository/org/mockito/mockito-all/1.8.5/mockito-all-1.8.5.jar:/root/.m2/repository/org/apache/hadoop/hadoop-kms/3.2.0/hadoop-kms-3.2.0.jar:/root/.m2/repository/org/apache/hadoop/hadoop-auth/3.2.0/hadoop-auth-3.2.0.jar:/root/.m2/repository/com/nimbusds/nimbus-jose-jwt/4.41.1/nimbus-jose-jwt-4.41.1.jar:/root/.m2/repository/com/github/stephenc/jcip/jcip-annotations/1.0-1/jcip-annotations-1.0-1.jar:/root/.m2/repository/net/minidev/json-smart/2.3/json-smart-2.3.jar:/root/.m2/repository/net/minidev/accessors-smart/1.2/accessors-smart-1.2.jar:/root/.m2/repository/org/ow2/asm/asm/5.0.4/asm-5.0.4.jar:/root/.m2/repository/org/apache/curator/curator-framework/2.12.0/curator-framework-2.12.0.jar:/root/.m2/repository/com/sun/jersey/jersey-core/1.19/jersey-core-1.19.jar:/root/.m2/repository/javax/ws/rs/jsr311-api/1.1.1/jsr311-api-1.1.1.jar:/root/.m2/repository/com/sun/jersey/jersey-server/1.19/jersey-server-1.19.jar:/root/.m2/repository/javax/servlet/javax.servlet-api/3.1.0/javax.servlet-api-3.1.0.jar:/root/.m2/repository/org/eclipse/jetty/jetty-server/9.3.24.v20180605/jetty-server-9.3.24.v20180605.jar:/root/.m2/repository/org/eclipse/jetty/jetty-http/9.3.24.v20180605/jetty-http-9.3.24.v20180605.jar:/root/.m2/repository/org/eclipse/jetty/jetty-io/9.3.24.v20180605/jetty-io-9.3.24.v20180605.jar:/root/.m2/repository/org/eclipse/jetty/jetty-webapp/9.3.24.v20180605/jetty-webapp-9.3.24.v20180605.jar:/root/.m2/repository/org/eclipse/jetty/jetty-xml/9.3.24.v20180605/jetty-xml-9.3.24.v20180605.jar:/root/.m2/repository/log4j/log4j/1.2.17/log4j-1.2.17.jar:/root/.m2/repository/org/slf4j/slf4j-api/1.7.25/slf4j-api-1.7.25.jar:/root/.m2/repository/org/slf4j/jul-to-slf4j/1.7.25/jul-to-slf4j-1.7.25.jar:/root/.m2/repository/org/eclipse/jetty/jetty-util/9.3.24.v20180605/jetty-util-9.3.24.v20180605.jar:/root/.m2/repository/io/dropwizard/metrics/metrics-core/3.2.4/metrics-core-3.2.4.jar:/root/.m2/repository/com/fasterxml/jackson/core/jackson-databind/2.9.5/jackson-databind-2.9.5.jar:/root/.m2/repository/org/apache/hadoop/hadoop-kms/3.2.0/hadoop-kms-3.2.0-tests.jar:/root/.m2/repository/org/apache/hadoop/hadoop-hdds-server-scm/0.5.0-SNAPSHOT/hadoop-hdds-server-scm-0.5.0-SNAPSHOT-tests.jar:/root/.m2/repository/org/hamcrest/hamcrest-all/1.3/hamcrest-all-1.3.jar:/root/.m2/repository/info/picocli/picocli/3.9.6/picocli-3.9.6.jar:/root/.m2/repository/org/apache/hadoop/hadoop-hdds-container-service/0.5.0-SNAPSHOT/hadoop-hdds-container-service-0.5.0-SNAPSHOT-tests.jar:/root/.m2/repository/org/yaml/snakeyaml/1.16/snakeyaml-1.16.jar:/root/.m2/repository/org/apache/hadoop/hadoop-common/3.2.0/hadoop-common-3.2.0-tests.jar:/root/.m2/repository/org/apache/hadoop/hadoop-annotations/3.2.0/hadoop-annotations-3.2.0.jar:/usr/lib/jvm/java-1.8-openjdk/jre/../lib/tools.jar:/root/.m2/repository/commons-cli/commons-cli/1.2/commons-cli-1.2.jar:/root/.m2/repository/org/apache/httpcomponents/httpclient/4.5.2/httpclient-4.5.2.jar:/root/.m2/repository/org/apache/httpcomponents/httpcore/4.4.4/httpcore-4.4.4.jar:/root/.m2/repository/commons-codec/commons-codec/1.11/commons-codec-1.11.jar:/root/.m2/repository/commons-net/commons-net/3.6/commons-net-3.6.jar:/root/.m2/repository/commons-collections/commons-collections/3.2.2/commons-collections-3.2.2.jar:/root/.m2/repository/org/eclipse/jetty/jetty-servlet/9.3.24.v20180605/jetty-servlet-9.3.24.v20180605.jar:/root/.m2/repository/org/eclipse/jetty/jetty-security/9.3.24.v20180605/jetty-security-9.3.24.v20180605.jar:/root/.m2/repository/javax/servlet/jsp/jsp-api/2.1/jsp-api-2.1.jar:/root/.m2/repository/com/sun/jersey/jersey-servlet/1.19/jersey-servlet-1.19.jar:/root/.m2/repository/com/sun/jersey/jersey-json/1.19/jersey-json-1.19.jar:/root/.m2/repository/org/codehaus/jettison/jettison/1.1/jettison-1.1.jar:/root/.m2/repository/org/codehaus/jackson/jackson-core-asl/1.9.13/jackson-core-asl-1.9.13.jar:/root/.m2/repository/org/codehaus/jackson/jackson-mapper-asl/1.9.13/jackson-mapper-asl-1.9.13.jar:/root/.m2/repository/org/codehaus/jackson/jackson-jaxrs/1.9.13/jackson-jaxrs-1.9.13.jar:/root/.m2/repository/org/codehaus/jackson/jackson-xc/1.9.13/jackson-xc-1.9.13.jar:/root/.m2/repository/commons-logging/commons-logging/1.1.3/commons-logging-1.1.3.jar:/root/.m2/repository/commons-beanutils/commons-beanutils/1.9.3/commons-beanutils-1.9.3.jar:/root/.m2/repository/org/apache/commons/commons-configuration2/2.1.1/commons-configuration2-2.1.1.jar:/root/.m2/repository/org/apache/commons/commons-lang3/3.7/commons-lang3-3.7.jar:/root/.m2/repository/org/apache/commons/commons-text/1.4/commons-text-1.4.jar:/root/.m2/repository/org/apache/avro/avro/1.7.7/avro-1.7.7.jar:/root/.m2/repository/com/thoughtworks/paranamer/paranamer/2.3/paranamer-2.3.jar:/root/.m2/repository/org/xerial/snappy/snappy-java/1.0.5/snappy-java-1.0.5.jar:/root/.m2/repository/com/google/re2j/re2j/1.1/re2j-1.1.jar:/root/.m2/repository/com/google/code/gson/gson/2.2.4/gson-2.2.4.jar:/root/.m2/repository/com/jcraft/jsch/0.1.54/jsch-0.1.54.jar:/root/.m2/repository/org/apache/curator/curator-client/2.12.0/curator-client-2.12.0.jar:/root/.m2/repository/org/apache/curator/curator-recipes/2.12.0/curator-recipes-2.12.0.jar:/root/.m2/repository/com/google/code/findbugs/jsr305/3.0.0/jsr305-3.0.0.jar:/root/.m2/repository/org/apache/htrace/htrace-core4/4.1.0-incubating/htrace-core4-4.1.0-incubating.jar:/root/.m2/repository/org/apache/zookeeper/zookeeper/3.4.13/zookeeper-3.4.13.jar:/root/.m2/repository/org/apache/yetus/audience-annotations/0.5.0/audience-annotations-0.5.0.jar:/root/.m2/repository/org/codehaus/woodstox/stax2-api/3.1.4/stax2-api-3.1.4.jar:/root/.m2/repository/com/fasterxml/woodstox/woodstox-core/5.0.3/woodstox-core-5.0.3.jar:/root/.m2/repository/dnsjava/dnsjava/2.1.7/dnsjava-2.1.7.jar:/root/.m2/repository/org/apache/hadoop/hadoop-hdfs/3.2.0/hadoop-hdfs-3.2.0-tests.jar:/root/.m2/repository/org/eclipse/jetty/jetty-util-ajax/9.3.24.v20180605/jetty-util-ajax-9.3.24.v20180605.jar:/root/.m2/repository/commons-daemon/commons-daemon/1.0.13/commons-daemon-1.0.13.jar:/root/.m2/repository/io/netty/netty/3.10.5.Final/netty-3.10.5.Final.jar:/root/.m2/repository/io/netty/netty-all/4.0.52.Final/netty-all-4.0.52.Final.jar:/root/.m2/repository/org/fusesource/leveldbjni/leveldbjni-all/1.8/leveldbjni-all-1.8.jar:"/>
    <property name="java.vm.vendor" value="IcedTea"/>
    <property name="sun.arch.data.model" value="64"/>
    <property name="test.build.dir" value="/opt/src/hadoop-ozone/integration-test/target/test-dir"/>
    <property name="test.cache.data" value=""/>
    <property name="java.vendor.url" value="https://icedtea.classpath.org"/>
    <property name="user.timezone" value=""/>
    <property name="java.vm.specification.version" value="1.8"/>
    <property name="os.name" value="Linux"/>
    <property name="test.build.data" value="/opt/src/hadoop-ozone/integration-test/target/test-dir"/>
    <property name="user.country" value="US"/>
    <property name="sun.java.launcher" value="SUN_STANDARD"/>
    <property name="sun.boot.library.path" value="/usr/lib/jvm/java-1.8-openjdk/jre/lib/amd64"/>
    <property name="sun.java.command" value="/opt/src/hadoop-ozone/integration-test/target/surefire/surefirebooter4289044597924337524.jar /opt/src/hadoop-ozone/integration-test/target/surefire 2019-06-13T10-41-38_342-jvmRun1 surefire3429335471068980347tmp surefire_87608530287118768603tmp"/>
    <property name="surefire.test.class.path" value="/opt/src/hadoop-ozone/integration-test/target/test-classes:/opt/src/hadoop-ozone/integration-test/target/classes:/root/.m2/repository/org/apache/hadoop/hadoop-ozone-common/0.5.0-SNAPSHOT/hadoop-ozone-common-0.5.0-SNAPSHOT.jar:/root/.m2/repository/org/apache/commons/commons-compress/1.4.1/commons-compress-1.4.1.jar:/root/.m2/repository/org/tukaani/xz/1.0/xz-1.0.jar:/root/.m2/repository/org/apache/hadoop/hadoop-common/3.2.0/hadoop-common-3.2.0.jar:/root/.m2/repository/org/apache/hadoop/hadoop-hdfs/3.2.0/hadoop-hdfs-3.2.0.jar:/root/.m2/repository/org/apache/hadoop/hadoop-hdfs-client/3.2.0/hadoop-hdfs-client-3.2.0.jar:/root/.m2/repository/com/fasterxml/jackson/core/jackson-annotations/2.9.5/jackson-annotations-2.9.5.jar:/root/.m2/repository/org/apache/hadoop/hadoop-hdds-common/0.5.0-SNAPSHOT/hadoop-hdds-common-0.5.0-SNAPSHOT.jar:/root/.m2/repository/javax/annotation/javax.annotation-api/1.2/javax.annotation-api-1.2.jar:/root/.m2/repository/org/apache/ratis/ratis-server/0.4.0-fe2b15d-SNAPSHOT/ratis-server-0.4.0-fe2b15d-SNAPSHOT.jar:/root/.m2/repository/org/apache/ratis/ratis-thirdparty-misc/0.2.0/ratis-thirdparty-misc-0.2.0.jar:/root/.m2/repository/org/apache/ratis/ratis-proto/0.4.0-fe2b15d-SNAPSHOT/ratis-proto-0.4.0-fe2b15d-SNAPSHOT.jar:/root/.m2/repository/org/apache/ratis/ratis-common/0.4.0-fe2b15d-SNAPSHOT/ratis-common-0.4.0-fe2b15d-SNAPSHOT.jar:/root/.m2/repository/org/apache/ratis/ratis-client/0.4.0-fe2b15d-SNAPSHOT/ratis-client-0.4.0-fe2b15d-SNAPSHOT.jar:/root/.m2/repository/org/apache/ratis/ratis-netty/0.4.0-fe2b15d-SNAPSHOT/ratis-netty-0.4.0-fe2b15d-SNAPSHOT.jar:/root/.m2/repository/org/apache/ratis/ratis-grpc/0.4.0-fe2b15d-SNAPSHOT/ratis-grpc-0.4.0-fe2b15d-SNAPSHOT.jar:/root/.m2/repository/org/rocksdb/rocksdbjni/5.14.2/rocksdbjni-5.14.2.jar:/root/.m2/repository/org/apache/logging/log4j/log4j-api/2.11.0/log4j-api-2.11.0.jar:/root/.m2/repository/org/apache/logging/log4j/log4j-core/2.11.0/log4j-core-2.11.0.jar:/root/.m2/repository/com/lmax/disruptor/3.4.2/disruptor-3.4.2.jar:/root/.m2/repository/org/apache/commons/commons-pool2/2.6.0/commons-pool2-2.6.0.jar:/root/.m2/repository/org/bouncycastle/bcpkix-jdk15on/1.60/bcpkix-jdk15on-1.60.jar:/root/.m2/repository/commons-validator/commons-validator/1.6/commons-validator-1.6.jar:/root/.m2/repository/commons-digester/commons-digester/1.8.1/commons-digester-1.8.1.jar:/root/.m2/repository/io/jaegertracing/jaeger-client/0.33.1/jaeger-client-0.33.1.jar:/root/.m2/repository/io/jaegertracing/jaeger-thrift/0.33.1/jaeger-thrift-0.33.1.jar:/root/.m2/repository/org/apache/thrift/libthrift/0.11.0/libthrift-0.11.0.jar:/root/.m2/repository/com/squareup/okhttp3/okhttp/3.9.0/okhttp-3.9.0.jar:/root/.m2/repository/com/squareup/okio/okio/1.13.0/okio-1.13.0.jar:/root/.m2/repository/io/jaegertracing/jaeger-core/0.33.1/jaeger-core-0.33.1.jar:/root/.m2/repository/io/jaegertracing/jaeger-tracerresolver/0.33.1/jaeger-tracerresolver-0.33.1.jar:/root/.m2/repository/io/opentracing/contrib/opentracing-tracerresolver/0.1.5/opentracing-tracerresolver-0.1.5.jar:/root/.m2/repository/io/opentracing/opentracing-util/0.31.0/opentracing-util-0.31.0.jar:/root/.m2/repository/io/opentracing/opentracing-api/0.31.0/opentracing-api-0.31.0.jar:/root/.m2/repository/io/opentracing/opentracing-noop/0.31.0/opentracing-noop-0.31.0.jar:/root/.m2/repository/org/apache/hadoop/hadoop-hdds-server-framework/0.5.0-SNAPSHOT/hadoop-hdds-server-framework-0.5.0-SNAPSHOT.jar:/root/.m2/repository/org/apache/hadoop/hadoop-hdds-server-scm/0.5.0-SNAPSHOT/hadoop-hdds-server-scm-0.5.0-SNAPSHOT.jar:/root/.m2/repository/org/apache/hadoop/hadoop-hdds-container-service/0.5.0-SNAPSHOT/hadoop-hdds-container-service-0.5.0-SNAPSHOT.jar:/root/.m2/repository/org/apache/hadoop/hadoop-hdds-client/0.5.0-SNAPSHOT/hadoop-hdds-client-0.5.0-SNAPSHOT.jar:/root/.m2/repository/org/apache/hadoop/hadoop-hdds-tools/0.5.0-SNAPSHOT/hadoop-hdds-tools-0.5.0-SNAPSHOT.jar:/root/.m2/repository/org/apache/hadoop/hadoop-ozone-ozone-manager/0.5.0-SNAPSHOT/hadoop-ozone-ozone-manager-0.5.0-SNAPSHOT.jar:/root/.m2/repository/org/apache/hadoop/hadoop-hdds-docs/0.5.0-SNAPSHOT/hadoop-hdds-docs-0.5.0-SNAPSHOT.jar:/root/.m2/repository/org/bouncycastle/bcprov-jdk15on/1.60/bcprov-jdk15on-1.60.jar:/root/.m2/repository/org/apache/hadoop/hadoop-minikdc/3.2.0/hadoop-minikdc-3.2.0.jar:/root/.m2/repository/commons-io/commons-io/2.5/commons-io-2.5.jar:/root/.m2/repository/org/apache/kerby/kerb-simplekdc/1.0.1/kerb-simplekdc-1.0.1.jar:/root/.m2/repository/org/apache/kerby/kerb-client/1.0.1/kerb-client-1.0.1.jar:/root/.m2/repository/org/apache/kerby/kerby-config/1.0.1/kerby-config-1.0.1.jar:/root/.m2/repository/org/apache/kerby/kerb-core/1.0.1/kerb-core-1.0.1.jar:/root/.m2/repository/org/apache/kerby/kerby-pkix/1.0.1/kerby-pkix-1.0.1.jar:/root/.m2/repository/org/apache/kerby/kerby-asn1/1.0.1/kerby-asn1-1.0.1.jar:/root/.m2/repository/org/apache/kerby/kerby-util/1.0.1/kerby-util-1.0.1.jar:/root/.m2/repository/org/apache/kerby/kerb-common/1.0.1/kerb-common-1.0.1.jar:/root/.m2/repository/org/apache/kerby/kerb-crypto/1.0.1/kerb-crypto-1.0.1.jar:/root/.m2/repository/org/apache/kerby/kerb-util/1.0.1/kerb-util-1.0.1.jar:/root/.m2/repository/org/apache/kerby/token-provider/1.0.1/token-provider-1.0.1.jar:/root/.m2/repository/org/apache/kerby/kerb-admin/1.0.1/kerb-admin-1.0.1.jar:/root/.m2/repository/org/apache/kerby/kerb-server/1.0.1/kerb-server-1.0.1.jar:/root/.m2/repository/org/apache/kerby/kerb-identity/1.0.1/kerb-identity-1.0.1.jar:/root/.m2/repository/org/apache/kerby/kerby-xdr/1.0.1/kerby-xdr-1.0.1.jar:/root/.m2/repository/org/slf4j/slf4j-log4j12/1.7.25/slf4j-log4j12-1.7.25.jar:/root/.m2/repository/org/apache/hadoop/hadoop-ozone-objectstore-service/0.5.0-SNAPSHOT/hadoop-ozone-objectstore-service-0.5.0-SNAPSHOT.jar:/root/.m2/repository/org/apache/hadoop/hadoop-ozone-s3gateway/0.5.0-SNAPSHOT/hadoop-ozone-s3gateway-0.5.0-SNAPSHOT.jar:/root/.m2/repository/org/jboss/weld/servlet/weld-servlet/2.4.7.Final/weld-servlet-2.4.7.Final.jar:/root/.m2/repository/org/glassfish/jersey/containers/jersey-container-servlet-core/2.27/jersey-container-servlet-core-2.27.jar:/root/.m2/repository/org/glassfish/hk2/external/javax.inject/2.5.0-b42/javax.inject-2.5.0-b42.jar:/root/.m2/repository/org/glassfish/jersey/core/jersey-common/2.27/jersey-common-2.27.jar:/root/.m2/repository/org/glassfish/hk2/osgi-resource-locator/1.0.1/osgi-resource-locator-1.0.1.jar:/root/.m2/repository/javax/ws/rs/javax.ws.rs-api/2.1/javax.ws.rs-api-2.1.jar:/root/.m2/repository/org/glassfish/jersey/ext/cdi/jersey-cdi1x/2.27/jersey-cdi1x-2.27.jar:/root/.m2/repository/org/glassfish/jersey/inject/jersey-hk2/2.27/jersey-hk2-2.27.jar:/root/.m2/repository/org/glassfish/hk2/hk2-locator/2.5.0-b42/hk2-locator-2.5.0-b42.jar:/root/.m2/repository/org/javassist/javassist/3.22.0-CR2/javassist-3.22.0-CR2.jar:/root/.m2/repository/org/glassfish/hk2/hk2-api/2.5.0/hk2-api-2.5.0.jar:/root/.m2/repository/org/glassfish/hk2/external/jakarta.inject/2.5.0/jakarta.inject-2.5.0.jar:/root/.m2/repository/org/glassfish/hk2/hk2-utils/2.5.0/hk2-utils-2.5.0.jar:/root/.m2/repository/jakarta/annotation/jakarta.annotation-api/1.3.4/jakarta.annotation-api-1.3.4.jar:/root/.m2/repository/org/glassfish/hk2/external/aopalliance-repackaged/2.5.0/aopalliance-repackaged-2.5.0.jar:/root/.m2/repository/com/fasterxml/jackson/dataformat/jackson-dataformat-xml/2.9.0/jackson-dataformat-xml-2.9.0.jar:/root/.m2/repository/com/fasterxml/jackson/core/jackson-core/2.9.5/jackson-core-2.9.5.jar:/root/.m2/repository/com/fasterxml/jackson/module/jackson-module-jaxb-annotations/2.9.5/jackson-module-jaxb-annotations-2.9.5.jar:/root/.m2/repository/javax/enterprise/cdi-api/1.2/cdi-api-1.2.jar:/root/.m2/repository/javax/el/javax.el-api/3.0.0/javax.el-api-3.0.0.jar:/root/.m2/repository/javax/interceptor/javax.interceptor-api/1.2/javax.interceptor-api-1.2.jar:/root/.m2/repository/javax/inject/javax.inject/1/javax.inject-1.jar:/root/.m2/repository/com/sun/xml/bind/jaxb-impl/2.3.0.1/jaxb-impl-2.3.0.1.jar:/root/.m2/repository/com/sun/xml/bind/jaxb-core/2.3.0.1/jaxb-core-2.3.0.1.jar:/root/.m2/repository/javax/xml/bind/jaxb-api/2.3.0/jaxb-api-2.3.0.jar:/root/.m2/repository/javax/activation/activation/1.1.1/activation-1.1.1.jar:/root/.m2/repository/org/apache/hadoop/hadoop-ozone-csi/0.5.0-SNAPSHOT/hadoop-ozone-csi-0.5.0-SNAPSHOT.jar:/root/.m2/repository/com/google/protobuf/protobuf-java-util/3.5.1/protobuf-java-util-3.5.1.jar:/root/.m2/repository/org/apache/hadoop/hadoop-hdds-config/0.5.0-SNAPSHOT/hadoop-hdds-config-0.5.0-SNAPSHOT.jar:/root/.m2/repository/com/google/guava/guava/11.0.2/guava-11.0.2.jar:/root/.m2/repository/com/google/protobuf/protobuf-java/2.5.0/protobuf-java-2.5.0.jar:/root/.m2/repository/io/grpc/grpc-netty/1.17.1/grpc-netty-1.17.1.jar:/root/.m2/repository/io/grpc/grpc-core/1.17.1/grpc-core-1.17.1.jar:/root/.m2/repository/io/grpc/grpc-context/1.17.1/grpc-context-1.17.1.jar:/root/.m2/repository/com/google/errorprone/error_prone_annotations/2.2.0/error_prone_annotations-2.2.0.jar:/root/.m2/repository/org/codehaus/mojo/animal-sniffer-annotations/1.17/animal-sniffer-annotations-1.17.jar:/root/.m2/repository/io/opencensus/opencensus-api/0.17.0/opencensus-api-0.17.0.jar:/root/.m2/repository/io/opencensus/opencensus-contrib-grpc-metrics/0.17.0/opencensus-contrib-grpc-metrics-0.17.0.jar:/root/.m2/repository/io/netty/netty-codec-http2/4.1.30.Final/netty-codec-http2-4.1.30.Final.jar:/root/.m2/repository/io/netty/netty-codec-http/4.1.30.Final/netty-codec-http-4.1.30.Final.jar:/root/.m2/repository/io/netty/netty-codec/4.1.30.Final/netty-codec-4.1.30.Final.jar:/root/.m2/repository/io/netty/netty-handler/4.1.30.Final/netty-handler-4.1.30.Final.jar:/root/.m2/repository/io/netty/netty-handler-proxy/4.1.30.Final/netty-handler-proxy-4.1.30.Final.jar:/root/.m2/repository/io/netty/netty-codec-socks/4.1.30.Final/netty-codec-socks-4.1.30.Final.jar:/root/.m2/repository/io/netty/netty-transport-native-epoll/4.1.30.Final/netty-transport-native-epoll-4.1.30.Final.jar:/root/.m2/repository/io/netty/netty-common/4.1.30.Final/netty-common-4.1.30.Final.jar:/root/.m2/repository/io/netty/netty-buffer/4.1.30.Final/netty-buffer-4.1.30.Final.jar:/root/.m2/repository/io/netty/netty-transport/4.1.30.Final/netty-transport-4.1.30.Final.jar:/root/.m2/repository/io/netty/netty-resolver/4.1.30.Final/netty-resolver-4.1.30.Final.jar:/root/.m2/repository/io/netty/netty-transport-native-unix-common/4.1.30.Final/netty-transport-native-unix-common-4.1.30.Final.jar:/root/.m2/repository/io/grpc/grpc-protobuf/1.17.1/grpc-protobuf-1.17.1.jar:/root/.m2/repository/com/google/api/grpc/proto-google-common-protos/1.0.0/proto-google-common-protos-1.0.0.jar:/root/.m2/repository/io/grpc/grpc-protobuf-lite/1.17.1/grpc-protobuf-lite-1.17.1.jar:/root/.m2/repository/io/grpc/grpc-stub/1.17.1/grpc-stub-1.17.1.jar:/root/.m2/repository/org/apache/hadoop/hadoop-ozone-recon/0.5.0-SNAPSHOT/hadoop-ozone-recon-0.5.0-SNAPSHOT.jar:/root/.m2/repository/org/apache/hadoop/hadoop-ozone-reconcodegen/0.5.0-SNAPSHOT/hadoop-ozone-reconcodegen-0.5.0-SNAPSHOT.jar:/root/.m2/repository/com/google/inject/extensions/guice-multibindings/4.0/guice-multibindings-4.0.jar:/root/.m2/repository/com/google/inject/guice/4.0/guice-4.0.jar:/root/.m2/repository/aopalliance/aopalliance/1.0/aopalliance-1.0.jar:/root/.m2/repository/com/google/inject/extensions/guice-servlet/4.0/guice-servlet-4.0.jar:/root/.m2/repository/org/glassfish/jersey/containers/jersey-container-servlet/2.27/jersey-container-servlet-2.27.jar:/root/.m2/repository/org/glassfish/hk2/guice-bridge/2.5.0/guice-bridge-2.5.0.jar:/root/.m2/repository/org/glassfish/jersey/core/jersey-server/2.27/jersey-server-2.27.jar:/root/.m2/repository/org/glassfish/jersey/core/jersey-client/2.27/jersey-client-2.27.jar:/root/.m2/repository/org/glassfish/jersey/media/jersey-media-jaxb/2.27/jersey-media-jaxb-2.27.jar:/root/.m2/repository/javax/validation/validation-api/1.1.0.Final/validation-api-1.1.0.Final.jar:/root/.m2/repository/org/glassfish/jersey/media/jersey-media-json-jackson/2.27/jersey-media-json-jackson-2.27.jar:/root/.m2/repository/org/glassfish/jersey/ext/jersey-entity-filtering/2.27/jersey-entity-filtering-2.27.jar:/root/.m2/repository/com/google/inject/extensions/guice-assistedinject/4.0/guice-assistedinject-4.0.jar:/root/.m2/repository/org/jooq/jooq/3.11.10/jooq-3.11.10.jar:/root/.m2/repository/org/jooq/jooq-meta/3.11.10/jooq-meta-3.11.10.jar:/root/.m2/repository/org/jooq/jooq-codegen/3.11.10/jooq-codegen-3.11.10.jar:/root/.m2/repository/com/jolbox/bonecp/0.8.0.RELEASE/bonecp-0.8.0.RELEASE.jar:/root/.m2/repository/org/xerial/sqlite-jdbc/3.25.2/sqlite-jdbc-3.25.2.jar:/root/.m2/repository/org/springframework/spring-jdbc/5.1.3.RELEASE/spring-jdbc-5.1.3.RELEASE.jar:/root/.m2/repository/org/springframework/spring-beans/5.1.3.RELEASE/spring-beans-5.1.3.RELEASE.jar:/root/.m2/repository/org/springframework/spring-core/5.1.3.RELEASE/spring-core-5.1.3.RELEASE.jar:/root/.m2/repository/org/springframework/spring-jcl/5.1.3.RELEASE/spring-jcl-5.1.3.RELEASE.jar:/root/.m2/repository/org/springframework/spring-tx/5.1.3.RELEASE/spring-tx-5.1.3.RELEASE.jar:/root/.m2/repository/org/apache/hadoop/hadoop-ozone-client/0.5.0-SNAPSHOT/hadoop-ozone-client-0.5.0-SNAPSHOT.jar:/root/.m2/repository/org/apache/hadoop/hadoop-ozone-ozone-manager/0.5.0-SNAPSHOT/hadoop-ozone-ozone-manager-0.5.0-SNAPSHOT-tests.jar:/root/.m2/repository/junit/junit/4.11/junit-4.11.jar:/root/.m2/repository/org/hamcrest/hamcrest-core/1.3/hamcrest-core-1.3.jar:/root/.m2/repository/org/openjdk/jmh/jmh-core/1.19/jmh-core-1.19.jar:/root/.m2/repository/net/sf/jopt-simple/jopt-simple/4.6/jopt-simple-4.6.jar:/root/.m2/repository/org/apache/commons/commons-math3/3.1.1/commons-math3-3.1.1.jar:/root/.m2/repository/org/openjdk/jmh/jmh-generator-annprocess/1.19/jmh-generator-annprocess-1.19.jar:/root/.m2/repository/org/mockito/mockito-all/1.8.5/mockito-all-1.8.5.jar:/root/.m2/repository/org/apache/hadoop/hadoop-kms/3.2.0/hadoop-kms-3.2.0.jar:/root/.m2/repository/org/apache/hadoop/hadoop-auth/3.2.0/hadoop-auth-3.2.0.jar:/root/.m2/repository/com/nimbusds/nimbus-jose-jwt/4.41.1/nimbus-jose-jwt-4.41.1.jar:/root/.m2/repository/com/github/stephenc/jcip/jcip-annotations/1.0-1/jcip-annotations-1.0-1.jar:/root/.m2/repository/net/minidev/json-smart/2.3/json-smart-2.3.jar:/root/.m2/repository/net/minidev/accessors-smart/1.2/accessors-smart-1.2.jar:/root/.m2/repository/org/ow2/asm/asm/5.0.4/asm-5.0.4.jar:/root/.m2/repository/org/apache/curator/curator-framework/2.12.0/curator-framework-2.12.0.jar:/root/.m2/repository/com/sun/jersey/jersey-core/1.19/jersey-core-1.19.jar:/root/.m2/repository/javax/ws/rs/jsr311-api/1.1.1/jsr311-api-1.1.1.jar:/root/.m2/repository/com/sun/jersey/jersey-server/1.19/jersey-server-1.19.jar:/root/.m2/repository/javax/servlet/javax.servlet-api/3.1.0/javax.servlet-api-3.1.0.jar:/root/.m2/repository/org/eclipse/jetty/jetty-server/9.3.24.v20180605/jetty-server-9.3.24.v20180605.jar:/root/.m2/repository/org/eclipse/jetty/jetty-http/9.3.24.v20180605/jetty-http-9.3.24.v20180605.jar:/root/.m2/repository/org/eclipse/jetty/jetty-io/9.3.24.v20180605/jetty-io-9.3.24.v20180605.jar:/root/.m2/repository/org/eclipse/jetty/jetty-webapp/9.3.24.v20180605/jetty-webapp-9.3.24.v20180605.jar:/root/.m2/repository/org/eclipse/jetty/jetty-xml/9.3.24.v20180605/jetty-xml-9.3.24.v20180605.jar:/root/.m2/repository/log4j/log4j/1.2.17/log4j-1.2.17.jar:/root/.m2/repository/org/slf4j/slf4j-api/1.7.25/slf4j-api-1.7.25.jar:/root/.m2/repository/org/slf4j/jul-to-slf4j/1.7.25/jul-to-slf4j-1.7.25.jar:/root/.m2/repository/org/eclipse/jetty/jetty-util/9.3.24.v20180605/jetty-util-9.3.24.v20180605.jar:/root/.m2/repository/io/dropwizard/metrics/metrics-core/3.2.4/metrics-core-3.2.4.jar:/root/.m2/repository/com/fasterxml/jackson/core/jackson-databind/2.9.5/jackson-databind-2.9.5.jar:/root/.m2/repository/org/apache/hadoop/hadoop-kms/3.2.0/hadoop-kms-3.2.0-tests.jar:/root/.m2/repository/org/apache/hadoop/hadoop-hdds-server-scm/0.5.0-SNAPSHOT/hadoop-hdds-server-scm-0.5.0-SNAPSHOT-tests.jar:/root/.m2/repository/org/hamcrest/hamcrest-all/1.3/hamcrest-all-1.3.jar:/root/.m2/repository/info/picocli/picocli/3.9.6/picocli-3.9.6.jar:/root/.m2/repository/org/apache/hadoop/hadoop-hdds-container-service/0.5.0-SNAPSHOT/hadoop-hdds-container-service-0.5.0-SNAPSHOT-tests.jar:/root/.m2/repository/org/yaml/snakeyaml/1.16/snakeyaml-1.16.jar:/root/.m2/repository/org/apache/hadoop/hadoop-common/3.2.0/hadoop-common-3.2.0-tests.jar:/root/.m2/repository/org/apache/hadoop/hadoop-annotations/3.2.0/hadoop-annotations-3.2.0.jar:/usr/lib/jvm/java-1.8-openjdk/jre/../lib/tools.jar:/root/.m2/repository/commons-cli/commons-cli/1.2/commons-cli-1.2.jar:/root/.m2/repository/org/apache/httpcomponents/httpclient/4.5.2/httpclient-4.5.2.jar:/root/.m2/repository/org/apache/httpcomponents/httpcore/4.4.4/httpcore-4.4.4.jar:/root/.m2/repository/commons-codec/commons-codec/1.11/commons-codec-1.11.jar:/root/.m2/repository/commons-net/commons-net/3.6/commons-net-3.6.jar:/root/.m2/repository/commons-collections/commons-collections/3.2.2/commons-collections-3.2.2.jar:/root/.m2/repository/org/eclipse/jetty/jetty-servlet/9.3.24.v20180605/jetty-servlet-9.3.24.v20180605.jar:/root/.m2/repository/org/eclipse/jetty/jetty-security/9.3.24.v20180605/jetty-security-9.3.24.v20180605.jar:/root/.m2/repository/javax/servlet/jsp/jsp-api/2.1/jsp-api-2.1.jar:/root/.m2/repository/com/sun/jersey/jersey-servlet/1.19/jersey-servlet-1.19.jar:/root/.m2/repository/com/sun/jersey/jersey-json/1.19/jersey-json-1.19.jar:/root/.m2/repository/org/codehaus/jettison/jettison/1.1/jettison-1.1.jar:/root/.m2/repository/org/codehaus/jackson/jackson-core-asl/1.9.13/jackson-core-asl-1.9.13.jar:/root/.m2/repository/org/codehaus/jackson/jackson-mapper-asl/1.9.13/jackson-mapper-asl-1.9.13.jar:/root/.m2/repository/org/codehaus/jackson/jackson-jaxrs/1.9.13/jackson-jaxrs-1.9.13.jar:/root/.m2/repository/org/codehaus/jackson/jackson-xc/1.9.13/jackson-xc-1.9.13.jar:/root/.m2/repository/commons-logging/commons-logging/1.1.3/commons-logging-1.1.3.jar:/root/.m2/repository/commons-beanutils/commons-beanutils/1.9.3/commons-beanutils-1.9.3.jar:/root/.m2/repository/org/apache/commons/commons-configuration2/2.1.1/commons-configuration2-2.1.1.jar:/root/.m2/repository/org/apache/commons/commons-lang3/3.7/commons-lang3-3.7.jar:/root/.m2/repository/org/apache/commons/commons-text/1.4/commons-text-1.4.jar:/root/.m2/repository/org/apache/avro/avro/1.7.7/avro-1.7.7.jar:/root/.m2/repository/com/thoughtworks/paranamer/paranamer/2.3/paranamer-2.3.jar:/root/.m2/repository/org/xerial/snappy/snappy-java/1.0.5/snappy-java-1.0.5.jar:/root/.m2/repository/com/google/re2j/re2j/1.1/re2j-1.1.jar:/root/.m2/repository/com/google/code/gson/gson/2.2.4/gson-2.2.4.jar:/root/.m2/repository/com/jcraft/jsch/0.1.54/jsch-0.1.54.jar:/root/.m2/repository/org/apache/curator/curator-client/2.12.0/curator-client-2.12.0.jar:/root/.m2/repository/org/apache/curator/curator-recipes/2.12.0/curator-recipes-2.12.0.jar:/root/.m2/repository/com/google/code/findbugs/jsr305/3.0.0/jsr305-3.0.0.jar:/root/.m2/repository/org/apache/htrace/htrace-core4/4.1.0-incubating/htrace-core4-4.1.0-incubating.jar:/root/.m2/repository/org/apache/zookeeper/zookeeper/3.4.13/zookeeper-3.4.13.jar:/root/.m2/repository/org/apache/yetus/audience-annotations/0.5.0/audience-annotations-0.5.0.jar:/root/.m2/repository/org/codehaus/woodstox/stax2-api/3.1.4/stax2-api-3.1.4.jar:/root/.m2/repository/com/fasterxml/woodstox/woodstox-core/5.0.3/woodstox-core-5.0.3.jar:/root/.m2/repository/dnsjava/dnsjava/2.1.7/dnsjava-2.1.7.jar:/root/.m2/repository/org/apache/hadoop/hadoop-hdfs/3.2.0/hadoop-hdfs-3.2.0-tests.jar:/root/.m2/repository/org/eclipse/jetty/jetty-util-ajax/9.3.24.v20180605/jetty-util-ajax-9.3.24.v20180605.jar:/root/.m2/repository/commons-daemon/commons-daemon/1.0.13/commons-daemon-1.0.13.jar:/root/.m2/repository/io/netty/netty/3.10.5.Final/netty-3.10.5.Final.jar:/root/.m2/repository/io/netty/netty-all/4.0.52.Final/netty-all-4.0.52.Final.jar:/root/.m2/repository/org/fusesource/leveldbjni/leveldbjni-all/1.8/leveldbjni-all-1.8.jar:"/>
    <property name="sun.cpu.endian" value="little"/>
    <property name="user.home" value="/root"/>
    <property name="user.language" value="en"/>
    <property name="java.specification.vendor" value="Oracle Corporation"/>
    <property name="java.home" value="/usr/lib/jvm/java-1.8-openjdk/jre"/>
    <property name="java.security.krb5.conf" value="/opt/src/hadoop-ozone/integration-test/target/test-classes/krb5.conf"/>
    <property name="basedir" value="/opt/src/hadoop-ozone/integration-test"/>
    <property name="file.separator" value="/"/>
    <property name="line.separator" value="&#10;"/>
    <property name="java.vm.specification.vendor" value="Oracle Corporation"/>
    <property name="java.specification.name" value="Java Platform API Specification"/>
    <property name="java.awt.graphicsenv" value="sun.awt.X11GraphicsEnvironment"/>
    <property name="surefire.real.class.path" value="/opt/src/hadoop-ozone/integration-test/target/surefire/surefirebooter4289044597924337524.jar"/>
    <property name="hadoop.log.dir" value="/opt/src/hadoop-ozone/integration-test/target/log"/>
    <property name="sun.boot.class.path" value="/usr/lib/jvm/java-1.8-openjdk/jre/lib/resources.jar:/usr/lib/jvm/java-1.8-openjdk/jre/lib/rt.jar:/usr/lib/jvm/java-1.8-openjdk/jre/lib/sunrsasign.jar:/usr/lib/jvm/java-1.8-openjdk/jre/lib/jsse.jar:/usr/lib/jvm/java-1.8-openjdk/jre/lib/jce.jar:/usr/lib/jvm/java-1.8-openjdk/jre/lib/charsets.jar:/usr/lib/jvm/java-1.8-openjdk/jre/lib/jfr.jar:/usr/lib/jvm/java-1.8-openjdk/jre/classes"/>
    <property name="sun.management.compiler" value="HotSpot 64-Bit Tiered Compilers"/>
    <property name="java.runtime.version" value="1.8.0_212-b04"/>
    <property name="java.net.preferIPv4Stack" value="true"/>
    <property name="user.name" value="root"/>
    <property name="path.separator" value=":"/>
    <property name="java.security.egd" value="file:///dev/urandom"/>
    <property name="os.version" value="4.15.0-1021-aws"/>
    <property name="java.endorsed.dirs" value="/usr/lib/jvm/java-1.8-openjdk/jre/lib/endorsed"/>
    <property name="java.runtime.name" value="OpenJDK Runtime Environment"/>
    <property name="file.encoding" value="UTF-8"/>
    <property name="java.vm.name" value="OpenJDK 64-Bit Server VM"/>
    <property name="test.build.webapps" value=""/>
    <property name="localRepository" value="/root/.m2/repository"/>
    <property name="java.vendor.url.bug" value="https://icedtea.classpath.org/bugzilla"/>
    <property name="java.io.tmpdir" value="/tmp"/>
    <property name="require.test.libhadoop" value=""/>
    <property name="java.version" value="1.8.0_212"/>
    <property name="user.dir" value="/opt/src/hadoop-ozone/integration-test"/>
    <property name="os.arch" value="amd64"/>
    <property name="java.vm.specification.name" value="Java Virtual Machine Specification"/>
    <property name="test.build.classes" value="/opt/src/hadoop-ozone/integration-test/target/test-classes"/>
    <property name="java.awt.printerjob" value="sun.print.PSPrinterJob"/>
    <property name="sun.os.patch.level" value="unknown"/>
    <property name="hadoop.tmp.dir" value="/opt/src/hadoop-ozone/integration-test/target/tmp"/>
    <property name="java.library.path" value="/usr/lib/jvm/java-1.8-openjdk/jre/lib/amd64/server:/usr/lib/jvm/java-1.8-openjdk/jre/lib/amd64:/usr/lib/jvm/java-1.8-openjdk/jre/../lib/amd64:/opt/src/hadoop-ozone/integration-test/target/native/target/usr/local/lib:/opt/src/hadoop-ozone/integration-test/../../hadoop-common-project/hadoop-common/target/native/target/usr/local/lib:/usr/java/packages/lib/amd64:/usr/lib64:/lib64:/lib:/usr/lib"/>
    <property name="java.vm.info" value="mixed mode"/>
    <property name="java.vendor" value="IcedTea"/>
    <property name="java.vm.version" value="25.212-b04"/>
    <property name="java.ext.dirs" value="/usr/lib/jvm/java-1.8-openjdk/jre/lib/ext:/usr/java/packages/lib/ext"/>
    <property name="sun.io.unicode.encoding" value="UnicodeLittle"/>
    <property name="java.class.version" value="52.0"/>
  </properties>
  <testcase name="testPipelineFail" classname="org.apache.hadoop.hdds.scm.pipeline.TestNodeFailure" time="0">
    <skipped/>
    <system-out><![CDATA[2019-06-13 10:45:56,011 WARN  server.ServerUtils (ServerUtils.java:getScmDbDir(145)) - ozone.scm.db.dirs is not configured. We recommend adding this setting. Falling back to ozone.metadata.dirs instead.
2019-06-13 10:45:56,087 WARN  server.ServerUtils (ServerUtils.java:getScmDbDir(145)) - ozone.scm.db.dirs is not configured. We recommend adding this setting. Falling back to ozone.metadata.dirs instead.
2019-06-13 10:45:56,090 WARN  server.ServerUtils (ServerUtils.java:getScmDbDir(145)) - ozone.scm.db.dirs is not configured. We recommend adding this setting. Falling back to ozone.metadata.dirs instead.
2019-06-13 10:45:56,103 INFO  util.log (Log.java:initialized(192)) - Logging initialized @662ms
2019-06-13 10:45:56,181 INFO  db.DBStoreBuilder (DBStoreBuilder.java:addTable(110)) - using custom profile for table: deletedBlocks
2019-06-13 10:45:56,181 INFO  db.DBStoreBuilder (DBStoreBuilder.java:processTables(161)) - Using default column profile:DBProfile.DISK for Table:deletedBlocks
2019-06-13 10:45:56,182 INFO  db.DBStoreBuilder (DBStoreBuilder.java:addTable(110)) - using custom profile for table: validCerts
2019-06-13 10:45:56,182 INFO  db.DBStoreBuilder (DBStoreBuilder.java:processTables(161)) - Using default column profile:DBProfile.DISK for Table:validCerts
2019-06-13 10:45:56,182 INFO  db.DBStoreBuilder (DBStoreBuilder.java:addTable(110)) - using custom profile for table: revokedCerts
2019-06-13 10:45:56,182 INFO  db.DBStoreBuilder (DBStoreBuilder.java:processTables(161)) - Using default column profile:DBProfile.DISK for Table:revokedCerts
2019-06-13 10:45:56,191 INFO  db.DBStoreBuilder (DBStoreBuilder.java:addTable(110)) - using custom profile for table: default
2019-06-13 10:45:56,191 INFO  db.DBStoreBuilder (DBStoreBuilder.java:processTables(167)) - Using default column profile:DBProfile.DISK for Table:default
2019-06-13 10:45:56,192 INFO  db.DBStoreBuilder (DBStoreBuilder.java:getDbProfile(198)) - Using default options. DBProfile.DISK
2019-06-13 10:45:56,254 INFO  node.SCMNodeManager (SCMNodeManager.java:<init>(108)) - Entering startup safe mode.
2019-06-13 10:45:56,302 INFO  net.NodeSchemaLoader (NodeSchemaLoader.java:loadSchemaFromFile(125)) - Loading file from sun.misc.CompoundEnumeration@443118b0
2019-06-13 10:45:56,303 INFO  net.NodeSchemaLoader (NodeSchemaLoader.java:loadSchema(171)) - Loading network topology layer schema file
2019-06-13 10:45:56,348 WARN  server.ServerUtils (ServerUtils.java:getScmDbDir(145)) - ozone.scm.db.dirs is not configured. We recommend adding this setting. Falling back to ozone.metadata.dirs instead.
2019-06-13 10:45:56,366 INFO  pipeline.SCMPipelineManager (SCMPipelineManager.java:initializePipelineState(126)) - No pipeline exists in current db
2019-06-13 10:45:56,368 WARN  server.ServerUtils (ServerUtils.java:getScmDbDir(145)) - ozone.scm.db.dirs is not configured. We recommend adding this setting. Falling back to ozone.metadata.dirs instead.
2019-06-13 10:45:56,414 WARN  events.EventQueue (EventQueue.java:fireEvent(175)) - No event handler registered for event TypedEvent{payloadType=SafeModeStatus, name='SafeModeStatus'}
2019-06-13 10:45:56,708 INFO  ipc.CallQueueManager (CallQueueManager.java:<init>(84)) - Using callQueue: class java.util.concurrent.LinkedBlockingQueue, queueCapacity: 2000, scheduler: class org.apache.hadoop.ipc.DefaultRpcScheduler, ipcBackoff: false.
2019-06-13 10:45:56,730 INFO  ipc.Server (Server.java:run(1074)) - Starting Socket Reader #1 for port 34997
2019-06-13 10:45:56,752 INFO  ipc.CallQueueManager (CallQueueManager.java:<init>(84)) - Using callQueue: class java.util.concurrent.LinkedBlockingQueue, queueCapacity: 2000, scheduler: class org.apache.hadoop.ipc.DefaultRpcScheduler, ipcBackoff: false.
2019-06-13 10:45:56,753 INFO  ipc.Server (Server.java:run(1074)) - Starting Socket Reader #1 for port 37899
2019-06-13 10:45:56,759 INFO  ipc.CallQueueManager (CallQueueManager.java:<init>(84)) - Using callQueue: class java.util.concurrent.LinkedBlockingQueue, queueCapacity: 2000, scheduler: class org.apache.hadoop.ipc.DefaultRpcScheduler, ipcBackoff: false.
2019-06-13 10:45:56,792 INFO  ipc.Server (Server.java:run(1074)) - Starting Socket Reader #1 for port 45271
2019-06-13 10:45:56,815 INFO  hdfs.DFSUtil (DFSUtil.java:httpServerTemplateForNNAndJN(1641)) - Starting Web-server for scm at: http://0.0.0.0:0
2019-06-13 10:45:56,967 INFO  server.AuthenticationFilter (AuthenticationFilter.java:constructSecretProvider(240)) - Unable to initialize FileSignerSecretProvider, falling back to use random secrets.
2019-06-13 10:45:56,975 WARN  http.HttpRequestLog (HttpRequestLog.java:getRequestLog(97)) - Jetty request log can only be enabled using Log4j
2019-06-13 10:45:56,991 INFO  http.HttpServer2 (HttpServer2.java:addGlobalFilter(975)) - Added global filter 'safety' (class=org.apache.hadoop.http.HttpServer2$QuotingInputFilter)
2019-06-13 10:45:56,994 INFO  http.HttpServer2 (HttpServer2.java:addFilter(948)) - Added filter static_user_filter (class=org.apache.hadoop.http.lib.StaticUserWebFilter$StaticUserFilter) to context scm
2019-06-13 10:45:56,994 INFO  http.HttpServer2 (HttpServer2.java:addFilter(958)) - Added filter static_user_filter (class=org.apache.hadoop.http.lib.StaticUserWebFilter$StaticUserFilter) to context logs
2019-06-13 10:45:56,994 INFO  http.HttpServer2 (HttpServer2.java:addFilter(958)) - Added filter static_user_filter (class=org.apache.hadoop.http.lib.StaticUserWebFilter$StaticUserFilter) to context static
2019-06-13 10:45:57,024 INFO  server.StorageContainerManager (StorageContainerManager.java:start(752)) - StorageContainerLocationProtocol RPC server is listening at /0.0.0.0:45271
2019-06-13 10:45:57,080 WARN  impl.MetricsConfig (MetricsConfig.java:loadFirst(134)) - Cannot locate configuration: tried hadoop-metrics2-storagecontainermanager.properties,hadoop-metrics2.properties
2019-06-13 10:45:57,092 INFO  impl.MetricsSystemImpl (MetricsSystemImpl.java:startTimer(374)) - Scheduled Metric snapshot period at 10 second(s).
2019-06-13 10:45:57,092 INFO  impl.MetricsSystemImpl (MetricsSystemImpl.java:start(191)) - StorageContainerManager metrics system started
2019-06-13 10:45:57,308 INFO  server.SCMClientProtocolServer (SCMClientProtocolServer.java:start(149)) - RPC server for Client  is listening at /0.0.0.0:45271
2019-06-13 10:45:57,308 INFO  ipc.Server (Server.java:run(1314)) - IPC Server Responder: starting
2019-06-13 10:45:57,308 INFO  ipc.Server (Server.java:run(1153)) - IPC Server listener on 45271: starting
2019-06-13 10:45:57,346 INFO  server.StorageContainerManager (StorageContainerManager.java:start(761)) - ScmBlockLocationProtocol RPC server is listening at /0.0.0.0:37899
2019-06-13 10:45:57,346 INFO  server.SCMBlockProtocolServer (SCMBlockProtocolServer.java:start(137)) - RPC server for Block Protocol is listening at /0.0.0.0:37899
2019-06-13 10:45:57,347 INFO  ipc.Server (Server.java:run(1153)) - IPC Server listener on 37899: starting
2019-06-13 10:45:57,347 INFO  ipc.Server (Server.java:run(1314)) - IPC Server Responder: starting
2019-06-13 10:45:57,377 INFO  server.StorageContainerManager (StorageContainerManager.java:start(765)) - ScmDatanodeProtocl RPC server is listening at /0.0.0.0:34997
2019-06-13 10:45:57,378 INFO  server.SCMDatanodeProtocolServer (SCMDatanodeProtocolServer.java:start(191)) - RPC server for DataNodes is listening at /0.0.0.0:34997
2019-06-13 10:45:57,378 INFO  ipc.Server (Server.java:run(1314)) - IPC Server Responder: starting
2019-06-13 10:45:57,378 INFO  ipc.Server (Server.java:run(1153)) - IPC Server listener on 34997: starting
2019-06-13 10:45:57,402 INFO  http.HttpServer2 (HttpServer2.java:bindListener(1191)) - Jetty bound to port 46409
2019-06-13 10:45:57,404 INFO  server.Server (Server.java:doStart(351)) - jetty-9.3.24.v20180605, build timestamp: 2018-06-05T17:11:56Z, git hash: 84205aa28f11a4f31f2a3b86d1bba2cc8ab69827
2019-06-13 10:45:57,464 INFO  handler.ContextHandler (ContextHandler.java:doStart(781)) - Started o.e.j.s.ServletContextHandler@2df6226d{/logs,file:///opt/src/hadoop-ozone/integration-test/target/log,AVAILABLE}
2019-06-13 10:45:57,466 INFO  handler.ContextHandler (ContextHandler.java:doStart(781)) - Started o.e.j.s.ServletContextHandler@4ff4357f{/static,file:///opt/src/hadoop-ozone/integration-test/target/test-classes/webapps/static,AVAILABLE}
2019-06-13 10:45:57,500 INFO  handler.ContextHandler (ContextHandler.java:doStart(781)) - Started o.e.j.w.WebAppContext@34645867{/,file:///opt/src/hadoop-ozone/integration-test/target/test-classes/webapps/scm/,AVAILABLE}{/scm}
2019-06-13 10:45:57,506 INFO  server.AbstractConnector (AbstractConnector.java:doStart(278)) - Started ServerConnector@66629f63{HTTP/1.1,[http/1.1]}{0.0.0.0:46409}
2019-06-13 10:45:57,506 INFO  server.Server (Server.java:doStart(419)) - Started @2066ms
2019-06-13 10:45:57,535 INFO  server.BaseHttpServer (BaseHttpServer.java:updateConnectorAddress(207)) - HTTP server of SCM is listening at http://0.0.0.0:46409
2019-06-13 10:45:57,546 WARN  scm.ScmUtils (ScmUtils.java:getDBPath(63)) - ozone.om.db.dirs is not configured. We recommend adding this setting. Falling back to ozone.metadata.dirs instead.
2019-06-13 10:45:57,548 INFO  util.JvmPauseMonitor (JvmPauseMonitor.java:run(188)) - Starting JVM pause monitor
2019-06-13 10:45:57,646 WARN  scm.ScmUtils (ScmUtils.java:getDBPath(63)) - ozone.om.db.dirs is not configured. We recommend adding this setting. Falling back to ozone.metadata.dirs instead.
2019-06-13 10:45:57,647 INFO  om.OzoneManager (OzoneManager.java:setOMNodeDetails(519)) - OM Service ID is not set. Setting it to the default ID: omServiceIdDefault
2019-06-13 10:45:57,647 INFO  om.OzoneManager (OzoneManager.java:setOMNodeDetails(525)) - OM Node ID is not set. Setting it to the OmStorage's OmID: c5783c86-cfa0-4eef-876e-ff47b466f17e
2019-06-13 10:45:57,649 WARN  scm.HddsServerUtil (HddsServerUtil.java:getDefaultRatisDirectory(354)) - Storage directory for Ratis is not configured. It is a good idea to map this to an SSD disk. Falling back to ozone.metadata.dirs
2019-06-13 10:45:57,650 WARN  scm.HddsServerUtil (HddsServerUtil.java:getDefaultRatisDirectory(354)) - Storage directory for Ratis is not configured. It is a good idea to map this to an SSD disk. Falling back to ozone.metadata.dirs
2019-06-13 10:45:57,650 INFO  om.OzoneManager (OzoneManager.java:loadOMHAConfigs(476)) - Found matching OM address with OMServiceId: null, OMNodeId: null, RPC Address: localhost:0 and Ratis port: 9872
2019-06-13 10:45:57,863 WARN  scm.ScmUtils (ScmUtils.java:getDBPath(63)) - ozone.om.db.dirs is not configured. We recommend adding this setting. Falling back to ozone.metadata.dirs instead.
2019-06-13 10:45:57,870 INFO  db.DBStoreBuilder (DBStoreBuilder.java:addTable(110)) - using custom profile for table: userTable
2019-06-13 10:45:57,870 INFO  db.DBStoreBuilder (DBStoreBuilder.java:processTables(161)) - Using default column profile:DBProfile.DISK for Table:userTable
2019-06-13 10:45:57,870 INFO  db.DBStoreBuilder (DBStoreBuilder.java:addTable(110)) - using custom profile for table: volumeTable
2019-06-13 10:45:57,871 INFO  db.DBStoreBuilder (DBStoreBuilder.java:processTables(161)) - Using default column profile:DBProfile.DISK for Table:volumeTable
2019-06-13 10:45:57,871 INFO  db.DBStoreBuilder (DBStoreBuilder.java:addTable(110)) - using custom profile for table: bucketTable
2019-06-13 10:45:57,871 INFO  db.DBStoreBuilder (DBStoreBuilder.java:processTables(161)) - Using default column profile:DBProfile.DISK for Table:bucketTable
2019-06-13 10:45:57,871 INFO  db.DBStoreBuilder (DBStoreBuilder.java:addTable(110)) - using custom profile for table: keyTable
2019-06-13 10:45:57,872 INFO  db.DBStoreBuilder (DBStoreBuilder.java:processTables(161)) - Using default column profile:DBProfile.DISK for Table:keyTable
2019-06-13 10:45:57,872 INFO  db.DBStoreBuilder (DBStoreBuilder.java:addTable(110)) - using custom profile for table: deletedTable
2019-06-13 10:45:57,872 INFO  db.DBStoreBuilder (DBStoreBuilder.java:processTables(161)) - Using default column profile:DBProfile.DISK for Table:deletedTable
2019-06-13 10:45:57,872 INFO  db.DBStoreBuilder (DBStoreBuilder.java:addTable(110)) - using custom profile for table: openKeyTable
2019-06-13 10:45:57,872 INFO  db.DBStoreBuilder (DBStoreBuilder.java:processTables(161)) - Using default column profile:DBProfile.DISK for Table:openKeyTable
2019-06-13 10:45:57,873 INFO  db.DBStoreBuilder (DBStoreBuilder.java:addTable(110)) - using custom profile for table: s3Table
2019-06-13 10:45:57,873 INFO  db.DBStoreBuilder (DBStoreBuilder.java:processTables(161)) - Using default column profile:DBProfile.DISK for Table:s3Table
2019-06-13 10:45:57,873 INFO  db.DBStoreBuilder (DBStoreBuilder.java:addTable(110)) - using custom profile for table: multipartInfoTable
2019-06-13 10:45:57,873 INFO  db.DBStoreBuilder (DBStoreBuilder.java:processTables(161)) - Using default column profile:DBProfile.DISK for Table:multipartInfoTable
2019-06-13 10:45:57,874 INFO  db.DBStoreBuilder (DBStoreBuilder.java:addTable(110)) - using custom profile for table: dTokenTable
2019-06-13 10:45:57,874 INFO  db.DBStoreBuilder (DBStoreBuilder.java:processTables(161)) - Using default column profile:DBProfile.DISK for Table:dTokenTable
2019-06-13 10:45:57,874 INFO  db.DBStoreBuilder (DBStoreBuilder.java:addTable(110)) - using custom profile for table: s3SecretTable
2019-06-13 10:45:57,874 INFO  db.DBStoreBuilder (DBStoreBuilder.java:processTables(161)) - Using default column profile:DBProfile.DISK for Table:s3SecretTable
2019-06-13 10:45:57,875 INFO  db.DBStoreBuilder (DBStoreBuilder.java:addTable(110)) - using custom profile for table: prefixTable
2019-06-13 10:45:57,875 INFO  db.DBStoreBuilder (DBStoreBuilder.java:processTables(161)) - Using default column profile:DBProfile.DISK for Table:prefixTable
2019-06-13 10:45:57,875 INFO  db.DBStoreBuilder (DBStoreBuilder.java:addTable(110)) - using custom profile for table: default
2019-06-13 10:45:57,875 INFO  db.DBStoreBuilder (DBStoreBuilder.java:processTables(167)) - Using default column profile:DBProfile.DISK for Table:default
2019-06-13 10:45:57,876 INFO  db.DBStoreBuilder (DBStoreBuilder.java:getDbProfile(198)) - Using default options. DBProfile.DISK
2019-06-13 10:45:58,454 INFO  ipc.CallQueueManager (CallQueueManager.java:<init>(84)) - Using callQueue: class java.util.concurrent.LinkedBlockingQueue, queueCapacity: 2000, scheduler: class org.apache.hadoop.ipc.DefaultRpcScheduler, ipcBackoff: false.
2019-06-13 10:45:58,454 INFO  ipc.Server (Server.java:run(1074)) - Starting Socket Reader #1 for port 44973
2019-06-13 10:45:58,481 WARN  scm.ScmUtils (ScmUtils.java:getDBPath(63)) - ozone.om.db.dirs is not configured. We recommend adding this setting. Falling back to ozone.metadata.dirs instead.
2019-06-13 10:45:58,482 INFO  om.OzoneManager (OzoneManager.java:start(1217)) - OzoneManager RPC server is listening at localhost/127.0.0.1:44973
2019-06-13 10:45:58,482 INFO  impl.MetricsSystemImpl (MetricsSystemImpl.java:init(158)) - OzoneManager metrics system started (again)
2019-06-13 10:45:58,483 INFO  ipc.Server (Server.java:run(1314)) - IPC Server Responder: starting
2019-06-13 10:45:58,485 INFO  ipc.Server (Server.java:run(1153)) - IPC Server listener on 44973: starting
2019-06-13 10:45:58,490 INFO  hdfs.DFSUtil (DFSUtil.java:httpServerTemplateForNNAndJN(1641)) - Starting Web-server for ozoneManager at: http://0.0.0.0:0
2019-06-13 10:45:58,491 INFO  server.AuthenticationFilter (AuthenticationFilter.java:constructSecretProvider(240)) - Unable to initialize FileSignerSecretProvider, falling back to use random secrets.
2019-06-13 10:45:58,497 WARN  http.HttpRequestLog (HttpRequestLog.java:getRequestLog(97)) - Jetty request log can only be enabled using Log4j
2019-06-13 10:45:58,500 INFO  http.HttpServer2 (HttpServer2.java:addGlobalFilter(975)) - Added global filter 'safety' (class=org.apache.hadoop.http.HttpServer2$QuotingInputFilter)
2019-06-13 10:45:58,501 INFO  http.HttpServer2 (HttpServer2.java:addFilter(948)) - Added filter static_user_filter (class=org.apache.hadoop.http.lib.StaticUserWebFilter$StaticUserFilter) to context ozoneManager
2019-06-13 10:45:58,501 INFO  http.HttpServer2 (HttpServer2.java:addFilter(958)) - Added filter static_user_filter (class=org.apache.hadoop.http.lib.StaticUserWebFilter$StaticUserFilter) to context static
2019-06-13 10:45:58,501 INFO  http.HttpServer2 (HttpServer2.java:addFilter(958)) - Added filter static_user_filter (class=org.apache.hadoop.http.lib.StaticUserWebFilter$StaticUserFilter) to context logs
2019-06-13 10:45:58,503 INFO  http.HttpServer2 (HttpServer2.java:bindListener(1191)) - Jetty bound to port 33035
2019-06-13 10:45:58,503 INFO  server.Server (Server.java:doStart(351)) - jetty-9.3.24.v20180605, build timestamp: 2018-06-05T17:11:56Z, git hash: 84205aa28f11a4f31f2a3b86d1bba2cc8ab69827
2019-06-13 10:45:58,505 INFO  handler.ContextHandler (ContextHandler.java:doStart(781)) - Started o.e.j.s.ServletContextHandler@bcb09a6{/logs,file:///opt/src/hadoop-ozone/integration-test/target/log,AVAILABLE}
2019-06-13 10:45:58,506 INFO  handler.ContextHandler (ContextHandler.java:doStart(781)) - Started o.e.j.s.ServletContextHandler@a619c2{/static,file:///opt/src/hadoop-ozone/integration-test/target/test-classes/webapps/static,AVAILABLE}
2019-06-13 10:45:58,517 INFO  handler.ContextHandler (ContextHandler.java:doStart(781)) - Started o.e.j.w.WebAppContext@c9d82f9{/,file:///opt/src/hadoop-ozone/integration-test/target/test-classes/webapps/ozoneManager/,AVAILABLE}{/ozoneManager}
2019-06-13 10:45:58,518 INFO  server.AbstractConnector (AbstractConnector.java:doStart(278)) - Started ServerConnector@6f012914{HTTP/1.1,[http/1.1]}{0.0.0.0:33035}
2019-06-13 10:45:58,518 INFO  server.Server (Server.java:doStart(419)) - Started @3077ms
2019-06-13 10:45:58,518 INFO  server.BaseHttpServer (BaseHttpServer.java:updateConnectorAddress(207)) - HTTP server of OZONEMANAGER is listening at http://0.0.0.0:33035
2019-06-13 10:45:58,641 INFO  impl.MetricsSystemImpl (MetricsSystemImpl.java:init(158)) - HddsDatanode metrics system started (again)
2019-06-13 10:45:58,780 INFO  ozone.HddsDatanodeService (HddsDatanodeService.java:start(185)) - HddsDatanodeService host:ozone-5n8bq-3406807641 ip:192.168.46.8
2019-06-13 10:45:58,802 INFO  volume.HddsVolume (HddsVolume.java:<init>(176)) - Creating Volume: /opt/src/hadoop-ozone/integration-test/target/test-dir/MiniOzoneClusterImpl-87c7e4c0-3e4a-410a-b838-3c21201e8109/datanode-0/data/containers/hdds of  storage type : DISK and capacity : 104021790720
2019-06-13 10:45:58,803 INFO  volume.VolumeSet (VolumeSet.java:initializeVolumeSet(170)) - Added Volume : /opt/src/hadoop-ozone/integration-test/target/test-dir/MiniOzoneClusterImpl-87c7e4c0-3e4a-410a-b838-3c21201e8109/datanode-0/data/containers/hdds to VolumeSet
2019-06-13 10:45:58,805 INFO  volume.ThrottledAsyncChecker (ThrottledAsyncChecker.java:schedule(140)) - Scheduling a check for org.apache.hadoop.ozone.container.common.volume.HddsVolume@6fd1660
2019-06-13 10:45:58,818 INFO  volume.HddsVolumeChecker (HddsVolumeChecker.java:checkAllVolumes(203)) - Scheduled health check for volume org.apache.hadoop.ozone.container.common.volume.HddsVolume@6fd1660
2019-06-13 10:45:58,853 INFO  ratis.XceiverServerRatis (XceiverServerRatis.java:newXceiverServerRatis(401)) - Found a free port for the server : 41631
2019-06-13 10:45:58,907 INFO  impl.RaftServerProxy (ConfUtils.java:logGet(43)) - raft.rpc.type = GRPC (default)
2019-06-13 10:45:58,914 INFO  grpc.GrpcConfigKeys$Server (ConfUtils.java:logGet(43)) - raft.grpc.server.port = 41631 (custom)
2019-06-13 10:45:58,915 INFO  server.GrpcService (ConfUtils.java:logGet(43)) - raft.grpc.message.size.max = 33570816 (custom)
2019-06-13 10:45:58,916 INFO  server.RaftServerConfigKeys (ConfUtils.java:logGet(43)) - raft.server.log.appender.buffer.byte-limit = 33554432 (custom)
2019-06-13 10:45:58,916 INFO  server.GrpcService (ConfUtils.java:logGet(43)) - raft.grpc.flow.control.window = 1MB (=1048576) (default)
2019-06-13 10:45:58,917 INFO  server.RaftServerConfigKeys (ConfUtils.java:logGet(43)) - raft.server.rpc.request.timeout = 3000ms (default)
2019-06-13 10:45:59,025 INFO  server.RaftServerConfigKeys (ConfUtils.java:logGet(43)) - raft.server.storage.dir = [/opt/src/hadoop-ozone/integration-test/target/test-dir/MiniOzoneClusterImpl-87c7e4c0-3e4a-410a-b838-3c21201e8109/datanode-0/data/ratis] (custom)
2019-06-13 10:45:59,030 INFO  server.XceiverServerGrpc (XceiverServerGrpc.java:<init>(97)) - Found a free port for the server : 39135
2019-06-13 10:45:59,050 INFO  replication.SimpleContainerDownloader (SimpleContainerDownloader.java:<init>(72)) - Starting container downloader service to copy containers to replicate.
2019-06-13 10:45:59,059 INFO  hdfs.DFSUtil (DFSUtil.java:httpServerTemplateForNNAndJN(1641)) - Starting Web-server for hddsDatanode at: http://0.0.0.0:0
2019-06-13 10:45:59,060 INFO  server.AuthenticationFilter (AuthenticationFilter.java:constructSecretProvider(240)) - Unable to initialize FileSignerSecretProvider, falling back to use random secrets.
2019-06-13 10:45:59,061 WARN  http.HttpRequestLog (HttpRequestLog.java:getRequestLog(97)) - Jetty request log can only be enabled using Log4j
2019-06-13 10:45:59,062 INFO  http.HttpServer2 (HttpServer2.java:addGlobalFilter(975)) - Added global filter 'safety' (class=org.apache.hadoop.http.HttpServer2$QuotingInputFilter)
2019-06-13 10:45:59,063 INFO  http.HttpServer2 (HttpServer2.java:addFilter(948)) - Added filter static_user_filter (class=org.apache.hadoop.http.lib.StaticUserWebFilter$StaticUserFilter) to context hddsDatanode
2019-06-13 10:45:59,063 INFO  http.HttpServer2 (HttpServer2.java:addFilter(958)) - Added filter static_user_filter (class=org.apache.hadoop.http.lib.StaticUserWebFilter$StaticUserFilter) to context logs
2019-06-13 10:45:59,063 INFO  http.HttpServer2 (HttpServer2.java:addFilter(958)) - Added filter static_user_filter (class=org.apache.hadoop.http.lib.StaticUserWebFilter$StaticUserFilter) to context static
2019-06-13 10:45:59,063 INFO  http.HttpServer2 (HttpServer2.java:bindListener(1191)) - Jetty bound to port 39903
2019-06-13 10:45:59,064 INFO  server.Server (Server.java:doStart(351)) - jetty-9.3.24.v20180605, build timestamp: 2018-06-05T17:11:56Z, git hash: 84205aa28f11a4f31f2a3b86d1bba2cc8ab69827
2019-06-13 10:45:59,065 INFO  handler.ContextHandler (ContextHandler.java:doStart(781)) - Started o.e.j.s.ServletContextHandler@6438a7fe{/logs,file:///opt/src/hadoop-ozone/integration-test/target/log,AVAILABLE}
2019-06-13 10:45:59,065 INFO  handler.ContextHandler (ContextHandler.java:doStart(781)) - Started o.e.j.s.ServletContextHandler@4f5f6e45{/static,jar:file:/root/.m2/repository/org/apache/hadoop/hadoop-hdds-container-service/0.5.0-SNAPSHOT/hadoop-hdds-container-service-0.5.0-SNAPSHOT.jar!/webapps/static,AVAILABLE}
2019-06-13 10:45:59,090 INFO  handler.ContextHandler (ContextHandler.java:doStart(781)) - Started o.e.j.w.WebAppContext@36c0d0bd{/,file:///tmp/jetty-0.0.0.0-39903-hddsDatanode-_-any-3187782618312006869.dir/webapp/,AVAILABLE}{/hddsDatanode}
2019-06-13 10:45:59,090 INFO  server.AbstractConnector (AbstractConnector.java:doStart(278)) - Started ServerConnector@5e1fc2aa{HTTP/1.1,[http/1.1]}{0.0.0.0:39903}
2019-06-13 10:45:59,090 INFO  server.Server (Server.java:doStart(419)) - Started @3650ms
2019-06-13 10:45:59,091 INFO  server.BaseHttpServer (BaseHttpServer.java:updateConnectorAddress(207)) - HTTP server of HDDSDATANODE is listening at http://0.0.0.0:39903
2019-06-13 10:45:59,983 INFO  ozone.HddsDatanodeService (HddsDatanodeService.java:startPlugins(396)) - Started plug-in org.apache.hadoop.ozone.web.OzoneHddsDatanodeService@1f992a3a
2019-06-13 10:45:59,985 INFO  impl.MetricsSystemImpl (MetricsSystemImpl.java:init(158)) - HddsDatanode metrics system started (again)
2019-06-13 10:45:59,986 INFO  ozone.HddsDatanodeService (HddsDatanodeService.java:start(185)) - HddsDatanodeService host:ozone-5n8bq-3406807641 ip:192.168.46.8
2019-06-13 10:46:00,007 INFO  volume.HddsVolume (HddsVolume.java:<init>(176)) - Creating Volume: /opt/src/hadoop-ozone/integration-test/target/test-dir/MiniOzoneClusterImpl-87c7e4c0-3e4a-410a-b838-3c21201e8109/datanode-1/data/containers/hdds of  storage type : DISK and capacity : 104021790720
2019-06-13 10:46:00,008 INFO  volume.VolumeSet (VolumeSet.java:initializeVolumeSet(170)) - Added Volume : /opt/src/hadoop-ozone/integration-test/target/test-dir/MiniOzoneClusterImpl-87c7e4c0-3e4a-410a-b838-3c21201e8109/datanode-1/data/containers/hdds to VolumeSet
2019-06-13 10:46:00,008 INFO  volume.ThrottledAsyncChecker (ThrottledAsyncChecker.java:schedule(140)) - Scheduling a check for org.apache.hadoop.ozone.container.common.volume.HddsVolume@78a8978a
2019-06-13 10:46:00,021 INFO  util.JvmPauseMonitor (JvmPauseMonitor.java:run(188)) - Starting JVM pause monitor
2019-06-13 10:46:00,021 INFO  volume.HddsVolumeChecker (HddsVolumeChecker.java:checkAllVolumes(203)) - Scheduled health check for volume org.apache.hadoop.ozone.container.common.volume.HddsVolume@78a8978a
2019-06-13 10:46:00,046 INFO  ratis.XceiverServerRatis (XceiverServerRatis.java:newXceiverServerRatis(401)) - Found a free port for the server : 40503
2019-06-13 10:46:00,054 INFO  impl.RaftServerProxy (ConfUtils.java:logGet(43)) - raft.rpc.type = GRPC (default)
2019-06-13 10:46:00,054 INFO  grpc.GrpcConfigKeys$Server (ConfUtils.java:logGet(43)) - raft.grpc.server.port = 40503 (custom)
2019-06-13 10:46:00,054 INFO  server.GrpcService (ConfUtils.java:logGet(43)) - raft.grpc.message.size.max = 33570816 (custom)
2019-06-13 10:46:00,055 INFO  server.RaftServerConfigKeys (ConfUtils.java:logGet(43)) - raft.server.log.appender.buffer.byte-limit = 33554432 (custom)
2019-06-13 10:46:00,055 INFO  server.GrpcService (ConfUtils.java:logGet(43)) - raft.grpc.flow.control.window = 1MB (=1048576) (default)
2019-06-13 10:46:00,055 INFO  server.RaftServerConfigKeys (ConfUtils.java:logGet(43)) - raft.server.rpc.request.timeout = 3000ms (default)
2019-06-13 10:46:00,056 INFO  server.RaftServerConfigKeys (ConfUtils.java:logGet(43)) - raft.server.storage.dir = [/opt/src/hadoop-ozone/integration-test/target/test-dir/MiniOzoneClusterImpl-87c7e4c0-3e4a-410a-b838-3c21201e8109/datanode-1/data/ratis] (custom)
2019-06-13 10:46:00,056 INFO  server.XceiverServerGrpc (XceiverServerGrpc.java:<init>(97)) - Found a free port for the server : 43869
2019-06-13 10:46:00,057 INFO  replication.SimpleContainerDownloader (SimpleContainerDownloader.java:<init>(72)) - Starting container downloader service to copy containers to replicate.
2019-06-13 10:46:00,058 INFO  hdfs.DFSUtil (DFSUtil.java:httpServerTemplateForNNAndJN(1641)) - Starting Web-server for hddsDatanode at: http://0.0.0.0:0
2019-06-13 10:46:00,060 INFO  server.AuthenticationFilter (AuthenticationFilter.java:constructSecretProvider(240)) - Unable to initialize FileSignerSecretProvider, falling back to use random secrets.
2019-06-13 10:46:00,061 WARN  http.HttpRequestLog (HttpRequestLog.java:getRequestLog(97)) - Jetty request log can only be enabled using Log4j
2019-06-13 10:46:00,062 INFO  http.HttpServer2 (HttpServer2.java:addGlobalFilter(975)) - Added global filter 'safety' (class=org.apache.hadoop.http.HttpServer2$QuotingInputFilter)
2019-06-13 10:46:00,063 INFO  http.HttpServer2 (HttpServer2.java:addFilter(948)) - Added filter static_user_filter (class=org.apache.hadoop.http.lib.StaticUserWebFilter$StaticUserFilter) to context hddsDatanode
2019-06-13 10:46:00,063 INFO  http.HttpServer2 (HttpServer2.java:addFilter(958)) - Added filter static_user_filter (class=org.apache.hadoop.http.lib.StaticUserWebFilter$StaticUserFilter) to context logs
2019-06-13 10:46:00,063 INFO  http.HttpServer2 (HttpServer2.java:addFilter(958)) - Added filter static_user_filter (class=org.apache.hadoop.http.lib.StaticUserWebFilter$StaticUserFilter) to context static
2019-06-13 10:46:00,064 INFO  http.HttpServer2 (HttpServer2.java:bindListener(1191)) - Jetty bound to port 46451
2019-06-13 10:46:00,064 INFO  server.Server (Server.java:doStart(351)) - jetty-9.3.24.v20180605, build timestamp: 2018-06-05T17:11:56Z, git hash: 84205aa28f11a4f31f2a3b86d1bba2cc8ab69827
2019-06-13 10:46:00,067 INFO  handler.ContextHandler (ContextHandler.java:doStart(781)) - Started o.e.j.s.ServletContextHandler@2574a9e3{/logs,file:///opt/src/hadoop-ozone/integration-test/target/log,AVAILABLE}
2019-06-13 10:46:00,068 INFO  handler.ContextHandler (ContextHandler.java:doStart(781)) - Started o.e.j.s.ServletContextHandler@422ab737{/static,jar:file:/root/.m2/repository/org/apache/hadoop/hadoop-hdds-container-service/0.5.0-SNAPSHOT/hadoop-hdds-container-service-0.5.0-SNAPSHOT.jar!/webapps/static,AVAILABLE}
2019-06-13 10:46:00,106 INFO  handler.ContextHandler (ContextHandler.java:doStart(781)) - Started o.e.j.w.WebAppContext@78da899f{/,file:///tmp/jetty-0.0.0.0-46451-hddsDatanode-_-any-3769568936070876414.dir/webapp/,AVAILABLE}{/hddsDatanode}
2019-06-13 10:46:00,106 INFO  server.AbstractConnector (AbstractConnector.java:doStart(278)) - Started ServerConnector@e7b265e{HTTP/1.1,[http/1.1]}{0.0.0.0:46451}
2019-06-13 10:46:00,107 INFO  server.Server (Server.java:doStart(419)) - Started @4666ms
2019-06-13 10:46:00,108 INFO  server.BaseHttpServer (BaseHttpServer.java:updateConnectorAddress(207)) - HTTP server of HDDSDATANODE is listening at http://0.0.0.0:46451
2019-06-13 10:46:00,157 INFO  datanode.InitDatanodeState (InitDatanodeState.java:persistContainerDatanodeDetails(140)) - DatanodeDetails is persisted to /opt/src/hadoop-ozone/integration-test/target/test-dir/MiniOzoneClusterImpl-87c7e4c0-3e4a-410a-b838-3c21201e8109/datanode-0/meta/datanode.id
2019-06-13 10:46:00,266 INFO  ozone.HddsDatanodeService (HddsDatanodeService.java:startPlugins(396)) - Started plug-in org.apache.hadoop.ozone.web.OzoneHddsDatanodeService@63fd4dda
2019-06-13 10:46:00,266 INFO  impl.MetricsSystemImpl (MetricsSystemImpl.java:init(158)) - HddsDatanode metrics system started (again)
2019-06-13 10:46:00,266 INFO  ozone.HddsDatanodeService (HddsDatanodeService.java:start(185)) - HddsDatanodeService host:ozone-5n8bq-3406807641 ip:192.168.46.8
2019-06-13 10:46:00,278 INFO  util.JvmPauseMonitor (JvmPauseMonitor.java:run(188)) - Starting JVM pause monitor
2019-06-13 10:46:00,282 INFO  volume.HddsVolume (HddsVolume.java:<init>(176)) - Creating Volume: /opt/src/hadoop-ozone/integration-test/target/test-dir/MiniOzoneClusterImpl-87c7e4c0-3e4a-410a-b838-3c21201e8109/datanode-2/data/containers/hdds of  storage type : DISK and capacity : 104021790720
2019-06-13 10:46:00,283 INFO  volume.VolumeSet (VolumeSet.java:initializeVolumeSet(170)) - Added Volume : /opt/src/hadoop-ozone/integration-test/target/test-dir/MiniOzoneClusterImpl-87c7e4c0-3e4a-410a-b838-3c21201e8109/datanode-2/data/containers/hdds to VolumeSet
2019-06-13 10:46:00,284 INFO  volume.ThrottledAsyncChecker (ThrottledAsyncChecker.java:schedule(140)) - Scheduling a check for org.apache.hadoop.ozone.container.common.volume.HddsVolume@4b56b031
2019-06-13 10:46:00,284 INFO  datanode.InitDatanodeState (InitDatanodeState.java:persistContainerDatanodeDetails(140)) - DatanodeDetails is persisted to /opt/src/hadoop-ozone/integration-test/target/test-dir/MiniOzoneClusterImpl-87c7e4c0-3e4a-410a-b838-3c21201e8109/datanode-1/meta/datanode.id
2019-06-13 10:46:00,295 INFO  volume.HddsVolumeChecker (HddsVolumeChecker.java:checkAllVolumes(203)) - Scheduled health check for volume org.apache.hadoop.ozone.container.common.volume.HddsVolume@4b56b031
2019-06-13 10:46:00,310 INFO  ratis.XceiverServerRatis (XceiverServerRatis.java:newXceiverServerRatis(401)) - Found a free port for the server : 42403
2019-06-13 10:46:00,311 INFO  impl.RaftServerProxy (ConfUtils.java:logGet(43)) - raft.rpc.type = GRPC (default)
2019-06-13 10:46:00,311 INFO  grpc.GrpcConfigKeys$Server (ConfUtils.java:logGet(43)) - raft.grpc.server.port = 42403 (custom)
2019-06-13 10:46:00,311 INFO  server.GrpcService (ConfUtils.java:logGet(43)) - raft.grpc.message.size.max = 33570816 (custom)
2019-06-13 10:46:00,312 INFO  server.RaftServerConfigKeys (ConfUtils.java:logGet(43)) - raft.server.log.appender.buffer.byte-limit = 33554432 (custom)
2019-06-13 10:46:00,312 INFO  server.GrpcService (ConfUtils.java:logGet(43)) - raft.grpc.flow.control.window = 1MB (=1048576) (default)
2019-06-13 10:46:00,312 INFO  server.RaftServerConfigKeys (ConfUtils.java:logGet(43)) - raft.server.rpc.request.timeout = 3000ms (default)
2019-06-13 10:46:00,313 INFO  server.RaftServerConfigKeys (ConfUtils.java:logGet(43)) - raft.server.storage.dir = [/opt/src/hadoop-ozone/integration-test/target/test-dir/MiniOzoneClusterImpl-87c7e4c0-3e4a-410a-b838-3c21201e8109/datanode-2/data/ratis] (custom)
2019-06-13 10:46:00,313 INFO  server.XceiverServerGrpc (XceiverServerGrpc.java:<init>(97)) - Found a free port for the server : 39443
2019-06-13 10:46:00,314 INFO  replication.SimpleContainerDownloader (SimpleContainerDownloader.java:<init>(72)) - Starting container downloader service to copy containers to replicate.
2019-06-13 10:46:00,315 INFO  hdfs.DFSUtil (DFSUtil.java:httpServerTemplateForNNAndJN(1641)) - Starting Web-server for hddsDatanode at: http://0.0.0.0:0
2019-06-13 10:46:00,316 INFO  server.AuthenticationFilter (AuthenticationFilter.java:constructSecretProvider(240)) - Unable to initialize FileSignerSecretProvider, falling back to use random secrets.
2019-06-13 10:46:00,316 WARN  http.HttpRequestLog (HttpRequestLog.java:getRequestLog(97)) - Jetty request log can only be enabled using Log4j
2019-06-13 10:46:00,318 INFO  http.HttpServer2 (HttpServer2.java:addGlobalFilter(975)) - Added global filter 'safety' (class=org.apache.hadoop.http.HttpServer2$QuotingInputFilter)
2019-06-13 10:46:00,319 INFO  http.HttpServer2 (HttpServer2.java:addFilter(948)) - Added filter static_user_filter (class=org.apache.hadoop.http.lib.StaticUserWebFilter$StaticUserFilter) to context hddsDatanode
2019-06-13 10:46:00,319 INFO  http.HttpServer2 (HttpServer2.java:addFilter(958)) - Added filter static_user_filter (class=org.apache.hadoop.http.lib.StaticUserWebFilter$StaticUserFilter) to context logs
2019-06-13 10:46:00,319 INFO  http.HttpServer2 (HttpServer2.java:addFilter(958)) - Added filter static_user_filter (class=org.apache.hadoop.http.lib.StaticUserWebFilter$StaticUserFilter) to context static
2019-06-13 10:46:00,320 INFO  http.HttpServer2 (HttpServer2.java:bindListener(1191)) - Jetty bound to port 42551
2019-06-13 10:46:00,320 INFO  server.Server (Server.java:doStart(351)) - jetty-9.3.24.v20180605, build timestamp: 2018-06-05T17:11:56Z, git hash: 84205aa28f11a4f31f2a3b86d1bba2cc8ab69827
2019-06-13 10:46:00,322 INFO  handler.ContextHandler (ContextHandler.java:doStart(781)) - Started o.e.j.s.ServletContextHandler@2443abd6{/logs,file:///opt/src/hadoop-ozone/integration-test/target/log,AVAILABLE}
2019-06-13 10:46:00,322 INFO  handler.ContextHandler (ContextHandler.java:doStart(781)) - Started o.e.j.s.ServletContextHandler@bd3eff4{/static,jar:file:/root/.m2/repository/org/apache/hadoop/hadoop-hdds-container-service/0.5.0-SNAPSHOT/hadoop-hdds-container-service-0.5.0-SNAPSHOT.jar!/webapps/static,AVAILABLE}
2019-06-13 10:46:00,345 INFO  handler.ContextHandler (ContextHandler.java:doStart(781)) - Started o.e.j.w.WebAppContext@4e80a001{/,file:///tmp/jetty-0.0.0.0-42551-hddsDatanode-_-any-768548052938662230.dir/webapp/,AVAILABLE}{/hddsDatanode}
2019-06-13 10:46:00,346 INFO  server.AbstractConnector (AbstractConnector.java:doStart(278)) - Started ServerConnector@624b523{HTTP/1.1,[http/1.1]}{0.0.0.0:42551}
2019-06-13 10:46:00,347 INFO  server.Server (Server.java:doStart(419)) - Started @4906ms
2019-06-13 10:46:00,348 INFO  server.BaseHttpServer (BaseHttpServer.java:updateConnectorAddress(207)) - HTTP server of HDDSDATANODE is listening at http://0.0.0.0:42551
2019-06-13 10:46:00,502 INFO  ozone.HddsDatanodeService (HddsDatanodeService.java:startPlugins(396)) - Started plug-in org.apache.hadoop.ozone.web.OzoneHddsDatanodeService@11c78080
2019-06-13 10:46:00,503 INFO  impl.MetricsSystemImpl (MetricsSystemImpl.java:init(158)) - HddsDatanode metrics system started (again)
2019-06-13 10:46:00,503 INFO  ozone.HddsDatanodeService (HddsDatanodeService.java:start(185)) - HddsDatanodeService host:ozone-5n8bq-3406807641 ip:192.168.46.8
2019-06-13 10:46:00,510 INFO  util.JvmPauseMonitor (JvmPauseMonitor.java:run(188)) - Starting JVM pause monitor
2019-06-13 10:46:00,512 INFO  datanode.InitDatanodeState (InitDatanodeState.java:persistContainerDatanodeDetails(140)) - DatanodeDetails is persisted to /opt/src/hadoop-ozone/integration-test/target/test-dir/MiniOzoneClusterImpl-87c7e4c0-3e4a-410a-b838-3c21201e8109/datanode-2/meta/datanode.id
2019-06-13 10:46:00,522 INFO  volume.HddsVolume (HddsVolume.java:<init>(176)) - Creating Volume: /opt/src/hadoop-ozone/integration-test/target/test-dir/MiniOzoneClusterImpl-87c7e4c0-3e4a-410a-b838-3c21201e8109/datanode-3/data/containers/hdds of  storage type : DISK and capacity : 104021790720
2019-06-13 10:46:00,522 INFO  volume.VolumeSet (VolumeSet.java:initializeVolumeSet(170)) - Added Volume : /opt/src/hadoop-ozone/integration-test/target/test-dir/MiniOzoneClusterImpl-87c7e4c0-3e4a-410a-b838-3c21201e8109/datanode-3/data/containers/hdds to VolumeSet
2019-06-13 10:46:00,522 INFO  volume.ThrottledAsyncChecker (ThrottledAsyncChecker.java:schedule(140)) - Scheduling a check for org.apache.hadoop.ozone.container.common.volume.HddsVolume@7c11d32
2019-06-13 10:46:00,523 INFO  volume.HddsVolumeChecker (HddsVolumeChecker.java:checkAllVolumes(203)) - Scheduled health check for volume org.apache.hadoop.ozone.container.common.volume.HddsVolume@7c11d32
2019-06-13 10:46:00,535 INFO  ratis.XceiverServerRatis (XceiverServerRatis.java:newXceiverServerRatis(401)) - Found a free port for the server : 45219
2019-06-13 10:46:00,536 INFO  impl.RaftServerProxy (ConfUtils.java:logGet(43)) - raft.rpc.type = GRPC (default)
2019-06-13 10:46:00,536 INFO  grpc.GrpcConfigKeys$Server (ConfUtils.java:logGet(43)) - raft.grpc.server.port = 45219 (custom)
2019-06-13 10:46:00,536 INFO  server.GrpcService (ConfUtils.java:logGet(43)) - raft.grpc.message.size.max = 33570816 (custom)
2019-06-13 10:46:00,536 INFO  server.RaftServerConfigKeys (ConfUtils.java:logGet(43)) - raft.server.log.appender.buffer.byte-limit = 33554432 (custom)
2019-06-13 10:46:00,537 INFO  server.GrpcService (ConfUtils.java:logGet(43)) - raft.grpc.flow.control.window = 1MB (=1048576) (default)
2019-06-13 10:46:00,537 INFO  server.RaftServerConfigKeys (ConfUtils.java:logGet(43)) - raft.server.rpc.request.timeout = 3000ms (default)
2019-06-13 10:46:00,537 INFO  server.RaftServerConfigKeys (ConfUtils.java:logGet(43)) - raft.server.storage.dir = [/opt/src/hadoop-ozone/integration-test/target/test-dir/MiniOzoneClusterImpl-87c7e4c0-3e4a-410a-b838-3c21201e8109/datanode-3/data/ratis] (custom)
2019-06-13 10:46:00,537 INFO  server.XceiverServerGrpc (XceiverServerGrpc.java:<init>(97)) - Found a free port for the server : 46769
2019-06-13 10:46:00,538 INFO  replication.SimpleContainerDownloader (SimpleContainerDownloader.java:<init>(72)) - Starting container downloader service to copy containers to replicate.
2019-06-13 10:46:00,539 INFO  hdfs.DFSUtil (DFSUtil.java:httpServerTemplateForNNAndJN(1641)) - Starting Web-server for hddsDatanode at: http://0.0.0.0:0
2019-06-13 10:46:00,540 INFO  server.AuthenticationFilter (AuthenticationFilter.java:constructSecretProvider(240)) - Unable to initialize FileSignerSecretProvider, falling back to use random secrets.
2019-06-13 10:46:00,540 WARN  http.HttpRequestLog (HttpRequestLog.java:getRequestLog(97)) - Jetty request log can only be enabled using Log4j
2019-06-13 10:46:00,541 INFO  http.HttpServer2 (HttpServer2.java:addGlobalFilter(975)) - Added global filter 'safety' (class=org.apache.hadoop.http.HttpServer2$QuotingInputFilter)
2019-06-13 10:46:00,542 INFO  http.HttpServer2 (HttpServer2.java:addFilter(948)) - Added filter static_user_filter (class=org.apache.hadoop.http.lib.StaticUserWebFilter$StaticUserFilter) to context hddsDatanode
2019-06-13 10:46:00,542 INFO  http.HttpServer2 (HttpServer2.java:addFilter(958)) - Added filter static_user_filter (class=org.apache.hadoop.http.lib.StaticUserWebFilter$StaticUserFilter) to context logs
2019-06-13 10:46:00,542 INFO  http.HttpServer2 (HttpServer2.java:addFilter(958)) - Added filter static_user_filter (class=org.apache.hadoop.http.lib.StaticUserWebFilter$StaticUserFilter) to context static
2019-06-13 10:46:00,542 INFO  http.HttpServer2 (HttpServer2.java:bindListener(1191)) - Jetty bound to port 40141
2019-06-13 10:46:00,542 INFO  server.Server (Server.java:doStart(351)) - jetty-9.3.24.v20180605, build timestamp: 2018-06-05T17:11:56Z, git hash: 84205aa28f11a4f31f2a3b86d1bba2cc8ab69827
2019-06-13 10:46:00,546 INFO  handler.ContextHandler (ContextHandler.java:doStart(781)) - Started o.e.j.s.ServletContextHandler@25974207{/logs,file:///opt/src/hadoop-ozone/integration-test/target/log,AVAILABLE}
2019-06-13 10:46:00,546 INFO  handler.ContextHandler (ContextHandler.java:doStart(781)) - Started o.e.j.s.ServletContextHandler@195113de{/static,jar:file:/root/.m2/repository/org/apache/hadoop/hadoop-hdds-container-service/0.5.0-SNAPSHOT/hadoop-hdds-container-service-0.5.0-SNAPSHOT.jar!/webapps/static,AVAILABLE}
2019-06-13 10:46:00,567 INFO  handler.ContextHandler (ContextHandler.java:doStart(781)) - Started o.e.j.w.WebAppContext@74c9e11{/,file:///tmp/jetty-0.0.0.0-40141-hddsDatanode-_-any-295340827934304704.dir/webapp/,AVAILABLE}{/hddsDatanode}
2019-06-13 10:46:00,567 INFO  server.AbstractConnector (AbstractConnector.java:doStart(278)) - Started ServerConnector@9fe720a{HTTP/1.1,[http/1.1]}{0.0.0.0:40141}
2019-06-13 10:46:00,569 INFO  server.Server (Server.java:doStart(419)) - Started @5128ms
2019-06-13 10:46:00,569 INFO  server.BaseHttpServer (BaseHttpServer.java:updateConnectorAddress(207)) - HTTP server of HDDSDATANODE is listening at http://0.0.0.0:40141
2019-06-13 10:46:00,686 INFO  ozone.HddsDatanodeService (HddsDatanodeService.java:startPlugins(396)) - Started plug-in org.apache.hadoop.ozone.web.OzoneHddsDatanodeService@76216830
2019-06-13 10:46:00,686 INFO  impl.MetricsSystemImpl (MetricsSystemImpl.java:init(158)) - HddsDatanode metrics system started (again)
2019-06-13 10:46:00,687 INFO  ozone.HddsDatanodeService (HddsDatanodeService.java:start(185)) - HddsDatanodeService host:ozone-5n8bq-3406807641 ip:192.168.46.8
2019-06-13 10:46:00,690 INFO  util.JvmPauseMonitor (JvmPauseMonitor.java:run(188)) - Starting JVM pause monitor
2019-06-13 10:46:00,691 INFO  datanode.InitDatanodeState (InitDatanodeState.java:persistContainerDatanodeDetails(140)) - DatanodeDetails is persisted to /opt/src/hadoop-ozone/integration-test/target/test-dir/MiniOzoneClusterImpl-87c7e4c0-3e4a-410a-b838-3c21201e8109/datanode-3/meta/datanode.id
2019-06-13 10:46:00,695 INFO  volume.HddsVolume (HddsVolume.java:<init>(176)) - Creating Volume: /opt/src/hadoop-ozone/integration-test/target/test-dir/MiniOzoneClusterImpl-87c7e4c0-3e4a-410a-b838-3c21201e8109/datanode-4/data/containers/hdds of  storage type : DISK and capacity : 104021790720
2019-06-13 10:46:00,696 INFO  volume.VolumeSet (VolumeSet.java:initializeVolumeSet(170)) - Added Volume : /opt/src/hadoop-ozone/integration-test/target/test-dir/MiniOzoneClusterImpl-87c7e4c0-3e4a-410a-b838-3c21201e8109/datanode-4/data/containers/hdds to VolumeSet
2019-06-13 10:46:00,696 INFO  volume.ThrottledAsyncChecker (ThrottledAsyncChecker.java:schedule(140)) - Scheduling a check for org.apache.hadoop.ozone.container.common.volume.HddsVolume@391d1e33
2019-06-13 10:46:00,696 INFO  volume.HddsVolumeChecker (HddsVolumeChecker.java:checkAllVolumes(203)) - Scheduled health check for volume org.apache.hadoop.ozone.container.common.volume.HddsVolume@391d1e33
2019-06-13 10:46:00,714 INFO  ratis.XceiverServerRatis (XceiverServerRatis.java:newXceiverServerRatis(401)) - Found a free port for the server : 41505
2019-06-13 10:46:00,714 INFO  impl.RaftServerProxy (ConfUtils.java:logGet(43)) - raft.rpc.type = GRPC (default)
2019-06-13 10:46:00,715 INFO  grpc.GrpcConfigKeys$Server (ConfUtils.java:logGet(43)) - raft.grpc.server.port = 41505 (custom)
2019-06-13 10:46:00,715 INFO  server.GrpcService (ConfUtils.java:logGet(43)) - raft.grpc.message.size.max = 33570816 (custom)
2019-06-13 10:46:00,715 INFO  server.RaftServerConfigKeys (ConfUtils.java:logGet(43)) - raft.server.log.appender.buffer.byte-limit = 33554432 (custom)
2019-06-13 10:46:00,715 INFO  server.GrpcService (ConfUtils.java:logGet(43)) - raft.grpc.flow.control.window = 1MB (=1048576) (default)
2019-06-13 10:46:00,716 INFO  server.RaftServerConfigKeys (ConfUtils.java:logGet(43)) - raft.server.rpc.request.timeout = 3000ms (default)
2019-06-13 10:46:00,716 INFO  server.RaftServerConfigKeys (ConfUtils.java:logGet(43)) - raft.server.storage.dir = [/opt/src/hadoop-ozone/integration-test/target/test-dir/MiniOzoneClusterImpl-87c7e4c0-3e4a-410a-b838-3c21201e8109/datanode-4/data/ratis] (custom)
2019-06-13 10:46:00,716 INFO  server.XceiverServerGrpc (XceiverServerGrpc.java:<init>(97)) - Found a free port for the server : 45409
2019-06-13 10:46:00,717 INFO  replication.SimpleContainerDownloader (SimpleContainerDownloader.java:<init>(72)) - Starting container downloader service to copy containers to replicate.
2019-06-13 10:46:00,721 INFO  hdfs.DFSUtil (DFSUtil.java:httpServerTemplateForNNAndJN(1641)) - Starting Web-server for hddsDatanode at: http://0.0.0.0:0
2019-06-13 10:46:00,722 INFO  server.AuthenticationFilter (AuthenticationFilter.java:constructSecretProvider(240)) - Unable to initialize FileSignerSecretProvider, falling back to use random secrets.
2019-06-13 10:46:00,722 WARN  http.HttpRequestLog (HttpRequestLog.java:getRequestLog(97)) - Jetty request log can only be enabled using Log4j
2019-06-13 10:46:00,724 INFO  http.HttpServer2 (HttpServer2.java:addGlobalFilter(975)) - Added global filter 'safety' (class=org.apache.hadoop.http.HttpServer2$QuotingInputFilter)
2019-06-13 10:46:00,724 INFO  http.HttpServer2 (HttpServer2.java:addFilter(948)) - Added filter static_user_filter (class=org.apache.hadoop.http.lib.StaticUserWebFilter$StaticUserFilter) to context hddsDatanode
2019-06-13 10:46:00,724 INFO  http.HttpServer2 (HttpServer2.java:addFilter(958)) - Added filter static_user_filter (class=org.apache.hadoop.http.lib.StaticUserWebFilter$StaticUserFilter) to context static
2019-06-13 10:46:00,724 INFO  http.HttpServer2 (HttpServer2.java:addFilter(958)) - Added filter static_user_filter (class=org.apache.hadoop.http.lib.StaticUserWebFilter$StaticUserFilter) to context logs
2019-06-13 10:46:00,725 INFO  http.HttpServer2 (HttpServer2.java:bindListener(1191)) - Jetty bound to port 36815
2019-06-13 10:46:00,725 INFO  server.Server (Server.java:doStart(351)) - jetty-9.3.24.v20180605, build timestamp: 2018-06-05T17:11:56Z, git hash: 84205aa28f11a4f31f2a3b86d1bba2cc8ab69827
2019-06-13 10:46:00,732 INFO  handler.ContextHandler (ContextHandler.java:doStart(781)) - Started o.e.j.s.ServletContextHandler@6f38f084{/logs,file:///opt/src/hadoop-ozone/integration-test/target/log,AVAILABLE}
2019-06-13 10:46:00,733 INFO  handler.ContextHandler (ContextHandler.java:doStart(781)) - Started o.e.j.s.ServletContextHandler@372f0a99{/static,jar:file:/root/.m2/repository/org/apache/hadoop/hadoop-hdds-container-service/0.5.0-SNAPSHOT/hadoop-hdds-container-service-0.5.0-SNAPSHOT.jar!/webapps/static,AVAILABLE}
2019-06-13 10:46:00,763 INFO  handler.ContextHandler (ContextHandler.java:doStart(781)) - Started o.e.j.w.WebAppContext@6b2fdffc{/,file:///tmp/jetty-0.0.0.0-36815-hddsDatanode-_-any-4312590820417961624.dir/webapp/,AVAILABLE}{/hddsDatanode}
2019-06-13 10:46:00,763 INFO  server.AbstractConnector (AbstractConnector.java:doStart(278)) - Started ServerConnector@2ca3d826{HTTP/1.1,[http/1.1]}{0.0.0.0:36815}
2019-06-13 10:46:00,764 INFO  server.Server (Server.java:doStart(419)) - Started @5323ms
2019-06-13 10:46:00,765 INFO  server.BaseHttpServer (BaseHttpServer.java:updateConnectorAddress(207)) - HTTP server of HDDSDATANODE is listening at http://0.0.0.0:36815
2019-06-13 10:46:00,873 INFO  ozone.HddsDatanodeService (HddsDatanodeService.java:startPlugins(396)) - Started plug-in org.apache.hadoop.ozone.web.OzoneHddsDatanodeService@624b3544
2019-06-13 10:46:00,874 INFO  impl.MetricsSystemImpl (MetricsSystemImpl.java:init(158)) - HddsDatanode metrics system started (again)
2019-06-13 10:46:00,874 INFO  ozone.HddsDatanodeService (HddsDatanodeService.java:start(185)) - HddsDatanodeService host:ozone-5n8bq-3406807641 ip:192.168.46.8
2019-06-13 10:46:00,880 INFO  util.JvmPauseMonitor (JvmPauseMonitor.java:run(188)) - Starting JVM pause monitor
2019-06-13 10:46:00,880 INFO  volume.HddsVolume (HddsVolume.java:<init>(176)) - Creating Volume: /opt/src/hadoop-ozone/integration-test/target/test-dir/MiniOzoneClusterImpl-87c7e4c0-3e4a-410a-b838-3c21201e8109/datanode-5/data/containers/hdds of  storage type : DISK and capacity : 104021790720
2019-06-13 10:46:00,881 INFO  volume.VolumeSet (VolumeSet.java:initializeVolumeSet(170)) - Added Volume : /opt/src/hadoop-ozone/integration-test/target/test-dir/MiniOzoneClusterImpl-87c7e4c0-3e4a-410a-b838-3c21201e8109/datanode-5/data/containers/hdds to VolumeSet
2019-06-13 10:46:00,881 INFO  volume.ThrottledAsyncChecker (ThrottledAsyncChecker.java:schedule(140)) - Scheduling a check for org.apache.hadoop.ozone.container.common.volume.HddsVolume@55a0f011
2019-06-13 10:46:00,882 INFO  volume.HddsVolumeChecker (HddsVolumeChecker.java:checkAllVolumes(203)) - Scheduled health check for volume org.apache.hadoop.ozone.container.common.volume.HddsVolume@55a0f011
2019-06-13 10:46:00,883 INFO  datanode.InitDatanodeState (InitDatanodeState.java:persistContainerDatanodeDetails(140)) - DatanodeDetails is persisted to /opt/src/hadoop-ozone/integration-test/target/test-dir/MiniOzoneClusterImpl-87c7e4c0-3e4a-410a-b838-3c21201e8109/datanode-4/meta/datanode.id
2019-06-13 10:46:00,895 INFO  ratis.XceiverServerRatis (XceiverServerRatis.java:newXceiverServerRatis(401)) - Found a free port for the server : 46699
2019-06-13 10:46:00,896 INFO  impl.RaftServerProxy (ConfUtils.java:logGet(43)) - raft.rpc.type = GRPC (default)
2019-06-13 10:46:00,896 INFO  grpc.GrpcConfigKeys$Server (ConfUtils.java:logGet(43)) - raft.grpc.server.port = 46699 (custom)
2019-06-13 10:46:00,896 INFO  server.GrpcService (ConfUtils.java:logGet(43)) - raft.grpc.message.size.max = 33570816 (custom)
2019-06-13 10:46:00,897 INFO  server.RaftServerConfigKeys (ConfUtils.java:logGet(43)) - raft.server.log.appender.buffer.byte-limit = 33554432 (custom)
2019-06-13 10:46:00,897 INFO  server.GrpcService (ConfUtils.java:logGet(43)) - raft.grpc.flow.control.window = 1MB (=1048576) (default)
2019-06-13 10:46:00,897 INFO  server.RaftServerConfigKeys (ConfUtils.java:logGet(43)) - raft.server.rpc.request.timeout = 3000ms (default)
2019-06-13 10:46:00,898 INFO  server.RaftServerConfigKeys (ConfUtils.java:logGet(43)) - raft.server.storage.dir = [/opt/src/hadoop-ozone/integration-test/target/test-dir/MiniOzoneClusterImpl-87c7e4c0-3e4a-410a-b838-3c21201e8109/datanode-5/data/ratis] (custom)
2019-06-13 10:46:00,898 INFO  server.XceiverServerGrpc (XceiverServerGrpc.java:<init>(97)) - Found a free port for the server : 45511
2019-06-13 10:46:00,898 INFO  replication.SimpleContainerDownloader (SimpleContainerDownloader.java:<init>(72)) - Starting container downloader service to copy containers to replicate.
2019-06-13 10:46:00,899 INFO  hdfs.DFSUtil (DFSUtil.java:httpServerTemplateForNNAndJN(1641)) - Starting Web-server for hddsDatanode at: http://0.0.0.0:0
2019-06-13 10:46:00,901 INFO  server.AuthenticationFilter (AuthenticationFilter.java:constructSecretProvider(240)) - Unable to initialize FileSignerSecretProvider, falling back to use random secrets.
2019-06-13 10:46:00,901 WARN  http.HttpRequestLog (HttpRequestLog.java:getRequestLog(97)) - Jetty request log can only be enabled using Log4j
2019-06-13 10:46:00,903 INFO  http.HttpServer2 (HttpServer2.java:addGlobalFilter(975)) - Added global filter 'safety' (class=org.apache.hadoop.http.HttpServer2$QuotingInputFilter)
2019-06-13 10:46:00,903 INFO  http.HttpServer2 (HttpServer2.java:addFilter(948)) - Added filter static_user_filter (class=org.apache.hadoop.http.lib.StaticUserWebFilter$StaticUserFilter) to context hddsDatanode
2019-06-13 10:46:00,903 INFO  http.HttpServer2 (HttpServer2.java:addFilter(958)) - Added filter static_user_filter (class=org.apache.hadoop.http.lib.StaticUserWebFilter$StaticUserFilter) to context logs
2019-06-13 10:46:00,904 INFO  http.HttpServer2 (HttpServer2.java:addFilter(958)) - Added filter static_user_filter (class=org.apache.hadoop.http.lib.StaticUserWebFilter$StaticUserFilter) to context static
2019-06-13 10:46:00,904 INFO  http.HttpServer2 (HttpServer2.java:bindListener(1191)) - Jetty bound to port 33829
2019-06-13 10:46:00,904 INFO  server.Server (Server.java:doStart(351)) - jetty-9.3.24.v20180605, build timestamp: 2018-06-05T17:11:56Z, git hash: 84205aa28f11a4f31f2a3b86d1bba2cc8ab69827
2019-06-13 10:46:00,916 INFO  handler.ContextHandler (ContextHandler.java:doStart(781)) - Started o.e.j.s.ServletContextHandler@23e61112{/logs,file:///opt/src/hadoop-ozone/integration-test/target/log,AVAILABLE}
2019-06-13 10:46:00,916 INFO  handler.ContextHandler (ContextHandler.java:doStart(781)) - Started o.e.j.s.ServletContextHandler@61b60600{/static,jar:file:/root/.m2/repository/org/apache/hadoop/hadoop-hdds-container-service/0.5.0-SNAPSHOT/hadoop-hdds-container-service-0.5.0-SNAPSHOT.jar!/webapps/static,AVAILABLE}
2019-06-13 10:46:00,936 INFO  handler.ContextHandler (ContextHandler.java:doStart(781)) - Started o.e.j.w.WebAppContext@245cb8df{/,file:///tmp/jetty-0.0.0.0-33829-hddsDatanode-_-any-5378531216875529052.dir/webapp/,AVAILABLE}{/hddsDatanode}
2019-06-13 10:46:00,937 INFO  server.AbstractConnector (AbstractConnector.java:doStart(278)) - Started ServerConnector@26b3c9a2{HTTP/1.1,[http/1.1]}{0.0.0.0:33829}
2019-06-13 10:46:00,937 INFO  server.Server (Server.java:doStart(419)) - Started @5496ms
2019-06-13 10:46:00,938 INFO  server.BaseHttpServer (BaseHttpServer.java:updateConnectorAddress(207)) - HTTP server of HDDSDATANODE is listening at http://0.0.0.0:33829
2019-06-13 10:46:01,066 INFO  ozone.HddsDatanodeService (HddsDatanodeService.java:startPlugins(396)) - Started plug-in org.apache.hadoop.ozone.web.OzoneHddsDatanodeService@4662752a
2019-06-13 10:46:01,066 INFO  ozone.MiniOzoneClusterImpl (MiniOzoneClusterImpl.java:lambda$waitForClusterToBeReady$0(142)) - Waiting for cluster to be ready. Got 0 of 6 DN Heartbeats.
2019-06-13 10:46:01,067 INFO  util.JvmPauseMonitor (JvmPauseMonitor.java:run(188)) - Starting JVM pause monitor
2019-06-13 10:46:01,068 INFO  datanode.InitDatanodeState (InitDatanodeState.java:persistContainerDatanodeDetails(140)) - DatanodeDetails is persisted to /opt/src/hadoop-ozone/integration-test/target/test-dir/MiniOzoneClusterImpl-87c7e4c0-3e4a-410a-b838-3c21201e8109/datanode-5/meta/datanode.id
2019-06-13 10:46:02,041 INFO  ozoneimpl.OzoneContainer (OzoneContainer.java:start(186)) - Attempting to start container services.
2019-06-13 10:46:02,041 INFO  ozoneimpl.OzoneContainer (OzoneContainer.java:startContainerScrub(160)) - Background container scrubber has been disabled by hdds.containerscrub.enabled
2019-06-13 10:46:02,041 INFO  ratis.XceiverServerRatis (XceiverServerRatis.java:start(418)) - Starting XceiverServerRatis 64018c34-72ab-41d8-8cd9-2ac7b18300b5 at port 41631
2019-06-13 10:46:02,053 INFO  impl.RaftServerProxy (RaftServerProxy.java:lambda$start$3(299)) - 64018c34-72ab-41d8-8cd9-2ac7b18300b5: start RPC server
2019-06-13 10:46:02,067 INFO  ozone.MiniOzoneClusterImpl (MiniOzoneClusterImpl.java:lambda$waitForClusterToBeReady$0(142)) - Waiting for cluster to be ready. Got 0 of 6 DN Heartbeats.
2019-06-13 10:46:02,177 INFO  server.GrpcService (GrpcService.java:startImpl(148)) - 64018c34-72ab-41d8-8cd9-2ac7b18300b5: GrpcService started, listening on 0.0.0.0/0.0.0.0:41631
2019-06-13 10:46:02,282 INFO  ozoneimpl.OzoneContainer (OzoneContainer.java:start(186)) - Attempting to start container services.
2019-06-13 10:46:02,283 INFO  ozoneimpl.OzoneContainer (OzoneContainer.java:startContainerScrub(160)) - Background container scrubber has been disabled by hdds.containerscrub.enabled
2019-06-13 10:46:02,283 INFO  ratis.XceiverServerRatis (XceiverServerRatis.java:start(418)) - Starting XceiverServerRatis b4003f44-170f-41c9-8d83-037dca915e79 at port 40503
2019-06-13 10:46:02,289 INFO  impl.RaftServerProxy (RaftServerProxy.java:lambda$start$3(299)) - b4003f44-170f-41c9-8d83-037dca915e79: start RPC server
2019-06-13 10:46:02,290 INFO  server.GrpcService (GrpcService.java:startImpl(148)) - b4003f44-170f-41c9-8d83-037dca915e79: GrpcService started, listening on 0.0.0.0/0.0.0.0:40503
2019-06-13 10:46:02,514 INFO  ozoneimpl.OzoneContainer (OzoneContainer.java:start(186)) - Attempting to start container services.
2019-06-13 10:46:02,515 INFO  ozoneimpl.OzoneContainer (OzoneContainer.java:startContainerScrub(160)) - Background container scrubber has been disabled by hdds.containerscrub.enabled
2019-06-13 10:46:02,516 INFO  ratis.XceiverServerRatis (XceiverServerRatis.java:start(418)) - Starting XceiverServerRatis e6d5a7f1-25af-4a03-af8f-3303aaba073b at port 42403
2019-06-13 10:46:02,519 INFO  impl.RaftServerProxy (RaftServerProxy.java:lambda$start$3(299)) - e6d5a7f1-25af-4a03-af8f-3303aaba073b: start RPC server
2019-06-13 10:46:02,521 INFO  server.GrpcService (GrpcService.java:startImpl(148)) - e6d5a7f1-25af-4a03-af8f-3303aaba073b: GrpcService started, listening on 0.0.0.0/0.0.0.0:42403
2019-06-13 10:46:02,693 INFO  ozoneimpl.OzoneContainer (OzoneContainer.java:start(186)) - Attempting to start container services.
2019-06-13 10:46:02,694 INFO  ozoneimpl.OzoneContainer (OzoneContainer.java:startContainerScrub(160)) - Background container scrubber has been disabled by hdds.containerscrub.enabled
2019-06-13 10:46:02,694 INFO  ratis.XceiverServerRatis (XceiverServerRatis.java:start(418)) - Starting XceiverServerRatis fae03976-5d8b-4dbb-a6ac-6f6806665664 at port 45219
2019-06-13 10:46:02,699 INFO  impl.RaftServerProxy (RaftServerProxy.java:lambda$start$3(299)) - fae03976-5d8b-4dbb-a6ac-6f6806665664: start RPC server
2019-06-13 10:46:02,700 INFO  server.GrpcService (GrpcService.java:startImpl(148)) - fae03976-5d8b-4dbb-a6ac-6f6806665664: GrpcService started, listening on 0.0.0.0/0.0.0.0:45219
2019-06-13 10:46:02,882 INFO  ozoneimpl.OzoneContainer (OzoneContainer.java:start(186)) - Attempting to start container services.
2019-06-13 10:46:02,883 INFO  ozoneimpl.OzoneContainer (OzoneContainer.java:startContainerScrub(160)) - Background container scrubber has been disabled by hdds.containerscrub.enabled
2019-06-13 10:46:02,883 INFO  ratis.XceiverServerRatis (XceiverServerRatis.java:start(418)) - Starting XceiverServerRatis 788a5eb3-292e-4c87-922f-b846200269c7 at port 41505
2019-06-13 10:46:02,888 INFO  impl.RaftServerProxy (RaftServerProxy.java:lambda$start$3(299)) - 788a5eb3-292e-4c87-922f-b846200269c7: start RPC server
2019-06-13 10:46:02,890 INFO  server.GrpcService (GrpcService.java:startImpl(148)) - 788a5eb3-292e-4c87-922f-b846200269c7: GrpcService started, listening on 0.0.0.0/0.0.0.0:41505
2019-06-13 10:46:03,068 INFO  ozone.MiniOzoneClusterImpl (MiniOzoneClusterImpl.java:lambda$waitForClusterToBeReady$0(142)) - Waiting for cluster to be ready. Got 0 of 6 DN Heartbeats.
2019-06-13 10:46:03,071 INFO  ozoneimpl.OzoneContainer (OzoneContainer.java:start(186)) - Attempting to start container services.
2019-06-13 10:46:03,072 INFO  ozoneimpl.OzoneContainer (OzoneContainer.java:startContainerScrub(160)) - Background container scrubber has been disabled by hdds.containerscrub.enabled
2019-06-13 10:46:03,072 INFO  ratis.XceiverServerRatis (XceiverServerRatis.java:start(418)) - Starting XceiverServerRatis e9763f46-4748-444a-b2ad-86f7056cbb0e at port 46699
2019-06-13 10:46:03,075 INFO  impl.RaftServerProxy (RaftServerProxy.java:lambda$start$3(299)) - e9763f46-4748-444a-b2ad-86f7056cbb0e: start RPC server
2019-06-13 10:46:03,077 INFO  server.GrpcService (GrpcService.java:startImpl(148)) - e9763f46-4748-444a-b2ad-86f7056cbb0e: GrpcService started, listening on 0.0.0.0/0.0.0.0:46699
2019-06-13 10:46:04,043 INFO  node.SCMNodeManager (SCMNodeManager.java:register(234)) - Registered Data node : 64018c34-72ab-41d8-8cd9-2ac7b18300b5{ip: 192.168.46.8, host: ozone-5n8bq-3406807641, networkLocation: /default-rack, certSerialId: null}
2019-06-13 10:46:04,049 INFO  safemode.SCMSafeModeManager (DataNodeSafeModeRule.java:process(71)) - SCM in safe mode. 1 DataNodes registered, 1 required.
2019-06-13 10:46:04,049 INFO  safemode.SCMSafeModeManager (SCMSafeModeManager.java:validateSafeModeExitRules(177)) - ScmSafeModeManager, all rules are successfully validated
2019-06-13 10:46:04,050 INFO  safemode.SCMSafeModeManager (SCMSafeModeManager.java:exitSafeMode(193)) - SCM exiting safe mode.
2019-06-13 10:46:04,068 INFO  ozone.MiniOzoneClusterImpl (MiniOzoneClusterImpl.java:lambda$waitForClusterToBeReady$0(142)) - Waiting for cluster to be ready. Got 1 of 6 DN Heartbeats.
2019-06-13 10:46:04,280 INFO  node.SCMNodeManager (SCMNodeManager.java:register(234)) - Registered Data node : b4003f44-170f-41c9-8d83-037dca915e79{ip: 192.168.46.8, host: ozone-5n8bq-3406807641, networkLocation: /default-rack, certSerialId: null}
2019-06-13 10:46:04,360 INFO  impl.RaftServerProxy (RaftServerProxy.java:addNew(89)) - 64018c34-72ab-41d8-8cd9-2ac7b18300b5: addNew group-77A1C800EB86:[64018c34-72ab-41d8-8cd9-2ac7b18300b5:192.168.46.8:41631] returns group-77A1C800EB86:java.util.concurrent.CompletableFuture@55aa0cf[Not completed]
2019-06-13 10:46:04,365 INFO  impl.RaftServerImpl (RaftServerImpl.java:<init>(91)) - 64018c34-72ab-41d8-8cd9-2ac7b18300b5: new RaftServerImpl for group-77A1C800EB86:[64018c34-72ab-41d8-8cd9-2ac7b18300b5:192.168.46.8:41631] with ContainerStateMachine:uninitialized
2019-06-13 10:46:04,366 INFO  server.RaftServerConfigKeys (ConfUtils.java:logGet(43)) - raft.server.rpc.timeout.min = 1s (custom)
2019-06-13 10:46:04,366 INFO  server.RaftServerConfigKeys (ConfUtils.java:logGet(43)) - raft.server.rpc.timeout.max = 1200ms (custom)
2019-06-13 10:46:04,366 INFO  server.RaftServerConfigKeys (ConfUtils.java:logGet(43)) - raft.server.rpcslowness.timeout = 10s (custom)
2019-06-13 10:46:04,367 INFO  server.RaftServerConfigKeys (ConfUtils.java:logGet(43)) - raft.server.log.appender.install.snapshot.enabled = true (default)
2019-06-13 10:46:04,373 INFO  impl.RaftServerImpl (ServerState.java:<init>(101)) - 64018c34-72ab-41d8-8cd9-2ac7b18300b5:group-77A1C800EB86 ConfigurationManager, init=-1: [64018c34-72ab-41d8-8cd9-2ac7b18300b5:192.168.46.8:41631], old=null, confs=<EMPTY_MAP>
2019-06-13 10:46:04,373 INFO  server.RaftServerConfigKeys (ConfUtils.java:logGet(43)) - raft.server.storage.dir = [/opt/src/hadoop-ozone/integration-test/target/test-dir/MiniOzoneClusterImpl-87c7e4c0-3e4a-410a-b838-3c21201e8109/datanode-0/data/ratis] (custom)
2019-06-13 10:46:04,378 INFO  storage.RaftStorageDirectory (RaftStorageDirectory.java:analyzeStorage(246)) - The storage directory /opt/src/hadoop-ozone/integration-test/target/test-dir/MiniOzoneClusterImpl-87c7e4c0-3e4a-410a-b838-3c21201e8109/datanode-0/data/ratis/8acc1f32-ab37-46c2-865c-77a1c800eb86 does not exist. Creating ...
2019-06-13 10:46:04,383 INFO  storage.RaftStorageDirectory (RaftStorageDirectory.java:tryLock(328)) - Lock on /opt/src/hadoop-ozone/integration-test/target/test-dir/MiniOzoneClusterImpl-87c7e4c0-3e4a-410a-b838-3c21201e8109/datanode-0/data/ratis/8acc1f32-ab37-46c2-865c-77a1c800eb86/in_use.lock acquired by nodename 10197@ozone-5n8bq-3406807641
2019-06-13 10:46:04,386 INFO  storage.RaftStorage (RaftStorage.java:format(75)) - Storage directory /opt/src/hadoop-ozone/integration-test/target/test-dir/MiniOzoneClusterImpl-87c7e4c0-3e4a-410a-b838-3c21201e8109/datanode-0/data/ratis/8acc1f32-ab37-46c2-865c-77a1c800eb86 has been successfully formatted.
2019-06-13 10:46:04,387 INFO  ratis.ContainerStateMachine (ContainerStateMachine.java:loadSnapshot(199)) - The snapshot info is null.Setting the last applied index to:(t:0, i:~)
2019-06-13 10:46:04,387 INFO  server.RaftServerConfigKeys (ConfUtils.java:logGet(43)) - raft.server.leader.election.timeout = 10s (custom)
2019-06-13 10:46:04,389 INFO  server.RaftServerConfigKeys (ConfUtils.java:logGet(43)) - raft.server.log.use.memory = false (default)
2019-06-13 10:46:04,501 INFO  server.RaftServerConfigKeys (ConfUtils.java:logGet(43)) - raft.server.log.appender.buffer.byte-limit = 33554432 (custom)
2019-06-13 10:46:04,504 INFO  server.RaftServerConfigKeys (ConfUtils.java:logGet(43)) - raft.server.log.segment.size.max = 16384 (custom)
2019-06-13 10:46:04,508 INFO  server.RaftServerConfigKeys (ConfUtils.java:logGet(43)) - raft.server.log.segment.cache.num.max = 2 (custom)
2019-06-13 10:46:04,512 INFO  node.SCMNodeManager (SCMNodeManager.java:register(234)) - Registered Data node : e6d5a7f1-25af-4a03-af8f-3303aaba073b{ip: 192.168.46.8, host: ozone-5n8bq-3406807641, networkLocation: /default-rack, certSerialId: null}
2019-06-13 10:46:04,512 INFO  storage.RaftLogWorker (RaftLogWorker.java:<init>(123)) - new 64018c34-72ab-41d8-8cd9-2ac7b18300b5-RaftLogWorker for Storage Directory /opt/src/hadoop-ozone/integration-test/target/test-dir/MiniOzoneClusterImpl-87c7e4c0-3e4a-410a-b838-3c21201e8109/datanode-0/data/ratis/8acc1f32-ab37-46c2-865c-77a1c800eb86
2019-06-13 10:46:04,512 INFO  server.RaftServerConfigKeys (ConfUtils.java:logGet(43)) - raft.server.log.queue.byte-limit = 2147483647 (custom)
2019-06-13 10:46:04,513 INFO  server.RaftServerConfigKeys (ConfUtils.java:logGet(43)) - raft.server.log.queue.element-limit = 1024 (custom)
2019-06-13 10:46:04,514 INFO  server.RaftServerConfigKeys (ConfUtils.java:logGet(43)) - raft.server.log.segment.size.max = 16384 (custom)
2019-06-13 10:46:04,515 INFO  server.RaftServerConfigKeys (ConfUtils.java:logGet(43)) - raft.server.log.preallocated.size = 16384 (custom)
2019-06-13 10:46:04,515 INFO  server.RaftServerConfigKeys (ConfUtils.java:logGet(43)) - raft.server.log.write.buffer.size = 33554432 (custom)
2019-06-13 10:46:04,515 INFO  server.RaftServerConfigKeys (ConfUtils.java:logGet(43)) - raft.server.log.force.sync.num = 128 (default)
2019-06-13 10:46:04,516 INFO  server.RaftServerConfigKeys (ConfUtils.java:logGet(43)) - raft.server.log.statemachine.data.sync = true (default)
2019-06-13 10:46:04,516 INFO  server.RaftServerConfigKeys (ConfUtils.java:logGet(43)) - raft.server.log.statemachine.data.sync.timeout = 10s (default)
2019-06-13 10:46:04,517 INFO  server.RaftServerConfigKeys (ConfUtils.java:logGet(43)) - raft.server.log.statemachine.data.sync.timeout.retry = -1 (default)
2019-06-13 10:46:04,518 INFO  server.RaftServerConfigKeys (ConfUtils.java:logGet(43)) - raft.server.log.statemachine.data.caching.enabled = true (custom)
2019-06-13 10:46:04,523 INFO  server.RaftServerConfigKeys (ConfUtils.java:logGet(43)) - raft.server.snapshot.auto.trigger.enabled = true (custom)
2019-06-13 10:46:04,524 INFO  server.RaftServerConfigKeys (ConfUtils.java:logGet(43)) - raft.server.snapshot.auto.trigger.threshold = 10000 (custom)
2019-06-13 10:46:04,524 INFO  server.RaftServerConfigKeys (ConfUtils.java:logGet(43)) - raft.server.retrycache.expirytime = 600000ms (custom)
2019-06-13 10:46:04,538 INFO  impl.RaftServerImpl (RaftServerImpl.java:start(173)) - 64018c34-72ab-41d8-8cd9-2ac7b18300b5: start group-77A1C800EB86
2019-06-13 10:46:04,538 INFO  impl.RaftServerImpl (RaftServerImpl.java:setRole(164)) - 64018c34-72ab-41d8-8cd9-2ac7b18300b5:group-77A1C800EB86 changes role from null to FOLLOWER at term 0 for startAsFollower
2019-06-13 10:46:04,539 INFO  impl.RoleInfo (RoleInfo.java:updateAndGet(143)) - 64018c34-72ab-41d8-8cd9-2ac7b18300b5: start FollowerState
2019-06-13 10:46:04,540 INFO  util.JmxRegister (JmxRegister.java:tryRegister(44)) - Successfully registered JMX Bean with object name Ratis:service=RaftServer,group=group-77A1C800EB86,id=64018c34-72ab-41d8-8cd9-2ac7b18300b5
2019-06-13 10:46:04,575 INFO  pipeline.PipelineStateManager (PipelineStateManager.java:addPipeline(56)) - Created pipeline Pipeline[ Id: 8acc1f32-ab37-46c2-865c-77a1c800eb86, Nodes: 64018c34-72ab-41d8-8cd9-2ac7b18300b5{ip: 192.168.46.8, host: ozone-5n8bq-3406807641, networkLocation: /default-rack, certSerialId: null}, Type:RATIS, Factor:ONE, State:OPEN]
2019-06-13 10:46:04,590 INFO  impl.RaftServerProxy (RaftServerProxy.java:addNew(89)) - b4003f44-170f-41c9-8d83-037dca915e79: addNew group-9AFD2DA26D76:[b4003f44-170f-41c9-8d83-037dca915e79:192.168.46.8:40503] returns group-9AFD2DA26D76:java.util.concurrent.CompletableFuture@383beeaa[Not completed]
2019-06-13 10:46:04,591 INFO  impl.RaftServerImpl (RaftServerImpl.java:<init>(91)) - b4003f44-170f-41c9-8d83-037dca915e79: new RaftServerImpl for group-9AFD2DA26D76:[b4003f44-170f-41c9-8d83-037dca915e79:192.168.46.8:40503] with ContainerStateMachine:uninitialized
2019-06-13 10:46:04,592 INFO  server.RaftServerConfigKeys (ConfUtils.java:logGet(43)) - raft.server.rpc.timeout.min = 1s (custom)
2019-06-13 10:46:04,592 INFO  server.RaftServerConfigKeys (ConfUtils.java:logGet(43)) - raft.server.rpc.timeout.max = 1200ms (custom)
2019-06-13 10:46:04,592 INFO  server.RaftServerConfigKeys (ConfUtils.java:logGet(43)) - raft.server.rpcslowness.timeout = 10s (custom)
2019-06-13 10:46:04,592 INFO  server.RaftServerConfigKeys (ConfUtils.java:logGet(43)) - raft.server.log.appender.install.snapshot.enabled = true (default)
2019-06-13 10:46:04,592 INFO  impl.RaftServerImpl (ServerState.java:<init>(101)) - b4003f44-170f-41c9-8d83-037dca915e79:group-9AFD2DA26D76 ConfigurationManager, init=-1: [b4003f44-170f-41c9-8d83-037dca915e79:192.168.46.8:40503], old=null, confs=<EMPTY_MAP>
2019-06-13 10:46:04,592 INFO  server.RaftServerConfigKeys (ConfUtils.java:logGet(43)) - raft.server.storage.dir = [/opt/src/hadoop-ozone/integration-test/target/test-dir/MiniOzoneClusterImpl-87c7e4c0-3e4a-410a-b838-3c21201e8109/datanode-1/data/ratis] (custom)
2019-06-13 10:46:04,593 INFO  storage.RaftStorageDirectory (RaftStorageDirectory.java:analyzeStorage(246)) - The storage directory /opt/src/hadoop-ozone/integration-test/target/test-dir/MiniOzoneClusterImpl-87c7e4c0-3e4a-410a-b838-3c21201e8109/datanode-1/data/ratis/f74d363f-d612-4d1c-b67c-9afd2da26d76 does not exist. Creating ...
2019-06-13 10:46:04,595 INFO  storage.RaftStorageDirectory (RaftStorageDirectory.java:tryLock(328)) - Lock on /opt/src/hadoop-ozone/integration-test/target/test-dir/MiniOzoneClusterImpl-87c7e4c0-3e4a-410a-b838-3c21201e8109/datanode-1/data/ratis/f74d363f-d612-4d1c-b67c-9afd2da26d76/in_use.lock acquired by nodename 10197@ozone-5n8bq-3406807641
2019-06-13 10:46:04,597 INFO  storage.RaftStorage (RaftStorage.java:format(75)) - Storage directory /opt/src/hadoop-ozone/integration-test/target/test-dir/MiniOzoneClusterImpl-87c7e4c0-3e4a-410a-b838-3c21201e8109/datanode-1/data/ratis/f74d363f-d612-4d1c-b67c-9afd2da26d76 has been successfully formatted.
2019-06-13 10:46:04,597 INFO  ratis.ContainerStateMachine (ContainerStateMachine.java:loadSnapshot(199)) - The snapshot info is null.Setting the last applied index to:(t:0, i:~)
2019-06-13 10:46:04,597 INFO  server.RaftServerConfigKeys (ConfUtils.java:logGet(43)) - raft.server.leader.election.timeout = 10s (custom)
2019-06-13 10:46:04,597 INFO  server.RaftServerConfigKeys (ConfUtils.java:logGet(43)) - raft.server.log.use.memory = false (default)
2019-06-13 10:46:04,598 INFO  server.RaftServerConfigKeys (ConfUtils.java:logGet(43)) - raft.server.log.appender.buffer.byte-limit = 33554432 (custom)
2019-06-13 10:46:04,598 INFO  server.RaftServerConfigKeys (ConfUtils.java:logGet(43)) - raft.server.log.segment.size.max = 16384 (custom)
2019-06-13 10:46:04,598 INFO  server.RaftServerConfigKeys (ConfUtils.java:logGet(43)) - raft.server.log.segment.cache.num.max = 2 (custom)
2019-06-13 10:46:04,598 INFO  storage.RaftLogWorker (RaftLogWorker.java:<init>(123)) - new b4003f44-170f-41c9-8d83-037dca915e79-RaftLogWorker for Storage Directory /opt/src/hadoop-ozone/integration-test/target/test-dir/MiniOzoneClusterImpl-87c7e4c0-3e4a-410a-b838-3c21201e8109/datanode-1/data/ratis/f74d363f-d612-4d1c-b67c-9afd2da26d76
2019-06-13 10:46:04,599 INFO  server.RaftServerConfigKeys (ConfUtils.java:logGet(43)) - raft.server.log.queue.byte-limit = 2147483647 (custom)
2019-06-13 10:46:04,599 INFO  server.RaftServerConfigKeys (ConfUtils.java:logGet(43)) - raft.server.log.queue.element-limit = 1024 (custom)
2019-06-13 10:46:04,599 INFO  server.RaftServerConfigKeys (ConfUtils.java:logGet(43)) - raft.server.log.segment.size.max = 16384 (custom)
2019-06-13 10:46:04,599 INFO  server.RaftServerConfigKeys (ConfUtils.java:logGet(43)) - raft.server.log.preallocated.size = 16384 (custom)
2019-06-13 10:46:04,599 INFO  server.RaftServerConfigKeys (ConfUtils.java:logGet(43)) - raft.server.log.write.buffer.size = 33554432 (custom)
2019-06-13 10:46:04,599 INFO  server.RaftServerConfigKeys (ConfUtils.java:logGet(43)) - raft.server.log.force.sync.num = 128 (default)
2019-06-13 10:46:04,599 INFO  server.RaftServerConfigKeys (ConfUtils.java:logGet(43)) - raft.server.log.statemachine.data.sync = true (default)
2019-06-13 10:46:04,600 INFO  server.RaftServerConfigKeys (ConfUtils.java:logGet(43)) - raft.server.log.statemachine.data.sync.timeout = 10s (default)
2019-06-13 10:46:04,600 INFO  server.RaftServerConfigKeys (ConfUtils.java:logGet(43)) - raft.server.log.statemachine.data.sync.timeout.retry = -1 (default)
2019-06-13 10:46:04,600 INFO  server.RaftServerConfigKeys (ConfUtils.java:logGet(43)) - raft.server.log.statemachine.data.caching.enabled = true (custom)
2019-06-13 10:46:04,600 INFO  server.RaftServerConfigKeys (ConfUtils.java:logGet(43)) - raft.server.snapshot.auto.trigger.enabled = true (custom)
2019-06-13 10:46:04,600 INFO  server.RaftServerConfigKeys (ConfUtils.java:logGet(43)) - raft.server.snapshot.auto.trigger.threshold = 10000 (custom)
2019-06-13 10:46:04,600 INFO  server.RaftServerConfigKeys (ConfUtils.java:logGet(43)) - raft.server.retrycache.expirytime = 600000ms (custom)
2019-06-13 10:46:04,600 INFO  impl.RaftServerImpl (RaftServerImpl.java:start(173)) - b4003f44-170f-41c9-8d83-037dca915e79: start group-9AFD2DA26D76
2019-06-13 10:46:04,601 INFO  impl.RaftServerImpl (RaftServerImpl.java:setRole(164)) - b4003f44-170f-41c9-8d83-037dca915e79:group-9AFD2DA26D76 changes role from null to FOLLOWER at term 0 for startAsFollower
2019-06-13 10:46:04,601 INFO  impl.RoleInfo (RoleInfo.java:updateAndGet(143)) - b4003f44-170f-41c9-8d83-037dca915e79: start FollowerState
2019-06-13 10:46:04,602 INFO  util.JmxRegister (JmxRegister.java:tryRegister(44)) - Successfully registered JMX Bean with object name Ratis:service=RaftServer,group=group-9AFD2DA26D76,id=b4003f44-170f-41c9-8d83-037dca915e79
2019-06-13 10:46:04,610 INFO  pipeline.PipelineStateManager (PipelineStateManager.java:addPipeline(56)) - Created pipeline Pipeline[ Id: f74d363f-d612-4d1c-b67c-9afd2da26d76, Nodes: b4003f44-170f-41c9-8d83-037dca915e79{ip: 192.168.46.8, host: ozone-5n8bq-3406807641, networkLocation: /default-rack, certSerialId: null}, Type:RATIS, Factor:ONE, State:OPEN]
2019-06-13 10:46:04,623 INFO  impl.RaftServerProxy (RaftServerProxy.java:addNew(89)) - e6d5a7f1-25af-4a03-af8f-3303aaba073b: addNew group-CFD7006F4ECC:[e6d5a7f1-25af-4a03-af8f-3303aaba073b:192.168.46.8:42403] returns group-CFD7006F4ECC:java.util.concurrent.CompletableFuture@6e4d12d5[Not completed]
2019-06-13 10:46:04,646 INFO  impl.RaftServerImpl (RaftServerImpl.java:<init>(91)) - e6d5a7f1-25af-4a03-af8f-3303aaba073b: new RaftServerImpl for group-CFD7006F4ECC:[e6d5a7f1-25af-4a03-af8f-3303aaba073b:192.168.46.8:42403] with ContainerStateMachine:uninitialized
2019-06-13 10:46:04,646 INFO  server.RaftServerConfigKeys (ConfUtils.java:logGet(43)) - raft.server.rpc.timeout.min = 1s (custom)
2019-06-13 10:46:04,646 INFO  server.RaftServerConfigKeys (ConfUtils.java:logGet(43)) - raft.server.rpc.timeout.max = 1200ms (custom)
2019-06-13 10:46:04,646 INFO  server.RaftServerConfigKeys (ConfUtils.java:logGet(43)) - raft.server.rpcslowness.timeout = 10s (custom)
2019-06-13 10:46:04,646 INFO  server.RaftServerConfigKeys (ConfUtils.java:logGet(43)) - raft.server.log.appender.install.snapshot.enabled = true (default)
2019-06-13 10:46:04,646 INFO  impl.RaftServerImpl (ServerState.java:<init>(101)) - e6d5a7f1-25af-4a03-af8f-3303aaba073b:group-CFD7006F4ECC ConfigurationManager, init=-1: [e6d5a7f1-25af-4a03-af8f-3303aaba073b:192.168.46.8:42403], old=null, confs=<EMPTY_MAP>
2019-06-13 10:46:04,646 INFO  server.RaftServerConfigKeys (ConfUtils.java:logGet(43)) - raft.server.storage.dir = [/opt/src/hadoop-ozone/integration-test/target/test-dir/MiniOzoneClusterImpl-87c7e4c0-3e4a-410a-b838-3c21201e8109/datanode-2/data/ratis] (custom)
2019-06-13 10:46:04,647 INFO  storage.RaftStorageDirectory (RaftStorageDirectory.java:analyzeStorage(246)) - The storage directory /opt/src/hadoop-ozone/integration-test/target/test-dir/MiniOzoneClusterImpl-87c7e4c0-3e4a-410a-b838-3c21201e8109/datanode-2/data/ratis/634b69ab-2242-448d-a153-cfd7006f4ecc does not exist. Creating ...
2019-06-13 10:46:04,649 INFO  storage.RaftStorageDirectory (RaftStorageDirectory.java:tryLock(328)) - Lock on /opt/src/hadoop-ozone/integration-test/target/test-dir/MiniOzoneClusterImpl-87c7e4c0-3e4a-410a-b838-3c21201e8109/datanode-2/data/ratis/634b69ab-2242-448d-a153-cfd7006f4ecc/in_use.lock acquired by nodename 10197@ozone-5n8bq-3406807641
2019-06-13 10:46:04,651 INFO  storage.RaftStorage (RaftStorage.java:format(75)) - Storage directory /opt/src/hadoop-ozone/integration-test/target/test-dir/MiniOzoneClusterImpl-87c7e4c0-3e4a-410a-b838-3c21201e8109/datanode-2/data/ratis/634b69ab-2242-448d-a153-cfd7006f4ecc has been successfully formatted.
2019-06-13 10:46:04,652 INFO  ratis.ContainerStateMachine (ContainerStateMachine.java:loadSnapshot(199)) - The snapshot info is null.Setting the last applied index to:(t:0, i:~)
2019-06-13 10:46:04,653 INFO  server.RaftServerConfigKeys (ConfUtils.java:logGet(43)) - raft.server.leader.election.timeout = 10s (custom)
2019-06-13 10:46:04,653 INFO  server.RaftServerConfigKeys (ConfUtils.java:logGet(43)) - raft.server.log.use.memory = false (default)
2019-06-13 10:46:04,653 INFO  server.RaftServerConfigKeys (ConfUtils.java:logGet(43)) - raft.server.log.appender.buffer.byte-limit = 33554432 (custom)
2019-06-13 10:46:04,653 INFO  server.RaftServerConfigKeys (ConfUtils.java:logGet(43)) - raft.server.log.segment.size.max = 16384 (custom)
2019-06-13 10:46:04,653 INFO  server.RaftServerConfigKeys (ConfUtils.java:logGet(43)) - raft.server.log.segment.cache.num.max = 2 (custom)
2019-06-13 10:46:04,653 INFO  storage.RaftLogWorker (RaftLogWorker.java:<init>(123)) - new e6d5a7f1-25af-4a03-af8f-3303aaba073b-RaftLogWorker for Storage Directory /opt/src/hadoop-ozone/integration-test/target/test-dir/MiniOzoneClusterImpl-87c7e4c0-3e4a-410a-b838-3c21201e8109/datanode-2/data/ratis/634b69ab-2242-448d-a153-cfd7006f4ecc
2019-06-13 10:46:04,653 INFO  server.RaftServerConfigKeys (ConfUtils.java:logGet(43)) - raft.server.log.queue.byte-limit = 2147483647 (custom)
2019-06-13 10:46:04,653 INFO  server.RaftServerConfigKeys (ConfUtils.java:logGet(43)) - raft.server.log.queue.element-limit = 1024 (custom)
2019-06-13 10:46:04,653 INFO  server.RaftServerConfigKeys (ConfUtils.java:logGet(43)) - raft.server.log.segment.size.max = 16384 (custom)
2019-06-13 10:46:04,653 INFO  server.RaftServerConfigKeys (ConfUtils.java:logGet(43)) - raft.server.log.preallocated.size = 16384 (custom)
2019-06-13 10:46:04,653 INFO  server.RaftServerConfigKeys (ConfUtils.java:logGet(43)) - raft.server.log.write.buffer.size = 33554432 (custom)
2019-06-13 10:46:04,654 INFO  server.RaftServerConfigKeys (ConfUtils.java:logGet(43)) - raft.server.log.force.sync.num = 128 (default)
2019-06-13 10:46:04,654 INFO  server.RaftServerConfigKeys (ConfUtils.java:logGet(43)) - raft.server.log.statemachine.data.sync = true (default)
2019-06-13 10:46:04,654 INFO  server.RaftServerConfigKeys (ConfUtils.java:logGet(43)) - raft.server.log.statemachine.data.sync.timeout = 10s (default)
2019-06-13 10:46:04,654 INFO  server.RaftServerConfigKeys (ConfUtils.java:logGet(43)) - raft.server.log.statemachine.data.sync.timeout.retry = -1 (default)
2019-06-13 10:46:04,654 INFO  server.RaftServerConfigKeys (ConfUtils.java:logGet(43)) - raft.server.log.statemachine.data.caching.enabled = true (custom)
2019-06-13 10:46:04,654 INFO  server.RaftServerConfigKeys (ConfUtils.java:logGet(43)) - raft.server.snapshot.auto.trigger.enabled = true (custom)
2019-06-13 10:46:04,654 INFO  server.RaftServerConfigKeys (ConfUtils.java:logGet(43)) - raft.server.snapshot.auto.trigger.threshold = 10000 (custom)
2019-06-13 10:46:04,654 INFO  server.RaftServerConfigKeys (ConfUtils.java:logGet(43)) - raft.server.retrycache.expirytime = 600000ms (custom)
2019-06-13 10:46:04,655 INFO  impl.RaftServerImpl (RaftServerImpl.java:start(173)) - e6d5a7f1-25af-4a03-af8f-3303aaba073b: start group-CFD7006F4ECC
2019-06-13 10:46:04,655 INFO  impl.RaftServerImpl (RaftServerImpl.java:setRole(164)) - e6d5a7f1-25af-4a03-af8f-3303aaba073b:group-CFD7006F4ECC changes role from null to FOLLOWER at term 0 for startAsFollower
2019-06-13 10:46:04,655 INFO  impl.RoleInfo (RoleInfo.java:updateAndGet(143)) - e6d5a7f1-25af-4a03-af8f-3303aaba073b: start FollowerState
2019-06-13 10:46:04,655 INFO  util.JmxRegister (JmxRegister.java:tryRegister(44)) - Successfully registered JMX Bean with object name Ratis:service=RaftServer,group=group-CFD7006F4ECC,id=e6d5a7f1-25af-4a03-af8f-3303aaba073b
2019-06-13 10:46:04,662 INFO  pipeline.PipelineStateManager (PipelineStateManager.java:addPipeline(56)) - Created pipeline Pipeline[ Id: 634b69ab-2242-448d-a153-cfd7006f4ecc, Nodes: e6d5a7f1-25af-4a03-af8f-3303aaba073b{ip: 192.168.46.8, host: ozone-5n8bq-3406807641, networkLocation: /default-rack, certSerialId: null}, Type:RATIS, Factor:ONE, State:OPEN]
2019-06-13 10:46:04,690 INFO  impl.RaftServerProxy (RaftServerProxy.java:addNew(89)) - e6d5a7f1-25af-4a03-af8f-3303aaba073b: addNew group-196FC481DCAB:[b4003f44-170f-41c9-8d83-037dca915e79:192.168.46.8:40503, e6d5a7f1-25af-4a03-af8f-3303aaba073b:192.168.46.8:42403, 64018c34-72ab-41d8-8cd9-2ac7b18300b5:192.168.46.8:41631] returns group-196FC481DCAB:java.util.concurrent.CompletableFuture@36121b99[Not completed]
2019-06-13 10:46:04,690 INFO  impl.RaftServerImpl (RaftServerImpl.java:<init>(91)) - e6d5a7f1-25af-4a03-af8f-3303aaba073b: new RaftServerImpl for group-196FC481DCAB:[b4003f44-170f-41c9-8d83-037dca915e79:192.168.46.8:40503, e6d5a7f1-25af-4a03-af8f-3303aaba073b:192.168.46.8:42403, 64018c34-72ab-41d8-8cd9-2ac7b18300b5:192.168.46.8:41631] with ContainerStateMachine:uninitialized
2019-06-13 10:46:04,691 INFO  server.RaftServerConfigKeys (ConfUtils.java:logGet(43)) - raft.server.rpc.timeout.min = 1s (custom)
2019-06-13 10:46:04,691 INFO  server.RaftServerConfigKeys (ConfUtils.java:logGet(43)) - raft.server.rpc.timeout.max = 1200ms (custom)
2019-06-13 10:46:04,691 INFO  server.RaftServerConfigKeys (ConfUtils.java:logGet(43)) - raft.server.rpcslowness.timeout = 10s (custom)
2019-06-13 10:46:04,691 INFO  server.RaftServerConfigKeys (ConfUtils.java:logGet(43)) - raft.server.log.appender.install.snapshot.enabled = true (default)
2019-06-13 10:46:04,691 INFO  impl.RaftServerImpl (ServerState.java:<init>(101)) - e6d5a7f1-25af-4a03-af8f-3303aaba073b:group-196FC481DCAB ConfigurationManager, init=-1: [b4003f44-170f-41c9-8d83-037dca915e79:192.168.46.8:40503, e6d5a7f1-25af-4a03-af8f-3303aaba073b:192.168.46.8:42403, 64018c34-72ab-41d8-8cd9-2ac7b18300b5:192.168.46.8:41631], old=null, confs=<EMPTY_MAP>
2019-06-13 10:46:04,691 INFO  server.RaftServerConfigKeys (ConfUtils.java:logGet(43)) - raft.server.storage.dir = [/opt/src/hadoop-ozone/integration-test/target/test-dir/MiniOzoneClusterImpl-87c7e4c0-3e4a-410a-b838-3c21201e8109/datanode-2/data/ratis] (custom)
2019-06-13 10:46:04,693 INFO  storage.RaftStorageDirectory (RaftStorageDirectory.java:analyzeStorage(246)) - The storage directory /opt/src/hadoop-ozone/integration-test/target/test-dir/MiniOzoneClusterImpl-87c7e4c0-3e4a-410a-b838-3c21201e8109/datanode-2/data/ratis/10434af9-83e2-4a3e-b932-196fc481dcab does not exist. Creating ...
2019-06-13 10:46:04,695 INFO  impl.RaftServerProxy (RaftServerProxy.java:addNew(89)) - b4003f44-170f-41c9-8d83-037dca915e79: addNew group-196FC481DCAB:[b4003f44-170f-41c9-8d83-037dca915e79:192.168.46.8:40503, e6d5a7f1-25af-4a03-af8f-3303aaba073b:192.168.46.8:42403, 64018c34-72ab-41d8-8cd9-2ac7b18300b5:192.168.46.8:41631] returns group-196FC481DCAB:java.util.concurrent.CompletableFuture@f6bbf[Not completed]
2019-06-13 10:46:04,695 INFO  node.SCMNodeManager (SCMNodeManager.java:register(234)) - Registered Data node : fae03976-5d8b-4dbb-a6ac-6f6806665664{ip: 192.168.46.8, host: ozone-5n8bq-3406807641, networkLocation: /default-rack, certSerialId: null}
2019-06-13 10:46:04,699 INFO  impl.RaftServerImpl (RaftServerImpl.java:<init>(91)) - b4003f44-170f-41c9-8d83-037dca915e79: new RaftServerImpl for group-196FC481DCAB:[b4003f44-170f-41c9-8d83-037dca915e79:192.168.46.8:40503, e6d5a7f1-25af-4a03-af8f-3303aaba073b:192.168.46.8:42403, 64018c34-72ab-41d8-8cd9-2ac7b18300b5:192.168.46.8:41631] with ContainerStateMachine:uninitialized
2019-06-13 10:46:04,699 INFO  server.RaftServerConfigKeys (ConfUtils.java:logGet(43)) - raft.server.rpc.timeout.min = 1s (custom)
2019-06-13 10:46:04,695 INFO  impl.RaftServerProxy (RaftServerProxy.java:addNew(89)) - 64018c34-72ab-41d8-8cd9-2ac7b18300b5: addNew group-196FC481DCAB:[b4003f44-170f-41c9-8d83-037dca915e79:192.168.46.8:40503, e6d5a7f1-25af-4a03-af8f-3303aaba073b:192.168.46.8:42403, 64018c34-72ab-41d8-8cd9-2ac7b18300b5:192.168.46.8:41631] returns group-196FC481DCAB:java.util.concurrent.CompletableFuture@322d8983[Not completed]
2019-06-13 10:46:04,699 INFO  server.RaftServerConfigKeys (ConfUtils.java:logGet(43)) - raft.server.rpc.timeout.max = 1200ms (custom)
2019-06-13 10:46:04,699 INFO  impl.RaftServerImpl (RaftServerImpl.java:<init>(91)) - 64018c34-72ab-41d8-8cd9-2ac7b18300b5: new RaftServerImpl for group-196FC481DCAB:[b4003f44-170f-41c9-8d83-037dca915e79:192.168.46.8:40503, e6d5a7f1-25af-4a03-af8f-3303aaba073b:192.168.46.8:42403, 64018c34-72ab-41d8-8cd9-2ac7b18300b5:192.168.46.8:41631] with ContainerStateMachine:uninitialized
2019-06-13 10:46:04,697 INFO  storage.RaftStorageDirectory (RaftStorageDirectory.java:tryLock(328)) - Lock on /opt/src/hadoop-ozone/integration-test/target/test-dir/MiniOzoneClusterImpl-87c7e4c0-3e4a-410a-b838-3c21201e8109/datanode-2/data/ratis/10434af9-83e2-4a3e-b932-196fc481dcab/in_use.lock acquired by nodename 10197@ozone-5n8bq-3406807641
2019-06-13 10:46:04,700 INFO  server.RaftServerConfigKeys (ConfUtils.java:logGet(43)) - raft.server.rpc.timeout.min = 1s (custom)
2019-06-13 10:46:04,700 INFO  server.RaftServerConfigKeys (ConfUtils.java:logGet(43)) - raft.server.rpc.timeout.max = 1200ms (custom)
2019-06-13 10:46:04,700 INFO  server.RaftServerConfigKeys (ConfUtils.java:logGet(43)) - raft.server.rpcslowness.timeout = 10s (custom)
2019-06-13 10:46:04,700 INFO  server.RaftServerConfigKeys (ConfUtils.java:logGet(43)) - raft.server.log.appender.install.snapshot.enabled = true (default)
2019-06-13 10:46:04,701 INFO  impl.RaftServerImpl (ServerState.java:<init>(101)) - 64018c34-72ab-41d8-8cd9-2ac7b18300b5:group-196FC481DCAB ConfigurationManager, init=-1: [b4003f44-170f-41c9-8d83-037dca915e79:192.168.46.8:40503, e6d5a7f1-25af-4a03-af8f-3303aaba073b:192.168.46.8:42403, 64018c34-72ab-41d8-8cd9-2ac7b18300b5:192.168.46.8:41631], old=null, confs=<EMPTY_MAP>
2019-06-13 10:46:04,701 INFO  server.RaftServerConfigKeys (ConfUtils.java:logGet(43)) - raft.server.storage.dir = [/opt/src/hadoop-ozone/integration-test/target/test-dir/MiniOzoneClusterImpl-87c7e4c0-3e4a-410a-b838-3c21201e8109/datanode-0/data/ratis] (custom)
2019-06-13 10:46:04,701 INFO  storage.RaftStorageDirectory (RaftStorageDirectory.java:analyzeStorage(246)) - The storage directory /opt/src/hadoop-ozone/integration-test/target/test-dir/MiniOzoneClusterImpl-87c7e4c0-3e4a-410a-b838-3c21201e8109/datanode-0/data/ratis/10434af9-83e2-4a3e-b932-196fc481dcab does not exist. Creating ...
2019-06-13 10:46:04,700 INFO  server.RaftServerConfigKeys (ConfUtils.java:logGet(43)) - raft.server.rpcslowness.timeout = 10s (custom)
2019-06-13 10:46:04,701 INFO  server.RaftServerConfigKeys (ConfUtils.java:logGet(43)) - raft.server.log.appender.install.snapshot.enabled = true (default)
2019-06-13 10:46:04,701 INFO  impl.RaftServerImpl (ServerState.java:<init>(101)) - b4003f44-170f-41c9-8d83-037dca915e79:group-196FC481DCAB ConfigurationManager, init=-1: [b4003f44-170f-41c9-8d83-037dca915e79:192.168.46.8:40503, e6d5a7f1-25af-4a03-af8f-3303aaba073b:192.168.46.8:42403, 64018c34-72ab-41d8-8cd9-2ac7b18300b5:192.168.46.8:41631], old=null, confs=<EMPTY_MAP>
2019-06-13 10:46:04,701 INFO  server.RaftServerConfigKeys (ConfUtils.java:logGet(43)) - raft.server.storage.dir = [/opt/src/hadoop-ozone/integration-test/target/test-dir/MiniOzoneClusterImpl-87c7e4c0-3e4a-410a-b838-3c21201e8109/datanode-1/data/ratis] (custom)
2019-06-13 10:46:04,702 INFO  storage.RaftStorageDirectory (RaftStorageDirectory.java:analyzeStorage(246)) - The storage directory /opt/src/hadoop-ozone/integration-test/target/test-dir/MiniOzoneClusterImpl-87c7e4c0-3e4a-410a-b838-3c21201e8109/datanode-1/data/ratis/10434af9-83e2-4a3e-b932-196fc481dcab does not exist. Creating ...
2019-06-13 10:46:04,702 INFO  storage.RaftStorage (RaftStorage.java:format(75)) - Storage directory /opt/src/hadoop-ozone/integration-test/target/test-dir/MiniOzoneClusterImpl-87c7e4c0-3e4a-410a-b838-3c21201e8109/datanode-2/data/ratis/10434af9-83e2-4a3e-b932-196fc481dcab has been successfully formatted.
2019-06-13 10:46:04,703 INFO  ratis.ContainerStateMachine (ContainerStateMachine.java:loadSnapshot(199)) - The snapshot info is null.Setting the last applied index to:(t:0, i:~)
2019-06-13 10:46:04,703 INFO  server.RaftServerConfigKeys (ConfUtils.java:logGet(43)) - raft.server.leader.election.timeout = 10s (custom)
2019-06-13 10:46:04,703 INFO  server.RaftServerConfigKeys (ConfUtils.java:logGet(43)) - raft.server.log.use.memory = false (default)
2019-06-13 10:46:04,703 INFO  server.RaftServerConfigKeys (ConfUtils.java:logGet(43)) - raft.server.log.appender.buffer.byte-limit = 33554432 (custom)
2019-06-13 10:46:04,703 INFO  server.RaftServerConfigKeys (ConfUtils.java:logGet(43)) - raft.server.log.segment.size.max = 16384 (custom)
2019-06-13 10:46:04,703 INFO  server.RaftServerConfigKeys (ConfUtils.java:logGet(43)) - raft.server.log.segment.cache.num.max = 2 (custom)
2019-06-13 10:46:04,703 INFO  storage.RaftLogWorker (RaftLogWorker.java:<init>(123)) - new e6d5a7f1-25af-4a03-af8f-3303aaba073b-RaftLogWorker for Storage Directory /opt/src/hadoop-ozone/integration-test/target/test-dir/MiniOzoneClusterImpl-87c7e4c0-3e4a-410a-b838-3c21201e8109/datanode-2/data/ratis/10434af9-83e2-4a3e-b932-196fc481dcab
2019-06-13 10:46:04,703 INFO  server.RaftServerConfigKeys (ConfUtils.java:logGet(43)) - raft.server.log.queue.byte-limit = 2147483647 (custom)
2019-06-13 10:46:04,703 INFO  server.RaftServerConfigKeys (ConfUtils.java:logGet(43)) - raft.server.log.queue.element-limit = 1024 (custom)
2019-06-13 10:46:04,703 INFO  server.RaftServerConfigKeys (ConfUtils.java:logGet(43)) - raft.server.log.segment.size.max = 16384 (custom)
2019-06-13 10:46:04,703 INFO  server.RaftServerConfigKeys (ConfUtils.java:logGet(43)) - raft.server.log.preallocated.size = 16384 (custom)
2019-06-13 10:46:04,704 INFO  server.RaftServerConfigKeys (ConfUtils.java:logGet(43)) - raft.server.log.write.buffer.size = 33554432 (custom)
2019-06-13 10:46:04,704 INFO  server.RaftServerConfigKeys (ConfUtils.java:logGet(43)) - raft.server.log.force.sync.num = 128 (default)
2019-06-13 10:46:04,704 INFO  server.RaftServerConfigKeys (ConfUtils.java:logGet(43)) - raft.server.log.statemachine.data.sync = true (default)
2019-06-13 10:46:04,704 INFO  server.RaftServerConfigKeys (ConfUtils.java:logGet(43)) - raft.server.log.statemachine.data.sync.timeout = 10s (default)
2019-06-13 10:46:04,704 INFO  server.RaftServerConfigKeys (ConfUtils.java:logGet(43)) - raft.server.log.statemachine.data.sync.timeout.retry = -1 (default)
2019-06-13 10:46:04,704 INFO  server.RaftServerConfigKeys (ConfUtils.java:logGet(43)) - raft.server.log.statemachine.data.caching.enabled = true (custom)
2019-06-13 10:46:04,704 INFO  storage.RaftStorageDirectory (RaftStorageDirectory.java:tryLock(328)) - Lock on /opt/src/hadoop-ozone/integration-test/target/test-dir/MiniOzoneClusterImpl-87c7e4c0-3e4a-410a-b838-3c21201e8109/datanode-0/data/ratis/10434af9-83e2-4a3e-b932-196fc481dcab/in_use.lock acquired by nodename 10197@ozone-5n8bq-3406807641
2019-06-13 10:46:04,705 INFO  storage.RaftStorageDirectory (RaftStorageDirectory.java:tryLock(328)) - Lock on /opt/src/hadoop-ozone/integration-test/target/test-dir/MiniOzoneClusterImpl-87c7e4c0-3e4a-410a-b838-3c21201e8109/datanode-1/data/ratis/10434af9-83e2-4a3e-b932-196fc481dcab/in_use.lock acquired by nodename 10197@ozone-5n8bq-3406807641
2019-06-13 10:46:04,705 INFO  server.RaftServerConfigKeys (ConfUtils.java:logGet(43)) - raft.server.snapshot.auto.trigger.enabled = true (custom)
2019-06-13 10:46:04,705 INFO  server.RaftServerConfigKeys (ConfUtils.java:logGet(43)) - raft.server.snapshot.auto.trigger.threshold = 10000 (custom)
2019-06-13 10:46:04,705 INFO  server.RaftServerConfigKeys (ConfUtils.java:logGet(43)) - raft.server.retrycache.expirytime = 600000ms (custom)
2019-06-13 10:46:04,706 INFO  impl.RaftServerImpl (RaftServerImpl.java:start(173)) - e6d5a7f1-25af-4a03-af8f-3303aaba073b: start group-196FC481DCAB
2019-06-13 10:46:04,706 INFO  impl.RaftServerImpl (RaftServerImpl.java:setRole(164)) - e6d5a7f1-25af-4a03-af8f-3303aaba073b:group-196FC481DCAB changes role from null to FOLLOWER at term 0 for startAsFollower
2019-06-13 10:46:04,706 INFO  impl.RoleInfo (RoleInfo.java:updateAndGet(143)) - e6d5a7f1-25af-4a03-af8f-3303aaba073b: start FollowerState
2019-06-13 10:46:04,706 INFO  util.JmxRegister (JmxRegister.java:tryRegister(44)) - Successfully registered JMX Bean with object name Ratis:service=RaftServer,group=group-196FC481DCAB,id=e6d5a7f1-25af-4a03-af8f-3303aaba073b
2019-06-13 10:46:04,707 INFO  storage.RaftStorage (RaftStorage.java:format(75)) - Storage directory /opt/src/hadoop-ozone/integration-test/target/test-dir/MiniOzoneClusterImpl-87c7e4c0-3e4a-410a-b838-3c21201e8109/datanode-0/data/ratis/10434af9-83e2-4a3e-b932-196fc481dcab has been successfully formatted.
2019-06-13 10:46:04,707 INFO  storage.RaftStorage (RaftStorage.java:format(75)) - Storage directory /opt/src/hadoop-ozone/integration-test/target/test-dir/MiniOzoneClusterImpl-87c7e4c0-3e4a-410a-b838-3c21201e8109/datanode-1/data/ratis/10434af9-83e2-4a3e-b932-196fc481dcab has been successfully formatted.
2019-06-13 10:46:04,707 INFO  ratis.ContainerStateMachine (ContainerStateMachine.java:loadSnapshot(199)) - The snapshot info is null.Setting the last applied index to:(t:0, i:~)
2019-06-13 10:46:04,707 INFO  ratis.ContainerStateMachine (ContainerStateMachine.java:loadSnapshot(199)) - The snapshot info is null.Setting the last applied index to:(t:0, i:~)
2019-06-13 10:46:04,707 INFO  server.RaftServerConfigKeys (ConfUtils.java:logGet(43)) - raft.server.leader.election.timeout = 10s (custom)
2019-06-13 10:46:04,707 INFO  server.RaftServerConfigKeys (ConfUtils.java:logGet(43)) - raft.server.log.use.memory = false (default)
2019-06-13 10:46:04,707 INFO  server.RaftServerConfigKeys (ConfUtils.java:logGet(43)) - raft.server.log.appender.buffer.byte-limit = 33554432 (custom)
2019-06-13 10:46:04,707 INFO  server.RaftServerConfigKeys (ConfUtils.java:logGet(43)) - raft.server.log.segment.size.max = 16384 (custom)
2019-06-13 10:46:04,708 INFO  server.RaftServerConfigKeys (ConfUtils.java:logGet(43)) - raft.server.log.segment.cache.num.max = 2 (custom)
2019-06-13 10:46:04,708 INFO  storage.RaftLogWorker (RaftLogWorker.java:<init>(123)) - new 64018c34-72ab-41d8-8cd9-2ac7b18300b5-RaftLogWorker for Storage Directory /opt/src/hadoop-ozone/integration-test/target/test-dir/MiniOzoneClusterImpl-87c7e4c0-3e4a-410a-b838-3c21201e8109/datanode-0/data/ratis/10434af9-83e2-4a3e-b932-196fc481dcab
2019-06-13 10:46:04,707 INFO  server.RaftServerConfigKeys (ConfUtils.java:logGet(43)) - raft.server.leader.election.timeout = 10s (custom)
2019-06-13 10:46:04,710 INFO  server.RaftServerConfigKeys (ConfUtils.java:logGet(43)) - raft.server.log.use.memory = false (default)
2019-06-13 10:46:04,711 INFO  server.RaftServerConfigKeys (ConfUtils.java:logGet(43)) - raft.server.log.appender.buffer.byte-limit = 33554432 (custom)
2019-06-13 10:46:04,711 INFO  server.RaftServerConfigKeys (ConfUtils.java:logGet(43)) - raft.server.log.segment.size.max = 16384 (custom)
2019-06-13 10:46:04,711 INFO  server.RaftServerConfigKeys (ConfUtils.java:logGet(43)) - raft.server.log.segment.cache.num.max = 2 (custom)
2019-06-13 10:46:04,711 INFO  storage.RaftLogWorker (RaftLogWorker.java:<init>(123)) - new b4003f44-170f-41c9-8d83-037dca915e79-RaftLogWorker for Storage Directory /opt/src/hadoop-ozone/integration-test/target/test-dir/MiniOzoneClusterImpl-87c7e4c0-3e4a-410a-b838-3c21201e8109/datanode-1/data/ratis/10434af9-83e2-4a3e-b932-196fc481dcab
2019-06-13 10:46:04,711 INFO  server.RaftServerConfigKeys (ConfUtils.java:logGet(43)) - raft.server.log.queue.byte-limit = 2147483647 (custom)
2019-06-13 10:46:04,711 INFO  server.RaftServerConfigKeys (ConfUtils.java:logGet(43)) - raft.server.log.queue.element-limit = 1024 (custom)
2019-06-13 10:46:04,711 INFO  server.RaftServerConfigKeys (ConfUtils.java:logGet(43)) - raft.server.log.segment.size.max = 16384 (custom)
2019-06-13 10:46:04,711 INFO  server.RaftServerConfigKeys (ConfUtils.java:logGet(43)) - raft.server.log.preallocated.size = 16384 (custom)
2019-06-13 10:46:04,712 INFO  server.RaftServerConfigKeys (ConfUtils.java:logGet(43)) - raft.server.log.write.buffer.size = 33554432 (custom)
2019-06-13 10:46:04,712 INFO  server.RaftServerConfigKeys (ConfUtils.java:logGet(43)) - raft.server.log.force.sync.num = 128 (default)
2019-06-13 10:46:04,712 INFO  server.RaftServerConfigKeys (ConfUtils.java:logGet(43)) - raft.server.log.statemachine.data.sync = true (default)
2019-06-13 10:46:04,713 INFO  server.RaftServerConfigKeys (ConfUtils.java:logGet(43)) - raft.server.log.statemachine.data.sync.timeout = 10s (default)
2019-06-13 10:46:04,708 INFO  server.RaftServerConfigKeys (ConfUtils.java:logGet(43)) - raft.server.log.queue.byte-limit = 2147483647 (custom)
2019-06-13 10:46:04,713 INFO  server.RaftServerConfigKeys (ConfUtils.java:logGet(43)) - raft.server.log.queue.element-limit = 1024 (custom)
2019-06-13 10:46:04,713 INFO  server.RaftServerConfigKeys (ConfUtils.java:logGet(43)) - raft.server.log.segment.size.max = 16384 (custom)
2019-06-13 10:46:04,713 INFO  server.RaftServerConfigKeys (ConfUtils.java:logGet(43)) - raft.server.log.preallocated.size = 16384 (custom)
2019-06-13 10:46:04,713 INFO  server.RaftServerConfigKeys (ConfUtils.java:logGet(43)) - raft.server.log.write.buffer.size = 33554432 (custom)
2019-06-13 10:46:04,713 INFO  server.RaftServerConfigKeys (ConfUtils.java:logGet(43)) - raft.server.log.statemachine.data.sync.timeout.retry = -1 (default)
2019-06-13 10:46:04,720 INFO  server.RaftServerConfigKeys (ConfUtils.java:logGet(43)) - raft.server.log.statemachine.data.caching.enabled = true (custom)
2019-06-13 10:46:04,720 INFO  server.RaftServerConfigKeys (ConfUtils.java:logGet(43)) - raft.server.log.force.sync.num = 128 (default)
2019-06-13 10:46:04,720 INFO  server.RaftServerConfigKeys (ConfUtils.java:logGet(43)) - raft.server.log.statemachine.data.sync = true (default)
2019-06-13 10:46:04,720 INFO  server.RaftServerConfigKeys (ConfUtils.java:logGet(43)) - raft.server.log.statemachine.data.sync.timeout = 10s (default)
2019-06-13 10:46:04,720 INFO  server.RaftServerConfigKeys (ConfUtils.java:logGet(43)) - raft.server.log.statemachine.data.sync.timeout.retry = -1 (default)
2019-06-13 10:46:04,721 INFO  server.RaftServerConfigKeys (ConfUtils.java:logGet(43)) - raft.server.snapshot.auto.trigger.enabled = true (custom)
2019-06-13 10:46:04,721 INFO  server.RaftServerConfigKeys (ConfUtils.java:logGet(43)) - raft.server.log.statemachine.data.caching.enabled = true (custom)
2019-06-13 10:46:04,721 INFO  server.RaftServerConfigKeys (ConfUtils.java:logGet(43)) - raft.server.snapshot.auto.trigger.threshold = 10000 (custom)
2019-06-13 10:46:04,721 INFO  server.RaftServerConfigKeys (ConfUtils.java:logGet(43)) - raft.server.snapshot.auto.trigger.enabled = true (custom)
2019-06-13 10:46:04,721 INFO  server.RaftServerConfigKeys (ConfUtils.java:logGet(43)) - raft.server.retrycache.expirytime = 600000ms (custom)
2019-06-13 10:46:04,721 INFO  server.RaftServerConfigKeys (ConfUtils.java:logGet(43)) - raft.server.snapshot.auto.trigger.threshold = 10000 (custom)
2019-06-13 10:46:04,721 INFO  impl.RaftServerImpl (RaftServerImpl.java:start(173)) - b4003f44-170f-41c9-8d83-037dca915e79: start group-196FC481DCAB
2019-06-13 10:46:04,722 INFO  server.RaftServerConfigKeys (ConfUtils.java:logGet(43)) - raft.server.retrycache.expirytime = 600000ms (custom)
2019-06-13 10:46:04,722 INFO  impl.RaftServerImpl (RaftServerImpl.java:setRole(164)) - b4003f44-170f-41c9-8d83-037dca915e79:group-196FC481DCAB changes role from null to FOLLOWER at term 0 for startAsFollower
2019-06-13 10:46:04,722 INFO  impl.RaftServerImpl (RaftServerImpl.java:start(173)) - 64018c34-72ab-41d8-8cd9-2ac7b18300b5: start group-196FC481DCAB
2019-06-13 10:46:04,722 INFO  impl.RoleInfo (RoleInfo.java:updateAndGet(143)) - b4003f44-170f-41c9-8d83-037dca915e79: start FollowerState
2019-06-13 10:46:04,722 INFO  impl.RaftServerImpl (RaftServerImpl.java:setRole(164)) - 64018c34-72ab-41d8-8cd9-2ac7b18300b5:group-196FC481DCAB changes role from null to FOLLOWER at term 0 for startAsFollower
2019-06-13 10:46:04,725 INFO  impl.RoleInfo (RoleInfo.java:updateAndGet(143)) - 64018c34-72ab-41d8-8cd9-2ac7b18300b5: start FollowerState
2019-06-13 10:46:04,726 INFO  util.JmxRegister (JmxRegister.java:tryRegister(44)) - Successfully registered JMX Bean with object name Ratis:service=RaftServer,group=group-196FC481DCAB,id=b4003f44-170f-41c9-8d83-037dca915e79
2019-06-13 10:46:04,729 INFO  util.JmxRegister (JmxRegister.java:tryRegister(44)) - Successfully registered JMX Bean with object name Ratis:service=RaftServer,group=group-196FC481DCAB,id=64018c34-72ab-41d8-8cd9-2ac7b18300b5
2019-06-13 10:46:04,743 INFO  pipeline.PipelineStateManager (PipelineStateManager.java:addPipeline(56)) - Created pipeline Pipeline[ Id: 10434af9-83e2-4a3e-b932-196fc481dcab, Nodes: b4003f44-170f-41c9-8d83-037dca915e79{ip: 192.168.46.8, host: ozone-5n8bq-3406807641, networkLocation: /default-rack, certSerialId: null}e6d5a7f1-25af-4a03-af8f-3303aaba073b{ip: 192.168.46.8, host: ozone-5n8bq-3406807641, networkLocation: /default-rack, certSerialId: null}64018c34-72ab-41d8-8cd9-2ac7b18300b5{ip: 192.168.46.8, host: ozone-5n8bq-3406807641, networkLocation: /default-rack, certSerialId: null}, Type:RATIS, Factor:THREE, State:OPEN]
2019-06-13 10:46:04,758 INFO  impl.RaftServerProxy (RaftServerProxy.java:addNew(89)) - fae03976-5d8b-4dbb-a6ac-6f6806665664: addNew group-EACE616E1BB4:[fae03976-5d8b-4dbb-a6ac-6f6806665664:192.168.46.8:45219] returns group-EACE616E1BB4:java.util.concurrent.CompletableFuture@4692a68b[Not completed]
2019-06-13 10:46:04,759 INFO  impl.RaftServerImpl (RaftServerImpl.java:<init>(91)) - fae03976-5d8b-4dbb-a6ac-6f6806665664: new RaftServerImpl for group-EACE616E1BB4:[fae03976-5d8b-4dbb-a6ac-6f6806665664:192.168.46.8:45219] with ContainerStateMachine:uninitialized
2019-06-13 10:46:04,760 INFO  server.RaftServerConfigKeys (ConfUtils.java:logGet(43)) - raft.server.rpc.timeout.min = 1s (custom)
2019-06-13 10:46:04,760 INFO  server.RaftServerConfigKeys (ConfUtils.java:logGet(43)) - raft.server.rpc.timeout.max = 1200ms (custom)
2019-06-13 10:46:04,760 INFO  server.RaftServerConfigKeys (ConfUtils.java:logGet(43)) - raft.server.rpcslowness.timeout = 10s (custom)
2019-06-13 10:46:04,760 INFO  server.RaftServerConfigKeys (ConfUtils.java:logGet(43)) - raft.server.log.appender.install.snapshot.enabled = true (default)
2019-06-13 10:46:04,760 INFO  impl.RaftServerImpl (ServerState.java:<init>(101)) - fae03976-5d8b-4dbb-a6ac-6f6806665664:group-EACE616E1BB4 ConfigurationManager, init=-1: [fae03976-5d8b-4dbb-a6ac-6f6806665664:192.168.46.8:45219], old=null, confs=<EMPTY_MAP>
2019-06-13 10:46:04,760 INFO  server.RaftServerConfigKeys (ConfUtils.java:logGet(43)) - raft.server.storage.dir = [/opt/src/hadoop-ozone/integration-test/target/test-dir/MiniOzoneClusterImpl-87c7e4c0-3e4a-410a-b838-3c21201e8109/datanode-3/data/ratis] (custom)
2019-06-13 10:46:04,760 INFO  storage.RaftStorageDirectory (RaftStorageDirectory.java:analyzeStorage(246)) - The storage directory /opt/src/hadoop-ozone/integration-test/target/test-dir/MiniOzoneClusterImpl-87c7e4c0-3e4a-410a-b838-3c21201e8109/datanode-3/data/ratis/ad18f8be-3463-44cf-9eba-eace616e1bb4 does not exist. Creating ...
2019-06-13 10:46:04,762 INFO  storage.RaftStorageDirectory (RaftStorageDirectory.java:tryLock(328)) - Lock on /opt/src/hadoop-ozone/integration-test/target/test-dir/MiniOzoneClusterImpl-87c7e4c0-3e4a-410a-b838-3c21201e8109/datanode-3/data/ratis/ad18f8be-3463-44cf-9eba-eace616e1bb4/in_use.lock acquired by nodename 10197@ozone-5n8bq-3406807641
2019-06-13 10:46:04,764 INFO  storage.RaftStorage (RaftStorage.java:format(75)) - Storage directory /opt/src/hadoop-ozone/integration-test/target/test-dir/MiniOzoneClusterImpl-87c7e4c0-3e4a-410a-b838-3c21201e8109/datanode-3/data/ratis/ad18f8be-3463-44cf-9eba-eace616e1bb4 has been successfully formatted.
2019-06-13 10:46:04,764 INFO  ratis.ContainerStateMachine (ContainerStateMachine.java:loadSnapshot(199)) - The snapshot info is null.Setting the last applied index to:(t:0, i:~)
2019-06-13 10:46:04,764 INFO  server.RaftServerConfigKeys (ConfUtils.java:logGet(43)) - raft.server.leader.election.timeout = 10s (custom)
2019-06-13 10:46:04,765 INFO  server.RaftServerConfigKeys (ConfUtils.java:logGet(43)) - raft.server.log.use.memory = false (default)
2019-06-13 10:46:04,765 INFO  server.RaftServerConfigKeys (ConfUtils.java:logGet(43)) - raft.server.log.appender.buffer.byte-limit = 33554432 (custom)
2019-06-13 10:46:04,765 INFO  server.RaftServerConfigKeys (ConfUtils.java:logGet(43)) - raft.server.log.segment.size.max = 16384 (custom)
2019-06-13 10:46:04,765 INFO  server.RaftServerConfigKeys (ConfUtils.java:logGet(43)) - raft.server.log.segment.cache.num.max = 2 (custom)
2019-06-13 10:46:04,765 INFO  storage.RaftLogWorker (RaftLogWorker.java:<init>(123)) - new fae03976-5d8b-4dbb-a6ac-6f6806665664-RaftLogWorker for Storage Directory /opt/src/hadoop-ozone/integration-test/target/test-dir/MiniOzoneClusterImpl-87c7e4c0-3e4a-410a-b838-3c21201e8109/datanode-3/data/ratis/ad18f8be-3463-44cf-9eba-eace616e1bb4
2019-06-13 10:46:04,765 INFO  server.RaftServerConfigKeys (ConfUtils.java:logGet(43)) - raft.server.log.queue.byte-limit = 2147483647 (custom)
2019-06-13 10:46:04,765 INFO  server.RaftServerConfigKeys (ConfUtils.java:logGet(43)) - raft.server.log.queue.element-limit = 1024 (custom)
2019-06-13 10:46:04,765 INFO  server.RaftServerConfigKeys (ConfUtils.java:logGet(43)) - raft.server.log.segment.size.max = 16384 (custom)
2019-06-13 10:46:04,765 INFO  server.RaftServerConfigKeys (ConfUtils.java:logGet(43)) - raft.server.log.preallocated.size = 16384 (custom)
2019-06-13 10:46:04,766 INFO  server.RaftServerConfigKeys (ConfUtils.java:logGet(43)) - raft.server.log.write.buffer.size = 33554432 (custom)
2019-06-13 10:46:04,766 INFO  server.RaftServerConfigKeys (ConfUtils.java:logGet(43)) - raft.server.log.force.sync.num = 128 (default)
2019-06-13 10:46:04,766 INFO  server.RaftServerConfigKeys (ConfUtils.java:logGet(43)) - raft.server.log.statemachine.data.sync = true (default)
2019-06-13 10:46:04,766 INFO  server.RaftServerConfigKeys (ConfUtils.java:logGet(43)) - raft.server.log.statemachine.data.sync.timeout = 10s (default)
2019-06-13 10:46:04,766 INFO  server.RaftServerConfigKeys (ConfUtils.java:logGet(43)) - raft.server.log.statemachine.data.sync.timeout.retry = -1 (default)
2019-06-13 10:46:04,766 INFO  server.RaftServerConfigKeys (ConfUtils.java:logGet(43)) - raft.server.log.statemachine.data.caching.enabled = true (custom)
2019-06-13 10:46:04,766 INFO  server.RaftServerConfigKeys (ConfUtils.java:logGet(43)) - raft.server.snapshot.auto.trigger.enabled = true (custom)
2019-06-13 10:46:04,767 INFO  server.RaftServerConfigKeys (ConfUtils.java:logGet(43)) - raft.server.snapshot.auto.trigger.threshold = 10000 (custom)
2019-06-13 10:46:04,767 INFO  server.RaftServerConfigKeys (ConfUtils.java:logGet(43)) - raft.server.retrycache.expirytime = 600000ms (custom)
2019-06-13 10:46:04,767 INFO  impl.RaftServerImpl (RaftServerImpl.java:start(173)) - fae03976-5d8b-4dbb-a6ac-6f6806665664: start group-EACE616E1BB4
2019-06-13 10:46:04,767 INFO  impl.RaftServerImpl (RaftServerImpl.java:setRole(164)) - fae03976-5d8b-4dbb-a6ac-6f6806665664:group-EACE616E1BB4 changes role from null to FOLLOWER at term 0 for startAsFollower
2019-06-13 10:46:04,767 INFO  impl.RoleInfo (RoleInfo.java:updateAndGet(143)) - fae03976-5d8b-4dbb-a6ac-6f6806665664: start FollowerState
2019-06-13 10:46:04,767 INFO  util.JmxRegister (JmxRegister.java:tryRegister(44)) - Successfully registered JMX Bean with object name Ratis:service=RaftServer,group=group-EACE616E1BB4,id=fae03976-5d8b-4dbb-a6ac-6f6806665664
2019-06-13 10:46:04,786 INFO  pipeline.PipelineStateManager (PipelineStateManager.java:addPipeline(56)) - Created pipeline Pipeline[ Id: ad18f8be-3463-44cf-9eba-eace616e1bb4, Nodes: fae03976-5d8b-4dbb-a6ac-6f6806665664{ip: 192.168.46.8, host: ozone-5n8bq-3406807641, networkLocation: /default-rack, certSerialId: null}, Type:RATIS, Factor:ONE, State:OPEN]
2019-06-13 10:46:04,880 INFO  node.SCMNodeManager (SCMNodeManager.java:register(234)) - Registered Data node : 788a5eb3-292e-4c87-922f-b846200269c7{ip: 192.168.46.8, host: ozone-5n8bq-3406807641, networkLocation: /default-rack, certSerialId: null}
2019-06-13 10:46:04,892 INFO  impl.RaftServerProxy (RaftServerProxy.java:addNew(89)) - 788a5eb3-292e-4c87-922f-b846200269c7: addNew group-648B95460710:[788a5eb3-292e-4c87-922f-b846200269c7:192.168.46.8:41505] returns group-648B95460710:java.util.concurrent.CompletableFuture@2271ef04[Not completed]
2019-06-13 10:46:04,892 INFO  impl.RaftServerImpl (RaftServerImpl.java:<init>(91)) - 788a5eb3-292e-4c87-922f-b846200269c7: new RaftServerImpl for group-648B95460710:[788a5eb3-292e-4c87-922f-b846200269c7:192.168.46.8:41505] with ContainerStateMachine:uninitialized
2019-06-13 10:46:04,893 INFO  server.RaftServerConfigKeys (ConfUtils.java:logGet(43)) - raft.server.rpc.timeout.min = 1s (custom)
2019-06-13 10:46:04,893 INFO  server.RaftServerConfigKeys (ConfUtils.java:logGet(43)) - raft.server.rpc.timeout.max = 1200ms (custom)
2019-06-13 10:46:04,893 INFO  server.RaftServerConfigKeys (ConfUtils.java:logGet(43)) - raft.server.rpcslowness.timeout = 10s (custom)
2019-06-13 10:46:04,893 INFO  server.RaftServerConfigKeys (ConfUtils.java:logGet(43)) - raft.server.log.appender.install.snapshot.enabled = true (default)
2019-06-13 10:46:04,893 INFO  impl.RaftServerImpl (ServerState.java:<init>(101)) - 788a5eb3-292e-4c87-922f-b846200269c7:group-648B95460710 ConfigurationManager, init=-1: [788a5eb3-292e-4c87-922f-b846200269c7:192.168.46.8:41505], old=null, confs=<EMPTY_MAP>
2019-06-13 10:46:04,893 INFO  server.RaftServerConfigKeys (ConfUtils.java:logGet(43)) - raft.server.storage.dir = [/opt/src/hadoop-ozone/integration-test/target/test-dir/MiniOzoneClusterImpl-87c7e4c0-3e4a-410a-b838-3c21201e8109/datanode-4/data/ratis] (custom)
2019-06-13 10:46:04,893 INFO  storage.RaftStorageDirectory (RaftStorageDirectory.java:analyzeStorage(246)) - The storage directory /opt/src/hadoop-ozone/integration-test/target/test-dir/MiniOzoneClusterImpl-87c7e4c0-3e4a-410a-b838-3c21201e8109/datanode-4/data/ratis/3f7862be-87fc-432b-913d-648b95460710 does not exist. Creating ...
2019-06-13 10:46:04,895 INFO  storage.RaftStorageDirectory (RaftStorageDirectory.java:tryLock(328)) - Lock on /opt/src/hadoop-ozone/integration-test/target/test-dir/MiniOzoneClusterImpl-87c7e4c0-3e4a-410a-b838-3c21201e8109/datanode-4/data/ratis/3f7862be-87fc-432b-913d-648b95460710/in_use.lock acquired by nodename 10197@ozone-5n8bq-3406807641
2019-06-13 10:46:04,897 INFO  storage.RaftStorage (RaftStorage.java:format(75)) - Storage directory /opt/src/hadoop-ozone/integration-test/target/test-dir/MiniOzoneClusterImpl-87c7e4c0-3e4a-410a-b838-3c21201e8109/datanode-4/data/ratis/3f7862be-87fc-432b-913d-648b95460710 has been successfully formatted.
2019-06-13 10:46:04,898 INFO  ratis.ContainerStateMachine (ContainerStateMachine.java:loadSnapshot(199)) - The snapshot info is null.Setting the last applied index to:(t:0, i:~)
2019-06-13 10:46:04,898 INFO  server.RaftServerConfigKeys (ConfUtils.java:logGet(43)) - raft.server.leader.election.timeout = 10s (custom)
2019-06-13 10:46:04,898 INFO  server.RaftServerConfigKeys (ConfUtils.java:logGet(43)) - raft.server.log.use.memory = false (default)
2019-06-13 10:46:04,898 INFO  server.RaftServerConfigKeys (ConfUtils.java:logGet(43)) - raft.server.log.appender.buffer.byte-limit = 33554432 (custom)
2019-06-13 10:46:04,898 INFO  server.RaftServerConfigKeys (ConfUtils.java:logGet(43)) - raft.server.log.segment.size.max = 16384 (custom)
2019-06-13 10:46:04,899 INFO  server.RaftServerConfigKeys (ConfUtils.java:logGet(43)) - raft.server.log.segment.cache.num.max = 2 (custom)
2019-06-13 10:46:04,899 INFO  storage.RaftLogWorker (RaftLogWorker.java:<init>(123)) - new 788a5eb3-292e-4c87-922f-b846200269c7-RaftLogWorker for Storage Directory /opt/src/hadoop-ozone/integration-test/target/test-dir/MiniOzoneClusterImpl-87c7e4c0-3e4a-410a-b838-3c21201e8109/datanode-4/data/ratis/3f7862be-87fc-432b-913d-648b95460710
2019-06-13 10:46:04,899 INFO  server.RaftServerConfigKeys (ConfUtils.java:logGet(43)) - raft.server.log.queue.byte-limit = 2147483647 (custom)
2019-06-13 10:46:04,899 INFO  server.RaftServerConfigKeys (ConfUtils.java:logGet(43)) - raft.server.log.queue.element-limit = 1024 (custom)
2019-06-13 10:46:04,899 INFO  server.RaftServerConfigKeys (ConfUtils.java:logGet(43)) - raft.server.log.segment.size.max = 16384 (custom)
2019-06-13 10:46:04,899 INFO  server.RaftServerConfigKeys (ConfUtils.java:logGet(43)) - raft.server.log.preallocated.size = 16384 (custom)
2019-06-13 10:46:04,899 INFO  server.RaftServerConfigKeys (ConfUtils.java:logGet(43)) - raft.server.log.write.buffer.size = 33554432 (custom)
2019-06-13 10:46:04,899 INFO  server.RaftServerConfigKeys (ConfUtils.java:logGet(43)) - raft.server.log.force.sync.num = 128 (default)
2019-06-13 10:46:04,899 INFO  server.RaftServerConfigKeys (ConfUtils.java:logGet(43)) - raft.server.log.statemachine.data.sync = true (default)
2019-06-13 10:46:04,899 INFO  server.RaftServerConfigKeys (ConfUtils.java:logGet(43)) - raft.server.log.statemachine.data.sync.timeout = 10s (default)
2019-06-13 10:46:04,900 INFO  server.RaftServerConfigKeys (ConfUtils.java:logGet(43)) - raft.server.log.statemachine.data.sync.timeout.retry = -1 (default)
2019-06-13 10:46:04,900 INFO  server.RaftServerConfigKeys (ConfUtils.java:logGet(43)) - raft.server.log.statemachine.data.caching.enabled = true (custom)
2019-06-13 10:46:04,900 INFO  server.RaftServerConfigKeys (ConfUtils.java:logGet(43)) - raft.server.snapshot.auto.trigger.enabled = true (custom)
2019-06-13 10:46:04,900 INFO  server.RaftServerConfigKeys (ConfUtils.java:logGet(43)) - raft.server.snapshot.auto.trigger.threshold = 10000 (custom)
2019-06-13 10:46:04,900 INFO  server.RaftServerConfigKeys (ConfUtils.java:logGet(43)) - raft.server.retrycache.expirytime = 600000ms (custom)
2019-06-13 10:46:04,900 INFO  impl.RaftServerImpl (RaftServerImpl.java:start(173)) - 788a5eb3-292e-4c87-922f-b846200269c7: start group-648B95460710
2019-06-13 10:46:04,901 INFO  impl.RaftServerImpl (RaftServerImpl.java:setRole(164)) - 788a5eb3-292e-4c87-922f-b846200269c7:group-648B95460710 changes role from null to FOLLOWER at term 0 for startAsFollower
2019-06-13 10:46:04,901 INFO  impl.RoleInfo (RoleInfo.java:updateAndGet(143)) - 788a5eb3-292e-4c87-922f-b846200269c7: start FollowerState
2019-06-13 10:46:04,901 INFO  util.JmxRegister (JmxRegister.java:tryRegister(44)) - Successfully registered JMX Bean with object name Ratis:service=RaftServer,group=group-648B95460710,id=788a5eb3-292e-4c87-922f-b846200269c7
2019-06-13 10:46:04,906 INFO  pipeline.PipelineStateManager (PipelineStateManager.java:addPipeline(56)) - Created pipeline Pipeline[ Id: 3f7862be-87fc-432b-913d-648b95460710, Nodes: 788a5eb3-292e-4c87-922f-b846200269c7{ip: 192.168.46.8, host: ozone-5n8bq-3406807641, networkLocation: /default-rack, certSerialId: null}, Type:RATIS, Factor:ONE, State:OPEN]
2019-06-13 10:46:05,069 INFO  ozone.MiniOzoneClusterImpl (MiniOzoneClusterImpl.java:lambda$waitForClusterToBeReady$0(142)) - Waiting for cluster to be ready. Got 5 of 6 DN Heartbeats.
2019-06-13 10:46:05,069 INFO  node.SCMNodeManager (SCMNodeManager.java:register(234)) - Registered Data node : e9763f46-4748-444a-b2ad-86f7056cbb0e{ip: 192.168.46.8, host: ozone-5n8bq-3406807641, networkLocation: /default-rack, certSerialId: null}
2019-06-13 10:46:05,079 INFO  impl.RaftServerProxy (RaftServerProxy.java:addNew(89)) - e9763f46-4748-444a-b2ad-86f7056cbb0e: addNew group-1A58BD598B36:[e9763f46-4748-444a-b2ad-86f7056cbb0e:192.168.46.8:46699] returns group-1A58BD598B36:java.util.concurrent.CompletableFuture@134e955c[Not completed]
2019-06-13 10:46:05,079 INFO  impl.RaftServerImpl (RaftServerImpl.java:<init>(91)) - e9763f46-4748-444a-b2ad-86f7056cbb0e: new RaftServerImpl for group-1A58BD598B36:[e9763f46-4748-444a-b2ad-86f7056cbb0e:192.168.46.8:46699] with ContainerStateMachine:uninitialized
2019-06-13 10:46:05,079 INFO  server.RaftServerConfigKeys (ConfUtils.java:logGet(43)) - raft.server.rpc.timeout.min = 1s (custom)
2019-06-13 10:46:05,080 INFO  server.RaftServerConfigKeys (ConfUtils.java:logGet(43)) - raft.server.rpc.timeout.max = 1200ms (custom)
2019-06-13 10:46:05,080 INFO  server.RaftServerConfigKeys (ConfUtils.java:logGet(43)) - raft.server.rpcslowness.timeout = 10s (custom)
2019-06-13 10:46:05,080 INFO  server.RaftServerConfigKeys (ConfUtils.java:logGet(43)) - raft.server.log.appender.install.snapshot.enabled = true (default)
2019-06-13 10:46:05,080 INFO  impl.RaftServerImpl (ServerState.java:<init>(101)) - e9763f46-4748-444a-b2ad-86f7056cbb0e:group-1A58BD598B36 ConfigurationManager, init=-1: [e9763f46-4748-444a-b2ad-86f7056cbb0e:192.168.46.8:46699], old=null, confs=<EMPTY_MAP>
2019-06-13 10:46:05,080 INFO  server.RaftServerConfigKeys (ConfUtils.java:logGet(43)) - raft.server.storage.dir = [/opt/src/hadoop-ozone/integration-test/target/test-dir/MiniOzoneClusterImpl-87c7e4c0-3e4a-410a-b838-3c21201e8109/datanode-5/data/ratis] (custom)
2019-06-13 10:46:05,080 INFO  storage.RaftStorageDirectory (RaftStorageDirectory.java:analyzeStorage(246)) - The storage directory /opt/src/hadoop-ozone/integration-test/target/test-dir/MiniOzoneClusterImpl-87c7e4c0-3e4a-410a-b838-3c21201e8109/datanode-5/data/ratis/ab8d5500-2567-41b8-854c-1a58bd598b36 does not exist. Creating ...
2019-06-13 10:46:05,082 INFO  storage.RaftStorageDirectory (RaftStorageDirectory.java:tryLock(328)) - Lock on /opt/src/hadoop-ozone/integration-test/target/test-dir/MiniOzoneClusterImpl-87c7e4c0-3e4a-410a-b838-3c21201e8109/datanode-5/data/ratis/ab8d5500-2567-41b8-854c-1a58bd598b36/in_use.lock acquired by nodename 10197@ozone-5n8bq-3406807641
2019-06-13 10:46:05,085 INFO  storage.RaftStorage (RaftStorage.java:format(75)) - Storage directory /opt/src/hadoop-ozone/integration-test/target/test-dir/MiniOzoneClusterImpl-87c7e4c0-3e4a-410a-b838-3c21201e8109/datanode-5/data/ratis/ab8d5500-2567-41b8-854c-1a58bd598b36 has been successfully formatted.
2019-06-13 10:46:05,085 INFO  ratis.ContainerStateMachine (ContainerStateMachine.java:loadSnapshot(199)) - The snapshot info is null.Setting the last applied index to:(t:0, i:~)
2019-06-13 10:46:05,085 INFO  server.RaftServerConfigKeys (ConfUtils.java:logGet(43)) - raft.server.leader.election.timeout = 10s (custom)
2019-06-13 10:46:05,085 INFO  server.RaftServerConfigKeys (ConfUtils.java:logGet(43)) - raft.server.log.use.memory = false (default)
2019-06-13 10:46:05,085 INFO  server.RaftServerConfigKeys (ConfUtils.java:logGet(43)) - raft.server.log.appender.buffer.byte-limit = 33554432 (custom)
2019-06-13 10:46:05,085 INFO  server.RaftServerConfigKeys (ConfUtils.java:logGet(43)) - raft.server.log.segment.size.max = 16384 (custom)
2019-06-13 10:46:05,085 INFO  server.RaftServerConfigKeys (ConfUtils.java:logGet(43)) - raft.server.log.segment.cache.num.max = 2 (custom)
2019-06-13 10:46:05,086 INFO  storage.RaftLogWorker (RaftLogWorker.java:<init>(123)) - new e9763f46-4748-444a-b2ad-86f7056cbb0e-RaftLogWorker for Storage Directory /opt/src/hadoop-ozone/integration-test/target/test-dir/MiniOzoneClusterImpl-87c7e4c0-3e4a-410a-b838-3c21201e8109/datanode-5/data/ratis/ab8d5500-2567-41b8-854c-1a58bd598b36
2019-06-13 10:46:05,086 INFO  server.RaftServerConfigKeys (ConfUtils.java:logGet(43)) - raft.server.log.queue.byte-limit = 2147483647 (custom)
2019-06-13 10:46:05,086 INFO  server.RaftServerConfigKeys (ConfUtils.java:logGet(43)) - raft.server.log.queue.element-limit = 1024 (custom)
2019-06-13 10:46:05,086 INFO  server.RaftServerConfigKeys (ConfUtils.java:logGet(43)) - raft.server.log.segment.size.max = 16384 (custom)
2019-06-13 10:46:05,086 INFO  server.RaftServerConfigKeys (ConfUtils.java:logGet(43)) - raft.server.log.preallocated.size = 16384 (custom)
2019-06-13 10:46:05,086 INFO  server.RaftServerConfigKeys (ConfUtils.java:logGet(43)) - raft.server.log.write.buffer.size = 33554432 (custom)
2019-06-13 10:46:05,086 INFO  server.RaftServerConfigKeys (ConfUtils.java:logGet(43)) - raft.server.log.force.sync.num = 128 (default)
2019-06-13 10:46:05,086 INFO  server.RaftServerConfigKeys (ConfUtils.java:logGet(43)) - raft.server.log.statemachine.data.sync = true (default)
2019-06-13 10:46:05,086 INFO  server.RaftServerConfigKeys (ConfUtils.java:logGet(43)) - raft.server.log.statemachine.data.sync.timeout = 10s (default)
2019-06-13 10:46:05,087 INFO  server.RaftServerConfigKeys (ConfUtils.java:logGet(43)) - raft.server.log.statemachine.data.sync.timeout.retry = -1 (default)
2019-06-13 10:46:05,087 INFO  server.RaftServerConfigKeys (ConfUtils.java:logGet(43)) - raft.server.log.statemachine.data.caching.enabled = true (custom)
2019-06-13 10:46:05,087 INFO  server.RaftServerConfigKeys (ConfUtils.java:logGet(43)) - raft.server.snapshot.auto.trigger.enabled = true (custom)
2019-06-13 10:46:05,087 INFO  server.RaftServerConfigKeys (ConfUtils.java:logGet(43)) - raft.server.snapshot.auto.trigger.threshold = 10000 (custom)
2019-06-13 10:46:05,087 INFO  server.RaftServerConfigKeys (ConfUtils.java:logGet(43)) - raft.server.retrycache.expirytime = 600000ms (custom)
2019-06-13 10:46:05,088 INFO  impl.RaftServerImpl (RaftServerImpl.java:start(173)) - e9763f46-4748-444a-b2ad-86f7056cbb0e: start group-1A58BD598B36
2019-06-13 10:46:05,088 INFO  impl.RaftServerImpl (RaftServerImpl.java:setRole(164)) - e9763f46-4748-444a-b2ad-86f7056cbb0e:group-1A58BD598B36 changes role from null to FOLLOWER at term 0 for startAsFollower
2019-06-13 10:46:05,088 INFO  impl.RoleInfo (RoleInfo.java:updateAndGet(143)) - e9763f46-4748-444a-b2ad-86f7056cbb0e: start FollowerState
2019-06-13 10:46:05,088 INFO  util.JmxRegister (JmxRegister.java:tryRegister(44)) - Successfully registered JMX Bean with object name Ratis:service=RaftServer,group=group-1A58BD598B36,id=e9763f46-4748-444a-b2ad-86f7056cbb0e
2019-06-13 10:46:05,094 INFO  pipeline.PipelineStateManager (PipelineStateManager.java:addPipeline(56)) - Created pipeline Pipeline[ Id: ab8d5500-2567-41b8-854c-1a58bd598b36, Nodes: e9763f46-4748-444a-b2ad-86f7056cbb0e{ip: 192.168.46.8, host: ozone-5n8bq-3406807641, networkLocation: /default-rack, certSerialId: null}, Type:RATIS, Factor:ONE, State:OPEN]
2019-06-13 10:46:05,114 INFO  impl.RaftServerProxy (RaftServerProxy.java:addNew(89)) - e9763f46-4748-444a-b2ad-86f7056cbb0e: addNew group-7FCE9451AC9D:[e9763f46-4748-444a-b2ad-86f7056cbb0e:192.168.46.8:46699, 788a5eb3-292e-4c87-922f-b846200269c7:192.168.46.8:41505, fae03976-5d8b-4dbb-a6ac-6f6806665664:192.168.46.8:45219] returns group-7FCE9451AC9D:java.util.concurrent.CompletableFuture@50bb1eb6[Not completed]
2019-06-13 10:46:05,116 INFO  impl.RaftServerProxy (RaftServerProxy.java:addNew(89)) - 788a5eb3-292e-4c87-922f-b846200269c7: addNew group-7FCE9451AC9D:[e9763f46-4748-444a-b2ad-86f7056cbb0e:192.168.46.8:46699, 788a5eb3-292e-4c87-922f-b846200269c7:192.168.46.8:41505, fae03976-5d8b-4dbb-a6ac-6f6806665664:192.168.46.8:45219] returns group-7FCE9451AC9D:java.util.concurrent.CompletableFuture@6a231057[Not completed]
2019-06-13 10:46:05,116 INFO  impl.RaftServerImpl (RaftServerImpl.java:<init>(91)) - e9763f46-4748-444a-b2ad-86f7056cbb0e: new RaftServerImpl for group-7FCE9451AC9D:[e9763f46-4748-444a-b2ad-86f7056cbb0e:192.168.46.8:46699, 788a5eb3-292e-4c87-922f-b846200269c7:192.168.46.8:41505, fae03976-5d8b-4dbb-a6ac-6f6806665664:192.168.46.8:45219] with ContainerStateMachine:uninitialized
2019-06-13 10:46:05,116 INFO  impl.RaftServerImpl (RaftServerImpl.java:<init>(91)) - 788a5eb3-292e-4c87-922f-b846200269c7: new RaftServerImpl for group-7FCE9451AC9D:[e9763f46-4748-444a-b2ad-86f7056cbb0e:192.168.46.8:46699, 788a5eb3-292e-4c87-922f-b846200269c7:192.168.46.8:41505, fae03976-5d8b-4dbb-a6ac-6f6806665664:192.168.46.8:45219] with ContainerStateMachine:uninitialized
2019-06-13 10:46:05,118 INFO  server.RaftServerConfigKeys (ConfUtils.java:logGet(43)) - raft.server.rpc.timeout.min = 1s (custom)
2019-06-13 10:46:05,118 INFO  impl.RaftServerProxy (RaftServerProxy.java:addNew(89)) - fae03976-5d8b-4dbb-a6ac-6f6806665664: addNew group-7FCE9451AC9D:[e9763f46-4748-444a-b2ad-86f7056cbb0e:192.168.46.8:46699, 788a5eb3-292e-4c87-922f-b846200269c7:192.168.46.8:41505, fae03976-5d8b-4dbb-a6ac-6f6806665664:192.168.46.8:45219] returns group-7FCE9451AC9D:java.util.concurrent.CompletableFuture@226062a5[Not completed]
2019-06-13 10:46:05,118 INFO  server.RaftServerConfigKeys (ConfUtils.java:logGet(43)) - raft.server.rpc.timeout.min = 1s (custom)
2019-06-13 10:46:05,118 INFO  server.RaftServerConfigKeys (ConfUtils.java:logGet(43)) - raft.server.rpc.timeout.max = 1200ms (custom)
2019-06-13 10:46:05,118 INFO  server.RaftServerConfigKeys (ConfUtils.java:logGet(43)) - raft.server.rpc.timeout.max = 1200ms (custom)
2019-06-13 10:46:05,118 INFO  server.RaftServerConfigKeys (ConfUtils.java:logGet(43)) - raft.server.rpcslowness.timeout = 10s (custom)
2019-06-13 10:46:05,118 INFO  server.RaftServerConfigKeys (ConfUtils.java:logGet(43)) - raft.server.rpcslowness.timeout = 10s (custom)
2019-06-13 10:46:05,118 INFO  server.RaftServerConfigKeys (ConfUtils.java:logGet(43)) - raft.server.log.appender.install.snapshot.enabled = true (default)
2019-06-13 10:46:05,118 INFO  server.RaftServerConfigKeys (ConfUtils.java:logGet(43)) - raft.server.log.appender.install.snapshot.enabled = true (default)
2019-06-13 10:46:05,118 INFO  impl.RaftServerImpl (ServerState.java:<init>(101)) - 788a5eb3-292e-4c87-922f-b846200269c7:group-7FCE9451AC9D ConfigurationManager, init=-1: [e9763f46-4748-444a-b2ad-86f7056cbb0e:192.168.46.8:46699, 788a5eb3-292e-4c87-922f-b846200269c7:192.168.46.8:41505, fae03976-5d8b-4dbb-a6ac-6f6806665664:192.168.46.8:45219], old=null, confs=<EMPTY_MAP>
2019-06-13 10:46:05,118 INFO  server.RaftServerConfigKeys (ConfUtils.java:logGet(43)) - raft.server.storage.dir = [/opt/src/hadoop-ozone/integration-test/target/test-dir/MiniOzoneClusterImpl-87c7e4c0-3e4a-410a-b838-3c21201e8109/datanode-4/data/ratis] (custom)
2019-06-13 10:46:05,119 INFO  storage.RaftStorageDirectory (RaftStorageDirectory.java:analyzeStorage(246)) - The storage directory /opt/src/hadoop-ozone/integration-test/target/test-dir/MiniOzoneClusterImpl-87c7e4c0-3e4a-410a-b838-3c21201e8109/datanode-4/data/ratis/3d512ddf-1448-45e6-82c1-7fce9451ac9d does not exist. Creating ...
2019-06-13 10:46:05,118 INFO  impl.RaftServerImpl (RaftServerImpl.java:<init>(91)) - fae03976-5d8b-4dbb-a6ac-6f6806665664: new RaftServerImpl for group-7FCE9451AC9D:[e9763f46-4748-444a-b2ad-86f7056cbb0e:192.168.46.8:46699, 788a5eb3-292e-4c87-922f-b846200269c7:192.168.46.8:41505, fae03976-5d8b-4dbb-a6ac-6f6806665664:192.168.46.8:45219] with ContainerStateMachine:uninitialized
2019-06-13 10:46:05,118 INFO  impl.RaftServerImpl (ServerState.java:<init>(101)) - e9763f46-4748-444a-b2ad-86f7056cbb0e:group-7FCE9451AC9D ConfigurationManager, init=-1: [e9763f46-4748-444a-b2ad-86f7056cbb0e:192.168.46.8:46699, 788a5eb3-292e-4c87-922f-b846200269c7:192.168.46.8:41505, fae03976-5d8b-4dbb-a6ac-6f6806665664:192.168.46.8:45219], old=null, confs=<EMPTY_MAP>
2019-06-13 10:46:05,119 INFO  server.RaftServerConfigKeys (ConfUtils.java:logGet(43)) - raft.server.rpc.timeout.min = 1s (custom)
2019-06-13 10:46:05,119 INFO  server.RaftServerConfigKeys (ConfUtils.java:logGet(43)) - raft.server.storage.dir = [/opt/src/hadoop-ozone/integration-test/target/test-dir/MiniOzoneClusterImpl-87c7e4c0-3e4a-410a-b838-3c21201e8109/datanode-5/data/ratis] (custom)
2019-06-13 10:46:05,119 INFO  server.RaftServerConfigKeys (ConfUtils.java:logGet(43)) - raft.server.rpc.timeout.max = 1200ms (custom)
2019-06-13 10:46:05,119 INFO  server.RaftServerConfigKeys (ConfUtils.java:logGet(43)) - raft.server.rpcslowness.timeout = 10s (custom)
2019-06-13 10:46:05,119 INFO  storage.RaftStorageDirectory (RaftStorageDirectory.java:analyzeStorage(246)) - The storage directory /opt/src/hadoop-ozone/integration-test/target/test-dir/MiniOzoneClusterImpl-87c7e4c0-3e4a-410a-b838-3c21201e8109/datanode-5/data/ratis/3d512ddf-1448-45e6-82c1-7fce9451ac9d does not exist. Creating ...
2019-06-13 10:46:05,120 INFO  server.RaftServerConfigKeys (ConfUtils.java:logGet(43)) - raft.server.log.appender.install.snapshot.enabled = true (default)
2019-06-13 10:46:05,120 INFO  impl.RaftServerImpl (ServerState.java:<init>(101)) - fae03976-5d8b-4dbb-a6ac-6f6806665664:group-7FCE9451AC9D ConfigurationManager, init=-1: [e9763f46-4748-444a-b2ad-86f7056cbb0e:192.168.46.8:46699, 788a5eb3-292e-4c87-922f-b846200269c7:192.168.46.8:41505, fae03976-5d8b-4dbb-a6ac-6f6806665664:192.168.46.8:45219], old=null, confs=<EMPTY_MAP>
2019-06-13 10:46:05,120 INFO  server.RaftServerConfigKeys (ConfUtils.java:logGet(43)) - raft.server.storage.dir = [/opt/src/hadoop-ozone/integration-test/target/test-dir/MiniOzoneClusterImpl-87c7e4c0-3e4a-410a-b838-3c21201e8109/datanode-3/data/ratis] (custom)
2019-06-13 10:46:05,121 INFO  storage.RaftStorageDirectory (RaftStorageDirectory.java:analyzeStorage(246)) - The storage directory /opt/src/hadoop-ozone/integration-test/target/test-dir/MiniOzoneClusterImpl-87c7e4c0-3e4a-410a-b838-3c21201e8109/datanode-3/data/ratis/3d512ddf-1448-45e6-82c1-7fce9451ac9d does not exist. Creating ...
2019-06-13 10:46:05,121 INFO  storage.RaftStorageDirectory (RaftStorageDirectory.java:tryLock(328)) - Lock on /opt/src/hadoop-ozone/integration-test/target/test-dir/MiniOzoneClusterImpl-87c7e4c0-3e4a-410a-b838-3c21201e8109/datanode-4/data/ratis/3d512ddf-1448-45e6-82c1-7fce9451ac9d/in_use.lock acquired by nodename 10197@ozone-5n8bq-3406807641
2019-06-13 10:46:05,122 INFO  storage.RaftStorageDirectory (RaftStorageDirectory.java:tryLock(328)) - Lock on /opt/src/hadoop-ozone/integration-test/target/test-dir/MiniOzoneClusterImpl-87c7e4c0-3e4a-410a-b838-3c21201e8109/datanode-3/data/ratis/3d512ddf-1448-45e6-82c1-7fce9451ac9d/in_use.lock acquired by nodename 10197@ozone-5n8bq-3406807641
2019-06-13 10:46:05,122 INFO  storage.RaftStorageDirectory (RaftStorageDirectory.java:tryLock(328)) - Lock on /opt/src/hadoop-ozone/integration-test/target/test-dir/MiniOzoneClusterImpl-87c7e4c0-3e4a-410a-b838-3c21201e8109/datanode-5/data/ratis/3d512ddf-1448-45e6-82c1-7fce9451ac9d/in_use.lock acquired by nodename 10197@ozone-5n8bq-3406807641
2019-06-13 10:46:05,124 INFO  storage.RaftStorage (RaftStorage.java:format(75)) - Storage directory /opt/src/hadoop-ozone/integration-test/target/test-dir/MiniOzoneClusterImpl-87c7e4c0-3e4a-410a-b838-3c21201e8109/datanode-4/data/ratis/3d512ddf-1448-45e6-82c1-7fce9451ac9d has been successfully formatted.
2019-06-13 10:46:05,124 INFO  ratis.ContainerStateMachine (ContainerStateMachine.java:loadSnapshot(199)) - The snapshot info is null.Setting the last applied index to:(t:0, i:~)
2019-06-13 10:46:05,124 INFO  server.RaftServerConfigKeys (ConfUtils.java:logGet(43)) - raft.server.leader.election.timeout = 10s (custom)
2019-06-13 10:46:05,124 INFO  server.RaftServerConfigKeys (ConfUtils.java:logGet(43)) - raft.server.log.use.memory = false (default)
2019-06-13 10:46:05,124 INFO  server.RaftServerConfigKeys (ConfUtils.java:logGet(43)) - raft.server.log.appender.buffer.byte-limit = 33554432 (custom)
2019-06-13 10:46:05,125 INFO  server.RaftServerConfigKeys (ConfUtils.java:logGet(43)) - raft.server.log.segment.size.max = 16384 (custom)
2019-06-13 10:46:05,125 INFO  server.RaftServerConfigKeys (ConfUtils.java:logGet(43)) - raft.server.log.segment.cache.num.max = 2 (custom)
2019-06-13 10:46:05,125 INFO  storage.RaftLogWorker (RaftLogWorker.java:<init>(123)) - new 788a5eb3-292e-4c87-922f-b846200269c7-RaftLogWorker for Storage Directory /opt/src/hadoop-ozone/integration-test/target/test-dir/MiniOzoneClusterImpl-87c7e4c0-3e4a-410a-b838-3c21201e8109/datanode-4/data/ratis/3d512ddf-1448-45e6-82c1-7fce9451ac9d
2019-06-13 10:46:05,125 INFO  server.RaftServerConfigKeys (ConfUtils.java:logGet(43)) - raft.server.log.queue.byte-limit = 2147483647 (custom)
2019-06-13 10:46:05,125 INFO  server.RaftServerConfigKeys (ConfUtils.java:logGet(43)) - raft.server.log.queue.element-limit = 1024 (custom)
2019-06-13 10:46:05,125 INFO  server.RaftServerConfigKeys (ConfUtils.java:logGet(43)) - raft.server.log.segment.size.max = 16384 (custom)
2019-06-13 10:46:05,125 INFO  storage.RaftStorage (RaftStorage.java:format(75)) - Storage directory /opt/src/hadoop-ozone/integration-test/target/test-dir/MiniOzoneClusterImpl-87c7e4c0-3e4a-410a-b838-3c21201e8109/datanode-5/data/ratis/3d512ddf-1448-45e6-82c1-7fce9451ac9d has been successfully formatted.
2019-06-13 10:46:05,125 INFO  storage.RaftStorage (RaftStorage.java:format(75)) - Storage directory /opt/src/hadoop-ozone/integration-test/target/test-dir/MiniOzoneClusterImpl-87c7e4c0-3e4a-410a-b838-3c21201e8109/datanode-3/data/ratis/3d512ddf-1448-45e6-82c1-7fce9451ac9d has been successfully formatted.
2019-06-13 10:46:05,125 INFO  ratis.ContainerStateMachine (ContainerStateMachine.java:loadSnapshot(199)) - The snapshot info is null.Setting the last applied index to:(t:0, i:~)
2019-06-13 10:46:05,125 INFO  server.RaftServerConfigKeys (ConfUtils.java:logGet(43)) - raft.server.log.preallocated.size = 16384 (custom)
2019-06-13 10:46:05,126 INFO  server.RaftServerConfigKeys (ConfUtils.java:logGet(43)) - raft.server.leader.election.timeout = 10s (custom)
2019-06-13 10:46:05,125 INFO  ratis.ContainerStateMachine (ContainerStateMachine.java:loadSnapshot(199)) - The snapshot info is null.Setting the last applied index to:(t:0, i:~)
2019-06-13 10:46:05,126 INFO  server.RaftServerConfigKeys (ConfUtils.java:logGet(43)) - raft.server.log.use.memory = false (default)
2019-06-13 10:46:05,126 INFO  server.RaftServerConfigKeys (ConfUtils.java:logGet(43)) - raft.server.log.write.buffer.size = 33554432 (custom)
2019-06-13 10:46:05,126 INFO  server.RaftServerConfigKeys (ConfUtils.java:logGet(43)) - raft.server.log.appender.buffer.byte-limit = 33554432 (custom)
2019-06-13 10:46:05,126 INFO  server.RaftServerConfigKeys (ConfUtils.java:logGet(43)) - raft.server.leader.election.timeout = 10s (custom)
2019-06-13 10:46:05,126 INFO  server.RaftServerConfigKeys (ConfUtils.java:logGet(43)) - raft.server.log.use.memory = false (default)
2019-06-13 10:46:05,126 INFO  server.RaftServerConfigKeys (ConfUtils.java:logGet(43)) - raft.server.log.appender.buffer.byte-limit = 33554432 (custom)
2019-06-13 10:46:05,126 INFO  server.RaftServerConfigKeys (ConfUtils.java:logGet(43)) - raft.server.log.segment.size.max = 16384 (custom)
2019-06-13 10:46:05,126 INFO  server.RaftServerConfigKeys (ConfUtils.java:logGet(43)) - raft.server.log.segment.cache.num.max = 2 (custom)
2019-06-13 10:46:05,126 INFO  storage.RaftLogWorker (RaftLogWorker.java:<init>(123)) - new fae03976-5d8b-4dbb-a6ac-6f6806665664-RaftLogWorker for Storage Directory /opt/src/hadoop-ozone/integration-test/target/test-dir/MiniOzoneClusterImpl-87c7e4c0-3e4a-410a-b838-3c21201e8109/datanode-3/data/ratis/3d512ddf-1448-45e6-82c1-7fce9451ac9d
2019-06-13 10:46:05,126 INFO  server.RaftServerConfigKeys (ConfUtils.java:logGet(43)) - raft.server.log.queue.byte-limit = 2147483647 (custom)
2019-06-13 10:46:05,126 INFO  server.RaftServerConfigKeys (ConfUtils.java:logGet(43)) - raft.server.log.queue.element-limit = 1024 (custom)
2019-06-13 10:46:05,127 INFO  server.RaftServerConfigKeys (ConfUtils.java:logGet(43)) - raft.server.log.segment.size.max = 16384 (custom)
2019-06-13 10:46:05,127 INFO  server.RaftServerConfigKeys (ConfUtils.java:logGet(43)) - raft.server.log.preallocated.size = 16384 (custom)
2019-06-13 10:46:05,127 INFO  server.RaftServerConfigKeys (ConfUtils.java:logGet(43)) - raft.server.log.write.buffer.size = 33554432 (custom)
2019-06-13 10:46:05,127 INFO  server.RaftServerConfigKeys (ConfUtils.java:logGet(43)) - raft.server.log.force.sync.num = 128 (default)
2019-06-13 10:46:05,127 INFO  server.RaftServerConfigKeys (ConfUtils.java:logGet(43)) - raft.server.log.statemachine.data.sync = true (default)
2019-06-13 10:46:05,127 INFO  server.RaftServerConfigKeys (ConfUtils.java:logGet(43)) - raft.server.log.statemachine.data.sync.timeout = 10s (default)
2019-06-13 10:46:05,127 INFO  server.RaftServerConfigKeys (ConfUtils.java:logGet(43)) - raft.server.log.statemachine.data.sync.timeout.retry = -1 (default)
2019-06-13 10:46:05,127 INFO  server.RaftServerConfigKeys (ConfUtils.java:logGet(43)) - raft.server.log.statemachine.data.caching.enabled = true (custom)
2019-06-13 10:46:05,126 INFO  server.RaftServerConfigKeys (ConfUtils.java:logGet(43)) - raft.server.log.segment.size.max = 16384 (custom)
2019-06-13 10:46:05,126 INFO  server.RaftServerConfigKeys (ConfUtils.java:logGet(43)) - raft.server.log.force.sync.num = 128 (default)
2019-06-13 10:46:05,128 INFO  server.RaftServerConfigKeys (ConfUtils.java:logGet(43)) - raft.server.log.segment.cache.num.max = 2 (custom)
2019-06-13 10:46:05,127 INFO  server.RaftServerConfigKeys (ConfUtils.java:logGet(43)) - raft.server.snapshot.auto.trigger.enabled = true (custom)
2019-06-13 10:46:05,128 INFO  storage.RaftLogWorker (RaftLogWorker.java:<init>(123)) - new e9763f46-4748-444a-b2ad-86f7056cbb0e-RaftLogWorker for Storage Directory /opt/src/hadoop-ozone/integration-test/target/test-dir/MiniOzoneClusterImpl-87c7e4c0-3e4a-410a-b838-3c21201e8109/datanode-5/data/ratis/3d512ddf-1448-45e6-82c1-7fce9451ac9d
2019-06-13 10:46:05,128 INFO  server.RaftServerConfigKeys (ConfUtils.java:logGet(43)) - raft.server.log.statemachine.data.sync = true (default)
2019-06-13 10:46:05,128 INFO  server.RaftServerConfigKeys (ConfUtils.java:logGet(43)) - raft.server.log.queue.byte-limit = 2147483647 (custom)
2019-06-13 10:46:05,128 INFO  server.RaftServerConfigKeys (ConfUtils.java:logGet(43)) - raft.server.snapshot.auto.trigger.threshold = 10000 (custom)
2019-06-13 10:46:05,128 INFO  server.RaftServerConfigKeys (ConfUtils.java:logGet(43)) - raft.server.log.queue.element-limit = 1024 (custom)
2019-06-13 10:46:05,128 INFO  server.RaftServerConfigKeys (ConfUtils.java:logGet(43)) - raft.server.retrycache.expirytime = 600000ms (custom)
2019-06-13 10:46:05,129 INFO  impl.RaftServerImpl (RaftServerImpl.java:start(173)) - fae03976-5d8b-4dbb-a6ac-6f6806665664: start group-7FCE9451AC9D
2019-06-13 10:46:05,129 INFO  impl.RaftServerImpl (RaftServerImpl.java:setRole(164)) - fae03976-5d8b-4dbb-a6ac-6f6806665664:group-7FCE9451AC9D changes role from null to FOLLOWER at term 0 for startAsFollower
2019-06-13 10:46:05,129 INFO  impl.RoleInfo (RoleInfo.java:updateAndGet(143)) - fae03976-5d8b-4dbb-a6ac-6f6806665664: start FollowerState
2019-06-13 10:46:05,128 INFO  server.RaftServerConfigKeys (ConfUtils.java:logGet(43)) - raft.server.log.statemachine.data.sync.timeout = 10s (default)
2019-06-13 10:46:05,129 INFO  server.RaftServerConfigKeys (ConfUtils.java:logGet(43)) - raft.server.log.statemachine.data.sync.timeout.retry = -1 (default)
2019-06-13 10:46:05,129 INFO  server.RaftServerConfigKeys (ConfUtils.java:logGet(43)) - raft.server.log.statemachine.data.caching.enabled = true (custom)
2019-06-13 10:46:05,128 INFO  server.RaftServerConfigKeys (ConfUtils.java:logGet(43)) - raft.server.log.segment.size.max = 16384 (custom)
2019-06-13 10:46:05,129 INFO  util.JmxRegister (JmxRegister.java:tryRegister(44)) - Successfully registered JMX Bean with object name Ratis:service=RaftServer,group=group-7FCE9451AC9D,id=fae03976-5d8b-4dbb-a6ac-6f6806665664
2019-06-13 10:46:05,130 INFO  server.RaftServerConfigKeys (ConfUtils.java:logGet(43)) - raft.server.snapshot.auto.trigger.enabled = true (custom)
2019-06-13 10:46:05,130 INFO  server.RaftServerConfigKeys (ConfUtils.java:logGet(43)) - raft.server.snapshot.auto.trigger.threshold = 10000 (custom)
2019-06-13 10:46:05,130 INFO  server.RaftServerConfigKeys (ConfUtils.java:logGet(43)) - raft.server.log.preallocated.size = 16384 (custom)
2019-06-13 10:46:05,130 INFO  server.RaftServerConfigKeys (ConfUtils.java:logGet(43)) - raft.server.retrycache.expirytime = 600000ms (custom)
2019-06-13 10:46:05,130 INFO  impl.RaftServerImpl (RaftServerImpl.java:start(173)) - 788a5eb3-292e-4c87-922f-b846200269c7: start group-7FCE9451AC9D
2019-06-13 10:46:05,130 INFO  impl.RaftServerImpl (RaftServerImpl.java:setRole(164)) - 788a5eb3-292e-4c87-922f-b846200269c7:group-7FCE9451AC9D changes role from null to FOLLOWER at term 0 for startAsFollower
2019-06-13 10:46:05,130 INFO  impl.RoleInfo (RoleInfo.java:updateAndGet(143)) - 788a5eb3-292e-4c87-922f-b846200269c7: start FollowerState
2019-06-13 10:46:05,131 INFO  util.JmxRegister (JmxRegister.java:tryRegister(44)) - Successfully registered JMX Bean with object name Ratis:service=RaftServer,group=group-7FCE9451AC9D,id=788a5eb3-292e-4c87-922f-b846200269c7
2019-06-13 10:46:05,131 INFO  server.RaftServerConfigKeys (ConfUtils.java:logGet(43)) - raft.server.log.write.buffer.size = 33554432 (custom)
2019-06-13 10:46:05,131 INFO  server.RaftServerConfigKeys (ConfUtils.java:logGet(43)) - raft.server.log.force.sync.num = 128 (default)
2019-06-13 10:46:05,131 INFO  server.RaftServerConfigKeys (ConfUtils.java:logGet(43)) - raft.server.log.statemachine.data.sync = true (default)
2019-06-13 10:46:05,131 INFO  server.RaftServerConfigKeys (ConfUtils.java:logGet(43)) - raft.server.log.statemachine.data.sync.timeout = 10s (default)
2019-06-13 10:46:05,131 INFO  server.RaftServerConfigKeys (ConfUtils.java:logGet(43)) - raft.server.log.statemachine.data.sync.timeout.retry = -1 (default)
2019-06-13 10:46:05,138 INFO  server.RaftServerConfigKeys (ConfUtils.java:logGet(43)) - raft.server.log.statemachine.data.caching.enabled = true (custom)
2019-06-13 10:46:05,139 INFO  server.RaftServerConfigKeys (ConfUtils.java:logGet(43)) - raft.server.snapshot.auto.trigger.enabled = true (custom)
2019-06-13 10:46:05,139 INFO  server.RaftServerConfigKeys (ConfUtils.java:logGet(43)) - raft.server.snapshot.auto.trigger.threshold = 10000 (custom)
2019-06-13 10:46:05,139 INFO  server.RaftServerConfigKeys (ConfUtils.java:logGet(43)) - raft.server.retrycache.expirytime = 600000ms (custom)
2019-06-13 10:46:05,141 INFO  impl.RaftServerImpl (RaftServerImpl.java:start(173)) - e9763f46-4748-444a-b2ad-86f7056cbb0e: start group-7FCE9451AC9D
2019-06-13 10:46:05,146 INFO  impl.RaftServerImpl (RaftServerImpl.java:setRole(164)) - e9763f46-4748-444a-b2ad-86f7056cbb0e:group-7FCE9451AC9D changes role from null to FOLLOWER at term 0 for startAsFollower
2019-06-13 10:46:05,146 INFO  impl.RoleInfo (RoleInfo.java:updateAndGet(143)) - e9763f46-4748-444a-b2ad-86f7056cbb0e: start FollowerState
2019-06-13 10:46:05,146 INFO  util.JmxRegister (JmxRegister.java:tryRegister(44)) - Successfully registered JMX Bean with object name Ratis:service=RaftServer,group=group-7FCE9451AC9D,id=e9763f46-4748-444a-b2ad-86f7056cbb0e
2019-06-13 10:46:05,153 INFO  pipeline.PipelineStateManager (PipelineStateManager.java:addPipeline(56)) - Created pipeline Pipeline[ Id: 3d512ddf-1448-45e6-82c1-7fce9451ac9d, Nodes: fae03976-5d8b-4dbb-a6ac-6f6806665664{ip: 192.168.46.8, host: ozone-5n8bq-3406807641, networkLocation: /default-rack, certSerialId: null}e9763f46-4748-444a-b2ad-86f7056cbb0e{ip: 192.168.46.8, host: ozone-5n8bq-3406807641, networkLocation: /default-rack, certSerialId: null}788a5eb3-292e-4c87-922f-b846200269c7{ip: 192.168.46.8, host: ozone-5n8bq-3406807641, networkLocation: /default-rack, certSerialId: null}, Type:RATIS, Factor:THREE, State:OPEN]
2019-06-13 10:46:05,658 INFO  impl.FollowerState (FollowerState.java:run(101)) - b4003f44-170f-41c9-8d83-037dca915e79:group-9AFD2DA26D76 changes to CANDIDATE, lastRpcTime:1057, electionTimeout:1056ms
2019-06-13 10:46:05,658 INFO  impl.RoleInfo (RoleInfo.java:shutdownFollowerState(121)) - b4003f44-170f-41c9-8d83-037dca915e79: shutdown FollowerState
2019-06-13 10:46:05,658 INFO  impl.RaftServerImpl (RaftServerImpl.java:setRole(164)) - b4003f44-170f-41c9-8d83-037dca915e79:group-9AFD2DA26D76 changes role from FOLLOWER to CANDIDATE at term 0 for changeToCandidate
2019-06-13 10:46:05,660 INFO  impl.RoleInfo (RoleInfo.java:updateAndGet(143)) - b4003f44-170f-41c9-8d83-037dca915e79: start LeaderElection
2019-06-13 10:46:05,665 INFO  impl.LeaderElection (LeaderElection.java:askForVotes(181)) - b4003f44-170f-41c9-8d83-037dca915e79:group-9AFD2DA26D76:LeaderElection1: begin an election at term 1 for -1: [b4003f44-170f-41c9-8d83-037dca915e79:192.168.46.8:40503], old=null
2019-06-13 10:46:05,667 INFO  impl.RoleInfo (RoleInfo.java:shutdownLeaderElection(134)) - b4003f44-170f-41c9-8d83-037dca915e79: shutdown LeaderElection
2019-06-13 10:46:05,667 INFO  impl.RaftServerImpl (RaftServerImpl.java:setRole(164)) - b4003f44-170f-41c9-8d83-037dca915e79:group-9AFD2DA26D76 changes role from CANDIDATE to LEADER at term 1 for changeToLeader
2019-06-13 10:46:05,668 INFO  impl.RaftServerImpl (ServerState.java:setLeader(263)) - b4003f44-170f-41c9-8d83-037dca915e79:group-9AFD2DA26D76 change Leader from null to b4003f44-170f-41c9-8d83-037dca915e79 at term 1 for becomeLeader, leader elected after 1070ms
2019-06-13 10:46:05,672 INFO  server.RaftServerConfigKeys (ConfUtils.java:logGet(43)) - raft.server.staging.catchup.gap = 1000 (default)
2019-06-13 10:46:05,672 INFO  server.RaftServerConfigKeys (ConfUtils.java:logGet(43)) - raft.server.rpc.sleep.time = 25ms (default)
2019-06-13 10:46:05,674 INFO  server.RaftServerConfigKeys (ConfUtils.java:logGet(43)) - raft.server.watch.timeout = 10s (default)
2019-06-13 10:46:05,674 INFO  server.RaftServerConfigKeys (ConfUtils.java:logGet(43)) - raft.server.watch.timeout.denomination = 1s (default)
2019-06-13 10:46:05,679 INFO  impl.RoleInfo (RoleInfo.java:updateAndGet(143)) - b4003f44-170f-41c9-8d83-037dca915e79: start LeaderState
2019-06-13 10:46:05,692 INFO  storage.RaftLogWorker (RaftLogWorker.java:startLogSegment(298)) - b4003f44-170f-41c9-8d83-037dca915e79-RaftLogWorker: Starting segment from index:0
2019-06-13 10:46:05,699 INFO  impl.RaftServerImpl (ServerState.java:setRaftConf(361)) - b4003f44-170f-41c9-8d83-037dca915e79:group-9AFD2DA26D76 set configuration 0: [b4003f44-170f-41c9-8d83-037dca915e79:192.168.46.8:40503], old=null at 0
2019-06-13 10:46:05,714 INFO  impl.FollowerState (FollowerState.java:run(101)) - 64018c34-72ab-41d8-8cd9-2ac7b18300b5:group-77A1C800EB86 changes to CANDIDATE, lastRpcTime:1174, electionTimeout:1174ms
2019-06-13 10:46:05,715 INFO  impl.RoleInfo (RoleInfo.java:shutdownFollowerState(121)) - 64018c34-72ab-41d8-8cd9-2ac7b18300b5: shutdown FollowerState
2019-06-13 10:46:05,715 INFO  impl.RaftServerImpl (RaftServerImpl.java:setRole(164)) - 64018c34-72ab-41d8-8cd9-2ac7b18300b5:group-77A1C800EB86 changes role from FOLLOWER to CANDIDATE at term 0 for changeToCandidate
2019-06-13 10:46:05,715 INFO  impl.RoleInfo (RoleInfo.java:updateAndGet(143)) - 64018c34-72ab-41d8-8cd9-2ac7b18300b5: start LeaderElection
2019-06-13 10:46:05,719 INFO  impl.LeaderElection (LeaderElection.java:askForVotes(181)) - 64018c34-72ab-41d8-8cd9-2ac7b18300b5:group-77A1C800EB86:LeaderElection2: begin an election at term 1 for -1: [64018c34-72ab-41d8-8cd9-2ac7b18300b5:192.168.46.8:41631], old=null
2019-06-13 10:46:05,720 INFO  impl.RoleInfo (RoleInfo.java:shutdownLeaderElection(134)) - 64018c34-72ab-41d8-8cd9-2ac7b18300b5: shutdown LeaderElection
2019-06-13 10:46:05,720 INFO  impl.RaftServerImpl (RaftServerImpl.java:setRole(164)) - 64018c34-72ab-41d8-8cd9-2ac7b18300b5:group-77A1C800EB86 changes role from CANDIDATE to LEADER at term 1 for changeToLeader
2019-06-13 10:46:05,720 INFO  impl.RaftServerImpl (ServerState.java:setLeader(263)) - 64018c34-72ab-41d8-8cd9-2ac7b18300b5:group-77A1C800EB86 change Leader from null to 64018c34-72ab-41d8-8cd9-2ac7b18300b5 at term 1 for becomeLeader, leader elected after 1333ms
2019-06-13 10:46:05,720 INFO  server.RaftServerConfigKeys (ConfUtils.java:logGet(43)) - raft.server.staging.catchup.gap = 1000 (default)
2019-06-13 10:46:05,720 INFO  server.RaftServerConfigKeys (ConfUtils.java:logGet(43)) - raft.server.rpc.sleep.time = 25ms (default)
2019-06-13 10:46:05,721 INFO  server.RaftServerConfigKeys (ConfUtils.java:logGet(43)) - raft.server.watch.timeout = 10s (default)
2019-06-13 10:46:05,721 INFO  server.RaftServerConfigKeys (ConfUtils.java:logGet(43)) - raft.server.watch.timeout.denomination = 1s (default)
2019-06-13 10:46:05,721 INFO  impl.RoleInfo (RoleInfo.java:updateAndGet(143)) - 64018c34-72ab-41d8-8cd9-2ac7b18300b5: start LeaderState
2019-06-13 10:46:05,721 INFO  storage.RaftLogWorker (RaftLogWorker.java:startLogSegment(298)) - 64018c34-72ab-41d8-8cd9-2ac7b18300b5-RaftLogWorker: Starting segment from index:0
2019-06-13 10:46:05,721 INFO  impl.RaftServerImpl (ServerState.java:setRaftConf(361)) - 64018c34-72ab-41d8-8cd9-2ac7b18300b5:group-77A1C800EB86 set configuration 0: [64018c34-72ab-41d8-8cd9-2ac7b18300b5:192.168.46.8:41631], old=null at 0
2019-06-13 10:46:05,729 INFO  impl.FollowerState (FollowerState.java:run(101)) - b4003f44-170f-41c9-8d83-037dca915e79:group-196FC481DCAB changes to CANDIDATE, lastRpcTime:1006, electionTimeout:1003ms
2019-06-13 10:46:05,729 INFO  impl.RoleInfo (RoleInfo.java:shutdownFollowerState(121)) - b4003f44-170f-41c9-8d83-037dca915e79: shutdown FollowerState
2019-06-13 10:46:05,729 INFO  impl.RaftServerImpl (RaftServerImpl.java:setRole(164)) - b4003f44-170f-41c9-8d83-037dca915e79:group-196FC481DCAB changes role from FOLLOWER to CANDIDATE at term 0 for changeToCandidate
2019-06-13 10:46:05,729 INFO  impl.RoleInfo (RoleInfo.java:updateAndGet(143)) - b4003f44-170f-41c9-8d83-037dca915e79: start LeaderElection
2019-06-13 10:46:05,733 INFO  impl.LeaderElection (LeaderElection.java:askForVotes(181)) - b4003f44-170f-41c9-8d83-037dca915e79:group-196FC481DCAB:LeaderElection3: begin an election at term 1 for -1: [b4003f44-170f-41c9-8d83-037dca915e79:192.168.46.8:40503, e6d5a7f1-25af-4a03-af8f-3303aaba073b:192.168.46.8:42403, 64018c34-72ab-41d8-8cd9-2ac7b18300b5:192.168.46.8:41631], old=null
2019-06-13 10:46:05,742 INFO  impl.FollowerState (FollowerState.java:run(101)) - e6d5a7f1-25af-4a03-af8f-3303aaba073b:group-CFD7006F4ECC changes to CANDIDATE, lastRpcTime:1085, electionTimeout:1085ms
2019-06-13 10:46:05,742 INFO  impl.RoleInfo (RoleInfo.java:shutdownFollowerState(121)) - e6d5a7f1-25af-4a03-af8f-3303aaba073b: shutdown FollowerState
2019-06-13 10:46:05,742 INFO  impl.RaftServerImpl (RaftServerImpl.java:setRole(164)) - e6d5a7f1-25af-4a03-af8f-3303aaba073b:group-CFD7006F4ECC changes role from FOLLOWER to CANDIDATE at term 0 for changeToCandidate
2019-06-13 10:46:05,743 INFO  impl.RoleInfo (RoleInfo.java:updateAndGet(143)) - e6d5a7f1-25af-4a03-af8f-3303aaba073b: start LeaderElection
2019-06-13 10:46:05,754 INFO  impl.FollowerState (FollowerState.java:run(101)) - e6d5a7f1-25af-4a03-af8f-3303aaba073b:group-196FC481DCAB changes to CANDIDATE, lastRpcTime:1048, electionTimeout:1044ms
2019-06-13 10:46:05,754 INFO  impl.RoleInfo (RoleInfo.java:shutdownFollowerState(121)) - e6d5a7f1-25af-4a03-af8f-3303aaba073b: shutdown FollowerState
2019-06-13 10:46:05,754 INFO  impl.RaftServerImpl (RaftServerImpl.java:setRole(164)) - e6d5a7f1-25af-4a03-af8f-3303aaba073b:group-196FC481DCAB changes role from FOLLOWER to CANDIDATE at term 0 for changeToCandidate
2019-06-13 10:46:05,754 INFO  impl.RoleInfo (RoleInfo.java:updateAndGet(143)) - e6d5a7f1-25af-4a03-af8f-3303aaba073b: start LeaderElection
2019-06-13 10:46:05,756 INFO  impl.LeaderElection (LeaderElection.java:askForVotes(181)) - e6d5a7f1-25af-4a03-af8f-3303aaba073b:group-CFD7006F4ECC:LeaderElection4: begin an election at term 1 for -1: [e6d5a7f1-25af-4a03-af8f-3303aaba073b:192.168.46.8:42403], old=null
2019-06-13 10:46:05,756 INFO  impl.RoleInfo (RoleInfo.java:shutdownLeaderElection(134)) - e6d5a7f1-25af-4a03-af8f-3303aaba073b: shutdown LeaderElection
2019-06-13 10:46:05,756 INFO  impl.RaftServerImpl (RaftServerImpl.java:setRole(164)) - e6d5a7f1-25af-4a03-af8f-3303aaba073b:group-CFD7006F4ECC changes role from CANDIDATE to LEADER at term 1 for changeToLeader
2019-06-13 10:46:05,757 INFO  impl.RaftServerImpl (ServerState.java:setLeader(263)) - e6d5a7f1-25af-4a03-af8f-3303aaba073b:group-CFD7006F4ECC change Leader from null to e6d5a7f1-25af-4a03-af8f-3303aaba073b at term 1 for becomeLeader, leader elected after 1103ms
2019-06-13 10:46:05,758 INFO  server.RaftServerConfigKeys (ConfUtils.java:logGet(43)) - raft.server.staging.catchup.gap = 1000 (default)
2019-06-13 10:46:05,758 INFO  server.RaftServerConfigKeys (ConfUtils.java:logGet(43)) - raft.server.rpc.sleep.time = 25ms (default)
2019-06-13 10:46:05,759 INFO  server.RaftServerConfigKeys (ConfUtils.java:logGet(43)) - raft.server.watch.timeout = 10s (default)
2019-06-13 10:46:05,759 INFO  server.RaftServerConfigKeys (ConfUtils.java:logGet(43)) - raft.server.watch.timeout.denomination = 1s (default)
2019-06-13 10:46:05,759 INFO  impl.RoleInfo (RoleInfo.java:updateAndGet(143)) - e6d5a7f1-25af-4a03-af8f-3303aaba073b: start LeaderState
2019-06-13 10:46:05,759 INFO  storage.RaftLogWorker (RaftLogWorker.java:startLogSegment(298)) - e6d5a7f1-25af-4a03-af8f-3303aaba073b-RaftLogWorker: Starting segment from index:0
2019-06-13 10:46:05,759 INFO  impl.RaftServerImpl (ServerState.java:setRaftConf(361)) - e6d5a7f1-25af-4a03-af8f-3303aaba073b:group-CFD7006F4ECC set configuration 0: [e6d5a7f1-25af-4a03-af8f-3303aaba073b:192.168.46.8:42403], old=null at 0
2019-06-13 10:46:05,764 INFO  impl.LeaderElection (LeaderElection.java:askForVotes(181)) - e6d5a7f1-25af-4a03-af8f-3303aaba073b:group-196FC481DCAB:LeaderElection5: begin an election at term 1 for -1: [b4003f44-170f-41c9-8d83-037dca915e79:192.168.46.8:40503, e6d5a7f1-25af-4a03-af8f-3303aaba073b:192.168.46.8:42403, 64018c34-72ab-41d8-8cd9-2ac7b18300b5:192.168.46.8:41631], old=null
2019-06-13 10:46:05,765 INFO  impl.RaftServerImpl (RaftServerImpl.java:setRole(164)) - 64018c34-72ab-41d8-8cd9-2ac7b18300b5:group-196FC481DCAB changes role from FOLLOWER to FOLLOWER at term 1 for recognizeCandidate:b4003f44-170f-41c9-8d83-037dca915e79
2019-06-13 10:46:05,765 INFO  impl.RoleInfo (RoleInfo.java:shutdownFollowerState(121)) - 64018c34-72ab-41d8-8cd9-2ac7b18300b5: shutdown FollowerState
2019-06-13 10:46:05,768 INFO  impl.RoleInfo (RoleInfo.java:updateAndGet(143)) - 64018c34-72ab-41d8-8cd9-2ac7b18300b5: start FollowerState
2019-06-13 10:46:05,768 INFO  impl.FollowerState (FollowerState.java:run(109)) - 64018c34-72ab-41d8-8cd9-2ac7b18300b5: FollowerState was interrupted: java.lang.InterruptedException: sleep interrupted
2019-06-13 10:46:05,790 INFO  impl.LeaderElection (LeaderElection.java:logAndReturn(56)) - b4003f44-170f-41c9-8d83-037dca915e79:group-196FC481DCAB:LeaderElection3: Election PASSED; received 2 response(s) [b4003f44-170f-41c9-8d83-037dca915e79->e6d5a7f1-25af-4a03-af8f-3303aaba073b,false-t1, b4003f44-170f-41c9-8d83-037dca915e79->64018c34-72ab-41d8-8cd9-2ac7b18300b5,true-t1] and 0 exception(s); b4003f44-170f-41c9-8d83-037dca915e79:t1, leader=null, voted=b4003f44-170f-41c9-8d83-037dca915e79, raftlog=b4003f44-170f-41c9-8d83-037dca915e79-SegmentedRaftLog:OPENED:c-1,f-1,i0, conf=-1: [b4003f44-170f-41c9-8d83-037dca915e79:192.168.46.8:40503, e6d5a7f1-25af-4a03-af8f-3303aaba073b:192.168.46.8:42403, 64018c34-72ab-41d8-8cd9-2ac7b18300b5:192.168.46.8:41631], old=null
2019-06-13 10:46:05,790 INFO  impl.RoleInfo (RoleInfo.java:shutdownLeaderElection(134)) - b4003f44-170f-41c9-8d83-037dca915e79: shutdown LeaderElection
2019-06-13 10:46:05,790 INFO  impl.RaftServerImpl (RaftServerImpl.java:setRole(164)) - b4003f44-170f-41c9-8d83-037dca915e79:group-196FC481DCAB changes role from CANDIDATE to LEADER at term 1 for changeToLeader
2019-06-13 10:46:05,790 INFO  impl.RaftServerImpl (ServerState.java:setLeader(263)) - b4003f44-170f-41c9-8d83-037dca915e79:group-196FC481DCAB change Leader from null to b4003f44-170f-41c9-8d83-037dca915e79 at term 1 for becomeLeader, leader elected after 1083ms
2019-06-13 10:46:05,790 INFO  server.RaftServerConfigKeys (ConfUtils.java:logGet(43)) - raft.server.staging.catchup.gap = 1000 (default)
2019-06-13 10:46:05,791 INFO  server.RaftServerConfigKeys (ConfUtils.java:logGet(43)) - raft.server.rpc.sleep.time = 25ms (default)
2019-06-13 10:46:05,791 INFO  server.RaftServerConfigKeys (ConfUtils.java:logGet(43)) - raft.server.watch.timeout = 10s (default)
2019-06-13 10:46:05,791 INFO  server.RaftServerConfigKeys (ConfUtils.java:logGet(43)) - raft.server.watch.timeout.denomination = 1s (default)
2019-06-13 10:46:05,793 INFO  server.RaftServerConfigKeys (ConfUtils.java:logGet(43)) - raft.server.log.appender.snapshot.chunk.size.max = 16MB (=16777216) (default)
2019-06-13 10:46:05,793 INFO  server.RaftServerConfigKeys (ConfUtils.java:logGet(43)) - raft.server.log.appender.buffer.byte-limit = 33554432 (custom)
2019-06-13 10:46:05,793 INFO  server.RaftServerConfigKeys (ConfUtils.java:logGet(43)) - raft.server.log.appender.buffer.element-limit = 1 (custom)
2019-06-13 10:46:05,794 INFO  grpc.GrpcConfigKeys$Server (ConfUtils.java:logGet(43)) - raft.grpc.server.leader.outstanding.appends.max = 128 (default)
2019-06-13 10:46:05,795 INFO  server.RaftServerConfigKeys (ConfUtils.java:logGet(43)) - raft.server.rpc.request.timeout = 3000ms (default)
2019-06-13 10:46:05,795 INFO  server.RaftServerConfigKeys (ConfUtils.java:logGet(43)) - raft.server.log.appender.install.snapshot.enabled = true (default)
2019-06-13 10:46:05,795 INFO  server.RaftServerConfigKeys (ConfUtils.java:logGet(43)) - raft.server.log.appender.snapshot.chunk.size.max = 16MB (=16777216) (default)
2019-06-13 10:46:05,795 INFO  server.RaftServerConfigKeys (ConfUtils.java:logGet(43)) - raft.server.log.appender.buffer.byte-limit = 33554432 (custom)
2019-06-13 10:46:05,795 INFO  server.RaftServerConfigKeys (ConfUtils.java:logGet(43)) - raft.server.log.appender.buffer.element-limit = 1 (custom)
2019-06-13 10:46:05,795 INFO  grpc.GrpcConfigKeys$Server (ConfUtils.java:logGet(43)) - raft.grpc.server.leader.outstanding.appends.max = 128 (default)
2019-06-13 10:46:05,796 INFO  server.RaftServerConfigKeys (ConfUtils.java:logGet(43)) - raft.server.rpc.request.timeout = 3000ms (default)
2019-06-13 10:46:05,796 INFO  server.RaftServerConfigKeys (ConfUtils.java:logGet(43)) - raft.server.log.appender.install.snapshot.enabled = true (default)
2019-06-13 10:46:05,796 INFO  impl.RoleInfo (RoleInfo.java:updateAndGet(143)) - b4003f44-170f-41c9-8d83-037dca915e79: start LeaderState
2019-06-13 10:46:05,796 INFO  storage.RaftLogWorker (RaftLogWorker.java:startLogSegment(298)) - b4003f44-170f-41c9-8d83-037dca915e79-RaftLogWorker: Starting segment from index:0
2019-06-13 10:46:05,809 INFO  impl.RaftServerImpl (ServerState.java:setRaftConf(361)) - b4003f44-170f-41c9-8d83-037dca915e79:group-196FC481DCAB set configuration 0: [b4003f44-170f-41c9-8d83-037dca915e79:192.168.46.8:40503, e6d5a7f1-25af-4a03-af8f-3303aaba073b:192.168.46.8:42403, 64018c34-72ab-41d8-8cd9-2ac7b18300b5:192.168.46.8:41631], old=null at 0
2019-06-13 10:46:05,809 INFO  impl.RaftServerImpl (RaftServerImpl.java:requestVote(738)) - b4003f44-170f-41c9-8d83-037dca915e79-LEADER: Withhold vote from candidate e6d5a7f1-25af-4a03-af8f-3303aaba073b with term 1. State: leader=b4003f44-170f-41c9-8d83-037dca915e79, term=1, lastRpcElapsed=null
2019-06-13 10:46:05,815 INFO  impl.LeaderElection (LeaderElection.java:logAndReturn(56)) - e6d5a7f1-25af-4a03-af8f-3303aaba073b:group-196FC481DCAB:LeaderElection5: Election REJECTED; received 2 response(s) [e6d5a7f1-25af-4a03-af8f-3303aaba073b->b4003f44-170f-41c9-8d83-037dca915e79,false-t1, e6d5a7f1-25af-4a03-af8f-3303aaba073b->64018c34-72ab-41d8-8cd9-2ac7b18300b5,false-t1] and 0 exception(s); e6d5a7f1-25af-4a03-af8f-3303aaba073b:t1, leader=null, voted=e6d5a7f1-25af-4a03-af8f-3303aaba073b, raftlog=e6d5a7f1-25af-4a03-af8f-3303aaba073b-SegmentedRaftLog:OPENED:c-1,f-1,i0, conf=-1: [b4003f44-170f-41c9-8d83-037dca915e79:192.168.46.8:40503, e6d5a7f1-25af-4a03-af8f-3303aaba073b:192.168.46.8:42403, 64018c34-72ab-41d8-8cd9-2ac7b18300b5:192.168.46.8:41631], old=null
2019-06-13 10:46:05,815 INFO  impl.RaftServerImpl (RaftServerImpl.java:setRole(164)) - e6d5a7f1-25af-4a03-af8f-3303aaba073b:group-196FC481DCAB changes role from CANDIDATE to FOLLOWER at term 1 for DISCOVERED_A_NEW_TERM
2019-06-13 10:46:05,816 INFO  impl.RoleInfo (RoleInfo.java:shutdownLeaderElection(134)) - e6d5a7f1-25af-4a03-af8f-3303aaba073b: shutdown LeaderElection
2019-06-13 10:46:05,816 INFO  impl.RoleInfo (RoleInfo.java:updateAndGet(143)) - e6d5a7f1-25af-4a03-af8f-3303aaba073b: start FollowerState
2019-06-13 10:46:05,824 INFO  impl.RaftServerImpl (ServerState.java:setLeader(263)) - e6d5a7f1-25af-4a03-af8f-3303aaba073b:group-196FC481DCAB change Leader from null to b4003f44-170f-41c9-8d83-037dca915e79 at term 1 for appendEntries, leader elected after 1121ms
2019-06-13 10:46:05,838 INFO  impl.RaftServerImpl (ServerState.java:setLeader(263)) - 64018c34-72ab-41d8-8cd9-2ac7b18300b5:group-196FC481DCAB change Leader from null to b4003f44-170f-41c9-8d83-037dca915e79 at term 1 for appendEntries, leader elected after 1131ms
2019-06-13 10:46:05,843 INFO  impl.RaftServerImpl (ServerState.java:setRaftConf(361)) - e6d5a7f1-25af-4a03-af8f-3303aaba073b:group-196FC481DCAB set configuration 0: [b4003f44-170f-41c9-8d83-037dca915e79:192.168.46.8:40503, e6d5a7f1-25af-4a03-af8f-3303aaba073b:192.168.46.8:42403, 64018c34-72ab-41d8-8cd9-2ac7b18300b5:192.168.46.8:41631], old=null at 0
2019-06-13 10:46:05,843 INFO  storage.RaftLogWorker (RaftLogWorker.java:startLogSegment(298)) - e6d5a7f1-25af-4a03-af8f-3303aaba073b-RaftLogWorker: Starting segment from index:0
2019-06-13 10:46:05,844 INFO  impl.RaftServerImpl (ServerState.java:setRaftConf(361)) - 64018c34-72ab-41d8-8cd9-2ac7b18300b5:group-196FC481DCAB set configuration 0: [b4003f44-170f-41c9-8d83-037dca915e79:192.168.46.8:40503, e6d5a7f1-25af-4a03-af8f-3303aaba073b:192.168.46.8:42403, 64018c34-72ab-41d8-8cd9-2ac7b18300b5:192.168.46.8:41631], old=null at 0
2019-06-13 10:46:05,844 INFO  storage.RaftLogWorker (RaftLogWorker.java:startLogSegment(298)) - 64018c34-72ab-41d8-8cd9-2ac7b18300b5-RaftLogWorker: Starting segment from index:0
2019-06-13 10:46:05,900 INFO  impl.FollowerState (FollowerState.java:run(101)) - fae03976-5d8b-4dbb-a6ac-6f6806665664:group-EACE616E1BB4 changes to CANDIDATE, lastRpcTime:1132, electionTimeout:1132ms
2019-06-13 10:46:05,900 INFO  impl.RoleInfo (RoleInfo.java:shutdownFollowerState(121)) - fae03976-5d8b-4dbb-a6ac-6f6806665664: shutdown FollowerState
2019-06-13 10:46:05,900 INFO  impl.RaftServerImpl (RaftServerImpl.java:setRole(164)) - fae03976-5d8b-4dbb-a6ac-6f6806665664:group-EACE616E1BB4 changes role from FOLLOWER to CANDIDATE at term 0 for changeToCandidate
2019-06-13 10:46:05,900 INFO  impl.RoleInfo (RoleInfo.java:updateAndGet(143)) - fae03976-5d8b-4dbb-a6ac-6f6806665664: start LeaderElection
2019-06-13 10:46:05,948 INFO  storage.RaftLogWorker (RaftLogWorker.java:execute(469)) - e6d5a7f1-25af-4a03-af8f-3303aaba073b-RaftLogWorker: created new log segment /opt/src/hadoop-ozone/integration-test/target/test-dir/MiniOzoneClusterImpl-87c7e4c0-3e4a-410a-b838-3c21201e8109/datanode-2/data/ratis/10434af9-83e2-4a3e-b932-196fc481dcab/current/log_inprogress_0
2019-06-13 10:46:05,948 INFO  storage.RaftLogWorker (RaftLogWorker.java:execute(469)) - b4003f44-170f-41c9-8d83-037dca915e79-RaftLogWorker: created new log segment /opt/src/hadoop-ozone/integration-test/target/test-dir/MiniOzoneClusterImpl-87c7e4c0-3e4a-410a-b838-3c21201e8109/datanode-1/data/ratis/f74d363f-d612-4d1c-b67c-9afd2da26d76/current/log_inprogress_0
2019-06-13 10:46:05,948 INFO  storage.RaftLogWorker (RaftLogWorker.java:execute(469)) - b4003f44-170f-41c9-8d83-037dca915e79-RaftLogWorker: created new log segment /opt/src/hadoop-ozone/integration-test/target/test-dir/MiniOzoneClusterImpl-87c7e4c0-3e4a-410a-b838-3c21201e8109/datanode-1/data/ratis/10434af9-83e2-4a3e-b932-196fc481dcab/current/log_inprogress_0
2019-06-13 10:46:05,948 INFO  impl.LeaderElection (LeaderElection.java:askForVotes(181)) - fae03976-5d8b-4dbb-a6ac-6f6806665664:group-EACE616E1BB4:LeaderElection6: begin an election at term 1 for -1: [fae03976-5d8b-4dbb-a6ac-6f6806665664:192.168.46.8:45219], old=null
2019-06-13 10:46:05,948 INFO  impl.RoleInfo (RoleInfo.java:shutdownLeaderElection(134)) - fae03976-5d8b-4dbb-a6ac-6f6806665664: shutdown LeaderElection
2019-06-13 10:46:05,949 INFO  impl.RaftServerImpl (RaftServerImpl.java:setRole(164)) - fae03976-5d8b-4dbb-a6ac-6f6806665664:group-EACE616E1BB4 changes role from CANDIDATE to LEADER at term 1 for changeToLeader
2019-06-13 10:46:05,949 INFO  impl.RaftServerImpl (ServerState.java:setLeader(263)) - fae03976-5d8b-4dbb-a6ac-6f6806665664:group-EACE616E1BB4 change Leader from null to fae03976-5d8b-4dbb-a6ac-6f6806665664 at term 1 for becomeLeader, leader elected after 1184ms
2019-06-13 10:46:05,963 INFO  server.RaftServerConfigKeys (ConfUtils.java:logGet(43)) - raft.server.staging.catchup.gap = 1000 (default)
2019-06-13 10:46:05,963 INFO  storage.RaftLogWorker (RaftLogWorker.java:execute(469)) - 64018c34-72ab-41d8-8cd9-2ac7b18300b5-RaftLogWorker: created new log segment /opt/src/hadoop-ozone/integration-test/target/test-dir/MiniOzoneClusterImpl-87c7e4c0-3e4a-410a-b838-3c21201e8109/datanode-0/data/ratis/10434af9-83e2-4a3e-b932-196fc481dcab/current/log_inprogress_0
2019-06-13 10:46:05,963 INFO  impl.FollowerState (FollowerState.java:run(101)) - 788a5eb3-292e-4c87-922f-b846200269c7:group-648B95460710 changes to CANDIDATE, lastRpcTime:1062, electionTimeout:1060ms
2019-06-13 10:46:05,963 INFO  impl.RoleInfo (RoleInfo.java:shutdownFollowerState(121)) - 788a5eb3-292e-4c87-922f-b846200269c7: shutdown FollowerState
2019-06-13 10:46:05,963 INFO  impl.RaftServerImpl (RaftServerImpl.java:setRole(164)) - 788a5eb3-292e-4c87-922f-b846200269c7:group-648B95460710 changes role from FOLLOWER to CANDIDATE at term 0 for changeToCandidate
2019-06-13 10:46:05,963 INFO  impl.RoleInfo (RoleInfo.java:updateAndGet(143)) - 788a5eb3-292e-4c87-922f-b846200269c7: start LeaderElection
2019-06-13 10:46:05,963 INFO  server.RaftServerConfigKeys (ConfUtils.java:logGet(43)) - raft.server.rpc.sleep.time = 25ms (default)
2019-06-13 10:46:05,963 INFO  storage.RaftLogWorker (RaftLogWorker.java:execute(469)) - 64018c34-72ab-41d8-8cd9-2ac7b18300b5-RaftLogWorker: created new log segment /opt/src/hadoop-ozone/integration-test/target/test-dir/MiniOzoneClusterImpl-87c7e4c0-3e4a-410a-b838-3c21201e8109/datanode-0/data/ratis/8acc1f32-ab37-46c2-865c-77a1c800eb86/current/log_inprogress_0
2019-06-13 10:46:05,965 INFO  storage.RaftLogWorker (RaftLogWorker.java:execute(469)) - e6d5a7f1-25af-4a03-af8f-3303aaba073b-RaftLogWorker: created new log segment /opt/src/hadoop-ozone/integration-test/target/test-dir/MiniOzoneClusterImpl-87c7e4c0-3e4a-410a-b838-3c21201e8109/datanode-2/data/ratis/634b69ab-2242-448d-a153-cfd7006f4ecc/current/log_inprogress_0
2019-06-13 10:46:05,965 INFO  server.RaftServerConfigKeys (ConfUtils.java:logGet(43)) - raft.server.watch.timeout = 10s (default)
2019-06-13 10:46:05,966 INFO  server.RaftServerConfigKeys (ConfUtils.java:logGet(43)) - raft.server.watch.timeout.denomination = 1s (default)
2019-06-13 10:46:05,967 INFO  impl.RoleInfo (RoleInfo.java:updateAndGet(143)) - fae03976-5d8b-4dbb-a6ac-6f6806665664: start LeaderState
2019-06-13 10:46:05,967 INFO  storage.RaftLogWorker (RaftLogWorker.java:startLogSegment(298)) - fae03976-5d8b-4dbb-a6ac-6f6806665664-RaftLogWorker: Starting segment from index:0
2019-06-13 10:46:05,986 INFO  impl.RaftServerImpl (ServerState.java:setRaftConf(361)) - fae03976-5d8b-4dbb-a6ac-6f6806665664:group-EACE616E1BB4 set configuration 0: [fae03976-5d8b-4dbb-a6ac-6f6806665664:192.168.46.8:45219], old=null at 0
2019-06-13 10:46:05,989 INFO  impl.LeaderElection (LeaderElection.java:askForVotes(181)) - 788a5eb3-292e-4c87-922f-b846200269c7:group-648B95460710:LeaderElection7: begin an election at term 1 for -1: [788a5eb3-292e-4c87-922f-b846200269c7:192.168.46.8:41505], old=null
2019-06-13 10:46:05,989 INFO  impl.RoleInfo (RoleInfo.java:shutdownLeaderElection(134)) - 788a5eb3-292e-4c87-922f-b846200269c7: shutdown LeaderElection
2019-06-13 10:46:05,989 INFO  impl.RaftServerImpl (RaftServerImpl.java:setRole(164)) - 788a5eb3-292e-4c87-922f-b846200269c7:group-648B95460710 changes role from CANDIDATE to LEADER at term 1 for changeToLeader
2019-06-13 10:46:05,989 INFO  impl.RaftServerImpl (ServerState.java:setLeader(263)) - 788a5eb3-292e-4c87-922f-b846200269c7:group-648B95460710 change Leader from null to 788a5eb3-292e-4c87-922f-b846200269c7 at term 1 for becomeLeader, leader elected after 1091ms
2019-06-13 10:46:06,004 INFO  server.RaftServerConfigKeys (ConfUtils.java:logGet(43)) - raft.server.staging.catchup.gap = 1000 (default)
2019-06-13 10:46:06,004 INFO  server.RaftServerConfigKeys (ConfUtils.java:logGet(43)) - raft.server.rpc.sleep.time = 25ms (default)
2019-06-13 10:46:06,004 INFO  server.RaftServerConfigKeys (ConfUtils.java:logGet(43)) - raft.server.watch.timeout = 10s (default)
2019-06-13 10:46:06,005 INFO  server.RaftServerConfigKeys (ConfUtils.java:logGet(43)) - raft.server.watch.timeout.denomination = 1s (default)
2019-06-13 10:46:06,005 INFO  impl.RoleInfo (RoleInfo.java:updateAndGet(143)) - 788a5eb3-292e-4c87-922f-b846200269c7: start LeaderState
2019-06-13 10:46:06,005 INFO  storage.RaftLogWorker (RaftLogWorker.java:startLogSegment(298)) - 788a5eb3-292e-4c87-922f-b846200269c7-RaftLogWorker: Starting segment from index:0
2019-06-13 10:46:06,006 INFO  impl.RaftServerImpl (ServerState.java:setRaftConf(361)) - 788a5eb3-292e-4c87-922f-b846200269c7:group-648B95460710 set configuration 0: [788a5eb3-292e-4c87-922f-b846200269c7:192.168.46.8:41505], old=null at 0
2019-06-13 10:46:06,041 INFO  storage.RaftLogWorker (RaftLogWorker.java:execute(469)) - fae03976-5d8b-4dbb-a6ac-6f6806665664-RaftLogWorker: created new log segment /opt/src/hadoop-ozone/integration-test/target/test-dir/MiniOzoneClusterImpl-87c7e4c0-3e4a-410a-b838-3c21201e8109/datanode-3/data/ratis/ad18f8be-3463-44cf-9eba-eace616e1bb4/current/log_inprogress_0
2019-06-13 10:46:06,044 INFO  storage.RaftLogWorker (RaftLogWorker.java:execute(469)) - 788a5eb3-292e-4c87-922f-b846200269c7-RaftLogWorker: created new log segment /opt/src/hadoop-ozone/integration-test/target/test-dir/MiniOzoneClusterImpl-87c7e4c0-3e4a-410a-b838-3c21201e8109/datanode-4/data/ratis/3f7862be-87fc-432b-913d-648b95460710/current/log_inprogress_0
2019-06-13 10:46:06,069 INFO  ozone.MiniOzoneClusterImpl (MiniOzoneClusterImpl.java:lambda$waitForClusterToBeReady$0(142)) - Cluster is ready. Got 6 of 6 DN Heartbeats.
]]></system-out>
    <system-err><![CDATA[ERROR StatusLogger No Log4j 2 configuration file found. Using default configuration (logging only errors to the console), or user programmatically provided configurations. Set system property 'log4j2.debug' to show Log4j 2 internal initialization logging. See https://logging.apache.org/log4j/2.x/manual/configuration.html for instructions on how to configure Log4j 2
Jun 13, 2019 10:45:59 AM com.sun.jersey.server.impl.application.WebApplicationImpl _initiate
INFO: Initiating Jersey application, version 'Jersey: 1.19 02/11/2015 03:25 AM'
Jun 13, 2019 10:46:00 AM com.sun.jersey.server.impl.application.WebApplicationImpl _initiate
INFO: Initiating Jersey application, version 'Jersey: 1.19 02/11/2015 03:25 AM'
Jun 13, 2019 10:46:00 AM com.sun.jersey.server.impl.application.WebApplicationImpl _initiate
INFO: Initiating Jersey application, version 'Jersey: 1.19 02/11/2015 03:25 AM'
Jun 13, 2019 10:46:00 AM com.sun.jersey.server.impl.application.WebApplicationImpl _initiate
INFO: Initiating Jersey application, version 'Jersey: 1.19 02/11/2015 03:25 AM'
Jun 13, 2019 10:46:00 AM com.sun.jersey.server.impl.application.WebApplicationImpl _initiate
INFO: Initiating Jersey application, version 'Jersey: 1.19 02/11/2015 03:25 AM'
Jun 13, 2019 10:46:00 AM com.sun.jersey.server.impl.application.WebApplicationImpl _initiate
INFO: Initiating Jersey application, version 'Jersey: 1.19 02/11/2015 03:25 AM'
]]></system-err>
  </testcase>
</testsuite>