<?xml version="1.0" encoding="UTF-8"?>
<testsuite xmlns:xsi="http://www.w3.org/2001/XMLSchema-instance" xsi:noNamespaceSchemaLocation="https://maven.apache.org/surefire/maven-surefire-plugin/xsd/surefire-test-report.xsd" name="org.apache.hadoop.hdds.scm.pipeline.TestNodeFailure" time="12.032" tests="1" errors="0" skipped="1" failures="0">
  <properties>
    <property name="awt.toolkit" value="sun.awt.X11.XToolkit"/>
    <property name="file.encoding.pkg" value="sun.io"/>
    <property name="java.specification.version" value="1.8"/>
    <property name="sun.cpu.isalist" value=""/>
    <property name="sun.jnu.encoding" value="UTF-8"/>
    <property name="java.class.path" value="/opt/src/hadoop-ozone/integration-test/target/test-classes:/opt/src/hadoop-ozone/integration-test/target/classes:/root/.m2/repository/org/apache/hadoop/hadoop-ozone-common/0.5.0-SNAPSHOT/hadoop-ozone-common-0.5.0-SNAPSHOT.jar:/root/.m2/repository/org/apache/commons/commons-compress/1.4.1/commons-compress-1.4.1.jar:/root/.m2/repository/org/tukaani/xz/1.0/xz-1.0.jar:/root/.m2/repository/org/apache/hadoop/hadoop-common/3.2.0/hadoop-common-3.2.0.jar:/root/.m2/repository/org/apache/hadoop/hadoop-hdfs/3.2.0/hadoop-hdfs-3.2.0.jar:/root/.m2/repository/org/apache/hadoop/hadoop-hdfs-client/3.2.0/hadoop-hdfs-client-3.2.0.jar:/root/.m2/repository/com/fasterxml/jackson/core/jackson-annotations/2.9.5/jackson-annotations-2.9.5.jar:/root/.m2/repository/org/apache/hadoop/hadoop-hdds-common/0.5.0-SNAPSHOT/hadoop-hdds-common-0.5.0-SNAPSHOT.jar:/root/.m2/repository/javax/annotation/javax.annotation-api/1.2/javax.annotation-api-1.2.jar:/root/.m2/repository/org/apache/ratis/ratis-server/0.4.0-fe2b15d-SNAPSHOT/ratis-server-0.4.0-fe2b15d-SNAPSHOT.jar:/root/.m2/repository/org/apache/ratis/ratis-thirdparty-misc/0.2.0/ratis-thirdparty-misc-0.2.0.jar:/root/.m2/repository/org/apache/ratis/ratis-proto/0.4.0-fe2b15d-SNAPSHOT/ratis-proto-0.4.0-fe2b15d-SNAPSHOT.jar:/root/.m2/repository/org/apache/ratis/ratis-common/0.4.0-fe2b15d-SNAPSHOT/ratis-common-0.4.0-fe2b15d-SNAPSHOT.jar:/root/.m2/repository/org/apache/ratis/ratis-client/0.4.0-fe2b15d-SNAPSHOT/ratis-client-0.4.0-fe2b15d-SNAPSHOT.jar:/root/.m2/repository/org/apache/ratis/ratis-netty/0.4.0-fe2b15d-SNAPSHOT/ratis-netty-0.4.0-fe2b15d-SNAPSHOT.jar:/root/.m2/repository/org/apache/ratis/ratis-grpc/0.4.0-fe2b15d-SNAPSHOT/ratis-grpc-0.4.0-fe2b15d-SNAPSHOT.jar:/root/.m2/repository/org/rocksdb/rocksdbjni/5.14.2/rocksdbjni-5.14.2.jar:/root/.m2/repository/org/apache/logging/log4j/log4j-api/2.11.0/log4j-api-2.11.0.jar:/root/.m2/repository/org/apache/logging/log4j/log4j-core/2.11.0/log4j-core-2.11.0.jar:/root/.m2/repository/com/lmax/disruptor/3.4.2/disruptor-3.4.2.jar:/root/.m2/repository/org/apache/commons/commons-pool2/2.6.0/commons-pool2-2.6.0.jar:/root/.m2/repository/org/bouncycastle/bcpkix-jdk15on/1.60/bcpkix-jdk15on-1.60.jar:/root/.m2/repository/commons-validator/commons-validator/1.6/commons-validator-1.6.jar:/root/.m2/repository/commons-digester/commons-digester/1.8.1/commons-digester-1.8.1.jar:/root/.m2/repository/io/jaegertracing/jaeger-client/0.33.1/jaeger-client-0.33.1.jar:/root/.m2/repository/io/jaegertracing/jaeger-thrift/0.33.1/jaeger-thrift-0.33.1.jar:/root/.m2/repository/org/apache/thrift/libthrift/0.11.0/libthrift-0.11.0.jar:/root/.m2/repository/com/squareup/okhttp3/okhttp/3.9.0/okhttp-3.9.0.jar:/root/.m2/repository/com/squareup/okio/okio/1.13.0/okio-1.13.0.jar:/root/.m2/repository/io/jaegertracing/jaeger-core/0.33.1/jaeger-core-0.33.1.jar:/root/.m2/repository/io/jaegertracing/jaeger-tracerresolver/0.33.1/jaeger-tracerresolver-0.33.1.jar:/root/.m2/repository/io/opentracing/contrib/opentracing-tracerresolver/0.1.5/opentracing-tracerresolver-0.1.5.jar:/root/.m2/repository/io/opentracing/opentracing-util/0.31.0/opentracing-util-0.31.0.jar:/root/.m2/repository/io/opentracing/opentracing-api/0.31.0/opentracing-api-0.31.0.jar:/root/.m2/repository/io/opentracing/opentracing-noop/0.31.0/opentracing-noop-0.31.0.jar:/root/.m2/repository/org/apache/hadoop/hadoop-hdds-server-framework/0.5.0-SNAPSHOT/hadoop-hdds-server-framework-0.5.0-SNAPSHOT.jar:/root/.m2/repository/org/apache/hadoop/hadoop-hdds-server-scm/0.5.0-SNAPSHOT/hadoop-hdds-server-scm-0.5.0-SNAPSHOT.jar:/root/.m2/repository/org/apache/hadoop/hadoop-hdds-container-service/0.5.0-SNAPSHOT/hadoop-hdds-container-service-0.5.0-SNAPSHOT.jar:/root/.m2/repository/org/apache/hadoop/hadoop-hdds-client/0.5.0-SNAPSHOT/hadoop-hdds-client-0.5.0-SNAPSHOT.jar:/root/.m2/repository/org/apache/hadoop/hadoop-hdds-tools/0.5.0-SNAPSHOT/hadoop-hdds-tools-0.5.0-SNAPSHOT.jar:/root/.m2/repository/org/apache/hadoop/hadoop-ozone-ozone-manager/0.5.0-SNAPSHOT/hadoop-ozone-ozone-manager-0.5.0-SNAPSHOT.jar:/root/.m2/repository/org/apache/hadoop/hadoop-hdds-docs/0.5.0-SNAPSHOT/hadoop-hdds-docs-0.5.0-SNAPSHOT.jar:/root/.m2/repository/org/bouncycastle/bcprov-jdk15on/1.60/bcprov-jdk15on-1.60.jar:/root/.m2/repository/org/apache/hadoop/hadoop-minikdc/3.2.0/hadoop-minikdc-3.2.0.jar:/root/.m2/repository/commons-io/commons-io/2.5/commons-io-2.5.jar:/root/.m2/repository/org/apache/kerby/kerb-simplekdc/1.0.1/kerb-simplekdc-1.0.1.jar:/root/.m2/repository/org/apache/kerby/kerb-client/1.0.1/kerb-client-1.0.1.jar:/root/.m2/repository/org/apache/kerby/kerby-config/1.0.1/kerby-config-1.0.1.jar:/root/.m2/repository/org/apache/kerby/kerb-core/1.0.1/kerb-core-1.0.1.jar:/root/.m2/repository/org/apache/kerby/kerby-pkix/1.0.1/kerby-pkix-1.0.1.jar:/root/.m2/repository/org/apache/kerby/kerby-asn1/1.0.1/kerby-asn1-1.0.1.jar:/root/.m2/repository/org/apache/kerby/kerby-util/1.0.1/kerby-util-1.0.1.jar:/root/.m2/repository/org/apache/kerby/kerb-common/1.0.1/kerb-common-1.0.1.jar:/root/.m2/repository/org/apache/kerby/kerb-crypto/1.0.1/kerb-crypto-1.0.1.jar:/root/.m2/repository/org/apache/kerby/kerb-util/1.0.1/kerb-util-1.0.1.jar:/root/.m2/repository/org/apache/kerby/token-provider/1.0.1/token-provider-1.0.1.jar:/root/.m2/repository/org/apache/kerby/kerb-admin/1.0.1/kerb-admin-1.0.1.jar:/root/.m2/repository/org/apache/kerby/kerb-server/1.0.1/kerb-server-1.0.1.jar:/root/.m2/repository/org/apache/kerby/kerb-identity/1.0.1/kerb-identity-1.0.1.jar:/root/.m2/repository/org/apache/kerby/kerby-xdr/1.0.1/kerby-xdr-1.0.1.jar:/root/.m2/repository/org/slf4j/slf4j-log4j12/1.7.25/slf4j-log4j12-1.7.25.jar:/root/.m2/repository/org/apache/hadoop/hadoop-ozone-objectstore-service/0.5.0-SNAPSHOT/hadoop-ozone-objectstore-service-0.5.0-SNAPSHOT.jar:/root/.m2/repository/org/apache/hadoop/hadoop-ozone-s3gateway/0.5.0-SNAPSHOT/hadoop-ozone-s3gateway-0.5.0-SNAPSHOT.jar:/root/.m2/repository/org/jboss/weld/servlet/weld-servlet/2.4.7.Final/weld-servlet-2.4.7.Final.jar:/root/.m2/repository/org/glassfish/jersey/containers/jersey-container-servlet-core/2.27/jersey-container-servlet-core-2.27.jar:/root/.m2/repository/org/glassfish/hk2/external/javax.inject/2.5.0-b42/javax.inject-2.5.0-b42.jar:/root/.m2/repository/org/glassfish/jersey/core/jersey-common/2.27/jersey-common-2.27.jar:/root/.m2/repository/org/glassfish/hk2/osgi-resource-locator/1.0.1/osgi-resource-locator-1.0.1.jar:/root/.m2/repository/javax/ws/rs/javax.ws.rs-api/2.1/javax.ws.rs-api-2.1.jar:/root/.m2/repository/org/glassfish/jersey/ext/cdi/jersey-cdi1x/2.27/jersey-cdi1x-2.27.jar:/root/.m2/repository/org/glassfish/jersey/inject/jersey-hk2/2.27/jersey-hk2-2.27.jar:/root/.m2/repository/org/glassfish/hk2/hk2-locator/2.5.0-b42/hk2-locator-2.5.0-b42.jar:/root/.m2/repository/org/javassist/javassist/3.22.0-CR2/javassist-3.22.0-CR2.jar:/root/.m2/repository/org/glassfish/hk2/hk2-api/2.5.0/hk2-api-2.5.0.jar:/root/.m2/repository/org/glassfish/hk2/external/jakarta.inject/2.5.0/jakarta.inject-2.5.0.jar:/root/.m2/repository/org/glassfish/hk2/hk2-utils/2.5.0/hk2-utils-2.5.0.jar:/root/.m2/repository/jakarta/annotation/jakarta.annotation-api/1.3.4/jakarta.annotation-api-1.3.4.jar:/root/.m2/repository/org/glassfish/hk2/external/aopalliance-repackaged/2.5.0/aopalliance-repackaged-2.5.0.jar:/root/.m2/repository/com/fasterxml/jackson/dataformat/jackson-dataformat-xml/2.9.0/jackson-dataformat-xml-2.9.0.jar:/root/.m2/repository/com/fasterxml/jackson/core/jackson-core/2.9.5/jackson-core-2.9.5.jar:/root/.m2/repository/com/fasterxml/jackson/module/jackson-module-jaxb-annotations/2.9.5/jackson-module-jaxb-annotations-2.9.5.jar:/root/.m2/repository/javax/enterprise/cdi-api/1.2/cdi-api-1.2.jar:/root/.m2/repository/javax/el/javax.el-api/3.0.0/javax.el-api-3.0.0.jar:/root/.m2/repository/javax/interceptor/javax.interceptor-api/1.2/javax.interceptor-api-1.2.jar:/root/.m2/repository/javax/inject/javax.inject/1/javax.inject-1.jar:/root/.m2/repository/com/sun/xml/bind/jaxb-impl/2.3.0.1/jaxb-impl-2.3.0.1.jar:/root/.m2/repository/com/sun/xml/bind/jaxb-core/2.3.0.1/jaxb-core-2.3.0.1.jar:/root/.m2/repository/javax/xml/bind/jaxb-api/2.3.0/jaxb-api-2.3.0.jar:/root/.m2/repository/javax/activation/activation/1.1.1/activation-1.1.1.jar:/root/.m2/repository/org/apache/hadoop/hadoop-ozone-csi/0.5.0-SNAPSHOT/hadoop-ozone-csi-0.5.0-SNAPSHOT.jar:/root/.m2/repository/com/google/protobuf/protobuf-java-util/3.5.1/protobuf-java-util-3.5.1.jar:/root/.m2/repository/org/apache/hadoop/hadoop-hdds-config/0.5.0-SNAPSHOT/hadoop-hdds-config-0.5.0-SNAPSHOT.jar:/root/.m2/repository/com/google/guava/guava/11.0.2/guava-11.0.2.jar:/root/.m2/repository/com/google/protobuf/protobuf-java/2.5.0/protobuf-java-2.5.0.jar:/root/.m2/repository/io/grpc/grpc-netty/1.17.1/grpc-netty-1.17.1.jar:/root/.m2/repository/io/grpc/grpc-core/1.17.1/grpc-core-1.17.1.jar:/root/.m2/repository/io/grpc/grpc-context/1.17.1/grpc-context-1.17.1.jar:/root/.m2/repository/com/google/errorprone/error_prone_annotations/2.2.0/error_prone_annotations-2.2.0.jar:/root/.m2/repository/org/codehaus/mojo/animal-sniffer-annotations/1.17/animal-sniffer-annotations-1.17.jar:/root/.m2/repository/io/opencensus/opencensus-api/0.17.0/opencensus-api-0.17.0.jar:/root/.m2/repository/io/opencensus/opencensus-contrib-grpc-metrics/0.17.0/opencensus-contrib-grpc-metrics-0.17.0.jar:/root/.m2/repository/io/netty/netty-codec-http2/4.1.30.Final/netty-codec-http2-4.1.30.Final.jar:/root/.m2/repository/io/netty/netty-codec-http/4.1.30.Final/netty-codec-http-4.1.30.Final.jar:/root/.m2/repository/io/netty/netty-codec/4.1.30.Final/netty-codec-4.1.30.Final.jar:/root/.m2/repository/io/netty/netty-handler/4.1.30.Final/netty-handler-4.1.30.Final.jar:/root/.m2/repository/io/netty/netty-handler-proxy/4.1.30.Final/netty-handler-proxy-4.1.30.Final.jar:/root/.m2/repository/io/netty/netty-codec-socks/4.1.30.Final/netty-codec-socks-4.1.30.Final.jar:/root/.m2/repository/io/netty/netty-transport-native-epoll/4.1.30.Final/netty-transport-native-epoll-4.1.30.Final.jar:/root/.m2/repository/io/netty/netty-common/4.1.30.Final/netty-common-4.1.30.Final.jar:/root/.m2/repository/io/netty/netty-buffer/4.1.30.Final/netty-buffer-4.1.30.Final.jar:/root/.m2/repository/io/netty/netty-transport/4.1.30.Final/netty-transport-4.1.30.Final.jar:/root/.m2/repository/io/netty/netty-resolver/4.1.30.Final/netty-resolver-4.1.30.Final.jar:/root/.m2/repository/io/netty/netty-transport-native-unix-common/4.1.30.Final/netty-transport-native-unix-common-4.1.30.Final.jar:/root/.m2/repository/io/grpc/grpc-protobuf/1.17.1/grpc-protobuf-1.17.1.jar:/root/.m2/repository/com/google/api/grpc/proto-google-common-protos/1.0.0/proto-google-common-protos-1.0.0.jar:/root/.m2/repository/io/grpc/grpc-protobuf-lite/1.17.1/grpc-protobuf-lite-1.17.1.jar:/root/.m2/repository/io/grpc/grpc-stub/1.17.1/grpc-stub-1.17.1.jar:/root/.m2/repository/org/apache/hadoop/hadoop-ozone-recon/0.5.0-SNAPSHOT/hadoop-ozone-recon-0.5.0-SNAPSHOT.jar:/root/.m2/repository/org/apache/hadoop/hadoop-ozone-reconcodegen/0.5.0-SNAPSHOT/hadoop-ozone-reconcodegen-0.5.0-SNAPSHOT.jar:/root/.m2/repository/com/google/inject/extensions/guice-multibindings/4.0/guice-multibindings-4.0.jar:/root/.m2/repository/com/google/inject/guice/4.0/guice-4.0.jar:/root/.m2/repository/aopalliance/aopalliance/1.0/aopalliance-1.0.jar:/root/.m2/repository/com/google/inject/extensions/guice-servlet/4.0/guice-servlet-4.0.jar:/root/.m2/repository/org/glassfish/jersey/containers/jersey-container-servlet/2.27/jersey-container-servlet-2.27.jar:/root/.m2/repository/org/glassfish/hk2/guice-bridge/2.5.0/guice-bridge-2.5.0.jar:/root/.m2/repository/org/glassfish/jersey/core/jersey-server/2.27/jersey-server-2.27.jar:/root/.m2/repository/org/glassfish/jersey/core/jersey-client/2.27/jersey-client-2.27.jar:/root/.m2/repository/org/glassfish/jersey/media/jersey-media-jaxb/2.27/jersey-media-jaxb-2.27.jar:/root/.m2/repository/javax/validation/validation-api/1.1.0.Final/validation-api-1.1.0.Final.jar:/root/.m2/repository/org/glassfish/jersey/media/jersey-media-json-jackson/2.27/jersey-media-json-jackson-2.27.jar:/root/.m2/repository/org/glassfish/jersey/ext/jersey-entity-filtering/2.27/jersey-entity-filtering-2.27.jar:/root/.m2/repository/com/google/inject/extensions/guice-assistedinject/4.0/guice-assistedinject-4.0.jar:/root/.m2/repository/org/jooq/jooq/3.11.10/jooq-3.11.10.jar:/root/.m2/repository/org/jooq/jooq-meta/3.11.10/jooq-meta-3.11.10.jar:/root/.m2/repository/org/jooq/jooq-codegen/3.11.10/jooq-codegen-3.11.10.jar:/root/.m2/repository/com/jolbox/bonecp/0.8.0.RELEASE/bonecp-0.8.0.RELEASE.jar:/root/.m2/repository/org/xerial/sqlite-jdbc/3.25.2/sqlite-jdbc-3.25.2.jar:/root/.m2/repository/org/springframework/spring-jdbc/5.1.3.RELEASE/spring-jdbc-5.1.3.RELEASE.jar:/root/.m2/repository/org/springframework/spring-beans/5.1.3.RELEASE/spring-beans-5.1.3.RELEASE.jar:/root/.m2/repository/org/springframework/spring-core/5.1.3.RELEASE/spring-core-5.1.3.RELEASE.jar:/root/.m2/repository/org/springframework/spring-jcl/5.1.3.RELEASE/spring-jcl-5.1.3.RELEASE.jar:/root/.m2/repository/org/springframework/spring-tx/5.1.3.RELEASE/spring-tx-5.1.3.RELEASE.jar:/root/.m2/repository/org/apache/hadoop/hadoop-ozone-client/0.5.0-SNAPSHOT/hadoop-ozone-client-0.5.0-SNAPSHOT.jar:/root/.m2/repository/org/apache/hadoop/hadoop-ozone-ozone-manager/0.5.0-SNAPSHOT/hadoop-ozone-ozone-manager-0.5.0-SNAPSHOT-tests.jar:/root/.m2/repository/junit/junit/4.11/junit-4.11.jar:/root/.m2/repository/org/hamcrest/hamcrest-core/1.3/hamcrest-core-1.3.jar:/root/.m2/repository/org/openjdk/jmh/jmh-core/1.19/jmh-core-1.19.jar:/root/.m2/repository/net/sf/jopt-simple/jopt-simple/4.6/jopt-simple-4.6.jar:/root/.m2/repository/org/apache/commons/commons-math3/3.1.1/commons-math3-3.1.1.jar:/root/.m2/repository/org/openjdk/jmh/jmh-generator-annprocess/1.19/jmh-generator-annprocess-1.19.jar:/root/.m2/repository/org/mockito/mockito-all/1.8.5/mockito-all-1.8.5.jar:/root/.m2/repository/org/apache/hadoop/hadoop-kms/3.2.0/hadoop-kms-3.2.0.jar:/root/.m2/repository/org/apache/hadoop/hadoop-auth/3.2.0/hadoop-auth-3.2.0.jar:/root/.m2/repository/com/nimbusds/nimbus-jose-jwt/4.41.1/nimbus-jose-jwt-4.41.1.jar:/root/.m2/repository/com/github/stephenc/jcip/jcip-annotations/1.0-1/jcip-annotations-1.0-1.jar:/root/.m2/repository/net/minidev/json-smart/2.3/json-smart-2.3.jar:/root/.m2/repository/net/minidev/accessors-smart/1.2/accessors-smart-1.2.jar:/root/.m2/repository/org/ow2/asm/asm/5.0.4/asm-5.0.4.jar:/root/.m2/repository/org/apache/curator/curator-framework/2.12.0/curator-framework-2.12.0.jar:/root/.m2/repository/com/sun/jersey/jersey-core/1.19/jersey-core-1.19.jar:/root/.m2/repository/javax/ws/rs/jsr311-api/1.1.1/jsr311-api-1.1.1.jar:/root/.m2/repository/com/sun/jersey/jersey-server/1.19/jersey-server-1.19.jar:/root/.m2/repository/javax/servlet/javax.servlet-api/3.1.0/javax.servlet-api-3.1.0.jar:/root/.m2/repository/org/eclipse/jetty/jetty-server/9.3.24.v20180605/jetty-server-9.3.24.v20180605.jar:/root/.m2/repository/org/eclipse/jetty/jetty-http/9.3.24.v20180605/jetty-http-9.3.24.v20180605.jar:/root/.m2/repository/org/eclipse/jetty/jetty-io/9.3.24.v20180605/jetty-io-9.3.24.v20180605.jar:/root/.m2/repository/org/eclipse/jetty/jetty-webapp/9.3.24.v20180605/jetty-webapp-9.3.24.v20180605.jar:/root/.m2/repository/org/eclipse/jetty/jetty-xml/9.3.24.v20180605/jetty-xml-9.3.24.v20180605.jar:/root/.m2/repository/log4j/log4j/1.2.17/log4j-1.2.17.jar:/root/.m2/repository/org/slf4j/slf4j-api/1.7.25/slf4j-api-1.7.25.jar:/root/.m2/repository/org/slf4j/jul-to-slf4j/1.7.25/jul-to-slf4j-1.7.25.jar:/root/.m2/repository/org/eclipse/jetty/jetty-util/9.3.24.v20180605/jetty-util-9.3.24.v20180605.jar:/root/.m2/repository/io/dropwizard/metrics/metrics-core/3.2.4/metrics-core-3.2.4.jar:/root/.m2/repository/com/fasterxml/jackson/core/jackson-databind/2.9.5/jackson-databind-2.9.5.jar:/root/.m2/repository/org/apache/hadoop/hadoop-kms/3.2.0/hadoop-kms-3.2.0-tests.jar:/root/.m2/repository/org/apache/hadoop/hadoop-hdds-server-scm/0.5.0-SNAPSHOT/hadoop-hdds-server-scm-0.5.0-SNAPSHOT-tests.jar:/root/.m2/repository/org/hamcrest/hamcrest-all/1.3/hamcrest-all-1.3.jar:/root/.m2/repository/info/picocli/picocli/3.9.6/picocli-3.9.6.jar:/root/.m2/repository/org/apache/hadoop/hadoop-hdds-container-service/0.5.0-SNAPSHOT/hadoop-hdds-container-service-0.5.0-SNAPSHOT-tests.jar:/root/.m2/repository/org/yaml/snakeyaml/1.16/snakeyaml-1.16.jar:/root/.m2/repository/org/apache/hadoop/hadoop-common/3.2.0/hadoop-common-3.2.0-tests.jar:/root/.m2/repository/org/apache/hadoop/hadoop-annotations/3.2.0/hadoop-annotations-3.2.0.jar:/usr/lib/jvm/java-1.8-openjdk/jre/../lib/tools.jar:/root/.m2/repository/commons-cli/commons-cli/1.2/commons-cli-1.2.jar:/root/.m2/repository/org/apache/httpcomponents/httpclient/4.5.2/httpclient-4.5.2.jar:/root/.m2/repository/org/apache/httpcomponents/httpcore/4.4.4/httpcore-4.4.4.jar:/root/.m2/repository/commons-codec/commons-codec/1.11/commons-codec-1.11.jar:/root/.m2/repository/commons-net/commons-net/3.6/commons-net-3.6.jar:/root/.m2/repository/commons-collections/commons-collections/3.2.2/commons-collections-3.2.2.jar:/root/.m2/repository/org/eclipse/jetty/jetty-servlet/9.3.24.v20180605/jetty-servlet-9.3.24.v20180605.jar:/root/.m2/repository/org/eclipse/jetty/jetty-security/9.3.24.v20180605/jetty-security-9.3.24.v20180605.jar:/root/.m2/repository/javax/servlet/jsp/jsp-api/2.1/jsp-api-2.1.jar:/root/.m2/repository/com/sun/jersey/jersey-servlet/1.19/jersey-servlet-1.19.jar:/root/.m2/repository/com/sun/jersey/jersey-json/1.19/jersey-json-1.19.jar:/root/.m2/repository/org/codehaus/jettison/jettison/1.1/jettison-1.1.jar:/root/.m2/repository/org/codehaus/jackson/jackson-core-asl/1.9.13/jackson-core-asl-1.9.13.jar:/root/.m2/repository/org/codehaus/jackson/jackson-mapper-asl/1.9.13/jackson-mapper-asl-1.9.13.jar:/root/.m2/repository/org/codehaus/jackson/jackson-jaxrs/1.9.13/jackson-jaxrs-1.9.13.jar:/root/.m2/repository/org/codehaus/jackson/jackson-xc/1.9.13/jackson-xc-1.9.13.jar:/root/.m2/repository/commons-logging/commons-logging/1.1.3/commons-logging-1.1.3.jar:/root/.m2/repository/commons-beanutils/commons-beanutils/1.9.3/commons-beanutils-1.9.3.jar:/root/.m2/repository/org/apache/commons/commons-configuration2/2.1.1/commons-configuration2-2.1.1.jar:/root/.m2/repository/org/apache/commons/commons-lang3/3.7/commons-lang3-3.7.jar:/root/.m2/repository/org/apache/commons/commons-text/1.4/commons-text-1.4.jar:/root/.m2/repository/org/apache/avro/avro/1.7.7/avro-1.7.7.jar:/root/.m2/repository/com/thoughtworks/paranamer/paranamer/2.3/paranamer-2.3.jar:/root/.m2/repository/org/xerial/snappy/snappy-java/1.0.5/snappy-java-1.0.5.jar:/root/.m2/repository/com/google/re2j/re2j/1.1/re2j-1.1.jar:/root/.m2/repository/com/google/code/gson/gson/2.2.4/gson-2.2.4.jar:/root/.m2/repository/com/jcraft/jsch/0.1.54/jsch-0.1.54.jar:/root/.m2/repository/org/apache/curator/curator-client/2.12.0/curator-client-2.12.0.jar:/root/.m2/repository/org/apache/curator/curator-recipes/2.12.0/curator-recipes-2.12.0.jar:/root/.m2/repository/com/google/code/findbugs/jsr305/3.0.0/jsr305-3.0.0.jar:/root/.m2/repository/org/apache/htrace/htrace-core4/4.1.0-incubating/htrace-core4-4.1.0-incubating.jar:/root/.m2/repository/org/apache/zookeeper/zookeeper/3.4.13/zookeeper-3.4.13.jar:/root/.m2/repository/org/apache/yetus/audience-annotations/0.5.0/audience-annotations-0.5.0.jar:/root/.m2/repository/org/codehaus/woodstox/stax2-api/3.1.4/stax2-api-3.1.4.jar:/root/.m2/repository/com/fasterxml/woodstox/woodstox-core/5.0.3/woodstox-core-5.0.3.jar:/root/.m2/repository/dnsjava/dnsjava/2.1.7/dnsjava-2.1.7.jar:/root/.m2/repository/org/apache/hadoop/hadoop-hdfs/3.2.0/hadoop-hdfs-3.2.0-tests.jar:/root/.m2/repository/org/eclipse/jetty/jetty-util-ajax/9.3.24.v20180605/jetty-util-ajax-9.3.24.v20180605.jar:/root/.m2/repository/commons-daemon/commons-daemon/1.0.13/commons-daemon-1.0.13.jar:/root/.m2/repository/io/netty/netty/3.10.5.Final/netty-3.10.5.Final.jar:/root/.m2/repository/io/netty/netty-all/4.0.52.Final/netty-all-4.0.52.Final.jar:/root/.m2/repository/org/fusesource/leveldbjni/leveldbjni-all/1.8/leveldbjni-all-1.8.jar:"/>
    <property name="java.vm.vendor" value="IcedTea"/>
    <property name="sun.arch.data.model" value="64"/>
    <property name="test.build.dir" value="/opt/src/hadoop-ozone/integration-test/target/test-dir"/>
    <property name="test.cache.data" value=""/>
    <property name="java.vendor.url" value="https://icedtea.classpath.org"/>
    <property name="user.timezone" value=""/>
    <property name="java.vm.specification.version" value="1.8"/>
    <property name="os.name" value="Linux"/>
    <property name="test.build.data" value="/opt/src/hadoop-ozone/integration-test/target/test-dir"/>
    <property name="user.country" value="US"/>
    <property name="sun.java.launcher" value="SUN_STANDARD"/>
    <property name="sun.boot.library.path" value="/usr/lib/jvm/java-1.8-openjdk/jre/lib/amd64"/>
    <property name="sun.java.command" value="/opt/src/hadoop-ozone/integration-test/target/surefire/surefirebooter2352535048647300377.jar /opt/src/hadoop-ozone/integration-test/target/surefire 2019-06-14T01-43-19_573-jvmRun1 surefire662287217818417072tmp surefire_82315187548649267714tmp"/>
    <property name="surefire.test.class.path" value="/opt/src/hadoop-ozone/integration-test/target/test-classes:/opt/src/hadoop-ozone/integration-test/target/classes:/root/.m2/repository/org/apache/hadoop/hadoop-ozone-common/0.5.0-SNAPSHOT/hadoop-ozone-common-0.5.0-SNAPSHOT.jar:/root/.m2/repository/org/apache/commons/commons-compress/1.4.1/commons-compress-1.4.1.jar:/root/.m2/repository/org/tukaani/xz/1.0/xz-1.0.jar:/root/.m2/repository/org/apache/hadoop/hadoop-common/3.2.0/hadoop-common-3.2.0.jar:/root/.m2/repository/org/apache/hadoop/hadoop-hdfs/3.2.0/hadoop-hdfs-3.2.0.jar:/root/.m2/repository/org/apache/hadoop/hadoop-hdfs-client/3.2.0/hadoop-hdfs-client-3.2.0.jar:/root/.m2/repository/com/fasterxml/jackson/core/jackson-annotations/2.9.5/jackson-annotations-2.9.5.jar:/root/.m2/repository/org/apache/hadoop/hadoop-hdds-common/0.5.0-SNAPSHOT/hadoop-hdds-common-0.5.0-SNAPSHOT.jar:/root/.m2/repository/javax/annotation/javax.annotation-api/1.2/javax.annotation-api-1.2.jar:/root/.m2/repository/org/apache/ratis/ratis-server/0.4.0-fe2b15d-SNAPSHOT/ratis-server-0.4.0-fe2b15d-SNAPSHOT.jar:/root/.m2/repository/org/apache/ratis/ratis-thirdparty-misc/0.2.0/ratis-thirdparty-misc-0.2.0.jar:/root/.m2/repository/org/apache/ratis/ratis-proto/0.4.0-fe2b15d-SNAPSHOT/ratis-proto-0.4.0-fe2b15d-SNAPSHOT.jar:/root/.m2/repository/org/apache/ratis/ratis-common/0.4.0-fe2b15d-SNAPSHOT/ratis-common-0.4.0-fe2b15d-SNAPSHOT.jar:/root/.m2/repository/org/apache/ratis/ratis-client/0.4.0-fe2b15d-SNAPSHOT/ratis-client-0.4.0-fe2b15d-SNAPSHOT.jar:/root/.m2/repository/org/apache/ratis/ratis-netty/0.4.0-fe2b15d-SNAPSHOT/ratis-netty-0.4.0-fe2b15d-SNAPSHOT.jar:/root/.m2/repository/org/apache/ratis/ratis-grpc/0.4.0-fe2b15d-SNAPSHOT/ratis-grpc-0.4.0-fe2b15d-SNAPSHOT.jar:/root/.m2/repository/org/rocksdb/rocksdbjni/5.14.2/rocksdbjni-5.14.2.jar:/root/.m2/repository/org/apache/logging/log4j/log4j-api/2.11.0/log4j-api-2.11.0.jar:/root/.m2/repository/org/apache/logging/log4j/log4j-core/2.11.0/log4j-core-2.11.0.jar:/root/.m2/repository/com/lmax/disruptor/3.4.2/disruptor-3.4.2.jar:/root/.m2/repository/org/apache/commons/commons-pool2/2.6.0/commons-pool2-2.6.0.jar:/root/.m2/repository/org/bouncycastle/bcpkix-jdk15on/1.60/bcpkix-jdk15on-1.60.jar:/root/.m2/repository/commons-validator/commons-validator/1.6/commons-validator-1.6.jar:/root/.m2/repository/commons-digester/commons-digester/1.8.1/commons-digester-1.8.1.jar:/root/.m2/repository/io/jaegertracing/jaeger-client/0.33.1/jaeger-client-0.33.1.jar:/root/.m2/repository/io/jaegertracing/jaeger-thrift/0.33.1/jaeger-thrift-0.33.1.jar:/root/.m2/repository/org/apache/thrift/libthrift/0.11.0/libthrift-0.11.0.jar:/root/.m2/repository/com/squareup/okhttp3/okhttp/3.9.0/okhttp-3.9.0.jar:/root/.m2/repository/com/squareup/okio/okio/1.13.0/okio-1.13.0.jar:/root/.m2/repository/io/jaegertracing/jaeger-core/0.33.1/jaeger-core-0.33.1.jar:/root/.m2/repository/io/jaegertracing/jaeger-tracerresolver/0.33.1/jaeger-tracerresolver-0.33.1.jar:/root/.m2/repository/io/opentracing/contrib/opentracing-tracerresolver/0.1.5/opentracing-tracerresolver-0.1.5.jar:/root/.m2/repository/io/opentracing/opentracing-util/0.31.0/opentracing-util-0.31.0.jar:/root/.m2/repository/io/opentracing/opentracing-api/0.31.0/opentracing-api-0.31.0.jar:/root/.m2/repository/io/opentracing/opentracing-noop/0.31.0/opentracing-noop-0.31.0.jar:/root/.m2/repository/org/apache/hadoop/hadoop-hdds-server-framework/0.5.0-SNAPSHOT/hadoop-hdds-server-framework-0.5.0-SNAPSHOT.jar:/root/.m2/repository/org/apache/hadoop/hadoop-hdds-server-scm/0.5.0-SNAPSHOT/hadoop-hdds-server-scm-0.5.0-SNAPSHOT.jar:/root/.m2/repository/org/apache/hadoop/hadoop-hdds-container-service/0.5.0-SNAPSHOT/hadoop-hdds-container-service-0.5.0-SNAPSHOT.jar:/root/.m2/repository/org/apache/hadoop/hadoop-hdds-client/0.5.0-SNAPSHOT/hadoop-hdds-client-0.5.0-SNAPSHOT.jar:/root/.m2/repository/org/apache/hadoop/hadoop-hdds-tools/0.5.0-SNAPSHOT/hadoop-hdds-tools-0.5.0-SNAPSHOT.jar:/root/.m2/repository/org/apache/hadoop/hadoop-ozone-ozone-manager/0.5.0-SNAPSHOT/hadoop-ozone-ozone-manager-0.5.0-SNAPSHOT.jar:/root/.m2/repository/org/apache/hadoop/hadoop-hdds-docs/0.5.0-SNAPSHOT/hadoop-hdds-docs-0.5.0-SNAPSHOT.jar:/root/.m2/repository/org/bouncycastle/bcprov-jdk15on/1.60/bcprov-jdk15on-1.60.jar:/root/.m2/repository/org/apache/hadoop/hadoop-minikdc/3.2.0/hadoop-minikdc-3.2.0.jar:/root/.m2/repository/commons-io/commons-io/2.5/commons-io-2.5.jar:/root/.m2/repository/org/apache/kerby/kerb-simplekdc/1.0.1/kerb-simplekdc-1.0.1.jar:/root/.m2/repository/org/apache/kerby/kerb-client/1.0.1/kerb-client-1.0.1.jar:/root/.m2/repository/org/apache/kerby/kerby-config/1.0.1/kerby-config-1.0.1.jar:/root/.m2/repository/org/apache/kerby/kerb-core/1.0.1/kerb-core-1.0.1.jar:/root/.m2/repository/org/apache/kerby/kerby-pkix/1.0.1/kerby-pkix-1.0.1.jar:/root/.m2/repository/org/apache/kerby/kerby-asn1/1.0.1/kerby-asn1-1.0.1.jar:/root/.m2/repository/org/apache/kerby/kerby-util/1.0.1/kerby-util-1.0.1.jar:/root/.m2/repository/org/apache/kerby/kerb-common/1.0.1/kerb-common-1.0.1.jar:/root/.m2/repository/org/apache/kerby/kerb-crypto/1.0.1/kerb-crypto-1.0.1.jar:/root/.m2/repository/org/apache/kerby/kerb-util/1.0.1/kerb-util-1.0.1.jar:/root/.m2/repository/org/apache/kerby/token-provider/1.0.1/token-provider-1.0.1.jar:/root/.m2/repository/org/apache/kerby/kerb-admin/1.0.1/kerb-admin-1.0.1.jar:/root/.m2/repository/org/apache/kerby/kerb-server/1.0.1/kerb-server-1.0.1.jar:/root/.m2/repository/org/apache/kerby/kerb-identity/1.0.1/kerb-identity-1.0.1.jar:/root/.m2/repository/org/apache/kerby/kerby-xdr/1.0.1/kerby-xdr-1.0.1.jar:/root/.m2/repository/org/slf4j/slf4j-log4j12/1.7.25/slf4j-log4j12-1.7.25.jar:/root/.m2/repository/org/apache/hadoop/hadoop-ozone-objectstore-service/0.5.0-SNAPSHOT/hadoop-ozone-objectstore-service-0.5.0-SNAPSHOT.jar:/root/.m2/repository/org/apache/hadoop/hadoop-ozone-s3gateway/0.5.0-SNAPSHOT/hadoop-ozone-s3gateway-0.5.0-SNAPSHOT.jar:/root/.m2/repository/org/jboss/weld/servlet/weld-servlet/2.4.7.Final/weld-servlet-2.4.7.Final.jar:/root/.m2/repository/org/glassfish/jersey/containers/jersey-container-servlet-core/2.27/jersey-container-servlet-core-2.27.jar:/root/.m2/repository/org/glassfish/hk2/external/javax.inject/2.5.0-b42/javax.inject-2.5.0-b42.jar:/root/.m2/repository/org/glassfish/jersey/core/jersey-common/2.27/jersey-common-2.27.jar:/root/.m2/repository/org/glassfish/hk2/osgi-resource-locator/1.0.1/osgi-resource-locator-1.0.1.jar:/root/.m2/repository/javax/ws/rs/javax.ws.rs-api/2.1/javax.ws.rs-api-2.1.jar:/root/.m2/repository/org/glassfish/jersey/ext/cdi/jersey-cdi1x/2.27/jersey-cdi1x-2.27.jar:/root/.m2/repository/org/glassfish/jersey/inject/jersey-hk2/2.27/jersey-hk2-2.27.jar:/root/.m2/repository/org/glassfish/hk2/hk2-locator/2.5.0-b42/hk2-locator-2.5.0-b42.jar:/root/.m2/repository/org/javassist/javassist/3.22.0-CR2/javassist-3.22.0-CR2.jar:/root/.m2/repository/org/glassfish/hk2/hk2-api/2.5.0/hk2-api-2.5.0.jar:/root/.m2/repository/org/glassfish/hk2/external/jakarta.inject/2.5.0/jakarta.inject-2.5.0.jar:/root/.m2/repository/org/glassfish/hk2/hk2-utils/2.5.0/hk2-utils-2.5.0.jar:/root/.m2/repository/jakarta/annotation/jakarta.annotation-api/1.3.4/jakarta.annotation-api-1.3.4.jar:/root/.m2/repository/org/glassfish/hk2/external/aopalliance-repackaged/2.5.0/aopalliance-repackaged-2.5.0.jar:/root/.m2/repository/com/fasterxml/jackson/dataformat/jackson-dataformat-xml/2.9.0/jackson-dataformat-xml-2.9.0.jar:/root/.m2/repository/com/fasterxml/jackson/core/jackson-core/2.9.5/jackson-core-2.9.5.jar:/root/.m2/repository/com/fasterxml/jackson/module/jackson-module-jaxb-annotations/2.9.5/jackson-module-jaxb-annotations-2.9.5.jar:/root/.m2/repository/javax/enterprise/cdi-api/1.2/cdi-api-1.2.jar:/root/.m2/repository/javax/el/javax.el-api/3.0.0/javax.el-api-3.0.0.jar:/root/.m2/repository/javax/interceptor/javax.interceptor-api/1.2/javax.interceptor-api-1.2.jar:/root/.m2/repository/javax/inject/javax.inject/1/javax.inject-1.jar:/root/.m2/repository/com/sun/xml/bind/jaxb-impl/2.3.0.1/jaxb-impl-2.3.0.1.jar:/root/.m2/repository/com/sun/xml/bind/jaxb-core/2.3.0.1/jaxb-core-2.3.0.1.jar:/root/.m2/repository/javax/xml/bind/jaxb-api/2.3.0/jaxb-api-2.3.0.jar:/root/.m2/repository/javax/activation/activation/1.1.1/activation-1.1.1.jar:/root/.m2/repository/org/apache/hadoop/hadoop-ozone-csi/0.5.0-SNAPSHOT/hadoop-ozone-csi-0.5.0-SNAPSHOT.jar:/root/.m2/repository/com/google/protobuf/protobuf-java-util/3.5.1/protobuf-java-util-3.5.1.jar:/root/.m2/repository/org/apache/hadoop/hadoop-hdds-config/0.5.0-SNAPSHOT/hadoop-hdds-config-0.5.0-SNAPSHOT.jar:/root/.m2/repository/com/google/guava/guava/11.0.2/guava-11.0.2.jar:/root/.m2/repository/com/google/protobuf/protobuf-java/2.5.0/protobuf-java-2.5.0.jar:/root/.m2/repository/io/grpc/grpc-netty/1.17.1/grpc-netty-1.17.1.jar:/root/.m2/repository/io/grpc/grpc-core/1.17.1/grpc-core-1.17.1.jar:/root/.m2/repository/io/grpc/grpc-context/1.17.1/grpc-context-1.17.1.jar:/root/.m2/repository/com/google/errorprone/error_prone_annotations/2.2.0/error_prone_annotations-2.2.0.jar:/root/.m2/repository/org/codehaus/mojo/animal-sniffer-annotations/1.17/animal-sniffer-annotations-1.17.jar:/root/.m2/repository/io/opencensus/opencensus-api/0.17.0/opencensus-api-0.17.0.jar:/root/.m2/repository/io/opencensus/opencensus-contrib-grpc-metrics/0.17.0/opencensus-contrib-grpc-metrics-0.17.0.jar:/root/.m2/repository/io/netty/netty-codec-http2/4.1.30.Final/netty-codec-http2-4.1.30.Final.jar:/root/.m2/repository/io/netty/netty-codec-http/4.1.30.Final/netty-codec-http-4.1.30.Final.jar:/root/.m2/repository/io/netty/netty-codec/4.1.30.Final/netty-codec-4.1.30.Final.jar:/root/.m2/repository/io/netty/netty-handler/4.1.30.Final/netty-handler-4.1.30.Final.jar:/root/.m2/repository/io/netty/netty-handler-proxy/4.1.30.Final/netty-handler-proxy-4.1.30.Final.jar:/root/.m2/repository/io/netty/netty-codec-socks/4.1.30.Final/netty-codec-socks-4.1.30.Final.jar:/root/.m2/repository/io/netty/netty-transport-native-epoll/4.1.30.Final/netty-transport-native-epoll-4.1.30.Final.jar:/root/.m2/repository/io/netty/netty-common/4.1.30.Final/netty-common-4.1.30.Final.jar:/root/.m2/repository/io/netty/netty-buffer/4.1.30.Final/netty-buffer-4.1.30.Final.jar:/root/.m2/repository/io/netty/netty-transport/4.1.30.Final/netty-transport-4.1.30.Final.jar:/root/.m2/repository/io/netty/netty-resolver/4.1.30.Final/netty-resolver-4.1.30.Final.jar:/root/.m2/repository/io/netty/netty-transport-native-unix-common/4.1.30.Final/netty-transport-native-unix-common-4.1.30.Final.jar:/root/.m2/repository/io/grpc/grpc-protobuf/1.17.1/grpc-protobuf-1.17.1.jar:/root/.m2/repository/com/google/api/grpc/proto-google-common-protos/1.0.0/proto-google-common-protos-1.0.0.jar:/root/.m2/repository/io/grpc/grpc-protobuf-lite/1.17.1/grpc-protobuf-lite-1.17.1.jar:/root/.m2/repository/io/grpc/grpc-stub/1.17.1/grpc-stub-1.17.1.jar:/root/.m2/repository/org/apache/hadoop/hadoop-ozone-recon/0.5.0-SNAPSHOT/hadoop-ozone-recon-0.5.0-SNAPSHOT.jar:/root/.m2/repository/org/apache/hadoop/hadoop-ozone-reconcodegen/0.5.0-SNAPSHOT/hadoop-ozone-reconcodegen-0.5.0-SNAPSHOT.jar:/root/.m2/repository/com/google/inject/extensions/guice-multibindings/4.0/guice-multibindings-4.0.jar:/root/.m2/repository/com/google/inject/guice/4.0/guice-4.0.jar:/root/.m2/repository/aopalliance/aopalliance/1.0/aopalliance-1.0.jar:/root/.m2/repository/com/google/inject/extensions/guice-servlet/4.0/guice-servlet-4.0.jar:/root/.m2/repository/org/glassfish/jersey/containers/jersey-container-servlet/2.27/jersey-container-servlet-2.27.jar:/root/.m2/repository/org/glassfish/hk2/guice-bridge/2.5.0/guice-bridge-2.5.0.jar:/root/.m2/repository/org/glassfish/jersey/core/jersey-server/2.27/jersey-server-2.27.jar:/root/.m2/repository/org/glassfish/jersey/core/jersey-client/2.27/jersey-client-2.27.jar:/root/.m2/repository/org/glassfish/jersey/media/jersey-media-jaxb/2.27/jersey-media-jaxb-2.27.jar:/root/.m2/repository/javax/validation/validation-api/1.1.0.Final/validation-api-1.1.0.Final.jar:/root/.m2/repository/org/glassfish/jersey/media/jersey-media-json-jackson/2.27/jersey-media-json-jackson-2.27.jar:/root/.m2/repository/org/glassfish/jersey/ext/jersey-entity-filtering/2.27/jersey-entity-filtering-2.27.jar:/root/.m2/repository/com/google/inject/extensions/guice-assistedinject/4.0/guice-assistedinject-4.0.jar:/root/.m2/repository/org/jooq/jooq/3.11.10/jooq-3.11.10.jar:/root/.m2/repository/org/jooq/jooq-meta/3.11.10/jooq-meta-3.11.10.jar:/root/.m2/repository/org/jooq/jooq-codegen/3.11.10/jooq-codegen-3.11.10.jar:/root/.m2/repository/com/jolbox/bonecp/0.8.0.RELEASE/bonecp-0.8.0.RELEASE.jar:/root/.m2/repository/org/xerial/sqlite-jdbc/3.25.2/sqlite-jdbc-3.25.2.jar:/root/.m2/repository/org/springframework/spring-jdbc/5.1.3.RELEASE/spring-jdbc-5.1.3.RELEASE.jar:/root/.m2/repository/org/springframework/spring-beans/5.1.3.RELEASE/spring-beans-5.1.3.RELEASE.jar:/root/.m2/repository/org/springframework/spring-core/5.1.3.RELEASE/spring-core-5.1.3.RELEASE.jar:/root/.m2/repository/org/springframework/spring-jcl/5.1.3.RELEASE/spring-jcl-5.1.3.RELEASE.jar:/root/.m2/repository/org/springframework/spring-tx/5.1.3.RELEASE/spring-tx-5.1.3.RELEASE.jar:/root/.m2/repository/org/apache/hadoop/hadoop-ozone-client/0.5.0-SNAPSHOT/hadoop-ozone-client-0.5.0-SNAPSHOT.jar:/root/.m2/repository/org/apache/hadoop/hadoop-ozone-ozone-manager/0.5.0-SNAPSHOT/hadoop-ozone-ozone-manager-0.5.0-SNAPSHOT-tests.jar:/root/.m2/repository/junit/junit/4.11/junit-4.11.jar:/root/.m2/repository/org/hamcrest/hamcrest-core/1.3/hamcrest-core-1.3.jar:/root/.m2/repository/org/openjdk/jmh/jmh-core/1.19/jmh-core-1.19.jar:/root/.m2/repository/net/sf/jopt-simple/jopt-simple/4.6/jopt-simple-4.6.jar:/root/.m2/repository/org/apache/commons/commons-math3/3.1.1/commons-math3-3.1.1.jar:/root/.m2/repository/org/openjdk/jmh/jmh-generator-annprocess/1.19/jmh-generator-annprocess-1.19.jar:/root/.m2/repository/org/mockito/mockito-all/1.8.5/mockito-all-1.8.5.jar:/root/.m2/repository/org/apache/hadoop/hadoop-kms/3.2.0/hadoop-kms-3.2.0.jar:/root/.m2/repository/org/apache/hadoop/hadoop-auth/3.2.0/hadoop-auth-3.2.0.jar:/root/.m2/repository/com/nimbusds/nimbus-jose-jwt/4.41.1/nimbus-jose-jwt-4.41.1.jar:/root/.m2/repository/com/github/stephenc/jcip/jcip-annotations/1.0-1/jcip-annotations-1.0-1.jar:/root/.m2/repository/net/minidev/json-smart/2.3/json-smart-2.3.jar:/root/.m2/repository/net/minidev/accessors-smart/1.2/accessors-smart-1.2.jar:/root/.m2/repository/org/ow2/asm/asm/5.0.4/asm-5.0.4.jar:/root/.m2/repository/org/apache/curator/curator-framework/2.12.0/curator-framework-2.12.0.jar:/root/.m2/repository/com/sun/jersey/jersey-core/1.19/jersey-core-1.19.jar:/root/.m2/repository/javax/ws/rs/jsr311-api/1.1.1/jsr311-api-1.1.1.jar:/root/.m2/repository/com/sun/jersey/jersey-server/1.19/jersey-server-1.19.jar:/root/.m2/repository/javax/servlet/javax.servlet-api/3.1.0/javax.servlet-api-3.1.0.jar:/root/.m2/repository/org/eclipse/jetty/jetty-server/9.3.24.v20180605/jetty-server-9.3.24.v20180605.jar:/root/.m2/repository/org/eclipse/jetty/jetty-http/9.3.24.v20180605/jetty-http-9.3.24.v20180605.jar:/root/.m2/repository/org/eclipse/jetty/jetty-io/9.3.24.v20180605/jetty-io-9.3.24.v20180605.jar:/root/.m2/repository/org/eclipse/jetty/jetty-webapp/9.3.24.v20180605/jetty-webapp-9.3.24.v20180605.jar:/root/.m2/repository/org/eclipse/jetty/jetty-xml/9.3.24.v20180605/jetty-xml-9.3.24.v20180605.jar:/root/.m2/repository/log4j/log4j/1.2.17/log4j-1.2.17.jar:/root/.m2/repository/org/slf4j/slf4j-api/1.7.25/slf4j-api-1.7.25.jar:/root/.m2/repository/org/slf4j/jul-to-slf4j/1.7.25/jul-to-slf4j-1.7.25.jar:/root/.m2/repository/org/eclipse/jetty/jetty-util/9.3.24.v20180605/jetty-util-9.3.24.v20180605.jar:/root/.m2/repository/io/dropwizard/metrics/metrics-core/3.2.4/metrics-core-3.2.4.jar:/root/.m2/repository/com/fasterxml/jackson/core/jackson-databind/2.9.5/jackson-databind-2.9.5.jar:/root/.m2/repository/org/apache/hadoop/hadoop-kms/3.2.0/hadoop-kms-3.2.0-tests.jar:/root/.m2/repository/org/apache/hadoop/hadoop-hdds-server-scm/0.5.0-SNAPSHOT/hadoop-hdds-server-scm-0.5.0-SNAPSHOT-tests.jar:/root/.m2/repository/org/hamcrest/hamcrest-all/1.3/hamcrest-all-1.3.jar:/root/.m2/repository/info/picocli/picocli/3.9.6/picocli-3.9.6.jar:/root/.m2/repository/org/apache/hadoop/hadoop-hdds-container-service/0.5.0-SNAPSHOT/hadoop-hdds-container-service-0.5.0-SNAPSHOT-tests.jar:/root/.m2/repository/org/yaml/snakeyaml/1.16/snakeyaml-1.16.jar:/root/.m2/repository/org/apache/hadoop/hadoop-common/3.2.0/hadoop-common-3.2.0-tests.jar:/root/.m2/repository/org/apache/hadoop/hadoop-annotations/3.2.0/hadoop-annotations-3.2.0.jar:/usr/lib/jvm/java-1.8-openjdk/jre/../lib/tools.jar:/root/.m2/repository/commons-cli/commons-cli/1.2/commons-cli-1.2.jar:/root/.m2/repository/org/apache/httpcomponents/httpclient/4.5.2/httpclient-4.5.2.jar:/root/.m2/repository/org/apache/httpcomponents/httpcore/4.4.4/httpcore-4.4.4.jar:/root/.m2/repository/commons-codec/commons-codec/1.11/commons-codec-1.11.jar:/root/.m2/repository/commons-net/commons-net/3.6/commons-net-3.6.jar:/root/.m2/repository/commons-collections/commons-collections/3.2.2/commons-collections-3.2.2.jar:/root/.m2/repository/org/eclipse/jetty/jetty-servlet/9.3.24.v20180605/jetty-servlet-9.3.24.v20180605.jar:/root/.m2/repository/org/eclipse/jetty/jetty-security/9.3.24.v20180605/jetty-security-9.3.24.v20180605.jar:/root/.m2/repository/javax/servlet/jsp/jsp-api/2.1/jsp-api-2.1.jar:/root/.m2/repository/com/sun/jersey/jersey-servlet/1.19/jersey-servlet-1.19.jar:/root/.m2/repository/com/sun/jersey/jersey-json/1.19/jersey-json-1.19.jar:/root/.m2/repository/org/codehaus/jettison/jettison/1.1/jettison-1.1.jar:/root/.m2/repository/org/codehaus/jackson/jackson-core-asl/1.9.13/jackson-core-asl-1.9.13.jar:/root/.m2/repository/org/codehaus/jackson/jackson-mapper-asl/1.9.13/jackson-mapper-asl-1.9.13.jar:/root/.m2/repository/org/codehaus/jackson/jackson-jaxrs/1.9.13/jackson-jaxrs-1.9.13.jar:/root/.m2/repository/org/codehaus/jackson/jackson-xc/1.9.13/jackson-xc-1.9.13.jar:/root/.m2/repository/commons-logging/commons-logging/1.1.3/commons-logging-1.1.3.jar:/root/.m2/repository/commons-beanutils/commons-beanutils/1.9.3/commons-beanutils-1.9.3.jar:/root/.m2/repository/org/apache/commons/commons-configuration2/2.1.1/commons-configuration2-2.1.1.jar:/root/.m2/repository/org/apache/commons/commons-lang3/3.7/commons-lang3-3.7.jar:/root/.m2/repository/org/apache/commons/commons-text/1.4/commons-text-1.4.jar:/root/.m2/repository/org/apache/avro/avro/1.7.7/avro-1.7.7.jar:/root/.m2/repository/com/thoughtworks/paranamer/paranamer/2.3/paranamer-2.3.jar:/root/.m2/repository/org/xerial/snappy/snappy-java/1.0.5/snappy-java-1.0.5.jar:/root/.m2/repository/com/google/re2j/re2j/1.1/re2j-1.1.jar:/root/.m2/repository/com/google/code/gson/gson/2.2.4/gson-2.2.4.jar:/root/.m2/repository/com/jcraft/jsch/0.1.54/jsch-0.1.54.jar:/root/.m2/repository/org/apache/curator/curator-client/2.12.0/curator-client-2.12.0.jar:/root/.m2/repository/org/apache/curator/curator-recipes/2.12.0/curator-recipes-2.12.0.jar:/root/.m2/repository/com/google/code/findbugs/jsr305/3.0.0/jsr305-3.0.0.jar:/root/.m2/repository/org/apache/htrace/htrace-core4/4.1.0-incubating/htrace-core4-4.1.0-incubating.jar:/root/.m2/repository/org/apache/zookeeper/zookeeper/3.4.13/zookeeper-3.4.13.jar:/root/.m2/repository/org/apache/yetus/audience-annotations/0.5.0/audience-annotations-0.5.0.jar:/root/.m2/repository/org/codehaus/woodstox/stax2-api/3.1.4/stax2-api-3.1.4.jar:/root/.m2/repository/com/fasterxml/woodstox/woodstox-core/5.0.3/woodstox-core-5.0.3.jar:/root/.m2/repository/dnsjava/dnsjava/2.1.7/dnsjava-2.1.7.jar:/root/.m2/repository/org/apache/hadoop/hadoop-hdfs/3.2.0/hadoop-hdfs-3.2.0-tests.jar:/root/.m2/repository/org/eclipse/jetty/jetty-util-ajax/9.3.24.v20180605/jetty-util-ajax-9.3.24.v20180605.jar:/root/.m2/repository/commons-daemon/commons-daemon/1.0.13/commons-daemon-1.0.13.jar:/root/.m2/repository/io/netty/netty/3.10.5.Final/netty-3.10.5.Final.jar:/root/.m2/repository/io/netty/netty-all/4.0.52.Final/netty-all-4.0.52.Final.jar:/root/.m2/repository/org/fusesource/leveldbjni/leveldbjni-all/1.8/leveldbjni-all-1.8.jar:"/>
    <property name="sun.cpu.endian" value="little"/>
    <property name="user.home" value="/root"/>
    <property name="user.language" value="en"/>
    <property name="java.specification.vendor" value="Oracle Corporation"/>
    <property name="java.home" value="/usr/lib/jvm/java-1.8-openjdk/jre"/>
    <property name="java.security.krb5.conf" value="/opt/src/hadoop-ozone/integration-test/target/test-classes/krb5.conf"/>
    <property name="basedir" value="/opt/src/hadoop-ozone/integration-test"/>
    <property name="file.separator" value="/"/>
    <property name="line.separator" value="&#10;"/>
    <property name="java.vm.specification.vendor" value="Oracle Corporation"/>
    <property name="java.specification.name" value="Java Platform API Specification"/>
    <property name="java.awt.graphicsenv" value="sun.awt.X11GraphicsEnvironment"/>
    <property name="surefire.real.class.path" value="/opt/src/hadoop-ozone/integration-test/target/surefire/surefirebooter2352535048647300377.jar"/>
    <property name="hadoop.log.dir" value="/opt/src/hadoop-ozone/integration-test/target/log"/>
    <property name="sun.boot.class.path" value="/usr/lib/jvm/java-1.8-openjdk/jre/lib/resources.jar:/usr/lib/jvm/java-1.8-openjdk/jre/lib/rt.jar:/usr/lib/jvm/java-1.8-openjdk/jre/lib/sunrsasign.jar:/usr/lib/jvm/java-1.8-openjdk/jre/lib/jsse.jar:/usr/lib/jvm/java-1.8-openjdk/jre/lib/jce.jar:/usr/lib/jvm/java-1.8-openjdk/jre/lib/charsets.jar:/usr/lib/jvm/java-1.8-openjdk/jre/lib/jfr.jar:/usr/lib/jvm/java-1.8-openjdk/jre/classes"/>
    <property name="sun.management.compiler" value="HotSpot 64-Bit Tiered Compilers"/>
    <property name="java.runtime.version" value="1.8.0_212-b04"/>
    <property name="java.net.preferIPv4Stack" value="true"/>
    <property name="user.name" value="root"/>
    <property name="path.separator" value=":"/>
    <property name="java.security.egd" value="file:///dev/urandom"/>
    <property name="os.version" value="4.15.0-1021-aws"/>
    <property name="java.endorsed.dirs" value="/usr/lib/jvm/java-1.8-openjdk/jre/lib/endorsed"/>
    <property name="java.runtime.name" value="OpenJDK Runtime Environment"/>
    <property name="file.encoding" value="UTF-8"/>
    <property name="java.vm.name" value="OpenJDK 64-Bit Server VM"/>
    <property name="test.build.webapps" value=""/>
    <property name="localRepository" value="/root/.m2/repository"/>
    <property name="java.vendor.url.bug" value="https://icedtea.classpath.org/bugzilla"/>
    <property name="java.io.tmpdir" value="/tmp"/>
    <property name="require.test.libhadoop" value=""/>
    <property name="java.version" value="1.8.0_212"/>
    <property name="user.dir" value="/opt/src/hadoop-ozone/integration-test"/>
    <property name="os.arch" value="amd64"/>
    <property name="java.vm.specification.name" value="Java Virtual Machine Specification"/>
    <property name="test.build.classes" value="/opt/src/hadoop-ozone/integration-test/target/test-classes"/>
    <property name="java.awt.printerjob" value="sun.print.PSPrinterJob"/>
    <property name="sun.os.patch.level" value="unknown"/>
    <property name="hadoop.tmp.dir" value="/opt/src/hadoop-ozone/integration-test/target/tmp"/>
    <property name="java.library.path" value="/usr/lib/jvm/java-1.8-openjdk/jre/lib/amd64/server:/usr/lib/jvm/java-1.8-openjdk/jre/lib/amd64:/usr/lib/jvm/java-1.8-openjdk/jre/../lib/amd64:/opt/src/hadoop-ozone/integration-test/target/native/target/usr/local/lib:/opt/src/hadoop-ozone/integration-test/../../hadoop-common-project/hadoop-common/target/native/target/usr/local/lib:/usr/java/packages/lib/amd64:/usr/lib64:/lib64:/lib:/usr/lib"/>
    <property name="java.vm.info" value="mixed mode"/>
    <property name="java.vendor" value="IcedTea"/>
    <property name="java.vm.version" value="25.212-b04"/>
    <property name="java.ext.dirs" value="/usr/lib/jvm/java-1.8-openjdk/jre/lib/ext:/usr/java/packages/lib/ext"/>
    <property name="sun.io.unicode.encoding" value="UnicodeLittle"/>
    <property name="java.class.version" value="52.0"/>
  </properties>
  <testcase name="testPipelineFail" classname="org.apache.hadoop.hdds.scm.pipeline.TestNodeFailure" time="0">
    <skipped/>
    <system-out><![CDATA[2019-06-14 01:47:17,730 WARN  server.ServerUtils (ServerUtils.java:getScmDbDir(145)) - ozone.scm.db.dirs is not configured. We recommend adding this setting. Falling back to ozone.metadata.dirs instead.
2019-06-14 01:47:17,845 WARN  server.ServerUtils (ServerUtils.java:getScmDbDir(145)) - ozone.scm.db.dirs is not configured. We recommend adding this setting. Falling back to ozone.metadata.dirs instead.
2019-06-14 01:47:17,849 WARN  server.ServerUtils (ServerUtils.java:getScmDbDir(145)) - ozone.scm.db.dirs is not configured. We recommend adding this setting. Falling back to ozone.metadata.dirs instead.
2019-06-14 01:47:17,868 INFO  util.log (Log.java:initialized(192)) - Logging initialized @986ms
2019-06-14 01:47:17,976 INFO  db.DBStoreBuilder (DBStoreBuilder.java:addTable(110)) - using custom profile for table: deletedBlocks
2019-06-14 01:47:17,976 INFO  db.DBStoreBuilder (DBStoreBuilder.java:processTables(161)) - Using default column profile:DBProfile.DISK for Table:deletedBlocks
2019-06-14 01:47:17,977 INFO  db.DBStoreBuilder (DBStoreBuilder.java:addTable(110)) - using custom profile for table: validCerts
2019-06-14 01:47:17,977 INFO  db.DBStoreBuilder (DBStoreBuilder.java:processTables(161)) - Using default column profile:DBProfile.DISK for Table:validCerts
2019-06-14 01:47:17,977 INFO  db.DBStoreBuilder (DBStoreBuilder.java:addTable(110)) - using custom profile for table: revokedCerts
2019-06-14 01:47:17,978 INFO  db.DBStoreBuilder (DBStoreBuilder.java:processTables(161)) - Using default column profile:DBProfile.DISK for Table:revokedCerts
2019-06-14 01:47:17,991 INFO  db.DBStoreBuilder (DBStoreBuilder.java:addTable(110)) - using custom profile for table: default
2019-06-14 01:47:17,991 INFO  db.DBStoreBuilder (DBStoreBuilder.java:processTables(167)) - Using default column profile:DBProfile.DISK for Table:default
2019-06-14 01:47:17,993 INFO  db.DBStoreBuilder (DBStoreBuilder.java:getDbProfile(198)) - Using default options. DBProfile.DISK
2019-06-14 01:47:18,093 INFO  node.SCMNodeManager (SCMNodeManager.java:<init>(108)) - Entering startup safe mode.
2019-06-14 01:47:18,182 INFO  net.NodeSchemaLoader (NodeSchemaLoader.java:loadSchemaFromFile(125)) - Loading file from sun.misc.CompoundEnumeration@443118b0
2019-06-14 01:47:18,184 INFO  net.NodeSchemaLoader (NodeSchemaLoader.java:loadSchema(171)) - Loading network topology layer schema file
2019-06-14 01:47:18,256 WARN  server.ServerUtils (ServerUtils.java:getScmDbDir(145)) - ozone.scm.db.dirs is not configured. We recommend adding this setting. Falling back to ozone.metadata.dirs instead.
2019-06-14 01:47:18,278 INFO  pipeline.SCMPipelineManager (SCMPipelineManager.java:initializePipelineState(126)) - No pipeline exists in current db
2019-06-14 01:47:18,280 WARN  server.ServerUtils (ServerUtils.java:getScmDbDir(145)) - ozone.scm.db.dirs is not configured. We recommend adding this setting. Falling back to ozone.metadata.dirs instead.
2019-06-14 01:47:18,338 WARN  events.EventQueue (EventQueue.java:fireEvent(175)) - No event handler registered for event TypedEvent{payloadType=SafeModeStatus, name='SafeModeStatus'}
2019-06-14 01:47:18,674 INFO  ipc.CallQueueManager (CallQueueManager.java:<init>(84)) - Using callQueue: class java.util.concurrent.LinkedBlockingQueue, queueCapacity: 2000, scheduler: class org.apache.hadoop.ipc.DefaultRpcScheduler, ipcBackoff: false.
2019-06-14 01:47:18,701 INFO  ipc.Server (Server.java:run(1074)) - Starting Socket Reader #1 for port 39343
2019-06-14 01:47:18,724 INFO  ipc.CallQueueManager (CallQueueManager.java:<init>(84)) - Using callQueue: class java.util.concurrent.LinkedBlockingQueue, queueCapacity: 2000, scheduler: class org.apache.hadoop.ipc.DefaultRpcScheduler, ipcBackoff: false.
2019-06-14 01:47:18,733 INFO  ipc.Server (Server.java:run(1074)) - Starting Socket Reader #1 for port 45507
2019-06-14 01:47:18,746 INFO  ipc.CallQueueManager (CallQueueManager.java:<init>(84)) - Using callQueue: class java.util.concurrent.LinkedBlockingQueue, queueCapacity: 2000, scheduler: class org.apache.hadoop.ipc.DefaultRpcScheduler, ipcBackoff: false.
2019-06-14 01:47:18,797 INFO  ipc.Server (Server.java:run(1074)) - Starting Socket Reader #1 for port 37753
2019-06-14 01:47:18,860 INFO  hdfs.DFSUtil (DFSUtil.java:httpServerTemplateForNNAndJN(1641)) - Starting Web-server for scm at: http://0.0.0.0:0
2019-06-14 01:47:19,132 INFO  server.AuthenticationFilter (AuthenticationFilter.java:constructSecretProvider(240)) - Unable to initialize FileSignerSecretProvider, falling back to use random secrets.
2019-06-14 01:47:19,146 WARN  http.HttpRequestLog (HttpRequestLog.java:getRequestLog(97)) - Jetty request log can only be enabled using Log4j
2019-06-14 01:47:19,170 INFO  http.HttpServer2 (HttpServer2.java:addGlobalFilter(975)) - Added global filter 'safety' (class=org.apache.hadoop.http.HttpServer2$QuotingInputFilter)
2019-06-14 01:47:19,181 INFO  http.HttpServer2 (HttpServer2.java:addFilter(948)) - Added filter static_user_filter (class=org.apache.hadoop.http.lib.StaticUserWebFilter$StaticUserFilter) to context scm
2019-06-14 01:47:19,182 INFO  http.HttpServer2 (HttpServer2.java:addFilter(958)) - Added filter static_user_filter (class=org.apache.hadoop.http.lib.StaticUserWebFilter$StaticUserFilter) to context logs
2019-06-14 01:47:19,182 INFO  http.HttpServer2 (HttpServer2.java:addFilter(958)) - Added filter static_user_filter (class=org.apache.hadoop.http.lib.StaticUserWebFilter$StaticUserFilter) to context static
2019-06-14 01:47:19,218 INFO  server.StorageContainerManager (StorageContainerManager.java:start(752)) - StorageContainerLocationProtocol RPC server is listening at /0.0.0.0:37753
2019-06-14 01:47:19,268 WARN  impl.MetricsConfig (MetricsConfig.java:loadFirst(134)) - Cannot locate configuration: tried hadoop-metrics2-storagecontainermanager.properties,hadoop-metrics2.properties
2019-06-14 01:47:19,282 INFO  impl.MetricsSystemImpl (MetricsSystemImpl.java:startTimer(374)) - Scheduled Metric snapshot period at 10 second(s).
2019-06-14 01:47:19,283 INFO  impl.MetricsSystemImpl (MetricsSystemImpl.java:start(191)) - StorageContainerManager metrics system started
2019-06-14 01:47:19,527 INFO  server.SCMClientProtocolServer (SCMClientProtocolServer.java:start(149)) - RPC server for Client  is listening at /0.0.0.0:37753
2019-06-14 01:47:19,528 INFO  ipc.Server (Server.java:run(1153)) - IPC Server listener on 37753: starting
2019-06-14 01:47:19,529 INFO  ipc.Server (Server.java:run(1314)) - IPC Server Responder: starting
2019-06-14 01:47:19,536 INFO  server.StorageContainerManager (StorageContainerManager.java:start(761)) - ScmBlockLocationProtocol RPC server is listening at /0.0.0.0:45507
2019-06-14 01:47:19,536 INFO  server.SCMBlockProtocolServer (SCMBlockProtocolServer.java:start(137)) - RPC server for Block Protocol is listening at /0.0.0.0:45507
2019-06-14 01:47:19,536 INFO  ipc.Server (Server.java:run(1314)) - IPC Server Responder: starting
2019-06-14 01:47:19,537 INFO  ipc.Server (Server.java:run(1153)) - IPC Server listener on 45507: starting
2019-06-14 01:47:19,543 INFO  server.StorageContainerManager (StorageContainerManager.java:start(765)) - ScmDatanodeProtocl RPC server is listening at /0.0.0.0:39343
2019-06-14 01:47:19,544 INFO  server.SCMDatanodeProtocolServer (SCMDatanodeProtocolServer.java:start(191)) - RPC server for DataNodes is listening at /0.0.0.0:39343
2019-06-14 01:47:19,544 INFO  ipc.Server (Server.java:run(1314)) - IPC Server Responder: starting
2019-06-14 01:47:19,544 INFO  ipc.Server (Server.java:run(1153)) - IPC Server listener on 39343: starting
2019-06-14 01:47:19,556 INFO  http.HttpServer2 (HttpServer2.java:bindListener(1191)) - Jetty bound to port 36957
2019-06-14 01:47:19,558 INFO  server.Server (Server.java:doStart(351)) - jetty-9.3.24.v20180605, build timestamp: 2018-06-05T17:11:56Z, git hash: 84205aa28f11a4f31f2a3b86d1bba2cc8ab69827
2019-06-14 01:47:19,600 INFO  handler.ContextHandler (ContextHandler.java:doStart(781)) - Started o.e.j.s.ServletContextHandler@2df6226d{/logs,file:///opt/src/hadoop-ozone/integration-test/target/log,AVAILABLE}
2019-06-14 01:47:19,602 INFO  handler.ContextHandler (ContextHandler.java:doStart(781)) - Started o.e.j.s.ServletContextHandler@4ff4357f{/static,file:///opt/src/hadoop-ozone/integration-test/target/test-classes/webapps/static,AVAILABLE}
2019-06-14 01:47:19,638 INFO  handler.ContextHandler (ContextHandler.java:doStart(781)) - Started o.e.j.w.WebAppContext@34645867{/,file:///opt/src/hadoop-ozone/integration-test/target/test-classes/webapps/scm/,AVAILABLE}{/scm}
2019-06-14 01:47:19,644 INFO  server.AbstractConnector (AbstractConnector.java:doStart(278)) - Started ServerConnector@66629f63{HTTP/1.1,[http/1.1]}{0.0.0.0:36957}
2019-06-14 01:47:19,644 INFO  server.Server (Server.java:doStart(419)) - Started @2762ms
2019-06-14 01:47:19,677 INFO  server.BaseHttpServer (BaseHttpServer.java:updateConnectorAddress(207)) - HTTP server of SCM is listening at http://0.0.0.0:36957
2019-06-14 01:47:19,683 INFO  util.JvmPauseMonitor (JvmPauseMonitor.java:run(188)) - Starting JVM pause monitor
2019-06-14 01:47:19,685 WARN  scm.ScmUtils (ScmUtils.java:getDBPath(63)) - ozone.om.db.dirs is not configured. We recommend adding this setting. Falling back to ozone.metadata.dirs instead.
2019-06-14 01:47:19,758 WARN  scm.ScmUtils (ScmUtils.java:getDBPath(63)) - ozone.om.db.dirs is not configured. We recommend adding this setting. Falling back to ozone.metadata.dirs instead.
2019-06-14 01:47:19,759 INFO  om.OzoneManager (OzoneManager.java:setOMNodeDetails(519)) - OM Service ID is not set. Setting it to the default ID: omServiceIdDefault
2019-06-14 01:47:19,759 INFO  om.OzoneManager (OzoneManager.java:setOMNodeDetails(525)) - OM Node ID is not set. Setting it to the OmStorage's OmID: ab0ae430-dbc1-4f84-b8a1-9382816b072f
2019-06-14 01:47:19,761 WARN  scm.HddsServerUtil (HddsServerUtil.java:getDefaultRatisDirectory(354)) - Storage directory for Ratis is not configured. It is a good idea to map this to an SSD disk. Falling back to ozone.metadata.dirs
2019-06-14 01:47:19,761 WARN  scm.HddsServerUtil (HddsServerUtil.java:getDefaultRatisDirectory(354)) - Storage directory for Ratis is not configured. It is a good idea to map this to an SSD disk. Falling back to ozone.metadata.dirs
2019-06-14 01:47:19,761 INFO  om.OzoneManager (OzoneManager.java:loadOMHAConfigs(476)) - Found matching OM address with OMServiceId: null, OMNodeId: null, RPC Address: localhost:0 and Ratis port: 9872
2019-06-14 01:47:19,940 WARN  scm.ScmUtils (ScmUtils.java:getDBPath(63)) - ozone.om.db.dirs is not configured. We recommend adding this setting. Falling back to ozone.metadata.dirs instead.
2019-06-14 01:47:19,946 INFO  db.DBStoreBuilder (DBStoreBuilder.java:addTable(110)) - using custom profile for table: userTable
2019-06-14 01:47:19,946 INFO  db.DBStoreBuilder (DBStoreBuilder.java:processTables(161)) - Using default column profile:DBProfile.DISK for Table:userTable
2019-06-14 01:47:19,946 INFO  db.DBStoreBuilder (DBStoreBuilder.java:addTable(110)) - using custom profile for table: volumeTable
2019-06-14 01:47:19,946 INFO  db.DBStoreBuilder (DBStoreBuilder.java:processTables(161)) - Using default column profile:DBProfile.DISK for Table:volumeTable
2019-06-14 01:47:19,946 INFO  db.DBStoreBuilder (DBStoreBuilder.java:addTable(110)) - using custom profile for table: bucketTable
2019-06-14 01:47:19,947 INFO  db.DBStoreBuilder (DBStoreBuilder.java:processTables(161)) - Using default column profile:DBProfile.DISK for Table:bucketTable
2019-06-14 01:47:19,947 INFO  db.DBStoreBuilder (DBStoreBuilder.java:addTable(110)) - using custom profile for table: keyTable
2019-06-14 01:47:19,947 INFO  db.DBStoreBuilder (DBStoreBuilder.java:processTables(161)) - Using default column profile:DBProfile.DISK for Table:keyTable
2019-06-14 01:47:19,947 INFO  db.DBStoreBuilder (DBStoreBuilder.java:addTable(110)) - using custom profile for table: deletedTable
2019-06-14 01:47:19,948 INFO  db.DBStoreBuilder (DBStoreBuilder.java:processTables(161)) - Using default column profile:DBProfile.DISK for Table:deletedTable
2019-06-14 01:47:19,948 INFO  db.DBStoreBuilder (DBStoreBuilder.java:addTable(110)) - using custom profile for table: openKeyTable
2019-06-14 01:47:19,948 INFO  db.DBStoreBuilder (DBStoreBuilder.java:processTables(161)) - Using default column profile:DBProfile.DISK for Table:openKeyTable
2019-06-14 01:47:19,948 INFO  db.DBStoreBuilder (DBStoreBuilder.java:addTable(110)) - using custom profile for table: s3Table
2019-06-14 01:47:19,949 INFO  db.DBStoreBuilder (DBStoreBuilder.java:processTables(161)) - Using default column profile:DBProfile.DISK for Table:s3Table
2019-06-14 01:47:19,949 INFO  db.DBStoreBuilder (DBStoreBuilder.java:addTable(110)) - using custom profile for table: multipartInfoTable
2019-06-14 01:47:19,949 INFO  db.DBStoreBuilder (DBStoreBuilder.java:processTables(161)) - Using default column profile:DBProfile.DISK for Table:multipartInfoTable
2019-06-14 01:47:19,949 INFO  db.DBStoreBuilder (DBStoreBuilder.java:addTable(110)) - using custom profile for table: dTokenTable
2019-06-14 01:47:19,950 INFO  db.DBStoreBuilder (DBStoreBuilder.java:processTables(161)) - Using default column profile:DBProfile.DISK for Table:dTokenTable
2019-06-14 01:47:19,950 INFO  db.DBStoreBuilder (DBStoreBuilder.java:addTable(110)) - using custom profile for table: s3SecretTable
2019-06-14 01:47:19,950 INFO  db.DBStoreBuilder (DBStoreBuilder.java:processTables(161)) - Using default column profile:DBProfile.DISK for Table:s3SecretTable
2019-06-14 01:47:19,950 INFO  db.DBStoreBuilder (DBStoreBuilder.java:addTable(110)) - using custom profile for table: prefixTable
2019-06-14 01:47:19,951 INFO  db.DBStoreBuilder (DBStoreBuilder.java:processTables(161)) - Using default column profile:DBProfile.DISK for Table:prefixTable
2019-06-14 01:47:19,951 INFO  db.DBStoreBuilder (DBStoreBuilder.java:addTable(110)) - using custom profile for table: default
2019-06-14 01:47:19,951 INFO  db.DBStoreBuilder (DBStoreBuilder.java:processTables(167)) - Using default column profile:DBProfile.DISK for Table:default
2019-06-14 01:47:19,951 INFO  db.DBStoreBuilder (DBStoreBuilder.java:getDbProfile(198)) - Using default options. DBProfile.DISK
2019-06-14 01:47:20,424 INFO  ipc.CallQueueManager (CallQueueManager.java:<init>(84)) - Using callQueue: class java.util.concurrent.LinkedBlockingQueue, queueCapacity: 2000, scheduler: class org.apache.hadoop.ipc.DefaultRpcScheduler, ipcBackoff: false.
2019-06-14 01:47:20,424 INFO  ipc.Server (Server.java:run(1074)) - Starting Socket Reader #1 for port 34313
2019-06-14 01:47:20,447 WARN  scm.ScmUtils (ScmUtils.java:getDBPath(63)) - ozone.om.db.dirs is not configured. We recommend adding this setting. Falling back to ozone.metadata.dirs instead.
2019-06-14 01:47:20,448 INFO  om.OzoneManager (OzoneManager.java:start(1217)) - OzoneManager RPC server is listening at localhost/127.0.0.1:34313
2019-06-14 01:47:20,448 INFO  impl.MetricsSystemImpl (MetricsSystemImpl.java:init(158)) - OzoneManager metrics system started (again)
2019-06-14 01:47:20,449 INFO  ipc.Server (Server.java:run(1314)) - IPC Server Responder: starting
2019-06-14 01:47:20,449 INFO  ipc.Server (Server.java:run(1153)) - IPC Server listener on 34313: starting
2019-06-14 01:47:20,460 INFO  hdfs.DFSUtil (DFSUtil.java:httpServerTemplateForNNAndJN(1641)) - Starting Web-server for ozoneManager at: http://0.0.0.0:0
2019-06-14 01:47:20,462 INFO  server.AuthenticationFilter (AuthenticationFilter.java:constructSecretProvider(240)) - Unable to initialize FileSignerSecretProvider, falling back to use random secrets.
2019-06-14 01:47:20,463 WARN  http.HttpRequestLog (HttpRequestLog.java:getRequestLog(97)) - Jetty request log can only be enabled using Log4j
2019-06-14 01:47:20,466 INFO  http.HttpServer2 (HttpServer2.java:addGlobalFilter(975)) - Added global filter 'safety' (class=org.apache.hadoop.http.HttpServer2$QuotingInputFilter)
2019-06-14 01:47:20,467 INFO  http.HttpServer2 (HttpServer2.java:addFilter(948)) - Added filter static_user_filter (class=org.apache.hadoop.http.lib.StaticUserWebFilter$StaticUserFilter) to context ozoneManager
2019-06-14 01:47:20,467 INFO  http.HttpServer2 (HttpServer2.java:addFilter(958)) - Added filter static_user_filter (class=org.apache.hadoop.http.lib.StaticUserWebFilter$StaticUserFilter) to context static
2019-06-14 01:47:20,467 INFO  http.HttpServer2 (HttpServer2.java:addFilter(958)) - Added filter static_user_filter (class=org.apache.hadoop.http.lib.StaticUserWebFilter$StaticUserFilter) to context logs
2019-06-14 01:47:20,469 INFO  http.HttpServer2 (HttpServer2.java:bindListener(1191)) - Jetty bound to port 43971
2019-06-14 01:47:20,469 INFO  server.Server (Server.java:doStart(351)) - jetty-9.3.24.v20180605, build timestamp: 2018-06-05T17:11:56Z, git hash: 84205aa28f11a4f31f2a3b86d1bba2cc8ab69827
2019-06-14 01:47:20,471 INFO  handler.ContextHandler (ContextHandler.java:doStart(781)) - Started o.e.j.s.ServletContextHandler@bcb09a6{/logs,file:///opt/src/hadoop-ozone/integration-test/target/log,AVAILABLE}
2019-06-14 01:47:20,472 INFO  handler.ContextHandler (ContextHandler.java:doStart(781)) - Started o.e.j.s.ServletContextHandler@a619c2{/static,file:///opt/src/hadoop-ozone/integration-test/target/test-classes/webapps/static,AVAILABLE}
2019-06-14 01:47:20,477 INFO  handler.ContextHandler (ContextHandler.java:doStart(781)) - Started o.e.j.w.WebAppContext@c9d82f9{/,file:///opt/src/hadoop-ozone/integration-test/target/test-classes/webapps/ozoneManager/,AVAILABLE}{/ozoneManager}
2019-06-14 01:47:20,478 INFO  server.AbstractConnector (AbstractConnector.java:doStart(278)) - Started ServerConnector@6f012914{HTTP/1.1,[http/1.1]}{0.0.0.0:43971}
2019-06-14 01:47:20,478 INFO  server.Server (Server.java:doStart(419)) - Started @3596ms
2019-06-14 01:47:20,479 INFO  server.BaseHttpServer (BaseHttpServer.java:updateConnectorAddress(207)) - HTTP server of OZONEMANAGER is listening at http://0.0.0.0:43971
2019-06-14 01:47:20,608 INFO  impl.MetricsSystemImpl (MetricsSystemImpl.java:init(158)) - HddsDatanode metrics system started (again)
2019-06-14 01:47:20,762 INFO  ozone.HddsDatanodeService (HddsDatanodeService.java:start(185)) - HddsDatanodeService host:ozone-jv82d-2274558523 ip:192.168.105.187
2019-06-14 01:47:20,808 INFO  volume.HddsVolume (HddsVolume.java:<init>(176)) - Creating Volume: /opt/src/hadoop-ozone/integration-test/target/test-dir/MiniOzoneClusterImpl-8a9ade3b-7790-45fd-8104-53fe4b5ecb70/datanode-0/data/containers/hdds of  storage type : DISK and capacity : 104021790720
2019-06-14 01:47:20,810 INFO  volume.VolumeSet (VolumeSet.java:initializeVolumeSet(170)) - Added Volume : /opt/src/hadoop-ozone/integration-test/target/test-dir/MiniOzoneClusterImpl-8a9ade3b-7790-45fd-8104-53fe4b5ecb70/datanode-0/data/containers/hdds to VolumeSet
2019-06-14 01:47:20,814 INFO  volume.ThrottledAsyncChecker (ThrottledAsyncChecker.java:schedule(140)) - Scheduling a check for org.apache.hadoop.ozone.container.common.volume.HddsVolume@6fd1660
2019-06-14 01:47:20,844 INFO  volume.HddsVolumeChecker (HddsVolumeChecker.java:checkAllVolumes(203)) - Scheduled health check for volume org.apache.hadoop.ozone.container.common.volume.HddsVolume@6fd1660
2019-06-14 01:47:20,915 INFO  ratis.XceiverServerRatis (XceiverServerRatis.java:newXceiverServerRatis(401)) - Found a free port for the server : 33171
2019-06-14 01:47:20,987 INFO  impl.RaftServerProxy (ConfUtils.java:logGet(43)) - raft.rpc.type = GRPC (default)
2019-06-14 01:47:21,007 INFO  grpc.GrpcConfigKeys$Server (ConfUtils.java:logGet(43)) - raft.grpc.server.port = 33171 (custom)
2019-06-14 01:47:21,008 INFO  server.GrpcService (ConfUtils.java:logGet(43)) - raft.grpc.message.size.max = 33570816 (custom)
2019-06-14 01:47:21,010 INFO  server.RaftServerConfigKeys (ConfUtils.java:logGet(43)) - raft.server.log.appender.buffer.byte-limit = 33554432 (custom)
2019-06-14 01:47:21,011 INFO  server.GrpcService (ConfUtils.java:logGet(43)) - raft.grpc.flow.control.window = 1MB (=1048576) (default)
2019-06-14 01:47:21,012 INFO  server.RaftServerConfigKeys (ConfUtils.java:logGet(43)) - raft.server.rpc.request.timeout = 3000ms (default)
2019-06-14 01:47:21,195 INFO  server.RaftServerConfigKeys (ConfUtils.java:logGet(43)) - raft.server.storage.dir = [/opt/src/hadoop-ozone/integration-test/target/test-dir/MiniOzoneClusterImpl-8a9ade3b-7790-45fd-8104-53fe4b5ecb70/datanode-0/data/ratis] (custom)
2019-06-14 01:47:21,213 INFO  server.XceiverServerGrpc (XceiverServerGrpc.java:<init>(97)) - Found a free port for the server : 34701
2019-06-14 01:47:21,246 INFO  replication.SimpleContainerDownloader (SimpleContainerDownloader.java:<init>(72)) - Starting container downloader service to copy containers to replicate.
2019-06-14 01:47:21,261 INFO  hdfs.DFSUtil (DFSUtil.java:httpServerTemplateForNNAndJN(1641)) - Starting Web-server for hddsDatanode at: http://0.0.0.0:0
2019-06-14 01:47:21,263 INFO  server.AuthenticationFilter (AuthenticationFilter.java:constructSecretProvider(240)) - Unable to initialize FileSignerSecretProvider, falling back to use random secrets.
2019-06-14 01:47:21,263 WARN  http.HttpRequestLog (HttpRequestLog.java:getRequestLog(97)) - Jetty request log can only be enabled using Log4j
2019-06-14 01:47:21,266 INFO  http.HttpServer2 (HttpServer2.java:addGlobalFilter(975)) - Added global filter 'safety' (class=org.apache.hadoop.http.HttpServer2$QuotingInputFilter)
2019-06-14 01:47:21,267 INFO  http.HttpServer2 (HttpServer2.java:addFilter(948)) - Added filter static_user_filter (class=org.apache.hadoop.http.lib.StaticUserWebFilter$StaticUserFilter) to context hddsDatanode
2019-06-14 01:47:21,267 INFO  http.HttpServer2 (HttpServer2.java:addFilter(958)) - Added filter static_user_filter (class=org.apache.hadoop.http.lib.StaticUserWebFilter$StaticUserFilter) to context logs
2019-06-14 01:47:21,267 INFO  http.HttpServer2 (HttpServer2.java:addFilter(958)) - Added filter static_user_filter (class=org.apache.hadoop.http.lib.StaticUserWebFilter$StaticUserFilter) to context static
2019-06-14 01:47:21,268 INFO  http.HttpServer2 (HttpServer2.java:bindListener(1191)) - Jetty bound to port 39375
2019-06-14 01:47:21,269 INFO  server.Server (Server.java:doStart(351)) - jetty-9.3.24.v20180605, build timestamp: 2018-06-05T17:11:56Z, git hash: 84205aa28f11a4f31f2a3b86d1bba2cc8ab69827
2019-06-14 01:47:21,270 INFO  handler.ContextHandler (ContextHandler.java:doStart(781)) - Started o.e.j.s.ServletContextHandler@6438a7fe{/logs,file:///opt/src/hadoop-ozone/integration-test/target/log,AVAILABLE}
2019-06-14 01:47:21,271 INFO  handler.ContextHandler (ContextHandler.java:doStart(781)) - Started o.e.j.s.ServletContextHandler@4f5f6e45{/static,jar:file:/root/.m2/repository/org/apache/hadoop/hadoop-hdds-container-service/0.5.0-SNAPSHOT/hadoop-hdds-container-service-0.5.0-SNAPSHOT.jar!/webapps/static,AVAILABLE}
2019-06-14 01:47:21,320 INFO  handler.ContextHandler (ContextHandler.java:doStart(781)) - Started o.e.j.w.WebAppContext@36c0d0bd{/,file:///tmp/jetty-0.0.0.0-39375-hddsDatanode-_-any-2082922295513988691.dir/webapp/,AVAILABLE}{/hddsDatanode}
2019-06-14 01:47:21,321 INFO  server.AbstractConnector (AbstractConnector.java:doStart(278)) - Started ServerConnector@5b9ca765{HTTP/1.1,[http/1.1]}{0.0.0.0:39375}
2019-06-14 01:47:21,321 INFO  server.Server (Server.java:doStart(419)) - Started @4439ms
2019-06-14 01:47:21,322 INFO  server.BaseHttpServer (BaseHttpServer.java:updateConnectorAddress(207)) - HTTP server of HDDSDATANODE is listening at http://0.0.0.0:39375
2019-06-14 01:47:22,572 INFO  ozone.HddsDatanodeService (HddsDatanodeService.java:startPlugins(396)) - Started plug-in org.apache.hadoop.ozone.web.OzoneHddsDatanodeService@2da81754
2019-06-14 01:47:22,573 INFO  impl.MetricsSystemImpl (MetricsSystemImpl.java:init(158)) - HddsDatanode metrics system started (again)
2019-06-14 01:47:22,574 INFO  ozone.HddsDatanodeService (HddsDatanodeService.java:start(185)) - HddsDatanodeService host:ozone-jv82d-2274558523 ip:192.168.105.187
2019-06-14 01:47:22,595 INFO  util.JvmPauseMonitor (JvmPauseMonitor.java:run(188)) - Starting JVM pause monitor
2019-06-14 01:47:22,601 INFO  volume.HddsVolume (HddsVolume.java:<init>(176)) - Creating Volume: /opt/src/hadoop-ozone/integration-test/target/test-dir/MiniOzoneClusterImpl-8a9ade3b-7790-45fd-8104-53fe4b5ecb70/datanode-1/data/containers/hdds of  storage type : DISK and capacity : 104021790720
2019-06-14 01:47:22,602 INFO  volume.VolumeSet (VolumeSet.java:initializeVolumeSet(170)) - Added Volume : /opt/src/hadoop-ozone/integration-test/target/test-dir/MiniOzoneClusterImpl-8a9ade3b-7790-45fd-8104-53fe4b5ecb70/datanode-1/data/containers/hdds to VolumeSet
2019-06-14 01:47:22,602 INFO  volume.ThrottledAsyncChecker (ThrottledAsyncChecker.java:schedule(140)) - Scheduling a check for org.apache.hadoop.ozone.container.common.volume.HddsVolume@2b08772d
2019-06-14 01:47:22,613 INFO  volume.HddsVolumeChecker (HddsVolumeChecker.java:checkAllVolumes(203)) - Scheduled health check for volume org.apache.hadoop.ozone.container.common.volume.HddsVolume@2b08772d
2019-06-14 01:47:22,642 INFO  ratis.XceiverServerRatis (XceiverServerRatis.java:newXceiverServerRatis(401)) - Found a free port for the server : 46265
2019-06-14 01:47:22,643 INFO  impl.RaftServerProxy (ConfUtils.java:logGet(43)) - raft.rpc.type = GRPC (default)
2019-06-14 01:47:22,644 INFO  grpc.GrpcConfigKeys$Server (ConfUtils.java:logGet(43)) - raft.grpc.server.port = 46265 (custom)
2019-06-14 01:47:22,644 INFO  server.GrpcService (ConfUtils.java:logGet(43)) - raft.grpc.message.size.max = 33570816 (custom)
2019-06-14 01:47:22,644 INFO  server.RaftServerConfigKeys (ConfUtils.java:logGet(43)) - raft.server.log.appender.buffer.byte-limit = 33554432 (custom)
2019-06-14 01:47:22,644 INFO  server.GrpcService (ConfUtils.java:logGet(43)) - raft.grpc.flow.control.window = 1MB (=1048576) (default)
2019-06-14 01:47:22,645 INFO  server.RaftServerConfigKeys (ConfUtils.java:logGet(43)) - raft.server.rpc.request.timeout = 3000ms (default)
2019-06-14 01:47:22,645 INFO  server.RaftServerConfigKeys (ConfUtils.java:logGet(43)) - raft.server.storage.dir = [/opt/src/hadoop-ozone/integration-test/target/test-dir/MiniOzoneClusterImpl-8a9ade3b-7790-45fd-8104-53fe4b5ecb70/datanode-1/data/ratis] (custom)
2019-06-14 01:47:22,650 INFO  server.XceiverServerGrpc (XceiverServerGrpc.java:<init>(97)) - Found a free port for the server : 34969
2019-06-14 01:47:22,651 INFO  replication.SimpleContainerDownloader (SimpleContainerDownloader.java:<init>(72)) - Starting container downloader service to copy containers to replicate.
2019-06-14 01:47:22,657 INFO  hdfs.DFSUtil (DFSUtil.java:httpServerTemplateForNNAndJN(1641)) - Starting Web-server for hddsDatanode at: http://0.0.0.0:0
2019-06-14 01:47:22,659 INFO  server.AuthenticationFilter (AuthenticationFilter.java:constructSecretProvider(240)) - Unable to initialize FileSignerSecretProvider, falling back to use random secrets.
2019-06-14 01:47:22,660 WARN  http.HttpRequestLog (HttpRequestLog.java:getRequestLog(97)) - Jetty request log can only be enabled using Log4j
2019-06-14 01:47:22,662 INFO  http.HttpServer2 (HttpServer2.java:addGlobalFilter(975)) - Added global filter 'safety' (class=org.apache.hadoop.http.HttpServer2$QuotingInputFilter)
2019-06-14 01:47:22,662 INFO  http.HttpServer2 (HttpServer2.java:addFilter(948)) - Added filter static_user_filter (class=org.apache.hadoop.http.lib.StaticUserWebFilter$StaticUserFilter) to context hddsDatanode
2019-06-14 01:47:22,662 INFO  http.HttpServer2 (HttpServer2.java:addFilter(958)) - Added filter static_user_filter (class=org.apache.hadoop.http.lib.StaticUserWebFilter$StaticUserFilter) to context logs
2019-06-14 01:47:22,663 INFO  http.HttpServer2 (HttpServer2.java:addFilter(958)) - Added filter static_user_filter (class=org.apache.hadoop.http.lib.StaticUserWebFilter$StaticUserFilter) to context static
2019-06-14 01:47:22,663 INFO  http.HttpServer2 (HttpServer2.java:bindListener(1191)) - Jetty bound to port 39139
2019-06-14 01:47:22,664 INFO  server.Server (Server.java:doStart(351)) - jetty-9.3.24.v20180605, build timestamp: 2018-06-05T17:11:56Z, git hash: 84205aa28f11a4f31f2a3b86d1bba2cc8ab69827
2019-06-14 01:47:22,670 INFO  handler.ContextHandler (ContextHandler.java:doStart(781)) - Started o.e.j.s.ServletContextHandler@60f77af{/logs,file:///opt/src/hadoop-ozone/integration-test/target/log,AVAILABLE}
2019-06-14 01:47:22,671 INFO  handler.ContextHandler (ContextHandler.java:doStart(781)) - Started o.e.j.s.ServletContextHandler@18b6d3c1{/static,jar:file:/root/.m2/repository/org/apache/hadoop/hadoop-hdds-container-service/0.5.0-SNAPSHOT/hadoop-hdds-container-service-0.5.0-SNAPSHOT.jar!/webapps/static,AVAILABLE}
2019-06-14 01:47:22,705 INFO  handler.ContextHandler (ContextHandler.java:doStart(781)) - Started o.e.j.w.WebAppContext@6b4125ed{/,file:///tmp/jetty-0.0.0.0-39139-hddsDatanode-_-any-7795280004435511614.dir/webapp/,AVAILABLE}{/hddsDatanode}
2019-06-14 01:47:22,706 INFO  server.AbstractConnector (AbstractConnector.java:doStart(278)) - Started ServerConnector@18ae9a31{HTTP/1.1,[http/1.1]}{0.0.0.0:39139}
2019-06-14 01:47:22,708 INFO  server.Server (Server.java:doStart(419)) - Started @5826ms
2019-06-14 01:47:22,708 INFO  server.BaseHttpServer (BaseHttpServer.java:updateConnectorAddress(207)) - HTTP server of HDDSDATANODE is listening at http://0.0.0.0:39139
2019-06-14 01:47:22,731 INFO  datanode.InitDatanodeState (InitDatanodeState.java:persistContainerDatanodeDetails(140)) - DatanodeDetails is persisted to /opt/src/hadoop-ozone/integration-test/target/test-dir/MiniOzoneClusterImpl-8a9ade3b-7790-45fd-8104-53fe4b5ecb70/datanode-0/meta/datanode.id
2019-06-14 01:47:22,851 INFO  ozone.HddsDatanodeService (HddsDatanodeService.java:startPlugins(396)) - Started plug-in org.apache.hadoop.ozone.web.OzoneHddsDatanodeService@1d3c112a
2019-06-14 01:47:22,851 INFO  impl.MetricsSystemImpl (MetricsSystemImpl.java:init(158)) - HddsDatanode metrics system started (again)
2019-06-14 01:47:22,851 INFO  ozone.HddsDatanodeService (HddsDatanodeService.java:start(185)) - HddsDatanodeService host:ozone-jv82d-2274558523 ip:192.168.105.187
2019-06-14 01:47:22,857 INFO  util.JvmPauseMonitor (JvmPauseMonitor.java:run(188)) - Starting JVM pause monitor
2019-06-14 01:47:22,874 INFO  volume.HddsVolume (HddsVolume.java:<init>(176)) - Creating Volume: /opt/src/hadoop-ozone/integration-test/target/test-dir/MiniOzoneClusterImpl-8a9ade3b-7790-45fd-8104-53fe4b5ecb70/datanode-2/data/containers/hdds of  storage type : DISK and capacity : 104021790720
2019-06-14 01:47:22,874 INFO  volume.VolumeSet (VolumeSet.java:initializeVolumeSet(170)) - Added Volume : /opt/src/hadoop-ozone/integration-test/target/test-dir/MiniOzoneClusterImpl-8a9ade3b-7790-45fd-8104-53fe4b5ecb70/datanode-2/data/containers/hdds to VolumeSet
2019-06-14 01:47:22,875 INFO  volume.ThrottledAsyncChecker (ThrottledAsyncChecker.java:schedule(140)) - Scheduling a check for org.apache.hadoop.ozone.container.common.volume.HddsVolume@6da4feeb
2019-06-14 01:47:22,876 INFO  datanode.InitDatanodeState (InitDatanodeState.java:persistContainerDatanodeDetails(140)) - DatanodeDetails is persisted to /opt/src/hadoop-ozone/integration-test/target/test-dir/MiniOzoneClusterImpl-8a9ade3b-7790-45fd-8104-53fe4b5ecb70/datanode-1/meta/datanode.id
2019-06-14 01:47:22,884 INFO  volume.HddsVolumeChecker (HddsVolumeChecker.java:checkAllVolumes(203)) - Scheduled health check for volume org.apache.hadoop.ozone.container.common.volume.HddsVolume@6da4feeb
2019-06-14 01:47:22,901 INFO  ratis.XceiverServerRatis (XceiverServerRatis.java:newXceiverServerRatis(401)) - Found a free port for the server : 34155
2019-06-14 01:47:22,903 INFO  impl.RaftServerProxy (ConfUtils.java:logGet(43)) - raft.rpc.type = GRPC (default)
2019-06-14 01:47:22,903 INFO  grpc.GrpcConfigKeys$Server (ConfUtils.java:logGet(43)) - raft.grpc.server.port = 34155 (custom)
2019-06-14 01:47:22,903 INFO  server.GrpcService (ConfUtils.java:logGet(43)) - raft.grpc.message.size.max = 33570816 (custom)
2019-06-14 01:47:22,904 INFO  server.RaftServerConfigKeys (ConfUtils.java:logGet(43)) - raft.server.log.appender.buffer.byte-limit = 33554432 (custom)
2019-06-14 01:47:22,904 INFO  server.GrpcService (ConfUtils.java:logGet(43)) - raft.grpc.flow.control.window = 1MB (=1048576) (default)
2019-06-14 01:47:22,904 INFO  server.RaftServerConfigKeys (ConfUtils.java:logGet(43)) - raft.server.rpc.request.timeout = 3000ms (default)
2019-06-14 01:47:22,905 INFO  server.RaftServerConfigKeys (ConfUtils.java:logGet(43)) - raft.server.storage.dir = [/opt/src/hadoop-ozone/integration-test/target/test-dir/MiniOzoneClusterImpl-8a9ade3b-7790-45fd-8104-53fe4b5ecb70/datanode-2/data/ratis] (custom)
2019-06-14 01:47:22,905 INFO  server.XceiverServerGrpc (XceiverServerGrpc.java:<init>(97)) - Found a free port for the server : 41345
2019-06-14 01:47:22,906 INFO  replication.SimpleContainerDownloader (SimpleContainerDownloader.java:<init>(72)) - Starting container downloader service to copy containers to replicate.
2019-06-14 01:47:22,907 INFO  hdfs.DFSUtil (DFSUtil.java:httpServerTemplateForNNAndJN(1641)) - Starting Web-server for hddsDatanode at: http://0.0.0.0:0
2019-06-14 01:47:22,909 INFO  server.AuthenticationFilter (AuthenticationFilter.java:constructSecretProvider(240)) - Unable to initialize FileSignerSecretProvider, falling back to use random secrets.
2019-06-14 01:47:22,909 WARN  http.HttpRequestLog (HttpRequestLog.java:getRequestLog(97)) - Jetty request log can only be enabled using Log4j
2019-06-14 01:47:22,911 INFO  http.HttpServer2 (HttpServer2.java:addGlobalFilter(975)) - Added global filter 'safety' (class=org.apache.hadoop.http.HttpServer2$QuotingInputFilter)
2019-06-14 01:47:22,912 INFO  http.HttpServer2 (HttpServer2.java:addFilter(948)) - Added filter static_user_filter (class=org.apache.hadoop.http.lib.StaticUserWebFilter$StaticUserFilter) to context hddsDatanode
2019-06-14 01:47:22,912 INFO  http.HttpServer2 (HttpServer2.java:addFilter(958)) - Added filter static_user_filter (class=org.apache.hadoop.http.lib.StaticUserWebFilter$StaticUserFilter) to context static
2019-06-14 01:47:22,912 INFO  http.HttpServer2 (HttpServer2.java:addFilter(958)) - Added filter static_user_filter (class=org.apache.hadoop.http.lib.StaticUserWebFilter$StaticUserFilter) to context logs
2019-06-14 01:47:22,913 INFO  http.HttpServer2 (HttpServer2.java:bindListener(1191)) - Jetty bound to port 46565
2019-06-14 01:47:22,913 INFO  server.Server (Server.java:doStart(351)) - jetty-9.3.24.v20180605, build timestamp: 2018-06-05T17:11:56Z, git hash: 84205aa28f11a4f31f2a3b86d1bba2cc8ab69827
2019-06-14 01:47:22,916 INFO  handler.ContextHandler (ContextHandler.java:doStart(781)) - Started o.e.j.s.ServletContextHandler@2c30c81d{/logs,file:///opt/src/hadoop-ozone/integration-test/target/log,AVAILABLE}
2019-06-14 01:47:22,916 INFO  handler.ContextHandler (ContextHandler.java:doStart(781)) - Started o.e.j.s.ServletContextHandler@a54acec{/static,jar:file:/root/.m2/repository/org/apache/hadoop/hadoop-hdds-container-service/0.5.0-SNAPSHOT/hadoop-hdds-container-service-0.5.0-SNAPSHOT.jar!/webapps/static,AVAILABLE}
2019-06-14 01:47:22,937 INFO  handler.ContextHandler (ContextHandler.java:doStart(781)) - Started o.e.j.w.WebAppContext@385d819{/,file:///tmp/jetty-0.0.0.0-46565-hddsDatanode-_-any-9217558729566658344.dir/webapp/,AVAILABLE}{/hddsDatanode}
2019-06-14 01:47:22,939 INFO  server.AbstractConnector (AbstractConnector.java:doStart(278)) - Started ServerConnector@4315c28c{HTTP/1.1,[http/1.1]}{0.0.0.0:46565}
2019-06-14 01:47:22,939 INFO  server.Server (Server.java:doStart(419)) - Started @6057ms
2019-06-14 01:47:22,940 INFO  server.BaseHttpServer (BaseHttpServer.java:updateConnectorAddress(207)) - HTTP server of HDDSDATANODE is listening at http://0.0.0.0:46565
2019-06-14 01:47:23,089 INFO  ozone.HddsDatanodeService (HddsDatanodeService.java:startPlugins(396)) - Started plug-in org.apache.hadoop.ozone.web.OzoneHddsDatanodeService@3dbd7107
2019-06-14 01:47:23,090 INFO  impl.MetricsSystemImpl (MetricsSystemImpl.java:init(158)) - HddsDatanode metrics system started (again)
2019-06-14 01:47:23,091 INFO  ozone.HddsDatanodeService (HddsDatanodeService.java:start(185)) - HddsDatanodeService host:ozone-jv82d-2274558523 ip:192.168.105.187
2019-06-14 01:47:23,115 INFO  util.JvmPauseMonitor (JvmPauseMonitor.java:run(188)) - Starting JVM pause monitor
2019-06-14 01:47:23,117 INFO  datanode.InitDatanodeState (InitDatanodeState.java:persistContainerDatanodeDetails(140)) - DatanodeDetails is persisted to /opt/src/hadoop-ozone/integration-test/target/test-dir/MiniOzoneClusterImpl-8a9ade3b-7790-45fd-8104-53fe4b5ecb70/datanode-2/meta/datanode.id
2019-06-14 01:47:23,125 INFO  volume.HddsVolume (HddsVolume.java:<init>(176)) - Creating Volume: /opt/src/hadoop-ozone/integration-test/target/test-dir/MiniOzoneClusterImpl-8a9ade3b-7790-45fd-8104-53fe4b5ecb70/datanode-3/data/containers/hdds of  storage type : DISK and capacity : 104021790720
2019-06-14 01:47:23,126 INFO  volume.VolumeSet (VolumeSet.java:initializeVolumeSet(170)) - Added Volume : /opt/src/hadoop-ozone/integration-test/target/test-dir/MiniOzoneClusterImpl-8a9ade3b-7790-45fd-8104-53fe4b5ecb70/datanode-3/data/containers/hdds to VolumeSet
2019-06-14 01:47:23,126 INFO  volume.ThrottledAsyncChecker (ThrottledAsyncChecker.java:schedule(140)) - Scheduling a check for org.apache.hadoop.ozone.container.common.volume.HddsVolume@559af296
2019-06-14 01:47:23,129 INFO  volume.HddsVolumeChecker (HddsVolumeChecker.java:checkAllVolumes(203)) - Scheduled health check for volume org.apache.hadoop.ozone.container.common.volume.HddsVolume@559af296
2019-06-14 01:47:23,143 INFO  ratis.XceiverServerRatis (XceiverServerRatis.java:newXceiverServerRatis(401)) - Found a free port for the server : 42155
2019-06-14 01:47:23,144 INFO  impl.RaftServerProxy (ConfUtils.java:logGet(43)) - raft.rpc.type = GRPC (default)
2019-06-14 01:47:23,144 INFO  grpc.GrpcConfigKeys$Server (ConfUtils.java:logGet(43)) - raft.grpc.server.port = 42155 (custom)
2019-06-14 01:47:23,145 INFO  server.GrpcService (ConfUtils.java:logGet(43)) - raft.grpc.message.size.max = 33570816 (custom)
2019-06-14 01:47:23,145 INFO  server.RaftServerConfigKeys (ConfUtils.java:logGet(43)) - raft.server.log.appender.buffer.byte-limit = 33554432 (custom)
2019-06-14 01:47:23,145 INFO  server.GrpcService (ConfUtils.java:logGet(43)) - raft.grpc.flow.control.window = 1MB (=1048576) (default)
2019-06-14 01:47:23,145 INFO  server.RaftServerConfigKeys (ConfUtils.java:logGet(43)) - raft.server.rpc.request.timeout = 3000ms (default)
2019-06-14 01:47:23,146 INFO  server.RaftServerConfigKeys (ConfUtils.java:logGet(43)) - raft.server.storage.dir = [/opt/src/hadoop-ozone/integration-test/target/test-dir/MiniOzoneClusterImpl-8a9ade3b-7790-45fd-8104-53fe4b5ecb70/datanode-3/data/ratis] (custom)
2019-06-14 01:47:23,146 INFO  server.XceiverServerGrpc (XceiverServerGrpc.java:<init>(97)) - Found a free port for the server : 45187
2019-06-14 01:47:23,147 INFO  replication.SimpleContainerDownloader (SimpleContainerDownloader.java:<init>(72)) - Starting container downloader service to copy containers to replicate.
2019-06-14 01:47:23,148 INFO  hdfs.DFSUtil (DFSUtil.java:httpServerTemplateForNNAndJN(1641)) - Starting Web-server for hddsDatanode at: http://0.0.0.0:0
2019-06-14 01:47:23,149 INFO  server.AuthenticationFilter (AuthenticationFilter.java:constructSecretProvider(240)) - Unable to initialize FileSignerSecretProvider, falling back to use random secrets.
2019-06-14 01:47:23,151 WARN  http.HttpRequestLog (HttpRequestLog.java:getRequestLog(97)) - Jetty request log can only be enabled using Log4j
2019-06-14 01:47:23,153 INFO  http.HttpServer2 (HttpServer2.java:addGlobalFilter(975)) - Added global filter 'safety' (class=org.apache.hadoop.http.HttpServer2$QuotingInputFilter)
2019-06-14 01:47:23,154 INFO  http.HttpServer2 (HttpServer2.java:addFilter(948)) - Added filter static_user_filter (class=org.apache.hadoop.http.lib.StaticUserWebFilter$StaticUserFilter) to context hddsDatanode
2019-06-14 01:47:23,154 INFO  http.HttpServer2 (HttpServer2.java:addFilter(958)) - Added filter static_user_filter (class=org.apache.hadoop.http.lib.StaticUserWebFilter$StaticUserFilter) to context static
2019-06-14 01:47:23,154 INFO  http.HttpServer2 (HttpServer2.java:addFilter(958)) - Added filter static_user_filter (class=org.apache.hadoop.http.lib.StaticUserWebFilter$StaticUserFilter) to context logs
2019-06-14 01:47:23,155 INFO  http.HttpServer2 (HttpServer2.java:bindListener(1191)) - Jetty bound to port 41911
2019-06-14 01:47:23,155 INFO  server.Server (Server.java:doStart(351)) - jetty-9.3.24.v20180605, build timestamp: 2018-06-05T17:11:56Z, git hash: 84205aa28f11a4f31f2a3b86d1bba2cc8ab69827
2019-06-14 01:47:23,166 INFO  handler.ContextHandler (ContextHandler.java:doStart(781)) - Started o.e.j.s.ServletContextHandler@3f857e08{/logs,file:///opt/src/hadoop-ozone/integration-test/target/log,AVAILABLE}
2019-06-14 01:47:23,167 INFO  handler.ContextHandler (ContextHandler.java:doStart(781)) - Started o.e.j.s.ServletContextHandler@b5ac0c1{/static,jar:file:/root/.m2/repository/org/apache/hadoop/hadoop-hdds-container-service/0.5.0-SNAPSHOT/hadoop-hdds-container-service-0.5.0-SNAPSHOT.jar!/webapps/static,AVAILABLE}
2019-06-14 01:47:23,196 INFO  handler.ContextHandler (ContextHandler.java:doStart(781)) - Started o.e.j.w.WebAppContext@4b195203{/,file:///tmp/jetty-0.0.0.0-41911-hddsDatanode-_-any-4943780953989075362.dir/webapp/,AVAILABLE}{/hddsDatanode}
2019-06-14 01:47:23,197 INFO  server.AbstractConnector (AbstractConnector.java:doStart(278)) - Started ServerConnector@28a6e171{HTTP/1.1,[http/1.1]}{0.0.0.0:41911}
2019-06-14 01:47:23,199 INFO  server.Server (Server.java:doStart(419)) - Started @6317ms
2019-06-14 01:47:23,200 INFO  server.BaseHttpServer (BaseHttpServer.java:updateConnectorAddress(207)) - HTTP server of HDDSDATANODE is listening at http://0.0.0.0:41911
2019-06-14 01:47:23,340 INFO  ozone.HddsDatanodeService (HddsDatanodeService.java:startPlugins(396)) - Started plug-in org.apache.hadoop.ozone.web.OzoneHddsDatanodeService@16cb9989
2019-06-14 01:47:23,341 INFO  impl.MetricsSystemImpl (MetricsSystemImpl.java:init(158)) - HddsDatanode metrics system started (again)
2019-06-14 01:47:23,342 INFO  ozone.HddsDatanodeService (HddsDatanodeService.java:start(185)) - HddsDatanodeService host:ozone-jv82d-2274558523 ip:192.168.105.187
2019-06-14 01:47:23,377 INFO  volume.HddsVolume (HddsVolume.java:<init>(176)) - Creating Volume: /opt/src/hadoop-ozone/integration-test/target/test-dir/MiniOzoneClusterImpl-8a9ade3b-7790-45fd-8104-53fe4b5ecb70/datanode-4/data/containers/hdds of  storage type : DISK and capacity : 104021790720
2019-06-14 01:47:23,378 INFO  volume.VolumeSet (VolumeSet.java:initializeVolumeSet(170)) - Added Volume : /opt/src/hadoop-ozone/integration-test/target/test-dir/MiniOzoneClusterImpl-8a9ade3b-7790-45fd-8104-53fe4b5ecb70/datanode-4/data/containers/hdds to VolumeSet
2019-06-14 01:47:23,378 INFO  volume.ThrottledAsyncChecker (ThrottledAsyncChecker.java:schedule(140)) - Scheduling a check for org.apache.hadoop.ozone.container.common.volume.HddsVolume@61359e87
2019-06-14 01:47:23,381 INFO  util.JvmPauseMonitor (JvmPauseMonitor.java:run(188)) - Starting JVM pause monitor
2019-06-14 01:47:23,390 INFO  volume.HddsVolumeChecker (HddsVolumeChecker.java:checkAllVolumes(203)) - Scheduled health check for volume org.apache.hadoop.ozone.container.common.volume.HddsVolume@61359e87
2019-06-14 01:47:23,383 INFO  datanode.InitDatanodeState (InitDatanodeState.java:persistContainerDatanodeDetails(140)) - DatanodeDetails is persisted to /opt/src/hadoop-ozone/integration-test/target/test-dir/MiniOzoneClusterImpl-8a9ade3b-7790-45fd-8104-53fe4b5ecb70/datanode-3/meta/datanode.id
2019-06-14 01:47:23,402 INFO  ratis.XceiverServerRatis (XceiverServerRatis.java:newXceiverServerRatis(401)) - Found a free port for the server : 44819
2019-06-14 01:47:23,404 INFO  impl.RaftServerProxy (ConfUtils.java:logGet(43)) - raft.rpc.type = GRPC (default)
2019-06-14 01:47:23,404 INFO  grpc.GrpcConfigKeys$Server (ConfUtils.java:logGet(43)) - raft.grpc.server.port = 44819 (custom)
2019-06-14 01:47:23,404 INFO  server.GrpcService (ConfUtils.java:logGet(43)) - raft.grpc.message.size.max = 33570816 (custom)
2019-06-14 01:47:23,405 INFO  server.RaftServerConfigKeys (ConfUtils.java:logGet(43)) - raft.server.log.appender.buffer.byte-limit = 33554432 (custom)
2019-06-14 01:47:23,405 INFO  server.GrpcService (ConfUtils.java:logGet(43)) - raft.grpc.flow.control.window = 1MB (=1048576) (default)
2019-06-14 01:47:23,405 INFO  server.RaftServerConfigKeys (ConfUtils.java:logGet(43)) - raft.server.rpc.request.timeout = 3000ms (default)
2019-06-14 01:47:23,406 INFO  server.RaftServerConfigKeys (ConfUtils.java:logGet(43)) - raft.server.storage.dir = [/opt/src/hadoop-ozone/integration-test/target/test-dir/MiniOzoneClusterImpl-8a9ade3b-7790-45fd-8104-53fe4b5ecb70/datanode-4/data/ratis] (custom)
2019-06-14 01:47:23,406 INFO  server.XceiverServerGrpc (XceiverServerGrpc.java:<init>(97)) - Found a free port for the server : 45411
2019-06-14 01:47:23,407 INFO  replication.SimpleContainerDownloader (SimpleContainerDownloader.java:<init>(72)) - Starting container downloader service to copy containers to replicate.
2019-06-14 01:47:23,408 INFO  hdfs.DFSUtil (DFSUtil.java:httpServerTemplateForNNAndJN(1641)) - Starting Web-server for hddsDatanode at: http://0.0.0.0:0
2019-06-14 01:47:23,410 INFO  server.AuthenticationFilter (AuthenticationFilter.java:constructSecretProvider(240)) - Unable to initialize FileSignerSecretProvider, falling back to use random secrets.
2019-06-14 01:47:23,410 WARN  http.HttpRequestLog (HttpRequestLog.java:getRequestLog(97)) - Jetty request log can only be enabled using Log4j
2019-06-14 01:47:23,412 INFO  http.HttpServer2 (HttpServer2.java:addGlobalFilter(975)) - Added global filter 'safety' (class=org.apache.hadoop.http.HttpServer2$QuotingInputFilter)
2019-06-14 01:47:23,412 INFO  http.HttpServer2 (HttpServer2.java:addFilter(948)) - Added filter static_user_filter (class=org.apache.hadoop.http.lib.StaticUserWebFilter$StaticUserFilter) to context hddsDatanode
2019-06-14 01:47:23,412 INFO  http.HttpServer2 (HttpServer2.java:addFilter(958)) - Added filter static_user_filter (class=org.apache.hadoop.http.lib.StaticUserWebFilter$StaticUserFilter) to context static
2019-06-14 01:47:23,413 INFO  http.HttpServer2 (HttpServer2.java:addFilter(958)) - Added filter static_user_filter (class=org.apache.hadoop.http.lib.StaticUserWebFilter$StaticUserFilter) to context logs
2019-06-14 01:47:23,413 INFO  http.HttpServer2 (HttpServer2.java:bindListener(1191)) - Jetty bound to port 40557
2019-06-14 01:47:23,414 INFO  server.Server (Server.java:doStart(351)) - jetty-9.3.24.v20180605, build timestamp: 2018-06-05T17:11:56Z, git hash: 84205aa28f11a4f31f2a3b86d1bba2cc8ab69827
2019-06-14 01:47:23,429 INFO  handler.ContextHandler (ContextHandler.java:doStart(781)) - Started o.e.j.s.ServletContextHandler@65cc5252{/logs,file:///opt/src/hadoop-ozone/integration-test/target/log,AVAILABLE}
2019-06-14 01:47:23,430 INFO  handler.ContextHandler (ContextHandler.java:doStart(781)) - Started o.e.j.s.ServletContextHandler@2dbfa972{/static,jar:file:/root/.m2/repository/org/apache/hadoop/hadoop-hdds-container-service/0.5.0-SNAPSHOT/hadoop-hdds-container-service-0.5.0-SNAPSHOT.jar!/webapps/static,AVAILABLE}
2019-06-14 01:47:23,452 INFO  handler.ContextHandler (ContextHandler.java:doStart(781)) - Started o.e.j.w.WebAppContext@69a40b3c{/,file:///tmp/jetty-0.0.0.0-40557-hddsDatanode-_-any-3002208919862349238.dir/webapp/,AVAILABLE}{/hddsDatanode}
2019-06-14 01:47:23,453 INFO  server.AbstractConnector (AbstractConnector.java:doStart(278)) - Started ServerConnector@251c90f{HTTP/1.1,[http/1.1]}{0.0.0.0:40557}
2019-06-14 01:47:23,453 INFO  server.Server (Server.java:doStart(419)) - Started @6571ms
2019-06-14 01:47:23,458 INFO  server.BaseHttpServer (BaseHttpServer.java:updateConnectorAddress(207)) - HTTP server of HDDSDATANODE is listening at http://0.0.0.0:40557
2019-06-14 01:47:23,592 INFO  ozone.HddsDatanodeService (HddsDatanodeService.java:startPlugins(396)) - Started plug-in org.apache.hadoop.ozone.web.OzoneHddsDatanodeService@b06d46d
2019-06-14 01:47:23,593 INFO  impl.MetricsSystemImpl (MetricsSystemImpl.java:init(158)) - HddsDatanode metrics system started (again)
2019-06-14 01:47:23,593 INFO  ozone.HddsDatanodeService (HddsDatanodeService.java:start(185)) - HddsDatanodeService host:ozone-jv82d-2274558523 ip:192.168.105.187
2019-06-14 01:47:23,598 INFO  util.JvmPauseMonitor (JvmPauseMonitor.java:run(188)) - Starting JVM pause monitor
2019-06-14 01:47:23,599 INFO  datanode.InitDatanodeState (InitDatanodeState.java:persistContainerDatanodeDetails(140)) - DatanodeDetails is persisted to /opt/src/hadoop-ozone/integration-test/target/test-dir/MiniOzoneClusterImpl-8a9ade3b-7790-45fd-8104-53fe4b5ecb70/datanode-4/meta/datanode.id
2019-06-14 01:47:23,616 INFO  volume.HddsVolume (HddsVolume.java:<init>(176)) - Creating Volume: /opt/src/hadoop-ozone/integration-test/target/test-dir/MiniOzoneClusterImpl-8a9ade3b-7790-45fd-8104-53fe4b5ecb70/datanode-5/data/containers/hdds of  storage type : DISK and capacity : 104021790720
2019-06-14 01:47:23,617 INFO  volume.VolumeSet (VolumeSet.java:initializeVolumeSet(170)) - Added Volume : /opt/src/hadoop-ozone/integration-test/target/test-dir/MiniOzoneClusterImpl-8a9ade3b-7790-45fd-8104-53fe4b5ecb70/datanode-5/data/containers/hdds to VolumeSet
2019-06-14 01:47:23,617 INFO  volume.ThrottledAsyncChecker (ThrottledAsyncChecker.java:schedule(140)) - Scheduling a check for org.apache.hadoop.ozone.container.common.volume.HddsVolume@242ff747
2019-06-14 01:47:23,630 INFO  volume.HddsVolumeChecker (HddsVolumeChecker.java:checkAllVolumes(203)) - Scheduled health check for volume org.apache.hadoop.ozone.container.common.volume.HddsVolume@242ff747
2019-06-14 01:47:23,649 INFO  ratis.XceiverServerRatis (XceiverServerRatis.java:newXceiverServerRatis(401)) - Found a free port for the server : 33679
2019-06-14 01:47:23,651 INFO  impl.RaftServerProxy (ConfUtils.java:logGet(43)) - raft.rpc.type = GRPC (default)
2019-06-14 01:47:23,651 INFO  grpc.GrpcConfigKeys$Server (ConfUtils.java:logGet(43)) - raft.grpc.server.port = 33679 (custom)
2019-06-14 01:47:23,651 INFO  server.GrpcService (ConfUtils.java:logGet(43)) - raft.grpc.message.size.max = 33570816 (custom)
2019-06-14 01:47:23,651 INFO  server.RaftServerConfigKeys (ConfUtils.java:logGet(43)) - raft.server.log.appender.buffer.byte-limit = 33554432 (custom)
2019-06-14 01:47:23,652 INFO  server.GrpcService (ConfUtils.java:logGet(43)) - raft.grpc.flow.control.window = 1MB (=1048576) (default)
2019-06-14 01:47:23,652 INFO  server.RaftServerConfigKeys (ConfUtils.java:logGet(43)) - raft.server.rpc.request.timeout = 3000ms (default)
2019-06-14 01:47:23,653 INFO  server.RaftServerConfigKeys (ConfUtils.java:logGet(43)) - raft.server.storage.dir = [/opt/src/hadoop-ozone/integration-test/target/test-dir/MiniOzoneClusterImpl-8a9ade3b-7790-45fd-8104-53fe4b5ecb70/datanode-5/data/ratis] (custom)
2019-06-14 01:47:23,653 INFO  server.XceiverServerGrpc (XceiverServerGrpc.java:<init>(97)) - Found a free port for the server : 41381
2019-06-14 01:47:23,655 INFO  replication.SimpleContainerDownloader (SimpleContainerDownloader.java:<init>(72)) - Starting container downloader service to copy containers to replicate.
2019-06-14 01:47:23,658 INFO  hdfs.DFSUtil (DFSUtil.java:httpServerTemplateForNNAndJN(1641)) - Starting Web-server for hddsDatanode at: http://0.0.0.0:0
2019-06-14 01:47:23,659 INFO  server.AuthenticationFilter (AuthenticationFilter.java:constructSecretProvider(240)) - Unable to initialize FileSignerSecretProvider, falling back to use random secrets.
2019-06-14 01:47:23,662 WARN  http.HttpRequestLog (HttpRequestLog.java:getRequestLog(97)) - Jetty request log can only be enabled using Log4j
2019-06-14 01:47:23,664 INFO  http.HttpServer2 (HttpServer2.java:addGlobalFilter(975)) - Added global filter 'safety' (class=org.apache.hadoop.http.HttpServer2$QuotingInputFilter)
2019-06-14 01:47:23,664 INFO  http.HttpServer2 (HttpServer2.java:addFilter(948)) - Added filter static_user_filter (class=org.apache.hadoop.http.lib.StaticUserWebFilter$StaticUserFilter) to context hddsDatanode
2019-06-14 01:47:23,664 INFO  http.HttpServer2 (HttpServer2.java:addFilter(958)) - Added filter static_user_filter (class=org.apache.hadoop.http.lib.StaticUserWebFilter$StaticUserFilter) to context static
2019-06-14 01:47:23,665 INFO  http.HttpServer2 (HttpServer2.java:addFilter(958)) - Added filter static_user_filter (class=org.apache.hadoop.http.lib.StaticUserWebFilter$StaticUserFilter) to context logs
2019-06-14 01:47:23,665 INFO  http.HttpServer2 (HttpServer2.java:bindListener(1191)) - Jetty bound to port 32881
2019-06-14 01:47:23,665 INFO  server.Server (Server.java:doStart(351)) - jetty-9.3.24.v20180605, build timestamp: 2018-06-05T17:11:56Z, git hash: 84205aa28f11a4f31f2a3b86d1bba2cc8ab69827
2019-06-14 01:47:23,667 INFO  handler.ContextHandler (ContextHandler.java:doStart(781)) - Started o.e.j.s.ServletContextHandler@2e0ad709{/logs,file:///opt/src/hadoop-ozone/integration-test/target/log,AVAILABLE}
2019-06-14 01:47:23,668 INFO  handler.ContextHandler (ContextHandler.java:doStart(781)) - Started o.e.j.s.ServletContextHandler@39449465{/static,jar:file:/root/.m2/repository/org/apache/hadoop/hadoop-hdds-container-service/0.5.0-SNAPSHOT/hadoop-hdds-container-service-0.5.0-SNAPSHOT.jar!/webapps/static,AVAILABLE}
2019-06-14 01:47:23,697 INFO  handler.ContextHandler (ContextHandler.java:doStart(781)) - Started o.e.j.w.WebAppContext@2bf2d6eb{/,file:///tmp/jetty-0.0.0.0-32881-hddsDatanode-_-any-5226555506969561023.dir/webapp/,AVAILABLE}{/hddsDatanode}
2019-06-14 01:47:23,698 INFO  server.AbstractConnector (AbstractConnector.java:doStart(278)) - Started ServerConnector@6d6cd1e0{HTTP/1.1,[http/1.1]}{0.0.0.0:32881}
2019-06-14 01:47:23,698 INFO  server.Server (Server.java:doStart(419)) - Started @6816ms
2019-06-14 01:47:23,699 INFO  server.BaseHttpServer (BaseHttpServer.java:updateConnectorAddress(207)) - HTTP server of HDDSDATANODE is listening at http://0.0.0.0:32881
2019-06-14 01:47:23,866 INFO  ozone.HddsDatanodeService (HddsDatanodeService.java:startPlugins(396)) - Started plug-in org.apache.hadoop.ozone.web.OzoneHddsDatanodeService@28989415
2019-06-14 01:47:23,868 INFO  ozone.MiniOzoneClusterImpl (MiniOzoneClusterImpl.java:lambda$waitForClusterToBeReady$0(142)) - Waiting for cluster to be ready. Got 0 of 6 DN Heartbeats.
2019-06-14 01:47:23,873 INFO  util.JvmPauseMonitor (JvmPauseMonitor.java:run(188)) - Starting JVM pause monitor
2019-06-14 01:47:23,874 INFO  datanode.InitDatanodeState (InitDatanodeState.java:persistContainerDatanodeDetails(140)) - DatanodeDetails is persisted to /opt/src/hadoop-ozone/integration-test/target/test-dir/MiniOzoneClusterImpl-8a9ade3b-7790-45fd-8104-53fe4b5ecb70/datanode-5/meta/datanode.id
2019-06-14 01:47:24,617 INFO  ozoneimpl.OzoneContainer (OzoneContainer.java:start(186)) - Attempting to start container services.
2019-06-14 01:47:24,617 INFO  ozoneimpl.OzoneContainer (OzoneContainer.java:startContainerScrub(160)) - Background container scrubber has been disabled by hdds.containerscrub.enabled
2019-06-14 01:47:24,617 INFO  ratis.XceiverServerRatis (XceiverServerRatis.java:start(418)) - Starting XceiverServerRatis b4fa3bef-6d58-4f1a-9f95-f9f2b92eeeb0 at port 33171
2019-06-14 01:47:24,646 INFO  impl.RaftServerProxy (RaftServerProxy.java:lambda$start$3(299)) - b4fa3bef-6d58-4f1a-9f95-f9f2b92eeeb0: start RPC server
2019-06-14 01:47:24,763 INFO  server.GrpcService (GrpcService.java:startImpl(148)) - b4fa3bef-6d58-4f1a-9f95-f9f2b92eeeb0: GrpcService started, listening on 0.0.0.0/0.0.0.0:33171
2019-06-14 01:47:24,863 INFO  ozoneimpl.OzoneContainer (OzoneContainer.java:start(186)) - Attempting to start container services.
2019-06-14 01:47:24,864 INFO  ozoneimpl.OzoneContainer (OzoneContainer.java:startContainerScrub(160)) - Background container scrubber has been disabled by hdds.containerscrub.enabled
2019-06-14 01:47:24,864 INFO  ratis.XceiverServerRatis (XceiverServerRatis.java:start(418)) - Starting XceiverServerRatis 9f27923f-5e08-4bf3-b8dc-28255b12a126 at port 46265
2019-06-14 01:47:24,868 INFO  ozone.MiniOzoneClusterImpl (MiniOzoneClusterImpl.java:lambda$waitForClusterToBeReady$0(142)) - Waiting for cluster to be ready. Got 0 of 6 DN Heartbeats.
2019-06-14 01:47:24,905 INFO  impl.RaftServerProxy (RaftServerProxy.java:lambda$start$3(299)) - 9f27923f-5e08-4bf3-b8dc-28255b12a126: start RPC server
2019-06-14 01:47:24,912 INFO  server.GrpcService (GrpcService.java:startImpl(148)) - 9f27923f-5e08-4bf3-b8dc-28255b12a126: GrpcService started, listening on 0.0.0.0/0.0.0.0:46265
2019-06-14 01:47:25,125 INFO  ozoneimpl.OzoneContainer (OzoneContainer.java:start(186)) - Attempting to start container services.
2019-06-14 01:47:25,129 INFO  ozoneimpl.OzoneContainer (OzoneContainer.java:startContainerScrub(160)) - Background container scrubber has been disabled by hdds.containerscrub.enabled
2019-06-14 01:47:25,129 INFO  ratis.XceiverServerRatis (XceiverServerRatis.java:start(418)) - Starting XceiverServerRatis 08c404af-96d0-4147-8be0-e11763301d91 at port 34155
2019-06-14 01:47:25,139 INFO  impl.RaftServerProxy (RaftServerProxy.java:lambda$start$3(299)) - 08c404af-96d0-4147-8be0-e11763301d91: start RPC server
2019-06-14 01:47:25,182 INFO  server.GrpcService (GrpcService.java:startImpl(148)) - 08c404af-96d0-4147-8be0-e11763301d91: GrpcService started, listening on 0.0.0.0/0.0.0.0:34155
2019-06-14 01:47:25,387 INFO  ozoneimpl.OzoneContainer (OzoneContainer.java:start(186)) - Attempting to start container services.
2019-06-14 01:47:25,388 INFO  ozoneimpl.OzoneContainer (OzoneContainer.java:startContainerScrub(160)) - Background container scrubber has been disabled by hdds.containerscrub.enabled
2019-06-14 01:47:25,388 INFO  ratis.XceiverServerRatis (XceiverServerRatis.java:start(418)) - Starting XceiverServerRatis 4f8ec618-f580-4f3c-820c-a5e713290215 at port 42155
2019-06-14 01:47:25,432 INFO  impl.RaftServerProxy (RaftServerProxy.java:lambda$start$3(299)) - 4f8ec618-f580-4f3c-820c-a5e713290215: start RPC server
2019-06-14 01:47:25,435 INFO  server.GrpcService (GrpcService.java:startImpl(148)) - 4f8ec618-f580-4f3c-820c-a5e713290215: GrpcService started, listening on 0.0.0.0/0.0.0.0:42155
2019-06-14 01:47:25,604 INFO  ozoneimpl.OzoneContainer (OzoneContainer.java:start(186)) - Attempting to start container services.
2019-06-14 01:47:25,606 INFO  ozoneimpl.OzoneContainer (OzoneContainer.java:startContainerScrub(160)) - Background container scrubber has been disabled by hdds.containerscrub.enabled
2019-06-14 01:47:25,606 INFO  ratis.XceiverServerRatis (XceiverServerRatis.java:start(418)) - Starting XceiverServerRatis cfb49189-a762-419f-bae1-a854f5cd4c25 at port 44819
2019-06-14 01:47:25,614 INFO  impl.RaftServerProxy (RaftServerProxy.java:lambda$start$3(299)) - cfb49189-a762-419f-bae1-a854f5cd4c25: start RPC server
2019-06-14 01:47:25,628 INFO  server.GrpcService (GrpcService.java:startImpl(148)) - cfb49189-a762-419f-bae1-a854f5cd4c25: GrpcService started, listening on 0.0.0.0/0.0.0.0:44819
2019-06-14 01:47:25,868 INFO  ozone.MiniOzoneClusterImpl (MiniOzoneClusterImpl.java:lambda$waitForClusterToBeReady$0(142)) - Waiting for cluster to be ready. Got 0 of 6 DN Heartbeats.
2019-06-14 01:47:25,883 INFO  ozoneimpl.OzoneContainer (OzoneContainer.java:start(186)) - Attempting to start container services.
2019-06-14 01:47:25,886 INFO  ozoneimpl.OzoneContainer (OzoneContainer.java:startContainerScrub(160)) - Background container scrubber has been disabled by hdds.containerscrub.enabled
2019-06-14 01:47:25,886 INFO  ratis.XceiverServerRatis (XceiverServerRatis.java:start(418)) - Starting XceiverServerRatis 4bbe89e6-6059-4d2d-b369-a15f249e1caf at port 33679
2019-06-14 01:47:25,892 INFO  impl.RaftServerProxy (RaftServerProxy.java:lambda$start$3(299)) - 4bbe89e6-6059-4d2d-b369-a15f249e1caf: start RPC server
2019-06-14 01:47:25,898 INFO  server.GrpcService (GrpcService.java:startImpl(148)) - 4bbe89e6-6059-4d2d-b369-a15f249e1caf: GrpcService started, listening on 0.0.0.0/0.0.0.0:33679
2019-06-14 01:47:26,617 INFO  node.SCMNodeManager (SCMNodeManager.java:register(234)) - Registered Data node : b4fa3bef-6d58-4f1a-9f95-f9f2b92eeeb0{ip: 192.168.105.187, host: ozone-jv82d-2274558523, networkLocation: /default-rack, certSerialId: null}
2019-06-14 01:47:26,631 INFO  safemode.SCMSafeModeManager (DataNodeSafeModeRule.java:process(71)) - SCM in safe mode. 1 DataNodes registered, 1 required.
2019-06-14 01:47:26,631 INFO  safemode.SCMSafeModeManager (SCMSafeModeManager.java:validateSafeModeExitRules(177)) - ScmSafeModeManager, all rules are successfully validated
2019-06-14 01:47:26,631 INFO  safemode.SCMSafeModeManager (SCMSafeModeManager.java:exitSafeMode(193)) - SCM exiting safe mode.
2019-06-14 01:47:26,864 INFO  node.SCMNodeManager (SCMNodeManager.java:register(234)) - Registered Data node : 9f27923f-5e08-4bf3-b8dc-28255b12a126{ip: 192.168.105.187, host: ozone-jv82d-2274558523, networkLocation: /default-rack, certSerialId: null}
2019-06-14 01:47:26,869 INFO  ozone.MiniOzoneClusterImpl (MiniOzoneClusterImpl.java:lambda$waitForClusterToBeReady$0(142)) - Waiting for cluster to be ready. Got 2 of 6 DN Heartbeats.
2019-06-14 01:47:27,062 INFO  impl.RaftServerProxy (RaftServerProxy.java:addNew(89)) - b4fa3bef-6d58-4f1a-9f95-f9f2b92eeeb0: addNew group-78C0713F3C6A:[b4fa3bef-6d58-4f1a-9f95-f9f2b92eeeb0:192.168.105.187:33171] returns group-78C0713F3C6A:java.util.concurrent.CompletableFuture@f5d441a[Not completed]
2019-06-14 01:47:27,067 INFO  impl.RaftServerImpl (RaftServerImpl.java:<init>(91)) - b4fa3bef-6d58-4f1a-9f95-f9f2b92eeeb0: new RaftServerImpl for group-78C0713F3C6A:[b4fa3bef-6d58-4f1a-9f95-f9f2b92eeeb0:192.168.105.187:33171] with ContainerStateMachine:uninitialized
2019-06-14 01:47:27,068 INFO  server.RaftServerConfigKeys (ConfUtils.java:logGet(43)) - raft.server.rpc.timeout.min = 1s (custom)
2019-06-14 01:47:27,069 INFO  server.RaftServerConfigKeys (ConfUtils.java:logGet(43)) - raft.server.rpc.timeout.max = 1200ms (custom)
2019-06-14 01:47:27,069 INFO  server.RaftServerConfigKeys (ConfUtils.java:logGet(43)) - raft.server.rpcslowness.timeout = 10s (custom)
2019-06-14 01:47:27,070 INFO  server.RaftServerConfigKeys (ConfUtils.java:logGet(43)) - raft.server.log.appender.install.snapshot.enabled = true (default)
2019-06-14 01:47:27,075 INFO  impl.RaftServerImpl (ServerState.java:<init>(101)) - b4fa3bef-6d58-4f1a-9f95-f9f2b92eeeb0:group-78C0713F3C6A ConfigurationManager, init=-1: [b4fa3bef-6d58-4f1a-9f95-f9f2b92eeeb0:192.168.105.187:33171], old=null, confs=<EMPTY_MAP>
2019-06-14 01:47:27,075 INFO  server.RaftServerConfigKeys (ConfUtils.java:logGet(43)) - raft.server.storage.dir = [/opt/src/hadoop-ozone/integration-test/target/test-dir/MiniOzoneClusterImpl-8a9ade3b-7790-45fd-8104-53fe4b5ecb70/datanode-0/data/ratis] (custom)
2019-06-14 01:47:27,081 INFO  storage.RaftStorageDirectory (RaftStorageDirectory.java:analyzeStorage(246)) - The storage directory /opt/src/hadoop-ozone/integration-test/target/test-dir/MiniOzoneClusterImpl-8a9ade3b-7790-45fd-8104-53fe4b5ecb70/datanode-0/data/ratis/b44d1e24-f09e-4e7a-b3f4-78c0713f3c6a does not exist. Creating ...
2019-06-14 01:47:27,086 INFO  storage.RaftStorageDirectory (RaftStorageDirectory.java:tryLock(328)) - Lock on /opt/src/hadoop-ozone/integration-test/target/test-dir/MiniOzoneClusterImpl-8a9ade3b-7790-45fd-8104-53fe4b5ecb70/datanode-0/data/ratis/b44d1e24-f09e-4e7a-b3f4-78c0713f3c6a/in_use.lock acquired by nodename 10060@ozone-jv82d-2274558523
2019-06-14 01:47:27,090 INFO  storage.RaftStorage (RaftStorage.java:format(75)) - Storage directory /opt/src/hadoop-ozone/integration-test/target/test-dir/MiniOzoneClusterImpl-8a9ade3b-7790-45fd-8104-53fe4b5ecb70/datanode-0/data/ratis/b44d1e24-f09e-4e7a-b3f4-78c0713f3c6a has been successfully formatted.
2019-06-14 01:47:27,091 INFO  ratis.ContainerStateMachine (ContainerStateMachine.java:loadSnapshot(199)) - The snapshot info is null.Setting the last applied index to:(t:0, i:~)
2019-06-14 01:47:27,091 INFO  server.RaftServerConfigKeys (ConfUtils.java:logGet(43)) - raft.server.leader.election.timeout = 10s (custom)
2019-06-14 01:47:27,093 INFO  server.RaftServerConfigKeys (ConfUtils.java:logGet(43)) - raft.server.log.use.memory = false (default)
2019-06-14 01:47:27,094 INFO  server.RaftServerConfigKeys (ConfUtils.java:logGet(43)) - raft.server.log.appender.buffer.byte-limit = 33554432 (custom)
2019-06-14 01:47:27,097 INFO  server.RaftServerConfigKeys (ConfUtils.java:logGet(43)) - raft.server.log.segment.size.max = 16384 (custom)
2019-06-14 01:47:27,233 INFO  server.RaftServerConfigKeys (ConfUtils.java:logGet(43)) - raft.server.log.segment.cache.num.max = 2 (custom)
2019-06-14 01:47:27,236 INFO  node.SCMNodeManager (SCMNodeManager.java:register(234)) - Registered Data node : 08c404af-96d0-4147-8be0-e11763301d91{ip: 192.168.105.187, host: ozone-jv82d-2274558523, networkLocation: /default-rack, certSerialId: null}
2019-06-14 01:47:27,238 INFO  storage.RaftLogWorker (RaftLogWorker.java:<init>(123)) - new b4fa3bef-6d58-4f1a-9f95-f9f2b92eeeb0-RaftLogWorker for Storage Directory /opt/src/hadoop-ozone/integration-test/target/test-dir/MiniOzoneClusterImpl-8a9ade3b-7790-45fd-8104-53fe4b5ecb70/datanode-0/data/ratis/b44d1e24-f09e-4e7a-b3f4-78c0713f3c6a
2019-06-14 01:47:27,239 INFO  server.RaftServerConfigKeys (ConfUtils.java:logGet(43)) - raft.server.log.queue.byte-limit = 2147483647 (custom)
2019-06-14 01:47:27,239 INFO  server.RaftServerConfigKeys (ConfUtils.java:logGet(43)) - raft.server.log.queue.element-limit = 1024 (custom)
2019-06-14 01:47:27,241 INFO  server.RaftServerConfigKeys (ConfUtils.java:logGet(43)) - raft.server.log.segment.size.max = 16384 (custom)
2019-06-14 01:47:27,241 INFO  server.RaftServerConfigKeys (ConfUtils.java:logGet(43)) - raft.server.log.preallocated.size = 16384 (custom)
2019-06-14 01:47:27,242 INFO  server.RaftServerConfigKeys (ConfUtils.java:logGet(43)) - raft.server.log.write.buffer.size = 33554432 (custom)
2019-06-14 01:47:27,242 INFO  server.RaftServerConfigKeys (ConfUtils.java:logGet(43)) - raft.server.log.force.sync.num = 128 (default)
2019-06-14 01:47:27,243 INFO  server.RaftServerConfigKeys (ConfUtils.java:logGet(43)) - raft.server.log.statemachine.data.sync = true (default)
2019-06-14 01:47:27,243 INFO  server.RaftServerConfigKeys (ConfUtils.java:logGet(43)) - raft.server.log.statemachine.data.sync.timeout = 10s (default)
2019-06-14 01:47:27,244 INFO  server.RaftServerConfigKeys (ConfUtils.java:logGet(43)) - raft.server.log.statemachine.data.sync.timeout.retry = -1 (default)
2019-06-14 01:47:27,246 INFO  server.RaftServerConfigKeys (ConfUtils.java:logGet(43)) - raft.server.log.statemachine.data.caching.enabled = true (custom)
2019-06-14 01:47:27,252 INFO  server.RaftServerConfigKeys (ConfUtils.java:logGet(43)) - raft.server.snapshot.auto.trigger.enabled = true (custom)
2019-06-14 01:47:27,252 INFO  server.RaftServerConfigKeys (ConfUtils.java:logGet(43)) - raft.server.snapshot.auto.trigger.threshold = 10000 (custom)
2019-06-14 01:47:27,253 INFO  server.RaftServerConfigKeys (ConfUtils.java:logGet(43)) - raft.server.retrycache.expirytime = 600000ms (custom)
2019-06-14 01:47:27,267 INFO  impl.RaftServerImpl (RaftServerImpl.java:start(173)) - b4fa3bef-6d58-4f1a-9f95-f9f2b92eeeb0: start group-78C0713F3C6A
2019-06-14 01:47:27,268 INFO  impl.RaftServerImpl (RaftServerImpl.java:setRole(164)) - b4fa3bef-6d58-4f1a-9f95-f9f2b92eeeb0:group-78C0713F3C6A changes role from null to FOLLOWER at term 0 for startAsFollower
2019-06-14 01:47:27,268 INFO  impl.RoleInfo (RoleInfo.java:updateAndGet(143)) - b4fa3bef-6d58-4f1a-9f95-f9f2b92eeeb0: start FollowerState
2019-06-14 01:47:27,270 INFO  util.JmxRegister (JmxRegister.java:tryRegister(44)) - Successfully registered JMX Bean with object name Ratis:service=RaftServer,group=group-78C0713F3C6A,id=b4fa3bef-6d58-4f1a-9f95-f9f2b92eeeb0
2019-06-14 01:47:27,311 INFO  pipeline.PipelineStateManager (PipelineStateManager.java:addPipeline(56)) - Created pipeline Pipeline[ Id: b44d1e24-f09e-4e7a-b3f4-78c0713f3c6a, Nodes: b4fa3bef-6d58-4f1a-9f95-f9f2b92eeeb0{ip: 192.168.105.187, host: ozone-jv82d-2274558523, networkLocation: /default-rack, certSerialId: null}, Type:RATIS, Factor:ONE, State:OPEN]
2019-06-14 01:47:27,332 INFO  impl.RaftServerProxy (RaftServerProxy.java:addNew(89)) - 08c404af-96d0-4147-8be0-e11763301d91: addNew group-8BAF65B41587:[08c404af-96d0-4147-8be0-e11763301d91:192.168.105.187:34155] returns group-8BAF65B41587:java.util.concurrent.CompletableFuture@5c0f9bd6[Not completed]
2019-06-14 01:47:27,333 INFO  impl.RaftServerImpl (RaftServerImpl.java:<init>(91)) - 08c404af-96d0-4147-8be0-e11763301d91: new RaftServerImpl for group-8BAF65B41587:[08c404af-96d0-4147-8be0-e11763301d91:192.168.105.187:34155] with ContainerStateMachine:uninitialized
2019-06-14 01:47:27,335 INFO  server.RaftServerConfigKeys (ConfUtils.java:logGet(43)) - raft.server.rpc.timeout.min = 1s (custom)
2019-06-14 01:47:27,335 INFO  server.RaftServerConfigKeys (ConfUtils.java:logGet(43)) - raft.server.rpc.timeout.max = 1200ms (custom)
2019-06-14 01:47:27,336 INFO  server.RaftServerConfigKeys (ConfUtils.java:logGet(43)) - raft.server.rpcslowness.timeout = 10s (custom)
2019-06-14 01:47:27,336 INFO  server.RaftServerConfigKeys (ConfUtils.java:logGet(43)) - raft.server.log.appender.install.snapshot.enabled = true (default)
2019-06-14 01:47:27,336 INFO  impl.RaftServerImpl (ServerState.java:<init>(101)) - 08c404af-96d0-4147-8be0-e11763301d91:group-8BAF65B41587 ConfigurationManager, init=-1: [08c404af-96d0-4147-8be0-e11763301d91:192.168.105.187:34155], old=null, confs=<EMPTY_MAP>
2019-06-14 01:47:27,336 INFO  server.RaftServerConfigKeys (ConfUtils.java:logGet(43)) - raft.server.storage.dir = [/opt/src/hadoop-ozone/integration-test/target/test-dir/MiniOzoneClusterImpl-8a9ade3b-7790-45fd-8104-53fe4b5ecb70/datanode-2/data/ratis] (custom)
2019-06-14 01:47:27,336 INFO  storage.RaftStorageDirectory (RaftStorageDirectory.java:analyzeStorage(246)) - The storage directory /opt/src/hadoop-ozone/integration-test/target/test-dir/MiniOzoneClusterImpl-8a9ade3b-7790-45fd-8104-53fe4b5ecb70/datanode-2/data/ratis/858e0f34-276b-46cb-8fc1-8baf65b41587 does not exist. Creating ...
2019-06-14 01:47:27,339 INFO  storage.RaftStorageDirectory (RaftStorageDirectory.java:tryLock(328)) - Lock on /opt/src/hadoop-ozone/integration-test/target/test-dir/MiniOzoneClusterImpl-8a9ade3b-7790-45fd-8104-53fe4b5ecb70/datanode-2/data/ratis/858e0f34-276b-46cb-8fc1-8baf65b41587/in_use.lock acquired by nodename 10060@ozone-jv82d-2274558523
2019-06-14 01:47:27,341 INFO  storage.RaftStorage (RaftStorage.java:format(75)) - Storage directory /opt/src/hadoop-ozone/integration-test/target/test-dir/MiniOzoneClusterImpl-8a9ade3b-7790-45fd-8104-53fe4b5ecb70/datanode-2/data/ratis/858e0f34-276b-46cb-8fc1-8baf65b41587 has been successfully formatted.
2019-06-14 01:47:27,341 INFO  ratis.ContainerStateMachine (ContainerStateMachine.java:loadSnapshot(199)) - The snapshot info is null.Setting the last applied index to:(t:0, i:~)
2019-06-14 01:47:27,341 INFO  server.RaftServerConfigKeys (ConfUtils.java:logGet(43)) - raft.server.leader.election.timeout = 10s (custom)
2019-06-14 01:47:27,341 INFO  server.RaftServerConfigKeys (ConfUtils.java:logGet(43)) - raft.server.log.use.memory = false (default)
2019-06-14 01:47:27,341 INFO  server.RaftServerConfigKeys (ConfUtils.java:logGet(43)) - raft.server.log.appender.buffer.byte-limit = 33554432 (custom)
2019-06-14 01:47:27,341 INFO  server.RaftServerConfigKeys (ConfUtils.java:logGet(43)) - raft.server.log.segment.size.max = 16384 (custom)
2019-06-14 01:47:27,341 INFO  server.RaftServerConfigKeys (ConfUtils.java:logGet(43)) - raft.server.log.segment.cache.num.max = 2 (custom)
2019-06-14 01:47:27,341 INFO  storage.RaftLogWorker (RaftLogWorker.java:<init>(123)) - new 08c404af-96d0-4147-8be0-e11763301d91-RaftLogWorker for Storage Directory /opt/src/hadoop-ozone/integration-test/target/test-dir/MiniOzoneClusterImpl-8a9ade3b-7790-45fd-8104-53fe4b5ecb70/datanode-2/data/ratis/858e0f34-276b-46cb-8fc1-8baf65b41587
2019-06-14 01:47:27,343 INFO  server.RaftServerConfigKeys (ConfUtils.java:logGet(43)) - raft.server.log.queue.byte-limit = 2147483647 (custom)
2019-06-14 01:47:27,343 INFO  server.RaftServerConfigKeys (ConfUtils.java:logGet(43)) - raft.server.log.queue.element-limit = 1024 (custom)
2019-06-14 01:47:27,343 INFO  server.RaftServerConfigKeys (ConfUtils.java:logGet(43)) - raft.server.log.segment.size.max = 16384 (custom)
2019-06-14 01:47:27,343 INFO  server.RaftServerConfigKeys (ConfUtils.java:logGet(43)) - raft.server.log.preallocated.size = 16384 (custom)
2019-06-14 01:47:27,343 INFO  server.RaftServerConfigKeys (ConfUtils.java:logGet(43)) - raft.server.log.write.buffer.size = 33554432 (custom)
2019-06-14 01:47:27,343 INFO  server.RaftServerConfigKeys (ConfUtils.java:logGet(43)) - raft.server.log.force.sync.num = 128 (default)
2019-06-14 01:47:27,344 INFO  server.RaftServerConfigKeys (ConfUtils.java:logGet(43)) - raft.server.log.statemachine.data.sync = true (default)
2019-06-14 01:47:27,344 INFO  server.RaftServerConfigKeys (ConfUtils.java:logGet(43)) - raft.server.log.statemachine.data.sync.timeout = 10s (default)
2019-06-14 01:47:27,344 INFO  server.RaftServerConfigKeys (ConfUtils.java:logGet(43)) - raft.server.log.statemachine.data.sync.timeout.retry = -1 (default)
2019-06-14 01:47:27,344 INFO  server.RaftServerConfigKeys (ConfUtils.java:logGet(43)) - raft.server.log.statemachine.data.caching.enabled = true (custom)
2019-06-14 01:47:27,345 INFO  server.RaftServerConfigKeys (ConfUtils.java:logGet(43)) - raft.server.snapshot.auto.trigger.enabled = true (custom)
2019-06-14 01:47:27,345 INFO  server.RaftServerConfigKeys (ConfUtils.java:logGet(43)) - raft.server.snapshot.auto.trigger.threshold = 10000 (custom)
2019-06-14 01:47:27,345 INFO  server.RaftServerConfigKeys (ConfUtils.java:logGet(43)) - raft.server.retrycache.expirytime = 600000ms (custom)
2019-06-14 01:47:27,345 INFO  impl.RaftServerImpl (RaftServerImpl.java:start(173)) - 08c404af-96d0-4147-8be0-e11763301d91: start group-8BAF65B41587
2019-06-14 01:47:27,345 INFO  impl.RaftServerImpl (RaftServerImpl.java:setRole(164)) - 08c404af-96d0-4147-8be0-e11763301d91:group-8BAF65B41587 changes role from null to FOLLOWER at term 0 for startAsFollower
2019-06-14 01:47:27,345 INFO  impl.RoleInfo (RoleInfo.java:updateAndGet(143)) - 08c404af-96d0-4147-8be0-e11763301d91: start FollowerState
2019-06-14 01:47:27,347 INFO  util.JmxRegister (JmxRegister.java:tryRegister(44)) - Successfully registered JMX Bean with object name Ratis:service=RaftServer,group=group-8BAF65B41587,id=08c404af-96d0-4147-8be0-e11763301d91
2019-06-14 01:47:27,359 INFO  pipeline.PipelineStateManager (PipelineStateManager.java:addPipeline(56)) - Created pipeline Pipeline[ Id: 858e0f34-276b-46cb-8fc1-8baf65b41587, Nodes: 08c404af-96d0-4147-8be0-e11763301d91{ip: 192.168.105.187, host: ozone-jv82d-2274558523, networkLocation: /default-rack, certSerialId: null}, Type:RATIS, Factor:ONE, State:OPEN]
2019-06-14 01:47:27,383 INFO  impl.RaftServerProxy (RaftServerProxy.java:addNew(89)) - 9f27923f-5e08-4bf3-b8dc-28255b12a126: addNew group-4A2501CD1C9C:[9f27923f-5e08-4bf3-b8dc-28255b12a126:192.168.105.187:46265] returns group-4A2501CD1C9C:java.util.concurrent.CompletableFuture@744bf6c5[Not completed]
2019-06-14 01:47:27,398 INFO  node.SCMNodeManager (SCMNodeManager.java:register(234)) - Registered Data node : 4f8ec618-f580-4f3c-820c-a5e713290215{ip: 192.168.105.187, host: ozone-jv82d-2274558523, networkLocation: /default-rack, certSerialId: null}
2019-06-14 01:47:27,414 INFO  impl.RaftServerImpl (RaftServerImpl.java:<init>(91)) - 9f27923f-5e08-4bf3-b8dc-28255b12a126: new RaftServerImpl for group-4A2501CD1C9C:[9f27923f-5e08-4bf3-b8dc-28255b12a126:192.168.105.187:46265] with ContainerStateMachine:uninitialized
2019-06-14 01:47:27,414 INFO  server.RaftServerConfigKeys (ConfUtils.java:logGet(43)) - raft.server.rpc.timeout.min = 1s (custom)
2019-06-14 01:47:27,414 INFO  server.RaftServerConfigKeys (ConfUtils.java:logGet(43)) - raft.server.rpc.timeout.max = 1200ms (custom)
2019-06-14 01:47:27,414 INFO  server.RaftServerConfigKeys (ConfUtils.java:logGet(43)) - raft.server.rpcslowness.timeout = 10s (custom)
2019-06-14 01:47:27,414 INFO  server.RaftServerConfigKeys (ConfUtils.java:logGet(43)) - raft.server.log.appender.install.snapshot.enabled = true (default)
2019-06-14 01:47:27,414 INFO  impl.RaftServerImpl (ServerState.java:<init>(101)) - 9f27923f-5e08-4bf3-b8dc-28255b12a126:group-4A2501CD1C9C ConfigurationManager, init=-1: [9f27923f-5e08-4bf3-b8dc-28255b12a126:192.168.105.187:46265], old=null, confs=<EMPTY_MAP>
2019-06-14 01:47:27,414 INFO  server.RaftServerConfigKeys (ConfUtils.java:logGet(43)) - raft.server.storage.dir = [/opt/src/hadoop-ozone/integration-test/target/test-dir/MiniOzoneClusterImpl-8a9ade3b-7790-45fd-8104-53fe4b5ecb70/datanode-1/data/ratis] (custom)
2019-06-14 01:47:27,415 INFO  storage.RaftStorageDirectory (RaftStorageDirectory.java:analyzeStorage(246)) - The storage directory /opt/src/hadoop-ozone/integration-test/target/test-dir/MiniOzoneClusterImpl-8a9ade3b-7790-45fd-8104-53fe4b5ecb70/datanode-1/data/ratis/fdb5a14f-3192-499c-b262-4a2501cd1c9c does not exist. Creating ...
2019-06-14 01:47:27,418 INFO  storage.RaftStorageDirectory (RaftStorageDirectory.java:tryLock(328)) - Lock on /opt/src/hadoop-ozone/integration-test/target/test-dir/MiniOzoneClusterImpl-8a9ade3b-7790-45fd-8104-53fe4b5ecb70/datanode-1/data/ratis/fdb5a14f-3192-499c-b262-4a2501cd1c9c/in_use.lock acquired by nodename 10060@ozone-jv82d-2274558523
2019-06-14 01:47:27,420 INFO  storage.RaftStorage (RaftStorage.java:format(75)) - Storage directory /opt/src/hadoop-ozone/integration-test/target/test-dir/MiniOzoneClusterImpl-8a9ade3b-7790-45fd-8104-53fe4b5ecb70/datanode-1/data/ratis/fdb5a14f-3192-499c-b262-4a2501cd1c9c has been successfully formatted.
2019-06-14 01:47:27,421 INFO  ratis.ContainerStateMachine (ContainerStateMachine.java:loadSnapshot(199)) - The snapshot info is null.Setting the last applied index to:(t:0, i:~)
2019-06-14 01:47:27,422 INFO  server.RaftServerConfigKeys (ConfUtils.java:logGet(43)) - raft.server.leader.election.timeout = 10s (custom)
2019-06-14 01:47:27,422 INFO  server.RaftServerConfigKeys (ConfUtils.java:logGet(43)) - raft.server.log.use.memory = false (default)
2019-06-14 01:47:27,422 INFO  server.RaftServerConfigKeys (ConfUtils.java:logGet(43)) - raft.server.log.appender.buffer.byte-limit = 33554432 (custom)
2019-06-14 01:47:27,422 INFO  server.RaftServerConfigKeys (ConfUtils.java:logGet(43)) - raft.server.log.segment.size.max = 16384 (custom)
2019-06-14 01:47:27,422 INFO  server.RaftServerConfigKeys (ConfUtils.java:logGet(43)) - raft.server.log.segment.cache.num.max = 2 (custom)
2019-06-14 01:47:27,422 INFO  storage.RaftLogWorker (RaftLogWorker.java:<init>(123)) - new 9f27923f-5e08-4bf3-b8dc-28255b12a126-RaftLogWorker for Storage Directory /opt/src/hadoop-ozone/integration-test/target/test-dir/MiniOzoneClusterImpl-8a9ade3b-7790-45fd-8104-53fe4b5ecb70/datanode-1/data/ratis/fdb5a14f-3192-499c-b262-4a2501cd1c9c
2019-06-14 01:47:27,422 INFO  server.RaftServerConfigKeys (ConfUtils.java:logGet(43)) - raft.server.log.queue.byte-limit = 2147483647 (custom)
2019-06-14 01:47:27,422 INFO  server.RaftServerConfigKeys (ConfUtils.java:logGet(43)) - raft.server.log.queue.element-limit = 1024 (custom)
2019-06-14 01:47:27,422 INFO  server.RaftServerConfigKeys (ConfUtils.java:logGet(43)) - raft.server.log.segment.size.max = 16384 (custom)
2019-06-14 01:47:27,422 INFO  server.RaftServerConfigKeys (ConfUtils.java:logGet(43)) - raft.server.log.preallocated.size = 16384 (custom)
2019-06-14 01:47:27,422 INFO  server.RaftServerConfigKeys (ConfUtils.java:logGet(43)) - raft.server.log.write.buffer.size = 33554432 (custom)
2019-06-14 01:47:27,422 INFO  server.RaftServerConfigKeys (ConfUtils.java:logGet(43)) - raft.server.log.force.sync.num = 128 (default)
2019-06-14 01:47:27,423 INFO  server.RaftServerConfigKeys (ConfUtils.java:logGet(43)) - raft.server.log.statemachine.data.sync = true (default)
2019-06-14 01:47:27,423 INFO  server.RaftServerConfigKeys (ConfUtils.java:logGet(43)) - raft.server.log.statemachine.data.sync.timeout = 10s (default)
2019-06-14 01:47:27,423 INFO  server.RaftServerConfigKeys (ConfUtils.java:logGet(43)) - raft.server.log.statemachine.data.sync.timeout.retry = -1 (default)
2019-06-14 01:47:27,423 INFO  server.RaftServerConfigKeys (ConfUtils.java:logGet(43)) - raft.server.log.statemachine.data.caching.enabled = true (custom)
2019-06-14 01:47:27,423 INFO  server.RaftServerConfigKeys (ConfUtils.java:logGet(43)) - raft.server.snapshot.auto.trigger.enabled = true (custom)
2019-06-14 01:47:27,423 INFO  server.RaftServerConfigKeys (ConfUtils.java:logGet(43)) - raft.server.snapshot.auto.trigger.threshold = 10000 (custom)
2019-06-14 01:47:27,424 INFO  server.RaftServerConfigKeys (ConfUtils.java:logGet(43)) - raft.server.retrycache.expirytime = 600000ms (custom)
2019-06-14 01:47:27,424 INFO  impl.RaftServerImpl (RaftServerImpl.java:start(173)) - 9f27923f-5e08-4bf3-b8dc-28255b12a126: start group-4A2501CD1C9C
2019-06-14 01:47:27,424 INFO  impl.RaftServerImpl (RaftServerImpl.java:setRole(164)) - 9f27923f-5e08-4bf3-b8dc-28255b12a126:group-4A2501CD1C9C changes role from null to FOLLOWER at term 0 for startAsFollower
2019-06-14 01:47:27,424 INFO  impl.RoleInfo (RoleInfo.java:updateAndGet(143)) - 9f27923f-5e08-4bf3-b8dc-28255b12a126: start FollowerState
2019-06-14 01:47:27,424 INFO  util.JmxRegister (JmxRegister.java:tryRegister(44)) - Successfully registered JMX Bean with object name Ratis:service=RaftServer,group=group-4A2501CD1C9C,id=9f27923f-5e08-4bf3-b8dc-28255b12a126
2019-06-14 01:47:27,431 INFO  pipeline.PipelineStateManager (PipelineStateManager.java:addPipeline(56)) - Created pipeline Pipeline[ Id: fdb5a14f-3192-499c-b262-4a2501cd1c9c, Nodes: 9f27923f-5e08-4bf3-b8dc-28255b12a126{ip: 192.168.105.187, host: ozone-jv82d-2274558523, networkLocation: /default-rack, certSerialId: null}, Type:RATIS, Factor:ONE, State:OPEN]
2019-06-14 01:47:27,452 INFO  impl.RaftServerProxy (RaftServerProxy.java:addNew(89)) - 4f8ec618-f580-4f3c-820c-a5e713290215: addNew group-C2BCC60F96B0:[4f8ec618-f580-4f3c-820c-a5e713290215:192.168.105.187:42155] returns group-C2BCC60F96B0:java.util.concurrent.CompletableFuture@d98249[Not completed]
2019-06-14 01:47:27,458 INFO  impl.RaftServerImpl (RaftServerImpl.java:<init>(91)) - 4f8ec618-f580-4f3c-820c-a5e713290215: new RaftServerImpl for group-C2BCC60F96B0:[4f8ec618-f580-4f3c-820c-a5e713290215:192.168.105.187:42155] with ContainerStateMachine:uninitialized
2019-06-14 01:47:27,458 INFO  server.RaftServerConfigKeys (ConfUtils.java:logGet(43)) - raft.server.rpc.timeout.min = 1s (custom)
2019-06-14 01:47:27,458 INFO  server.RaftServerConfigKeys (ConfUtils.java:logGet(43)) - raft.server.rpc.timeout.max = 1200ms (custom)
2019-06-14 01:47:27,458 INFO  server.RaftServerConfigKeys (ConfUtils.java:logGet(43)) - raft.server.rpcslowness.timeout = 10s (custom)
2019-06-14 01:47:27,458 INFO  server.RaftServerConfigKeys (ConfUtils.java:logGet(43)) - raft.server.log.appender.install.snapshot.enabled = true (default)
2019-06-14 01:47:27,458 INFO  impl.RaftServerImpl (ServerState.java:<init>(101)) - 4f8ec618-f580-4f3c-820c-a5e713290215:group-C2BCC60F96B0 ConfigurationManager, init=-1: [4f8ec618-f580-4f3c-820c-a5e713290215:192.168.105.187:42155], old=null, confs=<EMPTY_MAP>
2019-06-14 01:47:27,459 INFO  server.RaftServerConfigKeys (ConfUtils.java:logGet(43)) - raft.server.storage.dir = [/opt/src/hadoop-ozone/integration-test/target/test-dir/MiniOzoneClusterImpl-8a9ade3b-7790-45fd-8104-53fe4b5ecb70/datanode-3/data/ratis] (custom)
2019-06-14 01:47:27,459 INFO  storage.RaftStorageDirectory (RaftStorageDirectory.java:analyzeStorage(246)) - The storage directory /opt/src/hadoop-ozone/integration-test/target/test-dir/MiniOzoneClusterImpl-8a9ade3b-7790-45fd-8104-53fe4b5ecb70/datanode-3/data/ratis/5b63d036-a420-449d-964c-c2bcc60f96b0 does not exist. Creating ...
2019-06-14 01:47:27,461 INFO  storage.RaftStorageDirectory (RaftStorageDirectory.java:tryLock(328)) - Lock on /opt/src/hadoop-ozone/integration-test/target/test-dir/MiniOzoneClusterImpl-8a9ade3b-7790-45fd-8104-53fe4b5ecb70/datanode-3/data/ratis/5b63d036-a420-449d-964c-c2bcc60f96b0/in_use.lock acquired by nodename 10060@ozone-jv82d-2274558523
2019-06-14 01:47:27,463 INFO  storage.RaftStorage (RaftStorage.java:format(75)) - Storage directory /opt/src/hadoop-ozone/integration-test/target/test-dir/MiniOzoneClusterImpl-8a9ade3b-7790-45fd-8104-53fe4b5ecb70/datanode-3/data/ratis/5b63d036-a420-449d-964c-c2bcc60f96b0 has been successfully formatted.
2019-06-14 01:47:27,464 INFO  ratis.ContainerStateMachine (ContainerStateMachine.java:loadSnapshot(199)) - The snapshot info is null.Setting the last applied index to:(t:0, i:~)
2019-06-14 01:47:27,464 INFO  server.RaftServerConfigKeys (ConfUtils.java:logGet(43)) - raft.server.leader.election.timeout = 10s (custom)
2019-06-14 01:47:27,464 INFO  server.RaftServerConfigKeys (ConfUtils.java:logGet(43)) - raft.server.log.use.memory = false (default)
2019-06-14 01:47:27,464 INFO  server.RaftServerConfigKeys (ConfUtils.java:logGet(43)) - raft.server.log.appender.buffer.byte-limit = 33554432 (custom)
2019-06-14 01:47:27,464 INFO  server.RaftServerConfigKeys (ConfUtils.java:logGet(43)) - raft.server.log.segment.size.max = 16384 (custom)
2019-06-14 01:47:27,464 INFO  server.RaftServerConfigKeys (ConfUtils.java:logGet(43)) - raft.server.log.segment.cache.num.max = 2 (custom)
2019-06-14 01:47:27,464 INFO  storage.RaftLogWorker (RaftLogWorker.java:<init>(123)) - new 4f8ec618-f580-4f3c-820c-a5e713290215-RaftLogWorker for Storage Directory /opt/src/hadoop-ozone/integration-test/target/test-dir/MiniOzoneClusterImpl-8a9ade3b-7790-45fd-8104-53fe4b5ecb70/datanode-3/data/ratis/5b63d036-a420-449d-964c-c2bcc60f96b0
2019-06-14 01:47:27,465 INFO  server.RaftServerConfigKeys (ConfUtils.java:logGet(43)) - raft.server.log.queue.byte-limit = 2147483647 (custom)
2019-06-14 01:47:27,465 INFO  server.RaftServerConfigKeys (ConfUtils.java:logGet(43)) - raft.server.log.queue.element-limit = 1024 (custom)
2019-06-14 01:47:27,465 INFO  server.RaftServerConfigKeys (ConfUtils.java:logGet(43)) - raft.server.log.segment.size.max = 16384 (custom)
2019-06-14 01:47:27,465 INFO  server.RaftServerConfigKeys (ConfUtils.java:logGet(43)) - raft.server.log.preallocated.size = 16384 (custom)
2019-06-14 01:47:27,465 INFO  server.RaftServerConfigKeys (ConfUtils.java:logGet(43)) - raft.server.log.write.buffer.size = 33554432 (custom)
2019-06-14 01:47:27,465 INFO  server.RaftServerConfigKeys (ConfUtils.java:logGet(43)) - raft.server.log.force.sync.num = 128 (default)
2019-06-14 01:47:27,465 INFO  server.RaftServerConfigKeys (ConfUtils.java:logGet(43)) - raft.server.log.statemachine.data.sync = true (default)
2019-06-14 01:47:27,465 INFO  server.RaftServerConfigKeys (ConfUtils.java:logGet(43)) - raft.server.log.statemachine.data.sync.timeout = 10s (default)
2019-06-14 01:47:27,466 INFO  server.RaftServerConfigKeys (ConfUtils.java:logGet(43)) - raft.server.log.statemachine.data.sync.timeout.retry = -1 (default)
2019-06-14 01:47:27,466 INFO  server.RaftServerConfigKeys (ConfUtils.java:logGet(43)) - raft.server.log.statemachine.data.caching.enabled = true (custom)
2019-06-14 01:47:27,466 INFO  server.RaftServerConfigKeys (ConfUtils.java:logGet(43)) - raft.server.snapshot.auto.trigger.enabled = true (custom)
2019-06-14 01:47:27,466 INFO  server.RaftServerConfigKeys (ConfUtils.java:logGet(43)) - raft.server.snapshot.auto.trigger.threshold = 10000 (custom)
2019-06-14 01:47:27,466 INFO  server.RaftServerConfigKeys (ConfUtils.java:logGet(43)) - raft.server.retrycache.expirytime = 600000ms (custom)
2019-06-14 01:47:27,466 INFO  impl.RaftServerImpl (RaftServerImpl.java:start(173)) - 4f8ec618-f580-4f3c-820c-a5e713290215: start group-C2BCC60F96B0
2019-06-14 01:47:27,467 INFO  impl.RaftServerImpl (RaftServerImpl.java:setRole(164)) - 4f8ec618-f580-4f3c-820c-a5e713290215:group-C2BCC60F96B0 changes role from null to FOLLOWER at term 0 for startAsFollower
2019-06-14 01:47:27,467 INFO  impl.RoleInfo (RoleInfo.java:updateAndGet(143)) - 4f8ec618-f580-4f3c-820c-a5e713290215: start FollowerState
2019-06-14 01:47:27,467 INFO  util.JmxRegister (JmxRegister.java:tryRegister(44)) - Successfully registered JMX Bean with object name Ratis:service=RaftServer,group=group-C2BCC60F96B0,id=4f8ec618-f580-4f3c-820c-a5e713290215
2019-06-14 01:47:27,472 INFO  pipeline.PipelineStateManager (PipelineStateManager.java:addPipeline(56)) - Created pipeline Pipeline[ Id: 5b63d036-a420-449d-964c-c2bcc60f96b0, Nodes: 4f8ec618-f580-4f3c-820c-a5e713290215{ip: 192.168.105.187, host: ozone-jv82d-2274558523, networkLocation: /default-rack, certSerialId: null}, Type:RATIS, Factor:ONE, State:OPEN]
2019-06-14 01:47:27,515 INFO  impl.RaftServerProxy (RaftServerProxy.java:addNew(89)) - 08c404af-96d0-4147-8be0-e11763301d91: addNew group-799DB96F7338:[4f8ec618-f580-4f3c-820c-a5e713290215:192.168.105.187:42155, b4fa3bef-6d58-4f1a-9f95-f9f2b92eeeb0:192.168.105.187:33171, 08c404af-96d0-4147-8be0-e11763301d91:192.168.105.187:34155] returns group-799DB96F7338:java.util.concurrent.CompletableFuture@3cf5e5c5[Not completed]
2019-06-14 01:47:27,516 INFO  impl.RaftServerImpl (RaftServerImpl.java:<init>(91)) - 08c404af-96d0-4147-8be0-e11763301d91: new RaftServerImpl for group-799DB96F7338:[4f8ec618-f580-4f3c-820c-a5e713290215:192.168.105.187:42155, b4fa3bef-6d58-4f1a-9f95-f9f2b92eeeb0:192.168.105.187:33171, 08c404af-96d0-4147-8be0-e11763301d91:192.168.105.187:34155] with ContainerStateMachine:uninitialized
2019-06-14 01:47:27,516 INFO  server.RaftServerConfigKeys (ConfUtils.java:logGet(43)) - raft.server.rpc.timeout.min = 1s (custom)
2019-06-14 01:47:27,517 INFO  server.RaftServerConfigKeys (ConfUtils.java:logGet(43)) - raft.server.rpc.timeout.max = 1200ms (custom)
2019-06-14 01:47:27,517 INFO  server.RaftServerConfigKeys (ConfUtils.java:logGet(43)) - raft.server.rpcslowness.timeout = 10s (custom)
2019-06-14 01:47:27,517 INFO  server.RaftServerConfigKeys (ConfUtils.java:logGet(43)) - raft.server.log.appender.install.snapshot.enabled = true (default)
2019-06-14 01:47:27,517 INFO  impl.RaftServerImpl (ServerState.java:<init>(101)) - 08c404af-96d0-4147-8be0-e11763301d91:group-799DB96F7338 ConfigurationManager, init=-1: [4f8ec618-f580-4f3c-820c-a5e713290215:192.168.105.187:42155, b4fa3bef-6d58-4f1a-9f95-f9f2b92eeeb0:192.168.105.187:33171, 08c404af-96d0-4147-8be0-e11763301d91:192.168.105.187:34155], old=null, confs=<EMPTY_MAP>
2019-06-14 01:47:27,517 INFO  server.RaftServerConfigKeys (ConfUtils.java:logGet(43)) - raft.server.storage.dir = [/opt/src/hadoop-ozone/integration-test/target/test-dir/MiniOzoneClusterImpl-8a9ade3b-7790-45fd-8104-53fe4b5ecb70/datanode-2/data/ratis] (custom)
2019-06-14 01:47:27,517 INFO  storage.RaftStorageDirectory (RaftStorageDirectory.java:analyzeStorage(246)) - The storage directory /opt/src/hadoop-ozone/integration-test/target/test-dir/MiniOzoneClusterImpl-8a9ade3b-7790-45fd-8104-53fe4b5ecb70/datanode-2/data/ratis/7b0665be-5e6a-49eb-8861-799db96f7338 does not exist. Creating ...
2019-06-14 01:47:27,518 INFO  impl.RaftServerProxy (RaftServerProxy.java:addNew(89)) - 4f8ec618-f580-4f3c-820c-a5e713290215: addNew group-799DB96F7338:[4f8ec618-f580-4f3c-820c-a5e713290215:192.168.105.187:42155, b4fa3bef-6d58-4f1a-9f95-f9f2b92eeeb0:192.168.105.187:33171, 08c404af-96d0-4147-8be0-e11763301d91:192.168.105.187:34155] returns group-799DB96F7338:java.util.concurrent.CompletableFuture@38ca6683[Not completed]
2019-06-14 01:47:27,519 INFO  impl.RaftServerImpl (RaftServerImpl.java:<init>(91)) - 4f8ec618-f580-4f3c-820c-a5e713290215: new RaftServerImpl for group-799DB96F7338:[4f8ec618-f580-4f3c-820c-a5e713290215:192.168.105.187:42155, b4fa3bef-6d58-4f1a-9f95-f9f2b92eeeb0:192.168.105.187:33171, 08c404af-96d0-4147-8be0-e11763301d91:192.168.105.187:34155] with ContainerStateMachine:uninitialized
2019-06-14 01:47:27,519 INFO  server.RaftServerConfigKeys (ConfUtils.java:logGet(43)) - raft.server.rpc.timeout.min = 1s (custom)
2019-06-14 01:47:27,519 INFO  server.RaftServerConfigKeys (ConfUtils.java:logGet(43)) - raft.server.rpc.timeout.max = 1200ms (custom)
2019-06-14 01:47:27,519 INFO  server.RaftServerConfigKeys (ConfUtils.java:logGet(43)) - raft.server.rpcslowness.timeout = 10s (custom)
2019-06-14 01:47:27,519 INFO  server.RaftServerConfigKeys (ConfUtils.java:logGet(43)) - raft.server.log.appender.install.snapshot.enabled = true (default)
2019-06-14 01:47:27,519 INFO  impl.RaftServerImpl (ServerState.java:<init>(101)) - 4f8ec618-f580-4f3c-820c-a5e713290215:group-799DB96F7338 ConfigurationManager, init=-1: [4f8ec618-f580-4f3c-820c-a5e713290215:192.168.105.187:42155, b4fa3bef-6d58-4f1a-9f95-f9f2b92eeeb0:192.168.105.187:33171, 08c404af-96d0-4147-8be0-e11763301d91:192.168.105.187:34155], old=null, confs=<EMPTY_MAP>
2019-06-14 01:47:27,520 INFO  server.RaftServerConfigKeys (ConfUtils.java:logGet(43)) - raft.server.storage.dir = [/opt/src/hadoop-ozone/integration-test/target/test-dir/MiniOzoneClusterImpl-8a9ade3b-7790-45fd-8104-53fe4b5ecb70/datanode-3/data/ratis] (custom)
2019-06-14 01:47:27,520 INFO  storage.RaftStorageDirectory (RaftStorageDirectory.java:analyzeStorage(246)) - The storage directory /opt/src/hadoop-ozone/integration-test/target/test-dir/MiniOzoneClusterImpl-8a9ade3b-7790-45fd-8104-53fe4b5ecb70/datanode-3/data/ratis/7b0665be-5e6a-49eb-8861-799db96f7338 does not exist. Creating ...
2019-06-14 01:47:27,520 INFO  storage.RaftStorageDirectory (RaftStorageDirectory.java:tryLock(328)) - Lock on /opt/src/hadoop-ozone/integration-test/target/test-dir/MiniOzoneClusterImpl-8a9ade3b-7790-45fd-8104-53fe4b5ecb70/datanode-2/data/ratis/7b0665be-5e6a-49eb-8861-799db96f7338/in_use.lock acquired by nodename 10060@ozone-jv82d-2274558523
2019-06-14 01:47:27,522 INFO  storage.RaftStorageDirectory (RaftStorageDirectory.java:tryLock(328)) - Lock on /opt/src/hadoop-ozone/integration-test/target/test-dir/MiniOzoneClusterImpl-8a9ade3b-7790-45fd-8104-53fe4b5ecb70/datanode-3/data/ratis/7b0665be-5e6a-49eb-8861-799db96f7338/in_use.lock acquired by nodename 10060@ozone-jv82d-2274558523
2019-06-14 01:47:27,522 INFO  impl.RaftServerImpl (RaftServerImpl.java:<init>(91)) - b4fa3bef-6d58-4f1a-9f95-f9f2b92eeeb0: new RaftServerImpl for group-799DB96F7338:[4f8ec618-f580-4f3c-820c-a5e713290215:192.168.105.187:42155, b4fa3bef-6d58-4f1a-9f95-f9f2b92eeeb0:192.168.105.187:33171, 08c404af-96d0-4147-8be0-e11763301d91:192.168.105.187:34155] with ContainerStateMachine:uninitialized
2019-06-14 01:47:27,522 INFO  server.RaftServerConfigKeys (ConfUtils.java:logGet(43)) - raft.server.rpc.timeout.min = 1s (custom)
2019-06-14 01:47:27,522 INFO  server.RaftServerConfigKeys (ConfUtils.java:logGet(43)) - raft.server.rpc.timeout.max = 1200ms (custom)
2019-06-14 01:47:27,523 INFO  server.RaftServerConfigKeys (ConfUtils.java:logGet(43)) - raft.server.rpcslowness.timeout = 10s (custom)
2019-06-14 01:47:27,523 INFO  server.RaftServerConfigKeys (ConfUtils.java:logGet(43)) - raft.server.log.appender.install.snapshot.enabled = true (default)
2019-06-14 01:47:27,523 INFO  impl.RaftServerImpl (ServerState.java:<init>(101)) - b4fa3bef-6d58-4f1a-9f95-f9f2b92eeeb0:group-799DB96F7338 ConfigurationManager, init=-1: [4f8ec618-f580-4f3c-820c-a5e713290215:192.168.105.187:42155, b4fa3bef-6d58-4f1a-9f95-f9f2b92eeeb0:192.168.105.187:33171, 08c404af-96d0-4147-8be0-e11763301d91:192.168.105.187:34155], old=null, confs=<EMPTY_MAP>
2019-06-14 01:47:27,523 INFO  server.RaftServerConfigKeys (ConfUtils.java:logGet(43)) - raft.server.storage.dir = [/opt/src/hadoop-ozone/integration-test/target/test-dir/MiniOzoneClusterImpl-8a9ade3b-7790-45fd-8104-53fe4b5ecb70/datanode-0/data/ratis] (custom)
2019-06-14 01:47:27,523 INFO  storage.RaftStorageDirectory (RaftStorageDirectory.java:analyzeStorage(246)) - The storage directory /opt/src/hadoop-ozone/integration-test/target/test-dir/MiniOzoneClusterImpl-8a9ade3b-7790-45fd-8104-53fe4b5ecb70/datanode-0/data/ratis/7b0665be-5e6a-49eb-8861-799db96f7338 does not exist. Creating ...
2019-06-14 01:47:27,523 INFO  impl.RaftServerProxy (RaftServerProxy.java:addNew(89)) - b4fa3bef-6d58-4f1a-9f95-f9f2b92eeeb0: addNew group-799DB96F7338:[4f8ec618-f580-4f3c-820c-a5e713290215:192.168.105.187:42155, b4fa3bef-6d58-4f1a-9f95-f9f2b92eeeb0:192.168.105.187:33171, 08c404af-96d0-4147-8be0-e11763301d91:192.168.105.187:34155] returns group-799DB96F7338:java.util.concurrent.CompletableFuture@7dc8effe[Not completed]
2019-06-14 01:47:27,524 INFO  storage.RaftStorage (RaftStorage.java:format(75)) - Storage directory /opt/src/hadoop-ozone/integration-test/target/test-dir/MiniOzoneClusterImpl-8a9ade3b-7790-45fd-8104-53fe4b5ecb70/datanode-3/data/ratis/7b0665be-5e6a-49eb-8861-799db96f7338 has been successfully formatted.
2019-06-14 01:47:27,524 INFO  storage.RaftStorage (RaftStorage.java:format(75)) - Storage directory /opt/src/hadoop-ozone/integration-test/target/test-dir/MiniOzoneClusterImpl-8a9ade3b-7790-45fd-8104-53fe4b5ecb70/datanode-2/data/ratis/7b0665be-5e6a-49eb-8861-799db96f7338 has been successfully formatted.
2019-06-14 01:47:27,525 INFO  ratis.ContainerStateMachine (ContainerStateMachine.java:loadSnapshot(199)) - The snapshot info is null.Setting the last applied index to:(t:0, i:~)
2019-06-14 01:47:27,525 INFO  ratis.ContainerStateMachine (ContainerStateMachine.java:loadSnapshot(199)) - The snapshot info is null.Setting the last applied index to:(t:0, i:~)
2019-06-14 01:47:27,525 INFO  server.RaftServerConfigKeys (ConfUtils.java:logGet(43)) - raft.server.leader.election.timeout = 10s (custom)
2019-06-14 01:47:27,525 INFO  server.RaftServerConfigKeys (ConfUtils.java:logGet(43)) - raft.server.leader.election.timeout = 10s (custom)
2019-06-14 01:47:27,525 INFO  server.RaftServerConfigKeys (ConfUtils.java:logGet(43)) - raft.server.log.use.memory = false (default)
2019-06-14 01:47:27,525 INFO  server.RaftServerConfigKeys (ConfUtils.java:logGet(43)) - raft.server.log.use.memory = false (default)
2019-06-14 01:47:27,525 INFO  server.RaftServerConfigKeys (ConfUtils.java:logGet(43)) - raft.server.log.appender.buffer.byte-limit = 33554432 (custom)
2019-06-14 01:47:27,525 INFO  server.RaftServerConfigKeys (ConfUtils.java:logGet(43)) - raft.server.log.appender.buffer.byte-limit = 33554432 (custom)
2019-06-14 01:47:27,525 INFO  server.RaftServerConfigKeys (ConfUtils.java:logGet(43)) - raft.server.log.segment.size.max = 16384 (custom)
2019-06-14 01:47:27,525 INFO  server.RaftServerConfigKeys (ConfUtils.java:logGet(43)) - raft.server.log.segment.size.max = 16384 (custom)
2019-06-14 01:47:27,526 INFO  server.RaftServerConfigKeys (ConfUtils.java:logGet(43)) - raft.server.log.segment.cache.num.max = 2 (custom)
2019-06-14 01:47:27,526 INFO  server.RaftServerConfigKeys (ConfUtils.java:logGet(43)) - raft.server.log.segment.cache.num.max = 2 (custom)
2019-06-14 01:47:27,526 INFO  storage.RaftLogWorker (RaftLogWorker.java:<init>(123)) - new 4f8ec618-f580-4f3c-820c-a5e713290215-RaftLogWorker for Storage Directory /opt/src/hadoop-ozone/integration-test/target/test-dir/MiniOzoneClusterImpl-8a9ade3b-7790-45fd-8104-53fe4b5ecb70/datanode-3/data/ratis/7b0665be-5e6a-49eb-8861-799db96f7338
2019-06-14 01:47:27,526 INFO  storage.RaftLogWorker (RaftLogWorker.java:<init>(123)) - new 08c404af-96d0-4147-8be0-e11763301d91-RaftLogWorker for Storage Directory /opt/src/hadoop-ozone/integration-test/target/test-dir/MiniOzoneClusterImpl-8a9ade3b-7790-45fd-8104-53fe4b5ecb70/datanode-2/data/ratis/7b0665be-5e6a-49eb-8861-799db96f7338
2019-06-14 01:47:27,526 INFO  server.RaftServerConfigKeys (ConfUtils.java:logGet(43)) - raft.server.log.queue.byte-limit = 2147483647 (custom)
2019-06-14 01:47:27,526 INFO  server.RaftServerConfigKeys (ConfUtils.java:logGet(43)) - raft.server.log.queue.byte-limit = 2147483647 (custom)
2019-06-14 01:47:27,526 INFO  server.RaftServerConfigKeys (ConfUtils.java:logGet(43)) - raft.server.log.queue.element-limit = 1024 (custom)
2019-06-14 01:47:27,526 INFO  server.RaftServerConfigKeys (ConfUtils.java:logGet(43)) - raft.server.log.queue.element-limit = 1024 (custom)
2019-06-14 01:47:27,526 INFO  server.RaftServerConfigKeys (ConfUtils.java:logGet(43)) - raft.server.log.segment.size.max = 16384 (custom)
2019-06-14 01:47:27,526 INFO  server.RaftServerConfigKeys (ConfUtils.java:logGet(43)) - raft.server.log.segment.size.max = 16384 (custom)
2019-06-14 01:47:27,526 INFO  server.RaftServerConfigKeys (ConfUtils.java:logGet(43)) - raft.server.log.preallocated.size = 16384 (custom)
2019-06-14 01:47:27,526 INFO  server.RaftServerConfigKeys (ConfUtils.java:logGet(43)) - raft.server.log.preallocated.size = 16384 (custom)
2019-06-14 01:47:27,527 INFO  server.RaftServerConfigKeys (ConfUtils.java:logGet(43)) - raft.server.log.write.buffer.size = 33554432 (custom)
2019-06-14 01:47:27,527 INFO  server.RaftServerConfigKeys (ConfUtils.java:logGet(43)) - raft.server.log.write.buffer.size = 33554432 (custom)
2019-06-14 01:47:27,527 INFO  server.RaftServerConfigKeys (ConfUtils.java:logGet(43)) - raft.server.log.force.sync.num = 128 (default)
2019-06-14 01:47:27,527 INFO  server.RaftServerConfigKeys (ConfUtils.java:logGet(43)) - raft.server.log.force.sync.num = 128 (default)
2019-06-14 01:47:27,527 INFO  server.RaftServerConfigKeys (ConfUtils.java:logGet(43)) - raft.server.log.statemachine.data.sync = true (default)
2019-06-14 01:47:27,527 INFO  server.RaftServerConfigKeys (ConfUtils.java:logGet(43)) - raft.server.log.statemachine.data.sync = true (default)
2019-06-14 01:47:27,527 INFO  server.RaftServerConfigKeys (ConfUtils.java:logGet(43)) - raft.server.log.statemachine.data.sync.timeout = 10s (default)
2019-06-14 01:47:27,527 INFO  server.RaftServerConfigKeys (ConfUtils.java:logGet(43)) - raft.server.log.statemachine.data.sync.timeout = 10s (default)
2019-06-14 01:47:27,527 INFO  server.RaftServerConfigKeys (ConfUtils.java:logGet(43)) - raft.server.log.statemachine.data.sync.timeout.retry = -1 (default)
2019-06-14 01:47:27,527 INFO  server.RaftServerConfigKeys (ConfUtils.java:logGet(43)) - raft.server.log.statemachine.data.sync.timeout.retry = -1 (default)
2019-06-14 01:47:27,528 INFO  server.RaftServerConfigKeys (ConfUtils.java:logGet(43)) - raft.server.log.statemachine.data.caching.enabled = true (custom)
2019-06-14 01:47:27,528 INFO  server.RaftServerConfigKeys (ConfUtils.java:logGet(43)) - raft.server.log.statemachine.data.caching.enabled = true (custom)
2019-06-14 01:47:27,528 INFO  server.RaftServerConfigKeys (ConfUtils.java:logGet(43)) - raft.server.snapshot.auto.trigger.enabled = true (custom)
2019-06-14 01:47:27,528 INFO  server.RaftServerConfigKeys (ConfUtils.java:logGet(43)) - raft.server.snapshot.auto.trigger.threshold = 10000 (custom)
2019-06-14 01:47:27,528 INFO  server.RaftServerConfigKeys (ConfUtils.java:logGet(43)) - raft.server.retrycache.expirytime = 600000ms (custom)
2019-06-14 01:47:27,528 INFO  server.RaftServerConfigKeys (ConfUtils.java:logGet(43)) - raft.server.snapshot.auto.trigger.enabled = true (custom)
2019-06-14 01:47:27,528 INFO  impl.RaftServerImpl (RaftServerImpl.java:start(173)) - 4f8ec618-f580-4f3c-820c-a5e713290215: start group-799DB96F7338
2019-06-14 01:47:27,528 INFO  server.RaftServerConfigKeys (ConfUtils.java:logGet(43)) - raft.server.snapshot.auto.trigger.threshold = 10000 (custom)
2019-06-14 01:47:27,529 INFO  impl.RaftServerImpl (RaftServerImpl.java:setRole(164)) - 4f8ec618-f580-4f3c-820c-a5e713290215:group-799DB96F7338 changes role from null to FOLLOWER at term 0 for startAsFollower
2019-06-14 01:47:27,529 INFO  server.RaftServerConfigKeys (ConfUtils.java:logGet(43)) - raft.server.retrycache.expirytime = 600000ms (custom)
2019-06-14 01:47:27,529 INFO  impl.RoleInfo (RoleInfo.java:updateAndGet(143)) - 4f8ec618-f580-4f3c-820c-a5e713290215: start FollowerState
2019-06-14 01:47:27,529 INFO  impl.RaftServerImpl (RaftServerImpl.java:start(173)) - 08c404af-96d0-4147-8be0-e11763301d91: start group-799DB96F7338
2019-06-14 01:47:27,529 INFO  impl.RaftServerImpl (RaftServerImpl.java:setRole(164)) - 08c404af-96d0-4147-8be0-e11763301d91:group-799DB96F7338 changes role from null to FOLLOWER at term 0 for startAsFollower
2019-06-14 01:47:27,529 INFO  storage.RaftStorageDirectory (RaftStorageDirectory.java:tryLock(328)) - Lock on /opt/src/hadoop-ozone/integration-test/target/test-dir/MiniOzoneClusterImpl-8a9ade3b-7790-45fd-8104-53fe4b5ecb70/datanode-0/data/ratis/7b0665be-5e6a-49eb-8861-799db96f7338/in_use.lock acquired by nodename 10060@ozone-jv82d-2274558523
2019-06-14 01:47:27,529 INFO  util.JmxRegister (JmxRegister.java:tryRegister(44)) - Successfully registered JMX Bean with object name Ratis:service=RaftServer,group=group-799DB96F7338,id=4f8ec618-f580-4f3c-820c-a5e713290215
2019-06-14 01:47:27,530 INFO  impl.RoleInfo (RoleInfo.java:updateAndGet(143)) - 08c404af-96d0-4147-8be0-e11763301d91: start FollowerState
2019-06-14 01:47:27,530 INFO  util.JmxRegister (JmxRegister.java:tryRegister(44)) - Successfully registered JMX Bean with object name Ratis:service=RaftServer,group=group-799DB96F7338,id=08c404af-96d0-4147-8be0-e11763301d91
2019-06-14 01:47:27,534 INFO  storage.RaftStorage (RaftStorage.java:format(75)) - Storage directory /opt/src/hadoop-ozone/integration-test/target/test-dir/MiniOzoneClusterImpl-8a9ade3b-7790-45fd-8104-53fe4b5ecb70/datanode-0/data/ratis/7b0665be-5e6a-49eb-8861-799db96f7338 has been successfully formatted.
2019-06-14 01:47:27,535 INFO  ratis.ContainerStateMachine (ContainerStateMachine.java:loadSnapshot(199)) - The snapshot info is null.Setting the last applied index to:(t:0, i:~)
2019-06-14 01:47:27,535 INFO  server.RaftServerConfigKeys (ConfUtils.java:logGet(43)) - raft.server.leader.election.timeout = 10s (custom)
2019-06-14 01:47:27,535 INFO  server.RaftServerConfigKeys (ConfUtils.java:logGet(43)) - raft.server.log.use.memory = false (default)
2019-06-14 01:47:27,535 INFO  server.RaftServerConfigKeys (ConfUtils.java:logGet(43)) - raft.server.log.appender.buffer.byte-limit = 33554432 (custom)
2019-06-14 01:47:27,536 INFO  server.RaftServerConfigKeys (ConfUtils.java:logGet(43)) - raft.server.log.segment.size.max = 16384 (custom)
2019-06-14 01:47:27,541 INFO  server.RaftServerConfigKeys (ConfUtils.java:logGet(43)) - raft.server.log.segment.cache.num.max = 2 (custom)
2019-06-14 01:47:27,541 INFO  storage.RaftLogWorker (RaftLogWorker.java:<init>(123)) - new b4fa3bef-6d58-4f1a-9f95-f9f2b92eeeb0-RaftLogWorker for Storage Directory /opt/src/hadoop-ozone/integration-test/target/test-dir/MiniOzoneClusterImpl-8a9ade3b-7790-45fd-8104-53fe4b5ecb70/datanode-0/data/ratis/7b0665be-5e6a-49eb-8861-799db96f7338
2019-06-14 01:47:27,541 INFO  server.RaftServerConfigKeys (ConfUtils.java:logGet(43)) - raft.server.log.queue.byte-limit = 2147483647 (custom)
2019-06-14 01:47:27,541 INFO  server.RaftServerConfigKeys (ConfUtils.java:logGet(43)) - raft.server.log.queue.element-limit = 1024 (custom)
2019-06-14 01:47:27,541 INFO  server.RaftServerConfigKeys (ConfUtils.java:logGet(43)) - raft.server.log.segment.size.max = 16384 (custom)
2019-06-14 01:47:27,542 INFO  server.RaftServerConfigKeys (ConfUtils.java:logGet(43)) - raft.server.log.preallocated.size = 16384 (custom)
2019-06-14 01:47:27,542 INFO  server.RaftServerConfigKeys (ConfUtils.java:logGet(43)) - raft.server.log.write.buffer.size = 33554432 (custom)
2019-06-14 01:47:27,542 INFO  server.RaftServerConfigKeys (ConfUtils.java:logGet(43)) - raft.server.log.force.sync.num = 128 (default)
2019-06-14 01:47:27,542 INFO  server.RaftServerConfigKeys (ConfUtils.java:logGet(43)) - raft.server.log.statemachine.data.sync = true (default)
2019-06-14 01:47:27,542 INFO  server.RaftServerConfigKeys (ConfUtils.java:logGet(43)) - raft.server.log.statemachine.data.sync.timeout = 10s (default)
2019-06-14 01:47:27,542 INFO  server.RaftServerConfigKeys (ConfUtils.java:logGet(43)) - raft.server.log.statemachine.data.sync.timeout.retry = -1 (default)
2019-06-14 01:47:27,542 INFO  server.RaftServerConfigKeys (ConfUtils.java:logGet(43)) - raft.server.log.statemachine.data.caching.enabled = true (custom)
2019-06-14 01:47:27,542 INFO  server.RaftServerConfigKeys (ConfUtils.java:logGet(43)) - raft.server.snapshot.auto.trigger.enabled = true (custom)
2019-06-14 01:47:27,544 INFO  server.RaftServerConfigKeys (ConfUtils.java:logGet(43)) - raft.server.snapshot.auto.trigger.threshold = 10000 (custom)
2019-06-14 01:47:27,545 INFO  server.RaftServerConfigKeys (ConfUtils.java:logGet(43)) - raft.server.retrycache.expirytime = 600000ms (custom)
2019-06-14 01:47:27,545 INFO  impl.RaftServerImpl (RaftServerImpl.java:start(173)) - b4fa3bef-6d58-4f1a-9f95-f9f2b92eeeb0: start group-799DB96F7338
2019-06-14 01:47:27,545 INFO  impl.RaftServerImpl (RaftServerImpl.java:setRole(164)) - b4fa3bef-6d58-4f1a-9f95-f9f2b92eeeb0:group-799DB96F7338 changes role from null to FOLLOWER at term 0 for startAsFollower
2019-06-14 01:47:27,545 INFO  impl.RoleInfo (RoleInfo.java:updateAndGet(143)) - b4fa3bef-6d58-4f1a-9f95-f9f2b92eeeb0: start FollowerState
2019-06-14 01:47:27,546 INFO  util.JmxRegister (JmxRegister.java:tryRegister(44)) - Successfully registered JMX Bean with object name Ratis:service=RaftServer,group=group-799DB96F7338,id=b4fa3bef-6d58-4f1a-9f95-f9f2b92eeeb0
2019-06-14 01:47:27,551 INFO  pipeline.PipelineStateManager (PipelineStateManager.java:addPipeline(56)) - Created pipeline Pipeline[ Id: 7b0665be-5e6a-49eb-8861-799db96f7338, Nodes: 08c404af-96d0-4147-8be0-e11763301d91{ip: 192.168.105.187, host: ozone-jv82d-2274558523, networkLocation: /default-rack, certSerialId: null}4f8ec618-f580-4f3c-820c-a5e713290215{ip: 192.168.105.187, host: ozone-jv82d-2274558523, networkLocation: /default-rack, certSerialId: null}b4fa3bef-6d58-4f1a-9f95-f9f2b92eeeb0{ip: 192.168.105.187, host: ozone-jv82d-2274558523, networkLocation: /default-rack, certSerialId: null}, Type:RATIS, Factor:THREE, State:OPEN]
2019-06-14 01:47:27,600 INFO  node.SCMNodeManager (SCMNodeManager.java:register(234)) - Registered Data node : cfb49189-a762-419f-bae1-a854f5cd4c25{ip: 192.168.105.187, host: ozone-jv82d-2274558523, networkLocation: /default-rack, certSerialId: null}
2019-06-14 01:47:27,611 INFO  impl.RaftServerProxy (RaftServerProxy.java:addNew(89)) - cfb49189-a762-419f-bae1-a854f5cd4c25: addNew group-9788FEAE2DCE:[cfb49189-a762-419f-bae1-a854f5cd4c25:192.168.105.187:44819] returns group-9788FEAE2DCE:java.util.concurrent.CompletableFuture@276aacbd[Not completed]
2019-06-14 01:47:27,613 INFO  impl.RaftServerImpl (RaftServerImpl.java:<init>(91)) - cfb49189-a762-419f-bae1-a854f5cd4c25: new RaftServerImpl for group-9788FEAE2DCE:[cfb49189-a762-419f-bae1-a854f5cd4c25:192.168.105.187:44819] with ContainerStateMachine:uninitialized
2019-06-14 01:47:27,613 INFO  server.RaftServerConfigKeys (ConfUtils.java:logGet(43)) - raft.server.rpc.timeout.min = 1s (custom)
2019-06-14 01:47:27,613 INFO  server.RaftServerConfigKeys (ConfUtils.java:logGet(43)) - raft.server.rpc.timeout.max = 1200ms (custom)
2019-06-14 01:47:27,614 INFO  server.RaftServerConfigKeys (ConfUtils.java:logGet(43)) - raft.server.rpcslowness.timeout = 10s (custom)
2019-06-14 01:47:27,614 INFO  server.RaftServerConfigKeys (ConfUtils.java:logGet(43)) - raft.server.log.appender.install.snapshot.enabled = true (default)
2019-06-14 01:47:27,614 INFO  impl.RaftServerImpl (ServerState.java:<init>(101)) - cfb49189-a762-419f-bae1-a854f5cd4c25:group-9788FEAE2DCE ConfigurationManager, init=-1: [cfb49189-a762-419f-bae1-a854f5cd4c25:192.168.105.187:44819], old=null, confs=<EMPTY_MAP>
2019-06-14 01:47:27,614 INFO  server.RaftServerConfigKeys (ConfUtils.java:logGet(43)) - raft.server.storage.dir = [/opt/src/hadoop-ozone/integration-test/target/test-dir/MiniOzoneClusterImpl-8a9ade3b-7790-45fd-8104-53fe4b5ecb70/datanode-4/data/ratis] (custom)
2019-06-14 01:47:27,614 INFO  storage.RaftStorageDirectory (RaftStorageDirectory.java:analyzeStorage(246)) - The storage directory /opt/src/hadoop-ozone/integration-test/target/test-dir/MiniOzoneClusterImpl-8a9ade3b-7790-45fd-8104-53fe4b5ecb70/datanode-4/data/ratis/47fa586b-f274-46e6-903d-9788feae2dce does not exist. Creating ...
2019-06-14 01:47:27,616 INFO  storage.RaftStorageDirectory (RaftStorageDirectory.java:tryLock(328)) - Lock on /opt/src/hadoop-ozone/integration-test/target/test-dir/MiniOzoneClusterImpl-8a9ade3b-7790-45fd-8104-53fe4b5ecb70/datanode-4/data/ratis/47fa586b-f274-46e6-903d-9788feae2dce/in_use.lock acquired by nodename 10060@ozone-jv82d-2274558523
2019-06-14 01:47:27,619 INFO  storage.RaftStorage (RaftStorage.java:format(75)) - Storage directory /opt/src/hadoop-ozone/integration-test/target/test-dir/MiniOzoneClusterImpl-8a9ade3b-7790-45fd-8104-53fe4b5ecb70/datanode-4/data/ratis/47fa586b-f274-46e6-903d-9788feae2dce has been successfully formatted.
2019-06-14 01:47:27,619 INFO  ratis.ContainerStateMachine (ContainerStateMachine.java:loadSnapshot(199)) - The snapshot info is null.Setting the last applied index to:(t:0, i:~)
2019-06-14 01:47:27,619 INFO  server.RaftServerConfigKeys (ConfUtils.java:logGet(43)) - raft.server.leader.election.timeout = 10s (custom)
2019-06-14 01:47:27,619 INFO  server.RaftServerConfigKeys (ConfUtils.java:logGet(43)) - raft.server.log.use.memory = false (default)
2019-06-14 01:47:27,619 INFO  server.RaftServerConfigKeys (ConfUtils.java:logGet(43)) - raft.server.log.appender.buffer.byte-limit = 33554432 (custom)
2019-06-14 01:47:27,620 INFO  server.RaftServerConfigKeys (ConfUtils.java:logGet(43)) - raft.server.log.segment.size.max = 16384 (custom)
2019-06-14 01:47:27,620 INFO  server.RaftServerConfigKeys (ConfUtils.java:logGet(43)) - raft.server.log.segment.cache.num.max = 2 (custom)
2019-06-14 01:47:27,620 INFO  storage.RaftLogWorker (RaftLogWorker.java:<init>(123)) - new cfb49189-a762-419f-bae1-a854f5cd4c25-RaftLogWorker for Storage Directory /opt/src/hadoop-ozone/integration-test/target/test-dir/MiniOzoneClusterImpl-8a9ade3b-7790-45fd-8104-53fe4b5ecb70/datanode-4/data/ratis/47fa586b-f274-46e6-903d-9788feae2dce
2019-06-14 01:47:27,620 INFO  server.RaftServerConfigKeys (ConfUtils.java:logGet(43)) - raft.server.log.queue.byte-limit = 2147483647 (custom)
2019-06-14 01:47:27,620 INFO  server.RaftServerConfigKeys (ConfUtils.java:logGet(43)) - raft.server.log.queue.element-limit = 1024 (custom)
2019-06-14 01:47:27,620 INFO  server.RaftServerConfigKeys (ConfUtils.java:logGet(43)) - raft.server.log.segment.size.max = 16384 (custom)
2019-06-14 01:47:27,620 INFO  server.RaftServerConfigKeys (ConfUtils.java:logGet(43)) - raft.server.log.preallocated.size = 16384 (custom)
2019-06-14 01:47:27,620 INFO  server.RaftServerConfigKeys (ConfUtils.java:logGet(43)) - raft.server.log.write.buffer.size = 33554432 (custom)
2019-06-14 01:47:27,620 INFO  server.RaftServerConfigKeys (ConfUtils.java:logGet(43)) - raft.server.log.force.sync.num = 128 (default)
2019-06-14 01:47:27,620 INFO  server.RaftServerConfigKeys (ConfUtils.java:logGet(43)) - raft.server.log.statemachine.data.sync = true (default)
2019-06-14 01:47:27,620 INFO  server.RaftServerConfigKeys (ConfUtils.java:logGet(43)) - raft.server.log.statemachine.data.sync.timeout = 10s (default)
2019-06-14 01:47:27,620 INFO  server.RaftServerConfigKeys (ConfUtils.java:logGet(43)) - raft.server.log.statemachine.data.sync.timeout.retry = -1 (default)
2019-06-14 01:47:27,621 INFO  server.RaftServerConfigKeys (ConfUtils.java:logGet(43)) - raft.server.log.statemachine.data.caching.enabled = true (custom)
2019-06-14 01:47:27,621 INFO  server.RaftServerConfigKeys (ConfUtils.java:logGet(43)) - raft.server.snapshot.auto.trigger.enabled = true (custom)
2019-06-14 01:47:27,621 INFO  server.RaftServerConfigKeys (ConfUtils.java:logGet(43)) - raft.server.snapshot.auto.trigger.threshold = 10000 (custom)
2019-06-14 01:47:27,621 INFO  server.RaftServerConfigKeys (ConfUtils.java:logGet(43)) - raft.server.retrycache.expirytime = 600000ms (custom)
2019-06-14 01:47:27,621 INFO  impl.RaftServerImpl (RaftServerImpl.java:start(173)) - cfb49189-a762-419f-bae1-a854f5cd4c25: start group-9788FEAE2DCE
2019-06-14 01:47:27,621 INFO  impl.RaftServerImpl (RaftServerImpl.java:setRole(164)) - cfb49189-a762-419f-bae1-a854f5cd4c25:group-9788FEAE2DCE changes role from null to FOLLOWER at term 0 for startAsFollower
2019-06-14 01:47:27,621 INFO  impl.RoleInfo (RoleInfo.java:updateAndGet(143)) - cfb49189-a762-419f-bae1-a854f5cd4c25: start FollowerState
2019-06-14 01:47:27,625 INFO  util.JmxRegister (JmxRegister.java:tryRegister(44)) - Successfully registered JMX Bean with object name Ratis:service=RaftServer,group=group-9788FEAE2DCE,id=cfb49189-a762-419f-bae1-a854f5cd4c25
2019-06-14 01:47:27,633 INFO  pipeline.PipelineStateManager (PipelineStateManager.java:addPipeline(56)) - Created pipeline Pipeline[ Id: 47fa586b-f274-46e6-903d-9788feae2dce, Nodes: cfb49189-a762-419f-bae1-a854f5cd4c25{ip: 192.168.105.187, host: ozone-jv82d-2274558523, networkLocation: /default-rack, certSerialId: null}, Type:RATIS, Factor:ONE, State:OPEN]
2019-06-14 01:47:27,869 INFO  ozone.MiniOzoneClusterImpl (MiniOzoneClusterImpl.java:lambda$waitForClusterToBeReady$0(142)) - Waiting for cluster to be ready. Got 5 of 6 DN Heartbeats.
2019-06-14 01:47:27,876 INFO  node.SCMNodeManager (SCMNodeManager.java:register(234)) - Registered Data node : 4bbe89e6-6059-4d2d-b369-a15f249e1caf{ip: 192.168.105.187, host: ozone-jv82d-2274558523, networkLocation: /default-rack, certSerialId: null}
2019-06-14 01:47:27,893 INFO  impl.RaftServerProxy (RaftServerProxy.java:addNew(89)) - 4bbe89e6-6059-4d2d-b369-a15f249e1caf: addNew group-309265505FB5:[4bbe89e6-6059-4d2d-b369-a15f249e1caf:192.168.105.187:33679] returns group-309265505FB5:java.util.concurrent.CompletableFuture@4e934660[Not completed]
2019-06-14 01:47:27,894 INFO  impl.RaftServerImpl (RaftServerImpl.java:<init>(91)) - 4bbe89e6-6059-4d2d-b369-a15f249e1caf: new RaftServerImpl for group-309265505FB5:[4bbe89e6-6059-4d2d-b369-a15f249e1caf:192.168.105.187:33679] with ContainerStateMachine:uninitialized
2019-06-14 01:47:27,895 INFO  server.RaftServerConfigKeys (ConfUtils.java:logGet(43)) - raft.server.rpc.timeout.min = 1s (custom)
2019-06-14 01:47:27,895 INFO  server.RaftServerConfigKeys (ConfUtils.java:logGet(43)) - raft.server.rpc.timeout.max = 1200ms (custom)
2019-06-14 01:47:27,895 INFO  server.RaftServerConfigKeys (ConfUtils.java:logGet(43)) - raft.server.rpcslowness.timeout = 10s (custom)
2019-06-14 01:47:27,895 INFO  server.RaftServerConfigKeys (ConfUtils.java:logGet(43)) - raft.server.log.appender.install.snapshot.enabled = true (default)
2019-06-14 01:47:27,895 INFO  impl.RaftServerImpl (ServerState.java:<init>(101)) - 4bbe89e6-6059-4d2d-b369-a15f249e1caf:group-309265505FB5 ConfigurationManager, init=-1: [4bbe89e6-6059-4d2d-b369-a15f249e1caf:192.168.105.187:33679], old=null, confs=<EMPTY_MAP>
2019-06-14 01:47:27,895 INFO  server.RaftServerConfigKeys (ConfUtils.java:logGet(43)) - raft.server.storage.dir = [/opt/src/hadoop-ozone/integration-test/target/test-dir/MiniOzoneClusterImpl-8a9ade3b-7790-45fd-8104-53fe4b5ecb70/datanode-5/data/ratis] (custom)
2019-06-14 01:47:27,896 INFO  storage.RaftStorageDirectory (RaftStorageDirectory.java:analyzeStorage(246)) - The storage directory /opt/src/hadoop-ozone/integration-test/target/test-dir/MiniOzoneClusterImpl-8a9ade3b-7790-45fd-8104-53fe4b5ecb70/datanode-5/data/ratis/0afc4b12-34c7-401c-a947-309265505fb5 does not exist. Creating ...
2019-06-14 01:47:27,899 INFO  storage.RaftStorageDirectory (RaftStorageDirectory.java:tryLock(328)) - Lock on /opt/src/hadoop-ozone/integration-test/target/test-dir/MiniOzoneClusterImpl-8a9ade3b-7790-45fd-8104-53fe4b5ecb70/datanode-5/data/ratis/0afc4b12-34c7-401c-a947-309265505fb5/in_use.lock acquired by nodename 10060@ozone-jv82d-2274558523
2019-06-14 01:47:27,901 INFO  storage.RaftStorage (RaftStorage.java:format(75)) - Storage directory /opt/src/hadoop-ozone/integration-test/target/test-dir/MiniOzoneClusterImpl-8a9ade3b-7790-45fd-8104-53fe4b5ecb70/datanode-5/data/ratis/0afc4b12-34c7-401c-a947-309265505fb5 has been successfully formatted.
2019-06-14 01:47:27,901 INFO  ratis.ContainerStateMachine (ContainerStateMachine.java:loadSnapshot(199)) - The snapshot info is null.Setting the last applied index to:(t:0, i:~)
2019-06-14 01:47:27,901 INFO  server.RaftServerConfigKeys (ConfUtils.java:logGet(43)) - raft.server.leader.election.timeout = 10s (custom)
2019-06-14 01:47:27,901 INFO  server.RaftServerConfigKeys (ConfUtils.java:logGet(43)) - raft.server.log.use.memory = false (default)
2019-06-14 01:47:27,901 INFO  server.RaftServerConfigKeys (ConfUtils.java:logGet(43)) - raft.server.log.appender.buffer.byte-limit = 33554432 (custom)
2019-06-14 01:47:27,902 INFO  server.RaftServerConfigKeys (ConfUtils.java:logGet(43)) - raft.server.log.segment.size.max = 16384 (custom)
2019-06-14 01:47:27,902 INFO  server.RaftServerConfigKeys (ConfUtils.java:logGet(43)) - raft.server.log.segment.cache.num.max = 2 (custom)
2019-06-14 01:47:27,902 INFO  storage.RaftLogWorker (RaftLogWorker.java:<init>(123)) - new 4bbe89e6-6059-4d2d-b369-a15f249e1caf-RaftLogWorker for Storage Directory /opt/src/hadoop-ozone/integration-test/target/test-dir/MiniOzoneClusterImpl-8a9ade3b-7790-45fd-8104-53fe4b5ecb70/datanode-5/data/ratis/0afc4b12-34c7-401c-a947-309265505fb5
2019-06-14 01:47:27,902 INFO  server.RaftServerConfigKeys (ConfUtils.java:logGet(43)) - raft.server.log.queue.byte-limit = 2147483647 (custom)
2019-06-14 01:47:27,902 INFO  server.RaftServerConfigKeys (ConfUtils.java:logGet(43)) - raft.server.log.queue.element-limit = 1024 (custom)
2019-06-14 01:47:27,902 INFO  server.RaftServerConfigKeys (ConfUtils.java:logGet(43)) - raft.server.log.segment.size.max = 16384 (custom)
2019-06-14 01:47:27,902 INFO  server.RaftServerConfigKeys (ConfUtils.java:logGet(43)) - raft.server.log.preallocated.size = 16384 (custom)
2019-06-14 01:47:27,902 INFO  server.RaftServerConfigKeys (ConfUtils.java:logGet(43)) - raft.server.log.write.buffer.size = 33554432 (custom)
2019-06-14 01:47:27,902 INFO  server.RaftServerConfigKeys (ConfUtils.java:logGet(43)) - raft.server.log.force.sync.num = 128 (default)
2019-06-14 01:47:27,902 INFO  server.RaftServerConfigKeys (ConfUtils.java:logGet(43)) - raft.server.log.statemachine.data.sync = true (default)
2019-06-14 01:47:27,903 INFO  server.RaftServerConfigKeys (ConfUtils.java:logGet(43)) - raft.server.log.statemachine.data.sync.timeout = 10s (default)
2019-06-14 01:47:27,903 INFO  server.RaftServerConfigKeys (ConfUtils.java:logGet(43)) - raft.server.log.statemachine.data.sync.timeout.retry = -1 (default)
2019-06-14 01:47:27,903 INFO  server.RaftServerConfigKeys (ConfUtils.java:logGet(43)) - raft.server.log.statemachine.data.caching.enabled = true (custom)
2019-06-14 01:47:27,903 INFO  server.RaftServerConfigKeys (ConfUtils.java:logGet(43)) - raft.server.snapshot.auto.trigger.enabled = true (custom)
2019-06-14 01:47:27,903 INFO  server.RaftServerConfigKeys (ConfUtils.java:logGet(43)) - raft.server.snapshot.auto.trigger.threshold = 10000 (custom)
2019-06-14 01:47:27,904 INFO  server.RaftServerConfigKeys (ConfUtils.java:logGet(43)) - raft.server.retrycache.expirytime = 600000ms (custom)
2019-06-14 01:47:27,904 INFO  impl.RaftServerImpl (RaftServerImpl.java:start(173)) - 4bbe89e6-6059-4d2d-b369-a15f249e1caf: start group-309265505FB5
2019-06-14 01:47:27,904 INFO  impl.RaftServerImpl (RaftServerImpl.java:setRole(164)) - 4bbe89e6-6059-4d2d-b369-a15f249e1caf:group-309265505FB5 changes role from null to FOLLOWER at term 0 for startAsFollower
2019-06-14 01:47:27,904 INFO  impl.RoleInfo (RoleInfo.java:updateAndGet(143)) - 4bbe89e6-6059-4d2d-b369-a15f249e1caf: start FollowerState
2019-06-14 01:47:27,904 INFO  util.JmxRegister (JmxRegister.java:tryRegister(44)) - Successfully registered JMX Bean with object name Ratis:service=RaftServer,group=group-309265505FB5,id=4bbe89e6-6059-4d2d-b369-a15f249e1caf
2019-06-14 01:47:27,909 INFO  pipeline.PipelineStateManager (PipelineStateManager.java:addPipeline(56)) - Created pipeline Pipeline[ Id: 0afc4b12-34c7-401c-a947-309265505fb5, Nodes: 4bbe89e6-6059-4d2d-b369-a15f249e1caf{ip: 192.168.105.187, host: ozone-jv82d-2274558523, networkLocation: /default-rack, certSerialId: null}, Type:RATIS, Factor:ONE, State:OPEN]
2019-06-14 01:47:27,934 INFO  impl.RaftServerProxy (RaftServerProxy.java:addNew(89)) - cfb49189-a762-419f-bae1-a854f5cd4c25: addNew group-DE4223CCC6CB:[9f27923f-5e08-4bf3-b8dc-28255b12a126:192.168.105.187:46265, cfb49189-a762-419f-bae1-a854f5cd4c25:192.168.105.187:44819, 4bbe89e6-6059-4d2d-b369-a15f249e1caf:192.168.105.187:33679] returns group-DE4223CCC6CB:java.util.concurrent.CompletableFuture@19a9e9ef[Not completed]
2019-06-14 01:47:27,934 INFO  impl.RaftServerProxy (RaftServerProxy.java:addNew(89)) - 4bbe89e6-6059-4d2d-b369-a15f249e1caf: addNew group-DE4223CCC6CB:[9f27923f-5e08-4bf3-b8dc-28255b12a126:192.168.105.187:46265, cfb49189-a762-419f-bae1-a854f5cd4c25:192.168.105.187:44819, 4bbe89e6-6059-4d2d-b369-a15f249e1caf:192.168.105.187:33679] returns group-DE4223CCC6CB:java.util.concurrent.CompletableFuture@5d0135b2[Not completed]
2019-06-14 01:47:27,935 INFO  impl.RaftServerProxy (RaftServerProxy.java:addNew(89)) - 9f27923f-5e08-4bf3-b8dc-28255b12a126: addNew group-DE4223CCC6CB:[9f27923f-5e08-4bf3-b8dc-28255b12a126:192.168.105.187:46265, cfb49189-a762-419f-bae1-a854f5cd4c25:192.168.105.187:44819, 4bbe89e6-6059-4d2d-b369-a15f249e1caf:192.168.105.187:33679] returns group-DE4223CCC6CB:java.util.concurrent.CompletableFuture@20c651ec[Not completed]
2019-06-14 01:47:27,935 INFO  impl.RaftServerImpl (RaftServerImpl.java:<init>(91)) - cfb49189-a762-419f-bae1-a854f5cd4c25: new RaftServerImpl for group-DE4223CCC6CB:[9f27923f-5e08-4bf3-b8dc-28255b12a126:192.168.105.187:46265, cfb49189-a762-419f-bae1-a854f5cd4c25:192.168.105.187:44819, 4bbe89e6-6059-4d2d-b369-a15f249e1caf:192.168.105.187:33679] with ContainerStateMachine:uninitialized
2019-06-14 01:47:27,935 INFO  server.RaftServerConfigKeys (ConfUtils.java:logGet(43)) - raft.server.rpc.timeout.min = 1s (custom)
2019-06-14 01:47:27,935 INFO  server.RaftServerConfigKeys (ConfUtils.java:logGet(43)) - raft.server.rpc.timeout.max = 1200ms (custom)
2019-06-14 01:47:27,935 INFO  server.RaftServerConfigKeys (ConfUtils.java:logGet(43)) - raft.server.rpcslowness.timeout = 10s (custom)
2019-06-14 01:47:27,935 INFO  impl.RaftServerImpl (RaftServerImpl.java:<init>(91)) - 9f27923f-5e08-4bf3-b8dc-28255b12a126: new RaftServerImpl for group-DE4223CCC6CB:[9f27923f-5e08-4bf3-b8dc-28255b12a126:192.168.105.187:46265, cfb49189-a762-419f-bae1-a854f5cd4c25:192.168.105.187:44819, 4bbe89e6-6059-4d2d-b369-a15f249e1caf:192.168.105.187:33679] with ContainerStateMachine:uninitialized
2019-06-14 01:47:27,935 INFO  server.RaftServerConfigKeys (ConfUtils.java:logGet(43)) - raft.server.rpc.timeout.min = 1s (custom)
2019-06-14 01:47:27,935 INFO  server.RaftServerConfigKeys (ConfUtils.java:logGet(43)) - raft.server.rpc.timeout.max = 1200ms (custom)
2019-06-14 01:47:27,936 INFO  server.RaftServerConfigKeys (ConfUtils.java:logGet(43)) - raft.server.rpcslowness.timeout = 10s (custom)
2019-06-14 01:47:27,936 INFO  server.RaftServerConfigKeys (ConfUtils.java:logGet(43)) - raft.server.log.appender.install.snapshot.enabled = true (default)
2019-06-14 01:47:27,936 INFO  impl.RaftServerImpl (ServerState.java:<init>(101)) - 9f27923f-5e08-4bf3-b8dc-28255b12a126:group-DE4223CCC6CB ConfigurationManager, init=-1: [9f27923f-5e08-4bf3-b8dc-28255b12a126:192.168.105.187:46265, cfb49189-a762-419f-bae1-a854f5cd4c25:192.168.105.187:44819, 4bbe89e6-6059-4d2d-b369-a15f249e1caf:192.168.105.187:33679], old=null, confs=<EMPTY_MAP>
2019-06-14 01:47:27,936 INFO  impl.RaftServerImpl (RaftServerImpl.java:<init>(91)) - 4bbe89e6-6059-4d2d-b369-a15f249e1caf: new RaftServerImpl for group-DE4223CCC6CB:[9f27923f-5e08-4bf3-b8dc-28255b12a126:192.168.105.187:46265, cfb49189-a762-419f-bae1-a854f5cd4c25:192.168.105.187:44819, 4bbe89e6-6059-4d2d-b369-a15f249e1caf:192.168.105.187:33679] with ContainerStateMachine:uninitialized
2019-06-14 01:47:27,935 INFO  server.RaftServerConfigKeys (ConfUtils.java:logGet(43)) - raft.server.log.appender.install.snapshot.enabled = true (default)
2019-06-14 01:47:27,936 INFO  server.RaftServerConfigKeys (ConfUtils.java:logGet(43)) - raft.server.rpc.timeout.min = 1s (custom)
2019-06-14 01:47:27,936 INFO  server.RaftServerConfigKeys (ConfUtils.java:logGet(43)) - raft.server.storage.dir = [/opt/src/hadoop-ozone/integration-test/target/test-dir/MiniOzoneClusterImpl-8a9ade3b-7790-45fd-8104-53fe4b5ecb70/datanode-1/data/ratis] (custom)
2019-06-14 01:47:27,936 INFO  server.RaftServerConfigKeys (ConfUtils.java:logGet(43)) - raft.server.rpc.timeout.max = 1200ms (custom)
2019-06-14 01:47:27,936 INFO  impl.RaftServerImpl (ServerState.java:<init>(101)) - cfb49189-a762-419f-bae1-a854f5cd4c25:group-DE4223CCC6CB ConfigurationManager, init=-1: [9f27923f-5e08-4bf3-b8dc-28255b12a126:192.168.105.187:46265, cfb49189-a762-419f-bae1-a854f5cd4c25:192.168.105.187:44819, 4bbe89e6-6059-4d2d-b369-a15f249e1caf:192.168.105.187:33679], old=null, confs=<EMPTY_MAP>
2019-06-14 01:47:27,937 INFO  storage.RaftStorageDirectory (RaftStorageDirectory.java:analyzeStorage(246)) - The storage directory /opt/src/hadoop-ozone/integration-test/target/test-dir/MiniOzoneClusterImpl-8a9ade3b-7790-45fd-8104-53fe4b5ecb70/datanode-1/data/ratis/bf814b85-ba8e-4d8d-9c2a-de4223ccc6cb does not exist. Creating ...
2019-06-14 01:47:27,937 INFO  server.RaftServerConfigKeys (ConfUtils.java:logGet(43)) - raft.server.rpcslowness.timeout = 10s (custom)
2019-06-14 01:47:27,937 INFO  server.RaftServerConfigKeys (ConfUtils.java:logGet(43)) - raft.server.log.appender.install.snapshot.enabled = true (default)
2019-06-14 01:47:27,937 INFO  server.RaftServerConfigKeys (ConfUtils.java:logGet(43)) - raft.server.storage.dir = [/opt/src/hadoop-ozone/integration-test/target/test-dir/MiniOzoneClusterImpl-8a9ade3b-7790-45fd-8104-53fe4b5ecb70/datanode-4/data/ratis] (custom)
2019-06-14 01:47:27,937 INFO  impl.RaftServerImpl (ServerState.java:<init>(101)) - 4bbe89e6-6059-4d2d-b369-a15f249e1caf:group-DE4223CCC6CB ConfigurationManager, init=-1: [9f27923f-5e08-4bf3-b8dc-28255b12a126:192.168.105.187:46265, cfb49189-a762-419f-bae1-a854f5cd4c25:192.168.105.187:44819, 4bbe89e6-6059-4d2d-b369-a15f249e1caf:192.168.105.187:33679], old=null, confs=<EMPTY_MAP>
2019-06-14 01:47:27,937 INFO  server.RaftServerConfigKeys (ConfUtils.java:logGet(43)) - raft.server.storage.dir = [/opt/src/hadoop-ozone/integration-test/target/test-dir/MiniOzoneClusterImpl-8a9ade3b-7790-45fd-8104-53fe4b5ecb70/datanode-5/data/ratis] (custom)
2019-06-14 01:47:27,937 INFO  storage.RaftStorageDirectory (RaftStorageDirectory.java:analyzeStorage(246)) - The storage directory /opt/src/hadoop-ozone/integration-test/target/test-dir/MiniOzoneClusterImpl-8a9ade3b-7790-45fd-8104-53fe4b5ecb70/datanode-4/data/ratis/bf814b85-ba8e-4d8d-9c2a-de4223ccc6cb does not exist. Creating ...
2019-06-14 01:47:27,937 INFO  storage.RaftStorageDirectory (RaftStorageDirectory.java:analyzeStorage(246)) - The storage directory /opt/src/hadoop-ozone/integration-test/target/test-dir/MiniOzoneClusterImpl-8a9ade3b-7790-45fd-8104-53fe4b5ecb70/datanode-5/data/ratis/bf814b85-ba8e-4d8d-9c2a-de4223ccc6cb does not exist. Creating ...
2019-06-14 01:47:27,939 INFO  storage.RaftStorageDirectory (RaftStorageDirectory.java:tryLock(328)) - Lock on /opt/src/hadoop-ozone/integration-test/target/test-dir/MiniOzoneClusterImpl-8a9ade3b-7790-45fd-8104-53fe4b5ecb70/datanode-1/data/ratis/bf814b85-ba8e-4d8d-9c2a-de4223ccc6cb/in_use.lock acquired by nodename 10060@ozone-jv82d-2274558523
2019-06-14 01:47:27,941 INFO  storage.RaftStorageDirectory (RaftStorageDirectory.java:tryLock(328)) - Lock on /opt/src/hadoop-ozone/integration-test/target/test-dir/MiniOzoneClusterImpl-8a9ade3b-7790-45fd-8104-53fe4b5ecb70/datanode-5/data/ratis/bf814b85-ba8e-4d8d-9c2a-de4223ccc6cb/in_use.lock acquired by nodename 10060@ozone-jv82d-2274558523
2019-06-14 01:47:27,941 INFO  storage.RaftStorageDirectory (RaftStorageDirectory.java:tryLock(328)) - Lock on /opt/src/hadoop-ozone/integration-test/target/test-dir/MiniOzoneClusterImpl-8a9ade3b-7790-45fd-8104-53fe4b5ecb70/datanode-4/data/ratis/bf814b85-ba8e-4d8d-9c2a-de4223ccc6cb/in_use.lock acquired by nodename 10060@ozone-jv82d-2274558523
2019-06-14 01:47:27,942 INFO  storage.RaftStorage (RaftStorage.java:format(75)) - Storage directory /opt/src/hadoop-ozone/integration-test/target/test-dir/MiniOzoneClusterImpl-8a9ade3b-7790-45fd-8104-53fe4b5ecb70/datanode-1/data/ratis/bf814b85-ba8e-4d8d-9c2a-de4223ccc6cb has been successfully formatted.
2019-06-14 01:47:27,943 INFO  ratis.ContainerStateMachine (ContainerStateMachine.java:loadSnapshot(199)) - The snapshot info is null.Setting the last applied index to:(t:0, i:~)
2019-06-14 01:47:27,943 INFO  server.RaftServerConfigKeys (ConfUtils.java:logGet(43)) - raft.server.leader.election.timeout = 10s (custom)
2019-06-14 01:47:27,943 INFO  server.RaftServerConfigKeys (ConfUtils.java:logGet(43)) - raft.server.log.use.memory = false (default)
2019-06-14 01:47:27,944 INFO  server.RaftServerConfigKeys (ConfUtils.java:logGet(43)) - raft.server.log.appender.buffer.byte-limit = 33554432 (custom)
2019-06-14 01:47:27,944 INFO  server.RaftServerConfigKeys (ConfUtils.java:logGet(43)) - raft.server.log.segment.size.max = 16384 (custom)
2019-06-14 01:47:27,944 INFO  server.RaftServerConfigKeys (ConfUtils.java:logGet(43)) - raft.server.log.segment.cache.num.max = 2 (custom)
2019-06-14 01:47:27,944 INFO  storage.RaftStorage (RaftStorage.java:format(75)) - Storage directory /opt/src/hadoop-ozone/integration-test/target/test-dir/MiniOzoneClusterImpl-8a9ade3b-7790-45fd-8104-53fe4b5ecb70/datanode-4/data/ratis/bf814b85-ba8e-4d8d-9c2a-de4223ccc6cb has been successfully formatted.
2019-06-14 01:47:27,944 INFO  storage.RaftLogWorker (RaftLogWorker.java:<init>(123)) - new 9f27923f-5e08-4bf3-b8dc-28255b12a126-RaftLogWorker for Storage Directory /opt/src/hadoop-ozone/integration-test/target/test-dir/MiniOzoneClusterImpl-8a9ade3b-7790-45fd-8104-53fe4b5ecb70/datanode-1/data/ratis/bf814b85-ba8e-4d8d-9c2a-de4223ccc6cb
2019-06-14 01:47:27,944 INFO  ratis.ContainerStateMachine (ContainerStateMachine.java:loadSnapshot(199)) - The snapshot info is null.Setting the last applied index to:(t:0, i:~)
2019-06-14 01:47:27,944 INFO  server.RaftServerConfigKeys (ConfUtils.java:logGet(43)) - raft.server.log.queue.byte-limit = 2147483647 (custom)
2019-06-14 01:47:27,944 INFO  storage.RaftStorage (RaftStorage.java:format(75)) - Storage directory /opt/src/hadoop-ozone/integration-test/target/test-dir/MiniOzoneClusterImpl-8a9ade3b-7790-45fd-8104-53fe4b5ecb70/datanode-5/data/ratis/bf814b85-ba8e-4d8d-9c2a-de4223ccc6cb has been successfully formatted.
2019-06-14 01:47:27,944 INFO  server.RaftServerConfigKeys (ConfUtils.java:logGet(43)) - raft.server.leader.election.timeout = 10s (custom)
2019-06-14 01:47:27,944 INFO  ratis.ContainerStateMachine (ContainerStateMachine.java:loadSnapshot(199)) - The snapshot info is null.Setting the last applied index to:(t:0, i:~)
2019-06-14 01:47:27,944 INFO  server.RaftServerConfigKeys (ConfUtils.java:logGet(43)) - raft.server.log.queue.element-limit = 1024 (custom)
2019-06-14 01:47:27,945 INFO  server.RaftServerConfigKeys (ConfUtils.java:logGet(43)) - raft.server.leader.election.timeout = 10s (custom)
2019-06-14 01:47:27,944 INFO  server.RaftServerConfigKeys (ConfUtils.java:logGet(43)) - raft.server.log.use.memory = false (default)
2019-06-14 01:47:27,945 INFO  server.RaftServerConfigKeys (ConfUtils.java:logGet(43)) - raft.server.log.use.memory = false (default)
2019-06-14 01:47:27,945 INFO  server.RaftServerConfigKeys (ConfUtils.java:logGet(43)) - raft.server.log.segment.size.max = 16384 (custom)
2019-06-14 01:47:27,945 INFO  server.RaftServerConfigKeys (ConfUtils.java:logGet(43)) - raft.server.log.appender.buffer.byte-limit = 33554432 (custom)
2019-06-14 01:47:27,945 INFO  server.RaftServerConfigKeys (ConfUtils.java:logGet(43)) - raft.server.log.appender.buffer.byte-limit = 33554432 (custom)
2019-06-14 01:47:27,945 INFO  server.RaftServerConfigKeys (ConfUtils.java:logGet(43)) - raft.server.log.segment.size.max = 16384 (custom)
2019-06-14 01:47:27,945 INFO  server.RaftServerConfigKeys (ConfUtils.java:logGet(43)) - raft.server.log.preallocated.size = 16384 (custom)
2019-06-14 01:47:27,945 INFO  server.RaftServerConfigKeys (ConfUtils.java:logGet(43)) - raft.server.log.segment.cache.num.max = 2 (custom)
2019-06-14 01:47:27,945 INFO  server.RaftServerConfigKeys (ConfUtils.java:logGet(43)) - raft.server.log.segment.size.max = 16384 (custom)
2019-06-14 01:47:27,945 INFO  storage.RaftLogWorker (RaftLogWorker.java:<init>(123)) - new 4bbe89e6-6059-4d2d-b369-a15f249e1caf-RaftLogWorker for Storage Directory /opt/src/hadoop-ozone/integration-test/target/test-dir/MiniOzoneClusterImpl-8a9ade3b-7790-45fd-8104-53fe4b5ecb70/datanode-5/data/ratis/bf814b85-ba8e-4d8d-9c2a-de4223ccc6cb
2019-06-14 01:47:27,945 INFO  server.RaftServerConfigKeys (ConfUtils.java:logGet(43)) - raft.server.log.write.buffer.size = 33554432 (custom)
2019-06-14 01:47:27,946 INFO  server.RaftServerConfigKeys (ConfUtils.java:logGet(43)) - raft.server.log.queue.byte-limit = 2147483647 (custom)
2019-06-14 01:47:27,945 INFO  server.RaftServerConfigKeys (ConfUtils.java:logGet(43)) - raft.server.log.segment.cache.num.max = 2 (custom)
2019-06-14 01:47:27,946 INFO  storage.RaftLogWorker (RaftLogWorker.java:<init>(123)) - new cfb49189-a762-419f-bae1-a854f5cd4c25-RaftLogWorker for Storage Directory /opt/src/hadoop-ozone/integration-test/target/test-dir/MiniOzoneClusterImpl-8a9ade3b-7790-45fd-8104-53fe4b5ecb70/datanode-4/data/ratis/bf814b85-ba8e-4d8d-9c2a-de4223ccc6cb
2019-06-14 01:47:27,946 INFO  server.RaftServerConfigKeys (ConfUtils.java:logGet(43)) - raft.server.log.queue.byte-limit = 2147483647 (custom)
2019-06-14 01:47:27,946 INFO  server.RaftServerConfigKeys (ConfUtils.java:logGet(43)) - raft.server.log.queue.element-limit = 1024 (custom)
2019-06-14 01:47:27,946 INFO  server.RaftServerConfigKeys (ConfUtils.java:logGet(43)) - raft.server.log.segment.size.max = 16384 (custom)
2019-06-14 01:47:27,946 INFO  server.RaftServerConfigKeys (ConfUtils.java:logGet(43)) - raft.server.log.preallocated.size = 16384 (custom)
2019-06-14 01:47:27,946 INFO  server.RaftServerConfigKeys (ConfUtils.java:logGet(43)) - raft.server.log.write.buffer.size = 33554432 (custom)
2019-06-14 01:47:27,946 INFO  server.RaftServerConfigKeys (ConfUtils.java:logGet(43)) - raft.server.log.force.sync.num = 128 (default)
2019-06-14 01:47:27,946 INFO  server.RaftServerConfigKeys (ConfUtils.java:logGet(43)) - raft.server.log.statemachine.data.sync = true (default)
2019-06-14 01:47:27,946 INFO  server.RaftServerConfigKeys (ConfUtils.java:logGet(43)) - raft.server.log.statemachine.data.sync.timeout = 10s (default)
2019-06-14 01:47:27,946 INFO  server.RaftServerConfigKeys (ConfUtils.java:logGet(43)) - raft.server.log.statemachine.data.sync.timeout.retry = -1 (default)
2019-06-14 01:47:27,947 INFO  server.RaftServerConfigKeys (ConfUtils.java:logGet(43)) - raft.server.log.statemachine.data.caching.enabled = true (custom)
2019-06-14 01:47:27,946 INFO  server.RaftServerConfigKeys (ConfUtils.java:logGet(43)) - raft.server.log.queue.element-limit = 1024 (custom)
2019-06-14 01:47:27,946 INFO  server.RaftServerConfigKeys (ConfUtils.java:logGet(43)) - raft.server.log.force.sync.num = 128 (default)
2019-06-14 01:47:27,947 INFO  server.RaftServerConfigKeys (ConfUtils.java:logGet(43)) - raft.server.log.segment.size.max = 16384 (custom)
2019-06-14 01:47:27,947 INFO  server.RaftServerConfigKeys (ConfUtils.java:logGet(43)) - raft.server.log.statemachine.data.sync = true (default)
2019-06-14 01:47:27,947 INFO  server.RaftServerConfigKeys (ConfUtils.java:logGet(43)) - raft.server.log.preallocated.size = 16384 (custom)
2019-06-14 01:47:27,947 INFO  server.RaftServerConfigKeys (ConfUtils.java:logGet(43)) - raft.server.log.statemachine.data.sync.timeout = 10s (default)
2019-06-14 01:47:27,947 INFO  server.RaftServerConfigKeys (ConfUtils.java:logGet(43)) - raft.server.log.write.buffer.size = 33554432 (custom)
2019-06-14 01:47:27,947 INFO  server.RaftServerConfigKeys (ConfUtils.java:logGet(43)) - raft.server.log.statemachine.data.sync.timeout.retry = -1 (default)
2019-06-14 01:47:27,948 INFO  server.RaftServerConfigKeys (ConfUtils.java:logGet(43)) - raft.server.log.statemachine.data.caching.enabled = true (custom)
2019-06-14 01:47:27,948 INFO  server.RaftServerConfigKeys (ConfUtils.java:logGet(43)) - raft.server.log.force.sync.num = 128 (default)
2019-06-14 01:47:27,948 INFO  server.RaftServerConfigKeys (ConfUtils.java:logGet(43)) - raft.server.log.statemachine.data.sync = true (default)
2019-06-14 01:47:27,948 INFO  server.RaftServerConfigKeys (ConfUtils.java:logGet(43)) - raft.server.log.statemachine.data.sync.timeout = 10s (default)
2019-06-14 01:47:27,948 INFO  server.RaftServerConfigKeys (ConfUtils.java:logGet(43)) - raft.server.log.statemachine.data.sync.timeout.retry = -1 (default)
2019-06-14 01:47:27,949 INFO  server.RaftServerConfigKeys (ConfUtils.java:logGet(43)) - raft.server.snapshot.auto.trigger.enabled = true (custom)
2019-06-14 01:47:27,949 INFO  server.RaftServerConfigKeys (ConfUtils.java:logGet(43)) - raft.server.log.statemachine.data.caching.enabled = true (custom)
2019-06-14 01:47:27,949 INFO  server.RaftServerConfigKeys (ConfUtils.java:logGet(43)) - raft.server.snapshot.auto.trigger.threshold = 10000 (custom)
2019-06-14 01:47:27,949 INFO  server.RaftServerConfigKeys (ConfUtils.java:logGet(43)) - raft.server.snapshot.auto.trigger.enabled = true (custom)
2019-06-14 01:47:27,949 INFO  server.RaftServerConfigKeys (ConfUtils.java:logGet(43)) - raft.server.retrycache.expirytime = 600000ms (custom)
2019-06-14 01:47:27,949 INFO  server.RaftServerConfigKeys (ConfUtils.java:logGet(43)) - raft.server.snapshot.auto.trigger.threshold = 10000 (custom)
2019-06-14 01:47:27,949 INFO  server.RaftServerConfigKeys (ConfUtils.java:logGet(43)) - raft.server.snapshot.auto.trigger.enabled = true (custom)
2019-06-14 01:47:27,949 INFO  server.RaftServerConfigKeys (ConfUtils.java:logGet(43)) - raft.server.retrycache.expirytime = 600000ms (custom)
2019-06-14 01:47:27,949 INFO  impl.RaftServerImpl (RaftServerImpl.java:start(173)) - cfb49189-a762-419f-bae1-a854f5cd4c25: start group-DE4223CCC6CB
2019-06-14 01:47:27,949 INFO  impl.RaftServerImpl (RaftServerImpl.java:start(173)) - 9f27923f-5e08-4bf3-b8dc-28255b12a126: start group-DE4223CCC6CB
2019-06-14 01:47:27,949 INFO  server.RaftServerConfigKeys (ConfUtils.java:logGet(43)) - raft.server.snapshot.auto.trigger.threshold = 10000 (custom)
2019-06-14 01:47:27,950 INFO  impl.RaftServerImpl (RaftServerImpl.java:setRole(164)) - 9f27923f-5e08-4bf3-b8dc-28255b12a126:group-DE4223CCC6CB changes role from null to FOLLOWER at term 0 for startAsFollower
2019-06-14 01:47:27,950 INFO  server.RaftServerConfigKeys (ConfUtils.java:logGet(43)) - raft.server.retrycache.expirytime = 600000ms (custom)
2019-06-14 01:47:27,950 INFO  impl.RaftServerImpl (RaftServerImpl.java:setRole(164)) - cfb49189-a762-419f-bae1-a854f5cd4c25:group-DE4223CCC6CB changes role from null to FOLLOWER at term 0 for startAsFollower
2019-06-14 01:47:27,950 INFO  impl.RaftServerImpl (RaftServerImpl.java:start(173)) - 4bbe89e6-6059-4d2d-b369-a15f249e1caf: start group-DE4223CCC6CB
2019-06-14 01:47:27,950 INFO  impl.RoleInfo (RoleInfo.java:updateAndGet(143)) - 9f27923f-5e08-4bf3-b8dc-28255b12a126: start FollowerState
2019-06-14 01:47:27,950 INFO  impl.RaftServerImpl (RaftServerImpl.java:setRole(164)) - 4bbe89e6-6059-4d2d-b369-a15f249e1caf:group-DE4223CCC6CB changes role from null to FOLLOWER at term 0 for startAsFollower
2019-06-14 01:47:27,950 INFO  impl.RoleInfo (RoleInfo.java:updateAndGet(143)) - cfb49189-a762-419f-bae1-a854f5cd4c25: start FollowerState
2019-06-14 01:47:27,950 INFO  impl.RoleInfo (RoleInfo.java:updateAndGet(143)) - 4bbe89e6-6059-4d2d-b369-a15f249e1caf: start FollowerState
2019-06-14 01:47:27,950 INFO  util.JmxRegister (JmxRegister.java:tryRegister(44)) - Successfully registered JMX Bean with object name Ratis:service=RaftServer,group=group-DE4223CCC6CB,id=cfb49189-a762-419f-bae1-a854f5cd4c25
2019-06-14 01:47:27,950 INFO  util.JmxRegister (JmxRegister.java:tryRegister(44)) - Successfully registered JMX Bean with object name Ratis:service=RaftServer,group=group-DE4223CCC6CB,id=9f27923f-5e08-4bf3-b8dc-28255b12a126
2019-06-14 01:47:27,956 INFO  util.JmxRegister (JmxRegister.java:tryRegister(44)) - Successfully registered JMX Bean with object name Ratis:service=RaftServer,group=group-DE4223CCC6CB,id=4bbe89e6-6059-4d2d-b369-a15f249e1caf
2019-06-14 01:47:27,977 INFO  pipeline.PipelineStateManager (PipelineStateManager.java:addPipeline(56)) - Created pipeline Pipeline[ Id: bf814b85-ba8e-4d8d-9c2a-de4223ccc6cb, Nodes: 4bbe89e6-6059-4d2d-b369-a15f249e1caf{ip: 192.168.105.187, host: ozone-jv82d-2274558523, networkLocation: /default-rack, certSerialId: null}cfb49189-a762-419f-bae1-a854f5cd4c25{ip: 192.168.105.187, host: ozone-jv82d-2274558523, networkLocation: /default-rack, certSerialId: null}9f27923f-5e08-4bf3-b8dc-28255b12a126{ip: 192.168.105.187, host: ozone-jv82d-2274558523, networkLocation: /default-rack, certSerialId: null}, Type:RATIS, Factor:THREE, State:OPEN]
2019-06-14 01:47:28,274 INFO  impl.FollowerState (FollowerState.java:run(101)) - b4fa3bef-6d58-4f1a-9f95-f9f2b92eeeb0:group-78C0713F3C6A changes to CANDIDATE, lastRpcTime:1005, electionTimeout:1005ms
2019-06-14 01:47:28,274 INFO  impl.RoleInfo (RoleInfo.java:shutdownFollowerState(121)) - b4fa3bef-6d58-4f1a-9f95-f9f2b92eeeb0: shutdown FollowerState
2019-06-14 01:47:28,274 INFO  impl.RaftServerImpl (RaftServerImpl.java:setRole(164)) - b4fa3bef-6d58-4f1a-9f95-f9f2b92eeeb0:group-78C0713F3C6A changes role from FOLLOWER to CANDIDATE at term 0 for changeToCandidate
2019-06-14 01:47:28,276 INFO  impl.RoleInfo (RoleInfo.java:updateAndGet(143)) - b4fa3bef-6d58-4f1a-9f95-f9f2b92eeeb0: start LeaderElection
2019-06-14 01:47:28,284 INFO  impl.LeaderElection (LeaderElection.java:askForVotes(181)) - b4fa3bef-6d58-4f1a-9f95-f9f2b92eeeb0:group-78C0713F3C6A:LeaderElection1: begin an election at term 1 for -1: [b4fa3bef-6d58-4f1a-9f95-f9f2b92eeeb0:192.168.105.187:33171], old=null
2019-06-14 01:47:28,286 INFO  impl.RoleInfo (RoleInfo.java:shutdownLeaderElection(134)) - b4fa3bef-6d58-4f1a-9f95-f9f2b92eeeb0: shutdown LeaderElection
2019-06-14 01:47:28,286 INFO  impl.RaftServerImpl (RaftServerImpl.java:setRole(164)) - b4fa3bef-6d58-4f1a-9f95-f9f2b92eeeb0:group-78C0713F3C6A changes role from CANDIDATE to LEADER at term 1 for changeToLeader
2019-06-14 01:47:28,287 INFO  impl.RaftServerImpl (ServerState.java:setLeader(263)) - b4fa3bef-6d58-4f1a-9f95-f9f2b92eeeb0:group-78C0713F3C6A change Leader from null to b4fa3bef-6d58-4f1a-9f95-f9f2b92eeeb0 at term 1 for becomeLeader, leader elected after 1195ms
2019-06-14 01:47:28,290 INFO  server.RaftServerConfigKeys (ConfUtils.java:logGet(43)) - raft.server.staging.catchup.gap = 1000 (default)
2019-06-14 01:47:28,290 INFO  server.RaftServerConfigKeys (ConfUtils.java:logGet(43)) - raft.server.rpc.sleep.time = 25ms (default)
2019-06-14 01:47:28,293 INFO  server.RaftServerConfigKeys (ConfUtils.java:logGet(43)) - raft.server.watch.timeout = 10s (default)
2019-06-14 01:47:28,293 INFO  server.RaftServerConfigKeys (ConfUtils.java:logGet(43)) - raft.server.watch.timeout.denomination = 1s (default)
2019-06-14 01:47:28,298 INFO  impl.RoleInfo (RoleInfo.java:updateAndGet(143)) - b4fa3bef-6d58-4f1a-9f95-f9f2b92eeeb0: start LeaderState
2019-06-14 01:47:28,316 INFO  storage.RaftLogWorker (RaftLogWorker.java:startLogSegment(298)) - b4fa3bef-6d58-4f1a-9f95-f9f2b92eeeb0-RaftLogWorker: Starting segment from index:0
2019-06-14 01:47:28,346 INFO  impl.RaftServerImpl (ServerState.java:setRaftConf(361)) - b4fa3bef-6d58-4f1a-9f95-f9f2b92eeeb0:group-78C0713F3C6A set configuration 0: [b4fa3bef-6d58-4f1a-9f95-f9f2b92eeeb0:192.168.105.187:33171], old=null at 0
2019-06-14 01:47:28,469 INFO  impl.FollowerState (FollowerState.java:run(101)) - 08c404af-96d0-4147-8be0-e11763301d91:group-8BAF65B41587 changes to CANDIDATE, lastRpcTime:1124, electionTimeout:1122ms
2019-06-14 01:47:28,489 INFO  impl.RoleInfo (RoleInfo.java:shutdownFollowerState(121)) - 08c404af-96d0-4147-8be0-e11763301d91: shutdown FollowerState
2019-06-14 01:47:28,489 INFO  impl.RaftServerImpl (RaftServerImpl.java:setRole(164)) - 08c404af-96d0-4147-8be0-e11763301d91:group-8BAF65B41587 changes role from FOLLOWER to CANDIDATE at term 0 for changeToCandidate
2019-06-14 01:47:28,490 INFO  impl.RoleInfo (RoleInfo.java:updateAndGet(143)) - 08c404af-96d0-4147-8be0-e11763301d91: start LeaderElection
2019-06-14 01:47:28,498 INFO  storage.RaftLogWorker (RaftLogWorker.java:execute(469)) - b4fa3bef-6d58-4f1a-9f95-f9f2b92eeeb0-RaftLogWorker: created new log segment /opt/src/hadoop-ozone/integration-test/target/test-dir/MiniOzoneClusterImpl-8a9ade3b-7790-45fd-8104-53fe4b5ecb70/datanode-0/data/ratis/b44d1e24-f09e-4e7a-b3f4-78c0713f3c6a/current/log_inprogress_0
2019-06-14 01:47:28,505 INFO  impl.LeaderElection (LeaderElection.java:askForVotes(181)) - 08c404af-96d0-4147-8be0-e11763301d91:group-8BAF65B41587:LeaderElection2: begin an election at term 1 for -1: [08c404af-96d0-4147-8be0-e11763301d91:192.168.105.187:34155], old=null
2019-06-14 01:47:28,513 INFO  impl.RoleInfo (RoleInfo.java:shutdownLeaderElection(134)) - 08c404af-96d0-4147-8be0-e11763301d91: shutdown LeaderElection
2019-06-14 01:47:28,513 INFO  impl.RaftServerImpl (RaftServerImpl.java:setRole(164)) - 08c404af-96d0-4147-8be0-e11763301d91:group-8BAF65B41587 changes role from CANDIDATE to LEADER at term 1 for changeToLeader
2019-06-14 01:47:28,521 INFO  impl.RaftServerImpl (ServerState.java:setLeader(263)) - 08c404af-96d0-4147-8be0-e11763301d91:group-8BAF65B41587 change Leader from null to 08c404af-96d0-4147-8be0-e11763301d91 at term 1 for becomeLeader, leader elected after 1172ms
2019-06-14 01:47:28,525 INFO  server.RaftServerConfigKeys (ConfUtils.java:logGet(43)) - raft.server.staging.catchup.gap = 1000 (default)
2019-06-14 01:47:28,525 INFO  server.RaftServerConfigKeys (ConfUtils.java:logGet(43)) - raft.server.rpc.sleep.time = 25ms (default)
2019-06-14 01:47:28,526 INFO  server.RaftServerConfigKeys (ConfUtils.java:logGet(43)) - raft.server.watch.timeout = 10s (default)
2019-06-14 01:47:28,526 INFO  server.RaftServerConfigKeys (ConfUtils.java:logGet(43)) - raft.server.watch.timeout.denomination = 1s (default)
2019-06-14 01:47:28,526 INFO  impl.RoleInfo (RoleInfo.java:updateAndGet(143)) - 08c404af-96d0-4147-8be0-e11763301d91: start LeaderState
2019-06-14 01:47:28,526 INFO  storage.RaftLogWorker (RaftLogWorker.java:startLogSegment(298)) - 08c404af-96d0-4147-8be0-e11763301d91-RaftLogWorker: Starting segment from index:0
2019-06-14 01:47:28,528 INFO  impl.RaftServerImpl (ServerState.java:setRaftConf(361)) - 08c404af-96d0-4147-8be0-e11763301d91:group-8BAF65B41587 set configuration 0: [08c404af-96d0-4147-8be0-e11763301d91:192.168.105.187:34155], old=null at 0
2019-06-14 01:47:28,557 INFO  impl.FollowerState (FollowerState.java:run(101)) - 9f27923f-5e08-4bf3-b8dc-28255b12a126:group-4A2501CD1C9C changes to CANDIDATE, lastRpcTime:1133, electionTimeout:1120ms
2019-06-14 01:47:28,558 INFO  impl.RoleInfo (RoleInfo.java:shutdownFollowerState(121)) - 9f27923f-5e08-4bf3-b8dc-28255b12a126: shutdown FollowerState
2019-06-14 01:47:28,558 INFO  impl.RaftServerImpl (RaftServerImpl.java:setRole(164)) - 9f27923f-5e08-4bf3-b8dc-28255b12a126:group-4A2501CD1C9C changes role from FOLLOWER to CANDIDATE at term 0 for changeToCandidate
2019-06-14 01:47:28,558 INFO  impl.RoleInfo (RoleInfo.java:updateAndGet(143)) - 9f27923f-5e08-4bf3-b8dc-28255b12a126: start LeaderElection
2019-06-14 01:47:28,561 INFO  impl.FollowerState (FollowerState.java:run(101)) - 4f8ec618-f580-4f3c-820c-a5e713290215:group-C2BCC60F96B0 changes to CANDIDATE, lastRpcTime:1094, electionTimeout:1092ms
2019-06-14 01:47:28,561 INFO  impl.RoleInfo (RoleInfo.java:shutdownFollowerState(121)) - 4f8ec618-f580-4f3c-820c-a5e713290215: shutdown FollowerState
2019-06-14 01:47:28,561 INFO  impl.RaftServerImpl (RaftServerImpl.java:setRole(164)) - 4f8ec618-f580-4f3c-820c-a5e713290215:group-C2BCC60F96B0 changes role from FOLLOWER to CANDIDATE at term 0 for changeToCandidate
2019-06-14 01:47:28,577 INFO  impl.FollowerState (FollowerState.java:run(101)) - 4f8ec618-f580-4f3c-820c-a5e713290215:group-799DB96F7338 changes to CANDIDATE, lastRpcTime:1048, electionTimeout:1013ms
2019-06-14 01:47:28,577 INFO  impl.RoleInfo (RoleInfo.java:shutdownFollowerState(121)) - 4f8ec618-f580-4f3c-820c-a5e713290215: shutdown FollowerState
2019-06-14 01:47:28,578 INFO  impl.RaftServerImpl (RaftServerImpl.java:setRole(164)) - 4f8ec618-f580-4f3c-820c-a5e713290215:group-799DB96F7338 changes role from FOLLOWER to CANDIDATE at term 0 for changeToCandidate
2019-06-14 01:47:28,578 INFO  impl.RoleInfo (RoleInfo.java:updateAndGet(143)) - 4f8ec618-f580-4f3c-820c-a5e713290215: start LeaderElection
2019-06-14 01:47:28,580 INFO  impl.RoleInfo (RoleInfo.java:updateAndGet(143)) - 4f8ec618-f580-4f3c-820c-a5e713290215: start LeaderElection
2019-06-14 01:47:28,581 INFO  storage.RaftLogWorker (RaftLogWorker.java:execute(469)) - 08c404af-96d0-4147-8be0-e11763301d91-RaftLogWorker: created new log segment /opt/src/hadoop-ozone/integration-test/target/test-dir/MiniOzoneClusterImpl-8a9ade3b-7790-45fd-8104-53fe4b5ecb70/datanode-2/data/ratis/858e0f34-276b-46cb-8fc1-8baf65b41587/current/log_inprogress_0
2019-06-14 01:47:28,622 INFO  impl.LeaderElection (LeaderElection.java:askForVotes(181)) - 9f27923f-5e08-4bf3-b8dc-28255b12a126:group-4A2501CD1C9C:LeaderElection3: begin an election at term 1 for -1: [9f27923f-5e08-4bf3-b8dc-28255b12a126:192.168.105.187:46265], old=null
2019-06-14 01:47:28,622 INFO  impl.RoleInfo (RoleInfo.java:shutdownLeaderElection(134)) - 9f27923f-5e08-4bf3-b8dc-28255b12a126: shutdown LeaderElection
2019-06-14 01:47:28,622 INFO  impl.RaftServerImpl (RaftServerImpl.java:setRole(164)) - 9f27923f-5e08-4bf3-b8dc-28255b12a126:group-4A2501CD1C9C changes role from CANDIDATE to LEADER at term 1 for changeToLeader
2019-06-14 01:47:28,622 INFO  impl.RaftServerImpl (ServerState.java:setLeader(263)) - 9f27923f-5e08-4bf3-b8dc-28255b12a126:group-4A2501CD1C9C change Leader from null to 9f27923f-5e08-4bf3-b8dc-28255b12a126 at term 1 for becomeLeader, leader elected after 1200ms
2019-06-14 01:47:28,622 INFO  impl.LeaderElection (LeaderElection.java:askForVotes(181)) - 4f8ec618-f580-4f3c-820c-a5e713290215:group-C2BCC60F96B0:LeaderElection4: begin an election at term 1 for -1: [4f8ec618-f580-4f3c-820c-a5e713290215:192.168.105.187:42155], old=null
2019-06-14 01:47:28,622 INFO  impl.RoleInfo (RoleInfo.java:shutdownLeaderElection(134)) - 4f8ec618-f580-4f3c-820c-a5e713290215: shutdown LeaderElection
2019-06-14 01:47:28,625 INFO  server.RaftServerConfigKeys (ConfUtils.java:logGet(43)) - raft.server.staging.catchup.gap = 1000 (default)
2019-06-14 01:47:28,627 INFO  server.RaftServerConfigKeys (ConfUtils.java:logGet(43)) - raft.server.rpc.sleep.time = 25ms (default)
2019-06-14 01:47:28,627 INFO  server.RaftServerConfigKeys (ConfUtils.java:logGet(43)) - raft.server.watch.timeout = 10s (default)
2019-06-14 01:47:28,627 INFO  server.RaftServerConfigKeys (ConfUtils.java:logGet(43)) - raft.server.watch.timeout.denomination = 1s (default)
2019-06-14 01:47:28,628 INFO  impl.RoleInfo (RoleInfo.java:updateAndGet(143)) - 9f27923f-5e08-4bf3-b8dc-28255b12a126: start LeaderState
2019-06-14 01:47:28,628 INFO  storage.RaftLogWorker (RaftLogWorker.java:startLogSegment(298)) - 9f27923f-5e08-4bf3-b8dc-28255b12a126-RaftLogWorker: Starting segment from index:0
2019-06-14 01:47:28,628 INFO  impl.RaftServerImpl (RaftServerImpl.java:setRole(164)) - 4f8ec618-f580-4f3c-820c-a5e713290215:group-C2BCC60F96B0 changes role from CANDIDATE to LEADER at term 1 for changeToLeader
2019-06-14 01:47:28,628 INFO  impl.RaftServerImpl (ServerState.java:setLeader(263)) - 4f8ec618-f580-4f3c-820c-a5e713290215:group-C2BCC60F96B0 change Leader from null to 4f8ec618-f580-4f3c-820c-a5e713290215 at term 1 for becomeLeader, leader elected after 1164ms
2019-06-14 01:47:28,629 INFO  impl.RaftServerImpl (ServerState.java:setRaftConf(361)) - 9f27923f-5e08-4bf3-b8dc-28255b12a126:group-4A2501CD1C9C set configuration 0: [9f27923f-5e08-4bf3-b8dc-28255b12a126:192.168.105.187:46265], old=null at 0
2019-06-14 01:47:28,695 INFO  server.RaftServerConfigKeys (ConfUtils.java:logGet(43)) - raft.server.staging.catchup.gap = 1000 (default)
2019-06-14 01:47:28,695 INFO  server.RaftServerConfigKeys (ConfUtils.java:logGet(43)) - raft.server.rpc.sleep.time = 25ms (default)
2019-06-14 01:47:28,696 INFO  server.RaftServerConfigKeys (ConfUtils.java:logGet(43)) - raft.server.watch.timeout = 10s (default)
2019-06-14 01:47:28,696 INFO  server.RaftServerConfigKeys (ConfUtils.java:logGet(43)) - raft.server.watch.timeout.denomination = 1s (default)
2019-06-14 01:47:28,696 INFO  impl.RoleInfo (RoleInfo.java:updateAndGet(143)) - 4f8ec618-f580-4f3c-820c-a5e713290215: start LeaderState
2019-06-14 01:47:28,696 INFO  storage.RaftLogWorker (RaftLogWorker.java:startLogSegment(298)) - 4f8ec618-f580-4f3c-820c-a5e713290215-RaftLogWorker: Starting segment from index:0
2019-06-14 01:47:28,697 INFO  impl.FollowerState (FollowerState.java:run(101)) - b4fa3bef-6d58-4f1a-9f95-f9f2b92eeeb0:group-799DB96F7338 changes to CANDIDATE, lastRpcTime:1152, electionTimeout:1118ms
2019-06-14 01:47:28,697 INFO  impl.RoleInfo (RoleInfo.java:shutdownFollowerState(121)) - b4fa3bef-6d58-4f1a-9f95-f9f2b92eeeb0: shutdown FollowerState
2019-06-14 01:47:28,697 INFO  impl.RaftServerImpl (RaftServerImpl.java:setRole(164)) - b4fa3bef-6d58-4f1a-9f95-f9f2b92eeeb0:group-799DB96F7338 changes role from FOLLOWER to CANDIDATE at term 0 for changeToCandidate
2019-06-14 01:47:28,698 INFO  impl.RoleInfo (RoleInfo.java:updateAndGet(143)) - b4fa3bef-6d58-4f1a-9f95-f9f2b92eeeb0: start LeaderElection
2019-06-14 01:47:28,698 INFO  storage.RaftLogWorker (RaftLogWorker.java:execute(469)) - 9f27923f-5e08-4bf3-b8dc-28255b12a126-RaftLogWorker: created new log segment /opt/src/hadoop-ozone/integration-test/target/test-dir/MiniOzoneClusterImpl-8a9ade3b-7790-45fd-8104-53fe4b5ecb70/datanode-1/data/ratis/fdb5a14f-3192-499c-b262-4a2501cd1c9c/current/log_inprogress_0
2019-06-14 01:47:28,698 INFO  impl.LeaderElection (LeaderElection.java:askForVotes(181)) - 4f8ec618-f580-4f3c-820c-a5e713290215:group-799DB96F7338:LeaderElection5: begin an election at term 1 for -1: [4f8ec618-f580-4f3c-820c-a5e713290215:192.168.105.187:42155, b4fa3bef-6d58-4f1a-9f95-f9f2b92eeeb0:192.168.105.187:33171, 08c404af-96d0-4147-8be0-e11763301d91:192.168.105.187:34155], old=null
2019-06-14 01:47:28,741 INFO  impl.RaftServerImpl (ServerState.java:setRaftConf(361)) - 4f8ec618-f580-4f3c-820c-a5e713290215:group-C2BCC60F96B0 set configuration 0: [4f8ec618-f580-4f3c-820c-a5e713290215:192.168.105.187:42155], old=null at 0
2019-06-14 01:47:28,742 INFO  impl.FollowerState (FollowerState.java:run(101)) - 08c404af-96d0-4147-8be0-e11763301d91:group-799DB96F7338 changes to CANDIDATE, lastRpcTime:1212, electionTimeout:1180ms
2019-06-14 01:47:28,743 INFO  impl.RoleInfo (RoleInfo.java:shutdownFollowerState(121)) - 08c404af-96d0-4147-8be0-e11763301d91: shutdown FollowerState
2019-06-14 01:47:28,743 INFO  impl.RaftServerImpl (RaftServerImpl.java:setRole(164)) - 08c404af-96d0-4147-8be0-e11763301d91:group-799DB96F7338 changes role from FOLLOWER to CANDIDATE at term 0 for changeToCandidate
2019-06-14 01:47:28,743 INFO  impl.RoleInfo (RoleInfo.java:updateAndGet(143)) - 08c404af-96d0-4147-8be0-e11763301d91: start LeaderElection
2019-06-14 01:47:28,768 INFO  impl.LeaderElection (LeaderElection.java:askForVotes(181)) - b4fa3bef-6d58-4f1a-9f95-f9f2b92eeeb0:group-799DB96F7338:LeaderElection6: begin an election at term 1 for -1: [4f8ec618-f580-4f3c-820c-a5e713290215:192.168.105.187:42155, b4fa3bef-6d58-4f1a-9f95-f9f2b92eeeb0:192.168.105.187:33171, 08c404af-96d0-4147-8be0-e11763301d91:192.168.105.187:34155], old=null
2019-06-14 01:47:28,777 INFO  storage.RaftLogWorker (RaftLogWorker.java:execute(469)) - 4f8ec618-f580-4f3c-820c-a5e713290215-RaftLogWorker: created new log segment /opt/src/hadoop-ozone/integration-test/target/test-dir/MiniOzoneClusterImpl-8a9ade3b-7790-45fd-8104-53fe4b5ecb70/datanode-3/data/ratis/5b63d036-a420-449d-964c-c2bcc60f96b0/current/log_inprogress_0
2019-06-14 01:47:28,779 INFO  impl.LeaderElection (LeaderElection.java:askForVotes(181)) - 08c404af-96d0-4147-8be0-e11763301d91:group-799DB96F7338:LeaderElection7: begin an election at term 1 for -1: [4f8ec618-f580-4f3c-820c-a5e713290215:192.168.105.187:42155, b4fa3bef-6d58-4f1a-9f95-f9f2b92eeeb0:192.168.105.187:33171, 08c404af-96d0-4147-8be0-e11763301d91:192.168.105.187:34155], old=null
2019-06-14 01:47:28,792 INFO  impl.FollowerState (FollowerState.java:run(101)) - cfb49189-a762-419f-bae1-a854f5cd4c25:group-9788FEAE2DCE changes to CANDIDATE, lastRpcTime:1170, electionTimeout:1167ms
2019-06-14 01:47:28,793 INFO  impl.RoleInfo (RoleInfo.java:shutdownFollowerState(121)) - cfb49189-a762-419f-bae1-a854f5cd4c25: shutdown FollowerState
2019-06-14 01:47:28,793 INFO  impl.RaftServerImpl (RaftServerImpl.java:setRole(164)) - cfb49189-a762-419f-bae1-a854f5cd4c25:group-9788FEAE2DCE changes role from FOLLOWER to CANDIDATE at term 0 for changeToCandidate
2019-06-14 01:47:28,793 INFO  impl.RoleInfo (RoleInfo.java:updateAndGet(143)) - cfb49189-a762-419f-bae1-a854f5cd4c25: start LeaderElection
2019-06-14 01:47:28,811 INFO  impl.LeaderElection (LeaderElection.java:askForVotes(181)) - cfb49189-a762-419f-bae1-a854f5cd4c25:group-9788FEAE2DCE:LeaderElection8: begin an election at term 1 for -1: [cfb49189-a762-419f-bae1-a854f5cd4c25:192.168.105.187:44819], old=null
2019-06-14 01:47:28,812 INFO  impl.RoleInfo (RoleInfo.java:shutdownLeaderElection(134)) - cfb49189-a762-419f-bae1-a854f5cd4c25: shutdown LeaderElection
2019-06-14 01:47:28,813 INFO  impl.RaftServerImpl (RaftServerImpl.java:setRole(164)) - cfb49189-a762-419f-bae1-a854f5cd4c25:group-9788FEAE2DCE changes role from CANDIDATE to LEADER at term 1 for changeToLeader
2019-06-14 01:47:28,813 INFO  impl.RaftServerImpl (ServerState.java:setLeader(263)) - cfb49189-a762-419f-bae1-a854f5cd4c25:group-9788FEAE2DCE change Leader from null to cfb49189-a762-419f-bae1-a854f5cd4c25 at term 1 for becomeLeader, leader elected after 1193ms
2019-06-14 01:47:28,814 INFO  server.RaftServerConfigKeys (ConfUtils.java:logGet(43)) - raft.server.staging.catchup.gap = 1000 (default)
2019-06-14 01:47:28,814 INFO  server.RaftServerConfigKeys (ConfUtils.java:logGet(43)) - raft.server.rpc.sleep.time = 25ms (default)
2019-06-14 01:47:28,814 INFO  server.RaftServerConfigKeys (ConfUtils.java:logGet(43)) - raft.server.watch.timeout = 10s (default)
2019-06-14 01:47:28,814 INFO  server.RaftServerConfigKeys (ConfUtils.java:logGet(43)) - raft.server.watch.timeout.denomination = 1s (default)
2019-06-14 01:47:28,815 INFO  impl.RoleInfo (RoleInfo.java:updateAndGet(143)) - cfb49189-a762-419f-bae1-a854f5cd4c25: start LeaderState
2019-06-14 01:47:28,815 INFO  storage.RaftLogWorker (RaftLogWorker.java:startLogSegment(298)) - cfb49189-a762-419f-bae1-a854f5cd4c25-RaftLogWorker: Starting segment from index:0
2019-06-14 01:47:28,834 INFO  impl.RaftServerImpl (ServerState.java:setRaftConf(361)) - cfb49189-a762-419f-bae1-a854f5cd4c25:group-9788FEAE2DCE set configuration 0: [cfb49189-a762-419f-bae1-a854f5cd4c25:192.168.105.187:44819], old=null at 0
2019-06-14 01:47:28,857 INFO  storage.RaftLogWorker (RaftLogWorker.java:execute(469)) - cfb49189-a762-419f-bae1-a854f5cd4c25-RaftLogWorker: created new log segment /opt/src/hadoop-ozone/integration-test/target/test-dir/MiniOzoneClusterImpl-8a9ade3b-7790-45fd-8104-53fe4b5ecb70/datanode-4/data/ratis/47fa586b-f274-46e6-903d-9788feae2dce/current/log_inprogress_0
2019-06-14 01:47:28,861 INFO  impl.LeaderElection (LeaderElection.java:logAndReturn(56)) - b4fa3bef-6d58-4f1a-9f95-f9f2b92eeeb0:group-799DB96F7338:LeaderElection6: Election REJECTED; received 2 response(s) [b4fa3bef-6d58-4f1a-9f95-f9f2b92eeeb0->4f8ec618-f580-4f3c-820c-a5e713290215,false-t1, b4fa3bef-6d58-4f1a-9f95-f9f2b92eeeb0->08c404af-96d0-4147-8be0-e11763301d91,false-t1] and 0 exception(s); b4fa3bef-6d58-4f1a-9f95-f9f2b92eeeb0:t1, leader=null, voted=b4fa3bef-6d58-4f1a-9f95-f9f2b92eeeb0, raftlog=b4fa3bef-6d58-4f1a-9f95-f9f2b92eeeb0-SegmentedRaftLog:OPENED:c-1,f-1,i0, conf=-1: [4f8ec618-f580-4f3c-820c-a5e713290215:192.168.105.187:42155, b4fa3bef-6d58-4f1a-9f95-f9f2b92eeeb0:192.168.105.187:33171, 08c404af-96d0-4147-8be0-e11763301d91:192.168.105.187:34155], old=null
2019-06-14 01:47:28,861 INFO  impl.LeaderElection (LeaderElection.java:logAndReturn(56)) - 08c404af-96d0-4147-8be0-e11763301d91:group-799DB96F7338:LeaderElection7: Election REJECTED; received 2 response(s) [08c404af-96d0-4147-8be0-e11763301d91->4f8ec618-f580-4f3c-820c-a5e713290215,false-t1, 08c404af-96d0-4147-8be0-e11763301d91->b4fa3bef-6d58-4f1a-9f95-f9f2b92eeeb0,false-t1] and 0 exception(s); 08c404af-96d0-4147-8be0-e11763301d91:t1, leader=null, voted=08c404af-96d0-4147-8be0-e11763301d91, raftlog=08c404af-96d0-4147-8be0-e11763301d91-SegmentedRaftLog:OPENED:c-1,f-1,i0, conf=-1: [4f8ec618-f580-4f3c-820c-a5e713290215:192.168.105.187:42155, b4fa3bef-6d58-4f1a-9f95-f9f2b92eeeb0:192.168.105.187:33171, 08c404af-96d0-4147-8be0-e11763301d91:192.168.105.187:34155], old=null
2019-06-14 01:47:28,861 INFO  impl.LeaderElection (LeaderElection.java:logAndReturn(56)) - 4f8ec618-f580-4f3c-820c-a5e713290215:group-799DB96F7338:LeaderElection5: Election REJECTED; received 2 response(s) [4f8ec618-f580-4f3c-820c-a5e713290215->b4fa3bef-6d58-4f1a-9f95-f9f2b92eeeb0,false-t1, 4f8ec618-f580-4f3c-820c-a5e713290215->08c404af-96d0-4147-8be0-e11763301d91,false-t1] and 0 exception(s); 4f8ec618-f580-4f3c-820c-a5e713290215:t1, leader=null, voted=4f8ec618-f580-4f3c-820c-a5e713290215, raftlog=4f8ec618-f580-4f3c-820c-a5e713290215-SegmentedRaftLog:OPENED:c-1,f-1,i0, conf=-1: [4f8ec618-f580-4f3c-820c-a5e713290215:192.168.105.187:42155, b4fa3bef-6d58-4f1a-9f95-f9f2b92eeeb0:192.168.105.187:33171, 08c404af-96d0-4147-8be0-e11763301d91:192.168.105.187:34155], old=null
2019-06-14 01:47:28,861 INFO  impl.RaftServerImpl (RaftServerImpl.java:setRole(164)) - 08c404af-96d0-4147-8be0-e11763301d91:group-799DB96F7338 changes role from CANDIDATE to FOLLOWER at term 1 for DISCOVERED_A_NEW_TERM
2019-06-14 01:47:28,864 INFO  impl.RoleInfo (RoleInfo.java:shutdownLeaderElection(134)) - 08c404af-96d0-4147-8be0-e11763301d91: shutdown LeaderElection
2019-06-14 01:47:28,861 INFO  impl.RaftServerImpl (RaftServerImpl.java:setRole(164)) - b4fa3bef-6d58-4f1a-9f95-f9f2b92eeeb0:group-799DB96F7338 changes role from CANDIDATE to FOLLOWER at term 1 for DISCOVERED_A_NEW_TERM
2019-06-14 01:47:28,865 INFO  impl.RoleInfo (RoleInfo.java:updateAndGet(143)) - 08c404af-96d0-4147-8be0-e11763301d91: start FollowerState
2019-06-14 01:47:28,863 INFO  impl.RaftServerImpl (RaftServerImpl.java:setRole(164)) - 4f8ec618-f580-4f3c-820c-a5e713290215:group-799DB96F7338 changes role from CANDIDATE to FOLLOWER at term 1 for DISCOVERED_A_NEW_TERM
2019-06-14 01:47:28,865 INFO  impl.RoleInfo (RoleInfo.java:shutdownLeaderElection(134)) - 4f8ec618-f580-4f3c-820c-a5e713290215: shutdown LeaderElection
2019-06-14 01:47:28,865 INFO  impl.RoleInfo (RoleInfo.java:shutdownLeaderElection(134)) - b4fa3bef-6d58-4f1a-9f95-f9f2b92eeeb0: shutdown LeaderElection
2019-06-14 01:47:28,868 INFO  impl.RoleInfo (RoleInfo.java:updateAndGet(143)) - 4f8ec618-f580-4f3c-820c-a5e713290215: start FollowerState
2019-06-14 01:47:28,868 INFO  impl.RoleInfo (RoleInfo.java:updateAndGet(143)) - b4fa3bef-6d58-4f1a-9f95-f9f2b92eeeb0: start FollowerState
2019-06-14 01:47:28,869 INFO  ozone.MiniOzoneClusterImpl (MiniOzoneClusterImpl.java:lambda$waitForClusterToBeReady$0(142)) - Cluster is ready. Got 6 of 6 DN Heartbeats.
]]></system-out>
    <system-err><![CDATA[ERROR StatusLogger No Log4j 2 configuration file found. Using default configuration (logging only errors to the console), or user programmatically provided configurations. Set system property 'log4j2.debug' to show Log4j 2 internal initialization logging. See https://logging.apache.org/log4j/2.x/manual/configuration.html for instructions on how to configure Log4j 2
Jun 14, 2019 1:47:21 AM com.sun.jersey.server.impl.application.WebApplicationImpl _initiate
INFO: Initiating Jersey application, version 'Jersey: 1.19 02/11/2015 03:25 AM'
Jun 14, 2019 1:47:22 AM com.sun.jersey.server.impl.application.WebApplicationImpl _initiate
INFO: Initiating Jersey application, version 'Jersey: 1.19 02/11/2015 03:25 AM'
Jun 14, 2019 1:47:22 AM com.sun.jersey.server.impl.application.WebApplicationImpl _initiate
INFO: Initiating Jersey application, version 'Jersey: 1.19 02/11/2015 03:25 AM'
Jun 14, 2019 1:47:23 AM com.sun.jersey.server.impl.application.WebApplicationImpl _initiate
INFO: Initiating Jersey application, version 'Jersey: 1.19 02/11/2015 03:25 AM'
Jun 14, 2019 1:47:23 AM com.sun.jersey.server.impl.application.WebApplicationImpl _initiate
INFO: Initiating Jersey application, version 'Jersey: 1.19 02/11/2015 03:25 AM'
Jun 14, 2019 1:47:23 AM com.sun.jersey.server.impl.application.WebApplicationImpl _initiate
INFO: Initiating Jersey application, version 'Jersey: 1.19 02/11/2015 03:25 AM'
]]></system-err>
  </testcase>
</testsuite>