<?xml version="1.0" encoding="UTF-8"?>
<testsuite xmlns:xsi="http://www.w3.org/2001/XMLSchema-instance" xsi:noNamespaceSchemaLocation="https://maven.apache.org/surefire/maven-surefire-plugin/xsd/surefire-test-report.xsd" name="org.apache.hadoop.hdds.scm.pipeline.TestNodeFailure" time="11.084" tests="1" errors="0" skipped="1" failures="0">
  <properties>
    <property name="awt.toolkit" value="sun.awt.X11.XToolkit"/>
    <property name="file.encoding.pkg" value="sun.io"/>
    <property name="java.specification.version" value="1.8"/>
    <property name="sun.cpu.isalist" value=""/>
    <property name="sun.jnu.encoding" value="UTF-8"/>
    <property name="java.class.path" value="/opt/src/hadoop-ozone/integration-test/target/test-classes:/opt/src/hadoop-ozone/integration-test/target/classes:/home/user/.m2/repository/org/apache/hadoop/hadoop-ozone-common/0.5.0-SNAPSHOT/hadoop-ozone-common-0.5.0-SNAPSHOT.jar:/home/user/.m2/repository/org/apache/commons/commons-compress/1.4.1/commons-compress-1.4.1.jar:/home/user/.m2/repository/org/tukaani/xz/1.0/xz-1.0.jar:/home/user/.m2/repository/org/apache/hadoop/hadoop-common/3.2.0/hadoop-common-3.2.0.jar:/home/user/.m2/repository/org/apache/hadoop/hadoop-hdfs/3.2.0/hadoop-hdfs-3.2.0.jar:/home/user/.m2/repository/org/apache/hadoop/hadoop-hdfs-client/3.2.0/hadoop-hdfs-client-3.2.0.jar:/home/user/.m2/repository/com/fasterxml/jackson/core/jackson-annotations/2.9.5/jackson-annotations-2.9.5.jar:/home/user/.m2/repository/org/apache/hadoop/hadoop-hdds-common/0.5.0-SNAPSHOT/hadoop-hdds-common-0.5.0-SNAPSHOT.jar:/home/user/.m2/repository/javax/annotation/javax.annotation-api/1.2/javax.annotation-api-1.2.jar:/home/user/.m2/repository/org/apache/ratis/ratis-server/0.4.0-fe2b15d-SNAPSHOT/ratis-server-0.4.0-fe2b15d-SNAPSHOT.jar:/home/user/.m2/repository/org/apache/ratis/ratis-thirdparty-misc/0.2.0/ratis-thirdparty-misc-0.2.0.jar:/home/user/.m2/repository/org/apache/ratis/ratis-proto/0.4.0-fe2b15d-SNAPSHOT/ratis-proto-0.4.0-fe2b15d-SNAPSHOT.jar:/home/user/.m2/repository/org/apache/ratis/ratis-common/0.4.0-fe2b15d-SNAPSHOT/ratis-common-0.4.0-fe2b15d-SNAPSHOT.jar:/home/user/.m2/repository/org/apache/ratis/ratis-client/0.4.0-fe2b15d-SNAPSHOT/ratis-client-0.4.0-fe2b15d-SNAPSHOT.jar:/home/user/.m2/repository/org/apache/ratis/ratis-netty/0.4.0-fe2b15d-SNAPSHOT/ratis-netty-0.4.0-fe2b15d-SNAPSHOT.jar:/home/user/.m2/repository/org/apache/ratis/ratis-grpc/0.4.0-fe2b15d-SNAPSHOT/ratis-grpc-0.4.0-fe2b15d-SNAPSHOT.jar:/home/user/.m2/repository/org/rocksdb/rocksdbjni/5.14.2/rocksdbjni-5.14.2.jar:/home/user/.m2/repository/org/apache/logging/log4j/log4j-api/2.11.0/log4j-api-2.11.0.jar:/home/user/.m2/repository/org/apache/logging/log4j/log4j-core/2.11.0/log4j-core-2.11.0.jar:/home/user/.m2/repository/com/lmax/disruptor/3.4.2/disruptor-3.4.2.jar:/home/user/.m2/repository/org/apache/commons/commons-pool2/2.6.0/commons-pool2-2.6.0.jar:/home/user/.m2/repository/org/bouncycastle/bcpkix-jdk15on/1.60/bcpkix-jdk15on-1.60.jar:/home/user/.m2/repository/commons-validator/commons-validator/1.6/commons-validator-1.6.jar:/home/user/.m2/repository/commons-digester/commons-digester/1.8.1/commons-digester-1.8.1.jar:/home/user/.m2/repository/io/jaegertracing/jaeger-client/0.33.1/jaeger-client-0.33.1.jar:/home/user/.m2/repository/io/jaegertracing/jaeger-thrift/0.33.1/jaeger-thrift-0.33.1.jar:/home/user/.m2/repository/org/apache/thrift/libthrift/0.11.0/libthrift-0.11.0.jar:/home/user/.m2/repository/com/squareup/okhttp3/okhttp/3.9.0/okhttp-3.9.0.jar:/home/user/.m2/repository/com/squareup/okio/okio/1.13.0/okio-1.13.0.jar:/home/user/.m2/repository/io/jaegertracing/jaeger-core/0.33.1/jaeger-core-0.33.1.jar:/home/user/.m2/repository/io/jaegertracing/jaeger-tracerresolver/0.33.1/jaeger-tracerresolver-0.33.1.jar:/home/user/.m2/repository/io/opentracing/contrib/opentracing-tracerresolver/0.1.5/opentracing-tracerresolver-0.1.5.jar:/home/user/.m2/repository/io/opentracing/opentracing-util/0.31.0/opentracing-util-0.31.0.jar:/home/user/.m2/repository/io/opentracing/opentracing-api/0.31.0/opentracing-api-0.31.0.jar:/home/user/.m2/repository/io/opentracing/opentracing-noop/0.31.0/opentracing-noop-0.31.0.jar:/home/user/.m2/repository/org/apache/hadoop/hadoop-hdds-server-framework/0.5.0-SNAPSHOT/hadoop-hdds-server-framework-0.5.0-SNAPSHOT.jar:/home/user/.m2/repository/org/apache/hadoop/hadoop-hdds-server-scm/0.5.0-SNAPSHOT/hadoop-hdds-server-scm-0.5.0-SNAPSHOT.jar:/home/user/.m2/repository/org/apache/hadoop/hadoop-hdds-container-service/0.5.0-SNAPSHOT/hadoop-hdds-container-service-0.5.0-SNAPSHOT.jar:/home/user/.m2/repository/org/apache/hadoop/hadoop-hdds-client/0.5.0-SNAPSHOT/hadoop-hdds-client-0.5.0-SNAPSHOT.jar:/home/user/.m2/repository/org/apache/hadoop/hadoop-hdds-tools/0.5.0-SNAPSHOT/hadoop-hdds-tools-0.5.0-SNAPSHOT.jar:/home/user/.m2/repository/org/apache/hadoop/hadoop-ozone-ozone-manager/0.5.0-SNAPSHOT/hadoop-ozone-ozone-manager-0.5.0-SNAPSHOT.jar:/home/user/.m2/repository/org/apache/hadoop/hadoop-hdds-docs/0.5.0-SNAPSHOT/hadoop-hdds-docs-0.5.0-SNAPSHOT.jar:/home/user/.m2/repository/org/bouncycastle/bcprov-jdk15on/1.60/bcprov-jdk15on-1.60.jar:/home/user/.m2/repository/org/apache/hadoop/hadoop-minikdc/3.2.0/hadoop-minikdc-3.2.0.jar:/home/user/.m2/repository/commons-io/commons-io/2.5/commons-io-2.5.jar:/home/user/.m2/repository/org/apache/kerby/kerb-simplekdc/1.0.1/kerb-simplekdc-1.0.1.jar:/home/user/.m2/repository/org/apache/kerby/kerb-client/1.0.1/kerb-client-1.0.1.jar:/home/user/.m2/repository/org/apache/kerby/kerby-config/1.0.1/kerby-config-1.0.1.jar:/home/user/.m2/repository/org/apache/kerby/kerb-core/1.0.1/kerb-core-1.0.1.jar:/home/user/.m2/repository/org/apache/kerby/kerby-pkix/1.0.1/kerby-pkix-1.0.1.jar:/home/user/.m2/repository/org/apache/kerby/kerby-asn1/1.0.1/kerby-asn1-1.0.1.jar:/home/user/.m2/repository/org/apache/kerby/kerby-util/1.0.1/kerby-util-1.0.1.jar:/home/user/.m2/repository/org/apache/kerby/kerb-common/1.0.1/kerb-common-1.0.1.jar:/home/user/.m2/repository/org/apache/kerby/kerb-crypto/1.0.1/kerb-crypto-1.0.1.jar:/home/user/.m2/repository/org/apache/kerby/kerb-util/1.0.1/kerb-util-1.0.1.jar:/home/user/.m2/repository/org/apache/kerby/token-provider/1.0.1/token-provider-1.0.1.jar:/home/user/.m2/repository/org/apache/kerby/kerb-admin/1.0.1/kerb-admin-1.0.1.jar:/home/user/.m2/repository/org/apache/kerby/kerb-server/1.0.1/kerb-server-1.0.1.jar:/home/user/.m2/repository/org/apache/kerby/kerb-identity/1.0.1/kerb-identity-1.0.1.jar:/home/user/.m2/repository/org/apache/kerby/kerby-xdr/1.0.1/kerby-xdr-1.0.1.jar:/home/user/.m2/repository/org/slf4j/slf4j-log4j12/1.7.25/slf4j-log4j12-1.7.25.jar:/home/user/.m2/repository/org/apache/hadoop/hadoop-ozone-objectstore-service/0.5.0-SNAPSHOT/hadoop-ozone-objectstore-service-0.5.0-SNAPSHOT.jar:/home/user/.m2/repository/org/apache/hadoop/hadoop-ozone-s3gateway/0.5.0-SNAPSHOT/hadoop-ozone-s3gateway-0.5.0-SNAPSHOT.jar:/home/user/.m2/repository/org/jboss/weld/servlet/weld-servlet/2.4.7.Final/weld-servlet-2.4.7.Final.jar:/home/user/.m2/repository/org/glassfish/jersey/containers/jersey-container-servlet-core/2.27/jersey-container-servlet-core-2.27.jar:/home/user/.m2/repository/org/glassfish/hk2/external/javax.inject/2.5.0-b42/javax.inject-2.5.0-b42.jar:/home/user/.m2/repository/org/glassfish/jersey/core/jersey-common/2.27/jersey-common-2.27.jar:/home/user/.m2/repository/org/glassfish/hk2/osgi-resource-locator/1.0.1/osgi-resource-locator-1.0.1.jar:/home/user/.m2/repository/javax/ws/rs/javax.ws.rs-api/2.1/javax.ws.rs-api-2.1.jar:/home/user/.m2/repository/org/glassfish/jersey/ext/cdi/jersey-cdi1x/2.27/jersey-cdi1x-2.27.jar:/home/user/.m2/repository/org/glassfish/jersey/inject/jersey-hk2/2.27/jersey-hk2-2.27.jar:/home/user/.m2/repository/org/glassfish/hk2/hk2-locator/2.5.0-b42/hk2-locator-2.5.0-b42.jar:/home/user/.m2/repository/org/javassist/javassist/3.22.0-CR2/javassist-3.22.0-CR2.jar:/home/user/.m2/repository/org/glassfish/hk2/hk2-api/2.5.0/hk2-api-2.5.0.jar:/home/user/.m2/repository/org/glassfish/hk2/external/jakarta.inject/2.5.0/jakarta.inject-2.5.0.jar:/home/user/.m2/repository/org/glassfish/hk2/hk2-utils/2.5.0/hk2-utils-2.5.0.jar:/home/user/.m2/repository/jakarta/annotation/jakarta.annotation-api/1.3.4/jakarta.annotation-api-1.3.4.jar:/home/user/.m2/repository/org/glassfish/hk2/external/aopalliance-repackaged/2.5.0/aopalliance-repackaged-2.5.0.jar:/home/user/.m2/repository/com/fasterxml/jackson/dataformat/jackson-dataformat-xml/2.9.0/jackson-dataformat-xml-2.9.0.jar:/home/user/.m2/repository/com/fasterxml/jackson/core/jackson-core/2.9.5/jackson-core-2.9.5.jar:/home/user/.m2/repository/com/fasterxml/jackson/module/jackson-module-jaxb-annotations/2.9.5/jackson-module-jaxb-annotations-2.9.5.jar:/home/user/.m2/repository/javax/enterprise/cdi-api/1.2/cdi-api-1.2.jar:/home/user/.m2/repository/javax/el/javax.el-api/3.0.0/javax.el-api-3.0.0.jar:/home/user/.m2/repository/javax/interceptor/javax.interceptor-api/1.2/javax.interceptor-api-1.2.jar:/home/user/.m2/repository/javax/inject/javax.inject/1/javax.inject-1.jar:/home/user/.m2/repository/com/sun/xml/bind/jaxb-impl/2.3.0.1/jaxb-impl-2.3.0.1.jar:/home/user/.m2/repository/com/sun/xml/bind/jaxb-core/2.3.0.1/jaxb-core-2.3.0.1.jar:/home/user/.m2/repository/javax/xml/bind/jaxb-api/2.3.0/jaxb-api-2.3.0.jar:/home/user/.m2/repository/javax/activation/activation/1.1.1/activation-1.1.1.jar:/home/user/.m2/repository/org/apache/hadoop/hadoop-ozone-csi/0.5.0-SNAPSHOT/hadoop-ozone-csi-0.5.0-SNAPSHOT.jar:/home/user/.m2/repository/com/google/protobuf/protobuf-java-util/3.5.1/protobuf-java-util-3.5.1.jar:/home/user/.m2/repository/org/apache/hadoop/hadoop-hdds-config/0.5.0-SNAPSHOT/hadoop-hdds-config-0.5.0-SNAPSHOT.jar:/home/user/.m2/repository/com/google/guava/guava/11.0.2/guava-11.0.2.jar:/home/user/.m2/repository/com/google/protobuf/protobuf-java/2.5.0/protobuf-java-2.5.0.jar:/home/user/.m2/repository/io/grpc/grpc-netty/1.17.1/grpc-netty-1.17.1.jar:/home/user/.m2/repository/io/grpc/grpc-core/1.17.1/grpc-core-1.17.1.jar:/home/user/.m2/repository/io/grpc/grpc-context/1.17.1/grpc-context-1.17.1.jar:/home/user/.m2/repository/com/google/errorprone/error_prone_annotations/2.2.0/error_prone_annotations-2.2.0.jar:/home/user/.m2/repository/org/codehaus/mojo/animal-sniffer-annotations/1.17/animal-sniffer-annotations-1.17.jar:/home/user/.m2/repository/io/opencensus/opencensus-api/0.17.0/opencensus-api-0.17.0.jar:/home/user/.m2/repository/io/opencensus/opencensus-contrib-grpc-metrics/0.17.0/opencensus-contrib-grpc-metrics-0.17.0.jar:/home/user/.m2/repository/io/netty/netty-codec-http2/4.1.30.Final/netty-codec-http2-4.1.30.Final.jar:/home/user/.m2/repository/io/netty/netty-codec-http/4.1.30.Final/netty-codec-http-4.1.30.Final.jar:/home/user/.m2/repository/io/netty/netty-codec/4.1.30.Final/netty-codec-4.1.30.Final.jar:/home/user/.m2/repository/io/netty/netty-handler/4.1.30.Final/netty-handler-4.1.30.Final.jar:/home/user/.m2/repository/io/netty/netty-handler-proxy/4.1.30.Final/netty-handler-proxy-4.1.30.Final.jar:/home/user/.m2/repository/io/netty/netty-codec-socks/4.1.30.Final/netty-codec-socks-4.1.30.Final.jar:/home/user/.m2/repository/io/netty/netty-transport-native-epoll/4.1.30.Final/netty-transport-native-epoll-4.1.30.Final.jar:/home/user/.m2/repository/io/netty/netty-common/4.1.30.Final/netty-common-4.1.30.Final.jar:/home/user/.m2/repository/io/netty/netty-buffer/4.1.30.Final/netty-buffer-4.1.30.Final.jar:/home/user/.m2/repository/io/netty/netty-transport/4.1.30.Final/netty-transport-4.1.30.Final.jar:/home/user/.m2/repository/io/netty/netty-resolver/4.1.30.Final/netty-resolver-4.1.30.Final.jar:/home/user/.m2/repository/io/netty/netty-transport-native-unix-common/4.1.30.Final/netty-transport-native-unix-common-4.1.30.Final.jar:/home/user/.m2/repository/io/grpc/grpc-protobuf/1.17.1/grpc-protobuf-1.17.1.jar:/home/user/.m2/repository/com/google/api/grpc/proto-google-common-protos/1.0.0/proto-google-common-protos-1.0.0.jar:/home/user/.m2/repository/io/grpc/grpc-protobuf-lite/1.17.1/grpc-protobuf-lite-1.17.1.jar:/home/user/.m2/repository/io/grpc/grpc-stub/1.17.1/grpc-stub-1.17.1.jar:/home/user/.m2/repository/org/apache/hadoop/hadoop-ozone-recon/0.5.0-SNAPSHOT/hadoop-ozone-recon-0.5.0-SNAPSHOT.jar:/home/user/.m2/repository/org/apache/hadoop/hadoop-ozone-reconcodegen/0.5.0-SNAPSHOT/hadoop-ozone-reconcodegen-0.5.0-SNAPSHOT.jar:/home/user/.m2/repository/com/google/inject/extensions/guice-multibindings/4.0/guice-multibindings-4.0.jar:/home/user/.m2/repository/com/google/inject/guice/4.0/guice-4.0.jar:/home/user/.m2/repository/aopalliance/aopalliance/1.0/aopalliance-1.0.jar:/home/user/.m2/repository/com/google/inject/extensions/guice-servlet/4.0/guice-servlet-4.0.jar:/home/user/.m2/repository/org/glassfish/jersey/containers/jersey-container-servlet/2.27/jersey-container-servlet-2.27.jar:/home/user/.m2/repository/org/glassfish/hk2/guice-bridge/2.5.0/guice-bridge-2.5.0.jar:/home/user/.m2/repository/org/glassfish/jersey/core/jersey-server/2.27/jersey-server-2.27.jar:/home/user/.m2/repository/org/glassfish/jersey/core/jersey-client/2.27/jersey-client-2.27.jar:/home/user/.m2/repository/org/glassfish/jersey/media/jersey-media-jaxb/2.27/jersey-media-jaxb-2.27.jar:/home/user/.m2/repository/javax/validation/validation-api/1.1.0.Final/validation-api-1.1.0.Final.jar:/home/user/.m2/repository/org/glassfish/jersey/media/jersey-media-json-jackson/2.27/jersey-media-json-jackson-2.27.jar:/home/user/.m2/repository/org/glassfish/jersey/ext/jersey-entity-filtering/2.27/jersey-entity-filtering-2.27.jar:/home/user/.m2/repository/com/google/inject/extensions/guice-assistedinject/4.0/guice-assistedinject-4.0.jar:/home/user/.m2/repository/org/jooq/jooq/3.11.10/jooq-3.11.10.jar:/home/user/.m2/repository/org/jooq/jooq-meta/3.11.10/jooq-meta-3.11.10.jar:/home/user/.m2/repository/org/jooq/jooq-codegen/3.11.10/jooq-codegen-3.11.10.jar:/home/user/.m2/repository/com/jolbox/bonecp/0.8.0.RELEASE/bonecp-0.8.0.RELEASE.jar:/home/user/.m2/repository/org/xerial/sqlite-jdbc/3.25.2/sqlite-jdbc-3.25.2.jar:/home/user/.m2/repository/org/springframework/spring-jdbc/5.1.3.RELEASE/spring-jdbc-5.1.3.RELEASE.jar:/home/user/.m2/repository/org/springframework/spring-beans/5.1.3.RELEASE/spring-beans-5.1.3.RELEASE.jar:/home/user/.m2/repository/org/springframework/spring-core/5.1.3.RELEASE/spring-core-5.1.3.RELEASE.jar:/home/user/.m2/repository/org/springframework/spring-jcl/5.1.3.RELEASE/spring-jcl-5.1.3.RELEASE.jar:/home/user/.m2/repository/org/springframework/spring-tx/5.1.3.RELEASE/spring-tx-5.1.3.RELEASE.jar:/home/user/.m2/repository/org/apache/hadoop/hadoop-ozone-client/0.5.0-SNAPSHOT/hadoop-ozone-client-0.5.0-SNAPSHOT.jar:/home/user/.m2/repository/org/apache/hadoop/hadoop-ozone-ozone-manager/0.5.0-SNAPSHOT/hadoop-ozone-ozone-manager-0.5.0-SNAPSHOT-tests.jar:/home/user/.m2/repository/junit/junit/4.11/junit-4.11.jar:/home/user/.m2/repository/org/hamcrest/hamcrest-core/1.3/hamcrest-core-1.3.jar:/home/user/.m2/repository/org/openjdk/jmh/jmh-core/1.19/jmh-core-1.19.jar:/home/user/.m2/repository/net/sf/jopt-simple/jopt-simple/4.6/jopt-simple-4.6.jar:/home/user/.m2/repository/org/apache/commons/commons-math3/3.1.1/commons-math3-3.1.1.jar:/home/user/.m2/repository/org/openjdk/jmh/jmh-generator-annprocess/1.19/jmh-generator-annprocess-1.19.jar:/home/user/.m2/repository/org/mockito/mockito-all/1.8.5/mockito-all-1.8.5.jar:/home/user/.m2/repository/org/apache/hadoop/hadoop-kms/3.2.0/hadoop-kms-3.2.0.jar:/home/user/.m2/repository/org/apache/hadoop/hadoop-auth/3.2.0/hadoop-auth-3.2.0.jar:/home/user/.m2/repository/com/nimbusds/nimbus-jose-jwt/4.41.1/nimbus-jose-jwt-4.41.1.jar:/home/user/.m2/repository/com/github/stephenc/jcip/jcip-annotations/1.0-1/jcip-annotations-1.0-1.jar:/home/user/.m2/repository/net/minidev/json-smart/2.3/json-smart-2.3.jar:/home/user/.m2/repository/net/minidev/accessors-smart/1.2/accessors-smart-1.2.jar:/home/user/.m2/repository/org/ow2/asm/asm/5.0.4/asm-5.0.4.jar:/home/user/.m2/repository/org/apache/curator/curator-framework/2.12.0/curator-framework-2.12.0.jar:/home/user/.m2/repository/com/sun/jersey/jersey-core/1.19/jersey-core-1.19.jar:/home/user/.m2/repository/javax/ws/rs/jsr311-api/1.1.1/jsr311-api-1.1.1.jar:/home/user/.m2/repository/com/sun/jersey/jersey-server/1.19/jersey-server-1.19.jar:/home/user/.m2/repository/javax/servlet/javax.servlet-api/3.1.0/javax.servlet-api-3.1.0.jar:/home/user/.m2/repository/org/eclipse/jetty/jetty-server/9.3.24.v20180605/jetty-server-9.3.24.v20180605.jar:/home/user/.m2/repository/org/eclipse/jetty/jetty-http/9.3.24.v20180605/jetty-http-9.3.24.v20180605.jar:/home/user/.m2/repository/org/eclipse/jetty/jetty-io/9.3.24.v20180605/jetty-io-9.3.24.v20180605.jar:/home/user/.m2/repository/org/eclipse/jetty/jetty-webapp/9.3.24.v20180605/jetty-webapp-9.3.24.v20180605.jar:/home/user/.m2/repository/org/eclipse/jetty/jetty-xml/9.3.24.v20180605/jetty-xml-9.3.24.v20180605.jar:/home/user/.m2/repository/log4j/log4j/1.2.17/log4j-1.2.17.jar:/home/user/.m2/repository/org/slf4j/slf4j-api/1.7.25/slf4j-api-1.7.25.jar:/home/user/.m2/repository/org/slf4j/jul-to-slf4j/1.7.25/jul-to-slf4j-1.7.25.jar:/home/user/.m2/repository/org/eclipse/jetty/jetty-util/9.3.24.v20180605/jetty-util-9.3.24.v20180605.jar:/home/user/.m2/repository/io/dropwizard/metrics/metrics-core/3.2.4/metrics-core-3.2.4.jar:/home/user/.m2/repository/com/fasterxml/jackson/core/jackson-databind/2.9.5/jackson-databind-2.9.5.jar:/home/user/.m2/repository/org/apache/hadoop/hadoop-kms/3.2.0/hadoop-kms-3.2.0-tests.jar:/home/user/.m2/repository/org/apache/hadoop/hadoop-hdds-server-scm/0.5.0-SNAPSHOT/hadoop-hdds-server-scm-0.5.0-SNAPSHOT-tests.jar:/home/user/.m2/repository/org/hamcrest/hamcrest-all/1.3/hamcrest-all-1.3.jar:/home/user/.m2/repository/info/picocli/picocli/3.9.6/picocli-3.9.6.jar:/home/user/.m2/repository/org/apache/hadoop/hadoop-hdds-container-service/0.5.0-SNAPSHOT/hadoop-hdds-container-service-0.5.0-SNAPSHOT-tests.jar:/home/user/.m2/repository/org/yaml/snakeyaml/1.16/snakeyaml-1.16.jar:/home/user/.m2/repository/org/apache/hadoop/hadoop-common/3.2.0/hadoop-common-3.2.0-tests.jar:/home/user/.m2/repository/org/apache/hadoop/hadoop-annotations/3.2.0/hadoop-annotations-3.2.0.jar:/usr/lib/jvm/java-1.8-openjdk/jre/../lib/tools.jar:/home/user/.m2/repository/commons-cli/commons-cli/1.2/commons-cli-1.2.jar:/home/user/.m2/repository/org/apache/httpcomponents/httpclient/4.5.2/httpclient-4.5.2.jar:/home/user/.m2/repository/org/apache/httpcomponents/httpcore/4.4.4/httpcore-4.4.4.jar:/home/user/.m2/repository/commons-codec/commons-codec/1.11/commons-codec-1.11.jar:/home/user/.m2/repository/commons-net/commons-net/3.6/commons-net-3.6.jar:/home/user/.m2/repository/commons-collections/commons-collections/3.2.2/commons-collections-3.2.2.jar:/home/user/.m2/repository/org/eclipse/jetty/jetty-servlet/9.3.24.v20180605/jetty-servlet-9.3.24.v20180605.jar:/home/user/.m2/repository/org/eclipse/jetty/jetty-security/9.3.24.v20180605/jetty-security-9.3.24.v20180605.jar:/home/user/.m2/repository/javax/servlet/jsp/jsp-api/2.1/jsp-api-2.1.jar:/home/user/.m2/repository/com/sun/jersey/jersey-servlet/1.19/jersey-servlet-1.19.jar:/home/user/.m2/repository/com/sun/jersey/jersey-json/1.19/jersey-json-1.19.jar:/home/user/.m2/repository/org/codehaus/jettison/jettison/1.1/jettison-1.1.jar:/home/user/.m2/repository/org/codehaus/jackson/jackson-core-asl/1.9.13/jackson-core-asl-1.9.13.jar:/home/user/.m2/repository/org/codehaus/jackson/jackson-mapper-asl/1.9.13/jackson-mapper-asl-1.9.13.jar:/home/user/.m2/repository/org/codehaus/jackson/jackson-jaxrs/1.9.13/jackson-jaxrs-1.9.13.jar:/home/user/.m2/repository/org/codehaus/jackson/jackson-xc/1.9.13/jackson-xc-1.9.13.jar:/home/user/.m2/repository/commons-logging/commons-logging/1.1.3/commons-logging-1.1.3.jar:/home/user/.m2/repository/commons-beanutils/commons-beanutils/1.9.3/commons-beanutils-1.9.3.jar:/home/user/.m2/repository/org/apache/commons/commons-configuration2/2.1.1/commons-configuration2-2.1.1.jar:/home/user/.m2/repository/org/apache/commons/commons-lang3/3.7/commons-lang3-3.7.jar:/home/user/.m2/repository/org/apache/commons/commons-text/1.4/commons-text-1.4.jar:/home/user/.m2/repository/org/apache/avro/avro/1.7.7/avro-1.7.7.jar:/home/user/.m2/repository/com/thoughtworks/paranamer/paranamer/2.3/paranamer-2.3.jar:/home/user/.m2/repository/org/xerial/snappy/snappy-java/1.0.5/snappy-java-1.0.5.jar:/home/user/.m2/repository/com/google/re2j/re2j/1.1/re2j-1.1.jar:/home/user/.m2/repository/com/google/code/gson/gson/2.2.4/gson-2.2.4.jar:/home/user/.m2/repository/com/jcraft/jsch/0.1.54/jsch-0.1.54.jar:/home/user/.m2/repository/org/apache/curator/curator-client/2.12.0/curator-client-2.12.0.jar:/home/user/.m2/repository/org/apache/curator/curator-recipes/2.12.0/curator-recipes-2.12.0.jar:/home/user/.m2/repository/com/google/code/findbugs/jsr305/3.0.0/jsr305-3.0.0.jar:/home/user/.m2/repository/org/apache/htrace/htrace-core4/4.1.0-incubating/htrace-core4-4.1.0-incubating.jar:/home/user/.m2/repository/org/apache/zookeeper/zookeeper/3.4.13/zookeeper-3.4.13.jar:/home/user/.m2/repository/org/apache/yetus/audience-annotations/0.5.0/audience-annotations-0.5.0.jar:/home/user/.m2/repository/org/codehaus/woodstox/stax2-api/3.1.4/stax2-api-3.1.4.jar:/home/user/.m2/repository/com/fasterxml/woodstox/woodstox-core/5.0.3/woodstox-core-5.0.3.jar:/home/user/.m2/repository/dnsjava/dnsjava/2.1.7/dnsjava-2.1.7.jar:/home/user/.m2/repository/org/apache/hadoop/hadoop-hdfs/3.2.0/hadoop-hdfs-3.2.0-tests.jar:/home/user/.m2/repository/org/eclipse/jetty/jetty-util-ajax/9.3.24.v20180605/jetty-util-ajax-9.3.24.v20180605.jar:/home/user/.m2/repository/commons-daemon/commons-daemon/1.0.13/commons-daemon-1.0.13.jar:/home/user/.m2/repository/io/netty/netty/3.10.5.Final/netty-3.10.5.Final.jar:/home/user/.m2/repository/io/netty/netty-all/4.0.52.Final/netty-all-4.0.52.Final.jar:/home/user/.m2/repository/org/fusesource/leveldbjni/leveldbjni-all/1.8/leveldbjni-all-1.8.jar:"/>
    <property name="java.vm.vendor" value="IcedTea"/>
    <property name="sun.arch.data.model" value="64"/>
    <property name="test.build.dir" value="/opt/src/hadoop-ozone/integration-test/target/test-dir"/>
    <property name="test.cache.data" value=""/>
    <property name="java.vendor.url" value="https://icedtea.classpath.org"/>
    <property name="user.timezone" value=""/>
    <property name="java.vm.specification.version" value="1.8"/>
    <property name="os.name" value="Linux"/>
    <property name="test.build.data" value="/opt/src/hadoop-ozone/integration-test/target/test-dir"/>
    <property name="user.country" value="US"/>
    <property name="sun.java.launcher" value="SUN_STANDARD"/>
    <property name="sun.boot.library.path" value="/usr/lib/jvm/java-1.8-openjdk/jre/lib/amd64"/>
    <property name="sun.java.command" value="/opt/src/hadoop-ozone/integration-test/target/surefire/surefirebooter386416760459124393.jar /opt/src/hadoop-ozone/integration-test/target/surefire 2019-06-15T07-06-39_523-jvmRun1 surefire5762244593912435813tmp surefire_82176605778864023944tmp"/>
    <property name="surefire.test.class.path" value="/opt/src/hadoop-ozone/integration-test/target/test-classes:/opt/src/hadoop-ozone/integration-test/target/classes:/home/user/.m2/repository/org/apache/hadoop/hadoop-ozone-common/0.5.0-SNAPSHOT/hadoop-ozone-common-0.5.0-SNAPSHOT.jar:/home/user/.m2/repository/org/apache/commons/commons-compress/1.4.1/commons-compress-1.4.1.jar:/home/user/.m2/repository/org/tukaani/xz/1.0/xz-1.0.jar:/home/user/.m2/repository/org/apache/hadoop/hadoop-common/3.2.0/hadoop-common-3.2.0.jar:/home/user/.m2/repository/org/apache/hadoop/hadoop-hdfs/3.2.0/hadoop-hdfs-3.2.0.jar:/home/user/.m2/repository/org/apache/hadoop/hadoop-hdfs-client/3.2.0/hadoop-hdfs-client-3.2.0.jar:/home/user/.m2/repository/com/fasterxml/jackson/core/jackson-annotations/2.9.5/jackson-annotations-2.9.5.jar:/home/user/.m2/repository/org/apache/hadoop/hadoop-hdds-common/0.5.0-SNAPSHOT/hadoop-hdds-common-0.5.0-SNAPSHOT.jar:/home/user/.m2/repository/javax/annotation/javax.annotation-api/1.2/javax.annotation-api-1.2.jar:/home/user/.m2/repository/org/apache/ratis/ratis-server/0.4.0-fe2b15d-SNAPSHOT/ratis-server-0.4.0-fe2b15d-SNAPSHOT.jar:/home/user/.m2/repository/org/apache/ratis/ratis-thirdparty-misc/0.2.0/ratis-thirdparty-misc-0.2.0.jar:/home/user/.m2/repository/org/apache/ratis/ratis-proto/0.4.0-fe2b15d-SNAPSHOT/ratis-proto-0.4.0-fe2b15d-SNAPSHOT.jar:/home/user/.m2/repository/org/apache/ratis/ratis-common/0.4.0-fe2b15d-SNAPSHOT/ratis-common-0.4.0-fe2b15d-SNAPSHOT.jar:/home/user/.m2/repository/org/apache/ratis/ratis-client/0.4.0-fe2b15d-SNAPSHOT/ratis-client-0.4.0-fe2b15d-SNAPSHOT.jar:/home/user/.m2/repository/org/apache/ratis/ratis-netty/0.4.0-fe2b15d-SNAPSHOT/ratis-netty-0.4.0-fe2b15d-SNAPSHOT.jar:/home/user/.m2/repository/org/apache/ratis/ratis-grpc/0.4.0-fe2b15d-SNAPSHOT/ratis-grpc-0.4.0-fe2b15d-SNAPSHOT.jar:/home/user/.m2/repository/org/rocksdb/rocksdbjni/5.14.2/rocksdbjni-5.14.2.jar:/home/user/.m2/repository/org/apache/logging/log4j/log4j-api/2.11.0/log4j-api-2.11.0.jar:/home/user/.m2/repository/org/apache/logging/log4j/log4j-core/2.11.0/log4j-core-2.11.0.jar:/home/user/.m2/repository/com/lmax/disruptor/3.4.2/disruptor-3.4.2.jar:/home/user/.m2/repository/org/apache/commons/commons-pool2/2.6.0/commons-pool2-2.6.0.jar:/home/user/.m2/repository/org/bouncycastle/bcpkix-jdk15on/1.60/bcpkix-jdk15on-1.60.jar:/home/user/.m2/repository/commons-validator/commons-validator/1.6/commons-validator-1.6.jar:/home/user/.m2/repository/commons-digester/commons-digester/1.8.1/commons-digester-1.8.1.jar:/home/user/.m2/repository/io/jaegertracing/jaeger-client/0.33.1/jaeger-client-0.33.1.jar:/home/user/.m2/repository/io/jaegertracing/jaeger-thrift/0.33.1/jaeger-thrift-0.33.1.jar:/home/user/.m2/repository/org/apache/thrift/libthrift/0.11.0/libthrift-0.11.0.jar:/home/user/.m2/repository/com/squareup/okhttp3/okhttp/3.9.0/okhttp-3.9.0.jar:/home/user/.m2/repository/com/squareup/okio/okio/1.13.0/okio-1.13.0.jar:/home/user/.m2/repository/io/jaegertracing/jaeger-core/0.33.1/jaeger-core-0.33.1.jar:/home/user/.m2/repository/io/jaegertracing/jaeger-tracerresolver/0.33.1/jaeger-tracerresolver-0.33.1.jar:/home/user/.m2/repository/io/opentracing/contrib/opentracing-tracerresolver/0.1.5/opentracing-tracerresolver-0.1.5.jar:/home/user/.m2/repository/io/opentracing/opentracing-util/0.31.0/opentracing-util-0.31.0.jar:/home/user/.m2/repository/io/opentracing/opentracing-api/0.31.0/opentracing-api-0.31.0.jar:/home/user/.m2/repository/io/opentracing/opentracing-noop/0.31.0/opentracing-noop-0.31.0.jar:/home/user/.m2/repository/org/apache/hadoop/hadoop-hdds-server-framework/0.5.0-SNAPSHOT/hadoop-hdds-server-framework-0.5.0-SNAPSHOT.jar:/home/user/.m2/repository/org/apache/hadoop/hadoop-hdds-server-scm/0.5.0-SNAPSHOT/hadoop-hdds-server-scm-0.5.0-SNAPSHOT.jar:/home/user/.m2/repository/org/apache/hadoop/hadoop-hdds-container-service/0.5.0-SNAPSHOT/hadoop-hdds-container-service-0.5.0-SNAPSHOT.jar:/home/user/.m2/repository/org/apache/hadoop/hadoop-hdds-client/0.5.0-SNAPSHOT/hadoop-hdds-client-0.5.0-SNAPSHOT.jar:/home/user/.m2/repository/org/apache/hadoop/hadoop-hdds-tools/0.5.0-SNAPSHOT/hadoop-hdds-tools-0.5.0-SNAPSHOT.jar:/home/user/.m2/repository/org/apache/hadoop/hadoop-ozone-ozone-manager/0.5.0-SNAPSHOT/hadoop-ozone-ozone-manager-0.5.0-SNAPSHOT.jar:/home/user/.m2/repository/org/apache/hadoop/hadoop-hdds-docs/0.5.0-SNAPSHOT/hadoop-hdds-docs-0.5.0-SNAPSHOT.jar:/home/user/.m2/repository/org/bouncycastle/bcprov-jdk15on/1.60/bcprov-jdk15on-1.60.jar:/home/user/.m2/repository/org/apache/hadoop/hadoop-minikdc/3.2.0/hadoop-minikdc-3.2.0.jar:/home/user/.m2/repository/commons-io/commons-io/2.5/commons-io-2.5.jar:/home/user/.m2/repository/org/apache/kerby/kerb-simplekdc/1.0.1/kerb-simplekdc-1.0.1.jar:/home/user/.m2/repository/org/apache/kerby/kerb-client/1.0.1/kerb-client-1.0.1.jar:/home/user/.m2/repository/org/apache/kerby/kerby-config/1.0.1/kerby-config-1.0.1.jar:/home/user/.m2/repository/org/apache/kerby/kerb-core/1.0.1/kerb-core-1.0.1.jar:/home/user/.m2/repository/org/apache/kerby/kerby-pkix/1.0.1/kerby-pkix-1.0.1.jar:/home/user/.m2/repository/org/apache/kerby/kerby-asn1/1.0.1/kerby-asn1-1.0.1.jar:/home/user/.m2/repository/org/apache/kerby/kerby-util/1.0.1/kerby-util-1.0.1.jar:/home/user/.m2/repository/org/apache/kerby/kerb-common/1.0.1/kerb-common-1.0.1.jar:/home/user/.m2/repository/org/apache/kerby/kerb-crypto/1.0.1/kerb-crypto-1.0.1.jar:/home/user/.m2/repository/org/apache/kerby/kerb-util/1.0.1/kerb-util-1.0.1.jar:/home/user/.m2/repository/org/apache/kerby/token-provider/1.0.1/token-provider-1.0.1.jar:/home/user/.m2/repository/org/apache/kerby/kerb-admin/1.0.1/kerb-admin-1.0.1.jar:/home/user/.m2/repository/org/apache/kerby/kerb-server/1.0.1/kerb-server-1.0.1.jar:/home/user/.m2/repository/org/apache/kerby/kerb-identity/1.0.1/kerb-identity-1.0.1.jar:/home/user/.m2/repository/org/apache/kerby/kerby-xdr/1.0.1/kerby-xdr-1.0.1.jar:/home/user/.m2/repository/org/slf4j/slf4j-log4j12/1.7.25/slf4j-log4j12-1.7.25.jar:/home/user/.m2/repository/org/apache/hadoop/hadoop-ozone-objectstore-service/0.5.0-SNAPSHOT/hadoop-ozone-objectstore-service-0.5.0-SNAPSHOT.jar:/home/user/.m2/repository/org/apache/hadoop/hadoop-ozone-s3gateway/0.5.0-SNAPSHOT/hadoop-ozone-s3gateway-0.5.0-SNAPSHOT.jar:/home/user/.m2/repository/org/jboss/weld/servlet/weld-servlet/2.4.7.Final/weld-servlet-2.4.7.Final.jar:/home/user/.m2/repository/org/glassfish/jersey/containers/jersey-container-servlet-core/2.27/jersey-container-servlet-core-2.27.jar:/home/user/.m2/repository/org/glassfish/hk2/external/javax.inject/2.5.0-b42/javax.inject-2.5.0-b42.jar:/home/user/.m2/repository/org/glassfish/jersey/core/jersey-common/2.27/jersey-common-2.27.jar:/home/user/.m2/repository/org/glassfish/hk2/osgi-resource-locator/1.0.1/osgi-resource-locator-1.0.1.jar:/home/user/.m2/repository/javax/ws/rs/javax.ws.rs-api/2.1/javax.ws.rs-api-2.1.jar:/home/user/.m2/repository/org/glassfish/jersey/ext/cdi/jersey-cdi1x/2.27/jersey-cdi1x-2.27.jar:/home/user/.m2/repository/org/glassfish/jersey/inject/jersey-hk2/2.27/jersey-hk2-2.27.jar:/home/user/.m2/repository/org/glassfish/hk2/hk2-locator/2.5.0-b42/hk2-locator-2.5.0-b42.jar:/home/user/.m2/repository/org/javassist/javassist/3.22.0-CR2/javassist-3.22.0-CR2.jar:/home/user/.m2/repository/org/glassfish/hk2/hk2-api/2.5.0/hk2-api-2.5.0.jar:/home/user/.m2/repository/org/glassfish/hk2/external/jakarta.inject/2.5.0/jakarta.inject-2.5.0.jar:/home/user/.m2/repository/org/glassfish/hk2/hk2-utils/2.5.0/hk2-utils-2.5.0.jar:/home/user/.m2/repository/jakarta/annotation/jakarta.annotation-api/1.3.4/jakarta.annotation-api-1.3.4.jar:/home/user/.m2/repository/org/glassfish/hk2/external/aopalliance-repackaged/2.5.0/aopalliance-repackaged-2.5.0.jar:/home/user/.m2/repository/com/fasterxml/jackson/dataformat/jackson-dataformat-xml/2.9.0/jackson-dataformat-xml-2.9.0.jar:/home/user/.m2/repository/com/fasterxml/jackson/core/jackson-core/2.9.5/jackson-core-2.9.5.jar:/home/user/.m2/repository/com/fasterxml/jackson/module/jackson-module-jaxb-annotations/2.9.5/jackson-module-jaxb-annotations-2.9.5.jar:/home/user/.m2/repository/javax/enterprise/cdi-api/1.2/cdi-api-1.2.jar:/home/user/.m2/repository/javax/el/javax.el-api/3.0.0/javax.el-api-3.0.0.jar:/home/user/.m2/repository/javax/interceptor/javax.interceptor-api/1.2/javax.interceptor-api-1.2.jar:/home/user/.m2/repository/javax/inject/javax.inject/1/javax.inject-1.jar:/home/user/.m2/repository/com/sun/xml/bind/jaxb-impl/2.3.0.1/jaxb-impl-2.3.0.1.jar:/home/user/.m2/repository/com/sun/xml/bind/jaxb-core/2.3.0.1/jaxb-core-2.3.0.1.jar:/home/user/.m2/repository/javax/xml/bind/jaxb-api/2.3.0/jaxb-api-2.3.0.jar:/home/user/.m2/repository/javax/activation/activation/1.1.1/activation-1.1.1.jar:/home/user/.m2/repository/org/apache/hadoop/hadoop-ozone-csi/0.5.0-SNAPSHOT/hadoop-ozone-csi-0.5.0-SNAPSHOT.jar:/home/user/.m2/repository/com/google/protobuf/protobuf-java-util/3.5.1/protobuf-java-util-3.5.1.jar:/home/user/.m2/repository/org/apache/hadoop/hadoop-hdds-config/0.5.0-SNAPSHOT/hadoop-hdds-config-0.5.0-SNAPSHOT.jar:/home/user/.m2/repository/com/google/guava/guava/11.0.2/guava-11.0.2.jar:/home/user/.m2/repository/com/google/protobuf/protobuf-java/2.5.0/protobuf-java-2.5.0.jar:/home/user/.m2/repository/io/grpc/grpc-netty/1.17.1/grpc-netty-1.17.1.jar:/home/user/.m2/repository/io/grpc/grpc-core/1.17.1/grpc-core-1.17.1.jar:/home/user/.m2/repository/io/grpc/grpc-context/1.17.1/grpc-context-1.17.1.jar:/home/user/.m2/repository/com/google/errorprone/error_prone_annotations/2.2.0/error_prone_annotations-2.2.0.jar:/home/user/.m2/repository/org/codehaus/mojo/animal-sniffer-annotations/1.17/animal-sniffer-annotations-1.17.jar:/home/user/.m2/repository/io/opencensus/opencensus-api/0.17.0/opencensus-api-0.17.0.jar:/home/user/.m2/repository/io/opencensus/opencensus-contrib-grpc-metrics/0.17.0/opencensus-contrib-grpc-metrics-0.17.0.jar:/home/user/.m2/repository/io/netty/netty-codec-http2/4.1.30.Final/netty-codec-http2-4.1.30.Final.jar:/home/user/.m2/repository/io/netty/netty-codec-http/4.1.30.Final/netty-codec-http-4.1.30.Final.jar:/home/user/.m2/repository/io/netty/netty-codec/4.1.30.Final/netty-codec-4.1.30.Final.jar:/home/user/.m2/repository/io/netty/netty-handler/4.1.30.Final/netty-handler-4.1.30.Final.jar:/home/user/.m2/repository/io/netty/netty-handler-proxy/4.1.30.Final/netty-handler-proxy-4.1.30.Final.jar:/home/user/.m2/repository/io/netty/netty-codec-socks/4.1.30.Final/netty-codec-socks-4.1.30.Final.jar:/home/user/.m2/repository/io/netty/netty-transport-native-epoll/4.1.30.Final/netty-transport-native-epoll-4.1.30.Final.jar:/home/user/.m2/repository/io/netty/netty-common/4.1.30.Final/netty-common-4.1.30.Final.jar:/home/user/.m2/repository/io/netty/netty-buffer/4.1.30.Final/netty-buffer-4.1.30.Final.jar:/home/user/.m2/repository/io/netty/netty-transport/4.1.30.Final/netty-transport-4.1.30.Final.jar:/home/user/.m2/repository/io/netty/netty-resolver/4.1.30.Final/netty-resolver-4.1.30.Final.jar:/home/user/.m2/repository/io/netty/netty-transport-native-unix-common/4.1.30.Final/netty-transport-native-unix-common-4.1.30.Final.jar:/home/user/.m2/repository/io/grpc/grpc-protobuf/1.17.1/grpc-protobuf-1.17.1.jar:/home/user/.m2/repository/com/google/api/grpc/proto-google-common-protos/1.0.0/proto-google-common-protos-1.0.0.jar:/home/user/.m2/repository/io/grpc/grpc-protobuf-lite/1.17.1/grpc-protobuf-lite-1.17.1.jar:/home/user/.m2/repository/io/grpc/grpc-stub/1.17.1/grpc-stub-1.17.1.jar:/home/user/.m2/repository/org/apache/hadoop/hadoop-ozone-recon/0.5.0-SNAPSHOT/hadoop-ozone-recon-0.5.0-SNAPSHOT.jar:/home/user/.m2/repository/org/apache/hadoop/hadoop-ozone-reconcodegen/0.5.0-SNAPSHOT/hadoop-ozone-reconcodegen-0.5.0-SNAPSHOT.jar:/home/user/.m2/repository/com/google/inject/extensions/guice-multibindings/4.0/guice-multibindings-4.0.jar:/home/user/.m2/repository/com/google/inject/guice/4.0/guice-4.0.jar:/home/user/.m2/repository/aopalliance/aopalliance/1.0/aopalliance-1.0.jar:/home/user/.m2/repository/com/google/inject/extensions/guice-servlet/4.0/guice-servlet-4.0.jar:/home/user/.m2/repository/org/glassfish/jersey/containers/jersey-container-servlet/2.27/jersey-container-servlet-2.27.jar:/home/user/.m2/repository/org/glassfish/hk2/guice-bridge/2.5.0/guice-bridge-2.5.0.jar:/home/user/.m2/repository/org/glassfish/jersey/core/jersey-server/2.27/jersey-server-2.27.jar:/home/user/.m2/repository/org/glassfish/jersey/core/jersey-client/2.27/jersey-client-2.27.jar:/home/user/.m2/repository/org/glassfish/jersey/media/jersey-media-jaxb/2.27/jersey-media-jaxb-2.27.jar:/home/user/.m2/repository/javax/validation/validation-api/1.1.0.Final/validation-api-1.1.0.Final.jar:/home/user/.m2/repository/org/glassfish/jersey/media/jersey-media-json-jackson/2.27/jersey-media-json-jackson-2.27.jar:/home/user/.m2/repository/org/glassfish/jersey/ext/jersey-entity-filtering/2.27/jersey-entity-filtering-2.27.jar:/home/user/.m2/repository/com/google/inject/extensions/guice-assistedinject/4.0/guice-assistedinject-4.0.jar:/home/user/.m2/repository/org/jooq/jooq/3.11.10/jooq-3.11.10.jar:/home/user/.m2/repository/org/jooq/jooq-meta/3.11.10/jooq-meta-3.11.10.jar:/home/user/.m2/repository/org/jooq/jooq-codegen/3.11.10/jooq-codegen-3.11.10.jar:/home/user/.m2/repository/com/jolbox/bonecp/0.8.0.RELEASE/bonecp-0.8.0.RELEASE.jar:/home/user/.m2/repository/org/xerial/sqlite-jdbc/3.25.2/sqlite-jdbc-3.25.2.jar:/home/user/.m2/repository/org/springframework/spring-jdbc/5.1.3.RELEASE/spring-jdbc-5.1.3.RELEASE.jar:/home/user/.m2/repository/org/springframework/spring-beans/5.1.3.RELEASE/spring-beans-5.1.3.RELEASE.jar:/home/user/.m2/repository/org/springframework/spring-core/5.1.3.RELEASE/spring-core-5.1.3.RELEASE.jar:/home/user/.m2/repository/org/springframework/spring-jcl/5.1.3.RELEASE/spring-jcl-5.1.3.RELEASE.jar:/home/user/.m2/repository/org/springframework/spring-tx/5.1.3.RELEASE/spring-tx-5.1.3.RELEASE.jar:/home/user/.m2/repository/org/apache/hadoop/hadoop-ozone-client/0.5.0-SNAPSHOT/hadoop-ozone-client-0.5.0-SNAPSHOT.jar:/home/user/.m2/repository/org/apache/hadoop/hadoop-ozone-ozone-manager/0.5.0-SNAPSHOT/hadoop-ozone-ozone-manager-0.5.0-SNAPSHOT-tests.jar:/home/user/.m2/repository/junit/junit/4.11/junit-4.11.jar:/home/user/.m2/repository/org/hamcrest/hamcrest-core/1.3/hamcrest-core-1.3.jar:/home/user/.m2/repository/org/openjdk/jmh/jmh-core/1.19/jmh-core-1.19.jar:/home/user/.m2/repository/net/sf/jopt-simple/jopt-simple/4.6/jopt-simple-4.6.jar:/home/user/.m2/repository/org/apache/commons/commons-math3/3.1.1/commons-math3-3.1.1.jar:/home/user/.m2/repository/org/openjdk/jmh/jmh-generator-annprocess/1.19/jmh-generator-annprocess-1.19.jar:/home/user/.m2/repository/org/mockito/mockito-all/1.8.5/mockito-all-1.8.5.jar:/home/user/.m2/repository/org/apache/hadoop/hadoop-kms/3.2.0/hadoop-kms-3.2.0.jar:/home/user/.m2/repository/org/apache/hadoop/hadoop-auth/3.2.0/hadoop-auth-3.2.0.jar:/home/user/.m2/repository/com/nimbusds/nimbus-jose-jwt/4.41.1/nimbus-jose-jwt-4.41.1.jar:/home/user/.m2/repository/com/github/stephenc/jcip/jcip-annotations/1.0-1/jcip-annotations-1.0-1.jar:/home/user/.m2/repository/net/minidev/json-smart/2.3/json-smart-2.3.jar:/home/user/.m2/repository/net/minidev/accessors-smart/1.2/accessors-smart-1.2.jar:/home/user/.m2/repository/org/ow2/asm/asm/5.0.4/asm-5.0.4.jar:/home/user/.m2/repository/org/apache/curator/curator-framework/2.12.0/curator-framework-2.12.0.jar:/home/user/.m2/repository/com/sun/jersey/jersey-core/1.19/jersey-core-1.19.jar:/home/user/.m2/repository/javax/ws/rs/jsr311-api/1.1.1/jsr311-api-1.1.1.jar:/home/user/.m2/repository/com/sun/jersey/jersey-server/1.19/jersey-server-1.19.jar:/home/user/.m2/repository/javax/servlet/javax.servlet-api/3.1.0/javax.servlet-api-3.1.0.jar:/home/user/.m2/repository/org/eclipse/jetty/jetty-server/9.3.24.v20180605/jetty-server-9.3.24.v20180605.jar:/home/user/.m2/repository/org/eclipse/jetty/jetty-http/9.3.24.v20180605/jetty-http-9.3.24.v20180605.jar:/home/user/.m2/repository/org/eclipse/jetty/jetty-io/9.3.24.v20180605/jetty-io-9.3.24.v20180605.jar:/home/user/.m2/repository/org/eclipse/jetty/jetty-webapp/9.3.24.v20180605/jetty-webapp-9.3.24.v20180605.jar:/home/user/.m2/repository/org/eclipse/jetty/jetty-xml/9.3.24.v20180605/jetty-xml-9.3.24.v20180605.jar:/home/user/.m2/repository/log4j/log4j/1.2.17/log4j-1.2.17.jar:/home/user/.m2/repository/org/slf4j/slf4j-api/1.7.25/slf4j-api-1.7.25.jar:/home/user/.m2/repository/org/slf4j/jul-to-slf4j/1.7.25/jul-to-slf4j-1.7.25.jar:/home/user/.m2/repository/org/eclipse/jetty/jetty-util/9.3.24.v20180605/jetty-util-9.3.24.v20180605.jar:/home/user/.m2/repository/io/dropwizard/metrics/metrics-core/3.2.4/metrics-core-3.2.4.jar:/home/user/.m2/repository/com/fasterxml/jackson/core/jackson-databind/2.9.5/jackson-databind-2.9.5.jar:/home/user/.m2/repository/org/apache/hadoop/hadoop-kms/3.2.0/hadoop-kms-3.2.0-tests.jar:/home/user/.m2/repository/org/apache/hadoop/hadoop-hdds-server-scm/0.5.0-SNAPSHOT/hadoop-hdds-server-scm-0.5.0-SNAPSHOT-tests.jar:/home/user/.m2/repository/org/hamcrest/hamcrest-all/1.3/hamcrest-all-1.3.jar:/home/user/.m2/repository/info/picocli/picocli/3.9.6/picocli-3.9.6.jar:/home/user/.m2/repository/org/apache/hadoop/hadoop-hdds-container-service/0.5.0-SNAPSHOT/hadoop-hdds-container-service-0.5.0-SNAPSHOT-tests.jar:/home/user/.m2/repository/org/yaml/snakeyaml/1.16/snakeyaml-1.16.jar:/home/user/.m2/repository/org/apache/hadoop/hadoop-common/3.2.0/hadoop-common-3.2.0-tests.jar:/home/user/.m2/repository/org/apache/hadoop/hadoop-annotations/3.2.0/hadoop-annotations-3.2.0.jar:/usr/lib/jvm/java-1.8-openjdk/jre/../lib/tools.jar:/home/user/.m2/repository/commons-cli/commons-cli/1.2/commons-cli-1.2.jar:/home/user/.m2/repository/org/apache/httpcomponents/httpclient/4.5.2/httpclient-4.5.2.jar:/home/user/.m2/repository/org/apache/httpcomponents/httpcore/4.4.4/httpcore-4.4.4.jar:/home/user/.m2/repository/commons-codec/commons-codec/1.11/commons-codec-1.11.jar:/home/user/.m2/repository/commons-net/commons-net/3.6/commons-net-3.6.jar:/home/user/.m2/repository/commons-collections/commons-collections/3.2.2/commons-collections-3.2.2.jar:/home/user/.m2/repository/org/eclipse/jetty/jetty-servlet/9.3.24.v20180605/jetty-servlet-9.3.24.v20180605.jar:/home/user/.m2/repository/org/eclipse/jetty/jetty-security/9.3.24.v20180605/jetty-security-9.3.24.v20180605.jar:/home/user/.m2/repository/javax/servlet/jsp/jsp-api/2.1/jsp-api-2.1.jar:/home/user/.m2/repository/com/sun/jersey/jersey-servlet/1.19/jersey-servlet-1.19.jar:/home/user/.m2/repository/com/sun/jersey/jersey-json/1.19/jersey-json-1.19.jar:/home/user/.m2/repository/org/codehaus/jettison/jettison/1.1/jettison-1.1.jar:/home/user/.m2/repository/org/codehaus/jackson/jackson-core-asl/1.9.13/jackson-core-asl-1.9.13.jar:/home/user/.m2/repository/org/codehaus/jackson/jackson-mapper-asl/1.9.13/jackson-mapper-asl-1.9.13.jar:/home/user/.m2/repository/org/codehaus/jackson/jackson-jaxrs/1.9.13/jackson-jaxrs-1.9.13.jar:/home/user/.m2/repository/org/codehaus/jackson/jackson-xc/1.9.13/jackson-xc-1.9.13.jar:/home/user/.m2/repository/commons-logging/commons-logging/1.1.3/commons-logging-1.1.3.jar:/home/user/.m2/repository/commons-beanutils/commons-beanutils/1.9.3/commons-beanutils-1.9.3.jar:/home/user/.m2/repository/org/apache/commons/commons-configuration2/2.1.1/commons-configuration2-2.1.1.jar:/home/user/.m2/repository/org/apache/commons/commons-lang3/3.7/commons-lang3-3.7.jar:/home/user/.m2/repository/org/apache/commons/commons-text/1.4/commons-text-1.4.jar:/home/user/.m2/repository/org/apache/avro/avro/1.7.7/avro-1.7.7.jar:/home/user/.m2/repository/com/thoughtworks/paranamer/paranamer/2.3/paranamer-2.3.jar:/home/user/.m2/repository/org/xerial/snappy/snappy-java/1.0.5/snappy-java-1.0.5.jar:/home/user/.m2/repository/com/google/re2j/re2j/1.1/re2j-1.1.jar:/home/user/.m2/repository/com/google/code/gson/gson/2.2.4/gson-2.2.4.jar:/home/user/.m2/repository/com/jcraft/jsch/0.1.54/jsch-0.1.54.jar:/home/user/.m2/repository/org/apache/curator/curator-client/2.12.0/curator-client-2.12.0.jar:/home/user/.m2/repository/org/apache/curator/curator-recipes/2.12.0/curator-recipes-2.12.0.jar:/home/user/.m2/repository/com/google/code/findbugs/jsr305/3.0.0/jsr305-3.0.0.jar:/home/user/.m2/repository/org/apache/htrace/htrace-core4/4.1.0-incubating/htrace-core4-4.1.0-incubating.jar:/home/user/.m2/repository/org/apache/zookeeper/zookeeper/3.4.13/zookeeper-3.4.13.jar:/home/user/.m2/repository/org/apache/yetus/audience-annotations/0.5.0/audience-annotations-0.5.0.jar:/home/user/.m2/repository/org/codehaus/woodstox/stax2-api/3.1.4/stax2-api-3.1.4.jar:/home/user/.m2/repository/com/fasterxml/woodstox/woodstox-core/5.0.3/woodstox-core-5.0.3.jar:/home/user/.m2/repository/dnsjava/dnsjava/2.1.7/dnsjava-2.1.7.jar:/home/user/.m2/repository/org/apache/hadoop/hadoop-hdfs/3.2.0/hadoop-hdfs-3.2.0-tests.jar:/home/user/.m2/repository/org/eclipse/jetty/jetty-util-ajax/9.3.24.v20180605/jetty-util-ajax-9.3.24.v20180605.jar:/home/user/.m2/repository/commons-daemon/commons-daemon/1.0.13/commons-daemon-1.0.13.jar:/home/user/.m2/repository/io/netty/netty/3.10.5.Final/netty-3.10.5.Final.jar:/home/user/.m2/repository/io/netty/netty-all/4.0.52.Final/netty-all-4.0.52.Final.jar:/home/user/.m2/repository/org/fusesource/leveldbjni/leveldbjni-all/1.8/leveldbjni-all-1.8.jar:"/>
    <property name="sun.cpu.endian" value="little"/>
    <property name="user.home" value="/home/user"/>
    <property name="user.language" value="en"/>
    <property name="java.specification.vendor" value="Oracle Corporation"/>
    <property name="java.home" value="/usr/lib/jvm/java-1.8-openjdk/jre"/>
    <property name="java.security.krb5.conf" value="/opt/src/hadoop-ozone/integration-test/target/test-classes/krb5.conf"/>
    <property name="basedir" value="/opt/src/hadoop-ozone/integration-test"/>
    <property name="file.separator" value="/"/>
    <property name="line.separator" value="&#10;"/>
    <property name="java.vm.specification.vendor" value="Oracle Corporation"/>
    <property name="java.specification.name" value="Java Platform API Specification"/>
    <property name="java.awt.graphicsenv" value="sun.awt.X11GraphicsEnvironment"/>
    <property name="surefire.real.class.path" value="/opt/src/hadoop-ozone/integration-test/target/surefire/surefirebooter386416760459124393.jar"/>
    <property name="hadoop.log.dir" value="/opt/src/hadoop-ozone/integration-test/target/log"/>
    <property name="sun.boot.class.path" value="/usr/lib/jvm/java-1.8-openjdk/jre/lib/resources.jar:/usr/lib/jvm/java-1.8-openjdk/jre/lib/rt.jar:/usr/lib/jvm/java-1.8-openjdk/jre/lib/sunrsasign.jar:/usr/lib/jvm/java-1.8-openjdk/jre/lib/jsse.jar:/usr/lib/jvm/java-1.8-openjdk/jre/lib/jce.jar:/usr/lib/jvm/java-1.8-openjdk/jre/lib/charsets.jar:/usr/lib/jvm/java-1.8-openjdk/jre/lib/jfr.jar:/usr/lib/jvm/java-1.8-openjdk/jre/classes"/>
    <property name="sun.management.compiler" value="HotSpot 64-Bit Tiered Compilers"/>
    <property name="java.runtime.version" value="1.8.0_212-b04"/>
    <property name="java.net.preferIPv4Stack" value="true"/>
    <property name="user.name" value="jenkins1000"/>
    <property name="path.separator" value=":"/>
    <property name="java.security.egd" value="file:///dev/urandom"/>
    <property name="os.version" value="4.15.0-1021-aws"/>
    <property name="java.endorsed.dirs" value="/usr/lib/jvm/java-1.8-openjdk/jre/lib/endorsed"/>
    <property name="java.runtime.name" value="OpenJDK Runtime Environment"/>
    <property name="file.encoding" value="UTF-8"/>
    <property name="java.vm.name" value="OpenJDK 64-Bit Server VM"/>
    <property name="test.build.webapps" value=""/>
    <property name="localRepository" value="/home/user/.m2/repository"/>
    <property name="java.vendor.url.bug" value="https://icedtea.classpath.org/bugzilla"/>
    <property name="java.io.tmpdir" value="/tmp"/>
    <property name="require.test.libhadoop" value=""/>
    <property name="java.version" value="1.8.0_212"/>
    <property name="user.dir" value="/opt/src/hadoop-ozone/integration-test"/>
    <property name="os.arch" value="amd64"/>
    <property name="java.vm.specification.name" value="Java Virtual Machine Specification"/>
    <property name="test.build.classes" value="/opt/src/hadoop-ozone/integration-test/target/test-classes"/>
    <property name="java.awt.printerjob" value="sun.print.PSPrinterJob"/>
    <property name="sun.os.patch.level" value="unknown"/>
    <property name="hadoop.tmp.dir" value="/opt/src/hadoop-ozone/integration-test/target/tmp"/>
    <property name="java.library.path" value="/usr/lib/jvm/java-1.8-openjdk/jre/lib/amd64/server:/usr/lib/jvm/java-1.8-openjdk/jre/lib/amd64:/usr/lib/jvm/java-1.8-openjdk/jre/../lib/amd64:/opt/src/hadoop-ozone/integration-test/target/native/target/usr/local/lib:/opt/src/hadoop-ozone/integration-test/../../hadoop-common-project/hadoop-common/target/native/target/usr/local/lib:/usr/java/packages/lib/amd64:/usr/lib64:/lib64:/lib:/usr/lib"/>
    <property name="java.vm.info" value="mixed mode"/>
    <property name="java.vendor" value="IcedTea"/>
    <property name="java.vm.version" value="25.212-b04"/>
    <property name="java.ext.dirs" value="/usr/lib/jvm/java-1.8-openjdk/jre/lib/ext:/usr/java/packages/lib/ext"/>
    <property name="sun.io.unicode.encoding" value="UnicodeLittle"/>
    <property name="java.class.version" value="52.0"/>
  </properties>
  <testcase name="testPipelineFail" classname="org.apache.hadoop.hdds.scm.pipeline.TestNodeFailure" time="0">
    <skipped/>
    <system-out><![CDATA[2019-06-15 07:10:38,690 WARN  server.ServerUtils (ServerUtils.java:getScmDbDir(145)) - ozone.scm.db.dirs is not configured. We recommend adding this setting. Falling back to ozone.metadata.dirs instead.
2019-06-15 07:10:38,777 WARN  server.ServerUtils (ServerUtils.java:getScmDbDir(145)) - ozone.scm.db.dirs is not configured. We recommend adding this setting. Falling back to ozone.metadata.dirs instead.
2019-06-15 07:10:38,781 WARN  server.ServerUtils (ServerUtils.java:getScmDbDir(145)) - ozone.scm.db.dirs is not configured. We recommend adding this setting. Falling back to ozone.metadata.dirs instead.
2019-06-15 07:10:38,799 INFO  util.log (Log.java:initialized(192)) - Logging initialized @789ms
2019-06-15 07:10:38,892 INFO  db.DBStoreBuilder (DBStoreBuilder.java:addTable(110)) - using custom profile for table: deletedBlocks
2019-06-15 07:10:38,893 INFO  db.DBStoreBuilder (DBStoreBuilder.java:processTables(161)) - Using default column profile:DBProfile.DISK for Table:deletedBlocks
2019-06-15 07:10:38,893 INFO  db.DBStoreBuilder (DBStoreBuilder.java:addTable(110)) - using custom profile for table: validCerts
2019-06-15 07:10:38,893 INFO  db.DBStoreBuilder (DBStoreBuilder.java:processTables(161)) - Using default column profile:DBProfile.DISK for Table:validCerts
2019-06-15 07:10:38,894 INFO  db.DBStoreBuilder (DBStoreBuilder.java:addTable(110)) - using custom profile for table: revokedCerts
2019-06-15 07:10:38,894 INFO  db.DBStoreBuilder (DBStoreBuilder.java:processTables(161)) - Using default column profile:DBProfile.DISK for Table:revokedCerts
2019-06-15 07:10:38,904 INFO  db.DBStoreBuilder (DBStoreBuilder.java:addTable(110)) - using custom profile for table: default
2019-06-15 07:10:38,904 INFO  db.DBStoreBuilder (DBStoreBuilder.java:processTables(167)) - Using default column profile:DBProfile.DISK for Table:default
2019-06-15 07:10:38,906 INFO  db.DBStoreBuilder (DBStoreBuilder.java:getDbProfile(198)) - Using default options. DBProfile.DISK
2019-06-15 07:10:38,961 INFO  net.NodeSchemaLoader (NodeSchemaLoader.java:loadSchemaFromFile(125)) - Loading file from sun.misc.CompoundEnumeration@27ce24aa
2019-06-15 07:10:38,962 INFO  net.NodeSchemaLoader (NodeSchemaLoader.java:loadSchema(171)) - Loading network topology layer schema file
2019-06-15 07:10:39,024 INFO  node.SCMNodeManager (SCMNodeManager.java:<init>(119)) - Entering startup safe mode.
2019-06-15 07:10:39,097 WARN  server.ServerUtils (ServerUtils.java:getScmDbDir(145)) - ozone.scm.db.dirs is not configured. We recommend adding this setting. Falling back to ozone.metadata.dirs instead.
2019-06-15 07:10:39,116 INFO  pipeline.SCMPipelineManager (SCMPipelineManager.java:initializePipelineState(126)) - No pipeline exists in current db
2019-06-15 07:10:39,117 WARN  server.ServerUtils (ServerUtils.java:getScmDbDir(145)) - ozone.scm.db.dirs is not configured. We recommend adding this setting. Falling back to ozone.metadata.dirs instead.
2019-06-15 07:10:39,172 WARN  events.EventQueue (EventQueue.java:fireEvent(175)) - No event handler registered for event TypedEvent{payloadType=SafeModeStatus, name='SafeModeStatus'}
2019-06-15 07:10:39,517 INFO  ipc.CallQueueManager (CallQueueManager.java:<init>(84)) - Using callQueue: class java.util.concurrent.LinkedBlockingQueue, queueCapacity: 2000, scheduler: class org.apache.hadoop.ipc.DefaultRpcScheduler, ipcBackoff: false.
2019-06-15 07:10:39,545 INFO  ipc.Server (Server.java:run(1074)) - Starting Socket Reader #1 for port 34625
2019-06-15 07:10:39,565 INFO  ipc.CallQueueManager (CallQueueManager.java:<init>(84)) - Using callQueue: class java.util.concurrent.LinkedBlockingQueue, queueCapacity: 2000, scheduler: class org.apache.hadoop.ipc.DefaultRpcScheduler, ipcBackoff: false.
2019-06-15 07:10:39,566 INFO  ipc.Server (Server.java:run(1074)) - Starting Socket Reader #1 for port 35703
2019-06-15 07:10:39,599 INFO  ipc.CallQueueManager (CallQueueManager.java:<init>(84)) - Using callQueue: class java.util.concurrent.LinkedBlockingQueue, queueCapacity: 2000, scheduler: class org.apache.hadoop.ipc.DefaultRpcScheduler, ipcBackoff: false.
2019-06-15 07:10:39,600 INFO  ipc.Server (Server.java:run(1074)) - Starting Socket Reader #1 for port 39135
2019-06-15 07:10:39,621 INFO  hdfs.DFSUtil (DFSUtil.java:httpServerTemplateForNNAndJN(1641)) - Starting Web-server for scm at: http://0.0.0.0:0
2019-06-15 07:10:39,774 INFO  server.AuthenticationFilter (AuthenticationFilter.java:constructSecretProvider(240)) - Unable to initialize FileSignerSecretProvider, falling back to use random secrets.
2019-06-15 07:10:39,781 WARN  http.HttpRequestLog (HttpRequestLog.java:getRequestLog(97)) - Jetty request log can only be enabled using Log4j
2019-06-15 07:10:39,788 INFO  http.HttpServer2 (HttpServer2.java:addGlobalFilter(975)) - Added global filter 'safety' (class=org.apache.hadoop.http.HttpServer2$QuotingInputFilter)
2019-06-15 07:10:39,791 INFO  http.HttpServer2 (HttpServer2.java:addFilter(948)) - Added filter static_user_filter (class=org.apache.hadoop.http.lib.StaticUserWebFilter$StaticUserFilter) to context scm
2019-06-15 07:10:39,791 INFO  http.HttpServer2 (HttpServer2.java:addFilter(958)) - Added filter static_user_filter (class=org.apache.hadoop.http.lib.StaticUserWebFilter$StaticUserFilter) to context logs
2019-06-15 07:10:39,791 INFO  http.HttpServer2 (HttpServer2.java:addFilter(958)) - Added filter static_user_filter (class=org.apache.hadoop.http.lib.StaticUserWebFilter$StaticUserFilter) to context static
2019-06-15 07:10:39,815 INFO  server.StorageContainerManager (StorageContainerManager.java:start(753)) - StorageContainerLocationProtocol RPC server is listening at /0.0.0.0:39135
2019-06-15 07:10:39,863 WARN  impl.MetricsConfig (MetricsConfig.java:loadFirst(134)) - Cannot locate configuration: tried hadoop-metrics2-storagecontainermanager.properties,hadoop-metrics2.properties
2019-06-15 07:10:39,873 INFO  impl.MetricsSystemImpl (MetricsSystemImpl.java:startTimer(374)) - Scheduled Metric snapshot period at 10 second(s).
2019-06-15 07:10:39,873 INFO  impl.MetricsSystemImpl (MetricsSystemImpl.java:start(191)) - StorageContainerManager metrics system started
2019-06-15 07:10:40,063 INFO  server.SCMClientProtocolServer (SCMClientProtocolServer.java:start(149)) - RPC server for Client  is listening at /0.0.0.0:39135
2019-06-15 07:10:40,063 INFO  ipc.Server (Server.java:run(1314)) - IPC Server Responder: starting
2019-06-15 07:10:40,064 INFO  ipc.Server (Server.java:run(1153)) - IPC Server listener on 39135: starting
2019-06-15 07:10:40,067 INFO  server.StorageContainerManager (StorageContainerManager.java:start(762)) - ScmBlockLocationProtocol RPC server is listening at /0.0.0.0:35703
2019-06-15 07:10:40,067 INFO  server.SCMBlockProtocolServer (SCMBlockProtocolServer.java:start(137)) - RPC server for Block Protocol is listening at /0.0.0.0:35703
2019-06-15 07:10:40,067 INFO  ipc.Server (Server.java:run(1314)) - IPC Server Responder: starting
2019-06-15 07:10:40,067 INFO  ipc.Server (Server.java:run(1153)) - IPC Server listener on 35703: starting
2019-06-15 07:10:40,069 INFO  server.StorageContainerManager (StorageContainerManager.java:start(766)) - ScmDatanodeProtocl RPC server is listening at /0.0.0.0:34625
2019-06-15 07:10:40,070 INFO  server.SCMDatanodeProtocolServer (SCMDatanodeProtocolServer.java:start(191)) - RPC server for DataNodes is listening at /0.0.0.0:34625
2019-06-15 07:10:40,070 INFO  ipc.Server (Server.java:run(1314)) - IPC Server Responder: starting
2019-06-15 07:10:40,070 INFO  ipc.Server (Server.java:run(1153)) - IPC Server listener on 34625: starting
2019-06-15 07:10:40,074 INFO  http.HttpServer2 (HttpServer2.java:bindListener(1191)) - Jetty bound to port 33435
2019-06-15 07:10:40,075 INFO  server.Server (Server.java:doStart(351)) - jetty-9.3.24.v20180605, build timestamp: 2018-06-05T17:11:56Z, git hash: 84205aa28f11a4f31f2a3b86d1bba2cc8ab69827
2019-06-15 07:10:40,112 INFO  handler.ContextHandler (ContextHandler.java:doStart(781)) - Started o.e.j.s.ServletContextHandler@16c63f5{/logs,file:///opt/src/hadoop-ozone/integration-test/target/log,AVAILABLE}
2019-06-15 07:10:40,114 INFO  handler.ContextHandler (ContextHandler.java:doStart(781)) - Started o.e.j.s.ServletContextHandler@6d3c5255{/static,file:///opt/src/hadoop-ozone/integration-test/target/test-classes/webapps/static,AVAILABLE}
2019-06-15 07:10:40,143 INFO  handler.ContextHandler (ContextHandler.java:doStart(781)) - Started o.e.j.w.WebAppContext@28a0fd6c{/,file:///opt/src/hadoop-ozone/integration-test/target/test-classes/webapps/scm/,AVAILABLE}{/scm}
2019-06-15 07:10:40,148 INFO  server.AbstractConnector (AbstractConnector.java:doStart(278)) - Started ServerConnector@5f4d427e{HTTP/1.1,[http/1.1]}{0.0.0.0:33435}
2019-06-15 07:10:40,148 INFO  server.Server (Server.java:doStart(419)) - Started @2138ms
2019-06-15 07:10:40,149 INFO  server.BaseHttpServer (BaseHttpServer.java:updateConnectorAddress(207)) - HTTP server of SCM is listening at http://0.0.0.0:33435
2019-06-15 07:10:40,155 INFO  util.JvmPauseMonitor (JvmPauseMonitor.java:run(188)) - Starting JVM pause monitor
2019-06-15 07:10:40,158 WARN  scm.ScmUtils (ScmUtils.java:getDBPath(63)) - ozone.om.db.dirs is not configured. We recommend adding this setting. Falling back to ozone.metadata.dirs instead.
2019-06-15 07:10:40,244 WARN  scm.ScmUtils (ScmUtils.java:getDBPath(63)) - ozone.om.db.dirs is not configured. We recommend adding this setting. Falling back to ozone.metadata.dirs instead.
2019-06-15 07:10:40,245 INFO  om.OzoneManager (OzoneManager.java:setOMNodeDetails(532)) - OM Service ID is not set. Setting it to the default ID: omServiceIdDefault
2019-06-15 07:10:40,245 INFO  om.OzoneManager (OzoneManager.java:setOMNodeDetails(538)) - OM Node ID is not set. Setting it to the OmStorage's OmID: 69daa250-9a1f-473a-b6af-2a46f86dc1f0
2019-06-15 07:10:40,247 WARN  scm.HddsServerUtil (HddsServerUtil.java:getDefaultRatisDirectory(354)) - Storage directory for Ratis is not configured. It is a good idea to map this to an SSD disk. Falling back to ozone.metadata.dirs
2019-06-15 07:10:40,247 WARN  scm.HddsServerUtil (HddsServerUtil.java:getDefaultRatisDirectory(354)) - Storage directory for Ratis is not configured. It is a good idea to map this to an SSD disk. Falling back to ozone.metadata.dirs
2019-06-15 07:10:40,247 INFO  om.OzoneManager (OzoneManager.java:loadOMHAConfigs(489)) - Found matching OM address with OMServiceId: null, OMNodeId: null, RPC Address: localhost:0 and Ratis port: 9872
2019-06-15 07:10:40,424 WARN  scm.ScmUtils (ScmUtils.java:getDBPath(63)) - ozone.om.db.dirs is not configured. We recommend adding this setting. Falling back to ozone.metadata.dirs instead.
2019-06-15 07:10:40,431 INFO  db.DBStoreBuilder (DBStoreBuilder.java:addTable(110)) - using custom profile for table: userTable
2019-06-15 07:10:40,431 INFO  db.DBStoreBuilder (DBStoreBuilder.java:processTables(161)) - Using default column profile:DBProfile.DISK for Table:userTable
2019-06-15 07:10:40,431 INFO  db.DBStoreBuilder (DBStoreBuilder.java:addTable(110)) - using custom profile for table: volumeTable
2019-06-15 07:10:40,432 INFO  db.DBStoreBuilder (DBStoreBuilder.java:processTables(161)) - Using default column profile:DBProfile.DISK for Table:volumeTable
2019-06-15 07:10:40,432 INFO  db.DBStoreBuilder (DBStoreBuilder.java:addTable(110)) - using custom profile for table: bucketTable
2019-06-15 07:10:40,432 INFO  db.DBStoreBuilder (DBStoreBuilder.java:processTables(161)) - Using default column profile:DBProfile.DISK for Table:bucketTable
2019-06-15 07:10:40,432 INFO  db.DBStoreBuilder (DBStoreBuilder.java:addTable(110)) - using custom profile for table: keyTable
2019-06-15 07:10:40,433 INFO  db.DBStoreBuilder (DBStoreBuilder.java:processTables(161)) - Using default column profile:DBProfile.DISK for Table:keyTable
2019-06-15 07:10:40,433 INFO  db.DBStoreBuilder (DBStoreBuilder.java:addTable(110)) - using custom profile for table: deletedTable
2019-06-15 07:10:40,433 INFO  db.DBStoreBuilder (DBStoreBuilder.java:processTables(161)) - Using default column profile:DBProfile.DISK for Table:deletedTable
2019-06-15 07:10:40,434 INFO  db.DBStoreBuilder (DBStoreBuilder.java:addTable(110)) - using custom profile for table: openKeyTable
2019-06-15 07:10:40,434 INFO  db.DBStoreBuilder (DBStoreBuilder.java:processTables(161)) - Using default column profile:DBProfile.DISK for Table:openKeyTable
2019-06-15 07:10:40,434 INFO  db.DBStoreBuilder (DBStoreBuilder.java:addTable(110)) - using custom profile for table: s3Table
2019-06-15 07:10:40,434 INFO  db.DBStoreBuilder (DBStoreBuilder.java:processTables(161)) - Using default column profile:DBProfile.DISK for Table:s3Table
2019-06-15 07:10:40,434 INFO  db.DBStoreBuilder (DBStoreBuilder.java:addTable(110)) - using custom profile for table: multipartInfoTable
2019-06-15 07:10:40,435 INFO  db.DBStoreBuilder (DBStoreBuilder.java:processTables(161)) - Using default column profile:DBProfile.DISK for Table:multipartInfoTable
2019-06-15 07:10:40,435 INFO  db.DBStoreBuilder (DBStoreBuilder.java:addTable(110)) - using custom profile for table: dTokenTable
2019-06-15 07:10:40,435 INFO  db.DBStoreBuilder (DBStoreBuilder.java:processTables(161)) - Using default column profile:DBProfile.DISK for Table:dTokenTable
2019-06-15 07:10:40,436 INFO  db.DBStoreBuilder (DBStoreBuilder.java:addTable(110)) - using custom profile for table: s3SecretTable
2019-06-15 07:10:40,436 INFO  db.DBStoreBuilder (DBStoreBuilder.java:processTables(161)) - Using default column profile:DBProfile.DISK for Table:s3SecretTable
2019-06-15 07:10:40,436 INFO  db.DBStoreBuilder (DBStoreBuilder.java:addTable(110)) - using custom profile for table: prefixTable
2019-06-15 07:10:40,436 INFO  db.DBStoreBuilder (DBStoreBuilder.java:processTables(161)) - Using default column profile:DBProfile.DISK for Table:prefixTable
2019-06-15 07:10:40,437 INFO  db.DBStoreBuilder (DBStoreBuilder.java:addTable(110)) - using custom profile for table: default
2019-06-15 07:10:40,437 INFO  db.DBStoreBuilder (DBStoreBuilder.java:processTables(167)) - Using default column profile:DBProfile.DISK for Table:default
2019-06-15 07:10:40,437 INFO  db.DBStoreBuilder (DBStoreBuilder.java:getDbProfile(198)) - Using default options. DBProfile.DISK
2019-06-15 07:10:40,946 INFO  ipc.CallQueueManager (CallQueueManager.java:<init>(84)) - Using callQueue: class java.util.concurrent.LinkedBlockingQueue, queueCapacity: 2000, scheduler: class org.apache.hadoop.ipc.DefaultRpcScheduler, ipcBackoff: false.
2019-06-15 07:10:40,947 INFO  ipc.Server (Server.java:run(1074)) - Starting Socket Reader #1 for port 34629
2019-06-15 07:10:40,974 WARN  scm.ScmUtils (ScmUtils.java:getDBPath(63)) - ozone.om.db.dirs is not configured. We recommend adding this setting. Falling back to ozone.metadata.dirs instead.
2019-06-15 07:10:40,975 INFO  om.OzoneManager (OzoneManager.java:start(1230)) - OzoneManager RPC server is listening at localhost/127.0.0.1:34629
2019-06-15 07:10:40,975 INFO  impl.MetricsSystemImpl (MetricsSystemImpl.java:init(158)) - OzoneManager metrics system started (again)
2019-06-15 07:10:40,975 INFO  ipc.Server (Server.java:run(1314)) - IPC Server Responder: starting
2019-06-15 07:10:40,976 INFO  ipc.Server (Server.java:run(1153)) - IPC Server listener on 34629: starting
2019-06-15 07:10:40,991 INFO  hdfs.DFSUtil (DFSUtil.java:httpServerTemplateForNNAndJN(1641)) - Starting Web-server for ozoneManager at: http://0.0.0.0:0
2019-06-15 07:10:40,992 INFO  server.AuthenticationFilter (AuthenticationFilter.java:constructSecretProvider(240)) - Unable to initialize FileSignerSecretProvider, falling back to use random secrets.
2019-06-15 07:10:40,997 WARN  http.HttpRequestLog (HttpRequestLog.java:getRequestLog(97)) - Jetty request log can only be enabled using Log4j
2019-06-15 07:10:40,999 INFO  http.HttpServer2 (HttpServer2.java:addGlobalFilter(975)) - Added global filter 'safety' (class=org.apache.hadoop.http.HttpServer2$QuotingInputFilter)
2019-06-15 07:10:41,000 INFO  http.HttpServer2 (HttpServer2.java:addFilter(948)) - Added filter static_user_filter (class=org.apache.hadoop.http.lib.StaticUserWebFilter$StaticUserFilter) to context ozoneManager
2019-06-15 07:10:41,000 INFO  http.HttpServer2 (HttpServer2.java:addFilter(958)) - Added filter static_user_filter (class=org.apache.hadoop.http.lib.StaticUserWebFilter$StaticUserFilter) to context static
2019-06-15 07:10:41,000 INFO  http.HttpServer2 (HttpServer2.java:addFilter(958)) - Added filter static_user_filter (class=org.apache.hadoop.http.lib.StaticUserWebFilter$StaticUserFilter) to context logs
2019-06-15 07:10:41,002 INFO  http.HttpServer2 (HttpServer2.java:bindListener(1191)) - Jetty bound to port 46223
2019-06-15 07:10:41,002 INFO  server.Server (Server.java:doStart(351)) - jetty-9.3.24.v20180605, build timestamp: 2018-06-05T17:11:56Z, git hash: 84205aa28f11a4f31f2a3b86d1bba2cc8ab69827
2019-06-15 07:10:41,004 INFO  handler.ContextHandler (ContextHandler.java:doStart(781)) - Started o.e.j.s.ServletContextHandler@5f462e3b{/logs,file:///opt/src/hadoop-ozone/integration-test/target/log,AVAILABLE}
2019-06-15 07:10:41,005 INFO  handler.ContextHandler (ContextHandler.java:doStart(781)) - Started o.e.j.s.ServletContextHandler@58065f0c{/static,file:///opt/src/hadoop-ozone/integration-test/target/test-classes/webapps/static,AVAILABLE}
2019-06-15 07:10:41,009 INFO  handler.ContextHandler (ContextHandler.java:doStart(781)) - Started o.e.j.w.WebAppContext@599f571f{/,file:///opt/src/hadoop-ozone/integration-test/target/test-classes/webapps/ozoneManager/,AVAILABLE}{/ozoneManager}
2019-06-15 07:10:41,009 INFO  server.AbstractConnector (AbstractConnector.java:doStart(278)) - Started ServerConnector@7b60c3e{HTTP/1.1,[http/1.1]}{0.0.0.0:46223}
2019-06-15 07:10:41,010 INFO  server.Server (Server.java:doStart(419)) - Started @3000ms
2019-06-15 07:10:41,016 INFO  server.BaseHttpServer (BaseHttpServer.java:updateConnectorAddress(207)) - HTTP server of OZONEMANAGER is listening at http://0.0.0.0:46223
2019-06-15 07:10:41,170 INFO  impl.MetricsSystemImpl (MetricsSystemImpl.java:init(158)) - HddsDatanode metrics system started (again)
2019-06-15 07:10:41,336 INFO  ozone.HddsDatanodeService (HddsDatanodeService.java:start(185)) - HddsDatanodeService host:ozone-build-076618677d3-qdc9g-1178419874 ip:192.168.46.25
2019-06-15 07:10:41,381 INFO  volume.HddsVolume (HddsVolume.java:<init>(176)) - Creating Volume: /opt/src/hadoop-ozone/integration-test/target/test-dir/MiniOzoneClusterImpl-342f90d5-9d05-40bb-8fb5-a59f6fa82fab/datanode-0/data/containers/hdds of  storage type : DISK and capacity : 104021790720
2019-06-15 07:10:41,383 INFO  volume.VolumeSet (VolumeSet.java:initializeVolumeSet(170)) - Added Volume : /opt/src/hadoop-ozone/integration-test/target/test-dir/MiniOzoneClusterImpl-342f90d5-9d05-40bb-8fb5-a59f6fa82fab/datanode-0/data/containers/hdds to VolumeSet
2019-06-15 07:10:41,386 INFO  volume.ThrottledAsyncChecker (ThrottledAsyncChecker.java:schedule(140)) - Scheduling a check for org.apache.hadoop.ozone.container.common.volume.HddsVolume@35ff8fc9
2019-06-15 07:10:41,401 INFO  volume.HddsVolumeChecker (HddsVolumeChecker.java:checkAllVolumes(203)) - Scheduled health check for volume org.apache.hadoop.ozone.container.common.volume.HddsVolume@35ff8fc9
2019-06-15 07:10:41,449 INFO  ratis.XceiverServerRatis (XceiverServerRatis.java:newXceiverServerRatis(401)) - Found a free port for the server : 39887
2019-06-15 07:10:41,554 INFO  impl.RaftServerProxy (ConfUtils.java:logGet(43)) - raft.rpc.type = GRPC (default)
2019-06-15 07:10:41,564 INFO  grpc.GrpcConfigKeys$Server (ConfUtils.java:logGet(43)) - raft.grpc.server.port = 39887 (custom)
2019-06-15 07:10:41,565 INFO  server.GrpcService (ConfUtils.java:logGet(43)) - raft.grpc.message.size.max = 33570816 (custom)
2019-06-15 07:10:41,567 INFO  server.RaftServerConfigKeys (ConfUtils.java:logGet(43)) - raft.server.log.appender.buffer.byte-limit = 33554432 (custom)
2019-06-15 07:10:41,567 INFO  server.GrpcService (ConfUtils.java:logGet(43)) - raft.grpc.flow.control.window = 1MB (=1048576) (default)
2019-06-15 07:10:41,568 INFO  server.RaftServerConfigKeys (ConfUtils.java:logGet(43)) - raft.server.rpc.request.timeout = 3000ms (default)
2019-06-15 07:10:41,711 INFO  server.RaftServerConfigKeys (ConfUtils.java:logGet(43)) - raft.server.storage.dir = [/opt/src/hadoop-ozone/integration-test/target/test-dir/MiniOzoneClusterImpl-342f90d5-9d05-40bb-8fb5-a59f6fa82fab/datanode-0/data/ratis] (custom)
2019-06-15 07:10:41,718 INFO  server.XceiverServerGrpc (XceiverServerGrpc.java:<init>(97)) - Found a free port for the server : 45725
2019-06-15 07:10:41,746 INFO  replication.SimpleContainerDownloader (SimpleContainerDownloader.java:<init>(72)) - Starting container downloader service to copy containers to replicate.
2019-06-15 07:10:41,758 INFO  hdfs.DFSUtil (DFSUtil.java:httpServerTemplateForNNAndJN(1641)) - Starting Web-server for hddsDatanode at: http://0.0.0.0:0
2019-06-15 07:10:41,759 INFO  server.AuthenticationFilter (AuthenticationFilter.java:constructSecretProvider(240)) - Unable to initialize FileSignerSecretProvider, falling back to use random secrets.
2019-06-15 07:10:41,760 WARN  http.HttpRequestLog (HttpRequestLog.java:getRequestLog(97)) - Jetty request log can only be enabled using Log4j
2019-06-15 07:10:41,761 INFO  http.HttpServer2 (HttpServer2.java:addGlobalFilter(975)) - Added global filter 'safety' (class=org.apache.hadoop.http.HttpServer2$QuotingInputFilter)
2019-06-15 07:10:41,762 INFO  http.HttpServer2 (HttpServer2.java:addFilter(948)) - Added filter static_user_filter (class=org.apache.hadoop.http.lib.StaticUserWebFilter$StaticUserFilter) to context hddsDatanode
2019-06-15 07:10:41,762 INFO  http.HttpServer2 (HttpServer2.java:addFilter(958)) - Added filter static_user_filter (class=org.apache.hadoop.http.lib.StaticUserWebFilter$StaticUserFilter) to context static
2019-06-15 07:10:41,762 INFO  http.HttpServer2 (HttpServer2.java:addFilter(958)) - Added filter static_user_filter (class=org.apache.hadoop.http.lib.StaticUserWebFilter$StaticUserFilter) to context logs
2019-06-15 07:10:41,763 INFO  http.HttpServer2 (HttpServer2.java:bindListener(1191)) - Jetty bound to port 37291
2019-06-15 07:10:41,763 INFO  server.Server (Server.java:doStart(351)) - jetty-9.3.24.v20180605, build timestamp: 2018-06-05T17:11:56Z, git hash: 84205aa28f11a4f31f2a3b86d1bba2cc8ab69827
2019-06-15 07:10:41,764 INFO  handler.ContextHandler (ContextHandler.java:doStart(781)) - Started o.e.j.s.ServletContextHandler@16c587de{/logs,file:///opt/src/hadoop-ozone/integration-test/target/log,AVAILABLE}
2019-06-15 07:10:41,765 INFO  handler.ContextHandler (ContextHandler.java:doStart(781)) - Started o.e.j.s.ServletContextHandler@76db540e{/static,jar:file:/home/user/.m2/repository/org/apache/hadoop/hadoop-hdds-container-service/0.5.0-SNAPSHOT/hadoop-hdds-container-service-0.5.0-SNAPSHOT.jar!/webapps/static,AVAILABLE}
2019-06-15 07:10:41,792 INFO  handler.ContextHandler (ContextHandler.java:doStart(781)) - Started o.e.j.w.WebAppContext@3a08078c{/,file:///tmp/jetty-0.0.0.0-37291-hddsDatanode-_-any-8386233513033061400.dir/webapp/,AVAILABLE}{/hddsDatanode}
2019-06-15 07:10:41,793 INFO  server.AbstractConnector (AbstractConnector.java:doStart(278)) - Started ServerConnector@53830483{HTTP/1.1,[http/1.1]}{0.0.0.0:37291}
2019-06-15 07:10:41,793 INFO  server.Server (Server.java:doStart(419)) - Started @3783ms
2019-06-15 07:10:41,794 INFO  server.BaseHttpServer (BaseHttpServer.java:updateConnectorAddress(207)) - HTTP server of HDDSDATANODE is listening at http://0.0.0.0:37291
2019-06-15 07:10:42,729 INFO  ozone.HddsDatanodeService (HddsDatanodeService.java:startPlugins(396)) - Started plug-in org.apache.hadoop.ozone.web.OzoneHddsDatanodeService@469a7575
2019-06-15 07:10:42,730 INFO  impl.MetricsSystemImpl (MetricsSystemImpl.java:init(158)) - HddsDatanode metrics system started (again)
2019-06-15 07:10:42,731 INFO  ozone.HddsDatanodeService (HddsDatanodeService.java:start(185)) - HddsDatanodeService host:ozone-build-076618677d3-qdc9g-1178419874 ip:192.168.46.25
2019-06-15 07:10:42,755 INFO  util.JvmPauseMonitor (JvmPauseMonitor.java:run(188)) - Starting JVM pause monitor
2019-06-15 07:10:42,758 INFO  volume.HddsVolume (HddsVolume.java:<init>(176)) - Creating Volume: /opt/src/hadoop-ozone/integration-test/target/test-dir/MiniOzoneClusterImpl-342f90d5-9d05-40bb-8fb5-a59f6fa82fab/datanode-1/data/containers/hdds of  storage type : DISK and capacity : 104021790720
2019-06-15 07:10:42,758 INFO  volume.VolumeSet (VolumeSet.java:initializeVolumeSet(170)) - Added Volume : /opt/src/hadoop-ozone/integration-test/target/test-dir/MiniOzoneClusterImpl-342f90d5-9d05-40bb-8fb5-a59f6fa82fab/datanode-1/data/containers/hdds to VolumeSet
2019-06-15 07:10:42,759 INFO  volume.ThrottledAsyncChecker (ThrottledAsyncChecker.java:schedule(140)) - Scheduling a check for org.apache.hadoop.ozone.container.common.volume.HddsVolume@60f77af
2019-06-15 07:10:42,764 INFO  volume.HddsVolumeChecker (HddsVolumeChecker.java:checkAllVolumes(203)) - Scheduled health check for volume org.apache.hadoop.ozone.container.common.volume.HddsVolume@60f77af
2019-06-15 07:10:42,790 INFO  ratis.XceiverServerRatis (XceiverServerRatis.java:newXceiverServerRatis(401)) - Found a free port for the server : 38333
2019-06-15 07:10:42,795 INFO  impl.RaftServerProxy (ConfUtils.java:logGet(43)) - raft.rpc.type = GRPC (default)
2019-06-15 07:10:42,795 INFO  grpc.GrpcConfigKeys$Server (ConfUtils.java:logGet(43)) - raft.grpc.server.port = 38333 (custom)
2019-06-15 07:10:42,796 INFO  server.GrpcService (ConfUtils.java:logGet(43)) - raft.grpc.message.size.max = 33570816 (custom)
2019-06-15 07:10:42,796 INFO  server.RaftServerConfigKeys (ConfUtils.java:logGet(43)) - raft.server.log.appender.buffer.byte-limit = 33554432 (custom)
2019-06-15 07:10:42,796 INFO  server.GrpcService (ConfUtils.java:logGet(43)) - raft.grpc.flow.control.window = 1MB (=1048576) (default)
2019-06-15 07:10:42,796 INFO  server.RaftServerConfigKeys (ConfUtils.java:logGet(43)) - raft.server.rpc.request.timeout = 3000ms (default)
2019-06-15 07:10:42,797 INFO  server.RaftServerConfigKeys (ConfUtils.java:logGet(43)) - raft.server.storage.dir = [/opt/src/hadoop-ozone/integration-test/target/test-dir/MiniOzoneClusterImpl-342f90d5-9d05-40bb-8fb5-a59f6fa82fab/datanode-1/data/ratis] (custom)
2019-06-15 07:10:42,800 INFO  server.XceiverServerGrpc (XceiverServerGrpc.java:<init>(97)) - Found a free port for the server : 42677
2019-06-15 07:10:42,801 INFO  replication.SimpleContainerDownloader (SimpleContainerDownloader.java:<init>(72)) - Starting container downloader service to copy containers to replicate.
2019-06-15 07:10:42,802 INFO  hdfs.DFSUtil (DFSUtil.java:httpServerTemplateForNNAndJN(1641)) - Starting Web-server for hddsDatanode at: http://0.0.0.0:0
2019-06-15 07:10:42,803 INFO  server.AuthenticationFilter (AuthenticationFilter.java:constructSecretProvider(240)) - Unable to initialize FileSignerSecretProvider, falling back to use random secrets.
2019-06-15 07:10:42,805 WARN  http.HttpRequestLog (HttpRequestLog.java:getRequestLog(97)) - Jetty request log can only be enabled using Log4j
2019-06-15 07:10:42,807 INFO  http.HttpServer2 (HttpServer2.java:addGlobalFilter(975)) - Added global filter 'safety' (class=org.apache.hadoop.http.HttpServer2$QuotingInputFilter)
2019-06-15 07:10:42,808 INFO  http.HttpServer2 (HttpServer2.java:addFilter(948)) - Added filter static_user_filter (class=org.apache.hadoop.http.lib.StaticUserWebFilter$StaticUserFilter) to context hddsDatanode
2019-06-15 07:10:42,808 INFO  http.HttpServer2 (HttpServer2.java:addFilter(958)) - Added filter static_user_filter (class=org.apache.hadoop.http.lib.StaticUserWebFilter$StaticUserFilter) to context static
2019-06-15 07:10:42,808 INFO  http.HttpServer2 (HttpServer2.java:addFilter(958)) - Added filter static_user_filter (class=org.apache.hadoop.http.lib.StaticUserWebFilter$StaticUserFilter) to context logs
2019-06-15 07:10:42,809 INFO  http.HttpServer2 (HttpServer2.java:bindListener(1191)) - Jetty bound to port 40899
2019-06-15 07:10:42,809 INFO  server.Server (Server.java:doStart(351)) - jetty-9.3.24.v20180605, build timestamp: 2018-06-05T17:11:56Z, git hash: 84205aa28f11a4f31f2a3b86d1bba2cc8ab69827
2019-06-15 07:10:42,830 INFO  handler.ContextHandler (ContextHandler.java:doStart(781)) - Started o.e.j.s.ServletContextHandler@2ac519dc{/logs,file:///opt/src/hadoop-ozone/integration-test/target/log,AVAILABLE}
2019-06-15 07:10:42,831 INFO  handler.ContextHandler (ContextHandler.java:doStart(781)) - Started o.e.j.s.ServletContextHandler@1de4bee0{/static,jar:file:/home/user/.m2/repository/org/apache/hadoop/hadoop-hdds-container-service/0.5.0-SNAPSHOT/hadoop-hdds-container-service-0.5.0-SNAPSHOT.jar!/webapps/static,AVAILABLE}
2019-06-15 07:10:42,859 INFO  handler.ContextHandler (ContextHandler.java:doStart(781)) - Started o.e.j.w.WebAppContext@648c5fb3{/,file:///tmp/jetty-0.0.0.0-40899-hddsDatanode-_-any-6288583655797332330.dir/webapp/,AVAILABLE}{/hddsDatanode}
2019-06-15 07:10:42,859 INFO  datanode.InitDatanodeState (InitDatanodeState.java:persistContainerDatanodeDetails(140)) - DatanodeDetails is persisted to /opt/src/hadoop-ozone/integration-test/target/test-dir/MiniOzoneClusterImpl-342f90d5-9d05-40bb-8fb5-a59f6fa82fab/datanode-0/meta/datanode.id
2019-06-15 07:10:42,860 INFO  server.AbstractConnector (AbstractConnector.java:doStart(278)) - Started ServerConnector@1814d877{HTTP/1.1,[http/1.1]}{0.0.0.0:40899}
2019-06-15 07:10:42,861 INFO  server.Server (Server.java:doStart(419)) - Started @4851ms
2019-06-15 07:10:42,862 INFO  server.BaseHttpServer (BaseHttpServer.java:updateConnectorAddress(207)) - HTTP server of HDDSDATANODE is listening at http://0.0.0.0:40899
2019-06-15 07:10:42,972 INFO  ozone.HddsDatanodeService (HddsDatanodeService.java:startPlugins(396)) - Started plug-in org.apache.hadoop.ozone.web.OzoneHddsDatanodeService@3d2f3dcb
2019-06-15 07:10:42,973 INFO  impl.MetricsSystemImpl (MetricsSystemImpl.java:init(158)) - HddsDatanode metrics system started (again)
2019-06-15 07:10:42,973 INFO  ozone.HddsDatanodeService (HddsDatanodeService.java:start(185)) - HddsDatanodeService host:ozone-build-076618677d3-qdc9g-1178419874 ip:192.168.46.25
2019-06-15 07:10:42,983 INFO  util.JvmPauseMonitor (JvmPauseMonitor.java:run(188)) - Starting JVM pause monitor
2019-06-15 07:10:42,987 INFO  volume.HddsVolume (HddsVolume.java:<init>(176)) - Creating Volume: /opt/src/hadoop-ozone/integration-test/target/test-dir/MiniOzoneClusterImpl-342f90d5-9d05-40bb-8fb5-a59f6fa82fab/datanode-2/data/containers/hdds of  storage type : DISK and capacity : 104021790720
2019-06-15 07:10:42,987 INFO  volume.VolumeSet (VolumeSet.java:initializeVolumeSet(170)) - Added Volume : /opt/src/hadoop-ozone/integration-test/target/test-dir/MiniOzoneClusterImpl-342f90d5-9d05-40bb-8fb5-a59f6fa82fab/datanode-2/data/containers/hdds to VolumeSet
2019-06-15 07:10:42,988 INFO  volume.ThrottledAsyncChecker (ThrottledAsyncChecker.java:schedule(140)) - Scheduling a check for org.apache.hadoop.ozone.container.common.volume.HddsVolume@4d4436d0
2019-06-15 07:10:42,989 INFO  volume.HddsVolumeChecker (HddsVolumeChecker.java:checkAllVolumes(203)) - Scheduled health check for volume org.apache.hadoop.ozone.container.common.volume.HddsVolume@4d4436d0
2019-06-15 07:10:42,991 INFO  datanode.InitDatanodeState (InitDatanodeState.java:persistContainerDatanodeDetails(140)) - DatanodeDetails is persisted to /opt/src/hadoop-ozone/integration-test/target/test-dir/MiniOzoneClusterImpl-342f90d5-9d05-40bb-8fb5-a59f6fa82fab/datanode-1/meta/datanode.id
2019-06-15 07:10:43,003 INFO  ratis.XceiverServerRatis (XceiverServerRatis.java:newXceiverServerRatis(401)) - Found a free port for the server : 41003
2019-06-15 07:10:43,004 INFO  impl.RaftServerProxy (ConfUtils.java:logGet(43)) - raft.rpc.type = GRPC (default)
2019-06-15 07:10:43,005 INFO  grpc.GrpcConfigKeys$Server (ConfUtils.java:logGet(43)) - raft.grpc.server.port = 41003 (custom)
2019-06-15 07:10:43,005 INFO  server.GrpcService (ConfUtils.java:logGet(43)) - raft.grpc.message.size.max = 33570816 (custom)
2019-06-15 07:10:43,005 INFO  server.RaftServerConfigKeys (ConfUtils.java:logGet(43)) - raft.server.log.appender.buffer.byte-limit = 33554432 (custom)
2019-06-15 07:10:43,005 INFO  server.GrpcService (ConfUtils.java:logGet(43)) - raft.grpc.flow.control.window = 1MB (=1048576) (default)
2019-06-15 07:10:43,006 INFO  server.RaftServerConfigKeys (ConfUtils.java:logGet(43)) - raft.server.rpc.request.timeout = 3000ms (default)
2019-06-15 07:10:43,006 INFO  server.RaftServerConfigKeys (ConfUtils.java:logGet(43)) - raft.server.storage.dir = [/opt/src/hadoop-ozone/integration-test/target/test-dir/MiniOzoneClusterImpl-342f90d5-9d05-40bb-8fb5-a59f6fa82fab/datanode-2/data/ratis] (custom)
2019-06-15 07:10:43,006 INFO  server.XceiverServerGrpc (XceiverServerGrpc.java:<init>(97)) - Found a free port for the server : 33321
2019-06-15 07:10:43,007 INFO  replication.SimpleContainerDownloader (SimpleContainerDownloader.java:<init>(72)) - Starting container downloader service to copy containers to replicate.
2019-06-15 07:10:43,010 INFO  hdfs.DFSUtil (DFSUtil.java:httpServerTemplateForNNAndJN(1641)) - Starting Web-server for hddsDatanode at: http://0.0.0.0:0
2019-06-15 07:10:43,011 INFO  server.AuthenticationFilter (AuthenticationFilter.java:constructSecretProvider(240)) - Unable to initialize FileSignerSecretProvider, falling back to use random secrets.
2019-06-15 07:10:43,012 WARN  http.HttpRequestLog (HttpRequestLog.java:getRequestLog(97)) - Jetty request log can only be enabled using Log4j
2019-06-15 07:10:43,013 INFO  http.HttpServer2 (HttpServer2.java:addGlobalFilter(975)) - Added global filter 'safety' (class=org.apache.hadoop.http.HttpServer2$QuotingInputFilter)
2019-06-15 07:10:43,014 INFO  http.HttpServer2 (HttpServer2.java:addFilter(948)) - Added filter static_user_filter (class=org.apache.hadoop.http.lib.StaticUserWebFilter$StaticUserFilter) to context hddsDatanode
2019-06-15 07:10:43,014 INFO  http.HttpServer2 (HttpServer2.java:addFilter(958)) - Added filter static_user_filter (class=org.apache.hadoop.http.lib.StaticUserWebFilter$StaticUserFilter) to context logs
2019-06-15 07:10:43,014 INFO  http.HttpServer2 (HttpServer2.java:addFilter(958)) - Added filter static_user_filter (class=org.apache.hadoop.http.lib.StaticUserWebFilter$StaticUserFilter) to context static
2019-06-15 07:10:43,015 INFO  http.HttpServer2 (HttpServer2.java:bindListener(1191)) - Jetty bound to port 41233
2019-06-15 07:10:43,015 INFO  server.Server (Server.java:doStart(351)) - jetty-9.3.24.v20180605, build timestamp: 2018-06-05T17:11:56Z, git hash: 84205aa28f11a4f31f2a3b86d1bba2cc8ab69827
2019-06-15 07:10:43,017 INFO  handler.ContextHandler (ContextHandler.java:doStart(781)) - Started o.e.j.s.ServletContextHandler@49cd946c{/logs,file:///opt/src/hadoop-ozone/integration-test/target/log,AVAILABLE}
2019-06-15 07:10:43,017 INFO  handler.ContextHandler (ContextHandler.java:doStart(781)) - Started o.e.j.s.ServletContextHandler@14d25b6e{/static,jar:file:/home/user/.m2/repository/org/apache/hadoop/hadoop-hdds-container-service/0.5.0-SNAPSHOT/hadoop-hdds-container-service-0.5.0-SNAPSHOT.jar!/webapps/static,AVAILABLE}
2019-06-15 07:10:43,040 INFO  handler.ContextHandler (ContextHandler.java:doStart(781)) - Started o.e.j.w.WebAppContext@6d6bff89{/,file:///tmp/jetty-0.0.0.0-41233-hddsDatanode-_-any-2144984627219526377.dir/webapp/,AVAILABLE}{/hddsDatanode}
2019-06-15 07:10:43,041 INFO  server.AbstractConnector (AbstractConnector.java:doStart(278)) - Started ServerConnector@541bf968{HTTP/1.1,[http/1.1]}{0.0.0.0:41233}
2019-06-15 07:10:43,042 INFO  server.Server (Server.java:doStart(419)) - Started @5032ms
2019-06-15 07:10:43,047 INFO  server.BaseHttpServer (BaseHttpServer.java:updateConnectorAddress(207)) - HTTP server of HDDSDATANODE is listening at http://0.0.0.0:41233
2019-06-15 07:10:43,218 INFO  ozone.HddsDatanodeService (HddsDatanodeService.java:startPlugins(396)) - Started plug-in org.apache.hadoop.ozone.web.OzoneHddsDatanodeService@5bb911c1
2019-06-15 07:10:43,218 INFO  impl.MetricsSystemImpl (MetricsSystemImpl.java:init(158)) - HddsDatanode metrics system started (again)
2019-06-15 07:10:43,219 INFO  ozone.HddsDatanodeService (HddsDatanodeService.java:start(185)) - HddsDatanodeService host:ozone-build-076618677d3-qdc9g-1178419874 ip:192.168.46.25
2019-06-15 07:10:43,223 INFO  util.JvmPauseMonitor (JvmPauseMonitor.java:run(188)) - Starting JVM pause monitor
2019-06-15 07:10:43,233 INFO  datanode.InitDatanodeState (InitDatanodeState.java:persistContainerDatanodeDetails(140)) - DatanodeDetails is persisted to /opt/src/hadoop-ozone/integration-test/target/test-dir/MiniOzoneClusterImpl-342f90d5-9d05-40bb-8fb5-a59f6fa82fab/datanode-2/meta/datanode.id
2019-06-15 07:10:43,235 INFO  volume.HddsVolume (HddsVolume.java:<init>(176)) - Creating Volume: /opt/src/hadoop-ozone/integration-test/target/test-dir/MiniOzoneClusterImpl-342f90d5-9d05-40bb-8fb5-a59f6fa82fab/datanode-3/data/containers/hdds of  storage type : DISK and capacity : 104021790720
2019-06-15 07:10:43,235 INFO  volume.VolumeSet (VolumeSet.java:initializeVolumeSet(170)) - Added Volume : /opt/src/hadoop-ozone/integration-test/target/test-dir/MiniOzoneClusterImpl-342f90d5-9d05-40bb-8fb5-a59f6fa82fab/datanode-3/data/containers/hdds to VolumeSet
2019-06-15 07:10:43,235 INFO  volume.ThrottledAsyncChecker (ThrottledAsyncChecker.java:schedule(140)) - Scheduling a check for org.apache.hadoop.ozone.container.common.volume.HddsVolume@2db15f70
2019-06-15 07:10:43,237 INFO  volume.HddsVolumeChecker (HddsVolumeChecker.java:checkAllVolumes(203)) - Scheduled health check for volume org.apache.hadoop.ozone.container.common.volume.HddsVolume@2db15f70
2019-06-15 07:10:43,248 INFO  ratis.XceiverServerRatis (XceiverServerRatis.java:newXceiverServerRatis(401)) - Found a free port for the server : 40135
2019-06-15 07:10:43,250 INFO  impl.RaftServerProxy (ConfUtils.java:logGet(43)) - raft.rpc.type = GRPC (default)
2019-06-15 07:10:43,250 INFO  grpc.GrpcConfigKeys$Server (ConfUtils.java:logGet(43)) - raft.grpc.server.port = 40135 (custom)
2019-06-15 07:10:43,251 INFO  server.GrpcService (ConfUtils.java:logGet(43)) - raft.grpc.message.size.max = 33570816 (custom)
2019-06-15 07:10:43,251 INFO  server.RaftServerConfigKeys (ConfUtils.java:logGet(43)) - raft.server.log.appender.buffer.byte-limit = 33554432 (custom)
2019-06-15 07:10:43,251 INFO  server.GrpcService (ConfUtils.java:logGet(43)) - raft.grpc.flow.control.window = 1MB (=1048576) (default)
2019-06-15 07:10:43,251 INFO  server.RaftServerConfigKeys (ConfUtils.java:logGet(43)) - raft.server.rpc.request.timeout = 3000ms (default)
2019-06-15 07:10:43,252 INFO  server.RaftServerConfigKeys (ConfUtils.java:logGet(43)) - raft.server.storage.dir = [/opt/src/hadoop-ozone/integration-test/target/test-dir/MiniOzoneClusterImpl-342f90d5-9d05-40bb-8fb5-a59f6fa82fab/datanode-3/data/ratis] (custom)
2019-06-15 07:10:43,252 INFO  server.XceiverServerGrpc (XceiverServerGrpc.java:<init>(97)) - Found a free port for the server : 45405
2019-06-15 07:10:43,252 INFO  replication.SimpleContainerDownloader (SimpleContainerDownloader.java:<init>(72)) - Starting container downloader service to copy containers to replicate.
2019-06-15 07:10:43,254 INFO  hdfs.DFSUtil (DFSUtil.java:httpServerTemplateForNNAndJN(1641)) - Starting Web-server for hddsDatanode at: http://0.0.0.0:0
2019-06-15 07:10:43,255 INFO  server.AuthenticationFilter (AuthenticationFilter.java:constructSecretProvider(240)) - Unable to initialize FileSignerSecretProvider, falling back to use random secrets.
2019-06-15 07:10:43,257 WARN  http.HttpRequestLog (HttpRequestLog.java:getRequestLog(97)) - Jetty request log can only be enabled using Log4j
2019-06-15 07:10:43,259 INFO  http.HttpServer2 (HttpServer2.java:addGlobalFilter(975)) - Added global filter 'safety' (class=org.apache.hadoop.http.HttpServer2$QuotingInputFilter)
2019-06-15 07:10:43,259 INFO  http.HttpServer2 (HttpServer2.java:addFilter(948)) - Added filter static_user_filter (class=org.apache.hadoop.http.lib.StaticUserWebFilter$StaticUserFilter) to context hddsDatanode
2019-06-15 07:10:43,260 INFO  http.HttpServer2 (HttpServer2.java:addFilter(958)) - Added filter static_user_filter (class=org.apache.hadoop.http.lib.StaticUserWebFilter$StaticUserFilter) to context static
2019-06-15 07:10:43,260 INFO  http.HttpServer2 (HttpServer2.java:addFilter(958)) - Added filter static_user_filter (class=org.apache.hadoop.http.lib.StaticUserWebFilter$StaticUserFilter) to context logs
2019-06-15 07:10:43,260 INFO  http.HttpServer2 (HttpServer2.java:bindListener(1191)) - Jetty bound to port 36547
2019-06-15 07:10:43,261 INFO  server.Server (Server.java:doStart(351)) - jetty-9.3.24.v20180605, build timestamp: 2018-06-05T17:11:56Z, git hash: 84205aa28f11a4f31f2a3b86d1bba2cc8ab69827
2019-06-15 07:10:43,262 INFO  handler.ContextHandler (ContextHandler.java:doStart(781)) - Started o.e.j.s.ServletContextHandler@2dba05b1{/logs,file:///opt/src/hadoop-ozone/integration-test/target/log,AVAILABLE}
2019-06-15 07:10:43,263 INFO  handler.ContextHandler (ContextHandler.java:doStart(781)) - Started o.e.j.s.ServletContextHandler@445bce9a{/static,jar:file:/home/user/.m2/repository/org/apache/hadoop/hadoop-hdds-container-service/0.5.0-SNAPSHOT/hadoop-hdds-container-service-0.5.0-SNAPSHOT.jar!/webapps/static,AVAILABLE}
2019-06-15 07:10:43,293 INFO  handler.ContextHandler (ContextHandler.java:doStart(781)) - Started o.e.j.w.WebAppContext@380ce5a3{/,file:///tmp/jetty-0.0.0.0-36547-hddsDatanode-_-any-7653969215564138644.dir/webapp/,AVAILABLE}{/hddsDatanode}
2019-06-15 07:10:43,298 INFO  server.AbstractConnector (AbstractConnector.java:doStart(278)) - Started ServerConnector@38029686{HTTP/1.1,[http/1.1]}{0.0.0.0:36547}
2019-06-15 07:10:43,299 INFO  server.Server (Server.java:doStart(419)) - Started @5289ms
2019-06-15 07:10:43,302 INFO  server.BaseHttpServer (BaseHttpServer.java:updateConnectorAddress(207)) - HTTP server of HDDSDATANODE is listening at http://0.0.0.0:36547
2019-06-15 07:10:43,448 INFO  ozone.HddsDatanodeService (HddsDatanodeService.java:startPlugins(396)) - Started plug-in org.apache.hadoop.ozone.web.OzoneHddsDatanodeService@1e226bcd
2019-06-15 07:10:43,448 INFO  impl.MetricsSystemImpl (MetricsSystemImpl.java:init(158)) - HddsDatanode metrics system started (again)
2019-06-15 07:10:43,449 INFO  ozone.HddsDatanodeService (HddsDatanodeService.java:start(185)) - HddsDatanodeService host:ozone-build-076618677d3-qdc9g-1178419874 ip:192.168.46.25
2019-06-15 07:10:43,470 INFO  util.JvmPauseMonitor (JvmPauseMonitor.java:run(188)) - Starting JVM pause monitor
2019-06-15 07:10:43,479 INFO  datanode.InitDatanodeState (InitDatanodeState.java:persistContainerDatanodeDetails(140)) - DatanodeDetails is persisted to /opt/src/hadoop-ozone/integration-test/target/test-dir/MiniOzoneClusterImpl-342f90d5-9d05-40bb-8fb5-a59f6fa82fab/datanode-3/meta/datanode.id
2019-06-15 07:10:43,484 INFO  volume.HddsVolume (HddsVolume.java:<init>(176)) - Creating Volume: /opt/src/hadoop-ozone/integration-test/target/test-dir/MiniOzoneClusterImpl-342f90d5-9d05-40bb-8fb5-a59f6fa82fab/datanode-4/data/containers/hdds of  storage type : DISK and capacity : 104021790720
2019-06-15 07:10:43,484 INFO  volume.VolumeSet (VolumeSet.java:initializeVolumeSet(170)) - Added Volume : /opt/src/hadoop-ozone/integration-test/target/test-dir/MiniOzoneClusterImpl-342f90d5-9d05-40bb-8fb5-a59f6fa82fab/datanode-4/data/containers/hdds to VolumeSet
2019-06-15 07:10:43,484 INFO  volume.ThrottledAsyncChecker (ThrottledAsyncChecker.java:schedule(140)) - Scheduling a check for org.apache.hadoop.ozone.container.common.volume.HddsVolume@48cd319d
2019-06-15 07:10:43,486 INFO  volume.HddsVolumeChecker (HddsVolumeChecker.java:checkAllVolumes(203)) - Scheduled health check for volume org.apache.hadoop.ozone.container.common.volume.HddsVolume@48cd319d
2019-06-15 07:10:43,496 INFO  ratis.XceiverServerRatis (XceiverServerRatis.java:newXceiverServerRatis(401)) - Found a free port for the server : 46547
2019-06-15 07:10:43,497 INFO  impl.RaftServerProxy (ConfUtils.java:logGet(43)) - raft.rpc.type = GRPC (default)
2019-06-15 07:10:43,497 INFO  grpc.GrpcConfigKeys$Server (ConfUtils.java:logGet(43)) - raft.grpc.server.port = 46547 (custom)
2019-06-15 07:10:43,497 INFO  server.GrpcService (ConfUtils.java:logGet(43)) - raft.grpc.message.size.max = 33570816 (custom)
2019-06-15 07:10:43,497 INFO  server.RaftServerConfigKeys (ConfUtils.java:logGet(43)) - raft.server.log.appender.buffer.byte-limit = 33554432 (custom)
2019-06-15 07:10:43,498 INFO  server.GrpcService (ConfUtils.java:logGet(43)) - raft.grpc.flow.control.window = 1MB (=1048576) (default)
2019-06-15 07:10:43,498 INFO  server.RaftServerConfigKeys (ConfUtils.java:logGet(43)) - raft.server.rpc.request.timeout = 3000ms (default)
2019-06-15 07:10:43,498 INFO  server.RaftServerConfigKeys (ConfUtils.java:logGet(43)) - raft.server.storage.dir = [/opt/src/hadoop-ozone/integration-test/target/test-dir/MiniOzoneClusterImpl-342f90d5-9d05-40bb-8fb5-a59f6fa82fab/datanode-4/data/ratis] (custom)
2019-06-15 07:10:43,499 INFO  server.XceiverServerGrpc (XceiverServerGrpc.java:<init>(97)) - Found a free port for the server : 42037
2019-06-15 07:10:43,499 INFO  replication.SimpleContainerDownloader (SimpleContainerDownloader.java:<init>(72)) - Starting container downloader service to copy containers to replicate.
2019-06-15 07:10:43,505 INFO  hdfs.DFSUtil (DFSUtil.java:httpServerTemplateForNNAndJN(1641)) - Starting Web-server for hddsDatanode at: http://0.0.0.0:0
2019-06-15 07:10:43,506 INFO  server.AuthenticationFilter (AuthenticationFilter.java:constructSecretProvider(240)) - Unable to initialize FileSignerSecretProvider, falling back to use random secrets.
2019-06-15 07:10:43,513 WARN  http.HttpRequestLog (HttpRequestLog.java:getRequestLog(97)) - Jetty request log can only be enabled using Log4j
2019-06-15 07:10:43,515 INFO  http.HttpServer2 (HttpServer2.java:addGlobalFilter(975)) - Added global filter 'safety' (class=org.apache.hadoop.http.HttpServer2$QuotingInputFilter)
2019-06-15 07:10:43,516 INFO  http.HttpServer2 (HttpServer2.java:addFilter(948)) - Added filter static_user_filter (class=org.apache.hadoop.http.lib.StaticUserWebFilter$StaticUserFilter) to context hddsDatanode
2019-06-15 07:10:43,516 INFO  http.HttpServer2 (HttpServer2.java:addFilter(958)) - Added filter static_user_filter (class=org.apache.hadoop.http.lib.StaticUserWebFilter$StaticUserFilter) to context static
2019-06-15 07:10:43,516 INFO  http.HttpServer2 (HttpServer2.java:addFilter(958)) - Added filter static_user_filter (class=org.apache.hadoop.http.lib.StaticUserWebFilter$StaticUserFilter) to context logs
2019-06-15 07:10:43,517 INFO  http.HttpServer2 (HttpServer2.java:bindListener(1191)) - Jetty bound to port 44927
2019-06-15 07:10:43,517 INFO  server.Server (Server.java:doStart(351)) - jetty-9.3.24.v20180605, build timestamp: 2018-06-05T17:11:56Z, git hash: 84205aa28f11a4f31f2a3b86d1bba2cc8ab69827
2019-06-15 07:10:43,527 INFO  handler.ContextHandler (ContextHandler.java:doStart(781)) - Started o.e.j.s.ServletContextHandler@3d104c9b{/logs,file:///opt/src/hadoop-ozone/integration-test/target/log,AVAILABLE}
2019-06-15 07:10:43,528 INFO  handler.ContextHandler (ContextHandler.java:doStart(781)) - Started o.e.j.s.ServletContextHandler@6da54910{/static,jar:file:/home/user/.m2/repository/org/apache/hadoop/hadoop-hdds-container-service/0.5.0-SNAPSHOT/hadoop-hdds-container-service-0.5.0-SNAPSHOT.jar!/webapps/static,AVAILABLE}
2019-06-15 07:10:43,552 INFO  handler.ContextHandler (ContextHandler.java:doStart(781)) - Started o.e.j.w.WebAppContext@7e61e25c{/,file:///tmp/jetty-0.0.0.0-44927-hddsDatanode-_-any-3584155071715760996.dir/webapp/,AVAILABLE}{/hddsDatanode}
2019-06-15 07:10:43,559 INFO  server.AbstractConnector (AbstractConnector.java:doStart(278)) - Started ServerConnector@615db358{HTTP/1.1,[http/1.1]}{0.0.0.0:44927}
2019-06-15 07:10:43,559 INFO  server.Server (Server.java:doStart(419)) - Started @5549ms
2019-06-15 07:10:43,560 INFO  server.BaseHttpServer (BaseHttpServer.java:updateConnectorAddress(207)) - HTTP server of HDDSDATANODE is listening at http://0.0.0.0:44927
2019-06-15 07:10:43,695 INFO  ozone.HddsDatanodeService (HddsDatanodeService.java:startPlugins(396)) - Started plug-in org.apache.hadoop.ozone.web.OzoneHddsDatanodeService@54f6b629
2019-06-15 07:10:43,695 INFO  impl.MetricsSystemImpl (MetricsSystemImpl.java:init(158)) - HddsDatanode metrics system started (again)
2019-06-15 07:10:43,696 INFO  ozone.HddsDatanodeService (HddsDatanodeService.java:start(185)) - HddsDatanodeService host:ozone-build-076618677d3-qdc9g-1178419874 ip:192.168.46.25
2019-06-15 07:10:43,706 INFO  util.JvmPauseMonitor (JvmPauseMonitor.java:run(188)) - Starting JVM pause monitor
2019-06-15 07:10:43,712 INFO  volume.HddsVolume (HddsVolume.java:<init>(176)) - Creating Volume: /opt/src/hadoop-ozone/integration-test/target/test-dir/MiniOzoneClusterImpl-342f90d5-9d05-40bb-8fb5-a59f6fa82fab/datanode-5/data/containers/hdds of  storage type : DISK and capacity : 104021790720
2019-06-15 07:10:43,712 INFO  volume.VolumeSet (VolumeSet.java:initializeVolumeSet(170)) - Added Volume : /opt/src/hadoop-ozone/integration-test/target/test-dir/MiniOzoneClusterImpl-342f90d5-9d05-40bb-8fb5-a59f6fa82fab/datanode-5/data/containers/hdds to VolumeSet
2019-06-15 07:10:43,712 INFO  volume.ThrottledAsyncChecker (ThrottledAsyncChecker.java:schedule(140)) - Scheduling a check for org.apache.hadoop.ozone.container.common.volume.HddsVolume@5122e4bf
2019-06-15 07:10:43,713 INFO  datanode.InitDatanodeState (InitDatanodeState.java:persistContainerDatanodeDetails(140)) - DatanodeDetails is persisted to /opt/src/hadoop-ozone/integration-test/target/test-dir/MiniOzoneClusterImpl-342f90d5-9d05-40bb-8fb5-a59f6fa82fab/datanode-4/meta/datanode.id
2019-06-15 07:10:43,722 INFO  volume.HddsVolumeChecker (HddsVolumeChecker.java:checkAllVolumes(203)) - Scheduled health check for volume org.apache.hadoop.ozone.container.common.volume.HddsVolume@5122e4bf
2019-06-15 07:10:43,733 INFO  ratis.XceiverServerRatis (XceiverServerRatis.java:newXceiverServerRatis(401)) - Found a free port for the server : 32995
2019-06-15 07:10:43,735 INFO  impl.RaftServerProxy (ConfUtils.java:logGet(43)) - raft.rpc.type = GRPC (default)
2019-06-15 07:10:43,735 INFO  grpc.GrpcConfigKeys$Server (ConfUtils.java:logGet(43)) - raft.grpc.server.port = 32995 (custom)
2019-06-15 07:10:43,735 INFO  server.GrpcService (ConfUtils.java:logGet(43)) - raft.grpc.message.size.max = 33570816 (custom)
2019-06-15 07:10:43,736 INFO  server.RaftServerConfigKeys (ConfUtils.java:logGet(43)) - raft.server.log.appender.buffer.byte-limit = 33554432 (custom)
2019-06-15 07:10:43,737 INFO  server.GrpcService (ConfUtils.java:logGet(43)) - raft.grpc.flow.control.window = 1MB (=1048576) (default)
2019-06-15 07:10:43,737 INFO  server.RaftServerConfigKeys (ConfUtils.java:logGet(43)) - raft.server.rpc.request.timeout = 3000ms (default)
2019-06-15 07:10:43,737 INFO  server.RaftServerConfigKeys (ConfUtils.java:logGet(43)) - raft.server.storage.dir = [/opt/src/hadoop-ozone/integration-test/target/test-dir/MiniOzoneClusterImpl-342f90d5-9d05-40bb-8fb5-a59f6fa82fab/datanode-5/data/ratis] (custom)
2019-06-15 07:10:43,738 INFO  server.XceiverServerGrpc (XceiverServerGrpc.java:<init>(97)) - Found a free port for the server : 34433
2019-06-15 07:10:43,738 INFO  replication.SimpleContainerDownloader (SimpleContainerDownloader.java:<init>(72)) - Starting container downloader service to copy containers to replicate.
2019-06-15 07:10:43,739 INFO  hdfs.DFSUtil (DFSUtil.java:httpServerTemplateForNNAndJN(1641)) - Starting Web-server for hddsDatanode at: http://0.0.0.0:0
2019-06-15 07:10:43,740 INFO  server.AuthenticationFilter (AuthenticationFilter.java:constructSecretProvider(240)) - Unable to initialize FileSignerSecretProvider, falling back to use random secrets.
2019-06-15 07:10:43,741 WARN  http.HttpRequestLog (HttpRequestLog.java:getRequestLog(97)) - Jetty request log can only be enabled using Log4j
2019-06-15 07:10:43,742 INFO  http.HttpServer2 (HttpServer2.java:addGlobalFilter(975)) - Added global filter 'safety' (class=org.apache.hadoop.http.HttpServer2$QuotingInputFilter)
2019-06-15 07:10:43,742 INFO  http.HttpServer2 (HttpServer2.java:addFilter(948)) - Added filter static_user_filter (class=org.apache.hadoop.http.lib.StaticUserWebFilter$StaticUserFilter) to context hddsDatanode
2019-06-15 07:10:43,743 INFO  http.HttpServer2 (HttpServer2.java:addFilter(958)) - Added filter static_user_filter (class=org.apache.hadoop.http.lib.StaticUserWebFilter$StaticUserFilter) to context static
2019-06-15 07:10:43,743 INFO  http.HttpServer2 (HttpServer2.java:addFilter(958)) - Added filter static_user_filter (class=org.apache.hadoop.http.lib.StaticUserWebFilter$StaticUserFilter) to context logs
2019-06-15 07:10:43,743 INFO  http.HttpServer2 (HttpServer2.java:bindListener(1191)) - Jetty bound to port 35527
2019-06-15 07:10:43,743 INFO  server.Server (Server.java:doStart(351)) - jetty-9.3.24.v20180605, build timestamp: 2018-06-05T17:11:56Z, git hash: 84205aa28f11a4f31f2a3b86d1bba2cc8ab69827
2019-06-15 07:10:43,748 INFO  handler.ContextHandler (ContextHandler.java:doStart(781)) - Started o.e.j.s.ServletContextHandler@2ce524d2{/logs,file:///opt/src/hadoop-ozone/integration-test/target/log,AVAILABLE}
2019-06-15 07:10:43,748 INFO  handler.ContextHandler (ContextHandler.java:doStart(781)) - Started o.e.j.s.ServletContextHandler@e3899fd{/static,jar:file:/home/user/.m2/repository/org/apache/hadoop/hadoop-hdds-container-service/0.5.0-SNAPSHOT/hadoop-hdds-container-service-0.5.0-SNAPSHOT.jar!/webapps/static,AVAILABLE}
2019-06-15 07:10:43,779 INFO  handler.ContextHandler (ContextHandler.java:doStart(781)) - Started o.e.j.w.WebAppContext@1eb85a47{/,file:///tmp/jetty-0.0.0.0-35527-hddsDatanode-_-any-337312181892911030.dir/webapp/,AVAILABLE}{/hddsDatanode}
2019-06-15 07:10:43,786 INFO  server.AbstractConnector (AbstractConnector.java:doStart(278)) - Started ServerConnector@ca7e37f{HTTP/1.1,[http/1.1]}{0.0.0.0:35527}
2019-06-15 07:10:43,787 INFO  server.Server (Server.java:doStart(419)) - Started @5777ms
2019-06-15 07:10:43,792 INFO  server.BaseHttpServer (BaseHttpServer.java:updateConnectorAddress(207)) - HTTP server of HDDSDATANODE is listening at http://0.0.0.0:35527
2019-06-15 07:10:44,001 INFO  ozone.HddsDatanodeService (HddsDatanodeService.java:startPlugins(396)) - Started plug-in org.apache.hadoop.ozone.web.OzoneHddsDatanodeService@49cc9b2a
2019-06-15 07:10:44,006 INFO  ozone.MiniOzoneClusterImpl (MiniOzoneClusterImpl.java:lambda$waitForClusterToBeReady$0(142)) - Waiting for cluster to be ready. Got 0 of 6 DN Heartbeats.
2019-06-15 07:10:44,033 INFO  util.JvmPauseMonitor (JvmPauseMonitor.java:run(188)) - Starting JVM pause monitor
2019-06-15 07:10:44,035 INFO  datanode.InitDatanodeState (InitDatanodeState.java:persistContainerDatanodeDetails(140)) - DatanodeDetails is persisted to /opt/src/hadoop-ozone/integration-test/target/test-dir/MiniOzoneClusterImpl-342f90d5-9d05-40bb-8fb5-a59f6fa82fab/datanode-5/meta/datanode.id
2019-06-15 07:10:44,782 INFO  ozoneimpl.OzoneContainer (OzoneContainer.java:start(186)) - Attempting to start container services.
2019-06-15 07:10:44,782 INFO  ozoneimpl.OzoneContainer (OzoneContainer.java:startContainerScrub(160)) - Background container scrubber has been disabled by hdds.containerscrub.enabled
2019-06-15 07:10:44,782 INFO  ratis.XceiverServerRatis (XceiverServerRatis.java:start(418)) - Starting XceiverServerRatis fb69ebbf-443a-4741-a3ff-06405d177dbc at port 39887
2019-06-15 07:10:44,797 INFO  impl.RaftServerProxy (RaftServerProxy.java:lambda$start$3(299)) - fb69ebbf-443a-4741-a3ff-06405d177dbc: start RPC server
2019-06-15 07:10:44,934 INFO  server.GrpcService (GrpcService.java:startImpl(148)) - fb69ebbf-443a-4741-a3ff-06405d177dbc: GrpcService started, listening on 0.0.0.0/0.0.0.0:39887
2019-06-15 07:10:44,988 INFO  ozoneimpl.OzoneContainer (OzoneContainer.java:start(186)) - Attempting to start container services.
2019-06-15 07:10:44,989 INFO  ozoneimpl.OzoneContainer (OzoneContainer.java:startContainerScrub(160)) - Background container scrubber has been disabled by hdds.containerscrub.enabled
2019-06-15 07:10:44,989 INFO  ratis.XceiverServerRatis (XceiverServerRatis.java:start(418)) - Starting XceiverServerRatis 28984cc4-843c-47c3-a3c2-6901e3f8bf7a at port 38333
2019-06-15 07:10:44,996 INFO  impl.RaftServerProxy (RaftServerProxy.java:lambda$start$3(299)) - 28984cc4-843c-47c3-a3c2-6901e3f8bf7a: start RPC server
2019-06-15 07:10:44,998 INFO  server.GrpcService (GrpcService.java:startImpl(148)) - 28984cc4-843c-47c3-a3c2-6901e3f8bf7a: GrpcService started, listening on 0.0.0.0/0.0.0.0:38333
2019-06-15 07:10:45,006 INFO  ozone.MiniOzoneClusterImpl (MiniOzoneClusterImpl.java:lambda$waitForClusterToBeReady$0(142)) - Waiting for cluster to be ready. Got 0 of 6 DN Heartbeats.
2019-06-15 07:10:45,227 INFO  ozoneimpl.OzoneContainer (OzoneContainer.java:start(186)) - Attempting to start container services.
2019-06-15 07:10:45,228 INFO  ozoneimpl.OzoneContainer (OzoneContainer.java:startContainerScrub(160)) - Background container scrubber has been disabled by hdds.containerscrub.enabled
2019-06-15 07:10:45,228 INFO  ratis.XceiverServerRatis (XceiverServerRatis.java:start(418)) - Starting XceiverServerRatis 9ebe862b-1744-4954-bf43-e9de9800cbe3 at port 41003
2019-06-15 07:10:45,233 INFO  impl.RaftServerProxy (RaftServerProxy.java:lambda$start$3(299)) - 9ebe862b-1744-4954-bf43-e9de9800cbe3: start RPC server
2019-06-15 07:10:45,235 INFO  server.GrpcService (GrpcService.java:startImpl(148)) - 9ebe862b-1744-4954-bf43-e9de9800cbe3: GrpcService started, listening on 0.0.0.0/0.0.0.0:41003
2019-06-15 07:10:45,472 INFO  ozoneimpl.OzoneContainer (OzoneContainer.java:start(186)) - Attempting to start container services.
2019-06-15 07:10:45,473 INFO  ozoneimpl.OzoneContainer (OzoneContainer.java:startContainerScrub(160)) - Background container scrubber has been disabled by hdds.containerscrub.enabled
2019-06-15 07:10:45,474 INFO  ratis.XceiverServerRatis (XceiverServerRatis.java:start(418)) - Starting XceiverServerRatis cd3fe2a6-319f-4e4b-9aa3-91b89f2e726b at port 40135
2019-06-15 07:10:45,480 INFO  impl.RaftServerProxy (RaftServerProxy.java:lambda$start$3(299)) - cd3fe2a6-319f-4e4b-9aa3-91b89f2e726b: start RPC server
2019-06-15 07:10:45,482 INFO  server.GrpcService (GrpcService.java:startImpl(148)) - cd3fe2a6-319f-4e4b-9aa3-91b89f2e726b: GrpcService started, listening on 0.0.0.0/0.0.0.0:40135
2019-06-15 07:10:45,706 INFO  ozoneimpl.OzoneContainer (OzoneContainer.java:start(186)) - Attempting to start container services.
2019-06-15 07:10:45,708 INFO  ozoneimpl.OzoneContainer (OzoneContainer.java:startContainerScrub(160)) - Background container scrubber has been disabled by hdds.containerscrub.enabled
2019-06-15 07:10:45,708 INFO  ratis.XceiverServerRatis (XceiverServerRatis.java:start(418)) - Starting XceiverServerRatis b950c35d-3e4c-40bc-8043-a839ddbe6074 at port 46547
2019-06-15 07:10:45,724 INFO  impl.RaftServerProxy (RaftServerProxy.java:lambda$start$3(299)) - b950c35d-3e4c-40bc-8043-a839ddbe6074: start RPC server
2019-06-15 07:10:45,727 INFO  server.GrpcService (GrpcService.java:startImpl(148)) - b950c35d-3e4c-40bc-8043-a839ddbe6074: GrpcService started, listening on 0.0.0.0/0.0.0.0:46547
2019-06-15 07:10:46,006 INFO  ozone.MiniOzoneClusterImpl (MiniOzoneClusterImpl.java:lambda$waitForClusterToBeReady$0(142)) - Waiting for cluster to be ready. Got 0 of 6 DN Heartbeats.
2019-06-15 07:10:46,038 INFO  ozoneimpl.OzoneContainer (OzoneContainer.java:start(186)) - Attempting to start container services.
2019-06-15 07:10:46,040 INFO  ozoneimpl.OzoneContainer (OzoneContainer.java:startContainerScrub(160)) - Background container scrubber has been disabled by hdds.containerscrub.enabled
2019-06-15 07:10:46,040 INFO  ratis.XceiverServerRatis (XceiverServerRatis.java:start(418)) - Starting XceiverServerRatis 41b0b015-55ba-4a13-8517-1a8892e21b2a at port 32995
2019-06-15 07:10:46,044 INFO  impl.RaftServerProxy (RaftServerProxy.java:lambda$start$3(299)) - 41b0b015-55ba-4a13-8517-1a8892e21b2a: start RPC server
2019-06-15 07:10:46,047 INFO  server.GrpcService (GrpcService.java:startImpl(148)) - 41b0b015-55ba-4a13-8517-1a8892e21b2a: GrpcService started, listening on 0.0.0.0/0.0.0.0:32995
2019-06-15 07:10:46,778 INFO  net.NetworkTopology (NetworkTopologyImpl.java:add(109)) - Added a new node: /default-rack/192.168.46.25
2019-06-15 07:10:46,778 INFO  node.SCMNodeManager (SCMNodeManager.java:register(269)) - Registered Data node : fb69ebbf-443a-4741-a3ff-06405d177dbc{ip: 192.168.46.25, host: ozone-build-076618677d3-qdc9g-1178419874, networkLocation: /default-rack, certSerialId: null}
2019-06-15 07:10:46,785 INFO  safemode.SCMSafeModeManager (DataNodeSafeModeRule.java:process(71)) - SCM in safe mode. 1 DataNodes registered, 1 required.
2019-06-15 07:10:46,785 INFO  safemode.SCMSafeModeManager (SCMSafeModeManager.java:validateSafeModeExitRules(177)) - ScmSafeModeManager, all rules are successfully validated
2019-06-15 07:10:46,785 INFO  safemode.SCMSafeModeManager (SCMSafeModeManager.java:exitSafeMode(193)) - SCM exiting safe mode.
2019-06-15 07:10:46,985 INFO  node.SCMNodeManager (SCMNodeManager.java:register(269)) - Registered Data node : 28984cc4-843c-47c3-a3c2-6901e3f8bf7a{ip: 192.168.46.25, host: ozone-build-076618677d3-qdc9g-1178419874, networkLocation: /default-rack, certSerialId: null}
2019-06-15 07:10:47,007 INFO  ozone.MiniOzoneClusterImpl (MiniOzoneClusterImpl.java:lambda$waitForClusterToBeReady$0(142)) - Waiting for cluster to be ready. Got 2 of 6 DN Heartbeats.
2019-06-15 07:10:47,149 INFO  impl.RaftServerProxy (RaftServerProxy.java:addNew(89)) - fb69ebbf-443a-4741-a3ff-06405d177dbc: addNew group-6ECF9E54E9E6:[fb69ebbf-443a-4741-a3ff-06405d177dbc:192.168.46.25:39887] returns group-6ECF9E54E9E6:java.util.concurrent.CompletableFuture@5303dbd7[Not completed]
2019-06-15 07:10:47,155 INFO  impl.RaftServerImpl (RaftServerImpl.java:<init>(91)) - fb69ebbf-443a-4741-a3ff-06405d177dbc: new RaftServerImpl for group-6ECF9E54E9E6:[fb69ebbf-443a-4741-a3ff-06405d177dbc:192.168.46.25:39887] with ContainerStateMachine:uninitialized
2019-06-15 07:10:47,156 INFO  server.RaftServerConfigKeys (ConfUtils.java:logGet(43)) - raft.server.rpc.timeout.min = 1s (custom)
2019-06-15 07:10:47,157 INFO  server.RaftServerConfigKeys (ConfUtils.java:logGet(43)) - raft.server.rpc.timeout.max = 1200ms (custom)
2019-06-15 07:10:47,157 INFO  server.RaftServerConfigKeys (ConfUtils.java:logGet(43)) - raft.server.rpcslowness.timeout = 10s (custom)
2019-06-15 07:10:47,157 INFO  server.RaftServerConfigKeys (ConfUtils.java:logGet(43)) - raft.server.log.appender.install.snapshot.enabled = true (default)
2019-06-15 07:10:47,162 INFO  impl.RaftServerImpl (ServerState.java:<init>(101)) - fb69ebbf-443a-4741-a3ff-06405d177dbc:group-6ECF9E54E9E6 ConfigurationManager, init=-1: [fb69ebbf-443a-4741-a3ff-06405d177dbc:192.168.46.25:39887], old=null, confs=<EMPTY_MAP>
2019-06-15 07:10:47,162 INFO  server.RaftServerConfigKeys (ConfUtils.java:logGet(43)) - raft.server.storage.dir = [/opt/src/hadoop-ozone/integration-test/target/test-dir/MiniOzoneClusterImpl-342f90d5-9d05-40bb-8fb5-a59f6fa82fab/datanode-0/data/ratis] (custom)
2019-06-15 07:10:47,169 INFO  storage.RaftStorageDirectory (RaftStorageDirectory.java:analyzeStorage(246)) - The storage directory /opt/src/hadoop-ozone/integration-test/target/test-dir/MiniOzoneClusterImpl-342f90d5-9d05-40bb-8fb5-a59f6fa82fab/datanode-0/data/ratis/b3fd297c-47a1-40d6-aa2a-6ecf9e54e9e6 does not exist. Creating ...
2019-06-15 07:10:47,303 INFO  node.SCMNodeManager (SCMNodeManager.java:register(269)) - Registered Data node : 9ebe862b-1744-4954-bf43-e9de9800cbe3{ip: 192.168.46.25, host: ozone-build-076618677d3-qdc9g-1178419874, networkLocation: /default-rack, certSerialId: null}
2019-06-15 07:10:47,313 INFO  storage.RaftStorageDirectory (RaftStorageDirectory.java:tryLock(328)) - Lock on /opt/src/hadoop-ozone/integration-test/target/test-dir/MiniOzoneClusterImpl-342f90d5-9d05-40bb-8fb5-a59f6fa82fab/datanode-0/data/ratis/b3fd297c-47a1-40d6-aa2a-6ecf9e54e9e6/in_use.lock acquired by nodename 9975@ozone-build-076618677d3-qdc9g-1178419874
2019-06-15 07:10:47,317 INFO  storage.RaftStorage (RaftStorage.java:format(75)) - Storage directory /opt/src/hadoop-ozone/integration-test/target/test-dir/MiniOzoneClusterImpl-342f90d5-9d05-40bb-8fb5-a59f6fa82fab/datanode-0/data/ratis/b3fd297c-47a1-40d6-aa2a-6ecf9e54e9e6 has been successfully formatted.
2019-06-15 07:10:47,319 INFO  ratis.ContainerStateMachine (ContainerStateMachine.java:loadSnapshot(199)) - The snapshot info is null.Setting the last applied index to:(t:0, i:~)
2019-06-15 07:10:47,320 INFO  server.RaftServerConfigKeys (ConfUtils.java:logGet(43)) - raft.server.leader.election.timeout = 10s (custom)
2019-06-15 07:10:47,321 INFO  server.RaftServerConfigKeys (ConfUtils.java:logGet(43)) - raft.server.log.use.memory = false (default)
2019-06-15 07:10:47,324 INFO  server.RaftServerConfigKeys (ConfUtils.java:logGet(43)) - raft.server.log.appender.buffer.byte-limit = 33554432 (custom)
2019-06-15 07:10:47,327 INFO  server.RaftServerConfigKeys (ConfUtils.java:logGet(43)) - raft.server.log.segment.size.max = 16384 (custom)
2019-06-15 07:10:47,331 INFO  server.RaftServerConfigKeys (ConfUtils.java:logGet(43)) - raft.server.log.segment.cache.num.max = 2 (custom)
2019-06-15 07:10:47,334 INFO  storage.RaftLogWorker (RaftLogWorker.java:<init>(123)) - new fb69ebbf-443a-4741-a3ff-06405d177dbc-RaftLogWorker for Storage Directory /opt/src/hadoop-ozone/integration-test/target/test-dir/MiniOzoneClusterImpl-342f90d5-9d05-40bb-8fb5-a59f6fa82fab/datanode-0/data/ratis/b3fd297c-47a1-40d6-aa2a-6ecf9e54e9e6
2019-06-15 07:10:47,334 INFO  server.RaftServerConfigKeys (ConfUtils.java:logGet(43)) - raft.server.log.queue.byte-limit = 2147483647 (custom)
2019-06-15 07:10:47,335 INFO  server.RaftServerConfigKeys (ConfUtils.java:logGet(43)) - raft.server.log.queue.element-limit = 1024 (custom)
2019-06-15 07:10:47,337 INFO  server.RaftServerConfigKeys (ConfUtils.java:logGet(43)) - raft.server.log.segment.size.max = 16384 (custom)
2019-06-15 07:10:47,337 INFO  server.RaftServerConfigKeys (ConfUtils.java:logGet(43)) - raft.server.log.preallocated.size = 16384 (custom)
2019-06-15 07:10:47,338 INFO  server.RaftServerConfigKeys (ConfUtils.java:logGet(43)) - raft.server.log.write.buffer.size = 33554432 (custom)
2019-06-15 07:10:47,338 INFO  server.RaftServerConfigKeys (ConfUtils.java:logGet(43)) - raft.server.log.force.sync.num = 128 (default)
2019-06-15 07:10:47,339 INFO  server.RaftServerConfigKeys (ConfUtils.java:logGet(43)) - raft.server.log.statemachine.data.sync = true (default)
2019-06-15 07:10:47,339 INFO  server.RaftServerConfigKeys (ConfUtils.java:logGet(43)) - raft.server.log.statemachine.data.sync.timeout = 10s (default)
2019-06-15 07:10:47,340 INFO  server.RaftServerConfigKeys (ConfUtils.java:logGet(43)) - raft.server.log.statemachine.data.sync.timeout.retry = -1 (default)
2019-06-15 07:10:47,342 INFO  server.RaftServerConfigKeys (ConfUtils.java:logGet(43)) - raft.server.log.statemachine.data.caching.enabled = true (custom)
2019-06-15 07:10:47,355 INFO  server.RaftServerConfigKeys (ConfUtils.java:logGet(43)) - raft.server.snapshot.auto.trigger.enabled = true (custom)
2019-06-15 07:10:47,355 INFO  server.RaftServerConfigKeys (ConfUtils.java:logGet(43)) - raft.server.snapshot.auto.trigger.threshold = 10000 (custom)
2019-06-15 07:10:47,356 INFO  server.RaftServerConfigKeys (ConfUtils.java:logGet(43)) - raft.server.retrycache.expirytime = 600000ms (custom)
2019-06-15 07:10:47,376 INFO  impl.RaftServerImpl (RaftServerImpl.java:start(173)) - fb69ebbf-443a-4741-a3ff-06405d177dbc: start group-6ECF9E54E9E6
2019-06-15 07:10:47,377 INFO  impl.RaftServerImpl (RaftServerImpl.java:setRole(164)) - fb69ebbf-443a-4741-a3ff-06405d177dbc:group-6ECF9E54E9E6 changes role from null to FOLLOWER at term 0 for startAsFollower
2019-06-15 07:10:47,379 INFO  impl.RoleInfo (RoleInfo.java:updateAndGet(143)) - fb69ebbf-443a-4741-a3ff-06405d177dbc: start FollowerState
2019-06-15 07:10:47,381 INFO  util.JmxRegister (JmxRegister.java:tryRegister(44)) - Successfully registered JMX Bean with object name Ratis:service=RaftServer,group=group-6ECF9E54E9E6,id=fb69ebbf-443a-4741-a3ff-06405d177dbc
2019-06-15 07:10:47,444 INFO  pipeline.PipelineStateManager (PipelineStateManager.java:addPipeline(56)) - Created pipeline Pipeline[ Id: b3fd297c-47a1-40d6-aa2a-6ecf9e54e9e6, Nodes: fb69ebbf-443a-4741-a3ff-06405d177dbc{ip: 192.168.46.25, host: ozone-build-076618677d3-qdc9g-1178419874, networkLocation: /default-rack, certSerialId: null}, Type:RATIS, Factor:ONE, State:OPEN]
2019-06-15 07:10:47,471 INFO  node.SCMNodeManager (SCMNodeManager.java:register(269)) - Registered Data node : cd3fe2a6-319f-4e4b-9aa3-91b89f2e726b{ip: 192.168.46.25, host: ozone-build-076618677d3-qdc9g-1178419874, networkLocation: /default-rack, certSerialId: null}
2019-06-15 07:10:47,480 INFO  impl.RaftServerProxy (RaftServerProxy.java:addNew(89)) - 28984cc4-843c-47c3-a3c2-6901e3f8bf7a: addNew group-FACC8CBE7BB6:[28984cc4-843c-47c3-a3c2-6901e3f8bf7a:192.168.46.25:38333] returns group-FACC8CBE7BB6:java.util.concurrent.CompletableFuture@4c6e2df7[Not completed]
2019-06-15 07:10:47,481 INFO  impl.RaftServerImpl (RaftServerImpl.java:<init>(91)) - 28984cc4-843c-47c3-a3c2-6901e3f8bf7a: new RaftServerImpl for group-FACC8CBE7BB6:[28984cc4-843c-47c3-a3c2-6901e3f8bf7a:192.168.46.25:38333] with ContainerStateMachine:uninitialized
2019-06-15 07:10:47,482 INFO  server.RaftServerConfigKeys (ConfUtils.java:logGet(43)) - raft.server.rpc.timeout.min = 1s (custom)
2019-06-15 07:10:47,482 INFO  server.RaftServerConfigKeys (ConfUtils.java:logGet(43)) - raft.server.rpc.timeout.max = 1200ms (custom)
2019-06-15 07:10:47,483 INFO  server.RaftServerConfigKeys (ConfUtils.java:logGet(43)) - raft.server.rpcslowness.timeout = 10s (custom)
2019-06-15 07:10:47,483 INFO  server.RaftServerConfigKeys (ConfUtils.java:logGet(43)) - raft.server.log.appender.install.snapshot.enabled = true (default)
2019-06-15 07:10:47,483 INFO  impl.RaftServerImpl (ServerState.java:<init>(101)) - 28984cc4-843c-47c3-a3c2-6901e3f8bf7a:group-FACC8CBE7BB6 ConfigurationManager, init=-1: [28984cc4-843c-47c3-a3c2-6901e3f8bf7a:192.168.46.25:38333], old=null, confs=<EMPTY_MAP>
2019-06-15 07:10:47,483 INFO  server.RaftServerConfigKeys (ConfUtils.java:logGet(43)) - raft.server.storage.dir = [/opt/src/hadoop-ozone/integration-test/target/test-dir/MiniOzoneClusterImpl-342f90d5-9d05-40bb-8fb5-a59f6fa82fab/datanode-1/data/ratis] (custom)
2019-06-15 07:10:47,483 INFO  storage.RaftStorageDirectory (RaftStorageDirectory.java:analyzeStorage(246)) - The storage directory /opt/src/hadoop-ozone/integration-test/target/test-dir/MiniOzoneClusterImpl-342f90d5-9d05-40bb-8fb5-a59f6fa82fab/datanode-1/data/ratis/2b47d4b5-7453-4610-ac43-facc8cbe7bb6 does not exist. Creating ...
2019-06-15 07:10:47,486 INFO  storage.RaftStorageDirectory (RaftStorageDirectory.java:tryLock(328)) - Lock on /opt/src/hadoop-ozone/integration-test/target/test-dir/MiniOzoneClusterImpl-342f90d5-9d05-40bb-8fb5-a59f6fa82fab/datanode-1/data/ratis/2b47d4b5-7453-4610-ac43-facc8cbe7bb6/in_use.lock acquired by nodename 9975@ozone-build-076618677d3-qdc9g-1178419874
2019-06-15 07:10:47,489 INFO  storage.RaftStorage (RaftStorage.java:format(75)) - Storage directory /opt/src/hadoop-ozone/integration-test/target/test-dir/MiniOzoneClusterImpl-342f90d5-9d05-40bb-8fb5-a59f6fa82fab/datanode-1/data/ratis/2b47d4b5-7453-4610-ac43-facc8cbe7bb6 has been successfully formatted.
2019-06-15 07:10:47,490 INFO  ratis.ContainerStateMachine (ContainerStateMachine.java:loadSnapshot(199)) - The snapshot info is null.Setting the last applied index to:(t:0, i:~)
2019-06-15 07:10:47,491 INFO  server.RaftServerConfigKeys (ConfUtils.java:logGet(43)) - raft.server.leader.election.timeout = 10s (custom)
2019-06-15 07:10:47,491 INFO  server.RaftServerConfigKeys (ConfUtils.java:logGet(43)) - raft.server.log.use.memory = false (default)
2019-06-15 07:10:47,491 INFO  server.RaftServerConfigKeys (ConfUtils.java:logGet(43)) - raft.server.log.appender.buffer.byte-limit = 33554432 (custom)
2019-06-15 07:10:47,491 INFO  server.RaftServerConfigKeys (ConfUtils.java:logGet(43)) - raft.server.log.segment.size.max = 16384 (custom)
2019-06-15 07:10:47,491 INFO  server.RaftServerConfigKeys (ConfUtils.java:logGet(43)) - raft.server.log.segment.cache.num.max = 2 (custom)
2019-06-15 07:10:47,491 INFO  storage.RaftLogWorker (RaftLogWorker.java:<init>(123)) - new 28984cc4-843c-47c3-a3c2-6901e3f8bf7a-RaftLogWorker for Storage Directory /opt/src/hadoop-ozone/integration-test/target/test-dir/MiniOzoneClusterImpl-342f90d5-9d05-40bb-8fb5-a59f6fa82fab/datanode-1/data/ratis/2b47d4b5-7453-4610-ac43-facc8cbe7bb6
2019-06-15 07:10:47,493 INFO  server.RaftServerConfigKeys (ConfUtils.java:logGet(43)) - raft.server.log.queue.byte-limit = 2147483647 (custom)
2019-06-15 07:10:47,493 INFO  server.RaftServerConfigKeys (ConfUtils.java:logGet(43)) - raft.server.log.queue.element-limit = 1024 (custom)
2019-06-15 07:10:47,493 INFO  server.RaftServerConfigKeys (ConfUtils.java:logGet(43)) - raft.server.log.segment.size.max = 16384 (custom)
2019-06-15 07:10:47,493 INFO  server.RaftServerConfigKeys (ConfUtils.java:logGet(43)) - raft.server.log.preallocated.size = 16384 (custom)
2019-06-15 07:10:47,493 INFO  server.RaftServerConfigKeys (ConfUtils.java:logGet(43)) - raft.server.log.write.buffer.size = 33554432 (custom)
2019-06-15 07:10:47,494 INFO  server.RaftServerConfigKeys (ConfUtils.java:logGet(43)) - raft.server.log.force.sync.num = 128 (default)
2019-06-15 07:10:47,494 INFO  server.RaftServerConfigKeys (ConfUtils.java:logGet(43)) - raft.server.log.statemachine.data.sync = true (default)
2019-06-15 07:10:47,494 INFO  server.RaftServerConfigKeys (ConfUtils.java:logGet(43)) - raft.server.log.statemachine.data.sync.timeout = 10s (default)
2019-06-15 07:10:47,494 INFO  server.RaftServerConfigKeys (ConfUtils.java:logGet(43)) - raft.server.log.statemachine.data.sync.timeout.retry = -1 (default)
2019-06-15 07:10:47,494 INFO  server.RaftServerConfigKeys (ConfUtils.java:logGet(43)) - raft.server.log.statemachine.data.caching.enabled = true (custom)
2019-06-15 07:10:47,494 INFO  server.RaftServerConfigKeys (ConfUtils.java:logGet(43)) - raft.server.snapshot.auto.trigger.enabled = true (custom)
2019-06-15 07:10:47,494 INFO  server.RaftServerConfigKeys (ConfUtils.java:logGet(43)) - raft.server.snapshot.auto.trigger.threshold = 10000 (custom)
2019-06-15 07:10:47,495 INFO  server.RaftServerConfigKeys (ConfUtils.java:logGet(43)) - raft.server.retrycache.expirytime = 600000ms (custom)
2019-06-15 07:10:47,495 INFO  impl.RaftServerImpl (RaftServerImpl.java:start(173)) - 28984cc4-843c-47c3-a3c2-6901e3f8bf7a: start group-FACC8CBE7BB6
2019-06-15 07:10:47,495 INFO  impl.RaftServerImpl (RaftServerImpl.java:setRole(164)) - 28984cc4-843c-47c3-a3c2-6901e3f8bf7a:group-FACC8CBE7BB6 changes role from null to FOLLOWER at term 0 for startAsFollower
2019-06-15 07:10:47,495 INFO  impl.RoleInfo (RoleInfo.java:updateAndGet(143)) - 28984cc4-843c-47c3-a3c2-6901e3f8bf7a: start FollowerState
2019-06-15 07:10:47,496 INFO  util.JmxRegister (JmxRegister.java:tryRegister(44)) - Successfully registered JMX Bean with object name Ratis:service=RaftServer,group=group-FACC8CBE7BB6,id=28984cc4-843c-47c3-a3c2-6901e3f8bf7a
2019-06-15 07:10:47,505 INFO  pipeline.PipelineStateManager (PipelineStateManager.java:addPipeline(56)) - Created pipeline Pipeline[ Id: 2b47d4b5-7453-4610-ac43-facc8cbe7bb6, Nodes: 28984cc4-843c-47c3-a3c2-6901e3f8bf7a{ip: 192.168.46.25, host: ozone-build-076618677d3-qdc9g-1178419874, networkLocation: /default-rack, certSerialId: null}, Type:RATIS, Factor:ONE, State:OPEN]
2019-06-15 07:10:47,522 INFO  impl.RaftServerProxy (RaftServerProxy.java:addNew(89)) - cd3fe2a6-319f-4e4b-9aa3-91b89f2e726b: addNew group-9E01474A9627:[cd3fe2a6-319f-4e4b-9aa3-91b89f2e726b:192.168.46.25:40135] returns group-9E01474A9627:java.util.concurrent.CompletableFuture@5b12f660[Not completed]
2019-06-15 07:10:47,554 INFO  impl.RaftServerImpl (RaftServerImpl.java:<init>(91)) - cd3fe2a6-319f-4e4b-9aa3-91b89f2e726b: new RaftServerImpl for group-9E01474A9627:[cd3fe2a6-319f-4e4b-9aa3-91b89f2e726b:192.168.46.25:40135] with ContainerStateMachine:uninitialized
2019-06-15 07:10:47,554 INFO  server.RaftServerConfigKeys (ConfUtils.java:logGet(43)) - raft.server.rpc.timeout.min = 1s (custom)
2019-06-15 07:10:47,554 INFO  server.RaftServerConfigKeys (ConfUtils.java:logGet(43)) - raft.server.rpc.timeout.max = 1200ms (custom)
2019-06-15 07:10:47,554 INFO  server.RaftServerConfigKeys (ConfUtils.java:logGet(43)) - raft.server.rpcslowness.timeout = 10s (custom)
2019-06-15 07:10:47,554 INFO  server.RaftServerConfigKeys (ConfUtils.java:logGet(43)) - raft.server.log.appender.install.snapshot.enabled = true (default)
2019-06-15 07:10:47,555 INFO  impl.RaftServerImpl (ServerState.java:<init>(101)) - cd3fe2a6-319f-4e4b-9aa3-91b89f2e726b:group-9E01474A9627 ConfigurationManager, init=-1: [cd3fe2a6-319f-4e4b-9aa3-91b89f2e726b:192.168.46.25:40135], old=null, confs=<EMPTY_MAP>
2019-06-15 07:10:47,555 INFO  server.RaftServerConfigKeys (ConfUtils.java:logGet(43)) - raft.server.storage.dir = [/opt/src/hadoop-ozone/integration-test/target/test-dir/MiniOzoneClusterImpl-342f90d5-9d05-40bb-8fb5-a59f6fa82fab/datanode-3/data/ratis] (custom)
2019-06-15 07:10:47,555 INFO  storage.RaftStorageDirectory (RaftStorageDirectory.java:analyzeStorage(246)) - The storage directory /opt/src/hadoop-ozone/integration-test/target/test-dir/MiniOzoneClusterImpl-342f90d5-9d05-40bb-8fb5-a59f6fa82fab/datanode-3/data/ratis/c11908b5-252b-4842-ac92-9e01474a9627 does not exist. Creating ...
2019-06-15 07:10:47,557 INFO  storage.RaftStorageDirectory (RaftStorageDirectory.java:tryLock(328)) - Lock on /opt/src/hadoop-ozone/integration-test/target/test-dir/MiniOzoneClusterImpl-342f90d5-9d05-40bb-8fb5-a59f6fa82fab/datanode-3/data/ratis/c11908b5-252b-4842-ac92-9e01474a9627/in_use.lock acquired by nodename 9975@ozone-build-076618677d3-qdc9g-1178419874
2019-06-15 07:10:47,560 INFO  storage.RaftStorage (RaftStorage.java:format(75)) - Storage directory /opt/src/hadoop-ozone/integration-test/target/test-dir/MiniOzoneClusterImpl-342f90d5-9d05-40bb-8fb5-a59f6fa82fab/datanode-3/data/ratis/c11908b5-252b-4842-ac92-9e01474a9627 has been successfully formatted.
2019-06-15 07:10:47,560 INFO  ratis.ContainerStateMachine (ContainerStateMachine.java:loadSnapshot(199)) - The snapshot info is null.Setting the last applied index to:(t:0, i:~)
2019-06-15 07:10:47,560 INFO  server.RaftServerConfigKeys (ConfUtils.java:logGet(43)) - raft.server.leader.election.timeout = 10s (custom)
2019-06-15 07:10:47,560 INFO  server.RaftServerConfigKeys (ConfUtils.java:logGet(43)) - raft.server.log.use.memory = false (default)
2019-06-15 07:10:47,560 INFO  server.RaftServerConfigKeys (ConfUtils.java:logGet(43)) - raft.server.log.appender.buffer.byte-limit = 33554432 (custom)
2019-06-15 07:10:47,560 INFO  server.RaftServerConfigKeys (ConfUtils.java:logGet(43)) - raft.server.log.segment.size.max = 16384 (custom)
2019-06-15 07:10:47,560 INFO  server.RaftServerConfigKeys (ConfUtils.java:logGet(43)) - raft.server.log.segment.cache.num.max = 2 (custom)
2019-06-15 07:10:47,560 INFO  storage.RaftLogWorker (RaftLogWorker.java:<init>(123)) - new cd3fe2a6-319f-4e4b-9aa3-91b89f2e726b-RaftLogWorker for Storage Directory /opt/src/hadoop-ozone/integration-test/target/test-dir/MiniOzoneClusterImpl-342f90d5-9d05-40bb-8fb5-a59f6fa82fab/datanode-3/data/ratis/c11908b5-252b-4842-ac92-9e01474a9627
2019-06-15 07:10:47,561 INFO  server.RaftServerConfigKeys (ConfUtils.java:logGet(43)) - raft.server.log.queue.byte-limit = 2147483647 (custom)
2019-06-15 07:10:47,561 INFO  server.RaftServerConfigKeys (ConfUtils.java:logGet(43)) - raft.server.log.queue.element-limit = 1024 (custom)
2019-06-15 07:10:47,561 INFO  server.RaftServerConfigKeys (ConfUtils.java:logGet(43)) - raft.server.log.segment.size.max = 16384 (custom)
2019-06-15 07:10:47,561 INFO  server.RaftServerConfigKeys (ConfUtils.java:logGet(43)) - raft.server.log.preallocated.size = 16384 (custom)
2019-06-15 07:10:47,561 INFO  server.RaftServerConfigKeys (ConfUtils.java:logGet(43)) - raft.server.log.write.buffer.size = 33554432 (custom)
2019-06-15 07:10:47,561 INFO  server.RaftServerConfigKeys (ConfUtils.java:logGet(43)) - raft.server.log.force.sync.num = 128 (default)
2019-06-15 07:10:47,561 INFO  server.RaftServerConfigKeys (ConfUtils.java:logGet(43)) - raft.server.log.statemachine.data.sync = true (default)
2019-06-15 07:10:47,561 INFO  server.RaftServerConfigKeys (ConfUtils.java:logGet(43)) - raft.server.log.statemachine.data.sync.timeout = 10s (default)
2019-06-15 07:10:47,561 INFO  server.RaftServerConfigKeys (ConfUtils.java:logGet(43)) - raft.server.log.statemachine.data.sync.timeout.retry = -1 (default)
2019-06-15 07:10:47,562 INFO  server.RaftServerConfigKeys (ConfUtils.java:logGet(43)) - raft.server.log.statemachine.data.caching.enabled = true (custom)
2019-06-15 07:10:47,562 INFO  server.RaftServerConfigKeys (ConfUtils.java:logGet(43)) - raft.server.snapshot.auto.trigger.enabled = true (custom)
2019-06-15 07:10:47,562 INFO  server.RaftServerConfigKeys (ConfUtils.java:logGet(43)) - raft.server.snapshot.auto.trigger.threshold = 10000 (custom)
2019-06-15 07:10:47,562 INFO  server.RaftServerConfigKeys (ConfUtils.java:logGet(43)) - raft.server.retrycache.expirytime = 600000ms (custom)
2019-06-15 07:10:47,562 INFO  impl.RaftServerImpl (RaftServerImpl.java:start(173)) - cd3fe2a6-319f-4e4b-9aa3-91b89f2e726b: start group-9E01474A9627
2019-06-15 07:10:47,562 INFO  impl.RaftServerImpl (RaftServerImpl.java:setRole(164)) - cd3fe2a6-319f-4e4b-9aa3-91b89f2e726b:group-9E01474A9627 changes role from null to FOLLOWER at term 0 for startAsFollower
2019-06-15 07:10:47,563 INFO  impl.RoleInfo (RoleInfo.java:updateAndGet(143)) - cd3fe2a6-319f-4e4b-9aa3-91b89f2e726b: start FollowerState
2019-06-15 07:10:47,563 INFO  util.JmxRegister (JmxRegister.java:tryRegister(44)) - Successfully registered JMX Bean with object name Ratis:service=RaftServer,group=group-9E01474A9627,id=cd3fe2a6-319f-4e4b-9aa3-91b89f2e726b
2019-06-15 07:10:47,570 INFO  pipeline.PipelineStateManager (PipelineStateManager.java:addPipeline(56)) - Created pipeline Pipeline[ Id: c11908b5-252b-4842-ac92-9e01474a9627, Nodes: cd3fe2a6-319f-4e4b-9aa3-91b89f2e726b{ip: 192.168.46.25, host: ozone-build-076618677d3-qdc9g-1178419874, networkLocation: /default-rack, certSerialId: null}, Type:RATIS, Factor:ONE, State:OPEN]
2019-06-15 07:10:47,591 INFO  impl.RaftServerProxy (RaftServerProxy.java:addNew(89)) - 9ebe862b-1744-4954-bf43-e9de9800cbe3: addNew group-10571CB1D9B5:[9ebe862b-1744-4954-bf43-e9de9800cbe3:192.168.46.25:41003] returns group-10571CB1D9B5:java.util.concurrent.CompletableFuture@6f441494[Not completed]
2019-06-15 07:10:47,595 INFO  impl.RaftServerImpl (RaftServerImpl.java:<init>(91)) - 9ebe862b-1744-4954-bf43-e9de9800cbe3: new RaftServerImpl for group-10571CB1D9B5:[9ebe862b-1744-4954-bf43-e9de9800cbe3:192.168.46.25:41003] with ContainerStateMachine:uninitialized
2019-06-15 07:10:47,595 INFO  server.RaftServerConfigKeys (ConfUtils.java:logGet(43)) - raft.server.rpc.timeout.min = 1s (custom)
2019-06-15 07:10:47,595 INFO  server.RaftServerConfigKeys (ConfUtils.java:logGet(43)) - raft.server.rpc.timeout.max = 1200ms (custom)
2019-06-15 07:10:47,595 INFO  server.RaftServerConfigKeys (ConfUtils.java:logGet(43)) - raft.server.rpcslowness.timeout = 10s (custom)
2019-06-15 07:10:47,595 INFO  server.RaftServerConfigKeys (ConfUtils.java:logGet(43)) - raft.server.log.appender.install.snapshot.enabled = true (default)
2019-06-15 07:10:47,595 INFO  impl.RaftServerImpl (ServerState.java:<init>(101)) - 9ebe862b-1744-4954-bf43-e9de9800cbe3:group-10571CB1D9B5 ConfigurationManager, init=-1: [9ebe862b-1744-4954-bf43-e9de9800cbe3:192.168.46.25:41003], old=null, confs=<EMPTY_MAP>
2019-06-15 07:10:47,595 INFO  server.RaftServerConfigKeys (ConfUtils.java:logGet(43)) - raft.server.storage.dir = [/opt/src/hadoop-ozone/integration-test/target/test-dir/MiniOzoneClusterImpl-342f90d5-9d05-40bb-8fb5-a59f6fa82fab/datanode-2/data/ratis] (custom)
2019-06-15 07:10:47,596 INFO  storage.RaftStorageDirectory (RaftStorageDirectory.java:analyzeStorage(246)) - The storage directory /opt/src/hadoop-ozone/integration-test/target/test-dir/MiniOzoneClusterImpl-342f90d5-9d05-40bb-8fb5-a59f6fa82fab/datanode-2/data/ratis/2eff7e12-866e-42a1-a8f7-10571cb1d9b5 does not exist. Creating ...
2019-06-15 07:10:47,598 INFO  storage.RaftStorageDirectory (RaftStorageDirectory.java:tryLock(328)) - Lock on /opt/src/hadoop-ozone/integration-test/target/test-dir/MiniOzoneClusterImpl-342f90d5-9d05-40bb-8fb5-a59f6fa82fab/datanode-2/data/ratis/2eff7e12-866e-42a1-a8f7-10571cb1d9b5/in_use.lock acquired by nodename 9975@ozone-build-076618677d3-qdc9g-1178419874
2019-06-15 07:10:47,600 INFO  storage.RaftStorage (RaftStorage.java:format(75)) - Storage directory /opt/src/hadoop-ozone/integration-test/target/test-dir/MiniOzoneClusterImpl-342f90d5-9d05-40bb-8fb5-a59f6fa82fab/datanode-2/data/ratis/2eff7e12-866e-42a1-a8f7-10571cb1d9b5 has been successfully formatted.
2019-06-15 07:10:47,600 INFO  ratis.ContainerStateMachine (ContainerStateMachine.java:loadSnapshot(199)) - The snapshot info is null.Setting the last applied index to:(t:0, i:~)
2019-06-15 07:10:47,600 INFO  server.RaftServerConfigKeys (ConfUtils.java:logGet(43)) - raft.server.leader.election.timeout = 10s (custom)
2019-06-15 07:10:47,600 INFO  server.RaftServerConfigKeys (ConfUtils.java:logGet(43)) - raft.server.log.use.memory = false (default)
2019-06-15 07:10:47,600 INFO  server.RaftServerConfigKeys (ConfUtils.java:logGet(43)) - raft.server.log.appender.buffer.byte-limit = 33554432 (custom)
2019-06-15 07:10:47,600 INFO  server.RaftServerConfigKeys (ConfUtils.java:logGet(43)) - raft.server.log.segment.size.max = 16384 (custom)
2019-06-15 07:10:47,600 INFO  server.RaftServerConfigKeys (ConfUtils.java:logGet(43)) - raft.server.log.segment.cache.num.max = 2 (custom)
2019-06-15 07:10:47,601 INFO  storage.RaftLogWorker (RaftLogWorker.java:<init>(123)) - new 9ebe862b-1744-4954-bf43-e9de9800cbe3-RaftLogWorker for Storage Directory /opt/src/hadoop-ozone/integration-test/target/test-dir/MiniOzoneClusterImpl-342f90d5-9d05-40bb-8fb5-a59f6fa82fab/datanode-2/data/ratis/2eff7e12-866e-42a1-a8f7-10571cb1d9b5
2019-06-15 07:10:47,601 INFO  server.RaftServerConfigKeys (ConfUtils.java:logGet(43)) - raft.server.log.queue.byte-limit = 2147483647 (custom)
2019-06-15 07:10:47,601 INFO  server.RaftServerConfigKeys (ConfUtils.java:logGet(43)) - raft.server.log.queue.element-limit = 1024 (custom)
2019-06-15 07:10:47,601 INFO  server.RaftServerConfigKeys (ConfUtils.java:logGet(43)) - raft.server.log.segment.size.max = 16384 (custom)
2019-06-15 07:10:47,601 INFO  server.RaftServerConfigKeys (ConfUtils.java:logGet(43)) - raft.server.log.preallocated.size = 16384 (custom)
2019-06-15 07:10:47,601 INFO  server.RaftServerConfigKeys (ConfUtils.java:logGet(43)) - raft.server.log.write.buffer.size = 33554432 (custom)
2019-06-15 07:10:47,601 INFO  server.RaftServerConfigKeys (ConfUtils.java:logGet(43)) - raft.server.log.force.sync.num = 128 (default)
2019-06-15 07:10:47,601 INFO  server.RaftServerConfigKeys (ConfUtils.java:logGet(43)) - raft.server.log.statemachine.data.sync = true (default)
2019-06-15 07:10:47,601 INFO  server.RaftServerConfigKeys (ConfUtils.java:logGet(43)) - raft.server.log.statemachine.data.sync.timeout = 10s (default)
2019-06-15 07:10:47,601 INFO  server.RaftServerConfigKeys (ConfUtils.java:logGet(43)) - raft.server.log.statemachine.data.sync.timeout.retry = -1 (default)
2019-06-15 07:10:47,601 INFO  server.RaftServerConfigKeys (ConfUtils.java:logGet(43)) - raft.server.log.statemachine.data.caching.enabled = true (custom)
2019-06-15 07:10:47,602 INFO  server.RaftServerConfigKeys (ConfUtils.java:logGet(43)) - raft.server.snapshot.auto.trigger.enabled = true (custom)
2019-06-15 07:10:47,602 INFO  server.RaftServerConfigKeys (ConfUtils.java:logGet(43)) - raft.server.snapshot.auto.trigger.threshold = 10000 (custom)
2019-06-15 07:10:47,602 INFO  server.RaftServerConfigKeys (ConfUtils.java:logGet(43)) - raft.server.retrycache.expirytime = 600000ms (custom)
2019-06-15 07:10:47,602 INFO  impl.RaftServerImpl (RaftServerImpl.java:start(173)) - 9ebe862b-1744-4954-bf43-e9de9800cbe3: start group-10571CB1D9B5
2019-06-15 07:10:47,602 INFO  impl.RaftServerImpl (RaftServerImpl.java:setRole(164)) - 9ebe862b-1744-4954-bf43-e9de9800cbe3:group-10571CB1D9B5 changes role from null to FOLLOWER at term 0 for startAsFollower
2019-06-15 07:10:47,602 INFO  impl.RoleInfo (RoleInfo.java:updateAndGet(143)) - 9ebe862b-1744-4954-bf43-e9de9800cbe3: start FollowerState
2019-06-15 07:10:47,603 INFO  util.JmxRegister (JmxRegister.java:tryRegister(44)) - Successfully registered JMX Bean with object name Ratis:service=RaftServer,group=group-10571CB1D9B5,id=9ebe862b-1744-4954-bf43-e9de9800cbe3
2019-06-15 07:10:47,610 INFO  pipeline.PipelineStateManager (PipelineStateManager.java:addPipeline(56)) - Created pipeline Pipeline[ Id: 2eff7e12-866e-42a1-a8f7-10571cb1d9b5, Nodes: 9ebe862b-1744-4954-bf43-e9de9800cbe3{ip: 192.168.46.25, host: ozone-build-076618677d3-qdc9g-1178419874, networkLocation: /default-rack, certSerialId: null}, Type:RATIS, Factor:ONE, State:OPEN]
2019-06-15 07:10:47,643 INFO  impl.RaftServerProxy (RaftServerProxy.java:addNew(89)) - 28984cc4-843c-47c3-a3c2-6901e3f8bf7a: addNew group-60D0A330F9E9:[fb69ebbf-443a-4741-a3ff-06405d177dbc:192.168.46.25:39887, 28984cc4-843c-47c3-a3c2-6901e3f8bf7a:192.168.46.25:38333, cd3fe2a6-319f-4e4b-9aa3-91b89f2e726b:192.168.46.25:40135] returns group-60D0A330F9E9:java.util.concurrent.CompletableFuture@36d95686[Not completed]
2019-06-15 07:10:47,643 INFO  impl.RaftServerProxy (RaftServerProxy.java:addNew(89)) - cd3fe2a6-319f-4e4b-9aa3-91b89f2e726b: addNew group-60D0A330F9E9:[fb69ebbf-443a-4741-a3ff-06405d177dbc:192.168.46.25:39887, 28984cc4-843c-47c3-a3c2-6901e3f8bf7a:192.168.46.25:38333, cd3fe2a6-319f-4e4b-9aa3-91b89f2e726b:192.168.46.25:40135] returns group-60D0A330F9E9:java.util.concurrent.CompletableFuture@4d2c48d1[Not completed]
2019-06-15 07:10:47,644 INFO  impl.RaftServerImpl (RaftServerImpl.java:<init>(91)) - cd3fe2a6-319f-4e4b-9aa3-91b89f2e726b: new RaftServerImpl for group-60D0A330F9E9:[fb69ebbf-443a-4741-a3ff-06405d177dbc:192.168.46.25:39887, 28984cc4-843c-47c3-a3c2-6901e3f8bf7a:192.168.46.25:38333, cd3fe2a6-319f-4e4b-9aa3-91b89f2e726b:192.168.46.25:40135] with ContainerStateMachine:uninitialized
2019-06-15 07:10:47,644 INFO  server.RaftServerConfigKeys (ConfUtils.java:logGet(43)) - raft.server.rpc.timeout.min = 1s (custom)
2019-06-15 07:10:47,644 INFO  server.RaftServerConfigKeys (ConfUtils.java:logGet(43)) - raft.server.rpc.timeout.max = 1200ms (custom)
2019-06-15 07:10:47,644 INFO  server.RaftServerConfigKeys (ConfUtils.java:logGet(43)) - raft.server.rpcslowness.timeout = 10s (custom)
2019-06-15 07:10:47,644 INFO  impl.RaftServerImpl (RaftServerImpl.java:<init>(91)) - 28984cc4-843c-47c3-a3c2-6901e3f8bf7a: new RaftServerImpl for group-60D0A330F9E9:[fb69ebbf-443a-4741-a3ff-06405d177dbc:192.168.46.25:39887, 28984cc4-843c-47c3-a3c2-6901e3f8bf7a:192.168.46.25:38333, cd3fe2a6-319f-4e4b-9aa3-91b89f2e726b:192.168.46.25:40135] with ContainerStateMachine:uninitialized
2019-06-15 07:10:47,645 INFO  server.RaftServerConfigKeys (ConfUtils.java:logGet(43)) - raft.server.rpc.timeout.min = 1s (custom)
2019-06-15 07:10:47,645 INFO  server.RaftServerConfigKeys (ConfUtils.java:logGet(43)) - raft.server.rpc.timeout.max = 1200ms (custom)
2019-06-15 07:10:47,645 INFO  server.RaftServerConfigKeys (ConfUtils.java:logGet(43)) - raft.server.rpcslowness.timeout = 10s (custom)
2019-06-15 07:10:47,645 INFO  server.RaftServerConfigKeys (ConfUtils.java:logGet(43)) - raft.server.log.appender.install.snapshot.enabled = true (default)
2019-06-15 07:10:47,644 INFO  server.RaftServerConfigKeys (ConfUtils.java:logGet(43)) - raft.server.log.appender.install.snapshot.enabled = true (default)
2019-06-15 07:10:47,645 INFO  impl.RaftServerImpl (ServerState.java:<init>(101)) - 28984cc4-843c-47c3-a3c2-6901e3f8bf7a:group-60D0A330F9E9 ConfigurationManager, init=-1: [fb69ebbf-443a-4741-a3ff-06405d177dbc:192.168.46.25:39887, 28984cc4-843c-47c3-a3c2-6901e3f8bf7a:192.168.46.25:38333, cd3fe2a6-319f-4e4b-9aa3-91b89f2e726b:192.168.46.25:40135], old=null, confs=<EMPTY_MAP>
2019-06-15 07:10:47,645 INFO  impl.RaftServerImpl (ServerState.java:<init>(101)) - cd3fe2a6-319f-4e4b-9aa3-91b89f2e726b:group-60D0A330F9E9 ConfigurationManager, init=-1: [fb69ebbf-443a-4741-a3ff-06405d177dbc:192.168.46.25:39887, 28984cc4-843c-47c3-a3c2-6901e3f8bf7a:192.168.46.25:38333, cd3fe2a6-319f-4e4b-9aa3-91b89f2e726b:192.168.46.25:40135], old=null, confs=<EMPTY_MAP>
2019-06-15 07:10:47,645 INFO  server.RaftServerConfigKeys (ConfUtils.java:logGet(43)) - raft.server.storage.dir = [/opt/src/hadoop-ozone/integration-test/target/test-dir/MiniOzoneClusterImpl-342f90d5-9d05-40bb-8fb5-a59f6fa82fab/datanode-1/data/ratis] (custom)
2019-06-15 07:10:47,646 INFO  server.RaftServerConfigKeys (ConfUtils.java:logGet(43)) - raft.server.storage.dir = [/opt/src/hadoop-ozone/integration-test/target/test-dir/MiniOzoneClusterImpl-342f90d5-9d05-40bb-8fb5-a59f6fa82fab/datanode-3/data/ratis] (custom)
2019-06-15 07:10:47,646 INFO  storage.RaftStorageDirectory (RaftStorageDirectory.java:analyzeStorage(246)) - The storage directory /opt/src/hadoop-ozone/integration-test/target/test-dir/MiniOzoneClusterImpl-342f90d5-9d05-40bb-8fb5-a59f6fa82fab/datanode-1/data/ratis/631f593e-1e20-4cc7-bcfa-60d0a330f9e9 does not exist. Creating ...
2019-06-15 07:10:47,646 INFO  storage.RaftStorageDirectory (RaftStorageDirectory.java:analyzeStorage(246)) - The storage directory /opt/src/hadoop-ozone/integration-test/target/test-dir/MiniOzoneClusterImpl-342f90d5-9d05-40bb-8fb5-a59f6fa82fab/datanode-3/data/ratis/631f593e-1e20-4cc7-bcfa-60d0a330f9e9 does not exist. Creating ...
2019-06-15 07:10:47,647 INFO  impl.RaftServerProxy (RaftServerProxy.java:addNew(89)) - fb69ebbf-443a-4741-a3ff-06405d177dbc: addNew group-60D0A330F9E9:[fb69ebbf-443a-4741-a3ff-06405d177dbc:192.168.46.25:39887, 28984cc4-843c-47c3-a3c2-6901e3f8bf7a:192.168.46.25:38333, cd3fe2a6-319f-4e4b-9aa3-91b89f2e726b:192.168.46.25:40135] returns group-60D0A330F9E9:java.util.concurrent.CompletableFuture@82edf10[Not completed]
2019-06-15 07:10:47,648 INFO  impl.RaftServerImpl (RaftServerImpl.java:<init>(91)) - fb69ebbf-443a-4741-a3ff-06405d177dbc: new RaftServerImpl for group-60D0A330F9E9:[fb69ebbf-443a-4741-a3ff-06405d177dbc:192.168.46.25:39887, 28984cc4-843c-47c3-a3c2-6901e3f8bf7a:192.168.46.25:38333, cd3fe2a6-319f-4e4b-9aa3-91b89f2e726b:192.168.46.25:40135] with ContainerStateMachine:uninitialized
2019-06-15 07:10:47,648 INFO  server.RaftServerConfigKeys (ConfUtils.java:logGet(43)) - raft.server.rpc.timeout.min = 1s (custom)
2019-06-15 07:10:47,648 INFO  server.RaftServerConfigKeys (ConfUtils.java:logGet(43)) - raft.server.rpc.timeout.max = 1200ms (custom)
2019-06-15 07:10:47,648 INFO  server.RaftServerConfigKeys (ConfUtils.java:logGet(43)) - raft.server.rpcslowness.timeout = 10s (custom)
2019-06-15 07:10:47,648 INFO  server.RaftServerConfigKeys (ConfUtils.java:logGet(43)) - raft.server.log.appender.install.snapshot.enabled = true (default)
2019-06-15 07:10:47,648 INFO  impl.RaftServerImpl (ServerState.java:<init>(101)) - fb69ebbf-443a-4741-a3ff-06405d177dbc:group-60D0A330F9E9 ConfigurationManager, init=-1: [fb69ebbf-443a-4741-a3ff-06405d177dbc:192.168.46.25:39887, 28984cc4-843c-47c3-a3c2-6901e3f8bf7a:192.168.46.25:38333, cd3fe2a6-319f-4e4b-9aa3-91b89f2e726b:192.168.46.25:40135], old=null, confs=<EMPTY_MAP>
2019-06-15 07:10:47,648 INFO  server.RaftServerConfigKeys (ConfUtils.java:logGet(43)) - raft.server.storage.dir = [/opt/src/hadoop-ozone/integration-test/target/test-dir/MiniOzoneClusterImpl-342f90d5-9d05-40bb-8fb5-a59f6fa82fab/datanode-0/data/ratis] (custom)
2019-06-15 07:10:47,649 INFO  storage.RaftStorageDirectory (RaftStorageDirectory.java:analyzeStorage(246)) - The storage directory /opt/src/hadoop-ozone/integration-test/target/test-dir/MiniOzoneClusterImpl-342f90d5-9d05-40bb-8fb5-a59f6fa82fab/datanode-0/data/ratis/631f593e-1e20-4cc7-bcfa-60d0a330f9e9 does not exist. Creating ...
2019-06-15 07:10:47,649 INFO  storage.RaftStorageDirectory (RaftStorageDirectory.java:tryLock(328)) - Lock on /opt/src/hadoop-ozone/integration-test/target/test-dir/MiniOzoneClusterImpl-342f90d5-9d05-40bb-8fb5-a59f6fa82fab/datanode-1/data/ratis/631f593e-1e20-4cc7-bcfa-60d0a330f9e9/in_use.lock acquired by nodename 9975@ozone-build-076618677d3-qdc9g-1178419874
2019-06-15 07:10:47,649 INFO  storage.RaftStorageDirectory (RaftStorageDirectory.java:tryLock(328)) - Lock on /opt/src/hadoop-ozone/integration-test/target/test-dir/MiniOzoneClusterImpl-342f90d5-9d05-40bb-8fb5-a59f6fa82fab/datanode-3/data/ratis/631f593e-1e20-4cc7-bcfa-60d0a330f9e9/in_use.lock acquired by nodename 9975@ozone-build-076618677d3-qdc9g-1178419874
2019-06-15 07:10:47,651 INFO  storage.RaftStorage (RaftStorage.java:format(75)) - Storage directory /opt/src/hadoop-ozone/integration-test/target/test-dir/MiniOzoneClusterImpl-342f90d5-9d05-40bb-8fb5-a59f6fa82fab/datanode-1/data/ratis/631f593e-1e20-4cc7-bcfa-60d0a330f9e9 has been successfully formatted.
2019-06-15 07:10:47,651 INFO  ratis.ContainerStateMachine (ContainerStateMachine.java:loadSnapshot(199)) - The snapshot info is null.Setting the last applied index to:(t:0, i:~)
2019-06-15 07:10:47,652 INFO  server.RaftServerConfigKeys (ConfUtils.java:logGet(43)) - raft.server.leader.election.timeout = 10s (custom)
2019-06-15 07:10:47,652 INFO  server.RaftServerConfigKeys (ConfUtils.java:logGet(43)) - raft.server.log.use.memory = false (default)
2019-06-15 07:10:47,652 INFO  server.RaftServerConfigKeys (ConfUtils.java:logGet(43)) - raft.server.log.appender.buffer.byte-limit = 33554432 (custom)
2019-06-15 07:10:47,652 INFO  server.RaftServerConfigKeys (ConfUtils.java:logGet(43)) - raft.server.log.segment.size.max = 16384 (custom)
2019-06-15 07:10:47,652 INFO  server.RaftServerConfigKeys (ConfUtils.java:logGet(43)) - raft.server.log.segment.cache.num.max = 2 (custom)
2019-06-15 07:10:47,652 INFO  storage.RaftLogWorker (RaftLogWorker.java:<init>(123)) - new 28984cc4-843c-47c3-a3c2-6901e3f8bf7a-RaftLogWorker for Storage Directory /opt/src/hadoop-ozone/integration-test/target/test-dir/MiniOzoneClusterImpl-342f90d5-9d05-40bb-8fb5-a59f6fa82fab/datanode-1/data/ratis/631f593e-1e20-4cc7-bcfa-60d0a330f9e9
2019-06-15 07:10:47,652 INFO  server.RaftServerConfigKeys (ConfUtils.java:logGet(43)) - raft.server.log.queue.byte-limit = 2147483647 (custom)
2019-06-15 07:10:47,652 INFO  server.RaftServerConfigKeys (ConfUtils.java:logGet(43)) - raft.server.log.queue.element-limit = 1024 (custom)
2019-06-15 07:10:47,652 INFO  server.RaftServerConfigKeys (ConfUtils.java:logGet(43)) - raft.server.log.segment.size.max = 16384 (custom)
2019-06-15 07:10:47,652 INFO  storage.RaftStorage (RaftStorage.java:format(75)) - Storage directory /opt/src/hadoop-ozone/integration-test/target/test-dir/MiniOzoneClusterImpl-342f90d5-9d05-40bb-8fb5-a59f6fa82fab/datanode-3/data/ratis/631f593e-1e20-4cc7-bcfa-60d0a330f9e9 has been successfully formatted.
2019-06-15 07:10:47,653 INFO  ratis.ContainerStateMachine (ContainerStateMachine.java:loadSnapshot(199)) - The snapshot info is null.Setting the last applied index to:(t:0, i:~)
2019-06-15 07:10:47,653 INFO  server.RaftServerConfigKeys (ConfUtils.java:logGet(43)) - raft.server.leader.election.timeout = 10s (custom)
2019-06-15 07:10:47,653 INFO  server.RaftServerConfigKeys (ConfUtils.java:logGet(43)) - raft.server.log.use.memory = false (default)
2019-06-15 07:10:47,653 INFO  server.RaftServerConfigKeys (ConfUtils.java:logGet(43)) - raft.server.log.appender.buffer.byte-limit = 33554432 (custom)
2019-06-15 07:10:47,653 INFO  server.RaftServerConfigKeys (ConfUtils.java:logGet(43)) - raft.server.log.segment.size.max = 16384 (custom)
2019-06-15 07:10:47,653 INFO  server.RaftServerConfigKeys (ConfUtils.java:logGet(43)) - raft.server.log.segment.cache.num.max = 2 (custom)
2019-06-15 07:10:47,653 INFO  storage.RaftLogWorker (RaftLogWorker.java:<init>(123)) - new cd3fe2a6-319f-4e4b-9aa3-91b89f2e726b-RaftLogWorker for Storage Directory /opt/src/hadoop-ozone/integration-test/target/test-dir/MiniOzoneClusterImpl-342f90d5-9d05-40bb-8fb5-a59f6fa82fab/datanode-3/data/ratis/631f593e-1e20-4cc7-bcfa-60d0a330f9e9
2019-06-15 07:10:47,653 INFO  server.RaftServerConfigKeys (ConfUtils.java:logGet(43)) - raft.server.log.queue.byte-limit = 2147483647 (custom)
2019-06-15 07:10:47,653 INFO  server.RaftServerConfigKeys (ConfUtils.java:logGet(43)) - raft.server.log.queue.element-limit = 1024 (custom)
2019-06-15 07:10:47,654 INFO  server.RaftServerConfigKeys (ConfUtils.java:logGet(43)) - raft.server.log.segment.size.max = 16384 (custom)
2019-06-15 07:10:47,654 INFO  server.RaftServerConfigKeys (ConfUtils.java:logGet(43)) - raft.server.log.preallocated.size = 16384 (custom)
2019-06-15 07:10:47,654 INFO  server.RaftServerConfigKeys (ConfUtils.java:logGet(43)) - raft.server.log.write.buffer.size = 33554432 (custom)
2019-06-15 07:10:47,654 INFO  server.RaftServerConfigKeys (ConfUtils.java:logGet(43)) - raft.server.log.force.sync.num = 128 (default)
2019-06-15 07:10:47,654 INFO  server.RaftServerConfigKeys (ConfUtils.java:logGet(43)) - raft.server.log.statemachine.data.sync = true (default)
2019-06-15 07:10:47,654 INFO  server.RaftServerConfigKeys (ConfUtils.java:logGet(43)) - raft.server.log.statemachine.data.sync.timeout = 10s (default)
2019-06-15 07:10:47,654 INFO  server.RaftServerConfigKeys (ConfUtils.java:logGet(43)) - raft.server.log.statemachine.data.sync.timeout.retry = -1 (default)
2019-06-15 07:10:47,654 INFO  server.RaftServerConfigKeys (ConfUtils.java:logGet(43)) - raft.server.log.statemachine.data.caching.enabled = true (custom)
2019-06-15 07:10:47,652 INFO  storage.RaftStorageDirectory (RaftStorageDirectory.java:tryLock(328)) - Lock on /opt/src/hadoop-ozone/integration-test/target/test-dir/MiniOzoneClusterImpl-342f90d5-9d05-40bb-8fb5-a59f6fa82fab/datanode-0/data/ratis/631f593e-1e20-4cc7-bcfa-60d0a330f9e9/in_use.lock acquired by nodename 9975@ozone-build-076618677d3-qdc9g-1178419874
2019-06-15 07:10:47,652 INFO  server.RaftServerConfigKeys (ConfUtils.java:logGet(43)) - raft.server.log.preallocated.size = 16384 (custom)
2019-06-15 07:10:47,655 INFO  server.RaftServerConfigKeys (ConfUtils.java:logGet(43)) - raft.server.log.write.buffer.size = 33554432 (custom)
2019-06-15 07:10:47,656 INFO  server.RaftServerConfigKeys (ConfUtils.java:logGet(43)) - raft.server.log.force.sync.num = 128 (default)
2019-06-15 07:10:47,656 INFO  server.RaftServerConfigKeys (ConfUtils.java:logGet(43)) - raft.server.log.statemachine.data.sync = true (default)
2019-06-15 07:10:47,656 INFO  server.RaftServerConfigKeys (ConfUtils.java:logGet(43)) - raft.server.log.statemachine.data.sync.timeout = 10s (default)
2019-06-15 07:10:47,656 INFO  server.RaftServerConfigKeys (ConfUtils.java:logGet(43)) - raft.server.log.statemachine.data.sync.timeout.retry = -1 (default)
2019-06-15 07:10:47,656 INFO  server.RaftServerConfigKeys (ConfUtils.java:logGet(43)) - raft.server.snapshot.auto.trigger.enabled = true (custom)
2019-06-15 07:10:47,656 INFO  server.RaftServerConfigKeys (ConfUtils.java:logGet(43)) - raft.server.snapshot.auto.trigger.threshold = 10000 (custom)
2019-06-15 07:10:47,657 INFO  server.RaftServerConfigKeys (ConfUtils.java:logGet(43)) - raft.server.retrycache.expirytime = 600000ms (custom)
2019-06-15 07:10:47,657 INFO  impl.RaftServerImpl (RaftServerImpl.java:start(173)) - cd3fe2a6-319f-4e4b-9aa3-91b89f2e726b: start group-60D0A330F9E9
2019-06-15 07:10:47,657 INFO  impl.RaftServerImpl (RaftServerImpl.java:setRole(164)) - cd3fe2a6-319f-4e4b-9aa3-91b89f2e726b:group-60D0A330F9E9 changes role from null to FOLLOWER at term 0 for startAsFollower
2019-06-15 07:10:47,657 INFO  impl.RoleInfo (RoleInfo.java:updateAndGet(143)) - cd3fe2a6-319f-4e4b-9aa3-91b89f2e726b: start FollowerState
2019-06-15 07:10:47,657 INFO  server.RaftServerConfigKeys (ConfUtils.java:logGet(43)) - raft.server.log.statemachine.data.caching.enabled = true (custom)
2019-06-15 07:10:47,658 INFO  storage.RaftStorage (RaftStorage.java:format(75)) - Storage directory /opt/src/hadoop-ozone/integration-test/target/test-dir/MiniOzoneClusterImpl-342f90d5-9d05-40bb-8fb5-a59f6fa82fab/datanode-0/data/ratis/631f593e-1e20-4cc7-bcfa-60d0a330f9e9 has been successfully formatted.
2019-06-15 07:10:47,658 INFO  ratis.ContainerStateMachine (ContainerStateMachine.java:loadSnapshot(199)) - The snapshot info is null.Setting the last applied index to:(t:0, i:~)
2019-06-15 07:10:47,658 INFO  server.RaftServerConfigKeys (ConfUtils.java:logGet(43)) - raft.server.leader.election.timeout = 10s (custom)
2019-06-15 07:10:47,658 INFO  server.RaftServerConfigKeys (ConfUtils.java:logGet(43)) - raft.server.log.use.memory = false (default)
2019-06-15 07:10:47,658 INFO  server.RaftServerConfigKeys (ConfUtils.java:logGet(43)) - raft.server.log.appender.buffer.byte-limit = 33554432 (custom)
2019-06-15 07:10:47,658 INFO  server.RaftServerConfigKeys (ConfUtils.java:logGet(43)) - raft.server.log.segment.size.max = 16384 (custom)
2019-06-15 07:10:47,659 INFO  server.RaftServerConfigKeys (ConfUtils.java:logGet(43)) - raft.server.log.segment.cache.num.max = 2 (custom)
2019-06-15 07:10:47,659 INFO  storage.RaftLogWorker (RaftLogWorker.java:<init>(123)) - new fb69ebbf-443a-4741-a3ff-06405d177dbc-RaftLogWorker for Storage Directory /opt/src/hadoop-ozone/integration-test/target/test-dir/MiniOzoneClusterImpl-342f90d5-9d05-40bb-8fb5-a59f6fa82fab/datanode-0/data/ratis/631f593e-1e20-4cc7-bcfa-60d0a330f9e9
2019-06-15 07:10:47,659 INFO  server.RaftServerConfigKeys (ConfUtils.java:logGet(43)) - raft.server.log.queue.byte-limit = 2147483647 (custom)
2019-06-15 07:10:47,659 INFO  server.RaftServerConfigKeys (ConfUtils.java:logGet(43)) - raft.server.log.queue.element-limit = 1024 (custom)
2019-06-15 07:10:47,659 INFO  server.RaftServerConfigKeys (ConfUtils.java:logGet(43)) - raft.server.log.segment.size.max = 16384 (custom)
2019-06-15 07:10:47,659 INFO  server.RaftServerConfigKeys (ConfUtils.java:logGet(43)) - raft.server.log.preallocated.size = 16384 (custom)
2019-06-15 07:10:47,659 INFO  server.RaftServerConfigKeys (ConfUtils.java:logGet(43)) - raft.server.log.write.buffer.size = 33554432 (custom)
2019-06-15 07:10:47,659 INFO  server.RaftServerConfigKeys (ConfUtils.java:logGet(43)) - raft.server.log.force.sync.num = 128 (default)
2019-06-15 07:10:47,659 INFO  server.RaftServerConfigKeys (ConfUtils.java:logGet(43)) - raft.server.log.statemachine.data.sync = true (default)
2019-06-15 07:10:47,660 INFO  server.RaftServerConfigKeys (ConfUtils.java:logGet(43)) - raft.server.log.statemachine.data.sync.timeout = 10s (default)
2019-06-15 07:10:47,660 INFO  server.RaftServerConfigKeys (ConfUtils.java:logGet(43)) - raft.server.log.statemachine.data.sync.timeout.retry = -1 (default)
2019-06-15 07:10:47,660 INFO  server.RaftServerConfigKeys (ConfUtils.java:logGet(43)) - raft.server.snapshot.auto.trigger.enabled = true (custom)
2019-06-15 07:10:47,660 INFO  server.RaftServerConfigKeys (ConfUtils.java:logGet(43)) - raft.server.snapshot.auto.trigger.threshold = 10000 (custom)
2019-06-15 07:10:47,660 INFO  server.RaftServerConfigKeys (ConfUtils.java:logGet(43)) - raft.server.retrycache.expirytime = 600000ms (custom)
2019-06-15 07:10:47,660 INFO  impl.RaftServerImpl (RaftServerImpl.java:start(173)) - 28984cc4-843c-47c3-a3c2-6901e3f8bf7a: start group-60D0A330F9E9
2019-06-15 07:10:47,660 INFO  impl.RaftServerImpl (RaftServerImpl.java:setRole(164)) - 28984cc4-843c-47c3-a3c2-6901e3f8bf7a:group-60D0A330F9E9 changes role from null to FOLLOWER at term 0 for startAsFollower
2019-06-15 07:10:47,661 INFO  impl.RoleInfo (RoleInfo.java:updateAndGet(143)) - 28984cc4-843c-47c3-a3c2-6901e3f8bf7a: start FollowerState
2019-06-15 07:10:47,661 INFO  util.JmxRegister (JmxRegister.java:tryRegister(44)) - Successfully registered JMX Bean with object name Ratis:service=RaftServer,group=group-60D0A330F9E9,id=cd3fe2a6-319f-4e4b-9aa3-91b89f2e726b
2019-06-15 07:10:47,661 INFO  util.JmxRegister (JmxRegister.java:tryRegister(44)) - Successfully registered JMX Bean with object name Ratis:service=RaftServer,group=group-60D0A330F9E9,id=28984cc4-843c-47c3-a3c2-6901e3f8bf7a
2019-06-15 07:10:47,662 INFO  server.RaftServerConfigKeys (ConfUtils.java:logGet(43)) - raft.server.log.statemachine.data.caching.enabled = true (custom)
2019-06-15 07:10:47,663 INFO  server.RaftServerConfigKeys (ConfUtils.java:logGet(43)) - raft.server.snapshot.auto.trigger.enabled = true (custom)
2019-06-15 07:10:47,663 INFO  server.RaftServerConfigKeys (ConfUtils.java:logGet(43)) - raft.server.snapshot.auto.trigger.threshold = 10000 (custom)
2019-06-15 07:10:47,666 INFO  server.RaftServerConfigKeys (ConfUtils.java:logGet(43)) - raft.server.retrycache.expirytime = 600000ms (custom)
2019-06-15 07:10:47,667 INFO  impl.RaftServerImpl (RaftServerImpl.java:start(173)) - fb69ebbf-443a-4741-a3ff-06405d177dbc: start group-60D0A330F9E9
2019-06-15 07:10:47,667 INFO  impl.RaftServerImpl (RaftServerImpl.java:setRole(164)) - fb69ebbf-443a-4741-a3ff-06405d177dbc:group-60D0A330F9E9 changes role from null to FOLLOWER at term 0 for startAsFollower
2019-06-15 07:10:47,667 INFO  impl.RoleInfo (RoleInfo.java:updateAndGet(143)) - fb69ebbf-443a-4741-a3ff-06405d177dbc: start FollowerState
2019-06-15 07:10:47,667 INFO  util.JmxRegister (JmxRegister.java:tryRegister(44)) - Successfully registered JMX Bean with object name Ratis:service=RaftServer,group=group-60D0A330F9E9,id=fb69ebbf-443a-4741-a3ff-06405d177dbc
2019-06-15 07:10:47,682 INFO  pipeline.PipelineStateManager (PipelineStateManager.java:addPipeline(56)) - Created pipeline Pipeline[ Id: 631f593e-1e20-4cc7-bcfa-60d0a330f9e9, Nodes: 28984cc4-843c-47c3-a3c2-6901e3f8bf7a{ip: 192.168.46.25, host: ozone-build-076618677d3-qdc9g-1178419874, networkLocation: /default-rack, certSerialId: null}cd3fe2a6-319f-4e4b-9aa3-91b89f2e726b{ip: 192.168.46.25, host: ozone-build-076618677d3-qdc9g-1178419874, networkLocation: /default-rack, certSerialId: null}fb69ebbf-443a-4741-a3ff-06405d177dbc{ip: 192.168.46.25, host: ozone-build-076618677d3-qdc9g-1178419874, networkLocation: /default-rack, certSerialId: null}, Type:RATIS, Factor:THREE, State:OPEN]
2019-06-15 07:10:47,703 INFO  node.SCMNodeManager (SCMNodeManager.java:register(269)) - Registered Data node : b950c35d-3e4c-40bc-8043-a839ddbe6074{ip: 192.168.46.25, host: ozone-build-076618677d3-qdc9g-1178419874, networkLocation: /default-rack, certSerialId: null}
2019-06-15 07:10:47,716 INFO  impl.RaftServerProxy (RaftServerProxy.java:addNew(89)) - b950c35d-3e4c-40bc-8043-a839ddbe6074: addNew group-F1E267670317:[b950c35d-3e4c-40bc-8043-a839ddbe6074:192.168.46.25:46547] returns group-F1E267670317:java.util.concurrent.CompletableFuture@1629bbd5[Not completed]
2019-06-15 07:10:47,718 INFO  impl.RaftServerImpl (RaftServerImpl.java:<init>(91)) - b950c35d-3e4c-40bc-8043-a839ddbe6074: new RaftServerImpl for group-F1E267670317:[b950c35d-3e4c-40bc-8043-a839ddbe6074:192.168.46.25:46547] with ContainerStateMachine:uninitialized
2019-06-15 07:10:47,718 INFO  server.RaftServerConfigKeys (ConfUtils.java:logGet(43)) - raft.server.rpc.timeout.min = 1s (custom)
2019-06-15 07:10:47,718 INFO  server.RaftServerConfigKeys (ConfUtils.java:logGet(43)) - raft.server.rpc.timeout.max = 1200ms (custom)
2019-06-15 07:10:47,718 INFO  server.RaftServerConfigKeys (ConfUtils.java:logGet(43)) - raft.server.rpcslowness.timeout = 10s (custom)
2019-06-15 07:10:47,718 INFO  server.RaftServerConfigKeys (ConfUtils.java:logGet(43)) - raft.server.log.appender.install.snapshot.enabled = true (default)
2019-06-15 07:10:47,718 INFO  impl.RaftServerImpl (ServerState.java:<init>(101)) - b950c35d-3e4c-40bc-8043-a839ddbe6074:group-F1E267670317 ConfigurationManager, init=-1: [b950c35d-3e4c-40bc-8043-a839ddbe6074:192.168.46.25:46547], old=null, confs=<EMPTY_MAP>
2019-06-15 07:10:47,718 INFO  server.RaftServerConfigKeys (ConfUtils.java:logGet(43)) - raft.server.storage.dir = [/opt/src/hadoop-ozone/integration-test/target/test-dir/MiniOzoneClusterImpl-342f90d5-9d05-40bb-8fb5-a59f6fa82fab/datanode-4/data/ratis] (custom)
2019-06-15 07:10:47,718 INFO  storage.RaftStorageDirectory (RaftStorageDirectory.java:analyzeStorage(246)) - The storage directory /opt/src/hadoop-ozone/integration-test/target/test-dir/MiniOzoneClusterImpl-342f90d5-9d05-40bb-8fb5-a59f6fa82fab/datanode-4/data/ratis/f5b1f1d9-db32-4874-83e7-f1e267670317 does not exist. Creating ...
2019-06-15 07:10:47,720 INFO  storage.RaftStorageDirectory (RaftStorageDirectory.java:tryLock(328)) - Lock on /opt/src/hadoop-ozone/integration-test/target/test-dir/MiniOzoneClusterImpl-342f90d5-9d05-40bb-8fb5-a59f6fa82fab/datanode-4/data/ratis/f5b1f1d9-db32-4874-83e7-f1e267670317/in_use.lock acquired by nodename 9975@ozone-build-076618677d3-qdc9g-1178419874
2019-06-15 07:10:47,723 INFO  storage.RaftStorage (RaftStorage.java:format(75)) - Storage directory /opt/src/hadoop-ozone/integration-test/target/test-dir/MiniOzoneClusterImpl-342f90d5-9d05-40bb-8fb5-a59f6fa82fab/datanode-4/data/ratis/f5b1f1d9-db32-4874-83e7-f1e267670317 has been successfully formatted.
2019-06-15 07:10:47,723 INFO  ratis.ContainerStateMachine (ContainerStateMachine.java:loadSnapshot(199)) - The snapshot info is null.Setting the last applied index to:(t:0, i:~)
2019-06-15 07:10:47,723 INFO  server.RaftServerConfigKeys (ConfUtils.java:logGet(43)) - raft.server.leader.election.timeout = 10s (custom)
2019-06-15 07:10:47,723 INFO  server.RaftServerConfigKeys (ConfUtils.java:logGet(43)) - raft.server.log.use.memory = false (default)
2019-06-15 07:10:47,723 INFO  server.RaftServerConfigKeys (ConfUtils.java:logGet(43)) - raft.server.log.appender.buffer.byte-limit = 33554432 (custom)
2019-06-15 07:10:47,723 INFO  server.RaftServerConfigKeys (ConfUtils.java:logGet(43)) - raft.server.log.segment.size.max = 16384 (custom)
2019-06-15 07:10:47,723 INFO  server.RaftServerConfigKeys (ConfUtils.java:logGet(43)) - raft.server.log.segment.cache.num.max = 2 (custom)
2019-06-15 07:10:47,723 INFO  storage.RaftLogWorker (RaftLogWorker.java:<init>(123)) - new b950c35d-3e4c-40bc-8043-a839ddbe6074-RaftLogWorker for Storage Directory /opt/src/hadoop-ozone/integration-test/target/test-dir/MiniOzoneClusterImpl-342f90d5-9d05-40bb-8fb5-a59f6fa82fab/datanode-4/data/ratis/f5b1f1d9-db32-4874-83e7-f1e267670317
2019-06-15 07:10:47,724 INFO  server.RaftServerConfigKeys (ConfUtils.java:logGet(43)) - raft.server.log.queue.byte-limit = 2147483647 (custom)
2019-06-15 07:10:47,724 INFO  server.RaftServerConfigKeys (ConfUtils.java:logGet(43)) - raft.server.log.queue.element-limit = 1024 (custom)
2019-06-15 07:10:47,724 INFO  server.RaftServerConfigKeys (ConfUtils.java:logGet(43)) - raft.server.log.segment.size.max = 16384 (custom)
2019-06-15 07:10:47,724 INFO  server.RaftServerConfigKeys (ConfUtils.java:logGet(43)) - raft.server.log.preallocated.size = 16384 (custom)
2019-06-15 07:10:47,724 INFO  server.RaftServerConfigKeys (ConfUtils.java:logGet(43)) - raft.server.log.write.buffer.size = 33554432 (custom)
2019-06-15 07:10:47,724 INFO  server.RaftServerConfigKeys (ConfUtils.java:logGet(43)) - raft.server.log.force.sync.num = 128 (default)
2019-06-15 07:10:47,724 INFO  server.RaftServerConfigKeys (ConfUtils.java:logGet(43)) - raft.server.log.statemachine.data.sync = true (default)
2019-06-15 07:10:47,724 INFO  server.RaftServerConfigKeys (ConfUtils.java:logGet(43)) - raft.server.log.statemachine.data.sync.timeout = 10s (default)
2019-06-15 07:10:47,724 INFO  server.RaftServerConfigKeys (ConfUtils.java:logGet(43)) - raft.server.log.statemachine.data.sync.timeout.retry = -1 (default)
2019-06-15 07:10:47,725 INFO  server.RaftServerConfigKeys (ConfUtils.java:logGet(43)) - raft.server.log.statemachine.data.caching.enabled = true (custom)
2019-06-15 07:10:47,725 INFO  server.RaftServerConfigKeys (ConfUtils.java:logGet(43)) - raft.server.snapshot.auto.trigger.enabled = true (custom)
2019-06-15 07:10:47,725 INFO  server.RaftServerConfigKeys (ConfUtils.java:logGet(43)) - raft.server.snapshot.auto.trigger.threshold = 10000 (custom)
2019-06-15 07:10:47,725 INFO  server.RaftServerConfigKeys (ConfUtils.java:logGet(43)) - raft.server.retrycache.expirytime = 600000ms (custom)
2019-06-15 07:10:47,725 INFO  impl.RaftServerImpl (RaftServerImpl.java:start(173)) - b950c35d-3e4c-40bc-8043-a839ddbe6074: start group-F1E267670317
2019-06-15 07:10:47,725 INFO  impl.RaftServerImpl (RaftServerImpl.java:setRole(164)) - b950c35d-3e4c-40bc-8043-a839ddbe6074:group-F1E267670317 changes role from null to FOLLOWER at term 0 for startAsFollower
2019-06-15 07:10:47,726 INFO  impl.RoleInfo (RoleInfo.java:updateAndGet(143)) - b950c35d-3e4c-40bc-8043-a839ddbe6074: start FollowerState
2019-06-15 07:10:47,726 INFO  util.JmxRegister (JmxRegister.java:tryRegister(44)) - Successfully registered JMX Bean with object name Ratis:service=RaftServer,group=group-F1E267670317,id=b950c35d-3e4c-40bc-8043-a839ddbe6074
2019-06-15 07:10:47,731 INFO  pipeline.PipelineStateManager (PipelineStateManager.java:addPipeline(56)) - Created pipeline Pipeline[ Id: f5b1f1d9-db32-4874-83e7-f1e267670317, Nodes: b950c35d-3e4c-40bc-8043-a839ddbe6074{ip: 192.168.46.25, host: ozone-build-076618677d3-qdc9g-1178419874, networkLocation: /default-rack, certSerialId: null}, Type:RATIS, Factor:ONE, State:OPEN]
2019-06-15 07:10:48,007 INFO  ozone.MiniOzoneClusterImpl (MiniOzoneClusterImpl.java:lambda$waitForClusterToBeReady$0(142)) - Waiting for cluster to be ready. Got 5 of 6 DN Heartbeats.
2019-06-15 07:10:48,037 INFO  node.SCMNodeManager (SCMNodeManager.java:register(269)) - Registered Data node : 41b0b015-55ba-4a13-8517-1a8892e21b2a{ip: 192.168.46.25, host: ozone-build-076618677d3-qdc9g-1178419874, networkLocation: /default-rack, certSerialId: null}
2019-06-15 07:10:48,050 INFO  impl.RaftServerProxy (RaftServerProxy.java:addNew(89)) - 41b0b015-55ba-4a13-8517-1a8892e21b2a: addNew group-189EF8ACADD7:[41b0b015-55ba-4a13-8517-1a8892e21b2a:192.168.46.25:32995] returns group-189EF8ACADD7:java.util.concurrent.CompletableFuture@560118d3[Not completed]
2019-06-15 07:10:48,051 INFO  impl.RaftServerImpl (RaftServerImpl.java:<init>(91)) - 41b0b015-55ba-4a13-8517-1a8892e21b2a: new RaftServerImpl for group-189EF8ACADD7:[41b0b015-55ba-4a13-8517-1a8892e21b2a:192.168.46.25:32995] with ContainerStateMachine:uninitialized
2019-06-15 07:10:48,051 INFO  server.RaftServerConfigKeys (ConfUtils.java:logGet(43)) - raft.server.rpc.timeout.min = 1s (custom)
2019-06-15 07:10:48,051 INFO  server.RaftServerConfigKeys (ConfUtils.java:logGet(43)) - raft.server.rpc.timeout.max = 1200ms (custom)
2019-06-15 07:10:48,051 INFO  server.RaftServerConfigKeys (ConfUtils.java:logGet(43)) - raft.server.rpcslowness.timeout = 10s (custom)
2019-06-15 07:10:48,051 INFO  server.RaftServerConfigKeys (ConfUtils.java:logGet(43)) - raft.server.log.appender.install.snapshot.enabled = true (default)
2019-06-15 07:10:48,051 INFO  impl.RaftServerImpl (ServerState.java:<init>(101)) - 41b0b015-55ba-4a13-8517-1a8892e21b2a:group-189EF8ACADD7 ConfigurationManager, init=-1: [41b0b015-55ba-4a13-8517-1a8892e21b2a:192.168.46.25:32995], old=null, confs=<EMPTY_MAP>
2019-06-15 07:10:48,051 INFO  server.RaftServerConfigKeys (ConfUtils.java:logGet(43)) - raft.server.storage.dir = [/opt/src/hadoop-ozone/integration-test/target/test-dir/MiniOzoneClusterImpl-342f90d5-9d05-40bb-8fb5-a59f6fa82fab/datanode-5/data/ratis] (custom)
2019-06-15 07:10:48,052 INFO  storage.RaftStorageDirectory (RaftStorageDirectory.java:analyzeStorage(246)) - The storage directory /opt/src/hadoop-ozone/integration-test/target/test-dir/MiniOzoneClusterImpl-342f90d5-9d05-40bb-8fb5-a59f6fa82fab/datanode-5/data/ratis/4d03567c-689e-40ba-b3c6-189ef8acadd7 does not exist. Creating ...
2019-06-15 07:10:48,054 INFO  storage.RaftStorageDirectory (RaftStorageDirectory.java:tryLock(328)) - Lock on /opt/src/hadoop-ozone/integration-test/target/test-dir/MiniOzoneClusterImpl-342f90d5-9d05-40bb-8fb5-a59f6fa82fab/datanode-5/data/ratis/4d03567c-689e-40ba-b3c6-189ef8acadd7/in_use.lock acquired by nodename 9975@ozone-build-076618677d3-qdc9g-1178419874
2019-06-15 07:10:48,056 INFO  storage.RaftStorage (RaftStorage.java:format(75)) - Storage directory /opt/src/hadoop-ozone/integration-test/target/test-dir/MiniOzoneClusterImpl-342f90d5-9d05-40bb-8fb5-a59f6fa82fab/datanode-5/data/ratis/4d03567c-689e-40ba-b3c6-189ef8acadd7 has been successfully formatted.
2019-06-15 07:10:48,056 INFO  ratis.ContainerStateMachine (ContainerStateMachine.java:loadSnapshot(199)) - The snapshot info is null.Setting the last applied index to:(t:0, i:~)
2019-06-15 07:10:48,056 INFO  server.RaftServerConfigKeys (ConfUtils.java:logGet(43)) - raft.server.leader.election.timeout = 10s (custom)
2019-06-15 07:10:48,057 INFO  server.RaftServerConfigKeys (ConfUtils.java:logGet(43)) - raft.server.log.use.memory = false (default)
2019-06-15 07:10:48,057 INFO  server.RaftServerConfigKeys (ConfUtils.java:logGet(43)) - raft.server.log.appender.buffer.byte-limit = 33554432 (custom)
2019-06-15 07:10:48,057 INFO  server.RaftServerConfigKeys (ConfUtils.java:logGet(43)) - raft.server.log.segment.size.max = 16384 (custom)
2019-06-15 07:10:48,057 INFO  server.RaftServerConfigKeys (ConfUtils.java:logGet(43)) - raft.server.log.segment.cache.num.max = 2 (custom)
2019-06-15 07:10:48,057 INFO  storage.RaftLogWorker (RaftLogWorker.java:<init>(123)) - new 41b0b015-55ba-4a13-8517-1a8892e21b2a-RaftLogWorker for Storage Directory /opt/src/hadoop-ozone/integration-test/target/test-dir/MiniOzoneClusterImpl-342f90d5-9d05-40bb-8fb5-a59f6fa82fab/datanode-5/data/ratis/4d03567c-689e-40ba-b3c6-189ef8acadd7
2019-06-15 07:10:48,057 INFO  server.RaftServerConfigKeys (ConfUtils.java:logGet(43)) - raft.server.log.queue.byte-limit = 2147483647 (custom)
2019-06-15 07:10:48,057 INFO  server.RaftServerConfigKeys (ConfUtils.java:logGet(43)) - raft.server.log.queue.element-limit = 1024 (custom)
2019-06-15 07:10:48,057 INFO  server.RaftServerConfigKeys (ConfUtils.java:logGet(43)) - raft.server.log.segment.size.max = 16384 (custom)
2019-06-15 07:10:48,057 INFO  server.RaftServerConfigKeys (ConfUtils.java:logGet(43)) - raft.server.log.preallocated.size = 16384 (custom)
2019-06-15 07:10:48,058 INFO  server.RaftServerConfigKeys (ConfUtils.java:logGet(43)) - raft.server.log.write.buffer.size = 33554432 (custom)
2019-06-15 07:10:48,058 INFO  server.RaftServerConfigKeys (ConfUtils.java:logGet(43)) - raft.server.log.force.sync.num = 128 (default)
2019-06-15 07:10:48,058 INFO  server.RaftServerConfigKeys (ConfUtils.java:logGet(43)) - raft.server.log.statemachine.data.sync = true (default)
2019-06-15 07:10:48,058 INFO  server.RaftServerConfigKeys (ConfUtils.java:logGet(43)) - raft.server.log.statemachine.data.sync.timeout = 10s (default)
2019-06-15 07:10:48,058 INFO  server.RaftServerConfigKeys (ConfUtils.java:logGet(43)) - raft.server.log.statemachine.data.sync.timeout.retry = -1 (default)
2019-06-15 07:10:48,058 INFO  server.RaftServerConfigKeys (ConfUtils.java:logGet(43)) - raft.server.log.statemachine.data.caching.enabled = true (custom)
2019-06-15 07:10:48,058 INFO  server.RaftServerConfigKeys (ConfUtils.java:logGet(43)) - raft.server.snapshot.auto.trigger.enabled = true (custom)
2019-06-15 07:10:48,059 INFO  server.RaftServerConfigKeys (ConfUtils.java:logGet(43)) - raft.server.snapshot.auto.trigger.threshold = 10000 (custom)
2019-06-15 07:10:48,059 INFO  server.RaftServerConfigKeys (ConfUtils.java:logGet(43)) - raft.server.retrycache.expirytime = 600000ms (custom)
2019-06-15 07:10:48,059 INFO  impl.RaftServerImpl (RaftServerImpl.java:start(173)) - 41b0b015-55ba-4a13-8517-1a8892e21b2a: start group-189EF8ACADD7
2019-06-15 07:10:48,059 INFO  impl.RaftServerImpl (RaftServerImpl.java:setRole(164)) - 41b0b015-55ba-4a13-8517-1a8892e21b2a:group-189EF8ACADD7 changes role from null to FOLLOWER at term 0 for startAsFollower
2019-06-15 07:10:48,059 INFO  impl.RoleInfo (RoleInfo.java:updateAndGet(143)) - 41b0b015-55ba-4a13-8517-1a8892e21b2a: start FollowerState
2019-06-15 07:10:48,060 INFO  util.JmxRegister (JmxRegister.java:tryRegister(44)) - Successfully registered JMX Bean with object name Ratis:service=RaftServer,group=group-189EF8ACADD7,id=41b0b015-55ba-4a13-8517-1a8892e21b2a
2019-06-15 07:10:48,067 INFO  pipeline.PipelineStateManager (PipelineStateManager.java:addPipeline(56)) - Created pipeline Pipeline[ Id: 4d03567c-689e-40ba-b3c6-189ef8acadd7, Nodes: 41b0b015-55ba-4a13-8517-1a8892e21b2a{ip: 192.168.46.25, host: ozone-build-076618677d3-qdc9g-1178419874, networkLocation: /default-rack, certSerialId: null}, Type:RATIS, Factor:ONE, State:OPEN]
2019-06-15 07:10:48,087 INFO  impl.RaftServerProxy (RaftServerProxy.java:addNew(89)) - 9ebe862b-1744-4954-bf43-e9de9800cbe3: addNew group-1D25B2B6AD74:[b950c35d-3e4c-40bc-8043-a839ddbe6074:192.168.46.25:46547, 41b0b015-55ba-4a13-8517-1a8892e21b2a:192.168.46.25:32995, 9ebe862b-1744-4954-bf43-e9de9800cbe3:192.168.46.25:41003] returns group-1D25B2B6AD74:java.util.concurrent.CompletableFuture@3b4e8f42[Not completed]
2019-06-15 07:10:48,087 INFO  impl.RaftServerProxy (RaftServerProxy.java:addNew(89)) - b950c35d-3e4c-40bc-8043-a839ddbe6074: addNew group-1D25B2B6AD74:[b950c35d-3e4c-40bc-8043-a839ddbe6074:192.168.46.25:46547, 41b0b015-55ba-4a13-8517-1a8892e21b2a:192.168.46.25:32995, 9ebe862b-1744-4954-bf43-e9de9800cbe3:192.168.46.25:41003] returns group-1D25B2B6AD74:java.util.concurrent.CompletableFuture@6c4f3cf7[Not completed]
2019-06-15 07:10:48,088 INFO  impl.RaftServerProxy (RaftServerProxy.java:addNew(89)) - 41b0b015-55ba-4a13-8517-1a8892e21b2a: addNew group-1D25B2B6AD74:[b950c35d-3e4c-40bc-8043-a839ddbe6074:192.168.46.25:46547, 41b0b015-55ba-4a13-8517-1a8892e21b2a:192.168.46.25:32995, 9ebe862b-1744-4954-bf43-e9de9800cbe3:192.168.46.25:41003] returns group-1D25B2B6AD74:java.util.concurrent.CompletableFuture@3f710cf3[Not completed]
2019-06-15 07:10:48,088 INFO  impl.RaftServerImpl (RaftServerImpl.java:<init>(91)) - 9ebe862b-1744-4954-bf43-e9de9800cbe3: new RaftServerImpl for group-1D25B2B6AD74:[b950c35d-3e4c-40bc-8043-a839ddbe6074:192.168.46.25:46547, 41b0b015-55ba-4a13-8517-1a8892e21b2a:192.168.46.25:32995, 9ebe862b-1744-4954-bf43-e9de9800cbe3:192.168.46.25:41003] with ContainerStateMachine:uninitialized
2019-06-15 07:10:48,088 INFO  server.RaftServerConfigKeys (ConfUtils.java:logGet(43)) - raft.server.rpc.timeout.min = 1s (custom)
2019-06-15 07:10:48,089 INFO  impl.RaftServerImpl (RaftServerImpl.java:<init>(91)) - b950c35d-3e4c-40bc-8043-a839ddbe6074: new RaftServerImpl for group-1D25B2B6AD74:[b950c35d-3e4c-40bc-8043-a839ddbe6074:192.168.46.25:46547, 41b0b015-55ba-4a13-8517-1a8892e21b2a:192.168.46.25:32995, 9ebe862b-1744-4954-bf43-e9de9800cbe3:192.168.46.25:41003] with ContainerStateMachine:uninitialized
2019-06-15 07:10:48,089 INFO  server.RaftServerConfigKeys (ConfUtils.java:logGet(43)) - raft.server.rpc.timeout.min = 1s (custom)
2019-06-15 07:10:48,089 INFO  server.RaftServerConfigKeys (ConfUtils.java:logGet(43)) - raft.server.rpc.timeout.max = 1200ms (custom)
2019-06-15 07:10:48,089 INFO  server.RaftServerConfigKeys (ConfUtils.java:logGet(43)) - raft.server.rpcslowness.timeout = 10s (custom)
2019-06-15 07:10:48,089 INFO  server.RaftServerConfigKeys (ConfUtils.java:logGet(43)) - raft.server.log.appender.install.snapshot.enabled = true (default)
2019-06-15 07:10:48,089 INFO  impl.RaftServerImpl (ServerState.java:<init>(101)) - b950c35d-3e4c-40bc-8043-a839ddbe6074:group-1D25B2B6AD74 ConfigurationManager, init=-1: [b950c35d-3e4c-40bc-8043-a839ddbe6074:192.168.46.25:46547, 41b0b015-55ba-4a13-8517-1a8892e21b2a:192.168.46.25:32995, 9ebe862b-1744-4954-bf43-e9de9800cbe3:192.168.46.25:41003], old=null, confs=<EMPTY_MAP>
2019-06-15 07:10:48,089 INFO  server.RaftServerConfigKeys (ConfUtils.java:logGet(43)) - raft.server.storage.dir = [/opt/src/hadoop-ozone/integration-test/target/test-dir/MiniOzoneClusterImpl-342f90d5-9d05-40bb-8fb5-a59f6fa82fab/datanode-4/data/ratis] (custom)
2019-06-15 07:10:48,090 INFO  storage.RaftStorageDirectory (RaftStorageDirectory.java:analyzeStorage(246)) - The storage directory /opt/src/hadoop-ozone/integration-test/target/test-dir/MiniOzoneClusterImpl-342f90d5-9d05-40bb-8fb5-a59f6fa82fab/datanode-4/data/ratis/2513dc18-4f5e-4a92-aa2c-1d25b2b6ad74 does not exist. Creating ...
2019-06-15 07:10:48,089 INFO  server.RaftServerConfigKeys (ConfUtils.java:logGet(43)) - raft.server.rpc.timeout.max = 1200ms (custom)
2019-06-15 07:10:48,089 INFO  impl.RaftServerImpl (RaftServerImpl.java:<init>(91)) - 41b0b015-55ba-4a13-8517-1a8892e21b2a: new RaftServerImpl for group-1D25B2B6AD74:[b950c35d-3e4c-40bc-8043-a839ddbe6074:192.168.46.25:46547, 41b0b015-55ba-4a13-8517-1a8892e21b2a:192.168.46.25:32995, 9ebe862b-1744-4954-bf43-e9de9800cbe3:192.168.46.25:41003] with ContainerStateMachine:uninitialized
2019-06-15 07:10:48,090 INFO  server.RaftServerConfigKeys (ConfUtils.java:logGet(43)) - raft.server.rpcslowness.timeout = 10s (custom)
2019-06-15 07:10:48,090 INFO  server.RaftServerConfigKeys (ConfUtils.java:logGet(43)) - raft.server.log.appender.install.snapshot.enabled = true (default)
2019-06-15 07:10:48,090 INFO  impl.RaftServerImpl (ServerState.java:<init>(101)) - 9ebe862b-1744-4954-bf43-e9de9800cbe3:group-1D25B2B6AD74 ConfigurationManager, init=-1: [b950c35d-3e4c-40bc-8043-a839ddbe6074:192.168.46.25:46547, 41b0b015-55ba-4a13-8517-1a8892e21b2a:192.168.46.25:32995, 9ebe862b-1744-4954-bf43-e9de9800cbe3:192.168.46.25:41003], old=null, confs=<EMPTY_MAP>
2019-06-15 07:10:48,090 INFO  server.RaftServerConfigKeys (ConfUtils.java:logGet(43)) - raft.server.storage.dir = [/opt/src/hadoop-ozone/integration-test/target/test-dir/MiniOzoneClusterImpl-342f90d5-9d05-40bb-8fb5-a59f6fa82fab/datanode-2/data/ratis] (custom)
2019-06-15 07:10:48,091 INFO  storage.RaftStorageDirectory (RaftStorageDirectory.java:analyzeStorage(246)) - The storage directory /opt/src/hadoop-ozone/integration-test/target/test-dir/MiniOzoneClusterImpl-342f90d5-9d05-40bb-8fb5-a59f6fa82fab/datanode-2/data/ratis/2513dc18-4f5e-4a92-aa2c-1d25b2b6ad74 does not exist. Creating ...
2019-06-15 07:10:48,091 INFO  server.RaftServerConfigKeys (ConfUtils.java:logGet(43)) - raft.server.rpc.timeout.min = 1s (custom)
2019-06-15 07:10:48,091 INFO  server.RaftServerConfigKeys (ConfUtils.java:logGet(43)) - raft.server.rpc.timeout.max = 1200ms (custom)
2019-06-15 07:10:48,091 INFO  server.RaftServerConfigKeys (ConfUtils.java:logGet(43)) - raft.server.rpcslowness.timeout = 10s (custom)
2019-06-15 07:10:48,091 INFO  server.RaftServerConfigKeys (ConfUtils.java:logGet(43)) - raft.server.log.appender.install.snapshot.enabled = true (default)
2019-06-15 07:10:48,092 INFO  impl.RaftServerImpl (ServerState.java:<init>(101)) - 41b0b015-55ba-4a13-8517-1a8892e21b2a:group-1D25B2B6AD74 ConfigurationManager, init=-1: [b950c35d-3e4c-40bc-8043-a839ddbe6074:192.168.46.25:46547, 41b0b015-55ba-4a13-8517-1a8892e21b2a:192.168.46.25:32995, 9ebe862b-1744-4954-bf43-e9de9800cbe3:192.168.46.25:41003], old=null, confs=<EMPTY_MAP>
2019-06-15 07:10:48,092 INFO  storage.RaftStorageDirectory (RaftStorageDirectory.java:tryLock(328)) - Lock on /opt/src/hadoop-ozone/integration-test/target/test-dir/MiniOzoneClusterImpl-342f90d5-9d05-40bb-8fb5-a59f6fa82fab/datanode-4/data/ratis/2513dc18-4f5e-4a92-aa2c-1d25b2b6ad74/in_use.lock acquired by nodename 9975@ozone-build-076618677d3-qdc9g-1178419874
2019-06-15 07:10:48,092 INFO  server.RaftServerConfigKeys (ConfUtils.java:logGet(43)) - raft.server.storage.dir = [/opt/src/hadoop-ozone/integration-test/target/test-dir/MiniOzoneClusterImpl-342f90d5-9d05-40bb-8fb5-a59f6fa82fab/datanode-5/data/ratis] (custom)
2019-06-15 07:10:48,092 INFO  storage.RaftStorageDirectory (RaftStorageDirectory.java:analyzeStorage(246)) - The storage directory /opt/src/hadoop-ozone/integration-test/target/test-dir/MiniOzoneClusterImpl-342f90d5-9d05-40bb-8fb5-a59f6fa82fab/datanode-5/data/ratis/2513dc18-4f5e-4a92-aa2c-1d25b2b6ad74 does not exist. Creating ...
2019-06-15 07:10:48,093 INFO  storage.RaftStorageDirectory (RaftStorageDirectory.java:tryLock(328)) - Lock on /opt/src/hadoop-ozone/integration-test/target/test-dir/MiniOzoneClusterImpl-342f90d5-9d05-40bb-8fb5-a59f6fa82fab/datanode-2/data/ratis/2513dc18-4f5e-4a92-aa2c-1d25b2b6ad74/in_use.lock acquired by nodename 9975@ozone-build-076618677d3-qdc9g-1178419874
2019-06-15 07:10:48,094 INFO  storage.RaftStorageDirectory (RaftStorageDirectory.java:tryLock(328)) - Lock on /opt/src/hadoop-ozone/integration-test/target/test-dir/MiniOzoneClusterImpl-342f90d5-9d05-40bb-8fb5-a59f6fa82fab/datanode-5/data/ratis/2513dc18-4f5e-4a92-aa2c-1d25b2b6ad74/in_use.lock acquired by nodename 9975@ozone-build-076618677d3-qdc9g-1178419874
2019-06-15 07:10:48,094 INFO  storage.RaftStorage (RaftStorage.java:format(75)) - Storage directory /opt/src/hadoop-ozone/integration-test/target/test-dir/MiniOzoneClusterImpl-342f90d5-9d05-40bb-8fb5-a59f6fa82fab/datanode-4/data/ratis/2513dc18-4f5e-4a92-aa2c-1d25b2b6ad74 has been successfully formatted.
2019-06-15 07:10:48,095 INFO  ratis.ContainerStateMachine (ContainerStateMachine.java:loadSnapshot(199)) - The snapshot info is null.Setting the last applied index to:(t:0, i:~)
2019-06-15 07:10:48,095 INFO  server.RaftServerConfigKeys (ConfUtils.java:logGet(43)) - raft.server.leader.election.timeout = 10s (custom)
2019-06-15 07:10:48,095 INFO  server.RaftServerConfigKeys (ConfUtils.java:logGet(43)) - raft.server.log.use.memory = false (default)
2019-06-15 07:10:48,095 INFO  server.RaftServerConfigKeys (ConfUtils.java:logGet(43)) - raft.server.log.appender.buffer.byte-limit = 33554432 (custom)
2019-06-15 07:10:48,095 INFO  server.RaftServerConfigKeys (ConfUtils.java:logGet(43)) - raft.server.log.segment.size.max = 16384 (custom)
2019-06-15 07:10:48,095 INFO  server.RaftServerConfigKeys (ConfUtils.java:logGet(43)) - raft.server.log.segment.cache.num.max = 2 (custom)
2019-06-15 07:10:48,095 INFO  storage.RaftLogWorker (RaftLogWorker.java:<init>(123)) - new b950c35d-3e4c-40bc-8043-a839ddbe6074-RaftLogWorker for Storage Directory /opt/src/hadoop-ozone/integration-test/target/test-dir/MiniOzoneClusterImpl-342f90d5-9d05-40bb-8fb5-a59f6fa82fab/datanode-4/data/ratis/2513dc18-4f5e-4a92-aa2c-1d25b2b6ad74
2019-06-15 07:10:48,095 INFO  server.RaftServerConfigKeys (ConfUtils.java:logGet(43)) - raft.server.log.queue.byte-limit = 2147483647 (custom)
2019-06-15 07:10:48,096 INFO  server.RaftServerConfigKeys (ConfUtils.java:logGet(43)) - raft.server.log.queue.element-limit = 1024 (custom)
2019-06-15 07:10:48,096 INFO  server.RaftServerConfigKeys (ConfUtils.java:logGet(43)) - raft.server.log.segment.size.max = 16384 (custom)
2019-06-15 07:10:48,096 INFO  server.RaftServerConfigKeys (ConfUtils.java:logGet(43)) - raft.server.log.preallocated.size = 16384 (custom)
2019-06-15 07:10:48,096 INFO  server.RaftServerConfigKeys (ConfUtils.java:logGet(43)) - raft.server.log.write.buffer.size = 33554432 (custom)
2019-06-15 07:10:48,096 INFO  server.RaftServerConfigKeys (ConfUtils.java:logGet(43)) - raft.server.log.force.sync.num = 128 (default)
2019-06-15 07:10:48,096 INFO  server.RaftServerConfigKeys (ConfUtils.java:logGet(43)) - raft.server.log.statemachine.data.sync = true (default)
2019-06-15 07:10:48,096 INFO  server.RaftServerConfigKeys (ConfUtils.java:logGet(43)) - raft.server.log.statemachine.data.sync.timeout = 10s (default)
2019-06-15 07:10:48,096 INFO  server.RaftServerConfigKeys (ConfUtils.java:logGet(43)) - raft.server.log.statemachine.data.sync.timeout.retry = -1 (default)
2019-06-15 07:10:48,096 INFO  server.RaftServerConfigKeys (ConfUtils.java:logGet(43)) - raft.server.log.statemachine.data.caching.enabled = true (custom)
2019-06-15 07:10:48,097 INFO  server.RaftServerConfigKeys (ConfUtils.java:logGet(43)) - raft.server.snapshot.auto.trigger.enabled = true (custom)
2019-06-15 07:10:48,097 INFO  server.RaftServerConfigKeys (ConfUtils.java:logGet(43)) - raft.server.snapshot.auto.trigger.threshold = 10000 (custom)
2019-06-15 07:10:48,097 INFO  storage.RaftStorage (RaftStorage.java:format(75)) - Storage directory /opt/src/hadoop-ozone/integration-test/target/test-dir/MiniOzoneClusterImpl-342f90d5-9d05-40bb-8fb5-a59f6fa82fab/datanode-2/data/ratis/2513dc18-4f5e-4a92-aa2c-1d25b2b6ad74 has been successfully formatted.
2019-06-15 07:10:48,097 INFO  ratis.ContainerStateMachine (ContainerStateMachine.java:loadSnapshot(199)) - The snapshot info is null.Setting the last applied index to:(t:0, i:~)
2019-06-15 07:10:48,097 INFO  server.RaftServerConfigKeys (ConfUtils.java:logGet(43)) - raft.server.leader.election.timeout = 10s (custom)
2019-06-15 07:10:48,097 INFO  server.RaftServerConfigKeys (ConfUtils.java:logGet(43)) - raft.server.log.use.memory = false (default)
2019-06-15 07:10:48,097 INFO  server.RaftServerConfigKeys (ConfUtils.java:logGet(43)) - raft.server.log.appender.buffer.byte-limit = 33554432 (custom)
2019-06-15 07:10:48,098 INFO  server.RaftServerConfigKeys (ConfUtils.java:logGet(43)) - raft.server.log.segment.size.max = 16384 (custom)
2019-06-15 07:10:48,098 INFO  server.RaftServerConfigKeys (ConfUtils.java:logGet(43)) - raft.server.log.segment.cache.num.max = 2 (custom)
2019-06-15 07:10:48,098 INFO  storage.RaftLogWorker (RaftLogWorker.java:<init>(123)) - new 9ebe862b-1744-4954-bf43-e9de9800cbe3-RaftLogWorker for Storage Directory /opt/src/hadoop-ozone/integration-test/target/test-dir/MiniOzoneClusterImpl-342f90d5-9d05-40bb-8fb5-a59f6fa82fab/datanode-2/data/ratis/2513dc18-4f5e-4a92-aa2c-1d25b2b6ad74
2019-06-15 07:10:48,098 INFO  server.RaftServerConfigKeys (ConfUtils.java:logGet(43)) - raft.server.log.queue.byte-limit = 2147483647 (custom)
2019-06-15 07:10:48,098 INFO  server.RaftServerConfigKeys (ConfUtils.java:logGet(43)) - raft.server.log.queue.element-limit = 1024 (custom)
2019-06-15 07:10:48,098 INFO  server.RaftServerConfigKeys (ConfUtils.java:logGet(43)) - raft.server.log.segment.size.max = 16384 (custom)
2019-06-15 07:10:48,098 INFO  server.RaftServerConfigKeys (ConfUtils.java:logGet(43)) - raft.server.log.preallocated.size = 16384 (custom)
2019-06-15 07:10:48,098 INFO  server.RaftServerConfigKeys (ConfUtils.java:logGet(43)) - raft.server.log.write.buffer.size = 33554432 (custom)
2019-06-15 07:10:48,098 INFO  server.RaftServerConfigKeys (ConfUtils.java:logGet(43)) - raft.server.log.force.sync.num = 128 (default)
2019-06-15 07:10:48,098 INFO  server.RaftServerConfigKeys (ConfUtils.java:logGet(43)) - raft.server.log.statemachine.data.sync = true (default)
2019-06-15 07:10:48,098 INFO  server.RaftServerConfigKeys (ConfUtils.java:logGet(43)) - raft.server.log.statemachine.data.sync.timeout = 10s (default)
2019-06-15 07:10:48,098 INFO  server.RaftServerConfigKeys (ConfUtils.java:logGet(43)) - raft.server.log.statemachine.data.sync.timeout.retry = -1 (default)
2019-06-15 07:10:48,099 INFO  server.RaftServerConfigKeys (ConfUtils.java:logGet(43)) - raft.server.log.statemachine.data.caching.enabled = true (custom)
2019-06-15 07:10:48,097 INFO  storage.RaftStorage (RaftStorage.java:format(75)) - Storage directory /opt/src/hadoop-ozone/integration-test/target/test-dir/MiniOzoneClusterImpl-342f90d5-9d05-40bb-8fb5-a59f6fa82fab/datanode-5/data/ratis/2513dc18-4f5e-4a92-aa2c-1d25b2b6ad74 has been successfully formatted.
2019-06-15 07:10:48,099 INFO  server.RaftServerConfigKeys (ConfUtils.java:logGet(43)) - raft.server.snapshot.auto.trigger.enabled = true (custom)
2019-06-15 07:10:48,099 INFO  server.RaftServerConfigKeys (ConfUtils.java:logGet(43)) - raft.server.snapshot.auto.trigger.threshold = 10000 (custom)
2019-06-15 07:10:48,097 INFO  server.RaftServerConfigKeys (ConfUtils.java:logGet(43)) - raft.server.retrycache.expirytime = 600000ms (custom)
2019-06-15 07:10:48,099 INFO  impl.RaftServerImpl (RaftServerImpl.java:start(173)) - b950c35d-3e4c-40bc-8043-a839ddbe6074: start group-1D25B2B6AD74
2019-06-15 07:10:48,099 INFO  impl.RaftServerImpl (RaftServerImpl.java:setRole(164)) - b950c35d-3e4c-40bc-8043-a839ddbe6074:group-1D25B2B6AD74 changes role from null to FOLLOWER at term 0 for startAsFollower
2019-06-15 07:10:48,099 INFO  impl.RoleInfo (RoleInfo.java:updateAndGet(143)) - b950c35d-3e4c-40bc-8043-a839ddbe6074: start FollowerState
2019-06-15 07:10:48,099 INFO  server.RaftServerConfigKeys (ConfUtils.java:logGet(43)) - raft.server.retrycache.expirytime = 600000ms (custom)
2019-06-15 07:10:48,100 INFO  util.JmxRegister (JmxRegister.java:tryRegister(44)) - Successfully registered JMX Bean with object name Ratis:service=RaftServer,group=group-1D25B2B6AD74,id=b950c35d-3e4c-40bc-8043-a839ddbe6074
2019-06-15 07:10:48,099 INFO  ratis.ContainerStateMachine (ContainerStateMachine.java:loadSnapshot(199)) - The snapshot info is null.Setting the last applied index to:(t:0, i:~)
2019-06-15 07:10:48,100 INFO  impl.RaftServerImpl (RaftServerImpl.java:start(173)) - 9ebe862b-1744-4954-bf43-e9de9800cbe3: start group-1D25B2B6AD74
2019-06-15 07:10:48,100 INFO  impl.RaftServerImpl (RaftServerImpl.java:setRole(164)) - 9ebe862b-1744-4954-bf43-e9de9800cbe3:group-1D25B2B6AD74 changes role from null to FOLLOWER at term 0 for startAsFollower
2019-06-15 07:10:48,100 INFO  server.RaftServerConfigKeys (ConfUtils.java:logGet(43)) - raft.server.leader.election.timeout = 10s (custom)
2019-06-15 07:10:48,101 INFO  server.RaftServerConfigKeys (ConfUtils.java:logGet(43)) - raft.server.log.use.memory = false (default)
2019-06-15 07:10:48,101 INFO  server.RaftServerConfigKeys (ConfUtils.java:logGet(43)) - raft.server.log.appender.buffer.byte-limit = 33554432 (custom)
2019-06-15 07:10:48,101 INFO  server.RaftServerConfigKeys (ConfUtils.java:logGet(43)) - raft.server.log.segment.size.max = 16384 (custom)
2019-06-15 07:10:48,101 INFO  server.RaftServerConfigKeys (ConfUtils.java:logGet(43)) - raft.server.log.segment.cache.num.max = 2 (custom)
2019-06-15 07:10:48,101 INFO  storage.RaftLogWorker (RaftLogWorker.java:<init>(123)) - new 41b0b015-55ba-4a13-8517-1a8892e21b2a-RaftLogWorker for Storage Directory /opt/src/hadoop-ozone/integration-test/target/test-dir/MiniOzoneClusterImpl-342f90d5-9d05-40bb-8fb5-a59f6fa82fab/datanode-5/data/ratis/2513dc18-4f5e-4a92-aa2c-1d25b2b6ad74
2019-06-15 07:10:48,101 INFO  server.RaftServerConfigKeys (ConfUtils.java:logGet(43)) - raft.server.log.queue.byte-limit = 2147483647 (custom)
2019-06-15 07:10:48,101 INFO  server.RaftServerConfigKeys (ConfUtils.java:logGet(43)) - raft.server.log.queue.element-limit = 1024 (custom)
2019-06-15 07:10:48,101 INFO  server.RaftServerConfigKeys (ConfUtils.java:logGet(43)) - raft.server.log.segment.size.max = 16384 (custom)
2019-06-15 07:10:48,102 INFO  server.RaftServerConfigKeys (ConfUtils.java:logGet(43)) - raft.server.log.preallocated.size = 16384 (custom)
2019-06-15 07:10:48,102 INFO  server.RaftServerConfigKeys (ConfUtils.java:logGet(43)) - raft.server.log.write.buffer.size = 33554432 (custom)
2019-06-15 07:10:48,102 INFO  server.RaftServerConfigKeys (ConfUtils.java:logGet(43)) - raft.server.log.force.sync.num = 128 (default)
2019-06-15 07:10:48,102 INFO  server.RaftServerConfigKeys (ConfUtils.java:logGet(43)) - raft.server.log.statemachine.data.sync = true (default)
2019-06-15 07:10:48,102 INFO  server.RaftServerConfigKeys (ConfUtils.java:logGet(43)) - raft.server.log.statemachine.data.sync.timeout = 10s (default)
2019-06-15 07:10:48,102 INFO  server.RaftServerConfigKeys (ConfUtils.java:logGet(43)) - raft.server.log.statemachine.data.sync.timeout.retry = -1 (default)
2019-06-15 07:10:48,109 INFO  impl.RoleInfo (RoleInfo.java:updateAndGet(143)) - 9ebe862b-1744-4954-bf43-e9de9800cbe3: start FollowerState
2019-06-15 07:10:48,110 INFO  server.RaftServerConfigKeys (ConfUtils.java:logGet(43)) - raft.server.log.statemachine.data.caching.enabled = true (custom)
2019-06-15 07:10:48,110 INFO  util.JmxRegister (JmxRegister.java:tryRegister(44)) - Successfully registered JMX Bean with object name Ratis:service=RaftServer,group=group-1D25B2B6AD74,id=9ebe862b-1744-4954-bf43-e9de9800cbe3
2019-06-15 07:10:48,113 INFO  server.RaftServerConfigKeys (ConfUtils.java:logGet(43)) - raft.server.snapshot.auto.trigger.enabled = true (custom)
2019-06-15 07:10:48,114 INFO  server.RaftServerConfigKeys (ConfUtils.java:logGet(43)) - raft.server.snapshot.auto.trigger.threshold = 10000 (custom)
2019-06-15 07:10:48,128 INFO  server.RaftServerConfigKeys (ConfUtils.java:logGet(43)) - raft.server.retrycache.expirytime = 600000ms (custom)
2019-06-15 07:10:48,128 INFO  impl.RaftServerImpl (RaftServerImpl.java:start(173)) - 41b0b015-55ba-4a13-8517-1a8892e21b2a: start group-1D25B2B6AD74
2019-06-15 07:10:48,128 INFO  impl.RaftServerImpl (RaftServerImpl.java:setRole(164)) - 41b0b015-55ba-4a13-8517-1a8892e21b2a:group-1D25B2B6AD74 changes role from null to FOLLOWER at term 0 for startAsFollower
2019-06-15 07:10:48,128 INFO  impl.RoleInfo (RoleInfo.java:updateAndGet(143)) - 41b0b015-55ba-4a13-8517-1a8892e21b2a: start FollowerState
2019-06-15 07:10:48,130 INFO  util.JmxRegister (JmxRegister.java:tryRegister(44)) - Successfully registered JMX Bean with object name Ratis:service=RaftServer,group=group-1D25B2B6AD74,id=41b0b015-55ba-4a13-8517-1a8892e21b2a
2019-06-15 07:10:48,137 INFO  pipeline.PipelineStateManager (PipelineStateManager.java:addPipeline(56)) - Created pipeline Pipeline[ Id: 2513dc18-4f5e-4a92-aa2c-1d25b2b6ad74, Nodes: 9ebe862b-1744-4954-bf43-e9de9800cbe3{ip: 192.168.46.25, host: ozone-build-076618677d3-qdc9g-1178419874, networkLocation: /default-rack, certSerialId: null}41b0b015-55ba-4a13-8517-1a8892e21b2a{ip: 192.168.46.25, host: ozone-build-076618677d3-qdc9g-1178419874, networkLocation: /default-rack, certSerialId: null}b950c35d-3e4c-40bc-8043-a839ddbe6074{ip: 192.168.46.25, host: ozone-build-076618677d3-qdc9g-1178419874, networkLocation: /default-rack, certSerialId: null}, Type:RATIS, Factor:THREE, State:OPEN]
2019-06-15 07:10:48,403 INFO  impl.FollowerState (FollowerState.java:run(101)) - fb69ebbf-443a-4741-a3ff-06405d177dbc:group-6ECF9E54E9E6 changes to CANDIDATE, lastRpcTime:1025, electionTimeout:1024ms
2019-06-15 07:10:48,403 INFO  impl.RoleInfo (RoleInfo.java:shutdownFollowerState(121)) - fb69ebbf-443a-4741-a3ff-06405d177dbc: shutdown FollowerState
2019-06-15 07:10:48,404 INFO  impl.RaftServerImpl (RaftServerImpl.java:setRole(164)) - fb69ebbf-443a-4741-a3ff-06405d177dbc:group-6ECF9E54E9E6 changes role from FOLLOWER to CANDIDATE at term 0 for changeToCandidate
2019-06-15 07:10:48,408 INFO  impl.RoleInfo (RoleInfo.java:updateAndGet(143)) - fb69ebbf-443a-4741-a3ff-06405d177dbc: start LeaderElection
2019-06-15 07:10:48,415 INFO  impl.LeaderElection (LeaderElection.java:askForVotes(181)) - fb69ebbf-443a-4741-a3ff-06405d177dbc:group-6ECF9E54E9E6:LeaderElection1: begin an election at term 1 for -1: [fb69ebbf-443a-4741-a3ff-06405d177dbc:192.168.46.25:39887], old=null
2019-06-15 07:10:48,416 INFO  impl.RoleInfo (RoleInfo.java:shutdownLeaderElection(134)) - fb69ebbf-443a-4741-a3ff-06405d177dbc: shutdown LeaderElection
2019-06-15 07:10:48,417 INFO  impl.RaftServerImpl (RaftServerImpl.java:setRole(164)) - fb69ebbf-443a-4741-a3ff-06405d177dbc:group-6ECF9E54E9E6 changes role from CANDIDATE to LEADER at term 1 for changeToLeader
2019-06-15 07:10:48,417 INFO  impl.RaftServerImpl (ServerState.java:setLeader(263)) - fb69ebbf-443a-4741-a3ff-06405d177dbc:group-6ECF9E54E9E6 change Leader from null to fb69ebbf-443a-4741-a3ff-06405d177dbc at term 1 for becomeLeader, leader elected after 1097ms
2019-06-15 07:10:48,421 INFO  server.RaftServerConfigKeys (ConfUtils.java:logGet(43)) - raft.server.staging.catchup.gap = 1000 (default)
2019-06-15 07:10:48,421 INFO  server.RaftServerConfigKeys (ConfUtils.java:logGet(43)) - raft.server.rpc.sleep.time = 25ms (default)
2019-06-15 07:10:48,424 INFO  server.RaftServerConfigKeys (ConfUtils.java:logGet(43)) - raft.server.watch.timeout = 10s (default)
2019-06-15 07:10:48,424 INFO  server.RaftServerConfigKeys (ConfUtils.java:logGet(43)) - raft.server.watch.timeout.denomination = 1s (default)
2019-06-15 07:10:48,430 INFO  impl.RoleInfo (RoleInfo.java:updateAndGet(143)) - fb69ebbf-443a-4741-a3ff-06405d177dbc: start LeaderState
2019-06-15 07:10:48,444 INFO  storage.RaftLogWorker (RaftLogWorker.java:startLogSegment(298)) - fb69ebbf-443a-4741-a3ff-06405d177dbc-RaftLogWorker: Starting segment from index:0
2019-06-15 07:10:48,450 INFO  impl.RaftServerImpl (ServerState.java:setRaftConf(361)) - fb69ebbf-443a-4741-a3ff-06405d177dbc:group-6ECF9E54E9E6 set configuration 0: [fb69ebbf-443a-4741-a3ff-06405d177dbc:192.168.46.25:39887], old=null at 0
2019-06-15 07:10:48,589 INFO  storage.RaftLogWorker (RaftLogWorker.java:execute(469)) - fb69ebbf-443a-4741-a3ff-06405d177dbc-RaftLogWorker: created new log segment /opt/src/hadoop-ozone/integration-test/target/test-dir/MiniOzoneClusterImpl-342f90d5-9d05-40bb-8fb5-a59f6fa82fab/datanode-0/data/ratis/b3fd297c-47a1-40d6-aa2a-6ecf9e54e9e6/current/log_inprogress_0
2019-06-15 07:10:48,654 INFO  impl.FollowerState (FollowerState.java:run(101)) - 28984cc4-843c-47c3-a3c2-6901e3f8bf7a:group-FACC8CBE7BB6 changes to CANDIDATE, lastRpcTime:1159, electionTimeout:1158ms
2019-06-15 07:10:48,656 INFO  impl.RoleInfo (RoleInfo.java:shutdownFollowerState(121)) - 28984cc4-843c-47c3-a3c2-6901e3f8bf7a: shutdown FollowerState
2019-06-15 07:10:48,656 INFO  impl.RaftServerImpl (RaftServerImpl.java:setRole(164)) - 28984cc4-843c-47c3-a3c2-6901e3f8bf7a:group-FACC8CBE7BB6 changes role from FOLLOWER to CANDIDATE at term 0 for changeToCandidate
2019-06-15 07:10:48,656 INFO  impl.RoleInfo (RoleInfo.java:updateAndGet(143)) - 28984cc4-843c-47c3-a3c2-6901e3f8bf7a: start LeaderElection
2019-06-15 07:10:48,662 INFO  impl.LeaderElection (LeaderElection.java:askForVotes(181)) - 28984cc4-843c-47c3-a3c2-6901e3f8bf7a:group-FACC8CBE7BB6:LeaderElection2: begin an election at term 1 for -1: [28984cc4-843c-47c3-a3c2-6901e3f8bf7a:192.168.46.25:38333], old=null
2019-06-15 07:10:48,663 INFO  impl.RoleInfo (RoleInfo.java:shutdownLeaderElection(134)) - 28984cc4-843c-47c3-a3c2-6901e3f8bf7a: shutdown LeaderElection
2019-06-15 07:10:48,663 INFO  impl.RaftServerImpl (RaftServerImpl.java:setRole(164)) - 28984cc4-843c-47c3-a3c2-6901e3f8bf7a:group-FACC8CBE7BB6 changes role from CANDIDATE to LEADER at term 1 for changeToLeader
2019-06-15 07:10:48,663 INFO  impl.RaftServerImpl (ServerState.java:setLeader(263)) - 28984cc4-843c-47c3-a3c2-6901e3f8bf7a:group-FACC8CBE7BB6 change Leader from null to 28984cc4-843c-47c3-a3c2-6901e3f8bf7a at term 1 for becomeLeader, leader elected after 1172ms
2019-06-15 07:10:48,664 INFO  server.RaftServerConfigKeys (ConfUtils.java:logGet(43)) - raft.server.staging.catchup.gap = 1000 (default)
2019-06-15 07:10:48,664 INFO  server.RaftServerConfigKeys (ConfUtils.java:logGet(43)) - raft.server.rpc.sleep.time = 25ms (default)
2019-06-15 07:10:48,664 INFO  server.RaftServerConfigKeys (ConfUtils.java:logGet(43)) - raft.server.watch.timeout = 10s (default)
2019-06-15 07:10:48,664 INFO  server.RaftServerConfigKeys (ConfUtils.java:logGet(43)) - raft.server.watch.timeout.denomination = 1s (default)
2019-06-15 07:10:48,664 INFO  impl.RoleInfo (RoleInfo.java:updateAndGet(143)) - 28984cc4-843c-47c3-a3c2-6901e3f8bf7a: start LeaderState
2019-06-15 07:10:48,665 INFO  storage.RaftLogWorker (RaftLogWorker.java:startLogSegment(298)) - 28984cc4-843c-47c3-a3c2-6901e3f8bf7a-RaftLogWorker: Starting segment from index:0
2019-06-15 07:10:48,665 INFO  impl.RaftServerImpl (ServerState.java:setRaftConf(361)) - 28984cc4-843c-47c3-a3c2-6901e3f8bf7a:group-FACC8CBE7BB6 set configuration 0: [28984cc4-843c-47c3-a3c2-6901e3f8bf7a:192.168.46.25:38333], old=null at 0
2019-06-15 07:10:48,696 INFO  impl.FollowerState (FollowerState.java:run(101)) - cd3fe2a6-319f-4e4b-9aa3-91b89f2e726b:group-9E01474A9627 changes to CANDIDATE, lastRpcTime:1133, electionTimeout:1133ms
2019-06-15 07:10:48,697 INFO  impl.RoleInfo (RoleInfo.java:shutdownFollowerState(121)) - cd3fe2a6-319f-4e4b-9aa3-91b89f2e726b: shutdown FollowerState
2019-06-15 07:10:48,697 INFO  impl.RaftServerImpl (RaftServerImpl.java:setRole(164)) - cd3fe2a6-319f-4e4b-9aa3-91b89f2e726b:group-9E01474A9627 changes role from FOLLOWER to CANDIDATE at term 0 for changeToCandidate
2019-06-15 07:10:48,697 INFO  impl.RoleInfo (RoleInfo.java:updateAndGet(143)) - cd3fe2a6-319f-4e4b-9aa3-91b89f2e726b: start LeaderElection
2019-06-15 07:10:48,712 INFO  storage.RaftLogWorker (RaftLogWorker.java:execute(469)) - 28984cc4-843c-47c3-a3c2-6901e3f8bf7a-RaftLogWorker: created new log segment /opt/src/hadoop-ozone/integration-test/target/test-dir/MiniOzoneClusterImpl-342f90d5-9d05-40bb-8fb5-a59f6fa82fab/datanode-1/data/ratis/2b47d4b5-7453-4610-ac43-facc8cbe7bb6/current/log_inprogress_0
2019-06-15 07:10:48,712 INFO  impl.LeaderElection (LeaderElection.java:askForVotes(181)) - cd3fe2a6-319f-4e4b-9aa3-91b89f2e726b:group-9E01474A9627:LeaderElection3: begin an election at term 1 for -1: [cd3fe2a6-319f-4e4b-9aa3-91b89f2e726b:192.168.46.25:40135], old=null
2019-06-15 07:10:48,712 INFO  impl.RoleInfo (RoleInfo.java:shutdownLeaderElection(134)) - cd3fe2a6-319f-4e4b-9aa3-91b89f2e726b: shutdown LeaderElection
2019-06-15 07:10:48,712 INFO  impl.RaftServerImpl (RaftServerImpl.java:setRole(164)) - cd3fe2a6-319f-4e4b-9aa3-91b89f2e726b:group-9E01474A9627 changes role from CANDIDATE to LEADER at term 1 for changeToLeader
2019-06-15 07:10:48,712 INFO  impl.RaftServerImpl (ServerState.java:setLeader(263)) - cd3fe2a6-319f-4e4b-9aa3-91b89f2e726b:group-9E01474A9627 change Leader from null to cd3fe2a6-319f-4e4b-9aa3-91b89f2e726b at term 1 for becomeLeader, leader elected after 1152ms
2019-06-15 07:10:48,713 INFO  server.RaftServerConfigKeys (ConfUtils.java:logGet(43)) - raft.server.staging.catchup.gap = 1000 (default)
2019-06-15 07:10:48,713 INFO  server.RaftServerConfigKeys (ConfUtils.java:logGet(43)) - raft.server.rpc.sleep.time = 25ms (default)
2019-06-15 07:10:48,714 INFO  server.RaftServerConfigKeys (ConfUtils.java:logGet(43)) - raft.server.watch.timeout = 10s (default)
2019-06-15 07:10:48,714 INFO  server.RaftServerConfigKeys (ConfUtils.java:logGet(43)) - raft.server.watch.timeout.denomination = 1s (default)
2019-06-15 07:10:48,714 INFO  impl.RoleInfo (RoleInfo.java:updateAndGet(143)) - cd3fe2a6-319f-4e4b-9aa3-91b89f2e726b: start LeaderState
2019-06-15 07:10:48,714 INFO  storage.RaftLogWorker (RaftLogWorker.java:startLogSegment(298)) - cd3fe2a6-319f-4e4b-9aa3-91b89f2e726b-RaftLogWorker: Starting segment from index:0
2019-06-15 07:10:48,714 INFO  impl.RaftServerImpl (ServerState.java:setRaftConf(361)) - cd3fe2a6-319f-4e4b-9aa3-91b89f2e726b:group-9E01474A9627 set configuration 0: [cd3fe2a6-319f-4e4b-9aa3-91b89f2e726b:192.168.46.25:40135], old=null at 0
2019-06-15 07:10:48,752 INFO  storage.RaftLogWorker (RaftLogWorker.java:execute(469)) - cd3fe2a6-319f-4e4b-9aa3-91b89f2e726b-RaftLogWorker: created new log segment /opt/src/hadoop-ozone/integration-test/target/test-dir/MiniOzoneClusterImpl-342f90d5-9d05-40bb-8fb5-a59f6fa82fab/datanode-3/data/ratis/c11908b5-252b-4842-ac92-9e01474a9627/current/log_inprogress_0
2019-06-15 07:10:48,783 INFO  impl.FollowerState (FollowerState.java:run(101)) - b950c35d-3e4c-40bc-8043-a839ddbe6074:group-F1E267670317 changes to CANDIDATE, lastRpcTime:1057, electionTimeout:1057ms
2019-06-15 07:10:48,783 INFO  impl.RoleInfo (RoleInfo.java:shutdownFollowerState(121)) - b950c35d-3e4c-40bc-8043-a839ddbe6074: shutdown FollowerState
2019-06-15 07:10:48,784 INFO  impl.RaftServerImpl (RaftServerImpl.java:setRole(164)) - b950c35d-3e4c-40bc-8043-a839ddbe6074:group-F1E267670317 changes role from FOLLOWER to CANDIDATE at term 0 for changeToCandidate
2019-06-15 07:10:48,784 INFO  impl.RoleInfo (RoleInfo.java:updateAndGet(143)) - b950c35d-3e4c-40bc-8043-a839ddbe6074: start LeaderElection
2019-06-15 07:10:48,789 INFO  impl.FollowerState (FollowerState.java:run(101)) - 9ebe862b-1744-4954-bf43-e9de9800cbe3:group-10571CB1D9B5 changes to CANDIDATE, lastRpcTime:1186, electionTimeout:1186ms
2019-06-15 07:10:48,789 INFO  impl.RoleInfo (RoleInfo.java:shutdownFollowerState(121)) - 9ebe862b-1744-4954-bf43-e9de9800cbe3: shutdown FollowerState
2019-06-15 07:10:48,789 INFO  impl.RaftServerImpl (RaftServerImpl.java:setRole(164)) - 9ebe862b-1744-4954-bf43-e9de9800cbe3:group-10571CB1D9B5 changes role from FOLLOWER to CANDIDATE at term 0 for changeToCandidate
2019-06-15 07:10:48,789 INFO  impl.LeaderElection (LeaderElection.java:askForVotes(181)) - b950c35d-3e4c-40bc-8043-a839ddbe6074:group-F1E267670317:LeaderElection4: begin an election at term 1 for -1: [b950c35d-3e4c-40bc-8043-a839ddbe6074:192.168.46.25:46547], old=null
2019-06-15 07:10:48,789 INFO  impl.RoleInfo (RoleInfo.java:updateAndGet(143)) - 9ebe862b-1744-4954-bf43-e9de9800cbe3: start LeaderElection
2019-06-15 07:10:48,789 INFO  impl.RoleInfo (RoleInfo.java:shutdownLeaderElection(134)) - b950c35d-3e4c-40bc-8043-a839ddbe6074: shutdown LeaderElection
2019-06-15 07:10:48,789 INFO  impl.RaftServerImpl (RaftServerImpl.java:setRole(164)) - b950c35d-3e4c-40bc-8043-a839ddbe6074:group-F1E267670317 changes role from CANDIDATE to LEADER at term 1 for changeToLeader
2019-06-15 07:10:48,791 INFO  impl.RaftServerImpl (ServerState.java:setLeader(263)) - b950c35d-3e4c-40bc-8043-a839ddbe6074:group-F1E267670317 change Leader from null to b950c35d-3e4c-40bc-8043-a839ddbe6074 at term 1 for becomeLeader, leader elected after 1067ms
2019-06-15 07:10:48,793 INFO  server.RaftServerConfigKeys (ConfUtils.java:logGet(43)) - raft.server.staging.catchup.gap = 1000 (default)
2019-06-15 07:10:48,793 INFO  server.RaftServerConfigKeys (ConfUtils.java:logGet(43)) - raft.server.rpc.sleep.time = 25ms (default)
2019-06-15 07:10:48,793 INFO  server.RaftServerConfigKeys (ConfUtils.java:logGet(43)) - raft.server.watch.timeout = 10s (default)
2019-06-15 07:10:48,793 INFO  server.RaftServerConfigKeys (ConfUtils.java:logGet(43)) - raft.server.watch.timeout.denomination = 1s (default)
2019-06-15 07:10:48,794 INFO  impl.RoleInfo (RoleInfo.java:updateAndGet(143)) - b950c35d-3e4c-40bc-8043-a839ddbe6074: start LeaderState
2019-06-15 07:10:48,794 INFO  storage.RaftLogWorker (RaftLogWorker.java:startLogSegment(298)) - b950c35d-3e4c-40bc-8043-a839ddbe6074-RaftLogWorker: Starting segment from index:0
2019-06-15 07:10:48,796 INFO  impl.LeaderElection (LeaderElection.java:askForVotes(181)) - 9ebe862b-1744-4954-bf43-e9de9800cbe3:group-10571CB1D9B5:LeaderElection5: begin an election at term 1 for -1: [9ebe862b-1744-4954-bf43-e9de9800cbe3:192.168.46.25:41003], old=null
2019-06-15 07:10:48,796 INFO  impl.RoleInfo (RoleInfo.java:shutdownLeaderElection(134)) - 9ebe862b-1744-4954-bf43-e9de9800cbe3: shutdown LeaderElection
2019-06-15 07:10:48,796 INFO  impl.RaftServerImpl (RaftServerImpl.java:setRole(164)) - 9ebe862b-1744-4954-bf43-e9de9800cbe3:group-10571CB1D9B5 changes role from CANDIDATE to LEADER at term 1 for changeToLeader
2019-06-15 07:10:48,796 INFO  impl.RaftServerImpl (ServerState.java:setLeader(263)) - 9ebe862b-1744-4954-bf43-e9de9800cbe3:group-10571CB1D9B5 change Leader from null to 9ebe862b-1744-4954-bf43-e9de9800cbe3 at term 1 for becomeLeader, leader elected after 1196ms
2019-06-15 07:10:48,816 INFO  server.RaftServerConfigKeys (ConfUtils.java:logGet(43)) - raft.server.staging.catchup.gap = 1000 (default)
2019-06-15 07:10:48,816 INFO  server.RaftServerConfigKeys (ConfUtils.java:logGet(43)) - raft.server.rpc.sleep.time = 25ms (default)
2019-06-15 07:10:48,816 INFO  server.RaftServerConfigKeys (ConfUtils.java:logGet(43)) - raft.server.watch.timeout = 10s (default)
2019-06-15 07:10:48,817 INFO  server.RaftServerConfigKeys (ConfUtils.java:logGet(43)) - raft.server.watch.timeout.denomination = 1s (default)
2019-06-15 07:10:48,817 INFO  impl.RoleInfo (RoleInfo.java:updateAndGet(143)) - 9ebe862b-1744-4954-bf43-e9de9800cbe3: start LeaderState
2019-06-15 07:10:48,817 INFO  storage.RaftLogWorker (RaftLogWorker.java:startLogSegment(298)) - 9ebe862b-1744-4954-bf43-e9de9800cbe3-RaftLogWorker: Starting segment from index:0
2019-06-15 07:10:48,822 INFO  impl.FollowerState (FollowerState.java:run(101)) - cd3fe2a6-319f-4e4b-9aa3-91b89f2e726b:group-60D0A330F9E9 changes to CANDIDATE, lastRpcTime:1164, electionTimeout:1164ms
2019-06-15 07:10:48,822 INFO  impl.RoleInfo (RoleInfo.java:shutdownFollowerState(121)) - cd3fe2a6-319f-4e4b-9aa3-91b89f2e726b: shutdown FollowerState
2019-06-15 07:10:48,822 INFO  impl.RaftServerImpl (RaftServerImpl.java:setRole(164)) - cd3fe2a6-319f-4e4b-9aa3-91b89f2e726b:group-60D0A330F9E9 changes role from FOLLOWER to CANDIDATE at term 0 for changeToCandidate
2019-06-15 07:10:48,826 INFO  impl.FollowerState (FollowerState.java:run(101)) - fb69ebbf-443a-4741-a3ff-06405d177dbc:group-60D0A330F9E9 changes to CANDIDATE, lastRpcTime:1159, electionTimeout:1158ms
2019-06-15 07:10:48,826 INFO  impl.RoleInfo (RoleInfo.java:shutdownFollowerState(121)) - fb69ebbf-443a-4741-a3ff-06405d177dbc: shutdown FollowerState
2019-06-15 07:10:48,826 INFO  impl.RaftServerImpl (RaftServerImpl.java:setRole(164)) - fb69ebbf-443a-4741-a3ff-06405d177dbc:group-60D0A330F9E9 changes role from FOLLOWER to CANDIDATE at term 0 for changeToCandidate
2019-06-15 07:10:48,831 INFO  impl.FollowerState (FollowerState.java:run(101)) - 28984cc4-843c-47c3-a3c2-6901e3f8bf7a:group-60D0A330F9E9 changes to CANDIDATE, lastRpcTime:1170, electionTimeout:1170ms
2019-06-15 07:10:48,831 INFO  impl.RoleInfo (RoleInfo.java:shutdownFollowerState(121)) - 28984cc4-843c-47c3-a3c2-6901e3f8bf7a: shutdown FollowerState
2019-06-15 07:10:48,831 INFO  impl.RaftServerImpl (RaftServerImpl.java:setRole(164)) - 28984cc4-843c-47c3-a3c2-6901e3f8bf7a:group-60D0A330F9E9 changes role from FOLLOWER to CANDIDATE at term 0 for changeToCandidate
2019-06-15 07:10:48,833 INFO  impl.RoleInfo (RoleInfo.java:updateAndGet(143)) - 28984cc4-843c-47c3-a3c2-6901e3f8bf7a: start LeaderElection
2019-06-15 07:10:48,833 INFO  impl.RaftServerImpl (ServerState.java:setRaftConf(361)) - b950c35d-3e4c-40bc-8043-a839ddbe6074:group-F1E267670317 set configuration 0: [b950c35d-3e4c-40bc-8043-a839ddbe6074:192.168.46.25:46547], old=null at 0
2019-06-15 07:10:48,834 INFO  impl.RoleInfo (RoleInfo.java:updateAndGet(143)) - fb69ebbf-443a-4741-a3ff-06405d177dbc: start LeaderElection
2019-06-15 07:10:48,834 INFO  impl.RoleInfo (RoleInfo.java:updateAndGet(143)) - cd3fe2a6-319f-4e4b-9aa3-91b89f2e726b: start LeaderElection
2019-06-15 07:10:48,866 INFO  impl.RaftServerImpl (ServerState.java:setRaftConf(361)) - 9ebe862b-1744-4954-bf43-e9de9800cbe3:group-10571CB1D9B5 set configuration 0: [9ebe862b-1744-4954-bf43-e9de9800cbe3:192.168.46.25:41003], old=null at 0
2019-06-15 07:10:48,868 INFO  storage.RaftLogWorker (RaftLogWorker.java:execute(469)) - b950c35d-3e4c-40bc-8043-a839ddbe6074-RaftLogWorker: created new log segment /opt/src/hadoop-ozone/integration-test/target/test-dir/MiniOzoneClusterImpl-342f90d5-9d05-40bb-8fb5-a59f6fa82fab/datanode-4/data/ratis/f5b1f1d9-db32-4874-83e7-f1e267670317/current/log_inprogress_0
2019-06-15 07:10:48,870 INFO  impl.LeaderElection (LeaderElection.java:askForVotes(181)) - 28984cc4-843c-47c3-a3c2-6901e3f8bf7a:group-60D0A330F9E9:LeaderElection8: begin an election at term 1 for -1: [fb69ebbf-443a-4741-a3ff-06405d177dbc:192.168.46.25:39887, 28984cc4-843c-47c3-a3c2-6901e3f8bf7a:192.168.46.25:38333, cd3fe2a6-319f-4e4b-9aa3-91b89f2e726b:192.168.46.25:40135], old=null
2019-06-15 07:10:48,873 INFO  storage.RaftLogWorker (RaftLogWorker.java:execute(469)) - 9ebe862b-1744-4954-bf43-e9de9800cbe3-RaftLogWorker: created new log segment /opt/src/hadoop-ozone/integration-test/target/test-dir/MiniOzoneClusterImpl-342f90d5-9d05-40bb-8fb5-a59f6fa82fab/datanode-2/data/ratis/2eff7e12-866e-42a1-a8f7-10571cb1d9b5/current/log_inprogress_0
2019-06-15 07:10:48,875 INFO  impl.LeaderElection (LeaderElection.java:askForVotes(181)) - fb69ebbf-443a-4741-a3ff-06405d177dbc:group-60D0A330F9E9:LeaderElection7: begin an election at term 1 for -1: [fb69ebbf-443a-4741-a3ff-06405d177dbc:192.168.46.25:39887, 28984cc4-843c-47c3-a3c2-6901e3f8bf7a:192.168.46.25:38333, cd3fe2a6-319f-4e4b-9aa3-91b89f2e726b:192.168.46.25:40135], old=null
2019-06-15 07:10:48,880 INFO  impl.LeaderElection (LeaderElection.java:askForVotes(181)) - cd3fe2a6-319f-4e4b-9aa3-91b89f2e726b:group-60D0A330F9E9:LeaderElection6: begin an election at term 1 for -1: [fb69ebbf-443a-4741-a3ff-06405d177dbc:192.168.46.25:39887, 28984cc4-843c-47c3-a3c2-6901e3f8bf7a:192.168.46.25:38333, cd3fe2a6-319f-4e4b-9aa3-91b89f2e726b:192.168.46.25:40135], old=null
2019-06-15 07:10:48,947 INFO  impl.LeaderElection (LeaderElection.java:logAndReturn(56)) - 28984cc4-843c-47c3-a3c2-6901e3f8bf7a:group-60D0A330F9E9:LeaderElection8: Election REJECTED; received 2 response(s) [28984cc4-843c-47c3-a3c2-6901e3f8bf7a->fb69ebbf-443a-4741-a3ff-06405d177dbc,false-t1, 28984cc4-843c-47c3-a3c2-6901e3f8bf7a->cd3fe2a6-319f-4e4b-9aa3-91b89f2e726b,false-t1] and 0 exception(s); 28984cc4-843c-47c3-a3c2-6901e3f8bf7a:t1, leader=null, voted=28984cc4-843c-47c3-a3c2-6901e3f8bf7a, raftlog=28984cc4-843c-47c3-a3c2-6901e3f8bf7a-SegmentedRaftLog:OPENED:c-1,f-1,i0, conf=-1: [fb69ebbf-443a-4741-a3ff-06405d177dbc:192.168.46.25:39887, 28984cc4-843c-47c3-a3c2-6901e3f8bf7a:192.168.46.25:38333, cd3fe2a6-319f-4e4b-9aa3-91b89f2e726b:192.168.46.25:40135], old=null
2019-06-15 07:10:48,955 INFO  impl.RaftServerImpl (RaftServerImpl.java:setRole(164)) - 28984cc4-843c-47c3-a3c2-6901e3f8bf7a:group-60D0A330F9E9 changes role from CANDIDATE to FOLLOWER at term 1 for DISCOVERED_A_NEW_TERM
2019-06-15 07:10:48,955 INFO  impl.RoleInfo (RoleInfo.java:shutdownLeaderElection(134)) - 28984cc4-843c-47c3-a3c2-6901e3f8bf7a: shutdown LeaderElection
2019-06-15 07:10:48,955 INFO  impl.RoleInfo (RoleInfo.java:updateAndGet(143)) - 28984cc4-843c-47c3-a3c2-6901e3f8bf7a: start FollowerState
2019-06-15 07:10:48,958 INFO  impl.LeaderElection (LeaderElection.java:logAndReturn(56)) - fb69ebbf-443a-4741-a3ff-06405d177dbc:group-60D0A330F9E9:LeaderElection7: Election REJECTED; received 2 response(s) [fb69ebbf-443a-4741-a3ff-06405d177dbc->28984cc4-843c-47c3-a3c2-6901e3f8bf7a,false-t1, fb69ebbf-443a-4741-a3ff-06405d177dbc->cd3fe2a6-319f-4e4b-9aa3-91b89f2e726b,false-t1] and 0 exception(s); fb69ebbf-443a-4741-a3ff-06405d177dbc:t1, leader=null, voted=fb69ebbf-443a-4741-a3ff-06405d177dbc, raftlog=fb69ebbf-443a-4741-a3ff-06405d177dbc-SegmentedRaftLog:OPENED:c-1,f-1,i0, conf=-1: [fb69ebbf-443a-4741-a3ff-06405d177dbc:192.168.46.25:39887, 28984cc4-843c-47c3-a3c2-6901e3f8bf7a:192.168.46.25:38333, cd3fe2a6-319f-4e4b-9aa3-91b89f2e726b:192.168.46.25:40135], old=null
2019-06-15 07:10:48,959 INFO  impl.RaftServerImpl (RaftServerImpl.java:setRole(164)) - fb69ebbf-443a-4741-a3ff-06405d177dbc:group-60D0A330F9E9 changes role from CANDIDATE to FOLLOWER at term 1 for DISCOVERED_A_NEW_TERM
2019-06-15 07:10:48,959 INFO  impl.RoleInfo (RoleInfo.java:shutdownLeaderElection(134)) - fb69ebbf-443a-4741-a3ff-06405d177dbc: shutdown LeaderElection
2019-06-15 07:10:48,959 INFO  impl.RoleInfo (RoleInfo.java:updateAndGet(143)) - fb69ebbf-443a-4741-a3ff-06405d177dbc: start FollowerState
2019-06-15 07:10:48,965 INFO  impl.LeaderElection (LeaderElection.java:logAndReturn(56)) - cd3fe2a6-319f-4e4b-9aa3-91b89f2e726b:group-60D0A330F9E9:LeaderElection6: Election REJECTED; received 2 response(s) [cd3fe2a6-319f-4e4b-9aa3-91b89f2e726b->fb69ebbf-443a-4741-a3ff-06405d177dbc,false-t1, cd3fe2a6-319f-4e4b-9aa3-91b89f2e726b->28984cc4-843c-47c3-a3c2-6901e3f8bf7a,false-t1] and 0 exception(s); cd3fe2a6-319f-4e4b-9aa3-91b89f2e726b:t1, leader=null, voted=cd3fe2a6-319f-4e4b-9aa3-91b89f2e726b, raftlog=cd3fe2a6-319f-4e4b-9aa3-91b89f2e726b-SegmentedRaftLog:OPENED:c-1,f-1,i0, conf=-1: [fb69ebbf-443a-4741-a3ff-06405d177dbc:192.168.46.25:39887, 28984cc4-843c-47c3-a3c2-6901e3f8bf7a:192.168.46.25:38333, cd3fe2a6-319f-4e4b-9aa3-91b89f2e726b:192.168.46.25:40135], old=null
2019-06-15 07:10:48,966 INFO  impl.RaftServerImpl (RaftServerImpl.java:setRole(164)) - cd3fe2a6-319f-4e4b-9aa3-91b89f2e726b:group-60D0A330F9E9 changes role from CANDIDATE to FOLLOWER at term 1 for DISCOVERED_A_NEW_TERM
2019-06-15 07:10:48,966 INFO  impl.RoleInfo (RoleInfo.java:shutdownLeaderElection(134)) - cd3fe2a6-319f-4e4b-9aa3-91b89f2e726b: shutdown LeaderElection
2019-06-15 07:10:48,966 INFO  impl.RoleInfo (RoleInfo.java:updateAndGet(143)) - cd3fe2a6-319f-4e4b-9aa3-91b89f2e726b: start FollowerState
2019-06-15 07:10:49,008 INFO  ozone.MiniOzoneClusterImpl (MiniOzoneClusterImpl.java:lambda$waitForClusterToBeReady$0(142)) - Cluster is ready. Got 6 of 6 DN Heartbeats.
]]></system-out>
    <system-err><![CDATA[ERROR StatusLogger No Log4j 2 configuration file found. Using default configuration (logging only errors to the console), or user programmatically provided configurations. Set system property 'log4j2.debug' to show Log4j 2 internal initialization logging. See https://logging.apache.org/log4j/2.x/manual/configuration.html for instructions on how to configure Log4j 2
Jun 15, 2019 7:10:42 AM com.sun.jersey.server.impl.application.WebApplicationImpl _initiate
INFO: Initiating Jersey application, version 'Jersey: 1.19 02/11/2015 03:25 AM'
Jun 15, 2019 7:10:42 AM com.sun.jersey.server.impl.application.WebApplicationImpl _initiate
INFO: Initiating Jersey application, version 'Jersey: 1.19 02/11/2015 03:25 AM'
Jun 15, 2019 7:10:43 AM com.sun.jersey.server.impl.application.WebApplicationImpl _initiate
INFO: Initiating Jersey application, version 'Jersey: 1.19 02/11/2015 03:25 AM'
Jun 15, 2019 7:10:43 AM com.sun.jersey.server.impl.application.WebApplicationImpl _initiate
INFO: Initiating Jersey application, version 'Jersey: 1.19 02/11/2015 03:25 AM'
Jun 15, 2019 7:10:43 AM com.sun.jersey.server.impl.application.WebApplicationImpl _initiate
INFO: Initiating Jersey application, version 'Jersey: 1.19 02/11/2015 03:25 AM'
Jun 15, 2019 7:10:43 AM com.sun.jersey.server.impl.application.WebApplicationImpl _initiate
INFO: Initiating Jersey application, version 'Jersey: 1.19 02/11/2015 03:25 AM'
]]></system-err>
  </testcase>
</testsuite>