<?xml version="1.0" encoding="UTF-8"?>
<testsuite xmlns:xsi="http://www.w3.org/2001/XMLSchema-instance" xsi:noNamespaceSchemaLocation="https://maven.apache.org/surefire/maven-surefire-plugin/xsd/surefire-test-report.xsd" name="org.apache.hadoop.hdds.scm.pipeline.TestNodeFailure" time="13.175" tests="1" errors="0" skipped="1" failures="0">
  <properties>
    <property name="awt.toolkit" value="sun.awt.X11.XToolkit"/>
    <property name="file.encoding.pkg" value="sun.io"/>
    <property name="java.specification.version" value="1.8"/>
    <property name="sun.cpu.isalist" value=""/>
    <property name="sun.jnu.encoding" value="UTF-8"/>
    <property name="java.class.path" value="/opt/src/hadoop-ozone/integration-test/target/test-classes:/opt/src/hadoop-ozone/integration-test/target/classes:/root/.m2/repository/org/apache/hadoop/hadoop-ozone-common/0.5.0-SNAPSHOT/hadoop-ozone-common-0.5.0-SNAPSHOT.jar:/root/.m2/repository/org/apache/commons/commons-compress/1.4.1/commons-compress-1.4.1.jar:/root/.m2/repository/org/tukaani/xz/1.0/xz-1.0.jar:/root/.m2/repository/org/apache/hadoop/hadoop-common/3.2.0/hadoop-common-3.2.0.jar:/root/.m2/repository/org/apache/hadoop/hadoop-hdfs/3.2.0/hadoop-hdfs-3.2.0.jar:/root/.m2/repository/org/apache/hadoop/hadoop-hdfs-client/3.2.0/hadoop-hdfs-client-3.2.0.jar:/root/.m2/repository/com/fasterxml/jackson/core/jackson-annotations/2.9.5/jackson-annotations-2.9.5.jar:/root/.m2/repository/org/apache/hadoop/hadoop-hdds-common/0.5.0-SNAPSHOT/hadoop-hdds-common-0.5.0-SNAPSHOT.jar:/root/.m2/repository/javax/annotation/javax.annotation-api/1.2/javax.annotation-api-1.2.jar:/root/.m2/repository/org/apache/ratis/ratis-server/0.4.0-fe2b15d-SNAPSHOT/ratis-server-0.4.0-fe2b15d-SNAPSHOT.jar:/root/.m2/repository/org/apache/ratis/ratis-thirdparty-misc/0.2.0/ratis-thirdparty-misc-0.2.0.jar:/root/.m2/repository/org/apache/ratis/ratis-proto/0.4.0-fe2b15d-SNAPSHOT/ratis-proto-0.4.0-fe2b15d-SNAPSHOT.jar:/root/.m2/repository/org/apache/ratis/ratis-common/0.4.0-fe2b15d-SNAPSHOT/ratis-common-0.4.0-fe2b15d-SNAPSHOT.jar:/root/.m2/repository/org/apache/ratis/ratis-client/0.4.0-fe2b15d-SNAPSHOT/ratis-client-0.4.0-fe2b15d-SNAPSHOT.jar:/root/.m2/repository/org/apache/ratis/ratis-netty/0.4.0-fe2b15d-SNAPSHOT/ratis-netty-0.4.0-fe2b15d-SNAPSHOT.jar:/root/.m2/repository/org/apache/ratis/ratis-grpc/0.4.0-fe2b15d-SNAPSHOT/ratis-grpc-0.4.0-fe2b15d-SNAPSHOT.jar:/root/.m2/repository/org/rocksdb/rocksdbjni/5.14.2/rocksdbjni-5.14.2.jar:/root/.m2/repository/org/apache/logging/log4j/log4j-api/2.11.0/log4j-api-2.11.0.jar:/root/.m2/repository/org/apache/logging/log4j/log4j-core/2.11.0/log4j-core-2.11.0.jar:/root/.m2/repository/com/lmax/disruptor/3.4.2/disruptor-3.4.2.jar:/root/.m2/repository/org/apache/commons/commons-pool2/2.6.0/commons-pool2-2.6.0.jar:/root/.m2/repository/org/bouncycastle/bcpkix-jdk15on/1.60/bcpkix-jdk15on-1.60.jar:/root/.m2/repository/commons-validator/commons-validator/1.6/commons-validator-1.6.jar:/root/.m2/repository/commons-digester/commons-digester/1.8.1/commons-digester-1.8.1.jar:/root/.m2/repository/io/jaegertracing/jaeger-client/0.33.1/jaeger-client-0.33.1.jar:/root/.m2/repository/io/jaegertracing/jaeger-thrift/0.33.1/jaeger-thrift-0.33.1.jar:/root/.m2/repository/org/apache/thrift/libthrift/0.11.0/libthrift-0.11.0.jar:/root/.m2/repository/com/squareup/okhttp3/okhttp/3.9.0/okhttp-3.9.0.jar:/root/.m2/repository/com/squareup/okio/okio/1.13.0/okio-1.13.0.jar:/root/.m2/repository/io/jaegertracing/jaeger-core/0.33.1/jaeger-core-0.33.1.jar:/root/.m2/repository/io/jaegertracing/jaeger-tracerresolver/0.33.1/jaeger-tracerresolver-0.33.1.jar:/root/.m2/repository/io/opentracing/contrib/opentracing-tracerresolver/0.1.5/opentracing-tracerresolver-0.1.5.jar:/root/.m2/repository/io/opentracing/opentracing-util/0.31.0/opentracing-util-0.31.0.jar:/root/.m2/repository/io/opentracing/opentracing-api/0.31.0/opentracing-api-0.31.0.jar:/root/.m2/repository/io/opentracing/opentracing-noop/0.31.0/opentracing-noop-0.31.0.jar:/root/.m2/repository/org/apache/hadoop/hadoop-hdds-server-framework/0.5.0-SNAPSHOT/hadoop-hdds-server-framework-0.5.0-SNAPSHOT.jar:/root/.m2/repository/org/apache/hadoop/hadoop-hdds-server-scm/0.5.0-SNAPSHOT/hadoop-hdds-server-scm-0.5.0-SNAPSHOT.jar:/root/.m2/repository/org/apache/hadoop/hadoop-hdds-container-service/0.5.0-SNAPSHOT/hadoop-hdds-container-service-0.5.0-SNAPSHOT.jar:/root/.m2/repository/org/apache/hadoop/hadoop-hdds-client/0.5.0-SNAPSHOT/hadoop-hdds-client-0.5.0-SNAPSHOT.jar:/root/.m2/repository/org/apache/hadoop/hadoop-hdds-tools/0.5.0-SNAPSHOT/hadoop-hdds-tools-0.5.0-SNAPSHOT.jar:/root/.m2/repository/org/apache/hadoop/hadoop-ozone-ozone-manager/0.5.0-SNAPSHOT/hadoop-ozone-ozone-manager-0.5.0-SNAPSHOT.jar:/root/.m2/repository/org/apache/hadoop/hadoop-hdds-docs/0.5.0-SNAPSHOT/hadoop-hdds-docs-0.5.0-SNAPSHOT.jar:/root/.m2/repository/org/bouncycastle/bcprov-jdk15on/1.60/bcprov-jdk15on-1.60.jar:/root/.m2/repository/org/apache/hadoop/hadoop-minikdc/3.2.0/hadoop-minikdc-3.2.0.jar:/root/.m2/repository/commons-io/commons-io/2.5/commons-io-2.5.jar:/root/.m2/repository/org/apache/kerby/kerb-simplekdc/1.0.1/kerb-simplekdc-1.0.1.jar:/root/.m2/repository/org/apache/kerby/kerb-client/1.0.1/kerb-client-1.0.1.jar:/root/.m2/repository/org/apache/kerby/kerby-config/1.0.1/kerby-config-1.0.1.jar:/root/.m2/repository/org/apache/kerby/kerb-core/1.0.1/kerb-core-1.0.1.jar:/root/.m2/repository/org/apache/kerby/kerby-pkix/1.0.1/kerby-pkix-1.0.1.jar:/root/.m2/repository/org/apache/kerby/kerby-asn1/1.0.1/kerby-asn1-1.0.1.jar:/root/.m2/repository/org/apache/kerby/kerby-util/1.0.1/kerby-util-1.0.1.jar:/root/.m2/repository/org/apache/kerby/kerb-common/1.0.1/kerb-common-1.0.1.jar:/root/.m2/repository/org/apache/kerby/kerb-crypto/1.0.1/kerb-crypto-1.0.1.jar:/root/.m2/repository/org/apache/kerby/kerb-util/1.0.1/kerb-util-1.0.1.jar:/root/.m2/repository/org/apache/kerby/token-provider/1.0.1/token-provider-1.0.1.jar:/root/.m2/repository/org/apache/kerby/kerb-admin/1.0.1/kerb-admin-1.0.1.jar:/root/.m2/repository/org/apache/kerby/kerb-server/1.0.1/kerb-server-1.0.1.jar:/root/.m2/repository/org/apache/kerby/kerb-identity/1.0.1/kerb-identity-1.0.1.jar:/root/.m2/repository/org/apache/kerby/kerby-xdr/1.0.1/kerby-xdr-1.0.1.jar:/root/.m2/repository/org/slf4j/slf4j-log4j12/1.7.25/slf4j-log4j12-1.7.25.jar:/root/.m2/repository/org/apache/hadoop/hadoop-ozone-objectstore-service/0.5.0-SNAPSHOT/hadoop-ozone-objectstore-service-0.5.0-SNAPSHOT.jar:/root/.m2/repository/org/apache/hadoop/hadoop-ozone-s3gateway/0.5.0-SNAPSHOT/hadoop-ozone-s3gateway-0.5.0-SNAPSHOT.jar:/root/.m2/repository/org/jboss/weld/servlet/weld-servlet/2.4.7.Final/weld-servlet-2.4.7.Final.jar:/root/.m2/repository/org/glassfish/jersey/containers/jersey-container-servlet-core/2.27/jersey-container-servlet-core-2.27.jar:/root/.m2/repository/org/glassfish/hk2/external/javax.inject/2.5.0-b42/javax.inject-2.5.0-b42.jar:/root/.m2/repository/org/glassfish/jersey/core/jersey-common/2.27/jersey-common-2.27.jar:/root/.m2/repository/org/glassfish/hk2/osgi-resource-locator/1.0.1/osgi-resource-locator-1.0.1.jar:/root/.m2/repository/javax/ws/rs/javax.ws.rs-api/2.1/javax.ws.rs-api-2.1.jar:/root/.m2/repository/org/glassfish/jersey/ext/cdi/jersey-cdi1x/2.27/jersey-cdi1x-2.27.jar:/root/.m2/repository/org/glassfish/jersey/inject/jersey-hk2/2.27/jersey-hk2-2.27.jar:/root/.m2/repository/org/glassfish/hk2/hk2-locator/2.5.0-b42/hk2-locator-2.5.0-b42.jar:/root/.m2/repository/org/javassist/javassist/3.22.0-CR2/javassist-3.22.0-CR2.jar:/root/.m2/repository/org/glassfish/hk2/hk2-api/2.5.0/hk2-api-2.5.0.jar:/root/.m2/repository/org/glassfish/hk2/external/jakarta.inject/2.5.0/jakarta.inject-2.5.0.jar:/root/.m2/repository/org/glassfish/hk2/hk2-utils/2.5.0/hk2-utils-2.5.0.jar:/root/.m2/repository/jakarta/annotation/jakarta.annotation-api/1.3.4/jakarta.annotation-api-1.3.4.jar:/root/.m2/repository/org/glassfish/hk2/external/aopalliance-repackaged/2.5.0/aopalliance-repackaged-2.5.0.jar:/root/.m2/repository/com/fasterxml/jackson/dataformat/jackson-dataformat-xml/2.9.0/jackson-dataformat-xml-2.9.0.jar:/root/.m2/repository/com/fasterxml/jackson/core/jackson-core/2.9.5/jackson-core-2.9.5.jar:/root/.m2/repository/com/fasterxml/jackson/module/jackson-module-jaxb-annotations/2.9.5/jackson-module-jaxb-annotations-2.9.5.jar:/root/.m2/repository/javax/enterprise/cdi-api/1.2/cdi-api-1.2.jar:/root/.m2/repository/javax/el/javax.el-api/3.0.0/javax.el-api-3.0.0.jar:/root/.m2/repository/javax/interceptor/javax.interceptor-api/1.2/javax.interceptor-api-1.2.jar:/root/.m2/repository/javax/inject/javax.inject/1/javax.inject-1.jar:/root/.m2/repository/com/sun/xml/bind/jaxb-impl/2.3.0.1/jaxb-impl-2.3.0.1.jar:/root/.m2/repository/com/sun/xml/bind/jaxb-core/2.3.0.1/jaxb-core-2.3.0.1.jar:/root/.m2/repository/javax/xml/bind/jaxb-api/2.3.0/jaxb-api-2.3.0.jar:/root/.m2/repository/javax/activation/activation/1.1.1/activation-1.1.1.jar:/root/.m2/repository/org/apache/hadoop/hadoop-ozone-csi/0.5.0-SNAPSHOT/hadoop-ozone-csi-0.5.0-SNAPSHOT.jar:/root/.m2/repository/com/google/protobuf/protobuf-java-util/3.5.1/protobuf-java-util-3.5.1.jar:/root/.m2/repository/org/apache/hadoop/hadoop-hdds-config/0.5.0-SNAPSHOT/hadoop-hdds-config-0.5.0-SNAPSHOT.jar:/root/.m2/repository/com/google/guava/guava/11.0.2/guava-11.0.2.jar:/root/.m2/repository/com/google/protobuf/protobuf-java/2.5.0/protobuf-java-2.5.0.jar:/root/.m2/repository/io/grpc/grpc-netty/1.17.1/grpc-netty-1.17.1.jar:/root/.m2/repository/io/grpc/grpc-core/1.17.1/grpc-core-1.17.1.jar:/root/.m2/repository/io/grpc/grpc-context/1.17.1/grpc-context-1.17.1.jar:/root/.m2/repository/com/google/errorprone/error_prone_annotations/2.2.0/error_prone_annotations-2.2.0.jar:/root/.m2/repository/org/codehaus/mojo/animal-sniffer-annotations/1.17/animal-sniffer-annotations-1.17.jar:/root/.m2/repository/io/opencensus/opencensus-api/0.17.0/opencensus-api-0.17.0.jar:/root/.m2/repository/io/opencensus/opencensus-contrib-grpc-metrics/0.17.0/opencensus-contrib-grpc-metrics-0.17.0.jar:/root/.m2/repository/io/netty/netty-codec-http2/4.1.30.Final/netty-codec-http2-4.1.30.Final.jar:/root/.m2/repository/io/netty/netty-codec-http/4.1.30.Final/netty-codec-http-4.1.30.Final.jar:/root/.m2/repository/io/netty/netty-codec/4.1.30.Final/netty-codec-4.1.30.Final.jar:/root/.m2/repository/io/netty/netty-handler/4.1.30.Final/netty-handler-4.1.30.Final.jar:/root/.m2/repository/io/netty/netty-handler-proxy/4.1.30.Final/netty-handler-proxy-4.1.30.Final.jar:/root/.m2/repository/io/netty/netty-codec-socks/4.1.30.Final/netty-codec-socks-4.1.30.Final.jar:/root/.m2/repository/io/netty/netty-transport-native-epoll/4.1.30.Final/netty-transport-native-epoll-4.1.30.Final.jar:/root/.m2/repository/io/netty/netty-common/4.1.30.Final/netty-common-4.1.30.Final.jar:/root/.m2/repository/io/netty/netty-buffer/4.1.30.Final/netty-buffer-4.1.30.Final.jar:/root/.m2/repository/io/netty/netty-transport/4.1.30.Final/netty-transport-4.1.30.Final.jar:/root/.m2/repository/io/netty/netty-resolver/4.1.30.Final/netty-resolver-4.1.30.Final.jar:/root/.m2/repository/io/netty/netty-transport-native-unix-common/4.1.30.Final/netty-transport-native-unix-common-4.1.30.Final.jar:/root/.m2/repository/io/grpc/grpc-protobuf/1.17.1/grpc-protobuf-1.17.1.jar:/root/.m2/repository/com/google/api/grpc/proto-google-common-protos/1.0.0/proto-google-common-protos-1.0.0.jar:/root/.m2/repository/io/grpc/grpc-protobuf-lite/1.17.1/grpc-protobuf-lite-1.17.1.jar:/root/.m2/repository/io/grpc/grpc-stub/1.17.1/grpc-stub-1.17.1.jar:/root/.m2/repository/org/apache/hadoop/hadoop-ozone-recon/0.5.0-SNAPSHOT/hadoop-ozone-recon-0.5.0-SNAPSHOT.jar:/root/.m2/repository/org/apache/hadoop/hadoop-ozone-reconcodegen/0.5.0-SNAPSHOT/hadoop-ozone-reconcodegen-0.5.0-SNAPSHOT.jar:/root/.m2/repository/com/google/inject/extensions/guice-multibindings/4.0/guice-multibindings-4.0.jar:/root/.m2/repository/com/google/inject/guice/4.0/guice-4.0.jar:/root/.m2/repository/aopalliance/aopalliance/1.0/aopalliance-1.0.jar:/root/.m2/repository/com/google/inject/extensions/guice-servlet/4.0/guice-servlet-4.0.jar:/root/.m2/repository/org/glassfish/jersey/containers/jersey-container-servlet/2.27/jersey-container-servlet-2.27.jar:/root/.m2/repository/org/glassfish/hk2/guice-bridge/2.5.0/guice-bridge-2.5.0.jar:/root/.m2/repository/org/glassfish/jersey/core/jersey-server/2.27/jersey-server-2.27.jar:/root/.m2/repository/org/glassfish/jersey/core/jersey-client/2.27/jersey-client-2.27.jar:/root/.m2/repository/org/glassfish/jersey/media/jersey-media-jaxb/2.27/jersey-media-jaxb-2.27.jar:/root/.m2/repository/javax/validation/validation-api/1.1.0.Final/validation-api-1.1.0.Final.jar:/root/.m2/repository/org/glassfish/jersey/media/jersey-media-json-jackson/2.27/jersey-media-json-jackson-2.27.jar:/root/.m2/repository/org/glassfish/jersey/ext/jersey-entity-filtering/2.27/jersey-entity-filtering-2.27.jar:/root/.m2/repository/com/google/inject/extensions/guice-assistedinject/4.0/guice-assistedinject-4.0.jar:/root/.m2/repository/org/jooq/jooq/3.11.10/jooq-3.11.10.jar:/root/.m2/repository/org/jooq/jooq-meta/3.11.10/jooq-meta-3.11.10.jar:/root/.m2/repository/org/jooq/jooq-codegen/3.11.10/jooq-codegen-3.11.10.jar:/root/.m2/repository/com/jolbox/bonecp/0.8.0.RELEASE/bonecp-0.8.0.RELEASE.jar:/root/.m2/repository/org/xerial/sqlite-jdbc/3.25.2/sqlite-jdbc-3.25.2.jar:/root/.m2/repository/org/springframework/spring-jdbc/5.1.3.RELEASE/spring-jdbc-5.1.3.RELEASE.jar:/root/.m2/repository/org/springframework/spring-beans/5.1.3.RELEASE/spring-beans-5.1.3.RELEASE.jar:/root/.m2/repository/org/springframework/spring-core/5.1.3.RELEASE/spring-core-5.1.3.RELEASE.jar:/root/.m2/repository/org/springframework/spring-jcl/5.1.3.RELEASE/spring-jcl-5.1.3.RELEASE.jar:/root/.m2/repository/org/springframework/spring-tx/5.1.3.RELEASE/spring-tx-5.1.3.RELEASE.jar:/root/.m2/repository/org/apache/hadoop/hadoop-ozone-client/0.5.0-SNAPSHOT/hadoop-ozone-client-0.5.0-SNAPSHOT.jar:/root/.m2/repository/org/apache/hadoop/hadoop-ozone-ozone-manager/0.5.0-SNAPSHOT/hadoop-ozone-ozone-manager-0.5.0-SNAPSHOT-tests.jar:/root/.m2/repository/junit/junit/4.11/junit-4.11.jar:/root/.m2/repository/org/hamcrest/hamcrest-core/1.3/hamcrest-core-1.3.jar:/root/.m2/repository/org/openjdk/jmh/jmh-core/1.19/jmh-core-1.19.jar:/root/.m2/repository/net/sf/jopt-simple/jopt-simple/4.6/jopt-simple-4.6.jar:/root/.m2/repository/org/apache/commons/commons-math3/3.1.1/commons-math3-3.1.1.jar:/root/.m2/repository/org/openjdk/jmh/jmh-generator-annprocess/1.19/jmh-generator-annprocess-1.19.jar:/root/.m2/repository/org/mockito/mockito-all/1.8.5/mockito-all-1.8.5.jar:/root/.m2/repository/org/apache/hadoop/hadoop-kms/3.2.0/hadoop-kms-3.2.0.jar:/root/.m2/repository/org/apache/hadoop/hadoop-auth/3.2.0/hadoop-auth-3.2.0.jar:/root/.m2/repository/com/nimbusds/nimbus-jose-jwt/4.41.1/nimbus-jose-jwt-4.41.1.jar:/root/.m2/repository/com/github/stephenc/jcip/jcip-annotations/1.0-1/jcip-annotations-1.0-1.jar:/root/.m2/repository/net/minidev/json-smart/2.3/json-smart-2.3.jar:/root/.m2/repository/net/minidev/accessors-smart/1.2/accessors-smart-1.2.jar:/root/.m2/repository/org/ow2/asm/asm/5.0.4/asm-5.0.4.jar:/root/.m2/repository/org/apache/curator/curator-framework/2.12.0/curator-framework-2.12.0.jar:/root/.m2/repository/com/sun/jersey/jersey-core/1.19/jersey-core-1.19.jar:/root/.m2/repository/javax/ws/rs/jsr311-api/1.1.1/jsr311-api-1.1.1.jar:/root/.m2/repository/com/sun/jersey/jersey-server/1.19/jersey-server-1.19.jar:/root/.m2/repository/javax/servlet/javax.servlet-api/3.1.0/javax.servlet-api-3.1.0.jar:/root/.m2/repository/org/eclipse/jetty/jetty-server/9.3.24.v20180605/jetty-server-9.3.24.v20180605.jar:/root/.m2/repository/org/eclipse/jetty/jetty-http/9.3.24.v20180605/jetty-http-9.3.24.v20180605.jar:/root/.m2/repository/org/eclipse/jetty/jetty-io/9.3.24.v20180605/jetty-io-9.3.24.v20180605.jar:/root/.m2/repository/org/eclipse/jetty/jetty-webapp/9.3.24.v20180605/jetty-webapp-9.3.24.v20180605.jar:/root/.m2/repository/org/eclipse/jetty/jetty-xml/9.3.24.v20180605/jetty-xml-9.3.24.v20180605.jar:/root/.m2/repository/log4j/log4j/1.2.17/log4j-1.2.17.jar:/root/.m2/repository/org/slf4j/slf4j-api/1.7.25/slf4j-api-1.7.25.jar:/root/.m2/repository/org/slf4j/jul-to-slf4j/1.7.25/jul-to-slf4j-1.7.25.jar:/root/.m2/repository/org/eclipse/jetty/jetty-util/9.3.24.v20180605/jetty-util-9.3.24.v20180605.jar:/root/.m2/repository/io/dropwizard/metrics/metrics-core/3.2.4/metrics-core-3.2.4.jar:/root/.m2/repository/com/fasterxml/jackson/core/jackson-databind/2.9.5/jackson-databind-2.9.5.jar:/root/.m2/repository/org/apache/hadoop/hadoop-kms/3.2.0/hadoop-kms-3.2.0-tests.jar:/root/.m2/repository/org/apache/hadoop/hadoop-hdds-server-scm/0.5.0-SNAPSHOT/hadoop-hdds-server-scm-0.5.0-SNAPSHOT-tests.jar:/root/.m2/repository/org/hamcrest/hamcrest-all/1.3/hamcrest-all-1.3.jar:/root/.m2/repository/info/picocli/picocli/3.9.6/picocli-3.9.6.jar:/root/.m2/repository/org/apache/hadoop/hadoop-hdds-container-service/0.5.0-SNAPSHOT/hadoop-hdds-container-service-0.5.0-SNAPSHOT-tests.jar:/root/.m2/repository/org/yaml/snakeyaml/1.16/snakeyaml-1.16.jar:/root/.m2/repository/org/apache/hadoop/hadoop-common/3.2.0/hadoop-common-3.2.0-tests.jar:/root/.m2/repository/org/apache/hadoop/hadoop-annotations/3.2.0/hadoop-annotations-3.2.0.jar:/usr/lib/jvm/java-1.8-openjdk/jre/../lib/tools.jar:/root/.m2/repository/commons-cli/commons-cli/1.2/commons-cli-1.2.jar:/root/.m2/repository/org/apache/httpcomponents/httpclient/4.5.2/httpclient-4.5.2.jar:/root/.m2/repository/org/apache/httpcomponents/httpcore/4.4.4/httpcore-4.4.4.jar:/root/.m2/repository/commons-codec/commons-codec/1.11/commons-codec-1.11.jar:/root/.m2/repository/commons-net/commons-net/3.6/commons-net-3.6.jar:/root/.m2/repository/commons-collections/commons-collections/3.2.2/commons-collections-3.2.2.jar:/root/.m2/repository/org/eclipse/jetty/jetty-servlet/9.3.24.v20180605/jetty-servlet-9.3.24.v20180605.jar:/root/.m2/repository/org/eclipse/jetty/jetty-security/9.3.24.v20180605/jetty-security-9.3.24.v20180605.jar:/root/.m2/repository/javax/servlet/jsp/jsp-api/2.1/jsp-api-2.1.jar:/root/.m2/repository/com/sun/jersey/jersey-servlet/1.19/jersey-servlet-1.19.jar:/root/.m2/repository/com/sun/jersey/jersey-json/1.19/jersey-json-1.19.jar:/root/.m2/repository/org/codehaus/jettison/jettison/1.1/jettison-1.1.jar:/root/.m2/repository/org/codehaus/jackson/jackson-core-asl/1.9.13/jackson-core-asl-1.9.13.jar:/root/.m2/repository/org/codehaus/jackson/jackson-mapper-asl/1.9.13/jackson-mapper-asl-1.9.13.jar:/root/.m2/repository/org/codehaus/jackson/jackson-jaxrs/1.9.13/jackson-jaxrs-1.9.13.jar:/root/.m2/repository/org/codehaus/jackson/jackson-xc/1.9.13/jackson-xc-1.9.13.jar:/root/.m2/repository/commons-logging/commons-logging/1.1.3/commons-logging-1.1.3.jar:/root/.m2/repository/commons-beanutils/commons-beanutils/1.9.3/commons-beanutils-1.9.3.jar:/root/.m2/repository/org/apache/commons/commons-configuration2/2.1.1/commons-configuration2-2.1.1.jar:/root/.m2/repository/org/apache/commons/commons-lang3/3.7/commons-lang3-3.7.jar:/root/.m2/repository/org/apache/commons/commons-text/1.4/commons-text-1.4.jar:/root/.m2/repository/org/apache/avro/avro/1.7.7/avro-1.7.7.jar:/root/.m2/repository/com/thoughtworks/paranamer/paranamer/2.3/paranamer-2.3.jar:/root/.m2/repository/org/xerial/snappy/snappy-java/1.0.5/snappy-java-1.0.5.jar:/root/.m2/repository/com/google/re2j/re2j/1.1/re2j-1.1.jar:/root/.m2/repository/com/google/code/gson/gson/2.2.4/gson-2.2.4.jar:/root/.m2/repository/com/jcraft/jsch/0.1.54/jsch-0.1.54.jar:/root/.m2/repository/org/apache/curator/curator-client/2.12.0/curator-client-2.12.0.jar:/root/.m2/repository/org/apache/curator/curator-recipes/2.12.0/curator-recipes-2.12.0.jar:/root/.m2/repository/com/google/code/findbugs/jsr305/3.0.0/jsr305-3.0.0.jar:/root/.m2/repository/org/apache/htrace/htrace-core4/4.1.0-incubating/htrace-core4-4.1.0-incubating.jar:/root/.m2/repository/org/apache/zookeeper/zookeeper/3.4.13/zookeeper-3.4.13.jar:/root/.m2/repository/org/apache/yetus/audience-annotations/0.5.0/audience-annotations-0.5.0.jar:/root/.m2/repository/org/codehaus/woodstox/stax2-api/3.1.4/stax2-api-3.1.4.jar:/root/.m2/repository/com/fasterxml/woodstox/woodstox-core/5.0.3/woodstox-core-5.0.3.jar:/root/.m2/repository/dnsjava/dnsjava/2.1.7/dnsjava-2.1.7.jar:/root/.m2/repository/org/apache/hadoop/hadoop-hdfs/3.2.0/hadoop-hdfs-3.2.0-tests.jar:/root/.m2/repository/org/eclipse/jetty/jetty-util-ajax/9.3.24.v20180605/jetty-util-ajax-9.3.24.v20180605.jar:/root/.m2/repository/commons-daemon/commons-daemon/1.0.13/commons-daemon-1.0.13.jar:/root/.m2/repository/io/netty/netty/3.10.5.Final/netty-3.10.5.Final.jar:/root/.m2/repository/io/netty/netty-all/4.0.52.Final/netty-all-4.0.52.Final.jar:/root/.m2/repository/org/fusesource/leveldbjni/leveldbjni-all/1.8/leveldbjni-all-1.8.jar:"/>
    <property name="java.vm.vendor" value="IcedTea"/>
    <property name="sun.arch.data.model" value="64"/>
    <property name="test.build.dir" value="/opt/src/hadoop-ozone/integration-test/target/test-dir"/>
    <property name="test.cache.data" value=""/>
    <property name="java.vendor.url" value="https://icedtea.classpath.org"/>
    <property name="user.timezone" value=""/>
    <property name="java.vm.specification.version" value="1.8"/>
    <property name="os.name" value="Linux"/>
    <property name="test.build.data" value="/opt/src/hadoop-ozone/integration-test/target/test-dir"/>
    <property name="user.country" value="US"/>
    <property name="sun.java.launcher" value="SUN_STANDARD"/>
    <property name="sun.boot.library.path" value="/usr/lib/jvm/java-1.8-openjdk/jre/lib/amd64"/>
    <property name="sun.java.command" value="/opt/src/hadoop-ozone/integration-test/target/surefire/surefirebooter74415253735969445.jar /opt/src/hadoop-ozone/integration-test/target/surefire 2019-06-13T02-02-02_237-jvmRun1 surefire339699262904334716tmp surefire_84802526538982923148tmp"/>
    <property name="surefire.test.class.path" value="/opt/src/hadoop-ozone/integration-test/target/test-classes:/opt/src/hadoop-ozone/integration-test/target/classes:/root/.m2/repository/org/apache/hadoop/hadoop-ozone-common/0.5.0-SNAPSHOT/hadoop-ozone-common-0.5.0-SNAPSHOT.jar:/root/.m2/repository/org/apache/commons/commons-compress/1.4.1/commons-compress-1.4.1.jar:/root/.m2/repository/org/tukaani/xz/1.0/xz-1.0.jar:/root/.m2/repository/org/apache/hadoop/hadoop-common/3.2.0/hadoop-common-3.2.0.jar:/root/.m2/repository/org/apache/hadoop/hadoop-hdfs/3.2.0/hadoop-hdfs-3.2.0.jar:/root/.m2/repository/org/apache/hadoop/hadoop-hdfs-client/3.2.0/hadoop-hdfs-client-3.2.0.jar:/root/.m2/repository/com/fasterxml/jackson/core/jackson-annotations/2.9.5/jackson-annotations-2.9.5.jar:/root/.m2/repository/org/apache/hadoop/hadoop-hdds-common/0.5.0-SNAPSHOT/hadoop-hdds-common-0.5.0-SNAPSHOT.jar:/root/.m2/repository/javax/annotation/javax.annotation-api/1.2/javax.annotation-api-1.2.jar:/root/.m2/repository/org/apache/ratis/ratis-server/0.4.0-fe2b15d-SNAPSHOT/ratis-server-0.4.0-fe2b15d-SNAPSHOT.jar:/root/.m2/repository/org/apache/ratis/ratis-thirdparty-misc/0.2.0/ratis-thirdparty-misc-0.2.0.jar:/root/.m2/repository/org/apache/ratis/ratis-proto/0.4.0-fe2b15d-SNAPSHOT/ratis-proto-0.4.0-fe2b15d-SNAPSHOT.jar:/root/.m2/repository/org/apache/ratis/ratis-common/0.4.0-fe2b15d-SNAPSHOT/ratis-common-0.4.0-fe2b15d-SNAPSHOT.jar:/root/.m2/repository/org/apache/ratis/ratis-client/0.4.0-fe2b15d-SNAPSHOT/ratis-client-0.4.0-fe2b15d-SNAPSHOT.jar:/root/.m2/repository/org/apache/ratis/ratis-netty/0.4.0-fe2b15d-SNAPSHOT/ratis-netty-0.4.0-fe2b15d-SNAPSHOT.jar:/root/.m2/repository/org/apache/ratis/ratis-grpc/0.4.0-fe2b15d-SNAPSHOT/ratis-grpc-0.4.0-fe2b15d-SNAPSHOT.jar:/root/.m2/repository/org/rocksdb/rocksdbjni/5.14.2/rocksdbjni-5.14.2.jar:/root/.m2/repository/org/apache/logging/log4j/log4j-api/2.11.0/log4j-api-2.11.0.jar:/root/.m2/repository/org/apache/logging/log4j/log4j-core/2.11.0/log4j-core-2.11.0.jar:/root/.m2/repository/com/lmax/disruptor/3.4.2/disruptor-3.4.2.jar:/root/.m2/repository/org/apache/commons/commons-pool2/2.6.0/commons-pool2-2.6.0.jar:/root/.m2/repository/org/bouncycastle/bcpkix-jdk15on/1.60/bcpkix-jdk15on-1.60.jar:/root/.m2/repository/commons-validator/commons-validator/1.6/commons-validator-1.6.jar:/root/.m2/repository/commons-digester/commons-digester/1.8.1/commons-digester-1.8.1.jar:/root/.m2/repository/io/jaegertracing/jaeger-client/0.33.1/jaeger-client-0.33.1.jar:/root/.m2/repository/io/jaegertracing/jaeger-thrift/0.33.1/jaeger-thrift-0.33.1.jar:/root/.m2/repository/org/apache/thrift/libthrift/0.11.0/libthrift-0.11.0.jar:/root/.m2/repository/com/squareup/okhttp3/okhttp/3.9.0/okhttp-3.9.0.jar:/root/.m2/repository/com/squareup/okio/okio/1.13.0/okio-1.13.0.jar:/root/.m2/repository/io/jaegertracing/jaeger-core/0.33.1/jaeger-core-0.33.1.jar:/root/.m2/repository/io/jaegertracing/jaeger-tracerresolver/0.33.1/jaeger-tracerresolver-0.33.1.jar:/root/.m2/repository/io/opentracing/contrib/opentracing-tracerresolver/0.1.5/opentracing-tracerresolver-0.1.5.jar:/root/.m2/repository/io/opentracing/opentracing-util/0.31.0/opentracing-util-0.31.0.jar:/root/.m2/repository/io/opentracing/opentracing-api/0.31.0/opentracing-api-0.31.0.jar:/root/.m2/repository/io/opentracing/opentracing-noop/0.31.0/opentracing-noop-0.31.0.jar:/root/.m2/repository/org/apache/hadoop/hadoop-hdds-server-framework/0.5.0-SNAPSHOT/hadoop-hdds-server-framework-0.5.0-SNAPSHOT.jar:/root/.m2/repository/org/apache/hadoop/hadoop-hdds-server-scm/0.5.0-SNAPSHOT/hadoop-hdds-server-scm-0.5.0-SNAPSHOT.jar:/root/.m2/repository/org/apache/hadoop/hadoop-hdds-container-service/0.5.0-SNAPSHOT/hadoop-hdds-container-service-0.5.0-SNAPSHOT.jar:/root/.m2/repository/org/apache/hadoop/hadoop-hdds-client/0.5.0-SNAPSHOT/hadoop-hdds-client-0.5.0-SNAPSHOT.jar:/root/.m2/repository/org/apache/hadoop/hadoop-hdds-tools/0.5.0-SNAPSHOT/hadoop-hdds-tools-0.5.0-SNAPSHOT.jar:/root/.m2/repository/org/apache/hadoop/hadoop-ozone-ozone-manager/0.5.0-SNAPSHOT/hadoop-ozone-ozone-manager-0.5.0-SNAPSHOT.jar:/root/.m2/repository/org/apache/hadoop/hadoop-hdds-docs/0.5.0-SNAPSHOT/hadoop-hdds-docs-0.5.0-SNAPSHOT.jar:/root/.m2/repository/org/bouncycastle/bcprov-jdk15on/1.60/bcprov-jdk15on-1.60.jar:/root/.m2/repository/org/apache/hadoop/hadoop-minikdc/3.2.0/hadoop-minikdc-3.2.0.jar:/root/.m2/repository/commons-io/commons-io/2.5/commons-io-2.5.jar:/root/.m2/repository/org/apache/kerby/kerb-simplekdc/1.0.1/kerb-simplekdc-1.0.1.jar:/root/.m2/repository/org/apache/kerby/kerb-client/1.0.1/kerb-client-1.0.1.jar:/root/.m2/repository/org/apache/kerby/kerby-config/1.0.1/kerby-config-1.0.1.jar:/root/.m2/repository/org/apache/kerby/kerb-core/1.0.1/kerb-core-1.0.1.jar:/root/.m2/repository/org/apache/kerby/kerby-pkix/1.0.1/kerby-pkix-1.0.1.jar:/root/.m2/repository/org/apache/kerby/kerby-asn1/1.0.1/kerby-asn1-1.0.1.jar:/root/.m2/repository/org/apache/kerby/kerby-util/1.0.1/kerby-util-1.0.1.jar:/root/.m2/repository/org/apache/kerby/kerb-common/1.0.1/kerb-common-1.0.1.jar:/root/.m2/repository/org/apache/kerby/kerb-crypto/1.0.1/kerb-crypto-1.0.1.jar:/root/.m2/repository/org/apache/kerby/kerb-util/1.0.1/kerb-util-1.0.1.jar:/root/.m2/repository/org/apache/kerby/token-provider/1.0.1/token-provider-1.0.1.jar:/root/.m2/repository/org/apache/kerby/kerb-admin/1.0.1/kerb-admin-1.0.1.jar:/root/.m2/repository/org/apache/kerby/kerb-server/1.0.1/kerb-server-1.0.1.jar:/root/.m2/repository/org/apache/kerby/kerb-identity/1.0.1/kerb-identity-1.0.1.jar:/root/.m2/repository/org/apache/kerby/kerby-xdr/1.0.1/kerby-xdr-1.0.1.jar:/root/.m2/repository/org/slf4j/slf4j-log4j12/1.7.25/slf4j-log4j12-1.7.25.jar:/root/.m2/repository/org/apache/hadoop/hadoop-ozone-objectstore-service/0.5.0-SNAPSHOT/hadoop-ozone-objectstore-service-0.5.0-SNAPSHOT.jar:/root/.m2/repository/org/apache/hadoop/hadoop-ozone-s3gateway/0.5.0-SNAPSHOT/hadoop-ozone-s3gateway-0.5.0-SNAPSHOT.jar:/root/.m2/repository/org/jboss/weld/servlet/weld-servlet/2.4.7.Final/weld-servlet-2.4.7.Final.jar:/root/.m2/repository/org/glassfish/jersey/containers/jersey-container-servlet-core/2.27/jersey-container-servlet-core-2.27.jar:/root/.m2/repository/org/glassfish/hk2/external/javax.inject/2.5.0-b42/javax.inject-2.5.0-b42.jar:/root/.m2/repository/org/glassfish/jersey/core/jersey-common/2.27/jersey-common-2.27.jar:/root/.m2/repository/org/glassfish/hk2/osgi-resource-locator/1.0.1/osgi-resource-locator-1.0.1.jar:/root/.m2/repository/javax/ws/rs/javax.ws.rs-api/2.1/javax.ws.rs-api-2.1.jar:/root/.m2/repository/org/glassfish/jersey/ext/cdi/jersey-cdi1x/2.27/jersey-cdi1x-2.27.jar:/root/.m2/repository/org/glassfish/jersey/inject/jersey-hk2/2.27/jersey-hk2-2.27.jar:/root/.m2/repository/org/glassfish/hk2/hk2-locator/2.5.0-b42/hk2-locator-2.5.0-b42.jar:/root/.m2/repository/org/javassist/javassist/3.22.0-CR2/javassist-3.22.0-CR2.jar:/root/.m2/repository/org/glassfish/hk2/hk2-api/2.5.0/hk2-api-2.5.0.jar:/root/.m2/repository/org/glassfish/hk2/external/jakarta.inject/2.5.0/jakarta.inject-2.5.0.jar:/root/.m2/repository/org/glassfish/hk2/hk2-utils/2.5.0/hk2-utils-2.5.0.jar:/root/.m2/repository/jakarta/annotation/jakarta.annotation-api/1.3.4/jakarta.annotation-api-1.3.4.jar:/root/.m2/repository/org/glassfish/hk2/external/aopalliance-repackaged/2.5.0/aopalliance-repackaged-2.5.0.jar:/root/.m2/repository/com/fasterxml/jackson/dataformat/jackson-dataformat-xml/2.9.0/jackson-dataformat-xml-2.9.0.jar:/root/.m2/repository/com/fasterxml/jackson/core/jackson-core/2.9.5/jackson-core-2.9.5.jar:/root/.m2/repository/com/fasterxml/jackson/module/jackson-module-jaxb-annotations/2.9.5/jackson-module-jaxb-annotations-2.9.5.jar:/root/.m2/repository/javax/enterprise/cdi-api/1.2/cdi-api-1.2.jar:/root/.m2/repository/javax/el/javax.el-api/3.0.0/javax.el-api-3.0.0.jar:/root/.m2/repository/javax/interceptor/javax.interceptor-api/1.2/javax.interceptor-api-1.2.jar:/root/.m2/repository/javax/inject/javax.inject/1/javax.inject-1.jar:/root/.m2/repository/com/sun/xml/bind/jaxb-impl/2.3.0.1/jaxb-impl-2.3.0.1.jar:/root/.m2/repository/com/sun/xml/bind/jaxb-core/2.3.0.1/jaxb-core-2.3.0.1.jar:/root/.m2/repository/javax/xml/bind/jaxb-api/2.3.0/jaxb-api-2.3.0.jar:/root/.m2/repository/javax/activation/activation/1.1.1/activation-1.1.1.jar:/root/.m2/repository/org/apache/hadoop/hadoop-ozone-csi/0.5.0-SNAPSHOT/hadoop-ozone-csi-0.5.0-SNAPSHOT.jar:/root/.m2/repository/com/google/protobuf/protobuf-java-util/3.5.1/protobuf-java-util-3.5.1.jar:/root/.m2/repository/org/apache/hadoop/hadoop-hdds-config/0.5.0-SNAPSHOT/hadoop-hdds-config-0.5.0-SNAPSHOT.jar:/root/.m2/repository/com/google/guava/guava/11.0.2/guava-11.0.2.jar:/root/.m2/repository/com/google/protobuf/protobuf-java/2.5.0/protobuf-java-2.5.0.jar:/root/.m2/repository/io/grpc/grpc-netty/1.17.1/grpc-netty-1.17.1.jar:/root/.m2/repository/io/grpc/grpc-core/1.17.1/grpc-core-1.17.1.jar:/root/.m2/repository/io/grpc/grpc-context/1.17.1/grpc-context-1.17.1.jar:/root/.m2/repository/com/google/errorprone/error_prone_annotations/2.2.0/error_prone_annotations-2.2.0.jar:/root/.m2/repository/org/codehaus/mojo/animal-sniffer-annotations/1.17/animal-sniffer-annotations-1.17.jar:/root/.m2/repository/io/opencensus/opencensus-api/0.17.0/opencensus-api-0.17.0.jar:/root/.m2/repository/io/opencensus/opencensus-contrib-grpc-metrics/0.17.0/opencensus-contrib-grpc-metrics-0.17.0.jar:/root/.m2/repository/io/netty/netty-codec-http2/4.1.30.Final/netty-codec-http2-4.1.30.Final.jar:/root/.m2/repository/io/netty/netty-codec-http/4.1.30.Final/netty-codec-http-4.1.30.Final.jar:/root/.m2/repository/io/netty/netty-codec/4.1.30.Final/netty-codec-4.1.30.Final.jar:/root/.m2/repository/io/netty/netty-handler/4.1.30.Final/netty-handler-4.1.30.Final.jar:/root/.m2/repository/io/netty/netty-handler-proxy/4.1.30.Final/netty-handler-proxy-4.1.30.Final.jar:/root/.m2/repository/io/netty/netty-codec-socks/4.1.30.Final/netty-codec-socks-4.1.30.Final.jar:/root/.m2/repository/io/netty/netty-transport-native-epoll/4.1.30.Final/netty-transport-native-epoll-4.1.30.Final.jar:/root/.m2/repository/io/netty/netty-common/4.1.30.Final/netty-common-4.1.30.Final.jar:/root/.m2/repository/io/netty/netty-buffer/4.1.30.Final/netty-buffer-4.1.30.Final.jar:/root/.m2/repository/io/netty/netty-transport/4.1.30.Final/netty-transport-4.1.30.Final.jar:/root/.m2/repository/io/netty/netty-resolver/4.1.30.Final/netty-resolver-4.1.30.Final.jar:/root/.m2/repository/io/netty/netty-transport-native-unix-common/4.1.30.Final/netty-transport-native-unix-common-4.1.30.Final.jar:/root/.m2/repository/io/grpc/grpc-protobuf/1.17.1/grpc-protobuf-1.17.1.jar:/root/.m2/repository/com/google/api/grpc/proto-google-common-protos/1.0.0/proto-google-common-protos-1.0.0.jar:/root/.m2/repository/io/grpc/grpc-protobuf-lite/1.17.1/grpc-protobuf-lite-1.17.1.jar:/root/.m2/repository/io/grpc/grpc-stub/1.17.1/grpc-stub-1.17.1.jar:/root/.m2/repository/org/apache/hadoop/hadoop-ozone-recon/0.5.0-SNAPSHOT/hadoop-ozone-recon-0.5.0-SNAPSHOT.jar:/root/.m2/repository/org/apache/hadoop/hadoop-ozone-reconcodegen/0.5.0-SNAPSHOT/hadoop-ozone-reconcodegen-0.5.0-SNAPSHOT.jar:/root/.m2/repository/com/google/inject/extensions/guice-multibindings/4.0/guice-multibindings-4.0.jar:/root/.m2/repository/com/google/inject/guice/4.0/guice-4.0.jar:/root/.m2/repository/aopalliance/aopalliance/1.0/aopalliance-1.0.jar:/root/.m2/repository/com/google/inject/extensions/guice-servlet/4.0/guice-servlet-4.0.jar:/root/.m2/repository/org/glassfish/jersey/containers/jersey-container-servlet/2.27/jersey-container-servlet-2.27.jar:/root/.m2/repository/org/glassfish/hk2/guice-bridge/2.5.0/guice-bridge-2.5.0.jar:/root/.m2/repository/org/glassfish/jersey/core/jersey-server/2.27/jersey-server-2.27.jar:/root/.m2/repository/org/glassfish/jersey/core/jersey-client/2.27/jersey-client-2.27.jar:/root/.m2/repository/org/glassfish/jersey/media/jersey-media-jaxb/2.27/jersey-media-jaxb-2.27.jar:/root/.m2/repository/javax/validation/validation-api/1.1.0.Final/validation-api-1.1.0.Final.jar:/root/.m2/repository/org/glassfish/jersey/media/jersey-media-json-jackson/2.27/jersey-media-json-jackson-2.27.jar:/root/.m2/repository/org/glassfish/jersey/ext/jersey-entity-filtering/2.27/jersey-entity-filtering-2.27.jar:/root/.m2/repository/com/google/inject/extensions/guice-assistedinject/4.0/guice-assistedinject-4.0.jar:/root/.m2/repository/org/jooq/jooq/3.11.10/jooq-3.11.10.jar:/root/.m2/repository/org/jooq/jooq-meta/3.11.10/jooq-meta-3.11.10.jar:/root/.m2/repository/org/jooq/jooq-codegen/3.11.10/jooq-codegen-3.11.10.jar:/root/.m2/repository/com/jolbox/bonecp/0.8.0.RELEASE/bonecp-0.8.0.RELEASE.jar:/root/.m2/repository/org/xerial/sqlite-jdbc/3.25.2/sqlite-jdbc-3.25.2.jar:/root/.m2/repository/org/springframework/spring-jdbc/5.1.3.RELEASE/spring-jdbc-5.1.3.RELEASE.jar:/root/.m2/repository/org/springframework/spring-beans/5.1.3.RELEASE/spring-beans-5.1.3.RELEASE.jar:/root/.m2/repository/org/springframework/spring-core/5.1.3.RELEASE/spring-core-5.1.3.RELEASE.jar:/root/.m2/repository/org/springframework/spring-jcl/5.1.3.RELEASE/spring-jcl-5.1.3.RELEASE.jar:/root/.m2/repository/org/springframework/spring-tx/5.1.3.RELEASE/spring-tx-5.1.3.RELEASE.jar:/root/.m2/repository/org/apache/hadoop/hadoop-ozone-client/0.5.0-SNAPSHOT/hadoop-ozone-client-0.5.0-SNAPSHOT.jar:/root/.m2/repository/org/apache/hadoop/hadoop-ozone-ozone-manager/0.5.0-SNAPSHOT/hadoop-ozone-ozone-manager-0.5.0-SNAPSHOT-tests.jar:/root/.m2/repository/junit/junit/4.11/junit-4.11.jar:/root/.m2/repository/org/hamcrest/hamcrest-core/1.3/hamcrest-core-1.3.jar:/root/.m2/repository/org/openjdk/jmh/jmh-core/1.19/jmh-core-1.19.jar:/root/.m2/repository/net/sf/jopt-simple/jopt-simple/4.6/jopt-simple-4.6.jar:/root/.m2/repository/org/apache/commons/commons-math3/3.1.1/commons-math3-3.1.1.jar:/root/.m2/repository/org/openjdk/jmh/jmh-generator-annprocess/1.19/jmh-generator-annprocess-1.19.jar:/root/.m2/repository/org/mockito/mockito-all/1.8.5/mockito-all-1.8.5.jar:/root/.m2/repository/org/apache/hadoop/hadoop-kms/3.2.0/hadoop-kms-3.2.0.jar:/root/.m2/repository/org/apache/hadoop/hadoop-auth/3.2.0/hadoop-auth-3.2.0.jar:/root/.m2/repository/com/nimbusds/nimbus-jose-jwt/4.41.1/nimbus-jose-jwt-4.41.1.jar:/root/.m2/repository/com/github/stephenc/jcip/jcip-annotations/1.0-1/jcip-annotations-1.0-1.jar:/root/.m2/repository/net/minidev/json-smart/2.3/json-smart-2.3.jar:/root/.m2/repository/net/minidev/accessors-smart/1.2/accessors-smart-1.2.jar:/root/.m2/repository/org/ow2/asm/asm/5.0.4/asm-5.0.4.jar:/root/.m2/repository/org/apache/curator/curator-framework/2.12.0/curator-framework-2.12.0.jar:/root/.m2/repository/com/sun/jersey/jersey-core/1.19/jersey-core-1.19.jar:/root/.m2/repository/javax/ws/rs/jsr311-api/1.1.1/jsr311-api-1.1.1.jar:/root/.m2/repository/com/sun/jersey/jersey-server/1.19/jersey-server-1.19.jar:/root/.m2/repository/javax/servlet/javax.servlet-api/3.1.0/javax.servlet-api-3.1.0.jar:/root/.m2/repository/org/eclipse/jetty/jetty-server/9.3.24.v20180605/jetty-server-9.3.24.v20180605.jar:/root/.m2/repository/org/eclipse/jetty/jetty-http/9.3.24.v20180605/jetty-http-9.3.24.v20180605.jar:/root/.m2/repository/org/eclipse/jetty/jetty-io/9.3.24.v20180605/jetty-io-9.3.24.v20180605.jar:/root/.m2/repository/org/eclipse/jetty/jetty-webapp/9.3.24.v20180605/jetty-webapp-9.3.24.v20180605.jar:/root/.m2/repository/org/eclipse/jetty/jetty-xml/9.3.24.v20180605/jetty-xml-9.3.24.v20180605.jar:/root/.m2/repository/log4j/log4j/1.2.17/log4j-1.2.17.jar:/root/.m2/repository/org/slf4j/slf4j-api/1.7.25/slf4j-api-1.7.25.jar:/root/.m2/repository/org/slf4j/jul-to-slf4j/1.7.25/jul-to-slf4j-1.7.25.jar:/root/.m2/repository/org/eclipse/jetty/jetty-util/9.3.24.v20180605/jetty-util-9.3.24.v20180605.jar:/root/.m2/repository/io/dropwizard/metrics/metrics-core/3.2.4/metrics-core-3.2.4.jar:/root/.m2/repository/com/fasterxml/jackson/core/jackson-databind/2.9.5/jackson-databind-2.9.5.jar:/root/.m2/repository/org/apache/hadoop/hadoop-kms/3.2.0/hadoop-kms-3.2.0-tests.jar:/root/.m2/repository/org/apache/hadoop/hadoop-hdds-server-scm/0.5.0-SNAPSHOT/hadoop-hdds-server-scm-0.5.0-SNAPSHOT-tests.jar:/root/.m2/repository/org/hamcrest/hamcrest-all/1.3/hamcrest-all-1.3.jar:/root/.m2/repository/info/picocli/picocli/3.9.6/picocli-3.9.6.jar:/root/.m2/repository/org/apache/hadoop/hadoop-hdds-container-service/0.5.0-SNAPSHOT/hadoop-hdds-container-service-0.5.0-SNAPSHOT-tests.jar:/root/.m2/repository/org/yaml/snakeyaml/1.16/snakeyaml-1.16.jar:/root/.m2/repository/org/apache/hadoop/hadoop-common/3.2.0/hadoop-common-3.2.0-tests.jar:/root/.m2/repository/org/apache/hadoop/hadoop-annotations/3.2.0/hadoop-annotations-3.2.0.jar:/usr/lib/jvm/java-1.8-openjdk/jre/../lib/tools.jar:/root/.m2/repository/commons-cli/commons-cli/1.2/commons-cli-1.2.jar:/root/.m2/repository/org/apache/httpcomponents/httpclient/4.5.2/httpclient-4.5.2.jar:/root/.m2/repository/org/apache/httpcomponents/httpcore/4.4.4/httpcore-4.4.4.jar:/root/.m2/repository/commons-codec/commons-codec/1.11/commons-codec-1.11.jar:/root/.m2/repository/commons-net/commons-net/3.6/commons-net-3.6.jar:/root/.m2/repository/commons-collections/commons-collections/3.2.2/commons-collections-3.2.2.jar:/root/.m2/repository/org/eclipse/jetty/jetty-servlet/9.3.24.v20180605/jetty-servlet-9.3.24.v20180605.jar:/root/.m2/repository/org/eclipse/jetty/jetty-security/9.3.24.v20180605/jetty-security-9.3.24.v20180605.jar:/root/.m2/repository/javax/servlet/jsp/jsp-api/2.1/jsp-api-2.1.jar:/root/.m2/repository/com/sun/jersey/jersey-servlet/1.19/jersey-servlet-1.19.jar:/root/.m2/repository/com/sun/jersey/jersey-json/1.19/jersey-json-1.19.jar:/root/.m2/repository/org/codehaus/jettison/jettison/1.1/jettison-1.1.jar:/root/.m2/repository/org/codehaus/jackson/jackson-core-asl/1.9.13/jackson-core-asl-1.9.13.jar:/root/.m2/repository/org/codehaus/jackson/jackson-mapper-asl/1.9.13/jackson-mapper-asl-1.9.13.jar:/root/.m2/repository/org/codehaus/jackson/jackson-jaxrs/1.9.13/jackson-jaxrs-1.9.13.jar:/root/.m2/repository/org/codehaus/jackson/jackson-xc/1.9.13/jackson-xc-1.9.13.jar:/root/.m2/repository/commons-logging/commons-logging/1.1.3/commons-logging-1.1.3.jar:/root/.m2/repository/commons-beanutils/commons-beanutils/1.9.3/commons-beanutils-1.9.3.jar:/root/.m2/repository/org/apache/commons/commons-configuration2/2.1.1/commons-configuration2-2.1.1.jar:/root/.m2/repository/org/apache/commons/commons-lang3/3.7/commons-lang3-3.7.jar:/root/.m2/repository/org/apache/commons/commons-text/1.4/commons-text-1.4.jar:/root/.m2/repository/org/apache/avro/avro/1.7.7/avro-1.7.7.jar:/root/.m2/repository/com/thoughtworks/paranamer/paranamer/2.3/paranamer-2.3.jar:/root/.m2/repository/org/xerial/snappy/snappy-java/1.0.5/snappy-java-1.0.5.jar:/root/.m2/repository/com/google/re2j/re2j/1.1/re2j-1.1.jar:/root/.m2/repository/com/google/code/gson/gson/2.2.4/gson-2.2.4.jar:/root/.m2/repository/com/jcraft/jsch/0.1.54/jsch-0.1.54.jar:/root/.m2/repository/org/apache/curator/curator-client/2.12.0/curator-client-2.12.0.jar:/root/.m2/repository/org/apache/curator/curator-recipes/2.12.0/curator-recipes-2.12.0.jar:/root/.m2/repository/com/google/code/findbugs/jsr305/3.0.0/jsr305-3.0.0.jar:/root/.m2/repository/org/apache/htrace/htrace-core4/4.1.0-incubating/htrace-core4-4.1.0-incubating.jar:/root/.m2/repository/org/apache/zookeeper/zookeeper/3.4.13/zookeeper-3.4.13.jar:/root/.m2/repository/org/apache/yetus/audience-annotations/0.5.0/audience-annotations-0.5.0.jar:/root/.m2/repository/org/codehaus/woodstox/stax2-api/3.1.4/stax2-api-3.1.4.jar:/root/.m2/repository/com/fasterxml/woodstox/woodstox-core/5.0.3/woodstox-core-5.0.3.jar:/root/.m2/repository/dnsjava/dnsjava/2.1.7/dnsjava-2.1.7.jar:/root/.m2/repository/org/apache/hadoop/hadoop-hdfs/3.2.0/hadoop-hdfs-3.2.0-tests.jar:/root/.m2/repository/org/eclipse/jetty/jetty-util-ajax/9.3.24.v20180605/jetty-util-ajax-9.3.24.v20180605.jar:/root/.m2/repository/commons-daemon/commons-daemon/1.0.13/commons-daemon-1.0.13.jar:/root/.m2/repository/io/netty/netty/3.10.5.Final/netty-3.10.5.Final.jar:/root/.m2/repository/io/netty/netty-all/4.0.52.Final/netty-all-4.0.52.Final.jar:/root/.m2/repository/org/fusesource/leveldbjni/leveldbjni-all/1.8/leveldbjni-all-1.8.jar:"/>
    <property name="sun.cpu.endian" value="little"/>
    <property name="user.home" value="/root"/>
    <property name="user.language" value="en"/>
    <property name="java.specification.vendor" value="Oracle Corporation"/>
    <property name="java.home" value="/usr/lib/jvm/java-1.8-openjdk/jre"/>
    <property name="java.security.krb5.conf" value="/opt/src/hadoop-ozone/integration-test/target/test-classes/krb5.conf"/>
    <property name="basedir" value="/opt/src/hadoop-ozone/integration-test"/>
    <property name="file.separator" value="/"/>
    <property name="line.separator" value="&#10;"/>
    <property name="java.vm.specification.vendor" value="Oracle Corporation"/>
    <property name="java.specification.name" value="Java Platform API Specification"/>
    <property name="java.awt.graphicsenv" value="sun.awt.X11GraphicsEnvironment"/>
    <property name="surefire.real.class.path" value="/opt/src/hadoop-ozone/integration-test/target/surefire/surefirebooter74415253735969445.jar"/>
    <property name="hadoop.log.dir" value="/opt/src/hadoop-ozone/integration-test/target/log"/>
    <property name="sun.boot.class.path" value="/usr/lib/jvm/java-1.8-openjdk/jre/lib/resources.jar:/usr/lib/jvm/java-1.8-openjdk/jre/lib/rt.jar:/usr/lib/jvm/java-1.8-openjdk/jre/lib/sunrsasign.jar:/usr/lib/jvm/java-1.8-openjdk/jre/lib/jsse.jar:/usr/lib/jvm/java-1.8-openjdk/jre/lib/jce.jar:/usr/lib/jvm/java-1.8-openjdk/jre/lib/charsets.jar:/usr/lib/jvm/java-1.8-openjdk/jre/lib/jfr.jar:/usr/lib/jvm/java-1.8-openjdk/jre/classes"/>
    <property name="sun.management.compiler" value="HotSpot 64-Bit Tiered Compilers"/>
    <property name="java.runtime.version" value="1.8.0_212-b04"/>
    <property name="java.net.preferIPv4Stack" value="true"/>
    <property name="user.name" value="root"/>
    <property name="path.separator" value=":"/>
    <property name="java.security.egd" value="file:///dev/urandom"/>
    <property name="os.version" value="4.15.0-1021-aws"/>
    <property name="java.endorsed.dirs" value="/usr/lib/jvm/java-1.8-openjdk/jre/lib/endorsed"/>
    <property name="java.runtime.name" value="OpenJDK Runtime Environment"/>
    <property name="file.encoding" value="UTF-8"/>
    <property name="java.vm.name" value="OpenJDK 64-Bit Server VM"/>
    <property name="test.build.webapps" value=""/>
    <property name="localRepository" value="/root/.m2/repository"/>
    <property name="java.vendor.url.bug" value="https://icedtea.classpath.org/bugzilla"/>
    <property name="java.io.tmpdir" value="/tmp"/>
    <property name="require.test.libhadoop" value=""/>
    <property name="java.version" value="1.8.0_212"/>
    <property name="user.dir" value="/opt/src/hadoop-ozone/integration-test"/>
    <property name="os.arch" value="amd64"/>
    <property name="java.vm.specification.name" value="Java Virtual Machine Specification"/>
    <property name="test.build.classes" value="/opt/src/hadoop-ozone/integration-test/target/test-classes"/>
    <property name="java.awt.printerjob" value="sun.print.PSPrinterJob"/>
    <property name="sun.os.patch.level" value="unknown"/>
    <property name="hadoop.tmp.dir" value="/opt/src/hadoop-ozone/integration-test/target/tmp"/>
    <property name="java.library.path" value="/usr/lib/jvm/java-1.8-openjdk/jre/lib/amd64/server:/usr/lib/jvm/java-1.8-openjdk/jre/lib/amd64:/usr/lib/jvm/java-1.8-openjdk/jre/../lib/amd64:/opt/src/hadoop-ozone/integration-test/target/native/target/usr/local/lib:/opt/src/hadoop-ozone/integration-test/../../hadoop-common-project/hadoop-common/target/native/target/usr/local/lib:/usr/java/packages/lib/amd64:/usr/lib64:/lib64:/lib:/usr/lib"/>
    <property name="java.vm.info" value="mixed mode"/>
    <property name="java.vendor" value="IcedTea"/>
    <property name="java.vm.version" value="25.212-b04"/>
    <property name="java.ext.dirs" value="/usr/lib/jvm/java-1.8-openjdk/jre/lib/ext:/usr/java/packages/lib/ext"/>
    <property name="sun.io.unicode.encoding" value="UnicodeLittle"/>
    <property name="java.class.version" value="52.0"/>
  </properties>
  <testcase name="testPipelineFail" classname="org.apache.hadoop.hdds.scm.pipeline.TestNodeFailure" time="0">
    <skipped/>
    <system-out><![CDATA[2019-06-13 02:06:04,280 WARN  server.ServerUtils (ServerUtils.java:getScmDbDir(145)) - ozone.scm.db.dirs is not configured. We recommend adding this setting. Falling back to ozone.metadata.dirs instead.
2019-06-13 02:06:04,349 WARN  server.ServerUtils (ServerUtils.java:getScmDbDir(145)) - ozone.scm.db.dirs is not configured. We recommend adding this setting. Falling back to ozone.metadata.dirs instead.
2019-06-13 02:06:04,352 WARN  server.ServerUtils (ServerUtils.java:getScmDbDir(145)) - ozone.scm.db.dirs is not configured. We recommend adding this setting. Falling back to ozone.metadata.dirs instead.
2019-06-13 02:06:04,367 INFO  util.log (Log.java:initialized(192)) - Logging initialized @737ms
2019-06-13 02:06:04,448 INFO  db.DBStoreBuilder (DBStoreBuilder.java:addTable(110)) - using custom profile for table: deletedBlocks
2019-06-13 02:06:04,448 INFO  db.DBStoreBuilder (DBStoreBuilder.java:processTables(161)) - Using default column profile:DBProfile.DISK for Table:deletedBlocks
2019-06-13 02:06:04,448 INFO  db.DBStoreBuilder (DBStoreBuilder.java:addTable(110)) - using custom profile for table: validCerts
2019-06-13 02:06:04,448 INFO  db.DBStoreBuilder (DBStoreBuilder.java:processTables(161)) - Using default column profile:DBProfile.DISK for Table:validCerts
2019-06-13 02:06:04,449 INFO  db.DBStoreBuilder (DBStoreBuilder.java:addTable(110)) - using custom profile for table: revokedCerts
2019-06-13 02:06:04,449 INFO  db.DBStoreBuilder (DBStoreBuilder.java:processTables(161)) - Using default column profile:DBProfile.DISK for Table:revokedCerts
2019-06-13 02:06:04,458 INFO  db.DBStoreBuilder (DBStoreBuilder.java:addTable(110)) - using custom profile for table: default
2019-06-13 02:06:04,458 INFO  db.DBStoreBuilder (DBStoreBuilder.java:processTables(167)) - Using default column profile:DBProfile.DISK for Table:default
2019-06-13 02:06:04,460 INFO  db.DBStoreBuilder (DBStoreBuilder.java:getDbProfile(198)) - Using default options. DBProfile.DISK
2019-06-13 02:06:04,527 INFO  node.SCMNodeManager (SCMNodeManager.java:<init>(108)) - Entering startup safe mode.
2019-06-13 02:06:04,578 INFO  net.NodeSchemaLoader (NodeSchemaLoader.java:loadSchemaFromFile(125)) - Loading file from sun.misc.CompoundEnumeration@443118b0
2019-06-13 02:06:04,579 INFO  net.NodeSchemaLoader (NodeSchemaLoader.java:loadSchema(171)) - Loading network topology layer schema file
2019-06-13 02:06:04,631 WARN  server.ServerUtils (ServerUtils.java:getScmDbDir(145)) - ozone.scm.db.dirs is not configured. We recommend adding this setting. Falling back to ozone.metadata.dirs instead.
2019-06-13 02:06:04,652 INFO  pipeline.SCMPipelineManager (SCMPipelineManager.java:initializePipelineState(126)) - No pipeline exists in current db
2019-06-13 02:06:04,654 WARN  server.ServerUtils (ServerUtils.java:getScmDbDir(145)) - ozone.scm.db.dirs is not configured. We recommend adding this setting. Falling back to ozone.metadata.dirs instead.
2019-06-13 02:06:04,712 WARN  events.EventQueue (EventQueue.java:fireEvent(175)) - No event handler registered for event TypedEvent{payloadType=SafeModeStatus, name='SafeModeStatus'}
2019-06-13 02:06:05,113 INFO  ipc.CallQueueManager (CallQueueManager.java:<init>(84)) - Using callQueue: class java.util.concurrent.LinkedBlockingQueue, queueCapacity: 2000, scheduler: class org.apache.hadoop.ipc.DefaultRpcScheduler, ipcBackoff: false.
2019-06-13 02:06:05,149 INFO  ipc.Server (Server.java:run(1074)) - Starting Socket Reader #1 for port 40433
2019-06-13 02:06:05,198 INFO  ipc.CallQueueManager (CallQueueManager.java:<init>(84)) - Using callQueue: class java.util.concurrent.LinkedBlockingQueue, queueCapacity: 2000, scheduler: class org.apache.hadoop.ipc.DefaultRpcScheduler, ipcBackoff: false.
2019-06-13 02:06:05,202 INFO  ipc.Server (Server.java:run(1074)) - Starting Socket Reader #1 for port 44087
2019-06-13 02:06:05,231 INFO  ipc.CallQueueManager (CallQueueManager.java:<init>(84)) - Using callQueue: class java.util.concurrent.LinkedBlockingQueue, queueCapacity: 2000, scheduler: class org.apache.hadoop.ipc.DefaultRpcScheduler, ipcBackoff: false.
2019-06-13 02:06:05,298 INFO  ipc.Server (Server.java:run(1074)) - Starting Socket Reader #1 for port 40951
2019-06-13 02:06:05,320 INFO  hdfs.DFSUtil (DFSUtil.java:httpServerTemplateForNNAndJN(1641)) - Starting Web-server for scm at: http://0.0.0.0:0
2019-06-13 02:06:05,558 INFO  server.AuthenticationFilter (AuthenticationFilter.java:constructSecretProvider(240)) - Unable to initialize FileSignerSecretProvider, falling back to use random secrets.
2019-06-13 02:06:05,568 WARN  http.HttpRequestLog (HttpRequestLog.java:getRequestLog(97)) - Jetty request log can only be enabled using Log4j
2019-06-13 02:06:05,581 INFO  http.HttpServer2 (HttpServer2.java:addGlobalFilter(975)) - Added global filter 'safety' (class=org.apache.hadoop.http.HttpServer2$QuotingInputFilter)
2019-06-13 02:06:05,586 INFO  http.HttpServer2 (HttpServer2.java:addFilter(948)) - Added filter static_user_filter (class=org.apache.hadoop.http.lib.StaticUserWebFilter$StaticUserFilter) to context scm
2019-06-13 02:06:05,586 INFO  http.HttpServer2 (HttpServer2.java:addFilter(958)) - Added filter static_user_filter (class=org.apache.hadoop.http.lib.StaticUserWebFilter$StaticUserFilter) to context logs
2019-06-13 02:06:05,586 INFO  http.HttpServer2 (HttpServer2.java:addFilter(958)) - Added filter static_user_filter (class=org.apache.hadoop.http.lib.StaticUserWebFilter$StaticUserFilter) to context static
2019-06-13 02:06:05,624 INFO  server.StorageContainerManager (StorageContainerManager.java:start(752)) - StorageContainerLocationProtocol RPC server is listening at /0.0.0.0:40951
2019-06-13 02:06:05,692 WARN  impl.MetricsConfig (MetricsConfig.java:loadFirst(134)) - Cannot locate configuration: tried hadoop-metrics2-storagecontainermanager.properties,hadoop-metrics2.properties
2019-06-13 02:06:05,712 INFO  impl.MetricsSystemImpl (MetricsSystemImpl.java:startTimer(374)) - Scheduled Metric snapshot period at 10 second(s).
2019-06-13 02:06:05,712 INFO  impl.MetricsSystemImpl (MetricsSystemImpl.java:start(191)) - StorageContainerManager metrics system started
2019-06-13 02:06:05,946 INFO  server.SCMClientProtocolServer (SCMClientProtocolServer.java:start(149)) - RPC server for Client  is listening at /0.0.0.0:40951
2019-06-13 02:06:05,947 INFO  ipc.Server (Server.java:run(1314)) - IPC Server Responder: starting
2019-06-13 02:06:05,947 INFO  ipc.Server (Server.java:run(1153)) - IPC Server listener on 40951: starting
2019-06-13 02:06:05,960 INFO  server.StorageContainerManager (StorageContainerManager.java:start(761)) - ScmBlockLocationProtocol RPC server is listening at /0.0.0.0:44087
2019-06-13 02:06:05,960 INFO  server.SCMBlockProtocolServer (SCMBlockProtocolServer.java:start(137)) - RPC server for Block Protocol is listening at /0.0.0.0:44087
2019-06-13 02:06:05,961 INFO  ipc.Server (Server.java:run(1314)) - IPC Server Responder: starting
2019-06-13 02:06:05,961 INFO  ipc.Server (Server.java:run(1153)) - IPC Server listener on 44087: starting
2019-06-13 02:06:05,976 INFO  server.StorageContainerManager (StorageContainerManager.java:start(765)) - ScmDatanodeProtocl RPC server is listening at /0.0.0.0:40433
2019-06-13 02:06:05,976 INFO  server.SCMDatanodeProtocolServer (SCMDatanodeProtocolServer.java:start(191)) - RPC server for DataNodes is listening at /0.0.0.0:40433
2019-06-13 02:06:05,977 INFO  ipc.Server (Server.java:run(1314)) - IPC Server Responder: starting
2019-06-13 02:06:05,977 INFO  ipc.Server (Server.java:run(1153)) - IPC Server listener on 40433: starting
2019-06-13 02:06:05,984 INFO  http.HttpServer2 (HttpServer2.java:bindListener(1191)) - Jetty bound to port 37693
2019-06-13 02:06:05,986 INFO  server.Server (Server.java:doStart(351)) - jetty-9.3.24.v20180605, build timestamp: 2018-06-05T17:11:56Z, git hash: 84205aa28f11a4f31f2a3b86d1bba2cc8ab69827
2019-06-13 02:06:06,030 INFO  handler.ContextHandler (ContextHandler.java:doStart(781)) - Started o.e.j.s.ServletContextHandler@2df6226d{/logs,file:///opt/src/hadoop-ozone/integration-test/target/log,AVAILABLE}
2019-06-13 02:06:06,034 INFO  handler.ContextHandler (ContextHandler.java:doStart(781)) - Started o.e.j.s.ServletContextHandler@4ff4357f{/static,file:///opt/src/hadoop-ozone/integration-test/target/test-classes/webapps/static,AVAILABLE}
2019-06-13 02:06:06,088 INFO  handler.ContextHandler (ContextHandler.java:doStart(781)) - Started o.e.j.w.WebAppContext@34645867{/,file:///opt/src/hadoop-ozone/integration-test/target/test-classes/webapps/scm/,AVAILABLE}{/scm}
2019-06-13 02:06:06,095 INFO  server.AbstractConnector (AbstractConnector.java:doStart(278)) - Started ServerConnector@22258089{HTTP/1.1,[http/1.1]}{0.0.0.0:37693}
2019-06-13 02:06:06,096 INFO  server.Server (Server.java:doStart(419)) - Started @2466ms
2019-06-13 02:06:06,098 INFO  server.BaseHttpServer (BaseHttpServer.java:updateConnectorAddress(207)) - HTTP server of SCM is listening at http://0.0.0.0:37693
2019-06-13 02:06:06,119 INFO  util.JvmPauseMonitor (JvmPauseMonitor.java:run(188)) - Starting JVM pause monitor
2019-06-13 02:06:06,125 WARN  scm.ScmUtils (ScmUtils.java:getDBPath(63)) - ozone.om.db.dirs is not configured. We recommend adding this setting. Falling back to ozone.metadata.dirs instead.
2019-06-13 02:06:06,291 WARN  scm.ScmUtils (ScmUtils.java:getDBPath(63)) - ozone.om.db.dirs is not configured. We recommend adding this setting. Falling back to ozone.metadata.dirs instead.
2019-06-13 02:06:06,292 INFO  om.OzoneManager (OzoneManager.java:setOMNodeDetails(519)) - OM Service ID is not set. Setting it to the default ID: omServiceIdDefault
2019-06-13 02:06:06,293 INFO  om.OzoneManager (OzoneManager.java:setOMNodeDetails(525)) - OM Node ID is not set. Setting it to the OmStorage's OmID: f7c4959a-8935-4bbb-9879-60b5b1f633e1
2019-06-13 02:06:06,294 WARN  scm.HddsServerUtil (HddsServerUtil.java:getDefaultRatisDirectory(354)) - Storage directory for Ratis is not configured. It is a good idea to map this to an SSD disk. Falling back to ozone.metadata.dirs
2019-06-13 02:06:06,295 WARN  scm.HddsServerUtil (HddsServerUtil.java:getDefaultRatisDirectory(354)) - Storage directory for Ratis is not configured. It is a good idea to map this to an SSD disk. Falling back to ozone.metadata.dirs
2019-06-13 02:06:06,295 INFO  om.OzoneManager (OzoneManager.java:loadOMHAConfigs(476)) - Found matching OM address with OMServiceId: null, OMNodeId: null, RPC Address: localhost:0 and Ratis port: 9872
2019-06-13 02:06:06,576 WARN  scm.ScmUtils (ScmUtils.java:getDBPath(63)) - ozone.om.db.dirs is not configured. We recommend adding this setting. Falling back to ozone.metadata.dirs instead.
2019-06-13 02:06:06,582 INFO  db.DBStoreBuilder (DBStoreBuilder.java:addTable(110)) - using custom profile for table: userTable
2019-06-13 02:06:06,583 INFO  db.DBStoreBuilder (DBStoreBuilder.java:processTables(161)) - Using default column profile:DBProfile.DISK for Table:userTable
2019-06-13 02:06:06,583 INFO  db.DBStoreBuilder (DBStoreBuilder.java:addTable(110)) - using custom profile for table: volumeTable
2019-06-13 02:06:06,583 INFO  db.DBStoreBuilder (DBStoreBuilder.java:processTables(161)) - Using default column profile:DBProfile.DISK for Table:volumeTable
2019-06-13 02:06:06,583 INFO  db.DBStoreBuilder (DBStoreBuilder.java:addTable(110)) - using custom profile for table: bucketTable
2019-06-13 02:06:06,584 INFO  db.DBStoreBuilder (DBStoreBuilder.java:processTables(161)) - Using default column profile:DBProfile.DISK for Table:bucketTable
2019-06-13 02:06:06,584 INFO  db.DBStoreBuilder (DBStoreBuilder.java:addTable(110)) - using custom profile for table: keyTable
2019-06-13 02:06:06,584 INFO  db.DBStoreBuilder (DBStoreBuilder.java:processTables(161)) - Using default column profile:DBProfile.DISK for Table:keyTable
2019-06-13 02:06:06,589 INFO  db.DBStoreBuilder (DBStoreBuilder.java:addTable(110)) - using custom profile for table: deletedTable
2019-06-13 02:06:06,590 INFO  db.DBStoreBuilder (DBStoreBuilder.java:processTables(161)) - Using default column profile:DBProfile.DISK for Table:deletedTable
2019-06-13 02:06:06,590 INFO  db.DBStoreBuilder (DBStoreBuilder.java:addTable(110)) - using custom profile for table: openKeyTable
2019-06-13 02:06:06,590 INFO  db.DBStoreBuilder (DBStoreBuilder.java:processTables(161)) - Using default column profile:DBProfile.DISK for Table:openKeyTable
2019-06-13 02:06:06,590 INFO  db.DBStoreBuilder (DBStoreBuilder.java:addTable(110)) - using custom profile for table: s3Table
2019-06-13 02:06:06,590 INFO  db.DBStoreBuilder (DBStoreBuilder.java:processTables(161)) - Using default column profile:DBProfile.DISK for Table:s3Table
2019-06-13 02:06:06,590 INFO  db.DBStoreBuilder (DBStoreBuilder.java:addTable(110)) - using custom profile for table: multipartInfoTable
2019-06-13 02:06:06,591 INFO  db.DBStoreBuilder (DBStoreBuilder.java:processTables(161)) - Using default column profile:DBProfile.DISK for Table:multipartInfoTable
2019-06-13 02:06:06,591 INFO  db.DBStoreBuilder (DBStoreBuilder.java:addTable(110)) - using custom profile for table: dTokenTable
2019-06-13 02:06:06,591 INFO  db.DBStoreBuilder (DBStoreBuilder.java:processTables(161)) - Using default column profile:DBProfile.DISK for Table:dTokenTable
2019-06-13 02:06:06,591 INFO  db.DBStoreBuilder (DBStoreBuilder.java:addTable(110)) - using custom profile for table: s3SecretTable
2019-06-13 02:06:06,591 INFO  db.DBStoreBuilder (DBStoreBuilder.java:processTables(161)) - Using default column profile:DBProfile.DISK for Table:s3SecretTable
2019-06-13 02:06:06,592 INFO  db.DBStoreBuilder (DBStoreBuilder.java:addTable(110)) - using custom profile for table: prefixTable
2019-06-13 02:06:06,592 INFO  db.DBStoreBuilder (DBStoreBuilder.java:processTables(161)) - Using default column profile:DBProfile.DISK for Table:prefixTable
2019-06-13 02:06:06,592 INFO  db.DBStoreBuilder (DBStoreBuilder.java:addTable(110)) - using custom profile for table: default
2019-06-13 02:06:06,592 INFO  db.DBStoreBuilder (DBStoreBuilder.java:processTables(167)) - Using default column profile:DBProfile.DISK for Table:default
2019-06-13 02:06:06,593 INFO  db.DBStoreBuilder (DBStoreBuilder.java:getDbProfile(198)) - Using default options. DBProfile.DISK
2019-06-13 02:06:07,226 INFO  ipc.CallQueueManager (CallQueueManager.java:<init>(84)) - Using callQueue: class java.util.concurrent.LinkedBlockingQueue, queueCapacity: 2000, scheduler: class org.apache.hadoop.ipc.DefaultRpcScheduler, ipcBackoff: false.
2019-06-13 02:06:07,227 INFO  ipc.Server (Server.java:run(1074)) - Starting Socket Reader #1 for port 42735
2019-06-13 02:06:07,258 WARN  scm.ScmUtils (ScmUtils.java:getDBPath(63)) - ozone.om.db.dirs is not configured. We recommend adding this setting. Falling back to ozone.metadata.dirs instead.
2019-06-13 02:06:07,258 INFO  om.OzoneManager (OzoneManager.java:start(1217)) - OzoneManager RPC server is listening at localhost/127.0.0.1:42735
2019-06-13 02:06:07,258 INFO  impl.MetricsSystemImpl (MetricsSystemImpl.java:init(158)) - OzoneManager metrics system started (again)
2019-06-13 02:06:07,269 INFO  ipc.Server (Server.java:run(1314)) - IPC Server Responder: starting
2019-06-13 02:06:07,270 INFO  ipc.Server (Server.java:run(1153)) - IPC Server listener on 42735: starting
2019-06-13 02:06:07,281 INFO  hdfs.DFSUtil (DFSUtil.java:httpServerTemplateForNNAndJN(1641)) - Starting Web-server for ozoneManager at: http://0.0.0.0:0
2019-06-13 02:06:07,283 INFO  server.AuthenticationFilter (AuthenticationFilter.java:constructSecretProvider(240)) - Unable to initialize FileSignerSecretProvider, falling back to use random secrets.
2019-06-13 02:06:07,283 WARN  http.HttpRequestLog (HttpRequestLog.java:getRequestLog(97)) - Jetty request log can only be enabled using Log4j
2019-06-13 02:06:07,286 INFO  http.HttpServer2 (HttpServer2.java:addGlobalFilter(975)) - Added global filter 'safety' (class=org.apache.hadoop.http.HttpServer2$QuotingInputFilter)
2019-06-13 02:06:07,287 INFO  http.HttpServer2 (HttpServer2.java:addFilter(948)) - Added filter static_user_filter (class=org.apache.hadoop.http.lib.StaticUserWebFilter$StaticUserFilter) to context ozoneManager
2019-06-13 02:06:07,288 INFO  http.HttpServer2 (HttpServer2.java:addFilter(958)) - Added filter static_user_filter (class=org.apache.hadoop.http.lib.StaticUserWebFilter$StaticUserFilter) to context logs
2019-06-13 02:06:07,288 INFO  http.HttpServer2 (HttpServer2.java:addFilter(958)) - Added filter static_user_filter (class=org.apache.hadoop.http.lib.StaticUserWebFilter$StaticUserFilter) to context static
2019-06-13 02:06:07,292 INFO  http.HttpServer2 (HttpServer2.java:bindListener(1191)) - Jetty bound to port 46629
2019-06-13 02:06:07,292 INFO  server.Server (Server.java:doStart(351)) - jetty-9.3.24.v20180605, build timestamp: 2018-06-05T17:11:56Z, git hash: 84205aa28f11a4f31f2a3b86d1bba2cc8ab69827
2019-06-13 02:06:07,307 INFO  handler.ContextHandler (ContextHandler.java:doStart(781)) - Started o.e.j.s.ServletContextHandler@67207d8a{/logs,file:///opt/src/hadoop-ozone/integration-test/target/log,AVAILABLE}
2019-06-13 02:06:07,308 INFO  handler.ContextHandler (ContextHandler.java:doStart(781)) - Started o.e.j.s.ServletContextHandler@7c2a69b4{/static,file:///opt/src/hadoop-ozone/integration-test/target/test-classes/webapps/static,AVAILABLE}
2019-06-13 02:06:07,314 INFO  handler.ContextHandler (ContextHandler.java:doStart(781)) - Started o.e.j.w.WebAppContext@69ce2f62{/,file:///opt/src/hadoop-ozone/integration-test/target/test-classes/webapps/ozoneManager/,AVAILABLE}{/ozoneManager}
2019-06-13 02:06:07,315 INFO  server.AbstractConnector (AbstractConnector.java:doStart(278)) - Started ServerConnector@c9d82f9{HTTP/1.1,[http/1.1]}{0.0.0.0:46629}
2019-06-13 02:06:07,316 INFO  server.Server (Server.java:doStart(419)) - Started @3686ms
2019-06-13 02:06:07,317 INFO  server.BaseHttpServer (BaseHttpServer.java:updateConnectorAddress(207)) - HTTP server of OZONEMANAGER is listening at http://0.0.0.0:46629
2019-06-13 02:06:07,498 INFO  impl.MetricsSystemImpl (MetricsSystemImpl.java:init(158)) - HddsDatanode metrics system started (again)
2019-06-13 02:06:07,688 INFO  ozone.HddsDatanodeService (HddsDatanodeService.java:start(185)) - HddsDatanodeService host:ozone-j8jbj-2148119425 ip:192.168.19.63
2019-06-13 02:06:07,760 INFO  volume.HddsVolume (HddsVolume.java:<init>(176)) - Creating Volume: /opt/src/hadoop-ozone/integration-test/target/test-dir/MiniOzoneClusterImpl-dacb967f-046d-489e-8e03-6a48fce0d45d/datanode-0/data/containers/hdds of  storage type : DISK and capacity : 104021790720
2019-06-13 02:06:07,763 INFO  volume.VolumeSet (VolumeSet.java:initializeVolumeSet(170)) - Added Volume : /opt/src/hadoop-ozone/integration-test/target/test-dir/MiniOzoneClusterImpl-dacb967f-046d-489e-8e03-6a48fce0d45d/datanode-0/data/containers/hdds to VolumeSet
2019-06-13 02:06:07,767 INFO  volume.ThrottledAsyncChecker (ThrottledAsyncChecker.java:schedule(140)) - Scheduling a check for org.apache.hadoop.ozone.container.common.volume.HddsVolume@6892cc6f
2019-06-13 02:06:07,806 INFO  volume.HddsVolumeChecker (HddsVolumeChecker.java:checkAllVolumes(203)) - Scheduled health check for volume org.apache.hadoop.ozone.container.common.volume.HddsVolume@6892cc6f
2019-06-13 02:06:07,862 INFO  ratis.XceiverServerRatis (XceiverServerRatis.java:newXceiverServerRatis(401)) - Found a free port for the server : 35579
2019-06-13 02:06:07,941 INFO  impl.RaftServerProxy (ConfUtils.java:logGet(43)) - raft.rpc.type = GRPC (default)
2019-06-13 02:06:07,951 INFO  grpc.GrpcConfigKeys$Server (ConfUtils.java:logGet(43)) - raft.grpc.server.port = 35579 (custom)
2019-06-13 02:06:07,952 INFO  server.GrpcService (ConfUtils.java:logGet(43)) - raft.grpc.message.size.max = 33570816 (custom)
2019-06-13 02:06:07,954 INFO  server.RaftServerConfigKeys (ConfUtils.java:logGet(43)) - raft.server.log.appender.buffer.byte-limit = 33554432 (custom)
2019-06-13 02:06:07,954 INFO  server.GrpcService (ConfUtils.java:logGet(43)) - raft.grpc.flow.control.window = 1MB (=1048576) (default)
2019-06-13 02:06:07,955 INFO  server.RaftServerConfigKeys (ConfUtils.java:logGet(43)) - raft.server.rpc.request.timeout = 3000ms (default)
2019-06-13 02:06:08,134 INFO  server.RaftServerConfigKeys (ConfUtils.java:logGet(43)) - raft.server.storage.dir = [/opt/src/hadoop-ozone/integration-test/target/test-dir/MiniOzoneClusterImpl-dacb967f-046d-489e-8e03-6a48fce0d45d/datanode-0/data/ratis] (custom)
2019-06-13 02:06:08,147 INFO  server.XceiverServerGrpc (XceiverServerGrpc.java:<init>(97)) - Found a free port for the server : 44513
2019-06-13 02:06:08,180 INFO  replication.SimpleContainerDownloader (SimpleContainerDownloader.java:<init>(72)) - Starting container downloader service to copy containers to replicate.
2019-06-13 02:06:08,196 INFO  hdfs.DFSUtil (DFSUtil.java:httpServerTemplateForNNAndJN(1641)) - Starting Web-server for hddsDatanode at: http://0.0.0.0:0
2019-06-13 02:06:08,198 INFO  server.AuthenticationFilter (AuthenticationFilter.java:constructSecretProvider(240)) - Unable to initialize FileSignerSecretProvider, falling back to use random secrets.
2019-06-13 02:06:08,199 WARN  http.HttpRequestLog (HttpRequestLog.java:getRequestLog(97)) - Jetty request log can only be enabled using Log4j
2019-06-13 02:06:08,202 INFO  http.HttpServer2 (HttpServer2.java:addGlobalFilter(975)) - Added global filter 'safety' (class=org.apache.hadoop.http.HttpServer2$QuotingInputFilter)
2019-06-13 02:06:08,203 INFO  http.HttpServer2 (HttpServer2.java:addFilter(948)) - Added filter static_user_filter (class=org.apache.hadoop.http.lib.StaticUserWebFilter$StaticUserFilter) to context hddsDatanode
2019-06-13 02:06:08,203 INFO  http.HttpServer2 (HttpServer2.java:addFilter(958)) - Added filter static_user_filter (class=org.apache.hadoop.http.lib.StaticUserWebFilter$StaticUserFilter) to context static
2019-06-13 02:06:08,203 INFO  http.HttpServer2 (HttpServer2.java:addFilter(958)) - Added filter static_user_filter (class=org.apache.hadoop.http.lib.StaticUserWebFilter$StaticUserFilter) to context logs
2019-06-13 02:06:08,204 INFO  http.HttpServer2 (HttpServer2.java:bindListener(1191)) - Jetty bound to port 41801
2019-06-13 02:06:08,204 INFO  server.Server (Server.java:doStart(351)) - jetty-9.3.24.v20180605, build timestamp: 2018-06-05T17:11:56Z, git hash: 84205aa28f11a4f31f2a3b86d1bba2cc8ab69827
2019-06-13 02:06:08,242 INFO  handler.ContextHandler (ContextHandler.java:doStart(781)) - Started o.e.j.s.ServletContextHandler@1317b708{/logs,file:///opt/src/hadoop-ozone/integration-test/target/log,AVAILABLE}
2019-06-13 02:06:08,248 INFO  handler.ContextHandler (ContextHandler.java:doStart(781)) - Started o.e.j.s.ServletContextHandler@2e51d054{/static,jar:file:/root/.m2/repository/org/apache/hadoop/hadoop-hdds-container-service/0.5.0-SNAPSHOT/hadoop-hdds-container-service-0.5.0-SNAPSHOT.jar!/webapps/static,AVAILABLE}
2019-06-13 02:06:08,310 INFO  handler.ContextHandler (ContextHandler.java:doStart(781)) - Started o.e.j.w.WebAppContext@20de05e5{/,file:///tmp/jetty-0.0.0.0-41801-hddsDatanode-_-any-4163231650904541963.dir/webapp/,AVAILABLE}{/hddsDatanode}
2019-06-13 02:06:08,311 INFO  server.AbstractConnector (AbstractConnector.java:doStart(278)) - Started ServerConnector@36c0d0bd{HTTP/1.1,[http/1.1]}{0.0.0.0:41801}
2019-06-13 02:06:08,311 INFO  server.Server (Server.java:doStart(419)) - Started @4681ms
2019-06-13 02:06:08,312 INFO  server.BaseHttpServer (BaseHttpServer.java:updateConnectorAddress(207)) - HTTP server of HDDSDATANODE is listening at http://0.0.0.0:41801
2019-06-13 02:06:09,422 INFO  ozone.HddsDatanodeService (HddsDatanodeService.java:startPlugins(396)) - Started plug-in org.apache.hadoop.ozone.web.OzoneHddsDatanodeService@2da81754
2019-06-13 02:06:09,425 INFO  impl.MetricsSystemImpl (MetricsSystemImpl.java:init(158)) - HddsDatanode metrics system started (again)
2019-06-13 02:06:09,426 INFO  ozone.HddsDatanodeService (HddsDatanodeService.java:start(185)) - HddsDatanodeService host:ozone-j8jbj-2148119425 ip:192.168.19.63
2019-06-13 02:06:09,474 INFO  volume.HddsVolume (HddsVolume.java:<init>(176)) - Creating Volume: /opt/src/hadoop-ozone/integration-test/target/test-dir/MiniOzoneClusterImpl-dacb967f-046d-489e-8e03-6a48fce0d45d/datanode-1/data/containers/hdds of  storage type : DISK and capacity : 104021790720
2019-06-13 02:06:09,474 INFO  volume.VolumeSet (VolumeSet.java:initializeVolumeSet(170)) - Added Volume : /opt/src/hadoop-ozone/integration-test/target/test-dir/MiniOzoneClusterImpl-dacb967f-046d-489e-8e03-6a48fce0d45d/datanode-1/data/containers/hdds to VolumeSet
2019-06-13 02:06:09,474 INFO  volume.ThrottledAsyncChecker (ThrottledAsyncChecker.java:schedule(140)) - Scheduling a check for org.apache.hadoop.ozone.container.common.volume.HddsVolume@2b08772d
2019-06-13 02:06:09,495 INFO  volume.HddsVolumeChecker (HddsVolumeChecker.java:checkAllVolumes(203)) - Scheduled health check for volume org.apache.hadoop.ozone.container.common.volume.HddsVolume@2b08772d
2019-06-13 02:06:09,548 INFO  util.JvmPauseMonitor (JvmPauseMonitor.java:run(188)) - Starting JVM pause monitor
2019-06-13 02:06:09,558 INFO  ratis.XceiverServerRatis (XceiverServerRatis.java:newXceiverServerRatis(401)) - Found a free port for the server : 45515
2019-06-13 02:06:09,559 INFO  impl.RaftServerProxy (ConfUtils.java:logGet(43)) - raft.rpc.type = GRPC (default)
2019-06-13 02:06:09,559 INFO  grpc.GrpcConfigKeys$Server (ConfUtils.java:logGet(43)) - raft.grpc.server.port = 45515 (custom)
2019-06-13 02:06:09,559 INFO  server.GrpcService (ConfUtils.java:logGet(43)) - raft.grpc.message.size.max = 33570816 (custom)
2019-06-13 02:06:09,560 INFO  server.RaftServerConfigKeys (ConfUtils.java:logGet(43)) - raft.server.log.appender.buffer.byte-limit = 33554432 (custom)
2019-06-13 02:06:09,560 INFO  server.GrpcService (ConfUtils.java:logGet(43)) - raft.grpc.flow.control.window = 1MB (=1048576) (default)
2019-06-13 02:06:09,560 INFO  server.RaftServerConfigKeys (ConfUtils.java:logGet(43)) - raft.server.rpc.request.timeout = 3000ms (default)
2019-06-13 02:06:09,561 INFO  server.RaftServerConfigKeys (ConfUtils.java:logGet(43)) - raft.server.storage.dir = [/opt/src/hadoop-ozone/integration-test/target/test-dir/MiniOzoneClusterImpl-dacb967f-046d-489e-8e03-6a48fce0d45d/datanode-1/data/ratis] (custom)
2019-06-13 02:06:09,568 INFO  server.XceiverServerGrpc (XceiverServerGrpc.java:<init>(97)) - Found a free port for the server : 35817
2019-06-13 02:06:09,569 INFO  replication.SimpleContainerDownloader (SimpleContainerDownloader.java:<init>(72)) - Starting container downloader service to copy containers to replicate.
2019-06-13 02:06:09,570 INFO  hdfs.DFSUtil (DFSUtil.java:httpServerTemplateForNNAndJN(1641)) - Starting Web-server for hddsDatanode at: http://0.0.0.0:0
2019-06-13 02:06:09,572 INFO  server.AuthenticationFilter (AuthenticationFilter.java:constructSecretProvider(240)) - Unable to initialize FileSignerSecretProvider, falling back to use random secrets.
2019-06-13 02:06:09,581 WARN  http.HttpRequestLog (HttpRequestLog.java:getRequestLog(97)) - Jetty request log can only be enabled using Log4j
2019-06-13 02:06:09,584 INFO  http.HttpServer2 (HttpServer2.java:addGlobalFilter(975)) - Added global filter 'safety' (class=org.apache.hadoop.http.HttpServer2$QuotingInputFilter)
2019-06-13 02:06:09,590 INFO  http.HttpServer2 (HttpServer2.java:addFilter(948)) - Added filter static_user_filter (class=org.apache.hadoop.http.lib.StaticUserWebFilter$StaticUserFilter) to context hddsDatanode
2019-06-13 02:06:09,591 INFO  http.HttpServer2 (HttpServer2.java:addFilter(958)) - Added filter static_user_filter (class=org.apache.hadoop.http.lib.StaticUserWebFilter$StaticUserFilter) to context logs
2019-06-13 02:06:09,591 INFO  http.HttpServer2 (HttpServer2.java:addFilter(958)) - Added filter static_user_filter (class=org.apache.hadoop.http.lib.StaticUserWebFilter$StaticUserFilter) to context static
2019-06-13 02:06:09,592 INFO  http.HttpServer2 (HttpServer2.java:bindListener(1191)) - Jetty bound to port 45531
2019-06-13 02:06:09,592 INFO  server.Server (Server.java:doStart(351)) - jetty-9.3.24.v20180605, build timestamp: 2018-06-05T17:11:56Z, git hash: 84205aa28f11a4f31f2a3b86d1bba2cc8ab69827
2019-06-13 02:06:09,603 INFO  handler.ContextHandler (ContextHandler.java:doStart(781)) - Started o.e.j.s.ServletContextHandler@60f77af{/logs,file:///opt/src/hadoop-ozone/integration-test/target/log,AVAILABLE}
2019-06-13 02:06:09,606 INFO  handler.ContextHandler (ContextHandler.java:doStart(781)) - Started o.e.j.s.ServletContextHandler@18b6d3c1{/static,jar:file:/root/.m2/repository/org/apache/hadoop/hadoop-hdds-container-service/0.5.0-SNAPSHOT/hadoop-hdds-container-service-0.5.0-SNAPSHOT.jar!/webapps/static,AVAILABLE}
2019-06-13 02:06:09,669 INFO  handler.ContextHandler (ContextHandler.java:doStart(781)) - Started o.e.j.w.WebAppContext@6b4125ed{/,file:///tmp/jetty-0.0.0.0-45531-hddsDatanode-_-any-4834660792049575119.dir/webapp/,AVAILABLE}{/hddsDatanode}
2019-06-13 02:06:09,670 INFO  server.AbstractConnector (AbstractConnector.java:doStart(278)) - Started ServerConnector@78da899f{HTTP/1.1,[http/1.1]}{0.0.0.0:45531}
2019-06-13 02:06:09,671 INFO  server.Server (Server.java:doStart(419)) - Started @6040ms
2019-06-13 02:06:09,699 INFO  server.BaseHttpServer (BaseHttpServer.java:updateConnectorAddress(207)) - HTTP server of HDDSDATANODE is listening at http://0.0.0.0:45531
2019-06-13 02:06:09,875 INFO  datanode.InitDatanodeState (InitDatanodeState.java:persistContainerDatanodeDetails(140)) - DatanodeDetails is persisted to /opt/src/hadoop-ozone/integration-test/target/test-dir/MiniOzoneClusterImpl-dacb967f-046d-489e-8e03-6a48fce0d45d/datanode-0/meta/datanode.id
2019-06-13 02:06:09,920 INFO  ozone.HddsDatanodeService (HddsDatanodeService.java:startPlugins(396)) - Started plug-in org.apache.hadoop.ozone.web.OzoneHddsDatanodeService@335f5c69
2019-06-13 02:06:09,921 INFO  impl.MetricsSystemImpl (MetricsSystemImpl.java:init(158)) - HddsDatanode metrics system started (again)
2019-06-13 02:06:09,921 INFO  ozone.HddsDatanodeService (HddsDatanodeService.java:start(185)) - HddsDatanodeService host:ozone-j8jbj-2148119425 ip:192.168.19.63
2019-06-13 02:06:09,935 INFO  util.JvmPauseMonitor (JvmPauseMonitor.java:run(188)) - Starting JVM pause monitor
2019-06-13 02:06:09,942 INFO  volume.HddsVolume (HddsVolume.java:<init>(176)) - Creating Volume: /opt/src/hadoop-ozone/integration-test/target/test-dir/MiniOzoneClusterImpl-dacb967f-046d-489e-8e03-6a48fce0d45d/datanode-2/data/containers/hdds of  storage type : DISK and capacity : 104021790720
2019-06-13 02:06:09,943 INFO  volume.VolumeSet (VolumeSet.java:initializeVolumeSet(170)) - Added Volume : /opt/src/hadoop-ozone/integration-test/target/test-dir/MiniOzoneClusterImpl-dacb967f-046d-489e-8e03-6a48fce0d45d/datanode-2/data/containers/hdds to VolumeSet
2019-06-13 02:06:09,943 INFO  volume.ThrottledAsyncChecker (ThrottledAsyncChecker.java:schedule(140)) - Scheduling a check for org.apache.hadoop.ozone.container.common.volume.HddsVolume@4a058df8
2019-06-13 02:06:09,946 INFO  volume.HddsVolumeChecker (HddsVolumeChecker.java:checkAllVolumes(203)) - Scheduled health check for volume org.apache.hadoop.ozone.container.common.volume.HddsVolume@4a058df8
2019-06-13 02:06:09,946 INFO  datanode.InitDatanodeState (InitDatanodeState.java:persistContainerDatanodeDetails(140)) - DatanodeDetails is persisted to /opt/src/hadoop-ozone/integration-test/target/test-dir/MiniOzoneClusterImpl-dacb967f-046d-489e-8e03-6a48fce0d45d/datanode-1/meta/datanode.id
2019-06-13 02:06:09,969 INFO  ratis.XceiverServerRatis (XceiverServerRatis.java:newXceiverServerRatis(401)) - Found a free port for the server : 35999
2019-06-13 02:06:09,971 INFO  impl.RaftServerProxy (ConfUtils.java:logGet(43)) - raft.rpc.type = GRPC (default)
2019-06-13 02:06:09,971 INFO  grpc.GrpcConfigKeys$Server (ConfUtils.java:logGet(43)) - raft.grpc.server.port = 35999 (custom)
2019-06-13 02:06:09,971 INFO  server.GrpcService (ConfUtils.java:logGet(43)) - raft.grpc.message.size.max = 33570816 (custom)
2019-06-13 02:06:09,972 INFO  server.RaftServerConfigKeys (ConfUtils.java:logGet(43)) - raft.server.log.appender.buffer.byte-limit = 33554432 (custom)
2019-06-13 02:06:09,972 INFO  server.GrpcService (ConfUtils.java:logGet(43)) - raft.grpc.flow.control.window = 1MB (=1048576) (default)
2019-06-13 02:06:09,972 INFO  server.RaftServerConfigKeys (ConfUtils.java:logGet(43)) - raft.server.rpc.request.timeout = 3000ms (default)
2019-06-13 02:06:09,973 INFO  server.RaftServerConfigKeys (ConfUtils.java:logGet(43)) - raft.server.storage.dir = [/opt/src/hadoop-ozone/integration-test/target/test-dir/MiniOzoneClusterImpl-dacb967f-046d-489e-8e03-6a48fce0d45d/datanode-2/data/ratis] (custom)
2019-06-13 02:06:09,973 INFO  server.XceiverServerGrpc (XceiverServerGrpc.java:<init>(97)) - Found a free port for the server : 37487
2019-06-13 02:06:09,974 INFO  replication.SimpleContainerDownloader (SimpleContainerDownloader.java:<init>(72)) - Starting container downloader service to copy containers to replicate.
2019-06-13 02:06:09,975 INFO  hdfs.DFSUtil (DFSUtil.java:httpServerTemplateForNNAndJN(1641)) - Starting Web-server for hddsDatanode at: http://0.0.0.0:0
2019-06-13 02:06:09,976 INFO  server.AuthenticationFilter (AuthenticationFilter.java:constructSecretProvider(240)) - Unable to initialize FileSignerSecretProvider, falling back to use random secrets.
2019-06-13 02:06:09,977 WARN  http.HttpRequestLog (HttpRequestLog.java:getRequestLog(97)) - Jetty request log can only be enabled using Log4j
2019-06-13 02:06:09,979 INFO  http.HttpServer2 (HttpServer2.java:addGlobalFilter(975)) - Added global filter 'safety' (class=org.apache.hadoop.http.HttpServer2$QuotingInputFilter)
2019-06-13 02:06:09,979 INFO  http.HttpServer2 (HttpServer2.java:addFilter(948)) - Added filter static_user_filter (class=org.apache.hadoop.http.lib.StaticUserWebFilter$StaticUserFilter) to context hddsDatanode
2019-06-13 02:06:09,979 INFO  http.HttpServer2 (HttpServer2.java:addFilter(958)) - Added filter static_user_filter (class=org.apache.hadoop.http.lib.StaticUserWebFilter$StaticUserFilter) to context logs
2019-06-13 02:06:09,980 INFO  http.HttpServer2 (HttpServer2.java:addFilter(958)) - Added filter static_user_filter (class=org.apache.hadoop.http.lib.StaticUserWebFilter$StaticUserFilter) to context static
2019-06-13 02:06:09,980 INFO  http.HttpServer2 (HttpServer2.java:bindListener(1191)) - Jetty bound to port 43941
2019-06-13 02:06:09,981 INFO  server.Server (Server.java:doStart(351)) - jetty-9.3.24.v20180605, build timestamp: 2018-06-05T17:11:56Z, git hash: 84205aa28f11a4f31f2a3b86d1bba2cc8ab69827
2019-06-13 02:06:09,984 INFO  handler.ContextHandler (ContextHandler.java:doStart(781)) - Started o.e.j.s.ServletContextHandler@39da5e49{/logs,file:///opt/src/hadoop-ozone/integration-test/target/log,AVAILABLE}
2019-06-13 02:06:09,984 INFO  handler.ContextHandler (ContextHandler.java:doStart(781)) - Started o.e.j.s.ServletContextHandler@674da77b{/static,jar:file:/root/.m2/repository/org/apache/hadoop/hadoop-hdds-container-service/0.5.0-SNAPSHOT/hadoop-hdds-container-service-0.5.0-SNAPSHOT.jar!/webapps/static,AVAILABLE}
2019-06-13 02:06:10,018 INFO  handler.ContextHandler (ContextHandler.java:doStart(781)) - Started o.e.j.w.WebAppContext@5f726750{/,file:///tmp/jetty-0.0.0.0-43941-hddsDatanode-_-any-5359502241478886987.dir/webapp/,AVAILABLE}{/hddsDatanode}
2019-06-13 02:06:10,019 INFO  server.AbstractConnector (AbstractConnector.java:doStart(278)) - Started ServerConnector@6736bd0c{HTTP/1.1,[http/1.1]}{0.0.0.0:43941}
2019-06-13 02:06:10,019 INFO  server.Server (Server.java:doStart(419)) - Started @6389ms
2019-06-13 02:06:10,020 INFO  server.BaseHttpServer (BaseHttpServer.java:updateConnectorAddress(207)) - HTTP server of HDDSDATANODE is listening at http://0.0.0.0:43941
2019-06-13 02:06:10,263 INFO  ozone.HddsDatanodeService (HddsDatanodeService.java:startPlugins(396)) - Started plug-in org.apache.hadoop.ozone.web.OzoneHddsDatanodeService@781aff8b
2019-06-13 02:06:10,269 INFO  impl.MetricsSystemImpl (MetricsSystemImpl.java:init(158)) - HddsDatanode metrics system started (again)
2019-06-13 02:06:10,270 INFO  ozone.HddsDatanodeService (HddsDatanodeService.java:start(185)) - HddsDatanodeService host:ozone-j8jbj-2148119425 ip:192.168.19.63
2019-06-13 02:06:10,293 INFO  util.JvmPauseMonitor (JvmPauseMonitor.java:run(188)) - Starting JVM pause monitor
2019-06-13 02:06:10,299 INFO  datanode.InitDatanodeState (InitDatanodeState.java:persistContainerDatanodeDetails(140)) - DatanodeDetails is persisted to /opt/src/hadoop-ozone/integration-test/target/test-dir/MiniOzoneClusterImpl-dacb967f-046d-489e-8e03-6a48fce0d45d/datanode-2/meta/datanode.id
2019-06-13 02:06:10,321 INFO  volume.HddsVolume (HddsVolume.java:<init>(176)) - Creating Volume: /opt/src/hadoop-ozone/integration-test/target/test-dir/MiniOzoneClusterImpl-dacb967f-046d-489e-8e03-6a48fce0d45d/datanode-3/data/containers/hdds of  storage type : DISK and capacity : 104021790720
2019-06-13 02:06:10,322 INFO  volume.VolumeSet (VolumeSet.java:initializeVolumeSet(170)) - Added Volume : /opt/src/hadoop-ozone/integration-test/target/test-dir/MiniOzoneClusterImpl-dacb967f-046d-489e-8e03-6a48fce0d45d/datanode-3/data/containers/hdds to VolumeSet
2019-06-13 02:06:10,322 INFO  volume.ThrottledAsyncChecker (ThrottledAsyncChecker.java:schedule(140)) - Scheduling a check for org.apache.hadoop.ozone.container.common.volume.HddsVolume@6282b9f5
2019-06-13 02:06:10,336 INFO  volume.HddsVolumeChecker (HddsVolumeChecker.java:checkAllVolumes(203)) - Scheduled health check for volume org.apache.hadoop.ozone.container.common.volume.HddsVolume@6282b9f5
2019-06-13 02:06:10,355 INFO  ratis.XceiverServerRatis (XceiverServerRatis.java:newXceiverServerRatis(401)) - Found a free port for the server : 43045
2019-06-13 02:06:10,356 INFO  impl.RaftServerProxy (ConfUtils.java:logGet(43)) - raft.rpc.type = GRPC (default)
2019-06-13 02:06:10,358 INFO  grpc.GrpcConfigKeys$Server (ConfUtils.java:logGet(43)) - raft.grpc.server.port = 43045 (custom)
2019-06-13 02:06:10,358 INFO  server.GrpcService (ConfUtils.java:logGet(43)) - raft.grpc.message.size.max = 33570816 (custom)
2019-06-13 02:06:10,359 INFO  server.RaftServerConfigKeys (ConfUtils.java:logGet(43)) - raft.server.log.appender.buffer.byte-limit = 33554432 (custom)
2019-06-13 02:06:10,359 INFO  server.GrpcService (ConfUtils.java:logGet(43)) - raft.grpc.flow.control.window = 1MB (=1048576) (default)
2019-06-13 02:06:10,359 INFO  server.RaftServerConfigKeys (ConfUtils.java:logGet(43)) - raft.server.rpc.request.timeout = 3000ms (default)
2019-06-13 02:06:10,363 INFO  server.RaftServerConfigKeys (ConfUtils.java:logGet(43)) - raft.server.storage.dir = [/opt/src/hadoop-ozone/integration-test/target/test-dir/MiniOzoneClusterImpl-dacb967f-046d-489e-8e03-6a48fce0d45d/datanode-3/data/ratis] (custom)
2019-06-13 02:06:10,364 INFO  server.XceiverServerGrpc (XceiverServerGrpc.java:<init>(97)) - Found a free port for the server : 36865
2019-06-13 02:06:10,364 INFO  replication.SimpleContainerDownloader (SimpleContainerDownloader.java:<init>(72)) - Starting container downloader service to copy containers to replicate.
2019-06-13 02:06:10,366 INFO  hdfs.DFSUtil (DFSUtil.java:httpServerTemplateForNNAndJN(1641)) - Starting Web-server for hddsDatanode at: http://0.0.0.0:0
2019-06-13 02:06:10,367 INFO  server.AuthenticationFilter (AuthenticationFilter.java:constructSecretProvider(240)) - Unable to initialize FileSignerSecretProvider, falling back to use random secrets.
2019-06-13 02:06:10,376 WARN  http.HttpRequestLog (HttpRequestLog.java:getRequestLog(97)) - Jetty request log can only be enabled using Log4j
2019-06-13 02:06:10,379 INFO  http.HttpServer2 (HttpServer2.java:addGlobalFilter(975)) - Added global filter 'safety' (class=org.apache.hadoop.http.HttpServer2$QuotingInputFilter)
2019-06-13 02:06:10,381 INFO  http.HttpServer2 (HttpServer2.java:addFilter(948)) - Added filter static_user_filter (class=org.apache.hadoop.http.lib.StaticUserWebFilter$StaticUserFilter) to context hddsDatanode
2019-06-13 02:06:10,381 INFO  http.HttpServer2 (HttpServer2.java:addFilter(958)) - Added filter static_user_filter (class=org.apache.hadoop.http.lib.StaticUserWebFilter$StaticUserFilter) to context static
2019-06-13 02:06:10,381 INFO  http.HttpServer2 (HttpServer2.java:addFilter(958)) - Added filter static_user_filter (class=org.apache.hadoop.http.lib.StaticUserWebFilter$StaticUserFilter) to context logs
2019-06-13 02:06:10,382 INFO  http.HttpServer2 (HttpServer2.java:bindListener(1191)) - Jetty bound to port 39267
2019-06-13 02:06:10,382 INFO  server.Server (Server.java:doStart(351)) - jetty-9.3.24.v20180605, build timestamp: 2018-06-05T17:11:56Z, git hash: 84205aa28f11a4f31f2a3b86d1bba2cc8ab69827
2019-06-13 02:06:10,432 INFO  handler.ContextHandler (ContextHandler.java:doStart(781)) - Started o.e.j.s.ServletContextHandler@17222c11{/logs,file:///opt/src/hadoop-ozone/integration-test/target/log,AVAILABLE}
2019-06-13 02:06:10,433 INFO  handler.ContextHandler (ContextHandler.java:doStart(781)) - Started o.e.j.s.ServletContextHandler@25974207{/static,jar:file:/root/.m2/repository/org/apache/hadoop/hadoop-hdds-container-service/0.5.0-SNAPSHOT/hadoop-hdds-container-service-0.5.0-SNAPSHOT.jar!/webapps/static,AVAILABLE}
2019-06-13 02:06:10,468 INFO  handler.ContextHandler (ContextHandler.java:doStart(781)) - Started o.e.j.w.WebAppContext@34c53688{/,file:///tmp/jetty-0.0.0.0-39267-hddsDatanode-_-any-3039044453497866563.dir/webapp/,AVAILABLE}{/hddsDatanode}
2019-06-13 02:06:10,469 INFO  server.AbstractConnector (AbstractConnector.java:doStart(278)) - Started ServerConnector@6ffd4c0d{HTTP/1.1,[http/1.1]}{0.0.0.0:39267}
2019-06-13 02:06:10,469 INFO  server.Server (Server.java:doStart(419)) - Started @6839ms
2019-06-13 02:06:10,478 INFO  server.BaseHttpServer (BaseHttpServer.java:updateConnectorAddress(207)) - HTTP server of HDDSDATANODE is listening at http://0.0.0.0:39267
2019-06-13 02:06:10,693 INFO  ozone.HddsDatanodeService (HddsDatanodeService.java:startPlugins(396)) - Started plug-in org.apache.hadoop.ozone.web.OzoneHddsDatanodeService@1118d539
2019-06-13 02:06:10,701 INFO  impl.MetricsSystemImpl (MetricsSystemImpl.java:init(158)) - HddsDatanode metrics system started (again)
2019-06-13 02:06:10,701 INFO  ozone.HddsDatanodeService (HddsDatanodeService.java:start(185)) - HddsDatanodeService host:ozone-j8jbj-2148119425 ip:192.168.19.63
2019-06-13 02:06:10,715 INFO  util.JvmPauseMonitor (JvmPauseMonitor.java:run(188)) - Starting JVM pause monitor
2019-06-13 02:06:10,716 INFO  datanode.InitDatanodeState (InitDatanodeState.java:persistContainerDatanodeDetails(140)) - DatanodeDetails is persisted to /opt/src/hadoop-ozone/integration-test/target/test-dir/MiniOzoneClusterImpl-dacb967f-046d-489e-8e03-6a48fce0d45d/datanode-3/meta/datanode.id
2019-06-13 02:06:10,739 INFO  volume.HddsVolume (HddsVolume.java:<init>(176)) - Creating Volume: /opt/src/hadoop-ozone/integration-test/target/test-dir/MiniOzoneClusterImpl-dacb967f-046d-489e-8e03-6a48fce0d45d/datanode-4/data/containers/hdds of  storage type : DISK and capacity : 104021790720
2019-06-13 02:06:10,739 INFO  volume.VolumeSet (VolumeSet.java:initializeVolumeSet(170)) - Added Volume : /opt/src/hadoop-ozone/integration-test/target/test-dir/MiniOzoneClusterImpl-dacb967f-046d-489e-8e03-6a48fce0d45d/datanode-4/data/containers/hdds to VolumeSet
2019-06-13 02:06:10,739 INFO  volume.ThrottledAsyncChecker (ThrottledAsyncChecker.java:schedule(140)) - Scheduling a check for org.apache.hadoop.ozone.container.common.volume.HddsVolume@5b02a984
2019-06-13 02:06:10,740 INFO  volume.HddsVolumeChecker (HddsVolumeChecker.java:checkAllVolumes(203)) - Scheduled health check for volume org.apache.hadoop.ozone.container.common.volume.HddsVolume@5b02a984
2019-06-13 02:06:10,760 INFO  ratis.XceiverServerRatis (XceiverServerRatis.java:newXceiverServerRatis(401)) - Found a free port for the server : 46827
2019-06-13 02:06:10,765 INFO  impl.RaftServerProxy (ConfUtils.java:logGet(43)) - raft.rpc.type = GRPC (default)
2019-06-13 02:06:10,766 INFO  grpc.GrpcConfigKeys$Server (ConfUtils.java:logGet(43)) - raft.grpc.server.port = 46827 (custom)
2019-06-13 02:06:10,766 INFO  server.GrpcService (ConfUtils.java:logGet(43)) - raft.grpc.message.size.max = 33570816 (custom)
2019-06-13 02:06:10,766 INFO  server.RaftServerConfigKeys (ConfUtils.java:logGet(43)) - raft.server.log.appender.buffer.byte-limit = 33554432 (custom)
2019-06-13 02:06:10,767 INFO  server.GrpcService (ConfUtils.java:logGet(43)) - raft.grpc.flow.control.window = 1MB (=1048576) (default)
2019-06-13 02:06:10,767 INFO  server.RaftServerConfigKeys (ConfUtils.java:logGet(43)) - raft.server.rpc.request.timeout = 3000ms (default)
2019-06-13 02:06:10,767 INFO  server.RaftServerConfigKeys (ConfUtils.java:logGet(43)) - raft.server.storage.dir = [/opt/src/hadoop-ozone/integration-test/target/test-dir/MiniOzoneClusterImpl-dacb967f-046d-489e-8e03-6a48fce0d45d/datanode-4/data/ratis] (custom)
2019-06-13 02:06:10,768 INFO  server.XceiverServerGrpc (XceiverServerGrpc.java:<init>(97)) - Found a free port for the server : 38179
2019-06-13 02:06:10,768 INFO  replication.SimpleContainerDownloader (SimpleContainerDownloader.java:<init>(72)) - Starting container downloader service to copy containers to replicate.
2019-06-13 02:06:10,773 INFO  hdfs.DFSUtil (DFSUtil.java:httpServerTemplateForNNAndJN(1641)) - Starting Web-server for hddsDatanode at: http://0.0.0.0:0
2019-06-13 02:06:10,774 INFO  server.AuthenticationFilter (AuthenticationFilter.java:constructSecretProvider(240)) - Unable to initialize FileSignerSecretProvider, falling back to use random secrets.
2019-06-13 02:06:10,775 WARN  http.HttpRequestLog (HttpRequestLog.java:getRequestLog(97)) - Jetty request log can only be enabled using Log4j
2019-06-13 02:06:10,777 INFO  http.HttpServer2 (HttpServer2.java:addGlobalFilter(975)) - Added global filter 'safety' (class=org.apache.hadoop.http.HttpServer2$QuotingInputFilter)
2019-06-13 02:06:10,777 INFO  http.HttpServer2 (HttpServer2.java:addFilter(948)) - Added filter static_user_filter (class=org.apache.hadoop.http.lib.StaticUserWebFilter$StaticUserFilter) to context hddsDatanode
2019-06-13 02:06:10,777 INFO  http.HttpServer2 (HttpServer2.java:addFilter(958)) - Added filter static_user_filter (class=org.apache.hadoop.http.lib.StaticUserWebFilter$StaticUserFilter) to context logs
2019-06-13 02:06:10,778 INFO  http.HttpServer2 (HttpServer2.java:addFilter(958)) - Added filter static_user_filter (class=org.apache.hadoop.http.lib.StaticUserWebFilter$StaticUserFilter) to context static
2019-06-13 02:06:10,778 INFO  http.HttpServer2 (HttpServer2.java:bindListener(1191)) - Jetty bound to port 32835
2019-06-13 02:06:10,778 INFO  server.Server (Server.java:doStart(351)) - jetty-9.3.24.v20180605, build timestamp: 2018-06-05T17:11:56Z, git hash: 84205aa28f11a4f31f2a3b86d1bba2cc8ab69827
2019-06-13 02:06:10,792 INFO  handler.ContextHandler (ContextHandler.java:doStart(781)) - Started o.e.j.s.ServletContextHandler@7c70aae1{/logs,file:///opt/src/hadoop-ozone/integration-test/target/log,AVAILABLE}
2019-06-13 02:06:10,793 INFO  handler.ContextHandler (ContextHandler.java:doStart(781)) - Started o.e.j.s.ServletContextHandler@6f38f084{/static,jar:file:/root/.m2/repository/org/apache/hadoop/hadoop-hdds-container-service/0.5.0-SNAPSHOT/hadoop-hdds-container-service-0.5.0-SNAPSHOT.jar!/webapps/static,AVAILABLE}
2019-06-13 02:06:10,843 INFO  handler.ContextHandler (ContextHandler.java:doStart(781)) - Started o.e.j.w.WebAppContext@77a0dd63{/,file:///tmp/jetty-0.0.0.0-32835-hddsDatanode-_-any-8035720898770143647.dir/webapp/,AVAILABLE}{/hddsDatanode}
2019-06-13 02:06:10,844 INFO  server.AbstractConnector (AbstractConnector.java:doStart(278)) - Started ServerConnector@543fe698{HTTP/1.1,[http/1.1]}{0.0.0.0:32835}
2019-06-13 02:06:10,844 INFO  server.Server (Server.java:doStart(419)) - Started @7214ms
2019-06-13 02:06:10,845 INFO  server.BaseHttpServer (BaseHttpServer.java:updateConnectorAddress(207)) - HTTP server of HDDSDATANODE is listening at http://0.0.0.0:32835
2019-06-13 02:06:11,011 INFO  ozone.HddsDatanodeService (HddsDatanodeService.java:startPlugins(396)) - Started plug-in org.apache.hadoop.ozone.web.OzoneHddsDatanodeService@71531dd7
2019-06-13 02:06:11,014 INFO  impl.MetricsSystemImpl (MetricsSystemImpl.java:init(158)) - HddsDatanode metrics system started (again)
2019-06-13 02:06:11,015 INFO  ozone.HddsDatanodeService (HddsDatanodeService.java:start(185)) - HddsDatanodeService host:ozone-j8jbj-2148119425 ip:192.168.19.63
2019-06-13 02:06:11,069 INFO  datanode.InitDatanodeState (InitDatanodeState.java:persistContainerDatanodeDetails(140)) - DatanodeDetails is persisted to /opt/src/hadoop-ozone/integration-test/target/test-dir/MiniOzoneClusterImpl-dacb967f-046d-489e-8e03-6a48fce0d45d/datanode-4/meta/datanode.id
2019-06-13 02:06:11,069 INFO  util.JvmPauseMonitor (JvmPauseMonitor.java:run(188)) - Starting JVM pause monitor
2019-06-13 02:06:11,072 INFO  volume.HddsVolume (HddsVolume.java:<init>(176)) - Creating Volume: /opt/src/hadoop-ozone/integration-test/target/test-dir/MiniOzoneClusterImpl-dacb967f-046d-489e-8e03-6a48fce0d45d/datanode-5/data/containers/hdds of  storage type : DISK and capacity : 104021790720
2019-06-13 02:06:11,073 INFO  volume.VolumeSet (VolumeSet.java:initializeVolumeSet(170)) - Added Volume : /opt/src/hadoop-ozone/integration-test/target/test-dir/MiniOzoneClusterImpl-dacb967f-046d-489e-8e03-6a48fce0d45d/datanode-5/data/containers/hdds to VolumeSet
2019-06-13 02:06:11,073 INFO  volume.ThrottledAsyncChecker (ThrottledAsyncChecker.java:schedule(140)) - Scheduling a check for org.apache.hadoop.ozone.container.common.volume.HddsVolume@1c3b6963
2019-06-13 02:06:11,098 INFO  volume.HddsVolumeChecker (HddsVolumeChecker.java:checkAllVolumes(203)) - Scheduled health check for volume org.apache.hadoop.ozone.container.common.volume.HddsVolume@1c3b6963
2019-06-13 02:06:11,109 INFO  ratis.XceiverServerRatis (XceiverServerRatis.java:newXceiverServerRatis(401)) - Found a free port for the server : 41331
2019-06-13 02:06:11,110 INFO  impl.RaftServerProxy (ConfUtils.java:logGet(43)) - raft.rpc.type = GRPC (default)
2019-06-13 02:06:11,111 INFO  grpc.GrpcConfigKeys$Server (ConfUtils.java:logGet(43)) - raft.grpc.server.port = 41331 (custom)
2019-06-13 02:06:11,111 INFO  server.GrpcService (ConfUtils.java:logGet(43)) - raft.grpc.message.size.max = 33570816 (custom)
2019-06-13 02:06:11,111 INFO  server.RaftServerConfigKeys (ConfUtils.java:logGet(43)) - raft.server.log.appender.buffer.byte-limit = 33554432 (custom)
2019-06-13 02:06:11,111 INFO  server.GrpcService (ConfUtils.java:logGet(43)) - raft.grpc.flow.control.window = 1MB (=1048576) (default)
2019-06-13 02:06:11,112 INFO  server.RaftServerConfigKeys (ConfUtils.java:logGet(43)) - raft.server.rpc.request.timeout = 3000ms (default)
2019-06-13 02:06:11,113 INFO  server.RaftServerConfigKeys (ConfUtils.java:logGet(43)) - raft.server.storage.dir = [/opt/src/hadoop-ozone/integration-test/target/test-dir/MiniOzoneClusterImpl-dacb967f-046d-489e-8e03-6a48fce0d45d/datanode-5/data/ratis] (custom)
2019-06-13 02:06:11,113 INFO  server.XceiverServerGrpc (XceiverServerGrpc.java:<init>(97)) - Found a free port for the server : 45141
2019-06-13 02:06:11,114 INFO  replication.SimpleContainerDownloader (SimpleContainerDownloader.java:<init>(72)) - Starting container downloader service to copy containers to replicate.
2019-06-13 02:06:11,115 INFO  hdfs.DFSUtil (DFSUtil.java:httpServerTemplateForNNAndJN(1641)) - Starting Web-server for hddsDatanode at: http://0.0.0.0:0
2019-06-13 02:06:11,116 INFO  server.AuthenticationFilter (AuthenticationFilter.java:constructSecretProvider(240)) - Unable to initialize FileSignerSecretProvider, falling back to use random secrets.
2019-06-13 02:06:11,121 WARN  http.HttpRequestLog (HttpRequestLog.java:getRequestLog(97)) - Jetty request log can only be enabled using Log4j
2019-06-13 02:06:11,123 INFO  http.HttpServer2 (HttpServer2.java:addGlobalFilter(975)) - Added global filter 'safety' (class=org.apache.hadoop.http.HttpServer2$QuotingInputFilter)
2019-06-13 02:06:11,123 INFO  http.HttpServer2 (HttpServer2.java:addFilter(948)) - Added filter static_user_filter (class=org.apache.hadoop.http.lib.StaticUserWebFilter$StaticUserFilter) to context hddsDatanode
2019-06-13 02:06:11,124 INFO  http.HttpServer2 (HttpServer2.java:addFilter(958)) - Added filter static_user_filter (class=org.apache.hadoop.http.lib.StaticUserWebFilter$StaticUserFilter) to context logs
2019-06-13 02:06:11,124 INFO  http.HttpServer2 (HttpServer2.java:addFilter(958)) - Added filter static_user_filter (class=org.apache.hadoop.http.lib.StaticUserWebFilter$StaticUserFilter) to context static
2019-06-13 02:06:11,124 INFO  http.HttpServer2 (HttpServer2.java:bindListener(1191)) - Jetty bound to port 45787
2019-06-13 02:06:11,125 INFO  server.Server (Server.java:doStart(351)) - jetty-9.3.24.v20180605, build timestamp: 2018-06-05T17:11:56Z, git hash: 84205aa28f11a4f31f2a3b86d1bba2cc8ab69827
2019-06-13 02:06:11,136 INFO  handler.ContextHandler (ContextHandler.java:doStart(781)) - Started o.e.j.s.ServletContextHandler@70c29356{/logs,file:///opt/src/hadoop-ozone/integration-test/target/log,AVAILABLE}
2019-06-13 02:06:11,139 INFO  handler.ContextHandler (ContextHandler.java:doStart(781)) - Started o.e.j.s.ServletContextHandler@23e61112{/static,jar:file:/root/.m2/repository/org/apache/hadoop/hadoop-hdds-container-service/0.5.0-SNAPSHOT/hadoop-hdds-container-service-0.5.0-SNAPSHOT.jar!/webapps/static,AVAILABLE}
2019-06-13 02:06:11,170 INFO  handler.ContextHandler (ContextHandler.java:doStart(781)) - Started o.e.j.w.WebAppContext@53ea380b{/,file:///tmp/jetty-0.0.0.0-45787-hddsDatanode-_-any-5768001437627919360.dir/webapp/,AVAILABLE}{/hddsDatanode}
2019-06-13 02:06:11,171 INFO  server.AbstractConnector (AbstractConnector.java:doStart(278)) - Started ServerConnector@578c3fd9{HTTP/1.1,[http/1.1]}{0.0.0.0:45787}
2019-06-13 02:06:11,171 INFO  server.Server (Server.java:doStart(419)) - Started @7541ms
2019-06-13 02:06:11,172 INFO  server.BaseHttpServer (BaseHttpServer.java:updateConnectorAddress(207)) - HTTP server of HDDSDATANODE is listening at http://0.0.0.0:45787
2019-06-13 02:06:11,345 INFO  ozone.HddsDatanodeService (HddsDatanodeService.java:startPlugins(396)) - Started plug-in org.apache.hadoop.ozone.web.OzoneHddsDatanodeService@9263c54
2019-06-13 02:06:11,346 INFO  ozone.MiniOzoneClusterImpl (MiniOzoneClusterImpl.java:lambda$waitForClusterToBeReady$0(142)) - Waiting for cluster to be ready. Got 0 of 6 DN Heartbeats.
2019-06-13 02:06:11,353 INFO  util.JvmPauseMonitor (JvmPauseMonitor.java:run(188)) - Starting JVM pause monitor
2019-06-13 02:06:11,354 INFO  datanode.InitDatanodeState (InitDatanodeState.java:persistContainerDatanodeDetails(140)) - DatanodeDetails is persisted to /opt/src/hadoop-ozone/integration-test/target/test-dir/MiniOzoneClusterImpl-dacb967f-046d-489e-8e03-6a48fce0d45d/datanode-5/meta/datanode.id
2019-06-13 02:06:11,572 INFO  ozoneimpl.OzoneContainer (OzoneContainer.java:start(186)) - Attempting to start container services.
2019-06-13 02:06:11,573 INFO  ozoneimpl.OzoneContainer (OzoneContainer.java:startContainerScrub(160)) - Background container scrubber has been disabled by hdds.containerscrub.enabled
2019-06-13 02:06:11,573 INFO  ratis.XceiverServerRatis (XceiverServerRatis.java:start(418)) - Starting XceiverServerRatis 442c0026-686e-4c11-b1ee-91eacbd80ce8 at port 35579
2019-06-13 02:06:11,618 INFO  impl.RaftServerProxy (RaftServerProxy.java:lambda$start$3(299)) - 442c0026-686e-4c11-b1ee-91eacbd80ce8: start RPC server
2019-06-13 02:06:11,786 INFO  server.GrpcService (GrpcService.java:startImpl(148)) - 442c0026-686e-4c11-b1ee-91eacbd80ce8: GrpcService started, listening on 0.0.0.0/0.0.0.0:35579
2019-06-13 02:06:11,940 INFO  ozoneimpl.OzoneContainer (OzoneContainer.java:start(186)) - Attempting to start container services.
2019-06-13 02:06:11,941 INFO  ozoneimpl.OzoneContainer (OzoneContainer.java:startContainerScrub(160)) - Background container scrubber has been disabled by hdds.containerscrub.enabled
2019-06-13 02:06:11,942 INFO  ratis.XceiverServerRatis (XceiverServerRatis.java:start(418)) - Starting XceiverServerRatis 15a320e0-140e-4e5e-87ae-2d7eee4be5d8 at port 45515
2019-06-13 02:06:11,975 INFO  impl.RaftServerProxy (RaftServerProxy.java:lambda$start$3(299)) - 15a320e0-140e-4e5e-87ae-2d7eee4be5d8: start RPC server
2019-06-13 02:06:11,978 INFO  server.GrpcService (GrpcService.java:startImpl(148)) - 15a320e0-140e-4e5e-87ae-2d7eee4be5d8: GrpcService started, listening on 0.0.0.0/0.0.0.0:45515
2019-06-13 02:06:12,293 INFO  ozoneimpl.OzoneContainer (OzoneContainer.java:start(186)) - Attempting to start container services.
2019-06-13 02:06:12,295 INFO  ozoneimpl.OzoneContainer (OzoneContainer.java:startContainerScrub(160)) - Background container scrubber has been disabled by hdds.containerscrub.enabled
2019-06-13 02:06:12,295 INFO  ratis.XceiverServerRatis (XceiverServerRatis.java:start(418)) - Starting XceiverServerRatis 2cbb6586-e106-4c85-8a15-da6e1d730a24 at port 35999
2019-06-13 02:06:12,335 INFO  impl.RaftServerProxy (RaftServerProxy.java:lambda$start$3(299)) - 2cbb6586-e106-4c85-8a15-da6e1d730a24: start RPC server
2019-06-13 02:06:12,337 INFO  server.GrpcService (GrpcService.java:startImpl(148)) - 2cbb6586-e106-4c85-8a15-da6e1d730a24: GrpcService started, listening on 0.0.0.0/0.0.0.0:35999
2019-06-13 02:06:12,346 INFO  ozone.MiniOzoneClusterImpl (MiniOzoneClusterImpl.java:lambda$waitForClusterToBeReady$0(142)) - Waiting for cluster to be ready. Got 0 of 6 DN Heartbeats.
2019-06-13 02:06:12,718 INFO  ozoneimpl.OzoneContainer (OzoneContainer.java:start(186)) - Attempting to start container services.
2019-06-13 02:06:12,720 INFO  ozoneimpl.OzoneContainer (OzoneContainer.java:startContainerScrub(160)) - Background container scrubber has been disabled by hdds.containerscrub.enabled
2019-06-13 02:06:12,720 INFO  ratis.XceiverServerRatis (XceiverServerRatis.java:start(418)) - Starting XceiverServerRatis 44a6c381-a787-4549-b464-51b807a4f738 at port 43045
2019-06-13 02:06:12,727 INFO  impl.RaftServerProxy (RaftServerProxy.java:lambda$start$3(299)) - 44a6c381-a787-4549-b464-51b807a4f738: start RPC server
2019-06-13 02:06:12,735 INFO  server.GrpcService (GrpcService.java:startImpl(148)) - 44a6c381-a787-4549-b464-51b807a4f738: GrpcService started, listening on 0.0.0.0/0.0.0.0:43045
2019-06-13 02:06:13,060 INFO  ozoneimpl.OzoneContainer (OzoneContainer.java:start(186)) - Attempting to start container services.
2019-06-13 02:06:13,066 INFO  ozoneimpl.OzoneContainer (OzoneContainer.java:startContainerScrub(160)) - Background container scrubber has been disabled by hdds.containerscrub.enabled
2019-06-13 02:06:13,067 INFO  ratis.XceiverServerRatis (XceiverServerRatis.java:start(418)) - Starting XceiverServerRatis dd1f5eaf-3154-41b9-9d05-b112e41e4279 at port 46827
2019-06-13 02:06:13,073 INFO  impl.RaftServerProxy (RaftServerProxy.java:lambda$start$3(299)) - dd1f5eaf-3154-41b9-9d05-b112e41e4279: start RPC server
2019-06-13 02:06:13,075 INFO  server.GrpcService (GrpcService.java:startImpl(148)) - dd1f5eaf-3154-41b9-9d05-b112e41e4279: GrpcService started, listening on 0.0.0.0/0.0.0.0:46827
2019-06-13 02:06:13,346 INFO  ozone.MiniOzoneClusterImpl (MiniOzoneClusterImpl.java:lambda$waitForClusterToBeReady$0(142)) - Waiting for cluster to be ready. Got 0 of 6 DN Heartbeats.
2019-06-13 02:06:13,358 INFO  ozoneimpl.OzoneContainer (OzoneContainer.java:start(186)) - Attempting to start container services.
2019-06-13 02:06:13,359 INFO  ozoneimpl.OzoneContainer (OzoneContainer.java:startContainerScrub(160)) - Background container scrubber has been disabled by hdds.containerscrub.enabled
2019-06-13 02:06:13,359 INFO  ratis.XceiverServerRatis (XceiverServerRatis.java:start(418)) - Starting XceiverServerRatis 672739be-73a0-4723-9fde-689ac83040ac at port 41331
2019-06-13 02:06:13,363 INFO  impl.RaftServerProxy (RaftServerProxy.java:lambda$start$3(299)) - 672739be-73a0-4723-9fde-689ac83040ac: start RPC server
2019-06-13 02:06:13,366 INFO  server.GrpcService (GrpcService.java:startImpl(148)) - 672739be-73a0-4723-9fde-689ac83040ac: GrpcService started, listening on 0.0.0.0/0.0.0.0:41331
2019-06-13 02:06:13,560 INFO  node.SCMNodeManager (SCMNodeManager.java:register(234)) - Registered Data node : 442c0026-686e-4c11-b1ee-91eacbd80ce8{ip: 192.168.19.63, host: ozone-j8jbj-2148119425, networkLocation: /default-rack, certSerialId: null}
2019-06-13 02:06:13,564 INFO  safemode.SCMSafeModeManager (DataNodeSafeModeRule.java:process(71)) - SCM in safe mode. 1 DataNodes registered, 1 required.
2019-06-13 02:06:13,564 INFO  safemode.SCMSafeModeManager (SCMSafeModeManager.java:validateSafeModeExitRules(177)) - ScmSafeModeManager, all rules are successfully validated
2019-06-13 02:06:13,564 INFO  safemode.SCMSafeModeManager (SCMSafeModeManager.java:exitSafeMode(193)) - SCM exiting safe mode.
2019-06-13 02:06:13,938 INFO  node.SCMNodeManager (SCMNodeManager.java:register(234)) - Registered Data node : 15a320e0-140e-4e5e-87ae-2d7eee4be5d8{ip: 192.168.19.63, host: ozone-j8jbj-2148119425, networkLocation: /default-rack, certSerialId: null}
2019-06-13 02:06:14,019 INFO  impl.RaftServerProxy (RaftServerProxy.java:addNew(89)) - 442c0026-686e-4c11-b1ee-91eacbd80ce8: addNew group-4F913E1E5762:[442c0026-686e-4c11-b1ee-91eacbd80ce8:192.168.19.63:35579] returns group-4F913E1E5762:java.util.concurrent.CompletableFuture@533dc94f[Not completed]
2019-06-13 02:06:14,054 INFO  impl.RaftServerImpl (RaftServerImpl.java:<init>(91)) - 442c0026-686e-4c11-b1ee-91eacbd80ce8: new RaftServerImpl for group-4F913E1E5762:[442c0026-686e-4c11-b1ee-91eacbd80ce8:192.168.19.63:35579] with ContainerStateMachine:uninitialized
2019-06-13 02:06:14,058 INFO  server.RaftServerConfigKeys (ConfUtils.java:logGet(43)) - raft.server.rpc.timeout.min = 1s (custom)
2019-06-13 02:06:14,059 INFO  server.RaftServerConfigKeys (ConfUtils.java:logGet(43)) - raft.server.rpc.timeout.max = 1200ms (custom)
2019-06-13 02:06:14,059 INFO  server.RaftServerConfigKeys (ConfUtils.java:logGet(43)) - raft.server.rpcslowness.timeout = 10s (custom)
2019-06-13 02:06:14,062 INFO  server.RaftServerConfigKeys (ConfUtils.java:logGet(43)) - raft.server.log.appender.install.snapshot.enabled = true (default)
2019-06-13 02:06:14,070 INFO  impl.RaftServerImpl (ServerState.java:<init>(101)) - 442c0026-686e-4c11-b1ee-91eacbd80ce8:group-4F913E1E5762 ConfigurationManager, init=-1: [442c0026-686e-4c11-b1ee-91eacbd80ce8:192.168.19.63:35579], old=null, confs=<EMPTY_MAP>
2019-06-13 02:06:14,070 INFO  server.RaftServerConfigKeys (ConfUtils.java:logGet(43)) - raft.server.storage.dir = [/opt/src/hadoop-ozone/integration-test/target/test-dir/MiniOzoneClusterImpl-dacb967f-046d-489e-8e03-6a48fce0d45d/datanode-0/data/ratis] (custom)
2019-06-13 02:06:14,080 INFO  storage.RaftStorageDirectory (RaftStorageDirectory.java:analyzeStorage(246)) - The storage directory /opt/src/hadoop-ozone/integration-test/target/test-dir/MiniOzoneClusterImpl-dacb967f-046d-489e-8e03-6a48fce0d45d/datanode-0/data/ratis/d9fd5831-cea4-425e-97ab-4f913e1e5762 does not exist. Creating ...
2019-06-13 02:06:14,090 INFO  storage.RaftStorageDirectory (RaftStorageDirectory.java:tryLock(328)) - Lock on /opt/src/hadoop-ozone/integration-test/target/test-dir/MiniOzoneClusterImpl-dacb967f-046d-489e-8e03-6a48fce0d45d/datanode-0/data/ratis/d9fd5831-cea4-425e-97ab-4f913e1e5762/in_use.lock acquired by nodename 9992@ozone-j8jbj-2148119425
2019-06-13 02:06:14,095 INFO  storage.RaftStorage (RaftStorage.java:format(75)) - Storage directory /opt/src/hadoop-ozone/integration-test/target/test-dir/MiniOzoneClusterImpl-dacb967f-046d-489e-8e03-6a48fce0d45d/datanode-0/data/ratis/d9fd5831-cea4-425e-97ab-4f913e1e5762 has been successfully formatted.
2019-06-13 02:06:14,097 INFO  ratis.ContainerStateMachine (ContainerStateMachine.java:loadSnapshot(199)) - The snapshot info is null.Setting the last applied index to:(t:0, i:~)
2019-06-13 02:06:14,098 INFO  server.RaftServerConfigKeys (ConfUtils.java:logGet(43)) - raft.server.leader.election.timeout = 10s (custom)
2019-06-13 02:06:14,099 INFO  server.RaftServerConfigKeys (ConfUtils.java:logGet(43)) - raft.server.log.use.memory = false (default)
2019-06-13 02:06:14,253 INFO  server.RaftServerConfigKeys (ConfUtils.java:logGet(43)) - raft.server.log.appender.buffer.byte-limit = 33554432 (custom)
2019-06-13 02:06:14,257 INFO  server.RaftServerConfigKeys (ConfUtils.java:logGet(43)) - raft.server.log.segment.size.max = 16384 (custom)
2019-06-13 02:06:14,260 INFO  server.RaftServerConfigKeys (ConfUtils.java:logGet(43)) - raft.server.log.segment.cache.num.max = 2 (custom)
2019-06-13 02:06:14,264 INFO  storage.RaftLogWorker (RaftLogWorker.java:<init>(123)) - new 442c0026-686e-4c11-b1ee-91eacbd80ce8-RaftLogWorker for Storage Directory /opt/src/hadoop-ozone/integration-test/target/test-dir/MiniOzoneClusterImpl-dacb967f-046d-489e-8e03-6a48fce0d45d/datanode-0/data/ratis/d9fd5831-cea4-425e-97ab-4f913e1e5762
2019-06-13 02:06:14,264 INFO  server.RaftServerConfigKeys (ConfUtils.java:logGet(43)) - raft.server.log.queue.byte-limit = 2147483647 (custom)
2019-06-13 02:06:14,264 INFO  server.RaftServerConfigKeys (ConfUtils.java:logGet(43)) - raft.server.log.queue.element-limit = 1024 (custom)
2019-06-13 02:06:14,267 INFO  server.RaftServerConfigKeys (ConfUtils.java:logGet(43)) - raft.server.log.segment.size.max = 16384 (custom)
2019-06-13 02:06:14,267 INFO  server.RaftServerConfigKeys (ConfUtils.java:logGet(43)) - raft.server.log.preallocated.size = 16384 (custom)
2019-06-13 02:06:14,267 INFO  server.RaftServerConfigKeys (ConfUtils.java:logGet(43)) - raft.server.log.write.buffer.size = 33554432 (custom)
2019-06-13 02:06:14,268 INFO  server.RaftServerConfigKeys (ConfUtils.java:logGet(43)) - raft.server.log.force.sync.num = 128 (default)
2019-06-13 02:06:14,269 INFO  server.RaftServerConfigKeys (ConfUtils.java:logGet(43)) - raft.server.log.statemachine.data.sync = true (default)
2019-06-13 02:06:14,269 INFO  server.RaftServerConfigKeys (ConfUtils.java:logGet(43)) - raft.server.log.statemachine.data.sync.timeout = 10s (default)
2019-06-13 02:06:14,269 INFO  server.RaftServerConfigKeys (ConfUtils.java:logGet(43)) - raft.server.log.statemachine.data.sync.timeout.retry = -1 (default)
2019-06-13 02:06:14,272 INFO  server.RaftServerConfigKeys (ConfUtils.java:logGet(43)) - raft.server.log.statemachine.data.caching.enabled = true (custom)
2019-06-13 02:06:14,293 INFO  node.SCMNodeManager (SCMNodeManager.java:register(234)) - Registered Data node : 2cbb6586-e106-4c85-8a15-da6e1d730a24{ip: 192.168.19.63, host: ozone-j8jbj-2148119425, networkLocation: /default-rack, certSerialId: null}
2019-06-13 02:06:14,296 INFO  server.RaftServerConfigKeys (ConfUtils.java:logGet(43)) - raft.server.snapshot.auto.trigger.enabled = true (custom)
2019-06-13 02:06:14,297 INFO  server.RaftServerConfigKeys (ConfUtils.java:logGet(43)) - raft.server.snapshot.auto.trigger.threshold = 10000 (custom)
2019-06-13 02:06:14,297 INFO  server.RaftServerConfigKeys (ConfUtils.java:logGet(43)) - raft.server.retrycache.expirytime = 600000ms (custom)
2019-06-13 02:06:14,317 INFO  impl.RaftServerImpl (RaftServerImpl.java:start(173)) - 442c0026-686e-4c11-b1ee-91eacbd80ce8: start group-4F913E1E5762
2019-06-13 02:06:14,318 INFO  impl.RaftServerImpl (RaftServerImpl.java:setRole(164)) - 442c0026-686e-4c11-b1ee-91eacbd80ce8:group-4F913E1E5762 changes role from null to FOLLOWER at term 0 for startAsFollower
2019-06-13 02:06:14,319 INFO  impl.RoleInfo (RoleInfo.java:updateAndGet(143)) - 442c0026-686e-4c11-b1ee-91eacbd80ce8: start FollowerState
2019-06-13 02:06:14,323 INFO  util.JmxRegister (JmxRegister.java:tryRegister(44)) - Successfully registered JMX Bean with object name Ratis:service=RaftServer,group=group-4F913E1E5762,id=442c0026-686e-4c11-b1ee-91eacbd80ce8
2019-06-13 02:06:14,353 INFO  ozone.MiniOzoneClusterImpl (MiniOzoneClusterImpl.java:lambda$waitForClusterToBeReady$0(142)) - Waiting for cluster to be ready. Got 3 of 6 DN Heartbeats.
2019-06-13 02:06:14,402 INFO  pipeline.PipelineStateManager (PipelineStateManager.java:addPipeline(56)) - Created pipeline Pipeline[ Id: d9fd5831-cea4-425e-97ab-4f913e1e5762, Nodes: 442c0026-686e-4c11-b1ee-91eacbd80ce8{ip: 192.168.19.63, host: ozone-j8jbj-2148119425, networkLocation: /default-rack, certSerialId: null}, Type:RATIS, Factor:ONE, State:OPEN]
2019-06-13 02:06:14,437 INFO  impl.RaftServerProxy (RaftServerProxy.java:addNew(89)) - 15a320e0-140e-4e5e-87ae-2d7eee4be5d8: addNew group-3E7277B5B512:[15a320e0-140e-4e5e-87ae-2d7eee4be5d8:192.168.19.63:45515] returns group-3E7277B5B512:java.util.concurrent.CompletableFuture@58aea18[Not completed]
2019-06-13 02:06:14,438 INFO  impl.RaftServerImpl (RaftServerImpl.java:<init>(91)) - 15a320e0-140e-4e5e-87ae-2d7eee4be5d8: new RaftServerImpl for group-3E7277B5B512:[15a320e0-140e-4e5e-87ae-2d7eee4be5d8:192.168.19.63:45515] with ContainerStateMachine:uninitialized
2019-06-13 02:06:14,440 INFO  server.RaftServerConfigKeys (ConfUtils.java:logGet(43)) - raft.server.rpc.timeout.min = 1s (custom)
2019-06-13 02:06:14,441 INFO  server.RaftServerConfigKeys (ConfUtils.java:logGet(43)) - raft.server.rpc.timeout.max = 1200ms (custom)
2019-06-13 02:06:14,441 INFO  server.RaftServerConfigKeys (ConfUtils.java:logGet(43)) - raft.server.rpcslowness.timeout = 10s (custom)
2019-06-13 02:06:14,441 INFO  server.RaftServerConfigKeys (ConfUtils.java:logGet(43)) - raft.server.log.appender.install.snapshot.enabled = true (default)
2019-06-13 02:06:14,441 INFO  impl.RaftServerImpl (ServerState.java:<init>(101)) - 15a320e0-140e-4e5e-87ae-2d7eee4be5d8:group-3E7277B5B512 ConfigurationManager, init=-1: [15a320e0-140e-4e5e-87ae-2d7eee4be5d8:192.168.19.63:45515], old=null, confs=<EMPTY_MAP>
2019-06-13 02:06:14,441 INFO  server.RaftServerConfigKeys (ConfUtils.java:logGet(43)) - raft.server.storage.dir = [/opt/src/hadoop-ozone/integration-test/target/test-dir/MiniOzoneClusterImpl-dacb967f-046d-489e-8e03-6a48fce0d45d/datanode-1/data/ratis] (custom)
2019-06-13 02:06:14,442 INFO  storage.RaftStorageDirectory (RaftStorageDirectory.java:analyzeStorage(246)) - The storage directory /opt/src/hadoop-ozone/integration-test/target/test-dir/MiniOzoneClusterImpl-dacb967f-046d-489e-8e03-6a48fce0d45d/datanode-1/data/ratis/2e026980-1272-4ea7-b1c5-3e7277b5b512 does not exist. Creating ...
2019-06-13 02:06:14,444 INFO  storage.RaftStorageDirectory (RaftStorageDirectory.java:tryLock(328)) - Lock on /opt/src/hadoop-ozone/integration-test/target/test-dir/MiniOzoneClusterImpl-dacb967f-046d-489e-8e03-6a48fce0d45d/datanode-1/data/ratis/2e026980-1272-4ea7-b1c5-3e7277b5b512/in_use.lock acquired by nodename 9992@ozone-j8jbj-2148119425
2019-06-13 02:06:14,447 INFO  storage.RaftStorage (RaftStorage.java:format(75)) - Storage directory /opt/src/hadoop-ozone/integration-test/target/test-dir/MiniOzoneClusterImpl-dacb967f-046d-489e-8e03-6a48fce0d45d/datanode-1/data/ratis/2e026980-1272-4ea7-b1c5-3e7277b5b512 has been successfully formatted.
2019-06-13 02:06:14,447 INFO  ratis.ContainerStateMachine (ContainerStateMachine.java:loadSnapshot(199)) - The snapshot info is null.Setting the last applied index to:(t:0, i:~)
2019-06-13 02:06:14,447 INFO  server.RaftServerConfigKeys (ConfUtils.java:logGet(43)) - raft.server.leader.election.timeout = 10s (custom)
2019-06-13 02:06:14,447 INFO  server.RaftServerConfigKeys (ConfUtils.java:logGet(43)) - raft.server.log.use.memory = false (default)
2019-06-13 02:06:14,447 INFO  server.RaftServerConfigKeys (ConfUtils.java:logGet(43)) - raft.server.log.appender.buffer.byte-limit = 33554432 (custom)
2019-06-13 02:06:14,447 INFO  server.RaftServerConfigKeys (ConfUtils.java:logGet(43)) - raft.server.log.segment.size.max = 16384 (custom)
2019-06-13 02:06:14,447 INFO  server.RaftServerConfigKeys (ConfUtils.java:logGet(43)) - raft.server.log.segment.cache.num.max = 2 (custom)
2019-06-13 02:06:14,447 INFO  storage.RaftLogWorker (RaftLogWorker.java:<init>(123)) - new 15a320e0-140e-4e5e-87ae-2d7eee4be5d8-RaftLogWorker for Storage Directory /opt/src/hadoop-ozone/integration-test/target/test-dir/MiniOzoneClusterImpl-dacb967f-046d-489e-8e03-6a48fce0d45d/datanode-1/data/ratis/2e026980-1272-4ea7-b1c5-3e7277b5b512
2019-06-13 02:06:14,448 INFO  server.RaftServerConfigKeys (ConfUtils.java:logGet(43)) - raft.server.log.queue.byte-limit = 2147483647 (custom)
2019-06-13 02:06:14,449 INFO  server.RaftServerConfigKeys (ConfUtils.java:logGet(43)) - raft.server.log.queue.element-limit = 1024 (custom)
2019-06-13 02:06:14,449 INFO  server.RaftServerConfigKeys (ConfUtils.java:logGet(43)) - raft.server.log.segment.size.max = 16384 (custom)
2019-06-13 02:06:14,449 INFO  server.RaftServerConfigKeys (ConfUtils.java:logGet(43)) - raft.server.log.preallocated.size = 16384 (custom)
2019-06-13 02:06:14,449 INFO  server.RaftServerConfigKeys (ConfUtils.java:logGet(43)) - raft.server.log.write.buffer.size = 33554432 (custom)
2019-06-13 02:06:14,449 INFO  server.RaftServerConfigKeys (ConfUtils.java:logGet(43)) - raft.server.log.force.sync.num = 128 (default)
2019-06-13 02:06:14,449 INFO  server.RaftServerConfigKeys (ConfUtils.java:logGet(43)) - raft.server.log.statemachine.data.sync = true (default)
2019-06-13 02:06:14,449 INFO  server.RaftServerConfigKeys (ConfUtils.java:logGet(43)) - raft.server.log.statemachine.data.sync.timeout = 10s (default)
2019-06-13 02:06:14,449 INFO  server.RaftServerConfigKeys (ConfUtils.java:logGet(43)) - raft.server.log.statemachine.data.sync.timeout.retry = -1 (default)
2019-06-13 02:06:14,450 INFO  server.RaftServerConfigKeys (ConfUtils.java:logGet(43)) - raft.server.log.statemachine.data.caching.enabled = true (custom)
2019-06-13 02:06:14,453 INFO  server.RaftServerConfigKeys (ConfUtils.java:logGet(43)) - raft.server.snapshot.auto.trigger.enabled = true (custom)
2019-06-13 02:06:14,453 INFO  server.RaftServerConfigKeys (ConfUtils.java:logGet(43)) - raft.server.snapshot.auto.trigger.threshold = 10000 (custom)
2019-06-13 02:06:14,453 INFO  server.RaftServerConfigKeys (ConfUtils.java:logGet(43)) - raft.server.retrycache.expirytime = 600000ms (custom)
2019-06-13 02:06:14,453 INFO  impl.RaftServerImpl (RaftServerImpl.java:start(173)) - 15a320e0-140e-4e5e-87ae-2d7eee4be5d8: start group-3E7277B5B512
2019-06-13 02:06:14,454 INFO  impl.RaftServerImpl (RaftServerImpl.java:setRole(164)) - 15a320e0-140e-4e5e-87ae-2d7eee4be5d8:group-3E7277B5B512 changes role from null to FOLLOWER at term 0 for startAsFollower
2019-06-13 02:06:14,454 INFO  impl.RoleInfo (RoleInfo.java:updateAndGet(143)) - 15a320e0-140e-4e5e-87ae-2d7eee4be5d8: start FollowerState
2019-06-13 02:06:14,456 INFO  util.JmxRegister (JmxRegister.java:tryRegister(44)) - Successfully registered JMX Bean with object name Ratis:service=RaftServer,group=group-3E7277B5B512,id=15a320e0-140e-4e5e-87ae-2d7eee4be5d8
2019-06-13 02:06:14,469 INFO  pipeline.PipelineStateManager (PipelineStateManager.java:addPipeline(56)) - Created pipeline Pipeline[ Id: 2e026980-1272-4ea7-b1c5-3e7277b5b512, Nodes: 15a320e0-140e-4e5e-87ae-2d7eee4be5d8{ip: 192.168.19.63, host: ozone-j8jbj-2148119425, networkLocation: /default-rack, certSerialId: null}, Type:RATIS, Factor:ONE, State:OPEN]
2019-06-13 02:06:14,516 INFO  impl.RaftServerProxy (RaftServerProxy.java:addNew(89)) - 2cbb6586-e106-4c85-8a15-da6e1d730a24: addNew group-18627801589E:[2cbb6586-e106-4c85-8a15-da6e1d730a24:192.168.19.63:35999] returns group-18627801589E:java.util.concurrent.CompletableFuture@4077bb54[Not completed]
2019-06-13 02:06:14,540 INFO  impl.RaftServerImpl (RaftServerImpl.java:<init>(91)) - 2cbb6586-e106-4c85-8a15-da6e1d730a24: new RaftServerImpl for group-18627801589E:[2cbb6586-e106-4c85-8a15-da6e1d730a24:192.168.19.63:35999] with ContainerStateMachine:uninitialized
2019-06-13 02:06:14,540 INFO  server.RaftServerConfigKeys (ConfUtils.java:logGet(43)) - raft.server.rpc.timeout.min = 1s (custom)
2019-06-13 02:06:14,540 INFO  server.RaftServerConfigKeys (ConfUtils.java:logGet(43)) - raft.server.rpc.timeout.max = 1200ms (custom)
2019-06-13 02:06:14,540 INFO  server.RaftServerConfigKeys (ConfUtils.java:logGet(43)) - raft.server.rpcslowness.timeout = 10s (custom)
2019-06-13 02:06:14,540 INFO  server.RaftServerConfigKeys (ConfUtils.java:logGet(43)) - raft.server.log.appender.install.snapshot.enabled = true (default)
2019-06-13 02:06:14,540 INFO  impl.RaftServerImpl (ServerState.java:<init>(101)) - 2cbb6586-e106-4c85-8a15-da6e1d730a24:group-18627801589E ConfigurationManager, init=-1: [2cbb6586-e106-4c85-8a15-da6e1d730a24:192.168.19.63:35999], old=null, confs=<EMPTY_MAP>
2019-06-13 02:06:14,541 INFO  server.RaftServerConfigKeys (ConfUtils.java:logGet(43)) - raft.server.storage.dir = [/opt/src/hadoop-ozone/integration-test/target/test-dir/MiniOzoneClusterImpl-dacb967f-046d-489e-8e03-6a48fce0d45d/datanode-2/data/ratis] (custom)
2019-06-13 02:06:14,541 INFO  storage.RaftStorageDirectory (RaftStorageDirectory.java:analyzeStorage(246)) - The storage directory /opt/src/hadoop-ozone/integration-test/target/test-dir/MiniOzoneClusterImpl-dacb967f-046d-489e-8e03-6a48fce0d45d/datanode-2/data/ratis/e3c01d70-2068-4b0e-afce-18627801589e does not exist. Creating ...
2019-06-13 02:06:14,544 INFO  storage.RaftStorageDirectory (RaftStorageDirectory.java:tryLock(328)) - Lock on /opt/src/hadoop-ozone/integration-test/target/test-dir/MiniOzoneClusterImpl-dacb967f-046d-489e-8e03-6a48fce0d45d/datanode-2/data/ratis/e3c01d70-2068-4b0e-afce-18627801589e/in_use.lock acquired by nodename 9992@ozone-j8jbj-2148119425
2019-06-13 02:06:14,546 INFO  storage.RaftStorage (RaftStorage.java:format(75)) - Storage directory /opt/src/hadoop-ozone/integration-test/target/test-dir/MiniOzoneClusterImpl-dacb967f-046d-489e-8e03-6a48fce0d45d/datanode-2/data/ratis/e3c01d70-2068-4b0e-afce-18627801589e has been successfully formatted.
2019-06-13 02:06:14,547 INFO  ratis.ContainerStateMachine (ContainerStateMachine.java:loadSnapshot(199)) - The snapshot info is null.Setting the last applied index to:(t:0, i:~)
2019-06-13 02:06:14,548 INFO  server.RaftServerConfigKeys (ConfUtils.java:logGet(43)) - raft.server.leader.election.timeout = 10s (custom)
2019-06-13 02:06:14,548 INFO  server.RaftServerConfigKeys (ConfUtils.java:logGet(43)) - raft.server.log.use.memory = false (default)
2019-06-13 02:06:14,548 INFO  server.RaftServerConfigKeys (ConfUtils.java:logGet(43)) - raft.server.log.appender.buffer.byte-limit = 33554432 (custom)
2019-06-13 02:06:14,548 INFO  server.RaftServerConfigKeys (ConfUtils.java:logGet(43)) - raft.server.log.segment.size.max = 16384 (custom)
2019-06-13 02:06:14,548 INFO  server.RaftServerConfigKeys (ConfUtils.java:logGet(43)) - raft.server.log.segment.cache.num.max = 2 (custom)
2019-06-13 02:06:14,548 INFO  storage.RaftLogWorker (RaftLogWorker.java:<init>(123)) - new 2cbb6586-e106-4c85-8a15-da6e1d730a24-RaftLogWorker for Storage Directory /opt/src/hadoop-ozone/integration-test/target/test-dir/MiniOzoneClusterImpl-dacb967f-046d-489e-8e03-6a48fce0d45d/datanode-2/data/ratis/e3c01d70-2068-4b0e-afce-18627801589e
2019-06-13 02:06:14,548 INFO  server.RaftServerConfigKeys (ConfUtils.java:logGet(43)) - raft.server.log.queue.byte-limit = 2147483647 (custom)
2019-06-13 02:06:14,549 INFO  server.RaftServerConfigKeys (ConfUtils.java:logGet(43)) - raft.server.log.queue.element-limit = 1024 (custom)
2019-06-13 02:06:14,549 INFO  server.RaftServerConfigKeys (ConfUtils.java:logGet(43)) - raft.server.log.segment.size.max = 16384 (custom)
2019-06-13 02:06:14,549 INFO  server.RaftServerConfigKeys (ConfUtils.java:logGet(43)) - raft.server.log.preallocated.size = 16384 (custom)
2019-06-13 02:06:14,549 INFO  server.RaftServerConfigKeys (ConfUtils.java:logGet(43)) - raft.server.log.write.buffer.size = 33554432 (custom)
2019-06-13 02:06:14,549 INFO  server.RaftServerConfigKeys (ConfUtils.java:logGet(43)) - raft.server.log.force.sync.num = 128 (default)
2019-06-13 02:06:14,549 INFO  server.RaftServerConfigKeys (ConfUtils.java:logGet(43)) - raft.server.log.statemachine.data.sync = true (default)
2019-06-13 02:06:14,549 INFO  server.RaftServerConfigKeys (ConfUtils.java:logGet(43)) - raft.server.log.statemachine.data.sync.timeout = 10s (default)
2019-06-13 02:06:14,549 INFO  server.RaftServerConfigKeys (ConfUtils.java:logGet(43)) - raft.server.log.statemachine.data.sync.timeout.retry = -1 (default)
2019-06-13 02:06:14,550 INFO  server.RaftServerConfigKeys (ConfUtils.java:logGet(43)) - raft.server.log.statemachine.data.caching.enabled = true (custom)
2019-06-13 02:06:14,550 INFO  server.RaftServerConfigKeys (ConfUtils.java:logGet(43)) - raft.server.snapshot.auto.trigger.enabled = true (custom)
2019-06-13 02:06:14,550 INFO  server.RaftServerConfigKeys (ConfUtils.java:logGet(43)) - raft.server.snapshot.auto.trigger.threshold = 10000 (custom)
2019-06-13 02:06:14,550 INFO  server.RaftServerConfigKeys (ConfUtils.java:logGet(43)) - raft.server.retrycache.expirytime = 600000ms (custom)
2019-06-13 02:06:14,550 INFO  impl.RaftServerImpl (RaftServerImpl.java:start(173)) - 2cbb6586-e106-4c85-8a15-da6e1d730a24: start group-18627801589E
2019-06-13 02:06:14,550 INFO  impl.RaftServerImpl (RaftServerImpl.java:setRole(164)) - 2cbb6586-e106-4c85-8a15-da6e1d730a24:group-18627801589E changes role from null to FOLLOWER at term 0 for startAsFollower
2019-06-13 02:06:14,550 INFO  impl.RoleInfo (RoleInfo.java:updateAndGet(143)) - 2cbb6586-e106-4c85-8a15-da6e1d730a24: start FollowerState
2019-06-13 02:06:14,551 INFO  util.JmxRegister (JmxRegister.java:tryRegister(44)) - Successfully registered JMX Bean with object name Ratis:service=RaftServer,group=group-18627801589E,id=2cbb6586-e106-4c85-8a15-da6e1d730a24
2019-06-13 02:06:14,559 INFO  pipeline.PipelineStateManager (PipelineStateManager.java:addPipeline(56)) - Created pipeline Pipeline[ Id: e3c01d70-2068-4b0e-afce-18627801589e, Nodes: 2cbb6586-e106-4c85-8a15-da6e1d730a24{ip: 192.168.19.63, host: ozone-j8jbj-2148119425, networkLocation: /default-rack, certSerialId: null}, Type:RATIS, Factor:ONE, State:OPEN]
2019-06-13 02:06:14,586 INFO  impl.RaftServerProxy (RaftServerProxy.java:addNew(89)) - 15a320e0-140e-4e5e-87ae-2d7eee4be5d8: addNew group-CC5AA747F041:[2cbb6586-e106-4c85-8a15-da6e1d730a24:192.168.19.63:35999, 442c0026-686e-4c11-b1ee-91eacbd80ce8:192.168.19.63:35579, 15a320e0-140e-4e5e-87ae-2d7eee4be5d8:192.168.19.63:45515] returns group-CC5AA747F041:java.util.concurrent.CompletableFuture@73a31418[Not completed]
2019-06-13 02:06:14,586 INFO  impl.RaftServerProxy (RaftServerProxy.java:addNew(89)) - 442c0026-686e-4c11-b1ee-91eacbd80ce8: addNew group-CC5AA747F041:[2cbb6586-e106-4c85-8a15-da6e1d730a24:192.168.19.63:35999, 442c0026-686e-4c11-b1ee-91eacbd80ce8:192.168.19.63:35579, 15a320e0-140e-4e5e-87ae-2d7eee4be5d8:192.168.19.63:45515] returns group-CC5AA747F041:java.util.concurrent.CompletableFuture@14ab16f[Not completed]
2019-06-13 02:06:14,589 INFO  impl.RaftServerImpl (RaftServerImpl.java:<init>(91)) - 15a320e0-140e-4e5e-87ae-2d7eee4be5d8: new RaftServerImpl for group-CC5AA747F041:[2cbb6586-e106-4c85-8a15-da6e1d730a24:192.168.19.63:35999, 442c0026-686e-4c11-b1ee-91eacbd80ce8:192.168.19.63:35579, 15a320e0-140e-4e5e-87ae-2d7eee4be5d8:192.168.19.63:45515] with ContainerStateMachine:uninitialized
2019-06-13 02:06:14,590 INFO  server.RaftServerConfigKeys (ConfUtils.java:logGet(43)) - raft.server.rpc.timeout.min = 1s (custom)
2019-06-13 02:06:14,590 INFO  server.RaftServerConfigKeys (ConfUtils.java:logGet(43)) - raft.server.rpc.timeout.max = 1200ms (custom)
2019-06-13 02:06:14,590 INFO  impl.RaftServerImpl (RaftServerImpl.java:<init>(91)) - 442c0026-686e-4c11-b1ee-91eacbd80ce8: new RaftServerImpl for group-CC5AA747F041:[2cbb6586-e106-4c85-8a15-da6e1d730a24:192.168.19.63:35999, 442c0026-686e-4c11-b1ee-91eacbd80ce8:192.168.19.63:35579, 15a320e0-140e-4e5e-87ae-2d7eee4be5d8:192.168.19.63:45515] with ContainerStateMachine:uninitialized
2019-06-13 02:06:14,590 INFO  server.RaftServerConfigKeys (ConfUtils.java:logGet(43)) - raft.server.rpcslowness.timeout = 10s (custom)
2019-06-13 02:06:14,590 INFO  server.RaftServerConfigKeys (ConfUtils.java:logGet(43)) - raft.server.rpc.timeout.min = 1s (custom)
2019-06-13 02:06:14,590 INFO  server.RaftServerConfigKeys (ConfUtils.java:logGet(43)) - raft.server.rpc.timeout.max = 1200ms (custom)
2019-06-13 02:06:14,590 INFO  server.RaftServerConfigKeys (ConfUtils.java:logGet(43)) - raft.server.log.appender.install.snapshot.enabled = true (default)
2019-06-13 02:06:14,591 INFO  server.RaftServerConfigKeys (ConfUtils.java:logGet(43)) - raft.server.rpcslowness.timeout = 10s (custom)
2019-06-13 02:06:14,591 INFO  server.RaftServerConfigKeys (ConfUtils.java:logGet(43)) - raft.server.log.appender.install.snapshot.enabled = true (default)
2019-06-13 02:06:14,591 INFO  impl.RaftServerImpl (ServerState.java:<init>(101)) - 442c0026-686e-4c11-b1ee-91eacbd80ce8:group-CC5AA747F041 ConfigurationManager, init=-1: [2cbb6586-e106-4c85-8a15-da6e1d730a24:192.168.19.63:35999, 442c0026-686e-4c11-b1ee-91eacbd80ce8:192.168.19.63:35579, 15a320e0-140e-4e5e-87ae-2d7eee4be5d8:192.168.19.63:45515], old=null, confs=<EMPTY_MAP>
2019-06-13 02:06:14,591 INFO  impl.RaftServerProxy (RaftServerProxy.java:addNew(89)) - 2cbb6586-e106-4c85-8a15-da6e1d730a24: addNew group-CC5AA747F041:[2cbb6586-e106-4c85-8a15-da6e1d730a24:192.168.19.63:35999, 442c0026-686e-4c11-b1ee-91eacbd80ce8:192.168.19.63:35579, 15a320e0-140e-4e5e-87ae-2d7eee4be5d8:192.168.19.63:45515] returns group-CC5AA747F041:java.util.concurrent.CompletableFuture@ac906fb[Not completed]
2019-06-13 02:06:14,592 INFO  impl.RaftServerImpl (ServerState.java:<init>(101)) - 15a320e0-140e-4e5e-87ae-2d7eee4be5d8:group-CC5AA747F041 ConfigurationManager, init=-1: [2cbb6586-e106-4c85-8a15-da6e1d730a24:192.168.19.63:35999, 442c0026-686e-4c11-b1ee-91eacbd80ce8:192.168.19.63:35579, 15a320e0-140e-4e5e-87ae-2d7eee4be5d8:192.168.19.63:45515], old=null, confs=<EMPTY_MAP>
2019-06-13 02:06:14,592 INFO  server.RaftServerConfigKeys (ConfUtils.java:logGet(43)) - raft.server.storage.dir = [/opt/src/hadoop-ozone/integration-test/target/test-dir/MiniOzoneClusterImpl-dacb967f-046d-489e-8e03-6a48fce0d45d/datanode-0/data/ratis] (custom)
2019-06-13 02:06:14,592 INFO  server.RaftServerConfigKeys (ConfUtils.java:logGet(43)) - raft.server.storage.dir = [/opt/src/hadoop-ozone/integration-test/target/test-dir/MiniOzoneClusterImpl-dacb967f-046d-489e-8e03-6a48fce0d45d/datanode-1/data/ratis] (custom)
2019-06-13 02:06:14,592 INFO  storage.RaftStorageDirectory (RaftStorageDirectory.java:analyzeStorage(246)) - The storage directory /opt/src/hadoop-ozone/integration-test/target/test-dir/MiniOzoneClusterImpl-dacb967f-046d-489e-8e03-6a48fce0d45d/datanode-0/data/ratis/f34c2311-9c9a-443a-8752-cc5aa747f041 does not exist. Creating ...
2019-06-13 02:06:14,592 INFO  impl.RaftServerImpl (RaftServerImpl.java:<init>(91)) - 2cbb6586-e106-4c85-8a15-da6e1d730a24: new RaftServerImpl for group-CC5AA747F041:[2cbb6586-e106-4c85-8a15-da6e1d730a24:192.168.19.63:35999, 442c0026-686e-4c11-b1ee-91eacbd80ce8:192.168.19.63:35579, 15a320e0-140e-4e5e-87ae-2d7eee4be5d8:192.168.19.63:45515] with ContainerStateMachine:uninitialized
2019-06-13 02:06:14,592 INFO  storage.RaftStorageDirectory (RaftStorageDirectory.java:analyzeStorage(246)) - The storage directory /opt/src/hadoop-ozone/integration-test/target/test-dir/MiniOzoneClusterImpl-dacb967f-046d-489e-8e03-6a48fce0d45d/datanode-1/data/ratis/f34c2311-9c9a-443a-8752-cc5aa747f041 does not exist. Creating ...
2019-06-13 02:06:14,592 INFO  server.RaftServerConfigKeys (ConfUtils.java:logGet(43)) - raft.server.rpc.timeout.min = 1s (custom)
2019-06-13 02:06:14,593 INFO  server.RaftServerConfigKeys (ConfUtils.java:logGet(43)) - raft.server.rpc.timeout.max = 1200ms (custom)
2019-06-13 02:06:14,593 INFO  server.RaftServerConfigKeys (ConfUtils.java:logGet(43)) - raft.server.rpcslowness.timeout = 10s (custom)
2019-06-13 02:06:14,593 INFO  server.RaftServerConfigKeys (ConfUtils.java:logGet(43)) - raft.server.log.appender.install.snapshot.enabled = true (default)
2019-06-13 02:06:14,593 INFO  impl.RaftServerImpl (ServerState.java:<init>(101)) - 2cbb6586-e106-4c85-8a15-da6e1d730a24:group-CC5AA747F041 ConfigurationManager, init=-1: [2cbb6586-e106-4c85-8a15-da6e1d730a24:192.168.19.63:35999, 442c0026-686e-4c11-b1ee-91eacbd80ce8:192.168.19.63:35579, 15a320e0-140e-4e5e-87ae-2d7eee4be5d8:192.168.19.63:45515], old=null, confs=<EMPTY_MAP>
2019-06-13 02:06:14,593 INFO  server.RaftServerConfigKeys (ConfUtils.java:logGet(43)) - raft.server.storage.dir = [/opt/src/hadoop-ozone/integration-test/target/test-dir/MiniOzoneClusterImpl-dacb967f-046d-489e-8e03-6a48fce0d45d/datanode-2/data/ratis] (custom)
2019-06-13 02:06:14,593 INFO  storage.RaftStorageDirectory (RaftStorageDirectory.java:analyzeStorage(246)) - The storage directory /opt/src/hadoop-ozone/integration-test/target/test-dir/MiniOzoneClusterImpl-dacb967f-046d-489e-8e03-6a48fce0d45d/datanode-2/data/ratis/f34c2311-9c9a-443a-8752-cc5aa747f041 does not exist. Creating ...
2019-06-13 02:06:14,594 INFO  storage.RaftStorageDirectory (RaftStorageDirectory.java:tryLock(328)) - Lock on /opt/src/hadoop-ozone/integration-test/target/test-dir/MiniOzoneClusterImpl-dacb967f-046d-489e-8e03-6a48fce0d45d/datanode-1/data/ratis/f34c2311-9c9a-443a-8752-cc5aa747f041/in_use.lock acquired by nodename 9992@ozone-j8jbj-2148119425
2019-06-13 02:06:14,595 INFO  storage.RaftStorageDirectory (RaftStorageDirectory.java:tryLock(328)) - Lock on /opt/src/hadoop-ozone/integration-test/target/test-dir/MiniOzoneClusterImpl-dacb967f-046d-489e-8e03-6a48fce0d45d/datanode-0/data/ratis/f34c2311-9c9a-443a-8752-cc5aa747f041/in_use.lock acquired by nodename 9992@ozone-j8jbj-2148119425
2019-06-13 02:06:14,597 INFO  storage.RaftStorage (RaftStorage.java:format(75)) - Storage directory /opt/src/hadoop-ozone/integration-test/target/test-dir/MiniOzoneClusterImpl-dacb967f-046d-489e-8e03-6a48fce0d45d/datanode-1/data/ratis/f34c2311-9c9a-443a-8752-cc5aa747f041 has been successfully formatted.
2019-06-13 02:06:14,597 INFO  ratis.ContainerStateMachine (ContainerStateMachine.java:loadSnapshot(199)) - The snapshot info is null.Setting the last applied index to:(t:0, i:~)
2019-06-13 02:06:14,597 INFO  server.RaftServerConfigKeys (ConfUtils.java:logGet(43)) - raft.server.leader.election.timeout = 10s (custom)
2019-06-13 02:06:14,597 INFO  server.RaftServerConfigKeys (ConfUtils.java:logGet(43)) - raft.server.log.use.memory = false (default)
2019-06-13 02:06:14,597 INFO  storage.RaftStorageDirectory (RaftStorageDirectory.java:tryLock(328)) - Lock on /opt/src/hadoop-ozone/integration-test/target/test-dir/MiniOzoneClusterImpl-dacb967f-046d-489e-8e03-6a48fce0d45d/datanode-2/data/ratis/f34c2311-9c9a-443a-8752-cc5aa747f041/in_use.lock acquired by nodename 9992@ozone-j8jbj-2148119425
2019-06-13 02:06:14,597 INFO  storage.RaftStorage (RaftStorage.java:format(75)) - Storage directory /opt/src/hadoop-ozone/integration-test/target/test-dir/MiniOzoneClusterImpl-dacb967f-046d-489e-8e03-6a48fce0d45d/datanode-0/data/ratis/f34c2311-9c9a-443a-8752-cc5aa747f041 has been successfully formatted.
2019-06-13 02:06:14,598 INFO  ratis.ContainerStateMachine (ContainerStateMachine.java:loadSnapshot(199)) - The snapshot info is null.Setting the last applied index to:(t:0, i:~)
2019-06-13 02:06:14,598 INFO  server.RaftServerConfigKeys (ConfUtils.java:logGet(43)) - raft.server.leader.election.timeout = 10s (custom)
2019-06-13 02:06:14,598 INFO  server.RaftServerConfigKeys (ConfUtils.java:logGet(43)) - raft.server.log.use.memory = false (default)
2019-06-13 02:06:14,598 INFO  server.RaftServerConfigKeys (ConfUtils.java:logGet(43)) - raft.server.log.appender.buffer.byte-limit = 33554432 (custom)
2019-06-13 02:06:14,598 INFO  server.RaftServerConfigKeys (ConfUtils.java:logGet(43)) - raft.server.log.segment.size.max = 16384 (custom)
2019-06-13 02:06:14,598 INFO  server.RaftServerConfigKeys (ConfUtils.java:logGet(43)) - raft.server.log.segment.cache.num.max = 2 (custom)
2019-06-13 02:06:14,598 INFO  storage.RaftLogWorker (RaftLogWorker.java:<init>(123)) - new 442c0026-686e-4c11-b1ee-91eacbd80ce8-RaftLogWorker for Storage Directory /opt/src/hadoop-ozone/integration-test/target/test-dir/MiniOzoneClusterImpl-dacb967f-046d-489e-8e03-6a48fce0d45d/datanode-0/data/ratis/f34c2311-9c9a-443a-8752-cc5aa747f041
2019-06-13 02:06:14,597 INFO  server.RaftServerConfigKeys (ConfUtils.java:logGet(43)) - raft.server.log.appender.buffer.byte-limit = 33554432 (custom)
2019-06-13 02:06:14,598 INFO  server.RaftServerConfigKeys (ConfUtils.java:logGet(43)) - raft.server.log.queue.byte-limit = 2147483647 (custom)
2019-06-13 02:06:14,599 INFO  server.RaftServerConfigKeys (ConfUtils.java:logGet(43)) - raft.server.log.segment.size.max = 16384 (custom)
2019-06-13 02:06:14,599 INFO  server.RaftServerConfigKeys (ConfUtils.java:logGet(43)) - raft.server.log.queue.element-limit = 1024 (custom)
2019-06-13 02:06:14,599 INFO  server.RaftServerConfigKeys (ConfUtils.java:logGet(43)) - raft.server.log.segment.cache.num.max = 2 (custom)
2019-06-13 02:06:14,599 INFO  server.RaftServerConfigKeys (ConfUtils.java:logGet(43)) - raft.server.log.segment.size.max = 16384 (custom)
2019-06-13 02:06:14,599 INFO  storage.RaftLogWorker (RaftLogWorker.java:<init>(123)) - new 15a320e0-140e-4e5e-87ae-2d7eee4be5d8-RaftLogWorker for Storage Directory /opt/src/hadoop-ozone/integration-test/target/test-dir/MiniOzoneClusterImpl-dacb967f-046d-489e-8e03-6a48fce0d45d/datanode-1/data/ratis/f34c2311-9c9a-443a-8752-cc5aa747f041
2019-06-13 02:06:14,599 INFO  server.RaftServerConfigKeys (ConfUtils.java:logGet(43)) - raft.server.log.preallocated.size = 16384 (custom)
2019-06-13 02:06:14,599 INFO  server.RaftServerConfigKeys (ConfUtils.java:logGet(43)) - raft.server.log.queue.byte-limit = 2147483647 (custom)
2019-06-13 02:06:14,599 INFO  server.RaftServerConfigKeys (ConfUtils.java:logGet(43)) - raft.server.log.write.buffer.size = 33554432 (custom)
2019-06-13 02:06:14,599 INFO  server.RaftServerConfigKeys (ConfUtils.java:logGet(43)) - raft.server.log.queue.element-limit = 1024 (custom)
2019-06-13 02:06:14,599 INFO  server.RaftServerConfigKeys (ConfUtils.java:logGet(43)) - raft.server.log.force.sync.num = 128 (default)
2019-06-13 02:06:14,599 INFO  server.RaftServerConfigKeys (ConfUtils.java:logGet(43)) - raft.server.log.segment.size.max = 16384 (custom)
2019-06-13 02:06:14,599 INFO  server.RaftServerConfigKeys (ConfUtils.java:logGet(43)) - raft.server.log.statemachine.data.sync = true (default)
2019-06-13 02:06:14,600 INFO  server.RaftServerConfigKeys (ConfUtils.java:logGet(43)) - raft.server.log.preallocated.size = 16384 (custom)
2019-06-13 02:06:14,600 INFO  server.RaftServerConfigKeys (ConfUtils.java:logGet(43)) - raft.server.log.write.buffer.size = 33554432 (custom)
2019-06-13 02:06:14,600 INFO  server.RaftServerConfigKeys (ConfUtils.java:logGet(43)) - raft.server.log.force.sync.num = 128 (default)
2019-06-13 02:06:14,600 INFO  server.RaftServerConfigKeys (ConfUtils.java:logGet(43)) - raft.server.log.statemachine.data.sync = true (default)
2019-06-13 02:06:14,600 INFO  server.RaftServerConfigKeys (ConfUtils.java:logGet(43)) - raft.server.log.statemachine.data.sync.timeout = 10s (default)
2019-06-13 02:06:14,600 INFO  server.RaftServerConfigKeys (ConfUtils.java:logGet(43)) - raft.server.log.statemachine.data.sync.timeout.retry = -1 (default)
2019-06-13 02:06:14,600 INFO  server.RaftServerConfigKeys (ConfUtils.java:logGet(43)) - raft.server.log.statemachine.data.caching.enabled = true (custom)
2019-06-13 02:06:14,600 INFO  server.RaftServerConfigKeys (ConfUtils.java:logGet(43)) - raft.server.log.statemachine.data.sync.timeout = 10s (default)
2019-06-13 02:06:14,600 INFO  storage.RaftStorage (RaftStorage.java:format(75)) - Storage directory /opt/src/hadoop-ozone/integration-test/target/test-dir/MiniOzoneClusterImpl-dacb967f-046d-489e-8e03-6a48fce0d45d/datanode-2/data/ratis/f34c2311-9c9a-443a-8752-cc5aa747f041 has been successfully formatted.
2019-06-13 02:06:14,601 INFO  server.RaftServerConfigKeys (ConfUtils.java:logGet(43)) - raft.server.snapshot.auto.trigger.enabled = true (custom)
2019-06-13 02:06:14,601 INFO  ratis.ContainerStateMachine (ContainerStateMachine.java:loadSnapshot(199)) - The snapshot info is null.Setting the last applied index to:(t:0, i:~)
2019-06-13 02:06:14,601 INFO  server.RaftServerConfigKeys (ConfUtils.java:logGet(43)) - raft.server.leader.election.timeout = 10s (custom)
2019-06-13 02:06:14,601 INFO  server.RaftServerConfigKeys (ConfUtils.java:logGet(43)) - raft.server.log.use.memory = false (default)
2019-06-13 02:06:14,601 INFO  server.RaftServerConfigKeys (ConfUtils.java:logGet(43)) - raft.server.log.appender.buffer.byte-limit = 33554432 (custom)
2019-06-13 02:06:14,601 INFO  server.RaftServerConfigKeys (ConfUtils.java:logGet(43)) - raft.server.log.statemachine.data.sync.timeout.retry = -1 (default)
2019-06-13 02:06:14,601 INFO  server.RaftServerConfigKeys (ConfUtils.java:logGet(43)) - raft.server.log.segment.size.max = 16384 (custom)
2019-06-13 02:06:14,601 INFO  server.RaftServerConfigKeys (ConfUtils.java:logGet(43)) - raft.server.snapshot.auto.trigger.threshold = 10000 (custom)
2019-06-13 02:06:14,601 INFO  server.RaftServerConfigKeys (ConfUtils.java:logGet(43)) - raft.server.log.segment.cache.num.max = 2 (custom)
2019-06-13 02:06:14,602 INFO  server.RaftServerConfigKeys (ConfUtils.java:logGet(43)) - raft.server.retrycache.expirytime = 600000ms (custom)
2019-06-13 02:06:14,602 INFO  impl.RaftServerImpl (RaftServerImpl.java:start(173)) - 15a320e0-140e-4e5e-87ae-2d7eee4be5d8: start group-CC5AA747F041
2019-06-13 02:06:14,601 INFO  server.RaftServerConfigKeys (ConfUtils.java:logGet(43)) - raft.server.log.statemachine.data.caching.enabled = true (custom)
2019-06-13 02:06:14,602 INFO  impl.RaftServerImpl (RaftServerImpl.java:setRole(164)) - 15a320e0-140e-4e5e-87ae-2d7eee4be5d8:group-CC5AA747F041 changes role from null to FOLLOWER at term 0 for startAsFollower
2019-06-13 02:06:14,602 INFO  storage.RaftLogWorker (RaftLogWorker.java:<init>(123)) - new 2cbb6586-e106-4c85-8a15-da6e1d730a24-RaftLogWorker for Storage Directory /opt/src/hadoop-ozone/integration-test/target/test-dir/MiniOzoneClusterImpl-dacb967f-046d-489e-8e03-6a48fce0d45d/datanode-2/data/ratis/f34c2311-9c9a-443a-8752-cc5aa747f041
2019-06-13 02:06:14,602 INFO  server.RaftServerConfigKeys (ConfUtils.java:logGet(43)) - raft.server.log.queue.byte-limit = 2147483647 (custom)
2019-06-13 02:06:14,602 INFO  impl.RoleInfo (RoleInfo.java:updateAndGet(143)) - 15a320e0-140e-4e5e-87ae-2d7eee4be5d8: start FollowerState
2019-06-13 02:06:14,602 INFO  server.RaftServerConfigKeys (ConfUtils.java:logGet(43)) - raft.server.snapshot.auto.trigger.enabled = true (custom)
2019-06-13 02:06:14,603 INFO  server.RaftServerConfigKeys (ConfUtils.java:logGet(43)) - raft.server.log.queue.element-limit = 1024 (custom)
2019-06-13 02:06:14,603 INFO  server.RaftServerConfigKeys (ConfUtils.java:logGet(43)) - raft.server.log.segment.size.max = 16384 (custom)
2019-06-13 02:06:14,603 INFO  server.RaftServerConfigKeys (ConfUtils.java:logGet(43)) - raft.server.log.preallocated.size = 16384 (custom)
2019-06-13 02:06:14,603 INFO  server.RaftServerConfigKeys (ConfUtils.java:logGet(43)) - raft.server.snapshot.auto.trigger.threshold = 10000 (custom)
2019-06-13 02:06:14,603 INFO  server.RaftServerConfigKeys (ConfUtils.java:logGet(43)) - raft.server.log.write.buffer.size = 33554432 (custom)
2019-06-13 02:06:14,603 INFO  server.RaftServerConfigKeys (ConfUtils.java:logGet(43)) - raft.server.retrycache.expirytime = 600000ms (custom)
2019-06-13 02:06:14,603 INFO  impl.RaftServerImpl (RaftServerImpl.java:start(173)) - 442c0026-686e-4c11-b1ee-91eacbd80ce8: start group-CC5AA747F041
2019-06-13 02:06:14,603 INFO  impl.RaftServerImpl (RaftServerImpl.java:setRole(164)) - 442c0026-686e-4c11-b1ee-91eacbd80ce8:group-CC5AA747F041 changes role from null to FOLLOWER at term 0 for startAsFollower
2019-06-13 02:06:14,604 INFO  impl.RoleInfo (RoleInfo.java:updateAndGet(143)) - 442c0026-686e-4c11-b1ee-91eacbd80ce8: start FollowerState
2019-06-13 02:06:14,603 INFO  util.JmxRegister (JmxRegister.java:tryRegister(44)) - Successfully registered JMX Bean with object name Ratis:service=RaftServer,group=group-CC5AA747F041,id=15a320e0-140e-4e5e-87ae-2d7eee4be5d8
2019-06-13 02:06:14,603 INFO  server.RaftServerConfigKeys (ConfUtils.java:logGet(43)) - raft.server.log.force.sync.num = 128 (default)
2019-06-13 02:06:14,604 INFO  server.RaftServerConfigKeys (ConfUtils.java:logGet(43)) - raft.server.log.statemachine.data.sync = true (default)
2019-06-13 02:06:14,604 INFO  server.RaftServerConfigKeys (ConfUtils.java:logGet(43)) - raft.server.log.statemachine.data.sync.timeout = 10s (default)
2019-06-13 02:06:14,604 INFO  server.RaftServerConfigKeys (ConfUtils.java:logGet(43)) - raft.server.log.statemachine.data.sync.timeout.retry = -1 (default)
2019-06-13 02:06:14,604 INFO  util.JmxRegister (JmxRegister.java:tryRegister(44)) - Successfully registered JMX Bean with object name Ratis:service=RaftServer,group=group-CC5AA747F041,id=442c0026-686e-4c11-b1ee-91eacbd80ce8
2019-06-13 02:06:14,605 INFO  server.RaftServerConfigKeys (ConfUtils.java:logGet(43)) - raft.server.log.statemachine.data.caching.enabled = true (custom)
2019-06-13 02:06:14,605 INFO  server.RaftServerConfigKeys (ConfUtils.java:logGet(43)) - raft.server.snapshot.auto.trigger.enabled = true (custom)
2019-06-13 02:06:14,605 INFO  server.RaftServerConfigKeys (ConfUtils.java:logGet(43)) - raft.server.snapshot.auto.trigger.threshold = 10000 (custom)
2019-06-13 02:06:14,605 INFO  server.RaftServerConfigKeys (ConfUtils.java:logGet(43)) - raft.server.retrycache.expirytime = 600000ms (custom)
2019-06-13 02:06:14,606 INFO  impl.RaftServerImpl (RaftServerImpl.java:start(173)) - 2cbb6586-e106-4c85-8a15-da6e1d730a24: start group-CC5AA747F041
2019-06-13 02:06:14,607 INFO  impl.RaftServerImpl (RaftServerImpl.java:setRole(164)) - 2cbb6586-e106-4c85-8a15-da6e1d730a24:group-CC5AA747F041 changes role from null to FOLLOWER at term 0 for startAsFollower
2019-06-13 02:06:14,607 INFO  impl.RoleInfo (RoleInfo.java:updateAndGet(143)) - 2cbb6586-e106-4c85-8a15-da6e1d730a24: start FollowerState
2019-06-13 02:06:14,608 INFO  util.JmxRegister (JmxRegister.java:tryRegister(44)) - Successfully registered JMX Bean with object name Ratis:service=RaftServer,group=group-CC5AA747F041,id=2cbb6586-e106-4c85-8a15-da6e1d730a24
2019-06-13 02:06:14,619 INFO  pipeline.PipelineStateManager (PipelineStateManager.java:addPipeline(56)) - Created pipeline Pipeline[ Id: f34c2311-9c9a-443a-8752-cc5aa747f041, Nodes: 15a320e0-140e-4e5e-87ae-2d7eee4be5d8{ip: 192.168.19.63, host: ozone-j8jbj-2148119425, networkLocation: /default-rack, certSerialId: null}442c0026-686e-4c11-b1ee-91eacbd80ce8{ip: 192.168.19.63, host: ozone-j8jbj-2148119425, networkLocation: /default-rack, certSerialId: null}2cbb6586-e106-4c85-8a15-da6e1d730a24{ip: 192.168.19.63, host: ozone-j8jbj-2148119425, networkLocation: /default-rack, certSerialId: null}, Type:RATIS, Factor:THREE, State:OPEN]
2019-06-13 02:06:14,717 INFO  node.SCMNodeManager (SCMNodeManager.java:register(234)) - Registered Data node : 44a6c381-a787-4549-b464-51b807a4f738{ip: 192.168.19.63, host: ozone-j8jbj-2148119425, networkLocation: /default-rack, certSerialId: null}
2019-06-13 02:06:14,731 INFO  impl.RaftServerProxy (RaftServerProxy.java:addNew(89)) - 44a6c381-a787-4549-b464-51b807a4f738: addNew group-123BD571EDB0:[44a6c381-a787-4549-b464-51b807a4f738:192.168.19.63:43045] returns group-123BD571EDB0:java.util.concurrent.CompletableFuture@4533e3e9[Not completed]
2019-06-13 02:06:14,736 INFO  impl.RaftServerImpl (RaftServerImpl.java:<init>(91)) - 44a6c381-a787-4549-b464-51b807a4f738: new RaftServerImpl for group-123BD571EDB0:[44a6c381-a787-4549-b464-51b807a4f738:192.168.19.63:43045] with ContainerStateMachine:uninitialized
2019-06-13 02:06:14,736 INFO  server.RaftServerConfigKeys (ConfUtils.java:logGet(43)) - raft.server.rpc.timeout.min = 1s (custom)
2019-06-13 02:06:14,736 INFO  server.RaftServerConfigKeys (ConfUtils.java:logGet(43)) - raft.server.rpc.timeout.max = 1200ms (custom)
2019-06-13 02:06:14,737 INFO  server.RaftServerConfigKeys (ConfUtils.java:logGet(43)) - raft.server.rpcslowness.timeout = 10s (custom)
2019-06-13 02:06:14,737 INFO  server.RaftServerConfigKeys (ConfUtils.java:logGet(43)) - raft.server.log.appender.install.snapshot.enabled = true (default)
2019-06-13 02:06:14,737 INFO  impl.RaftServerImpl (ServerState.java:<init>(101)) - 44a6c381-a787-4549-b464-51b807a4f738:group-123BD571EDB0 ConfigurationManager, init=-1: [44a6c381-a787-4549-b464-51b807a4f738:192.168.19.63:43045], old=null, confs=<EMPTY_MAP>
2019-06-13 02:06:14,737 INFO  server.RaftServerConfigKeys (ConfUtils.java:logGet(43)) - raft.server.storage.dir = [/opt/src/hadoop-ozone/integration-test/target/test-dir/MiniOzoneClusterImpl-dacb967f-046d-489e-8e03-6a48fce0d45d/datanode-3/data/ratis] (custom)
2019-06-13 02:06:14,737 INFO  storage.RaftStorageDirectory (RaftStorageDirectory.java:analyzeStorage(246)) - The storage directory /opt/src/hadoop-ozone/integration-test/target/test-dir/MiniOzoneClusterImpl-dacb967f-046d-489e-8e03-6a48fce0d45d/datanode-3/data/ratis/4fc81b7c-b50f-4f29-a95e-123bd571edb0 does not exist. Creating ...
2019-06-13 02:06:14,740 INFO  storage.RaftStorageDirectory (RaftStorageDirectory.java:tryLock(328)) - Lock on /opt/src/hadoop-ozone/integration-test/target/test-dir/MiniOzoneClusterImpl-dacb967f-046d-489e-8e03-6a48fce0d45d/datanode-3/data/ratis/4fc81b7c-b50f-4f29-a95e-123bd571edb0/in_use.lock acquired by nodename 9992@ozone-j8jbj-2148119425
2019-06-13 02:06:14,743 INFO  storage.RaftStorage (RaftStorage.java:format(75)) - Storage directory /opt/src/hadoop-ozone/integration-test/target/test-dir/MiniOzoneClusterImpl-dacb967f-046d-489e-8e03-6a48fce0d45d/datanode-3/data/ratis/4fc81b7c-b50f-4f29-a95e-123bd571edb0 has been successfully formatted.
2019-06-13 02:06:14,743 INFO  ratis.ContainerStateMachine (ContainerStateMachine.java:loadSnapshot(199)) - The snapshot info is null.Setting the last applied index to:(t:0, i:~)
2019-06-13 02:06:14,743 INFO  server.RaftServerConfigKeys (ConfUtils.java:logGet(43)) - raft.server.leader.election.timeout = 10s (custom)
2019-06-13 02:06:14,743 INFO  server.RaftServerConfigKeys (ConfUtils.java:logGet(43)) - raft.server.log.use.memory = false (default)
2019-06-13 02:06:14,743 INFO  server.RaftServerConfigKeys (ConfUtils.java:logGet(43)) - raft.server.log.appender.buffer.byte-limit = 33554432 (custom)
2019-06-13 02:06:14,743 INFO  server.RaftServerConfigKeys (ConfUtils.java:logGet(43)) - raft.server.log.segment.size.max = 16384 (custom)
2019-06-13 02:06:14,743 INFO  server.RaftServerConfigKeys (ConfUtils.java:logGet(43)) - raft.server.log.segment.cache.num.max = 2 (custom)
2019-06-13 02:06:14,744 INFO  storage.RaftLogWorker (RaftLogWorker.java:<init>(123)) - new 44a6c381-a787-4549-b464-51b807a4f738-RaftLogWorker for Storage Directory /opt/src/hadoop-ozone/integration-test/target/test-dir/MiniOzoneClusterImpl-dacb967f-046d-489e-8e03-6a48fce0d45d/datanode-3/data/ratis/4fc81b7c-b50f-4f29-a95e-123bd571edb0
2019-06-13 02:06:14,744 INFO  server.RaftServerConfigKeys (ConfUtils.java:logGet(43)) - raft.server.log.queue.byte-limit = 2147483647 (custom)
2019-06-13 02:06:14,744 INFO  server.RaftServerConfigKeys (ConfUtils.java:logGet(43)) - raft.server.log.queue.element-limit = 1024 (custom)
2019-06-13 02:06:14,744 INFO  server.RaftServerConfigKeys (ConfUtils.java:logGet(43)) - raft.server.log.segment.size.max = 16384 (custom)
2019-06-13 02:06:14,744 INFO  server.RaftServerConfigKeys (ConfUtils.java:logGet(43)) - raft.server.log.preallocated.size = 16384 (custom)
2019-06-13 02:06:14,744 INFO  server.RaftServerConfigKeys (ConfUtils.java:logGet(43)) - raft.server.log.write.buffer.size = 33554432 (custom)
2019-06-13 02:06:14,744 INFO  server.RaftServerConfigKeys (ConfUtils.java:logGet(43)) - raft.server.log.force.sync.num = 128 (default)
2019-06-13 02:06:14,744 INFO  server.RaftServerConfigKeys (ConfUtils.java:logGet(43)) - raft.server.log.statemachine.data.sync = true (default)
2019-06-13 02:06:14,745 INFO  server.RaftServerConfigKeys (ConfUtils.java:logGet(43)) - raft.server.log.statemachine.data.sync.timeout = 10s (default)
2019-06-13 02:06:14,745 INFO  server.RaftServerConfigKeys (ConfUtils.java:logGet(43)) - raft.server.log.statemachine.data.sync.timeout.retry = -1 (default)
2019-06-13 02:06:14,745 INFO  server.RaftServerConfigKeys (ConfUtils.java:logGet(43)) - raft.server.log.statemachine.data.caching.enabled = true (custom)
2019-06-13 02:06:14,752 INFO  server.RaftServerConfigKeys (ConfUtils.java:logGet(43)) - raft.server.snapshot.auto.trigger.enabled = true (custom)
2019-06-13 02:06:14,752 INFO  server.RaftServerConfigKeys (ConfUtils.java:logGet(43)) - raft.server.snapshot.auto.trigger.threshold = 10000 (custom)
2019-06-13 02:06:14,752 INFO  server.RaftServerConfigKeys (ConfUtils.java:logGet(43)) - raft.server.retrycache.expirytime = 600000ms (custom)
2019-06-13 02:06:14,752 INFO  impl.RaftServerImpl (RaftServerImpl.java:start(173)) - 44a6c381-a787-4549-b464-51b807a4f738: start group-123BD571EDB0
2019-06-13 02:06:14,753 INFO  impl.RaftServerImpl (RaftServerImpl.java:setRole(164)) - 44a6c381-a787-4549-b464-51b807a4f738:group-123BD571EDB0 changes role from null to FOLLOWER at term 0 for startAsFollower
2019-06-13 02:06:14,753 INFO  impl.RoleInfo (RoleInfo.java:updateAndGet(143)) - 44a6c381-a787-4549-b464-51b807a4f738: start FollowerState
2019-06-13 02:06:14,753 INFO  util.JmxRegister (JmxRegister.java:tryRegister(44)) - Successfully registered JMX Bean with object name Ratis:service=RaftServer,group=group-123BD571EDB0,id=44a6c381-a787-4549-b464-51b807a4f738
2019-06-13 02:06:14,775 INFO  pipeline.PipelineStateManager (PipelineStateManager.java:addPipeline(56)) - Created pipeline Pipeline[ Id: 4fc81b7c-b50f-4f29-a95e-123bd571edb0, Nodes: 44a6c381-a787-4549-b464-51b807a4f738{ip: 192.168.19.63, host: ozone-j8jbj-2148119425, networkLocation: /default-rack, certSerialId: null}, Type:RATIS, Factor:ONE, State:OPEN]
2019-06-13 02:06:15,057 INFO  node.SCMNodeManager (SCMNodeManager.java:register(234)) - Registered Data node : dd1f5eaf-3154-41b9-9d05-b112e41e4279{ip: 192.168.19.63, host: ozone-j8jbj-2148119425, networkLocation: /default-rack, certSerialId: null}
2019-06-13 02:06:15,073 INFO  impl.RaftServerProxy (RaftServerProxy.java:addNew(89)) - dd1f5eaf-3154-41b9-9d05-b112e41e4279: addNew group-7CCB75D30D30:[dd1f5eaf-3154-41b9-9d05-b112e41e4279:192.168.19.63:46827] returns group-7CCB75D30D30:java.util.concurrent.CompletableFuture@7fea9419[Not completed]
2019-06-13 02:06:15,074 INFO  impl.RaftServerImpl (RaftServerImpl.java:<init>(91)) - dd1f5eaf-3154-41b9-9d05-b112e41e4279: new RaftServerImpl for group-7CCB75D30D30:[dd1f5eaf-3154-41b9-9d05-b112e41e4279:192.168.19.63:46827] with ContainerStateMachine:uninitialized
2019-06-13 02:06:15,075 INFO  server.RaftServerConfigKeys (ConfUtils.java:logGet(43)) - raft.server.rpc.timeout.min = 1s (custom)
2019-06-13 02:06:15,075 INFO  server.RaftServerConfigKeys (ConfUtils.java:logGet(43)) - raft.server.rpc.timeout.max = 1200ms (custom)
2019-06-13 02:06:15,075 INFO  server.RaftServerConfigKeys (ConfUtils.java:logGet(43)) - raft.server.rpcslowness.timeout = 10s (custom)
2019-06-13 02:06:15,075 INFO  server.RaftServerConfigKeys (ConfUtils.java:logGet(43)) - raft.server.log.appender.install.snapshot.enabled = true (default)
2019-06-13 02:06:15,075 INFO  impl.RaftServerImpl (ServerState.java:<init>(101)) - dd1f5eaf-3154-41b9-9d05-b112e41e4279:group-7CCB75D30D30 ConfigurationManager, init=-1: [dd1f5eaf-3154-41b9-9d05-b112e41e4279:192.168.19.63:46827], old=null, confs=<EMPTY_MAP>
2019-06-13 02:06:15,075 INFO  server.RaftServerConfigKeys (ConfUtils.java:logGet(43)) - raft.server.storage.dir = [/opt/src/hadoop-ozone/integration-test/target/test-dir/MiniOzoneClusterImpl-dacb967f-046d-489e-8e03-6a48fce0d45d/datanode-4/data/ratis] (custom)
2019-06-13 02:06:15,076 INFO  storage.RaftStorageDirectory (RaftStorageDirectory.java:analyzeStorage(246)) - The storage directory /opt/src/hadoop-ozone/integration-test/target/test-dir/MiniOzoneClusterImpl-dacb967f-046d-489e-8e03-6a48fce0d45d/datanode-4/data/ratis/2c2ee490-5e7e-43c6-a67b-7ccb75d30d30 does not exist. Creating ...
2019-06-13 02:06:15,093 INFO  storage.RaftStorageDirectory (RaftStorageDirectory.java:tryLock(328)) - Lock on /opt/src/hadoop-ozone/integration-test/target/test-dir/MiniOzoneClusterImpl-dacb967f-046d-489e-8e03-6a48fce0d45d/datanode-4/data/ratis/2c2ee490-5e7e-43c6-a67b-7ccb75d30d30/in_use.lock acquired by nodename 9992@ozone-j8jbj-2148119425
2019-06-13 02:06:15,097 INFO  storage.RaftStorage (RaftStorage.java:format(75)) - Storage directory /opt/src/hadoop-ozone/integration-test/target/test-dir/MiniOzoneClusterImpl-dacb967f-046d-489e-8e03-6a48fce0d45d/datanode-4/data/ratis/2c2ee490-5e7e-43c6-a67b-7ccb75d30d30 has been successfully formatted.
2019-06-13 02:06:15,097 INFO  ratis.ContainerStateMachine (ContainerStateMachine.java:loadSnapshot(199)) - The snapshot info is null.Setting the last applied index to:(t:0, i:~)
2019-06-13 02:06:15,098 INFO  server.RaftServerConfigKeys (ConfUtils.java:logGet(43)) - raft.server.leader.election.timeout = 10s (custom)
2019-06-13 02:06:15,098 INFO  server.RaftServerConfigKeys (ConfUtils.java:logGet(43)) - raft.server.log.use.memory = false (default)
2019-06-13 02:06:15,098 INFO  server.RaftServerConfigKeys (ConfUtils.java:logGet(43)) - raft.server.log.appender.buffer.byte-limit = 33554432 (custom)
2019-06-13 02:06:15,098 INFO  server.RaftServerConfigKeys (ConfUtils.java:logGet(43)) - raft.server.log.segment.size.max = 16384 (custom)
2019-06-13 02:06:15,098 INFO  server.RaftServerConfigKeys (ConfUtils.java:logGet(43)) - raft.server.log.segment.cache.num.max = 2 (custom)
2019-06-13 02:06:15,098 INFO  storage.RaftLogWorker (RaftLogWorker.java:<init>(123)) - new dd1f5eaf-3154-41b9-9d05-b112e41e4279-RaftLogWorker for Storage Directory /opt/src/hadoop-ozone/integration-test/target/test-dir/MiniOzoneClusterImpl-dacb967f-046d-489e-8e03-6a48fce0d45d/datanode-4/data/ratis/2c2ee490-5e7e-43c6-a67b-7ccb75d30d30
2019-06-13 02:06:15,099 INFO  server.RaftServerConfigKeys (ConfUtils.java:logGet(43)) - raft.server.log.queue.byte-limit = 2147483647 (custom)
2019-06-13 02:06:15,099 INFO  server.RaftServerConfigKeys (ConfUtils.java:logGet(43)) - raft.server.log.queue.element-limit = 1024 (custom)
2019-06-13 02:06:15,100 INFO  server.RaftServerConfigKeys (ConfUtils.java:logGet(43)) - raft.server.log.segment.size.max = 16384 (custom)
2019-06-13 02:06:15,100 INFO  server.RaftServerConfigKeys (ConfUtils.java:logGet(43)) - raft.server.log.preallocated.size = 16384 (custom)
2019-06-13 02:06:15,100 INFO  server.RaftServerConfigKeys (ConfUtils.java:logGet(43)) - raft.server.log.write.buffer.size = 33554432 (custom)
2019-06-13 02:06:15,100 INFO  server.RaftServerConfigKeys (ConfUtils.java:logGet(43)) - raft.server.log.force.sync.num = 128 (default)
2019-06-13 02:06:15,100 INFO  server.RaftServerConfigKeys (ConfUtils.java:logGet(43)) - raft.server.log.statemachine.data.sync = true (default)
2019-06-13 02:06:15,100 INFO  server.RaftServerConfigKeys (ConfUtils.java:logGet(43)) - raft.server.log.statemachine.data.sync.timeout = 10s (default)
2019-06-13 02:06:15,100 INFO  server.RaftServerConfigKeys (ConfUtils.java:logGet(43)) - raft.server.log.statemachine.data.sync.timeout.retry = -1 (default)
2019-06-13 02:06:15,101 INFO  server.RaftServerConfigKeys (ConfUtils.java:logGet(43)) - raft.server.log.statemachine.data.caching.enabled = true (custom)
2019-06-13 02:06:15,101 INFO  server.RaftServerConfigKeys (ConfUtils.java:logGet(43)) - raft.server.snapshot.auto.trigger.enabled = true (custom)
2019-06-13 02:06:15,101 INFO  server.RaftServerConfigKeys (ConfUtils.java:logGet(43)) - raft.server.snapshot.auto.trigger.threshold = 10000 (custom)
2019-06-13 02:06:15,102 INFO  server.RaftServerConfigKeys (ConfUtils.java:logGet(43)) - raft.server.retrycache.expirytime = 600000ms (custom)
2019-06-13 02:06:15,102 INFO  impl.RaftServerImpl (RaftServerImpl.java:start(173)) - dd1f5eaf-3154-41b9-9d05-b112e41e4279: start group-7CCB75D30D30
2019-06-13 02:06:15,102 INFO  impl.RaftServerImpl (RaftServerImpl.java:setRole(164)) - dd1f5eaf-3154-41b9-9d05-b112e41e4279:group-7CCB75D30D30 changes role from null to FOLLOWER at term 0 for startAsFollower
2019-06-13 02:06:15,102 INFO  impl.RoleInfo (RoleInfo.java:updateAndGet(143)) - dd1f5eaf-3154-41b9-9d05-b112e41e4279: start FollowerState
2019-06-13 02:06:15,103 INFO  util.JmxRegister (JmxRegister.java:tryRegister(44)) - Successfully registered JMX Bean with object name Ratis:service=RaftServer,group=group-7CCB75D30D30,id=dd1f5eaf-3154-41b9-9d05-b112e41e4279
2019-06-13 02:06:15,111 INFO  pipeline.PipelineStateManager (PipelineStateManager.java:addPipeline(56)) - Created pipeline Pipeline[ Id: 2c2ee490-5e7e-43c6-a67b-7ccb75d30d30, Nodes: dd1f5eaf-3154-41b9-9d05-b112e41e4279{ip: 192.168.19.63, host: ozone-j8jbj-2148119425, networkLocation: /default-rack, certSerialId: null}, Type:RATIS, Factor:ONE, State:OPEN]
2019-06-13 02:06:15,355 INFO  ozone.MiniOzoneClusterImpl (MiniOzoneClusterImpl.java:lambda$waitForClusterToBeReady$0(142)) - Waiting for cluster to be ready. Got 5 of 6 DN Heartbeats.
2019-06-13 02:06:15,356 INFO  node.SCMNodeManager (SCMNodeManager.java:register(234)) - Registered Data node : 672739be-73a0-4723-9fde-689ac83040ac{ip: 192.168.19.63, host: ozone-j8jbj-2148119425, networkLocation: /default-rack, certSerialId: null}
2019-06-13 02:06:15,360 INFO  impl.FollowerState (FollowerState.java:run(101)) - 442c0026-686e-4c11-b1ee-91eacbd80ce8:group-4F913E1E5762 changes to CANDIDATE, lastRpcTime:1040, electionTimeout:1038ms
2019-06-13 02:06:15,360 INFO  impl.RoleInfo (RoleInfo.java:shutdownFollowerState(121)) - 442c0026-686e-4c11-b1ee-91eacbd80ce8: shutdown FollowerState
2019-06-13 02:06:15,360 INFO  impl.RaftServerImpl (RaftServerImpl.java:setRole(164)) - 442c0026-686e-4c11-b1ee-91eacbd80ce8:group-4F913E1E5762 changes role from FOLLOWER to CANDIDATE at term 0 for changeToCandidate
2019-06-13 02:06:15,362 INFO  impl.RoleInfo (RoleInfo.java:updateAndGet(143)) - 442c0026-686e-4c11-b1ee-91eacbd80ce8: start LeaderElection
2019-06-13 02:06:15,387 INFO  impl.LeaderElection (LeaderElection.java:askForVotes(181)) - 442c0026-686e-4c11-b1ee-91eacbd80ce8:group-4F913E1E5762:LeaderElection1: begin an election at term 1 for -1: [442c0026-686e-4c11-b1ee-91eacbd80ce8:192.168.19.63:35579], old=null
2019-06-13 02:06:15,388 INFO  impl.RoleInfo (RoleInfo.java:shutdownLeaderElection(134)) - 442c0026-686e-4c11-b1ee-91eacbd80ce8: shutdown LeaderElection
2019-06-13 02:06:15,389 INFO  impl.RaftServerImpl (RaftServerImpl.java:setRole(164)) - 442c0026-686e-4c11-b1ee-91eacbd80ce8:group-4F913E1E5762 changes role from CANDIDATE to LEADER at term 1 for changeToLeader
2019-06-13 02:06:15,389 INFO  impl.RaftServerImpl (ServerState.java:setLeader(263)) - 442c0026-686e-4c11-b1ee-91eacbd80ce8:group-4F913E1E5762 change Leader from null to 442c0026-686e-4c11-b1ee-91eacbd80ce8 at term 1 for becomeLeader, leader elected after 1291ms
2019-06-13 02:06:15,389 INFO  impl.RaftServerProxy (RaftServerProxy.java:addNew(89)) - 672739be-73a0-4723-9fde-689ac83040ac: addNew group-F880CC533BA0:[672739be-73a0-4723-9fde-689ac83040ac:192.168.19.63:41331] returns group-F880CC533BA0:java.util.concurrent.CompletableFuture@4f8f03a0[Not completed]
2019-06-13 02:06:15,393 INFO  impl.RaftServerImpl (RaftServerImpl.java:<init>(91)) - 672739be-73a0-4723-9fde-689ac83040ac: new RaftServerImpl for group-F880CC533BA0:[672739be-73a0-4723-9fde-689ac83040ac:192.168.19.63:41331] with ContainerStateMachine:uninitialized
2019-06-13 02:06:15,393 INFO  server.RaftServerConfigKeys (ConfUtils.java:logGet(43)) - raft.server.rpc.timeout.min = 1s (custom)
2019-06-13 02:06:15,393 INFO  server.RaftServerConfigKeys (ConfUtils.java:logGet(43)) - raft.server.rpc.timeout.max = 1200ms (custom)
2019-06-13 02:06:15,393 INFO  server.RaftServerConfigKeys (ConfUtils.java:logGet(43)) - raft.server.rpcslowness.timeout = 10s (custom)
2019-06-13 02:06:15,393 INFO  server.RaftServerConfigKeys (ConfUtils.java:logGet(43)) - raft.server.log.appender.install.snapshot.enabled = true (default)
2019-06-13 02:06:15,393 INFO  impl.RaftServerImpl (ServerState.java:<init>(101)) - 672739be-73a0-4723-9fde-689ac83040ac:group-F880CC533BA0 ConfigurationManager, init=-1: [672739be-73a0-4723-9fde-689ac83040ac:192.168.19.63:41331], old=null, confs=<EMPTY_MAP>
2019-06-13 02:06:15,394 INFO  server.RaftServerConfigKeys (ConfUtils.java:logGet(43)) - raft.server.storage.dir = [/opt/src/hadoop-ozone/integration-test/target/test-dir/MiniOzoneClusterImpl-dacb967f-046d-489e-8e03-6a48fce0d45d/datanode-5/data/ratis] (custom)
2019-06-13 02:06:15,394 INFO  storage.RaftStorageDirectory (RaftStorageDirectory.java:analyzeStorage(246)) - The storage directory /opt/src/hadoop-ozone/integration-test/target/test-dir/MiniOzoneClusterImpl-dacb967f-046d-489e-8e03-6a48fce0d45d/datanode-5/data/ratis/9f706bf5-5057-49c0-a987-f880cc533ba0 does not exist. Creating ...
2019-06-13 02:06:15,394 INFO  server.RaftServerConfigKeys (ConfUtils.java:logGet(43)) - raft.server.staging.catchup.gap = 1000 (default)
2019-06-13 02:06:15,394 INFO  server.RaftServerConfigKeys (ConfUtils.java:logGet(43)) - raft.server.rpc.sleep.time = 25ms (default)
2019-06-13 02:06:15,397 INFO  server.RaftServerConfigKeys (ConfUtils.java:logGet(43)) - raft.server.watch.timeout = 10s (default)
2019-06-13 02:06:15,397 INFO  server.RaftServerConfigKeys (ConfUtils.java:logGet(43)) - raft.server.watch.timeout.denomination = 1s (default)
2019-06-13 02:06:15,399 INFO  storage.RaftStorageDirectory (RaftStorageDirectory.java:tryLock(328)) - Lock on /opt/src/hadoop-ozone/integration-test/target/test-dir/MiniOzoneClusterImpl-dacb967f-046d-489e-8e03-6a48fce0d45d/datanode-5/data/ratis/9f706bf5-5057-49c0-a987-f880cc533ba0/in_use.lock acquired by nodename 9992@ozone-j8jbj-2148119425
2019-06-13 02:06:15,404 INFO  storage.RaftStorage (RaftStorage.java:format(75)) - Storage directory /opt/src/hadoop-ozone/integration-test/target/test-dir/MiniOzoneClusterImpl-dacb967f-046d-489e-8e03-6a48fce0d45d/datanode-5/data/ratis/9f706bf5-5057-49c0-a987-f880cc533ba0 has been successfully formatted.
2019-06-13 02:06:15,404 INFO  ratis.ContainerStateMachine (ContainerStateMachine.java:loadSnapshot(199)) - The snapshot info is null.Setting the last applied index to:(t:0, i:~)
2019-06-13 02:06:15,404 INFO  server.RaftServerConfigKeys (ConfUtils.java:logGet(43)) - raft.server.leader.election.timeout = 10s (custom)
2019-06-13 02:06:15,404 INFO  server.RaftServerConfigKeys (ConfUtils.java:logGet(43)) - raft.server.log.use.memory = false (default)
2019-06-13 02:06:15,405 INFO  server.RaftServerConfigKeys (ConfUtils.java:logGet(43)) - raft.server.log.appender.buffer.byte-limit = 33554432 (custom)
2019-06-13 02:06:15,405 INFO  server.RaftServerConfigKeys (ConfUtils.java:logGet(43)) - raft.server.log.segment.size.max = 16384 (custom)
2019-06-13 02:06:15,405 INFO  server.RaftServerConfigKeys (ConfUtils.java:logGet(43)) - raft.server.log.segment.cache.num.max = 2 (custom)
2019-06-13 02:06:15,405 INFO  storage.RaftLogWorker (RaftLogWorker.java:<init>(123)) - new 672739be-73a0-4723-9fde-689ac83040ac-RaftLogWorker for Storage Directory /opt/src/hadoop-ozone/integration-test/target/test-dir/MiniOzoneClusterImpl-dacb967f-046d-489e-8e03-6a48fce0d45d/datanode-5/data/ratis/9f706bf5-5057-49c0-a987-f880cc533ba0
2019-06-13 02:06:15,405 INFO  server.RaftServerConfigKeys (ConfUtils.java:logGet(43)) - raft.server.log.queue.byte-limit = 2147483647 (custom)
2019-06-13 02:06:15,405 INFO  server.RaftServerConfigKeys (ConfUtils.java:logGet(43)) - raft.server.log.queue.element-limit = 1024 (custom)
2019-06-13 02:06:15,405 INFO  server.RaftServerConfigKeys (ConfUtils.java:logGet(43)) - raft.server.log.segment.size.max = 16384 (custom)
2019-06-13 02:06:15,405 INFO  server.RaftServerConfigKeys (ConfUtils.java:logGet(43)) - raft.server.log.preallocated.size = 16384 (custom)
2019-06-13 02:06:15,405 INFO  server.RaftServerConfigKeys (ConfUtils.java:logGet(43)) - raft.server.log.write.buffer.size = 33554432 (custom)
2019-06-13 02:06:15,405 INFO  server.RaftServerConfigKeys (ConfUtils.java:logGet(43)) - raft.server.log.force.sync.num = 128 (default)
2019-06-13 02:06:15,406 INFO  server.RaftServerConfigKeys (ConfUtils.java:logGet(43)) - raft.server.log.statemachine.data.sync = true (default)
2019-06-13 02:06:15,406 INFO  server.RaftServerConfigKeys (ConfUtils.java:logGet(43)) - raft.server.log.statemachine.data.sync.timeout = 10s (default)
2019-06-13 02:06:15,406 INFO  server.RaftServerConfigKeys (ConfUtils.java:logGet(43)) - raft.server.log.statemachine.data.sync.timeout.retry = -1 (default)
2019-06-13 02:06:15,406 INFO  server.RaftServerConfigKeys (ConfUtils.java:logGet(43)) - raft.server.log.statemachine.data.caching.enabled = true (custom)
2019-06-13 02:06:15,409 INFO  server.RaftServerConfigKeys (ConfUtils.java:logGet(43)) - raft.server.snapshot.auto.trigger.enabled = true (custom)
2019-06-13 02:06:15,409 INFO  server.RaftServerConfigKeys (ConfUtils.java:logGet(43)) - raft.server.snapshot.auto.trigger.threshold = 10000 (custom)
2019-06-13 02:06:15,410 INFO  server.RaftServerConfigKeys (ConfUtils.java:logGet(43)) - raft.server.retrycache.expirytime = 600000ms (custom)
2019-06-13 02:06:15,410 INFO  impl.RaftServerImpl (RaftServerImpl.java:start(173)) - 672739be-73a0-4723-9fde-689ac83040ac: start group-F880CC533BA0
2019-06-13 02:06:15,410 INFO  impl.RaftServerImpl (RaftServerImpl.java:setRole(164)) - 672739be-73a0-4723-9fde-689ac83040ac:group-F880CC533BA0 changes role from null to FOLLOWER at term 0 for startAsFollower
2019-06-13 02:06:15,410 INFO  impl.RoleInfo (RoleInfo.java:updateAndGet(143)) - 672739be-73a0-4723-9fde-689ac83040ac: start FollowerState
2019-06-13 02:06:15,411 INFO  impl.RoleInfo (RoleInfo.java:updateAndGet(143)) - 442c0026-686e-4c11-b1ee-91eacbd80ce8: start LeaderState
2019-06-13 02:06:15,417 INFO  util.JmxRegister (JmxRegister.java:tryRegister(44)) - Successfully registered JMX Bean with object name Ratis:service=RaftServer,group=group-F880CC533BA0,id=672739be-73a0-4723-9fde-689ac83040ac
2019-06-13 02:06:15,449 INFO  pipeline.PipelineStateManager (PipelineStateManager.java:addPipeline(56)) - Created pipeline Pipeline[ Id: 9f706bf5-5057-49c0-a987-f880cc533ba0, Nodes: 672739be-73a0-4723-9fde-689ac83040ac{ip: 192.168.19.63, host: ozone-j8jbj-2148119425, networkLocation: /default-rack, certSerialId: null}, Type:RATIS, Factor:ONE, State:OPEN]
2019-06-13 02:06:15,452 INFO  storage.RaftLogWorker (RaftLogWorker.java:startLogSegment(298)) - 442c0026-686e-4c11-b1ee-91eacbd80ce8-RaftLogWorker: Starting segment from index:0
2019-06-13 02:06:15,474 INFO  impl.RaftServerImpl (ServerState.java:setRaftConf(361)) - 442c0026-686e-4c11-b1ee-91eacbd80ce8:group-4F913E1E5762 set configuration 0: [442c0026-686e-4c11-b1ee-91eacbd80ce8:192.168.19.63:35579], old=null at 0
2019-06-13 02:06:15,510 INFO  impl.RaftServerProxy (RaftServerProxy.java:addNew(89)) - 672739be-73a0-4723-9fde-689ac83040ac: addNew group-3430808053A7:[dd1f5eaf-3154-41b9-9d05-b112e41e4279:192.168.19.63:46827, 44a6c381-a787-4549-b464-51b807a4f738:192.168.19.63:43045, 672739be-73a0-4723-9fde-689ac83040ac:192.168.19.63:41331] returns group-3430808053A7:java.util.concurrent.CompletableFuture@35f05038[Not completed]
2019-06-13 02:06:15,510 INFO  impl.RaftServerProxy (RaftServerProxy.java:addNew(89)) - dd1f5eaf-3154-41b9-9d05-b112e41e4279: addNew group-3430808053A7:[dd1f5eaf-3154-41b9-9d05-b112e41e4279:192.168.19.63:46827, 44a6c381-a787-4549-b464-51b807a4f738:192.168.19.63:43045, 672739be-73a0-4723-9fde-689ac83040ac:192.168.19.63:41331] returns group-3430808053A7:java.util.concurrent.CompletableFuture@2152c503[Not completed]
2019-06-13 02:06:15,511 INFO  impl.RaftServerProxy (RaftServerProxy.java:addNew(89)) - 44a6c381-a787-4549-b464-51b807a4f738: addNew group-3430808053A7:[dd1f5eaf-3154-41b9-9d05-b112e41e4279:192.168.19.63:46827, 44a6c381-a787-4549-b464-51b807a4f738:192.168.19.63:43045, 672739be-73a0-4723-9fde-689ac83040ac:192.168.19.63:41331] returns group-3430808053A7:java.util.concurrent.CompletableFuture@3bc2a70c[Not completed]
2019-06-13 02:06:15,511 INFO  impl.RaftServerImpl (RaftServerImpl.java:<init>(91)) - 44a6c381-a787-4549-b464-51b807a4f738: new RaftServerImpl for group-3430808053A7:[dd1f5eaf-3154-41b9-9d05-b112e41e4279:192.168.19.63:46827, 44a6c381-a787-4549-b464-51b807a4f738:192.168.19.63:43045, 672739be-73a0-4723-9fde-689ac83040ac:192.168.19.63:41331] with ContainerStateMachine:uninitialized
2019-06-13 02:06:15,512 INFO  server.RaftServerConfigKeys (ConfUtils.java:logGet(43)) - raft.server.rpc.timeout.min = 1s (custom)
2019-06-13 02:06:15,512 INFO  server.RaftServerConfigKeys (ConfUtils.java:logGet(43)) - raft.server.rpc.timeout.max = 1200ms (custom)
2019-06-13 02:06:15,512 INFO  server.RaftServerConfigKeys (ConfUtils.java:logGet(43)) - raft.server.rpcslowness.timeout = 10s (custom)
2019-06-13 02:06:15,512 INFO  server.RaftServerConfigKeys (ConfUtils.java:logGet(43)) - raft.server.log.appender.install.snapshot.enabled = true (default)
2019-06-13 02:06:15,512 INFO  impl.RaftServerImpl (ServerState.java:<init>(101)) - 44a6c381-a787-4549-b464-51b807a4f738:group-3430808053A7 ConfigurationManager, init=-1: [dd1f5eaf-3154-41b9-9d05-b112e41e4279:192.168.19.63:46827, 44a6c381-a787-4549-b464-51b807a4f738:192.168.19.63:43045, 672739be-73a0-4723-9fde-689ac83040ac:192.168.19.63:41331], old=null, confs=<EMPTY_MAP>
2019-06-13 02:06:15,512 INFO  server.RaftServerConfigKeys (ConfUtils.java:logGet(43)) - raft.server.storage.dir = [/opt/src/hadoop-ozone/integration-test/target/test-dir/MiniOzoneClusterImpl-dacb967f-046d-489e-8e03-6a48fce0d45d/datanode-3/data/ratis] (custom)
2019-06-13 02:06:15,513 INFO  storage.RaftStorageDirectory (RaftStorageDirectory.java:analyzeStorage(246)) - The storage directory /opt/src/hadoop-ozone/integration-test/target/test-dir/MiniOzoneClusterImpl-dacb967f-046d-489e-8e03-6a48fce0d45d/datanode-3/data/ratis/ffae9e03-1f30-4455-810f-3430808053a7 does not exist. Creating ...
2019-06-13 02:06:15,513 INFO  impl.RaftServerImpl (RaftServerImpl.java:<init>(91)) - 672739be-73a0-4723-9fde-689ac83040ac: new RaftServerImpl for group-3430808053A7:[dd1f5eaf-3154-41b9-9d05-b112e41e4279:192.168.19.63:46827, 44a6c381-a787-4549-b464-51b807a4f738:192.168.19.63:43045, 672739be-73a0-4723-9fde-689ac83040ac:192.168.19.63:41331] with ContainerStateMachine:uninitialized
2019-06-13 02:06:15,514 INFO  server.RaftServerConfigKeys (ConfUtils.java:logGet(43)) - raft.server.rpc.timeout.min = 1s (custom)
2019-06-13 02:06:15,514 INFO  server.RaftServerConfigKeys (ConfUtils.java:logGet(43)) - raft.server.rpc.timeout.max = 1200ms (custom)
2019-06-13 02:06:15,514 INFO  server.RaftServerConfigKeys (ConfUtils.java:logGet(43)) - raft.server.rpcslowness.timeout = 10s (custom)
2019-06-13 02:06:15,514 INFO  impl.RaftServerImpl (RaftServerImpl.java:<init>(91)) - dd1f5eaf-3154-41b9-9d05-b112e41e4279: new RaftServerImpl for group-3430808053A7:[dd1f5eaf-3154-41b9-9d05-b112e41e4279:192.168.19.63:46827, 44a6c381-a787-4549-b464-51b807a4f738:192.168.19.63:43045, 672739be-73a0-4723-9fde-689ac83040ac:192.168.19.63:41331] with ContainerStateMachine:uninitialized
2019-06-13 02:06:15,514 INFO  server.RaftServerConfigKeys (ConfUtils.java:logGet(43)) - raft.server.log.appender.install.snapshot.enabled = true (default)
2019-06-13 02:06:15,515 INFO  storage.RaftStorageDirectory (RaftStorageDirectory.java:tryLock(328)) - Lock on /opt/src/hadoop-ozone/integration-test/target/test-dir/MiniOzoneClusterImpl-dacb967f-046d-489e-8e03-6a48fce0d45d/datanode-3/data/ratis/ffae9e03-1f30-4455-810f-3430808053a7/in_use.lock acquired by nodename 9992@ozone-j8jbj-2148119425
2019-06-13 02:06:15,514 INFO  server.RaftServerConfigKeys (ConfUtils.java:logGet(43)) - raft.server.rpc.timeout.min = 1s (custom)
2019-06-13 02:06:15,516 INFO  server.RaftServerConfigKeys (ConfUtils.java:logGet(43)) - raft.server.rpc.timeout.max = 1200ms (custom)
2019-06-13 02:06:15,516 INFO  server.RaftServerConfigKeys (ConfUtils.java:logGet(43)) - raft.server.rpcslowness.timeout = 10s (custom)
2019-06-13 02:06:15,516 INFO  server.RaftServerConfigKeys (ConfUtils.java:logGet(43)) - raft.server.log.appender.install.snapshot.enabled = true (default)
2019-06-13 02:06:15,516 INFO  impl.RaftServerImpl (ServerState.java:<init>(101)) - dd1f5eaf-3154-41b9-9d05-b112e41e4279:group-3430808053A7 ConfigurationManager, init=-1: [dd1f5eaf-3154-41b9-9d05-b112e41e4279:192.168.19.63:46827, 44a6c381-a787-4549-b464-51b807a4f738:192.168.19.63:43045, 672739be-73a0-4723-9fde-689ac83040ac:192.168.19.63:41331], old=null, confs=<EMPTY_MAP>
2019-06-13 02:06:15,516 INFO  server.RaftServerConfigKeys (ConfUtils.java:logGet(43)) - raft.server.storage.dir = [/opt/src/hadoop-ozone/integration-test/target/test-dir/MiniOzoneClusterImpl-dacb967f-046d-489e-8e03-6a48fce0d45d/datanode-4/data/ratis] (custom)
2019-06-13 02:06:15,517 INFO  storage.RaftStorageDirectory (RaftStorageDirectory.java:analyzeStorage(246)) - The storage directory /opt/src/hadoop-ozone/integration-test/target/test-dir/MiniOzoneClusterImpl-dacb967f-046d-489e-8e03-6a48fce0d45d/datanode-4/data/ratis/ffae9e03-1f30-4455-810f-3430808053a7 does not exist. Creating ...
2019-06-13 02:06:15,517 INFO  impl.RaftServerImpl (ServerState.java:<init>(101)) - 672739be-73a0-4723-9fde-689ac83040ac:group-3430808053A7 ConfigurationManager, init=-1: [dd1f5eaf-3154-41b9-9d05-b112e41e4279:192.168.19.63:46827, 44a6c381-a787-4549-b464-51b807a4f738:192.168.19.63:43045, 672739be-73a0-4723-9fde-689ac83040ac:192.168.19.63:41331], old=null, confs=<EMPTY_MAP>
2019-06-13 02:06:15,517 INFO  server.RaftServerConfigKeys (ConfUtils.java:logGet(43)) - raft.server.storage.dir = [/opt/src/hadoop-ozone/integration-test/target/test-dir/MiniOzoneClusterImpl-dacb967f-046d-489e-8e03-6a48fce0d45d/datanode-5/data/ratis] (custom)
2019-06-13 02:06:15,517 INFO  storage.RaftStorageDirectory (RaftStorageDirectory.java:analyzeStorage(246)) - The storage directory /opt/src/hadoop-ozone/integration-test/target/test-dir/MiniOzoneClusterImpl-dacb967f-046d-489e-8e03-6a48fce0d45d/datanode-5/data/ratis/ffae9e03-1f30-4455-810f-3430808053a7 does not exist. Creating ...
2019-06-13 02:06:15,518 INFO  storage.RaftStorage (RaftStorage.java:format(75)) - Storage directory /opt/src/hadoop-ozone/integration-test/target/test-dir/MiniOzoneClusterImpl-dacb967f-046d-489e-8e03-6a48fce0d45d/datanode-3/data/ratis/ffae9e03-1f30-4455-810f-3430808053a7 has been successfully formatted.
2019-06-13 02:06:15,519 INFO  ratis.ContainerStateMachine (ContainerStateMachine.java:loadSnapshot(199)) - The snapshot info is null.Setting the last applied index to:(t:0, i:~)
2019-06-13 02:06:15,519 INFO  server.RaftServerConfigKeys (ConfUtils.java:logGet(43)) - raft.server.leader.election.timeout = 10s (custom)
2019-06-13 02:06:15,519 INFO  server.RaftServerConfigKeys (ConfUtils.java:logGet(43)) - raft.server.log.use.memory = false (default)
2019-06-13 02:06:15,519 INFO  server.RaftServerConfigKeys (ConfUtils.java:logGet(43)) - raft.server.log.appender.buffer.byte-limit = 33554432 (custom)
2019-06-13 02:06:15,519 INFO  server.RaftServerConfigKeys (ConfUtils.java:logGet(43)) - raft.server.log.segment.size.max = 16384 (custom)
2019-06-13 02:06:15,519 INFO  server.RaftServerConfigKeys (ConfUtils.java:logGet(43)) - raft.server.log.segment.cache.num.max = 2 (custom)
2019-06-13 02:06:15,519 INFO  storage.RaftLogWorker (RaftLogWorker.java:<init>(123)) - new 44a6c381-a787-4549-b464-51b807a4f738-RaftLogWorker for Storage Directory /opt/src/hadoop-ozone/integration-test/target/test-dir/MiniOzoneClusterImpl-dacb967f-046d-489e-8e03-6a48fce0d45d/datanode-3/data/ratis/ffae9e03-1f30-4455-810f-3430808053a7
2019-06-13 02:06:15,519 INFO  server.RaftServerConfigKeys (ConfUtils.java:logGet(43)) - raft.server.log.queue.byte-limit = 2147483647 (custom)
2019-06-13 02:06:15,520 INFO  server.RaftServerConfigKeys (ConfUtils.java:logGet(43)) - raft.server.log.queue.element-limit = 1024 (custom)
2019-06-13 02:06:15,520 INFO  server.RaftServerConfigKeys (ConfUtils.java:logGet(43)) - raft.server.log.segment.size.max = 16384 (custom)
2019-06-13 02:06:15,520 INFO  server.RaftServerConfigKeys (ConfUtils.java:logGet(43)) - raft.server.log.preallocated.size = 16384 (custom)
2019-06-13 02:06:15,520 INFO  server.RaftServerConfigKeys (ConfUtils.java:logGet(43)) - raft.server.log.write.buffer.size = 33554432 (custom)
2019-06-13 02:06:15,520 INFO  server.RaftServerConfigKeys (ConfUtils.java:logGet(43)) - raft.server.log.force.sync.num = 128 (default)
2019-06-13 02:06:15,520 INFO  server.RaftServerConfigKeys (ConfUtils.java:logGet(43)) - raft.server.log.statemachine.data.sync = true (default)
2019-06-13 02:06:15,520 INFO  server.RaftServerConfigKeys (ConfUtils.java:logGet(43)) - raft.server.log.statemachine.data.sync.timeout = 10s (default)
2019-06-13 02:06:15,520 INFO  server.RaftServerConfigKeys (ConfUtils.java:logGet(43)) - raft.server.log.statemachine.data.sync.timeout.retry = -1 (default)
2019-06-13 02:06:15,520 INFO  server.RaftServerConfigKeys (ConfUtils.java:logGet(43)) - raft.server.log.statemachine.data.caching.enabled = true (custom)
2019-06-13 02:06:15,519 INFO  storage.RaftStorageDirectory (RaftStorageDirectory.java:tryLock(328)) - Lock on /opt/src/hadoop-ozone/integration-test/target/test-dir/MiniOzoneClusterImpl-dacb967f-046d-489e-8e03-6a48fce0d45d/datanode-4/data/ratis/ffae9e03-1f30-4455-810f-3430808053a7/in_use.lock acquired by nodename 9992@ozone-j8jbj-2148119425
2019-06-13 02:06:15,523 INFO  storage.RaftStorage (RaftStorage.java:format(75)) - Storage directory /opt/src/hadoop-ozone/integration-test/target/test-dir/MiniOzoneClusterImpl-dacb967f-046d-489e-8e03-6a48fce0d45d/datanode-4/data/ratis/ffae9e03-1f30-4455-810f-3430808053a7 has been successfully formatted.
2019-06-13 02:06:15,523 INFO  ratis.ContainerStateMachine (ContainerStateMachine.java:loadSnapshot(199)) - The snapshot info is null.Setting the last applied index to:(t:0, i:~)
2019-06-13 02:06:15,523 INFO  server.RaftServerConfigKeys (ConfUtils.java:logGet(43)) - raft.server.leader.election.timeout = 10s (custom)
2019-06-13 02:06:15,523 INFO  server.RaftServerConfigKeys (ConfUtils.java:logGet(43)) - raft.server.log.use.memory = false (default)
2019-06-13 02:06:15,523 INFO  server.RaftServerConfigKeys (ConfUtils.java:logGet(43)) - raft.server.log.appender.buffer.byte-limit = 33554432 (custom)
2019-06-13 02:06:15,524 INFO  server.RaftServerConfigKeys (ConfUtils.java:logGet(43)) - raft.server.log.segment.size.max = 16384 (custom)
2019-06-13 02:06:15,524 INFO  server.RaftServerConfigKeys (ConfUtils.java:logGet(43)) - raft.server.log.segment.cache.num.max = 2 (custom)
2019-06-13 02:06:15,524 INFO  storage.RaftLogWorker (RaftLogWorker.java:<init>(123)) - new dd1f5eaf-3154-41b9-9d05-b112e41e4279-RaftLogWorker for Storage Directory /opt/src/hadoop-ozone/integration-test/target/test-dir/MiniOzoneClusterImpl-dacb967f-046d-489e-8e03-6a48fce0d45d/datanode-4/data/ratis/ffae9e03-1f30-4455-810f-3430808053a7
2019-06-13 02:06:15,524 INFO  server.RaftServerConfigKeys (ConfUtils.java:logGet(43)) - raft.server.log.queue.byte-limit = 2147483647 (custom)
2019-06-13 02:06:15,524 INFO  server.RaftServerConfigKeys (ConfUtils.java:logGet(43)) - raft.server.log.queue.element-limit = 1024 (custom)
2019-06-13 02:06:15,524 INFO  server.RaftServerConfigKeys (ConfUtils.java:logGet(43)) - raft.server.log.segment.size.max = 16384 (custom)
2019-06-13 02:06:15,524 INFO  server.RaftServerConfigKeys (ConfUtils.java:logGet(43)) - raft.server.log.preallocated.size = 16384 (custom)
2019-06-13 02:06:15,524 INFO  server.RaftServerConfigKeys (ConfUtils.java:logGet(43)) - raft.server.log.write.buffer.size = 33554432 (custom)
2019-06-13 02:06:15,524 INFO  server.RaftServerConfigKeys (ConfUtils.java:logGet(43)) - raft.server.log.force.sync.num = 128 (default)
2019-06-13 02:06:15,524 INFO  server.RaftServerConfigKeys (ConfUtils.java:logGet(43)) - raft.server.log.statemachine.data.sync = true (default)
2019-06-13 02:06:15,524 INFO  server.RaftServerConfigKeys (ConfUtils.java:logGet(43)) - raft.server.log.statemachine.data.sync.timeout = 10s (default)
2019-06-13 02:06:15,525 INFO  server.RaftServerConfigKeys (ConfUtils.java:logGet(43)) - raft.server.log.statemachine.data.sync.timeout.retry = -1 (default)
2019-06-13 02:06:15,525 INFO  storage.RaftStorageDirectory (RaftStorageDirectory.java:tryLock(328)) - Lock on /opt/src/hadoop-ozone/integration-test/target/test-dir/MiniOzoneClusterImpl-dacb967f-046d-489e-8e03-6a48fce0d45d/datanode-5/data/ratis/ffae9e03-1f30-4455-810f-3430808053a7/in_use.lock acquired by nodename 9992@ozone-j8jbj-2148119425
2019-06-13 02:06:15,529 INFO  server.RaftServerConfigKeys (ConfUtils.java:logGet(43)) - raft.server.snapshot.auto.trigger.enabled = true (custom)
2019-06-13 02:06:15,529 INFO  server.RaftServerConfigKeys (ConfUtils.java:logGet(43)) - raft.server.snapshot.auto.trigger.threshold = 10000 (custom)
2019-06-13 02:06:15,529 INFO  server.RaftServerConfigKeys (ConfUtils.java:logGet(43)) - raft.server.retrycache.expirytime = 600000ms (custom)
2019-06-13 02:06:15,529 INFO  impl.RaftServerImpl (RaftServerImpl.java:start(173)) - 44a6c381-a787-4549-b464-51b807a4f738: start group-3430808053A7
2019-06-13 02:06:15,529 INFO  impl.RaftServerImpl (RaftServerImpl.java:setRole(164)) - 44a6c381-a787-4549-b464-51b807a4f738:group-3430808053A7 changes role from null to FOLLOWER at term 0 for startAsFollower
2019-06-13 02:06:15,530 INFO  impl.RoleInfo (RoleInfo.java:updateAndGet(143)) - 44a6c381-a787-4549-b464-51b807a4f738: start FollowerState
2019-06-13 02:06:15,532 INFO  storage.RaftStorage (RaftStorage.java:format(75)) - Storage directory /opt/src/hadoop-ozone/integration-test/target/test-dir/MiniOzoneClusterImpl-dacb967f-046d-489e-8e03-6a48fce0d45d/datanode-5/data/ratis/ffae9e03-1f30-4455-810f-3430808053a7 has been successfully formatted.
2019-06-13 02:06:15,532 INFO  ratis.ContainerStateMachine (ContainerStateMachine.java:loadSnapshot(199)) - The snapshot info is null.Setting the last applied index to:(t:0, i:~)
2019-06-13 02:06:15,532 INFO  server.RaftServerConfigKeys (ConfUtils.java:logGet(43)) - raft.server.leader.election.timeout = 10s (custom)
2019-06-13 02:06:15,532 INFO  server.RaftServerConfigKeys (ConfUtils.java:logGet(43)) - raft.server.log.use.memory = false (default)
2019-06-13 02:06:15,532 INFO  server.RaftServerConfigKeys (ConfUtils.java:logGet(43)) - raft.server.log.appender.buffer.byte-limit = 33554432 (custom)
2019-06-13 02:06:15,532 INFO  server.RaftServerConfigKeys (ConfUtils.java:logGet(43)) - raft.server.log.segment.size.max = 16384 (custom)
2019-06-13 02:06:15,533 INFO  server.RaftServerConfigKeys (ConfUtils.java:logGet(43)) - raft.server.log.segment.cache.num.max = 2 (custom)
2019-06-13 02:06:15,533 INFO  storage.RaftLogWorker (RaftLogWorker.java:<init>(123)) - new 672739be-73a0-4723-9fde-689ac83040ac-RaftLogWorker for Storage Directory /opt/src/hadoop-ozone/integration-test/target/test-dir/MiniOzoneClusterImpl-dacb967f-046d-489e-8e03-6a48fce0d45d/datanode-5/data/ratis/ffae9e03-1f30-4455-810f-3430808053a7
2019-06-13 02:06:15,533 INFO  server.RaftServerConfigKeys (ConfUtils.java:logGet(43)) - raft.server.log.queue.byte-limit = 2147483647 (custom)
2019-06-13 02:06:15,533 INFO  server.RaftServerConfigKeys (ConfUtils.java:logGet(43)) - raft.server.log.queue.element-limit = 1024 (custom)
2019-06-13 02:06:15,533 INFO  server.RaftServerConfigKeys (ConfUtils.java:logGet(43)) - raft.server.log.segment.size.max = 16384 (custom)
2019-06-13 02:06:15,533 INFO  server.RaftServerConfigKeys (ConfUtils.java:logGet(43)) - raft.server.log.preallocated.size = 16384 (custom)
2019-06-13 02:06:15,533 INFO  server.RaftServerConfigKeys (ConfUtils.java:logGet(43)) - raft.server.log.write.buffer.size = 33554432 (custom)
2019-06-13 02:06:15,533 INFO  server.RaftServerConfigKeys (ConfUtils.java:logGet(43)) - raft.server.log.force.sync.num = 128 (default)
2019-06-13 02:06:15,533 INFO  server.RaftServerConfigKeys (ConfUtils.java:logGet(43)) - raft.server.log.statemachine.data.sync = true (default)
2019-06-13 02:06:15,533 INFO  server.RaftServerConfigKeys (ConfUtils.java:logGet(43)) - raft.server.log.statemachine.data.sync.timeout = 10s (default)
2019-06-13 02:06:15,533 INFO  server.RaftServerConfigKeys (ConfUtils.java:logGet(43)) - raft.server.log.statemachine.data.sync.timeout.retry = -1 (default)
2019-06-13 02:06:15,533 INFO  server.RaftServerConfigKeys (ConfUtils.java:logGet(43)) - raft.server.log.statemachine.data.caching.enabled = true (custom)
2019-06-13 02:06:15,534 INFO  util.JmxRegister (JmxRegister.java:tryRegister(44)) - Successfully registered JMX Bean with object name Ratis:service=RaftServer,group=group-3430808053A7,id=44a6c381-a787-4549-b464-51b807a4f738
2019-06-13 02:06:15,543 INFO  server.RaftServerConfigKeys (ConfUtils.java:logGet(43)) - raft.server.log.statemachine.data.caching.enabled = true (custom)
2019-06-13 02:06:15,546 INFO  server.RaftServerConfigKeys (ConfUtils.java:logGet(43)) - raft.server.snapshot.auto.trigger.enabled = true (custom)
2019-06-13 02:06:15,546 INFO  server.RaftServerConfigKeys (ConfUtils.java:logGet(43)) - raft.server.snapshot.auto.trigger.threshold = 10000 (custom)
2019-06-13 02:06:15,546 INFO  server.RaftServerConfigKeys (ConfUtils.java:logGet(43)) - raft.server.retrycache.expirytime = 600000ms (custom)
2019-06-13 02:06:15,547 INFO  impl.RaftServerImpl (RaftServerImpl.java:start(173)) - dd1f5eaf-3154-41b9-9d05-b112e41e4279: start group-3430808053A7
2019-06-13 02:06:15,547 INFO  impl.RaftServerImpl (RaftServerImpl.java:setRole(164)) - dd1f5eaf-3154-41b9-9d05-b112e41e4279:group-3430808053A7 changes role from null to FOLLOWER at term 0 for startAsFollower
2019-06-13 02:06:15,547 INFO  impl.RoleInfo (RoleInfo.java:updateAndGet(143)) - dd1f5eaf-3154-41b9-9d05-b112e41e4279: start FollowerState
2019-06-13 02:06:15,554 INFO  util.JmxRegister (JmxRegister.java:tryRegister(44)) - Successfully registered JMX Bean with object name Ratis:service=RaftServer,group=group-3430808053A7,id=dd1f5eaf-3154-41b9-9d05-b112e41e4279
2019-06-13 02:06:15,561 INFO  server.RaftServerConfigKeys (ConfUtils.java:logGet(43)) - raft.server.snapshot.auto.trigger.enabled = true (custom)
2019-06-13 02:06:15,562 INFO  server.RaftServerConfigKeys (ConfUtils.java:logGet(43)) - raft.server.snapshot.auto.trigger.threshold = 10000 (custom)
2019-06-13 02:06:15,576 INFO  server.RaftServerConfigKeys (ConfUtils.java:logGet(43)) - raft.server.retrycache.expirytime = 600000ms (custom)
2019-06-13 02:06:15,576 INFO  impl.RaftServerImpl (RaftServerImpl.java:start(173)) - 672739be-73a0-4723-9fde-689ac83040ac: start group-3430808053A7
2019-06-13 02:06:15,576 INFO  impl.RaftServerImpl (RaftServerImpl.java:setRole(164)) - 672739be-73a0-4723-9fde-689ac83040ac:group-3430808053A7 changes role from null to FOLLOWER at term 0 for startAsFollower
2019-06-13 02:06:15,578 INFO  impl.RoleInfo (RoleInfo.java:updateAndGet(143)) - 672739be-73a0-4723-9fde-689ac83040ac: start FollowerState
2019-06-13 02:06:15,557 INFO  impl.FollowerState (FollowerState.java:run(101)) - 2cbb6586-e106-4c85-8a15-da6e1d730a24:group-18627801589E changes to CANDIDATE, lastRpcTime:1006, electionTimeout:1003ms
2019-06-13 02:06:15,578 INFO  impl.RoleInfo (RoleInfo.java:shutdownFollowerState(121)) - 2cbb6586-e106-4c85-8a15-da6e1d730a24: shutdown FollowerState
2019-06-13 02:06:15,578 INFO  impl.RaftServerImpl (RaftServerImpl.java:setRole(164)) - 2cbb6586-e106-4c85-8a15-da6e1d730a24:group-18627801589E changes role from FOLLOWER to CANDIDATE at term 0 for changeToCandidate
2019-06-13 02:06:15,580 INFO  util.JmxRegister (JmxRegister.java:tryRegister(44)) - Successfully registered JMX Bean with object name Ratis:service=RaftServer,group=group-3430808053A7,id=672739be-73a0-4723-9fde-689ac83040ac
2019-06-13 02:06:15,602 INFO  impl.RoleInfo (RoleInfo.java:updateAndGet(143)) - 2cbb6586-e106-4c85-8a15-da6e1d730a24: start LeaderElection
2019-06-13 02:06:15,622 INFO  pipeline.PipelineStateManager (PipelineStateManager.java:addPipeline(56)) - Created pipeline Pipeline[ Id: ffae9e03-1f30-4455-810f-3430808053a7, Nodes: 672739be-73a0-4723-9fde-689ac83040ac{ip: 192.168.19.63, host: ozone-j8jbj-2148119425, networkLocation: /default-rack, certSerialId: null}44a6c381-a787-4549-b464-51b807a4f738{ip: 192.168.19.63, host: ozone-j8jbj-2148119425, networkLocation: /default-rack, certSerialId: null}dd1f5eaf-3154-41b9-9d05-b112e41e4279{ip: 192.168.19.63, host: ozone-j8jbj-2148119425, networkLocation: /default-rack, certSerialId: null}, Type:RATIS, Factor:THREE, State:OPEN]
2019-06-13 02:06:15,622 WARN  impl.FollowerState (FollowerState.java:run(113)) - 2cbb6586-e106-4c85-8a15-da6e1d730a24: FollowerState caught an exception
java.lang.IllegalStateException: ILLEGAL TRANSITION: In 2cbb6586-e106-4c85-8a15-da6e1d730a24:group-18627801589E:LeaderElection2, CLOSED -> RUNNING
	at org.apache.ratis.util.Preconditions.assertTrue(Preconditions.java:60)
	at org.apache.ratis.util.LifeCycle$State.validate(LifeCycle.java:123)
	at org.apache.ratis.util.LifeCycle.transition(LifeCycle.java:143)
	at org.apache.ratis.util.LifeCycle.startAndTransition(LifeCycle.java:203)
	at org.apache.ratis.server.impl.LeaderElection.start(LeaderElection.java:120)
	at org.apache.ratis.server.impl.RoleInfo.startLeaderElection(RoleInfo.java:128)
	at org.apache.ratis.server.impl.RaftServerImpl.changeToCandidate(RaftServerImpl.java:404)
	at org.apache.ratis.server.impl.FollowerState.run(FollowerState.java:104)
2019-06-13 02:06:15,640 INFO  impl.FollowerState (FollowerState.java:run(101)) - 15a320e0-140e-4e5e-87ae-2d7eee4be5d8:group-3E7277B5B512 changes to CANDIDATE, lastRpcTime:1186, electionTimeout:1182ms
2019-06-13 02:06:15,642 INFO  impl.RoleInfo (RoleInfo.java:shutdownFollowerState(121)) - 15a320e0-140e-4e5e-87ae-2d7eee4be5d8: shutdown FollowerState
2019-06-13 02:06:15,643 INFO  impl.RaftServerImpl (RaftServerImpl.java:setRole(164)) - 15a320e0-140e-4e5e-87ae-2d7eee4be5d8:group-3E7277B5B512 changes role from FOLLOWER to CANDIDATE at term 0 for changeToCandidate
2019-06-13 02:06:15,643 INFO  impl.RoleInfo (RoleInfo.java:updateAndGet(143)) - 15a320e0-140e-4e5e-87ae-2d7eee4be5d8: start LeaderElection
2019-06-13 02:06:15,662 INFO  impl.LeaderElection (LeaderElection.java:askForVotes(181)) - 15a320e0-140e-4e5e-87ae-2d7eee4be5d8:group-3E7277B5B512:LeaderElection3: begin an election at term 1 for -1: [15a320e0-140e-4e5e-87ae-2d7eee4be5d8:192.168.19.63:45515], old=null
2019-06-13 02:06:15,664 INFO  impl.RoleInfo (RoleInfo.java:shutdownLeaderElection(134)) - 15a320e0-140e-4e5e-87ae-2d7eee4be5d8: shutdown LeaderElection
2019-06-13 02:06:15,664 INFO  impl.RaftServerImpl (RaftServerImpl.java:setRole(164)) - 15a320e0-140e-4e5e-87ae-2d7eee4be5d8:group-3E7277B5B512 changes role from CANDIDATE to LEADER at term 1 for changeToLeader
2019-06-13 02:06:15,664 INFO  impl.RaftServerImpl (ServerState.java:setLeader(263)) - 15a320e0-140e-4e5e-87ae-2d7eee4be5d8:group-3E7277B5B512 change Leader from null to 15a320e0-140e-4e5e-87ae-2d7eee4be5d8 at term 1 for becomeLeader, leader elected after 1217ms
2019-06-13 02:06:15,669 INFO  server.RaftServerConfigKeys (ConfUtils.java:logGet(43)) - raft.server.staging.catchup.gap = 1000 (default)
2019-06-13 02:06:15,670 INFO  impl.FollowerState (FollowerState.java:run(101)) - 2cbb6586-e106-4c85-8a15-da6e1d730a24:group-CC5AA747F041 changes to CANDIDATE, lastRpcTime:1062, electionTimeout:1062ms
2019-06-13 02:06:15,670 INFO  impl.RoleInfo (RoleInfo.java:shutdownFollowerState(121)) - 2cbb6586-e106-4c85-8a15-da6e1d730a24: shutdown FollowerState
2019-06-13 02:06:15,670 INFO  impl.RaftServerImpl (RaftServerImpl.java:setRole(164)) - 2cbb6586-e106-4c85-8a15-da6e1d730a24:group-CC5AA747F041 changes role from FOLLOWER to CANDIDATE at term 0 for changeToCandidate
2019-06-13 02:06:15,670 INFO  impl.RoleInfo (RoleInfo.java:updateAndGet(143)) - 2cbb6586-e106-4c85-8a15-da6e1d730a24: start LeaderElection
2019-06-13 02:06:15,670 INFO  server.RaftServerConfigKeys (ConfUtils.java:logGet(43)) - raft.server.rpc.sleep.time = 25ms (default)
2019-06-13 02:06:15,671 INFO  impl.FollowerState (FollowerState.java:run(101)) - 15a320e0-140e-4e5e-87ae-2d7eee4be5d8:group-CC5AA747F041 changes to CANDIDATE, lastRpcTime:1068, electionTimeout:1063ms
2019-06-13 02:06:15,671 INFO  impl.RoleInfo (RoleInfo.java:shutdownFollowerState(121)) - 15a320e0-140e-4e5e-87ae-2d7eee4be5d8: shutdown FollowerState
2019-06-13 02:06:15,671 INFO  impl.RaftServerImpl (RaftServerImpl.java:setRole(164)) - 15a320e0-140e-4e5e-87ae-2d7eee4be5d8:group-CC5AA747F041 changes role from FOLLOWER to CANDIDATE at term 0 for changeToCandidate
2019-06-13 02:06:15,678 INFO  server.RaftServerConfigKeys (ConfUtils.java:logGet(43)) - raft.server.watch.timeout = 10s (default)
2019-06-13 02:06:15,678 INFO  server.RaftServerConfigKeys (ConfUtils.java:logGet(43)) - raft.server.watch.timeout.denomination = 1s (default)
2019-06-13 02:06:15,679 INFO  impl.RoleInfo (RoleInfo.java:updateAndGet(143)) - 15a320e0-140e-4e5e-87ae-2d7eee4be5d8: start LeaderState
2019-06-13 02:06:15,679 INFO  storage.RaftLogWorker (RaftLogWorker.java:startLogSegment(298)) - 15a320e0-140e-4e5e-87ae-2d7eee4be5d8-RaftLogWorker: Starting segment from index:0
2019-06-13 02:06:15,681 INFO  impl.RaftServerImpl (ServerState.java:setRaftConf(361)) - 15a320e0-140e-4e5e-87ae-2d7eee4be5d8:group-3E7277B5B512 set configuration 0: [15a320e0-140e-4e5e-87ae-2d7eee4be5d8:192.168.19.63:45515], old=null at 0
2019-06-13 02:06:15,685 INFO  impl.RoleInfo (RoleInfo.java:updateAndGet(143)) - 15a320e0-140e-4e5e-87ae-2d7eee4be5d8: start LeaderElection
2019-06-13 02:06:15,701 INFO  impl.LeaderElection (LeaderElection.java:askForVotes(181)) - 15a320e0-140e-4e5e-87ae-2d7eee4be5d8:group-CC5AA747F041:LeaderElection5: begin an election at term 1 for -1: [2cbb6586-e106-4c85-8a15-da6e1d730a24:192.168.19.63:35999, 442c0026-686e-4c11-b1ee-91eacbd80ce8:192.168.19.63:35579, 15a320e0-140e-4e5e-87ae-2d7eee4be5d8:192.168.19.63:45515], old=null
2019-06-13 02:06:15,706 INFO  impl.LeaderElection (LeaderElection.java:askForVotes(181)) - 2cbb6586-e106-4c85-8a15-da6e1d730a24:group-CC5AA747F041:LeaderElection4: begin an election at term 1 for -1: [2cbb6586-e106-4c85-8a15-da6e1d730a24:192.168.19.63:35999, 442c0026-686e-4c11-b1ee-91eacbd80ce8:192.168.19.63:35579, 15a320e0-140e-4e5e-87ae-2d7eee4be5d8:192.168.19.63:45515], old=null
2019-06-13 02:06:15,793 INFO  impl.FollowerState (FollowerState.java:run(101)) - 442c0026-686e-4c11-b1ee-91eacbd80ce8:group-CC5AA747F041 changes to CANDIDATE, lastRpcTime:1189, electionTimeout:1165ms
2019-06-13 02:06:15,794 INFO  impl.RoleInfo (RoleInfo.java:shutdownFollowerState(121)) - 442c0026-686e-4c11-b1ee-91eacbd80ce8: shutdown FollowerState
2019-06-13 02:06:15,794 INFO  impl.RaftServerImpl (RaftServerImpl.java:setRole(164)) - 442c0026-686e-4c11-b1ee-91eacbd80ce8:group-CC5AA747F041 changes role from FOLLOWER to CANDIDATE at term 0 for changeToCandidate
2019-06-13 02:06:15,794 INFO  impl.RoleInfo (RoleInfo.java:updateAndGet(143)) - 442c0026-686e-4c11-b1ee-91eacbd80ce8: start LeaderElection
2019-06-13 02:06:15,821 INFO  storage.RaftLogWorker (RaftLogWorker.java:execute(469)) - 442c0026-686e-4c11-b1ee-91eacbd80ce8-RaftLogWorker: created new log segment /opt/src/hadoop-ozone/integration-test/target/test-dir/MiniOzoneClusterImpl-dacb967f-046d-489e-8e03-6a48fce0d45d/datanode-0/data/ratis/d9fd5831-cea4-425e-97ab-4f913e1e5762/current/log_inprogress_0
2019-06-13 02:06:15,825 INFO  storage.RaftLogWorker (RaftLogWorker.java:execute(469)) - 15a320e0-140e-4e5e-87ae-2d7eee4be5d8-RaftLogWorker: created new log segment /opt/src/hadoop-ozone/integration-test/target/test-dir/MiniOzoneClusterImpl-dacb967f-046d-489e-8e03-6a48fce0d45d/datanode-1/data/ratis/2e026980-1272-4ea7-b1c5-3e7277b5b512/current/log_inprogress_0
2019-06-13 02:06:15,843 INFO  impl.FollowerState (FollowerState.java:run(101)) - 44a6c381-a787-4549-b464-51b807a4f738:group-123BD571EDB0 changes to CANDIDATE, lastRpcTime:1090, electionTimeout:1090ms
2019-06-13 02:06:15,843 INFO  impl.RoleInfo (RoleInfo.java:shutdownFollowerState(121)) - 44a6c381-a787-4549-b464-51b807a4f738: shutdown FollowerState
2019-06-13 02:06:15,843 INFO  impl.RaftServerImpl (RaftServerImpl.java:setRole(164)) - 44a6c381-a787-4549-b464-51b807a4f738:group-123BD571EDB0 changes role from FOLLOWER to CANDIDATE at term 0 for changeToCandidate
2019-06-13 02:06:15,843 INFO  impl.RoleInfo (RoleInfo.java:updateAndGet(143)) - 44a6c381-a787-4549-b464-51b807a4f738: start LeaderElection
2019-06-13 02:06:15,856 INFO  impl.LeaderElection (LeaderElection.java:askForVotes(181)) - 44a6c381-a787-4549-b464-51b807a4f738:group-123BD571EDB0:LeaderElection7: begin an election at term 1 for -1: [44a6c381-a787-4549-b464-51b807a4f738:192.168.19.63:43045], old=null
2019-06-13 02:06:15,856 INFO  impl.RoleInfo (RoleInfo.java:shutdownLeaderElection(134)) - 44a6c381-a787-4549-b464-51b807a4f738: shutdown LeaderElection
2019-06-13 02:06:15,856 INFO  impl.RaftServerImpl (RaftServerImpl.java:setRole(164)) - 44a6c381-a787-4549-b464-51b807a4f738:group-123BD571EDB0 changes role from CANDIDATE to LEADER at term 1 for changeToLeader
2019-06-13 02:06:15,856 INFO  impl.RaftServerImpl (ServerState.java:setLeader(263)) - 44a6c381-a787-4549-b464-51b807a4f738:group-123BD571EDB0 change Leader from null to 44a6c381-a787-4549-b464-51b807a4f738 at term 1 for becomeLeader, leader elected after 1113ms
2019-06-13 02:06:15,857 INFO  impl.LeaderElection (LeaderElection.java:askForVotes(181)) - 442c0026-686e-4c11-b1ee-91eacbd80ce8:group-CC5AA747F041:LeaderElection6: begin an election at term 1 for -1: [2cbb6586-e106-4c85-8a15-da6e1d730a24:192.168.19.63:35999, 442c0026-686e-4c11-b1ee-91eacbd80ce8:192.168.19.63:35579, 15a320e0-140e-4e5e-87ae-2d7eee4be5d8:192.168.19.63:45515], old=null
2019-06-13 02:06:15,871 INFO  server.RaftServerConfigKeys (ConfUtils.java:logGet(43)) - raft.server.staging.catchup.gap = 1000 (default)
2019-06-13 02:06:15,872 INFO  server.RaftServerConfigKeys (ConfUtils.java:logGet(43)) - raft.server.rpc.sleep.time = 25ms (default)
2019-06-13 02:06:15,872 INFO  server.RaftServerConfigKeys (ConfUtils.java:logGet(43)) - raft.server.watch.timeout = 10s (default)
2019-06-13 02:06:15,872 INFO  server.RaftServerConfigKeys (ConfUtils.java:logGet(43)) - raft.server.watch.timeout.denomination = 1s (default)
2019-06-13 02:06:15,872 INFO  impl.RoleInfo (RoleInfo.java:updateAndGet(143)) - 44a6c381-a787-4549-b464-51b807a4f738: start LeaderState
2019-06-13 02:06:15,872 INFO  storage.RaftLogWorker (RaftLogWorker.java:startLogSegment(298)) - 44a6c381-a787-4549-b464-51b807a4f738-RaftLogWorker: Starting segment from index:0
2019-06-13 02:06:15,875 INFO  impl.RaftServerImpl (ServerState.java:setRaftConf(361)) - 44a6c381-a787-4549-b464-51b807a4f738:group-123BD571EDB0 set configuration 0: [44a6c381-a787-4549-b464-51b807a4f738:192.168.19.63:43045], old=null at 0
2019-06-13 02:06:15,954 INFO  impl.LeaderElection (LeaderElection.java:logAndReturn(56)) - 15a320e0-140e-4e5e-87ae-2d7eee4be5d8:group-CC5AA747F041:LeaderElection5: Election REJECTED; received 2 response(s) [15a320e0-140e-4e5e-87ae-2d7eee4be5d8->2cbb6586-e106-4c85-8a15-da6e1d730a24,false-t1, 15a320e0-140e-4e5e-87ae-2d7eee4be5d8->442c0026-686e-4c11-b1ee-91eacbd80ce8,false-t1] and 0 exception(s); 15a320e0-140e-4e5e-87ae-2d7eee4be5d8:t1, leader=null, voted=15a320e0-140e-4e5e-87ae-2d7eee4be5d8, raftlog=15a320e0-140e-4e5e-87ae-2d7eee4be5d8-SegmentedRaftLog:OPENED:c-1,f-1,i0, conf=-1: [2cbb6586-e106-4c85-8a15-da6e1d730a24:192.168.19.63:35999, 442c0026-686e-4c11-b1ee-91eacbd80ce8:192.168.19.63:35579, 15a320e0-140e-4e5e-87ae-2d7eee4be5d8:192.168.19.63:45515], old=null
2019-06-13 02:06:15,954 INFO  impl.RaftServerImpl (RaftServerImpl.java:setRole(164)) - 15a320e0-140e-4e5e-87ae-2d7eee4be5d8:group-CC5AA747F041 changes role from CANDIDATE to FOLLOWER at term 1 for DISCOVERED_A_NEW_TERM
2019-06-13 02:06:15,954 INFO  impl.RoleInfo (RoleInfo.java:shutdownLeaderElection(134)) - 15a320e0-140e-4e5e-87ae-2d7eee4be5d8: shutdown LeaderElection
2019-06-13 02:06:15,955 INFO  impl.RoleInfo (RoleInfo.java:updateAndGet(143)) - 15a320e0-140e-4e5e-87ae-2d7eee4be5d8: start FollowerState
2019-06-13 02:06:15,960 INFO  storage.RaftLogWorker (RaftLogWorker.java:execute(469)) - 44a6c381-a787-4549-b464-51b807a4f738-RaftLogWorker: created new log segment /opt/src/hadoop-ozone/integration-test/target/test-dir/MiniOzoneClusterImpl-dacb967f-046d-489e-8e03-6a48fce0d45d/datanode-3/data/ratis/4fc81b7c-b50f-4f29-a95e-123bd571edb0/current/log_inprogress_0
2019-06-13 02:06:15,972 INFO  impl.LeaderElection (LeaderElection.java:logAndReturn(56)) - 2cbb6586-e106-4c85-8a15-da6e1d730a24:group-CC5AA747F041:LeaderElection4: Election REJECTED; received 2 response(s) [2cbb6586-e106-4c85-8a15-da6e1d730a24->442c0026-686e-4c11-b1ee-91eacbd80ce8,false-t1, 2cbb6586-e106-4c85-8a15-da6e1d730a24->15a320e0-140e-4e5e-87ae-2d7eee4be5d8,false-t1] and 0 exception(s); 2cbb6586-e106-4c85-8a15-da6e1d730a24:t1, leader=null, voted=2cbb6586-e106-4c85-8a15-da6e1d730a24, raftlog=2cbb6586-e106-4c85-8a15-da6e1d730a24-SegmentedRaftLog:OPENED:c-1,f-1,i0, conf=-1: [2cbb6586-e106-4c85-8a15-da6e1d730a24:192.168.19.63:35999, 442c0026-686e-4c11-b1ee-91eacbd80ce8:192.168.19.63:35579, 15a320e0-140e-4e5e-87ae-2d7eee4be5d8:192.168.19.63:45515], old=null
2019-06-13 02:06:15,973 INFO  impl.RaftServerImpl (RaftServerImpl.java:setRole(164)) - 2cbb6586-e106-4c85-8a15-da6e1d730a24:group-CC5AA747F041 changes role from CANDIDATE to FOLLOWER at term 1 for DISCOVERED_A_NEW_TERM
2019-06-13 02:06:15,973 INFO  impl.RoleInfo (RoleInfo.java:shutdownLeaderElection(134)) - 2cbb6586-e106-4c85-8a15-da6e1d730a24: shutdown LeaderElection
2019-06-13 02:06:15,973 INFO  impl.RoleInfo (RoleInfo.java:updateAndGet(143)) - 2cbb6586-e106-4c85-8a15-da6e1d730a24: start FollowerState
2019-06-13 02:06:15,986 INFO  impl.LeaderElection (LeaderElection.java:logAndReturn(56)) - 442c0026-686e-4c11-b1ee-91eacbd80ce8:group-CC5AA747F041:LeaderElection6: Election REJECTED; received 2 response(s) [442c0026-686e-4c11-b1ee-91eacbd80ce8->2cbb6586-e106-4c85-8a15-da6e1d730a24,false-t1, 442c0026-686e-4c11-b1ee-91eacbd80ce8->15a320e0-140e-4e5e-87ae-2d7eee4be5d8,false-t1] and 0 exception(s); 442c0026-686e-4c11-b1ee-91eacbd80ce8:t1, leader=null, voted=442c0026-686e-4c11-b1ee-91eacbd80ce8, raftlog=442c0026-686e-4c11-b1ee-91eacbd80ce8-SegmentedRaftLog:OPENED:c-1,f-1,i0, conf=-1: [2cbb6586-e106-4c85-8a15-da6e1d730a24:192.168.19.63:35999, 442c0026-686e-4c11-b1ee-91eacbd80ce8:192.168.19.63:35579, 15a320e0-140e-4e5e-87ae-2d7eee4be5d8:192.168.19.63:45515], old=null
2019-06-13 02:06:15,989 INFO  impl.RaftServerImpl (RaftServerImpl.java:setRole(164)) - 442c0026-686e-4c11-b1ee-91eacbd80ce8:group-CC5AA747F041 changes role from CANDIDATE to FOLLOWER at term 1 for DISCOVERED_A_NEW_TERM
2019-06-13 02:06:15,990 INFO  impl.RoleInfo (RoleInfo.java:shutdownLeaderElection(134)) - 442c0026-686e-4c11-b1ee-91eacbd80ce8: shutdown LeaderElection
2019-06-13 02:06:15,990 INFO  impl.RoleInfo (RoleInfo.java:updateAndGet(143)) - 442c0026-686e-4c11-b1ee-91eacbd80ce8: start FollowerState
2019-06-13 02:06:16,236 INFO  impl.FollowerState (FollowerState.java:run(101)) - dd1f5eaf-3154-41b9-9d05-b112e41e4279:group-7CCB75D30D30 changes to CANDIDATE, lastRpcTime:1134, electionTimeout:1133ms
2019-06-13 02:06:16,238 INFO  impl.RoleInfo (RoleInfo.java:shutdownFollowerState(121)) - dd1f5eaf-3154-41b9-9d05-b112e41e4279: shutdown FollowerState
2019-06-13 02:06:16,238 INFO  impl.RaftServerImpl (RaftServerImpl.java:setRole(164)) - dd1f5eaf-3154-41b9-9d05-b112e41e4279:group-7CCB75D30D30 changes role from FOLLOWER to CANDIDATE at term 0 for changeToCandidate
2019-06-13 02:06:16,238 INFO  impl.RoleInfo (RoleInfo.java:updateAndGet(143)) - dd1f5eaf-3154-41b9-9d05-b112e41e4279: start LeaderElection
2019-06-13 02:06:16,243 INFO  impl.LeaderElection (LeaderElection.java:askForVotes(181)) - dd1f5eaf-3154-41b9-9d05-b112e41e4279:group-7CCB75D30D30:LeaderElection8: begin an election at term 1 for -1: [dd1f5eaf-3154-41b9-9d05-b112e41e4279:192.168.19.63:46827], old=null
2019-06-13 02:06:16,243 INFO  impl.RoleInfo (RoleInfo.java:shutdownLeaderElection(134)) - dd1f5eaf-3154-41b9-9d05-b112e41e4279: shutdown LeaderElection
2019-06-13 02:06:16,243 INFO  impl.RaftServerImpl (RaftServerImpl.java:setRole(164)) - dd1f5eaf-3154-41b9-9d05-b112e41e4279:group-7CCB75D30D30 changes role from CANDIDATE to LEADER at term 1 for changeToLeader
2019-06-13 02:06:16,243 INFO  impl.RaftServerImpl (ServerState.java:setLeader(263)) - dd1f5eaf-3154-41b9-9d05-b112e41e4279:group-7CCB75D30D30 change Leader from null to dd1f5eaf-3154-41b9-9d05-b112e41e4279 at term 1 for becomeLeader, leader elected after 1145ms
2019-06-13 02:06:16,244 INFO  server.RaftServerConfigKeys (ConfUtils.java:logGet(43)) - raft.server.staging.catchup.gap = 1000 (default)
2019-06-13 02:06:16,244 INFO  server.RaftServerConfigKeys (ConfUtils.java:logGet(43)) - raft.server.rpc.sleep.time = 25ms (default)
2019-06-13 02:06:16,244 INFO  server.RaftServerConfigKeys (ConfUtils.java:logGet(43)) - raft.server.watch.timeout = 10s (default)
2019-06-13 02:06:16,244 INFO  server.RaftServerConfigKeys (ConfUtils.java:logGet(43)) - raft.server.watch.timeout.denomination = 1s (default)
2019-06-13 02:06:16,245 INFO  impl.RoleInfo (RoleInfo.java:updateAndGet(143)) - dd1f5eaf-3154-41b9-9d05-b112e41e4279: start LeaderState
2019-06-13 02:06:16,245 INFO  storage.RaftLogWorker (RaftLogWorker.java:startLogSegment(298)) - dd1f5eaf-3154-41b9-9d05-b112e41e4279-RaftLogWorker: Starting segment from index:0
2019-06-13 02:06:16,245 INFO  impl.RaftServerImpl (ServerState.java:setRaftConf(361)) - dd1f5eaf-3154-41b9-9d05-b112e41e4279:group-7CCB75D30D30 set configuration 0: [dd1f5eaf-3154-41b9-9d05-b112e41e4279:192.168.19.63:46827], old=null at 0
2019-06-13 02:06:16,284 INFO  storage.RaftLogWorker (RaftLogWorker.java:execute(469)) - dd1f5eaf-3154-41b9-9d05-b112e41e4279-RaftLogWorker: created new log segment /opt/src/hadoop-ozone/integration-test/target/test-dir/MiniOzoneClusterImpl-dacb967f-046d-489e-8e03-6a48fce0d45d/datanode-4/data/ratis/2c2ee490-5e7e-43c6-a67b-7ccb75d30d30/current/log_inprogress_0
2019-06-13 02:06:16,356 INFO  ozone.MiniOzoneClusterImpl (MiniOzoneClusterImpl.java:lambda$waitForClusterToBeReady$0(142)) - Cluster is ready. Got 6 of 6 DN Heartbeats.
]]></system-out>
    <system-err><![CDATA[ERROR StatusLogger No Log4j 2 configuration file found. Using default configuration (logging only errors to the console), or user programmatically provided configurations. Set system property 'log4j2.debug' to show Log4j 2 internal initialization logging. See https://logging.apache.org/log4j/2.x/manual/configuration.html for instructions on how to configure Log4j 2
Jun 13, 2019 2:06:08 AM com.sun.jersey.server.impl.application.WebApplicationImpl _initiate
INFO: Initiating Jersey application, version 'Jersey: 1.19 02/11/2015 03:25 AM'
Jun 13, 2019 2:06:09 AM com.sun.jersey.server.impl.application.WebApplicationImpl _initiate
INFO: Initiating Jersey application, version 'Jersey: 1.19 02/11/2015 03:25 AM'
Jun 13, 2019 2:06:10 AM com.sun.jersey.server.impl.application.WebApplicationImpl _initiate
INFO: Initiating Jersey application, version 'Jersey: 1.19 02/11/2015 03:25 AM'
Jun 13, 2019 2:06:10 AM com.sun.jersey.server.impl.application.WebApplicationImpl _initiate
INFO: Initiating Jersey application, version 'Jersey: 1.19 02/11/2015 03:25 AM'
Jun 13, 2019 2:06:10 AM com.sun.jersey.server.impl.application.WebApplicationImpl _initiate
INFO: Initiating Jersey application, version 'Jersey: 1.19 02/11/2015 03:25 AM'
Jun 13, 2019 2:06:11 AM com.sun.jersey.server.impl.application.WebApplicationImpl _initiate
INFO: Initiating Jersey application, version 'Jersey: 1.19 02/11/2015 03:25 AM'
Exception in thread "2cbb6586-e106-4c85-8a15-da6e1d730a24:group-18627801589E:LeaderElection2" java.lang.IllegalStateException: ILLEGAL TRANSITION: In 2cbb6586-e106-4c85-8a15-da6e1d730a24:group-18627801589E:LeaderElection2, STARTING -> CLOSED
	at org.apache.ratis.util.Preconditions.assertTrue(Preconditions.java:60)
	at org.apache.ratis.util.LifeCycle$State.validate(LifeCycle.java:123)
	at org.apache.ratis.util.LifeCycle.transition(LifeCycle.java:143)
	at org.apache.ratis.server.impl.LeaderElection.run(LeaderElection.java:154)
	at java.lang.Thread.run(Thread.java:748)
]]></system-err>
  </testcase>
</testsuite>