<?xml version="1.0" encoding="UTF-8"?>
<testsuite xmlns:xsi="http://www.w3.org/2001/XMLSchema-instance" xsi:noNamespaceSchemaLocation="https://maven.apache.org/surefire/maven-surefire-plugin/xsd/surefire-test-report.xsd" name="org.apache.hadoop.ozone.client.rpc.TestWatchForCommit" time="111.099" tests="6" errors="0" skipped="0" failures="1">
  <properties>
    <property name="awt.toolkit" value="sun.awt.X11.XToolkit"/>
    <property name="file.encoding.pkg" value="sun.io"/>
    <property name="java.specification.version" value="1.8"/>
    <property name="sun.cpu.isalist" value=""/>
    <property name="sun.jnu.encoding" value="UTF-8"/>
    <property name="java.class.path" value="/opt/src/hadoop-ozone/integration-test/target/test-classes:/opt/src/hadoop-ozone/integration-test/target/classes:/root/.m2/repository/org/apache/hadoop/hadoop-ozone-common/0.5.0-SNAPSHOT/hadoop-ozone-common-0.5.0-SNAPSHOT.jar:/root/.m2/repository/org/apache/commons/commons-compress/1.4.1/commons-compress-1.4.1.jar:/root/.m2/repository/org/tukaani/xz/1.0/xz-1.0.jar:/root/.m2/repository/org/apache/hadoop/hadoop-common/3.2.0/hadoop-common-3.2.0.jar:/root/.m2/repository/org/apache/hadoop/hadoop-hdfs/3.2.0/hadoop-hdfs-3.2.0.jar:/root/.m2/repository/org/apache/hadoop/hadoop-hdfs-client/3.2.0/hadoop-hdfs-client-3.2.0.jar:/root/.m2/repository/com/fasterxml/jackson/core/jackson-annotations/2.9.5/jackson-annotations-2.9.5.jar:/root/.m2/repository/org/apache/hadoop/hadoop-hdds-common/0.5.0-SNAPSHOT/hadoop-hdds-common-0.5.0-SNAPSHOT.jar:/root/.m2/repository/javax/annotation/javax.annotation-api/1.2/javax.annotation-api-1.2.jar:/root/.m2/repository/org/apache/ratis/ratis-server/0.4.0-fe2b15d-SNAPSHOT/ratis-server-0.4.0-fe2b15d-SNAPSHOT.jar:/root/.m2/repository/org/apache/ratis/ratis-thirdparty-misc/0.2.0/ratis-thirdparty-misc-0.2.0.jar:/root/.m2/repository/org/apache/ratis/ratis-proto/0.4.0-fe2b15d-SNAPSHOT/ratis-proto-0.4.0-fe2b15d-SNAPSHOT.jar:/root/.m2/repository/org/apache/ratis/ratis-common/0.4.0-fe2b15d-SNAPSHOT/ratis-common-0.4.0-fe2b15d-SNAPSHOT.jar:/root/.m2/repository/org/apache/ratis/ratis-client/0.4.0-fe2b15d-SNAPSHOT/ratis-client-0.4.0-fe2b15d-SNAPSHOT.jar:/root/.m2/repository/org/apache/ratis/ratis-netty/0.4.0-fe2b15d-SNAPSHOT/ratis-netty-0.4.0-fe2b15d-SNAPSHOT.jar:/root/.m2/repository/org/apache/ratis/ratis-grpc/0.4.0-fe2b15d-SNAPSHOT/ratis-grpc-0.4.0-fe2b15d-SNAPSHOT.jar:/root/.m2/repository/org/rocksdb/rocksdbjni/5.14.2/rocksdbjni-5.14.2.jar:/root/.m2/repository/org/apache/logging/log4j/log4j-api/2.11.0/log4j-api-2.11.0.jar:/root/.m2/repository/org/apache/logging/log4j/log4j-core/2.11.0/log4j-core-2.11.0.jar:/root/.m2/repository/com/lmax/disruptor/3.4.2/disruptor-3.4.2.jar:/root/.m2/repository/org/apache/commons/commons-pool2/2.6.0/commons-pool2-2.6.0.jar:/root/.m2/repository/org/bouncycastle/bcpkix-jdk15on/1.60/bcpkix-jdk15on-1.60.jar:/root/.m2/repository/commons-validator/commons-validator/1.6/commons-validator-1.6.jar:/root/.m2/repository/commons-digester/commons-digester/1.8.1/commons-digester-1.8.1.jar:/root/.m2/repository/io/jaegertracing/jaeger-client/0.33.1/jaeger-client-0.33.1.jar:/root/.m2/repository/io/jaegertracing/jaeger-thrift/0.33.1/jaeger-thrift-0.33.1.jar:/root/.m2/repository/org/apache/thrift/libthrift/0.11.0/libthrift-0.11.0.jar:/root/.m2/repository/com/squareup/okhttp3/okhttp/3.9.0/okhttp-3.9.0.jar:/root/.m2/repository/com/squareup/okio/okio/1.13.0/okio-1.13.0.jar:/root/.m2/repository/io/jaegertracing/jaeger-core/0.33.1/jaeger-core-0.33.1.jar:/root/.m2/repository/io/jaegertracing/jaeger-tracerresolver/0.33.1/jaeger-tracerresolver-0.33.1.jar:/root/.m2/repository/io/opentracing/contrib/opentracing-tracerresolver/0.1.5/opentracing-tracerresolver-0.1.5.jar:/root/.m2/repository/io/opentracing/opentracing-util/0.31.0/opentracing-util-0.31.0.jar:/root/.m2/repository/io/opentracing/opentracing-api/0.31.0/opentracing-api-0.31.0.jar:/root/.m2/repository/io/opentracing/opentracing-noop/0.31.0/opentracing-noop-0.31.0.jar:/root/.m2/repository/org/apache/hadoop/hadoop-hdds-server-framework/0.5.0-SNAPSHOT/hadoop-hdds-server-framework-0.5.0-SNAPSHOT.jar:/root/.m2/repository/org/apache/hadoop/hadoop-hdds-server-scm/0.5.0-SNAPSHOT/hadoop-hdds-server-scm-0.5.0-SNAPSHOT.jar:/root/.m2/repository/org/apache/hadoop/hadoop-hdds-container-service/0.5.0-SNAPSHOT/hadoop-hdds-container-service-0.5.0-SNAPSHOT.jar:/root/.m2/repository/org/apache/hadoop/hadoop-hdds-client/0.5.0-SNAPSHOT/hadoop-hdds-client-0.5.0-SNAPSHOT.jar:/root/.m2/repository/org/apache/hadoop/hadoop-hdds-tools/0.5.0-SNAPSHOT/hadoop-hdds-tools-0.5.0-SNAPSHOT.jar:/root/.m2/repository/org/apache/hadoop/hadoop-ozone-ozone-manager/0.5.0-SNAPSHOT/hadoop-ozone-ozone-manager-0.5.0-SNAPSHOT.jar:/root/.m2/repository/org/apache/hadoop/hadoop-hdds-docs/0.5.0-SNAPSHOT/hadoop-hdds-docs-0.5.0-SNAPSHOT.jar:/root/.m2/repository/org/bouncycastle/bcprov-jdk15on/1.60/bcprov-jdk15on-1.60.jar:/root/.m2/repository/org/apache/hadoop/hadoop-minikdc/3.2.0/hadoop-minikdc-3.2.0.jar:/root/.m2/repository/commons-io/commons-io/2.5/commons-io-2.5.jar:/root/.m2/repository/org/apache/kerby/kerb-simplekdc/1.0.1/kerb-simplekdc-1.0.1.jar:/root/.m2/repository/org/apache/kerby/kerb-client/1.0.1/kerb-client-1.0.1.jar:/root/.m2/repository/org/apache/kerby/kerby-config/1.0.1/kerby-config-1.0.1.jar:/root/.m2/repository/org/apache/kerby/kerb-core/1.0.1/kerb-core-1.0.1.jar:/root/.m2/repository/org/apache/kerby/kerby-pkix/1.0.1/kerby-pkix-1.0.1.jar:/root/.m2/repository/org/apache/kerby/kerby-asn1/1.0.1/kerby-asn1-1.0.1.jar:/root/.m2/repository/org/apache/kerby/kerby-util/1.0.1/kerby-util-1.0.1.jar:/root/.m2/repository/org/apache/kerby/kerb-common/1.0.1/kerb-common-1.0.1.jar:/root/.m2/repository/org/apache/kerby/kerb-crypto/1.0.1/kerb-crypto-1.0.1.jar:/root/.m2/repository/org/apache/kerby/kerb-util/1.0.1/kerb-util-1.0.1.jar:/root/.m2/repository/org/apache/kerby/token-provider/1.0.1/token-provider-1.0.1.jar:/root/.m2/repository/org/apache/kerby/kerb-admin/1.0.1/kerb-admin-1.0.1.jar:/root/.m2/repository/org/apache/kerby/kerb-server/1.0.1/kerb-server-1.0.1.jar:/root/.m2/repository/org/apache/kerby/kerb-identity/1.0.1/kerb-identity-1.0.1.jar:/root/.m2/repository/org/apache/kerby/kerby-xdr/1.0.1/kerby-xdr-1.0.1.jar:/root/.m2/repository/org/slf4j/slf4j-log4j12/1.7.25/slf4j-log4j12-1.7.25.jar:/root/.m2/repository/org/apache/hadoop/hadoop-ozone-objectstore-service/0.5.0-SNAPSHOT/hadoop-ozone-objectstore-service-0.5.0-SNAPSHOT.jar:/root/.m2/repository/org/apache/hadoop/hadoop-ozone-s3gateway/0.5.0-SNAPSHOT/hadoop-ozone-s3gateway-0.5.0-SNAPSHOT.jar:/root/.m2/repository/org/jboss/weld/servlet/weld-servlet/2.4.7.Final/weld-servlet-2.4.7.Final.jar:/root/.m2/repository/org/glassfish/jersey/containers/jersey-container-servlet-core/2.27/jersey-container-servlet-core-2.27.jar:/root/.m2/repository/org/glassfish/hk2/external/javax.inject/2.5.0-b42/javax.inject-2.5.0-b42.jar:/root/.m2/repository/org/glassfish/jersey/core/jersey-common/2.27/jersey-common-2.27.jar:/root/.m2/repository/org/glassfish/hk2/osgi-resource-locator/1.0.1/osgi-resource-locator-1.0.1.jar:/root/.m2/repository/javax/ws/rs/javax.ws.rs-api/2.1/javax.ws.rs-api-2.1.jar:/root/.m2/repository/org/glassfish/jersey/ext/cdi/jersey-cdi1x/2.27/jersey-cdi1x-2.27.jar:/root/.m2/repository/org/glassfish/jersey/inject/jersey-hk2/2.27/jersey-hk2-2.27.jar:/root/.m2/repository/org/glassfish/hk2/hk2-locator/2.5.0-b42/hk2-locator-2.5.0-b42.jar:/root/.m2/repository/org/javassist/javassist/3.22.0-CR2/javassist-3.22.0-CR2.jar:/root/.m2/repository/org/glassfish/hk2/hk2-api/2.5.0/hk2-api-2.5.0.jar:/root/.m2/repository/org/glassfish/hk2/external/jakarta.inject/2.5.0/jakarta.inject-2.5.0.jar:/root/.m2/repository/org/glassfish/hk2/hk2-utils/2.5.0/hk2-utils-2.5.0.jar:/root/.m2/repository/jakarta/annotation/jakarta.annotation-api/1.3.4/jakarta.annotation-api-1.3.4.jar:/root/.m2/repository/org/glassfish/hk2/external/aopalliance-repackaged/2.5.0/aopalliance-repackaged-2.5.0.jar:/root/.m2/repository/com/fasterxml/jackson/dataformat/jackson-dataformat-xml/2.9.0/jackson-dataformat-xml-2.9.0.jar:/root/.m2/repository/com/fasterxml/jackson/core/jackson-core/2.9.5/jackson-core-2.9.5.jar:/root/.m2/repository/com/fasterxml/jackson/module/jackson-module-jaxb-annotations/2.9.5/jackson-module-jaxb-annotations-2.9.5.jar:/root/.m2/repository/javax/enterprise/cdi-api/1.2/cdi-api-1.2.jar:/root/.m2/repository/javax/el/javax.el-api/3.0.0/javax.el-api-3.0.0.jar:/root/.m2/repository/javax/interceptor/javax.interceptor-api/1.2/javax.interceptor-api-1.2.jar:/root/.m2/repository/javax/inject/javax.inject/1/javax.inject-1.jar:/root/.m2/repository/com/sun/xml/bind/jaxb-impl/2.3.0.1/jaxb-impl-2.3.0.1.jar:/root/.m2/repository/com/sun/xml/bind/jaxb-core/2.3.0.1/jaxb-core-2.3.0.1.jar:/root/.m2/repository/javax/xml/bind/jaxb-api/2.3.0/jaxb-api-2.3.0.jar:/root/.m2/repository/javax/activation/activation/1.1.1/activation-1.1.1.jar:/root/.m2/repository/org/apache/hadoop/hadoop-ozone-csi/0.5.0-SNAPSHOT/hadoop-ozone-csi-0.5.0-SNAPSHOT.jar:/root/.m2/repository/com/google/protobuf/protobuf-java-util/3.5.1/protobuf-java-util-3.5.1.jar:/root/.m2/repository/org/apache/hadoop/hadoop-hdds-config/0.5.0-SNAPSHOT/hadoop-hdds-config-0.5.0-SNAPSHOT.jar:/root/.m2/repository/com/google/guava/guava/11.0.2/guava-11.0.2.jar:/root/.m2/repository/com/google/protobuf/protobuf-java/2.5.0/protobuf-java-2.5.0.jar:/root/.m2/repository/io/grpc/grpc-netty/1.17.1/grpc-netty-1.17.1.jar:/root/.m2/repository/io/grpc/grpc-core/1.17.1/grpc-core-1.17.1.jar:/root/.m2/repository/io/grpc/grpc-context/1.17.1/grpc-context-1.17.1.jar:/root/.m2/repository/com/google/errorprone/error_prone_annotations/2.2.0/error_prone_annotations-2.2.0.jar:/root/.m2/repository/org/codehaus/mojo/animal-sniffer-annotations/1.17/animal-sniffer-annotations-1.17.jar:/root/.m2/repository/io/opencensus/opencensus-api/0.17.0/opencensus-api-0.17.0.jar:/root/.m2/repository/io/opencensus/opencensus-contrib-grpc-metrics/0.17.0/opencensus-contrib-grpc-metrics-0.17.0.jar:/root/.m2/repository/io/netty/netty-codec-http2/4.1.30.Final/netty-codec-http2-4.1.30.Final.jar:/root/.m2/repository/io/netty/netty-codec-http/4.1.30.Final/netty-codec-http-4.1.30.Final.jar:/root/.m2/repository/io/netty/netty-codec/4.1.30.Final/netty-codec-4.1.30.Final.jar:/root/.m2/repository/io/netty/netty-handler/4.1.30.Final/netty-handler-4.1.30.Final.jar:/root/.m2/repository/io/netty/netty-handler-proxy/4.1.30.Final/netty-handler-proxy-4.1.30.Final.jar:/root/.m2/repository/io/netty/netty-codec-socks/4.1.30.Final/netty-codec-socks-4.1.30.Final.jar:/root/.m2/repository/io/netty/netty-transport-native-epoll/4.1.30.Final/netty-transport-native-epoll-4.1.30.Final.jar:/root/.m2/repository/io/netty/netty-common/4.1.30.Final/netty-common-4.1.30.Final.jar:/root/.m2/repository/io/netty/netty-buffer/4.1.30.Final/netty-buffer-4.1.30.Final.jar:/root/.m2/repository/io/netty/netty-transport/4.1.30.Final/netty-transport-4.1.30.Final.jar:/root/.m2/repository/io/netty/netty-resolver/4.1.30.Final/netty-resolver-4.1.30.Final.jar:/root/.m2/repository/io/netty/netty-transport-native-unix-common/4.1.30.Final/netty-transport-native-unix-common-4.1.30.Final.jar:/root/.m2/repository/io/grpc/grpc-protobuf/1.17.1/grpc-protobuf-1.17.1.jar:/root/.m2/repository/com/google/api/grpc/proto-google-common-protos/1.0.0/proto-google-common-protos-1.0.0.jar:/root/.m2/repository/io/grpc/grpc-protobuf-lite/1.17.1/grpc-protobuf-lite-1.17.1.jar:/root/.m2/repository/io/grpc/grpc-stub/1.17.1/grpc-stub-1.17.1.jar:/root/.m2/repository/org/apache/hadoop/hadoop-ozone-recon/0.5.0-SNAPSHOT/hadoop-ozone-recon-0.5.0-SNAPSHOT.jar:/root/.m2/repository/org/apache/hadoop/hadoop-ozone-reconcodegen/0.5.0-SNAPSHOT/hadoop-ozone-reconcodegen-0.5.0-SNAPSHOT.jar:/root/.m2/repository/com/google/inject/extensions/guice-multibindings/4.0/guice-multibindings-4.0.jar:/root/.m2/repository/com/google/inject/guice/4.0/guice-4.0.jar:/root/.m2/repository/aopalliance/aopalliance/1.0/aopalliance-1.0.jar:/root/.m2/repository/com/google/inject/extensions/guice-servlet/4.0/guice-servlet-4.0.jar:/root/.m2/repository/org/glassfish/jersey/containers/jersey-container-servlet/2.27/jersey-container-servlet-2.27.jar:/root/.m2/repository/org/glassfish/hk2/guice-bridge/2.5.0/guice-bridge-2.5.0.jar:/root/.m2/repository/org/glassfish/jersey/core/jersey-server/2.27/jersey-server-2.27.jar:/root/.m2/repository/org/glassfish/jersey/core/jersey-client/2.27/jersey-client-2.27.jar:/root/.m2/repository/org/glassfish/jersey/media/jersey-media-jaxb/2.27/jersey-media-jaxb-2.27.jar:/root/.m2/repository/javax/validation/validation-api/1.1.0.Final/validation-api-1.1.0.Final.jar:/root/.m2/repository/org/glassfish/jersey/media/jersey-media-json-jackson/2.27/jersey-media-json-jackson-2.27.jar:/root/.m2/repository/org/glassfish/jersey/ext/jersey-entity-filtering/2.27/jersey-entity-filtering-2.27.jar:/root/.m2/repository/com/google/inject/extensions/guice-assistedinject/4.0/guice-assistedinject-4.0.jar:/root/.m2/repository/org/jooq/jooq/3.11.10/jooq-3.11.10.jar:/root/.m2/repository/org/jooq/jooq-meta/3.11.10/jooq-meta-3.11.10.jar:/root/.m2/repository/org/jooq/jooq-codegen/3.11.10/jooq-codegen-3.11.10.jar:/root/.m2/repository/com/jolbox/bonecp/0.8.0.RELEASE/bonecp-0.8.0.RELEASE.jar:/root/.m2/repository/org/xerial/sqlite-jdbc/3.25.2/sqlite-jdbc-3.25.2.jar:/root/.m2/repository/org/springframework/spring-jdbc/5.1.3.RELEASE/spring-jdbc-5.1.3.RELEASE.jar:/root/.m2/repository/org/springframework/spring-beans/5.1.3.RELEASE/spring-beans-5.1.3.RELEASE.jar:/root/.m2/repository/org/springframework/spring-core/5.1.3.RELEASE/spring-core-5.1.3.RELEASE.jar:/root/.m2/repository/org/springframework/spring-jcl/5.1.3.RELEASE/spring-jcl-5.1.3.RELEASE.jar:/root/.m2/repository/org/springframework/spring-tx/5.1.3.RELEASE/spring-tx-5.1.3.RELEASE.jar:/root/.m2/repository/org/apache/hadoop/hadoop-ozone-client/0.5.0-SNAPSHOT/hadoop-ozone-client-0.5.0-SNAPSHOT.jar:/root/.m2/repository/org/apache/hadoop/hadoop-ozone-ozone-manager/0.5.0-SNAPSHOT/hadoop-ozone-ozone-manager-0.5.0-SNAPSHOT-tests.jar:/root/.m2/repository/junit/junit/4.11/junit-4.11.jar:/root/.m2/repository/org/hamcrest/hamcrest-core/1.3/hamcrest-core-1.3.jar:/root/.m2/repository/org/openjdk/jmh/jmh-core/1.19/jmh-core-1.19.jar:/root/.m2/repository/net/sf/jopt-simple/jopt-simple/4.6/jopt-simple-4.6.jar:/root/.m2/repository/org/apache/commons/commons-math3/3.1.1/commons-math3-3.1.1.jar:/root/.m2/repository/org/openjdk/jmh/jmh-generator-annprocess/1.19/jmh-generator-annprocess-1.19.jar:/root/.m2/repository/org/mockito/mockito-all/1.8.5/mockito-all-1.8.5.jar:/root/.m2/repository/org/apache/hadoop/hadoop-kms/3.2.0/hadoop-kms-3.2.0.jar:/root/.m2/repository/org/apache/hadoop/hadoop-auth/3.2.0/hadoop-auth-3.2.0.jar:/root/.m2/repository/com/nimbusds/nimbus-jose-jwt/4.41.1/nimbus-jose-jwt-4.41.1.jar:/root/.m2/repository/com/github/stephenc/jcip/jcip-annotations/1.0-1/jcip-annotations-1.0-1.jar:/root/.m2/repository/net/minidev/json-smart/2.3/json-smart-2.3.jar:/root/.m2/repository/net/minidev/accessors-smart/1.2/accessors-smart-1.2.jar:/root/.m2/repository/org/ow2/asm/asm/5.0.4/asm-5.0.4.jar:/root/.m2/repository/org/apache/curator/curator-framework/2.12.0/curator-framework-2.12.0.jar:/root/.m2/repository/com/sun/jersey/jersey-core/1.19/jersey-core-1.19.jar:/root/.m2/repository/javax/ws/rs/jsr311-api/1.1.1/jsr311-api-1.1.1.jar:/root/.m2/repository/com/sun/jersey/jersey-server/1.19/jersey-server-1.19.jar:/root/.m2/repository/javax/servlet/javax.servlet-api/3.1.0/javax.servlet-api-3.1.0.jar:/root/.m2/repository/org/eclipse/jetty/jetty-server/9.3.24.v20180605/jetty-server-9.3.24.v20180605.jar:/root/.m2/repository/org/eclipse/jetty/jetty-http/9.3.24.v20180605/jetty-http-9.3.24.v20180605.jar:/root/.m2/repository/org/eclipse/jetty/jetty-io/9.3.24.v20180605/jetty-io-9.3.24.v20180605.jar:/root/.m2/repository/org/eclipse/jetty/jetty-webapp/9.3.24.v20180605/jetty-webapp-9.3.24.v20180605.jar:/root/.m2/repository/org/eclipse/jetty/jetty-xml/9.3.24.v20180605/jetty-xml-9.3.24.v20180605.jar:/root/.m2/repository/log4j/log4j/1.2.17/log4j-1.2.17.jar:/root/.m2/repository/org/slf4j/slf4j-api/1.7.25/slf4j-api-1.7.25.jar:/root/.m2/repository/org/slf4j/jul-to-slf4j/1.7.25/jul-to-slf4j-1.7.25.jar:/root/.m2/repository/org/eclipse/jetty/jetty-util/9.3.24.v20180605/jetty-util-9.3.24.v20180605.jar:/root/.m2/repository/io/dropwizard/metrics/metrics-core/3.2.4/metrics-core-3.2.4.jar:/root/.m2/repository/com/fasterxml/jackson/core/jackson-databind/2.9.5/jackson-databind-2.9.5.jar:/root/.m2/repository/org/apache/hadoop/hadoop-kms/3.2.0/hadoop-kms-3.2.0-tests.jar:/root/.m2/repository/org/apache/hadoop/hadoop-hdds-server-scm/0.5.0-SNAPSHOT/hadoop-hdds-server-scm-0.5.0-SNAPSHOT-tests.jar:/root/.m2/repository/org/hamcrest/hamcrest-all/1.3/hamcrest-all-1.3.jar:/root/.m2/repository/info/picocli/picocli/3.9.6/picocli-3.9.6.jar:/root/.m2/repository/org/apache/hadoop/hadoop-hdds-container-service/0.5.0-SNAPSHOT/hadoop-hdds-container-service-0.5.0-SNAPSHOT-tests.jar:/root/.m2/repository/org/yaml/snakeyaml/1.16/snakeyaml-1.16.jar:/root/.m2/repository/org/apache/hadoop/hadoop-common/3.2.0/hadoop-common-3.2.0-tests.jar:/root/.m2/repository/org/apache/hadoop/hadoop-annotations/3.2.0/hadoop-annotations-3.2.0.jar:/usr/lib/jvm/java-1.8-openjdk/jre/../lib/tools.jar:/root/.m2/repository/commons-cli/commons-cli/1.2/commons-cli-1.2.jar:/root/.m2/repository/org/apache/httpcomponents/httpclient/4.5.2/httpclient-4.5.2.jar:/root/.m2/repository/org/apache/httpcomponents/httpcore/4.4.4/httpcore-4.4.4.jar:/root/.m2/repository/commons-codec/commons-codec/1.11/commons-codec-1.11.jar:/root/.m2/repository/commons-net/commons-net/3.6/commons-net-3.6.jar:/root/.m2/repository/commons-collections/commons-collections/3.2.2/commons-collections-3.2.2.jar:/root/.m2/repository/org/eclipse/jetty/jetty-servlet/9.3.24.v20180605/jetty-servlet-9.3.24.v20180605.jar:/root/.m2/repository/org/eclipse/jetty/jetty-security/9.3.24.v20180605/jetty-security-9.3.24.v20180605.jar:/root/.m2/repository/javax/servlet/jsp/jsp-api/2.1/jsp-api-2.1.jar:/root/.m2/repository/com/sun/jersey/jersey-servlet/1.19/jersey-servlet-1.19.jar:/root/.m2/repository/com/sun/jersey/jersey-json/1.19/jersey-json-1.19.jar:/root/.m2/repository/org/codehaus/jettison/jettison/1.1/jettison-1.1.jar:/root/.m2/repository/org/codehaus/jackson/jackson-core-asl/1.9.13/jackson-core-asl-1.9.13.jar:/root/.m2/repository/org/codehaus/jackson/jackson-mapper-asl/1.9.13/jackson-mapper-asl-1.9.13.jar:/root/.m2/repository/org/codehaus/jackson/jackson-jaxrs/1.9.13/jackson-jaxrs-1.9.13.jar:/root/.m2/repository/org/codehaus/jackson/jackson-xc/1.9.13/jackson-xc-1.9.13.jar:/root/.m2/repository/commons-logging/commons-logging/1.1.3/commons-logging-1.1.3.jar:/root/.m2/repository/commons-beanutils/commons-beanutils/1.9.3/commons-beanutils-1.9.3.jar:/root/.m2/repository/org/apache/commons/commons-configuration2/2.1.1/commons-configuration2-2.1.1.jar:/root/.m2/repository/org/apache/commons/commons-lang3/3.7/commons-lang3-3.7.jar:/root/.m2/repository/org/apache/commons/commons-text/1.4/commons-text-1.4.jar:/root/.m2/repository/org/apache/avro/avro/1.7.7/avro-1.7.7.jar:/root/.m2/repository/com/thoughtworks/paranamer/paranamer/2.3/paranamer-2.3.jar:/root/.m2/repository/org/xerial/snappy/snappy-java/1.0.5/snappy-java-1.0.5.jar:/root/.m2/repository/com/google/re2j/re2j/1.1/re2j-1.1.jar:/root/.m2/repository/com/google/code/gson/gson/2.2.4/gson-2.2.4.jar:/root/.m2/repository/com/jcraft/jsch/0.1.54/jsch-0.1.54.jar:/root/.m2/repository/org/apache/curator/curator-client/2.12.0/curator-client-2.12.0.jar:/root/.m2/repository/org/apache/curator/curator-recipes/2.12.0/curator-recipes-2.12.0.jar:/root/.m2/repository/com/google/code/findbugs/jsr305/3.0.0/jsr305-3.0.0.jar:/root/.m2/repository/org/apache/htrace/htrace-core4/4.1.0-incubating/htrace-core4-4.1.0-incubating.jar:/root/.m2/repository/org/apache/zookeeper/zookeeper/3.4.13/zookeeper-3.4.13.jar:/root/.m2/repository/org/apache/yetus/audience-annotations/0.5.0/audience-annotations-0.5.0.jar:/root/.m2/repository/org/codehaus/woodstox/stax2-api/3.1.4/stax2-api-3.1.4.jar:/root/.m2/repository/com/fasterxml/woodstox/woodstox-core/5.0.3/woodstox-core-5.0.3.jar:/root/.m2/repository/dnsjava/dnsjava/2.1.7/dnsjava-2.1.7.jar:/root/.m2/repository/org/apache/hadoop/hadoop-hdfs/3.2.0/hadoop-hdfs-3.2.0-tests.jar:/root/.m2/repository/org/eclipse/jetty/jetty-util-ajax/9.3.24.v20180605/jetty-util-ajax-9.3.24.v20180605.jar:/root/.m2/repository/commons-daemon/commons-daemon/1.0.13/commons-daemon-1.0.13.jar:/root/.m2/repository/io/netty/netty/3.10.5.Final/netty-3.10.5.Final.jar:/root/.m2/repository/io/netty/netty-all/4.0.52.Final/netty-all-4.0.52.Final.jar:/root/.m2/repository/org/fusesource/leveldbjni/leveldbjni-all/1.8/leveldbjni-all-1.8.jar:"/>
    <property name="java.vm.vendor" value="IcedTea"/>
    <property name="sun.arch.data.model" value="64"/>
    <property name="test.build.dir" value="/opt/src/hadoop-ozone/integration-test/target/test-dir"/>
    <property name="test.cache.data" value=""/>
    <property name="java.vendor.url" value="https://icedtea.classpath.org"/>
    <property name="user.timezone" value=""/>
    <property name="java.vm.specification.version" value="1.8"/>
    <property name="os.name" value="Linux"/>
    <property name="test.build.data" value="/opt/src/hadoop-ozone/integration-test/target/test-dir"/>
    <property name="user.country" value="US"/>
    <property name="sun.java.launcher" value="SUN_STANDARD"/>
    <property name="sun.boot.library.path" value="/usr/lib/jvm/java-1.8-openjdk/jre/lib/amd64"/>
    <property name="sun.java.command" value="/opt/src/hadoop-ozone/integration-test/target/surefire/surefirebooter8818816223742254688.jar /opt/src/hadoop-ozone/integration-test/target/surefire 2019-06-13T15-21-59_401-jvmRun1 surefire2092837232493108397tmp surefire_211064432774833043441tmp"/>
    <property name="surefire.test.class.path" value="/opt/src/hadoop-ozone/integration-test/target/test-classes:/opt/src/hadoop-ozone/integration-test/target/classes:/root/.m2/repository/org/apache/hadoop/hadoop-ozone-common/0.5.0-SNAPSHOT/hadoop-ozone-common-0.5.0-SNAPSHOT.jar:/root/.m2/repository/org/apache/commons/commons-compress/1.4.1/commons-compress-1.4.1.jar:/root/.m2/repository/org/tukaani/xz/1.0/xz-1.0.jar:/root/.m2/repository/org/apache/hadoop/hadoop-common/3.2.0/hadoop-common-3.2.0.jar:/root/.m2/repository/org/apache/hadoop/hadoop-hdfs/3.2.0/hadoop-hdfs-3.2.0.jar:/root/.m2/repository/org/apache/hadoop/hadoop-hdfs-client/3.2.0/hadoop-hdfs-client-3.2.0.jar:/root/.m2/repository/com/fasterxml/jackson/core/jackson-annotations/2.9.5/jackson-annotations-2.9.5.jar:/root/.m2/repository/org/apache/hadoop/hadoop-hdds-common/0.5.0-SNAPSHOT/hadoop-hdds-common-0.5.0-SNAPSHOT.jar:/root/.m2/repository/javax/annotation/javax.annotation-api/1.2/javax.annotation-api-1.2.jar:/root/.m2/repository/org/apache/ratis/ratis-server/0.4.0-fe2b15d-SNAPSHOT/ratis-server-0.4.0-fe2b15d-SNAPSHOT.jar:/root/.m2/repository/org/apache/ratis/ratis-thirdparty-misc/0.2.0/ratis-thirdparty-misc-0.2.0.jar:/root/.m2/repository/org/apache/ratis/ratis-proto/0.4.0-fe2b15d-SNAPSHOT/ratis-proto-0.4.0-fe2b15d-SNAPSHOT.jar:/root/.m2/repository/org/apache/ratis/ratis-common/0.4.0-fe2b15d-SNAPSHOT/ratis-common-0.4.0-fe2b15d-SNAPSHOT.jar:/root/.m2/repository/org/apache/ratis/ratis-client/0.4.0-fe2b15d-SNAPSHOT/ratis-client-0.4.0-fe2b15d-SNAPSHOT.jar:/root/.m2/repository/org/apache/ratis/ratis-netty/0.4.0-fe2b15d-SNAPSHOT/ratis-netty-0.4.0-fe2b15d-SNAPSHOT.jar:/root/.m2/repository/org/apache/ratis/ratis-grpc/0.4.0-fe2b15d-SNAPSHOT/ratis-grpc-0.4.0-fe2b15d-SNAPSHOT.jar:/root/.m2/repository/org/rocksdb/rocksdbjni/5.14.2/rocksdbjni-5.14.2.jar:/root/.m2/repository/org/apache/logging/log4j/log4j-api/2.11.0/log4j-api-2.11.0.jar:/root/.m2/repository/org/apache/logging/log4j/log4j-core/2.11.0/log4j-core-2.11.0.jar:/root/.m2/repository/com/lmax/disruptor/3.4.2/disruptor-3.4.2.jar:/root/.m2/repository/org/apache/commons/commons-pool2/2.6.0/commons-pool2-2.6.0.jar:/root/.m2/repository/org/bouncycastle/bcpkix-jdk15on/1.60/bcpkix-jdk15on-1.60.jar:/root/.m2/repository/commons-validator/commons-validator/1.6/commons-validator-1.6.jar:/root/.m2/repository/commons-digester/commons-digester/1.8.1/commons-digester-1.8.1.jar:/root/.m2/repository/io/jaegertracing/jaeger-client/0.33.1/jaeger-client-0.33.1.jar:/root/.m2/repository/io/jaegertracing/jaeger-thrift/0.33.1/jaeger-thrift-0.33.1.jar:/root/.m2/repository/org/apache/thrift/libthrift/0.11.0/libthrift-0.11.0.jar:/root/.m2/repository/com/squareup/okhttp3/okhttp/3.9.0/okhttp-3.9.0.jar:/root/.m2/repository/com/squareup/okio/okio/1.13.0/okio-1.13.0.jar:/root/.m2/repository/io/jaegertracing/jaeger-core/0.33.1/jaeger-core-0.33.1.jar:/root/.m2/repository/io/jaegertracing/jaeger-tracerresolver/0.33.1/jaeger-tracerresolver-0.33.1.jar:/root/.m2/repository/io/opentracing/contrib/opentracing-tracerresolver/0.1.5/opentracing-tracerresolver-0.1.5.jar:/root/.m2/repository/io/opentracing/opentracing-util/0.31.0/opentracing-util-0.31.0.jar:/root/.m2/repository/io/opentracing/opentracing-api/0.31.0/opentracing-api-0.31.0.jar:/root/.m2/repository/io/opentracing/opentracing-noop/0.31.0/opentracing-noop-0.31.0.jar:/root/.m2/repository/org/apache/hadoop/hadoop-hdds-server-framework/0.5.0-SNAPSHOT/hadoop-hdds-server-framework-0.5.0-SNAPSHOT.jar:/root/.m2/repository/org/apache/hadoop/hadoop-hdds-server-scm/0.5.0-SNAPSHOT/hadoop-hdds-server-scm-0.5.0-SNAPSHOT.jar:/root/.m2/repository/org/apache/hadoop/hadoop-hdds-container-service/0.5.0-SNAPSHOT/hadoop-hdds-container-service-0.5.0-SNAPSHOT.jar:/root/.m2/repository/org/apache/hadoop/hadoop-hdds-client/0.5.0-SNAPSHOT/hadoop-hdds-client-0.5.0-SNAPSHOT.jar:/root/.m2/repository/org/apache/hadoop/hadoop-hdds-tools/0.5.0-SNAPSHOT/hadoop-hdds-tools-0.5.0-SNAPSHOT.jar:/root/.m2/repository/org/apache/hadoop/hadoop-ozone-ozone-manager/0.5.0-SNAPSHOT/hadoop-ozone-ozone-manager-0.5.0-SNAPSHOT.jar:/root/.m2/repository/org/apache/hadoop/hadoop-hdds-docs/0.5.0-SNAPSHOT/hadoop-hdds-docs-0.5.0-SNAPSHOT.jar:/root/.m2/repository/org/bouncycastle/bcprov-jdk15on/1.60/bcprov-jdk15on-1.60.jar:/root/.m2/repository/org/apache/hadoop/hadoop-minikdc/3.2.0/hadoop-minikdc-3.2.0.jar:/root/.m2/repository/commons-io/commons-io/2.5/commons-io-2.5.jar:/root/.m2/repository/org/apache/kerby/kerb-simplekdc/1.0.1/kerb-simplekdc-1.0.1.jar:/root/.m2/repository/org/apache/kerby/kerb-client/1.0.1/kerb-client-1.0.1.jar:/root/.m2/repository/org/apache/kerby/kerby-config/1.0.1/kerby-config-1.0.1.jar:/root/.m2/repository/org/apache/kerby/kerb-core/1.0.1/kerb-core-1.0.1.jar:/root/.m2/repository/org/apache/kerby/kerby-pkix/1.0.1/kerby-pkix-1.0.1.jar:/root/.m2/repository/org/apache/kerby/kerby-asn1/1.0.1/kerby-asn1-1.0.1.jar:/root/.m2/repository/org/apache/kerby/kerby-util/1.0.1/kerby-util-1.0.1.jar:/root/.m2/repository/org/apache/kerby/kerb-common/1.0.1/kerb-common-1.0.1.jar:/root/.m2/repository/org/apache/kerby/kerb-crypto/1.0.1/kerb-crypto-1.0.1.jar:/root/.m2/repository/org/apache/kerby/kerb-util/1.0.1/kerb-util-1.0.1.jar:/root/.m2/repository/org/apache/kerby/token-provider/1.0.1/token-provider-1.0.1.jar:/root/.m2/repository/org/apache/kerby/kerb-admin/1.0.1/kerb-admin-1.0.1.jar:/root/.m2/repository/org/apache/kerby/kerb-server/1.0.1/kerb-server-1.0.1.jar:/root/.m2/repository/org/apache/kerby/kerb-identity/1.0.1/kerb-identity-1.0.1.jar:/root/.m2/repository/org/apache/kerby/kerby-xdr/1.0.1/kerby-xdr-1.0.1.jar:/root/.m2/repository/org/slf4j/slf4j-log4j12/1.7.25/slf4j-log4j12-1.7.25.jar:/root/.m2/repository/org/apache/hadoop/hadoop-ozone-objectstore-service/0.5.0-SNAPSHOT/hadoop-ozone-objectstore-service-0.5.0-SNAPSHOT.jar:/root/.m2/repository/org/apache/hadoop/hadoop-ozone-s3gateway/0.5.0-SNAPSHOT/hadoop-ozone-s3gateway-0.5.0-SNAPSHOT.jar:/root/.m2/repository/org/jboss/weld/servlet/weld-servlet/2.4.7.Final/weld-servlet-2.4.7.Final.jar:/root/.m2/repository/org/glassfish/jersey/containers/jersey-container-servlet-core/2.27/jersey-container-servlet-core-2.27.jar:/root/.m2/repository/org/glassfish/hk2/external/javax.inject/2.5.0-b42/javax.inject-2.5.0-b42.jar:/root/.m2/repository/org/glassfish/jersey/core/jersey-common/2.27/jersey-common-2.27.jar:/root/.m2/repository/org/glassfish/hk2/osgi-resource-locator/1.0.1/osgi-resource-locator-1.0.1.jar:/root/.m2/repository/javax/ws/rs/javax.ws.rs-api/2.1/javax.ws.rs-api-2.1.jar:/root/.m2/repository/org/glassfish/jersey/ext/cdi/jersey-cdi1x/2.27/jersey-cdi1x-2.27.jar:/root/.m2/repository/org/glassfish/jersey/inject/jersey-hk2/2.27/jersey-hk2-2.27.jar:/root/.m2/repository/org/glassfish/hk2/hk2-locator/2.5.0-b42/hk2-locator-2.5.0-b42.jar:/root/.m2/repository/org/javassist/javassist/3.22.0-CR2/javassist-3.22.0-CR2.jar:/root/.m2/repository/org/glassfish/hk2/hk2-api/2.5.0/hk2-api-2.5.0.jar:/root/.m2/repository/org/glassfish/hk2/external/jakarta.inject/2.5.0/jakarta.inject-2.5.0.jar:/root/.m2/repository/org/glassfish/hk2/hk2-utils/2.5.0/hk2-utils-2.5.0.jar:/root/.m2/repository/jakarta/annotation/jakarta.annotation-api/1.3.4/jakarta.annotation-api-1.3.4.jar:/root/.m2/repository/org/glassfish/hk2/external/aopalliance-repackaged/2.5.0/aopalliance-repackaged-2.5.0.jar:/root/.m2/repository/com/fasterxml/jackson/dataformat/jackson-dataformat-xml/2.9.0/jackson-dataformat-xml-2.9.0.jar:/root/.m2/repository/com/fasterxml/jackson/core/jackson-core/2.9.5/jackson-core-2.9.5.jar:/root/.m2/repository/com/fasterxml/jackson/module/jackson-module-jaxb-annotations/2.9.5/jackson-module-jaxb-annotations-2.9.5.jar:/root/.m2/repository/javax/enterprise/cdi-api/1.2/cdi-api-1.2.jar:/root/.m2/repository/javax/el/javax.el-api/3.0.0/javax.el-api-3.0.0.jar:/root/.m2/repository/javax/interceptor/javax.interceptor-api/1.2/javax.interceptor-api-1.2.jar:/root/.m2/repository/javax/inject/javax.inject/1/javax.inject-1.jar:/root/.m2/repository/com/sun/xml/bind/jaxb-impl/2.3.0.1/jaxb-impl-2.3.0.1.jar:/root/.m2/repository/com/sun/xml/bind/jaxb-core/2.3.0.1/jaxb-core-2.3.0.1.jar:/root/.m2/repository/javax/xml/bind/jaxb-api/2.3.0/jaxb-api-2.3.0.jar:/root/.m2/repository/javax/activation/activation/1.1.1/activation-1.1.1.jar:/root/.m2/repository/org/apache/hadoop/hadoop-ozone-csi/0.5.0-SNAPSHOT/hadoop-ozone-csi-0.5.0-SNAPSHOT.jar:/root/.m2/repository/com/google/protobuf/protobuf-java-util/3.5.1/protobuf-java-util-3.5.1.jar:/root/.m2/repository/org/apache/hadoop/hadoop-hdds-config/0.5.0-SNAPSHOT/hadoop-hdds-config-0.5.0-SNAPSHOT.jar:/root/.m2/repository/com/google/guava/guava/11.0.2/guava-11.0.2.jar:/root/.m2/repository/com/google/protobuf/protobuf-java/2.5.0/protobuf-java-2.5.0.jar:/root/.m2/repository/io/grpc/grpc-netty/1.17.1/grpc-netty-1.17.1.jar:/root/.m2/repository/io/grpc/grpc-core/1.17.1/grpc-core-1.17.1.jar:/root/.m2/repository/io/grpc/grpc-context/1.17.1/grpc-context-1.17.1.jar:/root/.m2/repository/com/google/errorprone/error_prone_annotations/2.2.0/error_prone_annotations-2.2.0.jar:/root/.m2/repository/org/codehaus/mojo/animal-sniffer-annotations/1.17/animal-sniffer-annotations-1.17.jar:/root/.m2/repository/io/opencensus/opencensus-api/0.17.0/opencensus-api-0.17.0.jar:/root/.m2/repository/io/opencensus/opencensus-contrib-grpc-metrics/0.17.0/opencensus-contrib-grpc-metrics-0.17.0.jar:/root/.m2/repository/io/netty/netty-codec-http2/4.1.30.Final/netty-codec-http2-4.1.30.Final.jar:/root/.m2/repository/io/netty/netty-codec-http/4.1.30.Final/netty-codec-http-4.1.30.Final.jar:/root/.m2/repository/io/netty/netty-codec/4.1.30.Final/netty-codec-4.1.30.Final.jar:/root/.m2/repository/io/netty/netty-handler/4.1.30.Final/netty-handler-4.1.30.Final.jar:/root/.m2/repository/io/netty/netty-handler-proxy/4.1.30.Final/netty-handler-proxy-4.1.30.Final.jar:/root/.m2/repository/io/netty/netty-codec-socks/4.1.30.Final/netty-codec-socks-4.1.30.Final.jar:/root/.m2/repository/io/netty/netty-transport-native-epoll/4.1.30.Final/netty-transport-native-epoll-4.1.30.Final.jar:/root/.m2/repository/io/netty/netty-common/4.1.30.Final/netty-common-4.1.30.Final.jar:/root/.m2/repository/io/netty/netty-buffer/4.1.30.Final/netty-buffer-4.1.30.Final.jar:/root/.m2/repository/io/netty/netty-transport/4.1.30.Final/netty-transport-4.1.30.Final.jar:/root/.m2/repository/io/netty/netty-resolver/4.1.30.Final/netty-resolver-4.1.30.Final.jar:/root/.m2/repository/io/netty/netty-transport-native-unix-common/4.1.30.Final/netty-transport-native-unix-common-4.1.30.Final.jar:/root/.m2/repository/io/grpc/grpc-protobuf/1.17.1/grpc-protobuf-1.17.1.jar:/root/.m2/repository/com/google/api/grpc/proto-google-common-protos/1.0.0/proto-google-common-protos-1.0.0.jar:/root/.m2/repository/io/grpc/grpc-protobuf-lite/1.17.1/grpc-protobuf-lite-1.17.1.jar:/root/.m2/repository/io/grpc/grpc-stub/1.17.1/grpc-stub-1.17.1.jar:/root/.m2/repository/org/apache/hadoop/hadoop-ozone-recon/0.5.0-SNAPSHOT/hadoop-ozone-recon-0.5.0-SNAPSHOT.jar:/root/.m2/repository/org/apache/hadoop/hadoop-ozone-reconcodegen/0.5.0-SNAPSHOT/hadoop-ozone-reconcodegen-0.5.0-SNAPSHOT.jar:/root/.m2/repository/com/google/inject/extensions/guice-multibindings/4.0/guice-multibindings-4.0.jar:/root/.m2/repository/com/google/inject/guice/4.0/guice-4.0.jar:/root/.m2/repository/aopalliance/aopalliance/1.0/aopalliance-1.0.jar:/root/.m2/repository/com/google/inject/extensions/guice-servlet/4.0/guice-servlet-4.0.jar:/root/.m2/repository/org/glassfish/jersey/containers/jersey-container-servlet/2.27/jersey-container-servlet-2.27.jar:/root/.m2/repository/org/glassfish/hk2/guice-bridge/2.5.0/guice-bridge-2.5.0.jar:/root/.m2/repository/org/glassfish/jersey/core/jersey-server/2.27/jersey-server-2.27.jar:/root/.m2/repository/org/glassfish/jersey/core/jersey-client/2.27/jersey-client-2.27.jar:/root/.m2/repository/org/glassfish/jersey/media/jersey-media-jaxb/2.27/jersey-media-jaxb-2.27.jar:/root/.m2/repository/javax/validation/validation-api/1.1.0.Final/validation-api-1.1.0.Final.jar:/root/.m2/repository/org/glassfish/jersey/media/jersey-media-json-jackson/2.27/jersey-media-json-jackson-2.27.jar:/root/.m2/repository/org/glassfish/jersey/ext/jersey-entity-filtering/2.27/jersey-entity-filtering-2.27.jar:/root/.m2/repository/com/google/inject/extensions/guice-assistedinject/4.0/guice-assistedinject-4.0.jar:/root/.m2/repository/org/jooq/jooq/3.11.10/jooq-3.11.10.jar:/root/.m2/repository/org/jooq/jooq-meta/3.11.10/jooq-meta-3.11.10.jar:/root/.m2/repository/org/jooq/jooq-codegen/3.11.10/jooq-codegen-3.11.10.jar:/root/.m2/repository/com/jolbox/bonecp/0.8.0.RELEASE/bonecp-0.8.0.RELEASE.jar:/root/.m2/repository/org/xerial/sqlite-jdbc/3.25.2/sqlite-jdbc-3.25.2.jar:/root/.m2/repository/org/springframework/spring-jdbc/5.1.3.RELEASE/spring-jdbc-5.1.3.RELEASE.jar:/root/.m2/repository/org/springframework/spring-beans/5.1.3.RELEASE/spring-beans-5.1.3.RELEASE.jar:/root/.m2/repository/org/springframework/spring-core/5.1.3.RELEASE/spring-core-5.1.3.RELEASE.jar:/root/.m2/repository/org/springframework/spring-jcl/5.1.3.RELEASE/spring-jcl-5.1.3.RELEASE.jar:/root/.m2/repository/org/springframework/spring-tx/5.1.3.RELEASE/spring-tx-5.1.3.RELEASE.jar:/root/.m2/repository/org/apache/hadoop/hadoop-ozone-client/0.5.0-SNAPSHOT/hadoop-ozone-client-0.5.0-SNAPSHOT.jar:/root/.m2/repository/org/apache/hadoop/hadoop-ozone-ozone-manager/0.5.0-SNAPSHOT/hadoop-ozone-ozone-manager-0.5.0-SNAPSHOT-tests.jar:/root/.m2/repository/junit/junit/4.11/junit-4.11.jar:/root/.m2/repository/org/hamcrest/hamcrest-core/1.3/hamcrest-core-1.3.jar:/root/.m2/repository/org/openjdk/jmh/jmh-core/1.19/jmh-core-1.19.jar:/root/.m2/repository/net/sf/jopt-simple/jopt-simple/4.6/jopt-simple-4.6.jar:/root/.m2/repository/org/apache/commons/commons-math3/3.1.1/commons-math3-3.1.1.jar:/root/.m2/repository/org/openjdk/jmh/jmh-generator-annprocess/1.19/jmh-generator-annprocess-1.19.jar:/root/.m2/repository/org/mockito/mockito-all/1.8.5/mockito-all-1.8.5.jar:/root/.m2/repository/org/apache/hadoop/hadoop-kms/3.2.0/hadoop-kms-3.2.0.jar:/root/.m2/repository/org/apache/hadoop/hadoop-auth/3.2.0/hadoop-auth-3.2.0.jar:/root/.m2/repository/com/nimbusds/nimbus-jose-jwt/4.41.1/nimbus-jose-jwt-4.41.1.jar:/root/.m2/repository/com/github/stephenc/jcip/jcip-annotations/1.0-1/jcip-annotations-1.0-1.jar:/root/.m2/repository/net/minidev/json-smart/2.3/json-smart-2.3.jar:/root/.m2/repository/net/minidev/accessors-smart/1.2/accessors-smart-1.2.jar:/root/.m2/repository/org/ow2/asm/asm/5.0.4/asm-5.0.4.jar:/root/.m2/repository/org/apache/curator/curator-framework/2.12.0/curator-framework-2.12.0.jar:/root/.m2/repository/com/sun/jersey/jersey-core/1.19/jersey-core-1.19.jar:/root/.m2/repository/javax/ws/rs/jsr311-api/1.1.1/jsr311-api-1.1.1.jar:/root/.m2/repository/com/sun/jersey/jersey-server/1.19/jersey-server-1.19.jar:/root/.m2/repository/javax/servlet/javax.servlet-api/3.1.0/javax.servlet-api-3.1.0.jar:/root/.m2/repository/org/eclipse/jetty/jetty-server/9.3.24.v20180605/jetty-server-9.3.24.v20180605.jar:/root/.m2/repository/org/eclipse/jetty/jetty-http/9.3.24.v20180605/jetty-http-9.3.24.v20180605.jar:/root/.m2/repository/org/eclipse/jetty/jetty-io/9.3.24.v20180605/jetty-io-9.3.24.v20180605.jar:/root/.m2/repository/org/eclipse/jetty/jetty-webapp/9.3.24.v20180605/jetty-webapp-9.3.24.v20180605.jar:/root/.m2/repository/org/eclipse/jetty/jetty-xml/9.3.24.v20180605/jetty-xml-9.3.24.v20180605.jar:/root/.m2/repository/log4j/log4j/1.2.17/log4j-1.2.17.jar:/root/.m2/repository/org/slf4j/slf4j-api/1.7.25/slf4j-api-1.7.25.jar:/root/.m2/repository/org/slf4j/jul-to-slf4j/1.7.25/jul-to-slf4j-1.7.25.jar:/root/.m2/repository/org/eclipse/jetty/jetty-util/9.3.24.v20180605/jetty-util-9.3.24.v20180605.jar:/root/.m2/repository/io/dropwizard/metrics/metrics-core/3.2.4/metrics-core-3.2.4.jar:/root/.m2/repository/com/fasterxml/jackson/core/jackson-databind/2.9.5/jackson-databind-2.9.5.jar:/root/.m2/repository/org/apache/hadoop/hadoop-kms/3.2.0/hadoop-kms-3.2.0-tests.jar:/root/.m2/repository/org/apache/hadoop/hadoop-hdds-server-scm/0.5.0-SNAPSHOT/hadoop-hdds-server-scm-0.5.0-SNAPSHOT-tests.jar:/root/.m2/repository/org/hamcrest/hamcrest-all/1.3/hamcrest-all-1.3.jar:/root/.m2/repository/info/picocli/picocli/3.9.6/picocli-3.9.6.jar:/root/.m2/repository/org/apache/hadoop/hadoop-hdds-container-service/0.5.0-SNAPSHOT/hadoop-hdds-container-service-0.5.0-SNAPSHOT-tests.jar:/root/.m2/repository/org/yaml/snakeyaml/1.16/snakeyaml-1.16.jar:/root/.m2/repository/org/apache/hadoop/hadoop-common/3.2.0/hadoop-common-3.2.0-tests.jar:/root/.m2/repository/org/apache/hadoop/hadoop-annotations/3.2.0/hadoop-annotations-3.2.0.jar:/usr/lib/jvm/java-1.8-openjdk/jre/../lib/tools.jar:/root/.m2/repository/commons-cli/commons-cli/1.2/commons-cli-1.2.jar:/root/.m2/repository/org/apache/httpcomponents/httpclient/4.5.2/httpclient-4.5.2.jar:/root/.m2/repository/org/apache/httpcomponents/httpcore/4.4.4/httpcore-4.4.4.jar:/root/.m2/repository/commons-codec/commons-codec/1.11/commons-codec-1.11.jar:/root/.m2/repository/commons-net/commons-net/3.6/commons-net-3.6.jar:/root/.m2/repository/commons-collections/commons-collections/3.2.2/commons-collections-3.2.2.jar:/root/.m2/repository/org/eclipse/jetty/jetty-servlet/9.3.24.v20180605/jetty-servlet-9.3.24.v20180605.jar:/root/.m2/repository/org/eclipse/jetty/jetty-security/9.3.24.v20180605/jetty-security-9.3.24.v20180605.jar:/root/.m2/repository/javax/servlet/jsp/jsp-api/2.1/jsp-api-2.1.jar:/root/.m2/repository/com/sun/jersey/jersey-servlet/1.19/jersey-servlet-1.19.jar:/root/.m2/repository/com/sun/jersey/jersey-json/1.19/jersey-json-1.19.jar:/root/.m2/repository/org/codehaus/jettison/jettison/1.1/jettison-1.1.jar:/root/.m2/repository/org/codehaus/jackson/jackson-core-asl/1.9.13/jackson-core-asl-1.9.13.jar:/root/.m2/repository/org/codehaus/jackson/jackson-mapper-asl/1.9.13/jackson-mapper-asl-1.9.13.jar:/root/.m2/repository/org/codehaus/jackson/jackson-jaxrs/1.9.13/jackson-jaxrs-1.9.13.jar:/root/.m2/repository/org/codehaus/jackson/jackson-xc/1.9.13/jackson-xc-1.9.13.jar:/root/.m2/repository/commons-logging/commons-logging/1.1.3/commons-logging-1.1.3.jar:/root/.m2/repository/commons-beanutils/commons-beanutils/1.9.3/commons-beanutils-1.9.3.jar:/root/.m2/repository/org/apache/commons/commons-configuration2/2.1.1/commons-configuration2-2.1.1.jar:/root/.m2/repository/org/apache/commons/commons-lang3/3.7/commons-lang3-3.7.jar:/root/.m2/repository/org/apache/commons/commons-text/1.4/commons-text-1.4.jar:/root/.m2/repository/org/apache/avro/avro/1.7.7/avro-1.7.7.jar:/root/.m2/repository/com/thoughtworks/paranamer/paranamer/2.3/paranamer-2.3.jar:/root/.m2/repository/org/xerial/snappy/snappy-java/1.0.5/snappy-java-1.0.5.jar:/root/.m2/repository/com/google/re2j/re2j/1.1/re2j-1.1.jar:/root/.m2/repository/com/google/code/gson/gson/2.2.4/gson-2.2.4.jar:/root/.m2/repository/com/jcraft/jsch/0.1.54/jsch-0.1.54.jar:/root/.m2/repository/org/apache/curator/curator-client/2.12.0/curator-client-2.12.0.jar:/root/.m2/repository/org/apache/curator/curator-recipes/2.12.0/curator-recipes-2.12.0.jar:/root/.m2/repository/com/google/code/findbugs/jsr305/3.0.0/jsr305-3.0.0.jar:/root/.m2/repository/org/apache/htrace/htrace-core4/4.1.0-incubating/htrace-core4-4.1.0-incubating.jar:/root/.m2/repository/org/apache/zookeeper/zookeeper/3.4.13/zookeeper-3.4.13.jar:/root/.m2/repository/org/apache/yetus/audience-annotations/0.5.0/audience-annotations-0.5.0.jar:/root/.m2/repository/org/codehaus/woodstox/stax2-api/3.1.4/stax2-api-3.1.4.jar:/root/.m2/repository/com/fasterxml/woodstox/woodstox-core/5.0.3/woodstox-core-5.0.3.jar:/root/.m2/repository/dnsjava/dnsjava/2.1.7/dnsjava-2.1.7.jar:/root/.m2/repository/org/apache/hadoop/hadoop-hdfs/3.2.0/hadoop-hdfs-3.2.0-tests.jar:/root/.m2/repository/org/eclipse/jetty/jetty-util-ajax/9.3.24.v20180605/jetty-util-ajax-9.3.24.v20180605.jar:/root/.m2/repository/commons-daemon/commons-daemon/1.0.13/commons-daemon-1.0.13.jar:/root/.m2/repository/io/netty/netty/3.10.5.Final/netty-3.10.5.Final.jar:/root/.m2/repository/io/netty/netty-all/4.0.52.Final/netty-all-4.0.52.Final.jar:/root/.m2/repository/org/fusesource/leveldbjni/leveldbjni-all/1.8/leveldbjni-all-1.8.jar:"/>
    <property name="sun.cpu.endian" value="little"/>
    <property name="user.home" value="/root"/>
    <property name="user.language" value="en"/>
    <property name="java.specification.vendor" value="Oracle Corporation"/>
    <property name="java.home" value="/usr/lib/jvm/java-1.8-openjdk/jre"/>
    <property name="java.security.krb5.conf" value="/opt/src/hadoop-ozone/integration-test/target/test-classes/krb5.conf"/>
    <property name="basedir" value="/opt/src/hadoop-ozone/integration-test"/>
    <property name="file.separator" value="/"/>
    <property name="line.separator" value="&#10;"/>
    <property name="java.vm.specification.vendor" value="Oracle Corporation"/>
    <property name="java.specification.name" value="Java Platform API Specification"/>
    <property name="java.awt.graphicsenv" value="sun.awt.X11GraphicsEnvironment"/>
    <property name="surefire.real.class.path" value="/opt/src/hadoop-ozone/integration-test/target/surefire/surefirebooter8818816223742254688.jar"/>
    <property name="hadoop.log.dir" value="/opt/src/hadoop-ozone/integration-test/target/log"/>
    <property name="sun.boot.class.path" value="/usr/lib/jvm/java-1.8-openjdk/jre/lib/resources.jar:/usr/lib/jvm/java-1.8-openjdk/jre/lib/rt.jar:/usr/lib/jvm/java-1.8-openjdk/jre/lib/sunrsasign.jar:/usr/lib/jvm/java-1.8-openjdk/jre/lib/jsse.jar:/usr/lib/jvm/java-1.8-openjdk/jre/lib/jce.jar:/usr/lib/jvm/java-1.8-openjdk/jre/lib/charsets.jar:/usr/lib/jvm/java-1.8-openjdk/jre/lib/jfr.jar:/usr/lib/jvm/java-1.8-openjdk/jre/classes"/>
    <property name="sun.management.compiler" value="HotSpot 64-Bit Tiered Compilers"/>
    <property name="java.runtime.version" value="1.8.0_212-b04"/>
    <property name="java.net.preferIPv4Stack" value="true"/>
    <property name="user.name" value="root"/>
    <property name="path.separator" value=":"/>
    <property name="java.security.egd" value="file:///dev/urandom"/>
    <property name="os.version" value="4.15.0-1021-aws"/>
    <property name="java.endorsed.dirs" value="/usr/lib/jvm/java-1.8-openjdk/jre/lib/endorsed"/>
    <property name="java.runtime.name" value="OpenJDK Runtime Environment"/>
    <property name="file.encoding" value="UTF-8"/>
    <property name="java.vm.name" value="OpenJDK 64-Bit Server VM"/>
    <property name="test.build.webapps" value=""/>
    <property name="localRepository" value="/root/.m2/repository"/>
    <property name="java.vendor.url.bug" value="https://icedtea.classpath.org/bugzilla"/>
    <property name="java.io.tmpdir" value="/tmp"/>
    <property name="require.test.libhadoop" value=""/>
    <property name="java.version" value="1.8.0_212"/>
    <property name="user.dir" value="/opt/src/hadoop-ozone/integration-test"/>
    <property name="os.arch" value="amd64"/>
    <property name="java.vm.specification.name" value="Java Virtual Machine Specification"/>
    <property name="test.build.classes" value="/opt/src/hadoop-ozone/integration-test/target/test-classes"/>
    <property name="java.awt.printerjob" value="sun.print.PSPrinterJob"/>
    <property name="sun.os.patch.level" value="unknown"/>
    <property name="hadoop.tmp.dir" value="/opt/src/hadoop-ozone/integration-test/target/tmp"/>
    <property name="java.library.path" value="/usr/lib/jvm/java-1.8-openjdk/jre/lib/amd64/server:/usr/lib/jvm/java-1.8-openjdk/jre/lib/amd64:/usr/lib/jvm/java-1.8-openjdk/jre/../lib/amd64:/opt/src/hadoop-ozone/integration-test/target/native/target/usr/local/lib:/opt/src/hadoop-ozone/integration-test/../../hadoop-common-project/hadoop-common/target/native/target/usr/local/lib:/usr/java/packages/lib/amd64:/usr/lib64:/lib64:/lib:/usr/lib"/>
    <property name="java.vm.info" value="mixed mode"/>
    <property name="java.vendor" value="IcedTea"/>
    <property name="java.vm.version" value="25.212-b04"/>
    <property name="java.ext.dirs" value="/usr/lib/jvm/java-1.8-openjdk/jre/lib/ext:/usr/java/packages/lib/ext"/>
    <property name="sun.io.unicode.encoding" value="UnicodeLittle"/>
    <property name="java.class.version" value="52.0"/>
  </properties>
  <testcase name="testWatchForCommitWithKeyWrite" classname="org.apache.hadoop.ozone.client.rpc.TestWatchForCommit" time="15.813">
    <failure message="expected:&lt;4&gt; but was:&lt;8&gt;" type="java.lang.AssertionError"><![CDATA[java.lang.AssertionError: expected:<4> but was:<8>
	at org.junit.Assert.fail(Assert.java:88)
	at org.junit.Assert.failNotEquals(Assert.java:743)
	at org.junit.Assert.assertEquals(Assert.java:118)
	at org.junit.Assert.assertEquals(Assert.java:555)
	at org.junit.Assert.assertEquals(Assert.java:542)
	at org.apache.hadoop.ozone.client.rpc.TestWatchForCommit.testWatchForCommitWithKeyWrite(TestWatchForCommit.java:167)
	at sun.reflect.NativeMethodAccessorImpl.invoke0(Native Method)
	at sun.reflect.NativeMethodAccessorImpl.invoke(NativeMethodAccessorImpl.java:62)
	at sun.reflect.DelegatingMethodAccessorImpl.invoke(DelegatingMethodAccessorImpl.java:43)
	at java.lang.reflect.Method.invoke(Method.java:498)
	at org.junit.runners.model.FrameworkMethod$1.runReflectiveCall(FrameworkMethod.java:47)
	at org.junit.internal.runners.model.ReflectiveCallable.run(ReflectiveCallable.java:12)
	at org.junit.runners.model.FrameworkMethod.invokeExplosively(FrameworkMethod.java:44)
	at org.junit.internal.runners.statements.InvokeMethod.evaluate(InvokeMethod.java:17)
	at org.junit.runners.ParentRunner.runLeaf(ParentRunner.java:271)
	at org.junit.runners.BlockJUnit4ClassRunner.runChild(BlockJUnit4ClassRunner.java:70)
	at org.junit.runners.BlockJUnit4ClassRunner.runChild(BlockJUnit4ClassRunner.java:50)
	at org.junit.runners.ParentRunner$3.run(ParentRunner.java:238)
	at org.junit.runners.ParentRunner$1.schedule(ParentRunner.java:63)
	at org.junit.runners.ParentRunner.runChildren(ParentRunner.java:236)
	at org.junit.runners.ParentRunner.access$000(ParentRunner.java:53)
	at org.junit.runners.ParentRunner$2.evaluate(ParentRunner.java:229)
	at org.junit.runners.ParentRunner.run(ParentRunner.java:309)
	at org.apache.maven.surefire.junit4.JUnit4Provider.execute(JUnit4Provider.java:365)
	at org.apache.maven.surefire.junit4.JUnit4Provider.executeWithRerun(JUnit4Provider.java:273)
	at org.apache.maven.surefire.junit4.JUnit4Provider.executeTestSet(JUnit4Provider.java:238)
	at org.apache.maven.surefire.junit4.JUnit4Provider.invoke(JUnit4Provider.java:159)
	at org.apache.maven.surefire.booter.ForkedBooter.invokeProviderInSameClassLoader(ForkedBooter.java:384)
	at org.apache.maven.surefire.booter.ForkedBooter.runSuitesInProcess(ForkedBooter.java:345)
	at org.apache.maven.surefire.booter.ForkedBooter.execute(ForkedBooter.java:126)
	at org.apache.maven.surefire.booter.ForkedBooter.main(ForkedBooter.java:418)
]]></failure>
    <system-out><![CDATA[2019-06-13 15:43:54,149 WARN  server.ServerUtils (ServerUtils.java:getScmDbDir(145)) - ozone.scm.db.dirs is not configured. We recommend adding this setting. Falling back to ozone.metadata.dirs instead.
2019-06-13 15:43:54,236 WARN  server.ServerUtils (ServerUtils.java:getScmDbDir(145)) - ozone.scm.db.dirs is not configured. We recommend adding this setting. Falling back to ozone.metadata.dirs instead.
2019-06-13 15:43:54,239 WARN  server.ServerUtils (ServerUtils.java:getScmDbDir(145)) - ozone.scm.db.dirs is not configured. We recommend adding this setting. Falling back to ozone.metadata.dirs instead.
2019-06-13 15:43:54,258 INFO  util.log (Log.java:initialized(192)) - Logging initialized @676ms
2019-06-13 15:43:54,344 INFO  db.DBStoreBuilder (DBStoreBuilder.java:addTable(110)) - using custom profile for table: deletedBlocks
2019-06-13 15:43:54,344 INFO  db.DBStoreBuilder (DBStoreBuilder.java:processTables(161)) - Using default column profile:DBProfile.DISK for Table:deletedBlocks
2019-06-13 15:43:54,345 INFO  db.DBStoreBuilder (DBStoreBuilder.java:addTable(110)) - using custom profile for table: validCerts
2019-06-13 15:43:54,345 INFO  db.DBStoreBuilder (DBStoreBuilder.java:processTables(161)) - Using default column profile:DBProfile.DISK for Table:validCerts
2019-06-13 15:43:54,346 INFO  db.DBStoreBuilder (DBStoreBuilder.java:addTable(110)) - using custom profile for table: revokedCerts
2019-06-13 15:43:54,346 INFO  db.DBStoreBuilder (DBStoreBuilder.java:processTables(161)) - Using default column profile:DBProfile.DISK for Table:revokedCerts
2019-06-13 15:43:54,356 INFO  db.DBStoreBuilder (DBStoreBuilder.java:addTable(110)) - using custom profile for table: default
2019-06-13 15:43:54,356 INFO  db.DBStoreBuilder (DBStoreBuilder.java:processTables(167)) - Using default column profile:DBProfile.DISK for Table:default
2019-06-13 15:43:54,357 INFO  db.DBStoreBuilder (DBStoreBuilder.java:getDbProfile(198)) - Using default options. DBProfile.DISK
2019-06-13 15:43:54,420 WARN  server.ServerUtils (ServerUtils.java:sanitizeUserArgs(70)) - ozone.scm.stale.node.interval value = 300000 is larger than max = 100000 based on the key value of ozone.scm.heartbeat.thread.interval, reset to the max value 100000.
2019-06-13 15:43:54,420 WARN  server.ServerUtils (ServerUtils.java:sanitizeUserArgs(70)) - ozone.scm.stale.node.interval value = 300000 is larger than max = 100000 based on the key value of ozone.scm.heartbeat.thread.interval, reset to the max value 100000.
2019-06-13 15:43:54,421 INFO  node.SCMNodeManager (SCMNodeManager.java:<init>(108)) - Entering startup safe mode.
2019-06-13 15:43:54,476 INFO  net.NodeSchemaLoader (NodeSchemaLoader.java:loadSchemaFromFile(125)) - Loading file from sun.misc.CompoundEnumeration@408d971b
2019-06-13 15:43:54,477 INFO  net.NodeSchemaLoader (NodeSchemaLoader.java:loadSchema(171)) - Loading network topology layer schema file
2019-06-13 15:43:54,524 WARN  server.ServerUtils (ServerUtils.java:getScmDbDir(145)) - ozone.scm.db.dirs is not configured. We recommend adding this setting. Falling back to ozone.metadata.dirs instead.
2019-06-13 15:43:54,543 INFO  pipeline.SCMPipelineManager (SCMPipelineManager.java:initializePipelineState(126)) - No pipeline exists in current db
2019-06-13 15:43:54,544 WARN  server.ServerUtils (ServerUtils.java:getScmDbDir(145)) - ozone.scm.db.dirs is not configured. We recommend adding this setting. Falling back to ozone.metadata.dirs instead.
2019-06-13 15:43:54,593 WARN  events.EventQueue (EventQueue.java:fireEvent(175)) - No event handler registered for event TypedEvent{payloadType=SafeModeStatus, name='SafeModeStatus'}
2019-06-13 15:43:54,860 INFO  ipc.CallQueueManager (CallQueueManager.java:<init>(84)) - Using callQueue: class java.util.concurrent.LinkedBlockingQueue, queueCapacity: 2000, scheduler: class org.apache.hadoop.ipc.DefaultRpcScheduler, ipcBackoff: false.
2019-06-13 15:43:54,880 INFO  ipc.Server (Server.java:run(1074)) - Starting Socket Reader #1 for port 33399
2019-06-13 15:43:54,897 INFO  ipc.CallQueueManager (CallQueueManager.java:<init>(84)) - Using callQueue: class java.util.concurrent.LinkedBlockingQueue, queueCapacity: 2000, scheduler: class org.apache.hadoop.ipc.DefaultRpcScheduler, ipcBackoff: false.
2019-06-13 15:43:54,921 INFO  ipc.Server (Server.java:run(1074)) - Starting Socket Reader #1 for port 41211
2019-06-13 15:43:54,928 INFO  ipc.CallQueueManager (CallQueueManager.java:<init>(84)) - Using callQueue: class java.util.concurrent.LinkedBlockingQueue, queueCapacity: 2000, scheduler: class org.apache.hadoop.ipc.DefaultRpcScheduler, ipcBackoff: false.
2019-06-13 15:43:54,928 INFO  ipc.Server (Server.java:run(1074)) - Starting Socket Reader #1 for port 40307
2019-06-13 15:43:54,947 INFO  hdfs.DFSUtil (DFSUtil.java:httpServerTemplateForNNAndJN(1641)) - Starting Web-server for scm at: http://0.0.0.0:0
2019-06-13 15:43:55,089 INFO  server.AuthenticationFilter (AuthenticationFilter.java:constructSecretProvider(240)) - Unable to initialize FileSignerSecretProvider, falling back to use random secrets.
2019-06-13 15:43:55,094 WARN  http.HttpRequestLog (HttpRequestLog.java:getRequestLog(97)) - Jetty request log can only be enabled using Log4j
2019-06-13 15:43:55,100 INFO  http.HttpServer2 (HttpServer2.java:addGlobalFilter(975)) - Added global filter 'safety' (class=org.apache.hadoop.http.HttpServer2$QuotingInputFilter)
2019-06-13 15:43:55,102 INFO  http.HttpServer2 (HttpServer2.java:addFilter(948)) - Added filter static_user_filter (class=org.apache.hadoop.http.lib.StaticUserWebFilter$StaticUserFilter) to context scm
2019-06-13 15:43:55,102 INFO  http.HttpServer2 (HttpServer2.java:addFilter(958)) - Added filter static_user_filter (class=org.apache.hadoop.http.lib.StaticUserWebFilter$StaticUserFilter) to context logs
2019-06-13 15:43:55,103 INFO  http.HttpServer2 (HttpServer2.java:addFilter(958)) - Added filter static_user_filter (class=org.apache.hadoop.http.lib.StaticUserWebFilter$StaticUserFilter) to context static
2019-06-13 15:43:55,121 INFO  server.StorageContainerManager (StorageContainerManager.java:start(752)) - StorageContainerLocationProtocol RPC server is listening at /0.0.0.0:40307
2019-06-13 15:43:55,164 WARN  impl.MetricsConfig (MetricsConfig.java:loadFirst(134)) - Cannot locate configuration: tried hadoop-metrics2-storagecontainermanager.properties,hadoop-metrics2.properties
2019-06-13 15:43:55,173 INFO  impl.MetricsSystemImpl (MetricsSystemImpl.java:startTimer(374)) - Scheduled Metric snapshot period at 10 second(s).
2019-06-13 15:43:55,173 INFO  impl.MetricsSystemImpl (MetricsSystemImpl.java:start(191)) - StorageContainerManager metrics system started
2019-06-13 15:43:55,336 INFO  server.SCMClientProtocolServer (SCMClientProtocolServer.java:start(149)) - RPC server for Client  is listening at /0.0.0.0:40307
2019-06-13 15:43:55,337 INFO  ipc.Server (Server.java:run(1314)) - IPC Server Responder: starting
2019-06-13 15:43:55,337 INFO  ipc.Server (Server.java:run(1153)) - IPC Server listener on 40307: starting
2019-06-13 15:43:55,343 INFO  server.StorageContainerManager (StorageContainerManager.java:start(761)) - ScmBlockLocationProtocol RPC server is listening at /0.0.0.0:41211
2019-06-13 15:43:55,344 INFO  server.SCMBlockProtocolServer (SCMBlockProtocolServer.java:start(137)) - RPC server for Block Protocol is listening at /0.0.0.0:41211
2019-06-13 15:43:55,344 INFO  ipc.Server (Server.java:run(1314)) - IPC Server Responder: starting
2019-06-13 15:43:55,344 INFO  ipc.Server (Server.java:run(1153)) - IPC Server listener on 41211: starting
2019-06-13 15:43:55,346 INFO  server.StorageContainerManager (StorageContainerManager.java:start(765)) - ScmDatanodeProtocl RPC server is listening at /0.0.0.0:33399
2019-06-13 15:43:55,346 INFO  server.SCMDatanodeProtocolServer (SCMDatanodeProtocolServer.java:start(191)) - RPC server for DataNodes is listening at /0.0.0.0:33399
2019-06-13 15:43:55,346 INFO  ipc.Server (Server.java:run(1314)) - IPC Server Responder: starting
2019-06-13 15:43:55,346 INFO  ipc.Server (Server.java:run(1153)) - IPC Server listener on 33399: starting
2019-06-13 15:43:55,349 INFO  http.HttpServer2 (HttpServer2.java:bindListener(1191)) - Jetty bound to port 32861
2019-06-13 15:43:55,351 INFO  server.Server (Server.java:doStart(351)) - jetty-9.3.24.v20180605, build timestamp: 2018-06-05T17:11:56Z, git hash: 84205aa28f11a4f31f2a3b86d1bba2cc8ab69827
2019-06-13 15:43:55,377 INFO  handler.ContextHandler (ContextHandler.java:doStart(781)) - Started o.e.j.s.ServletContextHandler@4879dfad{/logs,file:///opt/src/hadoop-ozone/integration-test/target/log,AVAILABLE}
2019-06-13 15:43:55,377 INFO  handler.ContextHandler (ContextHandler.java:doStart(781)) - Started o.e.j.s.ServletContextHandler@74eb909f{/static,file:///opt/src/hadoop-ozone/integration-test/target/test-classes/webapps/static,AVAILABLE}
2019-06-13 15:43:55,402 INFO  handler.ContextHandler (ContextHandler.java:doStart(781)) - Started o.e.j.w.WebAppContext@6c345c5f{/,file:///opt/src/hadoop-ozone/integration-test/target/test-classes/webapps/scm/,AVAILABLE}{/scm}
2019-06-13 15:43:55,406 INFO  server.AbstractConnector (AbstractConnector.java:doStart(278)) - Started ServerConnector@362a019c{HTTP/1.1,[http/1.1]}{0.0.0.0:32861}
2019-06-13 15:43:55,406 INFO  server.Server (Server.java:doStart(419)) - Started @1825ms
2019-06-13 15:43:55,407 INFO  server.BaseHttpServer (BaseHttpServer.java:updateConnectorAddress(207)) - HTTP server of SCM is listening at http://0.0.0.0:32861
2019-06-13 15:43:55,415 INFO  util.JvmPauseMonitor (JvmPauseMonitor.java:run(188)) - Starting JVM pause monitor
2019-06-13 15:43:55,417 WARN  scm.ScmUtils (ScmUtils.java:getDBPath(63)) - ozone.om.db.dirs is not configured. We recommend adding this setting. Falling back to ozone.metadata.dirs instead.
2019-06-13 15:43:55,482 WARN  scm.ScmUtils (ScmUtils.java:getDBPath(63)) - ozone.om.db.dirs is not configured. We recommend adding this setting. Falling back to ozone.metadata.dirs instead.
2019-06-13 15:43:55,483 INFO  om.OzoneManager (OzoneManager.java:setOMNodeDetails(519)) - OM Service ID is not set. Setting it to the default ID: omServiceIdDefault
2019-06-13 15:43:55,483 INFO  om.OzoneManager (OzoneManager.java:setOMNodeDetails(525)) - OM Node ID is not set. Setting it to the OmStorage's OmID: f7e3a2c2-8300-4f06-8a5b-50c646d3c348
2019-06-13 15:43:55,485 WARN  scm.HddsServerUtil (HddsServerUtil.java:getDefaultRatisDirectory(354)) - Storage directory for Ratis is not configured. It is a good idea to map this to an SSD disk. Falling back to ozone.metadata.dirs
2019-06-13 15:43:55,485 WARN  scm.HddsServerUtil (HddsServerUtil.java:getDefaultRatisDirectory(354)) - Storage directory for Ratis is not configured. It is a good idea to map this to an SSD disk. Falling back to ozone.metadata.dirs
2019-06-13 15:43:55,485 INFO  om.OzoneManager (OzoneManager.java:loadOMHAConfigs(476)) - Found matching OM address with OMServiceId: null, OMNodeId: null, RPC Address: localhost:0 and Ratis port: 9872
2019-06-13 15:43:55,667 WARN  scm.ScmUtils (ScmUtils.java:getDBPath(63)) - ozone.om.db.dirs is not configured. We recommend adding this setting. Falling back to ozone.metadata.dirs instead.
2019-06-13 15:43:55,672 INFO  db.DBStoreBuilder (DBStoreBuilder.java:addTable(110)) - using custom profile for table: userTable
2019-06-13 15:43:55,672 INFO  db.DBStoreBuilder (DBStoreBuilder.java:processTables(161)) - Using default column profile:DBProfile.DISK for Table:userTable
2019-06-13 15:43:55,673 INFO  db.DBStoreBuilder (DBStoreBuilder.java:addTable(110)) - using custom profile for table: volumeTable
2019-06-13 15:43:55,673 INFO  db.DBStoreBuilder (DBStoreBuilder.java:processTables(161)) - Using default column profile:DBProfile.DISK for Table:volumeTable
2019-06-13 15:43:55,673 INFO  db.DBStoreBuilder (DBStoreBuilder.java:addTable(110)) - using custom profile for table: bucketTable
2019-06-13 15:43:55,673 INFO  db.DBStoreBuilder (DBStoreBuilder.java:processTables(161)) - Using default column profile:DBProfile.DISK for Table:bucketTable
2019-06-13 15:43:55,673 INFO  db.DBStoreBuilder (DBStoreBuilder.java:addTable(110)) - using custom profile for table: keyTable
2019-06-13 15:43:55,674 INFO  db.DBStoreBuilder (DBStoreBuilder.java:processTables(161)) - Using default column profile:DBProfile.DISK for Table:keyTable
2019-06-13 15:43:55,674 INFO  db.DBStoreBuilder (DBStoreBuilder.java:addTable(110)) - using custom profile for table: deletedTable
2019-06-13 15:43:55,674 INFO  db.DBStoreBuilder (DBStoreBuilder.java:processTables(161)) - Using default column profile:DBProfile.DISK for Table:deletedTable
2019-06-13 15:43:55,674 INFO  db.DBStoreBuilder (DBStoreBuilder.java:addTable(110)) - using custom profile for table: openKeyTable
2019-06-13 15:43:55,674 INFO  db.DBStoreBuilder (DBStoreBuilder.java:processTables(161)) - Using default column profile:DBProfile.DISK for Table:openKeyTable
2019-06-13 15:43:55,675 INFO  db.DBStoreBuilder (DBStoreBuilder.java:addTable(110)) - using custom profile for table: s3Table
2019-06-13 15:43:55,675 INFO  db.DBStoreBuilder (DBStoreBuilder.java:processTables(161)) - Using default column profile:DBProfile.DISK for Table:s3Table
2019-06-13 15:43:55,675 INFO  db.DBStoreBuilder (DBStoreBuilder.java:addTable(110)) - using custom profile for table: multipartInfoTable
2019-06-13 15:43:55,675 INFO  db.DBStoreBuilder (DBStoreBuilder.java:processTables(161)) - Using default column profile:DBProfile.DISK for Table:multipartInfoTable
2019-06-13 15:43:55,675 INFO  db.DBStoreBuilder (DBStoreBuilder.java:addTable(110)) - using custom profile for table: dTokenTable
2019-06-13 15:43:55,675 INFO  db.DBStoreBuilder (DBStoreBuilder.java:processTables(161)) - Using default column profile:DBProfile.DISK for Table:dTokenTable
2019-06-13 15:43:55,676 INFO  db.DBStoreBuilder (DBStoreBuilder.java:addTable(110)) - using custom profile for table: s3SecretTable
2019-06-13 15:43:55,676 INFO  db.DBStoreBuilder (DBStoreBuilder.java:processTables(161)) - Using default column profile:DBProfile.DISK for Table:s3SecretTable
2019-06-13 15:43:55,676 INFO  db.DBStoreBuilder (DBStoreBuilder.java:addTable(110)) - using custom profile for table: prefixTable
2019-06-13 15:43:55,677 INFO  db.DBStoreBuilder (DBStoreBuilder.java:processTables(161)) - Using default column profile:DBProfile.DISK for Table:prefixTable
2019-06-13 15:43:55,677 INFO  db.DBStoreBuilder (DBStoreBuilder.java:addTable(110)) - using custom profile for table: default
2019-06-13 15:43:55,677 INFO  db.DBStoreBuilder (DBStoreBuilder.java:processTables(167)) - Using default column profile:DBProfile.DISK for Table:default
2019-06-13 15:43:55,677 INFO  db.DBStoreBuilder (DBStoreBuilder.java:getDbProfile(198)) - Using default options. DBProfile.DISK
2019-06-13 15:43:56,156 INFO  ipc.CallQueueManager (CallQueueManager.java:<init>(84)) - Using callQueue: class java.util.concurrent.LinkedBlockingQueue, queueCapacity: 2000, scheduler: class org.apache.hadoop.ipc.DefaultRpcScheduler, ipcBackoff: false.
2019-06-13 15:43:56,157 INFO  ipc.Server (Server.java:run(1074)) - Starting Socket Reader #1 for port 37315
2019-06-13 15:43:56,177 WARN  scm.ScmUtils (ScmUtils.java:getDBPath(63)) - ozone.om.db.dirs is not configured. We recommend adding this setting. Falling back to ozone.metadata.dirs instead.
2019-06-13 15:43:56,177 INFO  om.OzoneManager (OzoneManager.java:start(1217)) - OzoneManager RPC server is listening at localhost/127.0.0.1:37315
2019-06-13 15:43:56,178 INFO  impl.MetricsSystemImpl (MetricsSystemImpl.java:init(158)) - OzoneManager metrics system started (again)
2019-06-13 15:43:56,178 INFO  ipc.Server (Server.java:run(1314)) - IPC Server Responder: starting
2019-06-13 15:43:56,182 INFO  ipc.Server (Server.java:run(1153)) - IPC Server listener on 37315: starting
2019-06-13 15:43:56,204 INFO  hdfs.DFSUtil (DFSUtil.java:httpServerTemplateForNNAndJN(1641)) - Starting Web-server for ozoneManager at: http://0.0.0.0:0
2019-06-13 15:43:56,206 INFO  server.AuthenticationFilter (AuthenticationFilter.java:constructSecretProvider(240)) - Unable to initialize FileSignerSecretProvider, falling back to use random secrets.
2019-06-13 15:43:56,207 WARN  http.HttpRequestLog (HttpRequestLog.java:getRequestLog(97)) - Jetty request log can only be enabled using Log4j
2019-06-13 15:43:56,209 INFO  http.HttpServer2 (HttpServer2.java:addGlobalFilter(975)) - Added global filter 'safety' (class=org.apache.hadoop.http.HttpServer2$QuotingInputFilter)
2019-06-13 15:43:56,209 INFO  http.HttpServer2 (HttpServer2.java:addFilter(948)) - Added filter static_user_filter (class=org.apache.hadoop.http.lib.StaticUserWebFilter$StaticUserFilter) to context ozoneManager
2019-06-13 15:43:56,210 INFO  http.HttpServer2 (HttpServer2.java:addFilter(958)) - Added filter static_user_filter (class=org.apache.hadoop.http.lib.StaticUserWebFilter$StaticUserFilter) to context logs
2019-06-13 15:43:56,210 INFO  http.HttpServer2 (HttpServer2.java:addFilter(958)) - Added filter static_user_filter (class=org.apache.hadoop.http.lib.StaticUserWebFilter$StaticUserFilter) to context static
2019-06-13 15:43:56,212 INFO  http.HttpServer2 (HttpServer2.java:bindListener(1191)) - Jetty bound to port 45287
2019-06-13 15:43:56,212 INFO  server.Server (Server.java:doStart(351)) - jetty-9.3.24.v20180605, build timestamp: 2018-06-05T17:11:56Z, git hash: 84205aa28f11a4f31f2a3b86d1bba2cc8ab69827
2019-06-13 15:43:56,213 INFO  handler.ContextHandler (ContextHandler.java:doStart(781)) - Started o.e.j.s.ServletContextHandler@1a411233{/logs,file:///opt/src/hadoop-ozone/integration-test/target/log,AVAILABLE}
2019-06-13 15:43:56,214 INFO  handler.ContextHandler (ContextHandler.java:doStart(781)) - Started o.e.j.s.ServletContextHandler@7c2327fa{/static,file:///opt/src/hadoop-ozone/integration-test/target/test-classes/webapps/static,AVAILABLE}
2019-06-13 15:43:56,217 INFO  handler.ContextHandler (ContextHandler.java:doStart(781)) - Started o.e.j.w.WebAppContext@4565a70a{/,file:///opt/src/hadoop-ozone/integration-test/target/test-classes/webapps/ozoneManager/,AVAILABLE}{/ozoneManager}
2019-06-13 15:43:56,218 INFO  server.AbstractConnector (AbstractConnector.java:doStart(278)) - Started ServerConnector@a0a9fa5{HTTP/1.1,[http/1.1]}{0.0.0.0:45287}
2019-06-13 15:43:56,218 INFO  server.Server (Server.java:doStart(419)) - Started @2637ms
2019-06-13 15:43:56,218 INFO  server.BaseHttpServer (BaseHttpServer.java:updateConnectorAddress(207)) - HTTP server of OZONEMANAGER is listening at http://0.0.0.0:45287
2019-06-13 15:43:56,372 INFO  impl.MetricsSystemImpl (MetricsSystemImpl.java:init(158)) - HddsDatanode metrics system started (again)
2019-06-13 15:43:56,510 INFO  ozone.HddsDatanodeService (HddsDatanodeService.java:start(185)) - HddsDatanodeService host:ozone-ldwqp-4079303285 ip:192.168.134.103
2019-06-13 15:43:56,534 INFO  volume.HddsVolume (HddsVolume.java:<init>(176)) - Creating Volume: /opt/src/hadoop-ozone/integration-test/target/test-dir/MiniOzoneClusterImpl-bc146287-0d28-4cd3-ac28-055d8c97a901/datanode-0/data/containers/hdds of  storage type : DISK and capacity : 104021790720
2019-06-13 15:43:56,536 INFO  volume.VolumeSet (VolumeSet.java:initializeVolumeSet(170)) - Added Volume : /opt/src/hadoop-ozone/integration-test/target/test-dir/MiniOzoneClusterImpl-bc146287-0d28-4cd3-ac28-055d8c97a901/datanode-0/data/containers/hdds to VolumeSet
2019-06-13 15:43:56,540 INFO  volume.ThrottledAsyncChecker (ThrottledAsyncChecker.java:schedule(140)) - Scheduling a check for org.apache.hadoop.ozone.container.common.volume.HddsVolume@3d43fe
2019-06-13 15:43:56,560 INFO  volume.HddsVolumeChecker (HddsVolumeChecker.java:checkAllVolumes(203)) - Scheduled health check for volume org.apache.hadoop.ozone.container.common.volume.HddsVolume@3d43fe
2019-06-13 15:43:56,610 INFO  ratis.XceiverServerRatis (XceiverServerRatis.java:newXceiverServerRatis(401)) - Found a free port for the server : 45833
2019-06-13 15:43:56,662 INFO  impl.RaftServerProxy (ConfUtils.java:logGet(43)) - raft.rpc.type = GRPC (default)
2019-06-13 15:43:56,670 INFO  grpc.GrpcConfigKeys$Server (ConfUtils.java:logGet(43)) - raft.grpc.server.port = 45833 (custom)
2019-06-13 15:43:56,671 INFO  server.GrpcService (ConfUtils.java:logGet(43)) - raft.grpc.message.size.max = 33570816 (custom)
2019-06-13 15:43:56,672 INFO  server.RaftServerConfigKeys (ConfUtils.java:logGet(43)) - raft.server.log.appender.buffer.byte-limit = 33554432 (custom)
2019-06-13 15:43:56,672 INFO  server.GrpcService (ConfUtils.java:logGet(43)) - raft.grpc.flow.control.window = 1MB (=1048576) (default)
2019-06-13 15:43:56,673 INFO  server.RaftServerConfigKeys (ConfUtils.java:logGet(43)) - raft.server.rpc.request.timeout = 3000ms (default)
2019-06-13 15:43:56,783 INFO  server.RaftServerConfigKeys (ConfUtils.java:logGet(43)) - raft.server.storage.dir = [/opt/src/hadoop-ozone/integration-test/target/test-dir/MiniOzoneClusterImpl-bc146287-0d28-4cd3-ac28-055d8c97a901/datanode-0/data/ratis] (custom)
2019-06-13 15:43:56,788 INFO  server.XceiverServerGrpc (XceiverServerGrpc.java:<init>(97)) - Found a free port for the server : 33469
2019-06-13 15:43:56,808 INFO  replication.SimpleContainerDownloader (SimpleContainerDownloader.java:<init>(72)) - Starting container downloader service to copy containers to replicate.
2019-06-13 15:43:56,817 INFO  hdfs.DFSUtil (DFSUtil.java:httpServerTemplateForNNAndJN(1641)) - Starting Web-server for hddsDatanode at: http://0.0.0.0:0
2019-06-13 15:43:56,819 INFO  server.AuthenticationFilter (AuthenticationFilter.java:constructSecretProvider(240)) - Unable to initialize FileSignerSecretProvider, falling back to use random secrets.
2019-06-13 15:43:56,819 WARN  http.HttpRequestLog (HttpRequestLog.java:getRequestLog(97)) - Jetty request log can only be enabled using Log4j
2019-06-13 15:43:56,821 INFO  http.HttpServer2 (HttpServer2.java:addGlobalFilter(975)) - Added global filter 'safety' (class=org.apache.hadoop.http.HttpServer2$QuotingInputFilter)
2019-06-13 15:43:56,821 INFO  http.HttpServer2 (HttpServer2.java:addFilter(948)) - Added filter static_user_filter (class=org.apache.hadoop.http.lib.StaticUserWebFilter$StaticUserFilter) to context hddsDatanode
2019-06-13 15:43:56,822 INFO  http.HttpServer2 (HttpServer2.java:addFilter(958)) - Added filter static_user_filter (class=org.apache.hadoop.http.lib.StaticUserWebFilter$StaticUserFilter) to context static
2019-06-13 15:43:56,822 INFO  http.HttpServer2 (HttpServer2.java:addFilter(958)) - Added filter static_user_filter (class=org.apache.hadoop.http.lib.StaticUserWebFilter$StaticUserFilter) to context logs
2019-06-13 15:43:56,823 INFO  http.HttpServer2 (HttpServer2.java:bindListener(1191)) - Jetty bound to port 39741
2019-06-13 15:43:56,823 INFO  server.Server (Server.java:doStart(351)) - jetty-9.3.24.v20180605, build timestamp: 2018-06-05T17:11:56Z, git hash: 84205aa28f11a4f31f2a3b86d1bba2cc8ab69827
2019-06-13 15:43:56,825 INFO  handler.ContextHandler (ContextHandler.java:doStart(781)) - Started o.e.j.s.ServletContextHandler@6fc29daa{/logs,file:///opt/src/hadoop-ozone/integration-test/target/log,AVAILABLE}
2019-06-13 15:43:56,825 INFO  handler.ContextHandler (ContextHandler.java:doStart(781)) - Started o.e.j.s.ServletContextHandler@4d62f4c6{/static,jar:file:/root/.m2/repository/org/apache/hadoop/hadoop-hdds-container-service/0.5.0-SNAPSHOT/hadoop-hdds-container-service-0.5.0-SNAPSHOT.jar!/webapps/static,AVAILABLE}
2019-06-13 15:43:56,853 INFO  handler.ContextHandler (ContextHandler.java:doStart(781)) - Started o.e.j.w.WebAppContext@44924587{/,file:///tmp/jetty-0.0.0.0-39741-hddsDatanode-_-any-2545712242865135312.dir/webapp/,AVAILABLE}{/hddsDatanode}
2019-06-13 15:43:56,854 INFO  server.AbstractConnector (AbstractConnector.java:doStart(278)) - Started ServerConnector@18460128{HTTP/1.1,[http/1.1]}{0.0.0.0:39741}
2019-06-13 15:43:56,854 INFO  server.Server (Server.java:doStart(419)) - Started @3273ms
2019-06-13 15:43:56,855 INFO  server.BaseHttpServer (BaseHttpServer.java:updateConnectorAddress(207)) - HTTP server of HDDSDATANODE is listening at http://0.0.0.0:39741
2019-06-13 15:43:57,666 INFO  ozone.HddsDatanodeService (HddsDatanodeService.java:startPlugins(396)) - Started plug-in org.apache.hadoop.ozone.web.OzoneHddsDatanodeService@f171912
2019-06-13 15:43:57,668 INFO  impl.MetricsSystemImpl (MetricsSystemImpl.java:init(158)) - HddsDatanode metrics system started (again)
2019-06-13 15:43:57,669 INFO  ozone.HddsDatanodeService (HddsDatanodeService.java:start(185)) - HddsDatanodeService host:ozone-ldwqp-4079303285 ip:192.168.134.103
2019-06-13 15:43:57,678 INFO  util.JvmPauseMonitor (JvmPauseMonitor.java:run(188)) - Starting JVM pause monitor
2019-06-13 15:43:57,694 INFO  volume.HddsVolume (HddsVolume.java:<init>(176)) - Creating Volume: /opt/src/hadoop-ozone/integration-test/target/test-dir/MiniOzoneClusterImpl-bc146287-0d28-4cd3-ac28-055d8c97a901/datanode-1/data/containers/hdds of  storage type : DISK and capacity : 104021790720
2019-06-13 15:43:57,694 INFO  volume.VolumeSet (VolumeSet.java:initializeVolumeSet(170)) - Added Volume : /opt/src/hadoop-ozone/integration-test/target/test-dir/MiniOzoneClusterImpl-bc146287-0d28-4cd3-ac28-055d8c97a901/datanode-1/data/containers/hdds to VolumeSet
2019-06-13 15:43:57,695 INFO  volume.ThrottledAsyncChecker (ThrottledAsyncChecker.java:schedule(140)) - Scheduling a check for org.apache.hadoop.ozone.container.common.volume.HddsVolume@469a7575
2019-06-13 15:43:57,698 INFO  volume.HddsVolumeChecker (HddsVolumeChecker.java:checkAllVolumes(203)) - Scheduled health check for volume org.apache.hadoop.ozone.container.common.volume.HddsVolume@469a7575
2019-06-13 15:43:57,729 INFO  ratis.XceiverServerRatis (XceiverServerRatis.java:newXceiverServerRatis(401)) - Found a free port for the server : 40889
2019-06-13 15:43:57,731 INFO  impl.RaftServerProxy (ConfUtils.java:logGet(43)) - raft.rpc.type = GRPC (default)
2019-06-13 15:43:57,731 INFO  grpc.GrpcConfigKeys$Server (ConfUtils.java:logGet(43)) - raft.grpc.server.port = 40889 (custom)
2019-06-13 15:43:57,731 INFO  server.GrpcService (ConfUtils.java:logGet(43)) - raft.grpc.message.size.max = 33570816 (custom)
2019-06-13 15:43:57,732 INFO  server.RaftServerConfigKeys (ConfUtils.java:logGet(43)) - raft.server.log.appender.buffer.byte-limit = 33554432 (custom)
2019-06-13 15:43:57,732 INFO  server.GrpcService (ConfUtils.java:logGet(43)) - raft.grpc.flow.control.window = 1MB (=1048576) (default)
2019-06-13 15:43:57,732 INFO  server.RaftServerConfigKeys (ConfUtils.java:logGet(43)) - raft.server.rpc.request.timeout = 3000ms (default)
2019-06-13 15:43:57,733 INFO  server.RaftServerConfigKeys (ConfUtils.java:logGet(43)) - raft.server.storage.dir = [/opt/src/hadoop-ozone/integration-test/target/test-dir/MiniOzoneClusterImpl-bc146287-0d28-4cd3-ac28-055d8c97a901/datanode-1/data/ratis] (custom)
2019-06-13 15:43:57,733 INFO  server.XceiverServerGrpc (XceiverServerGrpc.java:<init>(97)) - Found a free port for the server : 36499
2019-06-13 15:43:57,734 INFO  replication.SimpleContainerDownloader (SimpleContainerDownloader.java:<init>(72)) - Starting container downloader service to copy containers to replicate.
2019-06-13 15:43:57,742 INFO  hdfs.DFSUtil (DFSUtil.java:httpServerTemplateForNNAndJN(1641)) - Starting Web-server for hddsDatanode at: http://0.0.0.0:0
2019-06-13 15:43:57,743 INFO  server.AuthenticationFilter (AuthenticationFilter.java:constructSecretProvider(240)) - Unable to initialize FileSignerSecretProvider, falling back to use random secrets.
2019-06-13 15:43:57,746 WARN  http.HttpRequestLog (HttpRequestLog.java:getRequestLog(97)) - Jetty request log can only be enabled using Log4j
2019-06-13 15:43:57,748 INFO  http.HttpServer2 (HttpServer2.java:addGlobalFilter(975)) - Added global filter 'safety' (class=org.apache.hadoop.http.HttpServer2$QuotingInputFilter)
2019-06-13 15:43:57,749 INFO  http.HttpServer2 (HttpServer2.java:addFilter(948)) - Added filter static_user_filter (class=org.apache.hadoop.http.lib.StaticUserWebFilter$StaticUserFilter) to context hddsDatanode
2019-06-13 15:43:57,749 INFO  http.HttpServer2 (HttpServer2.java:addFilter(958)) - Added filter static_user_filter (class=org.apache.hadoop.http.lib.StaticUserWebFilter$StaticUserFilter) to context static
2019-06-13 15:43:57,749 INFO  http.HttpServer2 (HttpServer2.java:addFilter(958)) - Added filter static_user_filter (class=org.apache.hadoop.http.lib.StaticUserWebFilter$StaticUserFilter) to context logs
2019-06-13 15:43:57,750 INFO  http.HttpServer2 (HttpServer2.java:bindListener(1191)) - Jetty bound to port 33275
2019-06-13 15:43:57,752 INFO  server.Server (Server.java:doStart(351)) - jetty-9.3.24.v20180605, build timestamp: 2018-06-05T17:11:56Z, git hash: 84205aa28f11a4f31f2a3b86d1bba2cc8ab69827
2019-06-13 15:43:57,767 INFO  handler.ContextHandler (ContextHandler.java:doStart(781)) - Started o.e.j.s.ServletContextHandler@38d80d65{/logs,file:///opt/src/hadoop-ozone/integration-test/target/log,AVAILABLE}
2019-06-13 15:43:57,769 INFO  handler.ContextHandler (ContextHandler.java:doStart(781)) - Started o.e.j.s.ServletContextHandler@5a0e0886{/static,jar:file:/root/.m2/repository/org/apache/hadoop/hadoop-hdds-container-service/0.5.0-SNAPSHOT/hadoop-hdds-container-service-0.5.0-SNAPSHOT.jar!/webapps/static,AVAILABLE}
2019-06-13 15:43:57,792 INFO  datanode.InitDatanodeState (InitDatanodeState.java:persistContainerDatanodeDetails(140)) - DatanodeDetails is persisted to /opt/src/hadoop-ozone/integration-test/target/test-dir/MiniOzoneClusterImpl-bc146287-0d28-4cd3-ac28-055d8c97a901/datanode-0/meta/datanode.id
2019-06-13 15:43:57,798 INFO  handler.ContextHandler (ContextHandler.java:doStart(781)) - Started o.e.j.w.WebAppContext@186d8a71{/,file:///tmp/jetty-0.0.0.0-33275-hddsDatanode-_-any-8869580889872678292.dir/webapp/,AVAILABLE}{/hddsDatanode}
2019-06-13 15:43:57,799 INFO  server.AbstractConnector (AbstractConnector.java:doStart(278)) - Started ServerConnector@3dc40ab9{HTTP/1.1,[http/1.1]}{0.0.0.0:33275}
2019-06-13 15:43:57,799 INFO  server.Server (Server.java:doStart(419)) - Started @4218ms
2019-06-13 15:43:57,801 INFO  server.BaseHttpServer (BaseHttpServer.java:updateConnectorAddress(207)) - HTTP server of HDDSDATANODE is listening at http://0.0.0.0:33275
2019-06-13 15:43:57,937 INFO  ozone.HddsDatanodeService (HddsDatanodeService.java:startPlugins(396)) - Started plug-in org.apache.hadoop.ozone.web.OzoneHddsDatanodeService@733e6df7
2019-06-13 15:43:57,937 INFO  impl.MetricsSystemImpl (MetricsSystemImpl.java:init(158)) - HddsDatanode metrics system started (again)
2019-06-13 15:43:57,937 INFO  ozone.HddsDatanodeService (HddsDatanodeService.java:start(185)) - HddsDatanodeService host:ozone-ldwqp-4079303285 ip:192.168.134.103
2019-06-13 15:43:57,958 INFO  util.JvmPauseMonitor (JvmPauseMonitor.java:run(188)) - Starting JVM pause monitor
2019-06-13 15:43:57,964 INFO  volume.HddsVolume (HddsVolume.java:<init>(176)) - Creating Volume: /opt/src/hadoop-ozone/integration-test/target/test-dir/MiniOzoneClusterImpl-bc146287-0d28-4cd3-ac28-055d8c97a901/datanode-2/data/containers/hdds of  storage type : DISK and capacity : 104021790720
2019-06-13 15:43:57,965 INFO  volume.VolumeSet (VolumeSet.java:initializeVolumeSet(170)) - Added Volume : /opt/src/hadoop-ozone/integration-test/target/test-dir/MiniOzoneClusterImpl-bc146287-0d28-4cd3-ac28-055d8c97a901/datanode-2/data/containers/hdds to VolumeSet
2019-06-13 15:43:57,965 INFO  volume.ThrottledAsyncChecker (ThrottledAsyncChecker.java:schedule(140)) - Scheduling a check for org.apache.hadoop.ozone.container.common.volume.HddsVolume@108e9837
2019-06-13 15:43:57,970 INFO  volume.HddsVolumeChecker (HddsVolumeChecker.java:checkAllVolumes(203)) - Scheduled health check for volume org.apache.hadoop.ozone.container.common.volume.HddsVolume@108e9837
2019-06-13 15:43:57,980 INFO  datanode.InitDatanodeState (InitDatanodeState.java:persistContainerDatanodeDetails(140)) - DatanodeDetails is persisted to /opt/src/hadoop-ozone/integration-test/target/test-dir/MiniOzoneClusterImpl-bc146287-0d28-4cd3-ac28-055d8c97a901/datanode-1/meta/datanode.id
2019-06-13 15:43:57,985 INFO  ratis.XceiverServerRatis (XceiverServerRatis.java:newXceiverServerRatis(401)) - Found a free port for the server : 38533
2019-06-13 15:43:57,986 INFO  impl.RaftServerProxy (ConfUtils.java:logGet(43)) - raft.rpc.type = GRPC (default)
2019-06-13 15:43:57,986 INFO  grpc.GrpcConfigKeys$Server (ConfUtils.java:logGet(43)) - raft.grpc.server.port = 38533 (custom)
2019-06-13 15:43:57,986 INFO  server.GrpcService (ConfUtils.java:logGet(43)) - raft.grpc.message.size.max = 33570816 (custom)
2019-06-13 15:43:57,987 INFO  server.RaftServerConfigKeys (ConfUtils.java:logGet(43)) - raft.server.log.appender.buffer.byte-limit = 33554432 (custom)
2019-06-13 15:43:57,987 INFO  server.GrpcService (ConfUtils.java:logGet(43)) - raft.grpc.flow.control.window = 1MB (=1048576) (default)
2019-06-13 15:43:57,987 INFO  server.RaftServerConfigKeys (ConfUtils.java:logGet(43)) - raft.server.rpc.request.timeout = 3000ms (default)
2019-06-13 15:43:57,987 INFO  server.RaftServerConfigKeys (ConfUtils.java:logGet(43)) - raft.server.storage.dir = [/opt/src/hadoop-ozone/integration-test/target/test-dir/MiniOzoneClusterImpl-bc146287-0d28-4cd3-ac28-055d8c97a901/datanode-2/data/ratis] (custom)
2019-06-13 15:43:57,988 INFO  server.XceiverServerGrpc (XceiverServerGrpc.java:<init>(97)) - Found a free port for the server : 45413
2019-06-13 15:43:57,988 INFO  replication.SimpleContainerDownloader (SimpleContainerDownloader.java:<init>(72)) - Starting container downloader service to copy containers to replicate.
2019-06-13 15:43:57,989 INFO  hdfs.DFSUtil (DFSUtil.java:httpServerTemplateForNNAndJN(1641)) - Starting Web-server for hddsDatanode at: http://0.0.0.0:0
2019-06-13 15:43:57,990 INFO  server.AuthenticationFilter (AuthenticationFilter.java:constructSecretProvider(240)) - Unable to initialize FileSignerSecretProvider, falling back to use random secrets.
2019-06-13 15:43:57,990 WARN  http.HttpRequestLog (HttpRequestLog.java:getRequestLog(97)) - Jetty request log can only be enabled using Log4j
2019-06-13 15:43:57,991 INFO  http.HttpServer2 (HttpServer2.java:addGlobalFilter(975)) - Added global filter 'safety' (class=org.apache.hadoop.http.HttpServer2$QuotingInputFilter)
2019-06-13 15:43:57,992 INFO  http.HttpServer2 (HttpServer2.java:addFilter(948)) - Added filter static_user_filter (class=org.apache.hadoop.http.lib.StaticUserWebFilter$StaticUserFilter) to context hddsDatanode
2019-06-13 15:43:57,992 INFO  http.HttpServer2 (HttpServer2.java:addFilter(958)) - Added filter static_user_filter (class=org.apache.hadoop.http.lib.StaticUserWebFilter$StaticUserFilter) to context logs
2019-06-13 15:43:57,992 INFO  http.HttpServer2 (HttpServer2.java:addFilter(958)) - Added filter static_user_filter (class=org.apache.hadoop.http.lib.StaticUserWebFilter$StaticUserFilter) to context static
2019-06-13 15:43:57,993 INFO  http.HttpServer2 (HttpServer2.java:bindListener(1191)) - Jetty bound to port 40047
2019-06-13 15:43:57,993 INFO  server.Server (Server.java:doStart(351)) - jetty-9.3.24.v20180605, build timestamp: 2018-06-05T17:11:56Z, git hash: 84205aa28f11a4f31f2a3b86d1bba2cc8ab69827
2019-06-13 15:43:57,994 INFO  handler.ContextHandler (ContextHandler.java:doStart(781)) - Started o.e.j.s.ServletContextHandler@2ba42204{/logs,file:///opt/src/hadoop-ozone/integration-test/target/log,AVAILABLE}
2019-06-13 15:43:57,995 INFO  handler.ContextHandler (ContextHandler.java:doStart(781)) - Started o.e.j.s.ServletContextHandler@5b1efaaf{/static,jar:file:/root/.m2/repository/org/apache/hadoop/hadoop-hdds-container-service/0.5.0-SNAPSHOT/hadoop-hdds-container-service-0.5.0-SNAPSHOT.jar!/webapps/static,AVAILABLE}
2019-06-13 15:43:58,024 INFO  handler.ContextHandler (ContextHandler.java:doStart(781)) - Started o.e.j.w.WebAppContext@611e5819{/,file:///tmp/jetty-0.0.0.0-40047-hddsDatanode-_-any-3705814765091791114.dir/webapp/,AVAILABLE}{/hddsDatanode}
2019-06-13 15:43:58,025 INFO  server.AbstractConnector (AbstractConnector.java:doStart(278)) - Started ServerConnector@681c0ae6{HTTP/1.1,[http/1.1]}{0.0.0.0:40047}
2019-06-13 15:43:58,025 INFO  server.Server (Server.java:doStart(419)) - Started @4444ms
2019-06-13 15:43:58,026 INFO  server.BaseHttpServer (BaseHttpServer.java:updateConnectorAddress(207)) - HTTP server of HDDSDATANODE is listening at http://0.0.0.0:40047
2019-06-13 15:43:58,174 INFO  ozone.HddsDatanodeService (HddsDatanodeService.java:startPlugins(396)) - Started plug-in org.apache.hadoop.ozone.web.OzoneHddsDatanodeService@31f77791
2019-06-13 15:43:58,174 INFO  impl.MetricsSystemImpl (MetricsSystemImpl.java:init(158)) - HddsDatanode metrics system started (again)
2019-06-13 15:43:58,175 INFO  ozone.HddsDatanodeService (HddsDatanodeService.java:start(185)) - HddsDatanodeService host:ozone-ldwqp-4079303285 ip:192.168.134.103
2019-06-13 15:43:58,178 INFO  util.JvmPauseMonitor (JvmPauseMonitor.java:run(188)) - Starting JVM pause monitor
2019-06-13 15:43:58,182 INFO  datanode.InitDatanodeState (InitDatanodeState.java:persistContainerDatanodeDetails(140)) - DatanodeDetails is persisted to /opt/src/hadoop-ozone/integration-test/target/test-dir/MiniOzoneClusterImpl-bc146287-0d28-4cd3-ac28-055d8c97a901/datanode-2/meta/datanode.id
2019-06-13 15:43:58,183 INFO  volume.HddsVolume (HddsVolume.java:<init>(176)) - Creating Volume: /opt/src/hadoop-ozone/integration-test/target/test-dir/MiniOzoneClusterImpl-bc146287-0d28-4cd3-ac28-055d8c97a901/datanode-3/data/containers/hdds of  storage type : DISK and capacity : 104021790720
2019-06-13 15:43:58,184 INFO  volume.VolumeSet (VolumeSet.java:initializeVolumeSet(170)) - Added Volume : /opt/src/hadoop-ozone/integration-test/target/test-dir/MiniOzoneClusterImpl-bc146287-0d28-4cd3-ac28-055d8c97a901/datanode-3/data/containers/hdds to VolumeSet
2019-06-13 15:43:58,184 INFO  volume.ThrottledAsyncChecker (ThrottledAsyncChecker.java:schedule(140)) - Scheduling a check for org.apache.hadoop.ozone.container.common.volume.HddsVolume@616a06e3
2019-06-13 15:43:58,184 INFO  volume.HddsVolumeChecker (HddsVolumeChecker.java:checkAllVolumes(203)) - Scheduled health check for volume org.apache.hadoop.ozone.container.common.volume.HddsVolume@616a06e3
2019-06-13 15:43:58,202 INFO  ratis.XceiverServerRatis (XceiverServerRatis.java:newXceiverServerRatis(401)) - Found a free port for the server : 37077
2019-06-13 15:43:58,204 INFO  impl.RaftServerProxy (ConfUtils.java:logGet(43)) - raft.rpc.type = GRPC (default)
2019-06-13 15:43:58,204 INFO  grpc.GrpcConfigKeys$Server (ConfUtils.java:logGet(43)) - raft.grpc.server.port = 37077 (custom)
2019-06-13 15:43:58,204 INFO  server.GrpcService (ConfUtils.java:logGet(43)) - raft.grpc.message.size.max = 33570816 (custom)
2019-06-13 15:43:58,204 INFO  server.RaftServerConfigKeys (ConfUtils.java:logGet(43)) - raft.server.log.appender.buffer.byte-limit = 33554432 (custom)
2019-06-13 15:43:58,205 INFO  server.GrpcService (ConfUtils.java:logGet(43)) - raft.grpc.flow.control.window = 1MB (=1048576) (default)
2019-06-13 15:43:58,205 INFO  server.RaftServerConfigKeys (ConfUtils.java:logGet(43)) - raft.server.rpc.request.timeout = 3000ms (default)
2019-06-13 15:43:58,205 INFO  server.RaftServerConfigKeys (ConfUtils.java:logGet(43)) - raft.server.storage.dir = [/opt/src/hadoop-ozone/integration-test/target/test-dir/MiniOzoneClusterImpl-bc146287-0d28-4cd3-ac28-055d8c97a901/datanode-3/data/ratis] (custom)
2019-06-13 15:43:58,206 INFO  server.XceiverServerGrpc (XceiverServerGrpc.java:<init>(97)) - Found a free port for the server : 38573
2019-06-13 15:43:58,206 INFO  replication.SimpleContainerDownloader (SimpleContainerDownloader.java:<init>(72)) - Starting container downloader service to copy containers to replicate.
2019-06-13 15:43:58,207 INFO  hdfs.DFSUtil (DFSUtil.java:httpServerTemplateForNNAndJN(1641)) - Starting Web-server for hddsDatanode at: http://0.0.0.0:0
2019-06-13 15:43:58,209 INFO  server.AuthenticationFilter (AuthenticationFilter.java:constructSecretProvider(240)) - Unable to initialize FileSignerSecretProvider, falling back to use random secrets.
2019-06-13 15:43:58,210 WARN  http.HttpRequestLog (HttpRequestLog.java:getRequestLog(97)) - Jetty request log can only be enabled using Log4j
2019-06-13 15:43:58,211 INFO  http.HttpServer2 (HttpServer2.java:addGlobalFilter(975)) - Added global filter 'safety' (class=org.apache.hadoop.http.HttpServer2$QuotingInputFilter)
2019-06-13 15:43:58,212 INFO  http.HttpServer2 (HttpServer2.java:addFilter(948)) - Added filter static_user_filter (class=org.apache.hadoop.http.lib.StaticUserWebFilter$StaticUserFilter) to context hddsDatanode
2019-06-13 15:43:58,212 INFO  http.HttpServer2 (HttpServer2.java:addFilter(958)) - Added filter static_user_filter (class=org.apache.hadoop.http.lib.StaticUserWebFilter$StaticUserFilter) to context logs
2019-06-13 15:43:58,212 INFO  http.HttpServer2 (HttpServer2.java:addFilter(958)) - Added filter static_user_filter (class=org.apache.hadoop.http.lib.StaticUserWebFilter$StaticUserFilter) to context static
2019-06-13 15:43:58,213 INFO  http.HttpServer2 (HttpServer2.java:bindListener(1191)) - Jetty bound to port 45607
2019-06-13 15:43:58,213 INFO  server.Server (Server.java:doStart(351)) - jetty-9.3.24.v20180605, build timestamp: 2018-06-05T17:11:56Z, git hash: 84205aa28f11a4f31f2a3b86d1bba2cc8ab69827
2019-06-13 15:43:58,216 INFO  handler.ContextHandler (ContextHandler.java:doStart(781)) - Started o.e.j.s.ServletContextHandler@5efe47fd{/logs,file:///opt/src/hadoop-ozone/integration-test/target/log,AVAILABLE}
2019-06-13 15:43:58,216 INFO  handler.ContextHandler (ContextHandler.java:doStart(781)) - Started o.e.j.s.ServletContextHandler@7e3236d{/static,jar:file:/root/.m2/repository/org/apache/hadoop/hadoop-hdds-container-service/0.5.0-SNAPSHOT/hadoop-hdds-container-service-0.5.0-SNAPSHOT.jar!/webapps/static,AVAILABLE}
2019-06-13 15:43:58,244 INFO  handler.ContextHandler (ContextHandler.java:doStart(781)) - Started o.e.j.w.WebAppContext@6221b13b{/,file:///tmp/jetty-0.0.0.0-45607-hddsDatanode-_-any-755224384694637429.dir/webapp/,AVAILABLE}{/hddsDatanode}
2019-06-13 15:43:58,246 INFO  server.AbstractConnector (AbstractConnector.java:doStart(278)) - Started ServerConnector@62c3f556{HTTP/1.1,[http/1.1]}{0.0.0.0:45607}
2019-06-13 15:43:58,247 INFO  server.Server (Server.java:doStart(419)) - Started @4666ms
2019-06-13 15:43:58,248 INFO  server.BaseHttpServer (BaseHttpServer.java:updateConnectorAddress(207)) - HTTP server of HDDSDATANODE is listening at http://0.0.0.0:45607
2019-06-13 15:43:58,386 INFO  ozone.HddsDatanodeService (HddsDatanodeService.java:startPlugins(396)) - Started plug-in org.apache.hadoop.ozone.web.OzoneHddsDatanodeService@4f114b
2019-06-13 15:43:58,386 INFO  impl.MetricsSystemImpl (MetricsSystemImpl.java:init(158)) - HddsDatanode metrics system started (again)
2019-06-13 15:43:58,387 INFO  ozone.HddsDatanodeService (HddsDatanodeService.java:start(185)) - HddsDatanodeService host:ozone-ldwqp-4079303285 ip:192.168.134.103
2019-06-13 15:43:58,390 INFO  util.JvmPauseMonitor (JvmPauseMonitor.java:run(188)) - Starting JVM pause monitor
2019-06-13 15:43:58,391 INFO  datanode.InitDatanodeState (InitDatanodeState.java:persistContainerDatanodeDetails(140)) - DatanodeDetails is persisted to /opt/src/hadoop-ozone/integration-test/target/test-dir/MiniOzoneClusterImpl-bc146287-0d28-4cd3-ac28-055d8c97a901/datanode-3/meta/datanode.id
2019-06-13 15:43:58,395 INFO  volume.HddsVolume (HddsVolume.java:<init>(176)) - Creating Volume: /opt/src/hadoop-ozone/integration-test/target/test-dir/MiniOzoneClusterImpl-bc146287-0d28-4cd3-ac28-055d8c97a901/datanode-4/data/containers/hdds of  storage type : DISK and capacity : 104021790720
2019-06-13 15:43:58,395 INFO  volume.VolumeSet (VolumeSet.java:initializeVolumeSet(170)) - Added Volume : /opt/src/hadoop-ozone/integration-test/target/test-dir/MiniOzoneClusterImpl-bc146287-0d28-4cd3-ac28-055d8c97a901/datanode-4/data/containers/hdds to VolumeSet
2019-06-13 15:43:58,395 INFO  volume.ThrottledAsyncChecker (ThrottledAsyncChecker.java:schedule(140)) - Scheduling a check for org.apache.hadoop.ozone.container.common.volume.HddsVolume@75882261
2019-06-13 15:43:58,398 INFO  volume.HddsVolumeChecker (HddsVolumeChecker.java:checkAllVolumes(203)) - Scheduled health check for volume org.apache.hadoop.ozone.container.common.volume.HddsVolume@75882261
2019-06-13 15:43:58,408 INFO  ratis.XceiverServerRatis (XceiverServerRatis.java:newXceiverServerRatis(401)) - Found a free port for the server : 38623
2019-06-13 15:43:58,409 INFO  impl.RaftServerProxy (ConfUtils.java:logGet(43)) - raft.rpc.type = GRPC (default)
2019-06-13 15:43:58,409 INFO  grpc.GrpcConfigKeys$Server (ConfUtils.java:logGet(43)) - raft.grpc.server.port = 38623 (custom)
2019-06-13 15:43:58,410 INFO  server.GrpcService (ConfUtils.java:logGet(43)) - raft.grpc.message.size.max = 33570816 (custom)
2019-06-13 15:43:58,410 INFO  server.RaftServerConfigKeys (ConfUtils.java:logGet(43)) - raft.server.log.appender.buffer.byte-limit = 33554432 (custom)
2019-06-13 15:43:58,410 INFO  server.GrpcService (ConfUtils.java:logGet(43)) - raft.grpc.flow.control.window = 1MB (=1048576) (default)
2019-06-13 15:43:58,410 INFO  server.RaftServerConfigKeys (ConfUtils.java:logGet(43)) - raft.server.rpc.request.timeout = 3000ms (default)
2019-06-13 15:43:58,411 INFO  server.RaftServerConfigKeys (ConfUtils.java:logGet(43)) - raft.server.storage.dir = [/opt/src/hadoop-ozone/integration-test/target/test-dir/MiniOzoneClusterImpl-bc146287-0d28-4cd3-ac28-055d8c97a901/datanode-4/data/ratis] (custom)
2019-06-13 15:43:58,411 INFO  server.XceiverServerGrpc (XceiverServerGrpc.java:<init>(97)) - Found a free port for the server : 45865
2019-06-13 15:43:58,412 INFO  replication.SimpleContainerDownloader (SimpleContainerDownloader.java:<init>(72)) - Starting container downloader service to copy containers to replicate.
2019-06-13 15:43:58,413 INFO  hdfs.DFSUtil (DFSUtil.java:httpServerTemplateForNNAndJN(1641)) - Starting Web-server for hddsDatanode at: http://0.0.0.0:0
2019-06-13 15:43:58,414 INFO  server.AuthenticationFilter (AuthenticationFilter.java:constructSecretProvider(240)) - Unable to initialize FileSignerSecretProvider, falling back to use random secrets.
2019-06-13 15:43:58,414 WARN  http.HttpRequestLog (HttpRequestLog.java:getRequestLog(97)) - Jetty request log can only be enabled using Log4j
2019-06-13 15:43:58,415 INFO  http.HttpServer2 (HttpServer2.java:addGlobalFilter(975)) - Added global filter 'safety' (class=org.apache.hadoop.http.HttpServer2$QuotingInputFilter)
2019-06-13 15:43:58,415 INFO  http.HttpServer2 (HttpServer2.java:addFilter(948)) - Added filter static_user_filter (class=org.apache.hadoop.http.lib.StaticUserWebFilter$StaticUserFilter) to context hddsDatanode
2019-06-13 15:43:58,415 INFO  http.HttpServer2 (HttpServer2.java:addFilter(958)) - Added filter static_user_filter (class=org.apache.hadoop.http.lib.StaticUserWebFilter$StaticUserFilter) to context logs
2019-06-13 15:43:58,416 INFO  http.HttpServer2 (HttpServer2.java:addFilter(958)) - Added filter static_user_filter (class=org.apache.hadoop.http.lib.StaticUserWebFilter$StaticUserFilter) to context static
2019-06-13 15:43:58,416 INFO  http.HttpServer2 (HttpServer2.java:bindListener(1191)) - Jetty bound to port 45061
2019-06-13 15:43:58,416 INFO  server.Server (Server.java:doStart(351)) - jetty-9.3.24.v20180605, build timestamp: 2018-06-05T17:11:56Z, git hash: 84205aa28f11a4f31f2a3b86d1bba2cc8ab69827
2019-06-13 15:43:58,419 INFO  handler.ContextHandler (ContextHandler.java:doStart(781)) - Started o.e.j.s.ServletContextHandler@4f1afe8f{/logs,file:///opt/src/hadoop-ozone/integration-test/target/log,AVAILABLE}
2019-06-13 15:43:58,419 INFO  handler.ContextHandler (ContextHandler.java:doStart(781)) - Started o.e.j.s.ServletContextHandler@443a06ad{/static,jar:file:/root/.m2/repository/org/apache/hadoop/hadoop-hdds-container-service/0.5.0-SNAPSHOT/hadoop-hdds-container-service-0.5.0-SNAPSHOT.jar!/webapps/static,AVAILABLE}
2019-06-13 15:43:58,440 INFO  handler.ContextHandler (ContextHandler.java:doStart(781)) - Started o.e.j.w.WebAppContext@119290b9{/,file:///tmp/jetty-0.0.0.0-45061-hddsDatanode-_-any-6082446869156791892.dir/webapp/,AVAILABLE}{/hddsDatanode}
2019-06-13 15:43:58,441 INFO  server.AbstractConnector (AbstractConnector.java:doStart(278)) - Started ServerConnector@640d604{HTTP/1.1,[http/1.1]}{0.0.0.0:45061}
2019-06-13 15:43:58,442 INFO  server.Server (Server.java:doStart(419)) - Started @4861ms
2019-06-13 15:43:58,443 INFO  server.BaseHttpServer (BaseHttpServer.java:updateConnectorAddress(207)) - HTTP server of HDDSDATANODE is listening at http://0.0.0.0:45061
2019-06-13 15:43:58,540 INFO  ozone.HddsDatanodeService (HddsDatanodeService.java:startPlugins(396)) - Started plug-in org.apache.hadoop.ozone.web.OzoneHddsDatanodeService@106c988
2019-06-13 15:43:58,540 INFO  impl.MetricsSystemImpl (MetricsSystemImpl.java:init(158)) - HddsDatanode metrics system started (again)
2019-06-13 15:43:58,541 INFO  ozone.HddsDatanodeService (HddsDatanodeService.java:start(185)) - HddsDatanodeService host:ozone-ldwqp-4079303285 ip:192.168.134.103
2019-06-13 15:43:58,542 INFO  util.JvmPauseMonitor (JvmPauseMonitor.java:run(188)) - Starting JVM pause monitor
2019-06-13 15:43:58,544 INFO  datanode.InitDatanodeState (InitDatanodeState.java:persistContainerDatanodeDetails(140)) - DatanodeDetails is persisted to /opt/src/hadoop-ozone/integration-test/target/test-dir/MiniOzoneClusterImpl-bc146287-0d28-4cd3-ac28-055d8c97a901/datanode-4/meta/datanode.id
2019-06-13 15:43:58,549 INFO  volume.HddsVolume (HddsVolume.java:<init>(176)) - Creating Volume: /opt/src/hadoop-ozone/integration-test/target/test-dir/MiniOzoneClusterImpl-bc146287-0d28-4cd3-ac28-055d8c97a901/datanode-5/data/containers/hdds of  storage type : DISK and capacity : 104021790720
2019-06-13 15:43:58,549 INFO  volume.VolumeSet (VolumeSet.java:initializeVolumeSet(170)) - Added Volume : /opt/src/hadoop-ozone/integration-test/target/test-dir/MiniOzoneClusterImpl-bc146287-0d28-4cd3-ac28-055d8c97a901/datanode-5/data/containers/hdds to VolumeSet
2019-06-13 15:43:58,550 INFO  volume.ThrottledAsyncChecker (ThrottledAsyncChecker.java:schedule(140)) - Scheduling a check for org.apache.hadoop.ozone.container.common.volume.HddsVolume@2017f6e6
2019-06-13 15:43:58,550 INFO  volume.HddsVolumeChecker (HddsVolumeChecker.java:checkAllVolumes(203)) - Scheduled health check for volume org.apache.hadoop.ozone.container.common.volume.HddsVolume@2017f6e6
2019-06-13 15:43:58,560 INFO  ratis.XceiverServerRatis (XceiverServerRatis.java:newXceiverServerRatis(401)) - Found a free port for the server : 44897
2019-06-13 15:43:58,561 INFO  impl.RaftServerProxy (ConfUtils.java:logGet(43)) - raft.rpc.type = GRPC (default)
2019-06-13 15:43:58,562 INFO  grpc.GrpcConfigKeys$Server (ConfUtils.java:logGet(43)) - raft.grpc.server.port = 44897 (custom)
2019-06-13 15:43:58,562 INFO  server.GrpcService (ConfUtils.java:logGet(43)) - raft.grpc.message.size.max = 33570816 (custom)
2019-06-13 15:43:58,562 INFO  server.RaftServerConfigKeys (ConfUtils.java:logGet(43)) - raft.server.log.appender.buffer.byte-limit = 33554432 (custom)
2019-06-13 15:43:58,562 INFO  server.GrpcService (ConfUtils.java:logGet(43)) - raft.grpc.flow.control.window = 1MB (=1048576) (default)
2019-06-13 15:43:58,563 INFO  server.RaftServerConfigKeys (ConfUtils.java:logGet(43)) - raft.server.rpc.request.timeout = 3000ms (default)
2019-06-13 15:43:58,563 INFO  server.RaftServerConfigKeys (ConfUtils.java:logGet(43)) - raft.server.storage.dir = [/opt/src/hadoop-ozone/integration-test/target/test-dir/MiniOzoneClusterImpl-bc146287-0d28-4cd3-ac28-055d8c97a901/datanode-5/data/ratis] (custom)
2019-06-13 15:43:58,564 INFO  server.XceiverServerGrpc (XceiverServerGrpc.java:<init>(97)) - Found a free port for the server : 38591
2019-06-13 15:43:58,564 INFO  replication.SimpleContainerDownloader (SimpleContainerDownloader.java:<init>(72)) - Starting container downloader service to copy containers to replicate.
2019-06-13 15:43:58,565 INFO  hdfs.DFSUtil (DFSUtil.java:httpServerTemplateForNNAndJN(1641)) - Starting Web-server for hddsDatanode at: http://0.0.0.0:0
2019-06-13 15:43:58,566 INFO  server.AuthenticationFilter (AuthenticationFilter.java:constructSecretProvider(240)) - Unable to initialize FileSignerSecretProvider, falling back to use random secrets.
2019-06-13 15:43:58,574 WARN  http.HttpRequestLog (HttpRequestLog.java:getRequestLog(97)) - Jetty request log can only be enabled using Log4j
2019-06-13 15:43:58,575 INFO  http.HttpServer2 (HttpServer2.java:addGlobalFilter(975)) - Added global filter 'safety' (class=org.apache.hadoop.http.HttpServer2$QuotingInputFilter)
2019-06-13 15:43:58,576 INFO  http.HttpServer2 (HttpServer2.java:addFilter(948)) - Added filter static_user_filter (class=org.apache.hadoop.http.lib.StaticUserWebFilter$StaticUserFilter) to context hddsDatanode
2019-06-13 15:43:58,576 INFO  http.HttpServer2 (HttpServer2.java:addFilter(958)) - Added filter static_user_filter (class=org.apache.hadoop.http.lib.StaticUserWebFilter$StaticUserFilter) to context logs
2019-06-13 15:43:58,576 INFO  http.HttpServer2 (HttpServer2.java:addFilter(958)) - Added filter static_user_filter (class=org.apache.hadoop.http.lib.StaticUserWebFilter$StaticUserFilter) to context static
2019-06-13 15:43:58,577 INFO  http.HttpServer2 (HttpServer2.java:bindListener(1191)) - Jetty bound to port 39343
2019-06-13 15:43:58,577 INFO  server.Server (Server.java:doStart(351)) - jetty-9.3.24.v20180605, build timestamp: 2018-06-05T17:11:56Z, git hash: 84205aa28f11a4f31f2a3b86d1bba2cc8ab69827
2019-06-13 15:43:58,581 INFO  handler.ContextHandler (ContextHandler.java:doStart(781)) - Started o.e.j.s.ServletContextHandler@527937d0{/logs,file:///opt/src/hadoop-ozone/integration-test/target/log,AVAILABLE}
2019-06-13 15:43:58,581 INFO  handler.ContextHandler (ContextHandler.java:doStart(781)) - Started o.e.j.s.ServletContextHandler@6c2a95d5{/static,jar:file:/root/.m2/repository/org/apache/hadoop/hadoop-hdds-container-service/0.5.0-SNAPSHOT/hadoop-hdds-container-service-0.5.0-SNAPSHOT.jar!/webapps/static,AVAILABLE}
2019-06-13 15:43:58,603 INFO  handler.ContextHandler (ContextHandler.java:doStart(781)) - Started o.e.j.w.WebAppContext@19a5b637{/,file:///tmp/jetty-0.0.0.0-39343-hddsDatanode-_-any-7629519645856302833.dir/webapp/,AVAILABLE}{/hddsDatanode}
2019-06-13 15:43:58,603 INFO  server.AbstractConnector (AbstractConnector.java:doStart(278)) - Started ServerConnector@4f3c7808{HTTP/1.1,[http/1.1]}{0.0.0.0:39343}
2019-06-13 15:43:58,604 INFO  server.Server (Server.java:doStart(419)) - Started @5023ms
2019-06-13 15:43:58,605 INFO  server.BaseHttpServer (BaseHttpServer.java:updateConnectorAddress(207)) - HTTP server of HDDSDATANODE is listening at http://0.0.0.0:39343
2019-06-13 15:43:58,732 INFO  ozone.HddsDatanodeService (HddsDatanodeService.java:startPlugins(396)) - Started plug-in org.apache.hadoop.ozone.web.OzoneHddsDatanodeService@7af1d072
2019-06-13 15:43:58,732 INFO  impl.MetricsSystemImpl (MetricsSystemImpl.java:init(158)) - HddsDatanode metrics system started (again)
2019-06-13 15:43:58,733 INFO  ozone.HddsDatanodeService (HddsDatanodeService.java:start(185)) - HddsDatanodeService host:ozone-ldwqp-4079303285 ip:192.168.134.103
2019-06-13 15:43:58,734 INFO  util.JvmPauseMonitor (JvmPauseMonitor.java:run(188)) - Starting JVM pause monitor
2019-06-13 15:43:58,735 INFO  datanode.InitDatanodeState (InitDatanodeState.java:persistContainerDatanodeDetails(140)) - DatanodeDetails is persisted to /opt/src/hadoop-ozone/integration-test/target/test-dir/MiniOzoneClusterImpl-bc146287-0d28-4cd3-ac28-055d8c97a901/datanode-5/meta/datanode.id
2019-06-13 15:43:58,738 INFO  volume.HddsVolume (HddsVolume.java:<init>(176)) - Creating Volume: /opt/src/hadoop-ozone/integration-test/target/test-dir/MiniOzoneClusterImpl-bc146287-0d28-4cd3-ac28-055d8c97a901/datanode-6/data/containers/hdds of  storage type : DISK and capacity : 104021790720
2019-06-13 15:43:58,739 INFO  volume.VolumeSet (VolumeSet.java:initializeVolumeSet(170)) - Added Volume : /opt/src/hadoop-ozone/integration-test/target/test-dir/MiniOzoneClusterImpl-bc146287-0d28-4cd3-ac28-055d8c97a901/datanode-6/data/containers/hdds to VolumeSet
2019-06-13 15:43:58,739 INFO  volume.ThrottledAsyncChecker (ThrottledAsyncChecker.java:schedule(140)) - Scheduling a check for org.apache.hadoop.ozone.container.common.volume.HddsVolume@10a907ec
2019-06-13 15:43:58,740 INFO  volume.HddsVolumeChecker (HddsVolumeChecker.java:checkAllVolumes(203)) - Scheduled health check for volume org.apache.hadoop.ozone.container.common.volume.HddsVolume@10a907ec
2019-06-13 15:43:58,754 INFO  ratis.XceiverServerRatis (XceiverServerRatis.java:newXceiverServerRatis(401)) - Found a free port for the server : 34213
2019-06-13 15:43:58,755 INFO  impl.RaftServerProxy (ConfUtils.java:logGet(43)) - raft.rpc.type = GRPC (default)
2019-06-13 15:43:58,755 INFO  grpc.GrpcConfigKeys$Server (ConfUtils.java:logGet(43)) - raft.grpc.server.port = 34213 (custom)
2019-06-13 15:43:58,755 INFO  server.GrpcService (ConfUtils.java:logGet(43)) - raft.grpc.message.size.max = 33570816 (custom)
2019-06-13 15:43:58,755 INFO  server.RaftServerConfigKeys (ConfUtils.java:logGet(43)) - raft.server.log.appender.buffer.byte-limit = 33554432 (custom)
2019-06-13 15:43:58,756 INFO  server.GrpcService (ConfUtils.java:logGet(43)) - raft.grpc.flow.control.window = 1MB (=1048576) (default)
2019-06-13 15:43:58,756 INFO  server.RaftServerConfigKeys (ConfUtils.java:logGet(43)) - raft.server.rpc.request.timeout = 3000ms (default)
2019-06-13 15:43:58,757 INFO  server.RaftServerConfigKeys (ConfUtils.java:logGet(43)) - raft.server.storage.dir = [/opt/src/hadoop-ozone/integration-test/target/test-dir/MiniOzoneClusterImpl-bc146287-0d28-4cd3-ac28-055d8c97a901/datanode-6/data/ratis] (custom)
2019-06-13 15:43:58,757 INFO  server.XceiverServerGrpc (XceiverServerGrpc.java:<init>(97)) - Found a free port for the server : 38159
2019-06-13 15:43:58,757 INFO  replication.SimpleContainerDownloader (SimpleContainerDownloader.java:<init>(72)) - Starting container downloader service to copy containers to replicate.
2019-06-13 15:43:58,758 INFO  hdfs.DFSUtil (DFSUtil.java:httpServerTemplateForNNAndJN(1641)) - Starting Web-server for hddsDatanode at: http://0.0.0.0:0
2019-06-13 15:43:58,759 INFO  server.AuthenticationFilter (AuthenticationFilter.java:constructSecretProvider(240)) - Unable to initialize FileSignerSecretProvider, falling back to use random secrets.
2019-06-13 15:43:58,760 WARN  http.HttpRequestLog (HttpRequestLog.java:getRequestLog(97)) - Jetty request log can only be enabled using Log4j
2019-06-13 15:43:58,761 INFO  http.HttpServer2 (HttpServer2.java:addGlobalFilter(975)) - Added global filter 'safety' (class=org.apache.hadoop.http.HttpServer2$QuotingInputFilter)
2019-06-13 15:43:58,762 INFO  http.HttpServer2 (HttpServer2.java:addFilter(948)) - Added filter static_user_filter (class=org.apache.hadoop.http.lib.StaticUserWebFilter$StaticUserFilter) to context hddsDatanode
2019-06-13 15:43:58,762 INFO  http.HttpServer2 (HttpServer2.java:addFilter(958)) - Added filter static_user_filter (class=org.apache.hadoop.http.lib.StaticUserWebFilter$StaticUserFilter) to context static
2019-06-13 15:43:58,762 INFO  http.HttpServer2 (HttpServer2.java:addFilter(958)) - Added filter static_user_filter (class=org.apache.hadoop.http.lib.StaticUserWebFilter$StaticUserFilter) to context logs
2019-06-13 15:43:58,763 INFO  http.HttpServer2 (HttpServer2.java:bindListener(1191)) - Jetty bound to port 37351
2019-06-13 15:43:58,763 INFO  server.Server (Server.java:doStart(351)) - jetty-9.3.24.v20180605, build timestamp: 2018-06-05T17:11:56Z, git hash: 84205aa28f11a4f31f2a3b86d1bba2cc8ab69827
2019-06-13 15:43:58,765 INFO  handler.ContextHandler (ContextHandler.java:doStart(781)) - Started o.e.j.s.ServletContextHandler@4f5c30b1{/logs,file:///opt/src/hadoop-ozone/integration-test/target/log,AVAILABLE}
2019-06-13 15:43:58,765 INFO  handler.ContextHandler (ContextHandler.java:doStart(781)) - Started o.e.j.s.ServletContextHandler@5d7f8467{/static,jar:file:/root/.m2/repository/org/apache/hadoop/hadoop-hdds-container-service/0.5.0-SNAPSHOT/hadoop-hdds-container-service-0.5.0-SNAPSHOT.jar!/webapps/static,AVAILABLE}
2019-06-13 15:43:58,794 INFO  handler.ContextHandler (ContextHandler.java:doStart(781)) - Started o.e.j.w.WebAppContext@74c121d4{/,file:///tmp/jetty-0.0.0.0-37351-hddsDatanode-_-any-3876672730137887588.dir/webapp/,AVAILABLE}{/hddsDatanode}
2019-06-13 15:43:58,796 INFO  server.AbstractConnector (AbstractConnector.java:doStart(278)) - Started ServerConnector@2a484710{HTTP/1.1,[http/1.1]}{0.0.0.0:37351}
2019-06-13 15:43:58,796 INFO  server.Server (Server.java:doStart(419)) - Started @5215ms
2019-06-13 15:43:58,797 INFO  server.BaseHttpServer (BaseHttpServer.java:updateConnectorAddress(207)) - HTTP server of HDDSDATANODE is listening at http://0.0.0.0:37351
2019-06-13 15:43:58,905 INFO  ozone.HddsDatanodeService (HddsDatanodeService.java:startPlugins(396)) - Started plug-in org.apache.hadoop.ozone.web.OzoneHddsDatanodeService@8077c97
2019-06-13 15:43:58,906 INFO  ozone.MiniOzoneClusterImpl (MiniOzoneClusterImpl.java:lambda$waitForClusterToBeReady$0(142)) - Waiting for cluster to be ready. Got 0 of 7 DN Heartbeats.
2019-06-13 15:43:58,910 INFO  util.JvmPauseMonitor (JvmPauseMonitor.java:run(188)) - Starting JVM pause monitor
2019-06-13 15:43:58,912 INFO  datanode.InitDatanodeState (InitDatanodeState.java:persistContainerDatanodeDetails(140)) - DatanodeDetails is persisted to /opt/src/hadoop-ozone/integration-test/target/test-dir/MiniOzoneClusterImpl-bc146287-0d28-4cd3-ac28-055d8c97a901/datanode-6/meta/datanode.id
2019-06-13 15:43:59,696 INFO  ozoneimpl.OzoneContainer (OzoneContainer.java:start(186)) - Attempting to start container services.
2019-06-13 15:43:59,696 INFO  ozoneimpl.OzoneContainer (OzoneContainer.java:startContainerScrub(160)) - Background container scrubber has been disabled by hdds.containerscrub.enabled
2019-06-13 15:43:59,697 INFO  ratis.XceiverServerRatis (XceiverServerRatis.java:start(418)) - Starting XceiverServerRatis 34ce2e33-6582-4a14-9433-1ece43bac433 at port 45833
2019-06-13 15:43:59,708 INFO  impl.RaftServerProxy (RaftServerProxy.java:lambda$start$3(299)) - 34ce2e33-6582-4a14-9433-1ece43bac433: start RPC server
2019-06-13 15:43:59,819 INFO  server.GrpcService (GrpcService.java:startImpl(148)) - 34ce2e33-6582-4a14-9433-1ece43bac433: GrpcService started, listening on 0.0.0.0/0.0.0.0:45833
2019-06-13 15:43:59,906 INFO  ozone.MiniOzoneClusterImpl (MiniOzoneClusterImpl.java:lambda$waitForClusterToBeReady$0(142)) - Waiting for cluster to be ready. Got 0 of 7 DN Heartbeats.
2019-06-13 15:43:59,959 INFO  ozoneimpl.OzoneContainer (OzoneContainer.java:start(186)) - Attempting to start container services.
2019-06-13 15:43:59,960 INFO  ozoneimpl.OzoneContainer (OzoneContainer.java:startContainerScrub(160)) - Background container scrubber has been disabled by hdds.containerscrub.enabled
2019-06-13 15:43:59,960 INFO  ratis.XceiverServerRatis (XceiverServerRatis.java:start(418)) - Starting XceiverServerRatis 473868cb-61bf-4f2e-8f26-aa2e4a1961c9 at port 40889
2019-06-13 15:43:59,965 INFO  impl.RaftServerProxy (RaftServerProxy.java:lambda$start$3(299)) - 473868cb-61bf-4f2e-8f26-aa2e4a1961c9: start RPC server
2019-06-13 15:43:59,967 INFO  server.GrpcService (GrpcService.java:startImpl(148)) - 473868cb-61bf-4f2e-8f26-aa2e4a1961c9: GrpcService started, listening on 0.0.0.0/0.0.0.0:40889
2019-06-13 15:44:00,182 INFO  ozoneimpl.OzoneContainer (OzoneContainer.java:start(186)) - Attempting to start container services.
2019-06-13 15:44:00,184 INFO  ozoneimpl.OzoneContainer (OzoneContainer.java:startContainerScrub(160)) - Background container scrubber has been disabled by hdds.containerscrub.enabled
2019-06-13 15:44:00,184 INFO  ratis.XceiverServerRatis (XceiverServerRatis.java:start(418)) - Starting XceiverServerRatis 915c82e3-2d9a-49e6-8c45-12303fd07f1f at port 38533
2019-06-13 15:44:00,193 INFO  impl.RaftServerProxy (RaftServerProxy.java:lambda$start$3(299)) - 915c82e3-2d9a-49e6-8c45-12303fd07f1f: start RPC server
2019-06-13 15:44:00,194 INFO  server.GrpcService (GrpcService.java:startImpl(148)) - 915c82e3-2d9a-49e6-8c45-12303fd07f1f: GrpcService started, listening on 0.0.0.0/0.0.0.0:38533
2019-06-13 15:44:00,395 INFO  ozoneimpl.OzoneContainer (OzoneContainer.java:start(186)) - Attempting to start container services.
2019-06-13 15:44:00,397 INFO  ozoneimpl.OzoneContainer (OzoneContainer.java:startContainerScrub(160)) - Background container scrubber has been disabled by hdds.containerscrub.enabled
2019-06-13 15:44:00,397 INFO  ratis.XceiverServerRatis (XceiverServerRatis.java:start(418)) - Starting XceiverServerRatis 8cae24b9-ead3-41cd-bd7f-737b6e36f93a at port 37077
2019-06-13 15:44:00,410 INFO  impl.RaftServerProxy (RaftServerProxy.java:lambda$start$3(299)) - 8cae24b9-ead3-41cd-bd7f-737b6e36f93a: start RPC server
2019-06-13 15:44:00,412 INFO  server.GrpcService (GrpcService.java:startImpl(148)) - 8cae24b9-ead3-41cd-bd7f-737b6e36f93a: GrpcService started, listening on 0.0.0.0/0.0.0.0:37077
2019-06-13 15:44:00,546 INFO  ozoneimpl.OzoneContainer (OzoneContainer.java:start(186)) - Attempting to start container services.
2019-06-13 15:44:00,548 INFO  ozoneimpl.OzoneContainer (OzoneContainer.java:startContainerScrub(160)) - Background container scrubber has been disabled by hdds.containerscrub.enabled
2019-06-13 15:44:00,548 INFO  ratis.XceiverServerRatis (XceiverServerRatis.java:start(418)) - Starting XceiverServerRatis abd35e5c-06ad-4ff8-b246-cddb034938fc at port 38623
2019-06-13 15:44:00,554 INFO  impl.RaftServerProxy (RaftServerProxy.java:lambda$start$3(299)) - abd35e5c-06ad-4ff8-b246-cddb034938fc: start RPC server
2019-06-13 15:44:00,556 INFO  server.GrpcService (GrpcService.java:startImpl(148)) - abd35e5c-06ad-4ff8-b246-cddb034938fc: GrpcService started, listening on 0.0.0.0/0.0.0.0:38623
2019-06-13 15:44:00,738 INFO  ozoneimpl.OzoneContainer (OzoneContainer.java:start(186)) - Attempting to start container services.
2019-06-13 15:44:00,740 INFO  ozoneimpl.OzoneContainer (OzoneContainer.java:startContainerScrub(160)) - Background container scrubber has been disabled by hdds.containerscrub.enabled
2019-06-13 15:44:00,740 INFO  ratis.XceiverServerRatis (XceiverServerRatis.java:start(418)) - Starting XceiverServerRatis 199e3548-4b2a-4ae7-9e75-de2f099754d7 at port 44897
2019-06-13 15:44:00,746 INFO  impl.RaftServerProxy (RaftServerProxy.java:lambda$start$3(299)) - 199e3548-4b2a-4ae7-9e75-de2f099754d7: start RPC server
2019-06-13 15:44:00,748 INFO  server.GrpcService (GrpcService.java:startImpl(148)) - 199e3548-4b2a-4ae7-9e75-de2f099754d7: GrpcService started, listening on 0.0.0.0/0.0.0.0:44897
2019-06-13 15:44:00,906 INFO  ozone.MiniOzoneClusterImpl (MiniOzoneClusterImpl.java:lambda$waitForClusterToBeReady$0(142)) - Waiting for cluster to be ready. Got 0 of 7 DN Heartbeats.
2019-06-13 15:44:00,915 INFO  ozoneimpl.OzoneContainer (OzoneContainer.java:start(186)) - Attempting to start container services.
2019-06-13 15:44:00,917 INFO  ozoneimpl.OzoneContainer (OzoneContainer.java:startContainerScrub(160)) - Background container scrubber has been disabled by hdds.containerscrub.enabled
2019-06-13 15:44:00,917 INFO  ratis.XceiverServerRatis (XceiverServerRatis.java:start(418)) - Starting XceiverServerRatis 89cc73c4-ef99-4694-ac7c-f99afc530a9a at port 34213
2019-06-13 15:44:00,921 INFO  impl.RaftServerProxy (RaftServerProxy.java:lambda$start$3(299)) - 89cc73c4-ef99-4694-ac7c-f99afc530a9a: start RPC server
2019-06-13 15:44:00,923 INFO  server.GrpcService (GrpcService.java:startImpl(148)) - 89cc73c4-ef99-4694-ac7c-f99afc530a9a: GrpcService started, listening on 0.0.0.0/0.0.0.0:34213
2019-06-13 15:44:01,697 INFO  node.SCMNodeManager (SCMNodeManager.java:register(234)) - Registered Data node : 34ce2e33-6582-4a14-9433-1ece43bac433{ip: 192.168.134.103, host: ozone-ldwqp-4079303285, networkLocation: /default-rack, certSerialId: null}
2019-06-13 15:44:01,703 INFO  safemode.SCMSafeModeManager (DataNodeSafeModeRule.java:process(71)) - SCM in safe mode. 1 DataNodes registered, 1 required.
2019-06-13 15:44:01,705 INFO  safemode.SCMSafeModeManager (SCMSafeModeManager.java:validateSafeModeExitRules(177)) - ScmSafeModeManager, all rules are successfully validated
2019-06-13 15:44:01,705 INFO  safemode.SCMSafeModeManager (SCMSafeModeManager.java:exitSafeMode(193)) - SCM exiting safe mode.
2019-06-13 15:44:01,907 INFO  ozone.MiniOzoneClusterImpl (MiniOzoneClusterImpl.java:lambda$waitForClusterToBeReady$0(142)) - Waiting for cluster to be ready. Got 1 of 7 DN Heartbeats.
2019-06-13 15:44:01,958 INFO  node.SCMNodeManager (SCMNodeManager.java:register(234)) - Registered Data node : 473868cb-61bf-4f2e-8f26-aa2e4a1961c9{ip: 192.168.134.103, host: ozone-ldwqp-4079303285, networkLocation: /default-rack, certSerialId: null}
2019-06-13 15:44:02,049 INFO  impl.RaftServerProxy (RaftServerProxy.java:addNew(89)) - 34ce2e33-6582-4a14-9433-1ece43bac433: addNew group-73E753073E28:[34ce2e33-6582-4a14-9433-1ece43bac433:192.168.134.103:45833] returns group-73E753073E28:java.util.concurrent.CompletableFuture@5b542185[Not completed]
2019-06-13 15:44:02,053 INFO  impl.RaftServerImpl (RaftServerImpl.java:<init>(91)) - 34ce2e33-6582-4a14-9433-1ece43bac433: new RaftServerImpl for group-73E753073E28:[34ce2e33-6582-4a14-9433-1ece43bac433:192.168.134.103:45833] with ContainerStateMachine:uninitialized
2019-06-13 15:44:02,054 INFO  server.RaftServerConfigKeys (ConfUtils.java:logGet(43)) - raft.server.rpc.timeout.min = 1s (custom)
2019-06-13 15:44:02,054 INFO  server.RaftServerConfigKeys (ConfUtils.java:logGet(43)) - raft.server.rpc.timeout.max = 1200ms (custom)
2019-06-13 15:44:02,055 INFO  server.RaftServerConfigKeys (ConfUtils.java:logGet(43)) - raft.server.rpcslowness.timeout = 120s (custom)
2019-06-13 15:44:02,055 INFO  server.RaftServerConfigKeys (ConfUtils.java:logGet(43)) - raft.server.log.appender.install.snapshot.enabled = true (default)
2019-06-13 15:44:02,060 INFO  impl.RaftServerImpl (ServerState.java:<init>(101)) - 34ce2e33-6582-4a14-9433-1ece43bac433:group-73E753073E28 ConfigurationManager, init=-1: [34ce2e33-6582-4a14-9433-1ece43bac433:192.168.134.103:45833], old=null, confs=<EMPTY_MAP>
2019-06-13 15:44:02,060 INFO  server.RaftServerConfigKeys (ConfUtils.java:logGet(43)) - raft.server.storage.dir = [/opt/src/hadoop-ozone/integration-test/target/test-dir/MiniOzoneClusterImpl-bc146287-0d28-4cd3-ac28-055d8c97a901/datanode-0/data/ratis] (custom)
2019-06-13 15:44:02,066 INFO  storage.RaftStorageDirectory (RaftStorageDirectory.java:analyzeStorage(246)) - The storage directory /opt/src/hadoop-ozone/integration-test/target/test-dir/MiniOzoneClusterImpl-bc146287-0d28-4cd3-ac28-055d8c97a901/datanode-0/data/ratis/023b632b-c432-49c4-acd8-73e753073e28 does not exist. Creating ...
2019-06-13 15:44:02,071 INFO  storage.RaftStorageDirectory (RaftStorageDirectory.java:tryLock(328)) - Lock on /opt/src/hadoop-ozone/integration-test/target/test-dir/MiniOzoneClusterImpl-bc146287-0d28-4cd3-ac28-055d8c97a901/datanode-0/data/ratis/023b632b-c432-49c4-acd8-73e753073e28/in_use.lock acquired by nodename 18795@ozone-ldwqp-4079303285
2019-06-13 15:44:02,075 INFO  storage.RaftStorage (RaftStorage.java:format(75)) - Storage directory /opt/src/hadoop-ozone/integration-test/target/test-dir/MiniOzoneClusterImpl-bc146287-0d28-4cd3-ac28-055d8c97a901/datanode-0/data/ratis/023b632b-c432-49c4-acd8-73e753073e28 has been successfully formatted.
2019-06-13 15:44:02,076 INFO  ratis.ContainerStateMachine (ContainerStateMachine.java:loadSnapshot(199)) - The snapshot info is null.Setting the last applied index to:(t:0, i:~)
2019-06-13 15:44:02,076 INFO  server.RaftServerConfigKeys (ConfUtils.java:logGet(43)) - raft.server.leader.election.timeout = 120s (custom)
2019-06-13 15:44:02,223 INFO  server.RaftServerConfigKeys (ConfUtils.java:logGet(43)) - raft.server.log.use.memory = false (default)
2019-06-13 15:44:02,227 INFO  server.RaftServerConfigKeys (ConfUtils.java:logGet(43)) - raft.server.log.appender.buffer.byte-limit = 33554432 (custom)
2019-06-13 15:44:02,227 INFO  node.SCMNodeManager (SCMNodeManager.java:register(234)) - Registered Data node : 915c82e3-2d9a-49e6-8c45-12303fd07f1f{ip: 192.168.134.103, host: ozone-ldwqp-4079303285, networkLocation: /default-rack, certSerialId: null}
2019-06-13 15:44:02,230 INFO  server.RaftServerConfigKeys (ConfUtils.java:logGet(43)) - raft.server.log.segment.size.max = 16384 (custom)
2019-06-13 15:44:02,234 INFO  server.RaftServerConfigKeys (ConfUtils.java:logGet(43)) - raft.server.log.segment.cache.num.max = 2 (custom)
2019-06-13 15:44:02,237 INFO  storage.RaftLogWorker (RaftLogWorker.java:<init>(123)) - new 34ce2e33-6582-4a14-9433-1ece43bac433-RaftLogWorker for Storage Directory /opt/src/hadoop-ozone/integration-test/target/test-dir/MiniOzoneClusterImpl-bc146287-0d28-4cd3-ac28-055d8c97a901/datanode-0/data/ratis/023b632b-c432-49c4-acd8-73e753073e28
2019-06-13 15:44:02,238 INFO  server.RaftServerConfigKeys (ConfUtils.java:logGet(43)) - raft.server.log.queue.byte-limit = 2147483647 (custom)
2019-06-13 15:44:02,238 INFO  server.RaftServerConfigKeys (ConfUtils.java:logGet(43)) - raft.server.log.queue.element-limit = 1024 (custom)
2019-06-13 15:44:02,240 INFO  server.RaftServerConfigKeys (ConfUtils.java:logGet(43)) - raft.server.log.segment.size.max = 16384 (custom)
2019-06-13 15:44:02,240 INFO  server.RaftServerConfigKeys (ConfUtils.java:logGet(43)) - raft.server.log.preallocated.size = 16384 (custom)
2019-06-13 15:44:02,241 INFO  server.RaftServerConfigKeys (ConfUtils.java:logGet(43)) - raft.server.log.write.buffer.size = 33554432 (custom)
2019-06-13 15:44:02,241 INFO  server.RaftServerConfigKeys (ConfUtils.java:logGet(43)) - raft.server.log.force.sync.num = 128 (default)
2019-06-13 15:44:02,242 INFO  server.RaftServerConfigKeys (ConfUtils.java:logGet(43)) - raft.server.log.statemachine.data.sync = true (default)
2019-06-13 15:44:02,242 INFO  server.RaftServerConfigKeys (ConfUtils.java:logGet(43)) - raft.server.log.statemachine.data.sync.timeout = 10s (default)
2019-06-13 15:44:02,243 INFO  server.RaftServerConfigKeys (ConfUtils.java:logGet(43)) - raft.server.log.statemachine.data.sync.timeout.retry = -1 (default)
2019-06-13 15:44:02,245 INFO  server.RaftServerConfigKeys (ConfUtils.java:logGet(43)) - raft.server.log.statemachine.data.caching.enabled = true (custom)
2019-06-13 15:44:02,250 INFO  server.RaftServerConfigKeys (ConfUtils.java:logGet(43)) - raft.server.snapshot.auto.trigger.enabled = true (custom)
2019-06-13 15:44:02,251 INFO  server.RaftServerConfigKeys (ConfUtils.java:logGet(43)) - raft.server.snapshot.auto.trigger.threshold = 10000 (custom)
2019-06-13 15:44:02,251 INFO  server.RaftServerConfigKeys (ConfUtils.java:logGet(43)) - raft.server.retrycache.expirytime = 600000ms (custom)
2019-06-13 15:44:02,269 INFO  impl.RaftServerImpl (RaftServerImpl.java:start(173)) - 34ce2e33-6582-4a14-9433-1ece43bac433: start group-73E753073E28
2019-06-13 15:44:02,270 INFO  impl.RaftServerImpl (RaftServerImpl.java:setRole(164)) - 34ce2e33-6582-4a14-9433-1ece43bac433:group-73E753073E28 changes role from null to FOLLOWER at term 0 for startAsFollower
2019-06-13 15:44:02,271 INFO  impl.RoleInfo (RoleInfo.java:updateAndGet(143)) - 34ce2e33-6582-4a14-9433-1ece43bac433: start FollowerState
2019-06-13 15:44:02,273 INFO  util.JmxRegister (JmxRegister.java:tryRegister(44)) - Successfully registered JMX Bean with object name Ratis:service=RaftServer,group=group-73E753073E28,id=34ce2e33-6582-4a14-9433-1ece43bac433
2019-06-13 15:44:02,315 INFO  pipeline.PipelineStateManager (PipelineStateManager.java:addPipeline(56)) - Created pipeline Pipeline[ Id: 023b632b-c432-49c4-acd8-73e753073e28, Nodes: 34ce2e33-6582-4a14-9433-1ece43bac433{ip: 192.168.134.103, host: ozone-ldwqp-4079303285, networkLocation: /default-rack, certSerialId: null}, Type:RATIS, Factor:ONE, State:OPEN]
2019-06-13 15:44:02,340 INFO  impl.RaftServerProxy (RaftServerProxy.java:addNew(89)) - 915c82e3-2d9a-49e6-8c45-12303fd07f1f: addNew group-E5687858D467:[915c82e3-2d9a-49e6-8c45-12303fd07f1f:192.168.134.103:38533] returns group-E5687858D467:java.util.concurrent.CompletableFuture@e2152a6[Not completed]
2019-06-13 15:44:02,341 INFO  impl.RaftServerImpl (RaftServerImpl.java:<init>(91)) - 915c82e3-2d9a-49e6-8c45-12303fd07f1f: new RaftServerImpl for group-E5687858D467:[915c82e3-2d9a-49e6-8c45-12303fd07f1f:192.168.134.103:38533] with ContainerStateMachine:uninitialized
2019-06-13 15:44:02,343 INFO  server.RaftServerConfigKeys (ConfUtils.java:logGet(43)) - raft.server.rpc.timeout.min = 1s (custom)
2019-06-13 15:44:02,343 INFO  server.RaftServerConfigKeys (ConfUtils.java:logGet(43)) - raft.server.rpc.timeout.max = 1200ms (custom)
2019-06-13 15:44:02,343 INFO  server.RaftServerConfigKeys (ConfUtils.java:logGet(43)) - raft.server.rpcslowness.timeout = 120s (custom)
2019-06-13 15:44:02,343 INFO  server.RaftServerConfigKeys (ConfUtils.java:logGet(43)) - raft.server.log.appender.install.snapshot.enabled = true (default)
2019-06-13 15:44:02,343 INFO  impl.RaftServerImpl (ServerState.java:<init>(101)) - 915c82e3-2d9a-49e6-8c45-12303fd07f1f:group-E5687858D467 ConfigurationManager, init=-1: [915c82e3-2d9a-49e6-8c45-12303fd07f1f:192.168.134.103:38533], old=null, confs=<EMPTY_MAP>
2019-06-13 15:44:02,343 INFO  server.RaftServerConfigKeys (ConfUtils.java:logGet(43)) - raft.server.storage.dir = [/opt/src/hadoop-ozone/integration-test/target/test-dir/MiniOzoneClusterImpl-bc146287-0d28-4cd3-ac28-055d8c97a901/datanode-2/data/ratis] (custom)
2019-06-13 15:44:02,344 INFO  storage.RaftStorageDirectory (RaftStorageDirectory.java:analyzeStorage(246)) - The storage directory /opt/src/hadoop-ozone/integration-test/target/test-dir/MiniOzoneClusterImpl-bc146287-0d28-4cd3-ac28-055d8c97a901/datanode-2/data/ratis/3a3b0167-33c8-4970-9aae-e5687858d467 does not exist. Creating ...
2019-06-13 15:44:02,346 INFO  storage.RaftStorageDirectory (RaftStorageDirectory.java:tryLock(328)) - Lock on /opt/src/hadoop-ozone/integration-test/target/test-dir/MiniOzoneClusterImpl-bc146287-0d28-4cd3-ac28-055d8c97a901/datanode-2/data/ratis/3a3b0167-33c8-4970-9aae-e5687858d467/in_use.lock acquired by nodename 18795@ozone-ldwqp-4079303285
2019-06-13 15:44:02,348 INFO  storage.RaftStorage (RaftStorage.java:format(75)) - Storage directory /opt/src/hadoop-ozone/integration-test/target/test-dir/MiniOzoneClusterImpl-bc146287-0d28-4cd3-ac28-055d8c97a901/datanode-2/data/ratis/3a3b0167-33c8-4970-9aae-e5687858d467 has been successfully formatted.
2019-06-13 15:44:02,348 INFO  ratis.ContainerStateMachine (ContainerStateMachine.java:loadSnapshot(199)) - The snapshot info is null.Setting the last applied index to:(t:0, i:~)
2019-06-13 15:44:02,349 INFO  server.RaftServerConfigKeys (ConfUtils.java:logGet(43)) - raft.server.leader.election.timeout = 120s (custom)
2019-06-13 15:44:02,349 INFO  server.RaftServerConfigKeys (ConfUtils.java:logGet(43)) - raft.server.log.use.memory = false (default)
2019-06-13 15:44:02,349 INFO  server.RaftServerConfigKeys (ConfUtils.java:logGet(43)) - raft.server.log.appender.buffer.byte-limit = 33554432 (custom)
2019-06-13 15:44:02,349 INFO  server.RaftServerConfigKeys (ConfUtils.java:logGet(43)) - raft.server.log.segment.size.max = 16384 (custom)
2019-06-13 15:44:02,349 INFO  server.RaftServerConfigKeys (ConfUtils.java:logGet(43)) - raft.server.log.segment.cache.num.max = 2 (custom)
2019-06-13 15:44:02,349 INFO  storage.RaftLogWorker (RaftLogWorker.java:<init>(123)) - new 915c82e3-2d9a-49e6-8c45-12303fd07f1f-RaftLogWorker for Storage Directory /opt/src/hadoop-ozone/integration-test/target/test-dir/MiniOzoneClusterImpl-bc146287-0d28-4cd3-ac28-055d8c97a901/datanode-2/data/ratis/3a3b0167-33c8-4970-9aae-e5687858d467
2019-06-13 15:44:02,350 INFO  server.RaftServerConfigKeys (ConfUtils.java:logGet(43)) - raft.server.log.queue.byte-limit = 2147483647 (custom)
2019-06-13 15:44:02,351 INFO  server.RaftServerConfigKeys (ConfUtils.java:logGet(43)) - raft.server.log.queue.element-limit = 1024 (custom)
2019-06-13 15:44:02,351 INFO  server.RaftServerConfigKeys (ConfUtils.java:logGet(43)) - raft.server.log.segment.size.max = 16384 (custom)
2019-06-13 15:44:02,351 INFO  server.RaftServerConfigKeys (ConfUtils.java:logGet(43)) - raft.server.log.preallocated.size = 16384 (custom)
2019-06-13 15:44:02,351 INFO  server.RaftServerConfigKeys (ConfUtils.java:logGet(43)) - raft.server.log.write.buffer.size = 33554432 (custom)
2019-06-13 15:44:02,351 INFO  server.RaftServerConfigKeys (ConfUtils.java:logGet(43)) - raft.server.log.force.sync.num = 128 (default)
2019-06-13 15:44:02,351 INFO  server.RaftServerConfigKeys (ConfUtils.java:logGet(43)) - raft.server.log.statemachine.data.sync = true (default)
2019-06-13 15:44:02,351 INFO  server.RaftServerConfigKeys (ConfUtils.java:logGet(43)) - raft.server.log.statemachine.data.sync.timeout = 10s (default)
2019-06-13 15:44:02,351 INFO  server.RaftServerConfigKeys (ConfUtils.java:logGet(43)) - raft.server.log.statemachine.data.sync.timeout.retry = -1 (default)
2019-06-13 15:44:02,351 INFO  server.RaftServerConfigKeys (ConfUtils.java:logGet(43)) - raft.server.log.statemachine.data.caching.enabled = true (custom)
2019-06-13 15:44:02,352 INFO  server.RaftServerConfigKeys (ConfUtils.java:logGet(43)) - raft.server.snapshot.auto.trigger.enabled = true (custom)
2019-06-13 15:44:02,352 INFO  server.RaftServerConfigKeys (ConfUtils.java:logGet(43)) - raft.server.snapshot.auto.trigger.threshold = 10000 (custom)
2019-06-13 15:44:02,352 INFO  server.RaftServerConfigKeys (ConfUtils.java:logGet(43)) - raft.server.retrycache.expirytime = 600000ms (custom)
2019-06-13 15:44:02,352 INFO  impl.RaftServerImpl (RaftServerImpl.java:start(173)) - 915c82e3-2d9a-49e6-8c45-12303fd07f1f: start group-E5687858D467
2019-06-13 15:44:02,352 INFO  impl.RaftServerImpl (RaftServerImpl.java:setRole(164)) - 915c82e3-2d9a-49e6-8c45-12303fd07f1f:group-E5687858D467 changes role from null to FOLLOWER at term 0 for startAsFollower
2019-06-13 15:44:02,352 INFO  impl.RoleInfo (RoleInfo.java:updateAndGet(143)) - 915c82e3-2d9a-49e6-8c45-12303fd07f1f: start FollowerState
2019-06-13 15:44:02,354 INFO  util.JmxRegister (JmxRegister.java:tryRegister(44)) - Successfully registered JMX Bean with object name Ratis:service=RaftServer,group=group-E5687858D467,id=915c82e3-2d9a-49e6-8c45-12303fd07f1f
2019-06-13 15:44:02,364 INFO  pipeline.PipelineStateManager (PipelineStateManager.java:addPipeline(56)) - Created pipeline Pipeline[ Id: 3a3b0167-33c8-4970-9aae-e5687858d467, Nodes: 915c82e3-2d9a-49e6-8c45-12303fd07f1f{ip: 192.168.134.103, host: ozone-ldwqp-4079303285, networkLocation: /default-rack, certSerialId: null}, Type:RATIS, Factor:ONE, State:OPEN]
2019-06-13 15:44:02,384 INFO  impl.RaftServerProxy (RaftServerProxy.java:addNew(89)) - 473868cb-61bf-4f2e-8f26-aa2e4a1961c9: addNew group-0D4406AF0E8D:[473868cb-61bf-4f2e-8f26-aa2e4a1961c9:192.168.134.103:40889] returns group-0D4406AF0E8D:java.util.concurrent.CompletableFuture@115d4af4[Not completed]
2019-06-13 15:44:02,398 INFO  node.SCMNodeManager (SCMNodeManager.java:register(234)) - Registered Data node : 8cae24b9-ead3-41cd-bd7f-737b6e36f93a{ip: 192.168.134.103, host: ozone-ldwqp-4079303285, networkLocation: /default-rack, certSerialId: null}
2019-06-13 15:44:02,415 INFO  impl.RaftServerImpl (RaftServerImpl.java:<init>(91)) - 473868cb-61bf-4f2e-8f26-aa2e4a1961c9: new RaftServerImpl for group-0D4406AF0E8D:[473868cb-61bf-4f2e-8f26-aa2e4a1961c9:192.168.134.103:40889] with ContainerStateMachine:uninitialized
2019-06-13 15:44:02,416 INFO  server.RaftServerConfigKeys (ConfUtils.java:logGet(43)) - raft.server.rpc.timeout.min = 1s (custom)
2019-06-13 15:44:02,416 INFO  server.RaftServerConfigKeys (ConfUtils.java:logGet(43)) - raft.server.rpc.timeout.max = 1200ms (custom)
2019-06-13 15:44:02,416 INFO  server.RaftServerConfigKeys (ConfUtils.java:logGet(43)) - raft.server.rpcslowness.timeout = 120s (custom)
2019-06-13 15:44:02,416 INFO  server.RaftServerConfigKeys (ConfUtils.java:logGet(43)) - raft.server.log.appender.install.snapshot.enabled = true (default)
2019-06-13 15:44:02,416 INFO  impl.RaftServerImpl (ServerState.java:<init>(101)) - 473868cb-61bf-4f2e-8f26-aa2e4a1961c9:group-0D4406AF0E8D ConfigurationManager, init=-1: [473868cb-61bf-4f2e-8f26-aa2e4a1961c9:192.168.134.103:40889], old=null, confs=<EMPTY_MAP>
2019-06-13 15:44:02,416 INFO  server.RaftServerConfigKeys (ConfUtils.java:logGet(43)) - raft.server.storage.dir = [/opt/src/hadoop-ozone/integration-test/target/test-dir/MiniOzoneClusterImpl-bc146287-0d28-4cd3-ac28-055d8c97a901/datanode-1/data/ratis] (custom)
2019-06-13 15:44:02,416 INFO  storage.RaftStorageDirectory (RaftStorageDirectory.java:analyzeStorage(246)) - The storage directory /opt/src/hadoop-ozone/integration-test/target/test-dir/MiniOzoneClusterImpl-bc146287-0d28-4cd3-ac28-055d8c97a901/datanode-1/data/ratis/814cac52-7a99-455e-b8f6-0d4406af0e8d does not exist. Creating ...
2019-06-13 15:44:02,419 INFO  storage.RaftStorageDirectory (RaftStorageDirectory.java:tryLock(328)) - Lock on /opt/src/hadoop-ozone/integration-test/target/test-dir/MiniOzoneClusterImpl-bc146287-0d28-4cd3-ac28-055d8c97a901/datanode-1/data/ratis/814cac52-7a99-455e-b8f6-0d4406af0e8d/in_use.lock acquired by nodename 18795@ozone-ldwqp-4079303285
2019-06-13 15:44:02,421 INFO  storage.RaftStorage (RaftStorage.java:format(75)) - Storage directory /opt/src/hadoop-ozone/integration-test/target/test-dir/MiniOzoneClusterImpl-bc146287-0d28-4cd3-ac28-055d8c97a901/datanode-1/data/ratis/814cac52-7a99-455e-b8f6-0d4406af0e8d has been successfully formatted.
2019-06-13 15:44:02,422 INFO  ratis.ContainerStateMachine (ContainerStateMachine.java:loadSnapshot(199)) - The snapshot info is null.Setting the last applied index to:(t:0, i:~)
2019-06-13 15:44:02,423 INFO  server.RaftServerConfigKeys (ConfUtils.java:logGet(43)) - raft.server.leader.election.timeout = 120s (custom)
2019-06-13 15:44:02,423 INFO  server.RaftServerConfigKeys (ConfUtils.java:logGet(43)) - raft.server.log.use.memory = false (default)
2019-06-13 15:44:02,423 INFO  server.RaftServerConfigKeys (ConfUtils.java:logGet(43)) - raft.server.log.appender.buffer.byte-limit = 33554432 (custom)
2019-06-13 15:44:02,423 INFO  server.RaftServerConfigKeys (ConfUtils.java:logGet(43)) - raft.server.log.segment.size.max = 16384 (custom)
2019-06-13 15:44:02,423 INFO  server.RaftServerConfigKeys (ConfUtils.java:logGet(43)) - raft.server.log.segment.cache.num.max = 2 (custom)
2019-06-13 15:44:02,423 INFO  storage.RaftLogWorker (RaftLogWorker.java:<init>(123)) - new 473868cb-61bf-4f2e-8f26-aa2e4a1961c9-RaftLogWorker for Storage Directory /opt/src/hadoop-ozone/integration-test/target/test-dir/MiniOzoneClusterImpl-bc146287-0d28-4cd3-ac28-055d8c97a901/datanode-1/data/ratis/814cac52-7a99-455e-b8f6-0d4406af0e8d
2019-06-13 15:44:02,423 INFO  server.RaftServerConfigKeys (ConfUtils.java:logGet(43)) - raft.server.log.queue.byte-limit = 2147483647 (custom)
2019-06-13 15:44:02,423 INFO  server.RaftServerConfigKeys (ConfUtils.java:logGet(43)) - raft.server.log.queue.element-limit = 1024 (custom)
2019-06-13 15:44:02,424 INFO  server.RaftServerConfigKeys (ConfUtils.java:logGet(43)) - raft.server.log.segment.size.max = 16384 (custom)
2019-06-13 15:44:02,424 INFO  server.RaftServerConfigKeys (ConfUtils.java:logGet(43)) - raft.server.log.preallocated.size = 16384 (custom)
2019-06-13 15:44:02,424 INFO  server.RaftServerConfigKeys (ConfUtils.java:logGet(43)) - raft.server.log.write.buffer.size = 33554432 (custom)
2019-06-13 15:44:02,424 INFO  server.RaftServerConfigKeys (ConfUtils.java:logGet(43)) - raft.server.log.force.sync.num = 128 (default)
2019-06-13 15:44:02,424 INFO  server.RaftServerConfigKeys (ConfUtils.java:logGet(43)) - raft.server.log.statemachine.data.sync = true (default)
2019-06-13 15:44:02,424 INFO  server.RaftServerConfigKeys (ConfUtils.java:logGet(43)) - raft.server.log.statemachine.data.sync.timeout = 10s (default)
2019-06-13 15:44:02,424 INFO  server.RaftServerConfigKeys (ConfUtils.java:logGet(43)) - raft.server.log.statemachine.data.sync.timeout.retry = -1 (default)
2019-06-13 15:44:02,424 INFO  server.RaftServerConfigKeys (ConfUtils.java:logGet(43)) - raft.server.log.statemachine.data.caching.enabled = true (custom)
2019-06-13 15:44:02,424 INFO  server.RaftServerConfigKeys (ConfUtils.java:logGet(43)) - raft.server.snapshot.auto.trigger.enabled = true (custom)
2019-06-13 15:44:02,424 INFO  server.RaftServerConfigKeys (ConfUtils.java:logGet(43)) - raft.server.snapshot.auto.trigger.threshold = 10000 (custom)
2019-06-13 15:44:02,425 INFO  server.RaftServerConfigKeys (ConfUtils.java:logGet(43)) - raft.server.retrycache.expirytime = 600000ms (custom)
2019-06-13 15:44:02,425 INFO  impl.RaftServerImpl (RaftServerImpl.java:start(173)) - 473868cb-61bf-4f2e-8f26-aa2e4a1961c9: start group-0D4406AF0E8D
2019-06-13 15:44:02,425 INFO  impl.RaftServerImpl (RaftServerImpl.java:setRole(164)) - 473868cb-61bf-4f2e-8f26-aa2e4a1961c9:group-0D4406AF0E8D changes role from null to FOLLOWER at term 0 for startAsFollower
2019-06-13 15:44:02,425 INFO  impl.RoleInfo (RoleInfo.java:updateAndGet(143)) - 473868cb-61bf-4f2e-8f26-aa2e4a1961c9: start FollowerState
2019-06-13 15:44:02,425 INFO  util.JmxRegister (JmxRegister.java:tryRegister(44)) - Successfully registered JMX Bean with object name Ratis:service=RaftServer,group=group-0D4406AF0E8D,id=473868cb-61bf-4f2e-8f26-aa2e4a1961c9
2019-06-13 15:44:02,438 INFO  pipeline.PipelineStateManager (PipelineStateManager.java:addPipeline(56)) - Created pipeline Pipeline[ Id: 814cac52-7a99-455e-b8f6-0d4406af0e8d, Nodes: 473868cb-61bf-4f2e-8f26-aa2e4a1961c9{ip: 192.168.134.103, host: ozone-ldwqp-4079303285, networkLocation: /default-rack, certSerialId: null}, Type:RATIS, Factor:ONE, State:OPEN]
2019-06-13 15:44:02,454 INFO  impl.RaftServerProxy (RaftServerProxy.java:addNew(89)) - 8cae24b9-ead3-41cd-bd7f-737b6e36f93a: addNew group-0B4912817AB7:[8cae24b9-ead3-41cd-bd7f-737b6e36f93a:192.168.134.103:37077] returns group-0B4912817AB7:java.util.concurrent.CompletableFuture@d74f12d[Not completed]
2019-06-13 15:44:02,459 INFO  impl.RaftServerImpl (RaftServerImpl.java:<init>(91)) - 8cae24b9-ead3-41cd-bd7f-737b6e36f93a: new RaftServerImpl for group-0B4912817AB7:[8cae24b9-ead3-41cd-bd7f-737b6e36f93a:192.168.134.103:37077] with ContainerStateMachine:uninitialized
2019-06-13 15:44:02,459 INFO  server.RaftServerConfigKeys (ConfUtils.java:logGet(43)) - raft.server.rpc.timeout.min = 1s (custom)
2019-06-13 15:44:02,459 INFO  server.RaftServerConfigKeys (ConfUtils.java:logGet(43)) - raft.server.rpc.timeout.max = 1200ms (custom)
2019-06-13 15:44:02,459 INFO  server.RaftServerConfigKeys (ConfUtils.java:logGet(43)) - raft.server.rpcslowness.timeout = 120s (custom)
2019-06-13 15:44:02,459 INFO  server.RaftServerConfigKeys (ConfUtils.java:logGet(43)) - raft.server.log.appender.install.snapshot.enabled = true (default)
2019-06-13 15:44:02,459 INFO  impl.RaftServerImpl (ServerState.java:<init>(101)) - 8cae24b9-ead3-41cd-bd7f-737b6e36f93a:group-0B4912817AB7 ConfigurationManager, init=-1: [8cae24b9-ead3-41cd-bd7f-737b6e36f93a:192.168.134.103:37077], old=null, confs=<EMPTY_MAP>
2019-06-13 15:44:02,460 INFO  server.RaftServerConfigKeys (ConfUtils.java:logGet(43)) - raft.server.storage.dir = [/opt/src/hadoop-ozone/integration-test/target/test-dir/MiniOzoneClusterImpl-bc146287-0d28-4cd3-ac28-055d8c97a901/datanode-3/data/ratis] (custom)
2019-06-13 15:44:02,460 INFO  storage.RaftStorageDirectory (RaftStorageDirectory.java:analyzeStorage(246)) - The storage directory /opt/src/hadoop-ozone/integration-test/target/test-dir/MiniOzoneClusterImpl-bc146287-0d28-4cd3-ac28-055d8c97a901/datanode-3/data/ratis/d9ab7b12-9860-46f0-933b-0b4912817ab7 does not exist. Creating ...
2019-06-13 15:44:02,462 INFO  storage.RaftStorageDirectory (RaftStorageDirectory.java:tryLock(328)) - Lock on /opt/src/hadoop-ozone/integration-test/target/test-dir/MiniOzoneClusterImpl-bc146287-0d28-4cd3-ac28-055d8c97a901/datanode-3/data/ratis/d9ab7b12-9860-46f0-933b-0b4912817ab7/in_use.lock acquired by nodename 18795@ozone-ldwqp-4079303285
2019-06-13 15:44:02,464 INFO  storage.RaftStorage (RaftStorage.java:format(75)) - Storage directory /opt/src/hadoop-ozone/integration-test/target/test-dir/MiniOzoneClusterImpl-bc146287-0d28-4cd3-ac28-055d8c97a901/datanode-3/data/ratis/d9ab7b12-9860-46f0-933b-0b4912817ab7 has been successfully formatted.
2019-06-13 15:44:02,465 INFO  ratis.ContainerStateMachine (ContainerStateMachine.java:loadSnapshot(199)) - The snapshot info is null.Setting the last applied index to:(t:0, i:~)
2019-06-13 15:44:02,465 INFO  server.RaftServerConfigKeys (ConfUtils.java:logGet(43)) - raft.server.leader.election.timeout = 120s (custom)
2019-06-13 15:44:02,465 INFO  server.RaftServerConfigKeys (ConfUtils.java:logGet(43)) - raft.server.log.use.memory = false (default)
2019-06-13 15:44:02,465 INFO  server.RaftServerConfigKeys (ConfUtils.java:logGet(43)) - raft.server.log.appender.buffer.byte-limit = 33554432 (custom)
2019-06-13 15:44:02,465 INFO  server.RaftServerConfigKeys (ConfUtils.java:logGet(43)) - raft.server.log.segment.size.max = 16384 (custom)
2019-06-13 15:44:02,465 INFO  server.RaftServerConfigKeys (ConfUtils.java:logGet(43)) - raft.server.log.segment.cache.num.max = 2 (custom)
2019-06-13 15:44:02,465 INFO  storage.RaftLogWorker (RaftLogWorker.java:<init>(123)) - new 8cae24b9-ead3-41cd-bd7f-737b6e36f93a-RaftLogWorker for Storage Directory /opt/src/hadoop-ozone/integration-test/target/test-dir/MiniOzoneClusterImpl-bc146287-0d28-4cd3-ac28-055d8c97a901/datanode-3/data/ratis/d9ab7b12-9860-46f0-933b-0b4912817ab7
2019-06-13 15:44:02,465 INFO  server.RaftServerConfigKeys (ConfUtils.java:logGet(43)) - raft.server.log.queue.byte-limit = 2147483647 (custom)
2019-06-13 15:44:02,465 INFO  server.RaftServerConfigKeys (ConfUtils.java:logGet(43)) - raft.server.log.queue.element-limit = 1024 (custom)
2019-06-13 15:44:02,465 INFO  server.RaftServerConfigKeys (ConfUtils.java:logGet(43)) - raft.server.log.segment.size.max = 16384 (custom)
2019-06-13 15:44:02,465 INFO  server.RaftServerConfigKeys (ConfUtils.java:logGet(43)) - raft.server.log.preallocated.size = 16384 (custom)
2019-06-13 15:44:02,466 INFO  server.RaftServerConfigKeys (ConfUtils.java:logGet(43)) - raft.server.log.write.buffer.size = 33554432 (custom)
2019-06-13 15:44:02,466 INFO  server.RaftServerConfigKeys (ConfUtils.java:logGet(43)) - raft.server.log.force.sync.num = 128 (default)
2019-06-13 15:44:02,466 INFO  server.RaftServerConfigKeys (ConfUtils.java:logGet(43)) - raft.server.log.statemachine.data.sync = true (default)
2019-06-13 15:44:02,466 INFO  server.RaftServerConfigKeys (ConfUtils.java:logGet(43)) - raft.server.log.statemachine.data.sync.timeout = 10s (default)
2019-06-13 15:44:02,466 INFO  server.RaftServerConfigKeys (ConfUtils.java:logGet(43)) - raft.server.log.statemachine.data.sync.timeout.retry = -1 (default)
2019-06-13 15:44:02,466 INFO  server.RaftServerConfigKeys (ConfUtils.java:logGet(43)) - raft.server.log.statemachine.data.caching.enabled = true (custom)
2019-06-13 15:44:02,466 INFO  server.RaftServerConfigKeys (ConfUtils.java:logGet(43)) - raft.server.snapshot.auto.trigger.enabled = true (custom)
2019-06-13 15:44:02,466 INFO  server.RaftServerConfigKeys (ConfUtils.java:logGet(43)) - raft.server.snapshot.auto.trigger.threshold = 10000 (custom)
2019-06-13 15:44:02,467 INFO  server.RaftServerConfigKeys (ConfUtils.java:logGet(43)) - raft.server.retrycache.expirytime = 600000ms (custom)
2019-06-13 15:44:02,467 INFO  impl.RaftServerImpl (RaftServerImpl.java:start(173)) - 8cae24b9-ead3-41cd-bd7f-737b6e36f93a: start group-0B4912817AB7
2019-06-13 15:44:02,467 INFO  impl.RaftServerImpl (RaftServerImpl.java:setRole(164)) - 8cae24b9-ead3-41cd-bd7f-737b6e36f93a:group-0B4912817AB7 changes role from null to FOLLOWER at term 0 for startAsFollower
2019-06-13 15:44:02,467 INFO  impl.RoleInfo (RoleInfo.java:updateAndGet(143)) - 8cae24b9-ead3-41cd-bd7f-737b6e36f93a: start FollowerState
2019-06-13 15:44:02,467 INFO  util.JmxRegister (JmxRegister.java:tryRegister(44)) - Successfully registered JMX Bean with object name Ratis:service=RaftServer,group=group-0B4912817AB7,id=8cae24b9-ead3-41cd-bd7f-737b6e36f93a
2019-06-13 15:44:02,475 INFO  pipeline.PipelineStateManager (PipelineStateManager.java:addPipeline(56)) - Created pipeline Pipeline[ Id: d9ab7b12-9860-46f0-933b-0b4912817ab7, Nodes: 8cae24b9-ead3-41cd-bd7f-737b6e36f93a{ip: 192.168.134.103, host: ozone-ldwqp-4079303285, networkLocation: /default-rack, certSerialId: null}, Type:RATIS, Factor:ONE, State:OPEN]
2019-06-13 15:44:02,500 INFO  impl.RaftServerProxy (RaftServerProxy.java:addNew(89)) - 915c82e3-2d9a-49e6-8c45-12303fd07f1f: addNew group-2DA844380C73:[473868cb-61bf-4f2e-8f26-aa2e4a1961c9:192.168.134.103:40889, 915c82e3-2d9a-49e6-8c45-12303fd07f1f:192.168.134.103:38533, 8cae24b9-ead3-41cd-bd7f-737b6e36f93a:192.168.134.103:37077] returns group-2DA844380C73:java.util.concurrent.CompletableFuture@78c1d561[Not completed]
2019-06-13 15:44:02,502 INFO  impl.RaftServerProxy (RaftServerProxy.java:addNew(89)) - 473868cb-61bf-4f2e-8f26-aa2e4a1961c9: addNew group-2DA844380C73:[473868cb-61bf-4f2e-8f26-aa2e4a1961c9:192.168.134.103:40889, 915c82e3-2d9a-49e6-8c45-12303fd07f1f:192.168.134.103:38533, 8cae24b9-ead3-41cd-bd7f-737b6e36f93a:192.168.134.103:37077] returns group-2DA844380C73:java.util.concurrent.CompletableFuture@6e35b10e[Not completed]
2019-06-13 15:44:02,501 INFO  impl.RaftServerImpl (RaftServerImpl.java:<init>(91)) - 915c82e3-2d9a-49e6-8c45-12303fd07f1f: new RaftServerImpl for group-2DA844380C73:[473868cb-61bf-4f2e-8f26-aa2e4a1961c9:192.168.134.103:40889, 915c82e3-2d9a-49e6-8c45-12303fd07f1f:192.168.134.103:38533, 8cae24b9-ead3-41cd-bd7f-737b6e36f93a:192.168.134.103:37077] with ContainerStateMachine:uninitialized
2019-06-13 15:44:02,503 INFO  impl.RaftServerImpl (RaftServerImpl.java:<init>(91)) - 473868cb-61bf-4f2e-8f26-aa2e4a1961c9: new RaftServerImpl for group-2DA844380C73:[473868cb-61bf-4f2e-8f26-aa2e4a1961c9:192.168.134.103:40889, 915c82e3-2d9a-49e6-8c45-12303fd07f1f:192.168.134.103:38533, 8cae24b9-ead3-41cd-bd7f-737b6e36f93a:192.168.134.103:37077] with ContainerStateMachine:uninitialized
2019-06-13 15:44:02,503 INFO  server.RaftServerConfigKeys (ConfUtils.java:logGet(43)) - raft.server.rpc.timeout.min = 1s (custom)
2019-06-13 15:44:02,503 INFO  server.RaftServerConfigKeys (ConfUtils.java:logGet(43)) - raft.server.rpc.timeout.min = 1s (custom)
2019-06-13 15:44:02,503 INFO  server.RaftServerConfigKeys (ConfUtils.java:logGet(43)) - raft.server.rpc.timeout.max = 1200ms (custom)
2019-06-13 15:44:02,503 INFO  server.RaftServerConfigKeys (ConfUtils.java:logGet(43)) - raft.server.rpc.timeout.max = 1200ms (custom)
2019-06-13 15:44:02,503 INFO  server.RaftServerConfigKeys (ConfUtils.java:logGet(43)) - raft.server.rpcslowness.timeout = 120s (custom)
2019-06-13 15:44:02,503 INFO  server.RaftServerConfigKeys (ConfUtils.java:logGet(43)) - raft.server.rpcslowness.timeout = 120s (custom)
2019-06-13 15:44:02,503 INFO  server.RaftServerConfigKeys (ConfUtils.java:logGet(43)) - raft.server.log.appender.install.snapshot.enabled = true (default)
2019-06-13 15:44:02,504 INFO  server.RaftServerConfigKeys (ConfUtils.java:logGet(43)) - raft.server.log.appender.install.snapshot.enabled = true (default)
2019-06-13 15:44:02,504 INFO  impl.RaftServerImpl (ServerState.java:<init>(101)) - 473868cb-61bf-4f2e-8f26-aa2e4a1961c9:group-2DA844380C73 ConfigurationManager, init=-1: [473868cb-61bf-4f2e-8f26-aa2e4a1961c9:192.168.134.103:40889, 915c82e3-2d9a-49e6-8c45-12303fd07f1f:192.168.134.103:38533, 8cae24b9-ead3-41cd-bd7f-737b6e36f93a:192.168.134.103:37077], old=null, confs=<EMPTY_MAP>
2019-06-13 15:44:02,504 INFO  impl.RaftServerImpl (ServerState.java:<init>(101)) - 915c82e3-2d9a-49e6-8c45-12303fd07f1f:group-2DA844380C73 ConfigurationManager, init=-1: [473868cb-61bf-4f2e-8f26-aa2e4a1961c9:192.168.134.103:40889, 915c82e3-2d9a-49e6-8c45-12303fd07f1f:192.168.134.103:38533, 8cae24b9-ead3-41cd-bd7f-737b6e36f93a:192.168.134.103:37077], old=null, confs=<EMPTY_MAP>
2019-06-13 15:44:02,506 INFO  server.RaftServerConfigKeys (ConfUtils.java:logGet(43)) - raft.server.storage.dir = [/opt/src/hadoop-ozone/integration-test/target/test-dir/MiniOzoneClusterImpl-bc146287-0d28-4cd3-ac28-055d8c97a901/datanode-2/data/ratis] (custom)
2019-06-13 15:44:02,505 INFO  server.RaftServerConfigKeys (ConfUtils.java:logGet(43)) - raft.server.storage.dir = [/opt/src/hadoop-ozone/integration-test/target/test-dir/MiniOzoneClusterImpl-bc146287-0d28-4cd3-ac28-055d8c97a901/datanode-1/data/ratis] (custom)
2019-06-13 15:44:02,506 INFO  storage.RaftStorageDirectory (RaftStorageDirectory.java:analyzeStorage(246)) - The storage directory /opt/src/hadoop-ozone/integration-test/target/test-dir/MiniOzoneClusterImpl-bc146287-0d28-4cd3-ac28-055d8c97a901/datanode-2/data/ratis/e60bfb93-1483-4a4f-ae33-2da844380c73 does not exist. Creating ...
2019-06-13 15:44:02,506 INFO  storage.RaftStorageDirectory (RaftStorageDirectory.java:analyzeStorage(246)) - The storage directory /opt/src/hadoop-ozone/integration-test/target/test-dir/MiniOzoneClusterImpl-bc146287-0d28-4cd3-ac28-055d8c97a901/datanode-1/data/ratis/e60bfb93-1483-4a4f-ae33-2da844380c73 does not exist. Creating ...
2019-06-13 15:44:02,505 INFO  impl.RaftServerImpl (RaftServerImpl.java:<init>(91)) - 8cae24b9-ead3-41cd-bd7f-737b6e36f93a: new RaftServerImpl for group-2DA844380C73:[473868cb-61bf-4f2e-8f26-aa2e4a1961c9:192.168.134.103:40889, 915c82e3-2d9a-49e6-8c45-12303fd07f1f:192.168.134.103:38533, 8cae24b9-ead3-41cd-bd7f-737b6e36f93a:192.168.134.103:37077] with ContainerStateMachine:uninitialized
2019-06-13 15:44:02,506 INFO  server.RaftServerConfigKeys (ConfUtils.java:logGet(43)) - raft.server.rpc.timeout.min = 1s (custom)
2019-06-13 15:44:02,507 INFO  server.RaftServerConfigKeys (ConfUtils.java:logGet(43)) - raft.server.rpc.timeout.max = 1200ms (custom)
2019-06-13 15:44:02,507 INFO  server.RaftServerConfigKeys (ConfUtils.java:logGet(43)) - raft.server.rpcslowness.timeout = 120s (custom)
2019-06-13 15:44:02,507 INFO  server.RaftServerConfigKeys (ConfUtils.java:logGet(43)) - raft.server.log.appender.install.snapshot.enabled = true (default)
2019-06-13 15:44:02,507 INFO  impl.RaftServerImpl (ServerState.java:<init>(101)) - 8cae24b9-ead3-41cd-bd7f-737b6e36f93a:group-2DA844380C73 ConfigurationManager, init=-1: [473868cb-61bf-4f2e-8f26-aa2e4a1961c9:192.168.134.103:40889, 915c82e3-2d9a-49e6-8c45-12303fd07f1f:192.168.134.103:38533, 8cae24b9-ead3-41cd-bd7f-737b6e36f93a:192.168.134.103:37077], old=null, confs=<EMPTY_MAP>
2019-06-13 15:44:02,507 INFO  server.RaftServerConfigKeys (ConfUtils.java:logGet(43)) - raft.server.storage.dir = [/opt/src/hadoop-ozone/integration-test/target/test-dir/MiniOzoneClusterImpl-bc146287-0d28-4cd3-ac28-055d8c97a901/datanode-3/data/ratis] (custom)
2019-06-13 15:44:02,505 INFO  impl.RaftServerProxy (RaftServerProxy.java:addNew(89)) - 8cae24b9-ead3-41cd-bd7f-737b6e36f93a: addNew group-2DA844380C73:[473868cb-61bf-4f2e-8f26-aa2e4a1961c9:192.168.134.103:40889, 915c82e3-2d9a-49e6-8c45-12303fd07f1f:192.168.134.103:38533, 8cae24b9-ead3-41cd-bd7f-737b6e36f93a:192.168.134.103:37077] returns group-2DA844380C73:java.util.concurrent.CompletableFuture@44e2d87c[Not completed]
2019-06-13 15:44:02,508 INFO  storage.RaftStorageDirectory (RaftStorageDirectory.java:analyzeStorage(246)) - The storage directory /opt/src/hadoop-ozone/integration-test/target/test-dir/MiniOzoneClusterImpl-bc146287-0d28-4cd3-ac28-055d8c97a901/datanode-3/data/ratis/e60bfb93-1483-4a4f-ae33-2da844380c73 does not exist. Creating ...
2019-06-13 15:44:02,508 INFO  storage.RaftStorageDirectory (RaftStorageDirectory.java:tryLock(328)) - Lock on /opt/src/hadoop-ozone/integration-test/target/test-dir/MiniOzoneClusterImpl-bc146287-0d28-4cd3-ac28-055d8c97a901/datanode-1/data/ratis/e60bfb93-1483-4a4f-ae33-2da844380c73/in_use.lock acquired by nodename 18795@ozone-ldwqp-4079303285
2019-06-13 15:44:02,508 INFO  storage.RaftStorageDirectory (RaftStorageDirectory.java:tryLock(328)) - Lock on /opt/src/hadoop-ozone/integration-test/target/test-dir/MiniOzoneClusterImpl-bc146287-0d28-4cd3-ac28-055d8c97a901/datanode-2/data/ratis/e60bfb93-1483-4a4f-ae33-2da844380c73/in_use.lock acquired by nodename 18795@ozone-ldwqp-4079303285
2019-06-13 15:44:02,524 INFO  storage.RaftStorageDirectory (RaftStorageDirectory.java:tryLock(328)) - Lock on /opt/src/hadoop-ozone/integration-test/target/test-dir/MiniOzoneClusterImpl-bc146287-0d28-4cd3-ac28-055d8c97a901/datanode-3/data/ratis/e60bfb93-1483-4a4f-ae33-2da844380c73/in_use.lock acquired by nodename 18795@ozone-ldwqp-4079303285
2019-06-13 15:44:02,524 INFO  storage.RaftStorage (RaftStorage.java:format(75)) - Storage directory /opt/src/hadoop-ozone/integration-test/target/test-dir/MiniOzoneClusterImpl-bc146287-0d28-4cd3-ac28-055d8c97a901/datanode-2/data/ratis/e60bfb93-1483-4a4f-ae33-2da844380c73 has been successfully formatted.
2019-06-13 15:44:02,524 INFO  ratis.ContainerStateMachine (ContainerStateMachine.java:loadSnapshot(199)) - The snapshot info is null.Setting the last applied index to:(t:0, i:~)
2019-06-13 15:44:02,524 INFO  server.RaftServerConfigKeys (ConfUtils.java:logGet(43)) - raft.server.leader.election.timeout = 120s (custom)
2019-06-13 15:44:02,524 INFO  server.RaftServerConfigKeys (ConfUtils.java:logGet(43)) - raft.server.log.use.memory = false (default)
2019-06-13 15:44:02,524 INFO  server.RaftServerConfigKeys (ConfUtils.java:logGet(43)) - raft.server.log.appender.buffer.byte-limit = 33554432 (custom)
2019-06-13 15:44:02,524 INFO  server.RaftServerConfigKeys (ConfUtils.java:logGet(43)) - raft.server.log.segment.size.max = 16384 (custom)
2019-06-13 15:44:02,524 INFO  server.RaftServerConfigKeys (ConfUtils.java:logGet(43)) - raft.server.log.segment.cache.num.max = 2 (custom)
2019-06-13 15:44:02,525 INFO  storage.RaftLogWorker (RaftLogWorker.java:<init>(123)) - new 915c82e3-2d9a-49e6-8c45-12303fd07f1f-RaftLogWorker for Storage Directory /opt/src/hadoop-ozone/integration-test/target/test-dir/MiniOzoneClusterImpl-bc146287-0d28-4cd3-ac28-055d8c97a901/datanode-2/data/ratis/e60bfb93-1483-4a4f-ae33-2da844380c73
2019-06-13 15:44:02,525 INFO  server.RaftServerConfigKeys (ConfUtils.java:logGet(43)) - raft.server.log.queue.byte-limit = 2147483647 (custom)
2019-06-13 15:44:02,525 INFO  server.RaftServerConfigKeys (ConfUtils.java:logGet(43)) - raft.server.log.queue.element-limit = 1024 (custom)
2019-06-13 15:44:02,525 INFO  server.RaftServerConfigKeys (ConfUtils.java:logGet(43)) - raft.server.log.segment.size.max = 16384 (custom)
2019-06-13 15:44:02,525 INFO  server.RaftServerConfigKeys (ConfUtils.java:logGet(43)) - raft.server.log.preallocated.size = 16384 (custom)
2019-06-13 15:44:02,525 INFO  server.RaftServerConfigKeys (ConfUtils.java:logGet(43)) - raft.server.log.write.buffer.size = 33554432 (custom)
2019-06-13 15:44:02,525 INFO  server.RaftServerConfigKeys (ConfUtils.java:logGet(43)) - raft.server.log.force.sync.num = 128 (default)
2019-06-13 15:44:02,525 INFO  server.RaftServerConfigKeys (ConfUtils.java:logGet(43)) - raft.server.log.statemachine.data.sync = true (default)
2019-06-13 15:44:02,525 INFO  server.RaftServerConfigKeys (ConfUtils.java:logGet(43)) - raft.server.log.statemachine.data.sync.timeout = 10s (default)
2019-06-13 15:44:02,525 INFO  server.RaftServerConfigKeys (ConfUtils.java:logGet(43)) - raft.server.log.statemachine.data.sync.timeout.retry = -1 (default)
2019-06-13 15:44:02,525 INFO  server.RaftServerConfigKeys (ConfUtils.java:logGet(43)) - raft.server.log.statemachine.data.caching.enabled = true (custom)
2019-06-13 15:44:02,524 INFO  storage.RaftStorage (RaftStorage.java:format(75)) - Storage directory /opt/src/hadoop-ozone/integration-test/target/test-dir/MiniOzoneClusterImpl-bc146287-0d28-4cd3-ac28-055d8c97a901/datanode-1/data/ratis/e60bfb93-1483-4a4f-ae33-2da844380c73 has been successfully formatted.
2019-06-13 15:44:02,526 INFO  ratis.ContainerStateMachine (ContainerStateMachine.java:loadSnapshot(199)) - The snapshot info is null.Setting the last applied index to:(t:0, i:~)
2019-06-13 15:44:02,526 INFO  server.RaftServerConfigKeys (ConfUtils.java:logGet(43)) - raft.server.leader.election.timeout = 120s (custom)
2019-06-13 15:44:02,526 INFO  server.RaftServerConfigKeys (ConfUtils.java:logGet(43)) - raft.server.log.use.memory = false (default)
2019-06-13 15:44:02,526 INFO  server.RaftServerConfigKeys (ConfUtils.java:logGet(43)) - raft.server.snapshot.auto.trigger.enabled = true (custom)
2019-06-13 15:44:02,526 INFO  server.RaftServerConfigKeys (ConfUtils.java:logGet(43)) - raft.server.log.appender.buffer.byte-limit = 33554432 (custom)
2019-06-13 15:44:02,526 INFO  server.RaftServerConfigKeys (ConfUtils.java:logGet(43)) - raft.server.snapshot.auto.trigger.threshold = 10000 (custom)
2019-06-13 15:44:02,526 INFO  server.RaftServerConfigKeys (ConfUtils.java:logGet(43)) - raft.server.log.segment.size.max = 16384 (custom)
2019-06-13 15:44:02,526 INFO  server.RaftServerConfigKeys (ConfUtils.java:logGet(43)) - raft.server.log.segment.cache.num.max = 2 (custom)
2019-06-13 15:44:02,526 INFO  storage.RaftStorage (RaftStorage.java:format(75)) - Storage directory /opt/src/hadoop-ozone/integration-test/target/test-dir/MiniOzoneClusterImpl-bc146287-0d28-4cd3-ac28-055d8c97a901/datanode-3/data/ratis/e60bfb93-1483-4a4f-ae33-2da844380c73 has been successfully formatted.
2019-06-13 15:44:02,526 INFO  server.RaftServerConfigKeys (ConfUtils.java:logGet(43)) - raft.server.retrycache.expirytime = 600000ms (custom)
2019-06-13 15:44:02,526 INFO  storage.RaftLogWorker (RaftLogWorker.java:<init>(123)) - new 473868cb-61bf-4f2e-8f26-aa2e4a1961c9-RaftLogWorker for Storage Directory /opt/src/hadoop-ozone/integration-test/target/test-dir/MiniOzoneClusterImpl-bc146287-0d28-4cd3-ac28-055d8c97a901/datanode-1/data/ratis/e60bfb93-1483-4a4f-ae33-2da844380c73
2019-06-13 15:44:02,527 INFO  impl.RaftServerImpl (RaftServerImpl.java:start(173)) - 915c82e3-2d9a-49e6-8c45-12303fd07f1f: start group-2DA844380C73
2019-06-13 15:44:02,526 INFO  ratis.ContainerStateMachine (ContainerStateMachine.java:loadSnapshot(199)) - The snapshot info is null.Setting the last applied index to:(t:0, i:~)
2019-06-13 15:44:02,527 INFO  server.RaftServerConfigKeys (ConfUtils.java:logGet(43)) - raft.server.leader.election.timeout = 120s (custom)
2019-06-13 15:44:02,527 INFO  server.RaftServerConfigKeys (ConfUtils.java:logGet(43)) - raft.server.log.use.memory = false (default)
2019-06-13 15:44:02,527 INFO  server.RaftServerConfigKeys (ConfUtils.java:logGet(43)) - raft.server.log.appender.buffer.byte-limit = 33554432 (custom)
2019-06-13 15:44:02,527 INFO  server.RaftServerConfigKeys (ConfUtils.java:logGet(43)) - raft.server.log.segment.size.max = 16384 (custom)
2019-06-13 15:44:02,527 INFO  server.RaftServerConfigKeys (ConfUtils.java:logGet(43)) - raft.server.log.segment.cache.num.max = 2 (custom)
2019-06-13 15:44:02,527 INFO  storage.RaftLogWorker (RaftLogWorker.java:<init>(123)) - new 8cae24b9-ead3-41cd-bd7f-737b6e36f93a-RaftLogWorker for Storage Directory /opt/src/hadoop-ozone/integration-test/target/test-dir/MiniOzoneClusterImpl-bc146287-0d28-4cd3-ac28-055d8c97a901/datanode-3/data/ratis/e60bfb93-1483-4a4f-ae33-2da844380c73
2019-06-13 15:44:02,527 INFO  server.RaftServerConfigKeys (ConfUtils.java:logGet(43)) - raft.server.log.queue.byte-limit = 2147483647 (custom)
2019-06-13 15:44:02,527 INFO  server.RaftServerConfigKeys (ConfUtils.java:logGet(43)) - raft.server.log.queue.element-limit = 1024 (custom)
2019-06-13 15:44:02,527 INFO  server.RaftServerConfigKeys (ConfUtils.java:logGet(43)) - raft.server.log.segment.size.max = 16384 (custom)
2019-06-13 15:44:02,528 INFO  server.RaftServerConfigKeys (ConfUtils.java:logGet(43)) - raft.server.log.preallocated.size = 16384 (custom)
2019-06-13 15:44:02,528 INFO  server.RaftServerConfigKeys (ConfUtils.java:logGet(43)) - raft.server.log.write.buffer.size = 33554432 (custom)
2019-06-13 15:44:02,528 INFO  server.RaftServerConfigKeys (ConfUtils.java:logGet(43)) - raft.server.log.force.sync.num = 128 (default)
2019-06-13 15:44:02,528 INFO  server.RaftServerConfigKeys (ConfUtils.java:logGet(43)) - raft.server.log.statemachine.data.sync = true (default)
2019-06-13 15:44:02,528 INFO  server.RaftServerConfigKeys (ConfUtils.java:logGet(43)) - raft.server.log.statemachine.data.sync.timeout = 10s (default)
2019-06-13 15:44:02,528 INFO  server.RaftServerConfigKeys (ConfUtils.java:logGet(43)) - raft.server.log.statemachine.data.sync.timeout.retry = -1 (default)
2019-06-13 15:44:02,528 INFO  server.RaftServerConfigKeys (ConfUtils.java:logGet(43)) - raft.server.log.statemachine.data.caching.enabled = true (custom)
2019-06-13 15:44:02,527 INFO  impl.RaftServerImpl (RaftServerImpl.java:setRole(164)) - 915c82e3-2d9a-49e6-8c45-12303fd07f1f:group-2DA844380C73 changes role from null to FOLLOWER at term 0 for startAsFollower
2019-06-13 15:44:02,527 INFO  server.RaftServerConfigKeys (ConfUtils.java:logGet(43)) - raft.server.log.queue.byte-limit = 2147483647 (custom)
2019-06-13 15:44:02,528 INFO  impl.RoleInfo (RoleInfo.java:updateAndGet(143)) - 915c82e3-2d9a-49e6-8c45-12303fd07f1f: start FollowerState
2019-06-13 15:44:02,528 INFO  server.RaftServerConfigKeys (ConfUtils.java:logGet(43)) - raft.server.snapshot.auto.trigger.enabled = true (custom)
2019-06-13 15:44:02,528 INFO  server.RaftServerConfigKeys (ConfUtils.java:logGet(43)) - raft.server.log.queue.element-limit = 1024 (custom)
2019-06-13 15:44:02,529 INFO  server.RaftServerConfigKeys (ConfUtils.java:logGet(43)) - raft.server.log.segment.size.max = 16384 (custom)
2019-06-13 15:44:02,529 INFO  util.JmxRegister (JmxRegister.java:tryRegister(44)) - Successfully registered JMX Bean with object name Ratis:service=RaftServer,group=group-2DA844380C73,id=915c82e3-2d9a-49e6-8c45-12303fd07f1f
2019-06-13 15:44:02,529 INFO  server.RaftServerConfigKeys (ConfUtils.java:logGet(43)) - raft.server.snapshot.auto.trigger.threshold = 10000 (custom)
2019-06-13 15:44:02,529 INFO  server.RaftServerConfigKeys (ConfUtils.java:logGet(43)) - raft.server.log.preallocated.size = 16384 (custom)
2019-06-13 15:44:02,529 INFO  server.RaftServerConfigKeys (ConfUtils.java:logGet(43)) - raft.server.log.write.buffer.size = 33554432 (custom)
2019-06-13 15:44:02,529 INFO  server.RaftServerConfigKeys (ConfUtils.java:logGet(43)) - raft.server.log.force.sync.num = 128 (default)
2019-06-13 15:44:02,529 INFO  server.RaftServerConfigKeys (ConfUtils.java:logGet(43)) - raft.server.log.statemachine.data.sync = true (default)
2019-06-13 15:44:02,529 INFO  server.RaftServerConfigKeys (ConfUtils.java:logGet(43)) - raft.server.log.statemachine.data.sync.timeout = 10s (default)
2019-06-13 15:44:02,529 INFO  server.RaftServerConfigKeys (ConfUtils.java:logGet(43)) - raft.server.log.statemachine.data.sync.timeout.retry = -1 (default)
2019-06-13 15:44:02,529 INFO  server.RaftServerConfigKeys (ConfUtils.java:logGet(43)) - raft.server.log.statemachine.data.caching.enabled = true (custom)
2019-06-13 15:44:02,530 INFO  server.RaftServerConfigKeys (ConfUtils.java:logGet(43)) - raft.server.snapshot.auto.trigger.enabled = true (custom)
2019-06-13 15:44:02,530 INFO  server.RaftServerConfigKeys (ConfUtils.java:logGet(43)) - raft.server.snapshot.auto.trigger.threshold = 10000 (custom)
2019-06-13 15:44:02,532 INFO  server.RaftServerConfigKeys (ConfUtils.java:logGet(43)) - raft.server.retrycache.expirytime = 600000ms (custom)
2019-06-13 15:44:02,532 INFO  impl.RaftServerImpl (RaftServerImpl.java:start(173)) - 8cae24b9-ead3-41cd-bd7f-737b6e36f93a: start group-2DA844380C73
2019-06-13 15:44:02,532 INFO  impl.RaftServerImpl (RaftServerImpl.java:setRole(164)) - 8cae24b9-ead3-41cd-bd7f-737b6e36f93a:group-2DA844380C73 changes role from null to FOLLOWER at term 0 for startAsFollower
2019-06-13 15:44:02,532 INFO  impl.RoleInfo (RoleInfo.java:updateAndGet(143)) - 8cae24b9-ead3-41cd-bd7f-737b6e36f93a: start FollowerState
2019-06-13 15:44:02,532 INFO  server.RaftServerConfigKeys (ConfUtils.java:logGet(43)) - raft.server.retrycache.expirytime = 600000ms (custom)
2019-06-13 15:44:02,532 INFO  impl.RaftServerImpl (RaftServerImpl.java:start(173)) - 473868cb-61bf-4f2e-8f26-aa2e4a1961c9: start group-2DA844380C73
2019-06-13 15:44:02,532 INFO  impl.RaftServerImpl (RaftServerImpl.java:setRole(164)) - 473868cb-61bf-4f2e-8f26-aa2e4a1961c9:group-2DA844380C73 changes role from null to FOLLOWER at term 0 for startAsFollower
2019-06-13 15:44:02,533 INFO  impl.RoleInfo (RoleInfo.java:updateAndGet(143)) - 473868cb-61bf-4f2e-8f26-aa2e4a1961c9: start FollowerState
2019-06-13 15:44:02,533 INFO  util.JmxRegister (JmxRegister.java:tryRegister(44)) - Successfully registered JMX Bean with object name Ratis:service=RaftServer,group=group-2DA844380C73,id=8cae24b9-ead3-41cd-bd7f-737b6e36f93a
2019-06-13 15:44:02,539 INFO  util.JmxRegister (JmxRegister.java:tryRegister(44)) - Successfully registered JMX Bean with object name Ratis:service=RaftServer,group=group-2DA844380C73,id=473868cb-61bf-4f2e-8f26-aa2e4a1961c9
2019-06-13 15:44:02,544 INFO  node.SCMNodeManager (SCMNodeManager.java:register(234)) - Registered Data node : abd35e5c-06ad-4ff8-b246-cddb034938fc{ip: 192.168.134.103, host: ozone-ldwqp-4079303285, networkLocation: /default-rack, certSerialId: null}
2019-06-13 15:44:02,552 INFO  pipeline.PipelineStateManager (PipelineStateManager.java:addPipeline(56)) - Created pipeline Pipeline[ Id: e60bfb93-1483-4a4f-ae33-2da844380c73, Nodes: 8cae24b9-ead3-41cd-bd7f-737b6e36f93a{ip: 192.168.134.103, host: ozone-ldwqp-4079303285, networkLocation: /default-rack, certSerialId: null}915c82e3-2d9a-49e6-8c45-12303fd07f1f{ip: 192.168.134.103, host: ozone-ldwqp-4079303285, networkLocation: /default-rack, certSerialId: null}473868cb-61bf-4f2e-8f26-aa2e4a1961c9{ip: 192.168.134.103, host: ozone-ldwqp-4079303285, networkLocation: /default-rack, certSerialId: null}, Type:RATIS, Factor:THREE, State:OPEN]
2019-06-13 15:44:02,561 INFO  impl.RaftServerProxy (RaftServerProxy.java:addNew(89)) - abd35e5c-06ad-4ff8-b246-cddb034938fc: addNew group-8D4644961417:[abd35e5c-06ad-4ff8-b246-cddb034938fc:192.168.134.103:38623] returns group-8D4644961417:java.util.concurrent.CompletableFuture@588bd926[Not completed]
2019-06-13 15:44:02,562 INFO  impl.RaftServerImpl (RaftServerImpl.java:<init>(91)) - abd35e5c-06ad-4ff8-b246-cddb034938fc: new RaftServerImpl for group-8D4644961417:[abd35e5c-06ad-4ff8-b246-cddb034938fc:192.168.134.103:38623] with ContainerStateMachine:uninitialized
2019-06-13 15:44:02,563 INFO  server.RaftServerConfigKeys (ConfUtils.java:logGet(43)) - raft.server.rpc.timeout.min = 1s (custom)
2019-06-13 15:44:02,563 INFO  server.RaftServerConfigKeys (ConfUtils.java:logGet(43)) - raft.server.rpc.timeout.max = 1200ms (custom)
2019-06-13 15:44:02,563 INFO  server.RaftServerConfigKeys (ConfUtils.java:logGet(43)) - raft.server.rpcslowness.timeout = 120s (custom)
2019-06-13 15:44:02,563 INFO  server.RaftServerConfigKeys (ConfUtils.java:logGet(43)) - raft.server.log.appender.install.snapshot.enabled = true (default)
2019-06-13 15:44:02,563 INFO  impl.RaftServerImpl (ServerState.java:<init>(101)) - abd35e5c-06ad-4ff8-b246-cddb034938fc:group-8D4644961417 ConfigurationManager, init=-1: [abd35e5c-06ad-4ff8-b246-cddb034938fc:192.168.134.103:38623], old=null, confs=<EMPTY_MAP>
2019-06-13 15:44:02,563 INFO  server.RaftServerConfigKeys (ConfUtils.java:logGet(43)) - raft.server.storage.dir = [/opt/src/hadoop-ozone/integration-test/target/test-dir/MiniOzoneClusterImpl-bc146287-0d28-4cd3-ac28-055d8c97a901/datanode-4/data/ratis] (custom)
2019-06-13 15:44:02,564 INFO  storage.RaftStorageDirectory (RaftStorageDirectory.java:analyzeStorage(246)) - The storage directory /opt/src/hadoop-ozone/integration-test/target/test-dir/MiniOzoneClusterImpl-bc146287-0d28-4cd3-ac28-055d8c97a901/datanode-4/data/ratis/abc9fc23-60f0-4d35-94e6-8d4644961417 does not exist. Creating ...
2019-06-13 15:44:02,566 INFO  storage.RaftStorageDirectory (RaftStorageDirectory.java:tryLock(328)) - Lock on /opt/src/hadoop-ozone/integration-test/target/test-dir/MiniOzoneClusterImpl-bc146287-0d28-4cd3-ac28-055d8c97a901/datanode-4/data/ratis/abc9fc23-60f0-4d35-94e6-8d4644961417/in_use.lock acquired by nodename 18795@ozone-ldwqp-4079303285
2019-06-13 15:44:02,567 INFO  storage.RaftStorage (RaftStorage.java:format(75)) - Storage directory /opt/src/hadoop-ozone/integration-test/target/test-dir/MiniOzoneClusterImpl-bc146287-0d28-4cd3-ac28-055d8c97a901/datanode-4/data/ratis/abc9fc23-60f0-4d35-94e6-8d4644961417 has been successfully formatted.
2019-06-13 15:44:02,568 INFO  ratis.ContainerStateMachine (ContainerStateMachine.java:loadSnapshot(199)) - The snapshot info is null.Setting the last applied index to:(t:0, i:~)
2019-06-13 15:44:02,568 INFO  server.RaftServerConfigKeys (ConfUtils.java:logGet(43)) - raft.server.leader.election.timeout = 120s (custom)
2019-06-13 15:44:02,568 INFO  server.RaftServerConfigKeys (ConfUtils.java:logGet(43)) - raft.server.log.use.memory = false (default)
2019-06-13 15:44:02,568 INFO  server.RaftServerConfigKeys (ConfUtils.java:logGet(43)) - raft.server.log.appender.buffer.byte-limit = 33554432 (custom)
2019-06-13 15:44:02,568 INFO  server.RaftServerConfigKeys (ConfUtils.java:logGet(43)) - raft.server.log.segment.size.max = 16384 (custom)
2019-06-13 15:44:02,568 INFO  server.RaftServerConfigKeys (ConfUtils.java:logGet(43)) - raft.server.log.segment.cache.num.max = 2 (custom)
2019-06-13 15:44:02,568 INFO  storage.RaftLogWorker (RaftLogWorker.java:<init>(123)) - new abd35e5c-06ad-4ff8-b246-cddb034938fc-RaftLogWorker for Storage Directory /opt/src/hadoop-ozone/integration-test/target/test-dir/MiniOzoneClusterImpl-bc146287-0d28-4cd3-ac28-055d8c97a901/datanode-4/data/ratis/abc9fc23-60f0-4d35-94e6-8d4644961417
2019-06-13 15:44:02,568 INFO  server.RaftServerConfigKeys (ConfUtils.java:logGet(43)) - raft.server.log.queue.byte-limit = 2147483647 (custom)
2019-06-13 15:44:02,568 INFO  server.RaftServerConfigKeys (ConfUtils.java:logGet(43)) - raft.server.log.queue.element-limit = 1024 (custom)
2019-06-13 15:44:02,568 INFO  server.RaftServerConfigKeys (ConfUtils.java:logGet(43)) - raft.server.log.segment.size.max = 16384 (custom)
2019-06-13 15:44:02,568 INFO  server.RaftServerConfigKeys (ConfUtils.java:logGet(43)) - raft.server.log.preallocated.size = 16384 (custom)
2019-06-13 15:44:02,568 INFO  server.RaftServerConfigKeys (ConfUtils.java:logGet(43)) - raft.server.log.write.buffer.size = 33554432 (custom)
2019-06-13 15:44:02,569 INFO  server.RaftServerConfigKeys (ConfUtils.java:logGet(43)) - raft.server.log.force.sync.num = 128 (default)
2019-06-13 15:44:02,569 INFO  server.RaftServerConfigKeys (ConfUtils.java:logGet(43)) - raft.server.log.statemachine.data.sync = true (default)
2019-06-13 15:44:02,569 INFO  server.RaftServerConfigKeys (ConfUtils.java:logGet(43)) - raft.server.log.statemachine.data.sync.timeout = 10s (default)
2019-06-13 15:44:02,569 INFO  server.RaftServerConfigKeys (ConfUtils.java:logGet(43)) - raft.server.log.statemachine.data.sync.timeout.retry = -1 (default)
2019-06-13 15:44:02,569 INFO  server.RaftServerConfigKeys (ConfUtils.java:logGet(43)) - raft.server.log.statemachine.data.caching.enabled = true (custom)
2019-06-13 15:44:02,569 INFO  server.RaftServerConfigKeys (ConfUtils.java:logGet(43)) - raft.server.snapshot.auto.trigger.enabled = true (custom)
2019-06-13 15:44:02,569 INFO  server.RaftServerConfigKeys (ConfUtils.java:logGet(43)) - raft.server.snapshot.auto.trigger.threshold = 10000 (custom)
2019-06-13 15:44:02,570 INFO  server.RaftServerConfigKeys (ConfUtils.java:logGet(43)) - raft.server.retrycache.expirytime = 600000ms (custom)
2019-06-13 15:44:02,570 INFO  impl.RaftServerImpl (RaftServerImpl.java:start(173)) - abd35e5c-06ad-4ff8-b246-cddb034938fc: start group-8D4644961417
2019-06-13 15:44:02,570 INFO  impl.RaftServerImpl (RaftServerImpl.java:setRole(164)) - abd35e5c-06ad-4ff8-b246-cddb034938fc:group-8D4644961417 changes role from null to FOLLOWER at term 0 for startAsFollower
2019-06-13 15:44:02,570 INFO  impl.RoleInfo (RoleInfo.java:updateAndGet(143)) - abd35e5c-06ad-4ff8-b246-cddb034938fc: start FollowerState
2019-06-13 15:44:02,570 INFO  util.JmxRegister (JmxRegister.java:tryRegister(44)) - Successfully registered JMX Bean with object name Ratis:service=RaftServer,group=group-8D4644961417,id=abd35e5c-06ad-4ff8-b246-cddb034938fc
2019-06-13 15:44:02,576 INFO  pipeline.PipelineStateManager (PipelineStateManager.java:addPipeline(56)) - Created pipeline Pipeline[ Id: abc9fc23-60f0-4d35-94e6-8d4644961417, Nodes: abd35e5c-06ad-4ff8-b246-cddb034938fc{ip: 192.168.134.103, host: ozone-ldwqp-4079303285, networkLocation: /default-rack, certSerialId: null}, Type:RATIS, Factor:ONE, State:OPEN]
2019-06-13 15:44:02,736 INFO  node.SCMNodeManager (SCMNodeManager.java:register(234)) - Registered Data node : 199e3548-4b2a-4ae7-9e75-de2f099754d7{ip: 192.168.134.103, host: ozone-ldwqp-4079303285, networkLocation: /default-rack, certSerialId: null}
2019-06-13 15:44:02,748 INFO  impl.RaftServerProxy (RaftServerProxy.java:addNew(89)) - 199e3548-4b2a-4ae7-9e75-de2f099754d7: addNew group-C69FFFBADC8B:[199e3548-4b2a-4ae7-9e75-de2f099754d7:192.168.134.103:44897] returns group-C69FFFBADC8B:java.util.concurrent.CompletableFuture@4f0dea9e[Not completed]
2019-06-13 15:44:02,749 INFO  impl.RaftServerImpl (RaftServerImpl.java:<init>(91)) - 199e3548-4b2a-4ae7-9e75-de2f099754d7: new RaftServerImpl for group-C69FFFBADC8B:[199e3548-4b2a-4ae7-9e75-de2f099754d7:192.168.134.103:44897] with ContainerStateMachine:uninitialized
2019-06-13 15:44:02,749 INFO  server.RaftServerConfigKeys (ConfUtils.java:logGet(43)) - raft.server.rpc.timeout.min = 1s (custom)
2019-06-13 15:44:02,749 INFO  server.RaftServerConfigKeys (ConfUtils.java:logGet(43)) - raft.server.rpc.timeout.max = 1200ms (custom)
2019-06-13 15:44:02,749 INFO  server.RaftServerConfigKeys (ConfUtils.java:logGet(43)) - raft.server.rpcslowness.timeout = 120s (custom)
2019-06-13 15:44:02,749 INFO  server.RaftServerConfigKeys (ConfUtils.java:logGet(43)) - raft.server.log.appender.install.snapshot.enabled = true (default)
2019-06-13 15:44:02,749 INFO  impl.RaftServerImpl (ServerState.java:<init>(101)) - 199e3548-4b2a-4ae7-9e75-de2f099754d7:group-C69FFFBADC8B ConfigurationManager, init=-1: [199e3548-4b2a-4ae7-9e75-de2f099754d7:192.168.134.103:44897], old=null, confs=<EMPTY_MAP>
2019-06-13 15:44:02,749 INFO  server.RaftServerConfigKeys (ConfUtils.java:logGet(43)) - raft.server.storage.dir = [/opt/src/hadoop-ozone/integration-test/target/test-dir/MiniOzoneClusterImpl-bc146287-0d28-4cd3-ac28-055d8c97a901/datanode-5/data/ratis] (custom)
2019-06-13 15:44:02,750 INFO  storage.RaftStorageDirectory (RaftStorageDirectory.java:analyzeStorage(246)) - The storage directory /opt/src/hadoop-ozone/integration-test/target/test-dir/MiniOzoneClusterImpl-bc146287-0d28-4cd3-ac28-055d8c97a901/datanode-5/data/ratis/88249cd1-3141-4908-b054-c69fffbadc8b does not exist. Creating ...
2019-06-13 15:44:02,752 INFO  storage.RaftStorageDirectory (RaftStorageDirectory.java:tryLock(328)) - Lock on /opt/src/hadoop-ozone/integration-test/target/test-dir/MiniOzoneClusterImpl-bc146287-0d28-4cd3-ac28-055d8c97a901/datanode-5/data/ratis/88249cd1-3141-4908-b054-c69fffbadc8b/in_use.lock acquired by nodename 18795@ozone-ldwqp-4079303285
2019-06-13 15:44:02,754 INFO  storage.RaftStorage (RaftStorage.java:format(75)) - Storage directory /opt/src/hadoop-ozone/integration-test/target/test-dir/MiniOzoneClusterImpl-bc146287-0d28-4cd3-ac28-055d8c97a901/datanode-5/data/ratis/88249cd1-3141-4908-b054-c69fffbadc8b has been successfully formatted.
2019-06-13 15:44:02,754 INFO  ratis.ContainerStateMachine (ContainerStateMachine.java:loadSnapshot(199)) - The snapshot info is null.Setting the last applied index to:(t:0, i:~)
2019-06-13 15:44:02,754 INFO  server.RaftServerConfigKeys (ConfUtils.java:logGet(43)) - raft.server.leader.election.timeout = 120s (custom)
2019-06-13 15:44:02,754 INFO  server.RaftServerConfigKeys (ConfUtils.java:logGet(43)) - raft.server.log.use.memory = false (default)
2019-06-13 15:44:02,754 INFO  server.RaftServerConfigKeys (ConfUtils.java:logGet(43)) - raft.server.log.appender.buffer.byte-limit = 33554432 (custom)
2019-06-13 15:44:02,754 INFO  server.RaftServerConfigKeys (ConfUtils.java:logGet(43)) - raft.server.log.segment.size.max = 16384 (custom)
2019-06-13 15:44:02,754 INFO  server.RaftServerConfigKeys (ConfUtils.java:logGet(43)) - raft.server.log.segment.cache.num.max = 2 (custom)
2019-06-13 15:44:02,754 INFO  storage.RaftLogWorker (RaftLogWorker.java:<init>(123)) - new 199e3548-4b2a-4ae7-9e75-de2f099754d7-RaftLogWorker for Storage Directory /opt/src/hadoop-ozone/integration-test/target/test-dir/MiniOzoneClusterImpl-bc146287-0d28-4cd3-ac28-055d8c97a901/datanode-5/data/ratis/88249cd1-3141-4908-b054-c69fffbadc8b
2019-06-13 15:44:02,754 INFO  server.RaftServerConfigKeys (ConfUtils.java:logGet(43)) - raft.server.log.queue.byte-limit = 2147483647 (custom)
2019-06-13 15:44:02,755 INFO  server.RaftServerConfigKeys (ConfUtils.java:logGet(43)) - raft.server.log.queue.element-limit = 1024 (custom)
2019-06-13 15:44:02,755 INFO  server.RaftServerConfigKeys (ConfUtils.java:logGet(43)) - raft.server.log.segment.size.max = 16384 (custom)
2019-06-13 15:44:02,755 INFO  server.RaftServerConfigKeys (ConfUtils.java:logGet(43)) - raft.server.log.preallocated.size = 16384 (custom)
2019-06-13 15:44:02,755 INFO  server.RaftServerConfigKeys (ConfUtils.java:logGet(43)) - raft.server.log.write.buffer.size = 33554432 (custom)
2019-06-13 15:44:02,755 INFO  server.RaftServerConfigKeys (ConfUtils.java:logGet(43)) - raft.server.log.force.sync.num = 128 (default)
2019-06-13 15:44:02,755 INFO  server.RaftServerConfigKeys (ConfUtils.java:logGet(43)) - raft.server.log.statemachine.data.sync = true (default)
2019-06-13 15:44:02,755 INFO  server.RaftServerConfigKeys (ConfUtils.java:logGet(43)) - raft.server.log.statemachine.data.sync.timeout = 10s (default)
2019-06-13 15:44:02,755 INFO  server.RaftServerConfigKeys (ConfUtils.java:logGet(43)) - raft.server.log.statemachine.data.sync.timeout.retry = -1 (default)
2019-06-13 15:44:02,755 INFO  server.RaftServerConfigKeys (ConfUtils.java:logGet(43)) - raft.server.log.statemachine.data.caching.enabled = true (custom)
2019-06-13 15:44:02,755 INFO  server.RaftServerConfigKeys (ConfUtils.java:logGet(43)) - raft.server.snapshot.auto.trigger.enabled = true (custom)
2019-06-13 15:44:02,755 INFO  server.RaftServerConfigKeys (ConfUtils.java:logGet(43)) - raft.server.snapshot.auto.trigger.threshold = 10000 (custom)
2019-06-13 15:44:02,756 INFO  server.RaftServerConfigKeys (ConfUtils.java:logGet(43)) - raft.server.retrycache.expirytime = 600000ms (custom)
2019-06-13 15:44:02,756 INFO  impl.RaftServerImpl (RaftServerImpl.java:start(173)) - 199e3548-4b2a-4ae7-9e75-de2f099754d7: start group-C69FFFBADC8B
2019-06-13 15:44:02,756 INFO  impl.RaftServerImpl (RaftServerImpl.java:setRole(164)) - 199e3548-4b2a-4ae7-9e75-de2f099754d7:group-C69FFFBADC8B changes role from null to FOLLOWER at term 0 for startAsFollower
2019-06-13 15:44:02,756 INFO  impl.RoleInfo (RoleInfo.java:updateAndGet(143)) - 199e3548-4b2a-4ae7-9e75-de2f099754d7: start FollowerState
2019-06-13 15:44:02,756 INFO  util.JmxRegister (JmxRegister.java:tryRegister(44)) - Successfully registered JMX Bean with object name Ratis:service=RaftServer,group=group-C69FFFBADC8B,id=199e3548-4b2a-4ae7-9e75-de2f099754d7
2019-06-13 15:44:02,761 INFO  pipeline.PipelineStateManager (PipelineStateManager.java:addPipeline(56)) - Created pipeline Pipeline[ Id: 88249cd1-3141-4908-b054-c69fffbadc8b, Nodes: 199e3548-4b2a-4ae7-9e75-de2f099754d7{ip: 192.168.134.103, host: ozone-ldwqp-4079303285, networkLocation: /default-rack, certSerialId: null}, Type:RATIS, Factor:ONE, State:OPEN]
2019-06-13 15:44:02,783 INFO  impl.RaftServerProxy (RaftServerProxy.java:addNew(89)) - abd35e5c-06ad-4ff8-b246-cddb034938fc: addNew group-9A25F5872F94:[abd35e5c-06ad-4ff8-b246-cddb034938fc:192.168.134.103:38623, 199e3548-4b2a-4ae7-9e75-de2f099754d7:192.168.134.103:44897, 34ce2e33-6582-4a14-9433-1ece43bac433:192.168.134.103:45833] returns group-9A25F5872F94:java.util.concurrent.CompletableFuture@526b1b9[Not completed]
2019-06-13 15:44:02,783 INFO  impl.RaftServerProxy (RaftServerProxy.java:addNew(89)) - 199e3548-4b2a-4ae7-9e75-de2f099754d7: addNew group-9A25F5872F94:[abd35e5c-06ad-4ff8-b246-cddb034938fc:192.168.134.103:38623, 199e3548-4b2a-4ae7-9e75-de2f099754d7:192.168.134.103:44897, 34ce2e33-6582-4a14-9433-1ece43bac433:192.168.134.103:45833] returns group-9A25F5872F94:java.util.concurrent.CompletableFuture@39fcdf5a[Not completed]
2019-06-13 15:44:02,784 INFO  impl.RaftServerImpl (RaftServerImpl.java:<init>(91)) - 199e3548-4b2a-4ae7-9e75-de2f099754d7: new RaftServerImpl for group-9A25F5872F94:[abd35e5c-06ad-4ff8-b246-cddb034938fc:192.168.134.103:38623, 199e3548-4b2a-4ae7-9e75-de2f099754d7:192.168.134.103:44897, 34ce2e33-6582-4a14-9433-1ece43bac433:192.168.134.103:45833] with ContainerStateMachine:uninitialized
2019-06-13 15:44:02,784 INFO  server.RaftServerConfigKeys (ConfUtils.java:logGet(43)) - raft.server.rpc.timeout.min = 1s (custom)
2019-06-13 15:44:02,784 INFO  server.RaftServerConfigKeys (ConfUtils.java:logGet(43)) - raft.server.rpc.timeout.max = 1200ms (custom)
2019-06-13 15:44:02,784 INFO  impl.RaftServerImpl (RaftServerImpl.java:<init>(91)) - abd35e5c-06ad-4ff8-b246-cddb034938fc: new RaftServerImpl for group-9A25F5872F94:[abd35e5c-06ad-4ff8-b246-cddb034938fc:192.168.134.103:38623, 199e3548-4b2a-4ae7-9e75-de2f099754d7:192.168.134.103:44897, 34ce2e33-6582-4a14-9433-1ece43bac433:192.168.134.103:45833] with ContainerStateMachine:uninitialized
2019-06-13 15:44:02,784 INFO  server.RaftServerConfigKeys (ConfUtils.java:logGet(43)) - raft.server.rpcslowness.timeout = 120s (custom)
2019-06-13 15:44:02,784 INFO  server.RaftServerConfigKeys (ConfUtils.java:logGet(43)) - raft.server.rpc.timeout.min = 1s (custom)
2019-06-13 15:44:02,785 INFO  impl.RaftServerProxy (RaftServerProxy.java:addNew(89)) - 34ce2e33-6582-4a14-9433-1ece43bac433: addNew group-9A25F5872F94:[abd35e5c-06ad-4ff8-b246-cddb034938fc:192.168.134.103:38623, 199e3548-4b2a-4ae7-9e75-de2f099754d7:192.168.134.103:44897, 34ce2e33-6582-4a14-9433-1ece43bac433:192.168.134.103:45833] returns group-9A25F5872F94:java.util.concurrent.CompletableFuture@72c13964[Not completed]
2019-06-13 15:44:02,785 INFO  server.RaftServerConfigKeys (ConfUtils.java:logGet(43)) - raft.server.log.appender.install.snapshot.enabled = true (default)
2019-06-13 15:44:02,785 INFO  server.RaftServerConfigKeys (ConfUtils.java:logGet(43)) - raft.server.rpc.timeout.max = 1200ms (custom)
2019-06-13 15:44:02,785 INFO  impl.RaftServerImpl (ServerState.java:<init>(101)) - 199e3548-4b2a-4ae7-9e75-de2f099754d7:group-9A25F5872F94 ConfigurationManager, init=-1: [abd35e5c-06ad-4ff8-b246-cddb034938fc:192.168.134.103:38623, 199e3548-4b2a-4ae7-9e75-de2f099754d7:192.168.134.103:44897, 34ce2e33-6582-4a14-9433-1ece43bac433:192.168.134.103:45833], old=null, confs=<EMPTY_MAP>
2019-06-13 15:44:02,785 INFO  server.RaftServerConfigKeys (ConfUtils.java:logGet(43)) - raft.server.rpcslowness.timeout = 120s (custom)
2019-06-13 15:44:02,785 INFO  server.RaftServerConfigKeys (ConfUtils.java:logGet(43)) - raft.server.log.appender.install.snapshot.enabled = true (default)
2019-06-13 15:44:02,785 INFO  impl.RaftServerImpl (ServerState.java:<init>(101)) - abd35e5c-06ad-4ff8-b246-cddb034938fc:group-9A25F5872F94 ConfigurationManager, init=-1: [abd35e5c-06ad-4ff8-b246-cddb034938fc:192.168.134.103:38623, 199e3548-4b2a-4ae7-9e75-de2f099754d7:192.168.134.103:44897, 34ce2e33-6582-4a14-9433-1ece43bac433:192.168.134.103:45833], old=null, confs=<EMPTY_MAP>
2019-06-13 15:44:02,785 INFO  server.RaftServerConfigKeys (ConfUtils.java:logGet(43)) - raft.server.storage.dir = [/opt/src/hadoop-ozone/integration-test/target/test-dir/MiniOzoneClusterImpl-bc146287-0d28-4cd3-ac28-055d8c97a901/datanode-4/data/ratis] (custom)
2019-06-13 15:44:02,786 INFO  storage.RaftStorageDirectory (RaftStorageDirectory.java:analyzeStorage(246)) - The storage directory /opt/src/hadoop-ozone/integration-test/target/test-dir/MiniOzoneClusterImpl-bc146287-0d28-4cd3-ac28-055d8c97a901/datanode-4/data/ratis/608c438f-c3bb-405e-9241-9a25f5872f94 does not exist. Creating ...
2019-06-13 15:44:02,785 INFO  impl.RaftServerImpl (RaftServerImpl.java:<init>(91)) - 34ce2e33-6582-4a14-9433-1ece43bac433: new RaftServerImpl for group-9A25F5872F94:[abd35e5c-06ad-4ff8-b246-cddb034938fc:192.168.134.103:38623, 199e3548-4b2a-4ae7-9e75-de2f099754d7:192.168.134.103:44897, 34ce2e33-6582-4a14-9433-1ece43bac433:192.168.134.103:45833] with ContainerStateMachine:uninitialized
2019-06-13 15:44:02,785 INFO  server.RaftServerConfigKeys (ConfUtils.java:logGet(43)) - raft.server.storage.dir = [/opt/src/hadoop-ozone/integration-test/target/test-dir/MiniOzoneClusterImpl-bc146287-0d28-4cd3-ac28-055d8c97a901/datanode-5/data/ratis] (custom)
2019-06-13 15:44:02,786 INFO  server.RaftServerConfigKeys (ConfUtils.java:logGet(43)) - raft.server.rpc.timeout.min = 1s (custom)
2019-06-13 15:44:02,786 INFO  server.RaftServerConfigKeys (ConfUtils.java:logGet(43)) - raft.server.rpc.timeout.max = 1200ms (custom)
2019-06-13 15:44:02,786 INFO  storage.RaftStorageDirectory (RaftStorageDirectory.java:analyzeStorage(246)) - The storage directory /opt/src/hadoop-ozone/integration-test/target/test-dir/MiniOzoneClusterImpl-bc146287-0d28-4cd3-ac28-055d8c97a901/datanode-5/data/ratis/608c438f-c3bb-405e-9241-9a25f5872f94 does not exist. Creating ...
2019-06-13 15:44:02,786 INFO  server.RaftServerConfigKeys (ConfUtils.java:logGet(43)) - raft.server.rpcslowness.timeout = 120s (custom)
2019-06-13 15:44:02,786 INFO  server.RaftServerConfigKeys (ConfUtils.java:logGet(43)) - raft.server.log.appender.install.snapshot.enabled = true (default)
2019-06-13 15:44:02,786 INFO  impl.RaftServerImpl (ServerState.java:<init>(101)) - 34ce2e33-6582-4a14-9433-1ece43bac433:group-9A25F5872F94 ConfigurationManager, init=-1: [abd35e5c-06ad-4ff8-b246-cddb034938fc:192.168.134.103:38623, 199e3548-4b2a-4ae7-9e75-de2f099754d7:192.168.134.103:44897, 34ce2e33-6582-4a14-9433-1ece43bac433:192.168.134.103:45833], old=null, confs=<EMPTY_MAP>
2019-06-13 15:44:02,786 INFO  server.RaftServerConfigKeys (ConfUtils.java:logGet(43)) - raft.server.storage.dir = [/opt/src/hadoop-ozone/integration-test/target/test-dir/MiniOzoneClusterImpl-bc146287-0d28-4cd3-ac28-055d8c97a901/datanode-0/data/ratis] (custom)
2019-06-13 15:44:02,787 INFO  storage.RaftStorageDirectory (RaftStorageDirectory.java:analyzeStorage(246)) - The storage directory /opt/src/hadoop-ozone/integration-test/target/test-dir/MiniOzoneClusterImpl-bc146287-0d28-4cd3-ac28-055d8c97a901/datanode-0/data/ratis/608c438f-c3bb-405e-9241-9a25f5872f94 does not exist. Creating ...
2019-06-13 15:44:02,788 INFO  storage.RaftStorageDirectory (RaftStorageDirectory.java:tryLock(328)) - Lock on /opt/src/hadoop-ozone/integration-test/target/test-dir/MiniOzoneClusterImpl-bc146287-0d28-4cd3-ac28-055d8c97a901/datanode-4/data/ratis/608c438f-c3bb-405e-9241-9a25f5872f94/in_use.lock acquired by nodename 18795@ozone-ldwqp-4079303285
2019-06-13 15:44:02,789 INFO  storage.RaftStorageDirectory (RaftStorageDirectory.java:tryLock(328)) - Lock on /opt/src/hadoop-ozone/integration-test/target/test-dir/MiniOzoneClusterImpl-bc146287-0d28-4cd3-ac28-055d8c97a901/datanode-0/data/ratis/608c438f-c3bb-405e-9241-9a25f5872f94/in_use.lock acquired by nodename 18795@ozone-ldwqp-4079303285
2019-06-13 15:44:02,790 INFO  storage.RaftStorageDirectory (RaftStorageDirectory.java:tryLock(328)) - Lock on /opt/src/hadoop-ozone/integration-test/target/test-dir/MiniOzoneClusterImpl-bc146287-0d28-4cd3-ac28-055d8c97a901/datanode-5/data/ratis/608c438f-c3bb-405e-9241-9a25f5872f94/in_use.lock acquired by nodename 18795@ozone-ldwqp-4079303285
2019-06-13 15:44:02,790 INFO  storage.RaftStorage (RaftStorage.java:format(75)) - Storage directory /opt/src/hadoop-ozone/integration-test/target/test-dir/MiniOzoneClusterImpl-bc146287-0d28-4cd3-ac28-055d8c97a901/datanode-4/data/ratis/608c438f-c3bb-405e-9241-9a25f5872f94 has been successfully formatted.
2019-06-13 15:44:02,791 INFO  ratis.ContainerStateMachine (ContainerStateMachine.java:loadSnapshot(199)) - The snapshot info is null.Setting the last applied index to:(t:0, i:~)
2019-06-13 15:44:02,791 INFO  server.RaftServerConfigKeys (ConfUtils.java:logGet(43)) - raft.server.leader.election.timeout = 120s (custom)
2019-06-13 15:44:02,791 INFO  server.RaftServerConfigKeys (ConfUtils.java:logGet(43)) - raft.server.log.use.memory = false (default)
2019-06-13 15:44:02,791 INFO  server.RaftServerConfigKeys (ConfUtils.java:logGet(43)) - raft.server.log.appender.buffer.byte-limit = 33554432 (custom)
2019-06-13 15:44:02,791 INFO  server.RaftServerConfigKeys (ConfUtils.java:logGet(43)) - raft.server.log.segment.size.max = 16384 (custom)
2019-06-13 15:44:02,791 INFO  server.RaftServerConfigKeys (ConfUtils.java:logGet(43)) - raft.server.log.segment.cache.num.max = 2 (custom)
2019-06-13 15:44:02,791 INFO  storage.RaftLogWorker (RaftLogWorker.java:<init>(123)) - new abd35e5c-06ad-4ff8-b246-cddb034938fc-RaftLogWorker for Storage Directory /opt/src/hadoop-ozone/integration-test/target/test-dir/MiniOzoneClusterImpl-bc146287-0d28-4cd3-ac28-055d8c97a901/datanode-4/data/ratis/608c438f-c3bb-405e-9241-9a25f5872f94
2019-06-13 15:44:02,791 INFO  storage.RaftStorage (RaftStorage.java:format(75)) - Storage directory /opt/src/hadoop-ozone/integration-test/target/test-dir/MiniOzoneClusterImpl-bc146287-0d28-4cd3-ac28-055d8c97a901/datanode-0/data/ratis/608c438f-c3bb-405e-9241-9a25f5872f94 has been successfully formatted.
2019-06-13 15:44:02,792 INFO  server.RaftServerConfigKeys (ConfUtils.java:logGet(43)) - raft.server.log.queue.byte-limit = 2147483647 (custom)
2019-06-13 15:44:02,792 INFO  server.RaftServerConfigKeys (ConfUtils.java:logGet(43)) - raft.server.log.queue.element-limit = 1024 (custom)
2019-06-13 15:44:02,792 INFO  server.RaftServerConfigKeys (ConfUtils.java:logGet(43)) - raft.server.log.segment.size.max = 16384 (custom)
2019-06-13 15:44:02,792 INFO  server.RaftServerConfigKeys (ConfUtils.java:logGet(43)) - raft.server.log.preallocated.size = 16384 (custom)
2019-06-13 15:44:02,792 INFO  server.RaftServerConfigKeys (ConfUtils.java:logGet(43)) - raft.server.log.write.buffer.size = 33554432 (custom)
2019-06-13 15:44:02,792 INFO  server.RaftServerConfigKeys (ConfUtils.java:logGet(43)) - raft.server.log.force.sync.num = 128 (default)
2019-06-13 15:44:02,792 INFO  server.RaftServerConfigKeys (ConfUtils.java:logGet(43)) - raft.server.log.statemachine.data.sync = true (default)
2019-06-13 15:44:02,792 INFO  ratis.ContainerStateMachine (ContainerStateMachine.java:loadSnapshot(199)) - The snapshot info is null.Setting the last applied index to:(t:0, i:~)
2019-06-13 15:44:02,792 INFO  server.RaftServerConfigKeys (ConfUtils.java:logGet(43)) - raft.server.leader.election.timeout = 120s (custom)
2019-06-13 15:44:02,792 INFO  server.RaftServerConfigKeys (ConfUtils.java:logGet(43)) - raft.server.log.use.memory = false (default)
2019-06-13 15:44:02,792 INFO  server.RaftServerConfigKeys (ConfUtils.java:logGet(43)) - raft.server.log.appender.buffer.byte-limit = 33554432 (custom)
2019-06-13 15:44:02,793 INFO  server.RaftServerConfigKeys (ConfUtils.java:logGet(43)) - raft.server.log.segment.size.max = 16384 (custom)
2019-06-13 15:44:02,793 INFO  server.RaftServerConfigKeys (ConfUtils.java:logGet(43)) - raft.server.log.segment.cache.num.max = 2 (custom)
2019-06-13 15:44:02,793 INFO  storage.RaftLogWorker (RaftLogWorker.java:<init>(123)) - new 34ce2e33-6582-4a14-9433-1ece43bac433-RaftLogWorker for Storage Directory /opt/src/hadoop-ozone/integration-test/target/test-dir/MiniOzoneClusterImpl-bc146287-0d28-4cd3-ac28-055d8c97a901/datanode-0/data/ratis/608c438f-c3bb-405e-9241-9a25f5872f94
2019-06-13 15:44:02,793 INFO  server.RaftServerConfigKeys (ConfUtils.java:logGet(43)) - raft.server.log.queue.byte-limit = 2147483647 (custom)
2019-06-13 15:44:02,793 INFO  server.RaftServerConfigKeys (ConfUtils.java:logGet(43)) - raft.server.log.queue.element-limit = 1024 (custom)
2019-06-13 15:44:02,793 INFO  server.RaftServerConfigKeys (ConfUtils.java:logGet(43)) - raft.server.log.segment.size.max = 16384 (custom)
2019-06-13 15:44:02,793 INFO  server.RaftServerConfigKeys (ConfUtils.java:logGet(43)) - raft.server.log.preallocated.size = 16384 (custom)
2019-06-13 15:44:02,793 INFO  server.RaftServerConfigKeys (ConfUtils.java:logGet(43)) - raft.server.log.write.buffer.size = 33554432 (custom)
2019-06-13 15:44:02,793 INFO  server.RaftServerConfigKeys (ConfUtils.java:logGet(43)) - raft.server.log.force.sync.num = 128 (default)
2019-06-13 15:44:02,793 INFO  server.RaftServerConfigKeys (ConfUtils.java:logGet(43)) - raft.server.log.statemachine.data.sync = true (default)
2019-06-13 15:44:02,794 INFO  server.RaftServerConfigKeys (ConfUtils.java:logGet(43)) - raft.server.log.statemachine.data.sync.timeout = 10s (default)
2019-06-13 15:44:02,794 INFO  server.RaftServerConfigKeys (ConfUtils.java:logGet(43)) - raft.server.log.statemachine.data.sync.timeout.retry = -1 (default)
2019-06-13 15:44:02,794 INFO  server.RaftServerConfigKeys (ConfUtils.java:logGet(43)) - raft.server.log.statemachine.data.caching.enabled = true (custom)
2019-06-13 15:44:02,794 INFO  storage.RaftStorage (RaftStorage.java:format(75)) - Storage directory /opt/src/hadoop-ozone/integration-test/target/test-dir/MiniOzoneClusterImpl-bc146287-0d28-4cd3-ac28-055d8c97a901/datanode-5/data/ratis/608c438f-c3bb-405e-9241-9a25f5872f94 has been successfully formatted.
2019-06-13 15:44:02,794 INFO  ratis.ContainerStateMachine (ContainerStateMachine.java:loadSnapshot(199)) - The snapshot info is null.Setting the last applied index to:(t:0, i:~)
2019-06-13 15:44:02,794 INFO  server.RaftServerConfigKeys (ConfUtils.java:logGet(43)) - raft.server.leader.election.timeout = 120s (custom)
2019-06-13 15:44:02,794 INFO  server.RaftServerConfigKeys (ConfUtils.java:logGet(43)) - raft.server.log.use.memory = false (default)
2019-06-13 15:44:02,794 INFO  server.RaftServerConfigKeys (ConfUtils.java:logGet(43)) - raft.server.log.appender.buffer.byte-limit = 33554432 (custom)
2019-06-13 15:44:02,794 INFO  server.RaftServerConfigKeys (ConfUtils.java:logGet(43)) - raft.server.log.segment.size.max = 16384 (custom)
2019-06-13 15:44:02,794 INFO  server.RaftServerConfigKeys (ConfUtils.java:logGet(43)) - raft.server.log.segment.cache.num.max = 2 (custom)
2019-06-13 15:44:02,795 INFO  storage.RaftLogWorker (RaftLogWorker.java:<init>(123)) - new 199e3548-4b2a-4ae7-9e75-de2f099754d7-RaftLogWorker for Storage Directory /opt/src/hadoop-ozone/integration-test/target/test-dir/MiniOzoneClusterImpl-bc146287-0d28-4cd3-ac28-055d8c97a901/datanode-5/data/ratis/608c438f-c3bb-405e-9241-9a25f5872f94
2019-06-13 15:44:02,795 INFO  server.RaftServerConfigKeys (ConfUtils.java:logGet(43)) - raft.server.log.queue.byte-limit = 2147483647 (custom)
2019-06-13 15:44:02,795 INFO  server.RaftServerConfigKeys (ConfUtils.java:logGet(43)) - raft.server.log.queue.element-limit = 1024 (custom)
2019-06-13 15:44:02,795 INFO  server.RaftServerConfigKeys (ConfUtils.java:logGet(43)) - raft.server.log.segment.size.max = 16384 (custom)
2019-06-13 15:44:02,795 INFO  server.RaftServerConfigKeys (ConfUtils.java:logGet(43)) - raft.server.log.preallocated.size = 16384 (custom)
2019-06-13 15:44:02,795 INFO  server.RaftServerConfigKeys (ConfUtils.java:logGet(43)) - raft.server.log.write.buffer.size = 33554432 (custom)
2019-06-13 15:44:02,795 INFO  server.RaftServerConfigKeys (ConfUtils.java:logGet(43)) - raft.server.log.force.sync.num = 128 (default)
2019-06-13 15:44:02,795 INFO  server.RaftServerConfigKeys (ConfUtils.java:logGet(43)) - raft.server.log.statemachine.data.sync = true (default)
2019-06-13 15:44:02,795 INFO  server.RaftServerConfigKeys (ConfUtils.java:logGet(43)) - raft.server.log.statemachine.data.sync.timeout = 10s (default)
2019-06-13 15:44:02,795 INFO  server.RaftServerConfigKeys (ConfUtils.java:logGet(43)) - raft.server.log.statemachine.data.sync.timeout.retry = -1 (default)
2019-06-13 15:44:02,795 INFO  server.RaftServerConfigKeys (ConfUtils.java:logGet(43)) - raft.server.log.statemachine.data.caching.enabled = true (custom)
2019-06-13 15:44:02,792 INFO  server.RaftServerConfigKeys (ConfUtils.java:logGet(43)) - raft.server.log.statemachine.data.sync.timeout = 10s (default)
2019-06-13 15:44:02,794 INFO  server.RaftServerConfigKeys (ConfUtils.java:logGet(43)) - raft.server.snapshot.auto.trigger.enabled = true (custom)
2019-06-13 15:44:02,796 INFO  server.RaftServerConfigKeys (ConfUtils.java:logGet(43)) - raft.server.snapshot.auto.trigger.threshold = 10000 (custom)
2019-06-13 15:44:02,796 INFO  server.RaftServerConfigKeys (ConfUtils.java:logGet(43)) - raft.server.retrycache.expirytime = 600000ms (custom)
2019-06-13 15:44:02,796 INFO  impl.RaftServerImpl (RaftServerImpl.java:start(173)) - 34ce2e33-6582-4a14-9433-1ece43bac433: start group-9A25F5872F94
2019-06-13 15:44:02,796 INFO  impl.RaftServerImpl (RaftServerImpl.java:setRole(164)) - 34ce2e33-6582-4a14-9433-1ece43bac433:group-9A25F5872F94 changes role from null to FOLLOWER at term 0 for startAsFollower
2019-06-13 15:44:02,796 INFO  impl.RoleInfo (RoleInfo.java:updateAndGet(143)) - 34ce2e33-6582-4a14-9433-1ece43bac433: start FollowerState
2019-06-13 15:44:02,796 INFO  server.RaftServerConfigKeys (ConfUtils.java:logGet(43)) - raft.server.snapshot.auto.trigger.enabled = true (custom)
2019-06-13 15:44:02,796 INFO  server.RaftServerConfigKeys (ConfUtils.java:logGet(43)) - raft.server.snapshot.auto.trigger.threshold = 10000 (custom)
2019-06-13 15:44:02,796 INFO  util.JmxRegister (JmxRegister.java:tryRegister(44)) - Successfully registered JMX Bean with object name Ratis:service=RaftServer,group=group-9A25F5872F94,id=34ce2e33-6582-4a14-9433-1ece43bac433
2019-06-13 15:44:02,796 INFO  server.RaftServerConfigKeys (ConfUtils.java:logGet(43)) - raft.server.retrycache.expirytime = 600000ms (custom)
2019-06-13 15:44:02,797 INFO  impl.RaftServerImpl (RaftServerImpl.java:start(173)) - 199e3548-4b2a-4ae7-9e75-de2f099754d7: start group-9A25F5872F94
2019-06-13 15:44:02,797 INFO  impl.RaftServerImpl (RaftServerImpl.java:setRole(164)) - 199e3548-4b2a-4ae7-9e75-de2f099754d7:group-9A25F5872F94 changes role from null to FOLLOWER at term 0 for startAsFollower
2019-06-13 15:44:02,797 INFO  server.RaftServerConfigKeys (ConfUtils.java:logGet(43)) - raft.server.log.statemachine.data.sync.timeout.retry = -1 (default)
2019-06-13 15:44:02,798 INFO  server.RaftServerConfigKeys (ConfUtils.java:logGet(43)) - raft.server.log.statemachine.data.caching.enabled = true (custom)
2019-06-13 15:44:02,802 INFO  impl.RoleInfo (RoleInfo.java:updateAndGet(143)) - 199e3548-4b2a-4ae7-9e75-de2f099754d7: start FollowerState
2019-06-13 15:44:02,802 INFO  util.JmxRegister (JmxRegister.java:tryRegister(44)) - Successfully registered JMX Bean with object name Ratis:service=RaftServer,group=group-9A25F5872F94,id=199e3548-4b2a-4ae7-9e75-de2f099754d7
2019-06-13 15:44:02,802 INFO  server.RaftServerConfigKeys (ConfUtils.java:logGet(43)) - raft.server.snapshot.auto.trigger.enabled = true (custom)
2019-06-13 15:44:02,802 INFO  server.RaftServerConfigKeys (ConfUtils.java:logGet(43)) - raft.server.snapshot.auto.trigger.threshold = 10000 (custom)
2019-06-13 15:44:02,803 INFO  server.RaftServerConfigKeys (ConfUtils.java:logGet(43)) - raft.server.retrycache.expirytime = 600000ms (custom)
2019-06-13 15:44:02,803 INFO  impl.RaftServerImpl (RaftServerImpl.java:start(173)) - abd35e5c-06ad-4ff8-b246-cddb034938fc: start group-9A25F5872F94
2019-06-13 15:44:02,803 INFO  impl.RaftServerImpl (RaftServerImpl.java:setRole(164)) - abd35e5c-06ad-4ff8-b246-cddb034938fc:group-9A25F5872F94 changes role from null to FOLLOWER at term 0 for startAsFollower
2019-06-13 15:44:02,803 INFO  impl.RoleInfo (RoleInfo.java:updateAndGet(143)) - abd35e5c-06ad-4ff8-b246-cddb034938fc: start FollowerState
2019-06-13 15:44:02,805 INFO  util.JmxRegister (JmxRegister.java:tryRegister(44)) - Successfully registered JMX Bean with object name Ratis:service=RaftServer,group=group-9A25F5872F94,id=abd35e5c-06ad-4ff8-b246-cddb034938fc
2019-06-13 15:44:02,818 INFO  pipeline.PipelineStateManager (PipelineStateManager.java:addPipeline(56)) - Created pipeline Pipeline[ Id: 608c438f-c3bb-405e-9241-9a25f5872f94, Nodes: 199e3548-4b2a-4ae7-9e75-de2f099754d7{ip: 192.168.134.103, host: ozone-ldwqp-4079303285, networkLocation: /default-rack, certSerialId: null}abd35e5c-06ad-4ff8-b246-cddb034938fc{ip: 192.168.134.103, host: ozone-ldwqp-4079303285, networkLocation: /default-rack, certSerialId: null}34ce2e33-6582-4a14-9433-1ece43bac433{ip: 192.168.134.103, host: ozone-ldwqp-4079303285, networkLocation: /default-rack, certSerialId: null}, Type:RATIS, Factor:THREE, State:OPEN]
2019-06-13 15:44:02,907 INFO  ozone.MiniOzoneClusterImpl (MiniOzoneClusterImpl.java:lambda$waitForClusterToBeReady$0(142)) - Waiting for cluster to be ready. Got 6 of 7 DN Heartbeats.
2019-06-13 15:44:02,913 INFO  node.SCMNodeManager (SCMNodeManager.java:register(234)) - Registered Data node : 89cc73c4-ef99-4694-ac7c-f99afc530a9a{ip: 192.168.134.103, host: ozone-ldwqp-4079303285, networkLocation: /default-rack, certSerialId: null}
2019-06-13 15:44:02,927 INFO  impl.RaftServerProxy (RaftServerProxy.java:addNew(89)) - 89cc73c4-ef99-4694-ac7c-f99afc530a9a: addNew group-5C0AAAD82243:[89cc73c4-ef99-4694-ac7c-f99afc530a9a:192.168.134.103:34213] returns group-5C0AAAD82243:java.util.concurrent.CompletableFuture@79f48fcc[Not completed]
2019-06-13 15:44:02,927 INFO  impl.RaftServerImpl (RaftServerImpl.java:<init>(91)) - 89cc73c4-ef99-4694-ac7c-f99afc530a9a: new RaftServerImpl for group-5C0AAAD82243:[89cc73c4-ef99-4694-ac7c-f99afc530a9a:192.168.134.103:34213] with ContainerStateMachine:uninitialized
2019-06-13 15:44:02,927 INFO  server.RaftServerConfigKeys (ConfUtils.java:logGet(43)) - raft.server.rpc.timeout.min = 1s (custom)
2019-06-13 15:44:02,928 INFO  server.RaftServerConfigKeys (ConfUtils.java:logGet(43)) - raft.server.rpc.timeout.max = 1200ms (custom)
2019-06-13 15:44:02,928 INFO  server.RaftServerConfigKeys (ConfUtils.java:logGet(43)) - raft.server.rpcslowness.timeout = 120s (custom)
2019-06-13 15:44:02,928 INFO  server.RaftServerConfigKeys (ConfUtils.java:logGet(43)) - raft.server.log.appender.install.snapshot.enabled = true (default)
2019-06-13 15:44:02,928 INFO  impl.RaftServerImpl (ServerState.java:<init>(101)) - 89cc73c4-ef99-4694-ac7c-f99afc530a9a:group-5C0AAAD82243 ConfigurationManager, init=-1: [89cc73c4-ef99-4694-ac7c-f99afc530a9a:192.168.134.103:34213], old=null, confs=<EMPTY_MAP>
2019-06-13 15:44:02,928 INFO  server.RaftServerConfigKeys (ConfUtils.java:logGet(43)) - raft.server.storage.dir = [/opt/src/hadoop-ozone/integration-test/target/test-dir/MiniOzoneClusterImpl-bc146287-0d28-4cd3-ac28-055d8c97a901/datanode-6/data/ratis] (custom)
2019-06-13 15:44:02,928 INFO  storage.RaftStorageDirectory (RaftStorageDirectory.java:analyzeStorage(246)) - The storage directory /opt/src/hadoop-ozone/integration-test/target/test-dir/MiniOzoneClusterImpl-bc146287-0d28-4cd3-ac28-055d8c97a901/datanode-6/data/ratis/4d6b50d0-070e-4281-885f-5c0aaad82243 does not exist. Creating ...
2019-06-13 15:44:02,930 INFO  storage.RaftStorageDirectory (RaftStorageDirectory.java:tryLock(328)) - Lock on /opt/src/hadoop-ozone/integration-test/target/test-dir/MiniOzoneClusterImpl-bc146287-0d28-4cd3-ac28-055d8c97a901/datanode-6/data/ratis/4d6b50d0-070e-4281-885f-5c0aaad82243/in_use.lock acquired by nodename 18795@ozone-ldwqp-4079303285
2019-06-13 15:44:02,933 INFO  storage.RaftStorage (RaftStorage.java:format(75)) - Storage directory /opt/src/hadoop-ozone/integration-test/target/test-dir/MiniOzoneClusterImpl-bc146287-0d28-4cd3-ac28-055d8c97a901/datanode-6/data/ratis/4d6b50d0-070e-4281-885f-5c0aaad82243 has been successfully formatted.
2019-06-13 15:44:02,933 INFO  ratis.ContainerStateMachine (ContainerStateMachine.java:loadSnapshot(199)) - The snapshot info is null.Setting the last applied index to:(t:0, i:~)
2019-06-13 15:44:02,933 INFO  server.RaftServerConfigKeys (ConfUtils.java:logGet(43)) - raft.server.leader.election.timeout = 120s (custom)
2019-06-13 15:44:02,933 INFO  server.RaftServerConfigKeys (ConfUtils.java:logGet(43)) - raft.server.log.use.memory = false (default)
2019-06-13 15:44:02,933 INFO  server.RaftServerConfigKeys (ConfUtils.java:logGet(43)) - raft.server.log.appender.buffer.byte-limit = 33554432 (custom)
2019-06-13 15:44:02,933 INFO  server.RaftServerConfigKeys (ConfUtils.java:logGet(43)) - raft.server.log.segment.size.max = 16384 (custom)
2019-06-13 15:44:02,933 INFO  server.RaftServerConfigKeys (ConfUtils.java:logGet(43)) - raft.server.log.segment.cache.num.max = 2 (custom)
2019-06-13 15:44:02,933 INFO  storage.RaftLogWorker (RaftLogWorker.java:<init>(123)) - new 89cc73c4-ef99-4694-ac7c-f99afc530a9a-RaftLogWorker for Storage Directory /opt/src/hadoop-ozone/integration-test/target/test-dir/MiniOzoneClusterImpl-bc146287-0d28-4cd3-ac28-055d8c97a901/datanode-6/data/ratis/4d6b50d0-070e-4281-885f-5c0aaad82243
2019-06-13 15:44:02,933 INFO  server.RaftServerConfigKeys (ConfUtils.java:logGet(43)) - raft.server.log.queue.byte-limit = 2147483647 (custom)
2019-06-13 15:44:02,933 INFO  server.RaftServerConfigKeys (ConfUtils.java:logGet(43)) - raft.server.log.queue.element-limit = 1024 (custom)
2019-06-13 15:44:02,934 INFO  server.RaftServerConfigKeys (ConfUtils.java:logGet(43)) - raft.server.log.segment.size.max = 16384 (custom)
2019-06-13 15:44:02,934 INFO  server.RaftServerConfigKeys (ConfUtils.java:logGet(43)) - raft.server.log.preallocated.size = 16384 (custom)
2019-06-13 15:44:02,934 INFO  server.RaftServerConfigKeys (ConfUtils.java:logGet(43)) - raft.server.log.write.buffer.size = 33554432 (custom)
2019-06-13 15:44:02,934 INFO  server.RaftServerConfigKeys (ConfUtils.java:logGet(43)) - raft.server.log.force.sync.num = 128 (default)
2019-06-13 15:44:02,934 INFO  server.RaftServerConfigKeys (ConfUtils.java:logGet(43)) - raft.server.log.statemachine.data.sync = true (default)
2019-06-13 15:44:02,934 INFO  server.RaftServerConfigKeys (ConfUtils.java:logGet(43)) - raft.server.log.statemachine.data.sync.timeout = 10s (default)
2019-06-13 15:44:02,934 INFO  server.RaftServerConfigKeys (ConfUtils.java:logGet(43)) - raft.server.log.statemachine.data.sync.timeout.retry = -1 (default)
2019-06-13 15:44:02,934 INFO  server.RaftServerConfigKeys (ConfUtils.java:logGet(43)) - raft.server.log.statemachine.data.caching.enabled = true (custom)
2019-06-13 15:44:02,934 INFO  server.RaftServerConfigKeys (ConfUtils.java:logGet(43)) - raft.server.snapshot.auto.trigger.enabled = true (custom)
2019-06-13 15:44:02,934 INFO  server.RaftServerConfigKeys (ConfUtils.java:logGet(43)) - raft.server.snapshot.auto.trigger.threshold = 10000 (custom)
2019-06-13 15:44:02,935 INFO  server.RaftServerConfigKeys (ConfUtils.java:logGet(43)) - raft.server.retrycache.expirytime = 600000ms (custom)
2019-06-13 15:44:02,935 INFO  impl.RaftServerImpl (RaftServerImpl.java:start(173)) - 89cc73c4-ef99-4694-ac7c-f99afc530a9a: start group-5C0AAAD82243
2019-06-13 15:44:02,935 INFO  impl.RaftServerImpl (RaftServerImpl.java:setRole(164)) - 89cc73c4-ef99-4694-ac7c-f99afc530a9a:group-5C0AAAD82243 changes role from null to FOLLOWER at term 0 for startAsFollower
2019-06-13 15:44:02,935 INFO  impl.RoleInfo (RoleInfo.java:updateAndGet(143)) - 89cc73c4-ef99-4694-ac7c-f99afc530a9a: start FollowerState
2019-06-13 15:44:02,935 INFO  util.JmxRegister (JmxRegister.java:tryRegister(44)) - Successfully registered JMX Bean with object name Ratis:service=RaftServer,group=group-5C0AAAD82243,id=89cc73c4-ef99-4694-ac7c-f99afc530a9a
2019-06-13 15:44:02,941 INFO  pipeline.PipelineStateManager (PipelineStateManager.java:addPipeline(56)) - Created pipeline Pipeline[ Id: 4d6b50d0-070e-4281-885f-5c0aaad82243, Nodes: 89cc73c4-ef99-4694-ac7c-f99afc530a9a{ip: 192.168.134.103, host: ozone-ldwqp-4079303285, networkLocation: /default-rack, certSerialId: null}, Type:RATIS, Factor:ONE, State:OPEN]
2019-06-13 15:44:03,430 INFO  impl.FollowerState (FollowerState.java:run(101)) - 34ce2e33-6582-4a14-9433-1ece43bac433:group-73E753073E28 changes to CANDIDATE, lastRpcTime:1158, electionTimeout:1156ms
2019-06-13 15:44:03,430 INFO  impl.RoleInfo (RoleInfo.java:shutdownFollowerState(121)) - 34ce2e33-6582-4a14-9433-1ece43bac433: shutdown FollowerState
2019-06-13 15:44:03,430 INFO  impl.RaftServerImpl (RaftServerImpl.java:setRole(164)) - 34ce2e33-6582-4a14-9433-1ece43bac433:group-73E753073E28 changes role from FOLLOWER to CANDIDATE at term 0 for changeToCandidate
2019-06-13 15:44:03,432 INFO  impl.RoleInfo (RoleInfo.java:updateAndGet(143)) - 34ce2e33-6582-4a14-9433-1ece43bac433: start LeaderElection
2019-06-13 15:44:03,438 INFO  impl.LeaderElection (LeaderElection.java:askForVotes(181)) - 34ce2e33-6582-4a14-9433-1ece43bac433:group-73E753073E28:LeaderElection1: begin an election at term 1 for -1: [34ce2e33-6582-4a14-9433-1ece43bac433:192.168.134.103:45833], old=null
2019-06-13 15:44:03,439 INFO  impl.RoleInfo (RoleInfo.java:shutdownLeaderElection(134)) - 34ce2e33-6582-4a14-9433-1ece43bac433: shutdown LeaderElection
2019-06-13 15:44:03,439 INFO  impl.RaftServerImpl (RaftServerImpl.java:setRole(164)) - 34ce2e33-6582-4a14-9433-1ece43bac433:group-73E753073E28 changes role from CANDIDATE to LEADER at term 1 for changeToLeader
2019-06-13 15:44:03,439 INFO  impl.RaftServerImpl (ServerState.java:setLeader(263)) - 34ce2e33-6582-4a14-9433-1ece43bac433:group-73E753073E28 change Leader from null to 34ce2e33-6582-4a14-9433-1ece43bac433 at term 1 for becomeLeader, leader elected after 1363ms
2019-06-13 15:44:03,443 INFO  server.RaftServerConfigKeys (ConfUtils.java:logGet(43)) - raft.server.staging.catchup.gap = 1000 (default)
2019-06-13 15:44:03,443 INFO  server.RaftServerConfigKeys (ConfUtils.java:logGet(43)) - raft.server.rpc.sleep.time = 25ms (default)
2019-06-13 15:44:03,445 INFO  server.RaftServerConfigKeys (ConfUtils.java:logGet(43)) - raft.server.watch.timeout = 10s (default)
2019-06-13 15:44:03,445 INFO  server.RaftServerConfigKeys (ConfUtils.java:logGet(43)) - raft.server.watch.timeout.denomination = 1s (default)
2019-06-13 15:44:03,450 INFO  impl.RoleInfo (RoleInfo.java:updateAndGet(143)) - 34ce2e33-6582-4a14-9433-1ece43bac433: start LeaderState
2019-06-13 15:44:03,461 INFO  impl.FollowerState (FollowerState.java:run(101)) - 915c82e3-2d9a-49e6-8c45-12303fd07f1f:group-E5687858D467 changes to CANDIDATE, lastRpcTime:1108, electionTimeout:1107ms
2019-06-13 15:44:03,462 INFO  impl.RoleInfo (RoleInfo.java:shutdownFollowerState(121)) - 915c82e3-2d9a-49e6-8c45-12303fd07f1f: shutdown FollowerState
2019-06-13 15:44:03,462 INFO  impl.RaftServerImpl (RaftServerImpl.java:setRole(164)) - 915c82e3-2d9a-49e6-8c45-12303fd07f1f:group-E5687858D467 changes role from FOLLOWER to CANDIDATE at term 0 for changeToCandidate
2019-06-13 15:44:03,462 INFO  impl.RoleInfo (RoleInfo.java:updateAndGet(143)) - 915c82e3-2d9a-49e6-8c45-12303fd07f1f: start LeaderElection
2019-06-13 15:44:03,468 INFO  storage.RaftLogWorker (RaftLogWorker.java:startLogSegment(298)) - 34ce2e33-6582-4a14-9433-1ece43bac433-RaftLogWorker: Starting segment from index:0
2019-06-13 15:44:03,476 INFO  impl.RaftServerImpl (ServerState.java:setRaftConf(361)) - 34ce2e33-6582-4a14-9433-1ece43bac433:group-73E753073E28 set configuration 0: [34ce2e33-6582-4a14-9433-1ece43bac433:192.168.134.103:45833], old=null at 0
2019-06-13 15:44:03,476 INFO  impl.LeaderElection (LeaderElection.java:askForVotes(181)) - 915c82e3-2d9a-49e6-8c45-12303fd07f1f:group-E5687858D467:LeaderElection2: begin an election at term 1 for -1: [915c82e3-2d9a-49e6-8c45-12303fd07f1f:192.168.134.103:38533], old=null
2019-06-13 15:44:03,483 INFO  impl.RoleInfo (RoleInfo.java:shutdownLeaderElection(134)) - 915c82e3-2d9a-49e6-8c45-12303fd07f1f: shutdown LeaderElection
2019-06-13 15:44:03,483 INFO  impl.RaftServerImpl (RaftServerImpl.java:setRole(164)) - 915c82e3-2d9a-49e6-8c45-12303fd07f1f:group-E5687858D467 changes role from CANDIDATE to LEADER at term 1 for changeToLeader
2019-06-13 15:44:03,483 INFO  impl.RaftServerImpl (ServerState.java:setLeader(263)) - 915c82e3-2d9a-49e6-8c45-12303fd07f1f:group-E5687858D467 change Leader from null to 915c82e3-2d9a-49e6-8c45-12303fd07f1f at term 1 for becomeLeader, leader elected after 1134ms
2019-06-13 15:44:03,484 INFO  server.RaftServerConfigKeys (ConfUtils.java:logGet(43)) - raft.server.staging.catchup.gap = 1000 (default)
2019-06-13 15:44:03,484 INFO  server.RaftServerConfigKeys (ConfUtils.java:logGet(43)) - raft.server.rpc.sleep.time = 25ms (default)
2019-06-13 15:44:03,484 INFO  server.RaftServerConfigKeys (ConfUtils.java:logGet(43)) - raft.server.watch.timeout = 10s (default)
2019-06-13 15:44:03,484 INFO  server.RaftServerConfigKeys (ConfUtils.java:logGet(43)) - raft.server.watch.timeout.denomination = 1s (default)
2019-06-13 15:44:03,484 INFO  impl.RoleInfo (RoleInfo.java:updateAndGet(143)) - 915c82e3-2d9a-49e6-8c45-12303fd07f1f: start LeaderState
2019-06-13 15:44:03,485 INFO  storage.RaftLogWorker (RaftLogWorker.java:startLogSegment(298)) - 915c82e3-2d9a-49e6-8c45-12303fd07f1f-RaftLogWorker: Starting segment from index:0
2019-06-13 15:44:03,486 INFO  impl.RaftServerImpl (ServerState.java:setRaftConf(361)) - 915c82e3-2d9a-49e6-8c45-12303fd07f1f:group-E5687858D467 set configuration 0: [915c82e3-2d9a-49e6-8c45-12303fd07f1f:192.168.134.103:38533], old=null at 0
2019-06-13 15:44:03,495 INFO  impl.FollowerState (FollowerState.java:run(101)) - 8cae24b9-ead3-41cd-bd7f-737b6e36f93a:group-0B4912817AB7 changes to CANDIDATE, lastRpcTime:1028, electionTimeout:1028ms
2019-06-13 15:44:03,495 INFO  impl.RoleInfo (RoleInfo.java:shutdownFollowerState(121)) - 8cae24b9-ead3-41cd-bd7f-737b6e36f93a: shutdown FollowerState
2019-06-13 15:44:03,495 INFO  impl.RaftServerImpl (RaftServerImpl.java:setRole(164)) - 8cae24b9-ead3-41cd-bd7f-737b6e36f93a:group-0B4912817AB7 changes role from FOLLOWER to CANDIDATE at term 0 for changeToCandidate
2019-06-13 15:44:03,495 INFO  impl.RoleInfo (RoleInfo.java:updateAndGet(143)) - 8cae24b9-ead3-41cd-bd7f-737b6e36f93a: start LeaderElection
2019-06-13 15:44:03,500 INFO  impl.LeaderElection (LeaderElection.java:askForVotes(181)) - 8cae24b9-ead3-41cd-bd7f-737b6e36f93a:group-0B4912817AB7:LeaderElection3: begin an election at term 1 for -1: [8cae24b9-ead3-41cd-bd7f-737b6e36f93a:192.168.134.103:37077], old=null
2019-06-13 15:44:03,500 INFO  impl.RoleInfo (RoleInfo.java:shutdownLeaderElection(134)) - 8cae24b9-ead3-41cd-bd7f-737b6e36f93a: shutdown LeaderElection
2019-06-13 15:44:03,500 INFO  impl.RaftServerImpl (RaftServerImpl.java:setRole(164)) - 8cae24b9-ead3-41cd-bd7f-737b6e36f93a:group-0B4912817AB7 changes role from CANDIDATE to LEADER at term 1 for changeToLeader
2019-06-13 15:44:03,500 INFO  impl.RaftServerImpl (ServerState.java:setLeader(263)) - 8cae24b9-ead3-41cd-bd7f-737b6e36f93a:group-0B4912817AB7 change Leader from null to 8cae24b9-ead3-41cd-bd7f-737b6e36f93a at term 1 for becomeLeader, leader elected after 1035ms
2019-06-13 15:44:03,501 INFO  server.RaftServerConfigKeys (ConfUtils.java:logGet(43)) - raft.server.staging.catchup.gap = 1000 (default)
2019-06-13 15:44:03,501 INFO  server.RaftServerConfigKeys (ConfUtils.java:logGet(43)) - raft.server.rpc.sleep.time = 25ms (default)
2019-06-13 15:44:03,501 INFO  server.RaftServerConfigKeys (ConfUtils.java:logGet(43)) - raft.server.watch.timeout = 10s (default)
2019-06-13 15:44:03,502 INFO  server.RaftServerConfigKeys (ConfUtils.java:logGet(43)) - raft.server.watch.timeout.denomination = 1s (default)
2019-06-13 15:44:03,502 INFO  impl.RoleInfo (RoleInfo.java:updateAndGet(143)) - 8cae24b9-ead3-41cd-bd7f-737b6e36f93a: start LeaderState
2019-06-13 15:44:03,502 INFO  storage.RaftLogWorker (RaftLogWorker.java:startLogSegment(298)) - 8cae24b9-ead3-41cd-bd7f-737b6e36f93a-RaftLogWorker: Starting segment from index:0
2019-06-13 15:44:03,502 INFO  impl.RaftServerImpl (ServerState.java:setRaftConf(361)) - 8cae24b9-ead3-41cd-bd7f-737b6e36f93a:group-0B4912817AB7 set configuration 0: [8cae24b9-ead3-41cd-bd7f-737b6e36f93a:192.168.134.103:37077], old=null at 0
2019-06-13 15:44:03,531 INFO  impl.FollowerState (FollowerState.java:run(101)) - 473868cb-61bf-4f2e-8f26-aa2e4a1961c9:group-0D4406AF0E8D changes to CANDIDATE, lastRpcTime:1106, electionTimeout:1106ms
2019-06-13 15:44:03,531 INFO  impl.RoleInfo (RoleInfo.java:shutdownFollowerState(121)) - 473868cb-61bf-4f2e-8f26-aa2e4a1961c9: shutdown FollowerState
2019-06-13 15:44:03,531 INFO  impl.RaftServerImpl (RaftServerImpl.java:setRole(164)) - 473868cb-61bf-4f2e-8f26-aa2e4a1961c9:group-0D4406AF0E8D changes role from FOLLOWER to CANDIDATE at term 0 for changeToCandidate
2019-06-13 15:44:03,531 INFO  impl.RoleInfo (RoleInfo.java:updateAndGet(143)) - 473868cb-61bf-4f2e-8f26-aa2e4a1961c9: start LeaderElection
2019-06-13 15:44:03,537 INFO  impl.LeaderElection (LeaderElection.java:askForVotes(181)) - 473868cb-61bf-4f2e-8f26-aa2e4a1961c9:group-0D4406AF0E8D:LeaderElection4: begin an election at term 1 for -1: [473868cb-61bf-4f2e-8f26-aa2e4a1961c9:192.168.134.103:40889], old=null
2019-06-13 15:44:03,537 INFO  impl.RoleInfo (RoleInfo.java:shutdownLeaderElection(134)) - 473868cb-61bf-4f2e-8f26-aa2e4a1961c9: shutdown LeaderElection
2019-06-13 15:44:03,537 INFO  impl.RaftServerImpl (RaftServerImpl.java:setRole(164)) - 473868cb-61bf-4f2e-8f26-aa2e4a1961c9:group-0D4406AF0E8D changes role from CANDIDATE to LEADER at term 1 for changeToLeader
2019-06-13 15:44:03,537 INFO  impl.RaftServerImpl (ServerState.java:setLeader(263)) - 473868cb-61bf-4f2e-8f26-aa2e4a1961c9:group-0D4406AF0E8D change Leader from null to 473868cb-61bf-4f2e-8f26-aa2e4a1961c9 at term 1 for becomeLeader, leader elected after 1114ms
2019-06-13 15:44:03,538 INFO  server.RaftServerConfigKeys (ConfUtils.java:logGet(43)) - raft.server.staging.catchup.gap = 1000 (default)
2019-06-13 15:44:03,538 INFO  server.RaftServerConfigKeys (ConfUtils.java:logGet(43)) - raft.server.rpc.sleep.time = 25ms (default)
2019-06-13 15:44:03,539 INFO  server.RaftServerConfigKeys (ConfUtils.java:logGet(43)) - raft.server.watch.timeout = 10s (default)
2019-06-13 15:44:03,539 INFO  server.RaftServerConfigKeys (ConfUtils.java:logGet(43)) - raft.server.watch.timeout.denomination = 1s (default)
2019-06-13 15:44:03,539 INFO  impl.RoleInfo (RoleInfo.java:updateAndGet(143)) - 473868cb-61bf-4f2e-8f26-aa2e4a1961c9: start LeaderState
2019-06-13 15:44:03,539 INFO  storage.RaftLogWorker (RaftLogWorker.java:startLogSegment(298)) - 473868cb-61bf-4f2e-8f26-aa2e4a1961c9-RaftLogWorker: Starting segment from index:0
2019-06-13 15:44:03,540 INFO  impl.RaftServerImpl (ServerState.java:setRaftConf(361)) - 473868cb-61bf-4f2e-8f26-aa2e4a1961c9:group-0D4406AF0E8D set configuration 0: [473868cb-61bf-4f2e-8f26-aa2e4a1961c9:192.168.134.103:40889], old=null at 0
2019-06-13 15:44:03,654 INFO  impl.FollowerState (FollowerState.java:run(101)) - 8cae24b9-ead3-41cd-bd7f-737b6e36f93a:group-2DA844380C73 changes to CANDIDATE, lastRpcTime:1122, electionTimeout:1121ms
2019-06-13 15:44:03,654 INFO  impl.RoleInfo (RoleInfo.java:shutdownFollowerState(121)) - 8cae24b9-ead3-41cd-bd7f-737b6e36f93a: shutdown FollowerState
2019-06-13 15:44:03,654 INFO  impl.RaftServerImpl (RaftServerImpl.java:setRole(164)) - 8cae24b9-ead3-41cd-bd7f-737b6e36f93a:group-2DA844380C73 changes role from FOLLOWER to CANDIDATE at term 0 for changeToCandidate
2019-06-13 15:44:03,654 INFO  impl.RoleInfo (RoleInfo.java:updateAndGet(143)) - 8cae24b9-ead3-41cd-bd7f-737b6e36f93a: start LeaderElection
2019-06-13 15:44:03,656 INFO  storage.RaftLogWorker (RaftLogWorker.java:execute(469)) - 34ce2e33-6582-4a14-9433-1ece43bac433-RaftLogWorker: created new log segment /opt/src/hadoop-ozone/integration-test/target/test-dir/MiniOzoneClusterImpl-bc146287-0d28-4cd3-ac28-055d8c97a901/datanode-0/data/ratis/023b632b-c432-49c4-acd8-73e753073e28/current/log_inprogress_0
2019-06-13 15:44:03,656 INFO  storage.RaftLogWorker (RaftLogWorker.java:execute(469)) - 915c82e3-2d9a-49e6-8c45-12303fd07f1f-RaftLogWorker: created new log segment /opt/src/hadoop-ozone/integration-test/target/test-dir/MiniOzoneClusterImpl-bc146287-0d28-4cd3-ac28-055d8c97a901/datanode-2/data/ratis/3a3b0167-33c8-4970-9aae-e5687858d467/current/log_inprogress_0
2019-06-13 15:44:03,656 INFO  storage.RaftLogWorker (RaftLogWorker.java:execute(469)) - 8cae24b9-ead3-41cd-bd7f-737b6e36f93a-RaftLogWorker: created new log segment /opt/src/hadoop-ozone/integration-test/target/test-dir/MiniOzoneClusterImpl-bc146287-0d28-4cd3-ac28-055d8c97a901/datanode-3/data/ratis/d9ab7b12-9860-46f0-933b-0b4912817ab7/current/log_inprogress_0
2019-06-13 15:44:03,658 INFO  storage.RaftLogWorker (RaftLogWorker.java:execute(469)) - 473868cb-61bf-4f2e-8f26-aa2e4a1961c9-RaftLogWorker: created new log segment /opt/src/hadoop-ozone/integration-test/target/test-dir/MiniOzoneClusterImpl-bc146287-0d28-4cd3-ac28-055d8c97a901/datanode-1/data/ratis/814cac52-7a99-455e-b8f6-0d4406af0e8d/current/log_inprogress_0
2019-06-13 15:44:03,664 INFO  impl.LeaderElection (LeaderElection.java:askForVotes(181)) - 8cae24b9-ead3-41cd-bd7f-737b6e36f93a:group-2DA844380C73:LeaderElection5: begin an election at term 1 for -1: [473868cb-61bf-4f2e-8f26-aa2e4a1961c9:192.168.134.103:40889, 915c82e3-2d9a-49e6-8c45-12303fd07f1f:192.168.134.103:38533, 8cae24b9-ead3-41cd-bd7f-737b6e36f93a:192.168.134.103:37077], old=null
2019-06-13 15:44:03,665 INFO  impl.FollowerState (FollowerState.java:run(101)) - 915c82e3-2d9a-49e6-8c45-12303fd07f1f:group-2DA844380C73 changes to CANDIDATE, lastRpcTime:1136, electionTimeout:1136ms
2019-06-13 15:44:03,665 INFO  impl.RoleInfo (RoleInfo.java:shutdownFollowerState(121)) - 915c82e3-2d9a-49e6-8c45-12303fd07f1f: shutdown FollowerState
2019-06-13 15:44:03,665 INFO  impl.RaftServerImpl (RaftServerImpl.java:setRole(164)) - 915c82e3-2d9a-49e6-8c45-12303fd07f1f:group-2DA844380C73 changes role from FOLLOWER to CANDIDATE at term 0 for changeToCandidate
2019-06-13 15:44:03,665 INFO  impl.RoleInfo (RoleInfo.java:updateAndGet(143)) - 915c82e3-2d9a-49e6-8c45-12303fd07f1f: start LeaderElection
2019-06-13 15:44:03,671 INFO  impl.LeaderElection (LeaderElection.java:askForVotes(181)) - 915c82e3-2d9a-49e6-8c45-12303fd07f1f:group-2DA844380C73:LeaderElection6: begin an election at term 1 for -1: [473868cb-61bf-4f2e-8f26-aa2e4a1961c9:192.168.134.103:40889, 915c82e3-2d9a-49e6-8c45-12303fd07f1f:192.168.134.103:38533, 8cae24b9-ead3-41cd-bd7f-737b6e36f93a:192.168.134.103:37077], old=null
2019-06-13 15:44:03,682 INFO  impl.FollowerState (FollowerState.java:run(101)) - abd35e5c-06ad-4ff8-b246-cddb034938fc:group-8D4644961417 changes to CANDIDATE, lastRpcTime:1112, electionTimeout:1111ms
2019-06-13 15:44:03,682 INFO  impl.RoleInfo (RoleInfo.java:shutdownFollowerState(121)) - abd35e5c-06ad-4ff8-b246-cddb034938fc: shutdown FollowerState
2019-06-13 15:44:03,683 INFO  impl.RaftServerImpl (RaftServerImpl.java:setRole(164)) - abd35e5c-06ad-4ff8-b246-cddb034938fc:group-8D4644961417 changes role from FOLLOWER to CANDIDATE at term 0 for changeToCandidate
2019-06-13 15:44:03,683 INFO  impl.RoleInfo (RoleInfo.java:updateAndGet(143)) - abd35e5c-06ad-4ff8-b246-cddb034938fc: start LeaderElection
2019-06-13 15:44:03,701 INFO  impl.RaftServerImpl (RaftServerImpl.java:setRole(164)) - 473868cb-61bf-4f2e-8f26-aa2e4a1961c9:group-2DA844380C73 changes role from FOLLOWER to FOLLOWER at term 1 for recognizeCandidate:8cae24b9-ead3-41cd-bd7f-737b6e36f93a
2019-06-13 15:44:03,701 INFO  impl.RoleInfo (RoleInfo.java:shutdownFollowerState(121)) - 473868cb-61bf-4f2e-8f26-aa2e4a1961c9: shutdown FollowerState
2019-06-13 15:44:03,701 INFO  impl.RoleInfo (RoleInfo.java:updateAndGet(143)) - 473868cb-61bf-4f2e-8f26-aa2e4a1961c9: start FollowerState
2019-06-13 15:44:03,708 INFO  impl.LeaderElection (LeaderElection.java:askForVotes(181)) - abd35e5c-06ad-4ff8-b246-cddb034938fc:group-8D4644961417:LeaderElection7: begin an election at term 1 for -1: [abd35e5c-06ad-4ff8-b246-cddb034938fc:192.168.134.103:38623], old=null
2019-06-13 15:44:03,708 INFO  impl.RoleInfo (RoleInfo.java:shutdownLeaderElection(134)) - abd35e5c-06ad-4ff8-b246-cddb034938fc: shutdown LeaderElection
2019-06-13 15:44:03,709 INFO  impl.RaftServerImpl (RaftServerImpl.java:setRole(164)) - abd35e5c-06ad-4ff8-b246-cddb034938fc:group-8D4644961417 changes role from CANDIDATE to LEADER at term 1 for changeToLeader
2019-06-13 15:44:03,709 INFO  impl.RaftServerImpl (ServerState.java:setLeader(263)) - abd35e5c-06ad-4ff8-b246-cddb034938fc:group-8D4644961417 change Leader from null to abd35e5c-06ad-4ff8-b246-cddb034938fc at term 1 for becomeLeader, leader elected after 1140ms
2019-06-13 15:44:03,719 INFO  server.RaftServerConfigKeys (ConfUtils.java:logGet(43)) - raft.server.staging.catchup.gap = 1000 (default)
2019-06-13 15:44:03,720 INFO  server.RaftServerConfigKeys (ConfUtils.java:logGet(43)) - raft.server.rpc.sleep.time = 25ms (default)
2019-06-13 15:44:03,720 INFO  server.RaftServerConfigKeys (ConfUtils.java:logGet(43)) - raft.server.watch.timeout = 10s (default)
2019-06-13 15:44:03,721 INFO  server.RaftServerConfigKeys (ConfUtils.java:logGet(43)) - raft.server.watch.timeout.denomination = 1s (default)
2019-06-13 15:44:03,721 INFO  impl.RoleInfo (RoleInfo.java:updateAndGet(143)) - abd35e5c-06ad-4ff8-b246-cddb034938fc: start LeaderState
2019-06-13 15:44:03,721 INFO  storage.RaftLogWorker (RaftLogWorker.java:startLogSegment(298)) - abd35e5c-06ad-4ff8-b246-cddb034938fc-RaftLogWorker: Starting segment from index:0
2019-06-13 15:44:03,723 INFO  impl.LeaderElection (LeaderElection.java:logAndReturn(56)) - 8cae24b9-ead3-41cd-bd7f-737b6e36f93a:group-2DA844380C73:LeaderElection5: Election PASSED; received 2 response(s) [8cae24b9-ead3-41cd-bd7f-737b6e36f93a->473868cb-61bf-4f2e-8f26-aa2e4a1961c9,true-t1, 8cae24b9-ead3-41cd-bd7f-737b6e36f93a->915c82e3-2d9a-49e6-8c45-12303fd07f1f,false-t1] and 0 exception(s); 8cae24b9-ead3-41cd-bd7f-737b6e36f93a:t1, leader=null, voted=8cae24b9-ead3-41cd-bd7f-737b6e36f93a, raftlog=8cae24b9-ead3-41cd-bd7f-737b6e36f93a-SegmentedRaftLog:OPENED:c-1,f-1,i0, conf=-1: [473868cb-61bf-4f2e-8f26-aa2e4a1961c9:192.168.134.103:40889, 915c82e3-2d9a-49e6-8c45-12303fd07f1f:192.168.134.103:38533, 8cae24b9-ead3-41cd-bd7f-737b6e36f93a:192.168.134.103:37077], old=null
2019-06-13 15:44:03,723 INFO  impl.RoleInfo (RoleInfo.java:shutdownLeaderElection(134)) - 8cae24b9-ead3-41cd-bd7f-737b6e36f93a: shutdown LeaderElection
2019-06-13 15:44:03,723 INFO  impl.RaftServerImpl (RaftServerImpl.java:setRole(164)) - 8cae24b9-ead3-41cd-bd7f-737b6e36f93a:group-2DA844380C73 changes role from CANDIDATE to LEADER at term 1 for changeToLeader
2019-06-13 15:44:03,723 INFO  impl.RaftServerImpl (ServerState.java:setLeader(263)) - 8cae24b9-ead3-41cd-bd7f-737b6e36f93a:group-2DA844380C73 change Leader from null to 8cae24b9-ead3-41cd-bd7f-737b6e36f93a at term 1 for becomeLeader, leader elected after 1196ms
2019-06-13 15:44:03,723 INFO  server.RaftServerConfigKeys (ConfUtils.java:logGet(43)) - raft.server.staging.catchup.gap = 1000 (default)
2019-06-13 15:44:03,723 INFO  server.RaftServerConfigKeys (ConfUtils.java:logGet(43)) - raft.server.rpc.sleep.time = 25ms (default)
2019-06-13 15:44:03,723 INFO  server.RaftServerConfigKeys (ConfUtils.java:logGet(43)) - raft.server.watch.timeout = 10s (default)
2019-06-13 15:44:03,723 INFO  server.RaftServerConfigKeys (ConfUtils.java:logGet(43)) - raft.server.watch.timeout.denomination = 1s (default)
2019-06-13 15:44:03,725 INFO  server.RaftServerConfigKeys (ConfUtils.java:logGet(43)) - raft.server.log.appender.snapshot.chunk.size.max = 16MB (=16777216) (default)
2019-06-13 15:44:03,726 INFO  server.RaftServerConfigKeys (ConfUtils.java:logGet(43)) - raft.server.log.appender.buffer.byte-limit = 33554432 (custom)
2019-06-13 15:44:03,758 INFO  impl.LeaderElection (LeaderElection.java:logAndReturn(56)) - 915c82e3-2d9a-49e6-8c45-12303fd07f1f:group-2DA844380C73:LeaderElection6: Election REJECTED; received 2 response(s) [915c82e3-2d9a-49e6-8c45-12303fd07f1f->473868cb-61bf-4f2e-8f26-aa2e4a1961c9,false-t1, 915c82e3-2d9a-49e6-8c45-12303fd07f1f->8cae24b9-ead3-41cd-bd7f-737b6e36f93a,false-t1] and 0 exception(s); 915c82e3-2d9a-49e6-8c45-12303fd07f1f:t1, leader=null, voted=915c82e3-2d9a-49e6-8c45-12303fd07f1f, raftlog=915c82e3-2d9a-49e6-8c45-12303fd07f1f-SegmentedRaftLog:OPENED:c-1,f-1,i0, conf=-1: [473868cb-61bf-4f2e-8f26-aa2e4a1961c9:192.168.134.103:40889, 915c82e3-2d9a-49e6-8c45-12303fd07f1f:192.168.134.103:38533, 8cae24b9-ead3-41cd-bd7f-737b6e36f93a:192.168.134.103:37077], old=null
2019-06-13 15:44:03,760 INFO  impl.RaftServerImpl (RaftServerImpl.java:setRole(164)) - 915c82e3-2d9a-49e6-8c45-12303fd07f1f:group-2DA844380C73 changes role from CANDIDATE to FOLLOWER at term 1 for DISCOVERED_A_NEW_TERM
2019-06-13 15:44:03,760 INFO  impl.RoleInfo (RoleInfo.java:shutdownLeaderElection(134)) - 915c82e3-2d9a-49e6-8c45-12303fd07f1f: shutdown LeaderElection
2019-06-13 15:44:03,760 INFO  server.RaftServerConfigKeys (ConfUtils.java:logGet(43)) - raft.server.log.appender.buffer.element-limit = 1 (custom)
2019-06-13 15:44:03,762 INFO  impl.RaftServerImpl (ServerState.java:setRaftConf(361)) - abd35e5c-06ad-4ff8-b246-cddb034938fc:group-8D4644961417 set configuration 0: [abd35e5c-06ad-4ff8-b246-cddb034938fc:192.168.134.103:38623], old=null at 0
2019-06-13 15:44:03,762 INFO  storage.RaftLogWorker (RaftLogWorker.java:execute(469)) - abd35e5c-06ad-4ff8-b246-cddb034938fc-RaftLogWorker: created new log segment /opt/src/hadoop-ozone/integration-test/target/test-dir/MiniOzoneClusterImpl-bc146287-0d28-4cd3-ac28-055d8c97a901/datanode-4/data/ratis/abc9fc23-60f0-4d35-94e6-8d4644961417/current/log_inprogress_0
2019-06-13 15:44:03,761 INFO  impl.RoleInfo (RoleInfo.java:updateAndGet(143)) - 915c82e3-2d9a-49e6-8c45-12303fd07f1f: start FollowerState
2019-06-13 15:44:03,765 INFO  grpc.GrpcConfigKeys$Server (ConfUtils.java:logGet(43)) - raft.grpc.server.leader.outstanding.appends.max = 128 (default)
2019-06-13 15:44:03,765 INFO  server.RaftServerConfigKeys (ConfUtils.java:logGet(43)) - raft.server.rpc.request.timeout = 3000ms (default)
2019-06-13 15:44:03,765 INFO  server.RaftServerConfigKeys (ConfUtils.java:logGet(43)) - raft.server.log.appender.install.snapshot.enabled = true (default)
2019-06-13 15:44:03,765 INFO  server.RaftServerConfigKeys (ConfUtils.java:logGet(43)) - raft.server.log.appender.snapshot.chunk.size.max = 16MB (=16777216) (default)
2019-06-13 15:44:03,766 INFO  server.RaftServerConfigKeys (ConfUtils.java:logGet(43)) - raft.server.log.appender.buffer.byte-limit = 33554432 (custom)
2019-06-13 15:44:03,766 INFO  server.RaftServerConfigKeys (ConfUtils.java:logGet(43)) - raft.server.log.appender.buffer.element-limit = 1 (custom)
2019-06-13 15:44:03,766 INFO  grpc.GrpcConfigKeys$Server (ConfUtils.java:logGet(43)) - raft.grpc.server.leader.outstanding.appends.max = 128 (default)
2019-06-13 15:44:03,766 INFO  server.RaftServerConfigKeys (ConfUtils.java:logGet(43)) - raft.server.rpc.request.timeout = 3000ms (default)
2019-06-13 15:44:03,766 INFO  server.RaftServerConfigKeys (ConfUtils.java:logGet(43)) - raft.server.log.appender.install.snapshot.enabled = true (default)
2019-06-13 15:44:03,766 INFO  impl.RoleInfo (RoleInfo.java:updateAndGet(143)) - 8cae24b9-ead3-41cd-bd7f-737b6e36f93a: start LeaderState
2019-06-13 15:44:03,766 INFO  storage.RaftLogWorker (RaftLogWorker.java:startLogSegment(298)) - 8cae24b9-ead3-41cd-bd7f-737b6e36f93a-RaftLogWorker: Starting segment from index:0
2019-06-13 15:44:03,768 INFO  impl.RaftServerImpl (ServerState.java:setRaftConf(361)) - 8cae24b9-ead3-41cd-bd7f-737b6e36f93a:group-2DA844380C73 set configuration 0: [473868cb-61bf-4f2e-8f26-aa2e4a1961c9:192.168.134.103:40889, 915c82e3-2d9a-49e6-8c45-12303fd07f1f:192.168.134.103:38533, 8cae24b9-ead3-41cd-bd7f-737b6e36f93a:192.168.134.103:37077], old=null at 0
2019-06-13 15:44:03,797 INFO  impl.RaftServerImpl (ServerState.java:setLeader(263)) - 915c82e3-2d9a-49e6-8c45-12303fd07f1f:group-2DA844380C73 change Leader from null to 8cae24b9-ead3-41cd-bd7f-737b6e36f93a at term 1 for appendEntries, leader elected after 1273ms
2019-06-13 15:44:03,797 INFO  impl.RaftServerImpl (ServerState.java:setLeader(263)) - 473868cb-61bf-4f2e-8f26-aa2e4a1961c9:group-2DA844380C73 change Leader from null to 8cae24b9-ead3-41cd-bd7f-737b6e36f93a at term 1 for appendEntries, leader elected after 1271ms
2019-06-13 15:44:03,816 INFO  storage.RaftLogWorker (RaftLogWorker.java:execute(469)) - 8cae24b9-ead3-41cd-bd7f-737b6e36f93a-RaftLogWorker: created new log segment /opt/src/hadoop-ozone/integration-test/target/test-dir/MiniOzoneClusterImpl-bc146287-0d28-4cd3-ac28-055d8c97a901/datanode-3/data/ratis/e60bfb93-1483-4a4f-ae33-2da844380c73/current/log_inprogress_0
2019-06-13 15:44:03,817 INFO  impl.RaftServerImpl (ServerState.java:setRaftConf(361)) - 915c82e3-2d9a-49e6-8c45-12303fd07f1f:group-2DA844380C73 set configuration 0: [473868cb-61bf-4f2e-8f26-aa2e4a1961c9:192.168.134.103:40889, 915c82e3-2d9a-49e6-8c45-12303fd07f1f:192.168.134.103:38533, 8cae24b9-ead3-41cd-bd7f-737b6e36f93a:192.168.134.103:37077], old=null at 0
2019-06-13 15:44:03,817 INFO  storage.RaftLogWorker (RaftLogWorker.java:startLogSegment(298)) - 915c82e3-2d9a-49e6-8c45-12303fd07f1f-RaftLogWorker: Starting segment from index:0
2019-06-13 15:44:03,818 INFO  impl.RaftServerImpl (ServerState.java:setRaftConf(361)) - 473868cb-61bf-4f2e-8f26-aa2e4a1961c9:group-2DA844380C73 set configuration 0: [473868cb-61bf-4f2e-8f26-aa2e4a1961c9:192.168.134.103:40889, 915c82e3-2d9a-49e6-8c45-12303fd07f1f:192.168.134.103:38533, 8cae24b9-ead3-41cd-bd7f-737b6e36f93a:192.168.134.103:37077], old=null at 0
2019-06-13 15:44:03,818 INFO  storage.RaftLogWorker (RaftLogWorker.java:startLogSegment(298)) - 473868cb-61bf-4f2e-8f26-aa2e4a1961c9-RaftLogWorker: Starting segment from index:0
2019-06-13 15:44:03,821 INFO  impl.FollowerState (FollowerState.java:run(101)) - 199e3548-4b2a-4ae7-9e75-de2f099754d7:group-C69FFFBADC8B changes to CANDIDATE, lastRpcTime:1065, electionTimeout:1065ms
2019-06-13 15:44:03,821 INFO  impl.RoleInfo (RoleInfo.java:shutdownFollowerState(121)) - 199e3548-4b2a-4ae7-9e75-de2f099754d7: shutdown FollowerState
2019-06-13 15:44:03,821 INFO  impl.RaftServerImpl (RaftServerImpl.java:setRole(164)) - 199e3548-4b2a-4ae7-9e75-de2f099754d7:group-C69FFFBADC8B changes role from FOLLOWER to CANDIDATE at term 0 for changeToCandidate
2019-06-13 15:44:03,821 INFO  impl.RoleInfo (RoleInfo.java:updateAndGet(143)) - 199e3548-4b2a-4ae7-9e75-de2f099754d7: start LeaderElection
2019-06-13 15:44:03,864 INFO  storage.RaftLogWorker (RaftLogWorker.java:execute(469)) - 915c82e3-2d9a-49e6-8c45-12303fd07f1f-RaftLogWorker: created new log segment /opt/src/hadoop-ozone/integration-test/target/test-dir/MiniOzoneClusterImpl-bc146287-0d28-4cd3-ac28-055d8c97a901/datanode-2/data/ratis/e60bfb93-1483-4a4f-ae33-2da844380c73/current/log_inprogress_0
2019-06-13 15:44:03,865 INFO  storage.RaftLogWorker (RaftLogWorker.java:execute(469)) - 473868cb-61bf-4f2e-8f26-aa2e4a1961c9-RaftLogWorker: created new log segment /opt/src/hadoop-ozone/integration-test/target/test-dir/MiniOzoneClusterImpl-bc146287-0d28-4cd3-ac28-055d8c97a901/datanode-1/data/ratis/e60bfb93-1483-4a4f-ae33-2da844380c73/current/log_inprogress_0
2019-06-13 15:44:03,866 INFO  impl.LeaderElection (LeaderElection.java:askForVotes(181)) - 199e3548-4b2a-4ae7-9e75-de2f099754d7:group-C69FFFBADC8B:LeaderElection8: begin an election at term 1 for -1: [199e3548-4b2a-4ae7-9e75-de2f099754d7:192.168.134.103:44897], old=null
2019-06-13 15:44:03,866 INFO  impl.RoleInfo (RoleInfo.java:shutdownLeaderElection(134)) - 199e3548-4b2a-4ae7-9e75-de2f099754d7: shutdown LeaderElection
2019-06-13 15:44:03,866 INFO  impl.RaftServerImpl (RaftServerImpl.java:setRole(164)) - 199e3548-4b2a-4ae7-9e75-de2f099754d7:group-C69FFFBADC8B changes role from CANDIDATE to LEADER at term 1 for changeToLeader
2019-06-13 15:44:03,866 INFO  impl.RaftServerImpl (ServerState.java:setLeader(263)) - 199e3548-4b2a-4ae7-9e75-de2f099754d7:group-C69FFFBADC8B change Leader from null to 199e3548-4b2a-4ae7-9e75-de2f099754d7 at term 1 for becomeLeader, leader elected after 1112ms
2019-06-13 15:44:03,874 INFO  server.RaftServerConfigKeys (ConfUtils.java:logGet(43)) - raft.server.staging.catchup.gap = 1000 (default)
2019-06-13 15:44:03,874 INFO  server.RaftServerConfigKeys (ConfUtils.java:logGet(43)) - raft.server.rpc.sleep.time = 25ms (default)
2019-06-13 15:44:03,874 INFO  server.RaftServerConfigKeys (ConfUtils.java:logGet(43)) - raft.server.watch.timeout = 10s (default)
2019-06-13 15:44:03,874 INFO  server.RaftServerConfigKeys (ConfUtils.java:logGet(43)) - raft.server.watch.timeout.denomination = 1s (default)
2019-06-13 15:44:03,874 INFO  impl.RoleInfo (RoleInfo.java:updateAndGet(143)) - 199e3548-4b2a-4ae7-9e75-de2f099754d7: start LeaderState
2019-06-13 15:44:03,875 INFO  storage.RaftLogWorker (RaftLogWorker.java:startLogSegment(298)) - 199e3548-4b2a-4ae7-9e75-de2f099754d7-RaftLogWorker: Starting segment from index:0
2019-06-13 15:44:03,875 INFO  impl.RaftServerImpl (ServerState.java:setRaftConf(361)) - 199e3548-4b2a-4ae7-9e75-de2f099754d7:group-C69FFFBADC8B set configuration 0: [199e3548-4b2a-4ae7-9e75-de2f099754d7:192.168.134.103:44897], old=null at 0
2019-06-13 15:44:03,912 INFO  ozone.MiniOzoneClusterImpl (MiniOzoneClusterImpl.java:lambda$waitForClusterToBeReady$0(142)) - Cluster is ready. Got 7 of 7 DN Heartbeats.
2019-06-13 15:44:03,914 INFO  storage.RaftLogWorker (RaftLogWorker.java:execute(469)) - 199e3548-4b2a-4ae7-9e75-de2f099754d7-RaftLogWorker: created new log segment /opt/src/hadoop-ozone/integration-test/target/test-dir/MiniOzoneClusterImpl-bc146287-0d28-4cd3-ac28-055d8c97a901/datanode-5/data/ratis/88249cd1-3141-4908-b054-c69fffbadc8b/current/log_inprogress_0
2019-06-13 15:44:03,920 INFO  impl.FollowerState (FollowerState.java:run(101)) - 199e3548-4b2a-4ae7-9e75-de2f099754d7:group-9A25F5872F94 changes to CANDIDATE, lastRpcTime:1118, electionTimeout:1118ms
2019-06-13 15:44:03,920 INFO  impl.RoleInfo (RoleInfo.java:shutdownFollowerState(121)) - 199e3548-4b2a-4ae7-9e75-de2f099754d7: shutdown FollowerState
2019-06-13 15:44:03,920 INFO  impl.RaftServerImpl (RaftServerImpl.java:setRole(164)) - 199e3548-4b2a-4ae7-9e75-de2f099754d7:group-9A25F5872F94 changes role from FOLLOWER to CANDIDATE at term 0 for changeToCandidate
2019-06-13 15:44:03,921 INFO  impl.RoleInfo (RoleInfo.java:updateAndGet(143)) - 199e3548-4b2a-4ae7-9e75-de2f099754d7: start LeaderElection
2019-06-13 15:44:03,923 INFO  impl.FollowerState (FollowerState.java:run(101)) - abd35e5c-06ad-4ff8-b246-cddb034938fc:group-9A25F5872F94 changes to CANDIDATE, lastRpcTime:1120, electionTimeout:1117ms
2019-06-13 15:44:03,923 INFO  impl.RoleInfo (RoleInfo.java:shutdownFollowerState(121)) - abd35e5c-06ad-4ff8-b246-cddb034938fc: shutdown FollowerState
2019-06-13 15:44:03,923 INFO  impl.RaftServerImpl (RaftServerImpl.java:setRole(164)) - abd35e5c-06ad-4ff8-b246-cddb034938fc:group-9A25F5872F94 changes role from FOLLOWER to CANDIDATE at term 0 for changeToCandidate
2019-06-13 15:44:03,924 INFO  impl.RoleInfo (RoleInfo.java:updateAndGet(143)) - abd35e5c-06ad-4ff8-b246-cddb034938fc: start LeaderElection
2019-06-13 15:44:03,933 INFO  impl.LeaderElection (LeaderElection.java:askForVotes(181)) - abd35e5c-06ad-4ff8-b246-cddb034938fc:group-9A25F5872F94:LeaderElection10: begin an election at term 1 for -1: [abd35e5c-06ad-4ff8-b246-cddb034938fc:192.168.134.103:38623, 199e3548-4b2a-4ae7-9e75-de2f099754d7:192.168.134.103:44897, 34ce2e33-6582-4a14-9433-1ece43bac433:192.168.134.103:45833], old=null
2019-06-13 15:44:03,933 INFO  impl.LeaderElection (LeaderElection.java:askForVotes(181)) - 199e3548-4b2a-4ae7-9e75-de2f099754d7:group-9A25F5872F94:LeaderElection9: begin an election at term 1 for -1: [abd35e5c-06ad-4ff8-b246-cddb034938fc:192.168.134.103:38623, 199e3548-4b2a-4ae7-9e75-de2f099754d7:192.168.134.103:44897, 34ce2e33-6582-4a14-9433-1ece43bac433:192.168.134.103:45833], old=null
2019-06-13 15:44:03,948 INFO  impl.FollowerState (FollowerState.java:run(101)) - 34ce2e33-6582-4a14-9433-1ece43bac433:group-9A25F5872F94 changes to CANDIDATE, lastRpcTime:1151, electionTimeout:1151ms
2019-06-13 15:44:03,948 INFO  impl.RoleInfo (RoleInfo.java:shutdownFollowerState(121)) - 34ce2e33-6582-4a14-9433-1ece43bac433: shutdown FollowerState
2019-06-13 15:44:03,948 INFO  impl.RaftServerImpl (RaftServerImpl.java:setRole(164)) - 34ce2e33-6582-4a14-9433-1ece43bac433:group-9A25F5872F94 changes role from FOLLOWER to CANDIDATE at term 0 for changeToCandidate
2019-06-13 15:44:03,948 INFO  impl.RoleInfo (RoleInfo.java:updateAndGet(143)) - 34ce2e33-6582-4a14-9433-1ece43bac433: start LeaderElection
2019-06-13 15:44:03,965 INFO  impl.LeaderElection (LeaderElection.java:askForVotes(181)) - 34ce2e33-6582-4a14-9433-1ece43bac433:group-9A25F5872F94:LeaderElection11: begin an election at term 1 for -1: [abd35e5c-06ad-4ff8-b246-cddb034938fc:192.168.134.103:38623, 199e3548-4b2a-4ae7-9e75-de2f099754d7:192.168.134.103:44897, 34ce2e33-6582-4a14-9433-1ece43bac433:192.168.134.103:45833], old=null
2019-06-13 15:44:03,975 INFO  impl.FollowerState (FollowerState.java:run(101)) - 89cc73c4-ef99-4694-ac7c-f99afc530a9a:group-5C0AAAD82243 changes to CANDIDATE, lastRpcTime:1040, electionTimeout:1040ms
2019-06-13 15:44:03,975 INFO  impl.RoleInfo (RoleInfo.java:shutdownFollowerState(121)) - 89cc73c4-ef99-4694-ac7c-f99afc530a9a: shutdown FollowerState
2019-06-13 15:44:03,978 INFO  impl.RaftServerImpl (RaftServerImpl.java:setRole(164)) - 89cc73c4-ef99-4694-ac7c-f99afc530a9a:group-5C0AAAD82243 changes role from FOLLOWER to CANDIDATE at term 0 for changeToCandidate
2019-06-13 15:44:03,978 INFO  impl.RoleInfo (RoleInfo.java:updateAndGet(143)) - 89cc73c4-ef99-4694-ac7c-f99afc530a9a: start LeaderElection
2019-06-13 15:44:03,985 INFO  impl.LeaderElection (LeaderElection.java:logAndReturn(56)) - 199e3548-4b2a-4ae7-9e75-de2f099754d7:group-9A25F5872F94:LeaderElection9: Election REJECTED; received 2 response(s) [199e3548-4b2a-4ae7-9e75-de2f099754d7->abd35e5c-06ad-4ff8-b246-cddb034938fc,false-t1, 199e3548-4b2a-4ae7-9e75-de2f099754d7->34ce2e33-6582-4a14-9433-1ece43bac433,false-t1] and 0 exception(s); 199e3548-4b2a-4ae7-9e75-de2f099754d7:t1, leader=null, voted=199e3548-4b2a-4ae7-9e75-de2f099754d7, raftlog=199e3548-4b2a-4ae7-9e75-de2f099754d7-SegmentedRaftLog:OPENED:c-1,f-1,i0, conf=-1: [abd35e5c-06ad-4ff8-b246-cddb034938fc:192.168.134.103:38623, 199e3548-4b2a-4ae7-9e75-de2f099754d7:192.168.134.103:44897, 34ce2e33-6582-4a14-9433-1ece43bac433:192.168.134.103:45833], old=null
2019-06-13 15:44:03,985 INFO  impl.RaftServerImpl (RaftServerImpl.java:setRole(164)) - 199e3548-4b2a-4ae7-9e75-de2f099754d7:group-9A25F5872F94 changes role from CANDIDATE to FOLLOWER at term 1 for DISCOVERED_A_NEW_TERM
2019-06-13 15:44:03,985 INFO  impl.RoleInfo (RoleInfo.java:shutdownLeaderElection(134)) - 199e3548-4b2a-4ae7-9e75-de2f099754d7: shutdown LeaderElection
2019-06-13 15:44:03,985 INFO  impl.RoleInfo (RoleInfo.java:updateAndGet(143)) - 199e3548-4b2a-4ae7-9e75-de2f099754d7: start FollowerState
2019-06-13 15:44:03,989 INFO  impl.LeaderElection (LeaderElection.java:logAndReturn(56)) - abd35e5c-06ad-4ff8-b246-cddb034938fc:group-9A25F5872F94:LeaderElection10: Election REJECTED; received 2 response(s) [abd35e5c-06ad-4ff8-b246-cddb034938fc->199e3548-4b2a-4ae7-9e75-de2f099754d7,false-t1, abd35e5c-06ad-4ff8-b246-cddb034938fc->34ce2e33-6582-4a14-9433-1ece43bac433,false-t1] and 0 exception(s); abd35e5c-06ad-4ff8-b246-cddb034938fc:t1, leader=null, voted=abd35e5c-06ad-4ff8-b246-cddb034938fc, raftlog=abd35e5c-06ad-4ff8-b246-cddb034938fc-SegmentedRaftLog:OPENED:c-1,f-1,i0, conf=-1: [abd35e5c-06ad-4ff8-b246-cddb034938fc:192.168.134.103:38623, 199e3548-4b2a-4ae7-9e75-de2f099754d7:192.168.134.103:44897, 34ce2e33-6582-4a14-9433-1ece43bac433:192.168.134.103:45833], old=null
2019-06-13 15:44:03,993 INFO  impl.RaftServerImpl (RaftServerImpl.java:setRole(164)) - abd35e5c-06ad-4ff8-b246-cddb034938fc:group-9A25F5872F94 changes role from CANDIDATE to FOLLOWER at term 1 for DISCOVERED_A_NEW_TERM
2019-06-13 15:44:03,993 INFO  impl.RoleInfo (RoleInfo.java:shutdownLeaderElection(134)) - abd35e5c-06ad-4ff8-b246-cddb034938fc: shutdown LeaderElection
2019-06-13 15:44:03,993 INFO  impl.RoleInfo (RoleInfo.java:updateAndGet(143)) - abd35e5c-06ad-4ff8-b246-cddb034938fc: start FollowerState
2019-06-13 15:44:03,996 INFO  impl.LeaderElection (LeaderElection.java:askForVotes(181)) - 89cc73c4-ef99-4694-ac7c-f99afc530a9a:group-5C0AAAD82243:LeaderElection12: begin an election at term 1 for -1: [89cc73c4-ef99-4694-ac7c-f99afc530a9a:192.168.134.103:34213], old=null
2019-06-13 15:44:03,999 INFO  impl.RoleInfo (RoleInfo.java:shutdownLeaderElection(134)) - 89cc73c4-ef99-4694-ac7c-f99afc530a9a: shutdown LeaderElection
2019-06-13 15:44:03,999 INFO  impl.RaftServerImpl (RaftServerImpl.java:setRole(164)) - 89cc73c4-ef99-4694-ac7c-f99afc530a9a:group-5C0AAAD82243 changes role from CANDIDATE to LEADER at term 1 for changeToLeader
2019-06-13 15:44:03,999 INFO  impl.RaftServerImpl (ServerState.java:setLeader(263)) - 89cc73c4-ef99-4694-ac7c-f99afc530a9a:group-5C0AAAD82243 change Leader from null to 89cc73c4-ef99-4694-ac7c-f99afc530a9a at term 1 for becomeLeader, leader elected after 1066ms
2019-06-13 15:44:04,000 INFO  server.RaftServerConfigKeys (ConfUtils.java:logGet(43)) - raft.server.staging.catchup.gap = 1000 (default)
2019-06-13 15:44:04,000 INFO  server.RaftServerConfigKeys (ConfUtils.java:logGet(43)) - raft.server.rpc.sleep.time = 25ms (default)
2019-06-13 15:44:04,000 INFO  server.RaftServerConfigKeys (ConfUtils.java:logGet(43)) - raft.server.watch.timeout = 10s (default)
2019-06-13 15:44:04,001 INFO  server.RaftServerConfigKeys (ConfUtils.java:logGet(43)) - raft.server.watch.timeout.denomination = 1s (default)
2019-06-13 15:44:04,001 INFO  impl.RoleInfo (RoleInfo.java:updateAndGet(143)) - 89cc73c4-ef99-4694-ac7c-f99afc530a9a: start LeaderState
2019-06-13 15:44:04,001 INFO  storage.RaftLogWorker (RaftLogWorker.java:startLogSegment(298)) - 89cc73c4-ef99-4694-ac7c-f99afc530a9a-RaftLogWorker: Starting segment from index:0
2019-06-13 15:44:04,020 INFO  impl.RaftServerImpl (ServerState.java:setRaftConf(361)) - 89cc73c4-ef99-4694-ac7c-f99afc530a9a:group-5C0AAAD82243 set configuration 0: [89cc73c4-ef99-4694-ac7c-f99afc530a9a:192.168.134.103:34213], old=null at 0
2019-06-13 15:44:04,038 INFO  impl.LeaderElection (LeaderElection.java:logAndReturn(56)) - 34ce2e33-6582-4a14-9433-1ece43bac433:group-9A25F5872F94:LeaderElection11: Election REJECTED; received 2 response(s) [34ce2e33-6582-4a14-9433-1ece43bac433->abd35e5c-06ad-4ff8-b246-cddb034938fc,false-t1, 34ce2e33-6582-4a14-9433-1ece43bac433->199e3548-4b2a-4ae7-9e75-de2f099754d7,false-t1] and 0 exception(s); 34ce2e33-6582-4a14-9433-1ece43bac433:t1, leader=null, voted=34ce2e33-6582-4a14-9433-1ece43bac433, raftlog=34ce2e33-6582-4a14-9433-1ece43bac433-SegmentedRaftLog:OPENED:c-1,f-1,i0, conf=-1: [abd35e5c-06ad-4ff8-b246-cddb034938fc:192.168.134.103:38623, 199e3548-4b2a-4ae7-9e75-de2f099754d7:192.168.134.103:44897, 34ce2e33-6582-4a14-9433-1ece43bac433:192.168.134.103:45833], old=null
2019-06-13 15:44:04,038 INFO  impl.RaftServerImpl (RaftServerImpl.java:setRole(164)) - 34ce2e33-6582-4a14-9433-1ece43bac433:group-9A25F5872F94 changes role from CANDIDATE to FOLLOWER at term 1 for DISCOVERED_A_NEW_TERM
2019-06-13 15:44:04,043 INFO  impl.RoleInfo (RoleInfo.java:shutdownLeaderElection(134)) - 34ce2e33-6582-4a14-9433-1ece43bac433: shutdown LeaderElection
2019-06-13 15:44:04,043 INFO  impl.RoleInfo (RoleInfo.java:updateAndGet(143)) - 34ce2e33-6582-4a14-9433-1ece43bac433: start FollowerState
2019-06-13 15:44:04,042 INFO  storage.RaftLogWorker (RaftLogWorker.java:execute(469)) - 89cc73c4-ef99-4694-ac7c-f99afc530a9a-RaftLogWorker: created new log segment /opt/src/hadoop-ozone/integration-test/target/test-dir/MiniOzoneClusterImpl-bc146287-0d28-4cd3-ac28-055d8c97a901/datanode-6/data/ratis/4d6b50d0-070e-4281-885f-5c0aaad82243/current/log_inprogress_0
2019-06-13 15:44:04,178 INFO  rpc.RpcClient (RpcClient.java:createVolume(289)) - Creating Volume: watchforcommithandlingtest, with root as owner.
2019-06-13 15:44:04,205 INFO  rpc.RpcClient (RpcClient.java:createBucket(426)) - Creating Bucket: watchforcommithandlingtest/watchforcommithandlingtest, with Versioning false and Storage Type set to DISK and Encryption set to false 
2019-06-13 15:44:04,214 INFO  ozone.MiniOzoneClusterImpl (MiniOzoneClusterImpl.java:getStorageContainerLocationClient(241)) - Creating StorageContainerLocationProtocol RPC client with address /0.0.0.0:40307
2019-06-13 15:44:04,350 INFO  client.GrpcClientProtocolClient (GrpcClientProtocolClient.java:onNext(254)) - client-A491EA7DDC79->199e3548-4b2a-4ae7-9e75-de2f099754d7: receive RaftClientReply:client-A491EA7DDC79->199e3548-4b2a-4ae7-9e75-de2f099754d7@group-9A25F5872F94, cid=13, FAILED org.apache.ratis.protocol.NotLeaderException: Server 199e3548-4b2a-4ae7-9e75-de2f099754d7 is not the leader (abd35e5c-06ad-4ff8-b246-cddb034938fc:192.168.134.103:38623). Request must be sent to leader., logIndex=0, commits[199e3548-4b2a-4ae7-9e75-de2f099754d7:c-1]
2019-06-13 15:44:04,359 WARN  client.GrpcClientProtocolService (LogUtils.java:warn(134)) - 0-OrderedRequestStreamObserver0: onError: org.apache.ratis.thirdparty.io.grpc.StatusRuntimeException: CANCELLED: cancelled before receiving half close
2019-06-13 15:44:05,004 INFO  impl.FollowerState (FollowerState.java:run(101)) - abd35e5c-06ad-4ff8-b246-cddb034938fc:group-9A25F5872F94 changes to CANDIDATE, lastRpcTime:1011, electionTimeout:1003ms
2019-06-13 15:44:05,007 INFO  impl.RoleInfo (RoleInfo.java:shutdownFollowerState(121)) - abd35e5c-06ad-4ff8-b246-cddb034938fc: shutdown FollowerState
2019-06-13 15:44:05,007 INFO  impl.RaftServerImpl (RaftServerImpl.java:setRole(164)) - abd35e5c-06ad-4ff8-b246-cddb034938fc:group-9A25F5872F94 changes role from FOLLOWER to CANDIDATE at term 1 for changeToCandidate
2019-06-13 15:44:05,007 INFO  impl.RoleInfo (RoleInfo.java:updateAndGet(143)) - abd35e5c-06ad-4ff8-b246-cddb034938fc: start LeaderElection
2019-06-13 15:44:05,014 INFO  impl.LeaderElection (LeaderElection.java:askForVotes(181)) - abd35e5c-06ad-4ff8-b246-cddb034938fc:group-9A25F5872F94:LeaderElection13: begin an election at term 2 for -1: [abd35e5c-06ad-4ff8-b246-cddb034938fc:192.168.134.103:38623, 199e3548-4b2a-4ae7-9e75-de2f099754d7:192.168.134.103:44897, 34ce2e33-6582-4a14-9433-1ece43bac433:192.168.134.103:45833], old=null
2019-06-13 15:44:05,020 INFO  impl.RaftServerImpl (RaftServerImpl.java:setRole(164)) - 199e3548-4b2a-4ae7-9e75-de2f099754d7:group-9A25F5872F94 changes role from FOLLOWER to FOLLOWER at term 2 for recognizeCandidate:abd35e5c-06ad-4ff8-b246-cddb034938fc
2019-06-13 15:44:05,020 INFO  impl.RoleInfo (RoleInfo.java:shutdownFollowerState(121)) - 199e3548-4b2a-4ae7-9e75-de2f099754d7: shutdown FollowerState
2019-06-13 15:44:05,021 INFO  impl.RoleInfo (RoleInfo.java:updateAndGet(143)) - 199e3548-4b2a-4ae7-9e75-de2f099754d7: start FollowerState
2019-06-13 15:44:05,021 INFO  impl.FollowerState (FollowerState.java:run(109)) - 199e3548-4b2a-4ae7-9e75-de2f099754d7: FollowerState was interrupted: java.lang.InterruptedException: sleep interrupted
2019-06-13 15:44:05,023 INFO  impl.RaftServerImpl (RaftServerImpl.java:setRole(164)) - 34ce2e33-6582-4a14-9433-1ece43bac433:group-9A25F5872F94 changes role from FOLLOWER to FOLLOWER at term 2 for recognizeCandidate:abd35e5c-06ad-4ff8-b246-cddb034938fc
2019-06-13 15:44:05,023 INFO  impl.RoleInfo (RoleInfo.java:shutdownFollowerState(121)) - 34ce2e33-6582-4a14-9433-1ece43bac433: shutdown FollowerState
2019-06-13 15:44:05,023 INFO  impl.RoleInfo (RoleInfo.java:updateAndGet(143)) - 34ce2e33-6582-4a14-9433-1ece43bac433: start FollowerState
2019-06-13 15:44:05,023 INFO  impl.FollowerState (FollowerState.java:run(109)) - 34ce2e33-6582-4a14-9433-1ece43bac433: FollowerState was interrupted: java.lang.InterruptedException: sleep interrupted
2019-06-13 15:44:05,026 INFO  impl.LeaderElection (LeaderElection.java:logAndReturn(56)) - abd35e5c-06ad-4ff8-b246-cddb034938fc:group-9A25F5872F94:LeaderElection13: Election PASSED; received 1 response(s) [abd35e5c-06ad-4ff8-b246-cddb034938fc->199e3548-4b2a-4ae7-9e75-de2f099754d7,true-t2] and 0 exception(s); abd35e5c-06ad-4ff8-b246-cddb034938fc:t2, leader=null, voted=abd35e5c-06ad-4ff8-b246-cddb034938fc, raftlog=abd35e5c-06ad-4ff8-b246-cddb034938fc-SegmentedRaftLog:OPENED:c-1,f-1,i0, conf=-1: [abd35e5c-06ad-4ff8-b246-cddb034938fc:192.168.134.103:38623, 199e3548-4b2a-4ae7-9e75-de2f099754d7:192.168.134.103:44897, 34ce2e33-6582-4a14-9433-1ece43bac433:192.168.134.103:45833], old=null
2019-06-13 15:44:05,026 INFO  impl.RoleInfo (RoleInfo.java:shutdownLeaderElection(134)) - abd35e5c-06ad-4ff8-b246-cddb034938fc: shutdown LeaderElection
2019-06-13 15:44:05,027 INFO  impl.RaftServerImpl (RaftServerImpl.java:setRole(164)) - abd35e5c-06ad-4ff8-b246-cddb034938fc:group-9A25F5872F94 changes role from CANDIDATE to LEADER at term 2 for changeToLeader
2019-06-13 15:44:05,027 INFO  impl.RaftServerImpl (ServerState.java:setLeader(263)) - abd35e5c-06ad-4ff8-b246-cddb034938fc:group-9A25F5872F94 change Leader from null to abd35e5c-06ad-4ff8-b246-cddb034938fc at term 2 for becomeLeader, leader elected after 2236ms
2019-06-13 15:44:05,027 INFO  server.RaftServerConfigKeys (ConfUtils.java:logGet(43)) - raft.server.staging.catchup.gap = 1000 (default)
2019-06-13 15:44:05,028 INFO  server.RaftServerConfigKeys (ConfUtils.java:logGet(43)) - raft.server.rpc.sleep.time = 25ms (default)
2019-06-13 15:44:05,028 INFO  server.RaftServerConfigKeys (ConfUtils.java:logGet(43)) - raft.server.watch.timeout = 10s (default)
2019-06-13 15:44:05,028 INFO  server.RaftServerConfigKeys (ConfUtils.java:logGet(43)) - raft.server.watch.timeout.denomination = 1s (default)
2019-06-13 15:44:05,028 INFO  server.RaftServerConfigKeys (ConfUtils.java:logGet(43)) - raft.server.log.appender.snapshot.chunk.size.max = 16MB (=16777216) (default)
2019-06-13 15:44:05,028 INFO  server.RaftServerConfigKeys (ConfUtils.java:logGet(43)) - raft.server.log.appender.buffer.byte-limit = 33554432 (custom)
2019-06-13 15:44:05,028 INFO  server.RaftServerConfigKeys (ConfUtils.java:logGet(43)) - raft.server.log.appender.buffer.element-limit = 1 (custom)
2019-06-13 15:44:05,028 INFO  grpc.GrpcConfigKeys$Server (ConfUtils.java:logGet(43)) - raft.grpc.server.leader.outstanding.appends.max = 128 (default)
2019-06-13 15:44:05,028 INFO  server.RaftServerConfigKeys (ConfUtils.java:logGet(43)) - raft.server.rpc.request.timeout = 3000ms (default)
2019-06-13 15:44:05,029 INFO  server.RaftServerConfigKeys (ConfUtils.java:logGet(43)) - raft.server.log.appender.install.snapshot.enabled = true (default)
2019-06-13 15:44:05,029 INFO  server.RaftServerConfigKeys (ConfUtils.java:logGet(43)) - raft.server.log.appender.snapshot.chunk.size.max = 16MB (=16777216) (default)
2019-06-13 15:44:05,029 INFO  server.RaftServerConfigKeys (ConfUtils.java:logGet(43)) - raft.server.log.appender.buffer.byte-limit = 33554432 (custom)
2019-06-13 15:44:05,029 INFO  server.RaftServerConfigKeys (ConfUtils.java:logGet(43)) - raft.server.log.appender.buffer.element-limit = 1 (custom)
2019-06-13 15:44:05,029 INFO  grpc.GrpcConfigKeys$Server (ConfUtils.java:logGet(43)) - raft.grpc.server.leader.outstanding.appends.max = 128 (default)
2019-06-13 15:44:05,029 INFO  server.RaftServerConfigKeys (ConfUtils.java:logGet(43)) - raft.server.rpc.request.timeout = 3000ms (default)
2019-06-13 15:44:05,029 INFO  server.RaftServerConfigKeys (ConfUtils.java:logGet(43)) - raft.server.log.appender.install.snapshot.enabled = true (default)
2019-06-13 15:44:05,029 INFO  impl.RoleInfo (RoleInfo.java:updateAndGet(143)) - abd35e5c-06ad-4ff8-b246-cddb034938fc: start LeaderState
2019-06-13 15:44:05,030 INFO  storage.RaftLogWorker (RaftLogWorker.java:startLogSegment(298)) - abd35e5c-06ad-4ff8-b246-cddb034938fc-RaftLogWorker: Starting segment from index:0
2019-06-13 15:44:05,049 INFO  impl.RaftServerImpl (ServerState.java:setRaftConf(361)) - abd35e5c-06ad-4ff8-b246-cddb034938fc:group-9A25F5872F94 set configuration 0: [abd35e5c-06ad-4ff8-b246-cddb034938fc:192.168.134.103:38623, 199e3548-4b2a-4ae7-9e75-de2f099754d7:192.168.134.103:44897, 34ce2e33-6582-4a14-9433-1ece43bac433:192.168.134.103:45833], old=null at 0
2019-06-13 15:44:05,070 INFO  storage.RaftLogWorker (RaftLogWorker.java:execute(469)) - abd35e5c-06ad-4ff8-b246-cddb034938fc-RaftLogWorker: created new log segment /opt/src/hadoop-ozone/integration-test/target/test-dir/MiniOzoneClusterImpl-bc146287-0d28-4cd3-ac28-055d8c97a901/datanode-4/data/ratis/608c438f-c3bb-405e-9241-9a25f5872f94/current/log_inprogress_0
2019-06-13 15:44:05,072 INFO  impl.RaftServerImpl (ServerState.java:setLeader(263)) - 199e3548-4b2a-4ae7-9e75-de2f099754d7:group-9A25F5872F94 change Leader from null to abd35e5c-06ad-4ff8-b246-cddb034938fc at term 2 for appendEntries, leader elected after 2277ms
2019-06-13 15:44:05,071 INFO  impl.RaftServerImpl (ServerState.java:setLeader(263)) - 34ce2e33-6582-4a14-9433-1ece43bac433:group-9A25F5872F94 change Leader from null to abd35e5c-06ad-4ff8-b246-cddb034938fc at term 2 for appendEntries, leader elected after 2279ms
2019-06-13 15:44:05,078 INFO  impl.RaftServerImpl (ServerState.java:setRaftConf(361)) - 199e3548-4b2a-4ae7-9e75-de2f099754d7:group-9A25F5872F94 set configuration 0: [abd35e5c-06ad-4ff8-b246-cddb034938fc:192.168.134.103:38623, 199e3548-4b2a-4ae7-9e75-de2f099754d7:192.168.134.103:44897, 34ce2e33-6582-4a14-9433-1ece43bac433:192.168.134.103:45833], old=null at 0
2019-06-13 15:44:05,078 INFO  storage.RaftLogWorker (RaftLogWorker.java:startLogSegment(298)) - 199e3548-4b2a-4ae7-9e75-de2f099754d7-RaftLogWorker: Starting segment from index:0
2019-06-13 15:44:05,080 INFO  impl.RaftServerImpl (ServerState.java:setRaftConf(361)) - 34ce2e33-6582-4a14-9433-1ece43bac433:group-9A25F5872F94 set configuration 0: [abd35e5c-06ad-4ff8-b246-cddb034938fc:192.168.134.103:38623, 199e3548-4b2a-4ae7-9e75-de2f099754d7:192.168.134.103:44897, 34ce2e33-6582-4a14-9433-1ece43bac433:192.168.134.103:45833], old=null at 0
2019-06-13 15:44:05,080 INFO  storage.RaftLogWorker (RaftLogWorker.java:startLogSegment(298)) - 34ce2e33-6582-4a14-9433-1ece43bac433-RaftLogWorker: Starting segment from index:0
2019-06-13 15:44:05,116 INFO  storage.RaftLogWorker (RaftLogWorker.java:execute(469)) - 199e3548-4b2a-4ae7-9e75-de2f099754d7-RaftLogWorker: created new log segment /opt/src/hadoop-ozone/integration-test/target/test-dir/MiniOzoneClusterImpl-bc146287-0d28-4cd3-ac28-055d8c97a901/datanode-5/data/ratis/608c438f-c3bb-405e-9241-9a25f5872f94/current/log_inprogress_0
2019-06-13 15:44:05,117 INFO  storage.RaftLogWorker (RaftLogWorker.java:execute(469)) - 34ce2e33-6582-4a14-9433-1ece43bac433-RaftLogWorker: created new log segment /opt/src/hadoop-ozone/integration-test/target/test-dir/MiniOzoneClusterImpl-bc146287-0d28-4cd3-ac28-055d8c97a901/datanode-0/data/ratis/608c438f-c3bb-405e-9241-9a25f5872f94/current/log_inprogress_0
2019-06-13 15:44:05,368 INFO  client.GrpcClientProtocolClient (GrpcClientProtocolClient.java:onNext(254)) - client-A491EA7DDC79->34ce2e33-6582-4a14-9433-1ece43bac433: receive RaftClientReply:client-A491EA7DDC79->34ce2e33-6582-4a14-9433-1ece43bac433@group-9A25F5872F94, cid=13, FAILED org.apache.ratis.protocol.NotLeaderException: Server 34ce2e33-6582-4a14-9433-1ece43bac433 is not the leader (abd35e5c-06ad-4ff8-b246-cddb034938fc:192.168.134.103:38623). Request must be sent to leader., logIndex=0, commits[34ce2e33-6582-4a14-9433-1ece43bac433:c0, abd35e5c-06ad-4ff8-b246-cddb034938fc:c0, 199e3548-4b2a-4ae7-9e75-de2f099754d7:c-1]
2019-06-13 15:44:05,371 WARN  client.GrpcClientProtocolService (LogUtils.java:warn(134)) - 0-OrderedRequestStreamObserver0: onError: org.apache.ratis.thirdparty.io.grpc.StatusRuntimeException: CANCELLED: cancelled before receiving half close
2019-06-13 15:44:06,381 INFO  client.GrpcClientProtocolClient (GrpcClientProtocolClient.java:onNext(254)) - client-A491EA7DDC79->199e3548-4b2a-4ae7-9e75-de2f099754d7: receive RaftClientReply:client-A491EA7DDC79->199e3548-4b2a-4ae7-9e75-de2f099754d7@group-9A25F5872F94, cid=13, FAILED org.apache.ratis.protocol.NotLeaderException: Server 199e3548-4b2a-4ae7-9e75-de2f099754d7 is not the leader (abd35e5c-06ad-4ff8-b246-cddb034938fc:192.168.134.103:38623). Request must be sent to leader., logIndex=0, commits[199e3548-4b2a-4ae7-9e75-de2f099754d7:c0, abd35e5c-06ad-4ff8-b246-cddb034938fc:c0, 34ce2e33-6582-4a14-9433-1ece43bac433:c0]
2019-06-13 15:44:06,387 WARN  client.GrpcClientProtocolService (LogUtils.java:warn(134)) - 1-OrderedRequestStreamObserver1: onError: org.apache.ratis.thirdparty.io.grpc.StatusRuntimeException: CANCELLED: cancelled before receiving half close
2019-06-13 15:44:07,396 INFO  client.GrpcClientProtocolClient (GrpcClientProtocolClient.java:onNext(254)) - client-A491EA7DDC79->34ce2e33-6582-4a14-9433-1ece43bac433: receive RaftClientReply:client-A491EA7DDC79->34ce2e33-6582-4a14-9433-1ece43bac433@group-9A25F5872F94, cid=13, FAILED org.apache.ratis.protocol.NotLeaderException: Server 34ce2e33-6582-4a14-9433-1ece43bac433 is not the leader (abd35e5c-06ad-4ff8-b246-cddb034938fc:192.168.134.103:38623). Request must be sent to leader., logIndex=0, commits[34ce2e33-6582-4a14-9433-1ece43bac433:c0, abd35e5c-06ad-4ff8-b246-cddb034938fc:c0, 199e3548-4b2a-4ae7-9e75-de2f099754d7:c0]
2019-06-13 15:44:07,401 WARN  client.GrpcClientProtocolService (LogUtils.java:warn(134)) - 1-OrderedRequestStreamObserver1: onError: org.apache.ratis.thirdparty.io.grpc.StatusRuntimeException: CANCELLED: cancelled before receiving half close
2019-06-13 15:44:08,409 INFO  client.GrpcClientProtocolClient (GrpcClientProtocolClient.java:onNext(254)) - client-A491EA7DDC79->199e3548-4b2a-4ae7-9e75-de2f099754d7: receive RaftClientReply:client-A491EA7DDC79->199e3548-4b2a-4ae7-9e75-de2f099754d7@group-9A25F5872F94, cid=13, FAILED org.apache.ratis.protocol.NotLeaderException: Server 199e3548-4b2a-4ae7-9e75-de2f099754d7 is not the leader (abd35e5c-06ad-4ff8-b246-cddb034938fc:192.168.134.103:38623). Request must be sent to leader., logIndex=0, commits[199e3548-4b2a-4ae7-9e75-de2f099754d7:c0, abd35e5c-06ad-4ff8-b246-cddb034938fc:c0, 34ce2e33-6582-4a14-9433-1ece43bac433:c0]
2019-06-13 15:44:08,413 WARN  client.GrpcClientProtocolService (LogUtils.java:warn(134)) - 2-OrderedRequestStreamObserver2: onError: org.apache.ratis.thirdparty.io.grpc.StatusRuntimeException: CANCELLED: cancelled before receiving half close
2019-06-13 15:44:09,421 INFO  client.GrpcClientProtocolClient (GrpcClientProtocolClient.java:onNext(254)) - client-A491EA7DDC79->34ce2e33-6582-4a14-9433-1ece43bac433: receive RaftClientReply:client-A491EA7DDC79->34ce2e33-6582-4a14-9433-1ece43bac433@group-9A25F5872F94, cid=13, FAILED org.apache.ratis.protocol.NotLeaderException: Server 34ce2e33-6582-4a14-9433-1ece43bac433 is not the leader (abd35e5c-06ad-4ff8-b246-cddb034938fc:192.168.134.103:38623). Request must be sent to leader., logIndex=0, commits[34ce2e33-6582-4a14-9433-1ece43bac433:c0, abd35e5c-06ad-4ff8-b246-cddb034938fc:c0, 199e3548-4b2a-4ae7-9e75-de2f099754d7:c0]
2019-06-13 15:44:09,432 WARN  io.KeyOutputStream (KeyOutputStream.java:handleException(276)) - Encountered exception java.io.IOException: Unexpected Storage Container Exception: java.util.concurrent.CompletionException: java.util.concurrent.CompletionException: org.apache.ratis.protocol.RaftRetryFailureException: Failed RaftClientRequest:client-A491EA7DDC79->34ce2e33-6582-4a14-9433-1ece43bac433@group-9A25F5872F94, cid=13, seq=1*, RW, org.apache.hadoop.hdds.scm.XceiverClientRatis$$Lambda$429/143830798@716a492f for 5 attempts with RetryLimited(maxAttempts=5, sleepTime=1000ms) on the pipeline Pipeline[ Id: 608c438f-c3bb-405e-9241-9a25f5872f94, Nodes: 199e3548-4b2a-4ae7-9e75-de2f099754d7{ip: 192.168.134.103, host: ozone-ldwqp-4079303285, networkLocation: /default-rack, certSerialId: null}abd35e5c-06ad-4ff8-b246-cddb034938fc{ip: 192.168.134.103, host: ozone-ldwqp-4079303285, networkLocation: /default-rack, certSerialId: null}34ce2e33-6582-4a14-9433-1ece43bac433{ip: 192.168.134.103, host: ozone-ldwqp-4079303285, networkLocation: /default-rack, certSerialId: null}, Type:RATIS, Factor:THREE, State:OPEN]. The last committed block length is 0, uncommitted data length is 400 retry count 0
2019-06-13 15:44:09,437 WARN  client.GrpcClientProtocolService (LogUtils.java:warn(134)) - 2-OrderedRequestStreamObserver2: onError: org.apache.ratis.thirdparty.io.grpc.StatusRuntimeException: CANCELLED: cancelled before receiving half close
2019-06-13 15:44:09,603 INFO  client.GrpcClientProtocolClient (GrpcClientProtocolClient.java:onNext(254)) - client-E61B7492BAC0->8cae24b9-ead3-41cd-bd7f-737b6e36f93a: receive RaftClientReply:client-E61B7492BAC0->8cae24b9-ead3-41cd-bd7f-737b6e36f93a@group-2DA844380C73, cid=19, SUCCESS, logIndex=1, commits[8cae24b9-ead3-41cd-bd7f-737b6e36f93a:c2, 473868cb-61bf-4f2e-8f26-aa2e4a1961c9:c1, 915c82e3-2d9a-49e6-8c45-12303fd07f1f:c1]
2019-06-13 15:44:09,632 INFO  client.GrpcClientProtocolClient (GrpcClientProtocolClient.java:onNext(254)) - client-E61B7492BAC0->8cae24b9-ead3-41cd-bd7f-737b6e36f93a: receive RaftClientReply:client-E61B7492BAC0->8cae24b9-ead3-41cd-bd7f-737b6e36f93a@group-2DA844380C73, cid=20, SUCCESS, logIndex=3, commits[8cae24b9-ead3-41cd-bd7f-737b6e36f93a:c3, 473868cb-61bf-4f2e-8f26-aa2e4a1961c9:c2, 915c82e3-2d9a-49e6-8c45-12303fd07f1f:c1]
2019-06-13 15:44:09,674 INFO  client.GrpcClientProtocolClient (GrpcClientProtocolClient.java:onNext(254)) - client-E61B7492BAC0->8cae24b9-ead3-41cd-bd7f-737b6e36f93a: receive RaftClientReply:client-E61B7492BAC0->8cae24b9-ead3-41cd-bd7f-737b6e36f93a@group-2DA844380C73, cid=21, SUCCESS, logIndex=5, commits[8cae24b9-ead3-41cd-bd7f-737b6e36f93a:c11, 473868cb-61bf-4f2e-8f26-aa2e4a1961c9:c7, 915c82e3-2d9a-49e6-8c45-12303fd07f1f:c6]
2019-06-13 15:44:09,675 INFO  client.GrpcClientProtocolClient (GrpcClientProtocolClient.java:onNext(254)) - client-E61B7492BAC0->8cae24b9-ead3-41cd-bd7f-737b6e36f93a: receive RaftClientReply:client-E61B7492BAC0->8cae24b9-ead3-41cd-bd7f-737b6e36f93a@group-2DA844380C73, cid=22, SUCCESS, logIndex=6, commits[8cae24b9-ead3-41cd-bd7f-737b6e36f93a:c12, 473868cb-61bf-4f2e-8f26-aa2e4a1961c9:c10, 915c82e3-2d9a-49e6-8c45-12303fd07f1f:c10]
2019-06-13 15:44:09,675 INFO  client.GrpcClientProtocolClient (GrpcClientProtocolClient.java:onNext(254)) - client-E61B7492BAC0->8cae24b9-ead3-41cd-bd7f-737b6e36f93a: receive RaftClientReply:client-E61B7492BAC0->8cae24b9-ead3-41cd-bd7f-737b6e36f93a@group-2DA844380C73, cid=23, SUCCESS, logIndex=7, commits[8cae24b9-ead3-41cd-bd7f-737b6e36f93a:c12, 473868cb-61bf-4f2e-8f26-aa2e4a1961c9:c10, 915c82e3-2d9a-49e6-8c45-12303fd07f1f:c10]
2019-06-13 15:44:09,686 INFO  client.GrpcClientProtocolClient (GrpcClientProtocolClient.java:onNext(254)) - client-E61B7492BAC0->8cae24b9-ead3-41cd-bd7f-737b6e36f93a: receive RaftClientReply:client-E61B7492BAC0->8cae24b9-ead3-41cd-bd7f-737b6e36f93a@group-2DA844380C73, cid=24, SUCCESS, logIndex=10, commits[8cae24b9-ead3-41cd-bd7f-737b6e36f93a:c12, 473868cb-61bf-4f2e-8f26-aa2e4a1961c9:c10, 915c82e3-2d9a-49e6-8c45-12303fd07f1f:c10]
]]></system-out>
    <system-err><![CDATA[ERROR StatusLogger No Log4j 2 configuration file found. Using default configuration (logging only errors to the console), or user programmatically provided configurations. Set system property 'log4j2.debug' to show Log4j 2 internal initialization logging. See https://logging.apache.org/log4j/2.x/manual/configuration.html for instructions on how to configure Log4j 2
Jun 13, 2019 3:43:57 PM com.sun.jersey.server.impl.application.WebApplicationImpl _initiate
INFO: Initiating Jersey application, version 'Jersey: 1.19 02/11/2015 03:25 AM'
Jun 13, 2019 3:43:57 PM com.sun.jersey.server.impl.application.WebApplicationImpl _initiate
INFO: Initiating Jersey application, version 'Jersey: 1.19 02/11/2015 03:25 AM'
Jun 13, 2019 3:43:58 PM com.sun.jersey.server.impl.application.WebApplicationImpl _initiate
INFO: Initiating Jersey application, version 'Jersey: 1.19 02/11/2015 03:25 AM'
Jun 13, 2019 3:43:58 PM com.sun.jersey.server.impl.application.WebApplicationImpl _initiate
INFO: Initiating Jersey application, version 'Jersey: 1.19 02/11/2015 03:25 AM'
Jun 13, 2019 3:43:58 PM com.sun.jersey.server.impl.application.WebApplicationImpl _initiate
INFO: Initiating Jersey application, version 'Jersey: 1.19 02/11/2015 03:25 AM'
Jun 13, 2019 3:43:58 PM com.sun.jersey.server.impl.application.WebApplicationImpl _initiate
INFO: Initiating Jersey application, version 'Jersey: 1.19 02/11/2015 03:25 AM'
Jun 13, 2019 3:43:58 PM com.sun.jersey.server.impl.application.WebApplicationImpl _initiate
INFO: Initiating Jersey application, version 'Jersey: 1.19 02/11/2015 03:25 AM'
]]></system-err>
  </testcase>
  <testcase name="testWatchForCommitWithSmallerTimeoutValue" classname="org.apache.hadoop.ozone.client.rpc.TestWatchForCommit" time="16.595"/>
  <testcase name="testWatchForCommitForRetryfailure" classname="org.apache.hadoop.ozone.client.rpc.TestWatchForCommit" time="28.383"/>
  <testcase name="testWatchForCommitForGroupMismatchException" classname="org.apache.hadoop.ozone.client.rpc.TestWatchForCommit" time="6.965"/>
  <testcase name="test2WayCommitForTimeoutException" classname="org.apache.hadoop.ozone.client.rpc.TestWatchForCommit" time="12.01"/>
  <testcase name="test2WayCommitForRetryfailure" classname="org.apache.hadoop.ozone.client.rpc.TestWatchForCommit" time="31.266"/>
</testsuite>