<?xml version="1.0" encoding="UTF-8"?>
<testsuite xmlns:xsi="http://www.w3.org/2001/XMLSchema-instance" xsi:noNamespaceSchemaLocation="https://maven.apache.org/surefire/maven-surefire-plugin/xsd/surefire-test-report.xsd" name="org.apache.hadoop.ozone.client.rpc.TestFailureHandlingByClient" time="129.52" tests="7" errors="0" skipped="0" failures="1">
  <properties>
    <property name="awt.toolkit" value="sun.awt.X11.XToolkit"/>
    <property name="file.encoding.pkg" value="sun.io"/>
    <property name="java.specification.version" value="1.8"/>
    <property name="sun.cpu.isalist" value=""/>
    <property name="sun.jnu.encoding" value="UTF-8"/>
    <property name="java.class.path" value="/opt/src/hadoop-ozone/integration-test/target/test-classes:/opt/src/hadoop-ozone/integration-test/target/classes:/root/.m2/repository/org/apache/hadoop/hadoop-ozone-common/0.5.0-SNAPSHOT/hadoop-ozone-common-0.5.0-SNAPSHOT.jar:/root/.m2/repository/org/apache/commons/commons-compress/1.4.1/commons-compress-1.4.1.jar:/root/.m2/repository/org/tukaani/xz/1.0/xz-1.0.jar:/root/.m2/repository/org/apache/hadoop/hadoop-common/3.2.0/hadoop-common-3.2.0.jar:/root/.m2/repository/org/apache/hadoop/hadoop-hdfs/3.2.0/hadoop-hdfs-3.2.0.jar:/root/.m2/repository/org/apache/hadoop/hadoop-hdfs-client/3.2.0/hadoop-hdfs-client-3.2.0.jar:/root/.m2/repository/com/fasterxml/jackson/core/jackson-annotations/2.9.5/jackson-annotations-2.9.5.jar:/root/.m2/repository/org/apache/hadoop/hadoop-hdds-common/0.5.0-SNAPSHOT/hadoop-hdds-common-0.5.0-SNAPSHOT.jar:/root/.m2/repository/javax/annotation/javax.annotation-api/1.2/javax.annotation-api-1.2.jar:/root/.m2/repository/org/apache/ratis/ratis-server/0.4.0-fe2b15d-SNAPSHOT/ratis-server-0.4.0-fe2b15d-SNAPSHOT.jar:/root/.m2/repository/org/apache/ratis/ratis-thirdparty-misc/0.2.0/ratis-thirdparty-misc-0.2.0.jar:/root/.m2/repository/org/apache/ratis/ratis-proto/0.4.0-fe2b15d-SNAPSHOT/ratis-proto-0.4.0-fe2b15d-SNAPSHOT.jar:/root/.m2/repository/org/apache/ratis/ratis-common/0.4.0-fe2b15d-SNAPSHOT/ratis-common-0.4.0-fe2b15d-SNAPSHOT.jar:/root/.m2/repository/org/apache/ratis/ratis-client/0.4.0-fe2b15d-SNAPSHOT/ratis-client-0.4.0-fe2b15d-SNAPSHOT.jar:/root/.m2/repository/org/apache/ratis/ratis-netty/0.4.0-fe2b15d-SNAPSHOT/ratis-netty-0.4.0-fe2b15d-SNAPSHOT.jar:/root/.m2/repository/org/apache/ratis/ratis-grpc/0.4.0-fe2b15d-SNAPSHOT/ratis-grpc-0.4.0-fe2b15d-SNAPSHOT.jar:/root/.m2/repository/org/rocksdb/rocksdbjni/5.14.2/rocksdbjni-5.14.2.jar:/root/.m2/repository/org/apache/logging/log4j/log4j-api/2.11.0/log4j-api-2.11.0.jar:/root/.m2/repository/org/apache/logging/log4j/log4j-core/2.11.0/log4j-core-2.11.0.jar:/root/.m2/repository/com/lmax/disruptor/3.4.2/disruptor-3.4.2.jar:/root/.m2/repository/org/apache/commons/commons-pool2/2.6.0/commons-pool2-2.6.0.jar:/root/.m2/repository/org/bouncycastle/bcpkix-jdk15on/1.60/bcpkix-jdk15on-1.60.jar:/root/.m2/repository/commons-validator/commons-validator/1.6/commons-validator-1.6.jar:/root/.m2/repository/commons-digester/commons-digester/1.8.1/commons-digester-1.8.1.jar:/root/.m2/repository/io/jaegertracing/jaeger-client/0.33.1/jaeger-client-0.33.1.jar:/root/.m2/repository/io/jaegertracing/jaeger-thrift/0.33.1/jaeger-thrift-0.33.1.jar:/root/.m2/repository/org/apache/thrift/libthrift/0.11.0/libthrift-0.11.0.jar:/root/.m2/repository/com/squareup/okhttp3/okhttp/3.9.0/okhttp-3.9.0.jar:/root/.m2/repository/com/squareup/okio/okio/1.13.0/okio-1.13.0.jar:/root/.m2/repository/io/jaegertracing/jaeger-core/0.33.1/jaeger-core-0.33.1.jar:/root/.m2/repository/io/jaegertracing/jaeger-tracerresolver/0.33.1/jaeger-tracerresolver-0.33.1.jar:/root/.m2/repository/io/opentracing/contrib/opentracing-tracerresolver/0.1.5/opentracing-tracerresolver-0.1.5.jar:/root/.m2/repository/io/opentracing/opentracing-util/0.31.0/opentracing-util-0.31.0.jar:/root/.m2/repository/io/opentracing/opentracing-api/0.31.0/opentracing-api-0.31.0.jar:/root/.m2/repository/io/opentracing/opentracing-noop/0.31.0/opentracing-noop-0.31.0.jar:/root/.m2/repository/org/apache/hadoop/hadoop-hdds-server-framework/0.5.0-SNAPSHOT/hadoop-hdds-server-framework-0.5.0-SNAPSHOT.jar:/root/.m2/repository/org/apache/hadoop/hadoop-hdds-server-scm/0.5.0-SNAPSHOT/hadoop-hdds-server-scm-0.5.0-SNAPSHOT.jar:/root/.m2/repository/org/apache/hadoop/hadoop-hdds-container-service/0.5.0-SNAPSHOT/hadoop-hdds-container-service-0.5.0-SNAPSHOT.jar:/root/.m2/repository/org/apache/hadoop/hadoop-hdds-client/0.5.0-SNAPSHOT/hadoop-hdds-client-0.5.0-SNAPSHOT.jar:/root/.m2/repository/org/apache/hadoop/hadoop-hdds-tools/0.5.0-SNAPSHOT/hadoop-hdds-tools-0.5.0-SNAPSHOT.jar:/root/.m2/repository/org/apache/hadoop/hadoop-ozone-ozone-manager/0.5.0-SNAPSHOT/hadoop-ozone-ozone-manager-0.5.0-SNAPSHOT.jar:/root/.m2/repository/org/apache/hadoop/hadoop-hdds-docs/0.5.0-SNAPSHOT/hadoop-hdds-docs-0.5.0-SNAPSHOT.jar:/root/.m2/repository/org/bouncycastle/bcprov-jdk15on/1.60/bcprov-jdk15on-1.60.jar:/root/.m2/repository/org/apache/hadoop/hadoop-minikdc/3.2.0/hadoop-minikdc-3.2.0.jar:/root/.m2/repository/commons-io/commons-io/2.5/commons-io-2.5.jar:/root/.m2/repository/org/apache/kerby/kerb-simplekdc/1.0.1/kerb-simplekdc-1.0.1.jar:/root/.m2/repository/org/apache/kerby/kerb-client/1.0.1/kerb-client-1.0.1.jar:/root/.m2/repository/org/apache/kerby/kerby-config/1.0.1/kerby-config-1.0.1.jar:/root/.m2/repository/org/apache/kerby/kerb-core/1.0.1/kerb-core-1.0.1.jar:/root/.m2/repository/org/apache/kerby/kerby-pkix/1.0.1/kerby-pkix-1.0.1.jar:/root/.m2/repository/org/apache/kerby/kerby-asn1/1.0.1/kerby-asn1-1.0.1.jar:/root/.m2/repository/org/apache/kerby/kerby-util/1.0.1/kerby-util-1.0.1.jar:/root/.m2/repository/org/apache/kerby/kerb-common/1.0.1/kerb-common-1.0.1.jar:/root/.m2/repository/org/apache/kerby/kerb-crypto/1.0.1/kerb-crypto-1.0.1.jar:/root/.m2/repository/org/apache/kerby/kerb-util/1.0.1/kerb-util-1.0.1.jar:/root/.m2/repository/org/apache/kerby/token-provider/1.0.1/token-provider-1.0.1.jar:/root/.m2/repository/org/apache/kerby/kerb-admin/1.0.1/kerb-admin-1.0.1.jar:/root/.m2/repository/org/apache/kerby/kerb-server/1.0.1/kerb-server-1.0.1.jar:/root/.m2/repository/org/apache/kerby/kerb-identity/1.0.1/kerb-identity-1.0.1.jar:/root/.m2/repository/org/apache/kerby/kerby-xdr/1.0.1/kerby-xdr-1.0.1.jar:/root/.m2/repository/org/slf4j/slf4j-log4j12/1.7.25/slf4j-log4j12-1.7.25.jar:/root/.m2/repository/org/apache/hadoop/hadoop-ozone-objectstore-service/0.5.0-SNAPSHOT/hadoop-ozone-objectstore-service-0.5.0-SNAPSHOT.jar:/root/.m2/repository/org/apache/hadoop/hadoop-ozone-s3gateway/0.5.0-SNAPSHOT/hadoop-ozone-s3gateway-0.5.0-SNAPSHOT.jar:/root/.m2/repository/org/jboss/weld/servlet/weld-servlet/2.4.7.Final/weld-servlet-2.4.7.Final.jar:/root/.m2/repository/org/glassfish/jersey/containers/jersey-container-servlet-core/2.27/jersey-container-servlet-core-2.27.jar:/root/.m2/repository/org/glassfish/hk2/external/javax.inject/2.5.0-b42/javax.inject-2.5.0-b42.jar:/root/.m2/repository/org/glassfish/jersey/core/jersey-common/2.27/jersey-common-2.27.jar:/root/.m2/repository/org/glassfish/hk2/osgi-resource-locator/1.0.1/osgi-resource-locator-1.0.1.jar:/root/.m2/repository/javax/ws/rs/javax.ws.rs-api/2.1/javax.ws.rs-api-2.1.jar:/root/.m2/repository/org/glassfish/jersey/ext/cdi/jersey-cdi1x/2.27/jersey-cdi1x-2.27.jar:/root/.m2/repository/org/glassfish/jersey/inject/jersey-hk2/2.27/jersey-hk2-2.27.jar:/root/.m2/repository/org/glassfish/hk2/hk2-locator/2.5.0-b42/hk2-locator-2.5.0-b42.jar:/root/.m2/repository/org/javassist/javassist/3.22.0-CR2/javassist-3.22.0-CR2.jar:/root/.m2/repository/org/glassfish/hk2/hk2-api/2.5.0/hk2-api-2.5.0.jar:/root/.m2/repository/org/glassfish/hk2/external/jakarta.inject/2.5.0/jakarta.inject-2.5.0.jar:/root/.m2/repository/org/glassfish/hk2/hk2-utils/2.5.0/hk2-utils-2.5.0.jar:/root/.m2/repository/jakarta/annotation/jakarta.annotation-api/1.3.4/jakarta.annotation-api-1.3.4.jar:/root/.m2/repository/org/glassfish/hk2/external/aopalliance-repackaged/2.5.0/aopalliance-repackaged-2.5.0.jar:/root/.m2/repository/com/fasterxml/jackson/dataformat/jackson-dataformat-xml/2.9.0/jackson-dataformat-xml-2.9.0.jar:/root/.m2/repository/com/fasterxml/jackson/core/jackson-core/2.9.5/jackson-core-2.9.5.jar:/root/.m2/repository/com/fasterxml/jackson/module/jackson-module-jaxb-annotations/2.9.5/jackson-module-jaxb-annotations-2.9.5.jar:/root/.m2/repository/javax/enterprise/cdi-api/1.2/cdi-api-1.2.jar:/root/.m2/repository/javax/el/javax.el-api/3.0.0/javax.el-api-3.0.0.jar:/root/.m2/repository/javax/interceptor/javax.interceptor-api/1.2/javax.interceptor-api-1.2.jar:/root/.m2/repository/javax/inject/javax.inject/1/javax.inject-1.jar:/root/.m2/repository/com/sun/xml/bind/jaxb-impl/2.3.0.1/jaxb-impl-2.3.0.1.jar:/root/.m2/repository/com/sun/xml/bind/jaxb-core/2.3.0.1/jaxb-core-2.3.0.1.jar:/root/.m2/repository/javax/xml/bind/jaxb-api/2.3.0/jaxb-api-2.3.0.jar:/root/.m2/repository/javax/activation/activation/1.1.1/activation-1.1.1.jar:/root/.m2/repository/org/apache/hadoop/hadoop-ozone-csi/0.5.0-SNAPSHOT/hadoop-ozone-csi-0.5.0-SNAPSHOT.jar:/root/.m2/repository/com/google/protobuf/protobuf-java-util/3.5.1/protobuf-java-util-3.5.1.jar:/root/.m2/repository/org/apache/hadoop/hadoop-hdds-config/0.5.0-SNAPSHOT/hadoop-hdds-config-0.5.0-SNAPSHOT.jar:/root/.m2/repository/com/google/guava/guava/11.0.2/guava-11.0.2.jar:/root/.m2/repository/com/google/protobuf/protobuf-java/2.5.0/protobuf-java-2.5.0.jar:/root/.m2/repository/io/grpc/grpc-netty/1.17.1/grpc-netty-1.17.1.jar:/root/.m2/repository/io/grpc/grpc-core/1.17.1/grpc-core-1.17.1.jar:/root/.m2/repository/io/grpc/grpc-context/1.17.1/grpc-context-1.17.1.jar:/root/.m2/repository/com/google/errorprone/error_prone_annotations/2.2.0/error_prone_annotations-2.2.0.jar:/root/.m2/repository/org/codehaus/mojo/animal-sniffer-annotations/1.17/animal-sniffer-annotations-1.17.jar:/root/.m2/repository/io/opencensus/opencensus-api/0.17.0/opencensus-api-0.17.0.jar:/root/.m2/repository/io/opencensus/opencensus-contrib-grpc-metrics/0.17.0/opencensus-contrib-grpc-metrics-0.17.0.jar:/root/.m2/repository/io/netty/netty-codec-http2/4.1.30.Final/netty-codec-http2-4.1.30.Final.jar:/root/.m2/repository/io/netty/netty-codec-http/4.1.30.Final/netty-codec-http-4.1.30.Final.jar:/root/.m2/repository/io/netty/netty-codec/4.1.30.Final/netty-codec-4.1.30.Final.jar:/root/.m2/repository/io/netty/netty-handler/4.1.30.Final/netty-handler-4.1.30.Final.jar:/root/.m2/repository/io/netty/netty-handler-proxy/4.1.30.Final/netty-handler-proxy-4.1.30.Final.jar:/root/.m2/repository/io/netty/netty-codec-socks/4.1.30.Final/netty-codec-socks-4.1.30.Final.jar:/root/.m2/repository/io/netty/netty-transport-native-epoll/4.1.30.Final/netty-transport-native-epoll-4.1.30.Final.jar:/root/.m2/repository/io/netty/netty-common/4.1.30.Final/netty-common-4.1.30.Final.jar:/root/.m2/repository/io/netty/netty-buffer/4.1.30.Final/netty-buffer-4.1.30.Final.jar:/root/.m2/repository/io/netty/netty-transport/4.1.30.Final/netty-transport-4.1.30.Final.jar:/root/.m2/repository/io/netty/netty-resolver/4.1.30.Final/netty-resolver-4.1.30.Final.jar:/root/.m2/repository/io/netty/netty-transport-native-unix-common/4.1.30.Final/netty-transport-native-unix-common-4.1.30.Final.jar:/root/.m2/repository/io/grpc/grpc-protobuf/1.17.1/grpc-protobuf-1.17.1.jar:/root/.m2/repository/com/google/api/grpc/proto-google-common-protos/1.0.0/proto-google-common-protos-1.0.0.jar:/root/.m2/repository/io/grpc/grpc-protobuf-lite/1.17.1/grpc-protobuf-lite-1.17.1.jar:/root/.m2/repository/io/grpc/grpc-stub/1.17.1/grpc-stub-1.17.1.jar:/root/.m2/repository/org/apache/hadoop/hadoop-ozone-recon/0.5.0-SNAPSHOT/hadoop-ozone-recon-0.5.0-SNAPSHOT.jar:/root/.m2/repository/org/apache/hadoop/hadoop-ozone-reconcodegen/0.5.0-SNAPSHOT/hadoop-ozone-reconcodegen-0.5.0-SNAPSHOT.jar:/root/.m2/repository/com/google/inject/extensions/guice-multibindings/4.0/guice-multibindings-4.0.jar:/root/.m2/repository/com/google/inject/guice/4.0/guice-4.0.jar:/root/.m2/repository/aopalliance/aopalliance/1.0/aopalliance-1.0.jar:/root/.m2/repository/com/google/inject/extensions/guice-servlet/4.0/guice-servlet-4.0.jar:/root/.m2/repository/org/glassfish/jersey/containers/jersey-container-servlet/2.27/jersey-container-servlet-2.27.jar:/root/.m2/repository/org/glassfish/hk2/guice-bridge/2.5.0/guice-bridge-2.5.0.jar:/root/.m2/repository/org/glassfish/jersey/core/jersey-server/2.27/jersey-server-2.27.jar:/root/.m2/repository/org/glassfish/jersey/core/jersey-client/2.27/jersey-client-2.27.jar:/root/.m2/repository/org/glassfish/jersey/media/jersey-media-jaxb/2.27/jersey-media-jaxb-2.27.jar:/root/.m2/repository/javax/validation/validation-api/1.1.0.Final/validation-api-1.1.0.Final.jar:/root/.m2/repository/org/glassfish/jersey/media/jersey-media-json-jackson/2.27/jersey-media-json-jackson-2.27.jar:/root/.m2/repository/org/glassfish/jersey/ext/jersey-entity-filtering/2.27/jersey-entity-filtering-2.27.jar:/root/.m2/repository/com/google/inject/extensions/guice-assistedinject/4.0/guice-assistedinject-4.0.jar:/root/.m2/repository/org/jooq/jooq/3.11.10/jooq-3.11.10.jar:/root/.m2/repository/org/jooq/jooq-meta/3.11.10/jooq-meta-3.11.10.jar:/root/.m2/repository/org/jooq/jooq-codegen/3.11.10/jooq-codegen-3.11.10.jar:/root/.m2/repository/com/jolbox/bonecp/0.8.0.RELEASE/bonecp-0.8.0.RELEASE.jar:/root/.m2/repository/org/xerial/sqlite-jdbc/3.25.2/sqlite-jdbc-3.25.2.jar:/root/.m2/repository/org/springframework/spring-jdbc/5.1.3.RELEASE/spring-jdbc-5.1.3.RELEASE.jar:/root/.m2/repository/org/springframework/spring-beans/5.1.3.RELEASE/spring-beans-5.1.3.RELEASE.jar:/root/.m2/repository/org/springframework/spring-core/5.1.3.RELEASE/spring-core-5.1.3.RELEASE.jar:/root/.m2/repository/org/springframework/spring-jcl/5.1.3.RELEASE/spring-jcl-5.1.3.RELEASE.jar:/root/.m2/repository/org/springframework/spring-tx/5.1.3.RELEASE/spring-tx-5.1.3.RELEASE.jar:/root/.m2/repository/org/apache/hadoop/hadoop-ozone-client/0.5.0-SNAPSHOT/hadoop-ozone-client-0.5.0-SNAPSHOT.jar:/root/.m2/repository/org/apache/hadoop/hadoop-ozone-ozone-manager/0.5.0-SNAPSHOT/hadoop-ozone-ozone-manager-0.5.0-SNAPSHOT-tests.jar:/root/.m2/repository/junit/junit/4.11/junit-4.11.jar:/root/.m2/repository/org/hamcrest/hamcrest-core/1.3/hamcrest-core-1.3.jar:/root/.m2/repository/org/openjdk/jmh/jmh-core/1.19/jmh-core-1.19.jar:/root/.m2/repository/net/sf/jopt-simple/jopt-simple/4.6/jopt-simple-4.6.jar:/root/.m2/repository/org/apache/commons/commons-math3/3.1.1/commons-math3-3.1.1.jar:/root/.m2/repository/org/openjdk/jmh/jmh-generator-annprocess/1.19/jmh-generator-annprocess-1.19.jar:/root/.m2/repository/org/mockito/mockito-all/1.8.5/mockito-all-1.8.5.jar:/root/.m2/repository/org/apache/hadoop/hadoop-kms/3.2.0/hadoop-kms-3.2.0.jar:/root/.m2/repository/org/apache/hadoop/hadoop-auth/3.2.0/hadoop-auth-3.2.0.jar:/root/.m2/repository/com/nimbusds/nimbus-jose-jwt/4.41.1/nimbus-jose-jwt-4.41.1.jar:/root/.m2/repository/com/github/stephenc/jcip/jcip-annotations/1.0-1/jcip-annotations-1.0-1.jar:/root/.m2/repository/net/minidev/json-smart/2.3/json-smart-2.3.jar:/root/.m2/repository/net/minidev/accessors-smart/1.2/accessors-smart-1.2.jar:/root/.m2/repository/org/ow2/asm/asm/5.0.4/asm-5.0.4.jar:/root/.m2/repository/org/apache/curator/curator-framework/2.12.0/curator-framework-2.12.0.jar:/root/.m2/repository/com/sun/jersey/jersey-core/1.19/jersey-core-1.19.jar:/root/.m2/repository/javax/ws/rs/jsr311-api/1.1.1/jsr311-api-1.1.1.jar:/root/.m2/repository/com/sun/jersey/jersey-server/1.19/jersey-server-1.19.jar:/root/.m2/repository/javax/servlet/javax.servlet-api/3.1.0/javax.servlet-api-3.1.0.jar:/root/.m2/repository/org/eclipse/jetty/jetty-server/9.3.24.v20180605/jetty-server-9.3.24.v20180605.jar:/root/.m2/repository/org/eclipse/jetty/jetty-http/9.3.24.v20180605/jetty-http-9.3.24.v20180605.jar:/root/.m2/repository/org/eclipse/jetty/jetty-io/9.3.24.v20180605/jetty-io-9.3.24.v20180605.jar:/root/.m2/repository/org/eclipse/jetty/jetty-webapp/9.3.24.v20180605/jetty-webapp-9.3.24.v20180605.jar:/root/.m2/repository/org/eclipse/jetty/jetty-xml/9.3.24.v20180605/jetty-xml-9.3.24.v20180605.jar:/root/.m2/repository/log4j/log4j/1.2.17/log4j-1.2.17.jar:/root/.m2/repository/org/slf4j/slf4j-api/1.7.25/slf4j-api-1.7.25.jar:/root/.m2/repository/org/slf4j/jul-to-slf4j/1.7.25/jul-to-slf4j-1.7.25.jar:/root/.m2/repository/org/eclipse/jetty/jetty-util/9.3.24.v20180605/jetty-util-9.3.24.v20180605.jar:/root/.m2/repository/io/dropwizard/metrics/metrics-core/3.2.4/metrics-core-3.2.4.jar:/root/.m2/repository/com/fasterxml/jackson/core/jackson-databind/2.9.5/jackson-databind-2.9.5.jar:/root/.m2/repository/org/apache/hadoop/hadoop-kms/3.2.0/hadoop-kms-3.2.0-tests.jar:/root/.m2/repository/org/apache/hadoop/hadoop-hdds-server-scm/0.5.0-SNAPSHOT/hadoop-hdds-server-scm-0.5.0-SNAPSHOT-tests.jar:/root/.m2/repository/org/hamcrest/hamcrest-all/1.3/hamcrest-all-1.3.jar:/root/.m2/repository/info/picocli/picocli/3.9.6/picocli-3.9.6.jar:/root/.m2/repository/org/apache/hadoop/hadoop-hdds-container-service/0.5.0-SNAPSHOT/hadoop-hdds-container-service-0.5.0-SNAPSHOT-tests.jar:/root/.m2/repository/org/yaml/snakeyaml/1.16/snakeyaml-1.16.jar:/root/.m2/repository/org/apache/hadoop/hadoop-common/3.2.0/hadoop-common-3.2.0-tests.jar:/root/.m2/repository/org/apache/hadoop/hadoop-annotations/3.2.0/hadoop-annotations-3.2.0.jar:/usr/lib/jvm/java-1.8-openjdk/jre/../lib/tools.jar:/root/.m2/repository/commons-cli/commons-cli/1.2/commons-cli-1.2.jar:/root/.m2/repository/org/apache/httpcomponents/httpclient/4.5.2/httpclient-4.5.2.jar:/root/.m2/repository/org/apache/httpcomponents/httpcore/4.4.4/httpcore-4.4.4.jar:/root/.m2/repository/commons-codec/commons-codec/1.11/commons-codec-1.11.jar:/root/.m2/repository/commons-net/commons-net/3.6/commons-net-3.6.jar:/root/.m2/repository/commons-collections/commons-collections/3.2.2/commons-collections-3.2.2.jar:/root/.m2/repository/org/eclipse/jetty/jetty-servlet/9.3.24.v20180605/jetty-servlet-9.3.24.v20180605.jar:/root/.m2/repository/org/eclipse/jetty/jetty-security/9.3.24.v20180605/jetty-security-9.3.24.v20180605.jar:/root/.m2/repository/javax/servlet/jsp/jsp-api/2.1/jsp-api-2.1.jar:/root/.m2/repository/com/sun/jersey/jersey-servlet/1.19/jersey-servlet-1.19.jar:/root/.m2/repository/com/sun/jersey/jersey-json/1.19/jersey-json-1.19.jar:/root/.m2/repository/org/codehaus/jettison/jettison/1.1/jettison-1.1.jar:/root/.m2/repository/org/codehaus/jackson/jackson-core-asl/1.9.13/jackson-core-asl-1.9.13.jar:/root/.m2/repository/org/codehaus/jackson/jackson-mapper-asl/1.9.13/jackson-mapper-asl-1.9.13.jar:/root/.m2/repository/org/codehaus/jackson/jackson-jaxrs/1.9.13/jackson-jaxrs-1.9.13.jar:/root/.m2/repository/org/codehaus/jackson/jackson-xc/1.9.13/jackson-xc-1.9.13.jar:/root/.m2/repository/commons-logging/commons-logging/1.1.3/commons-logging-1.1.3.jar:/root/.m2/repository/commons-beanutils/commons-beanutils/1.9.3/commons-beanutils-1.9.3.jar:/root/.m2/repository/org/apache/commons/commons-configuration2/2.1.1/commons-configuration2-2.1.1.jar:/root/.m2/repository/org/apache/commons/commons-lang3/3.7/commons-lang3-3.7.jar:/root/.m2/repository/org/apache/commons/commons-text/1.4/commons-text-1.4.jar:/root/.m2/repository/org/apache/avro/avro/1.7.7/avro-1.7.7.jar:/root/.m2/repository/com/thoughtworks/paranamer/paranamer/2.3/paranamer-2.3.jar:/root/.m2/repository/org/xerial/snappy/snappy-java/1.0.5/snappy-java-1.0.5.jar:/root/.m2/repository/com/google/re2j/re2j/1.1/re2j-1.1.jar:/root/.m2/repository/com/google/code/gson/gson/2.2.4/gson-2.2.4.jar:/root/.m2/repository/com/jcraft/jsch/0.1.54/jsch-0.1.54.jar:/root/.m2/repository/org/apache/curator/curator-client/2.12.0/curator-client-2.12.0.jar:/root/.m2/repository/org/apache/curator/curator-recipes/2.12.0/curator-recipes-2.12.0.jar:/root/.m2/repository/com/google/code/findbugs/jsr305/3.0.0/jsr305-3.0.0.jar:/root/.m2/repository/org/apache/htrace/htrace-core4/4.1.0-incubating/htrace-core4-4.1.0-incubating.jar:/root/.m2/repository/org/apache/zookeeper/zookeeper/3.4.13/zookeeper-3.4.13.jar:/root/.m2/repository/org/apache/yetus/audience-annotations/0.5.0/audience-annotations-0.5.0.jar:/root/.m2/repository/org/codehaus/woodstox/stax2-api/3.1.4/stax2-api-3.1.4.jar:/root/.m2/repository/com/fasterxml/woodstox/woodstox-core/5.0.3/woodstox-core-5.0.3.jar:/root/.m2/repository/dnsjava/dnsjava/2.1.7/dnsjava-2.1.7.jar:/root/.m2/repository/org/apache/hadoop/hadoop-hdfs/3.2.0/hadoop-hdfs-3.2.0-tests.jar:/root/.m2/repository/org/eclipse/jetty/jetty-util-ajax/9.3.24.v20180605/jetty-util-ajax-9.3.24.v20180605.jar:/root/.m2/repository/commons-daemon/commons-daemon/1.0.13/commons-daemon-1.0.13.jar:/root/.m2/repository/io/netty/netty/3.10.5.Final/netty-3.10.5.Final.jar:/root/.m2/repository/io/netty/netty-all/4.0.52.Final/netty-all-4.0.52.Final.jar:/root/.m2/repository/org/fusesource/leveldbjni/leveldbjni-all/1.8/leveldbjni-all-1.8.jar:"/>
    <property name="java.vm.vendor" value="IcedTea"/>
    <property name="sun.arch.data.model" value="64"/>
    <property name="test.build.dir" value="/opt/src/hadoop-ozone/integration-test/target/test-dir"/>
    <property name="test.cache.data" value=""/>
    <property name="java.vendor.url" value="https://icedtea.classpath.org"/>
    <property name="user.timezone" value=""/>
    <property name="java.vm.specification.version" value="1.8"/>
    <property name="os.name" value="Linux"/>
    <property name="test.build.data" value="/opt/src/hadoop-ozone/integration-test/target/test-dir"/>
    <property name="user.country" value="US"/>
    <property name="sun.java.launcher" value="SUN_STANDARD"/>
    <property name="sun.boot.library.path" value="/usr/lib/jvm/java-1.8-openjdk/jre/lib/amd64"/>
    <property name="sun.java.command" value="/opt/src/hadoop-ozone/integration-test/target/surefire/surefirebooter2430935324390013310.jar /opt/src/hadoop-ozone/integration-test/target/surefire 2019-06-13T15-21-59_401-jvmRun1 surefire5370282326680348084tmp surefire_123079831398547404957tmp"/>
    <property name="surefire.test.class.path" value="/opt/src/hadoop-ozone/integration-test/target/test-classes:/opt/src/hadoop-ozone/integration-test/target/classes:/root/.m2/repository/org/apache/hadoop/hadoop-ozone-common/0.5.0-SNAPSHOT/hadoop-ozone-common-0.5.0-SNAPSHOT.jar:/root/.m2/repository/org/apache/commons/commons-compress/1.4.1/commons-compress-1.4.1.jar:/root/.m2/repository/org/tukaani/xz/1.0/xz-1.0.jar:/root/.m2/repository/org/apache/hadoop/hadoop-common/3.2.0/hadoop-common-3.2.0.jar:/root/.m2/repository/org/apache/hadoop/hadoop-hdfs/3.2.0/hadoop-hdfs-3.2.0.jar:/root/.m2/repository/org/apache/hadoop/hadoop-hdfs-client/3.2.0/hadoop-hdfs-client-3.2.0.jar:/root/.m2/repository/com/fasterxml/jackson/core/jackson-annotations/2.9.5/jackson-annotations-2.9.5.jar:/root/.m2/repository/org/apache/hadoop/hadoop-hdds-common/0.5.0-SNAPSHOT/hadoop-hdds-common-0.5.0-SNAPSHOT.jar:/root/.m2/repository/javax/annotation/javax.annotation-api/1.2/javax.annotation-api-1.2.jar:/root/.m2/repository/org/apache/ratis/ratis-server/0.4.0-fe2b15d-SNAPSHOT/ratis-server-0.4.0-fe2b15d-SNAPSHOT.jar:/root/.m2/repository/org/apache/ratis/ratis-thirdparty-misc/0.2.0/ratis-thirdparty-misc-0.2.0.jar:/root/.m2/repository/org/apache/ratis/ratis-proto/0.4.0-fe2b15d-SNAPSHOT/ratis-proto-0.4.0-fe2b15d-SNAPSHOT.jar:/root/.m2/repository/org/apache/ratis/ratis-common/0.4.0-fe2b15d-SNAPSHOT/ratis-common-0.4.0-fe2b15d-SNAPSHOT.jar:/root/.m2/repository/org/apache/ratis/ratis-client/0.4.0-fe2b15d-SNAPSHOT/ratis-client-0.4.0-fe2b15d-SNAPSHOT.jar:/root/.m2/repository/org/apache/ratis/ratis-netty/0.4.0-fe2b15d-SNAPSHOT/ratis-netty-0.4.0-fe2b15d-SNAPSHOT.jar:/root/.m2/repository/org/apache/ratis/ratis-grpc/0.4.0-fe2b15d-SNAPSHOT/ratis-grpc-0.4.0-fe2b15d-SNAPSHOT.jar:/root/.m2/repository/org/rocksdb/rocksdbjni/5.14.2/rocksdbjni-5.14.2.jar:/root/.m2/repository/org/apache/logging/log4j/log4j-api/2.11.0/log4j-api-2.11.0.jar:/root/.m2/repository/org/apache/logging/log4j/log4j-core/2.11.0/log4j-core-2.11.0.jar:/root/.m2/repository/com/lmax/disruptor/3.4.2/disruptor-3.4.2.jar:/root/.m2/repository/org/apache/commons/commons-pool2/2.6.0/commons-pool2-2.6.0.jar:/root/.m2/repository/org/bouncycastle/bcpkix-jdk15on/1.60/bcpkix-jdk15on-1.60.jar:/root/.m2/repository/commons-validator/commons-validator/1.6/commons-validator-1.6.jar:/root/.m2/repository/commons-digester/commons-digester/1.8.1/commons-digester-1.8.1.jar:/root/.m2/repository/io/jaegertracing/jaeger-client/0.33.1/jaeger-client-0.33.1.jar:/root/.m2/repository/io/jaegertracing/jaeger-thrift/0.33.1/jaeger-thrift-0.33.1.jar:/root/.m2/repository/org/apache/thrift/libthrift/0.11.0/libthrift-0.11.0.jar:/root/.m2/repository/com/squareup/okhttp3/okhttp/3.9.0/okhttp-3.9.0.jar:/root/.m2/repository/com/squareup/okio/okio/1.13.0/okio-1.13.0.jar:/root/.m2/repository/io/jaegertracing/jaeger-core/0.33.1/jaeger-core-0.33.1.jar:/root/.m2/repository/io/jaegertracing/jaeger-tracerresolver/0.33.1/jaeger-tracerresolver-0.33.1.jar:/root/.m2/repository/io/opentracing/contrib/opentracing-tracerresolver/0.1.5/opentracing-tracerresolver-0.1.5.jar:/root/.m2/repository/io/opentracing/opentracing-util/0.31.0/opentracing-util-0.31.0.jar:/root/.m2/repository/io/opentracing/opentracing-api/0.31.0/opentracing-api-0.31.0.jar:/root/.m2/repository/io/opentracing/opentracing-noop/0.31.0/opentracing-noop-0.31.0.jar:/root/.m2/repository/org/apache/hadoop/hadoop-hdds-server-framework/0.5.0-SNAPSHOT/hadoop-hdds-server-framework-0.5.0-SNAPSHOT.jar:/root/.m2/repository/org/apache/hadoop/hadoop-hdds-server-scm/0.5.0-SNAPSHOT/hadoop-hdds-server-scm-0.5.0-SNAPSHOT.jar:/root/.m2/repository/org/apache/hadoop/hadoop-hdds-container-service/0.5.0-SNAPSHOT/hadoop-hdds-container-service-0.5.0-SNAPSHOT.jar:/root/.m2/repository/org/apache/hadoop/hadoop-hdds-client/0.5.0-SNAPSHOT/hadoop-hdds-client-0.5.0-SNAPSHOT.jar:/root/.m2/repository/org/apache/hadoop/hadoop-hdds-tools/0.5.0-SNAPSHOT/hadoop-hdds-tools-0.5.0-SNAPSHOT.jar:/root/.m2/repository/org/apache/hadoop/hadoop-ozone-ozone-manager/0.5.0-SNAPSHOT/hadoop-ozone-ozone-manager-0.5.0-SNAPSHOT.jar:/root/.m2/repository/org/apache/hadoop/hadoop-hdds-docs/0.5.0-SNAPSHOT/hadoop-hdds-docs-0.5.0-SNAPSHOT.jar:/root/.m2/repository/org/bouncycastle/bcprov-jdk15on/1.60/bcprov-jdk15on-1.60.jar:/root/.m2/repository/org/apache/hadoop/hadoop-minikdc/3.2.0/hadoop-minikdc-3.2.0.jar:/root/.m2/repository/commons-io/commons-io/2.5/commons-io-2.5.jar:/root/.m2/repository/org/apache/kerby/kerb-simplekdc/1.0.1/kerb-simplekdc-1.0.1.jar:/root/.m2/repository/org/apache/kerby/kerb-client/1.0.1/kerb-client-1.0.1.jar:/root/.m2/repository/org/apache/kerby/kerby-config/1.0.1/kerby-config-1.0.1.jar:/root/.m2/repository/org/apache/kerby/kerb-core/1.0.1/kerb-core-1.0.1.jar:/root/.m2/repository/org/apache/kerby/kerby-pkix/1.0.1/kerby-pkix-1.0.1.jar:/root/.m2/repository/org/apache/kerby/kerby-asn1/1.0.1/kerby-asn1-1.0.1.jar:/root/.m2/repository/org/apache/kerby/kerby-util/1.0.1/kerby-util-1.0.1.jar:/root/.m2/repository/org/apache/kerby/kerb-common/1.0.1/kerb-common-1.0.1.jar:/root/.m2/repository/org/apache/kerby/kerb-crypto/1.0.1/kerb-crypto-1.0.1.jar:/root/.m2/repository/org/apache/kerby/kerb-util/1.0.1/kerb-util-1.0.1.jar:/root/.m2/repository/org/apache/kerby/token-provider/1.0.1/token-provider-1.0.1.jar:/root/.m2/repository/org/apache/kerby/kerb-admin/1.0.1/kerb-admin-1.0.1.jar:/root/.m2/repository/org/apache/kerby/kerb-server/1.0.1/kerb-server-1.0.1.jar:/root/.m2/repository/org/apache/kerby/kerb-identity/1.0.1/kerb-identity-1.0.1.jar:/root/.m2/repository/org/apache/kerby/kerby-xdr/1.0.1/kerby-xdr-1.0.1.jar:/root/.m2/repository/org/slf4j/slf4j-log4j12/1.7.25/slf4j-log4j12-1.7.25.jar:/root/.m2/repository/org/apache/hadoop/hadoop-ozone-objectstore-service/0.5.0-SNAPSHOT/hadoop-ozone-objectstore-service-0.5.0-SNAPSHOT.jar:/root/.m2/repository/org/apache/hadoop/hadoop-ozone-s3gateway/0.5.0-SNAPSHOT/hadoop-ozone-s3gateway-0.5.0-SNAPSHOT.jar:/root/.m2/repository/org/jboss/weld/servlet/weld-servlet/2.4.7.Final/weld-servlet-2.4.7.Final.jar:/root/.m2/repository/org/glassfish/jersey/containers/jersey-container-servlet-core/2.27/jersey-container-servlet-core-2.27.jar:/root/.m2/repository/org/glassfish/hk2/external/javax.inject/2.5.0-b42/javax.inject-2.5.0-b42.jar:/root/.m2/repository/org/glassfish/jersey/core/jersey-common/2.27/jersey-common-2.27.jar:/root/.m2/repository/org/glassfish/hk2/osgi-resource-locator/1.0.1/osgi-resource-locator-1.0.1.jar:/root/.m2/repository/javax/ws/rs/javax.ws.rs-api/2.1/javax.ws.rs-api-2.1.jar:/root/.m2/repository/org/glassfish/jersey/ext/cdi/jersey-cdi1x/2.27/jersey-cdi1x-2.27.jar:/root/.m2/repository/org/glassfish/jersey/inject/jersey-hk2/2.27/jersey-hk2-2.27.jar:/root/.m2/repository/org/glassfish/hk2/hk2-locator/2.5.0-b42/hk2-locator-2.5.0-b42.jar:/root/.m2/repository/org/javassist/javassist/3.22.0-CR2/javassist-3.22.0-CR2.jar:/root/.m2/repository/org/glassfish/hk2/hk2-api/2.5.0/hk2-api-2.5.0.jar:/root/.m2/repository/org/glassfish/hk2/external/jakarta.inject/2.5.0/jakarta.inject-2.5.0.jar:/root/.m2/repository/org/glassfish/hk2/hk2-utils/2.5.0/hk2-utils-2.5.0.jar:/root/.m2/repository/jakarta/annotation/jakarta.annotation-api/1.3.4/jakarta.annotation-api-1.3.4.jar:/root/.m2/repository/org/glassfish/hk2/external/aopalliance-repackaged/2.5.0/aopalliance-repackaged-2.5.0.jar:/root/.m2/repository/com/fasterxml/jackson/dataformat/jackson-dataformat-xml/2.9.0/jackson-dataformat-xml-2.9.0.jar:/root/.m2/repository/com/fasterxml/jackson/core/jackson-core/2.9.5/jackson-core-2.9.5.jar:/root/.m2/repository/com/fasterxml/jackson/module/jackson-module-jaxb-annotations/2.9.5/jackson-module-jaxb-annotations-2.9.5.jar:/root/.m2/repository/javax/enterprise/cdi-api/1.2/cdi-api-1.2.jar:/root/.m2/repository/javax/el/javax.el-api/3.0.0/javax.el-api-3.0.0.jar:/root/.m2/repository/javax/interceptor/javax.interceptor-api/1.2/javax.interceptor-api-1.2.jar:/root/.m2/repository/javax/inject/javax.inject/1/javax.inject-1.jar:/root/.m2/repository/com/sun/xml/bind/jaxb-impl/2.3.0.1/jaxb-impl-2.3.0.1.jar:/root/.m2/repository/com/sun/xml/bind/jaxb-core/2.3.0.1/jaxb-core-2.3.0.1.jar:/root/.m2/repository/javax/xml/bind/jaxb-api/2.3.0/jaxb-api-2.3.0.jar:/root/.m2/repository/javax/activation/activation/1.1.1/activation-1.1.1.jar:/root/.m2/repository/org/apache/hadoop/hadoop-ozone-csi/0.5.0-SNAPSHOT/hadoop-ozone-csi-0.5.0-SNAPSHOT.jar:/root/.m2/repository/com/google/protobuf/protobuf-java-util/3.5.1/protobuf-java-util-3.5.1.jar:/root/.m2/repository/org/apache/hadoop/hadoop-hdds-config/0.5.0-SNAPSHOT/hadoop-hdds-config-0.5.0-SNAPSHOT.jar:/root/.m2/repository/com/google/guava/guava/11.0.2/guava-11.0.2.jar:/root/.m2/repository/com/google/protobuf/protobuf-java/2.5.0/protobuf-java-2.5.0.jar:/root/.m2/repository/io/grpc/grpc-netty/1.17.1/grpc-netty-1.17.1.jar:/root/.m2/repository/io/grpc/grpc-core/1.17.1/grpc-core-1.17.1.jar:/root/.m2/repository/io/grpc/grpc-context/1.17.1/grpc-context-1.17.1.jar:/root/.m2/repository/com/google/errorprone/error_prone_annotations/2.2.0/error_prone_annotations-2.2.0.jar:/root/.m2/repository/org/codehaus/mojo/animal-sniffer-annotations/1.17/animal-sniffer-annotations-1.17.jar:/root/.m2/repository/io/opencensus/opencensus-api/0.17.0/opencensus-api-0.17.0.jar:/root/.m2/repository/io/opencensus/opencensus-contrib-grpc-metrics/0.17.0/opencensus-contrib-grpc-metrics-0.17.0.jar:/root/.m2/repository/io/netty/netty-codec-http2/4.1.30.Final/netty-codec-http2-4.1.30.Final.jar:/root/.m2/repository/io/netty/netty-codec-http/4.1.30.Final/netty-codec-http-4.1.30.Final.jar:/root/.m2/repository/io/netty/netty-codec/4.1.30.Final/netty-codec-4.1.30.Final.jar:/root/.m2/repository/io/netty/netty-handler/4.1.30.Final/netty-handler-4.1.30.Final.jar:/root/.m2/repository/io/netty/netty-handler-proxy/4.1.30.Final/netty-handler-proxy-4.1.30.Final.jar:/root/.m2/repository/io/netty/netty-codec-socks/4.1.30.Final/netty-codec-socks-4.1.30.Final.jar:/root/.m2/repository/io/netty/netty-transport-native-epoll/4.1.30.Final/netty-transport-native-epoll-4.1.30.Final.jar:/root/.m2/repository/io/netty/netty-common/4.1.30.Final/netty-common-4.1.30.Final.jar:/root/.m2/repository/io/netty/netty-buffer/4.1.30.Final/netty-buffer-4.1.30.Final.jar:/root/.m2/repository/io/netty/netty-transport/4.1.30.Final/netty-transport-4.1.30.Final.jar:/root/.m2/repository/io/netty/netty-resolver/4.1.30.Final/netty-resolver-4.1.30.Final.jar:/root/.m2/repository/io/netty/netty-transport-native-unix-common/4.1.30.Final/netty-transport-native-unix-common-4.1.30.Final.jar:/root/.m2/repository/io/grpc/grpc-protobuf/1.17.1/grpc-protobuf-1.17.1.jar:/root/.m2/repository/com/google/api/grpc/proto-google-common-protos/1.0.0/proto-google-common-protos-1.0.0.jar:/root/.m2/repository/io/grpc/grpc-protobuf-lite/1.17.1/grpc-protobuf-lite-1.17.1.jar:/root/.m2/repository/io/grpc/grpc-stub/1.17.1/grpc-stub-1.17.1.jar:/root/.m2/repository/org/apache/hadoop/hadoop-ozone-recon/0.5.0-SNAPSHOT/hadoop-ozone-recon-0.5.0-SNAPSHOT.jar:/root/.m2/repository/org/apache/hadoop/hadoop-ozone-reconcodegen/0.5.0-SNAPSHOT/hadoop-ozone-reconcodegen-0.5.0-SNAPSHOT.jar:/root/.m2/repository/com/google/inject/extensions/guice-multibindings/4.0/guice-multibindings-4.0.jar:/root/.m2/repository/com/google/inject/guice/4.0/guice-4.0.jar:/root/.m2/repository/aopalliance/aopalliance/1.0/aopalliance-1.0.jar:/root/.m2/repository/com/google/inject/extensions/guice-servlet/4.0/guice-servlet-4.0.jar:/root/.m2/repository/org/glassfish/jersey/containers/jersey-container-servlet/2.27/jersey-container-servlet-2.27.jar:/root/.m2/repository/org/glassfish/hk2/guice-bridge/2.5.0/guice-bridge-2.5.0.jar:/root/.m2/repository/org/glassfish/jersey/core/jersey-server/2.27/jersey-server-2.27.jar:/root/.m2/repository/org/glassfish/jersey/core/jersey-client/2.27/jersey-client-2.27.jar:/root/.m2/repository/org/glassfish/jersey/media/jersey-media-jaxb/2.27/jersey-media-jaxb-2.27.jar:/root/.m2/repository/javax/validation/validation-api/1.1.0.Final/validation-api-1.1.0.Final.jar:/root/.m2/repository/org/glassfish/jersey/media/jersey-media-json-jackson/2.27/jersey-media-json-jackson-2.27.jar:/root/.m2/repository/org/glassfish/jersey/ext/jersey-entity-filtering/2.27/jersey-entity-filtering-2.27.jar:/root/.m2/repository/com/google/inject/extensions/guice-assistedinject/4.0/guice-assistedinject-4.0.jar:/root/.m2/repository/org/jooq/jooq/3.11.10/jooq-3.11.10.jar:/root/.m2/repository/org/jooq/jooq-meta/3.11.10/jooq-meta-3.11.10.jar:/root/.m2/repository/org/jooq/jooq-codegen/3.11.10/jooq-codegen-3.11.10.jar:/root/.m2/repository/com/jolbox/bonecp/0.8.0.RELEASE/bonecp-0.8.0.RELEASE.jar:/root/.m2/repository/org/xerial/sqlite-jdbc/3.25.2/sqlite-jdbc-3.25.2.jar:/root/.m2/repository/org/springframework/spring-jdbc/5.1.3.RELEASE/spring-jdbc-5.1.3.RELEASE.jar:/root/.m2/repository/org/springframework/spring-beans/5.1.3.RELEASE/spring-beans-5.1.3.RELEASE.jar:/root/.m2/repository/org/springframework/spring-core/5.1.3.RELEASE/spring-core-5.1.3.RELEASE.jar:/root/.m2/repository/org/springframework/spring-jcl/5.1.3.RELEASE/spring-jcl-5.1.3.RELEASE.jar:/root/.m2/repository/org/springframework/spring-tx/5.1.3.RELEASE/spring-tx-5.1.3.RELEASE.jar:/root/.m2/repository/org/apache/hadoop/hadoop-ozone-client/0.5.0-SNAPSHOT/hadoop-ozone-client-0.5.0-SNAPSHOT.jar:/root/.m2/repository/org/apache/hadoop/hadoop-ozone-ozone-manager/0.5.0-SNAPSHOT/hadoop-ozone-ozone-manager-0.5.0-SNAPSHOT-tests.jar:/root/.m2/repository/junit/junit/4.11/junit-4.11.jar:/root/.m2/repository/org/hamcrest/hamcrest-core/1.3/hamcrest-core-1.3.jar:/root/.m2/repository/org/openjdk/jmh/jmh-core/1.19/jmh-core-1.19.jar:/root/.m2/repository/net/sf/jopt-simple/jopt-simple/4.6/jopt-simple-4.6.jar:/root/.m2/repository/org/apache/commons/commons-math3/3.1.1/commons-math3-3.1.1.jar:/root/.m2/repository/org/openjdk/jmh/jmh-generator-annprocess/1.19/jmh-generator-annprocess-1.19.jar:/root/.m2/repository/org/mockito/mockito-all/1.8.5/mockito-all-1.8.5.jar:/root/.m2/repository/org/apache/hadoop/hadoop-kms/3.2.0/hadoop-kms-3.2.0.jar:/root/.m2/repository/org/apache/hadoop/hadoop-auth/3.2.0/hadoop-auth-3.2.0.jar:/root/.m2/repository/com/nimbusds/nimbus-jose-jwt/4.41.1/nimbus-jose-jwt-4.41.1.jar:/root/.m2/repository/com/github/stephenc/jcip/jcip-annotations/1.0-1/jcip-annotations-1.0-1.jar:/root/.m2/repository/net/minidev/json-smart/2.3/json-smart-2.3.jar:/root/.m2/repository/net/minidev/accessors-smart/1.2/accessors-smart-1.2.jar:/root/.m2/repository/org/ow2/asm/asm/5.0.4/asm-5.0.4.jar:/root/.m2/repository/org/apache/curator/curator-framework/2.12.0/curator-framework-2.12.0.jar:/root/.m2/repository/com/sun/jersey/jersey-core/1.19/jersey-core-1.19.jar:/root/.m2/repository/javax/ws/rs/jsr311-api/1.1.1/jsr311-api-1.1.1.jar:/root/.m2/repository/com/sun/jersey/jersey-server/1.19/jersey-server-1.19.jar:/root/.m2/repository/javax/servlet/javax.servlet-api/3.1.0/javax.servlet-api-3.1.0.jar:/root/.m2/repository/org/eclipse/jetty/jetty-server/9.3.24.v20180605/jetty-server-9.3.24.v20180605.jar:/root/.m2/repository/org/eclipse/jetty/jetty-http/9.3.24.v20180605/jetty-http-9.3.24.v20180605.jar:/root/.m2/repository/org/eclipse/jetty/jetty-io/9.3.24.v20180605/jetty-io-9.3.24.v20180605.jar:/root/.m2/repository/org/eclipse/jetty/jetty-webapp/9.3.24.v20180605/jetty-webapp-9.3.24.v20180605.jar:/root/.m2/repository/org/eclipse/jetty/jetty-xml/9.3.24.v20180605/jetty-xml-9.3.24.v20180605.jar:/root/.m2/repository/log4j/log4j/1.2.17/log4j-1.2.17.jar:/root/.m2/repository/org/slf4j/slf4j-api/1.7.25/slf4j-api-1.7.25.jar:/root/.m2/repository/org/slf4j/jul-to-slf4j/1.7.25/jul-to-slf4j-1.7.25.jar:/root/.m2/repository/org/eclipse/jetty/jetty-util/9.3.24.v20180605/jetty-util-9.3.24.v20180605.jar:/root/.m2/repository/io/dropwizard/metrics/metrics-core/3.2.4/metrics-core-3.2.4.jar:/root/.m2/repository/com/fasterxml/jackson/core/jackson-databind/2.9.5/jackson-databind-2.9.5.jar:/root/.m2/repository/org/apache/hadoop/hadoop-kms/3.2.0/hadoop-kms-3.2.0-tests.jar:/root/.m2/repository/org/apache/hadoop/hadoop-hdds-server-scm/0.5.0-SNAPSHOT/hadoop-hdds-server-scm-0.5.0-SNAPSHOT-tests.jar:/root/.m2/repository/org/hamcrest/hamcrest-all/1.3/hamcrest-all-1.3.jar:/root/.m2/repository/info/picocli/picocli/3.9.6/picocli-3.9.6.jar:/root/.m2/repository/org/apache/hadoop/hadoop-hdds-container-service/0.5.0-SNAPSHOT/hadoop-hdds-container-service-0.5.0-SNAPSHOT-tests.jar:/root/.m2/repository/org/yaml/snakeyaml/1.16/snakeyaml-1.16.jar:/root/.m2/repository/org/apache/hadoop/hadoop-common/3.2.0/hadoop-common-3.2.0-tests.jar:/root/.m2/repository/org/apache/hadoop/hadoop-annotations/3.2.0/hadoop-annotations-3.2.0.jar:/usr/lib/jvm/java-1.8-openjdk/jre/../lib/tools.jar:/root/.m2/repository/commons-cli/commons-cli/1.2/commons-cli-1.2.jar:/root/.m2/repository/org/apache/httpcomponents/httpclient/4.5.2/httpclient-4.5.2.jar:/root/.m2/repository/org/apache/httpcomponents/httpcore/4.4.4/httpcore-4.4.4.jar:/root/.m2/repository/commons-codec/commons-codec/1.11/commons-codec-1.11.jar:/root/.m2/repository/commons-net/commons-net/3.6/commons-net-3.6.jar:/root/.m2/repository/commons-collections/commons-collections/3.2.2/commons-collections-3.2.2.jar:/root/.m2/repository/org/eclipse/jetty/jetty-servlet/9.3.24.v20180605/jetty-servlet-9.3.24.v20180605.jar:/root/.m2/repository/org/eclipse/jetty/jetty-security/9.3.24.v20180605/jetty-security-9.3.24.v20180605.jar:/root/.m2/repository/javax/servlet/jsp/jsp-api/2.1/jsp-api-2.1.jar:/root/.m2/repository/com/sun/jersey/jersey-servlet/1.19/jersey-servlet-1.19.jar:/root/.m2/repository/com/sun/jersey/jersey-json/1.19/jersey-json-1.19.jar:/root/.m2/repository/org/codehaus/jettison/jettison/1.1/jettison-1.1.jar:/root/.m2/repository/org/codehaus/jackson/jackson-core-asl/1.9.13/jackson-core-asl-1.9.13.jar:/root/.m2/repository/org/codehaus/jackson/jackson-mapper-asl/1.9.13/jackson-mapper-asl-1.9.13.jar:/root/.m2/repository/org/codehaus/jackson/jackson-jaxrs/1.9.13/jackson-jaxrs-1.9.13.jar:/root/.m2/repository/org/codehaus/jackson/jackson-xc/1.9.13/jackson-xc-1.9.13.jar:/root/.m2/repository/commons-logging/commons-logging/1.1.3/commons-logging-1.1.3.jar:/root/.m2/repository/commons-beanutils/commons-beanutils/1.9.3/commons-beanutils-1.9.3.jar:/root/.m2/repository/org/apache/commons/commons-configuration2/2.1.1/commons-configuration2-2.1.1.jar:/root/.m2/repository/org/apache/commons/commons-lang3/3.7/commons-lang3-3.7.jar:/root/.m2/repository/org/apache/commons/commons-text/1.4/commons-text-1.4.jar:/root/.m2/repository/org/apache/avro/avro/1.7.7/avro-1.7.7.jar:/root/.m2/repository/com/thoughtworks/paranamer/paranamer/2.3/paranamer-2.3.jar:/root/.m2/repository/org/xerial/snappy/snappy-java/1.0.5/snappy-java-1.0.5.jar:/root/.m2/repository/com/google/re2j/re2j/1.1/re2j-1.1.jar:/root/.m2/repository/com/google/code/gson/gson/2.2.4/gson-2.2.4.jar:/root/.m2/repository/com/jcraft/jsch/0.1.54/jsch-0.1.54.jar:/root/.m2/repository/org/apache/curator/curator-client/2.12.0/curator-client-2.12.0.jar:/root/.m2/repository/org/apache/curator/curator-recipes/2.12.0/curator-recipes-2.12.0.jar:/root/.m2/repository/com/google/code/findbugs/jsr305/3.0.0/jsr305-3.0.0.jar:/root/.m2/repository/org/apache/htrace/htrace-core4/4.1.0-incubating/htrace-core4-4.1.0-incubating.jar:/root/.m2/repository/org/apache/zookeeper/zookeeper/3.4.13/zookeeper-3.4.13.jar:/root/.m2/repository/org/apache/yetus/audience-annotations/0.5.0/audience-annotations-0.5.0.jar:/root/.m2/repository/org/codehaus/woodstox/stax2-api/3.1.4/stax2-api-3.1.4.jar:/root/.m2/repository/com/fasterxml/woodstox/woodstox-core/5.0.3/woodstox-core-5.0.3.jar:/root/.m2/repository/dnsjava/dnsjava/2.1.7/dnsjava-2.1.7.jar:/root/.m2/repository/org/apache/hadoop/hadoop-hdfs/3.2.0/hadoop-hdfs-3.2.0-tests.jar:/root/.m2/repository/org/eclipse/jetty/jetty-util-ajax/9.3.24.v20180605/jetty-util-ajax-9.3.24.v20180605.jar:/root/.m2/repository/commons-daemon/commons-daemon/1.0.13/commons-daemon-1.0.13.jar:/root/.m2/repository/io/netty/netty/3.10.5.Final/netty-3.10.5.Final.jar:/root/.m2/repository/io/netty/netty-all/4.0.52.Final/netty-all-4.0.52.Final.jar:/root/.m2/repository/org/fusesource/leveldbjni/leveldbjni-all/1.8/leveldbjni-all-1.8.jar:"/>
    <property name="sun.cpu.endian" value="little"/>
    <property name="user.home" value="/root"/>
    <property name="user.language" value="en"/>
    <property name="java.specification.vendor" value="Oracle Corporation"/>
    <property name="java.home" value="/usr/lib/jvm/java-1.8-openjdk/jre"/>
    <property name="java.security.krb5.conf" value="/opt/src/hadoop-ozone/integration-test/target/test-classes/krb5.conf"/>
    <property name="basedir" value="/opt/src/hadoop-ozone/integration-test"/>
    <property name="file.separator" value="/"/>
    <property name="line.separator" value="&#10;"/>
    <property name="java.vm.specification.vendor" value="Oracle Corporation"/>
    <property name="java.specification.name" value="Java Platform API Specification"/>
    <property name="java.awt.graphicsenv" value="sun.awt.X11GraphicsEnvironment"/>
    <property name="surefire.real.class.path" value="/opt/src/hadoop-ozone/integration-test/target/surefire/surefirebooter2430935324390013310.jar"/>
    <property name="hadoop.log.dir" value="/opt/src/hadoop-ozone/integration-test/target/log"/>
    <property name="sun.boot.class.path" value="/usr/lib/jvm/java-1.8-openjdk/jre/lib/resources.jar:/usr/lib/jvm/java-1.8-openjdk/jre/lib/rt.jar:/usr/lib/jvm/java-1.8-openjdk/jre/lib/sunrsasign.jar:/usr/lib/jvm/java-1.8-openjdk/jre/lib/jsse.jar:/usr/lib/jvm/java-1.8-openjdk/jre/lib/jce.jar:/usr/lib/jvm/java-1.8-openjdk/jre/lib/charsets.jar:/usr/lib/jvm/java-1.8-openjdk/jre/lib/jfr.jar:/usr/lib/jvm/java-1.8-openjdk/jre/classes"/>
    <property name="sun.management.compiler" value="HotSpot 64-Bit Tiered Compilers"/>
    <property name="java.runtime.version" value="1.8.0_212-b04"/>
    <property name="java.net.preferIPv4Stack" value="true"/>
    <property name="user.name" value="root"/>
    <property name="path.separator" value=":"/>
    <property name="java.security.egd" value="file:///dev/urandom"/>
    <property name="os.version" value="4.15.0-1021-aws"/>
    <property name="java.endorsed.dirs" value="/usr/lib/jvm/java-1.8-openjdk/jre/lib/endorsed"/>
    <property name="java.runtime.name" value="OpenJDK Runtime Environment"/>
    <property name="file.encoding" value="UTF-8"/>
    <property name="java.vm.name" value="OpenJDK 64-Bit Server VM"/>
    <property name="test.build.webapps" value=""/>
    <property name="localRepository" value="/root/.m2/repository"/>
    <property name="java.vendor.url.bug" value="https://icedtea.classpath.org/bugzilla"/>
    <property name="java.io.tmpdir" value="/tmp"/>
    <property name="require.test.libhadoop" value=""/>
    <property name="java.version" value="1.8.0_212"/>
    <property name="user.dir" value="/opt/src/hadoop-ozone/integration-test"/>
    <property name="os.arch" value="amd64"/>
    <property name="java.vm.specification.name" value="Java Virtual Machine Specification"/>
    <property name="test.build.classes" value="/opt/src/hadoop-ozone/integration-test/target/test-classes"/>
    <property name="java.awt.printerjob" value="sun.print.PSPrinterJob"/>
    <property name="sun.os.patch.level" value="unknown"/>
    <property name="hadoop.tmp.dir" value="/opt/src/hadoop-ozone/integration-test/target/tmp"/>
    <property name="java.library.path" value="/usr/lib/jvm/java-1.8-openjdk/jre/lib/amd64/server:/usr/lib/jvm/java-1.8-openjdk/jre/lib/amd64:/usr/lib/jvm/java-1.8-openjdk/jre/../lib/amd64:/opt/src/hadoop-ozone/integration-test/target/native/target/usr/local/lib:/opt/src/hadoop-ozone/integration-test/../../hadoop-common-project/hadoop-common/target/native/target/usr/local/lib:/usr/java/packages/lib/amd64:/usr/lib64:/lib64:/lib:/usr/lib"/>
    <property name="java.vm.info" value="mixed mode"/>
    <property name="java.vendor" value="IcedTea"/>
    <property name="java.vm.version" value="25.212-b04"/>
    <property name="java.ext.dirs" value="/usr/lib/jvm/java-1.8-openjdk/jre/lib/ext:/usr/java/packages/lib/ext"/>
    <property name="sun.io.unicode.encoding" value="UnicodeLittle"/>
    <property name="java.class.version" value="52.0"/>
  </properties>
  <testcase name="testPipelineExclusionWithPipelineFailure" classname="org.apache.hadoop.ozone.client.rpc.TestFailureHandlingByClient" time="31.167"/>
  <testcase name="testContainerExclusionWithClosedContainerException" classname="org.apache.hadoop.ozone.client.rpc.TestFailureHandlingByClient" time="11.287"/>
  <testcase name="testWriteSmallFile" classname="org.apache.hadoop.ozone.client.rpc.TestFailureHandlingByClient" time="18.379"/>
  <testcase name="testMultiBlockWritesWithIntermittentDnFailures" classname="org.apache.hadoop.ozone.client.rpc.TestFailureHandlingByClient" time="26.538"/>
  <testcase name="testBlockWritesWithDnFailures" classname="org.apache.hadoop.ozone.client.rpc.TestFailureHandlingByClient" time="11.572"/>
  <testcase name="testDatanodeExclusionWithMajorityCommit" classname="org.apache.hadoop.ozone.client.rpc.TestFailureHandlingByClient" time="15.87">
    <failure type="java.lang.AssertionError">java.lang.AssertionError
	at org.junit.Assert.fail(Assert.java:86)
	at org.junit.Assert.assertTrue(Assert.java:41)
	at org.junit.Assert.assertTrue(Assert.java:52)
	at org.apache.hadoop.ozone.client.rpc.TestFailureHandlingByClient.testDatanodeExclusionWithMajorityCommit(TestFailureHandlingByClient.java:400)
	at sun.reflect.NativeMethodAccessorImpl.invoke0(Native Method)
	at sun.reflect.NativeMethodAccessorImpl.invoke(NativeMethodAccessorImpl.java:62)
	at sun.reflect.DelegatingMethodAccessorImpl.invoke(DelegatingMethodAccessorImpl.java:43)
	at java.lang.reflect.Method.invoke(Method.java:498)
	at org.junit.runners.model.FrameworkMethod$1.runReflectiveCall(FrameworkMethod.java:47)
	at org.junit.internal.runners.model.ReflectiveCallable.run(ReflectiveCallable.java:12)
	at org.junit.runners.model.FrameworkMethod.invokeExplosively(FrameworkMethod.java:44)
	at org.junit.internal.runners.statements.InvokeMethod.evaluate(InvokeMethod.java:17)
	at org.junit.runners.ParentRunner.runLeaf(ParentRunner.java:271)
	at org.junit.runners.BlockJUnit4ClassRunner.runChild(BlockJUnit4ClassRunner.java:70)
	at org.junit.runners.BlockJUnit4ClassRunner.runChild(BlockJUnit4ClassRunner.java:50)
	at org.junit.runners.ParentRunner$3.run(ParentRunner.java:238)
	at org.junit.runners.ParentRunner$1.schedule(ParentRunner.java:63)
	at org.junit.runners.ParentRunner.runChildren(ParentRunner.java:236)
	at org.junit.runners.ParentRunner.access$000(ParentRunner.java:53)
	at org.junit.runners.ParentRunner$2.evaluate(ParentRunner.java:229)
	at org.junit.runners.ParentRunner.run(ParentRunner.java:309)
	at org.apache.maven.surefire.junit4.JUnit4Provider.execute(JUnit4Provider.java:365)
	at org.apache.maven.surefire.junit4.JUnit4Provider.executeWithRerun(JUnit4Provider.java:273)
	at org.apache.maven.surefire.junit4.JUnit4Provider.executeTestSet(JUnit4Provider.java:238)
	at org.apache.maven.surefire.junit4.JUnit4Provider.invoke(JUnit4Provider.java:159)
	at org.apache.maven.surefire.booter.ForkedBooter.invokeProviderInSameClassLoader(ForkedBooter.java:384)
	at org.apache.maven.surefire.booter.ForkedBooter.runSuitesInProcess(ForkedBooter.java:345)
	at org.apache.maven.surefire.booter.ForkedBooter.execute(ForkedBooter.java:126)
	at org.apache.maven.surefire.booter.ForkedBooter.main(ForkedBooter.java:418)
</failure>
    <system-out><![CDATA[2019-06-13 15:30:56,430 WARN  server.ServerUtils (ServerUtils.java:getScmDbDir(145)) - ozone.scm.db.dirs is not configured. We recommend adding this setting. Falling back to ozone.metadata.dirs instead.
2019-06-13 15:30:56,433 WARN  server.ServerUtils (ServerUtils.java:getScmDbDir(145)) - ozone.scm.db.dirs is not configured. We recommend adding this setting. Falling back to ozone.metadata.dirs instead.
2019-06-13 15:30:56,434 WARN  server.ServerUtils (ServerUtils.java:getScmDbDir(145)) - ozone.scm.db.dirs is not configured. We recommend adding this setting. Falling back to ozone.metadata.dirs instead.
2019-06-13 15:30:56,434 INFO  db.DBStoreBuilder (DBStoreBuilder.java:addTable(110)) - using custom profile for table: deletedBlocks
2019-06-13 15:30:56,434 INFO  db.DBStoreBuilder (DBStoreBuilder.java:processTables(161)) - Using default column profile:DBProfile.DISK for Table:deletedBlocks
2019-06-13 15:30:56,434 INFO  db.DBStoreBuilder (DBStoreBuilder.java:addTable(110)) - using custom profile for table: validCerts
2019-06-13 15:30:56,434 INFO  db.DBStoreBuilder (DBStoreBuilder.java:processTables(161)) - Using default column profile:DBProfile.DISK for Table:validCerts
2019-06-13 15:30:56,434 INFO  db.DBStoreBuilder (DBStoreBuilder.java:addTable(110)) - using custom profile for table: revokedCerts
2019-06-13 15:30:56,434 INFO  db.DBStoreBuilder (DBStoreBuilder.java:processTables(161)) - Using default column profile:DBProfile.DISK for Table:revokedCerts
2019-06-13 15:30:56,435 INFO  db.DBStoreBuilder (DBStoreBuilder.java:addTable(110)) - using custom profile for table: default
2019-06-13 15:30:56,435 INFO  db.DBStoreBuilder (DBStoreBuilder.java:processTables(167)) - Using default column profile:DBProfile.DISK for Table:default
2019-06-13 15:30:56,435 INFO  db.DBStoreBuilder (DBStoreBuilder.java:getDbProfile(198)) - Using default options. DBProfile.DISK
2019-06-13 15:30:56,469 INFO  node.SCMNodeManager (SCMNodeManager.java:<init>(108)) - Entering startup safe mode.
2019-06-13 15:30:56,470 INFO  net.NodeSchemaLoader (NodeSchemaLoader.java:loadSchemaFromFile(125)) - Loading file from sun.misc.CompoundEnumeration@75f9a35a
2019-06-13 15:30:56,470 INFO  net.NodeSchemaLoader (NodeSchemaLoader.java:loadSchema(171)) - Loading network topology layer schema file
2019-06-13 15:30:56,472 WARN  server.ServerUtils (ServerUtils.java:getScmDbDir(145)) - ozone.scm.db.dirs is not configured. We recommend adding this setting. Falling back to ozone.metadata.dirs instead.
2019-06-13 15:30:56,484 INFO  pipeline.SCMPipelineManager (SCMPipelineManager.java:initializePipelineState(126)) - No pipeline exists in current db
2019-06-13 15:30:56,484 WARN  server.ServerUtils (ServerUtils.java:getScmDbDir(145)) - ozone.scm.db.dirs is not configured. We recommend adding this setting. Falling back to ozone.metadata.dirs instead.
2019-06-13 15:30:56,496 WARN  events.EventQueue (EventQueue.java:fireEvent(175)) - No event handler registered for event TypedEvent{payloadType=SafeModeStatus, name='SafeModeStatus'}
2019-06-13 15:30:56,497 INFO  ipc.CallQueueManager (CallQueueManager.java:<init>(84)) - Using callQueue: class java.util.concurrent.LinkedBlockingQueue, queueCapacity: 2000, scheduler: class org.apache.hadoop.ipc.DefaultRpcScheduler, ipcBackoff: false.
2019-06-13 15:30:56,497 INFO  ipc.Server (Server.java:run(1074)) - Starting Socket Reader #1 for port 36423
2019-06-13 15:30:56,501 INFO  ipc.CallQueueManager (CallQueueManager.java:<init>(84)) - Using callQueue: class java.util.concurrent.LinkedBlockingQueue, queueCapacity: 2000, scheduler: class org.apache.hadoop.ipc.DefaultRpcScheduler, ipcBackoff: false.
2019-06-13 15:30:56,502 INFO  ipc.Server (Server.java:run(1074)) - Starting Socket Reader #1 for port 33625
2019-06-13 15:30:56,504 INFO  ipc.CallQueueManager (CallQueueManager.java:<init>(84)) - Using callQueue: class java.util.concurrent.LinkedBlockingQueue, queueCapacity: 2000, scheduler: class org.apache.hadoop.ipc.DefaultRpcScheduler, ipcBackoff: false.
2019-06-13 15:30:56,504 INFO  ipc.Server (Server.java:run(1074)) - Starting Socket Reader #1 for port 34703
2019-06-13 15:30:56,507 INFO  hdfs.DFSUtil (DFSUtil.java:httpServerTemplateForNNAndJN(1641)) - Starting Web-server for scm at: http://0.0.0.0:0
2019-06-13 15:30:56,508 INFO  server.AuthenticationFilter (AuthenticationFilter.java:constructSecretProvider(240)) - Unable to initialize FileSignerSecretProvider, falling back to use random secrets.
2019-06-13 15:30:56,508 WARN  http.HttpRequestLog (HttpRequestLog.java:getRequestLog(97)) - Jetty request log can only be enabled using Log4j
2019-06-13 15:30:56,509 INFO  http.HttpServer2 (HttpServer2.java:addGlobalFilter(975)) - Added global filter 'safety' (class=org.apache.hadoop.http.HttpServer2$QuotingInputFilter)
2019-06-13 15:30:56,509 INFO  http.HttpServer2 (HttpServer2.java:addFilter(948)) - Added filter static_user_filter (class=org.apache.hadoop.http.lib.StaticUserWebFilter$StaticUserFilter) to context scm
2019-06-13 15:30:56,509 INFO  http.HttpServer2 (HttpServer2.java:addFilter(958)) - Added filter static_user_filter (class=org.apache.hadoop.http.lib.StaticUserWebFilter$StaticUserFilter) to context static
2019-06-13 15:30:56,509 INFO  http.HttpServer2 (HttpServer2.java:addFilter(958)) - Added filter static_user_filter (class=org.apache.hadoop.http.lib.StaticUserWebFilter$StaticUserFilter) to context logs
2019-06-13 15:30:56,512 INFO  server.StorageContainerManager (StorageContainerManager.java:start(752)) - StorageContainerLocationProtocol RPC server is listening at /0.0.0.0:34703
2019-06-13 15:30:56,513 INFO  impl.MetricsSystemImpl (MetricsSystemImpl.java:init(158)) - StorageContainerManager metrics system started (again)
2019-06-13 15:30:56,513 INFO  server.SCMClientProtocolServer (SCMClientProtocolServer.java:start(149)) - RPC server for Client  is listening at /0.0.0.0:34703
2019-06-13 15:30:56,513 INFO  ipc.Server (Server.java:run(1314)) - IPC Server Responder: starting
2019-06-13 15:30:56,513 INFO  ipc.Server (Server.java:run(1153)) - IPC Server listener on 34703: starting
2019-06-13 15:30:56,518 INFO  server.StorageContainerManager (StorageContainerManager.java:start(761)) - ScmBlockLocationProtocol RPC server is listening at /0.0.0.0:33625
2019-06-13 15:30:56,518 INFO  server.SCMBlockProtocolServer (SCMBlockProtocolServer.java:start(137)) - RPC server for Block Protocol is listening at /0.0.0.0:33625
2019-06-13 15:30:56,518 INFO  ipc.Server (Server.java:run(1314)) - IPC Server Responder: starting
2019-06-13 15:30:56,519 INFO  ipc.Server (Server.java:run(1153)) - IPC Server listener on 33625: starting
2019-06-13 15:30:56,522 INFO  server.StorageContainerManager (StorageContainerManager.java:start(765)) - ScmDatanodeProtocl RPC server is listening at /0.0.0.0:36423
2019-06-13 15:30:56,522 INFO  server.SCMDatanodeProtocolServer (SCMDatanodeProtocolServer.java:start(191)) - RPC server for DataNodes is listening at /0.0.0.0:36423
2019-06-13 15:30:56,522 INFO  ipc.Server (Server.java:run(1314)) - IPC Server Responder: starting
2019-06-13 15:30:56,522 INFO  ipc.Server (Server.java:run(1153)) - IPC Server listener on 36423: starting
2019-06-13 15:30:56,585 INFO  http.HttpServer2 (HttpServer2.java:bindListener(1191)) - Jetty bound to port 40093
2019-06-13 15:30:56,585 INFO  server.Server (Server.java:doStart(351)) - jetty-9.3.24.v20180605, build timestamp: 2018-06-05T17:11:56Z, git hash: 84205aa28f11a4f31f2a3b86d1bba2cc8ab69827
2019-06-13 15:30:56,588 INFO  handler.ContextHandler (ContextHandler.java:doStart(781)) - Started o.e.j.s.ServletContextHandler@b6fea12{/logs,file:///opt/src/hadoop-ozone/integration-test/target/log,AVAILABLE}
2019-06-13 15:30:56,588 INFO  handler.ContextHandler (ContextHandler.java:doStart(781)) - Started o.e.j.s.ServletContextHandler@689fe2a3{/static,file:///opt/src/hadoop-ozone/integration-test/target/test-classes/webapps/static,AVAILABLE}
2019-06-13 15:30:56,591 INFO  handler.ContextHandler (ContextHandler.java:doStart(781)) - Started o.e.j.w.WebAppContext@179f30b7{/,file:///opt/src/hadoop-ozone/integration-test/target/test-classes/webapps/scm/,AVAILABLE}{/scm}
2019-06-13 15:30:56,591 INFO  server.AbstractConnector (AbstractConnector.java:doStart(278)) - Started ServerConnector@64864875{HTTP/1.1,[http/1.1]}{0.0.0.0:40093}
2019-06-13 15:30:56,592 INFO  server.Server (Server.java:doStart(419)) - Started @99463ms
2019-06-13 15:30:56,593 INFO  server.BaseHttpServer (BaseHttpServer.java:updateConnectorAddress(207)) - HTTP server of SCM is listening at http://0.0.0.0:40093
2019-06-13 15:30:56,594 WARN  scm.ScmUtils (ScmUtils.java:getDBPath(63)) - ozone.om.db.dirs is not configured. We recommend adding this setting. Falling back to ozone.metadata.dirs instead.
2019-06-13 15:30:56,594 INFO  util.JvmPauseMonitor (JvmPauseMonitor.java:run(188)) - Starting JVM pause monitor
2019-06-13 15:30:56,596 WARN  scm.ScmUtils (ScmUtils.java:getDBPath(63)) - ozone.om.db.dirs is not configured. We recommend adding this setting. Falling back to ozone.metadata.dirs instead.
2019-06-13 15:30:56,597 INFO  om.OzoneManager (OzoneManager.java:setOMNodeDetails(519)) - OM Service ID is not set. Setting it to the default ID: omServiceIdDefault
2019-06-13 15:30:56,597 INFO  om.OzoneManager (OzoneManager.java:setOMNodeDetails(525)) - OM Node ID is not set. Setting it to the OmStorage's OmID: 44f025b2-a71b-45f4-b5e8-88f4c7db8fa6
2019-06-13 15:30:56,597 WARN  scm.HddsServerUtil (HddsServerUtil.java:getDefaultRatisDirectory(354)) - Storage directory for Ratis is not configured. It is a good idea to map this to an SSD disk. Falling back to ozone.metadata.dirs
2019-06-13 15:30:56,597 WARN  scm.HddsServerUtil (HddsServerUtil.java:getDefaultRatisDirectory(354)) - Storage directory for Ratis is not configured. It is a good idea to map this to an SSD disk. Falling back to ozone.metadata.dirs
2019-06-13 15:30:56,598 INFO  om.OzoneManager (OzoneManager.java:loadOMHAConfigs(476)) - Found matching OM address with OMServiceId: null, OMNodeId: null, RPC Address: localhost:0 and Ratis port: 9872
2019-06-13 15:30:56,604 WARN  scm.ScmUtils (ScmUtils.java:getDBPath(63)) - ozone.om.db.dirs is not configured. We recommend adding this setting. Falling back to ozone.metadata.dirs instead.
2019-06-13 15:30:56,604 INFO  db.DBStoreBuilder (DBStoreBuilder.java:addTable(110)) - using custom profile for table: userTable
2019-06-13 15:30:56,604 INFO  db.DBStoreBuilder (DBStoreBuilder.java:processTables(161)) - Using default column profile:DBProfile.DISK for Table:userTable
2019-06-13 15:30:56,604 INFO  db.DBStoreBuilder (DBStoreBuilder.java:addTable(110)) - using custom profile for table: volumeTable
2019-06-13 15:30:56,605 INFO  db.DBStoreBuilder (DBStoreBuilder.java:processTables(161)) - Using default column profile:DBProfile.DISK for Table:volumeTable
2019-06-13 15:30:56,605 INFO  db.DBStoreBuilder (DBStoreBuilder.java:addTable(110)) - using custom profile for table: bucketTable
2019-06-13 15:30:56,605 INFO  db.DBStoreBuilder (DBStoreBuilder.java:processTables(161)) - Using default column profile:DBProfile.DISK for Table:bucketTable
2019-06-13 15:30:56,605 INFO  db.DBStoreBuilder (DBStoreBuilder.java:addTable(110)) - using custom profile for table: keyTable
2019-06-13 15:30:56,605 INFO  db.DBStoreBuilder (DBStoreBuilder.java:processTables(161)) - Using default column profile:DBProfile.DISK for Table:keyTable
2019-06-13 15:30:56,605 INFO  db.DBStoreBuilder (DBStoreBuilder.java:addTable(110)) - using custom profile for table: deletedTable
2019-06-13 15:30:56,605 INFO  db.DBStoreBuilder (DBStoreBuilder.java:processTables(161)) - Using default column profile:DBProfile.DISK for Table:deletedTable
2019-06-13 15:30:56,605 INFO  db.DBStoreBuilder (DBStoreBuilder.java:addTable(110)) - using custom profile for table: openKeyTable
2019-06-13 15:30:56,605 INFO  db.DBStoreBuilder (DBStoreBuilder.java:processTables(161)) - Using default column profile:DBProfile.DISK for Table:openKeyTable
2019-06-13 15:30:56,606 INFO  db.DBStoreBuilder (DBStoreBuilder.java:addTable(110)) - using custom profile for table: s3Table
2019-06-13 15:30:56,606 INFO  db.DBStoreBuilder (DBStoreBuilder.java:processTables(161)) - Using default column profile:DBProfile.DISK for Table:s3Table
2019-06-13 15:30:56,606 INFO  db.DBStoreBuilder (DBStoreBuilder.java:addTable(110)) - using custom profile for table: multipartInfoTable
2019-06-13 15:30:56,606 INFO  db.DBStoreBuilder (DBStoreBuilder.java:processTables(161)) - Using default column profile:DBProfile.DISK for Table:multipartInfoTable
2019-06-13 15:30:56,606 INFO  db.DBStoreBuilder (DBStoreBuilder.java:addTable(110)) - using custom profile for table: dTokenTable
2019-06-13 15:30:56,606 INFO  db.DBStoreBuilder (DBStoreBuilder.java:processTables(161)) - Using default column profile:DBProfile.DISK for Table:dTokenTable
2019-06-13 15:30:56,606 INFO  db.DBStoreBuilder (DBStoreBuilder.java:addTable(110)) - using custom profile for table: s3SecretTable
2019-06-13 15:30:56,606 INFO  db.DBStoreBuilder (DBStoreBuilder.java:processTables(161)) - Using default column profile:DBProfile.DISK for Table:s3SecretTable
2019-06-13 15:30:56,606 INFO  db.DBStoreBuilder (DBStoreBuilder.java:addTable(110)) - using custom profile for table: prefixTable
2019-06-13 15:30:56,606 INFO  db.DBStoreBuilder (DBStoreBuilder.java:processTables(161)) - Using default column profile:DBProfile.DISK for Table:prefixTable
2019-06-13 15:30:56,607 INFO  db.DBStoreBuilder (DBStoreBuilder.java:addTable(110)) - using custom profile for table: default
2019-06-13 15:30:56,607 INFO  db.DBStoreBuilder (DBStoreBuilder.java:processTables(167)) - Using default column profile:DBProfile.DISK for Table:default
2019-06-13 15:30:56,607 INFO  db.DBStoreBuilder (DBStoreBuilder.java:getDbProfile(198)) - Using default options. DBProfile.DISK
2019-06-13 15:30:56,737 INFO  ipc.CallQueueManager (CallQueueManager.java:<init>(84)) - Using callQueue: class java.util.concurrent.LinkedBlockingQueue, queueCapacity: 2000, scheduler: class org.apache.hadoop.ipc.DefaultRpcScheduler, ipcBackoff: false.
2019-06-13 15:30:56,738 INFO  ipc.Server (Server.java:run(1074)) - Starting Socket Reader #1 for port 43917
2019-06-13 15:30:56,749 WARN  scm.ScmUtils (ScmUtils.java:getDBPath(63)) - ozone.om.db.dirs is not configured. We recommend adding this setting. Falling back to ozone.metadata.dirs instead.
2019-06-13 15:30:56,749 INFO  om.OzoneManager (OzoneManager.java:start(1217)) - OzoneManager RPC server is listening at localhost/127.0.0.1:43917
2019-06-13 15:30:56,749 INFO  impl.MetricsSystemImpl (MetricsSystemImpl.java:init(158)) - OzoneManager metrics system started (again)
2019-06-13 15:30:56,750 INFO  ipc.Server (Server.java:run(1314)) - IPC Server Responder: starting
2019-06-13 15:30:56,750 INFO  ipc.Server (Server.java:run(1153)) - IPC Server listener on 43917: starting
2019-06-13 15:30:56,757 INFO  hdfs.DFSUtil (DFSUtil.java:httpServerTemplateForNNAndJN(1641)) - Starting Web-server for ozoneManager at: http://0.0.0.0:0
2019-06-13 15:30:56,758 INFO  server.AuthenticationFilter (AuthenticationFilter.java:constructSecretProvider(240)) - Unable to initialize FileSignerSecretProvider, falling back to use random secrets.
2019-06-13 15:30:56,758 WARN  http.HttpRequestLog (HttpRequestLog.java:getRequestLog(97)) - Jetty request log can only be enabled using Log4j
2019-06-13 15:30:56,759 INFO  http.HttpServer2 (HttpServer2.java:addGlobalFilter(975)) - Added global filter 'safety' (class=org.apache.hadoop.http.HttpServer2$QuotingInputFilter)
2019-06-13 15:30:56,760 INFO  http.HttpServer2 (HttpServer2.java:addFilter(948)) - Added filter static_user_filter (class=org.apache.hadoop.http.lib.StaticUserWebFilter$StaticUserFilter) to context ozoneManager
2019-06-13 15:30:56,760 INFO  http.HttpServer2 (HttpServer2.java:addFilter(958)) - Added filter static_user_filter (class=org.apache.hadoop.http.lib.StaticUserWebFilter$StaticUserFilter) to context static
2019-06-13 15:30:56,760 INFO  http.HttpServer2 (HttpServer2.java:addFilter(958)) - Added filter static_user_filter (class=org.apache.hadoop.http.lib.StaticUserWebFilter$StaticUserFilter) to context logs
2019-06-13 15:30:56,760 INFO  http.HttpServer2 (HttpServer2.java:bindListener(1191)) - Jetty bound to port 34943
2019-06-13 15:30:56,760 INFO  server.Server (Server.java:doStart(351)) - jetty-9.3.24.v20180605, build timestamp: 2018-06-05T17:11:56Z, git hash: 84205aa28f11a4f31f2a3b86d1bba2cc8ab69827
2019-06-13 15:30:56,761 INFO  handler.ContextHandler (ContextHandler.java:doStart(781)) - Started o.e.j.s.ServletContextHandler@6b578779{/logs,file:///opt/src/hadoop-ozone/integration-test/target/log,AVAILABLE}
2019-06-13 15:30:56,761 INFO  handler.ContextHandler (ContextHandler.java:doStart(781)) - Started o.e.j.s.ServletContextHandler@41d6d6c4{/static,file:///opt/src/hadoop-ozone/integration-test/target/test-classes/webapps/static,AVAILABLE}
2019-06-13 15:30:56,764 INFO  handler.ContextHandler (ContextHandler.java:doStart(781)) - Started o.e.j.w.WebAppContext@1407b93f{/,file:///opt/src/hadoop-ozone/integration-test/target/test-classes/webapps/ozoneManager/,AVAILABLE}{/ozoneManager}
2019-06-13 15:30:56,764 INFO  server.AbstractConnector (AbstractConnector.java:doStart(278)) - Started ServerConnector@5aff8207{HTTP/1.1,[http/1.1]}{0.0.0.0:34943}
2019-06-13 15:30:56,765 INFO  server.Server (Server.java:doStart(419)) - Started @99636ms
2019-06-13 15:30:56,797 INFO  server.BaseHttpServer (BaseHttpServer.java:updateConnectorAddress(207)) - HTTP server of OZONEMANAGER is listening at http://0.0.0.0:34943
2019-06-13 15:30:56,803 INFO  impl.MetricsSystemImpl (MetricsSystemImpl.java:init(158)) - HddsDatanode metrics system started (again)
2019-06-13 15:30:56,803 INFO  ozone.HddsDatanodeService (HddsDatanodeService.java:start(185)) - HddsDatanodeService host:ozone-ldwqp-4079303285 ip:192.168.134.103
2019-06-13 15:30:56,808 INFO  volume.HddsVolume (HddsVolume.java:<init>(176)) - Creating Volume: /opt/src/hadoop-ozone/integration-test/target/test-dir/MiniOzoneClusterImpl-1d0a9a41-b4be-4563-b8a7-35b218604dff/datanode-0/data/containers/hdds of  storage type : DISK and capacity : 104021790720
2019-06-13 15:30:56,808 INFO  volume.VolumeSet (VolumeSet.java:initializeVolumeSet(170)) - Added Volume : /opt/src/hadoop-ozone/integration-test/target/test-dir/MiniOzoneClusterImpl-1d0a9a41-b4be-4563-b8a7-35b218604dff/datanode-0/data/containers/hdds to VolumeSet
2019-06-13 15:30:56,809 INFO  volume.ThrottledAsyncChecker (ThrottledAsyncChecker.java:schedule(140)) - Scheduling a check for org.apache.hadoop.ozone.container.common.volume.HddsVolume@6a486afb
2019-06-13 15:30:56,809 INFO  volume.HddsVolumeChecker (HddsVolumeChecker.java:checkAllVolumes(203)) - Scheduled health check for volume org.apache.hadoop.ozone.container.common.volume.HddsVolume@6a486afb
2019-06-13 15:30:56,820 INFO  ratis.XceiverServerRatis (XceiverServerRatis.java:newXceiverServerRatis(401)) - Found a free port for the server : 33047
2019-06-13 15:30:56,821 INFO  impl.RaftServerProxy (ConfUtils.java:logGet(43)) - raft.rpc.type = GRPC (default)
2019-06-13 15:30:56,822 INFO  grpc.GrpcConfigKeys$Server (ConfUtils.java:logGet(43)) - raft.grpc.server.port = 33047 (custom)
2019-06-13 15:30:56,822 INFO  server.GrpcService (ConfUtils.java:logGet(43)) - raft.grpc.message.size.max = 33570816 (custom)
2019-06-13 15:30:56,822 INFO  server.RaftServerConfigKeys (ConfUtils.java:logGet(43)) - raft.server.log.appender.buffer.byte-limit = 33554432 (custom)
2019-06-13 15:30:56,822 INFO  server.GrpcService (ConfUtils.java:logGet(43)) - raft.grpc.flow.control.window = 1MB (=1048576) (default)
2019-06-13 15:30:56,822 INFO  server.RaftServerConfigKeys (ConfUtils.java:logGet(43)) - raft.server.rpc.request.timeout = 3000ms (default)
2019-06-13 15:30:56,822 INFO  server.RaftServerConfigKeys (ConfUtils.java:logGet(43)) - raft.server.storage.dir = [/opt/src/hadoop-ozone/integration-test/target/test-dir/MiniOzoneClusterImpl-1d0a9a41-b4be-4563-b8a7-35b218604dff/datanode-0/data/ratis] (custom)
2019-06-13 15:30:56,823 INFO  server.XceiverServerGrpc (XceiverServerGrpc.java:<init>(97)) - Found a free port for the server : 34701
2019-06-13 15:30:56,823 INFO  replication.SimpleContainerDownloader (SimpleContainerDownloader.java:<init>(72)) - Starting container downloader service to copy containers to replicate.
2019-06-13 15:30:56,824 INFO  hdfs.DFSUtil (DFSUtil.java:httpServerTemplateForNNAndJN(1641)) - Starting Web-server for hddsDatanode at: http://0.0.0.0:0
2019-06-13 15:30:56,824 INFO  server.AuthenticationFilter (AuthenticationFilter.java:constructSecretProvider(240)) - Unable to initialize FileSignerSecretProvider, falling back to use random secrets.
2019-06-13 15:30:56,825 WARN  http.HttpRequestLog (HttpRequestLog.java:getRequestLog(97)) - Jetty request log can only be enabled using Log4j
2019-06-13 15:30:56,825 INFO  http.HttpServer2 (HttpServer2.java:addGlobalFilter(975)) - Added global filter 'safety' (class=org.apache.hadoop.http.HttpServer2$QuotingInputFilter)
2019-06-13 15:30:56,826 INFO  http.HttpServer2 (HttpServer2.java:addFilter(948)) - Added filter static_user_filter (class=org.apache.hadoop.http.lib.StaticUserWebFilter$StaticUserFilter) to context hddsDatanode
2019-06-13 15:30:56,826 INFO  http.HttpServer2 (HttpServer2.java:addFilter(958)) - Added filter static_user_filter (class=org.apache.hadoop.http.lib.StaticUserWebFilter$StaticUserFilter) to context static
2019-06-13 15:30:56,826 INFO  http.HttpServer2 (HttpServer2.java:addFilter(958)) - Added filter static_user_filter (class=org.apache.hadoop.http.lib.StaticUserWebFilter$StaticUserFilter) to context logs
2019-06-13 15:30:56,827 INFO  http.HttpServer2 (HttpServer2.java:bindListener(1191)) - Jetty bound to port 36661
2019-06-13 15:30:56,827 INFO  server.Server (Server.java:doStart(351)) - jetty-9.3.24.v20180605, build timestamp: 2018-06-05T17:11:56Z, git hash: 84205aa28f11a4f31f2a3b86d1bba2cc8ab69827
2019-06-13 15:30:56,828 INFO  handler.ContextHandler (ContextHandler.java:doStart(781)) - Started o.e.j.s.ServletContextHandler@67c1fc9b{/logs,file:///opt/src/hadoop-ozone/integration-test/target/log,AVAILABLE}
2019-06-13 15:30:56,828 INFO  handler.ContextHandler (ContextHandler.java:doStart(781)) - Started o.e.j.s.ServletContextHandler@18a538a0{/static,jar:file:/root/.m2/repository/org/apache/hadoop/hadoop-hdds-container-service/0.5.0-SNAPSHOT/hadoop-hdds-container-service-0.5.0-SNAPSHOT.jar!/webapps/static,AVAILABLE}
2019-06-13 15:30:56,847 INFO  handler.ContextHandler (ContextHandler.java:doStart(781)) - Started o.e.j.w.WebAppContext@1ead6e20{/,file:///tmp/jetty-0.0.0.0-36661-hddsDatanode-_-any-2797282680967993794.dir/webapp/,AVAILABLE}{/hddsDatanode}
2019-06-13 15:30:56,848 INFO  server.AbstractConnector (AbstractConnector.java:doStart(278)) - Started ServerConnector@59f56892{HTTP/1.1,[http/1.1]}{0.0.0.0:36661}
2019-06-13 15:30:56,849 INFO  server.Server (Server.java:doStart(419)) - Started @99720ms
2019-06-13 15:30:56,849 INFO  server.BaseHttpServer (BaseHttpServer.java:updateConnectorAddress(207)) - HTTP server of HDDSDATANODE is listening at http://0.0.0.0:36661
2019-06-13 15:30:56,928 INFO  ozone.HddsDatanodeService (HddsDatanodeService.java:startPlugins(396)) - Started plug-in org.apache.hadoop.ozone.web.OzoneHddsDatanodeService@6a4f15bc
2019-06-13 15:30:56,929 INFO  impl.MetricsSystemImpl (MetricsSystemImpl.java:init(158)) - HddsDatanode metrics system started (again)
2019-06-13 15:30:56,929 INFO  ozone.HddsDatanodeService (HddsDatanodeService.java:start(185)) - HddsDatanodeService host:ozone-ldwqp-4079303285 ip:192.168.134.103
2019-06-13 15:30:56,930 INFO  util.JvmPauseMonitor (JvmPauseMonitor.java:run(188)) - Starting JVM pause monitor
2019-06-13 15:30:56,931 INFO  datanode.InitDatanodeState (InitDatanodeState.java:persistContainerDatanodeDetails(140)) - DatanodeDetails is persisted to /opt/src/hadoop-ozone/integration-test/target/test-dir/MiniOzoneClusterImpl-1d0a9a41-b4be-4563-b8a7-35b218604dff/datanode-0/meta/datanode.id
2019-06-13 15:30:56,934 INFO  volume.HddsVolume (HddsVolume.java:<init>(176)) - Creating Volume: /opt/src/hadoop-ozone/integration-test/target/test-dir/MiniOzoneClusterImpl-1d0a9a41-b4be-4563-b8a7-35b218604dff/datanode-1/data/containers/hdds of  storage type : DISK and capacity : 104021790720
2019-06-13 15:30:56,934 INFO  volume.VolumeSet (VolumeSet.java:initializeVolumeSet(170)) - Added Volume : /opt/src/hadoop-ozone/integration-test/target/test-dir/MiniOzoneClusterImpl-1d0a9a41-b4be-4563-b8a7-35b218604dff/datanode-1/data/containers/hdds to VolumeSet
2019-06-13 15:30:56,934 INFO  volume.ThrottledAsyncChecker (ThrottledAsyncChecker.java:schedule(140)) - Scheduling a check for org.apache.hadoop.ozone.container.common.volume.HddsVolume@69c7fb94
2019-06-13 15:30:56,934 INFO  volume.HddsVolumeChecker (HddsVolumeChecker.java:checkAllVolumes(203)) - Scheduled health check for volume org.apache.hadoop.ozone.container.common.volume.HddsVolume@69c7fb94
2019-06-13 15:30:56,943 INFO  ratis.XceiverServerRatis (XceiverServerRatis.java:newXceiverServerRatis(401)) - Found a free port for the server : 42929
2019-06-13 15:30:56,944 INFO  impl.RaftServerProxy (ConfUtils.java:logGet(43)) - raft.rpc.type = GRPC (default)
2019-06-13 15:30:56,945 INFO  grpc.GrpcConfigKeys$Server (ConfUtils.java:logGet(43)) - raft.grpc.server.port = 42929 (custom)
2019-06-13 15:30:56,945 INFO  server.GrpcService (ConfUtils.java:logGet(43)) - raft.grpc.message.size.max = 33570816 (custom)
2019-06-13 15:30:56,945 INFO  server.RaftServerConfigKeys (ConfUtils.java:logGet(43)) - raft.server.log.appender.buffer.byte-limit = 33554432 (custom)
2019-06-13 15:30:56,945 INFO  server.GrpcService (ConfUtils.java:logGet(43)) - raft.grpc.flow.control.window = 1MB (=1048576) (default)
2019-06-13 15:30:56,946 INFO  server.RaftServerConfigKeys (ConfUtils.java:logGet(43)) - raft.server.rpc.request.timeout = 3000ms (default)
2019-06-13 15:30:56,946 INFO  server.RaftServerConfigKeys (ConfUtils.java:logGet(43)) - raft.server.storage.dir = [/opt/src/hadoop-ozone/integration-test/target/test-dir/MiniOzoneClusterImpl-1d0a9a41-b4be-4563-b8a7-35b218604dff/datanode-1/data/ratis] (custom)
2019-06-13 15:30:56,946 INFO  server.XceiverServerGrpc (XceiverServerGrpc.java:<init>(97)) - Found a free port for the server : 33429
2019-06-13 15:30:56,947 INFO  replication.SimpleContainerDownloader (SimpleContainerDownloader.java:<init>(72)) - Starting container downloader service to copy containers to replicate.
2019-06-13 15:30:56,947 INFO  hdfs.DFSUtil (DFSUtil.java:httpServerTemplateForNNAndJN(1641)) - Starting Web-server for hddsDatanode at: http://0.0.0.0:0
2019-06-13 15:30:56,948 INFO  server.AuthenticationFilter (AuthenticationFilter.java:constructSecretProvider(240)) - Unable to initialize FileSignerSecretProvider, falling back to use random secrets.
2019-06-13 15:30:56,948 WARN  http.HttpRequestLog (HttpRequestLog.java:getRequestLog(97)) - Jetty request log can only be enabled using Log4j
2019-06-13 15:30:56,950 INFO  http.HttpServer2 (HttpServer2.java:addGlobalFilter(975)) - Added global filter 'safety' (class=org.apache.hadoop.http.HttpServer2$QuotingInputFilter)
2019-06-13 15:30:56,950 INFO  http.HttpServer2 (HttpServer2.java:addFilter(948)) - Added filter static_user_filter (class=org.apache.hadoop.http.lib.StaticUserWebFilter$StaticUserFilter) to context hddsDatanode
2019-06-13 15:30:56,950 INFO  http.HttpServer2 (HttpServer2.java:addFilter(958)) - Added filter static_user_filter (class=org.apache.hadoop.http.lib.StaticUserWebFilter$StaticUserFilter) to context logs
2019-06-13 15:30:56,950 INFO  http.HttpServer2 (HttpServer2.java:addFilter(958)) - Added filter static_user_filter (class=org.apache.hadoop.http.lib.StaticUserWebFilter$StaticUserFilter) to context static
2019-06-13 15:30:56,951 INFO  http.HttpServer2 (HttpServer2.java:bindListener(1191)) - Jetty bound to port 36445
2019-06-13 15:30:56,951 INFO  server.Server (Server.java:doStart(351)) - jetty-9.3.24.v20180605, build timestamp: 2018-06-05T17:11:56Z, git hash: 84205aa28f11a4f31f2a3b86d1bba2cc8ab69827
2019-06-13 15:30:56,952 INFO  handler.ContextHandler (ContextHandler.java:doStart(781)) - Started o.e.j.s.ServletContextHandler@3ad5f99{/logs,file:///opt/src/hadoop-ozone/integration-test/target/log,AVAILABLE}
2019-06-13 15:30:56,952 INFO  handler.ContextHandler (ContextHandler.java:doStart(781)) - Started o.e.j.s.ServletContextHandler@457dc809{/static,jar:file:/root/.m2/repository/org/apache/hadoop/hadoop-hdds-container-service/0.5.0-SNAPSHOT/hadoop-hdds-container-service-0.5.0-SNAPSHOT.jar!/webapps/static,AVAILABLE}
2019-06-13 15:30:56,974 INFO  handler.ContextHandler (ContextHandler.java:doStart(781)) - Started o.e.j.w.WebAppContext@62d72091{/,file:///tmp/jetty-0.0.0.0-36445-hddsDatanode-_-any-3745792750407371885.dir/webapp/,AVAILABLE}{/hddsDatanode}
2019-06-13 15:30:56,974 INFO  server.AbstractConnector (AbstractConnector.java:doStart(278)) - Started ServerConnector@76a86677{HTTP/1.1,[http/1.1]}{0.0.0.0:36445}
2019-06-13 15:30:56,976 INFO  server.Server (Server.java:doStart(419)) - Started @99847ms
2019-06-13 15:30:56,976 INFO  server.BaseHttpServer (BaseHttpServer.java:updateConnectorAddress(207)) - HTTP server of HDDSDATANODE is listening at http://0.0.0.0:36445
2019-06-13 15:30:57,074 INFO  ozone.HddsDatanodeService (HddsDatanodeService.java:startPlugins(396)) - Started plug-in org.apache.hadoop.ozone.web.OzoneHddsDatanodeService@3bd5dff5
2019-06-13 15:30:57,074 INFO  impl.MetricsSystemImpl (MetricsSystemImpl.java:init(158)) - HddsDatanode metrics system started (again)
2019-06-13 15:30:57,075 INFO  ozone.HddsDatanodeService (HddsDatanodeService.java:start(185)) - HddsDatanodeService host:ozone-ldwqp-4079303285 ip:192.168.134.103
2019-06-13 15:30:57,081 INFO  datanode.InitDatanodeState (InitDatanodeState.java:persistContainerDatanodeDetails(140)) - DatanodeDetails is persisted to /opt/src/hadoop-ozone/integration-test/target/test-dir/MiniOzoneClusterImpl-1d0a9a41-b4be-4563-b8a7-35b218604dff/datanode-1/meta/datanode.id
2019-06-13 15:30:57,082 INFO  util.JvmPauseMonitor (JvmPauseMonitor.java:run(188)) - Starting JVM pause monitor
2019-06-13 15:30:57,085 INFO  volume.HddsVolume (HddsVolume.java:<init>(176)) - Creating Volume: /opt/src/hadoop-ozone/integration-test/target/test-dir/MiniOzoneClusterImpl-1d0a9a41-b4be-4563-b8a7-35b218604dff/datanode-2/data/containers/hdds of  storage type : DISK and capacity : 104021790720
2019-06-13 15:30:57,085 INFO  volume.VolumeSet (VolumeSet.java:initializeVolumeSet(170)) - Added Volume : /opt/src/hadoop-ozone/integration-test/target/test-dir/MiniOzoneClusterImpl-1d0a9a41-b4be-4563-b8a7-35b218604dff/datanode-2/data/containers/hdds to VolumeSet
2019-06-13 15:30:57,085 INFO  volume.ThrottledAsyncChecker (ThrottledAsyncChecker.java:schedule(140)) - Scheduling a check for org.apache.hadoop.ozone.container.common.volume.HddsVolume@2be83e7e
2019-06-13 15:30:57,087 INFO  volume.HddsVolumeChecker (HddsVolumeChecker.java:checkAllVolumes(203)) - Scheduled health check for volume org.apache.hadoop.ozone.container.common.volume.HddsVolume@2be83e7e
2019-06-13 15:30:57,094 INFO  ratis.XceiverServerRatis (XceiverServerRatis.java:newXceiverServerRatis(401)) - Found a free port for the server : 46219
2019-06-13 15:30:57,096 INFO  impl.RaftServerProxy (ConfUtils.java:logGet(43)) - raft.rpc.type = GRPC (default)
2019-06-13 15:30:57,096 INFO  grpc.GrpcConfigKeys$Server (ConfUtils.java:logGet(43)) - raft.grpc.server.port = 46219 (custom)
2019-06-13 15:30:57,096 INFO  server.GrpcService (ConfUtils.java:logGet(43)) - raft.grpc.message.size.max = 33570816 (custom)
2019-06-13 15:30:57,096 INFO  server.RaftServerConfigKeys (ConfUtils.java:logGet(43)) - raft.server.log.appender.buffer.byte-limit = 33554432 (custom)
2019-06-13 15:30:57,096 INFO  server.GrpcService (ConfUtils.java:logGet(43)) - raft.grpc.flow.control.window = 1MB (=1048576) (default)
2019-06-13 15:30:57,096 INFO  server.RaftServerConfigKeys (ConfUtils.java:logGet(43)) - raft.server.rpc.request.timeout = 3000ms (default)
2019-06-13 15:30:57,097 INFO  server.RaftServerConfigKeys (ConfUtils.java:logGet(43)) - raft.server.storage.dir = [/opt/src/hadoop-ozone/integration-test/target/test-dir/MiniOzoneClusterImpl-1d0a9a41-b4be-4563-b8a7-35b218604dff/datanode-2/data/ratis] (custom)
2019-06-13 15:30:57,097 INFO  server.XceiverServerGrpc (XceiverServerGrpc.java:<init>(97)) - Found a free port for the server : 43643
2019-06-13 15:30:57,097 INFO  replication.SimpleContainerDownloader (SimpleContainerDownloader.java:<init>(72)) - Starting container downloader service to copy containers to replicate.
2019-06-13 15:30:57,098 INFO  hdfs.DFSUtil (DFSUtil.java:httpServerTemplateForNNAndJN(1641)) - Starting Web-server for hddsDatanode at: http://0.0.0.0:0
2019-06-13 15:30:57,099 INFO  server.AuthenticationFilter (AuthenticationFilter.java:constructSecretProvider(240)) - Unable to initialize FileSignerSecretProvider, falling back to use random secrets.
2019-06-13 15:30:57,099 WARN  http.HttpRequestLog (HttpRequestLog.java:getRequestLog(97)) - Jetty request log can only be enabled using Log4j
2019-06-13 15:30:57,100 INFO  http.HttpServer2 (HttpServer2.java:addGlobalFilter(975)) - Added global filter 'safety' (class=org.apache.hadoop.http.HttpServer2$QuotingInputFilter)
2019-06-13 15:30:57,100 INFO  http.HttpServer2 (HttpServer2.java:addFilter(948)) - Added filter static_user_filter (class=org.apache.hadoop.http.lib.StaticUserWebFilter$StaticUserFilter) to context hddsDatanode
2019-06-13 15:30:57,100 INFO  http.HttpServer2 (HttpServer2.java:addFilter(958)) - Added filter static_user_filter (class=org.apache.hadoop.http.lib.StaticUserWebFilter$StaticUserFilter) to context static
2019-06-13 15:30:57,100 INFO  http.HttpServer2 (HttpServer2.java:addFilter(958)) - Added filter static_user_filter (class=org.apache.hadoop.http.lib.StaticUserWebFilter$StaticUserFilter) to context logs
2019-06-13 15:30:57,101 INFO  http.HttpServer2 (HttpServer2.java:bindListener(1191)) - Jetty bound to port 41769
2019-06-13 15:30:57,101 INFO  server.Server (Server.java:doStart(351)) - jetty-9.3.24.v20180605, build timestamp: 2018-06-05T17:11:56Z, git hash: 84205aa28f11a4f31f2a3b86d1bba2cc8ab69827
2019-06-13 15:30:57,106 INFO  handler.ContextHandler (ContextHandler.java:doStart(781)) - Started o.e.j.s.ServletContextHandler@11c372e9{/logs,file:///opt/src/hadoop-ozone/integration-test/target/log,AVAILABLE}
2019-06-13 15:30:57,107 INFO  handler.ContextHandler (ContextHandler.java:doStart(781)) - Started o.e.j.s.ServletContextHandler@73418044{/static,jar:file:/root/.m2/repository/org/apache/hadoop/hadoop-hdds-container-service/0.5.0-SNAPSHOT/hadoop-hdds-container-service-0.5.0-SNAPSHOT.jar!/webapps/static,AVAILABLE}
2019-06-13 15:30:57,126 INFO  handler.ContextHandler (ContextHandler.java:doStart(781)) - Started o.e.j.w.WebAppContext@452ea8f0{/,file:///tmp/jetty-0.0.0.0-41769-hddsDatanode-_-any-9197566918560831960.dir/webapp/,AVAILABLE}{/hddsDatanode}
2019-06-13 15:30:57,126 INFO  server.AbstractConnector (AbstractConnector.java:doStart(278)) - Started ServerConnector@e417628{HTTP/1.1,[http/1.1]}{0.0.0.0:41769}
2019-06-13 15:30:57,128 INFO  server.Server (Server.java:doStart(419)) - Started @99999ms
2019-06-13 15:30:57,129 INFO  server.BaseHttpServer (BaseHttpServer.java:updateConnectorAddress(207)) - HTTP server of HDDSDATANODE is listening at http://0.0.0.0:41769
2019-06-13 15:30:57,221 INFO  ozone.HddsDatanodeService (HddsDatanodeService.java:startPlugins(396)) - Started plug-in org.apache.hadoop.ozone.web.OzoneHddsDatanodeService@126ae0ca
2019-06-13 15:30:57,222 INFO  impl.MetricsSystemImpl (MetricsSystemImpl.java:init(158)) - HddsDatanode metrics system started (again)
2019-06-13 15:30:57,222 INFO  ozone.HddsDatanodeService (HddsDatanodeService.java:start(185)) - HddsDatanodeService host:ozone-ldwqp-4079303285 ip:192.168.134.103
2019-06-13 15:30:57,222 INFO  util.JvmPauseMonitor (JvmPauseMonitor.java:run(188)) - Starting JVM pause monitor
2019-06-13 15:30:57,223 INFO  datanode.InitDatanodeState (InitDatanodeState.java:persistContainerDatanodeDetails(140)) - DatanodeDetails is persisted to /opt/src/hadoop-ozone/integration-test/target/test-dir/MiniOzoneClusterImpl-1d0a9a41-b4be-4563-b8a7-35b218604dff/datanode-2/meta/datanode.id
2019-06-13 15:30:57,227 INFO  volume.HddsVolume (HddsVolume.java:<init>(176)) - Creating Volume: /opt/src/hadoop-ozone/integration-test/target/test-dir/MiniOzoneClusterImpl-1d0a9a41-b4be-4563-b8a7-35b218604dff/datanode-3/data/containers/hdds of  storage type : DISK and capacity : 104021790720
2019-06-13 15:30:57,227 INFO  volume.VolumeSet (VolumeSet.java:initializeVolumeSet(170)) - Added Volume : /opt/src/hadoop-ozone/integration-test/target/test-dir/MiniOzoneClusterImpl-1d0a9a41-b4be-4563-b8a7-35b218604dff/datanode-3/data/containers/hdds to VolumeSet
2019-06-13 15:30:57,227 INFO  volume.ThrottledAsyncChecker (ThrottledAsyncChecker.java:schedule(140)) - Scheduling a check for org.apache.hadoop.ozone.container.common.volume.HddsVolume@638b05fb
2019-06-13 15:30:57,227 INFO  volume.HddsVolumeChecker (HddsVolumeChecker.java:checkAllVolumes(203)) - Scheduled health check for volume org.apache.hadoop.ozone.container.common.volume.HddsVolume@638b05fb
2019-06-13 15:30:57,235 INFO  ratis.XceiverServerRatis (XceiverServerRatis.java:newXceiverServerRatis(401)) - Found a free port for the server : 36097
2019-06-13 15:30:57,236 INFO  impl.RaftServerProxy (ConfUtils.java:logGet(43)) - raft.rpc.type = GRPC (default)
2019-06-13 15:30:57,237 INFO  grpc.GrpcConfigKeys$Server (ConfUtils.java:logGet(43)) - raft.grpc.server.port = 36097 (custom)
2019-06-13 15:30:57,237 INFO  server.GrpcService (ConfUtils.java:logGet(43)) - raft.grpc.message.size.max = 33570816 (custom)
2019-06-13 15:30:57,237 INFO  server.RaftServerConfigKeys (ConfUtils.java:logGet(43)) - raft.server.log.appender.buffer.byte-limit = 33554432 (custom)
2019-06-13 15:30:57,237 INFO  server.GrpcService (ConfUtils.java:logGet(43)) - raft.grpc.flow.control.window = 1MB (=1048576) (default)
2019-06-13 15:30:57,237 INFO  server.RaftServerConfigKeys (ConfUtils.java:logGet(43)) - raft.server.rpc.request.timeout = 3000ms (default)
2019-06-13 15:30:57,237 INFO  server.RaftServerConfigKeys (ConfUtils.java:logGet(43)) - raft.server.storage.dir = [/opt/src/hadoop-ozone/integration-test/target/test-dir/MiniOzoneClusterImpl-1d0a9a41-b4be-4563-b8a7-35b218604dff/datanode-3/data/ratis] (custom)
2019-06-13 15:30:57,238 INFO  server.XceiverServerGrpc (XceiverServerGrpc.java:<init>(97)) - Found a free port for the server : 44669
2019-06-13 15:30:57,238 INFO  replication.SimpleContainerDownloader (SimpleContainerDownloader.java:<init>(72)) - Starting container downloader service to copy containers to replicate.
2019-06-13 15:30:57,239 INFO  hdfs.DFSUtil (DFSUtil.java:httpServerTemplateForNNAndJN(1641)) - Starting Web-server for hddsDatanode at: http://0.0.0.0:0
2019-06-13 15:30:57,240 INFO  server.AuthenticationFilter (AuthenticationFilter.java:constructSecretProvider(240)) - Unable to initialize FileSignerSecretProvider, falling back to use random secrets.
2019-06-13 15:30:57,240 WARN  http.HttpRequestLog (HttpRequestLog.java:getRequestLog(97)) - Jetty request log can only be enabled using Log4j
2019-06-13 15:30:57,241 INFO  http.HttpServer2 (HttpServer2.java:addGlobalFilter(975)) - Added global filter 'safety' (class=org.apache.hadoop.http.HttpServer2$QuotingInputFilter)
2019-06-13 15:30:57,241 INFO  http.HttpServer2 (HttpServer2.java:addFilter(948)) - Added filter static_user_filter (class=org.apache.hadoop.http.lib.StaticUserWebFilter$StaticUserFilter) to context hddsDatanode
2019-06-13 15:30:57,241 INFO  http.HttpServer2 (HttpServer2.java:addFilter(958)) - Added filter static_user_filter (class=org.apache.hadoop.http.lib.StaticUserWebFilter$StaticUserFilter) to context static
2019-06-13 15:30:57,241 INFO  http.HttpServer2 (HttpServer2.java:addFilter(958)) - Added filter static_user_filter (class=org.apache.hadoop.http.lib.StaticUserWebFilter$StaticUserFilter) to context logs
2019-06-13 15:30:57,242 INFO  http.HttpServer2 (HttpServer2.java:bindListener(1191)) - Jetty bound to port 40413
2019-06-13 15:30:57,242 INFO  server.Server (Server.java:doStart(351)) - jetty-9.3.24.v20180605, build timestamp: 2018-06-05T17:11:56Z, git hash: 84205aa28f11a4f31f2a3b86d1bba2cc8ab69827
2019-06-13 15:30:57,243 INFO  handler.ContextHandler (ContextHandler.java:doStart(781)) - Started o.e.j.s.ServletContextHandler@628af295{/logs,file:///opt/src/hadoop-ozone/integration-test/target/log,AVAILABLE}
2019-06-13 15:30:57,243 INFO  handler.ContextHandler (ContextHandler.java:doStart(781)) - Started o.e.j.s.ServletContextHandler@60052518{/static,jar:file:/root/.m2/repository/org/apache/hadoop/hadoop-hdds-container-service/0.5.0-SNAPSHOT/hadoop-hdds-container-service-0.5.0-SNAPSHOT.jar!/webapps/static,AVAILABLE}
2019-06-13 15:30:57,264 INFO  handler.ContextHandler (ContextHandler.java:doStart(781)) - Started o.e.j.w.WebAppContext@1651bd68{/,file:///tmp/jetty-0.0.0.0-40413-hddsDatanode-_-any-7502741219731134668.dir/webapp/,AVAILABLE}{/hddsDatanode}
2019-06-13 15:30:57,265 INFO  server.AbstractConnector (AbstractConnector.java:doStart(278)) - Started ServerConnector@44a25dc7{HTTP/1.1,[http/1.1]}{0.0.0.0:40413}
2019-06-13 15:30:57,266 INFO  server.Server (Server.java:doStart(419)) - Started @100137ms
2019-06-13 15:30:57,266 INFO  server.BaseHttpServer (BaseHttpServer.java:updateConnectorAddress(207)) - HTTP server of HDDSDATANODE is listening at http://0.0.0.0:40413
2019-06-13 15:30:57,343 INFO  ozone.HddsDatanodeService (HddsDatanodeService.java:startPlugins(396)) - Started plug-in org.apache.hadoop.ozone.web.OzoneHddsDatanodeService@32ae890
2019-06-13 15:30:57,343 INFO  impl.MetricsSystemImpl (MetricsSystemImpl.java:init(158)) - HddsDatanode metrics system started (again)
2019-06-13 15:30:57,344 INFO  ozone.HddsDatanodeService (HddsDatanodeService.java:start(185)) - HddsDatanodeService host:ozone-ldwqp-4079303285 ip:192.168.134.103
2019-06-13 15:30:57,350 INFO  util.JvmPauseMonitor (JvmPauseMonitor.java:run(188)) - Starting JVM pause monitor
2019-06-13 15:30:57,351 INFO  datanode.InitDatanodeState (InitDatanodeState.java:persistContainerDatanodeDetails(140)) - DatanodeDetails is persisted to /opt/src/hadoop-ozone/integration-test/target/test-dir/MiniOzoneClusterImpl-1d0a9a41-b4be-4563-b8a7-35b218604dff/datanode-3/meta/datanode.id
2019-06-13 15:30:57,354 INFO  volume.HddsVolume (HddsVolume.java:<init>(176)) - Creating Volume: /opt/src/hadoop-ozone/integration-test/target/test-dir/MiniOzoneClusterImpl-1d0a9a41-b4be-4563-b8a7-35b218604dff/datanode-4/data/containers/hdds of  storage type : DISK and capacity : 104021790720
2019-06-13 15:30:57,354 INFO  volume.VolumeSet (VolumeSet.java:initializeVolumeSet(170)) - Added Volume : /opt/src/hadoop-ozone/integration-test/target/test-dir/MiniOzoneClusterImpl-1d0a9a41-b4be-4563-b8a7-35b218604dff/datanode-4/data/containers/hdds to VolumeSet
2019-06-13 15:30:57,354 INFO  volume.ThrottledAsyncChecker (ThrottledAsyncChecker.java:schedule(140)) - Scheduling a check for org.apache.hadoop.ozone.container.common.volume.HddsVolume@2cf6dd4d
2019-06-13 15:30:57,354 INFO  volume.HddsVolumeChecker (HddsVolumeChecker.java:checkAllVolumes(203)) - Scheduled health check for volume org.apache.hadoop.ozone.container.common.volume.HddsVolume@2cf6dd4d
2019-06-13 15:30:57,362 INFO  ratis.XceiverServerRatis (XceiverServerRatis.java:newXceiverServerRatis(401)) - Found a free port for the server : 38793
2019-06-13 15:30:57,363 INFO  impl.RaftServerProxy (ConfUtils.java:logGet(43)) - raft.rpc.type = GRPC (default)
2019-06-13 15:30:57,364 INFO  grpc.GrpcConfigKeys$Server (ConfUtils.java:logGet(43)) - raft.grpc.server.port = 38793 (custom)
2019-06-13 15:30:57,364 INFO  server.GrpcService (ConfUtils.java:logGet(43)) - raft.grpc.message.size.max = 33570816 (custom)
2019-06-13 15:30:57,364 INFO  server.RaftServerConfigKeys (ConfUtils.java:logGet(43)) - raft.server.log.appender.buffer.byte-limit = 33554432 (custom)
2019-06-13 15:30:57,364 INFO  server.GrpcService (ConfUtils.java:logGet(43)) - raft.grpc.flow.control.window = 1MB (=1048576) (default)
2019-06-13 15:30:57,364 INFO  server.RaftServerConfigKeys (ConfUtils.java:logGet(43)) - raft.server.rpc.request.timeout = 3000ms (default)
2019-06-13 15:30:57,364 INFO  server.RaftServerConfigKeys (ConfUtils.java:logGet(43)) - raft.server.storage.dir = [/opt/src/hadoop-ozone/integration-test/target/test-dir/MiniOzoneClusterImpl-1d0a9a41-b4be-4563-b8a7-35b218604dff/datanode-4/data/ratis] (custom)
2019-06-13 15:30:57,365 INFO  server.XceiverServerGrpc (XceiverServerGrpc.java:<init>(97)) - Found a free port for the server : 40535
2019-06-13 15:30:57,365 INFO  replication.SimpleContainerDownloader (SimpleContainerDownloader.java:<init>(72)) - Starting container downloader service to copy containers to replicate.
2019-06-13 15:30:57,365 INFO  hdfs.DFSUtil (DFSUtil.java:httpServerTemplateForNNAndJN(1641)) - Starting Web-server for hddsDatanode at: http://0.0.0.0:0
2019-06-13 15:30:57,366 INFO  server.AuthenticationFilter (AuthenticationFilter.java:constructSecretProvider(240)) - Unable to initialize FileSignerSecretProvider, falling back to use random secrets.
2019-06-13 15:30:57,366 WARN  http.HttpRequestLog (HttpRequestLog.java:getRequestLog(97)) - Jetty request log can only be enabled using Log4j
2019-06-13 15:30:57,367 INFO  http.HttpServer2 (HttpServer2.java:addGlobalFilter(975)) - Added global filter 'safety' (class=org.apache.hadoop.http.HttpServer2$QuotingInputFilter)
2019-06-13 15:30:57,368 INFO  http.HttpServer2 (HttpServer2.java:addFilter(948)) - Added filter static_user_filter (class=org.apache.hadoop.http.lib.StaticUserWebFilter$StaticUserFilter) to context hddsDatanode
2019-06-13 15:30:57,368 INFO  http.HttpServer2 (HttpServer2.java:addFilter(958)) - Added filter static_user_filter (class=org.apache.hadoop.http.lib.StaticUserWebFilter$StaticUserFilter) to context logs
2019-06-13 15:30:57,368 INFO  http.HttpServer2 (HttpServer2.java:addFilter(958)) - Added filter static_user_filter (class=org.apache.hadoop.http.lib.StaticUserWebFilter$StaticUserFilter) to context static
2019-06-13 15:30:57,369 INFO  http.HttpServer2 (HttpServer2.java:bindListener(1191)) - Jetty bound to port 44593
2019-06-13 15:30:57,369 INFO  server.Server (Server.java:doStart(351)) - jetty-9.3.24.v20180605, build timestamp: 2018-06-05T17:11:56Z, git hash: 84205aa28f11a4f31f2a3b86d1bba2cc8ab69827
2019-06-13 15:30:57,370 INFO  handler.ContextHandler (ContextHandler.java:doStart(781)) - Started o.e.j.s.ServletContextHandler@2fb3c930{/logs,file:///opt/src/hadoop-ozone/integration-test/target/log,AVAILABLE}
2019-06-13 15:30:57,371 INFO  handler.ContextHandler (ContextHandler.java:doStart(781)) - Started o.e.j.s.ServletContextHandler@772db1d8{/static,jar:file:/root/.m2/repository/org/apache/hadoop/hadoop-hdds-container-service/0.5.0-SNAPSHOT/hadoop-hdds-container-service-0.5.0-SNAPSHOT.jar!/webapps/static,AVAILABLE}
2019-06-13 15:30:57,390 INFO  handler.ContextHandler (ContextHandler.java:doStart(781)) - Started o.e.j.w.WebAppContext@74832504{/,file:///tmp/jetty-0.0.0.0-44593-hddsDatanode-_-any-4997027354036139204.dir/webapp/,AVAILABLE}{/hddsDatanode}
2019-06-13 15:30:57,390 INFO  server.AbstractConnector (AbstractConnector.java:doStart(278)) - Started ServerConnector@555454c7{HTTP/1.1,[http/1.1]}{0.0.0.0:44593}
2019-06-13 15:30:57,391 INFO  server.Server (Server.java:doStart(419)) - Started @100263ms
2019-06-13 15:30:57,392 INFO  server.BaseHttpServer (BaseHttpServer.java:updateConnectorAddress(207)) - HTTP server of HDDSDATANODE is listening at http://0.0.0.0:44593
2019-06-13 15:30:57,513 INFO  ozone.HddsDatanodeService (HddsDatanodeService.java:startPlugins(396)) - Started plug-in org.apache.hadoop.ozone.web.OzoneHddsDatanodeService@64a74723
2019-06-13 15:30:57,513 INFO  impl.MetricsSystemImpl (MetricsSystemImpl.java:init(158)) - HddsDatanode metrics system started (again)
2019-06-13 15:30:57,514 INFO  ozone.HddsDatanodeService (HddsDatanodeService.java:start(185)) - HddsDatanodeService host:ozone-ldwqp-4079303285 ip:192.168.134.103
2019-06-13 15:30:57,514 INFO  util.JvmPauseMonitor (JvmPauseMonitor.java:run(188)) - Starting JVM pause monitor
2019-06-13 15:30:57,515 INFO  datanode.InitDatanodeState (InitDatanodeState.java:persistContainerDatanodeDetails(140)) - DatanodeDetails is persisted to /opt/src/hadoop-ozone/integration-test/target/test-dir/MiniOzoneClusterImpl-1d0a9a41-b4be-4563-b8a7-35b218604dff/datanode-4/meta/datanode.id
2019-06-13 15:30:57,518 INFO  volume.HddsVolume (HddsVolume.java:<init>(176)) - Creating Volume: /opt/src/hadoop-ozone/integration-test/target/test-dir/MiniOzoneClusterImpl-1d0a9a41-b4be-4563-b8a7-35b218604dff/datanode-5/data/containers/hdds of  storage type : DISK and capacity : 104021790720
2019-06-13 15:30:57,518 INFO  volume.VolumeSet (VolumeSet.java:initializeVolumeSet(170)) - Added Volume : /opt/src/hadoop-ozone/integration-test/target/test-dir/MiniOzoneClusterImpl-1d0a9a41-b4be-4563-b8a7-35b218604dff/datanode-5/data/containers/hdds to VolumeSet
2019-06-13 15:30:57,519 INFO  volume.ThrottledAsyncChecker (ThrottledAsyncChecker.java:schedule(140)) - Scheduling a check for org.apache.hadoop.ozone.container.common.volume.HddsVolume@ac6da02
2019-06-13 15:30:57,519 INFO  volume.HddsVolumeChecker (HddsVolumeChecker.java:checkAllVolumes(203)) - Scheduled health check for volume org.apache.hadoop.ozone.container.common.volume.HddsVolume@ac6da02
2019-06-13 15:30:57,528 INFO  ratis.XceiverServerRatis (XceiverServerRatis.java:newXceiverServerRatis(401)) - Found a free port for the server : 42955
2019-06-13 15:30:57,529 INFO  impl.RaftServerProxy (ConfUtils.java:logGet(43)) - raft.rpc.type = GRPC (default)
2019-06-13 15:30:57,529 INFO  grpc.GrpcConfigKeys$Server (ConfUtils.java:logGet(43)) - raft.grpc.server.port = 42955 (custom)
2019-06-13 15:30:57,530 INFO  server.GrpcService (ConfUtils.java:logGet(43)) - raft.grpc.message.size.max = 33570816 (custom)
2019-06-13 15:30:57,530 INFO  server.RaftServerConfigKeys (ConfUtils.java:logGet(43)) - raft.server.log.appender.buffer.byte-limit = 33554432 (custom)
2019-06-13 15:30:57,530 INFO  server.GrpcService (ConfUtils.java:logGet(43)) - raft.grpc.flow.control.window = 1MB (=1048576) (default)
2019-06-13 15:30:57,530 INFO  server.RaftServerConfigKeys (ConfUtils.java:logGet(43)) - raft.server.rpc.request.timeout = 3000ms (default)
2019-06-13 15:30:57,530 INFO  server.RaftServerConfigKeys (ConfUtils.java:logGet(43)) - raft.server.storage.dir = [/opt/src/hadoop-ozone/integration-test/target/test-dir/MiniOzoneClusterImpl-1d0a9a41-b4be-4563-b8a7-35b218604dff/datanode-5/data/ratis] (custom)
2019-06-13 15:30:57,531 INFO  server.XceiverServerGrpc (XceiverServerGrpc.java:<init>(97)) - Found a free port for the server : 37267
2019-06-13 15:30:57,531 INFO  replication.SimpleContainerDownloader (SimpleContainerDownloader.java:<init>(72)) - Starting container downloader service to copy containers to replicate.
2019-06-13 15:30:57,531 INFO  hdfs.DFSUtil (DFSUtil.java:httpServerTemplateForNNAndJN(1641)) - Starting Web-server for hddsDatanode at: http://0.0.0.0:0
2019-06-13 15:30:57,532 INFO  server.AuthenticationFilter (AuthenticationFilter.java:constructSecretProvider(240)) - Unable to initialize FileSignerSecretProvider, falling back to use random secrets.
2019-06-13 15:30:57,533 WARN  http.HttpRequestLog (HttpRequestLog.java:getRequestLog(97)) - Jetty request log can only be enabled using Log4j
2019-06-13 15:30:57,534 INFO  http.HttpServer2 (HttpServer2.java:addGlobalFilter(975)) - Added global filter 'safety' (class=org.apache.hadoop.http.HttpServer2$QuotingInputFilter)
2019-06-13 15:30:57,534 INFO  http.HttpServer2 (HttpServer2.java:addFilter(948)) - Added filter static_user_filter (class=org.apache.hadoop.http.lib.StaticUserWebFilter$StaticUserFilter) to context hddsDatanode
2019-06-13 15:30:57,534 INFO  http.HttpServer2 (HttpServer2.java:addFilter(958)) - Added filter static_user_filter (class=org.apache.hadoop.http.lib.StaticUserWebFilter$StaticUserFilter) to context static
2019-06-13 15:30:57,534 INFO  http.HttpServer2 (HttpServer2.java:addFilter(958)) - Added filter static_user_filter (class=org.apache.hadoop.http.lib.StaticUserWebFilter$StaticUserFilter) to context logs
2019-06-13 15:30:57,534 INFO  http.HttpServer2 (HttpServer2.java:bindListener(1191)) - Jetty bound to port 37641
2019-06-13 15:30:57,535 INFO  server.Server (Server.java:doStart(351)) - jetty-9.3.24.v20180605, build timestamp: 2018-06-05T17:11:56Z, git hash: 84205aa28f11a4f31f2a3b86d1bba2cc8ab69827
2019-06-13 15:30:57,536 INFO  handler.ContextHandler (ContextHandler.java:doStart(781)) - Started o.e.j.s.ServletContextHandler@35d31e1c{/logs,file:///opt/src/hadoop-ozone/integration-test/target/log,AVAILABLE}
2019-06-13 15:30:57,536 INFO  handler.ContextHandler (ContextHandler.java:doStart(781)) - Started o.e.j.s.ServletContextHandler@644eed73{/static,jar:file:/root/.m2/repository/org/apache/hadoop/hadoop-hdds-container-service/0.5.0-SNAPSHOT/hadoop-hdds-container-service-0.5.0-SNAPSHOT.jar!/webapps/static,AVAILABLE}
2019-06-13 15:30:57,556 INFO  handler.ContextHandler (ContextHandler.java:doStart(781)) - Started o.e.j.w.WebAppContext@149bdb4e{/,file:///tmp/jetty-0.0.0.0-37641-hddsDatanode-_-any-8389097964130127347.dir/webapp/,AVAILABLE}{/hddsDatanode}
2019-06-13 15:30:57,558 INFO  server.AbstractConnector (AbstractConnector.java:doStart(278)) - Started ServerConnector@51c18932{HTTP/1.1,[http/1.1]}{0.0.0.0:37641}
2019-06-13 15:30:57,558 INFO  server.Server (Server.java:doStart(419)) - Started @100429ms
2019-06-13 15:30:57,558 INFO  server.BaseHttpServer (BaseHttpServer.java:updateConnectorAddress(207)) - HTTP server of HDDSDATANODE is listening at http://0.0.0.0:37641
2019-06-13 15:30:57,626 INFO  ozone.HddsDatanodeService (HddsDatanodeService.java:startPlugins(396)) - Started plug-in org.apache.hadoop.ozone.web.OzoneHddsDatanodeService@63d8590c
2019-06-13 15:30:57,627 INFO  ozone.MiniOzoneClusterImpl (MiniOzoneClusterImpl.java:lambda$waitForClusterToBeReady$0(142)) - Waiting for cluster to be ready. Got 0 of 6 DN Heartbeats.
2019-06-13 15:30:57,627 INFO  util.JvmPauseMonitor (JvmPauseMonitor.java:run(188)) - Starting JVM pause monitor
2019-06-13 15:30:57,630 INFO  datanode.InitDatanodeState (InitDatanodeState.java:persistContainerDatanodeDetails(140)) - DatanodeDetails is persisted to /opt/src/hadoop-ozone/integration-test/target/test-dir/MiniOzoneClusterImpl-1d0a9a41-b4be-4563-b8a7-35b218604dff/datanode-5/meta/datanode.id
2019-06-13 15:30:58,627 INFO  ozone.MiniOzoneClusterImpl (MiniOzoneClusterImpl.java:lambda$waitForClusterToBeReady$0(142)) - Waiting for cluster to be ready. Got 0 of 6 DN Heartbeats.
2019-06-13 15:30:58,936 INFO  ozoneimpl.OzoneContainer (OzoneContainer.java:start(186)) - Attempting to start container services.
2019-06-13 15:30:58,936 INFO  ozoneimpl.OzoneContainer (OzoneContainer.java:startContainerScrub(160)) - Background container scrubber has been disabled by hdds.containerscrub.enabled
2019-06-13 15:30:58,937 INFO  ratis.XceiverServerRatis (XceiverServerRatis.java:start(418)) - Starting XceiverServerRatis 37038086-f9a0-4835-a23d-140cc1085d12 at port 33047
2019-06-13 15:30:58,940 INFO  impl.RaftServerProxy (RaftServerProxy.java:lambda$start$3(299)) - 37038086-f9a0-4835-a23d-140cc1085d12: start RPC server
2019-06-13 15:30:58,941 INFO  server.GrpcService (GrpcService.java:startImpl(148)) - 37038086-f9a0-4835-a23d-140cc1085d12: GrpcService started, listening on 0.0.0.0/0.0.0.0:33047
2019-06-13 15:30:59,085 INFO  ozoneimpl.OzoneContainer (OzoneContainer.java:start(186)) - Attempting to start container services.
2019-06-13 15:30:59,085 INFO  ozoneimpl.OzoneContainer (OzoneContainer.java:startContainerScrub(160)) - Background container scrubber has been disabled by hdds.containerscrub.enabled
2019-06-13 15:30:59,085 INFO  ratis.XceiverServerRatis (XceiverServerRatis.java:start(418)) - Starting XceiverServerRatis 08ceee5b-2c7e-4ad1-8a60-371a9f493f30 at port 42929
2019-06-13 15:30:59,088 INFO  impl.RaftServerProxy (RaftServerProxy.java:lambda$start$3(299)) - 08ceee5b-2c7e-4ad1-8a60-371a9f493f30: start RPC server
2019-06-13 15:30:59,089 INFO  server.GrpcService (GrpcService.java:startImpl(148)) - 08ceee5b-2c7e-4ad1-8a60-371a9f493f30: GrpcService started, listening on 0.0.0.0/0.0.0.0:42929
2019-06-13 15:30:59,109 WARN  events.EventQueue (EventQueue.java:fireEvent(147)) - Processing of TypedEvent{payloadType=DatanodeDetails, name='Stale_Node'} is skipped, EventQueue is not running
2019-06-13 15:30:59,210 WARN  events.EventQueue (EventQueue.java:fireEvent(147)) - Processing of TypedEvent{payloadType=DatanodeDetails, name='Stale_Node'} is skipped, EventQueue is not running
2019-06-13 15:30:59,210 WARN  events.EventQueue (EventQueue.java:fireEvent(147)) - Processing of TypedEvent{payloadType=DatanodeDetails, name='Stale_Node'} is skipped, EventQueue is not running
2019-06-13 15:30:59,210 WARN  events.EventQueue (EventQueue.java:fireEvent(147)) - Processing of TypedEvent{payloadType=DatanodeDetails, name='Stale_Node'} is skipped, EventQueue is not running
2019-06-13 15:30:59,225 INFO  ozoneimpl.OzoneContainer (OzoneContainer.java:start(186)) - Attempting to start container services.
2019-06-13 15:30:59,225 INFO  ozoneimpl.OzoneContainer (OzoneContainer.java:startContainerScrub(160)) - Background container scrubber has been disabled by hdds.containerscrub.enabled
2019-06-13 15:30:59,225 INFO  ratis.XceiverServerRatis (XceiverServerRatis.java:start(418)) - Starting XceiverServerRatis de5edcfb-066d-478a-afc0-8c778c3fb67c at port 46219
2019-06-13 15:30:59,229 INFO  impl.RaftServerProxy (RaftServerProxy.java:lambda$start$3(299)) - de5edcfb-066d-478a-afc0-8c778c3fb67c: start RPC server
2019-06-13 15:30:59,229 INFO  server.GrpcService (GrpcService.java:startImpl(148)) - de5edcfb-066d-478a-afc0-8c778c3fb67c: GrpcService started, listening on 0.0.0.0/0.0.0.0:46219
2019-06-13 15:30:59,354 INFO  ozoneimpl.OzoneContainer (OzoneContainer.java:start(186)) - Attempting to start container services.
2019-06-13 15:30:59,354 INFO  ozoneimpl.OzoneContainer (OzoneContainer.java:startContainerScrub(160)) - Background container scrubber has been disabled by hdds.containerscrub.enabled
2019-06-13 15:30:59,354 INFO  ratis.XceiverServerRatis (XceiverServerRatis.java:start(418)) - Starting XceiverServerRatis c368d433-b633-4795-b185-d22432798487 at port 36097
2019-06-13 15:30:59,357 INFO  impl.RaftServerProxy (RaftServerProxy.java:lambda$start$3(299)) - c368d433-b633-4795-b185-d22432798487: start RPC server
2019-06-13 15:30:59,357 INFO  server.GrpcService (GrpcService.java:startImpl(148)) - c368d433-b633-4795-b185-d22432798487: GrpcService started, listening on 0.0.0.0/0.0.0.0:36097
2019-06-13 15:30:59,517 INFO  ozoneimpl.OzoneContainer (OzoneContainer.java:start(186)) - Attempting to start container services.
2019-06-13 15:30:59,517 INFO  ozoneimpl.OzoneContainer (OzoneContainer.java:startContainerScrub(160)) - Background container scrubber has been disabled by hdds.containerscrub.enabled
2019-06-13 15:30:59,517 INFO  ratis.XceiverServerRatis (XceiverServerRatis.java:start(418)) - Starting XceiverServerRatis d9d51307-0002-4730-a001-7669c84f3b41 at port 38793
2019-06-13 15:30:59,520 INFO  impl.RaftServerProxy (RaftServerProxy.java:lambda$start$3(299)) - d9d51307-0002-4730-a001-7669c84f3b41: start RPC server
2019-06-13 15:30:59,521 INFO  server.GrpcService (GrpcService.java:startImpl(148)) - d9d51307-0002-4730-a001-7669c84f3b41: GrpcService started, listening on 0.0.0.0/0.0.0.0:38793
2019-06-13 15:30:59,627 INFO  ozone.MiniOzoneClusterImpl (MiniOzoneClusterImpl.java:lambda$waitForClusterToBeReady$0(142)) - Waiting for cluster to be ready. Got 0 of 6 DN Heartbeats.
2019-06-13 15:30:59,631 INFO  ozoneimpl.OzoneContainer (OzoneContainer.java:start(186)) - Attempting to start container services.
2019-06-13 15:30:59,631 INFO  ozoneimpl.OzoneContainer (OzoneContainer.java:startContainerScrub(160)) - Background container scrubber has been disabled by hdds.containerscrub.enabled
2019-06-13 15:30:59,631 INFO  ratis.XceiverServerRatis (XceiverServerRatis.java:start(418)) - Starting XceiverServerRatis fd89af8d-37f9-4184-a816-59618d9a68e9 at port 42955
2019-06-13 15:30:59,634 INFO  impl.RaftServerProxy (RaftServerProxy.java:lambda$start$3(299)) - fd89af8d-37f9-4184-a816-59618d9a68e9: start RPC server
2019-06-13 15:30:59,634 INFO  server.GrpcService (GrpcService.java:startImpl(148)) - fd89af8d-37f9-4184-a816-59618d9a68e9: GrpcService started, listening on 0.0.0.0/0.0.0.0:42955
2019-06-13 15:31:00,627 INFO  ozone.MiniOzoneClusterImpl (MiniOzoneClusterImpl.java:lambda$waitForClusterToBeReady$0(142)) - Waiting for cluster to be ready. Got 0 of 6 DN Heartbeats.
2019-06-13 15:31:00,932 INFO  node.SCMNodeManager (SCMNodeManager.java:register(234)) - Registered Data node : 37038086-f9a0-4835-a23d-140cc1085d12{ip: 192.168.134.103, host: ozone-ldwqp-4079303285, networkLocation: /default-rack, certSerialId: null}
2019-06-13 15:31:00,938 INFO  safemode.SCMSafeModeManager (DataNodeSafeModeRule.java:process(71)) - SCM in safe mode. 1 DataNodes registered, 1 required.
2019-06-13 15:31:00,940 INFO  safemode.SCMSafeModeManager (SCMSafeModeManager.java:validateSafeModeExitRules(177)) - ScmSafeModeManager, all rules are successfully validated
2019-06-13 15:31:00,940 INFO  safemode.SCMSafeModeManager (SCMSafeModeManager.java:exitSafeMode(193)) - SCM exiting safe mode.
2019-06-13 15:31:00,944 INFO  impl.RaftServerProxy (RaftServerProxy.java:addNew(89)) - 37038086-f9a0-4835-a23d-140cc1085d12: addNew group-4C76378A9A02:[37038086-f9a0-4835-a23d-140cc1085d12:192.168.134.103:33047] returns group-4C76378A9A02:java.util.concurrent.CompletableFuture@1666a757[Not completed]
2019-06-13 15:31:00,944 INFO  impl.RaftServerImpl (RaftServerImpl.java:<init>(91)) - 37038086-f9a0-4835-a23d-140cc1085d12: new RaftServerImpl for group-4C76378A9A02:[37038086-f9a0-4835-a23d-140cc1085d12:192.168.134.103:33047] with ContainerStateMachine:uninitialized
2019-06-13 15:31:00,944 INFO  server.RaftServerConfigKeys (ConfUtils.java:logGet(43)) - raft.server.rpc.timeout.min = 1s (custom)
2019-06-13 15:31:00,944 INFO  server.RaftServerConfigKeys (ConfUtils.java:logGet(43)) - raft.server.rpc.timeout.max = 1200ms (custom)
2019-06-13 15:31:00,944 INFO  server.RaftServerConfigKeys (ConfUtils.java:logGet(43)) - raft.server.rpcslowness.timeout = 120s (custom)
2019-06-13 15:31:00,944 INFO  server.RaftServerConfigKeys (ConfUtils.java:logGet(43)) - raft.server.log.appender.install.snapshot.enabled = true (default)
2019-06-13 15:31:00,945 INFO  impl.RaftServerImpl (ServerState.java:<init>(101)) - 37038086-f9a0-4835-a23d-140cc1085d12:group-4C76378A9A02 ConfigurationManager, init=-1: [37038086-f9a0-4835-a23d-140cc1085d12:192.168.134.103:33047], old=null, confs=<EMPTY_MAP>
2019-06-13 15:31:00,945 INFO  server.RaftServerConfigKeys (ConfUtils.java:logGet(43)) - raft.server.storage.dir = [/opt/src/hadoop-ozone/integration-test/target/test-dir/MiniOzoneClusterImpl-1d0a9a41-b4be-4563-b8a7-35b218604dff/datanode-0/data/ratis] (custom)
2019-06-13 15:31:00,945 INFO  storage.RaftStorageDirectory (RaftStorageDirectory.java:analyzeStorage(246)) - The storage directory /opt/src/hadoop-ozone/integration-test/target/test-dir/MiniOzoneClusterImpl-1d0a9a41-b4be-4563-b8a7-35b218604dff/datanode-0/data/ratis/ccea629c-08dc-499e-a721-4c76378a9a02 does not exist. Creating ...
2019-06-13 15:31:00,947 INFO  storage.RaftStorageDirectory (RaftStorageDirectory.java:tryLock(328)) - Lock on /opt/src/hadoop-ozone/integration-test/target/test-dir/MiniOzoneClusterImpl-1d0a9a41-b4be-4563-b8a7-35b218604dff/datanode-0/data/ratis/ccea629c-08dc-499e-a721-4c76378a9a02/in_use.lock acquired by nodename 13350@ozone-ldwqp-4079303285
2019-06-13 15:31:00,949 INFO  storage.RaftStorage (RaftStorage.java:format(75)) - Storage directory /opt/src/hadoop-ozone/integration-test/target/test-dir/MiniOzoneClusterImpl-1d0a9a41-b4be-4563-b8a7-35b218604dff/datanode-0/data/ratis/ccea629c-08dc-499e-a721-4c76378a9a02 has been successfully formatted.
2019-06-13 15:31:00,949 INFO  ratis.ContainerStateMachine (ContainerStateMachine.java:loadSnapshot(199)) - The snapshot info is null.Setting the last applied index to:(t:0, i:~)
2019-06-13 15:31:00,950 INFO  server.RaftServerConfigKeys (ConfUtils.java:logGet(43)) - raft.server.leader.election.timeout = 120s (custom)
2019-06-13 15:31:00,950 INFO  server.RaftServerConfigKeys (ConfUtils.java:logGet(43)) - raft.server.log.use.memory = false (default)
2019-06-13 15:31:00,950 INFO  server.RaftServerConfigKeys (ConfUtils.java:logGet(43)) - raft.server.log.appender.buffer.byte-limit = 33554432 (custom)
2019-06-13 15:31:00,950 INFO  server.RaftServerConfigKeys (ConfUtils.java:logGet(43)) - raft.server.log.segment.size.max = 16384 (custom)
2019-06-13 15:31:00,950 INFO  server.RaftServerConfigKeys (ConfUtils.java:logGet(43)) - raft.server.log.segment.cache.num.max = 2 (custom)
2019-06-13 15:31:00,950 INFO  storage.RaftLogWorker (RaftLogWorker.java:<init>(123)) - new 37038086-f9a0-4835-a23d-140cc1085d12-RaftLogWorker for Storage Directory /opt/src/hadoop-ozone/integration-test/target/test-dir/MiniOzoneClusterImpl-1d0a9a41-b4be-4563-b8a7-35b218604dff/datanode-0/data/ratis/ccea629c-08dc-499e-a721-4c76378a9a02
2019-06-13 15:31:00,950 INFO  server.RaftServerConfigKeys (ConfUtils.java:logGet(43)) - raft.server.log.queue.byte-limit = 2147483647 (custom)
2019-06-13 15:31:00,950 INFO  server.RaftServerConfigKeys (ConfUtils.java:logGet(43)) - raft.server.log.queue.element-limit = 1024 (custom)
2019-06-13 15:31:00,950 INFO  server.RaftServerConfigKeys (ConfUtils.java:logGet(43)) - raft.server.log.segment.size.max = 16384 (custom)
2019-06-13 15:31:00,950 INFO  server.RaftServerConfigKeys (ConfUtils.java:logGet(43)) - raft.server.log.preallocated.size = 16384 (custom)
2019-06-13 15:31:00,950 INFO  server.RaftServerConfigKeys (ConfUtils.java:logGet(43)) - raft.server.log.write.buffer.size = 33554432 (custom)
2019-06-13 15:31:00,950 INFO  server.RaftServerConfigKeys (ConfUtils.java:logGet(43)) - raft.server.log.force.sync.num = 128 (default)
2019-06-13 15:31:00,950 INFO  server.RaftServerConfigKeys (ConfUtils.java:logGet(43)) - raft.server.log.statemachine.data.sync = true (default)
2019-06-13 15:31:00,950 INFO  server.RaftServerConfigKeys (ConfUtils.java:logGet(43)) - raft.server.log.statemachine.data.sync.timeout = 10s (default)
2019-06-13 15:31:00,950 INFO  server.RaftServerConfigKeys (ConfUtils.java:logGet(43)) - raft.server.log.statemachine.data.sync.timeout.retry = -1 (default)
2019-06-13 15:31:00,950 INFO  server.RaftServerConfigKeys (ConfUtils.java:logGet(43)) - raft.server.log.statemachine.data.caching.enabled = true (custom)
2019-06-13 15:31:00,951 INFO  server.RaftServerConfigKeys (ConfUtils.java:logGet(43)) - raft.server.snapshot.auto.trigger.enabled = true (custom)
2019-06-13 15:31:00,951 INFO  server.RaftServerConfigKeys (ConfUtils.java:logGet(43)) - raft.server.snapshot.auto.trigger.threshold = 10000 (custom)
2019-06-13 15:31:00,951 INFO  server.RaftServerConfigKeys (ConfUtils.java:logGet(43)) - raft.server.retrycache.expirytime = 600000ms (custom)
2019-06-13 15:31:00,951 INFO  impl.RaftServerImpl (RaftServerImpl.java:start(173)) - 37038086-f9a0-4835-a23d-140cc1085d12: start group-4C76378A9A02
2019-06-13 15:31:00,951 INFO  impl.RaftServerImpl (RaftServerImpl.java:setRole(164)) - 37038086-f9a0-4835-a23d-140cc1085d12:group-4C76378A9A02 changes role from null to FOLLOWER at term 0 for startAsFollower
2019-06-13 15:31:00,951 INFO  impl.RoleInfo (RoleInfo.java:updateAndGet(143)) - 37038086-f9a0-4835-a23d-140cc1085d12: start FollowerState
2019-06-13 15:31:00,951 INFO  util.JmxRegister (JmxRegister.java:tryRegister(44)) - Successfully registered JMX Bean with object name Ratis:service=RaftServer,group=group-4C76378A9A02,id=37038086-f9a0-4835-a23d-140cc1085d12
2019-06-13 15:31:00,952 INFO  pipeline.PipelineStateManager (PipelineStateManager.java:addPipeline(56)) - Created pipeline Pipeline[ Id: ccea629c-08dc-499e-a721-4c76378a9a02, Nodes: 37038086-f9a0-4835-a23d-140cc1085d12{ip: 192.168.134.103, host: ozone-ldwqp-4079303285, networkLocation: /default-rack, certSerialId: null}, Type:RATIS, Factor:ONE, State:OPEN]
2019-06-13 15:31:01,081 INFO  node.SCMNodeManager (SCMNodeManager.java:register(234)) - Registered Data node : 08ceee5b-2c7e-4ad1-8a60-371a9f493f30{ip: 192.168.134.103, host: ozone-ldwqp-4079303285, networkLocation: /default-rack, certSerialId: null}
2019-06-13 15:31:01,086 INFO  impl.RaftServerProxy (RaftServerProxy.java:addNew(89)) - 08ceee5b-2c7e-4ad1-8a60-371a9f493f30: addNew group-479A61387F13:[08ceee5b-2c7e-4ad1-8a60-371a9f493f30:192.168.134.103:42929] returns group-479A61387F13:java.util.concurrent.CompletableFuture@7b456b98[Not completed]
2019-06-13 15:31:01,086 INFO  impl.RaftServerImpl (RaftServerImpl.java:<init>(91)) - 08ceee5b-2c7e-4ad1-8a60-371a9f493f30: new RaftServerImpl for group-479A61387F13:[08ceee5b-2c7e-4ad1-8a60-371a9f493f30:192.168.134.103:42929] with ContainerStateMachine:uninitialized
2019-06-13 15:31:01,086 INFO  server.RaftServerConfigKeys (ConfUtils.java:logGet(43)) - raft.server.rpc.timeout.min = 1s (custom)
2019-06-13 15:31:01,086 INFO  server.RaftServerConfigKeys (ConfUtils.java:logGet(43)) - raft.server.rpc.timeout.max = 1200ms (custom)
2019-06-13 15:31:01,086 INFO  server.RaftServerConfigKeys (ConfUtils.java:logGet(43)) - raft.server.rpcslowness.timeout = 120s (custom)
2019-06-13 15:31:01,086 INFO  server.RaftServerConfigKeys (ConfUtils.java:logGet(43)) - raft.server.log.appender.install.snapshot.enabled = true (default)
2019-06-13 15:31:01,087 INFO  impl.RaftServerImpl (ServerState.java:<init>(101)) - 08ceee5b-2c7e-4ad1-8a60-371a9f493f30:group-479A61387F13 ConfigurationManager, init=-1: [08ceee5b-2c7e-4ad1-8a60-371a9f493f30:192.168.134.103:42929], old=null, confs=<EMPTY_MAP>
2019-06-13 15:31:01,087 INFO  server.RaftServerConfigKeys (ConfUtils.java:logGet(43)) - raft.server.storage.dir = [/opt/src/hadoop-ozone/integration-test/target/test-dir/MiniOzoneClusterImpl-1d0a9a41-b4be-4563-b8a7-35b218604dff/datanode-1/data/ratis] (custom)
2019-06-13 15:31:01,087 INFO  storage.RaftStorageDirectory (RaftStorageDirectory.java:analyzeStorage(246)) - The storage directory /opt/src/hadoop-ozone/integration-test/target/test-dir/MiniOzoneClusterImpl-1d0a9a41-b4be-4563-b8a7-35b218604dff/datanode-1/data/ratis/d8990fec-5db9-4d61-ac1c-479a61387f13 does not exist. Creating ...
2019-06-13 15:31:01,089 INFO  storage.RaftStorageDirectory (RaftStorageDirectory.java:tryLock(328)) - Lock on /opt/src/hadoop-ozone/integration-test/target/test-dir/MiniOzoneClusterImpl-1d0a9a41-b4be-4563-b8a7-35b218604dff/datanode-1/data/ratis/d8990fec-5db9-4d61-ac1c-479a61387f13/in_use.lock acquired by nodename 13350@ozone-ldwqp-4079303285
2019-06-13 15:31:01,091 INFO  storage.RaftStorage (RaftStorage.java:format(75)) - Storage directory /opt/src/hadoop-ozone/integration-test/target/test-dir/MiniOzoneClusterImpl-1d0a9a41-b4be-4563-b8a7-35b218604dff/datanode-1/data/ratis/d8990fec-5db9-4d61-ac1c-479a61387f13 has been successfully formatted.
2019-06-13 15:31:01,091 INFO  ratis.ContainerStateMachine (ContainerStateMachine.java:loadSnapshot(199)) - The snapshot info is null.Setting the last applied index to:(t:0, i:~)
2019-06-13 15:31:01,091 INFO  server.RaftServerConfigKeys (ConfUtils.java:logGet(43)) - raft.server.leader.election.timeout = 120s (custom)
2019-06-13 15:31:01,091 INFO  server.RaftServerConfigKeys (ConfUtils.java:logGet(43)) - raft.server.log.use.memory = false (default)
2019-06-13 15:31:01,091 INFO  server.RaftServerConfigKeys (ConfUtils.java:logGet(43)) - raft.server.log.appender.buffer.byte-limit = 33554432 (custom)
2019-06-13 15:31:01,092 INFO  server.RaftServerConfigKeys (ConfUtils.java:logGet(43)) - raft.server.log.segment.size.max = 16384 (custom)
2019-06-13 15:31:01,092 INFO  server.RaftServerConfigKeys (ConfUtils.java:logGet(43)) - raft.server.log.segment.cache.num.max = 2 (custom)
2019-06-13 15:31:01,092 INFO  storage.RaftLogWorker (RaftLogWorker.java:<init>(123)) - new 08ceee5b-2c7e-4ad1-8a60-371a9f493f30-RaftLogWorker for Storage Directory /opt/src/hadoop-ozone/integration-test/target/test-dir/MiniOzoneClusterImpl-1d0a9a41-b4be-4563-b8a7-35b218604dff/datanode-1/data/ratis/d8990fec-5db9-4d61-ac1c-479a61387f13
2019-06-13 15:31:01,092 INFO  server.RaftServerConfigKeys (ConfUtils.java:logGet(43)) - raft.server.log.queue.byte-limit = 2147483647 (custom)
2019-06-13 15:31:01,092 INFO  server.RaftServerConfigKeys (ConfUtils.java:logGet(43)) - raft.server.log.queue.element-limit = 1024 (custom)
2019-06-13 15:31:01,092 INFO  server.RaftServerConfigKeys (ConfUtils.java:logGet(43)) - raft.server.log.segment.size.max = 16384 (custom)
2019-06-13 15:31:01,092 INFO  server.RaftServerConfigKeys (ConfUtils.java:logGet(43)) - raft.server.log.preallocated.size = 16384 (custom)
2019-06-13 15:31:01,092 INFO  server.RaftServerConfigKeys (ConfUtils.java:logGet(43)) - raft.server.log.write.buffer.size = 33554432 (custom)
2019-06-13 15:31:01,092 INFO  server.RaftServerConfigKeys (ConfUtils.java:logGet(43)) - raft.server.log.force.sync.num = 128 (default)
2019-06-13 15:31:01,092 INFO  server.RaftServerConfigKeys (ConfUtils.java:logGet(43)) - raft.server.log.statemachine.data.sync = true (default)
2019-06-13 15:31:01,092 INFO  server.RaftServerConfigKeys (ConfUtils.java:logGet(43)) - raft.server.log.statemachine.data.sync.timeout = 10s (default)
2019-06-13 15:31:01,092 INFO  server.RaftServerConfigKeys (ConfUtils.java:logGet(43)) - raft.server.log.statemachine.data.sync.timeout.retry = -1 (default)
2019-06-13 15:31:01,092 INFO  server.RaftServerConfigKeys (ConfUtils.java:logGet(43)) - raft.server.log.statemachine.data.caching.enabled = true (custom)
2019-06-13 15:31:01,093 INFO  server.RaftServerConfigKeys (ConfUtils.java:logGet(43)) - raft.server.snapshot.auto.trigger.enabled = true (custom)
2019-06-13 15:31:01,093 INFO  server.RaftServerConfigKeys (ConfUtils.java:logGet(43)) - raft.server.snapshot.auto.trigger.threshold = 10000 (custom)
2019-06-13 15:31:01,093 INFO  server.RaftServerConfigKeys (ConfUtils.java:logGet(43)) - raft.server.retrycache.expirytime = 600000ms (custom)
2019-06-13 15:31:01,093 INFO  impl.RaftServerImpl (RaftServerImpl.java:start(173)) - 08ceee5b-2c7e-4ad1-8a60-371a9f493f30: start group-479A61387F13
2019-06-13 15:31:01,093 INFO  impl.RaftServerImpl (RaftServerImpl.java:setRole(164)) - 08ceee5b-2c7e-4ad1-8a60-371a9f493f30:group-479A61387F13 changes role from null to FOLLOWER at term 0 for startAsFollower
2019-06-13 15:31:01,093 INFO  impl.RoleInfo (RoleInfo.java:updateAndGet(143)) - 08ceee5b-2c7e-4ad1-8a60-371a9f493f30: start FollowerState
2019-06-13 15:31:01,093 INFO  util.JmxRegister (JmxRegister.java:tryRegister(44)) - Successfully registered JMX Bean with object name Ratis:service=RaftServer,group=group-479A61387F13,id=08ceee5b-2c7e-4ad1-8a60-371a9f493f30
2019-06-13 15:31:01,095 INFO  pipeline.PipelineStateManager (PipelineStateManager.java:addPipeline(56)) - Created pipeline Pipeline[ Id: d8990fec-5db9-4d61-ac1c-479a61387f13, Nodes: 08ceee5b-2c7e-4ad1-8a60-371a9f493f30{ip: 192.168.134.103, host: ozone-ldwqp-4079303285, networkLocation: /default-rack, certSerialId: null}, Type:RATIS, Factor:ONE, State:OPEN]
2019-06-13 15:31:01,223 INFO  node.SCMNodeManager (SCMNodeManager.java:register(234)) - Registered Data node : de5edcfb-066d-478a-afc0-8c778c3fb67c{ip: 192.168.134.103, host: ozone-ldwqp-4079303285, networkLocation: /default-rack, certSerialId: null}
2019-06-13 15:31:01,228 INFO  impl.RaftServerProxy (RaftServerProxy.java:addNew(89)) - de5edcfb-066d-478a-afc0-8c778c3fb67c: addNew group-B324832FA758:[de5edcfb-066d-478a-afc0-8c778c3fb67c:192.168.134.103:46219] returns group-B324832FA758:java.util.concurrent.CompletableFuture@401f4c38[Not completed]
2019-06-13 15:31:01,229 INFO  impl.RaftServerImpl (RaftServerImpl.java:<init>(91)) - de5edcfb-066d-478a-afc0-8c778c3fb67c: new RaftServerImpl for group-B324832FA758:[de5edcfb-066d-478a-afc0-8c778c3fb67c:192.168.134.103:46219] with ContainerStateMachine:uninitialized
2019-06-13 15:31:01,229 INFO  server.RaftServerConfigKeys (ConfUtils.java:logGet(43)) - raft.server.rpc.timeout.min = 1s (custom)
2019-06-13 15:31:01,229 INFO  server.RaftServerConfigKeys (ConfUtils.java:logGet(43)) - raft.server.rpc.timeout.max = 1200ms (custom)
2019-06-13 15:31:01,229 INFO  server.RaftServerConfigKeys (ConfUtils.java:logGet(43)) - raft.server.rpcslowness.timeout = 120s (custom)
2019-06-13 15:31:01,229 INFO  server.RaftServerConfigKeys (ConfUtils.java:logGet(43)) - raft.server.log.appender.install.snapshot.enabled = true (default)
2019-06-13 15:31:01,229 INFO  impl.RaftServerImpl (ServerState.java:<init>(101)) - de5edcfb-066d-478a-afc0-8c778c3fb67c:group-B324832FA758 ConfigurationManager, init=-1: [de5edcfb-066d-478a-afc0-8c778c3fb67c:192.168.134.103:46219], old=null, confs=<EMPTY_MAP>
2019-06-13 15:31:01,229 INFO  server.RaftServerConfigKeys (ConfUtils.java:logGet(43)) - raft.server.storage.dir = [/opt/src/hadoop-ozone/integration-test/target/test-dir/MiniOzoneClusterImpl-1d0a9a41-b4be-4563-b8a7-35b218604dff/datanode-2/data/ratis] (custom)
2019-06-13 15:31:01,229 INFO  storage.RaftStorageDirectory (RaftStorageDirectory.java:analyzeStorage(246)) - The storage directory /opt/src/hadoop-ozone/integration-test/target/test-dir/MiniOzoneClusterImpl-1d0a9a41-b4be-4563-b8a7-35b218604dff/datanode-2/data/ratis/210b5ecc-8713-4b01-8c07-b324832fa758 does not exist. Creating ...
2019-06-13 15:31:01,231 INFO  storage.RaftStorageDirectory (RaftStorageDirectory.java:tryLock(328)) - Lock on /opt/src/hadoop-ozone/integration-test/target/test-dir/MiniOzoneClusterImpl-1d0a9a41-b4be-4563-b8a7-35b218604dff/datanode-2/data/ratis/210b5ecc-8713-4b01-8c07-b324832fa758/in_use.lock acquired by nodename 13350@ozone-ldwqp-4079303285
2019-06-13 15:31:01,233 INFO  storage.RaftStorage (RaftStorage.java:format(75)) - Storage directory /opt/src/hadoop-ozone/integration-test/target/test-dir/MiniOzoneClusterImpl-1d0a9a41-b4be-4563-b8a7-35b218604dff/datanode-2/data/ratis/210b5ecc-8713-4b01-8c07-b324832fa758 has been successfully formatted.
2019-06-13 15:31:01,234 INFO  ratis.ContainerStateMachine (ContainerStateMachine.java:loadSnapshot(199)) - The snapshot info is null.Setting the last applied index to:(t:0, i:~)
2019-06-13 15:31:01,234 INFO  server.RaftServerConfigKeys (ConfUtils.java:logGet(43)) - raft.server.leader.election.timeout = 120s (custom)
2019-06-13 15:31:01,234 INFO  server.RaftServerConfigKeys (ConfUtils.java:logGet(43)) - raft.server.log.use.memory = false (default)
2019-06-13 15:31:01,234 INFO  server.RaftServerConfigKeys (ConfUtils.java:logGet(43)) - raft.server.log.appender.buffer.byte-limit = 33554432 (custom)
2019-06-13 15:31:01,234 INFO  server.RaftServerConfigKeys (ConfUtils.java:logGet(43)) - raft.server.log.segment.size.max = 16384 (custom)
2019-06-13 15:31:01,234 INFO  server.RaftServerConfigKeys (ConfUtils.java:logGet(43)) - raft.server.log.segment.cache.num.max = 2 (custom)
2019-06-13 15:31:01,234 INFO  storage.RaftLogWorker (RaftLogWorker.java:<init>(123)) - new de5edcfb-066d-478a-afc0-8c778c3fb67c-RaftLogWorker for Storage Directory /opt/src/hadoop-ozone/integration-test/target/test-dir/MiniOzoneClusterImpl-1d0a9a41-b4be-4563-b8a7-35b218604dff/datanode-2/data/ratis/210b5ecc-8713-4b01-8c07-b324832fa758
2019-06-13 15:31:01,234 INFO  server.RaftServerConfigKeys (ConfUtils.java:logGet(43)) - raft.server.log.queue.byte-limit = 2147483647 (custom)
2019-06-13 15:31:01,234 INFO  server.RaftServerConfigKeys (ConfUtils.java:logGet(43)) - raft.server.log.queue.element-limit = 1024 (custom)
2019-06-13 15:31:01,234 INFO  server.RaftServerConfigKeys (ConfUtils.java:logGet(43)) - raft.server.log.segment.size.max = 16384 (custom)
2019-06-13 15:31:01,234 INFO  server.RaftServerConfigKeys (ConfUtils.java:logGet(43)) - raft.server.log.preallocated.size = 16384 (custom)
2019-06-13 15:31:01,234 INFO  server.RaftServerConfigKeys (ConfUtils.java:logGet(43)) - raft.server.log.write.buffer.size = 33554432 (custom)
2019-06-13 15:31:01,234 INFO  server.RaftServerConfigKeys (ConfUtils.java:logGet(43)) - raft.server.log.force.sync.num = 128 (default)
2019-06-13 15:31:01,234 INFO  server.RaftServerConfigKeys (ConfUtils.java:logGet(43)) - raft.server.log.statemachine.data.sync = true (default)
2019-06-13 15:31:01,234 INFO  server.RaftServerConfigKeys (ConfUtils.java:logGet(43)) - raft.server.log.statemachine.data.sync.timeout = 10s (default)
2019-06-13 15:31:01,234 INFO  server.RaftServerConfigKeys (ConfUtils.java:logGet(43)) - raft.server.log.statemachine.data.sync.timeout.retry = -1 (default)
2019-06-13 15:31:01,235 INFO  server.RaftServerConfigKeys (ConfUtils.java:logGet(43)) - raft.server.log.statemachine.data.caching.enabled = true (custom)
2019-06-13 15:31:01,235 INFO  server.RaftServerConfigKeys (ConfUtils.java:logGet(43)) - raft.server.snapshot.auto.trigger.enabled = true (custom)
2019-06-13 15:31:01,235 INFO  server.RaftServerConfigKeys (ConfUtils.java:logGet(43)) - raft.server.snapshot.auto.trigger.threshold = 10000 (custom)
2019-06-13 15:31:01,235 INFO  server.RaftServerConfigKeys (ConfUtils.java:logGet(43)) - raft.server.retrycache.expirytime = 600000ms (custom)
2019-06-13 15:31:01,235 INFO  impl.RaftServerImpl (RaftServerImpl.java:start(173)) - de5edcfb-066d-478a-afc0-8c778c3fb67c: start group-B324832FA758
2019-06-13 15:31:01,235 INFO  impl.RaftServerImpl (RaftServerImpl.java:setRole(164)) - de5edcfb-066d-478a-afc0-8c778c3fb67c:group-B324832FA758 changes role from null to FOLLOWER at term 0 for startAsFollower
2019-06-13 15:31:01,235 INFO  impl.RoleInfo (RoleInfo.java:updateAndGet(143)) - de5edcfb-066d-478a-afc0-8c778c3fb67c: start FollowerState
2019-06-13 15:31:01,236 INFO  util.JmxRegister (JmxRegister.java:tryRegister(44)) - Successfully registered JMX Bean with object name Ratis:service=RaftServer,group=group-B324832FA758,id=de5edcfb-066d-478a-afc0-8c778c3fb67c
2019-06-13 15:31:01,237 INFO  pipeline.PipelineStateManager (PipelineStateManager.java:addPipeline(56)) - Created pipeline Pipeline[ Id: 210b5ecc-8713-4b01-8c07-b324832fa758, Nodes: de5edcfb-066d-478a-afc0-8c778c3fb67c{ip: 192.168.134.103, host: ozone-ldwqp-4079303285, networkLocation: /default-rack, certSerialId: null}, Type:RATIS, Factor:ONE, State:OPEN]
2019-06-13 15:31:01,246 INFO  impl.RaftServerProxy (RaftServerProxy.java:addNew(89)) - de5edcfb-066d-478a-afc0-8c778c3fb67c: addNew group-BBEC3AB39D59:[de5edcfb-066d-478a-afc0-8c778c3fb67c:192.168.134.103:46219, 37038086-f9a0-4835-a23d-140cc1085d12:192.168.134.103:33047, 08ceee5b-2c7e-4ad1-8a60-371a9f493f30:192.168.134.103:42929] returns group-BBEC3AB39D59:java.util.concurrent.CompletableFuture@7627d890[Not completed]
2019-06-13 15:31:01,247 INFO  impl.RaftServerImpl (RaftServerImpl.java:<init>(91)) - de5edcfb-066d-478a-afc0-8c778c3fb67c: new RaftServerImpl for group-BBEC3AB39D59:[de5edcfb-066d-478a-afc0-8c778c3fb67c:192.168.134.103:46219, 37038086-f9a0-4835-a23d-140cc1085d12:192.168.134.103:33047, 08ceee5b-2c7e-4ad1-8a60-371a9f493f30:192.168.134.103:42929] with ContainerStateMachine:uninitialized
2019-06-13 15:31:01,247 INFO  server.RaftServerConfigKeys (ConfUtils.java:logGet(43)) - raft.server.rpc.timeout.min = 1s (custom)
2019-06-13 15:31:01,247 INFO  server.RaftServerConfigKeys (ConfUtils.java:logGet(43)) - raft.server.rpc.timeout.max = 1200ms (custom)
2019-06-13 15:31:01,247 INFO  server.RaftServerConfigKeys (ConfUtils.java:logGet(43)) - raft.server.rpcslowness.timeout = 120s (custom)
2019-06-13 15:31:01,247 INFO  server.RaftServerConfigKeys (ConfUtils.java:logGet(43)) - raft.server.log.appender.install.snapshot.enabled = true (default)
2019-06-13 15:31:01,247 INFO  impl.RaftServerImpl (ServerState.java:<init>(101)) - de5edcfb-066d-478a-afc0-8c778c3fb67c:group-BBEC3AB39D59 ConfigurationManager, init=-1: [de5edcfb-066d-478a-afc0-8c778c3fb67c:192.168.134.103:46219, 37038086-f9a0-4835-a23d-140cc1085d12:192.168.134.103:33047, 08ceee5b-2c7e-4ad1-8a60-371a9f493f30:192.168.134.103:42929], old=null, confs=<EMPTY_MAP>
2019-06-13 15:31:01,247 INFO  server.RaftServerConfigKeys (ConfUtils.java:logGet(43)) - raft.server.storage.dir = [/opt/src/hadoop-ozone/integration-test/target/test-dir/MiniOzoneClusterImpl-1d0a9a41-b4be-4563-b8a7-35b218604dff/datanode-2/data/ratis] (custom)
2019-06-13 15:31:01,247 INFO  storage.RaftStorageDirectory (RaftStorageDirectory.java:analyzeStorage(246)) - The storage directory /opt/src/hadoop-ozone/integration-test/target/test-dir/MiniOzoneClusterImpl-1d0a9a41-b4be-4563-b8a7-35b218604dff/datanode-2/data/ratis/d75f09f9-48b1-4cb3-99d8-bbec3ab39d59 does not exist. Creating ...
2019-06-13 15:31:01,248 INFO  impl.RaftServerProxy (RaftServerProxy.java:addNew(89)) - 37038086-f9a0-4835-a23d-140cc1085d12: addNew group-BBEC3AB39D59:[de5edcfb-066d-478a-afc0-8c778c3fb67c:192.168.134.103:46219, 37038086-f9a0-4835-a23d-140cc1085d12:192.168.134.103:33047, 08ceee5b-2c7e-4ad1-8a60-371a9f493f30:192.168.134.103:42929] returns group-BBEC3AB39D59:java.util.concurrent.CompletableFuture@5e2e7613[Not completed]
2019-06-13 15:31:01,248 INFO  impl.RaftServerProxy (RaftServerProxy.java:addNew(89)) - 08ceee5b-2c7e-4ad1-8a60-371a9f493f30: addNew group-BBEC3AB39D59:[de5edcfb-066d-478a-afc0-8c778c3fb67c:192.168.134.103:46219, 37038086-f9a0-4835-a23d-140cc1085d12:192.168.134.103:33047, 08ceee5b-2c7e-4ad1-8a60-371a9f493f30:192.168.134.103:42929] returns group-BBEC3AB39D59:java.util.concurrent.CompletableFuture@6b47bf83[Not completed]
2019-06-13 15:31:01,248 INFO  impl.RaftServerImpl (RaftServerImpl.java:<init>(91)) - 37038086-f9a0-4835-a23d-140cc1085d12: new RaftServerImpl for group-BBEC3AB39D59:[de5edcfb-066d-478a-afc0-8c778c3fb67c:192.168.134.103:46219, 37038086-f9a0-4835-a23d-140cc1085d12:192.168.134.103:33047, 08ceee5b-2c7e-4ad1-8a60-371a9f493f30:192.168.134.103:42929] with ContainerStateMachine:uninitialized
2019-06-13 15:31:01,248 INFO  server.RaftServerConfigKeys (ConfUtils.java:logGet(43)) - raft.server.rpc.timeout.min = 1s (custom)
2019-06-13 15:31:01,248 INFO  server.RaftServerConfigKeys (ConfUtils.java:logGet(43)) - raft.server.rpc.timeout.max = 1200ms (custom)
2019-06-13 15:31:01,248 INFO  server.RaftServerConfigKeys (ConfUtils.java:logGet(43)) - raft.server.rpcslowness.timeout = 120s (custom)
2019-06-13 15:31:01,248 INFO  server.RaftServerConfigKeys (ConfUtils.java:logGet(43)) - raft.server.log.appender.install.snapshot.enabled = true (default)
2019-06-13 15:31:01,248 INFO  impl.RaftServerImpl (ServerState.java:<init>(101)) - 37038086-f9a0-4835-a23d-140cc1085d12:group-BBEC3AB39D59 ConfigurationManager, init=-1: [de5edcfb-066d-478a-afc0-8c778c3fb67c:192.168.134.103:46219, 37038086-f9a0-4835-a23d-140cc1085d12:192.168.134.103:33047, 08ceee5b-2c7e-4ad1-8a60-371a9f493f30:192.168.134.103:42929], old=null, confs=<EMPTY_MAP>
2019-06-13 15:31:01,249 INFO  server.RaftServerConfigKeys (ConfUtils.java:logGet(43)) - raft.server.storage.dir = [/opt/src/hadoop-ozone/integration-test/target/test-dir/MiniOzoneClusterImpl-1d0a9a41-b4be-4563-b8a7-35b218604dff/datanode-0/data/ratis] (custom)
2019-06-13 15:31:01,249 INFO  storage.RaftStorageDirectory (RaftStorageDirectory.java:analyzeStorage(246)) - The storage directory /opt/src/hadoop-ozone/integration-test/target/test-dir/MiniOzoneClusterImpl-1d0a9a41-b4be-4563-b8a7-35b218604dff/datanode-0/data/ratis/d75f09f9-48b1-4cb3-99d8-bbec3ab39d59 does not exist. Creating ...
2019-06-13 15:31:01,249 INFO  impl.RaftServerImpl (RaftServerImpl.java:<init>(91)) - 08ceee5b-2c7e-4ad1-8a60-371a9f493f30: new RaftServerImpl for group-BBEC3AB39D59:[de5edcfb-066d-478a-afc0-8c778c3fb67c:192.168.134.103:46219, 37038086-f9a0-4835-a23d-140cc1085d12:192.168.134.103:33047, 08ceee5b-2c7e-4ad1-8a60-371a9f493f30:192.168.134.103:42929] with ContainerStateMachine:uninitialized
2019-06-13 15:31:01,249 INFO  server.RaftServerConfigKeys (ConfUtils.java:logGet(43)) - raft.server.rpc.timeout.min = 1s (custom)
2019-06-13 15:31:01,249 INFO  server.RaftServerConfigKeys (ConfUtils.java:logGet(43)) - raft.server.rpc.timeout.max = 1200ms (custom)
2019-06-13 15:31:01,249 INFO  server.RaftServerConfigKeys (ConfUtils.java:logGet(43)) - raft.server.rpcslowness.timeout = 120s (custom)
2019-06-13 15:31:01,249 INFO  server.RaftServerConfigKeys (ConfUtils.java:logGet(43)) - raft.server.log.appender.install.snapshot.enabled = true (default)
2019-06-13 15:31:01,249 INFO  storage.RaftStorageDirectory (RaftStorageDirectory.java:tryLock(328)) - Lock on /opt/src/hadoop-ozone/integration-test/target/test-dir/MiniOzoneClusterImpl-1d0a9a41-b4be-4563-b8a7-35b218604dff/datanode-2/data/ratis/d75f09f9-48b1-4cb3-99d8-bbec3ab39d59/in_use.lock acquired by nodename 13350@ozone-ldwqp-4079303285
2019-06-13 15:31:01,250 INFO  impl.RaftServerImpl (ServerState.java:<init>(101)) - 08ceee5b-2c7e-4ad1-8a60-371a9f493f30:group-BBEC3AB39D59 ConfigurationManager, init=-1: [de5edcfb-066d-478a-afc0-8c778c3fb67c:192.168.134.103:46219, 37038086-f9a0-4835-a23d-140cc1085d12:192.168.134.103:33047, 08ceee5b-2c7e-4ad1-8a60-371a9f493f30:192.168.134.103:42929], old=null, confs=<EMPTY_MAP>
2019-06-13 15:31:01,250 INFO  server.RaftServerConfigKeys (ConfUtils.java:logGet(43)) - raft.server.storage.dir = [/opt/src/hadoop-ozone/integration-test/target/test-dir/MiniOzoneClusterImpl-1d0a9a41-b4be-4563-b8a7-35b218604dff/datanode-1/data/ratis] (custom)
2019-06-13 15:31:01,250 INFO  storage.RaftStorageDirectory (RaftStorageDirectory.java:analyzeStorage(246)) - The storage directory /opt/src/hadoop-ozone/integration-test/target/test-dir/MiniOzoneClusterImpl-1d0a9a41-b4be-4563-b8a7-35b218604dff/datanode-1/data/ratis/d75f09f9-48b1-4cb3-99d8-bbec3ab39d59 does not exist. Creating ...
2019-06-13 15:31:01,251 INFO  storage.RaftStorageDirectory (RaftStorageDirectory.java:tryLock(328)) - Lock on /opt/src/hadoop-ozone/integration-test/target/test-dir/MiniOzoneClusterImpl-1d0a9a41-b4be-4563-b8a7-35b218604dff/datanode-0/data/ratis/d75f09f9-48b1-4cb3-99d8-bbec3ab39d59/in_use.lock acquired by nodename 13350@ozone-ldwqp-4079303285
2019-06-13 15:31:01,252 INFO  storage.RaftStorageDirectory (RaftStorageDirectory.java:tryLock(328)) - Lock on /opt/src/hadoop-ozone/integration-test/target/test-dir/MiniOzoneClusterImpl-1d0a9a41-b4be-4563-b8a7-35b218604dff/datanode-1/data/ratis/d75f09f9-48b1-4cb3-99d8-bbec3ab39d59/in_use.lock acquired by nodename 13350@ozone-ldwqp-4079303285
2019-06-13 15:31:01,252 INFO  storage.RaftStorage (RaftStorage.java:format(75)) - Storage directory /opt/src/hadoop-ozone/integration-test/target/test-dir/MiniOzoneClusterImpl-1d0a9a41-b4be-4563-b8a7-35b218604dff/datanode-2/data/ratis/d75f09f9-48b1-4cb3-99d8-bbec3ab39d59 has been successfully formatted.
2019-06-13 15:31:01,253 INFO  ratis.ContainerStateMachine (ContainerStateMachine.java:loadSnapshot(199)) - The snapshot info is null.Setting the last applied index to:(t:0, i:~)
2019-06-13 15:31:01,253 INFO  server.RaftServerConfigKeys (ConfUtils.java:logGet(43)) - raft.server.leader.election.timeout = 120s (custom)
2019-06-13 15:31:01,253 INFO  server.RaftServerConfigKeys (ConfUtils.java:logGet(43)) - raft.server.log.use.memory = false (default)
2019-06-13 15:31:01,253 INFO  server.RaftServerConfigKeys (ConfUtils.java:logGet(43)) - raft.server.log.appender.buffer.byte-limit = 33554432 (custom)
2019-06-13 15:31:01,253 INFO  server.RaftServerConfigKeys (ConfUtils.java:logGet(43)) - raft.server.log.segment.size.max = 16384 (custom)
2019-06-13 15:31:01,253 INFO  server.RaftServerConfigKeys (ConfUtils.java:logGet(43)) - raft.server.log.segment.cache.num.max = 2 (custom)
2019-06-13 15:31:01,253 INFO  storage.RaftLogWorker (RaftLogWorker.java:<init>(123)) - new de5edcfb-066d-478a-afc0-8c778c3fb67c-RaftLogWorker for Storage Directory /opt/src/hadoop-ozone/integration-test/target/test-dir/MiniOzoneClusterImpl-1d0a9a41-b4be-4563-b8a7-35b218604dff/datanode-2/data/ratis/d75f09f9-48b1-4cb3-99d8-bbec3ab39d59
2019-06-13 15:31:01,253 INFO  server.RaftServerConfigKeys (ConfUtils.java:logGet(43)) - raft.server.log.queue.byte-limit = 2147483647 (custom)
2019-06-13 15:31:01,253 INFO  server.RaftServerConfigKeys (ConfUtils.java:logGet(43)) - raft.server.log.queue.element-limit = 1024 (custom)
2019-06-13 15:31:01,253 INFO  server.RaftServerConfigKeys (ConfUtils.java:logGet(43)) - raft.server.log.segment.size.max = 16384 (custom)
2019-06-13 15:31:01,253 INFO  server.RaftServerConfigKeys (ConfUtils.java:logGet(43)) - raft.server.log.preallocated.size = 16384 (custom)
2019-06-13 15:31:01,254 INFO  server.RaftServerConfigKeys (ConfUtils.java:logGet(43)) - raft.server.log.write.buffer.size = 33554432 (custom)
2019-06-13 15:31:01,254 INFO  server.RaftServerConfigKeys (ConfUtils.java:logGet(43)) - raft.server.log.force.sync.num = 128 (default)
2019-06-13 15:31:01,254 INFO  server.RaftServerConfigKeys (ConfUtils.java:logGet(43)) - raft.server.log.statemachine.data.sync = true (default)
2019-06-13 15:31:01,254 INFO  server.RaftServerConfigKeys (ConfUtils.java:logGet(43)) - raft.server.log.statemachine.data.sync.timeout = 10s (default)
2019-06-13 15:31:01,254 INFO  storage.RaftStorage (RaftStorage.java:format(75)) - Storage directory /opt/src/hadoop-ozone/integration-test/target/test-dir/MiniOzoneClusterImpl-1d0a9a41-b4be-4563-b8a7-35b218604dff/datanode-0/data/ratis/d75f09f9-48b1-4cb3-99d8-bbec3ab39d59 has been successfully formatted.
2019-06-13 15:31:01,254 INFO  server.RaftServerConfigKeys (ConfUtils.java:logGet(43)) - raft.server.log.statemachine.data.sync.timeout.retry = -1 (default)
2019-06-13 15:31:01,254 INFO  ratis.ContainerStateMachine (ContainerStateMachine.java:loadSnapshot(199)) - The snapshot info is null.Setting the last applied index to:(t:0, i:~)
2019-06-13 15:31:01,254 INFO  server.RaftServerConfigKeys (ConfUtils.java:logGet(43)) - raft.server.log.statemachine.data.caching.enabled = true (custom)
2019-06-13 15:31:01,254 INFO  server.RaftServerConfigKeys (ConfUtils.java:logGet(43)) - raft.server.leader.election.timeout = 120s (custom)
2019-06-13 15:31:01,254 INFO  server.RaftServerConfigKeys (ConfUtils.java:logGet(43)) - raft.server.log.use.memory = false (default)
2019-06-13 15:31:01,254 INFO  server.RaftServerConfigKeys (ConfUtils.java:logGet(43)) - raft.server.log.appender.buffer.byte-limit = 33554432 (custom)
2019-06-13 15:31:01,254 INFO  server.RaftServerConfigKeys (ConfUtils.java:logGet(43)) - raft.server.log.segment.size.max = 16384 (custom)
2019-06-13 15:31:01,254 INFO  server.RaftServerConfigKeys (ConfUtils.java:logGet(43)) - raft.server.log.segment.cache.num.max = 2 (custom)
2019-06-13 15:31:01,254 INFO  storage.RaftLogWorker (RaftLogWorker.java:<init>(123)) - new 37038086-f9a0-4835-a23d-140cc1085d12-RaftLogWorker for Storage Directory /opt/src/hadoop-ozone/integration-test/target/test-dir/MiniOzoneClusterImpl-1d0a9a41-b4be-4563-b8a7-35b218604dff/datanode-0/data/ratis/d75f09f9-48b1-4cb3-99d8-bbec3ab39d59
2019-06-13 15:31:01,254 INFO  server.RaftServerConfigKeys (ConfUtils.java:logGet(43)) - raft.server.log.queue.byte-limit = 2147483647 (custom)
2019-06-13 15:31:01,255 INFO  server.RaftServerConfigKeys (ConfUtils.java:logGet(43)) - raft.server.log.queue.element-limit = 1024 (custom)
2019-06-13 15:31:01,255 INFO  server.RaftServerConfigKeys (ConfUtils.java:logGet(43)) - raft.server.log.segment.size.max = 16384 (custom)
2019-06-13 15:31:01,255 INFO  server.RaftServerConfigKeys (ConfUtils.java:logGet(43)) - raft.server.log.preallocated.size = 16384 (custom)
2019-06-13 15:31:01,255 INFO  server.RaftServerConfigKeys (ConfUtils.java:logGet(43)) - raft.server.log.write.buffer.size = 33554432 (custom)
2019-06-13 15:31:01,255 INFO  server.RaftServerConfigKeys (ConfUtils.java:logGet(43)) - raft.server.log.force.sync.num = 128 (default)
2019-06-13 15:31:01,255 INFO  server.RaftServerConfigKeys (ConfUtils.java:logGet(43)) - raft.server.log.statemachine.data.sync = true (default)
2019-06-13 15:31:01,255 INFO  server.RaftServerConfigKeys (ConfUtils.java:logGet(43)) - raft.server.log.statemachine.data.sync.timeout = 10s (default)
2019-06-13 15:31:01,255 INFO  server.RaftServerConfigKeys (ConfUtils.java:logGet(43)) - raft.server.log.statemachine.data.sync.timeout.retry = -1 (default)
2019-06-13 15:31:01,255 INFO  server.RaftServerConfigKeys (ConfUtils.java:logGet(43)) - raft.server.snapshot.auto.trigger.enabled = true (custom)
2019-06-13 15:31:01,255 INFO  server.RaftServerConfigKeys (ConfUtils.java:logGet(43)) - raft.server.log.statemachine.data.caching.enabled = true (custom)
2019-06-13 15:31:01,255 INFO  server.RaftServerConfigKeys (ConfUtils.java:logGet(43)) - raft.server.snapshot.auto.trigger.threshold = 10000 (custom)
2019-06-13 15:31:01,255 INFO  storage.RaftStorage (RaftStorage.java:format(75)) - Storage directory /opt/src/hadoop-ozone/integration-test/target/test-dir/MiniOzoneClusterImpl-1d0a9a41-b4be-4563-b8a7-35b218604dff/datanode-1/data/ratis/d75f09f9-48b1-4cb3-99d8-bbec3ab39d59 has been successfully formatted.
2019-06-13 15:31:01,255 INFO  server.RaftServerConfigKeys (ConfUtils.java:logGet(43)) - raft.server.snapshot.auto.trigger.enabled = true (custom)
2019-06-13 15:31:01,255 INFO  ratis.ContainerStateMachine (ContainerStateMachine.java:loadSnapshot(199)) - The snapshot info is null.Setting the last applied index to:(t:0, i:~)
2019-06-13 15:31:01,255 INFO  server.RaftServerConfigKeys (ConfUtils.java:logGet(43)) - raft.server.retrycache.expirytime = 600000ms (custom)
2019-06-13 15:31:01,255 INFO  server.RaftServerConfigKeys (ConfUtils.java:logGet(43)) - raft.server.leader.election.timeout = 120s (custom)
2019-06-13 15:31:01,256 INFO  impl.RaftServerImpl (RaftServerImpl.java:start(173)) - de5edcfb-066d-478a-afc0-8c778c3fb67c: start group-BBEC3AB39D59
2019-06-13 15:31:01,255 INFO  server.RaftServerConfigKeys (ConfUtils.java:logGet(43)) - raft.server.snapshot.auto.trigger.threshold = 10000 (custom)
2019-06-13 15:31:01,256 INFO  impl.RaftServerImpl (RaftServerImpl.java:setRole(164)) - de5edcfb-066d-478a-afc0-8c778c3fb67c:group-BBEC3AB39D59 changes role from null to FOLLOWER at term 0 for startAsFollower
2019-06-13 15:31:01,256 INFO  server.RaftServerConfigKeys (ConfUtils.java:logGet(43)) - raft.server.log.use.memory = false (default)
2019-06-13 15:31:01,256 INFO  impl.RoleInfo (RoleInfo.java:updateAndGet(143)) - de5edcfb-066d-478a-afc0-8c778c3fb67c: start FollowerState
2019-06-13 15:31:01,256 INFO  server.RaftServerConfigKeys (ConfUtils.java:logGet(43)) - raft.server.retrycache.expirytime = 600000ms (custom)
2019-06-13 15:31:01,256 INFO  impl.RaftServerImpl (RaftServerImpl.java:start(173)) - 37038086-f9a0-4835-a23d-140cc1085d12: start group-BBEC3AB39D59
2019-06-13 15:31:01,256 INFO  impl.RaftServerImpl (RaftServerImpl.java:setRole(164)) - 37038086-f9a0-4835-a23d-140cc1085d12:group-BBEC3AB39D59 changes role from null to FOLLOWER at term 0 for startAsFollower
2019-06-13 15:31:01,256 INFO  impl.RoleInfo (RoleInfo.java:updateAndGet(143)) - 37038086-f9a0-4835-a23d-140cc1085d12: start FollowerState
2019-06-13 15:31:01,256 INFO  server.RaftServerConfigKeys (ConfUtils.java:logGet(43)) - raft.server.log.appender.buffer.byte-limit = 33554432 (custom)
2019-06-13 15:31:01,256 INFO  util.JmxRegister (JmxRegister.java:tryRegister(44)) - Successfully registered JMX Bean with object name Ratis:service=RaftServer,group=group-BBEC3AB39D59,id=de5edcfb-066d-478a-afc0-8c778c3fb67c
2019-06-13 15:31:01,256 INFO  server.RaftServerConfigKeys (ConfUtils.java:logGet(43)) - raft.server.log.segment.size.max = 16384 (custom)
2019-06-13 15:31:01,257 INFO  server.RaftServerConfigKeys (ConfUtils.java:logGet(43)) - raft.server.log.segment.cache.num.max = 2 (custom)
2019-06-13 15:31:01,257 INFO  storage.RaftLogWorker (RaftLogWorker.java:<init>(123)) - new 08ceee5b-2c7e-4ad1-8a60-371a9f493f30-RaftLogWorker for Storage Directory /opt/src/hadoop-ozone/integration-test/target/test-dir/MiniOzoneClusterImpl-1d0a9a41-b4be-4563-b8a7-35b218604dff/datanode-1/data/ratis/d75f09f9-48b1-4cb3-99d8-bbec3ab39d59
2019-06-13 15:31:01,257 INFO  server.RaftServerConfigKeys (ConfUtils.java:logGet(43)) - raft.server.log.queue.byte-limit = 2147483647 (custom)
2019-06-13 15:31:01,257 INFO  server.RaftServerConfigKeys (ConfUtils.java:logGet(43)) - raft.server.log.queue.element-limit = 1024 (custom)
2019-06-13 15:31:01,257 INFO  server.RaftServerConfigKeys (ConfUtils.java:logGet(43)) - raft.server.log.segment.size.max = 16384 (custom)
2019-06-13 15:31:01,257 INFO  server.RaftServerConfigKeys (ConfUtils.java:logGet(43)) - raft.server.log.preallocated.size = 16384 (custom)
2019-06-13 15:31:01,257 INFO  server.RaftServerConfigKeys (ConfUtils.java:logGet(43)) - raft.server.log.write.buffer.size = 33554432 (custom)
2019-06-13 15:31:01,257 INFO  server.RaftServerConfigKeys (ConfUtils.java:logGet(43)) - raft.server.log.force.sync.num = 128 (default)
2019-06-13 15:31:01,257 INFO  server.RaftServerConfigKeys (ConfUtils.java:logGet(43)) - raft.server.log.statemachine.data.sync = true (default)
2019-06-13 15:31:01,257 INFO  server.RaftServerConfigKeys (ConfUtils.java:logGet(43)) - raft.server.log.statemachine.data.sync.timeout = 10s (default)
2019-06-13 15:31:01,257 INFO  server.RaftServerConfigKeys (ConfUtils.java:logGet(43)) - raft.server.log.statemachine.data.sync.timeout.retry = -1 (default)
2019-06-13 15:31:01,258 INFO  server.RaftServerConfigKeys (ConfUtils.java:logGet(43)) - raft.server.log.statemachine.data.caching.enabled = true (custom)
2019-06-13 15:31:01,256 INFO  util.JmxRegister (JmxRegister.java:tryRegister(44)) - Successfully registered JMX Bean with object name Ratis:service=RaftServer,group=group-BBEC3AB39D59,id=37038086-f9a0-4835-a23d-140cc1085d12
2019-06-13 15:31:01,258 INFO  server.RaftServerConfigKeys (ConfUtils.java:logGet(43)) - raft.server.snapshot.auto.trigger.enabled = true (custom)
2019-06-13 15:31:01,258 INFO  server.RaftServerConfigKeys (ConfUtils.java:logGet(43)) - raft.server.snapshot.auto.trigger.threshold = 10000 (custom)
2019-06-13 15:31:01,258 INFO  server.RaftServerConfigKeys (ConfUtils.java:logGet(43)) - raft.server.retrycache.expirytime = 600000ms (custom)
2019-06-13 15:31:01,258 INFO  impl.RaftServerImpl (RaftServerImpl.java:start(173)) - 08ceee5b-2c7e-4ad1-8a60-371a9f493f30: start group-BBEC3AB39D59
2019-06-13 15:31:01,258 INFO  impl.RaftServerImpl (RaftServerImpl.java:setRole(164)) - 08ceee5b-2c7e-4ad1-8a60-371a9f493f30:group-BBEC3AB39D59 changes role from null to FOLLOWER at term 0 for startAsFollower
2019-06-13 15:31:01,258 INFO  impl.RoleInfo (RoleInfo.java:updateAndGet(143)) - 08ceee5b-2c7e-4ad1-8a60-371a9f493f30: start FollowerState
2019-06-13 15:31:01,259 INFO  util.JmxRegister (JmxRegister.java:tryRegister(44)) - Successfully registered JMX Bean with object name Ratis:service=RaftServer,group=group-BBEC3AB39D59,id=08ceee5b-2c7e-4ad1-8a60-371a9f493f30
2019-06-13 15:31:01,263 INFO  pipeline.PipelineStateManager (PipelineStateManager.java:addPipeline(56)) - Created pipeline Pipeline[ Id: d75f09f9-48b1-4cb3-99d8-bbec3ab39d59, Nodes: de5edcfb-066d-478a-afc0-8c778c3fb67c{ip: 192.168.134.103, host: ozone-ldwqp-4079303285, networkLocation: /default-rack, certSerialId: null}08ceee5b-2c7e-4ad1-8a60-371a9f493f30{ip: 192.168.134.103, host: ozone-ldwqp-4079303285, networkLocation: /default-rack, certSerialId: null}37038086-f9a0-4835-a23d-140cc1085d12{ip: 192.168.134.103, host: ozone-ldwqp-4079303285, networkLocation: /default-rack, certSerialId: null}, Type:RATIS, Factor:THREE, State:OPEN]
2019-06-13 15:31:01,351 INFO  node.SCMNodeManager (SCMNodeManager.java:register(234)) - Registered Data node : c368d433-b633-4795-b185-d22432798487{ip: 192.168.134.103, host: ozone-ldwqp-4079303285, networkLocation: /default-rack, certSerialId: null}
2019-06-13 15:31:01,356 INFO  impl.RaftServerProxy (RaftServerProxy.java:addNew(89)) - c368d433-b633-4795-b185-d22432798487: addNew group-28FA5C6A8AAC:[c368d433-b633-4795-b185-d22432798487:192.168.134.103:36097] returns group-28FA5C6A8AAC:java.util.concurrent.CompletableFuture@54618ade[Not completed]
2019-06-13 15:31:01,357 INFO  impl.RaftServerImpl (RaftServerImpl.java:<init>(91)) - c368d433-b633-4795-b185-d22432798487: new RaftServerImpl for group-28FA5C6A8AAC:[c368d433-b633-4795-b185-d22432798487:192.168.134.103:36097] with ContainerStateMachine:uninitialized
2019-06-13 15:31:01,357 INFO  server.RaftServerConfigKeys (ConfUtils.java:logGet(43)) - raft.server.rpc.timeout.min = 1s (custom)
2019-06-13 15:31:01,357 INFO  server.RaftServerConfigKeys (ConfUtils.java:logGet(43)) - raft.server.rpc.timeout.max = 1200ms (custom)
2019-06-13 15:31:01,357 INFO  server.RaftServerConfigKeys (ConfUtils.java:logGet(43)) - raft.server.rpcslowness.timeout = 120s (custom)
2019-06-13 15:31:01,357 INFO  server.RaftServerConfigKeys (ConfUtils.java:logGet(43)) - raft.server.log.appender.install.snapshot.enabled = true (default)
2019-06-13 15:31:01,357 INFO  impl.RaftServerImpl (ServerState.java:<init>(101)) - c368d433-b633-4795-b185-d22432798487:group-28FA5C6A8AAC ConfigurationManager, init=-1: [c368d433-b633-4795-b185-d22432798487:192.168.134.103:36097], old=null, confs=<EMPTY_MAP>
2019-06-13 15:31:01,357 INFO  server.RaftServerConfigKeys (ConfUtils.java:logGet(43)) - raft.server.storage.dir = [/opt/src/hadoop-ozone/integration-test/target/test-dir/MiniOzoneClusterImpl-1d0a9a41-b4be-4563-b8a7-35b218604dff/datanode-3/data/ratis] (custom)
2019-06-13 15:31:01,357 INFO  storage.RaftStorageDirectory (RaftStorageDirectory.java:analyzeStorage(246)) - The storage directory /opt/src/hadoop-ozone/integration-test/target/test-dir/MiniOzoneClusterImpl-1d0a9a41-b4be-4563-b8a7-35b218604dff/datanode-3/data/ratis/4e436338-f996-4f1e-bb78-28fa5c6a8aac does not exist. Creating ...
2019-06-13 15:31:01,359 INFO  storage.RaftStorageDirectory (RaftStorageDirectory.java:tryLock(328)) - Lock on /opt/src/hadoop-ozone/integration-test/target/test-dir/MiniOzoneClusterImpl-1d0a9a41-b4be-4563-b8a7-35b218604dff/datanode-3/data/ratis/4e436338-f996-4f1e-bb78-28fa5c6a8aac/in_use.lock acquired by nodename 13350@ozone-ldwqp-4079303285
2019-06-13 15:31:01,361 INFO  storage.RaftStorage (RaftStorage.java:format(75)) - Storage directory /opt/src/hadoop-ozone/integration-test/target/test-dir/MiniOzoneClusterImpl-1d0a9a41-b4be-4563-b8a7-35b218604dff/datanode-3/data/ratis/4e436338-f996-4f1e-bb78-28fa5c6a8aac has been successfully formatted.
2019-06-13 15:31:01,361 INFO  ratis.ContainerStateMachine (ContainerStateMachine.java:loadSnapshot(199)) - The snapshot info is null.Setting the last applied index to:(t:0, i:~)
2019-06-13 15:31:01,361 INFO  server.RaftServerConfigKeys (ConfUtils.java:logGet(43)) - raft.server.leader.election.timeout = 120s (custom)
2019-06-13 15:31:01,361 INFO  server.RaftServerConfigKeys (ConfUtils.java:logGet(43)) - raft.server.log.use.memory = false (default)
2019-06-13 15:31:01,361 INFO  server.RaftServerConfigKeys (ConfUtils.java:logGet(43)) - raft.server.log.appender.buffer.byte-limit = 33554432 (custom)
2019-06-13 15:31:01,362 INFO  server.RaftServerConfigKeys (ConfUtils.java:logGet(43)) - raft.server.log.segment.size.max = 16384 (custom)
2019-06-13 15:31:01,362 INFO  server.RaftServerConfigKeys (ConfUtils.java:logGet(43)) - raft.server.log.segment.cache.num.max = 2 (custom)
2019-06-13 15:31:01,362 INFO  storage.RaftLogWorker (RaftLogWorker.java:<init>(123)) - new c368d433-b633-4795-b185-d22432798487-RaftLogWorker for Storage Directory /opt/src/hadoop-ozone/integration-test/target/test-dir/MiniOzoneClusterImpl-1d0a9a41-b4be-4563-b8a7-35b218604dff/datanode-3/data/ratis/4e436338-f996-4f1e-bb78-28fa5c6a8aac
2019-06-13 15:31:01,362 INFO  server.RaftServerConfigKeys (ConfUtils.java:logGet(43)) - raft.server.log.queue.byte-limit = 2147483647 (custom)
2019-06-13 15:31:01,362 INFO  server.RaftServerConfigKeys (ConfUtils.java:logGet(43)) - raft.server.log.queue.element-limit = 1024 (custom)
2019-06-13 15:31:01,362 INFO  server.RaftServerConfigKeys (ConfUtils.java:logGet(43)) - raft.server.log.segment.size.max = 16384 (custom)
2019-06-13 15:31:01,362 INFO  server.RaftServerConfigKeys (ConfUtils.java:logGet(43)) - raft.server.log.preallocated.size = 16384 (custom)
2019-06-13 15:31:01,362 INFO  server.RaftServerConfigKeys (ConfUtils.java:logGet(43)) - raft.server.log.write.buffer.size = 33554432 (custom)
2019-06-13 15:31:01,362 INFO  server.RaftServerConfigKeys (ConfUtils.java:logGet(43)) - raft.server.log.force.sync.num = 128 (default)
2019-06-13 15:31:01,362 INFO  server.RaftServerConfigKeys (ConfUtils.java:logGet(43)) - raft.server.log.statemachine.data.sync = true (default)
2019-06-13 15:31:01,362 INFO  server.RaftServerConfigKeys (ConfUtils.java:logGet(43)) - raft.server.log.statemachine.data.sync.timeout = 10s (default)
2019-06-13 15:31:01,362 INFO  server.RaftServerConfigKeys (ConfUtils.java:logGet(43)) - raft.server.log.statemachine.data.sync.timeout.retry = -1 (default)
2019-06-13 15:31:01,362 INFO  server.RaftServerConfigKeys (ConfUtils.java:logGet(43)) - raft.server.log.statemachine.data.caching.enabled = true (custom)
2019-06-13 15:31:01,363 INFO  server.RaftServerConfigKeys (ConfUtils.java:logGet(43)) - raft.server.snapshot.auto.trigger.enabled = true (custom)
2019-06-13 15:31:01,363 INFO  server.RaftServerConfigKeys (ConfUtils.java:logGet(43)) - raft.server.snapshot.auto.trigger.threshold = 10000 (custom)
2019-06-13 15:31:01,363 INFO  server.RaftServerConfigKeys (ConfUtils.java:logGet(43)) - raft.server.retrycache.expirytime = 600000ms (custom)
2019-06-13 15:31:01,363 INFO  impl.RaftServerImpl (RaftServerImpl.java:start(173)) - c368d433-b633-4795-b185-d22432798487: start group-28FA5C6A8AAC
2019-06-13 15:31:01,363 INFO  impl.RaftServerImpl (RaftServerImpl.java:setRole(164)) - c368d433-b633-4795-b185-d22432798487:group-28FA5C6A8AAC changes role from null to FOLLOWER at term 0 for startAsFollower
2019-06-13 15:31:01,363 INFO  impl.RoleInfo (RoleInfo.java:updateAndGet(143)) - c368d433-b633-4795-b185-d22432798487: start FollowerState
2019-06-13 15:31:01,363 INFO  util.JmxRegister (JmxRegister.java:tryRegister(44)) - Successfully registered JMX Bean with object name Ratis:service=RaftServer,group=group-28FA5C6A8AAC,id=c368d433-b633-4795-b185-d22432798487
2019-06-13 15:31:01,364 INFO  pipeline.PipelineStateManager (PipelineStateManager.java:addPipeline(56)) - Created pipeline Pipeline[ Id: 4e436338-f996-4f1e-bb78-28fa5c6a8aac, Nodes: c368d433-b633-4795-b185-d22432798487{ip: 192.168.134.103, host: ozone-ldwqp-4079303285, networkLocation: /default-rack, certSerialId: null}, Type:RATIS, Factor:ONE, State:OPEN]
2019-06-13 15:31:01,515 INFO  node.SCMNodeManager (SCMNodeManager.java:register(234)) - Registered Data node : d9d51307-0002-4730-a001-7669c84f3b41{ip: 192.168.134.103, host: ozone-ldwqp-4079303285, networkLocation: /default-rack, certSerialId: null}
2019-06-13 15:31:01,520 INFO  impl.RaftServerProxy (RaftServerProxy.java:addNew(89)) - d9d51307-0002-4730-a001-7669c84f3b41: addNew group-7C13BADDCF84:[d9d51307-0002-4730-a001-7669c84f3b41:192.168.134.103:38793] returns group-7C13BADDCF84:java.util.concurrent.CompletableFuture@6fdfcce5[Not completed]
2019-06-13 15:31:01,520 INFO  impl.RaftServerImpl (RaftServerImpl.java:<init>(91)) - d9d51307-0002-4730-a001-7669c84f3b41: new RaftServerImpl for group-7C13BADDCF84:[d9d51307-0002-4730-a001-7669c84f3b41:192.168.134.103:38793] with ContainerStateMachine:uninitialized
2019-06-13 15:31:01,520 INFO  server.RaftServerConfigKeys (ConfUtils.java:logGet(43)) - raft.server.rpc.timeout.min = 1s (custom)
2019-06-13 15:31:01,520 INFO  server.RaftServerConfigKeys (ConfUtils.java:logGet(43)) - raft.server.rpc.timeout.max = 1200ms (custom)
2019-06-13 15:31:01,520 INFO  server.RaftServerConfigKeys (ConfUtils.java:logGet(43)) - raft.server.rpcslowness.timeout = 120s (custom)
2019-06-13 15:31:01,521 INFO  server.RaftServerConfigKeys (ConfUtils.java:logGet(43)) - raft.server.log.appender.install.snapshot.enabled = true (default)
2019-06-13 15:31:01,521 INFO  impl.RaftServerImpl (ServerState.java:<init>(101)) - d9d51307-0002-4730-a001-7669c84f3b41:group-7C13BADDCF84 ConfigurationManager, init=-1: [d9d51307-0002-4730-a001-7669c84f3b41:192.168.134.103:38793], old=null, confs=<EMPTY_MAP>
2019-06-13 15:31:01,521 INFO  server.RaftServerConfigKeys (ConfUtils.java:logGet(43)) - raft.server.storage.dir = [/opt/src/hadoop-ozone/integration-test/target/test-dir/MiniOzoneClusterImpl-1d0a9a41-b4be-4563-b8a7-35b218604dff/datanode-4/data/ratis] (custom)
2019-06-13 15:31:01,521 INFO  storage.RaftStorageDirectory (RaftStorageDirectory.java:analyzeStorage(246)) - The storage directory /opt/src/hadoop-ozone/integration-test/target/test-dir/MiniOzoneClusterImpl-1d0a9a41-b4be-4563-b8a7-35b218604dff/datanode-4/data/ratis/690ce717-606c-4da8-af38-7c13baddcf84 does not exist. Creating ...
2019-06-13 15:31:01,523 INFO  storage.RaftStorageDirectory (RaftStorageDirectory.java:tryLock(328)) - Lock on /opt/src/hadoop-ozone/integration-test/target/test-dir/MiniOzoneClusterImpl-1d0a9a41-b4be-4563-b8a7-35b218604dff/datanode-4/data/ratis/690ce717-606c-4da8-af38-7c13baddcf84/in_use.lock acquired by nodename 13350@ozone-ldwqp-4079303285
2019-06-13 15:31:01,526 INFO  storage.RaftStorage (RaftStorage.java:format(75)) - Storage directory /opt/src/hadoop-ozone/integration-test/target/test-dir/MiniOzoneClusterImpl-1d0a9a41-b4be-4563-b8a7-35b218604dff/datanode-4/data/ratis/690ce717-606c-4da8-af38-7c13baddcf84 has been successfully formatted.
2019-06-13 15:31:01,526 INFO  ratis.ContainerStateMachine (ContainerStateMachine.java:loadSnapshot(199)) - The snapshot info is null.Setting the last applied index to:(t:0, i:~)
2019-06-13 15:31:01,526 INFO  server.RaftServerConfigKeys (ConfUtils.java:logGet(43)) - raft.server.leader.election.timeout = 120s (custom)
2019-06-13 15:31:01,526 INFO  server.RaftServerConfigKeys (ConfUtils.java:logGet(43)) - raft.server.log.use.memory = false (default)
2019-06-13 15:31:01,526 INFO  server.RaftServerConfigKeys (ConfUtils.java:logGet(43)) - raft.server.log.appender.buffer.byte-limit = 33554432 (custom)
2019-06-13 15:31:01,526 INFO  server.RaftServerConfigKeys (ConfUtils.java:logGet(43)) - raft.server.log.segment.size.max = 16384 (custom)
2019-06-13 15:31:01,526 INFO  server.RaftServerConfigKeys (ConfUtils.java:logGet(43)) - raft.server.log.segment.cache.num.max = 2 (custom)
2019-06-13 15:31:01,526 INFO  storage.RaftLogWorker (RaftLogWorker.java:<init>(123)) - new d9d51307-0002-4730-a001-7669c84f3b41-RaftLogWorker for Storage Directory /opt/src/hadoop-ozone/integration-test/target/test-dir/MiniOzoneClusterImpl-1d0a9a41-b4be-4563-b8a7-35b218604dff/datanode-4/data/ratis/690ce717-606c-4da8-af38-7c13baddcf84
2019-06-13 15:31:01,526 INFO  server.RaftServerConfigKeys (ConfUtils.java:logGet(43)) - raft.server.log.queue.byte-limit = 2147483647 (custom)
2019-06-13 15:31:01,526 INFO  server.RaftServerConfigKeys (ConfUtils.java:logGet(43)) - raft.server.log.queue.element-limit = 1024 (custom)
2019-06-13 15:31:01,527 INFO  server.RaftServerConfigKeys (ConfUtils.java:logGet(43)) - raft.server.log.segment.size.max = 16384 (custom)
2019-06-13 15:31:01,527 INFO  server.RaftServerConfigKeys (ConfUtils.java:logGet(43)) - raft.server.log.preallocated.size = 16384 (custom)
2019-06-13 15:31:01,527 INFO  server.RaftServerConfigKeys (ConfUtils.java:logGet(43)) - raft.server.log.write.buffer.size = 33554432 (custom)
2019-06-13 15:31:01,527 INFO  server.RaftServerConfigKeys (ConfUtils.java:logGet(43)) - raft.server.log.force.sync.num = 128 (default)
2019-06-13 15:31:01,527 INFO  server.RaftServerConfigKeys (ConfUtils.java:logGet(43)) - raft.server.log.statemachine.data.sync = true (default)
2019-06-13 15:31:01,527 INFO  server.RaftServerConfigKeys (ConfUtils.java:logGet(43)) - raft.server.log.statemachine.data.sync.timeout = 10s (default)
2019-06-13 15:31:01,527 INFO  server.RaftServerConfigKeys (ConfUtils.java:logGet(43)) - raft.server.log.statemachine.data.sync.timeout.retry = -1 (default)
2019-06-13 15:31:01,527 INFO  server.RaftServerConfigKeys (ConfUtils.java:logGet(43)) - raft.server.log.statemachine.data.caching.enabled = true (custom)
2019-06-13 15:31:01,527 INFO  server.RaftServerConfigKeys (ConfUtils.java:logGet(43)) - raft.server.snapshot.auto.trigger.enabled = true (custom)
2019-06-13 15:31:01,527 INFO  server.RaftServerConfigKeys (ConfUtils.java:logGet(43)) - raft.server.snapshot.auto.trigger.threshold = 10000 (custom)
2019-06-13 15:31:01,527 INFO  server.RaftServerConfigKeys (ConfUtils.java:logGet(43)) - raft.server.retrycache.expirytime = 600000ms (custom)
2019-06-13 15:31:01,528 INFO  impl.RaftServerImpl (RaftServerImpl.java:start(173)) - d9d51307-0002-4730-a001-7669c84f3b41: start group-7C13BADDCF84
2019-06-13 15:31:01,528 INFO  impl.RaftServerImpl (RaftServerImpl.java:setRole(164)) - d9d51307-0002-4730-a001-7669c84f3b41:group-7C13BADDCF84 changes role from null to FOLLOWER at term 0 for startAsFollower
2019-06-13 15:31:01,528 INFO  impl.RoleInfo (RoleInfo.java:updateAndGet(143)) - d9d51307-0002-4730-a001-7669c84f3b41: start FollowerState
2019-06-13 15:31:01,528 INFO  util.JmxRegister (JmxRegister.java:tryRegister(44)) - Successfully registered JMX Bean with object name Ratis:service=RaftServer,group=group-7C13BADDCF84,id=d9d51307-0002-4730-a001-7669c84f3b41
2019-06-13 15:31:01,529 INFO  pipeline.PipelineStateManager (PipelineStateManager.java:addPipeline(56)) - Created pipeline Pipeline[ Id: 690ce717-606c-4da8-af38-7c13baddcf84, Nodes: d9d51307-0002-4730-a001-7669c84f3b41{ip: 192.168.134.103, host: ozone-ldwqp-4079303285, networkLocation: /default-rack, certSerialId: null}, Type:RATIS, Factor:ONE, State:OPEN]
2019-06-13 15:31:01,628 INFO  ozone.MiniOzoneClusterImpl (MiniOzoneClusterImpl.java:lambda$waitForClusterToBeReady$0(142)) - Waiting for cluster to be ready. Got 5 of 6 DN Heartbeats.
2019-06-13 15:31:01,628 INFO  node.SCMNodeManager (SCMNodeManager.java:register(234)) - Registered Data node : fd89af8d-37f9-4184-a816-59618d9a68e9{ip: 192.168.134.103, host: ozone-ldwqp-4079303285, networkLocation: /default-rack, certSerialId: null}
2019-06-13 15:31:01,634 INFO  impl.RaftServerProxy (RaftServerProxy.java:addNew(89)) - fd89af8d-37f9-4184-a816-59618d9a68e9: addNew group-AAB7088868A6:[fd89af8d-37f9-4184-a816-59618d9a68e9:192.168.134.103:42955] returns group-AAB7088868A6:java.util.concurrent.CompletableFuture@cf09c02[Not completed]
2019-06-13 15:31:01,634 INFO  impl.RaftServerImpl (RaftServerImpl.java:<init>(91)) - fd89af8d-37f9-4184-a816-59618d9a68e9: new RaftServerImpl for group-AAB7088868A6:[fd89af8d-37f9-4184-a816-59618d9a68e9:192.168.134.103:42955] with ContainerStateMachine:uninitialized
2019-06-13 15:31:01,634 INFO  server.RaftServerConfigKeys (ConfUtils.java:logGet(43)) - raft.server.rpc.timeout.min = 1s (custom)
2019-06-13 15:31:01,634 INFO  server.RaftServerConfigKeys (ConfUtils.java:logGet(43)) - raft.server.rpc.timeout.max = 1200ms (custom)
2019-06-13 15:31:01,635 INFO  server.RaftServerConfigKeys (ConfUtils.java:logGet(43)) - raft.server.rpcslowness.timeout = 120s (custom)
2019-06-13 15:31:01,635 INFO  server.RaftServerConfigKeys (ConfUtils.java:logGet(43)) - raft.server.log.appender.install.snapshot.enabled = true (default)
2019-06-13 15:31:01,635 INFO  impl.RaftServerImpl (ServerState.java:<init>(101)) - fd89af8d-37f9-4184-a816-59618d9a68e9:group-AAB7088868A6 ConfigurationManager, init=-1: [fd89af8d-37f9-4184-a816-59618d9a68e9:192.168.134.103:42955], old=null, confs=<EMPTY_MAP>
2019-06-13 15:31:01,635 INFO  server.RaftServerConfigKeys (ConfUtils.java:logGet(43)) - raft.server.storage.dir = [/opt/src/hadoop-ozone/integration-test/target/test-dir/MiniOzoneClusterImpl-1d0a9a41-b4be-4563-b8a7-35b218604dff/datanode-5/data/ratis] (custom)
2019-06-13 15:31:01,635 INFO  storage.RaftStorageDirectory (RaftStorageDirectory.java:analyzeStorage(246)) - The storage directory /opt/src/hadoop-ozone/integration-test/target/test-dir/MiniOzoneClusterImpl-1d0a9a41-b4be-4563-b8a7-35b218604dff/datanode-5/data/ratis/aefa7dcf-c5aa-4df4-84e8-aab7088868a6 does not exist. Creating ...
2019-06-13 15:31:01,637 INFO  storage.RaftStorageDirectory (RaftStorageDirectory.java:tryLock(328)) - Lock on /opt/src/hadoop-ozone/integration-test/target/test-dir/MiniOzoneClusterImpl-1d0a9a41-b4be-4563-b8a7-35b218604dff/datanode-5/data/ratis/aefa7dcf-c5aa-4df4-84e8-aab7088868a6/in_use.lock acquired by nodename 13350@ozone-ldwqp-4079303285
2019-06-13 15:31:01,639 INFO  storage.RaftStorage (RaftStorage.java:format(75)) - Storage directory /opt/src/hadoop-ozone/integration-test/target/test-dir/MiniOzoneClusterImpl-1d0a9a41-b4be-4563-b8a7-35b218604dff/datanode-5/data/ratis/aefa7dcf-c5aa-4df4-84e8-aab7088868a6 has been successfully formatted.
2019-06-13 15:31:01,640 INFO  ratis.ContainerStateMachine (ContainerStateMachine.java:loadSnapshot(199)) - The snapshot info is null.Setting the last applied index to:(t:0, i:~)
2019-06-13 15:31:01,640 INFO  server.RaftServerConfigKeys (ConfUtils.java:logGet(43)) - raft.server.leader.election.timeout = 120s (custom)
2019-06-13 15:31:01,640 INFO  server.RaftServerConfigKeys (ConfUtils.java:logGet(43)) - raft.server.log.use.memory = false (default)
2019-06-13 15:31:01,640 INFO  server.RaftServerConfigKeys (ConfUtils.java:logGet(43)) - raft.server.log.appender.buffer.byte-limit = 33554432 (custom)
2019-06-13 15:31:01,640 INFO  server.RaftServerConfigKeys (ConfUtils.java:logGet(43)) - raft.server.log.segment.size.max = 16384 (custom)
2019-06-13 15:31:01,640 INFO  server.RaftServerConfigKeys (ConfUtils.java:logGet(43)) - raft.server.log.segment.cache.num.max = 2 (custom)
2019-06-13 15:31:01,640 INFO  storage.RaftLogWorker (RaftLogWorker.java:<init>(123)) - new fd89af8d-37f9-4184-a816-59618d9a68e9-RaftLogWorker for Storage Directory /opt/src/hadoop-ozone/integration-test/target/test-dir/MiniOzoneClusterImpl-1d0a9a41-b4be-4563-b8a7-35b218604dff/datanode-5/data/ratis/aefa7dcf-c5aa-4df4-84e8-aab7088868a6
2019-06-13 15:31:01,640 INFO  server.RaftServerConfigKeys (ConfUtils.java:logGet(43)) - raft.server.log.queue.byte-limit = 2147483647 (custom)
2019-06-13 15:31:01,640 INFO  server.RaftServerConfigKeys (ConfUtils.java:logGet(43)) - raft.server.log.queue.element-limit = 1024 (custom)
2019-06-13 15:31:01,640 INFO  server.RaftServerConfigKeys (ConfUtils.java:logGet(43)) - raft.server.log.segment.size.max = 16384 (custom)
2019-06-13 15:31:01,640 INFO  server.RaftServerConfigKeys (ConfUtils.java:logGet(43)) - raft.server.log.preallocated.size = 16384 (custom)
2019-06-13 15:31:01,640 INFO  server.RaftServerConfigKeys (ConfUtils.java:logGet(43)) - raft.server.log.write.buffer.size = 33554432 (custom)
2019-06-13 15:31:01,641 INFO  server.RaftServerConfigKeys (ConfUtils.java:logGet(43)) - raft.server.log.force.sync.num = 128 (default)
2019-06-13 15:31:01,641 INFO  server.RaftServerConfigKeys (ConfUtils.java:logGet(43)) - raft.server.log.statemachine.data.sync = true (default)
2019-06-13 15:31:01,641 INFO  server.RaftServerConfigKeys (ConfUtils.java:logGet(43)) - raft.server.log.statemachine.data.sync.timeout = 10s (default)
2019-06-13 15:31:01,641 INFO  server.RaftServerConfigKeys (ConfUtils.java:logGet(43)) - raft.server.log.statemachine.data.sync.timeout.retry = -1 (default)
2019-06-13 15:31:01,641 INFO  server.RaftServerConfigKeys (ConfUtils.java:logGet(43)) - raft.server.log.statemachine.data.caching.enabled = true (custom)
2019-06-13 15:31:01,641 INFO  server.RaftServerConfigKeys (ConfUtils.java:logGet(43)) - raft.server.snapshot.auto.trigger.enabled = true (custom)
2019-06-13 15:31:01,641 INFO  server.RaftServerConfigKeys (ConfUtils.java:logGet(43)) - raft.server.snapshot.auto.trigger.threshold = 10000 (custom)
2019-06-13 15:31:01,641 INFO  server.RaftServerConfigKeys (ConfUtils.java:logGet(43)) - raft.server.retrycache.expirytime = 600000ms (custom)
2019-06-13 15:31:01,641 INFO  impl.RaftServerImpl (RaftServerImpl.java:start(173)) - fd89af8d-37f9-4184-a816-59618d9a68e9: start group-AAB7088868A6
2019-06-13 15:31:01,641 INFO  impl.RaftServerImpl (RaftServerImpl.java:setRole(164)) - fd89af8d-37f9-4184-a816-59618d9a68e9:group-AAB7088868A6 changes role from null to FOLLOWER at term 0 for startAsFollower
2019-06-13 15:31:01,641 INFO  impl.RoleInfo (RoleInfo.java:updateAndGet(143)) - fd89af8d-37f9-4184-a816-59618d9a68e9: start FollowerState
2019-06-13 15:31:01,641 INFO  util.JmxRegister (JmxRegister.java:tryRegister(44)) - Successfully registered JMX Bean with object name Ratis:service=RaftServer,group=group-AAB7088868A6,id=fd89af8d-37f9-4184-a816-59618d9a68e9
2019-06-13 15:31:01,643 INFO  pipeline.PipelineStateManager (PipelineStateManager.java:addPipeline(56)) - Created pipeline Pipeline[ Id: aefa7dcf-c5aa-4df4-84e8-aab7088868a6, Nodes: fd89af8d-37f9-4184-a816-59618d9a68e9{ip: 192.168.134.103, host: ozone-ldwqp-4079303285, networkLocation: /default-rack, certSerialId: null}, Type:RATIS, Factor:ONE, State:OPEN]
2019-06-13 15:31:01,649 INFO  impl.RaftServerProxy (RaftServerProxy.java:addNew(89)) - d9d51307-0002-4730-a001-7669c84f3b41: addNew group-D696A0939E88:[fd89af8d-37f9-4184-a816-59618d9a68e9:192.168.134.103:42955, c368d433-b633-4795-b185-d22432798487:192.168.134.103:36097, d9d51307-0002-4730-a001-7669c84f3b41:192.168.134.103:38793] returns group-D696A0939E88:java.util.concurrent.CompletableFuture@5149d3cf[Not completed]
2019-06-13 15:31:01,650 INFO  impl.RaftServerImpl (RaftServerImpl.java:<init>(91)) - d9d51307-0002-4730-a001-7669c84f3b41: new RaftServerImpl for group-D696A0939E88:[fd89af8d-37f9-4184-a816-59618d9a68e9:192.168.134.103:42955, c368d433-b633-4795-b185-d22432798487:192.168.134.103:36097, d9d51307-0002-4730-a001-7669c84f3b41:192.168.134.103:38793] with ContainerStateMachine:uninitialized
2019-06-13 15:31:01,650 INFO  server.RaftServerConfigKeys (ConfUtils.java:logGet(43)) - raft.server.rpc.timeout.min = 1s (custom)
2019-06-13 15:31:01,650 INFO  server.RaftServerConfigKeys (ConfUtils.java:logGet(43)) - raft.server.rpc.timeout.max = 1200ms (custom)
2019-06-13 15:31:01,650 INFO  server.RaftServerConfigKeys (ConfUtils.java:logGet(43)) - raft.server.rpcslowness.timeout = 120s (custom)
2019-06-13 15:31:01,650 INFO  server.RaftServerConfigKeys (ConfUtils.java:logGet(43)) - raft.server.log.appender.install.snapshot.enabled = true (default)
2019-06-13 15:31:01,650 INFO  impl.RaftServerImpl (ServerState.java:<init>(101)) - d9d51307-0002-4730-a001-7669c84f3b41:group-D696A0939E88 ConfigurationManager, init=-1: [fd89af8d-37f9-4184-a816-59618d9a68e9:192.168.134.103:42955, c368d433-b633-4795-b185-d22432798487:192.168.134.103:36097, d9d51307-0002-4730-a001-7669c84f3b41:192.168.134.103:38793], old=null, confs=<EMPTY_MAP>
2019-06-13 15:31:01,650 INFO  impl.RaftServerProxy (RaftServerProxy.java:addNew(89)) - fd89af8d-37f9-4184-a816-59618d9a68e9: addNew group-D696A0939E88:[fd89af8d-37f9-4184-a816-59618d9a68e9:192.168.134.103:42955, c368d433-b633-4795-b185-d22432798487:192.168.134.103:36097, d9d51307-0002-4730-a001-7669c84f3b41:192.168.134.103:38793] returns group-D696A0939E88:java.util.concurrent.CompletableFuture@2e3fdbc0[Not completed]
2019-06-13 15:31:01,650 INFO  server.RaftServerConfigKeys (ConfUtils.java:logGet(43)) - raft.server.storage.dir = [/opt/src/hadoop-ozone/integration-test/target/test-dir/MiniOzoneClusterImpl-1d0a9a41-b4be-4563-b8a7-35b218604dff/datanode-4/data/ratis] (custom)
2019-06-13 15:31:01,650 INFO  impl.RaftServerImpl (RaftServerImpl.java:<init>(91)) - fd89af8d-37f9-4184-a816-59618d9a68e9: new RaftServerImpl for group-D696A0939E88:[fd89af8d-37f9-4184-a816-59618d9a68e9:192.168.134.103:42955, c368d433-b633-4795-b185-d22432798487:192.168.134.103:36097, d9d51307-0002-4730-a001-7669c84f3b41:192.168.134.103:38793] with ContainerStateMachine:uninitialized
2019-06-13 15:31:01,651 INFO  server.RaftServerConfigKeys (ConfUtils.java:logGet(43)) - raft.server.rpc.timeout.min = 1s (custom)
2019-06-13 15:31:01,651 INFO  server.RaftServerConfigKeys (ConfUtils.java:logGet(43)) - raft.server.rpc.timeout.max = 1200ms (custom)
2019-06-13 15:31:01,651 INFO  server.RaftServerConfigKeys (ConfUtils.java:logGet(43)) - raft.server.rpcslowness.timeout = 120s (custom)
2019-06-13 15:31:01,651 INFO  server.RaftServerConfigKeys (ConfUtils.java:logGet(43)) - raft.server.log.appender.install.snapshot.enabled = true (default)
2019-06-13 15:31:01,651 INFO  impl.RaftServerImpl (ServerState.java:<init>(101)) - fd89af8d-37f9-4184-a816-59618d9a68e9:group-D696A0939E88 ConfigurationManager, init=-1: [fd89af8d-37f9-4184-a816-59618d9a68e9:192.168.134.103:42955, c368d433-b633-4795-b185-d22432798487:192.168.134.103:36097, d9d51307-0002-4730-a001-7669c84f3b41:192.168.134.103:38793], old=null, confs=<EMPTY_MAP>
2019-06-13 15:31:01,651 INFO  server.RaftServerConfigKeys (ConfUtils.java:logGet(43)) - raft.server.storage.dir = [/opt/src/hadoop-ozone/integration-test/target/test-dir/MiniOzoneClusterImpl-1d0a9a41-b4be-4563-b8a7-35b218604dff/datanode-5/data/ratis] (custom)
2019-06-13 15:31:01,651 INFO  storage.RaftStorageDirectory (RaftStorageDirectory.java:analyzeStorage(246)) - The storage directory /opt/src/hadoop-ozone/integration-test/target/test-dir/MiniOzoneClusterImpl-1d0a9a41-b4be-4563-b8a7-35b218604dff/datanode-5/data/ratis/aac6e374-d5ce-460c-b6a9-d696a0939e88 does not exist. Creating ...
2019-06-13 15:31:01,651 INFO  impl.RaftServerProxy (RaftServerProxy.java:addNew(89)) - c368d433-b633-4795-b185-d22432798487: addNew group-D696A0939E88:[fd89af8d-37f9-4184-a816-59618d9a68e9:192.168.134.103:42955, c368d433-b633-4795-b185-d22432798487:192.168.134.103:36097, d9d51307-0002-4730-a001-7669c84f3b41:192.168.134.103:38793] returns group-D696A0939E88:java.util.concurrent.CompletableFuture@3555d6e8[Not completed]
2019-06-13 15:31:01,651 INFO  storage.RaftStorageDirectory (RaftStorageDirectory.java:analyzeStorage(246)) - The storage directory /opt/src/hadoop-ozone/integration-test/target/test-dir/MiniOzoneClusterImpl-1d0a9a41-b4be-4563-b8a7-35b218604dff/datanode-4/data/ratis/aac6e374-d5ce-460c-b6a9-d696a0939e88 does not exist. Creating ...
2019-06-13 15:31:01,651 INFO  impl.RaftServerImpl (RaftServerImpl.java:<init>(91)) - c368d433-b633-4795-b185-d22432798487: new RaftServerImpl for group-D696A0939E88:[fd89af8d-37f9-4184-a816-59618d9a68e9:192.168.134.103:42955, c368d433-b633-4795-b185-d22432798487:192.168.134.103:36097, d9d51307-0002-4730-a001-7669c84f3b41:192.168.134.103:38793] with ContainerStateMachine:uninitialized
2019-06-13 15:31:01,652 INFO  server.RaftServerConfigKeys (ConfUtils.java:logGet(43)) - raft.server.rpc.timeout.min = 1s (custom)
2019-06-13 15:31:01,652 INFO  server.RaftServerConfigKeys (ConfUtils.java:logGet(43)) - raft.server.rpc.timeout.max = 1200ms (custom)
2019-06-13 15:31:01,652 INFO  server.RaftServerConfigKeys (ConfUtils.java:logGet(43)) - raft.server.rpcslowness.timeout = 120s (custom)
2019-06-13 15:31:01,652 INFO  server.RaftServerConfigKeys (ConfUtils.java:logGet(43)) - raft.server.log.appender.install.snapshot.enabled = true (default)
2019-06-13 15:31:01,652 INFO  impl.RaftServerImpl (ServerState.java:<init>(101)) - c368d433-b633-4795-b185-d22432798487:group-D696A0939E88 ConfigurationManager, init=-1: [fd89af8d-37f9-4184-a816-59618d9a68e9:192.168.134.103:42955, c368d433-b633-4795-b185-d22432798487:192.168.134.103:36097, d9d51307-0002-4730-a001-7669c84f3b41:192.168.134.103:38793], old=null, confs=<EMPTY_MAP>
2019-06-13 15:31:01,652 INFO  server.RaftServerConfigKeys (ConfUtils.java:logGet(43)) - raft.server.storage.dir = [/opt/src/hadoop-ozone/integration-test/target/test-dir/MiniOzoneClusterImpl-1d0a9a41-b4be-4563-b8a7-35b218604dff/datanode-3/data/ratis] (custom)
2019-06-13 15:31:01,653 INFO  storage.RaftStorageDirectory (RaftStorageDirectory.java:analyzeStorage(246)) - The storage directory /opt/src/hadoop-ozone/integration-test/target/test-dir/MiniOzoneClusterImpl-1d0a9a41-b4be-4563-b8a7-35b218604dff/datanode-3/data/ratis/aac6e374-d5ce-460c-b6a9-d696a0939e88 does not exist. Creating ...
2019-06-13 15:31:01,653 INFO  storage.RaftStorageDirectory (RaftStorageDirectory.java:tryLock(328)) - Lock on /opt/src/hadoop-ozone/integration-test/target/test-dir/MiniOzoneClusterImpl-1d0a9a41-b4be-4563-b8a7-35b218604dff/datanode-5/data/ratis/aac6e374-d5ce-460c-b6a9-d696a0939e88/in_use.lock acquired by nodename 13350@ozone-ldwqp-4079303285
2019-06-13 15:31:01,655 INFO  storage.RaftStorageDirectory (RaftStorageDirectory.java:tryLock(328)) - Lock on /opt/src/hadoop-ozone/integration-test/target/test-dir/MiniOzoneClusterImpl-1d0a9a41-b4be-4563-b8a7-35b218604dff/datanode-3/data/ratis/aac6e374-d5ce-460c-b6a9-d696a0939e88/in_use.lock acquired by nodename 13350@ozone-ldwqp-4079303285
2019-06-13 15:31:01,655 INFO  storage.RaftStorageDirectory (RaftStorageDirectory.java:tryLock(328)) - Lock on /opt/src/hadoop-ozone/integration-test/target/test-dir/MiniOzoneClusterImpl-1d0a9a41-b4be-4563-b8a7-35b218604dff/datanode-4/data/ratis/aac6e374-d5ce-460c-b6a9-d696a0939e88/in_use.lock acquired by nodename 13350@ozone-ldwqp-4079303285
2019-06-13 15:31:01,656 INFO  storage.RaftStorage (RaftStorage.java:format(75)) - Storage directory /opt/src/hadoop-ozone/integration-test/target/test-dir/MiniOzoneClusterImpl-1d0a9a41-b4be-4563-b8a7-35b218604dff/datanode-5/data/ratis/aac6e374-d5ce-460c-b6a9-d696a0939e88 has been successfully formatted.
2019-06-13 15:31:01,656 INFO  ratis.ContainerStateMachine (ContainerStateMachine.java:loadSnapshot(199)) - The snapshot info is null.Setting the last applied index to:(t:0, i:~)
2019-06-13 15:31:01,656 INFO  server.RaftServerConfigKeys (ConfUtils.java:logGet(43)) - raft.server.leader.election.timeout = 120s (custom)
2019-06-13 15:31:01,656 INFO  server.RaftServerConfigKeys (ConfUtils.java:logGet(43)) - raft.server.log.use.memory = false (default)
2019-06-13 15:31:01,656 INFO  server.RaftServerConfigKeys (ConfUtils.java:logGet(43)) - raft.server.log.appender.buffer.byte-limit = 33554432 (custom)
2019-06-13 15:31:01,656 INFO  server.RaftServerConfigKeys (ConfUtils.java:logGet(43)) - raft.server.log.segment.size.max = 16384 (custom)
2019-06-13 15:31:01,657 INFO  server.RaftServerConfigKeys (ConfUtils.java:logGet(43)) - raft.server.log.segment.cache.num.max = 2 (custom)
2019-06-13 15:31:01,657 INFO  storage.RaftLogWorker (RaftLogWorker.java:<init>(123)) - new fd89af8d-37f9-4184-a816-59618d9a68e9-RaftLogWorker for Storage Directory /opt/src/hadoop-ozone/integration-test/target/test-dir/MiniOzoneClusterImpl-1d0a9a41-b4be-4563-b8a7-35b218604dff/datanode-5/data/ratis/aac6e374-d5ce-460c-b6a9-d696a0939e88
2019-06-13 15:31:01,657 INFO  server.RaftServerConfigKeys (ConfUtils.java:logGet(43)) - raft.server.log.queue.byte-limit = 2147483647 (custom)
2019-06-13 15:31:01,657 INFO  server.RaftServerConfigKeys (ConfUtils.java:logGet(43)) - raft.server.log.queue.element-limit = 1024 (custom)
2019-06-13 15:31:01,657 INFO  server.RaftServerConfigKeys (ConfUtils.java:logGet(43)) - raft.server.log.segment.size.max = 16384 (custom)
2019-06-13 15:31:01,657 INFO  server.RaftServerConfigKeys (ConfUtils.java:logGet(43)) - raft.server.log.preallocated.size = 16384 (custom)
2019-06-13 15:31:01,657 INFO  server.RaftServerConfigKeys (ConfUtils.java:logGet(43)) - raft.server.log.write.buffer.size = 33554432 (custom)
2019-06-13 15:31:01,657 INFO  server.RaftServerConfigKeys (ConfUtils.java:logGet(43)) - raft.server.log.force.sync.num = 128 (default)
2019-06-13 15:31:01,657 INFO  server.RaftServerConfigKeys (ConfUtils.java:logGet(43)) - raft.server.log.statemachine.data.sync = true (default)
2019-06-13 15:31:01,657 INFO  server.RaftServerConfigKeys (ConfUtils.java:logGet(43)) - raft.server.log.statemachine.data.sync.timeout = 10s (default)
2019-06-13 15:31:01,657 INFO  server.RaftServerConfigKeys (ConfUtils.java:logGet(43)) - raft.server.log.statemachine.data.sync.timeout.retry = -1 (default)
2019-06-13 15:31:01,657 INFO  server.RaftServerConfigKeys (ConfUtils.java:logGet(43)) - raft.server.log.statemachine.data.caching.enabled = true (custom)
2019-06-13 15:31:01,657 INFO  server.RaftServerConfigKeys (ConfUtils.java:logGet(43)) - raft.server.snapshot.auto.trigger.enabled = true (custom)
2019-06-13 15:31:01,657 INFO  storage.RaftStorage (RaftStorage.java:format(75)) - Storage directory /opt/src/hadoop-ozone/integration-test/target/test-dir/MiniOzoneClusterImpl-1d0a9a41-b4be-4563-b8a7-35b218604dff/datanode-4/data/ratis/aac6e374-d5ce-460c-b6a9-d696a0939e88 has been successfully formatted.
2019-06-13 15:31:01,657 INFO  storage.RaftStorage (RaftStorage.java:format(75)) - Storage directory /opt/src/hadoop-ozone/integration-test/target/test-dir/MiniOzoneClusterImpl-1d0a9a41-b4be-4563-b8a7-35b218604dff/datanode-3/data/ratis/aac6e374-d5ce-460c-b6a9-d696a0939e88 has been successfully formatted.
2019-06-13 15:31:01,658 INFO  ratis.ContainerStateMachine (ContainerStateMachine.java:loadSnapshot(199)) - The snapshot info is null.Setting the last applied index to:(t:0, i:~)
2019-06-13 15:31:01,657 INFO  server.RaftServerConfigKeys (ConfUtils.java:logGet(43)) - raft.server.snapshot.auto.trigger.threshold = 10000 (custom)
2019-06-13 15:31:01,658 INFO  server.RaftServerConfigKeys (ConfUtils.java:logGet(43)) - raft.server.leader.election.timeout = 120s (custom)
2019-06-13 15:31:01,658 INFO  ratis.ContainerStateMachine (ContainerStateMachine.java:loadSnapshot(199)) - The snapshot info is null.Setting the last applied index to:(t:0, i:~)
2019-06-13 15:31:01,658 INFO  server.RaftServerConfigKeys (ConfUtils.java:logGet(43)) - raft.server.log.use.memory = false (default)
2019-06-13 15:31:01,658 INFO  server.RaftServerConfigKeys (ConfUtils.java:logGet(43)) - raft.server.retrycache.expirytime = 600000ms (custom)
2019-06-13 15:31:01,658 INFO  server.RaftServerConfigKeys (ConfUtils.java:logGet(43)) - raft.server.log.appender.buffer.byte-limit = 33554432 (custom)
2019-06-13 15:31:01,658 INFO  server.RaftServerConfigKeys (ConfUtils.java:logGet(43)) - raft.server.leader.election.timeout = 120s (custom)
2019-06-13 15:31:01,658 INFO  server.RaftServerConfigKeys (ConfUtils.java:logGet(43)) - raft.server.log.segment.size.max = 16384 (custom)
2019-06-13 15:31:01,658 INFO  impl.RaftServerImpl (RaftServerImpl.java:start(173)) - fd89af8d-37f9-4184-a816-59618d9a68e9: start group-D696A0939E88
2019-06-13 15:31:01,658 INFO  server.RaftServerConfigKeys (ConfUtils.java:logGet(43)) - raft.server.log.segment.cache.num.max = 2 (custom)
2019-06-13 15:31:01,658 INFO  server.RaftServerConfigKeys (ConfUtils.java:logGet(43)) - raft.server.log.use.memory = false (default)
2019-06-13 15:31:01,658 INFO  storage.RaftLogWorker (RaftLogWorker.java:<init>(123)) - new d9d51307-0002-4730-a001-7669c84f3b41-RaftLogWorker for Storage Directory /opt/src/hadoop-ozone/integration-test/target/test-dir/MiniOzoneClusterImpl-1d0a9a41-b4be-4563-b8a7-35b218604dff/datanode-4/data/ratis/aac6e374-d5ce-460c-b6a9-d696a0939e88
2019-06-13 15:31:01,658 INFO  impl.RaftServerImpl (RaftServerImpl.java:setRole(164)) - fd89af8d-37f9-4184-a816-59618d9a68e9:group-D696A0939E88 changes role from null to FOLLOWER at term 0 for startAsFollower
2019-06-13 15:31:01,658 INFO  server.RaftServerConfigKeys (ConfUtils.java:logGet(43)) - raft.server.log.queue.byte-limit = 2147483647 (custom)
2019-06-13 15:31:01,658 INFO  server.RaftServerConfigKeys (ConfUtils.java:logGet(43)) - raft.server.log.appender.buffer.byte-limit = 33554432 (custom)
2019-06-13 15:31:01,659 INFO  server.RaftServerConfigKeys (ConfUtils.java:logGet(43)) - raft.server.log.queue.element-limit = 1024 (custom)
2019-06-13 15:31:01,659 INFO  impl.RoleInfo (RoleInfo.java:updateAndGet(143)) - fd89af8d-37f9-4184-a816-59618d9a68e9: start FollowerState
2019-06-13 15:31:01,659 INFO  server.RaftServerConfigKeys (ConfUtils.java:logGet(43)) - raft.server.log.segment.size.max = 16384 (custom)
2019-06-13 15:31:01,659 INFO  server.RaftServerConfigKeys (ConfUtils.java:logGet(43)) - raft.server.log.preallocated.size = 16384 (custom)
2019-06-13 15:31:01,659 INFO  server.RaftServerConfigKeys (ConfUtils.java:logGet(43)) - raft.server.log.write.buffer.size = 33554432 (custom)
2019-06-13 15:31:01,659 INFO  server.RaftServerConfigKeys (ConfUtils.java:logGet(43)) - raft.server.log.force.sync.num = 128 (default)
2019-06-13 15:31:01,659 INFO  server.RaftServerConfigKeys (ConfUtils.java:logGet(43)) - raft.server.log.statemachine.data.sync = true (default)
2019-06-13 15:31:01,659 INFO  server.RaftServerConfigKeys (ConfUtils.java:logGet(43)) - raft.server.log.statemachine.data.sync.timeout = 10s (default)
2019-06-13 15:31:01,659 INFO  server.RaftServerConfigKeys (ConfUtils.java:logGet(43)) - raft.server.log.statemachine.data.sync.timeout.retry = -1 (default)
2019-06-13 15:31:01,659 INFO  server.RaftServerConfigKeys (ConfUtils.java:logGet(43)) - raft.server.log.statemachine.data.caching.enabled = true (custom)
2019-06-13 15:31:01,659 INFO  server.RaftServerConfigKeys (ConfUtils.java:logGet(43)) - raft.server.log.segment.size.max = 16384 (custom)
2019-06-13 15:31:01,660 INFO  server.RaftServerConfigKeys (ConfUtils.java:logGet(43)) - raft.server.snapshot.auto.trigger.enabled = true (custom)
2019-06-13 15:31:01,659 INFO  util.JmxRegister (JmxRegister.java:tryRegister(44)) - Successfully registered JMX Bean with object name Ratis:service=RaftServer,group=group-D696A0939E88,id=fd89af8d-37f9-4184-a816-59618d9a68e9
2019-06-13 15:31:01,660 INFO  server.RaftServerConfigKeys (ConfUtils.java:logGet(43)) - raft.server.snapshot.auto.trigger.threshold = 10000 (custom)
2019-06-13 15:31:01,660 INFO  server.RaftServerConfigKeys (ConfUtils.java:logGet(43)) - raft.server.log.segment.cache.num.max = 2 (custom)
2019-06-13 15:31:01,660 INFO  server.RaftServerConfigKeys (ConfUtils.java:logGet(43)) - raft.server.retrycache.expirytime = 600000ms (custom)
2019-06-13 15:31:01,660 INFO  storage.RaftLogWorker (RaftLogWorker.java:<init>(123)) - new c368d433-b633-4795-b185-d22432798487-RaftLogWorker for Storage Directory /opt/src/hadoop-ozone/integration-test/target/test-dir/MiniOzoneClusterImpl-1d0a9a41-b4be-4563-b8a7-35b218604dff/datanode-3/data/ratis/aac6e374-d5ce-460c-b6a9-d696a0939e88
2019-06-13 15:31:01,660 INFO  impl.RaftServerImpl (RaftServerImpl.java:start(173)) - d9d51307-0002-4730-a001-7669c84f3b41: start group-D696A0939E88
2019-06-13 15:31:01,660 INFO  server.RaftServerConfigKeys (ConfUtils.java:logGet(43)) - raft.server.log.queue.byte-limit = 2147483647 (custom)
2019-06-13 15:31:01,660 INFO  impl.RaftServerImpl (RaftServerImpl.java:setRole(164)) - d9d51307-0002-4730-a001-7669c84f3b41:group-D696A0939E88 changes role from null to FOLLOWER at term 0 for startAsFollower
2019-06-13 15:31:01,660 INFO  server.RaftServerConfigKeys (ConfUtils.java:logGet(43)) - raft.server.log.queue.element-limit = 1024 (custom)
2019-06-13 15:31:01,660 INFO  impl.RoleInfo (RoleInfo.java:updateAndGet(143)) - d9d51307-0002-4730-a001-7669c84f3b41: start FollowerState
2019-06-13 15:31:01,661 INFO  server.RaftServerConfigKeys (ConfUtils.java:logGet(43)) - raft.server.log.segment.size.max = 16384 (custom)
2019-06-13 15:31:01,661 INFO  server.RaftServerConfigKeys (ConfUtils.java:logGet(43)) - raft.server.log.preallocated.size = 16384 (custom)
2019-06-13 15:31:01,661 INFO  server.RaftServerConfigKeys (ConfUtils.java:logGet(43)) - raft.server.log.write.buffer.size = 33554432 (custom)
2019-06-13 15:31:01,661 INFO  util.JmxRegister (JmxRegister.java:tryRegister(44)) - Successfully registered JMX Bean with object name Ratis:service=RaftServer,group=group-D696A0939E88,id=d9d51307-0002-4730-a001-7669c84f3b41
2019-06-13 15:31:01,661 INFO  server.RaftServerConfigKeys (ConfUtils.java:logGet(43)) - raft.server.log.force.sync.num = 128 (default)
2019-06-13 15:31:01,661 INFO  server.RaftServerConfigKeys (ConfUtils.java:logGet(43)) - raft.server.log.statemachine.data.sync = true (default)
2019-06-13 15:31:01,661 INFO  server.RaftServerConfigKeys (ConfUtils.java:logGet(43)) - raft.server.log.statemachine.data.sync.timeout = 10s (default)
2019-06-13 15:31:01,661 INFO  server.RaftServerConfigKeys (ConfUtils.java:logGet(43)) - raft.server.log.statemachine.data.sync.timeout.retry = -1 (default)
2019-06-13 15:31:01,661 INFO  server.RaftServerConfigKeys (ConfUtils.java:logGet(43)) - raft.server.log.statemachine.data.caching.enabled = true (custom)
2019-06-13 15:31:01,662 INFO  server.RaftServerConfigKeys (ConfUtils.java:logGet(43)) - raft.server.snapshot.auto.trigger.enabled = true (custom)
2019-06-13 15:31:01,662 INFO  server.RaftServerConfigKeys (ConfUtils.java:logGet(43)) - raft.server.snapshot.auto.trigger.threshold = 10000 (custom)
2019-06-13 15:31:01,662 INFO  server.RaftServerConfigKeys (ConfUtils.java:logGet(43)) - raft.server.retrycache.expirytime = 600000ms (custom)
2019-06-13 15:31:01,662 INFO  impl.RaftServerImpl (RaftServerImpl.java:start(173)) - c368d433-b633-4795-b185-d22432798487: start group-D696A0939E88
2019-06-13 15:31:01,662 INFO  impl.RaftServerImpl (RaftServerImpl.java:setRole(164)) - c368d433-b633-4795-b185-d22432798487:group-D696A0939E88 changes role from null to FOLLOWER at term 0 for startAsFollower
2019-06-13 15:31:01,662 INFO  impl.RoleInfo (RoleInfo.java:updateAndGet(143)) - c368d433-b633-4795-b185-d22432798487: start FollowerState
2019-06-13 15:31:01,662 INFO  util.JmxRegister (JmxRegister.java:tryRegister(44)) - Successfully registered JMX Bean with object name Ratis:service=RaftServer,group=group-D696A0939E88,id=c368d433-b633-4795-b185-d22432798487
2019-06-13 15:31:01,664 INFO  pipeline.PipelineStateManager (PipelineStateManager.java:addPipeline(56)) - Created pipeline Pipeline[ Id: aac6e374-d5ce-460c-b6a9-d696a0939e88, Nodes: c368d433-b633-4795-b185-d22432798487{ip: 192.168.134.103, host: ozone-ldwqp-4079303285, networkLocation: /default-rack, certSerialId: null}d9d51307-0002-4730-a001-7669c84f3b41{ip: 192.168.134.103, host: ozone-ldwqp-4079303285, networkLocation: /default-rack, certSerialId: null}fd89af8d-37f9-4184-a816-59618d9a68e9{ip: 192.168.134.103, host: ozone-ldwqp-4079303285, networkLocation: /default-rack, certSerialId: null}, Type:RATIS, Factor:THREE, State:OPEN]
2019-06-13 15:31:01,992 INFO  impl.FollowerState (FollowerState.java:run(101)) - 37038086-f9a0-4835-a23d-140cc1085d12:group-4C76378A9A02 changes to CANDIDATE, lastRpcTime:1041, electionTimeout:1041ms
2019-06-13 15:31:01,992 INFO  impl.RoleInfo (RoleInfo.java:shutdownFollowerState(121)) - 37038086-f9a0-4835-a23d-140cc1085d12: shutdown FollowerState
2019-06-13 15:31:01,992 INFO  impl.RaftServerImpl (RaftServerImpl.java:setRole(164)) - 37038086-f9a0-4835-a23d-140cc1085d12:group-4C76378A9A02 changes role from FOLLOWER to CANDIDATE at term 0 for changeToCandidate
2019-06-13 15:31:01,993 INFO  impl.RoleInfo (RoleInfo.java:updateAndGet(143)) - 37038086-f9a0-4835-a23d-140cc1085d12: start LeaderElection
2019-06-13 15:31:01,999 INFO  impl.LeaderElection (LeaderElection.java:askForVotes(181)) - 37038086-f9a0-4835-a23d-140cc1085d12:group-4C76378A9A02:LeaderElection50: begin an election at term 1 for -1: [37038086-f9a0-4835-a23d-140cc1085d12:192.168.134.103:33047], old=null
2019-06-13 15:31:01,999 INFO  impl.RoleInfo (RoleInfo.java:shutdownLeaderElection(134)) - 37038086-f9a0-4835-a23d-140cc1085d12: shutdown LeaderElection
2019-06-13 15:31:01,999 INFO  impl.RaftServerImpl (RaftServerImpl.java:setRole(164)) - 37038086-f9a0-4835-a23d-140cc1085d12:group-4C76378A9A02 changes role from CANDIDATE to LEADER at term 1 for changeToLeader
2019-06-13 15:31:01,999 INFO  impl.RaftServerImpl (ServerState.java:setLeader(263)) - 37038086-f9a0-4835-a23d-140cc1085d12:group-4C76378A9A02 change Leader from null to 37038086-f9a0-4835-a23d-140cc1085d12 at term 1 for becomeLeader, leader elected after 1049ms
2019-06-13 15:31:01,999 INFO  server.RaftServerConfigKeys (ConfUtils.java:logGet(43)) - raft.server.staging.catchup.gap = 1000 (default)
2019-06-13 15:31:01,999 INFO  server.RaftServerConfigKeys (ConfUtils.java:logGet(43)) - raft.server.rpc.sleep.time = 25ms (default)
2019-06-13 15:31:01,999 INFO  server.RaftServerConfigKeys (ConfUtils.java:logGet(43)) - raft.server.watch.timeout = 10s (default)
2019-06-13 15:31:01,999 INFO  server.RaftServerConfigKeys (ConfUtils.java:logGet(43)) - raft.server.watch.timeout.denomination = 1s (default)
2019-06-13 15:31:01,999 INFO  impl.RoleInfo (RoleInfo.java:updateAndGet(143)) - 37038086-f9a0-4835-a23d-140cc1085d12: start LeaderState
2019-06-13 15:31:01,999 INFO  storage.RaftLogWorker (RaftLogWorker.java:startLogSegment(298)) - 37038086-f9a0-4835-a23d-140cc1085d12-RaftLogWorker: Starting segment from index:0
2019-06-13 15:31:02,000 INFO  impl.RaftServerImpl (ServerState.java:setRaftConf(361)) - 37038086-f9a0-4835-a23d-140cc1085d12:group-4C76378A9A02 set configuration 0: [37038086-f9a0-4835-a23d-140cc1085d12:192.168.134.103:33047], old=null at 0
2019-06-13 15:31:02,034 INFO  storage.RaftLogWorker (RaftLogWorker.java:execute(469)) - 37038086-f9a0-4835-a23d-140cc1085d12-RaftLogWorker: created new log segment /opt/src/hadoop-ozone/integration-test/target/test-dir/MiniOzoneClusterImpl-1d0a9a41-b4be-4563-b8a7-35b218604dff/datanode-0/data/ratis/ccea629c-08dc-499e-a721-4c76378a9a02/current/log_inprogress_0
2019-06-13 15:31:02,122 INFO  impl.FollowerState (FollowerState.java:run(101)) - 08ceee5b-2c7e-4ad1-8a60-371a9f493f30:group-479A61387F13 changes to CANDIDATE, lastRpcTime:1029, electionTimeout:1029ms
2019-06-13 15:31:02,122 INFO  impl.RoleInfo (RoleInfo.java:shutdownFollowerState(121)) - 08ceee5b-2c7e-4ad1-8a60-371a9f493f30: shutdown FollowerState
2019-06-13 15:31:02,122 INFO  impl.RaftServerImpl (RaftServerImpl.java:setRole(164)) - 08ceee5b-2c7e-4ad1-8a60-371a9f493f30:group-479A61387F13 changes role from FOLLOWER to CANDIDATE at term 0 for changeToCandidate
2019-06-13 15:31:02,122 INFO  impl.RoleInfo (RoleInfo.java:updateAndGet(143)) - 08ceee5b-2c7e-4ad1-8a60-371a9f493f30: start LeaderElection
2019-06-13 15:31:02,129 INFO  impl.LeaderElection (LeaderElection.java:askForVotes(181)) - 08ceee5b-2c7e-4ad1-8a60-371a9f493f30:group-479A61387F13:LeaderElection51: begin an election at term 1 for -1: [08ceee5b-2c7e-4ad1-8a60-371a9f493f30:192.168.134.103:42929], old=null
2019-06-13 15:31:02,129 INFO  impl.RoleInfo (RoleInfo.java:shutdownLeaderElection(134)) - 08ceee5b-2c7e-4ad1-8a60-371a9f493f30: shutdown LeaderElection
2019-06-13 15:31:02,129 INFO  impl.RaftServerImpl (RaftServerImpl.java:setRole(164)) - 08ceee5b-2c7e-4ad1-8a60-371a9f493f30:group-479A61387F13 changes role from CANDIDATE to LEADER at term 1 for changeToLeader
2019-06-13 15:31:02,129 INFO  impl.RaftServerImpl (ServerState.java:setLeader(263)) - 08ceee5b-2c7e-4ad1-8a60-371a9f493f30:group-479A61387F13 change Leader from null to 08ceee5b-2c7e-4ad1-8a60-371a9f493f30 at term 1 for becomeLeader, leader elected after 1037ms
2019-06-13 15:31:02,129 INFO  server.RaftServerConfigKeys (ConfUtils.java:logGet(43)) - raft.server.staging.catchup.gap = 1000 (default)
2019-06-13 15:31:02,129 INFO  server.RaftServerConfigKeys (ConfUtils.java:logGet(43)) - raft.server.rpc.sleep.time = 25ms (default)
2019-06-13 15:31:02,129 INFO  server.RaftServerConfigKeys (ConfUtils.java:logGet(43)) - raft.server.watch.timeout = 10s (default)
2019-06-13 15:31:02,129 INFO  server.RaftServerConfigKeys (ConfUtils.java:logGet(43)) - raft.server.watch.timeout.denomination = 1s (default)
2019-06-13 15:31:02,129 INFO  impl.RoleInfo (RoleInfo.java:updateAndGet(143)) - 08ceee5b-2c7e-4ad1-8a60-371a9f493f30: start LeaderState
2019-06-13 15:31:02,129 INFO  storage.RaftLogWorker (RaftLogWorker.java:startLogSegment(298)) - 08ceee5b-2c7e-4ad1-8a60-371a9f493f30-RaftLogWorker: Starting segment from index:0
2019-06-13 15:31:02,130 INFO  impl.RaftServerImpl (ServerState.java:setRaftConf(361)) - 08ceee5b-2c7e-4ad1-8a60-371a9f493f30:group-479A61387F13 set configuration 0: [08ceee5b-2c7e-4ad1-8a60-371a9f493f30:192.168.134.103:42929], old=null at 0
2019-06-13 15:31:02,164 INFO  storage.RaftLogWorker (RaftLogWorker.java:execute(469)) - 08ceee5b-2c7e-4ad1-8a60-371a9f493f30-RaftLogWorker: created new log segment /opt/src/hadoop-ozone/integration-test/target/test-dir/MiniOzoneClusterImpl-1d0a9a41-b4be-4563-b8a7-35b218604dff/datanode-1/data/ratis/d8990fec-5db9-4d61-ac1c-479a61387f13/current/log_inprogress_0
2019-06-13 15:31:02,257 INFO  impl.FollowerState (FollowerState.java:run(101)) - 37038086-f9a0-4835-a23d-140cc1085d12:group-BBEC3AB39D59 changes to CANDIDATE, lastRpcTime:1000, electionTimeout:1000ms
2019-06-13 15:31:02,257 INFO  impl.RoleInfo (RoleInfo.java:shutdownFollowerState(121)) - 37038086-f9a0-4835-a23d-140cc1085d12: shutdown FollowerState
2019-06-13 15:31:02,257 INFO  impl.RaftServerImpl (RaftServerImpl.java:setRole(164)) - 37038086-f9a0-4835-a23d-140cc1085d12:group-BBEC3AB39D59 changes role from FOLLOWER to CANDIDATE at term 0 for changeToCandidate
2019-06-13 15:31:02,257 INFO  impl.RoleInfo (RoleInfo.java:updateAndGet(143)) - 37038086-f9a0-4835-a23d-140cc1085d12: start LeaderElection
2019-06-13 15:31:02,263 INFO  impl.LeaderElection (LeaderElection.java:askForVotes(181)) - 37038086-f9a0-4835-a23d-140cc1085d12:group-BBEC3AB39D59:LeaderElection52: begin an election at term 1 for -1: [de5edcfb-066d-478a-afc0-8c778c3fb67c:192.168.134.103:46219, 37038086-f9a0-4835-a23d-140cc1085d12:192.168.134.103:33047, 08ceee5b-2c7e-4ad1-8a60-371a9f493f30:192.168.134.103:42929], old=null
2019-06-13 15:31:02,267 INFO  impl.FollowerState (FollowerState.java:run(101)) - de5edcfb-066d-478a-afc0-8c778c3fb67c:group-BBEC3AB39D59 changes to CANDIDATE, lastRpcTime:1011, electionTimeout:1011ms
2019-06-13 15:31:02,269 INFO  impl.RaftServerImpl (RaftServerImpl.java:setRole(164)) - 08ceee5b-2c7e-4ad1-8a60-371a9f493f30:group-BBEC3AB39D59 changes role from FOLLOWER to FOLLOWER at term 1 for recognizeCandidate:37038086-f9a0-4835-a23d-140cc1085d12
2019-06-13 15:31:02,269 INFO  impl.RoleInfo (RoleInfo.java:shutdownFollowerState(121)) - de5edcfb-066d-478a-afc0-8c778c3fb67c: shutdown FollowerState
2019-06-13 15:31:02,270 INFO  impl.RoleInfo (RoleInfo.java:shutdownFollowerState(121)) - 08ceee5b-2c7e-4ad1-8a60-371a9f493f30: shutdown FollowerState
2019-06-13 15:31:02,270 INFO  impl.RaftServerImpl (RaftServerImpl.java:setRole(164)) - de5edcfb-066d-478a-afc0-8c778c3fb67c:group-BBEC3AB39D59 changes role from FOLLOWER to CANDIDATE at term 0 for changeToCandidate
2019-06-13 15:31:02,270 INFO  impl.RoleInfo (RoleInfo.java:updateAndGet(143)) - 08ceee5b-2c7e-4ad1-8a60-371a9f493f30: start FollowerState
2019-06-13 15:31:02,270 INFO  impl.FollowerState (FollowerState.java:run(109)) - 08ceee5b-2c7e-4ad1-8a60-371a9f493f30: FollowerState was interrupted: java.lang.InterruptedException: sleep interrupted
2019-06-13 15:31:02,270 INFO  impl.RoleInfo (RoleInfo.java:updateAndGet(143)) - de5edcfb-066d-478a-afc0-8c778c3fb67c: start LeaderElection
2019-06-13 15:31:02,272 INFO  impl.RaftServerImpl (RaftServerImpl.java:setRole(164)) - de5edcfb-066d-478a-afc0-8c778c3fb67c:group-BBEC3AB39D59 changes role from CANDIDATE to FOLLOWER at term 1 for recognizeCandidate:37038086-f9a0-4835-a23d-140cc1085d12
2019-06-13 15:31:02,272 INFO  impl.RoleInfo (RoleInfo.java:shutdownLeaderElection(134)) - de5edcfb-066d-478a-afc0-8c778c3fb67c: shutdown LeaderElection
2019-06-13 15:31:02,272 INFO  impl.RoleInfo (RoleInfo.java:updateAndGet(143)) - de5edcfb-066d-478a-afc0-8c778c3fb67c: start FollowerState
2019-06-13 15:31:02,276 INFO  impl.LeaderElection (LeaderElection.java:logAndReturn(56)) - 37038086-f9a0-4835-a23d-140cc1085d12:group-BBEC3AB39D59:LeaderElection52: Election PASSED; received 2 response(s) [37038086-f9a0-4835-a23d-140cc1085d12->de5edcfb-066d-478a-afc0-8c778c3fb67c,false-t1, 37038086-f9a0-4835-a23d-140cc1085d12->08ceee5b-2c7e-4ad1-8a60-371a9f493f30,true-t1] and 0 exception(s); 37038086-f9a0-4835-a23d-140cc1085d12:t1, leader=null, voted=37038086-f9a0-4835-a23d-140cc1085d12, raftlog=37038086-f9a0-4835-a23d-140cc1085d12-SegmentedRaftLog:OPENED:c-1,f-1,i0, conf=-1: [de5edcfb-066d-478a-afc0-8c778c3fb67c:192.168.134.103:46219, 37038086-f9a0-4835-a23d-140cc1085d12:192.168.134.103:33047, 08ceee5b-2c7e-4ad1-8a60-371a9f493f30:192.168.134.103:42929], old=null
2019-06-13 15:31:02,276 INFO  impl.RoleInfo (RoleInfo.java:shutdownLeaderElection(134)) - 37038086-f9a0-4835-a23d-140cc1085d12: shutdown LeaderElection
2019-06-13 15:31:02,276 INFO  impl.RaftServerImpl (RaftServerImpl.java:setRole(164)) - 37038086-f9a0-4835-a23d-140cc1085d12:group-BBEC3AB39D59 changes role from CANDIDATE to LEADER at term 1 for changeToLeader
2019-06-13 15:31:02,276 INFO  impl.RaftServerImpl (ServerState.java:setLeader(263)) - 37038086-f9a0-4835-a23d-140cc1085d12:group-BBEC3AB39D59 change Leader from null to 37038086-f9a0-4835-a23d-140cc1085d12 at term 1 for becomeLeader, leader elected after 1022ms
2019-06-13 15:31:02,276 INFO  server.RaftServerConfigKeys (ConfUtils.java:logGet(43)) - raft.server.staging.catchup.gap = 1000 (default)
2019-06-13 15:31:02,277 INFO  server.RaftServerConfigKeys (ConfUtils.java:logGet(43)) - raft.server.rpc.sleep.time = 25ms (default)
2019-06-13 15:31:02,277 INFO  server.RaftServerConfigKeys (ConfUtils.java:logGet(43)) - raft.server.watch.timeout = 10s (default)
2019-06-13 15:31:02,277 INFO  server.RaftServerConfigKeys (ConfUtils.java:logGet(43)) - raft.server.watch.timeout.denomination = 1s (default)
2019-06-13 15:31:02,277 INFO  server.RaftServerConfigKeys (ConfUtils.java:logGet(43)) - raft.server.log.appender.snapshot.chunk.size.max = 16MB (=16777216) (default)
2019-06-13 15:31:02,277 INFO  server.RaftServerConfigKeys (ConfUtils.java:logGet(43)) - raft.server.log.appender.buffer.byte-limit = 33554432 (custom)
2019-06-13 15:31:02,277 INFO  server.RaftServerConfigKeys (ConfUtils.java:logGet(43)) - raft.server.log.appender.buffer.element-limit = 1 (custom)
2019-06-13 15:31:02,277 INFO  grpc.GrpcConfigKeys$Server (ConfUtils.java:logGet(43)) - raft.grpc.server.leader.outstanding.appends.max = 128 (default)
2019-06-13 15:31:02,277 INFO  server.RaftServerConfigKeys (ConfUtils.java:logGet(43)) - raft.server.rpc.request.timeout = 3000ms (default)
2019-06-13 15:31:02,277 INFO  server.RaftServerConfigKeys (ConfUtils.java:logGet(43)) - raft.server.log.appender.install.snapshot.enabled = true (default)
2019-06-13 15:31:02,277 INFO  server.RaftServerConfigKeys (ConfUtils.java:logGet(43)) - raft.server.log.appender.snapshot.chunk.size.max = 16MB (=16777216) (default)
2019-06-13 15:31:02,277 INFO  server.RaftServerConfigKeys (ConfUtils.java:logGet(43)) - raft.server.log.appender.buffer.byte-limit = 33554432 (custom)
2019-06-13 15:31:02,278 INFO  server.RaftServerConfigKeys (ConfUtils.java:logGet(43)) - raft.server.log.appender.buffer.element-limit = 1 (custom)
2019-06-13 15:31:02,278 INFO  grpc.GrpcConfigKeys$Server (ConfUtils.java:logGet(43)) - raft.grpc.server.leader.outstanding.appends.max = 128 (default)
2019-06-13 15:31:02,278 INFO  server.RaftServerConfigKeys (ConfUtils.java:logGet(43)) - raft.server.rpc.request.timeout = 3000ms (default)
2019-06-13 15:31:02,278 INFO  server.RaftServerConfigKeys (ConfUtils.java:logGet(43)) - raft.server.log.appender.install.snapshot.enabled = true (default)
2019-06-13 15:31:02,278 INFO  impl.RoleInfo (RoleInfo.java:updateAndGet(143)) - 37038086-f9a0-4835-a23d-140cc1085d12: start LeaderState
2019-06-13 15:31:02,278 INFO  storage.RaftLogWorker (RaftLogWorker.java:startLogSegment(298)) - 37038086-f9a0-4835-a23d-140cc1085d12-RaftLogWorker: Starting segment from index:0
2019-06-13 15:31:02,279 INFO  impl.FollowerState (FollowerState.java:run(101)) - de5edcfb-066d-478a-afc0-8c778c3fb67c:group-B324832FA758 changes to CANDIDATE, lastRpcTime:1043, electionTimeout:1043ms
2019-06-13 15:31:02,279 INFO  impl.RoleInfo (RoleInfo.java:shutdownFollowerState(121)) - de5edcfb-066d-478a-afc0-8c778c3fb67c: shutdown FollowerState
2019-06-13 15:31:02,279 INFO  impl.RaftServerImpl (RaftServerImpl.java:setRole(164)) - de5edcfb-066d-478a-afc0-8c778c3fb67c:group-B324832FA758 changes role from FOLLOWER to CANDIDATE at term 0 for changeToCandidate
2019-06-13 15:31:02,282 INFO  impl.RoleInfo (RoleInfo.java:updateAndGet(143)) - de5edcfb-066d-478a-afc0-8c778c3fb67c: start LeaderElection
2019-06-13 15:31:02,282 INFO  impl.RaftServerImpl (ServerState.java:setRaftConf(361)) - 37038086-f9a0-4835-a23d-140cc1085d12:group-BBEC3AB39D59 set configuration 0: [de5edcfb-066d-478a-afc0-8c778c3fb67c:192.168.134.103:46219, 37038086-f9a0-4835-a23d-140cc1085d12:192.168.134.103:33047, 08ceee5b-2c7e-4ad1-8a60-371a9f493f30:192.168.134.103:42929], old=null at 0
2019-06-13 15:31:02,315 INFO  impl.RaftServerImpl (ServerState.java:setLeader(263)) - de5edcfb-066d-478a-afc0-8c778c3fb67c:group-BBEC3AB39D59 change Leader from null to 37038086-f9a0-4835-a23d-140cc1085d12 at term 1 for appendEntries, leader elected after 1062ms
2019-06-13 15:31:02,323 INFO  impl.LeaderElection (LeaderElection.java:askForVotes(181)) - de5edcfb-066d-478a-afc0-8c778c3fb67c:group-B324832FA758:LeaderElection54: begin an election at term 1 for -1: [de5edcfb-066d-478a-afc0-8c778c3fb67c:192.168.134.103:46219], old=null
2019-06-13 15:31:02,323 INFO  storage.RaftLogWorker (RaftLogWorker.java:execute(469)) - 37038086-f9a0-4835-a23d-140cc1085d12-RaftLogWorker: created new log segment /opt/src/hadoop-ozone/integration-test/target/test-dir/MiniOzoneClusterImpl-1d0a9a41-b4be-4563-b8a7-35b218604dff/datanode-0/data/ratis/d75f09f9-48b1-4cb3-99d8-bbec3ab39d59/current/log_inprogress_0
2019-06-13 15:31:02,323 INFO  impl.RoleInfo (RoleInfo.java:shutdownLeaderElection(134)) - de5edcfb-066d-478a-afc0-8c778c3fb67c: shutdown LeaderElection
2019-06-13 15:31:02,323 INFO  impl.RaftServerImpl (ServerState.java:setLeader(263)) - 08ceee5b-2c7e-4ad1-8a60-371a9f493f30:group-BBEC3AB39D59 change Leader from null to 37038086-f9a0-4835-a23d-140cc1085d12 at term 1 for appendEntries, leader elected after 1067ms
2019-06-13 15:31:02,323 INFO  impl.RaftServerImpl (RaftServerImpl.java:setRole(164)) - de5edcfb-066d-478a-afc0-8c778c3fb67c:group-B324832FA758 changes role from CANDIDATE to LEADER at term 1 for changeToLeader
2019-06-13 15:31:02,324 INFO  impl.RaftServerImpl (ServerState.java:setLeader(263)) - de5edcfb-066d-478a-afc0-8c778c3fb67c:group-B324832FA758 change Leader from null to de5edcfb-066d-478a-afc0-8c778c3fb67c at term 1 for becomeLeader, leader elected after 1090ms
2019-06-13 15:31:02,324 INFO  server.RaftServerConfigKeys (ConfUtils.java:logGet(43)) - raft.server.staging.catchup.gap = 1000 (default)
2019-06-13 15:31:02,324 INFO  server.RaftServerConfigKeys (ConfUtils.java:logGet(43)) - raft.server.rpc.sleep.time = 25ms (default)
2019-06-13 15:31:02,324 INFO  server.RaftServerConfigKeys (ConfUtils.java:logGet(43)) - raft.server.watch.timeout = 10s (default)
2019-06-13 15:31:02,324 INFO  impl.RaftServerImpl (ServerState.java:setRaftConf(361)) - de5edcfb-066d-478a-afc0-8c778c3fb67c:group-BBEC3AB39D59 set configuration 0: [de5edcfb-066d-478a-afc0-8c778c3fb67c:192.168.134.103:46219, 37038086-f9a0-4835-a23d-140cc1085d12:192.168.134.103:33047, 08ceee5b-2c7e-4ad1-8a60-371a9f493f30:192.168.134.103:42929], old=null at 0
2019-06-13 15:31:02,326 INFO  storage.RaftLogWorker (RaftLogWorker.java:startLogSegment(298)) - de5edcfb-066d-478a-afc0-8c778c3fb67c-RaftLogWorker: Starting segment from index:0
2019-06-13 15:31:02,324 INFO  server.RaftServerConfigKeys (ConfUtils.java:logGet(43)) - raft.server.watch.timeout.denomination = 1s (default)
2019-06-13 15:31:02,327 INFO  impl.RoleInfo (RoleInfo.java:updateAndGet(143)) - de5edcfb-066d-478a-afc0-8c778c3fb67c: start LeaderState
2019-06-13 15:31:02,327 INFO  storage.RaftLogWorker (RaftLogWorker.java:startLogSegment(298)) - de5edcfb-066d-478a-afc0-8c778c3fb67c-RaftLogWorker: Starting segment from index:0
2019-06-13 15:31:02,327 INFO  impl.RaftServerImpl (ServerState.java:setRaftConf(361)) - de5edcfb-066d-478a-afc0-8c778c3fb67c:group-B324832FA758 set configuration 0: [de5edcfb-066d-478a-afc0-8c778c3fb67c:192.168.134.103:46219], old=null at 0
2019-06-13 15:31:02,327 INFO  impl.RaftServerImpl (ServerState.java:setRaftConf(361)) - 08ceee5b-2c7e-4ad1-8a60-371a9f493f30:group-BBEC3AB39D59 set configuration 0: [de5edcfb-066d-478a-afc0-8c778c3fb67c:192.168.134.103:46219, 37038086-f9a0-4835-a23d-140cc1085d12:192.168.134.103:33047, 08ceee5b-2c7e-4ad1-8a60-371a9f493f30:192.168.134.103:42929], old=null at 0
2019-06-13 15:31:02,327 INFO  storage.RaftLogWorker (RaftLogWorker.java:startLogSegment(298)) - 08ceee5b-2c7e-4ad1-8a60-371a9f493f30-RaftLogWorker: Starting segment from index:0
2019-06-13 15:31:02,367 INFO  storage.RaftLogWorker (RaftLogWorker.java:execute(469)) - 08ceee5b-2c7e-4ad1-8a60-371a9f493f30-RaftLogWorker: created new log segment /opt/src/hadoop-ozone/integration-test/target/test-dir/MiniOzoneClusterImpl-1d0a9a41-b4be-4563-b8a7-35b218604dff/datanode-1/data/ratis/d75f09f9-48b1-4cb3-99d8-bbec3ab39d59/current/log_inprogress_0
2019-06-13 15:31:02,372 INFO  storage.RaftLogWorker (RaftLogWorker.java:execute(469)) - de5edcfb-066d-478a-afc0-8c778c3fb67c-RaftLogWorker: created new log segment /opt/src/hadoop-ozone/integration-test/target/test-dir/MiniOzoneClusterImpl-1d0a9a41-b4be-4563-b8a7-35b218604dff/datanode-2/data/ratis/210b5ecc-8713-4b01-8c07-b324832fa758/current/log_inprogress_0
2019-06-13 15:31:02,372 INFO  storage.RaftLogWorker (RaftLogWorker.java:execute(469)) - de5edcfb-066d-478a-afc0-8c778c3fb67c-RaftLogWorker: created new log segment /opt/src/hadoop-ozone/integration-test/target/test-dir/MiniOzoneClusterImpl-1d0a9a41-b4be-4563-b8a7-35b218604dff/datanode-2/data/ratis/d75f09f9-48b1-4cb3-99d8-bbec3ab39d59/current/log_inprogress_0
2019-06-13 15:31:02,425 INFO  impl.FollowerState (FollowerState.java:run(101)) - c368d433-b633-4795-b185-d22432798487:group-28FA5C6A8AAC changes to CANDIDATE, lastRpcTime:1062, electionTimeout:1062ms
2019-06-13 15:31:02,425 INFO  impl.RoleInfo (RoleInfo.java:shutdownFollowerState(121)) - c368d433-b633-4795-b185-d22432798487: shutdown FollowerState
2019-06-13 15:31:02,425 INFO  impl.RaftServerImpl (RaftServerImpl.java:setRole(164)) - c368d433-b633-4795-b185-d22432798487:group-28FA5C6A8AAC changes role from FOLLOWER to CANDIDATE at term 0 for changeToCandidate
2019-06-13 15:31:02,425 INFO  impl.RoleInfo (RoleInfo.java:updateAndGet(143)) - c368d433-b633-4795-b185-d22432798487: start LeaderElection
2019-06-13 15:31:02,431 INFO  impl.LeaderElection (LeaderElection.java:askForVotes(181)) - c368d433-b633-4795-b185-d22432798487:group-28FA5C6A8AAC:LeaderElection55: begin an election at term 1 for -1: [c368d433-b633-4795-b185-d22432798487:192.168.134.103:36097], old=null
2019-06-13 15:31:02,431 INFO  impl.RoleInfo (RoleInfo.java:shutdownLeaderElection(134)) - c368d433-b633-4795-b185-d22432798487: shutdown LeaderElection
2019-06-13 15:31:02,432 INFO  impl.RaftServerImpl (RaftServerImpl.java:setRole(164)) - c368d433-b633-4795-b185-d22432798487:group-28FA5C6A8AAC changes role from CANDIDATE to LEADER at term 1 for changeToLeader
2019-06-13 15:31:02,432 INFO  impl.RaftServerImpl (ServerState.java:setLeader(263)) - c368d433-b633-4795-b185-d22432798487:group-28FA5C6A8AAC change Leader from null to c368d433-b633-4795-b185-d22432798487 at term 1 for becomeLeader, leader elected after 1070ms
2019-06-13 15:31:02,432 INFO  server.RaftServerConfigKeys (ConfUtils.java:logGet(43)) - raft.server.staging.catchup.gap = 1000 (default)
2019-06-13 15:31:02,432 INFO  server.RaftServerConfigKeys (ConfUtils.java:logGet(43)) - raft.server.rpc.sleep.time = 25ms (default)
2019-06-13 15:31:02,432 INFO  server.RaftServerConfigKeys (ConfUtils.java:logGet(43)) - raft.server.watch.timeout = 10s (default)
2019-06-13 15:31:02,432 INFO  server.RaftServerConfigKeys (ConfUtils.java:logGet(43)) - raft.server.watch.timeout.denomination = 1s (default)
2019-06-13 15:31:02,432 INFO  impl.RoleInfo (RoleInfo.java:updateAndGet(143)) - c368d433-b633-4795-b185-d22432798487: start LeaderState
2019-06-13 15:31:02,432 INFO  storage.RaftLogWorker (RaftLogWorker.java:startLogSegment(298)) - c368d433-b633-4795-b185-d22432798487-RaftLogWorker: Starting segment from index:0
2019-06-13 15:31:02,432 INFO  impl.RaftServerImpl (ServerState.java:setRaftConf(361)) - c368d433-b633-4795-b185-d22432798487:group-28FA5C6A8AAC set configuration 0: [c368d433-b633-4795-b185-d22432798487:192.168.134.103:36097], old=null at 0
2019-06-13 15:31:02,467 INFO  storage.RaftLogWorker (RaftLogWorker.java:execute(469)) - c368d433-b633-4795-b185-d22432798487-RaftLogWorker: created new log segment /opt/src/hadoop-ozone/integration-test/target/test-dir/MiniOzoneClusterImpl-1d0a9a41-b4be-4563-b8a7-35b218604dff/datanode-3/data/ratis/4e436338-f996-4f1e-bb78-28fa5c6a8aac/current/log_inprogress_0
2019-06-13 15:31:02,628 INFO  ozone.MiniOzoneClusterImpl (MiniOzoneClusterImpl.java:lambda$waitForClusterToBeReady$0(142)) - Cluster is ready. Got 6 of 6 DN Heartbeats.
2019-06-13 15:31:02,642 INFO  rpc.RpcClient (RpcClient.java:createVolume(289)) - Creating Volume: datanodefailurehandlingtest, with root as owner.
2019-06-13 15:31:02,652 INFO  rpc.RpcClient (RpcClient.java:createBucket(426)) - Creating Bucket: datanodefailurehandlingtest/datanodefailurehandlingtest, with Versioning false and Storage Type set to DISK and Encryption set to false 
2019-06-13 15:31:02,668 INFO  impl.FollowerState (FollowerState.java:run(101)) - d9d51307-0002-4730-a001-7669c84f3b41:group-7C13BADDCF84 changes to CANDIDATE, lastRpcTime:1140, electionTimeout:1140ms
2019-06-13 15:31:02,668 INFO  impl.RoleInfo (RoleInfo.java:shutdownFollowerState(121)) - d9d51307-0002-4730-a001-7669c84f3b41: shutdown FollowerState
2019-06-13 15:31:02,668 INFO  impl.RaftServerImpl (RaftServerImpl.java:setRole(164)) - d9d51307-0002-4730-a001-7669c84f3b41:group-7C13BADDCF84 changes role from FOLLOWER to CANDIDATE at term 0 for changeToCandidate
2019-06-13 15:31:02,668 INFO  impl.RoleInfo (RoleInfo.java:updateAndGet(143)) - d9d51307-0002-4730-a001-7669c84f3b41: start LeaderElection
2019-06-13 15:31:02,675 INFO  impl.LeaderElection (LeaderElection.java:askForVotes(181)) - d9d51307-0002-4730-a001-7669c84f3b41:group-7C13BADDCF84:LeaderElection56: begin an election at term 1 for -1: [d9d51307-0002-4730-a001-7669c84f3b41:192.168.134.103:38793], old=null
2019-06-13 15:31:02,675 INFO  impl.RoleInfo (RoleInfo.java:shutdownLeaderElection(134)) - d9d51307-0002-4730-a001-7669c84f3b41: shutdown LeaderElection
2019-06-13 15:31:02,675 INFO  impl.RaftServerImpl (RaftServerImpl.java:setRole(164)) - d9d51307-0002-4730-a001-7669c84f3b41:group-7C13BADDCF84 changes role from CANDIDATE to LEADER at term 1 for changeToLeader
2019-06-13 15:31:02,675 INFO  impl.RaftServerImpl (ServerState.java:setLeader(263)) - d9d51307-0002-4730-a001-7669c84f3b41:group-7C13BADDCF84 change Leader from null to d9d51307-0002-4730-a001-7669c84f3b41 at term 1 for becomeLeader, leader elected after 1149ms
2019-06-13 15:31:02,675 INFO  server.RaftServerConfigKeys (ConfUtils.java:logGet(43)) - raft.server.staging.catchup.gap = 1000 (default)
2019-06-13 15:31:02,675 INFO  server.RaftServerConfigKeys (ConfUtils.java:logGet(43)) - raft.server.rpc.sleep.time = 25ms (default)
2019-06-13 15:31:02,675 INFO  server.RaftServerConfigKeys (ConfUtils.java:logGet(43)) - raft.server.watch.timeout = 10s (default)
2019-06-13 15:31:02,675 INFO  server.RaftServerConfigKeys (ConfUtils.java:logGet(43)) - raft.server.watch.timeout.denomination = 1s (default)
2019-06-13 15:31:02,676 INFO  impl.RoleInfo (RoleInfo.java:updateAndGet(143)) - d9d51307-0002-4730-a001-7669c84f3b41: start LeaderState
2019-06-13 15:31:02,676 INFO  storage.RaftLogWorker (RaftLogWorker.java:startLogSegment(298)) - d9d51307-0002-4730-a001-7669c84f3b41-RaftLogWorker: Starting segment from index:0
2019-06-13 15:31:02,676 INFO  impl.RaftServerImpl (ServerState.java:setRaftConf(361)) - d9d51307-0002-4730-a001-7669c84f3b41:group-7C13BADDCF84 set configuration 0: [d9d51307-0002-4730-a001-7669c84f3b41:192.168.134.103:38793], old=null at 0
2019-06-13 15:31:02,696 INFO  impl.FollowerState (FollowerState.java:run(101)) - fd89af8d-37f9-4184-a816-59618d9a68e9:group-D696A0939E88 changes to CANDIDATE, lastRpcTime:1037, electionTimeout:1023ms
2019-06-13 15:31:02,696 INFO  impl.RoleInfo (RoleInfo.java:shutdownFollowerState(121)) - fd89af8d-37f9-4184-a816-59618d9a68e9: shutdown FollowerState
2019-06-13 15:31:02,696 INFO  impl.RaftServerImpl (RaftServerImpl.java:setRole(164)) - fd89af8d-37f9-4184-a816-59618d9a68e9:group-D696A0939E88 changes role from FOLLOWER to CANDIDATE at term 0 for changeToCandidate
2019-06-13 15:31:02,696 INFO  impl.RoleInfo (RoleInfo.java:updateAndGet(143)) - fd89af8d-37f9-4184-a816-59618d9a68e9: start LeaderElection
2019-06-13 15:31:02,717 INFO  impl.FollowerState (FollowerState.java:run(101)) - d9d51307-0002-4730-a001-7669c84f3b41:group-D696A0939E88 changes to CANDIDATE, lastRpcTime:1056, electionTimeout:1055ms
2019-06-13 15:31:02,717 INFO  impl.RoleInfo (RoleInfo.java:shutdownFollowerState(121)) - d9d51307-0002-4730-a001-7669c84f3b41: shutdown FollowerState
2019-06-13 15:31:02,717 INFO  impl.RaftServerImpl (RaftServerImpl.java:setRole(164)) - d9d51307-0002-4730-a001-7669c84f3b41:group-D696A0939E88 changes role from FOLLOWER to CANDIDATE at term 0 for changeToCandidate
2019-06-13 15:31:02,717 INFO  impl.RoleInfo (RoleInfo.java:updateAndGet(143)) - d9d51307-0002-4730-a001-7669c84f3b41: start LeaderElection
2019-06-13 15:31:02,717 INFO  client.GrpcClientProtocolClient (GrpcClientProtocolClient.java:onNext(254)) - client-9A2D29BF01DC->c368d433-b633-4795-b185-d22432798487: receive RaftClientReply:client-9A2D29BF01DC->c368d433-b633-4795-b185-d22432798487@group-D696A0939E88, cid=157, FAILED org.apache.ratis.protocol.NotLeaderException: Server c368d433-b633-4795-b185-d22432798487 is not the leader (d9d51307-0002-4730-a001-7669c84f3b41:192.168.134.103:38793). Request must be sent to leader., logIndex=0, commits[c368d433-b633-4795-b185-d22432798487:c-1]
2019-06-13 15:31:02,720 INFO  storage.RaftLogWorker (RaftLogWorker.java:execute(469)) - d9d51307-0002-4730-a001-7669c84f3b41-RaftLogWorker: created new log segment /opt/src/hadoop-ozone/integration-test/target/test-dir/MiniOzoneClusterImpl-1d0a9a41-b4be-4563-b8a7-35b218604dff/datanode-4/data/ratis/690ce717-606c-4da8-af38-7c13baddcf84/current/log_inprogress_0
2019-06-13 15:31:02,721 WARN  client.GrpcClientProtocolService (LogUtils.java:warn(134)) - 0-OrderedRequestStreamObserver0: onError: org.apache.ratis.thirdparty.io.grpc.StatusRuntimeException: CANCELLED: cancelled before receiving half close
2019-06-13 15:31:02,722 INFO  impl.LeaderElection (LeaderElection.java:askForVotes(181)) - fd89af8d-37f9-4184-a816-59618d9a68e9:group-D696A0939E88:LeaderElection57: begin an election at term 1 for -1: [fd89af8d-37f9-4184-a816-59618d9a68e9:192.168.134.103:42955, c368d433-b633-4795-b185-d22432798487:192.168.134.103:36097, d9d51307-0002-4730-a001-7669c84f3b41:192.168.134.103:38793], old=null
2019-06-13 15:31:02,722 INFO  impl.LeaderElection (LeaderElection.java:askForVotes(181)) - d9d51307-0002-4730-a001-7669c84f3b41:group-D696A0939E88:LeaderElection58: begin an election at term 1 for -1: [fd89af8d-37f9-4184-a816-59618d9a68e9:192.168.134.103:42955, c368d433-b633-4795-b185-d22432798487:192.168.134.103:36097, d9d51307-0002-4730-a001-7669c84f3b41:192.168.134.103:38793], old=null
2019-06-13 15:31:02,724 INFO  impl.FollowerState (FollowerState.java:run(101)) - c368d433-b633-4795-b185-d22432798487:group-D696A0939E88 changes to CANDIDATE, lastRpcTime:1061, electionTimeout:1061ms
2019-06-13 15:31:02,724 INFO  impl.RoleInfo (RoleInfo.java:shutdownFollowerState(121)) - c368d433-b633-4795-b185-d22432798487: shutdown FollowerState
2019-06-13 15:31:02,724 INFO  impl.RaftServerImpl (RaftServerImpl.java:setRole(164)) - c368d433-b633-4795-b185-d22432798487:group-D696A0939E88 changes role from FOLLOWER to CANDIDATE at term 0 for changeToCandidate
2019-06-13 15:31:02,724 INFO  impl.RoleInfo (RoleInfo.java:updateAndGet(143)) - c368d433-b633-4795-b185-d22432798487: start LeaderElection
2019-06-13 15:31:02,726 INFO  impl.RaftServerImpl (RaftServerImpl.java:setRole(164)) - c368d433-b633-4795-b185-d22432798487:group-D696A0939E88 changes role from CANDIDATE to FOLLOWER at term 1 for recognizeCandidate:fd89af8d-37f9-4184-a816-59618d9a68e9
2019-06-13 15:31:02,726 INFO  impl.RoleInfo (RoleInfo.java:shutdownLeaderElection(134)) - c368d433-b633-4795-b185-d22432798487: shutdown LeaderElection
2019-06-13 15:31:02,726 INFO  impl.RoleInfo (RoleInfo.java:updateAndGet(143)) - c368d433-b633-4795-b185-d22432798487: start FollowerState
2019-06-13 15:31:02,729 INFO  impl.LeaderElection (LeaderElection.java:logAndReturn(56)) - fd89af8d-37f9-4184-a816-59618d9a68e9:group-D696A0939E88:LeaderElection57: Election REJECTED; received 2 response(s) [fd89af8d-37f9-4184-a816-59618d9a68e9->d9d51307-0002-4730-a001-7669c84f3b41,false-t1, fd89af8d-37f9-4184-a816-59618d9a68e9->c368d433-b633-4795-b185-d22432798487,false-t1] and 0 exception(s); fd89af8d-37f9-4184-a816-59618d9a68e9:t1, leader=null, voted=fd89af8d-37f9-4184-a816-59618d9a68e9, raftlog=fd89af8d-37f9-4184-a816-59618d9a68e9-SegmentedRaftLog:OPENED:c-1,f-1,i0, conf=-1: [fd89af8d-37f9-4184-a816-59618d9a68e9:192.168.134.103:42955, c368d433-b633-4795-b185-d22432798487:192.168.134.103:36097, d9d51307-0002-4730-a001-7669c84f3b41:192.168.134.103:38793], old=null
2019-06-13 15:31:02,729 INFO  impl.RaftServerImpl (RaftServerImpl.java:setRole(164)) - fd89af8d-37f9-4184-a816-59618d9a68e9:group-D696A0939E88 changes role from CANDIDATE to FOLLOWER at term 1 for DISCOVERED_A_NEW_TERM
2019-06-13 15:31:02,729 INFO  impl.RoleInfo (RoleInfo.java:shutdownLeaderElection(134)) - fd89af8d-37f9-4184-a816-59618d9a68e9: shutdown LeaderElection
2019-06-13 15:31:02,729 INFO  impl.RoleInfo (RoleInfo.java:updateAndGet(143)) - fd89af8d-37f9-4184-a816-59618d9a68e9: start FollowerState
2019-06-13 15:31:02,730 INFO  impl.LeaderElection (LeaderElection.java:askForVotes(181)) - c368d433-b633-4795-b185-d22432798487:group-D696A0939E88:LeaderElection59: begin an election at term 2 for -1: [fd89af8d-37f9-4184-a816-59618d9a68e9:192.168.134.103:42955, c368d433-b633-4795-b185-d22432798487:192.168.134.103:36097, d9d51307-0002-4730-a001-7669c84f3b41:192.168.134.103:38793], old=null
2019-06-13 15:31:02,731 INFO  impl.LeaderElection (LeaderElection.java:logAndReturn(56)) - c368d433-b633-4795-b185-d22432798487:group-D696A0939E88:LeaderElection59: Election REJECTED; received 0 response(s) [] and 0 exception(s); c368d433-b633-4795-b185-d22432798487:t2, leader=null, voted=c368d433-b633-4795-b185-d22432798487, raftlog=c368d433-b633-4795-b185-d22432798487-SegmentedRaftLog:OPENED:c-1,f-1,i0, conf=-1: [fd89af8d-37f9-4184-a816-59618d9a68e9:192.168.134.103:42955, c368d433-b633-4795-b185-d22432798487:192.168.134.103:36097, d9d51307-0002-4730-a001-7669c84f3b41:192.168.134.103:38793], old=null
2019-06-13 15:31:02,731 INFO  impl.LeaderElection (LeaderElection.java:logAndReturn(56)) - d9d51307-0002-4730-a001-7669c84f3b41:group-D696A0939E88:LeaderElection58: Election DISCOVERED_A_NEW_TERM; received 2 response(s) [d9d51307-0002-4730-a001-7669c84f3b41->fd89af8d-37f9-4184-a816-59618d9a68e9,false-t1, d9d51307-0002-4730-a001-7669c84f3b41->c368d433-b633-4795-b185-d22432798487,false-t2] and 0 exception(s); d9d51307-0002-4730-a001-7669c84f3b41:t1, leader=null, voted=d9d51307-0002-4730-a001-7669c84f3b41, raftlog=d9d51307-0002-4730-a001-7669c84f3b41-SegmentedRaftLog:OPENED:c-1,f-1,i0, conf=-1: [fd89af8d-37f9-4184-a816-59618d9a68e9:192.168.134.103:42955, c368d433-b633-4795-b185-d22432798487:192.168.134.103:36097, d9d51307-0002-4730-a001-7669c84f3b41:192.168.134.103:38793], old=null
2019-06-13 15:31:02,731 INFO  impl.RaftServerImpl (RaftServerImpl.java:setRole(164)) - d9d51307-0002-4730-a001-7669c84f3b41:group-D696A0939E88 changes role from CANDIDATE to FOLLOWER at term 2 for DISCOVERED_A_NEW_TERM
2019-06-13 15:31:02,731 INFO  impl.RoleInfo (RoleInfo.java:shutdownLeaderElection(134)) - d9d51307-0002-4730-a001-7669c84f3b41: shutdown LeaderElection
2019-06-13 15:31:02,731 INFO  impl.RoleInfo (RoleInfo.java:updateAndGet(143)) - d9d51307-0002-4730-a001-7669c84f3b41: start FollowerState
2019-06-13 15:31:02,733 INFO  impl.RaftServerImpl (RaftServerImpl.java:setRole(164)) - fd89af8d-37f9-4184-a816-59618d9a68e9:group-D696A0939E88 changes role from FOLLOWER to FOLLOWER at term 2 for recognizeCandidate:c368d433-b633-4795-b185-d22432798487
2019-06-13 15:31:02,733 INFO  impl.RoleInfo (RoleInfo.java:shutdownFollowerState(121)) - fd89af8d-37f9-4184-a816-59618d9a68e9: shutdown FollowerState
2019-06-13 15:31:02,733 INFO  impl.RoleInfo (RoleInfo.java:updateAndGet(143)) - fd89af8d-37f9-4184-a816-59618d9a68e9: start FollowerState
2019-06-13 15:31:02,733 INFO  impl.FollowerState (FollowerState.java:run(109)) - fd89af8d-37f9-4184-a816-59618d9a68e9: FollowerState was interrupted: java.lang.InterruptedException: sleep interrupted
2019-06-13 15:31:02,735 INFO  impl.RaftServerImpl (RaftServerImpl.java:setRole(164)) - d9d51307-0002-4730-a001-7669c84f3b41:group-D696A0939E88 changes role from FOLLOWER to FOLLOWER at term 2 for recognizeCandidate:c368d433-b633-4795-b185-d22432798487
2019-06-13 15:31:02,735 INFO  impl.RoleInfo (RoleInfo.java:shutdownFollowerState(121)) - d9d51307-0002-4730-a001-7669c84f3b41: shutdown FollowerState
2019-06-13 15:31:02,735 INFO  impl.RoleInfo (RoleInfo.java:updateAndGet(143)) - d9d51307-0002-4730-a001-7669c84f3b41: start FollowerState
2019-06-13 15:31:02,735 INFO  impl.FollowerState (FollowerState.java:run(109)) - d9d51307-0002-4730-a001-7669c84f3b41: FollowerState was interrupted: java.lang.InterruptedException: sleep interrupted
2019-06-13 15:31:02,751 INFO  impl.FollowerState (FollowerState.java:run(101)) - fd89af8d-37f9-4184-a816-59618d9a68e9:group-AAB7088868A6 changes to CANDIDATE, lastRpcTime:1109, electionTimeout:1109ms
2019-06-13 15:31:02,751 INFO  impl.RoleInfo (RoleInfo.java:shutdownFollowerState(121)) - fd89af8d-37f9-4184-a816-59618d9a68e9: shutdown FollowerState
2019-06-13 15:31:02,751 INFO  impl.RaftServerImpl (RaftServerImpl.java:setRole(164)) - fd89af8d-37f9-4184-a816-59618d9a68e9:group-AAB7088868A6 changes role from FOLLOWER to CANDIDATE at term 0 for changeToCandidate
2019-06-13 15:31:02,751 INFO  impl.RoleInfo (RoleInfo.java:updateAndGet(143)) - fd89af8d-37f9-4184-a816-59618d9a68e9: start LeaderElection
2019-06-13 15:31:02,756 INFO  impl.LeaderElection (LeaderElection.java:askForVotes(181)) - fd89af8d-37f9-4184-a816-59618d9a68e9:group-AAB7088868A6:LeaderElection60: begin an election at term 1 for -1: [fd89af8d-37f9-4184-a816-59618d9a68e9:192.168.134.103:42955], old=null
2019-06-13 15:31:02,756 INFO  impl.RoleInfo (RoleInfo.java:shutdownLeaderElection(134)) - fd89af8d-37f9-4184-a816-59618d9a68e9: shutdown LeaderElection
2019-06-13 15:31:02,756 INFO  impl.RaftServerImpl (RaftServerImpl.java:setRole(164)) - fd89af8d-37f9-4184-a816-59618d9a68e9:group-AAB7088868A6 changes role from CANDIDATE to LEADER at term 1 for changeToLeader
2019-06-13 15:31:02,756 INFO  impl.RaftServerImpl (ServerState.java:setLeader(263)) - fd89af8d-37f9-4184-a816-59618d9a68e9:group-AAB7088868A6 change Leader from null to fd89af8d-37f9-4184-a816-59618d9a68e9 at term 1 for becomeLeader, leader elected after 1116ms
2019-06-13 15:31:02,756 INFO  server.RaftServerConfigKeys (ConfUtils.java:logGet(43)) - raft.server.staging.catchup.gap = 1000 (default)
2019-06-13 15:31:02,756 INFO  server.RaftServerConfigKeys (ConfUtils.java:logGet(43)) - raft.server.rpc.sleep.time = 25ms (default)
2019-06-13 15:31:02,756 INFO  server.RaftServerConfigKeys (ConfUtils.java:logGet(43)) - raft.server.watch.timeout = 10s (default)
2019-06-13 15:31:02,756 INFO  server.RaftServerConfigKeys (ConfUtils.java:logGet(43)) - raft.server.watch.timeout.denomination = 1s (default)
2019-06-13 15:31:02,756 INFO  impl.RoleInfo (RoleInfo.java:updateAndGet(143)) - fd89af8d-37f9-4184-a816-59618d9a68e9: start LeaderState
2019-06-13 15:31:02,756 INFO  storage.RaftLogWorker (RaftLogWorker.java:startLogSegment(298)) - fd89af8d-37f9-4184-a816-59618d9a68e9-RaftLogWorker: Starting segment from index:0
2019-06-13 15:31:02,757 INFO  impl.RaftServerImpl (ServerState.java:setRaftConf(361)) - fd89af8d-37f9-4184-a816-59618d9a68e9:group-AAB7088868A6 set configuration 0: [fd89af8d-37f9-4184-a816-59618d9a68e9:192.168.134.103:42955], old=null at 0
2019-06-13 15:31:02,791 INFO  storage.RaftLogWorker (RaftLogWorker.java:execute(469)) - fd89af8d-37f9-4184-a816-59618d9a68e9-RaftLogWorker: created new log segment /opt/src/hadoop-ozone/integration-test/target/test-dir/MiniOzoneClusterImpl-1d0a9a41-b4be-4563-b8a7-35b218604dff/datanode-5/data/ratis/aefa7dcf-c5aa-4df4-84e8-aab7088868a6/current/log_inprogress_0
2019-06-13 15:31:03,728 INFO  client.GrpcClientProtocolClient (GrpcClientProtocolClient.java:onNext(254)) - client-9A2D29BF01DC->fd89af8d-37f9-4184-a816-59618d9a68e9: receive RaftClientReply:client-9A2D29BF01DC->fd89af8d-37f9-4184-a816-59618d9a68e9@group-D696A0939E88, cid=157, FAILED org.apache.ratis.protocol.NotLeaderException: Server fd89af8d-37f9-4184-a816-59618d9a68e9 is not the leader (c368d433-b633-4795-b185-d22432798487:192.168.134.103:36097). Request must be sent to leader., logIndex=0, commits[fd89af8d-37f9-4184-a816-59618d9a68e9:c-1]
2019-06-13 15:31:03,729 WARN  client.GrpcClientProtocolService (LogUtils.java:warn(134)) - 0-OrderedRequestStreamObserver0: onError: org.apache.ratis.thirdparty.io.grpc.StatusRuntimeException: CANCELLED: cancelled before receiving half close
2019-06-13 15:31:03,770 INFO  impl.FollowerState (FollowerState.java:run(101)) - c368d433-b633-4795-b185-d22432798487:group-D696A0939E88 changes to CANDIDATE, lastRpcTime:1043, electionTimeout:1043ms
2019-06-13 15:31:03,770 INFO  impl.RoleInfo (RoleInfo.java:shutdownFollowerState(121)) - c368d433-b633-4795-b185-d22432798487: shutdown FollowerState
2019-06-13 15:31:03,770 INFO  impl.RaftServerImpl (RaftServerImpl.java:setRole(164)) - c368d433-b633-4795-b185-d22432798487:group-D696A0939E88 changes role from FOLLOWER to CANDIDATE at term 2 for changeToCandidate
2019-06-13 15:31:03,770 INFO  impl.RoleInfo (RoleInfo.java:updateAndGet(143)) - c368d433-b633-4795-b185-d22432798487: start LeaderElection
2019-06-13 15:31:03,773 INFO  impl.LeaderElection (LeaderElection.java:askForVotes(181)) - c368d433-b633-4795-b185-d22432798487:group-D696A0939E88:LeaderElection61: begin an election at term 3 for -1: [fd89af8d-37f9-4184-a816-59618d9a68e9:192.168.134.103:42955, c368d433-b633-4795-b185-d22432798487:192.168.134.103:36097, d9d51307-0002-4730-a001-7669c84f3b41:192.168.134.103:38793], old=null
2019-06-13 15:31:03,774 INFO  impl.RaftServerImpl (RaftServerImpl.java:setRole(164)) - d9d51307-0002-4730-a001-7669c84f3b41:group-D696A0939E88 changes role from FOLLOWER to FOLLOWER at term 3 for recognizeCandidate:c368d433-b633-4795-b185-d22432798487
2019-06-13 15:31:03,774 INFO  impl.RaftServerImpl (RaftServerImpl.java:setRole(164)) - fd89af8d-37f9-4184-a816-59618d9a68e9:group-D696A0939E88 changes role from FOLLOWER to FOLLOWER at term 3 for recognizeCandidate:c368d433-b633-4795-b185-d22432798487
2019-06-13 15:31:03,774 INFO  impl.RoleInfo (RoleInfo.java:shutdownFollowerState(121)) - fd89af8d-37f9-4184-a816-59618d9a68e9: shutdown FollowerState
2019-06-13 15:31:03,774 INFO  impl.RoleInfo (RoleInfo.java:shutdownFollowerState(121)) - d9d51307-0002-4730-a001-7669c84f3b41: shutdown FollowerState
2019-06-13 15:31:03,774 INFO  impl.FollowerState (FollowerState.java:run(109)) - fd89af8d-37f9-4184-a816-59618d9a68e9: FollowerState was interrupted: java.lang.InterruptedException: sleep interrupted
2019-06-13 15:31:03,774 INFO  impl.RoleInfo (RoleInfo.java:updateAndGet(143)) - fd89af8d-37f9-4184-a816-59618d9a68e9: start FollowerState
2019-06-13 15:31:03,774 INFO  impl.FollowerState (FollowerState.java:run(109)) - d9d51307-0002-4730-a001-7669c84f3b41: FollowerState was interrupted: java.lang.InterruptedException: sleep interrupted
2019-06-13 15:31:03,774 INFO  impl.RoleInfo (RoleInfo.java:updateAndGet(143)) - d9d51307-0002-4730-a001-7669c84f3b41: start FollowerState
2019-06-13 15:31:03,778 INFO  impl.LeaderElection (LeaderElection.java:logAndReturn(56)) - c368d433-b633-4795-b185-d22432798487:group-D696A0939E88:LeaderElection61: Election PASSED; received 1 response(s) [c368d433-b633-4795-b185-d22432798487->d9d51307-0002-4730-a001-7669c84f3b41,true-t3] and 0 exception(s); c368d433-b633-4795-b185-d22432798487:t3, leader=null, voted=c368d433-b633-4795-b185-d22432798487, raftlog=c368d433-b633-4795-b185-d22432798487-SegmentedRaftLog:OPENED:c-1,f-1,i0, conf=-1: [fd89af8d-37f9-4184-a816-59618d9a68e9:192.168.134.103:42955, c368d433-b633-4795-b185-d22432798487:192.168.134.103:36097, d9d51307-0002-4730-a001-7669c84f3b41:192.168.134.103:38793], old=null
2019-06-13 15:31:03,778 INFO  impl.RoleInfo (RoleInfo.java:shutdownLeaderElection(134)) - c368d433-b633-4795-b185-d22432798487: shutdown LeaderElection
2019-06-13 15:31:03,778 INFO  impl.RaftServerImpl (RaftServerImpl.java:setRole(164)) - c368d433-b633-4795-b185-d22432798487:group-D696A0939E88 changes role from CANDIDATE to LEADER at term 3 for changeToLeader
2019-06-13 15:31:03,778 INFO  impl.RaftServerImpl (ServerState.java:setLeader(263)) - c368d433-b633-4795-b185-d22432798487:group-D696A0939E88 change Leader from null to c368d433-b633-4795-b185-d22432798487 at term 3 for becomeLeader, leader elected after 2120ms
2019-06-13 15:31:03,778 INFO  server.RaftServerConfigKeys (ConfUtils.java:logGet(43)) - raft.server.staging.catchup.gap = 1000 (default)
2019-06-13 15:31:03,778 INFO  server.RaftServerConfigKeys (ConfUtils.java:logGet(43)) - raft.server.rpc.sleep.time = 25ms (default)
2019-06-13 15:31:03,778 INFO  server.RaftServerConfigKeys (ConfUtils.java:logGet(43)) - raft.server.watch.timeout = 10s (default)
2019-06-13 15:31:03,778 INFO  server.RaftServerConfigKeys (ConfUtils.java:logGet(43)) - raft.server.watch.timeout.denomination = 1s (default)
2019-06-13 15:31:03,779 INFO  server.RaftServerConfigKeys (ConfUtils.java:logGet(43)) - raft.server.log.appender.snapshot.chunk.size.max = 16MB (=16777216) (default)
2019-06-13 15:31:03,779 INFO  server.RaftServerConfigKeys (ConfUtils.java:logGet(43)) - raft.server.log.appender.buffer.byte-limit = 33554432 (custom)
2019-06-13 15:31:03,779 INFO  server.RaftServerConfigKeys (ConfUtils.java:logGet(43)) - raft.server.log.appender.buffer.element-limit = 1 (custom)
2019-06-13 15:31:03,779 INFO  grpc.GrpcConfigKeys$Server (ConfUtils.java:logGet(43)) - raft.grpc.server.leader.outstanding.appends.max = 128 (default)
2019-06-13 15:31:03,779 INFO  server.RaftServerConfigKeys (ConfUtils.java:logGet(43)) - raft.server.rpc.request.timeout = 3000ms (default)
2019-06-13 15:31:03,779 INFO  server.RaftServerConfigKeys (ConfUtils.java:logGet(43)) - raft.server.log.appender.install.snapshot.enabled = true (default)
2019-06-13 15:31:03,779 INFO  server.RaftServerConfigKeys (ConfUtils.java:logGet(43)) - raft.server.log.appender.snapshot.chunk.size.max = 16MB (=16777216) (default)
2019-06-13 15:31:03,779 INFO  server.RaftServerConfigKeys (ConfUtils.java:logGet(43)) - raft.server.log.appender.buffer.byte-limit = 33554432 (custom)
2019-06-13 15:31:03,779 INFO  server.RaftServerConfigKeys (ConfUtils.java:logGet(43)) - raft.server.log.appender.buffer.element-limit = 1 (custom)
2019-06-13 15:31:03,779 INFO  grpc.GrpcConfigKeys$Server (ConfUtils.java:logGet(43)) - raft.grpc.server.leader.outstanding.appends.max = 128 (default)
2019-06-13 15:31:03,779 INFO  server.RaftServerConfigKeys (ConfUtils.java:logGet(43)) - raft.server.rpc.request.timeout = 3000ms (default)
2019-06-13 15:31:03,779 INFO  server.RaftServerConfigKeys (ConfUtils.java:logGet(43)) - raft.server.log.appender.install.snapshot.enabled = true (default)
2019-06-13 15:31:03,780 INFO  impl.RoleInfo (RoleInfo.java:updateAndGet(143)) - c368d433-b633-4795-b185-d22432798487: start LeaderState
2019-06-13 15:31:03,780 INFO  storage.RaftLogWorker (RaftLogWorker.java:startLogSegment(298)) - c368d433-b633-4795-b185-d22432798487-RaftLogWorker: Starting segment from index:0
2019-06-13 15:31:03,780 INFO  impl.RaftServerImpl (ServerState.java:setRaftConf(361)) - c368d433-b633-4795-b185-d22432798487:group-D696A0939E88 set configuration 0: [fd89af8d-37f9-4184-a816-59618d9a68e9:192.168.134.103:42955, c368d433-b633-4795-b185-d22432798487:192.168.134.103:36097, d9d51307-0002-4730-a001-7669c84f3b41:192.168.134.103:38793], old=null at 0
2019-06-13 15:31:03,781 INFO  impl.RaftServerImpl (ServerState.java:setLeader(263)) - fd89af8d-37f9-4184-a816-59618d9a68e9:group-D696A0939E88 change Leader from null to c368d433-b633-4795-b185-d22432798487 at term 3 for appendEntries, leader elected after 2124ms
2019-06-13 15:31:03,781 INFO  impl.RaftServerImpl (ServerState.java:setLeader(263)) - d9d51307-0002-4730-a001-7669c84f3b41:group-D696A0939E88 change Leader from null to c368d433-b633-4795-b185-d22432798487 at term 3 for appendEntries, leader elected after 2123ms
2019-06-13 15:31:03,786 INFO  impl.RaftServerImpl (ServerState.java:setRaftConf(361)) - fd89af8d-37f9-4184-a816-59618d9a68e9:group-D696A0939E88 set configuration 0: [fd89af8d-37f9-4184-a816-59618d9a68e9:192.168.134.103:42955, c368d433-b633-4795-b185-d22432798487:192.168.134.103:36097, d9d51307-0002-4730-a001-7669c84f3b41:192.168.134.103:38793], old=null at 0
2019-06-13 15:31:03,786 INFO  impl.RaftServerImpl (ServerState.java:setRaftConf(361)) - d9d51307-0002-4730-a001-7669c84f3b41:group-D696A0939E88 set configuration 0: [fd89af8d-37f9-4184-a816-59618d9a68e9:192.168.134.103:42955, c368d433-b633-4795-b185-d22432798487:192.168.134.103:36097, d9d51307-0002-4730-a001-7669c84f3b41:192.168.134.103:38793], old=null at 0
2019-06-13 15:31:03,786 INFO  storage.RaftLogWorker (RaftLogWorker.java:startLogSegment(298)) - fd89af8d-37f9-4184-a816-59618d9a68e9-RaftLogWorker: Starting segment from index:0
2019-06-13 15:31:03,786 INFO  storage.RaftLogWorker (RaftLogWorker.java:startLogSegment(298)) - d9d51307-0002-4730-a001-7669c84f3b41-RaftLogWorker: Starting segment from index:0
2019-06-13 15:31:03,818 INFO  storage.RaftLogWorker (RaftLogWorker.java:execute(469)) - c368d433-b633-4795-b185-d22432798487-RaftLogWorker: created new log segment /opt/src/hadoop-ozone/integration-test/target/test-dir/MiniOzoneClusterImpl-1d0a9a41-b4be-4563-b8a7-35b218604dff/datanode-3/data/ratis/aac6e374-d5ce-460c-b6a9-d696a0939e88/current/log_inprogress_0
2019-06-13 15:31:03,830 INFO  storage.RaftLogWorker (RaftLogWorker.java:execute(469)) - fd89af8d-37f9-4184-a816-59618d9a68e9-RaftLogWorker: created new log segment /opt/src/hadoop-ozone/integration-test/target/test-dir/MiniOzoneClusterImpl-1d0a9a41-b4be-4563-b8a7-35b218604dff/datanode-5/data/ratis/aac6e374-d5ce-460c-b6a9-d696a0939e88/current/log_inprogress_0
2019-06-13 15:31:03,832 INFO  storage.RaftLogWorker (RaftLogWorker.java:execute(469)) - d9d51307-0002-4730-a001-7669c84f3b41-RaftLogWorker: created new log segment /opt/src/hadoop-ozone/integration-test/target/test-dir/MiniOzoneClusterImpl-1d0a9a41-b4be-4563-b8a7-35b218604dff/datanode-4/data/ratis/aac6e374-d5ce-460c-b6a9-d696a0939e88/current/log_inprogress_0
2019-06-13 15:31:04,772 INFO  client.GrpcClientProtocolClient (GrpcClientProtocolClient.java:onNext(254)) - client-9A2D29BF01DC->c368d433-b633-4795-b185-d22432798487: receive RaftClientReply:client-9A2D29BF01DC->c368d433-b633-4795-b185-d22432798487@group-D696A0939E88, cid=157, SUCCESS, logIndex=1, commits[c368d433-b633-4795-b185-d22432798487:c2, fd89af8d-37f9-4184-a816-59618d9a68e9:c0, d9d51307-0002-4730-a001-7669c84f3b41:c1]
2019-06-13 15:31:04,799 INFO  client.GrpcClientProtocolClient (GrpcClientProtocolClient.java:onNext(254)) - client-9A2D29BF01DC->c368d433-b633-4795-b185-d22432798487: receive RaftClientReply:client-9A2D29BF01DC->c368d433-b633-4795-b185-d22432798487@group-D696A0939E88, cid=158, SUCCESS, logIndex=3, commits[c368d433-b633-4795-b185-d22432798487:c4, fd89af8d-37f9-4184-a816-59618d9a68e9:c3, d9d51307-0002-4730-a001-7669c84f3b41:c3]
2019-06-13 15:31:04,799 INFO  datanode.ObjectStoreHandler (ObjectStoreHandler.java:close(155)) - Closing ObjectStoreHandler.
2019-06-13 15:31:04,800 INFO  ozone.HddsDatanodeService (HddsDatanodeService.java:stop(452)) - Stopped plug-in org.apache.hadoop.ozone.web.OzoneHddsDatanodeService@32ae890
2019-06-13 15:31:04,800 INFO  statemachine.DatanodeStateMachine (DatanodeStateMachine.java:lambda$startDaemon$0(350)) - Ozone container server started.
2019-06-13 15:31:04,800 INFO  ozoneimpl.OzoneContainer (OzoneContainer.java:stop(199)) - Attempting to stop container services.
2019-06-13 15:31:04,800 INFO  impl.RaftServerProxy (RaftServerProxy.java:lambda$close$4(314)) - c368d433-b633-4795-b185-d22432798487: close
2019-06-13 15:31:04,800 INFO  impl.RaftServerImpl (RaftServerImpl.java:lambda$shutdown$3(238)) - c368d433-b633-4795-b185-d22432798487: shutdown group-D696A0939E88
2019-06-13 15:31:04,800 INFO  util.JmxRegister (JmxRegister.java:unregister(73)) - Successfully un-registered JMX Bean with object name Ratis:service=RaftServer,group=group-D696A0939E88,id=c368d433-b633-4795-b185-d22432798487
2019-06-13 15:31:04,801 INFO  impl.RoleInfo (RoleInfo.java:shutdownLeaderState(104)) - c368d433-b633-4795-b185-d22432798487: shutdown LeaderState
2019-06-13 15:31:04,801 INFO  impl.PendingRequests (PendingRequests.java:sendNotLeaderResponses(140)) - c368d433-b633-4795-b185-d22432798487-PendingRequests: sendNotLeaderResponses
2019-06-13 15:31:04,801 WARN  server.GrpcLogAppender (GrpcLogAppender.java:mayWait(142)) - GrpcLogAppender(c368d433-b633-4795-b185-d22432798487 -> fd89af8d-37f9-4184-a816-59618d9a68e9): Wait interrupted by java.lang.InterruptedException
2019-06-13 15:31:04,801 WARN  server.GrpcLogAppender (GrpcLogAppender.java:mayWait(142)) - GrpcLogAppender(c368d433-b633-4795-b185-d22432798487 -> d9d51307-0002-4730-a001-7669c84f3b41): Wait interrupted by java.lang.InterruptedException
2019-06-13 15:31:04,805 INFO  server.GrpcServerProtocolService (GrpcServerProtocolService.java:onCompleted(104)) - fd89af8d-37f9-4184-a816-59618d9a68e9: appendEntries completed
2019-06-13 15:31:04,807 INFO  impl.StateMachineUpdater (StateMachineUpdater.java:stopAndJoin(109)) - StateMachineUpdater-c368d433-b633-4795-b185-d22432798487-group-D696A0939E88: set stopIndex = 4
2019-06-13 15:31:04,807 INFO  ratis.ContainerStateMachine (ContainerStateMachine.java:takeSnapshot(245)) - Taking snapshot at termIndex:(t:3, i:4)
2019-06-13 15:31:04,807 INFO  ratis.ContainerStateMachine (ContainerStateMachine.java:takeSnapshot(249)) - Taking a snapshot to file /opt/src/hadoop-ozone/integration-test/target/test-dir/MiniOzoneClusterImpl-1d0a9a41-b4be-4563-b8a7-35b218604dff/datanode-3/data/ratis/aac6e374-d5ce-460c-b6a9-d696a0939e88/sm/snapshot.3_4
2019-06-13 15:31:04,807 INFO  impl.RaftServerImpl (ServerState.java:close(394)) - c368d433-b633-4795-b185-d22432798487:group-D696A0939E88 closes. The last applied log index is 4
2019-06-13 15:31:04,807 INFO  storage.RaftLogWorker (RaftLogWorker.java:run(236)) - c368d433-b633-4795-b185-d22432798487-RaftLogWorker was interrupted, exiting. There are 0 tasks remaining in the queue.
2019-06-13 15:31:04,805 INFO  server.GrpcServerProtocolService (GrpcServerProtocolService.java:onCompleted(104)) - d9d51307-0002-4730-a001-7669c84f3b41: appendEntries completed
2019-06-13 15:31:04,807 INFO  server.GrpcLogAppender (GrpcLogAppender.java:onCompleted(277)) - c368d433-b633-4795-b185-d22432798487: follower c368d433-b633-4795-b185-d22432798487->fd89af8d-37f9-4184-a816-59618d9a68e9(c3,m4,n5, attendVote=true, lastRpcSendTime=21, lastRpcResponseTime=19) response Completed
2019-06-13 15:31:04,809 INFO  server.GrpcLogAppender (GrpcLogAppender.java:onCompleted(277)) - c368d433-b633-4795-b185-d22432798487: follower c368d433-b633-4795-b185-d22432798487->d9d51307-0002-4730-a001-7669c84f3b41(c3,m4,n5, attendVote=true, lastRpcSendTime=23, lastRpcResponseTime=21) response Completed
2019-06-13 15:31:04,809 INFO  impl.FollowerInfo (FollowerInfo.java:lambda$new$0(50)) - c368d433-b633-4795-b185-d22432798487->fd89af8d-37f9-4184-a816-59618d9a68e9: nextIndex: updateUnconditionally 5 -> -1
2019-06-13 15:31:04,809 INFO  storage.RaftLogWorker (RaftLogWorker.java:close(168)) - c368d433-b633-4795-b185-d22432798487-RaftLogWorker close()
2019-06-13 15:31:04,809 INFO  impl.FollowerInfo (FollowerInfo.java:lambda$new$0(50)) - c368d433-b633-4795-b185-d22432798487->d9d51307-0002-4730-a001-7669c84f3b41: nextIndex: updateUnconditionally 5 -> -1
2019-06-13 15:31:04,811 INFO  impl.RaftServerImpl (RaftServerImpl.java:lambda$shutdown$3(238)) - c368d433-b633-4795-b185-d22432798487: shutdown group-28FA5C6A8AAC
2019-06-13 15:31:04,811 INFO  util.JmxRegister (JmxRegister.java:unregister(73)) - Successfully un-registered JMX Bean with object name Ratis:service=RaftServer,group=group-28FA5C6A8AAC,id=c368d433-b633-4795-b185-d22432798487
2019-06-13 15:31:04,811 INFO  impl.RoleInfo (RoleInfo.java:shutdownLeaderState(104)) - c368d433-b633-4795-b185-d22432798487: shutdown LeaderState
2019-06-13 15:31:04,811 INFO  impl.PendingRequests (PendingRequests.java:sendNotLeaderResponses(140)) - c368d433-b633-4795-b185-d22432798487-PendingRequests: sendNotLeaderResponses
2019-06-13 15:31:04,812 INFO  impl.StateMachineUpdater (StateMachineUpdater.java:stopAndJoin(109)) - StateMachineUpdater-c368d433-b633-4795-b185-d22432798487-group-28FA5C6A8AAC: set stopIndex = 0
2019-06-13 15:31:04,812 INFO  ratis.ContainerStateMachine (ContainerStateMachine.java:takeSnapshot(245)) - Taking snapshot at termIndex:(t:0, i:~)
2019-06-13 15:31:04,812 INFO  impl.RaftServerImpl (ServerState.java:close(394)) - c368d433-b633-4795-b185-d22432798487:group-28FA5C6A8AAC closes. The last applied log index is 0
2019-06-13 15:31:04,812 INFO  storage.RaftLogWorker (RaftLogWorker.java:run(236)) - c368d433-b633-4795-b185-d22432798487-RaftLogWorker was interrupted, exiting. There are 0 tasks remaining in the queue.
2019-06-13 15:31:04,816 INFO  storage.RaftLogWorker (RaftLogWorker.java:close(168)) - c368d433-b633-4795-b185-d22432798487-RaftLogWorker close()
2019-06-13 15:31:04,818 INFO  server.GrpcService (GrpcService.java:closeImpl(154)) - c368d433-b633-4795-b185-d22432798487: shutdown server with port 36097 now
2019-06-13 15:31:04,818 INFO  server.GrpcService (GrpcService.java:closeImpl(162)) - c368d433-b633-4795-b185-d22432798487: shutdown server with port 36097 successfully
2019-06-13 15:31:04,819 WARN  fs.CachingGetSpaceUsed (CachingGetSpaceUsed.java:run(183)) - Thread Interrupted waiting to refresh disk information: sleep interrupted
2019-06-13 15:31:04,830 INFO  statemachine.DatanodeStateMachine (DatanodeStateMachine.java:stopDaemon(395)) - Ozone container server stopped.
2019-06-13 15:31:04,831 INFO  handler.ContextHandler (ContextHandler.java:doStop(910)) - Stopped o.e.j.w.WebAppContext@1651bd68{/,null,UNAVAILABLE}{/hddsDatanode}
2019-06-13 15:31:04,831 INFO  server.AbstractConnector (AbstractConnector.java:doStop(318)) - Stopped ServerConnector@44a25dc7{HTTP/1.1,[http/1.1]}{0.0.0.0:0}
2019-06-13 15:31:04,831 INFO  handler.ContextHandler (ContextHandler.java:doStop(910)) - Stopped o.e.j.s.ServletContextHandler@60052518{/static,jar:file:/root/.m2/repository/org/apache/hadoop/hadoop-hdds-container-service/0.5.0-SNAPSHOT/hadoop-hdds-container-service-0.5.0-SNAPSHOT.jar!/webapps/static,UNAVAILABLE}
2019-06-13 15:31:04,831 INFO  handler.ContextHandler (ContextHandler.java:doStop(910)) - Stopped o.e.j.s.ServletContextHandler@628af295{/logs,file:///opt/src/hadoop-ozone/integration-test/target/log,UNAVAILABLE}
2019-06-13 15:31:05,844 INFO  client.GrpcClientProtocolClient (GrpcClientProtocolClient.java:onNext(254)) - client-9A2D29BF01DC->fd89af8d-37f9-4184-a816-59618d9a68e9: receive RaftClientReply:client-9A2D29BF01DC->fd89af8d-37f9-4184-a816-59618d9a68e9@group-D696A0939E88, cid=159, FAILED org.apache.ratis.protocol.NotLeaderException: Server fd89af8d-37f9-4184-a816-59618d9a68e9 is not the leader (c368d433-b633-4795-b185-d22432798487:192.168.134.103:36097). Request must be sent to leader., logIndex=0, commits[fd89af8d-37f9-4184-a816-59618d9a68e9:c3, c368d433-b633-4795-b185-d22432798487:c3, d9d51307-0002-4730-a001-7669c84f3b41:c2]
2019-06-13 15:31:05,845 WARN  client.GrpcClientProtocolService (LogUtils.java:warn(134)) - 1-OrderedRequestStreamObserver1: onError: org.apache.ratis.thirdparty.io.grpc.StatusRuntimeException: CANCELLED: cancelled before receiving half close
2019-06-13 15:31:05,992 INFO  impl.FollowerState (FollowerState.java:run(101)) - fd89af8d-37f9-4184-a816-59618d9a68e9:group-D696A0939E88 changes to CANDIDATE, lastRpcTime:1205, electionTimeout:1067ms
2019-06-13 15:31:05,992 INFO  impl.RoleInfo (RoleInfo.java:shutdownFollowerState(121)) - fd89af8d-37f9-4184-a816-59618d9a68e9: shutdown FollowerState
2019-06-13 15:31:05,992 INFO  impl.RaftServerImpl (RaftServerImpl.java:setRole(164)) - fd89af8d-37f9-4184-a816-59618d9a68e9:group-D696A0939E88 changes role from FOLLOWER to CANDIDATE at term 3 for changeToCandidate
2019-06-13 15:31:05,993 INFO  impl.RoleInfo (RoleInfo.java:updateAndGet(143)) - fd89af8d-37f9-4184-a816-59618d9a68e9: start LeaderElection
2019-06-13 15:31:05,993 INFO  impl.RaftServerImpl (ServerState.java:setLeader(263)) - fd89af8d-37f9-4184-a816-59618d9a68e9:group-D696A0939E88 change Leader from c368d433-b633-4795-b185-d22432798487 to null at term 3 for initElection
2019-06-13 15:31:05,996 INFO  impl.LeaderElection (LeaderElection.java:askForVotes(181)) - fd89af8d-37f9-4184-a816-59618d9a68e9:group-D696A0939E88:LeaderElection62: begin an election at term 4 for 0: [fd89af8d-37f9-4184-a816-59618d9a68e9:192.168.134.103:42955, c368d433-b633-4795-b185-d22432798487:192.168.134.103:36097, d9d51307-0002-4730-a001-7669c84f3b41:192.168.134.103:38793], old=null
2019-06-13 15:31:06,011 INFO  impl.LeaderElection (LogUtils.java:infoOrTrace(149)) - fd89af8d-37f9-4184-a816-59618d9a68e9:group-D696A0939E88:LeaderElection62 got exception when requesting votes: {}
java.util.concurrent.ExecutionException: org.apache.ratis.thirdparty.io.grpc.StatusRuntimeException: UNAVAILABLE: io exception
	at java.util.concurrent.FutureTask.report(FutureTask.java:122)
	at java.util.concurrent.FutureTask.get(FutureTask.java:192)
	at org.apache.ratis.server.impl.LeaderElection.waitForResults(LeaderElection.java:262)
	at org.apache.ratis.server.impl.LeaderElection.askForVotes(LeaderElection.java:200)
	at org.apache.ratis.server.impl.LeaderElection.run(LeaderElection.java:130)
	at java.lang.Thread.run(Thread.java:748)
Caused by: org.apache.ratis.thirdparty.io.grpc.StatusRuntimeException: UNAVAILABLE: io exception
	at org.apache.ratis.thirdparty.io.grpc.stub.ClientCalls.toStatusRuntimeException(ClientCalls.java:233)
	at org.apache.ratis.thirdparty.io.grpc.stub.ClientCalls.getUnchecked(ClientCalls.java:214)
	at org.apache.ratis.thirdparty.io.grpc.stub.ClientCalls.blockingUnaryCall(ClientCalls.java:139)
	at org.apache.ratis.proto.grpc.RaftServerProtocolServiceGrpc$RaftServerProtocolServiceBlockingStub.requestVote(RaftServerProtocolServiceGrpc.java:265)
	at org.apache.ratis.grpc.server.GrpcServerProtocolClient.requestVote(GrpcServerProtocolClient.java:83)
	at org.apache.ratis.grpc.server.GrpcService.requestVote(GrpcService.java:194)
	at org.apache.ratis.server.impl.LeaderElection.lambda$submitRequests$1(LeaderElection.java:237)
	at java.util.concurrent.FutureTask.run(FutureTask.java:266)
	at java.util.concurrent.Executors$RunnableAdapter.call(Executors.java:511)
	at java.util.concurrent.FutureTask.run(FutureTask.java:266)
	at java.util.concurrent.ThreadPoolExecutor.runWorker(ThreadPoolExecutor.java:1149)
	at java.util.concurrent.ThreadPoolExecutor$Worker.run(ThreadPoolExecutor.java:624)
	... 1 more
Caused by: org.apache.ratis.thirdparty.io.netty.channel.AbstractChannel$AnnotatedConnectException: Connection refused: /192.168.134.103:36097
	at sun.nio.ch.SocketChannelImpl.checkConnect(Native Method)
	at sun.nio.ch.SocketChannelImpl.finishConnect(SocketChannelImpl.java:717)
	at org.apache.ratis.thirdparty.io.netty.channel.socket.nio.NioSocketChannel.doFinishConnect(NioSocketChannel.java:327)
	at org.apache.ratis.thirdparty.io.netty.channel.nio.AbstractNioChannel$AbstractNioUnsafe.finishConnect(AbstractNioChannel.java:340)
	at org.apache.ratis.thirdparty.io.netty.channel.nio.NioEventLoop.processSelectedKey(NioEventLoop.java:632)
	at org.apache.ratis.thirdparty.io.netty.channel.nio.NioEventLoop.processSelectedKeysOptimized(NioEventLoop.java:579)
	at org.apache.ratis.thirdparty.io.netty.channel.nio.NioEventLoop.processSelectedKeys(NioEventLoop.java:496)
	at org.apache.ratis.thirdparty.io.netty.channel.nio.NioEventLoop.run(NioEventLoop.java:458)
	at org.apache.ratis.thirdparty.io.netty.util.concurrent.SingleThreadEventExecutor$5.run(SingleThreadEventExecutor.java:897)
	at org.apache.ratis.thirdparty.io.netty.util.concurrent.FastThreadLocalRunnable.run(FastThreadLocalRunnable.java:30)
	... 1 more
Caused by: java.net.ConnectException: Connection refused
	... 11 more
2019-06-13 15:31:06,018 INFO  impl.RaftServerImpl (ServerState.java:setLeader(263)) - d9d51307-0002-4730-a001-7669c84f3b41:group-D696A0939E88 change Leader from c368d433-b633-4795-b185-d22432798487 to null at term 4 for updateCurrentTerm
2019-06-13 15:31:06,018 INFO  impl.RaftServerImpl (RaftServerImpl.java:setRole(164)) - d9d51307-0002-4730-a001-7669c84f3b41:group-D696A0939E88 changes role from FOLLOWER to FOLLOWER at term 4 for recognizeCandidate:fd89af8d-37f9-4184-a816-59618d9a68e9
2019-06-13 15:31:06,018 INFO  impl.RoleInfo (RoleInfo.java:shutdownFollowerState(121)) - d9d51307-0002-4730-a001-7669c84f3b41: shutdown FollowerState
2019-06-13 15:31:06,018 INFO  impl.RoleInfo (RoleInfo.java:updateAndGet(143)) - d9d51307-0002-4730-a001-7669c84f3b41: start FollowerState
2019-06-13 15:31:06,022 INFO  impl.FollowerState (FollowerState.java:run(109)) - d9d51307-0002-4730-a001-7669c84f3b41: FollowerState was interrupted: java.lang.InterruptedException: sleep interrupted
2019-06-13 15:31:06,029 INFO  impl.LeaderElection (LeaderElection.java:logAndReturn(56)) - fd89af8d-37f9-4184-a816-59618d9a68e9:group-D696A0939E88:LeaderElection62: Election PASSED; received 1 response(s) [fd89af8d-37f9-4184-a816-59618d9a68e9->d9d51307-0002-4730-a001-7669c84f3b41,true-t4] and 1 exception(s); fd89af8d-37f9-4184-a816-59618d9a68e9:t4, leader=null, voted=fd89af8d-37f9-4184-a816-59618d9a68e9, raftlog=fd89af8d-37f9-4184-a816-59618d9a68e9-SegmentedRaftLog:OPENED:c3,f4,i4, conf=0: [fd89af8d-37f9-4184-a816-59618d9a68e9:192.168.134.103:42955, c368d433-b633-4795-b185-d22432798487:192.168.134.103:36097, d9d51307-0002-4730-a001-7669c84f3b41:192.168.134.103:38793], old=null
2019-06-13 15:31:06,030 INFO  impl.LeaderElection (LogUtils.java:infoOrTrace(149)) -   Exception 0: {}
java.util.concurrent.ExecutionException: org.apache.ratis.thirdparty.io.grpc.StatusRuntimeException: UNAVAILABLE: io exception
	at java.util.concurrent.FutureTask.report(FutureTask.java:122)
	at java.util.concurrent.FutureTask.get(FutureTask.java:192)
	at org.apache.ratis.server.impl.LeaderElection.waitForResults(LeaderElection.java:262)
	at org.apache.ratis.server.impl.LeaderElection.askForVotes(LeaderElection.java:200)
	at org.apache.ratis.server.impl.LeaderElection.run(LeaderElection.java:130)
	at java.lang.Thread.run(Thread.java:748)
Caused by: org.apache.ratis.thirdparty.io.grpc.StatusRuntimeException: UNAVAILABLE: io exception
	at org.apache.ratis.thirdparty.io.grpc.stub.ClientCalls.toStatusRuntimeException(ClientCalls.java:233)
	at org.apache.ratis.thirdparty.io.grpc.stub.ClientCalls.getUnchecked(ClientCalls.java:214)
	at org.apache.ratis.thirdparty.io.grpc.stub.ClientCalls.blockingUnaryCall(ClientCalls.java:139)
	at org.apache.ratis.proto.grpc.RaftServerProtocolServiceGrpc$RaftServerProtocolServiceBlockingStub.requestVote(RaftServerProtocolServiceGrpc.java:265)
	at org.apache.ratis.grpc.server.GrpcServerProtocolClient.requestVote(GrpcServerProtocolClient.java:83)
	at org.apache.ratis.grpc.server.GrpcService.requestVote(GrpcService.java:194)
	at org.apache.ratis.server.impl.LeaderElection.lambda$submitRequests$1(LeaderElection.java:237)
	at java.util.concurrent.FutureTask.run(FutureTask.java:266)
	at java.util.concurrent.Executors$RunnableAdapter.call(Executors.java:511)
	at java.util.concurrent.FutureTask.run(FutureTask.java:266)
	at java.util.concurrent.ThreadPoolExecutor.runWorker(ThreadPoolExecutor.java:1149)
	at java.util.concurrent.ThreadPoolExecutor$Worker.run(ThreadPoolExecutor.java:624)
	... 1 more
Caused by: org.apache.ratis.thirdparty.io.netty.channel.AbstractChannel$AnnotatedConnectException: Connection refused: /192.168.134.103:36097
	at sun.nio.ch.SocketChannelImpl.checkConnect(Native Method)
	at sun.nio.ch.SocketChannelImpl.finishConnect(SocketChannelImpl.java:717)
	at org.apache.ratis.thirdparty.io.netty.channel.socket.nio.NioSocketChannel.doFinishConnect(NioSocketChannel.java:327)
	at org.apache.ratis.thirdparty.io.netty.channel.nio.AbstractNioChannel$AbstractNioUnsafe.finishConnect(AbstractNioChannel.java:340)
	at org.apache.ratis.thirdparty.io.netty.channel.nio.NioEventLoop.processSelectedKey(NioEventLoop.java:632)
	at org.apache.ratis.thirdparty.io.netty.channel.nio.NioEventLoop.processSelectedKeysOptimized(NioEventLoop.java:579)
	at org.apache.ratis.thirdparty.io.netty.channel.nio.NioEventLoop.processSelectedKeys(NioEventLoop.java:496)
	at org.apache.ratis.thirdparty.io.netty.channel.nio.NioEventLoop.run(NioEventLoop.java:458)
	at org.apache.ratis.thirdparty.io.netty.util.concurrent.SingleThreadEventExecutor$5.run(SingleThreadEventExecutor.java:897)
	at org.apache.ratis.thirdparty.io.netty.util.concurrent.FastThreadLocalRunnable.run(FastThreadLocalRunnable.java:30)
	... 1 more
Caused by: java.net.ConnectException: Connection refused
	... 11 more
2019-06-13 15:31:06,030 INFO  impl.RoleInfo (RoleInfo.java:shutdownLeaderElection(134)) - fd89af8d-37f9-4184-a816-59618d9a68e9: shutdown LeaderElection
2019-06-13 15:31:06,030 INFO  impl.RaftServerImpl (RaftServerImpl.java:setRole(164)) - fd89af8d-37f9-4184-a816-59618d9a68e9:group-D696A0939E88 changes role from CANDIDATE to LEADER at term 4 for changeToLeader
2019-06-13 15:31:06,030 INFO  impl.RaftServerImpl (ServerState.java:setLeader(263)) - fd89af8d-37f9-4184-a816-59618d9a68e9:group-D696A0939E88 change Leader from null to fd89af8d-37f9-4184-a816-59618d9a68e9 at term 4 for becomeLeader, leader elected after 37ms
2019-06-13 15:31:06,030 INFO  server.RaftServerConfigKeys (ConfUtils.java:logGet(43)) - raft.server.staging.catchup.gap = 1000 (default)
2019-06-13 15:31:06,030 INFO  server.RaftServerConfigKeys (ConfUtils.java:logGet(43)) - raft.server.rpc.sleep.time = 25ms (default)
2019-06-13 15:31:06,030 INFO  server.RaftServerConfigKeys (ConfUtils.java:logGet(43)) - raft.server.watch.timeout = 10s (default)
2019-06-13 15:31:06,030 INFO  server.RaftServerConfigKeys (ConfUtils.java:logGet(43)) - raft.server.watch.timeout.denomination = 1s (default)
2019-06-13 15:31:06,031 INFO  server.RaftServerConfigKeys (ConfUtils.java:logGet(43)) - raft.server.log.appender.snapshot.chunk.size.max = 16MB (=16777216) (default)
2019-06-13 15:31:06,031 INFO  server.RaftServerConfigKeys (ConfUtils.java:logGet(43)) - raft.server.log.appender.buffer.byte-limit = 33554432 (custom)
2019-06-13 15:31:06,031 INFO  server.RaftServerConfigKeys (ConfUtils.java:logGet(43)) - raft.server.log.appender.buffer.element-limit = 1 (custom)
2019-06-13 15:31:06,031 INFO  grpc.GrpcConfigKeys$Server (ConfUtils.java:logGet(43)) - raft.grpc.server.leader.outstanding.appends.max = 128 (default)
2019-06-13 15:31:06,031 INFO  server.RaftServerConfigKeys (ConfUtils.java:logGet(43)) - raft.server.rpc.request.timeout = 3000ms (default)
2019-06-13 15:31:06,031 INFO  server.RaftServerConfigKeys (ConfUtils.java:logGet(43)) - raft.server.log.appender.install.snapshot.enabled = true (default)
2019-06-13 15:31:06,031 INFO  server.RaftServerConfigKeys (ConfUtils.java:logGet(43)) - raft.server.log.appender.snapshot.chunk.size.max = 16MB (=16777216) (default)
2019-06-13 15:31:06,032 INFO  server.RaftServerConfigKeys (ConfUtils.java:logGet(43)) - raft.server.log.appender.buffer.byte-limit = 33554432 (custom)
2019-06-13 15:31:06,032 INFO  server.RaftServerConfigKeys (ConfUtils.java:logGet(43)) - raft.server.log.appender.buffer.element-limit = 1 (custom)
2019-06-13 15:31:06,032 INFO  grpc.GrpcConfigKeys$Server (ConfUtils.java:logGet(43)) - raft.grpc.server.leader.outstanding.appends.max = 128 (default)
2019-06-13 15:31:06,032 INFO  server.RaftServerConfigKeys (ConfUtils.java:logGet(43)) - raft.server.rpc.request.timeout = 3000ms (default)
2019-06-13 15:31:06,032 INFO  server.RaftServerConfigKeys (ConfUtils.java:logGet(43)) - raft.server.log.appender.install.snapshot.enabled = true (default)
2019-06-13 15:31:06,032 INFO  impl.RoleInfo (RoleInfo.java:updateAndGet(143)) - fd89af8d-37f9-4184-a816-59618d9a68e9: start LeaderState
2019-06-13 15:31:06,032 INFO  storage.RaftLogWorker (RaftLogWorker.java:rollLogSegment(303)) - fd89af8d-37f9-4184-a816-59618d9a68e9-RaftLogWorker: Rolling segment log-0_4 to index:4
2019-06-13 15:31:06,035 WARN  server.GrpcLogAppender (LogUtils.java:warn(134)) - fd89af8d-37f9-4184-a816-59618d9a68e9: Failed appendEntries to c368d433-b633-4795-b185-d22432798487:192.168.134.103:36097: org.apache.ratis.thirdparty.io.grpc.StatusRuntimeException: UNAVAILABLE: io exception
2019-06-13 15:31:06,035 INFO  storage.RaftLogWorker (RaftLogWorker.java:execute(433)) - fd89af8d-37f9-4184-a816-59618d9a68e9-RaftLogWorker: Rolled log segment from /opt/src/hadoop-ozone/integration-test/target/test-dir/MiniOzoneClusterImpl-1d0a9a41-b4be-4563-b8a7-35b218604dff/datanode-5/data/ratis/aac6e374-d5ce-460c-b6a9-d696a0939e88/current/log_inprogress_0 to /opt/src/hadoop-ozone/integration-test/target/test-dir/MiniOzoneClusterImpl-1d0a9a41-b4be-4563-b8a7-35b218604dff/datanode-5/data/ratis/aac6e374-d5ce-460c-b6a9-d696a0939e88/current/log_0-4
2019-06-13 15:31:06,037 INFO  impl.RaftServerImpl (ServerState.java:setRaftConf(361)) - fd89af8d-37f9-4184-a816-59618d9a68e9:group-D696A0939E88 set configuration 5: [fd89af8d-37f9-4184-a816-59618d9a68e9:192.168.134.103:42955, c368d433-b633-4795-b185-d22432798487:192.168.134.103:36097, d9d51307-0002-4730-a001-7669c84f3b41:192.168.134.103:38793], old=null at 5
2019-06-13 15:31:06,061 INFO  impl.FollowerInfo (FollowerInfo.java:lambda$new$0(50)) - fd89af8d-37f9-4184-a816-59618d9a68e9->c368d433-b633-4795-b185-d22432798487: nextIndex: updateUnconditionally 5 -> 0
2019-06-13 15:31:06,071 INFO  impl.RaftServerImpl (ServerState.java:setLeader(263)) - d9d51307-0002-4730-a001-7669c84f3b41:group-D696A0939E88 change Leader from null to fd89af8d-37f9-4184-a816-59618d9a68e9 at term 4 for appendEntries, leader elected after 52ms
2019-06-13 15:31:06,077 WARN  server.GrpcLogAppender (LogUtils.java:warn(134)) - fd89af8d-37f9-4184-a816-59618d9a68e9: Failed appendEntries to c368d433-b633-4795-b185-d22432798487:192.168.134.103:36097: org.apache.ratis.thirdparty.io.grpc.StatusRuntimeException: UNAVAILABLE: io exception
2019-06-13 15:31:06,078 INFO  impl.FollowerInfo (FollowerInfo.java:lambda$new$0(50)) - fd89af8d-37f9-4184-a816-59618d9a68e9->c368d433-b633-4795-b185-d22432798487: nextIndex: updateUnconditionally 1 -> 0
2019-06-13 15:31:06,080 WARN  server.GrpcLogAppender (LogUtils.java:warn(134)) - fd89af8d-37f9-4184-a816-59618d9a68e9: Failed appendEntries to c368d433-b633-4795-b185-d22432798487:192.168.134.103:36097: org.apache.ratis.thirdparty.io.grpc.StatusRuntimeException: UNAVAILABLE: io exception
2019-06-13 15:31:06,080 INFO  impl.FollowerInfo (FollowerInfo.java:lambda$new$0(50)) - fd89af8d-37f9-4184-a816-59618d9a68e9->c368d433-b633-4795-b185-d22432798487: nextIndex: updateUnconditionally 1 -> 0
2019-06-13 15:31:06,094 INFO  impl.RaftServerImpl (ServerState.java:setRaftConf(361)) - d9d51307-0002-4730-a001-7669c84f3b41:group-D696A0939E88 set configuration 5: [fd89af8d-37f9-4184-a816-59618d9a68e9:192.168.134.103:42955, c368d433-b633-4795-b185-d22432798487:192.168.134.103:36097, d9d51307-0002-4730-a001-7669c84f3b41:192.168.134.103:38793], old=null at 5
2019-06-13 15:31:06,095 INFO  storage.RaftLogWorker (RaftLogWorker.java:rollLogSegment(303)) - d9d51307-0002-4730-a001-7669c84f3b41-RaftLogWorker: Rolling segment log-0_4 to index:4
2019-06-13 15:31:06,101 INFO  storage.RaftLogWorker (RaftLogWorker.java:execute(433)) - d9d51307-0002-4730-a001-7669c84f3b41-RaftLogWorker: Rolled log segment from /opt/src/hadoop-ozone/integration-test/target/test-dir/MiniOzoneClusterImpl-1d0a9a41-b4be-4563-b8a7-35b218604dff/datanode-4/data/ratis/aac6e374-d5ce-460c-b6a9-d696a0939e88/current/log_inprogress_0 to /opt/src/hadoop-ozone/integration-test/target/test-dir/MiniOzoneClusterImpl-1d0a9a41-b4be-4563-b8a7-35b218604dff/datanode-4/data/ratis/aac6e374-d5ce-460c-b6a9-d696a0939e88/current/log_0-4
2019-06-13 15:31:06,105 INFO  storage.RaftLogWorker (RaftLogWorker.java:execute(469)) - fd89af8d-37f9-4184-a816-59618d9a68e9-RaftLogWorker: created new log segment /opt/src/hadoop-ozone/integration-test/target/test-dir/MiniOzoneClusterImpl-1d0a9a41-b4be-4563-b8a7-35b218604dff/datanode-5/data/ratis/aac6e374-d5ce-460c-b6a9-d696a0939e88/current/log_inprogress_5
2019-06-13 15:31:06,145 INFO  storage.RaftLogWorker (RaftLogWorker.java:execute(469)) - d9d51307-0002-4730-a001-7669c84f3b41-RaftLogWorker: created new log segment /opt/src/hadoop-ozone/integration-test/target/test-dir/MiniOzoneClusterImpl-1d0a9a41-b4be-4563-b8a7-35b218604dff/datanode-4/data/ratis/aac6e374-d5ce-460c-b6a9-d696a0939e88/current/log_inprogress_5
2019-06-13 15:31:06,158 WARN  server.GrpcLogAppender (LogUtils.java:warn(134)) - fd89af8d-37f9-4184-a816-59618d9a68e9: Failed appendEntries to c368d433-b633-4795-b185-d22432798487:192.168.134.103:36097: org.apache.ratis.thirdparty.io.grpc.StatusRuntimeException: UNAVAILABLE: io exception
2019-06-13 15:31:06,158 INFO  impl.FollowerInfo (FollowerInfo.java:lambda$new$0(50)) - fd89af8d-37f9-4184-a816-59618d9a68e9->c368d433-b633-4795-b185-d22432798487: nextIndex: updateUnconditionally 1 -> 0
2019-06-13 15:31:06,184 WARN  server.GrpcLogAppender (LogUtils.java:warn(134)) - fd89af8d-37f9-4184-a816-59618d9a68e9: Failed appendEntries to c368d433-b633-4795-b185-d22432798487:192.168.134.103:36097: org.apache.ratis.thirdparty.io.grpc.StatusRuntimeException: UNAVAILABLE: io exception
2019-06-13 15:31:06,184 INFO  impl.FollowerInfo (FollowerInfo.java:lambda$new$0(50)) - fd89af8d-37f9-4184-a816-59618d9a68e9->c368d433-b633-4795-b185-d22432798487: nextIndex: updateUnconditionally 1 -> 0
2019-06-13 15:31:06,686 WARN  server.GrpcLogAppender (LogUtils.java:warn(134)) - fd89af8d-37f9-4184-a816-59618d9a68e9: Failed appendEntries to c368d433-b633-4795-b185-d22432798487:192.168.134.103:36097: org.apache.ratis.thirdparty.io.grpc.StatusRuntimeException: UNAVAILABLE: io exception
2019-06-13 15:31:06,686 INFO  impl.FollowerInfo (FollowerInfo.java:lambda$new$0(50)) - fd89af8d-37f9-4184-a816-59618d9a68e9->c368d433-b633-4795-b185-d22432798487: nextIndex: updateUnconditionally 0 -> 0
2019-06-13 15:31:07,186 WARN  server.GrpcLogAppender (LogUtils.java:warn(134)) - fd89af8d-37f9-4184-a816-59618d9a68e9: Failed appendEntries to c368d433-b633-4795-b185-d22432798487:192.168.134.103:36097: org.apache.ratis.thirdparty.io.grpc.StatusRuntimeException: UNAVAILABLE: io exception
2019-06-13 15:31:07,186 INFO  impl.FollowerInfo (FollowerInfo.java:lambda$new$0(50)) - fd89af8d-37f9-4184-a816-59618d9a68e9->c368d433-b633-4795-b185-d22432798487: nextIndex: updateUnconditionally 0 -> 0
2019-06-13 15:31:07,685 WARN  server.GrpcLogAppender (LogUtils.java:warn(134)) - fd89af8d-37f9-4184-a816-59618d9a68e9: Failed appendEntries to c368d433-b633-4795-b185-d22432798487:192.168.134.103:36097: org.apache.ratis.thirdparty.io.grpc.StatusRuntimeException: UNAVAILABLE: io exception
2019-06-13 15:31:07,685 INFO  impl.FollowerInfo (FollowerInfo.java:lambda$new$0(50)) - fd89af8d-37f9-4184-a816-59618d9a68e9->c368d433-b633-4795-b185-d22432798487: nextIndex: updateUnconditionally 0 -> 0
2019-06-13 15:31:07,787 INFO  node.StaleNodeHandler (StaleNodeHandler.java:onMessage(58)) - Datanode c368d433-b633-4795-b185-d22432798487{ip: 192.168.134.103, host: ozone-ldwqp-4079303285, networkLocation: /default-rack, certSerialId: null} moved to stale state. Finalizing its pipelines [PipelineID=aac6e374-d5ce-460c-b6a9-d696a0939e88, PipelineID=4e436338-f996-4f1e-bb78-28fa5c6a8aac]
2019-06-13 15:31:07,787 INFO  pipeline.SCMPipelineManager (SCMPipelineManager.java:finalizeAndDestroyPipeline(307)) - destroying pipeline:Pipeline[ Id: aac6e374-d5ce-460c-b6a9-d696a0939e88, Nodes: c368d433-b633-4795-b185-d22432798487{ip: 192.168.134.103, host: ozone-ldwqp-4079303285, networkLocation: /default-rack, certSerialId: null}d9d51307-0002-4730-a001-7669c84f3b41{ip: 192.168.134.103, host: ozone-ldwqp-4079303285, networkLocation: /default-rack, certSerialId: null}fd89af8d-37f9-4184-a816-59618d9a68e9{ip: 192.168.134.103, host: ozone-ldwqp-4079303285, networkLocation: /default-rack, certSerialId: null}, Type:RATIS, Factor:THREE, State:OPEN]
2019-06-13 15:31:07,788 INFO  pipeline.PipelineStateManager (PipelineStateManager.java:finalizePipeline(123)) - Pipeline Pipeline[ Id: aac6e374-d5ce-460c-b6a9-d696a0939e88, Nodes: c368d433-b633-4795-b185-d22432798487{ip: 192.168.134.103, host: ozone-ldwqp-4079303285, networkLocation: /default-rack, certSerialId: null}d9d51307-0002-4730-a001-7669c84f3b41{ip: 192.168.134.103, host: ozone-ldwqp-4079303285, networkLocation: /default-rack, certSerialId: null}fd89af8d-37f9-4184-a816-59618d9a68e9{ip: 192.168.134.103, host: ozone-ldwqp-4079303285, networkLocation: /default-rack, certSerialId: null}, Type:RATIS, Factor:THREE, State:CLOSED] moved to CLOSED state
2019-06-13 15:31:07,788 INFO  pipeline.SCMPipelineManager (SCMPipelineManager.java:finalizeAndDestroyPipeline(307)) - destroying pipeline:Pipeline[ Id: 4e436338-f996-4f1e-bb78-28fa5c6a8aac, Nodes: c368d433-b633-4795-b185-d22432798487{ip: 192.168.134.103, host: ozone-ldwqp-4079303285, networkLocation: /default-rack, certSerialId: null}, Type:RATIS, Factor:ONE, State:OPEN]
2019-06-13 15:31:07,788 INFO  pipeline.PipelineStateManager (PipelineStateManager.java:finalizePipeline(123)) - Pipeline Pipeline[ Id: 4e436338-f996-4f1e-bb78-28fa5c6a8aac, Nodes: c368d433-b633-4795-b185-d22432798487{ip: 192.168.134.103, host: ozone-ldwqp-4079303285, networkLocation: /default-rack, certSerialId: null}, Type:RATIS, Factor:ONE, State:CLOSED] moved to CLOSED state
2019-06-13 15:31:07,789 INFO  container.CloseContainerEventHandler (CloseContainerEventHandler.java:onMessage(61)) - Close container Event triggered for container : #1
2019-06-13 15:31:07,857 INFO  client.GrpcClientProtocolClient (GrpcClientProtocolClient.java:onNext(254)) - client-9A2D29BF01DC->d9d51307-0002-4730-a001-7669c84f3b41: receive RaftClientReply:client-9A2D29BF01DC->d9d51307-0002-4730-a001-7669c84f3b41@group-D696A0939E88, cid=159, FAILED org.apache.ratis.protocol.NotLeaderException: Server d9d51307-0002-4730-a001-7669c84f3b41 is not the leader (fd89af8d-37f9-4184-a816-59618d9a68e9:192.168.134.103:42955). Request must be sent to leader., logIndex=0, commits[d9d51307-0002-4730-a001-7669c84f3b41:c6, fd89af8d-37f9-4184-a816-59618d9a68e9:c6, c368d433-b633-4795-b185-d22432798487:c3]
2019-06-13 15:31:07,857 WARN  client.GrpcClientProtocolService (LogUtils.java:warn(134)) - 0-OrderedRequestStreamObserver0: onError: org.apache.ratis.thirdparty.io.grpc.StatusRuntimeException: CANCELLED: cancelled before receiving half close
2019-06-13 15:31:08,187 WARN  server.GrpcLogAppender (LogUtils.java:warn(134)) - fd89af8d-37f9-4184-a816-59618d9a68e9: Failed appendEntries to c368d433-b633-4795-b185-d22432798487:192.168.134.103:36097: org.apache.ratis.thirdparty.io.grpc.StatusRuntimeException: UNAVAILABLE: io exception
2019-06-13 15:31:08,188 INFO  impl.FollowerInfo (FollowerInfo.java:lambda$new$0(50)) - fd89af8d-37f9-4184-a816-59618d9a68e9->c368d433-b633-4795-b185-d22432798487: nextIndex: updateUnconditionally 0 -> 0
2019-06-13 15:31:08,688 WARN  server.GrpcLogAppender (LogUtils.java:warn(134)) - fd89af8d-37f9-4184-a816-59618d9a68e9: Failed appendEntries to c368d433-b633-4795-b185-d22432798487:192.168.134.103:36097: org.apache.ratis.thirdparty.io.grpc.StatusRuntimeException: UNAVAILABLE: io exception
2019-06-13 15:31:08,688 INFO  impl.FollowerInfo (FollowerInfo.java:lambda$new$0(50)) - fd89af8d-37f9-4184-a816-59618d9a68e9->c368d433-b633-4795-b185-d22432798487: nextIndex: updateUnconditionally 0 -> 0
2019-06-13 15:31:09,189 WARN  server.GrpcLogAppender (LogUtils.java:warn(134)) - fd89af8d-37f9-4184-a816-59618d9a68e9: Failed appendEntries to c368d433-b633-4795-b185-d22432798487:192.168.134.103:36097: org.apache.ratis.thirdparty.io.grpc.StatusRuntimeException: UNAVAILABLE: io exception
2019-06-13 15:31:09,190 INFO  impl.FollowerInfo (FollowerInfo.java:lambda$new$0(50)) - fd89af8d-37f9-4184-a816-59618d9a68e9->c368d433-b633-4795-b185-d22432798487: nextIndex: updateUnconditionally 0 -> 0
2019-06-13 15:31:09,690 WARN  server.GrpcLogAppender (LogUtils.java:warn(134)) - fd89af8d-37f9-4184-a816-59618d9a68e9: Failed appendEntries to c368d433-b633-4795-b185-d22432798487:192.168.134.103:36097: org.apache.ratis.thirdparty.io.grpc.StatusRuntimeException: UNAVAILABLE: io exception
2019-06-13 15:31:09,690 INFO  impl.FollowerInfo (FollowerInfo.java:lambda$new$0(50)) - fd89af8d-37f9-4184-a816-59618d9a68e9->c368d433-b633-4795-b185-d22432798487: nextIndex: updateUnconditionally 0 -> 0
2019-06-13 15:31:09,765 WARN  server.GrpcLogAppender (LogUtils.java:warn(134)) - fd89af8d-37f9-4184-a816-59618d9a68e9: Failed appendEntries to c368d433-b633-4795-b185-d22432798487:192.168.134.103:36097: org.apache.ratis.thirdparty.io.grpc.StatusRuntimeException: UNAVAILABLE: io exception
2019-06-13 15:31:09,765 INFO  impl.FollowerInfo (FollowerInfo.java:lambda$new$0(50)) - fd89af8d-37f9-4184-a816-59618d9a68e9->c368d433-b633-4795-b185-d22432798487: nextIndex: updateUnconditionally 1 -> 0
2019-06-13 15:31:09,768 WARN  server.GrpcLogAppender (LogUtils.java:warn(134)) - fd89af8d-37f9-4184-a816-59618d9a68e9: Failed appendEntries to c368d433-b633-4795-b185-d22432798487:192.168.134.103:36097: org.apache.ratis.thirdparty.io.grpc.StatusRuntimeException: UNAVAILABLE: io exception
2019-06-13 15:31:09,769 INFO  impl.FollowerInfo (FollowerInfo.java:lambda$new$0(50)) - fd89af8d-37f9-4184-a816-59618d9a68e9->c368d433-b633-4795-b185-d22432798487: nextIndex: updateUnconditionally 1 -> 0
2019-06-13 15:31:09,770 WARN  server.GrpcLogAppender (LogUtils.java:warn(134)) - fd89af8d-37f9-4184-a816-59618d9a68e9: Failed appendEntries to c368d433-b633-4795-b185-d22432798487:192.168.134.103:36097: org.apache.ratis.thirdparty.io.grpc.StatusRuntimeException: UNAVAILABLE: io exception
2019-06-13 15:31:09,770 INFO  impl.FollowerInfo (FollowerInfo.java:lambda$new$0(50)) - fd89af8d-37f9-4184-a816-59618d9a68e9->c368d433-b633-4795-b185-d22432798487: nextIndex: updateUnconditionally 1 -> 0
2019-06-13 15:31:09,782 INFO  interfaces.Container (KeyValueContainer.java:compactDB(356)) - Container 1 is closed with bcsId 3.
2019-06-13 15:31:09,782 INFO  interfaces.Container (KeyValueContainer.java:compactDB(356)) - Container 1 is closed with bcsId 3.
15:31:09.863 [grpc-default-executor-2] ERROR DNAudit - user=null | ip=null | op=WRITE_CHUNK {blockData=conID: 1 locID: 102264986839154709 bcsId: 3} | ret=FAILURE
org.apache.hadoop.hdds.scm.container.common.helpers.ContainerNotOpenException: Container 1 in CLOSED state
	at org.apache.hadoop.ozone.container.common.impl.HddsDispatcher.validateContainerCommand(HddsDispatcher.java:408) ~[hadoop-hdds-container-service-0.5.0-SNAPSHOT.jar:?]
	at org.apache.hadoop.ozone.container.common.transport.server.ratis.ContainerStateMachine.startTransaction(ContainerStateMachine.java:269) ~[hadoop-hdds-container-service-0.5.0-SNAPSHOT.jar:?]
	at org.apache.ratis.server.impl.RaftServerImpl.submitClientRequestAsync(RaftServerImpl.java:550) ~[ratis-server-0.4.0-fe2b15d-SNAPSHOT.jar:0.4.0-fe2b15d-SNAPSHOT]
	at org.apache.ratis.server.impl.RaftServerProxy.lambda$submitClientRequestAsync$7(RaftServerProxy.java:333) ~[ratis-server-0.4.0-fe2b15d-SNAPSHOT.jar:0.4.0-fe2b15d-SNAPSHOT]
	at org.apache.ratis.server.impl.RaftServerProxy.lambda$null$5(RaftServerProxy.java:328) ~[ratis-server-0.4.0-fe2b15d-SNAPSHOT.jar:0.4.0-fe2b15d-SNAPSHOT]
	at org.apache.ratis.util.JavaUtils.callAsUnchecked(JavaUtils.java:109) ~[ratis-common-0.4.0-fe2b15d-SNAPSHOT.jar:0.4.0-fe2b15d-SNAPSHOT]
	at org.apache.ratis.server.impl.RaftServerProxy.lambda$submitRequest$6(RaftServerProxy.java:328) ~[ratis-server-0.4.0-fe2b15d-SNAPSHOT.jar:0.4.0-fe2b15d-SNAPSHOT]
	at java.util.concurrent.CompletableFuture.uniComposeStage(CompletableFuture.java:981) ~[?:1.8.0_212]
	at java.util.concurrent.CompletableFuture.thenCompose(CompletableFuture.java:2124) ~[?:1.8.0_212]
	at org.apache.ratis.server.impl.RaftServerProxy.submitRequest(RaftServerProxy.java:327) ~[ratis-server-0.4.0-fe2b15d-SNAPSHOT.jar:0.4.0-fe2b15d-SNAPSHOT]
	at org.apache.ratis.server.impl.RaftServerProxy.submitClientRequestAsync(RaftServerProxy.java:333) ~[ratis-server-0.4.0-fe2b15d-SNAPSHOT.jar:0.4.0-fe2b15d-SNAPSHOT]
	at org.apache.ratis.grpc.client.GrpcClientProtocolService$RequestStreamObserver.processClientRequest(GrpcClientProtocolService.java:206) ~[ratis-grpc-0.4.0-fe2b15d-SNAPSHOT.jar:0.4.0-fe2b15d-SNAPSHOT]
	at org.apache.ratis.grpc.client.GrpcClientProtocolService$OrderedRequestStreamObserver.processClientRequest(GrpcClientProtocolService.java:306) ~[ratis-grpc-0.4.0-fe2b15d-SNAPSHOT.jar:0.4.0-fe2b15d-SNAPSHOT]
	at org.apache.ratis.util.SlidingWindow$Server.processRequestsFromHead(SlidingWindow.java:399) [ratis-common-0.4.0-fe2b15d-SNAPSHOT.jar:0.4.0-fe2b15d-SNAPSHOT]
	at org.apache.ratis.util.SlidingWindow$Server.receivedRequest(SlidingWindow.java:391) [ratis-common-0.4.0-fe2b15d-SNAPSHOT.jar:0.4.0-fe2b15d-SNAPSHOT]
	at org.apache.ratis.grpc.client.GrpcClientProtocolService$OrderedRequestStreamObserver.processClientRequest(GrpcClientProtocolService.java:312) [ratis-grpc-0.4.0-fe2b15d-SNAPSHOT.jar:0.4.0-fe2b15d-SNAPSHOT]
	at org.apache.ratis.grpc.client.GrpcClientProtocolService$RequestStreamObserver.onNext(GrpcClientProtocolService.java:226) [ratis-grpc-0.4.0-fe2b15d-SNAPSHOT.jar:0.4.0-fe2b15d-SNAPSHOT]
	at org.apache.ratis.grpc.client.GrpcClientProtocolService$RequestStreamObserver.onNext(GrpcClientProtocolService.java:154) [ratis-grpc-0.4.0-fe2b15d-SNAPSHOT.jar:0.4.0-fe2b15d-SNAPSHOT]
	at org.apache.ratis.thirdparty.io.grpc.stub.ServerCalls$StreamingServerCallHandler$StreamingServerCallListener.onMessage(ServerCalls.java:248) [ratis-thirdparty-misc-0.2.0.jar:0.2.0]
	at org.apache.ratis.thirdparty.io.grpc.internal.ServerCallImpl$ServerStreamListenerImpl.messagesAvailable(ServerCallImpl.java:263) [ratis-thirdparty-misc-0.2.0.jar:0.2.0]
	at org.apache.ratis.thirdparty.io.grpc.internal.ServerImpl$JumpToApplicationThreadServerStreamListener$1MessagesAvailable.runInContext(ServerImpl.java:686) [ratis-thirdparty-misc-0.2.0.jar:0.2.0]
	at org.apache.ratis.thirdparty.io.grpc.internal.ContextRunnable.run(ContextRunnable.java:37) [ratis-thirdparty-misc-0.2.0.jar:0.2.0]
	at org.apache.ratis.thirdparty.io.grpc.internal.SerializingExecutor.run(SerializingExecutor.java:123) [ratis-thirdparty-misc-0.2.0.jar:0.2.0]
	at java.util.concurrent.ThreadPoolExecutor.runWorker(ThreadPoolExecutor.java:1149) [?:1.8.0_212]
	at java.util.concurrent.ThreadPoolExecutor$Worker.run(ThreadPoolExecutor.java:624) [?:1.8.0_212]
	at java.lang.Thread.run(Thread.java:748) [?:1.8.0_212]
2019-06-13 15:31:09,875 INFO  client.GrpcClientProtocolClient (GrpcClientProtocolClient.java:onNext(254)) - client-9A2D29BF01DC->fd89af8d-37f9-4184-a816-59618d9a68e9: receive RaftClientReply:client-9A2D29BF01DC->fd89af8d-37f9-4184-a816-59618d9a68e9@group-D696A0939E88, cid=159, FAILED org.apache.ratis.protocol.StateMachineException: org.apache.hadoop.hdds.scm.container.common.helpers.ContainerNotOpenException from Server fd89af8d-37f9-4184-a816-59618d9a68e9: Container 1 in CLOSED state, logIndex=0, commits[fd89af8d-37f9-4184-a816-59618d9a68e9:c8, c368d433-b633-4795-b185-d22432798487:c3, d9d51307-0002-4730-a001-7669c84f3b41:c7]
15:31:09.878 [grpc-default-executor-4] ERROR DNAudit - user=null | ip=null | op=PUT_BLOCK {blockData=[blockId=conID: 1 locID: 102264986839154709 bcsId: 0,size=2097152]} | ret=FAILURE
org.apache.hadoop.hdds.scm.container.common.helpers.ContainerNotOpenException: Container 1 in CLOSED state
	at org.apache.hadoop.ozone.container.common.impl.HddsDispatcher.validateContainerCommand(HddsDispatcher.java:408) ~[hadoop-hdds-container-service-0.5.0-SNAPSHOT.jar:?]
	at org.apache.hadoop.ozone.container.common.transport.server.ratis.ContainerStateMachine.startTransaction(ContainerStateMachine.java:269) ~[hadoop-hdds-container-service-0.5.0-SNAPSHOT.jar:?]
	at org.apache.ratis.server.impl.RaftServerImpl.submitClientRequestAsync(RaftServerImpl.java:550) ~[ratis-server-0.4.0-fe2b15d-SNAPSHOT.jar:0.4.0-fe2b15d-SNAPSHOT]
	at org.apache.ratis.server.impl.RaftServerProxy.lambda$submitClientRequestAsync$7(RaftServerProxy.java:333) ~[ratis-server-0.4.0-fe2b15d-SNAPSHOT.jar:0.4.0-fe2b15d-SNAPSHOT]
	at org.apache.ratis.server.impl.RaftServerProxy.lambda$null$5(RaftServerProxy.java:328) ~[ratis-server-0.4.0-fe2b15d-SNAPSHOT.jar:0.4.0-fe2b15d-SNAPSHOT]
	at org.apache.ratis.util.JavaUtils.callAsUnchecked(JavaUtils.java:109) ~[ratis-common-0.4.0-fe2b15d-SNAPSHOT.jar:0.4.0-fe2b15d-SNAPSHOT]
	at org.apache.ratis.server.impl.RaftServerProxy.lambda$submitRequest$6(RaftServerProxy.java:328) ~[ratis-server-0.4.0-fe2b15d-SNAPSHOT.jar:0.4.0-fe2b15d-SNAPSHOT]
	at java.util.concurrent.CompletableFuture.uniComposeStage(CompletableFuture.java:981) ~[?:1.8.0_212]
	at java.util.concurrent.CompletableFuture.thenCompose(CompletableFuture.java:2124) ~[?:1.8.0_212]
	at org.apache.ratis.server.impl.RaftServerProxy.submitRequest(RaftServerProxy.java:327) ~[ratis-server-0.4.0-fe2b15d-SNAPSHOT.jar:0.4.0-fe2b15d-SNAPSHOT]
	at org.apache.ratis.server.impl.RaftServerProxy.submitClientRequestAsync(RaftServerProxy.java:333) ~[ratis-server-0.4.0-fe2b15d-SNAPSHOT.jar:0.4.0-fe2b15d-SNAPSHOT]
	at org.apache.ratis.grpc.client.GrpcClientProtocolService$RequestStreamObserver.processClientRequest(GrpcClientProtocolService.java:206) ~[ratis-grpc-0.4.0-fe2b15d-SNAPSHOT.jar:0.4.0-fe2b15d-SNAPSHOT]
	at org.apache.ratis.grpc.client.GrpcClientProtocolService$OrderedRequestStreamObserver.processClientRequest(GrpcClientProtocolService.java:306) ~[ratis-grpc-0.4.0-fe2b15d-SNAPSHOT.jar:0.4.0-fe2b15d-SNAPSHOT]
	at org.apache.ratis.util.SlidingWindow$Server.processRequestsFromHead(SlidingWindow.java:399) [ratis-common-0.4.0-fe2b15d-SNAPSHOT.jar:0.4.0-fe2b15d-SNAPSHOT]
	at org.apache.ratis.util.SlidingWindow$Server.receivedRequest(SlidingWindow.java:391) [ratis-common-0.4.0-fe2b15d-SNAPSHOT.jar:0.4.0-fe2b15d-SNAPSHOT]
	at org.apache.ratis.grpc.client.GrpcClientProtocolService$OrderedRequestStreamObserver.processClientRequest(GrpcClientProtocolService.java:312) [ratis-grpc-0.4.0-fe2b15d-SNAPSHOT.jar:0.4.0-fe2b15d-SNAPSHOT]
	at org.apache.ratis.grpc.client.GrpcClientProtocolService$RequestStreamObserver.onNext(GrpcClientProtocolService.java:226) [ratis-grpc-0.4.0-fe2b15d-SNAPSHOT.jar:0.4.0-fe2b15d-SNAPSHOT]
	at org.apache.ratis.grpc.client.GrpcClientProtocolService$RequestStreamObserver.onNext(GrpcClientProtocolService.java:154) [ratis-grpc-0.4.0-fe2b15d-SNAPSHOT.jar:0.4.0-fe2b15d-SNAPSHOT]
	at org.apache.ratis.thirdparty.io.grpc.stub.ServerCalls$StreamingServerCallHandler$StreamingServerCallListener.onMessage(ServerCalls.java:248) [ratis-thirdparty-misc-0.2.0.jar:0.2.0]
	at org.apache.ratis.thirdparty.io.grpc.internal.ServerCallImpl$ServerStreamListenerImpl.messagesAvailable(ServerCallImpl.java:263) [ratis-thirdparty-misc-0.2.0.jar:0.2.0]
	at org.apache.ratis.thirdparty.io.grpc.internal.ServerImpl$JumpToApplicationThreadServerStreamListener$1MessagesAvailable.runInContext(ServerImpl.java:686) [ratis-thirdparty-misc-0.2.0.jar:0.2.0]
	at org.apache.ratis.thirdparty.io.grpc.internal.ContextRunnable.run(ContextRunnable.java:37) [ratis-thirdparty-misc-0.2.0.jar:0.2.0]
	at org.apache.ratis.thirdparty.io.grpc.internal.SerializingExecutor.run(SerializingExecutor.java:123) [ratis-thirdparty-misc-0.2.0.jar:0.2.0]
	at java.util.concurrent.ThreadPoolExecutor.runWorker(ThreadPoolExecutor.java:1149) [?:1.8.0_212]
	at java.util.concurrent.ThreadPoolExecutor$Worker.run(ThreadPoolExecutor.java:624) [?:1.8.0_212]
	at java.lang.Thread.run(Thread.java:748) [?:1.8.0_212]
15:31:09.934 [Thread-2701] ERROR DNAudit - user=null | ip=null | op=WRITE_CHUNK {blockData=conID: 1 locID: 102264986839154709 bcsId: 3} | ret=FAILURE
org.apache.hadoop.hdds.scm.container.common.helpers.ContainerNotOpenException: Container 1 in CLOSED state
	at org.apache.hadoop.ozone.container.common.impl.HddsDispatcher.validateContainerCommand(HddsDispatcher.java:408) ~[hadoop-hdds-container-service-0.5.0-SNAPSHOT.jar:?]
	at org.apache.hadoop.ozone.container.common.transport.server.ratis.ContainerStateMachine.startTransaction(ContainerStateMachine.java:269) ~[hadoop-hdds-container-service-0.5.0-SNAPSHOT.jar:?]
	at org.apache.ratis.server.impl.RaftServerImpl.submitClientRequestAsync(RaftServerImpl.java:550) ~[ratis-server-0.4.0-fe2b15d-SNAPSHOT.jar:0.4.0-fe2b15d-SNAPSHOT]
	at org.apache.ratis.server.impl.RaftServerProxy.lambda$submitClientRequestAsync$7(RaftServerProxy.java:333) ~[ratis-server-0.4.0-fe2b15d-SNAPSHOT.jar:0.4.0-fe2b15d-SNAPSHOT]
	at org.apache.ratis.server.impl.RaftServerProxy.lambda$null$5(RaftServerProxy.java:328) ~[ratis-server-0.4.0-fe2b15d-SNAPSHOT.jar:0.4.0-fe2b15d-SNAPSHOT]
	at org.apache.ratis.util.JavaUtils.callAsUnchecked(JavaUtils.java:109) ~[ratis-common-0.4.0-fe2b15d-SNAPSHOT.jar:0.4.0-fe2b15d-SNAPSHOT]
	at org.apache.ratis.server.impl.RaftServerProxy.lambda$submitRequest$6(RaftServerProxy.java:328) ~[ratis-server-0.4.0-fe2b15d-SNAPSHOT.jar:0.4.0-fe2b15d-SNAPSHOT]
	at java.util.concurrent.CompletableFuture.uniComposeStage(CompletableFuture.java:981) ~[?:1.8.0_212]
	at java.util.concurrent.CompletableFuture.thenCompose(CompletableFuture.java:2124) ~[?:1.8.0_212]
	at org.apache.ratis.server.impl.RaftServerProxy.submitRequest(RaftServerProxy.java:327) ~[ratis-server-0.4.0-fe2b15d-SNAPSHOT.jar:0.4.0-fe2b15d-SNAPSHOT]
	at org.apache.ratis.server.impl.RaftServerProxy.submitClientRequestAsync(RaftServerProxy.java:333) ~[ratis-server-0.4.0-fe2b15d-SNAPSHOT.jar:0.4.0-fe2b15d-SNAPSHOT]
	at org.apache.ratis.grpc.client.GrpcClientProtocolService$RequestStreamObserver.processClientRequest(GrpcClientProtocolService.java:206) ~[ratis-grpc-0.4.0-fe2b15d-SNAPSHOT.jar:0.4.0-fe2b15d-SNAPSHOT]
	at org.apache.ratis.grpc.client.GrpcClientProtocolService$OrderedRequestStreamObserver.processClientRequest(GrpcClientProtocolService.java:306) ~[ratis-grpc-0.4.0-fe2b15d-SNAPSHOT.jar:0.4.0-fe2b15d-SNAPSHOT]
	at org.apache.ratis.util.SlidingWindow$Server.processRequestsFromHead(SlidingWindow.java:399) ~[ratis-common-0.4.0-fe2b15d-SNAPSHOT.jar:0.4.0-fe2b15d-SNAPSHOT]
	at org.apache.ratis.util.SlidingWindow$Server.receiveReply(SlidingWindow.java:414) ~[ratis-common-0.4.0-fe2b15d-SNAPSHOT.jar:0.4.0-fe2b15d-SNAPSHOT]
	at org.apache.ratis.grpc.client.GrpcClientProtocolService$OrderedRequestStreamObserver.lambda$processClientRequest$0(GrpcClientProtocolService.java:307) ~[ratis-grpc-0.4.0-fe2b15d-SNAPSHOT.jar:0.4.0-fe2b15d-SNAPSHOT]
	at java.util.concurrent.CompletableFuture.uniAccept(CompletableFuture.java:656) [?:1.8.0_212]
	at java.util.concurrent.CompletableFuture$UniAccept.tryFire(CompletableFuture.java:632) [?:1.8.0_212]
	at java.util.concurrent.CompletableFuture$Completion.run(CompletableFuture.java:442) [?:1.8.0_212]
	at java.lang.Thread.run(Thread.java:748) [?:1.8.0_212]
2019-06-13 15:31:09,935 INFO  client.GrpcClientProtocolClient (GrpcClientProtocolClient.java:onNext(254)) - client-9A2D29BF01DC->fd89af8d-37f9-4184-a816-59618d9a68e9: receive RaftClientReply:client-9A2D29BF01DC->fd89af8d-37f9-4184-a816-59618d9a68e9@group-D696A0939E88, cid=160, FAILED org.apache.ratis.protocol.StateMachineException: org.apache.hadoop.hdds.scm.container.common.helpers.ContainerNotOpenException from Server fd89af8d-37f9-4184-a816-59618d9a68e9: Container 1 in CLOSED state, logIndex=0, commits[fd89af8d-37f9-4184-a816-59618d9a68e9:c8, c368d433-b633-4795-b185-d22432798487:c3, d9d51307-0002-4730-a001-7669c84f3b41:c7]
15:31:09.942 [Thread-2701] ERROR DNAudit - user=null | ip=null | op=PUT_BLOCK {blockData=[blockId=conID: 1 locID: 102264986839154709 bcsId: 0,size=3145728]} | ret=FAILURE
org.apache.hadoop.hdds.scm.container.common.helpers.ContainerNotOpenException: Container 1 in CLOSED state
	at org.apache.hadoop.ozone.container.common.impl.HddsDispatcher.validateContainerCommand(HddsDispatcher.java:408) ~[hadoop-hdds-container-service-0.5.0-SNAPSHOT.jar:?]
	at org.apache.hadoop.ozone.container.common.transport.server.ratis.ContainerStateMachine.startTransaction(ContainerStateMachine.java:269) ~[hadoop-hdds-container-service-0.5.0-SNAPSHOT.jar:?]
	at org.apache.ratis.server.impl.RaftServerImpl.submitClientRequestAsync(RaftServerImpl.java:550) ~[ratis-server-0.4.0-fe2b15d-SNAPSHOT.jar:0.4.0-fe2b15d-SNAPSHOT]
	at org.apache.ratis.server.impl.RaftServerProxy.lambda$submitClientRequestAsync$7(RaftServerProxy.java:333) ~[ratis-server-0.4.0-fe2b15d-SNAPSHOT.jar:0.4.0-fe2b15d-SNAPSHOT]
	at org.apache.ratis.server.impl.RaftServerProxy.lambda$null$5(RaftServerProxy.java:328) ~[ratis-server-0.4.0-fe2b15d-SNAPSHOT.jar:0.4.0-fe2b15d-SNAPSHOT]
	at org.apache.ratis.util.JavaUtils.callAsUnchecked(JavaUtils.java:109) ~[ratis-common-0.4.0-fe2b15d-SNAPSHOT.jar:0.4.0-fe2b15d-SNAPSHOT]
	at org.apache.ratis.server.impl.RaftServerProxy.lambda$submitRequest$6(RaftServerProxy.java:328) ~[ratis-server-0.4.0-fe2b15d-SNAPSHOT.jar:0.4.0-fe2b15d-SNAPSHOT]
	at java.util.concurrent.CompletableFuture.uniComposeStage(CompletableFuture.java:981) ~[?:1.8.0_212]
	at java.util.concurrent.CompletableFuture.thenCompose(CompletableFuture.java:2124) ~[?:1.8.0_212]
	at org.apache.ratis.server.impl.RaftServerProxy.submitRequest(RaftServerProxy.java:327) ~[ratis-server-0.4.0-fe2b15d-SNAPSHOT.jar:0.4.0-fe2b15d-SNAPSHOT]
	at org.apache.ratis.server.impl.RaftServerProxy.submitClientRequestAsync(RaftServerProxy.java:333) ~[ratis-server-0.4.0-fe2b15d-SNAPSHOT.jar:0.4.0-fe2b15d-SNAPSHOT]
	at org.apache.ratis.grpc.client.GrpcClientProtocolService$RequestStreamObserver.processClientRequest(GrpcClientProtocolService.java:206) ~[ratis-grpc-0.4.0-fe2b15d-SNAPSHOT.jar:0.4.0-fe2b15d-SNAPSHOT]
	at org.apache.ratis.grpc.client.GrpcClientProtocolService$OrderedRequestStreamObserver.processClientRequest(GrpcClientProtocolService.java:306) ~[ratis-grpc-0.4.0-fe2b15d-SNAPSHOT.jar:0.4.0-fe2b15d-SNAPSHOT]
	at org.apache.ratis.util.SlidingWindow$Server.processRequestsFromHead(SlidingWindow.java:399) ~[ratis-common-0.4.0-fe2b15d-SNAPSHOT.jar:0.4.0-fe2b15d-SNAPSHOT]
	at org.apache.ratis.util.SlidingWindow$Server.receiveReply(SlidingWindow.java:414) ~[ratis-common-0.4.0-fe2b15d-SNAPSHOT.jar:0.4.0-fe2b15d-SNAPSHOT]
	at org.apache.ratis.grpc.client.GrpcClientProtocolService$OrderedRequestStreamObserver.lambda$processClientRequest$0(GrpcClientProtocolService.java:307) ~[ratis-grpc-0.4.0-fe2b15d-SNAPSHOT.jar:0.4.0-fe2b15d-SNAPSHOT]
	at java.util.concurrent.CompletableFuture.uniAccept(CompletableFuture.java:656) [?:1.8.0_212]
	at java.util.concurrent.CompletableFuture$UniAccept.tryFire(CompletableFuture.java:632) [?:1.8.0_212]
	at java.util.concurrent.CompletableFuture$Completion.run(CompletableFuture.java:442) [?:1.8.0_212]
	at java.lang.Thread.run(Thread.java:748) [?:1.8.0_212]
2019-06-13 15:31:09,972 INFO  client.GrpcClientProtocolClient (GrpcClientProtocolClient.java:onNext(254)) - client-9A2D29BF01DC->fd89af8d-37f9-4184-a816-59618d9a68e9: receive RaftClientReply:client-9A2D29BF01DC->fd89af8d-37f9-4184-a816-59618d9a68e9@group-D696A0939E88, cid=161, FAILED org.apache.ratis.protocol.StateMachineException: org.apache.hadoop.hdds.scm.container.common.helpers.ContainerNotOpenException from Server fd89af8d-37f9-4184-a816-59618d9a68e9: Container 1 in CLOSED state, logIndex=0, commits[fd89af8d-37f9-4184-a816-59618d9a68e9:c8, c368d433-b633-4795-b185-d22432798487:c3, d9d51307-0002-4730-a001-7669c84f3b41:c7]
2019-06-13 15:31:09,974 INFO  client.GrpcClientProtocolClient (GrpcClientProtocolClient.java:onNext(254)) - client-9A2D29BF01DC->fd89af8d-37f9-4184-a816-59618d9a68e9: receive RaftClientReply:client-9A2D29BF01DC->fd89af8d-37f9-4184-a816-59618d9a68e9@group-D696A0939E88, cid=162, FAILED org.apache.ratis.protocol.StateMachineException: org.apache.hadoop.hdds.scm.container.common.helpers.ContainerNotOpenException from Server fd89af8d-37f9-4184-a816-59618d9a68e9: Container 1 in CLOSED state, logIndex=0, commits[fd89af8d-37f9-4184-a816-59618d9a68e9:c8, c368d433-b633-4795-b185-d22432798487:c3, d9d51307-0002-4730-a001-7669c84f3b41:c7]
2019-06-13 15:31:10,025 INFO  client.GrpcClientProtocolClient (GrpcClientProtocolClient.java:onNext(254)) - client-145AFDC60F93->de5edcfb-066d-478a-afc0-8c778c3fb67c: receive RaftClientReply:client-145AFDC60F93->de5edcfb-066d-478a-afc0-8c778c3fb67c@group-BBEC3AB39D59, cid=163, FAILED org.apache.ratis.protocol.NotLeaderException: Server de5edcfb-066d-478a-afc0-8c778c3fb67c is not the leader (37038086-f9a0-4835-a23d-140cc1085d12:192.168.134.103:33047). Request must be sent to leader., logIndex=0, commits[de5edcfb-066d-478a-afc0-8c778c3fb67c:c0, 37038086-f9a0-4835-a23d-140cc1085d12:c0, 08ceee5b-2c7e-4ad1-8a60-371a9f493f30:c0]
2019-06-13 15:31:10,027 WARN  client.GrpcClientProtocolService (LogUtils.java:warn(134)) - 0-OrderedRequestStreamObserver0: onError: org.apache.ratis.thirdparty.io.grpc.StatusRuntimeException: CANCELLED: cancelled before receiving half close
2019-06-13 15:31:10,271 WARN  server.GrpcLogAppender (LogUtils.java:warn(134)) - fd89af8d-37f9-4184-a816-59618d9a68e9: Failed appendEntries to c368d433-b633-4795-b185-d22432798487:192.168.134.103:36097: org.apache.ratis.thirdparty.io.grpc.StatusRuntimeException: UNAVAILABLE: io exception
2019-06-13 15:31:10,271 INFO  impl.FollowerInfo (FollowerInfo.java:lambda$new$0(50)) - fd89af8d-37f9-4184-a816-59618d9a68e9->c368d433-b633-4795-b185-d22432798487: nextIndex: updateUnconditionally 0 -> 0
2019-06-13 15:31:10,772 WARN  server.GrpcLogAppender (LogUtils.java:warn(134)) - fd89af8d-37f9-4184-a816-59618d9a68e9: Failed appendEntries to c368d433-b633-4795-b185-d22432798487:192.168.134.103:36097: org.apache.ratis.thirdparty.io.grpc.StatusRuntimeException: UNAVAILABLE: io exception
2019-06-13 15:31:10,772 INFO  impl.FollowerInfo (FollowerInfo.java:lambda$new$0(50)) - fd89af8d-37f9-4184-a816-59618d9a68e9->c368d433-b633-4795-b185-d22432798487: nextIndex: updateUnconditionally 0 -> 0
2019-06-13 15:31:11,040 INFO  client.GrpcClientProtocolClient (GrpcClientProtocolClient.java:onNext(254)) - client-145AFDC60F93->08ceee5b-2c7e-4ad1-8a60-371a9f493f30: receive RaftClientReply:client-145AFDC60F93->08ceee5b-2c7e-4ad1-8a60-371a9f493f30@group-BBEC3AB39D59, cid=163, FAILED org.apache.ratis.protocol.NotLeaderException: Server 08ceee5b-2c7e-4ad1-8a60-371a9f493f30 is not the leader (37038086-f9a0-4835-a23d-140cc1085d12:192.168.134.103:33047). Request must be sent to leader., logIndex=0, commits[08ceee5b-2c7e-4ad1-8a60-371a9f493f30:c0, de5edcfb-066d-478a-afc0-8c778c3fb67c:c0, 37038086-f9a0-4835-a23d-140cc1085d12:c0]
2019-06-13 15:31:11,041 WARN  client.GrpcClientProtocolService (LogUtils.java:warn(134)) - 0-OrderedRequestStreamObserver0: onError: org.apache.ratis.thirdparty.io.grpc.StatusRuntimeException: CANCELLED: cancelled before receiving half close
2019-06-13 15:31:11,272 WARN  server.GrpcLogAppender (LogUtils.java:warn(134)) - fd89af8d-37f9-4184-a816-59618d9a68e9: Failed appendEntries to c368d433-b633-4795-b185-d22432798487:192.168.134.103:36097: org.apache.ratis.thirdparty.io.grpc.StatusRuntimeException: UNAVAILABLE: io exception
2019-06-13 15:31:11,272 INFO  impl.FollowerInfo (FollowerInfo.java:lambda$new$0(50)) - fd89af8d-37f9-4184-a816-59618d9a68e9->c368d433-b633-4795-b185-d22432798487: nextIndex: updateUnconditionally 0 -> 0
2019-06-13 15:31:11,775 WARN  server.GrpcLogAppender (LogUtils.java:warn(134)) - fd89af8d-37f9-4184-a816-59618d9a68e9: Failed appendEntries to c368d433-b633-4795-b185-d22432798487:192.168.134.103:36097: org.apache.ratis.thirdparty.io.grpc.StatusRuntimeException: UNAVAILABLE: io exception
2019-06-13 15:31:11,775 INFO  impl.FollowerInfo (FollowerInfo.java:lambda$new$0(50)) - fd89af8d-37f9-4184-a816-59618d9a68e9->c368d433-b633-4795-b185-d22432798487: nextIndex: updateUnconditionally 0 -> 0
2019-06-13 15:31:12,144 INFO  client.GrpcClientProtocolClient (GrpcClientProtocolClient.java:onNext(254)) - client-145AFDC60F93->37038086-f9a0-4835-a23d-140cc1085d12: receive RaftClientReply:client-145AFDC60F93->37038086-f9a0-4835-a23d-140cc1085d12@group-BBEC3AB39D59, cid=163, SUCCESS, logIndex=1, commits[37038086-f9a0-4835-a23d-140cc1085d12:c1, de5edcfb-066d-478a-afc0-8c778c3fb67c:c0, 08ceee5b-2c7e-4ad1-8a60-371a9f493f30:c0]
2019-06-13 15:31:12,224 INFO  client.GrpcClientProtocolClient (GrpcClientProtocolClient.java:onNext(254)) - client-145AFDC60F93->37038086-f9a0-4835-a23d-140cc1085d12: receive RaftClientReply:client-145AFDC60F93->37038086-f9a0-4835-a23d-140cc1085d12@group-BBEC3AB39D59, cid=164, SUCCESS, logIndex=3, commits[37038086-f9a0-4835-a23d-140cc1085d12:c4, de5edcfb-066d-478a-afc0-8c778c3fb67c:c3, 08ceee5b-2c7e-4ad1-8a60-371a9f493f30:c3]
2019-06-13 15:31:12,247 INFO  client.GrpcClientProtocolClient (GrpcClientProtocolClient.java:onNext(254)) - client-145AFDC60F93->37038086-f9a0-4835-a23d-140cc1085d12: receive RaftClientReply:client-145AFDC60F93->37038086-f9a0-4835-a23d-140cc1085d12@group-BBEC3AB39D59, cid=165, SUCCESS, logIndex=5, commits[37038086-f9a0-4835-a23d-140cc1085d12:c5, de5edcfb-066d-478a-afc0-8c778c3fb67c:c3, 08ceee5b-2c7e-4ad1-8a60-371a9f493f30:c4]
2019-06-13 15:31:12,274 WARN  server.GrpcLogAppender (LogUtils.java:warn(134)) - fd89af8d-37f9-4184-a816-59618d9a68e9: Failed appendEntries to c368d433-b633-4795-b185-d22432798487:192.168.134.103:36097: org.apache.ratis.thirdparty.io.grpc.StatusRuntimeException: UNAVAILABLE: io exception
2019-06-13 15:31:12,275 INFO  impl.FollowerInfo (FollowerInfo.java:lambda$new$0(50)) - fd89af8d-37f9-4184-a816-59618d9a68e9->c368d433-b633-4795-b185-d22432798487: nextIndex: updateUnconditionally 0 -> 0
2019-06-13 15:31:12,275 INFO  client.GrpcClientProtocolClient (GrpcClientProtocolClient.java:onNext(254)) - client-145AFDC60F93->37038086-f9a0-4835-a23d-140cc1085d12: receive RaftClientReply:client-145AFDC60F93->37038086-f9a0-4835-a23d-140cc1085d12@group-BBEC3AB39D59, cid=166, SUCCESS, logIndex=6, commits[37038086-f9a0-4835-a23d-140cc1085d12:c8, de5edcfb-066d-478a-afc0-8c778c3fb67c:c6, 08ceee5b-2c7e-4ad1-8a60-371a9f493f30:c6]
]]></system-out>
    <system-err><![CDATA[Jun 13, 2019 3:30:56 PM com.sun.jersey.server.impl.application.WebApplicationImpl _initiate
INFO: Initiating Jersey application, version 'Jersey: 1.19 02/11/2015 03:25 AM'
Jun 13, 2019 3:30:56 PM com.sun.jersey.server.impl.application.WebApplicationImpl _initiate
INFO: Initiating Jersey application, version 'Jersey: 1.19 02/11/2015 03:25 AM'
Jun 13, 2019 3:30:57 PM com.sun.jersey.server.impl.application.WebApplicationImpl _initiate
INFO: Initiating Jersey application, version 'Jersey: 1.19 02/11/2015 03:25 AM'
Jun 13, 2019 3:30:57 PM com.sun.jersey.server.impl.application.WebApplicationImpl _initiate
INFO: Initiating Jersey application, version 'Jersey: 1.19 02/11/2015 03:25 AM'
Jun 13, 2019 3:30:57 PM com.sun.jersey.server.impl.application.WebApplicationImpl _initiate
INFO: Initiating Jersey application, version 'Jersey: 1.19 02/11/2015 03:25 AM'
Jun 13, 2019 3:30:57 PM com.sun.jersey.server.impl.application.WebApplicationImpl _initiate
INFO: Initiating Jersey application, version 'Jersey: 1.19 02/11/2015 03:25 AM'
Jun 13, 2019 3:31:00 PM org.apache.ratis.thirdparty.io.grpc.internal.ManagedChannelOrphanWrapper$ManagedChannelReference cleanQueue
SEVERE: *~*~*~ Channel ManagedChannelImpl{logId=1585, target=192.168.134.103:36829} was not shutdown properly!!! ~*~*~*
    Make sure to call shutdown()/shutdownNow() and wait until awaitTermination() returns true.
java.lang.RuntimeException: ManagedChannel allocation site
	at org.apache.ratis.thirdparty.io.grpc.internal.ManagedChannelOrphanWrapper$ManagedChannelReference.<init>(ManagedChannelOrphanWrapper.java:103)
	at org.apache.ratis.thirdparty.io.grpc.internal.ManagedChannelOrphanWrapper.<init>(ManagedChannelOrphanWrapper.java:53)
	at org.apache.ratis.thirdparty.io.grpc.internal.ManagedChannelOrphanWrapper.<init>(ManagedChannelOrphanWrapper.java:44)
	at org.apache.ratis.thirdparty.io.grpc.internal.AbstractManagedChannelImplBuilder.build(AbstractManagedChannelImplBuilder.java:411)
	at org.apache.hadoop.hdds.scm.XceiverClientGrpc.connectToDatanode(XceiverClientGrpc.java:163)
	at org.apache.hadoop.hdds.scm.XceiverClientGrpc.reconnect(XceiverClientGrpc.java:398)
	at org.apache.hadoop.hdds.scm.XceiverClientGrpc.sendCommandAsync(XceiverClientGrpc.java:349)
	at org.apache.hadoop.hdds.scm.XceiverClientGrpc.sendCommandWithRetry(XceiverClientGrpc.java:262)
	at org.apache.hadoop.hdds.scm.XceiverClientGrpc.sendCommandWithTraceIDAndRetry(XceiverClientGrpc.java:239)
	at org.apache.hadoop.hdds.scm.XceiverClientGrpc.sendCommand(XceiverClientGrpc.java:222)
	at org.apache.hadoop.hdds.scm.storage.ContainerProtocolCalls.getBlock(ContainerProtocolCalls.java:118)
	at org.apache.hadoop.hdds.scm.storage.BlockInputStream.getChunkInfos(BlockInputStream.java:167)
	at org.apache.hadoop.hdds.scm.storage.BlockInputStream.initialize(BlockInputStream.java:118)
	at org.apache.hadoop.hdds.scm.storage.BlockInputStream.read(BlockInputStream.java:222)
	at org.apache.hadoop.ozone.client.io.KeyInputStream.read(KeyInputStream.java:171)
	at org.apache.hadoop.ozone.client.io.OzoneInputStream.read(OzoneInputStream.java:47)
	at java.io.InputStream.read(InputStream.java:101)
	at org.apache.hadoop.ozone.container.ContainerTestHelper.validateData(ContainerTestHelper.java:709)
	at org.apache.hadoop.ozone.client.rpc.TestFailureHandlingByClient.validateData(TestFailureHandlingByClient.java:497)
	at org.apache.hadoop.ozone.client.rpc.TestFailureHandlingByClient.testBlockWritesWithDnFailures(TestFailureHandlingByClient.java:155)
	at sun.reflect.NativeMethodAccessorImpl.invoke0(Native Method)
	at sun.reflect.NativeMethodAccessorImpl.invoke(NativeMethodAccessorImpl.java:62)
	at sun.reflect.DelegatingMethodAccessorImpl.invoke(DelegatingMethodAccessorImpl.java:43)
	at java.lang.reflect.Method.invoke(Method.java:498)
	at org.junit.runners.model.FrameworkMethod$1.runReflectiveCall(FrameworkMethod.java:47)
	at org.junit.internal.runners.model.ReflectiveCallable.run(ReflectiveCallable.java:12)
	at org.junit.runners.model.FrameworkMethod.invokeExplosively(FrameworkMethod.java:44)
	at org.junit.internal.runners.statements.InvokeMethod.evaluate(InvokeMethod.java:17)
	at org.junit.runners.ParentRunner.runLeaf(ParentRunner.java:271)
	at org.junit.runners.BlockJUnit4ClassRunner.runChild(BlockJUnit4ClassRunner.java:70)
	at org.junit.runners.BlockJUnit4ClassRunner.runChild(BlockJUnit4ClassRunner.java:50)
	at org.junit.runners.ParentRunner$3.run(ParentRunner.java:238)
	at org.junit.runners.ParentRunner$1.schedule(ParentRunner.java:63)
	at org.junit.runners.ParentRunner.runChildren(ParentRunner.java:236)
	at org.junit.runners.ParentRunner.access$000(ParentRunner.java:53)
	at org.junit.runners.ParentRunner$2.evaluate(ParentRunner.java:229)
	at org.junit.runners.ParentRunner.run(ParentRunner.java:309)
	at org.apache.maven.surefire.junit4.JUnit4Provider.execute(JUnit4Provider.java:365)
	at org.apache.maven.surefire.junit4.JUnit4Provider.executeWithRerun(JUnit4Provider.java:273)
	at org.apache.maven.surefire.junit4.JUnit4Provider.executeTestSet(JUnit4Provider.java:238)
	at org.apache.maven.surefire.junit4.JUnit4Provider.invoke(JUnit4Provider.java:159)
	at org.apache.maven.surefire.booter.ForkedBooter.invokeProviderInSameClassLoader(ForkedBooter.java:384)
	at org.apache.maven.surefire.booter.ForkedBooter.runSuitesInProcess(ForkedBooter.java:345)
	at org.apache.maven.surefire.booter.ForkedBooter.execute(ForkedBooter.java:126)
	at org.apache.maven.surefire.booter.ForkedBooter.main(ForkedBooter.java:418)

]]></system-err>
  </testcase>
  <testcase name="testMultiBlockWritesWithDnFailures" classname="org.apache.hadoop.ozone.client.rpc.TestFailureHandlingByClient" time="14.644"/>
</testsuite>