<?xml version="1.0" encoding="UTF-8"?>
<testsuite xmlns:xsi="http://www.w3.org/2001/XMLSchema-instance" xsi:noNamespaceSchemaLocation="https://maven.apache.org/surefire/maven-surefire-plugin/xsd/surefire-test-report.xsd" name="org.apache.hadoop.hdds.scm.pipeline.TestNodeFailure" time="42.008" tests="1" errors="0" skipped="1" failures="0">
  <properties>
    <property name="awt.toolkit" value="sun.awt.X11.XToolkit"/>
    <property name="file.encoding.pkg" value="sun.io"/>
    <property name="java.specification.version" value="1.8"/>
    <property name="sun.cpu.isalist" value=""/>
    <property name="sun.jnu.encoding" value="UTF-8"/>
    <property name="java.class.path" value="/opt/src/hadoop-ozone/integration-test/target/test-classes:/opt/src/hadoop-ozone/integration-test/target/classes:/root/.m2/repository/org/apache/hadoop/hadoop-ozone-common/0.5.0-SNAPSHOT/hadoop-ozone-common-0.5.0-SNAPSHOT.jar:/root/.m2/repository/org/apache/commons/commons-compress/1.4.1/commons-compress-1.4.1.jar:/root/.m2/repository/org/tukaani/xz/1.0/xz-1.0.jar:/root/.m2/repository/org/apache/hadoop/hadoop-common/3.2.0/hadoop-common-3.2.0.jar:/root/.m2/repository/org/apache/hadoop/hadoop-hdfs/3.2.0/hadoop-hdfs-3.2.0.jar:/root/.m2/repository/org/apache/hadoop/hadoop-hdfs-client/3.2.0/hadoop-hdfs-client-3.2.0.jar:/root/.m2/repository/com/fasterxml/jackson/core/jackson-annotations/2.9.5/jackson-annotations-2.9.5.jar:/root/.m2/repository/org/apache/hadoop/hadoop-hdds-common/0.5.0-SNAPSHOT/hadoop-hdds-common-0.5.0-SNAPSHOT.jar:/root/.m2/repository/javax/annotation/javax.annotation-api/1.2/javax.annotation-api-1.2.jar:/root/.m2/repository/org/apache/ratis/ratis-server/0.4.0-fe2b15d-SNAPSHOT/ratis-server-0.4.0-fe2b15d-SNAPSHOT.jar:/root/.m2/repository/org/apache/ratis/ratis-thirdparty-misc/0.2.0/ratis-thirdparty-misc-0.2.0.jar:/root/.m2/repository/org/apache/ratis/ratis-proto/0.4.0-fe2b15d-SNAPSHOT/ratis-proto-0.4.0-fe2b15d-SNAPSHOT.jar:/root/.m2/repository/org/apache/ratis/ratis-common/0.4.0-fe2b15d-SNAPSHOT/ratis-common-0.4.0-fe2b15d-SNAPSHOT.jar:/root/.m2/repository/org/apache/ratis/ratis-client/0.4.0-fe2b15d-SNAPSHOT/ratis-client-0.4.0-fe2b15d-SNAPSHOT.jar:/root/.m2/repository/org/apache/ratis/ratis-netty/0.4.0-fe2b15d-SNAPSHOT/ratis-netty-0.4.0-fe2b15d-SNAPSHOT.jar:/root/.m2/repository/org/apache/ratis/ratis-grpc/0.4.0-fe2b15d-SNAPSHOT/ratis-grpc-0.4.0-fe2b15d-SNAPSHOT.jar:/root/.m2/repository/org/rocksdb/rocksdbjni/5.14.2/rocksdbjni-5.14.2.jar:/root/.m2/repository/org/apache/logging/log4j/log4j-api/2.11.0/log4j-api-2.11.0.jar:/root/.m2/repository/org/apache/logging/log4j/log4j-core/2.11.0/log4j-core-2.11.0.jar:/root/.m2/repository/com/lmax/disruptor/3.4.2/disruptor-3.4.2.jar:/root/.m2/repository/org/apache/commons/commons-pool2/2.6.0/commons-pool2-2.6.0.jar:/root/.m2/repository/org/bouncycastle/bcpkix-jdk15on/1.60/bcpkix-jdk15on-1.60.jar:/root/.m2/repository/commons-validator/commons-validator/1.6/commons-validator-1.6.jar:/root/.m2/repository/commons-digester/commons-digester/1.8.1/commons-digester-1.8.1.jar:/root/.m2/repository/io/jaegertracing/jaeger-client/0.33.1/jaeger-client-0.33.1.jar:/root/.m2/repository/io/jaegertracing/jaeger-thrift/0.33.1/jaeger-thrift-0.33.1.jar:/root/.m2/repository/org/apache/thrift/libthrift/0.11.0/libthrift-0.11.0.jar:/root/.m2/repository/com/squareup/okhttp3/okhttp/3.9.0/okhttp-3.9.0.jar:/root/.m2/repository/com/squareup/okio/okio/1.13.0/okio-1.13.0.jar:/root/.m2/repository/io/jaegertracing/jaeger-core/0.33.1/jaeger-core-0.33.1.jar:/root/.m2/repository/io/jaegertracing/jaeger-tracerresolver/0.33.1/jaeger-tracerresolver-0.33.1.jar:/root/.m2/repository/io/opentracing/contrib/opentracing-tracerresolver/0.1.5/opentracing-tracerresolver-0.1.5.jar:/root/.m2/repository/io/opentracing/opentracing-util/0.31.0/opentracing-util-0.31.0.jar:/root/.m2/repository/io/opentracing/opentracing-api/0.31.0/opentracing-api-0.31.0.jar:/root/.m2/repository/io/opentracing/opentracing-noop/0.31.0/opentracing-noop-0.31.0.jar:/root/.m2/repository/org/apache/hadoop/hadoop-hdds-server-framework/0.5.0-SNAPSHOT/hadoop-hdds-server-framework-0.5.0-SNAPSHOT.jar:/root/.m2/repository/org/apache/hadoop/hadoop-hdds-server-scm/0.5.0-SNAPSHOT/hadoop-hdds-server-scm-0.5.0-SNAPSHOT.jar:/root/.m2/repository/org/apache/hadoop/hadoop-hdds-container-service/0.5.0-SNAPSHOT/hadoop-hdds-container-service-0.5.0-SNAPSHOT.jar:/root/.m2/repository/org/apache/hadoop/hadoop-hdds-client/0.5.0-SNAPSHOT/hadoop-hdds-client-0.5.0-SNAPSHOT.jar:/root/.m2/repository/org/apache/hadoop/hadoop-hdds-tools/0.5.0-SNAPSHOT/hadoop-hdds-tools-0.5.0-SNAPSHOT.jar:/root/.m2/repository/org/apache/hadoop/hadoop-ozone-ozone-manager/0.5.0-SNAPSHOT/hadoop-ozone-ozone-manager-0.5.0-SNAPSHOT.jar:/root/.m2/repository/org/apache/hadoop/hadoop-hdds-docs/0.5.0-SNAPSHOT/hadoop-hdds-docs-0.5.0-SNAPSHOT.jar:/root/.m2/repository/org/bouncycastle/bcprov-jdk15on/1.60/bcprov-jdk15on-1.60.jar:/root/.m2/repository/org/apache/hadoop/hadoop-minikdc/3.2.0/hadoop-minikdc-3.2.0.jar:/root/.m2/repository/commons-io/commons-io/2.5/commons-io-2.5.jar:/root/.m2/repository/org/apache/kerby/kerb-simplekdc/1.0.1/kerb-simplekdc-1.0.1.jar:/root/.m2/repository/org/apache/kerby/kerb-client/1.0.1/kerb-client-1.0.1.jar:/root/.m2/repository/org/apache/kerby/kerby-config/1.0.1/kerby-config-1.0.1.jar:/root/.m2/repository/org/apache/kerby/kerb-core/1.0.1/kerb-core-1.0.1.jar:/root/.m2/repository/org/apache/kerby/kerby-pkix/1.0.1/kerby-pkix-1.0.1.jar:/root/.m2/repository/org/apache/kerby/kerby-asn1/1.0.1/kerby-asn1-1.0.1.jar:/root/.m2/repository/org/apache/kerby/kerby-util/1.0.1/kerby-util-1.0.1.jar:/root/.m2/repository/org/apache/kerby/kerb-common/1.0.1/kerb-common-1.0.1.jar:/root/.m2/repository/org/apache/kerby/kerb-crypto/1.0.1/kerb-crypto-1.0.1.jar:/root/.m2/repository/org/apache/kerby/kerb-util/1.0.1/kerb-util-1.0.1.jar:/root/.m2/repository/org/apache/kerby/token-provider/1.0.1/token-provider-1.0.1.jar:/root/.m2/repository/org/apache/kerby/kerb-admin/1.0.1/kerb-admin-1.0.1.jar:/root/.m2/repository/org/apache/kerby/kerb-server/1.0.1/kerb-server-1.0.1.jar:/root/.m2/repository/org/apache/kerby/kerb-identity/1.0.1/kerb-identity-1.0.1.jar:/root/.m2/repository/org/apache/kerby/kerby-xdr/1.0.1/kerby-xdr-1.0.1.jar:/root/.m2/repository/org/slf4j/slf4j-log4j12/1.7.25/slf4j-log4j12-1.7.25.jar:/root/.m2/repository/org/apache/hadoop/hadoop-ozone-objectstore-service/0.5.0-SNAPSHOT/hadoop-ozone-objectstore-service-0.5.0-SNAPSHOT.jar:/root/.m2/repository/org/apache/hadoop/hadoop-ozone-s3gateway/0.5.0-SNAPSHOT/hadoop-ozone-s3gateway-0.5.0-SNAPSHOT.jar:/root/.m2/repository/org/jboss/weld/servlet/weld-servlet/2.4.7.Final/weld-servlet-2.4.7.Final.jar:/root/.m2/repository/org/glassfish/jersey/containers/jersey-container-servlet-core/2.27/jersey-container-servlet-core-2.27.jar:/root/.m2/repository/org/glassfish/hk2/external/javax.inject/2.5.0-b42/javax.inject-2.5.0-b42.jar:/root/.m2/repository/org/glassfish/jersey/core/jersey-common/2.27/jersey-common-2.27.jar:/root/.m2/repository/org/glassfish/hk2/osgi-resource-locator/1.0.1/osgi-resource-locator-1.0.1.jar:/root/.m2/repository/javax/ws/rs/javax.ws.rs-api/2.1/javax.ws.rs-api-2.1.jar:/root/.m2/repository/org/glassfish/jersey/ext/cdi/jersey-cdi1x/2.27/jersey-cdi1x-2.27.jar:/root/.m2/repository/org/glassfish/jersey/inject/jersey-hk2/2.27/jersey-hk2-2.27.jar:/root/.m2/repository/org/glassfish/hk2/hk2-locator/2.5.0-b42/hk2-locator-2.5.0-b42.jar:/root/.m2/repository/org/javassist/javassist/3.22.0-CR2/javassist-3.22.0-CR2.jar:/root/.m2/repository/org/glassfish/hk2/hk2-api/2.5.0/hk2-api-2.5.0.jar:/root/.m2/repository/org/glassfish/hk2/external/jakarta.inject/2.5.0/jakarta.inject-2.5.0.jar:/root/.m2/repository/org/glassfish/hk2/hk2-utils/2.5.0/hk2-utils-2.5.0.jar:/root/.m2/repository/jakarta/annotation/jakarta.annotation-api/1.3.4/jakarta.annotation-api-1.3.4.jar:/root/.m2/repository/org/glassfish/hk2/external/aopalliance-repackaged/2.5.0/aopalliance-repackaged-2.5.0.jar:/root/.m2/repository/com/fasterxml/jackson/dataformat/jackson-dataformat-xml/2.9.0/jackson-dataformat-xml-2.9.0.jar:/root/.m2/repository/com/fasterxml/jackson/core/jackson-core/2.9.5/jackson-core-2.9.5.jar:/root/.m2/repository/com/fasterxml/jackson/module/jackson-module-jaxb-annotations/2.9.5/jackson-module-jaxb-annotations-2.9.5.jar:/root/.m2/repository/javax/enterprise/cdi-api/1.2/cdi-api-1.2.jar:/root/.m2/repository/javax/el/javax.el-api/3.0.0/javax.el-api-3.0.0.jar:/root/.m2/repository/javax/interceptor/javax.interceptor-api/1.2/javax.interceptor-api-1.2.jar:/root/.m2/repository/javax/inject/javax.inject/1/javax.inject-1.jar:/root/.m2/repository/com/sun/xml/bind/jaxb-impl/2.3.0.1/jaxb-impl-2.3.0.1.jar:/root/.m2/repository/com/sun/xml/bind/jaxb-core/2.3.0.1/jaxb-core-2.3.0.1.jar:/root/.m2/repository/javax/xml/bind/jaxb-api/2.3.0/jaxb-api-2.3.0.jar:/root/.m2/repository/javax/activation/activation/1.1.1/activation-1.1.1.jar:/root/.m2/repository/org/apache/hadoop/hadoop-ozone-csi/0.5.0-SNAPSHOT/hadoop-ozone-csi-0.5.0-SNAPSHOT.jar:/root/.m2/repository/com/google/protobuf/protobuf-java-util/3.5.1/protobuf-java-util-3.5.1.jar:/root/.m2/repository/org/apache/hadoop/hadoop-hdds-config/0.5.0-SNAPSHOT/hadoop-hdds-config-0.5.0-SNAPSHOT.jar:/root/.m2/repository/com/google/guava/guava/11.0.2/guava-11.0.2.jar:/root/.m2/repository/com/google/protobuf/protobuf-java/2.5.0/protobuf-java-2.5.0.jar:/root/.m2/repository/io/grpc/grpc-netty/1.17.1/grpc-netty-1.17.1.jar:/root/.m2/repository/io/grpc/grpc-core/1.17.1/grpc-core-1.17.1.jar:/root/.m2/repository/io/grpc/grpc-context/1.17.1/grpc-context-1.17.1.jar:/root/.m2/repository/com/google/errorprone/error_prone_annotations/2.2.0/error_prone_annotations-2.2.0.jar:/root/.m2/repository/org/codehaus/mojo/animal-sniffer-annotations/1.17/animal-sniffer-annotations-1.17.jar:/root/.m2/repository/io/opencensus/opencensus-api/0.17.0/opencensus-api-0.17.0.jar:/root/.m2/repository/io/opencensus/opencensus-contrib-grpc-metrics/0.17.0/opencensus-contrib-grpc-metrics-0.17.0.jar:/root/.m2/repository/io/netty/netty-codec-http2/4.1.30.Final/netty-codec-http2-4.1.30.Final.jar:/root/.m2/repository/io/netty/netty-codec-http/4.1.30.Final/netty-codec-http-4.1.30.Final.jar:/root/.m2/repository/io/netty/netty-codec/4.1.30.Final/netty-codec-4.1.30.Final.jar:/root/.m2/repository/io/netty/netty-handler/4.1.30.Final/netty-handler-4.1.30.Final.jar:/root/.m2/repository/io/netty/netty-handler-proxy/4.1.30.Final/netty-handler-proxy-4.1.30.Final.jar:/root/.m2/repository/io/netty/netty-codec-socks/4.1.30.Final/netty-codec-socks-4.1.30.Final.jar:/root/.m2/repository/io/netty/netty-transport-native-epoll/4.1.30.Final/netty-transport-native-epoll-4.1.30.Final.jar:/root/.m2/repository/io/netty/netty-common/4.1.30.Final/netty-common-4.1.30.Final.jar:/root/.m2/repository/io/netty/netty-buffer/4.1.30.Final/netty-buffer-4.1.30.Final.jar:/root/.m2/repository/io/netty/netty-transport/4.1.30.Final/netty-transport-4.1.30.Final.jar:/root/.m2/repository/io/netty/netty-resolver/4.1.30.Final/netty-resolver-4.1.30.Final.jar:/root/.m2/repository/io/netty/netty-transport-native-unix-common/4.1.30.Final/netty-transport-native-unix-common-4.1.30.Final.jar:/root/.m2/repository/io/grpc/grpc-protobuf/1.17.1/grpc-protobuf-1.17.1.jar:/root/.m2/repository/com/google/api/grpc/proto-google-common-protos/1.0.0/proto-google-common-protos-1.0.0.jar:/root/.m2/repository/io/grpc/grpc-protobuf-lite/1.17.1/grpc-protobuf-lite-1.17.1.jar:/root/.m2/repository/io/grpc/grpc-stub/1.17.1/grpc-stub-1.17.1.jar:/root/.m2/repository/org/apache/hadoop/hadoop-ozone-recon/0.5.0-SNAPSHOT/hadoop-ozone-recon-0.5.0-SNAPSHOT.jar:/root/.m2/repository/org/apache/hadoop/hadoop-ozone-reconcodegen/0.5.0-SNAPSHOT/hadoop-ozone-reconcodegen-0.5.0-SNAPSHOT.jar:/root/.m2/repository/com/google/inject/extensions/guice-multibindings/4.0/guice-multibindings-4.0.jar:/root/.m2/repository/com/google/inject/guice/4.0/guice-4.0.jar:/root/.m2/repository/aopalliance/aopalliance/1.0/aopalliance-1.0.jar:/root/.m2/repository/com/google/inject/extensions/guice-servlet/4.0/guice-servlet-4.0.jar:/root/.m2/repository/org/glassfish/jersey/containers/jersey-container-servlet/2.27/jersey-container-servlet-2.27.jar:/root/.m2/repository/org/glassfish/hk2/guice-bridge/2.5.0/guice-bridge-2.5.0.jar:/root/.m2/repository/org/glassfish/jersey/core/jersey-server/2.27/jersey-server-2.27.jar:/root/.m2/repository/org/glassfish/jersey/core/jersey-client/2.27/jersey-client-2.27.jar:/root/.m2/repository/org/glassfish/jersey/media/jersey-media-jaxb/2.27/jersey-media-jaxb-2.27.jar:/root/.m2/repository/javax/validation/validation-api/1.1.0.Final/validation-api-1.1.0.Final.jar:/root/.m2/repository/org/glassfish/jersey/media/jersey-media-json-jackson/2.27/jersey-media-json-jackson-2.27.jar:/root/.m2/repository/org/glassfish/jersey/ext/jersey-entity-filtering/2.27/jersey-entity-filtering-2.27.jar:/root/.m2/repository/com/google/inject/extensions/guice-assistedinject/4.0/guice-assistedinject-4.0.jar:/root/.m2/repository/org/jooq/jooq/3.11.10/jooq-3.11.10.jar:/root/.m2/repository/org/jooq/jooq-meta/3.11.10/jooq-meta-3.11.10.jar:/root/.m2/repository/org/jooq/jooq-codegen/3.11.10/jooq-codegen-3.11.10.jar:/root/.m2/repository/com/jolbox/bonecp/0.8.0.RELEASE/bonecp-0.8.0.RELEASE.jar:/root/.m2/repository/org/xerial/sqlite-jdbc/3.25.2/sqlite-jdbc-3.25.2.jar:/root/.m2/repository/org/springframework/spring-jdbc/5.1.3.RELEASE/spring-jdbc-5.1.3.RELEASE.jar:/root/.m2/repository/org/springframework/spring-beans/5.1.3.RELEASE/spring-beans-5.1.3.RELEASE.jar:/root/.m2/repository/org/springframework/spring-core/5.1.3.RELEASE/spring-core-5.1.3.RELEASE.jar:/root/.m2/repository/org/springframework/spring-jcl/5.1.3.RELEASE/spring-jcl-5.1.3.RELEASE.jar:/root/.m2/repository/org/springframework/spring-tx/5.1.3.RELEASE/spring-tx-5.1.3.RELEASE.jar:/root/.m2/repository/org/apache/hadoop/hadoop-ozone-client/0.5.0-SNAPSHOT/hadoop-ozone-client-0.5.0-SNAPSHOT.jar:/root/.m2/repository/org/apache/hadoop/hadoop-ozone-ozone-manager/0.5.0-SNAPSHOT/hadoop-ozone-ozone-manager-0.5.0-SNAPSHOT-tests.jar:/root/.m2/repository/junit/junit/4.11/junit-4.11.jar:/root/.m2/repository/org/hamcrest/hamcrest-core/1.3/hamcrest-core-1.3.jar:/root/.m2/repository/org/openjdk/jmh/jmh-core/1.19/jmh-core-1.19.jar:/root/.m2/repository/net/sf/jopt-simple/jopt-simple/4.6/jopt-simple-4.6.jar:/root/.m2/repository/org/apache/commons/commons-math3/3.1.1/commons-math3-3.1.1.jar:/root/.m2/repository/org/openjdk/jmh/jmh-generator-annprocess/1.19/jmh-generator-annprocess-1.19.jar:/root/.m2/repository/org/mockito/mockito-all/1.8.5/mockito-all-1.8.5.jar:/root/.m2/repository/org/apache/hadoop/hadoop-kms/3.2.0/hadoop-kms-3.2.0.jar:/root/.m2/repository/org/apache/hadoop/hadoop-auth/3.2.0/hadoop-auth-3.2.0.jar:/root/.m2/repository/com/nimbusds/nimbus-jose-jwt/4.41.1/nimbus-jose-jwt-4.41.1.jar:/root/.m2/repository/com/github/stephenc/jcip/jcip-annotations/1.0-1/jcip-annotations-1.0-1.jar:/root/.m2/repository/net/minidev/json-smart/2.3/json-smart-2.3.jar:/root/.m2/repository/net/minidev/accessors-smart/1.2/accessors-smart-1.2.jar:/root/.m2/repository/org/ow2/asm/asm/5.0.4/asm-5.0.4.jar:/root/.m2/repository/org/apache/curator/curator-framework/2.12.0/curator-framework-2.12.0.jar:/root/.m2/repository/com/sun/jersey/jersey-core/1.19/jersey-core-1.19.jar:/root/.m2/repository/javax/ws/rs/jsr311-api/1.1.1/jsr311-api-1.1.1.jar:/root/.m2/repository/com/sun/jersey/jersey-server/1.19/jersey-server-1.19.jar:/root/.m2/repository/javax/servlet/javax.servlet-api/3.1.0/javax.servlet-api-3.1.0.jar:/root/.m2/repository/org/eclipse/jetty/jetty-server/9.3.24.v20180605/jetty-server-9.3.24.v20180605.jar:/root/.m2/repository/org/eclipse/jetty/jetty-http/9.3.24.v20180605/jetty-http-9.3.24.v20180605.jar:/root/.m2/repository/org/eclipse/jetty/jetty-io/9.3.24.v20180605/jetty-io-9.3.24.v20180605.jar:/root/.m2/repository/org/eclipse/jetty/jetty-webapp/9.3.24.v20180605/jetty-webapp-9.3.24.v20180605.jar:/root/.m2/repository/org/eclipse/jetty/jetty-xml/9.3.24.v20180605/jetty-xml-9.3.24.v20180605.jar:/root/.m2/repository/log4j/log4j/1.2.17/log4j-1.2.17.jar:/root/.m2/repository/org/slf4j/slf4j-api/1.7.25/slf4j-api-1.7.25.jar:/root/.m2/repository/org/slf4j/jul-to-slf4j/1.7.25/jul-to-slf4j-1.7.25.jar:/root/.m2/repository/org/eclipse/jetty/jetty-util/9.3.24.v20180605/jetty-util-9.3.24.v20180605.jar:/root/.m2/repository/io/dropwizard/metrics/metrics-core/3.2.4/metrics-core-3.2.4.jar:/root/.m2/repository/com/fasterxml/jackson/core/jackson-databind/2.9.5/jackson-databind-2.9.5.jar:/root/.m2/repository/org/apache/hadoop/hadoop-kms/3.2.0/hadoop-kms-3.2.0-tests.jar:/root/.m2/repository/org/apache/hadoop/hadoop-hdds-server-scm/0.5.0-SNAPSHOT/hadoop-hdds-server-scm-0.5.0-SNAPSHOT-tests.jar:/root/.m2/repository/org/hamcrest/hamcrest-all/1.3/hamcrest-all-1.3.jar:/root/.m2/repository/info/picocli/picocli/3.9.6/picocli-3.9.6.jar:/root/.m2/repository/org/apache/hadoop/hadoop-hdds-container-service/0.5.0-SNAPSHOT/hadoop-hdds-container-service-0.5.0-SNAPSHOT-tests.jar:/root/.m2/repository/org/yaml/snakeyaml/1.16/snakeyaml-1.16.jar:/root/.m2/repository/org/apache/hadoop/hadoop-common/3.2.0/hadoop-common-3.2.0-tests.jar:/root/.m2/repository/org/apache/hadoop/hadoop-annotations/3.2.0/hadoop-annotations-3.2.0.jar:/usr/lib/jvm/java-1.8-openjdk/jre/../lib/tools.jar:/root/.m2/repository/commons-cli/commons-cli/1.2/commons-cli-1.2.jar:/root/.m2/repository/org/apache/httpcomponents/httpclient/4.5.2/httpclient-4.5.2.jar:/root/.m2/repository/org/apache/httpcomponents/httpcore/4.4.4/httpcore-4.4.4.jar:/root/.m2/repository/commons-codec/commons-codec/1.11/commons-codec-1.11.jar:/root/.m2/repository/commons-net/commons-net/3.6/commons-net-3.6.jar:/root/.m2/repository/commons-collections/commons-collections/3.2.2/commons-collections-3.2.2.jar:/root/.m2/repository/org/eclipse/jetty/jetty-servlet/9.3.24.v20180605/jetty-servlet-9.3.24.v20180605.jar:/root/.m2/repository/org/eclipse/jetty/jetty-security/9.3.24.v20180605/jetty-security-9.3.24.v20180605.jar:/root/.m2/repository/javax/servlet/jsp/jsp-api/2.1/jsp-api-2.1.jar:/root/.m2/repository/com/sun/jersey/jersey-servlet/1.19/jersey-servlet-1.19.jar:/root/.m2/repository/com/sun/jersey/jersey-json/1.19/jersey-json-1.19.jar:/root/.m2/repository/org/codehaus/jettison/jettison/1.1/jettison-1.1.jar:/root/.m2/repository/org/codehaus/jackson/jackson-core-asl/1.9.13/jackson-core-asl-1.9.13.jar:/root/.m2/repository/org/codehaus/jackson/jackson-mapper-asl/1.9.13/jackson-mapper-asl-1.9.13.jar:/root/.m2/repository/org/codehaus/jackson/jackson-jaxrs/1.9.13/jackson-jaxrs-1.9.13.jar:/root/.m2/repository/org/codehaus/jackson/jackson-xc/1.9.13/jackson-xc-1.9.13.jar:/root/.m2/repository/commons-logging/commons-logging/1.1.3/commons-logging-1.1.3.jar:/root/.m2/repository/commons-beanutils/commons-beanutils/1.9.3/commons-beanutils-1.9.3.jar:/root/.m2/repository/org/apache/commons/commons-configuration2/2.1.1/commons-configuration2-2.1.1.jar:/root/.m2/repository/org/apache/commons/commons-lang3/3.7/commons-lang3-3.7.jar:/root/.m2/repository/org/apache/commons/commons-text/1.4/commons-text-1.4.jar:/root/.m2/repository/org/apache/avro/avro/1.7.7/avro-1.7.7.jar:/root/.m2/repository/com/thoughtworks/paranamer/paranamer/2.3/paranamer-2.3.jar:/root/.m2/repository/org/xerial/snappy/snappy-java/1.0.5/snappy-java-1.0.5.jar:/root/.m2/repository/com/google/re2j/re2j/1.1/re2j-1.1.jar:/root/.m2/repository/com/google/code/gson/gson/2.2.4/gson-2.2.4.jar:/root/.m2/repository/com/jcraft/jsch/0.1.54/jsch-0.1.54.jar:/root/.m2/repository/org/apache/curator/curator-client/2.12.0/curator-client-2.12.0.jar:/root/.m2/repository/org/apache/curator/curator-recipes/2.12.0/curator-recipes-2.12.0.jar:/root/.m2/repository/com/google/code/findbugs/jsr305/3.0.0/jsr305-3.0.0.jar:/root/.m2/repository/org/apache/htrace/htrace-core4/4.1.0-incubating/htrace-core4-4.1.0-incubating.jar:/root/.m2/repository/org/apache/zookeeper/zookeeper/3.4.13/zookeeper-3.4.13.jar:/root/.m2/repository/org/apache/yetus/audience-annotations/0.5.0/audience-annotations-0.5.0.jar:/root/.m2/repository/org/codehaus/woodstox/stax2-api/3.1.4/stax2-api-3.1.4.jar:/root/.m2/repository/com/fasterxml/woodstox/woodstox-core/5.0.3/woodstox-core-5.0.3.jar:/root/.m2/repository/dnsjava/dnsjava/2.1.7/dnsjava-2.1.7.jar:/root/.m2/repository/org/apache/hadoop/hadoop-hdfs/3.2.0/hadoop-hdfs-3.2.0-tests.jar:/root/.m2/repository/org/eclipse/jetty/jetty-util-ajax/9.3.24.v20180605/jetty-util-ajax-9.3.24.v20180605.jar:/root/.m2/repository/commons-daemon/commons-daemon/1.0.13/commons-daemon-1.0.13.jar:/root/.m2/repository/io/netty/netty/3.10.5.Final/netty-3.10.5.Final.jar:/root/.m2/repository/io/netty/netty-all/4.0.52.Final/netty-all-4.0.52.Final.jar:/root/.m2/repository/org/fusesource/leveldbjni/leveldbjni-all/1.8/leveldbjni-all-1.8.jar:"/>
    <property name="java.vm.vendor" value="IcedTea"/>
    <property name="sun.arch.data.model" value="64"/>
    <property name="test.build.dir" value="/opt/src/hadoop-ozone/integration-test/target/test-dir"/>
    <property name="test.cache.data" value=""/>
    <property name="java.vendor.url" value="https://icedtea.classpath.org"/>
    <property name="user.timezone" value=""/>
    <property name="java.vm.specification.version" value="1.8"/>
    <property name="os.name" value="Linux"/>
    <property name="test.build.data" value="/opt/src/hadoop-ozone/integration-test/target/test-dir"/>
    <property name="user.country" value="US"/>
    <property name="sun.java.launcher" value="SUN_STANDARD"/>
    <property name="sun.boot.library.path" value="/usr/lib/jvm/java-1.8-openjdk/jre/lib/amd64"/>
    <property name="sun.java.command" value="/opt/src/hadoop-ozone/integration-test/target/surefire/surefirebooter8336176016860644947.jar /opt/src/hadoop-ozone/integration-test/target/surefire 2019-06-13T15-21-59_401-jvmRun1 surefire5946860313592458220tmp surefire_86896512357358292130tmp"/>
    <property name="surefire.test.class.path" value="/opt/src/hadoop-ozone/integration-test/target/test-classes:/opt/src/hadoop-ozone/integration-test/target/classes:/root/.m2/repository/org/apache/hadoop/hadoop-ozone-common/0.5.0-SNAPSHOT/hadoop-ozone-common-0.5.0-SNAPSHOT.jar:/root/.m2/repository/org/apache/commons/commons-compress/1.4.1/commons-compress-1.4.1.jar:/root/.m2/repository/org/tukaani/xz/1.0/xz-1.0.jar:/root/.m2/repository/org/apache/hadoop/hadoop-common/3.2.0/hadoop-common-3.2.0.jar:/root/.m2/repository/org/apache/hadoop/hadoop-hdfs/3.2.0/hadoop-hdfs-3.2.0.jar:/root/.m2/repository/org/apache/hadoop/hadoop-hdfs-client/3.2.0/hadoop-hdfs-client-3.2.0.jar:/root/.m2/repository/com/fasterxml/jackson/core/jackson-annotations/2.9.5/jackson-annotations-2.9.5.jar:/root/.m2/repository/org/apache/hadoop/hadoop-hdds-common/0.5.0-SNAPSHOT/hadoop-hdds-common-0.5.0-SNAPSHOT.jar:/root/.m2/repository/javax/annotation/javax.annotation-api/1.2/javax.annotation-api-1.2.jar:/root/.m2/repository/org/apache/ratis/ratis-server/0.4.0-fe2b15d-SNAPSHOT/ratis-server-0.4.0-fe2b15d-SNAPSHOT.jar:/root/.m2/repository/org/apache/ratis/ratis-thirdparty-misc/0.2.0/ratis-thirdparty-misc-0.2.0.jar:/root/.m2/repository/org/apache/ratis/ratis-proto/0.4.0-fe2b15d-SNAPSHOT/ratis-proto-0.4.0-fe2b15d-SNAPSHOT.jar:/root/.m2/repository/org/apache/ratis/ratis-common/0.4.0-fe2b15d-SNAPSHOT/ratis-common-0.4.0-fe2b15d-SNAPSHOT.jar:/root/.m2/repository/org/apache/ratis/ratis-client/0.4.0-fe2b15d-SNAPSHOT/ratis-client-0.4.0-fe2b15d-SNAPSHOT.jar:/root/.m2/repository/org/apache/ratis/ratis-netty/0.4.0-fe2b15d-SNAPSHOT/ratis-netty-0.4.0-fe2b15d-SNAPSHOT.jar:/root/.m2/repository/org/apache/ratis/ratis-grpc/0.4.0-fe2b15d-SNAPSHOT/ratis-grpc-0.4.0-fe2b15d-SNAPSHOT.jar:/root/.m2/repository/org/rocksdb/rocksdbjni/5.14.2/rocksdbjni-5.14.2.jar:/root/.m2/repository/org/apache/logging/log4j/log4j-api/2.11.0/log4j-api-2.11.0.jar:/root/.m2/repository/org/apache/logging/log4j/log4j-core/2.11.0/log4j-core-2.11.0.jar:/root/.m2/repository/com/lmax/disruptor/3.4.2/disruptor-3.4.2.jar:/root/.m2/repository/org/apache/commons/commons-pool2/2.6.0/commons-pool2-2.6.0.jar:/root/.m2/repository/org/bouncycastle/bcpkix-jdk15on/1.60/bcpkix-jdk15on-1.60.jar:/root/.m2/repository/commons-validator/commons-validator/1.6/commons-validator-1.6.jar:/root/.m2/repository/commons-digester/commons-digester/1.8.1/commons-digester-1.8.1.jar:/root/.m2/repository/io/jaegertracing/jaeger-client/0.33.1/jaeger-client-0.33.1.jar:/root/.m2/repository/io/jaegertracing/jaeger-thrift/0.33.1/jaeger-thrift-0.33.1.jar:/root/.m2/repository/org/apache/thrift/libthrift/0.11.0/libthrift-0.11.0.jar:/root/.m2/repository/com/squareup/okhttp3/okhttp/3.9.0/okhttp-3.9.0.jar:/root/.m2/repository/com/squareup/okio/okio/1.13.0/okio-1.13.0.jar:/root/.m2/repository/io/jaegertracing/jaeger-core/0.33.1/jaeger-core-0.33.1.jar:/root/.m2/repository/io/jaegertracing/jaeger-tracerresolver/0.33.1/jaeger-tracerresolver-0.33.1.jar:/root/.m2/repository/io/opentracing/contrib/opentracing-tracerresolver/0.1.5/opentracing-tracerresolver-0.1.5.jar:/root/.m2/repository/io/opentracing/opentracing-util/0.31.0/opentracing-util-0.31.0.jar:/root/.m2/repository/io/opentracing/opentracing-api/0.31.0/opentracing-api-0.31.0.jar:/root/.m2/repository/io/opentracing/opentracing-noop/0.31.0/opentracing-noop-0.31.0.jar:/root/.m2/repository/org/apache/hadoop/hadoop-hdds-server-framework/0.5.0-SNAPSHOT/hadoop-hdds-server-framework-0.5.0-SNAPSHOT.jar:/root/.m2/repository/org/apache/hadoop/hadoop-hdds-server-scm/0.5.0-SNAPSHOT/hadoop-hdds-server-scm-0.5.0-SNAPSHOT.jar:/root/.m2/repository/org/apache/hadoop/hadoop-hdds-container-service/0.5.0-SNAPSHOT/hadoop-hdds-container-service-0.5.0-SNAPSHOT.jar:/root/.m2/repository/org/apache/hadoop/hadoop-hdds-client/0.5.0-SNAPSHOT/hadoop-hdds-client-0.5.0-SNAPSHOT.jar:/root/.m2/repository/org/apache/hadoop/hadoop-hdds-tools/0.5.0-SNAPSHOT/hadoop-hdds-tools-0.5.0-SNAPSHOT.jar:/root/.m2/repository/org/apache/hadoop/hadoop-ozone-ozone-manager/0.5.0-SNAPSHOT/hadoop-ozone-ozone-manager-0.5.0-SNAPSHOT.jar:/root/.m2/repository/org/apache/hadoop/hadoop-hdds-docs/0.5.0-SNAPSHOT/hadoop-hdds-docs-0.5.0-SNAPSHOT.jar:/root/.m2/repository/org/bouncycastle/bcprov-jdk15on/1.60/bcprov-jdk15on-1.60.jar:/root/.m2/repository/org/apache/hadoop/hadoop-minikdc/3.2.0/hadoop-minikdc-3.2.0.jar:/root/.m2/repository/commons-io/commons-io/2.5/commons-io-2.5.jar:/root/.m2/repository/org/apache/kerby/kerb-simplekdc/1.0.1/kerb-simplekdc-1.0.1.jar:/root/.m2/repository/org/apache/kerby/kerb-client/1.0.1/kerb-client-1.0.1.jar:/root/.m2/repository/org/apache/kerby/kerby-config/1.0.1/kerby-config-1.0.1.jar:/root/.m2/repository/org/apache/kerby/kerb-core/1.0.1/kerb-core-1.0.1.jar:/root/.m2/repository/org/apache/kerby/kerby-pkix/1.0.1/kerby-pkix-1.0.1.jar:/root/.m2/repository/org/apache/kerby/kerby-asn1/1.0.1/kerby-asn1-1.0.1.jar:/root/.m2/repository/org/apache/kerby/kerby-util/1.0.1/kerby-util-1.0.1.jar:/root/.m2/repository/org/apache/kerby/kerb-common/1.0.1/kerb-common-1.0.1.jar:/root/.m2/repository/org/apache/kerby/kerb-crypto/1.0.1/kerb-crypto-1.0.1.jar:/root/.m2/repository/org/apache/kerby/kerb-util/1.0.1/kerb-util-1.0.1.jar:/root/.m2/repository/org/apache/kerby/token-provider/1.0.1/token-provider-1.0.1.jar:/root/.m2/repository/org/apache/kerby/kerb-admin/1.0.1/kerb-admin-1.0.1.jar:/root/.m2/repository/org/apache/kerby/kerb-server/1.0.1/kerb-server-1.0.1.jar:/root/.m2/repository/org/apache/kerby/kerb-identity/1.0.1/kerb-identity-1.0.1.jar:/root/.m2/repository/org/apache/kerby/kerby-xdr/1.0.1/kerby-xdr-1.0.1.jar:/root/.m2/repository/org/slf4j/slf4j-log4j12/1.7.25/slf4j-log4j12-1.7.25.jar:/root/.m2/repository/org/apache/hadoop/hadoop-ozone-objectstore-service/0.5.0-SNAPSHOT/hadoop-ozone-objectstore-service-0.5.0-SNAPSHOT.jar:/root/.m2/repository/org/apache/hadoop/hadoop-ozone-s3gateway/0.5.0-SNAPSHOT/hadoop-ozone-s3gateway-0.5.0-SNAPSHOT.jar:/root/.m2/repository/org/jboss/weld/servlet/weld-servlet/2.4.7.Final/weld-servlet-2.4.7.Final.jar:/root/.m2/repository/org/glassfish/jersey/containers/jersey-container-servlet-core/2.27/jersey-container-servlet-core-2.27.jar:/root/.m2/repository/org/glassfish/hk2/external/javax.inject/2.5.0-b42/javax.inject-2.5.0-b42.jar:/root/.m2/repository/org/glassfish/jersey/core/jersey-common/2.27/jersey-common-2.27.jar:/root/.m2/repository/org/glassfish/hk2/osgi-resource-locator/1.0.1/osgi-resource-locator-1.0.1.jar:/root/.m2/repository/javax/ws/rs/javax.ws.rs-api/2.1/javax.ws.rs-api-2.1.jar:/root/.m2/repository/org/glassfish/jersey/ext/cdi/jersey-cdi1x/2.27/jersey-cdi1x-2.27.jar:/root/.m2/repository/org/glassfish/jersey/inject/jersey-hk2/2.27/jersey-hk2-2.27.jar:/root/.m2/repository/org/glassfish/hk2/hk2-locator/2.5.0-b42/hk2-locator-2.5.0-b42.jar:/root/.m2/repository/org/javassist/javassist/3.22.0-CR2/javassist-3.22.0-CR2.jar:/root/.m2/repository/org/glassfish/hk2/hk2-api/2.5.0/hk2-api-2.5.0.jar:/root/.m2/repository/org/glassfish/hk2/external/jakarta.inject/2.5.0/jakarta.inject-2.5.0.jar:/root/.m2/repository/org/glassfish/hk2/hk2-utils/2.5.0/hk2-utils-2.5.0.jar:/root/.m2/repository/jakarta/annotation/jakarta.annotation-api/1.3.4/jakarta.annotation-api-1.3.4.jar:/root/.m2/repository/org/glassfish/hk2/external/aopalliance-repackaged/2.5.0/aopalliance-repackaged-2.5.0.jar:/root/.m2/repository/com/fasterxml/jackson/dataformat/jackson-dataformat-xml/2.9.0/jackson-dataformat-xml-2.9.0.jar:/root/.m2/repository/com/fasterxml/jackson/core/jackson-core/2.9.5/jackson-core-2.9.5.jar:/root/.m2/repository/com/fasterxml/jackson/module/jackson-module-jaxb-annotations/2.9.5/jackson-module-jaxb-annotations-2.9.5.jar:/root/.m2/repository/javax/enterprise/cdi-api/1.2/cdi-api-1.2.jar:/root/.m2/repository/javax/el/javax.el-api/3.0.0/javax.el-api-3.0.0.jar:/root/.m2/repository/javax/interceptor/javax.interceptor-api/1.2/javax.interceptor-api-1.2.jar:/root/.m2/repository/javax/inject/javax.inject/1/javax.inject-1.jar:/root/.m2/repository/com/sun/xml/bind/jaxb-impl/2.3.0.1/jaxb-impl-2.3.0.1.jar:/root/.m2/repository/com/sun/xml/bind/jaxb-core/2.3.0.1/jaxb-core-2.3.0.1.jar:/root/.m2/repository/javax/xml/bind/jaxb-api/2.3.0/jaxb-api-2.3.0.jar:/root/.m2/repository/javax/activation/activation/1.1.1/activation-1.1.1.jar:/root/.m2/repository/org/apache/hadoop/hadoop-ozone-csi/0.5.0-SNAPSHOT/hadoop-ozone-csi-0.5.0-SNAPSHOT.jar:/root/.m2/repository/com/google/protobuf/protobuf-java-util/3.5.1/protobuf-java-util-3.5.1.jar:/root/.m2/repository/org/apache/hadoop/hadoop-hdds-config/0.5.0-SNAPSHOT/hadoop-hdds-config-0.5.0-SNAPSHOT.jar:/root/.m2/repository/com/google/guava/guava/11.0.2/guava-11.0.2.jar:/root/.m2/repository/com/google/protobuf/protobuf-java/2.5.0/protobuf-java-2.5.0.jar:/root/.m2/repository/io/grpc/grpc-netty/1.17.1/grpc-netty-1.17.1.jar:/root/.m2/repository/io/grpc/grpc-core/1.17.1/grpc-core-1.17.1.jar:/root/.m2/repository/io/grpc/grpc-context/1.17.1/grpc-context-1.17.1.jar:/root/.m2/repository/com/google/errorprone/error_prone_annotations/2.2.0/error_prone_annotations-2.2.0.jar:/root/.m2/repository/org/codehaus/mojo/animal-sniffer-annotations/1.17/animal-sniffer-annotations-1.17.jar:/root/.m2/repository/io/opencensus/opencensus-api/0.17.0/opencensus-api-0.17.0.jar:/root/.m2/repository/io/opencensus/opencensus-contrib-grpc-metrics/0.17.0/opencensus-contrib-grpc-metrics-0.17.0.jar:/root/.m2/repository/io/netty/netty-codec-http2/4.1.30.Final/netty-codec-http2-4.1.30.Final.jar:/root/.m2/repository/io/netty/netty-codec-http/4.1.30.Final/netty-codec-http-4.1.30.Final.jar:/root/.m2/repository/io/netty/netty-codec/4.1.30.Final/netty-codec-4.1.30.Final.jar:/root/.m2/repository/io/netty/netty-handler/4.1.30.Final/netty-handler-4.1.30.Final.jar:/root/.m2/repository/io/netty/netty-handler-proxy/4.1.30.Final/netty-handler-proxy-4.1.30.Final.jar:/root/.m2/repository/io/netty/netty-codec-socks/4.1.30.Final/netty-codec-socks-4.1.30.Final.jar:/root/.m2/repository/io/netty/netty-transport-native-epoll/4.1.30.Final/netty-transport-native-epoll-4.1.30.Final.jar:/root/.m2/repository/io/netty/netty-common/4.1.30.Final/netty-common-4.1.30.Final.jar:/root/.m2/repository/io/netty/netty-buffer/4.1.30.Final/netty-buffer-4.1.30.Final.jar:/root/.m2/repository/io/netty/netty-transport/4.1.30.Final/netty-transport-4.1.30.Final.jar:/root/.m2/repository/io/netty/netty-resolver/4.1.30.Final/netty-resolver-4.1.30.Final.jar:/root/.m2/repository/io/netty/netty-transport-native-unix-common/4.1.30.Final/netty-transport-native-unix-common-4.1.30.Final.jar:/root/.m2/repository/io/grpc/grpc-protobuf/1.17.1/grpc-protobuf-1.17.1.jar:/root/.m2/repository/com/google/api/grpc/proto-google-common-protos/1.0.0/proto-google-common-protos-1.0.0.jar:/root/.m2/repository/io/grpc/grpc-protobuf-lite/1.17.1/grpc-protobuf-lite-1.17.1.jar:/root/.m2/repository/io/grpc/grpc-stub/1.17.1/grpc-stub-1.17.1.jar:/root/.m2/repository/org/apache/hadoop/hadoop-ozone-recon/0.5.0-SNAPSHOT/hadoop-ozone-recon-0.5.0-SNAPSHOT.jar:/root/.m2/repository/org/apache/hadoop/hadoop-ozone-reconcodegen/0.5.0-SNAPSHOT/hadoop-ozone-reconcodegen-0.5.0-SNAPSHOT.jar:/root/.m2/repository/com/google/inject/extensions/guice-multibindings/4.0/guice-multibindings-4.0.jar:/root/.m2/repository/com/google/inject/guice/4.0/guice-4.0.jar:/root/.m2/repository/aopalliance/aopalliance/1.0/aopalliance-1.0.jar:/root/.m2/repository/com/google/inject/extensions/guice-servlet/4.0/guice-servlet-4.0.jar:/root/.m2/repository/org/glassfish/jersey/containers/jersey-container-servlet/2.27/jersey-container-servlet-2.27.jar:/root/.m2/repository/org/glassfish/hk2/guice-bridge/2.5.0/guice-bridge-2.5.0.jar:/root/.m2/repository/org/glassfish/jersey/core/jersey-server/2.27/jersey-server-2.27.jar:/root/.m2/repository/org/glassfish/jersey/core/jersey-client/2.27/jersey-client-2.27.jar:/root/.m2/repository/org/glassfish/jersey/media/jersey-media-jaxb/2.27/jersey-media-jaxb-2.27.jar:/root/.m2/repository/javax/validation/validation-api/1.1.0.Final/validation-api-1.1.0.Final.jar:/root/.m2/repository/org/glassfish/jersey/media/jersey-media-json-jackson/2.27/jersey-media-json-jackson-2.27.jar:/root/.m2/repository/org/glassfish/jersey/ext/jersey-entity-filtering/2.27/jersey-entity-filtering-2.27.jar:/root/.m2/repository/com/google/inject/extensions/guice-assistedinject/4.0/guice-assistedinject-4.0.jar:/root/.m2/repository/org/jooq/jooq/3.11.10/jooq-3.11.10.jar:/root/.m2/repository/org/jooq/jooq-meta/3.11.10/jooq-meta-3.11.10.jar:/root/.m2/repository/org/jooq/jooq-codegen/3.11.10/jooq-codegen-3.11.10.jar:/root/.m2/repository/com/jolbox/bonecp/0.8.0.RELEASE/bonecp-0.8.0.RELEASE.jar:/root/.m2/repository/org/xerial/sqlite-jdbc/3.25.2/sqlite-jdbc-3.25.2.jar:/root/.m2/repository/org/springframework/spring-jdbc/5.1.3.RELEASE/spring-jdbc-5.1.3.RELEASE.jar:/root/.m2/repository/org/springframework/spring-beans/5.1.3.RELEASE/spring-beans-5.1.3.RELEASE.jar:/root/.m2/repository/org/springframework/spring-core/5.1.3.RELEASE/spring-core-5.1.3.RELEASE.jar:/root/.m2/repository/org/springframework/spring-jcl/5.1.3.RELEASE/spring-jcl-5.1.3.RELEASE.jar:/root/.m2/repository/org/springframework/spring-tx/5.1.3.RELEASE/spring-tx-5.1.3.RELEASE.jar:/root/.m2/repository/org/apache/hadoop/hadoop-ozone-client/0.5.0-SNAPSHOT/hadoop-ozone-client-0.5.0-SNAPSHOT.jar:/root/.m2/repository/org/apache/hadoop/hadoop-ozone-ozone-manager/0.5.0-SNAPSHOT/hadoop-ozone-ozone-manager-0.5.0-SNAPSHOT-tests.jar:/root/.m2/repository/junit/junit/4.11/junit-4.11.jar:/root/.m2/repository/org/hamcrest/hamcrest-core/1.3/hamcrest-core-1.3.jar:/root/.m2/repository/org/openjdk/jmh/jmh-core/1.19/jmh-core-1.19.jar:/root/.m2/repository/net/sf/jopt-simple/jopt-simple/4.6/jopt-simple-4.6.jar:/root/.m2/repository/org/apache/commons/commons-math3/3.1.1/commons-math3-3.1.1.jar:/root/.m2/repository/org/openjdk/jmh/jmh-generator-annprocess/1.19/jmh-generator-annprocess-1.19.jar:/root/.m2/repository/org/mockito/mockito-all/1.8.5/mockito-all-1.8.5.jar:/root/.m2/repository/org/apache/hadoop/hadoop-kms/3.2.0/hadoop-kms-3.2.0.jar:/root/.m2/repository/org/apache/hadoop/hadoop-auth/3.2.0/hadoop-auth-3.2.0.jar:/root/.m2/repository/com/nimbusds/nimbus-jose-jwt/4.41.1/nimbus-jose-jwt-4.41.1.jar:/root/.m2/repository/com/github/stephenc/jcip/jcip-annotations/1.0-1/jcip-annotations-1.0-1.jar:/root/.m2/repository/net/minidev/json-smart/2.3/json-smart-2.3.jar:/root/.m2/repository/net/minidev/accessors-smart/1.2/accessors-smart-1.2.jar:/root/.m2/repository/org/ow2/asm/asm/5.0.4/asm-5.0.4.jar:/root/.m2/repository/org/apache/curator/curator-framework/2.12.0/curator-framework-2.12.0.jar:/root/.m2/repository/com/sun/jersey/jersey-core/1.19/jersey-core-1.19.jar:/root/.m2/repository/javax/ws/rs/jsr311-api/1.1.1/jsr311-api-1.1.1.jar:/root/.m2/repository/com/sun/jersey/jersey-server/1.19/jersey-server-1.19.jar:/root/.m2/repository/javax/servlet/javax.servlet-api/3.1.0/javax.servlet-api-3.1.0.jar:/root/.m2/repository/org/eclipse/jetty/jetty-server/9.3.24.v20180605/jetty-server-9.3.24.v20180605.jar:/root/.m2/repository/org/eclipse/jetty/jetty-http/9.3.24.v20180605/jetty-http-9.3.24.v20180605.jar:/root/.m2/repository/org/eclipse/jetty/jetty-io/9.3.24.v20180605/jetty-io-9.3.24.v20180605.jar:/root/.m2/repository/org/eclipse/jetty/jetty-webapp/9.3.24.v20180605/jetty-webapp-9.3.24.v20180605.jar:/root/.m2/repository/org/eclipse/jetty/jetty-xml/9.3.24.v20180605/jetty-xml-9.3.24.v20180605.jar:/root/.m2/repository/log4j/log4j/1.2.17/log4j-1.2.17.jar:/root/.m2/repository/org/slf4j/slf4j-api/1.7.25/slf4j-api-1.7.25.jar:/root/.m2/repository/org/slf4j/jul-to-slf4j/1.7.25/jul-to-slf4j-1.7.25.jar:/root/.m2/repository/org/eclipse/jetty/jetty-util/9.3.24.v20180605/jetty-util-9.3.24.v20180605.jar:/root/.m2/repository/io/dropwizard/metrics/metrics-core/3.2.4/metrics-core-3.2.4.jar:/root/.m2/repository/com/fasterxml/jackson/core/jackson-databind/2.9.5/jackson-databind-2.9.5.jar:/root/.m2/repository/org/apache/hadoop/hadoop-kms/3.2.0/hadoop-kms-3.2.0-tests.jar:/root/.m2/repository/org/apache/hadoop/hadoop-hdds-server-scm/0.5.0-SNAPSHOT/hadoop-hdds-server-scm-0.5.0-SNAPSHOT-tests.jar:/root/.m2/repository/org/hamcrest/hamcrest-all/1.3/hamcrest-all-1.3.jar:/root/.m2/repository/info/picocli/picocli/3.9.6/picocli-3.9.6.jar:/root/.m2/repository/org/apache/hadoop/hadoop-hdds-container-service/0.5.0-SNAPSHOT/hadoop-hdds-container-service-0.5.0-SNAPSHOT-tests.jar:/root/.m2/repository/org/yaml/snakeyaml/1.16/snakeyaml-1.16.jar:/root/.m2/repository/org/apache/hadoop/hadoop-common/3.2.0/hadoop-common-3.2.0-tests.jar:/root/.m2/repository/org/apache/hadoop/hadoop-annotations/3.2.0/hadoop-annotations-3.2.0.jar:/usr/lib/jvm/java-1.8-openjdk/jre/../lib/tools.jar:/root/.m2/repository/commons-cli/commons-cli/1.2/commons-cli-1.2.jar:/root/.m2/repository/org/apache/httpcomponents/httpclient/4.5.2/httpclient-4.5.2.jar:/root/.m2/repository/org/apache/httpcomponents/httpcore/4.4.4/httpcore-4.4.4.jar:/root/.m2/repository/commons-codec/commons-codec/1.11/commons-codec-1.11.jar:/root/.m2/repository/commons-net/commons-net/3.6/commons-net-3.6.jar:/root/.m2/repository/commons-collections/commons-collections/3.2.2/commons-collections-3.2.2.jar:/root/.m2/repository/org/eclipse/jetty/jetty-servlet/9.3.24.v20180605/jetty-servlet-9.3.24.v20180605.jar:/root/.m2/repository/org/eclipse/jetty/jetty-security/9.3.24.v20180605/jetty-security-9.3.24.v20180605.jar:/root/.m2/repository/javax/servlet/jsp/jsp-api/2.1/jsp-api-2.1.jar:/root/.m2/repository/com/sun/jersey/jersey-servlet/1.19/jersey-servlet-1.19.jar:/root/.m2/repository/com/sun/jersey/jersey-json/1.19/jersey-json-1.19.jar:/root/.m2/repository/org/codehaus/jettison/jettison/1.1/jettison-1.1.jar:/root/.m2/repository/org/codehaus/jackson/jackson-core-asl/1.9.13/jackson-core-asl-1.9.13.jar:/root/.m2/repository/org/codehaus/jackson/jackson-mapper-asl/1.9.13/jackson-mapper-asl-1.9.13.jar:/root/.m2/repository/org/codehaus/jackson/jackson-jaxrs/1.9.13/jackson-jaxrs-1.9.13.jar:/root/.m2/repository/org/codehaus/jackson/jackson-xc/1.9.13/jackson-xc-1.9.13.jar:/root/.m2/repository/commons-logging/commons-logging/1.1.3/commons-logging-1.1.3.jar:/root/.m2/repository/commons-beanutils/commons-beanutils/1.9.3/commons-beanutils-1.9.3.jar:/root/.m2/repository/org/apache/commons/commons-configuration2/2.1.1/commons-configuration2-2.1.1.jar:/root/.m2/repository/org/apache/commons/commons-lang3/3.7/commons-lang3-3.7.jar:/root/.m2/repository/org/apache/commons/commons-text/1.4/commons-text-1.4.jar:/root/.m2/repository/org/apache/avro/avro/1.7.7/avro-1.7.7.jar:/root/.m2/repository/com/thoughtworks/paranamer/paranamer/2.3/paranamer-2.3.jar:/root/.m2/repository/org/xerial/snappy/snappy-java/1.0.5/snappy-java-1.0.5.jar:/root/.m2/repository/com/google/re2j/re2j/1.1/re2j-1.1.jar:/root/.m2/repository/com/google/code/gson/gson/2.2.4/gson-2.2.4.jar:/root/.m2/repository/com/jcraft/jsch/0.1.54/jsch-0.1.54.jar:/root/.m2/repository/org/apache/curator/curator-client/2.12.0/curator-client-2.12.0.jar:/root/.m2/repository/org/apache/curator/curator-recipes/2.12.0/curator-recipes-2.12.0.jar:/root/.m2/repository/com/google/code/findbugs/jsr305/3.0.0/jsr305-3.0.0.jar:/root/.m2/repository/org/apache/htrace/htrace-core4/4.1.0-incubating/htrace-core4-4.1.0-incubating.jar:/root/.m2/repository/org/apache/zookeeper/zookeeper/3.4.13/zookeeper-3.4.13.jar:/root/.m2/repository/org/apache/yetus/audience-annotations/0.5.0/audience-annotations-0.5.0.jar:/root/.m2/repository/org/codehaus/woodstox/stax2-api/3.1.4/stax2-api-3.1.4.jar:/root/.m2/repository/com/fasterxml/woodstox/woodstox-core/5.0.3/woodstox-core-5.0.3.jar:/root/.m2/repository/dnsjava/dnsjava/2.1.7/dnsjava-2.1.7.jar:/root/.m2/repository/org/apache/hadoop/hadoop-hdfs/3.2.0/hadoop-hdfs-3.2.0-tests.jar:/root/.m2/repository/org/eclipse/jetty/jetty-util-ajax/9.3.24.v20180605/jetty-util-ajax-9.3.24.v20180605.jar:/root/.m2/repository/commons-daemon/commons-daemon/1.0.13/commons-daemon-1.0.13.jar:/root/.m2/repository/io/netty/netty/3.10.5.Final/netty-3.10.5.Final.jar:/root/.m2/repository/io/netty/netty-all/4.0.52.Final/netty-all-4.0.52.Final.jar:/root/.m2/repository/org/fusesource/leveldbjni/leveldbjni-all/1.8/leveldbjni-all-1.8.jar:"/>
    <property name="sun.cpu.endian" value="little"/>
    <property name="user.home" value="/root"/>
    <property name="user.language" value="en"/>
    <property name="java.specification.vendor" value="Oracle Corporation"/>
    <property name="java.home" value="/usr/lib/jvm/java-1.8-openjdk/jre"/>
    <property name="java.security.krb5.conf" value="/opt/src/hadoop-ozone/integration-test/target/test-classes/krb5.conf"/>
    <property name="basedir" value="/opt/src/hadoop-ozone/integration-test"/>
    <property name="file.separator" value="/"/>
    <property name="line.separator" value="&#10;"/>
    <property name="java.vm.specification.vendor" value="Oracle Corporation"/>
    <property name="java.specification.name" value="Java Platform API Specification"/>
    <property name="java.awt.graphicsenv" value="sun.awt.X11GraphicsEnvironment"/>
    <property name="surefire.real.class.path" value="/opt/src/hadoop-ozone/integration-test/target/surefire/surefirebooter8336176016860644947.jar"/>
    <property name="hadoop.log.dir" value="/opt/src/hadoop-ozone/integration-test/target/log"/>
    <property name="sun.boot.class.path" value="/usr/lib/jvm/java-1.8-openjdk/jre/lib/resources.jar:/usr/lib/jvm/java-1.8-openjdk/jre/lib/rt.jar:/usr/lib/jvm/java-1.8-openjdk/jre/lib/sunrsasign.jar:/usr/lib/jvm/java-1.8-openjdk/jre/lib/jsse.jar:/usr/lib/jvm/java-1.8-openjdk/jre/lib/jce.jar:/usr/lib/jvm/java-1.8-openjdk/jre/lib/charsets.jar:/usr/lib/jvm/java-1.8-openjdk/jre/lib/jfr.jar:/usr/lib/jvm/java-1.8-openjdk/jre/classes"/>
    <property name="sun.management.compiler" value="HotSpot 64-Bit Tiered Compilers"/>
    <property name="java.runtime.version" value="1.8.0_212-b04"/>
    <property name="java.net.preferIPv4Stack" value="true"/>
    <property name="user.name" value="root"/>
    <property name="path.separator" value=":"/>
    <property name="java.security.egd" value="file:///dev/urandom"/>
    <property name="os.version" value="4.15.0-1021-aws"/>
    <property name="java.endorsed.dirs" value="/usr/lib/jvm/java-1.8-openjdk/jre/lib/endorsed"/>
    <property name="java.runtime.name" value="OpenJDK Runtime Environment"/>
    <property name="file.encoding" value="UTF-8"/>
    <property name="java.vm.name" value="OpenJDK 64-Bit Server VM"/>
    <property name="test.build.webapps" value=""/>
    <property name="localRepository" value="/root/.m2/repository"/>
    <property name="java.vendor.url.bug" value="https://icedtea.classpath.org/bugzilla"/>
    <property name="java.io.tmpdir" value="/tmp"/>
    <property name="require.test.libhadoop" value=""/>
    <property name="java.version" value="1.8.0_212"/>
    <property name="user.dir" value="/opt/src/hadoop-ozone/integration-test"/>
    <property name="os.arch" value="amd64"/>
    <property name="java.vm.specification.name" value="Java Virtual Machine Specification"/>
    <property name="test.build.classes" value="/opt/src/hadoop-ozone/integration-test/target/test-classes"/>
    <property name="java.awt.printerjob" value="sun.print.PSPrinterJob"/>
    <property name="sun.os.patch.level" value="unknown"/>
    <property name="hadoop.tmp.dir" value="/opt/src/hadoop-ozone/integration-test/target/tmp"/>
    <property name="java.library.path" value="/usr/lib/jvm/java-1.8-openjdk/jre/lib/amd64/server:/usr/lib/jvm/java-1.8-openjdk/jre/lib/amd64:/usr/lib/jvm/java-1.8-openjdk/jre/../lib/amd64:/opt/src/hadoop-ozone/integration-test/target/native/target/usr/local/lib:/opt/src/hadoop-ozone/integration-test/../../hadoop-common-project/hadoop-common/target/native/target/usr/local/lib:/usr/java/packages/lib/amd64:/usr/lib64:/lib64:/lib:/usr/lib"/>
    <property name="java.vm.info" value="mixed mode"/>
    <property name="java.vendor" value="IcedTea"/>
    <property name="java.vm.version" value="25.212-b04"/>
    <property name="java.ext.dirs" value="/usr/lib/jvm/java-1.8-openjdk/jre/lib/ext:/usr/java/packages/lib/ext"/>
    <property name="sun.io.unicode.encoding" value="UnicodeLittle"/>
    <property name="java.class.version" value="52.0"/>
  </properties>
  <testcase name="testPipelineFail" classname="org.apache.hadoop.hdds.scm.pipeline.TestNodeFailure" time="0">
    <skipped/>
    <system-out><![CDATA[2019-06-13 15:26:09,143 WARN  server.ServerUtils (ServerUtils.java:getScmDbDir(145)) - ozone.scm.db.dirs is not configured. We recommend adding this setting. Falling back to ozone.metadata.dirs instead.
2019-06-13 15:26:09,247 WARN  server.ServerUtils (ServerUtils.java:getScmDbDir(145)) - ozone.scm.db.dirs is not configured. We recommend adding this setting. Falling back to ozone.metadata.dirs instead.
2019-06-13 15:26:09,252 WARN  server.ServerUtils (ServerUtils.java:getScmDbDir(145)) - ozone.scm.db.dirs is not configured. We recommend adding this setting. Falling back to ozone.metadata.dirs instead.
2019-06-13 15:26:09,273 INFO  util.log (Log.java:initialized(192)) - Logging initialized @980ms
2019-06-13 15:26:09,385 INFO  db.DBStoreBuilder (DBStoreBuilder.java:addTable(110)) - using custom profile for table: deletedBlocks
2019-06-13 15:26:09,385 INFO  db.DBStoreBuilder (DBStoreBuilder.java:processTables(161)) - Using default column profile:DBProfile.DISK for Table:deletedBlocks
2019-06-13 15:26:09,385 INFO  db.DBStoreBuilder (DBStoreBuilder.java:addTable(110)) - using custom profile for table: validCerts
2019-06-13 15:26:09,386 INFO  db.DBStoreBuilder (DBStoreBuilder.java:processTables(161)) - Using default column profile:DBProfile.DISK for Table:validCerts
2019-06-13 15:26:09,386 INFO  db.DBStoreBuilder (DBStoreBuilder.java:addTable(110)) - using custom profile for table: revokedCerts
2019-06-13 15:26:09,386 INFO  db.DBStoreBuilder (DBStoreBuilder.java:processTables(161)) - Using default column profile:DBProfile.DISK for Table:revokedCerts
2019-06-13 15:26:09,396 INFO  db.DBStoreBuilder (DBStoreBuilder.java:addTable(110)) - using custom profile for table: default
2019-06-13 15:26:09,396 INFO  db.DBStoreBuilder (DBStoreBuilder.java:processTables(167)) - Using default column profile:DBProfile.DISK for Table:default
2019-06-13 15:26:09,398 INFO  db.DBStoreBuilder (DBStoreBuilder.java:getDbProfile(198)) - Using default options. DBProfile.DISK
2019-06-13 15:26:09,463 INFO  node.SCMNodeManager (SCMNodeManager.java:<init>(108)) - Entering startup safe mode.
2019-06-13 15:26:09,523 INFO  net.NodeSchemaLoader (NodeSchemaLoader.java:loadSchemaFromFile(125)) - Loading file from sun.misc.CompoundEnumeration@443118b0
2019-06-13 15:26:09,525 INFO  net.NodeSchemaLoader (NodeSchemaLoader.java:loadSchema(171)) - Loading network topology layer schema file
2019-06-13 15:26:09,573 WARN  server.ServerUtils (ServerUtils.java:getScmDbDir(145)) - ozone.scm.db.dirs is not configured. We recommend adding this setting. Falling back to ozone.metadata.dirs instead.
2019-06-13 15:26:09,591 INFO  pipeline.SCMPipelineManager (SCMPipelineManager.java:initializePipelineState(126)) - No pipeline exists in current db
2019-06-13 15:26:09,593 WARN  server.ServerUtils (ServerUtils.java:getScmDbDir(145)) - ozone.scm.db.dirs is not configured. We recommend adding this setting. Falling back to ozone.metadata.dirs instead.
2019-06-13 15:26:09,642 WARN  events.EventQueue (EventQueue.java:fireEvent(175)) - No event handler registered for event TypedEvent{payloadType=SafeModeStatus, name='SafeModeStatus'}
2019-06-13 15:26:10,042 INFO  ipc.CallQueueManager (CallQueueManager.java:<init>(84)) - Using callQueue: class java.util.concurrent.LinkedBlockingQueue, queueCapacity: 2000, scheduler: class org.apache.hadoop.ipc.DefaultRpcScheduler, ipcBackoff: false.
2019-06-13 15:26:10,088 INFO  ipc.Server (Server.java:run(1074)) - Starting Socket Reader #1 for port 44453
2019-06-13 15:26:10,125 INFO  ipc.CallQueueManager (CallQueueManager.java:<init>(84)) - Using callQueue: class java.util.concurrent.LinkedBlockingQueue, queueCapacity: 2000, scheduler: class org.apache.hadoop.ipc.DefaultRpcScheduler, ipcBackoff: false.
2019-06-13 15:26:10,126 INFO  ipc.Server (Server.java:run(1074)) - Starting Socket Reader #1 for port 35311
2019-06-13 15:26:10,138 INFO  ipc.CallQueueManager (CallQueueManager.java:<init>(84)) - Using callQueue: class java.util.concurrent.LinkedBlockingQueue, queueCapacity: 2000, scheduler: class org.apache.hadoop.ipc.DefaultRpcScheduler, ipcBackoff: false.
2019-06-13 15:26:10,178 INFO  ipc.Server (Server.java:run(1074)) - Starting Socket Reader #1 for port 46835
2019-06-13 15:26:10,211 INFO  hdfs.DFSUtil (DFSUtil.java:httpServerTemplateForNNAndJN(1641)) - Starting Web-server for scm at: http://0.0.0.0:0
2019-06-13 15:26:10,394 INFO  server.AuthenticationFilter (AuthenticationFilter.java:constructSecretProvider(240)) - Unable to initialize FileSignerSecretProvider, falling back to use random secrets.
2019-06-13 15:26:10,407 WARN  http.HttpRequestLog (HttpRequestLog.java:getRequestLog(97)) - Jetty request log can only be enabled using Log4j
2019-06-13 15:26:10,418 INFO  http.HttpServer2 (HttpServer2.java:addGlobalFilter(975)) - Added global filter 'safety' (class=org.apache.hadoop.http.HttpServer2$QuotingInputFilter)
2019-06-13 15:26:10,421 INFO  http.HttpServer2 (HttpServer2.java:addFilter(948)) - Added filter static_user_filter (class=org.apache.hadoop.http.lib.StaticUserWebFilter$StaticUserFilter) to context scm
2019-06-13 15:26:10,421 INFO  http.HttpServer2 (HttpServer2.java:addFilter(958)) - Added filter static_user_filter (class=org.apache.hadoop.http.lib.StaticUserWebFilter$StaticUserFilter) to context logs
2019-06-13 15:26:10,422 INFO  http.HttpServer2 (HttpServer2.java:addFilter(958)) - Added filter static_user_filter (class=org.apache.hadoop.http.lib.StaticUserWebFilter$StaticUserFilter) to context static
2019-06-13 15:26:10,456 INFO  server.StorageContainerManager (StorageContainerManager.java:start(752)) - StorageContainerLocationProtocol RPC server is listening at /0.0.0.0:46835
2019-06-13 15:26:10,525 WARN  impl.MetricsConfig (MetricsConfig.java:loadFirst(134)) - Cannot locate configuration: tried hadoop-metrics2-storagecontainermanager.properties,hadoop-metrics2.properties
2019-06-13 15:26:10,557 INFO  impl.MetricsSystemImpl (MetricsSystemImpl.java:startTimer(374)) - Scheduled Metric snapshot period at 10 second(s).
2019-06-13 15:26:10,558 INFO  impl.MetricsSystemImpl (MetricsSystemImpl.java:start(191)) - StorageContainerManager metrics system started
2019-06-13 15:26:10,760 INFO  server.SCMClientProtocolServer (SCMClientProtocolServer.java:start(149)) - RPC server for Client  is listening at /0.0.0.0:46835
2019-06-13 15:26:10,761 INFO  ipc.Server (Server.java:run(1314)) - IPC Server Responder: starting
2019-06-13 15:26:10,761 INFO  ipc.Server (Server.java:run(1153)) - IPC Server listener on 46835: starting
2019-06-13 15:26:10,764 INFO  server.StorageContainerManager (StorageContainerManager.java:start(761)) - ScmBlockLocationProtocol RPC server is listening at /0.0.0.0:35311
2019-06-13 15:26:10,764 INFO  server.SCMBlockProtocolServer (SCMBlockProtocolServer.java:start(137)) - RPC server for Block Protocol is listening at /0.0.0.0:35311
2019-06-13 15:26:10,765 INFO  ipc.Server (Server.java:run(1314)) - IPC Server Responder: starting
2019-06-13 15:26:10,765 INFO  ipc.Server (Server.java:run(1153)) - IPC Server listener on 35311: starting
2019-06-13 15:26:10,774 INFO  server.StorageContainerManager (StorageContainerManager.java:start(765)) - ScmDatanodeProtocl RPC server is listening at /0.0.0.0:44453
2019-06-13 15:26:10,774 INFO  server.SCMDatanodeProtocolServer (SCMDatanodeProtocolServer.java:start(191)) - RPC server for DataNodes is listening at /0.0.0.0:44453
2019-06-13 15:26:10,774 INFO  ipc.Server (Server.java:run(1314)) - IPC Server Responder: starting
2019-06-13 15:26:10,774 INFO  ipc.Server (Server.java:run(1153)) - IPC Server listener on 44453: starting
2019-06-13 15:26:10,785 INFO  http.HttpServer2 (HttpServer2.java:bindListener(1191)) - Jetty bound to port 38009
2019-06-13 15:26:10,786 INFO  server.Server (Server.java:doStart(351)) - jetty-9.3.24.v20180605, build timestamp: 2018-06-05T17:11:56Z, git hash: 84205aa28f11a4f31f2a3b86d1bba2cc8ab69827
2019-06-13 15:26:10,815 INFO  handler.ContextHandler (ContextHandler.java:doStart(781)) - Started o.e.j.s.ServletContextHandler@2df6226d{/logs,file:///opt/src/hadoop-ozone/integration-test/target/log,AVAILABLE}
2019-06-13 15:26:10,816 INFO  handler.ContextHandler (ContextHandler.java:doStart(781)) - Started o.e.j.s.ServletContextHandler@4ff4357f{/static,file:///opt/src/hadoop-ozone/integration-test/target/test-classes/webapps/static,AVAILABLE}
2019-06-13 15:26:10,852 INFO  handler.ContextHandler (ContextHandler.java:doStart(781)) - Started o.e.j.w.WebAppContext@34645867{/,file:///opt/src/hadoop-ozone/integration-test/target/test-classes/webapps/scm/,AVAILABLE}{/scm}
2019-06-13 15:26:10,859 INFO  server.AbstractConnector (AbstractConnector.java:doStart(278)) - Started ServerConnector@547de081{HTTP/1.1,[http/1.1]}{0.0.0.0:38009}
2019-06-13 15:26:10,860 INFO  server.Server (Server.java:doStart(419)) - Started @2567ms
2019-06-13 15:26:10,889 INFO  server.BaseHttpServer (BaseHttpServer.java:updateConnectorAddress(207)) - HTTP server of SCM is listening at http://0.0.0.0:38009
2019-06-13 15:26:10,895 INFO  util.JvmPauseMonitor (JvmPauseMonitor.java:run(188)) - Starting JVM pause monitor
2019-06-13 15:26:10,909 WARN  scm.ScmUtils (ScmUtils.java:getDBPath(63)) - ozone.om.db.dirs is not configured. We recommend adding this setting. Falling back to ozone.metadata.dirs instead.
2019-06-13 15:26:10,997 WARN  scm.ScmUtils (ScmUtils.java:getDBPath(63)) - ozone.om.db.dirs is not configured. We recommend adding this setting. Falling back to ozone.metadata.dirs instead.
2019-06-13 15:26:10,999 INFO  om.OzoneManager (OzoneManager.java:setOMNodeDetails(519)) - OM Service ID is not set. Setting it to the default ID: omServiceIdDefault
2019-06-13 15:26:11,000 INFO  om.OzoneManager (OzoneManager.java:setOMNodeDetails(525)) - OM Node ID is not set. Setting it to the OmStorage's OmID: fb81eadb-336a-4313-b76d-bb6e87ec03aa
2019-06-13 15:26:11,001 WARN  scm.HddsServerUtil (HddsServerUtil.java:getDefaultRatisDirectory(354)) - Storage directory for Ratis is not configured. It is a good idea to map this to an SSD disk. Falling back to ozone.metadata.dirs
2019-06-13 15:26:11,002 WARN  scm.HddsServerUtil (HddsServerUtil.java:getDefaultRatisDirectory(354)) - Storage directory for Ratis is not configured. It is a good idea to map this to an SSD disk. Falling back to ozone.metadata.dirs
2019-06-13 15:26:11,002 INFO  om.OzoneManager (OzoneManager.java:loadOMHAConfigs(476)) - Found matching OM address with OMServiceId: null, OMNodeId: null, RPC Address: localhost:0 and Ratis port: 9872
2019-06-13 15:26:11,204 WARN  scm.ScmUtils (ScmUtils.java:getDBPath(63)) - ozone.om.db.dirs is not configured. We recommend adding this setting. Falling back to ozone.metadata.dirs instead.
2019-06-13 15:26:11,209 INFO  db.DBStoreBuilder (DBStoreBuilder.java:addTable(110)) - using custom profile for table: userTable
2019-06-13 15:26:11,209 INFO  db.DBStoreBuilder (DBStoreBuilder.java:processTables(161)) - Using default column profile:DBProfile.DISK for Table:userTable
2019-06-13 15:26:11,209 INFO  db.DBStoreBuilder (DBStoreBuilder.java:addTable(110)) - using custom profile for table: volumeTable
2019-06-13 15:26:11,209 INFO  db.DBStoreBuilder (DBStoreBuilder.java:processTables(161)) - Using default column profile:DBProfile.DISK for Table:volumeTable
2019-06-13 15:26:11,210 INFO  db.DBStoreBuilder (DBStoreBuilder.java:addTable(110)) - using custom profile for table: bucketTable
2019-06-13 15:26:11,210 INFO  db.DBStoreBuilder (DBStoreBuilder.java:processTables(161)) - Using default column profile:DBProfile.DISK for Table:bucketTable
2019-06-13 15:26:11,210 INFO  db.DBStoreBuilder (DBStoreBuilder.java:addTable(110)) - using custom profile for table: keyTable
2019-06-13 15:26:11,211 INFO  db.DBStoreBuilder (DBStoreBuilder.java:processTables(161)) - Using default column profile:DBProfile.DISK for Table:keyTable
2019-06-13 15:26:11,211 INFO  db.DBStoreBuilder (DBStoreBuilder.java:addTable(110)) - using custom profile for table: deletedTable
2019-06-13 15:26:11,211 INFO  db.DBStoreBuilder (DBStoreBuilder.java:processTables(161)) - Using default column profile:DBProfile.DISK for Table:deletedTable
2019-06-13 15:26:11,211 INFO  db.DBStoreBuilder (DBStoreBuilder.java:addTable(110)) - using custom profile for table: openKeyTable
2019-06-13 15:26:11,212 INFO  db.DBStoreBuilder (DBStoreBuilder.java:processTables(161)) - Using default column profile:DBProfile.DISK for Table:openKeyTable
2019-06-13 15:26:11,212 INFO  db.DBStoreBuilder (DBStoreBuilder.java:addTable(110)) - using custom profile for table: s3Table
2019-06-13 15:26:11,212 INFO  db.DBStoreBuilder (DBStoreBuilder.java:processTables(161)) - Using default column profile:DBProfile.DISK for Table:s3Table
2019-06-13 15:26:11,212 INFO  db.DBStoreBuilder (DBStoreBuilder.java:addTable(110)) - using custom profile for table: multipartInfoTable
2019-06-13 15:26:11,213 INFO  db.DBStoreBuilder (DBStoreBuilder.java:processTables(161)) - Using default column profile:DBProfile.DISK for Table:multipartInfoTable
2019-06-13 15:26:11,213 INFO  db.DBStoreBuilder (DBStoreBuilder.java:addTable(110)) - using custom profile for table: dTokenTable
2019-06-13 15:26:11,213 INFO  db.DBStoreBuilder (DBStoreBuilder.java:processTables(161)) - Using default column profile:DBProfile.DISK for Table:dTokenTable
2019-06-13 15:26:11,213 INFO  db.DBStoreBuilder (DBStoreBuilder.java:addTable(110)) - using custom profile for table: s3SecretTable
2019-06-13 15:26:11,214 INFO  db.DBStoreBuilder (DBStoreBuilder.java:processTables(161)) - Using default column profile:DBProfile.DISK for Table:s3SecretTable
2019-06-13 15:26:11,214 INFO  db.DBStoreBuilder (DBStoreBuilder.java:addTable(110)) - using custom profile for table: prefixTable
2019-06-13 15:26:11,214 INFO  db.DBStoreBuilder (DBStoreBuilder.java:processTables(161)) - Using default column profile:DBProfile.DISK for Table:prefixTable
2019-06-13 15:26:11,215 INFO  db.DBStoreBuilder (DBStoreBuilder.java:addTable(110)) - using custom profile for table: default
2019-06-13 15:26:11,215 INFO  db.DBStoreBuilder (DBStoreBuilder.java:processTables(167)) - Using default column profile:DBProfile.DISK for Table:default
2019-06-13 15:26:11,215 INFO  db.DBStoreBuilder (DBStoreBuilder.java:getDbProfile(198)) - Using default options. DBProfile.DISK
2019-06-13 15:26:11,681 INFO  ipc.CallQueueManager (CallQueueManager.java:<init>(84)) - Using callQueue: class java.util.concurrent.LinkedBlockingQueue, queueCapacity: 2000, scheduler: class org.apache.hadoop.ipc.DefaultRpcScheduler, ipcBackoff: false.
2019-06-13 15:26:11,682 INFO  ipc.Server (Server.java:run(1074)) - Starting Socket Reader #1 for port 41207
2019-06-13 15:26:11,703 WARN  scm.ScmUtils (ScmUtils.java:getDBPath(63)) - ozone.om.db.dirs is not configured. We recommend adding this setting. Falling back to ozone.metadata.dirs instead.
2019-06-13 15:26:11,704 INFO  om.OzoneManager (OzoneManager.java:start(1217)) - OzoneManager RPC server is listening at localhost/127.0.0.1:41207
2019-06-13 15:26:11,704 INFO  impl.MetricsSystemImpl (MetricsSystemImpl.java:init(158)) - OzoneManager metrics system started (again)
2019-06-13 15:26:11,725 INFO  ipc.Server (Server.java:run(1314)) - IPC Server Responder: starting
2019-06-13 15:26:11,730 INFO  ipc.Server (Server.java:run(1153)) - IPC Server listener on 41207: starting
2019-06-13 15:26:11,749 INFO  hdfs.DFSUtil (DFSUtil.java:httpServerTemplateForNNAndJN(1641)) - Starting Web-server for ozoneManager at: http://0.0.0.0:0
2019-06-13 15:26:11,751 INFO  server.AuthenticationFilter (AuthenticationFilter.java:constructSecretProvider(240)) - Unable to initialize FileSignerSecretProvider, falling back to use random secrets.
2019-06-13 15:26:11,754 WARN  http.HttpRequestLog (HttpRequestLog.java:getRequestLog(97)) - Jetty request log can only be enabled using Log4j
2019-06-13 15:26:11,756 INFO  http.HttpServer2 (HttpServer2.java:addGlobalFilter(975)) - Added global filter 'safety' (class=org.apache.hadoop.http.HttpServer2$QuotingInputFilter)
2019-06-13 15:26:11,757 INFO  http.HttpServer2 (HttpServer2.java:addFilter(948)) - Added filter static_user_filter (class=org.apache.hadoop.http.lib.StaticUserWebFilter$StaticUserFilter) to context ozoneManager
2019-06-13 15:26:11,757 INFO  http.HttpServer2 (HttpServer2.java:addFilter(958)) - Added filter static_user_filter (class=org.apache.hadoop.http.lib.StaticUserWebFilter$StaticUserFilter) to context logs
2019-06-13 15:26:11,757 INFO  http.HttpServer2 (HttpServer2.java:addFilter(958)) - Added filter static_user_filter (class=org.apache.hadoop.http.lib.StaticUserWebFilter$StaticUserFilter) to context static
2019-06-13 15:26:11,759 INFO  http.HttpServer2 (HttpServer2.java:bindListener(1191)) - Jetty bound to port 41705
2019-06-13 15:26:11,760 INFO  server.Server (Server.java:doStart(351)) - jetty-9.3.24.v20180605, build timestamp: 2018-06-05T17:11:56Z, git hash: 84205aa28f11a4f31f2a3b86d1bba2cc8ab69827
2019-06-13 15:26:11,776 INFO  handler.ContextHandler (ContextHandler.java:doStart(781)) - Started o.e.j.s.ServletContextHandler@272a179c{/logs,file:///opt/src/hadoop-ozone/integration-test/target/log,AVAILABLE}
2019-06-13 15:26:11,777 INFO  handler.ContextHandler (ContextHandler.java:doStart(781)) - Started o.e.j.s.ServletContextHandler@67207d8a{/static,file:///opt/src/hadoop-ozone/integration-test/target/test-classes/webapps/static,AVAILABLE}
2019-06-13 15:26:11,781 INFO  handler.ContextHandler (ContextHandler.java:doStart(781)) - Started o.e.j.w.WebAppContext@77128dab{/,file:///opt/src/hadoop-ozone/integration-test/target/test-classes/webapps/ozoneManager/,AVAILABLE}{/ozoneManager}
2019-06-13 15:26:11,782 INFO  server.AbstractConnector (AbstractConnector.java:doStart(278)) - Started ServerConnector@15f22b55{HTTP/1.1,[http/1.1]}{0.0.0.0:41705}
2019-06-13 15:26:11,782 INFO  server.Server (Server.java:doStart(419)) - Started @3490ms
2019-06-13 15:26:11,783 INFO  server.BaseHttpServer (BaseHttpServer.java:updateConnectorAddress(207)) - HTTP server of OZONEMANAGER is listening at http://0.0.0.0:41705
2019-06-13 15:26:11,947 INFO  impl.MetricsSystemImpl (MetricsSystemImpl.java:init(158)) - HddsDatanode metrics system started (again)
2019-06-13 15:26:12,151 INFO  ozone.HddsDatanodeService (HddsDatanodeService.java:start(185)) - HddsDatanodeService host:ozone-ldwqp-4079303285 ip:192.168.134.103
2019-06-13 15:26:12,194 INFO  volume.HddsVolume (HddsVolume.java:<init>(176)) - Creating Volume: /opt/src/hadoop-ozone/integration-test/target/test-dir/MiniOzoneClusterImpl-c8b688e8-2d8b-4941-90c1-f2edd0b5c8e4/datanode-0/data/containers/hdds of  storage type : DISK and capacity : 104021790720
2019-06-13 15:26:12,196 INFO  volume.VolumeSet (VolumeSet.java:initializeVolumeSet(170)) - Added Volume : /opt/src/hadoop-ozone/integration-test/target/test-dir/MiniOzoneClusterImpl-c8b688e8-2d8b-4941-90c1-f2edd0b5c8e4/datanode-0/data/containers/hdds to VolumeSet
2019-06-13 15:26:12,203 INFO  volume.ThrottledAsyncChecker (ThrottledAsyncChecker.java:schedule(140)) - Scheduling a check for org.apache.hadoop.ozone.container.common.volume.HddsVolume@56f71edb
2019-06-13 15:26:12,234 INFO  volume.HddsVolumeChecker (HddsVolumeChecker.java:checkAllVolumes(203)) - Scheduled health check for volume org.apache.hadoop.ozone.container.common.volume.HddsVolume@56f71edb
2019-06-13 15:26:12,330 INFO  ratis.XceiverServerRatis (XceiverServerRatis.java:newXceiverServerRatis(401)) - Found a free port for the server : 38785
2019-06-13 15:26:12,410 INFO  impl.RaftServerProxy (ConfUtils.java:logGet(43)) - raft.rpc.type = GRPC (default)
2019-06-13 15:26:12,418 INFO  grpc.GrpcConfigKeys$Server (ConfUtils.java:logGet(43)) - raft.grpc.server.port = 38785 (custom)
2019-06-13 15:26:12,419 INFO  server.GrpcService (ConfUtils.java:logGet(43)) - raft.grpc.message.size.max = 33570816 (custom)
2019-06-13 15:26:12,421 INFO  server.RaftServerConfigKeys (ConfUtils.java:logGet(43)) - raft.server.log.appender.buffer.byte-limit = 33554432 (custom)
2019-06-13 15:26:12,422 INFO  server.GrpcService (ConfUtils.java:logGet(43)) - raft.grpc.flow.control.window = 1MB (=1048576) (default)
2019-06-13 15:26:12,422 INFO  server.RaftServerConfigKeys (ConfUtils.java:logGet(43)) - raft.server.rpc.request.timeout = 3000ms (default)
2019-06-13 15:26:12,651 INFO  server.RaftServerConfigKeys (ConfUtils.java:logGet(43)) - raft.server.storage.dir = [/opt/src/hadoop-ozone/integration-test/target/test-dir/MiniOzoneClusterImpl-c8b688e8-2d8b-4941-90c1-f2edd0b5c8e4/datanode-0/data/ratis] (custom)
2019-06-13 15:26:12,658 INFO  server.XceiverServerGrpc (XceiverServerGrpc.java:<init>(97)) - Found a free port for the server : 40173
2019-06-13 15:26:12,696 INFO  replication.SimpleContainerDownloader (SimpleContainerDownloader.java:<init>(72)) - Starting container downloader service to copy containers to replicate.
2019-06-13 15:26:12,743 INFO  hdfs.DFSUtil (DFSUtil.java:httpServerTemplateForNNAndJN(1641)) - Starting Web-server for hddsDatanode at: http://0.0.0.0:0
2019-06-13 15:26:12,745 INFO  server.AuthenticationFilter (AuthenticationFilter.java:constructSecretProvider(240)) - Unable to initialize FileSignerSecretProvider, falling back to use random secrets.
2019-06-13 15:26:12,754 WARN  http.HttpRequestLog (HttpRequestLog.java:getRequestLog(97)) - Jetty request log can only be enabled using Log4j
2019-06-13 15:26:12,756 INFO  http.HttpServer2 (HttpServer2.java:addGlobalFilter(975)) - Added global filter 'safety' (class=org.apache.hadoop.http.HttpServer2$QuotingInputFilter)
2019-06-13 15:26:12,757 INFO  http.HttpServer2 (HttpServer2.java:addFilter(948)) - Added filter static_user_filter (class=org.apache.hadoop.http.lib.StaticUserWebFilter$StaticUserFilter) to context hddsDatanode
2019-06-13 15:26:12,761 INFO  http.HttpServer2 (HttpServer2.java:addFilter(958)) - Added filter static_user_filter (class=org.apache.hadoop.http.lib.StaticUserWebFilter$StaticUserFilter) to context logs
2019-06-13 15:26:12,761 INFO  http.HttpServer2 (HttpServer2.java:addFilter(958)) - Added filter static_user_filter (class=org.apache.hadoop.http.lib.StaticUserWebFilter$StaticUserFilter) to context static
2019-06-13 15:26:12,765 INFO  http.HttpServer2 (HttpServer2.java:bindListener(1191)) - Jetty bound to port 39667
2019-06-13 15:26:12,765 INFO  server.Server (Server.java:doStart(351)) - jetty-9.3.24.v20180605, build timestamp: 2018-06-05T17:11:56Z, git hash: 84205aa28f11a4f31f2a3b86d1bba2cc8ab69827
2019-06-13 15:26:12,786 INFO  handler.ContextHandler (ContextHandler.java:doStart(781)) - Started o.e.j.s.ServletContextHandler@260a3a5e{/logs,file:///opt/src/hadoop-ozone/integration-test/target/log,AVAILABLE}
2019-06-13 15:26:12,786 INFO  handler.ContextHandler (ContextHandler.java:doStart(781)) - Started o.e.j.s.ServletContextHandler@3c0bbc9f{/static,jar:file:/root/.m2/repository/org/apache/hadoop/hadoop-hdds-container-service/0.5.0-SNAPSHOT/hadoop-hdds-container-service-0.5.0-SNAPSHOT.jar!/webapps/static,AVAILABLE}
2019-06-13 15:26:12,842 INFO  handler.ContextHandler (ContextHandler.java:doStart(781)) - Started o.e.j.w.WebAppContext@1640190a{/,file:///tmp/jetty-0.0.0.0-39667-hddsDatanode-_-any-5342321937692730126.dir/webapp/,AVAILABLE}{/hddsDatanode}
2019-06-13 15:26:12,843 INFO  server.AbstractConnector (AbstractConnector.java:doStart(278)) - Started ServerConnector@2a2843ec{HTTP/1.1,[http/1.1]}{0.0.0.0:39667}
2019-06-13 15:26:12,846 INFO  server.Server (Server.java:doStart(419)) - Started @4553ms
2019-06-13 15:26:12,847 INFO  server.BaseHttpServer (BaseHttpServer.java:updateConnectorAddress(207)) - HTTP server of HDDSDATANODE is listening at http://0.0.0.0:39667
2019-06-13 15:26:13,951 INFO  ozone.HddsDatanodeService (HddsDatanodeService.java:startPlugins(396)) - Started plug-in org.apache.hadoop.ozone.web.OzoneHddsDatanodeService@575cabf0
2019-06-13 15:26:13,952 INFO  impl.MetricsSystemImpl (MetricsSystemImpl.java:init(158)) - HddsDatanode metrics system started (again)
2019-06-13 15:26:13,952 INFO  ozone.HddsDatanodeService (HddsDatanodeService.java:start(185)) - HddsDatanodeService host:ozone-ldwqp-4079303285 ip:192.168.134.103
2019-06-13 15:26:13,967 INFO  util.JvmPauseMonitor (JvmPauseMonitor.java:run(188)) - Starting JVM pause monitor
2019-06-13 15:26:13,971 INFO  volume.HddsVolume (HddsVolume.java:<init>(176)) - Creating Volume: /opt/src/hadoop-ozone/integration-test/target/test-dir/MiniOzoneClusterImpl-c8b688e8-2d8b-4941-90c1-f2edd0b5c8e4/datanode-1/data/containers/hdds of  storage type : DISK and capacity : 104021790720
2019-06-13 15:26:13,971 INFO  volume.VolumeSet (VolumeSet.java:initializeVolumeSet(170)) - Added Volume : /opt/src/hadoop-ozone/integration-test/target/test-dir/MiniOzoneClusterImpl-c8b688e8-2d8b-4941-90c1-f2edd0b5c8e4/datanode-1/data/containers/hdds to VolumeSet
2019-06-13 15:26:13,972 INFO  volume.ThrottledAsyncChecker (ThrottledAsyncChecker.java:schedule(140)) - Scheduling a check for org.apache.hadoop.ozone.container.common.volume.HddsVolume@7f4596d0
2019-06-13 15:26:13,979 INFO  volume.HddsVolumeChecker (HddsVolumeChecker.java:checkAllVolumes(203)) - Scheduled health check for volume org.apache.hadoop.ozone.container.common.volume.HddsVolume@7f4596d0
2019-06-13 15:26:13,999 INFO  ratis.XceiverServerRatis (XceiverServerRatis.java:newXceiverServerRatis(401)) - Found a free port for the server : 37275
2019-06-13 15:26:14,000 INFO  impl.RaftServerProxy (ConfUtils.java:logGet(43)) - raft.rpc.type = GRPC (default)
2019-06-13 15:26:14,000 INFO  grpc.GrpcConfigKeys$Server (ConfUtils.java:logGet(43)) - raft.grpc.server.port = 37275 (custom)
2019-06-13 15:26:14,000 INFO  server.GrpcService (ConfUtils.java:logGet(43)) - raft.grpc.message.size.max = 33570816 (custom)
2019-06-13 15:26:14,000 INFO  server.RaftServerConfigKeys (ConfUtils.java:logGet(43)) - raft.server.log.appender.buffer.byte-limit = 33554432 (custom)
2019-06-13 15:26:14,001 INFO  server.GrpcService (ConfUtils.java:logGet(43)) - raft.grpc.flow.control.window = 1MB (=1048576) (default)
2019-06-13 15:26:14,001 INFO  server.RaftServerConfigKeys (ConfUtils.java:logGet(43)) - raft.server.rpc.request.timeout = 3000ms (default)
2019-06-13 15:26:14,002 INFO  server.RaftServerConfigKeys (ConfUtils.java:logGet(43)) - raft.server.storage.dir = [/opt/src/hadoop-ozone/integration-test/target/test-dir/MiniOzoneClusterImpl-c8b688e8-2d8b-4941-90c1-f2edd0b5c8e4/datanode-1/data/ratis] (custom)
2019-06-13 15:26:14,002 INFO  server.XceiverServerGrpc (XceiverServerGrpc.java:<init>(97)) - Found a free port for the server : 43397
2019-06-13 15:26:14,002 INFO  replication.SimpleContainerDownloader (SimpleContainerDownloader.java:<init>(72)) - Starting container downloader service to copy containers to replicate.
2019-06-13 15:26:14,003 INFO  hdfs.DFSUtil (DFSUtil.java:httpServerTemplateForNNAndJN(1641)) - Starting Web-server for hddsDatanode at: http://0.0.0.0:0
2019-06-13 15:26:14,005 INFO  server.AuthenticationFilter (AuthenticationFilter.java:constructSecretProvider(240)) - Unable to initialize FileSignerSecretProvider, falling back to use random secrets.
2019-06-13 15:26:14,005 WARN  http.HttpRequestLog (HttpRequestLog.java:getRequestLog(97)) - Jetty request log can only be enabled using Log4j
2019-06-13 15:26:14,008 INFO  http.HttpServer2 (HttpServer2.java:addGlobalFilter(975)) - Added global filter 'safety' (class=org.apache.hadoop.http.HttpServer2$QuotingInputFilter)
2019-06-13 15:26:14,009 INFO  http.HttpServer2 (HttpServer2.java:addFilter(948)) - Added filter static_user_filter (class=org.apache.hadoop.http.lib.StaticUserWebFilter$StaticUserFilter) to context hddsDatanode
2019-06-13 15:26:14,009 INFO  http.HttpServer2 (HttpServer2.java:addFilter(958)) - Added filter static_user_filter (class=org.apache.hadoop.http.lib.StaticUserWebFilter$StaticUserFilter) to context logs
2019-06-13 15:26:14,009 INFO  http.HttpServer2 (HttpServer2.java:addFilter(958)) - Added filter static_user_filter (class=org.apache.hadoop.http.lib.StaticUserWebFilter$StaticUserFilter) to context static
2019-06-13 15:26:14,010 INFO  http.HttpServer2 (HttpServer2.java:bindListener(1191)) - Jetty bound to port 41995
2019-06-13 15:26:14,010 INFO  server.Server (Server.java:doStart(351)) - jetty-9.3.24.v20180605, build timestamp: 2018-06-05T17:11:56Z, git hash: 84205aa28f11a4f31f2a3b86d1bba2cc8ab69827
2019-06-13 15:26:14,013 INFO  handler.ContextHandler (ContextHandler.java:doStart(781)) - Started o.e.j.s.ServletContextHandler@412c5e8b{/logs,file:///opt/src/hadoop-ozone/integration-test/target/log,AVAILABLE}
2019-06-13 15:26:14,013 INFO  handler.ContextHandler (ContextHandler.java:doStart(781)) - Started o.e.j.s.ServletContextHandler@3b0c3951{/static,jar:file:/root/.m2/repository/org/apache/hadoop/hadoop-hdds-container-service/0.5.0-SNAPSHOT/hadoop-hdds-container-service-0.5.0-SNAPSHOT.jar!/webapps/static,AVAILABLE}
2019-06-13 15:26:14,037 INFO  handler.ContextHandler (ContextHandler.java:doStart(781)) - Started o.e.j.w.WebAppContext@1e01b133{/,file:///tmp/jetty-0.0.0.0-41995-hddsDatanode-_-any-9089513508781333723.dir/webapp/,AVAILABLE}{/hddsDatanode}
2019-06-13 15:26:14,037 INFO  server.AbstractConnector (AbstractConnector.java:doStart(278)) - Started ServerConnector@6f4b8e75{HTTP/1.1,[http/1.1]}{0.0.0.0:41995}
2019-06-13 15:26:14,039 INFO  server.Server (Server.java:doStart(419)) - Started @5746ms
2019-06-13 15:26:14,040 INFO  server.BaseHttpServer (BaseHttpServer.java:updateConnectorAddress(207)) - HTTP server of HDDSDATANODE is listening at http://0.0.0.0:41995
2019-06-13 15:26:14,070 INFO  datanode.InitDatanodeState (InitDatanodeState.java:persistContainerDatanodeDetails(140)) - DatanodeDetails is persisted to /opt/src/hadoop-ozone/integration-test/target/test-dir/MiniOzoneClusterImpl-c8b688e8-2d8b-4941-90c1-f2edd0b5c8e4/datanode-0/meta/datanode.id
2019-06-13 15:26:14,184 INFO  ozone.HddsDatanodeService (HddsDatanodeService.java:startPlugins(396)) - Started plug-in org.apache.hadoop.ozone.web.OzoneHddsDatanodeService@11d4d979
2019-06-13 15:26:14,184 INFO  impl.MetricsSystemImpl (MetricsSystemImpl.java:init(158)) - HddsDatanode metrics system started (again)
2019-06-13 15:26:14,185 INFO  ozone.HddsDatanodeService (HddsDatanodeService.java:start(185)) - HddsDatanodeService host:ozone-ldwqp-4079303285 ip:192.168.134.103
2019-06-13 15:26:14,191 INFO  util.JvmPauseMonitor (JvmPauseMonitor.java:run(188)) - Starting JVM pause monitor
2019-06-13 15:26:14,200 INFO  volume.HddsVolume (HddsVolume.java:<init>(176)) - Creating Volume: /opt/src/hadoop-ozone/integration-test/target/test-dir/MiniOzoneClusterImpl-c8b688e8-2d8b-4941-90c1-f2edd0b5c8e4/datanode-2/data/containers/hdds of  storage type : DISK and capacity : 104021790720
2019-06-13 15:26:14,201 INFO  volume.VolumeSet (VolumeSet.java:initializeVolumeSet(170)) - Added Volume : /opt/src/hadoop-ozone/integration-test/target/test-dir/MiniOzoneClusterImpl-c8b688e8-2d8b-4941-90c1-f2edd0b5c8e4/datanode-2/data/containers/hdds to VolumeSet
2019-06-13 15:26:14,201 INFO  volume.ThrottledAsyncChecker (ThrottledAsyncChecker.java:schedule(140)) - Scheduling a check for org.apache.hadoop.ozone.container.common.volume.HddsVolume@db99785
2019-06-13 15:26:14,202 INFO  datanode.InitDatanodeState (InitDatanodeState.java:persistContainerDatanodeDetails(140)) - DatanodeDetails is persisted to /opt/src/hadoop-ozone/integration-test/target/test-dir/MiniOzoneClusterImpl-c8b688e8-2d8b-4941-90c1-f2edd0b5c8e4/datanode-1/meta/datanode.id
2019-06-13 15:26:14,208 INFO  volume.HddsVolumeChecker (HddsVolumeChecker.java:checkAllVolumes(203)) - Scheduled health check for volume org.apache.hadoop.ozone.container.common.volume.HddsVolume@db99785
2019-06-13 15:26:14,219 INFO  ratis.XceiverServerRatis (XceiverServerRatis.java:newXceiverServerRatis(401)) - Found a free port for the server : 33981
2019-06-13 15:26:14,220 INFO  impl.RaftServerProxy (ConfUtils.java:logGet(43)) - raft.rpc.type = GRPC (default)
2019-06-13 15:26:14,221 INFO  grpc.GrpcConfigKeys$Server (ConfUtils.java:logGet(43)) - raft.grpc.server.port = 33981 (custom)
2019-06-13 15:26:14,221 INFO  server.GrpcService (ConfUtils.java:logGet(43)) - raft.grpc.message.size.max = 33570816 (custom)
2019-06-13 15:26:14,221 INFO  server.RaftServerConfigKeys (ConfUtils.java:logGet(43)) - raft.server.log.appender.buffer.byte-limit = 33554432 (custom)
2019-06-13 15:26:14,221 INFO  server.GrpcService (ConfUtils.java:logGet(43)) - raft.grpc.flow.control.window = 1MB (=1048576) (default)
2019-06-13 15:26:14,221 INFO  server.RaftServerConfigKeys (ConfUtils.java:logGet(43)) - raft.server.rpc.request.timeout = 3000ms (default)
2019-06-13 15:26:14,222 INFO  server.RaftServerConfigKeys (ConfUtils.java:logGet(43)) - raft.server.storage.dir = [/opt/src/hadoop-ozone/integration-test/target/test-dir/MiniOzoneClusterImpl-c8b688e8-2d8b-4941-90c1-f2edd0b5c8e4/datanode-2/data/ratis] (custom)
2019-06-13 15:26:14,223 INFO  server.XceiverServerGrpc (XceiverServerGrpc.java:<init>(97)) - Found a free port for the server : 32827
2019-06-13 15:26:14,223 INFO  replication.SimpleContainerDownloader (SimpleContainerDownloader.java:<init>(72)) - Starting container downloader service to copy containers to replicate.
2019-06-13 15:26:14,224 INFO  hdfs.DFSUtil (DFSUtil.java:httpServerTemplateForNNAndJN(1641)) - Starting Web-server for hddsDatanode at: http://0.0.0.0:0
2019-06-13 15:26:14,225 INFO  server.AuthenticationFilter (AuthenticationFilter.java:constructSecretProvider(240)) - Unable to initialize FileSignerSecretProvider, falling back to use random secrets.
2019-06-13 15:26:14,226 WARN  http.HttpRequestLog (HttpRequestLog.java:getRequestLog(97)) - Jetty request log can only be enabled using Log4j
2019-06-13 15:26:14,227 INFO  http.HttpServer2 (HttpServer2.java:addGlobalFilter(975)) - Added global filter 'safety' (class=org.apache.hadoop.http.HttpServer2$QuotingInputFilter)
2019-06-13 15:26:14,228 INFO  http.HttpServer2 (HttpServer2.java:addFilter(948)) - Added filter static_user_filter (class=org.apache.hadoop.http.lib.StaticUserWebFilter$StaticUserFilter) to context hddsDatanode
2019-06-13 15:26:14,228 INFO  http.HttpServer2 (HttpServer2.java:addFilter(958)) - Added filter static_user_filter (class=org.apache.hadoop.http.lib.StaticUserWebFilter$StaticUserFilter) to context static
2019-06-13 15:26:14,228 INFO  http.HttpServer2 (HttpServer2.java:addFilter(958)) - Added filter static_user_filter (class=org.apache.hadoop.http.lib.StaticUserWebFilter$StaticUserFilter) to context logs
2019-06-13 15:26:14,229 INFO  http.HttpServer2 (HttpServer2.java:bindListener(1191)) - Jetty bound to port 35253
2019-06-13 15:26:14,229 INFO  server.Server (Server.java:doStart(351)) - jetty-9.3.24.v20180605, build timestamp: 2018-06-05T17:11:56Z, git hash: 84205aa28f11a4f31f2a3b86d1bba2cc8ab69827
2019-06-13 15:26:14,232 INFO  handler.ContextHandler (ContextHandler.java:doStart(781)) - Started o.e.j.s.ServletContextHandler@172f4514{/logs,file:///opt/src/hadoop-ozone/integration-test/target/log,AVAILABLE}
2019-06-13 15:26:14,232 INFO  handler.ContextHandler (ContextHandler.java:doStart(781)) - Started o.e.j.s.ServletContextHandler@13d019a4{/static,jar:file:/root/.m2/repository/org/apache/hadoop/hadoop-hdds-container-service/0.5.0-SNAPSHOT/hadoop-hdds-container-service-0.5.0-SNAPSHOT.jar!/webapps/static,AVAILABLE}
2019-06-13 15:26:14,255 INFO  handler.ContextHandler (ContextHandler.java:doStart(781)) - Started o.e.j.w.WebAppContext@69c532af{/,file:///tmp/jetty-0.0.0.0-35253-hddsDatanode-_-any-6180793947624003365.dir/webapp/,AVAILABLE}{/hddsDatanode}
2019-06-13 15:26:14,256 INFO  server.AbstractConnector (AbstractConnector.java:doStart(278)) - Started ServerConnector@45a1d057{HTTP/1.1,[http/1.1]}{0.0.0.0:35253}
2019-06-13 15:26:14,257 INFO  server.Server (Server.java:doStart(419)) - Started @5964ms
2019-06-13 15:26:14,257 INFO  server.BaseHttpServer (BaseHttpServer.java:updateConnectorAddress(207)) - HTTP server of HDDSDATANODE is listening at http://0.0.0.0:35253
2019-06-13 15:26:14,378 INFO  ozone.HddsDatanodeService (HddsDatanodeService.java:startPlugins(396)) - Started plug-in org.apache.hadoop.ozone.web.OzoneHddsDatanodeService@101cf747
2019-06-13 15:26:14,378 INFO  impl.MetricsSystemImpl (MetricsSystemImpl.java:init(158)) - HddsDatanode metrics system started (again)
2019-06-13 15:26:14,379 INFO  ozone.HddsDatanodeService (HddsDatanodeService.java:start(185)) - HddsDatanodeService host:ozone-ldwqp-4079303285 ip:192.168.134.103
2019-06-13 15:26:14,383 INFO  util.JvmPauseMonitor (JvmPauseMonitor.java:run(188)) - Starting JVM pause monitor
2019-06-13 15:26:14,384 INFO  datanode.InitDatanodeState (InitDatanodeState.java:persistContainerDatanodeDetails(140)) - DatanodeDetails is persisted to /opt/src/hadoop-ozone/integration-test/target/test-dir/MiniOzoneClusterImpl-c8b688e8-2d8b-4941-90c1-f2edd0b5c8e4/datanode-2/meta/datanode.id
2019-06-13 15:26:14,387 INFO  volume.HddsVolume (HddsVolume.java:<init>(176)) - Creating Volume: /opt/src/hadoop-ozone/integration-test/target/test-dir/MiniOzoneClusterImpl-c8b688e8-2d8b-4941-90c1-f2edd0b5c8e4/datanode-3/data/containers/hdds of  storage type : DISK and capacity : 104021790720
2019-06-13 15:26:14,387 INFO  volume.VolumeSet (VolumeSet.java:initializeVolumeSet(170)) - Added Volume : /opt/src/hadoop-ozone/integration-test/target/test-dir/MiniOzoneClusterImpl-c8b688e8-2d8b-4941-90c1-f2edd0b5c8e4/datanode-3/data/containers/hdds to VolumeSet
2019-06-13 15:26:14,387 INFO  volume.ThrottledAsyncChecker (ThrottledAsyncChecker.java:schedule(140)) - Scheduling a check for org.apache.hadoop.ozone.container.common.volume.HddsVolume@26d5a317
2019-06-13 15:26:14,390 INFO  volume.HddsVolumeChecker (HddsVolumeChecker.java:checkAllVolumes(203)) - Scheduled health check for volume org.apache.hadoop.ozone.container.common.volume.HddsVolume@26d5a317
2019-06-13 15:26:14,400 INFO  ratis.XceiverServerRatis (XceiverServerRatis.java:newXceiverServerRatis(401)) - Found a free port for the server : 45459
2019-06-13 15:26:14,401 INFO  impl.RaftServerProxy (ConfUtils.java:logGet(43)) - raft.rpc.type = GRPC (default)
2019-06-13 15:26:14,401 INFO  grpc.GrpcConfigKeys$Server (ConfUtils.java:logGet(43)) - raft.grpc.server.port = 45459 (custom)
2019-06-13 15:26:14,402 INFO  server.GrpcService (ConfUtils.java:logGet(43)) - raft.grpc.message.size.max = 33570816 (custom)
2019-06-13 15:26:14,402 INFO  server.RaftServerConfigKeys (ConfUtils.java:logGet(43)) - raft.server.log.appender.buffer.byte-limit = 33554432 (custom)
2019-06-13 15:26:14,402 INFO  server.GrpcService (ConfUtils.java:logGet(43)) - raft.grpc.flow.control.window = 1MB (=1048576) (default)
2019-06-13 15:26:14,402 INFO  server.RaftServerConfigKeys (ConfUtils.java:logGet(43)) - raft.server.rpc.request.timeout = 3000ms (default)
2019-06-13 15:26:14,403 INFO  server.RaftServerConfigKeys (ConfUtils.java:logGet(43)) - raft.server.storage.dir = [/opt/src/hadoop-ozone/integration-test/target/test-dir/MiniOzoneClusterImpl-c8b688e8-2d8b-4941-90c1-f2edd0b5c8e4/datanode-3/data/ratis] (custom)
2019-06-13 15:26:14,403 INFO  server.XceiverServerGrpc (XceiverServerGrpc.java:<init>(97)) - Found a free port for the server : 44183
2019-06-13 15:26:14,404 INFO  replication.SimpleContainerDownloader (SimpleContainerDownloader.java:<init>(72)) - Starting container downloader service to copy containers to replicate.
2019-06-13 15:26:14,405 INFO  hdfs.DFSUtil (DFSUtil.java:httpServerTemplateForNNAndJN(1641)) - Starting Web-server for hddsDatanode at: http://0.0.0.0:0
2019-06-13 15:26:14,406 INFO  server.AuthenticationFilter (AuthenticationFilter.java:constructSecretProvider(240)) - Unable to initialize FileSignerSecretProvider, falling back to use random secrets.
2019-06-13 15:26:14,406 WARN  http.HttpRequestLog (HttpRequestLog.java:getRequestLog(97)) - Jetty request log can only be enabled using Log4j
2019-06-13 15:26:14,408 INFO  http.HttpServer2 (HttpServer2.java:addGlobalFilter(975)) - Added global filter 'safety' (class=org.apache.hadoop.http.HttpServer2$QuotingInputFilter)
2019-06-13 15:26:14,409 INFO  http.HttpServer2 (HttpServer2.java:addFilter(948)) - Added filter static_user_filter (class=org.apache.hadoop.http.lib.StaticUserWebFilter$StaticUserFilter) to context hddsDatanode
2019-06-13 15:26:14,409 INFO  http.HttpServer2 (HttpServer2.java:addFilter(958)) - Added filter static_user_filter (class=org.apache.hadoop.http.lib.StaticUserWebFilter$StaticUserFilter) to context static
2019-06-13 15:26:14,409 INFO  http.HttpServer2 (HttpServer2.java:addFilter(958)) - Added filter static_user_filter (class=org.apache.hadoop.http.lib.StaticUserWebFilter$StaticUserFilter) to context logs
2019-06-13 15:26:14,410 INFO  http.HttpServer2 (HttpServer2.java:bindListener(1191)) - Jetty bound to port 34771
2019-06-13 15:26:14,410 INFO  server.Server (Server.java:doStart(351)) - jetty-9.3.24.v20180605, build timestamp: 2018-06-05T17:11:56Z, git hash: 84205aa28f11a4f31f2a3b86d1bba2cc8ab69827
2019-06-13 15:26:14,414 INFO  handler.ContextHandler (ContextHandler.java:doStart(781)) - Started o.e.j.s.ServletContextHandler@2a0ea492{/logs,file:///opt/src/hadoop-ozone/integration-test/target/log,AVAILABLE}
2019-06-13 15:26:14,415 INFO  handler.ContextHandler (ContextHandler.java:doStart(781)) - Started o.e.j.s.ServletContextHandler@2e56b4d{/static,jar:file:/root/.m2/repository/org/apache/hadoop/hadoop-hdds-container-service/0.5.0-SNAPSHOT/hadoop-hdds-container-service-0.5.0-SNAPSHOT.jar!/webapps/static,AVAILABLE}
2019-06-13 15:26:14,435 INFO  handler.ContextHandler (ContextHandler.java:doStart(781)) - Started o.e.j.w.WebAppContext@39ab5ef7{/,file:///tmp/jetty-0.0.0.0-34771-hddsDatanode-_-any-1180581004526075542.dir/webapp/,AVAILABLE}{/hddsDatanode}
2019-06-13 15:26:14,436 INFO  server.AbstractConnector (AbstractConnector.java:doStart(278)) - Started ServerConnector@517704{HTTP/1.1,[http/1.1]}{0.0.0.0:34771}
2019-06-13 15:26:14,436 INFO  server.Server (Server.java:doStart(419)) - Started @6143ms
2019-06-13 15:26:14,437 INFO  server.BaseHttpServer (BaseHttpServer.java:updateConnectorAddress(207)) - HTTP server of HDDSDATANODE is listening at http://0.0.0.0:34771
2019-06-13 15:26:14,537 INFO  ozone.HddsDatanodeService (HddsDatanodeService.java:startPlugins(396)) - Started plug-in org.apache.hadoop.ozone.web.OzoneHddsDatanodeService@61394494
2019-06-13 15:26:14,538 INFO  impl.MetricsSystemImpl (MetricsSystemImpl.java:init(158)) - HddsDatanode metrics system started (again)
2019-06-13 15:26:14,538 INFO  ozone.HddsDatanodeService (HddsDatanodeService.java:start(185)) - HddsDatanodeService host:ozone-ldwqp-4079303285 ip:192.168.134.103
2019-06-13 15:26:14,546 INFO  util.JvmPauseMonitor (JvmPauseMonitor.java:run(188)) - Starting JVM pause monitor
2019-06-13 15:26:14,553 INFO  datanode.InitDatanodeState (InitDatanodeState.java:persistContainerDatanodeDetails(140)) - DatanodeDetails is persisted to /opt/src/hadoop-ozone/integration-test/target/test-dir/MiniOzoneClusterImpl-c8b688e8-2d8b-4941-90c1-f2edd0b5c8e4/datanode-3/meta/datanode.id
2019-06-13 15:26:14,556 INFO  volume.HddsVolume (HddsVolume.java:<init>(176)) - Creating Volume: /opt/src/hadoop-ozone/integration-test/target/test-dir/MiniOzoneClusterImpl-c8b688e8-2d8b-4941-90c1-f2edd0b5c8e4/datanode-4/data/containers/hdds of  storage type : DISK and capacity : 104021790720
2019-06-13 15:26:14,556 INFO  volume.VolumeSet (VolumeSet.java:initializeVolumeSet(170)) - Added Volume : /opt/src/hadoop-ozone/integration-test/target/test-dir/MiniOzoneClusterImpl-c8b688e8-2d8b-4941-90c1-f2edd0b5c8e4/datanode-4/data/containers/hdds to VolumeSet
2019-06-13 15:26:14,556 INFO  volume.ThrottledAsyncChecker (ThrottledAsyncChecker.java:schedule(140)) - Scheduling a check for org.apache.hadoop.ozone.container.common.volume.HddsVolume@6de43bc1
2019-06-13 15:26:14,556 INFO  volume.HddsVolumeChecker (HddsVolumeChecker.java:checkAllVolumes(203)) - Scheduled health check for volume org.apache.hadoop.ozone.container.common.volume.HddsVolume@6de43bc1
2019-06-13 15:26:14,567 INFO  ratis.XceiverServerRatis (XceiverServerRatis.java:newXceiverServerRatis(401)) - Found a free port for the server : 46765
2019-06-13 15:26:14,568 INFO  impl.RaftServerProxy (ConfUtils.java:logGet(43)) - raft.rpc.type = GRPC (default)
2019-06-13 15:26:14,569 INFO  grpc.GrpcConfigKeys$Server (ConfUtils.java:logGet(43)) - raft.grpc.server.port = 46765 (custom)
2019-06-13 15:26:14,569 INFO  server.GrpcService (ConfUtils.java:logGet(43)) - raft.grpc.message.size.max = 33570816 (custom)
2019-06-13 15:26:14,569 INFO  server.RaftServerConfigKeys (ConfUtils.java:logGet(43)) - raft.server.log.appender.buffer.byte-limit = 33554432 (custom)
2019-06-13 15:26:14,569 INFO  server.GrpcService (ConfUtils.java:logGet(43)) - raft.grpc.flow.control.window = 1MB (=1048576) (default)
2019-06-13 15:26:14,569 INFO  server.RaftServerConfigKeys (ConfUtils.java:logGet(43)) - raft.server.rpc.request.timeout = 3000ms (default)
2019-06-13 15:26:14,570 INFO  server.RaftServerConfigKeys (ConfUtils.java:logGet(43)) - raft.server.storage.dir = [/opt/src/hadoop-ozone/integration-test/target/test-dir/MiniOzoneClusterImpl-c8b688e8-2d8b-4941-90c1-f2edd0b5c8e4/datanode-4/data/ratis] (custom)
2019-06-13 15:26:14,570 INFO  server.XceiverServerGrpc (XceiverServerGrpc.java:<init>(97)) - Found a free port for the server : 37183
2019-06-13 15:26:14,570 INFO  replication.SimpleContainerDownloader (SimpleContainerDownloader.java:<init>(72)) - Starting container downloader service to copy containers to replicate.
2019-06-13 15:26:14,571 INFO  hdfs.DFSUtil (DFSUtil.java:httpServerTemplateForNNAndJN(1641)) - Starting Web-server for hddsDatanode at: http://0.0.0.0:0
2019-06-13 15:26:14,572 INFO  server.AuthenticationFilter (AuthenticationFilter.java:constructSecretProvider(240)) - Unable to initialize FileSignerSecretProvider, falling back to use random secrets.
2019-06-13 15:26:14,573 WARN  http.HttpRequestLog (HttpRequestLog.java:getRequestLog(97)) - Jetty request log can only be enabled using Log4j
2019-06-13 15:26:14,574 INFO  http.HttpServer2 (HttpServer2.java:addGlobalFilter(975)) - Added global filter 'safety' (class=org.apache.hadoop.http.HttpServer2$QuotingInputFilter)
2019-06-13 15:26:14,574 INFO  http.HttpServer2 (HttpServer2.java:addFilter(948)) - Added filter static_user_filter (class=org.apache.hadoop.http.lib.StaticUserWebFilter$StaticUserFilter) to context hddsDatanode
2019-06-13 15:26:14,574 INFO  http.HttpServer2 (HttpServer2.java:addFilter(958)) - Added filter static_user_filter (class=org.apache.hadoop.http.lib.StaticUserWebFilter$StaticUserFilter) to context logs
2019-06-13 15:26:14,574 INFO  http.HttpServer2 (HttpServer2.java:addFilter(958)) - Added filter static_user_filter (class=org.apache.hadoop.http.lib.StaticUserWebFilter$StaticUserFilter) to context static
2019-06-13 15:26:14,575 INFO  http.HttpServer2 (HttpServer2.java:bindListener(1191)) - Jetty bound to port 39615
2019-06-13 15:26:14,575 INFO  server.Server (Server.java:doStart(351)) - jetty-9.3.24.v20180605, build timestamp: 2018-06-05T17:11:56Z, git hash: 84205aa28f11a4f31f2a3b86d1bba2cc8ab69827
2019-06-13 15:26:14,584 INFO  handler.ContextHandler (ContextHandler.java:doStart(781)) - Started o.e.j.s.ServletContextHandler@33d28f0a{/logs,file:///opt/src/hadoop-ozone/integration-test/target/log,AVAILABLE}
2019-06-13 15:26:14,584 INFO  handler.ContextHandler (ContextHandler.java:doStart(781)) - Started o.e.j.s.ServletContextHandler@51e7589f{/static,jar:file:/root/.m2/repository/org/apache/hadoop/hadoop-hdds-container-service/0.5.0-SNAPSHOT/hadoop-hdds-container-service-0.5.0-SNAPSHOT.jar!/webapps/static,AVAILABLE}
2019-06-13 15:26:14,606 INFO  handler.ContextHandler (ContextHandler.java:doStart(781)) - Started o.e.j.w.WebAppContext@681061d6{/,file:///tmp/jetty-0.0.0.0-39615-hddsDatanode-_-any-1717811781507925644.dir/webapp/,AVAILABLE}{/hddsDatanode}
2019-06-13 15:26:14,608 INFO  server.AbstractConnector (AbstractConnector.java:doStart(278)) - Started ServerConnector@1388bfcf{HTTP/1.1,[http/1.1]}{0.0.0.0:39615}
2019-06-13 15:26:14,608 INFO  server.Server (Server.java:doStart(419)) - Started @6315ms
2019-06-13 15:26:14,609 INFO  server.BaseHttpServer (BaseHttpServer.java:updateConnectorAddress(207)) - HTTP server of HDDSDATANODE is listening at http://0.0.0.0:39615
2019-06-13 15:26:14,750 INFO  ozone.HddsDatanodeService (HddsDatanodeService.java:startPlugins(396)) - Started plug-in org.apache.hadoop.ozone.web.OzoneHddsDatanodeService@7dbae40
2019-06-13 15:26:14,751 INFO  impl.MetricsSystemImpl (MetricsSystemImpl.java:init(158)) - HddsDatanode metrics system started (again)
2019-06-13 15:26:14,751 INFO  ozone.HddsDatanodeService (HddsDatanodeService.java:start(185)) - HddsDatanodeService host:ozone-ldwqp-4079303285 ip:192.168.134.103
2019-06-13 15:26:14,770 INFO  util.JvmPauseMonitor (JvmPauseMonitor.java:run(188)) - Starting JVM pause monitor
2019-06-13 15:26:14,778 INFO  volume.HddsVolume (HddsVolume.java:<init>(176)) - Creating Volume: /opt/src/hadoop-ozone/integration-test/target/test-dir/MiniOzoneClusterImpl-c8b688e8-2d8b-4941-90c1-f2edd0b5c8e4/datanode-5/data/containers/hdds of  storage type : DISK and capacity : 104021790720
2019-06-13 15:26:14,778 INFO  volume.VolumeSet (VolumeSet.java:initializeVolumeSet(170)) - Added Volume : /opt/src/hadoop-ozone/integration-test/target/test-dir/MiniOzoneClusterImpl-c8b688e8-2d8b-4941-90c1-f2edd0b5c8e4/datanode-5/data/containers/hdds to VolumeSet
2019-06-13 15:26:14,779 INFO  volume.ThrottledAsyncChecker (ThrottledAsyncChecker.java:schedule(140)) - Scheduling a check for org.apache.hadoop.ozone.container.common.volume.HddsVolume@656c5c3
2019-06-13 15:26:14,779 INFO  datanode.InitDatanodeState (InitDatanodeState.java:persistContainerDatanodeDetails(140)) - DatanodeDetails is persisted to /opt/src/hadoop-ozone/integration-test/target/test-dir/MiniOzoneClusterImpl-c8b688e8-2d8b-4941-90c1-f2edd0b5c8e4/datanode-4/meta/datanode.id
2019-06-13 15:26:14,782 INFO  volume.HddsVolumeChecker (HddsVolumeChecker.java:checkAllVolumes(203)) - Scheduled health check for volume org.apache.hadoop.ozone.container.common.volume.HddsVolume@656c5c3
2019-06-13 15:26:14,794 INFO  ratis.XceiverServerRatis (XceiverServerRatis.java:newXceiverServerRatis(401)) - Found a free port for the server : 37155
2019-06-13 15:26:14,795 INFO  impl.RaftServerProxy (ConfUtils.java:logGet(43)) - raft.rpc.type = GRPC (default)
2019-06-13 15:26:14,795 INFO  grpc.GrpcConfigKeys$Server (ConfUtils.java:logGet(43)) - raft.grpc.server.port = 37155 (custom)
2019-06-13 15:26:14,796 INFO  server.GrpcService (ConfUtils.java:logGet(43)) - raft.grpc.message.size.max = 33570816 (custom)
2019-06-13 15:26:14,796 INFO  server.RaftServerConfigKeys (ConfUtils.java:logGet(43)) - raft.server.log.appender.buffer.byte-limit = 33554432 (custom)
2019-06-13 15:26:14,796 INFO  server.GrpcService (ConfUtils.java:logGet(43)) - raft.grpc.flow.control.window = 1MB (=1048576) (default)
2019-06-13 15:26:14,796 INFO  server.RaftServerConfigKeys (ConfUtils.java:logGet(43)) - raft.server.rpc.request.timeout = 3000ms (default)
2019-06-13 15:26:14,797 INFO  server.RaftServerConfigKeys (ConfUtils.java:logGet(43)) - raft.server.storage.dir = [/opt/src/hadoop-ozone/integration-test/target/test-dir/MiniOzoneClusterImpl-c8b688e8-2d8b-4941-90c1-f2edd0b5c8e4/datanode-5/data/ratis] (custom)
2019-06-13 15:26:14,797 INFO  server.XceiverServerGrpc (XceiverServerGrpc.java:<init>(97)) - Found a free port for the server : 43147
2019-06-13 15:26:14,798 INFO  replication.SimpleContainerDownloader (SimpleContainerDownloader.java:<init>(72)) - Starting container downloader service to copy containers to replicate.
2019-06-13 15:26:14,799 INFO  hdfs.DFSUtil (DFSUtil.java:httpServerTemplateForNNAndJN(1641)) - Starting Web-server for hddsDatanode at: http://0.0.0.0:0
2019-06-13 15:26:14,800 INFO  server.AuthenticationFilter (AuthenticationFilter.java:constructSecretProvider(240)) - Unable to initialize FileSignerSecretProvider, falling back to use random secrets.
2019-06-13 15:26:14,801 WARN  http.HttpRequestLog (HttpRequestLog.java:getRequestLog(97)) - Jetty request log can only be enabled using Log4j
2019-06-13 15:26:14,802 INFO  http.HttpServer2 (HttpServer2.java:addGlobalFilter(975)) - Added global filter 'safety' (class=org.apache.hadoop.http.HttpServer2$QuotingInputFilter)
2019-06-13 15:26:14,803 INFO  http.HttpServer2 (HttpServer2.java:addFilter(948)) - Added filter static_user_filter (class=org.apache.hadoop.http.lib.StaticUserWebFilter$StaticUserFilter) to context hddsDatanode
2019-06-13 15:26:14,803 INFO  http.HttpServer2 (HttpServer2.java:addFilter(958)) - Added filter static_user_filter (class=org.apache.hadoop.http.lib.StaticUserWebFilter$StaticUserFilter) to context static
2019-06-13 15:26:14,803 INFO  http.HttpServer2 (HttpServer2.java:addFilter(958)) - Added filter static_user_filter (class=org.apache.hadoop.http.lib.StaticUserWebFilter$StaticUserFilter) to context logs
2019-06-13 15:26:14,804 INFO  http.HttpServer2 (HttpServer2.java:bindListener(1191)) - Jetty bound to port 43895
2019-06-13 15:26:14,804 INFO  server.Server (Server.java:doStart(351)) - jetty-9.3.24.v20180605, build timestamp: 2018-06-05T17:11:56Z, git hash: 84205aa28f11a4f31f2a3b86d1bba2cc8ab69827
2019-06-13 15:26:14,813 INFO  handler.ContextHandler (ContextHandler.java:doStart(781)) - Started o.e.j.s.ServletContextHandler@7b297740{/logs,file:///opt/src/hadoop-ozone/integration-test/target/log,AVAILABLE}
2019-06-13 15:26:14,813 INFO  handler.ContextHandler (ContextHandler.java:doStart(781)) - Started o.e.j.s.ServletContextHandler@57ce2898{/static,jar:file:/root/.m2/repository/org/apache/hadoop/hadoop-hdds-container-service/0.5.0-SNAPSHOT/hadoop-hdds-container-service-0.5.0-SNAPSHOT.jar!/webapps/static,AVAILABLE}
2019-06-13 15:26:14,844 INFO  handler.ContextHandler (ContextHandler.java:doStart(781)) - Started o.e.j.w.WebAppContext@19fbc594{/,file:///tmp/jetty-0.0.0.0-43895-hddsDatanode-_-any-467585396129895363.dir/webapp/,AVAILABLE}{/hddsDatanode}
2019-06-13 15:26:14,844 INFO  server.AbstractConnector (AbstractConnector.java:doStart(278)) - Started ServerConnector@2f4d32bf{HTTP/1.1,[http/1.1]}{0.0.0.0:43895}
2019-06-13 15:26:14,844 INFO  server.Server (Server.java:doStart(419)) - Started @6552ms
2019-06-13 15:26:14,846 INFO  server.BaseHttpServer (BaseHttpServer.java:updateConnectorAddress(207)) - HTTP server of HDDSDATANODE is listening at http://0.0.0.0:43895
2019-06-13 15:26:14,995 INFO  ozone.HddsDatanodeService (HddsDatanodeService.java:startPlugins(396)) - Started plug-in org.apache.hadoop.ozone.web.OzoneHddsDatanodeService@6d969330
2019-06-13 15:26:15,003 INFO  ozone.MiniOzoneClusterImpl (MiniOzoneClusterImpl.java:lambda$waitForClusterToBeReady$0(142)) - Waiting for cluster to be ready. Got 0 of 6 DN Heartbeats.
2019-06-13 15:26:15,010 INFO  util.JvmPauseMonitor (JvmPauseMonitor.java:run(188)) - Starting JVM pause monitor
2019-06-13 15:26:15,017 INFO  datanode.InitDatanodeState (InitDatanodeState.java:persistContainerDatanodeDetails(140)) - DatanodeDetails is persisted to /opt/src/hadoop-ozone/integration-test/target/test-dir/MiniOzoneClusterImpl-c8b688e8-2d8b-4941-90c1-f2edd0b5c8e4/datanode-5/meta/datanode.id
2019-06-13 15:26:15,983 INFO  ozoneimpl.OzoneContainer (OzoneContainer.java:start(186)) - Attempting to start container services.
2019-06-13 15:26:15,983 INFO  ozoneimpl.OzoneContainer (OzoneContainer.java:startContainerScrub(160)) - Background container scrubber has been disabled by hdds.containerscrub.enabled
2019-06-13 15:26:15,984 INFO  ratis.XceiverServerRatis (XceiverServerRatis.java:start(418)) - Starting XceiverServerRatis 4abd64ab-b749-4ff5-a45f-6c016e71b91d at port 38785
2019-06-13 15:26:16,003 INFO  ozone.MiniOzoneClusterImpl (MiniOzoneClusterImpl.java:lambda$waitForClusterToBeReady$0(142)) - Waiting for cluster to be ready. Got 0 of 6 DN Heartbeats.
2019-06-13 15:26:16,003 INFO  impl.RaftServerProxy (RaftServerProxy.java:lambda$start$3(299)) - 4abd64ab-b749-4ff5-a45f-6c016e71b91d: start RPC server
2019-06-13 15:26:16,148 INFO  server.GrpcService (GrpcService.java:startImpl(148)) - 4abd64ab-b749-4ff5-a45f-6c016e71b91d: GrpcService started, listening on 0.0.0.0/0.0.0.0:38785
2019-06-13 15:26:16,200 INFO  ozoneimpl.OzoneContainer (OzoneContainer.java:start(186)) - Attempting to start container services.
2019-06-13 15:26:16,201 INFO  ozoneimpl.OzoneContainer (OzoneContainer.java:startContainerScrub(160)) - Background container scrubber has been disabled by hdds.containerscrub.enabled
2019-06-13 15:26:16,201 INFO  ratis.XceiverServerRatis (XceiverServerRatis.java:start(418)) - Starting XceiverServerRatis de5c6366-e33b-4adf-87a7-74d5d1a30f79 at port 37275
2019-06-13 15:26:16,233 INFO  impl.RaftServerProxy (RaftServerProxy.java:lambda$start$3(299)) - de5c6366-e33b-4adf-87a7-74d5d1a30f79: start RPC server
2019-06-13 15:26:16,236 INFO  server.GrpcService (GrpcService.java:startImpl(148)) - de5c6366-e33b-4adf-87a7-74d5d1a30f79: GrpcService started, listening on 0.0.0.0/0.0.0.0:37275
2019-06-13 15:26:16,388 INFO  ozoneimpl.OzoneContainer (OzoneContainer.java:start(186)) - Attempting to start container services.
2019-06-13 15:26:16,390 INFO  ozoneimpl.OzoneContainer (OzoneContainer.java:startContainerScrub(160)) - Background container scrubber has been disabled by hdds.containerscrub.enabled
2019-06-13 15:26:16,390 INFO  ratis.XceiverServerRatis (XceiverServerRatis.java:start(418)) - Starting XceiverServerRatis 145a07bf-df5a-48cf-bad6-8eeb3b3d692e at port 33981
2019-06-13 15:26:16,410 INFO  impl.RaftServerProxy (RaftServerProxy.java:lambda$start$3(299)) - 145a07bf-df5a-48cf-bad6-8eeb3b3d692e: start RPC server
2019-06-13 15:26:16,413 INFO  server.GrpcService (GrpcService.java:startImpl(148)) - 145a07bf-df5a-48cf-bad6-8eeb3b3d692e: GrpcService started, listening on 0.0.0.0/0.0.0.0:33981
2019-06-13 15:26:16,551 INFO  ozoneimpl.OzoneContainer (OzoneContainer.java:start(186)) - Attempting to start container services.
2019-06-13 15:26:16,552 INFO  ozoneimpl.OzoneContainer (OzoneContainer.java:startContainerScrub(160)) - Background container scrubber has been disabled by hdds.containerscrub.enabled
2019-06-13 15:26:16,552 INFO  ratis.XceiverServerRatis (XceiverServerRatis.java:start(418)) - Starting XceiverServerRatis b53112f0-a363-4af5-85c9-5f793ba2e29e at port 45459
2019-06-13 15:26:16,557 INFO  impl.RaftServerProxy (RaftServerProxy.java:lambda$start$3(299)) - b53112f0-a363-4af5-85c9-5f793ba2e29e: start RPC server
2019-06-13 15:26:16,559 INFO  server.GrpcService (GrpcService.java:startImpl(148)) - b53112f0-a363-4af5-85c9-5f793ba2e29e: GrpcService started, listening on 0.0.0.0/0.0.0.0:45459
2019-06-13 15:26:16,774 INFO  ozoneimpl.OzoneContainer (OzoneContainer.java:start(186)) - Attempting to start container services.
2019-06-13 15:26:16,776 INFO  ozoneimpl.OzoneContainer (OzoneContainer.java:startContainerScrub(160)) - Background container scrubber has been disabled by hdds.containerscrub.enabled
2019-06-13 15:26:16,776 INFO  ratis.XceiverServerRatis (XceiverServerRatis.java:start(418)) - Starting XceiverServerRatis 0d293cb0-c790-458c-87df-25484dca7779 at port 46765
2019-06-13 15:26:16,787 INFO  impl.RaftServerProxy (RaftServerProxy.java:lambda$start$3(299)) - 0d293cb0-c790-458c-87df-25484dca7779: start RPC server
2019-06-13 15:26:16,792 INFO  server.GrpcService (GrpcService.java:startImpl(148)) - 0d293cb0-c790-458c-87df-25484dca7779: GrpcService started, listening on 0.0.0.0/0.0.0.0:46765
2019-06-13 15:26:17,003 INFO  ozone.MiniOzoneClusterImpl (MiniOzoneClusterImpl.java:lambda$waitForClusterToBeReady$0(142)) - Waiting for cluster to be ready. Got 0 of 6 DN Heartbeats.
2019-06-13 15:26:17,016 INFO  ozoneimpl.OzoneContainer (OzoneContainer.java:start(186)) - Attempting to start container services.
2019-06-13 15:26:17,019 INFO  ozoneimpl.OzoneContainer (OzoneContainer.java:startContainerScrub(160)) - Background container scrubber has been disabled by hdds.containerscrub.enabled
2019-06-13 15:26:17,019 INFO  ratis.XceiverServerRatis (XceiverServerRatis.java:start(418)) - Starting XceiverServerRatis 4750b8d4-c555-4242-ba3e-05a1774bc8e3 at port 37155
2019-06-13 15:26:17,028 INFO  impl.RaftServerProxy (RaftServerProxy.java:lambda$start$3(299)) - 4750b8d4-c555-4242-ba3e-05a1774bc8e3: start RPC server
2019-06-13 15:26:17,032 INFO  server.GrpcService (GrpcService.java:startImpl(148)) - 4750b8d4-c555-4242-ba3e-05a1774bc8e3: GrpcService started, listening on 0.0.0.0/0.0.0.0:37155
2019-06-13 15:26:17,990 INFO  node.SCMNodeManager (SCMNodeManager.java:register(234)) - Registered Data node : 4abd64ab-b749-4ff5-a45f-6c016e71b91d{ip: 192.168.134.103, host: ozone-ldwqp-4079303285, networkLocation: /default-rack, certSerialId: null}
2019-06-13 15:26:17,994 INFO  safemode.SCMSafeModeManager (DataNodeSafeModeRule.java:process(71)) - SCM in safe mode. 1 DataNodes registered, 1 required.
2019-06-13 15:26:17,994 INFO  safemode.SCMSafeModeManager (SCMSafeModeManager.java:validateSafeModeExitRules(177)) - ScmSafeModeManager, all rules are successfully validated
2019-06-13 15:26:17,994 INFO  safemode.SCMSafeModeManager (SCMSafeModeManager.java:exitSafeMode(193)) - SCM exiting safe mode.
2019-06-13 15:26:18,004 INFO  ozone.MiniOzoneClusterImpl (MiniOzoneClusterImpl.java:lambda$waitForClusterToBeReady$0(142)) - Waiting for cluster to be ready. Got 1 of 6 DN Heartbeats.
2019-06-13 15:26:18,194 INFO  node.SCMNodeManager (SCMNodeManager.java:register(234)) - Registered Data node : de5c6366-e33b-4adf-87a7-74d5d1a30f79{ip: 192.168.134.103, host: ozone-ldwqp-4079303285, networkLocation: /default-rack, certSerialId: null}
2019-06-13 15:26:18,385 INFO  node.SCMNodeManager (SCMNodeManager.java:register(234)) - Registered Data node : 145a07bf-df5a-48cf-bad6-8eeb3b3d692e{ip: 192.168.134.103, host: ozone-ldwqp-4079303285, networkLocation: /default-rack, certSerialId: null}
2019-06-13 15:26:18,430 INFO  impl.RaftServerProxy (RaftServerProxy.java:addNew(89)) - 4abd64ab-b749-4ff5-a45f-6c016e71b91d: addNew group-1DB710A5A0B0:[4abd64ab-b749-4ff5-a45f-6c016e71b91d:192.168.134.103:38785] returns group-1DB710A5A0B0:java.util.concurrent.CompletableFuture@13cf5ab5[Not completed]
2019-06-13 15:26:18,440 INFO  impl.RaftServerImpl (RaftServerImpl.java:<init>(91)) - 4abd64ab-b749-4ff5-a45f-6c016e71b91d: new RaftServerImpl for group-1DB710A5A0B0:[4abd64ab-b749-4ff5-a45f-6c016e71b91d:192.168.134.103:38785] with ContainerStateMachine:uninitialized
2019-06-13 15:26:18,441 INFO  server.RaftServerConfigKeys (ConfUtils.java:logGet(43)) - raft.server.rpc.timeout.min = 1s (custom)
2019-06-13 15:26:18,441 INFO  server.RaftServerConfigKeys (ConfUtils.java:logGet(43)) - raft.server.rpc.timeout.max = 1200ms (custom)
2019-06-13 15:26:18,441 INFO  server.RaftServerConfigKeys (ConfUtils.java:logGet(43)) - raft.server.rpcslowness.timeout = 10s (custom)
2019-06-13 15:26:18,442 INFO  server.RaftServerConfigKeys (ConfUtils.java:logGet(43)) - raft.server.log.appender.install.snapshot.enabled = true (default)
2019-06-13 15:26:18,449 INFO  impl.RaftServerImpl (ServerState.java:<init>(101)) - 4abd64ab-b749-4ff5-a45f-6c016e71b91d:group-1DB710A5A0B0 ConfigurationManager, init=-1: [4abd64ab-b749-4ff5-a45f-6c016e71b91d:192.168.134.103:38785], old=null, confs=<EMPTY_MAP>
2019-06-13 15:26:18,449 INFO  server.RaftServerConfigKeys (ConfUtils.java:logGet(43)) - raft.server.storage.dir = [/opt/src/hadoop-ozone/integration-test/target/test-dir/MiniOzoneClusterImpl-c8b688e8-2d8b-4941-90c1-f2edd0b5c8e4/datanode-0/data/ratis] (custom)
2019-06-13 15:26:18,456 INFO  storage.RaftStorageDirectory (RaftStorageDirectory.java:analyzeStorage(246)) - The storage directory /opt/src/hadoop-ozone/integration-test/target/test-dir/MiniOzoneClusterImpl-c8b688e8-2d8b-4941-90c1-f2edd0b5c8e4/datanode-0/data/ratis/786d6f10-60eb-4dcd-8dc6-1db710a5a0b0 does not exist. Creating ...
2019-06-13 15:26:18,461 INFO  storage.RaftStorageDirectory (RaftStorageDirectory.java:tryLock(328)) - Lock on /opt/src/hadoop-ozone/integration-test/target/test-dir/MiniOzoneClusterImpl-c8b688e8-2d8b-4941-90c1-f2edd0b5c8e4/datanode-0/data/ratis/786d6f10-60eb-4dcd-8dc6-1db710a5a0b0/in_use.lock acquired by nodename 8942@ozone-ldwqp-4079303285
2019-06-13 15:26:18,465 INFO  storage.RaftStorage (RaftStorage.java:format(75)) - Storage directory /opt/src/hadoop-ozone/integration-test/target/test-dir/MiniOzoneClusterImpl-c8b688e8-2d8b-4941-90c1-f2edd0b5c8e4/datanode-0/data/ratis/786d6f10-60eb-4dcd-8dc6-1db710a5a0b0 has been successfully formatted.
2019-06-13 15:26:18,467 INFO  ratis.ContainerStateMachine (ContainerStateMachine.java:loadSnapshot(199)) - The snapshot info is null.Setting the last applied index to:(t:0, i:~)
2019-06-13 15:26:18,467 INFO  server.RaftServerConfigKeys (ConfUtils.java:logGet(43)) - raft.server.leader.election.timeout = 10s (custom)
2019-06-13 15:26:18,469 INFO  server.RaftServerConfigKeys (ConfUtils.java:logGet(43)) - raft.server.log.use.memory = false (default)
2019-06-13 15:26:18,599 INFO  server.RaftServerConfigKeys (ConfUtils.java:logGet(43)) - raft.server.log.appender.buffer.byte-limit = 33554432 (custom)
2019-06-13 15:26:18,604 INFO  server.RaftServerConfigKeys (ConfUtils.java:logGet(43)) - raft.server.log.segment.size.max = 16384 (custom)
2019-06-13 15:26:18,604 INFO  node.SCMNodeManager (SCMNodeManager.java:register(234)) - Registered Data node : b53112f0-a363-4af5-85c9-5f793ba2e29e{ip: 192.168.134.103, host: ozone-ldwqp-4079303285, networkLocation: /default-rack, certSerialId: null}
2019-06-13 15:26:18,608 INFO  server.RaftServerConfigKeys (ConfUtils.java:logGet(43)) - raft.server.log.segment.cache.num.max = 2 (custom)
2019-06-13 15:26:18,611 INFO  storage.RaftLogWorker (RaftLogWorker.java:<init>(123)) - new 4abd64ab-b749-4ff5-a45f-6c016e71b91d-RaftLogWorker for Storage Directory /opt/src/hadoop-ozone/integration-test/target/test-dir/MiniOzoneClusterImpl-c8b688e8-2d8b-4941-90c1-f2edd0b5c8e4/datanode-0/data/ratis/786d6f10-60eb-4dcd-8dc6-1db710a5a0b0
2019-06-13 15:26:18,612 INFO  server.RaftServerConfigKeys (ConfUtils.java:logGet(43)) - raft.server.log.queue.byte-limit = 2147483647 (custom)
2019-06-13 15:26:18,612 INFO  server.RaftServerConfigKeys (ConfUtils.java:logGet(43)) - raft.server.log.queue.element-limit = 1024 (custom)
2019-06-13 15:26:18,614 INFO  server.RaftServerConfigKeys (ConfUtils.java:logGet(43)) - raft.server.log.segment.size.max = 16384 (custom)
2019-06-13 15:26:18,615 INFO  server.RaftServerConfigKeys (ConfUtils.java:logGet(43)) - raft.server.log.preallocated.size = 16384 (custom)
2019-06-13 15:26:18,615 INFO  server.RaftServerConfigKeys (ConfUtils.java:logGet(43)) - raft.server.log.write.buffer.size = 33554432 (custom)
2019-06-13 15:26:18,616 INFO  server.RaftServerConfigKeys (ConfUtils.java:logGet(43)) - raft.server.log.force.sync.num = 128 (default)
2019-06-13 15:26:18,617 INFO  server.RaftServerConfigKeys (ConfUtils.java:logGet(43)) - raft.server.log.statemachine.data.sync = true (default)
2019-06-13 15:26:18,617 INFO  server.RaftServerConfigKeys (ConfUtils.java:logGet(43)) - raft.server.log.statemachine.data.sync.timeout = 10s (default)
2019-06-13 15:26:18,617 INFO  server.RaftServerConfigKeys (ConfUtils.java:logGet(43)) - raft.server.log.statemachine.data.sync.timeout.retry = -1 (default)
2019-06-13 15:26:18,620 INFO  server.RaftServerConfigKeys (ConfUtils.java:logGet(43)) - raft.server.log.statemachine.data.caching.enabled = true (custom)
2019-06-13 15:26:18,629 INFO  server.RaftServerConfigKeys (ConfUtils.java:logGet(43)) - raft.server.snapshot.auto.trigger.enabled = true (custom)
2019-06-13 15:26:18,630 INFO  server.RaftServerConfigKeys (ConfUtils.java:logGet(43)) - raft.server.snapshot.auto.trigger.threshold = 10000 (custom)
2019-06-13 15:26:18,630 INFO  server.RaftServerConfigKeys (ConfUtils.java:logGet(43)) - raft.server.retrycache.expirytime = 600000ms (custom)
2019-06-13 15:26:18,644 INFO  impl.RaftServerImpl (RaftServerImpl.java:start(173)) - 4abd64ab-b749-4ff5-a45f-6c016e71b91d: start group-1DB710A5A0B0
2019-06-13 15:26:18,645 INFO  impl.RaftServerImpl (RaftServerImpl.java:setRole(164)) - 4abd64ab-b749-4ff5-a45f-6c016e71b91d:group-1DB710A5A0B0 changes role from null to FOLLOWER at term 0 for startAsFollower
2019-06-13 15:26:18,646 INFO  impl.RoleInfo (RoleInfo.java:updateAndGet(143)) - 4abd64ab-b749-4ff5-a45f-6c016e71b91d: start FollowerState
2019-06-13 15:26:18,648 INFO  util.JmxRegister (JmxRegister.java:tryRegister(44)) - Successfully registered JMX Bean with object name Ratis:service=RaftServer,group=group-1DB710A5A0B0,id=4abd64ab-b749-4ff5-a45f-6c016e71b91d
2019-06-13 15:26:18,690 INFO  pipeline.PipelineStateManager (PipelineStateManager.java:addPipeline(56)) - Created pipeline Pipeline[ Id: 786d6f10-60eb-4dcd-8dc6-1db710a5a0b0, Nodes: 4abd64ab-b749-4ff5-a45f-6c016e71b91d{ip: 192.168.134.103, host: ozone-ldwqp-4079303285, networkLocation: /default-rack, certSerialId: null}, Type:RATIS, Factor:ONE, State:OPEN]
2019-06-13 15:26:18,709 INFO  impl.RaftServerProxy (RaftServerProxy.java:addNew(89)) - de5c6366-e33b-4adf-87a7-74d5d1a30f79: addNew group-DE66986D8E9C:[de5c6366-e33b-4adf-87a7-74d5d1a30f79:192.168.134.103:37275] returns group-DE66986D8E9C:java.util.concurrent.CompletableFuture@4795392[Not completed]
2019-06-13 15:26:18,710 INFO  impl.RaftServerImpl (RaftServerImpl.java:<init>(91)) - de5c6366-e33b-4adf-87a7-74d5d1a30f79: new RaftServerImpl for group-DE66986D8E9C:[de5c6366-e33b-4adf-87a7-74d5d1a30f79:192.168.134.103:37275] with ContainerStateMachine:uninitialized
2019-06-13 15:26:18,711 INFO  server.RaftServerConfigKeys (ConfUtils.java:logGet(43)) - raft.server.rpc.timeout.min = 1s (custom)
2019-06-13 15:26:18,711 INFO  server.RaftServerConfigKeys (ConfUtils.java:logGet(43)) - raft.server.rpc.timeout.max = 1200ms (custom)
2019-06-13 15:26:18,711 INFO  server.RaftServerConfigKeys (ConfUtils.java:logGet(43)) - raft.server.rpcslowness.timeout = 10s (custom)
2019-06-13 15:26:18,711 INFO  server.RaftServerConfigKeys (ConfUtils.java:logGet(43)) - raft.server.log.appender.install.snapshot.enabled = true (default)
2019-06-13 15:26:18,711 INFO  impl.RaftServerImpl (ServerState.java:<init>(101)) - de5c6366-e33b-4adf-87a7-74d5d1a30f79:group-DE66986D8E9C ConfigurationManager, init=-1: [de5c6366-e33b-4adf-87a7-74d5d1a30f79:192.168.134.103:37275], old=null, confs=<EMPTY_MAP>
2019-06-13 15:26:18,711 INFO  server.RaftServerConfigKeys (ConfUtils.java:logGet(43)) - raft.server.storage.dir = [/opt/src/hadoop-ozone/integration-test/target/test-dir/MiniOzoneClusterImpl-c8b688e8-2d8b-4941-90c1-f2edd0b5c8e4/datanode-1/data/ratis] (custom)
2019-06-13 15:26:18,712 INFO  storage.RaftStorageDirectory (RaftStorageDirectory.java:analyzeStorage(246)) - The storage directory /opt/src/hadoop-ozone/integration-test/target/test-dir/MiniOzoneClusterImpl-c8b688e8-2d8b-4941-90c1-f2edd0b5c8e4/datanode-1/data/ratis/db8414b7-99fd-40c4-94e3-de66986d8e9c does not exist. Creating ...
2019-06-13 15:26:18,714 INFO  storage.RaftStorageDirectory (RaftStorageDirectory.java:tryLock(328)) - Lock on /opt/src/hadoop-ozone/integration-test/target/test-dir/MiniOzoneClusterImpl-c8b688e8-2d8b-4941-90c1-f2edd0b5c8e4/datanode-1/data/ratis/db8414b7-99fd-40c4-94e3-de66986d8e9c/in_use.lock acquired by nodename 8942@ozone-ldwqp-4079303285
2019-06-13 15:26:18,716 INFO  storage.RaftStorage (RaftStorage.java:format(75)) - Storage directory /opt/src/hadoop-ozone/integration-test/target/test-dir/MiniOzoneClusterImpl-c8b688e8-2d8b-4941-90c1-f2edd0b5c8e4/datanode-1/data/ratis/db8414b7-99fd-40c4-94e3-de66986d8e9c has been successfully formatted.
2019-06-13 15:26:18,717 INFO  ratis.ContainerStateMachine (ContainerStateMachine.java:loadSnapshot(199)) - The snapshot info is null.Setting the last applied index to:(t:0, i:~)
2019-06-13 15:26:18,717 INFO  server.RaftServerConfigKeys (ConfUtils.java:logGet(43)) - raft.server.leader.election.timeout = 10s (custom)
2019-06-13 15:26:18,717 INFO  server.RaftServerConfigKeys (ConfUtils.java:logGet(43)) - raft.server.log.use.memory = false (default)
2019-06-13 15:26:18,717 INFO  server.RaftServerConfigKeys (ConfUtils.java:logGet(43)) - raft.server.log.appender.buffer.byte-limit = 33554432 (custom)
2019-06-13 15:26:18,717 INFO  server.RaftServerConfigKeys (ConfUtils.java:logGet(43)) - raft.server.log.segment.size.max = 16384 (custom)
2019-06-13 15:26:18,717 INFO  server.RaftServerConfigKeys (ConfUtils.java:logGet(43)) - raft.server.log.segment.cache.num.max = 2 (custom)
2019-06-13 15:26:18,717 INFO  storage.RaftLogWorker (RaftLogWorker.java:<init>(123)) - new de5c6366-e33b-4adf-87a7-74d5d1a30f79-RaftLogWorker for Storage Directory /opt/src/hadoop-ozone/integration-test/target/test-dir/MiniOzoneClusterImpl-c8b688e8-2d8b-4941-90c1-f2edd0b5c8e4/datanode-1/data/ratis/db8414b7-99fd-40c4-94e3-de66986d8e9c
2019-06-13 15:26:18,718 INFO  server.RaftServerConfigKeys (ConfUtils.java:logGet(43)) - raft.server.log.queue.byte-limit = 2147483647 (custom)
2019-06-13 15:26:18,719 INFO  server.RaftServerConfigKeys (ConfUtils.java:logGet(43)) - raft.server.log.queue.element-limit = 1024 (custom)
2019-06-13 15:26:18,719 INFO  server.RaftServerConfigKeys (ConfUtils.java:logGet(43)) - raft.server.log.segment.size.max = 16384 (custom)
2019-06-13 15:26:18,719 INFO  server.RaftServerConfigKeys (ConfUtils.java:logGet(43)) - raft.server.log.preallocated.size = 16384 (custom)
2019-06-13 15:26:18,719 INFO  server.RaftServerConfigKeys (ConfUtils.java:logGet(43)) - raft.server.log.write.buffer.size = 33554432 (custom)
2019-06-13 15:26:18,719 INFO  server.RaftServerConfigKeys (ConfUtils.java:logGet(43)) - raft.server.log.force.sync.num = 128 (default)
2019-06-13 15:26:18,719 INFO  server.RaftServerConfigKeys (ConfUtils.java:logGet(43)) - raft.server.log.statemachine.data.sync = true (default)
2019-06-13 15:26:18,719 INFO  server.RaftServerConfigKeys (ConfUtils.java:logGet(43)) - raft.server.log.statemachine.data.sync.timeout = 10s (default)
2019-06-13 15:26:18,719 INFO  server.RaftServerConfigKeys (ConfUtils.java:logGet(43)) - raft.server.log.statemachine.data.sync.timeout.retry = -1 (default)
2019-06-13 15:26:18,720 INFO  server.RaftServerConfigKeys (ConfUtils.java:logGet(43)) - raft.server.log.statemachine.data.caching.enabled = true (custom)
2019-06-13 15:26:18,720 INFO  server.RaftServerConfigKeys (ConfUtils.java:logGet(43)) - raft.server.snapshot.auto.trigger.enabled = true (custom)
2019-06-13 15:26:18,721 INFO  server.RaftServerConfigKeys (ConfUtils.java:logGet(43)) - raft.server.snapshot.auto.trigger.threshold = 10000 (custom)
2019-06-13 15:26:18,721 INFO  server.RaftServerConfigKeys (ConfUtils.java:logGet(43)) - raft.server.retrycache.expirytime = 600000ms (custom)
2019-06-13 15:26:18,721 INFO  impl.RaftServerImpl (RaftServerImpl.java:start(173)) - de5c6366-e33b-4adf-87a7-74d5d1a30f79: start group-DE66986D8E9C
2019-06-13 15:26:18,721 INFO  impl.RaftServerImpl (RaftServerImpl.java:setRole(164)) - de5c6366-e33b-4adf-87a7-74d5d1a30f79:group-DE66986D8E9C changes role from null to FOLLOWER at term 0 for startAsFollower
2019-06-13 15:26:18,721 INFO  impl.RoleInfo (RoleInfo.java:updateAndGet(143)) - de5c6366-e33b-4adf-87a7-74d5d1a30f79: start FollowerState
2019-06-13 15:26:18,722 INFO  util.JmxRegister (JmxRegister.java:tryRegister(44)) - Successfully registered JMX Bean with object name Ratis:service=RaftServer,group=group-DE66986D8E9C,id=de5c6366-e33b-4adf-87a7-74d5d1a30f79
2019-06-13 15:26:18,731 INFO  pipeline.PipelineStateManager (PipelineStateManager.java:addPipeline(56)) - Created pipeline Pipeline[ Id: db8414b7-99fd-40c4-94e3-de66986d8e9c, Nodes: de5c6366-e33b-4adf-87a7-74d5d1a30f79{ip: 192.168.134.103, host: ozone-ldwqp-4079303285, networkLocation: /default-rack, certSerialId: null}, Type:RATIS, Factor:ONE, State:OPEN]
2019-06-13 15:26:18,774 INFO  impl.RaftServerProxy (RaftServerProxy.java:addNew(89)) - b53112f0-a363-4af5-85c9-5f793ba2e29e: addNew group-FB287947E62E:[b53112f0-a363-4af5-85c9-5f793ba2e29e:192.168.134.103:45459] returns group-FB287947E62E:java.util.concurrent.CompletableFuture@704ba094[Not completed]
2019-06-13 15:26:18,778 INFO  node.SCMNodeManager (SCMNodeManager.java:register(234)) - Registered Data node : 0d293cb0-c790-458c-87df-25484dca7779{ip: 192.168.134.103, host: ozone-ldwqp-4079303285, networkLocation: /default-rack, certSerialId: null}
2019-06-13 15:26:18,805 INFO  impl.RaftServerImpl (RaftServerImpl.java:<init>(91)) - b53112f0-a363-4af5-85c9-5f793ba2e29e: new RaftServerImpl for group-FB287947E62E:[b53112f0-a363-4af5-85c9-5f793ba2e29e:192.168.134.103:45459] with ContainerStateMachine:uninitialized
2019-06-13 15:26:18,806 INFO  server.RaftServerConfigKeys (ConfUtils.java:logGet(43)) - raft.server.rpc.timeout.min = 1s (custom)
2019-06-13 15:26:18,806 INFO  server.RaftServerConfigKeys (ConfUtils.java:logGet(43)) - raft.server.rpc.timeout.max = 1200ms (custom)
2019-06-13 15:26:18,806 INFO  server.RaftServerConfigKeys (ConfUtils.java:logGet(43)) - raft.server.rpcslowness.timeout = 10s (custom)
2019-06-13 15:26:18,806 INFO  server.RaftServerConfigKeys (ConfUtils.java:logGet(43)) - raft.server.log.appender.install.snapshot.enabled = true (default)
2019-06-13 15:26:18,806 INFO  impl.RaftServerImpl (ServerState.java:<init>(101)) - b53112f0-a363-4af5-85c9-5f793ba2e29e:group-FB287947E62E ConfigurationManager, init=-1: [b53112f0-a363-4af5-85c9-5f793ba2e29e:192.168.134.103:45459], old=null, confs=<EMPTY_MAP>
2019-06-13 15:26:18,806 INFO  server.RaftServerConfigKeys (ConfUtils.java:logGet(43)) - raft.server.storage.dir = [/opt/src/hadoop-ozone/integration-test/target/test-dir/MiniOzoneClusterImpl-c8b688e8-2d8b-4941-90c1-f2edd0b5c8e4/datanode-3/data/ratis] (custom)
2019-06-13 15:26:18,806 INFO  storage.RaftStorageDirectory (RaftStorageDirectory.java:analyzeStorage(246)) - The storage directory /opt/src/hadoop-ozone/integration-test/target/test-dir/MiniOzoneClusterImpl-c8b688e8-2d8b-4941-90c1-f2edd0b5c8e4/datanode-3/data/ratis/fd80c86f-f0a6-43c2-af13-fb287947e62e does not exist. Creating ...
2019-06-13 15:26:18,809 INFO  storage.RaftStorageDirectory (RaftStorageDirectory.java:tryLock(328)) - Lock on /opt/src/hadoop-ozone/integration-test/target/test-dir/MiniOzoneClusterImpl-c8b688e8-2d8b-4941-90c1-f2edd0b5c8e4/datanode-3/data/ratis/fd80c86f-f0a6-43c2-af13-fb287947e62e/in_use.lock acquired by nodename 8942@ozone-ldwqp-4079303285
2019-06-13 15:26:18,812 INFO  storage.RaftStorage (RaftStorage.java:format(75)) - Storage directory /opt/src/hadoop-ozone/integration-test/target/test-dir/MiniOzoneClusterImpl-c8b688e8-2d8b-4941-90c1-f2edd0b5c8e4/datanode-3/data/ratis/fd80c86f-f0a6-43c2-af13-fb287947e62e has been successfully formatted.
2019-06-13 15:26:18,813 INFO  ratis.ContainerStateMachine (ContainerStateMachine.java:loadSnapshot(199)) - The snapshot info is null.Setting the last applied index to:(t:0, i:~)
2019-06-13 15:26:18,814 INFO  server.RaftServerConfigKeys (ConfUtils.java:logGet(43)) - raft.server.leader.election.timeout = 10s (custom)
2019-06-13 15:26:18,814 INFO  server.RaftServerConfigKeys (ConfUtils.java:logGet(43)) - raft.server.log.use.memory = false (default)
2019-06-13 15:26:18,814 INFO  server.RaftServerConfigKeys (ConfUtils.java:logGet(43)) - raft.server.log.appender.buffer.byte-limit = 33554432 (custom)
2019-06-13 15:26:18,814 INFO  server.RaftServerConfigKeys (ConfUtils.java:logGet(43)) - raft.server.log.segment.size.max = 16384 (custom)
2019-06-13 15:26:18,814 INFO  server.RaftServerConfigKeys (ConfUtils.java:logGet(43)) - raft.server.log.segment.cache.num.max = 2 (custom)
2019-06-13 15:26:18,815 INFO  storage.RaftLogWorker (RaftLogWorker.java:<init>(123)) - new b53112f0-a363-4af5-85c9-5f793ba2e29e-RaftLogWorker for Storage Directory /opt/src/hadoop-ozone/integration-test/target/test-dir/MiniOzoneClusterImpl-c8b688e8-2d8b-4941-90c1-f2edd0b5c8e4/datanode-3/data/ratis/fd80c86f-f0a6-43c2-af13-fb287947e62e
2019-06-13 15:26:18,815 INFO  server.RaftServerConfigKeys (ConfUtils.java:logGet(43)) - raft.server.log.queue.byte-limit = 2147483647 (custom)
2019-06-13 15:26:18,815 INFO  server.RaftServerConfigKeys (ConfUtils.java:logGet(43)) - raft.server.log.queue.element-limit = 1024 (custom)
2019-06-13 15:26:18,815 INFO  server.RaftServerConfigKeys (ConfUtils.java:logGet(43)) - raft.server.log.segment.size.max = 16384 (custom)
2019-06-13 15:26:18,815 INFO  server.RaftServerConfigKeys (ConfUtils.java:logGet(43)) - raft.server.log.preallocated.size = 16384 (custom)
2019-06-13 15:26:18,815 INFO  server.RaftServerConfigKeys (ConfUtils.java:logGet(43)) - raft.server.log.write.buffer.size = 33554432 (custom)
2019-06-13 15:26:18,815 INFO  server.RaftServerConfigKeys (ConfUtils.java:logGet(43)) - raft.server.log.force.sync.num = 128 (default)
2019-06-13 15:26:18,815 INFO  server.RaftServerConfigKeys (ConfUtils.java:logGet(43)) - raft.server.log.statemachine.data.sync = true (default)
2019-06-13 15:26:18,815 INFO  server.RaftServerConfigKeys (ConfUtils.java:logGet(43)) - raft.server.log.statemachine.data.sync.timeout = 10s (default)
2019-06-13 15:26:18,816 INFO  server.RaftServerConfigKeys (ConfUtils.java:logGet(43)) - raft.server.log.statemachine.data.sync.timeout.retry = -1 (default)
2019-06-13 15:26:18,816 INFO  server.RaftServerConfigKeys (ConfUtils.java:logGet(43)) - raft.server.log.statemachine.data.caching.enabled = true (custom)
2019-06-13 15:26:18,816 INFO  server.RaftServerConfigKeys (ConfUtils.java:logGet(43)) - raft.server.snapshot.auto.trigger.enabled = true (custom)
2019-06-13 15:26:18,816 INFO  server.RaftServerConfigKeys (ConfUtils.java:logGet(43)) - raft.server.snapshot.auto.trigger.threshold = 10000 (custom)
2019-06-13 15:26:18,816 INFO  server.RaftServerConfigKeys (ConfUtils.java:logGet(43)) - raft.server.retrycache.expirytime = 600000ms (custom)
2019-06-13 15:26:18,817 INFO  impl.RaftServerImpl (RaftServerImpl.java:start(173)) - b53112f0-a363-4af5-85c9-5f793ba2e29e: start group-FB287947E62E
2019-06-13 15:26:18,817 INFO  impl.RaftServerImpl (RaftServerImpl.java:setRole(164)) - b53112f0-a363-4af5-85c9-5f793ba2e29e:group-FB287947E62E changes role from null to FOLLOWER at term 0 for startAsFollower
2019-06-13 15:26:18,817 INFO  impl.RoleInfo (RoleInfo.java:updateAndGet(143)) - b53112f0-a363-4af5-85c9-5f793ba2e29e: start FollowerState
2019-06-13 15:26:18,817 INFO  util.JmxRegister (JmxRegister.java:tryRegister(44)) - Successfully registered JMX Bean with object name Ratis:service=RaftServer,group=group-FB287947E62E,id=b53112f0-a363-4af5-85c9-5f793ba2e29e
2019-06-13 15:26:18,828 INFO  pipeline.PipelineStateManager (PipelineStateManager.java:addPipeline(56)) - Created pipeline Pipeline[ Id: fd80c86f-f0a6-43c2-af13-fb287947e62e, Nodes: b53112f0-a363-4af5-85c9-5f793ba2e29e{ip: 192.168.134.103, host: ozone-ldwqp-4079303285, networkLocation: /default-rack, certSerialId: null}, Type:RATIS, Factor:ONE, State:OPEN]
2019-06-13 15:26:18,850 INFO  impl.RaftServerProxy (RaftServerProxy.java:addNew(89)) - 0d293cb0-c790-458c-87df-25484dca7779: addNew group-8407FBC09068:[0d293cb0-c790-458c-87df-25484dca7779:192.168.134.103:46765] returns group-8407FBC09068:java.util.concurrent.CompletableFuture@3e1239bc[Not completed]
2019-06-13 15:26:18,854 INFO  impl.RaftServerImpl (RaftServerImpl.java:<init>(91)) - 0d293cb0-c790-458c-87df-25484dca7779: new RaftServerImpl for group-8407FBC09068:[0d293cb0-c790-458c-87df-25484dca7779:192.168.134.103:46765] with ContainerStateMachine:uninitialized
2019-06-13 15:26:18,854 INFO  server.RaftServerConfigKeys (ConfUtils.java:logGet(43)) - raft.server.rpc.timeout.min = 1s (custom)
2019-06-13 15:26:18,854 INFO  server.RaftServerConfigKeys (ConfUtils.java:logGet(43)) - raft.server.rpc.timeout.max = 1200ms (custom)
2019-06-13 15:26:18,854 INFO  server.RaftServerConfigKeys (ConfUtils.java:logGet(43)) - raft.server.rpcslowness.timeout = 10s (custom)
2019-06-13 15:26:18,854 INFO  server.RaftServerConfigKeys (ConfUtils.java:logGet(43)) - raft.server.log.appender.install.snapshot.enabled = true (default)
2019-06-13 15:26:18,854 INFO  impl.RaftServerImpl (ServerState.java:<init>(101)) - 0d293cb0-c790-458c-87df-25484dca7779:group-8407FBC09068 ConfigurationManager, init=-1: [0d293cb0-c790-458c-87df-25484dca7779:192.168.134.103:46765], old=null, confs=<EMPTY_MAP>
2019-06-13 15:26:18,854 INFO  server.RaftServerConfigKeys (ConfUtils.java:logGet(43)) - raft.server.storage.dir = [/opt/src/hadoop-ozone/integration-test/target/test-dir/MiniOzoneClusterImpl-c8b688e8-2d8b-4941-90c1-f2edd0b5c8e4/datanode-4/data/ratis] (custom)
2019-06-13 15:26:18,854 INFO  storage.RaftStorageDirectory (RaftStorageDirectory.java:analyzeStorage(246)) - The storage directory /opt/src/hadoop-ozone/integration-test/target/test-dir/MiniOzoneClusterImpl-c8b688e8-2d8b-4941-90c1-f2edd0b5c8e4/datanode-4/data/ratis/eb416dac-5cde-403f-bc51-8407fbc09068 does not exist. Creating ...
2019-06-13 15:26:18,856 INFO  storage.RaftStorageDirectory (RaftStorageDirectory.java:tryLock(328)) - Lock on /opt/src/hadoop-ozone/integration-test/target/test-dir/MiniOzoneClusterImpl-c8b688e8-2d8b-4941-90c1-f2edd0b5c8e4/datanode-4/data/ratis/eb416dac-5cde-403f-bc51-8407fbc09068/in_use.lock acquired by nodename 8942@ozone-ldwqp-4079303285
2019-06-13 15:26:18,859 INFO  storage.RaftStorage (RaftStorage.java:format(75)) - Storage directory /opt/src/hadoop-ozone/integration-test/target/test-dir/MiniOzoneClusterImpl-c8b688e8-2d8b-4941-90c1-f2edd0b5c8e4/datanode-4/data/ratis/eb416dac-5cde-403f-bc51-8407fbc09068 has been successfully formatted.
2019-06-13 15:26:18,859 INFO  ratis.ContainerStateMachine (ContainerStateMachine.java:loadSnapshot(199)) - The snapshot info is null.Setting the last applied index to:(t:0, i:~)
2019-06-13 15:26:18,859 INFO  server.RaftServerConfigKeys (ConfUtils.java:logGet(43)) - raft.server.leader.election.timeout = 10s (custom)
2019-06-13 15:26:18,859 INFO  server.RaftServerConfigKeys (ConfUtils.java:logGet(43)) - raft.server.log.use.memory = false (default)
2019-06-13 15:26:18,859 INFO  server.RaftServerConfigKeys (ConfUtils.java:logGet(43)) - raft.server.log.appender.buffer.byte-limit = 33554432 (custom)
2019-06-13 15:26:18,859 INFO  server.RaftServerConfigKeys (ConfUtils.java:logGet(43)) - raft.server.log.segment.size.max = 16384 (custom)
2019-06-13 15:26:18,859 INFO  server.RaftServerConfigKeys (ConfUtils.java:logGet(43)) - raft.server.log.segment.cache.num.max = 2 (custom)
2019-06-13 15:26:18,860 INFO  storage.RaftLogWorker (RaftLogWorker.java:<init>(123)) - new 0d293cb0-c790-458c-87df-25484dca7779-RaftLogWorker for Storage Directory /opt/src/hadoop-ozone/integration-test/target/test-dir/MiniOzoneClusterImpl-c8b688e8-2d8b-4941-90c1-f2edd0b5c8e4/datanode-4/data/ratis/eb416dac-5cde-403f-bc51-8407fbc09068
2019-06-13 15:26:18,860 INFO  server.RaftServerConfigKeys (ConfUtils.java:logGet(43)) - raft.server.log.queue.byte-limit = 2147483647 (custom)
2019-06-13 15:26:18,860 INFO  server.RaftServerConfigKeys (ConfUtils.java:logGet(43)) - raft.server.log.queue.element-limit = 1024 (custom)
2019-06-13 15:26:18,860 INFO  server.RaftServerConfigKeys (ConfUtils.java:logGet(43)) - raft.server.log.segment.size.max = 16384 (custom)
2019-06-13 15:26:18,860 INFO  server.RaftServerConfigKeys (ConfUtils.java:logGet(43)) - raft.server.log.preallocated.size = 16384 (custom)
2019-06-13 15:26:18,860 INFO  server.RaftServerConfigKeys (ConfUtils.java:logGet(43)) - raft.server.log.write.buffer.size = 33554432 (custom)
2019-06-13 15:26:18,860 INFO  server.RaftServerConfigKeys (ConfUtils.java:logGet(43)) - raft.server.log.force.sync.num = 128 (default)
2019-06-13 15:26:18,860 INFO  server.RaftServerConfigKeys (ConfUtils.java:logGet(43)) - raft.server.log.statemachine.data.sync = true (default)
2019-06-13 15:26:18,860 INFO  server.RaftServerConfigKeys (ConfUtils.java:logGet(43)) - raft.server.log.statemachine.data.sync.timeout = 10s (default)
2019-06-13 15:26:18,860 INFO  server.RaftServerConfigKeys (ConfUtils.java:logGet(43)) - raft.server.log.statemachine.data.sync.timeout.retry = -1 (default)
2019-06-13 15:26:18,861 INFO  server.RaftServerConfigKeys (ConfUtils.java:logGet(43)) - raft.server.log.statemachine.data.caching.enabled = true (custom)
2019-06-13 15:26:18,862 INFO  server.RaftServerConfigKeys (ConfUtils.java:logGet(43)) - raft.server.snapshot.auto.trigger.enabled = true (custom)
2019-06-13 15:26:18,862 INFO  server.RaftServerConfigKeys (ConfUtils.java:logGet(43)) - raft.server.snapshot.auto.trigger.threshold = 10000 (custom)
2019-06-13 15:26:18,862 INFO  server.RaftServerConfigKeys (ConfUtils.java:logGet(43)) - raft.server.retrycache.expirytime = 600000ms (custom)
2019-06-13 15:26:18,862 INFO  impl.RaftServerImpl (RaftServerImpl.java:start(173)) - 0d293cb0-c790-458c-87df-25484dca7779: start group-8407FBC09068
2019-06-13 15:26:18,862 INFO  impl.RaftServerImpl (RaftServerImpl.java:setRole(164)) - 0d293cb0-c790-458c-87df-25484dca7779:group-8407FBC09068 changes role from null to FOLLOWER at term 0 for startAsFollower
2019-06-13 15:26:18,863 INFO  impl.RoleInfo (RoleInfo.java:updateAndGet(143)) - 0d293cb0-c790-458c-87df-25484dca7779: start FollowerState
2019-06-13 15:26:18,863 INFO  util.JmxRegister (JmxRegister.java:tryRegister(44)) - Successfully registered JMX Bean with object name Ratis:service=RaftServer,group=group-8407FBC09068,id=0d293cb0-c790-458c-87df-25484dca7779
2019-06-13 15:26:18,870 INFO  pipeline.PipelineStateManager (PipelineStateManager.java:addPipeline(56)) - Created pipeline Pipeline[ Id: eb416dac-5cde-403f-bc51-8407fbc09068, Nodes: 0d293cb0-c790-458c-87df-25484dca7779{ip: 192.168.134.103, host: ozone-ldwqp-4079303285, networkLocation: /default-rack, certSerialId: null}, Type:RATIS, Factor:ONE, State:OPEN]
2019-06-13 15:26:18,887 INFO  impl.RaftServerProxy (RaftServerProxy.java:addNew(89)) - 145a07bf-df5a-48cf-bad6-8eeb3b3d692e: addNew group-F1A1ED10A1A0:[145a07bf-df5a-48cf-bad6-8eeb3b3d692e:192.168.134.103:33981] returns group-F1A1ED10A1A0:java.util.concurrent.CompletableFuture@40ce8a12[Not completed]
2019-06-13 15:26:18,893 INFO  impl.RaftServerImpl (RaftServerImpl.java:<init>(91)) - 145a07bf-df5a-48cf-bad6-8eeb3b3d692e: new RaftServerImpl for group-F1A1ED10A1A0:[145a07bf-df5a-48cf-bad6-8eeb3b3d692e:192.168.134.103:33981] with ContainerStateMachine:uninitialized
2019-06-13 15:26:18,893 INFO  server.RaftServerConfigKeys (ConfUtils.java:logGet(43)) - raft.server.rpc.timeout.min = 1s (custom)
2019-06-13 15:26:18,893 INFO  server.RaftServerConfigKeys (ConfUtils.java:logGet(43)) - raft.server.rpc.timeout.max = 1200ms (custom)
2019-06-13 15:26:18,893 INFO  server.RaftServerConfigKeys (ConfUtils.java:logGet(43)) - raft.server.rpcslowness.timeout = 10s (custom)
2019-06-13 15:26:18,893 INFO  server.RaftServerConfigKeys (ConfUtils.java:logGet(43)) - raft.server.log.appender.install.snapshot.enabled = true (default)
2019-06-13 15:26:18,893 INFO  impl.RaftServerImpl (ServerState.java:<init>(101)) - 145a07bf-df5a-48cf-bad6-8eeb3b3d692e:group-F1A1ED10A1A0 ConfigurationManager, init=-1: [145a07bf-df5a-48cf-bad6-8eeb3b3d692e:192.168.134.103:33981], old=null, confs=<EMPTY_MAP>
2019-06-13 15:26:18,894 INFO  server.RaftServerConfigKeys (ConfUtils.java:logGet(43)) - raft.server.storage.dir = [/opt/src/hadoop-ozone/integration-test/target/test-dir/MiniOzoneClusterImpl-c8b688e8-2d8b-4941-90c1-f2edd0b5c8e4/datanode-2/data/ratis] (custom)
2019-06-13 15:26:18,894 INFO  storage.RaftStorageDirectory (RaftStorageDirectory.java:analyzeStorage(246)) - The storage directory /opt/src/hadoop-ozone/integration-test/target/test-dir/MiniOzoneClusterImpl-c8b688e8-2d8b-4941-90c1-f2edd0b5c8e4/datanode-2/data/ratis/4acb92d4-01d7-4f15-af2d-f1a1ed10a1a0 does not exist. Creating ...
2019-06-13 15:26:18,896 INFO  storage.RaftStorageDirectory (RaftStorageDirectory.java:tryLock(328)) - Lock on /opt/src/hadoop-ozone/integration-test/target/test-dir/MiniOzoneClusterImpl-c8b688e8-2d8b-4941-90c1-f2edd0b5c8e4/datanode-2/data/ratis/4acb92d4-01d7-4f15-af2d-f1a1ed10a1a0/in_use.lock acquired by nodename 8942@ozone-ldwqp-4079303285
2019-06-13 15:26:18,898 INFO  storage.RaftStorage (RaftStorage.java:format(75)) - Storage directory /opt/src/hadoop-ozone/integration-test/target/test-dir/MiniOzoneClusterImpl-c8b688e8-2d8b-4941-90c1-f2edd0b5c8e4/datanode-2/data/ratis/4acb92d4-01d7-4f15-af2d-f1a1ed10a1a0 has been successfully formatted.
2019-06-13 15:26:18,898 INFO  ratis.ContainerStateMachine (ContainerStateMachine.java:loadSnapshot(199)) - The snapshot info is null.Setting the last applied index to:(t:0, i:~)
2019-06-13 15:26:18,898 INFO  server.RaftServerConfigKeys (ConfUtils.java:logGet(43)) - raft.server.leader.election.timeout = 10s (custom)
2019-06-13 15:26:18,899 INFO  server.RaftServerConfigKeys (ConfUtils.java:logGet(43)) - raft.server.log.use.memory = false (default)
2019-06-13 15:26:18,899 INFO  server.RaftServerConfigKeys (ConfUtils.java:logGet(43)) - raft.server.log.appender.buffer.byte-limit = 33554432 (custom)
2019-06-13 15:26:18,899 INFO  server.RaftServerConfigKeys (ConfUtils.java:logGet(43)) - raft.server.log.segment.size.max = 16384 (custom)
2019-06-13 15:26:18,899 INFO  server.RaftServerConfigKeys (ConfUtils.java:logGet(43)) - raft.server.log.segment.cache.num.max = 2 (custom)
2019-06-13 15:26:18,899 INFO  storage.RaftLogWorker (RaftLogWorker.java:<init>(123)) - new 145a07bf-df5a-48cf-bad6-8eeb3b3d692e-RaftLogWorker for Storage Directory /opt/src/hadoop-ozone/integration-test/target/test-dir/MiniOzoneClusterImpl-c8b688e8-2d8b-4941-90c1-f2edd0b5c8e4/datanode-2/data/ratis/4acb92d4-01d7-4f15-af2d-f1a1ed10a1a0
2019-06-13 15:26:18,899 INFO  server.RaftServerConfigKeys (ConfUtils.java:logGet(43)) - raft.server.log.queue.byte-limit = 2147483647 (custom)
2019-06-13 15:26:18,899 INFO  server.RaftServerConfigKeys (ConfUtils.java:logGet(43)) - raft.server.log.queue.element-limit = 1024 (custom)
2019-06-13 15:26:18,899 INFO  server.RaftServerConfigKeys (ConfUtils.java:logGet(43)) - raft.server.log.segment.size.max = 16384 (custom)
2019-06-13 15:26:18,899 INFO  server.RaftServerConfigKeys (ConfUtils.java:logGet(43)) - raft.server.log.preallocated.size = 16384 (custom)
2019-06-13 15:26:18,899 INFO  server.RaftServerConfigKeys (ConfUtils.java:logGet(43)) - raft.server.log.write.buffer.size = 33554432 (custom)
2019-06-13 15:26:18,899 INFO  server.RaftServerConfigKeys (ConfUtils.java:logGet(43)) - raft.server.log.force.sync.num = 128 (default)
2019-06-13 15:26:18,900 INFO  server.RaftServerConfigKeys (ConfUtils.java:logGet(43)) - raft.server.log.statemachine.data.sync = true (default)
2019-06-13 15:26:18,900 INFO  server.RaftServerConfigKeys (ConfUtils.java:logGet(43)) - raft.server.log.statemachine.data.sync.timeout = 10s (default)
2019-06-13 15:26:18,900 INFO  server.RaftServerConfigKeys (ConfUtils.java:logGet(43)) - raft.server.log.statemachine.data.sync.timeout.retry = -1 (default)
2019-06-13 15:26:18,900 INFO  server.RaftServerConfigKeys (ConfUtils.java:logGet(43)) - raft.server.log.statemachine.data.caching.enabled = true (custom)
2019-06-13 15:26:18,905 INFO  server.RaftServerConfigKeys (ConfUtils.java:logGet(43)) - raft.server.snapshot.auto.trigger.enabled = true (custom)
2019-06-13 15:26:18,906 INFO  server.RaftServerConfigKeys (ConfUtils.java:logGet(43)) - raft.server.snapshot.auto.trigger.threshold = 10000 (custom)
2019-06-13 15:26:18,906 INFO  server.RaftServerConfigKeys (ConfUtils.java:logGet(43)) - raft.server.retrycache.expirytime = 600000ms (custom)
2019-06-13 15:26:18,906 INFO  impl.RaftServerImpl (RaftServerImpl.java:start(173)) - 145a07bf-df5a-48cf-bad6-8eeb3b3d692e: start group-F1A1ED10A1A0
2019-06-13 15:26:18,906 INFO  impl.RaftServerImpl (RaftServerImpl.java:setRole(164)) - 145a07bf-df5a-48cf-bad6-8eeb3b3d692e:group-F1A1ED10A1A0 changes role from null to FOLLOWER at term 0 for startAsFollower
2019-06-13 15:26:18,906 INFO  impl.RoleInfo (RoleInfo.java:updateAndGet(143)) - 145a07bf-df5a-48cf-bad6-8eeb3b3d692e: start FollowerState
2019-06-13 15:26:18,907 INFO  util.JmxRegister (JmxRegister.java:tryRegister(44)) - Successfully registered JMX Bean with object name Ratis:service=RaftServer,group=group-F1A1ED10A1A0,id=145a07bf-df5a-48cf-bad6-8eeb3b3d692e
2019-06-13 15:26:18,912 INFO  pipeline.PipelineStateManager (PipelineStateManager.java:addPipeline(56)) - Created pipeline Pipeline[ Id: 4acb92d4-01d7-4f15-af2d-f1a1ed10a1a0, Nodes: 145a07bf-df5a-48cf-bad6-8eeb3b3d692e{ip: 192.168.134.103, host: ozone-ldwqp-4079303285, networkLocation: /default-rack, certSerialId: null}, Type:RATIS, Factor:ONE, State:OPEN]
2019-06-13 15:26:18,958 INFO  impl.RaftServerProxy (RaftServerProxy.java:addNew(89)) - 0d293cb0-c790-458c-87df-25484dca7779: addNew group-DB40CF9724C7:[0d293cb0-c790-458c-87df-25484dca7779:192.168.134.103:46765, 4abd64ab-b749-4ff5-a45f-6c016e71b91d:192.168.134.103:38785, de5c6366-e33b-4adf-87a7-74d5d1a30f79:192.168.134.103:37275] returns group-DB40CF9724C7:java.util.concurrent.CompletableFuture@20fb28c3[Not completed]
2019-06-13 15:26:18,959 INFO  impl.RaftServerImpl (RaftServerImpl.java:<init>(91)) - 0d293cb0-c790-458c-87df-25484dca7779: new RaftServerImpl for group-DB40CF9724C7:[0d293cb0-c790-458c-87df-25484dca7779:192.168.134.103:46765, 4abd64ab-b749-4ff5-a45f-6c016e71b91d:192.168.134.103:38785, de5c6366-e33b-4adf-87a7-74d5d1a30f79:192.168.134.103:37275] with ContainerStateMachine:uninitialized
2019-06-13 15:26:18,959 INFO  server.RaftServerConfigKeys (ConfUtils.java:logGet(43)) - raft.server.rpc.timeout.min = 1s (custom)
2019-06-13 15:26:18,959 INFO  server.RaftServerConfigKeys (ConfUtils.java:logGet(43)) - raft.server.rpc.timeout.max = 1200ms (custom)
2019-06-13 15:26:18,959 INFO  server.RaftServerConfigKeys (ConfUtils.java:logGet(43)) - raft.server.rpcslowness.timeout = 10s (custom)
2019-06-13 15:26:18,959 INFO  server.RaftServerConfigKeys (ConfUtils.java:logGet(43)) - raft.server.log.appender.install.snapshot.enabled = true (default)
2019-06-13 15:26:18,959 INFO  impl.RaftServerImpl (ServerState.java:<init>(101)) - 0d293cb0-c790-458c-87df-25484dca7779:group-DB40CF9724C7 ConfigurationManager, init=-1: [0d293cb0-c790-458c-87df-25484dca7779:192.168.134.103:46765, 4abd64ab-b749-4ff5-a45f-6c016e71b91d:192.168.134.103:38785, de5c6366-e33b-4adf-87a7-74d5d1a30f79:192.168.134.103:37275], old=null, confs=<EMPTY_MAP>
2019-06-13 15:26:18,959 INFO  server.RaftServerConfigKeys (ConfUtils.java:logGet(43)) - raft.server.storage.dir = [/opt/src/hadoop-ozone/integration-test/target/test-dir/MiniOzoneClusterImpl-c8b688e8-2d8b-4941-90c1-f2edd0b5c8e4/datanode-4/data/ratis] (custom)
2019-06-13 15:26:18,959 INFO  storage.RaftStorageDirectory (RaftStorageDirectory.java:analyzeStorage(246)) - The storage directory /opt/src/hadoop-ozone/integration-test/target/test-dir/MiniOzoneClusterImpl-c8b688e8-2d8b-4941-90c1-f2edd0b5c8e4/datanode-4/data/ratis/7678cfb6-96d4-44d9-ba8b-db40cf9724c7 does not exist. Creating ...
2019-06-13 15:26:18,962 INFO  storage.RaftStorageDirectory (RaftStorageDirectory.java:tryLock(328)) - Lock on /opt/src/hadoop-ozone/integration-test/target/test-dir/MiniOzoneClusterImpl-c8b688e8-2d8b-4941-90c1-f2edd0b5c8e4/datanode-4/data/ratis/7678cfb6-96d4-44d9-ba8b-db40cf9724c7/in_use.lock acquired by nodename 8942@ozone-ldwqp-4079303285
2019-06-13 15:26:18,962 INFO  impl.RaftServerProxy (RaftServerProxy.java:addNew(89)) - 4abd64ab-b749-4ff5-a45f-6c016e71b91d: addNew group-DB40CF9724C7:[0d293cb0-c790-458c-87df-25484dca7779:192.168.134.103:46765, 4abd64ab-b749-4ff5-a45f-6c016e71b91d:192.168.134.103:38785, de5c6366-e33b-4adf-87a7-74d5d1a30f79:192.168.134.103:37275] returns group-DB40CF9724C7:java.util.concurrent.CompletableFuture@24c4b804[Not completed]
2019-06-13 15:26:18,963 INFO  impl.RaftServerImpl (RaftServerImpl.java:<init>(91)) - 4abd64ab-b749-4ff5-a45f-6c016e71b91d: new RaftServerImpl for group-DB40CF9724C7:[0d293cb0-c790-458c-87df-25484dca7779:192.168.134.103:46765, 4abd64ab-b749-4ff5-a45f-6c016e71b91d:192.168.134.103:38785, de5c6366-e33b-4adf-87a7-74d5d1a30f79:192.168.134.103:37275] with ContainerStateMachine:uninitialized
2019-06-13 15:26:18,963 INFO  server.RaftServerConfigKeys (ConfUtils.java:logGet(43)) - raft.server.rpc.timeout.min = 1s (custom)
2019-06-13 15:26:18,963 INFO  server.RaftServerConfigKeys (ConfUtils.java:logGet(43)) - raft.server.rpc.timeout.max = 1200ms (custom)
2019-06-13 15:26:18,963 INFO  server.RaftServerConfigKeys (ConfUtils.java:logGet(43)) - raft.server.rpcslowness.timeout = 10s (custom)
2019-06-13 15:26:18,963 INFO  server.RaftServerConfigKeys (ConfUtils.java:logGet(43)) - raft.server.log.appender.install.snapshot.enabled = true (default)
2019-06-13 15:26:18,963 INFO  impl.RaftServerImpl (ServerState.java:<init>(101)) - 4abd64ab-b749-4ff5-a45f-6c016e71b91d:group-DB40CF9724C7 ConfigurationManager, init=-1: [0d293cb0-c790-458c-87df-25484dca7779:192.168.134.103:46765, 4abd64ab-b749-4ff5-a45f-6c016e71b91d:192.168.134.103:38785, de5c6366-e33b-4adf-87a7-74d5d1a30f79:192.168.134.103:37275], old=null, confs=<EMPTY_MAP>
2019-06-13 15:26:18,963 INFO  server.RaftServerConfigKeys (ConfUtils.java:logGet(43)) - raft.server.storage.dir = [/opt/src/hadoop-ozone/integration-test/target/test-dir/MiniOzoneClusterImpl-c8b688e8-2d8b-4941-90c1-f2edd0b5c8e4/datanode-0/data/ratis] (custom)
2019-06-13 15:26:18,964 INFO  storage.RaftStorageDirectory (RaftStorageDirectory.java:analyzeStorage(246)) - The storage directory /opt/src/hadoop-ozone/integration-test/target/test-dir/MiniOzoneClusterImpl-c8b688e8-2d8b-4941-90c1-f2edd0b5c8e4/datanode-0/data/ratis/7678cfb6-96d4-44d9-ba8b-db40cf9724c7 does not exist. Creating ...
2019-06-13 15:26:18,965 INFO  impl.RaftServerProxy (RaftServerProxy.java:addNew(89)) - de5c6366-e33b-4adf-87a7-74d5d1a30f79: addNew group-DB40CF9724C7:[0d293cb0-c790-458c-87df-25484dca7779:192.168.134.103:46765, 4abd64ab-b749-4ff5-a45f-6c016e71b91d:192.168.134.103:38785, de5c6366-e33b-4adf-87a7-74d5d1a30f79:192.168.134.103:37275] returns group-DB40CF9724C7:java.util.concurrent.CompletableFuture@61c622f8[Not completed]
2019-06-13 15:26:18,966 INFO  impl.RaftServerImpl (RaftServerImpl.java:<init>(91)) - de5c6366-e33b-4adf-87a7-74d5d1a30f79: new RaftServerImpl for group-DB40CF9724C7:[0d293cb0-c790-458c-87df-25484dca7779:192.168.134.103:46765, 4abd64ab-b749-4ff5-a45f-6c016e71b91d:192.168.134.103:38785, de5c6366-e33b-4adf-87a7-74d5d1a30f79:192.168.134.103:37275] with ContainerStateMachine:uninitialized
2019-06-13 15:26:18,966 INFO  server.RaftServerConfigKeys (ConfUtils.java:logGet(43)) - raft.server.rpc.timeout.min = 1s (custom)
2019-06-13 15:26:18,966 INFO  storage.RaftStorageDirectory (RaftStorageDirectory.java:tryLock(328)) - Lock on /opt/src/hadoop-ozone/integration-test/target/test-dir/MiniOzoneClusterImpl-c8b688e8-2d8b-4941-90c1-f2edd0b5c8e4/datanode-0/data/ratis/7678cfb6-96d4-44d9-ba8b-db40cf9724c7/in_use.lock acquired by nodename 8942@ozone-ldwqp-4079303285
2019-06-13 15:26:18,966 INFO  server.RaftServerConfigKeys (ConfUtils.java:logGet(43)) - raft.server.rpc.timeout.max = 1200ms (custom)
2019-06-13 15:26:18,966 INFO  server.RaftServerConfigKeys (ConfUtils.java:logGet(43)) - raft.server.rpcslowness.timeout = 10s (custom)
2019-06-13 15:26:18,966 INFO  server.RaftServerConfigKeys (ConfUtils.java:logGet(43)) - raft.server.log.appender.install.snapshot.enabled = true (default)
2019-06-13 15:26:18,966 INFO  impl.RaftServerImpl (ServerState.java:<init>(101)) - de5c6366-e33b-4adf-87a7-74d5d1a30f79:group-DB40CF9724C7 ConfigurationManager, init=-1: [0d293cb0-c790-458c-87df-25484dca7779:192.168.134.103:46765, 4abd64ab-b749-4ff5-a45f-6c016e71b91d:192.168.134.103:38785, de5c6366-e33b-4adf-87a7-74d5d1a30f79:192.168.134.103:37275], old=null, confs=<EMPTY_MAP>
2019-06-13 15:26:18,966 INFO  storage.RaftStorage (RaftStorage.java:format(75)) - Storage directory /opt/src/hadoop-ozone/integration-test/target/test-dir/MiniOzoneClusterImpl-c8b688e8-2d8b-4941-90c1-f2edd0b5c8e4/datanode-4/data/ratis/7678cfb6-96d4-44d9-ba8b-db40cf9724c7 has been successfully formatted.
2019-06-13 15:26:18,967 INFO  server.RaftServerConfigKeys (ConfUtils.java:logGet(43)) - raft.server.storage.dir = [/opt/src/hadoop-ozone/integration-test/target/test-dir/MiniOzoneClusterImpl-c8b688e8-2d8b-4941-90c1-f2edd0b5c8e4/datanode-1/data/ratis] (custom)
2019-06-13 15:26:18,967 INFO  ratis.ContainerStateMachine (ContainerStateMachine.java:loadSnapshot(199)) - The snapshot info is null.Setting the last applied index to:(t:0, i:~)
2019-06-13 15:26:18,967 INFO  storage.RaftStorageDirectory (RaftStorageDirectory.java:analyzeStorage(246)) - The storage directory /opt/src/hadoop-ozone/integration-test/target/test-dir/MiniOzoneClusterImpl-c8b688e8-2d8b-4941-90c1-f2edd0b5c8e4/datanode-1/data/ratis/7678cfb6-96d4-44d9-ba8b-db40cf9724c7 does not exist. Creating ...
2019-06-13 15:26:18,967 INFO  server.RaftServerConfigKeys (ConfUtils.java:logGet(43)) - raft.server.leader.election.timeout = 10s (custom)
2019-06-13 15:26:18,967 INFO  server.RaftServerConfigKeys (ConfUtils.java:logGet(43)) - raft.server.log.use.memory = false (default)
2019-06-13 15:26:18,967 INFO  server.RaftServerConfigKeys (ConfUtils.java:logGet(43)) - raft.server.log.appender.buffer.byte-limit = 33554432 (custom)
2019-06-13 15:26:18,967 INFO  server.RaftServerConfigKeys (ConfUtils.java:logGet(43)) - raft.server.log.segment.size.max = 16384 (custom)
2019-06-13 15:26:18,967 INFO  server.RaftServerConfigKeys (ConfUtils.java:logGet(43)) - raft.server.log.segment.cache.num.max = 2 (custom)
2019-06-13 15:26:18,968 INFO  storage.RaftLogWorker (RaftLogWorker.java:<init>(123)) - new 0d293cb0-c790-458c-87df-25484dca7779-RaftLogWorker for Storage Directory /opt/src/hadoop-ozone/integration-test/target/test-dir/MiniOzoneClusterImpl-c8b688e8-2d8b-4941-90c1-f2edd0b5c8e4/datanode-4/data/ratis/7678cfb6-96d4-44d9-ba8b-db40cf9724c7
2019-06-13 15:26:18,968 INFO  server.RaftServerConfigKeys (ConfUtils.java:logGet(43)) - raft.server.log.queue.byte-limit = 2147483647 (custom)
2019-06-13 15:26:18,968 INFO  server.RaftServerConfigKeys (ConfUtils.java:logGet(43)) - raft.server.log.queue.element-limit = 1024 (custom)
2019-06-13 15:26:18,968 INFO  server.RaftServerConfigKeys (ConfUtils.java:logGet(43)) - raft.server.log.segment.size.max = 16384 (custom)
2019-06-13 15:26:18,968 INFO  server.RaftServerConfigKeys (ConfUtils.java:logGet(43)) - raft.server.log.preallocated.size = 16384 (custom)
2019-06-13 15:26:18,968 INFO  server.RaftServerConfigKeys (ConfUtils.java:logGet(43)) - raft.server.log.write.buffer.size = 33554432 (custom)
2019-06-13 15:26:18,968 INFO  server.RaftServerConfigKeys (ConfUtils.java:logGet(43)) - raft.server.log.force.sync.num = 128 (default)
2019-06-13 15:26:18,968 INFO  storage.RaftStorage (RaftStorage.java:format(75)) - Storage directory /opt/src/hadoop-ozone/integration-test/target/test-dir/MiniOzoneClusterImpl-c8b688e8-2d8b-4941-90c1-f2edd0b5c8e4/datanode-0/data/ratis/7678cfb6-96d4-44d9-ba8b-db40cf9724c7 has been successfully formatted.
2019-06-13 15:26:18,968 INFO  server.RaftServerConfigKeys (ConfUtils.java:logGet(43)) - raft.server.log.statemachine.data.sync = true (default)
2019-06-13 15:26:18,969 INFO  server.RaftServerConfigKeys (ConfUtils.java:logGet(43)) - raft.server.log.statemachine.data.sync.timeout = 10s (default)
2019-06-13 15:26:18,969 INFO  server.RaftServerConfigKeys (ConfUtils.java:logGet(43)) - raft.server.log.statemachine.data.sync.timeout.retry = -1 (default)
2019-06-13 15:26:18,969 INFO  server.RaftServerConfigKeys (ConfUtils.java:logGet(43)) - raft.server.log.statemachine.data.caching.enabled = true (custom)
2019-06-13 15:26:18,968 INFO  ratis.ContainerStateMachine (ContainerStateMachine.java:loadSnapshot(199)) - The snapshot info is null.Setting the last applied index to:(t:0, i:~)
2019-06-13 15:26:18,969 INFO  server.RaftServerConfigKeys (ConfUtils.java:logGet(43)) - raft.server.leader.election.timeout = 10s (custom)
2019-06-13 15:26:18,969 INFO  server.RaftServerConfigKeys (ConfUtils.java:logGet(43)) - raft.server.log.use.memory = false (default)
2019-06-13 15:26:18,969 INFO  server.RaftServerConfigKeys (ConfUtils.java:logGet(43)) - raft.server.log.appender.buffer.byte-limit = 33554432 (custom)
2019-06-13 15:26:18,969 INFO  server.RaftServerConfigKeys (ConfUtils.java:logGet(43)) - raft.server.log.segment.size.max = 16384 (custom)
2019-06-13 15:26:18,969 INFO  server.RaftServerConfigKeys (ConfUtils.java:logGet(43)) - raft.server.log.segment.cache.num.max = 2 (custom)
2019-06-13 15:26:18,969 INFO  storage.RaftLogWorker (RaftLogWorker.java:<init>(123)) - new 4abd64ab-b749-4ff5-a45f-6c016e71b91d-RaftLogWorker for Storage Directory /opt/src/hadoop-ozone/integration-test/target/test-dir/MiniOzoneClusterImpl-c8b688e8-2d8b-4941-90c1-f2edd0b5c8e4/datanode-0/data/ratis/7678cfb6-96d4-44d9-ba8b-db40cf9724c7
2019-06-13 15:26:18,970 INFO  server.RaftServerConfigKeys (ConfUtils.java:logGet(43)) - raft.server.log.queue.byte-limit = 2147483647 (custom)
2019-06-13 15:26:18,970 INFO  server.RaftServerConfigKeys (ConfUtils.java:logGet(43)) - raft.server.log.queue.element-limit = 1024 (custom)
2019-06-13 15:26:18,970 INFO  server.RaftServerConfigKeys (ConfUtils.java:logGet(43)) - raft.server.log.segment.size.max = 16384 (custom)
2019-06-13 15:26:18,970 INFO  server.RaftServerConfigKeys (ConfUtils.java:logGet(43)) - raft.server.log.preallocated.size = 16384 (custom)
2019-06-13 15:26:18,970 INFO  server.RaftServerConfigKeys (ConfUtils.java:logGet(43)) - raft.server.log.write.buffer.size = 33554432 (custom)
2019-06-13 15:26:18,970 INFO  server.RaftServerConfigKeys (ConfUtils.java:logGet(43)) - raft.server.log.force.sync.num = 128 (default)
2019-06-13 15:26:18,970 INFO  server.RaftServerConfigKeys (ConfUtils.java:logGet(43)) - raft.server.log.statemachine.data.sync = true (default)
2019-06-13 15:26:18,970 INFO  server.RaftServerConfigKeys (ConfUtils.java:logGet(43)) - raft.server.log.statemachine.data.sync.timeout = 10s (default)
2019-06-13 15:26:18,970 INFO  server.RaftServerConfigKeys (ConfUtils.java:logGet(43)) - raft.server.log.statemachine.data.sync.timeout.retry = -1 (default)
2019-06-13 15:26:18,971 INFO  server.RaftServerConfigKeys (ConfUtils.java:logGet(43)) - raft.server.log.statemachine.data.caching.enabled = true (custom)
2019-06-13 15:26:18,970 INFO  server.RaftServerConfigKeys (ConfUtils.java:logGet(43)) - raft.server.snapshot.auto.trigger.enabled = true (custom)
2019-06-13 15:26:18,971 INFO  server.RaftServerConfigKeys (ConfUtils.java:logGet(43)) - raft.server.snapshot.auto.trigger.threshold = 10000 (custom)
2019-06-13 15:26:18,973 INFO  storage.RaftStorageDirectory (RaftStorageDirectory.java:tryLock(328)) - Lock on /opt/src/hadoop-ozone/integration-test/target/test-dir/MiniOzoneClusterImpl-c8b688e8-2d8b-4941-90c1-f2edd0b5c8e4/datanode-1/data/ratis/7678cfb6-96d4-44d9-ba8b-db40cf9724c7/in_use.lock acquired by nodename 8942@ozone-ldwqp-4079303285
2019-06-13 15:26:18,974 INFO  server.RaftServerConfigKeys (ConfUtils.java:logGet(43)) - raft.server.snapshot.auto.trigger.enabled = true (custom)
2019-06-13 15:26:18,974 INFO  server.RaftServerConfigKeys (ConfUtils.java:logGet(43)) - raft.server.retrycache.expirytime = 600000ms (custom)
2019-06-13 15:26:18,974 INFO  server.RaftServerConfigKeys (ConfUtils.java:logGet(43)) - raft.server.snapshot.auto.trigger.threshold = 10000 (custom)
2019-06-13 15:26:18,974 INFO  impl.RaftServerImpl (RaftServerImpl.java:start(173)) - 0d293cb0-c790-458c-87df-25484dca7779: start group-DB40CF9724C7
2019-06-13 15:26:18,974 INFO  server.RaftServerConfigKeys (ConfUtils.java:logGet(43)) - raft.server.retrycache.expirytime = 600000ms (custom)
2019-06-13 15:26:18,974 INFO  impl.RaftServerImpl (RaftServerImpl.java:setRole(164)) - 0d293cb0-c790-458c-87df-25484dca7779:group-DB40CF9724C7 changes role from null to FOLLOWER at term 0 for startAsFollower
2019-06-13 15:26:18,974 INFO  impl.RaftServerImpl (RaftServerImpl.java:start(173)) - 4abd64ab-b749-4ff5-a45f-6c016e71b91d: start group-DB40CF9724C7
2019-06-13 15:26:18,974 INFO  impl.RoleInfo (RoleInfo.java:updateAndGet(143)) - 0d293cb0-c790-458c-87df-25484dca7779: start FollowerState
2019-06-13 15:26:18,975 INFO  impl.RaftServerImpl (RaftServerImpl.java:setRole(164)) - 4abd64ab-b749-4ff5-a45f-6c016e71b91d:group-DB40CF9724C7 changes role from null to FOLLOWER at term 0 for startAsFollower
2019-06-13 15:26:18,975 INFO  impl.RoleInfo (RoleInfo.java:updateAndGet(143)) - 4abd64ab-b749-4ff5-a45f-6c016e71b91d: start FollowerState
2019-06-13 15:26:18,975 INFO  util.JmxRegister (JmxRegister.java:tryRegister(44)) - Successfully registered JMX Bean with object name Ratis:service=RaftServer,group=group-DB40CF9724C7,id=0d293cb0-c790-458c-87df-25484dca7779
2019-06-13 15:26:18,975 INFO  storage.RaftStorage (RaftStorage.java:format(75)) - Storage directory /opt/src/hadoop-ozone/integration-test/target/test-dir/MiniOzoneClusterImpl-c8b688e8-2d8b-4941-90c1-f2edd0b5c8e4/datanode-1/data/ratis/7678cfb6-96d4-44d9-ba8b-db40cf9724c7 has been successfully formatted.
2019-06-13 15:26:18,975 INFO  ratis.ContainerStateMachine (ContainerStateMachine.java:loadSnapshot(199)) - The snapshot info is null.Setting the last applied index to:(t:0, i:~)
2019-06-13 15:26:18,975 INFO  server.RaftServerConfigKeys (ConfUtils.java:logGet(43)) - raft.server.leader.election.timeout = 10s (custom)
2019-06-13 15:26:18,975 INFO  server.RaftServerConfigKeys (ConfUtils.java:logGet(43)) - raft.server.log.use.memory = false (default)
2019-06-13 15:26:18,975 INFO  server.RaftServerConfigKeys (ConfUtils.java:logGet(43)) - raft.server.log.appender.buffer.byte-limit = 33554432 (custom)
2019-06-13 15:26:18,976 INFO  server.RaftServerConfigKeys (ConfUtils.java:logGet(43)) - raft.server.log.segment.size.max = 16384 (custom)
2019-06-13 15:26:18,976 INFO  server.RaftServerConfigKeys (ConfUtils.java:logGet(43)) - raft.server.log.segment.cache.num.max = 2 (custom)
2019-06-13 15:26:18,976 INFO  storage.RaftLogWorker (RaftLogWorker.java:<init>(123)) - new de5c6366-e33b-4adf-87a7-74d5d1a30f79-RaftLogWorker for Storage Directory /opt/src/hadoop-ozone/integration-test/target/test-dir/MiniOzoneClusterImpl-c8b688e8-2d8b-4941-90c1-f2edd0b5c8e4/datanode-1/data/ratis/7678cfb6-96d4-44d9-ba8b-db40cf9724c7
2019-06-13 15:26:18,976 INFO  server.RaftServerConfigKeys (ConfUtils.java:logGet(43)) - raft.server.log.queue.byte-limit = 2147483647 (custom)
2019-06-13 15:26:18,976 INFO  server.RaftServerConfigKeys (ConfUtils.java:logGet(43)) - raft.server.log.queue.element-limit = 1024 (custom)
2019-06-13 15:26:18,976 INFO  server.RaftServerConfigKeys (ConfUtils.java:logGet(43)) - raft.server.log.segment.size.max = 16384 (custom)
2019-06-13 15:26:18,976 INFO  server.RaftServerConfigKeys (ConfUtils.java:logGet(43)) - raft.server.log.preallocated.size = 16384 (custom)
2019-06-13 15:26:18,976 INFO  server.RaftServerConfigKeys (ConfUtils.java:logGet(43)) - raft.server.log.write.buffer.size = 33554432 (custom)
2019-06-13 15:26:18,976 INFO  server.RaftServerConfigKeys (ConfUtils.java:logGet(43)) - raft.server.log.force.sync.num = 128 (default)
2019-06-13 15:26:18,977 INFO  server.RaftServerConfigKeys (ConfUtils.java:logGet(43)) - raft.server.log.statemachine.data.sync = true (default)
2019-06-13 15:26:18,977 INFO  server.RaftServerConfigKeys (ConfUtils.java:logGet(43)) - raft.server.log.statemachine.data.sync.timeout = 10s (default)
2019-06-13 15:26:18,977 INFO  server.RaftServerConfigKeys (ConfUtils.java:logGet(43)) - raft.server.log.statemachine.data.sync.timeout.retry = -1 (default)
2019-06-13 15:26:18,975 INFO  util.JmxRegister (JmxRegister.java:tryRegister(44)) - Successfully registered JMX Bean with object name Ratis:service=RaftServer,group=group-DB40CF9724C7,id=4abd64ab-b749-4ff5-a45f-6c016e71b91d
2019-06-13 15:26:18,978 INFO  server.RaftServerConfigKeys (ConfUtils.java:logGet(43)) - raft.server.log.statemachine.data.caching.enabled = true (custom)
2019-06-13 15:26:18,978 INFO  server.RaftServerConfigKeys (ConfUtils.java:logGet(43)) - raft.server.snapshot.auto.trigger.enabled = true (custom)
2019-06-13 15:26:18,978 INFO  server.RaftServerConfigKeys (ConfUtils.java:logGet(43)) - raft.server.snapshot.auto.trigger.threshold = 10000 (custom)
2019-06-13 15:26:18,979 INFO  server.RaftServerConfigKeys (ConfUtils.java:logGet(43)) - raft.server.retrycache.expirytime = 600000ms (custom)
2019-06-13 15:26:18,979 INFO  impl.RaftServerImpl (RaftServerImpl.java:start(173)) - de5c6366-e33b-4adf-87a7-74d5d1a30f79: start group-DB40CF9724C7
2019-06-13 15:26:18,979 INFO  impl.RaftServerImpl (RaftServerImpl.java:setRole(164)) - de5c6366-e33b-4adf-87a7-74d5d1a30f79:group-DB40CF9724C7 changes role from null to FOLLOWER at term 0 for startAsFollower
2019-06-13 15:26:18,979 INFO  impl.RoleInfo (RoleInfo.java:updateAndGet(143)) - de5c6366-e33b-4adf-87a7-74d5d1a30f79: start FollowerState
2019-06-13 15:26:18,980 INFO  util.JmxRegister (JmxRegister.java:tryRegister(44)) - Successfully registered JMX Bean with object name Ratis:service=RaftServer,group=group-DB40CF9724C7,id=de5c6366-e33b-4adf-87a7-74d5d1a30f79
2019-06-13 15:26:19,009 INFO  ozone.MiniOzoneClusterImpl (MiniOzoneClusterImpl.java:lambda$waitForClusterToBeReady$0(142)) - Waiting for cluster to be ready. Got 5 of 6 DN Heartbeats.
2019-06-13 15:26:19,020 INFO  node.SCMNodeManager (SCMNodeManager.java:register(234)) - Registered Data node : 4750b8d4-c555-4242-ba3e-05a1774bc8e3{ip: 192.168.134.103, host: ozone-ldwqp-4079303285, networkLocation: /default-rack, certSerialId: null}
2019-06-13 15:26:19,021 INFO  pipeline.PipelineStateManager (PipelineStateManager.java:addPipeline(56)) - Created pipeline Pipeline[ Id: 7678cfb6-96d4-44d9-ba8b-db40cf9724c7, Nodes: 0d293cb0-c790-458c-87df-25484dca7779{ip: 192.168.134.103, host: ozone-ldwqp-4079303285, networkLocation: /default-rack, certSerialId: null}de5c6366-e33b-4adf-87a7-74d5d1a30f79{ip: 192.168.134.103, host: ozone-ldwqp-4079303285, networkLocation: /default-rack, certSerialId: null}4abd64ab-b749-4ff5-a45f-6c016e71b91d{ip: 192.168.134.103, host: ozone-ldwqp-4079303285, networkLocation: /default-rack, certSerialId: null}, Type:RATIS, Factor:THREE, State:OPEN]
2019-06-13 15:26:19,042 INFO  impl.RaftServerProxy (RaftServerProxy.java:addNew(89)) - b53112f0-a363-4af5-85c9-5f793ba2e29e: addNew group-FF7F3F4EABAD:[145a07bf-df5a-48cf-bad6-8eeb3b3d692e:192.168.134.103:33981, b53112f0-a363-4af5-85c9-5f793ba2e29e:192.168.134.103:45459, 4750b8d4-c555-4242-ba3e-05a1774bc8e3:192.168.134.103:37155] returns group-FF7F3F4EABAD:java.util.concurrent.CompletableFuture@47e29ad9[Not completed]
2019-06-13 15:26:19,043 INFO  impl.RaftServerImpl (RaftServerImpl.java:<init>(91)) - b53112f0-a363-4af5-85c9-5f793ba2e29e: new RaftServerImpl for group-FF7F3F4EABAD:[145a07bf-df5a-48cf-bad6-8eeb3b3d692e:192.168.134.103:33981, b53112f0-a363-4af5-85c9-5f793ba2e29e:192.168.134.103:45459, 4750b8d4-c555-4242-ba3e-05a1774bc8e3:192.168.134.103:37155] with ContainerStateMachine:uninitialized
2019-06-13 15:26:19,048 INFO  server.RaftServerConfigKeys (ConfUtils.java:logGet(43)) - raft.server.rpc.timeout.min = 1s (custom)
2019-06-13 15:26:19,048 INFO  server.RaftServerConfigKeys (ConfUtils.java:logGet(43)) - raft.server.rpc.timeout.max = 1200ms (custom)
2019-06-13 15:26:19,048 INFO  server.RaftServerConfigKeys (ConfUtils.java:logGet(43)) - raft.server.rpcslowness.timeout = 10s (custom)
2019-06-13 15:26:19,048 INFO  server.RaftServerConfigKeys (ConfUtils.java:logGet(43)) - raft.server.log.appender.install.snapshot.enabled = true (default)
2019-06-13 15:26:19,048 INFO  impl.RaftServerImpl (ServerState.java:<init>(101)) - b53112f0-a363-4af5-85c9-5f793ba2e29e:group-FF7F3F4EABAD ConfigurationManager, init=-1: [145a07bf-df5a-48cf-bad6-8eeb3b3d692e:192.168.134.103:33981, b53112f0-a363-4af5-85c9-5f793ba2e29e:192.168.134.103:45459, 4750b8d4-c555-4242-ba3e-05a1774bc8e3:192.168.134.103:37155], old=null, confs=<EMPTY_MAP>
2019-06-13 15:26:19,048 INFO  server.RaftServerConfigKeys (ConfUtils.java:logGet(43)) - raft.server.storage.dir = [/opt/src/hadoop-ozone/integration-test/target/test-dir/MiniOzoneClusterImpl-c8b688e8-2d8b-4941-90c1-f2edd0b5c8e4/datanode-3/data/ratis] (custom)
2019-06-13 15:26:19,049 INFO  storage.RaftStorageDirectory (RaftStorageDirectory.java:analyzeStorage(246)) - The storage directory /opt/src/hadoop-ozone/integration-test/target/test-dir/MiniOzoneClusterImpl-c8b688e8-2d8b-4941-90c1-f2edd0b5c8e4/datanode-3/data/ratis/997743c1-5474-461b-b45c-ff7f3f4eabad does not exist. Creating ...
2019-06-13 15:26:19,046 INFO  impl.RaftServerImpl (RaftServerImpl.java:<init>(91)) - 145a07bf-df5a-48cf-bad6-8eeb3b3d692e: new RaftServerImpl for group-FF7F3F4EABAD:[145a07bf-df5a-48cf-bad6-8eeb3b3d692e:192.168.134.103:33981, b53112f0-a363-4af5-85c9-5f793ba2e29e:192.168.134.103:45459, 4750b8d4-c555-4242-ba3e-05a1774bc8e3:192.168.134.103:37155] with ContainerStateMachine:uninitialized
2019-06-13 15:26:19,049 INFO  server.RaftServerConfigKeys (ConfUtils.java:logGet(43)) - raft.server.rpc.timeout.min = 1s (custom)
2019-06-13 15:26:19,049 INFO  server.RaftServerConfigKeys (ConfUtils.java:logGet(43)) - raft.server.rpc.timeout.max = 1200ms (custom)
2019-06-13 15:26:19,049 INFO  server.RaftServerConfigKeys (ConfUtils.java:logGet(43)) - raft.server.rpcslowness.timeout = 10s (custom)
2019-06-13 15:26:19,049 INFO  server.RaftServerConfigKeys (ConfUtils.java:logGet(43)) - raft.server.log.appender.install.snapshot.enabled = true (default)
2019-06-13 15:26:19,049 INFO  impl.RaftServerImpl (ServerState.java:<init>(101)) - 145a07bf-df5a-48cf-bad6-8eeb3b3d692e:group-FF7F3F4EABAD ConfigurationManager, init=-1: [145a07bf-df5a-48cf-bad6-8eeb3b3d692e:192.168.134.103:33981, b53112f0-a363-4af5-85c9-5f793ba2e29e:192.168.134.103:45459, 4750b8d4-c555-4242-ba3e-05a1774bc8e3:192.168.134.103:37155], old=null, confs=<EMPTY_MAP>
2019-06-13 15:26:19,050 INFO  server.RaftServerConfigKeys (ConfUtils.java:logGet(43)) - raft.server.storage.dir = [/opt/src/hadoop-ozone/integration-test/target/test-dir/MiniOzoneClusterImpl-c8b688e8-2d8b-4941-90c1-f2edd0b5c8e4/datanode-2/data/ratis] (custom)
2019-06-13 15:26:19,050 INFO  storage.RaftStorageDirectory (RaftStorageDirectory.java:analyzeStorage(246)) - The storage directory /opt/src/hadoop-ozone/integration-test/target/test-dir/MiniOzoneClusterImpl-c8b688e8-2d8b-4941-90c1-f2edd0b5c8e4/datanode-2/data/ratis/997743c1-5474-461b-b45c-ff7f3f4eabad does not exist. Creating ...
2019-06-13 15:26:19,046 INFO  impl.RaftServerProxy (RaftServerProxy.java:addNew(89)) - 145a07bf-df5a-48cf-bad6-8eeb3b3d692e: addNew group-FF7F3F4EABAD:[145a07bf-df5a-48cf-bad6-8eeb3b3d692e:192.168.134.103:33981, b53112f0-a363-4af5-85c9-5f793ba2e29e:192.168.134.103:45459, 4750b8d4-c555-4242-ba3e-05a1774bc8e3:192.168.134.103:37155] returns group-FF7F3F4EABAD:java.util.concurrent.CompletableFuture@506d6201[Not completed]
2019-06-13 15:26:19,052 INFO  storage.RaftStorageDirectory (RaftStorageDirectory.java:tryLock(328)) - Lock on /opt/src/hadoop-ozone/integration-test/target/test-dir/MiniOzoneClusterImpl-c8b688e8-2d8b-4941-90c1-f2edd0b5c8e4/datanode-3/data/ratis/997743c1-5474-461b-b45c-ff7f3f4eabad/in_use.lock acquired by nodename 8942@ozone-ldwqp-4079303285
2019-06-13 15:26:19,052 INFO  storage.RaftStorageDirectory (RaftStorageDirectory.java:tryLock(328)) - Lock on /opt/src/hadoop-ozone/integration-test/target/test-dir/MiniOzoneClusterImpl-c8b688e8-2d8b-4941-90c1-f2edd0b5c8e4/datanode-2/data/ratis/997743c1-5474-461b-b45c-ff7f3f4eabad/in_use.lock acquired by nodename 8942@ozone-ldwqp-4079303285
2019-06-13 15:26:19,054 INFO  impl.RaftServerProxy (RaftServerProxy.java:addNew(89)) - 4750b8d4-c555-4242-ba3e-05a1774bc8e3: addNew group-FF7F3F4EABAD:[145a07bf-df5a-48cf-bad6-8eeb3b3d692e:192.168.134.103:33981, b53112f0-a363-4af5-85c9-5f793ba2e29e:192.168.134.103:45459, 4750b8d4-c555-4242-ba3e-05a1774bc8e3:192.168.134.103:37155] returns group-FF7F3F4EABAD:java.util.concurrent.CompletableFuture@6df90e2[Not completed]
2019-06-13 15:26:19,054 INFO  storage.RaftStorage (RaftStorage.java:format(75)) - Storage directory /opt/src/hadoop-ozone/integration-test/target/test-dir/MiniOzoneClusterImpl-c8b688e8-2d8b-4941-90c1-f2edd0b5c8e4/datanode-3/data/ratis/997743c1-5474-461b-b45c-ff7f3f4eabad has been successfully formatted.
2019-06-13 15:26:19,054 INFO  storage.RaftStorage (RaftStorage.java:format(75)) - Storage directory /opt/src/hadoop-ozone/integration-test/target/test-dir/MiniOzoneClusterImpl-c8b688e8-2d8b-4941-90c1-f2edd0b5c8e4/datanode-2/data/ratis/997743c1-5474-461b-b45c-ff7f3f4eabad has been successfully formatted.
2019-06-13 15:26:19,054 INFO  ratis.ContainerStateMachine (ContainerStateMachine.java:loadSnapshot(199)) - The snapshot info is null.Setting the last applied index to:(t:0, i:~)
2019-06-13 15:26:19,055 INFO  ratis.ContainerStateMachine (ContainerStateMachine.java:loadSnapshot(199)) - The snapshot info is null.Setting the last applied index to:(t:0, i:~)
2019-06-13 15:26:19,055 INFO  server.RaftServerConfigKeys (ConfUtils.java:logGet(43)) - raft.server.leader.election.timeout = 10s (custom)
2019-06-13 15:26:19,055 INFO  server.RaftServerConfigKeys (ConfUtils.java:logGet(43)) - raft.server.log.use.memory = false (default)
2019-06-13 15:26:19,055 INFO  server.RaftServerConfigKeys (ConfUtils.java:logGet(43)) - raft.server.log.appender.buffer.byte-limit = 33554432 (custom)
2019-06-13 15:26:19,055 INFO  server.RaftServerConfigKeys (ConfUtils.java:logGet(43)) - raft.server.log.segment.size.max = 16384 (custom)
2019-06-13 15:26:19,055 INFO  server.RaftServerConfigKeys (ConfUtils.java:logGet(43)) - raft.server.log.segment.cache.num.max = 2 (custom)
2019-06-13 15:26:19,055 INFO  storage.RaftLogWorker (RaftLogWorker.java:<init>(123)) - new 145a07bf-df5a-48cf-bad6-8eeb3b3d692e-RaftLogWorker for Storage Directory /opt/src/hadoop-ozone/integration-test/target/test-dir/MiniOzoneClusterImpl-c8b688e8-2d8b-4941-90c1-f2edd0b5c8e4/datanode-2/data/ratis/997743c1-5474-461b-b45c-ff7f3f4eabad
2019-06-13 15:26:19,055 INFO  server.RaftServerConfigKeys (ConfUtils.java:logGet(43)) - raft.server.log.queue.byte-limit = 2147483647 (custom)
2019-06-13 15:26:19,056 INFO  server.RaftServerConfigKeys (ConfUtils.java:logGet(43)) - raft.server.log.queue.element-limit = 1024 (custom)
2019-06-13 15:26:19,056 INFO  server.RaftServerConfigKeys (ConfUtils.java:logGet(43)) - raft.server.log.segment.size.max = 16384 (custom)
2019-06-13 15:26:19,056 INFO  server.RaftServerConfigKeys (ConfUtils.java:logGet(43)) - raft.server.log.preallocated.size = 16384 (custom)
2019-06-13 15:26:19,056 INFO  server.RaftServerConfigKeys (ConfUtils.java:logGet(43)) - raft.server.log.write.buffer.size = 33554432 (custom)
2019-06-13 15:26:19,056 INFO  server.RaftServerConfigKeys (ConfUtils.java:logGet(43)) - raft.server.log.force.sync.num = 128 (default)
2019-06-13 15:26:19,056 INFO  server.RaftServerConfigKeys (ConfUtils.java:logGet(43)) - raft.server.log.statemachine.data.sync = true (default)
2019-06-13 15:26:19,056 INFO  server.RaftServerConfigKeys (ConfUtils.java:logGet(43)) - raft.server.log.statemachine.data.sync.timeout = 10s (default)
2019-06-13 15:26:19,056 INFO  server.RaftServerConfigKeys (ConfUtils.java:logGet(43)) - raft.server.log.statemachine.data.sync.timeout.retry = -1 (default)
2019-06-13 15:26:19,056 INFO  server.RaftServerConfigKeys (ConfUtils.java:logGet(43)) - raft.server.log.statemachine.data.caching.enabled = true (custom)
2019-06-13 15:26:19,054 INFO  impl.RaftServerImpl (RaftServerImpl.java:<init>(91)) - 4750b8d4-c555-4242-ba3e-05a1774bc8e3: new RaftServerImpl for group-FF7F3F4EABAD:[145a07bf-df5a-48cf-bad6-8eeb3b3d692e:192.168.134.103:33981, b53112f0-a363-4af5-85c9-5f793ba2e29e:192.168.134.103:45459, 4750b8d4-c555-4242-ba3e-05a1774bc8e3:192.168.134.103:37155] with ContainerStateMachine:uninitialized
2019-06-13 15:26:19,055 INFO  server.RaftServerConfigKeys (ConfUtils.java:logGet(43)) - raft.server.leader.election.timeout = 10s (custom)
2019-06-13 15:26:19,057 INFO  server.RaftServerConfigKeys (ConfUtils.java:logGet(43)) - raft.server.rpc.timeout.min = 1s (custom)
2019-06-13 15:26:19,057 INFO  server.RaftServerConfigKeys (ConfUtils.java:logGet(43)) - raft.server.log.use.memory = false (default)
2019-06-13 15:26:19,057 INFO  server.RaftServerConfigKeys (ConfUtils.java:logGet(43)) - raft.server.rpc.timeout.max = 1200ms (custom)
2019-06-13 15:26:19,057 INFO  server.RaftServerConfigKeys (ConfUtils.java:logGet(43)) - raft.server.log.appender.buffer.byte-limit = 33554432 (custom)
2019-06-13 15:26:19,058 INFO  server.RaftServerConfigKeys (ConfUtils.java:logGet(43)) - raft.server.log.segment.size.max = 16384 (custom)
2019-06-13 15:26:19,058 INFO  server.RaftServerConfigKeys (ConfUtils.java:logGet(43)) - raft.server.log.segment.cache.num.max = 2 (custom)
2019-06-13 15:26:19,058 INFO  storage.RaftLogWorker (RaftLogWorker.java:<init>(123)) - new b53112f0-a363-4af5-85c9-5f793ba2e29e-RaftLogWorker for Storage Directory /opt/src/hadoop-ozone/integration-test/target/test-dir/MiniOzoneClusterImpl-c8b688e8-2d8b-4941-90c1-f2edd0b5c8e4/datanode-3/data/ratis/997743c1-5474-461b-b45c-ff7f3f4eabad
2019-06-13 15:26:19,058 INFO  server.RaftServerConfigKeys (ConfUtils.java:logGet(43)) - raft.server.log.queue.byte-limit = 2147483647 (custom)
2019-06-13 15:26:19,058 INFO  server.RaftServerConfigKeys (ConfUtils.java:logGet(43)) - raft.server.log.queue.element-limit = 1024 (custom)
2019-06-13 15:26:19,058 INFO  server.RaftServerConfigKeys (ConfUtils.java:logGet(43)) - raft.server.log.segment.size.max = 16384 (custom)
2019-06-13 15:26:19,058 INFO  server.RaftServerConfigKeys (ConfUtils.java:logGet(43)) - raft.server.log.preallocated.size = 16384 (custom)
2019-06-13 15:26:19,058 INFO  server.RaftServerConfigKeys (ConfUtils.java:logGet(43)) - raft.server.log.write.buffer.size = 33554432 (custom)
2019-06-13 15:26:19,058 INFO  server.RaftServerConfigKeys (ConfUtils.java:logGet(43)) - raft.server.log.force.sync.num = 128 (default)
2019-06-13 15:26:19,059 INFO  server.RaftServerConfigKeys (ConfUtils.java:logGet(43)) - raft.server.log.statemachine.data.sync = true (default)
2019-06-13 15:26:19,059 INFO  server.RaftServerConfigKeys (ConfUtils.java:logGet(43)) - raft.server.log.statemachine.data.sync.timeout = 10s (default)
2019-06-13 15:26:19,059 INFO  server.RaftServerConfigKeys (ConfUtils.java:logGet(43)) - raft.server.log.statemachine.data.sync.timeout.retry = -1 (default)
2019-06-13 15:26:19,059 INFO  server.RaftServerConfigKeys (ConfUtils.java:logGet(43)) - raft.server.rpcslowness.timeout = 10s (custom)
2019-06-13 15:26:19,059 INFO  server.RaftServerConfigKeys (ConfUtils.java:logGet(43)) - raft.server.log.appender.install.snapshot.enabled = true (default)
2019-06-13 15:26:19,059 INFO  impl.RaftServerImpl (ServerState.java:<init>(101)) - 4750b8d4-c555-4242-ba3e-05a1774bc8e3:group-FF7F3F4EABAD ConfigurationManager, init=-1: [145a07bf-df5a-48cf-bad6-8eeb3b3d692e:192.168.134.103:33981, b53112f0-a363-4af5-85c9-5f793ba2e29e:192.168.134.103:45459, 4750b8d4-c555-4242-ba3e-05a1774bc8e3:192.168.134.103:37155], old=null, confs=<EMPTY_MAP>
2019-06-13 15:26:19,059 INFO  server.RaftServerConfigKeys (ConfUtils.java:logGet(43)) - raft.server.storage.dir = [/opt/src/hadoop-ozone/integration-test/target/test-dir/MiniOzoneClusterImpl-c8b688e8-2d8b-4941-90c1-f2edd0b5c8e4/datanode-5/data/ratis] (custom)
2019-06-13 15:26:19,060 INFO  storage.RaftStorageDirectory (RaftStorageDirectory.java:analyzeStorage(246)) - The storage directory /opt/src/hadoop-ozone/integration-test/target/test-dir/MiniOzoneClusterImpl-c8b688e8-2d8b-4941-90c1-f2edd0b5c8e4/datanode-5/data/ratis/997743c1-5474-461b-b45c-ff7f3f4eabad does not exist. Creating ...
2019-06-13 15:26:19,062 INFO  server.RaftServerConfigKeys (ConfUtils.java:logGet(43)) - raft.server.log.statemachine.data.caching.enabled = true (custom)
2019-06-13 15:26:19,062 INFO  storage.RaftStorageDirectory (RaftStorageDirectory.java:tryLock(328)) - Lock on /opt/src/hadoop-ozone/integration-test/target/test-dir/MiniOzoneClusterImpl-c8b688e8-2d8b-4941-90c1-f2edd0b5c8e4/datanode-5/data/ratis/997743c1-5474-461b-b45c-ff7f3f4eabad/in_use.lock acquired by nodename 8942@ozone-ldwqp-4079303285
2019-06-13 15:26:19,062 INFO  server.RaftServerConfigKeys (ConfUtils.java:logGet(43)) - raft.server.snapshot.auto.trigger.enabled = true (custom)
2019-06-13 15:26:19,062 INFO  server.RaftServerConfigKeys (ConfUtils.java:logGet(43)) - raft.server.snapshot.auto.trigger.threshold = 10000 (custom)
2019-06-13 15:26:19,064 INFO  storage.RaftStorage (RaftStorage.java:format(75)) - Storage directory /opt/src/hadoop-ozone/integration-test/target/test-dir/MiniOzoneClusterImpl-c8b688e8-2d8b-4941-90c1-f2edd0b5c8e4/datanode-5/data/ratis/997743c1-5474-461b-b45c-ff7f3f4eabad has been successfully formatted.
2019-06-13 15:26:19,065 INFO  ratis.ContainerStateMachine (ContainerStateMachine.java:loadSnapshot(199)) - The snapshot info is null.Setting the last applied index to:(t:0, i:~)
2019-06-13 15:26:19,065 INFO  server.RaftServerConfigKeys (ConfUtils.java:logGet(43)) - raft.server.leader.election.timeout = 10s (custom)
2019-06-13 15:26:19,065 INFO  server.RaftServerConfigKeys (ConfUtils.java:logGet(43)) - raft.server.log.use.memory = false (default)
2019-06-13 15:26:19,065 INFO  server.RaftServerConfigKeys (ConfUtils.java:logGet(43)) - raft.server.log.appender.buffer.byte-limit = 33554432 (custom)
2019-06-13 15:26:19,065 INFO  server.RaftServerConfigKeys (ConfUtils.java:logGet(43)) - raft.server.log.segment.size.max = 16384 (custom)
2019-06-13 15:26:19,065 INFO  server.RaftServerConfigKeys (ConfUtils.java:logGet(43)) - raft.server.log.segment.cache.num.max = 2 (custom)
2019-06-13 15:26:19,065 INFO  storage.RaftLogWorker (RaftLogWorker.java:<init>(123)) - new 4750b8d4-c555-4242-ba3e-05a1774bc8e3-RaftLogWorker for Storage Directory /opt/src/hadoop-ozone/integration-test/target/test-dir/MiniOzoneClusterImpl-c8b688e8-2d8b-4941-90c1-f2edd0b5c8e4/datanode-5/data/ratis/997743c1-5474-461b-b45c-ff7f3f4eabad
2019-06-13 15:26:19,065 INFO  server.RaftServerConfigKeys (ConfUtils.java:logGet(43)) - raft.server.log.queue.byte-limit = 2147483647 (custom)
2019-06-13 15:26:19,065 INFO  server.RaftServerConfigKeys (ConfUtils.java:logGet(43)) - raft.server.log.queue.element-limit = 1024 (custom)
2019-06-13 15:26:19,065 INFO  server.RaftServerConfigKeys (ConfUtils.java:logGet(43)) - raft.server.log.segment.size.max = 16384 (custom)
2019-06-13 15:26:19,066 INFO  server.RaftServerConfigKeys (ConfUtils.java:logGet(43)) - raft.server.log.preallocated.size = 16384 (custom)
2019-06-13 15:26:19,066 INFO  server.RaftServerConfigKeys (ConfUtils.java:logGet(43)) - raft.server.log.write.buffer.size = 33554432 (custom)
2019-06-13 15:26:19,066 INFO  server.RaftServerConfigKeys (ConfUtils.java:logGet(43)) - raft.server.log.force.sync.num = 128 (default)
2019-06-13 15:26:19,066 INFO  server.RaftServerConfigKeys (ConfUtils.java:logGet(43)) - raft.server.log.statemachine.data.sync = true (default)
2019-06-13 15:26:19,066 INFO  server.RaftServerConfigKeys (ConfUtils.java:logGet(43)) - raft.server.log.statemachine.data.sync.timeout = 10s (default)
2019-06-13 15:26:19,066 INFO  server.RaftServerConfigKeys (ConfUtils.java:logGet(43)) - raft.server.log.statemachine.data.sync.timeout.retry = -1 (default)
2019-06-13 15:26:19,070 INFO  server.RaftServerConfigKeys (ConfUtils.java:logGet(43)) - raft.server.snapshot.auto.trigger.enabled = true (custom)
2019-06-13 15:26:19,070 INFO  server.RaftServerConfigKeys (ConfUtils.java:logGet(43)) - raft.server.log.statemachine.data.caching.enabled = true (custom)
2019-06-13 15:26:19,070 INFO  server.RaftServerConfigKeys (ConfUtils.java:logGet(43)) - raft.server.retrycache.expirytime = 600000ms (custom)
2019-06-13 15:26:19,070 INFO  server.RaftServerConfigKeys (ConfUtils.java:logGet(43)) - raft.server.snapshot.auto.trigger.enabled = true (custom)
2019-06-13 15:26:19,070 INFO  server.RaftServerConfigKeys (ConfUtils.java:logGet(43)) - raft.server.snapshot.auto.trigger.threshold = 10000 (custom)
2019-06-13 15:26:19,071 INFO  server.RaftServerConfigKeys (ConfUtils.java:logGet(43)) - raft.server.retrycache.expirytime = 600000ms (custom)
2019-06-13 15:26:19,071 INFO  impl.RaftServerImpl (RaftServerImpl.java:start(173)) - b53112f0-a363-4af5-85c9-5f793ba2e29e: start group-FF7F3F4EABAD
2019-06-13 15:26:19,071 INFO  impl.RaftServerImpl (RaftServerImpl.java:setRole(164)) - b53112f0-a363-4af5-85c9-5f793ba2e29e:group-FF7F3F4EABAD changes role from null to FOLLOWER at term 0 for startAsFollower
2019-06-13 15:26:19,071 INFO  impl.RoleInfo (RoleInfo.java:updateAndGet(143)) - b53112f0-a363-4af5-85c9-5f793ba2e29e: start FollowerState
2019-06-13 15:26:19,070 INFO  impl.RaftServerImpl (RaftServerImpl.java:start(173)) - 145a07bf-df5a-48cf-bad6-8eeb3b3d692e: start group-FF7F3F4EABAD
2019-06-13 15:26:19,071 INFO  impl.RaftServerImpl (RaftServerImpl.java:setRole(164)) - 145a07bf-df5a-48cf-bad6-8eeb3b3d692e:group-FF7F3F4EABAD changes role from null to FOLLOWER at term 0 for startAsFollower
2019-06-13 15:26:19,071 INFO  util.JmxRegister (JmxRegister.java:tryRegister(44)) - Successfully registered JMX Bean with object name Ratis:service=RaftServer,group=group-FF7F3F4EABAD,id=b53112f0-a363-4af5-85c9-5f793ba2e29e
2019-06-13 15:26:19,071 INFO  server.RaftServerConfigKeys (ConfUtils.java:logGet(43)) - raft.server.snapshot.auto.trigger.threshold = 10000 (custom)
2019-06-13 15:26:19,071 INFO  impl.RoleInfo (RoleInfo.java:updateAndGet(143)) - 145a07bf-df5a-48cf-bad6-8eeb3b3d692e: start FollowerState
2019-06-13 15:26:19,072 INFO  server.RaftServerConfigKeys (ConfUtils.java:logGet(43)) - raft.server.retrycache.expirytime = 600000ms (custom)
2019-06-13 15:26:19,073 INFO  impl.RaftServerImpl (RaftServerImpl.java:start(173)) - 4750b8d4-c555-4242-ba3e-05a1774bc8e3: start group-FF7F3F4EABAD
2019-06-13 15:26:19,073 INFO  impl.RaftServerImpl (RaftServerImpl.java:setRole(164)) - 4750b8d4-c555-4242-ba3e-05a1774bc8e3:group-FF7F3F4EABAD changes role from null to FOLLOWER at term 0 for startAsFollower
2019-06-13 15:26:19,074 INFO  util.JmxRegister (JmxRegister.java:tryRegister(44)) - Successfully registered JMX Bean with object name Ratis:service=RaftServer,group=group-FF7F3F4EABAD,id=145a07bf-df5a-48cf-bad6-8eeb3b3d692e
2019-06-13 15:26:19,076 INFO  impl.RoleInfo (RoleInfo.java:updateAndGet(143)) - 4750b8d4-c555-4242-ba3e-05a1774bc8e3: start FollowerState
2019-06-13 15:26:19,076 INFO  util.JmxRegister (JmxRegister.java:tryRegister(44)) - Successfully registered JMX Bean with object name Ratis:service=RaftServer,group=group-FF7F3F4EABAD,id=4750b8d4-c555-4242-ba3e-05a1774bc8e3
2019-06-13 15:26:19,090 INFO  pipeline.PipelineStateManager (PipelineStateManager.java:addPipeline(56)) - Created pipeline Pipeline[ Id: 997743c1-5474-461b-b45c-ff7f3f4eabad, Nodes: 4750b8d4-c555-4242-ba3e-05a1774bc8e3{ip: 192.168.134.103, host: ozone-ldwqp-4079303285, networkLocation: /default-rack, certSerialId: null}b53112f0-a363-4af5-85c9-5f793ba2e29e{ip: 192.168.134.103, host: ozone-ldwqp-4079303285, networkLocation: /default-rack, certSerialId: null}145a07bf-df5a-48cf-bad6-8eeb3b3d692e{ip: 192.168.134.103, host: ozone-ldwqp-4079303285, networkLocation: /default-rack, certSerialId: null}, Type:RATIS, Factor:THREE, State:OPEN]
2019-06-13 15:26:19,108 INFO  impl.RaftServerProxy (RaftServerProxy.java:addNew(89)) - 4750b8d4-c555-4242-ba3e-05a1774bc8e3: addNew group-844536C6E3C6:[4750b8d4-c555-4242-ba3e-05a1774bc8e3:192.168.134.103:37155] returns group-844536C6E3C6:java.util.concurrent.CompletableFuture@379336b4[Not completed]
2019-06-13 15:26:19,110 INFO  impl.RaftServerImpl (RaftServerImpl.java:<init>(91)) - 4750b8d4-c555-4242-ba3e-05a1774bc8e3: new RaftServerImpl for group-844536C6E3C6:[4750b8d4-c555-4242-ba3e-05a1774bc8e3:192.168.134.103:37155] with ContainerStateMachine:uninitialized
2019-06-13 15:26:19,114 INFO  server.RaftServerConfigKeys (ConfUtils.java:logGet(43)) - raft.server.rpc.timeout.min = 1s (custom)
2019-06-13 15:26:19,114 INFO  server.RaftServerConfigKeys (ConfUtils.java:logGet(43)) - raft.server.rpc.timeout.max = 1200ms (custom)
2019-06-13 15:26:19,114 INFO  server.RaftServerConfigKeys (ConfUtils.java:logGet(43)) - raft.server.rpcslowness.timeout = 10s (custom)
2019-06-13 15:26:19,114 INFO  server.RaftServerConfigKeys (ConfUtils.java:logGet(43)) - raft.server.log.appender.install.snapshot.enabled = true (default)
2019-06-13 15:26:19,115 INFO  impl.RaftServerImpl (ServerState.java:<init>(101)) - 4750b8d4-c555-4242-ba3e-05a1774bc8e3:group-844536C6E3C6 ConfigurationManager, init=-1: [4750b8d4-c555-4242-ba3e-05a1774bc8e3:192.168.134.103:37155], old=null, confs=<EMPTY_MAP>
2019-06-13 15:26:19,115 INFO  server.RaftServerConfigKeys (ConfUtils.java:logGet(43)) - raft.server.storage.dir = [/opt/src/hadoop-ozone/integration-test/target/test-dir/MiniOzoneClusterImpl-c8b688e8-2d8b-4941-90c1-f2edd0b5c8e4/datanode-5/data/ratis] (custom)
2019-06-13 15:26:19,115 INFO  storage.RaftStorageDirectory (RaftStorageDirectory.java:analyzeStorage(246)) - The storage directory /opt/src/hadoop-ozone/integration-test/target/test-dir/MiniOzoneClusterImpl-c8b688e8-2d8b-4941-90c1-f2edd0b5c8e4/datanode-5/data/ratis/c42cacac-d2cc-4f00-a9d0-844536c6e3c6 does not exist. Creating ...
2019-06-13 15:26:19,117 INFO  storage.RaftStorageDirectory (RaftStorageDirectory.java:tryLock(328)) - Lock on /opt/src/hadoop-ozone/integration-test/target/test-dir/MiniOzoneClusterImpl-c8b688e8-2d8b-4941-90c1-f2edd0b5c8e4/datanode-5/data/ratis/c42cacac-d2cc-4f00-a9d0-844536c6e3c6/in_use.lock acquired by nodename 8942@ozone-ldwqp-4079303285
2019-06-13 15:26:19,120 INFO  storage.RaftStorage (RaftStorage.java:format(75)) - Storage directory /opt/src/hadoop-ozone/integration-test/target/test-dir/MiniOzoneClusterImpl-c8b688e8-2d8b-4941-90c1-f2edd0b5c8e4/datanode-5/data/ratis/c42cacac-d2cc-4f00-a9d0-844536c6e3c6 has been successfully formatted.
2019-06-13 15:26:19,120 INFO  ratis.ContainerStateMachine (ContainerStateMachine.java:loadSnapshot(199)) - The snapshot info is null.Setting the last applied index to:(t:0, i:~)
2019-06-13 15:26:19,120 INFO  server.RaftServerConfigKeys (ConfUtils.java:logGet(43)) - raft.server.leader.election.timeout = 10s (custom)
2019-06-13 15:26:19,120 INFO  server.RaftServerConfigKeys (ConfUtils.java:logGet(43)) - raft.server.log.use.memory = false (default)
2019-06-13 15:26:19,120 INFO  server.RaftServerConfigKeys (ConfUtils.java:logGet(43)) - raft.server.log.appender.buffer.byte-limit = 33554432 (custom)
2019-06-13 15:26:19,120 INFO  server.RaftServerConfigKeys (ConfUtils.java:logGet(43)) - raft.server.log.segment.size.max = 16384 (custom)
2019-06-13 15:26:19,120 INFO  server.RaftServerConfigKeys (ConfUtils.java:logGet(43)) - raft.server.log.segment.cache.num.max = 2 (custom)
2019-06-13 15:26:19,121 INFO  storage.RaftLogWorker (RaftLogWorker.java:<init>(123)) - new 4750b8d4-c555-4242-ba3e-05a1774bc8e3-RaftLogWorker for Storage Directory /opt/src/hadoop-ozone/integration-test/target/test-dir/MiniOzoneClusterImpl-c8b688e8-2d8b-4941-90c1-f2edd0b5c8e4/datanode-5/data/ratis/c42cacac-d2cc-4f00-a9d0-844536c6e3c6
2019-06-13 15:26:19,121 INFO  server.RaftServerConfigKeys (ConfUtils.java:logGet(43)) - raft.server.log.queue.byte-limit = 2147483647 (custom)
2019-06-13 15:26:19,121 INFO  server.RaftServerConfigKeys (ConfUtils.java:logGet(43)) - raft.server.log.queue.element-limit = 1024 (custom)
2019-06-13 15:26:19,121 INFO  server.RaftServerConfigKeys (ConfUtils.java:logGet(43)) - raft.server.log.segment.size.max = 16384 (custom)
2019-06-13 15:26:19,121 INFO  server.RaftServerConfigKeys (ConfUtils.java:logGet(43)) - raft.server.log.preallocated.size = 16384 (custom)
2019-06-13 15:26:19,121 INFO  server.RaftServerConfigKeys (ConfUtils.java:logGet(43)) - raft.server.log.write.buffer.size = 33554432 (custom)
2019-06-13 15:26:19,121 INFO  server.RaftServerConfigKeys (ConfUtils.java:logGet(43)) - raft.server.log.force.sync.num = 128 (default)
2019-06-13 15:26:19,121 INFO  server.RaftServerConfigKeys (ConfUtils.java:logGet(43)) - raft.server.log.statemachine.data.sync = true (default)
2019-06-13 15:26:19,121 INFO  server.RaftServerConfigKeys (ConfUtils.java:logGet(43)) - raft.server.log.statemachine.data.sync.timeout = 10s (default)
2019-06-13 15:26:19,121 INFO  server.RaftServerConfigKeys (ConfUtils.java:logGet(43)) - raft.server.log.statemachine.data.sync.timeout.retry = -1 (default)
2019-06-13 15:26:19,122 INFO  server.RaftServerConfigKeys (ConfUtils.java:logGet(43)) - raft.server.log.statemachine.data.caching.enabled = true (custom)
2019-06-13 15:26:19,122 INFO  server.RaftServerConfigKeys (ConfUtils.java:logGet(43)) - raft.server.snapshot.auto.trigger.enabled = true (custom)
2019-06-13 15:26:19,122 INFO  server.RaftServerConfigKeys (ConfUtils.java:logGet(43)) - raft.server.snapshot.auto.trigger.threshold = 10000 (custom)
2019-06-13 15:26:19,122 INFO  server.RaftServerConfigKeys (ConfUtils.java:logGet(43)) - raft.server.retrycache.expirytime = 600000ms (custom)
2019-06-13 15:26:19,123 INFO  impl.RaftServerImpl (RaftServerImpl.java:start(173)) - 4750b8d4-c555-4242-ba3e-05a1774bc8e3: start group-844536C6E3C6
2019-06-13 15:26:19,123 INFO  impl.RaftServerImpl (RaftServerImpl.java:setRole(164)) - 4750b8d4-c555-4242-ba3e-05a1774bc8e3:group-844536C6E3C6 changes role from null to FOLLOWER at term 0 for startAsFollower
2019-06-13 15:26:19,123 INFO  impl.RoleInfo (RoleInfo.java:updateAndGet(143)) - 4750b8d4-c555-4242-ba3e-05a1774bc8e3: start FollowerState
2019-06-13 15:26:19,126 INFO  util.JmxRegister (JmxRegister.java:tryRegister(44)) - Successfully registered JMX Bean with object name Ratis:service=RaftServer,group=group-844536C6E3C6,id=4750b8d4-c555-4242-ba3e-05a1774bc8e3
2019-06-13 15:26:19,141 INFO  pipeline.PipelineStateManager (PipelineStateManager.java:addPipeline(56)) - Created pipeline Pipeline[ Id: c42cacac-d2cc-4f00-a9d0-844536c6e3c6, Nodes: 4750b8d4-c555-4242-ba3e-05a1774bc8e3{ip: 192.168.134.103, host: ozone-ldwqp-4079303285, networkLocation: /default-rack, certSerialId: null}, Type:RATIS, Factor:ONE, State:OPEN]
2019-06-13 15:26:19,668 INFO  impl.FollowerState (FollowerState.java:run(101)) - 4abd64ab-b749-4ff5-a45f-6c016e71b91d:group-1DB710A5A0B0 changes to CANDIDATE, lastRpcTime:1021, electionTimeout:1021ms
2019-06-13 15:26:19,668 INFO  impl.RoleInfo (RoleInfo.java:shutdownFollowerState(121)) - 4abd64ab-b749-4ff5-a45f-6c016e71b91d: shutdown FollowerState
2019-06-13 15:26:19,668 INFO  impl.RaftServerImpl (RaftServerImpl.java:setRole(164)) - 4abd64ab-b749-4ff5-a45f-6c016e71b91d:group-1DB710A5A0B0 changes role from FOLLOWER to CANDIDATE at term 0 for changeToCandidate
2019-06-13 15:26:19,670 INFO  impl.RoleInfo (RoleInfo.java:updateAndGet(143)) - 4abd64ab-b749-4ff5-a45f-6c016e71b91d: start LeaderElection
2019-06-13 15:26:19,680 INFO  impl.LeaderElection (LeaderElection.java:askForVotes(181)) - 4abd64ab-b749-4ff5-a45f-6c016e71b91d:group-1DB710A5A0B0:LeaderElection1: begin an election at term 1 for -1: [4abd64ab-b749-4ff5-a45f-6c016e71b91d:192.168.134.103:38785], old=null
2019-06-13 15:26:19,681 INFO  impl.RoleInfo (RoleInfo.java:shutdownLeaderElection(134)) - 4abd64ab-b749-4ff5-a45f-6c016e71b91d: shutdown LeaderElection
2019-06-13 15:26:19,681 INFO  impl.RaftServerImpl (RaftServerImpl.java:setRole(164)) - 4abd64ab-b749-4ff5-a45f-6c016e71b91d:group-1DB710A5A0B0 changes role from CANDIDATE to LEADER at term 1 for changeToLeader
2019-06-13 15:26:19,682 INFO  impl.RaftServerImpl (ServerState.java:setLeader(263)) - 4abd64ab-b749-4ff5-a45f-6c016e71b91d:group-1DB710A5A0B0 change Leader from null to 4abd64ab-b749-4ff5-a45f-6c016e71b91d at term 1 for becomeLeader, leader elected after 1214ms
2019-06-13 15:26:19,687 INFO  server.RaftServerConfigKeys (ConfUtils.java:logGet(43)) - raft.server.staging.catchup.gap = 1000 (default)
2019-06-13 15:26:19,687 INFO  server.RaftServerConfigKeys (ConfUtils.java:logGet(43)) - raft.server.rpc.sleep.time = 25ms (default)
2019-06-13 15:26:19,691 INFO  server.RaftServerConfigKeys (ConfUtils.java:logGet(43)) - raft.server.watch.timeout = 10s (default)
2019-06-13 15:26:19,692 INFO  server.RaftServerConfigKeys (ConfUtils.java:logGet(43)) - raft.server.watch.timeout.denomination = 1s (default)
2019-06-13 15:26:19,701 INFO  impl.RoleInfo (RoleInfo.java:updateAndGet(143)) - 4abd64ab-b749-4ff5-a45f-6c016e71b91d: start LeaderState
2019-06-13 15:26:19,718 INFO  storage.RaftLogWorker (RaftLogWorker.java:startLogSegment(298)) - 4abd64ab-b749-4ff5-a45f-6c016e71b91d-RaftLogWorker: Starting segment from index:0
2019-06-13 15:26:19,723 INFO  impl.RaftServerImpl (ServerState.java:setRaftConf(361)) - 4abd64ab-b749-4ff5-a45f-6c016e71b91d:group-1DB710A5A0B0 set configuration 0: [4abd64ab-b749-4ff5-a45f-6c016e71b91d:192.168.134.103:38785], old=null at 0
2019-06-13 15:26:19,855 INFO  storage.RaftLogWorker (RaftLogWorker.java:execute(469)) - 4abd64ab-b749-4ff5-a45f-6c016e71b91d-RaftLogWorker: created new log segment /opt/src/hadoop-ozone/integration-test/target/test-dir/MiniOzoneClusterImpl-c8b688e8-2d8b-4941-90c1-f2edd0b5c8e4/datanode-0/data/ratis/786d6f10-60eb-4dcd-8dc6-1db710a5a0b0/current/log_inprogress_0
2019-06-13 15:26:19,896 INFO  impl.FollowerState (FollowerState.java:run(101)) - de5c6366-e33b-4adf-87a7-74d5d1a30f79:group-DE66986D8E9C changes to CANDIDATE, lastRpcTime:1175, electionTimeout:1174ms
2019-06-13 15:26:19,898 INFO  impl.RoleInfo (RoleInfo.java:shutdownFollowerState(121)) - de5c6366-e33b-4adf-87a7-74d5d1a30f79: shutdown FollowerState
2019-06-13 15:26:19,898 INFO  impl.RaftServerImpl (RaftServerImpl.java:setRole(164)) - de5c6366-e33b-4adf-87a7-74d5d1a30f79:group-DE66986D8E9C changes role from FOLLOWER to CANDIDATE at term 0 for changeToCandidate
2019-06-13 15:26:19,899 INFO  impl.RoleInfo (RoleInfo.java:updateAndGet(143)) - de5c6366-e33b-4adf-87a7-74d5d1a30f79: start LeaderElection
2019-06-13 15:26:19,904 INFO  impl.LeaderElection (LeaderElection.java:askForVotes(181)) - de5c6366-e33b-4adf-87a7-74d5d1a30f79:group-DE66986D8E9C:LeaderElection2: begin an election at term 1 for -1: [de5c6366-e33b-4adf-87a7-74d5d1a30f79:192.168.134.103:37275], old=null
2019-06-13 15:26:19,905 INFO  impl.RoleInfo (RoleInfo.java:shutdownLeaderElection(134)) - de5c6366-e33b-4adf-87a7-74d5d1a30f79: shutdown LeaderElection
2019-06-13 15:26:19,905 INFO  impl.RaftServerImpl (RaftServerImpl.java:setRole(164)) - de5c6366-e33b-4adf-87a7-74d5d1a30f79:group-DE66986D8E9C changes role from CANDIDATE to LEADER at term 1 for changeToLeader
2019-06-13 15:26:19,905 INFO  impl.RaftServerImpl (ServerState.java:setLeader(263)) - de5c6366-e33b-4adf-87a7-74d5d1a30f79:group-DE66986D8E9C change Leader from null to de5c6366-e33b-4adf-87a7-74d5d1a30f79 at term 1 for becomeLeader, leader elected after 1188ms
2019-06-13 15:26:19,907 INFO  server.RaftServerConfigKeys (ConfUtils.java:logGet(43)) - raft.server.staging.catchup.gap = 1000 (default)
2019-06-13 15:26:19,907 INFO  server.RaftServerConfigKeys (ConfUtils.java:logGet(43)) - raft.server.rpc.sleep.time = 25ms (default)
2019-06-13 15:26:19,907 INFO  server.RaftServerConfigKeys (ConfUtils.java:logGet(43)) - raft.server.watch.timeout = 10s (default)
2019-06-13 15:26:19,907 INFO  server.RaftServerConfigKeys (ConfUtils.java:logGet(43)) - raft.server.watch.timeout.denomination = 1s (default)
2019-06-13 15:26:19,907 INFO  impl.RoleInfo (RoleInfo.java:updateAndGet(143)) - de5c6366-e33b-4adf-87a7-74d5d1a30f79: start LeaderState
2019-06-13 15:26:19,907 INFO  storage.RaftLogWorker (RaftLogWorker.java:startLogSegment(298)) - de5c6366-e33b-4adf-87a7-74d5d1a30f79-RaftLogWorker: Starting segment from index:0
2019-06-13 15:26:19,908 INFO  impl.RaftServerImpl (ServerState.java:setRaftConf(361)) - de5c6366-e33b-4adf-87a7-74d5d1a30f79:group-DE66986D8E9C set configuration 0: [de5c6366-e33b-4adf-87a7-74d5d1a30f79:192.168.134.103:37275], old=null at 0
2019-06-13 15:26:19,934 INFO  impl.FollowerState (FollowerState.java:run(101)) - 0d293cb0-c790-458c-87df-25484dca7779:group-8407FBC09068 changes to CANDIDATE, lastRpcTime:1071, electionTimeout:1071ms
2019-06-13 15:26:19,934 INFO  impl.RoleInfo (RoleInfo.java:shutdownFollowerState(121)) - 0d293cb0-c790-458c-87df-25484dca7779: shutdown FollowerState
2019-06-13 15:26:19,934 INFO  impl.RaftServerImpl (RaftServerImpl.java:setRole(164)) - 0d293cb0-c790-458c-87df-25484dca7779:group-8407FBC09068 changes role from FOLLOWER to CANDIDATE at term 0 for changeToCandidate
2019-06-13 15:26:19,934 INFO  impl.FollowerState (FollowerState.java:run(101)) - b53112f0-a363-4af5-85c9-5f793ba2e29e:group-FB287947E62E changes to CANDIDATE, lastRpcTime:1117, electionTimeout:1117ms
2019-06-13 15:26:19,934 INFO  impl.RoleInfo (RoleInfo.java:shutdownFollowerState(121)) - b53112f0-a363-4af5-85c9-5f793ba2e29e: shutdown FollowerState
2019-06-13 15:26:19,934 INFO  impl.RoleInfo (RoleInfo.java:updateAndGet(143)) - 0d293cb0-c790-458c-87df-25484dca7779: start LeaderElection
2019-06-13 15:26:19,934 INFO  impl.RaftServerImpl (RaftServerImpl.java:setRole(164)) - b53112f0-a363-4af5-85c9-5f793ba2e29e:group-FB287947E62E changes role from FOLLOWER to CANDIDATE at term 0 for changeToCandidate
2019-06-13 15:26:19,935 INFO  impl.RoleInfo (RoleInfo.java:updateAndGet(143)) - b53112f0-a363-4af5-85c9-5f793ba2e29e: start LeaderElection
2019-06-13 15:26:19,953 INFO  storage.RaftLogWorker (RaftLogWorker.java:execute(469)) - de5c6366-e33b-4adf-87a7-74d5d1a30f79-RaftLogWorker: created new log segment /opt/src/hadoop-ozone/integration-test/target/test-dir/MiniOzoneClusterImpl-c8b688e8-2d8b-4941-90c1-f2edd0b5c8e4/datanode-1/data/ratis/db8414b7-99fd-40c4-94e3-de66986d8e9c/current/log_inprogress_0
2019-06-13 15:26:19,953 INFO  impl.LeaderElection (LeaderElection.java:askForVotes(181)) - 0d293cb0-c790-458c-87df-25484dca7779:group-8407FBC09068:LeaderElection3: begin an election at term 1 for -1: [0d293cb0-c790-458c-87df-25484dca7779:192.168.134.103:46765], old=null
2019-06-13 15:26:19,953 INFO  impl.LeaderElection (LeaderElection.java:askForVotes(181)) - b53112f0-a363-4af5-85c9-5f793ba2e29e:group-FB287947E62E:LeaderElection4: begin an election at term 1 for -1: [b53112f0-a363-4af5-85c9-5f793ba2e29e:192.168.134.103:45459], old=null
2019-06-13 15:26:19,953 INFO  impl.RoleInfo (RoleInfo.java:shutdownLeaderElection(134)) - 0d293cb0-c790-458c-87df-25484dca7779: shutdown LeaderElection
2019-06-13 15:26:19,953 INFO  impl.RoleInfo (RoleInfo.java:shutdownLeaderElection(134)) - b53112f0-a363-4af5-85c9-5f793ba2e29e: shutdown LeaderElection
2019-06-13 15:26:19,953 INFO  impl.RaftServerImpl (RaftServerImpl.java:setRole(164)) - 0d293cb0-c790-458c-87df-25484dca7779:group-8407FBC09068 changes role from CANDIDATE to LEADER at term 1 for changeToLeader
2019-06-13 15:26:19,953 INFO  impl.RaftServerImpl (RaftServerImpl.java:setRole(164)) - b53112f0-a363-4af5-85c9-5f793ba2e29e:group-FB287947E62E changes role from CANDIDATE to LEADER at term 1 for changeToLeader
2019-06-13 15:26:19,953 INFO  impl.RaftServerImpl (ServerState.java:setLeader(263)) - 0d293cb0-c790-458c-87df-25484dca7779:group-8407FBC09068 change Leader from null to 0d293cb0-c790-458c-87df-25484dca7779 at term 1 for becomeLeader, leader elected after 1094ms
2019-06-13 15:26:19,953 INFO  impl.RaftServerImpl (ServerState.java:setLeader(263)) - b53112f0-a363-4af5-85c9-5f793ba2e29e:group-FB287947E62E change Leader from null to b53112f0-a363-4af5-85c9-5f793ba2e29e at term 1 for becomeLeader, leader elected after 1139ms
2019-06-13 15:26:19,954 INFO  server.RaftServerConfigKeys (ConfUtils.java:logGet(43)) - raft.server.staging.catchup.gap = 1000 (default)
2019-06-13 15:26:19,955 INFO  server.RaftServerConfigKeys (ConfUtils.java:logGet(43)) - raft.server.staging.catchup.gap = 1000 (default)
2019-06-13 15:26:19,955 INFO  server.RaftServerConfigKeys (ConfUtils.java:logGet(43)) - raft.server.rpc.sleep.time = 25ms (default)
2019-06-13 15:26:19,956 INFO  server.RaftServerConfigKeys (ConfUtils.java:logGet(43)) - raft.server.watch.timeout = 10s (default)
2019-06-13 15:26:19,956 INFO  server.RaftServerConfigKeys (ConfUtils.java:logGet(43)) - raft.server.watch.timeout.denomination = 1s (default)
2019-06-13 15:26:19,956 INFO  impl.RoleInfo (RoleInfo.java:updateAndGet(143)) - b53112f0-a363-4af5-85c9-5f793ba2e29e: start LeaderState
2019-06-13 15:26:19,956 INFO  storage.RaftLogWorker (RaftLogWorker.java:startLogSegment(298)) - b53112f0-a363-4af5-85c9-5f793ba2e29e-RaftLogWorker: Starting segment from index:0
2019-06-13 15:26:19,955 INFO  server.RaftServerConfigKeys (ConfUtils.java:logGet(43)) - raft.server.rpc.sleep.time = 25ms (default)
2019-06-13 15:26:19,957 INFO  server.RaftServerConfigKeys (ConfUtils.java:logGet(43)) - raft.server.watch.timeout = 10s (default)
2019-06-13 15:26:19,957 INFO  server.RaftServerConfigKeys (ConfUtils.java:logGet(43)) - raft.server.watch.timeout.denomination = 1s (default)
2019-06-13 15:26:19,957 INFO  impl.RoleInfo (RoleInfo.java:updateAndGet(143)) - 0d293cb0-c790-458c-87df-25484dca7779: start LeaderState
2019-06-13 15:26:19,957 INFO  storage.RaftLogWorker (RaftLogWorker.java:startLogSegment(298)) - 0d293cb0-c790-458c-87df-25484dca7779-RaftLogWorker: Starting segment from index:0
2019-06-13 15:26:19,983 INFO  impl.RaftServerImpl (ServerState.java:setRaftConf(361)) - b53112f0-a363-4af5-85c9-5f793ba2e29e:group-FB287947E62E set configuration 0: [b53112f0-a363-4af5-85c9-5f793ba2e29e:192.168.134.103:45459], old=null at 0
2019-06-13 15:26:20,001 INFO  impl.RaftServerImpl (ServerState.java:setRaftConf(361)) - 0d293cb0-c790-458c-87df-25484dca7779:group-8407FBC09068 set configuration 0: [0d293cb0-c790-458c-87df-25484dca7779:192.168.134.103:46765], old=null at 0
2019-06-13 15:26:20,004 INFO  storage.RaftLogWorker (RaftLogWorker.java:execute(469)) - b53112f0-a363-4af5-85c9-5f793ba2e29e-RaftLogWorker: created new log segment /opt/src/hadoop-ozone/integration-test/target/test-dir/MiniOzoneClusterImpl-c8b688e8-2d8b-4941-90c1-f2edd0b5c8e4/datanode-3/data/ratis/fd80c86f-f0a6-43c2-af13-fb287947e62e/current/log_inprogress_0
2019-06-13 15:26:20,005 INFO  storage.RaftLogWorker (RaftLogWorker.java:execute(469)) - 0d293cb0-c790-458c-87df-25484dca7779-RaftLogWorker: created new log segment /opt/src/hadoop-ozone/integration-test/target/test-dir/MiniOzoneClusterImpl-c8b688e8-2d8b-4941-90c1-f2edd0b5c8e4/datanode-4/data/ratis/eb416dac-5cde-403f-bc51-8407fbc09068/current/log_inprogress_0
2019-06-13 15:26:20,009 INFO  ozone.MiniOzoneClusterImpl (MiniOzoneClusterImpl.java:lambda$waitForClusterToBeReady$0(142)) - Cluster is ready. Got 6 of 6 DN Heartbeats.
]]></system-out>
    <system-err><![CDATA[ERROR StatusLogger No Log4j 2 configuration file found. Using default configuration (logging only errors to the console), or user programmatically provided configurations. Set system property 'log4j2.debug' to show Log4j 2 internal initialization logging. See https://logging.apache.org/log4j/2.x/manual/configuration.html for instructions on how to configure Log4j 2
Jun 13, 2019 3:26:13 PM com.sun.jersey.server.impl.application.WebApplicationImpl _initiate
INFO: Initiating Jersey application, version 'Jersey: 1.19 02/11/2015 03:25 AM'
Jun 13, 2019 3:26:14 PM com.sun.jersey.server.impl.application.WebApplicationImpl _initiate
INFO: Initiating Jersey application, version 'Jersey: 1.19 02/11/2015 03:25 AM'
Jun 13, 2019 3:26:14 PM com.sun.jersey.server.impl.application.WebApplicationImpl _initiate
INFO: Initiating Jersey application, version 'Jersey: 1.19 02/11/2015 03:25 AM'
Jun 13, 2019 3:26:14 PM com.sun.jersey.server.impl.application.WebApplicationImpl _initiate
INFO: Initiating Jersey application, version 'Jersey: 1.19 02/11/2015 03:25 AM'
Jun 13, 2019 3:26:14 PM com.sun.jersey.server.impl.application.WebApplicationImpl _initiate
INFO: Initiating Jersey application, version 'Jersey: 1.19 02/11/2015 03:25 AM'
Jun 13, 2019 3:26:14 PM com.sun.jersey.server.impl.application.WebApplicationImpl _initiate
INFO: Initiating Jersey application, version 'Jersey: 1.19 02/11/2015 03:25 AM'
]]></system-err>
  </testcase>
</testsuite>