<?xml version="1.0" encoding="UTF-8"?>
<testsuite xmlns:xsi="http://www.w3.org/2001/XMLSchema-instance" xsi:noNamespaceSchemaLocation="https://maven.apache.org/surefire/maven-surefire-plugin/xsd/surefire-test-report.xsd" name="org.apache.hadoop.ozone.freon.TestFreonWithDatanodeRestart" time="9.591" tests="1" errors="0" skipped="1" failures="0">
  <properties>
    <property name="awt.toolkit" value="sun.awt.X11.XToolkit"/>
    <property name="file.encoding.pkg" value="sun.io"/>
    <property name="java.specification.version" value="1.8"/>
    <property name="sun.cpu.isalist" value=""/>
    <property name="sun.jnu.encoding" value="UTF-8"/>
    <property name="java.class.path" value="/opt/src/hadoop-ozone/tools/target/test-classes:/opt/src/hadoop-ozone/tools/target/classes:/opt/src/hadoop-ozone/ozone-manager/target/classes:/opt/src/hadoop-hdds/docs/target/classes:/root/.m2/repository/org/bouncycastle/bcprov-jdk15on/1.60/bcprov-jdk15on-1.60.jar:/opt/src/hadoop-ozone/common/target/classes:/root/.m2/repository/org/apache/commons/commons-compress/1.4.1/commons-compress-1.4.1.jar:/root/.m2/repository/org/tukaani/xz/1.0/xz-1.0.jar:/root/.m2/repository/org/apache/hadoop/hadoop-hdfs-client/3.2.0/hadoop-hdfs-client-3.2.0.jar:/root/.m2/repository/com/fasterxml/jackson/core/jackson-annotations/2.9.5/jackson-annotations-2.9.5.jar:/opt/src/hadoop-hdds/common/target/classes:/opt/src/hadoop-hdds/config/target/classes:/root/.m2/repository/javax/annotation/javax.annotation-api/1.2/javax.annotation-api-1.2.jar:/root/.m2/repository/org/apache/ratis/ratis-server/0.4.0-fe2b15d-SNAPSHOT/ratis-server-0.4.0-fe2b15d-SNAPSHOT.jar:/root/.m2/repository/org/apache/ratis/ratis-thirdparty-misc/0.2.0/ratis-thirdparty-misc-0.2.0.jar:/root/.m2/repository/org/apache/ratis/ratis-proto/0.4.0-fe2b15d-SNAPSHOT/ratis-proto-0.4.0-fe2b15d-SNAPSHOT.jar:/root/.m2/repository/org/apache/ratis/ratis-common/0.4.0-fe2b15d-SNAPSHOT/ratis-common-0.4.0-fe2b15d-SNAPSHOT.jar:/root/.m2/repository/org/apache/ratis/ratis-client/0.4.0-fe2b15d-SNAPSHOT/ratis-client-0.4.0-fe2b15d-SNAPSHOT.jar:/root/.m2/repository/org/apache/ratis/ratis-netty/0.4.0-fe2b15d-SNAPSHOT/ratis-netty-0.4.0-fe2b15d-SNAPSHOT.jar:/root/.m2/repository/org/apache/ratis/ratis-grpc/0.4.0-fe2b15d-SNAPSHOT/ratis-grpc-0.4.0-fe2b15d-SNAPSHOT.jar:/root/.m2/repository/org/rocksdb/rocksdbjni/5.14.2/rocksdbjni-5.14.2.jar:/root/.m2/repository/org/apache/logging/log4j/log4j-api/2.11.0/log4j-api-2.11.0.jar:/root/.m2/repository/org/apache/logging/log4j/log4j-core/2.11.0/log4j-core-2.11.0.jar:/root/.m2/repository/com/lmax/disruptor/3.4.2/disruptor-3.4.2.jar:/root/.m2/repository/org/apache/commons/commons-pool2/2.6.0/commons-pool2-2.6.0.jar:/root/.m2/repository/org/bouncycastle/bcpkix-jdk15on/1.60/bcpkix-jdk15on-1.60.jar:/root/.m2/repository/commons-validator/commons-validator/1.6/commons-validator-1.6.jar:/root/.m2/repository/commons-digester/commons-digester/1.8.1/commons-digester-1.8.1.jar:/root/.m2/repository/io/jaegertracing/jaeger-client/0.33.1/jaeger-client-0.33.1.jar:/root/.m2/repository/io/jaegertracing/jaeger-thrift/0.33.1/jaeger-thrift-0.33.1.jar:/root/.m2/repository/org/apache/thrift/libthrift/0.11.0/libthrift-0.11.0.jar:/root/.m2/repository/com/squareup/okhttp3/okhttp/3.9.0/okhttp-3.9.0.jar:/root/.m2/repository/com/squareup/okio/okio/1.13.0/okio-1.13.0.jar:/root/.m2/repository/io/jaegertracing/jaeger-core/0.33.1/jaeger-core-0.33.1.jar:/root/.m2/repository/io/jaegertracing/jaeger-tracerresolver/0.33.1/jaeger-tracerresolver-0.33.1.jar:/root/.m2/repository/io/opentracing/contrib/opentracing-tracerresolver/0.1.5/opentracing-tracerresolver-0.1.5.jar:/root/.m2/repository/io/opentracing/opentracing-util/0.31.0/opentracing-util-0.31.0.jar:/root/.m2/repository/io/opentracing/opentracing-api/0.31.0/opentracing-api-0.31.0.jar:/root/.m2/repository/io/opentracing/opentracing-noop/0.31.0/opentracing-noop-0.31.0.jar:/root/.m2/repository/org/yaml/snakeyaml/1.16/snakeyaml-1.16.jar:/opt/src/hadoop-hdds/server-scm/target/classes:/root/.m2/repository/org/hamcrest/hamcrest-all/1.3/hamcrest-all-1.3.jar:/opt/src/hadoop-hdds/container-service/target/classes:/opt/src/hadoop-hdds/client/target/classes:/opt/src/hadoop-hdds/tools/target/classes:/root/.m2/repository/org/xerial/sqlite-jdbc/3.25.2/sqlite-jdbc-3.25.2.jar:/opt/src/hadoop-ozone/client/target/classes:/opt/src/hadoop-ozone/ozonefs/target/classes:/opt/src/hadoop-hdds/framework/target/classes:/root/.m2/repository/info/picocli/picocli/3.9.6/picocli-3.9.6.jar:/root/.m2/repository/com/google/protobuf/protobuf-java/2.5.0/protobuf-java-2.5.0.jar:/root/.m2/repository/com/google/guava/guava/11.0.2/guava-11.0.2.jar:/root/.m2/repository/org/apache/hadoop/hadoop-common/3.2.0/hadoop-common-3.2.0.jar:/root/.m2/repository/org/apache/hadoop/hadoop-annotations/3.2.0/hadoop-annotations-3.2.0.jar:/usr/lib/jvm/java-1.8-openjdk/jre/../lib/tools.jar:/root/.m2/repository/commons-cli/commons-cli/1.2/commons-cli-1.2.jar:/root/.m2/repository/org/apache/commons/commons-math3/3.1.1/commons-math3-3.1.1.jar:/root/.m2/repository/org/apache/httpcomponents/httpclient/4.5.2/httpclient-4.5.2.jar:/root/.m2/repository/org/apache/httpcomponents/httpcore/4.4.4/httpcore-4.4.4.jar:/root/.m2/repository/commons-codec/commons-codec/1.11/commons-codec-1.11.jar:/root/.m2/repository/commons-io/commons-io/2.5/commons-io-2.5.jar:/root/.m2/repository/commons-net/commons-net/3.6/commons-net-3.6.jar:/root/.m2/repository/commons-collections/commons-collections/3.2.2/commons-collections-3.2.2.jar:/root/.m2/repository/javax/servlet/javax.servlet-api/3.1.0/javax.servlet-api-3.1.0.jar:/root/.m2/repository/org/eclipse/jetty/jetty-server/9.3.24.v20180605/jetty-server-9.3.24.v20180605.jar:/root/.m2/repository/org/eclipse/jetty/jetty-http/9.3.24.v20180605/jetty-http-9.3.24.v20180605.jar:/root/.m2/repository/org/eclipse/jetty/jetty-io/9.3.24.v20180605/jetty-io-9.3.24.v20180605.jar:/root/.m2/repository/org/eclipse/jetty/jetty-util/9.3.24.v20180605/jetty-util-9.3.24.v20180605.jar:/root/.m2/repository/org/eclipse/jetty/jetty-servlet/9.3.24.v20180605/jetty-servlet-9.3.24.v20180605.jar:/root/.m2/repository/org/eclipse/jetty/jetty-security/9.3.24.v20180605/jetty-security-9.3.24.v20180605.jar:/root/.m2/repository/org/eclipse/jetty/jetty-webapp/9.3.24.v20180605/jetty-webapp-9.3.24.v20180605.jar:/root/.m2/repository/org/eclipse/jetty/jetty-xml/9.3.24.v20180605/jetty-xml-9.3.24.v20180605.jar:/root/.m2/repository/javax/servlet/jsp/jsp-api/2.1/jsp-api-2.1.jar:/root/.m2/repository/com/sun/jersey/jersey-core/1.19/jersey-core-1.19.jar:/root/.m2/repository/javax/ws/rs/jsr311-api/1.1.1/jsr311-api-1.1.1.jar:/root/.m2/repository/com/sun/jersey/jersey-servlet/1.19/jersey-servlet-1.19.jar:/root/.m2/repository/com/sun/jersey/jersey-json/1.19/jersey-json-1.19.jar:/root/.m2/repository/org/codehaus/jettison/jettison/1.1/jettison-1.1.jar:/root/.m2/repository/com/sun/xml/bind/jaxb-impl/2.3.0.1/jaxb-impl-2.3.0.1.jar:/root/.m2/repository/org/codehaus/jackson/jackson-core-asl/1.9.13/jackson-core-asl-1.9.13.jar:/root/.m2/repository/org/codehaus/jackson/jackson-mapper-asl/1.9.13/jackson-mapper-asl-1.9.13.jar:/root/.m2/repository/org/codehaus/jackson/jackson-jaxrs/1.9.13/jackson-jaxrs-1.9.13.jar:/root/.m2/repository/org/codehaus/jackson/jackson-xc/1.9.13/jackson-xc-1.9.13.jar:/root/.m2/repository/com/sun/jersey/jersey-server/1.19/jersey-server-1.19.jar:/root/.m2/repository/commons-logging/commons-logging/1.1.3/commons-logging-1.1.3.jar:/root/.m2/repository/log4j/log4j/1.2.17/log4j-1.2.17.jar:/root/.m2/repository/commons-beanutils/commons-beanutils/1.9.3/commons-beanutils-1.9.3.jar:/root/.m2/repository/org/apache/commons/commons-configuration2/2.1.1/commons-configuration2-2.1.1.jar:/root/.m2/repository/org/apache/commons/commons-lang3/3.7/commons-lang3-3.7.jar:/root/.m2/repository/org/apache/commons/commons-text/1.4/commons-text-1.4.jar:/root/.m2/repository/org/slf4j/slf4j-api/1.7.25/slf4j-api-1.7.25.jar:/root/.m2/repository/org/slf4j/slf4j-log4j12/1.7.25/slf4j-log4j12-1.7.25.jar:/root/.m2/repository/org/apache/avro/avro/1.7.7/avro-1.7.7.jar:/root/.m2/repository/com/thoughtworks/paranamer/paranamer/2.3/paranamer-2.3.jar:/root/.m2/repository/org/xerial/snappy/snappy-java/1.0.5/snappy-java-1.0.5.jar:/root/.m2/repository/com/google/re2j/re2j/1.1/re2j-1.1.jar:/root/.m2/repository/com/google/code/gson/gson/2.2.4/gson-2.2.4.jar:/root/.m2/repository/org/apache/hadoop/hadoop-auth/3.2.0/hadoop-auth-3.2.0.jar:/root/.m2/repository/com/nimbusds/nimbus-jose-jwt/4.41.1/nimbus-jose-jwt-4.41.1.jar:/root/.m2/repository/com/github/stephenc/jcip/jcip-annotations/1.0-1/jcip-annotations-1.0-1.jar:/root/.m2/repository/net/minidev/json-smart/2.3/json-smart-2.3.jar:/root/.m2/repository/net/minidev/accessors-smart/1.2/accessors-smart-1.2.jar:/root/.m2/repository/org/apache/curator/curator-framework/2.12.0/curator-framework-2.12.0.jar:/root/.m2/repository/com/jcraft/jsch/0.1.54/jsch-0.1.54.jar:/root/.m2/repository/org/apache/curator/curator-client/2.12.0/curator-client-2.12.0.jar:/root/.m2/repository/org/apache/curator/curator-recipes/2.12.0/curator-recipes-2.12.0.jar:/root/.m2/repository/com/google/code/findbugs/jsr305/3.0.0/jsr305-3.0.0.jar:/root/.m2/repository/org/apache/htrace/htrace-core4/4.1.0-incubating/htrace-core4-4.1.0-incubating.jar:/root/.m2/repository/org/apache/zookeeper/zookeeper/3.4.13/zookeeper-3.4.13.jar:/root/.m2/repository/org/apache/yetus/audience-annotations/0.5.0/audience-annotations-0.5.0.jar:/root/.m2/repository/org/apache/kerby/kerb-simplekdc/1.0.1/kerb-simplekdc-1.0.1.jar:/root/.m2/repository/org/apache/kerby/kerb-client/1.0.1/kerb-client-1.0.1.jar:/root/.m2/repository/org/apache/kerby/kerby-config/1.0.1/kerby-config-1.0.1.jar:/root/.m2/repository/org/apache/kerby/kerb-core/1.0.1/kerb-core-1.0.1.jar:/root/.m2/repository/org/apache/kerby/kerby-pkix/1.0.1/kerby-pkix-1.0.1.jar:/root/.m2/repository/org/apache/kerby/kerby-asn1/1.0.1/kerby-asn1-1.0.1.jar:/root/.m2/repository/org/apache/kerby/kerby-util/1.0.1/kerby-util-1.0.1.jar:/root/.m2/repository/org/apache/kerby/kerb-common/1.0.1/kerb-common-1.0.1.jar:/root/.m2/repository/org/apache/kerby/kerb-crypto/1.0.1/kerb-crypto-1.0.1.jar:/root/.m2/repository/org/apache/kerby/kerb-util/1.0.1/kerb-util-1.0.1.jar:/root/.m2/repository/org/apache/kerby/token-provider/1.0.1/token-provider-1.0.1.jar:/root/.m2/repository/org/apache/kerby/kerb-admin/1.0.1/kerb-admin-1.0.1.jar:/root/.m2/repository/org/apache/kerby/kerb-server/1.0.1/kerb-server-1.0.1.jar:/root/.m2/repository/org/apache/kerby/kerb-identity/1.0.1/kerb-identity-1.0.1.jar:/root/.m2/repository/org/apache/kerby/kerby-xdr/1.0.1/kerby-xdr-1.0.1.jar:/root/.m2/repository/com/fasterxml/jackson/core/jackson-databind/2.9.5/jackson-databind-2.9.5.jar:/root/.m2/repository/com/fasterxml/jackson/core/jackson-core/2.9.5/jackson-core-2.9.5.jar:/root/.m2/repository/org/codehaus/woodstox/stax2-api/3.1.4/stax2-api-3.1.4.jar:/root/.m2/repository/com/fasterxml/woodstox/woodstox-core/5.0.3/woodstox-core-5.0.3.jar:/root/.m2/repository/dnsjava/dnsjava/2.1.7/dnsjava-2.1.7.jar:/root/.m2/repository/org/apache/hadoop/hadoop-hdfs/3.2.0/hadoop-hdfs-3.2.0.jar:/root/.m2/repository/org/eclipse/jetty/jetty-util-ajax/9.3.24.v20180605/jetty-util-ajax-9.3.24.v20180605.jar:/root/.m2/repository/commons-daemon/commons-daemon/1.0.13/commons-daemon-1.0.13.jar:/root/.m2/repository/io/netty/netty/3.10.5.Final/netty-3.10.5.Final.jar:/root/.m2/repository/io/netty/netty-all/4.0.52.Final/netty-all-4.0.52.Final.jar:/root/.m2/repository/org/fusesource/leveldbjni/leveldbjni-all/1.8/leveldbjni-all-1.8.jar:/root/.m2/repository/com/sun/xml/bind/jaxb-core/2.3.0.1/jaxb-core-2.3.0.1.jar:/root/.m2/repository/javax/xml/bind/jaxb-api/2.3.0/jaxb-api-2.3.0.jar:/root/.m2/repository/javax/activation/activation/1.1.1/activation-1.1.1.jar:/root/.m2/repository/io/dropwizard/metrics/metrics-core/3.2.4/metrics-core-3.2.4.jar:/root/.m2/repository/org/openjdk/jmh/jmh-core/1.19/jmh-core-1.19.jar:/root/.m2/repository/net/sf/jopt-simple/jopt-simple/4.6/jopt-simple-4.6.jar:/root/.m2/repository/org/openjdk/jmh/jmh-generator-annprocess/1.19/jmh-generator-annprocess-1.19.jar:/root/.m2/repository/com/google/code/findbugs/findbugs/3.0.1/findbugs-3.0.1.jar:/root/.m2/repository/net/jcip/jcip-annotations/1.0/jcip-annotations-1.0.jar:/root/.m2/repository/com/google/code/findbugs/bcel-findbugs/6.0/bcel-findbugs-6.0.jar:/root/.m2/repository/com/google/code/findbugs/jFormatString/2.0.1/jFormatString-2.0.1.jar:/root/.m2/repository/dom4j/dom4j/1.6.1/dom4j-1.6.1.jar:/root/.m2/repository/xml-apis/xml-apis/1.0.b2/xml-apis-1.0.b2.jar:/root/.m2/repository/org/ow2/asm/asm-debug-all/5.0.2/asm-debug-all-5.0.2.jar:/root/.m2/repository/org/ow2/asm/asm-commons/5.0.2/asm-commons-5.0.2.jar:/root/.m2/repository/org/ow2/asm/asm-tree/5.0.2/asm-tree-5.0.2.jar:/root/.m2/repository/org/ow2/asm/asm/5.0.4/asm-5.0.4.jar:/root/.m2/repository/commons-lang/commons-lang/2.6/commons-lang-2.6.jar:/root/.m2/repository/com/apple/AppleJavaExtensions/1.4/AppleJavaExtensions-1.4.jar:/root/.m2/repository/jaxen/jaxen/1.1.6/jaxen-1.1.6.jar:/root/.m2/repository/junit/junit/4.11/junit-4.11.jar:/root/.m2/repository/org/hamcrest/hamcrest-core/1.3/hamcrest-core-1.3.jar:/root/.m2/repository/org/apache/hadoop/hadoop-common/3.2.0/hadoop-common-3.2.0-tests.jar:/root/.m2/repository/org/apache/hadoop/hadoop-ozone-integration-test/0.5.0-SNAPSHOT/hadoop-ozone-integration-test-0.5.0-SNAPSHOT-tests.jar:/opt/src/hadoop-ozone/objectstore-service/target/classes:/opt/src/hadoop-ozone/s3gateway/target/classes:/root/.m2/repository/org/jboss/weld/servlet/weld-servlet/2.4.7.Final/weld-servlet-2.4.7.Final.jar:/root/.m2/repository/org/glassfish/jersey/containers/jersey-container-servlet-core/2.27/jersey-container-servlet-core-2.27.jar:/root/.m2/repository/org/glassfish/hk2/external/javax.inject/2.5.0-b42/javax.inject-2.5.0-b42.jar:/root/.m2/repository/org/glassfish/jersey/core/jersey-common/2.27/jersey-common-2.27.jar:/root/.m2/repository/org/glassfish/hk2/osgi-resource-locator/1.0.1/osgi-resource-locator-1.0.1.jar:/root/.m2/repository/javax/ws/rs/javax.ws.rs-api/2.1/javax.ws.rs-api-2.1.jar:/root/.m2/repository/org/glassfish/jersey/ext/cdi/jersey-cdi1x/2.27/jersey-cdi1x-2.27.jar:/root/.m2/repository/org/glassfish/jersey/inject/jersey-hk2/2.27/jersey-hk2-2.27.jar:/root/.m2/repository/org/glassfish/hk2/hk2-locator/2.5.0-b42/hk2-locator-2.5.0-b42.jar:/root/.m2/repository/org/javassist/javassist/3.22.0-CR2/javassist-3.22.0-CR2.jar:/root/.m2/repository/org/glassfish/hk2/hk2-api/2.5.0/hk2-api-2.5.0.jar:/root/.m2/repository/org/glassfish/hk2/external/jakarta.inject/2.5.0/jakarta.inject-2.5.0.jar:/root/.m2/repository/org/glassfish/hk2/hk2-utils/2.5.0/hk2-utils-2.5.0.jar:/root/.m2/repository/jakarta/annotation/jakarta.annotation-api/1.3.4/jakarta.annotation-api-1.3.4.jar:/root/.m2/repository/org/glassfish/hk2/external/aopalliance-repackaged/2.5.0/aopalliance-repackaged-2.5.0.jar:/root/.m2/repository/com/fasterxml/jackson/dataformat/jackson-dataformat-xml/2.9.0/jackson-dataformat-xml-2.9.0.jar:/root/.m2/repository/com/fasterxml/jackson/module/jackson-module-jaxb-annotations/2.9.5/jackson-module-jaxb-annotations-2.9.5.jar:/root/.m2/repository/javax/enterprise/cdi-api/1.2/cdi-api-1.2.jar:/root/.m2/repository/javax/el/javax.el-api/3.0.0/javax.el-api-3.0.0.jar:/root/.m2/repository/javax/interceptor/javax.interceptor-api/1.2/javax.interceptor-api-1.2.jar:/root/.m2/repository/javax/inject/javax.inject/1/javax.inject-1.jar:/opt/src/hadoop-ozone/csi/target/classes:/root/.m2/repository/com/google/protobuf/protobuf-java-util/3.5.1/protobuf-java-util-3.5.1.jar:/root/.m2/repository/io/grpc/grpc-netty/1.17.1/grpc-netty-1.17.1.jar:/root/.m2/repository/io/grpc/grpc-core/1.17.1/grpc-core-1.17.1.jar:/root/.m2/repository/io/grpc/grpc-context/1.17.1/grpc-context-1.17.1.jar:/root/.m2/repository/com/google/errorprone/error_prone_annotations/2.2.0/error_prone_annotations-2.2.0.jar:/root/.m2/repository/org/codehaus/mojo/animal-sniffer-annotations/1.17/animal-sniffer-annotations-1.17.jar:/root/.m2/repository/io/opencensus/opencensus-api/0.17.0/opencensus-api-0.17.0.jar:/root/.m2/repository/io/opencensus/opencensus-contrib-grpc-metrics/0.17.0/opencensus-contrib-grpc-metrics-0.17.0.jar:/root/.m2/repository/io/netty/netty-codec-http2/4.1.30.Final/netty-codec-http2-4.1.30.Final.jar:/root/.m2/repository/io/netty/netty-codec-http/4.1.30.Final/netty-codec-http-4.1.30.Final.jar:/root/.m2/repository/io/netty/netty-codec/4.1.30.Final/netty-codec-4.1.30.Final.jar:/root/.m2/repository/io/netty/netty-handler/4.1.30.Final/netty-handler-4.1.30.Final.jar:/root/.m2/repository/io/netty/netty-handler-proxy/4.1.30.Final/netty-handler-proxy-4.1.30.Final.jar:/root/.m2/repository/io/netty/netty-codec-socks/4.1.30.Final/netty-codec-socks-4.1.30.Final.jar:/root/.m2/repository/io/netty/netty-transport-native-epoll/4.1.30.Final/netty-transport-native-epoll-4.1.30.Final.jar:/root/.m2/repository/io/netty/netty-common/4.1.30.Final/netty-common-4.1.30.Final.jar:/root/.m2/repository/io/netty/netty-buffer/4.1.30.Final/netty-buffer-4.1.30.Final.jar:/root/.m2/repository/io/netty/netty-transport/4.1.30.Final/netty-transport-4.1.30.Final.jar:/root/.m2/repository/io/netty/netty-resolver/4.1.30.Final/netty-resolver-4.1.30.Final.jar:/root/.m2/repository/io/netty/netty-transport-native-unix-common/4.1.30.Final/netty-transport-native-unix-common-4.1.30.Final.jar:/root/.m2/repository/io/grpc/grpc-protobuf/1.17.1/grpc-protobuf-1.17.1.jar:/root/.m2/repository/com/google/api/grpc/proto-google-common-protos/1.0.0/proto-google-common-protos-1.0.0.jar:/root/.m2/repository/io/grpc/grpc-protobuf-lite/1.17.1/grpc-protobuf-lite-1.17.1.jar:/root/.m2/repository/io/grpc/grpc-stub/1.17.1/grpc-stub-1.17.1.jar:/opt/src/hadoop-ozone/ozone-recon/target/classes:/opt/src/hadoop-ozone/ozone-recon-codegen/target/classes:/root/.m2/repository/com/google/inject/extensions/guice-multibindings/4.0/guice-multibindings-4.0.jar:/root/.m2/repository/com/google/inject/guice/4.0/guice-4.0.jar:/root/.m2/repository/aopalliance/aopalliance/1.0/aopalliance-1.0.jar:/root/.m2/repository/com/google/inject/extensions/guice-servlet/4.0/guice-servlet-4.0.jar:/root/.m2/repository/org/glassfish/jersey/containers/jersey-container-servlet/2.27/jersey-container-servlet-2.27.jar:/root/.m2/repository/org/glassfish/hk2/guice-bridge/2.5.0/guice-bridge-2.5.0.jar:/root/.m2/repository/org/glassfish/jersey/core/jersey-server/2.27/jersey-server-2.27.jar:/root/.m2/repository/org/glassfish/jersey/core/jersey-client/2.27/jersey-client-2.27.jar:/root/.m2/repository/org/glassfish/jersey/media/jersey-media-jaxb/2.27/jersey-media-jaxb-2.27.jar:/root/.m2/repository/javax/validation/validation-api/1.1.0.Final/validation-api-1.1.0.Final.jar:/root/.m2/repository/org/glassfish/jersey/media/jersey-media-json-jackson/2.27/jersey-media-json-jackson-2.27.jar:/root/.m2/repository/org/glassfish/jersey/ext/jersey-entity-filtering/2.27/jersey-entity-filtering-2.27.jar:/root/.m2/repository/com/google/inject/extensions/guice-assistedinject/4.0/guice-assistedinject-4.0.jar:/root/.m2/repository/org/jooq/jooq/3.11.10/jooq-3.11.10.jar:/root/.m2/repository/org/jooq/jooq-meta/3.11.10/jooq-meta-3.11.10.jar:/root/.m2/repository/org/jooq/jooq-codegen/3.11.10/jooq-codegen-3.11.10.jar:/root/.m2/repository/com/jolbox/bonecp/0.8.0.RELEASE/bonecp-0.8.0.RELEASE.jar:/root/.m2/repository/org/springframework/spring-jdbc/5.1.3.RELEASE/spring-jdbc-5.1.3.RELEASE.jar:/root/.m2/repository/org/springframework/spring-beans/5.1.3.RELEASE/spring-beans-5.1.3.RELEASE.jar:/root/.m2/repository/org/springframework/spring-core/5.1.3.RELEASE/spring-core-5.1.3.RELEASE.jar:/root/.m2/repository/org/springframework/spring-jcl/5.1.3.RELEASE/spring-jcl-5.1.3.RELEASE.jar:/root/.m2/repository/org/springframework/spring-tx/5.1.3.RELEASE/spring-tx-5.1.3.RELEASE.jar:/root/.m2/repository/org/mockito/mockito-core/2.15.0/mockito-core-2.15.0.jar:/root/.m2/repository/net/bytebuddy/byte-buddy/1.7.9/byte-buddy-1.7.9.jar:/root/.m2/repository/net/bytebuddy/byte-buddy-agent/1.7.9/byte-buddy-agent-1.7.9.jar:/root/.m2/repository/org/objenesis/objenesis/1.0/objenesis-1.0.jar:"/>
    <property name="java.vm.vendor" value="IcedTea"/>
    <property name="sun.arch.data.model" value="64"/>
    <property name="test.build.dir" value="/opt/src/hadoop-ozone/tools/target/test-dir"/>
    <property name="test.cache.data" value=""/>
    <property name="java.vendor.url" value="https://icedtea.classpath.org"/>
    <property name="user.timezone" value=""/>
    <property name="java.vm.specification.version" value="1.8"/>
    <property name="os.name" value="Linux"/>
    <property name="test.build.data" value="/opt/src/hadoop-ozone/tools/target/test-dir"/>
    <property name="user.country" value="US"/>
    <property name="sun.java.launcher" value="SUN_STANDARD"/>
    <property name="sun.boot.library.path" value="/usr/lib/jvm/java-1.8-openjdk/jre/lib/amd64"/>
    <property name="sun.java.command" value="/opt/src/hadoop-ozone/tools/target/surefire/surefirebooter8799559990968931590.jar /opt/src/hadoop-ozone/tools/target/surefire 2019-06-13T21-58-34_271-jvmRun1 surefire3354717767747582301tmp surefire_925492325713735764161tmp"/>
    <property name="surefire.test.class.path" value="/opt/src/hadoop-ozone/tools/target/test-classes:/opt/src/hadoop-ozone/tools/target/classes:/opt/src/hadoop-ozone/ozone-manager/target/classes:/opt/src/hadoop-hdds/docs/target/classes:/root/.m2/repository/org/bouncycastle/bcprov-jdk15on/1.60/bcprov-jdk15on-1.60.jar:/opt/src/hadoop-ozone/common/target/classes:/root/.m2/repository/org/apache/commons/commons-compress/1.4.1/commons-compress-1.4.1.jar:/root/.m2/repository/org/tukaani/xz/1.0/xz-1.0.jar:/root/.m2/repository/org/apache/hadoop/hadoop-hdfs-client/3.2.0/hadoop-hdfs-client-3.2.0.jar:/root/.m2/repository/com/fasterxml/jackson/core/jackson-annotations/2.9.5/jackson-annotations-2.9.5.jar:/opt/src/hadoop-hdds/common/target/classes:/opt/src/hadoop-hdds/config/target/classes:/root/.m2/repository/javax/annotation/javax.annotation-api/1.2/javax.annotation-api-1.2.jar:/root/.m2/repository/org/apache/ratis/ratis-server/0.4.0-fe2b15d-SNAPSHOT/ratis-server-0.4.0-fe2b15d-SNAPSHOT.jar:/root/.m2/repository/org/apache/ratis/ratis-thirdparty-misc/0.2.0/ratis-thirdparty-misc-0.2.0.jar:/root/.m2/repository/org/apache/ratis/ratis-proto/0.4.0-fe2b15d-SNAPSHOT/ratis-proto-0.4.0-fe2b15d-SNAPSHOT.jar:/root/.m2/repository/org/apache/ratis/ratis-common/0.4.0-fe2b15d-SNAPSHOT/ratis-common-0.4.0-fe2b15d-SNAPSHOT.jar:/root/.m2/repository/org/apache/ratis/ratis-client/0.4.0-fe2b15d-SNAPSHOT/ratis-client-0.4.0-fe2b15d-SNAPSHOT.jar:/root/.m2/repository/org/apache/ratis/ratis-netty/0.4.0-fe2b15d-SNAPSHOT/ratis-netty-0.4.0-fe2b15d-SNAPSHOT.jar:/root/.m2/repository/org/apache/ratis/ratis-grpc/0.4.0-fe2b15d-SNAPSHOT/ratis-grpc-0.4.0-fe2b15d-SNAPSHOT.jar:/root/.m2/repository/org/rocksdb/rocksdbjni/5.14.2/rocksdbjni-5.14.2.jar:/root/.m2/repository/org/apache/logging/log4j/log4j-api/2.11.0/log4j-api-2.11.0.jar:/root/.m2/repository/org/apache/logging/log4j/log4j-core/2.11.0/log4j-core-2.11.0.jar:/root/.m2/repository/com/lmax/disruptor/3.4.2/disruptor-3.4.2.jar:/root/.m2/repository/org/apache/commons/commons-pool2/2.6.0/commons-pool2-2.6.0.jar:/root/.m2/repository/org/bouncycastle/bcpkix-jdk15on/1.60/bcpkix-jdk15on-1.60.jar:/root/.m2/repository/commons-validator/commons-validator/1.6/commons-validator-1.6.jar:/root/.m2/repository/commons-digester/commons-digester/1.8.1/commons-digester-1.8.1.jar:/root/.m2/repository/io/jaegertracing/jaeger-client/0.33.1/jaeger-client-0.33.1.jar:/root/.m2/repository/io/jaegertracing/jaeger-thrift/0.33.1/jaeger-thrift-0.33.1.jar:/root/.m2/repository/org/apache/thrift/libthrift/0.11.0/libthrift-0.11.0.jar:/root/.m2/repository/com/squareup/okhttp3/okhttp/3.9.0/okhttp-3.9.0.jar:/root/.m2/repository/com/squareup/okio/okio/1.13.0/okio-1.13.0.jar:/root/.m2/repository/io/jaegertracing/jaeger-core/0.33.1/jaeger-core-0.33.1.jar:/root/.m2/repository/io/jaegertracing/jaeger-tracerresolver/0.33.1/jaeger-tracerresolver-0.33.1.jar:/root/.m2/repository/io/opentracing/contrib/opentracing-tracerresolver/0.1.5/opentracing-tracerresolver-0.1.5.jar:/root/.m2/repository/io/opentracing/opentracing-util/0.31.0/opentracing-util-0.31.0.jar:/root/.m2/repository/io/opentracing/opentracing-api/0.31.0/opentracing-api-0.31.0.jar:/root/.m2/repository/io/opentracing/opentracing-noop/0.31.0/opentracing-noop-0.31.0.jar:/root/.m2/repository/org/yaml/snakeyaml/1.16/snakeyaml-1.16.jar:/opt/src/hadoop-hdds/server-scm/target/classes:/root/.m2/repository/org/hamcrest/hamcrest-all/1.3/hamcrest-all-1.3.jar:/opt/src/hadoop-hdds/container-service/target/classes:/opt/src/hadoop-hdds/client/target/classes:/opt/src/hadoop-hdds/tools/target/classes:/root/.m2/repository/org/xerial/sqlite-jdbc/3.25.2/sqlite-jdbc-3.25.2.jar:/opt/src/hadoop-ozone/client/target/classes:/opt/src/hadoop-ozone/ozonefs/target/classes:/opt/src/hadoop-hdds/framework/target/classes:/root/.m2/repository/info/picocli/picocli/3.9.6/picocli-3.9.6.jar:/root/.m2/repository/com/google/protobuf/protobuf-java/2.5.0/protobuf-java-2.5.0.jar:/root/.m2/repository/com/google/guava/guava/11.0.2/guava-11.0.2.jar:/root/.m2/repository/org/apache/hadoop/hadoop-common/3.2.0/hadoop-common-3.2.0.jar:/root/.m2/repository/org/apache/hadoop/hadoop-annotations/3.2.0/hadoop-annotations-3.2.0.jar:/usr/lib/jvm/java-1.8-openjdk/jre/../lib/tools.jar:/root/.m2/repository/commons-cli/commons-cli/1.2/commons-cli-1.2.jar:/root/.m2/repository/org/apache/commons/commons-math3/3.1.1/commons-math3-3.1.1.jar:/root/.m2/repository/org/apache/httpcomponents/httpclient/4.5.2/httpclient-4.5.2.jar:/root/.m2/repository/org/apache/httpcomponents/httpcore/4.4.4/httpcore-4.4.4.jar:/root/.m2/repository/commons-codec/commons-codec/1.11/commons-codec-1.11.jar:/root/.m2/repository/commons-io/commons-io/2.5/commons-io-2.5.jar:/root/.m2/repository/commons-net/commons-net/3.6/commons-net-3.6.jar:/root/.m2/repository/commons-collections/commons-collections/3.2.2/commons-collections-3.2.2.jar:/root/.m2/repository/javax/servlet/javax.servlet-api/3.1.0/javax.servlet-api-3.1.0.jar:/root/.m2/repository/org/eclipse/jetty/jetty-server/9.3.24.v20180605/jetty-server-9.3.24.v20180605.jar:/root/.m2/repository/org/eclipse/jetty/jetty-http/9.3.24.v20180605/jetty-http-9.3.24.v20180605.jar:/root/.m2/repository/org/eclipse/jetty/jetty-io/9.3.24.v20180605/jetty-io-9.3.24.v20180605.jar:/root/.m2/repository/org/eclipse/jetty/jetty-util/9.3.24.v20180605/jetty-util-9.3.24.v20180605.jar:/root/.m2/repository/org/eclipse/jetty/jetty-servlet/9.3.24.v20180605/jetty-servlet-9.3.24.v20180605.jar:/root/.m2/repository/org/eclipse/jetty/jetty-security/9.3.24.v20180605/jetty-security-9.3.24.v20180605.jar:/root/.m2/repository/org/eclipse/jetty/jetty-webapp/9.3.24.v20180605/jetty-webapp-9.3.24.v20180605.jar:/root/.m2/repository/org/eclipse/jetty/jetty-xml/9.3.24.v20180605/jetty-xml-9.3.24.v20180605.jar:/root/.m2/repository/javax/servlet/jsp/jsp-api/2.1/jsp-api-2.1.jar:/root/.m2/repository/com/sun/jersey/jersey-core/1.19/jersey-core-1.19.jar:/root/.m2/repository/javax/ws/rs/jsr311-api/1.1.1/jsr311-api-1.1.1.jar:/root/.m2/repository/com/sun/jersey/jersey-servlet/1.19/jersey-servlet-1.19.jar:/root/.m2/repository/com/sun/jersey/jersey-json/1.19/jersey-json-1.19.jar:/root/.m2/repository/org/codehaus/jettison/jettison/1.1/jettison-1.1.jar:/root/.m2/repository/com/sun/xml/bind/jaxb-impl/2.3.0.1/jaxb-impl-2.3.0.1.jar:/root/.m2/repository/org/codehaus/jackson/jackson-core-asl/1.9.13/jackson-core-asl-1.9.13.jar:/root/.m2/repository/org/codehaus/jackson/jackson-mapper-asl/1.9.13/jackson-mapper-asl-1.9.13.jar:/root/.m2/repository/org/codehaus/jackson/jackson-jaxrs/1.9.13/jackson-jaxrs-1.9.13.jar:/root/.m2/repository/org/codehaus/jackson/jackson-xc/1.9.13/jackson-xc-1.9.13.jar:/root/.m2/repository/com/sun/jersey/jersey-server/1.19/jersey-server-1.19.jar:/root/.m2/repository/commons-logging/commons-logging/1.1.3/commons-logging-1.1.3.jar:/root/.m2/repository/log4j/log4j/1.2.17/log4j-1.2.17.jar:/root/.m2/repository/commons-beanutils/commons-beanutils/1.9.3/commons-beanutils-1.9.3.jar:/root/.m2/repository/org/apache/commons/commons-configuration2/2.1.1/commons-configuration2-2.1.1.jar:/root/.m2/repository/org/apache/commons/commons-lang3/3.7/commons-lang3-3.7.jar:/root/.m2/repository/org/apache/commons/commons-text/1.4/commons-text-1.4.jar:/root/.m2/repository/org/slf4j/slf4j-api/1.7.25/slf4j-api-1.7.25.jar:/root/.m2/repository/org/slf4j/slf4j-log4j12/1.7.25/slf4j-log4j12-1.7.25.jar:/root/.m2/repository/org/apache/avro/avro/1.7.7/avro-1.7.7.jar:/root/.m2/repository/com/thoughtworks/paranamer/paranamer/2.3/paranamer-2.3.jar:/root/.m2/repository/org/xerial/snappy/snappy-java/1.0.5/snappy-java-1.0.5.jar:/root/.m2/repository/com/google/re2j/re2j/1.1/re2j-1.1.jar:/root/.m2/repository/com/google/code/gson/gson/2.2.4/gson-2.2.4.jar:/root/.m2/repository/org/apache/hadoop/hadoop-auth/3.2.0/hadoop-auth-3.2.0.jar:/root/.m2/repository/com/nimbusds/nimbus-jose-jwt/4.41.1/nimbus-jose-jwt-4.41.1.jar:/root/.m2/repository/com/github/stephenc/jcip/jcip-annotations/1.0-1/jcip-annotations-1.0-1.jar:/root/.m2/repository/net/minidev/json-smart/2.3/json-smart-2.3.jar:/root/.m2/repository/net/minidev/accessors-smart/1.2/accessors-smart-1.2.jar:/root/.m2/repository/org/apache/curator/curator-framework/2.12.0/curator-framework-2.12.0.jar:/root/.m2/repository/com/jcraft/jsch/0.1.54/jsch-0.1.54.jar:/root/.m2/repository/org/apache/curator/curator-client/2.12.0/curator-client-2.12.0.jar:/root/.m2/repository/org/apache/curator/curator-recipes/2.12.0/curator-recipes-2.12.0.jar:/root/.m2/repository/com/google/code/findbugs/jsr305/3.0.0/jsr305-3.0.0.jar:/root/.m2/repository/org/apache/htrace/htrace-core4/4.1.0-incubating/htrace-core4-4.1.0-incubating.jar:/root/.m2/repository/org/apache/zookeeper/zookeeper/3.4.13/zookeeper-3.4.13.jar:/root/.m2/repository/org/apache/yetus/audience-annotations/0.5.0/audience-annotations-0.5.0.jar:/root/.m2/repository/org/apache/kerby/kerb-simplekdc/1.0.1/kerb-simplekdc-1.0.1.jar:/root/.m2/repository/org/apache/kerby/kerb-client/1.0.1/kerb-client-1.0.1.jar:/root/.m2/repository/org/apache/kerby/kerby-config/1.0.1/kerby-config-1.0.1.jar:/root/.m2/repository/org/apache/kerby/kerb-core/1.0.1/kerb-core-1.0.1.jar:/root/.m2/repository/org/apache/kerby/kerby-pkix/1.0.1/kerby-pkix-1.0.1.jar:/root/.m2/repository/org/apache/kerby/kerby-asn1/1.0.1/kerby-asn1-1.0.1.jar:/root/.m2/repository/org/apache/kerby/kerby-util/1.0.1/kerby-util-1.0.1.jar:/root/.m2/repository/org/apache/kerby/kerb-common/1.0.1/kerb-common-1.0.1.jar:/root/.m2/repository/org/apache/kerby/kerb-crypto/1.0.1/kerb-crypto-1.0.1.jar:/root/.m2/repository/org/apache/kerby/kerb-util/1.0.1/kerb-util-1.0.1.jar:/root/.m2/repository/org/apache/kerby/token-provider/1.0.1/token-provider-1.0.1.jar:/root/.m2/repository/org/apache/kerby/kerb-admin/1.0.1/kerb-admin-1.0.1.jar:/root/.m2/repository/org/apache/kerby/kerb-server/1.0.1/kerb-server-1.0.1.jar:/root/.m2/repository/org/apache/kerby/kerb-identity/1.0.1/kerb-identity-1.0.1.jar:/root/.m2/repository/org/apache/kerby/kerby-xdr/1.0.1/kerby-xdr-1.0.1.jar:/root/.m2/repository/com/fasterxml/jackson/core/jackson-databind/2.9.5/jackson-databind-2.9.5.jar:/root/.m2/repository/com/fasterxml/jackson/core/jackson-core/2.9.5/jackson-core-2.9.5.jar:/root/.m2/repository/org/codehaus/woodstox/stax2-api/3.1.4/stax2-api-3.1.4.jar:/root/.m2/repository/com/fasterxml/woodstox/woodstox-core/5.0.3/woodstox-core-5.0.3.jar:/root/.m2/repository/dnsjava/dnsjava/2.1.7/dnsjava-2.1.7.jar:/root/.m2/repository/org/apache/hadoop/hadoop-hdfs/3.2.0/hadoop-hdfs-3.2.0.jar:/root/.m2/repository/org/eclipse/jetty/jetty-util-ajax/9.3.24.v20180605/jetty-util-ajax-9.3.24.v20180605.jar:/root/.m2/repository/commons-daemon/commons-daemon/1.0.13/commons-daemon-1.0.13.jar:/root/.m2/repository/io/netty/netty/3.10.5.Final/netty-3.10.5.Final.jar:/root/.m2/repository/io/netty/netty-all/4.0.52.Final/netty-all-4.0.52.Final.jar:/root/.m2/repository/org/fusesource/leveldbjni/leveldbjni-all/1.8/leveldbjni-all-1.8.jar:/root/.m2/repository/com/sun/xml/bind/jaxb-core/2.3.0.1/jaxb-core-2.3.0.1.jar:/root/.m2/repository/javax/xml/bind/jaxb-api/2.3.0/jaxb-api-2.3.0.jar:/root/.m2/repository/javax/activation/activation/1.1.1/activation-1.1.1.jar:/root/.m2/repository/io/dropwizard/metrics/metrics-core/3.2.4/metrics-core-3.2.4.jar:/root/.m2/repository/org/openjdk/jmh/jmh-core/1.19/jmh-core-1.19.jar:/root/.m2/repository/net/sf/jopt-simple/jopt-simple/4.6/jopt-simple-4.6.jar:/root/.m2/repository/org/openjdk/jmh/jmh-generator-annprocess/1.19/jmh-generator-annprocess-1.19.jar:/root/.m2/repository/com/google/code/findbugs/findbugs/3.0.1/findbugs-3.0.1.jar:/root/.m2/repository/net/jcip/jcip-annotations/1.0/jcip-annotations-1.0.jar:/root/.m2/repository/com/google/code/findbugs/bcel-findbugs/6.0/bcel-findbugs-6.0.jar:/root/.m2/repository/com/google/code/findbugs/jFormatString/2.0.1/jFormatString-2.0.1.jar:/root/.m2/repository/dom4j/dom4j/1.6.1/dom4j-1.6.1.jar:/root/.m2/repository/xml-apis/xml-apis/1.0.b2/xml-apis-1.0.b2.jar:/root/.m2/repository/org/ow2/asm/asm-debug-all/5.0.2/asm-debug-all-5.0.2.jar:/root/.m2/repository/org/ow2/asm/asm-commons/5.0.2/asm-commons-5.0.2.jar:/root/.m2/repository/org/ow2/asm/asm-tree/5.0.2/asm-tree-5.0.2.jar:/root/.m2/repository/org/ow2/asm/asm/5.0.4/asm-5.0.4.jar:/root/.m2/repository/commons-lang/commons-lang/2.6/commons-lang-2.6.jar:/root/.m2/repository/com/apple/AppleJavaExtensions/1.4/AppleJavaExtensions-1.4.jar:/root/.m2/repository/jaxen/jaxen/1.1.6/jaxen-1.1.6.jar:/root/.m2/repository/junit/junit/4.11/junit-4.11.jar:/root/.m2/repository/org/hamcrest/hamcrest-core/1.3/hamcrest-core-1.3.jar:/root/.m2/repository/org/apache/hadoop/hadoop-common/3.2.0/hadoop-common-3.2.0-tests.jar:/root/.m2/repository/org/apache/hadoop/hadoop-ozone-integration-test/0.5.0-SNAPSHOT/hadoop-ozone-integration-test-0.5.0-SNAPSHOT-tests.jar:/opt/src/hadoop-ozone/objectstore-service/target/classes:/opt/src/hadoop-ozone/s3gateway/target/classes:/root/.m2/repository/org/jboss/weld/servlet/weld-servlet/2.4.7.Final/weld-servlet-2.4.7.Final.jar:/root/.m2/repository/org/glassfish/jersey/containers/jersey-container-servlet-core/2.27/jersey-container-servlet-core-2.27.jar:/root/.m2/repository/org/glassfish/hk2/external/javax.inject/2.5.0-b42/javax.inject-2.5.0-b42.jar:/root/.m2/repository/org/glassfish/jersey/core/jersey-common/2.27/jersey-common-2.27.jar:/root/.m2/repository/org/glassfish/hk2/osgi-resource-locator/1.0.1/osgi-resource-locator-1.0.1.jar:/root/.m2/repository/javax/ws/rs/javax.ws.rs-api/2.1/javax.ws.rs-api-2.1.jar:/root/.m2/repository/org/glassfish/jersey/ext/cdi/jersey-cdi1x/2.27/jersey-cdi1x-2.27.jar:/root/.m2/repository/org/glassfish/jersey/inject/jersey-hk2/2.27/jersey-hk2-2.27.jar:/root/.m2/repository/org/glassfish/hk2/hk2-locator/2.5.0-b42/hk2-locator-2.5.0-b42.jar:/root/.m2/repository/org/javassist/javassist/3.22.0-CR2/javassist-3.22.0-CR2.jar:/root/.m2/repository/org/glassfish/hk2/hk2-api/2.5.0/hk2-api-2.5.0.jar:/root/.m2/repository/org/glassfish/hk2/external/jakarta.inject/2.5.0/jakarta.inject-2.5.0.jar:/root/.m2/repository/org/glassfish/hk2/hk2-utils/2.5.0/hk2-utils-2.5.0.jar:/root/.m2/repository/jakarta/annotation/jakarta.annotation-api/1.3.4/jakarta.annotation-api-1.3.4.jar:/root/.m2/repository/org/glassfish/hk2/external/aopalliance-repackaged/2.5.0/aopalliance-repackaged-2.5.0.jar:/root/.m2/repository/com/fasterxml/jackson/dataformat/jackson-dataformat-xml/2.9.0/jackson-dataformat-xml-2.9.0.jar:/root/.m2/repository/com/fasterxml/jackson/module/jackson-module-jaxb-annotations/2.9.5/jackson-module-jaxb-annotations-2.9.5.jar:/root/.m2/repository/javax/enterprise/cdi-api/1.2/cdi-api-1.2.jar:/root/.m2/repository/javax/el/javax.el-api/3.0.0/javax.el-api-3.0.0.jar:/root/.m2/repository/javax/interceptor/javax.interceptor-api/1.2/javax.interceptor-api-1.2.jar:/root/.m2/repository/javax/inject/javax.inject/1/javax.inject-1.jar:/opt/src/hadoop-ozone/csi/target/classes:/root/.m2/repository/com/google/protobuf/protobuf-java-util/3.5.1/protobuf-java-util-3.5.1.jar:/root/.m2/repository/io/grpc/grpc-netty/1.17.1/grpc-netty-1.17.1.jar:/root/.m2/repository/io/grpc/grpc-core/1.17.1/grpc-core-1.17.1.jar:/root/.m2/repository/io/grpc/grpc-context/1.17.1/grpc-context-1.17.1.jar:/root/.m2/repository/com/google/errorprone/error_prone_annotations/2.2.0/error_prone_annotations-2.2.0.jar:/root/.m2/repository/org/codehaus/mojo/animal-sniffer-annotations/1.17/animal-sniffer-annotations-1.17.jar:/root/.m2/repository/io/opencensus/opencensus-api/0.17.0/opencensus-api-0.17.0.jar:/root/.m2/repository/io/opencensus/opencensus-contrib-grpc-metrics/0.17.0/opencensus-contrib-grpc-metrics-0.17.0.jar:/root/.m2/repository/io/netty/netty-codec-http2/4.1.30.Final/netty-codec-http2-4.1.30.Final.jar:/root/.m2/repository/io/netty/netty-codec-http/4.1.30.Final/netty-codec-http-4.1.30.Final.jar:/root/.m2/repository/io/netty/netty-codec/4.1.30.Final/netty-codec-4.1.30.Final.jar:/root/.m2/repository/io/netty/netty-handler/4.1.30.Final/netty-handler-4.1.30.Final.jar:/root/.m2/repository/io/netty/netty-handler-proxy/4.1.30.Final/netty-handler-proxy-4.1.30.Final.jar:/root/.m2/repository/io/netty/netty-codec-socks/4.1.30.Final/netty-codec-socks-4.1.30.Final.jar:/root/.m2/repository/io/netty/netty-transport-native-epoll/4.1.30.Final/netty-transport-native-epoll-4.1.30.Final.jar:/root/.m2/repository/io/netty/netty-common/4.1.30.Final/netty-common-4.1.30.Final.jar:/root/.m2/repository/io/netty/netty-buffer/4.1.30.Final/netty-buffer-4.1.30.Final.jar:/root/.m2/repository/io/netty/netty-transport/4.1.30.Final/netty-transport-4.1.30.Final.jar:/root/.m2/repository/io/netty/netty-resolver/4.1.30.Final/netty-resolver-4.1.30.Final.jar:/root/.m2/repository/io/netty/netty-transport-native-unix-common/4.1.30.Final/netty-transport-native-unix-common-4.1.30.Final.jar:/root/.m2/repository/io/grpc/grpc-protobuf/1.17.1/grpc-protobuf-1.17.1.jar:/root/.m2/repository/com/google/api/grpc/proto-google-common-protos/1.0.0/proto-google-common-protos-1.0.0.jar:/root/.m2/repository/io/grpc/grpc-protobuf-lite/1.17.1/grpc-protobuf-lite-1.17.1.jar:/root/.m2/repository/io/grpc/grpc-stub/1.17.1/grpc-stub-1.17.1.jar:/opt/src/hadoop-ozone/ozone-recon/target/classes:/opt/src/hadoop-ozone/ozone-recon-codegen/target/classes:/root/.m2/repository/com/google/inject/extensions/guice-multibindings/4.0/guice-multibindings-4.0.jar:/root/.m2/repository/com/google/inject/guice/4.0/guice-4.0.jar:/root/.m2/repository/aopalliance/aopalliance/1.0/aopalliance-1.0.jar:/root/.m2/repository/com/google/inject/extensions/guice-servlet/4.0/guice-servlet-4.0.jar:/root/.m2/repository/org/glassfish/jersey/containers/jersey-container-servlet/2.27/jersey-container-servlet-2.27.jar:/root/.m2/repository/org/glassfish/hk2/guice-bridge/2.5.0/guice-bridge-2.5.0.jar:/root/.m2/repository/org/glassfish/jersey/core/jersey-server/2.27/jersey-server-2.27.jar:/root/.m2/repository/org/glassfish/jersey/core/jersey-client/2.27/jersey-client-2.27.jar:/root/.m2/repository/org/glassfish/jersey/media/jersey-media-jaxb/2.27/jersey-media-jaxb-2.27.jar:/root/.m2/repository/javax/validation/validation-api/1.1.0.Final/validation-api-1.1.0.Final.jar:/root/.m2/repository/org/glassfish/jersey/media/jersey-media-json-jackson/2.27/jersey-media-json-jackson-2.27.jar:/root/.m2/repository/org/glassfish/jersey/ext/jersey-entity-filtering/2.27/jersey-entity-filtering-2.27.jar:/root/.m2/repository/com/google/inject/extensions/guice-assistedinject/4.0/guice-assistedinject-4.0.jar:/root/.m2/repository/org/jooq/jooq/3.11.10/jooq-3.11.10.jar:/root/.m2/repository/org/jooq/jooq-meta/3.11.10/jooq-meta-3.11.10.jar:/root/.m2/repository/org/jooq/jooq-codegen/3.11.10/jooq-codegen-3.11.10.jar:/root/.m2/repository/com/jolbox/bonecp/0.8.0.RELEASE/bonecp-0.8.0.RELEASE.jar:/root/.m2/repository/org/springframework/spring-jdbc/5.1.3.RELEASE/spring-jdbc-5.1.3.RELEASE.jar:/root/.m2/repository/org/springframework/spring-beans/5.1.3.RELEASE/spring-beans-5.1.3.RELEASE.jar:/root/.m2/repository/org/springframework/spring-core/5.1.3.RELEASE/spring-core-5.1.3.RELEASE.jar:/root/.m2/repository/org/springframework/spring-jcl/5.1.3.RELEASE/spring-jcl-5.1.3.RELEASE.jar:/root/.m2/repository/org/springframework/spring-tx/5.1.3.RELEASE/spring-tx-5.1.3.RELEASE.jar:/root/.m2/repository/org/mockito/mockito-core/2.15.0/mockito-core-2.15.0.jar:/root/.m2/repository/net/bytebuddy/byte-buddy/1.7.9/byte-buddy-1.7.9.jar:/root/.m2/repository/net/bytebuddy/byte-buddy-agent/1.7.9/byte-buddy-agent-1.7.9.jar:/root/.m2/repository/org/objenesis/objenesis/1.0/objenesis-1.0.jar:"/>
    <property name="sun.cpu.endian" value="little"/>
    <property name="user.home" value="/root"/>
    <property name="user.language" value="en"/>
    <property name="java.specification.vendor" value="Oracle Corporation"/>
    <property name="java.home" value="/usr/lib/jvm/java-1.8-openjdk/jre"/>
    <property name="java.security.krb5.conf" value="/opt/src/hadoop-ozone/tools/target/test-classes/krb5.conf"/>
    <property name="basedir" value="/opt/src/hadoop-ozone/tools"/>
    <property name="file.separator" value="/"/>
    <property name="line.separator" value="&#10;"/>
    <property name="java.vm.specification.vendor" value="Oracle Corporation"/>
    <property name="java.specification.name" value="Java Platform API Specification"/>
    <property name="java.awt.graphicsenv" value="sun.awt.X11GraphicsEnvironment"/>
    <property name="surefire.real.class.path" value="/opt/src/hadoop-ozone/tools/target/surefire/surefirebooter8799559990968931590.jar"/>
    <property name="hadoop.log.dir" value="/opt/src/hadoop-ozone/tools/target/log"/>
    <property name="sun.boot.class.path" value="/usr/lib/jvm/java-1.8-openjdk/jre/lib/resources.jar:/usr/lib/jvm/java-1.8-openjdk/jre/lib/rt.jar:/usr/lib/jvm/java-1.8-openjdk/jre/lib/sunrsasign.jar:/usr/lib/jvm/java-1.8-openjdk/jre/lib/jsse.jar:/usr/lib/jvm/java-1.8-openjdk/jre/lib/jce.jar:/usr/lib/jvm/java-1.8-openjdk/jre/lib/charsets.jar:/usr/lib/jvm/java-1.8-openjdk/jre/lib/jfr.jar:/usr/lib/jvm/java-1.8-openjdk/jre/classes"/>
    <property name="sun.management.compiler" value="HotSpot 64-Bit Tiered Compilers"/>
    <property name="java.runtime.version" value="1.8.0_212-b04"/>
    <property name="java.net.preferIPv4Stack" value="true"/>
    <property name="user.name" value="root"/>
    <property name="path.separator" value=":"/>
    <property name="java.security.egd" value="file:///dev/urandom"/>
    <property name="os.version" value="4.15.0-1021-aws"/>
    <property name="java.endorsed.dirs" value="/usr/lib/jvm/java-1.8-openjdk/jre/lib/endorsed"/>
    <property name="java.runtime.name" value="OpenJDK Runtime Environment"/>
    <property name="file.encoding" value="UTF-8"/>
    <property name="java.vm.name" value="OpenJDK 64-Bit Server VM"/>
    <property name="test.build.webapps" value=""/>
    <property name="localRepository" value="/root/.m2/repository"/>
    <property name="java.vendor.url.bug" value="https://icedtea.classpath.org/bugzilla"/>
    <property name="java.io.tmpdir" value="/tmp"/>
    <property name="require.test.libhadoop" value=""/>
    <property name="java.version" value="1.8.0_212"/>
    <property name="user.dir" value="/opt/src/hadoop-ozone/tools"/>
    <property name="os.arch" value="amd64"/>
    <property name="java.vm.specification.name" value="Java Virtual Machine Specification"/>
    <property name="test.build.classes" value="/opt/src/hadoop-ozone/tools/target/test-classes"/>
    <property name="java.awt.printerjob" value="sun.print.PSPrinterJob"/>
    <property name="sun.os.patch.level" value="unknown"/>
    <property name="hadoop.tmp.dir" value="/opt/src/hadoop-ozone/tools/target/tmp"/>
    <property name="java.library.path" value="/usr/lib/jvm/java-1.8-openjdk/jre/lib/amd64/server:/usr/lib/jvm/java-1.8-openjdk/jre/lib/amd64:/usr/lib/jvm/java-1.8-openjdk/jre/../lib/amd64:/opt/src/hadoop-ozone/tools/target/native/target/usr/local/lib:/opt/src/hadoop-ozone/tools/../../hadoop-common-project/hadoop-common/target/native/target/usr/local/lib:/usr/java/packages/lib/amd64:/usr/lib64:/lib64:/lib:/usr/lib"/>
    <property name="java.vm.info" value="mixed mode"/>
    <property name="java.vendor" value="IcedTea"/>
    <property name="java.vm.version" value="25.212-b04"/>
    <property name="java.ext.dirs" value="/usr/lib/jvm/java-1.8-openjdk/jre/lib/ext:/usr/java/packages/lib/ext"/>
    <property name="sun.io.unicode.encoding" value="UnicodeLittle"/>
    <property name="java.class.version" value="52.0"/>
  </properties>
  <testcase name="testRestart" classname="org.apache.hadoop.ozone.freon.TestFreonWithDatanodeRestart" time="0">
    <skipped/>
    <system-out><![CDATA[2019-06-13 22:07:17,840 WARN  server.ServerUtils (ServerUtils.java:getScmDbDir(145)) - ozone.scm.db.dirs is not configured. We recommend adding this setting. Falling back to ozone.metadata.dirs instead.
2019-06-13 22:07:17,911 WARN  server.ServerUtils (ServerUtils.java:getScmDbDir(145)) - ozone.scm.db.dirs is not configured. We recommend adding this setting. Falling back to ozone.metadata.dirs instead.
2019-06-13 22:07:17,914 WARN  server.ServerUtils (ServerUtils.java:getScmDbDir(145)) - ozone.scm.db.dirs is not configured. We recommend adding this setting. Falling back to ozone.metadata.dirs instead.
2019-06-13 22:07:17,929 INFO  util.log (Log.java:initialized(192)) - Logging initialized @713ms
2019-06-13 22:07:18,023 INFO  db.DBStoreBuilder (DBStoreBuilder.java:addTable(110)) - using custom profile for table: deletedBlocks
2019-06-13 22:07:18,023 INFO  db.DBStoreBuilder (DBStoreBuilder.java:processTables(161)) - Using default column profile:DBProfile.DISK for Table:deletedBlocks
2019-06-13 22:07:18,024 INFO  db.DBStoreBuilder (DBStoreBuilder.java:addTable(110)) - using custom profile for table: validCerts
2019-06-13 22:07:18,024 INFO  db.DBStoreBuilder (DBStoreBuilder.java:processTables(161)) - Using default column profile:DBProfile.DISK for Table:validCerts
2019-06-13 22:07:18,024 INFO  db.DBStoreBuilder (DBStoreBuilder.java:addTable(110)) - using custom profile for table: revokedCerts
2019-06-13 22:07:18,025 INFO  db.DBStoreBuilder (DBStoreBuilder.java:processTables(161)) - Using default column profile:DBProfile.DISK for Table:revokedCerts
2019-06-13 22:07:18,040 INFO  db.DBStoreBuilder (DBStoreBuilder.java:addTable(110)) - using custom profile for table: default
2019-06-13 22:07:18,041 INFO  db.DBStoreBuilder (DBStoreBuilder.java:processTables(167)) - Using default column profile:DBProfile.DISK for Table:default
2019-06-13 22:07:18,043 INFO  db.DBStoreBuilder (DBStoreBuilder.java:getDbProfile(198)) - Using default options. DBProfile.DISK
2019-06-13 22:07:18,125 INFO  node.SCMNodeManager (SCMNodeManager.java:<init>(108)) - Entering startup safe mode.
2019-06-13 22:07:18,197 INFO  net.NodeSchemaLoader (NodeSchemaLoader.java:loadSchemaFromFile(125)) - Loading file from sun.misc.CompoundEnumeration@1cbbffcd
2019-06-13 22:07:18,199 INFO  net.NodeSchemaLoader (NodeSchemaLoader.java:loadSchema(171)) - Loading network topology layer schema file
2019-06-13 22:07:18,255 WARN  server.ServerUtils (ServerUtils.java:getScmDbDir(145)) - ozone.scm.db.dirs is not configured. We recommend adding this setting. Falling back to ozone.metadata.dirs instead.
2019-06-13 22:07:18,276 INFO  pipeline.SCMPipelineManager (SCMPipelineManager.java:initializePipelineState(126)) - No pipeline exists in current db
2019-06-13 22:07:18,279 WARN  server.ServerUtils (ServerUtils.java:getScmDbDir(145)) - ozone.scm.db.dirs is not configured. We recommend adding this setting. Falling back to ozone.metadata.dirs instead.
2019-06-13 22:07:18,340 WARN  events.EventQueue (EventQueue.java:fireEvent(175)) - No event handler registered for event TypedEvent{payloadType=SafeModeStatus, name='SafeModeStatus'}
2019-06-13 22:07:18,676 INFO  ipc.CallQueueManager (CallQueueManager.java:<init>(84)) - Using callQueue: class java.util.concurrent.LinkedBlockingQueue, queueCapacity: 2000, scheduler: class org.apache.hadoop.ipc.DefaultRpcScheduler, ipcBackoff: false.
2019-06-13 22:07:18,697 INFO  ipc.Server (Server.java:run(1074)) - Starting Socket Reader #1 for port 41363
2019-06-13 22:07:18,715 INFO  ipc.CallQueueManager (CallQueueManager.java:<init>(84)) - Using callQueue: class java.util.concurrent.LinkedBlockingQueue, queueCapacity: 2000, scheduler: class org.apache.hadoop.ipc.DefaultRpcScheduler, ipcBackoff: false.
2019-06-13 22:07:18,716 INFO  ipc.Server (Server.java:run(1074)) - Starting Socket Reader #1 for port 40899
2019-06-13 22:07:18,721 INFO  ipc.CallQueueManager (CallQueueManager.java:<init>(84)) - Using callQueue: class java.util.concurrent.LinkedBlockingQueue, queueCapacity: 2000, scheduler: class org.apache.hadoop.ipc.DefaultRpcScheduler, ipcBackoff: false.
2019-06-13 22:07:18,722 INFO  ipc.Server (Server.java:run(1074)) - Starting Socket Reader #1 for port 40919
2019-06-13 22:07:18,739 INFO  hdfs.DFSUtil (DFSUtil.java:httpServerTemplateForNNAndJN(1641)) - Starting Web-server for scm at: http://0.0.0.0:0
2019-06-13 22:07:18,870 INFO  server.AuthenticationFilter (AuthenticationFilter.java:constructSecretProvider(240)) - Unable to initialize FileSignerSecretProvider, falling back to use random secrets.
2019-06-13 22:07:18,883 WARN  http.HttpRequestLog (HttpRequestLog.java:getRequestLog(97)) - Jetty request log can only be enabled using Log4j
2019-06-13 22:07:18,890 INFO  http.HttpServer2 (HttpServer2.java:addGlobalFilter(975)) - Added global filter 'safety' (class=org.apache.hadoop.http.HttpServer2$QuotingInputFilter)
2019-06-13 22:07:18,892 INFO  http.HttpServer2 (HttpServer2.java:addFilter(948)) - Added filter static_user_filter (class=org.apache.hadoop.http.lib.StaticUserWebFilter$StaticUserFilter) to context scm
2019-06-13 22:07:18,892 INFO  http.HttpServer2 (HttpServer2.java:addFilter(958)) - Added filter static_user_filter (class=org.apache.hadoop.http.lib.StaticUserWebFilter$StaticUserFilter) to context static
2019-06-13 22:07:18,892 INFO  http.HttpServer2 (HttpServer2.java:addFilter(958)) - Added filter static_user_filter (class=org.apache.hadoop.http.lib.StaticUserWebFilter$StaticUserFilter) to context logs
2019-06-13 22:07:18,911 INFO  server.StorageContainerManager (StorageContainerManager.java:start(752)) - StorageContainerLocationProtocol RPC server is listening at /0.0.0.0:40919
2019-06-13 22:07:18,952 WARN  impl.MetricsConfig (MetricsConfig.java:loadFirst(134)) - Cannot locate configuration: tried hadoop-metrics2-storagecontainermanager.properties,hadoop-metrics2.properties
2019-06-13 22:07:18,962 INFO  impl.MetricsSystemImpl (MetricsSystemImpl.java:startTimer(374)) - Scheduled Metric snapshot period at 10 second(s).
2019-06-13 22:07:18,962 INFO  impl.MetricsSystemImpl (MetricsSystemImpl.java:start(191)) - StorageContainerManager metrics system started
2019-06-13 22:07:19,144 INFO  server.SCMClientProtocolServer (SCMClientProtocolServer.java:start(149)) - RPC server for Client  is listening at /0.0.0.0:40919
2019-06-13 22:07:19,144 INFO  ipc.Server (Server.java:run(1314)) - IPC Server Responder: starting
2019-06-13 22:07:19,144 INFO  ipc.Server (Server.java:run(1153)) - IPC Server listener on 40919: starting
2019-06-13 22:07:19,147 INFO  server.StorageContainerManager (StorageContainerManager.java:start(761)) - ScmBlockLocationProtocol RPC server is listening at /0.0.0.0:40899
2019-06-13 22:07:19,147 INFO  server.SCMBlockProtocolServer (SCMBlockProtocolServer.java:start(137)) - RPC server for Block Protocol is listening at /0.0.0.0:40899
2019-06-13 22:07:19,147 INFO  ipc.Server (Server.java:run(1314)) - IPC Server Responder: starting
2019-06-13 22:07:19,147 INFO  ipc.Server (Server.java:run(1153)) - IPC Server listener on 40899: starting
2019-06-13 22:07:19,149 INFO  server.StorageContainerManager (StorageContainerManager.java:start(765)) - ScmDatanodeProtocl RPC server is listening at /0.0.0.0:41363
2019-06-13 22:07:19,150 INFO  server.SCMDatanodeProtocolServer (SCMDatanodeProtocolServer.java:start(191)) - RPC server for DataNodes is listening at /0.0.0.0:41363
2019-06-13 22:07:19,150 INFO  ipc.Server (Server.java:run(1314)) - IPC Server Responder: starting
2019-06-13 22:07:19,150 INFO  ipc.Server (Server.java:run(1153)) - IPC Server listener on 41363: starting
2019-06-13 22:07:19,154 INFO  http.HttpServer2 (HttpServer2.java:bindListener(1191)) - Jetty bound to port 39125
2019-06-13 22:07:19,156 INFO  server.Server (Server.java:doStart(351)) - jetty-9.3.24.v20180605, build timestamp: 2018-06-05T17:11:56Z, git hash: 84205aa28f11a4f31f2a3b86d1bba2cc8ab69827
2019-06-13 22:07:19,190 INFO  handler.ContextHandler (ContextHandler.java:doStart(781)) - Started o.e.j.s.ServletContextHandler@17d88132{/logs,file:///opt/src/hadoop-ozone/tools/target/log,AVAILABLE}
2019-06-13 22:07:19,192 INFO  handler.ContextHandler (ContextHandler.java:doStart(781)) - Started o.e.j.s.ServletContextHandler@16eccb2e{/static,file:///opt/src/hadoop-hdds/server-scm/target/classes/webapps/static/,AVAILABLE}
2019-06-13 22:07:19,216 INFO  handler.ContextHandler (ContextHandler.java:doStart(781)) - Started o.e.j.w.WebAppContext@3b220bcb{/,file:///opt/src/hadoop-hdds/server-scm/target/classes/webapps/scm/,AVAILABLE}{/scm}
2019-06-13 22:07:19,220 INFO  server.AbstractConnector (AbstractConnector.java:doStart(278)) - Started ServerConnector@1e63ec0b{HTTP/1.1,[http/1.1]}{0.0.0.0:39125}
2019-06-13 22:07:19,221 INFO  server.Server (Server.java:doStart(419)) - Started @2005ms
2019-06-13 22:07:19,222 INFO  server.BaseHttpServer (BaseHttpServer.java:updateConnectorAddress(207)) - HTTP server of SCM is listening at http://0.0.0.0:39125
2019-06-13 22:07:19,229 INFO  util.JvmPauseMonitor (JvmPauseMonitor.java:run(188)) - Starting JVM pause monitor
2019-06-13 22:07:19,231 WARN  scm.ScmUtils (ScmUtils.java:getDBPath(63)) - ozone.om.db.dirs is not configured. We recommend adding this setting. Falling back to ozone.metadata.dirs instead.
2019-06-13 22:07:19,307 WARN  scm.ScmUtils (ScmUtils.java:getDBPath(63)) - ozone.om.db.dirs is not configured. We recommend adding this setting. Falling back to ozone.metadata.dirs instead.
2019-06-13 22:07:19,309 INFO  om.OzoneManager (OzoneManager.java:setOMNodeDetails(519)) - OM Service ID is not set. Setting it to the default ID: omServiceIdDefault
2019-06-13 22:07:19,309 INFO  om.OzoneManager (OzoneManager.java:setOMNodeDetails(525)) - OM Node ID is not set. Setting it to the OmStorage's OmID: f128234b-a541-4e83-9b44-06042c264a6a
2019-06-13 22:07:19,311 WARN  scm.HddsServerUtil (HddsServerUtil.java:getDefaultRatisDirectory(354)) - Storage directory for Ratis is not configured. It is a good idea to map this to an SSD disk. Falling back to ozone.metadata.dirs
2019-06-13 22:07:19,311 WARN  scm.HddsServerUtil (HddsServerUtil.java:getDefaultRatisDirectory(354)) - Storage directory for Ratis is not configured. It is a good idea to map this to an SSD disk. Falling back to ozone.metadata.dirs
2019-06-13 22:07:19,312 INFO  om.OzoneManager (OzoneManager.java:loadOMHAConfigs(476)) - Found matching OM address with OMServiceId: null, OMNodeId: null, RPC Address: localhost:0 and Ratis port: 9872
2019-06-13 22:07:19,487 WARN  scm.ScmUtils (ScmUtils.java:getDBPath(63)) - ozone.om.db.dirs is not configured. We recommend adding this setting. Falling back to ozone.metadata.dirs instead.
2019-06-13 22:07:19,491 INFO  db.DBStoreBuilder (DBStoreBuilder.java:addTable(110)) - using custom profile for table: userTable
2019-06-13 22:07:19,491 INFO  db.DBStoreBuilder (DBStoreBuilder.java:processTables(161)) - Using default column profile:DBProfile.DISK for Table:userTable
2019-06-13 22:07:19,492 INFO  db.DBStoreBuilder (DBStoreBuilder.java:addTable(110)) - using custom profile for table: volumeTable
2019-06-13 22:07:19,492 INFO  db.DBStoreBuilder (DBStoreBuilder.java:processTables(161)) - Using default column profile:DBProfile.DISK for Table:volumeTable
2019-06-13 22:07:19,492 INFO  db.DBStoreBuilder (DBStoreBuilder.java:addTable(110)) - using custom profile for table: bucketTable
2019-06-13 22:07:19,492 INFO  db.DBStoreBuilder (DBStoreBuilder.java:processTables(161)) - Using default column profile:DBProfile.DISK for Table:bucketTable
2019-06-13 22:07:19,492 INFO  db.DBStoreBuilder (DBStoreBuilder.java:addTable(110)) - using custom profile for table: keyTable
2019-06-13 22:07:19,492 INFO  db.DBStoreBuilder (DBStoreBuilder.java:processTables(161)) - Using default column profile:DBProfile.DISK for Table:keyTable
2019-06-13 22:07:19,493 INFO  db.DBStoreBuilder (DBStoreBuilder.java:addTable(110)) - using custom profile for table: deletedTable
2019-06-13 22:07:19,493 INFO  db.DBStoreBuilder (DBStoreBuilder.java:processTables(161)) - Using default column profile:DBProfile.DISK for Table:deletedTable
2019-06-13 22:07:19,493 INFO  db.DBStoreBuilder (DBStoreBuilder.java:addTable(110)) - using custom profile for table: openKeyTable
2019-06-13 22:07:19,493 INFO  db.DBStoreBuilder (DBStoreBuilder.java:processTables(161)) - Using default column profile:DBProfile.DISK for Table:openKeyTable
2019-06-13 22:07:19,493 INFO  db.DBStoreBuilder (DBStoreBuilder.java:addTable(110)) - using custom profile for table: s3Table
2019-06-13 22:07:19,494 INFO  db.DBStoreBuilder (DBStoreBuilder.java:processTables(161)) - Using default column profile:DBProfile.DISK for Table:s3Table
2019-06-13 22:07:19,494 INFO  db.DBStoreBuilder (DBStoreBuilder.java:addTable(110)) - using custom profile for table: multipartInfoTable
2019-06-13 22:07:19,494 INFO  db.DBStoreBuilder (DBStoreBuilder.java:processTables(161)) - Using default column profile:DBProfile.DISK for Table:multipartInfoTable
2019-06-13 22:07:19,494 INFO  db.DBStoreBuilder (DBStoreBuilder.java:addTable(110)) - using custom profile for table: dTokenTable
2019-06-13 22:07:19,494 INFO  db.DBStoreBuilder (DBStoreBuilder.java:processTables(161)) - Using default column profile:DBProfile.DISK for Table:dTokenTable
2019-06-13 22:07:19,494 INFO  db.DBStoreBuilder (DBStoreBuilder.java:addTable(110)) - using custom profile for table: s3SecretTable
2019-06-13 22:07:19,495 INFO  db.DBStoreBuilder (DBStoreBuilder.java:processTables(161)) - Using default column profile:DBProfile.DISK for Table:s3SecretTable
2019-06-13 22:07:19,495 INFO  db.DBStoreBuilder (DBStoreBuilder.java:addTable(110)) - using custom profile for table: prefixTable
2019-06-13 22:07:19,495 INFO  db.DBStoreBuilder (DBStoreBuilder.java:processTables(161)) - Using default column profile:DBProfile.DISK for Table:prefixTable
2019-06-13 22:07:19,495 INFO  db.DBStoreBuilder (DBStoreBuilder.java:addTable(110)) - using custom profile for table: default
2019-06-13 22:07:19,495 INFO  db.DBStoreBuilder (DBStoreBuilder.java:processTables(167)) - Using default column profile:DBProfile.DISK for Table:default
2019-06-13 22:07:19,495 INFO  db.DBStoreBuilder (DBStoreBuilder.java:getDbProfile(198)) - Using default options. DBProfile.DISK
2019-06-13 22:07:19,941 INFO  ipc.CallQueueManager (CallQueueManager.java:<init>(84)) - Using callQueue: class java.util.concurrent.LinkedBlockingQueue, queueCapacity: 2000, scheduler: class org.apache.hadoop.ipc.DefaultRpcScheduler, ipcBackoff: false.
2019-06-13 22:07:19,941 INFO  ipc.Server (Server.java:run(1074)) - Starting Socket Reader #1 for port 41141
2019-06-13 22:07:19,966 WARN  scm.ScmUtils (ScmUtils.java:getDBPath(63)) - ozone.om.db.dirs is not configured. We recommend adding this setting. Falling back to ozone.metadata.dirs instead.
2019-06-13 22:07:19,966 INFO  om.OzoneManager (OzoneManager.java:start(1217)) - OzoneManager RPC server is listening at localhost/127.0.0.1:41141
2019-06-13 22:07:19,967 INFO  impl.MetricsSystemImpl (MetricsSystemImpl.java:init(158)) - OzoneManager metrics system started (again)
2019-06-13 22:07:19,972 INFO  ipc.Server (Server.java:run(1314)) - IPC Server Responder: starting
2019-06-13 22:07:19,972 INFO  ipc.Server (Server.java:run(1153)) - IPC Server listener on 41141: starting
2019-06-13 22:07:19,986 INFO  hdfs.DFSUtil (DFSUtil.java:httpServerTemplateForNNAndJN(1641)) - Starting Web-server for ozoneManager at: http://0.0.0.0:0
2019-06-13 22:07:19,987 INFO  server.AuthenticationFilter (AuthenticationFilter.java:constructSecretProvider(240)) - Unable to initialize FileSignerSecretProvider, falling back to use random secrets.
2019-06-13 22:07:19,988 WARN  http.HttpRequestLog (HttpRequestLog.java:getRequestLog(97)) - Jetty request log can only be enabled using Log4j
2019-06-13 22:07:19,989 INFO  http.HttpServer2 (HttpServer2.java:addGlobalFilter(975)) - Added global filter 'safety' (class=org.apache.hadoop.http.HttpServer2$QuotingInputFilter)
2019-06-13 22:07:19,990 INFO  http.HttpServer2 (HttpServer2.java:addFilter(948)) - Added filter static_user_filter (class=org.apache.hadoop.http.lib.StaticUserWebFilter$StaticUserFilter) to context ozoneManager
2019-06-13 22:07:19,990 INFO  http.HttpServer2 (HttpServer2.java:addFilter(958)) - Added filter static_user_filter (class=org.apache.hadoop.http.lib.StaticUserWebFilter$StaticUserFilter) to context static
2019-06-13 22:07:19,990 INFO  http.HttpServer2 (HttpServer2.java:addFilter(958)) - Added filter static_user_filter (class=org.apache.hadoop.http.lib.StaticUserWebFilter$StaticUserFilter) to context logs
2019-06-13 22:07:19,992 INFO  http.HttpServer2 (HttpServer2.java:bindListener(1191)) - Jetty bound to port 33853
2019-06-13 22:07:19,992 INFO  server.Server (Server.java:doStart(351)) - jetty-9.3.24.v20180605, build timestamp: 2018-06-05T17:11:56Z, git hash: 84205aa28f11a4f31f2a3b86d1bba2cc8ab69827
2019-06-13 22:07:20,000 INFO  handler.ContextHandler (ContextHandler.java:doStart(781)) - Started o.e.j.s.ServletContextHandler@3fc08eec{/logs,file:///opt/src/hadoop-ozone/tools/target/log,AVAILABLE}
2019-06-13 22:07:20,001 INFO  handler.ContextHandler (ContextHandler.java:doStart(781)) - Started o.e.j.s.ServletContextHandler@7b02e036{/static,file:///opt/src/hadoop-ozone/ozone-manager/target/classes/webapps/static/,AVAILABLE}
2019-06-13 22:07:20,005 INFO  handler.ContextHandler (ContextHandler.java:doStart(781)) - Started o.e.j.w.WebAppContext@54336c81{/,file:///opt/src/hadoop-ozone/ozone-manager/target/classes/webapps/ozoneManager/,AVAILABLE}{/ozoneManager}
2019-06-13 22:07:20,006 INFO  server.AbstractConnector (AbstractConnector.java:doStart(278)) - Started ServerConnector@1556f2dd{HTTP/1.1,[http/1.1]}{0.0.0.0:33853}
2019-06-13 22:07:20,006 INFO  server.Server (Server.java:doStart(419)) - Started @2790ms
2019-06-13 22:07:20,007 INFO  server.BaseHttpServer (BaseHttpServer.java:updateConnectorAddress(207)) - HTTP server of OZONEMANAGER is listening at http://0.0.0.0:33853
2019-06-13 22:07:20,160 INFO  impl.MetricsSystemImpl (MetricsSystemImpl.java:init(158)) - HddsDatanode metrics system started (again)
2019-06-13 22:07:20,310 INFO  ozone.HddsDatanodeService (HddsDatanodeService.java:start(185)) - HddsDatanodeService host:ozone-mzc6g-525209162 ip:192.168.105.156
2019-06-13 22:07:20,339 INFO  volume.HddsVolume (HddsVolume.java:<init>(176)) - Creating Volume: /opt/src/hadoop-ozone/tools/target/test-dir/MiniOzoneClusterImpl-b3b155df-ac28-47ef-8492-08213e4005a2/datanode-0/data/containers/hdds of  storage type : DISK and capacity : 104021790720
2019-06-13 22:07:20,341 INFO  volume.VolumeSet (VolumeSet.java:initializeVolumeSet(170)) - Added Volume : /opt/src/hadoop-ozone/tools/target/test-dir/MiniOzoneClusterImpl-b3b155df-ac28-47ef-8492-08213e4005a2/datanode-0/data/containers/hdds to VolumeSet
2019-06-13 22:07:20,344 INFO  volume.ThrottledAsyncChecker (ThrottledAsyncChecker.java:schedule(140)) - Scheduling a check for org.apache.hadoop.ozone.container.common.volume.HddsVolume@69c6161d
2019-06-13 22:07:20,363 INFO  volume.HddsVolumeChecker (HddsVolumeChecker.java:checkAllVolumes(203)) - Scheduled health check for volume org.apache.hadoop.ozone.container.common.volume.HddsVolume@69c6161d
2019-06-13 22:07:20,407 INFO  ratis.XceiverServerRatis (XceiverServerRatis.java:newXceiverServerRatis(401)) - Found a free port for the server : 37583
2019-06-13 22:07:20,469 INFO  impl.RaftServerProxy (ConfUtils.java:logGet(43)) - raft.rpc.type = GRPC (default)
2019-06-13 22:07:20,478 INFO  grpc.GrpcConfigKeys$Server (ConfUtils.java:logGet(43)) - raft.grpc.server.port = 37583 (custom)
2019-06-13 22:07:20,479 INFO  server.GrpcService (ConfUtils.java:logGet(43)) - raft.grpc.message.size.max = 33570816 (custom)
2019-06-13 22:07:20,480 INFO  server.RaftServerConfigKeys (ConfUtils.java:logGet(43)) - raft.server.log.appender.buffer.byte-limit = 33554432 (custom)
2019-06-13 22:07:20,481 INFO  server.GrpcService (ConfUtils.java:logGet(43)) - raft.grpc.flow.control.window = 1MB (=1048576) (default)
2019-06-13 22:07:20,482 INFO  server.RaftServerConfigKeys (ConfUtils.java:logGet(43)) - raft.server.rpc.request.timeout = 3000ms (default)
2019-06-13 22:07:20,617 INFO  server.RaftServerConfigKeys (ConfUtils.java:logGet(43)) - raft.server.storage.dir = [/opt/src/hadoop-ozone/tools/target/test-dir/MiniOzoneClusterImpl-b3b155df-ac28-47ef-8492-08213e4005a2/datanode-0/data/ratis] (custom)
2019-06-13 22:07:20,625 INFO  server.XceiverServerGrpc (XceiverServerGrpc.java:<init>(97)) - Found a free port for the server : 41847
2019-06-13 22:07:20,648 INFO  replication.SimpleContainerDownloader (SimpleContainerDownloader.java:<init>(72)) - Starting container downloader service to copy containers to replicate.
2019-06-13 22:07:20,658 INFO  hdfs.DFSUtil (DFSUtil.java:httpServerTemplateForNNAndJN(1641)) - Starting Web-server for hddsDatanode at: http://0.0.0.0:0
2019-06-13 22:07:20,659 INFO  server.AuthenticationFilter (AuthenticationFilter.java:constructSecretProvider(240)) - Unable to initialize FileSignerSecretProvider, falling back to use random secrets.
2019-06-13 22:07:20,659 WARN  http.HttpRequestLog (HttpRequestLog.java:getRequestLog(97)) - Jetty request log can only be enabled using Log4j
2019-06-13 22:07:20,661 INFO  http.HttpServer2 (HttpServer2.java:addGlobalFilter(975)) - Added global filter 'safety' (class=org.apache.hadoop.http.HttpServer2$QuotingInputFilter)
2019-06-13 22:07:20,661 INFO  http.HttpServer2 (HttpServer2.java:addFilter(948)) - Added filter static_user_filter (class=org.apache.hadoop.http.lib.StaticUserWebFilter$StaticUserFilter) to context hddsDatanode
2019-06-13 22:07:20,661 INFO  http.HttpServer2 (HttpServer2.java:addFilter(958)) - Added filter static_user_filter (class=org.apache.hadoop.http.lib.StaticUserWebFilter$StaticUserFilter) to context logs
2019-06-13 22:07:20,661 INFO  http.HttpServer2 (HttpServer2.java:addFilter(958)) - Added filter static_user_filter (class=org.apache.hadoop.http.lib.StaticUserWebFilter$StaticUserFilter) to context static
2019-06-13 22:07:20,662 INFO  http.HttpServer2 (HttpServer2.java:bindListener(1191)) - Jetty bound to port 42717
2019-06-13 22:07:20,662 INFO  server.Server (Server.java:doStart(351)) - jetty-9.3.24.v20180605, build timestamp: 2018-06-05T17:11:56Z, git hash: 84205aa28f11a4f31f2a3b86d1bba2cc8ab69827
2019-06-13 22:07:20,665 INFO  handler.ContextHandler (ContextHandler.java:doStart(781)) - Started o.e.j.s.ServletContextHandler@48284d0e{/logs,file:///opt/src/hadoop-ozone/tools/target/log,AVAILABLE}
2019-06-13 22:07:20,665 INFO  handler.ContextHandler (ContextHandler.java:doStart(781)) - Started o.e.j.s.ServletContextHandler@b10a26d{/static,file:///opt/src/hadoop-hdds/container-service/target/classes/webapps/static,AVAILABLE}
2019-06-13 22:07:20,668 INFO  handler.ContextHandler (ContextHandler.java:doStart(781)) - Started o.e.j.w.WebAppContext@f2ce6b{/,file:///opt/src/hadoop-hdds/container-service/target/classes/webapps/hddsDatanode/,AVAILABLE}{/hddsDatanode}
2019-06-13 22:07:20,669 INFO  server.AbstractConnector (AbstractConnector.java:doStart(278)) - Started ServerConnector@25c53f74{HTTP/1.1,[http/1.1]}{0.0.0.0:42717}
2019-06-13 22:07:20,669 INFO  server.Server (Server.java:doStart(419)) - Started @3453ms
2019-06-13 22:07:20,670 INFO  server.BaseHttpServer (BaseHttpServer.java:updateConnectorAddress(207)) - HTTP server of HDDSDATANODE is listening at http://0.0.0.0:42717
2019-06-13 22:07:21,492 INFO  ozone.HddsDatanodeService (HddsDatanodeService.java:startPlugins(396)) - Started plug-in org.apache.hadoop.ozone.web.OzoneHddsDatanodeService@40f35e52
2019-06-13 22:07:21,494 INFO  impl.MetricsSystemImpl (MetricsSystemImpl.java:init(158)) - HddsDatanode metrics system started (again)
2019-06-13 22:07:21,494 INFO  ozone.HddsDatanodeService (HddsDatanodeService.java:start(185)) - HddsDatanodeService host:ozone-mzc6g-525209162 ip:192.168.105.156
2019-06-13 22:07:21,503 INFO  util.JvmPauseMonitor (JvmPauseMonitor.java:run(188)) - Starting JVM pause monitor
2019-06-13 22:07:21,508 INFO  volume.HddsVolume (HddsVolume.java:<init>(176)) - Creating Volume: /opt/src/hadoop-ozone/tools/target/test-dir/MiniOzoneClusterImpl-b3b155df-ac28-47ef-8492-08213e4005a2/datanode-1/data/containers/hdds of  storage type : DISK and capacity : 104021790720
2019-06-13 22:07:21,508 INFO  volume.VolumeSet (VolumeSet.java:initializeVolumeSet(170)) - Added Volume : /opt/src/hadoop-ozone/tools/target/test-dir/MiniOzoneClusterImpl-b3b155df-ac28-47ef-8492-08213e4005a2/datanode-1/data/containers/hdds to VolumeSet
2019-06-13 22:07:21,508 INFO  volume.ThrottledAsyncChecker (ThrottledAsyncChecker.java:schedule(140)) - Scheduling a check for org.apache.hadoop.ozone.container.common.volume.HddsVolume@13dbed9e
2019-06-13 22:07:21,514 INFO  volume.HddsVolumeChecker (HddsVolumeChecker.java:checkAllVolumes(203)) - Scheduled health check for volume org.apache.hadoop.ozone.container.common.volume.HddsVolume@13dbed9e
2019-06-13 22:07:21,537 INFO  ratis.XceiverServerRatis (XceiverServerRatis.java:newXceiverServerRatis(401)) - Found a free port for the server : 36853
2019-06-13 22:07:21,539 INFO  impl.RaftServerProxy (ConfUtils.java:logGet(43)) - raft.rpc.type = GRPC (default)
2019-06-13 22:07:21,539 INFO  grpc.GrpcConfigKeys$Server (ConfUtils.java:logGet(43)) - raft.grpc.server.port = 36853 (custom)
2019-06-13 22:07:21,539 INFO  server.GrpcService (ConfUtils.java:logGet(43)) - raft.grpc.message.size.max = 33570816 (custom)
2019-06-13 22:07:21,539 INFO  server.RaftServerConfigKeys (ConfUtils.java:logGet(43)) - raft.server.log.appender.buffer.byte-limit = 33554432 (custom)
2019-06-13 22:07:21,540 INFO  server.GrpcService (ConfUtils.java:logGet(43)) - raft.grpc.flow.control.window = 1MB (=1048576) (default)
2019-06-13 22:07:21,540 INFO  server.RaftServerConfigKeys (ConfUtils.java:logGet(43)) - raft.server.rpc.request.timeout = 3000ms (default)
2019-06-13 22:07:21,541 INFO  server.RaftServerConfigKeys (ConfUtils.java:logGet(43)) - raft.server.storage.dir = [/opt/src/hadoop-ozone/tools/target/test-dir/MiniOzoneClusterImpl-b3b155df-ac28-47ef-8492-08213e4005a2/datanode-1/data/ratis] (custom)
2019-06-13 22:07:21,541 INFO  server.XceiverServerGrpc (XceiverServerGrpc.java:<init>(97)) - Found a free port for the server : 40935
2019-06-13 22:07:21,541 INFO  replication.SimpleContainerDownloader (SimpleContainerDownloader.java:<init>(72)) - Starting container downloader service to copy containers to replicate.
2019-06-13 22:07:21,543 INFO  hdfs.DFSUtil (DFSUtil.java:httpServerTemplateForNNAndJN(1641)) - Starting Web-server for hddsDatanode at: http://0.0.0.0:0
2019-06-13 22:07:21,544 INFO  server.AuthenticationFilter (AuthenticationFilter.java:constructSecretProvider(240)) - Unable to initialize FileSignerSecretProvider, falling back to use random secrets.
2019-06-13 22:07:21,549 WARN  http.HttpRequestLog (HttpRequestLog.java:getRequestLog(97)) - Jetty request log can only be enabled using Log4j
2019-06-13 22:07:21,551 INFO  http.HttpServer2 (HttpServer2.java:addGlobalFilter(975)) - Added global filter 'safety' (class=org.apache.hadoop.http.HttpServer2$QuotingInputFilter)
2019-06-13 22:07:21,552 INFO  http.HttpServer2 (HttpServer2.java:addFilter(948)) - Added filter static_user_filter (class=org.apache.hadoop.http.lib.StaticUserWebFilter$StaticUserFilter) to context hddsDatanode
2019-06-13 22:07:21,552 INFO  http.HttpServer2 (HttpServer2.java:addFilter(958)) - Added filter static_user_filter (class=org.apache.hadoop.http.lib.StaticUserWebFilter$StaticUserFilter) to context static
2019-06-13 22:07:21,553 INFO  http.HttpServer2 (HttpServer2.java:addFilter(958)) - Added filter static_user_filter (class=org.apache.hadoop.http.lib.StaticUserWebFilter$StaticUserFilter) to context logs
2019-06-13 22:07:21,553 INFO  http.HttpServer2 (HttpServer2.java:bindListener(1191)) - Jetty bound to port 45279
2019-06-13 22:07:21,554 INFO  server.Server (Server.java:doStart(351)) - jetty-9.3.24.v20180605, build timestamp: 2018-06-05T17:11:56Z, git hash: 84205aa28f11a4f31f2a3b86d1bba2cc8ab69827
2019-06-13 22:07:21,558 INFO  handler.ContextHandler (ContextHandler.java:doStart(781)) - Started o.e.j.s.ServletContextHandler@5afbd567{/logs,file:///opt/src/hadoop-ozone/tools/target/log,AVAILABLE}
2019-06-13 22:07:21,563 INFO  handler.ContextHandler (ContextHandler.java:doStart(781)) - Started o.e.j.s.ServletContextHandler@57545c3f{/static,file:///opt/src/hadoop-hdds/container-service/target/classes/webapps/static,AVAILABLE}
2019-06-13 22:07:21,576 INFO  handler.ContextHandler (ContextHandler.java:doStart(781)) - Started o.e.j.w.WebAppContext@542f6803{/,file:///opt/src/hadoop-hdds/container-service/target/classes/webapps/hddsDatanode/,AVAILABLE}{/hddsDatanode}
2019-06-13 22:07:21,578 INFO  server.AbstractConnector (AbstractConnector.java:doStart(278)) - Started ServerConnector@5583098b{HTTP/1.1,[http/1.1]}{0.0.0.0:45279}
2019-06-13 22:07:21,578 INFO  server.Server (Server.java:doStart(419)) - Started @4362ms
2019-06-13 22:07:21,579 INFO  server.BaseHttpServer (BaseHttpServer.java:updateConnectorAddress(207)) - HTTP server of HDDSDATANODE is listening at http://0.0.0.0:45279
2019-06-13 22:07:21,590 INFO  datanode.InitDatanodeState (InitDatanodeState.java:persistContainerDatanodeDetails(140)) - DatanodeDetails is persisted to /opt/src/hadoop-ozone/tools/target/test-dir/MiniOzoneClusterImpl-b3b155df-ac28-47ef-8492-08213e4005a2/datanode-0/meta/datanode.id
2019-06-13 22:07:21,761 INFO  ozone.HddsDatanodeService (HddsDatanodeService.java:startPlugins(396)) - Started plug-in org.apache.hadoop.ozone.web.OzoneHddsDatanodeService@2954f6ab
2019-06-13 22:07:21,761 INFO  impl.MetricsSystemImpl (MetricsSystemImpl.java:init(158)) - HddsDatanode metrics system started (again)
2019-06-13 22:07:21,762 INFO  ozone.HddsDatanodeService (HddsDatanodeService.java:start(185)) - HddsDatanodeService host:ozone-mzc6g-525209162 ip:192.168.105.156
2019-06-13 22:07:21,769 INFO  util.JvmPauseMonitor (JvmPauseMonitor.java:run(188)) - Starting JVM pause monitor
2019-06-13 22:07:21,776 INFO  datanode.InitDatanodeState (InitDatanodeState.java:persistContainerDatanodeDetails(140)) - DatanodeDetails is persisted to /opt/src/hadoop-ozone/tools/target/test-dir/MiniOzoneClusterImpl-b3b155df-ac28-47ef-8492-08213e4005a2/datanode-1/meta/datanode.id
2019-06-13 22:07:21,781 INFO  volume.HddsVolume (HddsVolume.java:<init>(176)) - Creating Volume: /opt/src/hadoop-ozone/tools/target/test-dir/MiniOzoneClusterImpl-b3b155df-ac28-47ef-8492-08213e4005a2/datanode-2/data/containers/hdds of  storage type : DISK and capacity : 104021790720
2019-06-13 22:07:21,782 INFO  volume.VolumeSet (VolumeSet.java:initializeVolumeSet(170)) - Added Volume : /opt/src/hadoop-ozone/tools/target/test-dir/MiniOzoneClusterImpl-b3b155df-ac28-47ef-8492-08213e4005a2/datanode-2/data/containers/hdds to VolumeSet
2019-06-13 22:07:21,782 INFO  volume.ThrottledAsyncChecker (ThrottledAsyncChecker.java:schedule(140)) - Scheduling a check for org.apache.hadoop.ozone.container.common.volume.HddsVolume@d70f722
2019-06-13 22:07:21,784 INFO  volume.HddsVolumeChecker (HddsVolumeChecker.java:checkAllVolumes(203)) - Scheduled health check for volume org.apache.hadoop.ozone.container.common.volume.HddsVolume@d70f722
2019-06-13 22:07:21,799 INFO  ratis.XceiverServerRatis (XceiverServerRatis.java:newXceiverServerRatis(401)) - Found a free port for the server : 34581
2019-06-13 22:07:21,801 INFO  impl.RaftServerProxy (ConfUtils.java:logGet(43)) - raft.rpc.type = GRPC (default)
2019-06-13 22:07:21,801 INFO  grpc.GrpcConfigKeys$Server (ConfUtils.java:logGet(43)) - raft.grpc.server.port = 34581 (custom)
2019-06-13 22:07:21,801 INFO  server.GrpcService (ConfUtils.java:logGet(43)) - raft.grpc.message.size.max = 33570816 (custom)
2019-06-13 22:07:21,802 INFO  server.RaftServerConfigKeys (ConfUtils.java:logGet(43)) - raft.server.log.appender.buffer.byte-limit = 33554432 (custom)
2019-06-13 22:07:21,802 INFO  server.GrpcService (ConfUtils.java:logGet(43)) - raft.grpc.flow.control.window = 1MB (=1048576) (default)
2019-06-13 22:07:21,802 INFO  server.RaftServerConfigKeys (ConfUtils.java:logGet(43)) - raft.server.rpc.request.timeout = 3000ms (default)
2019-06-13 22:07:21,803 INFO  server.RaftServerConfigKeys (ConfUtils.java:logGet(43)) - raft.server.storage.dir = [/opt/src/hadoop-ozone/tools/target/test-dir/MiniOzoneClusterImpl-b3b155df-ac28-47ef-8492-08213e4005a2/datanode-2/data/ratis] (custom)
2019-06-13 22:07:21,803 INFO  server.XceiverServerGrpc (XceiverServerGrpc.java:<init>(97)) - Found a free port for the server : 45717
2019-06-13 22:07:21,804 INFO  replication.SimpleContainerDownloader (SimpleContainerDownloader.java:<init>(72)) - Starting container downloader service to copy containers to replicate.
2019-06-13 22:07:21,805 INFO  hdfs.DFSUtil (DFSUtil.java:httpServerTemplateForNNAndJN(1641)) - Starting Web-server for hddsDatanode at: http://0.0.0.0:0
2019-06-13 22:07:21,806 INFO  server.AuthenticationFilter (AuthenticationFilter.java:constructSecretProvider(240)) - Unable to initialize FileSignerSecretProvider, falling back to use random secrets.
2019-06-13 22:07:21,807 WARN  http.HttpRequestLog (HttpRequestLog.java:getRequestLog(97)) - Jetty request log can only be enabled using Log4j
2019-06-13 22:07:21,808 INFO  http.HttpServer2 (HttpServer2.java:addGlobalFilter(975)) - Added global filter 'safety' (class=org.apache.hadoop.http.HttpServer2$QuotingInputFilter)
2019-06-13 22:07:21,809 INFO  http.HttpServer2 (HttpServer2.java:addFilter(948)) - Added filter static_user_filter (class=org.apache.hadoop.http.lib.StaticUserWebFilter$StaticUserFilter) to context hddsDatanode
2019-06-13 22:07:21,809 INFO  http.HttpServer2 (HttpServer2.java:addFilter(958)) - Added filter static_user_filter (class=org.apache.hadoop.http.lib.StaticUserWebFilter$StaticUserFilter) to context logs
2019-06-13 22:07:21,809 INFO  http.HttpServer2 (HttpServer2.java:addFilter(958)) - Added filter static_user_filter (class=org.apache.hadoop.http.lib.StaticUserWebFilter$StaticUserFilter) to context static
2019-06-13 22:07:21,809 INFO  http.HttpServer2 (HttpServer2.java:bindListener(1191)) - Jetty bound to port 44743
2019-06-13 22:07:21,810 INFO  server.Server (Server.java:doStart(351)) - jetty-9.3.24.v20180605, build timestamp: 2018-06-05T17:11:56Z, git hash: 84205aa28f11a4f31f2a3b86d1bba2cc8ab69827
2019-06-13 22:07:21,817 INFO  handler.ContextHandler (ContextHandler.java:doStart(781)) - Started o.e.j.s.ServletContextHandler@54e12f4c{/logs,file:///opt/src/hadoop-ozone/tools/target/log,AVAILABLE}
2019-06-13 22:07:21,818 INFO  handler.ContextHandler (ContextHandler.java:doStart(781)) - Started o.e.j.s.ServletContextHandler@4d84049a{/static,file:///opt/src/hadoop-hdds/container-service/target/classes/webapps/static,AVAILABLE}
2019-06-13 22:07:21,822 INFO  handler.ContextHandler (ContextHandler.java:doStart(781)) - Started o.e.j.w.WebAppContext@1f939a0f{/,file:///opt/src/hadoop-hdds/container-service/target/classes/webapps/hddsDatanode/,AVAILABLE}{/hddsDatanode}
2019-06-13 22:07:21,824 INFO  server.AbstractConnector (AbstractConnector.java:doStart(278)) - Started ServerConnector@45658133{HTTP/1.1,[http/1.1]}{0.0.0.0:44743}
2019-06-13 22:07:21,824 INFO  server.Server (Server.java:doStart(419)) - Started @4608ms
2019-06-13 22:07:21,825 INFO  server.BaseHttpServer (BaseHttpServer.java:updateConnectorAddress(207)) - HTTP server of HDDSDATANODE is listening at http://0.0.0.0:44743
2019-06-13 22:07:21,931 INFO  ozone.HddsDatanodeService (HddsDatanodeService.java:startPlugins(396)) - Started plug-in org.apache.hadoop.ozone.web.OzoneHddsDatanodeService@51a651c1
2019-06-13 22:07:21,932 INFO  ozone.MiniOzoneClusterImpl (MiniOzoneClusterImpl.java:lambda$waitForClusterToBeReady$0(142)) - Waiting for cluster to be ready. Got 0 of 3 DN Heartbeats.
2019-06-13 22:07:21,941 INFO  util.JvmPauseMonitor (JvmPauseMonitor.java:run(188)) - Starting JVM pause monitor
2019-06-13 22:07:21,943 INFO  datanode.InitDatanodeState (InitDatanodeState.java:persistContainerDatanodeDetails(140)) - DatanodeDetails is persisted to /opt/src/hadoop-ozone/tools/target/test-dir/MiniOzoneClusterImpl-b3b155df-ac28-47ef-8492-08213e4005a2/datanode-2/meta/datanode.id
2019-06-13 22:07:22,933 INFO  ozone.MiniOzoneClusterImpl (MiniOzoneClusterImpl.java:lambda$waitForClusterToBeReady$0(142)) - Waiting for cluster to be ready. Got 0 of 3 DN Heartbeats.
2019-06-13 22:07:23,524 INFO  ozoneimpl.OzoneContainer (OzoneContainer.java:start(186)) - Attempting to start container services.
2019-06-13 22:07:23,524 INFO  ozoneimpl.OzoneContainer (OzoneContainer.java:startContainerScrub(160)) - Background container scrubber has been disabled by hdds.containerscrub.enabled
2019-06-13 22:07:23,524 INFO  ratis.XceiverServerRatis (XceiverServerRatis.java:start(418)) - Starting XceiverServerRatis 15e76712-f162-4c60-8887-3e4d71facee3 at port 37583
2019-06-13 22:07:23,539 INFO  impl.RaftServerProxy (RaftServerProxy.java:lambda$start$3(299)) - 15e76712-f162-4c60-8887-3e4d71facee3: start RPC server
2019-06-13 22:07:23,683 INFO  server.GrpcService (GrpcService.java:startImpl(148)) - 15e76712-f162-4c60-8887-3e4d71facee3: GrpcService started, listening on 0.0.0.0/0.0.0.0:37583
2019-06-13 22:07:23,774 INFO  ozoneimpl.OzoneContainer (OzoneContainer.java:start(186)) - Attempting to start container services.
2019-06-13 22:07:23,775 INFO  ozoneimpl.OzoneContainer (OzoneContainer.java:startContainerScrub(160)) - Background container scrubber has been disabled by hdds.containerscrub.enabled
2019-06-13 22:07:23,775 INFO  ratis.XceiverServerRatis (XceiverServerRatis.java:start(418)) - Starting XceiverServerRatis f36cfed4-8a85-4f17-9f98-b0f1b39ac2a8 at port 36853
2019-06-13 22:07:23,783 INFO  impl.RaftServerProxy (RaftServerProxy.java:lambda$start$3(299)) - f36cfed4-8a85-4f17-9f98-b0f1b39ac2a8: start RPC server
2019-06-13 22:07:23,785 INFO  server.GrpcService (GrpcService.java:startImpl(148)) - f36cfed4-8a85-4f17-9f98-b0f1b39ac2a8: GrpcService started, listening on 0.0.0.0/0.0.0.0:36853
2019-06-13 22:07:23,933 INFO  ozone.MiniOzoneClusterImpl (MiniOzoneClusterImpl.java:lambda$waitForClusterToBeReady$0(142)) - Waiting for cluster to be ready. Got 0 of 3 DN Heartbeats.
2019-06-13 22:07:23,946 INFO  ozoneimpl.OzoneContainer (OzoneContainer.java:start(186)) - Attempting to start container services.
2019-06-13 22:07:23,947 INFO  ozoneimpl.OzoneContainer (OzoneContainer.java:startContainerScrub(160)) - Background container scrubber has been disabled by hdds.containerscrub.enabled
2019-06-13 22:07:23,947 INFO  ratis.XceiverServerRatis (XceiverServerRatis.java:start(418)) - Starting XceiverServerRatis 4490e0e9-9e1a-47f2-8435-0f109003126f at port 34581
2019-06-13 22:07:23,954 INFO  impl.RaftServerProxy (RaftServerProxy.java:lambda$start$3(299)) - 4490e0e9-9e1a-47f2-8435-0f109003126f: start RPC server
2019-06-13 22:07:23,955 INFO  server.GrpcService (GrpcService.java:startImpl(148)) - 4490e0e9-9e1a-47f2-8435-0f109003126f: GrpcService started, listening on 0.0.0.0/0.0.0.0:34581
2019-06-13 22:07:24,933 INFO  ozone.MiniOzoneClusterImpl (MiniOzoneClusterImpl.java:lambda$waitForClusterToBeReady$0(142)) - Waiting for cluster to be ready. Got 0 of 3 DN Heartbeats.
2019-06-13 22:07:25,518 INFO  node.SCMNodeManager (SCMNodeManager.java:register(234)) - Registered Data node : 15e76712-f162-4c60-8887-3e4d71facee3{ip: 192.168.105.156, host: ozone-mzc6g-525209162, networkLocation: /default-rack, certSerialId: null}
2019-06-13 22:07:25,524 INFO  safemode.SCMSafeModeManager (DataNodeSafeModeRule.java:process(71)) - SCM in safe mode. 1 DataNodes registered, 1 required.
2019-06-13 22:07:25,524 INFO  safemode.SCMSafeModeManager (SCMSafeModeManager.java:validateSafeModeExitRules(177)) - ScmSafeModeManager, all rules are successfully validated
2019-06-13 22:07:25,524 INFO  safemode.SCMSafeModeManager (SCMSafeModeManager.java:exitSafeMode(193)) - SCM exiting safe mode.
2019-06-13 22:07:25,773 INFO  node.SCMNodeManager (SCMNodeManager.java:register(234)) - Registered Data node : f36cfed4-8a85-4f17-9f98-b0f1b39ac2a8{ip: 192.168.105.156, host: ozone-mzc6g-525209162, networkLocation: /default-rack, certSerialId: null}
2019-06-13 22:07:25,897 INFO  impl.RaftServerProxy (RaftServerProxy.java:addNew(89)) - 15e76712-f162-4c60-8887-3e4d71facee3: addNew group-6A87BF3D82AF:[15e76712-f162-4c60-8887-3e4d71facee3:192.168.105.156:37583] returns group-6A87BF3D82AF:java.util.concurrent.CompletableFuture@4fab55dd[Not completed]
2019-06-13 22:07:25,902 INFO  impl.RaftServerImpl (RaftServerImpl.java:<init>(91)) - 15e76712-f162-4c60-8887-3e4d71facee3: new RaftServerImpl for group-6A87BF3D82AF:[15e76712-f162-4c60-8887-3e4d71facee3:192.168.105.156:37583] with ContainerStateMachine:uninitialized
2019-06-13 22:07:25,903 INFO  server.RaftServerConfigKeys (ConfUtils.java:logGet(43)) - raft.server.rpc.timeout.min = 1s (custom)
2019-06-13 22:07:25,903 INFO  server.RaftServerConfigKeys (ConfUtils.java:logGet(43)) - raft.server.rpc.timeout.max = 1200ms (custom)
2019-06-13 22:07:25,904 INFO  server.RaftServerConfigKeys (ConfUtils.java:logGet(43)) - raft.server.rpcslowness.timeout = 120s (custom)
2019-06-13 22:07:25,904 INFO  server.RaftServerConfigKeys (ConfUtils.java:logGet(43)) - raft.server.log.appender.install.snapshot.enabled = true (default)
2019-06-13 22:07:25,909 INFO  impl.RaftServerImpl (ServerState.java:<init>(101)) - 15e76712-f162-4c60-8887-3e4d71facee3:group-6A87BF3D82AF ConfigurationManager, init=-1: [15e76712-f162-4c60-8887-3e4d71facee3:192.168.105.156:37583], old=null, confs=<EMPTY_MAP>
2019-06-13 22:07:25,909 INFO  server.RaftServerConfigKeys (ConfUtils.java:logGet(43)) - raft.server.storage.dir = [/opt/src/hadoop-ozone/tools/target/test-dir/MiniOzoneClusterImpl-b3b155df-ac28-47ef-8492-08213e4005a2/datanode-0/data/ratis] (custom)
2019-06-13 22:07:25,914 INFO  storage.RaftStorageDirectory (RaftStorageDirectory.java:analyzeStorage(246)) - The storage directory /opt/src/hadoop-ozone/tools/target/test-dir/MiniOzoneClusterImpl-b3b155df-ac28-47ef-8492-08213e4005a2/datanode-0/data/ratis/f5960169-f2a5-4f4e-99a8-6a87bf3d82af does not exist. Creating ...
2019-06-13 22:07:25,919 INFO  storage.RaftStorageDirectory (RaftStorageDirectory.java:tryLock(328)) - Lock on /opt/src/hadoop-ozone/tools/target/test-dir/MiniOzoneClusterImpl-b3b155df-ac28-47ef-8492-08213e4005a2/datanode-0/data/ratis/f5960169-f2a5-4f4e-99a8-6a87bf3d82af/in_use.lock acquired by nodename 2648@ozone-mzc6g-525209162
2019-06-13 22:07:25,923 INFO  storage.RaftStorage (RaftStorage.java:format(75)) - Storage directory /opt/src/hadoop-ozone/tools/target/test-dir/MiniOzoneClusterImpl-b3b155df-ac28-47ef-8492-08213e4005a2/datanode-0/data/ratis/f5960169-f2a5-4f4e-99a8-6a87bf3d82af has been successfully formatted.
2019-06-13 22:07:25,924 INFO  ratis.ContainerStateMachine (ContainerStateMachine.java:loadSnapshot(199)) - The snapshot info is null.Setting the last applied index to:(t:0, i:~)
2019-06-13 22:07:25,924 INFO  server.RaftServerConfigKeys (ConfUtils.java:logGet(43)) - raft.server.leader.election.timeout = 120s (custom)
2019-06-13 22:07:25,926 INFO  server.RaftServerConfigKeys (ConfUtils.java:logGet(43)) - raft.server.log.use.memory = false (default)
2019-06-13 22:07:25,928 INFO  server.RaftServerConfigKeys (ConfUtils.java:logGet(43)) - raft.server.log.appender.buffer.byte-limit = 33554432 (custom)
2019-06-13 22:07:25,931 INFO  server.RaftServerConfigKeys (ConfUtils.java:logGet(43)) - raft.server.log.segment.size.max = 16384 (custom)
2019-06-13 22:07:25,934 INFO  server.RaftServerConfigKeys (ConfUtils.java:logGet(43)) - raft.server.log.segment.cache.num.max = 2 (custom)
2019-06-13 22:07:25,934 INFO  ozone.MiniOzoneClusterImpl (MiniOzoneClusterImpl.java:lambda$waitForClusterToBeReady$0(142)) - Waiting for cluster to be ready. Got 2 of 3 DN Heartbeats.
2019-06-13 22:07:25,936 INFO  storage.RaftLogWorker (RaftLogWorker.java:<init>(123)) - new 15e76712-f162-4c60-8887-3e4d71facee3-RaftLogWorker for Storage Directory /opt/src/hadoop-ozone/tools/target/test-dir/MiniOzoneClusterImpl-b3b155df-ac28-47ef-8492-08213e4005a2/datanode-0/data/ratis/f5960169-f2a5-4f4e-99a8-6a87bf3d82af
2019-06-13 22:07:25,937 INFO  server.RaftServerConfigKeys (ConfUtils.java:logGet(43)) - raft.server.log.queue.byte-limit = 2147483647 (custom)
2019-06-13 22:07:25,937 INFO  server.RaftServerConfigKeys (ConfUtils.java:logGet(43)) - raft.server.log.queue.element-limit = 1024 (custom)
2019-06-13 22:07:25,939 INFO  server.RaftServerConfigKeys (ConfUtils.java:logGet(43)) - raft.server.log.segment.size.max = 16384 (custom)
2019-06-13 22:07:25,939 INFO  server.RaftServerConfigKeys (ConfUtils.java:logGet(43)) - raft.server.log.preallocated.size = 16384 (custom)
2019-06-13 22:07:25,939 INFO  server.RaftServerConfigKeys (ConfUtils.java:logGet(43)) - raft.server.log.write.buffer.size = 33554432 (custom)
2019-06-13 22:07:25,940 INFO  server.RaftServerConfigKeys (ConfUtils.java:logGet(43)) - raft.server.log.force.sync.num = 128 (default)
2019-06-13 22:07:25,940 INFO  server.RaftServerConfigKeys (ConfUtils.java:logGet(43)) - raft.server.log.statemachine.data.sync = true (default)
2019-06-13 22:07:25,941 INFO  server.RaftServerConfigKeys (ConfUtils.java:logGet(43)) - raft.server.log.statemachine.data.sync.timeout = 10s (default)
2019-06-13 22:07:25,941 INFO  server.RaftServerConfigKeys (ConfUtils.java:logGet(43)) - raft.server.log.statemachine.data.sync.timeout.retry = -1 (default)
2019-06-13 22:07:25,946 INFO  server.RaftServerConfigKeys (ConfUtils.java:logGet(43)) - raft.server.log.statemachine.data.caching.enabled = true (custom)
2019-06-13 22:07:25,949 INFO  node.SCMNodeManager (SCMNodeManager.java:register(234)) - Registered Data node : 4490e0e9-9e1a-47f2-8435-0f109003126f{ip: 192.168.105.156, host: ozone-mzc6g-525209162, networkLocation: /default-rack, certSerialId: null}
2019-06-13 22:07:25,953 INFO  server.RaftServerConfigKeys (ConfUtils.java:logGet(43)) - raft.server.snapshot.auto.trigger.enabled = true (custom)
2019-06-13 22:07:25,953 INFO  server.RaftServerConfigKeys (ConfUtils.java:logGet(43)) - raft.server.snapshot.auto.trigger.threshold = 10000 (custom)
2019-06-13 22:07:25,954 INFO  server.RaftServerConfigKeys (ConfUtils.java:logGet(43)) - raft.server.retrycache.expirytime = 600000ms (custom)
2019-06-13 22:07:25,968 INFO  impl.RaftServerImpl (RaftServerImpl.java:start(173)) - 15e76712-f162-4c60-8887-3e4d71facee3: start group-6A87BF3D82AF
2019-06-13 22:07:25,970 INFO  impl.RaftServerImpl (RaftServerImpl.java:setRole(164)) - 15e76712-f162-4c60-8887-3e4d71facee3:group-6A87BF3D82AF changes role from null to FOLLOWER at term 0 for startAsFollower
2019-06-13 22:07:25,971 INFO  impl.RoleInfo (RoleInfo.java:updateAndGet(143)) - 15e76712-f162-4c60-8887-3e4d71facee3: start FollowerState
2019-06-13 22:07:25,972 INFO  util.JmxRegister (JmxRegister.java:tryRegister(44)) - Successfully registered JMX Bean with object name Ratis:service=RaftServer,group=group-6A87BF3D82AF,id=15e76712-f162-4c60-8887-3e4d71facee3
2019-06-13 22:07:26,016 INFO  pipeline.PipelineStateManager (PipelineStateManager.java:addPipeline(56)) - Created pipeline Pipeline[ Id: f5960169-f2a5-4f4e-99a8-6a87bf3d82af, Nodes: 15e76712-f162-4c60-8887-3e4d71facee3{ip: 192.168.105.156, host: ozone-mzc6g-525209162, networkLocation: /default-rack, certSerialId: null}, Type:RATIS, Factor:ONE, State:OPEN]
2019-06-13 22:07:26,029 INFO  impl.RaftServerProxy (RaftServerProxy.java:addNew(89)) - f36cfed4-8a85-4f17-9f98-b0f1b39ac2a8: addNew group-19193CF74105:[f36cfed4-8a85-4f17-9f98-b0f1b39ac2a8:192.168.105.156:36853] returns group-19193CF74105:java.util.concurrent.CompletableFuture@18212a8f[Not completed]
2019-06-13 22:07:26,043 INFO  impl.RaftServerImpl (RaftServerImpl.java:<init>(91)) - f36cfed4-8a85-4f17-9f98-b0f1b39ac2a8: new RaftServerImpl for group-19193CF74105:[f36cfed4-8a85-4f17-9f98-b0f1b39ac2a8:192.168.105.156:36853] with ContainerStateMachine:uninitialized
2019-06-13 22:07:26,044 INFO  server.RaftServerConfigKeys (ConfUtils.java:logGet(43)) - raft.server.rpc.timeout.min = 1s (custom)
2019-06-13 22:07:26,044 INFO  server.RaftServerConfigKeys (ConfUtils.java:logGet(43)) - raft.server.rpc.timeout.max = 1200ms (custom)
2019-06-13 22:07:26,044 INFO  server.RaftServerConfigKeys (ConfUtils.java:logGet(43)) - raft.server.rpcslowness.timeout = 120s (custom)
2019-06-13 22:07:26,044 INFO  server.RaftServerConfigKeys (ConfUtils.java:logGet(43)) - raft.server.log.appender.install.snapshot.enabled = true (default)
2019-06-13 22:07:26,044 INFO  impl.RaftServerImpl (ServerState.java:<init>(101)) - f36cfed4-8a85-4f17-9f98-b0f1b39ac2a8:group-19193CF74105 ConfigurationManager, init=-1: [f36cfed4-8a85-4f17-9f98-b0f1b39ac2a8:192.168.105.156:36853], old=null, confs=<EMPTY_MAP>
2019-06-13 22:07:26,045 INFO  server.RaftServerConfigKeys (ConfUtils.java:logGet(43)) - raft.server.storage.dir = [/opt/src/hadoop-ozone/tools/target/test-dir/MiniOzoneClusterImpl-b3b155df-ac28-47ef-8492-08213e4005a2/datanode-1/data/ratis] (custom)
2019-06-13 22:07:26,045 INFO  storage.RaftStorageDirectory (RaftStorageDirectory.java:analyzeStorage(246)) - The storage directory /opt/src/hadoop-ozone/tools/target/test-dir/MiniOzoneClusterImpl-b3b155df-ac28-47ef-8492-08213e4005a2/datanode-1/data/ratis/11eaa75f-f2b7-4914-b8d1-19193cf74105 does not exist. Creating ...
2019-06-13 22:07:26,048 INFO  storage.RaftStorageDirectory (RaftStorageDirectory.java:tryLock(328)) - Lock on /opt/src/hadoop-ozone/tools/target/test-dir/MiniOzoneClusterImpl-b3b155df-ac28-47ef-8492-08213e4005a2/datanode-1/data/ratis/11eaa75f-f2b7-4914-b8d1-19193cf74105/in_use.lock acquired by nodename 2648@ozone-mzc6g-525209162
2019-06-13 22:07:26,050 INFO  storage.RaftStorage (RaftStorage.java:format(75)) - Storage directory /opt/src/hadoop-ozone/tools/target/test-dir/MiniOzoneClusterImpl-b3b155df-ac28-47ef-8492-08213e4005a2/datanode-1/data/ratis/11eaa75f-f2b7-4914-b8d1-19193cf74105 has been successfully formatted.
2019-06-13 22:07:26,051 INFO  ratis.ContainerStateMachine (ContainerStateMachine.java:loadSnapshot(199)) - The snapshot info is null.Setting the last applied index to:(t:0, i:~)
2019-06-13 22:07:26,052 INFO  server.RaftServerConfigKeys (ConfUtils.java:logGet(43)) - raft.server.leader.election.timeout = 120s (custom)
2019-06-13 22:07:26,052 INFO  server.RaftServerConfigKeys (ConfUtils.java:logGet(43)) - raft.server.log.use.memory = false (default)
2019-06-13 22:07:26,052 INFO  server.RaftServerConfigKeys (ConfUtils.java:logGet(43)) - raft.server.log.appender.buffer.byte-limit = 33554432 (custom)
2019-06-13 22:07:26,052 INFO  server.RaftServerConfigKeys (ConfUtils.java:logGet(43)) - raft.server.log.segment.size.max = 16384 (custom)
2019-06-13 22:07:26,052 INFO  server.RaftServerConfigKeys (ConfUtils.java:logGet(43)) - raft.server.log.segment.cache.num.max = 2 (custom)
2019-06-13 22:07:26,052 INFO  storage.RaftLogWorker (RaftLogWorker.java:<init>(123)) - new f36cfed4-8a85-4f17-9f98-b0f1b39ac2a8-RaftLogWorker for Storage Directory /opt/src/hadoop-ozone/tools/target/test-dir/MiniOzoneClusterImpl-b3b155df-ac28-47ef-8492-08213e4005a2/datanode-1/data/ratis/11eaa75f-f2b7-4914-b8d1-19193cf74105
2019-06-13 22:07:26,052 INFO  server.RaftServerConfigKeys (ConfUtils.java:logGet(43)) - raft.server.log.queue.byte-limit = 2147483647 (custom)
2019-06-13 22:07:26,053 INFO  server.RaftServerConfigKeys (ConfUtils.java:logGet(43)) - raft.server.log.queue.element-limit = 1024 (custom)
2019-06-13 22:07:26,053 INFO  server.RaftServerConfigKeys (ConfUtils.java:logGet(43)) - raft.server.log.segment.size.max = 16384 (custom)
2019-06-13 22:07:26,053 INFO  server.RaftServerConfigKeys (ConfUtils.java:logGet(43)) - raft.server.log.preallocated.size = 16384 (custom)
2019-06-13 22:07:26,053 INFO  server.RaftServerConfigKeys (ConfUtils.java:logGet(43)) - raft.server.log.write.buffer.size = 33554432 (custom)
2019-06-13 22:07:26,053 INFO  server.RaftServerConfigKeys (ConfUtils.java:logGet(43)) - raft.server.log.force.sync.num = 128 (default)
2019-06-13 22:07:26,053 INFO  server.RaftServerConfigKeys (ConfUtils.java:logGet(43)) - raft.server.log.statemachine.data.sync = true (default)
2019-06-13 22:07:26,053 INFO  server.RaftServerConfigKeys (ConfUtils.java:logGet(43)) - raft.server.log.statemachine.data.sync.timeout = 10s (default)
2019-06-13 22:07:26,053 INFO  server.RaftServerConfigKeys (ConfUtils.java:logGet(43)) - raft.server.log.statemachine.data.sync.timeout.retry = -1 (default)
2019-06-13 22:07:26,053 INFO  server.RaftServerConfigKeys (ConfUtils.java:logGet(43)) - raft.server.log.statemachine.data.caching.enabled = true (custom)
2019-06-13 22:07:26,054 INFO  server.RaftServerConfigKeys (ConfUtils.java:logGet(43)) - raft.server.snapshot.auto.trigger.enabled = true (custom)
2019-06-13 22:07:26,054 INFO  server.RaftServerConfigKeys (ConfUtils.java:logGet(43)) - raft.server.snapshot.auto.trigger.threshold = 10000 (custom)
2019-06-13 22:07:26,054 INFO  server.RaftServerConfigKeys (ConfUtils.java:logGet(43)) - raft.server.retrycache.expirytime = 600000ms (custom)
2019-06-13 22:07:26,054 INFO  impl.RaftServerImpl (RaftServerImpl.java:start(173)) - f36cfed4-8a85-4f17-9f98-b0f1b39ac2a8: start group-19193CF74105
2019-06-13 22:07:26,054 INFO  impl.RaftServerImpl (RaftServerImpl.java:setRole(164)) - f36cfed4-8a85-4f17-9f98-b0f1b39ac2a8:group-19193CF74105 changes role from null to FOLLOWER at term 0 for startAsFollower
2019-06-13 22:07:26,054 INFO  impl.RoleInfo (RoleInfo.java:updateAndGet(143)) - f36cfed4-8a85-4f17-9f98-b0f1b39ac2a8: start FollowerState
2019-06-13 22:07:26,055 INFO  util.JmxRegister (JmxRegister.java:tryRegister(44)) - Successfully registered JMX Bean with object name Ratis:service=RaftServer,group=group-19193CF74105,id=f36cfed4-8a85-4f17-9f98-b0f1b39ac2a8
2019-06-13 22:07:26,066 INFO  pipeline.PipelineStateManager (PipelineStateManager.java:addPipeline(56)) - Created pipeline Pipeline[ Id: 11eaa75f-f2b7-4914-b8d1-19193cf74105, Nodes: f36cfed4-8a85-4f17-9f98-b0f1b39ac2a8{ip: 192.168.105.156, host: ozone-mzc6g-525209162, networkLocation: /default-rack, certSerialId: null}, Type:RATIS, Factor:ONE, State:OPEN]
2019-06-13 22:07:26,081 INFO  impl.RaftServerProxy (RaftServerProxy.java:addNew(89)) - 4490e0e9-9e1a-47f2-8435-0f109003126f: addNew group-06E87ADA7FFB:[4490e0e9-9e1a-47f2-8435-0f109003126f:192.168.105.156:34581] returns group-06E87ADA7FFB:java.util.concurrent.CompletableFuture@2a9add9b[Not completed]
2019-06-13 22:07:26,084 INFO  impl.RaftServerImpl (RaftServerImpl.java:<init>(91)) - 4490e0e9-9e1a-47f2-8435-0f109003126f: new RaftServerImpl for group-06E87ADA7FFB:[4490e0e9-9e1a-47f2-8435-0f109003126f:192.168.105.156:34581] with ContainerStateMachine:uninitialized
2019-06-13 22:07:26,084 INFO  server.RaftServerConfigKeys (ConfUtils.java:logGet(43)) - raft.server.rpc.timeout.min = 1s (custom)
2019-06-13 22:07:26,084 INFO  server.RaftServerConfigKeys (ConfUtils.java:logGet(43)) - raft.server.rpc.timeout.max = 1200ms (custom)
2019-06-13 22:07:26,085 INFO  server.RaftServerConfigKeys (ConfUtils.java:logGet(43)) - raft.server.rpcslowness.timeout = 120s (custom)
2019-06-13 22:07:26,085 INFO  server.RaftServerConfigKeys (ConfUtils.java:logGet(43)) - raft.server.log.appender.install.snapshot.enabled = true (default)
2019-06-13 22:07:26,085 INFO  impl.RaftServerImpl (ServerState.java:<init>(101)) - 4490e0e9-9e1a-47f2-8435-0f109003126f:group-06E87ADA7FFB ConfigurationManager, init=-1: [4490e0e9-9e1a-47f2-8435-0f109003126f:192.168.105.156:34581], old=null, confs=<EMPTY_MAP>
2019-06-13 22:07:26,085 INFO  server.RaftServerConfigKeys (ConfUtils.java:logGet(43)) - raft.server.storage.dir = [/opt/src/hadoop-ozone/tools/target/test-dir/MiniOzoneClusterImpl-b3b155df-ac28-47ef-8492-08213e4005a2/datanode-2/data/ratis] (custom)
2019-06-13 22:07:26,085 INFO  storage.RaftStorageDirectory (RaftStorageDirectory.java:analyzeStorage(246)) - The storage directory /opt/src/hadoop-ozone/tools/target/test-dir/MiniOzoneClusterImpl-b3b155df-ac28-47ef-8492-08213e4005a2/datanode-2/data/ratis/21c81bc4-f904-4488-842b-06e87ada7ffb does not exist. Creating ...
2019-06-13 22:07:26,088 INFO  storage.RaftStorageDirectory (RaftStorageDirectory.java:tryLock(328)) - Lock on /opt/src/hadoop-ozone/tools/target/test-dir/MiniOzoneClusterImpl-b3b155df-ac28-47ef-8492-08213e4005a2/datanode-2/data/ratis/21c81bc4-f904-4488-842b-06e87ada7ffb/in_use.lock acquired by nodename 2648@ozone-mzc6g-525209162
2019-06-13 22:07:26,090 INFO  storage.RaftStorage (RaftStorage.java:format(75)) - Storage directory /opt/src/hadoop-ozone/tools/target/test-dir/MiniOzoneClusterImpl-b3b155df-ac28-47ef-8492-08213e4005a2/datanode-2/data/ratis/21c81bc4-f904-4488-842b-06e87ada7ffb has been successfully formatted.
2019-06-13 22:07:26,090 INFO  ratis.ContainerStateMachine (ContainerStateMachine.java:loadSnapshot(199)) - The snapshot info is null.Setting the last applied index to:(t:0, i:~)
2019-06-13 22:07:26,090 INFO  server.RaftServerConfigKeys (ConfUtils.java:logGet(43)) - raft.server.leader.election.timeout = 120s (custom)
2019-06-13 22:07:26,090 INFO  server.RaftServerConfigKeys (ConfUtils.java:logGet(43)) - raft.server.log.use.memory = false (default)
2019-06-13 22:07:26,090 INFO  server.RaftServerConfigKeys (ConfUtils.java:logGet(43)) - raft.server.log.appender.buffer.byte-limit = 33554432 (custom)
2019-06-13 22:07:26,090 INFO  server.RaftServerConfigKeys (ConfUtils.java:logGet(43)) - raft.server.log.segment.size.max = 16384 (custom)
2019-06-13 22:07:26,090 INFO  server.RaftServerConfigKeys (ConfUtils.java:logGet(43)) - raft.server.log.segment.cache.num.max = 2 (custom)
2019-06-13 22:07:26,091 INFO  storage.RaftLogWorker (RaftLogWorker.java:<init>(123)) - new 4490e0e9-9e1a-47f2-8435-0f109003126f-RaftLogWorker for Storage Directory /opt/src/hadoop-ozone/tools/target/test-dir/MiniOzoneClusterImpl-b3b155df-ac28-47ef-8492-08213e4005a2/datanode-2/data/ratis/21c81bc4-f904-4488-842b-06e87ada7ffb
2019-06-13 22:07:26,091 INFO  server.RaftServerConfigKeys (ConfUtils.java:logGet(43)) - raft.server.log.queue.byte-limit = 2147483647 (custom)
2019-06-13 22:07:26,091 INFO  server.RaftServerConfigKeys (ConfUtils.java:logGet(43)) - raft.server.log.queue.element-limit = 1024 (custom)
2019-06-13 22:07:26,091 INFO  server.RaftServerConfigKeys (ConfUtils.java:logGet(43)) - raft.server.log.segment.size.max = 16384 (custom)
2019-06-13 22:07:26,091 INFO  server.RaftServerConfigKeys (ConfUtils.java:logGet(43)) - raft.server.log.preallocated.size = 16384 (custom)
2019-06-13 22:07:26,091 INFO  server.RaftServerConfigKeys (ConfUtils.java:logGet(43)) - raft.server.log.write.buffer.size = 33554432 (custom)
2019-06-13 22:07:26,199 INFO  server.RaftServerConfigKeys (ConfUtils.java:logGet(43)) - raft.server.log.force.sync.num = 128 (default)
2019-06-13 22:07:26,199 INFO  server.RaftServerConfigKeys (ConfUtils.java:logGet(43)) - raft.server.log.statemachine.data.sync = true (default)
2019-06-13 22:07:26,199 INFO  server.RaftServerConfigKeys (ConfUtils.java:logGet(43)) - raft.server.log.statemachine.data.sync.timeout = 10s (default)
2019-06-13 22:07:26,199 INFO  server.RaftServerConfigKeys (ConfUtils.java:logGet(43)) - raft.server.log.statemachine.data.sync.timeout.retry = -1 (default)
2019-06-13 22:07:26,199 INFO  server.RaftServerConfigKeys (ConfUtils.java:logGet(43)) - raft.server.log.statemachine.data.caching.enabled = true (custom)
2019-06-13 22:07:26,200 INFO  server.RaftServerConfigKeys (ConfUtils.java:logGet(43)) - raft.server.snapshot.auto.trigger.enabled = true (custom)
2019-06-13 22:07:26,200 INFO  server.RaftServerConfigKeys (ConfUtils.java:logGet(43)) - raft.server.snapshot.auto.trigger.threshold = 10000 (custom)
2019-06-13 22:07:26,200 INFO  server.RaftServerConfigKeys (ConfUtils.java:logGet(43)) - raft.server.retrycache.expirytime = 600000ms (custom)
2019-06-13 22:07:26,200 INFO  impl.RaftServerImpl (RaftServerImpl.java:start(173)) - 4490e0e9-9e1a-47f2-8435-0f109003126f: start group-06E87ADA7FFB
2019-06-13 22:07:26,201 INFO  impl.RaftServerImpl (RaftServerImpl.java:setRole(164)) - 4490e0e9-9e1a-47f2-8435-0f109003126f:group-06E87ADA7FFB changes role from null to FOLLOWER at term 0 for startAsFollower
2019-06-13 22:07:26,201 INFO  impl.RoleInfo (RoleInfo.java:updateAndGet(143)) - 4490e0e9-9e1a-47f2-8435-0f109003126f: start FollowerState
2019-06-13 22:07:26,201 INFO  util.JmxRegister (JmxRegister.java:tryRegister(44)) - Successfully registered JMX Bean with object name Ratis:service=RaftServer,group=group-06E87ADA7FFB,id=4490e0e9-9e1a-47f2-8435-0f109003126f
2019-06-13 22:07:26,205 INFO  pipeline.PipelineStateManager (PipelineStateManager.java:addPipeline(56)) - Created pipeline Pipeline[ Id: 21c81bc4-f904-4488-842b-06e87ada7ffb, Nodes: 4490e0e9-9e1a-47f2-8435-0f109003126f{ip: 192.168.105.156, host: ozone-mzc6g-525209162, networkLocation: /default-rack, certSerialId: null}, Type:RATIS, Factor:ONE, State:OPEN]
2019-06-13 22:07:26,231 INFO  impl.RaftServerProxy (RaftServerProxy.java:addNew(89)) - f36cfed4-8a85-4f17-9f98-b0f1b39ac2a8: addNew group-CF59CB24C15B:[15e76712-f162-4c60-8887-3e4d71facee3:192.168.105.156:37583, f36cfed4-8a85-4f17-9f98-b0f1b39ac2a8:192.168.105.156:36853, 4490e0e9-9e1a-47f2-8435-0f109003126f:192.168.105.156:34581] returns group-CF59CB24C15B:java.util.concurrent.CompletableFuture@10c2084d[Not completed]
2019-06-13 22:07:26,231 INFO  impl.RaftServerProxy (RaftServerProxy.java:addNew(89)) - 15e76712-f162-4c60-8887-3e4d71facee3: addNew group-CF59CB24C15B:[15e76712-f162-4c60-8887-3e4d71facee3:192.168.105.156:37583, f36cfed4-8a85-4f17-9f98-b0f1b39ac2a8:192.168.105.156:36853, 4490e0e9-9e1a-47f2-8435-0f109003126f:192.168.105.156:34581] returns group-CF59CB24C15B:java.util.concurrent.CompletableFuture@35451f06[Not completed]
2019-06-13 22:07:26,232 INFO  impl.RaftServerImpl (RaftServerImpl.java:<init>(91)) - f36cfed4-8a85-4f17-9f98-b0f1b39ac2a8: new RaftServerImpl for group-CF59CB24C15B:[15e76712-f162-4c60-8887-3e4d71facee3:192.168.105.156:37583, f36cfed4-8a85-4f17-9f98-b0f1b39ac2a8:192.168.105.156:36853, 4490e0e9-9e1a-47f2-8435-0f109003126f:192.168.105.156:34581] with ContainerStateMachine:uninitialized
2019-06-13 22:07:26,233 INFO  impl.RaftServerImpl (RaftServerImpl.java:<init>(91)) - 15e76712-f162-4c60-8887-3e4d71facee3: new RaftServerImpl for group-CF59CB24C15B:[15e76712-f162-4c60-8887-3e4d71facee3:192.168.105.156:37583, f36cfed4-8a85-4f17-9f98-b0f1b39ac2a8:192.168.105.156:36853, 4490e0e9-9e1a-47f2-8435-0f109003126f:192.168.105.156:34581] with ContainerStateMachine:uninitialized
2019-06-13 22:07:26,233 INFO  server.RaftServerConfigKeys (ConfUtils.java:logGet(43)) - raft.server.rpc.timeout.min = 1s (custom)
2019-06-13 22:07:26,234 INFO  server.RaftServerConfigKeys (ConfUtils.java:logGet(43)) - raft.server.rpc.timeout.max = 1200ms (custom)
2019-06-13 22:07:26,234 INFO  server.RaftServerConfigKeys (ConfUtils.java:logGet(43)) - raft.server.rpcslowness.timeout = 120s (custom)
2019-06-13 22:07:26,234 INFO  server.RaftServerConfigKeys (ConfUtils.java:logGet(43)) - raft.server.log.appender.install.snapshot.enabled = true (default)
2019-06-13 22:07:26,234 INFO  impl.RaftServerImpl (ServerState.java:<init>(101)) - f36cfed4-8a85-4f17-9f98-b0f1b39ac2a8:group-CF59CB24C15B ConfigurationManager, init=-1: [15e76712-f162-4c60-8887-3e4d71facee3:192.168.105.156:37583, f36cfed4-8a85-4f17-9f98-b0f1b39ac2a8:192.168.105.156:36853, 4490e0e9-9e1a-47f2-8435-0f109003126f:192.168.105.156:34581], old=null, confs=<EMPTY_MAP>
2019-06-13 22:07:26,234 INFO  server.RaftServerConfigKeys (ConfUtils.java:logGet(43)) - raft.server.rpc.timeout.min = 1s (custom)
2019-06-13 22:07:26,235 INFO  server.RaftServerConfigKeys (ConfUtils.java:logGet(43)) - raft.server.rpc.timeout.max = 1200ms (custom)
2019-06-13 22:07:26,235 INFO  server.RaftServerConfigKeys (ConfUtils.java:logGet(43)) - raft.server.storage.dir = [/opt/src/hadoop-ozone/tools/target/test-dir/MiniOzoneClusterImpl-b3b155df-ac28-47ef-8492-08213e4005a2/datanode-1/data/ratis] (custom)
2019-06-13 22:07:26,235 INFO  storage.RaftStorageDirectory (RaftStorageDirectory.java:analyzeStorage(246)) - The storage directory /opt/src/hadoop-ozone/tools/target/test-dir/MiniOzoneClusterImpl-b3b155df-ac28-47ef-8492-08213e4005a2/datanode-1/data/ratis/d0ac1cc3-fe82-4ce3-9d78-cf59cb24c15b does not exist. Creating ...
2019-06-13 22:07:26,235 INFO  server.RaftServerConfigKeys (ConfUtils.java:logGet(43)) - raft.server.rpcslowness.timeout = 120s (custom)
2019-06-13 22:07:26,236 INFO  server.RaftServerConfigKeys (ConfUtils.java:logGet(43)) - raft.server.log.appender.install.snapshot.enabled = true (default)
2019-06-13 22:07:26,236 INFO  impl.RaftServerImpl (ServerState.java:<init>(101)) - 15e76712-f162-4c60-8887-3e4d71facee3:group-CF59CB24C15B ConfigurationManager, init=-1: [15e76712-f162-4c60-8887-3e4d71facee3:192.168.105.156:37583, f36cfed4-8a85-4f17-9f98-b0f1b39ac2a8:192.168.105.156:36853, 4490e0e9-9e1a-47f2-8435-0f109003126f:192.168.105.156:34581], old=null, confs=<EMPTY_MAP>
2019-06-13 22:07:26,236 INFO  server.RaftServerConfigKeys (ConfUtils.java:logGet(43)) - raft.server.storage.dir = [/opt/src/hadoop-ozone/tools/target/test-dir/MiniOzoneClusterImpl-b3b155df-ac28-47ef-8492-08213e4005a2/datanode-0/data/ratis] (custom)
2019-06-13 22:07:26,236 INFO  storage.RaftStorageDirectory (RaftStorageDirectory.java:analyzeStorage(246)) - The storage directory /opt/src/hadoop-ozone/tools/target/test-dir/MiniOzoneClusterImpl-b3b155df-ac28-47ef-8492-08213e4005a2/datanode-0/data/ratis/d0ac1cc3-fe82-4ce3-9d78-cf59cb24c15b does not exist. Creating ...
2019-06-13 22:07:26,237 INFO  impl.RaftServerProxy (RaftServerProxy.java:addNew(89)) - 4490e0e9-9e1a-47f2-8435-0f109003126f: addNew group-CF59CB24C15B:[15e76712-f162-4c60-8887-3e4d71facee3:192.168.105.156:37583, f36cfed4-8a85-4f17-9f98-b0f1b39ac2a8:192.168.105.156:36853, 4490e0e9-9e1a-47f2-8435-0f109003126f:192.168.105.156:34581] returns group-CF59CB24C15B:java.util.concurrent.CompletableFuture@305f2290[Not completed]
2019-06-13 22:07:26,237 INFO  impl.RaftServerImpl (RaftServerImpl.java:<init>(91)) - 4490e0e9-9e1a-47f2-8435-0f109003126f: new RaftServerImpl for group-CF59CB24C15B:[15e76712-f162-4c60-8887-3e4d71facee3:192.168.105.156:37583, f36cfed4-8a85-4f17-9f98-b0f1b39ac2a8:192.168.105.156:36853, 4490e0e9-9e1a-47f2-8435-0f109003126f:192.168.105.156:34581] with ContainerStateMachine:uninitialized
2019-06-13 22:07:26,237 INFO  server.RaftServerConfigKeys (ConfUtils.java:logGet(43)) - raft.server.rpc.timeout.min = 1s (custom)
2019-06-13 22:07:26,238 INFO  server.RaftServerConfigKeys (ConfUtils.java:logGet(43)) - raft.server.rpc.timeout.max = 1200ms (custom)
2019-06-13 22:07:26,238 INFO  storage.RaftStorageDirectory (RaftStorageDirectory.java:tryLock(328)) - Lock on /opt/src/hadoop-ozone/tools/target/test-dir/MiniOzoneClusterImpl-b3b155df-ac28-47ef-8492-08213e4005a2/datanode-1/data/ratis/d0ac1cc3-fe82-4ce3-9d78-cf59cb24c15b/in_use.lock acquired by nodename 2648@ozone-mzc6g-525209162
2019-06-13 22:07:26,238 INFO  server.RaftServerConfigKeys (ConfUtils.java:logGet(43)) - raft.server.rpcslowness.timeout = 120s (custom)
2019-06-13 22:07:26,238 INFO  storage.RaftStorageDirectory (RaftStorageDirectory.java:tryLock(328)) - Lock on /opt/src/hadoop-ozone/tools/target/test-dir/MiniOzoneClusterImpl-b3b155df-ac28-47ef-8492-08213e4005a2/datanode-0/data/ratis/d0ac1cc3-fe82-4ce3-9d78-cf59cb24c15b/in_use.lock acquired by nodename 2648@ozone-mzc6g-525209162
2019-06-13 22:07:26,238 INFO  server.RaftServerConfigKeys (ConfUtils.java:logGet(43)) - raft.server.log.appender.install.snapshot.enabled = true (default)
2019-06-13 22:07:26,239 INFO  impl.RaftServerImpl (ServerState.java:<init>(101)) - 4490e0e9-9e1a-47f2-8435-0f109003126f:group-CF59CB24C15B ConfigurationManager, init=-1: [15e76712-f162-4c60-8887-3e4d71facee3:192.168.105.156:37583, f36cfed4-8a85-4f17-9f98-b0f1b39ac2a8:192.168.105.156:36853, 4490e0e9-9e1a-47f2-8435-0f109003126f:192.168.105.156:34581], old=null, confs=<EMPTY_MAP>
2019-06-13 22:07:26,239 INFO  server.RaftServerConfigKeys (ConfUtils.java:logGet(43)) - raft.server.storage.dir = [/opt/src/hadoop-ozone/tools/target/test-dir/MiniOzoneClusterImpl-b3b155df-ac28-47ef-8492-08213e4005a2/datanode-2/data/ratis] (custom)
2019-06-13 22:07:26,239 INFO  storage.RaftStorageDirectory (RaftStorageDirectory.java:analyzeStorage(246)) - The storage directory /opt/src/hadoop-ozone/tools/target/test-dir/MiniOzoneClusterImpl-b3b155df-ac28-47ef-8492-08213e4005a2/datanode-2/data/ratis/d0ac1cc3-fe82-4ce3-9d78-cf59cb24c15b does not exist. Creating ...
2019-06-13 22:07:26,240 INFO  storage.RaftStorage (RaftStorage.java:format(75)) - Storage directory /opt/src/hadoop-ozone/tools/target/test-dir/MiniOzoneClusterImpl-b3b155df-ac28-47ef-8492-08213e4005a2/datanode-1/data/ratis/d0ac1cc3-fe82-4ce3-9d78-cf59cb24c15b has been successfully formatted.
2019-06-13 22:07:26,240 INFO  storage.RaftStorage (RaftStorage.java:format(75)) - Storage directory /opt/src/hadoop-ozone/tools/target/test-dir/MiniOzoneClusterImpl-b3b155df-ac28-47ef-8492-08213e4005a2/datanode-0/data/ratis/d0ac1cc3-fe82-4ce3-9d78-cf59cb24c15b has been successfully formatted.
2019-06-13 22:07:26,240 INFO  ratis.ContainerStateMachine (ContainerStateMachine.java:loadSnapshot(199)) - The snapshot info is null.Setting the last applied index to:(t:0, i:~)
2019-06-13 22:07:26,241 INFO  ratis.ContainerStateMachine (ContainerStateMachine.java:loadSnapshot(199)) - The snapshot info is null.Setting the last applied index to:(t:0, i:~)
2019-06-13 22:07:26,241 INFO  server.RaftServerConfigKeys (ConfUtils.java:logGet(43)) - raft.server.leader.election.timeout = 120s (custom)
2019-06-13 22:07:26,241 INFO  server.RaftServerConfigKeys (ConfUtils.java:logGet(43)) - raft.server.log.use.memory = false (default)
2019-06-13 22:07:26,241 INFO  server.RaftServerConfigKeys (ConfUtils.java:logGet(43)) - raft.server.log.appender.buffer.byte-limit = 33554432 (custom)
2019-06-13 22:07:26,241 INFO  server.RaftServerConfigKeys (ConfUtils.java:logGet(43)) - raft.server.log.segment.size.max = 16384 (custom)
2019-06-13 22:07:26,241 INFO  server.RaftServerConfigKeys (ConfUtils.java:logGet(43)) - raft.server.log.segment.cache.num.max = 2 (custom)
2019-06-13 22:07:26,241 INFO  server.RaftServerConfigKeys (ConfUtils.java:logGet(43)) - raft.server.leader.election.timeout = 120s (custom)
2019-06-13 22:07:26,242 INFO  server.RaftServerConfigKeys (ConfUtils.java:logGet(43)) - raft.server.log.use.memory = false (default)
2019-06-13 22:07:26,242 INFO  server.RaftServerConfigKeys (ConfUtils.java:logGet(43)) - raft.server.log.appender.buffer.byte-limit = 33554432 (custom)
2019-06-13 22:07:26,242 INFO  server.RaftServerConfigKeys (ConfUtils.java:logGet(43)) - raft.server.log.segment.size.max = 16384 (custom)
2019-06-13 22:07:26,242 INFO  server.RaftServerConfigKeys (ConfUtils.java:logGet(43)) - raft.server.log.segment.cache.num.max = 2 (custom)
2019-06-13 22:07:26,242 INFO  storage.RaftLogWorker (RaftLogWorker.java:<init>(123)) - new f36cfed4-8a85-4f17-9f98-b0f1b39ac2a8-RaftLogWorker for Storage Directory /opt/src/hadoop-ozone/tools/target/test-dir/MiniOzoneClusterImpl-b3b155df-ac28-47ef-8492-08213e4005a2/datanode-1/data/ratis/d0ac1cc3-fe82-4ce3-9d78-cf59cb24c15b
2019-06-13 22:07:26,242 INFO  server.RaftServerConfigKeys (ConfUtils.java:logGet(43)) - raft.server.log.queue.byte-limit = 2147483647 (custom)
2019-06-13 22:07:26,242 INFO  server.RaftServerConfigKeys (ConfUtils.java:logGet(43)) - raft.server.log.queue.element-limit = 1024 (custom)
2019-06-13 22:07:26,242 INFO  server.RaftServerConfigKeys (ConfUtils.java:logGet(43)) - raft.server.log.segment.size.max = 16384 (custom)
2019-06-13 22:07:26,243 INFO  server.RaftServerConfigKeys (ConfUtils.java:logGet(43)) - raft.server.log.preallocated.size = 16384 (custom)
2019-06-13 22:07:26,243 INFO  server.RaftServerConfigKeys (ConfUtils.java:logGet(43)) - raft.server.log.write.buffer.size = 33554432 (custom)
2019-06-13 22:07:26,243 INFO  server.RaftServerConfigKeys (ConfUtils.java:logGet(43)) - raft.server.log.force.sync.num = 128 (default)
2019-06-13 22:07:26,243 INFO  server.RaftServerConfigKeys (ConfUtils.java:logGet(43)) - raft.server.log.statemachine.data.sync = true (default)
2019-06-13 22:07:26,243 INFO  server.RaftServerConfigKeys (ConfUtils.java:logGet(43)) - raft.server.log.statemachine.data.sync.timeout = 10s (default)
2019-06-13 22:07:26,243 INFO  server.RaftServerConfigKeys (ConfUtils.java:logGet(43)) - raft.server.log.statemachine.data.sync.timeout.retry = -1 (default)
2019-06-13 22:07:26,243 INFO  server.RaftServerConfigKeys (ConfUtils.java:logGet(43)) - raft.server.log.statemachine.data.caching.enabled = true (custom)
2019-06-13 22:07:26,242 INFO  storage.RaftStorageDirectory (RaftStorageDirectory.java:tryLock(328)) - Lock on /opt/src/hadoop-ozone/tools/target/test-dir/MiniOzoneClusterImpl-b3b155df-ac28-47ef-8492-08213e4005a2/datanode-2/data/ratis/d0ac1cc3-fe82-4ce3-9d78-cf59cb24c15b/in_use.lock acquired by nodename 2648@ozone-mzc6g-525209162
2019-06-13 22:07:26,241 INFO  storage.RaftLogWorker (RaftLogWorker.java:<init>(123)) - new 15e76712-f162-4c60-8887-3e4d71facee3-RaftLogWorker for Storage Directory /opt/src/hadoop-ozone/tools/target/test-dir/MiniOzoneClusterImpl-b3b155df-ac28-47ef-8492-08213e4005a2/datanode-0/data/ratis/d0ac1cc3-fe82-4ce3-9d78-cf59cb24c15b
2019-06-13 22:07:26,244 INFO  server.RaftServerConfigKeys (ConfUtils.java:logGet(43)) - raft.server.log.queue.byte-limit = 2147483647 (custom)
2019-06-13 22:07:26,244 INFO  server.RaftServerConfigKeys (ConfUtils.java:logGet(43)) - raft.server.log.queue.element-limit = 1024 (custom)
2019-06-13 22:07:26,245 INFO  server.RaftServerConfigKeys (ConfUtils.java:logGet(43)) - raft.server.log.segment.size.max = 16384 (custom)
2019-06-13 22:07:26,245 INFO  server.RaftServerConfigKeys (ConfUtils.java:logGet(43)) - raft.server.log.preallocated.size = 16384 (custom)
2019-06-13 22:07:26,245 INFO  server.RaftServerConfigKeys (ConfUtils.java:logGet(43)) - raft.server.log.write.buffer.size = 33554432 (custom)
2019-06-13 22:07:26,245 INFO  server.RaftServerConfigKeys (ConfUtils.java:logGet(43)) - raft.server.log.force.sync.num = 128 (default)
2019-06-13 22:07:26,245 INFO  server.RaftServerConfigKeys (ConfUtils.java:logGet(43)) - raft.server.log.statemachine.data.sync = true (default)
2019-06-13 22:07:26,245 INFO  server.RaftServerConfigKeys (ConfUtils.java:logGet(43)) - raft.server.log.statemachine.data.sync.timeout = 10s (default)
2019-06-13 22:07:26,245 INFO  server.RaftServerConfigKeys (ConfUtils.java:logGet(43)) - raft.server.log.statemachine.data.sync.timeout.retry = -1 (default)
2019-06-13 22:07:26,245 INFO  server.RaftServerConfigKeys (ConfUtils.java:logGet(43)) - raft.server.log.statemachine.data.caching.enabled = true (custom)
2019-06-13 22:07:26,244 INFO  server.RaftServerConfigKeys (ConfUtils.java:logGet(43)) - raft.server.snapshot.auto.trigger.enabled = true (custom)
2019-06-13 22:07:26,246 INFO  server.RaftServerConfigKeys (ConfUtils.java:logGet(43)) - raft.server.snapshot.auto.trigger.threshold = 10000 (custom)
2019-06-13 22:07:26,246 INFO  server.RaftServerConfigKeys (ConfUtils.java:logGet(43)) - raft.server.retrycache.expirytime = 600000ms (custom)
2019-06-13 22:07:26,246 INFO  impl.RaftServerImpl (RaftServerImpl.java:start(173)) - f36cfed4-8a85-4f17-9f98-b0f1b39ac2a8: start group-CF59CB24C15B
2019-06-13 22:07:26,246 INFO  impl.RaftServerImpl (RaftServerImpl.java:setRole(164)) - f36cfed4-8a85-4f17-9f98-b0f1b39ac2a8:group-CF59CB24C15B changes role from null to FOLLOWER at term 0 for startAsFollower
2019-06-13 22:07:26,246 INFO  impl.RoleInfo (RoleInfo.java:updateAndGet(143)) - f36cfed4-8a85-4f17-9f98-b0f1b39ac2a8: start FollowerState
2019-06-13 22:07:26,246 INFO  server.RaftServerConfigKeys (ConfUtils.java:logGet(43)) - raft.server.snapshot.auto.trigger.enabled = true (custom)
2019-06-13 22:07:26,247 INFO  server.RaftServerConfigKeys (ConfUtils.java:logGet(43)) - raft.server.snapshot.auto.trigger.threshold = 10000 (custom)
2019-06-13 22:07:26,247 INFO  util.JmxRegister (JmxRegister.java:tryRegister(44)) - Successfully registered JMX Bean with object name Ratis:service=RaftServer,group=group-CF59CB24C15B,id=f36cfed4-8a85-4f17-9f98-b0f1b39ac2a8
2019-06-13 22:07:26,247 INFO  server.RaftServerConfigKeys (ConfUtils.java:logGet(43)) - raft.server.retrycache.expirytime = 600000ms (custom)
2019-06-13 22:07:26,247 INFO  impl.RaftServerImpl (RaftServerImpl.java:start(173)) - 15e76712-f162-4c60-8887-3e4d71facee3: start group-CF59CB24C15B
2019-06-13 22:07:26,247 INFO  impl.RaftServerImpl (RaftServerImpl.java:setRole(164)) - 15e76712-f162-4c60-8887-3e4d71facee3:group-CF59CB24C15B changes role from null to FOLLOWER at term 0 for startAsFollower
2019-06-13 22:07:26,247 INFO  impl.RoleInfo (RoleInfo.java:updateAndGet(143)) - 15e76712-f162-4c60-8887-3e4d71facee3: start FollowerState
2019-06-13 22:07:26,249 INFO  util.JmxRegister (JmxRegister.java:tryRegister(44)) - Successfully registered JMX Bean with object name Ratis:service=RaftServer,group=group-CF59CB24C15B,id=15e76712-f162-4c60-8887-3e4d71facee3
2019-06-13 22:07:26,255 INFO  storage.RaftStorage (RaftStorage.java:format(75)) - Storage directory /opt/src/hadoop-ozone/tools/target/test-dir/MiniOzoneClusterImpl-b3b155df-ac28-47ef-8492-08213e4005a2/datanode-2/data/ratis/d0ac1cc3-fe82-4ce3-9d78-cf59cb24c15b has been successfully formatted.
2019-06-13 22:07:26,255 INFO  ratis.ContainerStateMachine (ContainerStateMachine.java:loadSnapshot(199)) - The snapshot info is null.Setting the last applied index to:(t:0, i:~)
2019-06-13 22:07:26,255 INFO  server.RaftServerConfigKeys (ConfUtils.java:logGet(43)) - raft.server.leader.election.timeout = 120s (custom)
2019-06-13 22:07:26,255 INFO  server.RaftServerConfigKeys (ConfUtils.java:logGet(43)) - raft.server.log.use.memory = false (default)
2019-06-13 22:07:26,256 INFO  server.RaftServerConfigKeys (ConfUtils.java:logGet(43)) - raft.server.log.appender.buffer.byte-limit = 33554432 (custom)
2019-06-13 22:07:26,256 INFO  server.RaftServerConfigKeys (ConfUtils.java:logGet(43)) - raft.server.log.segment.size.max = 16384 (custom)
2019-06-13 22:07:26,256 INFO  server.RaftServerConfigKeys (ConfUtils.java:logGet(43)) - raft.server.log.segment.cache.num.max = 2 (custom)
2019-06-13 22:07:26,257 INFO  storage.RaftLogWorker (RaftLogWorker.java:<init>(123)) - new 4490e0e9-9e1a-47f2-8435-0f109003126f-RaftLogWorker for Storage Directory /opt/src/hadoop-ozone/tools/target/test-dir/MiniOzoneClusterImpl-b3b155df-ac28-47ef-8492-08213e4005a2/datanode-2/data/ratis/d0ac1cc3-fe82-4ce3-9d78-cf59cb24c15b
2019-06-13 22:07:26,257 INFO  server.RaftServerConfigKeys (ConfUtils.java:logGet(43)) - raft.server.log.queue.byte-limit = 2147483647 (custom)
2019-06-13 22:07:26,258 INFO  server.RaftServerConfigKeys (ConfUtils.java:logGet(43)) - raft.server.log.queue.element-limit = 1024 (custom)
2019-06-13 22:07:26,258 INFO  server.RaftServerConfigKeys (ConfUtils.java:logGet(43)) - raft.server.log.segment.size.max = 16384 (custom)
2019-06-13 22:07:26,258 INFO  server.RaftServerConfigKeys (ConfUtils.java:logGet(43)) - raft.server.log.preallocated.size = 16384 (custom)
2019-06-13 22:07:26,258 INFO  server.RaftServerConfigKeys (ConfUtils.java:logGet(43)) - raft.server.log.write.buffer.size = 33554432 (custom)
2019-06-13 22:07:26,258 INFO  server.RaftServerConfigKeys (ConfUtils.java:logGet(43)) - raft.server.log.force.sync.num = 128 (default)
2019-06-13 22:07:26,258 INFO  server.RaftServerConfigKeys (ConfUtils.java:logGet(43)) - raft.server.log.statemachine.data.sync = true (default)
2019-06-13 22:07:26,258 INFO  server.RaftServerConfigKeys (ConfUtils.java:logGet(43)) - raft.server.log.statemachine.data.sync.timeout = 10s (default)
2019-06-13 22:07:26,258 INFO  server.RaftServerConfigKeys (ConfUtils.java:logGet(43)) - raft.server.log.statemachine.data.sync.timeout.retry = -1 (default)
2019-06-13 22:07:26,258 INFO  server.RaftServerConfigKeys (ConfUtils.java:logGet(43)) - raft.server.log.statemachine.data.caching.enabled = true (custom)
2019-06-13 22:07:26,259 INFO  server.RaftServerConfigKeys (ConfUtils.java:logGet(43)) - raft.server.snapshot.auto.trigger.enabled = true (custom)
2019-06-13 22:07:26,260 INFO  server.RaftServerConfigKeys (ConfUtils.java:logGet(43)) - raft.server.snapshot.auto.trigger.threshold = 10000 (custom)
2019-06-13 22:07:26,260 INFO  server.RaftServerConfigKeys (ConfUtils.java:logGet(43)) - raft.server.retrycache.expirytime = 600000ms (custom)
2019-06-13 22:07:26,260 INFO  impl.RaftServerImpl (RaftServerImpl.java:start(173)) - 4490e0e9-9e1a-47f2-8435-0f109003126f: start group-CF59CB24C15B
2019-06-13 22:07:26,260 INFO  impl.RaftServerImpl (RaftServerImpl.java:setRole(164)) - 4490e0e9-9e1a-47f2-8435-0f109003126f:group-CF59CB24C15B changes role from null to FOLLOWER at term 0 for startAsFollower
2019-06-13 22:07:26,260 INFO  impl.RoleInfo (RoleInfo.java:updateAndGet(143)) - 4490e0e9-9e1a-47f2-8435-0f109003126f: start FollowerState
2019-06-13 22:07:26,260 INFO  util.JmxRegister (JmxRegister.java:tryRegister(44)) - Successfully registered JMX Bean with object name Ratis:service=RaftServer,group=group-CF59CB24C15B,id=4490e0e9-9e1a-47f2-8435-0f109003126f
2019-06-13 22:07:26,277 INFO  pipeline.PipelineStateManager (PipelineStateManager.java:addPipeline(56)) - Created pipeline Pipeline[ Id: d0ac1cc3-fe82-4ce3-9d78-cf59cb24c15b, Nodes: f36cfed4-8a85-4f17-9f98-b0f1b39ac2a8{ip: 192.168.105.156, host: ozone-mzc6g-525209162, networkLocation: /default-rack, certSerialId: null}15e76712-f162-4c60-8887-3e4d71facee3{ip: 192.168.105.156, host: ozone-mzc6g-525209162, networkLocation: /default-rack, certSerialId: null}4490e0e9-9e1a-47f2-8435-0f109003126f{ip: 192.168.105.156, host: ozone-mzc6g-525209162, networkLocation: /default-rack, certSerialId: null}, Type:RATIS, Factor:THREE, State:OPEN]
2019-06-13 22:07:26,934 INFO  ozone.MiniOzoneClusterImpl (MiniOzoneClusterImpl.java:lambda$waitForClusterToBeReady$0(142)) - Cluster is ready. Got 3 of 3 DN Heartbeats.
]]></system-out>
    <system-err><![CDATA[ERROR StatusLogger No Log4j 2 configuration file found. Using default configuration (logging only errors to the console), or user programmatically provided configurations. Set system property 'log4j2.debug' to show Log4j 2 internal initialization logging. See https://logging.apache.org/log4j/2.x/manual/configuration.html for instructions on how to configure Log4j 2
Jun 13, 2019 10:07:20 PM com.sun.jersey.server.impl.application.WebApplicationImpl _initiate
INFO: Initiating Jersey application, version 'Jersey: 1.19 02/11/2015 03:25 AM'
Jun 13, 2019 10:07:21 PM com.sun.jersey.server.impl.application.WebApplicationImpl _initiate
INFO: Initiating Jersey application, version 'Jersey: 1.19 02/11/2015 03:25 AM'
Jun 13, 2019 10:07:21 PM com.sun.jersey.server.impl.application.WebApplicationImpl _initiate
INFO: Initiating Jersey application, version 'Jersey: 1.19 02/11/2015 03:25 AM'
]]></system-err>
  </testcase>
</testsuite>