<?xml version="1.0" encoding="UTF-8"?>
<testsuite xmlns:xsi="http://www.w3.org/2001/XMLSchema-instance" xsi:noNamespaceSchemaLocation="https://maven.apache.org/surefire/maven-surefire-plugin/xsd/surefire-test-report.xsd" name="org.apache.hadoop.hdds.scm.pipeline.TestNodeFailure" time="12.336" tests="1" errors="0" skipped="1" failures="0">
  <properties>
    <property name="awt.toolkit" value="sun.awt.X11.XToolkit"/>
    <property name="file.encoding.pkg" value="sun.io"/>
    <property name="java.specification.version" value="1.8"/>
    <property name="sun.cpu.isalist" value=""/>
    <property name="sun.jnu.encoding" value="UTF-8"/>
    <property name="java.class.path" value="/opt/src/hadoop-ozone/integration-test/target/test-classes:/opt/src/hadoop-ozone/integration-test/target/classes:/root/.m2/repository/org/apache/hadoop/hadoop-ozone-common/0.5.0-SNAPSHOT/hadoop-ozone-common-0.5.0-SNAPSHOT.jar:/root/.m2/repository/org/apache/commons/commons-compress/1.4.1/commons-compress-1.4.1.jar:/root/.m2/repository/org/tukaani/xz/1.0/xz-1.0.jar:/root/.m2/repository/org/apache/hadoop/hadoop-common/3.2.0/hadoop-common-3.2.0.jar:/root/.m2/repository/org/apache/hadoop/hadoop-hdfs/3.2.0/hadoop-hdfs-3.2.0.jar:/root/.m2/repository/org/apache/hadoop/hadoop-hdfs-client/3.2.0/hadoop-hdfs-client-3.2.0.jar:/root/.m2/repository/com/fasterxml/jackson/core/jackson-annotations/2.9.5/jackson-annotations-2.9.5.jar:/root/.m2/repository/org/apache/hadoop/hadoop-hdds-common/0.5.0-SNAPSHOT/hadoop-hdds-common-0.5.0-SNAPSHOT.jar:/root/.m2/repository/javax/annotation/javax.annotation-api/1.2/javax.annotation-api-1.2.jar:/root/.m2/repository/org/apache/ratis/ratis-server/0.4.0-fe2b15d-SNAPSHOT/ratis-server-0.4.0-fe2b15d-SNAPSHOT.jar:/root/.m2/repository/org/apache/ratis/ratis-thirdparty-misc/0.2.0/ratis-thirdparty-misc-0.2.0.jar:/root/.m2/repository/org/apache/ratis/ratis-proto/0.4.0-fe2b15d-SNAPSHOT/ratis-proto-0.4.0-fe2b15d-SNAPSHOT.jar:/root/.m2/repository/org/apache/ratis/ratis-common/0.4.0-fe2b15d-SNAPSHOT/ratis-common-0.4.0-fe2b15d-SNAPSHOT.jar:/root/.m2/repository/org/apache/ratis/ratis-client/0.4.0-fe2b15d-SNAPSHOT/ratis-client-0.4.0-fe2b15d-SNAPSHOT.jar:/root/.m2/repository/org/apache/ratis/ratis-netty/0.4.0-fe2b15d-SNAPSHOT/ratis-netty-0.4.0-fe2b15d-SNAPSHOT.jar:/root/.m2/repository/org/apache/ratis/ratis-grpc/0.4.0-fe2b15d-SNAPSHOT/ratis-grpc-0.4.0-fe2b15d-SNAPSHOT.jar:/root/.m2/repository/org/rocksdb/rocksdbjni/5.14.2/rocksdbjni-5.14.2.jar:/root/.m2/repository/org/apache/logging/log4j/log4j-api/2.11.0/log4j-api-2.11.0.jar:/root/.m2/repository/org/apache/logging/log4j/log4j-core/2.11.0/log4j-core-2.11.0.jar:/root/.m2/repository/com/lmax/disruptor/3.4.2/disruptor-3.4.2.jar:/root/.m2/repository/org/apache/commons/commons-pool2/2.6.0/commons-pool2-2.6.0.jar:/root/.m2/repository/org/bouncycastle/bcpkix-jdk15on/1.60/bcpkix-jdk15on-1.60.jar:/root/.m2/repository/commons-validator/commons-validator/1.6/commons-validator-1.6.jar:/root/.m2/repository/commons-digester/commons-digester/1.8.1/commons-digester-1.8.1.jar:/root/.m2/repository/io/jaegertracing/jaeger-client/0.33.1/jaeger-client-0.33.1.jar:/root/.m2/repository/io/jaegertracing/jaeger-thrift/0.33.1/jaeger-thrift-0.33.1.jar:/root/.m2/repository/org/apache/thrift/libthrift/0.11.0/libthrift-0.11.0.jar:/root/.m2/repository/com/squareup/okhttp3/okhttp/3.9.0/okhttp-3.9.0.jar:/root/.m2/repository/com/squareup/okio/okio/1.13.0/okio-1.13.0.jar:/root/.m2/repository/io/jaegertracing/jaeger-core/0.33.1/jaeger-core-0.33.1.jar:/root/.m2/repository/io/jaegertracing/jaeger-tracerresolver/0.33.1/jaeger-tracerresolver-0.33.1.jar:/root/.m2/repository/io/opentracing/contrib/opentracing-tracerresolver/0.1.5/opentracing-tracerresolver-0.1.5.jar:/root/.m2/repository/io/opentracing/opentracing-util/0.31.0/opentracing-util-0.31.0.jar:/root/.m2/repository/io/opentracing/opentracing-api/0.31.0/opentracing-api-0.31.0.jar:/root/.m2/repository/io/opentracing/opentracing-noop/0.31.0/opentracing-noop-0.31.0.jar:/root/.m2/repository/org/apache/hadoop/hadoop-hdds-server-framework/0.5.0-SNAPSHOT/hadoop-hdds-server-framework-0.5.0-SNAPSHOT.jar:/root/.m2/repository/org/apache/hadoop/hadoop-hdds-server-scm/0.5.0-SNAPSHOT/hadoop-hdds-server-scm-0.5.0-SNAPSHOT.jar:/root/.m2/repository/org/apache/hadoop/hadoop-hdds-container-service/0.5.0-SNAPSHOT/hadoop-hdds-container-service-0.5.0-SNAPSHOT.jar:/root/.m2/repository/org/apache/hadoop/hadoop-hdds-client/0.5.0-SNAPSHOT/hadoop-hdds-client-0.5.0-SNAPSHOT.jar:/root/.m2/repository/org/apache/hadoop/hadoop-hdds-tools/0.5.0-SNAPSHOT/hadoop-hdds-tools-0.5.0-SNAPSHOT.jar:/root/.m2/repository/org/apache/hadoop/hadoop-ozone-ozone-manager/0.5.0-SNAPSHOT/hadoop-ozone-ozone-manager-0.5.0-SNAPSHOT.jar:/root/.m2/repository/org/apache/hadoop/hadoop-hdds-docs/0.5.0-SNAPSHOT/hadoop-hdds-docs-0.5.0-SNAPSHOT.jar:/root/.m2/repository/org/bouncycastle/bcprov-jdk15on/1.60/bcprov-jdk15on-1.60.jar:/root/.m2/repository/org/apache/hadoop/hadoop-minikdc/3.2.0/hadoop-minikdc-3.2.0.jar:/root/.m2/repository/commons-io/commons-io/2.5/commons-io-2.5.jar:/root/.m2/repository/org/apache/kerby/kerb-simplekdc/1.0.1/kerb-simplekdc-1.0.1.jar:/root/.m2/repository/org/apache/kerby/kerb-client/1.0.1/kerb-client-1.0.1.jar:/root/.m2/repository/org/apache/kerby/kerby-config/1.0.1/kerby-config-1.0.1.jar:/root/.m2/repository/org/apache/kerby/kerb-core/1.0.1/kerb-core-1.0.1.jar:/root/.m2/repository/org/apache/kerby/kerby-pkix/1.0.1/kerby-pkix-1.0.1.jar:/root/.m2/repository/org/apache/kerby/kerby-asn1/1.0.1/kerby-asn1-1.0.1.jar:/root/.m2/repository/org/apache/kerby/kerby-util/1.0.1/kerby-util-1.0.1.jar:/root/.m2/repository/org/apache/kerby/kerb-common/1.0.1/kerb-common-1.0.1.jar:/root/.m2/repository/org/apache/kerby/kerb-crypto/1.0.1/kerb-crypto-1.0.1.jar:/root/.m2/repository/org/apache/kerby/kerb-util/1.0.1/kerb-util-1.0.1.jar:/root/.m2/repository/org/apache/kerby/token-provider/1.0.1/token-provider-1.0.1.jar:/root/.m2/repository/org/apache/kerby/kerb-admin/1.0.1/kerb-admin-1.0.1.jar:/root/.m2/repository/org/apache/kerby/kerb-server/1.0.1/kerb-server-1.0.1.jar:/root/.m2/repository/org/apache/kerby/kerb-identity/1.0.1/kerb-identity-1.0.1.jar:/root/.m2/repository/org/apache/kerby/kerby-xdr/1.0.1/kerby-xdr-1.0.1.jar:/root/.m2/repository/org/slf4j/slf4j-log4j12/1.7.25/slf4j-log4j12-1.7.25.jar:/root/.m2/repository/org/apache/hadoop/hadoop-ozone-objectstore-service/0.5.0-SNAPSHOT/hadoop-ozone-objectstore-service-0.5.0-SNAPSHOT.jar:/root/.m2/repository/org/apache/hadoop/hadoop-ozone-s3gateway/0.5.0-SNAPSHOT/hadoop-ozone-s3gateway-0.5.0-SNAPSHOT.jar:/root/.m2/repository/org/jboss/weld/servlet/weld-servlet/2.4.7.Final/weld-servlet-2.4.7.Final.jar:/root/.m2/repository/org/glassfish/jersey/containers/jersey-container-servlet-core/2.27/jersey-container-servlet-core-2.27.jar:/root/.m2/repository/org/glassfish/hk2/external/javax.inject/2.5.0-b42/javax.inject-2.5.0-b42.jar:/root/.m2/repository/org/glassfish/jersey/core/jersey-common/2.27/jersey-common-2.27.jar:/root/.m2/repository/org/glassfish/hk2/osgi-resource-locator/1.0.1/osgi-resource-locator-1.0.1.jar:/root/.m2/repository/javax/ws/rs/javax.ws.rs-api/2.1/javax.ws.rs-api-2.1.jar:/root/.m2/repository/org/glassfish/jersey/ext/cdi/jersey-cdi1x/2.27/jersey-cdi1x-2.27.jar:/root/.m2/repository/org/glassfish/jersey/inject/jersey-hk2/2.27/jersey-hk2-2.27.jar:/root/.m2/repository/org/glassfish/hk2/hk2-locator/2.5.0-b42/hk2-locator-2.5.0-b42.jar:/root/.m2/repository/org/javassist/javassist/3.22.0-CR2/javassist-3.22.0-CR2.jar:/root/.m2/repository/org/glassfish/hk2/hk2-api/2.5.0/hk2-api-2.5.0.jar:/root/.m2/repository/org/glassfish/hk2/external/jakarta.inject/2.5.0/jakarta.inject-2.5.0.jar:/root/.m2/repository/org/glassfish/hk2/hk2-utils/2.5.0/hk2-utils-2.5.0.jar:/root/.m2/repository/jakarta/annotation/jakarta.annotation-api/1.3.4/jakarta.annotation-api-1.3.4.jar:/root/.m2/repository/org/glassfish/hk2/external/aopalliance-repackaged/2.5.0/aopalliance-repackaged-2.5.0.jar:/root/.m2/repository/com/fasterxml/jackson/dataformat/jackson-dataformat-xml/2.9.0/jackson-dataformat-xml-2.9.0.jar:/root/.m2/repository/com/fasterxml/jackson/core/jackson-core/2.9.5/jackson-core-2.9.5.jar:/root/.m2/repository/com/fasterxml/jackson/module/jackson-module-jaxb-annotations/2.9.5/jackson-module-jaxb-annotations-2.9.5.jar:/root/.m2/repository/javax/enterprise/cdi-api/1.2/cdi-api-1.2.jar:/root/.m2/repository/javax/el/javax.el-api/3.0.0/javax.el-api-3.0.0.jar:/root/.m2/repository/javax/interceptor/javax.interceptor-api/1.2/javax.interceptor-api-1.2.jar:/root/.m2/repository/javax/inject/javax.inject/1/javax.inject-1.jar:/root/.m2/repository/com/sun/xml/bind/jaxb-impl/2.3.0.1/jaxb-impl-2.3.0.1.jar:/root/.m2/repository/com/sun/xml/bind/jaxb-core/2.3.0.1/jaxb-core-2.3.0.1.jar:/root/.m2/repository/javax/xml/bind/jaxb-api/2.3.0/jaxb-api-2.3.0.jar:/root/.m2/repository/javax/activation/activation/1.1.1/activation-1.1.1.jar:/root/.m2/repository/org/apache/hadoop/hadoop-ozone-csi/0.5.0-SNAPSHOT/hadoop-ozone-csi-0.5.0-SNAPSHOT.jar:/root/.m2/repository/com/google/protobuf/protobuf-java-util/3.5.1/protobuf-java-util-3.5.1.jar:/root/.m2/repository/org/apache/hadoop/hadoop-hdds-config/0.5.0-SNAPSHOT/hadoop-hdds-config-0.5.0-SNAPSHOT.jar:/root/.m2/repository/com/google/guava/guava/11.0.2/guava-11.0.2.jar:/root/.m2/repository/com/google/protobuf/protobuf-java/2.5.0/protobuf-java-2.5.0.jar:/root/.m2/repository/io/grpc/grpc-netty/1.17.1/grpc-netty-1.17.1.jar:/root/.m2/repository/io/grpc/grpc-core/1.17.1/grpc-core-1.17.1.jar:/root/.m2/repository/io/grpc/grpc-context/1.17.1/grpc-context-1.17.1.jar:/root/.m2/repository/com/google/errorprone/error_prone_annotations/2.2.0/error_prone_annotations-2.2.0.jar:/root/.m2/repository/org/codehaus/mojo/animal-sniffer-annotations/1.17/animal-sniffer-annotations-1.17.jar:/root/.m2/repository/io/opencensus/opencensus-api/0.17.0/opencensus-api-0.17.0.jar:/root/.m2/repository/io/opencensus/opencensus-contrib-grpc-metrics/0.17.0/opencensus-contrib-grpc-metrics-0.17.0.jar:/root/.m2/repository/io/netty/netty-codec-http2/4.1.30.Final/netty-codec-http2-4.1.30.Final.jar:/root/.m2/repository/io/netty/netty-codec-http/4.1.30.Final/netty-codec-http-4.1.30.Final.jar:/root/.m2/repository/io/netty/netty-codec/4.1.30.Final/netty-codec-4.1.30.Final.jar:/root/.m2/repository/io/netty/netty-handler/4.1.30.Final/netty-handler-4.1.30.Final.jar:/root/.m2/repository/io/netty/netty-handler-proxy/4.1.30.Final/netty-handler-proxy-4.1.30.Final.jar:/root/.m2/repository/io/netty/netty-codec-socks/4.1.30.Final/netty-codec-socks-4.1.30.Final.jar:/root/.m2/repository/io/netty/netty-transport-native-epoll/4.1.30.Final/netty-transport-native-epoll-4.1.30.Final.jar:/root/.m2/repository/io/netty/netty-common/4.1.30.Final/netty-common-4.1.30.Final.jar:/root/.m2/repository/io/netty/netty-buffer/4.1.30.Final/netty-buffer-4.1.30.Final.jar:/root/.m2/repository/io/netty/netty-transport/4.1.30.Final/netty-transport-4.1.30.Final.jar:/root/.m2/repository/io/netty/netty-resolver/4.1.30.Final/netty-resolver-4.1.30.Final.jar:/root/.m2/repository/io/netty/netty-transport-native-unix-common/4.1.30.Final/netty-transport-native-unix-common-4.1.30.Final.jar:/root/.m2/repository/io/grpc/grpc-protobuf/1.17.1/grpc-protobuf-1.17.1.jar:/root/.m2/repository/com/google/api/grpc/proto-google-common-protos/1.0.0/proto-google-common-protos-1.0.0.jar:/root/.m2/repository/io/grpc/grpc-protobuf-lite/1.17.1/grpc-protobuf-lite-1.17.1.jar:/root/.m2/repository/io/grpc/grpc-stub/1.17.1/grpc-stub-1.17.1.jar:/root/.m2/repository/org/apache/hadoop/hadoop-ozone-recon/0.5.0-SNAPSHOT/hadoop-ozone-recon-0.5.0-SNAPSHOT.jar:/root/.m2/repository/org/apache/hadoop/hadoop-ozone-reconcodegen/0.5.0-SNAPSHOT/hadoop-ozone-reconcodegen-0.5.0-SNAPSHOT.jar:/root/.m2/repository/com/google/inject/extensions/guice-multibindings/4.0/guice-multibindings-4.0.jar:/root/.m2/repository/com/google/inject/guice/4.0/guice-4.0.jar:/root/.m2/repository/aopalliance/aopalliance/1.0/aopalliance-1.0.jar:/root/.m2/repository/com/google/inject/extensions/guice-servlet/4.0/guice-servlet-4.0.jar:/root/.m2/repository/org/glassfish/jersey/containers/jersey-container-servlet/2.27/jersey-container-servlet-2.27.jar:/root/.m2/repository/org/glassfish/hk2/guice-bridge/2.5.0/guice-bridge-2.5.0.jar:/root/.m2/repository/org/glassfish/jersey/core/jersey-server/2.27/jersey-server-2.27.jar:/root/.m2/repository/org/glassfish/jersey/core/jersey-client/2.27/jersey-client-2.27.jar:/root/.m2/repository/org/glassfish/jersey/media/jersey-media-jaxb/2.27/jersey-media-jaxb-2.27.jar:/root/.m2/repository/javax/validation/validation-api/1.1.0.Final/validation-api-1.1.0.Final.jar:/root/.m2/repository/org/glassfish/jersey/media/jersey-media-json-jackson/2.27/jersey-media-json-jackson-2.27.jar:/root/.m2/repository/org/glassfish/jersey/ext/jersey-entity-filtering/2.27/jersey-entity-filtering-2.27.jar:/root/.m2/repository/com/google/inject/extensions/guice-assistedinject/4.0/guice-assistedinject-4.0.jar:/root/.m2/repository/org/jooq/jooq/3.11.10/jooq-3.11.10.jar:/root/.m2/repository/org/jooq/jooq-meta/3.11.10/jooq-meta-3.11.10.jar:/root/.m2/repository/org/jooq/jooq-codegen/3.11.10/jooq-codegen-3.11.10.jar:/root/.m2/repository/com/jolbox/bonecp/0.8.0.RELEASE/bonecp-0.8.0.RELEASE.jar:/root/.m2/repository/org/xerial/sqlite-jdbc/3.25.2/sqlite-jdbc-3.25.2.jar:/root/.m2/repository/org/springframework/spring-jdbc/5.1.3.RELEASE/spring-jdbc-5.1.3.RELEASE.jar:/root/.m2/repository/org/springframework/spring-beans/5.1.3.RELEASE/spring-beans-5.1.3.RELEASE.jar:/root/.m2/repository/org/springframework/spring-core/5.1.3.RELEASE/spring-core-5.1.3.RELEASE.jar:/root/.m2/repository/org/springframework/spring-jcl/5.1.3.RELEASE/spring-jcl-5.1.3.RELEASE.jar:/root/.m2/repository/org/springframework/spring-tx/5.1.3.RELEASE/spring-tx-5.1.3.RELEASE.jar:/root/.m2/repository/org/apache/hadoop/hadoop-ozone-client/0.5.0-SNAPSHOT/hadoop-ozone-client-0.5.0-SNAPSHOT.jar:/root/.m2/repository/org/apache/hadoop/hadoop-ozone-ozone-manager/0.5.0-SNAPSHOT/hadoop-ozone-ozone-manager-0.5.0-SNAPSHOT-tests.jar:/root/.m2/repository/junit/junit/4.11/junit-4.11.jar:/root/.m2/repository/org/hamcrest/hamcrest-core/1.3/hamcrest-core-1.3.jar:/root/.m2/repository/org/openjdk/jmh/jmh-core/1.19/jmh-core-1.19.jar:/root/.m2/repository/net/sf/jopt-simple/jopt-simple/4.6/jopt-simple-4.6.jar:/root/.m2/repository/org/apache/commons/commons-math3/3.1.1/commons-math3-3.1.1.jar:/root/.m2/repository/org/openjdk/jmh/jmh-generator-annprocess/1.19/jmh-generator-annprocess-1.19.jar:/root/.m2/repository/org/mockito/mockito-all/1.8.5/mockito-all-1.8.5.jar:/root/.m2/repository/org/apache/hadoop/hadoop-kms/3.2.0/hadoop-kms-3.2.0.jar:/root/.m2/repository/org/apache/hadoop/hadoop-auth/3.2.0/hadoop-auth-3.2.0.jar:/root/.m2/repository/com/nimbusds/nimbus-jose-jwt/4.41.1/nimbus-jose-jwt-4.41.1.jar:/root/.m2/repository/com/github/stephenc/jcip/jcip-annotations/1.0-1/jcip-annotations-1.0-1.jar:/root/.m2/repository/net/minidev/json-smart/2.3/json-smart-2.3.jar:/root/.m2/repository/net/minidev/accessors-smart/1.2/accessors-smart-1.2.jar:/root/.m2/repository/org/ow2/asm/asm/5.0.4/asm-5.0.4.jar:/root/.m2/repository/org/apache/curator/curator-framework/2.12.0/curator-framework-2.12.0.jar:/root/.m2/repository/com/sun/jersey/jersey-core/1.19/jersey-core-1.19.jar:/root/.m2/repository/javax/ws/rs/jsr311-api/1.1.1/jsr311-api-1.1.1.jar:/root/.m2/repository/com/sun/jersey/jersey-server/1.19/jersey-server-1.19.jar:/root/.m2/repository/javax/servlet/javax.servlet-api/3.1.0/javax.servlet-api-3.1.0.jar:/root/.m2/repository/org/eclipse/jetty/jetty-server/9.3.24.v20180605/jetty-server-9.3.24.v20180605.jar:/root/.m2/repository/org/eclipse/jetty/jetty-http/9.3.24.v20180605/jetty-http-9.3.24.v20180605.jar:/root/.m2/repository/org/eclipse/jetty/jetty-io/9.3.24.v20180605/jetty-io-9.3.24.v20180605.jar:/root/.m2/repository/org/eclipse/jetty/jetty-webapp/9.3.24.v20180605/jetty-webapp-9.3.24.v20180605.jar:/root/.m2/repository/org/eclipse/jetty/jetty-xml/9.3.24.v20180605/jetty-xml-9.3.24.v20180605.jar:/root/.m2/repository/log4j/log4j/1.2.17/log4j-1.2.17.jar:/root/.m2/repository/org/slf4j/slf4j-api/1.7.25/slf4j-api-1.7.25.jar:/root/.m2/repository/org/slf4j/jul-to-slf4j/1.7.25/jul-to-slf4j-1.7.25.jar:/root/.m2/repository/org/eclipse/jetty/jetty-util/9.3.24.v20180605/jetty-util-9.3.24.v20180605.jar:/root/.m2/repository/io/dropwizard/metrics/metrics-core/3.2.4/metrics-core-3.2.4.jar:/root/.m2/repository/com/fasterxml/jackson/core/jackson-databind/2.9.5/jackson-databind-2.9.5.jar:/root/.m2/repository/org/apache/hadoop/hadoop-kms/3.2.0/hadoop-kms-3.2.0-tests.jar:/root/.m2/repository/org/apache/hadoop/hadoop-hdds-server-scm/0.5.0-SNAPSHOT/hadoop-hdds-server-scm-0.5.0-SNAPSHOT-tests.jar:/root/.m2/repository/org/hamcrest/hamcrest-all/1.3/hamcrest-all-1.3.jar:/root/.m2/repository/info/picocli/picocli/3.9.6/picocli-3.9.6.jar:/root/.m2/repository/org/apache/hadoop/hadoop-hdds-container-service/0.5.0-SNAPSHOT/hadoop-hdds-container-service-0.5.0-SNAPSHOT-tests.jar:/root/.m2/repository/org/yaml/snakeyaml/1.16/snakeyaml-1.16.jar:/root/.m2/repository/org/apache/hadoop/hadoop-common/3.2.0/hadoop-common-3.2.0-tests.jar:/root/.m2/repository/org/apache/hadoop/hadoop-annotations/3.2.0/hadoop-annotations-3.2.0.jar:/usr/lib/jvm/java-1.8-openjdk/jre/../lib/tools.jar:/root/.m2/repository/commons-cli/commons-cli/1.2/commons-cli-1.2.jar:/root/.m2/repository/org/apache/httpcomponents/httpclient/4.5.2/httpclient-4.5.2.jar:/root/.m2/repository/org/apache/httpcomponents/httpcore/4.4.4/httpcore-4.4.4.jar:/root/.m2/repository/commons-codec/commons-codec/1.11/commons-codec-1.11.jar:/root/.m2/repository/commons-net/commons-net/3.6/commons-net-3.6.jar:/root/.m2/repository/commons-collections/commons-collections/3.2.2/commons-collections-3.2.2.jar:/root/.m2/repository/org/eclipse/jetty/jetty-servlet/9.3.24.v20180605/jetty-servlet-9.3.24.v20180605.jar:/root/.m2/repository/org/eclipse/jetty/jetty-security/9.3.24.v20180605/jetty-security-9.3.24.v20180605.jar:/root/.m2/repository/javax/servlet/jsp/jsp-api/2.1/jsp-api-2.1.jar:/root/.m2/repository/com/sun/jersey/jersey-servlet/1.19/jersey-servlet-1.19.jar:/root/.m2/repository/com/sun/jersey/jersey-json/1.19/jersey-json-1.19.jar:/root/.m2/repository/org/codehaus/jettison/jettison/1.1/jettison-1.1.jar:/root/.m2/repository/org/codehaus/jackson/jackson-core-asl/1.9.13/jackson-core-asl-1.9.13.jar:/root/.m2/repository/org/codehaus/jackson/jackson-mapper-asl/1.9.13/jackson-mapper-asl-1.9.13.jar:/root/.m2/repository/org/codehaus/jackson/jackson-jaxrs/1.9.13/jackson-jaxrs-1.9.13.jar:/root/.m2/repository/org/codehaus/jackson/jackson-xc/1.9.13/jackson-xc-1.9.13.jar:/root/.m2/repository/commons-logging/commons-logging/1.1.3/commons-logging-1.1.3.jar:/root/.m2/repository/commons-beanutils/commons-beanutils/1.9.3/commons-beanutils-1.9.3.jar:/root/.m2/repository/org/apache/commons/commons-configuration2/2.1.1/commons-configuration2-2.1.1.jar:/root/.m2/repository/org/apache/commons/commons-lang3/3.7/commons-lang3-3.7.jar:/root/.m2/repository/org/apache/commons/commons-text/1.4/commons-text-1.4.jar:/root/.m2/repository/org/apache/avro/avro/1.7.7/avro-1.7.7.jar:/root/.m2/repository/com/thoughtworks/paranamer/paranamer/2.3/paranamer-2.3.jar:/root/.m2/repository/org/xerial/snappy/snappy-java/1.0.5/snappy-java-1.0.5.jar:/root/.m2/repository/com/google/re2j/re2j/1.1/re2j-1.1.jar:/root/.m2/repository/com/google/code/gson/gson/2.2.4/gson-2.2.4.jar:/root/.m2/repository/com/jcraft/jsch/0.1.54/jsch-0.1.54.jar:/root/.m2/repository/org/apache/curator/curator-client/2.12.0/curator-client-2.12.0.jar:/root/.m2/repository/org/apache/curator/curator-recipes/2.12.0/curator-recipes-2.12.0.jar:/root/.m2/repository/com/google/code/findbugs/jsr305/3.0.0/jsr305-3.0.0.jar:/root/.m2/repository/org/apache/htrace/htrace-core4/4.1.0-incubating/htrace-core4-4.1.0-incubating.jar:/root/.m2/repository/org/apache/zookeeper/zookeeper/3.4.13/zookeeper-3.4.13.jar:/root/.m2/repository/org/apache/yetus/audience-annotations/0.5.0/audience-annotations-0.5.0.jar:/root/.m2/repository/org/codehaus/woodstox/stax2-api/3.1.4/stax2-api-3.1.4.jar:/root/.m2/repository/com/fasterxml/woodstox/woodstox-core/5.0.3/woodstox-core-5.0.3.jar:/root/.m2/repository/dnsjava/dnsjava/2.1.7/dnsjava-2.1.7.jar:/root/.m2/repository/org/apache/hadoop/hadoop-hdfs/3.2.0/hadoop-hdfs-3.2.0-tests.jar:/root/.m2/repository/org/eclipse/jetty/jetty-util-ajax/9.3.24.v20180605/jetty-util-ajax-9.3.24.v20180605.jar:/root/.m2/repository/commons-daemon/commons-daemon/1.0.13/commons-daemon-1.0.13.jar:/root/.m2/repository/io/netty/netty/3.10.5.Final/netty-3.10.5.Final.jar:/root/.m2/repository/io/netty/netty-all/4.0.52.Final/netty-all-4.0.52.Final.jar:/root/.m2/repository/org/fusesource/leveldbjni/leveldbjni-all/1.8/leveldbjni-all-1.8.jar:"/>
    <property name="java.vm.vendor" value="IcedTea"/>
    <property name="sun.arch.data.model" value="64"/>
    <property name="test.build.dir" value="/opt/src/hadoop-ozone/integration-test/target/test-dir"/>
    <property name="test.cache.data" value=""/>
    <property name="java.vendor.url" value="https://icedtea.classpath.org"/>
    <property name="user.timezone" value=""/>
    <property name="java.vm.specification.version" value="1.8"/>
    <property name="os.name" value="Linux"/>
    <property name="test.build.data" value="/opt/src/hadoop-ozone/integration-test/target/test-dir"/>
    <property name="user.country" value="US"/>
    <property name="sun.java.launcher" value="SUN_STANDARD"/>
    <property name="sun.boot.library.path" value="/usr/lib/jvm/java-1.8-openjdk/jre/lib/amd64"/>
    <property name="sun.java.command" value="/opt/src/hadoop-ozone/integration-test/target/surefire/surefirebooter4343128223057786013.jar /opt/src/hadoop-ozone/integration-test/target/surefire 2019-06-14T12-11-57_186-jvmRun1 surefire937399166019782270tmp surefire_88110815953093171989tmp"/>
    <property name="surefire.test.class.path" value="/opt/src/hadoop-ozone/integration-test/target/test-classes:/opt/src/hadoop-ozone/integration-test/target/classes:/root/.m2/repository/org/apache/hadoop/hadoop-ozone-common/0.5.0-SNAPSHOT/hadoop-ozone-common-0.5.0-SNAPSHOT.jar:/root/.m2/repository/org/apache/commons/commons-compress/1.4.1/commons-compress-1.4.1.jar:/root/.m2/repository/org/tukaani/xz/1.0/xz-1.0.jar:/root/.m2/repository/org/apache/hadoop/hadoop-common/3.2.0/hadoop-common-3.2.0.jar:/root/.m2/repository/org/apache/hadoop/hadoop-hdfs/3.2.0/hadoop-hdfs-3.2.0.jar:/root/.m2/repository/org/apache/hadoop/hadoop-hdfs-client/3.2.0/hadoop-hdfs-client-3.2.0.jar:/root/.m2/repository/com/fasterxml/jackson/core/jackson-annotations/2.9.5/jackson-annotations-2.9.5.jar:/root/.m2/repository/org/apache/hadoop/hadoop-hdds-common/0.5.0-SNAPSHOT/hadoop-hdds-common-0.5.0-SNAPSHOT.jar:/root/.m2/repository/javax/annotation/javax.annotation-api/1.2/javax.annotation-api-1.2.jar:/root/.m2/repository/org/apache/ratis/ratis-server/0.4.0-fe2b15d-SNAPSHOT/ratis-server-0.4.0-fe2b15d-SNAPSHOT.jar:/root/.m2/repository/org/apache/ratis/ratis-thirdparty-misc/0.2.0/ratis-thirdparty-misc-0.2.0.jar:/root/.m2/repository/org/apache/ratis/ratis-proto/0.4.0-fe2b15d-SNAPSHOT/ratis-proto-0.4.0-fe2b15d-SNAPSHOT.jar:/root/.m2/repository/org/apache/ratis/ratis-common/0.4.0-fe2b15d-SNAPSHOT/ratis-common-0.4.0-fe2b15d-SNAPSHOT.jar:/root/.m2/repository/org/apache/ratis/ratis-client/0.4.0-fe2b15d-SNAPSHOT/ratis-client-0.4.0-fe2b15d-SNAPSHOT.jar:/root/.m2/repository/org/apache/ratis/ratis-netty/0.4.0-fe2b15d-SNAPSHOT/ratis-netty-0.4.0-fe2b15d-SNAPSHOT.jar:/root/.m2/repository/org/apache/ratis/ratis-grpc/0.4.0-fe2b15d-SNAPSHOT/ratis-grpc-0.4.0-fe2b15d-SNAPSHOT.jar:/root/.m2/repository/org/rocksdb/rocksdbjni/5.14.2/rocksdbjni-5.14.2.jar:/root/.m2/repository/org/apache/logging/log4j/log4j-api/2.11.0/log4j-api-2.11.0.jar:/root/.m2/repository/org/apache/logging/log4j/log4j-core/2.11.0/log4j-core-2.11.0.jar:/root/.m2/repository/com/lmax/disruptor/3.4.2/disruptor-3.4.2.jar:/root/.m2/repository/org/apache/commons/commons-pool2/2.6.0/commons-pool2-2.6.0.jar:/root/.m2/repository/org/bouncycastle/bcpkix-jdk15on/1.60/bcpkix-jdk15on-1.60.jar:/root/.m2/repository/commons-validator/commons-validator/1.6/commons-validator-1.6.jar:/root/.m2/repository/commons-digester/commons-digester/1.8.1/commons-digester-1.8.1.jar:/root/.m2/repository/io/jaegertracing/jaeger-client/0.33.1/jaeger-client-0.33.1.jar:/root/.m2/repository/io/jaegertracing/jaeger-thrift/0.33.1/jaeger-thrift-0.33.1.jar:/root/.m2/repository/org/apache/thrift/libthrift/0.11.0/libthrift-0.11.0.jar:/root/.m2/repository/com/squareup/okhttp3/okhttp/3.9.0/okhttp-3.9.0.jar:/root/.m2/repository/com/squareup/okio/okio/1.13.0/okio-1.13.0.jar:/root/.m2/repository/io/jaegertracing/jaeger-core/0.33.1/jaeger-core-0.33.1.jar:/root/.m2/repository/io/jaegertracing/jaeger-tracerresolver/0.33.1/jaeger-tracerresolver-0.33.1.jar:/root/.m2/repository/io/opentracing/contrib/opentracing-tracerresolver/0.1.5/opentracing-tracerresolver-0.1.5.jar:/root/.m2/repository/io/opentracing/opentracing-util/0.31.0/opentracing-util-0.31.0.jar:/root/.m2/repository/io/opentracing/opentracing-api/0.31.0/opentracing-api-0.31.0.jar:/root/.m2/repository/io/opentracing/opentracing-noop/0.31.0/opentracing-noop-0.31.0.jar:/root/.m2/repository/org/apache/hadoop/hadoop-hdds-server-framework/0.5.0-SNAPSHOT/hadoop-hdds-server-framework-0.5.0-SNAPSHOT.jar:/root/.m2/repository/org/apache/hadoop/hadoop-hdds-server-scm/0.5.0-SNAPSHOT/hadoop-hdds-server-scm-0.5.0-SNAPSHOT.jar:/root/.m2/repository/org/apache/hadoop/hadoop-hdds-container-service/0.5.0-SNAPSHOT/hadoop-hdds-container-service-0.5.0-SNAPSHOT.jar:/root/.m2/repository/org/apache/hadoop/hadoop-hdds-client/0.5.0-SNAPSHOT/hadoop-hdds-client-0.5.0-SNAPSHOT.jar:/root/.m2/repository/org/apache/hadoop/hadoop-hdds-tools/0.5.0-SNAPSHOT/hadoop-hdds-tools-0.5.0-SNAPSHOT.jar:/root/.m2/repository/org/apache/hadoop/hadoop-ozone-ozone-manager/0.5.0-SNAPSHOT/hadoop-ozone-ozone-manager-0.5.0-SNAPSHOT.jar:/root/.m2/repository/org/apache/hadoop/hadoop-hdds-docs/0.5.0-SNAPSHOT/hadoop-hdds-docs-0.5.0-SNAPSHOT.jar:/root/.m2/repository/org/bouncycastle/bcprov-jdk15on/1.60/bcprov-jdk15on-1.60.jar:/root/.m2/repository/org/apache/hadoop/hadoop-minikdc/3.2.0/hadoop-minikdc-3.2.0.jar:/root/.m2/repository/commons-io/commons-io/2.5/commons-io-2.5.jar:/root/.m2/repository/org/apache/kerby/kerb-simplekdc/1.0.1/kerb-simplekdc-1.0.1.jar:/root/.m2/repository/org/apache/kerby/kerb-client/1.0.1/kerb-client-1.0.1.jar:/root/.m2/repository/org/apache/kerby/kerby-config/1.0.1/kerby-config-1.0.1.jar:/root/.m2/repository/org/apache/kerby/kerb-core/1.0.1/kerb-core-1.0.1.jar:/root/.m2/repository/org/apache/kerby/kerby-pkix/1.0.1/kerby-pkix-1.0.1.jar:/root/.m2/repository/org/apache/kerby/kerby-asn1/1.0.1/kerby-asn1-1.0.1.jar:/root/.m2/repository/org/apache/kerby/kerby-util/1.0.1/kerby-util-1.0.1.jar:/root/.m2/repository/org/apache/kerby/kerb-common/1.0.1/kerb-common-1.0.1.jar:/root/.m2/repository/org/apache/kerby/kerb-crypto/1.0.1/kerb-crypto-1.0.1.jar:/root/.m2/repository/org/apache/kerby/kerb-util/1.0.1/kerb-util-1.0.1.jar:/root/.m2/repository/org/apache/kerby/token-provider/1.0.1/token-provider-1.0.1.jar:/root/.m2/repository/org/apache/kerby/kerb-admin/1.0.1/kerb-admin-1.0.1.jar:/root/.m2/repository/org/apache/kerby/kerb-server/1.0.1/kerb-server-1.0.1.jar:/root/.m2/repository/org/apache/kerby/kerb-identity/1.0.1/kerb-identity-1.0.1.jar:/root/.m2/repository/org/apache/kerby/kerby-xdr/1.0.1/kerby-xdr-1.0.1.jar:/root/.m2/repository/org/slf4j/slf4j-log4j12/1.7.25/slf4j-log4j12-1.7.25.jar:/root/.m2/repository/org/apache/hadoop/hadoop-ozone-objectstore-service/0.5.0-SNAPSHOT/hadoop-ozone-objectstore-service-0.5.0-SNAPSHOT.jar:/root/.m2/repository/org/apache/hadoop/hadoop-ozone-s3gateway/0.5.0-SNAPSHOT/hadoop-ozone-s3gateway-0.5.0-SNAPSHOT.jar:/root/.m2/repository/org/jboss/weld/servlet/weld-servlet/2.4.7.Final/weld-servlet-2.4.7.Final.jar:/root/.m2/repository/org/glassfish/jersey/containers/jersey-container-servlet-core/2.27/jersey-container-servlet-core-2.27.jar:/root/.m2/repository/org/glassfish/hk2/external/javax.inject/2.5.0-b42/javax.inject-2.5.0-b42.jar:/root/.m2/repository/org/glassfish/jersey/core/jersey-common/2.27/jersey-common-2.27.jar:/root/.m2/repository/org/glassfish/hk2/osgi-resource-locator/1.0.1/osgi-resource-locator-1.0.1.jar:/root/.m2/repository/javax/ws/rs/javax.ws.rs-api/2.1/javax.ws.rs-api-2.1.jar:/root/.m2/repository/org/glassfish/jersey/ext/cdi/jersey-cdi1x/2.27/jersey-cdi1x-2.27.jar:/root/.m2/repository/org/glassfish/jersey/inject/jersey-hk2/2.27/jersey-hk2-2.27.jar:/root/.m2/repository/org/glassfish/hk2/hk2-locator/2.5.0-b42/hk2-locator-2.5.0-b42.jar:/root/.m2/repository/org/javassist/javassist/3.22.0-CR2/javassist-3.22.0-CR2.jar:/root/.m2/repository/org/glassfish/hk2/hk2-api/2.5.0/hk2-api-2.5.0.jar:/root/.m2/repository/org/glassfish/hk2/external/jakarta.inject/2.5.0/jakarta.inject-2.5.0.jar:/root/.m2/repository/org/glassfish/hk2/hk2-utils/2.5.0/hk2-utils-2.5.0.jar:/root/.m2/repository/jakarta/annotation/jakarta.annotation-api/1.3.4/jakarta.annotation-api-1.3.4.jar:/root/.m2/repository/org/glassfish/hk2/external/aopalliance-repackaged/2.5.0/aopalliance-repackaged-2.5.0.jar:/root/.m2/repository/com/fasterxml/jackson/dataformat/jackson-dataformat-xml/2.9.0/jackson-dataformat-xml-2.9.0.jar:/root/.m2/repository/com/fasterxml/jackson/core/jackson-core/2.9.5/jackson-core-2.9.5.jar:/root/.m2/repository/com/fasterxml/jackson/module/jackson-module-jaxb-annotations/2.9.5/jackson-module-jaxb-annotations-2.9.5.jar:/root/.m2/repository/javax/enterprise/cdi-api/1.2/cdi-api-1.2.jar:/root/.m2/repository/javax/el/javax.el-api/3.0.0/javax.el-api-3.0.0.jar:/root/.m2/repository/javax/interceptor/javax.interceptor-api/1.2/javax.interceptor-api-1.2.jar:/root/.m2/repository/javax/inject/javax.inject/1/javax.inject-1.jar:/root/.m2/repository/com/sun/xml/bind/jaxb-impl/2.3.0.1/jaxb-impl-2.3.0.1.jar:/root/.m2/repository/com/sun/xml/bind/jaxb-core/2.3.0.1/jaxb-core-2.3.0.1.jar:/root/.m2/repository/javax/xml/bind/jaxb-api/2.3.0/jaxb-api-2.3.0.jar:/root/.m2/repository/javax/activation/activation/1.1.1/activation-1.1.1.jar:/root/.m2/repository/org/apache/hadoop/hadoop-ozone-csi/0.5.0-SNAPSHOT/hadoop-ozone-csi-0.5.0-SNAPSHOT.jar:/root/.m2/repository/com/google/protobuf/protobuf-java-util/3.5.1/protobuf-java-util-3.5.1.jar:/root/.m2/repository/org/apache/hadoop/hadoop-hdds-config/0.5.0-SNAPSHOT/hadoop-hdds-config-0.5.0-SNAPSHOT.jar:/root/.m2/repository/com/google/guava/guava/11.0.2/guava-11.0.2.jar:/root/.m2/repository/com/google/protobuf/protobuf-java/2.5.0/protobuf-java-2.5.0.jar:/root/.m2/repository/io/grpc/grpc-netty/1.17.1/grpc-netty-1.17.1.jar:/root/.m2/repository/io/grpc/grpc-core/1.17.1/grpc-core-1.17.1.jar:/root/.m2/repository/io/grpc/grpc-context/1.17.1/grpc-context-1.17.1.jar:/root/.m2/repository/com/google/errorprone/error_prone_annotations/2.2.0/error_prone_annotations-2.2.0.jar:/root/.m2/repository/org/codehaus/mojo/animal-sniffer-annotations/1.17/animal-sniffer-annotations-1.17.jar:/root/.m2/repository/io/opencensus/opencensus-api/0.17.0/opencensus-api-0.17.0.jar:/root/.m2/repository/io/opencensus/opencensus-contrib-grpc-metrics/0.17.0/opencensus-contrib-grpc-metrics-0.17.0.jar:/root/.m2/repository/io/netty/netty-codec-http2/4.1.30.Final/netty-codec-http2-4.1.30.Final.jar:/root/.m2/repository/io/netty/netty-codec-http/4.1.30.Final/netty-codec-http-4.1.30.Final.jar:/root/.m2/repository/io/netty/netty-codec/4.1.30.Final/netty-codec-4.1.30.Final.jar:/root/.m2/repository/io/netty/netty-handler/4.1.30.Final/netty-handler-4.1.30.Final.jar:/root/.m2/repository/io/netty/netty-handler-proxy/4.1.30.Final/netty-handler-proxy-4.1.30.Final.jar:/root/.m2/repository/io/netty/netty-codec-socks/4.1.30.Final/netty-codec-socks-4.1.30.Final.jar:/root/.m2/repository/io/netty/netty-transport-native-epoll/4.1.30.Final/netty-transport-native-epoll-4.1.30.Final.jar:/root/.m2/repository/io/netty/netty-common/4.1.30.Final/netty-common-4.1.30.Final.jar:/root/.m2/repository/io/netty/netty-buffer/4.1.30.Final/netty-buffer-4.1.30.Final.jar:/root/.m2/repository/io/netty/netty-transport/4.1.30.Final/netty-transport-4.1.30.Final.jar:/root/.m2/repository/io/netty/netty-resolver/4.1.30.Final/netty-resolver-4.1.30.Final.jar:/root/.m2/repository/io/netty/netty-transport-native-unix-common/4.1.30.Final/netty-transport-native-unix-common-4.1.30.Final.jar:/root/.m2/repository/io/grpc/grpc-protobuf/1.17.1/grpc-protobuf-1.17.1.jar:/root/.m2/repository/com/google/api/grpc/proto-google-common-protos/1.0.0/proto-google-common-protos-1.0.0.jar:/root/.m2/repository/io/grpc/grpc-protobuf-lite/1.17.1/grpc-protobuf-lite-1.17.1.jar:/root/.m2/repository/io/grpc/grpc-stub/1.17.1/grpc-stub-1.17.1.jar:/root/.m2/repository/org/apache/hadoop/hadoop-ozone-recon/0.5.0-SNAPSHOT/hadoop-ozone-recon-0.5.0-SNAPSHOT.jar:/root/.m2/repository/org/apache/hadoop/hadoop-ozone-reconcodegen/0.5.0-SNAPSHOT/hadoop-ozone-reconcodegen-0.5.0-SNAPSHOT.jar:/root/.m2/repository/com/google/inject/extensions/guice-multibindings/4.0/guice-multibindings-4.0.jar:/root/.m2/repository/com/google/inject/guice/4.0/guice-4.0.jar:/root/.m2/repository/aopalliance/aopalliance/1.0/aopalliance-1.0.jar:/root/.m2/repository/com/google/inject/extensions/guice-servlet/4.0/guice-servlet-4.0.jar:/root/.m2/repository/org/glassfish/jersey/containers/jersey-container-servlet/2.27/jersey-container-servlet-2.27.jar:/root/.m2/repository/org/glassfish/hk2/guice-bridge/2.5.0/guice-bridge-2.5.0.jar:/root/.m2/repository/org/glassfish/jersey/core/jersey-server/2.27/jersey-server-2.27.jar:/root/.m2/repository/org/glassfish/jersey/core/jersey-client/2.27/jersey-client-2.27.jar:/root/.m2/repository/org/glassfish/jersey/media/jersey-media-jaxb/2.27/jersey-media-jaxb-2.27.jar:/root/.m2/repository/javax/validation/validation-api/1.1.0.Final/validation-api-1.1.0.Final.jar:/root/.m2/repository/org/glassfish/jersey/media/jersey-media-json-jackson/2.27/jersey-media-json-jackson-2.27.jar:/root/.m2/repository/org/glassfish/jersey/ext/jersey-entity-filtering/2.27/jersey-entity-filtering-2.27.jar:/root/.m2/repository/com/google/inject/extensions/guice-assistedinject/4.0/guice-assistedinject-4.0.jar:/root/.m2/repository/org/jooq/jooq/3.11.10/jooq-3.11.10.jar:/root/.m2/repository/org/jooq/jooq-meta/3.11.10/jooq-meta-3.11.10.jar:/root/.m2/repository/org/jooq/jooq-codegen/3.11.10/jooq-codegen-3.11.10.jar:/root/.m2/repository/com/jolbox/bonecp/0.8.0.RELEASE/bonecp-0.8.0.RELEASE.jar:/root/.m2/repository/org/xerial/sqlite-jdbc/3.25.2/sqlite-jdbc-3.25.2.jar:/root/.m2/repository/org/springframework/spring-jdbc/5.1.3.RELEASE/spring-jdbc-5.1.3.RELEASE.jar:/root/.m2/repository/org/springframework/spring-beans/5.1.3.RELEASE/spring-beans-5.1.3.RELEASE.jar:/root/.m2/repository/org/springframework/spring-core/5.1.3.RELEASE/spring-core-5.1.3.RELEASE.jar:/root/.m2/repository/org/springframework/spring-jcl/5.1.3.RELEASE/spring-jcl-5.1.3.RELEASE.jar:/root/.m2/repository/org/springframework/spring-tx/5.1.3.RELEASE/spring-tx-5.1.3.RELEASE.jar:/root/.m2/repository/org/apache/hadoop/hadoop-ozone-client/0.5.0-SNAPSHOT/hadoop-ozone-client-0.5.0-SNAPSHOT.jar:/root/.m2/repository/org/apache/hadoop/hadoop-ozone-ozone-manager/0.5.0-SNAPSHOT/hadoop-ozone-ozone-manager-0.5.0-SNAPSHOT-tests.jar:/root/.m2/repository/junit/junit/4.11/junit-4.11.jar:/root/.m2/repository/org/hamcrest/hamcrest-core/1.3/hamcrest-core-1.3.jar:/root/.m2/repository/org/openjdk/jmh/jmh-core/1.19/jmh-core-1.19.jar:/root/.m2/repository/net/sf/jopt-simple/jopt-simple/4.6/jopt-simple-4.6.jar:/root/.m2/repository/org/apache/commons/commons-math3/3.1.1/commons-math3-3.1.1.jar:/root/.m2/repository/org/openjdk/jmh/jmh-generator-annprocess/1.19/jmh-generator-annprocess-1.19.jar:/root/.m2/repository/org/mockito/mockito-all/1.8.5/mockito-all-1.8.5.jar:/root/.m2/repository/org/apache/hadoop/hadoop-kms/3.2.0/hadoop-kms-3.2.0.jar:/root/.m2/repository/org/apache/hadoop/hadoop-auth/3.2.0/hadoop-auth-3.2.0.jar:/root/.m2/repository/com/nimbusds/nimbus-jose-jwt/4.41.1/nimbus-jose-jwt-4.41.1.jar:/root/.m2/repository/com/github/stephenc/jcip/jcip-annotations/1.0-1/jcip-annotations-1.0-1.jar:/root/.m2/repository/net/minidev/json-smart/2.3/json-smart-2.3.jar:/root/.m2/repository/net/minidev/accessors-smart/1.2/accessors-smart-1.2.jar:/root/.m2/repository/org/ow2/asm/asm/5.0.4/asm-5.0.4.jar:/root/.m2/repository/org/apache/curator/curator-framework/2.12.0/curator-framework-2.12.0.jar:/root/.m2/repository/com/sun/jersey/jersey-core/1.19/jersey-core-1.19.jar:/root/.m2/repository/javax/ws/rs/jsr311-api/1.1.1/jsr311-api-1.1.1.jar:/root/.m2/repository/com/sun/jersey/jersey-server/1.19/jersey-server-1.19.jar:/root/.m2/repository/javax/servlet/javax.servlet-api/3.1.0/javax.servlet-api-3.1.0.jar:/root/.m2/repository/org/eclipse/jetty/jetty-server/9.3.24.v20180605/jetty-server-9.3.24.v20180605.jar:/root/.m2/repository/org/eclipse/jetty/jetty-http/9.3.24.v20180605/jetty-http-9.3.24.v20180605.jar:/root/.m2/repository/org/eclipse/jetty/jetty-io/9.3.24.v20180605/jetty-io-9.3.24.v20180605.jar:/root/.m2/repository/org/eclipse/jetty/jetty-webapp/9.3.24.v20180605/jetty-webapp-9.3.24.v20180605.jar:/root/.m2/repository/org/eclipse/jetty/jetty-xml/9.3.24.v20180605/jetty-xml-9.3.24.v20180605.jar:/root/.m2/repository/log4j/log4j/1.2.17/log4j-1.2.17.jar:/root/.m2/repository/org/slf4j/slf4j-api/1.7.25/slf4j-api-1.7.25.jar:/root/.m2/repository/org/slf4j/jul-to-slf4j/1.7.25/jul-to-slf4j-1.7.25.jar:/root/.m2/repository/org/eclipse/jetty/jetty-util/9.3.24.v20180605/jetty-util-9.3.24.v20180605.jar:/root/.m2/repository/io/dropwizard/metrics/metrics-core/3.2.4/metrics-core-3.2.4.jar:/root/.m2/repository/com/fasterxml/jackson/core/jackson-databind/2.9.5/jackson-databind-2.9.5.jar:/root/.m2/repository/org/apache/hadoop/hadoop-kms/3.2.0/hadoop-kms-3.2.0-tests.jar:/root/.m2/repository/org/apache/hadoop/hadoop-hdds-server-scm/0.5.0-SNAPSHOT/hadoop-hdds-server-scm-0.5.0-SNAPSHOT-tests.jar:/root/.m2/repository/org/hamcrest/hamcrest-all/1.3/hamcrest-all-1.3.jar:/root/.m2/repository/info/picocli/picocli/3.9.6/picocli-3.9.6.jar:/root/.m2/repository/org/apache/hadoop/hadoop-hdds-container-service/0.5.0-SNAPSHOT/hadoop-hdds-container-service-0.5.0-SNAPSHOT-tests.jar:/root/.m2/repository/org/yaml/snakeyaml/1.16/snakeyaml-1.16.jar:/root/.m2/repository/org/apache/hadoop/hadoop-common/3.2.0/hadoop-common-3.2.0-tests.jar:/root/.m2/repository/org/apache/hadoop/hadoop-annotations/3.2.0/hadoop-annotations-3.2.0.jar:/usr/lib/jvm/java-1.8-openjdk/jre/../lib/tools.jar:/root/.m2/repository/commons-cli/commons-cli/1.2/commons-cli-1.2.jar:/root/.m2/repository/org/apache/httpcomponents/httpclient/4.5.2/httpclient-4.5.2.jar:/root/.m2/repository/org/apache/httpcomponents/httpcore/4.4.4/httpcore-4.4.4.jar:/root/.m2/repository/commons-codec/commons-codec/1.11/commons-codec-1.11.jar:/root/.m2/repository/commons-net/commons-net/3.6/commons-net-3.6.jar:/root/.m2/repository/commons-collections/commons-collections/3.2.2/commons-collections-3.2.2.jar:/root/.m2/repository/org/eclipse/jetty/jetty-servlet/9.3.24.v20180605/jetty-servlet-9.3.24.v20180605.jar:/root/.m2/repository/org/eclipse/jetty/jetty-security/9.3.24.v20180605/jetty-security-9.3.24.v20180605.jar:/root/.m2/repository/javax/servlet/jsp/jsp-api/2.1/jsp-api-2.1.jar:/root/.m2/repository/com/sun/jersey/jersey-servlet/1.19/jersey-servlet-1.19.jar:/root/.m2/repository/com/sun/jersey/jersey-json/1.19/jersey-json-1.19.jar:/root/.m2/repository/org/codehaus/jettison/jettison/1.1/jettison-1.1.jar:/root/.m2/repository/org/codehaus/jackson/jackson-core-asl/1.9.13/jackson-core-asl-1.9.13.jar:/root/.m2/repository/org/codehaus/jackson/jackson-mapper-asl/1.9.13/jackson-mapper-asl-1.9.13.jar:/root/.m2/repository/org/codehaus/jackson/jackson-jaxrs/1.9.13/jackson-jaxrs-1.9.13.jar:/root/.m2/repository/org/codehaus/jackson/jackson-xc/1.9.13/jackson-xc-1.9.13.jar:/root/.m2/repository/commons-logging/commons-logging/1.1.3/commons-logging-1.1.3.jar:/root/.m2/repository/commons-beanutils/commons-beanutils/1.9.3/commons-beanutils-1.9.3.jar:/root/.m2/repository/org/apache/commons/commons-configuration2/2.1.1/commons-configuration2-2.1.1.jar:/root/.m2/repository/org/apache/commons/commons-lang3/3.7/commons-lang3-3.7.jar:/root/.m2/repository/org/apache/commons/commons-text/1.4/commons-text-1.4.jar:/root/.m2/repository/org/apache/avro/avro/1.7.7/avro-1.7.7.jar:/root/.m2/repository/com/thoughtworks/paranamer/paranamer/2.3/paranamer-2.3.jar:/root/.m2/repository/org/xerial/snappy/snappy-java/1.0.5/snappy-java-1.0.5.jar:/root/.m2/repository/com/google/re2j/re2j/1.1/re2j-1.1.jar:/root/.m2/repository/com/google/code/gson/gson/2.2.4/gson-2.2.4.jar:/root/.m2/repository/com/jcraft/jsch/0.1.54/jsch-0.1.54.jar:/root/.m2/repository/org/apache/curator/curator-client/2.12.0/curator-client-2.12.0.jar:/root/.m2/repository/org/apache/curator/curator-recipes/2.12.0/curator-recipes-2.12.0.jar:/root/.m2/repository/com/google/code/findbugs/jsr305/3.0.0/jsr305-3.0.0.jar:/root/.m2/repository/org/apache/htrace/htrace-core4/4.1.0-incubating/htrace-core4-4.1.0-incubating.jar:/root/.m2/repository/org/apache/zookeeper/zookeeper/3.4.13/zookeeper-3.4.13.jar:/root/.m2/repository/org/apache/yetus/audience-annotations/0.5.0/audience-annotations-0.5.0.jar:/root/.m2/repository/org/codehaus/woodstox/stax2-api/3.1.4/stax2-api-3.1.4.jar:/root/.m2/repository/com/fasterxml/woodstox/woodstox-core/5.0.3/woodstox-core-5.0.3.jar:/root/.m2/repository/dnsjava/dnsjava/2.1.7/dnsjava-2.1.7.jar:/root/.m2/repository/org/apache/hadoop/hadoop-hdfs/3.2.0/hadoop-hdfs-3.2.0-tests.jar:/root/.m2/repository/org/eclipse/jetty/jetty-util-ajax/9.3.24.v20180605/jetty-util-ajax-9.3.24.v20180605.jar:/root/.m2/repository/commons-daemon/commons-daemon/1.0.13/commons-daemon-1.0.13.jar:/root/.m2/repository/io/netty/netty/3.10.5.Final/netty-3.10.5.Final.jar:/root/.m2/repository/io/netty/netty-all/4.0.52.Final/netty-all-4.0.52.Final.jar:/root/.m2/repository/org/fusesource/leveldbjni/leveldbjni-all/1.8/leveldbjni-all-1.8.jar:"/>
    <property name="sun.cpu.endian" value="little"/>
    <property name="user.home" value="/root"/>
    <property name="user.language" value="en"/>
    <property name="java.specification.vendor" value="Oracle Corporation"/>
    <property name="java.home" value="/usr/lib/jvm/java-1.8-openjdk/jre"/>
    <property name="java.security.krb5.conf" value="/opt/src/hadoop-ozone/integration-test/target/test-classes/krb5.conf"/>
    <property name="basedir" value="/opt/src/hadoop-ozone/integration-test"/>
    <property name="file.separator" value="/"/>
    <property name="line.separator" value="&#10;"/>
    <property name="java.vm.specification.vendor" value="Oracle Corporation"/>
    <property name="java.specification.name" value="Java Platform API Specification"/>
    <property name="java.awt.graphicsenv" value="sun.awt.X11GraphicsEnvironment"/>
    <property name="surefire.real.class.path" value="/opt/src/hadoop-ozone/integration-test/target/surefire/surefirebooter4343128223057786013.jar"/>
    <property name="hadoop.log.dir" value="/opt/src/hadoop-ozone/integration-test/target/log"/>
    <property name="sun.boot.class.path" value="/usr/lib/jvm/java-1.8-openjdk/jre/lib/resources.jar:/usr/lib/jvm/java-1.8-openjdk/jre/lib/rt.jar:/usr/lib/jvm/java-1.8-openjdk/jre/lib/sunrsasign.jar:/usr/lib/jvm/java-1.8-openjdk/jre/lib/jsse.jar:/usr/lib/jvm/java-1.8-openjdk/jre/lib/jce.jar:/usr/lib/jvm/java-1.8-openjdk/jre/lib/charsets.jar:/usr/lib/jvm/java-1.8-openjdk/jre/lib/jfr.jar:/usr/lib/jvm/java-1.8-openjdk/jre/classes"/>
    <property name="sun.management.compiler" value="HotSpot 64-Bit Tiered Compilers"/>
    <property name="java.runtime.version" value="1.8.0_212-b04"/>
    <property name="java.net.preferIPv4Stack" value="true"/>
    <property name="user.name" value="root"/>
    <property name="path.separator" value=":"/>
    <property name="java.security.egd" value="file:///dev/urandom"/>
    <property name="os.version" value="4.15.0-1021-aws"/>
    <property name="java.endorsed.dirs" value="/usr/lib/jvm/java-1.8-openjdk/jre/lib/endorsed"/>
    <property name="java.runtime.name" value="OpenJDK Runtime Environment"/>
    <property name="file.encoding" value="UTF-8"/>
    <property name="java.vm.name" value="OpenJDK 64-Bit Server VM"/>
    <property name="test.build.webapps" value=""/>
    <property name="localRepository" value="/root/.m2/repository"/>
    <property name="java.vendor.url.bug" value="https://icedtea.classpath.org/bugzilla"/>
    <property name="java.io.tmpdir" value="/tmp"/>
    <property name="require.test.libhadoop" value=""/>
    <property name="java.version" value="1.8.0_212"/>
    <property name="user.dir" value="/opt/src/hadoop-ozone/integration-test"/>
    <property name="os.arch" value="amd64"/>
    <property name="java.vm.specification.name" value="Java Virtual Machine Specification"/>
    <property name="test.build.classes" value="/opt/src/hadoop-ozone/integration-test/target/test-classes"/>
    <property name="java.awt.printerjob" value="sun.print.PSPrinterJob"/>
    <property name="sun.os.patch.level" value="unknown"/>
    <property name="hadoop.tmp.dir" value="/opt/src/hadoop-ozone/integration-test/target/tmp"/>
    <property name="java.library.path" value="/usr/lib/jvm/java-1.8-openjdk/jre/lib/amd64/server:/usr/lib/jvm/java-1.8-openjdk/jre/lib/amd64:/usr/lib/jvm/java-1.8-openjdk/jre/../lib/amd64:/opt/src/hadoop-ozone/integration-test/target/native/target/usr/local/lib:/opt/src/hadoop-ozone/integration-test/../../hadoop-common-project/hadoop-common/target/native/target/usr/local/lib:/usr/java/packages/lib/amd64:/usr/lib64:/lib64:/lib:/usr/lib"/>
    <property name="java.vm.info" value="mixed mode"/>
    <property name="java.vendor" value="IcedTea"/>
    <property name="java.vm.version" value="25.212-b04"/>
    <property name="java.ext.dirs" value="/usr/lib/jvm/java-1.8-openjdk/jre/lib/ext:/usr/java/packages/lib/ext"/>
    <property name="sun.io.unicode.encoding" value="UnicodeLittle"/>
    <property name="java.class.version" value="52.0"/>
  </properties>
  <testcase name="testPipelineFail" classname="org.apache.hadoop.hdds.scm.pipeline.TestNodeFailure" time="0">
    <skipped/>
    <system-out><![CDATA[2019-06-14 12:15:35,498 WARN  server.ServerUtils (ServerUtils.java:getScmDbDir(145)) - ozone.scm.db.dirs is not configured. We recommend adding this setting. Falling back to ozone.metadata.dirs instead.
2019-06-14 12:15:35,596 WARN  server.ServerUtils (ServerUtils.java:getScmDbDir(145)) - ozone.scm.db.dirs is not configured. We recommend adding this setting. Falling back to ozone.metadata.dirs instead.
2019-06-14 12:15:35,599 WARN  server.ServerUtils (ServerUtils.java:getScmDbDir(145)) - ozone.scm.db.dirs is not configured. We recommend adding this setting. Falling back to ozone.metadata.dirs instead.
2019-06-14 12:15:35,619 INFO  util.log (Log.java:initialized(192)) - Logging initialized @698ms
2019-06-14 12:15:35,708 INFO  db.DBStoreBuilder (DBStoreBuilder.java:addTable(110)) - using custom profile for table: deletedBlocks
2019-06-14 12:15:35,709 INFO  db.DBStoreBuilder (DBStoreBuilder.java:processTables(161)) - Using default column profile:DBProfile.DISK for Table:deletedBlocks
2019-06-14 12:15:35,709 INFO  db.DBStoreBuilder (DBStoreBuilder.java:addTable(110)) - using custom profile for table: validCerts
2019-06-14 12:15:35,709 INFO  db.DBStoreBuilder (DBStoreBuilder.java:processTables(161)) - Using default column profile:DBProfile.DISK for Table:validCerts
2019-06-14 12:15:35,709 INFO  db.DBStoreBuilder (DBStoreBuilder.java:addTable(110)) - using custom profile for table: revokedCerts
2019-06-14 12:15:35,709 INFO  db.DBStoreBuilder (DBStoreBuilder.java:processTables(161)) - Using default column profile:DBProfile.DISK for Table:revokedCerts
2019-06-14 12:15:35,719 INFO  db.DBStoreBuilder (DBStoreBuilder.java:addTable(110)) - using custom profile for table: default
2019-06-14 12:15:35,720 INFO  db.DBStoreBuilder (DBStoreBuilder.java:processTables(167)) - Using default column profile:DBProfile.DISK for Table:default
2019-06-14 12:15:35,721 INFO  db.DBStoreBuilder (DBStoreBuilder.java:getDbProfile(198)) - Using default options. DBProfile.DISK
2019-06-14 12:15:35,787 INFO  node.SCMNodeManager (SCMNodeManager.java:<init>(108)) - Entering startup safe mode.
2019-06-14 12:15:35,837 INFO  net.NodeSchemaLoader (NodeSchemaLoader.java:loadSchemaFromFile(125)) - Loading file from sun.misc.CompoundEnumeration@443118b0
2019-06-14 12:15:35,838 INFO  net.NodeSchemaLoader (NodeSchemaLoader.java:loadSchema(171)) - Loading network topology layer schema file
2019-06-14 12:15:35,885 WARN  server.ServerUtils (ServerUtils.java:getScmDbDir(145)) - ozone.scm.db.dirs is not configured. We recommend adding this setting. Falling back to ozone.metadata.dirs instead.
2019-06-14 12:15:35,903 INFO  pipeline.SCMPipelineManager (SCMPipelineManager.java:initializePipelineState(126)) - No pipeline exists in current db
2019-06-14 12:15:35,905 WARN  server.ServerUtils (ServerUtils.java:getScmDbDir(145)) - ozone.scm.db.dirs is not configured. We recommend adding this setting. Falling back to ozone.metadata.dirs instead.
2019-06-14 12:15:35,956 WARN  events.EventQueue (EventQueue.java:fireEvent(175)) - No event handler registered for event TypedEvent{payloadType=SafeModeStatus, name='SafeModeStatus'}
2019-06-14 12:15:36,302 INFO  ipc.CallQueueManager (CallQueueManager.java:<init>(84)) - Using callQueue: class java.util.concurrent.LinkedBlockingQueue, queueCapacity: 2000, scheduler: class org.apache.hadoop.ipc.DefaultRpcScheduler, ipcBackoff: false.
2019-06-14 12:15:36,339 INFO  ipc.Server (Server.java:run(1074)) - Starting Socket Reader #1 for port 33287
2019-06-14 12:15:36,365 INFO  ipc.CallQueueManager (CallQueueManager.java:<init>(84)) - Using callQueue: class java.util.concurrent.LinkedBlockingQueue, queueCapacity: 2000, scheduler: class org.apache.hadoop.ipc.DefaultRpcScheduler, ipcBackoff: false.
2019-06-14 12:15:36,366 INFO  ipc.Server (Server.java:run(1074)) - Starting Socket Reader #1 for port 43799
2019-06-14 12:15:36,379 INFO  ipc.CallQueueManager (CallQueueManager.java:<init>(84)) - Using callQueue: class java.util.concurrent.LinkedBlockingQueue, queueCapacity: 2000, scheduler: class org.apache.hadoop.ipc.DefaultRpcScheduler, ipcBackoff: false.
2019-06-14 12:15:36,421 INFO  ipc.Server (Server.java:run(1074)) - Starting Socket Reader #1 for port 39099
2019-06-14 12:15:36,453 INFO  hdfs.DFSUtil (DFSUtil.java:httpServerTemplateForNNAndJN(1641)) - Starting Web-server for scm at: http://0.0.0.0:0
2019-06-14 12:15:36,635 INFO  server.AuthenticationFilter (AuthenticationFilter.java:constructSecretProvider(240)) - Unable to initialize FileSignerSecretProvider, falling back to use random secrets.
2019-06-14 12:15:36,644 WARN  http.HttpRequestLog (HttpRequestLog.java:getRequestLog(97)) - Jetty request log can only be enabled using Log4j
2019-06-14 12:15:36,653 INFO  http.HttpServer2 (HttpServer2.java:addGlobalFilter(975)) - Added global filter 'safety' (class=org.apache.hadoop.http.HttpServer2$QuotingInputFilter)
2019-06-14 12:15:36,656 INFO  http.HttpServer2 (HttpServer2.java:addFilter(948)) - Added filter static_user_filter (class=org.apache.hadoop.http.lib.StaticUserWebFilter$StaticUserFilter) to context scm
2019-06-14 12:15:36,657 INFO  http.HttpServer2 (HttpServer2.java:addFilter(958)) - Added filter static_user_filter (class=org.apache.hadoop.http.lib.StaticUserWebFilter$StaticUserFilter) to context logs
2019-06-14 12:15:36,657 INFO  http.HttpServer2 (HttpServer2.java:addFilter(958)) - Added filter static_user_filter (class=org.apache.hadoop.http.lib.StaticUserWebFilter$StaticUserFilter) to context static
2019-06-14 12:15:36,690 INFO  server.StorageContainerManager (StorageContainerManager.java:start(752)) - StorageContainerLocationProtocol RPC server is listening at /0.0.0.0:39099
2019-06-14 12:15:36,762 WARN  impl.MetricsConfig (MetricsConfig.java:loadFirst(134)) - Cannot locate configuration: tried hadoop-metrics2-storagecontainermanager.properties,hadoop-metrics2.properties
2019-06-14 12:15:36,777 INFO  impl.MetricsSystemImpl (MetricsSystemImpl.java:startTimer(374)) - Scheduled Metric snapshot period at 10 second(s).
2019-06-14 12:15:36,778 INFO  impl.MetricsSystemImpl (MetricsSystemImpl.java:start(191)) - StorageContainerManager metrics system started
2019-06-14 12:15:37,031 INFO  server.SCMClientProtocolServer (SCMClientProtocolServer.java:start(149)) - RPC server for Client  is listening at /0.0.0.0:39099
2019-06-14 12:15:37,032 INFO  ipc.Server (Server.java:run(1314)) - IPC Server Responder: starting
2019-06-14 12:15:37,032 INFO  ipc.Server (Server.java:run(1153)) - IPC Server listener on 39099: starting
2019-06-14 12:15:37,035 INFO  server.StorageContainerManager (StorageContainerManager.java:start(761)) - ScmBlockLocationProtocol RPC server is listening at /0.0.0.0:43799
2019-06-14 12:15:37,035 INFO  server.SCMBlockProtocolServer (SCMBlockProtocolServer.java:start(137)) - RPC server for Block Protocol is listening at /0.0.0.0:43799
2019-06-14 12:15:37,035 INFO  ipc.Server (Server.java:run(1314)) - IPC Server Responder: starting
2019-06-14 12:15:37,035 INFO  ipc.Server (Server.java:run(1153)) - IPC Server listener on 43799: starting
2019-06-14 12:15:37,037 INFO  server.StorageContainerManager (StorageContainerManager.java:start(765)) - ScmDatanodeProtocl RPC server is listening at /0.0.0.0:33287
2019-06-14 12:15:37,038 INFO  server.SCMDatanodeProtocolServer (SCMDatanodeProtocolServer.java:start(191)) - RPC server for DataNodes is listening at /0.0.0.0:33287
2019-06-14 12:15:37,038 INFO  ipc.Server (Server.java:run(1314)) - IPC Server Responder: starting
2019-06-14 12:15:37,039 INFO  ipc.Server (Server.java:run(1153)) - IPC Server listener on 33287: starting
2019-06-14 12:15:37,042 INFO  http.HttpServer2 (HttpServer2.java:bindListener(1191)) - Jetty bound to port 37829
2019-06-14 12:15:37,044 INFO  server.Server (Server.java:doStart(351)) - jetty-9.3.24.v20180605, build timestamp: 2018-06-05T17:11:56Z, git hash: 84205aa28f11a4f31f2a3b86d1bba2cc8ab69827
2019-06-14 12:15:37,083 INFO  handler.ContextHandler (ContextHandler.java:doStart(781)) - Started o.e.j.s.ServletContextHandler@2df6226d{/logs,file:///opt/src/hadoop-ozone/integration-test/target/log,AVAILABLE}
2019-06-14 12:15:37,085 INFO  handler.ContextHandler (ContextHandler.java:doStart(781)) - Started o.e.j.s.ServletContextHandler@4ff4357f{/static,file:///opt/src/hadoop-ozone/integration-test/target/test-classes/webapps/static,AVAILABLE}
2019-06-14 12:15:37,121 INFO  handler.ContextHandler (ContextHandler.java:doStart(781)) - Started o.e.j.w.WebAppContext@34645867{/,file:///opt/src/hadoop-ozone/integration-test/target/test-classes/webapps/scm/,AVAILABLE}{/scm}
2019-06-14 12:15:37,127 INFO  server.AbstractConnector (AbstractConnector.java:doStart(278)) - Started ServerConnector@66629f63{HTTP/1.1,[http/1.1]}{0.0.0.0:37829}
2019-06-14 12:15:37,128 INFO  server.Server (Server.java:doStart(419)) - Started @2206ms
2019-06-14 12:15:37,129 INFO  server.BaseHttpServer (BaseHttpServer.java:updateConnectorAddress(207)) - HTTP server of SCM is listening at http://0.0.0.0:37829
2019-06-14 12:15:37,140 WARN  scm.ScmUtils (ScmUtils.java:getDBPath(63)) - ozone.om.db.dirs is not configured. We recommend adding this setting. Falling back to ozone.metadata.dirs instead.
2019-06-14 12:15:37,142 INFO  util.JvmPauseMonitor (JvmPauseMonitor.java:run(188)) - Starting JVM pause monitor
2019-06-14 12:15:37,238 WARN  scm.ScmUtils (ScmUtils.java:getDBPath(63)) - ozone.om.db.dirs is not configured. We recommend adding this setting. Falling back to ozone.metadata.dirs instead.
2019-06-14 12:15:37,239 INFO  om.OzoneManager (OzoneManager.java:setOMNodeDetails(519)) - OM Service ID is not set. Setting it to the default ID: omServiceIdDefault
2019-06-14 12:15:37,240 INFO  om.OzoneManager (OzoneManager.java:setOMNodeDetails(525)) - OM Node ID is not set. Setting it to the OmStorage's OmID: 4656d982-3a5c-45f2-b402-623dc2ebd7e2
2019-06-14 12:15:37,242 WARN  scm.HddsServerUtil (HddsServerUtil.java:getDefaultRatisDirectory(354)) - Storage directory for Ratis is not configured. It is a good idea to map this to an SSD disk. Falling back to ozone.metadata.dirs
2019-06-14 12:15:37,242 WARN  scm.HddsServerUtil (HddsServerUtil.java:getDefaultRatisDirectory(354)) - Storage directory for Ratis is not configured. It is a good idea to map this to an SSD disk. Falling back to ozone.metadata.dirs
2019-06-14 12:15:37,243 INFO  om.OzoneManager (OzoneManager.java:loadOMHAConfigs(476)) - Found matching OM address with OMServiceId: null, OMNodeId: null, RPC Address: localhost:0 and Ratis port: 9872
2019-06-14 12:15:37,451 WARN  scm.ScmUtils (ScmUtils.java:getDBPath(63)) - ozone.om.db.dirs is not configured. We recommend adding this setting. Falling back to ozone.metadata.dirs instead.
2019-06-14 12:15:37,456 INFO  db.DBStoreBuilder (DBStoreBuilder.java:addTable(110)) - using custom profile for table: userTable
2019-06-14 12:15:37,456 INFO  db.DBStoreBuilder (DBStoreBuilder.java:processTables(161)) - Using default column profile:DBProfile.DISK for Table:userTable
2019-06-14 12:15:37,456 INFO  db.DBStoreBuilder (DBStoreBuilder.java:addTable(110)) - using custom profile for table: volumeTable
2019-06-14 12:15:37,456 INFO  db.DBStoreBuilder (DBStoreBuilder.java:processTables(161)) - Using default column profile:DBProfile.DISK for Table:volumeTable
2019-06-14 12:15:37,457 INFO  db.DBStoreBuilder (DBStoreBuilder.java:addTable(110)) - using custom profile for table: bucketTable
2019-06-14 12:15:37,457 INFO  db.DBStoreBuilder (DBStoreBuilder.java:processTables(161)) - Using default column profile:DBProfile.DISK for Table:bucketTable
2019-06-14 12:15:37,457 INFO  db.DBStoreBuilder (DBStoreBuilder.java:addTable(110)) - using custom profile for table: keyTable
2019-06-14 12:15:37,457 INFO  db.DBStoreBuilder (DBStoreBuilder.java:processTables(161)) - Using default column profile:DBProfile.DISK for Table:keyTable
2019-06-14 12:15:37,458 INFO  db.DBStoreBuilder (DBStoreBuilder.java:addTable(110)) - using custom profile for table: deletedTable
2019-06-14 12:15:37,458 INFO  db.DBStoreBuilder (DBStoreBuilder.java:processTables(161)) - Using default column profile:DBProfile.DISK for Table:deletedTable
2019-06-14 12:15:37,458 INFO  db.DBStoreBuilder (DBStoreBuilder.java:addTable(110)) - using custom profile for table: openKeyTable
2019-06-14 12:15:37,458 INFO  db.DBStoreBuilder (DBStoreBuilder.java:processTables(161)) - Using default column profile:DBProfile.DISK for Table:openKeyTable
2019-06-14 12:15:37,459 INFO  db.DBStoreBuilder (DBStoreBuilder.java:addTable(110)) - using custom profile for table: s3Table
2019-06-14 12:15:37,459 INFO  db.DBStoreBuilder (DBStoreBuilder.java:processTables(161)) - Using default column profile:DBProfile.DISK for Table:s3Table
2019-06-14 12:15:37,459 INFO  db.DBStoreBuilder (DBStoreBuilder.java:addTable(110)) - using custom profile for table: multipartInfoTable
2019-06-14 12:15:37,459 INFO  db.DBStoreBuilder (DBStoreBuilder.java:processTables(161)) - Using default column profile:DBProfile.DISK for Table:multipartInfoTable
2019-06-14 12:15:37,459 INFO  db.DBStoreBuilder (DBStoreBuilder.java:addTable(110)) - using custom profile for table: dTokenTable
2019-06-14 12:15:37,460 INFO  db.DBStoreBuilder (DBStoreBuilder.java:processTables(161)) - Using default column profile:DBProfile.DISK for Table:dTokenTable
2019-06-14 12:15:37,460 INFO  db.DBStoreBuilder (DBStoreBuilder.java:addTable(110)) - using custom profile for table: s3SecretTable
2019-06-14 12:15:37,460 INFO  db.DBStoreBuilder (DBStoreBuilder.java:processTables(161)) - Using default column profile:DBProfile.DISK for Table:s3SecretTable
2019-06-14 12:15:37,460 INFO  db.DBStoreBuilder (DBStoreBuilder.java:addTable(110)) - using custom profile for table: prefixTable
2019-06-14 12:15:37,461 INFO  db.DBStoreBuilder (DBStoreBuilder.java:processTables(161)) - Using default column profile:DBProfile.DISK for Table:prefixTable
2019-06-14 12:15:37,461 INFO  db.DBStoreBuilder (DBStoreBuilder.java:addTable(110)) - using custom profile for table: default
2019-06-14 12:15:37,461 INFO  db.DBStoreBuilder (DBStoreBuilder.java:processTables(167)) - Using default column profile:DBProfile.DISK for Table:default
2019-06-14 12:15:37,461 INFO  db.DBStoreBuilder (DBStoreBuilder.java:getDbProfile(198)) - Using default options. DBProfile.DISK
2019-06-14 12:15:38,123 INFO  ipc.CallQueueManager (CallQueueManager.java:<init>(84)) - Using callQueue: class java.util.concurrent.LinkedBlockingQueue, queueCapacity: 2000, scheduler: class org.apache.hadoop.ipc.DefaultRpcScheduler, ipcBackoff: false.
2019-06-14 12:15:38,124 INFO  ipc.Server (Server.java:run(1074)) - Starting Socket Reader #1 for port 34267
2019-06-14 12:15:38,170 WARN  scm.ScmUtils (ScmUtils.java:getDBPath(63)) - ozone.om.db.dirs is not configured. We recommend adding this setting. Falling back to ozone.metadata.dirs instead.
2019-06-14 12:15:38,171 INFO  om.OzoneManager (OzoneManager.java:start(1217)) - OzoneManager RPC server is listening at localhost/127.0.0.1:34267
2019-06-14 12:15:38,171 INFO  impl.MetricsSystemImpl (MetricsSystemImpl.java:init(158)) - OzoneManager metrics system started (again)
2019-06-14 12:15:38,172 INFO  ipc.Server (Server.java:run(1314)) - IPC Server Responder: starting
2019-06-14 12:15:38,181 INFO  ipc.Server (Server.java:run(1153)) - IPC Server listener on 34267: starting
2019-06-14 12:15:38,238 INFO  hdfs.DFSUtil (DFSUtil.java:httpServerTemplateForNNAndJN(1641)) - Starting Web-server for ozoneManager at: http://0.0.0.0:0
2019-06-14 12:15:38,241 INFO  server.AuthenticationFilter (AuthenticationFilter.java:constructSecretProvider(240)) - Unable to initialize FileSignerSecretProvider, falling back to use random secrets.
2019-06-14 12:15:38,245 WARN  http.HttpRequestLog (HttpRequestLog.java:getRequestLog(97)) - Jetty request log can only be enabled using Log4j
2019-06-14 12:15:38,248 INFO  http.HttpServer2 (HttpServer2.java:addGlobalFilter(975)) - Added global filter 'safety' (class=org.apache.hadoop.http.HttpServer2$QuotingInputFilter)
2019-06-14 12:15:38,249 INFO  http.HttpServer2 (HttpServer2.java:addFilter(948)) - Added filter static_user_filter (class=org.apache.hadoop.http.lib.StaticUserWebFilter$StaticUserFilter) to context ozoneManager
2019-06-14 12:15:38,250 INFO  http.HttpServer2 (HttpServer2.java:addFilter(958)) - Added filter static_user_filter (class=org.apache.hadoop.http.lib.StaticUserWebFilter$StaticUserFilter) to context static
2019-06-14 12:15:38,250 INFO  http.HttpServer2 (HttpServer2.java:addFilter(958)) - Added filter static_user_filter (class=org.apache.hadoop.http.lib.StaticUserWebFilter$StaticUserFilter) to context logs
2019-06-14 12:15:38,253 INFO  http.HttpServer2 (HttpServer2.java:bindListener(1191)) - Jetty bound to port 46435
2019-06-14 12:15:38,253 INFO  server.Server (Server.java:doStart(351)) - jetty-9.3.24.v20180605, build timestamp: 2018-06-05T17:11:56Z, git hash: 84205aa28f11a4f31f2a3b86d1bba2cc8ab69827
2019-06-14 12:15:38,255 INFO  handler.ContextHandler (ContextHandler.java:doStart(781)) - Started o.e.j.s.ServletContextHandler@bcb09a6{/logs,file:///opt/src/hadoop-ozone/integration-test/target/log,AVAILABLE}
2019-06-14 12:15:38,256 INFO  handler.ContextHandler (ContextHandler.java:doStart(781)) - Started o.e.j.s.ServletContextHandler@a619c2{/static,file:///opt/src/hadoop-ozone/integration-test/target/test-classes/webapps/static,AVAILABLE}
2019-06-14 12:15:38,260 INFO  handler.ContextHandler (ContextHandler.java:doStart(781)) - Started o.e.j.w.WebAppContext@c9d82f9{/,file:///opt/src/hadoop-ozone/integration-test/target/test-classes/webapps/ozoneManager/,AVAILABLE}{/ozoneManager}
2019-06-14 12:15:38,261 INFO  server.AbstractConnector (AbstractConnector.java:doStart(278)) - Started ServerConnector@6f012914{HTTP/1.1,[http/1.1]}{0.0.0.0:46435}
2019-06-14 12:15:38,261 INFO  server.Server (Server.java:doStart(419)) - Started @3340ms
2019-06-14 12:15:38,262 INFO  server.BaseHttpServer (BaseHttpServer.java:updateConnectorAddress(207)) - HTTP server of OZONEMANAGER is listening at http://0.0.0.0:46435
2019-06-14 12:15:38,503 INFO  impl.MetricsSystemImpl (MetricsSystemImpl.java:init(158)) - HddsDatanode metrics system started (again)
2019-06-14 12:15:38,685 INFO  ozone.HddsDatanodeService (HddsDatanodeService.java:start(185)) - HddsDatanodeService host:ozone-5z4sx-3769091767 ip:192.168.105.183
2019-06-14 12:15:38,717 INFO  volume.HddsVolume (HddsVolume.java:<init>(176)) - Creating Volume: /opt/src/hadoop-ozone/integration-test/target/test-dir/MiniOzoneClusterImpl-4ea2c975-d826-4495-8219-906e18966a0f/datanode-0/data/containers/hdds of  storage type : DISK and capacity : 104021790720
2019-06-14 12:15:38,718 INFO  volume.VolumeSet (VolumeSet.java:initializeVolumeSet(170)) - Added Volume : /opt/src/hadoop-ozone/integration-test/target/test-dir/MiniOzoneClusterImpl-4ea2c975-d826-4495-8219-906e18966a0f/datanode-0/data/containers/hdds to VolumeSet
2019-06-14 12:15:38,721 INFO  volume.ThrottledAsyncChecker (ThrottledAsyncChecker.java:schedule(140)) - Scheduling a check for org.apache.hadoop.ozone.container.common.volume.HddsVolume@6fd1660
2019-06-14 12:15:38,737 INFO  volume.HddsVolumeChecker (HddsVolumeChecker.java:checkAllVolumes(203)) - Scheduled health check for volume org.apache.hadoop.ozone.container.common.volume.HddsVolume@6fd1660
2019-06-14 12:15:38,784 INFO  ratis.XceiverServerRatis (XceiverServerRatis.java:newXceiverServerRatis(401)) - Found a free port for the server : 40955
2019-06-14 12:15:38,844 INFO  impl.RaftServerProxy (ConfUtils.java:logGet(43)) - raft.rpc.type = GRPC (default)
2019-06-14 12:15:38,853 INFO  grpc.GrpcConfigKeys$Server (ConfUtils.java:logGet(43)) - raft.grpc.server.port = 40955 (custom)
2019-06-14 12:15:38,854 INFO  server.GrpcService (ConfUtils.java:logGet(43)) - raft.grpc.message.size.max = 33570816 (custom)
2019-06-14 12:15:38,855 INFO  server.RaftServerConfigKeys (ConfUtils.java:logGet(43)) - raft.server.log.appender.buffer.byte-limit = 33554432 (custom)
2019-06-14 12:15:38,855 INFO  server.GrpcService (ConfUtils.java:logGet(43)) - raft.grpc.flow.control.window = 1MB (=1048576) (default)
2019-06-14 12:15:38,856 INFO  server.RaftServerConfigKeys (ConfUtils.java:logGet(43)) - raft.server.rpc.request.timeout = 3000ms (default)
2019-06-14 12:15:38,998 INFO  server.RaftServerConfigKeys (ConfUtils.java:logGet(43)) - raft.server.storage.dir = [/opt/src/hadoop-ozone/integration-test/target/test-dir/MiniOzoneClusterImpl-4ea2c975-d826-4495-8219-906e18966a0f/datanode-0/data/ratis] (custom)
2019-06-14 12:15:39,006 INFO  server.XceiverServerGrpc (XceiverServerGrpc.java:<init>(97)) - Found a free port for the server : 46589
2019-06-14 12:15:39,032 INFO  replication.SimpleContainerDownloader (SimpleContainerDownloader.java:<init>(72)) - Starting container downloader service to copy containers to replicate.
2019-06-14 12:15:39,045 INFO  hdfs.DFSUtil (DFSUtil.java:httpServerTemplateForNNAndJN(1641)) - Starting Web-server for hddsDatanode at: http://0.0.0.0:0
2019-06-14 12:15:39,046 INFO  server.AuthenticationFilter (AuthenticationFilter.java:constructSecretProvider(240)) - Unable to initialize FileSignerSecretProvider, falling back to use random secrets.
2019-06-14 12:15:39,049 WARN  http.HttpRequestLog (HttpRequestLog.java:getRequestLog(97)) - Jetty request log can only be enabled using Log4j
2019-06-14 12:15:39,051 INFO  http.HttpServer2 (HttpServer2.java:addGlobalFilter(975)) - Added global filter 'safety' (class=org.apache.hadoop.http.HttpServer2$QuotingInputFilter)
2019-06-14 12:15:39,052 INFO  http.HttpServer2 (HttpServer2.java:addFilter(948)) - Added filter static_user_filter (class=org.apache.hadoop.http.lib.StaticUserWebFilter$StaticUserFilter) to context hddsDatanode
2019-06-14 12:15:39,052 INFO  http.HttpServer2 (HttpServer2.java:addFilter(958)) - Added filter static_user_filter (class=org.apache.hadoop.http.lib.StaticUserWebFilter$StaticUserFilter) to context logs
2019-06-14 12:15:39,052 INFO  http.HttpServer2 (HttpServer2.java:addFilter(958)) - Added filter static_user_filter (class=org.apache.hadoop.http.lib.StaticUserWebFilter$StaticUserFilter) to context static
2019-06-14 12:15:39,053 INFO  http.HttpServer2 (HttpServer2.java:bindListener(1191)) - Jetty bound to port 42359
2019-06-14 12:15:39,053 INFO  server.Server (Server.java:doStart(351)) - jetty-9.3.24.v20180605, build timestamp: 2018-06-05T17:11:56Z, git hash: 84205aa28f11a4f31f2a3b86d1bba2cc8ab69827
2019-06-14 12:15:39,055 INFO  handler.ContextHandler (ContextHandler.java:doStart(781)) - Started o.e.j.s.ServletContextHandler@6438a7fe{/logs,file:///opt/src/hadoop-ozone/integration-test/target/log,AVAILABLE}
2019-06-14 12:15:39,056 INFO  handler.ContextHandler (ContextHandler.java:doStart(781)) - Started o.e.j.s.ServletContextHandler@4f5f6e45{/static,jar:file:/root/.m2/repository/org/apache/hadoop/hadoop-hdds-container-service/0.5.0-SNAPSHOT/hadoop-hdds-container-service-0.5.0-SNAPSHOT.jar!/webapps/static,AVAILABLE}
2019-06-14 12:15:39,110 INFO  handler.ContextHandler (ContextHandler.java:doStart(781)) - Started o.e.j.w.WebAppContext@36c0d0bd{/,file:///tmp/jetty-0.0.0.0-42359-hddsDatanode-_-any-2611277488990228882.dir/webapp/,AVAILABLE}{/hddsDatanode}
2019-06-14 12:15:39,111 INFO  server.AbstractConnector (AbstractConnector.java:doStart(278)) - Started ServerConnector@5e1fc2aa{HTTP/1.1,[http/1.1]}{0.0.0.0:42359}
2019-06-14 12:15:39,111 INFO  server.Server (Server.java:doStart(419)) - Started @4190ms
2019-06-14 12:15:39,118 INFO  server.BaseHttpServer (BaseHttpServer.java:updateConnectorAddress(207)) - HTTP server of HDDSDATANODE is listening at http://0.0.0.0:42359
2019-06-14 12:15:40,113 INFO  ozone.HddsDatanodeService (HddsDatanodeService.java:startPlugins(396)) - Started plug-in org.apache.hadoop.ozone.web.OzoneHddsDatanodeService@1f992a3a
2019-06-14 12:15:40,115 INFO  impl.MetricsSystemImpl (MetricsSystemImpl.java:init(158)) - HddsDatanode metrics system started (again)
2019-06-14 12:15:40,116 INFO  ozone.HddsDatanodeService (HddsDatanodeService.java:start(185)) - HddsDatanodeService host:ozone-5z4sx-3769091767 ip:192.168.105.183
2019-06-14 12:15:40,129 INFO  util.JvmPauseMonitor (JvmPauseMonitor.java:run(188)) - Starting JVM pause monitor
2019-06-14 12:15:40,163 INFO  volume.HddsVolume (HddsVolume.java:<init>(176)) - Creating Volume: /opt/src/hadoop-ozone/integration-test/target/test-dir/MiniOzoneClusterImpl-4ea2c975-d826-4495-8219-906e18966a0f/datanode-1/data/containers/hdds of  storage type : DISK and capacity : 104021790720
2019-06-14 12:15:40,164 INFO  volume.VolumeSet (VolumeSet.java:initializeVolumeSet(170)) - Added Volume : /opt/src/hadoop-ozone/integration-test/target/test-dir/MiniOzoneClusterImpl-4ea2c975-d826-4495-8219-906e18966a0f/datanode-1/data/containers/hdds to VolumeSet
2019-06-14 12:15:40,164 INFO  volume.ThrottledAsyncChecker (ThrottledAsyncChecker.java:schedule(140)) - Scheduling a check for org.apache.hadoop.ozone.container.common.volume.HddsVolume@78a8978a
2019-06-14 12:15:40,172 INFO  volume.HddsVolumeChecker (HddsVolumeChecker.java:checkAllVolumes(203)) - Scheduled health check for volume org.apache.hadoop.ozone.container.common.volume.HddsVolume@78a8978a
2019-06-14 12:15:40,201 INFO  ratis.XceiverServerRatis (XceiverServerRatis.java:newXceiverServerRatis(401)) - Found a free port for the server : 34093
2019-06-14 12:15:40,216 INFO  impl.RaftServerProxy (ConfUtils.java:logGet(43)) - raft.rpc.type = GRPC (default)
2019-06-14 12:15:40,217 INFO  grpc.GrpcConfigKeys$Server (ConfUtils.java:logGet(43)) - raft.grpc.server.port = 34093 (custom)
2019-06-14 12:15:40,217 INFO  server.GrpcService (ConfUtils.java:logGet(43)) - raft.grpc.message.size.max = 33570816 (custom)
2019-06-14 12:15:40,217 INFO  server.RaftServerConfigKeys (ConfUtils.java:logGet(43)) - raft.server.log.appender.buffer.byte-limit = 33554432 (custom)
2019-06-14 12:15:40,218 INFO  server.GrpcService (ConfUtils.java:logGet(43)) - raft.grpc.flow.control.window = 1MB (=1048576) (default)
2019-06-14 12:15:40,218 INFO  server.RaftServerConfigKeys (ConfUtils.java:logGet(43)) - raft.server.rpc.request.timeout = 3000ms (default)
2019-06-14 12:15:40,218 INFO  server.RaftServerConfigKeys (ConfUtils.java:logGet(43)) - raft.server.storage.dir = [/opt/src/hadoop-ozone/integration-test/target/test-dir/MiniOzoneClusterImpl-4ea2c975-d826-4495-8219-906e18966a0f/datanode-1/data/ratis] (custom)
2019-06-14 12:15:40,219 INFO  server.XceiverServerGrpc (XceiverServerGrpc.java:<init>(97)) - Found a free port for the server : 38203
2019-06-14 12:15:40,219 INFO  replication.SimpleContainerDownloader (SimpleContainerDownloader.java:<init>(72)) - Starting container downloader service to copy containers to replicate.
2019-06-14 12:15:40,222 INFO  hdfs.DFSUtil (DFSUtil.java:httpServerTemplateForNNAndJN(1641)) - Starting Web-server for hddsDatanode at: http://0.0.0.0:0
2019-06-14 12:15:40,223 INFO  server.AuthenticationFilter (AuthenticationFilter.java:constructSecretProvider(240)) - Unable to initialize FileSignerSecretProvider, falling back to use random secrets.
2019-06-14 12:15:40,228 WARN  http.HttpRequestLog (HttpRequestLog.java:getRequestLog(97)) - Jetty request log can only be enabled using Log4j
2019-06-14 12:15:40,230 INFO  http.HttpServer2 (HttpServer2.java:addGlobalFilter(975)) - Added global filter 'safety' (class=org.apache.hadoop.http.HttpServer2$QuotingInputFilter)
2019-06-14 12:15:40,231 INFO  http.HttpServer2 (HttpServer2.java:addFilter(948)) - Added filter static_user_filter (class=org.apache.hadoop.http.lib.StaticUserWebFilter$StaticUserFilter) to context hddsDatanode
2019-06-14 12:15:40,231 INFO  http.HttpServer2 (HttpServer2.java:addFilter(958)) - Added filter static_user_filter (class=org.apache.hadoop.http.lib.StaticUserWebFilter$StaticUserFilter) to context logs
2019-06-14 12:15:40,231 INFO  http.HttpServer2 (HttpServer2.java:addFilter(958)) - Added filter static_user_filter (class=org.apache.hadoop.http.lib.StaticUserWebFilter$StaticUserFilter) to context static
2019-06-14 12:15:40,232 INFO  http.HttpServer2 (HttpServer2.java:bindListener(1191)) - Jetty bound to port 46491
2019-06-14 12:15:40,232 INFO  server.Server (Server.java:doStart(351)) - jetty-9.3.24.v20180605, build timestamp: 2018-06-05T17:11:56Z, git hash: 84205aa28f11a4f31f2a3b86d1bba2cc8ab69827
2019-06-14 12:15:40,278 INFO  handler.ContextHandler (ContextHandler.java:doStart(781)) - Started o.e.j.s.ServletContextHandler@2574a9e3{/logs,file:///opt/src/hadoop-ozone/integration-test/target/log,AVAILABLE}
2019-06-14 12:15:40,279 INFO  handler.ContextHandler (ContextHandler.java:doStart(781)) - Started o.e.j.s.ServletContextHandler@422ab737{/static,jar:file:/root/.m2/repository/org/apache/hadoop/hadoop-hdds-container-service/0.5.0-SNAPSHOT/hadoop-hdds-container-service-0.5.0-SNAPSHOT.jar!/webapps/static,AVAILABLE}
2019-06-14 12:15:40,327 INFO  handler.ContextHandler (ContextHandler.java:doStart(781)) - Started o.e.j.w.WebAppContext@78da899f{/,file:///tmp/jetty-0.0.0.0-46491-hddsDatanode-_-any-5461469363850694447.dir/webapp/,AVAILABLE}{/hddsDatanode}
2019-06-14 12:15:40,328 INFO  server.AbstractConnector (AbstractConnector.java:doStart(278)) - Started ServerConnector@e7b265e{HTTP/1.1,[http/1.1]}{0.0.0.0:46491}
2019-06-14 12:15:40,328 INFO  server.Server (Server.java:doStart(419)) - Started @5407ms
2019-06-14 12:15:40,330 INFO  server.BaseHttpServer (BaseHttpServer.java:updateConnectorAddress(207)) - HTTP server of HDDSDATANODE is listening at http://0.0.0.0:46491
2019-06-14 12:15:40,355 INFO  datanode.InitDatanodeState (InitDatanodeState.java:persistContainerDatanodeDetails(140)) - DatanodeDetails is persisted to /opt/src/hadoop-ozone/integration-test/target/test-dir/MiniOzoneClusterImpl-4ea2c975-d826-4495-8219-906e18966a0f/datanode-0/meta/datanode.id
2019-06-14 12:15:40,580 INFO  ozone.HddsDatanodeService (HddsDatanodeService.java:startPlugins(396)) - Started plug-in org.apache.hadoop.ozone.web.OzoneHddsDatanodeService@63fd4dda
2019-06-14 12:15:40,582 INFO  impl.MetricsSystemImpl (MetricsSystemImpl.java:init(158)) - HddsDatanode metrics system started (again)
2019-06-14 12:15:40,583 INFO  ozone.HddsDatanodeService (HddsDatanodeService.java:start(185)) - HddsDatanodeService host:ozone-5z4sx-3769091767 ip:192.168.105.183
2019-06-14 12:15:40,605 INFO  util.JvmPauseMonitor (JvmPauseMonitor.java:run(188)) - Starting JVM pause monitor
2019-06-14 12:15:40,624 INFO  datanode.InitDatanodeState (InitDatanodeState.java:persistContainerDatanodeDetails(140)) - DatanodeDetails is persisted to /opt/src/hadoop-ozone/integration-test/target/test-dir/MiniOzoneClusterImpl-4ea2c975-d826-4495-8219-906e18966a0f/datanode-1/meta/datanode.id
2019-06-14 12:15:40,627 INFO  volume.HddsVolume (HddsVolume.java:<init>(176)) - Creating Volume: /opt/src/hadoop-ozone/integration-test/target/test-dir/MiniOzoneClusterImpl-4ea2c975-d826-4495-8219-906e18966a0f/datanode-2/data/containers/hdds of  storage type : DISK and capacity : 104021790720
2019-06-14 12:15:40,628 INFO  volume.VolumeSet (VolumeSet.java:initializeVolumeSet(170)) - Added Volume : /opt/src/hadoop-ozone/integration-test/target/test-dir/MiniOzoneClusterImpl-4ea2c975-d826-4495-8219-906e18966a0f/datanode-2/data/containers/hdds to VolumeSet
2019-06-14 12:15:40,628 INFO  volume.ThrottledAsyncChecker (ThrottledAsyncChecker.java:schedule(140)) - Scheduling a check for org.apache.hadoop.ozone.container.common.volume.HddsVolume@4b56b031
2019-06-14 12:15:40,637 INFO  volume.HddsVolumeChecker (HddsVolumeChecker.java:checkAllVolumes(203)) - Scheduled health check for volume org.apache.hadoop.ozone.container.common.volume.HddsVolume@4b56b031
2019-06-14 12:15:40,662 INFO  ratis.XceiverServerRatis (XceiverServerRatis.java:newXceiverServerRatis(401)) - Found a free port for the server : 46387
2019-06-14 12:15:40,663 INFO  impl.RaftServerProxy (ConfUtils.java:logGet(43)) - raft.rpc.type = GRPC (default)
2019-06-14 12:15:40,663 INFO  grpc.GrpcConfigKeys$Server (ConfUtils.java:logGet(43)) - raft.grpc.server.port = 46387 (custom)
2019-06-14 12:15:40,664 INFO  server.GrpcService (ConfUtils.java:logGet(43)) - raft.grpc.message.size.max = 33570816 (custom)
2019-06-14 12:15:40,664 INFO  server.RaftServerConfigKeys (ConfUtils.java:logGet(43)) - raft.server.log.appender.buffer.byte-limit = 33554432 (custom)
2019-06-14 12:15:40,664 INFO  server.GrpcService (ConfUtils.java:logGet(43)) - raft.grpc.flow.control.window = 1MB (=1048576) (default)
2019-06-14 12:15:40,664 INFO  server.RaftServerConfigKeys (ConfUtils.java:logGet(43)) - raft.server.rpc.request.timeout = 3000ms (default)
2019-06-14 12:15:40,665 INFO  server.RaftServerConfigKeys (ConfUtils.java:logGet(43)) - raft.server.storage.dir = [/opt/src/hadoop-ozone/integration-test/target/test-dir/MiniOzoneClusterImpl-4ea2c975-d826-4495-8219-906e18966a0f/datanode-2/data/ratis] (custom)
2019-06-14 12:15:40,666 INFO  server.XceiverServerGrpc (XceiverServerGrpc.java:<init>(97)) - Found a free port for the server : 36527
2019-06-14 12:15:40,667 INFO  replication.SimpleContainerDownloader (SimpleContainerDownloader.java:<init>(72)) - Starting container downloader service to copy containers to replicate.
2019-06-14 12:15:40,669 INFO  hdfs.DFSUtil (DFSUtil.java:httpServerTemplateForNNAndJN(1641)) - Starting Web-server for hddsDatanode at: http://0.0.0.0:0
2019-06-14 12:15:40,671 INFO  server.AuthenticationFilter (AuthenticationFilter.java:constructSecretProvider(240)) - Unable to initialize FileSignerSecretProvider, falling back to use random secrets.
2019-06-14 12:15:40,672 WARN  http.HttpRequestLog (HttpRequestLog.java:getRequestLog(97)) - Jetty request log can only be enabled using Log4j
2019-06-14 12:15:40,674 INFO  http.HttpServer2 (HttpServer2.java:addGlobalFilter(975)) - Added global filter 'safety' (class=org.apache.hadoop.http.HttpServer2$QuotingInputFilter)
2019-06-14 12:15:40,674 INFO  http.HttpServer2 (HttpServer2.java:addFilter(948)) - Added filter static_user_filter (class=org.apache.hadoop.http.lib.StaticUserWebFilter$StaticUserFilter) to context hddsDatanode
2019-06-14 12:15:40,674 INFO  http.HttpServer2 (HttpServer2.java:addFilter(958)) - Added filter static_user_filter (class=org.apache.hadoop.http.lib.StaticUserWebFilter$StaticUserFilter) to context logs
2019-06-14 12:15:40,674 INFO  http.HttpServer2 (HttpServer2.java:addFilter(958)) - Added filter static_user_filter (class=org.apache.hadoop.http.lib.StaticUserWebFilter$StaticUserFilter) to context static
2019-06-14 12:15:40,675 INFO  http.HttpServer2 (HttpServer2.java:bindListener(1191)) - Jetty bound to port 40035
2019-06-14 12:15:40,675 INFO  server.Server (Server.java:doStart(351)) - jetty-9.3.24.v20180605, build timestamp: 2018-06-05T17:11:56Z, git hash: 84205aa28f11a4f31f2a3b86d1bba2cc8ab69827
2019-06-14 12:15:40,691 INFO  handler.ContextHandler (ContextHandler.java:doStart(781)) - Started o.e.j.s.ServletContextHandler@2443abd6{/logs,file:///opt/src/hadoop-ozone/integration-test/target/log,AVAILABLE}
2019-06-14 12:15:40,692 INFO  handler.ContextHandler (ContextHandler.java:doStart(781)) - Started o.e.j.s.ServletContextHandler@bd3eff4{/static,jar:file:/root/.m2/repository/org/apache/hadoop/hadoop-hdds-container-service/0.5.0-SNAPSHOT/hadoop-hdds-container-service-0.5.0-SNAPSHOT.jar!/webapps/static,AVAILABLE}
2019-06-14 12:15:40,726 INFO  handler.ContextHandler (ContextHandler.java:doStart(781)) - Started o.e.j.w.WebAppContext@4e80a001{/,file:///tmp/jetty-0.0.0.0-40035-hddsDatanode-_-any-4406809542080858078.dir/webapp/,AVAILABLE}{/hddsDatanode}
2019-06-14 12:15:40,733 INFO  server.AbstractConnector (AbstractConnector.java:doStart(278)) - Started ServerConnector@624b523{HTTP/1.1,[http/1.1]}{0.0.0.0:40035}
2019-06-14 12:15:40,733 INFO  server.Server (Server.java:doStart(419)) - Started @5812ms
2019-06-14 12:15:40,735 INFO  server.BaseHttpServer (BaseHttpServer.java:updateConnectorAddress(207)) - HTTP server of HDDSDATANODE is listening at http://0.0.0.0:40035
2019-06-14 12:15:40,954 INFO  ozone.HddsDatanodeService (HddsDatanodeService.java:startPlugins(396)) - Started plug-in org.apache.hadoop.ozone.web.OzoneHddsDatanodeService@11c78080
2019-06-14 12:15:40,957 INFO  impl.MetricsSystemImpl (MetricsSystemImpl.java:init(158)) - HddsDatanode metrics system started (again)
2019-06-14 12:15:40,958 INFO  ozone.HddsDatanodeService (HddsDatanodeService.java:start(185)) - HddsDatanodeService host:ozone-5z4sx-3769091767 ip:192.168.105.183
2019-06-14 12:15:40,985 INFO  util.JvmPauseMonitor (JvmPauseMonitor.java:run(188)) - Starting JVM pause monitor
2019-06-14 12:15:40,995 INFO  datanode.InitDatanodeState (InitDatanodeState.java:persistContainerDatanodeDetails(140)) - DatanodeDetails is persisted to /opt/src/hadoop-ozone/integration-test/target/test-dir/MiniOzoneClusterImpl-4ea2c975-d826-4495-8219-906e18966a0f/datanode-2/meta/datanode.id
2019-06-14 12:15:41,017 INFO  volume.HddsVolume (HddsVolume.java:<init>(176)) - Creating Volume: /opt/src/hadoop-ozone/integration-test/target/test-dir/MiniOzoneClusterImpl-4ea2c975-d826-4495-8219-906e18966a0f/datanode-3/data/containers/hdds of  storage type : DISK and capacity : 104021790720
2019-06-14 12:15:41,017 INFO  volume.VolumeSet (VolumeSet.java:initializeVolumeSet(170)) - Added Volume : /opt/src/hadoop-ozone/integration-test/target/test-dir/MiniOzoneClusterImpl-4ea2c975-d826-4495-8219-906e18966a0f/datanode-3/data/containers/hdds to VolumeSet
2019-06-14 12:15:41,018 INFO  volume.ThrottledAsyncChecker (ThrottledAsyncChecker.java:schedule(140)) - Scheduling a check for org.apache.hadoop.ozone.container.common.volume.HddsVolume@7c11d32
2019-06-14 12:15:41,026 INFO  volume.HddsVolumeChecker (HddsVolumeChecker.java:checkAllVolumes(203)) - Scheduled health check for volume org.apache.hadoop.ozone.container.common.volume.HddsVolume@7c11d32
2019-06-14 12:15:41,043 INFO  ratis.XceiverServerRatis (XceiverServerRatis.java:newXceiverServerRatis(401)) - Found a free port for the server : 44509
2019-06-14 12:15:41,044 INFO  impl.RaftServerProxy (ConfUtils.java:logGet(43)) - raft.rpc.type = GRPC (default)
2019-06-14 12:15:41,050 INFO  grpc.GrpcConfigKeys$Server (ConfUtils.java:logGet(43)) - raft.grpc.server.port = 44509 (custom)
2019-06-14 12:15:41,050 INFO  server.GrpcService (ConfUtils.java:logGet(43)) - raft.grpc.message.size.max = 33570816 (custom)
2019-06-14 12:15:41,050 INFO  server.RaftServerConfigKeys (ConfUtils.java:logGet(43)) - raft.server.log.appender.buffer.byte-limit = 33554432 (custom)
2019-06-14 12:15:41,051 INFO  server.GrpcService (ConfUtils.java:logGet(43)) - raft.grpc.flow.control.window = 1MB (=1048576) (default)
2019-06-14 12:15:41,051 INFO  server.RaftServerConfigKeys (ConfUtils.java:logGet(43)) - raft.server.rpc.request.timeout = 3000ms (default)
2019-06-14 12:15:41,051 INFO  server.RaftServerConfigKeys (ConfUtils.java:logGet(43)) - raft.server.storage.dir = [/opt/src/hadoop-ozone/integration-test/target/test-dir/MiniOzoneClusterImpl-4ea2c975-d826-4495-8219-906e18966a0f/datanode-3/data/ratis] (custom)
2019-06-14 12:15:41,052 INFO  server.XceiverServerGrpc (XceiverServerGrpc.java:<init>(97)) - Found a free port for the server : 34917
2019-06-14 12:15:41,052 INFO  replication.SimpleContainerDownloader (SimpleContainerDownloader.java:<init>(72)) - Starting container downloader service to copy containers to replicate.
2019-06-14 12:15:41,053 INFO  hdfs.DFSUtil (DFSUtil.java:httpServerTemplateForNNAndJN(1641)) - Starting Web-server for hddsDatanode at: http://0.0.0.0:0
2019-06-14 12:15:41,055 INFO  server.AuthenticationFilter (AuthenticationFilter.java:constructSecretProvider(240)) - Unable to initialize FileSignerSecretProvider, falling back to use random secrets.
2019-06-14 12:15:41,055 WARN  http.HttpRequestLog (HttpRequestLog.java:getRequestLog(97)) - Jetty request log can only be enabled using Log4j
2019-06-14 12:15:41,057 INFO  http.HttpServer2 (HttpServer2.java:addGlobalFilter(975)) - Added global filter 'safety' (class=org.apache.hadoop.http.HttpServer2$QuotingInputFilter)
2019-06-14 12:15:41,058 INFO  http.HttpServer2 (HttpServer2.java:addFilter(948)) - Added filter static_user_filter (class=org.apache.hadoop.http.lib.StaticUserWebFilter$StaticUserFilter) to context hddsDatanode
2019-06-14 12:15:41,058 INFO  http.HttpServer2 (HttpServer2.java:addFilter(958)) - Added filter static_user_filter (class=org.apache.hadoop.http.lib.StaticUserWebFilter$StaticUserFilter) to context logs
2019-06-14 12:15:41,058 INFO  http.HttpServer2 (HttpServer2.java:addFilter(958)) - Added filter static_user_filter (class=org.apache.hadoop.http.lib.StaticUserWebFilter$StaticUserFilter) to context static
2019-06-14 12:15:41,059 INFO  http.HttpServer2 (HttpServer2.java:bindListener(1191)) - Jetty bound to port 40195
2019-06-14 12:15:41,059 INFO  server.Server (Server.java:doStart(351)) - jetty-9.3.24.v20180605, build timestamp: 2018-06-05T17:11:56Z, git hash: 84205aa28f11a4f31f2a3b86d1bba2cc8ab69827
2019-06-14 12:15:41,064 INFO  handler.ContextHandler (ContextHandler.java:doStart(781)) - Started o.e.j.s.ServletContextHandler@25974207{/logs,file:///opt/src/hadoop-ozone/integration-test/target/log,AVAILABLE}
2019-06-14 12:15:41,065 INFO  handler.ContextHandler (ContextHandler.java:doStart(781)) - Started o.e.j.s.ServletContextHandler@195113de{/static,jar:file:/root/.m2/repository/org/apache/hadoop/hadoop-hdds-container-service/0.5.0-SNAPSHOT/hadoop-hdds-container-service-0.5.0-SNAPSHOT.jar!/webapps/static,AVAILABLE}
2019-06-14 12:15:41,106 INFO  handler.ContextHandler (ContextHandler.java:doStart(781)) - Started o.e.j.w.WebAppContext@74c9e11{/,file:///tmp/jetty-0.0.0.0-40195-hddsDatanode-_-any-5052304506313623718.dir/webapp/,AVAILABLE}{/hddsDatanode}
2019-06-14 12:15:41,110 INFO  server.AbstractConnector (AbstractConnector.java:doStart(278)) - Started ServerConnector@42afc559{HTTP/1.1,[http/1.1]}{0.0.0.0:40195}
2019-06-14 12:15:41,111 INFO  server.Server (Server.java:doStart(419)) - Started @6189ms
2019-06-14 12:15:41,114 INFO  server.BaseHttpServer (BaseHttpServer.java:updateConnectorAddress(207)) - HTTP server of HDDSDATANODE is listening at http://0.0.0.0:40195
2019-06-14 12:15:41,379 INFO  ozone.HddsDatanodeService (HddsDatanodeService.java:startPlugins(396)) - Started plug-in org.apache.hadoop.ozone.web.OzoneHddsDatanodeService@601d6622
2019-06-14 12:15:41,389 INFO  impl.MetricsSystemImpl (MetricsSystemImpl.java:init(158)) - HddsDatanode metrics system started (again)
2019-06-14 12:15:41,390 INFO  ozone.HddsDatanodeService (HddsDatanodeService.java:start(185)) - HddsDatanodeService host:ozone-5z4sx-3769091767 ip:192.168.105.183
2019-06-14 12:15:41,414 INFO  util.JvmPauseMonitor (JvmPauseMonitor.java:run(188)) - Starting JVM pause monitor
2019-06-14 12:15:41,423 INFO  datanode.InitDatanodeState (InitDatanodeState.java:persistContainerDatanodeDetails(140)) - DatanodeDetails is persisted to /opt/src/hadoop-ozone/integration-test/target/test-dir/MiniOzoneClusterImpl-4ea2c975-d826-4495-8219-906e18966a0f/datanode-3/meta/datanode.id
2019-06-14 12:15:41,439 INFO  volume.HddsVolume (HddsVolume.java:<init>(176)) - Creating Volume: /opt/src/hadoop-ozone/integration-test/target/test-dir/MiniOzoneClusterImpl-4ea2c975-d826-4495-8219-906e18966a0f/datanode-4/data/containers/hdds of  storage type : DISK and capacity : 104021790720
2019-06-14 12:15:41,439 INFO  volume.VolumeSet (VolumeSet.java:initializeVolumeSet(170)) - Added Volume : /opt/src/hadoop-ozone/integration-test/target/test-dir/MiniOzoneClusterImpl-4ea2c975-d826-4495-8219-906e18966a0f/datanode-4/data/containers/hdds to VolumeSet
2019-06-14 12:15:41,439 INFO  volume.ThrottledAsyncChecker (ThrottledAsyncChecker.java:schedule(140)) - Scheduling a check for org.apache.hadoop.ozone.container.common.volume.HddsVolume@57186526
2019-06-14 12:15:41,450 INFO  volume.HddsVolumeChecker (HddsVolumeChecker.java:checkAllVolumes(203)) - Scheduled health check for volume org.apache.hadoop.ozone.container.common.volume.HddsVolume@57186526
2019-06-14 12:15:41,468 INFO  ratis.XceiverServerRatis (XceiverServerRatis.java:newXceiverServerRatis(401)) - Found a free port for the server : 45195
2019-06-14 12:15:41,469 INFO  impl.RaftServerProxy (ConfUtils.java:logGet(43)) - raft.rpc.type = GRPC (default)
2019-06-14 12:15:41,475 INFO  grpc.GrpcConfigKeys$Server (ConfUtils.java:logGet(43)) - raft.grpc.server.port = 45195 (custom)
2019-06-14 12:15:41,475 INFO  server.GrpcService (ConfUtils.java:logGet(43)) - raft.grpc.message.size.max = 33570816 (custom)
2019-06-14 12:15:41,475 INFO  server.RaftServerConfigKeys (ConfUtils.java:logGet(43)) - raft.server.log.appender.buffer.byte-limit = 33554432 (custom)
2019-06-14 12:15:41,475 INFO  server.GrpcService (ConfUtils.java:logGet(43)) - raft.grpc.flow.control.window = 1MB (=1048576) (default)
2019-06-14 12:15:41,475 INFO  server.RaftServerConfigKeys (ConfUtils.java:logGet(43)) - raft.server.rpc.request.timeout = 3000ms (default)
2019-06-14 12:15:41,476 INFO  server.RaftServerConfigKeys (ConfUtils.java:logGet(43)) - raft.server.storage.dir = [/opt/src/hadoop-ozone/integration-test/target/test-dir/MiniOzoneClusterImpl-4ea2c975-d826-4495-8219-906e18966a0f/datanode-4/data/ratis] (custom)
2019-06-14 12:15:41,476 INFO  server.XceiverServerGrpc (XceiverServerGrpc.java:<init>(97)) - Found a free port for the server : 46359
2019-06-14 12:15:41,477 INFO  replication.SimpleContainerDownloader (SimpleContainerDownloader.java:<init>(72)) - Starting container downloader service to copy containers to replicate.
2019-06-14 12:15:41,479 INFO  hdfs.DFSUtil (DFSUtil.java:httpServerTemplateForNNAndJN(1641)) - Starting Web-server for hddsDatanode at: http://0.0.0.0:0
2019-06-14 12:15:41,480 INFO  server.AuthenticationFilter (AuthenticationFilter.java:constructSecretProvider(240)) - Unable to initialize FileSignerSecretProvider, falling back to use random secrets.
2019-06-14 12:15:41,481 WARN  http.HttpRequestLog (HttpRequestLog.java:getRequestLog(97)) - Jetty request log can only be enabled using Log4j
2019-06-14 12:15:41,483 INFO  http.HttpServer2 (HttpServer2.java:addGlobalFilter(975)) - Added global filter 'safety' (class=org.apache.hadoop.http.HttpServer2$QuotingInputFilter)
2019-06-14 12:15:41,484 INFO  http.HttpServer2 (HttpServer2.java:addFilter(948)) - Added filter static_user_filter (class=org.apache.hadoop.http.lib.StaticUserWebFilter$StaticUserFilter) to context hddsDatanode
2019-06-14 12:15:41,484 INFO  http.HttpServer2 (HttpServer2.java:addFilter(958)) - Added filter static_user_filter (class=org.apache.hadoop.http.lib.StaticUserWebFilter$StaticUserFilter) to context logs
2019-06-14 12:15:41,484 INFO  http.HttpServer2 (HttpServer2.java:addFilter(958)) - Added filter static_user_filter (class=org.apache.hadoop.http.lib.StaticUserWebFilter$StaticUserFilter) to context static
2019-06-14 12:15:41,485 INFO  http.HttpServer2 (HttpServer2.java:bindListener(1191)) - Jetty bound to port 33583
2019-06-14 12:15:41,485 INFO  server.Server (Server.java:doStart(351)) - jetty-9.3.24.v20180605, build timestamp: 2018-06-05T17:11:56Z, git hash: 84205aa28f11a4f31f2a3b86d1bba2cc8ab69827
2019-06-14 12:15:41,502 INFO  handler.ContextHandler (ContextHandler.java:doStart(781)) - Started o.e.j.s.ServletContextHandler@48cd319d{/logs,file:///opt/src/hadoop-ozone/integration-test/target/log,AVAILABLE}
2019-06-14 12:15:41,503 INFO  handler.ContextHandler (ContextHandler.java:doStart(781)) - Started o.e.j.s.ServletContextHandler@4ef18604{/static,jar:file:/root/.m2/repository/org/apache/hadoop/hadoop-hdds-container-service/0.5.0-SNAPSHOT/hadoop-hdds-container-service-0.5.0-SNAPSHOT.jar!/webapps/static,AVAILABLE}
2019-06-14 12:15:41,534 INFO  handler.ContextHandler (ContextHandler.java:doStart(781)) - Started o.e.j.w.WebAppContext@543fe698{/,file:///tmp/jetty-0.0.0.0-33583-hddsDatanode-_-any-9042349724090084992.dir/webapp/,AVAILABLE}{/hddsDatanode}
2019-06-14 12:15:41,537 INFO  server.AbstractConnector (AbstractConnector.java:doStart(278)) - Started ServerConnector@6b2fdffc{HTTP/1.1,[http/1.1]}{0.0.0.0:33583}
2019-06-14 12:15:41,538 INFO  server.Server (Server.java:doStart(419)) - Started @6617ms
2019-06-14 12:15:41,539 INFO  server.BaseHttpServer (BaseHttpServer.java:updateConnectorAddress(207)) - HTTP server of HDDSDATANODE is listening at http://0.0.0.0:33583
2019-06-14 12:15:41,686 INFO  ozone.HddsDatanodeService (HddsDatanodeService.java:startPlugins(396)) - Started plug-in org.apache.hadoop.ozone.web.OzoneHddsDatanodeService@20256a0b
2019-06-14 12:15:41,689 INFO  impl.MetricsSystemImpl (MetricsSystemImpl.java:init(158)) - HddsDatanode metrics system started (again)
2019-06-14 12:15:41,690 INFO  ozone.HddsDatanodeService (HddsDatanodeService.java:start(185)) - HddsDatanodeService host:ozone-5z4sx-3769091767 ip:192.168.105.183
2019-06-14 12:15:41,722 INFO  volume.HddsVolume (HddsVolume.java:<init>(176)) - Creating Volume: /opt/src/hadoop-ozone/integration-test/target/test-dir/MiniOzoneClusterImpl-4ea2c975-d826-4495-8219-906e18966a0f/datanode-5/data/containers/hdds of  storage type : DISK and capacity : 104021790720
2019-06-14 12:15:41,723 INFO  util.JvmPauseMonitor (JvmPauseMonitor.java:run(188)) - Starting JVM pause monitor
2019-06-14 12:15:41,723 INFO  volume.VolumeSet (VolumeSet.java:initializeVolumeSet(170)) - Added Volume : /opt/src/hadoop-ozone/integration-test/target/test-dir/MiniOzoneClusterImpl-4ea2c975-d826-4495-8219-906e18966a0f/datanode-5/data/containers/hdds to VolumeSet
2019-06-14 12:15:41,723 INFO  volume.ThrottledAsyncChecker (ThrottledAsyncChecker.java:schedule(140)) - Scheduling a check for org.apache.hadoop.ozone.container.common.volume.HddsVolume@7364f68
2019-06-14 12:15:41,725 INFO  datanode.InitDatanodeState (InitDatanodeState.java:persistContainerDatanodeDetails(140)) - DatanodeDetails is persisted to /opt/src/hadoop-ozone/integration-test/target/test-dir/MiniOzoneClusterImpl-4ea2c975-d826-4495-8219-906e18966a0f/datanode-4/meta/datanode.id
2019-06-14 12:15:41,726 INFO  volume.HddsVolumeChecker (HddsVolumeChecker.java:checkAllVolumes(203)) - Scheduled health check for volume org.apache.hadoop.ozone.container.common.volume.HddsVolume@7364f68
2019-06-14 12:15:41,753 INFO  ratis.XceiverServerRatis (XceiverServerRatis.java:newXceiverServerRatis(401)) - Found a free port for the server : 37167
2019-06-14 12:15:41,754 INFO  impl.RaftServerProxy (ConfUtils.java:logGet(43)) - raft.rpc.type = GRPC (default)
2019-06-14 12:15:41,755 INFO  grpc.GrpcConfigKeys$Server (ConfUtils.java:logGet(43)) - raft.grpc.server.port = 37167 (custom)
2019-06-14 12:15:41,755 INFO  server.GrpcService (ConfUtils.java:logGet(43)) - raft.grpc.message.size.max = 33570816 (custom)
2019-06-14 12:15:41,755 INFO  server.RaftServerConfigKeys (ConfUtils.java:logGet(43)) - raft.server.log.appender.buffer.byte-limit = 33554432 (custom)
2019-06-14 12:15:41,755 INFO  server.GrpcService (ConfUtils.java:logGet(43)) - raft.grpc.flow.control.window = 1MB (=1048576) (default)
2019-06-14 12:15:41,756 INFO  server.RaftServerConfigKeys (ConfUtils.java:logGet(43)) - raft.server.rpc.request.timeout = 3000ms (default)
2019-06-14 12:15:41,756 INFO  server.RaftServerConfigKeys (ConfUtils.java:logGet(43)) - raft.server.storage.dir = [/opt/src/hadoop-ozone/integration-test/target/test-dir/MiniOzoneClusterImpl-4ea2c975-d826-4495-8219-906e18966a0f/datanode-5/data/ratis] (custom)
2019-06-14 12:15:41,756 INFO  server.XceiverServerGrpc (XceiverServerGrpc.java:<init>(97)) - Found a free port for the server : 34971
2019-06-14 12:15:41,757 INFO  replication.SimpleContainerDownloader (SimpleContainerDownloader.java:<init>(72)) - Starting container downloader service to copy containers to replicate.
2019-06-14 12:15:41,764 INFO  hdfs.DFSUtil (DFSUtil.java:httpServerTemplateForNNAndJN(1641)) - Starting Web-server for hddsDatanode at: http://0.0.0.0:0
2019-06-14 12:15:41,766 INFO  server.AuthenticationFilter (AuthenticationFilter.java:constructSecretProvider(240)) - Unable to initialize FileSignerSecretProvider, falling back to use random secrets.
2019-06-14 12:15:41,768 WARN  http.HttpRequestLog (HttpRequestLog.java:getRequestLog(97)) - Jetty request log can only be enabled using Log4j
2019-06-14 12:15:41,769 INFO  http.HttpServer2 (HttpServer2.java:addGlobalFilter(975)) - Added global filter 'safety' (class=org.apache.hadoop.http.HttpServer2$QuotingInputFilter)
2019-06-14 12:15:41,770 INFO  http.HttpServer2 (HttpServer2.java:addFilter(948)) - Added filter static_user_filter (class=org.apache.hadoop.http.lib.StaticUserWebFilter$StaticUserFilter) to context hddsDatanode
2019-06-14 12:15:41,770 INFO  http.HttpServer2 (HttpServer2.java:addFilter(958)) - Added filter static_user_filter (class=org.apache.hadoop.http.lib.StaticUserWebFilter$StaticUserFilter) to context logs
2019-06-14 12:15:41,770 INFO  http.HttpServer2 (HttpServer2.java:addFilter(958)) - Added filter static_user_filter (class=org.apache.hadoop.http.lib.StaticUserWebFilter$StaticUserFilter) to context static
2019-06-14 12:15:41,771 INFO  http.HttpServer2 (HttpServer2.java:bindListener(1191)) - Jetty bound to port 35517
2019-06-14 12:15:41,771 INFO  server.Server (Server.java:doStart(351)) - jetty-9.3.24.v20180605, build timestamp: 2018-06-05T17:11:56Z, git hash: 84205aa28f11a4f31f2a3b86d1bba2cc8ab69827
2019-06-14 12:15:41,783 INFO  handler.ContextHandler (ContextHandler.java:doStart(781)) - Started o.e.j.s.ServletContextHandler@5122e4bf{/logs,file:///opt/src/hadoop-ozone/integration-test/target/log,AVAILABLE}
2019-06-14 12:15:41,783 INFO  handler.ContextHandler (ContextHandler.java:doStart(781)) - Started o.e.j.s.ServletContextHandler@58a7dc4{/static,jar:file:/root/.m2/repository/org/apache/hadoop/hadoop-hdds-container-service/0.5.0-SNAPSHOT/hadoop-hdds-container-service-0.5.0-SNAPSHOT.jar!/webapps/static,AVAILABLE}
2019-06-14 12:15:41,839 INFO  handler.ContextHandler (ContextHandler.java:doStart(781)) - Started o.e.j.w.WebAppContext@578c3fd9{/,file:///tmp/jetty-0.0.0.0-35517-hddsDatanode-_-any-5073746411146796007.dir/webapp/,AVAILABLE}{/hddsDatanode}
2019-06-14 12:15:41,840 INFO  server.AbstractConnector (AbstractConnector.java:doStart(278)) - Started ServerConnector@6480a089{HTTP/1.1,[http/1.1]}{0.0.0.0:35517}
2019-06-14 12:15:41,841 INFO  server.Server (Server.java:doStart(419)) - Started @6919ms
2019-06-14 12:15:41,847 INFO  server.BaseHttpServer (BaseHttpServer.java:updateConnectorAddress(207)) - HTTP server of HDDSDATANODE is listening at http://0.0.0.0:35517
2019-06-14 12:15:42,193 INFO  ozoneimpl.OzoneContainer (OzoneContainer.java:start(186)) - Attempting to start container services.
2019-06-14 12:15:42,193 INFO  ozoneimpl.OzoneContainer (OzoneContainer.java:startContainerScrub(160)) - Background container scrubber has been disabled by hdds.containerscrub.enabled
2019-06-14 12:15:42,193 INFO  ratis.XceiverServerRatis (XceiverServerRatis.java:start(418)) - Starting XceiverServerRatis 682067a8-b68c-4674-bf53-611232968af1 at port 40955
2019-06-14 12:15:42,210 INFO  ozone.HddsDatanodeService (HddsDatanodeService.java:startPlugins(396)) - Started plug-in org.apache.hadoop.ozone.web.OzoneHddsDatanodeService@9263c54
2019-06-14 12:15:42,230 INFO  ozone.MiniOzoneClusterImpl (MiniOzoneClusterImpl.java:lambda$waitForClusterToBeReady$0(142)) - Waiting for cluster to be ready. Got 0 of 6 DN Heartbeats.
2019-06-14 12:15:42,231 INFO  impl.RaftServerProxy (RaftServerProxy.java:lambda$start$3(299)) - 682067a8-b68c-4674-bf53-611232968af1: start RPC server
2019-06-14 12:15:42,277 INFO  util.JvmPauseMonitor (JvmPauseMonitor.java:run(188)) - Starting JVM pause monitor
2019-06-14 12:15:42,287 INFO  datanode.InitDatanodeState (InitDatanodeState.java:persistContainerDatanodeDetails(140)) - DatanodeDetails is persisted to /opt/src/hadoop-ozone/integration-test/target/test-dir/MiniOzoneClusterImpl-4ea2c975-d826-4495-8219-906e18966a0f/datanode-5/meta/datanode.id
2019-06-14 12:15:42,400 INFO  server.GrpcService (GrpcService.java:startImpl(148)) - 682067a8-b68c-4674-bf53-611232968af1: GrpcService started, listening on 0.0.0.0/0.0.0.0:40955
2019-06-14 12:15:42,605 INFO  ozoneimpl.OzoneContainer (OzoneContainer.java:start(186)) - Attempting to start container services.
2019-06-14 12:15:42,606 INFO  ozoneimpl.OzoneContainer (OzoneContainer.java:startContainerScrub(160)) - Background container scrubber has been disabled by hdds.containerscrub.enabled
2019-06-14 12:15:42,606 INFO  ratis.XceiverServerRatis (XceiverServerRatis.java:start(418)) - Starting XceiverServerRatis aaf9ed50-98cf-4206-a044-8700576ca76b at port 34093
2019-06-14 12:15:42,612 INFO  impl.RaftServerProxy (RaftServerProxy.java:lambda$start$3(299)) - aaf9ed50-98cf-4206-a044-8700576ca76b: start RPC server
2019-06-14 12:15:42,614 INFO  server.GrpcService (GrpcService.java:startImpl(148)) - aaf9ed50-98cf-4206-a044-8700576ca76b: GrpcService started, listening on 0.0.0.0/0.0.0.0:34093
2019-06-14 12:15:42,991 INFO  ozoneimpl.OzoneContainer (OzoneContainer.java:start(186)) - Attempting to start container services.
2019-06-14 12:15:42,992 INFO  ozoneimpl.OzoneContainer (OzoneContainer.java:startContainerScrub(160)) - Background container scrubber has been disabled by hdds.containerscrub.enabled
2019-06-14 12:15:42,993 INFO  ratis.XceiverServerRatis (XceiverServerRatis.java:start(418)) - Starting XceiverServerRatis db59158f-0b39-4504-803a-4c8bf02f58d8 at port 46387
2019-06-14 12:15:43,009 INFO  impl.RaftServerProxy (RaftServerProxy.java:lambda$start$3(299)) - db59158f-0b39-4504-803a-4c8bf02f58d8: start RPC server
2019-06-14 12:15:43,012 INFO  server.GrpcService (GrpcService.java:startImpl(148)) - db59158f-0b39-4504-803a-4c8bf02f58d8: GrpcService started, listening on 0.0.0.0/0.0.0.0:46387
2019-06-14 12:15:43,231 INFO  ozone.MiniOzoneClusterImpl (MiniOzoneClusterImpl.java:lambda$waitForClusterToBeReady$0(142)) - Waiting for cluster to be ready. Got 0 of 6 DN Heartbeats.
2019-06-14 12:15:43,420 INFO  ozoneimpl.OzoneContainer (OzoneContainer.java:start(186)) - Attempting to start container services.
2019-06-14 12:15:43,422 INFO  ozoneimpl.OzoneContainer (OzoneContainer.java:startContainerScrub(160)) - Background container scrubber has been disabled by hdds.containerscrub.enabled
2019-06-14 12:15:43,422 INFO  ratis.XceiverServerRatis (XceiverServerRatis.java:start(418)) - Starting XceiverServerRatis 1688be03-17bf-4d9f-8f5b-99d104c3259a at port 44509
2019-06-14 12:15:43,438 INFO  impl.RaftServerProxy (RaftServerProxy.java:lambda$start$3(299)) - 1688be03-17bf-4d9f-8f5b-99d104c3259a: start RPC server
2019-06-14 12:15:43,457 INFO  server.GrpcService (GrpcService.java:startImpl(148)) - 1688be03-17bf-4d9f-8f5b-99d104c3259a: GrpcService started, listening on 0.0.0.0/0.0.0.0:44509
2019-06-14 12:15:43,728 INFO  ozoneimpl.OzoneContainer (OzoneContainer.java:start(186)) - Attempting to start container services.
2019-06-14 12:15:43,730 INFO  ozoneimpl.OzoneContainer (OzoneContainer.java:startContainerScrub(160)) - Background container scrubber has been disabled by hdds.containerscrub.enabled
2019-06-14 12:15:43,730 INFO  ratis.XceiverServerRatis (XceiverServerRatis.java:start(418)) - Starting XceiverServerRatis 56665e1f-8527-4c8d-9b25-b26c363fb5e1 at port 45195
2019-06-14 12:15:43,740 INFO  impl.RaftServerProxy (RaftServerProxy.java:lambda$start$3(299)) - 56665e1f-8527-4c8d-9b25-b26c363fb5e1: start RPC server
2019-06-14 12:15:43,744 INFO  server.GrpcService (GrpcService.java:startImpl(148)) - 56665e1f-8527-4c8d-9b25-b26c363fb5e1: GrpcService started, listening on 0.0.0.0/0.0.0.0:45195
2019-06-14 12:15:44,159 INFO  node.SCMNodeManager (SCMNodeManager.java:register(234)) - Registered Data node : 682067a8-b68c-4674-bf53-611232968af1{ip: 192.168.105.183, host: ozone-5z4sx-3769091767, networkLocation: /default-rack, certSerialId: null}
2019-06-14 12:15:44,171 INFO  safemode.SCMSafeModeManager (DataNodeSafeModeRule.java:process(71)) - SCM in safe mode. 1 DataNodes registered, 1 required.
2019-06-14 12:15:44,174 INFO  safemode.SCMSafeModeManager (SCMSafeModeManager.java:validateSafeModeExitRules(177)) - ScmSafeModeManager, all rules are successfully validated
2019-06-14 12:15:44,175 INFO  safemode.SCMSafeModeManager (SCMSafeModeManager.java:exitSafeMode(193)) - SCM exiting safe mode.
2019-06-14 12:15:44,231 INFO  ozone.MiniOzoneClusterImpl (MiniOzoneClusterImpl.java:lambda$waitForClusterToBeReady$0(142)) - Waiting for cluster to be ready. Got 1 of 6 DN Heartbeats.
2019-06-14 12:15:44,282 INFO  ozoneimpl.OzoneContainer (OzoneContainer.java:start(186)) - Attempting to start container services.
2019-06-14 12:15:44,285 INFO  ozoneimpl.OzoneContainer (OzoneContainer.java:startContainerScrub(160)) - Background container scrubber has been disabled by hdds.containerscrub.enabled
2019-06-14 12:15:44,285 INFO  ratis.XceiverServerRatis (XceiverServerRatis.java:start(418)) - Starting XceiverServerRatis 0cda71be-0a83-4948-8e8d-692a331f59fe at port 37167
2019-06-14 12:15:44,291 INFO  impl.RaftServerProxy (RaftServerProxy.java:lambda$start$3(299)) - 0cda71be-0a83-4948-8e8d-692a331f59fe: start RPC server
2019-06-14 12:15:44,295 INFO  server.GrpcService (GrpcService.java:startImpl(148)) - 0cda71be-0a83-4948-8e8d-692a331f59fe: GrpcService started, listening on 0.0.0.0/0.0.0.0:37167
2019-06-14 12:15:44,617 INFO  node.SCMNodeManager (SCMNodeManager.java:register(234)) - Registered Data node : aaf9ed50-98cf-4206-a044-8700576ca76b{ip: 192.168.105.183, host: ozone-5z4sx-3769091767, networkLocation: /default-rack, certSerialId: null}
2019-06-14 12:15:44,700 INFO  impl.RaftServerProxy (RaftServerProxy.java:addNew(89)) - 682067a8-b68c-4674-bf53-611232968af1: addNew group-31517484272E:[682067a8-b68c-4674-bf53-611232968af1:192.168.105.183:40955] returns group-31517484272E:java.util.concurrent.CompletableFuture@7cc57488[Not completed]
2019-06-14 12:15:44,710 INFO  impl.RaftServerImpl (RaftServerImpl.java:<init>(91)) - 682067a8-b68c-4674-bf53-611232968af1: new RaftServerImpl for group-31517484272E:[682067a8-b68c-4674-bf53-611232968af1:192.168.105.183:40955] with ContainerStateMachine:uninitialized
2019-06-14 12:15:44,711 INFO  server.RaftServerConfigKeys (ConfUtils.java:logGet(43)) - raft.server.rpc.timeout.min = 1s (custom)
2019-06-14 12:15:44,711 INFO  server.RaftServerConfigKeys (ConfUtils.java:logGet(43)) - raft.server.rpc.timeout.max = 1200ms (custom)
2019-06-14 12:15:44,712 INFO  server.RaftServerConfigKeys (ConfUtils.java:logGet(43)) - raft.server.rpcslowness.timeout = 10s (custom)
2019-06-14 12:15:44,719 INFO  server.RaftServerConfigKeys (ConfUtils.java:logGet(43)) - raft.server.log.appender.install.snapshot.enabled = true (default)
2019-06-14 12:15:44,727 INFO  impl.RaftServerImpl (ServerState.java:<init>(101)) - 682067a8-b68c-4674-bf53-611232968af1:group-31517484272E ConfigurationManager, init=-1: [682067a8-b68c-4674-bf53-611232968af1:192.168.105.183:40955], old=null, confs=<EMPTY_MAP>
2019-06-14 12:15:44,727 INFO  server.RaftServerConfigKeys (ConfUtils.java:logGet(43)) - raft.server.storage.dir = [/opt/src/hadoop-ozone/integration-test/target/test-dir/MiniOzoneClusterImpl-4ea2c975-d826-4495-8219-906e18966a0f/datanode-0/data/ratis] (custom)
2019-06-14 12:15:44,735 INFO  storage.RaftStorageDirectory (RaftStorageDirectory.java:analyzeStorage(246)) - The storage directory /opt/src/hadoop-ozone/integration-test/target/test-dir/MiniOzoneClusterImpl-4ea2c975-d826-4495-8219-906e18966a0f/datanode-0/data/ratis/a7776443-fab3-4403-a599-31517484272e does not exist. Creating ...
2019-06-14 12:15:44,915 INFO  storage.RaftStorageDirectory (RaftStorageDirectory.java:tryLock(328)) - Lock on /opt/src/hadoop-ozone/integration-test/target/test-dir/MiniOzoneClusterImpl-4ea2c975-d826-4495-8219-906e18966a0f/datanode-0/data/ratis/a7776443-fab3-4403-a599-31517484272e/in_use.lock acquired by nodename 10068@ozone-5z4sx-3769091767
2019-06-14 12:15:44,919 INFO  storage.RaftStorage (RaftStorage.java:format(75)) - Storage directory /opt/src/hadoop-ozone/integration-test/target/test-dir/MiniOzoneClusterImpl-4ea2c975-d826-4495-8219-906e18966a0f/datanode-0/data/ratis/a7776443-fab3-4403-a599-31517484272e has been successfully formatted.
2019-06-14 12:15:44,921 INFO  ratis.ContainerStateMachine (ContainerStateMachine.java:loadSnapshot(199)) - The snapshot info is null.Setting the last applied index to:(t:0, i:~)
2019-06-14 12:15:44,922 INFO  server.RaftServerConfigKeys (ConfUtils.java:logGet(43)) - raft.server.leader.election.timeout = 10s (custom)
2019-06-14 12:15:44,924 INFO  server.RaftServerConfigKeys (ConfUtils.java:logGet(43)) - raft.server.log.use.memory = false (default)
2019-06-14 12:15:44,926 INFO  server.RaftServerConfigKeys (ConfUtils.java:logGet(43)) - raft.server.log.appender.buffer.byte-limit = 33554432 (custom)
2019-06-14 12:15:44,930 INFO  server.RaftServerConfigKeys (ConfUtils.java:logGet(43)) - raft.server.log.segment.size.max = 16384 (custom)
2019-06-14 12:15:44,935 INFO  server.RaftServerConfigKeys (ConfUtils.java:logGet(43)) - raft.server.log.segment.cache.num.max = 2 (custom)
2019-06-14 12:15:44,938 INFO  storage.RaftLogWorker (RaftLogWorker.java:<init>(123)) - new 682067a8-b68c-4674-bf53-611232968af1-RaftLogWorker for Storage Directory /opt/src/hadoop-ozone/integration-test/target/test-dir/MiniOzoneClusterImpl-4ea2c975-d826-4495-8219-906e18966a0f/datanode-0/data/ratis/a7776443-fab3-4403-a599-31517484272e
2019-06-14 12:15:44,938 INFO  server.RaftServerConfigKeys (ConfUtils.java:logGet(43)) - raft.server.log.queue.byte-limit = 2147483647 (custom)
2019-06-14 12:15:44,939 INFO  server.RaftServerConfigKeys (ConfUtils.java:logGet(43)) - raft.server.log.queue.element-limit = 1024 (custom)
2019-06-14 12:15:44,941 INFO  server.RaftServerConfigKeys (ConfUtils.java:logGet(43)) - raft.server.log.segment.size.max = 16384 (custom)
2019-06-14 12:15:44,941 INFO  server.RaftServerConfigKeys (ConfUtils.java:logGet(43)) - raft.server.log.preallocated.size = 16384 (custom)
2019-06-14 12:15:44,942 INFO  server.RaftServerConfigKeys (ConfUtils.java:logGet(43)) - raft.server.log.write.buffer.size = 33554432 (custom)
2019-06-14 12:15:44,942 INFO  server.RaftServerConfigKeys (ConfUtils.java:logGet(43)) - raft.server.log.force.sync.num = 128 (default)
2019-06-14 12:15:44,944 INFO  server.RaftServerConfigKeys (ConfUtils.java:logGet(43)) - raft.server.log.statemachine.data.sync = true (default)
2019-06-14 12:15:44,944 INFO  server.RaftServerConfigKeys (ConfUtils.java:logGet(43)) - raft.server.log.statemachine.data.sync.timeout = 10s (default)
2019-06-14 12:15:44,945 INFO  server.RaftServerConfigKeys (ConfUtils.java:logGet(43)) - raft.server.log.statemachine.data.sync.timeout.retry = -1 (default)
2019-06-14 12:15:44,947 INFO  server.RaftServerConfigKeys (ConfUtils.java:logGet(43)) - raft.server.log.statemachine.data.caching.enabled = true (custom)
2019-06-14 12:15:44,958 INFO  server.RaftServerConfigKeys (ConfUtils.java:logGet(43)) - raft.server.snapshot.auto.trigger.enabled = true (custom)
2019-06-14 12:15:44,959 INFO  server.RaftServerConfigKeys (ConfUtils.java:logGet(43)) - raft.server.snapshot.auto.trigger.threshold = 10000 (custom)
2019-06-14 12:15:44,967 INFO  server.RaftServerConfigKeys (ConfUtils.java:logGet(43)) - raft.server.retrycache.expirytime = 600000ms (custom)
2019-06-14 12:15:44,988 INFO  impl.RaftServerImpl (RaftServerImpl.java:start(173)) - 682067a8-b68c-4674-bf53-611232968af1: start group-31517484272E
2019-06-14 12:15:44,989 INFO  impl.RaftServerImpl (RaftServerImpl.java:setRole(164)) - 682067a8-b68c-4674-bf53-611232968af1:group-31517484272E changes role from null to FOLLOWER at term 0 for startAsFollower
2019-06-14 12:15:44,993 INFO  impl.RoleInfo (RoleInfo.java:updateAndGet(143)) - 682067a8-b68c-4674-bf53-611232968af1: start FollowerState
2019-06-14 12:15:44,994 INFO  node.SCMNodeManager (SCMNodeManager.java:register(234)) - Registered Data node : db59158f-0b39-4504-803a-4c8bf02f58d8{ip: 192.168.105.183, host: ozone-5z4sx-3769091767, networkLocation: /default-rack, certSerialId: null}
2019-06-14 12:15:44,995 INFO  util.JmxRegister (JmxRegister.java:tryRegister(44)) - Successfully registered JMX Bean with object name Ratis:service=RaftServer,group=group-31517484272E,id=682067a8-b68c-4674-bf53-611232968af1
2019-06-14 12:15:45,084 INFO  pipeline.PipelineStateManager (PipelineStateManager.java:addPipeline(56)) - Created pipeline Pipeline[ Id: a7776443-fab3-4403-a599-31517484272e, Nodes: 682067a8-b68c-4674-bf53-611232968af1{ip: 192.168.105.183, host: ozone-5z4sx-3769091767, networkLocation: /default-rack, certSerialId: null}, Type:RATIS, Factor:ONE, State:OPEN]
2019-06-14 12:15:45,127 INFO  impl.RaftServerProxy (RaftServerProxy.java:addNew(89)) - aaf9ed50-98cf-4206-a044-8700576ca76b: addNew group-4B33E55CAEF3:[aaf9ed50-98cf-4206-a044-8700576ca76b:192.168.105.183:34093] returns group-4B33E55CAEF3:java.util.concurrent.CompletableFuture@71335820[Not completed]
2019-06-14 12:15:45,129 INFO  impl.RaftServerImpl (RaftServerImpl.java:<init>(91)) - aaf9ed50-98cf-4206-a044-8700576ca76b: new RaftServerImpl for group-4B33E55CAEF3:[aaf9ed50-98cf-4206-a044-8700576ca76b:192.168.105.183:34093] with ContainerStateMachine:uninitialized
2019-06-14 12:15:45,131 INFO  server.RaftServerConfigKeys (ConfUtils.java:logGet(43)) - raft.server.rpc.timeout.min = 1s (custom)
2019-06-14 12:15:45,131 INFO  server.RaftServerConfigKeys (ConfUtils.java:logGet(43)) - raft.server.rpc.timeout.max = 1200ms (custom)
2019-06-14 12:15:45,131 INFO  server.RaftServerConfigKeys (ConfUtils.java:logGet(43)) - raft.server.rpcslowness.timeout = 10s (custom)
2019-06-14 12:15:45,131 INFO  server.RaftServerConfigKeys (ConfUtils.java:logGet(43)) - raft.server.log.appender.install.snapshot.enabled = true (default)
2019-06-14 12:15:45,131 INFO  impl.RaftServerImpl (ServerState.java:<init>(101)) - aaf9ed50-98cf-4206-a044-8700576ca76b:group-4B33E55CAEF3 ConfigurationManager, init=-1: [aaf9ed50-98cf-4206-a044-8700576ca76b:192.168.105.183:34093], old=null, confs=<EMPTY_MAP>
2019-06-14 12:15:45,131 INFO  server.RaftServerConfigKeys (ConfUtils.java:logGet(43)) - raft.server.storage.dir = [/opt/src/hadoop-ozone/integration-test/target/test-dir/MiniOzoneClusterImpl-4ea2c975-d826-4495-8219-906e18966a0f/datanode-1/data/ratis] (custom)
2019-06-14 12:15:45,132 INFO  storage.RaftStorageDirectory (RaftStorageDirectory.java:analyzeStorage(246)) - The storage directory /opt/src/hadoop-ozone/integration-test/target/test-dir/MiniOzoneClusterImpl-4ea2c975-d826-4495-8219-906e18966a0f/datanode-1/data/ratis/a8543008-d2e2-4aa4-a664-4b33e55caef3 does not exist. Creating ...
2019-06-14 12:15:45,136 INFO  storage.RaftStorageDirectory (RaftStorageDirectory.java:tryLock(328)) - Lock on /opt/src/hadoop-ozone/integration-test/target/test-dir/MiniOzoneClusterImpl-4ea2c975-d826-4495-8219-906e18966a0f/datanode-1/data/ratis/a8543008-d2e2-4aa4-a664-4b33e55caef3/in_use.lock acquired by nodename 10068@ozone-5z4sx-3769091767
2019-06-14 12:15:45,139 INFO  storage.RaftStorage (RaftStorage.java:format(75)) - Storage directory /opt/src/hadoop-ozone/integration-test/target/test-dir/MiniOzoneClusterImpl-4ea2c975-d826-4495-8219-906e18966a0f/datanode-1/data/ratis/a8543008-d2e2-4aa4-a664-4b33e55caef3 has been successfully formatted.
2019-06-14 12:15:45,140 INFO  ratis.ContainerStateMachine (ContainerStateMachine.java:loadSnapshot(199)) - The snapshot info is null.Setting the last applied index to:(t:0, i:~)
2019-06-14 12:15:45,142 INFO  server.RaftServerConfigKeys (ConfUtils.java:logGet(43)) - raft.server.leader.election.timeout = 10s (custom)
2019-06-14 12:15:45,142 INFO  server.RaftServerConfigKeys (ConfUtils.java:logGet(43)) - raft.server.log.use.memory = false (default)
2019-06-14 12:15:45,142 INFO  server.RaftServerConfigKeys (ConfUtils.java:logGet(43)) - raft.server.log.appender.buffer.byte-limit = 33554432 (custom)
2019-06-14 12:15:45,142 INFO  server.RaftServerConfigKeys (ConfUtils.java:logGet(43)) - raft.server.log.segment.size.max = 16384 (custom)
2019-06-14 12:15:45,142 INFO  server.RaftServerConfigKeys (ConfUtils.java:logGet(43)) - raft.server.log.segment.cache.num.max = 2 (custom)
2019-06-14 12:15:45,143 INFO  storage.RaftLogWorker (RaftLogWorker.java:<init>(123)) - new aaf9ed50-98cf-4206-a044-8700576ca76b-RaftLogWorker for Storage Directory /opt/src/hadoop-ozone/integration-test/target/test-dir/MiniOzoneClusterImpl-4ea2c975-d826-4495-8219-906e18966a0f/datanode-1/data/ratis/a8543008-d2e2-4aa4-a664-4b33e55caef3
2019-06-14 12:15:45,144 INFO  server.RaftServerConfigKeys (ConfUtils.java:logGet(43)) - raft.server.log.queue.byte-limit = 2147483647 (custom)
2019-06-14 12:15:45,144 INFO  server.RaftServerConfigKeys (ConfUtils.java:logGet(43)) - raft.server.log.queue.element-limit = 1024 (custom)
2019-06-14 12:15:45,144 INFO  server.RaftServerConfigKeys (ConfUtils.java:logGet(43)) - raft.server.log.segment.size.max = 16384 (custom)
2019-06-14 12:15:45,144 INFO  server.RaftServerConfigKeys (ConfUtils.java:logGet(43)) - raft.server.log.preallocated.size = 16384 (custom)
2019-06-14 12:15:45,144 INFO  server.RaftServerConfigKeys (ConfUtils.java:logGet(43)) - raft.server.log.write.buffer.size = 33554432 (custom)
2019-06-14 12:15:45,144 INFO  server.RaftServerConfigKeys (ConfUtils.java:logGet(43)) - raft.server.log.force.sync.num = 128 (default)
2019-06-14 12:15:45,144 INFO  server.RaftServerConfigKeys (ConfUtils.java:logGet(43)) - raft.server.log.statemachine.data.sync = true (default)
2019-06-14 12:15:45,145 INFO  server.RaftServerConfigKeys (ConfUtils.java:logGet(43)) - raft.server.log.statemachine.data.sync.timeout = 10s (default)
2019-06-14 12:15:45,145 INFO  server.RaftServerConfigKeys (ConfUtils.java:logGet(43)) - raft.server.log.statemachine.data.sync.timeout.retry = -1 (default)
2019-06-14 12:15:45,145 INFO  server.RaftServerConfigKeys (ConfUtils.java:logGet(43)) - raft.server.log.statemachine.data.caching.enabled = true (custom)
2019-06-14 12:15:45,149 INFO  server.RaftServerConfigKeys (ConfUtils.java:logGet(43)) - raft.server.snapshot.auto.trigger.enabled = true (custom)
2019-06-14 12:15:45,149 INFO  server.RaftServerConfigKeys (ConfUtils.java:logGet(43)) - raft.server.snapshot.auto.trigger.threshold = 10000 (custom)
2019-06-14 12:15:45,149 INFO  server.RaftServerConfigKeys (ConfUtils.java:logGet(43)) - raft.server.retrycache.expirytime = 600000ms (custom)
2019-06-14 12:15:45,149 INFO  impl.RaftServerImpl (RaftServerImpl.java:start(173)) - aaf9ed50-98cf-4206-a044-8700576ca76b: start group-4B33E55CAEF3
2019-06-14 12:15:45,149 INFO  impl.RaftServerImpl (RaftServerImpl.java:setRole(164)) - aaf9ed50-98cf-4206-a044-8700576ca76b:group-4B33E55CAEF3 changes role from null to FOLLOWER at term 0 for startAsFollower
2019-06-14 12:15:45,150 INFO  impl.RoleInfo (RoleInfo.java:updateAndGet(143)) - aaf9ed50-98cf-4206-a044-8700576ca76b: start FollowerState
2019-06-14 12:15:45,153 INFO  util.JmxRegister (JmxRegister.java:tryRegister(44)) - Successfully registered JMX Bean with object name Ratis:service=RaftServer,group=group-4B33E55CAEF3,id=aaf9ed50-98cf-4206-a044-8700576ca76b
2019-06-14 12:15:45,169 INFO  pipeline.PipelineStateManager (PipelineStateManager.java:addPipeline(56)) - Created pipeline Pipeline[ Id: a8543008-d2e2-4aa4-a664-4b33e55caef3, Nodes: aaf9ed50-98cf-4206-a044-8700576ca76b{ip: 192.168.105.183, host: ozone-5z4sx-3769091767, networkLocation: /default-rack, certSerialId: null}, Type:RATIS, Factor:ONE, State:OPEN]
2019-06-14 12:15:45,200 INFO  impl.RaftServerProxy (RaftServerProxy.java:addNew(89)) - db59158f-0b39-4504-803a-4c8bf02f58d8: addNew group-8DDDB1FEFBAC:[db59158f-0b39-4504-803a-4c8bf02f58d8:192.168.105.183:46387] returns group-8DDDB1FEFBAC:java.util.concurrent.CompletableFuture@44e097ca[Not completed]
2019-06-14 12:15:45,235 INFO  ozone.MiniOzoneClusterImpl (MiniOzoneClusterImpl.java:lambda$waitForClusterToBeReady$0(142)) - Waiting for cluster to be ready. Got 3 of 6 DN Heartbeats.
2019-06-14 12:15:45,235 INFO  impl.RaftServerImpl (RaftServerImpl.java:<init>(91)) - db59158f-0b39-4504-803a-4c8bf02f58d8: new RaftServerImpl for group-8DDDB1FEFBAC:[db59158f-0b39-4504-803a-4c8bf02f58d8:192.168.105.183:46387] with ContainerStateMachine:uninitialized
2019-06-14 12:15:45,235 INFO  server.RaftServerConfigKeys (ConfUtils.java:logGet(43)) - raft.server.rpc.timeout.min = 1s (custom)
2019-06-14 12:15:45,236 INFO  server.RaftServerConfigKeys (ConfUtils.java:logGet(43)) - raft.server.rpc.timeout.max = 1200ms (custom)
2019-06-14 12:15:45,236 INFO  server.RaftServerConfigKeys (ConfUtils.java:logGet(43)) - raft.server.rpcslowness.timeout = 10s (custom)
2019-06-14 12:15:45,236 INFO  server.RaftServerConfigKeys (ConfUtils.java:logGet(43)) - raft.server.log.appender.install.snapshot.enabled = true (default)
2019-06-14 12:15:45,236 INFO  impl.RaftServerImpl (ServerState.java:<init>(101)) - db59158f-0b39-4504-803a-4c8bf02f58d8:group-8DDDB1FEFBAC ConfigurationManager, init=-1: [db59158f-0b39-4504-803a-4c8bf02f58d8:192.168.105.183:46387], old=null, confs=<EMPTY_MAP>
2019-06-14 12:15:45,236 INFO  server.RaftServerConfigKeys (ConfUtils.java:logGet(43)) - raft.server.storage.dir = [/opt/src/hadoop-ozone/integration-test/target/test-dir/MiniOzoneClusterImpl-4ea2c975-d826-4495-8219-906e18966a0f/datanode-2/data/ratis] (custom)
2019-06-14 12:15:45,236 INFO  storage.RaftStorageDirectory (RaftStorageDirectory.java:analyzeStorage(246)) - The storage directory /opt/src/hadoop-ozone/integration-test/target/test-dir/MiniOzoneClusterImpl-4ea2c975-d826-4495-8219-906e18966a0f/datanode-2/data/ratis/381d8588-1efe-4350-9f9b-8dddb1fefbac does not exist. Creating ...
2019-06-14 12:15:45,238 INFO  storage.RaftStorageDirectory (RaftStorageDirectory.java:tryLock(328)) - Lock on /opt/src/hadoop-ozone/integration-test/target/test-dir/MiniOzoneClusterImpl-4ea2c975-d826-4495-8219-906e18966a0f/datanode-2/data/ratis/381d8588-1efe-4350-9f9b-8dddb1fefbac/in_use.lock acquired by nodename 10068@ozone-5z4sx-3769091767
2019-06-14 12:15:45,242 INFO  storage.RaftStorage (RaftStorage.java:format(75)) - Storage directory /opt/src/hadoop-ozone/integration-test/target/test-dir/MiniOzoneClusterImpl-4ea2c975-d826-4495-8219-906e18966a0f/datanode-2/data/ratis/381d8588-1efe-4350-9f9b-8dddb1fefbac has been successfully formatted.
2019-06-14 12:15:45,242 INFO  ratis.ContainerStateMachine (ContainerStateMachine.java:loadSnapshot(199)) - The snapshot info is null.Setting the last applied index to:(t:0, i:~)
2019-06-14 12:15:45,242 INFO  server.RaftServerConfigKeys (ConfUtils.java:logGet(43)) - raft.server.leader.election.timeout = 10s (custom)
2019-06-14 12:15:45,242 INFO  server.RaftServerConfigKeys (ConfUtils.java:logGet(43)) - raft.server.log.use.memory = false (default)
2019-06-14 12:15:45,242 INFO  server.RaftServerConfigKeys (ConfUtils.java:logGet(43)) - raft.server.log.appender.buffer.byte-limit = 33554432 (custom)
2019-06-14 12:15:45,242 INFO  server.RaftServerConfigKeys (ConfUtils.java:logGet(43)) - raft.server.log.segment.size.max = 16384 (custom)
2019-06-14 12:15:45,243 INFO  server.RaftServerConfigKeys (ConfUtils.java:logGet(43)) - raft.server.log.segment.cache.num.max = 2 (custom)
2019-06-14 12:15:45,243 INFO  storage.RaftLogWorker (RaftLogWorker.java:<init>(123)) - new db59158f-0b39-4504-803a-4c8bf02f58d8-RaftLogWorker for Storage Directory /opt/src/hadoop-ozone/integration-test/target/test-dir/MiniOzoneClusterImpl-4ea2c975-d826-4495-8219-906e18966a0f/datanode-2/data/ratis/381d8588-1efe-4350-9f9b-8dddb1fefbac
2019-06-14 12:15:45,243 INFO  server.RaftServerConfigKeys (ConfUtils.java:logGet(43)) - raft.server.log.queue.byte-limit = 2147483647 (custom)
2019-06-14 12:15:45,243 INFO  server.RaftServerConfigKeys (ConfUtils.java:logGet(43)) - raft.server.log.queue.element-limit = 1024 (custom)
2019-06-14 12:15:45,245 INFO  server.RaftServerConfigKeys (ConfUtils.java:logGet(43)) - raft.server.log.segment.size.max = 16384 (custom)
2019-06-14 12:15:45,245 INFO  server.RaftServerConfigKeys (ConfUtils.java:logGet(43)) - raft.server.log.preallocated.size = 16384 (custom)
2019-06-14 12:15:45,245 INFO  server.RaftServerConfigKeys (ConfUtils.java:logGet(43)) - raft.server.log.write.buffer.size = 33554432 (custom)
2019-06-14 12:15:45,245 INFO  server.RaftServerConfigKeys (ConfUtils.java:logGet(43)) - raft.server.log.force.sync.num = 128 (default)
2019-06-14 12:15:45,245 INFO  server.RaftServerConfigKeys (ConfUtils.java:logGet(43)) - raft.server.log.statemachine.data.sync = true (default)
2019-06-14 12:15:45,246 INFO  server.RaftServerConfigKeys (ConfUtils.java:logGet(43)) - raft.server.log.statemachine.data.sync.timeout = 10s (default)
2019-06-14 12:15:45,246 INFO  server.RaftServerConfigKeys (ConfUtils.java:logGet(43)) - raft.server.log.statemachine.data.sync.timeout.retry = -1 (default)
2019-06-14 12:15:45,246 INFO  server.RaftServerConfigKeys (ConfUtils.java:logGet(43)) - raft.server.log.statemachine.data.caching.enabled = true (custom)
2019-06-14 12:15:45,246 INFO  server.RaftServerConfigKeys (ConfUtils.java:logGet(43)) - raft.server.snapshot.auto.trigger.enabled = true (custom)
2019-06-14 12:15:45,246 INFO  server.RaftServerConfigKeys (ConfUtils.java:logGet(43)) - raft.server.snapshot.auto.trigger.threshold = 10000 (custom)
2019-06-14 12:15:45,246 INFO  server.RaftServerConfigKeys (ConfUtils.java:logGet(43)) - raft.server.retrycache.expirytime = 600000ms (custom)
2019-06-14 12:15:45,247 INFO  impl.RaftServerImpl (RaftServerImpl.java:start(173)) - db59158f-0b39-4504-803a-4c8bf02f58d8: start group-8DDDB1FEFBAC
2019-06-14 12:15:45,247 INFO  impl.RaftServerImpl (RaftServerImpl.java:setRole(164)) - db59158f-0b39-4504-803a-4c8bf02f58d8:group-8DDDB1FEFBAC changes role from null to FOLLOWER at term 0 for startAsFollower
2019-06-14 12:15:45,247 INFO  impl.RoleInfo (RoleInfo.java:updateAndGet(143)) - db59158f-0b39-4504-803a-4c8bf02f58d8: start FollowerState
2019-06-14 12:15:45,247 INFO  util.JmxRegister (JmxRegister.java:tryRegister(44)) - Successfully registered JMX Bean with object name Ratis:service=RaftServer,group=group-8DDDB1FEFBAC,id=db59158f-0b39-4504-803a-4c8bf02f58d8
2019-06-14 12:15:45,257 INFO  pipeline.PipelineStateManager (PipelineStateManager.java:addPipeline(56)) - Created pipeline Pipeline[ Id: 381d8588-1efe-4350-9f9b-8dddb1fefbac, Nodes: db59158f-0b39-4504-803a-4c8bf02f58d8{ip: 192.168.105.183, host: ozone-5z4sx-3769091767, networkLocation: /default-rack, certSerialId: null}, Type:RATIS, Factor:ONE, State:OPEN]
2019-06-14 12:15:45,296 INFO  impl.RaftServerProxy (RaftServerProxy.java:addNew(89)) - 682067a8-b68c-4674-bf53-611232968af1: addNew group-12B4104A9CE8:[682067a8-b68c-4674-bf53-611232968af1:192.168.105.183:40955, aaf9ed50-98cf-4206-a044-8700576ca76b:192.168.105.183:34093, db59158f-0b39-4504-803a-4c8bf02f58d8:192.168.105.183:46387] returns group-12B4104A9CE8:java.util.concurrent.CompletableFuture@75720a0f[Not completed]
2019-06-14 12:15:45,303 INFO  impl.RaftServerImpl (RaftServerImpl.java:<init>(91)) - 682067a8-b68c-4674-bf53-611232968af1: new RaftServerImpl for group-12B4104A9CE8:[682067a8-b68c-4674-bf53-611232968af1:192.168.105.183:40955, aaf9ed50-98cf-4206-a044-8700576ca76b:192.168.105.183:34093, db59158f-0b39-4504-803a-4c8bf02f58d8:192.168.105.183:46387] with ContainerStateMachine:uninitialized
2019-06-14 12:15:45,303 INFO  server.RaftServerConfigKeys (ConfUtils.java:logGet(43)) - raft.server.rpc.timeout.min = 1s (custom)
2019-06-14 12:15:45,303 INFO  impl.RaftServerProxy (RaftServerProxy.java:addNew(89)) - db59158f-0b39-4504-803a-4c8bf02f58d8: addNew group-12B4104A9CE8:[682067a8-b68c-4674-bf53-611232968af1:192.168.105.183:40955, aaf9ed50-98cf-4206-a044-8700576ca76b:192.168.105.183:34093, db59158f-0b39-4504-803a-4c8bf02f58d8:192.168.105.183:46387] returns group-12B4104A9CE8:java.util.concurrent.CompletableFuture@356c9dac[Not completed]
2019-06-14 12:15:45,303 INFO  server.RaftServerConfigKeys (ConfUtils.java:logGet(43)) - raft.server.rpc.timeout.max = 1200ms (custom)
2019-06-14 12:15:45,305 INFO  server.RaftServerConfigKeys (ConfUtils.java:logGet(43)) - raft.server.rpcslowness.timeout = 10s (custom)
2019-06-14 12:15:45,305 INFO  server.RaftServerConfigKeys (ConfUtils.java:logGet(43)) - raft.server.log.appender.install.snapshot.enabled = true (default)
2019-06-14 12:15:45,306 INFO  impl.RaftServerImpl (ServerState.java:<init>(101)) - 682067a8-b68c-4674-bf53-611232968af1:group-12B4104A9CE8 ConfigurationManager, init=-1: [682067a8-b68c-4674-bf53-611232968af1:192.168.105.183:40955, aaf9ed50-98cf-4206-a044-8700576ca76b:192.168.105.183:34093, db59158f-0b39-4504-803a-4c8bf02f58d8:192.168.105.183:46387], old=null, confs=<EMPTY_MAP>
2019-06-14 12:15:45,306 INFO  server.RaftServerConfigKeys (ConfUtils.java:logGet(43)) - raft.server.storage.dir = [/opt/src/hadoop-ozone/integration-test/target/test-dir/MiniOzoneClusterImpl-4ea2c975-d826-4495-8219-906e18966a0f/datanode-0/data/ratis] (custom)
2019-06-14 12:15:45,306 INFO  storage.RaftStorageDirectory (RaftStorageDirectory.java:analyzeStorage(246)) - The storage directory /opt/src/hadoop-ozone/integration-test/target/test-dir/MiniOzoneClusterImpl-4ea2c975-d826-4495-8219-906e18966a0f/datanode-0/data/ratis/9bcbb305-6ead-4acc-b223-12b4104a9ce8 does not exist. Creating ...
2019-06-14 12:15:45,306 INFO  impl.RaftServerImpl (RaftServerImpl.java:<init>(91)) - db59158f-0b39-4504-803a-4c8bf02f58d8: new RaftServerImpl for group-12B4104A9CE8:[682067a8-b68c-4674-bf53-611232968af1:192.168.105.183:40955, aaf9ed50-98cf-4206-a044-8700576ca76b:192.168.105.183:34093, db59158f-0b39-4504-803a-4c8bf02f58d8:192.168.105.183:46387] with ContainerStateMachine:uninitialized
2019-06-14 12:15:45,310 INFO  storage.RaftStorageDirectory (RaftStorageDirectory.java:tryLock(328)) - Lock on /opt/src/hadoop-ozone/integration-test/target/test-dir/MiniOzoneClusterImpl-4ea2c975-d826-4495-8219-906e18966a0f/datanode-0/data/ratis/9bcbb305-6ead-4acc-b223-12b4104a9ce8/in_use.lock acquired by nodename 10068@ozone-5z4sx-3769091767
2019-06-14 12:15:45,312 INFO  server.RaftServerConfigKeys (ConfUtils.java:logGet(43)) - raft.server.rpc.timeout.min = 1s (custom)
2019-06-14 12:15:45,313 INFO  server.RaftServerConfigKeys (ConfUtils.java:logGet(43)) - raft.server.rpc.timeout.max = 1200ms (custom)
2019-06-14 12:15:45,313 INFO  server.RaftServerConfigKeys (ConfUtils.java:logGet(43)) - raft.server.rpcslowness.timeout = 10s (custom)
2019-06-14 12:15:45,313 INFO  server.RaftServerConfigKeys (ConfUtils.java:logGet(43)) - raft.server.log.appender.install.snapshot.enabled = true (default)
2019-06-14 12:15:45,313 INFO  impl.RaftServerImpl (ServerState.java:<init>(101)) - db59158f-0b39-4504-803a-4c8bf02f58d8:group-12B4104A9CE8 ConfigurationManager, init=-1: [682067a8-b68c-4674-bf53-611232968af1:192.168.105.183:40955, aaf9ed50-98cf-4206-a044-8700576ca76b:192.168.105.183:34093, db59158f-0b39-4504-803a-4c8bf02f58d8:192.168.105.183:46387], old=null, confs=<EMPTY_MAP>
2019-06-14 12:15:45,313 INFO  server.RaftServerConfigKeys (ConfUtils.java:logGet(43)) - raft.server.storage.dir = [/opt/src/hadoop-ozone/integration-test/target/test-dir/MiniOzoneClusterImpl-4ea2c975-d826-4495-8219-906e18966a0f/datanode-2/data/ratis] (custom)
2019-06-14 12:15:45,313 INFO  storage.RaftStorageDirectory (RaftStorageDirectory.java:analyzeStorage(246)) - The storage directory /opt/src/hadoop-ozone/integration-test/target/test-dir/MiniOzoneClusterImpl-4ea2c975-d826-4495-8219-906e18966a0f/datanode-2/data/ratis/9bcbb305-6ead-4acc-b223-12b4104a9ce8 does not exist. Creating ...
2019-06-14 12:15:45,315 INFO  storage.RaftStorageDirectory (RaftStorageDirectory.java:tryLock(328)) - Lock on /opt/src/hadoop-ozone/integration-test/target/test-dir/MiniOzoneClusterImpl-4ea2c975-d826-4495-8219-906e18966a0f/datanode-2/data/ratis/9bcbb305-6ead-4acc-b223-12b4104a9ce8/in_use.lock acquired by nodename 10068@ozone-5z4sx-3769091767
2019-06-14 12:15:45,316 INFO  storage.RaftStorage (RaftStorage.java:format(75)) - Storage directory /opt/src/hadoop-ozone/integration-test/target/test-dir/MiniOzoneClusterImpl-4ea2c975-d826-4495-8219-906e18966a0f/datanode-0/data/ratis/9bcbb305-6ead-4acc-b223-12b4104a9ce8 has been successfully formatted.
2019-06-14 12:15:45,316 INFO  ratis.ContainerStateMachine (ContainerStateMachine.java:loadSnapshot(199)) - The snapshot info is null.Setting the last applied index to:(t:0, i:~)
2019-06-14 12:15:45,316 INFO  server.RaftServerConfigKeys (ConfUtils.java:logGet(43)) - raft.server.leader.election.timeout = 10s (custom)
2019-06-14 12:15:45,316 INFO  server.RaftServerConfigKeys (ConfUtils.java:logGet(43)) - raft.server.log.use.memory = false (default)
2019-06-14 12:15:45,316 INFO  server.RaftServerConfigKeys (ConfUtils.java:logGet(43)) - raft.server.log.appender.buffer.byte-limit = 33554432 (custom)
2019-06-14 12:15:45,316 INFO  server.RaftServerConfigKeys (ConfUtils.java:logGet(43)) - raft.server.log.segment.size.max = 16384 (custom)
2019-06-14 12:15:45,316 INFO  server.RaftServerConfigKeys (ConfUtils.java:logGet(43)) - raft.server.log.segment.cache.num.max = 2 (custom)
2019-06-14 12:15:45,316 INFO  storage.RaftLogWorker (RaftLogWorker.java:<init>(123)) - new 682067a8-b68c-4674-bf53-611232968af1-RaftLogWorker for Storage Directory /opt/src/hadoop-ozone/integration-test/target/test-dir/MiniOzoneClusterImpl-4ea2c975-d826-4495-8219-906e18966a0f/datanode-0/data/ratis/9bcbb305-6ead-4acc-b223-12b4104a9ce8
2019-06-14 12:15:45,317 INFO  server.RaftServerConfigKeys (ConfUtils.java:logGet(43)) - raft.server.log.queue.byte-limit = 2147483647 (custom)
2019-06-14 12:15:45,317 INFO  server.RaftServerConfigKeys (ConfUtils.java:logGet(43)) - raft.server.log.queue.element-limit = 1024 (custom)
2019-06-14 12:15:45,317 INFO  server.RaftServerConfigKeys (ConfUtils.java:logGet(43)) - raft.server.log.segment.size.max = 16384 (custom)
2019-06-14 12:15:45,317 INFO  server.RaftServerConfigKeys (ConfUtils.java:logGet(43)) - raft.server.log.preallocated.size = 16384 (custom)
2019-06-14 12:15:45,317 INFO  server.RaftServerConfigKeys (ConfUtils.java:logGet(43)) - raft.server.log.write.buffer.size = 33554432 (custom)
2019-06-14 12:15:45,317 INFO  server.RaftServerConfigKeys (ConfUtils.java:logGet(43)) - raft.server.log.force.sync.num = 128 (default)
2019-06-14 12:15:45,317 INFO  server.RaftServerConfigKeys (ConfUtils.java:logGet(43)) - raft.server.log.statemachine.data.sync = true (default)
2019-06-14 12:15:45,317 INFO  server.RaftServerConfigKeys (ConfUtils.java:logGet(43)) - raft.server.log.statemachine.data.sync.timeout = 10s (default)
2019-06-14 12:15:45,317 INFO  server.RaftServerConfigKeys (ConfUtils.java:logGet(43)) - raft.server.log.statemachine.data.sync.timeout.retry = -1 (default)
2019-06-14 12:15:45,318 INFO  server.RaftServerConfigKeys (ConfUtils.java:logGet(43)) - raft.server.log.statemachine.data.caching.enabled = true (custom)
2019-06-14 12:15:45,318 INFO  server.RaftServerConfigKeys (ConfUtils.java:logGet(43)) - raft.server.snapshot.auto.trigger.enabled = true (custom)
2019-06-14 12:15:45,318 INFO  server.RaftServerConfigKeys (ConfUtils.java:logGet(43)) - raft.server.snapshot.auto.trigger.threshold = 10000 (custom)
2019-06-14 12:15:45,318 INFO  server.RaftServerConfigKeys (ConfUtils.java:logGet(43)) - raft.server.retrycache.expirytime = 600000ms (custom)
2019-06-14 12:15:45,318 INFO  impl.RaftServerImpl (RaftServerImpl.java:start(173)) - 682067a8-b68c-4674-bf53-611232968af1: start group-12B4104A9CE8
2019-06-14 12:15:45,319 INFO  impl.RaftServerImpl (RaftServerImpl.java:setRole(164)) - 682067a8-b68c-4674-bf53-611232968af1:group-12B4104A9CE8 changes role from null to FOLLOWER at term 0 for startAsFollower
2019-06-14 12:15:45,319 INFO  impl.RoleInfo (RoleInfo.java:updateAndGet(143)) - 682067a8-b68c-4674-bf53-611232968af1: start FollowerState
2019-06-14 12:15:45,319 INFO  storage.RaftStorage (RaftStorage.java:format(75)) - Storage directory /opt/src/hadoop-ozone/integration-test/target/test-dir/MiniOzoneClusterImpl-4ea2c975-d826-4495-8219-906e18966a0f/datanode-2/data/ratis/9bcbb305-6ead-4acc-b223-12b4104a9ce8 has been successfully formatted.
2019-06-14 12:15:45,319 INFO  ratis.ContainerStateMachine (ContainerStateMachine.java:loadSnapshot(199)) - The snapshot info is null.Setting the last applied index to:(t:0, i:~)
2019-06-14 12:15:45,319 INFO  server.RaftServerConfigKeys (ConfUtils.java:logGet(43)) - raft.server.leader.election.timeout = 10s (custom)
2019-06-14 12:15:45,320 INFO  server.RaftServerConfigKeys (ConfUtils.java:logGet(43)) - raft.server.log.use.memory = false (default)
2019-06-14 12:15:45,320 INFO  server.RaftServerConfigKeys (ConfUtils.java:logGet(43)) - raft.server.log.appender.buffer.byte-limit = 33554432 (custom)
2019-06-14 12:15:45,320 INFO  server.RaftServerConfigKeys (ConfUtils.java:logGet(43)) - raft.server.log.segment.size.max = 16384 (custom)
2019-06-14 12:15:45,320 INFO  server.RaftServerConfigKeys (ConfUtils.java:logGet(43)) - raft.server.log.segment.cache.num.max = 2 (custom)
2019-06-14 12:15:45,320 INFO  storage.RaftLogWorker (RaftLogWorker.java:<init>(123)) - new db59158f-0b39-4504-803a-4c8bf02f58d8-RaftLogWorker for Storage Directory /opt/src/hadoop-ozone/integration-test/target/test-dir/MiniOzoneClusterImpl-4ea2c975-d826-4495-8219-906e18966a0f/datanode-2/data/ratis/9bcbb305-6ead-4acc-b223-12b4104a9ce8
2019-06-14 12:15:45,320 INFO  server.RaftServerConfigKeys (ConfUtils.java:logGet(43)) - raft.server.log.queue.byte-limit = 2147483647 (custom)
2019-06-14 12:15:45,320 INFO  server.RaftServerConfigKeys (ConfUtils.java:logGet(43)) - raft.server.log.queue.element-limit = 1024 (custom)
2019-06-14 12:15:45,320 INFO  server.RaftServerConfigKeys (ConfUtils.java:logGet(43)) - raft.server.log.segment.size.max = 16384 (custom)
2019-06-14 12:15:45,320 INFO  server.RaftServerConfigKeys (ConfUtils.java:logGet(43)) - raft.server.log.preallocated.size = 16384 (custom)
2019-06-14 12:15:45,320 INFO  server.RaftServerConfigKeys (ConfUtils.java:logGet(43)) - raft.server.log.write.buffer.size = 33554432 (custom)
2019-06-14 12:15:45,321 INFO  server.RaftServerConfigKeys (ConfUtils.java:logGet(43)) - raft.server.log.force.sync.num = 128 (default)
2019-06-14 12:15:45,321 INFO  server.RaftServerConfigKeys (ConfUtils.java:logGet(43)) - raft.server.log.statemachine.data.sync = true (default)
2019-06-14 12:15:45,321 INFO  server.RaftServerConfigKeys (ConfUtils.java:logGet(43)) - raft.server.log.statemachine.data.sync.timeout = 10s (default)
2019-06-14 12:15:45,321 INFO  server.RaftServerConfigKeys (ConfUtils.java:logGet(43)) - raft.server.log.statemachine.data.sync.timeout.retry = -1 (default)
2019-06-14 12:15:45,327 INFO  server.RaftServerConfigKeys (ConfUtils.java:logGet(43)) - raft.server.log.statemachine.data.caching.enabled = true (custom)
2019-06-14 12:15:45,328 INFO  util.JmxRegister (JmxRegister.java:tryRegister(44)) - Successfully registered JMX Bean with object name Ratis:service=RaftServer,group=group-12B4104A9CE8,id=682067a8-b68c-4674-bf53-611232968af1
2019-06-14 12:15:45,328 INFO  server.RaftServerConfigKeys (ConfUtils.java:logGet(43)) - raft.server.snapshot.auto.trigger.enabled = true (custom)
2019-06-14 12:15:45,328 INFO  server.RaftServerConfigKeys (ConfUtils.java:logGet(43)) - raft.server.snapshot.auto.trigger.threshold = 10000 (custom)
2019-06-14 12:15:45,328 INFO  server.RaftServerConfigKeys (ConfUtils.java:logGet(43)) - raft.server.retrycache.expirytime = 600000ms (custom)
2019-06-14 12:15:45,328 INFO  impl.RaftServerImpl (RaftServerImpl.java:start(173)) - db59158f-0b39-4504-803a-4c8bf02f58d8: start group-12B4104A9CE8
2019-06-14 12:15:45,329 INFO  impl.RaftServerImpl (RaftServerImpl.java:setRole(164)) - db59158f-0b39-4504-803a-4c8bf02f58d8:group-12B4104A9CE8 changes role from null to FOLLOWER at term 0 for startAsFollower
2019-06-14 12:15:45,329 INFO  impl.RoleInfo (RoleInfo.java:updateAndGet(143)) - db59158f-0b39-4504-803a-4c8bf02f58d8: start FollowerState
2019-06-14 12:15:45,329 INFO  util.JmxRegister (JmxRegister.java:tryRegister(44)) - Successfully registered JMX Bean with object name Ratis:service=RaftServer,group=group-12B4104A9CE8,id=db59158f-0b39-4504-803a-4c8bf02f58d8
2019-06-14 12:15:45,353 INFO  impl.RaftServerProxy (RaftServerProxy.java:addNew(89)) - aaf9ed50-98cf-4206-a044-8700576ca76b: addNew group-12B4104A9CE8:[682067a8-b68c-4674-bf53-611232968af1:192.168.105.183:40955, aaf9ed50-98cf-4206-a044-8700576ca76b:192.168.105.183:34093, db59158f-0b39-4504-803a-4c8bf02f58d8:192.168.105.183:46387] returns group-12B4104A9CE8:java.util.concurrent.CompletableFuture@535a0e6a[Not completed]
2019-06-14 12:15:45,355 INFO  impl.RaftServerImpl (RaftServerImpl.java:<init>(91)) - aaf9ed50-98cf-4206-a044-8700576ca76b: new RaftServerImpl for group-12B4104A9CE8:[682067a8-b68c-4674-bf53-611232968af1:192.168.105.183:40955, aaf9ed50-98cf-4206-a044-8700576ca76b:192.168.105.183:34093, db59158f-0b39-4504-803a-4c8bf02f58d8:192.168.105.183:46387] with ContainerStateMachine:uninitialized
2019-06-14 12:15:45,355 INFO  server.RaftServerConfigKeys (ConfUtils.java:logGet(43)) - raft.server.rpc.timeout.min = 1s (custom)
2019-06-14 12:15:45,355 INFO  server.RaftServerConfigKeys (ConfUtils.java:logGet(43)) - raft.server.rpc.timeout.max = 1200ms (custom)
2019-06-14 12:15:45,355 INFO  server.RaftServerConfigKeys (ConfUtils.java:logGet(43)) - raft.server.rpcslowness.timeout = 10s (custom)
2019-06-14 12:15:45,355 INFO  server.RaftServerConfigKeys (ConfUtils.java:logGet(43)) - raft.server.log.appender.install.snapshot.enabled = true (default)
2019-06-14 12:15:45,356 INFO  impl.RaftServerImpl (ServerState.java:<init>(101)) - aaf9ed50-98cf-4206-a044-8700576ca76b:group-12B4104A9CE8 ConfigurationManager, init=-1: [682067a8-b68c-4674-bf53-611232968af1:192.168.105.183:40955, aaf9ed50-98cf-4206-a044-8700576ca76b:192.168.105.183:34093, db59158f-0b39-4504-803a-4c8bf02f58d8:192.168.105.183:46387], old=null, confs=<EMPTY_MAP>
2019-06-14 12:15:45,356 INFO  server.RaftServerConfigKeys (ConfUtils.java:logGet(43)) - raft.server.storage.dir = [/opt/src/hadoop-ozone/integration-test/target/test-dir/MiniOzoneClusterImpl-4ea2c975-d826-4495-8219-906e18966a0f/datanode-1/data/ratis] (custom)
2019-06-14 12:15:45,356 INFO  storage.RaftStorageDirectory (RaftStorageDirectory.java:analyzeStorage(246)) - The storage directory /opt/src/hadoop-ozone/integration-test/target/test-dir/MiniOzoneClusterImpl-4ea2c975-d826-4495-8219-906e18966a0f/datanode-1/data/ratis/9bcbb305-6ead-4acc-b223-12b4104a9ce8 does not exist. Creating ...
2019-06-14 12:15:45,362 INFO  storage.RaftStorageDirectory (RaftStorageDirectory.java:tryLock(328)) - Lock on /opt/src/hadoop-ozone/integration-test/target/test-dir/MiniOzoneClusterImpl-4ea2c975-d826-4495-8219-906e18966a0f/datanode-1/data/ratis/9bcbb305-6ead-4acc-b223-12b4104a9ce8/in_use.lock acquired by nodename 10068@ozone-5z4sx-3769091767
2019-06-14 12:15:45,364 INFO  storage.RaftStorage (RaftStorage.java:format(75)) - Storage directory /opt/src/hadoop-ozone/integration-test/target/test-dir/MiniOzoneClusterImpl-4ea2c975-d826-4495-8219-906e18966a0f/datanode-1/data/ratis/9bcbb305-6ead-4acc-b223-12b4104a9ce8 has been successfully formatted.
2019-06-14 12:15:45,364 INFO  ratis.ContainerStateMachine (ContainerStateMachine.java:loadSnapshot(199)) - The snapshot info is null.Setting the last applied index to:(t:0, i:~)
2019-06-14 12:15:45,364 INFO  server.RaftServerConfigKeys (ConfUtils.java:logGet(43)) - raft.server.leader.election.timeout = 10s (custom)
2019-06-14 12:15:45,364 INFO  server.RaftServerConfigKeys (ConfUtils.java:logGet(43)) - raft.server.log.use.memory = false (default)
2019-06-14 12:15:45,365 INFO  server.RaftServerConfigKeys (ConfUtils.java:logGet(43)) - raft.server.log.appender.buffer.byte-limit = 33554432 (custom)
2019-06-14 12:15:45,365 INFO  server.RaftServerConfigKeys (ConfUtils.java:logGet(43)) - raft.server.log.segment.size.max = 16384 (custom)
2019-06-14 12:15:45,365 INFO  server.RaftServerConfigKeys (ConfUtils.java:logGet(43)) - raft.server.log.segment.cache.num.max = 2 (custom)
2019-06-14 12:15:45,365 INFO  storage.RaftLogWorker (RaftLogWorker.java:<init>(123)) - new aaf9ed50-98cf-4206-a044-8700576ca76b-RaftLogWorker for Storage Directory /opt/src/hadoop-ozone/integration-test/target/test-dir/MiniOzoneClusterImpl-4ea2c975-d826-4495-8219-906e18966a0f/datanode-1/data/ratis/9bcbb305-6ead-4acc-b223-12b4104a9ce8
2019-06-14 12:15:45,365 INFO  server.RaftServerConfigKeys (ConfUtils.java:logGet(43)) - raft.server.log.queue.byte-limit = 2147483647 (custom)
2019-06-14 12:15:45,365 INFO  server.RaftServerConfigKeys (ConfUtils.java:logGet(43)) - raft.server.log.queue.element-limit = 1024 (custom)
2019-06-14 12:15:45,365 INFO  server.RaftServerConfigKeys (ConfUtils.java:logGet(43)) - raft.server.log.segment.size.max = 16384 (custom)
2019-06-14 12:15:45,365 INFO  server.RaftServerConfigKeys (ConfUtils.java:logGet(43)) - raft.server.log.preallocated.size = 16384 (custom)
2019-06-14 12:15:45,365 INFO  server.RaftServerConfigKeys (ConfUtils.java:logGet(43)) - raft.server.log.write.buffer.size = 33554432 (custom)
2019-06-14 12:15:45,366 INFO  server.RaftServerConfigKeys (ConfUtils.java:logGet(43)) - raft.server.log.force.sync.num = 128 (default)
2019-06-14 12:15:45,366 INFO  server.RaftServerConfigKeys (ConfUtils.java:logGet(43)) - raft.server.log.statemachine.data.sync = true (default)
2019-06-14 12:15:45,366 INFO  server.RaftServerConfigKeys (ConfUtils.java:logGet(43)) - raft.server.log.statemachine.data.sync.timeout = 10s (default)
2019-06-14 12:15:45,366 INFO  server.RaftServerConfigKeys (ConfUtils.java:logGet(43)) - raft.server.log.statemachine.data.sync.timeout.retry = -1 (default)
2019-06-14 12:15:45,366 INFO  server.RaftServerConfigKeys (ConfUtils.java:logGet(43)) - raft.server.log.statemachine.data.caching.enabled = true (custom)
2019-06-14 12:15:45,383 INFO  server.RaftServerConfigKeys (ConfUtils.java:logGet(43)) - raft.server.snapshot.auto.trigger.enabled = true (custom)
2019-06-14 12:15:45,383 INFO  server.RaftServerConfigKeys (ConfUtils.java:logGet(43)) - raft.server.snapshot.auto.trigger.threshold = 10000 (custom)
2019-06-14 12:15:45,383 INFO  server.RaftServerConfigKeys (ConfUtils.java:logGet(43)) - raft.server.retrycache.expirytime = 600000ms (custom)
2019-06-14 12:15:45,383 INFO  impl.RaftServerImpl (RaftServerImpl.java:start(173)) - aaf9ed50-98cf-4206-a044-8700576ca76b: start group-12B4104A9CE8
2019-06-14 12:15:45,383 INFO  impl.RaftServerImpl (RaftServerImpl.java:setRole(164)) - aaf9ed50-98cf-4206-a044-8700576ca76b:group-12B4104A9CE8 changes role from null to FOLLOWER at term 0 for startAsFollower
2019-06-14 12:15:45,384 INFO  impl.RoleInfo (RoleInfo.java:updateAndGet(143)) - aaf9ed50-98cf-4206-a044-8700576ca76b: start FollowerState
2019-06-14 12:15:45,389 INFO  util.JmxRegister (JmxRegister.java:tryRegister(44)) - Successfully registered JMX Bean with object name Ratis:service=RaftServer,group=group-12B4104A9CE8,id=aaf9ed50-98cf-4206-a044-8700576ca76b
2019-06-14 12:15:45,418 INFO  pipeline.PipelineStateManager (PipelineStateManager.java:addPipeline(56)) - Created pipeline Pipeline[ Id: 9bcbb305-6ead-4acc-b223-12b4104a9ce8, Nodes: aaf9ed50-98cf-4206-a044-8700576ca76b{ip: 192.168.105.183, host: ozone-5z4sx-3769091767, networkLocation: /default-rack, certSerialId: null}682067a8-b68c-4674-bf53-611232968af1{ip: 192.168.105.183, host: ozone-5z4sx-3769091767, networkLocation: /default-rack, certSerialId: null}db59158f-0b39-4504-803a-4c8bf02f58d8{ip: 192.168.105.183, host: ozone-5z4sx-3769091767, networkLocation: /default-rack, certSerialId: null}, Type:RATIS, Factor:THREE, State:OPEN]
2019-06-14 12:15:45,422 INFO  node.SCMNodeManager (SCMNodeManager.java:register(234)) - Registered Data node : 1688be03-17bf-4d9f-8f5b-99d104c3259a{ip: 192.168.105.183, host: ozone-5z4sx-3769091767, networkLocation: /default-rack, certSerialId: null}
2019-06-14 12:15:45,444 INFO  impl.RaftServerProxy (RaftServerProxy.java:addNew(89)) - 1688be03-17bf-4d9f-8f5b-99d104c3259a: addNew group-0E298205388D:[1688be03-17bf-4d9f-8f5b-99d104c3259a:192.168.105.183:44509] returns group-0E298205388D:java.util.concurrent.CompletableFuture@3e1ed0ee[Not completed]
2019-06-14 12:15:45,446 INFO  impl.RaftServerImpl (RaftServerImpl.java:<init>(91)) - 1688be03-17bf-4d9f-8f5b-99d104c3259a: new RaftServerImpl for group-0E298205388D:[1688be03-17bf-4d9f-8f5b-99d104c3259a:192.168.105.183:44509] with ContainerStateMachine:uninitialized
2019-06-14 12:15:45,447 INFO  server.RaftServerConfigKeys (ConfUtils.java:logGet(43)) - raft.server.rpc.timeout.min = 1s (custom)
2019-06-14 12:15:45,447 INFO  server.RaftServerConfigKeys (ConfUtils.java:logGet(43)) - raft.server.rpc.timeout.max = 1200ms (custom)
2019-06-14 12:15:45,447 INFO  server.RaftServerConfigKeys (ConfUtils.java:logGet(43)) - raft.server.rpcslowness.timeout = 10s (custom)
2019-06-14 12:15:45,447 INFO  server.RaftServerConfigKeys (ConfUtils.java:logGet(43)) - raft.server.log.appender.install.snapshot.enabled = true (default)
2019-06-14 12:15:45,447 INFO  impl.RaftServerImpl (ServerState.java:<init>(101)) - 1688be03-17bf-4d9f-8f5b-99d104c3259a:group-0E298205388D ConfigurationManager, init=-1: [1688be03-17bf-4d9f-8f5b-99d104c3259a:192.168.105.183:44509], old=null, confs=<EMPTY_MAP>
2019-06-14 12:15:45,448 INFO  server.RaftServerConfigKeys (ConfUtils.java:logGet(43)) - raft.server.storage.dir = [/opt/src/hadoop-ozone/integration-test/target/test-dir/MiniOzoneClusterImpl-4ea2c975-d826-4495-8219-906e18966a0f/datanode-3/data/ratis] (custom)
2019-06-14 12:15:45,449 INFO  storage.RaftStorageDirectory (RaftStorageDirectory.java:analyzeStorage(246)) - The storage directory /opt/src/hadoop-ozone/integration-test/target/test-dir/MiniOzoneClusterImpl-4ea2c975-d826-4495-8219-906e18966a0f/datanode-3/data/ratis/cba68deb-d0ee-49bd-8f45-0e298205388d does not exist. Creating ...
2019-06-14 12:15:45,455 INFO  storage.RaftStorageDirectory (RaftStorageDirectory.java:tryLock(328)) - Lock on /opt/src/hadoop-ozone/integration-test/target/test-dir/MiniOzoneClusterImpl-4ea2c975-d826-4495-8219-906e18966a0f/datanode-3/data/ratis/cba68deb-d0ee-49bd-8f45-0e298205388d/in_use.lock acquired by nodename 10068@ozone-5z4sx-3769091767
2019-06-14 12:15:45,457 INFO  storage.RaftStorage (RaftStorage.java:format(75)) - Storage directory /opt/src/hadoop-ozone/integration-test/target/test-dir/MiniOzoneClusterImpl-4ea2c975-d826-4495-8219-906e18966a0f/datanode-3/data/ratis/cba68deb-d0ee-49bd-8f45-0e298205388d has been successfully formatted.
2019-06-14 12:15:45,457 INFO  ratis.ContainerStateMachine (ContainerStateMachine.java:loadSnapshot(199)) - The snapshot info is null.Setting the last applied index to:(t:0, i:~)
2019-06-14 12:15:45,458 INFO  server.RaftServerConfigKeys (ConfUtils.java:logGet(43)) - raft.server.leader.election.timeout = 10s (custom)
2019-06-14 12:15:45,458 INFO  server.RaftServerConfigKeys (ConfUtils.java:logGet(43)) - raft.server.log.use.memory = false (default)
2019-06-14 12:15:45,458 INFO  server.RaftServerConfigKeys (ConfUtils.java:logGet(43)) - raft.server.log.appender.buffer.byte-limit = 33554432 (custom)
2019-06-14 12:15:45,458 INFO  server.RaftServerConfigKeys (ConfUtils.java:logGet(43)) - raft.server.log.segment.size.max = 16384 (custom)
2019-06-14 12:15:45,458 INFO  server.RaftServerConfigKeys (ConfUtils.java:logGet(43)) - raft.server.log.segment.cache.num.max = 2 (custom)
2019-06-14 12:15:45,458 INFO  storage.RaftLogWorker (RaftLogWorker.java:<init>(123)) - new 1688be03-17bf-4d9f-8f5b-99d104c3259a-RaftLogWorker for Storage Directory /opt/src/hadoop-ozone/integration-test/target/test-dir/MiniOzoneClusterImpl-4ea2c975-d826-4495-8219-906e18966a0f/datanode-3/data/ratis/cba68deb-d0ee-49bd-8f45-0e298205388d
2019-06-14 12:15:45,459 INFO  server.RaftServerConfigKeys (ConfUtils.java:logGet(43)) - raft.server.log.queue.byte-limit = 2147483647 (custom)
2019-06-14 12:15:45,459 INFO  server.RaftServerConfigKeys (ConfUtils.java:logGet(43)) - raft.server.log.queue.element-limit = 1024 (custom)
2019-06-14 12:15:45,459 INFO  server.RaftServerConfigKeys (ConfUtils.java:logGet(43)) - raft.server.log.segment.size.max = 16384 (custom)
2019-06-14 12:15:45,459 INFO  server.RaftServerConfigKeys (ConfUtils.java:logGet(43)) - raft.server.log.preallocated.size = 16384 (custom)
2019-06-14 12:15:45,459 INFO  server.RaftServerConfigKeys (ConfUtils.java:logGet(43)) - raft.server.log.write.buffer.size = 33554432 (custom)
2019-06-14 12:15:45,459 INFO  server.RaftServerConfigKeys (ConfUtils.java:logGet(43)) - raft.server.log.force.sync.num = 128 (default)
2019-06-14 12:15:45,459 INFO  server.RaftServerConfigKeys (ConfUtils.java:logGet(43)) - raft.server.log.statemachine.data.sync = true (default)
2019-06-14 12:15:45,459 INFO  server.RaftServerConfigKeys (ConfUtils.java:logGet(43)) - raft.server.log.statemachine.data.sync.timeout = 10s (default)
2019-06-14 12:15:45,459 INFO  server.RaftServerConfigKeys (ConfUtils.java:logGet(43)) - raft.server.log.statemachine.data.sync.timeout.retry = -1 (default)
2019-06-14 12:15:45,460 INFO  server.RaftServerConfigKeys (ConfUtils.java:logGet(43)) - raft.server.log.statemachine.data.caching.enabled = true (custom)
2019-06-14 12:15:45,463 INFO  server.RaftServerConfigKeys (ConfUtils.java:logGet(43)) - raft.server.snapshot.auto.trigger.enabled = true (custom)
2019-06-14 12:15:45,463 INFO  server.RaftServerConfigKeys (ConfUtils.java:logGet(43)) - raft.server.snapshot.auto.trigger.threshold = 10000 (custom)
2019-06-14 12:15:45,463 INFO  server.RaftServerConfigKeys (ConfUtils.java:logGet(43)) - raft.server.retrycache.expirytime = 600000ms (custom)
2019-06-14 12:15:45,464 INFO  impl.RaftServerImpl (RaftServerImpl.java:start(173)) - 1688be03-17bf-4d9f-8f5b-99d104c3259a: start group-0E298205388D
2019-06-14 12:15:45,464 INFO  impl.RaftServerImpl (RaftServerImpl.java:setRole(164)) - 1688be03-17bf-4d9f-8f5b-99d104c3259a:group-0E298205388D changes role from null to FOLLOWER at term 0 for startAsFollower
2019-06-14 12:15:45,464 INFO  impl.RoleInfo (RoleInfo.java:updateAndGet(143)) - 1688be03-17bf-4d9f-8f5b-99d104c3259a: start FollowerState
2019-06-14 12:15:45,465 INFO  util.JmxRegister (JmxRegister.java:tryRegister(44)) - Successfully registered JMX Bean with object name Ratis:service=RaftServer,group=group-0E298205388D,id=1688be03-17bf-4d9f-8f5b-99d104c3259a
2019-06-14 12:15:45,474 INFO  pipeline.PipelineStateManager (PipelineStateManager.java:addPipeline(56)) - Created pipeline Pipeline[ Id: cba68deb-d0ee-49bd-8f45-0e298205388d, Nodes: 1688be03-17bf-4d9f-8f5b-99d104c3259a{ip: 192.168.105.183, host: ozone-5z4sx-3769091767, networkLocation: /default-rack, certSerialId: null}, Type:RATIS, Factor:ONE, State:OPEN]
2019-06-14 12:15:45,726 INFO  node.SCMNodeManager (SCMNodeManager.java:register(234)) - Registered Data node : 56665e1f-8527-4c8d-9b25-b26c363fb5e1{ip: 192.168.105.183, host: ozone-5z4sx-3769091767, networkLocation: /default-rack, certSerialId: null}
2019-06-14 12:15:45,739 INFO  impl.RaftServerProxy (RaftServerProxy.java:addNew(89)) - 56665e1f-8527-4c8d-9b25-b26c363fb5e1: addNew group-94A0E08C0E32:[56665e1f-8527-4c8d-9b25-b26c363fb5e1:192.168.105.183:45195] returns group-94A0E08C0E32:java.util.concurrent.CompletableFuture@6225d73d[Not completed]
2019-06-14 12:15:45,740 INFO  impl.RaftServerImpl (RaftServerImpl.java:<init>(91)) - 56665e1f-8527-4c8d-9b25-b26c363fb5e1: new RaftServerImpl for group-94A0E08C0E32:[56665e1f-8527-4c8d-9b25-b26c363fb5e1:192.168.105.183:45195] with ContainerStateMachine:uninitialized
2019-06-14 12:15:45,740 INFO  server.RaftServerConfigKeys (ConfUtils.java:logGet(43)) - raft.server.rpc.timeout.min = 1s (custom)
2019-06-14 12:15:45,740 INFO  server.RaftServerConfigKeys (ConfUtils.java:logGet(43)) - raft.server.rpc.timeout.max = 1200ms (custom)
2019-06-14 12:15:45,740 INFO  server.RaftServerConfigKeys (ConfUtils.java:logGet(43)) - raft.server.rpcslowness.timeout = 10s (custom)
2019-06-14 12:15:45,741 INFO  server.RaftServerConfigKeys (ConfUtils.java:logGet(43)) - raft.server.log.appender.install.snapshot.enabled = true (default)
2019-06-14 12:15:45,741 INFO  impl.RaftServerImpl (ServerState.java:<init>(101)) - 56665e1f-8527-4c8d-9b25-b26c363fb5e1:group-94A0E08C0E32 ConfigurationManager, init=-1: [56665e1f-8527-4c8d-9b25-b26c363fb5e1:192.168.105.183:45195], old=null, confs=<EMPTY_MAP>
2019-06-14 12:15:45,741 INFO  server.RaftServerConfigKeys (ConfUtils.java:logGet(43)) - raft.server.storage.dir = [/opt/src/hadoop-ozone/integration-test/target/test-dir/MiniOzoneClusterImpl-4ea2c975-d826-4495-8219-906e18966a0f/datanode-4/data/ratis] (custom)
2019-06-14 12:15:45,741 INFO  storage.RaftStorageDirectory (RaftStorageDirectory.java:analyzeStorage(246)) - The storage directory /opt/src/hadoop-ozone/integration-test/target/test-dir/MiniOzoneClusterImpl-4ea2c975-d826-4495-8219-906e18966a0f/datanode-4/data/ratis/757e6c62-8f6a-46f6-a77d-94a0e08c0e32 does not exist. Creating ...
2019-06-14 12:15:45,746 INFO  storage.RaftStorageDirectory (RaftStorageDirectory.java:tryLock(328)) - Lock on /opt/src/hadoop-ozone/integration-test/target/test-dir/MiniOzoneClusterImpl-4ea2c975-d826-4495-8219-906e18966a0f/datanode-4/data/ratis/757e6c62-8f6a-46f6-a77d-94a0e08c0e32/in_use.lock acquired by nodename 10068@ozone-5z4sx-3769091767
2019-06-14 12:15:45,748 INFO  storage.RaftStorage (RaftStorage.java:format(75)) - Storage directory /opt/src/hadoop-ozone/integration-test/target/test-dir/MiniOzoneClusterImpl-4ea2c975-d826-4495-8219-906e18966a0f/datanode-4/data/ratis/757e6c62-8f6a-46f6-a77d-94a0e08c0e32 has been successfully formatted.
2019-06-14 12:15:45,749 INFO  ratis.ContainerStateMachine (ContainerStateMachine.java:loadSnapshot(199)) - The snapshot info is null.Setting the last applied index to:(t:0, i:~)
2019-06-14 12:15:45,749 INFO  server.RaftServerConfigKeys (ConfUtils.java:logGet(43)) - raft.server.leader.election.timeout = 10s (custom)
2019-06-14 12:15:45,749 INFO  server.RaftServerConfigKeys (ConfUtils.java:logGet(43)) - raft.server.log.use.memory = false (default)
2019-06-14 12:15:45,749 INFO  server.RaftServerConfigKeys (ConfUtils.java:logGet(43)) - raft.server.log.appender.buffer.byte-limit = 33554432 (custom)
2019-06-14 12:15:45,749 INFO  server.RaftServerConfigKeys (ConfUtils.java:logGet(43)) - raft.server.log.segment.size.max = 16384 (custom)
2019-06-14 12:15:45,749 INFO  server.RaftServerConfigKeys (ConfUtils.java:logGet(43)) - raft.server.log.segment.cache.num.max = 2 (custom)
2019-06-14 12:15:45,750 INFO  storage.RaftLogWorker (RaftLogWorker.java:<init>(123)) - new 56665e1f-8527-4c8d-9b25-b26c363fb5e1-RaftLogWorker for Storage Directory /opt/src/hadoop-ozone/integration-test/target/test-dir/MiniOzoneClusterImpl-4ea2c975-d826-4495-8219-906e18966a0f/datanode-4/data/ratis/757e6c62-8f6a-46f6-a77d-94a0e08c0e32
2019-06-14 12:15:45,750 INFO  server.RaftServerConfigKeys (ConfUtils.java:logGet(43)) - raft.server.log.queue.byte-limit = 2147483647 (custom)
2019-06-14 12:15:45,750 INFO  server.RaftServerConfigKeys (ConfUtils.java:logGet(43)) - raft.server.log.queue.element-limit = 1024 (custom)
2019-06-14 12:15:45,750 INFO  server.RaftServerConfigKeys (ConfUtils.java:logGet(43)) - raft.server.log.segment.size.max = 16384 (custom)
2019-06-14 12:15:45,750 INFO  server.RaftServerConfigKeys (ConfUtils.java:logGet(43)) - raft.server.log.preallocated.size = 16384 (custom)
2019-06-14 12:15:45,750 INFO  server.RaftServerConfigKeys (ConfUtils.java:logGet(43)) - raft.server.log.write.buffer.size = 33554432 (custom)
2019-06-14 12:15:45,750 INFO  server.RaftServerConfigKeys (ConfUtils.java:logGet(43)) - raft.server.log.force.sync.num = 128 (default)
2019-06-14 12:15:45,750 INFO  server.RaftServerConfigKeys (ConfUtils.java:logGet(43)) - raft.server.log.statemachine.data.sync = true (default)
2019-06-14 12:15:45,750 INFO  server.RaftServerConfigKeys (ConfUtils.java:logGet(43)) - raft.server.log.statemachine.data.sync.timeout = 10s (default)
2019-06-14 12:15:45,750 INFO  server.RaftServerConfigKeys (ConfUtils.java:logGet(43)) - raft.server.log.statemachine.data.sync.timeout.retry = -1 (default)
2019-06-14 12:15:45,751 INFO  server.RaftServerConfigKeys (ConfUtils.java:logGet(43)) - raft.server.log.statemachine.data.caching.enabled = true (custom)
2019-06-14 12:15:45,751 INFO  server.RaftServerConfigKeys (ConfUtils.java:logGet(43)) - raft.server.snapshot.auto.trigger.enabled = true (custom)
2019-06-14 12:15:45,751 INFO  server.RaftServerConfigKeys (ConfUtils.java:logGet(43)) - raft.server.snapshot.auto.trigger.threshold = 10000 (custom)
2019-06-14 12:15:45,751 INFO  server.RaftServerConfigKeys (ConfUtils.java:logGet(43)) - raft.server.retrycache.expirytime = 600000ms (custom)
2019-06-14 12:15:45,752 INFO  impl.RaftServerImpl (RaftServerImpl.java:start(173)) - 56665e1f-8527-4c8d-9b25-b26c363fb5e1: start group-94A0E08C0E32
2019-06-14 12:15:45,752 INFO  impl.RaftServerImpl (RaftServerImpl.java:setRole(164)) - 56665e1f-8527-4c8d-9b25-b26c363fb5e1:group-94A0E08C0E32 changes role from null to FOLLOWER at term 0 for startAsFollower
2019-06-14 12:15:45,752 INFO  impl.RoleInfo (RoleInfo.java:updateAndGet(143)) - 56665e1f-8527-4c8d-9b25-b26c363fb5e1: start FollowerState
2019-06-14 12:15:45,761 INFO  util.JmxRegister (JmxRegister.java:tryRegister(44)) - Successfully registered JMX Bean with object name Ratis:service=RaftServer,group=group-94A0E08C0E32,id=56665e1f-8527-4c8d-9b25-b26c363fb5e1
2019-06-14 12:15:45,787 INFO  pipeline.PipelineStateManager (PipelineStateManager.java:addPipeline(56)) - Created pipeline Pipeline[ Id: 757e6c62-8f6a-46f6-a77d-94a0e08c0e32, Nodes: 56665e1f-8527-4c8d-9b25-b26c363fb5e1{ip: 192.168.105.183, host: ozone-5z4sx-3769091767, networkLocation: /default-rack, certSerialId: null}, Type:RATIS, Factor:ONE, State:OPEN]
2019-06-14 12:15:46,153 INFO  impl.FollowerState (FollowerState.java:run(101)) - 682067a8-b68c-4674-bf53-611232968af1:group-31517484272E changes to CANDIDATE, lastRpcTime:1161, electionTimeout:1158ms
2019-06-14 12:15:46,153 INFO  impl.RoleInfo (RoleInfo.java:shutdownFollowerState(121)) - 682067a8-b68c-4674-bf53-611232968af1: shutdown FollowerState
2019-06-14 12:15:46,154 INFO  impl.RaftServerImpl (RaftServerImpl.java:setRole(164)) - 682067a8-b68c-4674-bf53-611232968af1:group-31517484272E changes role from FOLLOWER to CANDIDATE at term 0 for changeToCandidate
2019-06-14 12:15:46,155 INFO  impl.RoleInfo (RoleInfo.java:updateAndGet(143)) - 682067a8-b68c-4674-bf53-611232968af1: start LeaderElection
2019-06-14 12:15:46,163 INFO  impl.LeaderElection (LeaderElection.java:askForVotes(181)) - 682067a8-b68c-4674-bf53-611232968af1:group-31517484272E:LeaderElection1: begin an election at term 1 for -1: [682067a8-b68c-4674-bf53-611232968af1:192.168.105.183:40955], old=null
2019-06-14 12:15:46,165 INFO  impl.RoleInfo (RoleInfo.java:shutdownLeaderElection(134)) - 682067a8-b68c-4674-bf53-611232968af1: shutdown LeaderElection
2019-06-14 12:15:46,165 INFO  impl.RaftServerImpl (RaftServerImpl.java:setRole(164)) - 682067a8-b68c-4674-bf53-611232968af1:group-31517484272E changes role from CANDIDATE to LEADER at term 1 for changeToLeader
2019-06-14 12:15:46,165 INFO  impl.RaftServerImpl (ServerState.java:setLeader(263)) - 682067a8-b68c-4674-bf53-611232968af1:group-31517484272E change Leader from null to 682067a8-b68c-4674-bf53-611232968af1 at term 1 for becomeLeader, leader elected after 1243ms
2019-06-14 12:15:46,167 INFO  impl.FollowerState (FollowerState.java:run(101)) - aaf9ed50-98cf-4206-a044-8700576ca76b:group-4B33E55CAEF3 changes to CANDIDATE, lastRpcTime:1017, electionTimeout:1014ms
2019-06-14 12:15:46,170 INFO  impl.RoleInfo (RoleInfo.java:shutdownFollowerState(121)) - aaf9ed50-98cf-4206-a044-8700576ca76b: shutdown FollowerState
2019-06-14 12:15:46,171 INFO  impl.RaftServerImpl (RaftServerImpl.java:setRole(164)) - aaf9ed50-98cf-4206-a044-8700576ca76b:group-4B33E55CAEF3 changes role from FOLLOWER to CANDIDATE at term 0 for changeToCandidate
2019-06-14 12:15:46,171 INFO  impl.RoleInfo (RoleInfo.java:updateAndGet(143)) - aaf9ed50-98cf-4206-a044-8700576ca76b: start LeaderElection
2019-06-14 12:15:46,179 INFO  server.RaftServerConfigKeys (ConfUtils.java:logGet(43)) - raft.server.staging.catchup.gap = 1000 (default)
2019-06-14 12:15:46,179 INFO  server.RaftServerConfigKeys (ConfUtils.java:logGet(43)) - raft.server.rpc.sleep.time = 25ms (default)
2019-06-14 12:15:46,180 INFO  impl.LeaderElection (LeaderElection.java:askForVotes(181)) - aaf9ed50-98cf-4206-a044-8700576ca76b:group-4B33E55CAEF3:LeaderElection2: begin an election at term 1 for -1: [aaf9ed50-98cf-4206-a044-8700576ca76b:192.168.105.183:34093], old=null
2019-06-14 12:15:46,181 INFO  impl.RoleInfo (RoleInfo.java:shutdownLeaderElection(134)) - aaf9ed50-98cf-4206-a044-8700576ca76b: shutdown LeaderElection
2019-06-14 12:15:46,181 INFO  impl.RaftServerImpl (RaftServerImpl.java:setRole(164)) - aaf9ed50-98cf-4206-a044-8700576ca76b:group-4B33E55CAEF3 changes role from CANDIDATE to LEADER at term 1 for changeToLeader
2019-06-14 12:15:46,181 INFO  impl.RaftServerImpl (ServerState.java:setLeader(263)) - aaf9ed50-98cf-4206-a044-8700576ca76b:group-4B33E55CAEF3 change Leader from null to aaf9ed50-98cf-4206-a044-8700576ca76b at term 1 for becomeLeader, leader elected after 1039ms
2019-06-14 12:15:46,183 INFO  server.RaftServerConfigKeys (ConfUtils.java:logGet(43)) - raft.server.staging.catchup.gap = 1000 (default)
2019-06-14 12:15:46,183 INFO  server.RaftServerConfigKeys (ConfUtils.java:logGet(43)) - raft.server.rpc.sleep.time = 25ms (default)
2019-06-14 12:15:46,185 INFO  server.RaftServerConfigKeys (ConfUtils.java:logGet(43)) - raft.server.watch.timeout = 10s (default)
2019-06-14 12:15:46,185 INFO  server.RaftServerConfigKeys (ConfUtils.java:logGet(43)) - raft.server.watch.timeout = 10s (default)
2019-06-14 12:15:46,185 INFO  server.RaftServerConfigKeys (ConfUtils.java:logGet(43)) - raft.server.watch.timeout.denomination = 1s (default)
2019-06-14 12:15:46,185 INFO  server.RaftServerConfigKeys (ConfUtils.java:logGet(43)) - raft.server.watch.timeout.denomination = 1s (default)
2019-06-14 12:15:46,193 INFO  impl.RoleInfo (RoleInfo.java:updateAndGet(143)) - aaf9ed50-98cf-4206-a044-8700576ca76b: start LeaderState
2019-06-14 12:15:46,197 INFO  impl.RoleInfo (RoleInfo.java:updateAndGet(143)) - 682067a8-b68c-4674-bf53-611232968af1: start LeaderState
2019-06-14 12:15:46,223 INFO  storage.RaftLogWorker (RaftLogWorker.java:startLogSegment(298)) - aaf9ed50-98cf-4206-a044-8700576ca76b-RaftLogWorker: Starting segment from index:0
2019-06-14 12:15:46,223 INFO  storage.RaftLogWorker (RaftLogWorker.java:startLogSegment(298)) - 682067a8-b68c-4674-bf53-611232968af1-RaftLogWorker: Starting segment from index:0
2019-06-14 12:15:46,234 INFO  impl.RaftServerImpl (ServerState.java:setRaftConf(361)) - aaf9ed50-98cf-4206-a044-8700576ca76b:group-4B33E55CAEF3 set configuration 0: [aaf9ed50-98cf-4206-a044-8700576ca76b:192.168.105.183:34093], old=null at 0
2019-06-14 12:15:46,236 INFO  ozone.MiniOzoneClusterImpl (MiniOzoneClusterImpl.java:lambda$waitForClusterToBeReady$0(142)) - Waiting for cluster to be ready. Got 5 of 6 DN Heartbeats.
2019-06-14 12:15:46,237 INFO  impl.RaftServerImpl (ServerState.java:setRaftConf(361)) - 682067a8-b68c-4674-bf53-611232968af1:group-31517484272E set configuration 0: [682067a8-b68c-4674-bf53-611232968af1:192.168.105.183:40955], old=null at 0
2019-06-14 12:15:46,260 INFO  impl.FollowerState (FollowerState.java:run(101)) - db59158f-0b39-4504-803a-4c8bf02f58d8:group-8DDDB1FEFBAC changes to CANDIDATE, lastRpcTime:1013, electionTimeout:1013ms
2019-06-14 12:15:46,260 INFO  impl.RoleInfo (RoleInfo.java:shutdownFollowerState(121)) - db59158f-0b39-4504-803a-4c8bf02f58d8: shutdown FollowerState
2019-06-14 12:15:46,260 INFO  impl.RaftServerImpl (RaftServerImpl.java:setRole(164)) - db59158f-0b39-4504-803a-4c8bf02f58d8:group-8DDDB1FEFBAC changes role from FOLLOWER to CANDIDATE at term 0 for changeToCandidate
2019-06-14 12:15:46,261 INFO  impl.RoleInfo (RoleInfo.java:updateAndGet(143)) - db59158f-0b39-4504-803a-4c8bf02f58d8: start LeaderElection
2019-06-14 12:15:46,266 INFO  impl.LeaderElection (LeaderElection.java:askForVotes(181)) - db59158f-0b39-4504-803a-4c8bf02f58d8:group-8DDDB1FEFBAC:LeaderElection3: begin an election at term 1 for -1: [db59158f-0b39-4504-803a-4c8bf02f58d8:192.168.105.183:46387], old=null
2019-06-14 12:15:46,266 INFO  impl.RoleInfo (RoleInfo.java:shutdownLeaderElection(134)) - db59158f-0b39-4504-803a-4c8bf02f58d8: shutdown LeaderElection
2019-06-14 12:15:46,266 INFO  impl.RaftServerImpl (RaftServerImpl.java:setRole(164)) - db59158f-0b39-4504-803a-4c8bf02f58d8:group-8DDDB1FEFBAC changes role from CANDIDATE to LEADER at term 1 for changeToLeader
2019-06-14 12:15:46,266 INFO  impl.RaftServerImpl (ServerState.java:setLeader(263)) - db59158f-0b39-4504-803a-4c8bf02f58d8:group-8DDDB1FEFBAC change Leader from null to db59158f-0b39-4504-803a-4c8bf02f58d8 at term 1 for becomeLeader, leader elected after 1024ms
2019-06-14 12:15:46,267 INFO  server.RaftServerConfigKeys (ConfUtils.java:logGet(43)) - raft.server.staging.catchup.gap = 1000 (default)
2019-06-14 12:15:46,267 INFO  server.RaftServerConfigKeys (ConfUtils.java:logGet(43)) - raft.server.rpc.sleep.time = 25ms (default)
2019-06-14 12:15:46,268 INFO  server.RaftServerConfigKeys (ConfUtils.java:logGet(43)) - raft.server.watch.timeout = 10s (default)
2019-06-14 12:15:46,268 INFO  server.RaftServerConfigKeys (ConfUtils.java:logGet(43)) - raft.server.watch.timeout.denomination = 1s (default)
2019-06-14 12:15:46,268 INFO  impl.RoleInfo (RoleInfo.java:updateAndGet(143)) - db59158f-0b39-4504-803a-4c8bf02f58d8: start LeaderState
2019-06-14 12:15:46,268 INFO  storage.RaftLogWorker (RaftLogWorker.java:startLogSegment(298)) - db59158f-0b39-4504-803a-4c8bf02f58d8-RaftLogWorker: Starting segment from index:0
2019-06-14 12:15:46,269 INFO  impl.RaftServerImpl (ServerState.java:setRaftConf(361)) - db59158f-0b39-4504-803a-4c8bf02f58d8:group-8DDDB1FEFBAC set configuration 0: [db59158f-0b39-4504-803a-4c8bf02f58d8:192.168.105.183:46387], old=null at 0
2019-06-14 12:15:46,279 INFO  node.SCMNodeManager (SCMNodeManager.java:register(234)) - Registered Data node : 0cda71be-0a83-4948-8e8d-692a331f59fe{ip: 192.168.105.183, host: ozone-5z4sx-3769091767, networkLocation: /default-rack, certSerialId: null}
2019-06-14 12:15:46,290 INFO  impl.RaftServerProxy (RaftServerProxy.java:addNew(89)) - 0cda71be-0a83-4948-8e8d-692a331f59fe: addNew group-1BA463078A22:[0cda71be-0a83-4948-8e8d-692a331f59fe:192.168.105.183:37167] returns group-1BA463078A22:java.util.concurrent.CompletableFuture@16e89c93[Not completed]
2019-06-14 12:15:46,292 INFO  impl.RaftServerImpl (RaftServerImpl.java:<init>(91)) - 0cda71be-0a83-4948-8e8d-692a331f59fe: new RaftServerImpl for group-1BA463078A22:[0cda71be-0a83-4948-8e8d-692a331f59fe:192.168.105.183:37167] with ContainerStateMachine:uninitialized
2019-06-14 12:15:46,292 INFO  server.RaftServerConfigKeys (ConfUtils.java:logGet(43)) - raft.server.rpc.timeout.min = 1s (custom)
2019-06-14 12:15:46,293 INFO  server.RaftServerConfigKeys (ConfUtils.java:logGet(43)) - raft.server.rpc.timeout.max = 1200ms (custom)
2019-06-14 12:15:46,293 INFO  server.RaftServerConfigKeys (ConfUtils.java:logGet(43)) - raft.server.rpcslowness.timeout = 10s (custom)
2019-06-14 12:15:46,293 INFO  server.RaftServerConfigKeys (ConfUtils.java:logGet(43)) - raft.server.log.appender.install.snapshot.enabled = true (default)
2019-06-14 12:15:46,293 INFO  impl.RaftServerImpl (ServerState.java:<init>(101)) - 0cda71be-0a83-4948-8e8d-692a331f59fe:group-1BA463078A22 ConfigurationManager, init=-1: [0cda71be-0a83-4948-8e8d-692a331f59fe:192.168.105.183:37167], old=null, confs=<EMPTY_MAP>
2019-06-14 12:15:46,293 INFO  server.RaftServerConfigKeys (ConfUtils.java:logGet(43)) - raft.server.storage.dir = [/opt/src/hadoop-ozone/integration-test/target/test-dir/MiniOzoneClusterImpl-4ea2c975-d826-4495-8219-906e18966a0f/datanode-5/data/ratis] (custom)
2019-06-14 12:15:46,293 INFO  storage.RaftStorageDirectory (RaftStorageDirectory.java:analyzeStorage(246)) - The storage directory /opt/src/hadoop-ozone/integration-test/target/test-dir/MiniOzoneClusterImpl-4ea2c975-d826-4495-8219-906e18966a0f/datanode-5/data/ratis/a071d6a2-19f8-44e9-8597-1ba463078a22 does not exist. Creating ...
2019-06-14 12:15:46,296 INFO  storage.RaftStorageDirectory (RaftStorageDirectory.java:tryLock(328)) - Lock on /opt/src/hadoop-ozone/integration-test/target/test-dir/MiniOzoneClusterImpl-4ea2c975-d826-4495-8219-906e18966a0f/datanode-5/data/ratis/a071d6a2-19f8-44e9-8597-1ba463078a22/in_use.lock acquired by nodename 10068@ozone-5z4sx-3769091767
2019-06-14 12:15:46,298 INFO  storage.RaftStorage (RaftStorage.java:format(75)) - Storage directory /opt/src/hadoop-ozone/integration-test/target/test-dir/MiniOzoneClusterImpl-4ea2c975-d826-4495-8219-906e18966a0f/datanode-5/data/ratis/a071d6a2-19f8-44e9-8597-1ba463078a22 has been successfully formatted.
2019-06-14 12:15:46,299 INFO  ratis.ContainerStateMachine (ContainerStateMachine.java:loadSnapshot(199)) - The snapshot info is null.Setting the last applied index to:(t:0, i:~)
2019-06-14 12:15:46,299 INFO  server.RaftServerConfigKeys (ConfUtils.java:logGet(43)) - raft.server.leader.election.timeout = 10s (custom)
2019-06-14 12:15:46,299 INFO  server.RaftServerConfigKeys (ConfUtils.java:logGet(43)) - raft.server.log.use.memory = false (default)
2019-06-14 12:15:46,299 INFO  server.RaftServerConfigKeys (ConfUtils.java:logGet(43)) - raft.server.log.appender.buffer.byte-limit = 33554432 (custom)
2019-06-14 12:15:46,299 INFO  server.RaftServerConfigKeys (ConfUtils.java:logGet(43)) - raft.server.log.segment.size.max = 16384 (custom)
2019-06-14 12:15:46,299 INFO  server.RaftServerConfigKeys (ConfUtils.java:logGet(43)) - raft.server.log.segment.cache.num.max = 2 (custom)
2019-06-14 12:15:46,299 INFO  storage.RaftLogWorker (RaftLogWorker.java:<init>(123)) - new 0cda71be-0a83-4948-8e8d-692a331f59fe-RaftLogWorker for Storage Directory /opt/src/hadoop-ozone/integration-test/target/test-dir/MiniOzoneClusterImpl-4ea2c975-d826-4495-8219-906e18966a0f/datanode-5/data/ratis/a071d6a2-19f8-44e9-8597-1ba463078a22
2019-06-14 12:15:46,299 INFO  server.RaftServerConfigKeys (ConfUtils.java:logGet(43)) - raft.server.log.queue.byte-limit = 2147483647 (custom)
2019-06-14 12:15:46,299 INFO  server.RaftServerConfigKeys (ConfUtils.java:logGet(43)) - raft.server.log.queue.element-limit = 1024 (custom)
2019-06-14 12:15:46,299 INFO  server.RaftServerConfigKeys (ConfUtils.java:logGet(43)) - raft.server.log.segment.size.max = 16384 (custom)
2019-06-14 12:15:46,299 INFO  server.RaftServerConfigKeys (ConfUtils.java:logGet(43)) - raft.server.log.preallocated.size = 16384 (custom)
2019-06-14 12:15:46,299 INFO  server.RaftServerConfigKeys (ConfUtils.java:logGet(43)) - raft.server.log.write.buffer.size = 33554432 (custom)
2019-06-14 12:15:46,299 INFO  server.RaftServerConfigKeys (ConfUtils.java:logGet(43)) - raft.server.log.force.sync.num = 128 (default)
2019-06-14 12:15:46,300 INFO  server.RaftServerConfigKeys (ConfUtils.java:logGet(43)) - raft.server.log.statemachine.data.sync = true (default)
2019-06-14 12:15:46,300 INFO  server.RaftServerConfigKeys (ConfUtils.java:logGet(43)) - raft.server.log.statemachine.data.sync.timeout = 10s (default)
2019-06-14 12:15:46,300 INFO  server.RaftServerConfigKeys (ConfUtils.java:logGet(43)) - raft.server.log.statemachine.data.sync.timeout.retry = -1 (default)
2019-06-14 12:15:46,300 INFO  server.RaftServerConfigKeys (ConfUtils.java:logGet(43)) - raft.server.log.statemachine.data.caching.enabled = true (custom)
2019-06-14 12:15:46,300 INFO  server.RaftServerConfigKeys (ConfUtils.java:logGet(43)) - raft.server.snapshot.auto.trigger.enabled = true (custom)
2019-06-14 12:15:46,300 INFO  server.RaftServerConfigKeys (ConfUtils.java:logGet(43)) - raft.server.snapshot.auto.trigger.threshold = 10000 (custom)
2019-06-14 12:15:46,300 INFO  server.RaftServerConfigKeys (ConfUtils.java:logGet(43)) - raft.server.retrycache.expirytime = 600000ms (custom)
2019-06-14 12:15:46,300 INFO  impl.RaftServerImpl (RaftServerImpl.java:start(173)) - 0cda71be-0a83-4948-8e8d-692a331f59fe: start group-1BA463078A22
2019-06-14 12:15:46,301 INFO  impl.RaftServerImpl (RaftServerImpl.java:setRole(164)) - 0cda71be-0a83-4948-8e8d-692a331f59fe:group-1BA463078A22 changes role from null to FOLLOWER at term 0 for startAsFollower
2019-06-14 12:15:46,301 INFO  impl.RoleInfo (RoleInfo.java:updateAndGet(143)) - 0cda71be-0a83-4948-8e8d-692a331f59fe: start FollowerState
2019-06-14 12:15:46,301 INFO  util.JmxRegister (JmxRegister.java:tryRegister(44)) - Successfully registered JMX Bean with object name Ratis:service=RaftServer,group=group-1BA463078A22,id=0cda71be-0a83-4948-8e8d-692a331f59fe
2019-06-14 12:15:46,307 INFO  pipeline.PipelineStateManager (PipelineStateManager.java:addPipeline(56)) - Created pipeline Pipeline[ Id: a071d6a2-19f8-44e9-8597-1ba463078a22, Nodes: 0cda71be-0a83-4948-8e8d-692a331f59fe{ip: 192.168.105.183, host: ozone-5z4sx-3769091767, networkLocation: /default-rack, certSerialId: null}, Type:RATIS, Factor:ONE, State:OPEN]
2019-06-14 12:15:46,327 INFO  impl.RaftServerProxy (RaftServerProxy.java:addNew(89)) - 0cda71be-0a83-4948-8e8d-692a331f59fe: addNew group-CD734B4F23C4:[0cda71be-0a83-4948-8e8d-692a331f59fe:192.168.105.183:37167, 1688be03-17bf-4d9f-8f5b-99d104c3259a:192.168.105.183:44509, 56665e1f-8527-4c8d-9b25-b26c363fb5e1:192.168.105.183:45195] returns group-CD734B4F23C4:java.util.concurrent.CompletableFuture@2030ce71[Not completed]
2019-06-14 12:15:46,329 INFO  impl.RaftServerProxy (RaftServerProxy.java:addNew(89)) - 56665e1f-8527-4c8d-9b25-b26c363fb5e1: addNew group-CD734B4F23C4:[0cda71be-0a83-4948-8e8d-692a331f59fe:192.168.105.183:37167, 1688be03-17bf-4d9f-8f5b-99d104c3259a:192.168.105.183:44509, 56665e1f-8527-4c8d-9b25-b26c363fb5e1:192.168.105.183:45195] returns group-CD734B4F23C4:java.util.concurrent.CompletableFuture@65325413[Not completed]
2019-06-14 12:15:46,329 INFO  impl.RaftServerProxy (RaftServerProxy.java:addNew(89)) - 1688be03-17bf-4d9f-8f5b-99d104c3259a: addNew group-CD734B4F23C4:[0cda71be-0a83-4948-8e8d-692a331f59fe:192.168.105.183:37167, 1688be03-17bf-4d9f-8f5b-99d104c3259a:192.168.105.183:44509, 56665e1f-8527-4c8d-9b25-b26c363fb5e1:192.168.105.183:45195] returns group-CD734B4F23C4:java.util.concurrent.CompletableFuture@6c2b2f16[Not completed]
2019-06-14 12:15:46,333 INFO  impl.RaftServerImpl (RaftServerImpl.java:<init>(91)) - 0cda71be-0a83-4948-8e8d-692a331f59fe: new RaftServerImpl for group-CD734B4F23C4:[0cda71be-0a83-4948-8e8d-692a331f59fe:192.168.105.183:37167, 1688be03-17bf-4d9f-8f5b-99d104c3259a:192.168.105.183:44509, 56665e1f-8527-4c8d-9b25-b26c363fb5e1:192.168.105.183:45195] with ContainerStateMachine:uninitialized
2019-06-14 12:15:46,333 INFO  server.RaftServerConfigKeys (ConfUtils.java:logGet(43)) - raft.server.rpc.timeout.min = 1s (custom)
2019-06-14 12:15:46,334 INFO  server.RaftServerConfigKeys (ConfUtils.java:logGet(43)) - raft.server.rpc.timeout.max = 1200ms (custom)
2019-06-14 12:15:46,334 INFO  server.RaftServerConfigKeys (ConfUtils.java:logGet(43)) - raft.server.rpcslowness.timeout = 10s (custom)
2019-06-14 12:15:46,334 INFO  server.RaftServerConfigKeys (ConfUtils.java:logGet(43)) - raft.server.log.appender.install.snapshot.enabled = true (default)
2019-06-14 12:15:46,334 INFO  impl.RaftServerImpl (RaftServerImpl.java:<init>(91)) - 1688be03-17bf-4d9f-8f5b-99d104c3259a: new RaftServerImpl for group-CD734B4F23C4:[0cda71be-0a83-4948-8e8d-692a331f59fe:192.168.105.183:37167, 1688be03-17bf-4d9f-8f5b-99d104c3259a:192.168.105.183:44509, 56665e1f-8527-4c8d-9b25-b26c363fb5e1:192.168.105.183:45195] with ContainerStateMachine:uninitialized
2019-06-14 12:15:46,334 INFO  server.RaftServerConfigKeys (ConfUtils.java:logGet(43)) - raft.server.rpc.timeout.min = 1s (custom)
2019-06-14 12:15:46,334 INFO  server.RaftServerConfigKeys (ConfUtils.java:logGet(43)) - raft.server.rpc.timeout.max = 1200ms (custom)
2019-06-14 12:15:46,334 INFO  server.RaftServerConfigKeys (ConfUtils.java:logGet(43)) - raft.server.rpcslowness.timeout = 10s (custom)
2019-06-14 12:15:46,334 INFO  server.RaftServerConfigKeys (ConfUtils.java:logGet(43)) - raft.server.log.appender.install.snapshot.enabled = true (default)
2019-06-14 12:15:46,334 INFO  impl.RaftServerImpl (ServerState.java:<init>(101)) - 1688be03-17bf-4d9f-8f5b-99d104c3259a:group-CD734B4F23C4 ConfigurationManager, init=-1: [0cda71be-0a83-4948-8e8d-692a331f59fe:192.168.105.183:37167, 1688be03-17bf-4d9f-8f5b-99d104c3259a:192.168.105.183:44509, 56665e1f-8527-4c8d-9b25-b26c363fb5e1:192.168.105.183:45195], old=null, confs=<EMPTY_MAP>
2019-06-14 12:15:46,334 INFO  impl.RaftServerImpl (ServerState.java:<init>(101)) - 0cda71be-0a83-4948-8e8d-692a331f59fe:group-CD734B4F23C4 ConfigurationManager, init=-1: [0cda71be-0a83-4948-8e8d-692a331f59fe:192.168.105.183:37167, 1688be03-17bf-4d9f-8f5b-99d104c3259a:192.168.105.183:44509, 56665e1f-8527-4c8d-9b25-b26c363fb5e1:192.168.105.183:45195], old=null, confs=<EMPTY_MAP>
2019-06-14 12:15:46,335 INFO  server.RaftServerConfigKeys (ConfUtils.java:logGet(43)) - raft.server.storage.dir = [/opt/src/hadoop-ozone/integration-test/target/test-dir/MiniOzoneClusterImpl-4ea2c975-d826-4495-8219-906e18966a0f/datanode-5/data/ratis] (custom)
2019-06-14 12:15:46,335 INFO  storage.RaftStorageDirectory (RaftStorageDirectory.java:analyzeStorage(246)) - The storage directory /opt/src/hadoop-ozone/integration-test/target/test-dir/MiniOzoneClusterImpl-4ea2c975-d826-4495-8219-906e18966a0f/datanode-5/data/ratis/0fdf708f-7e4b-4eaa-855d-cd734b4f23c4 does not exist. Creating ...
2019-06-14 12:15:46,335 INFO  impl.RaftServerImpl (RaftServerImpl.java:<init>(91)) - 56665e1f-8527-4c8d-9b25-b26c363fb5e1: new RaftServerImpl for group-CD734B4F23C4:[0cda71be-0a83-4948-8e8d-692a331f59fe:192.168.105.183:37167, 1688be03-17bf-4d9f-8f5b-99d104c3259a:192.168.105.183:44509, 56665e1f-8527-4c8d-9b25-b26c363fb5e1:192.168.105.183:45195] with ContainerStateMachine:uninitialized
2019-06-14 12:15:46,335 INFO  server.RaftServerConfigKeys (ConfUtils.java:logGet(43)) - raft.server.rpc.timeout.min = 1s (custom)
2019-06-14 12:15:46,335 INFO  server.RaftServerConfigKeys (ConfUtils.java:logGet(43)) - raft.server.rpc.timeout.max = 1200ms (custom)
2019-06-14 12:15:46,335 INFO  server.RaftServerConfigKeys (ConfUtils.java:logGet(43)) - raft.server.rpcslowness.timeout = 10s (custom)
2019-06-14 12:15:46,335 INFO  server.RaftServerConfigKeys (ConfUtils.java:logGet(43)) - raft.server.log.appender.install.snapshot.enabled = true (default)
2019-06-14 12:15:46,336 INFO  impl.RaftServerImpl (ServerState.java:<init>(101)) - 56665e1f-8527-4c8d-9b25-b26c363fb5e1:group-CD734B4F23C4 ConfigurationManager, init=-1: [0cda71be-0a83-4948-8e8d-692a331f59fe:192.168.105.183:37167, 1688be03-17bf-4d9f-8f5b-99d104c3259a:192.168.105.183:44509, 56665e1f-8527-4c8d-9b25-b26c363fb5e1:192.168.105.183:45195], old=null, confs=<EMPTY_MAP>
2019-06-14 12:15:46,336 INFO  server.RaftServerConfigKeys (ConfUtils.java:logGet(43)) - raft.server.storage.dir = [/opt/src/hadoop-ozone/integration-test/target/test-dir/MiniOzoneClusterImpl-4ea2c975-d826-4495-8219-906e18966a0f/datanode-4/data/ratis] (custom)
2019-06-14 12:15:46,336 INFO  storage.RaftStorageDirectory (RaftStorageDirectory.java:analyzeStorage(246)) - The storage directory /opt/src/hadoop-ozone/integration-test/target/test-dir/MiniOzoneClusterImpl-4ea2c975-d826-4495-8219-906e18966a0f/datanode-4/data/ratis/0fdf708f-7e4b-4eaa-855d-cd734b4f23c4 does not exist. Creating ...
2019-06-14 12:15:46,335 INFO  server.RaftServerConfigKeys (ConfUtils.java:logGet(43)) - raft.server.storage.dir = [/opt/src/hadoop-ozone/integration-test/target/test-dir/MiniOzoneClusterImpl-4ea2c975-d826-4495-8219-906e18966a0f/datanode-3/data/ratis] (custom)
2019-06-14 12:15:46,337 INFO  storage.RaftStorageDirectory (RaftStorageDirectory.java:analyzeStorage(246)) - The storage directory /opt/src/hadoop-ozone/integration-test/target/test-dir/MiniOzoneClusterImpl-4ea2c975-d826-4495-8219-906e18966a0f/datanode-3/data/ratis/0fdf708f-7e4b-4eaa-855d-cd734b4f23c4 does not exist. Creating ...
2019-06-14 12:15:46,338 INFO  storage.RaftStorageDirectory (RaftStorageDirectory.java:tryLock(328)) - Lock on /opt/src/hadoop-ozone/integration-test/target/test-dir/MiniOzoneClusterImpl-4ea2c975-d826-4495-8219-906e18966a0f/datanode-4/data/ratis/0fdf708f-7e4b-4eaa-855d-cd734b4f23c4/in_use.lock acquired by nodename 10068@ozone-5z4sx-3769091767
2019-06-14 12:15:46,339 INFO  storage.RaftStorageDirectory (RaftStorageDirectory.java:tryLock(328)) - Lock on /opt/src/hadoop-ozone/integration-test/target/test-dir/MiniOzoneClusterImpl-4ea2c975-d826-4495-8219-906e18966a0f/datanode-3/data/ratis/0fdf708f-7e4b-4eaa-855d-cd734b4f23c4/in_use.lock acquired by nodename 10068@ozone-5z4sx-3769091767
2019-06-14 12:15:46,339 INFO  storage.RaftStorageDirectory (RaftStorageDirectory.java:tryLock(328)) - Lock on /opt/src/hadoop-ozone/integration-test/target/test-dir/MiniOzoneClusterImpl-4ea2c975-d826-4495-8219-906e18966a0f/datanode-5/data/ratis/0fdf708f-7e4b-4eaa-855d-cd734b4f23c4/in_use.lock acquired by nodename 10068@ozone-5z4sx-3769091767
2019-06-14 12:15:46,341 INFO  storage.RaftStorage (RaftStorage.java:format(75)) - Storage directory /opt/src/hadoop-ozone/integration-test/target/test-dir/MiniOzoneClusterImpl-4ea2c975-d826-4495-8219-906e18966a0f/datanode-4/data/ratis/0fdf708f-7e4b-4eaa-855d-cd734b4f23c4 has been successfully formatted.
2019-06-14 12:15:46,341 INFO  ratis.ContainerStateMachine (ContainerStateMachine.java:loadSnapshot(199)) - The snapshot info is null.Setting the last applied index to:(t:0, i:~)
2019-06-14 12:15:46,342 INFO  server.RaftServerConfigKeys (ConfUtils.java:logGet(43)) - raft.server.leader.election.timeout = 10s (custom)
2019-06-14 12:15:46,342 INFO  server.RaftServerConfigKeys (ConfUtils.java:logGet(43)) - raft.server.log.use.memory = false (default)
2019-06-14 12:15:46,342 INFO  server.RaftServerConfigKeys (ConfUtils.java:logGet(43)) - raft.server.log.appender.buffer.byte-limit = 33554432 (custom)
2019-06-14 12:15:46,342 INFO  storage.RaftStorage (RaftStorage.java:format(75)) - Storage directory /opt/src/hadoop-ozone/integration-test/target/test-dir/MiniOzoneClusterImpl-4ea2c975-d826-4495-8219-906e18966a0f/datanode-3/data/ratis/0fdf708f-7e4b-4eaa-855d-cd734b4f23c4 has been successfully formatted.
2019-06-14 12:15:46,342 INFO  server.RaftServerConfigKeys (ConfUtils.java:logGet(43)) - raft.server.log.segment.size.max = 16384 (custom)
2019-06-14 12:15:46,342 INFO  ratis.ContainerStateMachine (ContainerStateMachine.java:loadSnapshot(199)) - The snapshot info is null.Setting the last applied index to:(t:0, i:~)
2019-06-14 12:15:46,342 INFO  server.RaftServerConfigKeys (ConfUtils.java:logGet(43)) - raft.server.log.segment.cache.num.max = 2 (custom)
2019-06-14 12:15:46,342 INFO  server.RaftServerConfigKeys (ConfUtils.java:logGet(43)) - raft.server.leader.election.timeout = 10s (custom)
2019-06-14 12:15:46,342 INFO  storage.RaftStorage (RaftStorage.java:format(75)) - Storage directory /opt/src/hadoop-ozone/integration-test/target/test-dir/MiniOzoneClusterImpl-4ea2c975-d826-4495-8219-906e18966a0f/datanode-5/data/ratis/0fdf708f-7e4b-4eaa-855d-cd734b4f23c4 has been successfully formatted.
2019-06-14 12:15:46,342 INFO  storage.RaftLogWorker (RaftLogWorker.java:<init>(123)) - new 56665e1f-8527-4c8d-9b25-b26c363fb5e1-RaftLogWorker for Storage Directory /opt/src/hadoop-ozone/integration-test/target/test-dir/MiniOzoneClusterImpl-4ea2c975-d826-4495-8219-906e18966a0f/datanode-4/data/ratis/0fdf708f-7e4b-4eaa-855d-cd734b4f23c4
2019-06-14 12:15:46,342 INFO  server.RaftServerConfigKeys (ConfUtils.java:logGet(43)) - raft.server.log.use.memory = false (default)
2019-06-14 12:15:46,343 INFO  server.RaftServerConfigKeys (ConfUtils.java:logGet(43)) - raft.server.log.appender.buffer.byte-limit = 33554432 (custom)
2019-06-14 12:15:46,343 INFO  server.RaftServerConfigKeys (ConfUtils.java:logGet(43)) - raft.server.log.segment.size.max = 16384 (custom)
2019-06-14 12:15:46,343 INFO  server.RaftServerConfigKeys (ConfUtils.java:logGet(43)) - raft.server.log.segment.cache.num.max = 2 (custom)
2019-06-14 12:15:46,343 INFO  storage.RaftLogWorker (RaftLogWorker.java:<init>(123)) - new 1688be03-17bf-4d9f-8f5b-99d104c3259a-RaftLogWorker for Storage Directory /opt/src/hadoop-ozone/integration-test/target/test-dir/MiniOzoneClusterImpl-4ea2c975-d826-4495-8219-906e18966a0f/datanode-3/data/ratis/0fdf708f-7e4b-4eaa-855d-cd734b4f23c4
2019-06-14 12:15:46,343 INFO  server.RaftServerConfigKeys (ConfUtils.java:logGet(43)) - raft.server.log.queue.byte-limit = 2147483647 (custom)
2019-06-14 12:15:46,343 INFO  server.RaftServerConfigKeys (ConfUtils.java:logGet(43)) - raft.server.log.queue.element-limit = 1024 (custom)
2019-06-14 12:15:46,343 INFO  server.RaftServerConfigKeys (ConfUtils.java:logGet(43)) - raft.server.log.segment.size.max = 16384 (custom)
2019-06-14 12:15:46,343 INFO  server.RaftServerConfigKeys (ConfUtils.java:logGet(43)) - raft.server.log.preallocated.size = 16384 (custom)
2019-06-14 12:15:46,343 INFO  server.RaftServerConfigKeys (ConfUtils.java:logGet(43)) - raft.server.log.write.buffer.size = 33554432 (custom)
2019-06-14 12:15:46,343 INFO  server.RaftServerConfigKeys (ConfUtils.java:logGet(43)) - raft.server.log.force.sync.num = 128 (default)
2019-06-14 12:15:46,343 INFO  server.RaftServerConfigKeys (ConfUtils.java:logGet(43)) - raft.server.log.statemachine.data.sync = true (default)
2019-06-14 12:15:46,343 INFO  server.RaftServerConfigKeys (ConfUtils.java:logGet(43)) - raft.server.log.statemachine.data.sync.timeout = 10s (default)
2019-06-14 12:15:46,343 INFO  server.RaftServerConfigKeys (ConfUtils.java:logGet(43)) - raft.server.log.statemachine.data.sync.timeout.retry = -1 (default)
2019-06-14 12:15:46,344 INFO  server.RaftServerConfigKeys (ConfUtils.java:logGet(43)) - raft.server.log.statemachine.data.caching.enabled = true (custom)
2019-06-14 12:15:46,342 INFO  server.RaftServerConfigKeys (ConfUtils.java:logGet(43)) - raft.server.log.queue.byte-limit = 2147483647 (custom)
2019-06-14 12:15:46,344 INFO  server.RaftServerConfigKeys (ConfUtils.java:logGet(43)) - raft.server.log.queue.element-limit = 1024 (custom)
2019-06-14 12:15:46,344 INFO  server.RaftServerConfigKeys (ConfUtils.java:logGet(43)) - raft.server.log.segment.size.max = 16384 (custom)
2019-06-14 12:15:46,344 INFO  server.RaftServerConfigKeys (ConfUtils.java:logGet(43)) - raft.server.log.preallocated.size = 16384 (custom)
2019-06-14 12:15:46,344 INFO  server.RaftServerConfigKeys (ConfUtils.java:logGet(43)) - raft.server.log.write.buffer.size = 33554432 (custom)
2019-06-14 12:15:46,344 INFO  server.RaftServerConfigKeys (ConfUtils.java:logGet(43)) - raft.server.log.force.sync.num = 128 (default)
2019-06-14 12:15:46,344 INFO  server.RaftServerConfigKeys (ConfUtils.java:logGet(43)) - raft.server.log.statemachine.data.sync = true (default)
2019-06-14 12:15:46,344 INFO  server.RaftServerConfigKeys (ConfUtils.java:logGet(43)) - raft.server.log.statemachine.data.sync.timeout = 10s (default)
2019-06-14 12:15:46,345 INFO  server.RaftServerConfigKeys (ConfUtils.java:logGet(43)) - raft.server.log.statemachine.data.sync.timeout.retry = -1 (default)
2019-06-14 12:15:46,345 INFO  server.RaftServerConfigKeys (ConfUtils.java:logGet(43)) - raft.server.log.statemachine.data.caching.enabled = true (custom)
2019-06-14 12:15:46,344 INFO  server.RaftServerConfigKeys (ConfUtils.java:logGet(43)) - raft.server.snapshot.auto.trigger.enabled = true (custom)
2019-06-14 12:15:46,345 INFO  server.RaftServerConfigKeys (ConfUtils.java:logGet(43)) - raft.server.snapshot.auto.trigger.threshold = 10000 (custom)
2019-06-14 12:15:46,345 INFO  server.RaftServerConfigKeys (ConfUtils.java:logGet(43)) - raft.server.retrycache.expirytime = 600000ms (custom)
2019-06-14 12:15:46,345 INFO  impl.RaftServerImpl (RaftServerImpl.java:start(173)) - 1688be03-17bf-4d9f-8f5b-99d104c3259a: start group-CD734B4F23C4
2019-06-14 12:15:46,345 INFO  impl.RaftServerImpl (RaftServerImpl.java:setRole(164)) - 1688be03-17bf-4d9f-8f5b-99d104c3259a:group-CD734B4F23C4 changes role from null to FOLLOWER at term 0 for startAsFollower
2019-06-14 12:15:46,346 INFO  impl.RoleInfo (RoleInfo.java:updateAndGet(143)) - 1688be03-17bf-4d9f-8f5b-99d104c3259a: start FollowerState
2019-06-14 12:15:46,343 INFO  ratis.ContainerStateMachine (ContainerStateMachine.java:loadSnapshot(199)) - The snapshot info is null.Setting the last applied index to:(t:0, i:~)
2019-06-14 12:15:46,345 INFO  server.RaftServerConfigKeys (ConfUtils.java:logGet(43)) - raft.server.snapshot.auto.trigger.enabled = true (custom)
2019-06-14 12:15:46,346 INFO  server.RaftServerConfigKeys (ConfUtils.java:logGet(43)) - raft.server.leader.election.timeout = 10s (custom)
2019-06-14 12:15:46,346 INFO  server.RaftServerConfigKeys (ConfUtils.java:logGet(43)) - raft.server.log.use.memory = false (default)
2019-06-14 12:15:46,346 INFO  server.RaftServerConfigKeys (ConfUtils.java:logGet(43)) - raft.server.snapshot.auto.trigger.threshold = 10000 (custom)
2019-06-14 12:15:46,346 INFO  server.RaftServerConfigKeys (ConfUtils.java:logGet(43)) - raft.server.log.appender.buffer.byte-limit = 33554432 (custom)
2019-06-14 12:15:46,346 INFO  server.RaftServerConfigKeys (ConfUtils.java:logGet(43)) - raft.server.log.segment.size.max = 16384 (custom)
2019-06-14 12:15:46,346 INFO  server.RaftServerConfigKeys (ConfUtils.java:logGet(43)) - raft.server.log.segment.cache.num.max = 2 (custom)
2019-06-14 12:15:46,346 INFO  storage.RaftLogWorker (RaftLogWorker.java:<init>(123)) - new 0cda71be-0a83-4948-8e8d-692a331f59fe-RaftLogWorker for Storage Directory /opt/src/hadoop-ozone/integration-test/target/test-dir/MiniOzoneClusterImpl-4ea2c975-d826-4495-8219-906e18966a0f/datanode-5/data/ratis/0fdf708f-7e4b-4eaa-855d-cd734b4f23c4
2019-06-14 12:15:46,346 INFO  server.RaftServerConfigKeys (ConfUtils.java:logGet(43)) - raft.server.log.queue.byte-limit = 2147483647 (custom)
2019-06-14 12:15:46,346 INFO  server.RaftServerConfigKeys (ConfUtils.java:logGet(43)) - raft.server.log.queue.element-limit = 1024 (custom)
2019-06-14 12:15:46,347 INFO  server.RaftServerConfigKeys (ConfUtils.java:logGet(43)) - raft.server.log.segment.size.max = 16384 (custom)
2019-06-14 12:15:46,347 INFO  server.RaftServerConfigKeys (ConfUtils.java:logGet(43)) - raft.server.log.preallocated.size = 16384 (custom)
2019-06-14 12:15:46,347 INFO  server.RaftServerConfigKeys (ConfUtils.java:logGet(43)) - raft.server.log.write.buffer.size = 33554432 (custom)
2019-06-14 12:15:46,347 INFO  server.RaftServerConfigKeys (ConfUtils.java:logGet(43)) - raft.server.log.force.sync.num = 128 (default)
2019-06-14 12:15:46,347 INFO  server.RaftServerConfigKeys (ConfUtils.java:logGet(43)) - raft.server.log.statemachine.data.sync = true (default)
2019-06-14 12:15:46,347 INFO  server.RaftServerConfigKeys (ConfUtils.java:logGet(43)) - raft.server.log.statemachine.data.sync.timeout = 10s (default)
2019-06-14 12:15:46,347 INFO  server.RaftServerConfigKeys (ConfUtils.java:logGet(43)) - raft.server.log.statemachine.data.sync.timeout.retry = -1 (default)
2019-06-14 12:15:46,349 INFO  server.RaftServerConfigKeys (ConfUtils.java:logGet(43)) - raft.server.log.statemachine.data.caching.enabled = true (custom)
2019-06-14 12:15:46,349 INFO  server.RaftServerConfigKeys (ConfUtils.java:logGet(43)) - raft.server.retrycache.expirytime = 600000ms (custom)
2019-06-14 12:15:46,350 INFO  impl.RaftServerImpl (RaftServerImpl.java:start(173)) - 56665e1f-8527-4c8d-9b25-b26c363fb5e1: start group-CD734B4F23C4
2019-06-14 12:15:46,350 INFO  impl.RaftServerImpl (RaftServerImpl.java:setRole(164)) - 56665e1f-8527-4c8d-9b25-b26c363fb5e1:group-CD734B4F23C4 changes role from null to FOLLOWER at term 0 for startAsFollower
2019-06-14 12:15:46,350 INFO  util.JmxRegister (JmxRegister.java:tryRegister(44)) - Successfully registered JMX Bean with object name Ratis:service=RaftServer,group=group-CD734B4F23C4,id=1688be03-17bf-4d9f-8f5b-99d104c3259a
2019-06-14 12:15:46,357 INFO  server.RaftServerConfigKeys (ConfUtils.java:logGet(43)) - raft.server.snapshot.auto.trigger.enabled = true (custom)
2019-06-14 12:15:46,357 INFO  server.RaftServerConfigKeys (ConfUtils.java:logGet(43)) - raft.server.snapshot.auto.trigger.threshold = 10000 (custom)
2019-06-14 12:15:46,360 INFO  impl.RoleInfo (RoleInfo.java:updateAndGet(143)) - 56665e1f-8527-4c8d-9b25-b26c363fb5e1: start FollowerState
2019-06-14 12:15:46,360 INFO  server.RaftServerConfigKeys (ConfUtils.java:logGet(43)) - raft.server.retrycache.expirytime = 600000ms (custom)
2019-06-14 12:15:46,360 INFO  impl.RaftServerImpl (RaftServerImpl.java:start(173)) - 0cda71be-0a83-4948-8e8d-692a331f59fe: start group-CD734B4F23C4
2019-06-14 12:15:46,360 INFO  util.JmxRegister (JmxRegister.java:tryRegister(44)) - Successfully registered JMX Bean with object name Ratis:service=RaftServer,group=group-CD734B4F23C4,id=56665e1f-8527-4c8d-9b25-b26c363fb5e1
2019-06-14 12:15:46,361 INFO  impl.RaftServerImpl (RaftServerImpl.java:setRole(164)) - 0cda71be-0a83-4948-8e8d-692a331f59fe:group-CD734B4F23C4 changes role from null to FOLLOWER at term 0 for startAsFollower
2019-06-14 12:15:46,365 INFO  impl.RoleInfo (RoleInfo.java:updateAndGet(143)) - 0cda71be-0a83-4948-8e8d-692a331f59fe: start FollowerState
2019-06-14 12:15:46,365 INFO  util.JmxRegister (JmxRegister.java:tryRegister(44)) - Successfully registered JMX Bean with object name Ratis:service=RaftServer,group=group-CD734B4F23C4,id=0cda71be-0a83-4948-8e8d-692a331f59fe
2019-06-14 12:15:46,376 INFO  impl.FollowerState (FollowerState.java:run(101)) - 682067a8-b68c-4674-bf53-611232968af1:group-12B4104A9CE8 changes to CANDIDATE, lastRpcTime:1057, electionTimeout:1048ms
2019-06-14 12:15:46,376 INFO  impl.RoleInfo (RoleInfo.java:shutdownFollowerState(121)) - 682067a8-b68c-4674-bf53-611232968af1: shutdown FollowerState
2019-06-14 12:15:46,376 INFO  impl.RaftServerImpl (RaftServerImpl.java:setRole(164)) - 682067a8-b68c-4674-bf53-611232968af1:group-12B4104A9CE8 changes role from FOLLOWER to CANDIDATE at term 0 for changeToCandidate
2019-06-14 12:15:46,376 INFO  impl.RoleInfo (RoleInfo.java:updateAndGet(143)) - 682067a8-b68c-4674-bf53-611232968af1: start LeaderElection
2019-06-14 12:15:46,389 INFO  pipeline.PipelineStateManager (PipelineStateManager.java:addPipeline(56)) - Created pipeline Pipeline[ Id: 0fdf708f-7e4b-4eaa-855d-cd734b4f23c4, Nodes: 56665e1f-8527-4c8d-9b25-b26c363fb5e1{ip: 192.168.105.183, host: ozone-5z4sx-3769091767, networkLocation: /default-rack, certSerialId: null}1688be03-17bf-4d9f-8f5b-99d104c3259a{ip: 192.168.105.183, host: ozone-5z4sx-3769091767, networkLocation: /default-rack, certSerialId: null}0cda71be-0a83-4948-8e8d-692a331f59fe{ip: 192.168.105.183, host: ozone-5z4sx-3769091767, networkLocation: /default-rack, certSerialId: null}, Type:RATIS, Factor:THREE, State:OPEN]
2019-06-14 12:15:46,396 INFO  impl.LeaderElection (LeaderElection.java:askForVotes(181)) - 682067a8-b68c-4674-bf53-611232968af1:group-12B4104A9CE8:LeaderElection4: begin an election at term 1 for -1: [682067a8-b68c-4674-bf53-611232968af1:192.168.105.183:40955, aaf9ed50-98cf-4206-a044-8700576ca76b:192.168.105.183:34093, db59158f-0b39-4504-803a-4c8bf02f58d8:192.168.105.183:46387], old=null
2019-06-14 12:15:46,456 INFO  impl.FollowerState (FollowerState.java:run(101)) - db59158f-0b39-4504-803a-4c8bf02f58d8:group-12B4104A9CE8 changes to CANDIDATE, lastRpcTime:1126, electionTimeout:1118ms
2019-06-14 12:15:46,457 INFO  impl.RoleInfo (RoleInfo.java:shutdownFollowerState(121)) - db59158f-0b39-4504-803a-4c8bf02f58d8: shutdown FollowerState
2019-06-14 12:15:46,457 INFO  impl.RaftServerImpl (RaftServerImpl.java:setRole(164)) - db59158f-0b39-4504-803a-4c8bf02f58d8:group-12B4104A9CE8 changes role from FOLLOWER to CANDIDATE at term 0 for changeToCandidate
2019-06-14 12:15:46,457 INFO  impl.RoleInfo (RoleInfo.java:updateAndGet(143)) - db59158f-0b39-4504-803a-4c8bf02f58d8: start LeaderElection
2019-06-14 12:15:46,459 INFO  impl.FollowerState (FollowerState.java:run(101)) - aaf9ed50-98cf-4206-a044-8700576ca76b:group-12B4104A9CE8 changes to CANDIDATE, lastRpcTime:1075, electionTimeout:1068ms
2019-06-14 12:15:46,459 INFO  impl.RoleInfo (RoleInfo.java:shutdownFollowerState(121)) - aaf9ed50-98cf-4206-a044-8700576ca76b: shutdown FollowerState
2019-06-14 12:15:46,459 INFO  impl.RaftServerImpl (RaftServerImpl.java:setRole(164)) - aaf9ed50-98cf-4206-a044-8700576ca76b:group-12B4104A9CE8 changes role from FOLLOWER to CANDIDATE at term 0 for changeToCandidate
2019-06-14 12:15:46,459 INFO  impl.RoleInfo (RoleInfo.java:updateAndGet(143)) - aaf9ed50-98cf-4206-a044-8700576ca76b: start LeaderElection
2019-06-14 12:15:46,470 INFO  storage.RaftLogWorker (RaftLogWorker.java:execute(469)) - db59158f-0b39-4504-803a-4c8bf02f58d8-RaftLogWorker: created new log segment /opt/src/hadoop-ozone/integration-test/target/test-dir/MiniOzoneClusterImpl-4ea2c975-d826-4495-8219-906e18966a0f/datanode-2/data/ratis/381d8588-1efe-4350-9f9b-8dddb1fefbac/current/log_inprogress_0
2019-06-14 12:15:46,472 INFO  storage.RaftLogWorker (RaftLogWorker.java:execute(469)) - aaf9ed50-98cf-4206-a044-8700576ca76b-RaftLogWorker: created new log segment /opt/src/hadoop-ozone/integration-test/target/test-dir/MiniOzoneClusterImpl-4ea2c975-d826-4495-8219-906e18966a0f/datanode-1/data/ratis/a8543008-d2e2-4aa4-a664-4b33e55caef3/current/log_inprogress_0
2019-06-14 12:15:46,475 INFO  storage.RaftLogWorker (RaftLogWorker.java:execute(469)) - 682067a8-b68c-4674-bf53-611232968af1-RaftLogWorker: created new log segment /opt/src/hadoop-ozone/integration-test/target/test-dir/MiniOzoneClusterImpl-4ea2c975-d826-4495-8219-906e18966a0f/datanode-0/data/ratis/a7776443-fab3-4403-a599-31517484272e/current/log_inprogress_0
2019-06-14 12:15:46,478 INFO  impl.LeaderElection (LeaderElection.java:askForVotes(181)) - aaf9ed50-98cf-4206-a044-8700576ca76b:group-12B4104A9CE8:LeaderElection6: begin an election at term 1 for -1: [682067a8-b68c-4674-bf53-611232968af1:192.168.105.183:40955, aaf9ed50-98cf-4206-a044-8700576ca76b:192.168.105.183:34093, db59158f-0b39-4504-803a-4c8bf02f58d8:192.168.105.183:46387], old=null
2019-06-14 12:15:46,481 INFO  impl.LeaderElection (LeaderElection.java:askForVotes(181)) - db59158f-0b39-4504-803a-4c8bf02f58d8:group-12B4104A9CE8:LeaderElection5: begin an election at term 1 for -1: [682067a8-b68c-4674-bf53-611232968af1:192.168.105.183:40955, aaf9ed50-98cf-4206-a044-8700576ca76b:192.168.105.183:34093, db59158f-0b39-4504-803a-4c8bf02f58d8:192.168.105.183:46387], old=null
2019-06-14 12:15:46,492 INFO  impl.LeaderElection (LeaderElection.java:logAndReturn(56)) - 682067a8-b68c-4674-bf53-611232968af1:group-12B4104A9CE8:LeaderElection4: Election REJECTED; received 2 response(s) [682067a8-b68c-4674-bf53-611232968af1->aaf9ed50-98cf-4206-a044-8700576ca76b,false-t1, 682067a8-b68c-4674-bf53-611232968af1->db59158f-0b39-4504-803a-4c8bf02f58d8,false-t1] and 0 exception(s); 682067a8-b68c-4674-bf53-611232968af1:t1, leader=null, voted=682067a8-b68c-4674-bf53-611232968af1, raftlog=682067a8-b68c-4674-bf53-611232968af1-SegmentedRaftLog:OPENED:c-1,f-1,i0, conf=-1: [682067a8-b68c-4674-bf53-611232968af1:192.168.105.183:40955, aaf9ed50-98cf-4206-a044-8700576ca76b:192.168.105.183:34093, db59158f-0b39-4504-803a-4c8bf02f58d8:192.168.105.183:46387], old=null
2019-06-14 12:15:46,493 INFO  impl.RaftServerImpl (RaftServerImpl.java:setRole(164)) - 682067a8-b68c-4674-bf53-611232968af1:group-12B4104A9CE8 changes role from CANDIDATE to FOLLOWER at term 1 for DISCOVERED_A_NEW_TERM
2019-06-14 12:15:46,493 INFO  impl.RoleInfo (RoleInfo.java:shutdownLeaderElection(134)) - 682067a8-b68c-4674-bf53-611232968af1: shutdown LeaderElection
2019-06-14 12:15:46,493 INFO  impl.RoleInfo (RoleInfo.java:updateAndGet(143)) - 682067a8-b68c-4674-bf53-611232968af1: start FollowerState
2019-06-14 12:15:46,512 INFO  impl.LeaderElection (LeaderElection.java:logAndReturn(56)) - aaf9ed50-98cf-4206-a044-8700576ca76b:group-12B4104A9CE8:LeaderElection6: Election REJECTED; received 2 response(s) [aaf9ed50-98cf-4206-a044-8700576ca76b->682067a8-b68c-4674-bf53-611232968af1,false-t1, aaf9ed50-98cf-4206-a044-8700576ca76b->db59158f-0b39-4504-803a-4c8bf02f58d8,false-t1] and 0 exception(s); aaf9ed50-98cf-4206-a044-8700576ca76b:t1, leader=null, voted=aaf9ed50-98cf-4206-a044-8700576ca76b, raftlog=aaf9ed50-98cf-4206-a044-8700576ca76b-SegmentedRaftLog:OPENED:c-1,f-1,i0, conf=-1: [682067a8-b68c-4674-bf53-611232968af1:192.168.105.183:40955, aaf9ed50-98cf-4206-a044-8700576ca76b:192.168.105.183:34093, db59158f-0b39-4504-803a-4c8bf02f58d8:192.168.105.183:46387], old=null
2019-06-14 12:15:46,515 INFO  impl.RaftServerImpl (RaftServerImpl.java:setRole(164)) - aaf9ed50-98cf-4206-a044-8700576ca76b:group-12B4104A9CE8 changes role from CANDIDATE to FOLLOWER at term 1 for DISCOVERED_A_NEW_TERM
2019-06-14 12:15:46,515 INFO  impl.RoleInfo (RoleInfo.java:shutdownLeaderElection(134)) - aaf9ed50-98cf-4206-a044-8700576ca76b: shutdown LeaderElection
2019-06-14 12:15:46,515 INFO  impl.RoleInfo (RoleInfo.java:updateAndGet(143)) - aaf9ed50-98cf-4206-a044-8700576ca76b: start FollowerState
2019-06-14 12:15:46,519 INFO  impl.LeaderElection (LeaderElection.java:logAndReturn(56)) - db59158f-0b39-4504-803a-4c8bf02f58d8:group-12B4104A9CE8:LeaderElection5: Election REJECTED; received 2 response(s) [db59158f-0b39-4504-803a-4c8bf02f58d8->682067a8-b68c-4674-bf53-611232968af1,false-t1, db59158f-0b39-4504-803a-4c8bf02f58d8->aaf9ed50-98cf-4206-a044-8700576ca76b,false-t1] and 0 exception(s); db59158f-0b39-4504-803a-4c8bf02f58d8:t1, leader=null, voted=db59158f-0b39-4504-803a-4c8bf02f58d8, raftlog=db59158f-0b39-4504-803a-4c8bf02f58d8-SegmentedRaftLog:OPENED:c-1,f-1,i0, conf=-1: [682067a8-b68c-4674-bf53-611232968af1:192.168.105.183:40955, aaf9ed50-98cf-4206-a044-8700576ca76b:192.168.105.183:34093, db59158f-0b39-4504-803a-4c8bf02f58d8:192.168.105.183:46387], old=null
2019-06-14 12:15:46,520 INFO  impl.RaftServerImpl (RaftServerImpl.java:setRole(164)) - db59158f-0b39-4504-803a-4c8bf02f58d8:group-12B4104A9CE8 changes role from CANDIDATE to FOLLOWER at term 1 for DISCOVERED_A_NEW_TERM
2019-06-14 12:15:46,521 INFO  impl.RoleInfo (RoleInfo.java:shutdownLeaderElection(134)) - db59158f-0b39-4504-803a-4c8bf02f58d8: shutdown LeaderElection
2019-06-14 12:15:46,521 INFO  impl.RoleInfo (RoleInfo.java:updateAndGet(143)) - db59158f-0b39-4504-803a-4c8bf02f58d8: start FollowerState
2019-06-14 12:15:46,578 INFO  impl.FollowerState (FollowerState.java:run(101)) - 1688be03-17bf-4d9f-8f5b-99d104c3259a:group-0E298205388D changes to CANDIDATE, lastRpcTime:1113, electionTimeout:1112ms
2019-06-14 12:15:46,580 INFO  impl.RoleInfo (RoleInfo.java:shutdownFollowerState(121)) - 1688be03-17bf-4d9f-8f5b-99d104c3259a: shutdown FollowerState
2019-06-14 12:15:46,580 INFO  impl.RaftServerImpl (RaftServerImpl.java:setRole(164)) - 1688be03-17bf-4d9f-8f5b-99d104c3259a:group-0E298205388D changes role from FOLLOWER to CANDIDATE at term 0 for changeToCandidate
2019-06-14 12:15:46,580 INFO  impl.RoleInfo (RoleInfo.java:updateAndGet(143)) - 1688be03-17bf-4d9f-8f5b-99d104c3259a: start LeaderElection
2019-06-14 12:15:46,587 INFO  impl.LeaderElection (LeaderElection.java:askForVotes(181)) - 1688be03-17bf-4d9f-8f5b-99d104c3259a:group-0E298205388D:LeaderElection7: begin an election at term 1 for -1: [1688be03-17bf-4d9f-8f5b-99d104c3259a:192.168.105.183:44509], old=null
2019-06-14 12:15:46,587 INFO  impl.RoleInfo (RoleInfo.java:shutdownLeaderElection(134)) - 1688be03-17bf-4d9f-8f5b-99d104c3259a: shutdown LeaderElection
2019-06-14 12:15:46,587 INFO  impl.RaftServerImpl (RaftServerImpl.java:setRole(164)) - 1688be03-17bf-4d9f-8f5b-99d104c3259a:group-0E298205388D changes role from CANDIDATE to LEADER at term 1 for changeToLeader
2019-06-14 12:15:46,587 INFO  impl.RaftServerImpl (ServerState.java:setLeader(263)) - 1688be03-17bf-4d9f-8f5b-99d104c3259a:group-0E298205388D change Leader from null to 1688be03-17bf-4d9f-8f5b-99d104c3259a at term 1 for becomeLeader, leader elected after 1129ms
2019-06-14 12:15:46,588 INFO  server.RaftServerConfigKeys (ConfUtils.java:logGet(43)) - raft.server.staging.catchup.gap = 1000 (default)
2019-06-14 12:15:46,588 INFO  server.RaftServerConfigKeys (ConfUtils.java:logGet(43)) - raft.server.rpc.sleep.time = 25ms (default)
2019-06-14 12:15:46,588 INFO  server.RaftServerConfigKeys (ConfUtils.java:logGet(43)) - raft.server.watch.timeout = 10s (default)
2019-06-14 12:15:46,588 INFO  server.RaftServerConfigKeys (ConfUtils.java:logGet(43)) - raft.server.watch.timeout.denomination = 1s (default)
2019-06-14 12:15:46,589 INFO  impl.RoleInfo (RoleInfo.java:updateAndGet(143)) - 1688be03-17bf-4d9f-8f5b-99d104c3259a: start LeaderState
2019-06-14 12:15:46,589 INFO  storage.RaftLogWorker (RaftLogWorker.java:startLogSegment(298)) - 1688be03-17bf-4d9f-8f5b-99d104c3259a-RaftLogWorker: Starting segment from index:0
2019-06-14 12:15:46,589 INFO  impl.RaftServerImpl (ServerState.java:setRaftConf(361)) - 1688be03-17bf-4d9f-8f5b-99d104c3259a:group-0E298205388D set configuration 0: [1688be03-17bf-4d9f-8f5b-99d104c3259a:192.168.105.183:44509], old=null at 0
2019-06-14 12:15:46,628 INFO  storage.RaftLogWorker (RaftLogWorker.java:execute(469)) - 1688be03-17bf-4d9f-8f5b-99d104c3259a-RaftLogWorker: created new log segment /opt/src/hadoop-ozone/integration-test/target/test-dir/MiniOzoneClusterImpl-4ea2c975-d826-4495-8219-906e18966a0f/datanode-3/data/ratis/cba68deb-d0ee-49bd-8f45-0e298205388d/current/log_inprogress_0
2019-06-14 12:15:46,914 INFO  impl.FollowerState (FollowerState.java:run(101)) - 56665e1f-8527-4c8d-9b25-b26c363fb5e1:group-94A0E08C0E32 changes to CANDIDATE, lastRpcTime:1161, electionTimeout:1152ms
2019-06-14 12:15:46,914 INFO  impl.RoleInfo (RoleInfo.java:shutdownFollowerState(121)) - 56665e1f-8527-4c8d-9b25-b26c363fb5e1: shutdown FollowerState
2019-06-14 12:15:46,914 INFO  impl.RaftServerImpl (RaftServerImpl.java:setRole(164)) - 56665e1f-8527-4c8d-9b25-b26c363fb5e1:group-94A0E08C0E32 changes role from FOLLOWER to CANDIDATE at term 0 for changeToCandidate
2019-06-14 12:15:46,914 INFO  impl.RoleInfo (RoleInfo.java:updateAndGet(143)) - 56665e1f-8527-4c8d-9b25-b26c363fb5e1: start LeaderElection
2019-06-14 12:15:46,927 INFO  impl.LeaderElection (LeaderElection.java:askForVotes(181)) - 56665e1f-8527-4c8d-9b25-b26c363fb5e1:group-94A0E08C0E32:LeaderElection8: begin an election at term 1 for -1: [56665e1f-8527-4c8d-9b25-b26c363fb5e1:192.168.105.183:45195], old=null
2019-06-14 12:15:46,928 INFO  impl.RoleInfo (RoleInfo.java:shutdownLeaderElection(134)) - 56665e1f-8527-4c8d-9b25-b26c363fb5e1: shutdown LeaderElection
2019-06-14 12:15:46,928 INFO  impl.RaftServerImpl (RaftServerImpl.java:setRole(164)) - 56665e1f-8527-4c8d-9b25-b26c363fb5e1:group-94A0E08C0E32 changes role from CANDIDATE to LEADER at term 1 for changeToLeader
2019-06-14 12:15:46,928 INFO  impl.RaftServerImpl (ServerState.java:setLeader(263)) - 56665e1f-8527-4c8d-9b25-b26c363fb5e1:group-94A0E08C0E32 change Leader from null to 56665e1f-8527-4c8d-9b25-b26c363fb5e1 at term 1 for becomeLeader, leader elected after 1178ms
2019-06-14 12:15:46,931 INFO  server.RaftServerConfigKeys (ConfUtils.java:logGet(43)) - raft.server.staging.catchup.gap = 1000 (default)
2019-06-14 12:15:46,931 INFO  server.RaftServerConfigKeys (ConfUtils.java:logGet(43)) - raft.server.rpc.sleep.time = 25ms (default)
2019-06-14 12:15:46,931 INFO  server.RaftServerConfigKeys (ConfUtils.java:logGet(43)) - raft.server.watch.timeout = 10s (default)
2019-06-14 12:15:46,931 INFO  server.RaftServerConfigKeys (ConfUtils.java:logGet(43)) - raft.server.watch.timeout.denomination = 1s (default)
2019-06-14 12:15:46,932 INFO  impl.RoleInfo (RoleInfo.java:updateAndGet(143)) - 56665e1f-8527-4c8d-9b25-b26c363fb5e1: start LeaderState
2019-06-14 12:15:46,932 INFO  storage.RaftLogWorker (RaftLogWorker.java:startLogSegment(298)) - 56665e1f-8527-4c8d-9b25-b26c363fb5e1-RaftLogWorker: Starting segment from index:0
2019-06-14 12:15:46,943 INFO  impl.RaftServerImpl (ServerState.java:setRaftConf(361)) - 56665e1f-8527-4c8d-9b25-b26c363fb5e1:group-94A0E08C0E32 set configuration 0: [56665e1f-8527-4c8d-9b25-b26c363fb5e1:192.168.105.183:45195], old=null at 0
2019-06-14 12:15:46,977 INFO  storage.RaftLogWorker (RaftLogWorker.java:execute(469)) - 56665e1f-8527-4c8d-9b25-b26c363fb5e1-RaftLogWorker: created new log segment /opt/src/hadoop-ozone/integration-test/target/test-dir/MiniOzoneClusterImpl-4ea2c975-d826-4495-8219-906e18966a0f/datanode-4/data/ratis/757e6c62-8f6a-46f6-a77d-94a0e08c0e32/current/log_inprogress_0
2019-06-14 12:15:47,236 INFO  ozone.MiniOzoneClusterImpl (MiniOzoneClusterImpl.java:lambda$waitForClusterToBeReady$0(142)) - Cluster is ready. Got 6 of 6 DN Heartbeats.
]]></system-out>
    <system-err><![CDATA[ERROR StatusLogger No Log4j 2 configuration file found. Using default configuration (logging only errors to the console), or user programmatically provided configurations. Set system property 'log4j2.debug' to show Log4j 2 internal initialization logging. See https://logging.apache.org/log4j/2.x/manual/configuration.html for instructions on how to configure Log4j 2
Jun 14, 2019 12:15:39 PM com.sun.jersey.server.impl.application.WebApplicationImpl _initiate
INFO: Initiating Jersey application, version 'Jersey: 1.19 02/11/2015 03:25 AM'
Jun 14, 2019 12:15:40 PM com.sun.jersey.server.impl.application.WebApplicationImpl _initiate
INFO: Initiating Jersey application, version 'Jersey: 1.19 02/11/2015 03:25 AM'
Jun 14, 2019 12:15:40 PM com.sun.jersey.server.impl.application.WebApplicationImpl _initiate
INFO: Initiating Jersey application, version 'Jersey: 1.19 02/11/2015 03:25 AM'
Jun 14, 2019 12:15:41 PM com.sun.jersey.server.impl.application.WebApplicationImpl _initiate
INFO: Initiating Jersey application, version 'Jersey: 1.19 02/11/2015 03:25 AM'
Jun 14, 2019 12:15:41 PM com.sun.jersey.server.impl.application.WebApplicationImpl _initiate
INFO: Initiating Jersey application, version 'Jersey: 1.19 02/11/2015 03:25 AM'
Jun 14, 2019 12:15:41 PM com.sun.jersey.server.impl.application.WebApplicationImpl _initiate
INFO: Initiating Jersey application, version 'Jersey: 1.19 02/11/2015 03:25 AM'
]]></system-err>
  </testcase>
</testsuite>