<?xml version="1.0" encoding="UTF-8"?>
<testsuite xmlns:xsi="http://www.w3.org/2001/XMLSchema-instance" xsi:noNamespaceSchemaLocation="https://maven.apache.org/surefire/maven-surefire-plugin/xsd/surefire-test-report.xsd" name="org.apache.hadoop.ozone.client.rpc.TestWatchForCommit" time="175.094" tests="6" errors="1" skipped="0" failures="0">
  <properties>
    <property name="awt.toolkit" value="sun.awt.X11.XToolkit"/>
    <property name="file.encoding.pkg" value="sun.io"/>
    <property name="java.specification.version" value="1.8"/>
    <property name="sun.cpu.isalist" value=""/>
    <property name="sun.jnu.encoding" value="UTF-8"/>
    <property name="java.class.path" value="/opt/src/hadoop-ozone/integration-test/target/test-classes:/opt/src/hadoop-ozone/integration-test/target/classes:/root/.m2/repository/org/apache/hadoop/hadoop-ozone-common/0.5.0-SNAPSHOT/hadoop-ozone-common-0.5.0-SNAPSHOT.jar:/root/.m2/repository/org/apache/commons/commons-compress/1.4.1/commons-compress-1.4.1.jar:/root/.m2/repository/org/tukaani/xz/1.0/xz-1.0.jar:/root/.m2/repository/org/apache/hadoop/hadoop-common/3.2.0/hadoop-common-3.2.0.jar:/root/.m2/repository/org/apache/hadoop/hadoop-hdfs/3.2.0/hadoop-hdfs-3.2.0.jar:/root/.m2/repository/org/apache/hadoop/hadoop-hdfs-client/3.2.0/hadoop-hdfs-client-3.2.0.jar:/root/.m2/repository/com/fasterxml/jackson/core/jackson-annotations/2.9.5/jackson-annotations-2.9.5.jar:/root/.m2/repository/org/apache/hadoop/hadoop-hdds-common/0.5.0-SNAPSHOT/hadoop-hdds-common-0.5.0-SNAPSHOT.jar:/root/.m2/repository/javax/annotation/javax.annotation-api/1.2/javax.annotation-api-1.2.jar:/root/.m2/repository/org/apache/ratis/ratis-server/0.4.0-fe2b15d-SNAPSHOT/ratis-server-0.4.0-fe2b15d-SNAPSHOT.jar:/root/.m2/repository/org/apache/ratis/ratis-thirdparty-misc/0.2.0/ratis-thirdparty-misc-0.2.0.jar:/root/.m2/repository/org/apache/ratis/ratis-proto/0.4.0-fe2b15d-SNAPSHOT/ratis-proto-0.4.0-fe2b15d-SNAPSHOT.jar:/root/.m2/repository/org/apache/ratis/ratis-common/0.4.0-fe2b15d-SNAPSHOT/ratis-common-0.4.0-fe2b15d-SNAPSHOT.jar:/root/.m2/repository/org/apache/ratis/ratis-client/0.4.0-fe2b15d-SNAPSHOT/ratis-client-0.4.0-fe2b15d-SNAPSHOT.jar:/root/.m2/repository/org/apache/ratis/ratis-netty/0.4.0-fe2b15d-SNAPSHOT/ratis-netty-0.4.0-fe2b15d-SNAPSHOT.jar:/root/.m2/repository/org/apache/ratis/ratis-grpc/0.4.0-fe2b15d-SNAPSHOT/ratis-grpc-0.4.0-fe2b15d-SNAPSHOT.jar:/root/.m2/repository/org/rocksdb/rocksdbjni/5.14.2/rocksdbjni-5.14.2.jar:/root/.m2/repository/org/apache/logging/log4j/log4j-api/2.11.0/log4j-api-2.11.0.jar:/root/.m2/repository/org/apache/logging/log4j/log4j-core/2.11.0/log4j-core-2.11.0.jar:/root/.m2/repository/com/lmax/disruptor/3.4.2/disruptor-3.4.2.jar:/root/.m2/repository/org/apache/commons/commons-pool2/2.6.0/commons-pool2-2.6.0.jar:/root/.m2/repository/org/bouncycastle/bcpkix-jdk15on/1.60/bcpkix-jdk15on-1.60.jar:/root/.m2/repository/commons-validator/commons-validator/1.6/commons-validator-1.6.jar:/root/.m2/repository/commons-digester/commons-digester/1.8.1/commons-digester-1.8.1.jar:/root/.m2/repository/io/jaegertracing/jaeger-client/0.33.1/jaeger-client-0.33.1.jar:/root/.m2/repository/io/jaegertracing/jaeger-thrift/0.33.1/jaeger-thrift-0.33.1.jar:/root/.m2/repository/org/apache/thrift/libthrift/0.11.0/libthrift-0.11.0.jar:/root/.m2/repository/com/squareup/okhttp3/okhttp/3.9.0/okhttp-3.9.0.jar:/root/.m2/repository/com/squareup/okio/okio/1.13.0/okio-1.13.0.jar:/root/.m2/repository/io/jaegertracing/jaeger-core/0.33.1/jaeger-core-0.33.1.jar:/root/.m2/repository/io/jaegertracing/jaeger-tracerresolver/0.33.1/jaeger-tracerresolver-0.33.1.jar:/root/.m2/repository/io/opentracing/contrib/opentracing-tracerresolver/0.1.5/opentracing-tracerresolver-0.1.5.jar:/root/.m2/repository/io/opentracing/opentracing-util/0.31.0/opentracing-util-0.31.0.jar:/root/.m2/repository/io/opentracing/opentracing-api/0.31.0/opentracing-api-0.31.0.jar:/root/.m2/repository/io/opentracing/opentracing-noop/0.31.0/opentracing-noop-0.31.0.jar:/root/.m2/repository/org/apache/hadoop/hadoop-hdds-server-framework/0.5.0-SNAPSHOT/hadoop-hdds-server-framework-0.5.0-SNAPSHOT.jar:/root/.m2/repository/org/apache/hadoop/hadoop-hdds-server-scm/0.5.0-SNAPSHOT/hadoop-hdds-server-scm-0.5.0-SNAPSHOT.jar:/root/.m2/repository/org/apache/hadoop/hadoop-hdds-container-service/0.5.0-SNAPSHOT/hadoop-hdds-container-service-0.5.0-SNAPSHOT.jar:/root/.m2/repository/org/apache/hadoop/hadoop-hdds-client/0.5.0-SNAPSHOT/hadoop-hdds-client-0.5.0-SNAPSHOT.jar:/root/.m2/repository/org/apache/hadoop/hadoop-hdds-tools/0.5.0-SNAPSHOT/hadoop-hdds-tools-0.5.0-SNAPSHOT.jar:/root/.m2/repository/org/apache/hadoop/hadoop-ozone-ozone-manager/0.5.0-SNAPSHOT/hadoop-ozone-ozone-manager-0.5.0-SNAPSHOT.jar:/root/.m2/repository/org/apache/hadoop/hadoop-hdds-docs/0.5.0-SNAPSHOT/hadoop-hdds-docs-0.5.0-SNAPSHOT.jar:/root/.m2/repository/org/bouncycastle/bcprov-jdk15on/1.60/bcprov-jdk15on-1.60.jar:/root/.m2/repository/org/apache/hadoop/hadoop-minikdc/3.2.0/hadoop-minikdc-3.2.0.jar:/root/.m2/repository/commons-io/commons-io/2.5/commons-io-2.5.jar:/root/.m2/repository/org/apache/kerby/kerb-simplekdc/1.0.1/kerb-simplekdc-1.0.1.jar:/root/.m2/repository/org/apache/kerby/kerb-client/1.0.1/kerb-client-1.0.1.jar:/root/.m2/repository/org/apache/kerby/kerby-config/1.0.1/kerby-config-1.0.1.jar:/root/.m2/repository/org/apache/kerby/kerb-core/1.0.1/kerb-core-1.0.1.jar:/root/.m2/repository/org/apache/kerby/kerby-pkix/1.0.1/kerby-pkix-1.0.1.jar:/root/.m2/repository/org/apache/kerby/kerby-asn1/1.0.1/kerby-asn1-1.0.1.jar:/root/.m2/repository/org/apache/kerby/kerby-util/1.0.1/kerby-util-1.0.1.jar:/root/.m2/repository/org/apache/kerby/kerb-common/1.0.1/kerb-common-1.0.1.jar:/root/.m2/repository/org/apache/kerby/kerb-crypto/1.0.1/kerb-crypto-1.0.1.jar:/root/.m2/repository/org/apache/kerby/kerb-util/1.0.1/kerb-util-1.0.1.jar:/root/.m2/repository/org/apache/kerby/token-provider/1.0.1/token-provider-1.0.1.jar:/root/.m2/repository/org/apache/kerby/kerb-admin/1.0.1/kerb-admin-1.0.1.jar:/root/.m2/repository/org/apache/kerby/kerb-server/1.0.1/kerb-server-1.0.1.jar:/root/.m2/repository/org/apache/kerby/kerb-identity/1.0.1/kerb-identity-1.0.1.jar:/root/.m2/repository/org/apache/kerby/kerby-xdr/1.0.1/kerby-xdr-1.0.1.jar:/root/.m2/repository/org/slf4j/slf4j-log4j12/1.7.25/slf4j-log4j12-1.7.25.jar:/root/.m2/repository/org/apache/hadoop/hadoop-ozone-objectstore-service/0.5.0-SNAPSHOT/hadoop-ozone-objectstore-service-0.5.0-SNAPSHOT.jar:/root/.m2/repository/org/apache/hadoop/hadoop-ozone-s3gateway/0.5.0-SNAPSHOT/hadoop-ozone-s3gateway-0.5.0-SNAPSHOT.jar:/root/.m2/repository/org/jboss/weld/servlet/weld-servlet/2.4.7.Final/weld-servlet-2.4.7.Final.jar:/root/.m2/repository/org/glassfish/jersey/containers/jersey-container-servlet-core/2.27/jersey-container-servlet-core-2.27.jar:/root/.m2/repository/org/glassfish/hk2/external/javax.inject/2.5.0-b42/javax.inject-2.5.0-b42.jar:/root/.m2/repository/org/glassfish/jersey/core/jersey-common/2.27/jersey-common-2.27.jar:/root/.m2/repository/org/glassfish/hk2/osgi-resource-locator/1.0.1/osgi-resource-locator-1.0.1.jar:/root/.m2/repository/javax/ws/rs/javax.ws.rs-api/2.1/javax.ws.rs-api-2.1.jar:/root/.m2/repository/org/glassfish/jersey/ext/cdi/jersey-cdi1x/2.27/jersey-cdi1x-2.27.jar:/root/.m2/repository/org/glassfish/jersey/inject/jersey-hk2/2.27/jersey-hk2-2.27.jar:/root/.m2/repository/org/glassfish/hk2/hk2-locator/2.5.0-b42/hk2-locator-2.5.0-b42.jar:/root/.m2/repository/org/javassist/javassist/3.22.0-CR2/javassist-3.22.0-CR2.jar:/root/.m2/repository/org/glassfish/hk2/hk2-api/2.5.0/hk2-api-2.5.0.jar:/root/.m2/repository/org/glassfish/hk2/external/jakarta.inject/2.5.0/jakarta.inject-2.5.0.jar:/root/.m2/repository/org/glassfish/hk2/hk2-utils/2.5.0/hk2-utils-2.5.0.jar:/root/.m2/repository/jakarta/annotation/jakarta.annotation-api/1.3.4/jakarta.annotation-api-1.3.4.jar:/root/.m2/repository/org/glassfish/hk2/external/aopalliance-repackaged/2.5.0/aopalliance-repackaged-2.5.0.jar:/root/.m2/repository/com/fasterxml/jackson/dataformat/jackson-dataformat-xml/2.9.0/jackson-dataformat-xml-2.9.0.jar:/root/.m2/repository/com/fasterxml/jackson/core/jackson-core/2.9.5/jackson-core-2.9.5.jar:/root/.m2/repository/com/fasterxml/jackson/module/jackson-module-jaxb-annotations/2.9.5/jackson-module-jaxb-annotations-2.9.5.jar:/root/.m2/repository/javax/enterprise/cdi-api/1.2/cdi-api-1.2.jar:/root/.m2/repository/javax/el/javax.el-api/3.0.0/javax.el-api-3.0.0.jar:/root/.m2/repository/javax/interceptor/javax.interceptor-api/1.2/javax.interceptor-api-1.2.jar:/root/.m2/repository/javax/inject/javax.inject/1/javax.inject-1.jar:/root/.m2/repository/com/sun/xml/bind/jaxb-impl/2.3.0.1/jaxb-impl-2.3.0.1.jar:/root/.m2/repository/com/sun/xml/bind/jaxb-core/2.3.0.1/jaxb-core-2.3.0.1.jar:/root/.m2/repository/javax/xml/bind/jaxb-api/2.3.0/jaxb-api-2.3.0.jar:/root/.m2/repository/javax/activation/activation/1.1.1/activation-1.1.1.jar:/root/.m2/repository/org/apache/hadoop/hadoop-ozone-csi/0.5.0-SNAPSHOT/hadoop-ozone-csi-0.5.0-SNAPSHOT.jar:/root/.m2/repository/com/google/protobuf/protobuf-java-util/3.5.1/protobuf-java-util-3.5.1.jar:/root/.m2/repository/org/apache/hadoop/hadoop-hdds-config/0.5.0-SNAPSHOT/hadoop-hdds-config-0.5.0-SNAPSHOT.jar:/root/.m2/repository/com/google/guava/guava/11.0.2/guava-11.0.2.jar:/root/.m2/repository/com/google/protobuf/protobuf-java/2.5.0/protobuf-java-2.5.0.jar:/root/.m2/repository/io/grpc/grpc-netty/1.17.1/grpc-netty-1.17.1.jar:/root/.m2/repository/io/grpc/grpc-core/1.17.1/grpc-core-1.17.1.jar:/root/.m2/repository/io/grpc/grpc-context/1.17.1/grpc-context-1.17.1.jar:/root/.m2/repository/com/google/errorprone/error_prone_annotations/2.2.0/error_prone_annotations-2.2.0.jar:/root/.m2/repository/org/codehaus/mojo/animal-sniffer-annotations/1.17/animal-sniffer-annotations-1.17.jar:/root/.m2/repository/io/opencensus/opencensus-api/0.17.0/opencensus-api-0.17.0.jar:/root/.m2/repository/io/opencensus/opencensus-contrib-grpc-metrics/0.17.0/opencensus-contrib-grpc-metrics-0.17.0.jar:/root/.m2/repository/io/netty/netty-codec-http2/4.1.30.Final/netty-codec-http2-4.1.30.Final.jar:/root/.m2/repository/io/netty/netty-codec-http/4.1.30.Final/netty-codec-http-4.1.30.Final.jar:/root/.m2/repository/io/netty/netty-codec/4.1.30.Final/netty-codec-4.1.30.Final.jar:/root/.m2/repository/io/netty/netty-handler/4.1.30.Final/netty-handler-4.1.30.Final.jar:/root/.m2/repository/io/netty/netty-handler-proxy/4.1.30.Final/netty-handler-proxy-4.1.30.Final.jar:/root/.m2/repository/io/netty/netty-codec-socks/4.1.30.Final/netty-codec-socks-4.1.30.Final.jar:/root/.m2/repository/io/netty/netty-transport-native-epoll/4.1.30.Final/netty-transport-native-epoll-4.1.30.Final.jar:/root/.m2/repository/io/netty/netty-common/4.1.30.Final/netty-common-4.1.30.Final.jar:/root/.m2/repository/io/netty/netty-buffer/4.1.30.Final/netty-buffer-4.1.30.Final.jar:/root/.m2/repository/io/netty/netty-transport/4.1.30.Final/netty-transport-4.1.30.Final.jar:/root/.m2/repository/io/netty/netty-resolver/4.1.30.Final/netty-resolver-4.1.30.Final.jar:/root/.m2/repository/io/netty/netty-transport-native-unix-common/4.1.30.Final/netty-transport-native-unix-common-4.1.30.Final.jar:/root/.m2/repository/io/grpc/grpc-protobuf/1.17.1/grpc-protobuf-1.17.1.jar:/root/.m2/repository/com/google/api/grpc/proto-google-common-protos/1.0.0/proto-google-common-protos-1.0.0.jar:/root/.m2/repository/io/grpc/grpc-protobuf-lite/1.17.1/grpc-protobuf-lite-1.17.1.jar:/root/.m2/repository/io/grpc/grpc-stub/1.17.1/grpc-stub-1.17.1.jar:/root/.m2/repository/org/apache/hadoop/hadoop-ozone-recon/0.5.0-SNAPSHOT/hadoop-ozone-recon-0.5.0-SNAPSHOT.jar:/root/.m2/repository/org/apache/hadoop/hadoop-ozone-reconcodegen/0.5.0-SNAPSHOT/hadoop-ozone-reconcodegen-0.5.0-SNAPSHOT.jar:/root/.m2/repository/com/google/inject/extensions/guice-multibindings/4.0/guice-multibindings-4.0.jar:/root/.m2/repository/com/google/inject/guice/4.0/guice-4.0.jar:/root/.m2/repository/aopalliance/aopalliance/1.0/aopalliance-1.0.jar:/root/.m2/repository/com/google/inject/extensions/guice-servlet/4.0/guice-servlet-4.0.jar:/root/.m2/repository/org/glassfish/jersey/containers/jersey-container-servlet/2.27/jersey-container-servlet-2.27.jar:/root/.m2/repository/org/glassfish/hk2/guice-bridge/2.5.0/guice-bridge-2.5.0.jar:/root/.m2/repository/org/glassfish/jersey/core/jersey-server/2.27/jersey-server-2.27.jar:/root/.m2/repository/org/glassfish/jersey/core/jersey-client/2.27/jersey-client-2.27.jar:/root/.m2/repository/org/glassfish/jersey/media/jersey-media-jaxb/2.27/jersey-media-jaxb-2.27.jar:/root/.m2/repository/javax/validation/validation-api/1.1.0.Final/validation-api-1.1.0.Final.jar:/root/.m2/repository/org/glassfish/jersey/media/jersey-media-json-jackson/2.27/jersey-media-json-jackson-2.27.jar:/root/.m2/repository/org/glassfish/jersey/ext/jersey-entity-filtering/2.27/jersey-entity-filtering-2.27.jar:/root/.m2/repository/com/google/inject/extensions/guice-assistedinject/4.0/guice-assistedinject-4.0.jar:/root/.m2/repository/org/jooq/jooq/3.11.10/jooq-3.11.10.jar:/root/.m2/repository/org/jooq/jooq-meta/3.11.10/jooq-meta-3.11.10.jar:/root/.m2/repository/org/jooq/jooq-codegen/3.11.10/jooq-codegen-3.11.10.jar:/root/.m2/repository/com/jolbox/bonecp/0.8.0.RELEASE/bonecp-0.8.0.RELEASE.jar:/root/.m2/repository/org/xerial/sqlite-jdbc/3.25.2/sqlite-jdbc-3.25.2.jar:/root/.m2/repository/org/springframework/spring-jdbc/5.1.3.RELEASE/spring-jdbc-5.1.3.RELEASE.jar:/root/.m2/repository/org/springframework/spring-beans/5.1.3.RELEASE/spring-beans-5.1.3.RELEASE.jar:/root/.m2/repository/org/springframework/spring-core/5.1.3.RELEASE/spring-core-5.1.3.RELEASE.jar:/root/.m2/repository/org/springframework/spring-jcl/5.1.3.RELEASE/spring-jcl-5.1.3.RELEASE.jar:/root/.m2/repository/org/springframework/spring-tx/5.1.3.RELEASE/spring-tx-5.1.3.RELEASE.jar:/root/.m2/repository/org/apache/hadoop/hadoop-ozone-client/0.5.0-SNAPSHOT/hadoop-ozone-client-0.5.0-SNAPSHOT.jar:/root/.m2/repository/org/apache/hadoop/hadoop-ozone-ozone-manager/0.5.0-SNAPSHOT/hadoop-ozone-ozone-manager-0.5.0-SNAPSHOT-tests.jar:/root/.m2/repository/junit/junit/4.11/junit-4.11.jar:/root/.m2/repository/org/hamcrest/hamcrest-core/1.3/hamcrest-core-1.3.jar:/root/.m2/repository/org/openjdk/jmh/jmh-core/1.19/jmh-core-1.19.jar:/root/.m2/repository/net/sf/jopt-simple/jopt-simple/4.6/jopt-simple-4.6.jar:/root/.m2/repository/org/apache/commons/commons-math3/3.1.1/commons-math3-3.1.1.jar:/root/.m2/repository/org/openjdk/jmh/jmh-generator-annprocess/1.19/jmh-generator-annprocess-1.19.jar:/root/.m2/repository/org/mockito/mockito-all/1.8.5/mockito-all-1.8.5.jar:/root/.m2/repository/org/apache/hadoop/hadoop-kms/3.2.0/hadoop-kms-3.2.0.jar:/root/.m2/repository/org/apache/hadoop/hadoop-auth/3.2.0/hadoop-auth-3.2.0.jar:/root/.m2/repository/com/nimbusds/nimbus-jose-jwt/4.41.1/nimbus-jose-jwt-4.41.1.jar:/root/.m2/repository/com/github/stephenc/jcip/jcip-annotations/1.0-1/jcip-annotations-1.0-1.jar:/root/.m2/repository/net/minidev/json-smart/2.3/json-smart-2.3.jar:/root/.m2/repository/net/minidev/accessors-smart/1.2/accessors-smart-1.2.jar:/root/.m2/repository/org/ow2/asm/asm/5.0.4/asm-5.0.4.jar:/root/.m2/repository/org/apache/curator/curator-framework/2.12.0/curator-framework-2.12.0.jar:/root/.m2/repository/com/sun/jersey/jersey-core/1.19/jersey-core-1.19.jar:/root/.m2/repository/javax/ws/rs/jsr311-api/1.1.1/jsr311-api-1.1.1.jar:/root/.m2/repository/com/sun/jersey/jersey-server/1.19/jersey-server-1.19.jar:/root/.m2/repository/javax/servlet/javax.servlet-api/3.1.0/javax.servlet-api-3.1.0.jar:/root/.m2/repository/org/eclipse/jetty/jetty-server/9.3.24.v20180605/jetty-server-9.3.24.v20180605.jar:/root/.m2/repository/org/eclipse/jetty/jetty-http/9.3.24.v20180605/jetty-http-9.3.24.v20180605.jar:/root/.m2/repository/org/eclipse/jetty/jetty-io/9.3.24.v20180605/jetty-io-9.3.24.v20180605.jar:/root/.m2/repository/org/eclipse/jetty/jetty-webapp/9.3.24.v20180605/jetty-webapp-9.3.24.v20180605.jar:/root/.m2/repository/org/eclipse/jetty/jetty-xml/9.3.24.v20180605/jetty-xml-9.3.24.v20180605.jar:/root/.m2/repository/log4j/log4j/1.2.17/log4j-1.2.17.jar:/root/.m2/repository/org/slf4j/slf4j-api/1.7.25/slf4j-api-1.7.25.jar:/root/.m2/repository/org/slf4j/jul-to-slf4j/1.7.25/jul-to-slf4j-1.7.25.jar:/root/.m2/repository/org/eclipse/jetty/jetty-util/9.3.24.v20180605/jetty-util-9.3.24.v20180605.jar:/root/.m2/repository/io/dropwizard/metrics/metrics-core/3.2.4/metrics-core-3.2.4.jar:/root/.m2/repository/com/fasterxml/jackson/core/jackson-databind/2.9.5/jackson-databind-2.9.5.jar:/root/.m2/repository/org/apache/hadoop/hadoop-kms/3.2.0/hadoop-kms-3.2.0-tests.jar:/root/.m2/repository/org/apache/hadoop/hadoop-hdds-server-scm/0.5.0-SNAPSHOT/hadoop-hdds-server-scm-0.5.0-SNAPSHOT-tests.jar:/root/.m2/repository/org/hamcrest/hamcrest-all/1.3/hamcrest-all-1.3.jar:/root/.m2/repository/info/picocli/picocli/3.9.6/picocli-3.9.6.jar:/root/.m2/repository/org/apache/hadoop/hadoop-hdds-container-service/0.5.0-SNAPSHOT/hadoop-hdds-container-service-0.5.0-SNAPSHOT-tests.jar:/root/.m2/repository/org/yaml/snakeyaml/1.16/snakeyaml-1.16.jar:/root/.m2/repository/org/apache/hadoop/hadoop-common/3.2.0/hadoop-common-3.2.0-tests.jar:/root/.m2/repository/org/apache/hadoop/hadoop-annotations/3.2.0/hadoop-annotations-3.2.0.jar:/usr/lib/jvm/java-1.8-openjdk/jre/../lib/tools.jar:/root/.m2/repository/commons-cli/commons-cli/1.2/commons-cli-1.2.jar:/root/.m2/repository/org/apache/httpcomponents/httpclient/4.5.2/httpclient-4.5.2.jar:/root/.m2/repository/org/apache/httpcomponents/httpcore/4.4.4/httpcore-4.4.4.jar:/root/.m2/repository/commons-codec/commons-codec/1.11/commons-codec-1.11.jar:/root/.m2/repository/commons-net/commons-net/3.6/commons-net-3.6.jar:/root/.m2/repository/commons-collections/commons-collections/3.2.2/commons-collections-3.2.2.jar:/root/.m2/repository/org/eclipse/jetty/jetty-servlet/9.3.24.v20180605/jetty-servlet-9.3.24.v20180605.jar:/root/.m2/repository/org/eclipse/jetty/jetty-security/9.3.24.v20180605/jetty-security-9.3.24.v20180605.jar:/root/.m2/repository/javax/servlet/jsp/jsp-api/2.1/jsp-api-2.1.jar:/root/.m2/repository/com/sun/jersey/jersey-servlet/1.19/jersey-servlet-1.19.jar:/root/.m2/repository/com/sun/jersey/jersey-json/1.19/jersey-json-1.19.jar:/root/.m2/repository/org/codehaus/jettison/jettison/1.1/jettison-1.1.jar:/root/.m2/repository/org/codehaus/jackson/jackson-core-asl/1.9.13/jackson-core-asl-1.9.13.jar:/root/.m2/repository/org/codehaus/jackson/jackson-mapper-asl/1.9.13/jackson-mapper-asl-1.9.13.jar:/root/.m2/repository/org/codehaus/jackson/jackson-jaxrs/1.9.13/jackson-jaxrs-1.9.13.jar:/root/.m2/repository/org/codehaus/jackson/jackson-xc/1.9.13/jackson-xc-1.9.13.jar:/root/.m2/repository/commons-logging/commons-logging/1.1.3/commons-logging-1.1.3.jar:/root/.m2/repository/commons-beanutils/commons-beanutils/1.9.3/commons-beanutils-1.9.3.jar:/root/.m2/repository/org/apache/commons/commons-configuration2/2.1.1/commons-configuration2-2.1.1.jar:/root/.m2/repository/org/apache/commons/commons-lang3/3.7/commons-lang3-3.7.jar:/root/.m2/repository/org/apache/commons/commons-text/1.4/commons-text-1.4.jar:/root/.m2/repository/org/apache/avro/avro/1.7.7/avro-1.7.7.jar:/root/.m2/repository/com/thoughtworks/paranamer/paranamer/2.3/paranamer-2.3.jar:/root/.m2/repository/org/xerial/snappy/snappy-java/1.0.5/snappy-java-1.0.5.jar:/root/.m2/repository/com/google/re2j/re2j/1.1/re2j-1.1.jar:/root/.m2/repository/com/google/code/gson/gson/2.2.4/gson-2.2.4.jar:/root/.m2/repository/com/jcraft/jsch/0.1.54/jsch-0.1.54.jar:/root/.m2/repository/org/apache/curator/curator-client/2.12.0/curator-client-2.12.0.jar:/root/.m2/repository/org/apache/curator/curator-recipes/2.12.0/curator-recipes-2.12.0.jar:/root/.m2/repository/com/google/code/findbugs/jsr305/3.0.0/jsr305-3.0.0.jar:/root/.m2/repository/org/apache/htrace/htrace-core4/4.1.0-incubating/htrace-core4-4.1.0-incubating.jar:/root/.m2/repository/org/apache/zookeeper/zookeeper/3.4.13/zookeeper-3.4.13.jar:/root/.m2/repository/org/apache/yetus/audience-annotations/0.5.0/audience-annotations-0.5.0.jar:/root/.m2/repository/org/codehaus/woodstox/stax2-api/3.1.4/stax2-api-3.1.4.jar:/root/.m2/repository/com/fasterxml/woodstox/woodstox-core/5.0.3/woodstox-core-5.0.3.jar:/root/.m2/repository/dnsjava/dnsjava/2.1.7/dnsjava-2.1.7.jar:/root/.m2/repository/org/apache/hadoop/hadoop-hdfs/3.2.0/hadoop-hdfs-3.2.0-tests.jar:/root/.m2/repository/org/eclipse/jetty/jetty-util-ajax/9.3.24.v20180605/jetty-util-ajax-9.3.24.v20180605.jar:/root/.m2/repository/commons-daemon/commons-daemon/1.0.13/commons-daemon-1.0.13.jar:/root/.m2/repository/io/netty/netty/3.10.5.Final/netty-3.10.5.Final.jar:/root/.m2/repository/io/netty/netty-all/4.0.52.Final/netty-all-4.0.52.Final.jar:/root/.m2/repository/org/fusesource/leveldbjni/leveldbjni-all/1.8/leveldbjni-all-1.8.jar:"/>
    <property name="java.vm.vendor" value="IcedTea"/>
    <property name="sun.arch.data.model" value="64"/>
    <property name="test.build.dir" value="/opt/src/hadoop-ozone/integration-test/target/test-dir"/>
    <property name="test.cache.data" value=""/>
    <property name="java.vendor.url" value="https://icedtea.classpath.org"/>
    <property name="user.timezone" value=""/>
    <property name="java.vm.specification.version" value="1.8"/>
    <property name="os.name" value="Linux"/>
    <property name="test.build.data" value="/opt/src/hadoop-ozone/integration-test/target/test-dir"/>
    <property name="user.country" value="US"/>
    <property name="sun.java.launcher" value="SUN_STANDARD"/>
    <property name="sun.boot.library.path" value="/usr/lib/jvm/java-1.8-openjdk/jre/lib/amd64"/>
    <property name="sun.java.command" value="/opt/src/hadoop-ozone/integration-test/target/surefire/surefirebooter9145845136652911705.jar /opt/src/hadoop-ozone/integration-test/target/surefire 2019-06-14T12-11-57_186-jvmRun1 surefire6730311397959039897tmp surefire_218764517189551933617tmp"/>
    <property name="surefire.test.class.path" value="/opt/src/hadoop-ozone/integration-test/target/test-classes:/opt/src/hadoop-ozone/integration-test/target/classes:/root/.m2/repository/org/apache/hadoop/hadoop-ozone-common/0.5.0-SNAPSHOT/hadoop-ozone-common-0.5.0-SNAPSHOT.jar:/root/.m2/repository/org/apache/commons/commons-compress/1.4.1/commons-compress-1.4.1.jar:/root/.m2/repository/org/tukaani/xz/1.0/xz-1.0.jar:/root/.m2/repository/org/apache/hadoop/hadoop-common/3.2.0/hadoop-common-3.2.0.jar:/root/.m2/repository/org/apache/hadoop/hadoop-hdfs/3.2.0/hadoop-hdfs-3.2.0.jar:/root/.m2/repository/org/apache/hadoop/hadoop-hdfs-client/3.2.0/hadoop-hdfs-client-3.2.0.jar:/root/.m2/repository/com/fasterxml/jackson/core/jackson-annotations/2.9.5/jackson-annotations-2.9.5.jar:/root/.m2/repository/org/apache/hadoop/hadoop-hdds-common/0.5.0-SNAPSHOT/hadoop-hdds-common-0.5.0-SNAPSHOT.jar:/root/.m2/repository/javax/annotation/javax.annotation-api/1.2/javax.annotation-api-1.2.jar:/root/.m2/repository/org/apache/ratis/ratis-server/0.4.0-fe2b15d-SNAPSHOT/ratis-server-0.4.0-fe2b15d-SNAPSHOT.jar:/root/.m2/repository/org/apache/ratis/ratis-thirdparty-misc/0.2.0/ratis-thirdparty-misc-0.2.0.jar:/root/.m2/repository/org/apache/ratis/ratis-proto/0.4.0-fe2b15d-SNAPSHOT/ratis-proto-0.4.0-fe2b15d-SNAPSHOT.jar:/root/.m2/repository/org/apache/ratis/ratis-common/0.4.0-fe2b15d-SNAPSHOT/ratis-common-0.4.0-fe2b15d-SNAPSHOT.jar:/root/.m2/repository/org/apache/ratis/ratis-client/0.4.0-fe2b15d-SNAPSHOT/ratis-client-0.4.0-fe2b15d-SNAPSHOT.jar:/root/.m2/repository/org/apache/ratis/ratis-netty/0.4.0-fe2b15d-SNAPSHOT/ratis-netty-0.4.0-fe2b15d-SNAPSHOT.jar:/root/.m2/repository/org/apache/ratis/ratis-grpc/0.4.0-fe2b15d-SNAPSHOT/ratis-grpc-0.4.0-fe2b15d-SNAPSHOT.jar:/root/.m2/repository/org/rocksdb/rocksdbjni/5.14.2/rocksdbjni-5.14.2.jar:/root/.m2/repository/org/apache/logging/log4j/log4j-api/2.11.0/log4j-api-2.11.0.jar:/root/.m2/repository/org/apache/logging/log4j/log4j-core/2.11.0/log4j-core-2.11.0.jar:/root/.m2/repository/com/lmax/disruptor/3.4.2/disruptor-3.4.2.jar:/root/.m2/repository/org/apache/commons/commons-pool2/2.6.0/commons-pool2-2.6.0.jar:/root/.m2/repository/org/bouncycastle/bcpkix-jdk15on/1.60/bcpkix-jdk15on-1.60.jar:/root/.m2/repository/commons-validator/commons-validator/1.6/commons-validator-1.6.jar:/root/.m2/repository/commons-digester/commons-digester/1.8.1/commons-digester-1.8.1.jar:/root/.m2/repository/io/jaegertracing/jaeger-client/0.33.1/jaeger-client-0.33.1.jar:/root/.m2/repository/io/jaegertracing/jaeger-thrift/0.33.1/jaeger-thrift-0.33.1.jar:/root/.m2/repository/org/apache/thrift/libthrift/0.11.0/libthrift-0.11.0.jar:/root/.m2/repository/com/squareup/okhttp3/okhttp/3.9.0/okhttp-3.9.0.jar:/root/.m2/repository/com/squareup/okio/okio/1.13.0/okio-1.13.0.jar:/root/.m2/repository/io/jaegertracing/jaeger-core/0.33.1/jaeger-core-0.33.1.jar:/root/.m2/repository/io/jaegertracing/jaeger-tracerresolver/0.33.1/jaeger-tracerresolver-0.33.1.jar:/root/.m2/repository/io/opentracing/contrib/opentracing-tracerresolver/0.1.5/opentracing-tracerresolver-0.1.5.jar:/root/.m2/repository/io/opentracing/opentracing-util/0.31.0/opentracing-util-0.31.0.jar:/root/.m2/repository/io/opentracing/opentracing-api/0.31.0/opentracing-api-0.31.0.jar:/root/.m2/repository/io/opentracing/opentracing-noop/0.31.0/opentracing-noop-0.31.0.jar:/root/.m2/repository/org/apache/hadoop/hadoop-hdds-server-framework/0.5.0-SNAPSHOT/hadoop-hdds-server-framework-0.5.0-SNAPSHOT.jar:/root/.m2/repository/org/apache/hadoop/hadoop-hdds-server-scm/0.5.0-SNAPSHOT/hadoop-hdds-server-scm-0.5.0-SNAPSHOT.jar:/root/.m2/repository/org/apache/hadoop/hadoop-hdds-container-service/0.5.0-SNAPSHOT/hadoop-hdds-container-service-0.5.0-SNAPSHOT.jar:/root/.m2/repository/org/apache/hadoop/hadoop-hdds-client/0.5.0-SNAPSHOT/hadoop-hdds-client-0.5.0-SNAPSHOT.jar:/root/.m2/repository/org/apache/hadoop/hadoop-hdds-tools/0.5.0-SNAPSHOT/hadoop-hdds-tools-0.5.0-SNAPSHOT.jar:/root/.m2/repository/org/apache/hadoop/hadoop-ozone-ozone-manager/0.5.0-SNAPSHOT/hadoop-ozone-ozone-manager-0.5.0-SNAPSHOT.jar:/root/.m2/repository/org/apache/hadoop/hadoop-hdds-docs/0.5.0-SNAPSHOT/hadoop-hdds-docs-0.5.0-SNAPSHOT.jar:/root/.m2/repository/org/bouncycastle/bcprov-jdk15on/1.60/bcprov-jdk15on-1.60.jar:/root/.m2/repository/org/apache/hadoop/hadoop-minikdc/3.2.0/hadoop-minikdc-3.2.0.jar:/root/.m2/repository/commons-io/commons-io/2.5/commons-io-2.5.jar:/root/.m2/repository/org/apache/kerby/kerb-simplekdc/1.0.1/kerb-simplekdc-1.0.1.jar:/root/.m2/repository/org/apache/kerby/kerb-client/1.0.1/kerb-client-1.0.1.jar:/root/.m2/repository/org/apache/kerby/kerby-config/1.0.1/kerby-config-1.0.1.jar:/root/.m2/repository/org/apache/kerby/kerb-core/1.0.1/kerb-core-1.0.1.jar:/root/.m2/repository/org/apache/kerby/kerby-pkix/1.0.1/kerby-pkix-1.0.1.jar:/root/.m2/repository/org/apache/kerby/kerby-asn1/1.0.1/kerby-asn1-1.0.1.jar:/root/.m2/repository/org/apache/kerby/kerby-util/1.0.1/kerby-util-1.0.1.jar:/root/.m2/repository/org/apache/kerby/kerb-common/1.0.1/kerb-common-1.0.1.jar:/root/.m2/repository/org/apache/kerby/kerb-crypto/1.0.1/kerb-crypto-1.0.1.jar:/root/.m2/repository/org/apache/kerby/kerb-util/1.0.1/kerb-util-1.0.1.jar:/root/.m2/repository/org/apache/kerby/token-provider/1.0.1/token-provider-1.0.1.jar:/root/.m2/repository/org/apache/kerby/kerb-admin/1.0.1/kerb-admin-1.0.1.jar:/root/.m2/repository/org/apache/kerby/kerb-server/1.0.1/kerb-server-1.0.1.jar:/root/.m2/repository/org/apache/kerby/kerb-identity/1.0.1/kerb-identity-1.0.1.jar:/root/.m2/repository/org/apache/kerby/kerby-xdr/1.0.1/kerby-xdr-1.0.1.jar:/root/.m2/repository/org/slf4j/slf4j-log4j12/1.7.25/slf4j-log4j12-1.7.25.jar:/root/.m2/repository/org/apache/hadoop/hadoop-ozone-objectstore-service/0.5.0-SNAPSHOT/hadoop-ozone-objectstore-service-0.5.0-SNAPSHOT.jar:/root/.m2/repository/org/apache/hadoop/hadoop-ozone-s3gateway/0.5.0-SNAPSHOT/hadoop-ozone-s3gateway-0.5.0-SNAPSHOT.jar:/root/.m2/repository/org/jboss/weld/servlet/weld-servlet/2.4.7.Final/weld-servlet-2.4.7.Final.jar:/root/.m2/repository/org/glassfish/jersey/containers/jersey-container-servlet-core/2.27/jersey-container-servlet-core-2.27.jar:/root/.m2/repository/org/glassfish/hk2/external/javax.inject/2.5.0-b42/javax.inject-2.5.0-b42.jar:/root/.m2/repository/org/glassfish/jersey/core/jersey-common/2.27/jersey-common-2.27.jar:/root/.m2/repository/org/glassfish/hk2/osgi-resource-locator/1.0.1/osgi-resource-locator-1.0.1.jar:/root/.m2/repository/javax/ws/rs/javax.ws.rs-api/2.1/javax.ws.rs-api-2.1.jar:/root/.m2/repository/org/glassfish/jersey/ext/cdi/jersey-cdi1x/2.27/jersey-cdi1x-2.27.jar:/root/.m2/repository/org/glassfish/jersey/inject/jersey-hk2/2.27/jersey-hk2-2.27.jar:/root/.m2/repository/org/glassfish/hk2/hk2-locator/2.5.0-b42/hk2-locator-2.5.0-b42.jar:/root/.m2/repository/org/javassist/javassist/3.22.0-CR2/javassist-3.22.0-CR2.jar:/root/.m2/repository/org/glassfish/hk2/hk2-api/2.5.0/hk2-api-2.5.0.jar:/root/.m2/repository/org/glassfish/hk2/external/jakarta.inject/2.5.0/jakarta.inject-2.5.0.jar:/root/.m2/repository/org/glassfish/hk2/hk2-utils/2.5.0/hk2-utils-2.5.0.jar:/root/.m2/repository/jakarta/annotation/jakarta.annotation-api/1.3.4/jakarta.annotation-api-1.3.4.jar:/root/.m2/repository/org/glassfish/hk2/external/aopalliance-repackaged/2.5.0/aopalliance-repackaged-2.5.0.jar:/root/.m2/repository/com/fasterxml/jackson/dataformat/jackson-dataformat-xml/2.9.0/jackson-dataformat-xml-2.9.0.jar:/root/.m2/repository/com/fasterxml/jackson/core/jackson-core/2.9.5/jackson-core-2.9.5.jar:/root/.m2/repository/com/fasterxml/jackson/module/jackson-module-jaxb-annotations/2.9.5/jackson-module-jaxb-annotations-2.9.5.jar:/root/.m2/repository/javax/enterprise/cdi-api/1.2/cdi-api-1.2.jar:/root/.m2/repository/javax/el/javax.el-api/3.0.0/javax.el-api-3.0.0.jar:/root/.m2/repository/javax/interceptor/javax.interceptor-api/1.2/javax.interceptor-api-1.2.jar:/root/.m2/repository/javax/inject/javax.inject/1/javax.inject-1.jar:/root/.m2/repository/com/sun/xml/bind/jaxb-impl/2.3.0.1/jaxb-impl-2.3.0.1.jar:/root/.m2/repository/com/sun/xml/bind/jaxb-core/2.3.0.1/jaxb-core-2.3.0.1.jar:/root/.m2/repository/javax/xml/bind/jaxb-api/2.3.0/jaxb-api-2.3.0.jar:/root/.m2/repository/javax/activation/activation/1.1.1/activation-1.1.1.jar:/root/.m2/repository/org/apache/hadoop/hadoop-ozone-csi/0.5.0-SNAPSHOT/hadoop-ozone-csi-0.5.0-SNAPSHOT.jar:/root/.m2/repository/com/google/protobuf/protobuf-java-util/3.5.1/protobuf-java-util-3.5.1.jar:/root/.m2/repository/org/apache/hadoop/hadoop-hdds-config/0.5.0-SNAPSHOT/hadoop-hdds-config-0.5.0-SNAPSHOT.jar:/root/.m2/repository/com/google/guava/guava/11.0.2/guava-11.0.2.jar:/root/.m2/repository/com/google/protobuf/protobuf-java/2.5.0/protobuf-java-2.5.0.jar:/root/.m2/repository/io/grpc/grpc-netty/1.17.1/grpc-netty-1.17.1.jar:/root/.m2/repository/io/grpc/grpc-core/1.17.1/grpc-core-1.17.1.jar:/root/.m2/repository/io/grpc/grpc-context/1.17.1/grpc-context-1.17.1.jar:/root/.m2/repository/com/google/errorprone/error_prone_annotations/2.2.0/error_prone_annotations-2.2.0.jar:/root/.m2/repository/org/codehaus/mojo/animal-sniffer-annotations/1.17/animal-sniffer-annotations-1.17.jar:/root/.m2/repository/io/opencensus/opencensus-api/0.17.0/opencensus-api-0.17.0.jar:/root/.m2/repository/io/opencensus/opencensus-contrib-grpc-metrics/0.17.0/opencensus-contrib-grpc-metrics-0.17.0.jar:/root/.m2/repository/io/netty/netty-codec-http2/4.1.30.Final/netty-codec-http2-4.1.30.Final.jar:/root/.m2/repository/io/netty/netty-codec-http/4.1.30.Final/netty-codec-http-4.1.30.Final.jar:/root/.m2/repository/io/netty/netty-codec/4.1.30.Final/netty-codec-4.1.30.Final.jar:/root/.m2/repository/io/netty/netty-handler/4.1.30.Final/netty-handler-4.1.30.Final.jar:/root/.m2/repository/io/netty/netty-handler-proxy/4.1.30.Final/netty-handler-proxy-4.1.30.Final.jar:/root/.m2/repository/io/netty/netty-codec-socks/4.1.30.Final/netty-codec-socks-4.1.30.Final.jar:/root/.m2/repository/io/netty/netty-transport-native-epoll/4.1.30.Final/netty-transport-native-epoll-4.1.30.Final.jar:/root/.m2/repository/io/netty/netty-common/4.1.30.Final/netty-common-4.1.30.Final.jar:/root/.m2/repository/io/netty/netty-buffer/4.1.30.Final/netty-buffer-4.1.30.Final.jar:/root/.m2/repository/io/netty/netty-transport/4.1.30.Final/netty-transport-4.1.30.Final.jar:/root/.m2/repository/io/netty/netty-resolver/4.1.30.Final/netty-resolver-4.1.30.Final.jar:/root/.m2/repository/io/netty/netty-transport-native-unix-common/4.1.30.Final/netty-transport-native-unix-common-4.1.30.Final.jar:/root/.m2/repository/io/grpc/grpc-protobuf/1.17.1/grpc-protobuf-1.17.1.jar:/root/.m2/repository/com/google/api/grpc/proto-google-common-protos/1.0.0/proto-google-common-protos-1.0.0.jar:/root/.m2/repository/io/grpc/grpc-protobuf-lite/1.17.1/grpc-protobuf-lite-1.17.1.jar:/root/.m2/repository/io/grpc/grpc-stub/1.17.1/grpc-stub-1.17.1.jar:/root/.m2/repository/org/apache/hadoop/hadoop-ozone-recon/0.5.0-SNAPSHOT/hadoop-ozone-recon-0.5.0-SNAPSHOT.jar:/root/.m2/repository/org/apache/hadoop/hadoop-ozone-reconcodegen/0.5.0-SNAPSHOT/hadoop-ozone-reconcodegen-0.5.0-SNAPSHOT.jar:/root/.m2/repository/com/google/inject/extensions/guice-multibindings/4.0/guice-multibindings-4.0.jar:/root/.m2/repository/com/google/inject/guice/4.0/guice-4.0.jar:/root/.m2/repository/aopalliance/aopalliance/1.0/aopalliance-1.0.jar:/root/.m2/repository/com/google/inject/extensions/guice-servlet/4.0/guice-servlet-4.0.jar:/root/.m2/repository/org/glassfish/jersey/containers/jersey-container-servlet/2.27/jersey-container-servlet-2.27.jar:/root/.m2/repository/org/glassfish/hk2/guice-bridge/2.5.0/guice-bridge-2.5.0.jar:/root/.m2/repository/org/glassfish/jersey/core/jersey-server/2.27/jersey-server-2.27.jar:/root/.m2/repository/org/glassfish/jersey/core/jersey-client/2.27/jersey-client-2.27.jar:/root/.m2/repository/org/glassfish/jersey/media/jersey-media-jaxb/2.27/jersey-media-jaxb-2.27.jar:/root/.m2/repository/javax/validation/validation-api/1.1.0.Final/validation-api-1.1.0.Final.jar:/root/.m2/repository/org/glassfish/jersey/media/jersey-media-json-jackson/2.27/jersey-media-json-jackson-2.27.jar:/root/.m2/repository/org/glassfish/jersey/ext/jersey-entity-filtering/2.27/jersey-entity-filtering-2.27.jar:/root/.m2/repository/com/google/inject/extensions/guice-assistedinject/4.0/guice-assistedinject-4.0.jar:/root/.m2/repository/org/jooq/jooq/3.11.10/jooq-3.11.10.jar:/root/.m2/repository/org/jooq/jooq-meta/3.11.10/jooq-meta-3.11.10.jar:/root/.m2/repository/org/jooq/jooq-codegen/3.11.10/jooq-codegen-3.11.10.jar:/root/.m2/repository/com/jolbox/bonecp/0.8.0.RELEASE/bonecp-0.8.0.RELEASE.jar:/root/.m2/repository/org/xerial/sqlite-jdbc/3.25.2/sqlite-jdbc-3.25.2.jar:/root/.m2/repository/org/springframework/spring-jdbc/5.1.3.RELEASE/spring-jdbc-5.1.3.RELEASE.jar:/root/.m2/repository/org/springframework/spring-beans/5.1.3.RELEASE/spring-beans-5.1.3.RELEASE.jar:/root/.m2/repository/org/springframework/spring-core/5.1.3.RELEASE/spring-core-5.1.3.RELEASE.jar:/root/.m2/repository/org/springframework/spring-jcl/5.1.3.RELEASE/spring-jcl-5.1.3.RELEASE.jar:/root/.m2/repository/org/springframework/spring-tx/5.1.3.RELEASE/spring-tx-5.1.3.RELEASE.jar:/root/.m2/repository/org/apache/hadoop/hadoop-ozone-client/0.5.0-SNAPSHOT/hadoop-ozone-client-0.5.0-SNAPSHOT.jar:/root/.m2/repository/org/apache/hadoop/hadoop-ozone-ozone-manager/0.5.0-SNAPSHOT/hadoop-ozone-ozone-manager-0.5.0-SNAPSHOT-tests.jar:/root/.m2/repository/junit/junit/4.11/junit-4.11.jar:/root/.m2/repository/org/hamcrest/hamcrest-core/1.3/hamcrest-core-1.3.jar:/root/.m2/repository/org/openjdk/jmh/jmh-core/1.19/jmh-core-1.19.jar:/root/.m2/repository/net/sf/jopt-simple/jopt-simple/4.6/jopt-simple-4.6.jar:/root/.m2/repository/org/apache/commons/commons-math3/3.1.1/commons-math3-3.1.1.jar:/root/.m2/repository/org/openjdk/jmh/jmh-generator-annprocess/1.19/jmh-generator-annprocess-1.19.jar:/root/.m2/repository/org/mockito/mockito-all/1.8.5/mockito-all-1.8.5.jar:/root/.m2/repository/org/apache/hadoop/hadoop-kms/3.2.0/hadoop-kms-3.2.0.jar:/root/.m2/repository/org/apache/hadoop/hadoop-auth/3.2.0/hadoop-auth-3.2.0.jar:/root/.m2/repository/com/nimbusds/nimbus-jose-jwt/4.41.1/nimbus-jose-jwt-4.41.1.jar:/root/.m2/repository/com/github/stephenc/jcip/jcip-annotations/1.0-1/jcip-annotations-1.0-1.jar:/root/.m2/repository/net/minidev/json-smart/2.3/json-smart-2.3.jar:/root/.m2/repository/net/minidev/accessors-smart/1.2/accessors-smart-1.2.jar:/root/.m2/repository/org/ow2/asm/asm/5.0.4/asm-5.0.4.jar:/root/.m2/repository/org/apache/curator/curator-framework/2.12.0/curator-framework-2.12.0.jar:/root/.m2/repository/com/sun/jersey/jersey-core/1.19/jersey-core-1.19.jar:/root/.m2/repository/javax/ws/rs/jsr311-api/1.1.1/jsr311-api-1.1.1.jar:/root/.m2/repository/com/sun/jersey/jersey-server/1.19/jersey-server-1.19.jar:/root/.m2/repository/javax/servlet/javax.servlet-api/3.1.0/javax.servlet-api-3.1.0.jar:/root/.m2/repository/org/eclipse/jetty/jetty-server/9.3.24.v20180605/jetty-server-9.3.24.v20180605.jar:/root/.m2/repository/org/eclipse/jetty/jetty-http/9.3.24.v20180605/jetty-http-9.3.24.v20180605.jar:/root/.m2/repository/org/eclipse/jetty/jetty-io/9.3.24.v20180605/jetty-io-9.3.24.v20180605.jar:/root/.m2/repository/org/eclipse/jetty/jetty-webapp/9.3.24.v20180605/jetty-webapp-9.3.24.v20180605.jar:/root/.m2/repository/org/eclipse/jetty/jetty-xml/9.3.24.v20180605/jetty-xml-9.3.24.v20180605.jar:/root/.m2/repository/log4j/log4j/1.2.17/log4j-1.2.17.jar:/root/.m2/repository/org/slf4j/slf4j-api/1.7.25/slf4j-api-1.7.25.jar:/root/.m2/repository/org/slf4j/jul-to-slf4j/1.7.25/jul-to-slf4j-1.7.25.jar:/root/.m2/repository/org/eclipse/jetty/jetty-util/9.3.24.v20180605/jetty-util-9.3.24.v20180605.jar:/root/.m2/repository/io/dropwizard/metrics/metrics-core/3.2.4/metrics-core-3.2.4.jar:/root/.m2/repository/com/fasterxml/jackson/core/jackson-databind/2.9.5/jackson-databind-2.9.5.jar:/root/.m2/repository/org/apache/hadoop/hadoop-kms/3.2.0/hadoop-kms-3.2.0-tests.jar:/root/.m2/repository/org/apache/hadoop/hadoop-hdds-server-scm/0.5.0-SNAPSHOT/hadoop-hdds-server-scm-0.5.0-SNAPSHOT-tests.jar:/root/.m2/repository/org/hamcrest/hamcrest-all/1.3/hamcrest-all-1.3.jar:/root/.m2/repository/info/picocli/picocli/3.9.6/picocli-3.9.6.jar:/root/.m2/repository/org/apache/hadoop/hadoop-hdds-container-service/0.5.0-SNAPSHOT/hadoop-hdds-container-service-0.5.0-SNAPSHOT-tests.jar:/root/.m2/repository/org/yaml/snakeyaml/1.16/snakeyaml-1.16.jar:/root/.m2/repository/org/apache/hadoop/hadoop-common/3.2.0/hadoop-common-3.2.0-tests.jar:/root/.m2/repository/org/apache/hadoop/hadoop-annotations/3.2.0/hadoop-annotations-3.2.0.jar:/usr/lib/jvm/java-1.8-openjdk/jre/../lib/tools.jar:/root/.m2/repository/commons-cli/commons-cli/1.2/commons-cli-1.2.jar:/root/.m2/repository/org/apache/httpcomponents/httpclient/4.5.2/httpclient-4.5.2.jar:/root/.m2/repository/org/apache/httpcomponents/httpcore/4.4.4/httpcore-4.4.4.jar:/root/.m2/repository/commons-codec/commons-codec/1.11/commons-codec-1.11.jar:/root/.m2/repository/commons-net/commons-net/3.6/commons-net-3.6.jar:/root/.m2/repository/commons-collections/commons-collections/3.2.2/commons-collections-3.2.2.jar:/root/.m2/repository/org/eclipse/jetty/jetty-servlet/9.3.24.v20180605/jetty-servlet-9.3.24.v20180605.jar:/root/.m2/repository/org/eclipse/jetty/jetty-security/9.3.24.v20180605/jetty-security-9.3.24.v20180605.jar:/root/.m2/repository/javax/servlet/jsp/jsp-api/2.1/jsp-api-2.1.jar:/root/.m2/repository/com/sun/jersey/jersey-servlet/1.19/jersey-servlet-1.19.jar:/root/.m2/repository/com/sun/jersey/jersey-json/1.19/jersey-json-1.19.jar:/root/.m2/repository/org/codehaus/jettison/jettison/1.1/jettison-1.1.jar:/root/.m2/repository/org/codehaus/jackson/jackson-core-asl/1.9.13/jackson-core-asl-1.9.13.jar:/root/.m2/repository/org/codehaus/jackson/jackson-mapper-asl/1.9.13/jackson-mapper-asl-1.9.13.jar:/root/.m2/repository/org/codehaus/jackson/jackson-jaxrs/1.9.13/jackson-jaxrs-1.9.13.jar:/root/.m2/repository/org/codehaus/jackson/jackson-xc/1.9.13/jackson-xc-1.9.13.jar:/root/.m2/repository/commons-logging/commons-logging/1.1.3/commons-logging-1.1.3.jar:/root/.m2/repository/commons-beanutils/commons-beanutils/1.9.3/commons-beanutils-1.9.3.jar:/root/.m2/repository/org/apache/commons/commons-configuration2/2.1.1/commons-configuration2-2.1.1.jar:/root/.m2/repository/org/apache/commons/commons-lang3/3.7/commons-lang3-3.7.jar:/root/.m2/repository/org/apache/commons/commons-text/1.4/commons-text-1.4.jar:/root/.m2/repository/org/apache/avro/avro/1.7.7/avro-1.7.7.jar:/root/.m2/repository/com/thoughtworks/paranamer/paranamer/2.3/paranamer-2.3.jar:/root/.m2/repository/org/xerial/snappy/snappy-java/1.0.5/snappy-java-1.0.5.jar:/root/.m2/repository/com/google/re2j/re2j/1.1/re2j-1.1.jar:/root/.m2/repository/com/google/code/gson/gson/2.2.4/gson-2.2.4.jar:/root/.m2/repository/com/jcraft/jsch/0.1.54/jsch-0.1.54.jar:/root/.m2/repository/org/apache/curator/curator-client/2.12.0/curator-client-2.12.0.jar:/root/.m2/repository/org/apache/curator/curator-recipes/2.12.0/curator-recipes-2.12.0.jar:/root/.m2/repository/com/google/code/findbugs/jsr305/3.0.0/jsr305-3.0.0.jar:/root/.m2/repository/org/apache/htrace/htrace-core4/4.1.0-incubating/htrace-core4-4.1.0-incubating.jar:/root/.m2/repository/org/apache/zookeeper/zookeeper/3.4.13/zookeeper-3.4.13.jar:/root/.m2/repository/org/apache/yetus/audience-annotations/0.5.0/audience-annotations-0.5.0.jar:/root/.m2/repository/org/codehaus/woodstox/stax2-api/3.1.4/stax2-api-3.1.4.jar:/root/.m2/repository/com/fasterxml/woodstox/woodstox-core/5.0.3/woodstox-core-5.0.3.jar:/root/.m2/repository/dnsjava/dnsjava/2.1.7/dnsjava-2.1.7.jar:/root/.m2/repository/org/apache/hadoop/hadoop-hdfs/3.2.0/hadoop-hdfs-3.2.0-tests.jar:/root/.m2/repository/org/eclipse/jetty/jetty-util-ajax/9.3.24.v20180605/jetty-util-ajax-9.3.24.v20180605.jar:/root/.m2/repository/commons-daemon/commons-daemon/1.0.13/commons-daemon-1.0.13.jar:/root/.m2/repository/io/netty/netty/3.10.5.Final/netty-3.10.5.Final.jar:/root/.m2/repository/io/netty/netty-all/4.0.52.Final/netty-all-4.0.52.Final.jar:/root/.m2/repository/org/fusesource/leveldbjni/leveldbjni-all/1.8/leveldbjni-all-1.8.jar:"/>
    <property name="sun.cpu.endian" value="little"/>
    <property name="user.home" value="/root"/>
    <property name="user.language" value="en"/>
    <property name="java.specification.vendor" value="Oracle Corporation"/>
    <property name="java.home" value="/usr/lib/jvm/java-1.8-openjdk/jre"/>
    <property name="java.security.krb5.conf" value="/opt/src/hadoop-ozone/integration-test/target/test-classes/krb5.conf"/>
    <property name="basedir" value="/opt/src/hadoop-ozone/integration-test"/>
    <property name="file.separator" value="/"/>
    <property name="line.separator" value="&#10;"/>
    <property name="java.vm.specification.vendor" value="Oracle Corporation"/>
    <property name="java.specification.name" value="Java Platform API Specification"/>
    <property name="java.awt.graphicsenv" value="sun.awt.X11GraphicsEnvironment"/>
    <property name="surefire.real.class.path" value="/opt/src/hadoop-ozone/integration-test/target/surefire/surefirebooter9145845136652911705.jar"/>
    <property name="hadoop.log.dir" value="/opt/src/hadoop-ozone/integration-test/target/log"/>
    <property name="sun.boot.class.path" value="/usr/lib/jvm/java-1.8-openjdk/jre/lib/resources.jar:/usr/lib/jvm/java-1.8-openjdk/jre/lib/rt.jar:/usr/lib/jvm/java-1.8-openjdk/jre/lib/sunrsasign.jar:/usr/lib/jvm/java-1.8-openjdk/jre/lib/jsse.jar:/usr/lib/jvm/java-1.8-openjdk/jre/lib/jce.jar:/usr/lib/jvm/java-1.8-openjdk/jre/lib/charsets.jar:/usr/lib/jvm/java-1.8-openjdk/jre/lib/jfr.jar:/usr/lib/jvm/java-1.8-openjdk/jre/classes"/>
    <property name="sun.management.compiler" value="HotSpot 64-Bit Tiered Compilers"/>
    <property name="java.runtime.version" value="1.8.0_212-b04"/>
    <property name="java.net.preferIPv4Stack" value="true"/>
    <property name="user.name" value="root"/>
    <property name="path.separator" value=":"/>
    <property name="java.security.egd" value="file:///dev/urandom"/>
    <property name="os.version" value="4.15.0-1021-aws"/>
    <property name="java.endorsed.dirs" value="/usr/lib/jvm/java-1.8-openjdk/jre/lib/endorsed"/>
    <property name="java.runtime.name" value="OpenJDK Runtime Environment"/>
    <property name="file.encoding" value="UTF-8"/>
    <property name="java.vm.name" value="OpenJDK 64-Bit Server VM"/>
    <property name="test.build.webapps" value=""/>
    <property name="localRepository" value="/root/.m2/repository"/>
    <property name="java.vendor.url.bug" value="https://icedtea.classpath.org/bugzilla"/>
    <property name="java.io.tmpdir" value="/tmp"/>
    <property name="require.test.libhadoop" value=""/>
    <property name="java.version" value="1.8.0_212"/>
    <property name="user.dir" value="/opt/src/hadoop-ozone/integration-test"/>
    <property name="os.arch" value="amd64"/>
    <property name="java.vm.specification.name" value="Java Virtual Machine Specification"/>
    <property name="test.build.classes" value="/opt/src/hadoop-ozone/integration-test/target/test-classes"/>
    <property name="java.awt.printerjob" value="sun.print.PSPrinterJob"/>
    <property name="sun.os.patch.level" value="unknown"/>
    <property name="hadoop.tmp.dir" value="/opt/src/hadoop-ozone/integration-test/target/tmp"/>
    <property name="java.library.path" value="/usr/lib/jvm/java-1.8-openjdk/jre/lib/amd64/server:/usr/lib/jvm/java-1.8-openjdk/jre/lib/amd64:/usr/lib/jvm/java-1.8-openjdk/jre/../lib/amd64:/opt/src/hadoop-ozone/integration-test/target/native/target/usr/local/lib:/opt/src/hadoop-ozone/integration-test/../../hadoop-common-project/hadoop-common/target/native/target/usr/local/lib:/usr/java/packages/lib/amd64:/usr/lib64:/lib64:/lib:/usr/lib"/>
    <property name="java.vm.info" value="mixed mode"/>
    <property name="java.vendor" value="IcedTea"/>
    <property name="java.vm.version" value="25.212-b04"/>
    <property name="java.ext.dirs" value="/usr/lib/jvm/java-1.8-openjdk/jre/lib/ext:/usr/java/packages/lib/ext"/>
    <property name="sun.io.unicode.encoding" value="UnicodeLittle"/>
    <property name="java.class.version" value="52.0"/>
  </properties>
  <testcase name="testWatchForCommitWithKeyWrite" classname="org.apache.hadoop.ozone.client.rpc.TestWatchForCommit" time="28.085"/>
  <testcase name="testWatchForCommitWithSmallerTimeoutValue" classname="org.apache.hadoop.ozone.client.rpc.TestWatchForCommit" time="15.901"/>
  <testcase name="testWatchForCommitForRetryfailure" classname="org.apache.hadoop.ozone.client.rpc.TestWatchForCommit" time="47.95"/>
  <testcase name="testWatchForCommitForGroupMismatchException" classname="org.apache.hadoop.ozone.client.rpc.TestWatchForCommit" time="31.082"/>
  <testcase name="test2WayCommitForTimeoutException" classname="org.apache.hadoop.ozone.client.rpc.TestWatchForCommit" time="17.803">
    <error message="org.apache.ratis.protocol.RaftRetryFailureException: Failed RaftClientRequest:client-AC7A151ED13D-&gt;26129bf1-b4f2-40d3-a939-935ce4d55851@group-4B264B6E65DA, cid=103, seq=1*, RW, org.apache.hadoop.hdds.scm.XceiverClientRatis$$Lambda$428/1172170412@360dfc1e for 10 attempts with RetryLimited(maxAttempts=10, sleepTime=1000ms)" type="java.util.concurrent.ExecutionException">java.util.concurrent.ExecutionException: org.apache.ratis.protocol.RaftRetryFailureException: Failed RaftClientRequest:client-AC7A151ED13D->26129bf1-b4f2-40d3-a939-935ce4d55851@group-4B264B6E65DA, cid=103, seq=1*, RW, org.apache.hadoop.hdds.scm.XceiverClientRatis$$Lambda$428/1172170412@360dfc1e for 10 attempts with RetryLimited(maxAttempts=10, sleepTime=1000ms)
	at java.util.concurrent.CompletableFuture.reportGet(CompletableFuture.java:357)
	at java.util.concurrent.CompletableFuture.get(CompletableFuture.java:1895)
	at org.apache.hadoop.ozone.client.rpc.TestWatchForCommit.test2WayCommitForTimeoutException(TestWatchForCommit.java:426)
	at sun.reflect.NativeMethodAccessorImpl.invoke0(Native Method)
	at sun.reflect.NativeMethodAccessorImpl.invoke(NativeMethodAccessorImpl.java:62)
	at sun.reflect.DelegatingMethodAccessorImpl.invoke(DelegatingMethodAccessorImpl.java:43)
	at java.lang.reflect.Method.invoke(Method.java:498)
	at org.junit.runners.model.FrameworkMethod$1.runReflectiveCall(FrameworkMethod.java:47)
	at org.junit.internal.runners.model.ReflectiveCallable.run(ReflectiveCallable.java:12)
	at org.junit.runners.model.FrameworkMethod.invokeExplosively(FrameworkMethod.java:44)
	at org.junit.internal.runners.statements.InvokeMethod.evaluate(InvokeMethod.java:17)
	at org.junit.runners.ParentRunner.runLeaf(ParentRunner.java:271)
	at org.junit.runners.BlockJUnit4ClassRunner.runChild(BlockJUnit4ClassRunner.java:70)
	at org.junit.runners.BlockJUnit4ClassRunner.runChild(BlockJUnit4ClassRunner.java:50)
	at org.junit.runners.ParentRunner$3.run(ParentRunner.java:238)
	at org.junit.runners.ParentRunner$1.schedule(ParentRunner.java:63)
	at org.junit.runners.ParentRunner.runChildren(ParentRunner.java:236)
	at org.junit.runners.ParentRunner.access$000(ParentRunner.java:53)
	at org.junit.runners.ParentRunner$2.evaluate(ParentRunner.java:229)
	at org.junit.runners.ParentRunner.run(ParentRunner.java:309)
	at org.apache.maven.surefire.junit4.JUnit4Provider.execute(JUnit4Provider.java:365)
	at org.apache.maven.surefire.junit4.JUnit4Provider.executeWithRerun(JUnit4Provider.java:273)
	at org.apache.maven.surefire.junit4.JUnit4Provider.executeTestSet(JUnit4Provider.java:238)
	at org.apache.maven.surefire.junit4.JUnit4Provider.invoke(JUnit4Provider.java:159)
	at org.apache.maven.surefire.booter.ForkedBooter.invokeProviderInSameClassLoader(ForkedBooter.java:384)
	at org.apache.maven.surefire.booter.ForkedBooter.runSuitesInProcess(ForkedBooter.java:345)
	at org.apache.maven.surefire.booter.ForkedBooter.execute(ForkedBooter.java:126)
	at org.apache.maven.surefire.booter.ForkedBooter.main(ForkedBooter.java:418)
Caused by: org.apache.ratis.protocol.RaftRetryFailureException: Failed RaftClientRequest:client-AC7A151ED13D->26129bf1-b4f2-40d3-a939-935ce4d55851@group-4B264B6E65DA, cid=103, seq=1*, RW, org.apache.hadoop.hdds.scm.XceiverClientRatis$$Lambda$428/1172170412@360dfc1e for 10 attempts with RetryLimited(maxAttempts=10, sleepTime=1000ms)
	at org.apache.ratis.client.impl.RaftClientImpl.newRaftRetryFailureException(RaftClientImpl.java:383)
	at org.apache.ratis.client.impl.RaftClientImpl.handleAsyncRetryFailure(RaftClientImpl.java:388)
	at org.apache.ratis.client.impl.RaftClientImpl.lambda$sendRequestAsync$14(RaftClientImpl.java:370)
	at java.util.concurrent.CompletableFuture.uniExceptionally(CompletableFuture.java:870)
	at java.util.concurrent.CompletableFuture$UniExceptionally.tryFire(CompletableFuture.java:852)
	at java.util.concurrent.CompletableFuture.postComplete(CompletableFuture.java:474)
	at java.util.concurrent.CompletableFuture.completeExceptionally(CompletableFuture.java:1977)
	at org.apache.ratis.grpc.client.GrpcClientProtocolClient$AsyncStreamObservers.completeReplyExceptionally(GrpcClientProtocolClient.java:329)
	at org.apache.ratis.grpc.client.GrpcClientProtocolClient$AsyncStreamObservers.access$000(GrpcClientProtocolClient.java:245)
	at org.apache.ratis.grpc.client.GrpcClientProtocolClient$AsyncStreamObservers$1.onNext(GrpcClientProtocolClient.java:257)
	at org.apache.ratis.grpc.client.GrpcClientProtocolClient$AsyncStreamObservers$1.onNext(GrpcClientProtocolClient.java:248)
	at org.apache.ratis.thirdparty.io.grpc.stub.ClientCalls$StreamObserverToCallListenerAdapter.onMessage(ClientCalls.java:421)
	at org.apache.ratis.thirdparty.io.grpc.ForwardingClientCallListener.onMessage(ForwardingClientCallListener.java:33)
	at org.apache.ratis.thirdparty.io.grpc.ForwardingClientCallListener.onMessage(ForwardingClientCallListener.java:33)
	at org.apache.ratis.thirdparty.io.grpc.internal.ClientCallImpl$ClientStreamListenerImpl$1MessagesAvailable.runInContext(ClientCallImpl.java:519)
	at org.apache.ratis.thirdparty.io.grpc.internal.ContextRunnable.run(ContextRunnable.java:37)
	at org.apache.ratis.thirdparty.io.grpc.internal.SerializingExecutor.run(SerializingExecutor.java:123)
	at java.util.concurrent.ThreadPoolExecutor.runWorker(ThreadPoolExecutor.java:1149)
	at java.util.concurrent.ThreadPoolExecutor$Worker.run(ThreadPoolExecutor.java:624)
	at java.lang.Thread.run(Thread.java:748)
</error>
    <system-out><![CDATA[2019-06-14 12:34:02,490 WARN  server.ServerUtils (ServerUtils.java:getScmDbDir(145)) - ozone.scm.db.dirs is not configured. We recommend adding this setting. Falling back to ozone.metadata.dirs instead.
2019-06-14 12:34:02,499 WARN  server.ServerUtils (ServerUtils.java:getScmDbDir(145)) - ozone.scm.db.dirs is not configured. We recommend adding this setting. Falling back to ozone.metadata.dirs instead.
2019-06-14 12:34:02,499 WARN  server.ServerUtils (ServerUtils.java:getScmDbDir(145)) - ozone.scm.db.dirs is not configured. We recommend adding this setting. Falling back to ozone.metadata.dirs instead.
2019-06-14 12:34:02,499 INFO  db.DBStoreBuilder (DBStoreBuilder.java:addTable(110)) - using custom profile for table: deletedBlocks
2019-06-14 12:34:02,500 INFO  db.DBStoreBuilder (DBStoreBuilder.java:processTables(161)) - Using default column profile:DBProfile.DISK for Table:deletedBlocks
2019-06-14 12:34:02,500 INFO  db.DBStoreBuilder (DBStoreBuilder.java:addTable(110)) - using custom profile for table: validCerts
2019-06-14 12:34:02,500 INFO  db.DBStoreBuilder (DBStoreBuilder.java:processTables(161)) - Using default column profile:DBProfile.DISK for Table:validCerts
2019-06-14 12:34:02,500 INFO  db.DBStoreBuilder (DBStoreBuilder.java:addTable(110)) - using custom profile for table: revokedCerts
2019-06-14 12:34:02,500 INFO  db.DBStoreBuilder (DBStoreBuilder.java:processTables(161)) - Using default column profile:DBProfile.DISK for Table:revokedCerts
2019-06-14 12:34:02,500 INFO  db.DBStoreBuilder (DBStoreBuilder.java:addTable(110)) - using custom profile for table: default
2019-06-14 12:34:02,501 INFO  db.DBStoreBuilder (DBStoreBuilder.java:processTables(167)) - Using default column profile:DBProfile.DISK for Table:default
2019-06-14 12:34:02,501 INFO  db.DBStoreBuilder (DBStoreBuilder.java:getDbProfile(198)) - Using default options. DBProfile.DISK
2019-06-14 12:34:02,556 WARN  server.ServerUtils (ServerUtils.java:sanitizeUserArgs(70)) - ozone.scm.stale.node.interval value = 300000 is larger than max = 100000 based on the key value of ozone.scm.heartbeat.thread.interval, reset to the max value 100000.
2019-06-14 12:34:02,557 WARN  server.ServerUtils (ServerUtils.java:sanitizeUserArgs(70)) - ozone.scm.stale.node.interval value = 300000 is larger than max = 100000 based on the key value of ozone.scm.heartbeat.thread.interval, reset to the max value 100000.
2019-06-14 12:34:02,557 INFO  node.SCMNodeManager (SCMNodeManager.java:<init>(108)) - Entering startup safe mode.
2019-06-14 12:34:02,558 INFO  net.NodeSchemaLoader (NodeSchemaLoader.java:loadSchemaFromFile(125)) - Loading file from sun.misc.CompoundEnumeration@a3e458
2019-06-14 12:34:02,558 INFO  net.NodeSchemaLoader (NodeSchemaLoader.java:loadSchema(171)) - Loading network topology layer schema file
2019-06-14 12:34:02,572 WARN  server.ServerUtils (ServerUtils.java:getScmDbDir(145)) - ozone.scm.db.dirs is not configured. We recommend adding this setting. Falling back to ozone.metadata.dirs instead.
2019-06-14 12:34:02,590 INFO  pipeline.SCMPipelineManager (SCMPipelineManager.java:initializePipelineState(126)) - No pipeline exists in current db
2019-06-14 12:34:02,590 WARN  server.ServerUtils (ServerUtils.java:getScmDbDir(145)) - ozone.scm.db.dirs is not configured. We recommend adding this setting. Falling back to ozone.metadata.dirs instead.
2019-06-14 12:34:02,611 WARN  events.EventQueue (EventQueue.java:fireEvent(175)) - No event handler registered for event TypedEvent{payloadType=SafeModeStatus, name='SafeModeStatus'}
2019-06-14 12:34:02,625 INFO  ipc.CallQueueManager (CallQueueManager.java:<init>(84)) - Using callQueue: class java.util.concurrent.LinkedBlockingQueue, queueCapacity: 2000, scheduler: class org.apache.hadoop.ipc.DefaultRpcScheduler, ipcBackoff: false.
2019-06-14 12:34:02,631 INFO  ipc.CallQueueManager (CallQueueManager.java:<init>(84)) - Using callQueue: class java.util.concurrent.LinkedBlockingQueue, queueCapacity: 2000, scheduler: class org.apache.hadoop.ipc.DefaultRpcScheduler, ipcBackoff: false.
2019-06-14 12:34:02,631 INFO  ipc.Server (Server.java:run(1074)) - Starting Socket Reader #1 for port 38877
2019-06-14 12:34:02,636 INFO  ipc.Server (Server.java:run(1074)) - Starting Socket Reader #1 for port 37615
2019-06-14 12:34:02,639 INFO  ipc.CallQueueManager (CallQueueManager.java:<init>(84)) - Using callQueue: class java.util.concurrent.LinkedBlockingQueue, queueCapacity: 2000, scheduler: class org.apache.hadoop.ipc.DefaultRpcScheduler, ipcBackoff: false.
2019-06-14 12:34:02,646 INFO  ipc.Server (Server.java:run(1074)) - Starting Socket Reader #1 for port 36047
2019-06-14 12:34:02,657 INFO  hdfs.DFSUtil (DFSUtil.java:httpServerTemplateForNNAndJN(1641)) - Starting Web-server for scm at: http://0.0.0.0:0
2019-06-14 12:34:02,659 INFO  server.AuthenticationFilter (AuthenticationFilter.java:constructSecretProvider(240)) - Unable to initialize FileSignerSecretProvider, falling back to use random secrets.
2019-06-14 12:34:02,665 WARN  http.HttpRequestLog (HttpRequestLog.java:getRequestLog(97)) - Jetty request log can only be enabled using Log4j
2019-06-14 12:34:02,667 INFO  http.HttpServer2 (HttpServer2.java:addGlobalFilter(975)) - Added global filter 'safety' (class=org.apache.hadoop.http.HttpServer2$QuotingInputFilter)
2019-06-14 12:34:02,668 INFO  http.HttpServer2 (HttpServer2.java:addFilter(948)) - Added filter static_user_filter (class=org.apache.hadoop.http.lib.StaticUserWebFilter$StaticUserFilter) to context scm
2019-06-14 12:34:02,668 INFO  http.HttpServer2 (HttpServer2.java:addFilter(958)) - Added filter static_user_filter (class=org.apache.hadoop.http.lib.StaticUserWebFilter$StaticUserFilter) to context logs
2019-06-14 12:34:02,668 INFO  http.HttpServer2 (HttpServer2.java:addFilter(958)) - Added filter static_user_filter (class=org.apache.hadoop.http.lib.StaticUserWebFilter$StaticUserFilter) to context static
2019-06-14 12:34:02,690 INFO  server.StorageContainerManager (StorageContainerManager.java:start(752)) - StorageContainerLocationProtocol RPC server is listening at /0.0.0.0:36047
2019-06-14 12:34:02,690 INFO  impl.MetricsSystemImpl (MetricsSystemImpl.java:init(158)) - StorageContainerManager metrics system started (again)
2019-06-14 12:34:02,693 INFO  server.SCMClientProtocolServer (SCMClientProtocolServer.java:start(149)) - RPC server for Client  is listening at /0.0.0.0:36047
2019-06-14 12:34:02,706 INFO  ipc.Server (Server.java:run(1314)) - IPC Server Responder: starting
2019-06-14 12:34:02,706 INFO  ipc.Server (Server.java:run(1153)) - IPC Server listener on 36047: starting
2019-06-14 12:34:02,754 INFO  server.StorageContainerManager (StorageContainerManager.java:start(761)) - ScmBlockLocationProtocol RPC server is listening at /0.0.0.0:37615
2019-06-14 12:34:02,755 INFO  server.SCMBlockProtocolServer (SCMBlockProtocolServer.java:start(137)) - RPC server for Block Protocol is listening at /0.0.0.0:37615
2019-06-14 12:34:02,755 INFO  ipc.Server (Server.java:run(1314)) - IPC Server Responder: starting
2019-06-14 12:34:02,755 INFO  ipc.Server (Server.java:run(1153)) - IPC Server listener on 37615: starting
2019-06-14 12:34:02,757 INFO  server.StorageContainerManager (StorageContainerManager.java:start(765)) - ScmDatanodeProtocl RPC server is listening at /0.0.0.0:38877
2019-06-14 12:34:02,757 INFO  server.SCMDatanodeProtocolServer (SCMDatanodeProtocolServer.java:start(191)) - RPC server for DataNodes is listening at /0.0.0.0:38877
2019-06-14 12:34:02,758 INFO  ipc.Server (Server.java:run(1314)) - IPC Server Responder: starting
2019-06-14 12:34:02,758 INFO  ipc.Server (Server.java:run(1153)) - IPC Server listener on 38877: starting
2019-06-14 12:34:02,760 INFO  http.HttpServer2 (HttpServer2.java:bindListener(1191)) - Jetty bound to port 35359
2019-06-14 12:34:02,760 INFO  server.Server (Server.java:doStart(351)) - jetty-9.3.24.v20180605, build timestamp: 2018-06-05T17:11:56Z, git hash: 84205aa28f11a4f31f2a3b86d1bba2cc8ab69827
2019-06-14 12:34:02,777 INFO  handler.ContextHandler (ContextHandler.java:doStart(781)) - Started o.e.j.s.ServletContextHandler@3903cfc9{/logs,file:///opt/src/hadoop-ozone/integration-test/target/log,AVAILABLE}
2019-06-14 12:34:02,812 INFO  handler.ContextHandler (ContextHandler.java:doStart(781)) - Started o.e.j.s.ServletContextHandler@288e50c1{/static,file:///opt/src/hadoop-ozone/integration-test/target/test-classes/webapps/static,AVAILABLE}
2019-06-14 12:34:02,833 INFO  handler.ContextHandler (ContextHandler.java:doStart(781)) - Started o.e.j.w.WebAppContext@24ae2183{/,file:///opt/src/hadoop-ozone/integration-test/target/test-classes/webapps/scm/,AVAILABLE}{/scm}
2019-06-14 12:34:02,836 INFO  server.AbstractConnector (AbstractConnector.java:doStart(278)) - Started ServerConnector@14b3c8d7{HTTP/1.1,[http/1.1]}{0.0.0.0:35359}
2019-06-14 12:34:02,836 INFO  server.Server (Server.java:doStart(419)) - Started @123751ms
2019-06-14 12:34:02,865 INFO  server.BaseHttpServer (BaseHttpServer.java:updateConnectorAddress(207)) - HTTP server of SCM is listening at http://0.0.0.0:35359
2019-06-14 12:34:02,868 WARN  scm.ScmUtils (ScmUtils.java:getDBPath(63)) - ozone.om.db.dirs is not configured. We recommend adding this setting. Falling back to ozone.metadata.dirs instead.
2019-06-14 12:34:02,880 WARN  scm.ScmUtils (ScmUtils.java:getDBPath(63)) - ozone.om.db.dirs is not configured. We recommend adding this setting. Falling back to ozone.metadata.dirs instead.
2019-06-14 12:34:02,881 INFO  om.OzoneManager (OzoneManager.java:setOMNodeDetails(519)) - OM Service ID is not set. Setting it to the default ID: omServiceIdDefault
2019-06-14 12:34:02,881 INFO  om.OzoneManager (OzoneManager.java:setOMNodeDetails(525)) - OM Node ID is not set. Setting it to the OmStorage's OmID: d244698d-58a8-4b48-b9ad-e12d630caf83
2019-06-14 12:34:02,885 WARN  scm.HddsServerUtil (HddsServerUtil.java:getDefaultRatisDirectory(354)) - Storage directory for Ratis is not configured. It is a good idea to map this to an SSD disk. Falling back to ozone.metadata.dirs
2019-06-14 12:34:02,885 WARN  scm.HddsServerUtil (HddsServerUtil.java:getDefaultRatisDirectory(354)) - Storage directory for Ratis is not configured. It is a good idea to map this to an SSD disk. Falling back to ozone.metadata.dirs
2019-06-14 12:34:02,887 INFO  om.OzoneManager (OzoneManager.java:loadOMHAConfigs(476)) - Found matching OM address with OMServiceId: null, OMNodeId: null, RPC Address: localhost:0 and Ratis port: 9872
2019-06-14 12:34:02,901 INFO  util.JvmPauseMonitor (JvmPauseMonitor.java:run(188)) - Starting JVM pause monitor
2019-06-14 12:34:02,926 WARN  scm.ScmUtils (ScmUtils.java:getDBPath(63)) - ozone.om.db.dirs is not configured. We recommend adding this setting. Falling back to ozone.metadata.dirs instead.
2019-06-14 12:34:02,926 INFO  db.DBStoreBuilder (DBStoreBuilder.java:addTable(110)) - using custom profile for table: userTable
2019-06-14 12:34:02,926 INFO  db.DBStoreBuilder (DBStoreBuilder.java:processTables(161)) - Using default column profile:DBProfile.DISK for Table:userTable
2019-06-14 12:34:02,926 INFO  db.DBStoreBuilder (DBStoreBuilder.java:addTable(110)) - using custom profile for table: volumeTable
2019-06-14 12:34:02,927 INFO  db.DBStoreBuilder (DBStoreBuilder.java:processTables(161)) - Using default column profile:DBProfile.DISK for Table:volumeTable
2019-06-14 12:34:02,927 INFO  db.DBStoreBuilder (DBStoreBuilder.java:addTable(110)) - using custom profile for table: bucketTable
2019-06-14 12:34:02,927 INFO  db.DBStoreBuilder (DBStoreBuilder.java:processTables(161)) - Using default column profile:DBProfile.DISK for Table:bucketTable
2019-06-14 12:34:02,927 INFO  db.DBStoreBuilder (DBStoreBuilder.java:addTable(110)) - using custom profile for table: keyTable
2019-06-14 12:34:02,927 INFO  db.DBStoreBuilder (DBStoreBuilder.java:processTables(161)) - Using default column profile:DBProfile.DISK for Table:keyTable
2019-06-14 12:34:02,927 INFO  db.DBStoreBuilder (DBStoreBuilder.java:addTable(110)) - using custom profile for table: deletedTable
2019-06-14 12:34:02,927 INFO  db.DBStoreBuilder (DBStoreBuilder.java:processTables(161)) - Using default column profile:DBProfile.DISK for Table:deletedTable
2019-06-14 12:34:02,928 INFO  db.DBStoreBuilder (DBStoreBuilder.java:addTable(110)) - using custom profile for table: openKeyTable
2019-06-14 12:34:02,928 INFO  db.DBStoreBuilder (DBStoreBuilder.java:processTables(161)) - Using default column profile:DBProfile.DISK for Table:openKeyTable
2019-06-14 12:34:02,928 INFO  db.DBStoreBuilder (DBStoreBuilder.java:addTable(110)) - using custom profile for table: s3Table
2019-06-14 12:34:02,928 INFO  db.DBStoreBuilder (DBStoreBuilder.java:processTables(161)) - Using default column profile:DBProfile.DISK for Table:s3Table
2019-06-14 12:34:02,928 INFO  db.DBStoreBuilder (DBStoreBuilder.java:addTable(110)) - using custom profile for table: multipartInfoTable
2019-06-14 12:34:02,928 INFO  db.DBStoreBuilder (DBStoreBuilder.java:processTables(161)) - Using default column profile:DBProfile.DISK for Table:multipartInfoTable
2019-06-14 12:34:02,929 INFO  db.DBStoreBuilder (DBStoreBuilder.java:addTable(110)) - using custom profile for table: dTokenTable
2019-06-14 12:34:02,929 INFO  db.DBStoreBuilder (DBStoreBuilder.java:processTables(161)) - Using default column profile:DBProfile.DISK for Table:dTokenTable
2019-06-14 12:34:02,929 INFO  db.DBStoreBuilder (DBStoreBuilder.java:addTable(110)) - using custom profile for table: s3SecretTable
2019-06-14 12:34:02,929 INFO  db.DBStoreBuilder (DBStoreBuilder.java:processTables(161)) - Using default column profile:DBProfile.DISK for Table:s3SecretTable
2019-06-14 12:34:02,929 INFO  db.DBStoreBuilder (DBStoreBuilder.java:addTable(110)) - using custom profile for table: prefixTable
2019-06-14 12:34:02,929 INFO  db.DBStoreBuilder (DBStoreBuilder.java:processTables(161)) - Using default column profile:DBProfile.DISK for Table:prefixTable
2019-06-14 12:34:02,930 INFO  db.DBStoreBuilder (DBStoreBuilder.java:addTable(110)) - using custom profile for table: default
2019-06-14 12:34:02,930 INFO  db.DBStoreBuilder (DBStoreBuilder.java:processTables(167)) - Using default column profile:DBProfile.DISK for Table:default
2019-06-14 12:34:02,930 INFO  db.DBStoreBuilder (DBStoreBuilder.java:getDbProfile(198)) - Using default options. DBProfile.DISK
2019-06-14 12:34:03,314 INFO  ipc.CallQueueManager (CallQueueManager.java:<init>(84)) - Using callQueue: class java.util.concurrent.LinkedBlockingQueue, queueCapacity: 2000, scheduler: class org.apache.hadoop.ipc.DefaultRpcScheduler, ipcBackoff: false.
2019-06-14 12:34:03,317 INFO  ipc.Server (Server.java:run(1074)) - Starting Socket Reader #1 for port 33585
2019-06-14 12:34:03,342 WARN  scm.ScmUtils (ScmUtils.java:getDBPath(63)) - ozone.om.db.dirs is not configured. We recommend adding this setting. Falling back to ozone.metadata.dirs instead.
2019-06-14 12:34:03,342 INFO  om.OzoneManager (OzoneManager.java:start(1217)) - OzoneManager RPC server is listening at localhost/127.0.0.1:33585
2019-06-14 12:34:03,342 INFO  impl.MetricsSystemImpl (MetricsSystemImpl.java:init(158)) - OzoneManager metrics system started (again)
2019-06-14 12:34:03,346 INFO  ipc.Server (Server.java:run(1314)) - IPC Server Responder: starting
2019-06-14 12:34:03,350 INFO  ipc.Server (Server.java:run(1153)) - IPC Server listener on 33585: starting
2019-06-14 12:34:03,362 INFO  hdfs.DFSUtil (DFSUtil.java:httpServerTemplateForNNAndJN(1641)) - Starting Web-server for ozoneManager at: http://0.0.0.0:0
2019-06-14 12:34:03,363 INFO  server.AuthenticationFilter (AuthenticationFilter.java:constructSecretProvider(240)) - Unable to initialize FileSignerSecretProvider, falling back to use random secrets.
2019-06-14 12:34:03,364 WARN  http.HttpRequestLog (HttpRequestLog.java:getRequestLog(97)) - Jetty request log can only be enabled using Log4j
2019-06-14 12:34:03,366 INFO  http.HttpServer2 (HttpServer2.java:addGlobalFilter(975)) - Added global filter 'safety' (class=org.apache.hadoop.http.HttpServer2$QuotingInputFilter)
2019-06-14 12:34:03,366 INFO  http.HttpServer2 (HttpServer2.java:addFilter(948)) - Added filter static_user_filter (class=org.apache.hadoop.http.lib.StaticUserWebFilter$StaticUserFilter) to context ozoneManager
2019-06-14 12:34:03,367 INFO  http.HttpServer2 (HttpServer2.java:addFilter(958)) - Added filter static_user_filter (class=org.apache.hadoop.http.lib.StaticUserWebFilter$StaticUserFilter) to context logs
2019-06-14 12:34:03,367 INFO  http.HttpServer2 (HttpServer2.java:addFilter(958)) - Added filter static_user_filter (class=org.apache.hadoop.http.lib.StaticUserWebFilter$StaticUserFilter) to context static
2019-06-14 12:34:03,369 INFO  http.HttpServer2 (HttpServer2.java:bindListener(1191)) - Jetty bound to port 41785
2019-06-14 12:34:03,369 INFO  server.Server (Server.java:doStart(351)) - jetty-9.3.24.v20180605, build timestamp: 2018-06-05T17:11:56Z, git hash: 84205aa28f11a4f31f2a3b86d1bba2cc8ab69827
2019-06-14 12:34:03,371 INFO  handler.ContextHandler (ContextHandler.java:doStart(781)) - Started o.e.j.s.ServletContextHandler@1a916120{/logs,file:///opt/src/hadoop-ozone/integration-test/target/log,AVAILABLE}
2019-06-14 12:34:03,372 INFO  handler.ContextHandler (ContextHandler.java:doStart(781)) - Started o.e.j.s.ServletContextHandler@755fdfad{/static,file:///opt/src/hadoop-ozone/integration-test/target/test-classes/webapps/static,AVAILABLE}
2019-06-14 12:34:03,375 INFO  handler.ContextHandler (ContextHandler.java:doStart(781)) - Started o.e.j.w.WebAppContext@1a598e30{/,file:///opt/src/hadoop-ozone/integration-test/target/test-classes/webapps/ozoneManager/,AVAILABLE}{/ozoneManager}
2019-06-14 12:34:03,376 INFO  server.AbstractConnector (AbstractConnector.java:doStart(278)) - Started ServerConnector@6768dc74{HTTP/1.1,[http/1.1]}{0.0.0.0:41785}
2019-06-14 12:34:03,377 INFO  server.Server (Server.java:doStart(419)) - Started @124292ms
2019-06-14 12:34:03,410 INFO  server.BaseHttpServer (BaseHttpServer.java:updateConnectorAddress(207)) - HTTP server of OZONEMANAGER is listening at http://0.0.0.0:41785
2019-06-14 12:34:03,422 INFO  impl.MetricsSystemImpl (MetricsSystemImpl.java:init(158)) - HddsDatanode metrics system started (again)
2019-06-14 12:34:03,422 INFO  ozone.HddsDatanodeService (HddsDatanodeService.java:start(185)) - HddsDatanodeService host:ozone-5z4sx-3769091767 ip:192.168.105.183
2019-06-14 12:34:03,428 INFO  volume.HddsVolume (HddsVolume.java:<init>(176)) - Creating Volume: /opt/src/hadoop-ozone/integration-test/target/test-dir/MiniOzoneClusterImpl-de6618d7-845a-4ea7-aea0-d79b111cde80/datanode-0/data/containers/hdds of  storage type : DISK and capacity : 104021790720
2019-06-14 12:34:03,428 INFO  volume.VolumeSet (VolumeSet.java:initializeVolumeSet(170)) - Added Volume : /opt/src/hadoop-ozone/integration-test/target/test-dir/MiniOzoneClusterImpl-de6618d7-845a-4ea7-aea0-d79b111cde80/datanode-0/data/containers/hdds to VolumeSet
2019-06-14 12:34:03,428 INFO  volume.ThrottledAsyncChecker (ThrottledAsyncChecker.java:schedule(140)) - Scheduling a check for org.apache.hadoop.ozone.container.common.volume.HddsVolume@1e205025
2019-06-14 12:34:03,429 INFO  volume.HddsVolumeChecker (HddsVolumeChecker.java:checkAllVolumes(203)) - Scheduled health check for volume org.apache.hadoop.ozone.container.common.volume.HddsVolume@1e205025
2019-06-14 12:34:03,450 INFO  ratis.XceiverServerRatis (XceiverServerRatis.java:newXceiverServerRatis(401)) - Found a free port for the server : 35067
2019-06-14 12:34:03,453 INFO  impl.RaftServerProxy (ConfUtils.java:logGet(43)) - raft.rpc.type = GRPC (default)
2019-06-14 12:34:03,453 INFO  grpc.GrpcConfigKeys$Server (ConfUtils.java:logGet(43)) - raft.grpc.server.port = 35067 (custom)
2019-06-14 12:34:03,453 INFO  server.GrpcService (ConfUtils.java:logGet(43)) - raft.grpc.message.size.max = 33570816 (custom)
2019-06-14 12:34:03,454 INFO  server.RaftServerConfigKeys (ConfUtils.java:logGet(43)) - raft.server.log.appender.buffer.byte-limit = 33554432 (custom)
2019-06-14 12:34:03,454 INFO  server.GrpcService (ConfUtils.java:logGet(43)) - raft.grpc.flow.control.window = 1MB (=1048576) (default)
2019-06-14 12:34:03,454 INFO  server.RaftServerConfigKeys (ConfUtils.java:logGet(43)) - raft.server.rpc.request.timeout = 3000ms (default)
2019-06-14 12:34:03,455 INFO  server.RaftServerConfigKeys (ConfUtils.java:logGet(43)) - raft.server.storage.dir = [/opt/src/hadoop-ozone/integration-test/target/test-dir/MiniOzoneClusterImpl-de6618d7-845a-4ea7-aea0-d79b111cde80/datanode-0/data/ratis] (custom)
2019-06-14 12:34:03,455 INFO  server.XceiverServerGrpc (XceiverServerGrpc.java:<init>(97)) - Found a free port for the server : 34459
2019-06-14 12:34:03,455 INFO  replication.SimpleContainerDownloader (SimpleContainerDownloader.java:<init>(72)) - Starting container downloader service to copy containers to replicate.
2019-06-14 12:34:03,456 INFO  hdfs.DFSUtil (DFSUtil.java:httpServerTemplateForNNAndJN(1641)) - Starting Web-server for hddsDatanode at: http://0.0.0.0:0
2019-06-14 12:34:03,458 INFO  server.AuthenticationFilter (AuthenticationFilter.java:constructSecretProvider(240)) - Unable to initialize FileSignerSecretProvider, falling back to use random secrets.
2019-06-14 12:34:03,458 WARN  http.HttpRequestLog (HttpRequestLog.java:getRequestLog(97)) - Jetty request log can only be enabled using Log4j
2019-06-14 12:34:03,459 INFO  http.HttpServer2 (HttpServer2.java:addGlobalFilter(975)) - Added global filter 'safety' (class=org.apache.hadoop.http.HttpServer2$QuotingInputFilter)
2019-06-14 12:34:03,460 INFO  http.HttpServer2 (HttpServer2.java:addFilter(948)) - Added filter static_user_filter (class=org.apache.hadoop.http.lib.StaticUserWebFilter$StaticUserFilter) to context hddsDatanode
2019-06-14 12:34:03,460 INFO  http.HttpServer2 (HttpServer2.java:addFilter(958)) - Added filter static_user_filter (class=org.apache.hadoop.http.lib.StaticUserWebFilter$StaticUserFilter) to context logs
2019-06-14 12:34:03,460 INFO  http.HttpServer2 (HttpServer2.java:addFilter(958)) - Added filter static_user_filter (class=org.apache.hadoop.http.lib.StaticUserWebFilter$StaticUserFilter) to context static
2019-06-14 12:34:03,461 INFO  http.HttpServer2 (HttpServer2.java:bindListener(1191)) - Jetty bound to port 40883
2019-06-14 12:34:03,461 INFO  server.Server (Server.java:doStart(351)) - jetty-9.3.24.v20180605, build timestamp: 2018-06-05T17:11:56Z, git hash: 84205aa28f11a4f31f2a3b86d1bba2cc8ab69827
2019-06-14 12:34:03,463 INFO  handler.ContextHandler (ContextHandler.java:doStart(781)) - Started o.e.j.s.ServletContextHandler@7325b786{/logs,file:///opt/src/hadoop-ozone/integration-test/target/log,AVAILABLE}
2019-06-14 12:34:03,464 INFO  handler.ContextHandler (ContextHandler.java:doStart(781)) - Started o.e.j.s.ServletContextHandler@4c376b44{/static,jar:file:/root/.m2/repository/org/apache/hadoop/hadoop-hdds-container-service/0.5.0-SNAPSHOT/hadoop-hdds-container-service-0.5.0-SNAPSHOT.jar!/webapps/static,AVAILABLE}
2019-06-14 12:34:03,494 INFO  handler.ContextHandler (ContextHandler.java:doStart(781)) - Started o.e.j.w.WebAppContext@7da0587a{/,file:///tmp/jetty-0.0.0.0-40883-hddsDatanode-_-any-5945481624172130182.dir/webapp/,AVAILABLE}{/hddsDatanode}
2019-06-14 12:34:03,497 INFO  server.AbstractConnector (AbstractConnector.java:doStart(278)) - Started ServerConnector@78d52d4c{HTTP/1.1,[http/1.1]}{0.0.0.0:40883}
2019-06-14 12:34:03,498 INFO  server.Server (Server.java:doStart(419)) - Started @124412ms
2019-06-14 12:34:03,498 INFO  server.BaseHttpServer (BaseHttpServer.java:updateConnectorAddress(207)) - HTTP server of HDDSDATANODE is listening at http://0.0.0.0:40883
2019-06-14 12:34:03,733 INFO  ozone.HddsDatanodeService (HddsDatanodeService.java:startPlugins(396)) - Started plug-in org.apache.hadoop.ozone.web.OzoneHddsDatanodeService@5620470a
2019-06-14 12:34:03,734 INFO  impl.MetricsSystemImpl (MetricsSystemImpl.java:init(158)) - HddsDatanode metrics system started (again)
2019-06-14 12:34:03,734 INFO  ozone.HddsDatanodeService (HddsDatanodeService.java:start(185)) - HddsDatanodeService host:ozone-5z4sx-3769091767 ip:192.168.105.183
2019-06-14 12:34:03,753 INFO  util.JvmPauseMonitor (JvmPauseMonitor.java:run(188)) - Starting JVM pause monitor
2019-06-14 12:34:03,768 INFO  datanode.InitDatanodeState (InitDatanodeState.java:persistContainerDatanodeDetails(140)) - DatanodeDetails is persisted to /opt/src/hadoop-ozone/integration-test/target/test-dir/MiniOzoneClusterImpl-de6618d7-845a-4ea7-aea0-d79b111cde80/datanode-0/meta/datanode.id
2019-06-14 12:34:03,773 INFO  volume.HddsVolume (HddsVolume.java:<init>(176)) - Creating Volume: /opt/src/hadoop-ozone/integration-test/target/test-dir/MiniOzoneClusterImpl-de6618d7-845a-4ea7-aea0-d79b111cde80/datanode-1/data/containers/hdds of  storage type : DISK and capacity : 104021790720
2019-06-14 12:34:03,774 INFO  volume.VolumeSet (VolumeSet.java:initializeVolumeSet(170)) - Added Volume : /opt/src/hadoop-ozone/integration-test/target/test-dir/MiniOzoneClusterImpl-de6618d7-845a-4ea7-aea0-d79b111cde80/datanode-1/data/containers/hdds to VolumeSet
2019-06-14 12:34:03,774 INFO  volume.ThrottledAsyncChecker (ThrottledAsyncChecker.java:schedule(140)) - Scheduling a check for org.apache.hadoop.ozone.container.common.volume.HddsVolume@67cd1db3
2019-06-14 12:34:03,775 INFO  volume.HddsVolumeChecker (HddsVolumeChecker.java:checkAllVolumes(203)) - Scheduled health check for volume org.apache.hadoop.ozone.container.common.volume.HddsVolume@67cd1db3
2019-06-14 12:34:03,788 INFO  ratis.XceiverServerRatis (XceiverServerRatis.java:newXceiverServerRatis(401)) - Found a free port for the server : 41035
2019-06-14 12:34:03,793 INFO  impl.RaftServerProxy (ConfUtils.java:logGet(43)) - raft.rpc.type = GRPC (default)
2019-06-14 12:34:03,794 INFO  grpc.GrpcConfigKeys$Server (ConfUtils.java:logGet(43)) - raft.grpc.server.port = 41035 (custom)
2019-06-14 12:34:03,794 INFO  server.GrpcService (ConfUtils.java:logGet(43)) - raft.grpc.message.size.max = 33570816 (custom)
2019-06-14 12:34:03,794 INFO  server.RaftServerConfigKeys (ConfUtils.java:logGet(43)) - raft.server.log.appender.buffer.byte-limit = 33554432 (custom)
2019-06-14 12:34:03,794 INFO  server.GrpcService (ConfUtils.java:logGet(43)) - raft.grpc.flow.control.window = 1MB (=1048576) (default)
2019-06-14 12:34:03,796 INFO  server.RaftServerConfigKeys (ConfUtils.java:logGet(43)) - raft.server.rpc.request.timeout = 3000ms (default)
2019-06-14 12:34:03,797 INFO  server.RaftServerConfigKeys (ConfUtils.java:logGet(43)) - raft.server.storage.dir = [/opt/src/hadoop-ozone/integration-test/target/test-dir/MiniOzoneClusterImpl-de6618d7-845a-4ea7-aea0-d79b111cde80/datanode-1/data/ratis] (custom)
2019-06-14 12:34:03,798 INFO  server.XceiverServerGrpc (XceiverServerGrpc.java:<init>(97)) - Found a free port for the server : 33437
2019-06-14 12:34:03,798 INFO  replication.SimpleContainerDownloader (SimpleContainerDownloader.java:<init>(72)) - Starting container downloader service to copy containers to replicate.
2019-06-14 12:34:03,801 INFO  hdfs.DFSUtil (DFSUtil.java:httpServerTemplateForNNAndJN(1641)) - Starting Web-server for hddsDatanode at: http://0.0.0.0:0
2019-06-14 12:34:03,803 INFO  server.AuthenticationFilter (AuthenticationFilter.java:constructSecretProvider(240)) - Unable to initialize FileSignerSecretProvider, falling back to use random secrets.
2019-06-14 12:34:03,804 WARN  http.HttpRequestLog (HttpRequestLog.java:getRequestLog(97)) - Jetty request log can only be enabled using Log4j
2019-06-14 12:34:03,805 INFO  http.HttpServer2 (HttpServer2.java:addGlobalFilter(975)) - Added global filter 'safety' (class=org.apache.hadoop.http.HttpServer2$QuotingInputFilter)
2019-06-14 12:34:03,806 INFO  http.HttpServer2 (HttpServer2.java:addFilter(948)) - Added filter static_user_filter (class=org.apache.hadoop.http.lib.StaticUserWebFilter$StaticUserFilter) to context hddsDatanode
2019-06-14 12:34:03,806 INFO  http.HttpServer2 (HttpServer2.java:addFilter(958)) - Added filter static_user_filter (class=org.apache.hadoop.http.lib.StaticUserWebFilter$StaticUserFilter) to context logs
2019-06-14 12:34:03,806 INFO  http.HttpServer2 (HttpServer2.java:addFilter(958)) - Added filter static_user_filter (class=org.apache.hadoop.http.lib.StaticUserWebFilter$StaticUserFilter) to context static
2019-06-14 12:34:03,807 INFO  http.HttpServer2 (HttpServer2.java:bindListener(1191)) - Jetty bound to port 39521
2019-06-14 12:34:03,807 INFO  server.Server (Server.java:doStart(351)) - jetty-9.3.24.v20180605, build timestamp: 2018-06-05T17:11:56Z, git hash: 84205aa28f11a4f31f2a3b86d1bba2cc8ab69827
2019-06-14 12:34:03,810 INFO  handler.ContextHandler (ContextHandler.java:doStart(781)) - Started o.e.j.s.ServletContextHandler@6202f8bf{/logs,file:///opt/src/hadoop-ozone/integration-test/target/log,AVAILABLE}
2019-06-14 12:34:03,811 INFO  handler.ContextHandler (ContextHandler.java:doStart(781)) - Started o.e.j.s.ServletContextHandler@ab595e8{/static,jar:file:/root/.m2/repository/org/apache/hadoop/hadoop-hdds-container-service/0.5.0-SNAPSHOT/hadoop-hdds-container-service-0.5.0-SNAPSHOT.jar!/webapps/static,AVAILABLE}
2019-06-14 12:34:03,850 INFO  handler.ContextHandler (ContextHandler.java:doStart(781)) - Started o.e.j.w.WebAppContext@1dc9e4d2{/,file:///tmp/jetty-0.0.0.0-39521-hddsDatanode-_-any-3772730218982649112.dir/webapp/,AVAILABLE}{/hddsDatanode}
2019-06-14 12:34:03,862 INFO  server.AbstractConnector (AbstractConnector.java:doStart(278)) - Started ServerConnector@64439bd1{HTTP/1.1,[http/1.1]}{0.0.0.0:39521}
2019-06-14 12:34:03,862 INFO  server.Server (Server.java:doStart(419)) - Started @124777ms
2019-06-14 12:34:03,863 INFO  server.BaseHttpServer (BaseHttpServer.java:updateConnectorAddress(207)) - HTTP server of HDDSDATANODE is listening at http://0.0.0.0:39521
2019-06-14 12:34:03,984 INFO  ozone.HddsDatanodeService (HddsDatanodeService.java:startPlugins(396)) - Started plug-in org.apache.hadoop.ozone.web.OzoneHddsDatanodeService@113a89c5
2019-06-14 12:34:03,986 INFO  impl.MetricsSystemImpl (MetricsSystemImpl.java:init(158)) - HddsDatanode metrics system started (again)
2019-06-14 12:34:03,986 INFO  ozone.HddsDatanodeService (HddsDatanodeService.java:start(185)) - HddsDatanodeService host:ozone-5z4sx-3769091767 ip:192.168.105.183
2019-06-14 12:34:03,994 INFO  util.JvmPauseMonitor (JvmPauseMonitor.java:run(188)) - Starting JVM pause monitor
2019-06-14 12:34:03,996 INFO  datanode.InitDatanodeState (InitDatanodeState.java:persistContainerDatanodeDetails(140)) - DatanodeDetails is persisted to /opt/src/hadoop-ozone/integration-test/target/test-dir/MiniOzoneClusterImpl-de6618d7-845a-4ea7-aea0-d79b111cde80/datanode-1/meta/datanode.id
2019-06-14 12:34:04,000 INFO  volume.HddsVolume (HddsVolume.java:<init>(176)) - Creating Volume: /opt/src/hadoop-ozone/integration-test/target/test-dir/MiniOzoneClusterImpl-de6618d7-845a-4ea7-aea0-d79b111cde80/datanode-2/data/containers/hdds of  storage type : DISK and capacity : 104021790720
2019-06-14 12:34:04,001 INFO  volume.VolumeSet (VolumeSet.java:initializeVolumeSet(170)) - Added Volume : /opt/src/hadoop-ozone/integration-test/target/test-dir/MiniOzoneClusterImpl-de6618d7-845a-4ea7-aea0-d79b111cde80/datanode-2/data/containers/hdds to VolumeSet
2019-06-14 12:34:04,001 INFO  volume.ThrottledAsyncChecker (ThrottledAsyncChecker.java:schedule(140)) - Scheduling a check for org.apache.hadoop.ozone.container.common.volume.HddsVolume@2b71a12e
2019-06-14 12:34:04,001 INFO  volume.HddsVolumeChecker (HddsVolumeChecker.java:checkAllVolumes(203)) - Scheduled health check for volume org.apache.hadoop.ozone.container.common.volume.HddsVolume@2b71a12e
2019-06-14 12:34:04,015 INFO  ratis.XceiverServerRatis (XceiverServerRatis.java:newXceiverServerRatis(401)) - Found a free port for the server : 33039
2019-06-14 12:34:04,017 INFO  impl.RaftServerProxy (ConfUtils.java:logGet(43)) - raft.rpc.type = GRPC (default)
2019-06-14 12:34:04,017 INFO  grpc.GrpcConfigKeys$Server (ConfUtils.java:logGet(43)) - raft.grpc.server.port = 33039 (custom)
2019-06-14 12:34:04,018 INFO  server.GrpcService (ConfUtils.java:logGet(43)) - raft.grpc.message.size.max = 33570816 (custom)
2019-06-14 12:34:04,018 INFO  server.RaftServerConfigKeys (ConfUtils.java:logGet(43)) - raft.server.log.appender.buffer.byte-limit = 33554432 (custom)
2019-06-14 12:34:04,018 INFO  server.GrpcService (ConfUtils.java:logGet(43)) - raft.grpc.flow.control.window = 1MB (=1048576) (default)
2019-06-14 12:34:04,018 INFO  server.RaftServerConfigKeys (ConfUtils.java:logGet(43)) - raft.server.rpc.request.timeout = 3000ms (default)
2019-06-14 12:34:04,019 INFO  server.RaftServerConfigKeys (ConfUtils.java:logGet(43)) - raft.server.storage.dir = [/opt/src/hadoop-ozone/integration-test/target/test-dir/MiniOzoneClusterImpl-de6618d7-845a-4ea7-aea0-d79b111cde80/datanode-2/data/ratis] (custom)
2019-06-14 12:34:04,019 INFO  server.XceiverServerGrpc (XceiverServerGrpc.java:<init>(97)) - Found a free port for the server : 36959
2019-06-14 12:34:04,020 INFO  replication.SimpleContainerDownloader (SimpleContainerDownloader.java:<init>(72)) - Starting container downloader service to copy containers to replicate.
2019-06-14 12:34:04,020 INFO  hdfs.DFSUtil (DFSUtil.java:httpServerTemplateForNNAndJN(1641)) - Starting Web-server for hddsDatanode at: http://0.0.0.0:0
2019-06-14 12:34:04,022 INFO  server.AuthenticationFilter (AuthenticationFilter.java:constructSecretProvider(240)) - Unable to initialize FileSignerSecretProvider, falling back to use random secrets.
2019-06-14 12:34:04,022 WARN  http.HttpRequestLog (HttpRequestLog.java:getRequestLog(97)) - Jetty request log can only be enabled using Log4j
2019-06-14 12:34:04,024 INFO  http.HttpServer2 (HttpServer2.java:addGlobalFilter(975)) - Added global filter 'safety' (class=org.apache.hadoop.http.HttpServer2$QuotingInputFilter)
2019-06-14 12:34:04,024 INFO  http.HttpServer2 (HttpServer2.java:addFilter(948)) - Added filter static_user_filter (class=org.apache.hadoop.http.lib.StaticUserWebFilter$StaticUserFilter) to context hddsDatanode
2019-06-14 12:34:04,024 INFO  http.HttpServer2 (HttpServer2.java:addFilter(958)) - Added filter static_user_filter (class=org.apache.hadoop.http.lib.StaticUserWebFilter$StaticUserFilter) to context logs
2019-06-14 12:34:04,024 INFO  http.HttpServer2 (HttpServer2.java:addFilter(958)) - Added filter static_user_filter (class=org.apache.hadoop.http.lib.StaticUserWebFilter$StaticUserFilter) to context static
2019-06-14 12:34:04,025 INFO  http.HttpServer2 (HttpServer2.java:bindListener(1191)) - Jetty bound to port 39619
2019-06-14 12:34:04,025 INFO  server.Server (Server.java:doStart(351)) - jetty-9.3.24.v20180605, build timestamp: 2018-06-05T17:11:56Z, git hash: 84205aa28f11a4f31f2a3b86d1bba2cc8ab69827
2019-06-14 12:34:04,027 INFO  handler.ContextHandler (ContextHandler.java:doStart(781)) - Started o.e.j.s.ServletContextHandler@375682a5{/logs,file:///opt/src/hadoop-ozone/integration-test/target/log,AVAILABLE}
2019-06-14 12:34:04,027 INFO  handler.ContextHandler (ContextHandler.java:doStart(781)) - Started o.e.j.s.ServletContextHandler@3c20abd6{/static,jar:file:/root/.m2/repository/org/apache/hadoop/hadoop-hdds-container-service/0.5.0-SNAPSHOT/hadoop-hdds-container-service-0.5.0-SNAPSHOT.jar!/webapps/static,AVAILABLE}
2019-06-14 12:34:04,058 INFO  handler.ContextHandler (ContextHandler.java:doStart(781)) - Started o.e.j.w.WebAppContext@73543048{/,file:///tmp/jetty-0.0.0.0-39619-hddsDatanode-_-any-4739007645573013806.dir/webapp/,AVAILABLE}{/hddsDatanode}
2019-06-14 12:34:04,058 INFO  server.AbstractConnector (AbstractConnector.java:doStart(278)) - Started ServerConnector@1851f19f{HTTP/1.1,[http/1.1]}{0.0.0.0:39619}
2019-06-14 12:34:04,060 INFO  server.Server (Server.java:doStart(419)) - Started @124975ms
2019-06-14 12:34:04,061 INFO  server.BaseHttpServer (BaseHttpServer.java:updateConnectorAddress(207)) - HTTP server of HDDSDATANODE is listening at http://0.0.0.0:39619
2019-06-14 12:34:04,176 INFO  ozone.HddsDatanodeService (HddsDatanodeService.java:startPlugins(396)) - Started plug-in org.apache.hadoop.ozone.web.OzoneHddsDatanodeService@51a65f56
2019-06-14 12:34:04,185 INFO  impl.MetricsSystemImpl (MetricsSystemImpl.java:init(158)) - HddsDatanode metrics system started (again)
2019-06-14 12:34:04,186 INFO  ozone.HddsDatanodeService (HddsDatanodeService.java:start(185)) - HddsDatanodeService host:ozone-5z4sx-3769091767 ip:192.168.105.183
2019-06-14 12:34:04,206 INFO  volume.HddsVolume (HddsVolume.java:<init>(176)) - Creating Volume: /opt/src/hadoop-ozone/integration-test/target/test-dir/MiniOzoneClusterImpl-de6618d7-845a-4ea7-aea0-d79b111cde80/datanode-3/data/containers/hdds of  storage type : DISK and capacity : 104021790720
2019-06-14 12:34:04,207 INFO  volume.VolumeSet (VolumeSet.java:initializeVolumeSet(170)) - Added Volume : /opt/src/hadoop-ozone/integration-test/target/test-dir/MiniOzoneClusterImpl-de6618d7-845a-4ea7-aea0-d79b111cde80/datanode-3/data/containers/hdds to VolumeSet
2019-06-14 12:34:04,207 INFO  volume.ThrottledAsyncChecker (ThrottledAsyncChecker.java:schedule(140)) - Scheduling a check for org.apache.hadoop.ozone.container.common.volume.HddsVolume@6aaed880
2019-06-14 12:34:04,207 INFO  volume.HddsVolumeChecker (HddsVolumeChecker.java:checkAllVolumes(203)) - Scheduled health check for volume org.apache.hadoop.ozone.container.common.volume.HddsVolume@6aaed880
2019-06-14 12:34:04,234 INFO  util.JvmPauseMonitor (JvmPauseMonitor.java:run(188)) - Starting JVM pause monitor
2019-06-14 12:34:04,238 INFO  datanode.InitDatanodeState (InitDatanodeState.java:persistContainerDatanodeDetails(140)) - DatanodeDetails is persisted to /opt/src/hadoop-ozone/integration-test/target/test-dir/MiniOzoneClusterImpl-de6618d7-845a-4ea7-aea0-d79b111cde80/datanode-2/meta/datanode.id
2019-06-14 12:34:04,241 INFO  ratis.XceiverServerRatis (XceiverServerRatis.java:newXceiverServerRatis(401)) - Found a free port for the server : 42751
2019-06-14 12:34:04,242 INFO  impl.RaftServerProxy (ConfUtils.java:logGet(43)) - raft.rpc.type = GRPC (default)
2019-06-14 12:34:04,242 INFO  grpc.GrpcConfigKeys$Server (ConfUtils.java:logGet(43)) - raft.grpc.server.port = 42751 (custom)
2019-06-14 12:34:04,243 INFO  server.GrpcService (ConfUtils.java:logGet(43)) - raft.grpc.message.size.max = 33570816 (custom)
2019-06-14 12:34:04,243 INFO  server.RaftServerConfigKeys (ConfUtils.java:logGet(43)) - raft.server.log.appender.buffer.byte-limit = 33554432 (custom)
2019-06-14 12:34:04,243 INFO  server.GrpcService (ConfUtils.java:logGet(43)) - raft.grpc.flow.control.window = 1MB (=1048576) (default)
2019-06-14 12:34:04,243 INFO  server.RaftServerConfigKeys (ConfUtils.java:logGet(43)) - raft.server.rpc.request.timeout = 3000ms (default)
2019-06-14 12:34:04,244 INFO  server.RaftServerConfigKeys (ConfUtils.java:logGet(43)) - raft.server.storage.dir = [/opt/src/hadoop-ozone/integration-test/target/test-dir/MiniOzoneClusterImpl-de6618d7-845a-4ea7-aea0-d79b111cde80/datanode-3/data/ratis] (custom)
2019-06-14 12:34:04,244 INFO  server.XceiverServerGrpc (XceiverServerGrpc.java:<init>(97)) - Found a free port for the server : 43549
2019-06-14 12:34:04,244 INFO  replication.SimpleContainerDownloader (SimpleContainerDownloader.java:<init>(72)) - Starting container downloader service to copy containers to replicate.
2019-06-14 12:34:04,245 INFO  hdfs.DFSUtil (DFSUtil.java:httpServerTemplateForNNAndJN(1641)) - Starting Web-server for hddsDatanode at: http://0.0.0.0:0
2019-06-14 12:34:04,255 INFO  server.AuthenticationFilter (AuthenticationFilter.java:constructSecretProvider(240)) - Unable to initialize FileSignerSecretProvider, falling back to use random secrets.
2019-06-14 12:34:04,257 WARN  http.HttpRequestLog (HttpRequestLog.java:getRequestLog(97)) - Jetty request log can only be enabled using Log4j
2019-06-14 12:34:04,259 INFO  http.HttpServer2 (HttpServer2.java:addGlobalFilter(975)) - Added global filter 'safety' (class=org.apache.hadoop.http.HttpServer2$QuotingInputFilter)
2019-06-14 12:34:04,259 INFO  http.HttpServer2 (HttpServer2.java:addFilter(948)) - Added filter static_user_filter (class=org.apache.hadoop.http.lib.StaticUserWebFilter$StaticUserFilter) to context hddsDatanode
2019-06-14 12:34:04,260 INFO  http.HttpServer2 (HttpServer2.java:addFilter(958)) - Added filter static_user_filter (class=org.apache.hadoop.http.lib.StaticUserWebFilter$StaticUserFilter) to context static
2019-06-14 12:34:04,260 INFO  http.HttpServer2 (HttpServer2.java:addFilter(958)) - Added filter static_user_filter (class=org.apache.hadoop.http.lib.StaticUserWebFilter$StaticUserFilter) to context logs
2019-06-14 12:34:04,260 INFO  http.HttpServer2 (HttpServer2.java:bindListener(1191)) - Jetty bound to port 33639
2019-06-14 12:34:04,261 INFO  server.Server (Server.java:doStart(351)) - jetty-9.3.24.v20180605, build timestamp: 2018-06-05T17:11:56Z, git hash: 84205aa28f11a4f31f2a3b86d1bba2cc8ab69827
2019-06-14 12:34:04,268 INFO  handler.ContextHandler (ContextHandler.java:doStart(781)) - Started o.e.j.s.ServletContextHandler@5efa05f9{/logs,file:///opt/src/hadoop-ozone/integration-test/target/log,AVAILABLE}
2019-06-14 12:34:04,268 INFO  handler.ContextHandler (ContextHandler.java:doStart(781)) - Started o.e.j.s.ServletContextHandler@58e2af93{/static,jar:file:/root/.m2/repository/org/apache/hadoop/hadoop-hdds-container-service/0.5.0-SNAPSHOT/hadoop-hdds-container-service-0.5.0-SNAPSHOT.jar!/webapps/static,AVAILABLE}
2019-06-14 12:34:04,304 INFO  handler.ContextHandler (ContextHandler.java:doStart(781)) - Started o.e.j.w.WebAppContext@5ce7ab6f{/,file:///tmp/jetty-0.0.0.0-33639-hddsDatanode-_-any-278499092142627781.dir/webapp/,AVAILABLE}{/hddsDatanode}
2019-06-14 12:34:04,304 INFO  server.AbstractConnector (AbstractConnector.java:doStart(278)) - Started ServerConnector@28f7cca4{HTTP/1.1,[http/1.1]}{0.0.0.0:33639}
2019-06-14 12:34:04,308 INFO  server.Server (Server.java:doStart(419)) - Started @125223ms
2019-06-14 12:34:04,309 INFO  server.BaseHttpServer (BaseHttpServer.java:updateConnectorAddress(207)) - HTTP server of HDDSDATANODE is listening at http://0.0.0.0:33639
2019-06-14 12:34:04,458 INFO  ozone.HddsDatanodeService (HddsDatanodeService.java:startPlugins(396)) - Started plug-in org.apache.hadoop.ozone.web.OzoneHddsDatanodeService@9886ec3
2019-06-14 12:34:04,458 INFO  impl.MetricsSystemImpl (MetricsSystemImpl.java:init(158)) - HddsDatanode metrics system started (again)
2019-06-14 12:34:04,459 INFO  ozone.HddsDatanodeService (HddsDatanodeService.java:start(185)) - HddsDatanodeService host:ozone-5z4sx-3769091767 ip:192.168.105.183
2019-06-14 12:34:04,461 INFO  util.JvmPauseMonitor (JvmPauseMonitor.java:run(188)) - Starting JVM pause monitor
2019-06-14 12:34:04,468 INFO  volume.HddsVolume (HddsVolume.java:<init>(176)) - Creating Volume: /opt/src/hadoop-ozone/integration-test/target/test-dir/MiniOzoneClusterImpl-de6618d7-845a-4ea7-aea0-d79b111cde80/datanode-4/data/containers/hdds of  storage type : DISK and capacity : 104021790720
2019-06-14 12:34:04,482 INFO  volume.VolumeSet (VolumeSet.java:initializeVolumeSet(170)) - Added Volume : /opt/src/hadoop-ozone/integration-test/target/test-dir/MiniOzoneClusterImpl-de6618d7-845a-4ea7-aea0-d79b111cde80/datanode-4/data/containers/hdds to VolumeSet
2019-06-14 12:34:04,482 INFO  volume.ThrottledAsyncChecker (ThrottledAsyncChecker.java:schedule(140)) - Scheduling a check for org.apache.hadoop.ozone.container.common.volume.HddsVolume@3a72517e
2019-06-14 12:34:04,483 INFO  datanode.InitDatanodeState (InitDatanodeState.java:persistContainerDatanodeDetails(140)) - DatanodeDetails is persisted to /opt/src/hadoop-ozone/integration-test/target/test-dir/MiniOzoneClusterImpl-de6618d7-845a-4ea7-aea0-d79b111cde80/datanode-3/meta/datanode.id
2019-06-14 12:34:04,483 INFO  volume.HddsVolumeChecker (HddsVolumeChecker.java:checkAllVolumes(203)) - Scheduled health check for volume org.apache.hadoop.ozone.container.common.volume.HddsVolume@3a72517e
2019-06-14 12:34:04,496 INFO  ratis.XceiverServerRatis (XceiverServerRatis.java:newXceiverServerRatis(401)) - Found a free port for the server : 33459
2019-06-14 12:34:04,497 INFO  impl.RaftServerProxy (ConfUtils.java:logGet(43)) - raft.rpc.type = GRPC (default)
2019-06-14 12:34:04,497 INFO  grpc.GrpcConfigKeys$Server (ConfUtils.java:logGet(43)) - raft.grpc.server.port = 33459 (custom)
2019-06-14 12:34:04,497 INFO  server.GrpcService (ConfUtils.java:logGet(43)) - raft.grpc.message.size.max = 33570816 (custom)
2019-06-14 12:34:04,498 INFO  server.RaftServerConfigKeys (ConfUtils.java:logGet(43)) - raft.server.log.appender.buffer.byte-limit = 33554432 (custom)
2019-06-14 12:34:04,498 INFO  server.GrpcService (ConfUtils.java:logGet(43)) - raft.grpc.flow.control.window = 1MB (=1048576) (default)
2019-06-14 12:34:04,498 INFO  server.RaftServerConfigKeys (ConfUtils.java:logGet(43)) - raft.server.rpc.request.timeout = 3000ms (default)
2019-06-14 12:34:04,498 INFO  server.RaftServerConfigKeys (ConfUtils.java:logGet(43)) - raft.server.storage.dir = [/opt/src/hadoop-ozone/integration-test/target/test-dir/MiniOzoneClusterImpl-de6618d7-845a-4ea7-aea0-d79b111cde80/datanode-4/data/ratis] (custom)
2019-06-14 12:34:04,499 INFO  server.XceiverServerGrpc (XceiverServerGrpc.java:<init>(97)) - Found a free port for the server : 36607
2019-06-14 12:34:04,499 INFO  replication.SimpleContainerDownloader (SimpleContainerDownloader.java:<init>(72)) - Starting container downloader service to copy containers to replicate.
2019-06-14 12:34:04,502 INFO  hdfs.DFSUtil (DFSUtil.java:httpServerTemplateForNNAndJN(1641)) - Starting Web-server for hddsDatanode at: http://0.0.0.0:0
2019-06-14 12:34:04,503 INFO  server.AuthenticationFilter (AuthenticationFilter.java:constructSecretProvider(240)) - Unable to initialize FileSignerSecretProvider, falling back to use random secrets.
2019-06-14 12:34:04,507 WARN  http.HttpRequestLog (HttpRequestLog.java:getRequestLog(97)) - Jetty request log can only be enabled using Log4j
2019-06-14 12:34:04,510 INFO  http.HttpServer2 (HttpServer2.java:addGlobalFilter(975)) - Added global filter 'safety' (class=org.apache.hadoop.http.HttpServer2$QuotingInputFilter)
2019-06-14 12:34:04,511 INFO  http.HttpServer2 (HttpServer2.java:addFilter(948)) - Added filter static_user_filter (class=org.apache.hadoop.http.lib.StaticUserWebFilter$StaticUserFilter) to context hddsDatanode
2019-06-14 12:34:04,511 INFO  http.HttpServer2 (HttpServer2.java:addFilter(958)) - Added filter static_user_filter (class=org.apache.hadoop.http.lib.StaticUserWebFilter$StaticUserFilter) to context logs
2019-06-14 12:34:04,511 INFO  http.HttpServer2 (HttpServer2.java:addFilter(958)) - Added filter static_user_filter (class=org.apache.hadoop.http.lib.StaticUserWebFilter$StaticUserFilter) to context static
2019-06-14 12:34:04,512 INFO  http.HttpServer2 (HttpServer2.java:bindListener(1191)) - Jetty bound to port 41885
2019-06-14 12:34:04,512 INFO  server.Server (Server.java:doStart(351)) - jetty-9.3.24.v20180605, build timestamp: 2018-06-05T17:11:56Z, git hash: 84205aa28f11a4f31f2a3b86d1bba2cc8ab69827
2019-06-14 12:34:04,514 INFO  handler.ContextHandler (ContextHandler.java:doStart(781)) - Started o.e.j.s.ServletContextHandler@653c0c9c{/logs,file:///opt/src/hadoop-ozone/integration-test/target/log,AVAILABLE}
2019-06-14 12:34:04,515 INFO  handler.ContextHandler (ContextHandler.java:doStart(781)) - Started o.e.j.s.ServletContextHandler@221961f2{/static,jar:file:/root/.m2/repository/org/apache/hadoop/hadoop-hdds-container-service/0.5.0-SNAPSHOT/hadoop-hdds-container-service-0.5.0-SNAPSHOT.jar!/webapps/static,AVAILABLE}
2019-06-14 12:34:04,547 INFO  handler.ContextHandler (ContextHandler.java:doStart(781)) - Started o.e.j.w.WebAppContext@73299197{/,file:///tmp/jetty-0.0.0.0-41885-hddsDatanode-_-any-8890278373825090326.dir/webapp/,AVAILABLE}{/hddsDatanode}
2019-06-14 12:34:04,551 INFO  server.AbstractConnector (AbstractConnector.java:doStart(278)) - Started ServerConnector@16104f1a{HTTP/1.1,[http/1.1]}{0.0.0.0:41885}
2019-06-14 12:34:04,551 INFO  server.Server (Server.java:doStart(419)) - Started @125466ms
2019-06-14 12:34:04,552 INFO  server.BaseHttpServer (BaseHttpServer.java:updateConnectorAddress(207)) - HTTP server of HDDSDATANODE is listening at http://0.0.0.0:41885
2019-06-14 12:34:04,721 INFO  ozone.HddsDatanodeService (HddsDatanodeService.java:startPlugins(396)) - Started plug-in org.apache.hadoop.ozone.web.OzoneHddsDatanodeService@6c3830ed
2019-06-14 12:34:04,725 INFO  impl.MetricsSystemImpl (MetricsSystemImpl.java:init(158)) - HddsDatanode metrics system started (again)
2019-06-14 12:34:04,725 INFO  ozone.HddsDatanodeService (HddsDatanodeService.java:start(185)) - HddsDatanodeService host:ozone-5z4sx-3769091767 ip:192.168.105.183
2019-06-14 12:34:04,754 INFO  volume.HddsVolume (HddsVolume.java:<init>(176)) - Creating Volume: /opt/src/hadoop-ozone/integration-test/target/test-dir/MiniOzoneClusterImpl-de6618d7-845a-4ea7-aea0-d79b111cde80/datanode-5/data/containers/hdds of  storage type : DISK and capacity : 104021790720
2019-06-14 12:34:04,754 INFO  volume.VolumeSet (VolumeSet.java:initializeVolumeSet(170)) - Added Volume : /opt/src/hadoop-ozone/integration-test/target/test-dir/MiniOzoneClusterImpl-de6618d7-845a-4ea7-aea0-d79b111cde80/datanode-5/data/containers/hdds to VolumeSet
2019-06-14 12:34:04,754 INFO  volume.ThrottledAsyncChecker (ThrottledAsyncChecker.java:schedule(140)) - Scheduling a check for org.apache.hadoop.ozone.container.common.volume.HddsVolume@441d3ddf
2019-06-14 12:34:04,755 INFO  datanode.InitDatanodeState (InitDatanodeState.java:persistContainerDatanodeDetails(140)) - DatanodeDetails is persisted to /opt/src/hadoop-ozone/integration-test/target/test-dir/MiniOzoneClusterImpl-de6618d7-845a-4ea7-aea0-d79b111cde80/datanode-4/meta/datanode.id
2019-06-14 12:34:04,755 INFO  volume.HddsVolumeChecker (HddsVolumeChecker.java:checkAllVolumes(203)) - Scheduled health check for volume org.apache.hadoop.ozone.container.common.volume.HddsVolume@441d3ddf
2019-06-14 12:34:04,757 INFO  util.JvmPauseMonitor (JvmPauseMonitor.java:run(188)) - Starting JVM pause monitor
2019-06-14 12:34:04,777 INFO  ratis.XceiverServerRatis (XceiverServerRatis.java:newXceiverServerRatis(401)) - Found a free port for the server : 35327
2019-06-14 12:34:04,779 INFO  impl.RaftServerProxy (ConfUtils.java:logGet(43)) - raft.rpc.type = GRPC (default)
2019-06-14 12:34:04,779 INFO  grpc.GrpcConfigKeys$Server (ConfUtils.java:logGet(43)) - raft.grpc.server.port = 35327 (custom)
2019-06-14 12:34:04,779 INFO  server.GrpcService (ConfUtils.java:logGet(43)) - raft.grpc.message.size.max = 33570816 (custom)
2019-06-14 12:34:04,779 INFO  server.RaftServerConfigKeys (ConfUtils.java:logGet(43)) - raft.server.log.appender.buffer.byte-limit = 33554432 (custom)
2019-06-14 12:34:04,780 INFO  server.GrpcService (ConfUtils.java:logGet(43)) - raft.grpc.flow.control.window = 1MB (=1048576) (default)
2019-06-14 12:34:04,780 INFO  server.RaftServerConfigKeys (ConfUtils.java:logGet(43)) - raft.server.rpc.request.timeout = 3000ms (default)
2019-06-14 12:34:04,780 INFO  server.RaftServerConfigKeys (ConfUtils.java:logGet(43)) - raft.server.storage.dir = [/opt/src/hadoop-ozone/integration-test/target/test-dir/MiniOzoneClusterImpl-de6618d7-845a-4ea7-aea0-d79b111cde80/datanode-5/data/ratis] (custom)
2019-06-14 12:34:04,780 INFO  server.XceiverServerGrpc (XceiverServerGrpc.java:<init>(97)) - Found a free port for the server : 35867
2019-06-14 12:34:04,781 INFO  replication.SimpleContainerDownloader (SimpleContainerDownloader.java:<init>(72)) - Starting container downloader service to copy containers to replicate.
2019-06-14 12:34:04,781 INFO  hdfs.DFSUtil (DFSUtil.java:httpServerTemplateForNNAndJN(1641)) - Starting Web-server for hddsDatanode at: http://0.0.0.0:0
2019-06-14 12:34:04,782 INFO  server.AuthenticationFilter (AuthenticationFilter.java:constructSecretProvider(240)) - Unable to initialize FileSignerSecretProvider, falling back to use random secrets.
2019-06-14 12:34:04,783 WARN  http.HttpRequestLog (HttpRequestLog.java:getRequestLog(97)) - Jetty request log can only be enabled using Log4j
2019-06-14 12:34:04,784 INFO  http.HttpServer2 (HttpServer2.java:addGlobalFilter(975)) - Added global filter 'safety' (class=org.apache.hadoop.http.HttpServer2$QuotingInputFilter)
2019-06-14 12:34:04,784 INFO  http.HttpServer2 (HttpServer2.java:addFilter(948)) - Added filter static_user_filter (class=org.apache.hadoop.http.lib.StaticUserWebFilter$StaticUserFilter) to context hddsDatanode
2019-06-14 12:34:04,784 INFO  http.HttpServer2 (HttpServer2.java:addFilter(958)) - Added filter static_user_filter (class=org.apache.hadoop.http.lib.StaticUserWebFilter$StaticUserFilter) to context logs
2019-06-14 12:34:04,784 INFO  http.HttpServer2 (HttpServer2.java:addFilter(958)) - Added filter static_user_filter (class=org.apache.hadoop.http.lib.StaticUserWebFilter$StaticUserFilter) to context static
2019-06-14 12:34:04,785 INFO  http.HttpServer2 (HttpServer2.java:bindListener(1191)) - Jetty bound to port 34769
2019-06-14 12:34:04,785 INFO  server.Server (Server.java:doStart(351)) - jetty-9.3.24.v20180605, build timestamp: 2018-06-05T17:11:56Z, git hash: 84205aa28f11a4f31f2a3b86d1bba2cc8ab69827
2019-06-14 12:34:04,792 INFO  handler.ContextHandler (ContextHandler.java:doStart(781)) - Started o.e.j.s.ServletContextHandler@39aaa7db{/logs,file:///opt/src/hadoop-ozone/integration-test/target/log,AVAILABLE}
2019-06-14 12:34:04,793 INFO  handler.ContextHandler (ContextHandler.java:doStart(781)) - Started o.e.j.s.ServletContextHandler@1738d3b2{/static,jar:file:/root/.m2/repository/org/apache/hadoop/hadoop-hdds-container-service/0.5.0-SNAPSHOT/hadoop-hdds-container-service-0.5.0-SNAPSHOT.jar!/webapps/static,AVAILABLE}
2019-06-14 12:34:04,816 INFO  handler.ContextHandler (ContextHandler.java:doStart(781)) - Started o.e.j.w.WebAppContext@59cbeaee{/,file:///tmp/jetty-0.0.0.0-34769-hddsDatanode-_-any-8301119946665881201.dir/webapp/,AVAILABLE}{/hddsDatanode}
2019-06-14 12:34:04,818 INFO  server.AbstractConnector (AbstractConnector.java:doStart(278)) - Started ServerConnector@1546f3bb{HTTP/1.1,[http/1.1]}{0.0.0.0:34769}
2019-06-14 12:34:04,818 INFO  server.Server (Server.java:doStart(419)) - Started @125733ms
2019-06-14 12:34:04,819 INFO  server.BaseHttpServer (BaseHttpServer.java:updateConnectorAddress(207)) - HTTP server of HDDSDATANODE is listening at http://0.0.0.0:34769
2019-06-14 12:34:04,905 INFO  ozone.HddsDatanodeService (HddsDatanodeService.java:startPlugins(396)) - Started plug-in org.apache.hadoop.ozone.web.OzoneHddsDatanodeService@75707f05
2019-06-14 12:34:04,909 INFO  impl.MetricsSystemImpl (MetricsSystemImpl.java:init(158)) - HddsDatanode metrics system started (again)
2019-06-14 12:34:04,910 INFO  ozone.HddsDatanodeService (HddsDatanodeService.java:start(185)) - HddsDatanodeService host:ozone-5z4sx-3769091767 ip:192.168.105.183
2019-06-14 12:34:04,930 INFO  util.JvmPauseMonitor (JvmPauseMonitor.java:run(188)) - Starting JVM pause monitor
2019-06-14 12:34:04,931 INFO  datanode.InitDatanodeState (InitDatanodeState.java:persistContainerDatanodeDetails(140)) - DatanodeDetails is persisted to /opt/src/hadoop-ozone/integration-test/target/test-dir/MiniOzoneClusterImpl-de6618d7-845a-4ea7-aea0-d79b111cde80/datanode-5/meta/datanode.id
2019-06-14 12:34:04,933 INFO  volume.HddsVolume (HddsVolume.java:<init>(176)) - Creating Volume: /opt/src/hadoop-ozone/integration-test/target/test-dir/MiniOzoneClusterImpl-de6618d7-845a-4ea7-aea0-d79b111cde80/datanode-6/data/containers/hdds of  storage type : DISK and capacity : 104021790720
2019-06-14 12:34:04,934 INFO  volume.VolumeSet (VolumeSet.java:initializeVolumeSet(170)) - Added Volume : /opt/src/hadoop-ozone/integration-test/target/test-dir/MiniOzoneClusterImpl-de6618d7-845a-4ea7-aea0-d79b111cde80/datanode-6/data/containers/hdds to VolumeSet
2019-06-14 12:34:04,934 INFO  volume.ThrottledAsyncChecker (ThrottledAsyncChecker.java:schedule(140)) - Scheduling a check for org.apache.hadoop.ozone.container.common.volume.HddsVolume@7a14d8a4
2019-06-14 12:34:04,937 INFO  volume.HddsVolumeChecker (HddsVolumeChecker.java:checkAllVolumes(203)) - Scheduled health check for volume org.apache.hadoop.ozone.container.common.volume.HddsVolume@7a14d8a4
2019-06-14 12:34:04,949 INFO  ratis.XceiverServerRatis (XceiverServerRatis.java:newXceiverServerRatis(401)) - Found a free port for the server : 45127
2019-06-14 12:34:04,951 INFO  impl.RaftServerProxy (ConfUtils.java:logGet(43)) - raft.rpc.type = GRPC (default)
2019-06-14 12:34:04,951 INFO  grpc.GrpcConfigKeys$Server (ConfUtils.java:logGet(43)) - raft.grpc.server.port = 45127 (custom)
2019-06-14 12:34:04,951 INFO  server.GrpcService (ConfUtils.java:logGet(43)) - raft.grpc.message.size.max = 33570816 (custom)
2019-06-14 12:34:04,952 INFO  server.RaftServerConfigKeys (ConfUtils.java:logGet(43)) - raft.server.log.appender.buffer.byte-limit = 33554432 (custom)
2019-06-14 12:34:04,952 INFO  server.GrpcService (ConfUtils.java:logGet(43)) - raft.grpc.flow.control.window = 1MB (=1048576) (default)
2019-06-14 12:34:04,952 INFO  server.RaftServerConfigKeys (ConfUtils.java:logGet(43)) - raft.server.rpc.request.timeout = 3000ms (default)
2019-06-14 12:34:04,952 INFO  server.RaftServerConfigKeys (ConfUtils.java:logGet(43)) - raft.server.storage.dir = [/opt/src/hadoop-ozone/integration-test/target/test-dir/MiniOzoneClusterImpl-de6618d7-845a-4ea7-aea0-d79b111cde80/datanode-6/data/ratis] (custom)
2019-06-14 12:34:04,953 INFO  server.XceiverServerGrpc (XceiverServerGrpc.java:<init>(97)) - Found a free port for the server : 43025
2019-06-14 12:34:04,953 INFO  replication.SimpleContainerDownloader (SimpleContainerDownloader.java:<init>(72)) - Starting container downloader service to copy containers to replicate.
2019-06-14 12:34:04,954 INFO  hdfs.DFSUtil (DFSUtil.java:httpServerTemplateForNNAndJN(1641)) - Starting Web-server for hddsDatanode at: http://0.0.0.0:0
2019-06-14 12:34:04,955 INFO  server.AuthenticationFilter (AuthenticationFilter.java:constructSecretProvider(240)) - Unable to initialize FileSignerSecretProvider, falling back to use random secrets.
2019-06-14 12:34:04,959 WARN  http.HttpRequestLog (HttpRequestLog.java:getRequestLog(97)) - Jetty request log can only be enabled using Log4j
2019-06-14 12:34:04,960 INFO  http.HttpServer2 (HttpServer2.java:addGlobalFilter(975)) - Added global filter 'safety' (class=org.apache.hadoop.http.HttpServer2$QuotingInputFilter)
2019-06-14 12:34:04,961 INFO  http.HttpServer2 (HttpServer2.java:addFilter(948)) - Added filter static_user_filter (class=org.apache.hadoop.http.lib.StaticUserWebFilter$StaticUserFilter) to context hddsDatanode
2019-06-14 12:34:04,961 INFO  http.HttpServer2 (HttpServer2.java:addFilter(958)) - Added filter static_user_filter (class=org.apache.hadoop.http.lib.StaticUserWebFilter$StaticUserFilter) to context logs
2019-06-14 12:34:04,961 INFO  http.HttpServer2 (HttpServer2.java:addFilter(958)) - Added filter static_user_filter (class=org.apache.hadoop.http.lib.StaticUserWebFilter$StaticUserFilter) to context static
2019-06-14 12:34:04,962 INFO  http.HttpServer2 (HttpServer2.java:bindListener(1191)) - Jetty bound to port 34047
2019-06-14 12:34:04,962 INFO  server.Server (Server.java:doStart(351)) - jetty-9.3.24.v20180605, build timestamp: 2018-06-05T17:11:56Z, git hash: 84205aa28f11a4f31f2a3b86d1bba2cc8ab69827
2019-06-14 12:34:04,971 INFO  handler.ContextHandler (ContextHandler.java:doStart(781)) - Started o.e.j.s.ServletContextHandler@560e1459{/logs,file:///opt/src/hadoop-ozone/integration-test/target/log,AVAILABLE}
2019-06-14 12:34:04,972 INFO  handler.ContextHandler (ContextHandler.java:doStart(781)) - Started o.e.j.s.ServletContextHandler@4c3125ff{/static,jar:file:/root/.m2/repository/org/apache/hadoop/hadoop-hdds-container-service/0.5.0-SNAPSHOT/hadoop-hdds-container-service-0.5.0-SNAPSHOT.jar!/webapps/static,AVAILABLE}
2019-06-14 12:34:04,993 INFO  handler.ContextHandler (ContextHandler.java:doStart(781)) - Started o.e.j.w.WebAppContext@1e470a51{/,file:///tmp/jetty-0.0.0.0-34047-hddsDatanode-_-any-1456728323110999236.dir/webapp/,AVAILABLE}{/hddsDatanode}
2019-06-14 12:34:04,993 INFO  server.AbstractConnector (AbstractConnector.java:doStart(278)) - Started ServerConnector@6971f5f4{HTTP/1.1,[http/1.1]}{0.0.0.0:34047}
2019-06-14 12:34:04,995 INFO  server.Server (Server.java:doStart(419)) - Started @125910ms
2019-06-14 12:34:04,996 INFO  server.BaseHttpServer (BaseHttpServer.java:updateConnectorAddress(207)) - HTTP server of HDDSDATANODE is listening at http://0.0.0.0:34047
2019-06-14 12:34:05,086 INFO  ozone.HddsDatanodeService (HddsDatanodeService.java:startPlugins(396)) - Started plug-in org.apache.hadoop.ozone.web.OzoneHddsDatanodeService@27e42fe8
2019-06-14 12:34:05,086 INFO  ozone.MiniOzoneClusterImpl (MiniOzoneClusterImpl.java:lambda$waitForClusterToBeReady$0(142)) - Waiting for cluster to be ready. Got 0 of 7 DN Heartbeats.
2019-06-14 12:34:05,093 INFO  util.JvmPauseMonitor (JvmPauseMonitor.java:run(188)) - Starting JVM pause monitor
2019-06-14 12:34:05,094 INFO  datanode.InitDatanodeState (InitDatanodeState.java:persistContainerDatanodeDetails(140)) - DatanodeDetails is persisted to /opt/src/hadoop-ozone/integration-test/target/test-dir/MiniOzoneClusterImpl-de6618d7-845a-4ea7-aea0-d79b111cde80/datanode-6/meta/datanode.id
2019-06-14 12:34:05,841 INFO  ozoneimpl.OzoneContainer (OzoneContainer.java:start(186)) - Attempting to start container services.
2019-06-14 12:34:05,841 INFO  ozoneimpl.OzoneContainer (OzoneContainer.java:startContainerScrub(160)) - Background container scrubber has been disabled by hdds.containerscrub.enabled
2019-06-14 12:34:05,842 INFO  ratis.XceiverServerRatis (XceiverServerRatis.java:start(418)) - Starting XceiverServerRatis a2ab53ed-d387-47d9-b912-f37c336f0f6d at port 35067
2019-06-14 12:34:05,846 INFO  impl.RaftServerProxy (RaftServerProxy.java:lambda$start$3(299)) - a2ab53ed-d387-47d9-b912-f37c336f0f6d: start RPC server
2019-06-14 12:34:05,847 INFO  server.GrpcService (GrpcService.java:startImpl(148)) - a2ab53ed-d387-47d9-b912-f37c336f0f6d: GrpcService started, listening on 0.0.0.0/0.0.0.0:35067
2019-06-14 12:34:06,010 INFO  ozoneimpl.OzoneContainer (OzoneContainer.java:start(186)) - Attempting to start container services.
2019-06-14 12:34:06,010 INFO  ozoneimpl.OzoneContainer (OzoneContainer.java:startContainerScrub(160)) - Background container scrubber has been disabled by hdds.containerscrub.enabled
2019-06-14 12:34:06,010 INFO  ratis.XceiverServerRatis (XceiverServerRatis.java:start(418)) - Starting XceiverServerRatis 1c68e4b9-ac1a-45b7-b62a-ab3e40c93739 at port 41035
2019-06-14 12:34:06,016 INFO  impl.RaftServerProxy (RaftServerProxy.java:lambda$start$3(299)) - 1c68e4b9-ac1a-45b7-b62a-ab3e40c93739: start RPC server
2019-06-14 12:34:06,016 INFO  server.GrpcService (GrpcService.java:startImpl(148)) - 1c68e4b9-ac1a-45b7-b62a-ab3e40c93739: GrpcService started, listening on 0.0.0.0/0.0.0.0:41035
2019-06-14 12:34:06,087 INFO  ozone.MiniOzoneClusterImpl (MiniOzoneClusterImpl.java:lambda$waitForClusterToBeReady$0(142)) - Waiting for cluster to be ready. Got 0 of 7 DN Heartbeats.
2019-06-14 12:34:06,249 INFO  ozoneimpl.OzoneContainer (OzoneContainer.java:start(186)) - Attempting to start container services.
2019-06-14 12:34:06,249 INFO  ozoneimpl.OzoneContainer (OzoneContainer.java:startContainerScrub(160)) - Background container scrubber has been disabled by hdds.containerscrub.enabled
2019-06-14 12:34:06,249 INFO  ratis.XceiverServerRatis (XceiverServerRatis.java:start(418)) - Starting XceiverServerRatis 808667aa-de5f-452e-a41f-5212f0378554 at port 33039
2019-06-14 12:34:06,254 INFO  impl.RaftServerProxy (RaftServerProxy.java:lambda$start$3(299)) - 808667aa-de5f-452e-a41f-5212f0378554: start RPC server
2019-06-14 12:34:06,255 INFO  server.GrpcService (GrpcService.java:startImpl(148)) - 808667aa-de5f-452e-a41f-5212f0378554: GrpcService started, listening on 0.0.0.0/0.0.0.0:33039
2019-06-14 12:34:06,467 WARN  events.EventQueue (EventQueue.java:fireEvent(147)) - Processing of TypedEvent{payloadType=DatanodeDetails, name='Stale_Node'} is skipped, EventQueue is not running
2019-06-14 12:34:06,491 INFO  ozoneimpl.OzoneContainer (OzoneContainer.java:start(186)) - Attempting to start container services.
2019-06-14 12:34:06,491 INFO  ozoneimpl.OzoneContainer (OzoneContainer.java:startContainerScrub(160)) - Background container scrubber has been disabled by hdds.containerscrub.enabled
2019-06-14 12:34:06,491 INFO  ratis.XceiverServerRatis (XceiverServerRatis.java:start(418)) - Starting XceiverServerRatis 26129bf1-b4f2-40d3-a939-935ce4d55851 at port 42751
2019-06-14 12:34:06,495 INFO  impl.RaftServerProxy (RaftServerProxy.java:lambda$start$3(299)) - 26129bf1-b4f2-40d3-a939-935ce4d55851: start RPC server
2019-06-14 12:34:06,496 INFO  server.GrpcService (GrpcService.java:startImpl(148)) - 26129bf1-b4f2-40d3-a939-935ce4d55851: GrpcService started, listening on 0.0.0.0/0.0.0.0:42751
2019-06-14 12:34:06,777 INFO  ozoneimpl.OzoneContainer (OzoneContainer.java:start(186)) - Attempting to start container services.
2019-06-14 12:34:06,777 INFO  ozoneimpl.OzoneContainer (OzoneContainer.java:startContainerScrub(160)) - Background container scrubber has been disabled by hdds.containerscrub.enabled
2019-06-14 12:34:06,777 INFO  ratis.XceiverServerRatis (XceiverServerRatis.java:start(418)) - Starting XceiverServerRatis aa8d3922-a174-46e3-9d17-8a82506be54b at port 33459
2019-06-14 12:34:06,781 INFO  impl.RaftServerProxy (RaftServerProxy.java:lambda$start$3(299)) - aa8d3922-a174-46e3-9d17-8a82506be54b: start RPC server
2019-06-14 12:34:06,781 INFO  server.GrpcService (GrpcService.java:startImpl(148)) - aa8d3922-a174-46e3-9d17-8a82506be54b: GrpcService started, listening on 0.0.0.0/0.0.0.0:33459
2019-06-14 12:34:06,968 WARN  events.EventQueue (EventQueue.java:fireEvent(147)) - Processing of TypedEvent{payloadType=DatanodeDetails, name='Stale_Node'} is skipped, EventQueue is not running
2019-06-14 12:34:06,968 WARN  events.EventQueue (EventQueue.java:fireEvent(147)) - Processing of TypedEvent{payloadType=DatanodeDetails, name='Stale_Node'} is skipped, EventQueue is not running
2019-06-14 12:34:06,968 WARN  events.EventQueue (EventQueue.java:fireEvent(147)) - Processing of TypedEvent{payloadType=DatanodeDetails, name='Stale_Node'} is skipped, EventQueue is not running
2019-06-14 12:34:06,977 INFO  ozoneimpl.OzoneContainer (OzoneContainer.java:start(186)) - Attempting to start container services.
2019-06-14 12:34:06,977 INFO  ozoneimpl.OzoneContainer (OzoneContainer.java:startContainerScrub(160)) - Background container scrubber has been disabled by hdds.containerscrub.enabled
2019-06-14 12:34:06,977 INFO  ratis.XceiverServerRatis (XceiverServerRatis.java:start(418)) - Starting XceiverServerRatis 15665d71-759c-40dc-b311-4d2cd9ec9e4a at port 35327
2019-06-14 12:34:06,982 INFO  impl.RaftServerProxy (RaftServerProxy.java:lambda$start$3(299)) - 15665d71-759c-40dc-b311-4d2cd9ec9e4a: start RPC server
2019-06-14 12:34:06,982 INFO  server.GrpcService (GrpcService.java:startImpl(148)) - 15665d71-759c-40dc-b311-4d2cd9ec9e4a: GrpcService started, listening on 0.0.0.0/0.0.0.0:35327
2019-06-14 12:34:07,087 INFO  ozone.MiniOzoneClusterImpl (MiniOzoneClusterImpl.java:lambda$waitForClusterToBeReady$0(142)) - Waiting for cluster to be ready. Got 0 of 7 DN Heartbeats.
2019-06-14 12:34:07,109 INFO  ozoneimpl.OzoneContainer (OzoneContainer.java:start(186)) - Attempting to start container services.
2019-06-14 12:34:07,109 INFO  ozoneimpl.OzoneContainer (OzoneContainer.java:startContainerScrub(160)) - Background container scrubber has been disabled by hdds.containerscrub.enabled
2019-06-14 12:34:07,109 INFO  ratis.XceiverServerRatis (XceiverServerRatis.java:start(418)) - Starting XceiverServerRatis 8a78062d-fd74-4d8d-8398-6e0f2174c136 at port 45127
2019-06-14 12:34:07,113 INFO  impl.RaftServerProxy (RaftServerProxy.java:lambda$start$3(299)) - 8a78062d-fd74-4d8d-8398-6e0f2174c136: start RPC server
2019-06-14 12:34:07,114 INFO  server.GrpcService (GrpcService.java:startImpl(148)) - 8a78062d-fd74-4d8d-8398-6e0f2174c136: GrpcService started, listening on 0.0.0.0/0.0.0.0:45127
2019-06-14 12:34:07,169 WARN  events.EventQueue (EventQueue.java:fireEvent(147)) - Processing of TypedEvent{payloadType=DatanodeDetails, name='Stale_Node'} is skipped, EventQueue is not running
2019-06-14 12:34:07,754 INFO  node.SCMNodeManager (SCMNodeManager.java:register(234)) - Registered Data node : a2ab53ed-d387-47d9-b912-f37c336f0f6d{ip: 192.168.105.183, host: ozone-5z4sx-3769091767, networkLocation: /default-rack, certSerialId: null}
2019-06-14 12:34:07,757 INFO  safemode.SCMSafeModeManager (DataNodeSafeModeRule.java:process(71)) - SCM in safe mode. 1 DataNodes registered, 1 required.
2019-06-14 12:34:07,760 INFO  safemode.SCMSafeModeManager (SCMSafeModeManager.java:validateSafeModeExitRules(177)) - ScmSafeModeManager, all rules are successfully validated
2019-06-14 12:34:07,760 INFO  safemode.SCMSafeModeManager (SCMSafeModeManager.java:exitSafeMode(193)) - SCM exiting safe mode.
2019-06-14 12:34:07,786 INFO  impl.RaftServerProxy (RaftServerProxy.java:addNew(89)) - a2ab53ed-d387-47d9-b912-f37c336f0f6d: addNew group-970C5788A49D:[a2ab53ed-d387-47d9-b912-f37c336f0f6d:192.168.105.183:35067] returns group-970C5788A49D:java.util.concurrent.CompletableFuture@97adbec[Not completed]
2019-06-14 12:34:07,786 INFO  impl.RaftServerImpl (RaftServerImpl.java:<init>(91)) - a2ab53ed-d387-47d9-b912-f37c336f0f6d: new RaftServerImpl for group-970C5788A49D:[a2ab53ed-d387-47d9-b912-f37c336f0f6d:192.168.105.183:35067] with ContainerStateMachine:uninitialized
2019-06-14 12:34:07,787 INFO  server.RaftServerConfigKeys (ConfUtils.java:logGet(43)) - raft.server.rpc.timeout.min = 1s (custom)
2019-06-14 12:34:07,787 INFO  server.RaftServerConfigKeys (ConfUtils.java:logGet(43)) - raft.server.rpc.timeout.max = 1200ms (custom)
2019-06-14 12:34:07,787 INFO  server.RaftServerConfigKeys (ConfUtils.java:logGet(43)) - raft.server.rpcslowness.timeout = 120s (custom)
2019-06-14 12:34:07,787 INFO  server.RaftServerConfigKeys (ConfUtils.java:logGet(43)) - raft.server.log.appender.install.snapshot.enabled = true (default)
2019-06-14 12:34:07,787 INFO  impl.RaftServerImpl (ServerState.java:<init>(101)) - a2ab53ed-d387-47d9-b912-f37c336f0f6d:group-970C5788A49D ConfigurationManager, init=-1: [a2ab53ed-d387-47d9-b912-f37c336f0f6d:192.168.105.183:35067], old=null, confs=<EMPTY_MAP>
2019-06-14 12:34:07,787 INFO  server.RaftServerConfigKeys (ConfUtils.java:logGet(43)) - raft.server.storage.dir = [/opt/src/hadoop-ozone/integration-test/target/test-dir/MiniOzoneClusterImpl-de6618d7-845a-4ea7-aea0-d79b111cde80/datanode-0/data/ratis] (custom)
2019-06-14 12:34:07,788 INFO  storage.RaftStorageDirectory (RaftStorageDirectory.java:analyzeStorage(246)) - The storage directory /opt/src/hadoop-ozone/integration-test/target/test-dir/MiniOzoneClusterImpl-de6618d7-845a-4ea7-aea0-d79b111cde80/datanode-0/data/ratis/1d00d099-0948-430e-9953-970c5788a49d does not exist. Creating ...
2019-06-14 12:34:07,849 INFO  storage.RaftStorageDirectory (RaftStorageDirectory.java:tryLock(328)) - Lock on /opt/src/hadoop-ozone/integration-test/target/test-dir/MiniOzoneClusterImpl-de6618d7-845a-4ea7-aea0-d79b111cde80/datanode-0/data/ratis/1d00d099-0948-430e-9953-970c5788a49d/in_use.lock acquired by nodename 18973@ozone-5z4sx-3769091767
2019-06-14 12:34:07,886 INFO  storage.RaftStorage (RaftStorage.java:format(75)) - Storage directory /opt/src/hadoop-ozone/integration-test/target/test-dir/MiniOzoneClusterImpl-de6618d7-845a-4ea7-aea0-d79b111cde80/datanode-0/data/ratis/1d00d099-0948-430e-9953-970c5788a49d has been successfully formatted.
2019-06-14 12:34:07,886 INFO  ratis.ContainerStateMachine (ContainerStateMachine.java:loadSnapshot(199)) - The snapshot info is null.Setting the last applied index to:(t:0, i:~)
2019-06-14 12:34:07,886 INFO  server.RaftServerConfigKeys (ConfUtils.java:logGet(43)) - raft.server.leader.election.timeout = 120s (custom)
2019-06-14 12:34:07,887 INFO  server.RaftServerConfigKeys (ConfUtils.java:logGet(43)) - raft.server.log.use.memory = false (default)
2019-06-14 12:34:07,887 INFO  server.RaftServerConfigKeys (ConfUtils.java:logGet(43)) - raft.server.log.appender.buffer.byte-limit = 33554432 (custom)
2019-06-14 12:34:07,887 INFO  server.RaftServerConfigKeys (ConfUtils.java:logGet(43)) - raft.server.log.segment.size.max = 16384 (custom)
2019-06-14 12:34:07,887 INFO  server.RaftServerConfigKeys (ConfUtils.java:logGet(43)) - raft.server.log.segment.cache.num.max = 2 (custom)
2019-06-14 12:34:07,887 INFO  storage.RaftLogWorker (RaftLogWorker.java:<init>(123)) - new a2ab53ed-d387-47d9-b912-f37c336f0f6d-RaftLogWorker for Storage Directory /opt/src/hadoop-ozone/integration-test/target/test-dir/MiniOzoneClusterImpl-de6618d7-845a-4ea7-aea0-d79b111cde80/datanode-0/data/ratis/1d00d099-0948-430e-9953-970c5788a49d
2019-06-14 12:34:07,887 INFO  server.RaftServerConfigKeys (ConfUtils.java:logGet(43)) - raft.server.log.queue.byte-limit = 2147483647 (custom)
2019-06-14 12:34:07,887 INFO  server.RaftServerConfigKeys (ConfUtils.java:logGet(43)) - raft.server.log.queue.element-limit = 1024 (custom)
2019-06-14 12:34:07,887 INFO  server.RaftServerConfigKeys (ConfUtils.java:logGet(43)) - raft.server.log.segment.size.max = 16384 (custom)
2019-06-14 12:34:07,888 INFO  server.RaftServerConfigKeys (ConfUtils.java:logGet(43)) - raft.server.log.preallocated.size = 16384 (custom)
2019-06-14 12:34:07,888 INFO  server.RaftServerConfigKeys (ConfUtils.java:logGet(43)) - raft.server.log.write.buffer.size = 33554432 (custom)
2019-06-14 12:34:07,888 INFO  server.RaftServerConfigKeys (ConfUtils.java:logGet(43)) - raft.server.log.force.sync.num = 128 (default)
2019-06-14 12:34:07,888 INFO  server.RaftServerConfigKeys (ConfUtils.java:logGet(43)) - raft.server.log.statemachine.data.sync = true (default)
2019-06-14 12:34:07,888 INFO  server.RaftServerConfigKeys (ConfUtils.java:logGet(43)) - raft.server.log.statemachine.data.sync.timeout = 10s (default)
2019-06-14 12:34:07,888 INFO  server.RaftServerConfigKeys (ConfUtils.java:logGet(43)) - raft.server.log.statemachine.data.sync.timeout.retry = -1 (default)
2019-06-14 12:34:07,888 INFO  server.RaftServerConfigKeys (ConfUtils.java:logGet(43)) - raft.server.log.statemachine.data.caching.enabled = true (custom)
2019-06-14 12:34:07,889 INFO  server.RaftServerConfigKeys (ConfUtils.java:logGet(43)) - raft.server.snapshot.auto.trigger.enabled = true (custom)
2019-06-14 12:34:07,889 INFO  server.RaftServerConfigKeys (ConfUtils.java:logGet(43)) - raft.server.snapshot.auto.trigger.threshold = 10000 (custom)
2019-06-14 12:34:07,889 INFO  server.RaftServerConfigKeys (ConfUtils.java:logGet(43)) - raft.server.retrycache.expirytime = 600000ms (custom)
2019-06-14 12:34:07,889 INFO  impl.RaftServerImpl (RaftServerImpl.java:start(173)) - a2ab53ed-d387-47d9-b912-f37c336f0f6d: start group-970C5788A49D
2019-06-14 12:34:07,889 INFO  impl.RaftServerImpl (RaftServerImpl.java:setRole(164)) - a2ab53ed-d387-47d9-b912-f37c336f0f6d:group-970C5788A49D changes role from null to FOLLOWER at term 0 for startAsFollower
2019-06-14 12:34:07,889 INFO  impl.RoleInfo (RoleInfo.java:updateAndGet(143)) - a2ab53ed-d387-47d9-b912-f37c336f0f6d: start FollowerState
2019-06-14 12:34:07,893 INFO  util.JmxRegister (JmxRegister.java:tryRegister(44)) - Successfully registered JMX Bean with object name Ratis:service=RaftServer,group=group-970C5788A49D,id=a2ab53ed-d387-47d9-b912-f37c336f0f6d
2019-06-14 12:34:07,899 INFO  pipeline.PipelineStateManager (PipelineStateManager.java:addPipeline(56)) - Created pipeline Pipeline[ Id: 1d00d099-0948-430e-9953-970c5788a49d, Nodes: a2ab53ed-d387-47d9-b912-f37c336f0f6d{ip: 192.168.105.183, host: ozone-5z4sx-3769091767, networkLocation: /default-rack, certSerialId: null}, Type:RATIS, Factor:ONE, State:OPEN]
2019-06-14 12:34:08,002 INFO  node.SCMNodeManager (SCMNodeManager.java:register(234)) - Registered Data node : 1c68e4b9-ac1a-45b7-b62a-ab3e40c93739{ip: 192.168.105.183, host: ozone-5z4sx-3769091767, networkLocation: /default-rack, certSerialId: null}
2019-06-14 12:34:08,013 INFO  impl.RaftServerProxy (RaftServerProxy.java:addNew(89)) - 1c68e4b9-ac1a-45b7-b62a-ab3e40c93739: addNew group-4DA3635C476A:[1c68e4b9-ac1a-45b7-b62a-ab3e40c93739:192.168.105.183:41035] returns group-4DA3635C476A:java.util.concurrent.CompletableFuture@2a1395df[Not completed]
2019-06-14 12:34:08,018 INFO  impl.RaftServerImpl (RaftServerImpl.java:<init>(91)) - 1c68e4b9-ac1a-45b7-b62a-ab3e40c93739: new RaftServerImpl for group-4DA3635C476A:[1c68e4b9-ac1a-45b7-b62a-ab3e40c93739:192.168.105.183:41035] with ContainerStateMachine:uninitialized
2019-06-14 12:34:08,018 INFO  server.RaftServerConfigKeys (ConfUtils.java:logGet(43)) - raft.server.rpc.timeout.min = 1s (custom)
2019-06-14 12:34:08,018 INFO  server.RaftServerConfigKeys (ConfUtils.java:logGet(43)) - raft.server.rpc.timeout.max = 1200ms (custom)
2019-06-14 12:34:08,018 INFO  server.RaftServerConfigKeys (ConfUtils.java:logGet(43)) - raft.server.rpcslowness.timeout = 120s (custom)
2019-06-14 12:34:08,018 INFO  server.RaftServerConfigKeys (ConfUtils.java:logGet(43)) - raft.server.log.appender.install.snapshot.enabled = true (default)
2019-06-14 12:34:08,018 INFO  impl.RaftServerImpl (ServerState.java:<init>(101)) - 1c68e4b9-ac1a-45b7-b62a-ab3e40c93739:group-4DA3635C476A ConfigurationManager, init=-1: [1c68e4b9-ac1a-45b7-b62a-ab3e40c93739:192.168.105.183:41035], old=null, confs=<EMPTY_MAP>
2019-06-14 12:34:08,018 INFO  server.RaftServerConfigKeys (ConfUtils.java:logGet(43)) - raft.server.storage.dir = [/opt/src/hadoop-ozone/integration-test/target/test-dir/MiniOzoneClusterImpl-de6618d7-845a-4ea7-aea0-d79b111cde80/datanode-1/data/ratis] (custom)
2019-06-14 12:34:08,019 INFO  storage.RaftStorageDirectory (RaftStorageDirectory.java:analyzeStorage(246)) - The storage directory /opt/src/hadoop-ozone/integration-test/target/test-dir/MiniOzoneClusterImpl-de6618d7-845a-4ea7-aea0-d79b111cde80/datanode-1/data/ratis/a240d9b3-bfad-46df-a48d-4da3635c476a does not exist. Creating ...
2019-06-14 12:34:08,049 INFO  storage.RaftStorageDirectory (RaftStorageDirectory.java:tryLock(328)) - Lock on /opt/src/hadoop-ozone/integration-test/target/test-dir/MiniOzoneClusterImpl-de6618d7-845a-4ea7-aea0-d79b111cde80/datanode-1/data/ratis/a240d9b3-bfad-46df-a48d-4da3635c476a/in_use.lock acquired by nodename 18973@ozone-5z4sx-3769091767
2019-06-14 12:34:08,087 INFO  ozone.MiniOzoneClusterImpl (MiniOzoneClusterImpl.java:lambda$waitForClusterToBeReady$0(142)) - Waiting for cluster to be ready. Got 2 of 7 DN Heartbeats.
2019-06-14 12:34:08,095 INFO  storage.RaftStorage (RaftStorage.java:format(75)) - Storage directory /opt/src/hadoop-ozone/integration-test/target/test-dir/MiniOzoneClusterImpl-de6618d7-845a-4ea7-aea0-d79b111cde80/datanode-1/data/ratis/a240d9b3-bfad-46df-a48d-4da3635c476a has been successfully formatted.
2019-06-14 12:34:08,095 INFO  ratis.ContainerStateMachine (ContainerStateMachine.java:loadSnapshot(199)) - The snapshot info is null.Setting the last applied index to:(t:0, i:~)
2019-06-14 12:34:08,095 INFO  server.RaftServerConfigKeys (ConfUtils.java:logGet(43)) - raft.server.leader.election.timeout = 120s (custom)
2019-06-14 12:34:08,095 INFO  server.RaftServerConfigKeys (ConfUtils.java:logGet(43)) - raft.server.log.use.memory = false (default)
2019-06-14 12:34:08,096 INFO  server.RaftServerConfigKeys (ConfUtils.java:logGet(43)) - raft.server.log.appender.buffer.byte-limit = 33554432 (custom)
2019-06-14 12:34:08,096 INFO  server.RaftServerConfigKeys (ConfUtils.java:logGet(43)) - raft.server.log.segment.size.max = 16384 (custom)
2019-06-14 12:34:08,096 INFO  server.RaftServerConfigKeys (ConfUtils.java:logGet(43)) - raft.server.log.segment.cache.num.max = 2 (custom)
2019-06-14 12:34:08,096 INFO  storage.RaftLogWorker (RaftLogWorker.java:<init>(123)) - new 1c68e4b9-ac1a-45b7-b62a-ab3e40c93739-RaftLogWorker for Storage Directory /opt/src/hadoop-ozone/integration-test/target/test-dir/MiniOzoneClusterImpl-de6618d7-845a-4ea7-aea0-d79b111cde80/datanode-1/data/ratis/a240d9b3-bfad-46df-a48d-4da3635c476a
2019-06-14 12:34:08,096 INFO  server.RaftServerConfigKeys (ConfUtils.java:logGet(43)) - raft.server.log.queue.byte-limit = 2147483647 (custom)
2019-06-14 12:34:08,096 INFO  server.RaftServerConfigKeys (ConfUtils.java:logGet(43)) - raft.server.log.queue.element-limit = 1024 (custom)
2019-06-14 12:34:08,096 INFO  server.RaftServerConfigKeys (ConfUtils.java:logGet(43)) - raft.server.log.segment.size.max = 16384 (custom)
2019-06-14 12:34:08,096 INFO  server.RaftServerConfigKeys (ConfUtils.java:logGet(43)) - raft.server.log.preallocated.size = 16384 (custom)
2019-06-14 12:34:08,097 INFO  server.RaftServerConfigKeys (ConfUtils.java:logGet(43)) - raft.server.log.write.buffer.size = 33554432 (custom)
2019-06-14 12:34:08,097 INFO  server.RaftServerConfigKeys (ConfUtils.java:logGet(43)) - raft.server.log.force.sync.num = 128 (default)
2019-06-14 12:34:08,097 INFO  server.RaftServerConfigKeys (ConfUtils.java:logGet(43)) - raft.server.log.statemachine.data.sync = true (default)
2019-06-14 12:34:08,097 INFO  server.RaftServerConfigKeys (ConfUtils.java:logGet(43)) - raft.server.log.statemachine.data.sync.timeout = 10s (default)
2019-06-14 12:34:08,097 INFO  server.RaftServerConfigKeys (ConfUtils.java:logGet(43)) - raft.server.log.statemachine.data.sync.timeout.retry = -1 (default)
2019-06-14 12:34:08,097 INFO  server.RaftServerConfigKeys (ConfUtils.java:logGet(43)) - raft.server.log.statemachine.data.caching.enabled = true (custom)
2019-06-14 12:34:08,098 INFO  server.RaftServerConfigKeys (ConfUtils.java:logGet(43)) - raft.server.snapshot.auto.trigger.enabled = true (custom)
2019-06-14 12:34:08,098 INFO  server.RaftServerConfigKeys (ConfUtils.java:logGet(43)) - raft.server.snapshot.auto.trigger.threshold = 10000 (custom)
2019-06-14 12:34:08,098 INFO  server.RaftServerConfigKeys (ConfUtils.java:logGet(43)) - raft.server.retrycache.expirytime = 600000ms (custom)
2019-06-14 12:34:08,098 INFO  impl.RaftServerImpl (RaftServerImpl.java:start(173)) - 1c68e4b9-ac1a-45b7-b62a-ab3e40c93739: start group-4DA3635C476A
2019-06-14 12:34:08,098 INFO  impl.RaftServerImpl (RaftServerImpl.java:setRole(164)) - 1c68e4b9-ac1a-45b7-b62a-ab3e40c93739:group-4DA3635C476A changes role from null to FOLLOWER at term 0 for startAsFollower
2019-06-14 12:34:08,098 INFO  impl.RoleInfo (RoleInfo.java:updateAndGet(143)) - 1c68e4b9-ac1a-45b7-b62a-ab3e40c93739: start FollowerState
2019-06-14 12:34:08,099 INFO  util.JmxRegister (JmxRegister.java:tryRegister(44)) - Successfully registered JMX Bean with object name Ratis:service=RaftServer,group=group-4DA3635C476A,id=1c68e4b9-ac1a-45b7-b62a-ab3e40c93739
2019-06-14 12:34:08,106 INFO  pipeline.PipelineStateManager (PipelineStateManager.java:addPipeline(56)) - Created pipeline Pipeline[ Id: a240d9b3-bfad-46df-a48d-4da3635c476a, Nodes: 1c68e4b9-ac1a-45b7-b62a-ab3e40c93739{ip: 192.168.105.183, host: ozone-5z4sx-3769091767, networkLocation: /default-rack, certSerialId: null}, Type:RATIS, Factor:ONE, State:OPEN]
2019-06-14 12:34:08,234 INFO  node.SCMNodeManager (SCMNodeManager.java:register(234)) - Registered Data node : 808667aa-de5f-452e-a41f-5212f0378554{ip: 192.168.105.183, host: ozone-5z4sx-3769091767, networkLocation: /default-rack, certSerialId: null}
2019-06-14 12:34:08,244 INFO  impl.RaftServerProxy (RaftServerProxy.java:addNew(89)) - 808667aa-de5f-452e-a41f-5212f0378554: addNew group-6800D4CFFB35:[808667aa-de5f-452e-a41f-5212f0378554:192.168.105.183:33039] returns group-6800D4CFFB35:java.util.concurrent.CompletableFuture@51455c16[Not completed]
2019-06-14 12:34:08,248 INFO  impl.RaftServerImpl (RaftServerImpl.java:<init>(91)) - 808667aa-de5f-452e-a41f-5212f0378554: new RaftServerImpl for group-6800D4CFFB35:[808667aa-de5f-452e-a41f-5212f0378554:192.168.105.183:33039] with ContainerStateMachine:uninitialized
2019-06-14 12:34:08,248 INFO  server.RaftServerConfigKeys (ConfUtils.java:logGet(43)) - raft.server.rpc.timeout.min = 1s (custom)
2019-06-14 12:34:08,248 INFO  server.RaftServerConfigKeys (ConfUtils.java:logGet(43)) - raft.server.rpc.timeout.max = 1200ms (custom)
2019-06-14 12:34:08,248 INFO  server.RaftServerConfigKeys (ConfUtils.java:logGet(43)) - raft.server.rpcslowness.timeout = 120s (custom)
2019-06-14 12:34:08,248 INFO  server.RaftServerConfigKeys (ConfUtils.java:logGet(43)) - raft.server.log.appender.install.snapshot.enabled = true (default)
2019-06-14 12:34:08,248 INFO  impl.RaftServerImpl (ServerState.java:<init>(101)) - 808667aa-de5f-452e-a41f-5212f0378554:group-6800D4CFFB35 ConfigurationManager, init=-1: [808667aa-de5f-452e-a41f-5212f0378554:192.168.105.183:33039], old=null, confs=<EMPTY_MAP>
2019-06-14 12:34:08,249 INFO  server.RaftServerConfigKeys (ConfUtils.java:logGet(43)) - raft.server.storage.dir = [/opt/src/hadoop-ozone/integration-test/target/test-dir/MiniOzoneClusterImpl-de6618d7-845a-4ea7-aea0-d79b111cde80/datanode-2/data/ratis] (custom)
2019-06-14 12:34:08,249 INFO  storage.RaftStorageDirectory (RaftStorageDirectory.java:analyzeStorage(246)) - The storage directory /opt/src/hadoop-ozone/integration-test/target/test-dir/MiniOzoneClusterImpl-de6618d7-845a-4ea7-aea0-d79b111cde80/datanode-2/data/ratis/6b47b6c5-fe68-4b27-9de4-6800d4cffb35 does not exist. Creating ...
2019-06-14 12:34:08,462 INFO  node.SCMNodeManager (SCMNodeManager.java:register(234)) - Registered Data node : 26129bf1-b4f2-40d3-a939-935ce4d55851{ip: 192.168.105.183, host: ozone-5z4sx-3769091767, networkLocation: /default-rack, certSerialId: null}
2019-06-14 12:34:08,476 INFO  storage.RaftStorageDirectory (RaftStorageDirectory.java:tryLock(328)) - Lock on /opt/src/hadoop-ozone/integration-test/target/test-dir/MiniOzoneClusterImpl-de6618d7-845a-4ea7-aea0-d79b111cde80/datanode-2/data/ratis/6b47b6c5-fe68-4b27-9de4-6800d4cffb35/in_use.lock acquired by nodename 18973@ozone-5z4sx-3769091767
2019-06-14 12:34:08,512 INFO  storage.RaftStorage (RaftStorage.java:format(75)) - Storage directory /opt/src/hadoop-ozone/integration-test/target/test-dir/MiniOzoneClusterImpl-de6618d7-845a-4ea7-aea0-d79b111cde80/datanode-2/data/ratis/6b47b6c5-fe68-4b27-9de4-6800d4cffb35 has been successfully formatted.
2019-06-14 12:34:08,512 INFO  ratis.ContainerStateMachine (ContainerStateMachine.java:loadSnapshot(199)) - The snapshot info is null.Setting the last applied index to:(t:0, i:~)
2019-06-14 12:34:08,513 INFO  server.RaftServerConfigKeys (ConfUtils.java:logGet(43)) - raft.server.leader.election.timeout = 120s (custom)
2019-06-14 12:34:08,513 INFO  server.RaftServerConfigKeys (ConfUtils.java:logGet(43)) - raft.server.log.use.memory = false (default)
2019-06-14 12:34:08,513 INFO  server.RaftServerConfigKeys (ConfUtils.java:logGet(43)) - raft.server.log.appender.buffer.byte-limit = 33554432 (custom)
2019-06-14 12:34:08,513 INFO  server.RaftServerConfigKeys (ConfUtils.java:logGet(43)) - raft.server.log.segment.size.max = 16384 (custom)
2019-06-14 12:34:08,513 INFO  server.RaftServerConfigKeys (ConfUtils.java:logGet(43)) - raft.server.log.segment.cache.num.max = 2 (custom)
2019-06-14 12:34:08,513 INFO  storage.RaftLogWorker (RaftLogWorker.java:<init>(123)) - new 808667aa-de5f-452e-a41f-5212f0378554-RaftLogWorker for Storage Directory /opt/src/hadoop-ozone/integration-test/target/test-dir/MiniOzoneClusterImpl-de6618d7-845a-4ea7-aea0-d79b111cde80/datanode-2/data/ratis/6b47b6c5-fe68-4b27-9de4-6800d4cffb35
2019-06-14 12:34:08,513 INFO  server.RaftServerConfigKeys (ConfUtils.java:logGet(43)) - raft.server.log.queue.byte-limit = 2147483647 (custom)
2019-06-14 12:34:08,513 INFO  server.RaftServerConfigKeys (ConfUtils.java:logGet(43)) - raft.server.log.queue.element-limit = 1024 (custom)
2019-06-14 12:34:08,513 INFO  server.RaftServerConfigKeys (ConfUtils.java:logGet(43)) - raft.server.log.segment.size.max = 16384 (custom)
2019-06-14 12:34:08,513 INFO  server.RaftServerConfigKeys (ConfUtils.java:logGet(43)) - raft.server.log.preallocated.size = 16384 (custom)
2019-06-14 12:34:08,513 INFO  server.RaftServerConfigKeys (ConfUtils.java:logGet(43)) - raft.server.log.write.buffer.size = 33554432 (custom)
2019-06-14 12:34:08,514 INFO  server.RaftServerConfigKeys (ConfUtils.java:logGet(43)) - raft.server.log.force.sync.num = 128 (default)
2019-06-14 12:34:08,514 INFO  server.RaftServerConfigKeys (ConfUtils.java:logGet(43)) - raft.server.log.statemachine.data.sync = true (default)
2019-06-14 12:34:08,515 INFO  server.RaftServerConfigKeys (ConfUtils.java:logGet(43)) - raft.server.log.statemachine.data.sync.timeout = 10s (default)
2019-06-14 12:34:08,515 INFO  server.RaftServerConfigKeys (ConfUtils.java:logGet(43)) - raft.server.log.statemachine.data.sync.timeout.retry = -1 (default)
2019-06-14 12:34:08,515 INFO  server.RaftServerConfigKeys (ConfUtils.java:logGet(43)) - raft.server.log.statemachine.data.caching.enabled = true (custom)
2019-06-14 12:34:08,516 INFO  server.RaftServerConfigKeys (ConfUtils.java:logGet(43)) - raft.server.snapshot.auto.trigger.enabled = true (custom)
2019-06-14 12:34:08,516 INFO  server.RaftServerConfigKeys (ConfUtils.java:logGet(43)) - raft.server.snapshot.auto.trigger.threshold = 10000 (custom)
2019-06-14 12:34:08,516 INFO  server.RaftServerConfigKeys (ConfUtils.java:logGet(43)) - raft.server.retrycache.expirytime = 600000ms (custom)
2019-06-14 12:34:08,516 INFO  impl.RaftServerImpl (RaftServerImpl.java:start(173)) - 808667aa-de5f-452e-a41f-5212f0378554: start group-6800D4CFFB35
2019-06-14 12:34:08,516 INFO  impl.RaftServerImpl (RaftServerImpl.java:setRole(164)) - 808667aa-de5f-452e-a41f-5212f0378554:group-6800D4CFFB35 changes role from null to FOLLOWER at term 0 for startAsFollower
2019-06-14 12:34:08,516 INFO  impl.RoleInfo (RoleInfo.java:updateAndGet(143)) - 808667aa-de5f-452e-a41f-5212f0378554: start FollowerState
2019-06-14 12:34:08,517 INFO  util.JmxRegister (JmxRegister.java:tryRegister(44)) - Successfully registered JMX Bean with object name Ratis:service=RaftServer,group=group-6800D4CFFB35,id=808667aa-de5f-452e-a41f-5212f0378554
2019-06-14 12:34:08,520 INFO  pipeline.PipelineStateManager (PipelineStateManager.java:addPipeline(56)) - Created pipeline Pipeline[ Id: 6b47b6c5-fe68-4b27-9de4-6800d4cffb35, Nodes: 808667aa-de5f-452e-a41f-5212f0378554{ip: 192.168.105.183, host: ozone-5z4sx-3769091767, networkLocation: /default-rack, certSerialId: null}, Type:RATIS, Factor:ONE, State:OPEN]
2019-06-14 12:34:08,530 INFO  impl.RaftServerProxy (RaftServerProxy.java:addNew(89)) - 26129bf1-b4f2-40d3-a939-935ce4d55851: addNew group-E17E1FB660AD:[26129bf1-b4f2-40d3-a939-935ce4d55851:192.168.105.183:42751] returns group-E17E1FB660AD:java.util.concurrent.CompletableFuture@3922970a[Not completed]
2019-06-14 12:34:08,531 INFO  impl.RaftServerImpl (RaftServerImpl.java:<init>(91)) - 26129bf1-b4f2-40d3-a939-935ce4d55851: new RaftServerImpl for group-E17E1FB660AD:[26129bf1-b4f2-40d3-a939-935ce4d55851:192.168.105.183:42751] with ContainerStateMachine:uninitialized
2019-06-14 12:34:08,531 INFO  server.RaftServerConfigKeys (ConfUtils.java:logGet(43)) - raft.server.rpc.timeout.min = 1s (custom)
2019-06-14 12:34:08,531 INFO  server.RaftServerConfigKeys (ConfUtils.java:logGet(43)) - raft.server.rpc.timeout.max = 1200ms (custom)
2019-06-14 12:34:08,532 INFO  server.RaftServerConfigKeys (ConfUtils.java:logGet(43)) - raft.server.rpcslowness.timeout = 120s (custom)
2019-06-14 12:34:08,532 INFO  server.RaftServerConfigKeys (ConfUtils.java:logGet(43)) - raft.server.log.appender.install.snapshot.enabled = true (default)
2019-06-14 12:34:08,532 INFO  impl.RaftServerImpl (ServerState.java:<init>(101)) - 26129bf1-b4f2-40d3-a939-935ce4d55851:group-E17E1FB660AD ConfigurationManager, init=-1: [26129bf1-b4f2-40d3-a939-935ce4d55851:192.168.105.183:42751], old=null, confs=<EMPTY_MAP>
2019-06-14 12:34:08,532 INFO  server.RaftServerConfigKeys (ConfUtils.java:logGet(43)) - raft.server.storage.dir = [/opt/src/hadoop-ozone/integration-test/target/test-dir/MiniOzoneClusterImpl-de6618d7-845a-4ea7-aea0-d79b111cde80/datanode-3/data/ratis] (custom)
2019-06-14 12:34:08,532 INFO  storage.RaftStorageDirectory (RaftStorageDirectory.java:analyzeStorage(246)) - The storage directory /opt/src/hadoop-ozone/integration-test/target/test-dir/MiniOzoneClusterImpl-de6618d7-845a-4ea7-aea0-d79b111cde80/datanode-3/data/ratis/6d1ec2c9-e3cd-4221-8968-e17e1fb660ad does not exist. Creating ...
2019-06-14 12:34:08,751 INFO  node.SCMNodeManager (SCMNodeManager.java:register(234)) - Registered Data node : aa8d3922-a174-46e3-9d17-8a82506be54b{ip: 192.168.105.183, host: ozone-5z4sx-3769091767, networkLocation: /default-rack, certSerialId: null}
2019-06-14 12:34:08,908 INFO  storage.RaftStorageDirectory (RaftStorageDirectory.java:tryLock(328)) - Lock on /opt/src/hadoop-ozone/integration-test/target/test-dir/MiniOzoneClusterImpl-de6618d7-845a-4ea7-aea0-d79b111cde80/datanode-3/data/ratis/6d1ec2c9-e3cd-4221-8968-e17e1fb660ad/in_use.lock acquired by nodename 18973@ozone-5z4sx-3769091767
2019-06-14 12:34:08,931 INFO  node.SCMNodeManager (SCMNodeManager.java:register(234)) - Registered Data node : 15665d71-759c-40dc-b311-4d2cd9ec9e4a{ip: 192.168.105.183, host: ozone-5z4sx-3769091767, networkLocation: /default-rack, certSerialId: null}
2019-06-14 12:34:08,940 INFO  impl.FollowerState (FollowerState.java:run(101)) - a2ab53ed-d387-47d9-b912-f37c336f0f6d:group-970C5788A49D changes to CANDIDATE, lastRpcTime:1051, electionTimeout:1043ms
2019-06-14 12:34:08,941 INFO  impl.RoleInfo (RoleInfo.java:shutdownFollowerState(121)) - a2ab53ed-d387-47d9-b912-f37c336f0f6d: shutdown FollowerState
2019-06-14 12:34:08,941 INFO  impl.RaftServerImpl (RaftServerImpl.java:setRole(164)) - a2ab53ed-d387-47d9-b912-f37c336f0f6d:group-970C5788A49D changes role from FOLLOWER to CANDIDATE at term 0 for changeToCandidate
2019-06-14 12:34:08,941 INFO  impl.RoleInfo (RoleInfo.java:updateAndGet(143)) - a2ab53ed-d387-47d9-b912-f37c336f0f6d: start LeaderElection
2019-06-14 12:34:08,957 INFO  storage.RaftStorage (RaftStorage.java:format(75)) - Storage directory /opt/src/hadoop-ozone/integration-test/target/test-dir/MiniOzoneClusterImpl-de6618d7-845a-4ea7-aea0-d79b111cde80/datanode-3/data/ratis/6d1ec2c9-e3cd-4221-8968-e17e1fb660ad has been successfully formatted.
2019-06-14 12:34:08,958 INFO  ratis.ContainerStateMachine (ContainerStateMachine.java:loadSnapshot(199)) - The snapshot info is null.Setting the last applied index to:(t:0, i:~)
2019-06-14 12:34:08,958 INFO  server.RaftServerConfigKeys (ConfUtils.java:logGet(43)) - raft.server.leader.election.timeout = 120s (custom)
2019-06-14 12:34:08,958 INFO  server.RaftServerConfigKeys (ConfUtils.java:logGet(43)) - raft.server.log.use.memory = false (default)
2019-06-14 12:34:08,958 INFO  server.RaftServerConfigKeys (ConfUtils.java:logGet(43)) - raft.server.log.appender.buffer.byte-limit = 33554432 (custom)
2019-06-14 12:34:08,959 INFO  server.RaftServerConfigKeys (ConfUtils.java:logGet(43)) - raft.server.log.segment.size.max = 16384 (custom)
2019-06-14 12:34:08,959 INFO  server.RaftServerConfigKeys (ConfUtils.java:logGet(43)) - raft.server.log.segment.cache.num.max = 2 (custom)
2019-06-14 12:34:08,959 INFO  storage.RaftLogWorker (RaftLogWorker.java:<init>(123)) - new 26129bf1-b4f2-40d3-a939-935ce4d55851-RaftLogWorker for Storage Directory /opt/src/hadoop-ozone/integration-test/target/test-dir/MiniOzoneClusterImpl-de6618d7-845a-4ea7-aea0-d79b111cde80/datanode-3/data/ratis/6d1ec2c9-e3cd-4221-8968-e17e1fb660ad
2019-06-14 12:34:08,959 INFO  server.RaftServerConfigKeys (ConfUtils.java:logGet(43)) - raft.server.log.queue.byte-limit = 2147483647 (custom)
2019-06-14 12:34:08,959 INFO  server.RaftServerConfigKeys (ConfUtils.java:logGet(43)) - raft.server.log.queue.element-limit = 1024 (custom)
2019-06-14 12:34:08,959 INFO  server.RaftServerConfigKeys (ConfUtils.java:logGet(43)) - raft.server.log.segment.size.max = 16384 (custom)
2019-06-14 12:34:08,959 INFO  server.RaftServerConfigKeys (ConfUtils.java:logGet(43)) - raft.server.log.preallocated.size = 16384 (custom)
2019-06-14 12:34:08,959 INFO  server.RaftServerConfigKeys (ConfUtils.java:logGet(43)) - raft.server.log.write.buffer.size = 33554432 (custom)
2019-06-14 12:34:08,959 INFO  server.RaftServerConfigKeys (ConfUtils.java:logGet(43)) - raft.server.log.force.sync.num = 128 (default)
2019-06-14 12:34:08,960 INFO  server.RaftServerConfigKeys (ConfUtils.java:logGet(43)) - raft.server.log.statemachine.data.sync = true (default)
2019-06-14 12:34:08,960 INFO  server.RaftServerConfigKeys (ConfUtils.java:logGet(43)) - raft.server.log.statemachine.data.sync.timeout = 10s (default)
2019-06-14 12:34:08,960 INFO  server.RaftServerConfigKeys (ConfUtils.java:logGet(43)) - raft.server.log.statemachine.data.sync.timeout.retry = -1 (default)
2019-06-14 12:34:08,960 INFO  server.RaftServerConfigKeys (ConfUtils.java:logGet(43)) - raft.server.log.statemachine.data.caching.enabled = true (custom)
2019-06-14 12:34:08,993 INFO  server.RaftServerConfigKeys (ConfUtils.java:logGet(43)) - raft.server.snapshot.auto.trigger.enabled = true (custom)
2019-06-14 12:34:08,993 INFO  server.RaftServerConfigKeys (ConfUtils.java:logGet(43)) - raft.server.snapshot.auto.trigger.threshold = 10000 (custom)
2019-06-14 12:34:08,994 INFO  server.RaftServerConfigKeys (ConfUtils.java:logGet(43)) - raft.server.retrycache.expirytime = 600000ms (custom)
2019-06-14 12:34:08,994 INFO  impl.RaftServerImpl (RaftServerImpl.java:start(173)) - 26129bf1-b4f2-40d3-a939-935ce4d55851: start group-E17E1FB660AD
2019-06-14 12:34:08,994 INFO  impl.RaftServerImpl (RaftServerImpl.java:setRole(164)) - 26129bf1-b4f2-40d3-a939-935ce4d55851:group-E17E1FB660AD changes role from null to FOLLOWER at term 0 for startAsFollower
2019-06-14 12:34:08,994 INFO  impl.RoleInfo (RoleInfo.java:updateAndGet(143)) - 26129bf1-b4f2-40d3-a939-935ce4d55851: start FollowerState
2019-06-14 12:34:09,001 INFO  util.JmxRegister (JmxRegister.java:tryRegister(44)) - Successfully registered JMX Bean with object name Ratis:service=RaftServer,group=group-E17E1FB660AD,id=26129bf1-b4f2-40d3-a939-935ce4d55851
2019-06-14 12:34:09,011 INFO  impl.LeaderElection (LeaderElection.java:askForVotes(181)) - a2ab53ed-d387-47d9-b912-f37c336f0f6d:group-970C5788A49D:LeaderElection83: begin an election at term 1 for -1: [a2ab53ed-d387-47d9-b912-f37c336f0f6d:192.168.105.183:35067], old=null
2019-06-14 12:34:09,011 INFO  impl.RoleInfo (RoleInfo.java:shutdownLeaderElection(134)) - a2ab53ed-d387-47d9-b912-f37c336f0f6d: shutdown LeaderElection
2019-06-14 12:34:09,012 INFO  impl.RaftServerImpl (RaftServerImpl.java:setRole(164)) - a2ab53ed-d387-47d9-b912-f37c336f0f6d:group-970C5788A49D changes role from CANDIDATE to LEADER at term 1 for changeToLeader
2019-06-14 12:34:09,012 INFO  impl.RaftServerImpl (ServerState.java:setLeader(263)) - a2ab53ed-d387-47d9-b912-f37c336f0f6d:group-970C5788A49D change Leader from null to a2ab53ed-d387-47d9-b912-f37c336f0f6d at term 1 for becomeLeader, leader elected after 1125ms
2019-06-14 12:34:09,012 INFO  server.RaftServerConfigKeys (ConfUtils.java:logGet(43)) - raft.server.staging.catchup.gap = 1000 (default)
2019-06-14 12:34:09,012 INFO  server.RaftServerConfigKeys (ConfUtils.java:logGet(43)) - raft.server.rpc.sleep.time = 25ms (default)
2019-06-14 12:34:09,013 INFO  server.RaftServerConfigKeys (ConfUtils.java:logGet(43)) - raft.server.watch.timeout = 10s (default)
2019-06-14 12:34:09,014 INFO  server.RaftServerConfigKeys (ConfUtils.java:logGet(43)) - raft.server.watch.timeout.denomination = 1s (default)
2019-06-14 12:34:09,014 INFO  impl.RoleInfo (RoleInfo.java:updateAndGet(143)) - a2ab53ed-d387-47d9-b912-f37c336f0f6d: start LeaderState
2019-06-14 12:34:09,015 INFO  storage.RaftLogWorker (RaftLogWorker.java:startLogSegment(298)) - a2ab53ed-d387-47d9-b912-f37c336f0f6d-RaftLogWorker: Starting segment from index:0
2019-06-14 12:34:09,021 INFO  impl.RaftServerImpl (ServerState.java:setRaftConf(361)) - a2ab53ed-d387-47d9-b912-f37c336f0f6d:group-970C5788A49D set configuration 0: [a2ab53ed-d387-47d9-b912-f37c336f0f6d:192.168.105.183:35067], old=null at 0
2019-06-14 12:34:09,022 INFO  pipeline.PipelineStateManager (PipelineStateManager.java:addPipeline(56)) - Created pipeline Pipeline[ Id: 6d1ec2c9-e3cd-4221-8968-e17e1fb660ad, Nodes: 26129bf1-b4f2-40d3-a939-935ce4d55851{ip: 192.168.105.183, host: ozone-5z4sx-3769091767, networkLocation: /default-rack, certSerialId: null}, Type:RATIS, Factor:ONE, State:OPEN]
2019-06-14 12:34:09,088 INFO  ozone.MiniOzoneClusterImpl (MiniOzoneClusterImpl.java:lambda$waitForClusterToBeReady$0(142)) - Waiting for cluster to be ready. Got 6 of 7 DN Heartbeats.
2019-06-14 12:34:09,100 INFO  node.SCMNodeManager (SCMNodeManager.java:register(234)) - Registered Data node : 8a78062d-fd74-4d8d-8398-6e0f2174c136{ip: 192.168.105.183, host: ozone-5z4sx-3769091767, networkLocation: /default-rack, certSerialId: null}
2019-06-14 12:34:09,436 INFO  impl.FollowerState (FollowerState.java:run(101)) - 1c68e4b9-ac1a-45b7-b62a-ab3e40c93739:group-4DA3635C476A changes to CANDIDATE, lastRpcTime:1141, electionTimeout:1141ms
2019-06-14 12:34:09,436 INFO  impl.RoleInfo (RoleInfo.java:shutdownFollowerState(121)) - 1c68e4b9-ac1a-45b7-b62a-ab3e40c93739: shutdown FollowerState
2019-06-14 12:34:09,436 INFO  impl.RaftServerImpl (RaftServerImpl.java:setRole(164)) - 1c68e4b9-ac1a-45b7-b62a-ab3e40c93739:group-4DA3635C476A changes role from FOLLOWER to CANDIDATE at term 0 for changeToCandidate
2019-06-14 12:34:09,438 INFO  impl.RaftServerProxy (RaftServerProxy.java:addNew(89)) - 15665d71-759c-40dc-b311-4d2cd9ec9e4a: addNew group-A930EA0D316C:[15665d71-759c-40dc-b311-4d2cd9ec9e4a:192.168.105.183:35327] returns group-A930EA0D316C:java.util.concurrent.CompletableFuture@4d3aa761[Not completed]
2019-06-14 12:34:09,440 INFO  impl.RoleInfo (RoleInfo.java:updateAndGet(143)) - 1c68e4b9-ac1a-45b7-b62a-ab3e40c93739: start LeaderElection
2019-06-14 12:34:09,441 INFO  impl.RaftServerImpl (RaftServerImpl.java:<init>(91)) - 15665d71-759c-40dc-b311-4d2cd9ec9e4a: new RaftServerImpl for group-A930EA0D316C:[15665d71-759c-40dc-b311-4d2cd9ec9e4a:192.168.105.183:35327] with ContainerStateMachine:uninitialized
2019-06-14 12:34:09,442 INFO  server.RaftServerConfigKeys (ConfUtils.java:logGet(43)) - raft.server.rpc.timeout.min = 1s (custom)
2019-06-14 12:34:09,442 INFO  server.RaftServerConfigKeys (ConfUtils.java:logGet(43)) - raft.server.rpc.timeout.max = 1200ms (custom)
2019-06-14 12:34:09,442 INFO  server.RaftServerConfigKeys (ConfUtils.java:logGet(43)) - raft.server.rpcslowness.timeout = 120s (custom)
2019-06-14 12:34:09,442 INFO  server.RaftServerConfigKeys (ConfUtils.java:logGet(43)) - raft.server.log.appender.install.snapshot.enabled = true (default)
2019-06-14 12:34:09,442 INFO  impl.RaftServerImpl (ServerState.java:<init>(101)) - 15665d71-759c-40dc-b311-4d2cd9ec9e4a:group-A930EA0D316C ConfigurationManager, init=-1: [15665d71-759c-40dc-b311-4d2cd9ec9e4a:192.168.105.183:35327], old=null, confs=<EMPTY_MAP>
2019-06-14 12:34:09,442 INFO  server.RaftServerConfigKeys (ConfUtils.java:logGet(43)) - raft.server.storage.dir = [/opt/src/hadoop-ozone/integration-test/target/test-dir/MiniOzoneClusterImpl-de6618d7-845a-4ea7-aea0-d79b111cde80/datanode-5/data/ratis] (custom)
2019-06-14 12:34:09,442 INFO  storage.RaftStorageDirectory (RaftStorageDirectory.java:analyzeStorage(246)) - The storage directory /opt/src/hadoop-ozone/integration-test/target/test-dir/MiniOzoneClusterImpl-de6618d7-845a-4ea7-aea0-d79b111cde80/datanode-5/data/ratis/c98ec584-4df7-4ce1-9bee-a930ea0d316c does not exist. Creating ...
2019-06-14 12:34:09,499 INFO  storage.RaftLogWorker (RaftLogWorker.java:execute(469)) - a2ab53ed-d387-47d9-b912-f37c336f0f6d-RaftLogWorker: created new log segment /opt/src/hadoop-ozone/integration-test/target/test-dir/MiniOzoneClusterImpl-de6618d7-845a-4ea7-aea0-d79b111cde80/datanode-0/data/ratis/1d00d099-0948-430e-9953-970c5788a49d/current/log_inprogress_0
2019-06-14 12:34:09,499 INFO  impl.LeaderElection (LeaderElection.java:askForVotes(181)) - 1c68e4b9-ac1a-45b7-b62a-ab3e40c93739:group-4DA3635C476A:LeaderElection84: begin an election at term 1 for -1: [1c68e4b9-ac1a-45b7-b62a-ab3e40c93739:192.168.105.183:41035], old=null
2019-06-14 12:34:09,500 INFO  impl.RoleInfo (RoleInfo.java:shutdownLeaderElection(134)) - 1c68e4b9-ac1a-45b7-b62a-ab3e40c93739: shutdown LeaderElection
2019-06-14 12:34:09,500 INFO  impl.RaftServerImpl (RaftServerImpl.java:setRole(164)) - 1c68e4b9-ac1a-45b7-b62a-ab3e40c93739:group-4DA3635C476A changes role from CANDIDATE to LEADER at term 1 for changeToLeader
2019-06-14 12:34:09,500 INFO  storage.RaftStorageDirectory (RaftStorageDirectory.java:tryLock(328)) - Lock on /opt/src/hadoop-ozone/integration-test/target/test-dir/MiniOzoneClusterImpl-de6618d7-845a-4ea7-aea0-d79b111cde80/datanode-5/data/ratis/c98ec584-4df7-4ce1-9bee-a930ea0d316c/in_use.lock acquired by nodename 18973@ozone-5z4sx-3769091767
2019-06-14 12:34:09,500 INFO  impl.RaftServerImpl (ServerState.java:setLeader(263)) - 1c68e4b9-ac1a-45b7-b62a-ab3e40c93739:group-4DA3635C476A change Leader from null to 1c68e4b9-ac1a-45b7-b62a-ab3e40c93739 at term 1 for becomeLeader, leader elected after 1404ms
2019-06-14 12:34:09,500 INFO  server.RaftServerConfigKeys (ConfUtils.java:logGet(43)) - raft.server.staging.catchup.gap = 1000 (default)
2019-06-14 12:34:09,500 INFO  server.RaftServerConfigKeys (ConfUtils.java:logGet(43)) - raft.server.rpc.sleep.time = 25ms (default)
2019-06-14 12:34:09,500 INFO  server.RaftServerConfigKeys (ConfUtils.java:logGet(43)) - raft.server.watch.timeout = 10s (default)
2019-06-14 12:34:09,500 INFO  server.RaftServerConfigKeys (ConfUtils.java:logGet(43)) - raft.server.watch.timeout.denomination = 1s (default)
2019-06-14 12:34:09,501 INFO  impl.RoleInfo (RoleInfo.java:updateAndGet(143)) - 1c68e4b9-ac1a-45b7-b62a-ab3e40c93739: start LeaderState
2019-06-14 12:34:09,501 INFO  storage.RaftLogWorker (RaftLogWorker.java:startLogSegment(298)) - 1c68e4b9-ac1a-45b7-b62a-ab3e40c93739-RaftLogWorker: Starting segment from index:0
2019-06-14 12:34:09,501 INFO  impl.RaftServerImpl (ServerState.java:setRaftConf(361)) - 1c68e4b9-ac1a-45b7-b62a-ab3e40c93739:group-4DA3635C476A set configuration 0: [1c68e4b9-ac1a-45b7-b62a-ab3e40c93739:192.168.105.183:41035], old=null at 0
2019-06-14 12:34:09,527 INFO  storage.RaftStorage (RaftStorage.java:format(75)) - Storage directory /opt/src/hadoop-ozone/integration-test/target/test-dir/MiniOzoneClusterImpl-de6618d7-845a-4ea7-aea0-d79b111cde80/datanode-5/data/ratis/c98ec584-4df7-4ce1-9bee-a930ea0d316c has been successfully formatted.
2019-06-14 12:34:09,527 INFO  ratis.ContainerStateMachine (ContainerStateMachine.java:loadSnapshot(199)) - The snapshot info is null.Setting the last applied index to:(t:0, i:~)
2019-06-14 12:34:09,527 INFO  server.RaftServerConfigKeys (ConfUtils.java:logGet(43)) - raft.server.leader.election.timeout = 120s (custom)
2019-06-14 12:34:09,527 INFO  server.RaftServerConfigKeys (ConfUtils.java:logGet(43)) - raft.server.log.use.memory = false (default)
2019-06-14 12:34:09,527 INFO  server.RaftServerConfigKeys (ConfUtils.java:logGet(43)) - raft.server.log.appender.buffer.byte-limit = 33554432 (custom)
2019-06-14 12:34:09,528 INFO  server.RaftServerConfigKeys (ConfUtils.java:logGet(43)) - raft.server.log.segment.size.max = 16384 (custom)
2019-06-14 12:34:09,528 INFO  server.RaftServerConfigKeys (ConfUtils.java:logGet(43)) - raft.server.log.segment.cache.num.max = 2 (custom)
2019-06-14 12:34:09,528 INFO  storage.RaftLogWorker (RaftLogWorker.java:<init>(123)) - new 15665d71-759c-40dc-b311-4d2cd9ec9e4a-RaftLogWorker for Storage Directory /opt/src/hadoop-ozone/integration-test/target/test-dir/MiniOzoneClusterImpl-de6618d7-845a-4ea7-aea0-d79b111cde80/datanode-5/data/ratis/c98ec584-4df7-4ce1-9bee-a930ea0d316c
2019-06-14 12:34:09,528 INFO  server.RaftServerConfigKeys (ConfUtils.java:logGet(43)) - raft.server.log.queue.byte-limit = 2147483647 (custom)
2019-06-14 12:34:09,528 INFO  server.RaftServerConfigKeys (ConfUtils.java:logGet(43)) - raft.server.log.queue.element-limit = 1024 (custom)
2019-06-14 12:34:09,528 INFO  server.RaftServerConfigKeys (ConfUtils.java:logGet(43)) - raft.server.log.segment.size.max = 16384 (custom)
2019-06-14 12:34:09,528 INFO  server.RaftServerConfigKeys (ConfUtils.java:logGet(43)) - raft.server.log.preallocated.size = 16384 (custom)
2019-06-14 12:34:09,528 INFO  server.RaftServerConfigKeys (ConfUtils.java:logGet(43)) - raft.server.log.write.buffer.size = 33554432 (custom)
2019-06-14 12:34:09,528 INFO  server.RaftServerConfigKeys (ConfUtils.java:logGet(43)) - raft.server.log.force.sync.num = 128 (default)
2019-06-14 12:34:09,528 INFO  server.RaftServerConfigKeys (ConfUtils.java:logGet(43)) - raft.server.log.statemachine.data.sync = true (default)
2019-06-14 12:34:09,528 INFO  server.RaftServerConfigKeys (ConfUtils.java:logGet(43)) - raft.server.log.statemachine.data.sync.timeout = 10s (default)
2019-06-14 12:34:09,528 INFO  server.RaftServerConfigKeys (ConfUtils.java:logGet(43)) - raft.server.log.statemachine.data.sync.timeout.retry = -1 (default)
2019-06-14 12:34:09,529 INFO  server.RaftServerConfigKeys (ConfUtils.java:logGet(43)) - raft.server.log.statemachine.data.caching.enabled = true (custom)
2019-06-14 12:34:09,529 INFO  server.RaftServerConfigKeys (ConfUtils.java:logGet(43)) - raft.server.snapshot.auto.trigger.enabled = true (custom)
2019-06-14 12:34:09,529 INFO  server.RaftServerConfigKeys (ConfUtils.java:logGet(43)) - raft.server.snapshot.auto.trigger.threshold = 10000 (custom)
2019-06-14 12:34:09,529 INFO  server.RaftServerConfigKeys (ConfUtils.java:logGet(43)) - raft.server.retrycache.expirytime = 600000ms (custom)
2019-06-14 12:34:09,529 INFO  impl.RaftServerImpl (RaftServerImpl.java:start(173)) - 15665d71-759c-40dc-b311-4d2cd9ec9e4a: start group-A930EA0D316C
2019-06-14 12:34:09,529 INFO  impl.RaftServerImpl (RaftServerImpl.java:setRole(164)) - 15665d71-759c-40dc-b311-4d2cd9ec9e4a:group-A930EA0D316C changes role from null to FOLLOWER at term 0 for startAsFollower
2019-06-14 12:34:09,530 INFO  impl.RoleInfo (RoleInfo.java:updateAndGet(143)) - 15665d71-759c-40dc-b311-4d2cd9ec9e4a: start FollowerState
2019-06-14 12:34:09,530 INFO  util.JmxRegister (JmxRegister.java:tryRegister(44)) - Successfully registered JMX Bean with object name Ratis:service=RaftServer,group=group-A930EA0D316C,id=15665d71-759c-40dc-b311-4d2cd9ec9e4a
2019-06-14 12:34:09,533 INFO  pipeline.PipelineStateManager (PipelineStateManager.java:addPipeline(56)) - Created pipeline Pipeline[ Id: c98ec584-4df7-4ce1-9bee-a930ea0d316c, Nodes: 15665d71-759c-40dc-b311-4d2cd9ec9e4a{ip: 192.168.105.183, host: ozone-5z4sx-3769091767, networkLocation: /default-rack, certSerialId: null}, Type:RATIS, Factor:ONE, State:OPEN]
2019-06-14 12:34:09,545 INFO  impl.RaftServerProxy (RaftServerProxy.java:addNew(89)) - 8a78062d-fd74-4d8d-8398-6e0f2174c136: addNew group-D8497E15DCF4:[8a78062d-fd74-4d8d-8398-6e0f2174c136:192.168.105.183:45127] returns group-D8497E15DCF4:java.util.concurrent.CompletableFuture@3b9e0310[Not completed]
2019-06-14 12:34:09,546 INFO  impl.RaftServerImpl (RaftServerImpl.java:<init>(91)) - 8a78062d-fd74-4d8d-8398-6e0f2174c136: new RaftServerImpl for group-D8497E15DCF4:[8a78062d-fd74-4d8d-8398-6e0f2174c136:192.168.105.183:45127] with ContainerStateMachine:uninitialized
2019-06-14 12:34:09,546 INFO  server.RaftServerConfigKeys (ConfUtils.java:logGet(43)) - raft.server.rpc.timeout.min = 1s (custom)
2019-06-14 12:34:09,546 INFO  server.RaftServerConfigKeys (ConfUtils.java:logGet(43)) - raft.server.rpc.timeout.max = 1200ms (custom)
2019-06-14 12:34:09,546 INFO  server.RaftServerConfigKeys (ConfUtils.java:logGet(43)) - raft.server.rpcslowness.timeout = 120s (custom)
2019-06-14 12:34:09,546 INFO  server.RaftServerConfigKeys (ConfUtils.java:logGet(43)) - raft.server.log.appender.install.snapshot.enabled = true (default)
2019-06-14 12:34:09,546 INFO  impl.RaftServerImpl (ServerState.java:<init>(101)) - 8a78062d-fd74-4d8d-8398-6e0f2174c136:group-D8497E15DCF4 ConfigurationManager, init=-1: [8a78062d-fd74-4d8d-8398-6e0f2174c136:192.168.105.183:45127], old=null, confs=<EMPTY_MAP>
2019-06-14 12:34:09,546 INFO  server.RaftServerConfigKeys (ConfUtils.java:logGet(43)) - raft.server.storage.dir = [/opt/src/hadoop-ozone/integration-test/target/test-dir/MiniOzoneClusterImpl-de6618d7-845a-4ea7-aea0-d79b111cde80/datanode-6/data/ratis] (custom)
2019-06-14 12:34:09,546 INFO  storage.RaftStorageDirectory (RaftStorageDirectory.java:analyzeStorage(246)) - The storage directory /opt/src/hadoop-ozone/integration-test/target/test-dir/MiniOzoneClusterImpl-de6618d7-845a-4ea7-aea0-d79b111cde80/datanode-6/data/ratis/773df60b-9539-4baa-b2a6-d8497e15dcf4 does not exist. Creating ...
2019-06-14 12:34:09,571 INFO  storage.RaftStorageDirectory (RaftStorageDirectory.java:tryLock(328)) - Lock on /opt/src/hadoop-ozone/integration-test/target/test-dir/MiniOzoneClusterImpl-de6618d7-845a-4ea7-aea0-d79b111cde80/datanode-6/data/ratis/773df60b-9539-4baa-b2a6-d8497e15dcf4/in_use.lock acquired by nodename 18973@ozone-5z4sx-3769091767
2019-06-14 12:34:09,571 INFO  storage.RaftLogWorker (RaftLogWorker.java:execute(469)) - 1c68e4b9-ac1a-45b7-b62a-ab3e40c93739-RaftLogWorker: created new log segment /opt/src/hadoop-ozone/integration-test/target/test-dir/MiniOzoneClusterImpl-de6618d7-845a-4ea7-aea0-d79b111cde80/datanode-1/data/ratis/a240d9b3-bfad-46df-a48d-4da3635c476a/current/log_inprogress_0
2019-06-14 12:34:09,605 INFO  storage.RaftStorage (RaftStorage.java:format(75)) - Storage directory /opt/src/hadoop-ozone/integration-test/target/test-dir/MiniOzoneClusterImpl-de6618d7-845a-4ea7-aea0-d79b111cde80/datanode-6/data/ratis/773df60b-9539-4baa-b2a6-d8497e15dcf4 has been successfully formatted.
2019-06-14 12:34:09,606 INFO  ratis.ContainerStateMachine (ContainerStateMachine.java:loadSnapshot(199)) - The snapshot info is null.Setting the last applied index to:(t:0, i:~)
2019-06-14 12:34:09,606 INFO  server.RaftServerConfigKeys (ConfUtils.java:logGet(43)) - raft.server.leader.election.timeout = 120s (custom)
2019-06-14 12:34:09,606 INFO  server.RaftServerConfigKeys (ConfUtils.java:logGet(43)) - raft.server.log.use.memory = false (default)
2019-06-14 12:34:09,606 INFO  server.RaftServerConfigKeys (ConfUtils.java:logGet(43)) - raft.server.log.appender.buffer.byte-limit = 33554432 (custom)
2019-06-14 12:34:09,606 INFO  server.RaftServerConfigKeys (ConfUtils.java:logGet(43)) - raft.server.log.segment.size.max = 16384 (custom)
2019-06-14 12:34:09,606 INFO  server.RaftServerConfigKeys (ConfUtils.java:logGet(43)) - raft.server.log.segment.cache.num.max = 2 (custom)
2019-06-14 12:34:09,606 INFO  storage.RaftLogWorker (RaftLogWorker.java:<init>(123)) - new 8a78062d-fd74-4d8d-8398-6e0f2174c136-RaftLogWorker for Storage Directory /opt/src/hadoop-ozone/integration-test/target/test-dir/MiniOzoneClusterImpl-de6618d7-845a-4ea7-aea0-d79b111cde80/datanode-6/data/ratis/773df60b-9539-4baa-b2a6-d8497e15dcf4
2019-06-14 12:34:09,607 INFO  server.RaftServerConfigKeys (ConfUtils.java:logGet(43)) - raft.server.log.queue.byte-limit = 2147483647 (custom)
2019-06-14 12:34:09,607 INFO  server.RaftServerConfigKeys (ConfUtils.java:logGet(43)) - raft.server.log.queue.element-limit = 1024 (custom)
2019-06-14 12:34:09,607 INFO  server.RaftServerConfigKeys (ConfUtils.java:logGet(43)) - raft.server.log.segment.size.max = 16384 (custom)
2019-06-14 12:34:09,607 INFO  server.RaftServerConfigKeys (ConfUtils.java:logGet(43)) - raft.server.log.preallocated.size = 16384 (custom)
2019-06-14 12:34:09,607 INFO  server.RaftServerConfigKeys (ConfUtils.java:logGet(43)) - raft.server.log.write.buffer.size = 33554432 (custom)
2019-06-14 12:34:09,607 INFO  server.RaftServerConfigKeys (ConfUtils.java:logGet(43)) - raft.server.log.force.sync.num = 128 (default)
2019-06-14 12:34:09,607 INFO  server.RaftServerConfigKeys (ConfUtils.java:logGet(43)) - raft.server.log.statemachine.data.sync = true (default)
2019-06-14 12:34:09,607 INFO  server.RaftServerConfigKeys (ConfUtils.java:logGet(43)) - raft.server.log.statemachine.data.sync.timeout = 10s (default)
2019-06-14 12:34:09,607 INFO  server.RaftServerConfigKeys (ConfUtils.java:logGet(43)) - raft.server.log.statemachine.data.sync.timeout.retry = -1 (default)
2019-06-14 12:34:09,607 INFO  server.RaftServerConfigKeys (ConfUtils.java:logGet(43)) - raft.server.log.statemachine.data.caching.enabled = true (custom)
2019-06-14 12:34:09,609 INFO  server.RaftServerConfigKeys (ConfUtils.java:logGet(43)) - raft.server.snapshot.auto.trigger.enabled = true (custom)
2019-06-14 12:34:09,609 INFO  server.RaftServerConfigKeys (ConfUtils.java:logGet(43)) - raft.server.snapshot.auto.trigger.threshold = 10000 (custom)
2019-06-14 12:34:09,609 INFO  server.RaftServerConfigKeys (ConfUtils.java:logGet(43)) - raft.server.retrycache.expirytime = 600000ms (custom)
2019-06-14 12:34:09,609 INFO  impl.RaftServerImpl (RaftServerImpl.java:start(173)) - 8a78062d-fd74-4d8d-8398-6e0f2174c136: start group-D8497E15DCF4
2019-06-14 12:34:09,609 INFO  impl.RaftServerImpl (RaftServerImpl.java:setRole(164)) - 8a78062d-fd74-4d8d-8398-6e0f2174c136:group-D8497E15DCF4 changes role from null to FOLLOWER at term 0 for startAsFollower
2019-06-14 12:34:09,610 INFO  impl.RoleInfo (RoleInfo.java:updateAndGet(143)) - 8a78062d-fd74-4d8d-8398-6e0f2174c136: start FollowerState
2019-06-14 12:34:09,611 INFO  util.JmxRegister (JmxRegister.java:tryRegister(44)) - Successfully registered JMX Bean with object name Ratis:service=RaftServer,group=group-D8497E15DCF4,id=8a78062d-fd74-4d8d-8398-6e0f2174c136
2019-06-14 12:34:09,619 INFO  pipeline.PipelineStateManager (PipelineStateManager.java:addPipeline(56)) - Created pipeline Pipeline[ Id: 773df60b-9539-4baa-b2a6-d8497e15dcf4, Nodes: 8a78062d-fd74-4d8d-8398-6e0f2174c136{ip: 192.168.105.183, host: ozone-5z4sx-3769091767, networkLocation: /default-rack, certSerialId: null}, Type:RATIS, Factor:ONE, State:OPEN]
2019-06-14 12:34:09,624 INFO  impl.RaftServerProxy (RaftServerProxy.java:addNew(89)) - aa8d3922-a174-46e3-9d17-8a82506be54b: addNew group-C148317CA052:[aa8d3922-a174-46e3-9d17-8a82506be54b:192.168.105.183:33459] returns group-C148317CA052:java.util.concurrent.CompletableFuture@35ba3745[Not completed]
2019-06-14 12:34:09,624 INFO  impl.RaftServerImpl (RaftServerImpl.java:<init>(91)) - aa8d3922-a174-46e3-9d17-8a82506be54b: new RaftServerImpl for group-C148317CA052:[aa8d3922-a174-46e3-9d17-8a82506be54b:192.168.105.183:33459] with ContainerStateMachine:uninitialized
2019-06-14 12:34:09,624 INFO  server.RaftServerConfigKeys (ConfUtils.java:logGet(43)) - raft.server.rpc.timeout.min = 1s (custom)
2019-06-14 12:34:09,624 INFO  server.RaftServerConfigKeys (ConfUtils.java:logGet(43)) - raft.server.rpc.timeout.max = 1200ms (custom)
2019-06-14 12:34:09,624 INFO  server.RaftServerConfigKeys (ConfUtils.java:logGet(43)) - raft.server.rpcslowness.timeout = 120s (custom)
2019-06-14 12:34:09,624 INFO  server.RaftServerConfigKeys (ConfUtils.java:logGet(43)) - raft.server.log.appender.install.snapshot.enabled = true (default)
2019-06-14 12:34:09,624 INFO  impl.RaftServerImpl (ServerState.java:<init>(101)) - aa8d3922-a174-46e3-9d17-8a82506be54b:group-C148317CA052 ConfigurationManager, init=-1: [aa8d3922-a174-46e3-9d17-8a82506be54b:192.168.105.183:33459], old=null, confs=<EMPTY_MAP>
2019-06-14 12:34:09,624 INFO  server.RaftServerConfigKeys (ConfUtils.java:logGet(43)) - raft.server.storage.dir = [/opt/src/hadoop-ozone/integration-test/target/test-dir/MiniOzoneClusterImpl-de6618d7-845a-4ea7-aea0-d79b111cde80/datanode-4/data/ratis] (custom)
2019-06-14 12:34:09,625 INFO  storage.RaftStorageDirectory (RaftStorageDirectory.java:analyzeStorage(246)) - The storage directory /opt/src/hadoop-ozone/integration-test/target/test-dir/MiniOzoneClusterImpl-de6618d7-845a-4ea7-aea0-d79b111cde80/datanode-4/data/ratis/565735ce-d73c-41c8-bd07-c148317ca052 does not exist. Creating ...
2019-06-14 12:34:09,658 INFO  storage.RaftStorageDirectory (RaftStorageDirectory.java:tryLock(328)) - Lock on /opt/src/hadoop-ozone/integration-test/target/test-dir/MiniOzoneClusterImpl-de6618d7-845a-4ea7-aea0-d79b111cde80/datanode-4/data/ratis/565735ce-d73c-41c8-bd07-c148317ca052/in_use.lock acquired by nodename 18973@ozone-5z4sx-3769091767
2019-06-14 12:34:09,696 INFO  impl.FollowerState (FollowerState.java:run(101)) - 808667aa-de5f-452e-a41f-5212f0378554:group-6800D4CFFB35 changes to CANDIDATE, lastRpcTime:1179, electionTimeout:1179ms
2019-06-14 12:34:09,696 INFO  impl.RoleInfo (RoleInfo.java:shutdownFollowerState(121)) - 808667aa-de5f-452e-a41f-5212f0378554: shutdown FollowerState
2019-06-14 12:34:09,696 INFO  impl.RaftServerImpl (RaftServerImpl.java:setRole(164)) - 808667aa-de5f-452e-a41f-5212f0378554:group-6800D4CFFB35 changes role from FOLLOWER to CANDIDATE at term 0 for changeToCandidate
2019-06-14 12:34:09,696 INFO  impl.RoleInfo (RoleInfo.java:updateAndGet(143)) - 808667aa-de5f-452e-a41f-5212f0378554: start LeaderElection
2019-06-14 12:34:09,736 INFO  storage.RaftStorage (RaftStorage.java:format(75)) - Storage directory /opt/src/hadoop-ozone/integration-test/target/test-dir/MiniOzoneClusterImpl-de6618d7-845a-4ea7-aea0-d79b111cde80/datanode-4/data/ratis/565735ce-d73c-41c8-bd07-c148317ca052 has been successfully formatted.
2019-06-14 12:34:09,736 INFO  ratis.ContainerStateMachine (ContainerStateMachine.java:loadSnapshot(199)) - The snapshot info is null.Setting the last applied index to:(t:0, i:~)
2019-06-14 12:34:09,736 INFO  server.RaftServerConfigKeys (ConfUtils.java:logGet(43)) - raft.server.leader.election.timeout = 120s (custom)
2019-06-14 12:34:09,736 INFO  server.RaftServerConfigKeys (ConfUtils.java:logGet(43)) - raft.server.log.use.memory = false (default)
2019-06-14 12:34:09,736 INFO  server.RaftServerConfigKeys (ConfUtils.java:logGet(43)) - raft.server.log.appender.buffer.byte-limit = 33554432 (custom)
2019-06-14 12:34:09,736 INFO  server.RaftServerConfigKeys (ConfUtils.java:logGet(43)) - raft.server.log.segment.size.max = 16384 (custom)
2019-06-14 12:34:09,737 INFO  server.RaftServerConfigKeys (ConfUtils.java:logGet(43)) - raft.server.log.segment.cache.num.max = 2 (custom)
2019-06-14 12:34:09,737 INFO  storage.RaftLogWorker (RaftLogWorker.java:<init>(123)) - new aa8d3922-a174-46e3-9d17-8a82506be54b-RaftLogWorker for Storage Directory /opt/src/hadoop-ozone/integration-test/target/test-dir/MiniOzoneClusterImpl-de6618d7-845a-4ea7-aea0-d79b111cde80/datanode-4/data/ratis/565735ce-d73c-41c8-bd07-c148317ca052
2019-06-14 12:34:09,737 INFO  server.RaftServerConfigKeys (ConfUtils.java:logGet(43)) - raft.server.log.queue.byte-limit = 2147483647 (custom)
2019-06-14 12:34:09,737 INFO  server.RaftServerConfigKeys (ConfUtils.java:logGet(43)) - raft.server.log.queue.element-limit = 1024 (custom)
2019-06-14 12:34:09,737 INFO  server.RaftServerConfigKeys (ConfUtils.java:logGet(43)) - raft.server.log.segment.size.max = 16384 (custom)
2019-06-14 12:34:09,737 INFO  server.RaftServerConfigKeys (ConfUtils.java:logGet(43)) - raft.server.log.preallocated.size = 16384 (custom)
2019-06-14 12:34:09,737 INFO  server.RaftServerConfigKeys (ConfUtils.java:logGet(43)) - raft.server.log.write.buffer.size = 33554432 (custom)
2019-06-14 12:34:09,737 INFO  server.RaftServerConfigKeys (ConfUtils.java:logGet(43)) - raft.server.log.force.sync.num = 128 (default)
2019-06-14 12:34:09,737 INFO  server.RaftServerConfigKeys (ConfUtils.java:logGet(43)) - raft.server.log.statemachine.data.sync = true (default)
2019-06-14 12:34:09,737 INFO  server.RaftServerConfigKeys (ConfUtils.java:logGet(43)) - raft.server.log.statemachine.data.sync.timeout = 10s (default)
2019-06-14 12:34:09,737 INFO  server.RaftServerConfigKeys (ConfUtils.java:logGet(43)) - raft.server.log.statemachine.data.sync.timeout.retry = -1 (default)
2019-06-14 12:34:09,737 INFO  server.RaftServerConfigKeys (ConfUtils.java:logGet(43)) - raft.server.log.statemachine.data.caching.enabled = true (custom)
2019-06-14 12:34:09,737 INFO  server.RaftServerConfigKeys (ConfUtils.java:logGet(43)) - raft.server.snapshot.auto.trigger.enabled = true (custom)
2019-06-14 12:34:09,738 INFO  server.RaftServerConfigKeys (ConfUtils.java:logGet(43)) - raft.server.snapshot.auto.trigger.threshold = 10000 (custom)
2019-06-14 12:34:09,738 INFO  server.RaftServerConfigKeys (ConfUtils.java:logGet(43)) - raft.server.retrycache.expirytime = 600000ms (custom)
2019-06-14 12:34:09,738 INFO  impl.RaftServerImpl (RaftServerImpl.java:start(173)) - aa8d3922-a174-46e3-9d17-8a82506be54b: start group-C148317CA052
2019-06-14 12:34:09,738 INFO  impl.RaftServerImpl (RaftServerImpl.java:setRole(164)) - aa8d3922-a174-46e3-9d17-8a82506be54b:group-C148317CA052 changes role from null to FOLLOWER at term 0 for startAsFollower
2019-06-14 12:34:09,738 INFO  impl.RoleInfo (RoleInfo.java:updateAndGet(143)) - aa8d3922-a174-46e3-9d17-8a82506be54b: start FollowerState
2019-06-14 12:34:09,738 INFO  util.JmxRegister (JmxRegister.java:tryRegister(44)) - Successfully registered JMX Bean with object name Ratis:service=RaftServer,group=group-C148317CA052,id=aa8d3922-a174-46e3-9d17-8a82506be54b
2019-06-14 12:34:09,740 INFO  pipeline.PipelineStateManager (PipelineStateManager.java:addPipeline(56)) - Created pipeline Pipeline[ Id: 565735ce-d73c-41c8-bd07-c148317ca052, Nodes: aa8d3922-a174-46e3-9d17-8a82506be54b{ip: 192.168.105.183, host: ozone-5z4sx-3769091767, networkLocation: /default-rack, certSerialId: null}, Type:RATIS, Factor:ONE, State:OPEN]
2019-06-14 12:34:09,751 INFO  impl.RaftServerProxy (RaftServerProxy.java:addNew(89)) - a2ab53ed-d387-47d9-b912-f37c336f0f6d: addNew group-4B264B6E65DA:[808667aa-de5f-452e-a41f-5212f0378554:192.168.105.183:33039, 26129bf1-b4f2-40d3-a939-935ce4d55851:192.168.105.183:42751, a2ab53ed-d387-47d9-b912-f37c336f0f6d:192.168.105.183:35067] returns group-4B264B6E65DA:java.util.concurrent.CompletableFuture@30bef938[Not completed]
2019-06-14 12:34:09,751 INFO  impl.RaftServerProxy (RaftServerProxy.java:addNew(89)) - 26129bf1-b4f2-40d3-a939-935ce4d55851: addNew group-4B264B6E65DA:[808667aa-de5f-452e-a41f-5212f0378554:192.168.105.183:33039, 26129bf1-b4f2-40d3-a939-935ce4d55851:192.168.105.183:42751, a2ab53ed-d387-47d9-b912-f37c336f0f6d:192.168.105.183:35067] returns group-4B264B6E65DA:java.util.concurrent.CompletableFuture@20e5c142[Not completed]
2019-06-14 12:34:09,752 INFO  impl.RaftServerImpl (RaftServerImpl.java:<init>(91)) - a2ab53ed-d387-47d9-b912-f37c336f0f6d: new RaftServerImpl for group-4B264B6E65DA:[808667aa-de5f-452e-a41f-5212f0378554:192.168.105.183:33039, 26129bf1-b4f2-40d3-a939-935ce4d55851:192.168.105.183:42751, a2ab53ed-d387-47d9-b912-f37c336f0f6d:192.168.105.183:35067] with ContainerStateMachine:uninitialized
2019-06-14 12:34:09,752 INFO  server.RaftServerConfigKeys (ConfUtils.java:logGet(43)) - raft.server.rpc.timeout.min = 1s (custom)
2019-06-14 12:34:09,752 INFO  server.RaftServerConfigKeys (ConfUtils.java:logGet(43)) - raft.server.rpc.timeout.max = 1200ms (custom)
2019-06-14 12:34:09,752 INFO  server.RaftServerConfigKeys (ConfUtils.java:logGet(43)) - raft.server.rpcslowness.timeout = 120s (custom)
2019-06-14 12:34:09,752 INFO  server.RaftServerConfigKeys (ConfUtils.java:logGet(43)) - raft.server.log.appender.install.snapshot.enabled = true (default)
2019-06-14 12:34:09,752 INFO  impl.RaftServerImpl (RaftServerImpl.java:<init>(91)) - 26129bf1-b4f2-40d3-a939-935ce4d55851: new RaftServerImpl for group-4B264B6E65DA:[808667aa-de5f-452e-a41f-5212f0378554:192.168.105.183:33039, 26129bf1-b4f2-40d3-a939-935ce4d55851:192.168.105.183:42751, a2ab53ed-d387-47d9-b912-f37c336f0f6d:192.168.105.183:35067] with ContainerStateMachine:uninitialized
2019-06-14 12:34:09,752 INFO  server.RaftServerConfigKeys (ConfUtils.java:logGet(43)) - raft.server.rpc.timeout.min = 1s (custom)
2019-06-14 12:34:09,752 INFO  server.RaftServerConfigKeys (ConfUtils.java:logGet(43)) - raft.server.rpc.timeout.max = 1200ms (custom)
2019-06-14 12:34:09,752 INFO  server.RaftServerConfigKeys (ConfUtils.java:logGet(43)) - raft.server.rpcslowness.timeout = 120s (custom)
2019-06-14 12:34:09,752 INFO  impl.RaftServerImpl (RaftServerImpl.java:<init>(91)) - 808667aa-de5f-452e-a41f-5212f0378554: new RaftServerImpl for group-4B264B6E65DA:[808667aa-de5f-452e-a41f-5212f0378554:192.168.105.183:33039, 26129bf1-b4f2-40d3-a939-935ce4d55851:192.168.105.183:42751, a2ab53ed-d387-47d9-b912-f37c336f0f6d:192.168.105.183:35067] with ContainerStateMachine:uninitialized
2019-06-14 12:34:09,752 INFO  server.RaftServerConfigKeys (ConfUtils.java:logGet(43)) - raft.server.rpc.timeout.min = 1s (custom)
2019-06-14 12:34:09,753 INFO  server.RaftServerConfigKeys (ConfUtils.java:logGet(43)) - raft.server.rpc.timeout.max = 1200ms (custom)
2019-06-14 12:34:09,753 INFO  server.RaftServerConfigKeys (ConfUtils.java:logGet(43)) - raft.server.rpcslowness.timeout = 120s (custom)
2019-06-14 12:34:09,753 INFO  server.RaftServerConfigKeys (ConfUtils.java:logGet(43)) - raft.server.log.appender.install.snapshot.enabled = true (default)
2019-06-14 12:34:09,753 INFO  impl.RaftServerImpl (ServerState.java:<init>(101)) - 808667aa-de5f-452e-a41f-5212f0378554:group-4B264B6E65DA ConfigurationManager, init=-1: [808667aa-de5f-452e-a41f-5212f0378554:192.168.105.183:33039, 26129bf1-b4f2-40d3-a939-935ce4d55851:192.168.105.183:42751, a2ab53ed-d387-47d9-b912-f37c336f0f6d:192.168.105.183:35067], old=null, confs=<EMPTY_MAP>
2019-06-14 12:34:09,753 INFO  server.RaftServerConfigKeys (ConfUtils.java:logGet(43)) - raft.server.storage.dir = [/opt/src/hadoop-ozone/integration-test/target/test-dir/MiniOzoneClusterImpl-de6618d7-845a-4ea7-aea0-d79b111cde80/datanode-2/data/ratis] (custom)
2019-06-14 12:34:09,753 INFO  storage.RaftStorageDirectory (RaftStorageDirectory.java:analyzeStorage(246)) - The storage directory /opt/src/hadoop-ozone/integration-test/target/test-dir/MiniOzoneClusterImpl-de6618d7-845a-4ea7-aea0-d79b111cde80/datanode-2/data/ratis/c4b39a86-3d63-475f-ab57-4b264b6e65da does not exist. Creating ...
2019-06-14 12:34:09,752 INFO  impl.RaftServerImpl (ServerState.java:<init>(101)) - a2ab53ed-d387-47d9-b912-f37c336f0f6d:group-4B264B6E65DA ConfigurationManager, init=-1: [808667aa-de5f-452e-a41f-5212f0378554:192.168.105.183:33039, 26129bf1-b4f2-40d3-a939-935ce4d55851:192.168.105.183:42751, a2ab53ed-d387-47d9-b912-f37c336f0f6d:192.168.105.183:35067], old=null, confs=<EMPTY_MAP>
2019-06-14 12:34:09,752 INFO  server.RaftServerConfigKeys (ConfUtils.java:logGet(43)) - raft.server.log.appender.install.snapshot.enabled = true (default)
2019-06-14 12:34:09,752 INFO  impl.RaftServerProxy (RaftServerProxy.java:addNew(89)) - 808667aa-de5f-452e-a41f-5212f0378554: addNew group-4B264B6E65DA:[808667aa-de5f-452e-a41f-5212f0378554:192.168.105.183:33039, 26129bf1-b4f2-40d3-a939-935ce4d55851:192.168.105.183:42751, a2ab53ed-d387-47d9-b912-f37c336f0f6d:192.168.105.183:35067] returns group-4B264B6E65DA:java.util.concurrent.CompletableFuture@449a52dd[Not completed]
2019-06-14 12:34:09,754 INFO  impl.RaftServerImpl (ServerState.java:<init>(101)) - 26129bf1-b4f2-40d3-a939-935ce4d55851:group-4B264B6E65DA ConfigurationManager, init=-1: [808667aa-de5f-452e-a41f-5212f0378554:192.168.105.183:33039, 26129bf1-b4f2-40d3-a939-935ce4d55851:192.168.105.183:42751, a2ab53ed-d387-47d9-b912-f37c336f0f6d:192.168.105.183:35067], old=null, confs=<EMPTY_MAP>
2019-06-14 12:34:09,753 INFO  server.RaftServerConfigKeys (ConfUtils.java:logGet(43)) - raft.server.storage.dir = [/opt/src/hadoop-ozone/integration-test/target/test-dir/MiniOzoneClusterImpl-de6618d7-845a-4ea7-aea0-d79b111cde80/datanode-0/data/ratis] (custom)
2019-06-14 12:34:09,754 INFO  storage.RaftStorageDirectory (RaftStorageDirectory.java:analyzeStorage(246)) - The storage directory /opt/src/hadoop-ozone/integration-test/target/test-dir/MiniOzoneClusterImpl-de6618d7-845a-4ea7-aea0-d79b111cde80/datanode-0/data/ratis/c4b39a86-3d63-475f-ab57-4b264b6e65da does not exist. Creating ...
2019-06-14 12:34:09,754 INFO  server.RaftServerConfigKeys (ConfUtils.java:logGet(43)) - raft.server.storage.dir = [/opt/src/hadoop-ozone/integration-test/target/test-dir/MiniOzoneClusterImpl-de6618d7-845a-4ea7-aea0-d79b111cde80/datanode-3/data/ratis] (custom)
2019-06-14 12:34:09,754 INFO  storage.RaftStorageDirectory (RaftStorageDirectory.java:analyzeStorage(246)) - The storage directory /opt/src/hadoop-ozone/integration-test/target/test-dir/MiniOzoneClusterImpl-de6618d7-845a-4ea7-aea0-d79b111cde80/datanode-3/data/ratis/c4b39a86-3d63-475f-ab57-4b264b6e65da does not exist. Creating ...
2019-06-14 12:34:09,756 INFO  impl.LeaderElection (LeaderElection.java:askForVotes(181)) - 808667aa-de5f-452e-a41f-5212f0378554:group-6800D4CFFB35:LeaderElection85: begin an election at term 1 for -1: [808667aa-de5f-452e-a41f-5212f0378554:192.168.105.183:33039], old=null
2019-06-14 12:34:09,756 INFO  impl.RoleInfo (RoleInfo.java:shutdownLeaderElection(134)) - 808667aa-de5f-452e-a41f-5212f0378554: shutdown LeaderElection
2019-06-14 12:34:09,757 INFO  impl.RaftServerImpl (RaftServerImpl.java:setRole(164)) - 808667aa-de5f-452e-a41f-5212f0378554:group-6800D4CFFB35 changes role from CANDIDATE to LEADER at term 1 for changeToLeader
2019-06-14 12:34:09,757 INFO  impl.RaftServerImpl (ServerState.java:setLeader(263)) - 808667aa-de5f-452e-a41f-5212f0378554:group-6800D4CFFB35 change Leader from null to 808667aa-de5f-452e-a41f-5212f0378554 at term 1 for becomeLeader, leader elected after 1244ms
2019-06-14 12:34:09,757 INFO  server.RaftServerConfigKeys (ConfUtils.java:logGet(43)) - raft.server.staging.catchup.gap = 1000 (default)
2019-06-14 12:34:09,757 INFO  server.RaftServerConfigKeys (ConfUtils.java:logGet(43)) - raft.server.rpc.sleep.time = 25ms (default)
2019-06-14 12:34:09,757 INFO  server.RaftServerConfigKeys (ConfUtils.java:logGet(43)) - raft.server.watch.timeout = 10s (default)
2019-06-14 12:34:09,757 INFO  server.RaftServerConfigKeys (ConfUtils.java:logGet(43)) - raft.server.watch.timeout.denomination = 1s (default)
2019-06-14 12:34:09,757 INFO  impl.RoleInfo (RoleInfo.java:updateAndGet(143)) - 808667aa-de5f-452e-a41f-5212f0378554: start LeaderState
2019-06-14 12:34:09,757 INFO  storage.RaftLogWorker (RaftLogWorker.java:startLogSegment(298)) - 808667aa-de5f-452e-a41f-5212f0378554-RaftLogWorker: Starting segment from index:0
2019-06-14 12:34:09,765 INFO  impl.RaftServerImpl (ServerState.java:setRaftConf(361)) - 808667aa-de5f-452e-a41f-5212f0378554:group-6800D4CFFB35 set configuration 0: [808667aa-de5f-452e-a41f-5212f0378554:192.168.105.183:33039], old=null at 0
2019-06-14 12:34:09,775 INFO  storage.RaftStorageDirectory (RaftStorageDirectory.java:tryLock(328)) - Lock on /opt/src/hadoop-ozone/integration-test/target/test-dir/MiniOzoneClusterImpl-de6618d7-845a-4ea7-aea0-d79b111cde80/datanode-2/data/ratis/c4b39a86-3d63-475f-ab57-4b264b6e65da/in_use.lock acquired by nodename 18973@ozone-5z4sx-3769091767
2019-06-14 12:34:09,776 INFO  storage.RaftStorageDirectory (RaftStorageDirectory.java:tryLock(328)) - Lock on /opt/src/hadoop-ozone/integration-test/target/test-dir/MiniOzoneClusterImpl-de6618d7-845a-4ea7-aea0-d79b111cde80/datanode-0/data/ratis/c4b39a86-3d63-475f-ab57-4b264b6e65da/in_use.lock acquired by nodename 18973@ozone-5z4sx-3769091767
2019-06-14 12:34:09,777 INFO  storage.RaftStorageDirectory (RaftStorageDirectory.java:tryLock(328)) - Lock on /opt/src/hadoop-ozone/integration-test/target/test-dir/MiniOzoneClusterImpl-de6618d7-845a-4ea7-aea0-d79b111cde80/datanode-3/data/ratis/c4b39a86-3d63-475f-ab57-4b264b6e65da/in_use.lock acquired by nodename 18973@ozone-5z4sx-3769091767
2019-06-14 12:34:09,870 INFO  storage.RaftStorage (RaftStorage.java:format(75)) - Storage directory /opt/src/hadoop-ozone/integration-test/target/test-dir/MiniOzoneClusterImpl-de6618d7-845a-4ea7-aea0-d79b111cde80/datanode-2/data/ratis/c4b39a86-3d63-475f-ab57-4b264b6e65da has been successfully formatted.
2019-06-14 12:34:09,871 INFO  storage.RaftLogWorker (RaftLogWorker.java:execute(469)) - 808667aa-de5f-452e-a41f-5212f0378554-RaftLogWorker: created new log segment /opt/src/hadoop-ozone/integration-test/target/test-dir/MiniOzoneClusterImpl-de6618d7-845a-4ea7-aea0-d79b111cde80/datanode-2/data/ratis/6b47b6c5-fe68-4b27-9de4-6800d4cffb35/current/log_inprogress_0
2019-06-14 12:34:09,871 INFO  storage.RaftStorage (RaftStorage.java:format(75)) - Storage directory /opt/src/hadoop-ozone/integration-test/target/test-dir/MiniOzoneClusterImpl-de6618d7-845a-4ea7-aea0-d79b111cde80/datanode-3/data/ratis/c4b39a86-3d63-475f-ab57-4b264b6e65da has been successfully formatted.
2019-06-14 12:34:09,870 INFO  storage.RaftStorage (RaftStorage.java:format(75)) - Storage directory /opt/src/hadoop-ozone/integration-test/target/test-dir/MiniOzoneClusterImpl-de6618d7-845a-4ea7-aea0-d79b111cde80/datanode-0/data/ratis/c4b39a86-3d63-475f-ab57-4b264b6e65da has been successfully formatted.
2019-06-14 12:34:09,871 INFO  ratis.ContainerStateMachine (ContainerStateMachine.java:loadSnapshot(199)) - The snapshot info is null.Setting the last applied index to:(t:0, i:~)
2019-06-14 12:34:09,872 INFO  ratis.ContainerStateMachine (ContainerStateMachine.java:loadSnapshot(199)) - The snapshot info is null.Setting the last applied index to:(t:0, i:~)
2019-06-14 12:34:09,872 INFO  server.RaftServerConfigKeys (ConfUtils.java:logGet(43)) - raft.server.leader.election.timeout = 120s (custom)
2019-06-14 12:34:09,872 INFO  server.RaftServerConfigKeys (ConfUtils.java:logGet(43)) - raft.server.log.use.memory = false (default)
2019-06-14 12:34:09,872 INFO  server.RaftServerConfigKeys (ConfUtils.java:logGet(43)) - raft.server.log.appender.buffer.byte-limit = 33554432 (custom)
2019-06-14 12:34:09,872 INFO  server.RaftServerConfigKeys (ConfUtils.java:logGet(43)) - raft.server.log.segment.size.max = 16384 (custom)
2019-06-14 12:34:09,872 INFO  server.RaftServerConfigKeys (ConfUtils.java:logGet(43)) - raft.server.log.segment.cache.num.max = 2 (custom)
2019-06-14 12:34:09,872 INFO  storage.RaftLogWorker (RaftLogWorker.java:<init>(123)) - new 808667aa-de5f-452e-a41f-5212f0378554-RaftLogWorker for Storage Directory /opt/src/hadoop-ozone/integration-test/target/test-dir/MiniOzoneClusterImpl-de6618d7-845a-4ea7-aea0-d79b111cde80/datanode-2/data/ratis/c4b39a86-3d63-475f-ab57-4b264b6e65da
2019-06-14 12:34:09,872 INFO  server.RaftServerConfigKeys (ConfUtils.java:logGet(43)) - raft.server.log.queue.byte-limit = 2147483647 (custom)
2019-06-14 12:34:09,872 INFO  server.RaftServerConfigKeys (ConfUtils.java:logGet(43)) - raft.server.log.queue.element-limit = 1024 (custom)
2019-06-14 12:34:09,872 INFO  server.RaftServerConfigKeys (ConfUtils.java:logGet(43)) - raft.server.log.segment.size.max = 16384 (custom)
2019-06-14 12:34:09,873 INFO  server.RaftServerConfigKeys (ConfUtils.java:logGet(43)) - raft.server.log.preallocated.size = 16384 (custom)
2019-06-14 12:34:09,873 INFO  server.RaftServerConfigKeys (ConfUtils.java:logGet(43)) - raft.server.log.write.buffer.size = 33554432 (custom)
2019-06-14 12:34:09,873 INFO  server.RaftServerConfigKeys (ConfUtils.java:logGet(43)) - raft.server.log.force.sync.num = 128 (default)
2019-06-14 12:34:09,873 INFO  server.RaftServerConfigKeys (ConfUtils.java:logGet(43)) - raft.server.log.statemachine.data.sync = true (default)
2019-06-14 12:34:09,873 INFO  server.RaftServerConfigKeys (ConfUtils.java:logGet(43)) - raft.server.log.statemachine.data.sync.timeout = 10s (default)
2019-06-14 12:34:09,873 INFO  server.RaftServerConfigKeys (ConfUtils.java:logGet(43)) - raft.server.log.statemachine.data.sync.timeout.retry = -1 (default)
2019-06-14 12:34:09,873 INFO  server.RaftServerConfigKeys (ConfUtils.java:logGet(43)) - raft.server.log.statemachine.data.caching.enabled = true (custom)
2019-06-14 12:34:09,872 INFO  server.RaftServerConfigKeys (ConfUtils.java:logGet(43)) - raft.server.leader.election.timeout = 120s (custom)
2019-06-14 12:34:09,873 INFO  server.RaftServerConfigKeys (ConfUtils.java:logGet(43)) - raft.server.snapshot.auto.trigger.enabled = true (custom)
2019-06-14 12:34:09,874 INFO  server.RaftServerConfigKeys (ConfUtils.java:logGet(43)) - raft.server.snapshot.auto.trigger.threshold = 10000 (custom)
2019-06-14 12:34:09,872 INFO  ratis.ContainerStateMachine (ContainerStateMachine.java:loadSnapshot(199)) - The snapshot info is null.Setting the last applied index to:(t:0, i:~)
2019-06-14 12:34:09,874 INFO  server.RaftServerConfigKeys (ConfUtils.java:logGet(43)) - raft.server.leader.election.timeout = 120s (custom)
2019-06-14 12:34:09,874 INFO  server.RaftServerConfigKeys (ConfUtils.java:logGet(43)) - raft.server.log.use.memory = false (default)
2019-06-14 12:34:09,874 INFO  server.RaftServerConfigKeys (ConfUtils.java:logGet(43)) - raft.server.log.appender.buffer.byte-limit = 33554432 (custom)
2019-06-14 12:34:09,874 INFO  server.RaftServerConfigKeys (ConfUtils.java:logGet(43)) - raft.server.log.segment.size.max = 16384 (custom)
2019-06-14 12:34:09,874 INFO  server.RaftServerConfigKeys (ConfUtils.java:logGet(43)) - raft.server.log.segment.cache.num.max = 2 (custom)
2019-06-14 12:34:09,874 INFO  storage.RaftLogWorker (RaftLogWorker.java:<init>(123)) - new 26129bf1-b4f2-40d3-a939-935ce4d55851-RaftLogWorker for Storage Directory /opt/src/hadoop-ozone/integration-test/target/test-dir/MiniOzoneClusterImpl-de6618d7-845a-4ea7-aea0-d79b111cde80/datanode-3/data/ratis/c4b39a86-3d63-475f-ab57-4b264b6e65da
2019-06-14 12:34:09,874 INFO  server.RaftServerConfigKeys (ConfUtils.java:logGet(43)) - raft.server.log.queue.byte-limit = 2147483647 (custom)
2019-06-14 12:34:09,874 INFO  server.RaftServerConfigKeys (ConfUtils.java:logGet(43)) - raft.server.log.queue.element-limit = 1024 (custom)
2019-06-14 12:34:09,875 INFO  server.RaftServerConfigKeys (ConfUtils.java:logGet(43)) - raft.server.log.segment.size.max = 16384 (custom)
2019-06-14 12:34:09,875 INFO  server.RaftServerConfigKeys (ConfUtils.java:logGet(43)) - raft.server.log.preallocated.size = 16384 (custom)
2019-06-14 12:34:09,875 INFO  server.RaftServerConfigKeys (ConfUtils.java:logGet(43)) - raft.server.log.write.buffer.size = 33554432 (custom)
2019-06-14 12:34:09,875 INFO  server.RaftServerConfigKeys (ConfUtils.java:logGet(43)) - raft.server.log.force.sync.num = 128 (default)
2019-06-14 12:34:09,875 INFO  server.RaftServerConfigKeys (ConfUtils.java:logGet(43)) - raft.server.log.statemachine.data.sync = true (default)
2019-06-14 12:34:09,875 INFO  server.RaftServerConfigKeys (ConfUtils.java:logGet(43)) - raft.server.log.statemachine.data.sync.timeout = 10s (default)
2019-06-14 12:34:09,875 INFO  server.RaftServerConfigKeys (ConfUtils.java:logGet(43)) - raft.server.log.statemachine.data.sync.timeout.retry = -1 (default)
2019-06-14 12:34:09,875 INFO  server.RaftServerConfigKeys (ConfUtils.java:logGet(43)) - raft.server.log.statemachine.data.caching.enabled = true (custom)
2019-06-14 12:34:09,874 INFO  server.RaftServerConfigKeys (ConfUtils.java:logGet(43)) - raft.server.retrycache.expirytime = 600000ms (custom)
2019-06-14 12:34:09,876 INFO  impl.RaftServerImpl (RaftServerImpl.java:start(173)) - 808667aa-de5f-452e-a41f-5212f0378554: start group-4B264B6E65DA
2019-06-14 12:34:09,876 INFO  impl.RaftServerImpl (RaftServerImpl.java:setRole(164)) - 808667aa-de5f-452e-a41f-5212f0378554:group-4B264B6E65DA changes role from null to FOLLOWER at term 0 for startAsFollower
2019-06-14 12:34:09,874 INFO  server.RaftServerConfigKeys (ConfUtils.java:logGet(43)) - raft.server.log.use.memory = false (default)
2019-06-14 12:34:09,876 INFO  server.RaftServerConfigKeys (ConfUtils.java:logGet(43)) - raft.server.log.appender.buffer.byte-limit = 33554432 (custom)
2019-06-14 12:34:09,876 INFO  server.RaftServerConfigKeys (ConfUtils.java:logGet(43)) - raft.server.log.segment.size.max = 16384 (custom)
2019-06-14 12:34:09,876 INFO  server.RaftServerConfigKeys (ConfUtils.java:logGet(43)) - raft.server.log.segment.cache.num.max = 2 (custom)
2019-06-14 12:34:09,877 INFO  storage.RaftLogWorker (RaftLogWorker.java:<init>(123)) - new a2ab53ed-d387-47d9-b912-f37c336f0f6d-RaftLogWorker for Storage Directory /opt/src/hadoop-ozone/integration-test/target/test-dir/MiniOzoneClusterImpl-de6618d7-845a-4ea7-aea0-d79b111cde80/datanode-0/data/ratis/c4b39a86-3d63-475f-ab57-4b264b6e65da
2019-06-14 12:34:09,877 INFO  server.RaftServerConfigKeys (ConfUtils.java:logGet(43)) - raft.server.log.queue.byte-limit = 2147483647 (custom)
2019-06-14 12:34:09,877 INFO  server.RaftServerConfigKeys (ConfUtils.java:logGet(43)) - raft.server.log.queue.element-limit = 1024 (custom)
2019-06-14 12:34:09,877 INFO  server.RaftServerConfigKeys (ConfUtils.java:logGet(43)) - raft.server.log.segment.size.max = 16384 (custom)
2019-06-14 12:34:09,877 INFO  server.RaftServerConfigKeys (ConfUtils.java:logGet(43)) - raft.server.log.preallocated.size = 16384 (custom)
2019-06-14 12:34:09,877 INFO  server.RaftServerConfigKeys (ConfUtils.java:logGet(43)) - raft.server.log.write.buffer.size = 33554432 (custom)
2019-06-14 12:34:09,877 INFO  server.RaftServerConfigKeys (ConfUtils.java:logGet(43)) - raft.server.log.force.sync.num = 128 (default)
2019-06-14 12:34:09,877 INFO  server.RaftServerConfigKeys (ConfUtils.java:logGet(43)) - raft.server.log.statemachine.data.sync = true (default)
2019-06-14 12:34:09,877 INFO  server.RaftServerConfigKeys (ConfUtils.java:logGet(43)) - raft.server.log.statemachine.data.sync.timeout = 10s (default)
2019-06-14 12:34:09,877 INFO  server.RaftServerConfigKeys (ConfUtils.java:logGet(43)) - raft.server.log.statemachine.data.sync.timeout.retry = -1 (default)
2019-06-14 12:34:09,878 INFO  server.RaftServerConfigKeys (ConfUtils.java:logGet(43)) - raft.server.snapshot.auto.trigger.enabled = true (custom)
2019-06-14 12:34:09,878 INFO  server.RaftServerConfigKeys (ConfUtils.java:logGet(43)) - raft.server.snapshot.auto.trigger.threshold = 10000 (custom)
2019-06-14 12:34:09,878 INFO  server.RaftServerConfigKeys (ConfUtils.java:logGet(43)) - raft.server.retrycache.expirytime = 600000ms (custom)
2019-06-14 12:34:09,879 INFO  server.RaftServerConfigKeys (ConfUtils.java:logGet(43)) - raft.server.log.statemachine.data.caching.enabled = true (custom)
2019-06-14 12:34:09,879 INFO  impl.RaftServerImpl (RaftServerImpl.java:start(173)) - 26129bf1-b4f2-40d3-a939-935ce4d55851: start group-4B264B6E65DA
2019-06-14 12:34:09,879 INFO  impl.RaftServerImpl (RaftServerImpl.java:setRole(164)) - 26129bf1-b4f2-40d3-a939-935ce4d55851:group-4B264B6E65DA changes role from null to FOLLOWER at term 0 for startAsFollower
2019-06-14 12:34:09,879 INFO  impl.RoleInfo (RoleInfo.java:updateAndGet(143)) - 26129bf1-b4f2-40d3-a939-935ce4d55851: start FollowerState
2019-06-14 12:34:09,879 INFO  server.RaftServerConfigKeys (ConfUtils.java:logGet(43)) - raft.server.snapshot.auto.trigger.enabled = true (custom)
2019-06-14 12:34:09,880 INFO  server.RaftServerConfigKeys (ConfUtils.java:logGet(43)) - raft.server.snapshot.auto.trigger.threshold = 10000 (custom)
2019-06-14 12:34:09,880 INFO  util.JmxRegister (JmxRegister.java:tryRegister(44)) - Successfully registered JMX Bean with object name Ratis:service=RaftServer,group=group-4B264B6E65DA,id=26129bf1-b4f2-40d3-a939-935ce4d55851
2019-06-14 12:34:09,881 INFO  impl.RoleInfo (RoleInfo.java:updateAndGet(143)) - 808667aa-de5f-452e-a41f-5212f0378554: start FollowerState
2019-06-14 12:34:09,881 INFO  util.JmxRegister (JmxRegister.java:tryRegister(44)) - Successfully registered JMX Bean with object name Ratis:service=RaftServer,group=group-4B264B6E65DA,id=808667aa-de5f-452e-a41f-5212f0378554
2019-06-14 12:34:09,886 INFO  server.RaftServerConfigKeys (ConfUtils.java:logGet(43)) - raft.server.retrycache.expirytime = 600000ms (custom)
2019-06-14 12:34:09,886 INFO  impl.RaftServerImpl (RaftServerImpl.java:start(173)) - a2ab53ed-d387-47d9-b912-f37c336f0f6d: start group-4B264B6E65DA
2019-06-14 12:34:09,886 INFO  impl.RaftServerImpl (RaftServerImpl.java:setRole(164)) - a2ab53ed-d387-47d9-b912-f37c336f0f6d:group-4B264B6E65DA changes role from null to FOLLOWER at term 0 for startAsFollower
2019-06-14 12:34:09,886 INFO  impl.RoleInfo (RoleInfo.java:updateAndGet(143)) - a2ab53ed-d387-47d9-b912-f37c336f0f6d: start FollowerState
2019-06-14 12:34:09,887 INFO  util.JmxRegister (JmxRegister.java:tryRegister(44)) - Successfully registered JMX Bean with object name Ratis:service=RaftServer,group=group-4B264B6E65DA,id=a2ab53ed-d387-47d9-b912-f37c336f0f6d
2019-06-14 12:34:09,890 INFO  pipeline.PipelineStateManager (PipelineStateManager.java:addPipeline(56)) - Created pipeline Pipeline[ Id: c4b39a86-3d63-475f-ab57-4b264b6e65da, Nodes: 808667aa-de5f-452e-a41f-5212f0378554{ip: 192.168.105.183, host: ozone-5z4sx-3769091767, networkLocation: /default-rack, certSerialId: null}26129bf1-b4f2-40d3-a939-935ce4d55851{ip: 192.168.105.183, host: ozone-5z4sx-3769091767, networkLocation: /default-rack, certSerialId: null}a2ab53ed-d387-47d9-b912-f37c336f0f6d{ip: 192.168.105.183, host: ozone-5z4sx-3769091767, networkLocation: /default-rack, certSerialId: null}, Type:RATIS, Factor:THREE, State:OPEN]
2019-06-14 12:34:09,902 INFO  impl.RaftServerProxy (RaftServerProxy.java:addNew(89)) - 8a78062d-fd74-4d8d-8398-6e0f2174c136: addNew group-781E45F9E3AB:[15665d71-759c-40dc-b311-4d2cd9ec9e4a:192.168.105.183:35327, 8a78062d-fd74-4d8d-8398-6e0f2174c136:192.168.105.183:45127, 1c68e4b9-ac1a-45b7-b62a-ab3e40c93739:192.168.105.183:41035] returns group-781E45F9E3AB:java.util.concurrent.CompletableFuture@46d34d01[Not completed]
2019-06-14 12:34:09,904 INFO  impl.RaftServerImpl (RaftServerImpl.java:<init>(91)) - 8a78062d-fd74-4d8d-8398-6e0f2174c136: new RaftServerImpl for group-781E45F9E3AB:[15665d71-759c-40dc-b311-4d2cd9ec9e4a:192.168.105.183:35327, 8a78062d-fd74-4d8d-8398-6e0f2174c136:192.168.105.183:45127, 1c68e4b9-ac1a-45b7-b62a-ab3e40c93739:192.168.105.183:41035] with ContainerStateMachine:uninitialized
2019-06-14 12:34:09,904 INFO  server.RaftServerConfigKeys (ConfUtils.java:logGet(43)) - raft.server.rpc.timeout.min = 1s (custom)
2019-06-14 12:34:09,904 INFO  server.RaftServerConfigKeys (ConfUtils.java:logGet(43)) - raft.server.rpc.timeout.max = 1200ms (custom)
2019-06-14 12:34:09,904 INFO  server.RaftServerConfigKeys (ConfUtils.java:logGet(43)) - raft.server.rpcslowness.timeout = 120s (custom)
2019-06-14 12:34:09,904 INFO  server.RaftServerConfigKeys (ConfUtils.java:logGet(43)) - raft.server.log.appender.install.snapshot.enabled = true (default)
2019-06-14 12:34:09,904 INFO  impl.RaftServerImpl (ServerState.java:<init>(101)) - 8a78062d-fd74-4d8d-8398-6e0f2174c136:group-781E45F9E3AB ConfigurationManager, init=-1: [15665d71-759c-40dc-b311-4d2cd9ec9e4a:192.168.105.183:35327, 8a78062d-fd74-4d8d-8398-6e0f2174c136:192.168.105.183:45127, 1c68e4b9-ac1a-45b7-b62a-ab3e40c93739:192.168.105.183:41035], old=null, confs=<EMPTY_MAP>
2019-06-14 12:34:09,904 INFO  server.RaftServerConfigKeys (ConfUtils.java:logGet(43)) - raft.server.storage.dir = [/opt/src/hadoop-ozone/integration-test/target/test-dir/MiniOzoneClusterImpl-de6618d7-845a-4ea7-aea0-d79b111cde80/datanode-6/data/ratis] (custom)
2019-06-14 12:34:09,905 INFO  storage.RaftStorageDirectory (RaftStorageDirectory.java:analyzeStorage(246)) - The storage directory /opt/src/hadoop-ozone/integration-test/target/test-dir/MiniOzoneClusterImpl-de6618d7-845a-4ea7-aea0-d79b111cde80/datanode-6/data/ratis/99bf8ce3-5690-4e27-91ff-781e45f9e3ab does not exist. Creating ...
2019-06-14 12:34:09,905 INFO  impl.RaftServerProxy (RaftServerProxy.java:addNew(89)) - 15665d71-759c-40dc-b311-4d2cd9ec9e4a: addNew group-781E45F9E3AB:[15665d71-759c-40dc-b311-4d2cd9ec9e4a:192.168.105.183:35327, 8a78062d-fd74-4d8d-8398-6e0f2174c136:192.168.105.183:45127, 1c68e4b9-ac1a-45b7-b62a-ab3e40c93739:192.168.105.183:41035] returns group-781E45F9E3AB:java.util.concurrent.CompletableFuture@50c9f3bc[Not completed]
2019-06-14 12:34:09,906 INFO  impl.RaftServerImpl (RaftServerImpl.java:<init>(91)) - 15665d71-759c-40dc-b311-4d2cd9ec9e4a: new RaftServerImpl for group-781E45F9E3AB:[15665d71-759c-40dc-b311-4d2cd9ec9e4a:192.168.105.183:35327, 8a78062d-fd74-4d8d-8398-6e0f2174c136:192.168.105.183:45127, 1c68e4b9-ac1a-45b7-b62a-ab3e40c93739:192.168.105.183:41035] with ContainerStateMachine:uninitialized
2019-06-14 12:34:09,906 INFO  server.RaftServerConfigKeys (ConfUtils.java:logGet(43)) - raft.server.rpc.timeout.min = 1s (custom)
2019-06-14 12:34:09,906 INFO  server.RaftServerConfigKeys (ConfUtils.java:logGet(43)) - raft.server.rpc.timeout.max = 1200ms (custom)
2019-06-14 12:34:09,906 INFO  server.RaftServerConfigKeys (ConfUtils.java:logGet(43)) - raft.server.rpcslowness.timeout = 120s (custom)
2019-06-14 12:34:09,906 INFO  server.RaftServerConfigKeys (ConfUtils.java:logGet(43)) - raft.server.log.appender.install.snapshot.enabled = true (default)
2019-06-14 12:34:09,906 INFO  impl.RaftServerImpl (ServerState.java:<init>(101)) - 15665d71-759c-40dc-b311-4d2cd9ec9e4a:group-781E45F9E3AB ConfigurationManager, init=-1: [15665d71-759c-40dc-b311-4d2cd9ec9e4a:192.168.105.183:35327, 8a78062d-fd74-4d8d-8398-6e0f2174c136:192.168.105.183:45127, 1c68e4b9-ac1a-45b7-b62a-ab3e40c93739:192.168.105.183:41035], old=null, confs=<EMPTY_MAP>
2019-06-14 12:34:09,906 INFO  server.RaftServerConfigKeys (ConfUtils.java:logGet(43)) - raft.server.storage.dir = [/opt/src/hadoop-ozone/integration-test/target/test-dir/MiniOzoneClusterImpl-de6618d7-845a-4ea7-aea0-d79b111cde80/datanode-5/data/ratis] (custom)
2019-06-14 12:34:09,907 INFO  storage.RaftStorageDirectory (RaftStorageDirectory.java:analyzeStorage(246)) - The storage directory /opt/src/hadoop-ozone/integration-test/target/test-dir/MiniOzoneClusterImpl-de6618d7-845a-4ea7-aea0-d79b111cde80/datanode-5/data/ratis/99bf8ce3-5690-4e27-91ff-781e45f9e3ab does not exist. Creating ...
2019-06-14 12:34:09,907 INFO  impl.RaftServerProxy (RaftServerProxy.java:addNew(89)) - 1c68e4b9-ac1a-45b7-b62a-ab3e40c93739: addNew group-781E45F9E3AB:[15665d71-759c-40dc-b311-4d2cd9ec9e4a:192.168.105.183:35327, 8a78062d-fd74-4d8d-8398-6e0f2174c136:192.168.105.183:45127, 1c68e4b9-ac1a-45b7-b62a-ab3e40c93739:192.168.105.183:41035] returns group-781E45F9E3AB:java.util.concurrent.CompletableFuture@392aad9[Not completed]
2019-06-14 12:34:09,907 INFO  impl.RaftServerImpl (RaftServerImpl.java:<init>(91)) - 1c68e4b9-ac1a-45b7-b62a-ab3e40c93739: new RaftServerImpl for group-781E45F9E3AB:[15665d71-759c-40dc-b311-4d2cd9ec9e4a:192.168.105.183:35327, 8a78062d-fd74-4d8d-8398-6e0f2174c136:192.168.105.183:45127, 1c68e4b9-ac1a-45b7-b62a-ab3e40c93739:192.168.105.183:41035] with ContainerStateMachine:uninitialized
2019-06-14 12:34:09,908 INFO  server.RaftServerConfigKeys (ConfUtils.java:logGet(43)) - raft.server.rpc.timeout.min = 1s (custom)
2019-06-14 12:34:09,908 INFO  server.RaftServerConfigKeys (ConfUtils.java:logGet(43)) - raft.server.rpc.timeout.max = 1200ms (custom)
2019-06-14 12:34:09,908 INFO  server.RaftServerConfigKeys (ConfUtils.java:logGet(43)) - raft.server.rpcslowness.timeout = 120s (custom)
2019-06-14 12:34:09,908 INFO  server.RaftServerConfigKeys (ConfUtils.java:logGet(43)) - raft.server.log.appender.install.snapshot.enabled = true (default)
2019-06-14 12:34:09,908 INFO  impl.RaftServerImpl (ServerState.java:<init>(101)) - 1c68e4b9-ac1a-45b7-b62a-ab3e40c93739:group-781E45F9E3AB ConfigurationManager, init=-1: [15665d71-759c-40dc-b311-4d2cd9ec9e4a:192.168.105.183:35327, 8a78062d-fd74-4d8d-8398-6e0f2174c136:192.168.105.183:45127, 1c68e4b9-ac1a-45b7-b62a-ab3e40c93739:192.168.105.183:41035], old=null, confs=<EMPTY_MAP>
2019-06-14 12:34:09,908 INFO  server.RaftServerConfigKeys (ConfUtils.java:logGet(43)) - raft.server.storage.dir = [/opt/src/hadoop-ozone/integration-test/target/test-dir/MiniOzoneClusterImpl-de6618d7-845a-4ea7-aea0-d79b111cde80/datanode-1/data/ratis] (custom)
2019-06-14 12:34:09,908 INFO  storage.RaftStorageDirectory (RaftStorageDirectory.java:analyzeStorage(246)) - The storage directory /opt/src/hadoop-ozone/integration-test/target/test-dir/MiniOzoneClusterImpl-de6618d7-845a-4ea7-aea0-d79b111cde80/datanode-1/data/ratis/99bf8ce3-5690-4e27-91ff-781e45f9e3ab does not exist. Creating ...
2019-06-14 12:34:09,946 INFO  storage.RaftStorageDirectory (RaftStorageDirectory.java:tryLock(328)) - Lock on /opt/src/hadoop-ozone/integration-test/target/test-dir/MiniOzoneClusterImpl-de6618d7-845a-4ea7-aea0-d79b111cde80/datanode-1/data/ratis/99bf8ce3-5690-4e27-91ff-781e45f9e3ab/in_use.lock acquired by nodename 18973@ozone-5z4sx-3769091767
2019-06-14 12:34:09,946 INFO  storage.RaftStorageDirectory (RaftStorageDirectory.java:tryLock(328)) - Lock on /opt/src/hadoop-ozone/integration-test/target/test-dir/MiniOzoneClusterImpl-de6618d7-845a-4ea7-aea0-d79b111cde80/datanode-6/data/ratis/99bf8ce3-5690-4e27-91ff-781e45f9e3ab/in_use.lock acquired by nodename 18973@ozone-5z4sx-3769091767
2019-06-14 12:34:09,946 INFO  storage.RaftStorageDirectory (RaftStorageDirectory.java:tryLock(328)) - Lock on /opt/src/hadoop-ozone/integration-test/target/test-dir/MiniOzoneClusterImpl-de6618d7-845a-4ea7-aea0-d79b111cde80/datanode-5/data/ratis/99bf8ce3-5690-4e27-91ff-781e45f9e3ab/in_use.lock acquired by nodename 18973@ozone-5z4sx-3769091767
2019-06-14 12:34:09,966 INFO  storage.RaftStorage (RaftStorage.java:format(75)) - Storage directory /opt/src/hadoop-ozone/integration-test/target/test-dir/MiniOzoneClusterImpl-de6618d7-845a-4ea7-aea0-d79b111cde80/datanode-1/data/ratis/99bf8ce3-5690-4e27-91ff-781e45f9e3ab has been successfully formatted.
2019-06-14 12:34:09,966 INFO  storage.RaftStorage (RaftStorage.java:format(75)) - Storage directory /opt/src/hadoop-ozone/integration-test/target/test-dir/MiniOzoneClusterImpl-de6618d7-845a-4ea7-aea0-d79b111cde80/datanode-6/data/ratis/99bf8ce3-5690-4e27-91ff-781e45f9e3ab has been successfully formatted.
2019-06-14 12:34:09,966 INFO  ratis.ContainerStateMachine (ContainerStateMachine.java:loadSnapshot(199)) - The snapshot info is null.Setting the last applied index to:(t:0, i:~)
2019-06-14 12:34:09,966 INFO  server.RaftServerConfigKeys (ConfUtils.java:logGet(43)) - raft.server.leader.election.timeout = 120s (custom)
2019-06-14 12:34:09,966 INFO  server.RaftServerConfigKeys (ConfUtils.java:logGet(43)) - raft.server.log.use.memory = false (default)
2019-06-14 12:34:09,966 INFO  server.RaftServerConfigKeys (ConfUtils.java:logGet(43)) - raft.server.log.appender.buffer.byte-limit = 33554432 (custom)
2019-06-14 12:34:09,966 INFO  server.RaftServerConfigKeys (ConfUtils.java:logGet(43)) - raft.server.log.segment.size.max = 16384 (custom)
2019-06-14 12:34:09,967 INFO  server.RaftServerConfigKeys (ConfUtils.java:logGet(43)) - raft.server.log.segment.cache.num.max = 2 (custom)
2019-06-14 12:34:09,967 INFO  storage.RaftLogWorker (RaftLogWorker.java:<init>(123)) - new 8a78062d-fd74-4d8d-8398-6e0f2174c136-RaftLogWorker for Storage Directory /opt/src/hadoop-ozone/integration-test/target/test-dir/MiniOzoneClusterImpl-de6618d7-845a-4ea7-aea0-d79b111cde80/datanode-6/data/ratis/99bf8ce3-5690-4e27-91ff-781e45f9e3ab
2019-06-14 12:34:09,967 INFO  server.RaftServerConfigKeys (ConfUtils.java:logGet(43)) - raft.server.log.queue.byte-limit = 2147483647 (custom)
2019-06-14 12:34:09,967 INFO  server.RaftServerConfigKeys (ConfUtils.java:logGet(43)) - raft.server.log.queue.element-limit = 1024 (custom)
2019-06-14 12:34:09,967 INFO  server.RaftServerConfigKeys (ConfUtils.java:logGet(43)) - raft.server.log.segment.size.max = 16384 (custom)
2019-06-14 12:34:09,967 INFO  server.RaftServerConfigKeys (ConfUtils.java:logGet(43)) - raft.server.log.preallocated.size = 16384 (custom)
2019-06-14 12:34:09,967 INFO  server.RaftServerConfigKeys (ConfUtils.java:logGet(43)) - raft.server.log.write.buffer.size = 33554432 (custom)
2019-06-14 12:34:09,967 INFO  server.RaftServerConfigKeys (ConfUtils.java:logGet(43)) - raft.server.log.force.sync.num = 128 (default)
2019-06-14 12:34:09,967 INFO  server.RaftServerConfigKeys (ConfUtils.java:logGet(43)) - raft.server.log.statemachine.data.sync = true (default)
2019-06-14 12:34:09,967 INFO  server.RaftServerConfigKeys (ConfUtils.java:logGet(43)) - raft.server.log.statemachine.data.sync.timeout = 10s (default)
2019-06-14 12:34:09,967 INFO  server.RaftServerConfigKeys (ConfUtils.java:logGet(43)) - raft.server.log.statemachine.data.sync.timeout.retry = -1 (default)
2019-06-14 12:34:09,967 INFO  server.RaftServerConfigKeys (ConfUtils.java:logGet(43)) - raft.server.log.statemachine.data.caching.enabled = true (custom)
2019-06-14 12:34:09,966 INFO  storage.RaftStorage (RaftStorage.java:format(75)) - Storage directory /opt/src/hadoop-ozone/integration-test/target/test-dir/MiniOzoneClusterImpl-de6618d7-845a-4ea7-aea0-d79b111cde80/datanode-5/data/ratis/99bf8ce3-5690-4e27-91ff-781e45f9e3ab has been successfully formatted.
2019-06-14 12:34:09,968 INFO  server.RaftServerConfigKeys (ConfUtils.java:logGet(43)) - raft.server.snapshot.auto.trigger.enabled = true (custom)
2019-06-14 12:34:09,966 INFO  ratis.ContainerStateMachine (ContainerStateMachine.java:loadSnapshot(199)) - The snapshot info is null.Setting the last applied index to:(t:0, i:~)
2019-06-14 12:34:09,968 INFO  ratis.ContainerStateMachine (ContainerStateMachine.java:loadSnapshot(199)) - The snapshot info is null.Setting the last applied index to:(t:0, i:~)
2019-06-14 12:34:09,968 INFO  server.RaftServerConfigKeys (ConfUtils.java:logGet(43)) - raft.server.snapshot.auto.trigger.threshold = 10000 (custom)
2019-06-14 12:34:09,968 INFO  server.RaftServerConfigKeys (ConfUtils.java:logGet(43)) - raft.server.leader.election.timeout = 120s (custom)
2019-06-14 12:34:09,968 INFO  server.RaftServerConfigKeys (ConfUtils.java:logGet(43)) - raft.server.retrycache.expirytime = 600000ms (custom)
2019-06-14 12:34:09,968 INFO  server.RaftServerConfigKeys (ConfUtils.java:logGet(43)) - raft.server.leader.election.timeout = 120s (custom)
2019-06-14 12:34:09,968 INFO  server.RaftServerConfigKeys (ConfUtils.java:logGet(43)) - raft.server.log.use.memory = false (default)
2019-06-14 12:34:09,968 INFO  server.RaftServerConfigKeys (ConfUtils.java:logGet(43)) - raft.server.log.appender.buffer.byte-limit = 33554432 (custom)
2019-06-14 12:34:09,968 INFO  server.RaftServerConfigKeys (ConfUtils.java:logGet(43)) - raft.server.log.segment.size.max = 16384 (custom)
2019-06-14 12:34:09,968 INFO  server.RaftServerConfigKeys (ConfUtils.java:logGet(43)) - raft.server.log.segment.cache.num.max = 2 (custom)
2019-06-14 12:34:09,968 INFO  storage.RaftLogWorker (RaftLogWorker.java:<init>(123)) - new 15665d71-759c-40dc-b311-4d2cd9ec9e4a-RaftLogWorker for Storage Directory /opt/src/hadoop-ozone/integration-test/target/test-dir/MiniOzoneClusterImpl-de6618d7-845a-4ea7-aea0-d79b111cde80/datanode-5/data/ratis/99bf8ce3-5690-4e27-91ff-781e45f9e3ab
2019-06-14 12:34:09,968 INFO  server.RaftServerConfigKeys (ConfUtils.java:logGet(43)) - raft.server.log.queue.byte-limit = 2147483647 (custom)
2019-06-14 12:34:09,969 INFO  server.RaftServerConfigKeys (ConfUtils.java:logGet(43)) - raft.server.log.queue.element-limit = 1024 (custom)
2019-06-14 12:34:09,969 INFO  server.RaftServerConfigKeys (ConfUtils.java:logGet(43)) - raft.server.log.segment.size.max = 16384 (custom)
2019-06-14 12:34:09,969 INFO  server.RaftServerConfigKeys (ConfUtils.java:logGet(43)) - raft.server.log.preallocated.size = 16384 (custom)
2019-06-14 12:34:09,969 INFO  server.RaftServerConfigKeys (ConfUtils.java:logGet(43)) - raft.server.log.write.buffer.size = 33554432 (custom)
2019-06-14 12:34:09,969 INFO  server.RaftServerConfigKeys (ConfUtils.java:logGet(43)) - raft.server.log.force.sync.num = 128 (default)
2019-06-14 12:34:09,969 INFO  server.RaftServerConfigKeys (ConfUtils.java:logGet(43)) - raft.server.log.statemachine.data.sync = true (default)
2019-06-14 12:34:09,969 INFO  server.RaftServerConfigKeys (ConfUtils.java:logGet(43)) - raft.server.log.statemachine.data.sync.timeout = 10s (default)
2019-06-14 12:34:09,969 INFO  server.RaftServerConfigKeys (ConfUtils.java:logGet(43)) - raft.server.log.statemachine.data.sync.timeout.retry = -1 (default)
2019-06-14 12:34:09,969 INFO  server.RaftServerConfigKeys (ConfUtils.java:logGet(43)) - raft.server.log.statemachine.data.caching.enabled = true (custom)
2019-06-14 12:34:09,968 INFO  server.RaftServerConfigKeys (ConfUtils.java:logGet(43)) - raft.server.log.use.memory = false (default)
2019-06-14 12:34:09,969 INFO  server.RaftServerConfigKeys (ConfUtils.java:logGet(43)) - raft.server.log.appender.buffer.byte-limit = 33554432 (custom)
2019-06-14 12:34:09,969 INFO  server.RaftServerConfigKeys (ConfUtils.java:logGet(43)) - raft.server.log.segment.size.max = 16384 (custom)
2019-06-14 12:34:09,970 INFO  server.RaftServerConfigKeys (ConfUtils.java:logGet(43)) - raft.server.log.segment.cache.num.max = 2 (custom)
2019-06-14 12:34:09,970 INFO  storage.RaftLogWorker (RaftLogWorker.java:<init>(123)) - new 1c68e4b9-ac1a-45b7-b62a-ab3e40c93739-RaftLogWorker for Storage Directory /opt/src/hadoop-ozone/integration-test/target/test-dir/MiniOzoneClusterImpl-de6618d7-845a-4ea7-aea0-d79b111cde80/datanode-1/data/ratis/99bf8ce3-5690-4e27-91ff-781e45f9e3ab
2019-06-14 12:34:09,970 INFO  server.RaftServerConfigKeys (ConfUtils.java:logGet(43)) - raft.server.log.queue.byte-limit = 2147483647 (custom)
2019-06-14 12:34:09,970 INFO  server.RaftServerConfigKeys (ConfUtils.java:logGet(43)) - raft.server.log.queue.element-limit = 1024 (custom)
2019-06-14 12:34:09,970 INFO  server.RaftServerConfigKeys (ConfUtils.java:logGet(43)) - raft.server.log.segment.size.max = 16384 (custom)
2019-06-14 12:34:09,970 INFO  server.RaftServerConfigKeys (ConfUtils.java:logGet(43)) - raft.server.log.preallocated.size = 16384 (custom)
2019-06-14 12:34:09,970 INFO  server.RaftServerConfigKeys (ConfUtils.java:logGet(43)) - raft.server.log.write.buffer.size = 33554432 (custom)
2019-06-14 12:34:09,970 INFO  server.RaftServerConfigKeys (ConfUtils.java:logGet(43)) - raft.server.log.force.sync.num = 128 (default)
2019-06-14 12:34:09,970 INFO  server.RaftServerConfigKeys (ConfUtils.java:logGet(43)) - raft.server.log.statemachine.data.sync = true (default)
2019-06-14 12:34:09,970 INFO  server.RaftServerConfigKeys (ConfUtils.java:logGet(43)) - raft.server.log.statemachine.data.sync.timeout = 10s (default)
2019-06-14 12:34:09,970 INFO  server.RaftServerConfigKeys (ConfUtils.java:logGet(43)) - raft.server.log.statemachine.data.sync.timeout.retry = -1 (default)
2019-06-14 12:34:09,971 INFO  impl.RaftServerImpl (RaftServerImpl.java:start(173)) - 8a78062d-fd74-4d8d-8398-6e0f2174c136: start group-781E45F9E3AB
2019-06-14 12:34:09,971 INFO  impl.RaftServerImpl (RaftServerImpl.java:setRole(164)) - 8a78062d-fd74-4d8d-8398-6e0f2174c136:group-781E45F9E3AB changes role from null to FOLLOWER at term 0 for startAsFollower
2019-06-14 12:34:09,971 INFO  impl.RoleInfo (RoleInfo.java:updateAndGet(143)) - 8a78062d-fd74-4d8d-8398-6e0f2174c136: start FollowerState
2019-06-14 12:34:09,971 INFO  server.RaftServerConfigKeys (ConfUtils.java:logGet(43)) - raft.server.snapshot.auto.trigger.enabled = true (custom)
2019-06-14 12:34:09,971 INFO  server.RaftServerConfigKeys (ConfUtils.java:logGet(43)) - raft.server.snapshot.auto.trigger.threshold = 10000 (custom)
2019-06-14 12:34:09,971 INFO  server.RaftServerConfigKeys (ConfUtils.java:logGet(43)) - raft.server.log.statemachine.data.caching.enabled = true (custom)
2019-06-14 12:34:09,972 INFO  util.JmxRegister (JmxRegister.java:tryRegister(44)) - Successfully registered JMX Bean with object name Ratis:service=RaftServer,group=group-781E45F9E3AB,id=8a78062d-fd74-4d8d-8398-6e0f2174c136
2019-06-14 12:34:09,972 INFO  server.RaftServerConfigKeys (ConfUtils.java:logGet(43)) - raft.server.retrycache.expirytime = 600000ms (custom)
2019-06-14 12:34:09,972 INFO  server.RaftServerConfigKeys (ConfUtils.java:logGet(43)) - raft.server.snapshot.auto.trigger.enabled = true (custom)
2019-06-14 12:34:09,973 INFO  server.RaftServerConfigKeys (ConfUtils.java:logGet(43)) - raft.server.snapshot.auto.trigger.threshold = 10000 (custom)
2019-06-14 12:34:09,973 INFO  impl.RaftServerImpl (RaftServerImpl.java:start(173)) - 15665d71-759c-40dc-b311-4d2cd9ec9e4a: start group-781E45F9E3AB
2019-06-14 12:34:09,973 INFO  impl.RaftServerImpl (RaftServerImpl.java:setRole(164)) - 15665d71-759c-40dc-b311-4d2cd9ec9e4a:group-781E45F9E3AB changes role from null to FOLLOWER at term 0 for startAsFollower
2019-06-14 12:34:09,973 INFO  impl.RoleInfo (RoleInfo.java:updateAndGet(143)) - 15665d71-759c-40dc-b311-4d2cd9ec9e4a: start FollowerState
2019-06-14 12:34:09,974 INFO  server.RaftServerConfigKeys (ConfUtils.java:logGet(43)) - raft.server.retrycache.expirytime = 600000ms (custom)
2019-06-14 12:34:09,974 INFO  util.JmxRegister (JmxRegister.java:tryRegister(44)) - Successfully registered JMX Bean with object name Ratis:service=RaftServer,group=group-781E45F9E3AB,id=15665d71-759c-40dc-b311-4d2cd9ec9e4a
2019-06-14 12:34:09,974 INFO  impl.RaftServerImpl (RaftServerImpl.java:start(173)) - 1c68e4b9-ac1a-45b7-b62a-ab3e40c93739: start group-781E45F9E3AB
2019-06-14 12:34:09,974 INFO  impl.RaftServerImpl (RaftServerImpl.java:setRole(164)) - 1c68e4b9-ac1a-45b7-b62a-ab3e40c93739:group-781E45F9E3AB changes role from null to FOLLOWER at term 0 for startAsFollower
2019-06-14 12:34:09,974 INFO  impl.RoleInfo (RoleInfo.java:updateAndGet(143)) - 1c68e4b9-ac1a-45b7-b62a-ab3e40c93739: start FollowerState
2019-06-14 12:34:09,975 INFO  util.JmxRegister (JmxRegister.java:tryRegister(44)) - Successfully registered JMX Bean with object name Ratis:service=RaftServer,group=group-781E45F9E3AB,id=1c68e4b9-ac1a-45b7-b62a-ab3e40c93739
2019-06-14 12:34:09,977 INFO  pipeline.PipelineStateManager (PipelineStateManager.java:addPipeline(56)) - Created pipeline Pipeline[ Id: 99bf8ce3-5690-4e27-91ff-781e45f9e3ab, Nodes: 1c68e4b9-ac1a-45b7-b62a-ab3e40c93739{ip: 192.168.105.183, host: ozone-5z4sx-3769091767, networkLocation: /default-rack, certSerialId: null}8a78062d-fd74-4d8d-8398-6e0f2174c136{ip: 192.168.105.183, host: ozone-5z4sx-3769091767, networkLocation: /default-rack, certSerialId: null}15665d71-759c-40dc-b311-4d2cd9ec9e4a{ip: 192.168.105.183, host: ozone-5z4sx-3769091767, networkLocation: /default-rack, certSerialId: null}, Type:RATIS, Factor:THREE, State:OPEN]
2019-06-14 12:34:10,088 INFO  ozone.MiniOzoneClusterImpl (MiniOzoneClusterImpl.java:lambda$waitForClusterToBeReady$0(142)) - Cluster is ready. Got 7 of 7 DN Heartbeats.
2019-06-14 12:34:10,112 INFO  impl.FollowerState (FollowerState.java:run(101)) - 26129bf1-b4f2-40d3-a939-935ce4d55851:group-E17E1FB660AD changes to CANDIDATE, lastRpcTime:1118, electionTimeout:1118ms
2019-06-14 12:34:10,114 INFO  impl.RoleInfo (RoleInfo.java:shutdownFollowerState(121)) - 26129bf1-b4f2-40d3-a939-935ce4d55851: shutdown FollowerState
2019-06-14 12:34:10,114 INFO  impl.RaftServerImpl (RaftServerImpl.java:setRole(164)) - 26129bf1-b4f2-40d3-a939-935ce4d55851:group-E17E1FB660AD changes role from FOLLOWER to CANDIDATE at term 0 for changeToCandidate
2019-06-14 12:34:10,114 INFO  impl.RoleInfo (RoleInfo.java:updateAndGet(143)) - 26129bf1-b4f2-40d3-a939-935ce4d55851: start LeaderElection
2019-06-14 12:34:10,145 INFO  rpc.RpcClient (RpcClient.java:createVolume(289)) - Creating Volume: watchforcommithandlingtest, with root as owner.
2019-06-14 12:34:10,162 INFO  rpc.RpcClient (RpcClient.java:createBucket(426)) - Creating Bucket: watchforcommithandlingtest/watchforcommithandlingtest, with Versioning false and Storage Type set to DISK and Encryption set to false 
2019-06-14 12:34:10,165 INFO  ozone.MiniOzoneClusterImpl (MiniOzoneClusterImpl.java:getStorageContainerLocationClient(241)) - Creating StorageContainerLocationProtocol RPC client with address /0.0.0.0:36047
2019-06-14 12:34:10,179 INFO  client.GrpcClientProtocolClient (GrpcClientProtocolClient.java:onNext(254)) - client-AC7A151ED13D->808667aa-de5f-452e-a41f-5212f0378554: receive RaftClientReply:client-AC7A151ED13D->808667aa-de5f-452e-a41f-5212f0378554@group-4B264B6E65DA, cid=103, FAILED org.apache.ratis.protocol.NotLeaderException: Server 808667aa-de5f-452e-a41f-5212f0378554 is not the leader (26129bf1-b4f2-40d3-a939-935ce4d55851:192.168.105.183:42751). Request must be sent to leader., logIndex=0, commits[808667aa-de5f-452e-a41f-5212f0378554:c-1]
2019-06-14 12:34:10,181 WARN  client.GrpcClientProtocolService (LogUtils.java:warn(134)) - 0-OrderedRequestStreamObserver0: onError: org.apache.ratis.thirdparty.io.grpc.StatusRuntimeException: CANCELLED: cancelled before receiving half close
2019-06-14 12:34:10,204 INFO  impl.LeaderElection (LeaderElection.java:askForVotes(181)) - 26129bf1-b4f2-40d3-a939-935ce4d55851:group-E17E1FB660AD:LeaderElection86: begin an election at term 1 for -1: [26129bf1-b4f2-40d3-a939-935ce4d55851:192.168.105.183:42751], old=null
2019-06-14 12:34:10,204 INFO  impl.RoleInfo (RoleInfo.java:shutdownLeaderElection(134)) - 26129bf1-b4f2-40d3-a939-935ce4d55851: shutdown LeaderElection
2019-06-14 12:34:10,204 INFO  impl.RaftServerImpl (RaftServerImpl.java:setRole(164)) - 26129bf1-b4f2-40d3-a939-935ce4d55851:group-E17E1FB660AD changes role from CANDIDATE to LEADER at term 1 for changeToLeader
2019-06-14 12:34:10,204 INFO  impl.RaftServerImpl (ServerState.java:setLeader(263)) - 26129bf1-b4f2-40d3-a939-935ce4d55851:group-E17E1FB660AD change Leader from null to 26129bf1-b4f2-40d3-a939-935ce4d55851 at term 1 for becomeLeader, leader elected after 1246ms
2019-06-14 12:34:10,204 INFO  server.RaftServerConfigKeys (ConfUtils.java:logGet(43)) - raft.server.staging.catchup.gap = 1000 (default)
2019-06-14 12:34:10,204 INFO  server.RaftServerConfigKeys (ConfUtils.java:logGet(43)) - raft.server.rpc.sleep.time = 25ms (default)
2019-06-14 12:34:10,205 INFO  server.RaftServerConfigKeys (ConfUtils.java:logGet(43)) - raft.server.watch.timeout = 10s (default)
2019-06-14 12:34:10,205 INFO  server.RaftServerConfigKeys (ConfUtils.java:logGet(43)) - raft.server.watch.timeout.denomination = 1s (default)
2019-06-14 12:34:10,205 INFO  impl.RoleInfo (RoleInfo.java:updateAndGet(143)) - 26129bf1-b4f2-40d3-a939-935ce4d55851: start LeaderState
2019-06-14 12:34:10,205 INFO  storage.RaftLogWorker (RaftLogWorker.java:startLogSegment(298)) - 26129bf1-b4f2-40d3-a939-935ce4d55851-RaftLogWorker: Starting segment from index:0
2019-06-14 12:34:10,205 INFO  impl.RaftServerImpl (ServerState.java:setRaftConf(361)) - 26129bf1-b4f2-40d3-a939-935ce4d55851:group-E17E1FB660AD set configuration 0: [26129bf1-b4f2-40d3-a939-935ce4d55851:192.168.105.183:42751], old=null at 0
2019-06-14 12:34:10,306 INFO  storage.RaftLogWorker (RaftLogWorker.java:execute(469)) - 26129bf1-b4f2-40d3-a939-935ce4d55851-RaftLogWorker: created new log segment /opt/src/hadoop-ozone/integration-test/target/test-dir/MiniOzoneClusterImpl-de6618d7-845a-4ea7-aea0-d79b111cde80/datanode-3/data/ratis/6d1ec2c9-e3cd-4221-8968-e17e1fb660ad/current/log_inprogress_0
2019-06-14 12:34:10,581 INFO  impl.FollowerState (FollowerState.java:run(101)) - 15665d71-759c-40dc-b311-4d2cd9ec9e4a:group-A930EA0D316C changes to CANDIDATE, lastRpcTime:1051, electionTimeout:1051ms
2019-06-14 12:34:10,582 INFO  impl.RoleInfo (RoleInfo.java:shutdownFollowerState(121)) - 15665d71-759c-40dc-b311-4d2cd9ec9e4a: shutdown FollowerState
2019-06-14 12:34:10,582 INFO  impl.RaftServerImpl (RaftServerImpl.java:setRole(164)) - 15665d71-759c-40dc-b311-4d2cd9ec9e4a:group-A930EA0D316C changes role from FOLLOWER to CANDIDATE at term 0 for changeToCandidate
2019-06-14 12:34:10,582 INFO  impl.RoleInfo (RoleInfo.java:updateAndGet(143)) - 15665d71-759c-40dc-b311-4d2cd9ec9e4a: start LeaderElection
2019-06-14 12:34:10,636 INFO  impl.LeaderElection (LeaderElection.java:askForVotes(181)) - 15665d71-759c-40dc-b311-4d2cd9ec9e4a:group-A930EA0D316C:LeaderElection87: begin an election at term 1 for -1: [15665d71-759c-40dc-b311-4d2cd9ec9e4a:192.168.105.183:35327], old=null
2019-06-14 12:34:10,636 INFO  impl.RoleInfo (RoleInfo.java:shutdownLeaderElection(134)) - 15665d71-759c-40dc-b311-4d2cd9ec9e4a: shutdown LeaderElection
2019-06-14 12:34:10,637 INFO  impl.RaftServerImpl (RaftServerImpl.java:setRole(164)) - 15665d71-759c-40dc-b311-4d2cd9ec9e4a:group-A930EA0D316C changes role from CANDIDATE to LEADER at term 1 for changeToLeader
2019-06-14 12:34:10,637 INFO  impl.RaftServerImpl (ServerState.java:setLeader(263)) - 15665d71-759c-40dc-b311-4d2cd9ec9e4a:group-A930EA0D316C change Leader from null to 15665d71-759c-40dc-b311-4d2cd9ec9e4a at term 1 for becomeLeader, leader elected after 1109ms
2019-06-14 12:34:10,637 INFO  server.RaftServerConfigKeys (ConfUtils.java:logGet(43)) - raft.server.staging.catchup.gap = 1000 (default)
2019-06-14 12:34:10,637 INFO  server.RaftServerConfigKeys (ConfUtils.java:logGet(43)) - raft.server.rpc.sleep.time = 25ms (default)
2019-06-14 12:34:10,637 INFO  server.RaftServerConfigKeys (ConfUtils.java:logGet(43)) - raft.server.watch.timeout = 10s (default)
2019-06-14 12:34:10,637 INFO  server.RaftServerConfigKeys (ConfUtils.java:logGet(43)) - raft.server.watch.timeout.denomination = 1s (default)
2019-06-14 12:34:10,637 INFO  impl.RoleInfo (RoleInfo.java:updateAndGet(143)) - 15665d71-759c-40dc-b311-4d2cd9ec9e4a: start LeaderState
2019-06-14 12:34:10,637 INFO  storage.RaftLogWorker (RaftLogWorker.java:startLogSegment(298)) - 15665d71-759c-40dc-b311-4d2cd9ec9e4a-RaftLogWorker: Starting segment from index:0
2019-06-14 12:34:10,638 INFO  impl.RaftServerImpl (ServerState.java:setRaftConf(361)) - 15665d71-759c-40dc-b311-4d2cd9ec9e4a:group-A930EA0D316C set configuration 0: [15665d71-759c-40dc-b311-4d2cd9ec9e4a:192.168.105.183:35327], old=null at 0
2019-06-14 12:34:10,664 INFO  impl.FollowerState (FollowerState.java:run(101)) - 8a78062d-fd74-4d8d-8398-6e0f2174c136:group-D8497E15DCF4 changes to CANDIDATE, lastRpcTime:1054, electionTimeout:1054ms
2019-06-14 12:34:10,664 INFO  impl.RoleInfo (RoleInfo.java:shutdownFollowerState(121)) - 8a78062d-fd74-4d8d-8398-6e0f2174c136: shutdown FollowerState
2019-06-14 12:34:10,664 INFO  impl.RaftServerImpl (RaftServerImpl.java:setRole(164)) - 8a78062d-fd74-4d8d-8398-6e0f2174c136:group-D8497E15DCF4 changes role from FOLLOWER to CANDIDATE at term 0 for changeToCandidate
2019-06-14 12:34:10,664 INFO  impl.RoleInfo (RoleInfo.java:updateAndGet(143)) - 8a78062d-fd74-4d8d-8398-6e0f2174c136: start LeaderElection
2019-06-14 12:34:10,727 INFO  storage.RaftLogWorker (RaftLogWorker.java:execute(469)) - 15665d71-759c-40dc-b311-4d2cd9ec9e4a-RaftLogWorker: created new log segment /opt/src/hadoop-ozone/integration-test/target/test-dir/MiniOzoneClusterImpl-de6618d7-845a-4ea7-aea0-d79b111cde80/datanode-5/data/ratis/c98ec584-4df7-4ce1-9bee-a930ea0d316c/current/log_inprogress_0
2019-06-14 12:34:10,727 INFO  impl.LeaderElection (LeaderElection.java:askForVotes(181)) - 8a78062d-fd74-4d8d-8398-6e0f2174c136:group-D8497E15DCF4:LeaderElection88: begin an election at term 1 for -1: [8a78062d-fd74-4d8d-8398-6e0f2174c136:192.168.105.183:45127], old=null
2019-06-14 12:34:10,727 INFO  impl.RoleInfo (RoleInfo.java:shutdownLeaderElection(134)) - 8a78062d-fd74-4d8d-8398-6e0f2174c136: shutdown LeaderElection
2019-06-14 12:34:10,727 INFO  impl.RaftServerImpl (RaftServerImpl.java:setRole(164)) - 8a78062d-fd74-4d8d-8398-6e0f2174c136:group-D8497E15DCF4 changes role from CANDIDATE to LEADER at term 1 for changeToLeader
2019-06-14 12:34:10,727 INFO  impl.RaftServerImpl (ServerState.java:setLeader(263)) - 8a78062d-fd74-4d8d-8398-6e0f2174c136:group-D8497E15DCF4 change Leader from null to 8a78062d-fd74-4d8d-8398-6e0f2174c136 at term 1 for becomeLeader, leader elected after 1121ms
2019-06-14 12:34:10,727 INFO  server.RaftServerConfigKeys (ConfUtils.java:logGet(43)) - raft.server.staging.catchup.gap = 1000 (default)
2019-06-14 12:34:10,727 INFO  server.RaftServerConfigKeys (ConfUtils.java:logGet(43)) - raft.server.rpc.sleep.time = 25ms (default)
2019-06-14 12:34:10,727 INFO  server.RaftServerConfigKeys (ConfUtils.java:logGet(43)) - raft.server.watch.timeout = 10s (default)
2019-06-14 12:34:10,728 INFO  server.RaftServerConfigKeys (ConfUtils.java:logGet(43)) - raft.server.watch.timeout.denomination = 1s (default)
2019-06-14 12:34:10,728 INFO  impl.RoleInfo (RoleInfo.java:updateAndGet(143)) - 8a78062d-fd74-4d8d-8398-6e0f2174c136: start LeaderState
2019-06-14 12:34:10,728 INFO  storage.RaftLogWorker (RaftLogWorker.java:startLogSegment(298)) - 8a78062d-fd74-4d8d-8398-6e0f2174c136-RaftLogWorker: Starting segment from index:0
2019-06-14 12:34:10,728 INFO  impl.RaftServerImpl (ServerState.java:setRaftConf(361)) - 8a78062d-fd74-4d8d-8398-6e0f2174c136:group-D8497E15DCF4 set configuration 0: [8a78062d-fd74-4d8d-8398-6e0f2174c136:192.168.105.183:45127], old=null at 0
2019-06-14 12:34:10,805 INFO  storage.RaftLogWorker (RaftLogWorker.java:execute(469)) - 8a78062d-fd74-4d8d-8398-6e0f2174c136-RaftLogWorker: created new log segment /opt/src/hadoop-ozone/integration-test/target/test-dir/MiniOzoneClusterImpl-de6618d7-845a-4ea7-aea0-d79b111cde80/datanode-6/data/ratis/773df60b-9539-4baa-b2a6-d8497e15dcf4/current/log_inprogress_0
2019-06-14 12:34:10,810 INFO  impl.FollowerState (FollowerState.java:run(101)) - aa8d3922-a174-46e3-9d17-8a82506be54b:group-C148317CA052 changes to CANDIDATE, lastRpcTime:1072, electionTimeout:1072ms
2019-06-14 12:34:10,810 INFO  impl.RoleInfo (RoleInfo.java:shutdownFollowerState(121)) - aa8d3922-a174-46e3-9d17-8a82506be54b: shutdown FollowerState
2019-06-14 12:34:10,810 INFO  impl.RaftServerImpl (RaftServerImpl.java:setRole(164)) - aa8d3922-a174-46e3-9d17-8a82506be54b:group-C148317CA052 changes role from FOLLOWER to CANDIDATE at term 0 for changeToCandidate
2019-06-14 12:34:10,810 INFO  impl.RoleInfo (RoleInfo.java:updateAndGet(143)) - aa8d3922-a174-46e3-9d17-8a82506be54b: start LeaderElection
2019-06-14 12:34:10,847 INFO  impl.LeaderElection (LeaderElection.java:askForVotes(181)) - aa8d3922-a174-46e3-9d17-8a82506be54b:group-C148317CA052:LeaderElection89: begin an election at term 1 for -1: [aa8d3922-a174-46e3-9d17-8a82506be54b:192.168.105.183:33459], old=null
2019-06-14 12:34:10,847 INFO  impl.RoleInfo (RoleInfo.java:shutdownLeaderElection(134)) - aa8d3922-a174-46e3-9d17-8a82506be54b: shutdown LeaderElection
2019-06-14 12:34:10,848 INFO  impl.RaftServerImpl (RaftServerImpl.java:setRole(164)) - aa8d3922-a174-46e3-9d17-8a82506be54b:group-C148317CA052 changes role from CANDIDATE to LEADER at term 1 for changeToLeader
2019-06-14 12:34:10,848 INFO  impl.RaftServerImpl (ServerState.java:setLeader(263)) - aa8d3922-a174-46e3-9d17-8a82506be54b:group-C148317CA052 change Leader from null to aa8d3922-a174-46e3-9d17-8a82506be54b at term 1 for becomeLeader, leader elected after 1111ms
2019-06-14 12:34:10,848 INFO  server.RaftServerConfigKeys (ConfUtils.java:logGet(43)) - raft.server.staging.catchup.gap = 1000 (default)
2019-06-14 12:34:10,848 INFO  server.RaftServerConfigKeys (ConfUtils.java:logGet(43)) - raft.server.rpc.sleep.time = 25ms (default)
2019-06-14 12:34:10,848 INFO  server.RaftServerConfigKeys (ConfUtils.java:logGet(43)) - raft.server.watch.timeout = 10s (default)
2019-06-14 12:34:10,848 INFO  server.RaftServerConfigKeys (ConfUtils.java:logGet(43)) - raft.server.watch.timeout.denomination = 1s (default)
2019-06-14 12:34:10,848 INFO  impl.RoleInfo (RoleInfo.java:updateAndGet(143)) - aa8d3922-a174-46e3-9d17-8a82506be54b: start LeaderState
2019-06-14 12:34:10,848 INFO  storage.RaftLogWorker (RaftLogWorker.java:startLogSegment(298)) - aa8d3922-a174-46e3-9d17-8a82506be54b-RaftLogWorker: Starting segment from index:0
2019-06-14 12:34:10,849 INFO  impl.RaftServerImpl (ServerState.java:setRaftConf(361)) - aa8d3922-a174-46e3-9d17-8a82506be54b:group-C148317CA052 set configuration 0: [aa8d3922-a174-46e3-9d17-8a82506be54b:192.168.105.183:33459], old=null at 0
2019-06-14 12:34:10,893 INFO  impl.FollowerState (FollowerState.java:run(101)) - 808667aa-de5f-452e-a41f-5212f0378554:group-4B264B6E65DA changes to CANDIDATE, lastRpcTime:1012, electionTimeout:1007ms
2019-06-14 12:34:10,893 INFO  impl.RoleInfo (RoleInfo.java:shutdownFollowerState(121)) - 808667aa-de5f-452e-a41f-5212f0378554: shutdown FollowerState
2019-06-14 12:34:10,893 INFO  impl.RaftServerImpl (RaftServerImpl.java:setRole(164)) - 808667aa-de5f-452e-a41f-5212f0378554:group-4B264B6E65DA changes role from FOLLOWER to CANDIDATE at term 0 for changeToCandidate
2019-06-14 12:34:10,893 INFO  impl.RoleInfo (RoleInfo.java:updateAndGet(143)) - 808667aa-de5f-452e-a41f-5212f0378554: start LeaderElection
2019-06-14 12:34:10,895 INFO  impl.FollowerState (FollowerState.java:run(101)) - 26129bf1-b4f2-40d3-a939-935ce4d55851:group-4B264B6E65DA changes to CANDIDATE, lastRpcTime:1016, electionTimeout:1015ms
2019-06-14 12:34:10,895 INFO  impl.RoleInfo (RoleInfo.java:shutdownFollowerState(121)) - 26129bf1-b4f2-40d3-a939-935ce4d55851: shutdown FollowerState
2019-06-14 12:34:10,895 INFO  impl.RaftServerImpl (RaftServerImpl.java:setRole(164)) - 26129bf1-b4f2-40d3-a939-935ce4d55851:group-4B264B6E65DA changes role from FOLLOWER to CANDIDATE at term 0 for changeToCandidate
2019-06-14 12:34:10,895 INFO  impl.RoleInfo (RoleInfo.java:updateAndGet(143)) - 26129bf1-b4f2-40d3-a939-935ce4d55851: start LeaderElection
2019-06-14 12:34:10,912 INFO  impl.LeaderElection (LeaderElection.java:askForVotes(181)) - 808667aa-de5f-452e-a41f-5212f0378554:group-4B264B6E65DA:LeaderElection90: begin an election at term 1 for -1: [808667aa-de5f-452e-a41f-5212f0378554:192.168.105.183:33039, 26129bf1-b4f2-40d3-a939-935ce4d55851:192.168.105.183:42751, a2ab53ed-d387-47d9-b912-f37c336f0f6d:192.168.105.183:35067], old=null
2019-06-14 12:34:10,912 INFO  storage.RaftLogWorker (RaftLogWorker.java:execute(469)) - aa8d3922-a174-46e3-9d17-8a82506be54b-RaftLogWorker: created new log segment /opt/src/hadoop-ozone/integration-test/target/test-dir/MiniOzoneClusterImpl-de6618d7-845a-4ea7-aea0-d79b111cde80/datanode-4/data/ratis/565735ce-d73c-41c8-bd07-c148317ca052/current/log_inprogress_0
2019-06-14 12:34:10,913 INFO  impl.LeaderElection (LeaderElection.java:askForVotes(181)) - 26129bf1-b4f2-40d3-a939-935ce4d55851:group-4B264B6E65DA:LeaderElection91: begin an election at term 1 for -1: [808667aa-de5f-452e-a41f-5212f0378554:192.168.105.183:33039, 26129bf1-b4f2-40d3-a939-935ce4d55851:192.168.105.183:42751, a2ab53ed-d387-47d9-b912-f37c336f0f6d:192.168.105.183:35067], old=null
2019-06-14 12:34:10,925 INFO  impl.FollowerState (FollowerState.java:run(101)) - a2ab53ed-d387-47d9-b912-f37c336f0f6d:group-4B264B6E65DA changes to CANDIDATE, lastRpcTime:1039, electionTimeout:1038ms
2019-06-14 12:34:10,925 INFO  impl.RoleInfo (RoleInfo.java:shutdownFollowerState(121)) - a2ab53ed-d387-47d9-b912-f37c336f0f6d: shutdown FollowerState
2019-06-14 12:34:10,925 INFO  impl.RaftServerImpl (RaftServerImpl.java:setRole(164)) - a2ab53ed-d387-47d9-b912-f37c336f0f6d:group-4B264B6E65DA changes role from FOLLOWER to CANDIDATE at term 0 for changeToCandidate
2019-06-14 12:34:10,926 INFO  impl.RoleInfo (RoleInfo.java:updateAndGet(143)) - a2ab53ed-d387-47d9-b912-f37c336f0f6d: start LeaderElection
2019-06-14 12:34:10,956 INFO  impl.LeaderElection (LeaderElection.java:askForVotes(181)) - a2ab53ed-d387-47d9-b912-f37c336f0f6d:group-4B264B6E65DA:LeaderElection92: begin an election at term 1 for -1: [808667aa-de5f-452e-a41f-5212f0378554:192.168.105.183:33039, 26129bf1-b4f2-40d3-a939-935ce4d55851:192.168.105.183:42751, a2ab53ed-d387-47d9-b912-f37c336f0f6d:192.168.105.183:35067], old=null
2019-06-14 12:34:10,958 INFO  impl.LeaderElection (LeaderElection.java:logAndReturn(56)) - 808667aa-de5f-452e-a41f-5212f0378554:group-4B264B6E65DA:LeaderElection90: Election REJECTED; received 2 response(s) [808667aa-de5f-452e-a41f-5212f0378554->26129bf1-b4f2-40d3-a939-935ce4d55851,false-t1, 808667aa-de5f-452e-a41f-5212f0378554->a2ab53ed-d387-47d9-b912-f37c336f0f6d,false-t1] and 0 exception(s); 808667aa-de5f-452e-a41f-5212f0378554:t1, leader=null, voted=808667aa-de5f-452e-a41f-5212f0378554, raftlog=808667aa-de5f-452e-a41f-5212f0378554-SegmentedRaftLog:OPENED:c-1,f-1,i0, conf=-1: [808667aa-de5f-452e-a41f-5212f0378554:192.168.105.183:33039, 26129bf1-b4f2-40d3-a939-935ce4d55851:192.168.105.183:42751, a2ab53ed-d387-47d9-b912-f37c336f0f6d:192.168.105.183:35067], old=null
2019-06-14 12:34:10,958 INFO  impl.RaftServerImpl (RaftServerImpl.java:setRole(164)) - 808667aa-de5f-452e-a41f-5212f0378554:group-4B264B6E65DA changes role from CANDIDATE to FOLLOWER at term 1 for DISCOVERED_A_NEW_TERM
2019-06-14 12:34:10,958 INFO  impl.RoleInfo (RoleInfo.java:shutdownLeaderElection(134)) - 808667aa-de5f-452e-a41f-5212f0378554: shutdown LeaderElection
2019-06-14 12:34:10,958 INFO  impl.RoleInfo (RoleInfo.java:updateAndGet(143)) - 808667aa-de5f-452e-a41f-5212f0378554: start FollowerState
2019-06-14 12:34:10,959 INFO  impl.LeaderElection (LeaderElection.java:logAndReturn(56)) - 26129bf1-b4f2-40d3-a939-935ce4d55851:group-4B264B6E65DA:LeaderElection91: Election REJECTED; received 2 response(s) [26129bf1-b4f2-40d3-a939-935ce4d55851->808667aa-de5f-452e-a41f-5212f0378554,false-t1, 26129bf1-b4f2-40d3-a939-935ce4d55851->a2ab53ed-d387-47d9-b912-f37c336f0f6d,false-t1] and 0 exception(s); 26129bf1-b4f2-40d3-a939-935ce4d55851:t1, leader=null, voted=26129bf1-b4f2-40d3-a939-935ce4d55851, raftlog=26129bf1-b4f2-40d3-a939-935ce4d55851-SegmentedRaftLog:OPENED:c-1,f-1,i0, conf=-1: [808667aa-de5f-452e-a41f-5212f0378554:192.168.105.183:33039, 26129bf1-b4f2-40d3-a939-935ce4d55851:192.168.105.183:42751, a2ab53ed-d387-47d9-b912-f37c336f0f6d:192.168.105.183:35067], old=null
2019-06-14 12:34:10,959 INFO  impl.RaftServerImpl (RaftServerImpl.java:setRole(164)) - 26129bf1-b4f2-40d3-a939-935ce4d55851:group-4B264B6E65DA changes role from CANDIDATE to FOLLOWER at term 1 for DISCOVERED_A_NEW_TERM
2019-06-14 12:34:10,960 INFO  impl.RoleInfo (RoleInfo.java:shutdownLeaderElection(134)) - 26129bf1-b4f2-40d3-a939-935ce4d55851: shutdown LeaderElection
2019-06-14 12:34:10,960 INFO  impl.RoleInfo (RoleInfo.java:updateAndGet(143)) - 26129bf1-b4f2-40d3-a939-935ce4d55851: start FollowerState
2019-06-14 12:34:10,965 INFO  impl.LeaderElection (LeaderElection.java:logAndReturn(56)) - a2ab53ed-d387-47d9-b912-f37c336f0f6d:group-4B264B6E65DA:LeaderElection92: Election REJECTED; received 2 response(s) [a2ab53ed-d387-47d9-b912-f37c336f0f6d->808667aa-de5f-452e-a41f-5212f0378554,false-t1, a2ab53ed-d387-47d9-b912-f37c336f0f6d->26129bf1-b4f2-40d3-a939-935ce4d55851,false-t1] and 0 exception(s); a2ab53ed-d387-47d9-b912-f37c336f0f6d:t1, leader=null, voted=a2ab53ed-d387-47d9-b912-f37c336f0f6d, raftlog=a2ab53ed-d387-47d9-b912-f37c336f0f6d-SegmentedRaftLog:OPENED:c-1,f-1,i0, conf=-1: [808667aa-de5f-452e-a41f-5212f0378554:192.168.105.183:33039, 26129bf1-b4f2-40d3-a939-935ce4d55851:192.168.105.183:42751, a2ab53ed-d387-47d9-b912-f37c336f0f6d:192.168.105.183:35067], old=null
2019-06-14 12:34:10,965 INFO  impl.RaftServerImpl (RaftServerImpl.java:setRole(164)) - a2ab53ed-d387-47d9-b912-f37c336f0f6d:group-4B264B6E65DA changes role from CANDIDATE to FOLLOWER at term 1 for DISCOVERED_A_NEW_TERM
2019-06-14 12:34:10,966 INFO  impl.RoleInfo (RoleInfo.java:shutdownLeaderElection(134)) - a2ab53ed-d387-47d9-b912-f37c336f0f6d: shutdown LeaderElection
2019-06-14 12:34:10,966 INFO  impl.RoleInfo (RoleInfo.java:updateAndGet(143)) - a2ab53ed-d387-47d9-b912-f37c336f0f6d: start FollowerState
2019-06-14 12:34:11,114 INFO  impl.FollowerState (FollowerState.java:run(101)) - 15665d71-759c-40dc-b311-4d2cd9ec9e4a:group-781E45F9E3AB changes to CANDIDATE, lastRpcTime:1140, electionTimeout:1140ms
2019-06-14 12:34:11,114 INFO  impl.RoleInfo (RoleInfo.java:shutdownFollowerState(121)) - 15665d71-759c-40dc-b311-4d2cd9ec9e4a: shutdown FollowerState
2019-06-14 12:34:11,114 INFO  impl.RaftServerImpl (RaftServerImpl.java:setRole(164)) - 15665d71-759c-40dc-b311-4d2cd9ec9e4a:group-781E45F9E3AB changes role from FOLLOWER to CANDIDATE at term 0 for changeToCandidate
2019-06-14 12:34:11,114 INFO  impl.RoleInfo (RoleInfo.java:updateAndGet(143)) - 15665d71-759c-40dc-b311-4d2cd9ec9e4a: start LeaderElection
2019-06-14 12:34:11,116 INFO  impl.FollowerState (FollowerState.java:run(101)) - 1c68e4b9-ac1a-45b7-b62a-ab3e40c93739:group-781E45F9E3AB changes to CANDIDATE, lastRpcTime:1141, electionTimeout:1140ms
2019-06-14 12:34:11,116 INFO  impl.RoleInfo (RoleInfo.java:shutdownFollowerState(121)) - 1c68e4b9-ac1a-45b7-b62a-ab3e40c93739: shutdown FollowerState
2019-06-14 12:34:11,116 INFO  impl.RaftServerImpl (RaftServerImpl.java:setRole(164)) - 1c68e4b9-ac1a-45b7-b62a-ab3e40c93739:group-781E45F9E3AB changes role from FOLLOWER to CANDIDATE at term 0 for changeToCandidate
2019-06-14 12:34:11,116 INFO  impl.RoleInfo (RoleInfo.java:updateAndGet(143)) - 1c68e4b9-ac1a-45b7-b62a-ab3e40c93739: start LeaderElection
2019-06-14 12:34:11,134 INFO  impl.FollowerState (FollowerState.java:run(101)) - 8a78062d-fd74-4d8d-8398-6e0f2174c136:group-781E45F9E3AB changes to CANDIDATE, lastRpcTime:1162, electionTimeout:1162ms
2019-06-14 12:34:11,134 INFO  impl.RoleInfo (RoleInfo.java:shutdownFollowerState(121)) - 8a78062d-fd74-4d8d-8398-6e0f2174c136: shutdown FollowerState
2019-06-14 12:34:11,134 INFO  impl.RaftServerImpl (RaftServerImpl.java:setRole(164)) - 8a78062d-fd74-4d8d-8398-6e0f2174c136:group-781E45F9E3AB changes role from FOLLOWER to CANDIDATE at term 0 for changeToCandidate
2019-06-14 12:34:11,134 INFO  impl.RoleInfo (RoleInfo.java:updateAndGet(143)) - 8a78062d-fd74-4d8d-8398-6e0f2174c136: start LeaderElection
2019-06-14 12:34:11,154 INFO  impl.LeaderElection (LeaderElection.java:askForVotes(181)) - 15665d71-759c-40dc-b311-4d2cd9ec9e4a:group-781E45F9E3AB:LeaderElection93: begin an election at term 1 for -1: [15665d71-759c-40dc-b311-4d2cd9ec9e4a:192.168.105.183:35327, 8a78062d-fd74-4d8d-8398-6e0f2174c136:192.168.105.183:45127, 1c68e4b9-ac1a-45b7-b62a-ab3e40c93739:192.168.105.183:41035], old=null
2019-06-14 12:34:11,155 INFO  impl.LeaderElection (LeaderElection.java:askForVotes(181)) - 1c68e4b9-ac1a-45b7-b62a-ab3e40c93739:group-781E45F9E3AB:LeaderElection94: begin an election at term 1 for -1: [15665d71-759c-40dc-b311-4d2cd9ec9e4a:192.168.105.183:35327, 8a78062d-fd74-4d8d-8398-6e0f2174c136:192.168.105.183:45127, 1c68e4b9-ac1a-45b7-b62a-ab3e40c93739:192.168.105.183:41035], old=null
2019-06-14 12:34:11,154 INFO  impl.LeaderElection (LeaderElection.java:askForVotes(181)) - 8a78062d-fd74-4d8d-8398-6e0f2174c136:group-781E45F9E3AB:LeaderElection95: begin an election at term 1 for -1: [15665d71-759c-40dc-b311-4d2cd9ec9e4a:192.168.105.183:35327, 8a78062d-fd74-4d8d-8398-6e0f2174c136:192.168.105.183:45127, 1c68e4b9-ac1a-45b7-b62a-ab3e40c93739:192.168.105.183:41035], old=null
2019-06-14 12:34:11,173 INFO  impl.LeaderElection (LeaderElection.java:logAndReturn(56)) - 8a78062d-fd74-4d8d-8398-6e0f2174c136:group-781E45F9E3AB:LeaderElection95: Election REJECTED; received 2 response(s) [8a78062d-fd74-4d8d-8398-6e0f2174c136->15665d71-759c-40dc-b311-4d2cd9ec9e4a,false-t1, 8a78062d-fd74-4d8d-8398-6e0f2174c136->1c68e4b9-ac1a-45b7-b62a-ab3e40c93739,false-t1] and 0 exception(s); 8a78062d-fd74-4d8d-8398-6e0f2174c136:t1, leader=null, voted=8a78062d-fd74-4d8d-8398-6e0f2174c136, raftlog=8a78062d-fd74-4d8d-8398-6e0f2174c136-SegmentedRaftLog:OPENED:c-1,f-1,i0, conf=-1: [15665d71-759c-40dc-b311-4d2cd9ec9e4a:192.168.105.183:35327, 8a78062d-fd74-4d8d-8398-6e0f2174c136:192.168.105.183:45127, 1c68e4b9-ac1a-45b7-b62a-ab3e40c93739:192.168.105.183:41035], old=null
2019-06-14 12:34:11,173 INFO  impl.RaftServerImpl (RaftServerImpl.java:setRole(164)) - 8a78062d-fd74-4d8d-8398-6e0f2174c136:group-781E45F9E3AB changes role from CANDIDATE to FOLLOWER at term 1 for DISCOVERED_A_NEW_TERM
2019-06-14 12:34:11,173 INFO  impl.RoleInfo (RoleInfo.java:shutdownLeaderElection(134)) - 8a78062d-fd74-4d8d-8398-6e0f2174c136: shutdown LeaderElection
2019-06-14 12:34:11,173 INFO  impl.RoleInfo (RoleInfo.java:updateAndGet(143)) - 8a78062d-fd74-4d8d-8398-6e0f2174c136: start FollowerState
2019-06-14 12:34:11,174 INFO  impl.LeaderElection (LeaderElection.java:logAndReturn(56)) - 1c68e4b9-ac1a-45b7-b62a-ab3e40c93739:group-781E45F9E3AB:LeaderElection94: Election REJECTED; received 2 response(s) [1c68e4b9-ac1a-45b7-b62a-ab3e40c93739->15665d71-759c-40dc-b311-4d2cd9ec9e4a,false-t1, 1c68e4b9-ac1a-45b7-b62a-ab3e40c93739->8a78062d-fd74-4d8d-8398-6e0f2174c136,false-t1] and 0 exception(s); 1c68e4b9-ac1a-45b7-b62a-ab3e40c93739:t1, leader=null, voted=1c68e4b9-ac1a-45b7-b62a-ab3e40c93739, raftlog=1c68e4b9-ac1a-45b7-b62a-ab3e40c93739-SegmentedRaftLog:OPENED:c-1,f-1,i0, conf=-1: [15665d71-759c-40dc-b311-4d2cd9ec9e4a:192.168.105.183:35327, 8a78062d-fd74-4d8d-8398-6e0f2174c136:192.168.105.183:45127, 1c68e4b9-ac1a-45b7-b62a-ab3e40c93739:192.168.105.183:41035], old=null
2019-06-14 12:34:11,174 INFO  impl.RaftServerImpl (RaftServerImpl.java:setRole(164)) - 1c68e4b9-ac1a-45b7-b62a-ab3e40c93739:group-781E45F9E3AB changes role from CANDIDATE to FOLLOWER at term 1 for DISCOVERED_A_NEW_TERM
2019-06-14 12:34:11,174 INFO  impl.RoleInfo (RoleInfo.java:shutdownLeaderElection(134)) - 1c68e4b9-ac1a-45b7-b62a-ab3e40c93739: shutdown LeaderElection
2019-06-14 12:34:11,174 INFO  impl.RoleInfo (RoleInfo.java:updateAndGet(143)) - 1c68e4b9-ac1a-45b7-b62a-ab3e40c93739: start FollowerState
2019-06-14 12:34:11,175 INFO  impl.LeaderElection (LeaderElection.java:logAndReturn(56)) - 15665d71-759c-40dc-b311-4d2cd9ec9e4a:group-781E45F9E3AB:LeaderElection93: Election REJECTED; received 2 response(s) [15665d71-759c-40dc-b311-4d2cd9ec9e4a->8a78062d-fd74-4d8d-8398-6e0f2174c136,false-t1, 15665d71-759c-40dc-b311-4d2cd9ec9e4a->1c68e4b9-ac1a-45b7-b62a-ab3e40c93739,false-t1] and 0 exception(s); 15665d71-759c-40dc-b311-4d2cd9ec9e4a:t1, leader=null, voted=15665d71-759c-40dc-b311-4d2cd9ec9e4a, raftlog=15665d71-759c-40dc-b311-4d2cd9ec9e4a-SegmentedRaftLog:OPENED:c-1,f-1,i0, conf=-1: [15665d71-759c-40dc-b311-4d2cd9ec9e4a:192.168.105.183:35327, 8a78062d-fd74-4d8d-8398-6e0f2174c136:192.168.105.183:45127, 1c68e4b9-ac1a-45b7-b62a-ab3e40c93739:192.168.105.183:41035], old=null
2019-06-14 12:34:11,175 INFO  impl.RaftServerImpl (RaftServerImpl.java:setRole(164)) - 15665d71-759c-40dc-b311-4d2cd9ec9e4a:group-781E45F9E3AB changes role from CANDIDATE to FOLLOWER at term 1 for DISCOVERED_A_NEW_TERM
2019-06-14 12:34:11,175 INFO  impl.RoleInfo (RoleInfo.java:shutdownLeaderElection(134)) - 15665d71-759c-40dc-b311-4d2cd9ec9e4a: shutdown LeaderElection
2019-06-14 12:34:11,175 INFO  impl.RoleInfo (RoleInfo.java:updateAndGet(143)) - 15665d71-759c-40dc-b311-4d2cd9ec9e4a: start FollowerState
2019-06-14 12:34:11,193 INFO  client.GrpcClientProtocolClient (GrpcClientProtocolClient.java:onNext(254)) - client-AC7A151ED13D->a2ab53ed-d387-47d9-b912-f37c336f0f6d: receive RaftClientReply:client-AC7A151ED13D->a2ab53ed-d387-47d9-b912-f37c336f0f6d@group-4B264B6E65DA, cid=103, FAILED org.apache.ratis.protocol.NotLeaderException: Server a2ab53ed-d387-47d9-b912-f37c336f0f6d is not the leader (808667aa-de5f-452e-a41f-5212f0378554:192.168.105.183:33039). Request must be sent to leader., logIndex=0, commits[a2ab53ed-d387-47d9-b912-f37c336f0f6d:c-1]
2019-06-14 12:34:11,194 WARN  client.GrpcClientProtocolService (LogUtils.java:warn(134)) - 0-OrderedRequestStreamObserver0: onError: org.apache.ratis.thirdparty.io.grpc.StatusRuntimeException: CANCELLED: cancelled before receiving half close
2019-06-14 12:34:11,973 INFO  impl.FollowerState (FollowerState.java:run(101)) - 808667aa-de5f-452e-a41f-5212f0378554:group-4B264B6E65DA changes to CANDIDATE, lastRpcTime:1014, electionTimeout:1013ms
2019-06-14 12:34:11,973 INFO  impl.RoleInfo (RoleInfo.java:shutdownFollowerState(121)) - 808667aa-de5f-452e-a41f-5212f0378554: shutdown FollowerState
2019-06-14 12:34:11,973 INFO  impl.RaftServerImpl (RaftServerImpl.java:setRole(164)) - 808667aa-de5f-452e-a41f-5212f0378554:group-4B264B6E65DA changes role from FOLLOWER to CANDIDATE at term 1 for changeToCandidate
2019-06-14 12:34:11,973 INFO  impl.RoleInfo (RoleInfo.java:updateAndGet(143)) - 808667aa-de5f-452e-a41f-5212f0378554: start LeaderElection
2019-06-14 12:34:12,009 INFO  impl.LeaderElection (LeaderElection.java:askForVotes(181)) - 808667aa-de5f-452e-a41f-5212f0378554:group-4B264B6E65DA:LeaderElection96: begin an election at term 2 for -1: [808667aa-de5f-452e-a41f-5212f0378554:192.168.105.183:33039, 26129bf1-b4f2-40d3-a939-935ce4d55851:192.168.105.183:42751, a2ab53ed-d387-47d9-b912-f37c336f0f6d:192.168.105.183:35067], old=null
2019-06-14 12:34:12,010 INFO  impl.FollowerState (FollowerState.java:run(101)) - 26129bf1-b4f2-40d3-a939-935ce4d55851:group-4B264B6E65DA changes to CANDIDATE, lastRpcTime:1050, electionTimeout:1048ms
2019-06-14 12:34:12,011 INFO  impl.RoleInfo (RoleInfo.java:shutdownFollowerState(121)) - 26129bf1-b4f2-40d3-a939-935ce4d55851: shutdown FollowerState
2019-06-14 12:34:12,011 INFO  impl.RaftServerImpl (RaftServerImpl.java:setRole(164)) - 26129bf1-b4f2-40d3-a939-935ce4d55851:group-4B264B6E65DA changes role from FOLLOWER to CANDIDATE at term 1 for changeToCandidate
2019-06-14 12:34:12,011 INFO  impl.RoleInfo (RoleInfo.java:updateAndGet(143)) - 26129bf1-b4f2-40d3-a939-935ce4d55851: start LeaderElection
2019-06-14 12:34:12,012 INFO  impl.RaftServerImpl (RaftServerImpl.java:setRole(164)) - a2ab53ed-d387-47d9-b912-f37c336f0f6d:group-4B264B6E65DA changes role from FOLLOWER to FOLLOWER at term 2 for recognizeCandidate:808667aa-de5f-452e-a41f-5212f0378554
2019-06-14 12:34:12,012 INFO  impl.RoleInfo (RoleInfo.java:shutdownFollowerState(121)) - a2ab53ed-d387-47d9-b912-f37c336f0f6d: shutdown FollowerState
2019-06-14 12:34:12,013 INFO  impl.RoleInfo (RoleInfo.java:updateAndGet(143)) - a2ab53ed-d387-47d9-b912-f37c336f0f6d: start FollowerState
2019-06-14 12:34:12,013 INFO  impl.RaftServerImpl (RaftServerImpl.java:setRole(164)) - 26129bf1-b4f2-40d3-a939-935ce4d55851:group-4B264B6E65DA changes role from CANDIDATE to FOLLOWER at term 2 for recognizeCandidate:808667aa-de5f-452e-a41f-5212f0378554
2019-06-14 12:34:12,014 INFO  impl.RoleInfo (RoleInfo.java:shutdownLeaderElection(134)) - 26129bf1-b4f2-40d3-a939-935ce4d55851: shutdown LeaderElection
2019-06-14 12:34:12,014 INFO  impl.FollowerState (FollowerState.java:run(109)) - a2ab53ed-d387-47d9-b912-f37c336f0f6d: FollowerState was interrupted: java.lang.InterruptedException: sleep interrupted
2019-06-14 12:34:12,017 INFO  impl.RoleInfo (RoleInfo.java:updateAndGet(143)) - 26129bf1-b4f2-40d3-a939-935ce4d55851: start FollowerState
2019-06-14 12:34:12,061 INFO  impl.LeaderElection (LeaderElection.java:logAndReturn(56)) - 808667aa-de5f-452e-a41f-5212f0378554:group-4B264B6E65DA:LeaderElection96: Election PASSED; received 1 response(s) [808667aa-de5f-452e-a41f-5212f0378554->a2ab53ed-d387-47d9-b912-f37c336f0f6d,true-t2] and 0 exception(s); 808667aa-de5f-452e-a41f-5212f0378554:t2, leader=null, voted=808667aa-de5f-452e-a41f-5212f0378554, raftlog=808667aa-de5f-452e-a41f-5212f0378554-SegmentedRaftLog:OPENED:c-1,f-1,i0, conf=-1: [808667aa-de5f-452e-a41f-5212f0378554:192.168.105.183:33039, 26129bf1-b4f2-40d3-a939-935ce4d55851:192.168.105.183:42751, a2ab53ed-d387-47d9-b912-f37c336f0f6d:192.168.105.183:35067], old=null
2019-06-14 12:34:12,061 INFO  impl.RoleInfo (RoleInfo.java:shutdownLeaderElection(134)) - 808667aa-de5f-452e-a41f-5212f0378554: shutdown LeaderElection
2019-06-14 12:34:12,061 INFO  impl.RaftServerImpl (RaftServerImpl.java:setRole(164)) - 808667aa-de5f-452e-a41f-5212f0378554:group-4B264B6E65DA changes role from CANDIDATE to LEADER at term 2 for changeToLeader
2019-06-14 12:34:12,061 INFO  impl.RaftServerImpl (ServerState.java:setLeader(263)) - 808667aa-de5f-452e-a41f-5212f0378554:group-4B264B6E65DA change Leader from null to 808667aa-de5f-452e-a41f-5212f0378554 at term 2 for becomeLeader, leader elected after 2189ms
2019-06-14 12:34:12,062 INFO  server.RaftServerConfigKeys (ConfUtils.java:logGet(43)) - raft.server.staging.catchup.gap = 1000 (default)
2019-06-14 12:34:12,062 INFO  server.RaftServerConfigKeys (ConfUtils.java:logGet(43)) - raft.server.rpc.sleep.time = 25ms (default)
2019-06-14 12:34:12,062 INFO  server.RaftServerConfigKeys (ConfUtils.java:logGet(43)) - raft.server.watch.timeout = 10s (default)
2019-06-14 12:34:12,062 INFO  server.RaftServerConfigKeys (ConfUtils.java:logGet(43)) - raft.server.watch.timeout.denomination = 1s (default)
2019-06-14 12:34:12,062 INFO  server.RaftServerConfigKeys (ConfUtils.java:logGet(43)) - raft.server.log.appender.snapshot.chunk.size.max = 16MB (=16777216) (default)
2019-06-14 12:34:12,062 INFO  server.RaftServerConfigKeys (ConfUtils.java:logGet(43)) - raft.server.log.appender.buffer.byte-limit = 33554432 (custom)
2019-06-14 12:34:12,062 INFO  server.RaftServerConfigKeys (ConfUtils.java:logGet(43)) - raft.server.log.appender.buffer.element-limit = 1 (custom)
2019-06-14 12:34:12,062 INFO  grpc.GrpcConfigKeys$Server (ConfUtils.java:logGet(43)) - raft.grpc.server.leader.outstanding.appends.max = 128 (default)
2019-06-14 12:34:12,062 INFO  server.RaftServerConfigKeys (ConfUtils.java:logGet(43)) - raft.server.rpc.request.timeout = 3000ms (default)
2019-06-14 12:34:12,063 INFO  server.RaftServerConfigKeys (ConfUtils.java:logGet(43)) - raft.server.log.appender.install.snapshot.enabled = true (default)
2019-06-14 12:34:12,063 INFO  server.RaftServerConfigKeys (ConfUtils.java:logGet(43)) - raft.server.log.appender.snapshot.chunk.size.max = 16MB (=16777216) (default)
2019-06-14 12:34:12,063 INFO  server.RaftServerConfigKeys (ConfUtils.java:logGet(43)) - raft.server.log.appender.buffer.byte-limit = 33554432 (custom)
2019-06-14 12:34:12,063 INFO  server.RaftServerConfigKeys (ConfUtils.java:logGet(43)) - raft.server.log.appender.buffer.element-limit = 1 (custom)
2019-06-14 12:34:12,063 INFO  grpc.GrpcConfigKeys$Server (ConfUtils.java:logGet(43)) - raft.grpc.server.leader.outstanding.appends.max = 128 (default)
2019-06-14 12:34:12,063 INFO  server.RaftServerConfigKeys (ConfUtils.java:logGet(43)) - raft.server.rpc.request.timeout = 3000ms (default)
2019-06-14 12:34:12,063 INFO  server.RaftServerConfigKeys (ConfUtils.java:logGet(43)) - raft.server.log.appender.install.snapshot.enabled = true (default)
2019-06-14 12:34:12,063 INFO  impl.RoleInfo (RoleInfo.java:updateAndGet(143)) - 808667aa-de5f-452e-a41f-5212f0378554: start LeaderState
2019-06-14 12:34:12,063 INFO  storage.RaftLogWorker (RaftLogWorker.java:startLogSegment(298)) - 808667aa-de5f-452e-a41f-5212f0378554-RaftLogWorker: Starting segment from index:0
2019-06-14 12:34:12,073 INFO  impl.RaftServerImpl (ServerState.java:setRaftConf(361)) - 808667aa-de5f-452e-a41f-5212f0378554:group-4B264B6E65DA set configuration 0: [808667aa-de5f-452e-a41f-5212f0378554:192.168.105.183:33039, 26129bf1-b4f2-40d3-a939-935ce4d55851:192.168.105.183:42751, a2ab53ed-d387-47d9-b912-f37c336f0f6d:192.168.105.183:35067], old=null at 0
2019-06-14 12:34:12,078 INFO  impl.RaftServerImpl (ServerState.java:setLeader(263)) - a2ab53ed-d387-47d9-b912-f37c336f0f6d:group-4B264B6E65DA change Leader from null to 808667aa-de5f-452e-a41f-5212f0378554 at term 2 for appendEntries, leader elected after 2206ms
2019-06-14 12:34:12,110 INFO  impl.RaftServerImpl (ServerState.java:setRaftConf(361)) - a2ab53ed-d387-47d9-b912-f37c336f0f6d:group-4B264B6E65DA set configuration 0: [808667aa-de5f-452e-a41f-5212f0378554:192.168.105.183:33039, 26129bf1-b4f2-40d3-a939-935ce4d55851:192.168.105.183:42751, a2ab53ed-d387-47d9-b912-f37c336f0f6d:192.168.105.183:35067], old=null at 0
2019-06-14 12:34:12,110 INFO  storage.RaftLogWorker (RaftLogWorker.java:startLogSegment(298)) - a2ab53ed-d387-47d9-b912-f37c336f0f6d-RaftLogWorker: Starting segment from index:0
2019-06-14 12:34:12,133 INFO  impl.LeaderElection (LeaderElection.java:askForVotes(181)) - 26129bf1-b4f2-40d3-a939-935ce4d55851:group-4B264B6E65DA:LeaderElection97: begin an election at term 3 for -1: [808667aa-de5f-452e-a41f-5212f0378554:192.168.105.183:33039, 26129bf1-b4f2-40d3-a939-935ce4d55851:192.168.105.183:42751, a2ab53ed-d387-47d9-b912-f37c336f0f6d:192.168.105.183:35067], old=null
2019-06-14 12:34:12,134 INFO  impl.RaftServerImpl (ServerState.java:setLeader(263)) - 808667aa-de5f-452e-a41f-5212f0378554:group-4B264B6E65DA change Leader from 808667aa-de5f-452e-a41f-5212f0378554 to null at term 3 for updateCurrentTerm
2019-06-14 12:34:12,135 INFO  impl.RaftServerImpl (RaftServerImpl.java:setRole(164)) - 808667aa-de5f-452e-a41f-5212f0378554:group-4B264B6E65DA changes role from LEADER to FOLLOWER at term 3 for stepDown
2019-06-14 12:34:12,135 INFO  impl.RoleInfo (RoleInfo.java:shutdownLeaderState(104)) - 808667aa-de5f-452e-a41f-5212f0378554: shutdown LeaderState
2019-06-14 12:34:12,135 INFO  server.GrpcServerProtocolService (GrpcServerProtocolService.java:onCompleted(104)) - 26129bf1-b4f2-40d3-a939-935ce4d55851: appendEntries completed
2019-06-14 12:34:12,135 INFO  server.GrpcLogAppender (GrpcLogAppender.java:onCompleted(277)) - 808667aa-de5f-452e-a41f-5212f0378554: follower 808667aa-de5f-452e-a41f-5212f0378554->26129bf1-b4f2-40d3-a939-935ce4d55851(c-1,m0,n0, attendVote=true, lastRpcSendTime=58, lastRpcResponseTime=1) response Completed
2019-06-14 12:34:12,136 INFO  impl.FollowerInfo (FollowerInfo.java:lambda$new$0(50)) - 808667aa-de5f-452e-a41f-5212f0378554->26129bf1-b4f2-40d3-a939-935ce4d55851: nextIndex: updateUnconditionally 0 -> 0
2019-06-14 12:34:12,137 INFO  impl.LeaderElection (LeaderElection.java:logAndReturn(56)) - 26129bf1-b4f2-40d3-a939-935ce4d55851:group-4B264B6E65DA:LeaderElection97: Election REJECTED; received 0 response(s) [] and 0 exception(s); 26129bf1-b4f2-40d3-a939-935ce4d55851:t3, leader=null, voted=26129bf1-b4f2-40d3-a939-935ce4d55851, raftlog=26129bf1-b4f2-40d3-a939-935ce4d55851-SegmentedRaftLog:OPENED:c-1,f-1,i0, conf=-1: [808667aa-de5f-452e-a41f-5212f0378554:192.168.105.183:33039, 26129bf1-b4f2-40d3-a939-935ce4d55851:192.168.105.183:42751, a2ab53ed-d387-47d9-b912-f37c336f0f6d:192.168.105.183:35067], old=null
2019-06-14 12:34:12,138 INFO  impl.PendingRequests (PendingRequests.java:sendNotLeaderResponses(140)) - 808667aa-de5f-452e-a41f-5212f0378554-PendingRequests: sendNotLeaderResponses
2019-06-14 12:34:12,138 WARN  server.GrpcLogAppender (GrpcLogAppender.java:mayWait(142)) - GrpcLogAppender(808667aa-de5f-452e-a41f-5212f0378554 -> a2ab53ed-d387-47d9-b912-f37c336f0f6d): Wait interrupted by java.lang.InterruptedException
2019-06-14 12:34:12,155 INFO  impl.RoleInfo (RoleInfo.java:updateAndGet(143)) - 808667aa-de5f-452e-a41f-5212f0378554: start FollowerState
2019-06-14 12:34:12,155 INFO  server.GrpcServerProtocolService (GrpcServerProtocolService.java:onCompleted(104)) - a2ab53ed-d387-47d9-b912-f37c336f0f6d: appendEntries completed
2019-06-14 12:34:12,155 INFO  server.GrpcLogAppender (GrpcLogAppender.java:onCompleted(277)) - 808667aa-de5f-452e-a41f-5212f0378554: follower 808667aa-de5f-452e-a41f-5212f0378554->a2ab53ed-d387-47d9-b912-f37c336f0f6d(c-1,m0,n1, attendVote=true, lastRpcSendTime=45, lastRpcResponseTime=53) response Completed
2019-06-14 12:34:12,156 INFO  impl.FollowerInfo (FollowerInfo.java:lambda$new$0(50)) - 808667aa-de5f-452e-a41f-5212f0378554->a2ab53ed-d387-47d9-b912-f37c336f0f6d: nextIndex: updateUnconditionally 1 -> 0
2019-06-14 12:34:12,156 INFO  impl.RaftServerImpl (ServerState.java:setLeader(263)) - a2ab53ed-d387-47d9-b912-f37c336f0f6d:group-4B264B6E65DA change Leader from 808667aa-de5f-452e-a41f-5212f0378554 to null at term 3 for updateCurrentTerm
2019-06-14 12:34:12,157 INFO  impl.RaftServerImpl (RaftServerImpl.java:setRole(164)) - a2ab53ed-d387-47d9-b912-f37c336f0f6d:group-4B264B6E65DA changes role from FOLLOWER to FOLLOWER at term 3 for recognizeCandidate:26129bf1-b4f2-40d3-a939-935ce4d55851
2019-06-14 12:34:12,157 INFO  impl.RoleInfo (RoleInfo.java:shutdownFollowerState(121)) - a2ab53ed-d387-47d9-b912-f37c336f0f6d: shutdown FollowerState
2019-06-14 12:34:12,157 INFO  impl.RoleInfo (RoleInfo.java:updateAndGet(143)) - a2ab53ed-d387-47d9-b912-f37c336f0f6d: start FollowerState
2019-06-14 12:34:12,157 INFO  impl.FollowerState (FollowerState.java:run(109)) - a2ab53ed-d387-47d9-b912-f37c336f0f6d: FollowerState was interrupted: java.lang.InterruptedException: sleep interrupted
2019-06-14 12:34:12,162 INFO  storage.RaftLogWorker (RaftLogWorker.java:execute(469)) - 808667aa-de5f-452e-a41f-5212f0378554-RaftLogWorker: created new log segment /opt/src/hadoop-ozone/integration-test/target/test-dir/MiniOzoneClusterImpl-de6618d7-845a-4ea7-aea0-d79b111cde80/datanode-2/data/ratis/c4b39a86-3d63-475f-ab57-4b264b6e65da/current/log_inprogress_0
2019-06-14 12:34:12,203 INFO  client.GrpcClientProtocolClient (GrpcClientProtocolClient.java:onNext(254)) - client-AC7A151ED13D->26129bf1-b4f2-40d3-a939-935ce4d55851: receive RaftClientReply:client-AC7A151ED13D->26129bf1-b4f2-40d3-a939-935ce4d55851@group-4B264B6E65DA, cid=103, FAILED org.apache.ratis.protocol.NotLeaderException: Server 26129bf1-b4f2-40d3-a939-935ce4d55851 is not the leader (808667aa-de5f-452e-a41f-5212f0378554:192.168.105.183:33039). Request must be sent to leader., logIndex=0, commits[26129bf1-b4f2-40d3-a939-935ce4d55851:c-1]
2019-06-14 12:34:12,204 INFO  storage.RaftLogWorker (RaftLogWorker.java:execute(469)) - a2ab53ed-d387-47d9-b912-f37c336f0f6d-RaftLogWorker: created new log segment /opt/src/hadoop-ozone/integration-test/target/test-dir/MiniOzoneClusterImpl-de6618d7-845a-4ea7-aea0-d79b111cde80/datanode-0/data/ratis/c4b39a86-3d63-475f-ab57-4b264b6e65da/current/log_inprogress_0
2019-06-14 12:34:12,208 INFO  impl.RaftServerImpl (RaftServerImpl.java:setRole(164)) - 808667aa-de5f-452e-a41f-5212f0378554:group-4B264B6E65DA changes role from FOLLOWER to FOLLOWER at term 3 for recognizeCandidate:26129bf1-b4f2-40d3-a939-935ce4d55851
2019-06-14 12:34:12,208 INFO  impl.RoleInfo (RoleInfo.java:shutdownFollowerState(121)) - 808667aa-de5f-452e-a41f-5212f0378554: shutdown FollowerState
2019-06-14 12:34:12,209 INFO  impl.RoleInfo (RoleInfo.java:updateAndGet(143)) - 808667aa-de5f-452e-a41f-5212f0378554: start FollowerState
2019-06-14 12:34:12,209 INFO  impl.FollowerState (FollowerState.java:run(109)) - 808667aa-de5f-452e-a41f-5212f0378554: FollowerState was interrupted: java.lang.InterruptedException: sleep interrupted
2019-06-14 12:34:12,209 WARN  client.GrpcClientProtocolService (LogUtils.java:warn(134)) - 0-OrderedRequestStreamObserver0: onError: org.apache.ratis.thirdparty.io.grpc.StatusRuntimeException: CANCELLED: cancelled before receiving half close
2019-06-14 12:34:12,238 INFO  impl.FollowerState (FollowerState.java:run(101)) - 15665d71-759c-40dc-b311-4d2cd9ec9e4a:group-781E45F9E3AB changes to CANDIDATE, lastRpcTime:1062, electionTimeout:1052ms
2019-06-14 12:34:12,238 INFO  impl.RoleInfo (RoleInfo.java:shutdownFollowerState(121)) - 15665d71-759c-40dc-b311-4d2cd9ec9e4a: shutdown FollowerState
2019-06-14 12:34:12,238 INFO  impl.RaftServerImpl (RaftServerImpl.java:setRole(164)) - 15665d71-759c-40dc-b311-4d2cd9ec9e4a:group-781E45F9E3AB changes role from FOLLOWER to CANDIDATE at term 1 for changeToCandidate
2019-06-14 12:34:12,238 INFO  impl.RoleInfo (RoleInfo.java:updateAndGet(143)) - 15665d71-759c-40dc-b311-4d2cd9ec9e4a: start LeaderElection
2019-06-14 12:34:12,284 INFO  impl.LeaderElection (LeaderElection.java:askForVotes(181)) - 15665d71-759c-40dc-b311-4d2cd9ec9e4a:group-781E45F9E3AB:LeaderElection98: begin an election at term 2 for -1: [15665d71-759c-40dc-b311-4d2cd9ec9e4a:192.168.105.183:35327, 8a78062d-fd74-4d8d-8398-6e0f2174c136:192.168.105.183:45127, 1c68e4b9-ac1a-45b7-b62a-ab3e40c93739:192.168.105.183:41035], old=null
2019-06-14 12:34:12,286 INFO  impl.RaftServerImpl (RaftServerImpl.java:setRole(164)) - 1c68e4b9-ac1a-45b7-b62a-ab3e40c93739:group-781E45F9E3AB changes role from FOLLOWER to FOLLOWER at term 2 for recognizeCandidate:15665d71-759c-40dc-b311-4d2cd9ec9e4a
2019-06-14 12:34:12,287 INFO  impl.RoleInfo (RoleInfo.java:shutdownFollowerState(121)) - 1c68e4b9-ac1a-45b7-b62a-ab3e40c93739: shutdown FollowerState
2019-06-14 12:34:12,287 INFO  impl.RoleInfo (RoleInfo.java:updateAndGet(143)) - 1c68e4b9-ac1a-45b7-b62a-ab3e40c93739: start FollowerState
2019-06-14 12:34:12,287 INFO  impl.FollowerState (FollowerState.java:run(109)) - 1c68e4b9-ac1a-45b7-b62a-ab3e40c93739: FollowerState was interrupted: java.lang.InterruptedException: sleep interrupted
2019-06-14 12:34:12,287 INFO  impl.RaftServerImpl (RaftServerImpl.java:setRole(164)) - 8a78062d-fd74-4d8d-8398-6e0f2174c136:group-781E45F9E3AB changes role from FOLLOWER to FOLLOWER at term 2 for recognizeCandidate:15665d71-759c-40dc-b311-4d2cd9ec9e4a
2019-06-14 12:34:12,287 INFO  impl.RoleInfo (RoleInfo.java:shutdownFollowerState(121)) - 8a78062d-fd74-4d8d-8398-6e0f2174c136: shutdown FollowerState
2019-06-14 12:34:12,287 INFO  impl.RoleInfo (RoleInfo.java:updateAndGet(143)) - 8a78062d-fd74-4d8d-8398-6e0f2174c136: start FollowerState
2019-06-14 12:34:12,287 INFO  impl.FollowerState (FollowerState.java:run(109)) - 8a78062d-fd74-4d8d-8398-6e0f2174c136: FollowerState was interrupted: java.lang.InterruptedException: sleep interrupted
2019-06-14 12:34:12,353 INFO  impl.LeaderElection (LeaderElection.java:logAndReturn(56)) - 15665d71-759c-40dc-b311-4d2cd9ec9e4a:group-781E45F9E3AB:LeaderElection98: Election PASSED; received 1 response(s) [15665d71-759c-40dc-b311-4d2cd9ec9e4a->8a78062d-fd74-4d8d-8398-6e0f2174c136,true-t2] and 0 exception(s); 15665d71-759c-40dc-b311-4d2cd9ec9e4a:t2, leader=null, voted=15665d71-759c-40dc-b311-4d2cd9ec9e4a, raftlog=15665d71-759c-40dc-b311-4d2cd9ec9e4a-SegmentedRaftLog:OPENED:c-1,f-1,i0, conf=-1: [15665d71-759c-40dc-b311-4d2cd9ec9e4a:192.168.105.183:35327, 8a78062d-fd74-4d8d-8398-6e0f2174c136:192.168.105.183:45127, 1c68e4b9-ac1a-45b7-b62a-ab3e40c93739:192.168.105.183:41035], old=null
2019-06-14 12:34:12,357 INFO  impl.RoleInfo (RoleInfo.java:shutdownLeaderElection(134)) - 15665d71-759c-40dc-b311-4d2cd9ec9e4a: shutdown LeaderElection
2019-06-14 12:34:12,357 INFO  impl.RaftServerImpl (RaftServerImpl.java:setRole(164)) - 15665d71-759c-40dc-b311-4d2cd9ec9e4a:group-781E45F9E3AB changes role from CANDIDATE to LEADER at term 2 for changeToLeader
2019-06-14 12:34:12,357 INFO  impl.RaftServerImpl (ServerState.java:setLeader(263)) - 15665d71-759c-40dc-b311-4d2cd9ec9e4a:group-781E45F9E3AB change Leader from null to 15665d71-759c-40dc-b311-4d2cd9ec9e4a at term 2 for becomeLeader, leader elected after 2388ms
2019-06-14 12:34:12,357 INFO  server.RaftServerConfigKeys (ConfUtils.java:logGet(43)) - raft.server.staging.catchup.gap = 1000 (default)
2019-06-14 12:34:12,357 INFO  server.RaftServerConfigKeys (ConfUtils.java:logGet(43)) - raft.server.rpc.sleep.time = 25ms (default)
2019-06-14 12:34:12,357 INFO  server.RaftServerConfigKeys (ConfUtils.java:logGet(43)) - raft.server.watch.timeout = 10s (default)
2019-06-14 12:34:12,357 INFO  server.RaftServerConfigKeys (ConfUtils.java:logGet(43)) - raft.server.watch.timeout.denomination = 1s (default)
2019-06-14 12:34:12,357 INFO  server.RaftServerConfigKeys (ConfUtils.java:logGet(43)) - raft.server.log.appender.snapshot.chunk.size.max = 16MB (=16777216) (default)
2019-06-14 12:34:12,358 INFO  server.RaftServerConfigKeys (ConfUtils.java:logGet(43)) - raft.server.log.appender.buffer.byte-limit = 33554432 (custom)
2019-06-14 12:34:12,358 INFO  server.RaftServerConfigKeys (ConfUtils.java:logGet(43)) - raft.server.log.appender.buffer.element-limit = 1 (custom)
2019-06-14 12:34:12,358 INFO  grpc.GrpcConfigKeys$Server (ConfUtils.java:logGet(43)) - raft.grpc.server.leader.outstanding.appends.max = 128 (default)
2019-06-14 12:34:12,358 INFO  server.RaftServerConfigKeys (ConfUtils.java:logGet(43)) - raft.server.rpc.request.timeout = 3000ms (default)
2019-06-14 12:34:12,358 INFO  server.RaftServerConfigKeys (ConfUtils.java:logGet(43)) - raft.server.log.appender.install.snapshot.enabled = true (default)
2019-06-14 12:34:12,358 INFO  server.RaftServerConfigKeys (ConfUtils.java:logGet(43)) - raft.server.log.appender.snapshot.chunk.size.max = 16MB (=16777216) (default)
2019-06-14 12:34:12,358 INFO  server.RaftServerConfigKeys (ConfUtils.java:logGet(43)) - raft.server.log.appender.buffer.byte-limit = 33554432 (custom)
2019-06-14 12:34:12,358 INFO  server.RaftServerConfigKeys (ConfUtils.java:logGet(43)) - raft.server.log.appender.buffer.element-limit = 1 (custom)
2019-06-14 12:34:12,358 INFO  grpc.GrpcConfigKeys$Server (ConfUtils.java:logGet(43)) - raft.grpc.server.leader.outstanding.appends.max = 128 (default)
2019-06-14 12:34:12,359 INFO  server.RaftServerConfigKeys (ConfUtils.java:logGet(43)) - raft.server.rpc.request.timeout = 3000ms (default)
2019-06-14 12:34:12,359 INFO  server.RaftServerConfigKeys (ConfUtils.java:logGet(43)) - raft.server.log.appender.install.snapshot.enabled = true (default)
2019-06-14 12:34:12,359 INFO  impl.RoleInfo (RoleInfo.java:updateAndGet(143)) - 15665d71-759c-40dc-b311-4d2cd9ec9e4a: start LeaderState
2019-06-14 12:34:12,359 INFO  storage.RaftLogWorker (RaftLogWorker.java:startLogSegment(298)) - 15665d71-759c-40dc-b311-4d2cd9ec9e4a-RaftLogWorker: Starting segment from index:0
2019-06-14 12:34:12,363 INFO  impl.RaftServerImpl (ServerState.java:setLeader(263)) - 8a78062d-fd74-4d8d-8398-6e0f2174c136:group-781E45F9E3AB change Leader from null to 15665d71-759c-40dc-b311-4d2cd9ec9e4a at term 2 for appendEntries, leader elected after 2396ms
2019-06-14 12:34:12,365 INFO  impl.RaftServerImpl (ServerState.java:setRaftConf(361)) - 15665d71-759c-40dc-b311-4d2cd9ec9e4a:group-781E45F9E3AB set configuration 0: [15665d71-759c-40dc-b311-4d2cd9ec9e4a:192.168.105.183:35327, 8a78062d-fd74-4d8d-8398-6e0f2174c136:192.168.105.183:45127, 1c68e4b9-ac1a-45b7-b62a-ab3e40c93739:192.168.105.183:41035], old=null at 0
2019-06-14 12:34:12,367 INFO  impl.RaftServerImpl (ServerState.java:setLeader(263)) - 1c68e4b9-ac1a-45b7-b62a-ab3e40c93739:group-781E45F9E3AB change Leader from null to 15665d71-759c-40dc-b311-4d2cd9ec9e4a at term 2 for appendEntries, leader elected after 2399ms
2019-06-14 12:34:12,371 INFO  impl.RaftServerImpl (ServerState.java:setRaftConf(361)) - 8a78062d-fd74-4d8d-8398-6e0f2174c136:group-781E45F9E3AB set configuration 0: [15665d71-759c-40dc-b311-4d2cd9ec9e4a:192.168.105.183:35327, 8a78062d-fd74-4d8d-8398-6e0f2174c136:192.168.105.183:45127, 1c68e4b9-ac1a-45b7-b62a-ab3e40c93739:192.168.105.183:41035], old=null at 0
2019-06-14 12:34:12,371 INFO  storage.RaftLogWorker (RaftLogWorker.java:startLogSegment(298)) - 8a78062d-fd74-4d8d-8398-6e0f2174c136-RaftLogWorker: Starting segment from index:0
2019-06-14 12:34:12,375 INFO  impl.RaftServerImpl (ServerState.java:setRaftConf(361)) - 1c68e4b9-ac1a-45b7-b62a-ab3e40c93739:group-781E45F9E3AB set configuration 0: [15665d71-759c-40dc-b311-4d2cd9ec9e4a:192.168.105.183:35327, 8a78062d-fd74-4d8d-8398-6e0f2174c136:192.168.105.183:45127, 1c68e4b9-ac1a-45b7-b62a-ab3e40c93739:192.168.105.183:41035], old=null at 0
2019-06-14 12:34:12,375 INFO  storage.RaftLogWorker (RaftLogWorker.java:startLogSegment(298)) - 1c68e4b9-ac1a-45b7-b62a-ab3e40c93739-RaftLogWorker: Starting segment from index:0
2019-06-14 12:34:12,442 INFO  storage.RaftLogWorker (RaftLogWorker.java:execute(469)) - 8a78062d-fd74-4d8d-8398-6e0f2174c136-RaftLogWorker: created new log segment /opt/src/hadoop-ozone/integration-test/target/test-dir/MiniOzoneClusterImpl-de6618d7-845a-4ea7-aea0-d79b111cde80/datanode-6/data/ratis/99bf8ce3-5690-4e27-91ff-781e45f9e3ab/current/log_inprogress_0
2019-06-14 12:34:12,442 INFO  storage.RaftLogWorker (RaftLogWorker.java:execute(469)) - 15665d71-759c-40dc-b311-4d2cd9ec9e4a-RaftLogWorker: created new log segment /opt/src/hadoop-ozone/integration-test/target/test-dir/MiniOzoneClusterImpl-de6618d7-845a-4ea7-aea0-d79b111cde80/datanode-5/data/ratis/99bf8ce3-5690-4e27-91ff-781e45f9e3ab/current/log_inprogress_0
2019-06-14 12:34:12,442 INFO  storage.RaftLogWorker (RaftLogWorker.java:execute(469)) - 1c68e4b9-ac1a-45b7-b62a-ab3e40c93739-RaftLogWorker: created new log segment /opt/src/hadoop-ozone/integration-test/target/test-dir/MiniOzoneClusterImpl-de6618d7-845a-4ea7-aea0-d79b111cde80/datanode-1/data/ratis/99bf8ce3-5690-4e27-91ff-781e45f9e3ab/current/log_inprogress_0
2019-06-14 12:34:13,131 INFO  impl.FollowerState (FollowerState.java:run(101)) - 26129bf1-b4f2-40d3-a939-935ce4d55851:group-4B264B6E65DA changes to CANDIDATE, lastRpcTime:1114, electionTimeout:1114ms
2019-06-14 12:34:13,131 INFO  impl.RoleInfo (RoleInfo.java:shutdownFollowerState(121)) - 26129bf1-b4f2-40d3-a939-935ce4d55851: shutdown FollowerState
2019-06-14 12:34:13,131 INFO  impl.RaftServerImpl (RaftServerImpl.java:setRole(164)) - 26129bf1-b4f2-40d3-a939-935ce4d55851:group-4B264B6E65DA changes role from FOLLOWER to CANDIDATE at term 3 for changeToCandidate
2019-06-14 12:34:13,131 INFO  impl.RoleInfo (RoleInfo.java:updateAndGet(143)) - 26129bf1-b4f2-40d3-a939-935ce4d55851: start LeaderElection
2019-06-14 12:34:13,167 INFO  impl.FollowerState (FollowerState.java:run(101)) - a2ab53ed-d387-47d9-b912-f37c336f0f6d:group-4B264B6E65DA changes to CANDIDATE, lastRpcTime:1010, electionTimeout:1010ms
2019-06-14 12:34:13,167 INFO  impl.RoleInfo (RoleInfo.java:shutdownFollowerState(121)) - a2ab53ed-d387-47d9-b912-f37c336f0f6d: shutdown FollowerState
2019-06-14 12:34:13,167 INFO  impl.RaftServerImpl (RaftServerImpl.java:setRole(164)) - a2ab53ed-d387-47d9-b912-f37c336f0f6d:group-4B264B6E65DA changes role from FOLLOWER to CANDIDATE at term 3 for changeToCandidate
2019-06-14 12:34:13,167 INFO  impl.RoleInfo (RoleInfo.java:updateAndGet(143)) - a2ab53ed-d387-47d9-b912-f37c336f0f6d: start LeaderElection
2019-06-14 12:34:13,210 INFO  client.GrpcClientProtocolClient (GrpcClientProtocolClient.java:onNext(254)) - client-AC7A151ED13D->a2ab53ed-d387-47d9-b912-f37c336f0f6d: receive RaftClientReply:client-AC7A151ED13D->a2ab53ed-d387-47d9-b912-f37c336f0f6d@group-4B264B6E65DA, cid=103, FAILED org.apache.ratis.protocol.NotLeaderException: Server a2ab53ed-d387-47d9-b912-f37c336f0f6d is not the leader (808667aa-de5f-452e-a41f-5212f0378554:192.168.105.183:33039). Request must be sent to leader., logIndex=0, commits[a2ab53ed-d387-47d9-b912-f37c336f0f6d:c-1, 808667aa-de5f-452e-a41f-5212f0378554:c-1, 26129bf1-b4f2-40d3-a939-935ce4d55851:c-1]
2019-06-14 12:34:13,213 WARN  client.GrpcClientProtocolService (LogUtils.java:warn(134)) - 1-OrderedRequestStreamObserver1: onError: org.apache.ratis.thirdparty.io.grpc.StatusRuntimeException: CANCELLED: cancelled before receiving half close
2019-06-14 12:34:13,215 INFO  impl.LeaderElection (LeaderElection.java:askForVotes(181)) - 26129bf1-b4f2-40d3-a939-935ce4d55851:group-4B264B6E65DA:LeaderElection99: begin an election at term 4 for -1: [808667aa-de5f-452e-a41f-5212f0378554:192.168.105.183:33039, 26129bf1-b4f2-40d3-a939-935ce4d55851:192.168.105.183:42751, a2ab53ed-d387-47d9-b912-f37c336f0f6d:192.168.105.183:35067], old=null
2019-06-14 12:34:13,218 INFO  impl.RaftServerImpl (RaftServerImpl.java:setRole(164)) - 808667aa-de5f-452e-a41f-5212f0378554:group-4B264B6E65DA changes role from FOLLOWER to FOLLOWER at term 4 for recognizeCandidate:26129bf1-b4f2-40d3-a939-935ce4d55851
2019-06-14 12:34:13,219 INFO  impl.RoleInfo (RoleInfo.java:shutdownFollowerState(121)) - 808667aa-de5f-452e-a41f-5212f0378554: shutdown FollowerState
2019-06-14 12:34:13,219 INFO  impl.RoleInfo (RoleInfo.java:updateAndGet(143)) - 808667aa-de5f-452e-a41f-5212f0378554: start FollowerState
2019-06-14 12:34:13,219 INFO  impl.FollowerState (FollowerState.java:run(109)) - 808667aa-de5f-452e-a41f-5212f0378554: FollowerState was interrupted: java.lang.InterruptedException: sleep interrupted
2019-06-14 12:34:13,235 INFO  impl.LeaderElection (LeaderElection.java:askForVotes(181)) - a2ab53ed-d387-47d9-b912-f37c336f0f6d:group-4B264B6E65DA:LeaderElection100: begin an election at term 4 for 0: [808667aa-de5f-452e-a41f-5212f0378554:192.168.105.183:33039, 26129bf1-b4f2-40d3-a939-935ce4d55851:192.168.105.183:42751, a2ab53ed-d387-47d9-b912-f37c336f0f6d:192.168.105.183:35067], old=null
2019-06-14 12:34:13,237 INFO  impl.LeaderElection (LeaderElection.java:logAndReturn(56)) - 26129bf1-b4f2-40d3-a939-935ce4d55851:group-4B264B6E65DA:LeaderElection99: Election REJECTED; received 2 response(s) [26129bf1-b4f2-40d3-a939-935ce4d55851->808667aa-de5f-452e-a41f-5212f0378554,false-t4, 26129bf1-b4f2-40d3-a939-935ce4d55851->a2ab53ed-d387-47d9-b912-f37c336f0f6d,false-t4] and 0 exception(s); 26129bf1-b4f2-40d3-a939-935ce4d55851:t4, leader=null, voted=26129bf1-b4f2-40d3-a939-935ce4d55851, raftlog=26129bf1-b4f2-40d3-a939-935ce4d55851-SegmentedRaftLog:OPENED:c-1,f-1,i0, conf=-1: [808667aa-de5f-452e-a41f-5212f0378554:192.168.105.183:33039, 26129bf1-b4f2-40d3-a939-935ce4d55851:192.168.105.183:42751, a2ab53ed-d387-47d9-b912-f37c336f0f6d:192.168.105.183:35067], old=null
2019-06-14 12:34:13,237 INFO  impl.RaftServerImpl (RaftServerImpl.java:setRole(164)) - 26129bf1-b4f2-40d3-a939-935ce4d55851:group-4B264B6E65DA changes role from CANDIDATE to FOLLOWER at term 4 for DISCOVERED_A_NEW_TERM
2019-06-14 12:34:13,237 INFO  impl.RoleInfo (RoleInfo.java:shutdownLeaderElection(134)) - 26129bf1-b4f2-40d3-a939-935ce4d55851: shutdown LeaderElection
2019-06-14 12:34:13,237 INFO  impl.RoleInfo (RoleInfo.java:updateAndGet(143)) - 26129bf1-b4f2-40d3-a939-935ce4d55851: start FollowerState
2019-06-14 12:34:13,237 INFO  impl.RaftServerImpl (RaftServerImpl.java:setRole(164)) - 808667aa-de5f-452e-a41f-5212f0378554:group-4B264B6E65DA changes role from FOLLOWER to FOLLOWER at term 4 for recognizeCandidate:a2ab53ed-d387-47d9-b912-f37c336f0f6d
2019-06-14 12:34:13,237 INFO  impl.RoleInfo (RoleInfo.java:shutdownFollowerState(121)) - 808667aa-de5f-452e-a41f-5212f0378554: shutdown FollowerState
2019-06-14 12:34:13,241 INFO  impl.RoleInfo (RoleInfo.java:updateAndGet(143)) - 808667aa-de5f-452e-a41f-5212f0378554: start FollowerState
2019-06-14 12:34:13,241 INFO  impl.FollowerState (FollowerState.java:run(109)) - 808667aa-de5f-452e-a41f-5212f0378554: FollowerState was interrupted: java.lang.InterruptedException: sleep interrupted
2019-06-14 12:34:13,304 INFO  impl.LeaderElection (LeaderElection.java:logAndReturn(56)) - a2ab53ed-d387-47d9-b912-f37c336f0f6d:group-4B264B6E65DA:LeaderElection100: Election PASSED; received 2 response(s) [a2ab53ed-d387-47d9-b912-f37c336f0f6d->808667aa-de5f-452e-a41f-5212f0378554,true-t4, a2ab53ed-d387-47d9-b912-f37c336f0f6d->26129bf1-b4f2-40d3-a939-935ce4d55851,false-t4] and 0 exception(s); a2ab53ed-d387-47d9-b912-f37c336f0f6d:t4, leader=null, voted=a2ab53ed-d387-47d9-b912-f37c336f0f6d, raftlog=a2ab53ed-d387-47d9-b912-f37c336f0f6d-SegmentedRaftLog:OPENED:c-1,f0,i0, conf=0: [808667aa-de5f-452e-a41f-5212f0378554:192.168.105.183:33039, 26129bf1-b4f2-40d3-a939-935ce4d55851:192.168.105.183:42751, a2ab53ed-d387-47d9-b912-f37c336f0f6d:192.168.105.183:35067], old=null
2019-06-14 12:34:13,305 INFO  impl.RoleInfo (RoleInfo.java:shutdownLeaderElection(134)) - a2ab53ed-d387-47d9-b912-f37c336f0f6d: shutdown LeaderElection
2019-06-14 12:34:13,305 INFO  impl.RaftServerImpl (RaftServerImpl.java:setRole(164)) - a2ab53ed-d387-47d9-b912-f37c336f0f6d:group-4B264B6E65DA changes role from CANDIDATE to LEADER at term 4 for changeToLeader
2019-06-14 12:34:13,305 INFO  impl.RaftServerImpl (ServerState.java:setLeader(263)) - a2ab53ed-d387-47d9-b912-f37c336f0f6d:group-4B264B6E65DA change Leader from null to a2ab53ed-d387-47d9-b912-f37c336f0f6d at term 4 for becomeLeader, leader elected after 1148ms
2019-06-14 12:34:13,305 INFO  server.RaftServerConfigKeys (ConfUtils.java:logGet(43)) - raft.server.staging.catchup.gap = 1000 (default)
2019-06-14 12:34:13,305 INFO  server.RaftServerConfigKeys (ConfUtils.java:logGet(43)) - raft.server.rpc.sleep.time = 25ms (default)
2019-06-14 12:34:13,305 INFO  server.RaftServerConfigKeys (ConfUtils.java:logGet(43)) - raft.server.watch.timeout = 10s (default)
2019-06-14 12:34:13,305 INFO  server.RaftServerConfigKeys (ConfUtils.java:logGet(43)) - raft.server.watch.timeout.denomination = 1s (default)
2019-06-14 12:34:13,305 INFO  server.RaftServerConfigKeys (ConfUtils.java:logGet(43)) - raft.server.log.appender.snapshot.chunk.size.max = 16MB (=16777216) (default)
2019-06-14 12:34:13,305 INFO  server.RaftServerConfigKeys (ConfUtils.java:logGet(43)) - raft.server.log.appender.buffer.byte-limit = 33554432 (custom)
2019-06-14 12:34:13,306 INFO  server.RaftServerConfigKeys (ConfUtils.java:logGet(43)) - raft.server.log.appender.buffer.element-limit = 1 (custom)
2019-06-14 12:34:13,306 INFO  grpc.GrpcConfigKeys$Server (ConfUtils.java:logGet(43)) - raft.grpc.server.leader.outstanding.appends.max = 128 (default)
2019-06-14 12:34:13,306 INFO  server.RaftServerConfigKeys (ConfUtils.java:logGet(43)) - raft.server.rpc.request.timeout = 3000ms (default)
2019-06-14 12:34:13,306 INFO  server.RaftServerConfigKeys (ConfUtils.java:logGet(43)) - raft.server.log.appender.install.snapshot.enabled = true (default)
2019-06-14 12:34:13,306 INFO  server.RaftServerConfigKeys (ConfUtils.java:logGet(43)) - raft.server.log.appender.snapshot.chunk.size.max = 16MB (=16777216) (default)
2019-06-14 12:34:13,306 INFO  server.RaftServerConfigKeys (ConfUtils.java:logGet(43)) - raft.server.log.appender.buffer.byte-limit = 33554432 (custom)
2019-06-14 12:34:13,306 INFO  server.RaftServerConfigKeys (ConfUtils.java:logGet(43)) - raft.server.log.appender.buffer.element-limit = 1 (custom)
2019-06-14 12:34:13,306 INFO  grpc.GrpcConfigKeys$Server (ConfUtils.java:logGet(43)) - raft.grpc.server.leader.outstanding.appends.max = 128 (default)
2019-06-14 12:34:13,306 INFO  server.RaftServerConfigKeys (ConfUtils.java:logGet(43)) - raft.server.rpc.request.timeout = 3000ms (default)
2019-06-14 12:34:13,307 INFO  server.RaftServerConfigKeys (ConfUtils.java:logGet(43)) - raft.server.log.appender.install.snapshot.enabled = true (default)
2019-06-14 12:34:13,307 INFO  impl.RoleInfo (RoleInfo.java:updateAndGet(143)) - a2ab53ed-d387-47d9-b912-f37c336f0f6d: start LeaderState
2019-06-14 12:34:13,307 INFO  storage.RaftLogWorker (RaftLogWorker.java:rollLogSegment(303)) - a2ab53ed-d387-47d9-b912-f37c336f0f6d-RaftLogWorker: Rolling segment log-0_0 to index:0
2019-06-14 12:34:13,308 INFO  storage.RaftLogWorker (RaftLogWorker.java:execute(433)) - a2ab53ed-d387-47d9-b912-f37c336f0f6d-RaftLogWorker: Rolled log segment from /opt/src/hadoop-ozone/integration-test/target/test-dir/MiniOzoneClusterImpl-de6618d7-845a-4ea7-aea0-d79b111cde80/datanode-0/data/ratis/c4b39a86-3d63-475f-ab57-4b264b6e65da/current/log_inprogress_0 to /opt/src/hadoop-ozone/integration-test/target/test-dir/MiniOzoneClusterImpl-de6618d7-845a-4ea7-aea0-d79b111cde80/datanode-0/data/ratis/c4b39a86-3d63-475f-ab57-4b264b6e65da/current/log_0-0
2019-06-14 12:34:13,310 INFO  impl.RaftServerImpl (ServerState.java:setRaftConf(361)) - a2ab53ed-d387-47d9-b912-f37c336f0f6d:group-4B264B6E65DA set configuration 1: [808667aa-de5f-452e-a41f-5212f0378554:192.168.105.183:33039, 26129bf1-b4f2-40d3-a939-935ce4d55851:192.168.105.183:42751, a2ab53ed-d387-47d9-b912-f37c336f0f6d:192.168.105.183:35067], old=null at 1
2019-06-14 12:34:13,314 INFO  impl.RaftServerImpl (ServerState.java:setLeader(263)) - 808667aa-de5f-452e-a41f-5212f0378554:group-4B264B6E65DA change Leader from null to a2ab53ed-d387-47d9-b912-f37c336f0f6d at term 4 for appendEntries, leader elected after 1179ms
2019-06-14 12:34:13,316 INFO  impl.RaftServerImpl (ServerState.java:setRaftConf(361)) - 808667aa-de5f-452e-a41f-5212f0378554:group-4B264B6E65DA set configuration 1: [808667aa-de5f-452e-a41f-5212f0378554:192.168.105.183:33039, 26129bf1-b4f2-40d3-a939-935ce4d55851:192.168.105.183:42751, a2ab53ed-d387-47d9-b912-f37c336f0f6d:192.168.105.183:35067], old=null at 1
2019-06-14 12:34:13,317 INFO  storage.RaftLogWorker (RaftLogWorker.java:rollLogSegment(303)) - 808667aa-de5f-452e-a41f-5212f0378554-RaftLogWorker: Rolling segment log-0_0 to index:0
2019-06-14 12:34:13,317 INFO  impl.RaftServerImpl (ServerState.java:setLeader(263)) - 26129bf1-b4f2-40d3-a939-935ce4d55851:group-4B264B6E65DA change Leader from null to a2ab53ed-d387-47d9-b912-f37c336f0f6d at term 4 for appendEntries, leader elected after 3443ms
2019-06-14 12:34:13,317 INFO  storage.RaftLogWorker (RaftLogWorker.java:execute(433)) - 808667aa-de5f-452e-a41f-5212f0378554-RaftLogWorker: Rolled log segment from /opt/src/hadoop-ozone/integration-test/target/test-dir/MiniOzoneClusterImpl-de6618d7-845a-4ea7-aea0-d79b111cde80/datanode-2/data/ratis/c4b39a86-3d63-475f-ab57-4b264b6e65da/current/log_inprogress_0 to /opt/src/hadoop-ozone/integration-test/target/test-dir/MiniOzoneClusterImpl-de6618d7-845a-4ea7-aea0-d79b111cde80/datanode-2/data/ratis/c4b39a86-3d63-475f-ab57-4b264b6e65da/current/log_0-0
2019-06-14 12:34:13,344 INFO  impl.FollowerInfo (FollowerInfo.java:lambda$new$0(50)) - a2ab53ed-d387-47d9-b912-f37c336f0f6d->26129bf1-b4f2-40d3-a939-935ce4d55851: nextIndex: updateUnconditionally 2 -> 0
2019-06-14 12:34:13,347 INFO  impl.RaftServerImpl (ServerState.java:setRaftConf(361)) - 26129bf1-b4f2-40d3-a939-935ce4d55851:group-4B264B6E65DA set configuration 0: [808667aa-de5f-452e-a41f-5212f0378554:192.168.105.183:33039, 26129bf1-b4f2-40d3-a939-935ce4d55851:192.168.105.183:42751, a2ab53ed-d387-47d9-b912-f37c336f0f6d:192.168.105.183:35067], old=null at 0
2019-06-14 12:34:13,347 INFO  storage.RaftLogWorker (RaftLogWorker.java:startLogSegment(298)) - 26129bf1-b4f2-40d3-a939-935ce4d55851-RaftLogWorker: Starting segment from index:0
2019-06-14 12:34:13,353 INFO  impl.RaftServerImpl (ServerState.java:setRaftConf(361)) - 26129bf1-b4f2-40d3-a939-935ce4d55851:group-4B264B6E65DA set configuration 1: [808667aa-de5f-452e-a41f-5212f0378554:192.168.105.183:33039, 26129bf1-b4f2-40d3-a939-935ce4d55851:192.168.105.183:42751, a2ab53ed-d387-47d9-b912-f37c336f0f6d:192.168.105.183:35067], old=null at 1
2019-06-14 12:34:13,354 INFO  storage.RaftLogWorker (RaftLogWorker.java:rollLogSegment(303)) - 26129bf1-b4f2-40d3-a939-935ce4d55851-RaftLogWorker: Rolling segment log-0_0 to index:0
2019-06-14 12:34:13,357 WARN  server.GrpcLogAppender (GrpcLogAppender.java:onInconsistency(330)) - a2ab53ed-d387-47d9-b912-f37c336f0f6d: Ignoring serverReply {
  requestorId: "a2ab53ed-d387-47d9-b912-f37c336f0f6d"
  replyId: "26129bf1-b4f2-40d3-a939-935ce4d55851"
  raftGroupId {
    id: "\304\263\232\206=cG_\253WK&Kne\332"
  }
  callId: 1
}
term: 4
result: INCONSISTENCY
followerCommit: 18446744073709551615

2019-06-14 12:34:13,429 INFO  storage.RaftLogWorker (RaftLogWorker.java:execute(469)) - a2ab53ed-d387-47d9-b912-f37c336f0f6d-RaftLogWorker: created new log segment /opt/src/hadoop-ozone/integration-test/target/test-dir/MiniOzoneClusterImpl-de6618d7-845a-4ea7-aea0-d79b111cde80/datanode-0/data/ratis/c4b39a86-3d63-475f-ab57-4b264b6e65da/current/log_inprogress_1
2019-06-14 12:34:13,436 INFO  storage.RaftLogWorker (RaftLogWorker.java:execute(469)) - 26129bf1-b4f2-40d3-a939-935ce4d55851-RaftLogWorker: created new log segment /opt/src/hadoop-ozone/integration-test/target/test-dir/MiniOzoneClusterImpl-de6618d7-845a-4ea7-aea0-d79b111cde80/datanode-3/data/ratis/c4b39a86-3d63-475f-ab57-4b264b6e65da/current/log_inprogress_0
2019-06-14 12:34:13,436 INFO  storage.RaftLogWorker (RaftLogWorker.java:execute(469)) - 808667aa-de5f-452e-a41f-5212f0378554-RaftLogWorker: created new log segment /opt/src/hadoop-ozone/integration-test/target/test-dir/MiniOzoneClusterImpl-de6618d7-845a-4ea7-aea0-d79b111cde80/datanode-2/data/ratis/c4b39a86-3d63-475f-ab57-4b264b6e65da/current/log_inprogress_1
2019-06-14 12:34:13,436 INFO  storage.RaftLogWorker (RaftLogWorker.java:execute(433)) - 26129bf1-b4f2-40d3-a939-935ce4d55851-RaftLogWorker: Rolled log segment from /opt/src/hadoop-ozone/integration-test/target/test-dir/MiniOzoneClusterImpl-de6618d7-845a-4ea7-aea0-d79b111cde80/datanode-3/data/ratis/c4b39a86-3d63-475f-ab57-4b264b6e65da/current/log_inprogress_0 to /opt/src/hadoop-ozone/integration-test/target/test-dir/MiniOzoneClusterImpl-de6618d7-845a-4ea7-aea0-d79b111cde80/datanode-3/data/ratis/c4b39a86-3d63-475f-ab57-4b264b6e65da/current/log_0-0
2019-06-14 12:34:13,495 INFO  storage.RaftLogWorker (RaftLogWorker.java:execute(469)) - 26129bf1-b4f2-40d3-a939-935ce4d55851-RaftLogWorker: created new log segment /opt/src/hadoop-ozone/integration-test/target/test-dir/MiniOzoneClusterImpl-de6618d7-845a-4ea7-aea0-d79b111cde80/datanode-3/data/ratis/c4b39a86-3d63-475f-ab57-4b264b6e65da/current/log_inprogress_1
2019-06-14 12:34:14,218 INFO  client.GrpcClientProtocolClient (GrpcClientProtocolClient.java:onNext(254)) - client-AC7A151ED13D->26129bf1-b4f2-40d3-a939-935ce4d55851: receive RaftClientReply:client-AC7A151ED13D->26129bf1-b4f2-40d3-a939-935ce4d55851@group-4B264B6E65DA, cid=103, FAILED org.apache.ratis.protocol.NotLeaderException: Server 26129bf1-b4f2-40d3-a939-935ce4d55851 is not the leader (a2ab53ed-d387-47d9-b912-f37c336f0f6d:192.168.105.183:35067). Request must be sent to leader., logIndex=0, commits[26129bf1-b4f2-40d3-a939-935ce4d55851:c2, 808667aa-de5f-452e-a41f-5212f0378554:c1, a2ab53ed-d387-47d9-b912-f37c336f0f6d:c2]
2019-06-14 12:34:14,219 WARN  client.GrpcClientProtocolService (LogUtils.java:warn(134)) - 1-OrderedRequestStreamObserver1: onError: org.apache.ratis.thirdparty.io.grpc.StatusRuntimeException: CANCELLED: cancelled before receiving half close
2019-06-14 12:34:15,224 INFO  client.GrpcClientProtocolClient (GrpcClientProtocolClient.java:onNext(254)) - client-AC7A151ED13D->808667aa-de5f-452e-a41f-5212f0378554: receive RaftClientReply:client-AC7A151ED13D->808667aa-de5f-452e-a41f-5212f0378554@group-4B264B6E65DA, cid=103, FAILED org.apache.ratis.protocol.NotLeaderException: Server 808667aa-de5f-452e-a41f-5212f0378554 is not the leader (a2ab53ed-d387-47d9-b912-f37c336f0f6d:192.168.105.183:35067). Request must be sent to leader., logIndex=0, commits[808667aa-de5f-452e-a41f-5212f0378554:c2, 26129bf1-b4f2-40d3-a939-935ce4d55851:c2, a2ab53ed-d387-47d9-b912-f37c336f0f6d:c2]
2019-06-14 12:34:15,225 WARN  client.GrpcClientProtocolService (LogUtils.java:warn(134)) - 1-OrderedRequestStreamObserver1: onError: org.apache.ratis.thirdparty.io.grpc.StatusRuntimeException: CANCELLED: cancelled before receiving half close
2019-06-14 12:34:16,237 INFO  client.GrpcClientProtocolClient (GrpcClientProtocolClient.java:onNext(254)) - client-AC7A151ED13D->26129bf1-b4f2-40d3-a939-935ce4d55851: receive RaftClientReply:client-AC7A151ED13D->26129bf1-b4f2-40d3-a939-935ce4d55851@group-4B264B6E65DA, cid=103, FAILED org.apache.ratis.protocol.NotLeaderException: Server 26129bf1-b4f2-40d3-a939-935ce4d55851 is not the leader (a2ab53ed-d387-47d9-b912-f37c336f0f6d:192.168.105.183:35067). Request must be sent to leader., logIndex=0, commits[26129bf1-b4f2-40d3-a939-935ce4d55851:c2, 808667aa-de5f-452e-a41f-5212f0378554:c2, a2ab53ed-d387-47d9-b912-f37c336f0f6d:c2]
2019-06-14 12:34:16,238 WARN  client.GrpcClientProtocolService (LogUtils.java:warn(134)) - 2-OrderedRequestStreamObserver2: onError: org.apache.ratis.thirdparty.io.grpc.StatusRuntimeException: CANCELLED: cancelled before receiving half close
2019-06-14 12:34:17,092 WARN  events.EventQueue (EventQueue.java:fireEvent(147)) - Processing of TypedEvent{payloadType=DatanodeDetails, name='Stale_Node'} is skipped, EventQueue is not running
2019-06-14 12:34:17,092 WARN  events.EventQueue (EventQueue.java:fireEvent(147)) - Processing of TypedEvent{payloadType=DatanodeDetails, name='Stale_Node'} is skipped, EventQueue is not running
2019-06-14 12:34:17,244 INFO  client.GrpcClientProtocolClient (GrpcClientProtocolClient.java:onNext(254)) - client-AC7A151ED13D->808667aa-de5f-452e-a41f-5212f0378554: receive RaftClientReply:client-AC7A151ED13D->808667aa-de5f-452e-a41f-5212f0378554@group-4B264B6E65DA, cid=103, FAILED org.apache.ratis.protocol.NotLeaderException: Server 808667aa-de5f-452e-a41f-5212f0378554 is not the leader (a2ab53ed-d387-47d9-b912-f37c336f0f6d:192.168.105.183:35067). Request must be sent to leader., logIndex=0, commits[808667aa-de5f-452e-a41f-5212f0378554:c2, 26129bf1-b4f2-40d3-a939-935ce4d55851:c2, a2ab53ed-d387-47d9-b912-f37c336f0f6d:c2]
2019-06-14 12:34:17,245 WARN  client.GrpcClientProtocolService (LogUtils.java:warn(134)) - 2-OrderedRequestStreamObserver2: onError: org.apache.ratis.thirdparty.io.grpc.StatusRuntimeException: CANCELLED: cancelled before receiving half close
2019-06-14 12:34:18,252 INFO  client.GrpcClientProtocolClient (GrpcClientProtocolClient.java:onNext(254)) - client-AC7A151ED13D->26129bf1-b4f2-40d3-a939-935ce4d55851: receive RaftClientReply:client-AC7A151ED13D->26129bf1-b4f2-40d3-a939-935ce4d55851@group-4B264B6E65DA, cid=103, FAILED org.apache.ratis.protocol.NotLeaderException: Server 26129bf1-b4f2-40d3-a939-935ce4d55851 is not the leader (a2ab53ed-d387-47d9-b912-f37c336f0f6d:192.168.105.183:35067). Request must be sent to leader., logIndex=0, commits[26129bf1-b4f2-40d3-a939-935ce4d55851:c2, 808667aa-de5f-452e-a41f-5212f0378554:c2, a2ab53ed-d387-47d9-b912-f37c336f0f6d:c2]
2019-06-14 12:34:18,253 WARN  client.GrpcClientProtocolService (LogUtils.java:warn(134)) - 3-OrderedRequestStreamObserver3: onError: org.apache.ratis.thirdparty.io.grpc.StatusRuntimeException: CANCELLED: cancelled before receiving half close
2019-06-14 12:34:19,260 INFO  client.GrpcClientProtocolClient (GrpcClientProtocolClient.java:onNext(254)) - client-AC7A151ED13D->808667aa-de5f-452e-a41f-5212f0378554: receive RaftClientReply:client-AC7A151ED13D->808667aa-de5f-452e-a41f-5212f0378554@group-4B264B6E65DA, cid=103, FAILED org.apache.ratis.protocol.NotLeaderException: Server 808667aa-de5f-452e-a41f-5212f0378554 is not the leader (a2ab53ed-d387-47d9-b912-f37c336f0f6d:192.168.105.183:35067). Request must be sent to leader., logIndex=0, commits[808667aa-de5f-452e-a41f-5212f0378554:c2, 26129bf1-b4f2-40d3-a939-935ce4d55851:c2, a2ab53ed-d387-47d9-b912-f37c336f0f6d:c2]
2019-06-14 12:34:19,261 WARN  client.GrpcClientProtocolService (LogUtils.java:warn(134)) - 3-OrderedRequestStreamObserver3: onError: org.apache.ratis.thirdparty.io.grpc.StatusRuntimeException: CANCELLED: cancelled before receiving half close
2019-06-14 12:34:20,269 INFO  client.GrpcClientProtocolClient (GrpcClientProtocolClient.java:onNext(254)) - client-AC7A151ED13D->26129bf1-b4f2-40d3-a939-935ce4d55851: receive RaftClientReply:client-AC7A151ED13D->26129bf1-b4f2-40d3-a939-935ce4d55851@group-4B264B6E65DA, cid=103, FAILED org.apache.ratis.protocol.NotLeaderException: Server 26129bf1-b4f2-40d3-a939-935ce4d55851 is not the leader (a2ab53ed-d387-47d9-b912-f37c336f0f6d:192.168.105.183:35067). Request must be sent to leader., logIndex=0, commits[26129bf1-b4f2-40d3-a939-935ce4d55851:c2, 808667aa-de5f-452e-a41f-5212f0378554:c2, a2ab53ed-d387-47d9-b912-f37c336f0f6d:c2]
]]></system-out>
    <system-err><![CDATA[Jun 14, 2019 12:34:03 PM com.sun.jersey.server.impl.application.WebApplicationImpl _initiate
INFO: Initiating Jersey application, version 'Jersey: 1.19 02/11/2015 03:25 AM'
Jun 14, 2019 12:34:03 PM com.sun.jersey.server.impl.application.WebApplicationImpl _initiate
INFO: Initiating Jersey application, version 'Jersey: 1.19 02/11/2015 03:25 AM'
Jun 14, 2019 12:34:04 PM com.sun.jersey.server.impl.application.WebApplicationImpl _initiate
INFO: Initiating Jersey application, version 'Jersey: 1.19 02/11/2015 03:25 AM'
Jun 14, 2019 12:34:04 PM com.sun.jersey.server.impl.application.WebApplicationImpl _initiate
INFO: Initiating Jersey application, version 'Jersey: 1.19 02/11/2015 03:25 AM'
Jun 14, 2019 12:34:04 PM com.sun.jersey.server.impl.application.WebApplicationImpl _initiate
INFO: Initiating Jersey application, version 'Jersey: 1.19 02/11/2015 03:25 AM'
Jun 14, 2019 12:34:04 PM com.sun.jersey.server.impl.application.WebApplicationImpl _initiate
INFO: Initiating Jersey application, version 'Jersey: 1.19 02/11/2015 03:25 AM'
Jun 14, 2019 12:34:04 PM com.sun.jersey.server.impl.application.WebApplicationImpl _initiate
INFO: Initiating Jersey application, version 'Jersey: 1.19 02/11/2015 03:25 AM'
Jun 14, 2019 12:34:07 PM org.apache.ratis.thirdparty.io.grpc.internal.ManagedChannelOrphanWrapper$ManagedChannelReference cleanQueue
SEVERE: *~*~*~ Channel ManagedChannelImpl{logId=1733, target=192.168.105.183:34193} was not shutdown properly!!! ~*~*~*
    Make sure to call shutdown()/shutdownNow() and wait until awaitTermination() returns true.
java.lang.RuntimeException: ManagedChannel allocation site
	at org.apache.ratis.thirdparty.io.grpc.internal.ManagedChannelOrphanWrapper$ManagedChannelReference.<init>(ManagedChannelOrphanWrapper.java:103)
	at org.apache.ratis.thirdparty.io.grpc.internal.ManagedChannelOrphanWrapper.<init>(ManagedChannelOrphanWrapper.java:53)
	at org.apache.ratis.thirdparty.io.grpc.internal.ManagedChannelOrphanWrapper.<init>(ManagedChannelOrphanWrapper.java:44)
	at org.apache.ratis.thirdparty.io.grpc.internal.AbstractManagedChannelImplBuilder.build(AbstractManagedChannelImplBuilder.java:411)
	at org.apache.ratis.grpc.client.GrpcClientProtocolClient.<init>(GrpcClientProtocolClient.java:118)
	at org.apache.ratis.grpc.client.GrpcClientRpc.lambda$new$0(GrpcClientRpc.java:55)
	at org.apache.ratis.util.PeerProxyMap$PeerAndProxy.lambda$getProxy$0(PeerProxyMap.java:61)
	at org.apache.ratis.util.LifeCycle.startAndTransition(LifeCycle.java:202)
	at org.apache.ratis.util.PeerProxyMap$PeerAndProxy.getProxy(PeerProxyMap.java:60)
	at org.apache.ratis.util.PeerProxyMap.getProxy(PeerProxyMap.java:107)
	at org.apache.ratis.grpc.client.GrpcClientRpc.sendRequest(GrpcClientRpc.java:91)
	at org.apache.ratis.client.impl.RaftClientImpl.sendRequest(RaftClientImpl.java:401)
	at org.apache.ratis.client.impl.RaftClientImpl.groupRemove(RaftClientImpl.java:280)
	at org.apache.hadoop.hdds.scm.pipeline.RatisPipelineUtils.destroyPipeline(RatisPipelineUtils.java:97)
	at org.apache.hadoop.hdds.scm.pipeline.RatisPipelineUtils.destroyPipeline(RatisPipelineUtils.java:64)
	at org.apache.hadoop.hdds.scm.pipeline.SCMPipelineManager.destroyPipeline(SCMPipelineManager.java:378)
	at org.apache.hadoop.hdds.scm.pipeline.SCMPipelineManager.finalizeAndDestroyPipeline(SCMPipelineManager.java:318)
	at org.apache.hadoop.ozone.container.ContainerTestHelper.waitForPipelineClose(ContainerTestHelper.java:799)
	at org.apache.hadoop.ozone.client.rpc.TestWatchForCommit.testWatchForCommitForGroupMismatchException(TestWatchForCommit.java:478)
	at sun.reflect.NativeMethodAccessorImpl.invoke0(Native Method)
	at sun.reflect.NativeMethodAccessorImpl.invoke(NativeMethodAccessorImpl.java:62)
	at sun.reflect.DelegatingMethodAccessorImpl.invoke(DelegatingMethodAccessorImpl.java:43)
	at java.lang.reflect.Method.invoke(Method.java:498)
	at org.junit.runners.model.FrameworkMethod$1.runReflectiveCall(FrameworkMethod.java:47)
	at org.junit.internal.runners.model.ReflectiveCallable.run(ReflectiveCallable.java:12)
	at org.junit.runners.model.FrameworkMethod.invokeExplosively(FrameworkMethod.java:44)
	at org.junit.internal.runners.statements.InvokeMethod.evaluate(InvokeMethod.java:17)
	at org.junit.runners.ParentRunner.runLeaf(ParentRunner.java:271)
	at org.junit.runners.BlockJUnit4ClassRunner.runChild(BlockJUnit4ClassRunner.java:70)
	at org.junit.runners.BlockJUnit4ClassRunner.runChild(BlockJUnit4ClassRunner.java:50)
	at org.junit.runners.ParentRunner$3.run(ParentRunner.java:238)
	at org.junit.runners.ParentRunner$1.schedule(ParentRunner.java:63)
	at org.junit.runners.ParentRunner.runChildren(ParentRunner.java:236)
	at org.junit.runners.ParentRunner.access$000(ParentRunner.java:53)
	at org.junit.runners.ParentRunner$2.evaluate(ParentRunner.java:229)
	at org.junit.runners.ParentRunner.run(ParentRunner.java:309)
	at org.apache.maven.surefire.junit4.JUnit4Provider.execute(JUnit4Provider.java:365)
	at org.apache.maven.surefire.junit4.JUnit4Provider.executeWithRerun(JUnit4Provider.java:273)
	at org.apache.maven.surefire.junit4.JUnit4Provider.executeTestSet(JUnit4Provider.java:238)
	at org.apache.maven.surefire.junit4.JUnit4Provider.invoke(JUnit4Provider.java:159)
	at org.apache.maven.surefire.booter.ForkedBooter.invokeProviderInSameClassLoader(ForkedBooter.java:384)
	at org.apache.maven.surefire.booter.ForkedBooter.runSuitesInProcess(ForkedBooter.java:345)
	at org.apache.maven.surefire.booter.ForkedBooter.execute(ForkedBooter.java:126)
	at org.apache.maven.surefire.booter.ForkedBooter.main(ForkedBooter.java:418)

Jun 14, 2019 12:34:07 PM org.apache.ratis.thirdparty.io.grpc.internal.ManagedChannelOrphanWrapper$ManagedChannelReference cleanQueue
SEVERE: *~*~*~ Channel ManagedChannelImpl{logId=1728, target=192.168.105.183:34247} was not shutdown properly!!! ~*~*~*
    Make sure to call shutdown()/shutdownNow() and wait until awaitTermination() returns true.
java.lang.RuntimeException: ManagedChannel allocation site
	at org.apache.ratis.thirdparty.io.grpc.internal.ManagedChannelOrphanWrapper$ManagedChannelReference.<init>(ManagedChannelOrphanWrapper.java:103)
	at org.apache.ratis.thirdparty.io.grpc.internal.ManagedChannelOrphanWrapper.<init>(ManagedChannelOrphanWrapper.java:53)
	at org.apache.ratis.thirdparty.io.grpc.internal.ManagedChannelOrphanWrapper.<init>(ManagedChannelOrphanWrapper.java:44)
	at org.apache.ratis.thirdparty.io.grpc.internal.AbstractManagedChannelImplBuilder.build(AbstractManagedChannelImplBuilder.java:411)
	at org.apache.ratis.grpc.client.GrpcClientProtocolClient.<init>(GrpcClientProtocolClient.java:118)
	at org.apache.ratis.grpc.client.GrpcClientRpc.lambda$new$0(GrpcClientRpc.java:55)
	at org.apache.ratis.util.PeerProxyMap$PeerAndProxy.lambda$getProxy$0(PeerProxyMap.java:61)
	at org.apache.ratis.util.LifeCycle.startAndTransition(LifeCycle.java:202)
	at org.apache.ratis.util.PeerProxyMap$PeerAndProxy.getProxy(PeerProxyMap.java:60)
	at org.apache.ratis.util.PeerProxyMap.getProxy(PeerProxyMap.java:107)
	at org.apache.ratis.grpc.client.GrpcClientRpc.sendRequestAsync(GrpcClientRpc.java:66)
	at org.apache.ratis.client.impl.RaftClientImpl.sendRequestAsync(RaftClientImpl.java:351)
	at org.apache.ratis.client.impl.RaftClientImpl.sendRequestWithRetryAsync(RaftClientImpl.java:313)
	at org.apache.ratis.util.SlidingWindow$Client.sendOrDelayRequest(SlidingWindow.java:251)
	at org.apache.ratis.util.SlidingWindow$Client.retry(SlidingWindow.java:267)
	at org.apache.ratis.client.impl.RaftClientImpl.lambda$null$10(RaftClientImpl.java:320)
	at org.apache.ratis.util.TimeoutScheduler.lambda$onTimeout$0(TimeoutScheduler.java:85)
	at org.apache.ratis.util.TimeoutScheduler.lambda$onTimeout$1(TimeoutScheduler.java:104)
	at org.apache.ratis.util.LogUtils.runAndLog(LogUtils.java:50)
	at org.apache.ratis.util.LogUtils$1.run(LogUtils.java:91)
	at java.util.concurrent.Executors$RunnableAdapter.call(Executors.java:511)
	at java.util.concurrent.FutureTask.run(FutureTask.java:266)
	at java.util.concurrent.ScheduledThreadPoolExecutor$ScheduledFutureTask.access$201(ScheduledThreadPoolExecutor.java:180)
	at java.util.concurrent.ScheduledThreadPoolExecutor$ScheduledFutureTask.run(ScheduledThreadPoolExecutor.java:293)
	at java.util.concurrent.ThreadPoolExecutor.runWorker(ThreadPoolExecutor.java:1149)
	at java.util.concurrent.ThreadPoolExecutor$Worker.run(ThreadPoolExecutor.java:624)
	at java.lang.Thread.run(Thread.java:748)

Jun 14, 2019 12:34:07 PM org.apache.ratis.thirdparty.io.grpc.internal.ManagedChannelOrphanWrapper$ManagedChannelReference cleanQueue
SEVERE: *~*~*~ Channel ManagedChannelImpl{logId=1743, target=192.168.105.183:38761} was not shutdown properly!!! ~*~*~*
    Make sure to call shutdown()/shutdownNow() and wait until awaitTermination() returns true.
java.lang.RuntimeException: ManagedChannel allocation site
	at org.apache.ratis.thirdparty.io.grpc.internal.ManagedChannelOrphanWrapper$ManagedChannelReference.<init>(ManagedChannelOrphanWrapper.java:103)
	at org.apache.ratis.thirdparty.io.grpc.internal.ManagedChannelOrphanWrapper.<init>(ManagedChannelOrphanWrapper.java:53)
	at org.apache.ratis.thirdparty.io.grpc.internal.ManagedChannelOrphanWrapper.<init>(ManagedChannelOrphanWrapper.java:44)
	at org.apache.ratis.thirdparty.io.grpc.internal.AbstractManagedChannelImplBuilder.build(AbstractManagedChannelImplBuilder.java:411)
	at org.apache.ratis.grpc.client.GrpcClientProtocolClient.<init>(GrpcClientProtocolClient.java:118)
	at org.apache.ratis.grpc.client.GrpcClientRpc.lambda$new$0(GrpcClientRpc.java:55)
	at org.apache.ratis.util.PeerProxyMap$PeerAndProxy.lambda$getProxy$0(PeerProxyMap.java:61)
	at org.apache.ratis.util.LifeCycle.startAndTransition(LifeCycle.java:202)
	at org.apache.ratis.util.PeerProxyMap$PeerAndProxy.getProxy(PeerProxyMap.java:60)
	at org.apache.ratis.util.PeerProxyMap.getProxy(PeerProxyMap.java:107)
	at org.apache.ratis.grpc.client.GrpcClientRpc.sendRequest(GrpcClientRpc.java:91)
	at org.apache.ratis.client.impl.RaftClientImpl.sendRequest(RaftClientImpl.java:401)
	at org.apache.ratis.client.impl.RaftClientImpl.groupRemove(RaftClientImpl.java:280)
	at org.apache.hadoop.hdds.scm.pipeline.RatisPipelineUtils.destroyPipeline(RatisPipelineUtils.java:97)
	at org.apache.hadoop.hdds.scm.pipeline.RatisPipelineUtils.destroyPipeline(RatisPipelineUtils.java:64)
	at org.apache.hadoop.hdds.scm.pipeline.SCMPipelineManager.destroyPipeline(SCMPipelineManager.java:378)
	at org.apache.hadoop.hdds.scm.pipeline.SCMPipelineManager.finalizeAndDestroyPipeline(SCMPipelineManager.java:318)
	at org.apache.hadoop.ozone.container.ContainerTestHelper.waitForPipelineClose(ContainerTestHelper.java:799)
	at org.apache.hadoop.ozone.client.rpc.TestWatchForCommit.testWatchForCommitForGroupMismatchException(TestWatchForCommit.java:478)
	at sun.reflect.NativeMethodAccessorImpl.invoke0(Native Method)
	at sun.reflect.NativeMethodAccessorImpl.invoke(NativeMethodAccessorImpl.java:62)
	at sun.reflect.DelegatingMethodAccessorImpl.invoke(DelegatingMethodAccessorImpl.java:43)
	at java.lang.reflect.Method.invoke(Method.java:498)
	at org.junit.runners.model.FrameworkMethod$1.runReflectiveCall(FrameworkMethod.java:47)
	at org.junit.internal.runners.model.ReflectiveCallable.run(ReflectiveCallable.java:12)
	at org.junit.runners.model.FrameworkMethod.invokeExplosively(FrameworkMethod.java:44)
	at org.junit.internal.runners.statements.InvokeMethod.evaluate(InvokeMethod.java:17)
	at org.junit.runners.ParentRunner.runLeaf(ParentRunner.java:271)
	at org.junit.runners.BlockJUnit4ClassRunner.runChild(BlockJUnit4ClassRunner.java:70)
	at org.junit.runners.BlockJUnit4ClassRunner.runChild(BlockJUnit4ClassRunner.java:50)
	at org.junit.runners.ParentRunner$3.run(ParentRunner.java:238)
	at org.junit.runners.ParentRunner$1.schedule(ParentRunner.java:63)
	at org.junit.runners.ParentRunner.runChildren(ParentRunner.java:236)
	at org.junit.runners.ParentRunner.access$000(ParentRunner.java:53)
	at org.junit.runners.ParentRunner$2.evaluate(ParentRunner.java:229)
	at org.junit.runners.ParentRunner.run(ParentRunner.java:309)
	at org.apache.maven.surefire.junit4.JUnit4Provider.execute(JUnit4Provider.java:365)
	at org.apache.maven.surefire.junit4.JUnit4Provider.executeWithRerun(JUnit4Provider.java:273)
	at org.apache.maven.surefire.junit4.JUnit4Provider.executeTestSet(JUnit4Provider.java:238)
	at org.apache.maven.surefire.junit4.JUnit4Provider.invoke(JUnit4Provider.java:159)
	at org.apache.maven.surefire.booter.ForkedBooter.invokeProviderInSameClassLoader(ForkedBooter.java:384)
	at org.apache.maven.surefire.booter.ForkedBooter.runSuitesInProcess(ForkedBooter.java:345)
	at org.apache.maven.surefire.booter.ForkedBooter.execute(ForkedBooter.java:126)
	at org.apache.maven.surefire.booter.ForkedBooter.main(ForkedBooter.java:418)

Jun 14, 2019 12:34:07 PM org.apache.ratis.thirdparty.io.grpc.internal.ManagedChannelOrphanWrapper$ManagedChannelReference cleanQueue
SEVERE: *~*~*~ Channel ManagedChannelImpl{logId=1738, target=192.168.105.183:34247} was not shutdown properly!!! ~*~*~*
    Make sure to call shutdown()/shutdownNow() and wait until awaitTermination() returns true.
java.lang.RuntimeException: ManagedChannel allocation site
	at org.apache.ratis.thirdparty.io.grpc.internal.ManagedChannelOrphanWrapper$ManagedChannelReference.<init>(ManagedChannelOrphanWrapper.java:103)
	at org.apache.ratis.thirdparty.io.grpc.internal.ManagedChannelOrphanWrapper.<init>(ManagedChannelOrphanWrapper.java:53)
	at org.apache.ratis.thirdparty.io.grpc.internal.ManagedChannelOrphanWrapper.<init>(ManagedChannelOrphanWrapper.java:44)
	at org.apache.ratis.thirdparty.io.grpc.internal.AbstractManagedChannelImplBuilder.build(AbstractManagedChannelImplBuilder.java:411)
	at org.apache.ratis.grpc.client.GrpcClientProtocolClient.<init>(GrpcClientProtocolClient.java:118)
	at org.apache.ratis.grpc.client.GrpcClientRpc.lambda$new$0(GrpcClientRpc.java:55)
	at org.apache.ratis.util.PeerProxyMap$PeerAndProxy.lambda$getProxy$0(PeerProxyMap.java:61)
	at org.apache.ratis.util.LifeCycle.startAndTransition(LifeCycle.java:202)
	at org.apache.ratis.util.PeerProxyMap$PeerAndProxy.getProxy(PeerProxyMap.java:60)
	at org.apache.ratis.util.PeerProxyMap.getProxy(PeerProxyMap.java:107)
	at org.apache.ratis.grpc.client.GrpcClientRpc.sendRequest(GrpcClientRpc.java:91)
	at org.apache.ratis.client.impl.RaftClientImpl.sendRequest(RaftClientImpl.java:401)
	at org.apache.ratis.client.impl.RaftClientImpl.groupRemove(RaftClientImpl.java:280)
	at org.apache.hadoop.hdds.scm.pipeline.RatisPipelineUtils.destroyPipeline(RatisPipelineUtils.java:97)
	at org.apache.hadoop.hdds.scm.pipeline.RatisPipelineUtils.destroyPipeline(RatisPipelineUtils.java:64)
	at org.apache.hadoop.hdds.scm.pipeline.SCMPipelineManager.destroyPipeline(SCMPipelineManager.java:378)
	at org.apache.hadoop.hdds.scm.pipeline.SCMPipelineManager.finalizeAndDestroyPipeline(SCMPipelineManager.java:318)
	at org.apache.hadoop.ozone.container.ContainerTestHelper.waitForPipelineClose(ContainerTestHelper.java:799)
	at org.apache.hadoop.ozone.client.rpc.TestWatchForCommit.testWatchForCommitForGroupMismatchException(TestWatchForCommit.java:478)
	at sun.reflect.NativeMethodAccessorImpl.invoke0(Native Method)
	at sun.reflect.NativeMethodAccessorImpl.invoke(NativeMethodAccessorImpl.java:62)
	at sun.reflect.DelegatingMethodAccessorImpl.invoke(DelegatingMethodAccessorImpl.java:43)
	at java.lang.reflect.Method.invoke(Method.java:498)
	at org.junit.runners.model.FrameworkMethod$1.runReflectiveCall(FrameworkMethod.java:47)
	at org.junit.internal.runners.model.ReflectiveCallable.run(ReflectiveCallable.java:12)
	at org.junit.runners.model.FrameworkMethod.invokeExplosively(FrameworkMethod.java:44)
	at org.junit.internal.runners.statements.InvokeMethod.evaluate(InvokeMethod.java:17)
	at org.junit.runners.ParentRunner.runLeaf(ParentRunner.java:271)
	at org.junit.runners.BlockJUnit4ClassRunner.runChild(BlockJUnit4ClassRunner.java:70)
	at org.junit.runners.BlockJUnit4ClassRunner.runChild(BlockJUnit4ClassRunner.java:50)
	at org.junit.runners.ParentRunner$3.run(ParentRunner.java:238)
	at org.junit.runners.ParentRunner$1.schedule(ParentRunner.java:63)
	at org.junit.runners.ParentRunner.runChildren(ParentRunner.java:236)
	at org.junit.runners.ParentRunner.access$000(ParentRunner.java:53)
	at org.junit.runners.ParentRunner$2.evaluate(ParentRunner.java:229)
	at org.junit.runners.ParentRunner.run(ParentRunner.java:309)
	at org.apache.maven.surefire.junit4.JUnit4Provider.execute(JUnit4Provider.java:365)
	at org.apache.maven.surefire.junit4.JUnit4Provider.executeWithRerun(JUnit4Provider.java:273)
	at org.apache.maven.surefire.junit4.JUnit4Provider.executeTestSet(JUnit4Provider.java:238)
	at org.apache.maven.surefire.junit4.JUnit4Provider.invoke(JUnit4Provider.java:159)
	at org.apache.maven.surefire.booter.ForkedBooter.invokeProviderInSameClassLoader(ForkedBooter.java:384)
	at org.apache.maven.surefire.booter.ForkedBooter.runSuitesInProcess(ForkedBooter.java:345)
	at org.apache.maven.surefire.booter.ForkedBooter.execute(ForkedBooter.java:126)
	at org.apache.maven.surefire.booter.ForkedBooter.main(ForkedBooter.java:418)

]]></system-err>
  </testcase>
  <testcase name="test2WayCommitForRetryfailure" classname="org.apache.hadoop.ozone.client.rpc.TestWatchForCommit" time="34.2"/>
</testsuite>